TRXV5
3
4
4
9
string Extension=J
integer IsArchMeasurement=1
integer IsSpherical=1
string Generator=SPM
string GeneratorVersion=1.3.1 Dev
double ArchRadius=0.449999988079071
integer FrequencyAxisIndex=0
integer AzimuthAxisIndex=1
integer ElevationAxisIndex=2
Frequency
5 136 690000000 960000000 LIN
Azimuth
7 8 0 2.74889357189107 LIN
Elevation
7 15 -2.74889357189107 2.74889357189107 LIN
Polar H Real Part
13
Polar H Imaginary Part
14
Polar V Real Part
13
Polar V Imaginary Part
14
Polar H Magnitude (dB)
12 0xC0000002 0 1
Polar H Phase
7 0xC0000003 0 1
Polar V Magnitude (dB)
12 0xC0000002 2 3
Polar V Phase
7 0xC0000003 2 3
0.0556869506835938 -0.017181396484375 -0.118247985839844 -0.108367919921875
0.0401535034179687 -0.0485382080078125 -0.00994873046875001 -0.335113525390625
-0.0306930541992187 -0.0537261962890625 -0.2462158203125 -0.4827880859375
-0.0545806884765625 -0.0179367065429688 -0.426727294921875 -0.187774658203125
-0.0332069396972656 0.00958824157714843 -0.33978271484375 0.09918212890625
-0.0261707305908203 0.0205821990966797 -0.13116455078125 0.227890014648437
-0.0170440673828125 0.0228919982910156 0.0606536865234375 0.1583251953125
-0.0135383605957031 0.0186805725097656 0.157073974609375 0.030487060546875
-0.0132312774658203 0.0278530120849609 0.218734741210938 -0.0640106201171875
-0.0204105377197266 0.0284175872802734 0.291473388671875 -0.0413818359375
-0.0290584564208984 0.0130672454833984 0.35406494140625 0.0401611328125
-0.0227832794189453 0.00152015686035156 0.325164794921875 0.2044677734375
-0.00853538513183594 -0.0164222717285156 0.162567138671875 0.419677734375
0.0105142593383789 -0.00632858276367188 -0.013702392578125 0.38507080078125
0.0225925445556641 0.00115776062011719 -0.111763000488281 0.129859924316406
0.133026123046875 -0.0769500732421875 0.00196456909179689 -0.0567169189453125
0.0782089233398438 -0.133499145507813 0.100982666015625 -0.415283203125
-0.0557708740234375 -0.122154235839844 -0.196136474609375 -0.48419189453125
-0.115470886230469 -0.0251922607421875 -0.4044189453125 -0.227935791015625
-0.0763168334960938 0.0460433959960938 -0.32183837890625 0.061126708984375
-0.0203857421875 0.083221435546875 -0.129852294921875 0.203231811523437
0.0234527587890625 0.0618820190429687 0.056915283203125 0.139877319335938
0.0266532897949219 0.0408973693847656 0.151901245117188 0.0152587890625
0.0339241027832031 0.0506248474121094 0.21551513671875 -0.0808563232421875
0.024566650390625 0.0709381103515625 0.287567138671875 -0.066986083984375
-0.00917816162109375 0.0703506469726563 0.350006103515625 -0.000549316406249996
-0.0427665710449219 0.0625534057617187 0.34381103515625 0.162567138671875
-0.0780868530273438 -0.00593566894531249 0.2059326171875 0.39312744140625
-0.0341300964355469 -0.0629348754882813 0.020294189453125 0.370208740234375
0.03594970703125 -0.0739974975585937 -0.101020812988281 0.123130798339844
0.181625366210938 -0.126861572265625 0.0416488647460938 -0.0653152465820313
0.0912933349609375 -0.205581665039063 0.12640380859375 -0.409149169921875
-0.0951690673828125 -0.1661376953125 -0.161895751953125 -0.481719970703125
-0.1666259765625 -0.0164794921875 -0.3521728515625 -0.2401123046875
-0.0987701416015625 0.085968017578125 -0.290924072265625 0.02099609375
-0.00087738037109375 0.131538391113281 -0.1275634765625 0.16009521484375
0.0633773803710938 0.0870513916015625 0.037750244140625 0.108169555664063
0.0633506774902344 0.05462646484375 0.127388000488281 -0.002960205078125
0.0781402587890625 0.0706100463867187 0.192489624023438 -0.095123291015625
0.066375732421875 0.10565185546875 0.267364501953125 -0.0892333984375
0.00835418701171874 0.118568420410156 0.339569091796875 -0.033966064453125
-0.061492919921875 0.113128662109375 0.3533935546875 0.124969482421875
-0.136054992675781 -0.00334167480468747 0.234100341796875 0.369781494140625
-0.0655975341796875 -0.115997314453125 0.032684326171875 0.35125732421875
0.0510101318359375 -0.139595031738281 -0.0855178833007813 0.100395202636719
0.18902587890625 -0.16864013671875 0.081268310546875 -0.0812454223632813
0.0582427978515625 -0.248382568359375 0.0521240234375 -0.39923095703125
-0.12628173828125 -0.17010498046875 -0.17138671875 -0.395111083984375
-0.174331665039063 -0.0279388427734375 -0.31097412109375 -0.18499755859375
-0.120323181152344 0.0606536865234375 -0.24560546875 0.024627685546875
-0.049224853515625 0.14434814453125 -0.123374938964844 0.132942199707031
0.031341552734375 0.135147094726563 -0.00354766845703126 0.0845489501953125
0.0399246215820313 0.103759765625 0.0482254028320313 -0.0150222778320312
0.049224853515625 0.121337890625 0.0810089111328125 -0.10699462890625
0.0162353515625 0.14190673828125 0.141082763671875 -0.145538330078125
-0.04559326171875 0.126106262207031 0.235519409179688 -0.145614624023438
-0.108169555664063 0.0885086059570313 0.33447265625 -0.02490234375
-0.154052734375 -0.0498809814453125 0.335784912109375 0.249114990234375
-0.055267333984375 -0.171920776367188 0.158355712890625 0.335479736328125
0.07220458984375 -0.193222045898438 0.012847900390625 0.221786499023438
0.152374267578125 -0.158493041992188 0.037353515625 -0.260513305664063
0.05072021484375 -0.201187133789062 0.026153564453125 -0.4345703125
-0.104286193847656 -0.126792907714844 -0.213836669921875 -0.364654541015625
-0.142593383789063 -0.0106964111328125 -0.295867919921875 -0.159576416015625
-0.0930328369140625 0.0693435668945313 -0.22064208984375 0.00833129882812498
-0.0261688232421875 0.135749816894531 -0.119987487792969 0.0923233032226563
0.0351943969726563 0.121742248535156 -0.029388427734375 0.0402908325195313
0.0390853881835938 0.0966262817382813 0.0137596130371094 -0.0558433532714844
0.0458450317382813 0.118331909179688 0.0523529052734375 -0.145645141601562
0.00902557373046876 0.136787414550781 0.131698608398438 -0.1845703125
-0.059051513671875 0.116401672363281 0.247177124023438 -0.17169189453125
-0.11981201171875 0.0675201416015625 0.35125732421875 -0.024322509765625
-0.139923095703125 -0.0814208984375 0.32733154296875 0.260406494140625
-0.02008056640625 -0.189651489257813 0.13726806640625 0.30859375
0.106735229492188 -0.191146850585938 0.0420989990234375 0.16973876953125
0.100852966308594 -0.139564514160156 0.051025390625 -0.31707763671875
0.00636291503906249 -0.161224365234375 -0.015045166015625 -0.453704833984375
-0.106086730957031 -0.0726318359375 -0.24072265625 -0.33551025390625
-0.104873657226563 0.022186279296875 -0.28656005859375 -0.139312744140625
-0.0504798889160156 0.0680427551269531 -0.209884643554688 -0.000717163085937473
0.00334930419921875 0.107475280761719 -0.128028869628906 0.0601425170898438
0.0404281616210938 0.0900344848632813 -0.0577545166015625 0.00775146484375001
0.0402984619140625 0.0727157592773438 -0.0189895629882812 -0.0877685546875
0.0425186157226563 0.095703125 0.0322265625 -0.1787109375
0.00536346435546875 0.11077880859375 0.135635375976563 -0.215728759765625
-0.0579833984375 0.0898513793945313 0.272537231445313 -0.1795654296875
-0.106819152832031 0.0362701416015625 0.369415283203125 -0.001708984375
-0.0976638793945313 -0.0981903076171875 0.30865478515625 0.283355712890625
0.02337646484375 -0.173797607421875 0.121490478515625 0.2847900390625
0.127288818359375 -0.155014038085938 0.08349609375 0.126319885253906
0.050079345703125 -0.0906753540039063 0.050445556640625 -0.35748291015625
-0.0124435424804687 -0.0953445434570313 -0.06060791015625 -0.46026611328125
-0.0789108276367187 -0.0213088989257813 -0.275360107421875 -0.30645751953125
-0.0506172180175781 0.0347175598144531 -0.295257568359375 -0.11578369140625
-0.00762176513671875 0.0450286865234375 -0.2181396484375 0.00517272949218751
0.0224990844726562 0.0590667724609375 -0.14556884765625 0.0510101318359375
0.0346908569335938 0.0448951721191406 -0.0851898193359375 -0.00440216064453126
0.0354766845703125 0.0350494384765625 -0.0439529418945312 -0.10498046875
0.0398101806640625 0.0535202026367188 0.0214691162109375 -0.201019287109375
0.0129737854003906 0.0677680969238281 0.151565551757812 -0.23150634765625
-0.0351943969726563 0.0564918518066406 0.3055419921875 -0.166015625
-0.0664443969726562 0.0146560668945313 0.38861083984375 0.041961669921875
-0.0465240478515625 -0.0794601440429688 0.28741455078125 0.3216552734375
0.0497207641601562 -0.119888305664063 0.11065673828125 0.282989501953125
0.117835998535156 -0.0942001342773438 0.124603271484375 0.106178283691406
0.0129661560058594 -0.0230617523193359 0.0277099609375 -0.37408447265625
-0.00201797485351562 -0.0279808044433594 -0.11370849609375 -0.445343017578125
-0.0318756103515625 0.00786018371582031 -0.30810546875 -0.264190673828125
-0.00103759765625 0.0225811004638672 -0.3040771484375 -0.0807800292968751
0.0197410583496094 0.00899314880371094 -0.225479125976563 0.0238037109375
0.0239830017089844 0.00551223754882812 -0.158920288085937 0.0563507080078125
0.0193881988525391 -0.000629425048828125 -0.103874206542969 -0.00233459472656248
0.0263195037841797 -0.00567436218261719 -0.0618743896484375 -0.106971740722656
0.0363883972167969 0.00403594970703125 0.013702392578125 -0.206588745117187
0.031524658203125 0.0213356018066406 0.165130615234375 -0.22882080078125
0.00475883483886719 0.0299720764160156 0.326751708984375 -0.1361083984375
-0.0139646530151367 0.0169486999511719 0.389923095703125 0.0911865234375
-0.0139064788818359 -0.0281772613525391 0.254669189453125 0.35980224609375
0.0334815979003906 -0.0474281311035156 0.09759521484375 0.293365478515625
0.0689735412597656 -0.0314674377441406 0.156448364257813 0.105789184570313
0.0565376281738281 -0.0215873718261719 -0.131790161132812 -0.0973434448242188
0.0376014709472656 -0.0529747009277344 -0.03228759765625 -0.3341064453125
-0.0359115600585938 -0.0526618957519531 -0.285919189453125 -0.470428466796875
-0.0575408935546875 -0.0146369934082031 -0.43304443359375 -0.150634765625
-0.0322780609130859 0.0124530792236328 -0.335601806640625 0.1287841796875
-0.0236053466796875 0.023712158203125 -0.111312866210938 0.243911743164063
-0.0160083770751953 0.0255146026611328 0.0770111083984375 0.154708862304688
-0.0142040252685547 0.0192508697509766 0.162200927734375 0.0153656005859375
-0.0123443603515625 0.0281581878662109 0.214889526367188 -0.08319091796875
-0.0191020965576172 0.03106689453125 0.289031982421875 -0.065673828125
-0.0295600891113281 0.0157947540283203 0.36083984375 0.009246826171875
-0.0230865478515625 0.00265693664550782 0.34783935546875 0.18035888671875
-0.00917911529541015 -0.0173501968383789 0.20135498046875 0.415283203125
0.0116901397705078 -0.00811576843261719 0.016143798828125 0.39404296875
0.0224685668945313 -0.00254058837890625 -0.105545043945312 0.143463134765625
0.127532958984375 -0.0887222290039063 -0.00278091430664061 -0.0585746765136719
0.0679473876953125 -0.14105224609375 0.072052001953125 -0.43096923828125
-0.0665283203125 -0.1207275390625 -0.233856201171875 -0.476837158203125
-0.119728088378906 -0.0170364379882812 -0.42364501953125 -0.199554443359375
-0.073150634765625 0.0531234741210938 -0.318511962890625 0.0886535644531249
-0.0122833251953125 0.086151123046875 -0.11163330078125 0.218170166015625
0.0283203125 0.0609321594238281 0.0723342895507813 0.136383056640625
0.0279579162597656 0.0391807556152344 0.157196044921875 0.000701904296875002
0.0380096435546875 0.0465431213378906 0.210189819335938 -0.10107421875
0.0307044982910156 0.0697784423828125 0.282958984375 -0.091400146484375
-0.00677490234375 0.0748825073242188 0.354644775390625 -0.030609130859375
-0.0382080078125 0.0664405822753906 0.362518310546875 0.134613037109375
-0.078887939453125 -0.00054931640624999 0.243011474609375 0.38421630859375
-0.0382423400878906 -0.0624504089355469 0.04925537109375 0.377685546875
0.0303802490234375 -0.0802001953125 -0.09515380859375 0.135704040527344
0.174057006835938 -0.142608642578125 0.0377349853515625 -0.0707015991210938
0.0740814208984375 -0.215255737304687 0.09771728515625 -0.42474365234375
-0.110183715820313 -0.162582397460937 -0.200927734375 -0.47607421875
-0.17095947265625 -0.00411987304687503 -0.374267578125 -0.214996337890625
-0.092559814453125 0.095672607421875 -0.289886474609375 0.045745849609375
0.0112533569335938 0.133232116699219 -0.111740112304688 0.174224853515625
0.071014404296875 0.083099365234375 0.0496292114257813 0.105682373046875
0.0667572021484375 0.0492324829101563 0.130378723144531 -0.0160293579101562
0.0848464965820313 0.06256103515625 0.18670654296875 -0.113662719726563
0.0767745971679688 0.101425170898438 0.261886596679688 -0.111968994140625
0.017120361328125 0.120391845703125 0.342010498046875 -0.06402587890625
-0.052642822265625 0.119216918945313 0.3695068359375 0.096588134765625
-0.1378173828125 0.00680541992187502 0.26983642578125 0.357086181640625
-0.07562255859375 -0.113479614257812 0.060516357421875 0.356689453125
0.0407867431640625 -0.14886474609375 -0.0807342529296875 0.111923217773438
0.17718505859375 -0.186660766601563 0.0752487182617188 -0.089447021484375
0.037933349609375 -0.256805419921875 0.024261474609375 -0.402587890625
-0.1424560546875 -0.1640625 -0.19769287109375 -0.384521484375
-0.181655883789063 -0.01678466796875 -0.32257080078125 -0.163116455078125
-0.121627807617188 0.0722198486328125 -0.239486694335937 0.04461669921875
-0.03802490234375 0.15472412109375 -0.107925415039062 0.145263671875
0.0451126098632813 0.138542175292969 0.00603485107421876 0.0853424072265625
0.050018310546875 0.105796813964844 0.0479812622070313 -0.0173416137695312
0.06060791015625 0.122703552246094 0.0719528198242188 -0.110649108886719
0.0280914306640625 0.14727783203125 0.126052856445313 -0.152175903320312
-0.0391921997070312 0.134849548339844 0.220596313476563 -0.162551879882813
-0.106513977050781 0.0990219116210938 0.328948974609375 -0.052001953125
-0.160385131835938 -0.0399932861328125 0.356292724609375 0.221771240234375
-0.0708770751953125 -0.173309326171875 0.188140869140625 0.326080322265625
0.05670166015625 -0.205108642578125 0.0354156494140625 0.22760009765625
0.144271850585938 -0.17315673828125 0.011444091796875 -0.266708374023438
0.037078857421875 -0.210784912109375 -0.00799560546874996 -0.4364013671875
-0.115158081054687 -0.124595642089844 -0.23858642578125 -0.344512939453125
-0.149856567382813 -0.00338745117187499 -0.30419921875 -0.138153076171875
-0.0942916870117187 0.0786285400390625 -0.214401245117188 0.025390625
-0.0174407958984375 0.14459228515625 -0.1068115234375 0.101524353027344
0.0473861694335938 0.125617980957031 -0.0236434936523437 0.0413322448730469
0.0483856201171875 0.0998153686523438 0.00825119018554687 -0.0572547912597656
0.0568313598632813 0.120719909667969 0.0384674072265625 -0.149124145507813
0.0189361572265625 0.143173217773438 0.1136474609375 -0.192306518554688
-0.054595947265625 0.125167846679688 0.230926513671875 -0.191162109375
-0.119987487792969 0.0771331787109375 0.34796142578125 -0.052398681640625
-0.147781372070313 -0.0739898681640625 0.34869384765625 0.234100341796875
-0.035797119140625 -0.195068359375 0.16180419921875 0.298828125
0.0918121337890625 -0.20526123046875 0.0609130859375 0.171127319335938
0.094696044921875 -0.149917602539063 0.0203857421875 -0.32562255859375
-0.00360107421874999 -0.166915893554688 -0.0523681640625 -0.453125
-0.113616943359375 -0.0694198608398438 -0.26336669921875 -0.31475830078125
-0.108757019042969 0.0276336669921875 -0.291168212890625 -0.11578369140625
-0.0510025024414062 0.0734481811523438 -0.202880859375 0.0146331787109375
0.0102615356445313 0.113998413085937 -0.117950439453125 0.0675888061523437
0.0493392944335938 0.0925827026367187 -0.0573692321777344 0.00883102416992189
0.0471343994140625 0.0753021240234375 -0.0290298461914063 -0.0883560180664063
0.0506820678710938 0.0970916748046875 0.0135955810546875 -0.1824951171875
0.012847900390625 0.115982055664063 0.115081787109375 -0.22607421875
-0.0565872192382812 0.0975418090820313 0.2564697265625 -0.201278686523437
-0.108306884765625 0.0436859130859375 0.368408203125 -0.031005859375
-0.106010437011719 -0.093719482421875 0.33123779296875 0.259918212890625
0.0096435546875 -0.180252075195313 0.141525268554687 0.276077270507813
0.1153564453125 -0.169525146484375 0.0991973876953125 0.122909545898438
0.0469284057617187 -0.0952682495117188 0.015045166015625 -0.368194580078125
-0.0181045532226563 -0.0986709594726562 -0.101898193359375 -0.45849609375
-0.081451416015625 -0.0181884765625 -0.29779052734375 -0.28070068359375
-0.0521316528320312 0.0368080139160156 -0.2977294921875 -0.09100341796875
-0.00819778442382813 0.0470924377441406 -0.209823608398438 0.0197601318359375
0.02569580078125 0.0614089965820313 -0.136741638183594 0.0581207275390625
0.0391159057617188 0.0465164184570313 -0.0857391357421875 -0.00283813476562499
0.0389671325683594 0.0360755920410156 -0.0568389892578125 -0.105690002441406
0.0434989929199219 0.0537948608398438 0.00149536132812502 -0.205764770507813
0.0166168212890625 0.0701065063476563 0.131820678710938 -0.245452880859375
-0.034576416015625 0.0601997375488281 0.29248046875 -0.192169189453125
-0.068359375 0.0187034606933594 0.390289306640625 0.012451171875
-0.0515975952148438 -0.0779800415039063 0.309539794921875 0.300201416015625
0.0410079956054687 -0.126991271972656 0.129653930664063 0.27410888671875
0.111480712890625 -0.106269836425781 0.138801574707031 0.09844970703125
0.0146713256835938 -0.0233535766601563 -0.00817871093749996 -0.3834228515625
-0.00244140625 -0.0300197601318359 -0.1533203125 -0.4384765625
-0.0313224792480469 0.00913238525390624 -0.32489013671875 -0.235382080078125
-0.000915527343749999 0.0208301544189453 -0.302703857421875 -0.0557861328125
0.0175685882568359 0.00723552703857422 -0.215438842773437 0.0385894775390625
0.0233078002929688 0.00630378723144531 -0.150390625 0.063079833984375
0.0194320678710937 0.000246047973632812 -0.105026245117188 -0.000183105468750019
0.0247440338134766 -0.00578689575195312 -0.0756912231445313 -0.107170104980469
0.0350723266601563 0.00190544128417969 -0.00683593750000001 -0.211715698242188
0.0328922271728516 0.0197601318359375 0.145889282226562 -0.244003295898438
0.00616264343261719 0.0296802520751953 0.3172607421875 -0.1651611328125
-0.0131206512451172 0.0168647766113281 0.39727783203125 0.061492919921875
-0.0148353576660156 -0.0266399383544922 0.2779541015625 0.3414306640625
0.0292129516601563 -0.0509757995605469 0.116241455078125 0.28424072265625
0.0670814514160156 -0.0375328063964844 0.170440673828125 0.0945281982421875
0.0542106628417969 -0.0259284973144531 -0.14013671875 -0.0818405151367188
0.0331344604492187 -0.0546646118164063 -0.04827880859375 -0.31939697265625
-0.0391998291015625 -0.049407958984375 -0.31292724609375 -0.443359375
-0.0587196350097656 -0.0110626220703125 -0.42535400390625 -0.116546630859375
-0.0302352905273438 0.0144519805908203 -0.3182373046875 0.1513671875
-0.020721435546875 0.0255355834960937 -0.087310791015625 0.249237060546875
-0.0149173736572266 0.028533935546875 0.090087890625 0.144454956054687
-0.0145282745361328 0.0201854705810547 0.161209106445313 -0.000198364257812499
-0.0105705261230469 0.027679443359375 0.20318603515625 -0.0980072021484375
-0.0168437957763672 0.0329742431640625 0.276458740234375 -0.0856781005859375
-0.0295124053955078 0.0189933776855469 0.354522705078125 -0.021026611328125
-0.0231075286865234 0.00359153747558594 0.355682373046875 0.15106201171875
-0.0096445083618164 -0.0170192718505859 0.231170654296875 0.39227294921875
0.011387825012207 -0.00991916656494141 0.0440673828125 0.389678955078125
0.0214881896972656 -0.00553321838378906 -0.0952911376953125 0.151824951171875
0.11810302734375 -0.095733642578125 -0.00992202758789061 -0.0579147338867188
0.055999755859375 -0.141998291015625 0.041839599609375 -0.426544189453125
-0.0743789672851563 -0.113822937011719 -0.262664794921875 -0.455322265625
-0.11907958984375 -0.00920867919921877 -0.42779541015625 -0.165771484375
-0.0673980712890625 0.057403564453125 -0.304046630859375 0.111236572265625
-0.00453948974609374 0.0857696533203125 -0.0893096923828125 0.223434448242187
0.0321006774902344 0.0586509704589844 0.083526611328125 0.127296447753906
0.0286140441894531 0.03570556640625 0.155105590820313 -0.0147247314453125
0.0396232604980469 0.0424156188964844 0.196212768554688 -0.116119384765625
0.0359687805175781 0.0670318603515625 0.26861572265625 -0.109542846679687
-0.0037994384765625 0.0767364501953125 0.343505859375 -0.0584716796875
-0.0327262878417969 0.0675315856933594 0.366973876953125 0.104583740234375
-0.076873779296875 0.00418853759765626 0.26922607421875 0.3585205078125
-0.0411720275878906 -0.0602645874023437 0.07464599609375 0.370819091796875
0.0229110717773438 -0.0833816528320313 -0.085662841796875 0.143890380859375
0.159866333007813 -0.151824951171875 0.0305328369140625 -0.0719146728515625
0.056610107421875 -0.215805053710938 0.067291259765625 -0.4232177734375
-0.121047973632813 -0.151870727539063 -0.2275390625 -0.453643798828125
-0.168838500976562 0.00799560546874999 -0.380462646484375 -0.18560791015625
-0.083892822265625 0.100440979003906 -0.27813720703125 0.0665435791015625
0.0228271484375 0.128585815429688 -0.091796875 0.17938232421875
0.0754776000976563 0.075836181640625 0.0595550537109375 0.0976791381835938
0.0676231384277344 0.0424537658691406 0.1273193359375 -0.0286026000976562
0.0872573852539063 0.052947998046875 0.17181396484375 -0.126922607421875
0.0832977294921875 0.09356689453125 0.247756958007812 -0.1290283203125
0.0249099731445313 0.117881774902344 0.328826904296875 -0.08953857421875
-0.0436630249023438 0.120689392089844 0.36962890625 0.066314697265625
-0.133583068847656 0.0164947509765625 0.2935791015625 0.33074951171875
-0.0823822021484375 -0.109245300292969 0.083740234375 0.350067138671875
0.0290069580078125 -0.150161743164063 -0.0740814208984375 0.118659973144531
0.160324096679688 -0.195907592773438 0.0666122436523438 -0.093475341796875
0.017486572265625 -0.254638671875 -0.000762939453125029 -0.391815185546875
-0.152359008789063 -0.152191162109375 -0.212158203125 -0.36199951171875
-0.182052612304688 -0.00491333007812502 -0.320526123046875 -0.137176513671875
-0.118476867675781 0.0814971923828125 -0.2247314453125 0.0590057373046875
-0.0259857177734375 0.159591674804688 -0.0892181396484375 0.148773193359375
0.057098388671875 0.136611938476563 0.0150527954101563 0.0819778442382813
0.058197021484375 0.103843688964844 0.0465621948242188 -0.020111083984375
0.0703353881835938 0.1192626953125 0.0615997314453125 -0.109642028808594
0.0387115478515625 0.148101806640625 0.109893798828125 -0.150833129882813
-0.0321426391601562 0.139045715332031 0.1981201171875 -0.170791625976563
-0.100837707519531 0.105445861816406 0.31024169921875 -0.075347900390625
-0.160781860351563 -0.029296875 0.361083984375 0.186309814453125
-0.0839385986328125 -0.16851806640625 0.206573486328125 0.30316162109375
0.0377960205078125 -0.20733642578125 0.057830810546875 0.223281860351563
0.132064819335938 -0.181411743164063 -0.01373291015625 -0.2603759765625
0.023101806640625 -0.2122802734375 -0.039337158203125 -0.42120361328125
-0.121353149414062 -0.11907958984375 -0.24969482421875 -0.31524658203125
-0.15283203125 0.00459289550781251 -0.29913330078125 -0.112152099609375
-0.0924224853515625 0.0856399536132813 -0.199371337890625 0.0380859375
-0.00646972656249999 0.14862060546875 -0.0903701782226563 0.103843688964844
0.0591049194335938 0.124862670898438 -0.01898193359375 0.0394668579101563
0.0562820434570312 0.0989532470703125 0.00199508666992188 -0.0557441711425781
0.0651473999023437 0.119049072265625 0.0236053466796875 -0.145553588867188
0.02838134765625 0.14508056640625 0.0932464599609375 -0.190826416015625
-0.0485458374023437 0.130828857421875 0.207138061523438 -0.201004028320313
-0.116302490234375 0.0841827392578125 0.329559326171875 -0.077056884765625
-0.150726318359375 -0.065032958984375 0.35369873046875 0.2008056640625
-0.0504302978515625 -0.192474365234375 0.177490234375 0.279876708984375
0.072967529296875 -0.210662841796875 0.0774383544921875 0.164962768554687
0.0857391357421875 -0.154434204101563 -0.00936889648437497 -0.320037841796875
-0.01385498046875 -0.167861938476563 -0.0843505859375 -0.435211181640625
-0.116050720214844 -0.0644073486328125 -0.27301025390625 -0.28204345703125
-0.110206604003906 0.03240966796875 -0.283477783203125 -0.091461181640625
-0.0503082275390625 0.0777969360351562 -0.1883544921875 0.025054931640625
0.0180130004882813 0.11614990234375 -0.104667663574219 0.0695266723632813
0.0578536987304688 0.0923309326171875 -0.055206298828125 0.00852584838867187
0.05316162109375 0.0743865966796875 -0.0376739501953125 -0.0854339599609375
0.057281494140625 0.0960922241210938 -0.00379943847656249 -0.178253173828125
0.0199127197265625 0.118125915527344 0.092559814453125 -0.225830078125
-0.05267333984375 0.101982116699219 0.2322998046875 -0.213821411132813
-0.107223510742188 0.0493621826171875 0.35296630859375 -0.0560302734375
-0.109512329101563 -0.087066650390625 0.33642578125 0.22894287109375
-0.003692626953125 -0.1815185546875 0.153228759765625 0.257858276367188
0.09930419921875 -0.177108764648438 0.111434936523438 0.113937377929688
0.043487548828125 -0.0968246459960938 -0.01751708984375 -0.3621826171875
-0.0225982666015625 -0.0984573364257812 -0.133941650390625 -0.436859130859375
-0.081298828125 -0.014739990234375 -0.303558349609375 -0.247161865234375
-0.052703857421875 0.0373268127441406 -0.287322998046875 -0.0661010742187501
-0.00975799560546875 0.0472373962402344 -0.1943359375 0.0299072265625
0.0288162231445313 0.0629997253417969 -0.123939514160156 0.0605926513671875
0.0432014465332031 0.0461463928222656 -0.0855865478515625 -0.00308990478515625
0.0408058166503906 0.0361900329589844 -0.0674514770507813 -0.101974487304687
0.0457534790039063 0.0524215698242188 -0.0179443359375 -0.201675415039063
0.0206146240234375 0.0705490112304688 0.107925415039062 -0.248626708984375
-0.0324516296386719 0.062225341796875 0.269363403320313 -0.207244873046875
-0.0672988891601563 0.0211257934570312 0.378570556640625 -0.01611328125
-0.0553817749023438 -0.0740203857421875 0.318115234375 0.270050048828125
0.0300827026367188 -0.129051208496094 0.140731811523438 0.254959106445313
0.10040283203125 -0.113792419433594 0.1478271484375 0.085662841796875
0.0170078277587891 -0.0231685638427734 -0.041473388671875 -0.376922607421875
-0.00168418884277344 -0.0316219329833984 -0.184600830078125 -0.413299560546875
-0.0301017761230469 0.00944900512695312 -0.327239990234375 -0.200775146484375
-0.00208091735839844 0.0189361572265625 -0.28839111328125 -0.03369140625
0.0138664245605469 0.00585079193115234 -0.198944091796875 0.0477447509765625
0.0214118957519531 0.00716781616210938 -0.137870788574219 0.0657730102539062
0.0192775726318359 0.00118064880371094 -0.1038818359375 0.000564575195312505
0.0239582061767578 -0.00518798828125 -0.0868377685546875 -0.103446960449219
0.0330467224121094 -0.00025177001953125 -0.0267333984375 -0.207351684570313
0.0327262878417969 0.0178089141845703 0.122085571289063 -0.249664306640625
0.006561279296875 0.0284500122070313 0.296142578125 -0.18206787109375
-0.0121183395385742 0.0164928436279297 0.38726806640625 0.032684326171875
-0.0152359008789063 -0.0254096984863281 0.28863525390625 0.31103515625
0.0248069763183594 -0.0534896850585938 0.128707885742188 0.264328002929687
0.0612945556640625 -0.0425949096679688 0.178268432617188 0.080108642578125
0.0524063110351562 -0.0277557373046875 -0.140838623046875 -0.0684661865234375
0.0308456420898438 -0.0547561645507813 -0.052032470703125 -0.302337646484375
-0.0404434204101563 -0.0467910766601562 -0.318359375 -0.415802001953125
-0.0581283569335938 -0.008392333984375 -0.40966796875 -0.09588623046875
-0.0280685424804687 0.0152664184570313 -0.297760009765625 0.16229248046875
-0.0180416107177734 0.0250759124755859 -0.069366455078125 0.245391845703125
-0.0133876800537109 0.0285682678222656 0.0951919555664063 0.133285522460938
-0.0149040222167969 0.0213451385498047 0.155899047851563 -0.0105743408203125
-0.0104198455810547 0.0271320343017578 0.189666748046875 -0.104339599609375
-0.0150375366210938 0.0338306427001953 0.2618408203125 -0.0947265625
-0.0286426544189453 0.021331787109375 0.34088134765625 -0.037322998046875
-0.0234756469726563 0.00380897521972656 0.35101318359375 0.12750244140625
-0.00976181030273437 -0.0173397064208984 0.24432373046875 0.369354248046875
0.0110692977905273 -0.0116214752197266 0.05975341796875 0.37939453125
0.0196456909179688 -0.00750923156738281 -0.0879669189453125 0.154296875
0.112205505371094 -0.096771240234375 -0.0156211853027344 -0.0556411743164063
0.0482254028320313 -0.138465881347656 0.024505615234375 -0.414947509765625
-0.077484130859375 -0.107307434082031 -0.27020263671875 -0.43072509765625
-0.116950988769531 -0.00383758544921872 -0.41778564453125 -0.144287109375
-0.062408447265625 0.0582771301269531 -0.28594970703125 0.121185302734375
0.0009307861328125 0.0817642211914063 -0.071197509765625 0.219558715820313
0.0335693359375 0.0554733276367188 0.0882720947265625 0.117027282714844
0.0269851684570312 0.0339508056640625 0.148284912109375 -0.0239105224609375
0.0386734008789063 0.0376319885253906 0.182479858398438 -0.121490478515625
0.0383377075195313 0.0639076232910156 0.253189086914063 -0.118057250976563
-0.00146484375 0.0765228271484375 0.32855224609375 -0.073760986328125
-0.0298118591308594 0.0661697387695313 0.359100341796875 0.0833740234375
-0.0732192993164062 0.00661468505859375 0.27862548828125 0.334869384765625
-0.04345703125 -0.0591354370117187 0.087890625 0.357879638671875
0.0177459716796875 -0.0827484130859375 -0.0782318115234375 0.146408081054688
0.148788452148437 -0.15350341796875 0.0260772705078125 -0.0705642700195313
0.0446929931640625 -0.209152221679688 0.050628662109375 -0.411865234375
-0.124526977539063 -0.142364501953125 -0.234710693359375 -0.43023681640625
-0.163818359375 0.0151824951171875 -0.37359619140625 -0.1646728515625
-0.076416015625 0.101371765136719 -0.262298583984375 0.0768280029296875
0.0288772583007813 0.123054504394531 -0.07598876953125 0.176788330078125
0.0765762329101563 0.0696487426757813 0.063751220703125 0.08892822265625
0.0650749206542969 0.0382728576660156 0.121650695800781 -0.0374526977539062
0.0851364135742188 0.0461883544921875 0.15887451171875 -0.13116455078125
0.0861663818359375 0.0866546630859375 0.23260498046875 -0.135330200195312
0.0287094116210937 0.114479064941406 0.313690185546875 -0.1041259765625
-0.0375823974609375 0.118019104003906 0.35986328125 0.04486083984375
-0.128135681152344 0.0206222534179688 0.300201416015625 0.30694580078125
-0.085784912109375 -0.10443115234375 0.09619140625 0.337066650390625
0.0196533203125 -0.148880004882813 -0.06866455078125 0.121170043945313
0.14776611328125 -0.196273803710938 0.0587310791015625 -0.092315673828125
0.00465393066406248 -0.245513916015625 -0.01513671875 -0.373260498046875
-0.155227661132813 -0.142181396484375 -0.212982177734375 -0.34033203125
-0.180191040039063 0.00204467773437499 -0.30889892578125 -0.119842529296875
-0.11578369140625 0.0861587524414062 -0.207901000976563 0.0649261474609375
-0.0175018310546875 0.160400390625 -0.0733184814453125 0.145233154296875
0.0648269653320313 0.133537292480469 0.0205917358398438 0.0771255493164063
0.0631637573242188 0.101554870605469 0.0442085266113281 -0.0198478698730469
0.0754318237304688 0.115943908691406 0.052947998046875 -0.104408264160156
0.0454864501953125 0.1463623046875 0.09674072265625 -0.14349365234375
-0.0273971557617188 0.140380859375 0.17877197265625 -0.168899536132813
-0.0967636108398437 0.108062744140625 0.28863525390625 -0.08447265625
-0.158432006835938 -0.0238800048828125 0.35107421875 0.16046142578125
-0.0915374755859375 -0.162734985351562 0.21319580078125 0.281494140625
0.02532958984375 -0.204421997070313 0.0720977783203125 0.214584350585937
0.1219482421875 -0.183181762695313 -0.029998779296875 -0.24932861328125
0.0150604248046875 -0.210861206054688 -0.054046630859375 -0.3990478515625
-0.121726989746094 -0.11474609375 -0.246856689453125 -0.289947509765625
-0.153213500976562 0.00802612304687497 -0.2843017578125 -0.094635009765625
-0.0913009643554688 0.0898971557617187 -0.183364868164063 0.04150390625
-0.000122070312500015 0.149917602539063 -0.0772933959960938 0.100242614746094
0.0655441284179687 0.123008728027344 -0.0156898498535156 0.0358009338378906
0.0612106323242187 0.098358154296875 -0.00225067138671874 -0.0545196533203125
0.0706100463867187 0.117988586425781 0.0140609741210938 -0.138374328613281
0.0350189208984375 0.144821166992188 0.0783843994140625 -0.183486938476563
-0.045379638671875 0.132881164550781 0.186737060546875 -0.199737548828125
-0.113143920898438 0.0868377685546875 0.308135986328125 -0.087738037109375
-0.1497802734375 -0.0596771240234375 0.345703125 0.175933837890625
-0.0594024658203125 -0.188247680664063 0.180572509765625 0.259490966796875
0.0583953857421875 -0.209625244140625 0.087432861328125 0.156417846679688
0.0797576904296875 -0.154434204101562 -0.030670166015625 -0.308197021484375
-0.01904296875 -0.165756225585938 -0.10137939453125 -0.4107666015625
-0.114891052246094 -0.0615081787109375 -0.267288208007813 -0.254852294921875
-0.110916137695313 0.0342864990234375 -0.26763916015625 -0.0766754150390626
-0.0509567260742187 0.0801239013671875 -0.172256469726563 0.0269317626953125
0.022186279296875 0.117156982421875 -0.09228515625 0.0652389526367188
0.0625457763671875 0.0913619995117188 -0.054046630859375 0.00603103637695313
0.0561065673828125 0.0741424560546875 -0.0445480346679688 -0.081298828125
0.0603179931640625 0.095733642578125 -0.0155792236328125 -0.170242309570313
0.0237045288085937 0.117591857910156 0.07574462890625 -0.219589233398437
-0.05084228515625 0.103668212890625 0.210281372070313 -0.214981079101562
-0.10491943359375 0.0519332885742187 0.332061767578125 -0.06768798828125
-0.109725952148438 -0.0828628540039063 0.328033447265625 0.203582763671875
-0.01318359375 -0.179107666015625 0.155349731445313 0.2396240234375
0.0864105224609375 -0.17742919921875 0.117141723632813 0.104476928710937
0.0419998168945313 -0.0963897705078125 -0.03973388671875 -0.34942626953125
-0.0240478515625 -0.098358154296875 -0.15069580078125 -0.40924072265625
-0.0793533325195313 -0.014404296875 -0.295867919921875 -0.2205810546875
-0.0533981323242188 0.0365829467773437 -0.269363403320313 -0.0526123046875
-0.0118370056152344 0.0478973388671875 -0.178298950195312 0.03167724609375
0.029571533203125 0.0646247863769531 -0.112884521484375 0.0562896728515625
0.0456695556640625 0.0468826293945312 -0.0843734741210938 -0.00402832031250001
0.0416755676269531 0.036468505859375 -0.074798583984375 -0.0974655151367188
0.0461845397949219 0.0521011352539063 -0.0314788818359375 -0.194091796875
0.022247314453125 0.0704574584960938 0.089569091796875 -0.243423461914063
-0.0315437316894531 0.0630722045898438 0.24725341796875 -0.212417602539063
-0.0660057067871094 0.0221633911132812 0.358856201171875 -0.030548095703125
-0.0551681518554688 -0.0714263916015625 0.3109130859375 0.24652099609375
0.0232925415039063 -0.128067016601563 0.141738891601563 0.236968994140625
0.0908584594726563 -0.115020751953125 0.150787353515625 0.07525634765625
0.0196819305419922 -0.0239124298095703 -0.063140869140625 -0.36358642578125
-0.000911712646484375 -0.0332431793212891 -0.19781494140625 -0.38616943359375
-0.0282077789306641 0.00864601135253907 -0.316162109375 -0.174041748046875
-0.00426673889160156 0.0166349411010742 -0.2686767578125 -0.0215454101562501
0.0106744766235352 0.00655269622802734 -0.181732177734375 0.04791259765625
0.0205078125 0.00966835021972656 -0.126968383789062 0.0618743896484375
0.0192031860351563 0.00261878967285156 -0.104438781738281 -0.00202941894531252
0.0225086212158203 -0.00380325317382812 -0.0942459106445312 -0.0985565185546875
0.0306053161621094 0.000780105590820313 -0.0393829345703125 -0.200271606445313
0.031646728515625 0.0164566040039063 0.103317260742188 -0.24652099609375
0.00662040710449219 0.0267467498779297 0.27459716796875 -0.187911987304688
-0.0118856430053711 0.0158405303955078 0.367950439453125 0.016143798828125
-0.0147724151611328 -0.0243759155273438 0.2822265625 0.287200927734375
0.0201263427734375 -0.0525703430175781 0.129302978515625 0.244964599609375
0.056732177734375 -0.0432167053222656 0.180160522460937 0.0683135986328125
0.0522613525390625 -0.0282211303710938 -0.14080810546875 -0.0612335205078125
0.0303077697753906 -0.0547447204589844 -0.047607421875 -0.29193115234375
-0.0402183532714844 -0.0454330444335938 -0.31500244140625 -0.406494140625
-0.0580711364746094 -0.00668334960937501 -0.39404296875 -0.0909118652343749
-0.0273036956787109 0.0149593353271484 -0.286712646484375 0.162933349609375
-0.0165805816650391 0.0251483917236328 -0.06011962890625 0.2415771484375
-0.0137290954589844 0.0296382904052734 0.0971450805664063 0.126861572265625
-0.0171375274658203 0.0230674743652344 0.151031494140625 -0.016021728515625
-0.011199951171875 0.0271167755126953 0.183181762695313 -0.105667114257813
-0.0138816833496094 0.0339374542236328 0.254562377929688 -0.095458984375
-0.0283527374267578 0.0231609344482422 0.331390380859375 -0.04278564453125
-0.0240135192871094 0.00440979003906251 0.344879150390625 0.11822509765625
-0.00995635986328125 -0.0184555053710938 0.245452880859375 0.35821533203125
0.0109176635742188 -0.013117790222168 0.0648193359375 0.37322998046875
0.01800537109375 -0.00832748413085938 -0.0859832763671875 0.156631469726563
0.108909606933594 -0.0965805053710938 -0.0262184143066406 -0.0539398193359375
0.0462112426757813 -0.1356201171875 0.022796630859375 -0.407379150390625
-0.0776596069335938 -0.103729248046875 -0.265106201171875 -0.417633056640625
-0.115242004394531 -0.00156402587890624 -0.40899658203125 -0.137725830078125
-0.0601005554199219 0.0573310852050781 -0.274932861328125 0.123306274414063
0.0028533935546875 0.080047607421875 -0.0614013671875 0.215652465820313
0.0335655212402344 0.0540847778320313 0.0892562866210938 0.111198425292969
0.0251121520996094 0.0341625213623047 0.143020629882813 -0.029632568359375
0.0372810363769531 0.0362663269042969 0.175857543945313 -0.123153686523438
0.0388069152832031 0.0619049072265625 0.246078491210938 -0.119216918945313
-0.000701904296874998 0.0778732299804688 0.317657470703125 -0.079742431640625
-0.0291099548339844 0.0655517578125 0.3515625 0.07513427734375
-0.0717391967773437 0.00576782226562499 0.279754638671875 0.323333740234375
-0.0444564819335938 -0.0591506958007812 0.0906982421875 0.35321044921875
0.0138931274414063 -0.082489013671875 -0.0771331787109375 0.147979736328125
0.14569091796875 -0.15240478515625 0.0222549438476563 -0.0693130493164063
0.0409698486328125 -0.205459594726563 0.047515869140625 -0.403289794921875
-0.124488830566406 -0.137893676757813 -0.233489990234375 -0.41961669921875
-0.161056518554687 0.0170745849609375 -0.364532470703125 -0.1572265625
-0.0735244750976563 0.100723266601562 -0.252670288085938 0.078704833984375
0.0312118530273438 0.119003295898437 -0.067535400390625 0.173660278320313
0.0760726928710938 0.0665817260742188 0.0649871826171875 0.0835189819335938
0.0620536804199219 0.0375518798828125 0.116119384765625 -0.0422439575195313
0.08258056640625 0.0422897338867187 0.151092529296875 -0.132110595703125
0.0863494873046875 0.082763671875 0.224884033203125 -0.137069702148438
0.030242919921875 0.11358642578125 0.302581787109375 -0.10809326171875
-0.035308837890625 0.116340637207031 0.35345458984375 0.03765869140625
-0.125503540039063 0.0201492309570312 0.30029296875 0.29595947265625
-0.0880279541015625 -0.102783203125 0.0999755859375 0.33160400390625
0.0153045654296875 -0.146743774414063 -0.0659637451171875 0.124267578125
0.14385986328125 -0.195281982421875 0.0557174682617188 -0.0902023315429688
0.00125122070312501 -0.239959716796875 -0.0140380859375 -0.360107421875
-0.154754638671875 -0.13836669921875 -0.205291748046875 -0.3304443359375
-0.1805419921875 0.00363159179687501 -0.297027587890625 -0.11529541015625
-0.1171875 0.0884780883789062 -0.197189331054688 0.0630035400390625
-0.013519287109375 0.162078857421875 -0.0644989013671875 0.14068603515625
0.068817138671875 0.132843017578125 0.023101806640625 0.0738372802734375
0.065643310546875 0.10272216796875 0.0428123474121094 -0.0193901062011719
0.0788116455078125 0.116874694824219 0.0497283935546875 -0.0986709594726562
0.049468994140625 0.147613525390625 0.0908660888671875 -0.134857177734375
-0.0272674560546875 0.143524169921875 0.167327880859375 -0.16253662109375
-0.0972061157226563 0.108779907226562 0.273208618164063 -0.084808349609375
-0.158218383789063 -0.023651123046875 0.340728759765625 0.14776611328125
-0.095855712890625 -0.161956787109375 0.211135864257813 0.270431518554688
0.0188751220703125 -0.2021484375 0.0796966552734375 0.210357666015625
0.11962890625 -0.183242797851562 -0.03887939453125 -0.2412109375
0.0128173828125 -0.210922241210938 -0.05615234375 -0.384521484375
-0.120819091796875 -0.1160888671875 -0.236175537109375 -0.278030395507813
-0.156494140625 0.00726318359374999 -0.271392822265625 -0.0905914306640625
-0.0943450927734375 0.0924758911132813 -0.172225952148438 0.039154052734375
0.00227355957031249 0.15411376953125 -0.0689239501953125 0.0941696166992188
0.0692977905273438 0.124893188476562 -0.0145778656005859 0.0326175689697266
0.0642852783203125 0.100448608398438 -0.00498199462890624 -0.0527076721191406
0.0734024047851563 0.11968994140625 0.00897216796875 -0.131858825683594
0.037017822265625 0.147232055664063 0.07080078125 -0.175247192382813
-0.0465927124023438 0.135948181152344 0.173828125 -0.19354248046875
-0.115150451660156 0.088104248046875 0.2933349609375 -0.0867919921875
-0.149932861328125 -0.060394287109375 0.332855224609375 0.164306640625
-0.064178466796875 -0.187347412109375 0.178741455078125 0.249282836914062
0.0530853271484375 -0.206878662109375 0.09326171875 0.15228271484375
0.0786895751953125 -0.155441284179688 -0.04107666015625 -0.299163818359375
-0.019683837890625 -0.168167114257812 -0.105224609375 -0.393310546875
-0.114265441894531 -0.0644378662109375 -0.256637573242187 -0.242828369140625
-0.114585876464844 0.0330734252929688 -0.253738403320313 -0.07281494140625
-0.0537261962890625 0.0837860107421875 -0.161041259765625 0.0230865478515625
0.0235214233398438 0.12103271484375 -0.0855178833007813 0.0592575073242188
0.06634521484375 0.092681884765625 -0.0541038513183594 0.00275802612304687
0.058013916015625 0.0769271850585937 -0.048675537109375 -0.0801239013671875
0.0622711181640625 0.0987167358398438 -0.022186279296875 -0.16412353515625
0.0253219604492188 0.120857238769531 0.0675811767578125 -0.21282958984375
-0.052459716796875 0.105583190917969 0.198104858398438 -0.210418701171875
-0.106651306152344 0.0521774291992188 0.3179931640625 -0.069091796875
-0.1092529296875 -0.0828704833984375 0.317047119140625 0.194610595703125
-0.0171966552734375 -0.177871704101563 0.150711059570313 0.229995727539063
0.0807342529296875 -0.17608642578125 0.1204833984375 0.0996551513671875
0.0434417724609375 -0.0977935791015625 -0.05035400390625 -0.3414306640625
-0.0237350463867188 -0.100418090820313 -0.153228759765625 -0.3929443359375
-0.0780258178710938 -0.0166168212890625 -0.2843017578125 -0.20672607421875
-0.0564308166503906 0.0352020263671875 -0.254425048828125 -0.0495758056640625
-0.0159759521484375 0.0499000549316406 -0.165664672851563 0.0268096923828125
0.0300178527832031 0.0677146911621094 -0.106346130371094 0.0486679077148438
0.0470314025878906 0.0488204956054687 -0.08563232421875 -0.00834655761718751
0.0427780151367188 0.0393218994140625 -0.0804290771484375 -0.095367431640625
0.045166015625 0.0542182922363281 -0.038330078125 -0.188491821289062
0.021209716796875 0.0712661743164063 0.0802459716796875 -0.23876953125
-0.0333633422851562 0.0634536743164063 0.235885620117188 -0.208633422851563
-0.06732177734375 0.0222969055175781 0.3455810546875 -0.03216552734375
-0.054412841796875 -0.07135009765625 0.300262451171875 0.2366943359375
0.0196914672851563 -0.127334594726563 0.135421752929688 0.226303100585938
0.0862045288085938 -0.114059448242188 0.152999877929688 0.070281982421875
0.0230503082275391 -0.0244331359863281 -0.07373046875 -0.35516357421875
0.000743865966796872 -0.0359878540039063 -0.200653076171875 -0.37017822265625
-0.0268039703369141 0.00697326660156249 -0.302001953125 -0.16119384765625
-0.00671768188476563 0.0147905349731445 -0.252700805664062 -0.0199127197265625
0.00690841674804688 0.00691604614257813 -0.1697998046875 0.0414276123046875
0.0198345184326172 0.0127410888671875 -0.121116638183594 0.0535049438476563
0.0198440551757813 0.00461578369140625 -0.106254577636719 -0.0060882568359375
0.0218238830566406 -0.00191307067871094 -0.100341796875 -0.0968856811523437
0.0289230346679688 0.00220870971679688 -0.0467071533203125 -0.1956787109375
0.0300712585449219 0.0162181854248047 0.0945587158203125 -0.242584228515625
0.00584602355957031 0.0267887115478516 0.262283325195313 -0.1876220703125
-0.0122928619384766 0.0151138305664063 0.3551025390625 0.0128173828125
-0.0144939422607422 -0.0235614776611328 0.2708740234375 0.275375366210938
0.0176506042480469 -0.0511207580566406 0.122177124023438 0.232864379882813
0.0539665222167969 -0.04241943359375 0.181655883789063 0.0621337890625
0.05377197265625 -0.0304908752441406 -0.144454956054688 -0.0565032958984375
0.0311393737792969 -0.0561637878417969 -0.041412353515625 -0.29095458984375
-0.0404014587402344 -0.04522705078125 -0.317169189453125 -0.410888671875
-0.060516357421875 -0.00848007202148437 -0.39129638671875 -0.0913696289062501
-0.0289363861083984 0.0147705078125 -0.28546142578125 0.1666259765625
-0.0170974731445312 0.0257415771484375 -0.0542144775390625 0.243988037109375
-0.0135860443115234 0.0308799743652344 0.09991455078125 0.125778198242188
-0.0184898376464844 0.0250091552734375 0.149765014648437 -0.0202178955078125
-0.0130558013916016 0.0280857086181641 0.1817626953125 -0.107528686523438
-0.0134162902832031 0.035186767578125 0.255126953125 -0.0978240966796875
-0.0281848907470703 0.0252475738525391 0.3311767578125 -0.04620361328125
-0.0254974365234375 0.00455284118652344 0.3475341796875 0.116668701171875
-0.0103187561035156 -0.0200271606445312 0.252349853515625 0.35992431640625
0.0101346969604492 -0.0142078399658203 0.068145751953125 0.38043212890625
0.016840934753418 -0.00858116149902344 -0.0863189697265625 0.162628173828125
0.110397338867188 -0.0990142822265625 -0.0343093872070312 -0.0535850524902344
0.0452194213867187 -0.136390686035156 0.023101806640625 -0.411834716796875
-0.0804367065429687 -0.103950500488281 -0.263763427734375 -0.420257568359375
-0.117424011230469 -0.000732421875000002 -0.410491943359375 -0.13946533203125
-0.0606307983398438 0.0587158203125 -0.273056030273438 0.125137329101563
0.00259399414062499 0.080352783203125 -0.0555419921875 0.216629028320313
0.0341911315917969 0.0548515319824219 0.0918655395507813 0.10906982421875
0.0234947204589844 0.0356788635253906 0.14166259765625 -0.034271240234375
0.0360374450683594 0.03692626953125 0.174270629882813 -0.125732421875
0.0407218933105469 0.0612602233886719 0.246063232421875 -0.122314453125
0.000282287597656254 0.0806045532226563 0.31854248046875 -0.0831298828125
-0.0296859741210938 0.0666542053222656 0.35382080078125 0.072052001953125
-0.0730743408203125 0.00468444824218751 0.285797119140625 0.32305908203125
-0.0472488403320313 -0.0603179931640625 0.093292236328125 0.35882568359375
0.0126876831054688 -0.0843887329101563 -0.0780792236328125 0.1541748046875
0.147415161132813 -0.155624389648437 0.0159530639648438 -0.068328857421875
0.040802001953125 -0.206634521484375 0.049041748046875 -0.40814208984375
-0.126777648925781 -0.138847351074219 -0.234100341796875 -0.424346923828125
-0.163604736328125 0.01910400390625 -0.367706298828125 -0.159698486328125
-0.074249267578125 0.102012634277344 -0.252517700195313 0.0803680419921875
0.0328216552734375 0.119430541992188 -0.0617218017578125 0.17401123046875
0.077362060546875 0.0667266845703125 0.0660018920898438 0.0819320678710938
0.0605659484863281 0.038909912109375 0.114921569824219 -0.0462265014648438
0.0819244384765625 0.0418777465820313 0.149642944335938 -0.134384155273438
0.0895538330078125 0.0818099975585938 0.224868774414063 -0.138809204101563
0.031890869140625 0.116355895996094 0.303070068359375 -0.112945556640625
-0.0363235473632813 0.118949890136719 0.354034423828125 0.034942626953125
-0.127784729003906 0.0203475952148438 0.306304931640625 0.295623779296875
-0.0924530029296875 -0.104217529296875 0.10198974609375 0.33758544921875
0.0131988525390625 -0.148757934570312 -0.0636444091796875 0.1314697265625
0.145278930664063 -0.198989868164063 0.0555953979492188 -0.0894088745117188
-0.0011138916015625 -0.242233276367188 -0.012542724609375 -0.3580322265625
-0.157958984375 -0.140045166015625 -0.2012939453125 -0.333709716796875
-0.186447143554688 0.00477600097656249 -0.293914794921875 -0.116851806640625
-0.12249755859375 0.093536376953125 -0.19329833984375 0.061370849609375
-0.0112762451171875 0.169692993164062 -0.0593948364257813 0.139030456542969
0.0746002197265625 0.137153625488281 0.0253143310546875 0.0725860595703125
0.0699615478515625 0.107101440429688 0.0430831909179688 -0.0185890197753906
0.0836563110351562 0.12188720703125 0.0488662719726563 -0.094818115234375
0.0533905029296875 0.154327392578125 0.08935546875 -0.129127502441406
-0.028717041015625 0.151016235351563 0.162567138671875 -0.158706665039063
-0.10260009765625 0.113113403320313 0.266326904296875 -0.0836944580078125
-0.163055419921875 -0.02593994140625 0.337646484375 0.144073486328125
-0.102310180664063 -0.166305541992188 0.213058471679688 0.268203735351562
0.0151519775390625 -0.206253051757813 0.088165283203125 0.212295532226563
0.122161865234375 -0.188262939453125 -0.0467987060546875 -0.239089965820313
0.012481689453125 -0.2176513671875 -0.0579833984375 -0.380126953125
-0.123397827148438 -0.123550415039063 -0.230712890625 -0.275558471679688
-0.164627075195312 0.00733947753906252 -0.266265869140625 -0.0905609130859375
-0.100784301757813 0.0986862182617188 -0.166793823242188 0.0355072021484375
0.00482177734375001 0.162017822265625 -0.0643463134765625 0.090362548828125
0.0756607055664063 0.130096435546875 -0.0150890350341797 0.0302238464355469
0.06903076171875 0.105865478515625 -0.00739669799804687 -0.0517501831054687
0.0779190063476562 0.126487731933594 0.00535583496093749 -0.129249572753906
0.03997802734375 0.154571533203125 0.0678863525390625 -0.171340942382813
-0.049896240234375 0.14349365234375 0.169174194335937 -0.191726684570312
-0.12091064453125 0.0911788940429688 0.287384033203125 -0.087493896484375
-0.154373168945313 -0.0633544921875 0.330718994140625 0.16156005859375
-0.0699920654296875 -0.191848754882813 0.17913818359375 0.2476806640625
0.0503082275390625 -0.21142578125 0.1004638671875 0.1522216796875
0.08160400390625 -0.159332275390625 -0.049285888671875 -0.299102783203125
-0.020538330078125 -0.174407958984375 -0.107818603515625 -0.391021728515625
-0.11669921875 -0.07049560546875 -0.251312255859375 -0.238998413085938
-0.122184753417969 0.0339126586914063 -0.246658325195313 -0.0733642578125
-0.0599212646484375 0.0889968872070313 -0.155181884765625 0.0178375244140625
0.0262985229492188 0.128692626953125 -0.0830001831054688 0.0528793334960937
0.0711212158203125 0.098175048828125 -0.0571746826171875 -0.000320434570312483
0.0620803833007812 0.0821151733398437 -0.054656982421875 -0.079559326171875
0.066131591796875 0.104217529296875 -0.0279388427734375 -0.162826538085938
0.0261993408203125 0.127967834472656 0.0630340576171875 -0.21148681640625
-0.05596923828125 0.112457275390625 0.194671630859375 -0.21112060546875
-0.112358093261719 0.0537872314453125 0.313812255859375 -0.06842041015625
-0.112998962402344 -0.0871505737304688 0.313323974609375 0.195404052734375
-0.02081298828125 -0.182373046875 0.147720336914063 0.228179931640625
0.0789642333984375 -0.17919921875 0.126655578613281 0.0980758666992188
0.0458984375 -0.100799560546875 -0.05987548828125 -0.344207763671875
-0.02337646484375 -0.106040954589844 -0.157806396484375 -0.389984130859375
-0.0794296264648438 -0.020904541015625 -0.27935791015625 -0.201736450195312
-0.0616302490234375 0.0353736877441406 -0.245895385742188 -0.050384521484375
-0.0207099914550781 0.0545730590820313 -0.159622192382813 0.0197906494140625
0.0311279296875 0.0735931396484375 -0.104225158691406 0.0413894653320312
0.0505561828613281 0.0526885986328125 -0.0907821655273437 -0.0121078491210937
0.0450706481933594 0.0434150695800781 -0.088348388671875 -0.0961151123046875
0.046966552734375 0.0595703125 -0.04559326171875 -0.188888549804688
0.0209503173828125 0.0754852294921875 0.075836181640625 -0.239730834960937
-0.0371322631835938 0.0662689208984375 0.232421875 -0.210174560546875
-0.0707931518554688 0.0221710205078125 0.342437744140625 -0.031646728515625
-0.0562057495117188 -0.0744781494140625 0.294677734375 0.23712158203125
0.0174331665039062 -0.1298828125 0.131149291992188 0.223846435546875
0.0856094360351563 -0.116462707519531 0.158859252929688 0.0677490234375
0.0262470245361328 -0.0267543792724609 -0.0843505859375 -0.358184814453125
0.0023956298828125 -0.040924072265625 -0.20501708984375 -0.3658447265625
-0.0263385772705078 0.00441360473632813 -0.29718017578125 -0.156280517578125
-0.00931549072265625 0.0144224166870117 -0.244094848632813 -0.022125244140625
0.00373077392578125 0.00944232940673828 -0.163925170898437 0.034027099609375
0.0200595855712891 0.0160541534423828 -0.120368957519531 0.0454330444335938
0.0209541320800781 0.00770378112792969 -0.112464904785156 -0.0110092163085938
0.0226268768310547 0.00066375732421875 -0.108978271484375 -0.09857177734375
0.0277194976806641 0.00486564636230469 -0.0538787841796875 -0.196456909179688
0.0297412872314453 0.0169239044189453 0.0902862548828125 -0.24468994140625
0.00478363037109375 0.0269031524658203 0.25970458984375 -0.187652587890625
-0.0135354995727539 0.0147180557250977 0.35223388671875 0.01513671875
-0.0145912170410156 -0.0243873596191406 0.263641357421875 0.276580810546875
0.0161857604980469 -0.0513343811035156 0.116470336914063 0.229339599609375
0.0543441772460938 -0.0427513122558594 0.187484741210938 0.058746337890625
0.0554771423339844 -0.0342216491699219 -0.153823852539063 -0.050018310546875
0.0312614440917969 -0.0597648620605469 -0.0406494140625 -0.296875
-0.0415992736816406 -0.0453414916992188 -0.335052490234375 -0.421051025390625
-0.0645332336425781 -0.00780487060546875 -0.400054931640625 -0.0918579101562499
-0.0318088531494141 0.0163669586181641 -0.2889404296875 0.179107666015625
-0.0170650482177734 0.0277900695800781 -0.044342041015625 0.25286865234375
-0.0138530731201172 0.0330562591552734 0.107063293457031 0.126106262207031
-0.0197048187255859 0.0291805267333984 0.151596069335938 -0.0262451171875
-0.0140342712402344 0.0303630828857422 0.185348510742188 -0.11492919921875
-0.0123176574707031 0.0372314453125 0.260299682617188 -0.106948852539063
-0.0275611877441406 0.0285549163818359 0.3392333984375 -0.056365966796875
-0.0276851654052734 0.0051422119140625 0.361236572265625 0.11285400390625
-0.0124378204345703 -0.0221233367919922 0.2701416015625 0.3662109375
0.00935745239257813 -0.0149564743041992 0.080230712890625 0.39483642578125
0.0162630081176758 -0.00902843475341797 -0.087921142578125 0.173385620117188
0.113121032714844 -0.105560302734375 -0.0390701293945313 -0.0527076721191406
0.044647216796875 -0.141326904296875 0.01824951171875 -0.42742919921875
-0.0847396850585938 -0.105239868164063 -0.27545166015625 -0.429534912109375
-0.121627807617188 0.00296020507812501 -0.4266357421875 -0.137054443359375
-0.0625228881835938 0.0618133544921875 -0.277023315429688 0.133651733398438
0.00434875488281249 0.0832138061523438 -0.04742431640625 0.223098754882813
0.0355911254882812 0.0576591491699219 0.0989303588867188 0.108909606933594
0.0236892700195313 0.0391769409179688 0.142807006835938 -0.0400543212890625
0.0358963012695313 0.0379409790039063 0.176177978515625 -0.134475708007813
0.0440444946289063 0.0625152587890625 0.250091552734375 -0.130722045898438
0.00326538085937501 0.0856704711914063 0.325836181640625 -0.09332275390625
-0.0310440063476563 0.0698165893554688 0.36676025390625 0.066192626953125
-0.0775527954101563 0.00555419921874999 0.303466796875 0.327850341796875
-0.0522079467773438 -0.0623550415039062 0.10467529296875 0.373016357421875
0.00990295410156249 -0.0865859985351563 -0.080596923828125 0.165115356445313
0.150466918945313 -0.165878295898438 0.0101852416992188 -0.0706405639648438
0.0383453369140625 -0.2138671875 0.04522705078125 -0.42333984375
-0.134963989257812 -0.141006469726563 -0.24847412109375 -0.43804931640625
-0.169769287109375 0.0236358642578125 -0.38275146484375 -0.159820556640625
-0.0750961303710937 0.107757568359375 -0.256622314453125 0.0868988037109375
0.0382614135742187 0.121788024902344 -0.0556793212890625 0.178741455078125
0.0807037353515625 0.0673599243164063 0.0709304809570313 0.0807037353515625
0.0619125366210937 0.0410232543945313 0.113487243652344 -0.0516510009765625
0.0838241577148438 0.0411605834960938 0.149765014648438 -0.142044067382812
0.0951080322265625 0.0819015502929688 0.22906494140625 -0.148422241210937
0.0363235473632813 0.122200012207031 0.308074951171875 -0.124053955078125
-0.035980224609375 0.124099731445313 0.365692138671875 0.028778076171875
-0.133758544921875 0.0226364135742188 0.3238525390625 0.299957275390625
-0.10113525390625 -0.106796264648438 0.113555908203125 0.350433349609375
0.00959777832031251 -0.155136108398437 -0.061370849609375 0.141921997070313
0.146820068359375 -0.210922241210938 0.056671142578125 -0.0917892456054688
-0.00582885742187499 -0.24981689453125 -0.015106201171875 -0.364715576171875
-0.168472290039062 -0.14288330078125 -0.2069091796875 -0.3414306640625
-0.197402954101563 0.00903320312499999 -0.30010986328125 -0.11767578125
-0.130027770996094 0.103645324707031 -0.193405151367188 0.0627288818359375
-0.00636291503906252 0.182098388671875 -0.0523834228515625 0.141708374023438
0.0852508544921875 0.14337158203125 0.0292816162109375 0.0729446411132813
0.0785064697265625 0.113761901855469 0.04449462890625 -0.0190582275390625
0.0934982299804687 0.12841796875 0.0486907958984375 -0.0943450927734375
0.062103271484375 0.1646728515625 0.0889892578125 -0.127204895019531
-0.02801513671875 0.163299560546875 0.159683227539063 -0.160003662109375
-0.108245849609375 0.122749328613281 0.265029907226563 -0.08697509765625
-0.174301147460938 -0.0250396728515625 0.343048095703125 0.139892578125
-0.115219116210938 -0.17205810546875 0.224441528320313 0.26812744140625
0.00862121582031251 -0.21527099609375 0.10247802734375 0.217117309570313
0.124099731445313 -0.200332641601563 -0.0593109130859375 -0.242095947265625
0.00799560546875 -0.231124877929688 -0.065399169921875 -0.3858642578125
-0.132499694824219 -0.132896423339844 -0.235595703125 -0.277236938476563
-0.178192138671875 0.01019287109375 -0.267868041992188 -0.0892791748046875
-0.1087646484375 0.11016845703125 -0.1656494140625 0.034332275390625
0.01092529296875 0.1754150390625 -0.059906005859375 0.0883407592773438
0.0858230590820313 0.137039184570312 -0.0152606964111328 0.0288600921630859
0.077423095703125 0.113258361816406 -0.0116043090820312 -0.051910400390625
0.0880889892578125 0.13519287109375 0.00040435791015625 -0.128654479980469
0.047332763671875 0.1666259765625 0.0640411376953125 -0.172332763671875
-0.0507965087890625 0.156341552734375 0.165618896484375 -0.196441650390625
-0.128898620605469 0.0996246337890625 0.28802490234375 -0.09173583984375
-0.165023803710938 -0.0658721923828125 0.337005615234375 0.160186767578125
-0.081512451171875 -0.200286865234375 0.18609619140625 0.249176025390625
0.0446319580078125 -0.221527099609375 0.112075805664063 0.154006958007813
0.0843048095703125 -0.170059204101563 -0.064300537109375 -0.30615234375
-0.025604248046875 -0.185104370117188 -0.118927001953125 -0.394256591796875
-0.124809265136719 -0.077239990234375 -0.2564697265625 -0.237533569335938
-0.133697509765625 0.0371551513671875 -0.24652099609375 -0.072723388671875
-0.0661544799804687 0.0991363525390625 -0.153213500976562 0.0138702392578125
0.0323715209960937 0.139762878417969 -0.0817337036132813 0.0478668212890625
0.0811080932617188 0.104217529296875 -0.062408447265625 -0.00333023071289062
0.0699234008789063 0.0887603759765625 -0.0621871948242187 -0.0798110961914063
0.0741500854492188 0.112945556640625 -0.03668212890625 -0.164169311523437
0.0305709838867187 0.137344360351563 0.056884765625 -0.21612548828125
-0.0599594116210938 0.122123718261719 0.192779541015625 -0.217788696289063
-0.120155334472656 0.0591659545898438 0.31683349609375 -0.0726318359375
-0.120872497558594 -0.0907745361328125 0.31915283203125 0.1966552734375
-0.0293121337890625 -0.19036865234375 0.151321411132813 0.230010986328125
0.076171875 -0.18853759765625 0.138008117675781 0.096221923828125
0.0488967895507813 -0.108360290527344 -0.07733154296875 -0.3531494140625
-0.0265350341796875 -0.114570617675781 -0.1734619140625 -0.392852783203125
-0.0841293334960938 -0.024993896484375 -0.284149169921875 -0.1982421875
-0.0689163208007813 0.0380516052246094 -0.244308471679688 -0.048919677734375
-0.0245361328125 0.0617218017578125 -0.15838623046875 0.01513671875
0.0354995727539062 0.0814132690429688 -0.105552673339844 0.0355453491210938
0.0561065673828125 0.0574989318847656 -0.0987701416015625 -0.0151290893554688
0.0493278503417969 0.0483512878417969 -0.099609375 -0.0972976684570313
0.0511093139648438 0.066162109375 -0.056488037109375 -0.192306518554688
0.0222854614257813 0.0817413330078125 0.0697479248046875 -0.248123168945312
-0.0395965576171875 0.0717315673828125 0.232162475585938 -0.220230102539063
-0.0765533447265625 0.0241851806640625 0.347503662109375 -0.034759521484375
-0.05975341796875 -0.0774917602539063 0.29949951171875 0.24029541015625
0.0130691528320313 -0.135238647460938 0.131942749023438 0.224319458007813
0.085540771484375 -0.122962951660156 0.169723510742188 0.0633544921875
0.030120849609375 -0.0303459167480469 -0.1029052734375 -0.36859130859375
0.00186538696289063 -0.0464134216308594 -0.22198486328125 -0.368499755859375
-0.026397705078125 0.0013580322265625 -0.30157470703125 -0.15087890625
-0.012995719909668 0.01416015625 -0.241607666015625 -0.0217132568359375
0.00118827819824219 0.0119762420654297 -0.162445068359375 0.0293121337890625
0.0219936370849609 0.0203533172607422 -0.122871398925781 0.0397109985351562
0.0225982666015625 0.00981903076171875 -0.123428344726562 -0.0142135620117187
0.0243110656738281 0.00326347351074219 -0.122207641601563 -0.0992965698242188
0.0278224945068359 0.00795745849609375 -0.0659332275390625 -0.20159912109375
0.0292644500732422 0.0184974670410156 0.0846405029296875 -0.254730224609375
0.00309371948242188 0.0280323028564453 0.261062622070313 -0.198440551757813
-0.0147743225097656 0.0154476165771484 0.356903076171875 0.012939453125
-0.015625 -0.0241489410400391 0.265533447265625 0.280960083007813
0.014373779296875 -0.0523262023925781 0.115676879882813 0.228424072265625
0.0550727844238281 -0.0449256896972656 0.199615478515625 0.0528717041015625
0.0554771423339844 -0.0404624938964844 -0.165252685546875 -0.0372772216796875
0.0297470092773438 -0.0655975341796875 -0.04913330078125 -0.3037109375
-0.0450820922851563 -0.0459403991699219 -0.369781494140625 -0.42291259765625
-0.0686836242675781 -0.00498580932617187 -0.4151611328125 -0.079925537109375
-0.0350914001464844 0.0201644897460938 -0.2882080078125 0.201812744140625
-0.0164775848388672 0.0300865173339844 -0.027618408203125 0.261886596679688
-0.0131072998046875 0.0371246337890625 0.119346618652344 0.122940063476563
-0.0198783874511719 0.0345783233642578 0.15374755859375 -0.03607177734375
-0.0144100189208984 0.0345840454101563 0.1856689453125 -0.129425048828125
-0.00990676879882813 0.0394020080566406 0.264694213867188 -0.124923706054688
-0.0256538391113281 0.0327129364013672 0.34844970703125 -0.077484130859375
-0.0301437377929688 0.00793075561523437 0.381134033203125 0.098785400390625
-0.0154857635498047 -0.0226650238037109 0.301025390625 0.365997314453125
0.00884532928466797 -0.0170364379882813 0.105316162109375 0.40869140625
0.015376091003418 -0.00986957550048828 -0.0840301513671875 0.189529418945313
0.112007141113281 -0.11700439453125 -0.0425224304199219 -0.050445556640625
0.0404205322265625 -0.148895263671875 -0.000610351562500035 -0.446136474609375
-0.0935897827148438 -0.105064392089844 -0.3018798828125 -0.430908203125
-0.127204895019531 0.0110321044921875 -0.451141357421875 -0.1209716796875
-0.0624351501464844 0.0692558288574219 -0.277145385742188 0.152999877929687
0.0101242065429688 0.0850753784179688 -0.0314788818359375 0.23175048828125
0.0406036376953125 0.0584907531738281 0.109153747558594 0.105720520019531
0.0263710021972656 0.0419464111328125 0.1429443359375 -0.051177978515625
0.0385971069335938 0.0392951965332031 0.17352294921875 -0.148757934570313
0.0511970520019531 0.0612144470214844 0.252700805664063 -0.149261474609375
0.0097808837890625 0.0897216796875 0.330078125 -0.114471435546875
-0.0293197631835937 0.0750198364257813 0.384674072265625 0.0496826171875
-0.0824508666992188 0.00926208496093751 0.334869384765625 0.32257080078125
-0.0591506958007812 -0.0620765686035156 0.13092041015625 0.38336181640625
0.00376129150390625 -0.091094970703125 -0.0760955810546875 0.180862426757813
0.148162841796875 -0.181930541992188 0.00180053710937501 -0.07183837890625
0.02978515625 -0.223770141601563 0.02813720703125 -0.443145751953125
-0.147659301757813 -0.139923095703125 -0.279815673828125 -0.444854736328125
-0.17633056640625 0.0370025634765625 -0.40582275390625 -0.146728515625
-0.0720443725585937 0.117332458496094 -0.26007080078125 0.103363037109375
0.04705810546875 0.123924255371094 -0.041900634765625 0.184890747070312
0.0864944458007813 0.0653533935546875 0.0778427124023438 0.0790863037109375
0.0651893615722656 0.0426216125488281 0.112373352050781 -0.0608291625976563
0.0883636474609375 0.040008544921875 0.146636962890625 -0.15625
0.104995727539063 0.0796279907226563 0.230194091796875 -0.166046142578125
0.0477981567382813 0.126029968261719 0.312103271484375 -0.145721435546875
-0.0317840576171875 0.132034301757813 0.38116455078125 0.00976562500000001
-0.139663696289063 0.0301742553710938 0.354400634765625 0.29278564453125
-0.113822937011719 -0.104866027832031 0.13665771484375 0.3603515625
0.000640869140624991 -0.160400390625 -0.0546722412109375 0.1568603515625
0.14178466796875 -0.230148315429688 0.0551528930664063 -0.0956878662109375
-0.0191802978515625 -0.260086059570313 -0.029693603515625 -0.37310791015625
-0.18426513671875 -0.141510009765625 -0.22711181640625 -0.34588623046875
-0.209671020507813 0.0211639404296875 -0.31231689453125 -0.10858154296875
-0.134803771972656 0.121109008789062 -0.192642211914062 0.0708160400390625
0.00752258300781249 0.195755004882813 -0.0414581298828125 0.144821166992188
0.10162353515625 0.147613525390625 0.0359573364257813 0.0720062255859375
0.0931854248046875 0.118240356445312 0.0456008911132813 -0.0206832885742187
0.109947204589844 0.132713317871094 0.046783447265625 -0.0948257446289063
0.078125 0.17376708984375 0.085906982421875 -0.128562927246094
-0.0205841064453125 0.179153442382813 0.152816772460938 -0.165908813476562
-0.110237121582031 0.138221740722656 0.262542724609375 -0.0985565185546875
-0.187530517578125 -0.018310546875 0.35552978515625 0.125274658203125
-0.134780883789063 -0.174407958984375 0.2449951171875 0.261337280273438
-0.00610351562500001 -0.225936889648438 0.12506103515625 0.219940185546875
0.120452880859375 -0.220016479492188 -0.0809326171875 -0.243972778320313
-0.00463867187499999 -0.247024536132813 -0.085540771484375 -0.390106201171875
-0.148788452148437 -0.139419555664063 -0.249420166015625 -0.27252197265625
-0.1937255859375 0.0210723876953125 -0.2734375 -0.081329345703125
-0.113265991210937 0.128105163574219 -0.164154052734375 0.03790283203125
0.0242919921875 0.1903076171875 -0.05364990234375 0.0882720947265625
0.10357666015625 0.143234252929688 -0.0155239105224609 0.0285987854003906
0.09210205078125 0.118621826171875 -0.0168495178222656 -0.0518035888671875
0.105926513671875 0.141525268554688 -0.00834655761718751 -0.128684997558594
0.0619659423828125 0.177658081054688 0.054901123046875 -0.175933837890625
-0.0478057861328125 0.173812866210938 0.15679931640625 -0.205703735351563
-0.134483337402344 0.114295959472656 0.288055419921875 -0.105743408203125
-0.180892944335938 -0.0624542236328125 0.35015869140625 0.14892578125
-0.10089111328125 -0.2060546875 0.201126098632813 0.246231079101563
0.031036376953125 -0.23480224609375 0.130523681640625 0.152450561523437
0.0811614990234375 -0.186965942382813 -0.0914306640625 -0.310546875
-0.0376739501953125 -0.198883056640625 -0.146026611328125 -0.3968505859375
-0.138671875 -0.0810165405273437 -0.267608642578125 -0.229110717773437
-0.144729614257813 0.047698974609375 -0.248336791992188 -0.0659790039062501
-0.0684280395507813 0.114852905273438 -0.15234375 0.013397216796875
0.044586181640625 0.151321411132813 -0.0811767578125 0.0455474853515625
0.094573974609375 0.109176635742188 -0.06976318359375 -0.00254440307617188
0.0825576782226563 0.0935745239257813 -0.0746231079101562 -0.078277587890625
0.0882492065429688 0.118965148925781 -0.0511932373046875 -0.16485595703125
0.0414276123046875 0.148605346679688 0.0438079833984375 -0.223388671875
-0.059356689453125 0.136497497558594 0.184524536132813 -0.232803344726563
-0.127670288085938 0.0705718994140625 0.319580078125 -0.087371826171875
-0.133735656738281 -0.0912857055664063 0.33392333984375 0.188507080078125
-0.043701171875 -0.197967529296875 0.160934448242188 0.2283935546875
0.0675201416015625 -0.202011108398437 0.15234375 0.0890350341796875
0.048248291015625 -0.118995666503906 -0.107391357421875 -0.359710693359375
-0.0352020263671875 -0.123268127441406 -0.202056884765625 -0.392547607421875
-0.0914764404296875 -0.0270309448242188 -0.2969970703125 -0.185211181640625
-0.0757598876953125 0.04400634765625 -0.244827270507813 -0.042083740234375
-0.02685546875 0.0696144104003906 -0.157196044921875 0.01318359375
0.0442581176757812 0.0892868041992188 -0.108047485351562 0.0326080322265625
0.065704345703125 0.0600166320800781 -0.110740661621094 -0.0148239135742187
0.0566596984863281 0.0518264770507812 -0.115577697753906 -0.0945358276367188
0.06024169921875 0.0710525512695313 -0.074066162109375 -0.194442749023438
0.0279922485351562 0.0879440307617188 0.05413818359375 -0.259841918945312
-0.0409469604492188 0.0795974731445313 0.225906372070313 -0.23822021484375
-0.0818023681640625 0.0294723510742187 0.354339599609375 -0.050750732421875
-0.0674285888671875 -0.0793304443359375 0.31329345703125 0.2366943359375
0.0044403076171875 -0.142196655273438 0.139175415039062 0.222213745117187
0.0814056396484375 -0.133384704589844 0.1844482421875 0.0512847900390625
0.0324859619140625 -0.0354995727539063 -0.136260986328125 -0.37542724609375
-3.43322753906278E-05 -0.0536918640136719 -0.25225830078125 -0.36279296875
-0.0284481048583984 -0.00153541564941407 -0.3111572265625 -0.136260986328125
-0.0167303085327148 0.015289306640625 -0.239959716796875 -0.0149078369140625
-0.00206089019775391 0.0166864395141602 -0.16131591796875 0.0276641845703125
0.0255832672119141 0.0232772827148438 -0.127357482910156 0.0367660522460938
0.0263004302978516 0.0118427276611328 -0.135940551757813 -0.0121612548828125
0.0260200500488281 0.00571060180664062 -0.141494750976563 -0.096771240234375
0.0296573638916016 0.00963401794433594 -0.08526611328125 -0.204055786132813
0.0310497283935547 0.0194644927978516 0.06982421875 -0.269058227539063
0.0034332275390625 0.0298328399658203 0.257827758789063 -0.217376708984375
-0.0153322219848633 0.0169992446899414 0.366729736328125 -0.000335693359374999
-0.0175933837890625 -0.0245246887207031 0.280029296875 0.278854370117188
0.0100326538085937 -0.0540084838867188 0.121078491210938 0.224868774414062
0.0542755126953125 -0.0503158569335938 0.2144775390625 0.0380401611328125
0.0520248413085938 -0.0478401184082031 -0.17291259765625 -0.0176544189453125
0.0241165161132813 -0.070159912109375 -0.0643310546875 -0.30230712890625
-0.0482940673828125 -0.0443687438964844 -0.409210205078125 -0.403411865234375
-0.0709991455078125 0.000877380371093751 -0.42388916015625 -0.0547790527343751
-0.0336036682128906 0.0226860046386719 -0.27215576171875 0.226455688476563
-0.0143928527832031 0.0311870574951172 -0.00299072265624998 0.263824462890625
-0.0108680725097656 0.040313720703125 0.131607055664063 0.113716125488281
-0.0171356201171875 0.0400810241699219 0.151458740234375 -0.0496673583984375
-0.0126533508300781 0.0380287170410156 0.177825927734375 -0.147628784179688
-0.0064697265625 0.0414657592773437 0.25897216796875 -0.147781372070313
-0.0227432250976562 0.035186767578125 0.346527099609375 -0.106658935546875
-0.0317764282226563 0.0114974975585938 0.395050048828125 0.069671630859375
-0.0192146301269531 -0.0222854614257813 0.335479736328125 0.347991943359375
0.006988525390625 -0.0175857543945313 0.1402587890625 0.408294677734375
0.0148754119873047 -0.0107841491699219 -0.07305908203125 0.203948974609375
0.104888916015625 -0.129348754882813 -0.0459403991699219 -0.0464401245117188
0.0301666259765625 -0.15435791015625 -0.032196044921875 -0.453948974609375
-0.102714538574219 -0.102760314941406 -0.334259033203125 -0.41302490234375
-0.127685546875 0.0209121704101562 -0.46685791015625 -0.0887145996093749
-0.0579299926757812 0.0756301879882813 -0.265289306640625 0.17535400390625
0.01739501953125 0.0869064331054688 -0.0086517333984375 0.231597900390625
0.0469284057617187 0.058624267578125 0.121879577636719 0.095855712890625
0.0302200317382813 0.0426712036132813 0.139755249023438 -0.0636215209960938
0.0399246215820312 0.039764404296875 0.1630859375 -0.1668701171875
0.0568046569824219 0.0578689575195312 0.243896484375 -0.17095947265625
0.018707275390625 0.0904693603515625 0.32391357421875 -0.141326904296875
-0.0257110595703125 0.079864501953125 0.391876220703125 0.021728515625
-0.0855941772460938 0.0169677734375 0.365753173828125 0.29876708984375
-0.0664558410644531 -0.0567665100097656 0.162811279296875 0.38031005859375
-0.00238800048828125 -0.092437744140625 -0.0670318603515625 0.195266723632813
0.13677978515625 -0.198379516601563 -0.00637435913085937 -0.068756103515625
0.011474609375 -0.232391357421875 -0.00299072265625001 -0.453643798828125
-0.162307739257813 -0.130706787109375 -0.318389892578125 -0.43365478515625
-0.175888061523438 0.0527801513671875 -0.42193603515625 -0.1207275390625
-0.064208984375 0.125213623046875 -0.251449584960938 0.122344970703125
0.05987548828125 0.122306823730469 -0.0250396728515625 0.184600830078125
0.0933151245117187 0.0607452392578125 0.0860061645507813 0.071380615234375
0.0704193115234375 0.0405349731445313 0.107902526855469 -0.0708084106445313
0.0924606323242188 0.0345840454101563 0.134979248046875 -0.1700439453125
0.114082336425781 0.0717391967773438 0.219512939453125 -0.187576293945313
0.0613250732421875 0.125938415527344 0.3040771484375 -0.172576904296875
-0.0220718383789063 0.138534545898438 0.388336181640625 -0.019683837890625
-0.14288330078125 0.04229736328125 0.382781982421875 0.267669677734375
-0.1258544921875 -0.0968475341796875 0.166351318359375 0.356903076171875
-0.0116729736328125 -0.164474487304688 -0.0439910888671875 0.170318603515625
0.12554931640625 -0.24822998046875 0.0507583618164063 -0.0991287231445313
-0.040252685546875 -0.263351440429688 -0.0531005859375 -0.370513916015625
-0.200942993164063 -0.1318359375 -0.2508544921875 -0.33551025390625
-0.215835571289062 0.040191650390625 -0.317840576171875 -0.0893554687499999
-0.130645751953125 0.140426635742187 -0.184616088867187 0.08123779296875
0.0280303955078125 0.20391845703125 -0.02655029296875 0.1441650390625
0.121261596679687 0.144256591796875 0.0434799194335938 0.0689163208007813
0.108917236328125 0.116294860839844 0.0459747314453125 -0.0226325988769531
0.129844665527344 0.130653381347656 0.0422744750976563 -0.0946884155273438
0.0984954833984375 0.175689697265625 0.0796051025390625 -0.129798889160156
-0.00540161132812501 0.192367553710937 0.139114379882813 -0.171920776367187
-0.105621337890625 0.15478515625 0.25128173828125 -0.114013671875
-0.1981201171875 -0.00350952148437503 0.36083984375 0.098785400390625
-0.15740966796875 -0.166152954101562 0.264556884765625 0.24176025390625
-0.0275421142578125 -0.2294921875 0.15087890625 0.21087646484375
0.10406494140625 -0.239227294921875 -0.107391357421875 -0.234817504882813
-0.0267333984375 -0.257278442382813 -0.11260986328125 -0.382354736328125
-0.168365478515625 -0.138900756835938 -0.262786865234375 -0.254486083984375
-0.205215454101563 0.037872314453125 -0.274444580078125 -0.0641784667968751
-0.108795166015625 0.14739990234375 -0.157882690429688 0.04217529296875
0.04486083984375 0.198440551757813 -0.0448455810546875 0.08587646484375
0.12322998046875 0.140884399414063 -0.0142765045166016 0.0276622772216797
0.111244201660156 0.11785888671875 -0.02276611328125 -0.0485916137695312
0.127471923828125 0.141998291015625 -0.0192031860351563 -0.124778747558594
0.08221435546875 0.18292236328125 0.041015625 -0.174835205078125
-0.0350799560546875 0.1893310546875 0.1397705078125 -0.213455200195313
-0.133506774902344 0.1324462890625 0.276458740234375 -0.123138427734375
-0.19476318359375 -0.0502777099609375 0.3590087890625 0.124359130859375
-0.125 -0.203628540039063 0.218063354492188 0.229965209960938
0.010345458984375 -0.2432861328125 0.1500244140625 0.140884399414062
0.0666656494140625 -0.201522827148438 -0.126495361328125 -0.302978515625
-0.057159423828125 -0.20648193359375 -0.174896240234375 -0.382476806640625
-0.154342651367188 -0.078369140625 -0.279403686523438 -0.208572387695313
-0.152694702148437 0.0618438720703125 -0.245315551757813 -0.05120849609375
-0.0634002685546875 0.13018798828125 -0.14825439453125 0.0144195556640625
0.061370849609375 0.155563354492188 -0.0779571533203125 0.0413818359375
0.111846923828125 0.10736083984375 -0.07391357421875 -0.000434875488281231
0.0976638793945313 0.0935134887695313 -0.087188720703125 -0.069061279296875
0.105491638183594 0.118606567382813 -0.068328857421875 -0.159744262695312
0.057098388671875 0.15350341796875 0.02569580078125 -0.22491455078125
-0.052459716796875 0.151092529296875 0.166275024414063 -0.244140625
-0.128898620605469 0.0847244262695313 0.312652587890625 -0.106689453125
-0.147491455078125 -0.08502197265625 0.343994140625 0.168304443359375
-0.0633697509765625 -0.199172973632813 0.1715087890625 0.216217041015625
0.0519866943359375 -0.211013793945313 0.165756225585937 0.0728607177734375
0.0429840087890625 -0.128753662109375 -0.14813232421875 -0.354827880859375
-0.0464630126953125 -0.129493713378906 -0.236175537109375 -0.372955322265625
-0.0985641479492188 -0.0258102416992187 -0.304046630859375 -0.1617431640625
-0.081024169921875 0.0517501831054687 -0.239425659179687 -0.030426025390625
-0.0255203247070312 0.0809860229492188 -0.15478515625 0.014129638671875
0.0550918579101563 0.0918655395507813 -0.110023498535156 0.0303955078125
0.07611083984375 0.061187744140625 -0.119461059570313 -0.008209228515625
0.06573486328125 0.0530166625976563 -0.132728576660156 -0.0861129760742187
0.0705642700195313 0.0727996826171875 -0.09686279296875 -0.188735961914063
0.0350494384765625 0.0941162109375 0.030364990234375 -0.2647705078125
-0.038116455078125 0.0873641967773438 0.207870483398438 -0.255996704101563
-0.083251953125 0.0380401611328125 0.350341796875 -0.07171630859375
-0.074951171875 -0.077239990234375 0.326416015625 0.217041015625
-0.00868225097656249 -0.144485473632813 0.146316528320313 0.212890625
0.0705718994140625 -0.142578125 0.193572998046875 0.0322265625
0.0330657958984375 -0.0423965454101563 -0.17779541015625 -0.36920166015625
-0.00532913208007812 -0.0592002868652344 -0.284942626953125 -0.338226318359375
-0.0307083129882813 -0.00273704528808594 -0.314910888671875 -0.1087646484375
-0.0187816619873047 0.0164470672607422 -0.232711791992188 -0.00552368164062503
-0.00321769714355469 0.0215663909912109 -0.15716552734375 0.0274810791015625
0.0296077728271484 0.0239009857177734 -0.129074096679687 0.0358352661132813
0.0298404693603516 0.0126323699951172 -0.148025512695313 -0.00601196289062497
0.0282192230224609 0.00710105895996094 -0.16046142578125 -0.0843353271484375
0.0326957702636719 0.0114212036132812 -0.108139038085937 -0.1982421875
0.0324802398681641 0.0181350708007813 0.043914794921875 -0.276565551757813
0.00206184387207031 0.0295124053955078 0.241592407226563 -0.236907958984375
-0.0150928497314453 0.0192222595214844 0.3660888671875 -0.022491455078125
-0.0182647705078125 -0.0223255157470703 0.29205322265625 0.266571044921875
0.00704193115234374 -0.0535697937011719 0.126083374023438 0.215286254882813
0.0515518188476563 -0.054901123046875 0.2232666015625 0.01654052734375
0.0456619262695313 -0.0515518188476563 -0.171966552734375 0.00354003906249998
0.0175857543945313 -0.0715103149414063 -0.074615478515625 -0.2899169921875
-0.05078125 -0.0418853759765625 -0.431427001953125 -0.369659423828125
-0.0700187683105469 0.00647735595703124 -0.417633056640625 -0.02783203125
-0.0312767028808594 0.0255260467529297 -0.246505737304688 0.239791870117187
-0.01190185546875 0.0308456420898438 0.01904296875 0.254638671875
-0.00732421875 0.0419197082519531 0.137420654296875 0.0990447998046875
-0.0135536193847656 0.0438919067382812 0.142929077148438 -0.0604095458984375
-0.00939559936523437 0.039886474609375 0.163650512695313 -0.160369873046875
-0.00312042236328125 0.0408172607421875 0.243194580078125 -0.165008544921875
-0.0181312561035156 0.036590576171875 0.33148193359375 -0.130706787109375
-0.0310993194580078 0.0150547027587891 0.3922119140625 0.03936767578125
-0.0217456817626953 -0.0209445953369141 0.356964111328125 0.315185546875
0.00533294677734375 -0.0182590484619141 0.167388916015625 0.393096923828125
0.0133914947509766 -0.0112018585205078 -0.0600128173828125 0.210372924804688
0.0937728881835938 -0.136947631835938 -0.0391426086425781 -0.0422134399414063
0.0206146240234375 -0.156509399414063 -0.061187744140625 -0.44427490234375
-0.1075439453125 -0.0935440063476563 -0.350494384765625 -0.381805419921875
-0.122154235839844 0.0311965942382812 -0.464508056640625 -0.056640625
-0.0514755249023438 0.0792160034179688 -0.245559692382813 0.191757202148438
0.024261474609375 0.082122802734375 0.0111083984375 0.225067138671875
0.0501136779785156 0.05413818359375 0.123672485351562 0.0824508666992188
0.0340309143066406 0.0443954467773438 0.129295349121094 -0.0740890502929688
0.0435104370117188 0.0351715087890625 0.148574829101563 -0.177398681640625
0.0601844787597656 0.0508193969726563 0.227142333984375 -0.185623168945313
0.027191162109375 0.0865249633789063 0.306732177734375 -0.1630859375
-0.02008056640625 0.0830078125 0.388580322265625 -0.00808715820312499
-0.0849990844726563 0.022491455078125 0.383544921875 0.267578125
-0.0711669921875 -0.0518569946289063 0.18829345703125 0.366424560546875
-0.00989532470703124 -0.0912246704101562 -0.052001953125 0.20196533203125
0.117767333984375 -0.208984375 -0.0167045593261719 -0.0656585693359375
-0.0029449462890625 -0.229339599609375 -0.03399658203125 -0.448516845703125
-0.169097900390625 -0.118988037109375 -0.3447265625 -0.405914306640625
-0.168914794921875 0.0647430419921875 -0.42242431640625 -0.088623046875
-0.0523681640625 0.128974914550781 -0.235153198242188 0.137313842773438
0.0675811767578125 0.113372802734375 -0.00782775878906248 0.178985595703125
0.0977020263671875 0.05133056640625 0.0884552001953125 0.06231689453125
0.074066162109375 0.0385208129882813 0.0966644287109375 -0.0767288208007813
0.0927886962890625 0.0277481079101563 0.121246337890625 -0.178665161132813
0.115921020507813 0.0601654052734375 0.200531005859375 -0.200759887695313
0.069549560546875 0.11810302734375 0.2847900390625 -0.192230224609375
-0.0116653442382812 0.140449523925781 0.37860107421875 -0.047332763671875
-0.140045166015625 0.05218505859375 0.39697265625 0.235870361328125
-0.134063720703125 -0.0863800048828125 0.18939208984375 0.341766357421875
-0.0247344970703125 -0.160232543945313 -0.0338592529296875 0.174911499023438
0.103851318359375 -0.256378173828125 0.0459365844726563 -0.099609375
-0.0599822998046875 -0.2567138671875 -0.0733642578125 -0.3544921875
-0.209121704101563 -0.117935180664063 -0.263946533203125 -0.313812255859375
-0.213470458984375 0.0568695068359375 -0.311676025390625 -0.0693969726562501
-0.121612548828125 0.15576171875 -0.172317504882813 0.0862884521484375
0.048675537109375 0.202926635742188 -0.0109939575195312 0.135337829589844
0.1376953125 0.1351318359375 0.0489006042480469 0.061737060546875
0.12347412109375 0.108230590820313 0.0447006225585938 -0.0250892639160156
0.14569091796875 0.119964599609375 0.0391616821289063 -0.0913619995117187
0.117294311523438 0.170181274414063 0.0709915161132813 -0.124229431152344
0.010986328125 0.196487426757813 0.123184204101563 -0.16815185546875
-0.09490966796875 0.166000366210938 0.231216430664063 -0.121139526367187
-0.200119018554688 0.01177978515625 0.350677490234375 0.0712890625
-0.1729736328125 -0.152481079101562 0.272293090820313 0.2139892578125
-0.0474700927734375 -0.224868774414063 0.172103881835938 0.192626953125
0.08441162109375 -0.247589111328125 -0.127273559570313 -0.216964721679688
-0.04852294921875 -0.255783081054688 -0.134063720703125 -0.35784912109375
-0.183380126953125 -0.132232666015625 -0.26519775390625 -0.229568481445313
-0.207321166992187 0.0560760498046875 -0.264083862304688 -0.0489349365234375
-0.0992431640625 0.162872314453125 -0.149749755859375 0.0430450439453125
0.066314697265625 0.197250366210938 -0.0367965698242188 0.0772323608398438
0.141448974609375 0.1324462890625 -0.0143070220947266 0.0259952545166016
0.125938415527344 0.111000061035156 -0.0279617309570313 -0.0436782836914062
0.145355224609375 0.13238525390625 -0.0271682739257812 -0.116058349609375
0.101181030273438 0.180023193359375 0.0279693603515625 -0.168060302734375
-0.0198211669921875 0.197982788085938 0.119186401367188 -0.21270751953125
-0.125244140625 0.145263671875 0.256881713867188 -0.133865356445313
-0.200820922851562 -0.036407470703125 0.35107421875 0.097991943359375
-0.142669677734375 -0.191207885742187 0.222457885742188 0.208160400390625
-0.0110626220703125 -0.24066162109375 0.162567138671875 0.122909545898437
0.0514373779296875 -0.208786010742188 -0.15167236328125 -0.2822265625
-0.0742950439453125 -0.20416259765625 -0.19830322265625 -0.353240966796875
-0.164382934570313 -0.0729217529296875 -0.276611328125 -0.180877685546875
-0.153533935546875 0.0749053955078125 -0.233505249023437 -0.040863037109375
-0.0564422607421875 0.141632080078125 -0.144027709960938 0.013580322265625
0.080474853515625 0.154632568359375 -0.0762557983398438 0.03631591796875
0.125396728515625 0.098968505859375 -0.078369140625 0.00446319580078125
0.109939575195312 0.0870132446289062 -0.0942916870117188 -0.0588760375976563
0.121696472167969 0.115211486816406 -0.0814666748046875 -0.14654541015625
0.071929931640625 0.153167724609375 0.0037078857421875 -0.216796875
-0.0414276123046875 0.160293579101563 0.141555786132812 -0.247406005859375
-0.125114440917969 0.0951614379882813 0.294464111328125 -0.123016357421875
-0.155532836914062 -0.0748748779296875 0.341461181640625 0.145233154296875
-0.08251953125 -0.191802978515625 0.174072265625 0.200088500976563
0.03204345703125 -0.213241577148437 0.172042846679687 0.0543365478515625
0.0325393676757812 -0.13507080078125 -0.18011474609375 -0.3330078125
-0.0592041015625 -0.129470825195313 -0.25958251953125 -0.338836669921875
-0.106468200683594 -0.0240859985351563 -0.296295166015625 -0.13336181640625
-0.082305908203125 0.0597152709960937 -0.224761962890625 -0.0211944580078125
-0.0199508666992187 0.08819580078125 -0.147720336914063 0.012481689453125
0.06610107421875 0.0905532836914063 -0.109382629394531 0.0266265869140625
0.0851821899414062 0.0560226440429687 -0.126190185546875 -0.000343322753906244
0.0749130249023438 0.0496139526367188 -0.142623901367188 -0.0682525634765625
0.0801162719726563 0.0692825317382813 -0.114242553710937 -0.174346923828125
0.0442352294921875 0.0938720703125 0.00555419921875002 -0.259750366210938
-0.0329055786132813 0.0937271118164063 0.181900024414063 -0.263214111328125
-0.0834274291992188 0.0441207885742188 0.334991455078125 -0.089630126953125
-0.081817626953125 -0.0728836059570313 0.325439453125 0.1978759765625
-0.020751953125 -0.141403198242188 0.1475830078125 0.196365356445313
0.05908203125 -0.146942138671875 0.19586181640625 0.011138916015625
0.0323753356933594 -0.0468978881835938 -0.209930419921875 -0.34417724609375
-0.0128669738769531 -0.0638618469238281 -0.303375244140625 -0.303436279296875
-0.0341548919677734 -0.00547599792480469 -0.30450439453125 -0.081817626953125
-0.0225772857666016 0.0181465148925781 -0.217010498046875 0.000793457031250031
-0.00321769714355469 0.0245685577392578 -0.150909423828125 0.024566650390625
0.0335540771484375 0.025848388671875 -0.131965637207031 0.0328521728515625
0.0341987609863281 0.0127429962158203 -0.155914306640625 0.00515747070312502
0.0329208374023438 0.00617218017578125 -0.170333862304688 -0.0674896240234375
0.0357933044433594 0.0120925903320313 -0.12823486328125 -0.185943603515625
0.0321598052978516 0.018310546875 0.0188751220703125 -0.275146484375
0.00322723388671875 0.0309829711914063 0.217376708984375 -0.248397827148437
-0.0148048400878906 0.0196323394775391 0.354736328125 -0.04168701171875
-0.0182952880859375 -0.0207042694091797 0.295013427734375 0.24658203125
0.001007080078125 -0.0518951416015625 0.125091552734375 0.19879150390625
0.0466194152832031 -0.0591850280761719 0.222900390625 -0.0082855224609375
0.039947509765625 -0.0524368286132813 -0.166046142578125 0.0209808349609375
0.0127944946289063 -0.07110595703125 -0.074859619140625 -0.274368286132813
-0.0517387390136719 -0.0402259826660156 -0.4351806640625 -0.338226318359375
-0.0692062377929688 0.00821304321289063 -0.405059814453125 -0.01458740234375
-0.0289192199707031 0.0256328582763672 -0.224594116210938 0.23919677734375
-0.0108852386474609 0.0288124084472656 0.0331268310546875 0.24102783203125
-0.00383377075195313 0.0425491333007813 0.138267517089844 0.0878067016601562
-0.00896835327148438 0.0455780029296875 0.134185791015625 -0.0657501220703125
-0.00680923461914063 0.0407333374023437 0.150466918945313 -0.164718627929688
-0.00109100341796875 0.03948974609375 0.227569580078125 -0.171829223632812
-0.0146636962890625 0.0358352661132813 0.3126220703125 -0.141754150390625
-0.0297718048095703 0.0175247192382812 0.38031005859375 0.0189208984375
-0.0231685638427734 -0.0193080902099609 0.360107421875 0.287628173828125
0.00478744506835938 -0.0182323455810547 0.181915283203125 0.374542236328125
0.012700080871582 -0.0107994079589844 -0.049407958984375 0.211624145507813
0.0838775634765625 -0.138313293457031 -0.0314903259277344 -0.0395431518554688
0.01226806640625 -0.153671264648438 -0.079132080078125 -0.425994873046875
-0.110198974609375 -0.0875091552734375 -0.352447509765625 -0.354217529296875
-0.116645812988281 0.0365371704101563 -0.4527587890625 -0.035003662109375
-0.0465850830078125 0.078399658203125 -0.22698974609375 0.194839477539062
0.027984619140625 0.076019287109375 0.0229644775390625 0.211563110351563
0.0520515441894531 0.0514717102050781 0.124519348144531 0.0727920532226563
0.037261962890625 0.0440406799316406 0.119491577148437 -0.0777740478515625
0.0439987182617188 0.0337905883789063 0.13433837890625 -0.180068969726563
0.0607223510742188 0.0466041564941406 0.211090087890625 -0.192733764648437
0.0333175659179688 0.078643798828125 0.28656005859375 -0.17022705078125
-0.0154342651367187 0.0821609497070312 0.37384033203125 -0.02752685546875
-0.0820846557617188 0.0255813598632812 0.382476806640625 0.240142822265625
-0.072235107421875 -0.0477218627929688 0.19976806640625 0.34832763671875
-0.01348876953125 -0.0881500244140625 -0.04010009765625 0.202499389648438
0.104522705078125 -0.21063232421875 -0.0226058959960937 -0.0592918395996094
-0.014495849609375 -0.223709106445313 -0.051544189453125 -0.43536376953125
-0.171966552734375 -0.108779907226562 -0.3538818359375 -0.37725830078125
-0.158584594726563 0.07012939453125 -0.41217041015625 -0.06768798828125
-0.0450363159179688 0.127456665039063 -0.219024658203125 0.14068603515625
0.0717926025390625 0.102859497070313 0.00183105468750002 0.167343139648438
0.097930908203125 0.0459671020507813 0.0885543823242188 0.0548629760742188
0.07513427734375 0.0362472534179688 0.08831787109375 -0.0783233642578125
0.09130859375 0.0231170654296875 0.106597900390625 -0.180328369140625
0.116096496582031 0.0498580932617188 0.185989379882813 -0.2044677734375
0.075103759765625 0.110137939453125 0.264328002929688 -0.198532104492187
-0.00452423095703125 0.138320922851563 0.36212158203125 -0.0638427734375
-0.134124755859375 0.0586471557617187 0.3956298828125 0.208831787109375
-0.135505676269531 -0.0764923095703125 0.200347900390625 0.32501220703125
-0.0316162109375 -0.154678344726563 -0.029937744140625 0.175277709960938
0.08709716796875 -0.256210327148438 0.0430450439453125 -0.0969085693359375
-0.0717315673828125 -0.247207641601563 -0.0791015625 -0.335540771484375
-0.211135864257813 -0.1070556640625 -0.262237548828125 -0.293792724609375
-0.207656860351563 0.0676422119140625 -0.29888916015625 -0.05914306640625
-0.111740112304688 0.164566040039062 -0.160400390625 0.0842742919921875
0.0630645751953125 0.197296142578125 -0.00150299072265626 0.122901916503906
0.147811889648437 0.124649047851563 0.0513725280761719 0.0551300048828125
0.133262634277344 0.100479125976563 0.0443954467773438 -0.0247993469238281
0.154708862304688 0.110015869140625 0.0375823974609375 -0.0874404907226563
0.130218505859375 0.162994384765625 0.067108154296875 -0.115585327148437
0.023468017578125 0.197616577148438 0.11151123046875 -0.158355712890625
-0.0859832763671875 0.171798706054688 0.21258544921875 -0.117706298828125
-0.199142456054688 0.0212249755859375 0.332794189453125 0.056793212890625
-0.1807861328125 -0.138656616210938 0.266876220703125 0.190887451171875
-0.05999755859375 -0.217071533203125 0.181304931640625 0.173294067382812
0.0682220458984375 -0.249069213867188 -0.137466430664062 -0.195510864257813
-0.0642242431640625 -0.251739501953125 -0.14007568359375 -0.332672119140625
-0.19354248046875 -0.12518310546875 -0.254531860351563 -0.210845947265625
-0.206497192382813 0.068634033203125 -0.248428344726563 -0.0425872802734375
-0.0901336669921875 0.172256469726563 -0.140113830566406 0.0392303466796875
0.081634521484375 0.192901611328125 -0.0315475463867187 0.066192626953125
0.1531982421875 0.122802734375 -0.0145854949951172 0.0242900848388672
0.136604309082031 0.103424072265625 -0.0296516418457031 -0.038238525390625
0.1568603515625 0.123291015625 -0.0302200317382812 -0.106361389160156
0.114730834960938 0.174819946289062 0.0200958251953125 -0.155746459960938
-0.00778198242187498 0.201828002929688 0.104873657226563 -0.203018188476563
-0.118988037109375 0.152969360351563 0.237533569335938 -0.132720947265625
-0.202133178710938 -0.026641845703125 0.334625244140625 0.082916259765625
-0.1531982421875 -0.177963256835937 0.216766357421875 0.189529418945313
-0.0252838134765625 -0.233963012695312 0.168045043945313 0.106063842773437
0.0390625 -0.210357666015625 -0.166549682617188 -0.258712768554687
-0.087799072265625 -0.200210571289063 -0.202911376953125 -0.32196044921875
-0.172622680664063 -0.0677032470703125 -0.262496948242188 -0.162155151367188
-0.152130126953125 0.0855255126953125 -0.217864990234375 -0.03717041015625
-0.0484161376953125 0.150100708007812 -0.136909484863281 0.00701141357421873
0.0924835205078125 0.150314331054688 -0.07525634765625 0.02862548828125
0.136116027832031 0.0922622680664063 -0.080108642578125 0.00804138183593751
0.119552612304687 0.0817031860351562 -0.09747314453125 -0.0493698120117188
0.132911682128906 0.107475280761719 -0.0871505737304688 -0.133338928222656
0.082611083984375 0.1513671875 -0.00814819335937498 -0.203353881835938
-0.0324859619140625 0.1650390625 0.123504638671875 -0.239547729492187
-0.120986938476563 0.103286743164063 0.275924682617188 -0.125213623046875
-0.157913208007813 -0.06622314453125 0.32904052734375 0.13043212890625
-0.093109130859375 -0.182113647460938 0.1673583984375 0.184890747070313
0.017486572265625 -0.209030151367188 0.170928955078125 0.0384521484375
0.0248031616210937 -0.137832641601563 -0.196685791015625 -0.30853271484375
-0.0680389404296875 -0.128974914550781 -0.263336181640625 -0.304229736328125
-0.111099243164062 -0.022552490234375 -0.27862548828125 -0.112625122070313
-0.0821762084960937 0.0644454956054688 -0.207962036132813 -0.0201568603515625
-0.0164031982421875 0.09375 -0.14324951171875 0.00418090820312497
0.0732040405273438 0.087921142578125 -0.10986328125 0.0208663940429688
0.09210205078125 0.0524673461914063 -0.129219055175781 0.00525665283203127
0.0806884765625 0.0469436645507813 -0.147506713867188 -0.055450439453125
0.0862960815429688 0.0677032470703125 -0.123855590820312 -0.160446166992188
0.0490264892578125 0.0932083129882813 -0.0104522705078125 -0.247238159179688
-0.0301437377929687 0.0980072021484375 0.16192626953125 -0.25885009765625
-0.0816574096679688 0.0482406616210938 0.316680908203125 -0.095916748046875
-0.0829315185546875 -0.0677413940429688 0.314605712890625 0.183868408203125
-0.0285568237304688 -0.135513305664062 0.138351440429687 0.1827392578125
0.047393798828125 -0.146270751953125 0.191070556640625 -0.00587463378906251
0.0305404663085938 -0.0514297485351563 -0.227935791015625 -0.317718505859375
-0.0189971923828125 -0.06585693359375 -0.3052978515625 -0.269012451171875
-0.037261962890625 -0.00743484497070312 -0.282379150390625 -0.0650634765625
-0.0255451202392578 0.0196990966796875 -0.199935913085938 -0.00115966796874998
-0.00275993347167969 0.0283756256103516 -0.146102905273438 0.0162506103515625
0.03558349609375 0.0248947143554688 -0.133071899414063 0.0290069580078125
0.0374870300292969 0.0120582580566406 -0.160354614257812 0.0133209228515625
0.0354652404785156 0.00648117065429688 -0.1763916015625 -0.052337646484375
0.0375900268554688 0.0128440856933594 -0.139266967773438 -0.170013427734375
0.0322761535644531 0.0190353393554688 0.00141906738281253 -0.264694213867187
0.00258445739746094 0.0316619873046875 0.19696044921875 -0.246841430664063
-0.0141124725341797 0.0193061828613281 0.33709716796875 -0.04937744140625
-0.0176429748535156 -0.0198574066162109 0.284088134765625 0.23126220703125
-0.00135421752929687 -0.0489540100097656 0.114242553710937 0.1859130859375
0.0404167175292969 -0.0597572326660156 0.2156982421875 -0.027313232421875
0.0367317199707031 -0.0517005920410156 -0.160415649414062 0.0337677001953125
0.0107803344726563 -0.07025146484375 -0.0671844482421875 -0.265731811523438
-0.0521583557128906 -0.0399894714355469 -0.43304443359375 -0.3223876953125
-0.0696067810058594 0.00833511352539063 -0.3941650390625 -0.01373291015625
-0.0286674499511719 0.0248374938964844 -0.210845947265625 0.23370361328125
-0.0119342803955078 0.0252933502197266 0.0390167236328125 0.230697631835938
-0.001312255859375 0.0425033569335938 0.137351989746094 0.0812301635742188
-0.00504302978515625 0.0468025207519531 0.129196166992188 -0.06744384765625
-0.00532913208007813 0.0417747497558594 0.141311645507813 -0.165863037109375
-0.000320434570312497 0.0387649536132812 0.218994140625 -0.173416137695312
-0.0129489898681641 0.0348968505859375 0.302093505859375 -0.14520263671875
-0.028594970703125 0.0189895629882813 0.371917724609375 0.010894775390625
-0.0236606597900391 -0.0179862976074219 0.35711669921875 0.27447509765625
0.00474166870117188 -0.018463134765625 0.185333251953125 0.363250732421875
0.0126485824584961 -0.0109882354736328 -0.0454864501953125 0.212203979492188
0.0777435302734375 -0.138336181640625 -0.0275154113769531 -0.037750244140625
0.0088043212890625 -0.15179443359375 -0.083892822265625 -0.414642333984375
-0.110572814941406 -0.0850448608398437 -0.3475341796875 -0.341400146484375
-0.111770629882813 0.0378570556640625 -0.441009521484375 -0.0267028808593751
-0.0435409545898437 0.0775070190429688 -0.215652465820313 0.191162109375
0.029083251953125 0.0718994140625 0.0285186767578125 0.20086669921875
0.0525703430175781 0.0478324890136719 0.123649597167969 0.066650390625
0.0405731201171875 0.04449462890625 0.11456298828125 -0.0788192749023437
0.0445899963378906 0.0341987609863281 0.125350952148438 -0.179550170898438
0.0601272583007813 0.0431594848632813 0.2030029296875 -0.194366455078125
0.0352249145507813 0.071990966796875 0.274856567382812 -0.171829223632813
-0.012451171875 0.0823593139648438 0.3634033203125 -0.03424072265625
-0.0804977416992188 0.027099609375 0.37969970703125 0.227508544921875
-0.07244873046875 -0.0454254150390625 0.203033447265625 0.339019775390625
-0.0156402587890625 -0.0863265991210938 -0.037017822265625 0.204147338867188
0.0973358154296875 -0.209579467773438 -0.0226478576660156 -0.0547027587890625
-0.0197906494140625 -0.219024658203125 -0.05694580078125 -0.42578125
-0.17181396484375 -0.103652954101562 -0.3519287109375 -0.361602783203125
-0.152633666992188 0.07177734375 -0.402862548828125 -0.0607604980468749
-0.0410003662109375 0.125244140625 -0.20977783203125 0.137374877929687
0.0717697143554688 0.09613037109375 0.00544738769531251 0.1572265625
0.097869873046875 0.042205810546875 0.08837890625 0.0506210327148438
0.077484130859375 0.0352020263671875 0.084014892578125 -0.078338623046875
0.0901870727539063 0.0223541259765625 0.09808349609375 -0.179946899414063
0.114120483398438 0.0450439453125 0.177871704101563 -0.204574584960937
0.0785064697265625 0.105430603027344 0.253799438476563 -0.19989013671875
-0.00139617919921875 0.136695861816406 0.352081298828125 -0.0692138671875
-0.131103515625 0.0605239868164063 0.388763427734375 0.195281982421875
-0.134689331054687 -0.071868896484375 0.202362060546875 0.316009521484375
-0.0342559814453125 -0.151565551757813 -0.0359039306640625 0.176910400390625
0.07818603515625 -0.254531860351563 0.0432052612304688 -0.0947418212890625
-0.0763702392578125 -0.2406005859375 -0.075103759765625 -0.321441650390625
-0.212783813476563 -0.102584838867187 -0.254638671875 -0.28497314453125
-0.204925537109375 0.0724639892578125 -0.286590576171875 -0.058135986328125
-0.1064453125 0.171432495117188 -0.1527099609375 0.077667236328125
0.072021484375 0.194091796875 0.00189971923828125 0.110687255859375
0.156402587890625 0.118759155273437 0.0529975891113281 0.0498619079589844
0.141220092773438 0.0953826904296875 0.0457496643066406 -0.0248756408691406
0.1629638671875 0.103958129882812 0.0400161743164063 -0.0841445922851563
0.139999389648438 0.15972900390625 0.0686874389648438 -0.106796264648437
0.0315704345703125 0.199874877929688 0.107940673828125 -0.147308349609375
-0.082550048828125 0.17657470703125 0.200836181640625 -0.108688354492187
-0.199981689453125 0.026702880859375 0.3165283203125 0.052459716796875
-0.184890747070313 -0.13079833984375 0.256515502929688 0.1783447265625
-0.06768798828125 -0.2113037109375 0.1861572265625 0.160232543945313
0.0584716796875 -0.249374389648438 -0.14251708984375 -0.179412841796875
-0.0731964111328125 -0.2496337890625 -0.13519287109375 -0.313995361328125
-0.202667236328125 -0.123428344726563 -0.238525390625 -0.202163696289063
-0.20867919921875 0.0774383544921875 -0.233917236328125 -0.04443359375
-0.0854644775390625 0.181228637695313 -0.134849548339844 0.031219482421875
0.091644287109375 0.1915283203125 -0.031402587890625 0.0546112060546875
0.162765502929688 0.116790771484375 -0.0151233673095703 0.022308349609375
0.145828247070313 0.0984649658203125 -0.0294399261474609 -0.0335540771484375
0.166213989257813 0.11767578125 -0.0299530029296875 -0.0995025634765625
0.125167846679688 0.173385620117188 0.0190582275390625 -0.144912719726562
-0.000717163085937483 0.20684814453125 0.09820556640625 -0.191970825195313
-0.116241455078125 0.158477783203125 0.225555419921875 -0.125839233398438
-0.204299926757812 -0.0219573974609375 0.320770263671875 0.080902099609375
-0.159088134765625 -0.171173095703125 0.207534790039063 0.180419921875
-0.03338623046875 -0.229400634765625 0.170120239257812 0.09393310546875
0.03192138671875 -0.211746215820313 -0.173782348632813 -0.241867065429687
-0.097137451171875 -0.198822021484375 -0.1983642578125 -0.3006591796875
-0.181320190429688 -0.0666656494140625 -0.2442626953125 -0.154067993164062
-0.15472412109375 0.0926666259765625 -0.203399658203125 -0.041839599609375
-0.044036865234375 0.157577514648438 -0.134056091308594 -0.00278472900390627
0.10076904296875 0.148666381835938 -0.0783920288085938 0.019622802734375
0.144805908203125 0.087249755859375 -0.082977294921875 0.00878906250000001
0.127815246582031 0.0780105590820313 -0.0995941162109375 -0.04150390625
0.141708374023438 0.1043701171875 -0.09014892578125 -0.123565673828125
0.0914459228515625 0.152252197265625 -0.0127716064453125 -0.19244384765625
-0.0272979736328125 0.170486450195313 0.115188598632812 -0.23089599609375
-0.12091064453125 0.107879638671875 0.26336669921875 -0.119766235351563
-0.16009521484375 -0.063812255859375 0.313720703125 0.1287841796875
-0.0983428955078125 -0.176910400390625 0.156005859375 0.1790771484375
0.0089569091796875 -0.206298828125 0.168746948242188 0.027313232421875
0.0215377807617187 -0.139839172363281 -0.206939697265625 -0.290679931640625
-0.0752792358398437 -0.129714965820313 -0.258453369140625 -0.28179931640625
-0.117500305175781 -0.023345947265625 -0.2591552734375 -0.104400634765625
-0.0859146118164062 0.0688934326171875 -0.193817138671875 -0.027252197265625
-0.0145187377929687 0.100326538085937 -0.14068603515625 -0.00674438476562497
0.078857421875 0.0879364013671875 -0.11456298828125 0.0128173828125
0.0986328125 0.0497665405273438 -0.133506774902344 0.0083465576171875
0.0869216918945313 0.0456314086914063 -0.150619506835938 -0.046722412109375
0.0931015014648438 0.0667037963867188 -0.128829956054687 -0.149658203125
0.0530929565429688 0.0955734252929688 -0.018646240234375 -0.237075805664063
-0.0287933349609375 0.101905822753906 0.151779174804688 -0.251739501953125
-0.0818328857421875 0.0506668090820312 0.30413818359375 -0.0927734375
-0.0838775634765625 -0.0663528442382813 0.3013916015625 0.180145263671875
-0.03265380859375 -0.132087707519531 0.124618530273438 0.176803588867188
0.0411224365234375 -0.145263671875 0.187347412109375 -0.0167388916015625
0.0300254821777344 -0.0547561645507813 -0.2376708984375 -0.300567626953125
-0.0240478515625 -0.0682220458984375 -0.299407958984375 -0.245361328125
-0.0413665771484375 -0.009429931640625 -0.262283325195313 -0.0587005615234375
-0.0287399291992188 0.0209503173828125 -0.187026977539062 -0.01092529296875
-0.00270843505859375 0.0328330993652344 -0.14483642578125 0.00401306152343753
0.0381011962890625 0.0255699157714844 -0.138641357421875 0.0214004516601563
0.0412559509277344 0.0119743347167969 -0.165771484375 0.0174560546875
0.0388069152832031 0.00713729858398438 -0.180435180664063 -0.0424652099609375
0.0408706665039063 0.0138778686523438 -0.146469116210937 -0.1600341796875
0.0325813293457031 0.0206851959228516 -0.00840759277343748 -0.25592041015625
0.00202751159667969 0.0325241088867187 0.1854248046875 -0.241729736328125
-0.0141677856445312 0.0192985534667969 0.326263427734375 -0.046112060546875
-0.0159664154052734 -0.0193614959716797 0.270721435546875 0.228607177734375
-0.00226211547851562 -0.0462417602539063 0.098907470703125 0.179779052734375
0.0369949340820313 -0.0596427917480469 0.209854125976563 -0.040374755859375
0.0349502563476563 -0.0509910583496094 -0.1580810546875 0.045623779296875
0.00883483886718751 -0.0704345703125 -0.0576171875 -0.264633178710938
-0.05389404296875 -0.0399665832519531 -0.4361572265625 -0.31854248046875
-0.0708084106445313 0.00917053222656249 -0.396697998046875 -0.016143798828125
-0.0291004180908203 0.0250759124755859 -0.207122802734375 0.232101440429687
-0.0128307342529297 0.0244617462158203 0.04302978515625 0.22454833984375
0.00045013427734375 0.0425186157226563 0.1396484375 0.0767822265625
-0.00145339965820312 0.0475311279296875 0.127891540527344 -0.06988525390625
-0.00380325317382813 0.0439987182617188 0.137741088867188 -0.169387817382813
-0.000385284423828129 0.0388755798339844 0.217529296875 -0.177520751953125
-0.0118885040283203 0.0335578918457031 0.300537109375 -0.148773193359375
-0.0278148651123047 0.0205421447753906 0.37261962890625 0.006195068359375
-0.0248832702636719 -0.0179920196533203 0.3604736328125 0.270050048828125
0.00427436828613282 -0.0197563171386719 0.190704345703125 0.365325927734375
0.0130043029785156 -0.0112028121948242 -0.044464111328125 0.217849731445312
0.0756607055664062 -0.139984130859375 -0.0261421203613281 -0.0354232788085938
0.00695800781249999 -0.15301513671875 -0.08709716796875 -0.41790771484375
-0.112998962402344 -0.0846328735351563 -0.347320556640625 -0.339630126953125
-0.111183166503906 0.0387039184570312 -0.44232177734375 -0.02459716796875
-0.0430450439453125 0.0781478881835938 -0.212753295898438 0.190460205078125
0.0279541015625 0.0700721740722656 0.031158447265625 0.195831298828125
0.0543556213378906 0.0469207763671875 0.125732421875 0.0628509521484375
0.0441246032714844 0.0441017150878906 0.11279296875 -0.0803604125976563
0.0454139709472656 0.0344657897949219 0.121490478515625 -0.183334350585938
0.0603103637695313 0.0414466857910156 0.201522827148438 -0.198165893554688
0.0373382568359375 0.0703887939453125 0.272079467773438 -0.17333984375
-0.01104736328125 0.0837173461914062 0.364471435546875 -0.038238525390625
-0.0818252563476563 0.02850341796875 0.382843017578125 0.22308349609375
-0.074188232421875 -0.0454635620117188 0.20745849609375 0.339691162109375
-0.016693115234375 -0.0871429443359375 -0.036529541015625 0.210983276367188
0.0938568115234375 -0.212310791015625 -0.0226402282714844 -0.0510826110839844
-0.02301025390625 -0.21990966796875 -0.0592041015625 -0.42596435546875
-0.175125122070313 -0.102249145507813 -0.35699462890625 -0.359222412109375
-0.152267456054688 0.0735015869140625 -0.404296875 -0.0581665039062501
-0.0394973754882813 0.125885009765625 -0.208465576171875 0.136734008789063
0.0718231201171875 0.0929641723632813 0.00648498535156249 0.151611328125
0.09979248046875 0.039886474609375 0.0906219482421875 0.047637939453125
0.081329345703125 0.0342254638671875 0.0826492309570313 -0.0799789428710938
0.0917587280273438 0.0223617553710938 0.0939178466796875 -0.183151245117188
0.115318298339844 0.04248046875 0.17706298828125 -0.20831298828125
0.0809860229492188 0.103019714355469 0.251144409179688 -0.2030029296875
0.00190734863281252 0.138114929199219 0.351837158203125 -0.07354736328125
-0.131996154785156 0.0625686645507813 0.393951416015625 0.19061279296875
-0.137733459472656 -0.0708389282226563 0.206756591796875 0.316070556640625
-0.0365142822265625 -0.152420043945313 -0.041046142578125 0.183364868164063
0.0738372802734375 -0.257400512695313 0.0462188720703125 -0.0944366455078125
-0.080902099609375 -0.240463256835938 -0.068115234375 -0.317047119140625
-0.218292236328125 -0.102188110351562 -0.250579833984375 -0.285430908203125
-0.208587646484375 0.0778961181640625 -0.28155517578125 -0.062103271484375
-0.104278564453125 0.18218994140625 -0.15155029296875 0.0715789794921875
0.0812530517578125 0.196365356445312 0.00246429443359374 0.101417541503906
0.167129516601563 0.114974975585937 0.0550117492675781 0.0463333129882813
0.152252197265625 0.0920257568359375 0.0489578247070313 -0.0249099731445312
0.174560546875 0.1011962890625 0.0443038940429688 -0.0828781127929688
0.152450561523438 0.160552978515625 0.0749130249023438 -0.100639343261719
0.039764404296875 0.207382202148438 0.109291076660156 -0.139144897460938
-0.0817413330078125 0.185836791992188 0.19677734375 -0.0996551513671875
-0.206390380859375 0.0312042236328125 0.307891845703125 0.0546875
-0.193023681640625 -0.127517700195313 0.250595092773438 0.173553466796875
-0.075225830078125 -0.212112426757813 0.1925048828125 0.15216064453125
0.052703857421875 -0.254837036132813 -0.147018432617188 -0.169403076171875
-0.083038330078125 -0.253814697265625 -0.128631591796875 -0.30523681640625
-0.217193603515625 -0.125259399414063 -0.22686767578125 -0.203018188476563
-0.2164306640625 0.086822509765625 -0.225631713867187 -0.0513458251953125
-0.0824432373046875 0.194259643554687 -0.134712219238281 0.0224609375
0.102890014648437 0.194778442382812 -0.0350799560546875 0.044921875
0.176177978515625 0.113510131835937 -0.0166378021240234 0.0205917358398438
0.157943725585937 0.0956573486328125 -0.0290374755859375 -0.031097412109375
0.180007934570313 0.115829467773438 -0.0290756225585937 -0.0954132080078125
0.138107299804688 0.177291870117188 0.0212478637695313 -0.137863159179688
0.00651550292968748 0.216445922851562 0.09814453125 -0.18499755859375
-0.117584228515625 0.16827392578125 0.221908569335938 -0.119064331054687
-0.21221923828125 -0.019439697265625 0.312652587890625 0.0836181640625
-0.16717529296875 -0.169281005859375 0.1993408203125 0.17889404296875
-0.0412445068359375 -0.230026245117188 0.173675537109375 0.0857391357421875
0.0271148681640625 -0.217498779296875 -0.181289672851563 -0.231765747070313
-0.106185913085937 -0.202972412109375 -0.19390869140625 -0.289520263671875
-0.194671630859375 -0.067138671875 -0.230316162109375 -0.154129028320313
-0.161468505859375 0.102096557617187 -0.194580078125 -0.0514678955078125
-0.04107666015625 0.16973876953125 -0.136001586914063 -0.0137939453125
0.11083984375 0.152053833007813 -0.0855560302734375 0.01043701171875
0.156753540039063 0.0843048095703125 -0.0879364013671875 0.00953674316406249
0.137870788574219 0.0752334594726563 -0.101676940917969 -0.035919189453125
0.153640747070313 0.1041259765625 -0.093414306640625 -0.118316650390625
0.101760864257813 0.157135009765625 -0.01483154296875 -0.186187744140625
-0.0241546630859375 0.180404663085938 0.113143920898437 -0.226165771484375
-0.124191284179687 0.114639282226563 0.260604858398438 -0.113937377929687
-0.166778564453125 -0.0637359619140625 0.3082275390625 0.133819580078125
-0.105072021484375 -0.176406860351563 0.14556884765625 0.180450439453125
0.0027923583984375 -0.207931518554688 0.170608520507813 0.01739501953125
0.0196685791015625 -0.144500732421875 -0.217376708984375 -0.280548095703125
-0.0839691162109375 -0.133514404296875 -0.255111694335937 -0.26947021484375
-0.127212524414063 -0.0239334106445313 -0.24420166015625 -0.10302734375
-0.091156005859375 0.0754318237304687 -0.185028076171875 -0.03851318359375
-0.012969970703125 0.109733581542969 -0.144454956054688 -0.01849365234375
0.085662841796875 0.0911331176757813 -0.124656677246094 0.00455474853515625
0.107658386230469 0.0483779907226562 -0.141311645507813 0.010955810546875
0.0954208374023438 0.044525146484375 -0.156143188476563 -0.039337158203125
0.101570129394531 0.0681381225585937 -0.136245727539062 -0.14337158203125
0.05877685546875 0.100494384765625 -0.0243377685546875 -0.232635498046875
-0.0286407470703125 0.109130859375 0.1483154296875 -0.249984741210938
-0.0846633911132813 0.0533676147460938 0.30224609375 -0.088043212890625
-0.0867919921875 -0.0679779052734375 0.29449462890625 0.186798095703125
-0.0361557006835938 -0.132438659667969 0.111404418945312 0.179229736328125
0.0371246337890625 -0.146316528320313 0.186965942382813 -0.0281219482421875
0.0303611755371094 -0.0586318969726563 -0.250457763671875 -0.289703369140625
-0.0285873413085938 -0.071746826171875 -0.295654296875 -0.23126220703125
-0.0480422973632813 -0.0112953186035156 -0.24658203125 -0.05950927734375
-0.0337543487548828 0.0240383148193359 -0.180023193359375 -0.0234222412109375
-0.00265884399414063 0.0380020141601563 -0.150222778320313 -0.00898742675781253
0.0407066345214844 0.0277900695800781 -0.149917602539062 0.014739990234375
0.0457000732421875 0.0119743347167969 -0.17572021484375 0.02154541015625
0.0424346923828125 0.00677871704101563 -0.188186645507813 -0.034088134765625
0.0442276000976563 0.0154647827148438 -0.155487060546875 -0.153656005859375
0.0337581634521484 0.0231857299804687 -0.0161285400390625 -0.253402709960938
0.001495361328125 0.035491943359375 0.181549072265625 -0.240463256835937
-0.01495361328125 0.0191612243652344 0.322845458984375 -0.040557861328125
-0.0144023895263672 -0.0206069946289063 0.260879516601563 0.23779296875
-0.00331878662109375 -0.0453033447265625 0.0832672119140625 0.18109130859375
0.0350189208984375 -0.0603752136230469 0.207534790039063 -0.05242919921875
0.0346183776855469 -0.0520896911621094 -0.156204223632813 0.062408447265625
0.00666046142578124 -0.0727996826171875 -0.0521087646484375 -0.269378662109375
-0.0569648742675781 -0.0405616760253906 -0.453857421875 -0.316497802734375
-0.0730361938476563 0.011505126953125 -0.407470703125 -0.0125732421875
-0.02960205078125 0.0259933471679687 -0.204620361328125 0.238571166992188
-0.0137481689453125 0.0255470275878906 0.0503082275390625 0.223709106445313
0.0024566650390625 0.0431480407714844 0.14569091796875 0.0723876953125
0.00228118896484375 0.0487899780273438 0.127853393554687 -0.0767440795898437
-0.0018463134765625 0.0467376708984375 0.133926391601563 -0.179351806640625
0.00101852416992187 0.0396461486816406 0.218826293945313 -0.189682006835938
-0.0112285614013672 0.0338916778564453 0.303192138671875 -0.15960693359375
-0.02740478515625 0.0221481323242188 0.3819580078125 -0.002471923828125
-0.0270023345947266 -0.01788330078125 0.37579345703125 0.26708984375
0.0033416748046875 -0.0215950012207031 0.20574951171875 0.371246337890625
0.0132617950439453 -0.012049674987793 -0.04095458984375 0.230300903320312
0.073150634765625 -0.146881103515625 -0.0250625610351562 -0.0336189270019531
0.00279235839843751 -0.15789794921875 -0.099639892578125 -0.42962646484375
-0.1181640625 -0.0853042602539063 -0.36126708984375 -0.341522216796875
-0.113143920898438 0.040985107421875 -0.451873779296875 -0.0155029296875001
-0.04241943359375 0.0809402465820313 -0.212158203125 0.197250366210937
0.0285797119140625 0.0699272155761719 0.0374603271484375 0.194305419921875
0.0574951171875 0.0449638366699219 0.1307373046875 0.0578079223632812
0.0490303039550781 0.0436248779296875 0.112335205078125 -0.0860977172851562
0.04876708984375 0.0357017517089844 0.117294311523438 -0.191604614257813
0.0632095336914062 0.0409698486328125 0.201507568359375 -0.209213256835938
0.0404777526855469 0.0700607299804687 0.273895263671875 -0.18450927734375
-0.00843048095703125 0.0869064331054688 0.371337890625 -0.047637939453125
-0.084808349609375 0.0313339233398438 0.397491455078125 0.21826171875
-0.0783309936523438 -0.044677734375 0.22222900390625 0.344696044921875
-0.0196914672851563 -0.0902481079101563 -0.032867431640625 0.222198486328125
0.08935546875 -0.221878051757813 -0.0225410461425781 -0.0492782592773438
-0.0298614501953125 -0.225204467773438 -0.069610595703125 -0.43408203125
-0.183700561523437 -0.099365234375 -0.37200927734375 -0.3583984375
-0.153228759765625 0.0780792236328125 -0.41387939453125 -0.05126953125
-0.0369796752929687 0.1304931640625 -0.209640502929687 0.142318725585938
0.0739059448242188 0.0914688110351563 0.00801086425781252 0.149932861328125
0.103225708007813 0.0360641479492187 0.0945281982421875 0.0433883666992188
0.0877227783203125 0.0317611694335938 0.0820999145507813 -0.0849456787109375
0.096527099609375 0.0207366943359375 0.08795166015625 -0.191452026367188
0.11859130859375 0.0393218994140625 0.176162719726563 -0.219924926757813
0.0865478515625 0.101524353027344 0.25146484375 -0.214431762695313
0.00592041015625 0.142364501953125 0.3582763671875 -0.083831787109375
-0.135360717773437 0.0685043334960938 0.40789794921875 0.18475341796875
-0.144454956054687 -0.06915283203125 0.2210693359375 0.32000732421875
-0.04205322265625 -0.156707763671875 -0.0364532470703125 0.194610595703125
0.0669097900390625 -0.267486572265625 0.048828125 -0.0977554321289063
-0.0908050537109375 -0.244400024414063 -0.065765380859375 -0.31951904296875
-0.230133056640625 -0.100875854492187 -0.253509521484375 -0.290863037109375
-0.215362548828125 0.0885467529296875 -0.28411865234375 -0.065155029296875
-0.100494384765625 0.198623657226563 -0.153228759765625 0.0688018798828125
0.0951995849609375 0.201553344726563 0.00220489501953126 0.0941390991210938
0.183837890625 0.109603881835937 0.0583229064941406 0.041961669921875
0.16766357421875 0.087066650390625 0.0535202026367188 -0.0277481079101562
0.192214965820313 0.096893310546875 0.0487136840820313 -0.08538818359375
0.172149658203125 0.160888671875 0.0832138061523438 -0.0988388061523437
0.052978515625 0.218719482421875 0.113616943359375 -0.134803771972656
-0.0787811279296875 0.200057983398438 0.197357177734375 -0.094696044921875
-0.21649169921875 0.0400238037109375 0.3062744140625 0.0556640625
-0.2073974609375 -0.12359619140625 0.25115966796875 0.170791625976563
-0.08758544921875 -0.215087890625 0.20587158203125 0.14447021484375
0.0443572998046875 -0.266021728515625 -0.1568603515625 -0.159317016601563
-0.097991943359375 -0.261703491210938 -0.127593994140625 -0.30267333984375
-0.239410400390625 -0.123626708984375 -0.221282958984375 -0.2071533203125
-0.227081298828125 0.102813720703125 -0.22308349609375 -0.0587005615234375
-0.0767669677734375 0.21319580078125 -0.138427734375 0.015777587890625
0.119613647460938 0.200119018554688 -0.0410804748535156 0.0367469787597656
0.195602416992188 0.108123779296875 -0.0187625885009765 0.0196113586425781
0.175491333007813 0.09124755859375 -0.0295372009277344 -0.0296573638916016
0.200576782226562 0.112197875976562 -0.0299911499023437 -0.09356689453125
0.158065795898438 0.180282592773438 0.0237197875976563 -0.134483337402344
0.0173492431640625 0.231704711914063 0.0981597900390625 -0.18328857421875
-0.118026733398437 0.184356689453125 0.222442626953125 -0.116104125976562
-0.2252197265625 -0.0126495361328125 0.314697265625 0.08612060546875
-0.182388305664063 -0.168380737304688 0.197479248046875 0.180435180664063
-0.0537109375 -0.23516845703125 0.182846069335937 0.0757904052734375
0.0194549560546875 -0.227737426757813 -0.1961669921875 -0.222610473632813
-0.121978759765625 -0.208160400390625 -0.195037841796875 -0.283233642578125
-0.213897705078125 -0.06402587890625 -0.222763061523438 -0.156097412109375
-0.169326782226563 0.11676025390625 -0.1912841796875 -0.0615692138671875
-0.033966064453125 0.186660766601562 -0.142669677734375 -0.02288818359375
0.126678466796875 0.156112670898438 -0.0966262817382813 0.0045166015625
0.173721313476563 0.0788726806640625 -0.0955734252929688 0.0125885009765625
0.153396606445313 0.07147216796875 -0.107521057128906 -0.0299453735351563
0.172393798828125 0.1015625 -0.0997161865234375 -0.112777709960938
0.118484497070312 0.16302490234375 -0.0188446044921875 -0.182952880859375
-0.01641845703125 0.194915771484375 0.110763549804688 -0.228317260742187
-0.127235412597656 0.12762451171875 0.263381958007813 -0.114059448242187
-0.178466796875 -0.06195068359375 0.3115234375 0.13922119140625
-0.117416381835938 -0.177688598632813 0.140609741210938 0.1861572265625
-0.0065155029296875 -0.212997436523438 0.174591064453125 0.00564575195312499
0.0152435302734375 -0.153366088867188 -0.237350463867188 -0.272842407226562
-0.09661865234375 -0.137908935546875 -0.258834838867188 -0.259765625
-0.14117431640625 -0.02117919921875 -0.234878540039063 -0.1038818359375
-0.0970230102539063 0.086090087890625 -0.18109130859375 -0.049774169921875
-0.00798034667968751 0.1217041015625 -0.153549194335938 -0.0293731689453125
0.0965499877929688 0.0946807861328125 -0.138717651367188 1.52587890625023E-05
0.11993408203125 0.0448074340820313 -0.152679443359375 0.01690673828125
0.105728149414063 0.0425262451171875 -0.166000366210938 -0.0298004150390625
0.114479064941406 0.067626953125 -0.148208618164063 -0.136993408203125
0.0688247680664063 0.106689453125 -0.0334320068359375 -0.232925415039063
-0.02593994140625 0.119796752929687 0.145492553710938 -0.255203247070313
-0.0882644653320313 0.0597610473632812 0.30615234375 -0.088592529296875
-0.0929183959960938 -0.0703201293945313 0.298004150390625 0.19549560546875
-0.0426254272460938 -0.133621215820313 0.102249145507813 0.185287475585938
0.031494140625 -0.150588989257813 0.188140869140625 -0.0425262451171875
0.0302276611328125 -0.0650405883789063 -0.27032470703125 -0.281707763671875
-0.0368576049804687 -0.0754013061523438 -0.2994384765625 -0.218994140625
-0.0554466247558594 -0.0117111206054688 -0.23638916015625 -0.05938720703125
-0.0389595031738281 0.029266357421875 -0.178619384765625 -0.0365447998046875
-0.00106048583984375 0.0447921752929688 -0.160903930664062 -0.0193634033203125
0.0459861755371094 0.0306892395019531 -0.166778564453125 0.012603759765625
0.051361083984375 0.0105476379394531 -0.190048217773438 0.0305633544921875
0.0478591918945313 0.00598907470703125 -0.200393676757813 -0.02215576171875
0.0504302978515625 0.0165138244628906 -0.170059204101563 -0.147476196289063
0.0367164611816406 0.0258331298828125 -0.027008056640625 -0.255233764648438
0.001922607421875 0.0392417907714844 0.179397583007813 -0.246932983398438
-0.01544189453125 0.0208015441894531 0.329315185546875 -0.04022216796875
-0.0138530731201172 -0.0226230621337891 0.261764526367188 0.249588012695312
-0.00456619262695312 -0.0452346801757813 0.0708465576171875 0.188751220703125
0.0326576232910156 -0.061981201171875 0.208206176757813 -0.069244384765625
0.0338516235351562 -0.0539283752441406 -0.149444580078125 0.083526611328125
0.00275421142578125 -0.0745468139648438 -0.0533905029296875 -0.27618408203125
-0.0609855651855469 -0.0389022827148438 -0.479248046875 -0.3011474609375
-0.0753097534179688 0.016204833984375 -0.425018310546875 0.00726318359375003
-0.0302238464355469 0.0288333892822266 -0.19677734375 0.250457763671875
-0.0145339965820313 0.0276622772216797 0.0624237060546875 0.221893310546875
0.00498199462890625 0.0439529418945313 0.152252197265625 0.0630950927734375
0.00707626342773437 0.0496101379394531 0.125930786132813 -0.086456298828125
0.00197982788085937 0.0485382080078125 0.125579833984375 -0.191818237304687
0.00301742553710937 0.0407905578613281 0.214065551757812 -0.208053588867187
-0.0104427337646484 0.0339927673339844 0.301605224609375 -0.180206298828125
-0.0268840789794922 0.0249042510986328 0.3900146484375 -0.023406982421875
-0.0296096801757813 -0.0165843963623047 0.398895263671875 0.25360107421875
0.00174713134765625 -0.0230712890625 0.22967529296875 0.371368408203125
0.014033317565918 -0.0130958557128906 -0.0299835205078125 0.244842529296875
0.066680908203125 -0.155044555664063 -0.0250225067138672 -0.0313396453857422
-0.00502014160156249 -0.162918090820313 -0.1221923828125 -0.43609619140625
-0.126167297363281 -0.0827102661132813 -0.386962890625 -0.33489990234375
-0.113945007324219 0.0465927124023437 -0.462860107421875 0.00488281249999995
-0.0395355224609375 0.0852813720703125 -0.20703125 0.209915161132813
0.0311775207519531 0.0695266723632813 0.0468597412109375 0.1925048828125
0.0616226196289062 0.0423965454101562 0.137039184570313 0.0495376586914063
0.0550079345703125 0.0405426025390625 0.110069274902344 -0.0957794189453125
0.0541496276855469 0.0344657897949219 0.107009887695313 -0.203842163085938
0.0668106079101563 0.0381736755371094 0.195465087890625 -0.226593017578125
0.0451507568359375 0.0689811706542969 0.272064208984375 -0.206085205078125
-0.00327301025390624 0.0898056030273438 0.376129150390625 -0.068817138671875
-0.0859603881835938 0.037322998046875 0.4188232421875 0.202880859375
-0.0839385986328125 -0.0420608520507812 0.24664306640625 0.344696044921875
-0.025054931640625 -0.0919342041015625 -0.0218658447265625 0.23681640625
0.0789794921875 -0.233978271484375 -0.0227546691894531 -0.046844482421875
-0.042694091796875 -0.229248046875 -0.089752197265625 -0.44097900390625
-0.194000244140625 -0.0914154052734375 -0.39703369140625 -0.34796142578125
-0.153488159179687 0.0871429443359375 -0.42620849609375 -0.03173828125
-0.0310516357421875 0.135360717773438 -0.207473754882813 0.153640747070313
0.0777969360351563 0.0891342163085938 0.01324462890625 0.149124145507813
0.10748291015625 0.0293121337890625 0.0991363525390625 0.0372695922851563
0.0937881469726563 0.0260238647460938 0.0787506103515625 -0.0920181274414063
0.101524353027344 0.0161819458007813 0.076904296875 -0.201629638671875
0.123359680175781 0.0333786010742188 0.168304443359375 -0.237869262695312
0.09381103515625 0.098388671875 0.245071411132813 -0.233779907226563
0.0151519775390625 0.146484375 0.36273193359375 -0.10443115234375
-0.1370849609375 0.0780792236328125 0.42578125 0.167083740234375
-0.153839111328125 -0.0634918212890625 0.2451171875 0.3189697265625
-0.0518951416015625 -0.159347534179687 -0.02239990234375 0.20684814453125
0.05316162109375 -0.27935791015625 0.0494384765625 -0.10302734375
-0.107757568359375 -0.2445068359375 -0.070770263671875 -0.321685791015625
-0.245193481445312 -0.0922393798828125 -0.265411376953125 -0.291107177734375
-0.219375610351563 0.106307983398438 -0.289276123046875 -0.0618896484375
-0.0889434814453125 0.21881103515625 -0.1536865234375 0.070556640625
0.116744995117187 0.20404052734375 0.0020904541015625 0.08868408203125
0.203628540039062 0.0970916748046875 0.0622825622558594 0.0359573364257813
0.185821533203125 0.075225830078125 0.0570297241210938 -0.0334625244140625
0.213027954101563 0.0838775634765625 0.0511322021484375 -0.0897598266601563
0.196533203125 0.15423583984375 0.0914154052734375 -0.10113525390625
0.074005126953125 0.228225708007813 0.1162109375 -0.134292602539063
-0.0693817138671875 0.21942138671875 0.1968994140625 -0.093658447265625
-0.225845336914063 0.0569915771484375 0.30792236328125 0.0498046875
-0.225250244140625 -0.113357543945313 0.25592041015625 0.163436889648437
-0.106964111328125 -0.214813232421875 0.22137451171875 0.1287841796875
0.027130126953125 -0.278854370117188 -0.169647216796875 -0.143936157226563
-0.1217041015625 -0.265396118164063 -0.132781982421875 -0.298187255859375
-0.265899658203125 -0.112396240234375 -0.221649169921875 -0.20892333984375
-0.23419189453125 0.127151489257813 -0.223419189453125 -0.0624237060546875
-0.061431884765625 0.234634399414063 -0.14398193359375 0.012847900390625
0.144454956054688 0.202133178710938 -0.048797607421875 0.0319938659667969
0.21826171875 0.0944061279296875 -0.0211162567138672 0.0199089050292969
0.195358276367187 0.0785980224609375 -0.0301074981689453 -0.027191162109375
0.224761962890625 0.0994873046875 -0.0329742431640625 -0.0905609130859375
0.1849365234375 0.17803955078125 0.0244827270507812 -0.132232666015625
0.0390167236328125 0.245941162109375 0.0950927734375 -0.184051513671875
-0.112274169921875 0.205108642578125 0.221649169921875 -0.119140625
-0.2392578125 0.00134277343750003 0.318695068359375 0.08203125
-0.202560424804688 -0.161544799804687 0.201034545898438 0.17913818359375
-0.0731353759765625 -0.237411499023438 0.191543579101562 0.0604248046875
0.00529479980468749 -0.239349365234375 -0.216629028320312 -0.205978393554688
-0.145401000976562 -0.209075927734375 -0.200698852539063 -0.273483276367188
-0.236953735351563 -0.051483154296875 -0.218887329101563 -0.156097412109375
-0.173553466796875 0.138717651367187 -0.19171142578125 -0.0693511962890625
-0.0192413330078125 0.204483032226563 -0.153335571289063 -0.0278167724609375
0.14801025390625 0.156387329101563 -0.111404418945312 0.00355529785156251
0.193023681640625 0.0666656494140625 -0.102897644042969 0.0193252563476563
0.171295166015625 0.061859130859375 -0.11279296875 -0.0194168090820312
0.193939208984375 0.0923309326171875 -0.1094970703125 -0.103927612304688
0.141204833984375 0.163314819335938 -0.0255584716796875 -0.179351806640625
-0.000869750976562492 0.21087646484375 0.103378295898437 -0.233612060546875
-0.126235961914063 0.145797729492187 0.264236450195313 -0.120651245117187
-0.193084716796875 -0.05474853515625 0.319915771484375 0.1397705078125
-0.134262084960938 -0.175521850585938 0.140533447265625 0.190841674804688
-0.0231170654296875 -0.21685791015625 0.177017211914063 -0.011566162109375
0.00642395019531251 -0.163040161132813 -0.263427734375 -0.255645751953125
-0.114044189453125 -0.137969970703125 -0.267013549804688 -0.243057250976563
-0.156997680664063 -0.0125579833984375 -0.227645874023438 -0.101211547851563
-0.100456237792969 0.101966857910156 -0.181259155273438 -0.0596771240234375
0.00258636474609374 0.134475708007813 -0.166259765625 -0.0354156494140625
0.111961364746094 0.095428466796875 -0.1566162109375 0.00189208984375002
0.133216857910156 0.0370864868164062 -0.164260864257813 0.02923583984375
0.118377685546875 0.0358810424804687 -0.176513671875 -0.0142669677734375
0.130416870117188 0.063201904296875 -0.1639404296875 -0.124893188476563
0.0827560424804688 0.108833312988281 -0.048095703125 -0.230377197265625
-0.0183868408203125 0.131889343261719 0.135391235351563 -0.264602661132813
-0.0905532836914062 0.0703353881835938 0.31011962890625 -0.096832275390625
-0.1021728515625 -0.0690689086914062 0.30718994140625 0.199188232421875
-0.05340576171875 -0.134681701660156 0.098541259765625 0.193038940429688
0.0213165283203125 -0.155624389648437 0.1864013671875 -0.0633697509765625
0.0282821655273437 -0.0725479125976562 -0.299072265625 -0.26336669921875
-0.0477066040039062 -0.0771636962890625 -0.306671142578125 -0.2008056640625
-0.0647048950195313 -0.00884246826171876 -0.227752685546875 -0.057037353515625
-0.0420608520507812 0.0368881225585938 -0.180206298828125 -0.046905517578125
0.0034027099609375 0.0522193908691406 -0.175048828125 -0.0258636474609375
0.0530242919921875 0.0317459106445312 -0.186050415039063 0.017425537109375
0.0581932067871094 0.00679397583007813 -0.203704833984375 0.047515869140625
0.0540657043457031 0.00305938720703125 -0.212295532226563 -0.00358581542968747
0.0574569702148438 0.0152168273925781 -0.189071655273437 -0.134109497070313
0.0415992736816406 0.0275955200195312 -0.0452117919921875 -0.255081176757813
0.00359725952148438 0.0433921813964844 0.170669555664063 -0.25836181640625
-0.0163612365722656 0.0230216979980469 0.3349609375 -0.04736328125
-0.0153636932373047 -0.0239124298095703 0.270660400390625 0.257492065429688
-0.00721359252929688 -0.0447998046875 0.0627899169921875 0.197418212890625
0.0290908813476563 -0.063934326171875 0.20355224609375 -0.09295654296875
0.0315475463867188 -0.0557975769042969 -0.13385009765625 0.104209899902344
-0.00293731689453125 -0.0745315551757812 -0.0583343505859375 -0.277557373046875
-0.0637092590332031 -0.0353927612304688 -0.497711181640625 -0.268585205078125
-0.0745315551757813 0.0214996337890625 -0.4462890625 0.051849365234375
-0.0283927917480469 0.0297813415527344 -0.179153442382813 0.260482788085938
-0.0155124664306641 0.0296821594238281 0.0762481689453125 0.214019775390625
0.00789642333984375 0.0432205200195313 0.156478881835938 0.050384521484375
0.0121612548828125 0.0476913452148438 0.118186950683594 -0.0962677001953125
0.0071563720703125 0.0494842529296875 0.109375 -0.201766967773438
0.00565719604492188 0.0411872863769531 0.19854736328125 -0.226043701171875
-0.00871086120605468 0.0341529846191406 0.288543701171875 -0.201202392578125
-0.0244941711425781 0.0269927978515625 0.388641357421875 -0.05126953125
-0.0317535400390625 -0.0140666961669922 0.41558837890625 0.225830078125
-0.000261306762695313 -0.0240230560302734 0.255828857421875 0.35888671875
0.0135307312011719 -0.015110969543457 -0.0120086669921875 0.254135131835938
0.0547027587890625 -0.160919189453125 -0.0224418640136719 -0.0300559997558594
-0.0164642333984375 -0.163040161132812 -0.14849853515625 -0.426544189453125
-0.131996154785156 -0.076080322265625 -0.413055419921875 -0.310333251953125
-0.111892700195313 0.0535736083984375 -0.462615966796875 0.034698486328125
-0.0339889526367188 0.088226318359375 -0.192169189453125 0.221771240234375
0.0335845947265625 0.0681724548339844 0.057281494140625 0.185470581054688
0.0651664733886719 0.0373077392578125 0.140396118164063 0.038360595703125
0.059234619140625 0.0353202819824219 0.100921630859375 -0.104217529296875
0.0583152770996094 0.0316886901855469 0.08984375 -0.211685180664062
0.0691795349121094 0.0341300964355469 0.177764892578125 -0.2435302734375
0.0495338439941406 0.0658721923828125 0.257904052734375 -0.227783203125
0.00357055664062501 0.09100341796875 0.372467041015625 -0.09552001953125
-0.0852584838867188 0.0444259643554688 0.43243408203125 0.174041748046875
-0.0887222290039062 -0.0364456176757813 0.271820068359375 0.33258056640625
-0.03167724609375 -0.0915374755859375 -0.00279235839843748 0.245223999023437
0.061279296875 -0.240478515625 -0.021514892578125 -0.0436515808105469
-0.0596771240234375 -0.22735595703125 -0.11785888671875 -0.435455322265625
-0.201004028320313 -0.0776824951171875 -0.41668701171875 -0.321563720703125
-0.1475830078125 0.09735107421875 -0.4288330078125 -0.00631713867187501
-0.0217819213867188 0.136924743652344 -0.196914672851563 0.166152954101563
0.0814437866210938 0.0839462280273438 0.0208892822265625 0.145736694335938
0.108451843261719 0.020782470703125 0.101219177246094 0.0282363891601563
0.0971603393554688 0.0174484252929688 0.070465087890625 -0.0985794067382812
0.104728698730469 0.008636474609375 0.0592498779296875 -0.206787109375
0.125480651855469 0.02398681640625 0.151351928710938 -0.253250122070313
0.100959777832031 0.0911865234375 0.228225708007813 -0.251617431640625
0.0264434814453125 0.145675659179688 0.355010986328125 -0.12823486328125
-0.133644104003906 0.0887832641601563 0.43719482421875 0.1385498046875
-0.16094970703125 -0.0519256591796875 0.268524169921875 0.30517578125
-0.0633697509765625 -0.157180786132813 -0.00175476074218752 0.213653564453125
0.0318603515625 -0.2855224609375 0.0473785400390625 -0.107963562011719
-0.126724243164062 -0.236221313476562 -0.08001708984375 -0.31768798828125
-0.255157470703125 -0.0751037597656251 -0.276123046875 -0.278717041015625
-0.215957641601563 0.126754760742188 -0.28900146484375 -0.053314208984375
-0.0689544677734375 0.233627319335938 -0.150650024414063 0.073150634765625
0.139938354492187 0.197280883789063 0.00241851806640626 0.082244873046875
0.219085693359375 0.07623291015625 0.0642318725585938 0.0279083251953125
0.199737548828125 0.05560302734375 0.0576286315917969 -0.0410995483398437
0.229568481445312 0.06219482421875 0.0506439208984375 -0.0940093994140625
0.21990966796875 0.137161254882813 0.0964431762695313 -0.105262756347656
0.100662231445312 0.228927612304688 0.116325378417969 -0.1339111328125
-0.051239013671875 0.233596801757813 0.193389892578125 -0.093505859375
-0.22857666015625 0.0783233642578124 0.30352783203125 0.039825439453125
-0.240615844726563 -0.0937194824218751 0.256591796875 0.149093627929688
-0.127655029296875 -0.205612182617188 0.232650756835938 0.106033325195312
0.00390624999999999 -0.2847900390625 -0.178665161132813 -0.119522094726563
-0.1492919921875 -0.2579345703125 -0.1387939453125 -0.286651611328125
-0.28814697265625 -0.0898132324218749 -0.2205810546875 -0.20513916015625
-0.230819702148438 0.15557861328125 -0.221771240234375 -0.0627593994140625
-0.0374755859375 0.250045776367188 -0.14752197265625 0.0128784179687501
0.171401977539062 0.193679809570312 -0.0567703247070312 0.0302543640136719
0.235504150390625 0.0710296630859375 -0.0230560302734375 0.0204486846923828
0.211776733398438 0.058135986328125 -0.0306606292724609 -0.0240726470947266
0.24432373046875 0.0772857666015625 -0.0355682373046875 -0.0847549438476563
0.211776733398438 0.163589477539063 0.0243606567382813 -0.129302978515625
0.06634521484375 0.252410888671875 0.0886383056640625 -0.183319091796875
-0.0969085693359375 0.224411010742188 0.216140747070313 -0.122177124023437
-0.24755859375 0.0223388671875 0.319183349609375 0.07244873046875
-0.221847534179687 -0.144546508789063 0.202835083007813 0.1727294921875
-0.0953369140625 -0.230453491210938 0.195037841796875 0.0395050048828125
-0.01556396484375 -0.244613647460938 -0.233688354492187 -0.17889404296875
-0.1688232421875 -0.19940185546875 -0.205856323242188 -0.254241943359375
-0.253799438476563 -0.0293579101562501 -0.21282958984375 -0.15289306640625
-0.16827392578125 0.162994384765625 -0.19171142578125 -0.074676513671875
0.00294494628906252 0.21649169921875 -0.1632080078125 -0.029022216796875
0.171279907226563 0.147247314453125 -0.124359130859375 0.00802612304687502
0.208358764648438 0.045928955078125 -0.107803344726563 0.030029296875
0.18505859375 0.0435333251953125 -0.11553955078125 -0.00695037841796875
0.21368408203125 0.07373046875 -0.116806030273437 -0.0890655517578125
0.165435791015625 0.155258178710938 -0.034271240234375 -0.17132568359375
0.0212860107421875 0.2203369140625 0.0897216796875 -0.234817504882813
-0.117782592773437 0.163314819335938 0.258743286132813 -0.128936767578125
-0.204299926757813 -0.0401153564453125 0.3262939453125 0.131103515625
-0.15240478515625 -0.164077758789063 0.141677856445313 0.19183349609375
-0.0421142578125 -0.214508056640625 0.171478271484375 -0.032379150390625
-0.0076141357421875 -0.168350219726563 -0.286712646484375 -0.22564697265625
-0.132644653320312 -0.131118774414063 -0.270339965820313 -0.218414306640625
-0.168441772460938 0.00186157226562497 -0.217193603515625 -0.097015380859375
-0.0973739624023437 0.118072509765625 -0.18194580078125 -0.067047119140625
0.0173187255859375 0.143386840820313 -0.178253173828125 -0.03619384765625
0.127716064453125 0.0897140502929688 -0.171875 0.010894775390625
0.144302368164063 0.023406982421875 -0.170547485351563 0.0468902587890625
0.128349304199219 0.0245742797851563 -0.181076049804688 0.00634765625000002
0.144622802734375 0.0520477294921875 -0.175735473632813 -0.104812622070312
0.0993194580078125 0.1064453125 -0.064697265625 -0.221267700195313
-0.00634765625000001 0.141265869140625 0.118362426757813 -0.269729614257813
-0.0887069702148438 0.0813064575195313 0.30596923828125 -0.109100341796875
-0.111778259277344 -0.0639877319335938 0.314544677734375 0.193695068359375
-0.0655975341796875 -0.130348205566406 0.095947265625 0.198043823242188
0.0078277587890625 -0.15606689453125 0.175216674804688 -0.085540771484375
0.0228729248046875 -0.0788726806640625 -0.322998046875 -0.231231689453125
-0.0596237182617188 -0.07513427734375 -0.306915283203125 -0.172637939453125
-0.0720748901367188 -0.00290679931640626 -0.214553833007813 -0.0539703369140625
-0.0429954528808594 0.0456199645996094 -0.182907104492187 -0.0550384521484375
0.00965881347656251 0.0575675964355469 -0.189300537109375 -0.025848388671875
0.0602684020996094 0.0305900573730469 -0.20123291015625 0.0294952392578125
0.0633049011230469 0.0009765625 -0.210189819335938 0.070648193359375
0.0587310791015625 -0.001953125 -0.21771240234375 0.0220489501953125
0.0637550354003906 0.01165771484375 -0.2032470703125 -0.11163330078125
0.0467987060546875 0.0271072387695313 -0.066558837890625 -0.247314453125
0.00707244873046875 0.04742431640625 0.153366088867188 -0.266433715820313
-0.015960693359375 0.0253829956054688 0.334869384765625 -0.060150146484375
-0.0172882080078125 -0.0253028869628906 0.279861450195313 0.255645751953125
-0.010498046875 -0.0427627563476563 0.05718994140625 0.2049560546875
0.02374267578125 -0.0644607543945313 0.18865966796875 -0.116989135742187
0.0291938781738281 -0.0569953918457031 -0.112869262695313 0.118309020996094
-0.00715637207031251 -0.0721969604492188 -0.0591583251953125 -0.273330688476563
-0.0636482238769531 -0.0319709777832031 -0.497650146484375 -0.231903076171875
-0.0717620849609375 0.0255813598632813 -0.460052490234375 0.110198974609375
-0.0273799896240234 0.0313262939453125 -0.15924072265625 0.260894775390625
-0.0148563385009766 0.0313949584960938 0.08489990234375 0.200912475585938
0.0101089477539063 0.0411643981933594 0.155136108398437 0.0385284423828125
0.0163650512695313 0.0447921752929687 0.106536865234375 -0.101669311523437
0.0116806030273438 0.04840087890625 0.0914459228515625 -0.203155517578125
0.00759506225585938 0.040130615234375 0.17767333984375 -0.23431396484375
-0.00724029541015625 0.0332431793212891 0.268768310546875 -0.213729858398437
-0.0222949981689453 0.0278472900390625 0.37359619140625 -0.07159423828125
-0.0324993133544922 -0.0110855102539062 0.417144775390625 0.196685791015625
-0.00232887268066406 -0.0235519409179687 0.271148681640625 0.337066650390625
0.0123424530029297 -0.0170068740844727 0.00459289550781248 0.254547119140625
0.04229736328125 -0.161117553710938 -0.0197868347167969 -0.0273532867431641
-0.0268096923828125 -0.159011840820313 -0.165618896484375 -0.4052734375
-0.133491516113281 -0.0676345825195313 -0.427764892578125 -0.28082275390625
-0.106216430664062 0.0578079223632812 -0.449798583984375 0.0607910156250001
-0.028961181640625 0.0875701904296875 -0.174423217773437 0.224227905273438
0.0343551635742188 0.0656013488769531 0.063934326171875 0.174026489257812
0.0657386779785156 0.0324478149414063 0.13934326171875 0.0277633666992188
0.0607109069824219 0.0296974182128906 0.0909652709960938 -0.107772827148438
0.0611724853515625 0.0270347595214844 0.0719146728515625 -0.211196899414063
0.0684280395507813 0.0293197631835938 0.157546997070312 -0.2496337890625
0.0513992309570312 0.0611114501953125 0.237884521484375 -0.239181518554688
0.00910186767578126 0.0890045166015625 0.3558349609375 -0.1134033203125
-0.082183837890625 0.0492172241210938 0.429473876953125 0.14453125
-0.0905303955078125 -0.03033447265625 0.2862548828125 0.310211181640625
-0.0366439819335938 -0.0886306762695313 0.0147705078125 0.244979858398438
0.043853759765625 -0.239059448242188 -0.0198402404785156 -0.0401992797851563
-0.0719757080078125 -0.218414306640625 -0.13568115234375 -0.417938232421875
-0.199844360351563 -0.0648956298828125 -0.420440673828125 -0.291015625
-0.138603210449219 0.1029052734375 -0.4169921875 0.0164794921875
-0.0132675170898438 0.134269714355469 -0.182113647460938 0.170333862304688
0.0821151733398438 0.07769775390625 0.0261077880859375 0.139472961425781
0.106170654296875 0.01336669921875 0.100021362304688 0.01995849609375
0.0967636108398438 0.00952911376953125 0.061492919921875 -0.100479125976563
0.104049682617188 0.001983642578125 0.042694091796875 -0.20526123046875
0.12359619140625 0.0156021118164062 0.12939453125 -0.25836181640625
0.103401184082031 0.0820770263671875 0.2060546875 -0.25860595703125
0.0347747802734375 0.141021728515625 0.335845947265625 -0.144622802734375
-0.126907348632813 0.095916748046875 0.43316650390625 0.110382080078125
-0.161956787109375 -0.0411376953125 0.281524658203125 0.282196044921875
-0.071441650390625 -0.150497436523438 0.0193939208984375 0.2113037109375
0.0111083984375 -0.281646728515625 0.0438766479492188 -0.109725952148438
-0.138397216796875 -0.22216796875 -0.08270263671875 -0.306427001953125
-0.256637573242188 -0.0576019287109375 -0.275405883789063 -0.265869140625
-0.205841064453125 0.141632080078125 -0.2822265625 -0.0467529296875001
-0.046844482421875 0.238998413085937 -0.145050048828125 0.071990966796875
0.157989501953125 0.18389892578125 0.00135040283203125 0.075653076171875
0.224441528320313 0.05303955078125 0.0632553100585938 0.020263671875
0.205307006835937 0.0344390869140625 0.0553207397460938 -0.0468902587890625
0.237106323242188 0.038116455078125 0.0498046875 -0.0966415405273438
0.234725952148438 0.11553955078125 0.100379943847656 -0.108718872070312
0.123321533203125 0.221084594726563 0.1158447265625 -0.131072998046875
-0.0315093994140625 0.2398681640625 0.187789916992188 -0.0889434814453125
-0.22344970703125 0.096771240234375 0.291900634765625 0.033416748046875
-0.24676513671875 -0.0723419189453125 0.249465942382812 0.136428833007813
-0.141311645507813 -0.189010620117188 0.233871459960938 0.08148193359375
-0.0186309814453125 -0.280929565429687 -0.17755126953125 -0.09381103515625
-0.168243408203125 -0.241775512695313 -0.136764526367188 -0.2698974609375
-0.2982177734375 -0.0638427734375 -0.212936401367188 -0.200897216796875
-0.21942138671875 0.178146362304687 -0.216995239257813 -0.065093994140625
-0.0126190185546875 0.2552490234375 -0.148208618164062 0.0113677978515625
0.1915283203125 0.17840576171875 -0.0633163452148438 0.0297470092773438
0.243453979492188 0.0452728271484375 -0.0246448516845703 0.02117919921875
0.218490600585938 0.035369873046875 -0.0308132171630859 -0.0207176208496094
0.255111694335938 0.0507354736328125 -0.035003662109375 -0.0778274536132813
0.230392456054688 0.1429443359375 0.0261764526367188 -0.124618530273438
0.09130859375 0.249603271484375 0.082550048828125 -0.177444458007812
-0.0786590576171875 0.234878540039063 0.207138061523438 -0.120635986328125
-0.247756958007812 0.0423431396484375 0.31036376953125 0.06427001953125
-0.231842041015625 -0.123764038085938 0.198043823242187 0.1654052734375
-0.111495971679688 -0.216461181640625 0.189605712890625 0.019134521484375
-0.034332275390625 -0.24139404296875 -0.237625122070313 -0.146682739257812
-0.1859130859375 -0.183578491210938 -0.20001220703125 -0.232391357421875
-0.261367797851562 -0.00584411621093746 -0.201141357421875 -0.15081787109375
-0.156951904296875 0.181747436523438 -0.1890869140625 -0.08074951171875
0.025482177734375 0.219039916992188 -0.169723510742188 -0.02838134765625
0.18939208984375 0.132965087890625 -0.133407592773438 0.0147018432617188
0.213592529296875 0.0239105224609375 -0.108322143554687 0.0398788452148437
0.190826416015625 0.0243988037109375 -0.113365173339844 0.00605773925781249
0.223724365234375 0.0511016845703125 -0.116859436035156 -0.07269287109375
0.183029174804688 0.140167236328125 -0.0376129150390625 -0.160125732421875
0.0435791015625 0.221466064453125 0.0778656005859375 -0.228652954101563
-0.105117797851563 0.175567626953125 0.247665405273437 -0.130203247070313
-0.209396362304688 -0.0240478515625 0.322540283203125 0.123443603515625
-0.1641845703125 -0.148574829101562 0.138336181640625 0.191329956054688
-0.0579986572265625 -0.204116821289062 0.159194946289063 -0.048980712890625
-0.0202789306640625 -0.168502807617187 -0.295318603515625 -0.19000244140625
-0.144729614257813 -0.118667602539063 -0.262771606445313 -0.192855834960937
-0.173538208007813 0.0179290771484375 -0.20098876953125 -0.0960235595703125
-0.090301513671875 0.131324768066406 -0.1806640625 -0.0753936767578125
0.0333099365234375 0.146438598632813 -0.18853759765625 -0.035491943359375
0.14044189453125 0.0802078247070313 -0.182144165039063 0.0220184326171875
0.1490478515625 0.008636474609375 -0.170516967773438 0.06402587890625
0.133049011230469 0.01165771484375 -0.178253173828125 0.0260772705078125
0.152847290039063 0.0385284423828125 -0.178909301757813 -0.0815887451171875
0.111305236816406 0.0991439819335937 -0.0756683349609375 -0.20513916015625
0.00717163085937501 0.14459228515625 0.100006103515625 -0.265029907226563
-0.0829010009765625 0.0900497436523438 0.29473876953125 -0.113983154296875
-0.11773681640625 -0.056488037109375 0.314849853515625 0.187469482421875
-0.07470703125 -0.121505737304688 0.0912017822265625 0.201095581054687
-0.00381469726562499 -0.151031494140625 0.156906127929688 -0.101287841796875
0.0170211791992187 -0.0827407836914062 -0.331817626953125 -0.192474365234375
-0.0690841674804688 -0.0686721801757813 -0.29437255859375 -0.145263671875
-0.077117919921875 0.00435638427734375 -0.197555541992188 -0.0557708740234375
-0.0416030883789063 0.0537948608398438 -0.18438720703125 -0.063018798828125
0.0164299011230469 0.0604820251464844 -0.199737548828125 -0.024139404296875
0.06689453125 0.027862548828125 -0.21185302734375 0.04296875
0.0659942626953125 -0.00506591796875 -0.209381103515625 0.0916748046875
0.061187744140625 -0.00716018676757813 -0.214248657226563 0.04608154296875
0.0684013366699219 0.00643157958984375 -0.208053588867187 -0.0860443115234375
0.05078125 0.025665283203125 -0.0827484130859375 -0.231399536132813
0.0110626220703125 0.0495948791503906 0.133743286132813 -0.264251708984375
-0.0153942108154297 0.0268077850341797 0.32550048828125 -0.06781005859375
-0.0192756652832031 -0.0258979797363281 0.28228759765625 0.25177001953125
-0.0130653381347656 -0.0395584106445313 0.0514373779296875 0.210845947265625
0.0188941955566406 -0.0622634887695313 0.166885375976563 -0.13330078125
0.0272865295410156 -0.0565299987792969 -0.0919723510742187 0.12481689453125
-0.00972747802734374 -0.0694007873535156 -0.05194091796875 -0.269027709960938
-0.0633354187011719 -0.0302658081054688 -0.4835205078125 -0.21368408203125
-0.0689697265625 0.0266456604003906 -0.443695068359375 0.122100830078125
-0.02655029296875 0.0323276519775391 -0.1466064453125 0.253570556640625
-0.0156917572021484 0.0322399139404297 0.086273193359375 0.189010620117188
0.0106620788574219 0.0396308898925781 0.151046752929688 0.030731201171875
0.0177268981933594 0.0412406921386719 0.0985565185546875 -0.101448059082031
0.0144500732421875 0.0464935302734375 0.0793304443359375 -0.19915771484375
0.0087890625 0.0393714904785156 0.162353515625 -0.234268188476563
-0.00697517395019531 0.0324230194091797 0.25262451171875 -0.214584350585937
-0.0203685760498047 0.0278587341308594 0.35693359375 -0.077545166015625
-0.0328254699707031 -0.00924110412597657 0.406646728515625 0.179718017578125
-0.00341415405273437 -0.0232295989990234 0.272491455078125 0.319976806640625
0.0118217468261719 -0.0176982879638672 0.014007568359375 0.251251220703125
0.03521728515625 -0.156753540039063 -0.0157852172851562 -0.0269908905029297
-0.0306243896484375 -0.15264892578125 -0.168060302734375 -0.388336181640625
-0.131668090820313 -0.0631027221679688 -0.429412841796875 -0.26031494140625
-0.1002197265625 0.0582656860351563 -0.43212890625 0.0702819824218751
-0.0256271362304687 0.0850448608398437 -0.161666870117188 0.218399047851563
0.0330810546875 0.0634002685546875 0.0640716552734375 0.163604736328125
0.0634689331054688 0.0291328430175781 0.136665344238281 0.0207977294921875
0.0603828430175781 0.0256729125976563 0.0826797485351563 -0.106857299804688
0.0610466003417969 0.0241203308105469 0.060211181640625 -0.205596923828125
0.0677642822265625 0.0264739990234375 0.142547607421875 -0.248138427734375
0.0519027709960938 0.0581855773925781 0.222381591796875 -0.2376708984375
0.0118484497070313 0.0862960815429688 0.339019775390625 -0.117706298828125
-0.0793685913085937 0.05224609375 0.417205810546875 0.128387451171875
-0.0898056030273438 -0.026580810546875 0.2872314453125 0.293792724609375
-0.0388259887695313 -0.0854339599609375 0.0258331298828125 0.241607666015625
0.032562255859375 -0.232986450195313 -0.0159797668457031 -0.0376815795898438
-0.0772552490234375 -0.209121704101563 -0.14007568359375 -0.402801513671875
-0.195602416992188 -0.0570831298828125 -0.4102783203125 -0.27166748046875
-0.13201904296875 0.10321044921875 -0.40118408203125 0.025787353515625
-0.01025390625 0.130409240722656 -0.171463012695312 0.167388916015625
0.0802764892578125 0.0743331909179688 0.02728271484375 0.132804870605469
0.102432250976563 0.00998687744140625 0.0970230102539063 0.0148391723632813
0.0938720703125 0.00446319580078125 0.0541229248046875 -0.0985031127929688
0.102264404296875 -0.00150299072265625 0.0330963134765625 -0.198165893554688
0.119026184082031 0.0113525390625 0.114669799804687 -0.25592041015625
0.101898193359375 0.0767669677734375 0.191162109375 -0.255203247070313
0.037750244140625 0.136093139648438 0.320037841796875 -0.146881103515625
-0.121772766113281 0.0992584228515625 0.419677734375 0.09503173828125
-0.160171508789063 -0.0344390869140625 0.28216552734375 0.265411376953125
-0.074462890625 -0.145462036132813 0.030029296875 0.207427978515625
-0.000335693359374991 -0.272735595703125 0.0430450439453125 -0.109199523925781
-0.141326904296875 -0.210769653320313 -0.074737548828125 -0.29681396484375
-0.253021240234375 -0.04718017578125 -0.2662353515625 -0.258010864257813
-0.19720458984375 0.1488037109375 -0.27313232421875 -0.049407958984375
-0.031219482421875 0.239334106445313 -0.141845703125 0.0661773681640625
0.1685791015625 0.172439575195313 -0.00197601318359374 0.069854736328125
0.2244873046875 0.0356292724609375 0.0602607727050781 0.0146141052246094
0.204681396484375 0.0186614990234375 0.053558349609375 -0.0504570007324219
0.237777709960937 0.0200347900390625 0.0504989624023438 -0.0972747802734375
0.241302490234375 0.097625732421875 0.105751037597656 -0.110832214355469
0.137588500976563 0.212738037109375 0.1195068359375 -0.12518310546875
-0.017822265625 0.24151611328125 0.184982299804687 -0.0785369873046875
-0.218002319335938 0.10797119140625 0.278915405273438 0.0374755859375
-0.246749877929687 -0.0558319091796875 0.2364501953125 0.131423950195313
-0.146697998046875 -0.175308227539063 0.227890014648438 0.0643310546875
-0.0318145751953125 -0.272979736328125 -0.169509887695313 -0.073455810546875
-0.177749633789063 -0.227386474609375 -0.124710083007812 -0.25738525390625
-0.301025390625 -0.045074462890625 -0.200531005859375 -0.2034912109375
-0.208343505859375 0.192306518554687 -0.210601806640625 -0.073516845703125
0.00599670410156251 0.254623413085938 -0.149551391601563 0.006805419921875
0.203887939453125 0.164337158203125 -0.0700645446777343 0.0295333862304688
0.244598388671875 0.0254058837890625 -0.0264816284179687 0.0223979949951172
0.219696044921875 0.0177001953125 -0.0292816162109375 -0.0181941986083984
0.258346557617188 0.030487060546875 -0.031219482421875 -0.071441650390625
0.241012573242188 0.125869750976563 0.0319442749023438 -0.120506286621094
0.109237670898438 0.243545532226562 0.082275390625 -0.168716430664062
-0.0645294189453125 0.24017333984375 0.202163696289062 -0.111038208007812
-0.24609375 0.055511474609375 0.299652099609375 0.067626953125
-0.234786987304688 -0.106735229492188 0.188446044921875 0.16455078125
-0.119033813476562 -0.202835083007813 0.180908203125 0.00625610351562499
-0.046905517578125 -0.235137939453125 -0.23193359375 -0.121337890625
-0.19378662109375 -0.169784545898438 -0.185531616210937 -0.218399047851563
-0.262664794921875 0.010955810546875 -0.185882568359375 -0.156097412109375
-0.147048950195312 0.1944580078125 -0.186325073242188 -0.0913238525390625
0.041290283203125 0.218109130859375 -0.174942016601563 -0.0311279296875
0.199752807617188 0.119918823242187 -0.140182495117188 0.0206985473632813
0.214828491210938 0.00653076171875 -0.108283996582031 0.04681396484375
0.193435668945313 0.010223388671875 -0.109611511230469 0.0148773193359375
0.228927612304688 0.034088134765625 -0.111595153808594 -0.06011962890625
0.19451904296875 0.127090454101563 -0.0350799560546875 -0.14971923828125
0.0593414306640625 0.220260620117188 0.073333740234375 -0.21783447265625
-0.0944976806640625 0.182174682617188 0.240829467773438 -0.123916625976562
-0.210952758789063 -0.0125274658203125 0.31451416015625 0.126220703125
-0.1693115234375 -0.134368896484375 0.130477905273437 0.195327758789063
-0.0652618408203125 -0.1929931640625 0.144851684570313 -0.0574188232421875
-0.0284881591796875 -0.166641235351563 -0.292388916015625 -0.160369873046875
-0.15179443359375 -0.108551025390625 -0.244140625 -0.176498413085937
-0.176162719726563 0.029571533203125 -0.183929443359375 -0.104080200195313
-0.084747314453125 0.1409912109375 -0.179458618164063 -0.087738037109375
0.044647216796875 0.146499633789063 -0.196487426757813 -0.037109375
0.148834228515625 0.0725250244140625 -0.1895751953125 0.0299072265625
0.150131225585938 -0.0026397705078125 -0.169036865234375 0.075439453125
0.135444641113281 0.00171661376953125 -0.172988891601563 0.04034423828125
0.158279418945313 0.0269317626953125 -0.17510986328125 -0.0640869140625
0.120086669921875 0.0932159423828125 -0.0781707763671875 -0.190383911132813
0.0172882080078125 0.146530151367188 0.0909576416015625 -0.254562377929688
-0.07867431640625 0.09515380859375 0.28656005859375 -0.110015869140625
-0.120834350585938 -0.0504913330078125 0.30792236328125 0.189971923828125
-0.0785751342773438 -0.112998962402344 0.0818634033203125 0.207809448242188
-0.00973510742187499 -0.143814086914062 0.138595581054688 -0.109519958496094
0.0121536254882813 -0.085174560546875 -0.32720947265625 -0.162933349609375
-0.0746078491210938 -0.06256103515625 -0.273834228515625 -0.130569458007813
-0.080718994140625 0.0107955932617188 -0.180801391601563 -0.06610107421875
-0.0395584106445313 0.0602684020996094 -0.1849365234375 -0.0755615234375
0.0221519470214844 0.0629310607910156 -0.209716796875 -0.0251617431640625
0.0717239379882812 0.0261993408203125 -0.218780517578125 0.0538330078125
0.0671424865722656 -0.00992584228515625 -0.206130981445313 0.1064453125
0.0631828308105469 -0.0109977722167969 -0.207656860351563 0.0634307861328125
0.0717239379882813 0.002410888671875 -0.205535888671875 -0.0659027099609375
0.0540885925292969 0.0249443054199219 -0.0888214111328125 -0.214492797851563
0.0142745971679688 0.0512199401855469 0.12261962890625 -0.254364013671875
-0.0145454406738281 0.0285148620605469 0.317413330078125 -0.064849853515625
-0.02099609375 -0.0256328582763672 0.27685546875 0.255599975585938
-0.0144157409667969 -0.0356559753417969 0.0400390625 0.219192504882813
0.0164108276367188 -0.059661865234375 0.145034790039063 -0.140060424804688
0.0274467468261719 -0.0573654174804688 -0.0761871337890625 0.128509521484375
-0.0106124877929687 -0.0677719116210938 -0.0405120849609375 -0.27288818359375
-0.0635986328125 -0.0308036804199219 -0.47259521484375 -0.210296630859375
-0.0682716369628906 0.0266380310058594 -0.433380126953125 0.118377685546875
-0.0277290344238281 0.0347309112548828 -0.143157958984375 0.248504638671875
-0.0176849365234375 0.0334110260009766 0.0845489501953125 0.182342529296875
0.0103530883789062 0.0397758483886719 0.149383544921875 0.02752685546875
0.0179939270019531 0.0394668579101562 0.0943222045898438 -0.100288391113281
0.0154495239257813 0.0455245971679688 0.073577880859375 -0.195709228515625
0.00842666625976563 0.0392951965332031 0.154983520507812 -0.231903076171875
-0.00791168212890625 0.0322151184082031 0.246170043945313 -0.211868286132813
-0.0199546813964844 0.0280418395996094 0.35162353515625 -0.0765380859375
-0.0318775177001953 -0.00774192810058594 0.400238037109375 0.17633056640625
-0.00425338745117187 -0.0234870910644531 0.271575927734375 0.31610107421875
0.0112228393554688 -0.0186214447021484 0.017578125 0.251724243164063
0.0317840576171875 -0.154129028320313 -0.0125045776367188 -0.0265884399414063
-0.03179931640625 -0.150283813476563 -0.1640625 -0.381622314453125
-0.130599975585938 -0.0631790161132813 -0.4234619140625 -0.25732421875
-0.098419189453125 0.0565185546875 -0.422393798828125 0.068572998046875
-0.0263290405273438 0.0838851928710938 -0.159011840820313 0.213119506835937
0.0312309265136719 0.0641136169433594 0.0619964599609375 0.158584594726563
0.0625534057617188 0.028961181640625 0.135292053222656 0.0179443359375
0.0595436096191406 0.0235214233398438 0.0794448852539062 -0.104591369628906
0.0623054504394531 0.0234146118164062 0.0556793212890625 -0.201492309570313
0.0663681030273438 0.0264053344726563 0.135726928710938 -0.245513916015625
0.0507240295410156 0.056488037109375 0.216018676757813 -0.233566284179688
0.0124282836914063 0.086639404296875 0.33203125 -0.115509033203125
-0.0785446166992188 0.0535125732421875 0.41107177734375 0.1258544921875
-0.089935302734375 -0.0251541137695313 0.285552978515625 0.2879638671875
-0.0388565063476563 -0.0856170654296875 0.0300445556640625 0.241973876953125
0.029296875 -0.229202270507812 -0.0123329162597656 -0.0358657836914063
-0.0774078369140625 -0.20513916015625 -0.1361083984375 -0.3961181640625
-0.19305419921875 -0.0556793212890625 -0.401275634765625 -0.269256591796875
-0.129745483398438 0.10150146484375 -0.39471435546875 0.025115966796875
-0.00986480712890625 0.128555297851563 -0.169174194335938 0.163131713867188
0.0786666870117188 0.0754318237304688 0.0262298583984375 0.129203796386719
0.099395751953125 0.00940704345703125 0.0960845947265625 0.0121078491210938
0.0925674438476562 0.00250244140625 0.0516586303710938 -0.0965499877929688
0.101799011230469 -0.003662109375 0.0283050537109375 -0.194168090820313
0.117401123046875 0.010345458984375 0.10784912109375 -0.253204345703125
0.100532531738281 0.07513427734375 0.185348510742188 -0.251602172851563
0.0386123657226562 0.134269714355469 0.31329345703125 -0.144287109375
-0.119964599609375 0.0998992919921875 0.4130859375 0.09442138671875
-0.159957885742188 -0.031646728515625 0.27972412109375 0.262924194335937
-0.074462890625 -0.14471435546875 0.0269775390625 0.21014404296875
-0.00346374511718749 -0.268157958984375 0.0449676513671875 -0.109649658203125
-0.141220092773437 -0.206146240234375 -0.062591552734375 -0.2945556640625
-0.253005981445313 -0.0438079833984375 -0.255813598632812 -0.26336669921875
-0.19537353515625 0.154434204101563 -0.26910400390625 -0.0591888427734375
-0.0217132568359375 0.241348266601563 -0.1431884765625 0.0586395263671875
0.177642822265625 0.166412353515625 -0.00702667236328124 0.0658950805664063
0.22564697265625 0.0242156982421875 0.0580787658691406 0.0113601684570313
0.206558227539063 0.0075225830078125 0.0528373718261719 -0.0531654357910156
0.240432739257813 0.0070037841796875 0.05419921875 -0.0994415283203125
0.248123168945312 0.0856475830078125 0.114364624023438 -0.114601135253906
0.1490478515625 0.209228515625 0.128341674804688 -0.120704650878906
-0.00938415527343749 0.246231079101563 0.18994140625 -0.0663604736328125
-0.217880249023437 0.116775512695313 0.272018432617187 0.0502166748046875
-0.248687744140625 -0.0451202392578125 0.225631713867187 0.136215209960938
-0.149200439453125 -0.167312622070313 0.223419189453125 0.053955078125
-0.0389404296875 -0.270523071289063 -0.160263061523438 -0.058990478515625
-0.184478759765625 -0.219940185546875 -0.109481811523438 -0.255264282226562
-0.30657958984375 -0.0320129394531249 -0.18902587890625 -0.215469360351562
-0.203659057617187 0.2054443359375 -0.20947265625 -0.0880126953125
0.017486572265625 0.257415771484375 -0.15460205078125 -0.000228881835937479
0.21575927734375 0.155914306640625 -0.0773391723632812 0.0298690795898438
0.246994018554688 0.011077880859375 -0.0287265777587891 0.0237178802490234
0.222457885742188 0.0051727294921875 -0.0283031463623047 -0.0164413452148438
0.262939453125 0.0153656005859375 -0.0261344909667969 -0.0695419311523438
0.250640869140625 0.114166259765625 0.0396804809570313 -0.120353698730469
0.12347412109375 0.241622924804688 0.0886383056640625 -0.162078857421875
-0.0556182861328125 0.24676513671875 0.204299926757813 -0.09967041015625
-0.247329711914063 0.0655212402343751 0.295135498046875 0.079986572265625
-0.237930297851562 -0.095458984375 0.179763793945312 0.171676635742188
-0.12286376953125 -0.19464111328125 0.1729736328125 -0.00128173828125001
-0.05303955078125 -0.234344482421875 -0.225357055664063 -0.10382080078125
-0.19989013671875 -0.162796020507813 -0.168624877929687 -0.213455200195313
-0.267135620117187 0.023712158203125 -0.173553466796875 -0.170455932617188
-0.1422119140625 0.205841064453125 -0.1873779296875 -0.108001708984375
0.0530548095703125 0.220306396484375 -0.183441162109375 -0.0365447998046875
0.210235595703125 0.112319946289063 -0.148956298828125 0.02447509765625
0.217544555664063 -0.005523681640625 -0.109779357910156 0.0528411865234375
0.196487426757813 -0.000732421875 -0.106559753417969 0.0222320556640625
0.234176635742188 0.02044677734375 -0.106658935546875 -0.0529556274414063
0.205047607421875 0.11859130859375 -0.029693603515625 -0.144546508789063
0.0714874267578125 0.221359252929688 0.0748138427734375 -0.210617065429688
-0.0887451171875 0.188995361328125 0.242538452148438 -0.115036010742188
-0.214385986328125 -0.00459289550781248 0.31201171875 0.137481689453125
-0.17230224609375 -0.125457763671875 0.12249755859375 0.20648193359375
-0.0690155029296875 -0.186447143554688 0.134437561035156 -0.0630569458007813
-0.0336456298828125 -0.167755126953125 -0.28826904296875 -0.141082763671875
-0.15716552734375 -0.103164672851563 -0.227127075195313 -0.170669555664062
-0.17999267578125 0.03826904296875 -0.17071533203125 -0.119735717773437
-0.0819549560546875 0.150299072265625 -0.182144165039063 -0.10504150390625
0.0534515380859375 0.149368286132813 -0.207061767578125 -0.0420074462890625
0.157928466796875 0.0676422119140625 -0.1990966796875 0.037109375
0.153533935546875 -0.011444091796875 -0.170440673828125 0.0852813720703125
0.1392822265625 -0.005279541015625 -0.169189453125 0.0505828857421875
0.164321899414063 0.0183868408203125 -0.170623779296875 -0.0526580810546875
0.128089904785156 0.0899200439453125 -0.076202392578125 -0.18157958984375
0.025238037109375 0.14996337890625 0.090087890625 -0.246841430664063
-0.0767745971679687 0.100555419921875 0.28656005859375 -0.10089111328125
-0.125144958496094 -0.0469970703125 0.30535888671875 0.203704833984375
-0.0815811157226562 -0.107498168945313 0.0712127685546875 0.221099853515625
-0.01239013671875 -0.139816284179688 0.124588012695313 -0.113288879394531
0.0102996826171875 -0.08892822265625 -0.32342529296875 -0.145263671875
-0.0792007446289063 -0.0590133666992188 -0.256149291992188 -0.126358032226562
-0.0842056274414063 0.01611328125 -0.169326782226562 -0.0828704833984375
-0.0398025512695313 0.0667533874511719 -0.190933227539063 -0.0926666259765625
0.0272789001464844 0.0658035278320312 -0.223068237304688 -0.0295562744140625
0.0776596069335937 0.0245819091796875 -0.229660034179687 0.06195068359375
0.0696220397949219 -0.0130500793457031 -0.206924438476563 0.119522094726562
0.0651969909667969 -0.0141258239746094 -0.203475952148437 0.076416015625
0.0754776000976563 -0.0005340576171875 -0.2027587890625 -0.0525970458984375
0.0573921203613281 0.0250816345214844 -0.0904998779296875 -0.203964233398438
0.0171127319335938 0.0541114807128906 0.1199951171875 -0.246414184570313
-0.0145721435546875 0.0310249328613281 0.31719970703125 -0.05706787109375
-0.0233001708984375 -0.0258312225341797 0.271804809570313 0.270111083984375
-0.0143451690673828 -0.0329551696777344 0.0275115966796875 0.233749389648438
0.0159263610839844 -0.058013916015625 0.12841796875 -0.143966674804688
0.0277214050292969 -0.0591659545898438 -0.0614395141601563 0.134048461914062
-0.0117378234863281 -0.0680999755859375 -0.034149169921875 -0.28704833984375
-0.0652999877929687 -0.0320396423339844 -0.473968505859375 -0.21759033203125
-0.0688667297363281 0.0261726379394531 -0.43585205078125 0.111663818359375
-0.0294914245605469 0.0375442504882813 -0.146072387695312 0.249588012695313
-0.0199737548828125 0.0359916687011719 0.08416748046875 0.182281494140625
0.00970840454101562 0.0411949157714844 0.151275634765625 0.0252532958984375
0.0183334350585938 0.0387840270996094 0.0939178466796875 -0.100936889648438
0.0172157287597656 0.0457992553710938 0.0715484619140625 -0.197509765625
0.0090789794921875 0.0409317016601562 0.153945922851563 -0.23541259765625
-0.00857925415039062 0.0330142974853516 0.248992919921875 -0.213958740234375
-0.0198936462402344 0.0287952423095703 0.355377197265625 -0.0755615234375
-0.0323162078857422 -0.00714874267578125 0.40521240234375 0.17950439453125
-0.00458526611328125 -0.02392578125 0.27532958984375 0.32177734375
0.0108318328857422 -0.0200824737548828 0.0201873779296875 0.259140014648438
0.0315399169921875 -0.156158447265625 -0.00973129272460938 -0.0280952453613281
-0.033599853515625 -0.151535034179688 -0.16168212890625 -0.38775634765625
-0.134574890136719 -0.064544677734375 -0.420013427734375 -0.265594482421875
-0.1002197265625 0.056304931640625 -0.42669677734375 0.0660705566406251
-0.0275955200195313 0.0853652954101562 -0.16253662109375 0.212356567382812
0.0308723449707031 0.0676040649414063 0.060821533203125 0.159286499023438
0.0628662109375 0.0304069519042969 0.140151977539063 0.01605224609375
0.060699462890625 0.0226593017578125 0.0797042846679688 -0.105728149414062
0.0642585754394531 0.0227432250976563 0.0530548095703125 -0.203231811523438
0.0684661865234375 0.0277061462402344 0.13397216796875 -0.24822998046875
0.0516204833984375 0.0578384399414062 0.21875 -0.237960815429688
0.0125274658203125 0.088958740234375 0.336181640625 -0.11480712890625
-0.0802688598632812 0.0556793212890625 0.41473388671875 0.130859375
-0.0930252075195313 -0.0252914428710938 0.290771484375 0.29498291015625
-0.0403900146484375 -0.08856201171875 0.033538818359375 0.248382568359375
0.028594970703125 -0.232391357421875 -0.00810623168945313 -0.0362968444824219
-0.0787506103515625 -0.207717895507813 -0.133270263671875 -0.40362548828125
-0.196380615234375 -0.057098388671875 -0.40185546875 -0.27716064453125
-0.132881164550781 0.102531433105469 -0.398284912109375 0.0234375
-0.0110626220703125 0.131355285644531 -0.172164916992187 0.162246704101563
0.079376220703125 0.0782699584960937 0.0247421264648438 0.129447937011719
0.0999832153320313 0.010284423828125 0.0976943969726563 0.010589599609375
0.093841552734375 0.0013275146484375 0.051910400390625 -0.0976715087890625
0.104545593261719 -0.0044403076171875 0.0260772705078125 -0.194915771484375
0.119155883789062 0.011260986328125 0.105697631835938 -0.256988525390625
0.1019287109375 0.0760421752929688 0.1868896484375 -0.254623413085938
0.03924560546875 0.137672424316406 0.316314697265625 -0.143035888671875
-0.122879028320312 0.1041259765625 0.417144775390625 0.096343994140625
-0.163772583007813 -0.03155517578125 0.2847900390625 0.26727294921875
-0.076171875 -0.148468017578125 0.023101806640625 0.218292236328125
-0.00604248046874997 -0.272018432617188 0.0478515625 -0.11260986328125
-0.143661499023437 -0.208206176757812 -0.04937744140625 -0.3035888671875
-0.259658813476563 -0.0433197021484375 -0.25408935546875 -0.279678344726562
-0.199066162109375 0.16485595703125 -0.274017333984375 -0.0725860595703125
-0.013824462890625 0.2506103515625 -0.150039672851562 0.05206298828125
0.19110107421875 0.163909912109375 -0.0127334594726562 0.0646553039550781
0.232940673828125 0.013641357421875 0.0574531555175781 0.0088043212890625
0.21246337890625 -0.0028533935546875 0.0540847778320313 -0.057586669921875
0.249435424804687 -0.0057373046875 0.059844970703125 -0.105293273925781
0.261520385742188 0.0760040283203125 0.125762939453125 -0.1224365234375
0.164825439453125 0.211105346679688 0.141494750976562 -0.12078857421875
-0.000534057617187484 0.256393432617188 0.20184326171875 -0.055084228515625
-0.222763061523438 0.1287841796875 0.27520751953125 0.065826416015625
-0.255874633789063 -0.0362091064453125 0.221633911132812 0.147354125976563
-0.1552734375 -0.164352416992188 0.223236083984375 0.0463714599609375
-0.0467529296875 -0.274795532226563 -0.154251098632813 -0.0469818115234375
-0.194717407226563 -0.218597412109375 -0.0955810546875 -0.261917114257812
-0.31890869140625 -0.021453857421875 -0.182937622070313 -0.2376708984375
-0.203857421875 0.22296142578125 -0.215133666992188 -0.106826782226563
0.030181884765625 0.266403198242188 -0.164962768554687 -0.00764465332031246
0.232864379882813 0.150619506835938 -0.0862503051757813 0.03125
0.254623413085938 -0.00189208984375 -0.0317344665527344 0.0264949798583984
0.230499267578125 -0.0069122314453125 -0.0268898010253906 -0.0147628784179687
0.274566650390625 0.0006561279296875 -0.0206680297851562 -0.0701751708984375
0.266708374023438 0.104339599609375 0.048675537109375 -0.124526977539063
0.140655517578125 0.2462158203125 0.098663330078125 -0.1617431640625
-0.0484466552734375 0.259979248046875 0.21533203125 -0.0896453857421875
-0.25579833984375 0.0780029296875 0.30145263671875 0.096038818359375
-0.246139526367188 -0.0872650146484375 0.176788330078125 0.186203002929688
-0.128829956054688 -0.19256591796875 0.169662475585938 -0.00849914550781251
-0.061492919921875 -0.239776611328125 -0.222122192382813 -0.089996337890625
-0.21112060546875 -0.160308837890625 -0.15557861328125 -0.218215942382813
-0.277938842773437 0.0360565185546875 -0.1666259765625 -0.191452026367188
-0.140548706054688 0.223587036132812 -0.195877075195313 -0.12725830078125
0.066131591796875 0.228057861328125 -0.19830322265625 -0.0428009033203124
0.226226806640625 0.107070922851563 -0.161483764648438 0.029571533203125
0.224761962890625 -0.017333984375 -0.113800048828125 0.0607223510742188
0.2041015625 -0.011474609375 -0.105659484863281 0.0288925170898437
0.245574951171875 0.0072174072265625 -0.102760314941406 -0.0484161376953125
0.220458984375 0.1129150390625 -0.0233612060546875 -0.145309448242188
0.0866851806640625 0.2274169921875 0.0814208984375 -0.210220336914062
-0.085113525390625 0.200958251953125 0.251876831054687 -0.107498168945312
-0.223968505859375 0.00379943847656248 0.320220947265625 0.15533447265625
-0.179580688476563 -0.119827270507812 0.118896484375 0.224395751953125
-0.0740509033203125 -0.185165405273438 0.125862121582031 -0.0682220458984375
-0.0390777587890625 -0.174514770507813 -0.290374755859375 -0.12677001953125
-0.1669921875 -0.100555419921875 -0.215621948242187 -0.173690795898438
-0.188751220703125 0.048980712890625 -0.16400146484375 -0.14093017578125
-0.0810089111328125 0.1644287109375 -0.192520141601562 -0.126235961914063
0.063934326171875 0.15582275390625 -0.224838256835937 -0.0480194091796875
0.170913696289063 0.0638427734375 -0.2149658203125 0.0459442138671875
0.159957885742188 -0.0195465087890625 -0.176345825195313 0.09710693359375
0.145645141601563 -0.0128021240234375 -0.169631958007813 0.06256103515625
0.174026489257813 0.010284423828125 -0.17010498046875 -0.044036865234375
0.1397705078125 0.0880966186523438 -0.0748291015625 -0.178451538085938
0.0349884033203125 0.156661987304688 0.0941925048828125 -0.246429443359375
-0.076080322265625 0.108436584472656 0.296600341796875 -0.0943603515625
-0.131950378417969 -0.044830322265625 0.312774658203125 0.223876953125
-0.0856704711914063 -0.104545593261719 0.06451416015625 0.242401123046875
-0.015228271484375 -0.140151977539063 0.113349914550781 -0.118446350097656
0.00678253173828125 -0.094635009765625 -0.3280029296875 -0.131683349609375
-0.0855865478515625 -0.0567245483398438 -0.245025634765625 -0.129379272460937
-0.0895309448242188 0.0223922729492187 -0.1634521484375 -0.104248046875
-0.0396499633789063 0.075592041015625 -0.203933715820312 -0.112548828125
0.0326271057128906 0.069488525390625 -0.243179321289063 -0.03338623046875
0.0860977172851562 0.0234909057617187 -0.245803833007813 0.0735015869140625
0.0734100341796875 -0.0170745849609375 -0.21240234375 0.135330200195312
0.0691261291503906 -0.0179824829101563 -0.2042236328125 0.08984375
0.0810699462890625 -0.00390625 -0.204727172851563 -0.04156494140625
0.0629615783691406 0.0255584716796875 -0.0927886962890625 -0.199813842773438
0.0213508605957031 0.0579681396484375 0.123001098632813 -0.246047973632813
-0.0148048400878906 0.0332870483398438 0.327789306640625 -0.048919677734375
-0.0258331298828125 -0.0254173278808594 0.27734375 0.29571533203125
-0.0142898559570313 -0.0307369232177734 0.016693115234375 0.256759643554688
0.0164299011230469 -0.0583724975585938 0.114212036132813 -0.1488037109375
0.0267906188964844 -0.0637245178222656 -0.04400634765625 0.141021728515625
-0.0136642456054687 -0.0692024230957031 -0.03265380859375 -0.308837890625
-0.0696754455566406 -0.0329933166503906 -0.491912841796875 -0.220794677734375
-0.0725784301757813 0.0293960571289062 -0.447662353515625 0.118865966796875
-0.0315093994140625 0.0414505004882812 -0.14886474609375 0.26007080078125
-0.020294189453125 0.0405349731445313 0.08880615234375 0.185440063476563
0.0108375549316406 0.0437812805175781 0.156784057617187 0.020538330078125
0.0194931030273437 0.0391578674316406 0.0940628051757813 -0.106414794921875
0.0204429626464844 0.0463104248046875 0.06719970703125 -0.204238891601563
0.0109291076660156 0.0434761047363281 0.152099609375 -0.246353149414063
-0.00896263122558594 0.035125732421875 0.253158569335938 -0.226028442382813
-0.0197219848632813 0.0306529998779297 0.36737060546875 -0.082000732421875
-0.0334892272949219 -0.00609016418457031 0.42156982421875 0.181427001953125
-0.00607872009277343 -0.0252475738525391 0.29168701171875 0.329620361328125
0.0101070404052734 -0.02130126953125 0.027679443359375 0.272903442382813
0.028594970703125 -0.161285400390625 -0.00700759887695313 -0.0286884307861328
-0.038055419921875 -0.155487060546875 -0.169281005859375 -0.3995361328125
-0.142242431640625 -0.06683349609375 -0.438873291015625 -0.27203369140625
-0.104377746582031 0.0594329833984375 -0.438934326171875 0.072723388671875
-0.0277099609375 0.0901336669921875 -0.165725708007813 0.221023559570312
0.0344467163085938 0.0723037719726563 0.0648040771484375 0.162200927734375
0.0660324096679688 0.0317192077636719 0.147842407226563 0.010284423828125
0.0623435974121094 0.0210838317871094 0.0804901123046875 -0.110710144042969
0.0685386657714844 0.0218048095703125 0.0483551025390625 -0.20965576171875
0.0720748901367188 0.0284042358398438 0.132278442382813 -0.259078979492188
0.0538215637207031 0.0599632263183594 0.221343994140625 -0.250442504882812
0.0157394409179687 0.092376708984375 0.3470458984375 -0.120819091796875
-0.0822296142578125 0.061737060546875 0.432403564453125 0.129364013671875
-0.0987930297851563 -0.023834228515625 0.3082275390625 0.3011474609375
-0.044097900390625 -0.0923843383789062 0.0422210693359375 0.2611083984375
0.0232391357421875 -0.240936279296875 -0.0050506591796875 -0.0363121032714844
-0.0865325927734375 -0.214065551757813 -0.140960693359375 -0.416900634765625
-0.205978393554688 -0.056488037109375 -0.419158935546875 -0.283111572265625
-0.135932922363281 0.1082763671875 -0.41229248046875 0.0296325683593751
-0.0100326538085937 0.136711120605469 -0.175994873046875 0.170257568359375
0.0844879150390625 0.0817642211914063 0.0266494750976563 0.132858276367188
0.104133605957031 0.0105209350585938 0.101303100585937 0.0061187744140625
0.097198486328125 -0.00191497802734375 0.0512924194335938 -0.101730346679688
0.108833312988281 -0.00756072998046875 0.02142333984375 -0.200332641601563
0.123634338378906 0.0098114013671875 0.101547241210938 -0.268203735351563
0.107414245605469 0.0776901245117188 0.189056396484375 -0.267578125
0.044464111328125 0.142745971679687 0.32757568359375 -0.150787353515625
-0.125755310058594 0.112319946289062 0.434722900390625 0.09686279296875
-0.172134399414063 -0.0285491943359375 0.300933837890625 0.27227783203125
-0.08306884765625 -0.154403686523438 0.0272369384765625 0.229934692382813
-0.0127105712890625 -0.28045654296875 0.0503082275390625 -0.119270324707031
-0.153076171875 -0.212570190429688 -0.043853759765625 -0.320220947265625
-0.273223876953125 -0.03802490234375 -0.262420654296875 -0.298004150390625
-0.202713012695313 0.1826171875 -0.2879638671875 -0.0822143554687499
0.000259399414062517 0.265151977539063 -0.161270141601563 0.050201416015625
0.211944580078125 0.159759521484375 -0.01751708984375 0.0656013488769532
0.243667602539063 -0.001129150390625 0.0585060119628906 0.00558090209960938
0.222625732421875 -0.0186920166015625 0.054931640625 -0.0643730163574219
0.261367797851562 -0.024627685546875 0.0636672973632813 -0.115447998046875
0.28082275390625 0.060455322265625 0.137001037597656 -0.137481689453125
0.189056396484375 0.211807250976563 0.15667724609375 -0.128509521484375
0.014923095703125 0.272537231445313 0.22052001953125 -0.0503997802734375
-0.228851318359375 0.149398803710938 0.28851318359375 0.078033447265625
-0.268081665039062 -0.0218353271484374 0.227218627929687 0.15863037109375
-0.168106079101562 -0.16143798828125 0.22857666015625 0.0354156494140625
-0.0625 -0.283477783203125 -0.149642944335938 -0.0352783203125
-0.213943481445313 -0.218521118164062 -0.0876312255859375 -0.27447509765625
-0.337432861328125 -0.00384521484374996 -0.189102172851563 -0.261917114257813
-0.20135498046875 0.25115966796875 -0.23162841796875 -0.123321533203125
0.050048828125 0.28131103515625 -0.181365966796875 -0.0110321044921875
0.257232666015625 0.14202880859375 -0.0973663330078125 0.03680419921875
0.266677856445313 -0.02093505859375 -0.0341396331787109 0.0306015014648437
0.241775512695313 -0.0250091552734375 -0.0261688232421875 -0.0138587951660156
0.2891845703125 -0.02069091796875 -0.017791748046875 -0.0726470947265625
0.289398193359375 0.08953857421875 0.0565948486328125 -0.134796142578125
0.166824340820313 0.250900268554688 0.1085205078125 -0.168136596679687
-0.0355224609375 0.27886962890625 0.231842041015625 -0.08843994140625
-0.265731811523438 0.0980529785156249 0.317840576171875 0.108551025390625
-0.260345458984375 -0.075103759765625 0.1826171875 0.20245361328125
-0.141098022460938 -0.19195556640625 0.168533325195313 -0.0171051025390625
-0.0775299072265625 -0.247451782226563 -0.223678588867188 -0.07501220703125
-0.230117797851563 -0.157073974609375 -0.149658203125 -0.226531982421875
-0.292877197265625 0.055816650390625 -0.1712646484375 -0.216232299804688
-0.134567260742187 0.249588012695313 -0.214584350585937 -0.147689819335938
0.0860137939453125 0.239105224609375 -0.219833374023437 -0.0452880859375
0.24957275390625 0.096160888671875 -0.175872802734375 0.0406341552734375
0.235702514648438 -0.0356292724609375 -0.118316650390625 0.0725860595703125
0.215057373046875 -0.0279693603515625 -0.105461120605469 0.03790283203125
0.260589599609375 -0.01202392578125 -0.102485656738281 -0.0433120727539062
0.24261474609375 0.101593017578125 -0.0215301513671875 -0.149093627929688
0.10882568359375 0.235458374023438 0.0858306884765625 -0.215972900390625
-0.07806396484375 0.219314575195313 0.268356323242188 -0.108108520507812
-0.236129760742188 0.017120361328125 0.341400146484375 0.169189453125
-0.191085815429688 -0.112991333007812 0.124130249023438 0.246978759765625
-0.08355712890625 -0.187240600585938 0.118118286132813 -0.075775146484375
-0.0510101318359375 -0.18304443359375 -0.2982177734375 -0.109222412109375
-0.182479858398438 -0.0966796875 -0.211288452148437 -0.177398681640625
-0.199050903320313 0.065032958984375 -0.166473388671875 -0.16400146484375
-0.076416015625 0.185333251953125 -0.213485717773438 -0.14617919921875
0.0793914794921875 0.1634521484375 -0.25030517578125 -0.0487060546875
0.19012451171875 0.055419921875 -0.232772827148438 0.0615386962890625
0.169113159179688 -0.031890869140625 -0.182037353515625 0.116241455078125
0.154861450195313 -0.024322509765625 -0.170318603515625 0.0790863037109375
0.186126708984375 -0.002593994140625 -0.173583984375 -0.03271484375
0.15728759765625 0.0835418701171875 -0.07916259765625 -0.178787231445313
0.0489654541015625 0.164962768554688 0.09539794921875 -0.253585815429688
-0.0745315551757813 0.120353698730469 0.313446044921875 -0.095703125
-0.142791748046875 -0.0384063720703125 0.33306884765625 0.24462890625
-0.0921554565429687 -0.101547241210938 0.0648651123046875 0.269805908203125
-0.020660400390625 -0.143173217773438 0.100814819335938 -0.127197265625
0.0010223388671875 -0.102928161621094 -0.33917236328125 -0.1142578125
-0.0952682495117187 -0.0535354614257813 -0.242660522460937 -0.132492065429688
-0.0959014892578125 0.030548095703125 -0.166793823242188 -0.125717163085938
-0.0381240844726563 0.0876312255859375 -0.2276611328125 -0.130569458007812
0.0411529541015625 0.0749740600585938 -0.271224975585937 -0.0305633544921875
0.09710693359375 0.0195159912109375 -0.2655029296875 0.0938110351562501
0.0788726806640625 -0.023223876953125 -0.218505859375 0.159530639648438
0.0742034912109375 -0.0240020751953125 -0.206100463867188 0.110763549804687
0.0881118774414063 -0.010498046875 -0.209930419921875 -0.0277099609375
0.0712661743164063 0.0242385864257813 -0.100509643554687 -0.197494506835938
0.0278663635253906 0.0619163513183594 0.124954223632813 -0.2530517578125
-0.0135421752929687 0.0374679565429688 0.346893310546875 -0.048309326171875
-0.0301322937011719 -0.0255222320556641 0.297637939453125 0.32135009765625
-0.014801025390625 -0.0287036895751953 0.012359619140625 0.28802490234375
0.0153465270996094 -0.0601577758789063 0.0990753173828125 -0.158096313476563
0.0237045288085938 -0.0685234069824219 -0.02105712890625 0.1468505859375
-0.0177650451660156 -0.0693016052246094 -0.03668212890625 -0.331298828125
-0.0750732421875 -0.0315475463867187 -0.5174560546875 -0.21087646484375
-0.0751419067382813 0.0340576171875 -0.45892333984375 0.147247314453125
-0.0311737060546875 0.0493507385253906 -0.14337158203125 0.2755126953125
-0.0175933837890625 0.0457000732421875 0.0990447998046875 0.186233520507813
0.0138778686523437 0.0467643737792969 0.1629638671875 0.0105133056640625
0.0215530395507812 0.0396385192871094 0.0914764404296875 -0.114173889160156
0.0244369506835937 0.04638671875 0.0584259033203125 -0.21295166015625
0.0145606994628906 0.0454521179199219 0.143508911132813 -0.262374877929688
-0.00830078125 0.0376243591308594 0.250686645507813 -0.246856689453125
-0.018463134765625 0.0323963165283203 0.37786865234375 -0.099700927734375
-0.0344028472900391 -0.00416183471679687 0.446197509765625 0.17022705078125
-0.00784683227539062 -0.0267486572265625 0.31683349609375 0.330078125
0.00825881958007813 -0.0233821868896484 0.042724609375 0.28607177734375
0.0211334228515625 -0.167343139648438 -0.00558853149414062 -0.0301418304443359
-0.0476837158203125 -0.157974243164063 -0.191009521484375 -0.408447265625
-0.153549194335938 -0.064056396484375 -0.474853515625 -0.262420654296875
-0.105949401855469 0.0662384033203125 -0.450225830078125 0.093353271484375
-0.026092529296875 0.0964126586914063 -0.162124633789062 0.23699951171875
0.0408935546875 0.075653076171875 0.073760986328125 0.163558959960938
0.0703811645507813 0.0312271118164063 0.152679443359375 -9.15527343749981E-05
0.0657806396484375 0.0176849365234375 0.077392578125 -0.118789672851563
0.0735702514648438 0.0184860229492188 0.0382843017578125 -0.216705322265625
0.0779342651367188 0.0258941650390625 0.122268676757813 -0.274444580078125
0.0593338012695313 0.0610847473144531 0.216201782226563 -0.26934814453125
0.0209732055664063 0.0950164794921875 0.354736328125 -0.139801025390625
-0.0822219848632813 0.0692367553710938 0.4532470703125 0.11370849609375
-0.104339599609375 -0.0200119018554688 0.334381103515625 0.300048828125
-0.0517959594726562 -0.0951385498046875 0.0577392578125 0.272842407226562
0.0118560791015625 -0.249191284179688 -0.00226974487304688 -0.0378341674804688
-0.100372314453125 -0.216598510742188 -0.163360595703125 -0.427886962890625
-0.21759033203125 -0.0496063232421875 -0.445831298828125 -0.2791748046875
-0.137527465820313 0.118637084960938 -0.424957275390625 0.0491943359375001
-0.00442504882812499 0.144546508789063 -0.176010131835938 0.184188842773438
0.0933151245117188 0.0834274291992188 0.033447265625 0.1357421875
0.109138488769531 0.00739288330078125 0.104415893554688 -0.0018463134765625
0.0998687744140625 -0.00722503662109375 0.0479965209960938 -0.107002258300781
0.11407470703125 -0.0142288208007813 0.01116943359375 -0.205856323242188
0.129440307617187 0.00414276123046875 0.09027099609375 -0.283050537109375
0.115516662597656 0.0766067504882813 0.181396484375 -0.2860107421875
0.05352783203125 0.147018432617188 0.3355712890625 -0.1712646484375
-0.125007629394531 0.124992370605469 0.45526123046875 0.080078125
-0.181442260742188 -0.021026611328125 0.32598876953125 0.270538330078125
-0.0957489013671875 -0.158950805664063 0.0421905517578125 0.240478515625
-0.028472900390625 -0.289337158203125 0.0486907958984375 -0.128196716308594
-0.1700439453125 -0.213088989257812 -0.04730224609375 -0.338348388671875
-0.289154052734375 -0.023529052734375 -0.282867431640625 -0.310302734375
-0.199371337890625 0.2086181640625 -0.307525634765625 -0.08331298828125
0.0240020751953125 0.279129028320312 -0.171951293945312 0.0545501708984375
0.238693237304688 0.14703369140625 -0.0200424194335937 0.068756103515625
0.254257202148438 -0.0244293212890625 0.0592842102050781 0.000511169433593748
0.229827880859375 -0.041839599609375 0.0533218383789063 -0.073028564453125
0.271255493164063 -0.0533294677734375 0.0628585815429688 -0.129524230957031
0.299835205078125 0.034515380859375 0.143264770507813 -0.15948486328125
0.220001220703125 0.205276489257813 0.167938232421875 -0.143753051757813
0.040130615234375 0.28704833984375 0.240432739257813 -0.0543365478515625
-0.227157592773437 0.17803955078125 0.30810546875 0.0823974609375
-0.279266357421875 0.00167846679687501 0.239425659179687 0.164779663085937
-0.1844482421875 -0.152587890625 0.232742309570313 0.0180511474609375
-0.08795166015625 -0.2889404296875 -0.142807006835937 -0.0193023681640625
-0.24053955078125 -0.20892333984375 -0.0888977050781251 -0.2879638671875
-0.354766845703125 0.026214599609375 -0.206451416015625 -0.28289794921875
-0.186767578125 0.28509521484375 -0.255462646484375 -0.131668090820312
0.080413818359375 0.2921142578125 -0.200088500976563 -0.00708007812499998
0.286285400390625 0.12176513671875 -0.106124877929687 0.0471115112304687
0.276657104492188 -0.049835205078125 -0.0344657897949219 0.0363922119140625
0.250244140625 -0.05169677734375 -0.0255012512207031 -0.0120811462402344
0.300506591796875 -0.053924560546875 -0.01678466796875 -0.0761032104492188
0.313934326171875 0.063018798828125 0.05987548828125 -0.147872924804687
0.20166015625 0.246902465820313 0.113540649414063 -0.179351806640625
-0.01153564453125 0.298553466796875 0.248092651367188 -0.095245361328125
-0.270278930664063 0.12811279296875 0.342498779296875 0.110748291015625
-0.274322509765625 -0.054290771484375 0.197219848632812 0.214797973632813
-0.159393310546875 -0.1856689453125 0.165252685546875 -0.0301361083984375
-0.101577758789063 -0.252212524414063 -0.223770141601563 -0.05255126953125
-0.253952026367188 -0.143966674804688 -0.150344848632813 -0.232986450195313
-0.303314208984375 0.086639404296875 -0.186065673828125 -0.237091064453125
-0.117446899414062 0.279403686523437 -0.242523193359375 -0.158935546875
0.11590576171875 0.245391845703125 -0.244613647460938 -0.0387115478515625
0.27423095703125 0.0753326416015625 -0.187896728515625 0.0592193603515625
0.244400024414063 -0.062225341796875 -0.118560791015625 0.0894088745117187
0.223297119140625 -0.052581787109375 -0.102554321289063 0.0503997802734375
0.272903442382813 -0.0407257080078125 -0.102005004882812 -0.0364151000976562
0.266433715820313 0.0807952880859375 -0.023529052734375 -0.154693603515625
0.140213012695313 0.236679077148437 0.084564208984375 -0.227096557617187
-0.060760498046875 0.238906860351563 0.283172607421875 -0.118804931640625
-0.246597290039063 0.040618896484375 0.370819091796875 0.17425537109375
-0.205062866210938 -0.0980987548828125 0.139266967773438 0.267730712890625
-0.09881591796875 -0.185089111328125 0.107170104980469 -0.0847396850585938
-0.070587158203125 -0.18914794921875 -0.3056640625 -0.0819091796875
-0.2017822265625 -0.0848846435546875 -0.212875366210937 -0.178207397460938
-0.206512451171875 0.088470458984375 -0.1776123046875 -0.184478759765625
-0.0625 0.207427978515625 -0.243316650390625 -0.158782958984375
0.102325439453125 0.168212890625 -0.279159545898438 -0.0382995605468749
0.209716796875 0.03912353515625 -0.247268676757813 0.087554931640625
0.176223754882813 -0.0518646240234375 -0.182266235351563 0.142288208007813
0.162155151367188 -0.04217529296875 -0.166854858398438 0.100555419921875
0.19769287109375 -0.022857666015625 -0.1756591796875 -0.016571044921875
0.177276611328125 0.0711669921875 -0.0868988037109375 -0.176361083984375
0.0706634521484375 0.168991088867187 0.0897369384765625 -0.264236450195313
-0.0675811767578125 0.1353759765625 0.3302001953125 -0.108184814453125
-0.153793334960937 -0.0261993408203125 0.367767333984375 0.255279541015625
-0.101570129394531 -0.0959625244140625 0.077362060546875 0.298095703125
-0.030609130859375 -0.145187377929688 0.0828628540039063 -0.135452270507813
-0.00968933105468749 -0.111335754394531 -0.350372314453125 -0.0861816406250001
-0.105911254882813 -0.0471038818359375 -0.2435302734375 -0.130203247070313
-0.100517272949219 0.0428237915039063 -0.177810668945312 -0.145492553710938
-0.0317459106445313 0.101081848144531 -0.259490966796875 -0.139511108398438
0.0524673461914062 0.078369140625 -0.301116943359375 -0.0159912109375
0.108222961425781 0.0107650756835938 -0.27984619140625 0.126220703125
0.083221435546875 -0.0328140258789063 -0.216812133789062 0.192550659179688
0.0773162841796875 -0.0338058471679688 -0.201416015625 0.137527465820313
0.0937881469726563 -0.0201797485351563 -0.21392822265625 -0.00691223144531248
0.0804824829101562 0.0192489624023437 -0.11224365234375 -0.192108154296875
0.0376396179199219 0.0643806457519531 0.119537353515625 -0.26483154296875
-0.0113334655761719 0.0421791076660156 0.366119384765625 -0.06024169921875
-0.0344715118408203 -0.0236911773681641 0.333343505859375 0.338104248046875
-0.0154342651367187 -0.0262660980224609 0.020477294921875 0.32086181640625
0.0124893188476562 -0.0636940002441406 0.0778045654296875 -0.167190551757813
0.0181884765625 -0.0723876953125 0.00505065917968751 0.14581298828125
-0.0219039916992188 -0.0675849914550781 -0.049957275390625 -0.348052978515625
-0.0802688598632813 -0.0275497436523437 -0.538787841796875 -0.185211181640625
-0.0758819580078125 0.0404129028320313 -0.458770751953125 0.1834716796875
-0.0285568237304688 0.0554542541503906 -0.1285400390625 0.28765869140625
-0.0136871337890625 0.0494346618652344 0.111328125 0.181304931640625
0.0186958312988281 0.0483474731445313 0.164947509765625 -0.0033111572265625
0.0236778259277344 0.0391387939453125 0.0847320556640625 -0.12164306640625
0.0282859802246094 0.0454330444335938 0.043975830078125 -0.217941284179688
0.01910400390625 0.0455131530761719 0.125701904296875 -0.274642944335938
-0.0060577392578125 0.0394668579101563 0.238204956054688 -0.266799926757813
-0.0163917541503906 0.0346488952636719 0.378173828125 -0.124786376953125
-0.0344715118408203 -0.00203895568847656 0.464324951171875 0.14581298828125
-0.0108470916748047 -0.0277748107910156 0.34429931640625 0.3172607421875
0.0054473876953125 -0.0248584747314453 0.0648193359375 0.293365478515625
0.01031494140625 -0.170883178710938 -0.00493049621582031 -0.0305309295654297
-0.0586395263671875 -0.156845092773438 -0.217071533203125 -0.406494140625
-0.161849975585938 -0.054962158203125 -0.501495361328125 -0.238677978515625
-0.104766845703125 0.0733489990234375 -0.448883056640625 0.119232177734375
-0.0204544067382813 0.101188659667969 -0.150543212890625 0.251235961914063
0.0487213134765625 0.0770111083984375 0.08441162109375 0.160751342773438
0.0756988525390625 0.02850341796875 0.1533203125 -0.013824462890625
0.0671234130859375 0.0143623352050781 0.07086181640625 -0.125877380371094
0.0761642456054688 0.0135421752929688 0.023284912109375 -0.220840454101562
0.082305908203125 0.021881103515625 0.1031494140625 -0.288360595703125
0.0643119812011719 0.0587196350097656 0.20123291015625 -0.287261962890625
0.0286941528320313 0.0966873168945313 0.353057861328125 -0.163818359375
-0.0798492431640625 0.076812744140625 0.467620849609375 0.08746337890625
-0.109588623046875 -0.0125503540039063 0.36077880859375 0.287567138671875
-0.0600509643554688 -0.0944366455078125 0.0789642333984375 0.277801513671875
-0.00495910644531249 -0.253860473632813 -0.00054168701171875 -0.0372352600097656
-0.116531372070313 -0.211669921875 -0.19189453125 -0.428192138671875
-0.225784301757812 -0.0365142822265625 -0.4700927734375 -0.25830078125
-0.132820129394531 0.129104614257812 -0.42816162109375 0.0757751464843751
0.00575256347656249 0.149322509765625 -0.167236328125 0.197982788085938
0.103233337402344 0.0801620483398438 0.0421371459960938 0.135284423828125
0.112525939941406 0.00189971923828125 0.105087280273438 -0.0112380981445313
0.101234436035156 -0.0135040283203125 0.0413055419921875 -0.112815856933594
0.115516662597656 -0.0224075317382813 -0.00274658203124998 -0.208419799804688
0.134834289550781 -0.00457000732421875 0.070556640625 -0.29266357421875
0.123954772949219 0.071502685546875 0.164276123046875 -0.3013916015625
0.0655975341796875 0.146575927734375 0.331695556640625 -0.1923828125
-0.118667602539063 0.136848449707031 0.468719482421875 0.052825927734375
-0.18768310546875 -0.0092010498046875 0.35064697265625 0.25531005859375
-0.109375 -0.15631103515625 0.062744140625 0.2452392578125
-0.048095703125 -0.29132080078125 0.0437240600585938 -0.1351318359375
-0.186904907226562 -0.20428466796875 -0.0582275390625 -0.34912109375
-0.2984619140625 -0.000701904296875058 -0.30462646484375 -0.310089111328125
-0.184768676757813 0.233551025390625 -0.323486328125 -0.0753479003906249
0.055694580078125 0.28460693359375 -0.179534912109375 0.0631103515625
0.262054443359375 0.122833251953125 -0.0211868286132812 0.0711746215820313
0.256393432617188 -0.05267333984375 0.05810546875 -0.00655364990234375
0.228683471679688 -0.0694580078125 0.048492431640625 -0.0828094482421875
0.27093505859375 -0.086944580078125 0.057403564453125 -0.141799926757813
0.310791015625 -0.000732421875 0.139984130859375 -0.183380126953125
0.248779296875 0.18560791015625 0.171417236328125 -0.162368774414063
0.073822021484375 0.29144287109375 0.257095336914063 -0.065399169921875
-0.214157104492188 0.206771850585938 0.3250732421875 0.076934814453125
-0.280593872070313 0.0304412841796875 0.251373291015625 0.163909912109375
-0.199356079101563 -0.1356201171875 0.231185913085938 -0.00347900390625001
-0.11651611328125 -0.282196044921875 -0.130821228027344 -0.00276947021484374
-0.26513671875 -0.18707275390625 -0.095611572265625 -0.296356201171875
-0.36065673828125 0.0644531250000001 -0.229034423828125 -0.293121337890625
-0.159149169921875 0.31488037109375 -0.280380249023438 -0.130020141601562
0.117401123046875 0.291534423828125 -0.2152099609375 0.00401306152343751
0.30902099609375 0.089569091796875 -0.110786437988281 0.0601425170898438
0.276458740234375 -0.083831787109375 -0.0329856872558594 0.0419731140136719
0.248626708984375 -0.08331298828125 -0.0242748260498047 -0.0112838745117188
0.30084228515625 -0.092529296875 -0.0174407958984375 -0.078582763671875
0.328033447265625 0.025390625 0.0568389892578125 -0.1612548828125
0.236709594726563 0.229644775390625 0.112380981445313 -0.19189453125
0.02313232421875 0.309295654296875 0.260330200195313 -0.107803344726563
-0.26348876953125 0.161468505859375 0.36395263671875 0.101898193359375
-0.280807495117188 -0.0254058837890625 0.215194702148437 0.219039916992188
-0.17681884765625 -0.170364379882812 0.156539916992188 -0.044219970703125
-0.129135131835938 -0.246917724609375 -0.216201782226562 -0.027130126953125
-0.274063110351563 -0.11956787109375 -0.153335571289062 -0.234024047851563
-0.30413818359375 0.121978759765625 -0.205429077148438 -0.2498779296875
-0.087677001953125 0.302459716796875 -0.27178955078125 -0.159210205078125
0.149627685546875 0.241485595703125 -0.265380859375 -0.0216827392578125
0.292510986328125 0.043731689453125 -0.19329833984375 0.0831451416015625
0.243331909179688 -0.0923614501953125 -0.112098693847656 0.106651306152344
0.221237182617188 -0.0820159912109375 -0.0948638916015625 0.0628738403320313
0.275222778320313 -0.0758819580078125 -0.0991287231445313 -0.0267257690429688
0.28369140625 0.049072265625 -0.0284576416015625 -0.157501220703125
0.172531127929688 0.225021362304688 0.0770111083984375 -0.234664916992188
-0.035552978515625 0.2525634765625 0.291748046875 -0.134857177734375
-0.24737548828125 0.069580078125 0.39947509765625 0.164215087890625
-0.214157104492188 -0.0774993896484375 0.162078857421875 0.280197143554688
-0.11663818359375 -0.176193237304688 0.09124755859375 -0.0914840698242188
-0.093475341796875 -0.1873779296875 -0.30419921875 -0.04730224609375
-0.217422485351562 -0.0641937255859375 -0.212432861328125 -0.172332763671875
-0.204940795898438 0.114715576171875 -0.194046020507813 -0.198257446289062
-0.0391998291015625 0.225418090820313 -0.276336669921875 -0.15850830078125
0.127914428710938 0.163619995117188 -0.30316162109375 -0.01690673828125
0.22479248046875 0.0142822265625 -0.25103759765625 0.119277954101563
0.177413940429687 -0.0753021240234375 -0.172088623046875 0.16888427734375
0.162826538085938 -0.0637969970703125 -0.15472412109375 0.122314453125
0.202102661132813 -0.048919677734375 -0.1722412109375 0.002685546875
0.192489624023438 0.0506744384765625 -0.096099853515625 -0.16986083984375
0.09368896484375 0.1661376953125 0.0775299072265625 -0.271072387695313
-0.0533447265625 0.147552490234375 0.338165283203125 -0.127288818359375
-0.1605224609375 -0.00962829589843752 0.4010009765625 0.2486572265625
-0.108879089355469 -0.085052490234375 0.09844970703125 0.318939208984375
-0.0447845458984375 -0.143020629882812 0.0599365234375 -0.13861083984375
-0.0239944458007812 -0.114852905273438 -0.352447509765625 -0.048309326171875
-0.115219116210938 -0.0351333618164062 -0.242782592773438 -0.123062133789062
-0.101310729980469 0.05755615234375 -0.193710327148437 -0.158798217773437
-0.0198593139648437 0.111747741699219 -0.29339599609375 -0.1357421875
0.0663833618164062 0.0777511596679688 -0.325042724609375 0.0106201171875
0.11773681640625 -0.00164031982421875 -0.280807495117188 0.164688110351563
0.0850830078125 -0.0445709228515625 -0.202239990234375 0.224594116210937
0.077301025390625 -0.0433807373046875 -0.186691284179687 0.1651611328125
0.097808837890625 -0.0326995849609375 -0.211029052734375 0.0182342529296875
0.0879135131835938 0.0106124877929688 -0.12322998046875 -0.179855346679687
0.0474891662597656 0.0626487731933594 0.106918334960938 -0.272705078125
-0.0063934326171875 0.0463523864746094 0.37872314453125 -0.079376220703125
-0.0385322570800781 -0.0189399719238281 0.371826171875 0.339202880859375
-0.0160694122314453 -0.0237617492675781 0.03955078125 0.347900390625
0.00703811645507813 -0.0656509399414063 0.0496368408203125 -0.169143676757813
0.0125198364257813 -0.0735702514648437 0.0287094116210937 0.136810302734375
-0.0253105163574219 -0.0633773803710938 -0.0615234375 -0.356689453125
-0.0832290649414062 -0.0222702026367187 -0.5450439453125 -0.157470703125
-0.0738067626953125 0.0457077026367188 -0.44281005859375 0.211639404296875
-0.0252342224121094 0.0568046569824219 -0.110809326171875 0.2945556640625
-0.00873565673828125 0.0508804321289062 0.11932373046875 0.171051025390625
0.0230827331542969 0.0483436584472656 0.161041259765625 -0.015106201171875
0.0253639221191406 0.0372581481933594 0.0760574340820313 -0.125381469726562
0.0312118530273437 0.0431098937988281 0.0296478271484375 -0.217025756835937
0.0234336853027344 0.0441207885742188 0.106948852539063 -0.278366088867188
-0.00441360473632812 0.0405158996582031 0.21954345703125 -0.27801513671875
-0.0138320922851563 0.0353813171386719 0.369049072265625 -0.1441650390625
-0.0345973968505859 0.000625610351562493 0.46942138671875 0.11895751953125
-0.0144214630126953 -0.0265693664550781 0.361236572265625 0.2977294921875
0.00213432312011719 -0.0247974395751953 0.082183837890625 0.292083740234375
-0.0012969970703125 -0.16796875 -0.00385856628417968 -0.0287723541259766
-0.067138671875 -0.150680541992187 -0.2344970703125 -0.388946533203125
-0.164947509765625 -0.04388427734375 -0.511932373046875 -0.2105712890625
-0.100868225097656 0.076080322265625 -0.433807373046875 0.137451171875
-0.014373779296875 0.104217529296875 -0.133056640625 0.256622314453125
0.0550918579101563 0.0749435424804688 0.0906524658203125 0.152313232421875
0.0782699584960938 0.02392578125 0.146011352539063 -0.02593994140625
0.0678329467773437 0.010101318359375 0.0614700317382813 -0.128242492675781
0.0774993896484375 0.0075531005859375 0.00962829589843751 -0.218658447265625
0.0844497680664063 0.0146331787109375 0.0816650390625 -0.288848876953125
0.0686759948730469 0.0555610656738281 0.181915283203125 -0.294921875
0.0343551635742188 0.0955810546875 0.340576171875 -0.181182861328125
-0.074920654296875 0.0823898315429687 0.470062255859375 0.06097412109375
-0.1129150390625 -0.00495147705078125 0.376068115234375 0.264923095703125
-0.06982421875 -0.0925369262695312 0.098388671875 0.276382446289063
-0.019317626953125 -0.249130249023438 0.00189781188964844 -0.0344829559326172
-0.1259765625 -0.203369140625 -0.2132568359375 -0.4129638671875
-0.229888916015625 -0.0200958251953125 -0.479827880859375 -0.234893798828125
-0.126655578613281 0.137397766113281 -0.417144775390625 0.0975646972656249
0.0162506103515625 0.149505615234375 -0.153976440429688 0.206405639648437
0.110748291015625 0.0741653442382813 0.04986572265625 0.130401611328125
0.113784790039063 -0.004150390625 0.10211181640625 -0.019256591796875
0.0988693237304688 -0.0180282592773438 0.033538818359375 -0.114776611328125
0.114189147949219 -0.0310592651367187 -0.0144805908203125 -0.203536987304688
0.132804870605469 -0.0110397338867187 0.05096435546875 -0.294158935546875
0.126823425292969 0.0644989013671875 0.14471435546875 -0.30975341796875
0.0745086669921875 0.142166137695313 0.31719970703125 -0.2095947265625
-0.109970092773438 0.145477294921875 0.468170166015625 0.03009033203125
-0.189559936523438 0.00477600097656246 0.36370849609375 0.23455810546875
-0.119155883789062 -0.150314331054688 0.0766448974609375 0.242446899414063
-0.064971923828125 -0.28509521484375 0.0376129150390625 -0.138168334960938
-0.197769165039062 -0.189407348632813 -0.06787109375 -0.35406494140625
-0.29962158203125 0.02099609375 -0.320709228515625 -0.303497314453125
-0.16461181640625 0.25042724609375 -0.33221435546875 -0.06512451171875
0.086151123046875 0.27825927734375 -0.1826171875 0.0708770751953126
0.275405883789063 0.09283447265625 -0.0202560424804687 0.0725021362304688
0.249679565429688 -0.0809173583984375 0.0544090270996094 -0.0120964050292969
0.21923828125 -0.093109130859375 0.0404205322265625 -0.0889053344726563
0.258544921875 -0.116287231445312 0.0493011474609375 -0.15087890625
0.30859375 -0.035888671875 0.130203247070313 -0.2025146484375
0.267990112304688 0.15850830078125 0.169631958007813 -0.177810668945313
0.10491943359375 0.284210205078125 0.267105102539063 -0.079132080078125
-0.193435668945313 0.228042602539062 0.334686279296875 0.06744384765625
-0.273757934570313 0.0572357177734375 0.258209228515625 0.158096313476563
-0.206832885742188 -0.114837646484375 0.220550537109375 -0.021453857421875
-0.140396118164063 -0.265777587890625 -0.112762451171875 0.00943756103515625
-0.27716064453125 -0.15753173828125 -0.098846435546875 -0.299560546875
-0.353790283203125 0.099517822265625 -0.2479248046875 -0.298187255859375
-0.12384033203125 0.330169677734375 -0.298675537109375 -0.122344970703125
0.15155029296875 0.278839111328125 -0.2259521484375 0.0160675048828125
0.319976806640625 0.05401611328125 -0.110298156738281 0.071441650390625
0.265579223632812 -0.11505126953125 -0.029144287109375 0.0453071594238281
0.237396240234375 -0.111068725585938 -0.0224952697753906 -0.00901603698730469
0.287506103515625 -0.12750244140625 -0.0174407958984375 -0.0803146362304688
0.329498291015625 -0.012725830078125 0.0510711669921875 -0.171966552734375
0.262054443359375 0.20379638671875 0.107208251953125 -0.2003173828125
0.054595947265625 0.306365966796875 0.266357421875 -0.1195068359375
-0.245330810546875 0.188507080078125 0.376373291015625 0.088897705078125
-0.2762451171875 0.00177001953125002 0.227493286132812 0.21728515625
-0.187515258789062 -0.152175903320313 0.143905639648438 -0.0533905029296875
-0.150421142578125 -0.229568481445313 -0.198455810546875 -0.00563049316406253
-0.2830810546875 -0.0909423828125 -0.152389526367188 -0.232086181640625
-0.2918701171875 0.155120849609375 -0.22174072265625 -0.25531005859375
-0.05267333984375 0.31292724609375 -0.296417236328125 -0.14947509765625
0.1778564453125 0.225082397460938 -0.278030395507813 -0.00202941894531254
0.300750732421875 0.009521484375 -0.187698364257812 0.103515625
0.232192993164062 -0.120361328125 -0.101593017578125 0.118125915527344
0.212753295898437 -0.107589721679688 -0.0846405029296875 0.0704345703125
0.266510009765625 -0.109390258789063 -0.091156005859375 -0.0197296142578125
0.2890625 0.0147705078125 -0.03277587890625 -0.158248901367187
0.19818115234375 0.20635986328125 0.0669708251953125 -0.238967895507813
-0.00801086425781252 0.257369995117188 0.292877197265625 -0.147918701171875
-0.238113403320313 0.0941925048828125 0.4169921875 0.14715576171875
-0.21697998046875 -0.055389404296875 0.181976318359375 0.284088134765625
-0.12921142578125 -0.1624755859375 0.0737533569335938 -0.0933685302734375
-0.112716674804688 -0.176193237304687 -0.289764404296875 -0.0166320800781251
-0.223983764648437 -0.0405120849609375 -0.207473754882812 -0.165679931640625
-0.197128295898438 0.1383056640625 -0.20745849609375 -0.205947875976563
-0.0120391845703125 0.2327880859375 -0.302581787109375 -0.1488037109375
0.14996337890625 0.15350341796875 -0.316253662109375 0.00857543945312498
0.229721069335937 -0.0115203857421875 -0.242462158203125 0.147598266601562
0.16827392578125 -0.0968017578125 -0.153457641601562 0.188323974609375
0.156692504882813 -0.0819244384765625 -0.136932373046875 0.136871337890625
0.198028564453125 -0.0712738037109375 -0.16229248046875 0.0203857421875
0.197891235351563 0.0285186767578125 -0.100128173828125 -0.160202026367188
0.113235473632813 0.153732299804688 0.0640869140625 -0.271408081054688
-0.037200927734375 0.154586791992188 0.337982177734375 -0.142425537109375
-0.159957885742188 0.00715637207031252 0.42669677734375 0.23443603515625
-0.112037658691406 -0.0711288452148438 0.119293212890625 0.331634521484375
-0.0557479858398438 -0.136512756347656 0.0376968383789062 -0.134597778320313
-0.037872314453125 -0.113517761230469 -0.3402099609375 -0.0133972167968749
-0.118904113769531 -0.0210800170898438 -0.235336303710937 -0.11627197265625
-0.0972824096679688 0.07073974609375 -0.20697021484375 -0.167388916015625
-0.00651550292968751 0.117164611816406 -0.318634033203125 -0.124114990234375
0.0800247192382813 0.0740432739257813 -0.338409423828125 0.040252685546875
0.121818542480469 -0.0165176391601562 -0.270416259765625 0.196395874023438
0.080902099609375 -0.0555038452148438 -0.176956176757812 0.248458862304688
0.0746383666992188 -0.0529251098632813 -0.163818359375 0.184600830078125
0.096710205078125 -0.0446090698242188 -0.200531005859375 0.039398193359375
0.0914230346679688 7.62939453125E-05 -0.129470825195313 -0.163665771484375
0.056884765625 0.0580940246582031 0.0926666259765625 -0.274185180664062
-0.00162887573242187 0.0476226806640625 0.37994384765625 -0.098297119140625
-0.0381317138671875 -0.0133132934570312 0.39990234375 0.32940673828125
-0.016387939453125 -0.0217742919921875 0.061431884765625 0.366973876953125
-0.000415802001953128 -0.0662765502929687 0.0223388671875 -0.162017822265625
0.00714111328125001 -0.0727996826171875 0.0477752685546875 0.124664306640625
-0.0259208679199219 -0.0590057373046875 -0.068878173828125 -0.36419677734375
-0.0832443237304688 -0.0181045532226562 -0.543365478515625 -0.139739990234375
-0.0724105834960938 0.048675537109375 -0.427276611328125 0.2222900390625
-0.0224189758300781 0.0569076538085938 -0.09649658203125 0.294921875
-0.00487899780273437 0.0515213012695313 0.123199462890625 0.16400146484375
0.0265693664550781 0.0471992492675781 0.156570434570313 -0.0232391357421875
0.0268630981445313 0.0369224548339844 0.0691757202148438 -0.125892639160156
0.032501220703125 0.0405502319335938 0.0196990966796875 -0.213394165039063
0.0256843566894531 0.0420684814453125 0.0931243896484375 -0.277755737304688
-0.00300979614257813 0.0421180725097656 0.20526123046875 -0.281768798828125
-0.01263427734375 0.0360221862792969 0.360565185546875 -0.154205322265625
-0.0338020324707031 0.00134849548339844 0.4659423828125 0.101959228515625
-0.0169429779052734 -0.0257244110107422 0.369476318359375 0.28369140625
0.000499725341796874 -0.0237388610839844 0.094940185546875 0.29046630859375
-0.00500488281250001 -0.1666259765625 -0.00357246398925781 -0.0246753692626953
-0.0705413818359375 -0.144744873046875 -0.2435302734375 -0.378387451171875
-0.165969848632813 -0.034027099609375 -0.51116943359375 -0.193023681640625
-0.0983810424804687 0.0807647705078125 -0.418701171875 0.14154052734375
-0.00865936279296875 0.105354309082031 -0.122512817382813 0.258316040039062
0.0607070922851563 0.0713958740234375 0.0966949462890625 0.146392822265625
0.0809783935546875 0.0203857421875 0.140419006347656 -0.0323562622070313
0.0672454833984375 0.00823593139648438 0.0544281005859375 -0.128273010253906
0.07769775390625 0.00366973876953125 0.00062561035156252 -0.215362548828125
0.085540771484375 0.0113067626953125 0.06878662109375 -0.28900146484375
0.0698814392089844 0.0534629821777344 0.166778564453125 -0.297943115234375
0.039031982421875 0.0944290161132813 0.331878662109375 -0.190582275390625
-0.070556640625 0.0841751098632812 0.4630126953125 0.045867919921875
-0.112297058105469 0.000480651855468757 0.3826904296875 0.25091552734375
-0.0725631713867187 -0.0861892700195313 0.10906982421875 0.273101806640625
-0.0276336669921875 -0.245315551757813 0.00417709350585938 -0.0316123962402344
-0.1336669921875 -0.194320678710938 -0.223846435546875 -0.400787353515625
-0.2275390625 -0.011505126953125 -0.48187255859375 -0.2149658203125
-0.120933532714844 0.139755249023437 -0.406463623046875 0.109375
0.0222015380859375 0.148086547851563 -0.14288330078125 0.208831787109375
0.113609313964844 0.0684661865234375 0.05322265625 0.127090454101562
0.115127563476563 -0.00981903076171875 0.0981216430664063 -0.0252914428710938
0.0990371704101563 -0.0224151611328125 0.0300216674804688 -0.114288330078125
0.112846374511719 -0.0368499755859375 -0.0232391357421875 -0.198257446289063
0.133399963378906 -0.0188217163085937 0.034759521484375 -0.28997802734375
0.12939453125 0.0602874755859375 0.129638671875 -0.308685302734375
0.0803375244140625 0.140045166015625 0.308349609375 -0.218048095703125
-0.103622436523438 0.149002075195313 0.463348388671875 0.014404296875
-0.19024658203125 0.0126800537109375 0.36859130859375 0.222137451171875
-0.126922607421875 -0.144683837890625 0.09136962890625 0.239425659179688
-0.0750885009765625 -0.2786865234375 0.033477783203125 -0.1392822265625
-0.201461791992188 -0.178573608398437 -0.070068359375 -0.3583984375
-0.29718017578125 0.0380249023437499 -0.329010009765625 -0.301544189453125
-0.14642333984375 0.260528564453125 -0.338531494140625 -0.0609130859375
0.108612060546875 0.269287109375 -0.18408203125 0.0746002197265625
0.280609130859375 0.0657958984375 -0.0217666625976562 0.072845458984375
0.239486694335938 -0.101577758789063 0.0504646301269531 -0.0174179077148438
0.207839965820313 -0.110671997070313 0.0333175659179688 -0.0932464599609375
0.245330810546875 -0.139236450195313 0.041656494140625 -0.157669067382813
0.299346923828125 -0.062408447265625 0.1202392578125 -0.217071533203125
0.279953002929688 0.13397216796875 0.167205810546875 -0.188278198242188
0.127410888671875 0.273681640625 0.275985717773438 -0.088348388671875
-0.173492431640625 0.239883422851563 0.343017578125 0.064117431640625
-0.262649536132813 0.0753479003906249 0.263031005859375 0.156845092773438
-0.208602905273437 -0.0979461669921875 0.207122802734375 -0.0331573486328125
-0.153823852539062 -0.247268676757813 -0.0951385498046875 0.0151290893554687
-0.2818603515625 -0.1336669921875 -0.09808349609375 -0.302886962890625
-0.343597412109375 0.125030517578125 -0.26165771484375 -0.302001953125
-0.095245361328125 0.3367919921875 -0.311248779296875 -0.11773681640625
0.174362182617187 0.263626098632813 -0.231369018554687 0.0270233154296875
0.322052001953125 0.02130126953125 -0.107887268066406 0.08056640625
0.252151489257813 -0.137222290039063 -0.0270004272460937 0.0478477478027344
0.2237548828125 -0.130966186523437 -0.0211200714111328 -0.011016845703125
0.2730712890625 -0.151626586914062 -0.0167236328125 -0.0827713012695313
0.321868896484375 -0.04266357421875 0.0436248779296875 -0.179779052734375
0.27801513671875 0.1768798828125 0.104019165039063 -0.204299926757812
0.08148193359375 0.29913330078125 0.271392822265625 -0.128494262695312
-0.227005004882812 0.20318603515625 0.385589599609375 0.08013916015625
-0.269256591796875 0.02099609375 0.238174438476562 0.217391967773438
-0.191680908203125 -0.1337890625 0.12921142578125 -0.0573348999023438
-0.163955688476563 -0.21240234375 -0.1793212890625 0.00706481933593747
-0.28424072265625 -0.0654296875 -0.144989013671875 -0.234848022460937
-0.279571533203125 0.174713134765625 -0.23419189453125 -0.26239013671875
-0.0255126953125 0.316009521484375 -0.313690185546875 -0.144256591796875
0.19854736328125 0.209274291992188 -0.284454345703125 0.0130615234375
0.299774169921875 -0.021148681640625 -0.18157958984375 0.118576049804688
0.220626831054687 -0.14154052734375 -0.0896453857421875 0.127708435058594
0.201065063476563 -0.124191284179688 -0.0728759765625 0.0741119384765625
0.25341796875 -0.131591796875 -0.0854263305664062 -0.0141067504882813
0.2855224609375 -0.011962890625 -0.0355377197265625 -0.157424926757813
0.214874267578125 0.184783935546875 0.06329345703125 -0.237533569335938
0.013427734375 0.2548828125 0.29443359375 -0.15704345703125
-0.226898193359375 0.112136840820313 0.428955078125 0.13580322265625
-0.2100830078125 -0.038818359375 0.196502685546875 0.285736083984375
-0.134689331054688 -0.147109985351563 0.05780029296875 -0.0868606567382813
-0.126205444335937 -0.16485595703125 -0.270111083984375 0.00602722167968745
-0.223037719726562 -0.020751953125 -0.196945190429688 -0.165740966796875
-0.18511962890625 0.155838012695313 -0.219924926757813 -0.215988159179687
0.00886535644531248 0.237045288085938 -0.322845458984375 -0.14324951171875
0.166702270507813 0.140487670898438 -0.324493408203125 0.02813720703125
0.23046875 -0.035491943359375 -0.234939575195312 0.16839599609375
0.161575317382813 -0.114089965820313 -0.135696411132813 0.202804565429688
0.149398803710938 -0.0970916748046875 -0.119644165039063 0.145065307617187
0.1912841796875 -0.0923919677734375 -0.150192260742188 0.0289306640625
0.201324462890625 0.009033203125 -0.100509643554688 -0.153411865234375
0.128631591796875 0.142669677734375 0.0587310791015625 -0.269287109375
-0.0234375 0.155288696289063 0.337799072265625 -0.15277099609375
-0.15533447265625 0.0215606689453125 0.442962646484375 0.224639892578125
-0.111846923828125 -0.0617599487304688 0.13623046875 0.339630126953125
-0.0621795654296875 -0.12677001953125 0.016632080078125 -0.125160217285156
-0.048431396484375 -0.108818054199219 -0.3223876953125 0.0109558105468749
-0.120193481445313 -0.00823974609375002 -0.22564697265625 -0.114990234375
-0.0923385620117187 0.0799713134765625 -0.219985961914063 -0.177322387695313
0.00560760498046876 0.120521545410156 -0.34002685546875 -0.114410400390625
0.0882492065429688 0.0678329467773438 -0.343109130859375 0.06298828125
0.123313903808594 -0.0302047729492188 -0.257980346679688 0.220748901367188
0.0792465209960938 -0.06512451171875 -0.1551513671875 0.263931274414063
0.07135009765625 -0.0611114501953125 -0.143203735351562 0.194808959960938
0.0944366455078125 -0.0546112060546875 -0.185821533203125 0.0533294677734375
0.092742919921875 -0.00740814208984375 -0.130294799804687 -0.151809692382813
0.0635986328125 0.0530128479003906 0.0850677490234375 -0.271072387695313
0.0037841796875 0.0476951599121094 0.380889892578125 -0.10931396484375
-0.0399360656738281 -0.00775909423828125 0.421478271484375 0.320556640625
-0.0142116546630859 -0.0174541473388672 0.079071044921875 0.379669189453125
-0.00536727905273438 -0.0634651184082031 0.001556396484375 -0.149307250976563
0.00365447998046875 -0.072723388671875 0.0626907348632812 0.112899780273438
-0.0249977111816406 -0.05645751953125 -0.07275390625 -0.377227783203125
-0.0844497680664063 -0.0149154663085938 -0.54620361328125 -0.130157470703125
-0.0716400146484375 0.04986572265625 -0.422088623046875 0.226898193359375
-0.0213203430175781 0.0566444396972656 -0.08966064453125 0.29534912109375
-0.00298690795898438 0.0523147583007812 0.126174926757813 0.160415649414063
0.0292243957519531 0.0472793579101563 0.153671264648437 -0.02825927734375
0.0287361145019531 0.037109375 0.06591796875 -0.126968383789063
0.0339813232421875 0.0396499633789063 0.0135345458984375 -0.212066650390625
0.0278053283691406 0.0416259765625 0.0843658447265625 -0.278289794921875
-0.001495361328125 0.0433807373046875 0.197845458984375 -0.28521728515625
-0.0119438171386719 0.0361900329589844 0.357513427734375 -0.16064453125
-0.0344619750976563 0.00262069702148437 0.469329833984375 0.095428466796875
-0.019287109375 -0.0240516662597656 0.37689208984375 0.278717041015625
-0.000350952148437498 -0.0225639343261719 0.102691650390625 0.293670654296875
-0.00782775878906251 -0.1658935546875 -0.000850677490234373 -0.0226459503173828
-0.072540283203125 -0.141693115234375 -0.248138427734375 -0.371856689453125
-0.166595458984375 -0.029205322265625 -0.5146484375 -0.186981201171875
-0.0986328125 0.0834503173828125 -0.41412353515625 0.13861083984375
-0.00643157958984376 0.106468200683594 -0.11492919921875 0.258819580078125
0.0641555786132813 0.069183349609375 0.098541259765625 0.143997192382813
0.0828323364257813 0.0180206298828125 0.135711669921875 -0.0356521606445313
0.0688056945800781 0.00629806518554688 0.0494461059570313 -0.129074096679688
0.0795059204101562 0.00029754638671875 -0.00468444824218752 -0.212539672851563
0.0863037109375 0.00940704345703125 0.060760498046875 -0.288238525390625
0.0728530883789063 0.0528717041015625 0.160003662109375 -0.301605224609375
0.04241943359375 0.0931625366210938 0.328857421875 -0.1976318359375
-0.068634033203125 0.0879440307617187 0.46490478515625 0.038970947265625
-0.115631103515625 0.00375366210937498 0.389434814453125 0.245635986328125
-0.0771942138671875 -0.0853195190429688 0.119857788085938 0.274887084960938
-0.0328369140625 -0.24615478515625 0.00802040100097656 -0.0299606323242188
-0.136886596679688 -0.190826416015625 -0.230682373046875 -0.396209716796875
-0.229034423828125 -0.00579833984375003 -0.48577880859375 -0.208465576171875
-0.119155883789062 0.144668579101563 -0.40325927734375 0.116943359375
0.026092529296875 0.148086547851563 -0.136993408203125 0.209793090820313
0.116775512695313 0.0636825561523438 0.05718994140625 0.124702453613281
0.117385864257813 -0.0139999389648438 0.096221923828125 -0.0287322998046875
0.0990219116210938 -0.024932861328125 0.0260086059570312 -0.114524841308594
0.113052368164063 -0.03985595703125 -0.0287017822265625 -0.196456909179688
0.133811950683594 -0.0230865478515625 0.025115966796875 -0.290130615234375
0.133277893066406 0.0580520629882813 0.121124267578125 -0.310150146484375
0.0852203369140625 0.138687133789063 0.305389404296875 -0.223052978515625
-0.101226806640625 0.154403686523438 0.46441650390625 0.00622558593750001
-0.193008422851563 0.0194549560546875 0.376861572265625 0.217620849609375
-0.132415771484375 -0.142929077148437 0.099273681640625 0.2413330078125
-0.0809478759765625 -0.2774658203125 0.032684326171875 -0.140960693359375
-0.2047119140625 -0.173660278320313 -0.070556640625 -0.369659423828125
-0.29736328125 0.050567626953125 -0.337432861328125 -0.307403564453125
-0.133041381835938 0.270034790039063 -0.347869873046875 -0.0606994628906251
0.127593994140625 0.261077880859375 -0.19049072265625 0.0780181884765625
0.283782958984375 0.042755126953125 -0.0237350463867187 0.0739669799804688
0.231094360351562 -0.118988037109375 0.0467987060546875 -0.020599365234375
0.197891235351562 -0.12506103515625 0.0273513793945313 -0.097015380859375
0.233612060546875 -0.157272338867187 0.03582763671875 -0.164810180664063
0.29266357421875 -0.084686279296875 0.112014770507813 -0.230148315429688
0.290130615234375 0.114349365234375 0.168426513671875 -0.19873046875
0.1461181640625 0.265029907226563 0.28765869140625 -0.097412109375
-0.16009521484375 0.249130249023438 0.35345458984375 0.064697265625
-0.25482177734375 0.0899810791015626 0.268173217773437 0.160064697265625
-0.209197998046875 -0.0842437744140625 0.196548461914063 -0.03997802734375
-0.162399291992187 -0.235260009765625 -0.0783615112304688 0.01763916015625
-0.281951904296875 -0.115203857421875 -0.0943603515625 -0.314178466796875
-0.336273193359375 0.14642333984375 -0.276275634765625 -0.312408447265625
-0.07171630859375 0.343414306640625 -0.3267822265625 -0.117767333984375
0.193939208984375 0.251251220703125 -0.240097045898438 0.034423828125
0.32208251953125 -0.006561279296875 -0.107597351074219 0.0874404907226562
0.240127563476563 -0.15740966796875 -0.0245552062988281 0.0498390197753906
0.213104248046875 -0.1473388671875 -0.0201568603515625 -0.0119590759277344
0.260330200195313 -0.173202514648438 -0.0164718627929687 -0.0865020751953125
0.317108154296875 -0.067230224609375 0.0392913818359375 -0.189208984375
0.291107177734375 0.156463623046875 0.104751586914063 -0.211807250976562
0.10125732421875 0.292877197265625 0.281280517578125 -0.1373291015625
-0.213882446289062 0.216598510742188 0.39837646484375 0.078338623046875
-0.2628173828125 0.036712646484375 0.24713134765625 0.221694946289063
-0.193496704101562 -0.120437622070313 0.118385314941406 -0.0573501586914063
-0.173324584960937 -0.200271606445313 -0.161727905273438 0.0148773193359375
-0.2843017578125 -0.047149658203125 -0.139205932617188 -0.24407958984375
-0.270965576171875 0.193954467773438 -0.250350952148438 -0.275192260742188
-0.00271606445312499 0.320220947265625 -0.332366943359375 -0.1424560546875
0.216827392578125 0.19561767578125 -0.29595947265625 0.02685546875
0.299774169921875 -0.047149658203125 -0.178573608398437 0.131515502929688
0.210067749023438 -0.159820556640625 -0.0819015502929688 0.133407592773438
0.192535400390625 -0.140396118164063 -0.06536865234375 0.0759353637695312
0.243392944335938 -0.153732299804688 -0.0789794921875 -0.0156021118164063
0.28350830078125 -0.0341796875 -0.0375518798828125 -0.159942626953125
0.229293823242187 0.1690673828125 0.0616302490234375 -0.239395141601563
0.0319061279296875 0.25262451171875 0.30120849609375 -0.165069580078125
-0.217391967773437 0.125930786132813 0.443115234375 0.131591796875
-0.207931518554688 -0.0261383056640625 0.2091064453125 0.29473876953125
-0.138282775878906 -0.135833740234375 0.0470428466796875 -0.0808639526367188
-0.134765625 -0.15631103515625 -0.2520751953125 0.0195465087890625
-0.222824096679688 -0.00564575195312504 -0.18853759765625 -0.172470092773437
-0.17791748046875 0.169174194335938 -0.235321044921875 -0.229644775390625
0.02740478515625 0.238998413085938 -0.34539794921875 -0.13861083984375
0.180511474609375 0.1290283203125 -0.335662841796875 0.0449523925781251
0.229843139648438 -0.056976318359375 -0.22784423828125 0.18585205078125
0.154556274414063 -0.127975463867188 -0.122817993164062 0.213394165039063
0.143646240234375 -0.110183715820312 -0.106201171875 0.151718139648438
0.186004638671875 -0.109024047851563 -0.14013671875 0.0354843139648438
0.201950073242188 -0.0079803466796875 -0.101058959960938 -0.148788452148437
0.140182495117188 0.132171630859375 0.0552215576171875 -0.2679443359375
-0.0120086669921875 0.15704345703125 0.34527587890625 -0.1607666015625
-0.151214599609375 0.0316162109375 0.460479736328125 0.221282958984375
-0.110313415527344 -0.0533294677734375 0.150238037109375 0.3524169921875
-0.0682296752929687 -0.120140075683594 0.00412750244140625 -0.11328125
-0.0568923950195313 -0.105339050292969 -0.305419921875 0.0280151367187499
-0.118545532226563 0.00183868408203125 -0.2176513671875 -0.121597290039063
-0.088836669921875 0.0894393920898438 -0.236053466796875 -0.18951416015625
0.0171585083007813 0.124603271484375 -0.36236572265625 -0.106842041015625
0.0982513427734375 0.0630416870117187 -0.352081298828125 0.0827636718750001
0.124534606933594 -0.0425262451171875 -0.24725341796875 0.2410888671875
0.0748825073242188 -0.0738983154296875 -0.137496948242187 0.278274536132813
0.0686416625976563 -0.0682144165039063 -0.1256103515625 0.203643798828125
0.0929641723632813 -0.0638580322265625 -0.174514770507813 0.0638580322265625
0.0947494506835938 -0.0155563354492188 -0.12982177734375 -0.143966674804687
0.0694732666015625 0.0470085144042969 0.0829925537109375 -0.270263671875
0.0071258544921875 0.0479011535644531 0.38812255859375 -0.116668701171875
-0.0380668640136719 -0.0045318603515625 0.443206787109375 0.32183837890625
-0.012293815612793 -0.0148525238037109 0.092559814453125 0.39739990234375
-0.00923919677734375 -0.0607376098632813 -0.0149917602539062 -0.135124206542969
6.86645507812467E-05 -0.073150634765625 0.0766677856445313 0.10205078125
-0.0235366821289063 -0.0552444458007813 -0.080047607421875 -0.3963623046875
-0.0863113403320313 -0.011688232421875 -0.562103271484375 -0.12127685546875
-0.0730972290039062 0.0545425415039063 -0.423095703125 0.237396240234375
-0.0209617614746094 0.0551109313964844 -0.08245849609375 0.301300048828125
-0.00091934204101563 0.0539093017578125 0.131729125976562 0.158935546875
0.0328102111816406 0.0468788146972656 0.154022216796875 -0.0343017578125
0.0303611755371094 0.0373916625976562 0.06341552734375 -0.130958557128906
0.0359954833984375 0.0399055480957031 0.00703430175781249 -0.2144775390625
0.0298652648925781 0.0416679382324219 0.076171875 -0.2835693359375
4.19616699218789E-05 0.0458412170410156 0.193267822265625 -0.294464111328125
-0.011260986328125 0.0378379821777344 0.360626220703125 -0.171630859375
-0.0355606079101563 0.00381851196289062 0.480804443359375 0.08837890625
-0.0214748382568359 -0.0228767395019531 0.394683837890625 0.27886962890625
-0.00129890441894531 -0.0217418670654297 0.1138916015625 0.3031005859375
-0.012420654296875 -0.169525146484375 0.00264358520507813 -0.0229911804199219
-0.075927734375 -0.141815185546875 -0.25982666015625 -0.37359619140625
-0.16851806640625 -0.0230712890625 -0.531036376953125 -0.180206298828125
-0.101036071777344 0.0884323120117188 -0.4169921875 0.136749267578125
-0.00347137451171875 0.111091613769531 -0.109420776367187 0.265060424804688
0.0691909790039062 0.0683021545410156 0.104080200195312 0.14312744140625
0.0854644775390625 0.0160064697265625 0.134223937988281 -0.0413970947265625
0.0711212158203125 0.0049591064453125 0.0468368530273438 -0.133796691894531
0.0816497802734375 -0.00249481201171875 -0.0102996826171875 -0.214431762695312
0.08917236328125 0.00690460205078125 0.054534912109375 -0.292694091796875
0.0776824951171875 0.0530166625976563 0.154083251953125 -0.310150146484375
0.046142578125 0.0951156616210938 0.331756591796875 -0.208648681640625
-0.0682601928710938 0.09320068359375 0.47357177734375 0.031005859375
-0.119758605957031 0.00752258300781248 0.405914306640625 0.243194580078125
-0.0817337036132813 -0.0844650268554687 0.13177490234375 0.282470703125
-0.03936767578125 -0.25164794921875 0.0135555267333984 -0.0251903533935547
-0.142593383789063 -0.1904296875 -0.243011474609375 -0.397857666015625
-0.234451293945313 0.00111389160156248 -0.501739501953125 -0.2015380859375
-0.118438720703125 0.151748657226562 -0.4073486328125 0.127227783203125
0.0314788818359375 0.151016235351562 -0.133438110351563 0.2152099609375
0.122467041015625 0.0605392456054687 0.0622634887695312 0.123611450195313
0.1212158203125 -0.01934814453125 0.0959548950195313 -0.0333786010742187
0.101142883300781 -0.0292434692382812 0.0220489501953125 -0.117607116699219
0.115653991699219 -0.0454483032226563 -0.0350799560546875 -0.19818115234375
0.136543273925781 -0.0279998779296875 0.014617919921875 -0.294036865234375
0.140373229980469 0.0556259155273438 0.114959716796875 -0.3172607421875
0.091033935546875 0.139686584472656 0.3077392578125 -0.233978271484375
-0.0992889404296875 0.1624755859375 0.474853515625 -0.00396728515624999
-0.198867797851562 0.028594970703125 0.39215087890625 0.221405029296875
-0.140609741210938 -0.142425537109375 0.111175537109375 0.247329711914063
-0.0921783447265625 -0.280319213867188 0.0326385498046875 -0.144943237304688
-0.212127685546875 -0.172378540039063 -0.074127197265625 -0.387176513671875
-0.302398681640625 0.0653076171875 -0.357177734375 -0.318206787109375
-0.119903564453125 0.283294677734375 -0.365478515625 -0.0595397949218751
0.14788818359375 0.255599975585938 -0.199844360351563 0.0846405029296875
0.289306640625 0.0198974609375 -0.0250396728515625 0.0767135620117188
0.224365234375 -0.139236450195313 0.0428466796875 -0.0235099792480469
0.19061279296875 -0.141464233398438 0.0198974609375 -0.102317810058594
0.224685668945313 -0.177963256835938 0.0286712646484375 -0.175094604492188
0.2882080078125 -0.107513427734375 0.103057861328125 -0.24664306640625
0.303741455078125 0.094024658203125 0.171096801757813 -0.214675903320313
0.165298461914063 0.258651733398438 0.303192138671875 -0.11224365234375
-0.1473388671875 0.2630615234375 0.371490478515625 0.063873291015625
-0.25079345703125 0.105239868164063 0.280059814453125 0.16619873046875
-0.212554931640625 -0.0727691650390625 0.190093994140625 -0.0460968017578125
-0.173248291015625 -0.226150512695313 -0.0633316040039063 0.0180854797363281
-0.2861328125 -0.10003662109375 -0.096343994140625 -0.332275390625
-0.33331298828125 0.170867919921875 -0.301116943359375 -0.32635498046875
-0.04833984375 0.353363037109375 -0.349822998046875 -0.116424560546875
0.215774536132813 0.240097045898438 -0.253173828125 0.044921875
0.324066162109375 -0.034271240234375 -0.108497619628906 0.0964889526367188
0.229660034179688 -0.179641723632813 -0.0228309631347656 0.0528106689453125
0.20367431640625 -0.165939331054688 -0.0207042694091797 -0.0135974884033203
0.250076293945313 -0.197586059570313 -0.0176773071289062 -0.0921783447265625
0.313934326171875 -0.091522216796875 0.032470703125 -0.200164794921875
0.307525634765625 0.135955810546875 0.106369018554688 -0.222518920898438
0.122772216796875 0.28875732421875 0.2935791015625 -0.15155029296875
-0.203125 0.233016967773438 0.417449951171875 0.0748291015625
-0.259414672851563 0.0517578125 0.262344360351562 0.229217529296875
-0.198104858398438 -0.108245849609375 0.110740661621094 -0.0575790405273438
-0.183685302734375 -0.191970825195313 -0.145889282226563 0.0210113525390625
-0.286895751953125 -0.030609130859375 -0.138946533203125 -0.258819580078125
-0.26397705078125 0.215988159179688 -0.27337646484375 -0.28955078125
0.02178955078125 0.326873779296875 -0.358184814453125 -0.13897705078125
0.237167358398438 0.183349609375 -0.310150146484375 0.0426025390625001
0.29931640625 -0.074371337890625 -0.176437377929687 0.145416259765625
0.199508666992188 -0.180267333984375 -0.07403564453125 0.141845703125
0.183700561523438 -0.158599853515625 -0.059326171875 0.0785064697265625
0.234527587890625 -0.177291870117188 -0.074676513671875 -0.0157318115234375
0.2835693359375 -0.056915283203125 -0.0422210693359375 -0.1656494140625
0.246063232421875 0.15240478515625 0.06182861328125 -0.24725341796875
0.049774169921875 0.25341796875 0.313079833984375 -0.17974853515625
-0.211380004882812 0.140365600585938 0.4659423828125 0.126007080078125
-0.206832885742188 -0.0139923095703125 0.227752685546875 0.30609130859375
-0.14373779296875 -0.126602172851563 0.0376052856445312 -0.0747222900390625
-0.145233154296875 -0.150009155273437 -0.236770629882813 0.03204345703125
-0.224227905273437 0.00979614257812505 -0.186080932617188 -0.183624267578125
-0.171585083007812 0.1865234375 -0.258331298828125 -0.2442626953125
0.047332763671875 0.244216918945313 -0.373321533203125 -0.1331787109375
0.19793701171875 0.117965698242187 -0.35089111328125 0.0647888183593751
0.230316162109375 -0.0805206298828125 -0.22296142578125 0.205917358398438
0.146163940429688 -0.145187377929688 -0.108840942382813 0.227401733398437
0.1387939453125 -0.124725341796875 -0.0938262939453125 0.158966064453125
0.181732177734375 -0.128768920898438 -0.13250732421875 0.041656494140625
0.205368041992188 -0.0247802734375 -0.103805541992187 -0.147842407226563
0.15362548828125 0.122100830078125 0.05267333984375 -0.273239135742188
-0.000671386718749986 0.158981323242188 0.3575439453125 -0.17431640625
-0.149444580078125 0.0418243408203125 0.48883056640625 0.217987060546875
-0.1107177734375 -0.0466461181640625 0.17034912109375 0.37042236328125
-0.074127197265625 -0.114326477050781 -0.00854492187500001 -0.102569580078125
-0.065521240234375 -0.103981018066406 -0.291748046875 0.044281005859375
-0.11871337890625 0.0111236572265625 -0.21685791015625 -0.130569458007813
-0.0854873657226563 0.0995254516601562 -0.259231567382813 -0.202102661132812
0.0290145874023437 0.128036499023438 -0.390838623046875 -0.097930908203125
0.109695434570313 0.0570220947265625 -0.365325927734375 0.105987548828125
0.125236511230469 -0.0563278198242188 -0.2392578125 0.2650146484375
0.0709304809570313 -0.083526611328125 -0.119873046875 0.295257568359375
0.06591796875 -0.0761871337890625 -0.110107421875 0.21466064453125
0.0917510986328125 -0.0751495361328125 -0.165237426757813 0.073760986328125
0.0974960327148438 -0.0237045288085938 -0.131095886230469 -0.13812255859375
0.0759353637695313 0.0417251586914063 0.080535888671875 -0.275680541992188
0.011260986328125 0.0477714538574219 0.401336669921875 -0.13018798828125
-0.0367431640625 -0.000915527343749997 0.473724365234375 0.32366943359375
-0.0112228393554687 -0.0132598876953125 0.111419677734375 0.421783447265625
-0.0139389038085938 -0.0579795837402344 -0.0296173095703125 -0.122543334960937
-0.00572204589843751 -0.07489013671875 0.092559814453125 0.0883636474609375
-0.0220222473144531 -0.0564231872558594 -0.09747314453125 -0.419586181640625
-0.0894622802734375 -0.00777435302734376 -0.584716796875 -0.1007080078125
-0.0740280151367188 0.0628890991210937 -0.423583984375 0.259979248046875
-0.0204353332519531 0.0550880432128906 -0.070892333984375 0.31146240234375
0.00264358520507812 0.0560760498046875 0.142745971679688 0.155746459960938
0.0374069213867188 0.046417236328125 0.155776977539063 -0.043212890625
0.0333099365234375 0.0368080139160156 0.0585556030273438 -0.137374877929688
0.0390663146972656 0.0396270751953125 -0.00373840332031249 -0.2186279296875
0.0332870483398438 0.04144287109375 0.063751220703125 -0.29345703125
0.00319290161132813 0.0483207702636719 0.18487548828125 -0.31195068359375
-0.0101547241210937 0.0399818420410156 0.365325927734375 -0.191436767578125
-0.0372238159179687 0.00628662109375 0.500823974609375 0.072845458984375
-0.0240669250488281 -0.0212173461914063 0.4210205078125 0.2733154296875
-0.0024566650390625 -0.0222415924072266 0.133758544921875 0.314178466796875
-0.0204620361328125 -0.175827026367187 0.00642013549804688 -0.0222873687744141
-0.0827484130859375 -0.143096923828125 -0.282745361328125 -0.37139892578125
-0.171417236328125 -0.015106201171875 -0.552398681640625 -0.162689208984375
-0.103660583496094 0.0987548828125 -0.426910400390625 0.133209228515625
0.00157928466796875 0.114936828613281 -0.0990447998046875 0.2757568359375
0.0752639770507813 0.0660629272460938 0.1136474609375 0.140533447265625
0.0895767211914063 0.0107421875 0.1343994140625 -0.0498428344726563
0.0746002197265625 0.00087738037109375 0.0406112670898438 -0.139846801757813
0.0847702026367187 -0.00780487060546875 -0.0213623046875 -0.218185424804688
0.09356689453125 0.00202178955078125 0.046875 -0.30047607421875
0.0853958129882813 0.0509109497070313 0.144073486328125 -0.3251953125
0.0527267456054688 0.0965118408203125 0.33306884765625 -0.228271484375
-0.0669097900390625 0.101287841796875 0.4927978515625 0.01275634765625
-0.124557495117187 0.0160446166992188 0.431793212890625 0.234954833984375
-0.0896224975585938 -0.08380126953125 0.15057373046875 0.291717529296875
-0.0537261962890625 -0.25946044921875 0.0198020935058594 -0.0251388549804688
-0.155014038085937 -0.191635131835938 -0.264862060546875 -0.397857666015625
-0.24200439453125 0.012908935546875 -0.525360107421875 -0.184783935546875
-0.116180419921875 0.164306640625 -0.4129638671875 0.147064208984375
0.0393218994140625 0.154815673828125 -0.127288818359375 0.2259521484375
0.129913330078125 0.0554351806640625 0.0702972412109375 0.122764587402344
0.125297546386719 -0.0274658203125 0.0960464477539063 -0.0407257080078125
0.103492736816406 -0.0352783203125 0.016387939453125 -0.122856140136719
0.117881774902344 -0.0541763305664062 -0.045257568359375 -0.200057983398438
0.140487670898438 -0.03582763671875 -0.00103759765624996 -0.3006591796875
0.1494140625 0.0507354736328125 0.10308837890625 -0.330780029296875
0.101272583007813 0.140884399414062 0.307373046875 -0.25518798828125
-0.0950164794921875 0.175247192382813 0.49017333984375 -0.022125244140625
-0.206497192382813 0.042205810546875 0.4176025390625 0.21392822265625
-0.153564453125 -0.141220092773438 0.132965087890625 0.251937866210938
-0.112579345703125 -0.2840576171875 0.030792236328125 -0.152313232421875
-0.225921630859375 -0.169937133789063 -0.08734130859375 -0.40802001953125
-0.308624267578125 0.0869750976562499 -0.389007568359375 -0.322662353515625
-0.100799560546875 0.300506591796875 -0.389007568359375 -0.0502929687499999
0.174026489257813 0.246856689453125 -0.2099609375 0.097442626953125
0.294281005859375 -0.008819580078125 -0.025482177734375 0.0804595947265625
0.214370727539062 -0.163467407226563 0.0387992858886719 -0.02734375
0.1793212890625 -0.16180419921875 0.0102691650390625 -0.107650756835938
0.211318969726563 -0.204559326171875 0.017608642578125 -0.18701171875
0.283050537109375 -0.1356201171875 0.0882720947265625 -0.266891479492188
0.3184814453125 0.067047119140625 0.1710205078125 -0.2369384765625
0.19073486328125 0.250076293945313 0.31781005859375 -0.13623046875
-0.130630493164063 0.281036376953125 0.395751953125 0.055023193359375
-0.2442626953125 0.12615966796875 0.29974365234375 0.166748046875
-0.217514038085937 -0.0580291748046875 0.1839599609375 -0.0550689697265625
-0.188873291015625 -0.217666625976563 -0.0483551025390625 0.0173149108886719
-0.293182373046875 -0.0811767578125 -0.107757568359375 -0.35272216796875
-0.32818603515625 0.2027587890625 -0.33746337890625 -0.33575439453125
-0.018218994140625 0.3648681640625 -0.379364013671875 -0.105987548828125
0.243392944335938 0.224517822265625 -0.267044067382813 0.0630950927734375
0.324859619140625 -0.068023681640625 -0.107231140136719 0.107955932617188
0.2156982421875 -0.205322265625 -0.0203361511230469 0.05621337890625
0.190078735351562 -0.188674926757812 -0.02294921875 -0.0139369964599609
0.233871459960938 -0.227752685546875 -0.022491455078125 -0.0990219116210938
0.31036376953125 -0.123016357421875 0.0209197998046875 -0.2127685546875
0.32550048828125 0.109283447265625 0.104110717773438 -0.239456176757813
0.149505615234375 0.283477783203125 0.30462646484375 -0.1749267578125
-0.188796997070312 0.254379272460938 0.44317626953125 0.06231689453125
-0.257110595703125 0.0729522705078125 0.286041259765625 0.233001708984375
-0.204925537109375 -0.0943450927734375 0.103294372558594 -0.0595016479492188
-0.198837280273438 -0.182632446289062 -0.131454467773438 0.0266647338867187
-0.290435791015625 -0.00946044921874994 -0.147293090820313 -0.275009155273438
-0.2547607421875 0.2452392578125 -0.308837890625 -0.2991943359375
0.05224609375 0.333831787109375 -0.3912353515625 -0.127838134765625
0.261917114257813 0.165023803710938 -0.32647705078125 0.066253662109375
0.297576904296875 -0.1075439453125 -0.172134399414063 0.164291381835937
0.185302734375 -0.20458984375 -0.063079833984375 0.1517333984375
0.170989990234375 -0.1802978515625 -0.0526199340820312 0.0830764770507812
0.221710205078125 -0.2059326171875 -0.0723037719726562 -0.0154953002929688
0.282989501953125 -0.08599853515625 -0.0511474609375 -0.170150756835938
0.265029907226563 0.130905151367188 0.0563507080078125 -0.258926391601563
0.071807861328125 0.25323486328125 0.321807861328125 -0.20355224609375
-0.202896118164063 0.160064697265625 0.496917724609375 0.111480712890625
-0.207183837890625 0.001373291015625 0.2562255859375 0.3148193359375
-0.152008056640625 -0.1158447265625 0.029510498046875 -0.0690269470214844
-0.159744262695313 -0.143020629882812 -0.22161865234375 0.04559326171875
-0.22540283203125 0.0280303955078125 -0.19134521484375 -0.19488525390625
-0.162460327148437 0.208740234375 -0.2921142578125 -0.2540283203125
0.0729827880859375 0.24725341796875 -0.408905029296875 -0.117767333984375
0.217666625976563 0.102493286132813 -0.36676025390625 0.0947265625
0.228668212890625 -0.107009887695313 -0.213577270507812 0.230850219726563
0.135330200195313 -0.164398193359375 -0.091064453125 0.243255615234375
0.129165649414063 -0.142623901367188 -0.079437255859375 0.16827392578125
0.173263549804688 -0.152862548828125 -0.124961853027344 0.0485458374023438
0.206878662109375 -0.0465545654296875 -0.110870361328125 -0.145462036132813
0.16943359375 0.107406616210938 0.046295166015625 -0.282867431640625
0.0132598876953125 0.16180419921875 0.367156982421875 -0.199066162109375
-0.147293090820313 0.0550384521484375 0.5245361328125 0.206939697265625
-0.111343383789063 -0.0380630493164062 0.200897216796875 0.3885498046875
-0.0816574096679687 -0.106971740722656 -0.0199432373046875 -0.0914764404296875
-0.0768051147460937 -0.101905822753906 -0.27923583984375 0.0623931884765625
-0.118270874023438 0.021697998046875 -0.221923828125 -0.137985229492188
-0.0807571411132812 0.112442016601563 -0.29254150390625 -0.2091064453125
0.0440750122070312 0.130859375 -0.42535400390625 -0.0785522460937501
0.121742248535156 0.0481643676757812 -0.37884521484375 0.13970947265625
0.124717712402344 -0.0734710693359375 -0.226287841796875 0.294708251953125
0.0653457641601563 -0.0947036743164063 -0.0953369140625 0.314788818359375
0.0612945556640625 -0.0867767333984375 -0.0904388427734375 0.226730346679688
0.0879669189453125 -0.0893783569335938 -0.156051635742188 0.0862274169921875
0.0992507934570313 -0.03521728515625 -0.13690185546875 -0.131401062011719
0.0823974609375 0.0342941284179688 0.074005126953125 -0.28558349609375
0.0159225463867187 0.0477371215820312 0.415191650390625 -0.154510498046875
-0.0356216430664063 0.00296783447265626 0.51513671875 0.318572998046875
-0.00910282135009766 -0.0108699798583984 0.14190673828125 0.446075439453125
-0.0185203552246094 -0.0552864074707031 -0.044281005859375 -0.108078002929688
-0.0134353637695313 -0.0747909545898438 0.107772827148438 0.069854736328125
-0.0224571228027344 -0.0578079223632813 -0.126739501953125 -0.435302734375
-0.0911941528320313 -0.00201416015625002 -0.6024169921875 -0.06109619140625
-0.0707550048828125 0.0714950561523438 -0.412353515625 0.287567138671875
-0.0186119079589844 0.0563011169433594 -0.050201416015625 0.319366455078125
0.0122566223144531 0.0572319030761719 0.154693603515625 0.147018432617188
0.0419960021972656 0.0432472229003906 0.153305053710938 -0.055816650390625
0.0364570617675781 0.0350990295410156 0.0487518310546875 -0.143508911132813
0.0429534912109375 0.0371627807617188 -0.0193634033203125 -0.219940185546875
0.0371017456054688 0.0396194458007813 0.0433349609375 -0.30047607421875
0.00709152221679688 0.0494842529296875 0.165771484375 -0.329437255859375
-0.00758361816406249 0.042816162109375 0.3594970703125 -0.2177734375
-0.0375900268554688 0.00995254516601563 0.51568603515625 0.042999267578125
-0.0267066955566406 -0.0186691284179687 0.449188232421875 0.2515869140625
-0.00394630432128906 -0.0221977233886719 0.16070556640625 0.317413330078125
-0.03369140625 -0.1793212890625 0.0110607147216797 -0.0221195220947266
-0.0928955078125 -0.139678955078125 -0.30670166015625 -0.35858154296875
-0.174301147460938 -0.00332641601562502 -0.5721435546875 -0.12896728515625
-0.100639343261719 0.110725402832031 -0.431182861328125 0.146942138671875
0.0089569091796875 0.115150451660156 -0.0814208984375 0.28448486328125
0.0805511474609375 0.0614852905273438 0.124504089355469 0.133682250976563
0.09271240234375 0.002685546875 0.132133483886719 -0.0623855590820313
0.075836181640625 -0.0047760009765625 0.030242919921875 -0.14483642578125
0.0862274169921875 -0.0148773193359375 -0.039306640625 -0.21807861328125
0.0961380004882813 -0.0060272216796875 0.030517578125 -0.306182861328125
0.0931625366210938 0.0451431274414063 0.12286376953125 -0.33966064453125
0.0600204467773438 0.0946807861328125 0.325408935546875 -0.2542724609375
-0.060943603515625 0.110221862792969 0.506988525390625 -0.019256591796875
-0.126785278320313 0.0270462036132812 0.458404541015625 0.213348388671875
-0.0986480712890625 -0.0798416137695313 0.176727294921875 0.293060302734375
-0.07342529296875 -0.262893676757813 0.0269527435302734 -0.027517318725586
-0.170623779296875 -0.186248779296875 -0.292510986328125 -0.386749267578125
-0.246017456054687 0.029541015625 -0.545928955078125 -0.152008056640625
-0.107330322265625 0.176742553710938 -0.4073486328125 0.177734375
0.0508270263671875 0.15484619140625 -0.112823486328125 0.236801147460938
0.136695861816406 0.0465164184570313 0.0800247192382813 0.117279052734375
0.126487731933594 -0.0388717651367188 0.0932846069335938 -0.049957275390625
0.1031494140625 -0.0441207885742188 0.00582122802734375 -0.126502990722656
0.116844177246094 -0.0653533935546875 -0.059844970703125 -0.198333740234375
0.141128540039063 -0.04681396484375 -0.02294921875 -0.302825927734375
0.157638549804688 0.0408935546875 0.08099365234375 -0.342742919921875
0.113899230957031 0.137954711914063 0.29595947265625 -0.279632568359375
-0.08514404296875 0.1878662109375 0.49896240234375 -0.054351806640625
-0.20855712890625 0.0597381591796875 0.4429931640625 0.193450927734375
-0.169723510742188 -0.13409423828125 0.158782958984375 0.249923706054688
-0.139724731445313 -0.280319213867188 0.0250244140625 -0.15924072265625
-0.242507934570312 -0.159622192382813 -0.112457275390625 -0.42388916015625
-0.307373046875 0.116546630859375 -0.42431640625 -0.311248779296875
-0.07177734375 0.3145751953125 -0.40960693359375 -0.02777099609375
0.2015380859375 0.228363037109375 -0.214126586914063 0.115829467773438
0.29144287109375 -0.0438232421875 -0.02325439453125 0.0836563110351563
0.19476318359375 -0.189620971679688 0.0329532623291016 -0.0310344696044922
0.159942626953125 -0.182403564453125 -0.00296783447265625 -0.110092163085938
0.187057495117188 -0.231491088867188 -0.000885009765624973 -0.196456909179688
0.267501831054688 -0.1673583984375 0.064422607421875 -0.2843017578125
0.32757568359375 0.03118896484375 0.160110473632813 -0.26141357421875
0.216384887695313 0.231491088867188 0.322509765625 -0.167694091796875
-0.1044921875 0.296722412109375 0.41632080078125 0.033660888671875
-0.230316162109375 0.149398803710937 0.319915771484375 0.156402587890625
-0.219711303710938 -0.0379791259765625 0.173355102539063 -0.067230224609375
-0.20672607421875 -0.201400756835938 -0.0325546264648438 0.0141410827636719
-0.29644775390625 -0.056121826171875 -0.12921142578125 -0.367095947265625
-0.31109619140625 0.23895263671875 -0.379364013671875 -0.3275146484375
0.02105712890625 0.3675537109375 -0.40582275390625 -0.0836181640625
0.270126342773438 0.197052001953125 -0.275131225585938 0.088653564453125
0.3153076171875 -0.1068115234375 -0.101959228515625 0.119728088378906
0.191055297851562 -0.231842041015625 -0.0165023803710937 0.0589103698730469
0.167648315429688 -0.21075439453125 -0.0255775451660156 -0.0135955810546875
0.207015991210937 -0.25811767578125 -0.0302505493164062 -0.103652954101563
0.296539306640625 -0.158477783203125 0.00259399414062499 -0.22235107421875
0.339111328125 0.071380615234375 0.09185791015625 -0.2569580078125
0.179183959960937 0.26922607421875 0.305267333984375 -0.20452880859375
-0.164260864257812 0.275192260742188 0.465087890625 0.034820556640625
-0.246139526367188 0.0963287353515625 0.31341552734375 0.225189208984375
-0.210006713867188 -0.07452392578125 0.0944442749023437 -0.0615234375
-0.215377807617187 -0.16497802734375 -0.113067626953125 0.0313034057617188
-0.289215087890625 0.01593017578125 -0.162994384765625 -0.28521728515625
-0.233718872070313 0.276199340820312 -0.349273681640625 -0.292633056640625
0.089874267578125 0.331024169921875 -0.42169189453125 -0.10174560546875
0.28411865234375 0.13592529296875 -0.33404541015625 0.099578857421875
0.28521728515625 -0.144256591796875 -0.160385131835937 0.183547973632813
0.16168212890625 -0.228485107421875 -0.0479583740234375 0.160079956054687
0.151351928710938 -0.201461791992188 -0.0439453125 0.0869598388671875
0.196273803710938 -0.236160278320313 -0.070709228515625 -0.0147705078125
0.273956298828125 -0.118637084960937 -0.0640869140625 -0.17083740234375
0.280319213867188 0.0992279052734375 0.043609619140625 -0.270233154296875
0.098175048828125 0.246170043945312 0.319305419921875 -0.234619140625
-0.186279296875 0.180877685546875 0.52325439453125 0.0810546875
-0.2020263671875 0.0205535888671875 0.29119873046875 0.311798095703125
-0.158218383789063 -0.09954833984375 0.0203781127929687 -0.0618438720703125
-0.174758911132812 -0.129379272460938 -0.201614379882812 0.0601348876953125
-0.221160888671875 0.0492095947265625 -0.201797485351562 -0.2012939453125
-0.143798828125 0.231613159179687 -0.33099365234375 -0.24774169921875
0.103988647460938 0.243072509765625 -0.4404296875 -0.087677001953125
0.23406982421875 0.0774688720703125 -0.3719482421875 0.13427734375
0.217483520507813 -0.138214111328125 -0.196060180664063 0.25677490234375
0.116165161132813 -0.183273315429688 -0.064910888671875 0.256332397460938
0.112472534179688 -0.160049438476563 -0.0599822998046875 0.175445556640625
0.155517578125 -0.177749633789063 -0.114822387695312 0.0567169189453125
0.203140258789062 -0.0724334716796875 -0.119461059570312 -0.138450622558594
0.181991577148438 0.0868377685546875 0.031768798828125 -0.291534423828125
0.03033447265625 0.160293579101562 0.366119384765625 -0.232452392578125
-0.140251159667969 0.06976318359375 0.560577392578125 0.175201416015625
-0.110382080078125 -0.0273818969726562 0.241058349609375 0.393341064453125
-0.0890579223632813 -0.0960311889648437 -0.030670166015625 -0.0776901245117188
-0.090057373046875 -0.0960693359375 -0.258407592773438 0.0824737548828125
-0.115402221679688 0.0333328247070313 -0.230331420898438 -0.139923095703125
-0.0705184936523438 0.125160217285156 -0.329803466796875 -0.200714111328125
0.0623779296875 0.129669189453125 -0.453887939453125 -0.04425048828125
0.132644653320313 0.0331954956054688 -0.379486083984375 0.181793212890625
0.117706298828125 -0.0913314819335938 -0.200653076171875 0.32379150390625
0.054534912109375 -0.10552978515625 -0.0604248046875 0.329193115234375
0.0523300170898437 -0.0963134765625 -0.063232421875 0.23614501953125
0.0786895751953125 -0.104118347167969 -0.141387939453125 0.0995025634765625
0.0970611572265625 -0.048187255859375 -0.141891479492187 -0.12054443359375
0.0872955322265625 0.0234756469726563 0.05926513671875 -0.29449462890625
0.0216751098632813 0.0466842651367187 0.417999267578125 -0.1876220703125
-0.0336322784423828 0.0069122314453125 0.55975341796875 0.293243408203125
-0.00708389282226563 -0.00905990600585938 0.185791015625 0.4598388671875
-0.0230064392089844 -0.05023193359375 -0.0572433471679687 -0.0898284912109375
-0.021392822265625 -0.0718307495117188 0.116752624511719 0.04669189453125
-0.0237464904785156 -0.0589485168457031 -0.157806396484375 -0.437957763671875
-0.0907135009765625 0.00394439697265627 -0.59906005859375 -0.01751708984375
-0.0643539428710938 0.0770950317382812 -0.387908935546875 0.2967529296875
-0.0160903930664062 0.0556831359863281 -0.02618408203125 0.317413330078125
0.015289306640625 0.0559539794921875 0.162933349609375 0.132736206054688
0.0451889038085938 0.0387725830078125 0.14617919921875 -0.0676116943359375
0.03826904296875 0.0321617126464844 0.037139892578125 -0.145309448242188
0.0453910827636719 0.0338554382324219 -0.0361785888671875 -0.213790893554688
0.0402297973632813 0.0362548828125 0.02008056640625 -0.2984619140625
0.0113258361816406 0.0493202209472656 0.138031005859375 -0.336822509765625
-0.004119873046875 0.0438766479492188 0.342742919921875 -0.24151611328125
-0.0368194580078125 0.0136833190917969 0.516815185546875 0.00579833984375
-0.0282726287841797 -0.0154552459716797 0.46759033203125 0.219970703125
-0.00579643249511719 -0.0218238830566406 0.186126708984375 0.310394287109375
-0.0482635498046875 -0.17608642578125 0.0151386260986328 -0.0243244171142578
-0.102363586425781 -0.134506225585938 -0.3255615234375 -0.33349609375
-0.17364501953125 0.00936889648437503 -0.57354736328125 -0.0864257812499999
-0.0916976928710937 0.118293762207031 -0.420135498046875 0.167724609375
0.0161590576171875 0.111457824707031 -0.059967041015625 0.2845458984375
0.0844802856445313 0.053924560546875 0.132881164550781 0.120628356933594
0.0927200317382813 -0.0060882568359375 0.124755859375 -0.0739593505859375
0.074859619140625 -0.0111312866210938 0.0180511474609375 -0.1451416015625
0.0846939086914063 -0.0228729248046875 -0.0549163818359375 -0.210678100585937
0.0955352783203125 -0.0134811401367187 0.00973510742187503 -0.303802490234375
0.0958786010742188 0.0381546020507813 0.09515380859375 -0.3448486328125
0.06787109375 0.091064453125 0.305145263671875 -0.2745361328125
-0.0520401000976562 0.115951538085938 0.502410888671875 -0.05328369140625
-0.125152587890625 0.0375595092773438 0.474395751953125 0.180419921875
-0.105560302734375 -0.0733566284179688 0.19964599609375 0.284942626953125
-0.0944366455078125 -0.256881713867188 0.0331840515136719 -0.0318641662597656
-0.184524536132813 -0.17437744140625 -0.313507080078125 -0.36090087890625
-0.242767333984375 0.0482177734375 -0.549072265625 -0.111297607421875
-0.09326171875 0.184127807617188 -0.38848876953125 0.203125
0.0616607666015625 0.150650024414063 -0.09423828125 0.239852905273438
0.138885498046875 0.034942626953125 0.0871200561523438 0.108451843261719
0.122177124023438 -0.0503082275390625 0.087249755859375 -0.0574874877929688
0.0992202758789063 -0.0520095825195313 -0.00408172607421873 -0.125396728515625
0.1109619140625 -0.0755691528320313 -0.0736846923828125 -0.190414428710938
0.137550354003906 -0.05877685546875 -0.04736328125 -0.295257568359375
0.160888671875 0.0279693603515625 0.054595947265625 -0.3438720703125
0.123977661132812 0.129776000976563 0.274749755859375 -0.29815673828125
-0.0704803466796875 0.195571899414062 0.492828369140625 -0.088226318359375
-0.203964233398438 0.0758819580078125 0.455810546875 0.16351318359375
-0.18109130859375 -0.122833251953125 0.183380126953125 0.236419677734375
-0.163726806640625 -0.267654418945313 0.0168609619140625 -0.163101196289063
-0.2542724609375 -0.142745971679688 -0.139862060546875 -0.4266357421875
-0.294219970703125 0.143646240234375 -0.451751708984375 -0.286651611328125
-0.037933349609375 0.31683349609375 -0.41778564453125 -0.000732421874999939
0.221160888671875 0.200164794921875 -0.21038818359375 0.133621215820313
0.276382446289063 -0.076385498046875 -0.0200576782226562 0.0840988159179688
0.16644287109375 -0.207931518554688 0.0256080627441406 -0.0333080291748047
0.133468627929688 -0.195053100585938 -0.016754150390625 -0.107734680175781
0.152679443359375 -0.248260498046875 -0.020782470703125 -0.19757080078125
0.241104125976562 -0.19287109375 0.0361328125 -0.2900390625
0.322265625 -0.008026123046875 0.13934326171875 -0.279632568359375
0.234573364257812 0.204193115234375 0.313201904296875 -0.19647216796875
-0.0728759765625 0.302001953125 0.426788330078125 0.00543212890625002
-0.208114624023438 0.166366577148438 0.33282470703125 0.138519287109375
-0.214981079101563 -0.01727294921875 0.158538818359375 -0.075775146484375
-0.2186279296875 -0.178451538085937 -0.0174798965454102 0.00721073150634764
-0.290313720703125 -0.0317993164062499 -0.152374267578125 -0.36962890625
-0.280075073242188 0.267868041992187 -0.4141845703125 -0.303009033203125
0.06036376953125 0.35662841796875 -0.42169189453125 -0.0522155761718749
0.28631591796875 0.162200927734375 -0.271377563476563 0.115066528320312
0.292083740234375 -0.1414794921875 -0.0925521850585937 0.127693176269531
0.157577514648438 -0.248764038085937 -0.0108909606933594 0.0600433349609375
0.1375732421875 -0.224395751953125 -0.0270233154296875 -0.011251449584961
0.168548583984375 -0.276870727539063 -0.0390472412109375 -0.104927062988281
0.270294189453125 -0.188385009765625 -0.0172271728515625 -0.223358154296875
0.3375244140625 0.029998779296875 0.0738067626953125 -0.266876220703125
0.201461791992188 0.244384765625 0.292236328125 -0.2310791015625
-0.132537841796875 0.284759521484375 0.47314453125 0.00241088867187502
-0.22784423828125 0.115890502929688 0.33428955078125 0.206146240234375
-0.207275390625 -0.053253173828125 0.0828399658203125 -0.0616989135742188
-0.226058959960938 -0.142532348632813 -0.0933303833007813 0.0306777954101562
-0.279067993164062 0.040924072265625 -0.1800537109375 -0.286529541015625
-0.200958251953125 0.298095703125 -0.382476806640625 -0.270782470703125
0.126007080078125 0.314422607421875 -0.438507080078125 -0.06573486328125
0.29443359375 0.100067138671875 -0.32781982421875 0.134033203125
0.26043701171875 -0.175674438476562 -0.142425537109375 0.19775390625
0.13031005859375 -0.2430419921875 -0.0302886962890625 0.162551879882812
0.122833251953125 -0.21380615234375 -0.0332794189453125 0.087493896484375
0.161636352539063 -0.255416870117188 -0.0678520202636719 -0.0138130187988281
0.252914428710938 -0.147674560546875 -0.076019287109375 -0.165374755859375
0.282745361328125 0.063720703125 0.025146484375 -0.27410888671875
0.1204833984375 0.229827880859375 0.30389404296875 -0.259521484375
-0.162933349609375 0.195053100585938 0.533233642578125 0.0439453125
-0.190444946289063 0.0379638671875 0.319915771484375 0.29583740234375
-0.158767700195313 -0.0808868408203125 0.0129547119140625 -0.052642822265625
-0.185775756835938 -0.110595703125 -0.176651000976563 0.0670623779296875
-0.21044921875 0.068084716796875 -0.21124267578125 -0.199691772460938
-0.117462158203125 0.246536254882813 -0.362091064453125 -0.227691650390625
0.131439208984375 0.22760009765625 -0.457794189453125 -0.04815673828125
0.240936279296875 0.0475006103515625 -0.3621826171875 0.17303466796875
0.195510864257813 -0.162933349609375 -0.168319702148438 0.274490356445312
0.092376708984375 -0.19482421875 -0.034576416015625 0.2591552734375
0.091094970703125 -0.170623779296875 -0.037994384765625 0.175888061523438
0.128738403320313 -0.195388793945313 -0.101943969726562 0.0611648559570312
0.190155029296875 -0.0958099365234375 -0.124343872070312 -0.127944946289063
0.186996459960938 0.0618743896484375 0.0130615234375 -0.2908935546875
0.046630859375 0.153152465820313 0.3507080078125 -0.259246826171875
-0.1275634765625 0.0812911987304687 0.57977294921875 0.135986328125
-0.104927062988281 -0.0163040161132813 0.278839111328125 0.38311767578125
-0.0922775268554688 -0.0829544067382812 -0.0378761291503906 -0.0607719421386719
-0.101310729980469 -0.0854034423828125 -0.23126220703125 0.09564208984375
-0.107917785644531 0.0428924560546875 -0.23651123046875 -0.136581420898438
-0.0563430786132812 0.134353637695313 -0.3585205078125 -0.17901611328125
0.0790176391601562 0.12060546875 -0.4676513671875 -0.00115966796874997
0.137702941894531 0.015472412109375 -0.36444091796875 0.22265625
0.104621887207031 -0.106590270996094 -0.165435791015625 0.342315673828125
0.0414886474609375 -0.111083984375 -0.021942138671875 0.330047607421875
0.0402069091796875 -0.101608276367188 -0.0337677001953125 0.235107421875
0.063873291015625 -0.114570617675781 -0.1219482421875 0.1065673828125
0.0906143188476563 -0.0611572265625 -0.1434326171875 -0.105728149414063
0.0876922607421875 0.0111923217773438 0.0404052734375 -0.295867919921875
0.0260810852050781 0.0436515808105469 0.4063720703125 -0.218780517578125
-0.0299072265625 0.0100955963134766 0.58892822265625 0.25115966796875
-0.00395917892456055 -0.00826644897460938 0.2291259765625 0.45648193359375
-0.0257415771484375 -0.04376220703125 -0.0656814575195313 -0.0675811767578125
-0.0261192321777344 -0.065826416015625 0.118583679199219 0.02386474609375
-0.0246543884277344 -0.0598716735839844 -0.1788330078125 -0.431854248046875
-0.088409423828125 0.00786590576171875 -0.58148193359375 0.014404296875
-0.057647705078125 0.0775604248046875 -0.366180419921875 0.2894287109375
-0.0153160095214844 0.0530548095703125 -0.00888061523437502 0.305572509765625
0.0144004821777344 0.0535659790039063 0.164566040039063 0.118667602539063
0.0465087890625 0.0340156555175781 0.137016296386719 -0.0744094848632813
0.0386085510253906 0.0297050476074219 0.0271759033203125 -0.142059326171875
0.0465812683105469 0.0301780700683594 -0.0459442138671875 -0.20269775390625
0.0414314270019531 0.0320472717285156 0.00280761718750002 -0.289093017578125
0.0139884948730469 0.047882080078125 0.11468505859375 -0.332061767578125
-0.00110244750976563 0.0436515808105469 0.320709228515625 -0.251373291015625
-0.03509521484375 0.0159912109375 0.503570556640625 -0.02008056640625
-0.0284347534179688 -0.0129642486572266 0.47039794921875 0.190185546875
-0.0077056884765625 -0.0210647583007812 0.201751708984375 0.299346923828125
-0.05853271484375 -0.170028686523437 0.0190143585205078 -0.0258312225341797
-0.105583190917969 -0.1251220703125 -0.33197021484375 -0.3057861328125
-0.168853759765625 0.0177459716796875 -0.557098388671875 -0.0550842285156249
-0.083648681640625 0.120918273925781 -0.40411376953125 0.177642822265625
0.0212554931640625 0.108383178710938 -0.04248046875 0.276321411132813
0.0877685546875 0.0459365844726562 0.134681701660156 0.107955932617188
0.0891036987304687 -0.0127792358398437 0.115791320800781 -0.0806198120117188
0.07275390625 -0.0149154663085937 0.0086822509765625 -0.141448974609375
0.081268310546875 -0.028656005859375 -0.0637054443359375 -0.199691772460938
0.0929031372070313 -0.0199050903320313 -0.00631713867187498 -0.294464111328125
0.094757080078125 0.0319290161132812 0.071319580078125 -0.33935546875
0.0715408325195313 0.08624267578125 0.282470703125 -0.28265380859375
-0.0443496704101562 0.118156433105469 0.48699951171875 -0.077545166015625
-0.121040344238281 0.0445938110351562 0.4732666015625 0.151458740234375
-0.109848022460938 -0.0663681030273437 0.212799072265625 0.27423095703125
-0.108718872070312 -0.247329711914062 0.0379180908203125 -0.0381011962890625
-0.190414428710938 -0.160690307617188 -0.319091796875 -0.333770751953125
-0.235397338867188 0.059356689453125 -0.5352783203125 -0.07763671875
-0.0817718505859375 0.184844970703125 -0.362762451171875 0.21722412109375
0.067779541015625 0.143646240234375 -0.078155517578125 0.2362060546875
0.136627197265625 0.0248870849609375 0.0903244018554688 0.0980758666992188
0.115806579589844 -0.0576019287109375 0.0800704956054688 -0.0618438720703125
0.0941543579101563 -0.0557937622070313 -0.0118942260742187 -0.120262145996094
0.10333251953125 -0.0814132690429688 -0.0816802978515625 -0.178939819335938
0.131813049316406 -0.0658645629882813 -0.0629425048828125 -0.28094482421875
0.159133911132813 0.0182647705078125 0.032440185546875 -0.334014892578125
0.129135131835938 0.121482849121094 0.252166748046875 -0.30230712890625
-0.0578460693359375 0.19708251953125 0.476654052734375 -0.109771728515625
-0.1962890625 0.08721923828125 0.454925537109375 0.13677978515625
-0.187225341796875 -0.110549926757813 0.194183349609375 0.226654052734375
-0.177993774414062 -0.251754760742188 0.0107421875 -0.163009643554688
-0.257904052734375 -0.126235961914062 -0.158447265625 -0.421478271484375
-0.27606201171875 0.161544799804687 -0.46063232421875 -0.26165771484375
-0.010986328125 0.3077392578125 -0.4146728515625 0.020599365234375
0.227554321289063 0.171356201171875 -0.202392578125 0.144515991210938
0.253707885742188 -0.0992889404296875 -0.0191497802734375 0.0829696655273438
0.13739013671875 -0.214599609375 0.0193500518798828 -0.0325431823730469
0.108810424804687 -0.197402954101562 -0.0264892578125 -0.101333618164063
0.12005615234375 -0.251739501953125 -0.037567138671875 -0.192825317382813
0.21240234375 -0.206863403320313 0.011871337890625 -0.287628173828125
0.306060791015625 -0.036865234375 0.118072509765625 -0.28759765625
0.241104125976563 0.177719116210938 0.299102783203125 -0.2138671875
-0.046173095703125 0.296356201171875 0.425201416015625 -0.016021728515625
-0.184310913085938 0.172805786132812 0.334747314453125 0.12261962890625
-0.204193115234375 -0.00263977050781254 0.141342163085938 -0.076873779296875
-0.221923828125 -0.154541015625 -0.00493860244750978 -0.00287199020385743
-0.278152465820313 -0.0131683349609375 -0.167633056640625 -0.365631103515625
-0.24749755859375 0.281646728515625 -0.430511474609375 -0.275634765625
0.088714599609375 0.335357666015625 -0.422882080078125 -0.0256347656249999
0.2882080078125 0.1290283203125 -0.262069702148438 0.133575439453125
0.263015747070313 -0.163558959960938 -0.0834197998046875 0.130592346191406
0.125030517578125 -0.253433227539063 -0.00700759887695312 0.05950927734375
0.110092163085938 -0.225692749023438 -0.0272865295410156 -0.00877380371093751
0.131378173828125 -0.2811279296875 -0.0458450317382812 -0.103485107421875
0.2403564453125 -0.205718994140625 -0.03253173828125 -0.218353271484375
0.323333740234375 -0.0030517578125 0.0570526123046875 -0.268646240234375
0.21270751953125 0.218551635742188 0.276214599609375 -0.24542236328125
-0.10406494140625 0.28460693359375 0.46832275390625 -0.022003173828125
-0.20526123046875 0.125747680664062 0.34173583984375 0.1893310546875
-0.198257446289063 -0.036651611328125 0.0722732543945312 -0.0573272705078125
-0.228118896484375 -0.1202392578125 -0.0750579833984375 0.0242691040039063
-0.262725830078125 0.0573425292968751 -0.18927001953125 -0.2833251953125
-0.168365478515625 0.305877685546875 -0.398956298828125 -0.245880126953125
0.148773193359375 0.290191650390625 -0.441650390625 -0.0354003906249999
0.292083740234375 0.06854248046875 -0.3133544921875 0.157501220703125
0.230133056640625 -0.1942138671875 -0.125106811523437 0.202133178710938
0.10052490234375 -0.246139526367188 -0.0151824951171875 0.159072875976562
0.0972137451171875 -0.215347290039063 -0.023773193359375 0.0855636596679687
0.126556396484375 -0.260284423828125 -0.0642585754394531 -0.0145301818847656
0.227020263671875 -0.165878295898438 -0.0821075439453125 -0.157974243164063
0.274139404296875 0.03375244140625 0.010833740234375 -0.270370483398438
0.133834838867188 0.21026611328125 0.28607177734375 -0.272003173828125
-0.139602661132812 0.198944091796875 0.529937744140625 0.012847900390625
-0.174362182617188 0.0490264892578125 0.335296630859375 0.27630615234375
-0.153854370117188 -0.0658416748046875 0.00787353515624999 -0.0427742004394531
-0.189208984375 -0.091156005859375 -0.151473999023438 0.06549072265625
-0.19659423828125 0.07965087890625 -0.215957641601562 -0.197540283203125
-0.0919647216796875 0.25115966796875 -0.3787841796875 -0.204925537109375
0.148788452148437 0.207427978515625 -0.46038818359375 -0.014312744140625
0.238021850585938 0.021881103515625 -0.34246826171875 0.200103759765625
0.1707763671875 -0.176895141601563 -0.1419677734375 0.279937744140625
0.0689849853515625 -0.196746826171875 -0.0092010498046875 0.252578735351563
0.070892333984375 -0.172744750976563 -0.019622802734375 0.169754028320313
0.101318359375 -0.201690673828125 -0.0893173217773438 0.060455322265625
0.1727294921875 -0.111495971679687 -0.123443603515625 -0.116546630859375
0.18304443359375 0.0407257080078125 -0.000671386718749976 -0.28466796875
0.057403564453125 0.142929077148438 0.33050537109375 -0.273406982421875
-0.113197326660156 0.0873489379882813 0.58038330078125 0.1007080078125
-0.0970230102539063 -0.00934600830078125 0.30340576171875 0.365936279296875
-0.0902557373046875 -0.0709457397460937 -0.0402450561523438 -0.0440864562988281
-0.108116149902344 -0.0729904174804688 -0.20263671875 0.0971832275390625
-0.100379943847656 0.0484542846679688 -0.237228393554688 -0.133270263671875
-0.0423202514648437 0.1375732421875 -0.37353515625 -0.157073974609375
0.08941650390625 0.109336853027344 -0.46588134765625 0.0341186523437501
0.135490417480469 0.0002288818359375 -0.341156005859375 0.248809814453125
0.0896835327148438 -0.115158081054688 -0.13348388671875 0.34588623046875
0.02923583984375 -0.112876892089844 0.00942993164062499 0.320556640625
0.0291366577148438 -0.102912902832031 -0.00927734374999998 0.226043701171875
0.0485763549804687 -0.118766784667969 -0.102981567382813 0.106880187988281
0.0823516845703125 -0.0694656372070313 -0.138069152832031 -0.0933609008789063
0.0849685668945313 0.00160980224609375 0.026123046875 -0.288726806640625
0.0297393798828125 0.0401039123535156 0.38848876953125 -0.23651123046875
-0.0254650115966797 0.0118770599365234 0.597900390625 0.213623046875
-0.000744342803955079 -0.00835227966308594 0.2576904296875 0.44158935546875
-0.026885986328125 -0.03790283203125 -0.066741943359375 -0.0473098754882813
-0.0290145874023437 -0.0607795715332031 0.1158447265625 0.0062408447265625
-0.0251083374023437 -0.0616378784179688 -0.191375732421875 -0.429534912109375
-0.0859756469726563 0.00920104980468748 -0.562103271484375 0.0285644531250001
-0.053436279296875 0.0772247314453125 -0.354339599609375 0.275848388671875
-0.0178451538085938 0.0470848083496094 -0.00076293945312499 0.29327392578125
0.01434326171875 0.0517387390136719 0.161941528320312 0.108856201171875
0.0457572937011719 0.0307960510253906 0.129730224609375 -0.0767364501953125
0.0377349853515625 0.0284843444824219 0.0221939086914063 -0.138351440429688
0.0457572937011719 0.0280647277832031 -0.0500030517578125 -0.193283081054688
0.0418014526367188 0.0293922424316406 -0.00534057617187502 -0.278671264648437
0.0159492492675781 0.0464515686035156 0.10076904296875 -0.324188232421875
0.000816345214843749 0.0429153442382813 0.306610107421875 -0.251678466796875
-0.0333385467529297 0.017303466796875 0.493621826171875 -0.03173828125
-0.0291767120361328 -0.0112266540527344 0.465728759765625 0.17474365234375
-0.00902938842773438 -0.0199222564697266 0.208770751953125 0.29339599609375
-0.06549072265625 -0.16314697265625 0.0226612091064453 -0.0287895202636719
-0.10455322265625 -0.116462707519531 -0.32757568359375 -0.288726806640625
-0.163177490234375 0.0205841064453125 -0.5377197265625 -0.04412841796875
-0.0789260864257812 0.120162963867188 -0.39404296875 0.17633056640625
0.0225601196289063 0.106735229492188 -0.0341644287109375 0.266464233398438
0.0895538330078125 0.0403976440429688 0.133377075195313 0.0991134643554688
0.0858840942382812 -0.01666259765625 0.108467102050781 -0.0828323364257813
0.07012939453125 -0.016693115234375 0.0046234130859375 -0.137184143066406
0.0784454345703125 -0.0306396484375 -0.06597900390625 -0.191085815429688
0.091156005859375 -0.0242996215820313 -0.00918579101562498 -0.28759765625
0.0941696166992187 0.0282516479492187 0.0584716796875 -0.3284912109375
0.0739593505859375 0.0828018188476563 0.268478393554687 -0.280990600585937
-0.0394287109375 0.118789672851563 0.472564697265625 -0.086181640625
-0.118156433105469 0.0490570068359375 0.46826171875 0.133758544921875
-0.111404418945313 -0.0616455078125 0.219436645507813 0.26971435546875
-0.113815307617187 -0.242706298828125 0.0416717529296875 -0.0442771911621094
-0.192337036132813 -0.15179443359375 -0.31427001953125 -0.315216064453125
-0.229110717773438 0.06488037109375 -0.516815185546875 -0.061553955078125
-0.07562255859375 0.183425903320313 -0.3436279296875 0.21783447265625
0.0693893432617188 0.139434814453125 -0.0694732666015625 0.229095458984375
0.133369445800781 0.0195541381835938 0.0897979736328125 0.0904617309570312
0.110748291015625 -0.0621566772460938 0.0746383666992188 -0.0635299682617188
0.090606689453125 -0.0569610595703125 -0.0155410766601563 -0.115653991699219
0.098388671875 -0.0839080810546875 -0.08355712890625 -0.169998168945313
0.126983642578125 -0.07049560546875 -0.0688629150390625 -0.267898559570313
0.157180786132813 0.0123748779296875 0.02166748046875 -0.322265625
0.13104248046875 0.11602783203125 0.2381591796875 -0.29937744140625
-0.050018310546875 0.197265625 0.46240234375 -0.11907958984375
-0.191360473632813 0.09112548828125 0.44915771484375 0.122955322265625
-0.190780639648437 -0.101669311523438 0.19293212890625 0.233551025390625
-0.175994873046875 -0.255706787109375 0.00868225097656249 -0.1644287109375
-0.257965087890625 -0.1165771484375 -0.16741943359375 -0.418182373046875
-0.261245727539063 0.169906616210938 -0.463287353515625 -0.247467041015625
0.00607299804687498 0.2955322265625 -0.412200927734375 0.0306396484375001
0.227630615234375 0.149246215820312 -0.19732666015625 0.149337768554688
0.233352661132813 -0.111770629882812 -0.0204696655273437 0.081512451171875
0.115249633789062 -0.214385986328125 0.0140800476074219 -0.0309867858886719
0.0909423828125 -0.194473266601563 -0.03216552734375 -0.0947799682617188
0.0953521728515625 -0.248519897460938 -0.0478973388671875 -0.188217163085938
0.188705444335938 -0.211395263671875 -0.00372314453125001 -0.281890869140625
0.2889404296875 -0.055084228515625 0.104095458984375 -0.28857421875
0.241424560546875 0.15863037109375 0.290130615234375 -0.22283935546875
-0.02899169921875 0.288116455078125 0.423248291015625 -0.026611328125
-0.166000366210938 0.172409057617188 0.334197998046875 0.11541748046875
-0.193588256835938 0.00485229492187496 0.127716064453125 -0.0725250244140625
-0.219619750976563 -0.137802124023438 0.00410556793212889 -0.0142345428466797
-0.266372680664063 -0.00444030761718752 -0.174346923828125 -0.36376953125
-0.222747802734375 0.284637451171875 -0.43603515625 -0.25946044921875
0.104400634765625 0.315826416015625 -0.42169189453125 -0.0107421875000001
0.28387451171875 0.104888916015625 -0.253326416015625 0.144012451171875
0.237884521484375 -0.174285888671875 -0.0780487060546875 0.130691528320313
0.100799560546875 -0.251266479492187 -0.00414276123046875 0.0586090087890625
0.090087890625 -0.22210693359375 -0.0268211364746094 -0.00697326660156252
0.103500366210938 -0.277435302734375 -0.050048828125 -0.102706909179688
0.215667724609375 -0.213241577148438 -0.0411529541015625 -0.213226318359375
0.30718994140625 -0.023773193359375 0.04718017578125 -0.267059326171875
0.215988159179687 0.198440551757812 0.26580810546875 -0.2506103515625
-0.0842132568359375 0.278289794921875 0.464691162109375 -0.035064697265625
-0.187667846679688 0.127456665039062 0.343994140625 0.179443359375
-0.188461303710937 -0.027008056640625 0.0639305114746094 -0.0503044128417969
-0.2259521484375 -0.103469848632813 -0.0611953735351563 0.0145835876464844
-0.24932861328125 0.063995361328125 -0.19281005859375 -0.2833251953125
-0.1444091796875 0.30682373046875 -0.40728759765625 -0.229888916015625
0.161590576171875 0.269805908203125 -0.440460205078125 -0.0166931152343749
0.286224365234375 0.046356201171875 -0.299896240234375 0.17169189453125
0.205795288085938 -0.20318603515625 -0.1131591796875 0.202133178710938
0.077880859375 -0.243362426757813 -0.00465393066406248 0.1541748046875
0.07843017578125 -0.21258544921875 -0.017303466796875 0.082305908203125
0.10064697265625 -0.258071899414063 -0.0619850158691406 -0.01678466796875
0.205551147460938 -0.176025390625 -0.08416748046875 -0.152206420898438
0.26263427734375 0.014251708984375 0.00367736816406249 -0.264877319335938
0.139984130859375 0.1947021484375 0.274078369140625 -0.275375366210938
-0.121505737304688 0.197219848632812 0.5244140625 -0.00247192382812499
-0.16107177734375 0.0518035888671875 0.343353271484375 0.26446533203125
-0.146621704101563 -0.05596923828125 0.00475311279296874 -0.0324192047119141
-0.189193725585938 -0.076202392578125 -0.132095336914063 0.0565032958984375
-0.185028076171875 0.0841827392578125 -0.215682983398438 -0.199462890625
-0.0733184814453125 0.251220703125 -0.3876953125 -0.1903076171875
0.157821655273437 0.190109252929687 -0.45855712890625 0.00808715820312498
0.231918334960938 0.004669189453125 -0.325286865234375 0.2159423828125
0.15045166015625 -0.18353271484375 -0.124526977539062 0.27947998046875
0.0517730712890625 -0.195449829101563 0.00791931152343752 0.24365234375
0.057220458984375 -0.171371459960938 -0.00718688964843751 0.162155151367188
0.08050537109375 -0.201324462890625 -0.0796356201171875 0.0563507080078125
0.15753173828125 -0.120529174804687 -0.119354248046875 -0.110237121582031
0.176528930664063 0.026031494140625 -0.00654602050781251 -0.276153564453125
0.0638427734375 0.133384704589844 0.3179931640625 -0.2772216796875
-0.101715087890625 0.0883560180664063 0.577880859375 0.0806884765625
-0.0884628295898438 -0.00588989257812499 0.31591796875 0.3551025390625
-0.0865478515625 -0.0619888305664062 -0.0395393371582031 -0.0297660827636719
-0.111564636230469 -0.0622329711914063 -0.180984497070313 0.09051513671875
-0.0943222045898438 0.0509796142578125 -0.236984252929687 -0.1348876953125
-0.0318756103515625 0.138656616210937 -0.38214111328125 -0.142059326171875
0.094940185546875 0.0994873046875 -0.462127685546875 0.056365966796875
0.132102966308594 -0.0105514526367188 -0.321319580078125 0.2635498046875
0.0779037475585937 -0.119644165039062 -0.110931396484375 0.343841552734375
0.020843505859375 -0.112403869628906 0.030731201171875 0.308349609375
0.0222625732421875 -0.102149963378906 0.00646972656249998 0.215225219726563
0.0362930297851563 -0.119865417480469 -0.0890350341796875 0.102821350097656
0.074737548828125 -0.0748291015625 -0.13018798828125 -0.0862274169921875
0.08123779296875 -0.0047760009765625 0.020111083984375 -0.279632568359375
0.0320358276367188 0.03704833984375 0.37542724609375 -0.242431640625
-0.0218048095703125 0.0119781494140625 0.59722900390625 0.19219970703125
0.00192451477050781 -0.00861310958862305 0.27532958984375 0.43231201171875
-0.0265541076660156 -0.0327587127685547 -0.0645828247070313 -0.0295829772949219
-0.0310325622558594 -0.0569725036621094 0.113929748535156 -0.0083465576171875
-0.0261306762695312 -0.0643959045410156 -0.200592041015625 -0.4371337890625
-0.0861282348632813 0.00889587402343749 -0.553619384765625 0.0331726074218751
-0.0518112182617188 0.0779037475585937 -0.3651123046875 0.25482177734375
-0.01983642578125 0.0460891723632813 0.00372314453125 0.2886962890625
0.0138359069824219 0.0513381958007813 0.160919189453125 0.10491943359375
0.0448799133300781 0.0294952392578125 0.127334594726563 -0.0792236328125
0.0376625061035156 0.0288009643554688 0.0204849243164062 -0.137184143066406
0.0463485717773438 0.0277786254882813 -0.0507659912109375 -0.1885986328125
0.0416603088378906 0.0277938842773437 -0.00904846191406253 -0.273544311523438
0.0171318054199219 0.0469436645507813 0.09600830078125 -0.319061279296875
0.0023651123046875 0.0430717468261719 0.304290771484375 -0.252685546875
-0.0323238372802734 0.0187931060791016 0.492340087890625 -0.035369873046875
-0.0297355651855469 -0.0104503631591797 0.46820068359375 0.16937255859375
-0.0100421905517578 -0.0197162628173828 0.21624755859375 0.297515869140625
-0.0706787109375 -0.159774780273438 0.0271434783935547 -0.0313758850097656
-0.10455322265625 -0.114471435546875 -0.3228759765625 -0.2833251953125
-0.162765502929688 0.021453857421875 -0.52911376953125 -0.0467834472656249
-0.0774307250976563 0.117584228515625 -0.393768310546875 0.17431640625
0.0233154296875 0.107826232910156 -0.0301971435546875 0.261749267578125
0.0914077758789063 0.0369796752929688 0.132827758789063 0.0949478149414063
0.0844879150390625 -0.0188446044921875 0.10595703125 -0.0848770141601563
0.0701255798339844 -0.0170555114746094 0.00301361083984377 -0.1351318359375
0.0772933959960938 -0.0330657958984375 -0.0663299560546875 -0.18731689453125
0.0899810791015625 -0.0274581909179688 -0.00729370117187498 -0.28741455078125
0.0958404541015625 0.0267410278320312 0.0545654296875 -0.323760986328125
0.0766220092773438 0.0821380615234375 0.266616821289063 -0.2808837890625
-0.0366439819335937 0.120628356933594 0.4700927734375 -0.089752197265625
-0.118904113769531 0.0519485473632812 0.471099853515625 0.129913330078125
-0.114830017089844 -0.0594711303710937 0.2296142578125 0.271621704101563
-0.121841430664062 -0.239593505859375 0.0451126098632812 -0.0516586303710938
-0.1949462890625 -0.149505615234375 -0.3089599609375 -0.3070068359375
-0.228744506835938 0.0675048828125 -0.511016845703125 -0.0578613281249999
-0.0741729736328125 0.185577392578125 -0.334930419921875 0.217010498046875
0.0701522827148437 0.140426635742188 -0.0659637451171875 0.225875854492188
0.132614135742188 0.0178680419921875 0.0896530151367188 0.086822509765625
0.108192443847656 -0.0647201538085938 0.0723953247070313 -0.0653533935546875
0.0906753540039063 -0.0585556030273438 -0.017059326171875 -0.113265991210938
0.096527099609375 -0.08544921875 -0.0834808349609375 -0.166641235351563
0.12518310546875 -0.0732803344726563 -0.071990966796875 -0.2628173828125
0.157943725585938 0.0100250244140625 0.017730712890625 -0.316864013671875
0.134284973144531 0.115592956542969 0.234283447265625 -0.298004150390625
-0.046722412109375 0.200057983398437 0.45947265625 -0.121490478515625
-0.193008422851563 0.09552001953125 0.451263427734375 0.11944580078125
-0.196380615234375 -0.0982666015625 0.194686889648438 0.24481201171875
-0.18231201171875 -0.254928588867188 0.00860595703124999 -0.166702270507813
-0.261245727539063 -0.113418579101563 -0.171600341796875 -0.425384521484375
-0.254074096679688 0.177536010742187 -0.4698486328125 -0.24639892578125
0.01727294921875 0.29010009765625 -0.416595458984375 0.0344238281250001
0.22747802734375 0.135848999023438 -0.197296142578125 0.154876708984375
0.21929931640625 -0.119842529296875 -0.023956298828125 0.082244873046875
0.0989532470703125 -0.214981079101563 0.0102558135986328 -0.0290470123291016
0.078887939453125 -0.193374633789063 -0.0360031127929687 -0.0907669067382813
0.077667236328125 -0.246002197265625 -0.0555877685546875 -0.187118530273438
0.173263549804688 -0.216079711914063 -0.013458251953125 -0.28192138671875
0.278488159179688 -0.0668792724609375 0.096649169921875 -0.292022705078125
0.242462158203125 0.147140502929688 0.289398193359375 -0.2303466796875
-0.0169677734375 0.284759521484375 0.42974853515625 -0.031707763671875
-0.155197143554688 0.170562744140625 0.33819580078125 0.1158447265625
-0.187576293945313 0.00918579101562498 0.119895935058594 -0.0660324096679688
-0.2186279296875 -0.127197265625 0.0106639862060547 -0.0264015197753906
-0.259674072265625 -0.000473022460937499 -0.179443359375 -0.371551513671875
-0.2061767578125 0.28839111328125 -0.44744873046875 -0.254058837890625
0.114471435546875 0.30413818359375 -0.4276123046875 -0.00183105468750006
0.282135009765625 0.089813232421875 -0.251022338867188 0.152069091796875
0.221038818359375 -0.181686401367188 -0.07733154296875 0.132598876953125
0.0831451416015625 -0.250396728515625 -0.00252151489257811 0.0582695007324219
0.0773468017578125 -0.220947265625 -0.0260105133056641 -0.0057353973388672
0.08331298828125 -0.2747802734375 -0.05389404296875 -0.103927612304688
0.19891357421875 -0.219741821289063 -0.047119140625 -0.21270751953125
0.297332763671875 -0.03753662109375 0.0421600341796875 -0.2685546875
0.21881103515625 0.186508178710938 0.26611328125 -0.256149291992188
-0.07135009765625 0.275619506835938 0.470001220703125 -0.04010009765625
-0.176773071289063 0.127243041992188 0.35089111328125 0.177886962890625
-0.1824951171875 -0.0223541259765625 0.0597496032714844 -0.0426445007324219
-0.2247314453125 -0.0930938720703125 -0.0514488220214844 0.00286102294921875
-0.242523193359375 0.067352294921875 -0.196533203125 -0.29095458984375
-0.128662109375 0.30963134765625 -0.417816162109375 -0.2247314453125
0.169906616210938 0.2578125 -0.4461669921875 -0.00515747070312495
0.28350830078125 0.032745361328125 -0.29583740234375 0.181854248046875
0.189132690429688 -0.208724975585938 -0.107711791992188 0.204116821289063
0.0626068115234375 -0.242919921875 0.00273132324218752 0.151138305664062
0.067230224609375 -0.21185302734375 -0.0121231079101562 0.080322265625
0.0818939208984375 -0.256378173828125 -0.0612945556640625 -0.0199203491210938
0.190811157226563 -0.1824951171875 -0.08477783203125 -0.151382446289063
0.25543212890625 0.0016937255859375 0.00228881835937502 -0.26385498046875
0.144821166992188 0.185012817382813 0.273117065429688 -0.279403686523438
-0.110687255859375 0.196533203125 0.530181884765625 -0.00949096679687499
-0.15185546875 0.052398681640625 0.35223388671875 0.263397216796875
-0.142013549804688 -0.05029296875 0.0041217803955078 -0.0228939056396484
-0.189804077148438 -0.0670318603515625 -0.119346618652344 0.0464248657226563
-0.179428100585938 0.0874176025390625 -0.217437744140625 -0.206985473632812
-0.0604400634765625 0.253204345703125 -0.399017333984375 -0.183990478515625
0.1651611328125 0.180145263671875 -0.46337890625 0.02178955078125
0.22900390625 -0.00677490234375 -0.318572998046875 0.2281494140625
0.1370849609375 -0.189010620117188 -0.11480712890625 0.28131103515625
0.0399627685546875 -0.196319580078125 0.0205535888671875 0.238754272460938
0.048095703125 -0.171005249023438 0.00201416015624999 0.156646728515625
0.0654296875 -0.200881958007812 -0.0740737915039063 0.052337646484375
0.146133422851563 -0.127761840820313 -0.116310119628906 -0.10845947265625
0.172348022460937 0.0167388916015625 -0.00724792480468748 -0.273422241210937
0.0680694580078125 0.127967834472656 0.316864013671875 -0.28155517578125
-0.0940399169921875 0.0892105102539063 0.58367919921875 0.0726318359375
-0.0824050903320312 -0.00543975830078126 0.329559326171875 0.355621337890625
-0.083587646484375 -0.0564117431640625 -0.0382728576660156 -0.0175437927246094
-0.11395263671875 -0.0536651611328125 -0.167739868164063 0.0816192626953125
-0.0914993286132813 0.0529861450195312 -0.239151000976563 -0.142059326171875
-0.023956298828125 0.140777587890625 -0.39306640625 -0.1353759765625
0.100685119628906 0.094512939453125 -0.465362548828125 0.0731201171874999
0.1318359375 -0.0179443359375 -0.311981201171875 0.276031494140625
0.0697708129882812 -0.123321533203125 -0.0970458984375 0.345001220703125
0.0139007568359375 -0.113723754882812 0.046783447265625 0.301727294921875
0.0176162719726563 -0.102622985839844 0.017333984375 0.207778930664062
0.0276412963867187 -0.120048522949219 -0.080291748046875 0.0981521606445312
0.0686416625976563 -0.0795364379882813 -0.124794006347656 -0.0841064453125
0.0790328979492188 -0.00891876220703125 0.0206146240234375 -0.276519775390625
0.0342693328857422 0.0349807739257813 0.37457275390625 -0.246368408203125
-0.0181598663330078 0.01190185546875 0.60711669921875 0.1826171875
0.00481224060058594 -0.00977420806884766 0.29248046875 0.434906005859375
-0.0256500244140625 -0.0290374755859375 -0.0617523193359375 -0.0151748657226563
-0.0333786010742187 -0.0533828735351563 0.113777160644531 -0.0223159790039063
-0.0289535522460937 -0.0687980651855469 -0.218994140625 -0.45196533203125
-0.0885162353515625 0.00927734374999998 -0.5609130859375 0.0436096191406249
-0.0510711669921875 0.0796051025390625 -0.374664306640625 0.25531005859375
-0.020477294921875 0.0497016906738281 0.00897216796875002 0.29034423828125
0.0142631530761719 0.0531044006347656 0.16436767578125 0.102554321289063
0.0449447631835938 0.0292015075683594 0.128067016601563 -0.0844573974609375
0.0392303466796875 0.0295257568359375 0.018951416015625 -0.139503479003906
0.0479507446289062 0.0275840759277344 -0.0527496337890625 -0.189346313476562
0.0429115295410156 0.0268135070800781 -0.013916015625 -0.275894165039063
0.0196990966796875 0.0475997924804687 0.09283447265625 -0.32354736328125
0.0045013427734375 0.0438880920410156 0.307281494140625 -0.261260986328125
-0.0315818786621094 0.0198593139648438 0.501220703125 -0.044342041015625
-0.0310306549072266 -0.00992584228515625 0.48443603515625 0.165130615234375
-0.0108261108398438 -0.0195255279541016 0.23272705078125 0.30841064453125
-0.0781097412109375 -0.160659790039063 0.0314903259277344 -0.0350990295410156
-0.108108520507813 -0.11517333984375 -0.32415771484375 -0.2821044921875
-0.16650390625 0.02410888671875 -0.529632568359375 -0.057586669921875
-0.076568603515625 0.120399475097656 -0.40283203125 0.17852783203125
0.0268630981445312 0.112937927246094 -0.026641845703125 0.262924194335938
0.09246826171875 0.0362701416015625 0.135665893554687 0.0923309326171875
0.0847625732421875 -0.0221710205078125 0.104713439941406 -0.0914382934570313
0.0716400146484375 -0.0187301635742188 0.00131225585937502 -0.137496948242188
0.078704833984375 -0.0360031127929688 -0.068206787109375 -0.188735961914063
0.0912628173828125 -0.031402587890625 -0.01141357421875 -0.29364013671875
0.0994873046875 0.0251617431640625 0.050201416015625 -0.326263427734375
0.0822525024414063 0.0826416015625 0.267974853515625 -0.28900146484375
-0.0344619750976562 0.125656127929688 0.482208251953125 -0.1005859375
-0.122711181640625 0.0568771362304687 0.4864501953125 0.12518310546875
-0.122451782226563 -0.0583953857421875 0.245330810546875 0.280593872070313
-0.13812255859375 -0.235626220703125 0.0489349365234375 -0.0599174499511719
-0.205245971679688 -0.149765014648438 -0.31317138671875 -0.30633544921875
-0.23480224609375 0.07421875 -0.5147705078125 -0.0489501953125001
-0.072479248046875 0.192108154296875 -0.333404541015625 0.223785400390625
0.07476806640625 0.144683837890625 -0.0619354248046875 0.228836059570313
0.13568115234375 0.0160675048828125 0.0913009643554688 0.0841445922851563
0.1082763671875 -0.0687255859375 0.0718841552734375 -0.0701446533203125
0.092620849609375 -0.0611648559570313 -0.0188446044921875 -0.115081787109375
0.0969085693359375 -0.0901565551757813 -0.0866546630859375 -0.166183471679688
0.126319885253906 -0.079254150390625 -0.0777130126953125 -0.262954711914062
0.163055419921875 0.006988525390625 0.0135498046875 -0.318756103515625
0.141067504882813 0.1162109375 0.236053466796875 -0.306549072265625
-0.0430908203125 0.2080078125 0.467742919921875 -0.131011962890625
-0.1973876953125 0.104049682617188 0.463470458984375 0.1143798828125
-0.2078857421875 -0.097442626953125 0.207687377929688 0.255844116210938
-0.19732666015625 -0.256683349609375 0.0080108642578125 -0.174972534179688
-0.272689819335938 -0.111099243164062 -0.1842041015625 -0.440673828125
-0.251998901367187 0.189422607421875 -0.490234375 -0.24713134765625
0.030120849609375 0.290618896484375 -0.431549072265625 0.0435485839843751
0.233779907226562 0.124923706054687 -0.20111083984375 0.164657592773438
0.208969116210938 -0.131057739257813 -0.0271682739257812 0.0856857299804687
0.0837860107421875 -0.219497680664063 0.00708389282226563 -0.0276908874511719
0.0682373046875 -0.196136474609375 -0.0400238037109375 -0.0894241333007813
0.0613250732421875 -0.248275756835938 -0.0660247802734375 -0.189529418945313
0.16015625 -0.225479125976562 -0.025115966796875 -0.286895751953125
0.273422241210938 -0.0802001953125 0.090118408203125 -0.30267333984375
0.249908447265625 0.137664794921875 0.29583740234375 -0.245452880859375
-0.00430297851562497 0.286407470703125 0.44610595703125 -0.0419921875
-0.14764404296875 0.173049926757813 0.351043701171875 0.115264892578125
-0.186065673828125 0.013671875 0.116142272949219 -0.0618057250976563
-0.223114013671875 -0.117813110351563 0.0164299011230469 -0.0385780334472656
-0.260330200195313 0.00477600097656245 -0.19189453125 -0.3857421875
-0.192474365234375 0.29913330078125 -0.4698486328125 -0.251068115234375
0.1290283203125 0.299102783203125 -0.44305419921875 0.0102539062500001
0.286834716796875 0.076019287109375 -0.253250122070313 0.16583251953125
0.208511352539063 -0.19329833984375 -0.0775146484375 0.138389587402344
0.06707763671875 -0.254135131835938 -8.39233398437493E-05 0.058990478515625
0.06500244140625 -0.224105834960938 -0.0258674621582031 -0.00566101074218751
0.06561279296875 -0.276962280273437 -0.0594482421875 -0.107032775878906
0.185012817382813 -0.22991943359375 -0.054931640625 -0.216461181640625
0.293548583984375 -0.05181884765625 0.0379943847656251 -0.276229858398438
0.227996826171875 0.178146362304687 0.270278930664063 -0.269500732421875
-0.059234619140625 0.278671264648438 0.4874267578125 -0.050811767578125
-0.169235229492188 0.129730224609375 0.365936279296875 0.177978515625
-0.181488037109375 -0.016845703125 0.0577468872070312 -0.0359077453613281
-0.229827880859375 -0.083709716796875 -0.0449447631835938 -0.00763320922851563
-0.242431640625 0.0734710693359375 -0.20648193359375 -0.303680419921875
-0.11376953125 0.318359375 -0.43975830078125 -0.220306396484375
0.183700561523438 0.251144409179688 -0.4613037109375 0.01007080078125
0.28704833984375 0.01702880859375 -0.296112060546875 0.19732666015625
0.175979614257813 -0.220016479492188 -0.104522705078125 0.211380004882813
0.0471954345703125 -0.247329711914062 0.01068115234375 0.151458740234375
0.0550079345703125 -0.216079711914063 -0.00727844238281249 0.0788345336914062
0.06402587890625 -0.259475708007812 -0.0625038146972656 -0.0229034423828125
0.17803955078125 -0.193267822265625 -0.0891265869140625 -0.153350830078125
0.25396728515625 -0.0111846923828125 -0.0013580322265625 -0.2691650390625
0.153701782226563 0.179489135742187 0.277130126953125 -0.292755126953125
-0.100936889648437 0.199737548828125 0.54766845703125 -0.02032470703125
-0.14666748046875 0.05413818359375 0.372955322265625 0.26470947265625
-0.140403747558594 -0.0452804565429687 0.00413131713867187 -0.0139694213867188
-0.195083618164063 -0.0575714111328125 -0.111572265625 0.0376434326171875
-0.17864990234375 0.093658447265625 -0.22747802734375 -0.217514038085937
-0.04754638671875 0.260208129882813 -0.421295166015625 -0.17816162109375
0.177001953125 0.173446655273438 -0.477630615234375 0.040252685546875
0.231903076171875 -0.0196533203125 -0.316192626953125 0.246673583984375
0.1253662109375 -0.1981201171875 -0.1063232421875 0.2899169921875
0.0276031494140625 -0.200088500976562 0.033538818359375 0.237167358398438
0.038665771484375 -0.1756591796875 0.0106048583984375 0.15478515625
0.051544189453125 -0.204666137695313 -0.071502685546875 0.0498428344726563
0.137229919433594 -0.137306213378906 -0.116981506347656 -0.108818054199219
0.171798706054688 0.0074920654296875 -0.00915527343749998 -0.276870727539063
0.0750732421875 0.124168395996094 0.321624755859375 -0.2935791015625
-0.0882568359375 0.0911483764648438 0.60430908203125 0.06292724609375
-0.0789337158203125 -0.00534820556640624 0.35284423828125 0.36102294921875
-0.0829925537109375 -0.0526199340820312 -0.0365791320800781 -0.0061187744140625
-0.1190185546875 -0.0459213256835937 -0.159408569335938 0.074951171875
-0.0904388427734375 0.056488037109375 -0.248641967773438 -0.149276733398437
-0.0152435302734375 0.145645141601563 -0.413330078125 -0.127777099609375
0.108963012695313 0.090057373046875 -0.478363037109375 0.092926025390625
0.133331298828125 -0.0261459350585938 -0.30743408203125 0.295166015625
0.061767578125 -0.129165649414062 -0.08416748046875 0.354156494140625
0.0070648193359375 -0.116851806640625 0.0650634765625 0.299591064453125
0.0123672485351562 -0.105278015136719 0.0294189453125 0.204635620117188
0.019866943359375 -0.121864318847656 -0.0746078491210938 0.0958099365234375
0.0633621215820313 -0.085723876953125 -0.122718811035156 -0.0835037231445313
0.0787811279296875 -0.014007568359375 0.0201263427734375 -0.279815673828125
0.0375633239746094 0.0328254699707031 0.380859375 -0.25860595703125
-0.0154123306274414 0.0113563537597656 0.63037109375 0.17498779296875
0.00696754455566406 -0.0115804672241211 0.315826416015625 0.443206787109375
-0.025604248046875 -0.0255718231201172 -0.05926513671875 -0.00156021118164062
-0.0355987548828125 -0.0486907958984375 0.112922668457031 -0.0379638671875
-0.0341110229492187 -0.0722274780273437 -0.25054931640625 -0.464263916015625
-0.0916976928710938 0.012786865234375 -0.57135009765625 0.0645751953125
-0.0486907958984375 0.0842742919921875 -0.37005615234375 0.277984619140625
-0.0202255249023438 0.0533638000488281 0.01953125 0.2940673828125
0.0165557861328125 0.0552597045898438 0.1719970703125 0.0977325439453125
0.0462532043457031 0.0283393859863281 0.127296447753906 -0.0940322875976563
0.0423622131347656 0.0303955078125 0.0146331787109375 -0.143936157226563
0.0510063171386719 0.0269508361816406 -0.0593109130859375 -0.190689086914062
0.0446090698242188 0.0254249572753906 -0.0248260498046875 -0.27984619140625
0.0231170654296875 0.0483474731445313 0.08331298828125 -0.332427978515625
0.00702285766601563 0.0444679260253906 0.307403564453125 -0.280853271484375
-0.0310592651367188 0.0222511291503906 0.515533447265625 -0.0657958984375
-0.0338783264160156 -0.00798416137695312 0.5079345703125 0.15087890625
-0.0131607055664063 -0.0188083648681641 0.259368896484375 0.318603515625
-0.090972900390625 -0.158782958984375 0.0362014770507812 -0.0398330688476563
-0.116470336914063 -0.113807678222656 -0.33453369140625 -0.278472900390625
-0.172698974609375 0.0309295654296875 -0.5413818359375 -0.070343017578125
-0.0749588012695313 0.12847900390625 -0.4095458984375 0.19451904296875
0.0344924926757813 0.118309020996094 -0.0169677734375 0.267807006835938
0.0941619873046875 0.0350494384765625 0.143753051757813 0.08746337890625
0.08538818359375 -0.027069091796875 0.102714538574219 -0.100112915039063
0.0740509033203125 -0.02294921875 -0.00379943847656249 -0.141830444335938
0.0796966552734375 -0.0416641235351563 -0.075286865234375 -0.191268920898438
0.0921859741210938 -0.037811279296875 -0.02154541015625 -0.303375244140625
0.104461669921875 0.0224609375 0.040283203125 -0.33404541015625
0.0898971557617188 0.0817031860351563 0.266357421875 -0.3067626953125
-0.0290145874023437 0.132232666015625 0.49505615234375 -0.1214599609375
-0.126754760742188 0.0659332275390625 0.508636474609375 0.11199951171875
-0.132179260253906 -0.0554733276367187 0.272308349609375 0.2899169921875
-0.157974243164063 -0.234024047851563 0.0512237548828125 -0.0707015991210938
-0.2203369140625 -0.143325805664063 -0.3255615234375 -0.30157470703125
-0.242111206054688 0.0864105224609375 -0.524688720703125 -0.0328369140624999
-0.0679473876953125 0.20355224609375 -0.3297119140625 0.238922119140625
0.08392333984375 0.148895263671875 -0.0543670654296875 0.234619140625
0.140640258789063 0.0111846923828125 0.0967559814453125 0.0806198120117188
0.107955932617188 -0.0765762329101562 0.0695953369140625 -0.0783233642578125
0.0948715209960938 -0.0681076049804688 -0.0233230590820312 -0.117446899414063
0.0971832275390625 -0.0983963012695313 -0.0935821533203125 -0.166900634765625
0.126380920410156 -0.0877685546875 -0.089569091796875 -0.263748168945313
0.170654296875 3.0517578125E-05 0.00289916992187503 -0.324737548828125
0.1517333984375 0.115066528320313 0.233612060546875 -0.3240966796875
-0.035003662109375 0.21917724609375 0.479034423828125 -0.15045166015625
-0.202255249023438 0.119308471679688 0.485504150390625 0.101043701171875
-0.225234985351563 -0.092010498046875 0.233688354492187 0.261703491210938
-0.220916748046875 -0.254867553710938 0.00231933593749998 -0.184402465820313
-0.29010009765625 -0.1024169921875 -0.20806884765625 -0.4561767578125
-0.2464599609375 0.209518432617188 -0.52252197265625 -0.23724365234375
0.04974365234375 0.29205322265625 -0.449188232421875 0.063323974609375
0.243240356445312 0.109954833984375 -0.202362060546875 0.180923461914063
0.197616577148437 -0.145828247070312 -0.0295562744140625 0.0918426513671875
0.065643310546875 -0.225845336914063 0.00360488891601563 -0.0268878936767578
0.05419921875 -0.201019287109375 -0.04608154296875 -0.0873260498046875
0.0412445068359375 -0.25201416015625 -0.08038330078125 -0.191482543945313
0.143234252929688 -0.238235473632813 -0.044677734375 -0.29425048828125
0.268997192382813 -0.0998077392578125 0.077117919921875 -0.31744384765625
0.26251220703125 0.123748779296875 0.29852294921875 -0.27081298828125
0.01458740234375 0.289642333984375 0.46575927734375 -0.0635986328125
-0.1392822265625 0.17901611328125 0.369171142578125 0.108001708984375
-0.187042236328125 0.0236968994140625 0.113876342773437 -0.0600128173828125
-0.231124877929688 -0.103805541992187 0.0195770263671875 -0.0514869689941406
-0.264480590820313 0.015777587890625 -0.21490478515625 -0.39898681640625
-0.17523193359375 0.314483642578125 -0.500823974609375 -0.236724853515625
0.149871826171875 0.293060302734375 -0.46075439453125 0.032623291015625
0.2958984375 0.056121826171875 -0.253570556640625 0.185623168945313
0.192367553710938 -0.209716796875 -0.0762786865234375 0.147537231445313
0.04541015625 -0.2601318359375 0.00327682495117188 0.0601577758789062
0.0491943359375 -0.229263305664063 -0.0259227752685547 -0.00453758239746095
0.04339599609375 -0.280975341796875 -0.068878173828125 -0.109344482421875
0.166519165039063 -0.245376586914063 -0.06890869140625 -0.220626831054688
0.29034423828125 -0.072479248046875 0.027557373046875 -0.28741455078125
0.242477416992187 0.165481567382812 0.271484375 -0.29229736328125
-0.04083251953125 0.28448486328125 0.5059814453125 -0.07452392578125
-0.162017822265625 0.136062622070312 0.388885498046875 0.171478271484375
-0.182205200195313 -0.00691223144531249 0.0570869445800781 -0.0306739807128906
-0.237762451171875 -0.067901611328125 -0.0406990051269531 -0.0180854797363281
-0.243484497070313 0.0862274169921876 -0.226318359375 -0.314666748046875
-0.093048095703125 0.33123779296875 -0.4697265625 -0.2069091796875
0.204498291015625 0.241317749023438 -0.479461669921875 0.0362548828125001
0.292938232421875 -0.0037841796875 -0.2938232421875 0.222381591796875
0.15869140625 -0.234176635742188 -0.09698486328125 0.223831176757812
0.02691650390625 -0.252700805664062 0.021270751953125 0.151702880859375
0.03948974609375 -0.222076416015625 -0.00122070312500001 0.078155517578125
0.04290771484375 -0.263900756835938 -0.0653190612792969 -0.0245437622070313
0.162139892578125 -0.207962036132813 -0.0976104736328125 -0.154876708984375
0.253433227539063 -0.02923583984375 -0.0105438232421875 -0.277313232421875
0.166458129882813 0.170562744140625 0.277496337890625 -0.314208984375
-0.0878143310546875 0.205917358398438 0.57061767578125 -0.0457763671875
-0.142196655273438 0.0582122802734375 0.401031494140625 0.260528564453125
-0.141891479492188 -0.03741455078125 0.00562620162963866 -0.0054168701171875
-0.201370239257813 -0.04296875 -0.106330871582031 0.0308456420898437
-0.17681884765625 0.104415893554688 -0.244430541992188 -0.225296020507813
-0.02801513671875 0.269439697265625 -0.44915771484375 -0.16229248046875
0.194137573242188 0.163238525390625 -0.494110107421875 0.0704040527343751
0.235015869140625 -0.03857421875 -0.310516357421875 0.274078369140625
0.109466552734375 -0.210235595703125 -0.092559814453125 0.30364990234375
0.0110931396484375 -0.205551147460937 0.052398681640625 0.236724853515625
0.0260009765625 -0.180938720703125 0.0229339599609375 0.152359008789062
0.0346221923828125 -0.20855712890625 -0.0689277648925781 0.0492782592773437
0.125442504882813 -0.14959716796875 -0.12109375 -0.108146667480469
0.172088623046875 -0.00567626953125 -0.017120361328125 -0.283538818359375
0.084320068359375 0.120040893554688 0.323760986328125 -0.317474365234375
-0.0809860229492188 0.0954666137695312 0.63238525390625 0.03857421875
-0.0764694213867188 -0.00399017333984375 0.38739013671875 0.35919189453125
-0.0841598510742187 -0.0462799072265625 -0.0342159271240234 0.00561332702636718
-0.124954223632812 -0.0339813232421875 -0.1541748046875 0.0718994140625
-0.0891647338867188 0.0632400512695312 -0.264328002929687 -0.152359008789063
-0.002655029296875 0.1507568359375 -0.43988037109375 -0.109405517578125
0.120170593261719 0.0830917358398438 -0.49114990234375 0.12567138671875
0.135704040527344 -0.0379867553710938 -0.298980712890625 0.323760986328125
0.0518951416015625 -0.136680603027344 -0.065185546875 0.36810302734375
-0.00233459472656249 -0.121070861816406 0.088592529296875 0.297088623046875
0.00562286376953124 -0.109413146972656 0.0450592041015625 0.201400756835938
0.0093994140625 -0.124313354492188 -0.0679244995117188 0.096405029296875
0.0554962158203125 -0.0930404663085938 -0.123779296875 -0.0818099975585938
0.0783309936523438 -0.0206832885742188 0.013641357421875 -0.2872314453125
0.0415306091308594 0.0305061340332031 0.386138916015625 -0.28289794921875
-0.0121965408325195 0.0107669830322266 0.66412353515625 0.1534423828125
0.00862407684326172 -0.0136928558349609 0.3560791015625 0.44744873046875
-0.0264129638671875 -0.0216693878173828 -0.0570106506347656 0.0125198364257813
-0.036529541015625 -0.0417594909667969 0.109169006347656 -0.0551605224609375
-0.0412368774414063 -0.0731582641601562 -0.291046142578125 -0.464141845703125
-0.0939483642578125 0.0184326171875 -0.5714111328125 0.10028076171875
-0.0504150390625 0.0754623413085938 -0.34820556640625 0.308074951171875
-0.0173606872558594 0.0584068298339844 0.038482666015625 0.29437255859375
0.0203628540039062 0.0564079284667969 0.181137084960938 0.0871124267578125
0.0483474731445313 0.0268745422363281 0.122367858886719 -0.105819702148438
0.0458641052246094 0.0287361145019531 0.00688171386718751 -0.148086547851562
0.0546035766601563 0.0243034362792969 -0.0702056884765625 -0.18951416015625
0.0463066101074219 0.0230064392089844 -0.04180908203125 -0.280426025390625
0.0274124145507812 0.0474205017089844 0.065826416015625 -0.339569091796875
0.0103225708007813 0.0438575744628906 0.296600341796875 -0.3046875
-0.0297737121582031 0.0247154235839844 0.52197265625 -0.097686767578125
-0.0369682312011719 -0.00446701049804687 0.531280517578125 0.1226806640625
-0.0150852203369141 -0.0174417495727539 0.294036865234375 0.31744384765625
-0.105682373046875 -0.142593383789063 0.03582763671875 -0.0473060607910156
-0.125740051269531 -0.108039855957031 -0.347625732421875 -0.2618408203125
-0.176483154296875 0.0430450439453125 -0.557098388671875 -0.0721435546875001
-0.0689468383789063 0.138252258300781 -0.40576171875 0.220794677734375
0.0466079711914063 0.120353698730469 -0.00028991699218751 0.267929077148438
0.0978469848632813 0.0304641723632813 0.151504516601563 0.0769195556640625
0.0841217041015625 -0.0343856811523438 0.0962295532226563 -0.111282348632813
0.0755386352539063 -0.0289459228515625 -0.0120391845703125 -0.14434814453125
0.0789642333984375 -0.048370361328125 -0.0859527587890625 -0.1903076171875
0.0905303955078125 -0.04583740234375 -0.041259765625 -0.308685302734375
0.108596801757813 0.015625 0.02301025390625 -0.33837890625
0.0984420776367188 0.0778427124023438 0.2542724609375 -0.328582763671875
-0.0196075439453125 0.138420104980469 0.496856689453125 -0.154937744140625
-0.127342224121094 0.0784530639648438 0.52960205078125 0.082733154296875
-0.142578125 -0.0472259521484375 0.308013916015625 0.284912109375
-0.181655883789063 -0.221710205078125 0.050140380859375 -0.0816726684570313
-0.23773193359375 -0.130584716796875 -0.340576171875 -0.2861328125
-0.245269775390625 0.105514526367188 -0.52777099609375 -0.00112915039062501
-0.0555419921875 0.2132568359375 -0.314422607421875 0.258209228515625
0.0970916748046875 0.149642944335938 -0.0388336181640625 0.238784790039063
0.145431518554688 0.0027923583984375 0.103797912597656 0.0730133056640625
0.105140686035156 -0.0860671997070313 0.0634613037109375 -0.086822509765625
0.0939102172851563 -0.0767364501953125 -0.0312652587890625 -0.117500305175781
0.0937423706054688 -0.107986450195313 -0.104202270507812 -0.163925170898438
0.122734069824219 -0.0987777709960938 -0.106597900390625 -0.259567260742188
0.175369262695313 -0.01116943359375 -0.015655517578125 -0.326690673828125
0.164031982421875 0.10870361328125 0.21978759765625 -0.343292236328125
-0.0206146240234375 0.228256225585938 0.477264404296875 -0.18292236328125
-0.202072143554687 0.14013671875 0.500091552734375 0.07086181640625
-0.24285888671875 -0.0769195556640625 0.266128540039062 0.255096435546875
-0.248092651367188 -0.244003295898438 -0.00791931152343752 -0.19158935546875
-0.3087158203125 -0.084503173828125 -0.24365234375 -0.45953369140625
-0.233169555664063 0.231765747070312 -0.55072021484375 -0.209442138671875
0.07550048828125 0.28643798828125 -0.458251953125 0.09442138671875
0.252838134765625 0.0876007080078125 -0.195648193359375 0.199874877929688
0.180084228515625 -0.162063598632813 -0.0282516479492187 0.0991592407226563
0.0412445068359375 -0.22930908203125 9.91821289062513E-05 -0.0254364013671875
0.035491943359375 -0.203689575195312 -0.0534820556640625 -0.0829849243164063
0.0169677734375 -0.2508544921875 -0.09967041015625 -0.18804931640625
0.117660522460938 -0.249801635742187 -0.070159912109375 -0.29443359375
0.25653076171875 -0.122314453125 0.0557861328125 -0.329498291015625
0.272735595703125 0.10186767578125 0.289031982421875 -0.301513671875
0.039459228515625 0.28668212890625 0.476654052734375 -0.09814453125
-0.125152587890625 0.18572998046875 0.386474609375 0.089263916015625
-0.183837890625 0.0384674072265625 0.110328674316406 -0.0601882934570313
-0.236129760742188 -0.0820159912109375 0.0196762084960937 -0.0646324157714844
-0.26531982421875 0.0341339111328125 -0.246185302734375 -0.4005126953125
-0.14715576171875 0.32855224609375 -0.530059814453125 -0.206085205078125
0.175140380859375 0.278411865234375 -0.471221923828125 0.0675354003906249
0.30084228515625 0.028533935546875 -0.245376586914062 0.209732055664062
0.169082641601563 -0.225296020507813 -0.0694580078125 0.158447265625
0.017852783203125 -0.262069702148438 0.00811767578125 0.0601348876953125
0.027313232421875 -0.2322998046875 -0.0258617401123047 -0.0038585662841797
0.0153961181640625 -0.280029296875 -0.0812911987304688 -0.108383178710938
0.13983154296875 -0.259140014648438 -0.0874176025390625 -0.219696044921875
0.280426025390625 -0.0974273681640625 0.00903320312500001 -0.2943115234375
0.256332397460938 0.145599365234375 0.261566162109375 -0.32098388671875
-0.01629638671875 0.28436279296875 0.51715087890625 -0.1119384765625
-0.150970458984375 0.143798828125 0.412384033203125 0.151580810546875
-0.180282592773438 0.00758361816406252 0.0560646057128906 -0.0268707275390625
-0.241348266601563 -0.04583740234375 -0.0386009216308594 -0.0271949768066406
-0.238998413085937 0.104904174804688 -0.253387451171875 -0.3155517578125
-0.063323974609375 0.3399658203125 -0.495941162109375 -0.177154541015625
0.227157592773438 0.222320556640625 -0.489105224609375 0.074981689453125
0.294342041015625 -0.031036376953125 -0.2813720703125 0.250091552734375
0.134048461914062 -0.248672485351562 -0.0828704833984375 0.235931396484375
9.15527343750093E-05 -0.254623413085938 0.034698486328125 0.148727416992187
0.0186920166015625 -0.224868774414062 0.00652313232421875 0.075469970703125
0.0167694091796875 -0.264511108398438 -0.0697975158691406 -0.024169921875
0.139083862304688 -0.221649169921875 -0.109237670898438 -0.151580810546875
0.246902465820313 -0.0518341064453125 -0.025726318359375 -0.280532836914062
0.180755615234375 0.156005859375 0.266387939453125 -0.341033935546875
-0.0699920654296875 0.209457397460937 0.5838623046875 -0.08648681640625
-0.135635375976563 0.0645980834960937 0.432403564453125 0.2401123046875
-0.1414794921875 -0.024993896484375 0.00784063339233398 0.00254344940185547
-0.20501708984375 -0.0225067138671875 -0.101287841796875 0.0262298583984375
-0.170440673828125 0.118988037109375 -0.26544189453125 -0.223068237304688
-0.00263977050781252 0.273696899414063 -0.473236083984375 -0.132110595703125
0.211471557617188 0.145065307617188 -0.50054931640625 0.11077880859375
0.233734130859375 -0.0615234375 -0.29290771484375 0.305145263671875
0.0871429443359375 -0.220245361328125 -0.06988525390625 0.31591796875
-0.01068115234375 -0.206817626953125 0.07403564453125 0.22991943359375
0.00965881347656249 -0.18353271484375 0.036468505859375 0.1466064453125
0.0136566162109375 -0.209121704101563 -0.0654869079589844 0.0495872497558594
0.107421875 -0.161270141601563 -0.12713623046875 -0.103096008300781
0.169342041015625 -0.0219879150390625 -0.03173828125 -0.286712646484375
0.0947799682617187 0.111503601074219 0.3131103515625 -0.3460693359375
-0.0710601806640625 0.0987091064453125 0.65155029296875 -0.00482177734374999
-0.0746383666992188 -0.0017852783203125 0.42645263671875 0.34112548828125
-0.0846633911132813 -0.0373611450195313 -0.0301189422607422 0.0177631378173828
-0.127372741699219 -0.01910400390625 -0.146759033203125 0.0720672607421875
-0.0849838256835937 0.0711746215820313 -0.281524658203125 -0.145965576171875
0.013397216796875 0.152572631835938 -0.4600830078125 -0.077667236328125
0.131195068359375 0.0714874267578125 -0.493194580078125 0.168853759765625
0.1346435546875 -0.0529251098632813 -0.2762451171875 0.3544921875
0.0369415283203125 -0.142684936523438 -0.03546142578125 0.378082275390625
-0.0156326293945313 -0.122451782226563 0.116119384765625 0.286651611328125
-0.00410461425781251 -0.111595153808594 0.063232421875 0.193801879882813
-0.00228118896484375 -0.124298095703125 -0.0594940185546875 0.0963134765625
0.0448532104492187 -0.0990371704101563 -0.126068115234375 -0.0763397216796875
0.0765380859375 -0.0288314819335938 0.00115966796875001 -0.290985107421875
0.0457839965820313 0.0257720947265625 0.379364013671875 -0.314300537109375
-0.00959396362304688 0.0101509094238281 0.69317626953125 0.11114501953125
0.00919342041015625 -0.0158367156982422 0.400909423828125 0.435302734375
-0.0261478424072266 -0.0158729553222656 -0.0512008666992187 0.0272445678710937
-0.0340995788574219 -0.0346469879150391 0.101173400878906 -0.070098876953125
-0.0473861694335937 -0.0708847045898438 -0.3232421875 -0.443145751953125
-0.0938720703125 0.02362060546875 -0.55084228515625 0.133758544921875
-0.046051025390625 0.0768814086914063 -0.31243896484375 0.3306884765625
-0.012603759765625 0.0616493225097656 0.060546875 0.28656005859375
0.0238227844238281 0.0555458068847656 0.18548583984375 0.0721435546875
0.0496826171875 0.0240020751953125 0.112594604492187 -0.115348815917969
0.0482673645019531 0.0256156921386719 -0.00207519531250001 -0.147445678710938
0.0569610595703125 0.0202827453613281 -0.079345703125 -0.181884765625
0.0465164184570313 0.0201454162597656 -0.0584869384765625 -0.27154541015625
0.0308647155761719 0.0447273254394531 0.04461669921875 -0.338531494140625
0.0131645202636719 0.0425643920898438 0.274688720703125 -0.320343017578125
-0.0274600982666016 0.0265083312988281 0.511932373046875 -0.13226318359375
-0.0380210876464844 -0.000205993652343745 0.535888671875 0.0860595703125
-0.0171394348144531 -0.0151958465576172 0.324676513671875 0.30401611328125
-0.115859985351562 -0.136886596679688 0.035858154296875 -0.0522613525390625
-0.131843566894531 -0.09722900390625 -0.3485107421875 -0.2401123046875
-0.175308227539063 0.054840087890625 -0.57232666015625 -0.0750732421875001
-0.05657958984375 0.149551391601563 -0.38623046875 0.241729736328125
0.0554580688476563 0.116897583007813 0.0172576904296875 0.259872436523438
0.0983200073242188 0.023895263671875 0.155258178710938 0.0622711181640625
0.0807266235351563 -0.0416946411132813 0.0866546630859375 -0.118049621582031
0.0735015869140625 -0.03619384765625 -0.0206756591796875 -0.142837524414063
0.0765380859375 -0.054351806640625 -0.09515380859375 -0.18505859375
0.08575439453125 -0.0532989501953125 -0.061767578125 -0.3031005859375
0.110336303710938 0.00730133056640625 0.003753662109375 -0.333465576171875
0.102943420410156 0.0706710815429688 0.231903076171875 -0.3404541015625
-0.00983428955078125 0.140464782714844 0.483154296875 -0.187225341796875
-0.123878479003906 0.0908126831054688 0.533172607421875 0.04644775390625
-0.14886474609375 -0.0350341796875 0.335479736328125 0.27447509765625
-0.199050903320313 -0.2222900390625 0.045013427734375 -0.0908279418945313
-0.247451782226563 -0.111068725585938 -0.34521484375 -0.260101318359375
-0.240966796875 0.124176025390625 -0.51531982421875 0.0301818847656249
-0.0419921875 0.217727661132813 -0.2891845703125 0.269775390625
0.108474731445312 0.144149780273438 -0.020843505859375 0.234283447265625
0.145980834960938 -0.0068817138671875 0.107597351074219 0.0612716674804688
0.0985031127929687 -0.0945968627929687 0.0554580688476562 -0.0924224853515625
0.0906753540039063 -0.0845947265625 -0.0387496948242188 -0.115066528320313
0.0867767333984375 -0.116447448730469 -0.112747192382812 -0.1553955078125
0.115180969238281 -0.108184814453125 -0.121322631835938 -0.247268676757813
0.175399780273438 -0.0234527587890625 -0.0340576171875 -0.318756103515625
0.171859741210938 0.0984954833984375 0.196624755859375 -0.352996826171875
-0.0045166015625 0.231216430664063 0.461578369140625 -0.210968017578125
-0.194244384765625 0.158355712890625 0.499755859375 0.03521728515625
-0.253402709960938 -0.05853271484375 0.2938232421875 0.23687744140625
-0.269866943359375 -0.224868774414063 -0.019012451171875 -0.192138671875
-0.317413330078125 -0.0605468750000001 -0.273681640625 -0.445831298828125
-0.209762573242188 0.248016357421875 -0.56396484375 -0.1708984375
0.09759521484375 0.270309448242187 -0.452789306640625 0.126922607421875
0.252578735351563 0.0607757568359375 -0.18145751953125 0.213516235351563
0.156509399414063 -0.171737670898437 -0.0241546630859375 0.104255676269531
0.0157470703125 -0.223190307617188 -0.00361251831054687 -0.0228042602539063
0.016448974609375 -0.19891357421875 -0.0593643188476562 -0.0764923095703125
-0.00738525390625 -0.2412109375 -0.116531372070313 -0.17730712890625
0.0876312255859375 -0.250564575195313 -0.094970703125 -0.284149169921875
0.23590087890625 -0.140106201171875 0.03155517578125 -0.330718994140625
0.274444580078125 0.0755767822265625 0.26776123046875 -0.323974609375
0.061920166015625 0.2738037109375 0.47052001953125 -0.133819580078125
-0.1090087890625 0.186187744140625 0.392333984375 0.064971923828125
-0.173721313476563 0.0519561767578125 0.104576110839844 -0.0593719482421875
-0.232177734375 -0.058258056640625 0.0167999267578125 -0.0752639770507813
-0.256423950195313 0.052154541015625 -0.27294921875 -0.38861083984375
-0.115447998046875 0.33050537109375 -0.541473388671875 -0.165496826171875
0.194122314453125 0.253814697265625 -0.46539306640625 0.102294921875
0.294525146484375 -0.00091552734375 -0.226821899414062 0.226852416992188
0.140228271484375 -0.232803344726562 -0.0577239990234375 0.164840698242187
-0.00961303710937502 -0.254119873046875 0.0122566223144531 0.0582427978515625
0.00575256347656248 -0.226821899414062 -0.0253410339355469 -0.00327110290527345
-0.0117034912109375 -0.269912719726563 -0.091552734375 -0.101898193359375
0.108413696289063 -0.261215209960938 -0.104537963867187 -0.210311889648438
0.260284423828125 -0.118911743164062 -0.01007080078125 -0.292816162109375
0.262237548828125 0.118850708007813 0.239898681640625 -0.339935302734375
0.0072174072265625 0.275680541992188 0.5093994140625 -0.149627685546875
-0.136474609375 0.147216796875 0.422576904296875 0.124420166015625
-0.171798706054688 0.02191162109375 0.055267333984375 -0.02313232421875
-0.235992431640625 -0.0223541259765625 -0.0375022888183594 -0.0356101989746094
-0.226333618164063 0.120468139648438 -0.27392578125 -0.304229736328125
-0.031494140625 0.336700439453125 -0.506072998046875 -0.13897705078125
0.241470336914062 0.194625854492187 -0.480072021484375 0.112548828125
0.284332275390625 -0.058868408203125 -0.256988525390625 0.270095825195312
0.104202270507813 -0.2523193359375 -0.06390380859375 0.24066162109375
-0.0265960693359375 -0.24658203125 0.0465469360351563 0.140380859375
-0.00213623046875002 -0.220413208007812 0.011962890625 0.070709228515625
-0.00860595703124998 -0.25537109375 -0.0732574462890625 -0.0216598510742188
0.110443115234375 -0.225601196289063 -0.11846923828125 -0.143096923828125
0.232025146484375 -0.071563720703125 -0.0417022705078125 -0.276138305664063
0.189361572265625 0.135299682617188 0.243743896484375 -0.359375
-0.0504608154296875 0.20611572265625 0.5765380859375 -0.12908935546875
-0.126594543457031 0.068756103515625 0.4486083984375 0.209228515625
-0.135345458984375 -0.0115737915039063 0.0115108489990234 0.00918483734130859
-0.199050903320312 -0.00106811523437503 -0.0953598022460938 0.0220108032226563
-0.158584594726563 0.130477905273438 -0.280990600585938 -0.21209716796875
0.02301025390625 0.268035888671875 -0.48077392578125 -0.0950622558593749
0.220474243164063 0.12078857421875 -0.48712158203125 0.15277099609375
0.223403930664063 -0.083953857421875 -0.2625732421875 0.325408935546875
0.0624542236328125 -0.22210693359375 -0.04339599609375 0.31829833984375
-0.032501220703125 -0.199920654296875 0.09228515625 0.215591430664062
-0.00808715820312499 -0.18048095703125 0.0478057861328125 0.136154174804688
-0.0075225830078125 -0.20281982421875 -0.061431884765625 0.0493392944335938
0.085235595703125 -0.165176391601563 -0.129730224609375 -0.094146728515625
0.159927368164063 -0.0370330810546875 -0.045867919921875 -0.28125
0.102218627929687 0.0990142822265625 0.28985595703125 -0.365936279296875
-0.0602035522460938 0.098297119140625 0.6513671875 -0.05328369140625
-0.070770263671875 0.000877380371093741 0.4525146484375 0.3099365234375
-0.0806808471679688 -0.0268402099609375 -0.0234718322753906 0.0276641845703125
-0.123985290527344 -0.0036468505859375 -0.137428283691406 0.0706100463867187
-0.078704833984375 0.0773239135742188 -0.290985107421875 -0.13433837890625
0.028533935546875 0.148162841796875 -0.46380615234375 -0.0404052734375
0.136688232421875 0.0558853149414062 -0.473541259765625 0.209503173828125
0.127227783203125 -0.0663986206054687 -0.24261474609375 0.37353515625
0.0211181640625 -0.142578125 -0.00271606445312497 0.37548828125
-0.0286636352539063 -0.119186401367188 0.140182495117188 0.266708374023438
-0.0143508911132813 -0.11016845703125 0.07794189453125 0.179443359375
-0.0138320922851562 -0.120468139648438 -0.0505828857421875 0.09478759765625
0.0317153930664062 -0.100257873535156 -0.124183654785156 -0.068817138671875
0.0706253051757813 -0.0355377197265625 -0.013031005859375 -0.288177490234375
0.0475616455078125 0.0199165344238281 0.35662841796875 -0.337982177734375
-0.00795698165893555 0.00865650177001953 0.69854736328125 0.05859375
0.00820827484130859 -0.0175676345825195 0.433868408203125 0.403656005859375
-0.0242366790771484 -0.00992774963378906 -0.0428428649902344 0.0396041870117187
-0.0293464660644531 -0.0306148529052734 0.0920181274414063 -0.08026123046875
-0.0511665344238281 -0.067718505859375 -0.33709716796875 -0.4222412109375
-0.0920562744140625 0.0266952514648437 -0.5245361328125 0.150177001953125
-0.0408248901367187 0.0777740478515625 -0.295013427734375 0.3270263671875
-0.00730133056640625 0.0633697509765625 0.073455810546875 0.272537231445313
0.0254936218261719 0.0539321899414063 0.184890747070313 0.058563232421875
0.0484886169433594 0.0217208862304687 0.103614807128906 -0.119728088378906
0.0492095947265625 0.0225715637207031 -0.00714111328125 -0.144515991210938
0.058074951171875 0.0163307189941406 -0.0820465087890625 -0.1739501953125
0.0458183288574219 0.0180282592773438 -0.0662078857421875 -0.2591552734375
0.0326805114746094 0.0421066284179688 0.03094482421875 -0.329132080078125
0.0144500732421875 0.0400886535644531 0.25518798828125 -0.323974609375
-0.0253067016601563 0.0271129608154297 0.4942626953125 -0.1502685546875
-0.0385589599609375 0.00415039062500001 0.5306396484375 0.060638427734375
-0.0174665451049805 -0.013458251953125 0.344390869140625 0.2901611328125
-0.119873046875 -0.120445251464844 0.0380287170410156 -0.055755615234375
-0.132713317871094 -0.0875244140625 -0.337310791015625 -0.223388671875
-0.171890258789063 0.0637969970703125 -0.57843017578125 -0.073974609375
-0.0463409423828125 0.151443481445313 -0.3642578125 0.250335693359375
0.0600204467773438 0.112274169921875 0.0263671875 0.245742797851563
0.0968780517578125 0.018829345703125 0.154983520507813 0.0495758056640625
0.0754241943359375 -0.0463714599609375 0.0767898559570313 -0.121955871582031
0.0706710815429688 -0.0413055419921875 -0.025146484375 -0.139823913574219
0.0729522705078125 -0.059173583984375 -0.0992584228515625 -0.177108764648438
0.080230712890625 -0.0584640502929687 -0.075347900390625 -0.2919921875
0.110176086425781 0.0014190673828125 -0.00811767578125 -0.32171630859375
0.105072021484375 0.0643844604492188 0.212493896484375 -0.343109130859375
-0.00250244140624999 0.139289855957031 0.463348388671875 -0.203338623046875
-0.11895751953125 0.099517822265625 0.52703857421875 0.021026611328125
-0.15167236328125 -0.024871826171875 0.354644775390625 0.26226806640625
-0.209854125976562 -0.215576171875 0.0409927368164062 -0.0974960327148438
-0.250640869140625 -0.0927886962890626 -0.33575439453125 -0.24017333984375
-0.23370361328125 0.136978149414062 -0.49188232421875 0.0491943359374999
-0.032623291015625 0.217666625976563 -0.264419555664063 0.270156860351562
0.115768432617188 0.138572692871094 -0.00770568847656248 0.223541259765625
0.143081665039063 -0.015228271484375 0.107200622558594 0.0503463745117188
0.0914459228515625 -0.0994338989257813 0.048095703125 -0.094940185546875
0.0861968994140625 -0.090301513671875 -0.0430526733398438 -0.111167907714844
0.0806121826171875 -0.121711730957031 -0.114990234375 -0.146820068359375
0.107612609863281 -0.111679077148437 -0.127044677734375 -0.2322998046875
0.173019409179687 -0.0317840576171875 -0.045501708984375 -0.307403564453125
0.174423217773438 0.0901336669921875 0.178741455078125 -0.352630615234375
0.00679016113281248 0.229782104492187 0.4417724609375 -0.226531982421875
-0.185409545898438 0.171432495117188 0.4915771484375 0.013671875
-0.257080078125 -0.0428009033203125 0.31097412109375 0.222076416015625
-0.28228759765625 -0.212982177734375 -0.025909423828125 -0.190673828125
-0.31939697265625 -0.041259765625 -0.288238525390625 -0.429840087890625
-0.188827514648438 0.253677368164063 -0.55902099609375 -0.142974853515625
0.109466552734375 0.251373291015625 -0.437957763671875 0.14501953125
0.2442626953125 0.03997802734375 -0.167007446289062 0.2171630859375
0.134780883789063 -0.173171997070313 -0.0206069946289062 0.106788635253906
-0.00271606445312499 -0.211822509765625 -0.00589179992675781 -0.019643783569336
0.00257873535156248 -0.19061279296875 -0.0617637634277344 -0.0692863464355469
-0.0228118896484375 -0.22784423828125 -0.126632690429688 -0.164871215820313
0.0642852783203125 -0.241729736328125 -0.110137939453125 -0.269271850585937
0.21453857421875 -0.1480712890625 0.0147705078125 -0.324005126953125
0.267608642578125 0.055023193359375 0.2469482421875 -0.333953857421875
0.07452392578125 0.25677490234375 0.456207275390625 -0.15509033203125
-0.0959930419921875 0.181442260742188 0.388214111328125 0.04876708984375
-0.160491943359375 0.0593719482421875 0.0988693237304687 -0.0557403564453125
-0.2208251953125 -0.0406951904296875 0.01422119140625 -0.0837936401367188
-0.2440185546875 0.063201904296875 -0.285400390625 -0.374725341796875
-0.09014892578125 0.323822021484375 -0.536346435546875 -0.136260986328125
0.200393676757813 0.228317260742188 -0.449493408203125 0.12579345703125
0.282196044921875 -0.022796630859375 -0.209152221679687 0.233535766601563
0.11505126953125 -0.229965209960938 -0.0485076904296875 0.166595458984375
-0.0301513671875 -0.239959716796875 0.0150260925292969 0.0552902221679687
-0.00952148437499998 -0.21771240234375 -0.0251522064208984 -0.0022716522216797
-0.0291748046875 -0.254806518554688 -0.0982131958007812 -0.0948104858398438
0.0828704833984375 -0.253768920898438 -0.114456176757812 -0.198699951171875
0.239578247070313 -0.129074096679688 -0.022064208984375 -0.284942626953125
0.257431030273437 0.0973052978515625 0.21929931640625 -0.34674072265625
0.0214996337890625 0.2603759765625 0.49267578125 -0.172332763671875
-0.123870849609375 0.144760131835938 0.42034912109375 0.102935791015625
-0.159149169921875 0.030975341796875 0.0548553466796875 -0.018524169921875
-0.22454833984375 -0.00567626953124995 -0.0368576049804688 -0.0424690246582031
-0.212814331054688 0.129165649414062 -0.28387451171875 -0.292083740234375
-0.00860595703125002 0.325531005859375 -0.501678466796875 -0.109588623046875
0.244125366210938 0.169677734375 -0.463226318359375 0.13677978515625
0.269149780273438 -0.077880859375 -0.2337646484375 0.276473999023437
0.0795135498046875 -0.247817993164063 -0.0483551025390625 0.240066528320312
-0.0456695556640625 -0.232192993164062 0.0531082153320313 0.130859375
-0.017608642578125 -0.2109375 0.0152435302734375 0.0648155212402343
-0.026611328125 -0.241256713867188 -0.0747451782226562 -0.0194015502929688
0.086517333984375 -0.220687866210937 -0.122611999511719 -0.133567810058594
0.214523315429688 -0.08270263671875 -0.0499420166015625 -0.268234252929688
0.189056396484375 0.116256713867188 0.2235107421875 -0.36395263671875
-0.03717041015625 0.197174072265625 0.5579833984375 -0.15484619140625
-0.117286682128906 0.06927490234375 0.45098876953125 0.18292236328125
-0.125389099121094 -0.00262451171874998 0.0149621963500976 0.0153741836547852
-0.189117431640625 0.013214111328125 -0.0893707275390625 0.0151138305664063
-0.146530151367188 0.135696411132813 -0.2860107421875 -0.20208740234375
0.0406341552734375 0.25701904296875 -0.474822998046875 -0.06890869140625
0.2205810546875 0.099578857421875 -0.466949462890625 0.17718505859375
0.209808349609375 -0.098968505859375 -0.235809326171875 0.33148193359375
0.041595458984375 -0.216598510742187 -0.022064208984375 0.31146240234375
-0.0484466552734375 -0.189239501953125 0.102676391601562 0.198379516601563
-0.020599365234375 -0.173782348632813 0.0540542602539063 0.125289916992188
-0.0215301513671875 -0.192794799804688 -0.058319091796875 0.0478935241699219
0.0670318603515625 -0.161712646484375 -0.128555297851563 -0.0870361328125
0.148681640625 -0.045257568359375 -0.0526885986328125 -0.272171020507813
0.103492736816406 0.0863113403320313 0.268829345703125 -0.37127685546875
-0.0512847900390625 0.0947036743164063 0.6348876953125 -0.08526611328125
-0.066741943359375 0.00144577026367186 0.461151123046875 0.28094482421875
-0.0739898681640625 -0.0190811157226562 -0.0162124633789063 0.0358543395996094
-0.117584228515625 0.00740814208984377 -0.127952575683594 0.0654525756835938
-0.0714111328125 0.0803985595703125 -0.29345703125 -0.124298095703125
0.038604736328125 0.141403198242188 -0.4556884765625 -0.015045166015625
0.136795043945312 0.042572021484375 -0.450469970703125 0.231964111328125
0.118667602539063 -0.075469970703125 -0.212371826171875 0.37786865234375
0.00879669189453126 -0.138404846191406 0.020538330078125 0.364532470703125
-0.03814697265625 -0.112907409667969 0.151229858398438 0.24420166015625
-0.0212936401367188 -0.107101440429687 0.0857086181640625 0.16412353515625
-0.0216064453125 -0.115493774414062 -0.0439529418945312 0.0904769897460937
0.0216522216796875 -0.0972976684570313 -0.11993408203125 -0.0632553100585937
0.0645980834960938 -0.0392990112304688 -0.0203704833984375 -0.279205322265625
0.0480766296386719 0.0142593383789063 0.3363037109375 -0.345855712890625
-0.00649118423461914 0.00713443756103516 0.68560791015625 0.022705078125
0.00767326354980469 -0.0182609558105469 0.4481201171875 0.373046875
-0.0201969146728516 -0.00487518310546875 -0.0338249206542969 0.0487899780273438
-0.0240421295166016 -0.0291805267333984 0.086212158203125 -0.0883026123046875
-0.0535354614257812 -0.0665855407714844 -0.339935302734375 -0.41064453125
-0.092193603515625 0.0277633666992188 -0.503997802734375 0.152679443359375
-0.0390396118164063 0.0774383544921875 -0.29534912109375 0.315093994140625
-0.00554656982421875 0.0640907287597656 0.0786590576171875 0.260101318359375
0.0261039733886719 0.0533180236816406 0.183670043945313 0.0492706298828125
0.0477371215820313 0.021697998046875 0.0990142822265625 -0.123008728027344
0.0489006042480469 0.0213050842285156 -0.0084991455078125 -0.14300537109375
0.0578804016113281 0.013580322265625 -0.080322265625 -0.170303344726563
0.0457077026367188 0.0173835754394531 -0.06768798828125 -0.250839233398438
0.0333175659179688 0.0402145385742188 0.027099609375 -0.321624755859375
0.0143661499023437 0.0394325256347656 0.245025634765625 -0.321197509765625
-0.0236911773681641 0.0276718139648438 0.481536865234375 -0.157989501953125
-0.0385551452636719 0.0079345703125 0.52642822265625 0.0478515625
-0.0177249908447266 -0.0123310089111328 0.35986328125 0.2872314453125
-0.120613098144531 -0.112007141113281 0.0431404113769531 -0.0593299865722656
-0.132179260253906 -0.0822525024414063 -0.325958251953125 -0.214569091796875
-0.169921875 0.0694580078125 -0.57708740234375 -0.0708618164062501
-0.0435943603515625 0.149322509765625 -0.3433837890625 0.24951171875
0.0642242431640625 0.109062194824219 0.028900146484375 0.23175048828125
0.09637451171875 0.0130767822265625 0.153106689453125 0.039825439453125
0.0719680786132813 -0.0484542846679688 0.0723419189453125 -0.123786926269531
0.0686721801757813 -0.0441627502441406 -0.0271987915039062 -0.138916015625
0.0702972412109375 -0.0631332397460938 -0.098785400390625 -0.17449951171875
0.0760116577148438 -0.06280517578125 -0.082061767578125 -0.28076171875
0.109428405761719 -0.00237274169921875 -0.01153564453125 -0.314453125
0.106536865234375 0.0615921020507813 0.203033447265625 -0.339752197265625
0.00195312499999999 0.139312744140625 0.450164794921875 -0.209686279296875
-0.117851257324219 0.105445861816406 0.522918701171875 0.00967407226562501
-0.154098510742188 -0.0195465087890625 0.37030029296875 0.2578125
-0.219940185546875 -0.206893920898438 0.0372543334960937 -0.104240417480469
-0.247314453125 -0.0779571533203125 -0.32196044921875 -0.23114013671875
-0.230743408203125 0.146652221679687 -0.47216796875 0.0555419921875
-0.02789306640625 0.218719482421875 -0.247055053710938 0.260467529296875
0.120330810546875 0.135551452636719 -0.000762939453125011 0.212936401367188
0.14178466796875 -0.0191650390625 0.106193542480469 0.0409393310546875
0.0866470336914063 -0.102462768554688 0.0432052612304688 -0.0973434448242188
0.0839080810546875 -0.094818115234375 -0.0433731079101562 -0.109016418457031
0.0771255493164062 -0.126373291015625 -0.114486694335938 -0.143020629882813
0.104393005371094 -0.113792419433594 -0.128082275390625 -0.223373413085938
0.172958374023438 -0.036773681640625 -0.04681396484375 -0.29876708984375
0.176223754882812 0.0863189697265625 0.17144775390625 -0.348876953125
0.0133056640625 0.230697631835938 0.42919921875 -0.2308349609375
-0.180252075195312 0.180084228515625 0.490203857421875 0.00637817382812501
-0.262542724609375 -0.034698486328125 0.323486328125 0.222991943359375
-0.293060302734375 -0.2008056640625 -0.028076171875 -0.190963745117188
-0.322662353515625 -0.02874755859375 -0.292022705078125 -0.4228515625
-0.174346923828125 0.256561279296875 -0.5523681640625 -0.12908935546875
0.114395141601562 0.23675537109375 -0.4290771484375 0.151336669921875
0.235626220703125 0.0267333984375 -0.15960693359375 0.217376708984375
0.11859130859375 -0.170333862304688 -0.0185546875 0.109306335449219
-0.0150299072265625 -0.200637817382812 -0.00650787353515625 -0.0170564651489258
-0.00552368164062501 -0.184127807617188 -0.0615653991699219 -0.0645751953125
-0.0319061279296875 -0.216445922851562 -0.132080078125 -0.155853271484375
0.049774169921875 -0.231689453125 -0.11767578125 -0.25811767578125
0.19879150390625 -0.149307250976563 0.00698852539062499 -0.3192138671875
0.259429931640625 0.0431060791015625 0.235595703125 -0.33795166015625
0.078826904296875 0.242965698242188 0.446746826171875 -0.163909912109375
-0.0891265869140625 0.175582885742187 0.383880615234375 0.04290771484375
-0.149993896484375 0.0615692138671875 0.09619140625 -0.0510330200195312
-0.209197998046875 -0.031280517578125 0.0135421752929687 -0.0911865234375
-0.23431396484375 0.0683288574218751 -0.28955078125 -0.368011474609375
-0.07489013671875 0.3157958984375 -0.52886962890625 -0.121673583984375
0.200454711914062 0.2110595703125 -0.4395751953125 0.133880615234375
0.26953125 -0.0361785888671875 -0.197601318359375 0.233963012695313
0.0972442626953125 -0.224609375 -0.0428619384765625 0.167617797851563
-0.04229736328125 -0.226547241210938 0.0163078308105469 0.0530891418457031
-0.0189208984375 -0.2088623046875 -0.0245132446289063 -0.00199317932128907
-0.0396270751953125 -0.242279052734375 -0.101737976074219 -0.0886688232421875
0.0662384033203125 -0.2437744140625 -0.118545532226563 -0.190765380859375
0.222747802734375 -0.1319580078125 -0.0261383056640625 -0.28045654296875
0.251007080078125 0.08355712890625 0.209625244140625 -0.349761962890625
0.0281982421875 0.248489379882812 0.479736328125 -0.182830810546875
-0.116302490234375 0.140670776367188 0.417083740234375 0.094329833984375
-0.148025512695313 0.0337677001953125 0.0547676086425781 -0.0135726928710938
-0.214004516601563 0.00387573242187497 -0.0355415344238281 -0.0504150390625
-0.202178955078125 0.131912231445313 -0.286773681640625 -0.28839111328125
0.00476074218750003 0.31585693359375 -0.494171142578125 -0.0964965820312501
0.2425537109375 0.152908325195313 -0.451141357421875 0.147369384765625
0.2554931640625 -0.088897705078125 -0.220001220703125 0.277313232421875
0.06304931640625 -0.240753173828125 -0.0391082763671875 0.238037109375
-0.0579986572265625 -0.2198486328125 0.0562896728515625 0.123527526855469
-0.0267181396484375 -0.203628540039063 0.0167007446289062 0.060821533203125
-0.036346435546875 -0.230178833007812 -0.0761337280273438 -0.0177383422851563
0.0714111328125 -0.212356567382813 -0.122589111328125 -0.128097534179688
0.201385498046875 -0.087249755859375 -0.051513671875 -0.262832641601563
0.1856689453125 0.104400634765625 0.21356201171875 -0.365814208984375
-0.029876708984375 0.188385009765625 0.54638671875 -0.16632080078125
-0.1109619140625 0.0678253173828125 0.448486328125 0.1710205078125
-0.115859985351563 0.000976562500000004 0.0187320709228516 0.0205097198486328
-0.179931640625 0.0224761962890625 -0.0857925415039063 0.0073394775390625
-0.137809753417969 0.137924194335938 -0.288543701171875 -0.199676513671875
0.050994873046875 0.24774169921875 -0.46661376953125 -0.0555419921875
0.21771240234375 0.08599853515625 -0.452667236328125 0.18768310546875
0.198135375976563 -0.10723876953125 -0.21893310546875 0.3316650390625
0.02880859375 -0.210220336914063 -0.010833740234375 0.306304931640625
-0.05853271484375 -0.17938232421875 0.1064453125 0.185989379882813
-0.0289306640625 -0.168304443359375 0.0560455322265625 0.116920471191406
-0.0299835205078125 -0.184616088867187 -0.0570640563964844 0.0459709167480469
0.05572509765625 -0.156585693359375 -0.125732421875 -0.0839309692382813
0.139175415039063 -0.0496597290039063 -0.052581787109375 -0.266387939453125
0.102760314941406 0.0777969360351563 0.258392333984375 -0.372100830078125
-0.0464859008789063 0.090606689453125 0.620361328125 -0.09954833984375
-0.0637054443359375 0.00179672241210938 0.46142578125 0.266571044921875
-0.0667724609375 -0.014923095703125 -0.0101852416992188 0.0422134399414063
-0.111679077148438 0.0146102905273438 -0.121231079101562 0.0580902099609375
-0.067138671875 0.0821456909179687 -0.293853759765625 -0.122222900390625
0.0447540283203125 0.136543273925781 -0.447784423828125 -0.00296020507812489
0.135337829589844 0.0338973999023438 -0.434539794921875 0.241973876953125
0.111320495605469 -0.08087158203125 -0.194122314453125 0.37603759765625
0.000808715820312493 -0.133743286132813 0.034576416015625 0.355010986328125
-0.0450668334960938 -0.107154846191406 0.155532836914063 0.227508544921875
-0.0264358520507812 -0.104484558105469 0.087799072265625 0.153396606445313
-0.0269317626953125 -0.11102294921875 -0.0407180786132813 0.08709716796875
0.0152359008789062 -0.0933837890625 -0.115074157714844 -0.06121826171875
0.0599212646484375 -0.0407829284667969 -0.0198516845703125 -0.274612426757813
0.0475349426269531 0.01019287109375 0.324676513671875 -0.3477783203125
-0.00566530227661133 0.00641107559204102 0.67449951171875 0.0054931640625
0.00753402709960938 -0.0184535980224609 0.4510498046875 0.357635498046875
-0.0159425735473633 -0.00196552276611328 -0.02618408203125 0.0562667846679688
-0.0195980072021484 -0.0304508209228516 0.0830459594726563 -0.097320556640625
-0.0558547973632812 -0.0667076110839844 -0.347198486328125 -0.41455078125
-0.0945510864257813 0.0298919677734375 -0.49652099609375 0.152374267578125
-0.04144287109375 0.0771942138671875 -0.307647705078125 0.309967041015625
-0.00247573852539062 0.0662155151367188 0.08172607421875 0.2530517578125
0.0280838012695313 0.0534515380859375 0.185272216796875 0.04180908203125
0.0475959777832031 0.0226860046386719 0.097564697265625 -0.128372192382813
0.0494766235351563 0.0209999084472656 -0.00736999511718749 -0.146728515625
0.0585746765136719 0.0112152099609375 -0.0782928466796875 -0.172637939453125
0.0469818115234375 0.0173492431640625 -0.06646728515625 -0.249252319335938
0.0350341796875 0.0403480529785156 0.027069091796875 -0.32171630859375
0.0147743225097656 0.0398674011230469 0.24407958984375 -0.324676513671875
-0.0230579376220703 0.0283889770507813 0.483673095703125 -0.162445068359375
-0.0387916564941406 0.0115089416503906 0.535675048828125 0.042999267578125
-0.0184783935546875 -0.0117874145507812 0.38250732421875 0.29351806640625
-0.122047424316406 -0.106292724609375 0.0496482849121094 -0.064727783203125
-0.135276794433594 -0.0800018310546875 -0.319061279296875 -0.2127685546875
-0.173110961914063 0.075164794921875 -0.586181640625 -0.0733642578124999
-0.0428009033203125 0.152053833007813 -0.330108642578125 0.249359130859375
0.0680007934570312 0.10894775390625 0.0253753662109375 0.22320556640625
0.09814453125 0.00127410888671875 0.15362548828125 0.0308685302734375
0.0705795288085938 -0.0505828857421875 0.0701828002929687 -0.129859924316406
0.0702896118164063 -0.0452499389648438 -0.0277862548828125 -0.1431884765625
0.0702629089355469 -0.0673904418945313 -0.0995941162109375 -0.177017211914062
0.0737533569335938 -0.0672836303710938 -0.0847930908203125 -0.279571533203125
0.112884521484375 -0.0056304931640625 -0.00982666015624999 -0.314300537109375
0.109809875488281 0.0615310668945312 0.204010009765625 -0.342498779296875
0.00462341308593751 0.142745971679688 0.453338623046875 -0.214569091796875
-0.118873596191406 0.114105224609375 0.530181884765625 0.00326538085937501
-0.16046142578125 -0.015106201171875 0.394805908203125 0.26055908203125
-0.234268188476562 -0.203521728515625 0.0352783203125 -0.113571166992188
-0.245864868164062 -0.0670166015625 -0.311920166015625 -0.233184814453125
-0.234512329101562 0.157196044921875 -0.462310791015625 0.0554199218750001
-0.0255279541015625 0.2259521484375 -0.239501953125 0.252609252929688
0.126640319824219 0.137222290039062 0.00282287597656249 0.205108642578125
0.14501953125 -0.0224609375 0.105888366699219 0.0331497192382813
0.085174560546875 -0.1065673828125 0.0396957397460938 -0.102088928222656
0.08428955078125 -0.100753784179688 -0.0438079833984375 -0.111862182617188
0.0760650634765625 -0.134086608886719 -0.114761352539063 -0.144393920898438
0.1053466796875 -0.118522644042969 -0.127685546875 -0.221817016601562
0.177688598632813 -0.0402984619140625 -0.04669189453125 -0.29815673828125
0.182281494140625 0.0878448486328125 0.171783447265625 -0.353118896484375
0.0161285400390625 0.237380981445313 0.4315185546875 -0.23486328125
-0.18115234375 0.19244384765625 0.50250244140625 0.00521850585937501
-0.272872924804688 -0.0283813476562501 0.343902587890625 0.230377197265625
-0.307525634765625 -0.190643310546875 -0.028564453125 -0.196563720703125
-0.332489013671875 -0.017425537109375 -0.297088623046875 -0.429168701171875
-0.166748046875 0.261749267578125 -0.556427001953125 -0.126739501953125
0.117340087890625 0.22918701171875 -0.43206787109375 0.1553955078125
0.230972290039063 0.018341064453125 -0.159759521484375 0.219879150390625
0.10833740234375 -0.168930053710938 -0.0178985595703125 0.113372802734375
-0.023468017578125 -0.193588256835937 -0.00674152374267578 -0.015411376953125
-0.0112457275390625 -0.181594848632813 -0.06243896484375 -0.0623130798339844
-0.0382843017578125 -0.2117919921875 -0.137786865234375 -0.151840209960938
0.04119873046875 -0.226364135742188 -0.124038696289062 -0.254776000976563
0.191543579101563 -0.149856567382813 0.00460815429687498 -0.321441650390625
0.2567138671875 0.036468505859375 0.2342529296875 -0.346771240234375
0.0816497802734375 0.237747192382813 0.449127197265625 -0.170318603515625
-0.0874481201171875 0.173248291015625 0.38861083984375 0.0430908203125
-0.143447875976563 0.061737060546875 0.0964584350585937 -0.0465621948242188
-0.202728271484375 -0.02593994140625 0.014617919921875 -0.100692749023438
-0.231399536132813 0.07177734375 -0.294464111328125 -0.374664306640625
-0.066436767578125 0.31390380859375 -0.53045654296875 -0.119903564453125
0.202850341796875 0.202133178710937 -0.4423828125 0.139495849609375
0.263885498046875 -0.045501708984375 -0.19549560546875 0.237701416015625
0.085968017578125 -0.221450805664063 -0.0399627685546875 0.1710205078125
-0.0516815185546875 -0.2186279296875 0.0179977416992187 0.0521621704101562
-0.025970458984375 -0.206695556640625 -0.0239295959472656 -0.00227928161621095
-0.046630859375 -0.236419677734375 -0.106376647949219 -0.0863800048828125
0.0565948486328125 -0.238494873046875 -0.122528076171875 -0.187850952148438
0.215179443359375 -0.134735107421875 -0.026885986328125 -0.28314208984375
0.24896240234375 0.07568359375 0.2080078125 -0.357421875
0.0314178466796875 0.242828369140625 0.482208251953125 -0.18798828125
-0.114105224609375 0.138481140136719 0.421630859375 0.093841552734375
-0.141738891601563 0.03436279296875 0.0561866760253906 -0.00846099853515625
-0.207809448242188 0.00984191894531254 -0.0345191955566406 -0.059326171875
-0.198455810546875 0.136184692382813 -0.292388916015625 -0.294464111328125
0.013427734375 0.313720703125 -0.49664306640625 -0.0929870605468749
0.243453979492188 0.143417358398438 -0.451934814453125 0.1534423828125
0.249679565429688 -0.09857177734375 -0.215576171875 0.281890869140625
0.051727294921875 -0.23748779296875 -0.0342559814453125 0.240219116210937
-0.06683349609375 -0.212417602539063 0.0585556030273437 0.119979858398437
-0.0338897705078125 -0.201736450195313 0.0180511474609375 0.058563232421875
-0.0442352294921875 -0.225234985351563 -0.0787429809570313 -0.0165023803710938
0.06292724609375 -0.208450317382813 -0.12408447265625 -0.127250671386719
0.19439697265625 -0.0901641845703125 -0.0506591796875 -0.265045166015625
0.184707641601563 0.0977630615234375 0.213470458984375 -0.372772216796875
-0.0264892578125 0.18438720703125 0.546966552734375 -0.173126220703125
-0.108642578125 0.0661697387695312 0.45501708984375 0.171112060546875
-0.109054565429688 0.00200653076171875 0.0218734741210937 0.0260410308837891
-0.175155639648438 0.0275726318359375 -0.0837478637695313 -0.00109100341796874
-0.134506225585937 0.141586303710938 -0.294158935546875 -0.205657958984375
0.0580902099609375 0.245452880859375 -0.470428466796875 -0.05059814453125
0.218765258789062 0.0777435302734375 -0.451751708984375 0.194915771484375
0.19293212890625 -0.114288330078125 -0.2125244140625 0.334930419921875
0.01959228515625 -0.207122802734375 -0.003021240234375 0.306304931640625
-0.065521240234375 -0.173431396484375 0.109954833984375 0.179794311523438
-0.035308837890625 -0.167083740234375 0.0579986572265625 0.113166809082031
-0.0357513427734375 -0.181289672851563 -0.0568428039550781 0.0457496643066406
0.048248291015625 -0.153656005859375 -0.12493896484375 -0.0837020874023438
0.13446044921875 -0.0529327392578125 -0.049896240234375 -0.269393920898438
0.1026611328125 0.072235107421875 0.259033203125 -0.3768310546875
-0.0441360473632812 0.08837890625 0.62396240234375 -0.10638427734375
-0.0621871948242187 0.001129150390625 0.467498779296875 0.26513671875
-0.0609855651855469 -0.0135688781738281 -0.00521469116210938 0.0489311218261719
-0.107719421386719 0.0199737548828125 -0.119163513183594 0.0511322021484375
-0.064361572265625 0.0850906372070312 -0.298828125 -0.125518798828125
0.049957275390625 0.1351318359375 -0.449615478515625 0.00134277343750005
0.136329650878906 0.027923583984375 -0.43218994140625 0.250518798828125
0.108589172363281 -0.0854263305664063 -0.18719482421875 0.379638671875
-0.00479888916015626 -0.132553100585938 0.042755126953125 0.35321044921875
-0.0499267578125 -0.10369873046875 0.15997314453125 0.218948364257812
-0.0313034057617187 -0.105186462402344 0.0901336669921875 0.148117065429688
-0.0305862426757813 -0.110359191894531 -0.0388031005859375 0.0850601196289062
0.011566162109375 -0.091339111328125 -0.112297058105469 -0.06207275390625
0.0576133728027344 -0.0425186157226563 -0.01690673828125 -0.27618408203125
0.047393798828125 0.00770187377929687 0.3253173828125 -0.35333251953125
-0.00487232208251953 0.00557279586791992 0.6768798828125 -0.0009765625
0.00767135620117188 -0.0184650421142578 0.460418701171875 0.3565673828125
-0.0116815567016602 0.000136375427246095 -0.0203590393066406 0.0641708374023438
-0.016693115234375 -0.0325889587402344 0.0807647705078125 -0.109954833984375
-0.0612678527832031 -0.0680580139160156 -0.366607666015625 -0.426605224609375
-0.0979461669921875 0.0330963134765625 -0.499786376953125 0.152923583984375
-0.0434036254882813 0.0804290771484375 -0.308746337890625 0.318145751953125
0.00212478637695313 0.0699462890625 0.0873565673828125 0.248764038085938
0.0324859619140625 0.0536880493164063 0.190872192382813 0.0319671630859375
0.0499954223632813 0.0238304138183594 0.0972824096679688 -0.140060424804688
0.0512161254882812 0.0214920043945313 -0.00794982910156249 -0.156463623046875
0.0604362487792969 0.00922775268554688 -0.079498291015625 -0.179611206054688
0.0498199462890625 0.0166168212890625 -0.068389892578125 -0.255050659179688
0.0377464294433594 0.0403213500976563 0.02447509765625 -0.330230712890625
0.0159416198730469 0.0414543151855469 0.24627685546875 -0.339080810546875
-0.0225906372070313 0.0302352905273437 0.497344970703125 -0.176055908203125
-0.0393714904785156 0.0160942077636719 0.559112548828125 0.03326416015625
-0.0199794769287109 -0.0116996765136719 0.4227294921875 0.30242919921875
-0.127105712890625 -0.100372314453125 0.05755615234375 -0.0733413696289063
-0.144119262695312 -0.0768280029296875 -0.317626953125 -0.218292236328125
-0.178482055664063 0.0860595703125 -0.60418701171875 -0.0694580078125001
-0.039794921875 0.160537719726563 -0.312255859375 0.260894775390625
0.0731124877929688 0.111335754394531 0.0211944580078125 0.219329833984375
0.094940185546875 -0.0147018432617188 0.15704345703125 0.0189056396484375
0.0701179504394531 -0.0552406311035156 0.067352294921875 -0.14166259765625
0.0728683471679688 -0.0497207641601563 -0.0352020263671875 -0.1552734375
0.0711517333984375 -0.0751190185546875 -0.103729248046875 -0.184890747070313
0.0714950561523437 -0.0743560791015625 -0.092742919921875 -0.284912109375
0.11932373046875 -0.010894775390625 -0.013092041015625 -0.32293701171875
0.1177978515625 0.0618057250976563 0.207733154296875 -0.355133056640625
0.00975036621093751 0.150192260742188 0.462860107421875 -0.228912353515625
-0.121421813964844 0.128372192382812 0.552215576171875 -0.00854492187499999
-0.171661376953125 -0.00843811035156248 0.435150146484375 0.2650146484375
-0.259429931640625 -0.201644897460938 0.0332717895507812 -0.1265869140625
-0.2567138671875 -0.05706787109375 -0.311920166015625 -0.23583984375
-0.2410888671875 0.177749633789062 -0.461181640625 0.061370849609375
-0.0206451416015625 0.240524291992188 -0.234878540039063 0.25189208984375
0.139236450195313 0.140792846679688 0.00765991210937501 0.200653076171875
0.1512451171875 -0.0284576416015625 0.107330322265625 0.02313232421875
0.0853729248046875 -0.115409851074219 0.0370864868164063 -0.11187744140625
0.0849685668945313 -0.110893249511719 -0.0464935302734375 -0.117774963378906
0.0748748779296875 -0.146591186523438 -0.119720458984375 -0.149459838867187
0.108741760253906 -0.128211975097656 -0.132659912109375 -0.225204467773438
0.187606811523437 -0.048431396484375 -0.050750732421875 -0.30517578125
0.19573974609375 0.0893096923828125 0.172637939453125 -0.367156982421875
0.0244903564453125 0.251495361328125 0.439666748046875 -0.2498779296875
-0.181396484375 0.213302612304688 0.523956298828125 -0.00384521484374999
-0.2939453125 -0.017425537109375 0.378448486328125 0.242218017578125
-0.333282470703125 -0.178131103515625 -0.030975341796875 -0.206863403320313
-0.34466552734375 0.00253295898437497 -0.314971923828125 -0.444366455078125
-0.157760620117188 0.275650024414063 -0.57403564453125 -0.12347412109375
0.12518310546875 0.22686767578125 -0.444427490234375 0.167144775390625
0.231338500976563 0.0078582763671875 -0.16168212890625 0.229537963867188
0.099029541015625 -0.171585083007813 -0.0167083740234375 0.120002746582031
-0.033935546875 -0.190444946289063 -0.00689029693603516 -0.0145626068115234
-0.0197296142578125 -0.183029174804688 -0.0648269653320313 -0.0620231628417969
-0.0474853515625 -0.2113037109375 -0.14801025390625 -0.148834228515625
0.03302001953125 -0.2271728515625 -0.134963989257812 -0.25592041015625
0.187515258789063 -0.156936645507813 -0.00241088867187498 -0.3331298828125
0.260757446289062 0.0284881591796875 0.2332763671875 -0.366363525390625
0.0875396728515625 0.237457275390625 0.461700439453125 -0.18511962890625
-0.086334228515625 0.176528930664062 0.40386962890625 0.04083251953125
-0.141021728515625 0.063507080078125 0.0984268188476562 -0.0441818237304687
-0.200790405273438 -0.020050048828125 0.0138168334960937 -0.113754272460938
-0.23223876953125 0.0786285400390625 -0.31097412109375 -0.389404296875
-0.05517578125 0.319732666015625 -0.5462646484375 -0.114654541015625
0.211380004882813 0.196380615234375 -0.4527587890625 0.15087890625
0.263427734375 -0.05816650390625 -0.196456909179687 0.248641967773437
0.0749359130859375 -0.22454833984375 -0.0354766845703125 0.17828369140625
-0.063140869140625 -0.2147216796875 0.019989013671875 0.0512504577636719
-0.0357666015625 -0.20782470703125 -0.0243358612060547 -0.00291061401367189
-0.05767822265625 -0.236526489257813 -0.114044189453125 -0.083953857421875
0.0478515625 -0.2396240234375 -0.130630493164062 -0.1890869140625
0.211700439453125 -0.14208984375 -0.03204345703125 -0.29315185546875
0.253768920898438 0.0688629150390625 0.208099365234375 -0.375640869140625
0.03692626953125 0.243621826171875 0.494537353515625 -0.2042236328125
-0.113235473632812 0.140731811523438 0.4383544921875 0.092498779296875
-0.138900756835938 0.0360488891601563 0.0591049194335937 -0.00467300415039062
-0.206649780273438 0.0179443359375 -0.0351028442382813 -0.0705947875976563
-0.198577880859375 0.144485473632813 -0.309478759765625 -0.306427001953125
0.0257568359375 0.3179931640625 -0.511566162109375 -0.0882263183593749
0.251373291015625 0.13592529296875 -0.4619140625 0.166259765625
0.248550415039063 -0.111663818359375 -0.214324951171875 0.29449462890625
0.0407867431640625 -0.239883422851562 -0.02679443359375 0.248336791992187
-0.078369140625 -0.208572387695313 0.063751220703125 0.117561340332031
-0.0443878173828125 -0.203277587890625 0.0202178955078125 0.0573348999023437
-0.0550384521484375 -0.224700927734375 -0.0825958251953125 -0.0144119262695313
0.0546417236328125 -0.210601806640625 -0.129951477050781 -0.12811279296875
0.192047119140625 -0.0972900390625 -0.0539093017578125 -0.274261474609375
0.1888427734375 0.0917510986328125 0.213897705078125 -0.390167236328125
-0.0228271484375 0.186264038085938 0.56170654296875 -0.18743896484375
-0.108283996582031 0.0675735473632813 0.47369384765625 0.16925048828125
-0.105934143066406 0.00322723388671877 0.0259189605712891 0.0318260192871094
-0.173919677734375 0.03631591796875 -0.0851287841796875 -0.00937652587890625
-0.1329345703125 0.149551391601563 -0.30950927734375 -0.21368408203125
0.0699462890625 0.248214721679688 -0.484344482421875 -0.0452575683593751
0.225509643554688 0.069061279296875 -0.4599609375 0.2120361328125
0.191390991210937 -0.126663208007813 -0.208526611328125 0.3494873046875
0.0091094970703125 -0.209564208984375 0.00762939453125 0.31414794921875
-0.0765533447265625 -0.170379638671875 0.11737060546875 0.176620483398438
-0.04473876953125 -0.169052124023438 0.062469482421875 0.110923767089844
-0.04620361328125 -0.181610107421875 -0.0577354431152344 0.0469017028808594
0.0422821044921875 -0.155014038085938 -0.127517700195313 -0.0849075317382812
0.132743835449219 -0.0585479736328125 -0.0518798828125 -0.277908325195313
0.105247497558594 0.0682601928710938 0.261566162109375 -0.394561767578125
-0.0421676635742187 0.08917236328125 0.64117431640625 -0.12078857421875
-0.061676025390625 0.00109100341796875 0.490447998046875 0.265838623046875
-0.0578422546386719 -0.0123634338378906 0.000312805175781249 0.0567665100097656
-0.106208801269531 0.0263824462890625 -0.120193481445313 0.045166015625
-0.0624847412109375 0.091033935546875 -0.3133544921875 -0.130340576171875
0.0575637817382812 0.136009216308594 -0.4627685546875 0.00903320312500006
0.14080810546875 0.020843505859375 -0.438079833984375 0.268798828125
0.106773376464844 -0.0938949584960938 -0.18084716796875 0.39501953125
-0.0121688842773437 -0.133636474609375 0.056365966796875 0.35980224609375
-0.0570297241210937 -0.101799011230469 0.169754028320312 0.214889526367188
-0.0375289916992187 -0.107154846191406 0.0961761474609375 0.145675659179688
-0.036773681640625 -0.111640930175781 -0.0364227294921875 0.0869140625
0.00814056396484375 -0.0924835205078125 -0.112945556640625 -0.0638046264648437
0.0565338134765625 -0.0465965270996094 -0.01776123046875 -0.285736083984375
0.048492431640625 0.00432968139648438 0.3309326171875 -0.368621826171875
-0.0037994384765625 0.00543785095214844 0.698486328125 -0.01251220703125
0.00824546813964844 -0.0191249847412109 0.484130859375 0.360382080078125
-0.00850105285644531 0.00110197067260742 -0.014312744140625 0.07379150390625
-0.015960693359375 -0.0354194641113281 0.0747146606445313 -0.126724243164063
-0.0679206848144531 -0.0669479370117188 -0.40203857421875 -0.4317626953125
-0.100624084472656 0.040191650390625 -0.50445556640625 0.1627197265625
-0.0404739379882812 0.0879364013671875 -0.29315185546875 0.338287353515625
0.00788879394531251 0.0731658935546875 0.101104736328125 0.24267578125
0.03594970703125 0.0555610656738281 0.197738647460938 0.0145263671875
0.053619384765625 0.0243415832519531 0.0924072265625 -0.15826416015625
0.0547370910644531 0.0206184387207031 -0.01470947265625 -0.169387817382812
0.0628242492675781 0.00527572631835937 -0.08734130859375 -0.188919067382813
0.053558349609375 0.0140037536621094 -0.0776824951171875 -0.2626953125
0.0424346923828125 0.0388908386230469 0.0120849609375 -0.343475341796875
0.0189666748046875 0.0429191589355469 0.24090576171875 -0.364044189453125
-0.0209026336669922 0.0328178405761719 0.510223388671875 -0.2083740234375
-0.0385093688964844 0.0223312377929687 0.5904541015625 0.000915527343750002
-0.0222988128662109 -0.0112247467041016 0.4830322265625 0.299591064453125
-0.133705139160156 -0.0897750854492188 0.0644607543945312 -0.0869064331054688
-0.157211303710938 -0.06884765625 -0.322723388671875 -0.220184326171875
-0.180755615234375 0.104354858398438 -0.631103515625 -0.0486450195312499
-0.031280517578125 0.1707763671875 -0.27825927734375 0.2825927734375
0.0815200805664063 0.113983154296875 0.022125244140625 0.216888427734375
0.0892105102539062 -0.0265579223632812 0.160110473632813 0.0026092529296875
0.0688323974609375 -0.0618743896484375 0.05877685546875 -0.158782958984375
0.0739212036132813 -0.0574722290039063 -0.0557708740234375 -0.1676025390625
0.0686187744140625 -0.0867080688476563 -0.115631103515625 -0.191513061523437
0.0652694702148438 -0.0853424072265625 -0.109649658203125 -0.288330078125
0.125679016113281 -0.0219879150390625 -0.023956298828125 -0.333740234375
0.128959655761719 0.0581436157226562 0.20330810546875 -0.376953125
0.0222930908203125 0.159408569335937 0.470306396484375 -0.261688232421875
-0.118637084960938 0.148529052734375 0.5789794921875 -0.0419921875
-0.187408447265625 0.00326538085937497 0.4947509765625 0.25396728515625
-0.295989990234375 -0.189239501953125 0.0340118408203125 -0.141571044921875
-0.268600463867188 -0.037628173828125 -0.31622314453125 -0.235748291015625
-0.241790771484375 0.209442138671875 -0.458770751953125 0.07879638671875
-0.005126953125 0.259017944335938 -0.224090576171875 0.255172729492188
0.159820556640625 0.140670776367188 0.0178070068359375 0.19580078125
0.158660888671875 -0.04052734375 0.108192443847656 0.0092315673828125
0.0821380615234375 -0.128929138183594 0.028045654296875 -0.125144958496094
0.0829925537109375 -0.1258544921875 -0.0543899536132812 -0.125022888183594
0.0678863525390625 -0.163742065429688 -0.130752563476563 -0.152755737304688
0.1083984375 -0.1448974609375 -0.1451416015625 -0.22723388671875
0.198440551757813 -0.065185546875 -0.0640869140625 -0.312591552734375
0.215850830078125 0.0845794677734375 0.16375732421875 -0.39111328125
0.0430145263671875 0.26788330078125 0.446441650390625 -0.280792236328125
-0.175079345703125 0.242782592773437 0.55206298828125 -0.031646728515625
-0.315887451171875 0.00860595703125002 0.430450439453125 0.237091064453125
-0.364227294921875 -0.1494140625 -0.041900634765625 -0.220046997070313
-0.360260009765625 0.034088134765625 -0.346771240234375 -0.4561767578125
-0.141693115234375 0.29412841796875 -0.60028076171875 -0.10589599609375
0.141098022460938 0.222244262695313 -0.456756591796875 0.192352294921875
0.234161376953125 -0.0081939697265625 -0.158981323242187 0.24603271484375
0.0867462158203125 -0.177841186523437 -0.0108261108398438 0.127830505371094
-0.0485382080078125 -0.186965942382812 -0.00822544097900391 -0.0150060653686524
-0.0333099365234375 -0.18414306640625 -0.0697708129882813 -0.0606918334960938
-0.0631103515625 -0.211196899414063 -0.163711547851562 -0.142623901367188
0.0203094482421875 -0.230682373046875 -0.154403686523437 -0.254989624023438
0.181289672851563 -0.170089721679688 -0.01904296875 -0.34710693359375
0.267074584960938 0.0142669677734375 0.22540283203125 -0.39617919921875
0.100494384765625 0.237930297851563 0.472412109375 -0.213897705078125
-0.080657958984375 0.1839599609375 0.424224853515625 0.027191162109375
-0.138252258300781 0.0688323974609375 0.100822448730469 -0.0443649291992187
-0.200607299804688 -0.00880432128906248 0.00899505615234375 -0.129020690917969
-0.2327880859375 0.093170166015625 -0.34307861328125 -0.3973388671875
-0.03558349609375 0.329132080078125 -0.57275390625 -0.0960693359374999
0.226593017578125 0.18609619140625 -0.465179443359375 0.17724609375
0.2630615234375 -0.0782928466796875 -0.19140625 0.268295288085938
0.0593719482421875 -0.230026245117188 -0.0262603759765625 0.188201904296875
-0.0801849365234375 -0.20989990234375 0.0231094360351563 0.0495262145996094
-0.0519866943359375 -0.209457397460938 -0.0248870849609375 -0.00303649902343751
-0.0755462646484375 -0.23583984375 -0.124412536621094 -0.0792388916015625
0.0340728759765625 -0.244354248046875 -0.145645141601563 -0.18798828125
0.206069946289062 -0.157012939453125 -0.046234130859375 -0.30548095703125
0.26190185546875 0.054962158203125 0.198760986328125 -0.404510498046875
0.0499114990234375 0.246551513671875 0.505950927734375 -0.234100341796875
-0.108993530273438 0.14813232421875 0.46392822265625 0.07916259765625
-0.136436462402344 0.0412445068359375 0.0629768371582031 -0.001220703125
-0.205215454101563 0.0307159423828125 -0.0394287109375 -0.081817626953125
-0.194320678710938 0.16015625 -0.337860107421875 -0.311981201171875
0.04840087890625 0.323760986328125 -0.53448486328125 -0.07086181640625
0.265487670898438 0.121749877929687 -0.471893310546875 0.1954345703125
0.245223999023438 -0.133468627929688 -0.206024169921875 0.31591796875
0.02423095703125 -0.245086669921875 -0.0125885009765625 0.25872802734375
-0.0957794189453125 -0.204025268554687 0.0717391967773438 0.114616394042969
-0.0608673095703125 -0.204849243164063 0.0242118835449219 0.0552711486816406
-0.0724029541015625 -0.225341796875 -0.0865402221679688 -0.010345458984375
0.0415191650390625 -0.214996337890625 -0.140525817871094 -0.126007080078125
0.1881103515625 -0.111236572265625 -0.06671142578125 -0.28546142578125
0.196380615234375 0.0814666748046875 0.2049560546875 -0.4168701171875
-0.0135345458984375 0.189971923828125 0.57421875 -0.2200927734375
-0.107208251953125 0.0720901489257813 0.502685546875 0.157470703125
-0.104171752929688 0.00743865966796873 0.0327301025390625 0.038055419921875
-0.171844482421875 0.0493621826171875 -0.0882797241210938 -0.0161895751953125
-0.12646484375 0.16302490234375 -0.33538818359375 -0.215728759765625
0.089263916015625 0.249755859375 -0.504730224609375 -0.0267333984374999
0.235931396484375 0.0546112060546875 -0.4664306640625 0.243408203125
0.186447143554688 -0.144805908203125 -0.196044921875 0.37261962890625
-0.00654602050781249 -0.212783813476563 0.026947021484375 0.323486328125
-0.0906829833984375 -0.166183471679688 0.130264282226563 0.171142578125
-0.0588226318359375 -0.170547485351563 0.0704193115234375 0.107826232910156
-0.060150146484375 -0.182388305664062 -0.0563926696777344 0.0510215759277344
0.032470703125 -0.15936279296875 -0.134208679199219 -0.0832443237304687
0.130241394042969 -0.0684738159179687 -0.06298828125 -0.288726806640625
0.111198425292969 0.0620880126953125 0.25506591796875 -0.4232177734375
-0.03729248046875 0.0921707153320312 0.6617431640625 -0.15289306640625
-0.0614204406738281 0.00266265869140626 0.526580810546875 0.25634765625
-0.0557098388671875 -0.0103263854980469 0.0085296630859375 0.064910888671875
-0.103355407714844 0.0361862182617187 -0.121635437011719 0.0431060791015625
-0.0575637817382813 0.098175048828125 -0.334869384765625 -0.126678466796875
0.070343017578125 0.135704040527344 -0.4813232421875 0.0287475585937501
0.146697998046875 0.0101165771484375 -0.44091796875 0.300262451171875
0.102149963378906 -0.105796813964844 -0.164215087890625 0.4180908203125
-0.0223312377929688 -0.134696960449219 0.08087158203125 0.366485595703125
-0.0662841796875 -0.0985488891601562 0.186172485351563 0.207122802734375
-0.0481491088867187 -0.108169555664063 0.107696533203125 0.141845703125
-0.0466995239257812 -0.112648010253906 -0.0314254760742188 0.0897598266601563
0.00202941894531249 -0.0948028564453125 -0.116600036621094 -0.063079833984375
0.0542182922363281 -0.0520973205566406 -0.026123046875 -0.298675537109375
0.0498275756835937 -0.000255584716796875 0.329345703125 -0.399078369140625
-0.00181293487548828 0.00554704666137695 0.72479248046875 -0.04425048828125
0.00855064392089844 -0.0200042724609375 0.5255126953125 0.354583740234375
-0.00564908981323242 0.00188112258911133 -0.00529479980468751 0.0839309692382813
-0.015838623046875 -0.0368537902832031 0.062408447265625 -0.143600463867188
-0.0758056640625 -0.061676025390625 -0.4417724609375 -0.420684814453125
-0.101036071777344 0.0484695434570312 -0.497711181640625 0.18115234375
-0.0346603393554688 0.0937347412109375 -0.2930908203125 0.359832763671875
0.0164031982421875 0.074737548828125 0.118362426757813 0.2271728515625
0.0393867492675781 0.0580673217773438 0.19952392578125 -0.010040283203125
0.0581016540527344 0.0220756530761719 0.0785980224609375 -0.177978515625
0.0587882995605469 0.0178909301757813 -0.0286407470703125 -0.181396484375
0.0637016296386719 -0.000125885009765625 -0.101516723632812 -0.194915771484375
0.0570030212402344 0.00835418701171875 -0.0936126708984375 -0.265518188476562
0.0479545593261719 0.0351982116699219 -0.00985717773437497 -0.352020263671875
0.0239791870117187 0.0431938171386719 0.21990966796875 -0.389556884765625
-0.0172157287597656 0.0352821350097656 0.50775146484375 -0.254486083984375
-0.0350971221923828 0.0290355682373047 0.611083984375 -0.0511474609375
-0.0260448455810547 -0.00886917114257813 0.549346923828125 0.26800537109375
-0.140853881835938 -0.0761566162109375 0.0679702758789063 -0.10418701171875
-0.17022705078125 -0.05303955078125 -0.32794189453125 -0.21270751953125
-0.176559448242187 0.126953125 -0.64459228515625 -0.0087280273437499
-0.016204833984375 0.179214477539062 -0.25634765625 0.297088623046875
0.0934524536132813 0.111343383789063 0.038665771484375 0.208908081054688
0.0825042724609375 -0.034332275390625 0.157669067382813 -0.02081298828125
0.0633659362792969 -0.07000732421875 0.042510986328125 -0.175735473632813
0.0709075927734375 -0.06787109375 -0.078948974609375 -0.171646118164063
0.0601882934570312 -0.09893798828125 -0.13153076171875 -0.192626953125
0.0530166625976563 -0.0948638916015625 -0.131683349609375 -0.283111572265625
0.129684448242188 -0.0375137329101563 -0.044158935546875 -0.340606689453125
0.141525268554687 0.04766845703125 0.182403564453125 -0.401092529296875
0.0388031005859375 0.164962768554688 0.461212158203125 -0.3035888671875
-0.1072998046875 0.170745849609375 0.5960693359375 -0.09625244140625
-0.198440551757812 0.02667236328125 0.558685302734375 0.219696044921875
-0.33319091796875 -0.159820556640625 0.0264434814453125 -0.15789794921875
-0.276611328125 -0.00769042968750006 -0.31988525390625 -0.225311279296875
-0.228973388671875 0.247238159179688 -0.441375732421875 0.102508544921875
0.0217132568359375 0.273834228515625 -0.204299926757812 0.25665283203125
0.183380126953125 0.131378173828125 0.030609130859375 0.18426513671875
0.16217041015625 -0.05841064453125 0.104225158691406 -0.00965118408203125
0.0720672607421875 -0.14398193359375 0.0126876831054688 -0.138107299804688
0.0747833251953125 -0.142486572265625 -0.0671463012695312 -0.130355834960938
0.05218505859375 -0.181350708007813 -0.144256591796875 -0.151336669921875
0.100601196289063 -0.165435791015625 -0.16143798828125 -0.222015380859375
0.203521728515625 -0.08966064453125 -0.084747314453125 -0.31390380859375
0.237197875976563 0.0704498291015625 0.140106201171875 -0.413330078125
0.072998046875 0.279739379882813 0.437103271484375 -0.321685791015625
-0.154067993164063 0.274749755859375 0.56951904296875 -0.07781982421875
-0.338104248046875 0.045257568359375 0.48968505859375 0.21282958984375
-0.3778076171875 -0.09423828125 -0.05926513671875 -0.228195190429688
-0.372650146484375 0.0782165527343749 -0.388580322265625 -0.45184326171875
-0.113372802734375 0.310089111328125 -0.62213134765625 -0.0711059570312499
0.160110473632813 0.209320068359375 -0.45751953125 0.228485107421875
0.231170654296875 -0.030426025390625 -0.147262573242188 0.264419555664063
0.0689544677734375 -0.181716918945313 -0.000999450683593745 0.133750915527344
-0.0655059814453125 -0.178665161132813 -0.0105228424072266 -0.0150527954101563
-0.0511474609375 -0.181533813476563 -0.076080322265625 -0.0566177368164063
-0.0830841064453125 -0.205001831054687 -0.180007934570312 -0.128982543945313
0.00077819824218748 -0.231903076171875 -0.177871704101563 -0.24603271484375
0.167816162109375 -0.186187744140625 -0.04632568359375 -0.35443115234375
0.269088745117188 -0.007415771484375 0.19976806640625 -0.42572021484375
0.119125366210937 0.232101440429688 0.46929931640625 -0.254150390625
-0.068817138671875 0.19012451171875 0.44134521484375 0.00100708007812501
-0.133384704589844 0.0763626098632813 0.100868225097656 -0.04644775390625
-0.195846557617188 0.00685119628906254 -0.00155639648437501 -0.142898559570313
-0.226150512695312 0.11273193359375 -0.382781982421875 -0.391693115234375
-0.00665283203124999 0.3331298828125 -0.5919189453125 -0.0629272460937499
0.243240356445312 0.1658935546875 -0.46453857421875 0.215576171875
0.2548828125 -0.103851318359375 -0.17633056640625 0.288665771484375
0.037200927734375 -0.23297119140625 -0.010772705078125 0.195556640625
-0.099853515625 -0.199325561523437 0.0262069702148437 0.0466041564941406
-0.0727386474609375 -0.205108642578125 -0.0256767272949219 -0.00272941589355471
-0.098114013671875 -0.227981567382813 -0.133499145507813 -0.0682144165039063
0.012786865234375 -0.246871948242188 -0.163604736328125 -0.179672241210938
0.192489624023437 -0.174835205078125 -0.069580078125 -0.311248779296875
0.266769409179688 0.0339813232421875 0.1729736328125 -0.431976318359375
0.069549560546875 0.2447509765625 0.50335693359375 -0.275909423828125
-0.0999298095703125 0.155685424804687 0.48419189453125 0.05126953125
-0.132698059082031 0.0488128662109375 0.0677223205566406 -0.000530242919921872
-0.199142456054688 0.0476226806640625 -0.0479202270507813 -0.0912246704101562
-0.182601928710938 0.179214477539062 -0.37225341796875 -0.303375244140625
0.07733154296875 0.322235107421875 -0.55267333984375 -0.0392456054687499
0.277877807617188 0.0975341796875 -0.47027587890625 0.233428955078125
0.233016967773438 -0.158218383789063 -0.185699462890625 0.33831787109375
9.15527343750248E-05 -0.245330810546875 0.00973510742187501 0.264663696289063
-0.11541748046875 -0.192337036132813 0.0804519653320312 0.107711791992187
-0.0816497802734375 -0.200302124023438 0.0285911560058594 0.0516395568847656
-0.0948944091796875 -0.218673706054688 -0.0893096923828125 -0.00301361083984376
0.0233612060546875 -0.218399047851562 -0.151626586914063 -0.1187744140625
0.177154541015625 -0.128036499023438 -0.08685302734375 -0.289794921875
0.2034912109375 0.0654296875 0.180755615234375 -0.443603515625
0.00131225585937499 0.19110107421875 0.57489013671875 -0.26568603515625
-0.102142333984375 0.0789031982421875 0.53216552734375 0.126953125
-0.102035522460937 0.0129623413085938 0.0406608581542969 0.0416145324707031
-0.163955688476563 0.0650787353515625 -0.0922622680664063 -0.0202713012695313
-0.112899780273437 0.1768798828125 -0.363616943359375 -0.203765869140625
0.114654541015625 0.24432373046875 -0.51947021484375 0.0052795410156251
0.24285888671875 0.032073974609375 -0.460418701171875 0.282470703125
0.173187255859375 -0.165878295898438 -0.170318603515625 0.394927978515625
-0.026031494140625 -0.211761474609375 0.05621337890625 0.3253173828125
-0.107315063476562 -0.15606689453125 0.144821166992188 0.15948486328125
-0.0776519775390625 -0.166473388671875 0.0806655883789063 0.100776672363281
-0.0798492431640625 -0.177001953125 -0.0525588989257813 0.0546455383300781
0.01800537109375 -0.162445068359375 -0.140365600585938 -0.0766677856445313
0.122718811035156 -0.081085205078125 -0.081817626953125 -0.293792724609375
0.116050720214844 0.0516738891601563 0.2327880859375 -0.4534912109375
-0.028717041015625 0.094635009765625 0.66802978515625 -0.20318603515625
-0.0606498718261719 0.00545883178710938 0.560760498046875 0.22686767578125
-0.0538406372070312 -0.00703430175781251 0.0194931030273437 0.0713272094726563
-0.0961837768554688 0.0470809936523437 -0.121856689453125 0.0430068969726562
-0.04736328125 0.105781555175781 -0.35626220703125 -0.111968994140625
0.084686279296875 0.130607604980469 -0.492828369140625 0.0611572265625
0.149154663085938 -0.0057373046875 -0.428253173828125 0.339447021484375
0.092559814453125 -0.119400024414063 -0.133453369140625 0.4383544921875
-0.0352935791015625 -0.1329345703125 0.11431884765625 0.36517333984375
-0.0761566162109375 -0.0921401977539063 0.204833984375 0.190887451171875
-0.0606689453125 -0.1058349609375 0.1207275390625 0.131980895996094
-0.058929443359375 -0.110008239746094 -0.02264404296875 0.091094970703125
-0.00620269775390625 -0.0961227416992188 -0.119728088378906 -0.0583724975585938
0.0487251281738281 -0.0591087341308594 -0.043975830078125 -0.306427001953125
0.049957275390625 -0.0063629150390625 0.312042236328125 -0.432464599609375
0.000472068786621094 0.00534200668334961 0.74114990234375 -0.09515380859375
0.008148193359375 -0.0205307006835938 0.56634521484375 0.3270263671875
-0.00311684608459473 0.00289607048034668 0.00804138183593749 0.0927200317382813
-0.0157012939453125 -0.0378456115722656 0.0451202392578125 -0.154937744140625
-0.0791549682617187 -0.0539703369140625 -0.47235107421875 -0.39129638671875
-0.0965347290039062 0.0573654174804688 -0.479888916015625 0.19085693359375
-0.0257568359375 0.096221923828125 -0.2783203125 0.37371826171875
0.0222549438476562 0.0734939575195313 0.128692626953125 0.200515747070312
0.0433692932128906 0.0587654113769531 0.190765380859375 -0.0378875732421875
0.0609359741210937 0.0188980102539062 0.0565185546875 -0.19317626953125
0.06103515625 0.013916015625 -0.0465850830078125 -0.18798828125
0.0621757507324219 -0.005706787109375 -0.115951538085938 -0.194381713867187
0.0574378967285156 0.00136947631835938 -0.108856201171875 -0.260269165039063
0.0513839721679688 0.0287208557128906 -0.03411865234375 -0.3465576171875
0.0289192199707031 0.0413932800292969 0.187896728515625 -0.402679443359375
-0.01220703125 0.0360870361328125 0.481597900390625 -0.29730224609375
-0.0293827056884766 0.0334987640380859 0.60772705078125 -0.10943603515625
-0.0289802551269531 -0.00436210632324218 0.6021728515625 0.213623046875
-0.171875 -0.071136474609375 0.0658340454101563 -0.123275756835938
-0.18206787109375 -0.029510498046875 -0.323486328125 -0.201629638671875
-0.162124633789062 0.145889282226563 -0.6370849609375 0.0330810546875001
0.00360107421875001 0.179061889648438 -0.262908935546875 0.29998779296875
0.105422973632813 0.101654052734375 0.06048583984375 0.187484741210938
0.0744552612304687 -0.0383224487304687 0.14263916015625 -0.043487548828125
0.054931640625 -0.0765151977539063 0.0178375244140625 -0.187271118164063
0.06427001953125 -0.0769424438476563 -0.094390869140625 -0.16925048828125
0.0473480224609375 -0.107269287109375 -0.143707275390625 -0.186187744140625
0.0384597778320313 -0.0988845825195313 -0.150665283203125 -0.2689208984375
0.126602172851563 -0.054168701171875 -0.065948486328125 -0.33477783203125
0.149398803710938 0.0331878662109375 0.155181884765625 -0.410675048828125
0.0591278076171875 0.162796020507812 0.43060302734375 -0.33697509765625
-0.0877532958984375 0.188430786132813 0.588134765625 -0.15386962890625
-0.202041625976562 0.0535736083984375 0.60791015625 0.16094970703125
-0.35821533203125 -0.1134033203125 0.0127105712890625 -0.17034912109375
-0.27203369140625 0.0257720947265624 -0.312347412109375 -0.21087646484375
-0.198715209960937 0.278411865234375 -0.407073974609375 0.11566162109375
0.054595947265625 0.277313232421875 -0.180084228515625 0.24542236328125
0.20263671875 0.11187744140625 0.0376129150390625 0.1634521484375
0.158523559570313 -0.0776824951171875 0.0928115844726563 -0.0283279418945313
0.0563507080078125 -0.155624389648438 -0.0080718994140625 -0.14532470703125
0.059783935546875 -0.155792236328125 -0.0816650390625 -0.130210876464844
0.0301361083984375 -0.193206787109375 -0.156326293945313 -0.14410400390625
0.08489990234375 -0.182662963867188 -0.173721313476563 -0.20953369140625
0.198776245117188 -0.115692138671875 -0.10418701171875 -0.303375244140625
0.252227783203125 0.0482177734375 0.1099853515625 -0.42041015625
0.105499267578125 0.278976440429688 0.407379150390625 -0.354461669921875
-0.120849609375 0.295867919921875 0.563232421875 -0.12908935546875
-0.35565185546875 0.0856018066406249 0.53656005859375 0.167999267578125
-0.353302001953125 -0.03118896484375 -0.0794830322265625 -0.229095458984375
-0.359893798828125 0.12689208984375 -0.423431396484375 -0.428985595703125
-0.07830810546875 0.313018798828125 -0.62322998046875 -0.0311889648437499
0.174057006835938 0.187210083007813 -0.441009521484375 0.259063720703125
0.2178955078125 -0.0510711669921875 -0.128204345703125 0.274002075195313
0.04888916015625 -0.178985595703125 0.0104904174804688 0.134536743164063
-0.079559326171875 -0.163818359375 -0.0128974914550781 -0.014373779296875
-0.0674285888671875 -0.17041015625 -0.0797882080078125 -0.049591064453125
-0.101226806640625 -0.190170288085938 -0.188858032226563 -0.1090087890625
-0.019866943359375 -0.224441528320312 -0.196731567382812 -0.22686767578125
0.145980834960937 -0.195907592773438 -0.072998046875 -0.349884033203125
0.262069702148438 -0.0294952392578125 0.1640625 -0.441253662109375
0.1346435546875 0.217971801757813 0.4500732421875 -0.289703369140625
-0.054229736328125 0.190475463867188 0.441925048828125 -0.029876708984375
-0.124908447265625 0.0829086303710938 0.0990524291992187 -0.04779052734375
-0.183670043945313 0.020782470703125 -0.0150146484375 -0.151336669921875
-0.208847045898438 0.1287841796875 -0.4134521484375 -0.36932373046875
0.024169921875 0.3238525390625 -0.591552734375 -0.02374267578125
0.25091552734375 0.138504028320312 -0.4490966796875 0.2481689453125
0.235610961914063 -0.125961303710938 -0.152740478515625 0.299896240234375
0.013763427734375 -0.226089477539063 0.00752258300781249 0.194534301757813
-0.115097045898438 -0.181060791015625 0.0281791687011719 0.0422935485839844
-0.09112548828125 -0.19171142578125 -0.0262432098388672 -0.00191497802734376
-0.117813110351563 -0.211441040039063 -0.137710571289063 -0.0549240112304688
-0.0103607177734375 -0.240432739257813 -0.175582885742187 -0.163314819335938
0.170944213867188 -0.187164306640625 -0.092742919921875 -0.306396484375
0.263107299804688 0.0105438232421875 0.138702392578125 -0.443939208984375
0.0873260498046875 0.233413696289063 0.480499267578125 -0.3125
-0.087066650390625 0.158157348632813 0.489532470703125 0.015625
-0.125282287597656 0.0565338134765625 0.0703506469726562 7.62939453125346E-06
-0.184188842773438 0.0627899169921875 -0.0575790405273438 -0.0967178344726562
-0.161529541015625 0.191436767578125 -0.3997802734375 -0.280914306640625
0.10650634765625 0.307342529296875 -0.55316162109375 -0.000396728515624968
0.279861450195313 0.069366455078125 -0.44964599609375 0.26922607421875
0.210235595703125 -0.178192138671875 -0.155975341796875 0.348663330078125
-0.0231781005859375 -0.236358642578125 0.0328521728515625 0.260208129882813
-0.130340576171875 -0.173736572265625 0.0864028930664062 0.0967941284179688
-0.10064697265625 -0.186752319335938 0.0323829650878906 0.0461654663085937
-0.11480712890625 -0.202117919921875 -0.0879592895507813 0.00442504882812498
0.00152587890625002 -0.214019775390625 -0.158721923828125 -0.10601806640625
0.159622192382813 -0.140792846679688 -0.106964111328125 -0.284332275390625
0.204193115234375 0.0458984375 0.14691162109375 -0.45697021484375
0.0177154541015625 0.185791015625 0.5535888671875 -0.307586669921875
-0.0938949584960938 0.0830078125 0.54241943359375 0.087554931640625
-0.0968399047851562 0.01947021484375 0.0484275817871094 0.0425453186035156
-0.149795532226563 0.077545166015625 -0.0956878662109375 -0.0229949951171875
-0.0940093994140625 0.184234619140625 -0.38214111328125 -0.17999267578125
0.135894775390625 0.22821044921875 -0.51861572265625 0.041473388671875
0.240615844726563 0.0074005126953125 -0.43511962890625 0.31646728515625
0.151473999023438 -0.1806640625 -0.134918212890625 0.403106689453125
-0.0458221435546875 -0.202392578125 0.084625244140625 0.315185546875
-0.119255065917969 -0.140419006347656 0.154891967773438 0.141738891601563
-0.0930633544921875 -0.15509033203125 0.0876846313476563 0.0901718139648437
-0.09637451171875 -0.164581298828125 -0.045745849609375 0.0570716857910156
0.0015716552734375 -0.159713745117187 -0.142852783203125 -0.0673980712890625
0.109848022460937 -0.0915069580078125 -0.100799560546875 -0.28900146484375
0.116905212402344 0.0390167236328125 0.198974609375 -0.46807861328125
-0.0187225341796875 0.092559814453125 0.6492919921875 -0.250732421875
-0.0579719543457031 0.00827026367187499 0.578857421875 0.18359375
-0.0506134033203125 -0.00246810913085937 0.031951904296875 0.0742645263671875
-0.084869384765625 0.0548248291015625 -0.119537353515625 0.0432586669921875
-0.034942626953125 0.108070373535156 -0.367340087890625 -0.0882568359374999
0.0967330932617188 0.119407653808594 -0.486541748046875 0.0969848632812499
0.145904541015625 -0.02197265625 -0.39691162109375 0.371307373046875
0.0777816772460937 -0.1279296875 -0.093658447265625 0.443450927734375
-0.0469436645507813 -0.125679016113281 0.14501953125 0.347808837890625
-0.0832977294921875 -0.081573486328125 0.216583251953125 0.167587280273438
-0.0709304809570313 -0.0981597900390625 0.130027770996094 0.117424011230469
-0.0697021484375 -0.102012634277344 -0.0128707885742188 0.0888671875
-0.015777587890625 -0.0939178466796875 -0.119483947753906 -0.0514984130859375
0.0399169921875 -0.0639152526855469 -0.063385009765625 -0.3038330078125
0.0486373901367188 -0.0122451782226563 0.279022216796875 -0.452545166015625
0.00406217575073242 0.00371980667114258 0.7293701171875 -0.14984130859375
0.00731468200683594 -0.0217361450195313 0.5924072265625 0.28350830078125
-0.00115633010864258 0.00473213195800781 0.02301025390625 0.0972976684570313
-0.0148696899414062 -0.0394020080566406 0.02862548828125 -0.160842895507813
-0.0798721313476562 -0.047515869140625 -0.484100341796875 -0.36480712890625
-0.09088134765625 0.0619049072265625 -0.456695556640625 0.186676025390625
-0.0143814086914062 0.0953750610351563 -0.2584228515625 0.373504638671875
0.0240020751953125 0.0723724365234375 0.131393432617188 0.171051025390625
0.0491409301757812 0.05303955078125 0.173812866210938 -0.0593719482421875
0.0626258850097656 0.0163345336914063 0.0331573486328125 -0.201461791992188
0.0620689392089844 0.0107421875 -0.0631256103515625 -0.191024780273438
0.0598182678222656 -0.009521484375 -0.126861572265625 -0.193527221679688
0.0552139282226563 -0.00414276123046875 -0.117156982421875 -0.25262451171875
0.0521430969238281 0.0227203369140625 -0.0487060546875 -0.33416748046875
0.0329475402832031 0.0383720397949219 0.160400390625 -0.401092529296875
-0.00732994079589844 0.0351371765136719 0.4486083984375 -0.32122802734375
-0.022979736328125 0.0364112854003906 0.58709716796875 -0.1553955078125
-0.0307426452636719 0.00177764892578125 0.63409423828125 0.1568603515625
-0.180496215820312 -0.0539093017578125 0.0605010986328125 -0.140487670898438
-0.1976318359375 -0.00364685058593752 -0.307373046875 -0.193359375
-0.144973754882813 0.157943725585938 -0.61474609375 0.0581054687500001
0.0183258056640625 0.172317504882813 -0.254364013671875 0.296417236328125
0.111083984375 0.0909500122070313 0.06549072265625 0.16162109375
0.0677566528320313 -0.0381393432617188 0.122016906738281 -0.0607681274414062
0.04864501953125 -0.078887939453125 -0.00784301757812499 -0.190475463867187
0.0557479858398437 -0.082977294921875 -0.104965209960937 -0.166213989257813
0.035064697265625 -0.111557006835938 -0.158767700195313 -0.18231201171875
0.0279388427734375 -0.0990142822265625 -0.163040161132812 -0.255615234375
0.121498107910156 -0.0667724609375 -0.080108642578125 -0.32025146484375
0.151824951171875 0.01849365234375 0.132293701171875 -0.408721923828125
0.0754241943359375 0.155059814453125 0.396759033203125 -0.34930419921875
-0.0658721923828125 0.197265625 0.556884765625 -0.19647216796875
-0.198089599609375 0.079803466796875 0.6297607421875 0.09283447265625
-0.36798095703125 -0.06475830078125 0.00534057617187498 -0.178024291992188
-0.2669677734375 0.0559539794921875 -0.29559326171875 -0.205291748046875
-0.164947509765625 0.29693603515625 -0.3682861328125 0.108978271484375
0.0837249755859375 0.27093505859375 -0.163482666015625 0.220245361328125
0.21490478515625 0.0905303955078125 0.03509521484375 0.140052795410156
0.151412963867188 -0.0934600830078125 0.0753250122070313 -0.0427474975585938
0.04010009765625 -0.161575317382813 -0.02923583984375 -0.145263671875
0.044281005859375 -0.164581298828125 -0.0930328369140625 -0.128173828125
0.0084991455078125 -0.197662353515625 -0.162979125976563 -0.136703491210937
0.066314697265625 -0.193161010742188 -0.178604125976562 -0.196823120117188
0.188156127929687 -0.136688232421875 -0.1131591796875 -0.28826904296875
0.260208129882813 0.0258331298828125 0.084014892578125 -0.415313720703125
0.134140014648438 0.269760131835938 0.375823974609375 -0.366546630859375
-0.08770751953125 0.304168701171875 0.542694091796875 -0.1661376953125
-0.35601806640625 0.129669189453125 0.56097412109375 0.106689453125
-0.31646728515625 0.00854492187499999 -0.0941314697265625 -0.224700927734375
-0.330078125 0.162017822265625 -0.43927001953125 -0.40435791015625
-0.050506591796875 0.30517578125 -0.60968017578125 -0.00341796875000008
0.177413940429688 0.165145874023438 -0.419830322265625 0.2772216796875
0.200637817382812 -0.0641326904296875 -0.11077880859375 0.275100708007812
0.0336761474609375 -0.170089721679688 0.0194931030273438 0.130874633789063
-0.087066650390625 -0.147430419921875 -0.014984130859375 -0.0127124786376953
-0.0777435302734375 -0.156890869140625 -0.0809555053710938 -0.042999267578125
-0.110549926757813 -0.172683715820313 -0.189987182617188 -0.0912628173828125
-0.034576416015625 -0.2127685546875 -0.20501708984375 -0.206161499023437
0.125869750976563 -0.1968994140625 -0.09234619140625 -0.336761474609375
0.249679565429687 -0.0442352294921875 0.135284423828125 -0.441162109375
0.142929077148438 0.201202392578125 0.4259033203125 -0.3070068359375
-0.04437255859375 0.186004638671875 0.433349609375 -0.051666259765625
-0.115562438964844 0.0861968994140625 0.0965652465820312 -0.045928955078125
-0.168167114257812 0.027679443359375 -0.0272979736328125 -0.155288696289063
-0.190444946289063 0.135009765625 -0.42791748046875 -0.345367431640625
0.0458984375 0.3070068359375 -0.58062744140625 0.00292968750000011
0.248123168945313 0.1134033203125 -0.427154541015625 0.26593017578125
0.2130126953125 -0.137710571289063 -0.132598876953125 0.30072021484375
-0.00288391113281251 -0.213180541992188 0.0204010009765625 0.188430786132813
-0.121597290039062 -0.161514282226563 0.0284309387207031 0.0382461547851562
-0.102462768554688 -0.176300048828125 -0.025604248046875 -0.00112724304199219
-0.129425048828125 -0.1922607421875 -0.136566162109375 -0.042633056640625
-0.027099609375 -0.22821044921875 -0.181381225585938 -0.147613525390625
0.149246215820313 -0.190048217773438 -0.106964111328125 -0.29437255859375
0.253433227539063 -0.0067901611328125 0.11065673828125 -0.44287109375
0.0981903076171875 0.217559814453125 0.454864501953125 -0.33203125
-0.0766754150390625 0.156600952148438 0.48248291015625 -0.00961303710937499
-0.115760803222656 0.0616912841796875 0.0732650756835937 0.00103759765625
-0.16766357421875 0.06915283203125 -0.06500244140625 -0.0994033813476563
-0.141326904296875 0.193710327148438 -0.41094970703125 -0.257354736328125
0.12420654296875 0.287109375 -0.54150390625 0.02520751953125
0.272048950195313 0.0447540283203125 -0.426483154296875 0.287628173828125
0.186386108398438 -0.186447143554688 -0.13134765625 0.348175048828125
-0.0385589599609375 -0.221847534179687 0.0503692626953125 0.248977661132813
-0.135726928710938 -0.15423583984375 0.088104248046875 0.0861434936523437
-0.111099243164063 -0.171234130859375 0.0340156555175781 0.0410041809082031
-0.125350952148438 -0.184249877929688 -0.084381103515625 0.00940704345703123
-0.014617919921875 -0.204299926757813 -0.159576416015625 -0.0945587158203125
0.140472412109375 -0.144851684570313 -0.11859130859375 -0.273178100585938
0.197891235351562 0.030242919921875 0.11993408203125 -0.456207275390625
0.02862548828125 0.175247192382812 0.52618408203125 -0.329254150390625
-0.0866546630859375 0.0835418701171875 0.53912353515625 0.056884765625
-0.0893936157226562 0.0250091552734375 0.0555229187011719 0.0427627563476563
-0.133415222167969 0.0821762084960937 -0.0980758666992188 -0.02545166015625
-0.076171875 0.183486938476563 -0.388458251953125 -0.159454345703125
0.14776611328125 0.209671020507813 -0.505706787109375 0.06610107421875
0.230621337890625 -0.011505126953125 -0.408416748046875 0.332794189453125
0.13043212890625 -0.185775756835938 -0.10675048828125 0.398223876953125
-0.05743408203125 -0.188613891601563 0.10321044921875 0.2984619140625
-0.123908996582031 -0.124046325683594 0.157821655273438 0.12469482421875
-0.10260009765625 -0.142135620117187 0.0906143188476563 0.0791397094726562
-0.106216430664062 -0.149856567382813 -0.0395355224609375 0.0562858581542969
-0.011566162109375 -0.152877807617188 -0.14080810546875 -0.0590667724609375
0.0959091186523438 -0.0949172973632813 -0.111282348632813 -0.278915405273438
0.114372253417969 0.0282135009765625 0.17059326171875 -0.46875
-0.0104827880859375 0.0871658325195313 0.6234130859375 -0.27972412109375
-0.0548324584960937 0.0104141235351562 0.57879638671875 0.14910888671875
-0.0457954406738281 0.00222396850585938 0.0420913696289062 0.0740814208984375
-0.0731353759765625 0.0573959350585938 -0.117149353027344 0.0410537719726563
-0.0239944458007813 0.10699462890625 -0.368896484375 -0.0694580078125
0.102882385253906 0.107292175292969 -0.473052978515625 0.1181640625
0.138252258300781 -0.0343856811523438 -0.36700439453125 0.3843994140625
0.064117431640625 -0.129661560058594 -0.0644226074218751 0.433990478515625
-0.0540084838867188 -0.115570068359375 0.163726806640625 0.324737548828125
-0.0853195190429688 -0.0715255737304687 0.219329833984375 0.144943237304687
-0.0771255493164062 -0.089508056640625 0.134124755859375 0.102485656738281
-0.076324462890625 -0.0928192138671875 -0.00522613525390626 0.083831787109375
-0.0232315063476563 -0.0897064208984375 -0.11676025390625 -0.046295166015625
0.03173828125 -0.0645980834960938 -0.07391357421875 -0.2958984375
0.0460662841796875 -0.0170555114746094 0.251495361328125 -0.457122802734375
0.0069727897644043 0.00155258178710938 0.70501708984375 -0.18426513671875
0.00613212585449219 -0.0209007263183594 0.5953369140625 0.244873046875
0.00182056427001953 0.00671052932739258 0.0357742309570313 0.0974273681640625
-0.0135536193847656 -0.041778564453125 0.015167236328125 -0.163528442382813
-0.0782699584960938 -0.0436859130859375 -0.488037109375 -0.348419189453125
-0.08648681640625 0.0643539428710937 -0.44793701171875 0.168731689453125
-0.0104293823242187 0.0924224853515625 -0.245880126953125 0.3651123046875
0.0226364135742187 0.074554443359375 0.120864868164062 0.145721435546875
0.0518531799316406 0.0413932800292969 0.153182983398437 -0.0755615234375
0.0642967224121094 0.0147171020507813 0.00930786132812501 -0.206832885742188
0.0631523132324219 0.00876998901367188 -0.0792236328125 -0.194564819335938
0.0577507019042969 -0.0115776062011719 -0.136093139648438 -0.195587158203125
0.0518302917480469 -0.00793075561523438 -0.120361328125 -0.250137329101563
0.0511550903320313 0.0174446105957031 -0.053741455078125 -0.3236083984375
0.0356788635253906 0.035064697265625 0.14501953125 -0.394805908203125
-0.00398063659667969 0.0321636199951172 0.42083740234375 -0.33135986328125
-0.0173416137695313 0.0377883911132812 0.56475830078125 -0.18621826171875
-0.0295162200927734 0.00841903686523438 0.66107177734375 0.10418701171875
-0.171981811523438 -0.035797119140625 0.0558929443359375 -0.15570068359375
-0.191253662109375 0.01483154296875 -0.28936767578125 -0.196136474609375
-0.1317138671875 0.166061401367188 -0.59674072265625 0.06744384765625
0.0281219482421875 0.16607666015625 -0.244720458984375 0.28448486328125
0.114982604980469 0.0823898315429688 0.0539093017578125 0.143707275390625
0.0630874633789063 -0.0363960266113281 0.0981521606445313 -0.0680770874023438
0.0414810180664062 -0.0798873901367188 -0.0326995849609375 -0.188034057617188
0.0485610961914063 -0.0879440307617188 -0.114700317382812 -0.1646728515625
0.0238265991210937 -0.113761901855469 -0.172714233398438 -0.179336547851563
0.019622802734375 -0.0973281860351563 -0.168319702148437 -0.246688842773438
0.117523193359375 -0.0763626098632813 -0.083953857421875 -0.3089599609375
0.15325927734375 0.0071868896484375 0.11944580078125 -0.405487060546875
0.087677001953125 0.147232055664063 0.372283935546875 -0.348052978515625
-0.0454864501953125 0.202667236328125 0.5050048828125 -0.205963134765625
-0.190460205078125 0.102386474609375 0.64044189453125 0.03204345703125
-0.367462158203125 -0.02008056640625 0.000915527343749979 -0.18572998046875
-0.251449584960938 0.077423095703125 -0.272994995117187 -0.213516235351563
-0.133575439453125 0.30792236328125 -0.338165283203125 0.083282470703125
0.108230590820313 0.2615966796875 -0.160263061523438 0.1881103515625
0.222869873046875 0.0712738037109375 0.0239715576171875 0.118949890136719
0.144241333007813 -0.106292724609375 0.0544319152832031 -0.0518379211425781
0.0254058837890625 -0.165237426757813 -0.0492401123046875 -0.145050048828125
0.03009033203125 -0.171188354492188 -0.10430908203125 -0.126899719238281
-0.011199951171875 -0.199050903320313 -0.168441772460937 -0.134414672851563
0.0490875244140625 -0.200775146484375 -0.179092407226563 -0.18975830078125
0.177566528320313 -0.152938842773438 -0.113021850585937 -0.27734375
0.267822265625 0.005615234375 0.071014404296875 -0.408843994140625
0.158004760742188 0.260208129882813 0.3516845703125 -0.368988037109375
-0.058441162109375 0.3046875 0.524078369140625 -0.191253662109375
-0.34661865234375 0.171600341796875 0.576416015625 0.05419921875
-0.30206298828125 0.030731201171875 -0.10418701171875 -0.220870971679687
-0.29022216796875 0.17730712890625 -0.446014404296875 -0.388519287109375
-0.0311279296875 0.294189453125 -0.59930419921875 0.00836181640625003
0.174957275390625 0.148651123046875 -0.4072265625 0.283172607421875
0.186660766601563 -0.0691680908203125 -0.102264404296875 0.273849487304688
0.0248260498046875 -0.160659790039063 0.0235595703125 0.127792358398438
-0.088592529296875 -0.134140014648438 -0.0168943405151367 -0.011509895324707
-0.0823974609375 -0.145431518554688 -0.080810546875 -0.0380325317382813
-0.114410400390625 -0.157989501953125 -0.187423706054688 -0.079132080078125
-0.0438995361328125 -0.201629638671875 -0.20751953125 -0.1912841796875
0.111923217773437 -0.193328857421875 -0.100982666015625 -0.326904296875
0.23944091796875 -0.0525360107421875 0.11676025390625 -0.4395751953125
0.145294189453125 0.188751220703125 0.409912109375 -0.315643310546875
-0.0386199951171875 0.181808471679688 0.42645263671875 -0.063018798828125
-0.107818603515625 0.087677001953125 0.0968017578125 -0.0430755615234375
-0.15521240234375 0.0282440185546875 -0.0366058349609375 -0.158599853515625
-0.17596435546875 0.136062622070313 -0.434906005859375 -0.330474853515625
0.057647705078125 0.29144287109375 -0.5703125 0.01580810546875
0.240982055664063 0.0963134765625 -0.41302490234375 0.274566650390625
0.194976806640625 -0.141189575195313 -0.120361328125 0.297607421875
-0.0117950439453125 -0.2015380859375 0.027679443359375 0.181915283203125
-0.12310791015625 -0.146224975585938 0.02655029296875 0.03515625
-0.107574462890625 -0.163421630859375 -0.0251140594482422 -0.00131034851074219
-0.1334228515625 -0.176361083984375 -0.134124755859375 -0.0358123779296875
-0.037689208984375 -0.2164306640625 -0.181289672851563 -0.135940551757812
0.1334228515625 -0.187759399414063 -0.11328125 -0.285400390625
0.242950439453125 -0.016754150390625 0.0948486328125 -0.43994140625
0.10296630859375 0.205551147460938 0.437530517578125 -0.338958740234375
-0.07000732421875 0.1536865234375 0.47674560546875 -0.023773193359375
-0.107292175292969 0.0641403198242188 0.0759811401367188 0.002227783203125
-0.15447998046875 0.069427490234375 -0.0709609985351563 -0.10223388671875
-0.126449584960938 0.1920166015625 -0.414825439453125 -0.244232177734375
0.133636474609375 0.270111083984375 -0.532470703125 0.0361328125000001
0.262802124023437 0.029266357421875 -0.409912109375 0.295562744140625
0.167922973632813 -0.188812255859375 -0.11737060546875 0.342864990234375
-0.0463714599609375 -0.209396362304688 0.05877685546875 0.239608764648438
-0.136772155761719 -0.139839172363281 0.0874099731445313 0.0786056518554688
-0.11651611328125 -0.158218383789062 0.0348434448242188 0.0366249084472656
-0.130340576171875 -0.168792724609375 -0.080902099609375 0.0119476318359375
-0.02557373046875 -0.193939208984375 -0.158126831054688 -0.0871124267578125
0.126007080078125 -0.143325805664063 -0.122894287109375 -0.265838623046875
0.19110107421875 0.0194854736328125 0.103668212890625 -0.452392578125
0.035400390625 0.164520263671875 0.50634765625 -0.339385986328125
-0.0809249877929687 0.0834503173828125 0.531768798828125 0.0401611328125
-0.0812301635742187 0.02880859375 0.061492919921875 0.0435447692871094
-0.121597290039063 0.0818634033203125 -0.101432800292969 -0.0287933349609375
-0.064239501953125 0.179824829101563 -0.390899658203125 -0.147369384765625
0.153549194335938 0.195465087890625 -0.496551513671875 0.0762023925781251
0.220840454101563 -0.0245819091796875 -0.390045166015625 0.33941650390625
0.114898681640625 -0.185943603515625 -0.090728759765625 0.391082763671875
-0.06378173828125 -0.176742553710937 0.111846923828125 0.28436279296875
-0.124443054199219 -0.111640930175781 0.156341552734375 0.11224365234375
-0.107208251953125 -0.131362915039062 0.0914993286132813 0.0703125
-0.111183166503906 -0.1373291015625 -0.0350379943847656 0.053802490234375
-0.0201873779296875 -0.14501953125 -0.137908935546875 -0.0551681518554687
0.084808349609375 -0.0946502685546875 -0.1143798828125 -0.272079467773438
0.110328674316406 0.0203170776367188 0.15606689453125 -0.467010498046875
-0.00487518310546875 0.0811538696289063 0.6021728515625 -0.29327392578125
-0.0518150329589844 0.0118675231933594 0.57562255859375 0.1282958984375
-0.0396919250488281 0.00536346435546875 0.050537109375 0.0740814208984375
-0.0641403198242188 0.055206298828125 -0.11688232421875 0.0365371704101563
-0.0164718627929688 0.103851318359375 -0.36724853515625 -0.059539794921875
0.105766296386719 0.0986709594726562 -0.46246337890625 0.129669189453125
0.130050659179688 -0.0415725708007813 -0.3468017578125 0.388671875
0.053924560546875 -0.129905700683594 -0.047271728515625 0.42523193359375
-0.0564117431640625 -0.108489990234375 0.173126220703125 0.3070068359375
-0.0847015380859375 -0.0639801025390625 0.2181396484375 0.128936767578125
-0.0804977416992188 -0.0827407836914063 0.135086059570313 0.0910568237304688
-0.0797500610351562 -0.0852813720703125 -6.1035156250004E-05 0.0783233642578125
-0.0284805297851562 -0.0854949951171875 -0.112861633300781 -0.0445327758789062
0.0252914428710937 -0.064178466796875 -0.078125 -0.289764404296875
0.0433807373046875 -0.0205726623535156 0.235687255859375 -0.45513916015625
0.00879383087158203 -0.001190185546875 0.68560791015625 -0.20098876953125
0.00679779052734375 -0.0191936492919922 0.59356689453125 0.22174072265625
0.00578451156616211 0.00853967666625977 0.0453720092773438 0.0973281860351562
-0.0137977600097656 -0.0452880859375 0.004241943359375 -0.168289184570313
-0.0774307250976563 -0.0425186157226562 -0.4964599609375 -0.34576416015625
-0.084197998046875 0.0660629272460937 -0.45416259765625 0.153106689453125
-0.00933837890624999 0.0915145874023438 -0.22833251953125 0.34869384765625
0.0171966552734375 0.0837326049804687 0.104515075683594 0.127212524414063
0.0528678894042969 0.0358161926269531 0.132171630859375 -0.0877304077148437
0.0681266784667969 0.0133476257324219 -0.01483154296875 -0.211883544921875
0.0661697387695313 0.00717926025390625 -0.0975341796875 -0.200469970703125
0.0569267272949219 -0.0126533508300781 -0.148971557617188 -0.202560424804687
0.0493354797363281 -0.0108909606933594 -0.124343872070313 -0.254562377929687
0.05029296875 0.0133132934570313 -0.053924560546875 -0.319793701171875
0.0389671325683594 0.0314979553222656 0.13775634765625 -0.392486572265625
-0.00144004821777344 0.0294952392578125 0.40374755859375 -0.338592529296875
-0.0113677978515625 0.0382270812988281 0.5504150390625 -0.212677001953125
-0.0272006988525391 0.0145187377929688 0.69305419921875 0.05126953125
-0.168075561523438 -0.0219573974609375 0.0506134033203125 -0.1734619140625
-0.17822265625 0.0271759033203125 -0.276123046875 -0.21588134765625
-0.117080688476562 0.171981811523438 -0.59063720703125 0.0690307617187501
0.034637451171875 0.161865234375 -0.236221313476563 0.266708374023438
0.117668151855469 0.0746078491210938 0.037872314453125 0.131950378417969
0.063140869140625 -0.0338668823242188 0.0726776123046875 -0.052642822265625
0.034942626953125 -0.0806198120117188 -0.0560302734375 -0.186126708984375
0.0411376953125 -0.0922927856445313 -0.129806518554688 -0.165145874023437
0.0132522583007812 -0.11572265625 -0.183975219726562 -0.18145751953125
0.01397705078125 -0.0970230102539063 -0.175277709960937 -0.245941162109375
0.110603332519531 -0.086883544921875 -0.084442138671875 -0.3062744140625
0.1558837890625 -0.0023651123046875 0.116973876953125 -0.4058837890625
0.0989761352539062 0.140121459960938 0.3624267578125 -0.345428466796875
-0.0266876220703125 0.20855712890625 0.46478271484375 -0.19573974609375
-0.183914184570313 0.125839233398438 0.65838623046875 -0.02386474609375
-0.364990234375 0.022674560546875 -0.00422668457031253 -0.197555541992188
-0.236297607421875 0.0937957763671875 -0.256805419921875 -0.235153198242188
-0.10345458984375 0.31988525390625 -0.322509765625 0.04620361328125
0.132354736328125 0.2532958984375 -0.170822143554688 0.15789794921875
0.23187255859375 0.0521697998046875 0.00632476806640627 0.103561401367188
0.137496948242188 -0.121292114257813 0.0315170288085938 -0.0566558837890625
0.0102081298828125 -0.170761108398438 -0.0704498291015625 -0.143417358398438
0.0150299072265625 -0.1787109375 -0.117568969726562 -0.127082824707031
-0.0305328369140625 -0.201492309570312 -0.177154541015625 -0.136138916015625
0.031951904296875 -0.20947265625 -0.180938720703125 -0.189483642578125
0.167755126953125 -0.170852661132813 -0.1104736328125 -0.274612426757813
0.274703979492188 -0.0146636962890625 0.064910888671875 -0.408966064453125
0.181106567382813 0.25274658203125 0.339813232421875 -0.371368408203125
-0.033416748046875 0.303314208984375 0.513580322265625 -0.2110595703125
-0.33489990234375 0.214691162109375 0.59222412109375 0.00311279296875001
-0.290130615234375 0.048248291015625 -0.113677978515625 -0.220947265625
-0.260665893554688 0.187362670898437 -0.457977294921875 -0.386627197265625
-0.01727294921875 0.287139892578125 -0.60028076171875 0.0127563476562501
0.17242431640625 0.137588500976563 -0.404815673828125 0.289642333984375
0.17645263671875 -0.0725555419921875 -0.097808837890625 0.276168823242188
0.019805908203125 -0.154342651367188 0.0263137817382813 0.1265869140625
-0.0899276733398437 -0.124794006347656 -0.0192832946777344 -0.0100593566894531
-0.0857620239257812 -0.13726806640625 -0.08135986328125 -0.036102294921875
-0.11712646484375 -0.149017333984375 -0.187515258789063 -0.07159423828125
-0.0504302978515625 -0.19378662109375 -0.210372924804688 -0.182464599609375
0.102493286132812 -0.190872192382813 -0.1077880859375 -0.32403564453125
0.23333740234375 -0.05767822265625 0.106231689453125 -0.44354248046875
0.146804809570313 0.18121337890625 0.404052734375 -0.325042724609375
-0.035614013671875 0.181549072265625 0.427276611328125 -0.068878173828125
-0.102294921875 0.0891265869140625 0.0995712280273438 -0.040283203125
-0.148162841796875 0.0263214111328125 -0.0439453125 -0.163894653320313
-0.166580200195313 0.1358642578125 -0.444000244140625 -0.326934814453125
0.066253662109375 0.282012939453125 -0.57073974609375 0.01995849609375
0.2364501953125 0.08587646484375 -0.407928466796875 0.282501220703125
0.18341064453125 -0.14410400390625 -0.115386962890625 0.299896240234375
-0.0171356201171875 -0.19451904296875 0.03240966796875 0.17938232421875
-0.123634338378906 -0.137237548828125 0.0250568389892578 0.0335254669189453
-0.111572265625 -0.155364990234375 -0.0256385803222656 -0.00214767456054689
-0.137191772460938 -0.165878295898438 -0.133796691894531 -0.031219482421875
-0.04534912109375 -0.208358764648438 -0.182861328125 -0.129623413085937
0.123184204101562 -0.186141967773438 -0.117889404296875 -0.28436279296875
0.238037109375 -0.023956298828125 0.08526611328125 -0.4439697265625
0.106185913085937 0.19744873046875 0.43182373046875 -0.34710693359375
-0.06610107421875 0.15374755859375 0.477783203125 -0.030914306640625
-0.100288391113281 0.0655517578125 0.0807113647460938 0.0038604736328125
-0.146820068359375 0.067901611328125 -0.0776519775390625 -0.106887817382812
-0.116607666015625 0.191421508789063 -0.4229736328125 -0.238739013671875
0.141311645507813 0.260452270507813 -0.53289794921875 0.0419006347656251
0.256332397460938 0.0186767578125 -0.405609130859375 0.304656982421875
0.155746459960937 -0.190948486328125 -0.1103515625 0.343597412109375
-0.051177978515625 -0.201797485351563 0.0656890869140625 0.233932495117188
-0.137428283691406 -0.130134582519531 0.0865554809570313 0.073516845703125
-0.121063232421875 -0.15087890625 0.0348453521728516 0.0326690673828125
-0.135269165039063 -0.159088134765625 -0.079559326171875 0.0123443603515625
-0.0334320068359375 -0.186569213867188 -0.15887451171875 -0.083221435546875
0.11676025390625 -0.142745971679687 -0.125274658203125 -0.264633178710937
0.18670654296875 0.012359619140625 0.095672607421875 -0.455841064453125
0.0388946533203125 0.158279418945313 0.50067138671875 -0.348052978515625
-0.07684326171875 0.0843276977539063 0.53466796875 0.029998779296875
-0.0744476318359375 0.0302047729492188 0.0675544738769531 0.0439987182617188
-0.113945007324219 0.0799407958984375 -0.105140686035156 -0.0329360961914063
-0.0552825927734375 0.177993774414063 -0.39813232421875 -0.142303466796875
0.158843994140625 0.186599731445312 -0.496307373046875 0.083221435546875
0.214691162109375 -0.0328521728515625 -0.38372802734375 0.347808837890625
0.104522705078125 -0.187271118164063 -0.08203125 0.3912353515625
-0.0669708251953125 -0.1708984375 0.11944580078125 0.276809692382813
-0.124771118164063 -0.103965759277344 0.156158447265625 0.103836059570313
-0.111366271972656 -0.125099182128906 0.0925445556640625 0.0637359619140625
-0.114776611328125 -0.129676818847656 -0.03289794921875 0.0509567260742187
-0.0268096923828125 -0.139968872070312 -0.136367797851562 -0.053070068359375
0.0772247314453125 -0.094024658203125 -0.11663818359375 -0.272308349609375
0.107681274414063 0.0145950317382813 0.148468017578125 -0.46978759765625
-0.00170135498046876 0.07611083984375 0.5965576171875 -0.30316162109375
-0.0486984252929687 0.0133285522460938 0.57952880859375 0.11822509765625
-0.033447265625 0.00740623474121093 0.0583877563476562 0.074737548828125
-0.0588760375976562 0.0529403686523437 -0.119537353515625 0.0333786010742187
-0.011199951171875 0.101882934570313 -0.370849609375 -0.0546569824218751
0.109703063964844 0.0940628051757813 -0.461578369140625 0.136871337890625
0.125 -0.0471878051757812 -0.33880615234375 0.3963623046875
0.0466232299804687 -0.130218505859375 -0.03814697265625 0.423004150390625
-0.0578536987304687 -0.104537963867188 0.179412841796875 0.29638671875
-0.0851211547851563 -0.0603713989257813 0.217880249023438 0.118209838867188
-0.0835952758789063 -0.078765869140625 0.136817932128906 0.0829544067382813
-0.0833663940429688 -0.0810317993164062 0.0036163330078125 0.0738449096679687
-0.0322952270507813 -0.0828323364257813 -0.110084533691406 -0.044891357421875
0.0207672119140625 -0.063568115234375 -0.080047607421875 -0.291259765625
0.0415992736816406 -0.0238380432128906 0.22808837890625 -0.461700439453125
0.0104665756225586 -0.00451755523681641 0.6812744140625 -0.21185302734375
0.00759220123291016 -0.0174369812011719 0.59967041015625 0.21112060546875
0.0105991363525391 0.0103683471679688 0.0542373657226563 0.0988311767578125
-0.0152664184570312 -0.0493202209472656 -0.00801086425781249 -0.175308227539063
-0.0792007446289063 -0.0419158935546875 -0.519989013671875 -0.344024658203125
-0.0830764770507813 0.06976318359375 -0.47869873046875 0.1446533203125
-0.00791168212890625 0.092529296875 -0.20001220703125 0.323486328125
0.0271835327148438 0.0811767578125 0.085052490234375 0.113632202148438
0.0559959411621094 0.0350227355957031 0.108131408691406 -0.0996551513671875
0.074127197265625 0.0106277465820313 -0.0445098876953125 -0.216354370117187
0.0710678100585938 0.0045623779296875 -0.12469482421875 -0.206298828125
0.0569190979003906 -0.0142326354980469 -0.171905517578125 -0.211181640625
0.0465965270996094 -0.0139427185058594 -0.136505126953125 -0.264389038085938
0.0496635437011719 0.009124755859375 -0.05694580078125 -0.32464599609375
0.0427474975585938 0.0271072387695313 0.13140869140625 -0.3985595703125
0.000940322875976564 0.0262203216552734 0.38934326171875 -0.353118896484375
-0.00511550903320312 0.0387306213378906 0.54071044921875 -0.2462158203125
-0.0223064422607422 0.0203132629394531 0.7313232421875 -0.01947021484375
-0.164169311523438 -0.00854492187499997 0.0411376953125 -0.194625854492188
-0.167404174804688 0.037841796875 -0.28216552734375 -0.248138427734375
-0.103057861328125 0.1822509765625 -0.59576416015625 0.0736083984375
0.043304443359375 0.160491943359375 -0.249908447265625 0.267074584960938
0.12347412109375 0.06719970703125 0.0161361694335937 0.136093139648438
0.063446044921875 -0.0339012145996094 0.0586700439453125 -0.0213546752929688
0.0294647216796875 -0.0833740234375 -0.084075927734375 -0.181640625
0.0332412719726563 -0.0975799560546875 -0.151519775390625 -0.16326904296875
0.000305175781250008 -0.117179870605469 -0.204299926757812 -0.184829711914063
0.00697326660156249 -0.097137451171875 -0.2030029296875 -0.250778198242188
0.0963134765625 -0.0961227416992188 -0.08746337890625 -0.3115234375
0.158477783203125 -0.0165557861328125 0.111083984375 -0.4188232421875
0.112770080566406 0.133636474609375 0.355712890625 -0.356658935546875
-0.00422668457031248 0.214584350585938 0.444183349609375 -0.188507080078125
-0.173736572265625 0.153579711914063 0.6883544921875 -0.09185791015625
-0.359954833984375 0.0715637207031251 -0.0124359130859375 -0.2139892578125
-0.221328735351563 0.112106323242188 -0.253402709960938 -0.268508911132812
-0.068634033203125 0.331756591796875 -0.32476806640625 0.006988525390625
0.161972045898438 0.2423095703125 -0.195144653320312 0.13226318359375
0.242813110351563 0.028106689453125 -0.0162506103515625 0.0944976806640625
0.127799987792969 -0.139808654785156 0.00673675537109375 -0.0576248168945313
-0.00834655761718752 -0.176605224609375 -0.0953140258789063 -0.13818359375
-0.00486755371093751 -0.188644409179688 -0.137168884277344 -0.125801086425781
-0.053497314453125 -0.204574584960938 -0.194549560546875 -0.138427734375
0.0102691650390625 -0.21905517578125 -0.190582275390625 -0.192169189453125
0.156829833984375 -0.1929931640625 -0.111831665039063 -0.28076171875
0.284881591796875 -0.041778564453125 0.0565185546875 -0.41680908203125
0.211669921875 0.242324829101563 0.33203125 -0.381378173828125
-0.00839233398437498 0.307525634765625 0.50921630859375 -0.239898681640625
-0.31536865234375 0.263275146484375 0.62017822265625 -0.05902099609375
-0.282623291015625 0.067291259765625 -0.126861572265625 -0.2225341796875
-0.237686157226563 0.200912475585938 -0.4818115234375 -0.3857421875
-0.00228881835937502 0.28558349609375 -0.615966796875 0.022216796875
0.17425537109375 0.129318237304688 -0.408050537109375 0.307647705078125
0.170562744140625 -0.077362060546875 -0.09375 0.28533935546875
0.0143585205078125 -0.152191162109375 0.0295181274414063 0.128372192382813
-0.09320068359375 -0.119247436523438 -0.0217018127441406 -0.00786209106445313
-0.0914535522460938 -0.133308410644531 -0.0843963623046875 -0.0335769653320312
-0.123580932617187 -0.141708374023438 -0.19287109375 -0.0644073486328125
-0.05877685546875 -0.189010620117188 -0.218963623046875 -0.174758911132812
0.095184326171875 -0.193008422851562 -0.118865966796875 -0.327880859375
0.232772827148438 -0.0665130615234375 0.09368896484375 -0.457489013671875
0.153228759765625 0.177093505859375 0.404327392578125 -0.342742919921875
-0.0316314697265625 0.185745239257813 0.436370849609375 -0.0802001953125
-0.09716796875 0.092132568359375 0.1048583984375 -0.040191650390625
-0.14459228515625 0.0262603759765625 -0.0545654296875 -0.171234130859375
-0.159759521484375 0.138809204101563 -0.4666748046875 -0.324859619140625
0.079254150390625 0.277511596679688 -0.586181640625 0.0310058593750001
0.23681640625 0.0756378173828125 -0.411224365234375 0.30120849609375
0.175308227539063 -0.150848388671875 -0.1092529296875 0.3096923828125
-0.0244903564453125 -0.191802978515625 0.03887939453125 0.18011474609375
-0.128410339355469 -0.1300048828125 0.0240478515625 0.0330543518066406
-0.11920166015625 -0.148895263671875 -0.0265960693359375 -0.00231933593750001
-0.145217895507813 -0.15802001953125 -0.136505126953125 -0.0264968872070313
-0.05474853515625 -0.20343017578125 -0.1895751953125 -0.123916625976563
0.115280151367188 -0.18890380859375 -0.127471923828125 -0.28790283203125
0.237136840820313 -0.032684326171875 0.072845458984375 -0.45751953125
0.112930297851562 0.192703247070313 0.432342529296875 -0.367401123046875
-0.0611419677734375 0.157730102539063 0.4893798828125 -0.044219970703125
-0.0943222045898438 0.0682144165039063 0.0874481201171875 0.0044097900390625
-0.14288330078125 0.06903076171875 -0.0865936279296875 -0.112106323242187
-0.107955932617188 0.194549560546875 -0.44256591796875 -0.236175537109375
0.15472412109375 0.253753662109375 -0.54669189453125 0.05462646484375
0.255477905273438 0.008575439453125 -0.4052734375 0.3232421875
0.146392822265625 -0.197769165039063 -0.101318359375 0.353515625
-0.05792236328125 -0.199249267578125 0.074188232421875 0.233123779296875
-0.1427001953125 -0.1239013671875 0.0879898071289062 0.0700531005859375
-0.128860473632813 -0.144790649414063 0.0358009338378906 0.0291938781738281
-0.142486572265625 -0.151687622070313 -0.0795745849609375 0.0139083862304687
-0.0421600341796875 -0.182632446289062 -0.162734985351563 -0.0798187255859375
0.1090087890625 -0.145736694335938 -0.133819580078125 -0.26983642578125
0.18609619140625 0.0041656494140625 0.084075927734375 -0.469451904296875
0.0444488525390625 0.154495239257813 0.50244140625 -0.36932373046875
-0.07293701171875 0.0868072509765625 0.5494384765625 0.017181396484375
-0.0682640075683594 0.0316581726074219 0.0757980346679688 0.0447845458984375
-0.110237121582031 0.0811004638671875 -0.112823486328125 -0.0360488891601562
-0.046722412109375 0.180206298828125 -0.41229248046875 -0.1365966796875
0.170623779296875 0.180404663085938 -0.508392333984375 0.098358154296875
0.211624145507813 -0.042572021484375 -0.3798828125 0.3668212890625
0.094879150390625 -0.193374633789062 -0.071136474609375 0.399017333984375
-0.0728302001953125 -0.168319702148438 0.129913330078125 0.274276733398438
-0.129043579101562 -0.099273681640625 0.160308837890625 0.0968475341796875
-0.119087219238281 -0.12005615234375 0.0960464477539062 0.0574722290039062
-0.122238159179688 -0.123550415039062 -0.0303115844726563 0.0501861572265625
-0.0345001220703125 -0.13702392578125 -0.138031005859375 -0.0525283813476562
0.071624755859375 -0.0959320068359375 -0.12353515625 -0.277816772460937
0.10711669921875 0.0080718994140625 0.139495849609375 -0.4852294921875
0.00151824951171875 0.0722122192382813 0.60076904296875 -0.3238525390625
-0.0456504821777344 0.0146942138671875 0.5965576171875 0.10491943359375
-0.0270290374755859 0.00822448730468751 0.067840576171875 0.0755233764648438
-0.0558128356933594 0.0525550842285156 -0.124908447265625 0.0313568115234375
-0.00498962402343751 0.102005004882812 -0.383453369140625 -0.046905517578125
0.116592407226562 0.08905029296875 -0.469573974609375 0.151519775390625
0.121795654296875 -0.053314208984375 -0.332672119140625 0.414703369140625
0.0401611328125 -0.133316040039063 -0.0255126953125 0.429534912109375
-0.0611648559570313 -0.103324890136719 0.191131591796875 0.29168701171875
-0.0877227783203125 -0.0579681396484375 0.22283935546875 0.107574462890625
-0.0889968872070313 -0.07586669921875 0.141357421875 0.0749053955078125
-0.0886688232421875 -0.0772705078125 0.00721740722656249 0.0708694458007813
-0.0379257202148438 -0.08074951171875 -0.110183715820313 -0.0456085205078125
0.0165443420410156 -0.0637969970703125 -0.085662841796875 -0.297271728515625
0.0403633117675781 -0.0278282165527344 0.22216796875 -0.4755859375
0.0117626190185547 -0.00792694091796875 0.69012451171875 -0.23309326171875
0.00969886779785156 -0.0165548324584961 0.6187744140625 0.199951171875
0.0156593322753906 0.0103025436401367 0.0656967163085938 0.100288391113281
-0.0188026428222656 -0.0525741577148438 -0.0249176025390625 -0.181427001953125
-0.0825042724609375 -0.0398788452148437 -0.555206298828125 -0.33123779296875
-0.0810699462890625 0.0754623413085938 -0.49261474609375 0.15240478515625
-0.00376129150390626 0.0944900512695313 -0.218994140625 0.347747802734375
0.039093017578125 0.0737152099609375 0.0620880126953125 0.105224609375
0.0616874694824219 0.03558349609375 0.077392578125 -0.10736083984375
0.0788803100585937 0.00399017333984375 -0.08221435546875 -0.211746215820313
0.0756759643554688 -0.0015869140625 -0.161788940429688 -0.202850341796875
0.0572013854980469 -0.0167427062988281 -0.206741333007813 -0.21136474609375
0.0430488586425781 -0.01629638671875 -0.158767700195313 -0.271286010742188
0.0481414794921875 0.00395965576171875 -0.066680908203125 -0.331756591796875
0.0453720092773438 0.02056884765625 0.11859130859375 -0.40960693359375
0.00225257873535156 0.0223579406738281 0.370269775390625 -0.371826171875
0.00293731689453125 0.037353515625 0.5211181640625 -0.288665771484375
-0.0149555206298828 0.0247764587402344 0.755615234375 -0.11810302734375
-0.158920288085938 0.00871276855468749 0.0247344970703125 -0.21661376953125
-0.15399169921875 0.050811767578125 -0.301239013671875 -0.2747802734375
-0.08270263671875 0.190322875976562 -0.59478759765625 0.0909423828125001
0.054656982421875 0.156051635742188 -0.268280029296875 0.28656005859375
0.130691528320313 0.0571136474609375 -0.000259399414062501 0.146514892578125
0.0603408813476563 -0.0345497131347656 0.0513076782226563 -0.00651168823242188
0.0204544067382812 -0.0864791870117188 -0.115997314453125 -0.169387817382812
0.0217437744140625 -0.102394104003906 -0.17950439453125 -0.154815673828125
-0.015625 -0.116561889648438 -0.235275268554688 -0.178817749023437
-0.00228118896484375 -0.0950927734375 -0.233688354492187 -0.24444580078125
0.0811614990234375 -0.102523803710937 -0.09814453125 -0.321380615234375
0.15966796875 -0.0337066650390625 0.092681884765625 -0.433258056640625
0.126602172851563 0.119796752929688 0.340850830078125 -0.377777099609375
0.0244140625 0.21514892578125 0.4393310546875 -0.203582763671875
-0.152557373046875 0.181716918945313 0.70404052734375 -0.18890380859375
-0.34027099609375 0.128143310546875 -0.030181884765625 -0.230056762695313
-0.195724487304688 0.11761474609375 -0.266937255859375 -0.30352783203125
-0.0223388671875 0.3377685546875 -0.34454345703125 -0.0296630859375
0.193740844726562 0.220809936523438 -0.22894287109375 0.117263793945312
0.249237060546875 -0.0052490234375 -0.0424575805664062 0.0932540893554687
0.110092163085938 -0.159637451171875 -0.0207328796386719 -0.0508193969726563
-0.0344390869140625 -0.17852783203125 -0.122543334960937 -0.122772216796875
-0.03204345703125 -0.1943359375 -0.161544799804687 -0.116546630859375
-0.0843658447265625 -0.200958251953125 -0.219253540039063 -0.132034301757813
-0.019439697265625 -0.224609375 -0.206710815429687 -0.191436767578125
0.134963989257813 -0.216766357421875 -0.120208740234375 -0.28692626953125
0.289093017578125 -0.077972412109375 0.039215087890625 -0.429443359375
0.246246337890625 0.221176147460938 0.31842041015625 -0.3988037109375
0.024383544921875 0.312347412109375 0.496429443359375 -0.27642822265625
-0.279083251953125 0.31561279296875 0.62469482421875 -0.14349365234375
-0.28656005859375 0.10302734375 -0.14501953125 -0.220016479492188
-0.214431762695312 0.2340087890625 -0.518341064453125 -0.37689208984375
0.018798828125 0.282470703125 -0.63543701171875 0.04730224609375
0.178070068359375 0.118438720703125 -0.4051513671875 0.335235595703125
0.163864135742188 -0.085235595703125 -0.083831787109375 0.299072265625
0.005859375 -0.1513671875 0.0358200073242187 0.130195617675781
-0.100563049316406 -0.112228393554688 -0.0244617462158203 -0.0050792694091797
-0.0999603271484375 -0.127304077148438 -0.0888519287109375 -0.0288238525390625
-0.132911682128906 -0.132354736328125 -0.199966430664063 -0.0523071289062501
-0.0704803466796875 -0.183258056640625 -0.231719970703125 -0.162841796875
0.0841522216796875 -0.19720458984375 -0.137908935546875 -0.329376220703125
0.230636596679688 -0.080169677734375 0.0696105957031251 -0.47509765625
0.163665771484375 0.169906616210938 0.396575927734375 -0.372467041015625
-0.021942138671875 0.19097900390625 0.4459228515625 -0.101959228515625
-0.0899581909179687 0.09661865234375 0.10992431640625 -0.04345703125
-0.142303466796875 0.0304718017578125 -0.0699005126953125 -0.176345825195313
-0.150177001953125 0.14556884765625 -0.50006103515625 -0.313262939453125
0.097442626953125 0.271011352539063 -0.602783203125 0.0565185546874999
0.23907470703125 0.061309814453125 -0.40692138671875 0.329345703125
0.16461181640625 -0.160675048828125 -0.096771240234375 0.323760986328125
-0.035003662109375 -0.190093994140625 0.0484466552734375 0.18096923828125
-0.136436462402344 -0.121040344238281 0.0244369506835937 0.0326690673828125
-0.129638671875 -0.141571044921875 -0.0284175872802734 -0.00170898437500001
-0.156265258789063 -0.147247314453125 -0.140884399414063 -0.0187225341796875
-0.0679473876953125 -0.198165893554688 -0.198211669921875 -0.114425659179688
0.103561401367188 -0.194168090820313 -0.14495849609375 -0.2901611328125
0.235824584960938 -0.0479888916015625 0.04998779296875 -0.474029541015625
0.123245239257813 0.18646240234375 0.42437744140625 -0.39788818359375
-0.0526123046875 0.163253784179688 0.50244140625 -0.06793212890625
-0.0869140625 0.0720672607421875 0.0941009521484375 0.0013427734375
-0.138870239257813 0.074493408203125 -0.09930419921875 -0.114028930664063
-0.09564208984375 0.19952392578125 -0.470123291015625 -0.222503662109375
0.17266845703125 0.244033813476563 -0.56005859375 0.0807189941406249
0.254623413085937 -0.007598876953125 -0.39776611328125 0.35260009765625
0.133087158203125 -0.207122802734375 -0.08526611328125 0.366363525390625
-0.0701446533203125 -0.1964111328125 0.0880126953125 0.23211669921875
-0.15069580078125 -0.114105224609375 0.0913162231445312 0.064971923828125
-0.140129089355469 -0.136802673339844 0.0373039245605469 0.0251197814941406
-0.154815673828125 -0.140472412109375 -0.0808944702148438 0.0169143676757812
-0.0553131103515625 -0.177505493164063 -0.168746948242188 -0.07281494140625
0.0996551513671875 -0.150833129882813 -0.148941040039063 -0.272186279296875
0.185791015625 -0.0079345703125 0.0621337890625 -0.48651123046875
0.052337646484375 0.149810791015625 0.49761962890625 -0.40130615234375
-0.066741943359375 0.09161376953125 0.56689453125 -0.00885009765624999
-0.0608711242675781 0.0343208312988281 0.0846633911132813 0.0422744750976562
-0.106231689453125 0.0857162475585937 -0.1220703125 -0.0354385375976562
-0.03424072265625 0.18206787109375 -0.433868408203125 -0.1217041015625
0.185531616210938 0.169906616210938 -0.5184326171875 0.124755859375
0.208877563476562 -0.055511474609375 -0.369415283203125 0.39691162109375
0.082366943359375 -0.200302124023437 -0.051422119140625 0.411590576171875
-0.0828704833984375 -0.165374755859375 0.147018432617188 0.269500732421875
-0.135467529296875 -0.091522216796875 0.165908813476563 0.086578369140625
-0.129249572753906 -0.112892150878906 0.100273132324219 0.0492019653320312
-0.132278442382813 -0.114448547363281 -0.0282096862792969 0.0495338439941406
-0.0448150634765625 -0.132560729980469 -0.141220092773438 -0.047882080078125
0.06427001953125 -0.0994186401367188 -0.138153076171875 -0.281463623046875
0.105995178222656 -0.00051116943359375 0.11895751953125 -0.50469970703125
0.00552749633789063 0.0690269470214844 0.60040283203125 -0.3592529296875
-0.0418586730957031 0.0172500610351562 0.61834716796875 0.07672119140625
-0.0211296081542969 0.00793075561523438 0.0788497924804688 0.074127197265625
-0.0524330139160156 0.0539436340332031 -0.130126953125 0.0348968505859375
0.00334930419921875 0.100875854492188 -0.398590087890625 -0.030426025390625
0.126602172851563 0.0816879272460937 -0.474945068359375 0.179351806640625
0.117744445800781 -0.0619659423828125 -0.318511962890625 0.44189453125
0.0309219360351563 -0.138076782226563 -0.00347900390624996 0.439910888671875
-0.0673141479492187 -0.101470947265625 0.2095947265625 0.283599853515625
-0.0920944213867188 -0.0536117553710937 0.230880737304687 0.0934295654296875
-0.0964889526367188 -0.0706558227539063 0.148361206054688 0.064239501953125
-0.095977783203125 -0.0712051391601562 0.0121040344238281 0.0672035217285156
-0.0444183349609375 -0.077850341796875 -0.111885070800781 -0.0435638427734375
0.0115394592285156 -0.0650558471679688 -0.099761962890625 -0.304534912109375
0.0383377075195313 -0.0334053039550781 0.2054443359375 -0.4989013671875
0.0124349594116211 -0.0118227005004883 0.6951904296875 -0.27032470703125
0.012690544128418 -0.0162811279296875 0.644775390625 0.1734619140625
0.0211372375488281 0.00928306579589844 0.0787353515625 0.100608825683594
-0.0244712829589844 -0.0549163818359375 -0.045379638671875 -0.182785034179688
-0.085906982421875 -0.035888671875 -0.58721923828125 -0.29931640625
-0.0770187377929687 0.0807113647460938 -0.51190185546875 0.17401123046875
0.00276184082031249 0.0954666137695313 -0.24066162109375 0.407623291015625
0.047943115234375 0.0674819946289063 0.03662109375 0.10516357421875
0.070831298828125 0.0382614135742187 0.0412063598632813 -0.10418701171875
0.0813217163085938 -0.00484466552734375 -0.121231079101563 -0.193084716796875
0.078155517578125 -0.0101470947265625 -0.200836181640625 -0.183013916015625
0.0570144653320313 -0.0205039978027344 -0.24505615234375 -0.19549560546875
0.03826904296875 -0.0179557800292969 -0.188079833984375 -0.2674560546875
0.0447769165039063 -0.000423431396484375 -0.0841064453125 -0.33489990234375
0.0453071594238281 0.0128860473632813 0.09710693359375 -0.4168701171875
0.00211715698242188 0.0179843902587891 0.338531494140625 -0.38726806640625
0.0103359222412109 0.0334739685058594 0.480255126953125 -0.32958984375
-0.00560569763183594 0.0260486602783203 0.7403564453125 -0.236083984375
-0.148056030273438 0.02606201171875 -0.000473022460937532 -0.233535766601562
-0.135894775390625 0.055908203125 -0.3350830078125 -0.289947509765625
-0.059051513671875 0.190048217773438 -0.5784912109375 0.114013671875
0.0666351318359375 0.147171020507813 -0.272308349609375 0.30615234375
0.137466430664063 0.0428619384765625 -0.00962829589843749 0.164581298828125
0.0598945617675781 -0.0366477966308594 0.0375442504882813 -0.009246826171875
0.00906372070312501 -0.0862045288085937 -0.146896362304688 -0.14617919921875
0.0067596435546875 -0.103706359863281 -0.2064208984375 -0.132904052734375
-0.0318222045898437 -0.109474182128906 -0.26727294921875 -0.156829833984375
-0.0124053955078125 -0.090789794921875 -0.256149291992187 -0.225204467773438
0.0706253051757812 -0.118072509765625 -0.117889404296875 -0.32818603515625
0.15374755859375 -0.0528564453125 0.0606689453125 -0.440032958984375
0.135879516601563 0.100318908691406 0.315765380859375 -0.395965576171875
0.055145263671875 0.2059326171875 0.42730712890625 -0.2393798828125
-0.11688232421875 0.200363159179688 0.671142578125 -0.29425048828125
-0.296875 0.179534912109375 -0.0549163818359375 -0.240219116210938
-0.169952392578125 0.130874633789063 -0.295318603515625 -0.329833984375
0.029632568359375 0.326812744140625 -0.37725830078125 -0.054168701171875
0.220352172851563 0.184341430664062 -0.266693115234375 0.118560791015625
0.242904663085938 -0.043914794921875 -0.0678787231445312 0.101837158203125
0.080902099609375 -0.172897338867187 -0.0469779968261719 -0.032867431640625
-0.0626068115234375 -0.169937133789062 -0.146697998046875 -0.0970916748046875
-0.0642242431640625 -0.189849853515625 -0.184844970703125 -0.0962371826171876
-0.115188598632813 -0.18475341796875 -0.244522094726563 -0.113311767578125
-0.053619384765625 -0.217575073242188 -0.22662353515625 -0.180801391601563
0.102493286132812 -0.233840942382813 -0.134765625 -0.28802490234375
0.277633666992188 -0.120254516601563 0.013641357421875 -0.433868408203125
0.274185180664062 0.183807373046875 0.293914794921875 -0.413726806640625
0.062957763671875 0.305511474609375 0.465484619140625 -0.3123779296875
-0.218231201171875 0.35565185546875 0.5870361328125 -0.23089599609375
-0.269485473632813 0.1390380859375 -0.16259765625 -0.208267211914062
-0.174209594726563 0.258926391601562 -0.552886962890625 -0.347442626953125
0.04193115234375 0.2723388671875 -0.640625 0.0854492187499999
0.180801391601563 0.104095458984375 -0.389190673828125 0.365814208984375
0.153350830078125 -0.0954742431640625 -0.06536865234375 0.308502197265625
-0.0059661865234375 -0.147705078125 0.043701171875 0.129547119140625
-0.107421875 -0.100677490234375 -0.0263404846191406 -0.00132369995117188
-0.109199523925781 -0.116966247558594 -0.092071533203125 -0.0214920043945312
-0.14166259765625 -0.117904663085937 -0.204315185546875 -0.034942626953125
-0.0841522216796875 -0.172500610351563 -0.242645263671875 -0.1434326171875
0.068511962890625 -0.199630737304688 -0.160919189453125 -0.32373046875
0.2225341796875 -0.0966796875 0.03411865234375 -0.483428955078125
0.173294067382813 0.156951904296875 0.375244140625 -0.402435302734375
-0.00765991210937499 0.193862915039063 0.446502685546875 -0.13104248046875
-0.079925537109375 0.100212097167969 0.111923217773438 -0.0500106811523437
-0.138084411621094 0.0366668701171875 -0.0873107910156251 -0.1761474609375
-0.13629150390625 0.150238037109375 -0.529937744140625 -0.28369140625
0.117889404296875 0.2568359375 -0.60693359375 0.0947875976562501
0.23846435546875 0.0432586669921875 -0.39068603515625 0.361358642578125
0.14874267578125 -0.171051025390625 -0.074951171875 0.33306884765625
-0.049835205078125 -0.183822631835937 0.0604400634765625 0.177963256835938
-0.14471435546875 -0.107177734375 0.0254878997802734 0.0312671661376953
-0.140884399414063 -0.128387451171875 -0.0304603576660156 -0.000757217407226569
-0.166580200195313 -0.129913330078125 -0.143142700195313 -0.00756835937500002
-0.082977294921875 -0.186309814453125 -0.205581665039063 -0.098785400390625
0.087738037109375 -0.197433471679688 -0.1649169921875 -0.284149169921875
0.229400634765625 -0.0655670166015625 0.01513671875 -0.481353759765625
0.134140014648438 0.175048828125 0.401824951171875 -0.428558349609375
-0.0391845703125 0.166671752929687 0.504241943359375 -0.1009521484375
-0.0773544311523437 0.0746994018554688 0.0992431640625 -0.00428009033203125
-0.131889343261719 0.0813980102539063 -0.112335205078125 -0.111015319824219
-0.0779266357421875 0.2015380859375 -0.491912841796875 -0.192596435546875
0.192718505859375 0.22576904296875 -0.56256103515625 0.11944580078125
0.250289916992188 -0.0261993408203125 -0.377532958984375 0.38311767578125
0.1141357421875 -0.21563720703125 -0.05914306640625 0.37542724609375
-0.0848236083984375 -0.188339233398437 0.10467529296875 0.225326538085937
-0.157699584960937 -0.100631713867188 0.0941925048828125 0.0574264526367188
-0.151809692382813 -0.123382568359375 0.0377655029296875 0.0201683044433594
-0.1650390625 -0.124008178710938 -0.08050537109375 0.0224533081054688
-0.0690155029296875 -0.167526245117188 -0.172500610351563 -0.060943603515625
0.0851287841796875 -0.154434204101563 -0.167587280273437 -0.26715087890625
0.181838989257813 -0.023101806640625 0.028564453125 -0.495849609375
0.0614776611328125 0.142196655273438 0.473541259765625 -0.436431884765625
-0.0567550659179688 0.0955429077148438 0.5728759765625 -0.047607421875
-0.052947998046875 0.0351829528808594 0.0920333862304688 0.03656005859375
-0.0985488891601562 0.0912017822265625 -0.129539489746094 -0.0300979614257813
-0.0189971923828125 0.181411743164063 -0.449188232421875 -0.092926025390625
0.199630737304688 0.150909423828125 -0.516021728515625 0.160186767578125
0.20172119140625 -0.070526123046875 -0.3448486328125 0.425994873046875
0.064483642578125 -0.205413818359375 -0.02227783203125 0.417755126953125
-0.095672607421875 -0.1580810546875 0.16644287109375 0.257553100585937
-0.14215087890625 -0.0794525146484375 0.16986083984375 0.0723114013671875
-0.1392822265625 -0.1007080078125 0.102996826171875 0.037811279296875
-0.141983032226563 -0.099945068359375 -0.0249252319335938 0.0489425659179687
-0.0560226440429688 -0.124923706054687 -0.142654418945313 -0.0401458740234375
0.0536575317382813 -0.101814270019531 -0.155929565429688 -0.27801513671875
0.102638244628906 -0.0111007690429688 0.085693359375 -0.51544189453125
0.0101203918457031 0.0641517639160156 0.5819091796875 -0.4010009765625
-0.0360794067382813 0.0196762084960938 0.63031005859375 0.0362548828125
-0.014251708984375 0.00721263885498047 0.089111328125 0.0685195922851563
-0.0486335754394531 0.0564537048339844 -0.131874084472656 0.0409164428710938
0.0126724243164062 0.09759521484375 -0.406402587890625 -0.00479125976562495
0.134452819824219 0.06787109375 -0.46783447265625 0.213043212890625
0.110969543457031 -0.0699234008789063 -0.287811279296875 0.4666748046875
0.0185928344726563 -0.140235900878906 0.0286865234375 0.442352294921875
-0.0747528076171875 -0.0968551635742187 0.2293701171875 0.266555786132813
-0.0962982177734375 -0.0464096069335938 0.234970092773437 0.0730743408203125
-0.103462219238281 -0.0623931884765625 0.15167236328125 0.0481109619140625
-0.1026611328125 -0.0618362426757812 0.0167083740234375 0.0623397827148437
-0.0515365600585937 -0.0716400146484375 -0.112205505371094 -0.0398025512695312
0.00532913208007813 -0.0650634765625 -0.118072509765625 -0.3037109375
0.0341300964355469 -0.0380592346191406 0.1741943359375 -0.51776123046875
0.0121383666992188 -0.0148439407348633 0.68145751953125 -0.31646728515625
0.0150260925292969 -0.0162982940673828 0.6632080078125 0.13238525390625
0.0258712768554688 0.00672721862792969 0.09161376953125 0.09613037109375
-0.0297966003417969 -0.054840087890625 -0.064056396484375 -0.177108764648438
-0.0877685546875 -0.03057861328125 -0.60052490234375 -0.2591552734375
-0.0715255737304687 0.0836944580078125 -0.520294189453125 0.199920654296875
0.009613037109375 0.0934906005859375 -0.239105224609375 0.456695556640625
0.0534629821777344 0.0611152648925781 0.0106430053710938 0.110382080078125
0.0809326171875 0.0389480590820313 0.00776672363281251 -0.0866546630859375
0.07958984375 -0.01300048828125 -0.150848388671875 -0.159561157226563
0.0766677856445313 -0.0191192626953125 -0.228302001953125 -0.148788452148438
0.0553665161132813 -0.0235557556152344 -0.273971557617188 -0.164352416992187
0.0334949493408203 -0.0170650482177734 -0.213897705078125 -0.253082275390625
0.0389862060546875 -0.00349044799804687 -0.098724365234375 -0.3311767578125
0.0420303344726563 0.00501632690429688 0.073760986328125 -0.414764404296875
-0.000478744506835936 0.0136137008666992 0.30291748046875 -0.387786865234375
0.0148696899414063 0.0262088775634766 0.42633056640625 -0.3504638671875
0.00318717956542969 0.0234184265136719 0.677734375 -0.33599853515625
-0.138114929199219 0.051788330078125 -0.0289154052734375 -0.239822387695313
-0.117752075195312 0.0528945922851562 -0.3695068359375 -0.290252685546875
-0.03753662109375 0.179916381835938 -0.507080078125 0.1015625
0.0778884887695313 0.13543701171875 -0.266265869140625 0.323760986328125
0.134803771972656 0.0260772705078125 -0.013519287109375 0.17803955078125
0.05712890625 -0.0387344360351563 0.00969123840332032 -0.0182552337646484
-0.00261688232421875 -0.0809173583984375 -0.167236328125 -0.11297607421875
-0.00787353515625001 -0.0981292724609375 -0.224166870117188 -0.102340698242188
-0.0448074340820313 -0.09716796875 -0.28790283203125 -0.123382568359375
-0.0204544067382812 -0.08343505859375 -0.267044067382812 -0.199356079101563
0.0522003173828125 -0.121559143066406 -0.1351318359375 -0.321807861328125
0.140151977539063 -0.0682907104492188 0.03411865234375 -0.43780517578125
0.138893127441406 0.080322265625 0.28369140625 -0.39990234375
0.0789947509765625 0.1859130859375 0.402984619140625 -0.29156494140625
-0.077239990234375 0.200088500976563 0.59356689453125 -0.36859130859375
-0.239059448242187 0.213668823242188 -0.0796356201171875 -0.239013671875
-0.140823364257813 0.133316040039063 -0.32855224609375 -0.342926025390625
0.07586669921875 0.296630859375 -0.41461181640625 -0.0644226074218749
0.22930908203125 0.140289306640625 -0.299285888671875 0.133148193359375
0.221359252929688 -0.0773468017578125 -0.0881805419921875 0.11956787109375
0.0496063232421875 -0.174102783203125 -0.0636672973632813 -0.0070648193359375
-0.086456298828125 -0.149642944335937 -0.160400390625 -0.0645751953125
-0.0928497314453126 -0.171966552734375 -0.197067260742188 -0.0677947998046875
-0.1375732421875 -0.158065795898438 -0.260955810546875 -0.08502197265625
-0.0827484130859375 -0.197021484375 -0.2401123046875 -0.162582397460938
0.0649261474609375 -0.23626708984375 -0.147552490234375 -0.2825927734375
0.250228881835938 -0.152679443359375 -0.012359619140625 -0.4287109375
0.284881591796875 0.13861083984375 0.26580810546875 -0.41754150390625
0.094940185546875 0.28448486328125 0.423187255859375 -0.332794189453125
-0.149078369140625 0.365020751953125 0.521331787109375 -0.294830322265625
-0.235824584960938 0.160552978515625 -0.173675537109375 -0.191925048828125
-0.128250122070313 0.261627197265625 -0.568359375 -0.30816650390625
0.061309814453125 0.253646850585938 -0.62921142578125 0.12103271484375
0.178665161132813 0.0878448486328125 -0.360382080078125 0.3851318359375
0.138656616210937 -0.101707458496094 -0.044921875 0.309356689453125
-0.0162811279296875 -0.139717102050781 0.0505447387695312 0.126113891601563
-0.11065673828125 -0.0866165161132812 -0.0274658203125 0.00236320495605468
-0.115447998046875 -0.103233337402344 -0.092193603515625 -0.0136566162109375
-0.145111083984375 -0.10064697265625 -0.202178955078125 -0.0160675048828125
-0.092498779296875 -0.156402587890625 -0.244140625 -0.121124267578125
0.052886962890625 -0.196151733398438 -0.179473876953125 -0.3079833984375
0.2078857421875 -0.109161376953125 -0.00152587890625001 -0.4769287109375
0.177627563476563 0.14068603515625 0.34344482421875 -0.418975830078125
0.00732421875 0.18939208984375 0.434173583984375 -0.157379150390625
-0.0691757202148438 0.0994796752929688 0.110198974609375 -0.0554275512695312
-0.130302429199219 0.0424423217773437 -0.101318359375 -0.168930053710938
-0.120269775390625 0.150527954101563 -0.5418701171875 -0.246490478515625
0.131103515625 0.235275268554688 -0.5938720703125 0.12908935546875
0.231185913085937 0.0256805419921875 -0.36016845703125 0.380859375
0.128753662109375 -0.175567626953125 -0.050933837890625 0.3333740234375
-0.061737060546875 -0.172225952148437 0.071533203125 0.171218872070313
-0.147079467773438 -0.089813232421875 0.024993896484375 0.0298233032226562
-0.147476196289063 -0.112136840820313 -0.0310649871826172 0.000820159912109368
-0.170547485351563 -0.11016845703125 -0.140945434570313 0.00428771972656252
-0.093414306640625 -0.169906616210938 -0.205734252929687 -0.081329345703125
0.070159912109375 -0.19476318359375 -0.180130004882813 -0.271041870117188
0.2156982421875 -0.079833984375 -0.0190429687499999 -0.473724365234375
0.140533447265625 0.15948486328125 0.367828369140625 -0.446380615234375
-0.0241546630859375 0.164169311523438 0.49346923828125 -0.1318359375
-0.0673751831054688 0.0742568969726563 0.0998001098632813 -0.00991058349609374
-0.121810913085938 0.0861587524414062 -0.121627807617188 -0.103729248046875
-0.0606689453125 0.1973876953125 -0.499298095703125 -0.159271240234375
0.202926635742188 0.200210571289063 -0.54827880859375 0.150177001953125
0.238937377929688 -0.0426483154296875 -0.34552001953125 0.402252197265625
0.0925750732421875 -0.216827392578125 -0.032196044921875 0.372039794921875
-0.0962982177734375 -0.175827026367188 0.117324829101562 0.212844848632813
-0.1600341796875 -0.0831451416015625 0.09393310546875 0.0492630004882812
-0.157974243164063 -0.106307983398437 0.0365791320800781 0.0143089294433594
-0.169586181640625 -0.104324340820313 -0.0775680541992188 0.0273208618164063
-0.07940673828125 -0.151824951171875 -0.170654296875 -0.048614501953125
0.070037841796875 -0.153076171875 -0.181259155273438 -0.254364013671875
0.171051025390625 -0.0363922119140625 -0.00408935546874997 -0.48876953125
0.0675888061523438 0.131034851074219 0.439422607421875 -0.4580078125
-0.0452346801757812 0.0949020385742188 0.5623779296875 -0.08319091796875
-0.0446319580078125 0.0344657897949219 0.0957717895507813 0.0301589965820313
-0.0894851684570313 0.09454345703125 -0.132522583007813 -0.0230178833007812
-0.00466918945312498 0.173736572265625 -0.449737548828125 -0.063232421875
0.205718994140625 0.128143310546875 -0.499786376953125 0.18951416015625
0.189346313476563 -0.0825347900390625 -0.308868408203125 0.4404296875
0.045135498046875 -0.20416259765625 0.00717163085937502 0.410888671875
-0.104705810546875 -0.145767211914063 0.180984497070313 0.2396240234375
-0.143875122070313 -0.064727783203125 0.168853759765625 0.056671142578125
-0.144729614257812 -0.08575439453125 0.100852966308594 0.0263214111328125
-0.14599609375 -0.083343505859375 -0.0217094421386719 0.0472564697265625
-0.0643768310546875 -0.112937927246094 -0.139907836914063 -0.0323486328125
0.0423812866210938 -0.101158142089844 -0.168853759765625 -0.266830444335938
0.0957107543945313 -0.0203323364257813 0.05267333984375 -0.513153076171875
0.0136299133300781 0.05841064453125 0.54608154296875 -0.427734375
-0.0289039611816406 0.0200614929199219 0.622802734375 -0.0042724609375
-0.00908851623535156 0.00600624084472656 0.0954132080078125 0.0618820190429688
-0.0434303283691406 0.0574722290039063 -0.130439758300781 0.0464630126953125
0.01953125 0.0914993286132813 -0.40106201171875 0.02099609375
0.136726379394531 0.0529632568359375 -0.448394775390625 0.23907470703125
0.10223388671875 -0.07568359375 -0.2509765625 0.477508544921875
0.00645446777343751 -0.137718200683594 0.05810546875 0.431243896484375
-0.0800933837890625 -0.0889892578125 0.242401123046875 0.243576049804688
-0.0981292724609375 -0.0375518798828125 0.231704711914063 0.0520477294921875
-0.107597351074219 -0.0519027709960937 0.149566650390625 0.03155517578125
-0.105705261230469 -0.0501861572265625 0.0206031799316406 0.0561752319335938
-0.0555572509765625 -0.0637245178222656 -0.10980224609375 -0.035430908203125
-0.00125122070312499 -0.0631523132324219 -0.1328125 -0.29443359375
0.0293540954589844 -0.0416908264160156 0.1395263671875 -0.5172119140625
0.0113239288330078 -0.0175933837890625 0.64935302734375 -0.35205078125
0.0181541442871094 -0.0163841247558594 0.6607666015625 0.08868408203125
0.0292415618896484 0.00364494323730469 0.10028076171875 0.0888442993164063
-0.0342597961425781 -0.0525779724121094 -0.076751708984375 -0.169143676757812
-0.0872802734375 -0.026214599609375 -0.5977783203125 -0.22686767578125
-0.066864013671875 0.0846328735351563 -0.520660400390625 0.2144775390625
0.0134353637695312 0.0902099609375 -0.22589111328125 0.47650146484375
0.0553741455078125 0.0550270080566406 -0.0125198364257812 0.1253662109375
0.0939865112304688 0.0388641357421875 -0.0152664184570312 -0.0597610473632813
0.076080322265625 -0.0188751220703125 -0.166030883789063 -0.122329711914063
0.0723724365234375 -0.0255966186523438 -0.241836547851563 -0.111160278320313
0.05364990234375 -0.0255279541015625 -0.28948974609375 -0.129913330078125
0.0291252136230469 -0.0140151977539063 -0.230438232421875 -0.233184814453125
0.0331363677978516 -0.00358200073242188 -0.10845947265625 -0.32598876953125
0.0358734130859375 -8.392333984375E-05 0.060516357421875 -0.407196044921875
-0.00418758392333984 0.0110759735107422 0.277008056640625 -0.374542236328125
0.0165004730224609 0.0185470581054688 0.376739501953125 -0.346893310546875
0.00932884216308594 0.0178909301757813 0.59869384765625 -0.39990234375
-0.116256713867188 0.0526885986328125 -0.053192138671875 -0.2371826171875
-0.104812622070312 0.0433197021484375 -0.378204345703125 -0.289276123046875
-0.0233001708984375 0.16558837890625 -0.474395751953125 0.0767517089843749
0.0834503173828125 0.122062683105469 -0.259124755859375 0.315643310546875
0.1273193359375 0.0127716064453125 -0.0179290771484375 0.18609619140625
0.0552520751953125 -0.0387916564941406 -0.0219707489013672 -0.0135593414306641
-0.00916290283203125 -0.0712127685546875 -0.169952392578125 -0.077850341796875
-0.0187759399414062 -0.0898971557617188 -0.227096557617187 -0.0709686279296875
-0.0505447387695313 -0.0835418701171875 -0.294769287109375 -0.089752197265625
-0.024932861328125 -0.0762710571289062 -0.26763916015625 -0.17718505859375
0.0360565185546875 -0.116462707519531 -0.143585205078125 -0.311370849609375
0.127891540527344 -0.0802230834960938 0.014434814453125 -0.4278564453125
0.133514404296875 0.0638351440429688 0.2576904296875 -0.391326904296875
0.091033935546875 0.162689208984375 0.359710693359375 -0.339141845703125
-0.046295166015625 0.194869995117187 0.5130615234375 -0.41168212890625
-0.181137084960937 0.226104736328125 -0.097198486328125 -0.232131958007813
-0.115310668945313 0.126785278320313 -0.35748291015625 -0.3453369140625
0.100570678710938 0.255767822265625 -0.4495849609375 -0.0663146972656249
0.222915649414063 0.10205078125 -0.32611083984375 0.1534423828125
0.192230224609375 -0.097747802734375 -0.101951599121094 0.140449523925781
0.0234832763671875 -0.163803100585938 -0.0701332092285156 0.020263671875
-0.0997467041015625 -0.125167846679687 -0.16058349609375 -0.033905029296875
-0.110626220703125 -0.148345947265625 -0.199447631835938 -0.04083251953125
-0.14715576171875 -0.129287719726562 -0.266204833984375 -0.056915283203125
-0.099517822265625 -0.172149658203125 -0.245773315429688 -0.144546508789062
0.03515625 -0.22607421875 -0.1561279296875 -0.276748657226563
0.21875 -0.1702880859375 -0.029144287109375 -0.415740966796875
0.278167724609375 0.100692749023438 0.2457275390625 -0.40869140625
0.106582641601563 0.25384521484375 0.384002685546875 -0.335540771484375
-0.0911865234375 0.350677490234375 0.456939697265625 -0.333831787109375
-0.201065063476563 0.166854858398437 -0.173858642578125 -0.177276611328125
-0.085723876953125 0.25469970703125 -0.5693359375 -0.27716064453125
0.0715789794921875 0.231521606445313 -0.60992431640625 0.1402587890625
0.171890258789063 0.075592041015625 -0.3369140625 0.391326904296875
0.124977111816406 -0.102294921875 -0.0308837890625 0.304473876953125
-0.0222930908203125 -0.129829406738281 0.0542755126953125 0.121772766113281
-0.109428405761719 -0.0736007690429687 -0.027801513671875 0.00648880004882812
-0.116439819335938 -0.09112548828125 -0.0908203125 -0.00699615478515627
-0.142974853515625 -0.0860748291015625 -0.195083618164063 -0.00199890136718751
-0.0949554443359375 -0.14093017578125 -0.239181518554688 -0.102951049804687
0.0406951904296875 -0.188064575195313 -0.188201904296875 -0.292938232421875
0.19287109375 -0.114852905273438 -0.02447509765625 -0.460723876953125
0.175186157226563 0.127410888671875 0.315948486328125 -0.41949462890625
0.0171661376953125 0.182403564453125 0.41741943359375 -0.170989990234375
-0.0607070922851562 0.0963897705078125 0.107406616210938 -0.0570220947265625
-0.121795654296875 0.0453414916992188 -0.109298706054688 -0.160568237304688
-0.107894897460937 0.14453125 -0.538848876953125 -0.21697998046875
0.135910034179688 0.213729858398438 -0.5750732421875 0.14825439453125
0.219955444335937 0.0137786865234375 -0.3341064453125 0.386016845703125
0.111343383789063 -0.172821044921875 -0.033935546875 0.32659912109375
-0.068115234375 -0.159500122070312 0.0773162841796875 0.162933349609375
-0.144607543945313 -0.0753173828125 0.0238227844238281 0.0286235809326172
-0.148666381835938 -0.09710693359375 -0.0317745208740234 0.00213050842285156
-0.168502807617188 -0.092529296875 -0.135719299316406 0.0127716064453125
-0.09619140625 -0.153549194335938 -0.200469970703125 -0.068084716796875
0.05712890625 -0.1873779296875 -0.187347412109375 -0.25726318359375
0.20001220703125 -0.0870513916015625 -0.039825439453125 -0.457733154296875
0.140792846679688 0.145263671875 0.33941650390625 -0.447723388671875
-0.0135345458984375 0.1572265625 0.476043701171875 -0.149322509765625
-0.0587310791015625 0.0713043212890625 0.0989761352539063 -0.0132598876953125
-0.111923217773437 0.0885772705078125 -0.125381469726563 -0.0969085693359375
-0.0491180419921875 0.189102172851562 -0.49371337890625 -0.13250732421875
0.203750610351563 0.177154541015625 -0.52899169921875 0.16876220703125
0.225311279296875 -0.051544189453125 -0.318115234375 0.40484619140625
0.0752105712890625 -0.211776733398438 -0.013702392578125 0.361724853515625
-0.101119995117188 -0.162063598632813 0.123580932617187 0.200149536132813
-0.15716552734375 -0.0685272216796875 0.0908432006835937 0.0429458618164062
-0.1591796875 -0.0903472900390625 0.0334606170654297 0.0106163024902344
-0.16827392578125 -0.0868072509765625 -0.0739212036132813 0.0301284790039062
-0.0829010009765625 -0.137359619140625 -0.165252685546875 -0.0401763916015625
0.0576324462890625 -0.147430419921875 -0.186477661132813 -0.24273681640625
0.158157348632813 -0.044342041015625 -0.025115966796875 -0.47412109375
0.0695343017578125 0.119949340820313 0.40814208984375 -0.460357666015625
-0.0349884033203125 0.0906448364257813 0.544891357421875 -0.103790283203125
-0.03802490234375 0.0321922302246094 0.0963363647460938 0.0253753662109375
-0.0805816650390625 0.0955886840820313 -0.131889343261719 -0.01849365234375
0.00361633300781249 0.164688110351563 -0.440582275390625 -0.04327392578125
0.20367431640625 0.108673095703125 -0.4786376953125 0.2054443359375
0.177032470703125 -0.0881195068359375 -0.27996826171875 0.439422607421875
0.0314178466796875 -0.197372436523438 0.027099609375 0.3968505859375
-0.107902526855469 -0.134437561035156 0.185226440429687 0.22198486328125
-0.140914916992188 -0.0528717041015625 0.16326904296875 0.045166015625
-0.145599365234375 -0.07183837890625 0.0960693359375 0.017242431640625
-0.144790649414062 -0.068450927734375 -0.0188217163085938 0.0448036193847656
-0.0670166015625 -0.100936889648438 -0.134544372558594 -0.0273895263671875
0.0334930419921875 -0.096710205078125 -0.17449951171875 -0.255508422851563
0.0873870849609375 -0.0256423950195313 0.0307617187500001 -0.499114990234375
0.0155982971191406 0.0525627136230469 0.51373291015625 -0.43536376953125
-0.0218105316162109 0.0185985565185547 0.6070556640625 -0.03076171875
-0.00469350814819336 0.00364780426025391 0.0984878540039063 0.05615234375
-0.0388755798339844 0.0581932067871094 -0.127044677734375 0.0485153198242188
0.024017333984375 0.0844497680664063 -0.390045166015625 0.0368041992187501
0.134597778320312 0.0401535034179687 -0.424896240234375 0.25103759765625
0.0941696166992188 -0.0775070190429688 -0.222320556640625 0.473052978515625
-0.0026397705078125 -0.132728576660156 0.07696533203125 0.414306640625
-0.08197021484375 -0.0820083618164063 0.245590209960937 0.222991943359375
-0.0965805053710938 -0.0301055908203125 0.223968505859375 0.0365753173828125
-0.107696533203125 -0.0424041748046875 0.14404296875 0.0198211669921875
-0.105087280273438 -0.0401763916015625 0.0225296020507812 0.0498428344726563
-0.0567626953125 -0.0559005737304688 -0.104667663574219 -0.0333633422851562
-0.00609207153320312 -0.0600357055664063 -0.139923095703125 -0.284698486328125
0.0239944458007813 -0.04339599609375 0.115753173828125 -0.50689697265625
0.0110588073730469 -0.0189723968505859 0.61761474609375 -0.3634033203125
0.0215358734130859 -0.0167102813720703 0.645263671875 0.05767822265625
0.0308876037597656 0.00126075744628906 0.104713439941406 0.08294677734375
-0.0369720458984375 -0.0503311157226563 -0.0846710205078125 -0.163909912109375
-0.0861892700195312 -0.0234832763671875 -0.59100341796875 -0.21136474609375
-0.0638427734375 0.08489990234375 -0.5191650390625 0.21624755859375
0.0145339965820312 0.0885086059570313 -0.222442626953125 0.489471435546875
0.0558357238769531 0.0523414611816406 -0.0308685302734375 0.145965576171875
0.0986404418945312 0.0333786010742188 -0.0288276672363281 -0.0307044982910156
0.0727920532226563 -0.0216293334960938 -0.170867919921875 -0.0892181396484375
0.0683860778808594 -0.0286521911621094 -0.245513916015625 -0.079345703125
0.0523414611816406 -0.0266990661621094 -0.296875 -0.099456787109375
0.0273399353027344 -0.0101642608642578 -0.241073608398438 -0.217086791992188
0.0281620025634766 -0.0012969970703125 -0.11492919921875 -0.323883056640625
0.0293254852294922 -0.00229835510253906 0.054046630859375 -0.40155029296875
-0.00875568389892578 0.0107593536376953 0.26544189453125 -0.358367919921875
0.0154056549072266 0.0126943588256836 0.345489501953125 -0.331939697265625
0.0126943588256836 0.0119113922119141 0.526092529296875 -0.428619384765625
-0.0999526977539063 0.0573959350585938 -0.070770263671875 -0.233795166015625
-0.0960006713867188 0.0360107421875 -0.39080810546875 -0.294158935546875
-0.016754150390625 0.152084350585938 -0.501983642578125 0.09820556640625
0.0826187133789063 0.110191345214844 -0.263519287109375 0.311737060546875
0.117416381835937 0.0050506591796875 -0.0248260498046875 0.194183349609375
0.0528526306152344 -0.037322998046875 -0.0417366027832031 0.00527191162109374
-0.0108299255371094 -0.0609550476074219 -0.171005249023438 -0.049285888671875
-0.02435302734375 -0.0795822143554688 -0.222763061523438 -0.0467376708984375
-0.0519638061523437 -0.0713348388671875 -0.296966552734375 -0.0631408691406249
-0.0287551879882812 -0.0712966918945313 -0.265731811523438 -0.162124633789063
0.0245132446289063 -0.109687805175781 -0.15057373046875 -0.307525634765625
0.116851806640625 -0.0888900756835938 0.00537109375 -0.416046142578125
0.128936767578125 0.0530242919921875 0.245941162109375 -0.38055419921875
0.0946044921875 0.142822265625 0.325439453125 -0.343475341796875
-0.02484130859375 0.183746337890625 0.45037841796875 -0.44110107421875
-0.1309814453125 0.227706909179688 -0.109100341796875 -0.22711181640625
-0.0993499755859375 0.112518310546875 -0.3829345703125 -0.350372314453125
0.110244750976563 0.219223022460938 -0.4842529296875 -0.0639648437500001
0.209503173828125 0.074310302734375 -0.348968505859375 0.175079345703125
0.166259765625 -0.107086181640625 -0.111587524414063 0.162811279296875
0.00668334960937501 -0.150588989257813 -0.0702781677246094 0.04461669921875
-0.104278564453125 -0.103889465332031 -0.155364990234375 -0.00918579101562498
-0.120132446289062 -0.12640380859375 -0.19677734375 -0.019683837890625
-0.149276733398438 -0.10565185546875 -0.266815185546875 -0.0333099365234376
-0.106826782226563 -0.148849487304688 -0.248199462890625 -0.130630493164063
0.0141143798828125 -0.213287353515625 -0.161773681640625 -0.275466918945313
0.1920166015625 -0.177169799804687 -0.0369873046875 -0.408843994140625
0.265228271484375 0.07440185546875 0.235687255859375 -0.399749755859375
0.104339599609375 0.227752685546875 0.359527587890625 -0.32879638671875
-0.05084228515625 0.331817626953125 0.401214599609375 -0.345916748046875
-0.175277709960938 0.214614868164062 -0.171142578125 -0.16937255859375
-0.0556793212890625 0.238128662109375 -0.565185546875 -0.2626953125
0.0744476318359375 0.21551513671875 -0.600341796875 0.1448974609375
0.164352416992188 0.068115234375 -0.323333740234375 0.389373779296875
0.114219665527344 -0.0999755859375 -0.023406982421875 0.300537109375
-0.0250701904296875 -0.121978759765625 0.0557479858398438 0.120429992675781
-0.106414794921875 -0.0638504028320312 -0.0283203125 0.009979248046875
-0.11639404296875 -0.0812835693359375 -0.089630126953125 -0.00294494628906252
-0.139724731445313 -0.07623291015625 -0.1888427734375 0.00679016113281252
-0.0930633544921875 -0.129714965820313 -0.232666015625 -0.0926513671875
0.0344085693359375 -0.18048095703125 -0.19158935546875 -0.283599853515625
0.181808471679688 -0.11541748046875 -0.035797119140625 -0.449371337890625
0.171768188476563 0.119552612304688 0.300811767578125 -0.416717529296875
0.022857666015625 0.175857543945313 0.408538818359375 -0.175811767578125
-0.0564956665039063 0.09222412109375 0.106658935546875 -0.0572509765625
-0.114509582519531 0.0463333129882812 -0.112686157226563 -0.155975341796875
-0.100418090820312 0.138450622558594 -0.53509521484375 -0.20263671875
0.135269165039063 0.197982788085938 -0.564208984375 0.15496826171875
0.210906982421875 0.0077972412109375 -0.3203125 0.385711669921875
0.0997772216796875 -0.168533325195313 -0.025146484375 0.321319580078125
-0.070404052734375 -0.149490356445313 0.0796966552734375 0.157608032226563
-0.140335083007812 -0.0649795532226563 0.0223617553710937 0.0285968780517578
-0.147689819335938 -0.0859832763671875 -0.0324878692626953 0.00341606140136718
-0.1650390625 -0.0806884765625 -0.130752563476563 0.0188827514648437
-0.0955963134765625 -0.140731811523438 -0.194580078125 -0.06072998046875
0.0492401123046875 -0.1798095703125 -0.190444946289062 -0.249969482421875
0.188156127929688 -0.0890045166015625 -0.049774169921875 -0.44525146484375
0.138359069824219 0.136039733886719 0.325927734375 -0.443267822265625
-0.005950927734375 0.151153564453125 0.4659423828125 -0.1573486328125
-0.0534782409667969 0.068145751953125 0.0986175537109375 -0.013946533203125
-0.10400390625 0.0884780883789063 -0.126327514648438 -0.0936126708984375
-0.0427398681640625 0.180465698242188 -0.4886474609375 -0.1209716796875
0.2000732421875 0.16192626953125 -0.51763916015625 0.17529296875
0.216110229492188 -0.055938720703125 -0.302032470703125 0.403778076171875
0.06402587890625 -0.206024169921875 -0.00350952148437498 0.35455322265625
-0.102951049804687 -0.152114868164063 0.12677001953125 0.1917724609375
-0.152557373046875 -0.05889892578125 0.0877304077148437 0.039276123046875
-0.1580810546875 -0.0791168212890625 0.0309581756591797 0.00858116149902343
-0.16448974609375 -0.07489013671875 -0.070892333984375 0.0323257446289062
-0.082733154296875 -0.125823974609375 -0.159164428710938 -0.036224365234375
0.0501861572265625 -0.141204833984375 -0.188568115234375 -0.2369384765625
0.147842407226563 -0.04705810546875 -0.033935546875 -0.461700439453125
0.0695571899414062 0.111892700195313 0.393463134765625 -0.456268310546875
-0.0272750854492188 0.0857315063476563 0.532562255859375 -0.114105224609375
-0.0337009429931641 0.0293445587158203 0.09674072265625 0.0236892700195313
-0.073822021484375 0.0958175659179688 -0.131523132324219 -0.0172271728515625
0.00807189941406251 0.15716552734375 -0.434112548828125 -0.0337219238281251
0.199676513671875 0.095916748046875 -0.467254638671875 0.2099609375
0.168853759765625 -0.08929443359375 -0.26531982421875 0.43682861328125
0.02239990234375 -0.192184448242187 0.03631591796875 0.386871337890625
-0.108718872070312 -0.126190185546875 0.187255859375 0.210906982421875
-0.137664794921875 -0.0452117919921875 0.158004760742188 0.0383758544921875
-0.144973754882813 -0.0618133544921875 0.0917587280273437 0.0116653442382812
-0.142410278320313 -0.05828857421875 -0.0174407958984375 0.0429496765136719
-0.0672760009765625 -0.0917129516601563 -0.129676818847656 -0.0266342163085938
0.0279464721679688 -0.0923080444335938 -0.175537109375 -0.25128173828125
0.079925537109375 -0.0281829833984375 0.02197265625 -0.48846435546875
0.0165977478027344 0.047454833984375 0.498626708984375 -0.433074951171875
-0.015284538269043 0.0155096054077148 0.59393310546875 -0.042236328125
-0.000872969627380371 0.00199604034423828 0.0997467041015625 0.0543670654296875
-0.0346946716308594 0.0592308044433594 -0.124984741210938 0.04833984375
0.0252151489257812 0.0787811279296875 -0.3824462890625 0.0433349609375001
0.131439208984375 0.0322036743164063 -0.41131591796875 0.25408935546875
0.0887222290039063 -0.0774383544921875 -0.20660400390625 0.467376708984375
-0.00776672363281249 -0.128303527832031 0.0867919921875 0.402923583984375
-0.0816192626953125 -0.0777206420898437 0.244674682617187 0.210525512695313
-0.0942764282226563 -0.025177001953125 0.215988159179688 0.0278167724609375
-0.107734680175781 -0.0356979370117187 0.138717651367188 0.011566162109375
-0.103790283203125 -0.0330734252929687 0.0235557556152344 0.0450210571289063
-0.0559425354003906 -0.0499420166015625 -0.10064697265625 -0.035003662109375
-0.008819580078125 -0.0568046569824219 -0.141464233398438 -0.27960205078125
0.0196762084960937 -0.0437736511230469 0.105712890625 -0.497314453125
0.0118293762207031 -0.0205650329589844 0.5975341796875 -0.363525390625
0.0257530212402344 -0.0180320739746094 0.6314697265625 0.045654296875
0.0320034027099609 0.00025177001953125 0.107826232910156 0.0810317993164063
-0.0396537780761719 -0.0488166809082031 -0.0927276611328125 -0.161636352539062
-0.086700439453125 -0.0223464965820313 -0.59722900390625 -0.20721435546875
-0.0631484985351562 0.0861282348632813 -0.53082275390625 0.219879150390625
0.01519775390625 0.0883636474609375 -0.22271728515625 0.498291015625
0.0563583374023438 0.0523910522460938 -0.044158935546875 0.171661376953125
0.100914001464844 0.0274810791015625 -0.0345821380615234 -0.00144767761230468
0.0718460083007813 -0.02325439453125 -0.171371459960938 -0.0604400634765625
0.06585693359375 -0.0312461853027344 -0.247726440429688 -0.0516204833984375
0.0512199401855469 -0.0285682678222656 -0.302215576171875 -0.07318115234375
0.0272331237792969 -0.00551414489746094 -0.251678466796875 -0.203765869140625
0.0256137847900391 0.00274848937988281 -0.123626708984375 -0.328582763671875
0.0241889953613281 -0.0018768310546875 0.051788330078125 -0.403656005859375
-0.0132818222045898 0.0119037628173828 0.267059326171875 -0.34814453125
0.0131826400756836 0.00836467742919922 0.329315185546875 -0.318359375
0.013768196105957 0.00650691986083984 0.46820068359375 -0.446563720703125
-0.0854644775390625 0.0567703247070313 -0.0865020751953125 -0.236572265625
-0.075897216796875 0.04656982421875 -0.41693115234375 -0.30023193359375
-0.0154571533203125 0.1414794921875 -0.512451171875 0.0860290527343751
0.07818603515625 0.103927612304688 -0.2769775390625 0.306304931640625
0.109878540039063 0.0015716552734375 -0.027557373046875 0.2098388671875
0.0522041320800781 -0.0356521606445313 -0.0466957092285156 0.0283393859863281
-0.0105819702148438 -0.0530433654785156 -0.173614501953125 -0.023040771484375
-0.0270156860351563 -0.0711746215820313 -0.21759033203125 -0.02880859375
-0.0519142150878906 -0.06317138671875 -0.299163818359375 -0.04046630859375
-0.0326347351074219 -0.0677986145019531 -0.267837524414063 -0.153610229492187
0.0163040161132812 -0.103866577148438 -0.156829833984375 -0.310302734375
0.105308532714844 -0.0944900512695313 -0.000518798828124984 -0.41754150390625
0.12432861328125 0.0461044311523438 0.2440185546875 -0.373260498046875
0.0953216552734375 0.128799438476563 0.313262939453125 -0.331207275390625
-0.00906372070312499 0.173629760742188 0.398681640625 -0.45306396484375
-0.092498779296875 0.215286254882812 -0.119857788085937 -0.226593017578125
-0.0864181518554688 0.103904724121094 -0.414520263671875 -0.356781005859375
0.113204956054688 0.189910888671875 -0.52325439453125 -0.05706787109375
0.1951904296875 0.0543365478515625 -0.373016357421875 0.201751708984375
0.143478393554688 -0.110610961914063 -0.11712646484375 0.18756103515625
-0.00538635253906251 -0.137519836425781 -0.067230224609375 0.0676918029785156
-0.105117797851562 -0.0858612060546875 -0.149520874023438 0.0104827880859375
-0.125801086425781 -0.107376098632813 -0.19390869140625 -0.00228881835937498
-0.1494140625 -0.08709716796875 -0.268112182617188 -0.0135345458984375
-0.108283996582031 -0.130752563476563 -0.25201416015625 -0.12115478515625
-0.000244140624999997 -0.202117919921875 -0.168685913085937 -0.2796630859375
0.170883178710937 -0.179901123046875 -0.041656494140625 -0.4068603515625
0.253082275390625 0.056732177734375 0.237152099609375 -0.396820068359375
0.104461669921875 0.21319580078125 0.346038818359375 -0.3231201171875
-0.020294189453125 0.3170166015625 0.361053466796875 -0.354156494140625
-0.131942749023438 0.263320922851563 -0.170242309570312 -0.167617797851563
-0.02569580078125 0.225509643554687 -0.568603515625 -0.25823974609375
0.0761566162109375 0.2044677734375 -0.60260009765625 0.151123046875
0.16021728515625 0.063995361328125 -0.321258544921875 0.3944091796875
0.107337951660156 -0.0984344482421875 -0.01947021484375 0.304046630859375
-0.02764892578125 -0.116790771484375 0.0580902099609375 0.121536254882812
-0.103744506835937 -0.0572738647460938 -0.0292015075683594 0.0136127471923828
-0.1171875 -0.0746002197265625 -0.0903778076171875 0.000877380371093748
-0.138618469238281 -0.0691452026367188 -0.185531616210938 0.013427734375
-0.0924301147460938 -0.122711181640625 -0.230545043945313 -0.0872039794921876
0.03094482421875 -0.176910400390625 -0.197723388671875 -0.2821044921875
0.175796508789063 -0.116226196289062 -0.043182373046875 -0.44573974609375
0.17144775390625 0.116180419921875 0.29888916015625 -0.41748046875
0.0268707275390625 0.172836303710938 0.407928466796875 -0.18084716796875
-0.0542449951171875 0.0906524658203125 0.108451843261719 -0.057220458984375
-0.109367370605469 0.0471954345703125 -0.116043090820313 -0.155792236328125
-0.0967864990234375 0.133903503417969 -0.5394287109375 -0.197998046875
0.13470458984375 0.18878173828125 -0.5665283203125 0.1605224609375
0.206283569335938 0.0040283203125 -0.317962646484375 0.389739990234375
0.0916748046875 -0.166275024414063 -0.01947021484375 0.32159423828125
-0.0728912353515625 -0.14434814453125 0.082550048828125 0.157318115234375
-0.137977600097656 -0.0581893920898438 0.0216140747070312 0.0299530029296875
-0.148818969726563 -0.0777587890625 -0.0339298248291016 0.00478172302246094
-0.163742065429687 -0.0723114013671875 -0.128829956054688 0.023468017578125
-0.0945281982421875 -0.133285522460938 -0.192474365234375 -0.0571746826171875
0.044677734375 -0.175369262695313 -0.194671630859375 -0.249618530273438
0.181488037109375 -0.0897369384765625 -0.054931640625 -0.4434814453125
0.137779235839844 0.13153076171875 0.3231201171875 -0.44573974609375
-0.000503540039062508 0.1466064453125 0.465118408203125 -0.16278076171875
-0.0507087707519531 0.0663909912109375 0.101028442382813 -0.013702392578125
-0.0979385375976562 0.0897903442382813 -0.12945556640625 -0.0942230224609375
-0.0395355224609375 0.176055908203125 -0.491302490234375 -0.11590576171875
0.1988525390625 0.152938842773438 -0.518157958984375 0.180694580078125
0.21087646484375 -0.0591583251953125 -0.297271728515625 0.40850830078125
0.0570220947265625 -0.203887939453125 0.00256347656249999 0.353912353515625
-0.10552978515625 -0.14703369140625 0.130615234375 0.188720703125
-0.150527954101563 -0.05230712890625 0.0864715576171875 0.0375137329101563
-0.158554077148438 -0.070770263671875 0.0286903381347656 0.00742721557617187
-0.163787841796875 -0.066253662109375 -0.0691184997558594 0.0343742370605469
-0.0817947387695313 -0.118339538574219 -0.1571044921875 -0.035064697265625
0.0456466674804688 -0.137176513671875 -0.19189453125 -0.23785400390625
0.141464233398437 -0.048187255859375 -0.03778076171875 -0.460845947265625
0.069549560546875 0.1077880859375 0.3919677734375 -0.45843505859375
-0.021575927734375 0.0811233520507813 0.532928466796875 -0.11920166015625
-0.0298938751220703 0.0280857086181641 0.099334716796875 0.0241775512695313
-0.0683517456054688 0.0969390869140625 -0.133445739746094 -0.0182723999023437
0.00979614257812501 0.152389526367188 -0.43682861328125 -0.0290527343750001
0.198562622070312 0.0885467529296875 -0.467041015625 0.21771240234375
0.165756225585938 -0.091461181640625 -0.25787353515625 0.4404296875
0.0160675048828125 -0.189346313476563 0.044158935546875 0.38470458984375
-0.110366821289063 -0.122093200683594 0.191162109375 0.205657958984375
-0.136054992675781 -0.0401382446289063 0.155532836914063 0.0345001220703125
-0.145858764648437 -0.054840087890625 0.0893783569335937 0.00803375244140625
-0.142333984375 -0.0505523681640625 -0.0160675048828125 0.0415878295898437
-0.0667648315429688 -0.0861358642578125 -0.127265930175781 -0.0289230346679688
0.0239105224609375 -0.08941650390625 -0.1785888671875 -0.252304077148438
0.0742721557617188 -0.0302047729492188 0.019317626953125 -0.48663330078125
0.0180320739746094 0.0431442260742188 0.496429443359375 -0.43377685546875
-0.00961589813232422 0.0119085311889648 0.59442138671875 -0.04766845703125
0.00212574005126953 0.00130343437194824 0.10272216796875 0.0555267333984375
-0.0312690734863281 0.0604400634765625 -0.126052856445313 0.0477371215820312
0.02606201171875 0.0756759643554688 -0.383331298828125 0.04644775390625
0.130035400390625 0.027435302734375 -0.41131591796875 0.25787353515625
0.0867691040039063 -0.0790634155273438 -0.200103759765625 0.468017578125
-0.0120086669921875 -0.126556396484375 0.0943603515625 0.40069580078125
-0.0830154418945313 -0.0749435424804687 0.248397827148437 0.204238891601563
-0.0937728881835938 -0.0227508544921875 0.212875366210938 0.02215576171875
-0.108833312988281 -0.0307159423828125 0.135391235351563 0.0059051513671875
-0.103187561035156 -0.02825927734375 0.0240097045898437 0.04119873046875
-0.0559844970703125 -0.0467567443847656 -0.098358154296875 -0.0383224487304687
-0.0108566284179688 -0.0556411743164063 -0.144287109375 -0.28204345703125
0.0155372619628906 -0.0456428527832031 0.103363037109375 -0.49578857421875
0.0138435363769531 -0.0229072570800781 0.59759521484375 -0.3665771484375
0.0304412841796875 -0.0203266143798828 0.63165283203125 0.03936767578125
0.0341358184814453 4.9591064453125E-05 0.112030029296875 0.0821304321289063
-0.0425872802734375 -0.0477409362792969 -0.103729248046875 -0.16131591796875
-0.0887603759765625 -0.0208892822265625 -0.6151123046875 -0.19952392578125
-0.0616836547851562 0.089263916015625 -0.5484619140625 0.23309326171875
0.0161895751953125 0.0909957885742188 -0.223175048828125 0.5164794921875
0.05877685546875 0.0533409118652344 -0.0367584228515625 0.205612182617188
0.104362487792969 0.0214767456054688 -0.0335731506347656 0.0271701812744141
0.0728607177734375 -0.0262603759765625 -0.170211791992188 -0.03228759765625
0.0640945434570313 -0.0340614318847656 -0.249923706054688 -0.0238037109375
0.0514678955078125 -0.0305709838867187 -0.30926513671875 -0.0455322265625
0.0291061401367188 -0.00186347961425781 -0.265884399414063 -0.19036865234375
0.0240745544433594 0.00652313232421875 -0.13958740234375 -0.336090087890625
0.0186252593994141 -0.00102615356445313 0.045501708984375 -0.41314697265625
-0.0164947509765625 0.0150012969970703 0.270263671875 -0.349639892578125
0.0108833312988281 0.00516891479492188 0.32110595703125 -0.3134765625
0.0139560699462891 0.00117588043212891 0.41851806640625 -0.465362548828125
-0.0743331909179688 0.054901123046875 -0.104995727539062 -0.237762451171875
-0.0658340454101563 0.0428085327148437 -0.45355224609375 -0.301116943359375
-0.0155563354492188 0.1348876953125 -0.53509521484375 0.083526611328125
0.0742721557617188 0.100074768066406 -0.29608154296875 0.312347412109375
0.104049682617187 -0.0013427734375 -0.0302734375 0.226531982421875
0.0520057678222656 -0.0365180969238281 -0.0429534912109375 0.0510978698730469
-0.0105476379394531 -0.0483055114746094 -0.16802978515625 0.000289916992187483
-0.0266647338867188 -0.0630149841308594 -0.20989990234375 -0.0125885009765625
-0.0523109436035156 -0.0554313659667969 -0.30194091796875 -0.015472412109375
-0.0396080017089844 -0.0632820129394531 -0.274337768554688 -0.14501953125
0.0099334716796875 -0.0981216430664063 -0.17120361328125 -0.3150634765625
0.0950851440429688 -0.0966644287109375 -0.00982666015625 -0.424468994140625
0.121566772460937 0.041107177734375 0.24462890625 -0.37786865234375
0.096038818359375 0.118240356445313 0.311492919921875 -0.326934814453125
0.00384521484374999 0.164840698242188 0.35107421875 -0.4644775390625
-0.060333251953125 0.200698852539062 -0.134414672851563 -0.228195190429688
-0.0817718505859375 0.0902633666992188 -0.453338623046875 -0.360198974609375
0.11529541015625 0.166183471679688 -0.56744384765625 -0.0389404296875001
0.183547973632813 0.03863525390625 -0.39276123046875 0.237884521484375
0.123092651367188 -0.112571716308594 -0.11724853515625 0.216812133789063
-0.0147628784179688 -0.126548767089844 -0.0593414306640625 0.0890884399414062
-0.105178833007813 -0.0709304809570313 -0.14300537109375 0.02886962890625
-0.130973815917969 -0.08978271484375 -0.193405151367188 0.015594482421875
-0.150283813476563 -0.0712890625 -0.269866943359375 0.00856018066406251
-0.110198974609375 -0.115814208984375 -0.260208129882812 -0.110321044921875
-0.0129241943359375 -0.192550659179687 -0.1845703125 -0.28466796875
0.153167724609375 -0.184768676757813 -0.051055908203125 -0.412841796875
0.246429443359375 0.0417327880859375 0.237518310546875 -0.405609130859375
0.112457275390625 0.204513549804688 0.3382568359375 -0.328033447265625
0.00817871093750002 0.30413818359375 0.32708740234375 -0.36322021484375
-0.101226806640625 0.249847412109375 -0.1746826171875 -0.16925048828125
-0.000228881835937522 0.210159301757813 -0.5882568359375 -0.251953125
0.0796661376953125 0.196853637695312 -0.61663818359375 0.16558837890625
0.159515380859375 0.0594329833984375 -0.32086181640625 0.409942626953125
0.101272583007812 -0.0994186401367187 -0.01177978515625 0.31097412109375
-0.0308303833007813 -0.113639831542969 0.0633087158203125 0.124252319335937
-0.104499816894531 -0.051055908203125 -0.0292224884033203 0.01824951171875
-0.120429992675781 -0.0675811767578125 -0.0926055908203125 0.00627899169921874
-0.140464782714844 -0.0624160766601563 -0.185272216796875 0.022674560546875
-0.093719482421875 -0.117622375488281 -0.233367919921875 -0.081390380859375
0.0258941650390625 -0.176513671875 -0.210174560546875 -0.282867431640625
0.171905517578125 -0.120468139648438 -0.05487060546875 -0.450042724609375
0.1751708984375 0.11297607421875 0.297210693359375 -0.43231201171875
0.0336456298828125 0.172378540039063 0.413177490234375 -0.1942138671875
-0.0527114868164063 0.09210205078125 0.1116943359375 -0.05987548828125
-0.104217529296875 0.04962158203125 -0.1241455078125 -0.158035278320313
-0.0945053100585938 0.132606506347656 -0.555877685546875 -0.19110107421875
0.138198852539063 0.182220458984375 -0.57745361328125 0.174560546875
0.204986572265625 -0.00177001953125 -0.315338134765625 0.405181884765625
0.083984375 -0.16796875 -0.0103759765625 0.3280029296875
-0.0774078369140625 -0.140174865722656 0.09014892578125 0.157012939453125
-0.137802124023438 -0.05157470703125 0.0219554901123047 0.0315799713134766
-0.152420043945312 -0.0696563720703125 -0.0358848571777344 0.00727462768554687
-0.166015625 -0.06396484375 -0.128143310546875 0.030029296875
-0.0966415405273438 -0.127754211425781 -0.19427490234375 -0.052825927734375
0.03900146484375 -0.175186157226563 -0.207122802734375 -0.250869750976562
0.176620483398438 -0.0935211181640625 -0.065673828125 -0.447998046875
0.141937255859375 0.12799072265625 0.321502685546875 -0.46014404296875
0.00541687011718751 0.144027709960938 0.470458984375 -0.176177978515625
-0.0475196838378906 0.0670356750488281 0.104873657226563 -0.0151519775390625
-0.0918807983398438 0.0927810668945312 -0.135955810546875 -0.095184326171875
-0.0355987548828125 0.175445556640625 -0.50457763671875 -0.10797119140625
0.202972412109375 0.1455078125 -0.525726318359375 0.19586181640625
0.21026611328125 -0.065460205078125 -0.2930908203125 0.423095703125
0.0482177734375 -0.205078125 0.014404296875 0.359405517578125
-0.110702514648437 -0.1429443359375 0.139755249023438 0.1861572265625
-0.151611328125 -0.0467987060546875 0.087677001953125 0.0359268188476563
-0.163116455078125 -0.062103271484375 0.0277900695800781 0.00638771057128906
-0.165878295898438 -0.0567626953125 -0.0681915283203125 0.0369796752929687
-0.0843276977539063 -0.11322021484375 -0.158920288085938 -0.0338897705078125
0.0405120849609375 -0.136566162109375 -0.20294189453125 -0.239822387695313
0.137153625488281 -0.051483154296875 -0.047027587890625 -0.4676513671875
0.072296142578125 0.1031494140625 0.392486572265625 -0.475067138671875
-0.0161819458007813 0.0776138305664063 0.540191650390625 -0.133453369140625
-0.0259571075439453 0.0282039642333984 0.104415893554687 0.0247268676757812
-0.0624237060546875 0.100151062011719 -0.13885498046875 -0.0169754028320312
0.0137176513671875 0.151412963867188 -0.44635009765625 -0.0207519531249999
0.201034545898437 0.08099365234375 -0.471466064453125 0.23162841796875
0.163818359375 -0.09759521484375 -0.25201416015625 0.453704833984375
0.00906372070312502 -0.190139770507813 0.05718994140625 0.389129638671875
-0.115470886230469 -0.118568420410156 0.20111083984375 0.20074462890625
-0.137611389160156 -0.0355224609375 0.157012939453125 0.0292205810546875
-0.149826049804688 -0.047119140625 0.0886001586914062 0.00392913818359375
-0.144058227539063 -0.0428924560546875 -0.0144882202148438 0.0414314270019531
-0.06866455078125 -0.0815353393554688 -0.128181457519531 -0.0298614501953125
0.0195388793945312 -0.0883865356445313 -0.188674926757813 -0.257095336914062
0.069915771484375 -0.0323028564453125 0.01141357421875 -0.495697021484375
0.0195159912109375 0.0387496948242187 0.500579833984375 -0.449493408203125
-0.00474643707275391 0.00751352310180664 0.6031494140625 -0.0616455078125
0.00601530075073242 0.000833988189697266 0.10955810546875 0.0566177368164063
-0.0261154174804687 0.0622024536132813 -0.129676818847656 0.0497283935546875
0.0279541015625 0.0737075805664063 -0.39068603515625 0.0551757812500001
0.13104248046875 0.0216903686523438 -0.414520263671875 0.272735595703125
0.0854263305664063 -0.0826797485351563 -0.19219970703125 0.480010986328125
-0.0170440673828125 -0.126167297363281 0.108001708984375 0.404022216796875
-0.0867233276367187 -0.073150634765625 0.258453369140625 0.197311401367187
-0.09552001953125 -0.0192489624023438 0.214279174804688 0.014617919921875
-0.111854553222656 -0.02490234375 0.134941101074219 -0.000396728515625002
-0.105506896972656 -0.0229415893554687 0.0261650085449219 0.0382041931152344
-0.0572547912597656 -0.0438461303710937 -0.0987319946289063 -0.0424652099609375
-0.0139808654785156 -0.0543746948242188 -0.15277099609375 -0.287994384765625
0.0123977661132813 -0.0466842651367188 0.100433349609375 -0.50750732421875
0.0158176422119141 -0.0264873504638672 0.60308837890625 -0.3802490234375
0.0347709655761719 -0.0244674682617187 0.642578125 0.0289306640625
0.0373878479003906 0.000202178955078125 0.120048522949219 0.084991455078125
0.000238491148361107 0.0763892511220531 0.0854626066876352 -0.188008104084289
0.105461611425201 0.0907376641705049 -0.106413411501127 -0.695955656861242
0.156736264044305 -0.0405786202625739 -0.536830987344051 -0.427973593550045
0.0817229241022325 -0.12611943880474 -0.616491540030604 0.0478043644068524
-0.0064400617043083 -0.107955300852059 -0.231992516931534 0.139065385254561
-0.0499420111527916 -0.0965920943367591 -0.0671262329678133 0.0136298382550718
-0.0540626020853166 -0.0494319260058508 -0.054250022323093 -0.146241119964451
-0.0486634714515519 -0.025381623558672 -0.114655209956439 -0.229926456751601
-0.0369444542135967 -0.0174103808307658 -0.107598904102457 -0.289013350473493
-0.00113241723105093 -0.0201260249598699 0.0205669827779013 -0.314179910281523
-0.00327502239275901 -0.0078671325721548 0.240762455180207 -0.303177189939864
-0.0102860796073423 0.0109374950631109 0.408120040363515 -0.163852152914837
0.000100568624144346 0.0191463827977786 0.439951183629562 0.0360565265246268
-0.0198336457895942 0.00692290374565962 0.417888610536758 0.127370213115212
-0.0231651702915176 0.0168586278450182 0.574180258120653 0.0125082032490468
0.0933872286169038 0.0472776470112658 0.135140919268138 -0.246816936078461
0.120424621545327 0.0494532018929251 0.051313223392937 -0.613088818340026
0.165496336911189 -0.0835384446083529 -0.388940371378381 -0.506915034167836
0.0588661539351687 -0.159660125370143 -0.484311774736454 -0.116439257841051
-0.0717203375069108 -0.0946152564681134 -0.245285594407375 0.118448487121471
-0.0553836122664413 -0.0242853814459808 -0.0782973053130378 0.00813578435398845
-0.0253421118319167 0.0316026237116576 -0.0657720866469609 -0.139252942406495
-0.011001280117955 0.0528358719109842 -0.0877192895138615 -0.195405777428878
0.00700757476338862 0.0783648875890659 -0.117032441313167 -0.277022855563995
-0.00292919706601036 0.0686307184922809 -0.00235267237268221 -0.299227212667221
-0.0656773357285327 0.0739416315849223 0.216005509341449 -0.312948263819783
-0.134006697426492 0.00821760928353015 0.389231325801601 -0.199267636242914
-0.0825836151240111 -0.0849487986829999 0.438197056502419 0.00424949766925817
0.0106803925229642 -0.1198083995429 0.413313126859898 0.111831545809032
0.101986733179296 -0.0624061213798334 0.532266007689966 -0.0437859431498661
0.186947141324196 -0.0421457232532957 0.0949626858977453 -0.272046881512457
0.168731368978616 0.0327889312684899 0.0999591863654388 -0.65290404152336
0.11257167935987 -0.192132105421962 -0.344336842844143 -0.568098602676964
-0.0628211062423208 -0.193194725528746 -0.473106061542527 -0.194145120399903
-0.14939209608785 -0.0253182148168149 -0.271985440364426 0.0466981943067423
-0.0699255230437572 0.0772877331518454 -0.0984757423823802 0.00734168922481741
0.00802072337535984 0.118739379970035 -0.0685220460437554 -0.115023474167827
0.0408824795906693 0.138500005236125 -0.105677037891829 -0.176885360272964
0.0526266678296637 0.164177499436289 -0.114578611164911 -0.245644704847295
0.00402505304600478 0.153295028540584 -0.0142172351674544 -0.270182287497958
-0.113329279201349 0.152664121253765 0.192575936076471 -0.304296742685205
-0.23963063366901 0.0166867623816643 0.359778843345065 -0.214955001324941
-0.170747943669308 -0.159055443437321 0.45228556862572 -0.00850537647739007
0.0613207730380848 -0.186375873213552 0.423646071366053 0.11927690191684
0.198211740171037 -0.139221846920332 0.452782722474413 -0.0173937718884103
0.248033700904595 -0.0310369278183415 0.0289243234197189 -0.278290344523113
0.211620080460035 -0.117182430181499 -0.0886682713463182 -0.709588182487122
0.164238552424222 -0.209460428348226 -0.546794990478242 -0.502988550670175
-0.0384640279786837 -0.214626169795824 -0.575055247414273 -0.0510620212657454
-0.144819466330331 -0.0314328419227377 -0.284927802401819 0.186008390421279
-0.0691383983522743 0.0795396812556327 -0.0653879008186024 0.118177783671651
0.0130812614482837 0.114368432444832 -0.0134597765515346 -0.023952070471255
0.0383896659855808 0.125869278196711 -0.0435451604651199 -0.0936563499647525
0.0438726605928121 0.156162923635777 -0.0848160782340631 -0.166304180353517
-0.0157623969831118 0.146318373698526 -0.0215701482782392 -0.23117323294912
-0.136043997043063 0.115622706965386 0.172237063859853 -0.320399438148599
-0.20435991765335 -0.0448483730331806 0.380223041770192 -0.24260056443414
-0.0790965711878392 -0.172961985239549 0.504257749071152 0.0110662306317261
0.0838226703016184 -0.118734188513187 0.366734149807253 0.248056976361639
0.0911876595862751 -0.00215007717790342 0.119407594549088 0.041657327825601
0.108540159430033 0.0705635334461036 0.0686807294632545 -0.217838192876351
0.224238084816049 -0.00121055688130336 -0.106591800017342 -0.656740051881663
0.114789284443768 -0.251831063145196 -0.537890952063196 -0.442562998346861
-0.124497297975323 -0.210063081122053 -0.555836583243745 -0.0270784578331063
-0.183448774168762 0.0304440461823148 -0.28672555817333 0.197752488511411
-0.0623739692514279 0.129467525656399 -0.0737773272682313 0.151287128828056
0.0278890782135942 0.145184552808775 -0.00164945790108426 0.0248755975791523
0.0543421371860236 0.150382243683389 -0.0142006229784293 -0.0422359440533286
0.0546753190660242 0.176565401322376 -0.0636289399745785 -0.112610688926625
-0.0235228729107412 0.153984855747447 -0.0248283281852623 -0.18406591133875
-0.143611994403524 0.103376053393708 0.143581540485408 -0.29967169355064
-0.18413064383019 -0.0651115067849452 0.370677210438922 -0.25435818437335
-0.0482472762597378 -0.158411517949443 0.545822231106039 0.0136186591335738
0.0748230412907151 -0.0814450746213315 0.382891324653562 0.307958224731406
0.0687151019441742 0.00307627236697688 0.0795128837279927 0.0668332471095768
0.137777937126785 0.0300263532961356 0.000461399336273803 -0.193922747303699
0.214694714622752 -0.0838473750733737 -0.173412710460914 -0.562907312926802
0.0409423120296212 -0.286305722007163 -0.530548170849665 -0.362507676398161
-0.186364550682553 -0.171616511929284 -0.543749972248357 0.0111645140760443
-0.187323321285044 0.0817618142420736 -0.293378586423228 0.232852930867991
-0.0485327892541253 0.153743150918306 -0.0732554109294677 0.203735282517748
0.0357083205423731 0.154612512107481 0.0208188095558274 0.0853560497025443
0.0623763867210865 0.155021661140702 0.0185327058659558 0.0152076979167836
0.0574498784150333 0.170697083915103 -0.0443178351159014 -0.0555121798828772
-0.0221838128991268 0.134952632858518 -0.0258785879925867 -0.146543330422371
-0.115400047679753 0.0761528148421963 0.13370521661435 -0.294942593372042
-0.124040944188025 -0.0553053110431384 0.400510268609068 -0.256259096136514
-0.0214860426931872 -0.0939035263613159 0.602078758455992 0.061989590183138
0.0322829249480033 -0.0280233886637218 0.385515617008715 0.395179467640085
0.0271304040435037 0.00263603684050398 0.046048223896451 0.0952064733090352
0.126922268905388 -0.00621433158021767 -0.0720826961412793 -0.14818888963322
0.156258278917415 -0.115977658879722 -0.231648042793973 -0.452040514125642
-0.0178624159120222 -0.24875354368019 -0.518102969712712 -0.284064462133972
-0.18567814257474 -0.112037930471469 -0.53703835405615 0.0579891784999928
-0.153709884468702 0.097243617642231 -0.296609930379435 0.282866506546969
-0.0336544625902805 0.139850922982899 -0.0611907924818235 0.262979991953988
0.0338591576046195 0.137465558614152 0.050114517907533 0.148207622705628
0.0604760266088345 0.1363131144046 0.0502967732153633 0.0730739104437409
0.0527984571471274 0.143665588938625 -0.0261334332056928 -0.00487347483524926
-0.00941628325759249 0.103839182663012 -0.0174960496030869 -0.122100922369072
-0.0671334124036934 0.0600395347579472 0.156638945569813 -0.296246286112322
-0.0709175480700731 -0.00795338219037852 0.464945464144697 -0.223439642496305
-0.0349649629226519 -0.0165368899687363 0.649372061947786 0.164190708183087
-0.0298807731958093 5.67710197717382E-05 0.35380103578762 0.493776271635375
-0.0102459280037177 -0.0108732081110776 0.0208766142838943 0.12239575245847
0.0762360835959062 -0.0232219560533057 -0.123438868211181 -0.0942383231173245
0.0779235456920131 -0.0834103928438487 -0.264342121661178 -0.349264806427826
-0.0322934700409322 -0.158515683486353 -0.506618838608453 -0.215557610024563
-0.122625199632359 -0.0573533653187391 -0.523867671907016 0.103582675395355
-0.0940361467059308 0.0674720231557263 -0.2892500245585 0.331770224665053
-0.0234669935846464 0.0890368337154639 -0.0394647448680799 0.314336291712226
0.022086275604151 0.0941622232390557 0.0779331261147419 0.198365500785832
0.0474542874887765 0.0964206465374051 0.0742860368250855 0.117497492712968
0.0435463834338519 0.0994780320482082 -0.00933222749081477 0.0325792072758955
0.0102345119919102 0.0728104068011515 0.00369950573950102 -0.106704769964147
-0.0231928907160108 0.063025745040332 0.204383197439563 -0.284102317328631
-0.0539075737514571 0.049399740011328 0.528882566510643 -0.149565397600688
-0.0812161011329046 0.0250672691176863 0.654695030290182 0.294007839248763
-0.0776307205276972 -0.0161152188493377 0.292416701248412 0.580491926902026
-0.0258530546928814 -0.0350792056107583 0.0032560922507266 0.149094402603193
0.00578514841025623 0.0764883580898081 0.0711366981330989 -0.198373748158003
0.110702572494988 0.0863080484360642 -0.145584694964424 -0.698965709504497
0.155708054766139 -0.0499249297274161 -0.569230810688245 -0.411881105918398
0.0794264086495975 -0.131094250653189 -0.62175885037474 0.0768954624461403
-0.016176313485968 -0.113870081526162 -0.230448065910462 0.209636118875796
-0.0600627211685616 -0.0940330869140664 -0.0779726205080775 0.0367515211769328
-0.0591718917463829 -0.0463447280019223 -0.0748556509767865 -0.126069973130236
-0.0502098234545825 -0.0233229044719511 -0.140298289212686 -0.206370710663548
-0.0379974431808208 -0.016693739005795 -0.138736268504274 -0.268444914077673
-0.0026051809753779 -0.0252350125447118 -0.00653519509989255 -0.312571923263029
-0.000713868552552556 -0.0108124494495255 0.221650063189929 -0.326541143482905
-0.00389846931936936 0.0120951916763394 0.40279182222616 -0.187706385362278
0.00406401845953165 0.0176653745428021 0.445300695936357 0.0209984176407971
-0.0188376226899096 0.0108336696616288 0.415205002792515 0.113067889183005
-0.021897204604922 0.0211681075072006 0.545813056494492 -0.0373840698509511
0.0850394650845163 0.0434215176500328 0.115950988427173 -0.259765084389253
0.117051004178869 0.0496446772297763 0.00867016302160016 -0.635681762553236
0.154619348699129 -0.0913634949613963 -0.432937719696856 -0.503286754229114
0.0521615985650958 -0.158673940431476 -0.506887465336643 -0.101909163871207
-0.0699025098901847 -0.0896425596555933 -0.25722233219438 0.1253976125455
-0.0573237666397474 -0.0234411612815226 -0.0871552136498473 0.0273857293018334
-0.0227265440369864 0.0293442505044711 -0.0811684764466436 -0.121004787056938
-0.00565401034704275 0.048197395862317 -0.109917769502103 -0.183322386642747
0.014211434488362 0.0720232674416666 -0.144630225553731 -0.259004480468896
0.0024666556983408 0.0614408824320109 -0.0240583220100124 -0.298965333464041
-0.0558466816897115 0.0742146583089096 0.195873950058992 -0.335787323345318
-0.12593254051257 0.0202157336248014 0.380907211971443 -0.224525946688017
-0.0834154118335873 -0.0778424036569868 0.443429535202234 -0.0136761666212085
0.000404731220237559 -0.114305192070774 0.4151135658113 0.107790313392222
0.0898807945215798 -0.0666872429046284 0.500007426800506 -0.080551868235646
0.161019926422191 -0.0539197028934436 0.0781487861410879 -0.28014897873795
0.160742958755521 0.0282673778626524 0.0553965721437515 -0.676098516482669
0.0944462256103628 -0.181756350033358 -0.397447620906409 -0.565262684329187
-0.0671069658631846 -0.175480688800874 -0.508422011137958 -0.166955291090762
-0.136086464578935 -0.0148768358848057 -0.285558614768421 0.0738620440829871
-0.058720661897338 0.0743834161157787 -0.104133020765903 0.026311544547523
0.0192621985350241 0.108953686600603 -0.0823805946570481 -0.0989459505181995
0.0551630811882382 0.125039224207037 -0.124017909347924 -0.160271005251354
0.067654527739049 0.149800578974804 -0.139331288538214 -0.228517822075716
0.0178155532851548 0.143644011286188 -0.0359478223865221 -0.268415465554368
-0.0937692669860987 0.15447918869249 0.172399323163041 -0.324715500593978
-0.226262463550435 0.0360045132168997 0.351364464621437 -0.23865538691088
-0.174909775245539 -0.140582592780087 0.459350488935637 -0.0307774069667499
0.0454756204649012 -0.187509272911376 0.423733008680793 0.0988869985904946
0.172307158647449 -0.151699446751357 0.430046954438773 -0.053217007631414
0.224164034188477 -0.0479241089963178 0.0179447850844708 -0.280295739413714
0.185458913988037 -0.119256932573432 -0.124344261673775 -0.709048356277676
0.147859298828074 -0.211749242006629 -0.577898037125445 -0.479351033471329
-0.0489976396814351 -0.207795177892283 -0.584580190251661 -0.0223126314438361
-0.141497174373901 -0.0231823227851675 -0.276655383247293 0.20370410502881
-0.0621638226411804 0.0823893079283296 -0.0588899476433341 0.124110166344647
0.0215269520217529 0.110280398147395 -0.0187430184160469 -0.0218032478440264
0.0490356730373908 0.119526941761476 -0.0533287828366869 -0.0897048554200421
0.0557921576880745 0.149664816491597 -0.0974613322624751 -0.158086297638309
-0.00696408835563245 0.143619845943577 -0.0361384657810514 -0.229385171249901
-0.127497306185709 0.122139250300619 0.151708447848903 -0.3354467194552
-0.203802716385336 -0.0324645925533382 0.369012496720964 -0.266190074112936
-0.08978160218916 -0.167550657164822 0.512007520577241 -0.0151930020589158
0.0746075655485865 -0.122225981566523 0.384515682773832 0.229992336947641
0.0903831059909079 -0.00861283651499206 0.123641276045575 0.0367029502778415
0.107921762679554 0.0621986180548756 0.05721029431701 -0.226021419681166
0.221019943654269 -0.0103916760214726 -0.14191614076461 -0.656974492269646
0.0980350800381835 -0.253163408605331 -0.567423581067742 -0.418772950616957
-0.13534558703666 -0.199775846037246 -0.563613176938531 0.00394913139484585
-0.176541572080466 0.0409766488156257 -0.276529767914081 0.215243823390468
-0.0521168748854752 0.131698251526997 -0.0627073837316722 0.156286410994202
0.0377183553360916 0.140350927456178 -0.00228949007506697 0.0253605082437008
0.0668777156283837 0.142786661592631 -0.0193505256576373 -0.0413351989799277
0.068225001911092 0.169211640331716 -0.0717818775585285 -0.106819715733596
-0.0131124961879835 0.151430964678122 -0.0358430608437894 -0.18318444579455
-0.1337753074841 0.110626435306879 0.125473295434767 -0.314168815009016
-0.183727340614141 -0.0528855865850539 0.35991459220513 -0.277177024610557
-0.0585264546694035 -0.153496947271704 0.553011347469099 -0.0133807616475384
0.0658797907737292 -0.0839466649684186 0.404111555981144 0.28968972530271
0.0667448286038498 -0.00360222354585272 0.0840999410766758 0.0653496088363576
0.136140878372022 0.019406454980146 -0.0100333457569532 -0.198242068284204
0.208773770901238 -0.0935271791781055 -0.208223716960966 -0.558658149798324
0.0227429522275823 -0.2842803031863 -0.555476419384076 -0.337831050691378
-0.195929054022874 -0.158505231520224 -0.547574788958917 0.0425408542707198
-0.178770653309571 0.093302155886559 -0.279273324751889 0.250895446886299
-0.0373565360320412 0.155891022451208 -0.0577012542004754 0.207840290381519
0.0458620494482089 0.150437976423244 0.0249733285419275 0.0832830858007702
0.075862615417171 0.147229038661712 0.0179831371977219 0.0130987824991101
0.0708000023072359 0.163683835487959 -0.0471197024332841 -0.0521438677543847
-0.0124405169608033 0.133003104850695 -0.0328036247429542 -0.146548471716183
-0.10702203911603 0.0821468265148593 0.118009034813223 -0.308756400051614
-0.123255615069972 -0.0453751451951282 0.391042530057592 -0.279436595679852
-0.0296010925931291 -0.088410423275423 0.61367583409494 0.0312976538562121
0.0251584163991664 -0.0275140884632395 0.408899282373662 0.379161934846848
0.0243226699139843 -0.00243217030037559 0.0518040403623261 0.0970504179046756
0.123777418360649 -0.0163339613831519 -0.0815477808622979 -0.148061017234185
0.149003193742952 -0.122867297427289 -0.258599456823936 -0.443544773509951
-0.034384170861119 -0.245028563031544 -0.538340754921793 -0.257040984940892
-0.192494418311052 -0.0994268186452284 -0.537547370124188 0.0886594009408687
-0.144694799680599 0.106543307450494 -0.278764821577187 0.302202296675886
-0.0242318896931585 0.142634565015098 -0.0411053245446375 0.266416571578734
0.0431908732980793 0.134680568334189 0.0600537939981627 0.143928046230777
0.0724657279290972 0.129869766575425 0.0549752327498801 0.0677224262206555
0.0648199267277389 0.137372004338592 -0.024450190641432 -0.00377312199887995
-0.00144887604584324 0.102103246933217 -0.0212166460399312 -0.123777069954086
-0.0599312279228771 0.0643800256024559 0.142042906668263 -0.310926241157789
-0.0694649113918477 -0.000875616273111991 0.459737607633698 -0.247398385902256
-0.0398716901225174 -0.0110791313734212 0.665859763277964 0.135211845640761
-0.035899437136068 0.00330838218837056 0.381702830614934 0.479761032741639
-0.013472119805682 -0.0146439523798436 0.0282259570094419 0.127348561591617
0.0730481413576584 -0.0296989394474184 -0.13073111501567 -0.0906273821710253
0.0727437593120691 -0.0859829112393702 -0.286405466313201 -0.338320642814193
-0.0433405381838403 -0.153969866813665 -0.521352159023074 -0.190287742142587
-0.127308497556592 -0.0493931421548026 -0.520907853624186 0.133409685397239
-0.0889872046341196 0.0730029094734933 -0.268278814959629 0.350802483734338
-0.0179081409778498 0.0918689276579795 -0.0158945825070662 0.316041176747194
0.02837932033152 0.0928869369929378 0.0920579277545853 0.191994306511286
0.0563590407659771 0.0917596967037546 0.0834765088424345 0.109931740373287
0.0520890959976891 0.0954628819390117 -0.00361769062494934 0.0312917997834467
0.0150570922991757 0.0720034655679697 0.00252066337115838 -0.110141371752007
-0.017629379918945 0.0648740791268505 0.192849534065803 -0.300521595459966
-0.0505173191018442 0.0543872078163823 0.527948048301065 -0.175546467137228
-0.0839667926724248 0.0311051728554454 0.675147968354033 0.26571915441001
-0.0828487881551127 -0.0120786332449896 0.323048166206751 0.570710802957383
-0.0287293893683847 -0.0374094486943151 0.0122442355846805 0.155764920432323
0.0103325705966559 0.0754386718074869 0.055573926084223 -0.203128476768322
0.113201485597278 0.0805812556532282 -0.179839001433347 -0.683761191802438
0.151843900912481 -0.056963368660151 -0.589887176208192 -0.387872669203279
0.0750520209834172 -0.133565265602616 -0.617540730604557 0.101224002928771
-0.021204544694913 -0.117696706047616 -0.225173569884936 0.231846083845417
-0.067451791333076 -0.087914069789857 -0.0802272776136215 0.057891946735036
-0.0626752578588261 -0.0421606221903808 -0.0870625549150579 -0.102177054651713
-0.0507733472542795 -0.0209472276076063 -0.157200962366678 -0.177169348835404
-0.0388304668571298 -0.0149097582812754 -0.159695679929404 -0.242382587122487
-0.00527505296971558 -0.0292554163189502 -0.0314381082122077 -0.302881659902599
0.000741021187466377 -0.0139167916237276 0.197195923597285 -0.339054480129934
0.00227275478999195 0.0120131175771318 0.390337999048347 -0.208455099110885
0.00746889549058635 0.0152728022556139 0.443873425728493 0.00675445204786363
-0.0162687668916739 0.0136768973291393 0.406246918193125 0.100174994739481
-0.0198818163854803 0.0244565521929708 0.507202133195657 -0.0757730131391833
0.0760126866392546 0.0420333248589014 0.0954795013512908 -0.26677978291169
0.111352644983504 0.0499617160870778 -0.0273741307365315 -0.63607726325463
0.142120787042054 -0.0919427228964939 -0.452818259582556 -0.495288271355576
0.045834518468167 -0.154095660664342 -0.520942367460893 -0.0838414774101952
-0.0679034042190909 -0.0848297011698271 -0.259436121393734 0.142302488995912
-0.0583063273564914 -0.0211495052661846 -0.0895004891444738 0.0441665423127236
-0.0200538290981158 0.0272485076985914 -0.089259173666161 -0.101337226778722
0.00136798770297652 0.0457850841069655 -0.131239578529923 -0.167056808998428
0.0199286412589325 0.0649330132197193 -0.164854121382501 -0.234953826761953
0.00500738522120317 0.0540037299922964 -0.0438145936519979 -0.291766290412492
-0.0462671195786624 0.0718423906123727 0.170683220610791 -0.34810310203984
-0.115301252160106 0.0273626857164325 0.366157065355726 -0.243098364365574
-0.079382532440756 -0.0722204406349996 0.44226429399975 -0.0307561179464762
-0.00699728553276375 -0.107312721468865 0.411049566761048 0.101133498506041
0.0773305196055425 -0.0679947711032801 0.462666605065703 -0.108021722600943
0.134240380285987 -0.059820552435696 0.0608205431939077 -0.281710336171582
0.151663449754578 0.0290850572907282 0.0145491274099227 -0.681273664772093
0.0796528037686987 -0.166949999549825 -0.437019948248444 -0.546729640826046
-0.0666057837289346 -0.157134250088143 -0.526242611887415 -0.135653047600532
-0.12143911322173 -0.00863414524755752 -0.287903140589663 0.0982671008195651
-0.0477268434162677 0.0700196993648603 -0.103688686599838 0.043145391864196
0.0271320926600315 0.0978217243350877 -0.0901181779176375 -0.0820602334437445
0.0637353012345594 0.109628445155368 -0.134697916883155 -0.139872360596147
0.0768764811392 0.132900356521846 -0.155857986177657 -0.20567008551445
0.0267448470215608 0.130331034853607 -0.0549763470477665 -0.259830579694921
-0.0763304668102659 0.15057287511015 0.148643901368258 -0.335871977235054
-0.209434679774159 0.049475886762302 0.335822308586907 -0.252919010412222
-0.173908217215395 -0.122157803506998 0.457325275370874 -0.0511199113157461
0.0289989781596145 -0.183353406880449 0.417578282734332 0.0814763541548847
0.14614347587975 -0.155086038391216 0.399560959008648 -0.0783228175032818
0.198575746148153 -0.0681452544104734 0.00607791219533642 -0.277134955940823
0.159807749781377 -0.114143021706616 -0.155552150737977 -0.693325163214077
0.131997731434947 -0.206691506447817 -0.595037554763336 -0.450166039275411
-0.0566262011413897 -0.196524763710776 -0.580952677392556 0.00515315010026302
-0.135481370955097 -0.016165679281097 -0.26336202978087 0.216520142625467
-0.0537998714193384 0.0826628195287848 -0.0509062023006811 0.125290035015613
0.0281225749412818 0.103971831585864 -0.0227565258831601 -0.0182220947640324
0.0570749000824419 0.11056104911843 -0.0605211278211275 -0.0825618964803139
0.0654899691322979 0.139962326816393 -0.106415899186014 -0.146027516438979
0.000678125473859601 0.137465135507518 -0.0489727734127957 -0.22246085616356
-0.115587418302286 0.125412609563308 0.128431216725001 -0.341470424090269
-0.199145305235237 -0.0207824989460591 0.350325269760614 -0.281961022731182
-0.097117707758996 -0.158645969513368 0.508214458705456 -0.0391433250504358
0.065027933482145 -0.12298316497378 0.391914649179184 0.20810870523598
0.0873062741647441 -0.0148453236271312 0.124724966874505 0.0309795102177993
0.105112020918762 0.0532954000512824 0.0441506007647394 -0.229507195231528
0.214081246194106 -0.0182354108868937 -0.173085052759996 -0.64468963903226
0.0815387510051421 -0.247890807833003 -0.583683691077324 -0.388283735893662
-0.141676874411281 -0.185565757536503 -0.558110667092085 0.0315815495956852
-0.166874307420879 0.0497573433249006 -0.259981145866062 0.226709285023494
-0.0415832680930745 0.131663725608746 -0.0515875390742717 0.156113363352823
0.0459990582585434 0.133236061682603 -0.00258467375599046 0.0249641808855642
0.0765910338183482 0.132807036098163 -0.0236328786137553 -0.0385539610282318
0.0795254636208437 0.157940585002641 -0.0772381714043109 -0.0984652760157839
-0.0042287574090767 0.14640280016286 -0.0453723107591113 -0.17838125679569
-0.121589046019536 0.114118505101127 0.105359809032042 -0.320121723053834
-0.180035818215053 -0.0413885668233526 0.342766039391206 -0.293247605804671
-0.0664617798204264 -0.143745919806371 0.549122987006439 -0.040135249379859
0.0566860716114098 -0.0835778847978088 0.415431694135735 0.266804763232516
0.0627205491412953 -0.010175634104411 0.0870797622423167 0.0624770376161433
0.130177712769635 0.00994839721073271 -0.0210240235098081 -0.198294312733491
0.19895095603197 -0.0996073301314555 -0.232705757768937 -0.542783253441378
0.00547084785181726 -0.275270393405623 -0.564684389708493 -0.30643312134194
-0.200134668311467 -0.142021748307464 -0.540931798560435 0.0712179685285187
-0.166777667227353 0.101055747381614 -0.259666407770621 0.261823077172737
-0.0265909414396624 0.155442548171002 -0.0419071585111693 0.205461584386694
0.0549857145062933 0.143948780927036 0.0294505513876783 0.0795634320218993
0.0852748852074363 0.136937639040039 0.0183507061643814 0.0107017707557425
0.081315203814342 0.153031148882496 -0.0476929601394184 -0.0483110543271468
-0.00348694024010499 0.128253491939244 -0.0389906640813176 -0.143572284880112
-0.0957715180230155 0.0851600304386937 0.0992030532305652 -0.315960262542518
-0.120028580887504 -0.0356073205901493 0.376149512424555 -0.297176714766501
-0.0354554422099709 -0.0803276244637088 0.612023709606435 0.000849467224117896
0.0178871120801916 -0.0263124627146939 0.422215521539569 0.355029002937043
0.0202166386899806 -0.00792992600807306 0.0566940716284414 0.0971984341942621
0.117018177208223 -0.0243731101576204 -0.0894320954121521 -0.144714405055539
0.140110988177547 -0.126299566681754 -0.278574780692827 -0.426308599432755
-0.0483343056646492 -0.234861959970421 -0.54495257506178 -0.227955201655165
-0.195096200976053 -0.0854298607909438 -0.526893390988747 0.116732309632078
-0.134402559871635 0.112725650525398 -0.255849787638806 0.311794367450628
-0.0145370601010001 0.142242574429206 -0.0212828663706161 0.261704879466939
0.0512631667944188 0.129822000150288 0.0682128261155761 0.135461252406104
0.0812408988387394 0.120374853328562 0.0583669257623437 0.0607895377265916
0.0745235233573233 0.127832534960255 -0.021708090265466 -0.00376293241451329
0.00604419301166448 0.0984381891714699 -0.0253035907616353 -0.123787972357118
-0.0516597826974938 0.066069016050355 0.125658640704553 -0.318307221471592
-0.0653787680316956 0.00634546765368366 0.446943161469772 -0.268669711156173
-0.0434505059492132 -0.00441049322660029 0.668593184195941 0.102979562079542
-0.0411178456744515 0.006524955435037 0.400008527412539 0.457865498584159
-0.01725605725452 -0.0180660354058529 0.0347099887668086 0.12951788343753
0.0671130314720927 -0.0347517428570725 -0.135510083224942 -0.0844565743782459
0.0671146628867674 -0.0866449535196129 -0.301482976266249 -0.32015917240347
-0.0522094565181153 -0.146274345915411 -0.525960266948906 -0.161129380529875
-0.128193409623308 -0.0400396635900079 -0.509340502202968 0.158771616665126
-0.0821732340406828 0.0768054294026761 -0.243019494202719 0.359651352678852
-0.0120655056303473 0.0923174339141644 0.00591258649705071 0.309441706496254
0.0343911921887767 0.0901776616373655 0.102941594685554 0.180637203565105
0.0629716687834103 0.0856610884151359 0.0894522110241468 0.100170690237889
0.0585322283501377 0.0895835305378092 0.00160408297433051 0.0286069513176997
0.0198656788538657 0.0691752652719004 0.000677609580668894 -0.112363931070982
-0.0120389160444348 0.065868037749762 0.176998712048243 -0.309280422453539
-0.0467311135905377 0.0587871409124743 0.518237993881869 -0.199305841890923
-0.0848441577375866 0.0370958217995344 0.682452868976127 0.233061958417022
-0.0859262814221241 -0.0074209910536755 0.346248316797767 0.550265002996861
-0.0318172513790769 -0.0396042586084623 0.0212773907982402 0.159625887264654
0.0355835125138739 0.0668084741005244 -0.0228040587176073 -0.211211653952458
0.128819362921176 0.0339389986034558 -0.399317490063381 -0.578707142335537
0.117039486946522 -0.102939614869957 -0.68786388626967 -0.162119148584816
0.0197051582578394 -0.148460972512014 -0.546017128030284 0.302275887908689
-0.0631927123300958 -0.10118406681281 -0.133378583735027 0.295808266650538
-0.094078665736613 -0.0546778120333469 -0.0482229329523824 0.0935432869538899
-0.074946294680794 -0.017746898461566 -0.111522851088805 -0.0463953030094971
-0.0552409576280653 -0.00295185076517196 -0.201893578979415 -0.0922901256831473
-0.0416556434600595 -0.000711420143123384 -0.226911306565634 -0.154414677915477
-0.0185661090035776 -0.0269813266539809 -0.130570958835542 -0.26145571920792
-0.00309156513008584 -0.01636341425131 0.0627145647312699 -0.376946072257682
0.00958106029050949 0.00771404516497014 0.29499625754947 -0.320123555065537
0.0130337703047888 0.00803955362979824 0.418967718344688 -0.133505043600358
-0.0120796816742032 0.0180878392284333 0.405619448581863 -0.029856798025578
-0.0117899170842331 0.0324138238941605 0.41690838555326 -0.22141744559885
0.0772013044641152 0.0114259969123688 -0.00916546344230203 -0.280607365765582
0.113919200583614 0.0112782233989758 -0.24541727043744 -0.588944093527517
0.08966660397589 -0.125991970172464 -0.596144649997418 -0.305587349447433
-0.01385158088719 -0.153313028576033 -0.518972384560746 0.107813101678808
-0.0894592491032338 -0.0554433125000048 -0.19536213454954 0.226223812436492
-0.0615228945478587 0.00104123557054841 -0.0657645398570394 0.080697185600154
-0.0109368492551975 0.0286389907475114 -0.115991161929009 -0.0508318954552755
0.0195807307821886 0.0358748911370365 -0.194480582652571 -0.0901866892796485
0.0380637942937232 0.0467960216041734 -0.231554987691895 -0.148057228036628
0.0193373431665428 0.0444250987112063 -0.138869797580649 -0.252098547175943
-0.0154045199262071 0.0759083614507515 0.0324072326423722 -0.381251906969683
-0.0904991633024799 0.0626049638207263 0.263513896172006 -0.343236611893804
-0.0809364124422984 -0.0479419089271101 0.405579002369618 -0.168971514003937
-0.0452207181034282 -0.0928620105464983 0.415575107377821 -0.0170566667664468
0.0416521058511934 -0.0838026002895704 0.365001434976759 -0.234029993493617
0.0867053755648481 -0.0966521775515264 -0.0391124444249287 -0.277367937244557
0.139017083222399 -0.0249761070353439 -0.225438773447796 -0.639264395524011
0.0143241345194798 -0.16613109455558 -0.594277696553745 -0.360148893790664
-0.108658223521109 -0.111727850295255 -0.538715745517124 0.0544718121348408
-0.107575480358928 0.0295198376303622 -0.237006762927516 0.19334750290727
-0.0191184695060686 0.0733795137720291 -0.0817087507524096 0.0812233375178214
0.0569790618096084 0.0741144234612127 -0.11222581731107 -0.03654168422926
0.0913204866461185 0.0689220205026115 -0.173457156403134 -0.0705505996369299
0.112363758854448 0.0861110509224246 -0.213647884949908 -0.125753088495594
0.0647928014021807 0.104040790574689 -0.140178759886258 -0.218880403754549
-0.015862823697381 0.155645898246025 0.0171986314229233 -0.362772854388516
-0.167319382950073 0.112709067856114 0.232778985181525 -0.348098952278315
-0.193112034865828 -0.0542405866194777 0.413691539943505 -0.192119822009438
-0.040219701894764 -0.174342330967392 0.406333710519567 -0.0480626489527698
0.0717944794247113 -0.18422978829041 0.317276137596506 -0.188812767189766
0.144604808658945 -0.125613469981934 -0.0848495674843171 -0.25398269635116
0.0975581180890825 -0.149406090235625 -0.36990176872668 -0.589704633034108
0.0450135153029644 -0.22552027043939 -0.692744661473485 -0.216014122737463
-0.122128572508757 -0.153778395888795 -0.532766075790893 0.196039937225278
-0.127835660566456 0.0311814802597674 -0.172431203204512 0.283002032894423
-0.0201813672248915 0.0928632325741883 -0.00612249877170602 0.12883448855588
0.0618409321458084 0.0841598280251202 -0.0307126235579076 -0.00902739645187882
0.0878331066578537 0.0774561427940222 -0.0879375145030961 -0.0511275615336821
0.106510419534122 0.101534019844503 -0.148084433728459 -0.0945756392657964
0.0448506645271116 0.124057083208882 -0.119630711531811 -0.189921594494271
-0.0614752956493133 0.150887694535403 0.000424211350137707 -0.360715134691048
-0.187973449736965 0.0461923110855127 0.236731357714622 -0.374078016769959
-0.140588311220571 -0.113667314420394 0.460522734152082 -0.199117197137591
0.0138301116868083 -0.133855212703709 0.4281135239097 0.0686628329127705
0.072870857522992 -0.043215211644541 0.122961563580856 -0.0109895290639183
0.11092628133189 0.0111730558268792 -0.0404629737773683 -0.229586533520694
0.185330635957281 -0.0921505549693634 -0.379484609319179 -0.536124864271008
-0.0151869239408226 -0.248162899924687 -0.659161586681058 -0.162896337037366
-0.196853654181362 -0.112421900384814 -0.500154071953031 0.211134875387655
-0.134181084689251 0.103292749567735 -0.166189981563065 0.288039811625481
0.00786533941229165 0.134360926797094 0.00267826361203026 0.155530012323966
0.089780912019332 0.105832874715904 0.00253462712111174 0.0216278716453527
0.1136558705305 0.0904236077623116 -0.0392596532363776 -0.0257416968043848
0.12548539536988 0.112635044369617 -0.104721984233247 -0.0620146780818078
0.0434880628348996 0.132996902555203 -0.101364781331179 -0.152094267222558
-0.0699520905520298 0.141389888361377 -0.0138137261483423 -0.33372115170438
-0.175805250967415 0.0217555783634934 0.22749238591628 -0.381878924663103
-0.107692575610804 -0.108516742476777 0.499370363112639 -0.214292974868364
0.0182012984500134 -0.0946727654363572 0.468299706909253 0.117145142084342
0.049898570899658 -0.0318300913930575 0.0992413348647587 0.0316421011084766
0.11923147711454 -0.0376294239102159 -0.0902566022191694 -0.17556573785047
0.14366526109029 -0.162873446444789 -0.398105398330607 -0.420680949298885
-0.0952358139411138 -0.248203322361962 -0.611416320327941 -0.0941550324893391
-0.235916325489937 -0.0522161277099553 -0.469669082869774 0.237861937416008
-0.117499894164828 0.151439840995051 -0.155313694665274 0.318671858541692
0.0299456652670967 0.152588052312781 0.0271626724056762 0.197011433544967
0.102428550765748 0.114351746548908 0.0510447979937716 0.0576898258301531
0.123413086307538 0.0910659890416912 0.0164432626220485 0.00374412163113659
0.126472932463248 0.106851391535252 -0.0612608790275843 -0.0277195308531743
0.039034118320742 0.115785554393239 -0.0842187107263319 -0.123561421199612
-0.0551563273531866 0.107274831948862 -0.0152550156266283 -0.327427315564339
-0.118435514126231 0.0089309765167592 0.256781617050171 -0.395497473130187
-0.0598226798301177 -0.058932450733851 0.571880746631401 -0.194661864815749
0.000173573408946952 -0.0292011214085543 0.503975953931611 0.197013339775273
0.0097681004987899 -0.0169252239409352 0.082933252535302 0.0749283839295209
0.0956796660643713 -0.0644202180000136 -0.134506221601174 -0.101366805380964
0.0801766357075198 -0.166502331916379 -0.400454733276365 -0.297072684101027
-0.130168132058213 -0.192926873142305 -0.568644569192109 -0.0314649069880688
-0.211187730447362 -0.00226537278394503 -0.445639337118211 0.274637425912766
-0.0848913874677072 0.151595776172244 -0.136236541859131 0.36461339346156
0.0359793088098818 0.138044758880054 0.0662384360213685 0.241639757770208
0.0939663550165616 0.103637993115477 0.106892433022528 0.0950478797319117
0.115159053155134 0.0789967649420839 0.071377447811186 0.0330990539297705
0.112298143069576 0.0882446887536164 -0.0207281119758603 0.00206217839404184
0.0387333771181076 0.0866952874294016 -0.0635518955994983 -0.110656064737339
-0.020539530879597 0.07609897708309 0.00927156224614629 -0.339306211529318
-0.0556093762270315 0.0304787496507082 0.333043233668501 -0.391712369172296
-0.0430800113465191 0.0137862053535629 0.658741548500214 -0.118949413047216
-0.0436480855612595 0.0183854422704319 0.516284620252561 0.302410223531059
-0.0284456816879957 -0.0156251059769724 0.0746496993230152 0.113169032589684
0.0460800941905509 -0.0559546199078099 -0.156637813148089 -0.031294060197652
0.027871415686342 -0.102740500429306 -0.386651900015237 -0.194240194376822
-0.102656698157462 -0.110876962927732 -0.533663923105721 0.0239669091838023
-0.134236872368454 0.014418871189395 -0.418775253031268 0.31246892157581
-0.0496997516427172 0.102495336400653 -0.106177171724921 0.407307505997215
0.0215597872682237 0.0936612231864131 0.10950946712299 0.276200432353935
0.0652871052077022 0.0739217697641845 0.15644004806127 0.124121958459796
0.0874457081713444 0.05477238287584 0.114498783044731 0.0567717852078653
0.0851459689368744 0.06071712949519 0.0129462578598682 0.0213881824986415
0.0417818524637734 0.0566799965122134 -0.0346105597604573 -0.10969050965304
0.0138559803194229 0.0642937738477819 0.0606234586408349 -0.34714150949203
-0.0234411691034766 0.0724859491793851 0.419679703542384 -0.351601989985106
-0.0687207953383132 0.063031917951334 0.713111285206675 -0.0011742108290957
-0.0879600958270166 0.0177596328287033 0.492289128588057 0.405513224384603
-0.046587025298748 -0.0308882905718078 0.0719255122746143 0.147356938331186
0.0376672065999606 0.0659208253111453 -0.0321735640730823 -0.211479462812831
0.130006820806863 0.0326451609870468 -0.409001748124334 -0.569774078686784
0.115010496538004 -0.10455009610909 -0.693698376833869 -0.151202528831649
0.0194664304962445 -0.148920550638766 -0.543917336122774 0.310595108071984
-0.0713876344427871 -0.0987712151753646 -0.114030514478431 0.34590730258344
-0.0966032211592326 -0.0494512776762054 -0.0425350235575138 0.105381757698809
-0.0757859716904314 -0.0139747136245688 -0.107735038511546 -0.0289203050661061
-0.0563189850460604 -0.00190327939031335 -0.197853522333806 -0.0711852925988066
-0.0420689329984083 -0.000205941876930217 -0.227070238342285 -0.133518388391922
-0.0225308627086581 -0.0275945099513763 -0.139074264124087 -0.248861772991081
-0.00444379738500934 -0.0198692948129246 0.0482311073635924 -0.377111877278044
0.0129509141370213 0.00393745647677604 0.285776021346267 -0.326772481074498
0.0133264950056068 0.00556650161770808 0.418808927653985 -0.139809624787144
-0.00951092024352721 0.0182897413184931 0.399261636331224 -0.0295861715902816
-0.00936567381044218 0.0332339332791777 0.387093168070662 -0.223450082584779
0.0699386474013605 0.0115595498622089 -0.0210502929104616 -0.278271846017695
0.111579242204214 0.0153745258539961 -0.260661871395563 -0.5863408802023
0.0876623377845745 -0.120275942075879 -0.616837564292148 -0.278766186329057
-0.013661000261642 -0.148421065146935 -0.521273573481327 0.135083296705457
-0.0851402629793585 -0.0567198564516536 -0.212253438892515 0.231948216813334
-0.0609607159514498 0.00130403544435638 -0.0618342889720279 0.0906575335192951
-0.0108830468288368 0.0255099619563467 -0.11330672602457 -0.0363215408133324
0.0197763371424432 0.030631923755834 -0.196082081319669 -0.068839848526758
0.0381739493876352 0.0410031615262453 -0.232432837822797 -0.128984187266751
0.017617722633319 0.0404699178012145 -0.14698679272631 -0.241833486827129
-0.0117914242156568 0.0710185783391943 0.017386806903511 -0.380977822854263
-0.0825657362297691 0.0610829466685611 0.254206368400652 -0.351062493523957
-0.0858785145824699 -0.043844512536341 0.406139120072936 -0.177079774281166
-0.0453063234200748 -0.0870721499340978 0.4127041456663 -0.0173059239687111
0.0348594395213586 -0.0790322822048573 0.339827328408192 -0.229993249959968
0.0699012825438051 -0.0886764047878876 -0.0465820294681928 -0.275870704844472
0.131188890837414 -0.0207907405843868 -0.242736893408037 -0.634786764088312
0.0147509013119444 -0.151080807324179 -0.609455743341184 -0.345186293037378
-0.0985046700059394 -0.102968002109806 -0.545483766269089 0.0722829055467402
-0.0977112851497422 0.0262154597717391 -0.234087245914459 0.207708573552655
-0.0153852529563765 0.0668821921699079 -0.0774209903802944 0.0896194020993595
0.0565748415779287 0.0653841182108189 -0.109676959107666 -0.0236698540581001
0.089628615144034 0.057415961080614 -0.171695153792187 -0.0555365932891025
0.110976284623413 0.0738476857987391 -0.214160973108064 -0.108546040291779
0.0631161592528502 0.0957048821317924 -0.146384297672411 -0.208348883631962
-0.00977968011286627 0.14660743047211 0.00182488219774198 -0.361397433308917
-0.15578757474175 0.112292632107819 0.22567930411769 -0.352608281676113
-0.187455751243191 -0.0465028834835393 0.41133676436709 -0.20181993311901
-0.049489782013688 -0.167606766088586 0.400565818133793 -0.0504651056823882
0.0566294188390404 -0.176627769872278 0.295222201261985 -0.186715786597302
0.130606556662997 -0.1091537765501 -0.0859801134220853 -0.254621289028472
0.0968499380647495 -0.133795607533588 -0.376881030280189 -0.582716102932247
0.0406606637516661 -0.2162347791957 -0.696815230498483 -0.203097329171665
-0.119299042362428 -0.145687366248231 -0.529697764861885 0.206404020594866
-0.122008545677296 0.0329405877996877 -0.164946116915884 0.284843686653484
-0.0148777640620714 0.0902761891436896 -0.00331706633161614 0.126461907226637
0.0638338562906744 0.0784640490731272 -0.0321243251246604 -0.00544439538388157
0.0892886569554332 0.0694595257657271 -0.0891049388755972 -0.0449784463090993
0.10901607253128 0.0933229092841277 -0.148515788861828 -0.0859919032565939
0.0459399940257624 0.118974908117819 -0.124018147082384 -0.182605879923048
-0.0560100408769991 0.148021819416231 -0.0126811200250764 -0.358235766492898
-0.182258882514651 0.0497487531111765 0.226492010214413 -0.379309774284559
-0.142091870383825 -0.107731049476557 0.457238466149912 -0.210047971893907
0.00891089187432429 -0.131661799847065 0.427105535712799 0.05962335497555
0.067447839338614 -0.0456193764280302 0.123146684454293 -0.0133843914767227
0.104752997408069 0.00967527791365045 -0.0460922928718463 -0.229633506167246
0.181062369722789 -0.0915717494574944 -0.387349267599844 -0.527038024773694
-0.0189695331207503 -0.238842346109385 -0.659362496235868 -0.1502436254239
-0.19276500419795 -0.103118046717613 -0.493255458353171 0.220242024914164
-0.126073846009817 0.104159862758698 -0.158081262495503 0.288811138933686
0.0143801027920628 0.130830070151509 0.00647196248128238 0.151491542792409
0.0922597177344729 0.0993791238811527 0.00210973757001955 0.0219896964661953
0.115422522575262 0.0816713209459455 -0.0401398541164177 -0.023359954990836
0.128554650747999 0.102904913593253 -0.105329736589268 -0.0570786207949191
0.0459093582005083 0.127144718787752 -0.104468526914737 -0.146569201654409
-0.0628699392382556 0.138720003898372 -0.0250482612276943 -0.332329385330958
-0.170256156901998 0.0257346546561452 0.219074594175743 -0.386915042017966
-0.108576137105899 -0.101305761440906 0.495881131891664 -0.226280128088262
0.0132673206613669 -0.0913831321400058 0.466866347878357 0.107518175507886
0.0432598318429134 -0.0345494280572411 0.100526397945342 0.0308927264296533
0.112539550810969 -0.0395274912194613 -0.0950217685293676 -0.173860508008909
0.138727142370023 -0.16202864696359 -0.404638564163627 -0.409071865239237
-0.0986978344940136 -0.238241233294439 -0.610806845383215 -0.0815836599635727
-0.231888300468441 -0.0426646764044877 -0.461772517208502 0.248132853810793
-0.109533713677432 0.152546573759271 -0.145184055587076 0.318429196835029
0.0365349068749212 0.148921082567237 0.0323867619953519 0.190289627312942
0.105241312538655 0.108046695501876 0.0520197791641052 0.0546335773780999
0.126270784847426 0.0822681729006446 0.0156684241120054 0.00201946008877256
0.129983803569849 0.0972088784439161 -0.060105090556724 -0.0270163168728248
0.0425047636877141 0.110447357088527 -0.0861671602785272 -0.121166044043357
-0.0484092784925562 0.104407842552872 -0.0248842501489044 -0.327941980991609
-0.112968384248478 0.0125965532137108 0.249903826119771 -0.402177647519084
-0.0608872315027074 -0.0507452907110599 0.570021193017199 -0.206949578410949
-0.00501371363402555 -0.0254452739195784 0.505891140700737 0.187856023572756
0.00231790565032055 -0.019775134241536 0.0864369858954512 0.0758449159402179
0.0892351238641183 -0.0659010854372445 -0.137734254643802 -0.0985326063080409
0.0770506359480688 -0.165344646350225 -0.405519815962175 -0.287540507782938
-0.132579655568567 -0.183519437860257 -0.566117907842461 -0.0179339558282499
-0.207615805711285 0.00591886854010155 -0.435794305392278 0.283999852758158
-0.077886136952407 0.15268097184586 -0.124602900623109 0.362859970529737
0.0417848222620286 0.135821121351043 0.0725443322417983 0.233411349672047
0.0979240265240927 0.0982849272396613 0.108528008691816 0.0879162639647628
0.117187869740872 0.071048314168263 0.0709873645403818 0.0277503467793136
0.115441867413856 0.0799598845978846 -0.0186655671139046 -0.00122853123854041
0.0417957847046898 0.0823594471175 -0.0645578060628935 -0.110920153779142
-0.0153049857388164 0.0744146654279545 0.00140100971191961 -0.340151275521552
-0.0513710879756637 0.0341248094054814 0.325871374615035 -0.399727083660939
-0.0441862766782549 0.0204353806664905 0.655740943321521 -0.131909025400676
-0.0469950844229498 0.0218310493797586 0.517101289881262 0.292538458325119
-0.0350390615770607 -0.0175426864879915 0.0800733435002508 0.115593021130911
0.0409635622774894 -0.0558481995950917 -0.157832741829908 -0.0270173606470094
0.0261596405863265 -0.101629064457584 -0.389435621290642 -0.183802530159402
-0.104686279661665 -0.104758690654648 -0.530479996592697 0.0357174385212027
-0.131777891414232 0.0199499951181125 -0.408821361998761 0.320295788824827
-0.0457890909615135 0.102847121770458 -0.093886026370552 0.404776857507018
0.0257165771798676 0.092958921295905 0.117104653193777 0.265844559414839
0.0683173048824688 0.0708440991759334 0.159077729028146 0.114850315722546
0.0898280055334062 0.0492105571012068 0.115427243027632 0.0491242155940343
0.087722762202197 0.055548848533656 0.0156403246678567 0.0156821025629882
0.0441860822784591 0.0550971973592936 -0.0350943317710888 -0.112557219955007
0.0172139142724234 0.0633361295402377 0.0550442597314024 -0.350084247036943
-0.0210601523645432 0.07494158626855 0.415329285342821 -0.35874628436655
-0.0695526444295028 0.0683959505861672 0.711847388432707 -0.0129890108553308
-0.0899744886036487 0.0197758902611799 0.496109897272059 0.397846157186462
-0.0515956291140309 -0.0327851820767983 0.0789784365436085 0.150002833249884
0.0407415769323456 0.0661358416148699 -0.0421239702201253 -0.214427430359331
0.133922605003965 0.0321142622185909 -0.425827329740405 -0.569541218598517
0.115709696754277 -0.107858910199492 -0.711433087986195 -0.140852145650969
0.0164845527234771 -0.150873099875504 -0.55032582837218 0.325807080903221
-0.077559505140089 -0.0996479675541208 -0.108605447359875 0.367026670581895
-0.0997884166324577 -0.0448459240209959 -0.0373784522523989 0.116724800772919
-0.0778813929020067 -0.0108608962007697 -0.104653862537045 -0.0139265597114033
-0.0582480221926913 -2.85212102575077E-05 -0.196413889743103 -0.0530930234951445
-0.0430355081050101 0.00114564807987945 -0.23042280763381 -0.11598740860196
-0.0266381026339643 -0.0281321145872463 -0.148923112312678 -0.240546928377837
-0.00630351713030758 -0.0225771473705181 0.0346638324024978 -0.382897100537072
0.0155379989077989 0.000110965788328646 0.282141083534998 -0.340513942675162
0.0132466693861863 0.0030412240039876 0.425625830555022 -0.149295622065666
-0.00802513096757543 0.0185694750332252 0.40152917436844 -0.0325171238446832
-0.00761719900591875 0.0353769245996375 0.368382413036063 -0.227314776173549
0.0664043279533666 0.0184254519218798 -0.0308649007241509 -0.282047757008292
0.108985652177675 0.0184751999603274 -0.278975019979701 -0.592258037272699
0.0913839130318374 -0.118683472786998 -0.643562301228989 -0.270123631919102
-0.0118465114248859 -0.145097471822832 -0.537100876190145 0.144513738088018
-0.085157654198125 -0.059363643991124 -0.218806958115078 0.249924959136447
-0.0609238869041581 0.00200883882939197 -0.0605664955287162 0.101537130772884
-0.0110663206561299 0.0232268963709779 -0.112626565714744 -0.0220407260925229
0.0174658218087882 0.0260863687074301 -0.196241061153104 -0.0521425288080125
0.0376007477596775 0.0362361270861859 -0.235851709337485 -0.112508164265698
0.0161255185710694 0.0374586472749579 -0.157565622971733 -0.235847437575988
-0.0089129565909166 0.0677014142292387 0.00229363015082237 -0.387440309758545
-0.0772605549390782 0.0605708725697603 0.248327324874836 -0.362548390922941
-0.0931792445356731 -0.0365785051288105 0.410257128699863 -0.186209800298533
-0.0467008045230685 -0.0838233253237084 0.418800771918087 -0.016665786021979
0.0308972845495279 -0.0756321635636875 0.322803150868506 -0.236997040085737
0.0567813065580188 -0.0820047076792584 -0.0549021905565525 -0.279061053788432
0.127080124189561 -0.017553531830495 -0.265758653650751 -0.641213571603847
0.0166751680609801 -0.141420328368252 -0.636154721863972 -0.336205706371691
-0.0899293519983228 -0.0969631061357913 -0.55999310389539 0.0919308321444872
-0.0906581519712134 0.0228316188009369 -0.234627760094226 0.226320759127502
-0.0117800811234725 0.0617765214211671 -0.0742672505591514 0.0986545127646298
0.0572775296386852 0.0582796824809931 -0.1083459645819 -0.0130550343055094
0.0890130956398306 0.0483116221574094 -0.172274875111025 -0.0428659417010366
0.111004527235045 0.0638588861098768 -0.217580526254538 -0.0945527115548942
0.0635877124769412 0.0890313276539767 -0.154610374077338 -0.20132465631042
-0.00490065851778978 0.140597083849076 -0.0125350169707181 -0.365872365651301
-0.14696812810175 0.11360556329051 0.218926968354821 -0.365667071064767
-0.185505622658376 -0.0403038351922805 0.415540968374599 -0.214022632622346
-0.0602248596316715 -0.16254690958206 0.401617560502343 -0.052258597033969
0.0458243208613961 -0.170173772766131 0.282000633762968 -0.185574102609377
0.117415340677221 -0.104302901324526 -0.0907130001052195 -0.258605260521343
0.0984712696222559 -0.122894680727491 -0.391000378190627 -0.586905948038378
0.0379289562923673 -0.210144681644995 -0.709559515061731 -0.194735564696978
-0.117214049668229 -0.139725978000118 -0.53337476903029 0.220565875946546
-0.117888811464083 0.0335631323791741 -0.161581242465357 0.292713902347564
-0.0100716898546306 0.0885644776905238 -0.00141173276817332 0.1269522981573
0.0667926959736839 0.0740519892301675 -0.0328439416590408 -0.00194145330361228
0.091449372152934 0.0627430478431043 -0.0915962280530087 -0.0395868898783075
0.113314154473515 0.0859917946916694 -0.152245458494244 -0.0791259942704229
0.0487304061225534 0.116613179639198 -0.130343893739156 -0.178765429660581
-0.0513048139615939 0.147954967989085 -0.0255779740160807 -0.361039295889527
-0.180598881282474 0.0541060055838391 0.220064992517194 -0.391697056050694
-0.145978436282646 -0.10234479152669 0.459547955949193 -0.227607319145478
0.00334315822691619 -0.130800843670804 0.434477176855679 0.0522557813487341
0.0620931985683223 -0.0485502100132405 0.125500224557696 -0.0156494059372324
0.10095797030717 0.00778712025304873 -0.0540573319167883 -0.232951363073812
0.179066869173919 -0.0929381892854262 -0.402778726831187 -0.525831914977367
-0.0232415230975989 -0.233660450098437 -0.671946534358443 -0.139706012668117
-0.192187796482896 -0.0953796829357307 -0.495771768106318 0.234799131585067
-0.120469353368204 0.10692989046189 -0.1523683885243 0.295707636863839
0.0215514324101725 0.12878198094872 0.00951295255294073 0.150136778647006
0.0971111603324245 0.0951568699413894 0.00231186748727982 0.0225063294812691
0.118933084914316 0.0738168114112798 -0.04244417438169 -0.0211470759132728
0.133260873391718 0.0933995729414755 -0.107252462041849 -0.0535828516880305
0.0493548879680435 0.123684373452521 -0.109654265211818 -0.143807317073209
-0.0573797655213737 0.138337250643281 -0.0360312361557169 -0.335754411496641
-0.167172474643717 0.0309732207189979 0.212439647453849 -0.402038994187134
-0.111997451651284 -0.0946353715346565 0.498940621465319 -0.243438752644575
0.0075004704713076 -0.089035518975169 0.475463697479607 0.100146607790972
0.0359361921177331 -0.0370075164796907 0.10385040219143 0.0301946745742226
0.107687031824494 -0.0416798596053688 -0.101804250282949 -0.174501159832627
0.13596616169381 -0.164710451349976 -0.41866241658111 -0.406848894426597
-0.103883402794416 -0.232944444166779 -0.621943335964021 -0.0697867074128452
-0.23190237219665 -0.0345587972427214 -0.461271662076001 0.263442232287645
-0.103192925827631 0.155862921312301 -0.138224822866098 0.324188590259892
0.0447848899968467 0.147728277245443 0.0373283727765853 0.187643763213543
0.110327988817804 0.103660204537161 0.053071018662038 0.0521230986423967
0.129773225146745 0.0741020074630611 0.0149683992827141 2.60547673590482E-05
0.134800381021271 0.0881526329400213 -0.0609967229634519 -0.02680046999573
0.0463041061277911 0.106802865101112 -0.0902203540320347 -0.120615993849736
-0.0428497444452704 0.103164884274245 -0.0350792990927304 -0.33361503256657
-0.109632187144211 0.0175138827289833 0.245992838236127 -0.416327048200466
-0.0626785532576852 -0.0437810089024403 0.575089539410628 -0.223140027324775
-0.0100799135780926 -0.0222178244426553 0.515227114659351 0.18381069187441
-0.00618907099426884 -0.0216597333427114 0.0917824188776406 0.0774972633015182
0.0845852433961047 -0.0678949496869911 -0.143520574381393 -0.0959692738596244
0.0741522790606935 -0.167909162414482 -0.417514210472351 -0.28098910396815
-0.137163028444328 -0.178160337013187 -0.573595222266102 -0.00529954421645916
-0.206746942054901 0.0140305164571054 -0.43471674574467 0.298799238188176
-0.0722071899519781 0.155987445462999 -0.115690944005754 0.368207938240634
0.0491723173136016 0.134739178807128 0.0795671592047157 0.229056634117241
0.103108103760786 0.0947971069657786 0.111678036005901 0.0823495627247623
0.121793086837082 0.0639250329176763 0.0716133724425677 0.0225534863152442
0.12035177570696 0.0720720326211199 -0.0178992309118179 -0.00473037480626569
0.0463111722436551 0.0794154474375327 -0.0669581283257367 -0.113466514882945
-0.0100647498291328 0.0734183828793523 -0.00692051649310652 -0.348675157963559
-0.0476318626137398 0.0388052027559147 0.325639518979124 -0.41676463302967
-0.0453286580022821 0.0284694451451062 0.664216202059387 -0.146118315029976
-0.0523776804228151 0.0253607362241704 0.528684278927068 0.29054947216451
-0.0437605571150242 -0.0187258116591958 0.0873482955754669 0.119472460431452
0.0379680751074404 -0.0565492056507646 -0.161348600573755 -0.0225265877137086
0.0255062063385966 -0.102545498562634 -0.398585702229454 -0.175772786364011
-0.106789019047766 -0.099334351712159 -0.536282575285926 0.0479248704569945
-0.131396957670429 0.026370033185257 -0.404045753250341 0.335741832209355
-0.0424953282463007 0.105380072894277 -0.0838307479594461 0.409204739185618
0.0312315645996676 0.0934258464181077 0.125476117493526 0.260481497776591
0.0730056611655966 0.0690232123227749 0.164220506430589 0.10722692503827
0.0923163688394018 0.0441044944179855 0.117128779310187 0.0417536625931358
0.092018293648669 0.0509880722496636 0.0179279900140349 0.00941746151507277
0.0471575630190044 0.0537169526026887 -0.0366888901085792 -0.117327356648898
0.0213723494308721 0.0636071265479298 0.0482737446885719 -0.359487472832233
-0.0180370909449969 0.0797924611725448 0.417889972265315 -0.37566405910539
-0.0712115622531671 0.0750363095682954 0.724109091255977 -0.0260730632563839
-0.0943716673564152 0.0221739831647187 0.509589864871522 0.397225836938245
-0.0586664828673348 -0.0338659146925943 0.0885390421116826 0.154808835078728
0.0463804733124116 0.0655422277031056 -0.0576898497339004 -0.218005781991298
0.140098411585134 0.0286547307814249 -0.455747763173767 -0.566384009109753
0.115515626831694 -0.114637417708447 -0.739291867478051 -0.118767919855756
0.0122837231434353 -0.155086937328143 -0.557094965116224 0.355583134087889
-0.0865095215220458 -0.100632723158001 -0.0987144324775684 0.384292958786039
-0.104093524694202 -0.0390097415043093 -0.0303614055936804 0.128917691396956
-0.0802761448220657 -0.00621969381762325 -0.100893640561294 0.00138739714071982
-0.0604023583217208 0.00332348284242957 -0.195027568453302 -0.0337660733178961
-0.0440967440444533 0.00311278487296402 -0.235454282078809 -0.0965005353653806
-0.0317318777744412 -0.0272992790249441 -0.163148221324708 -0.230888001504152
-0.00981476395420153 -0.0250265233582919 0.0131148791304398 -0.390781235531719
0.0175536010269489 -0.00474959904572685 0.271691563416303 -0.362477464327147
0.0136252621793574 0.000615944334348303 0.431281018111722 -0.169312401395379
-0.00615385962944252 0.019123723899784 0.407609806068986 -0.0443122349005897
-0.00483643968245398 0.0377318482712401 0.351249438007119 -0.24057255769461
0.0644670762723066 0.0247957769349435 -0.0473356723395236 -0.286024440524727
0.106550899979679 0.0193529233157126 -0.311429532480713 -0.599434703299067
0.0909470671831501 -0.118793315844353 -0.675747316061063 -0.253678631089648
-0.0119442966284249 -0.144204180882627 -0.556074954435695 0.167149126826034
-0.0861486338704102 -0.0585483543304188 -0.213583091410979 0.274811144500427
-0.0606144784982104 0.00307577107178595 -0.0561357613932628 0.112466812352768
-0.0110504459357222 0.0218893674846896 -0.112478304811812 -0.00752198790206292
0.0166163379205702 0.022426402290977 -0.197219170837056 -0.0333230936857411
0.0378488503210346 0.0306237769418453 -0.242704221252617 -0.0935143575407496
0.015913370617046 0.0353080086588148 -0.174729253285351 -0.224833765862383
-0.00654979592864334 0.0652807544225604 -0.0207744337854237 -0.395452082214113
-0.0718295727703805 0.0616628877717546 0.235591264780717 -0.385070161602885
-0.0975416062706161 -0.0288536313531867 0.414363837488917 -0.206787860156788
-0.0502392032049136 -0.0800522799097292 0.425188242606344 -0.0274695158129362
0.0249079000888916 -0.0731851153587187 0.306204903659606 -0.248196457324207
0.0461943709280467 -0.0748031856320633 -0.0695308845523284 -0.284261248170408
0.12458689850921 -0.0161943721111886 -0.301483448404405 -0.647100943859866
0.0176609939360247 -0.133940212530197 -0.670858756776773 -0.316692138789684
-0.0832426731498763 -0.0917715950204828 -0.57495150137934 0.124842662438666
-0.0852500850692121 0.0209669306885136 -0.231187336421521 0.249577713157109
-0.00830173578339005 0.0570028202466596 -0.07102116317069 0.109527232224178
0.0598916746751916 0.0507295973331454 -0.10790374597651 -0.00128283919926833
0.0891699407954875 0.0382187163162144 -0.17413363287475 -0.027535180836903
0.112675082229444 0.0527215144182985 -0.223462071783474 -0.0773125651628731
0.065230102108507 0.0837828721389448 -0.167414016451353 -0.191874701938717
0.00101746384324373 0.137291675013143 -0.0341689856318073 -0.370447123991261
-0.139026293429069 0.11750483755378 0.206781894492056 -0.385427374627337
-0.186650721546623 -0.0312170274218826 0.417692899401949 -0.238336670753731
-0.0730605478664623 -0.156718048581543 0.408142086822911 -0.0636321750825362
0.0348635345466708 -0.166028467036984 0.269863747858415 -0.195370801995521
0.101435860651898 -0.106868797588814 -0.10140069841002 -0.260980105569381
0.0954262631201609 -0.117911970174107 -0.420693246271768 -0.586094414723972
0.0333402031305003 -0.206785184246547 -0.73425949998382 -0.175438048996495
-0.118893853815756 -0.134071135017259 -0.539128802969877 0.247515928766349
-0.114609947425163 0.0377449198022058 -0.153593975590875 0.306648297112662
-0.00259855236132868 0.0866978377899792 0.00154798562145418 0.128454218312144
0.0719907910686856 0.068336698462991 -0.0340591831895439 0.00178306440963468
0.0955853767860547 0.0550778531706899 -0.0951986468086446 -0.0326745087682041
0.118922474089384 0.0759184769374049 -0.158381956661767 -0.0694882964759412
0.0536939847094351 0.113851204158963 -0.140200358793252 -0.172230488721928
-0.0446624417045863 0.14984416745514 -0.0454822726666298 -0.365466812009376
-0.178522490256152 0.062220220849954 0.20565350400216 -0.411430700039652
-0.151983079995429 -0.0944792895665239 0.462210770167138 -0.253399546856847
-0.00474922535234741 -0.131020190878207 0.445886471751923 0.0358716389628938
0.0556812021753956 -0.0519141908881216 0.127855599488432 -0.0215894972198447
0.0979753487212875 0.00494078078976082 -0.0664942005467664 -0.236215192168773
0.176895365543134 -0.100517570310479 -0.433796238752333 -0.52233108781658
-0.0310057168861049 -0.2303501830657 -0.692365969007798 -0.117880298742223
-0.193553883717107 -0.0861878159762569 -0.498775242044621 0.262651447504463
-0.113438823111224 0.112363454126174 -0.142851794324598 0.308269487962769
0.0316667226212926 0.126719613503513 0.0149177307475832 0.150013665559127
0.104306333923192 0.0887510639793955 0.00295918685292998 0.0225616251965672
0.123899975910481 0.0638907736964806 -0.0444581367619685 -0.0188131802486754
0.139759439985398 0.0819180647588674 -0.111683903209136 -0.0483505065492082
0.0561325091456876 0.120350122964419 -0.118165378734709 -0.140084719422036
-0.0500343734907705 0.139721152238839 -0.0549625558252814 -0.341570727569016
-0.164765240356855 0.0390292158115935 0.198891769846658 -0.421971717932202
-0.116746918332453 -0.086156466596705 0.501851096641988 -0.270667154119277
0.000123742694834294 -0.0869330830352833 0.491055187892281 0.0850106906504724
0.0274088245301926 -0.0388165877625001 0.108804091913459 0.0278606727272064
0.103673538339994 -0.0465659640319079 -0.112790008525412 -0.173708361823237
0.131141667313698 -0.172971578471194 -0.445984248526732 -0.398315477014629
-0.113789870106859 -0.22744288237619 -0.636030356786477 -0.047306127918051
-0.232859061884454 -0.0222112527895589 -0.459609502268904 0.288864917090221
-0.0938466786560238 0.1618399741371 -0.126670688106767 0.334829326949673
0.0559225545790892 0.145295970685253 0.0453001332284416 0.1859148837225
0.11943068181392 0.0973361441052725 0.0563255964629859 0.0488190089650954
0.135679016960516 0.0635176785799971 0.0143276923099455 -0.00263869976002391
0.142333059411816 0.0765350891908483 -0.0631998017533231 -0.0259989318095512
0.053106505958316 0.102395478124687 -0.0974630568303771 -0.11959403487791
-0.0354195186948681 0.103229773250794 -0.0532125344062581 -0.340059670050079
-0.106070070438232 0.0237981352299236 0.234747321451625 -0.43931557093092
-0.064580961908413 -0.0344871552937001 0.580601834848363 -0.253567047735925
-0.0162175149937133 -0.0174897653021374 0.533850733147351 0.16823366982341
-0.0161647101049669 -0.021512770382935 0.0996778485404474 0.0772623156263367
0.0801025429048308 -0.0716860462697117 -0.151022385981694 -0.090905080091387
0.0682056531973019 -0.17388471860933 -0.437495993872197 -0.267723382698294
-0.145479109250589 -0.171130892890405 -0.584446084365905 0.0180976440911048
-0.208133862116249 0.0259655172826675 -0.427854975587163 0.326237534987534
-0.0631971891360817 0.161701794004116 -0.100599948699503 0.378580635331085
0.0596027863624564 0.133668929659362 0.0906220279280296 0.224500193274024
0.110993410337975 0.0896083463921889 0.118026494822388 0.0749532555916407
0.127303685381938 0.0545441731263163 0.0732356499752846 0.0156263477212015
0.12731755524471 0.062038530851576 -0.0188345933507959 -0.00807246852011817
0.0523558817678007 0.0760615039828185 -0.073276611492038 -0.115400141422067
-0.00334347214327435 0.072874950855337 -0.0228987218912908 -0.357878291028627
-0.0423472614101328 0.0443691312139011 0.316197919988186 -0.442705982771433
-0.0453423263676765 0.0383267280557515 0.675635538795561 -0.176352699969132
-0.0583700547896186 0.0316190124377543 0.553248686038161 0.279384299194495
-0.0536490155527449 -0.0183996712621245 0.0983850182372071 0.121246049857523
0.034372866499147 -0.0586853898649609 -0.166030408543965 -0.0140570681190571
0.0229330280092695 -0.105831270535701 -0.413560633036262 -0.161334126629051
-0.111659064961596 -0.0937770070669739 -0.544514283742541 0.0718336957155838
-0.131359667013085 0.0349874216573785 -0.397610030820423 0.361553213615256
-0.0370654948647135 0.109840298677063 -0.065299921798915 0.417770861174459
0.0391921465497351 0.093607564671749 0.139905241250471 0.253807243963923
0.0795123879181525 0.0661191796422904 0.171852410454818 0.0963040124208839
0.0968579195890778 0.0376558727024448 0.120628364010362 0.0313018862316382
0.0983719649836964 0.0441745846023315 0.0184248705631458 0.00271619990353105
0.0526028565102305 0.0513401401666952 -0.0413420474400538 -0.122780420062202
0.0266914250188827 0.0638882657679995 0.0355664377542138 -0.373463652915075
-0.0137790857468033 0.0850945805496317 0.413409027092883 -0.403181872967817
-0.071076981014277 0.0843938842698673 0.739655589549343 -0.0526497848828973
-0.100328420212369 0.0273369456388269 0.536156963663511 0.391819432487462
-0.0677178685127737 -0.0335805339048758 0.10238124999214 0.157882341297074
0.0523979338593305 0.0627893704672533 -0.0759000021835427 -0.217602328092973
0.145765934148536 0.0213445395818107 -0.491993455214748 -0.547884410789605
0.112477155281734 -0.123023796123308 -0.760126699481676 -0.0810179712353649
0.00587649452916202 -0.158496042899128 -0.548840912639899 0.39382433854926
-0.0964401647951476 -0.0971724848430299 -0.0786912842009648 0.40393321321077
-0.107328674496064 -0.0313019601746811 -0.0208180658812222 0.139609608775475
-0.0819740732834803 0.000308500476617826 -0.0951760234498559 0.0160858381993433
-0.0619578643821264 0.00852202801230613 -0.19122651338037 -0.0116962725287801
-0.0448659628409089 0.00585295239372736 -0.23860935301682 -0.0715163181079689
-0.0365649678740159 -0.0253604508722667 -0.178827985533197 -0.214423691158675
-0.0135261785839502 -0.0258496111415303 -0.0150937738294923 -0.393113594754113
0.0179466338030118 -0.00994542096667668 0.248660375237435 -0.384263321786888
0.0127306442597013 -0.00166001402397674 0.427838031241502 -0.198449548821234
-0.00418045594959885 0.0193066618698175 0.407192572003616 -0.0628921450525554
-0.00145104625202176 0.0397523167112569 0.327232403102704 -0.256636175711238
0.0614217444229403 0.0213593912730757 -0.0687530838248914 -0.283539035681649
0.104367158532097 0.0184885205230634 -0.3536543383024 -0.59101137583753
0.0879408692933266 -0.119841264370038 -0.703266104436094 -0.217099906139694
-0.014326126986098 -0.143157397764483 -0.562726974705804 0.206459143569057
-0.0877748558429054 -0.0560266119412907 -0.199650818845994 0.300725526395119
-0.059776657658359 0.00478523708971995 -0.0485459963715043 0.123753798791046
-0.0103571505466913 0.0196078405930674 -0.109927752957904 0.0080275496313611
0.0151110152099838 0.0183324586887983 -0.194387145542936 -0.0120591320624665
0.0385150255782332 0.0245988704272716 -0.246450961388141 -0.0697957629142403
0.0161452027167883 0.0324214533272027 -0.191482751753957 -0.20317168266743
-0.00375025911097447 0.0624473913832026 -0.0502593370950003 -0.394253703628665
-0.0654510003716677 0.0628206284376612 0.21184011982761 -0.404153623119706
-0.0987392813869327 -0.0210179621237824 0.40754479530332 -0.236525660251503
-0.0548195820230724 -0.0745538896968356 0.428418845129418 -0.0507696209050061
0.0183305876454378 -0.0706756025449929 0.283196034373096 -0.262242036534126
0.0336722404614009 -0.0697174364888558 -0.087795163122187 -0.282843262631015
0.121225041946018 -0.0168702958430951 -0.347303662705285 -0.638313597864216
0.0166936899050447 -0.126664022691981 -0.704333401066472 -0.282231042152388
-0.0776955026068168 -0.0864950649016587 -0.581609686015643 0.168946362404936
-0.0789045225097774 0.0204869719810601 -0.217946803810083 0.275659247977074
-0.00379170245113737 0.0514381569479035 -0.0637972104565784 0.1204519351914
0.0625021598983518 0.0411888374325532 -0.106133668184542 0.0107533972182619
0.0882824987296664 0.0272602154138018 -0.172527914397743 -0.00948608901837797
0.112646425000583 0.0388035481918201 -0.227020976986973 -0.0548492556677801
0.0677603869439897 0.0766946269773797 -0.180033638612044 -0.177092528156866
0.00906598148188688 0.132620201260498 -0.0621334132729781 -0.369632649885565
-0.128609317527336 0.123409791652812 0.182448542932513 -0.405094391941746
-0.184928647792449 -0.0183947230558228 0.409320950230981 -0.269061441805837
-0.0902067791776812 -0.143355719925714 0.409179369873415 -0.0829196720724758
0.0206066307799988 -0.160242943523134 0.252327522278813 -0.206447626021916
0.0883504491633209 -0.103357164413671 -0.116525007938965 -0.260368461610142
0.097521571084279 -0.11337409082897 -0.458931591165867 -0.570754944687851
0.0242683547359706 -0.202340851285517 -0.752734089730584 -0.13770649570588
-0.120597239337701 -0.12492555766268 -0.533883457556233 0.283074887848233
-0.108016973505705 0.0426541168517678 -0.137759370883091 0.319647828816939
0.00579753461859644 0.0826022737948141 0.00700098120689622 0.129249972515364
0.0775912348806574 0.0595599720988465 -0.034713003298992 0.00592138650696706
0.098160946989826 0.0443787356336903 -0.0974062980121601 -0.0232770187865133
0.123562548156236 0.0623322739300209 -0.163434114548821 -0.0550386126101524
0.0606755263794399 0.108625263952319 -0.152147805295863 -0.160638256005355
-0.0341686445501208 0.150799534267545 -0.0721410289728766 -0.364323851013442
-0.173226370564348 0.0729349205353445 0.178376255401783 -0.43045745580706
-0.157251642080156 -0.0828150742178025 0.451778610864013 -0.286847367467959
-0.0153906625653583 -0.12818345212772 0.453684773909706 0.0115657318509129
0.0477916336852265 -0.0542230373440401 0.127916598133206 -0.0296680484723848
0.0930497977111209 -0.000126918123855674 -0.0822788913014172 -0.234514407519245
0.170661170515838 -0.109237221671833 -0.467892061846246 -0.503927687851761
-0.0421784056854407 -0.22439141306347 -0.709126453759298 -0.0793308694815347
-0.193869640763102 -0.0721166949183177 -0.488036037052462 0.295763053223595
-0.102311465733584 0.118435308487279 -0.125225213016513 0.319506180496423
0.0432922431560655 0.121435900491786 0.0220875842980324 0.14856656344397
0.111880812178433 0.0780044437593733 0.00356852977111568 0.0225103588006786
0.128134094479302 0.050875578356514 -0.0465646614669326 -0.0148995969672448
0.145433763855472 0.0656542421584953 -0.116234795164695 -0.0388127921440645
0.0639726476885119 0.113638309210033 -0.127411586341224 -0.131230607988925
-0.0394709552664605 0.140057278638105 -0.080967771930517 -0.340823093826983
-0.158747726260707 0.0496256341334756 0.172405881080935 -0.441762505157133
-0.120368951505068 -0.0739534695951992 0.491981549178136 -0.306483410023526
-0.00932550798852513 -0.0825859993222809 0.501906093003644 0.0608372567245831
0.0181398133459588 -0.0389149594022255 0.112741272519691 0.0223410289268664
0.0971898357984686 -0.0520292684496251 -0.124233175318689 -0.168220541505921
0.120373838302666 -0.180881485295764 -0.473001580133597 -0.375325100397641
-0.124904081570394 -0.218032188479445 -0.646814528309265 -0.0110593312060557
-0.231121978499993 -0.00562724096613423 -0.445251913388785 0.320551851631598
-0.0800421631951067 0.16746410897938 -0.106197938961677 0.344541398286051
0.069183013455219 0.139341908506852 0.0565259699918387 0.181024014543765
0.127876642704499 0.0873653912457554 0.0589029175200363 0.0423742584335466
0.140409125873243 0.0498857146284599 0.0130352608063625 -0.00455721851376135
0.147288005890725 0.0601784498691487 -0.0662404772715258 -0.0227653894422637
0.0612926026011675 0.0957156232711544 -0.105376680842694 -0.114252725018318
-0.0258560053361934 0.102460727118023 -0.077176260766665 -0.342032517008302
-0.100157283414504 0.0323574235377559 0.207842181613377 -0.462083244662508
-0.0650810743212692 -0.0234742251498474 0.574178422269791 -0.290984585968203
-0.022524566069733 -0.0109050880109758 0.549772456312756 0.142370964581308
-0.0257383437264494 -0.0189936010747782 0.10786656305049 0.0735267230420993
0.0723946353591605 -0.076722528698964 -0.157438654995069 -0.0813112500219044
0.0579571096243274 -0.179531929479968 -0.45766613487605 -0.243430216630804
-0.155074271976902 -0.160490432938288 -0.588443783441915 0.0545664751812215
-0.203875380172638 0.0413377849669221 -0.411210439271382 0.355493787236634
-0.0505020729193166 0.166441796443045 -0.0764383693702195 0.38556537193918
0.0715590981691884 0.128242559940595 0.104648627500776 0.216064629133329
0.119507138014533 0.0801497795529572 0.122701131257406 0.0636020763590132
0.131252431890649 0.0420776260738069 0.0735359126031558 0.0075490425021728
0.132730451217904 0.0475041511872128 -0.0205713766613861 -0.00992944138051063
0.0595859998680498 0.0694459281676291 -0.080632041300227 -0.114774914674954
0.00458320798719215 0.0715248308841574 -0.0464216595731045 -0.364359199409619
-0.0350918455265989 0.0505445076443087 0.293922952384055 -0.469720210194838
-0.043047090937011 0.0487933568548272 0.675489939075001 -0.217277829302308
-0.0629009696494156 0.0397313372324535 0.575612565876357 0.255861809837326
-0.0627622172434335 -0.0144379197594307 0.110880502308557 0.118684987161092
0.028937334953602 -0.0610468300947329 -0.168311744832816 -0.00231361364381012
0.0164238416706988 -0.109243099671608 -0.426376019913053 -0.135630502170299
-0.11668536859573 -0.0852799658883922 -0.545221905407091 0.107774868750263
-0.127788070709755 0.0453732083210764 -0.378304430356336 0.389888667614301
-0.0282354819448815 0.11348612085097 -0.0395893656961542 0.422932485653988
0.0483836357086694 0.0906492440812525 0.157087963664818 0.242090407832896
0.0864426022731599 0.0596034035049443 0.178649055740403 0.080684867915777
0.10009539977252 0.0276733658783766 0.122037450748582 0.0192840772749994
0.102993884456762 0.0334130711854456 0.0176206824230176 -0.00419379405148606
0.0581203718344943 0.0468023794475569 -0.0485381891888881 -0.12609921944903
0.0338392023356904 0.0627145544918311 0.0125560690390778 -0.383350046770699
-0.00615907811122756 0.0892401914646165 0.396071482188912 -0.433659278134928
-0.0677656909865335 0.0944928546940727 0.747973324409688 -0.0937186720305407
-0.104853472756035 0.0355191317050811 0.563383544613676 0.369865942009732
-0.0756072045272678 -0.0292375998169535 0.118743458172919 0.156004959931246
0.0598741258053281 0.0473838214872418 -0.117822644693265 -0.195960438714065
0.130662724239611 -0.0116004411632207 -0.573223239390321 -0.446184872381439
0.077178147058301 -0.134652403356127 -0.751410295671174 0.0523293326868321
-0.0304860261150528 -0.145181899958095 -0.467702403071328 0.483605646452946
-0.110642199344019 -0.0669678651884848 -0.00452559891217748 0.415341414678708
-0.106672715962772 -0.00680816597842569 0.00735589580700203 0.141459896175442
-0.0818180759346078 0.0178947795875999 -0.0797668180871862 0.0369427546775742
-0.0611177820902375 0.0211238554311423 -0.177984016500375 0.0254460242893893
-0.0460231343165203 0.0154978133871451 -0.236527972574007 -0.026024728655184
-0.0443900915253842 -0.0148740838867712 -0.20388722800671 -0.178047956014034
-0.0236443027951904 -0.0237283355810832 -0.0755868232049153 -0.378001876117003
0.00941919200953006 -0.0186602542989375 0.187132014568985 -0.411904880261581
0.00623813095821349 -0.00998084666942906 0.392832056120001 -0.25516941544707
-0.00406331451934607 0.0169489546400531 0.393910832308732 -0.116997613399403
0.00383169783381327 0.0384981069906755 0.275112769894017 -0.285456038891325
0.0551703596886799 0.00803013395858349 -0.117596180329908 -0.257587566299197
0.0902405555566453 -0.00256660887502257 -0.444491629115817 -0.521898613158733
0.0543727715594978 -0.125051944656741 -0.723373076502849 -0.0884031269392478
-0.0431518043994548 -0.126731527461382 -0.514327264646997 0.303734498478252
-0.0948145941264556 -0.0335705211563579 -0.139143262930442 0.332937265273165
-0.0562517570218266 0.016187245712267 -0.0225783795617922 0.128668929359207
-0.00892148985213349 0.0199418157957732 -0.100349350781647 0.0320736686465699
0.0127366059645194 0.0154177970168308 -0.182599986539929 0.0266721922734795
0.0358917363533213 0.017059608975281 -0.24559036349818 -0.022374715963913
0.0169563536765546 0.0305935298591845 -0.215167962566954 -0.164570703855312
0.00144056631561795 0.0591745870413621 -0.109213299471335 -0.37398067147288
-0.0588781489374647 0.0672287825883502 0.149382615968105 -0.429415607452366
-0.103807658593191 -0.00836503084922039 0.369053101084865 -0.289044875120725
-0.0674965415949465 -0.0642663291132141 0.410869725625237 -0.110780067764064
0.00356325788722817 -0.0688632839136772 0.232356469162163 -0.282866885009504
0.00907622436222677 -0.0685095341775783 -0.131093782873662 -0.256081464635032
0.100179343333016 -0.0382312272925668 -0.45022428781658 -0.558456854427132
-0.0139504792888621 -0.11521659623096 -0.731603656642999 -0.150636494643098
-0.0890188672043344 -0.0625728914987946 -0.536539410854284 0.266906245654486
-0.0705424784269705 0.0350401009026554 -0.166025634659611 0.311062689220454
0.00502379398831481 0.0477668823124654 -0.0421007607195201 0.130744381532421
0.0654345947194481 0.0251846507978132 -0.0999446633246958 0.0326273293450542
0.0827615419781073 0.00981255010952983 -0.162447806228809 0.0255444950571276
0.109174696895295 0.0145566271725405 -0.225490281989392 -0.0109318077717181
0.0745030490357436 0.0619707375503779 -0.202052015614556 -0.142859773430945
0.0259534464420436 0.122597868869193 -0.119378029706147 -0.350514030165102
-0.107798483256452 0.136806878680673 0.123312465946369 -0.425235417700656
-0.184467548556183 0.00885332639565606 0.368840627738869 -0.321623409275427
-0.118506155764412 -0.116096965916441 0.390371994910619 -0.129826436171883
-0.00873680723421828 -0.153612765748351 0.207422675091062 -0.225491081116839
0.0614447429911607 -0.104687389380539 -0.150974176485055 -0.230071304861982
0.0627737373206304 -0.123628269221168 -0.536299607531202 -0.478683810566074
-0.0210477826329761 -0.187901883199756 -0.746727729024815 -0.00574458417958025
-0.139324989272583 -0.0884125951206526 -0.465701692044218 0.36714323752811
-0.0921707047431773 0.0643944203451359 -0.0830477602584836 0.333022871176544
0.0231523002700056 0.0758142889396733 0.0229559108021772 0.124211277994657
0.0867813361489781 0.0396947995691269 -0.0365167849322444 0.0123780844576036
0.0980164171642793 0.0239702086256268 -0.097627157176357 -0.00160428746835917
0.126786298217066 0.0347224926326008 -0.16661225751626 -0.0232150758862814
0.075416977495366 0.0945959928250659 -0.172386541266837 -0.133701551424753
-0.0109184345562345 0.148930896570387 -0.127305670289065 -0.344458631691801
-0.160699914535137 0.0993611379252936 0.116346843927265 -0.448690816582721
-0.171313355760839 -0.0567719505662682 0.404605972699188 -0.344195995287605
-0.0414188382127255 -0.121889172096035 0.446238696937103 -0.0510032861460874
0.0344257390905259 -0.0588823733545903 0.118480315416255 -0.0463927085305268
0.0818444063686604 -0.0189217119868006 -0.120011386491984 -0.209651630805958
0.125692155420418 -0.137882393964836 -0.535401791233026 -0.403633241841949
-0.0900070548602691 -0.197854082692301 -0.688376728218385 0.0431372498995303
-0.200348364066417 -0.0226917631568451 -0.416919276159201 0.364878296475777
-0.0728583791390544 0.136553805950738 -0.0721712261073425 0.327095046417322
0.0670126962620987 0.106672491190818 0.0398899184581404 0.138873834686808
0.125478307719158 0.0510920069496789 0.000957714922112273 0.0191458448816332
0.128646033330358 0.0236028245242628 -0.0484451373762598 -0.00351098760606172
0.149634937438095 0.0328005408273622 -0.118926753661278 -0.0166744712271489
0.0801177711349308 0.0976053839469363 -0.144322109788642 -0.110210524848115
-0.016799749800194 0.138441805625306 -0.131422374345121 -0.32197199277557
-0.149857644280585 0.0748756691367359 0.109361075624697 -0.458519149004562
-0.132685402900232 -0.0527124770363502 0.441050993279375 -0.368699242876905
-0.0283825667188212 -0.0774193637964762 0.503346360915483 -0.00966569936598032
0.00545741952296113 -0.0390053879041436 0.112663556201165 0.00771894553728425
0.076016132064545 -0.0682570929485333 -0.147203292200143 -0.136291944395479
0.0661491184193923 -0.196379569045401 -0.514058365416853 -0.27639095920139
-0.169177136423776 -0.177646773354549 -0.615326028915137 0.0966522674731414
-0.224616428301109 0.0495611038061404 -0.371612070730598 0.378651921628161
-0.042730325688468 0.181730247694661 -0.0508719766565709 0.348107681252044
0.0958397030181543 0.121023782313901 0.0774383623685942 0.164000736794229
0.144299348456041 0.0568159604865119 0.0569124519696087 0.0274030731198474
0.141032289606175 0.0202799775976411 0.00920709885243291 -0.00535833843279705
0.15113302595589 0.0254299111274731 -0.0693269251161318 -0.0108629789880064
0.0748644313669954 0.0800370898698427 -0.120586870285072 -0.0981524799158257
-0.00906306501940353 0.100026055986119 -0.12774479654572 -0.325260825321701
-0.0935197670679103 0.0486913280317796 0.142644961657235 -0.485718033211791
-0.0712488435909626 -0.0117340105044332 0.526596826177394 -0.367283379243536
-0.0312498711599277 -0.00601557740533907 0.564670158442202 0.0689337200626715
-0.0349688011783848 -0.0128571393563295 0.116570950087624 0.0601521669236035
0.0487193742121673 -0.0867919961246482 -0.162566361905561 -0.0463523119113341
0.00816469304353923 -0.18286799098158 -0.475443962395698 -0.152066371950213
-0.186626339065668 -0.117074197711116 -0.549335628770472 0.147243465291839
-0.190179902117778 0.0899571542830485 -0.33470175506931 0.405976442467142
-0.0145236784575832 0.177312471298077 -0.016225421855166 0.383390296344811
0.0986061293797502 0.11169331181267 0.130249571120551 0.188160445101566
0.136248434375065 0.0526069905144641 0.121414593908777 0.0352796232278312
0.132305525967489 0.0143055453882348 0.0686123843577033 -0.00583016875669836
0.136355629403553 0.0168477669454448 -0.0237644965064964 -0.00844285719781306
0.0699232047990688 0.0544738967845298 -0.0972010326133302 -0.104677172094164
0.0160677027269581 0.0656335225772878 -0.100740414025463 -0.352741892201045
-0.0282806421332476 0.0558411524125656 0.225847600910167 -0.504459744842512
-0.0395317484769441 0.053672613740004 0.638777888285191 -0.30740231888203
-0.062600226649869 0.0476064044282134 0.606920781316161 0.178041131737066
-0.0700366577774226 -0.00335277803210904 0.127515052144603 0.104783771330073
0.0117460772499614 -0.0627991590747055 -0.158337657279937 0.0297363063389702
-0.0159541597093015 -0.106146981949377 -0.429355335807818 -0.0554473265596003
-0.134273257043982 -0.0520477243020958 -0.501356619180692 0.192817896076805
-0.115409779793437 0.0798253057302317 -0.298520163745866 0.437427116227292
-0.00215751004931707 0.123628327172466 0.0292570279987107 0.414374067978412
0.07133009825374 0.0798460087527402 0.185679711769705 0.202723345141452
0.101084967365901 0.0391468779230804 0.181159966118741 0.0414937133879921
0.101811166497948 0.00663250041312873 0.118281877785057 -0.00491948145419565
0.107172407197976 0.00973830541681089 0.0142105432439881 -0.010697818487213
0.0652295275529088 0.0345167616228012 -0.0669116731314478 -0.121977904317941
0.0419794122483281 0.0537043015268965 -0.0445987047932339 -0.380652396843396
0.00506869151070996 0.0878687931719274 0.331369814477515 -0.483544066216607
-0.0574328343998766 0.0983409910388071 0.726532968872722 -0.195186566668087
-0.102979625481665 0.0467199111477155 0.611717860851881 0.292932565292159
-0.0824809157909008 -0.0180722670663364 0.141092740542769 0.140906716889391
0.0609714233050139 0.0420421163789724 -0.127615533948691 -0.183251063747591
0.128437977157302 -0.0180335773525226 -0.573365624884259 -0.412363211519617
0.0710175686322331 -0.136025729294238 -0.733478936242144 0.0806828557218337
-0.0359284356323893 -0.141961503394204 -0.438423005259792 0.49322127088677
-0.111549507302677 -0.059811227822303 0.0135623699321664 0.409554392240733
-0.103565712539142 -0.000311695519514931 0.0165592700610205 0.144087460742629
-0.078322694283588 0.0221592170826273 -0.0693468102901779 0.0445790743253191
-0.05885904198883 0.025120061781471 -0.162666384580518 0.0382767386594897
-0.0441686355644308 0.0170588687314589 -0.222879798008245 -0.00622029620016853
-0.0455679151517352 -0.0111809203393322 -0.20371785230202 -0.155526105453543
-0.0255432308105441 -0.0221811813710838 -0.0939571735642011 -0.35823767437079
0.00712645334372325 -0.0223388877995487 0.159512006168749 -0.406975603260168
0.00442158787820961 -0.010991430739714 0.370476854139635 -0.26730386801681
-0.00246883009041824 0.0165825558249073 0.376442603269869 -0.127169074614164
0.00833271740116598 0.0377681812311861 0.244930080321104 -0.281451423086937
0.0503237718120541 0.00719149252298283 -0.130259071851482 -0.244605118111116
0.0879448703293045 -0.00192939979460906 -0.457038301412975 -0.489833347376002
0.0503312964546294 -0.120260528262775 -0.711858846871605 -0.0542873986399512
-0.0403228136863222 -0.121099847278399 -0.493239603437467 0.325780485283543
-0.0928532543970865 -0.0312401391118887 -0.119791067793818 0.339730480159058
-0.0537441593282083 0.0155851079363252 -0.0124953069437557 0.129591464213133
-0.00988327015932386 0.0170295117456492 -0.0913621612466438 0.0420211722947004
0.0102890763558486 0.0131135307870785 -0.16840178242 0.0397854895710963
0.0324192426132922 0.011861887565242 -0.233368046535506 -0.00130613082376998
0.0162225692265786 0.0273394842195293 -0.213254680639812 -0.142186502899883
0.00347450916203261 0.0541579538645071 -0.125375604947255 -0.351960583050036
-0.0528133599125141 0.0631054511389517 0.122387127011517 -0.423723752709231
-0.0996438355413896 -0.00377587425710015 0.345381839148975 -0.297709332371349
-0.0654373223337228 -0.0567340118269602 0.385218842170407 -0.134887417379944
0.00151243554570543 -0.0629187805148845 0.204494125923291 -0.278966153542947
0.0015145249165542 -0.0585705624072008 -0.140467663806289 -0.243733181037746
0.0871806565060216 -0.0353804099831691 -0.462225508904168 -0.52329109454041
-0.011814383960401 -0.105110673181122 -0.722963159474893 -0.114581458784799
-0.0794382349196061 -0.0591943536009137 -0.511922967671755 0.291778901337654
-0.0631334550703273 0.0304329061387048 -0.144795436993175 0.317231577120879
0.0059060840430451 0.0402310451320926 -0.0327117386873995 0.134199086555646
0.0615740474911916 0.0157027478606642 -0.0924893509014457 0.0412651010188055
0.0763152390638829 0.00157405893930474 -0.151240413214776 0.0372392544676236
0.10090912911074 0.00420201620243599 -0.213157601305884 0.007326246263162
0.0721099943789758 0.0538460856505524 -0.199539322027488 -0.123475104392371
0.0293348468020356 0.112972186325013 -0.135408008804396 -0.329774697768867
-0.0947407050860413 0.132336551894812 0.0969116504994621 -0.416780002718217
-0.17442579176599 0.0168193247989993 0.343074297351533 -0.329534702035966
-0.117573587459093 -0.100772635234441 0.374379542356862 -0.141123118677973
-0.016114715004998 -0.141363859911896 0.185581153790348 -0.219400903617639
0.0501915884444149 -0.095854127518104 -0.155828372485896 -0.21956466839188
0.0690118116091193 -0.114708922222913 -0.539519134593254 -0.445359297067293
-0.0248759860606448 -0.175035969687241 -0.725753402614853 0.0227232416469123
-0.132014165659281 -0.078855053440478 -0.436811909438746 0.379372156249468
-0.0822690997175353 0.0626155126547054 -0.0647059884529457 0.328650177519589
0.0267550894882266 0.0666551098306853 0.026414665236706 0.121607232713822
0.0849709759349621 0.0285724482491998 -0.0357961065030725 0.0161103978651287
0.0934749912966667 0.013908240812536 -0.0933586079786546 0.00586694551501366
0.12012202816389 0.0214530907331506 -0.160021774550379 -0.00965107337227885
0.0757648448409226 0.0846787293898398 -0.170401546296868 -0.117293385226093
-0.00273202536280827 0.141004892339103 -0.142138415111703 -0.323816655442877
-0.148359404056542 0.102030690075101 0.0888090932739813 -0.438449651518055
-0.16574984246809 -0.0449245216588844 0.375541762615705 -0.353057047071572
-0.0467586487209707 -0.111053418121278 0.431494964756216 -0.0693059752484051
0.0272618306374229 -0.0558925677436621 0.112157232944919 -0.0502025181002333
0.07332837554584 -0.0201848570305051 -0.125662821644459 -0.19880571820435
0.112836182477657 -0.134976204583084 -0.535460661452874 -0.369932700633414
-0.0928819238566755 -0.18259106448137 -0.66784275859996 0.0705816828251123
-0.188991858005829 -0.0130494359093593 -0.387652346049167 0.377837780916369
-0.059601235523111 0.131846658835633 -0.0549106249445673 0.322176961256079
0.0708902051029967 0.093916865525391 0.0435543393926293 0.133043403180564
0.123487414809077 0.037636591288419 0.000263467553058553 0.0188861910050569
0.122771851378862 0.0120525665039493 -0.0472433522890257 5.67130630060611E-05
0.141611562828065 0.0179338040627361 -0.114693404129481 -0.00705296774734593
0.0810960639670601 0.0859310582346241 -0.14335608159985 -0.0972053116259276
-0.008117093668309 0.129632398626118 -0.145457314000101 -0.303707741588499
-0.13645491584713 0.0772014890757428 0.0831042132896067 -0.449394478394101
-0.127119795936754 -0.0409920535221583 0.411594928977608 -0.380731654450856
-0.0327708372492866 -0.0668463134335613 0.488985750683449 -0.0294820814454938
-0.00191225833246444 -0.035139421328578 0.109741579358264 0.00325550206134603
0.0661833334374276 -0.0681419408948259 -0.147101870315824 -0.126354509457074
0.0519355215233637 -0.191047619992242 -0.508732555790652 -0.246882277630383
-0.168629783950236 -0.160710258885835 -0.591992692316805 0.119720349344473
-0.210257535274205 0.0591899739522892 -0.341805172970907 0.38750623088573
-0.0288201400019708 0.174628569501898 -0.0331370619233507 0.33982253794784
0.100512595878497 0.10707990209852 0.081632358084269 0.153030123816427
0.142268694213367 0.0426714926861866 0.0539946175656756 0.0223198090777685
0.135596622160414 0.00796085638267233 0.00732929632892021 -0.00653460437284213
0.143574106407829 0.0102598577449928 -0.0680470575010487 -0.00634010269864617
0.0757877800889679 0.0678241230933793 -0.120945656144547 -0.0897058009361706
-0.00154934560899818 0.0921275762651158 -0.142437138088201 -0.309241553909293
-0.0818418296724427 0.0502777176599254 0.113998524943139 -0.47827352533107
-0.065456348165268 -0.00247557797002602 0.496350322408756 -0.381050429067894
-0.0331876531166049 0.00392252212796568 0.553759889221294 0.0432681038469861
-0.0408428311695316 -0.0080250923105819 0.117715227785542 0.0552183062326848
0.0397853775991198 -0.0851623520768445 -0.157994121055504 -0.037179728515743
-0.00350780895356223 -0.176438982102714 -0.464498021451796 -0.12608554190091
-0.183897585507044 -0.103095532518533 -0.526296200691775 0.167237935204495
-0.176263280806961 0.0975253893604662 -0.302599728345152 0.410709829229398
-0.00220447945889848 0.170084400493099 0.00370855408215586 0.372250262960525
0.10262775565059 0.0987300360568065 0.133389690255347 0.173371468593629
0.134585057050007 0.0397334853525219 0.116602608726515 0.0247209303470422
0.127475867739616 0.00283854989875026 0.0640362231376782 -0.0117782145360735
0.129424532316028 0.00279260106854496 -0.0248579568734988 -0.00864161257968423
0.0704353642436929 0.0442811448660599 -0.0985064181700289 -0.0994788981053021
0.0221255649442756 0.058870666486884 -0.115756713498669 -0.339595873435378
-0.0183819137838809 0.056521352416999 0.196977494148231 -0.501956489407739
-0.0334408930179135 0.0604299570843689 0.607937648858003 -0.325115462925154
-0.0624272222501222 0.0560374729191328 0.598590237215407 0.149034104614195
-0.0745937240037045 0.00193778326353343 0.13226075660353 0.097955669788154
0.00581558116767488 -0.061035368733035 -0.14923442632681 0.0370635267483541
-0.0226704626609755 -0.102590694524927 -0.414833622202836 -0.0339487910496112
-0.130901569417515 -0.043277996116428 -0.476328241981371 0.208649791186639
-0.105322387343056 0.0835102122835045 -0.267303184221725 0.439507094614673
0.00581334566549285 0.119438581448865 0.0483172717988556 0.39921520821089
0.0744662581189846 0.0716374425796858 0.188003775516642 0.183215595744492
0.100658060240339 0.0297695996483903 0.174157825335894 0.0260622832845117
0.0978627120118796 -0.00158672408154185 0.111593964391009 -0.0148492668607459
0.10276679499831 -0.000113675261469851 0.0110674464316978 -0.014675760238241
0.0662604076014549 0.0272844520784459 -0.0703855245784304 -0.119301928255585
0.0460567236313032 0.0488930356030932 -0.0611446115823774 -0.370025944967525
0.0124057982005177 0.0869739916888723 0.302829489696437 -0.484882108481754
-0.0516308048573247 0.10290487904813 0.699310787075504 -0.219352238768399
-0.100796788077104 0.0536939614707288 0.606261892228969 0.263462537731162
-0.0847632826160482 -0.0131270917247093 0.14829912492756 0.132776341607787
0.0610250644509968 0.0383332213195995 -0.132133100438953 -0.174914673371088
0.125758543416873 -0.0212700242505443 -0.566759249488328 -0.393326568752964
0.0664841336512258 -0.135588484895187 -0.719051126476892 0.0927486971407766
-0.0380287727240733 -0.14137698492009 -0.42312975008988 0.495268262906261
-0.111193369580911 -0.0552177011733441 0.0220386735510156 0.40596301132966
-0.100465307415744 0.00297594364605114 0.0225216314721417 0.14699357986584
-0.0760325559220192 0.0249099481993119 -0.061017098598852 0.0500855486186259
-0.0568517423831998 0.0271789249059654 -0.150309577217575 0.046462136262786
-0.0429534306642061 0.0173444622138707 -0.21058644555008 0.00595476364509545
-0.0459136171151779 -0.00905451978069769 -0.19883811972775 -0.139792968079672
-0.0268781995474323 -0.0215481368256129 -0.102892482811719 -0.34257746547791
0.00488001678436133 -0.0254552228224739 0.143207418526566 -0.399265154086695
0.00341920499266184 -0.0122465461950491 0.354547241746891 -0.26798398771023
-0.000550108139899169 0.016368754838962 0.363019892417827 -0.129522758320205
0.0118686798221411 0.0367591225007014 0.224817103540428 -0.2727114518826
0.045438277948834 0.00726567818566614 -0.134996631007592 -0.235210125444082
0.0865348267602249 0.000516762015203433 -0.4568074137609 -0.474202817836288
0.0509263813403953 -0.116703262310859 -0.703439819468715 -0.0427675843207815
-0.0368005917137406 -0.121412073430278 -0.483537255082675 0.333661724728977
-0.0899498415098204 -0.0322390929526032 -0.10848837215127 0.343903935821171
-0.052948783008397 0.0136471374064835 -0.0080839182078474 0.135029725216664
-0.0110973813823098 0.0148121211351232 -0.0833356041844397 0.0495322661931794
0.00797329211102316 0.010959129112912 -0.156956246591876 0.0484022207406147
0.0284363647301131 0.00833871645352833 -0.220046223538798 0.0118628696226759
0.0144977363681593 0.024704405543695 -0.208468492796896 -0.127970782125708
0.00356288403474093 0.0504954474157907 -0.131471179664753 -0.334838243979541
-0.0502343900622169 0.0588220371598153 0.10718696992601 -0.412980607285041
-0.0961475083831135 -0.00180390463428304 0.330206214179185 -0.299298002542099
-0.0617613826862878 -0.0515105857933298 0.356804409933058 -0.146953054321757
0.00178272228286741 -0.0575623826556976 0.187779770598769 -0.268155240285126
-0.00353829114068365 -0.0509043918176084 -0.142918545310633 -0.235829217228631
0.0843853626325314 -0.0287077626370605 -0.464017059631153 -0.503548443337619
-0.00672846486402628 -0.0969221171869293 -0.714074556257767 -0.0956745810653899
-0.0699891886303334 -0.0583301297556277 -0.493957698329337 0.304991548496247
-0.0582509139095591 0.0246388479361322 -0.131143453234467 0.321393384369488
0.00584447132141512 0.0331577583942712 -0.0265421830227283 0.13676613321679
0.0564687908106086 0.00847316387771148 -0.0854872703287666 0.0473891928620008
0.0704733492570612 -0.00359773681668344 -0.141574978646253 0.0439262771711354
0.0920743688691071 -0.00201678877794017 -0.201917725824568 0.0196866869838193
0.0678980663950253 0.0478259941912683 -0.193771040977405 -0.110053956892975
0.0295833983247361 0.105227253125475 -0.141857402150819 -0.314209703376567
-0.0872771177897402 0.126567322543106 0.0818778200125415 -0.40642105991916
-0.166097169786661 0.0196377721738413 0.325710095071781 -0.331015688487164
-0.1136644477591 -0.0914034201600034 0.362993013466714 -0.142850104332234
-0.0192308784678899 -0.130513080582355 0.1704300190176 -0.213596197613924
0.039778253750955 -0.0887479278463337 -0.15434821276837 -0.21446456889374
0.0748480982204126 -0.103556141071678 -0.535063805420003 -0.431421223152183
-0.0229262008534147 -0.163993212954588 -0.71251392114088 0.0334509977579637
-0.122915664398362 -0.0745660981443694 -0.418173167909568 0.383014665822073
-0.0750018201338551 0.0582486243780047 -0.0551410716611914 0.325835646004569
0.0278355342274808 0.0583452112130893 0.0275730645254528 0.120057747834579
0.081298152932338 0.0202782779454594 -0.0348351295028032 0.019576441990069
0.0885550713143838 0.00719028272192962 -0.0892553973026974 0.0109547030296701
0.112864424098568 0.0131084532278238 -0.152470392342848 -0.000515481343529862
0.0737840181833323 0.0770569088926198 -0.165529957498779 -0.10722535330629
0.000799194330306575 0.13363088897873 -0.147733564784098 -0.309065101386616
-0.139137727505053 0.100224496810189 0.0743778724147113 -0.427406319283781
-0.15934165064071 -0.0378034253104509 0.358632614124075 -0.354847789253047
-0.0479142932304774 -0.101707722150762 0.419017641823499 -0.0759786175389751
0.0220178915015496 -0.05308999083159 0.107547765820417 -0.0507526682130711
0.0663580790604034 -0.0199435643645068 -0.12673651029301 -0.192066090776458
0.103439550828346 -0.129267199813317 -0.527571101360536 -0.352973787677081
-0.090384328933548 -0.171600776494105 -0.652224870137438 0.0807893776898398
-0.177746666506193 -0.00822931043010373 -0.36746125089131 0.378741300151048
-0.0513899757600771 0.125347893447661 -0.0440740651509115 0.316498412386273
0.0720181975235557 0.0837082511411596 0.0453069310619048 0.128386232805788
0.119480983784658 0.0277065694703571 -7.24208677330137E-05 0.0195653807278107
0.11742032687582 0.00391866062105188 -0.0458879441620863 0.00222243969476947
0.133259283607434 0.00726900450219433 -0.109420772564778 -0.000976453112863871
0.0793455238621289 0.0766387089663441 -0.1395673498576 -0.0899253263666682
-0.00414809627956918 0.121925550803833 -0.150964298179673 -0.289537437039868
-0.126498665490745 0.0759470539930032 0.0686112982344591 -0.439438699108423
-0.120402163704574 -0.0333705288953204 0.394710065200152 -0.380620010779535
-0.0337034409932594 -0.056871206031438 0.477615168963696 -0.0389268700918697
-0.00737183424381678 -0.0313074119490582 0.108140764047357 0.00249231223385478
0.0583758026979422 -0.0666546680190676 -0.145420816733667 -0.120894402614599
0.0429630096648885 -0.183987790659363 -0.49962949906662 -0.230883736854761
-0.165241586639138 -0.148837198043082 -0.57509486220645 0.129495039017378
-0.198621442601836 0.0631808470578997 -0.32033499676209 0.387394181768988
-0.0210261936265076 0.167712308169019 -0.0220620949075572 0.331597208008885
0.101242466562105 0.0964510015126299 0.0818635269307763 0.145191749396773
0.138740704209217 0.0322801637795174 0.0507909122555627 0.0194606028087989
0.129577790812129 -0.00087410061001053 0.00576404322059984 -0.00756456392192458
0.135292049657832 -2.10348040361754E-05 -0.0659481500714176 -0.00375633355818669
0.0744383361947248 0.0587756705539508 -0.118396214753458 -0.0852087119984522
0.00245015933864359 0.0843765641911611 -0.148628831264035 -0.297728143869035
-0.0725029918012157 0.0498436784299761 0.100416941140543 -0.470660035204643
-0.0593135590959171 0.00503771903256332 0.478288680713297 -0.381351974847001
-0.0338451630028283 0.0122314169554827 0.541577847689547 0.0346225714354778
-0.0463337333517109 -0.00403345258211509 0.118132276701737 0.0527521868160006
0.033729808595411 -0.0832744793292172 -0.153271191804789 -0.0332703832533499
-0.009784080256596 -0.169435269508814 -0.452738085925494 -0.113564063976556
-0.179083808951326 -0.0939261504858945 -0.508483007598854 0.174338779139746
-0.165973732146911 0.099988012058516 -0.282718798808394 0.410232502539813
0.00412438028160396 0.163679874865885 0.0141983636301362 0.360469564298567
0.103257588333596 0.0895526312671918 0.132877131775068 0.161954031639171
0.132064249476146 0.0305986775585663 0.11167699346386 0.0183094768163184
0.121902133372074 -0.00507178936745252 0.0593849756176056 -0.0160231523677413
0.12269916251833 -0.0062475712258936 -0.025895705648637 -0.00983429180934258
0.0697579784120542 0.0362797096601669 -0.0983720721920941 -0.0973932658629562
0.0259846890700377 0.0524963929698607 -0.122950914969814 -0.329925033098527
-0.0108944036416115 0.0555513477998508 0.182539818967814 -0.494692186645937
-0.0284876946686308 0.0659812374820852 0.589957904917458 -0.330848597259906
-0.0621981402697354 0.0628165413722956 0.58790588005479 0.137966025692395
-0.0783844880860994 0.00521172735425385 0.134141349053671 0.0945518794262488
0.00160332824605515 -0.0591715232607294 -0.142860448387808 0.0396948758866356
-0.0262564561552465 -0.0983074674642796 -0.401160174916668 -0.0253701374677257
-0.127689897073037 -0.037329860968493 -0.45683243359233 0.212752168200887
-0.0981640262159312 0.085061906506374 -0.245973861772662 0.435567209785856
0.0103248183144781 0.114990804472172 0.058143985275089 0.386194608240045
0.0753993965660281 0.0650557813661811 0.185651680733926 0.169099666953867
0.0988417995543571 0.0233442320820842 0.166989177652386 0.0160207878470175
0.0946140353639928 -0.00693980430978043 0.104602642589348 -0.0213896856949103
0.0982905877730869 -0.00744844440014575 0.00817149167755237 -0.0183511586663009
0.0660003783097753 0.0215774880434241 -0.0719223693371492 -0.119229599251899
0.0492719767925808 0.0446366378921145 -0.0692972888780592 -0.362598488622837
0.0175760272968437 0.0862500806128268 0.288987942621709 -0.479782558639943
-0.0478868482687569 0.106322311975382 0.683473712182776 -0.225686153976878
-0.0998328657854156 0.059129560851795 0.597783374083367 0.249155922360652
-0.0867118749130741 -0.0105137274203398 0.15239015819535 0.128867339271003
0.061108077117691 0.0365601726109767 -0.135975787695555 -0.171406412666309
0.126589544577348 -0.0230476034154085 -0.565910960334496 -0.392171063408485
0.0673840051676478 -0.137672979986795 -0.724138172322308 0.0920761422798004
-0.0390758153228553 -0.143958105503314 -0.420642306261231 0.502853843916277
-0.112651038480305 -0.0533104159463275 0.0265868826359138 0.409288424406974
-0.0994339741412101 0.00499578623748482 0.0277996202291304 0.152035839148546
-0.0749226903547429 0.0268171881269304 -0.0548090285979628 0.0547004115955165
-0.0560657191103444 0.0286553574412604 -0.141823442023175 0.0525463443766349
-0.0427544048538759 0.018131662477165 -0.202094529652163 0.0145313667049405
-0.0466755667257177 -0.00759876179359459 -0.195250687099161 -0.130708419130684
-0.0282509857926534 -0.021380747135755 -0.107393508249885 -0.334583839948748
0.00222958317321905 -0.0285646475742159 0.13599543309914 -0.394864943366552
0.00186910694801365 -0.0130567681610616 0.350114683248073 -0.270309388536082
0.00120129610926011 0.0170135146529857 0.357975916247005 -0.130215859142741
0.0154558723391079 0.0364851028149683 0.215842119185036 -0.265515590329797
0.0394256517855434 0.00604091064571777 -0.139673719466499 -0.230885157698123
0.0869736320032472 0.00439271587198109 -0.461770930540481 -0.468788900222093
0.0546782890656847 -0.114387552894672 -0.707474648693359 -0.0385259355906815
-0.0330619796151884 -0.12325261002224 -0.48364043160538 0.342393763423609
-0.0890896840119304 -0.0336394180322848 -0.100616934272547 0.351087524085378
-0.0536857060526054 0.0116213225227611 -0.00538743201621426 0.14336071180601
-0.0133266669774666 0.0130734142210344 -0.0773885110836931 0.0556881193291015
0.00632026625383522 0.00959145916030993 -0.149655482021756 0.0535441452623097
0.0244362863068684 0.00660815753672571 -0.21111620213969 0.0214651323727654
0.0124374696913988 0.0236567403485384 -0.203588291783132 -0.118538538479616
0.00234221150409576 0.0478394054413657 -0.133721473617662 -0.325383581222734
-0.0494895494821186 0.0553492724045948 0.099724917995216 -0.408473068982134
-0.0942610614591912 -0.00117416485897533 0.325318983954097 -0.300117364928025
-0.0586139133869289 -0.0486593715483045 0.344150310233841 -0.149739739124694
0.00282133984018091 -0.0546578547895899 0.179729311539186 -0.261249931994313
-0.00951013718027025 -0.0441419889808471 -0.144831265188216 -0.235087501071167
0.0812678309657099 -0.0215345850422408 -0.466412954119304 -0.50038894955834
-0.00121796370582779 -0.0910475094419865 -0.717195169941746 -0.091585873016355
-0.0612972974085289 -0.0607879533095173 -0.490491263189127 0.31466428408031
-0.0558930102993905 0.0186831880990975 -0.123619283275859 0.328545564276723
0.00481361895416711 0.0275184531954452 -0.0226222244595235 0.140809890167886
0.0529993616858505 0.0034391312184151 -0.0809761430536033 0.0527787705999067
0.0658946000113672 -0.00769746611359321 -0.134648696177493 0.0488302598719181
0.085876375234304 -0.00642878541168576 -0.193254111427224 0.0273355260045003
0.0648085386875491 0.0441432031069685 -0.189355964252119 -0.102976572356344
0.0290980063401291 0.100299402948917 -0.145760764933847 -0.305793820712989
-0.0833375138578917 0.121886499041607 0.0754339976238938 -0.403670291770728
-0.160454318995972 0.0209169536514478 0.320165027420338 -0.33209351906173
-0.10952213246657 -0.0859988791345788 0.35854832034643 -0.143771327178823
-0.0201542254717997 -0.124257875169041 0.165236852458504 -0.204756326956184
0.032280995232578 -0.0828898343851833 -0.153564503068815 -0.216611596724579
0.0795652500801115 -0.0934367084720909 -0.533654008055008 -0.430061677946831
-0.0190502493352127 -0.156421496742366 -0.710605484166764 0.0374328930922856
-0.115585587854581 -0.0732083774665885 -0.412172543111657 0.387280437446527
-0.0708789059492555 0.0535891497320471 -0.0498940020085124 0.326462778343822
0.0277566928158216 0.0516299529075884 0.028035164917583 0.120798529955984
0.0785583456513843 0.0142732771236212 -0.0338888898953651 0.0226401701342489
0.0853615524246501 0.0020658618845035 -0.0867687218141226 0.0143953031725372
0.106911812191076 0.00732779129192391 -0.147152516239369 0.00576190172731188
0.0718479024268086 0.0721118607149639 -0.162649014365422 -0.101801508486983
0.00236709382447604 0.128840629464301 -0.151290311386986 -0.301180438858499
-0.134513276082589 0.0983068051218531 0.068224303798603 -0.423357308385093
-0.155378381347834 -0.0344070264145203 0.353143046128642 -0.356144440669463
-0.0478544627544455 -0.0947768073262517 0.415271519686875 -0.0780963372355756
0.0184471985301719 -0.0511455876119224 0.106020831458208 -0.0509086540303259
0.0606503935712578 -0.0186209964800148 -0.127590296536549 -0.1922051362929
0.0989142436701637 -0.123448277594079 -0.527015830392321 -0.350434630819976
-0.0873298995887956 -0.164701389802786 -0.650007129516333 0.0838325912295693
-0.169973116988457 -0.0064676372150433 -0.358369561980497 0.382362523879852
-0.0465378508174961 0.12009984109796 -0.0380084776059927 0.3154374940112
0.0719493562131245 0.0764351868005635 0.0455369045290793 0.126294084229801
0.117083420249285 0.0205523234176222 -0.00110452670959496 0.0206498624690208
0.113527008729343 -0.00269129901775876 -0.0452423481227417 0.0039185898614996
0.126639002801317 0.000621872600637412 -0.106505236725895 0.00330542881169086
0.0765120414678968 0.0700339089038292 -0.137518174304444 -0.0866973392342769
-0.00213137980572359 0.115390894219639 -0.156087267929058 -0.284087515679884
-0.119734343927417 0.0743779170603625 0.0616701337452835 -0.436745952608444
-0.115199869361157 -0.0281559495327262 0.389613202913062 -0.384248497566711
-0.033631645494421 -0.0485584744518332 0.474690189617788 -0.0396348122738458
-0.0127796296335944 -0.0282450209704575 0.108190909683372 0.00276399126072518
0.0532775471372537 -0.0654841190436815 -0.145171096873636 -0.119917791115364
0.038454517787927 -0.178347110176433 -0.497544067770177 -0.22790297596199
-0.162429701615044 -0.142715478620651 -0.571213056173233 0.132123923930166
-0.191113376741702 0.0648153706348245 -0.310741625625295 0.389348635062853
-0.0161338197085513 0.162980135053442 -0.0159446112239196 0.328893603223246
0.101405229980527 0.0895607854249515 0.0819939522627448 0.140819383020718
0.137164010089533 0.0246674467915156 0.0488356650602508 0.0174063504717851
0.12585982068384 -0.00760932568563949 0.00422873611832575 -0.00841153642222546
0.129066145612226 -0.00735275599602017 -0.0650159967378494 -0.00236072042572626
0.0724239995306802 0.0515864998517407 -0.118065018849322 -0.0841921129135587
0.00538510556587445 0.0781784527855747 -0.153703915578795 -0.293292168252086
-0.0652354337691247 0.0486233983290405 0.0967456671243489 -0.470044453814049
-0.0543633827764259 0.0114713759446568 0.476051680221354 -0.385760887063928
-0.0338879153175288 0.0210719170870326 0.541413184741973 0.0315967676574116
-0.0517569302355415 -0.00131099679784158 0.120256778117888 0.0534987955839031
0.0289985700330428 -0.0817329684201068 -0.150406281624476 -0.032225901584898
-0.0135934122523783 -0.165101964585587 -0.448121887128935 -0.110739046460079
-0.177419300724582 -0.0888777764324781 -0.502205521325817 0.177504374467149
-0.159644505920925 0.101545840784846 -0.271246479830283 0.409773855117472
0.00800808395359963 0.160291962221027 0.0204656929563295 0.356867494472287
0.103392997428493 0.0836077192714652 0.132453177229409 0.155431875246291
0.131208618659961 0.024826171045551 0.108000284374007 0.0132037063644627
0.118398974566656 -0.010798846385822 0.0562456270666875 -0.0189631578705872
0.117867180034942 -0.012727462733048 -0.0267821424685344 -0.0108295152438486
0.0687853942030549 0.0301385653967446 -0.099183121197326 -0.0983976723084447
0.029013262860041 0.0474428414977314 -0.127943791661333 -0.328982511243123
-0.00399691577657153 0.0557892799999869 0.180332444792776 -0.495474970321279
-0.0247555386794891 0.0727099842012882 0.589089497490702 -0.33292656154346
-0.0629137748529401 0.0705401117205799 0.586984230594619 0.137077996939352
-0.0835619152278674 0.00741860644830169 0.138341794758872 0.0949295555199777
-0.00133305529653711 -0.0584217488842959 -0.139083152968593 0.0412595073199572
-0.0290794407396568 -0.0953904065338874 -0.395278574664169 -0.0235340830135308
-0.126447924715166 -0.0348259167129276 -0.451346182097623 0.215577700564638
-0.0936523134095932 0.086618155198387 -0.235712167926478 0.436164694124533
0.0129259032396049 0.113090792469035 0.0645610998029045 0.379998983489038
0.0760618820587903 0.0611106657701461 0.183456447829552 0.161437522234738
0.0982548235842406 0.0191346773668692 0.161972022552765 0.00955188698224732
0.0925317055122288 -0.0110938860883882 0.101068142834851 -0.0267441811912528
0.0957737542410558 -0.0125185504030062 0.00556919767217047 -0.0214993034851982
0.0658809067182857 0.0172532922009953 -0.073599222186287 -0.122709079901432
0.0524126783140421 0.0416494516497859 -0.0729929688328163 -0.362113064080291
0.021495840252427 0.0869159645031593 0.28708954344197 -0.479199661093084
-0.0465558026484888 0.111381705992703 0.682268758910144 -0.226283115833385
-0.100511589181375 0.064050276204091 0.595726029046282 0.24868750740504
-0.0906926106697059 -0.00939572158553599 0.157069642215466 0.129213543279637
0.0635401877365848 0.0350378381110439 -0.145186399155131 -0.172773671314061
0.129884667432017 -0.0252567611617476 -0.581575794792384 -0.396790745831959
0.0691194037051786 -0.143859072006523 -0.743188754069528 0.100589341604938
-0.0420349946389099 -0.150261155178315 -0.424782626731458 0.521867848950619
-0.11777218071591 -0.0520447502045316 0.034867474178319 0.422191284061725
-0.101313790238194 0.00832609744183102 0.0342079312010926 0.160862482428434
-0.0756527284524232 0.0304606741789078 -0.0489865614703728 0.0613533034644902
-0.056592290761254 0.0314574924025417 -0.135801000153856 0.0602504233207288
-0.0444728939312951 0.0192648414073128 -0.197867103843509 0.0240452166172883
-0.0488774359378169 -0.00627957810930565 -0.19654015995941 -0.124225214332504
-0.0304746139215547 -0.021836479873031 -0.116243984471035 -0.335113094883652
-0.000129747376309049 -0.0319588648598441 0.130005625386059 -0.402493567638929
0.000942016647701343 -0.0142020419952504 0.35102522465367 -0.280201804742152
0.00372714922188804 0.0172408577846827 0.360994420119114 -0.13571601291224
0.0193637408994752 0.0362758279261804 0.210364312078911 -0.269022045689813
0.0336847082577931 0.00529601548838784 -0.147471204175216 -0.232505265536506
0.0877019504905465 0.00861533243988478 -0.481677252518733 -0.472048590431992
0.0585259865726581 -0.11590468770211 -0.729136041652127 -0.0364074020592798
-0.0312733370586833 -0.12856902276989 -0.491917313694497 0.362839382155523
-0.0911286295023894 -0.0357486008601425 -0.0929604223940034 0.366276954665164
-0.0555808447904417 0.0104419927962757 -0.000880166326709173 0.154458848546848
-0.0155990336183016 0.0116575523080079 -0.0723633302207867 0.063590983287954
0.00387527513677204 0.00817872955444609 -0.144856327893577 0.0615152427462229
0.0212353269315528 0.00488693558094692 -0.207062933383359 0.0318368119488278
0.0109028529027882 0.0228112289720774 -0.204477967832336 -0.112112074762981
0.0020232820212989 0.0466593110647065 -0.141423997332255 -0.323619190109946
-0.0499907338327629 0.0536192901788872 0.0927554490255019 -0.414440351626113
-0.0948594607543106 -0.000380749595957419 0.325137965198355 -0.309960513333402
-0.0570916614415795 -0.0474027410636799 0.34706565036524 -0.154676385815064
0.00384594470311853 -0.05381309118135 0.177378922362221 -0.261122669419819
-0.0149716682333601 -0.0389582881602879 -0.152034025977734 -0.238593312965409
0.0818503946058068 -0.0148751546136645 -0.484063485628199 -0.508717536514691
0.00361369756658186 -0.0880927819936315 -0.73777258413571 -0.0847518887809812
-0.0547372740363586 -0.0645095082084359 -0.494623757677482 0.333857824927507
-0.0547234100317686 0.0141968153520097 -0.1158792666692 0.342105838586513
0.00311628177269853 0.0233108335486813 -0.0180397216923116 0.148420524798603
0.0498640759437491 -0.00162701143809872 -0.0772756643655024 0.0591326215261238
0.0625271290078632 -0.0125280642472836 -0.131260235313324 0.055653011207615
0.0811711411440742 -0.0106648583768458 -0.189071922981526 0.0367195747927123
0.0630835536196104 0.0416352681994445 -0.191379404186843 -0.0970652491226873
0.0299441099207193 0.0977168320207778 -0.154905312896374 -0.3042563433844
-0.0815651765709448 0.121331162562008 0.0686264885181314 -0.409374424893745
-0.159969422905791 0.0232162552680157 0.320153648313374 -0.343673770476185
-0.108119817739228 -0.08258746236781 0.362200680628368 -0.148783733765449
-0.0223009056854739 -0.121419152404495 0.160035528956002 -0.208640660379705
0.0292258320266086 -0.0767038976408412 -0.158205105809613 -0.224171721447859
0.0841803861224647 -0.0858891506480074 -0.550543839248912 -0.436817827103282
-0.0150549049930586 -0.152027016268586 -0.726626900869975 0.043451132923619
-0.11114947554002 -0.0739366936514933 -0.413493465861955 0.403316598994632
-0.06836153603227 0.0508312909616313 -0.0431240604581867 0.335315189448649
0.0282276262947488 0.0464060525786189 0.0301376056710436 0.124009734907683
0.0773500392723575 0.00789390196540769 -0.0332428578876851 0.0264958920486358
0.0831361196911012 -0.00346549128504232 -0.0857461652115118 0.0189208903180913
0.103368528446248 0.00154900846175027 -0.144834683790871 0.0124031675545044
0.0718085666031387 0.068716636602341 -0.163656565110095 -0.0982115331463232
0.00449817217298547 0.127133098503037 -0.160511363732572 -0.299587676185387
-0.132589989834097 0.099344976382992 0.0612852495067214 -0.429592651445524
-0.155079439405337 -0.0307230751457114 0.35238576740253 -0.370713766931642
-0.0478177949375062 -0.0908027365318571 0.421730664186135 -0.0849320699235183
0.014194617218477 -0.0504512639301518 0.10669287603698 -0.053339894966741
0.0555941680457827 -0.01794712006729 -0.132774737114462 -0.195399165194424
0.0973456060878679 -0.119862467538544 -0.540029565745508 -0.355531518633841
-0.0869552918532191 -0.160827712911713 -0.661807850091005 0.0933196308282126
-0.165683791745901 -0.00448139711341807 -0.356336508883777 0.39603799489806
-0.0425169905197927 0.118998628154466 -0.0307491968282665 0.321343721378597
0.0738328122857302 0.0708043592565566 0.0474294680790482 0.127066764847668
0.117482146158996 0.0127897902801291 -0.00127551219580639 0.0216838755246959
0.111861687563673 -0.00944227514265186 -0.0458024366831518 0.00539706600025516
0.122841333957695 -0.00656854208042534 -0.105024538562972 0.0076206413189422
0.0763143578513606 0.0656034458536804 -0.139086101177146 -0.0851976213157345
7.23613552199836E-05 0.111787327404908 -0.164982491821356 -0.283304851173331
-0.116121212495643 0.0743566536456167 0.0561951426823463 -0.445674139087189
-0.11205465876356 -0.0228228713411024 0.391896772781323 -0.39834036221464
-0.0334437280708374 -0.0420179638428346 0.484625894101993 -0.0449752302178817
-0.0191534465879552 -0.0262228548413135 0.111324327695116 0.00236324204362594
0.048402325758152 -0.0659504105084693 -0.149008702601462 -0.120824566015711
0.0350112575725005 -0.177114552011396 -0.508217385802911 -0.228405477831821
-0.164303755916999 -0.138687587787359 -0.579509376066392 0.144952874047107
-0.187335014801645 0.0689335887453173 -0.305068631874337 0.401120387707331
-0.0106620432437139 0.163085173604954 -0.0069305655585197 0.332558714005991
0.104201555791968 0.0844855659358841 0.0845612196389721 0.138863872885439
0.138436973217119 0.0178764913907251 0.0483466560821358 0.015513166299306
0.124084563565802 -0.0147248193067335 0.00278276657057253 -0.00958900051263228
0.125565551014513 -0.0156220554029038 -0.0650393947257464 -0.000558439229928625
0.0722782072760009 0.0462152465864336 -0.120883085718208 -0.0853483599173543
0.00843208619458534 0.0732689498134688 -0.163957110314273 -0.296366026243537
-0.0590040634052439 0.0482592477307058 0.0904927620344582 -0.481587824581529
-0.0492083093815888 0.0180272846528958 0.480787274767436 -0.402415004867337
-0.0338030857660798 0.029740119433791 0.553036856321492 0.0288154103566392
-0.0597470340967608 0.00242338153437024 0.126169437481474 0.054138044193189
0.0243847139594384 -0.0829838037307268 -0.152435742486821 -0.0313179909297751
-0.0179709365837376 -0.163841975923335 -0.456605776286826 -0.109440950876732
-0.180062755338187 -0.0847577202331577 -0.507621665689522 0.188994610420131
-0.156423644889862 0.106716557052711 -0.263768178621181 0.420648615978723
0.0132866096328983 0.160493214359697 0.0289867012651143 0.359327844379837
0.1069288137042 0.0799977006073016 0.13545082921535 0.151606839732343
0.132521532157467 0.0182753955314424 0.107371681206013 0.0086304921035355
0.117818155317496 -0.017619677407066 0.0539108213464403 -0.023421362501923
0.115307839185673 -0.0204518523239943 -0.0289149783779898 -0.0117777742885579
0.0692758622354604 0.0243435177327923 -0.104056924095326 -0.102523763708276
0.0329625165135203 0.0430183904482214 -0.137457818744302 -0.334479599556129
0.00314568352864039 0.0568518243309756 0.178302223806351 -0.509451142332722
-0.0201390138983692 0.0814703476377355 0.599734775380209 -0.348395457942059
-0.064180315579723 0.0798500537826323 0.600757852497073 0.136455973914816
-0.0919415715382487 0.0111568306706098 0.147036274452441 0.0965142918388792
-0.00499198392280621 -0.0592399219824268 -0.138711537305065 0.0440703314875582
-0.0321805439124579 -0.0943536931128829 -0.400291363639417 -0.0202367355339727
-0.12863118778859 -0.0312035682710849 -0.453392101724905 0.226032430724134
-0.0909858345698086 0.0899379064173698 -0.226913699048519 0.445293109662452
0.0162208701904869 0.114591799549445 0.0739232258554019 0.382712211672011
0.0781346848510098 0.0584478681631778 0.186681623988256 0.156525639321271
0.100433117333512 0.0147585958238845 0.161602170460915 0.00152393612148159
0.0922457745807034 -0.0158820122348044 0.0983721210176312 -0.0334474665076062
0.0944726578744568 -0.0182972850434877 0.00262721865352613 -0.0256715118578247
0.0676812956001012 0.0133457312459737 -0.0783157184453667 -0.129062035018848
0.0569367482018866 0.0388904696016826 -0.0813237942132743 -0.370911595858327
0.026765161945488 0.0896106920596851 0.289352245575408 -0.496084362530739
-0.0449170499009726 0.119787502463984 0.696993695483394 -0.238870497854147
-0.102605040124385 0.0704432611166748 0.610894183250962 0.251367373861626
-0.0973255054257478 -0.00810596228162862 0.168269392492336 0.130727825790354
0.0655794408348856 0.027500385350143 -0.167988204881319 -0.160891684772475
0.118199921424103 -0.0348202835509654 -0.627135158819816 -0.356343182474262
0.0480435358134287 -0.145927650054842 -0.744503119905879 0.172791532297302
-0.0638163123002335 -0.137748152853693 -0.375899552121601 0.572047049340455
-0.122051608827687 -0.0329073661125506 0.081072360756892 0.425639877508572
-0.0987517866599776 0.0210751373855585 0.0536323747625351 0.161856732974743
-0.0728440162211602 0.0428028818839546 -0.0353517032395658 0.0652069177461491
-0.0540553339644778 0.0393428034237036 -0.125563859783543 0.0779720951048836
-0.0435786009832701 0.0254867016318288 -0.195647810145449 0.0490625651708608
-0.0494468532464954 -0.000684135397218382 -0.212451533020692 -0.107443422878112
-0.0297993774684199 -0.0188692688520652 -0.15447804030682 -0.334975520038971
-0.000851099425362854 -0.0296903892476175 0.0961693847538538 -0.430983893771749
0.000882735632117286 -0.00827656234919697 0.342126630590209 -0.325614994424825
0.00789392388818407 0.0251201300851803 0.365935399926895 -0.175202268919098
0.0304610280625872 0.0384484057708918 0.194640492837427 -0.29488902457144
0.0272166625169443 0.00463830593689646 -0.171988350510995 -0.224596956500294
0.0773143141898897 0.0080196592606193 -0.535350683936776 -0.442196192075548
0.0440594268890496 -0.114105652638825 -0.748051893010853 0.0174070737618538
-0.0475824729189745 -0.119072040558887 -0.463102696568875 0.419532763357595
-0.0924138099299713 -0.0207891576233339 -0.0529426053613982 0.383618453888888
-0.0539644643701812 0.0164641291531528 0.0168518582067447 0.159816088904209
-0.0166812182397234 0.0131906012594216 -0.0614296559188402 0.074951903780634
0.0016442645732553 0.00836421164910605 -0.13425137486474 0.0807290333661875
0.0187410355497643 0.00176585510528238 -0.204952599168873 0.0584561838544369
0.013002468181379 0.0209782298820283 -0.221131383203555 -0.0943374578544073
0.0101017405509631 0.0437808395339716 -0.181359764386413 -0.320660743868198
-0.0401985907850211 0.0613991993191268 0.0568280208500858 -0.444555234071346
-0.0917869672288511 0.0166891635703427 0.314942715247065 -0.358037294096087
-0.0610583877673759 -0.0349797332673725 0.350864197729642 -0.189471009839951
0.00345607489960903 -0.0528433945948542 0.162793059058383 -0.274479359249304
-0.0271127036858013 -0.0295761812154403 -0.173218189794017 -0.236301001951494
0.0691923187361344 -0.0126122472593415 -0.540452109398893 -0.479710332132182
-0.00590593426528391 -0.076259676375047 -0.756265244581709 -0.0185855923019832
-0.0593279725051463 -0.0522922489170655 -0.467843902773195 0.385783067201401
-0.0492269944345806 0.0213745892727287 -0.0810226461586498 0.361414297174468
0.00549674236232728 0.0199246962668923 -0.00295900659887786 0.157607482238018
0.0455806128652976 -0.0117825558728795 -0.0702736742259106 0.0750764321542634
0.0564164939953738 -0.0195083977933793 -0.121475950443471 0.073942914746195
0.0744149398596571 -0.0221469788421642 -0.186163089830809 0.0608808404249364
0.0669124751050056 0.0320448598232331 -0.207372183440792 -0.0809045296537369
0.0433836264237088 0.0906022240909506 -0.19398449866922 -0.299332243489153
-0.0608279065978964 0.132548022608869 0.0325021951662287 -0.441199937197249
-0.153373521606149 0.0482260089349272 0.308324009361377 -0.394816598238188
-0.115984281251268 -0.0644678717355318 0.369534534786445 -0.180337849511542
-0.032081683357255 -0.118502034666991 0.144440995266339 -0.218800573111857
0.0225789036281854 -0.065136031302752 -0.173487597678553 -0.22216715001653
0.0715572860238717 -0.0798359506061149 -0.59553224717372 -0.403752140951507
-0.0326939530757403 -0.136966901345961 -0.726274770783252 0.106375947497969
-0.115250605941686 -0.0520480142513266 -0.374644502532714 0.4407515198253
-0.0563326883341706 0.0596771029829593 -0.0126396968559292 0.342263877542054
0.0339049439701843 0.0391760029247372 0.0392896213157739 0.127058138220229
0.0760489667270898 -0.00666834474094022 -0.0337148063225605 0.0365155888932511
0.0788284589340088 -0.0142833280058768 -0.0826991905960524 0.0315593435353918
0.0990308362938535 -0.0135336466976883 -0.14454108328419 0.0306791370397681
0.0793280064615275 0.0582084169799949 -0.179994582986219 -0.086649867704123
0.0220542353008692 0.12180860786729 -0.199608988220233 -0.295943612935315
-0.114073094980719 0.117333298752439 0.0232696555451923 -0.460803927975095
-0.153356907475289 -0.00437665418923144 0.341362756195853 -0.423313985972107
-0.0581388465571723 -0.0760395996729933 0.43577667845777 -0.121747730176651
0.006730982937597 -0.0501913534566851 0.104289965188805 -0.0615532652944093
0.0437633711323932 -0.021276220806165 -0.150217273436627 -0.187848620384243
0.0719541657599456 -0.118945850947978 -0.574731798225252 -0.315923096037167
-0.106617275748222 -0.136754608687689 -0.651895333358606 0.148778107064626
-0.160762238000887 0.0254068476795766 -0.319093935149318 0.420232529589029
-0.0220502574542645 0.124531414045897 -0.00606968975979968 0.328016481064825
0.083085889915537 0.0587629466892645 0.0546509785359609 0.127932101183432
0.118190768987978 -0.00738150221103546 -0.00573273399935205 0.0283647644942245
0.106632132375999 -0.024061170848812 -0.0444682131600375 0.0124615337248585
0.11633721840455 -0.0254622338495934 -0.105993469229969 0.0205338021708667
0.0830773828502003 0.0531301311873729 -0.154428566072361 -0.0764059282789045
0.0170507389510293 0.105654053307046 -0.204474929865862 -0.279860020398679
-0.0972111725085562 0.0898186449781434 0.01786180358723 -0.478254578209549
-0.105612830789465 0.000736909692962189 0.37855085234211 -0.45843414736815
-0.0393240057026015 -0.0241416616910076 0.50784575118963 -0.0876379234544235
-0.0279612428183454 -0.0200201814734711 0.117411714954727 -0.00353452034511006
0.0324992304573404 -0.0688512431426526 -0.15675944810359 -0.110015740579491
0.00437859440534658 -0.169316567158949 -0.528214463739269 -0.192744551301453
-0.181540241738314 -0.106331431726029 -0.562325847914719 0.186597756702002
-0.17292607080296 0.101974761022979 -0.271046633077159 0.417555610455693
0.0152923463425618 0.165607169967856 0.0153673927659675 0.337679488276141
0.116616697241195 0.0694782469099458 0.0918101598310559 0.136766311045857
0.141603581020351 -0.00583425389967503 0.0407330701256734 0.0164818612429666
0.119026101176893 -0.0307998145547737 0.00192290000107365 -0.00901275400574616
0.118401654333001 -0.0356433345858278 -0.067402825857139 0.00640934578066441
0.0763486783904553 0.0327639304305587 -0.137003495295286 -0.0789691918352159
0.0213664162725871 0.0651913159050682 -0.204301230256058 -0.294519524815343
-0.0398578099169648 0.0579059940397639 0.0503495560920113 -0.519498698324139
-0.0368259711644332 0.0395334324390804 0.471527390261631 -0.470999780040466
-0.0349687315121929 0.0524088289114978 0.591767642798952 -0.0173513142357893
-0.0706351303537574 0.0138121458947694 0.142433358861594 0.0497973031691046
0.00856783335526949 -0.082250756047917 -0.151309944757461 -0.018651181143401
-0.0439746792410062 -0.151681384776248 -0.46477170904957 -0.0761762539973014
-0.190822574510514 -0.0515357383576132 -0.488995914380379 0.222056673266995
-0.137204381401992 0.136394019940619 -0.230456085196026 0.433811749617761
0.0400055753868523 0.162537861564846 0.0548390040801674 0.361909132693369
0.11933663613434 0.065471940806281 0.144227565090907 0.143663608937883
0.137271701527645 -0.00324843475154077 0.0991614798212233 0.000789139567174541
0.113373908757687 -0.0323436197337343 0.0507875531318964 -0.0306472866247447
0.108612511349714 -0.0393591125776333 -0.0326340017195401 -0.0110905512942432
0.0723034015091062 0.0111525954038279 -0.121752982215841 -0.101247940095982
0.0448525408177536 0.0332050219063464 -0.180172234931935 -0.338090716971759
0.0240786414409127 0.0628833502616469 0.141152790080244 -0.558819870051154
-0.00330726759736505 0.104137198314488 0.601820186418349 -0.425805510481774
-0.0656973640895467 0.106366120862559 0.654840581987548 0.0924504570710015
-0.104334548540357 0.0251183899850609 0.171229214605938 0.0937957487703402
-0.0151092907033013 -0.055509351450165 -0.132139644726319 0.0556106038214811
-0.0480105342863374 -0.0813283997864372 -0.402534472865648 0.00948101478103378
-0.132482394064777 -0.0056740870190811 -0.435266536416969 0.259324970062715
-0.0751198197852962 0.11160143188912 -0.191465157159487 0.461106436937507
0.0377475374790085 0.117473484990347 0.105749493352407 0.380649708563855
0.0892558502722856 0.0477781609973159 0.19727145198439 0.142378659132342
0.104582145025826 -0.00194802869549721 0.154661164181539 -0.014399559849618
0.0892384405017193 -0.0278680270015816 0.0937231997058356 -0.047215111019828
0.0904947756608271 -0.0337701838855215 -0.0030968218600187 -0.0302964865376913
0.0715847671131637 0.0020074810159276 -0.0986681835030692 -0.132858133010856
0.0690737278731453 0.0298791561071018 -0.124123246996536 -0.383874318455973
0.0487534103913598 0.0978376702853741 0.261022445705178 -0.553014726058579
-0.0303287884909035 0.146792947189183 0.716702058581927 -0.318492177501558
-0.10969070510318 0.0974037481536336 0.677302931063789 0.215178879751163
-0.110441781680284 0.00411345413541197 0.197198939821163 0.128712555717033
0.0698808138002545 0.0228186713457918 -0.186350942037181 -0.15165696902885
0.120307410586857 -0.0440351024209356 -0.661333867260064 -0.326555282161544
0.03914702348921 -0.153199805588899 -0.752715635856579 0.221621997066501
-0.0745735767101424 -0.139735863045293 -0.344380369685821 0.60920705118738
-0.129185929213569 -0.0235202209887717 0.112458637254164 0.428416423288695
-0.0991615711045145 0.0292724062770859 0.0706756453457668 0.166300738937964
-0.0701819041878545 0.0495112090424063 -0.0255008081057549 0.0709910873449865
-0.0526169017101897 0.0454083567495759 -0.114236035683656 0.089997177141958
-0.0434849020019247 0.0293994201038509 -0.186858586356602 0.0669858716502955
-0.0514514775679124 0.0041064801320044 -0.217643744873713 -0.0906924116926654
-0.033115223350501 -0.0172464224694538 -0.180717072660514 -0.324497905038592
-0.00575914292109646 -0.0318714863727196 0.0677346984615552 -0.441640171689639
-0.000660085003369249 -0.00870194730208564 0.324885632312089 -0.353989723901803
0.0127433782811246 0.023435021154236 0.357398058201041 -0.198372580879536
0.0362607908267207 0.0350841753445467 0.173408568975025 -0.307030302521856
0.0260678940810724 0.00593855836458015 -0.193999754729691 -0.217391445383372
0.0822514122245463 0.00654896996162482 -0.575650337792779 -0.422177902857676
0.0409799832683757 -0.117158060270252 -0.769647912298591 0.0581244218697803
-0.05338755672652 -0.121705277186223 -0.446600572892052 0.461182785075613
-0.0953655590529611 -0.0173455896184202 -0.0239702391062943 0.39913858380278
-0.054915742880266 0.0184016918989032 0.0322529826202836 0.166915810549776
-0.0189669291842777 0.0133639995862673 -0.0509593049417668 0.0827719682117369
-0.000995624511355684 0.00861228713527468 -0.12341489276221 0.0937498394054542
0.0152418510516196 0.00048427115727287 -0.194316942641614 0.077509595224348
0.0128453248433994 0.0202343342717188 -0.225824424005985 -0.0775090359261817
0.0112895831152296 0.0425060517435023 -0.206400086008753 -0.308915264824357
-0.0422086953069402 0.0628146479089773 0.0286106945204995 -0.450616952402536
-0.0917162430367641 0.0232587067703973 0.293997928617816 -0.38537787104211
-0.0604665561108082 -0.0321877623835546 0.340325733078246 -0.211773593711269
0.00198920290400866 -0.0531408423149815 0.14625036936834 -0.281584049696802
-0.0314425844955271 -0.0228493552084088 -0.19504918499671 -0.23070953376003
0.0727196214143852 -0.0104739565555821 -0.583192336392864 -0.45709064431954
-0.00389698926491498 -0.0729679339246757 -0.774594633082173 0.0301477989352337
-0.055638134957932 -0.0539083580897494 -0.449002809645252 0.425526256391065
-0.0480125873488061 0.0197468545094499 -0.0517461284920935 0.37579799549415
0.00368918715882629 0.0157157015310118 0.0119508327822647 0.163804148879593
0.0405947980148087 -0.0182045701328346 -0.0608891581015317 0.0830694947191308
0.0508900798726155 -0.025637551238545 -0.113068516619325 0.0857998225657017
0.0679674697606596 -0.0284228366445116 -0.176124822280482 0.0785519811793786
0.0661831299534432 0.0269424768219735 -0.211091998806157 -0.0653147117405315
0.0472950867247708 0.0857729793291562 -0.217167002642935 -0.285804104602295
-0.0528713012354374 0.134579567590898 0.00310463110264492 -0.446459253041316
-0.148995415406883 0.0581593195580813 0.285036420411221 -0.421829100340649
-0.117365042285992 -0.0565487570188557 0.360950900393265 -0.205168807855414
-0.0407911784934129 -0.114236053860051 0.129451769483436 -0.227334363955889
0.0206541812891834 -0.0564596598450772 -0.191735810682196 -0.219697949917008
0.0742443007647697 -0.0763169228773017 -0.634747665519446 -0.37761313735478
-0.0361994090471512 -0.131549075346692 -0.735236108182849 0.151540986243557
-0.112898282358898 -0.0485203422943234 -0.349729214261529 0.472555785908975
-0.0505851867483407 0.0587984268197988 0.013327693226266 0.348712711316801
0.0349338070190326 0.0321369130405587 0.0487040632697588 0.128066888280675
0.0725186905346282 -0.015963197739985 -0.0299961250842455 0.040682023519804
0.0740279782175917 -0.0225547434825938 -0.0790502072287291 0.0391193004408223
0.0932158898406373 -0.0225095896816449 -0.138580082238105 0.0438103465064413
0.0803678637754986 0.0518172784484389 -0.184635785984992 -0.0745471761458415
0.0293756985992825 0.118658517399006 -0.222717578962447 -0.281918182825126
-0.106057044183027 0.123267527058683 -0.00778825857761701 -0.467602860422902
-0.15162113618595 0.00690384965932661 0.316720763350974 -0.453299375985657
-0.0604028881453779 -0.0697852122011277 0.43453656346559 -0.150681703241378
-0.000545475786126745 -0.0483863932968265 0.101145148047087 -0.0698777139544629
0.0376480252985745 -0.0214201701213011 -0.16588301607771 -0.183035512597469
0.0659085381250148 -0.11842079223466 -0.606245055911005 -0.287489202467708
-0.111929988618806 -0.127702546569703 -0.653320714928273 0.191712403184972
-0.154545938279626 0.033677593118852 -0.29361039197743 0.447388010337241
-0.0111557948201987 0.12256817328515 0.0186274692877826 0.330947719606728
0.0865405432989086 0.0487809374509722 0.0634373995465864 0.126180156857613
0.115309294676362 -0.0206616063577472 -0.00383561538204175 0.0290184013305728
0.101601559121273 -0.0351484490021564 -0.0437041963712135 0.0161884689769449
0.109707911642635 -0.0366266854441847 -0.102176519846621 0.0298297384390945
0.083248351338709 0.0446942878213595 -0.159990724590243 -0.066723676781269
0.0225979386824817 0.100235415028587 -0.227637639162613 -0.266104045329235
-0.088472063730275 0.093370699714058 -0.0154702355452051 -0.486664752678597
-0.100413073744436 0.010066861932024 0.354423502933234 -0.493210953388994
-0.0379908961034297 -0.0158237335376941 0.51158796913288 -0.119155477001849
-0.0364313632603973 -0.0145206254250204 0.120222140214021 -0.0114591914271679
0.0233787351479723 -0.0695387975609388 -0.166042807925669 -0.103444896803978
-0.00572600644171169 -0.167120533698151 -0.548933253205215 -0.162603117601822
-0.186928833199039 -0.0920368639201876 -0.557979977104453 0.225277638861358
-0.163190200412516 0.11383841671429 -0.242220090305435 0.43827682411225
0.0291914493684977 0.16322694539038 0.0411652731282018 0.337316734100887
0.121232335915523 0.0584568402673442 0.100807409656431 0.130076151096397
0.139515661532077 -0.01980875903291 0.0406207773863736 0.0119749812620931
0.114061426058777 -0.0431175294530868 -0.000801394940596986 -0.0102369424999649
0.110562494086607 -0.0471533279435636 -0.0668614648741809 0.0114440050960146
0.0755994582499247 0.0232197903409617 -0.145388716970356 -0.0720779324668661
0.0256479946274133 0.0579994622383177 -0.229848259476075 -0.283714710199159
-0.0307868880651984 0.0578427540054658 0.0175369928250907 -0.533843431889822
-0.0265126344526567 0.0470896344756201 0.450037243741261 -0.513218532126735
-0.0302697309574749 0.0625413056890482 0.603182378376958 -0.0512062761246428
-0.0779563398425813 0.0237875488679243 0.151279095344615 0.0408671654858244
-0.000877413903854592 -0.0833869622073545 -0.15313743999988 -0.00949787598837122
-0.0545615060726569 -0.147306149467024 -0.475286902828903 -0.049053696451074
-0.194831330920504 -0.0370131550093069 -0.478712767382701 0.256097866467337
-0.126237577460234 0.146686924517494 -0.201376263588928 0.451291529215663
0.0539945445186018 0.160111137378371 0.0819482903667627 0.359263115205755
0.124512488220013 0.0550129374716077 0.153231505921997 0.133081088878839
0.136902693123128 -0.0175792809008132 0.0962708176822309 -0.00915229910321096
0.10900515207014 -0.0443610117877185 0.045535959609362 -0.036993647556288
0.102018361458214 -0.0512497459449787 -0.0364667206356375 -0.010029576415851
0.0712868369089473 0.00131600770685996 -0.133831605922469 -0.0973561114099285
0.048800742674678 0.0245369457838924 -0.208066677701433 -0.332810991759668
0.0356575152978175 0.0604411132928923 0.109183845029402 -0.580411808461431
0.0101016174519687 0.112524754551673 0.588891366383025 -0.474050055964349
-0.0595701258889935 0.118349068239592 0.674852414171097 0.0580448771465102
-0.111755765436264 0.0369195095281032 0.185455554242423 0.0840606718029434
-0.0225898085711224 -0.0550721385359571 -0.127261821217672 0.0653921305797983
-0.053798943023332 -0.0773636339137955 -0.406150195286093 0.0335552525546396
-0.133470128819997 0.00570525341646122 -0.421676311154879 0.290436864007049
-0.0653021003021616 0.118149325928528 -0.158043965630288 0.476494407755233
0.0482618169068178 0.116252590910499 0.132971680569478 0.374772704394796
0.0933886743722766 0.0408641262523309 0.205266844469082 0.127645102422028
0.105171566026726 -0.0127648984718637 0.150269176980661 -0.0299215542595128
0.086520132495571 -0.0363660291580903 0.0869034015942205 -0.0577252047515862
0.0863408232795931 -0.0428616697443179 -0.00905337939174673 -0.0326716097434417
0.0719707319396474 -0.00625536315966021 -0.113101386026824 -0.132792474297435
0.0742341337267937 0.0225161574176165 -0.152971250514722 -0.38405569770814
0.0604277077674966 0.0970588986334727 0.234113491491051 -0.584591451347606
-0.0176593073168637 0.157459359597738 0.711528450908677 -0.371928879439747
-0.105461414192661 0.108977484821954 0.704403518104815 0.182739433399214
-0.117248170787987 0.0136145151554283 0.215161254698925 0.118204982790251
0.0719274759897066 0.0156153408483165 -0.19924024317302 -0.135022976456426
0.117847060484863 -0.0533043198525951 -0.675280546889305 -0.281176992501446
0.027553342135287 -0.156114104990438 -0.73632876296304 0.268828638246042
-0.084116151234257 -0.138408466185763 -0.300072540644914 0.628355121433891
-0.130973923426344 -0.0118412141265183 0.143366108382784 0.416626760120299
-0.0949312240344514 0.0373524247005729 0.0875400036208139 0.164081720971192
-0.064586381596507 0.0552868156228971 -0.0135081356101922 0.0737655207884765
-0.0475106845501942 0.0505548905329111 -0.0982400771188824 0.0971998622848418
-0.0413582301572403 0.0334791818446975 -0.169976792763259 0.0829773119174901
-0.0510481874588004 0.00941220760970282 -0.216184163596727 -0.0711335746792263
-0.0353767940300003 -0.014056189939898 -0.200935224725142 -0.301316661100742
-0.01192780873035 -0.0321561353927836 0.0328881097079066 -0.435868865892063
-0.00234097035796232 -0.00856035699781435 0.293337367342396 -0.371744965113972
0.0172167650807307 0.020328069929765 0.335986861011432 -0.218312415348319
0.0410866826157522 0.0301467069871564 0.143779828332002 -0.312363850503931
0.0230477219113898 0.00594860478011284 -0.212194080992834 -0.201159374916787
0.0866588970597745 0.00231596573893329 -0.600613566886719 -0.385218338856376
0.034438763517565 -0.114230601059051 -0.762835860107713 0.109403081082626
-0.0572170541994616 -0.120102440705032 -0.411759349926589 0.489878531547828
-0.0936402690161925 -0.0133781923865467 0.00959234614789228 0.398832428649526
-0.0543513583615758 0.0210930074660487 0.0498366197735758 0.165815401986642
-0.0207028466733018 0.0142081592593094 -0.037868294128463 0.087204955660287
-0.00254952731625172 0.00904095690332457 -0.107248471264587 0.102131497797388
0.0123489465289874 0.000617474591241738 -0.176560951158065 0.0940356212821587
0.0118450533930616 0.0194096153522399 -0.223820621305023 -0.0571583141476009
0.012584386431281 0.0400107152703462 -0.225267693045311 -0.284431082118621
-0.041756120135488 0.0620142604033612 -0.00497748906868312 -0.440717457501184
-0.0881781726361248 0.0289194731956643 0.261951883430935 -0.400833966961226
-0.0582932480637194 -0.0280909611904925 0.318311142407397 -0.231224950516277
-0.000487870530084478 -0.0517623992061828 0.121362900060508 -0.284529620157223
-0.0351079853960362 -0.0152749172708069 -0.212453305253352 -0.21498529464985
0.073978998303836 -0.00911843474356982 -0.61219478659447 -0.417214898568022
-0.00223782346929178 -0.0682225213036359 -0.768278238920597 0.0822658897295612
-0.0525535864777161 -0.0542418801491645 -0.411985172306331 0.4548042798717
-0.0447261703148848 0.0169775482469115 -0.0188201773175708 0.376518085698461
0.00221886961636383 0.0113842740000838 0.0274802856358653 0.163854212256492
0.0338152674087547 -0.0232951549120207 -0.048792126551869 0.087543400924427
0.0435268391035119 -0.0298150800605136 -0.0994928778772054 0.093331132839898
0.059171180464762 -0.0325831107797511 -0.159075692584843 0.0933216981485552
0.0634989397534578 0.0215153741214856 -0.207710050294575 -0.0466952055068684
0.0503614553998046 0.0788246890242092 -0.233446072764709 -0.260909030732314
-0.0431352271398198 0.132990516343829 -0.0306845962863496 -0.437919898197009
-0.140255612387476 0.0675910543827781 0.248138696007291 -0.437682580925077
-0.115023857084755 -0.0468533072202324 0.339727763622448 -0.22445443015441
-0.0482071171450715 -0.106961135865248 0.106886750413702 -0.232083493830368
0.0132439958983509 -0.0507361864221598 -0.205597493788277 -0.207511488810588
0.0757824485447554 -0.0716612113208592 -0.655716075891135 -0.334083225620497
-0.0377786793540377 -0.122773802479843 -0.718536867140735 0.20059662999511
-0.107997482505664 -0.0437449599063189 -0.311548423617406 0.489409735933889
-0.043565199827244 0.0558013880451574 0.0401456743023819 0.342008466833974
0.0340591742324076 0.0245588558054949 0.058342862429855 0.124378478453594
0.0654283520341147 -0.0249315804078258 -0.0250426827718053 0.0431422720465201
0.0665425912878145 -0.0295954867465879 -0.0723305648946091 0.0453670054493189
0.0841665286040738 -0.0298993081134915 -0.127206128424154 0.0549550377833687
0.0794206502678229 0.0434157738277168 -0.184359067493894 -0.0589234188687354
0.0353649679635654 0.110874153498068 -0.23953713632231 -0.257018941872927
-0.0946392817604619 0.125442056971745 -0.0408233806489828 -0.459378660608636
-0.143773694391211 0.0176723390279036 0.278065432130972 -0.471181374236673
-0.0606971671098115 -0.0612854568099659 0.418098925360995 -0.177370624401648
-0.00778391982666773 -0.0440697250067646 0.0933243919718953 -0.0768987709538179
0.0302224645175498 -0.0209464082294888 -0.177648762249005 -0.171432153678158
0.0585684485636596 -0.115454346713199 -0.619919719713891 -0.245100182331134
-0.11262972766671 -0.113533591908306 -0.632428441158108 0.233750041019432
-0.142863445630183 0.0405570157390062 -0.255085334258848 0.458378955584143
-2.7909736020907E-05 0.115815097180811 0.0450111834196825 0.321538180695771
0.0864979281618592 0.0367326533684051 0.0709764303659602 0.118942861717295
0.107581691441408 -0.0330585811404666 -0.00204888325363883 0.0283115261244483
0.0920697217576005 -0.0446942207818862 -0.0415401118432478 0.0197735602200987
0.0983631390122425 -0.0451865262478274 -0.0943595085914373 0.0383484439644564
0.0808231701355394 0.0351749261507227 -0.16120164338101 -0.0538075203847222
0.0273578092242787 0.0916817285347294 -0.243760955399138 -0.242521411938946
-0.0770888015916281 0.0934642728309223 -0.050511952466436 -0.479006229333503
-0.0907758842714065 0.018689328374737 0.313514544892938 -0.514738716457347
-0.0344507944199214 -0.00823810335568594 0.497589943977591 -0.152543849825037
-0.0423271916447557 -0.0059755745437267 0.118775956342266 -0.0202462196830556
0.0133115775100693 -0.0680725148905872 -0.171082728399827 -0.0910408147911759
-0.0159092821875364 -0.1599599745897 -0.55331465689248 -0.125282639052775
-0.186791261615293 -0.073997855917437 -0.532683727836832 0.26064776518486
-0.147238173000216 0.12167764141791 -0.204957128334877 0.445337215238224
0.0427698634006805 0.15425659986169 0.0655071541067875 0.32584397722764
0.122178981248221 0.0442391035144234 0.106550406661636 0.118793048881417
0.132479090962793 -0.0343314011408351 0.0384355941666852 0.00669137699607068
0.104288652335588 -0.0539067600106465 -0.00356052556340304 -0.0110904244963015
0.0989341411456408 -0.0572868085500513 -0.0637532302321842 0.0160729369102361
0.0715705874746779 0.0134259608570077 -0.15003239367615 -0.0613174398829432
0.0286351376337112 0.0483862192929044 -0.248992940321515 -0.262031664915608
-0.0199278104188273 0.0544753602745641 -0.0210816689361126 -0.530782466561032
-0.0140244863804699 0.0524000055509755 0.408489316493023 -0.540995354686864
-0.0226277893429278 0.0702545134155168 0.594355465386287 -0.0889971725805872
-0.0819908346123375 0.0351231339884278 0.154707982090503 0.0296169132801597
-0.0113088858430113 -0.0800484295904795 -0.150454241657262 0.00104072999978944
-0.0630240256503604 -0.13822080734547 -0.471377411610506 -0.0165981628344721
-0.191335528001737 -0.0195107709097793 -0.451031868940086 0.283524006715235
-0.109667636745453 0.153084679453787 -0.161151217503341 0.454114652092746
0.0672648145083218 0.150859984673309 0.10692784472781 0.343145309048175
0.126014741159829 0.0422716629444434 0.157020871233974 0.117500074764492
0.130782115900117 -0.03089665864992 0.0901148262304648 -0.019282132629293
0.0999806238233968 -0.0542898964621406 0.0380101270164951 -0.041588227732781
0.0914292362107714 -0.0603527232513064 -0.0378292925222425 -0.0084272245072155
0.0667652076000779 -0.00840922732801178 -0.141873823042341 -0.0878865597782364
0.0504580613960163 0.0145484443143888 -0.232342272359516 -0.31453403213166
0.0458086163043924 0.0550457779547985 0.0679368157986092 -0.585782601449824
0.0255265131012222 0.116510256358068 0.551059008472476 -0.512749636247937
-0.0496639200134606 0.127196277736229 0.674536499226324 0.0152549328465494
-0.11439972921059 0.0491336208020347 0.193732947174376 0.0693268226078562
-0.0294821844495265 -0.0521418623840131 -0.11788637645906 0.0737785539833219
-0.0579508512305096 -0.0703186849903431 -0.396201179982428 0.0599890283595814
-0.129736041059257 0.0170918788061394 -0.391714818871055 0.313120439415117
-0.0535898345428046 0.121474963243306 -0.118827434254958 0.474482909354854
0.0588354900056828 0.11004485466497 0.158382830432915 0.354308900539518
0.0943095942040418 0.0315394976475377 0.20724686671666 0.107261563599295
0.1014217844024 -0.0227942987940961 0.13972295086853 -0.044266386176132
0.0802232623333066 -0.0443465305580343 0.0758188051171272 -0.0660924055035857
0.0783358934316916 -0.0510157634586901 -0.0147454885695841 -0.0334168271209068
0.0689443255919988 -0.0145273204972795 -0.125781324541284 -0.126662531199545
0.0771476499626079 0.0128435996877851 -0.180171817133677 -0.372642663628629
0.0710412466049159 0.0923448912391846 0.193897623391381 -0.597594870652687
-0.00289103817491636 0.16200425048929 0.682759193766903 -0.416715260054514
-0.0971099499330374 0.11763931659436 0.710582742933717 0.138203586613146
-0.120105799030725 0.0248514848025043 0.227269461217837 0.0994022715247049
0.0711818768465742 0.00879169550392305 -0.203745316324348 -0.118715060991193
0.112961710614802 -0.0597935481637736 -0.67081061472654 -0.242851720255135
0.0189322263721851 -0.15365705873117 -0.705414303880981 0.294984689940445
-0.0900996047478482 -0.135074205384544 -0.260303936784602 0.619718021651905
-0.126523193205157 -0.0037574442926215 0.161631695741232 0.397869753422548
-0.0892960484026739 0.0425243027361504 0.100113450551159 0.158156370862596
-0.0590131916964015 0.0582437683143246 -0.00335203688703889 0.0728285563352289
-0.0424860408048904 0.053560866210264 -0.0825322482409589 0.0986385669897894
-0.0390140179886377 0.0365982802489106 -0.151175972747451 0.0906874033116673
-0.0500384148052268 0.013102484881362 -0.207206160494484 -0.0545169236394311
-0.0366073553216171 -0.0115632577605093 -0.208731624242765 -0.276271416644833
-0.0165247763183858 -0.0310163171567838 0.00971611066216504 -0.420122508745887
-0.00412096257261642 -0.00804192007301528 0.26309819255843 -0.372345008593631
0.0199811052420785 0.0162835891727744 0.311761400367152 -0.224641364576452
0.0436187428505182 0.0247035932782749 0.118155079246613 -0.306014818789255
0.0167253065615655 0.00527185464247447 -0.222409754259438 -0.183710195282046
0.0872592542655694 -0.000517509379471814 -0.604373132858983 -0.344610550589493
0.031281059696881 -0.107508021883029 -0.738175181919948 0.141916769996852
-0.0590116217729783 -0.116285262682571 -0.375875955639003 0.498912001916253
-0.090213254393687 -0.0112933677382518 0.0321633527652355 0.388385815685215
-0.0522579243335242 0.0220945712978398 0.062605663086274 0.155499733818768
-0.021468350924148 0.0147139159424581 -0.026088705050177 0.0878435984252783
-0.00448115043674419 0.00994119933686871 -0.0914599488261291 0.105176164743654
0.00849717380803364 0.00056261510348952 -0.156841240460319 0.101878984505547
0.0106277098893708 0.0185115289582213 -0.21527642865148 -0.041640760556086
0.0125498373515622 0.0373163196164335 -0.230238848847048 -0.258469345693004
-0.0416813565371256 0.0606765737650966 -0.026577996390377 -0.422390032955477
-0.0828274192017899 0.0324853085135863 0.229907894632079 -0.400303733717678
-0.0547402607319396 -0.0261190490392035 0.29445339878444 -0.235872730508862
-0.00183571938794401 -0.0488278439290553 0.0978070767841495 -0.279377437181915
-0.0373864871759611 -0.008696535668869 -0.220078411867493 -0.198930736086959
0.0788679201780205 -0.00823336441823242 -0.616818182785091 -0.377282646860848
0.0021316896556628 -0.0625810816378392 -0.7460394453261 0.117320531083088
-0.0477111898180558 -0.0551170191173959 -0.377127076233461 0.462563766464381
-0.0414276005800791 0.012338948780462 0.00491332529493878 0.36485857959057
-0.000198417721603282 0.00731599038313817 0.0392176700170672 0.159503253755395
0.0263445682069439 -0.0263173667398481 -0.037604893199668 0.0875123777287589
0.0357589124660684 -0.0314522804037822 -0.0857960809954737 0.0954202767315936
0.0500618160439707 -0.0335260653287522 -0.139340240526918 0.0991725180841611
0.0590109623810484 0.0168285738718916 -0.197818938512135 -0.0320134369774393
0.0501698549906993 0.0713704783704183 -0.2377148699692 -0.235009830856981
-0.0357623414509111 0.127166385467092 -0.0518755523483426 -0.420909348344109
-0.128932950099918 0.0715189133341788 0.215026814218435 -0.435617657433212
-0.109380424938428 -0.0395033697001078 0.316192163876286 -0.229986906556126
-0.0512018772278591 -0.0975710375036328 0.0865529900046941 -0.228337719077436
0.00446205535637745 -0.0454444687294345 -0.209862248307179 -0.194914250848626
0.0738945902810868 -0.065956686132492 -0.652188241799819 -0.297022516671186
-0.0347651536229399 -0.112003639617041 -0.688387571910124 0.225711057756905
-0.0997208768221614 -0.0411367339892513 -0.276538332119658 0.48831979455137
-0.0374880974728252 0.0498746094402445 0.0582156559932373 0.326981209035345
0.0313356344334334 0.0172625367495496 0.0641687687204082 0.11795807569272
0.0569228378158762 -0.0307732248591625 -0.020904787165962 0.0436344981964018
0.0580352314187957 -0.033281547612731 -0.0648606620134076 0.0483083593822113
0.0740592628614264 -0.0336236358176853 -0.113187779180187 0.0611249701010644
0.0750572917802766 0.037261258169265 -0.177375180199676 -0.0465686955657302
0.0372260875822043 0.102372634390206 -0.24245375583741 -0.231904903075574
-0.0841859638802918 0.123040846675954 -0.0629506456637306 -0.440602726162413
-0.133076576325814 0.0247783029501405 0.242022882776725 -0.470753667018882
-0.0583848859921831 -0.0541484931493321 0.395681580105638 -0.190063982152133
-0.0132146996615197 -0.0379231540910921 0.0845045114965216 -0.0794171995534104
0.0223257116716354 -0.0189242738069216 -0.182232229965627 -0.158494721593817
0.0516971158316012 -0.109032313299179 -0.614596083271279 -0.21050166040442
-0.107914258083249 -0.100299021849531 -0.601107068966172 0.255107499601733
-0.130057492413383 0.0420027613296606 -0.221275159414937 0.4533633238545
0.00770046690119874 0.106041160855131 0.0607125019065279 0.305233384936807
0.0831637362099102 0.0259627495921275 0.0742116291276567 0.110436796669418
0.0966450153155618 -0.0416587950767525 -0.00172945342535171 0.0270912428360983
0.0812604929863693 -0.0503625350346386 -0.0388159146079962 0.0214936436420426
0.0857439448258915 -0.0505067550379991 -0.0851158421688649 0.0421555548389086
0.0749202778449719 0.0276396636769477 -0.157408890728178 -0.0428525608372201
0.0281742342288411 0.0822284018608646 -0.248249178242379 -0.218290957428812
-0.0666947656339517 0.0891262843852081 -0.0747344048058202 -0.461020008219835
-0.0788110303655072 0.0238897460128068 0.275483448193183 -0.516369030854917
-0.0305085120828736 -0.0015388333517576 0.476345496953269 -0.16754363174885
-0.0461038891345759 0.00244019479800923 0.113347492933556 -0.0258011174678203
0.0032586287473635 -0.063976533902034 -0.169703249483737 -0.0809486646759411
-0.0228898597578946 -0.149767113535435 -0.541426211038138 -0.0951536442666335
-0.178688321298759 -0.0589288174654378 -0.499803394553647 0.274879948775081
-0.130999559453519 0.122499058325152 -0.1740847687708 0.434647604667204
0.0514479700213929 0.141787624704712 0.0806671456485087 0.307334238984234
0.118416728458993 0.0326275325229927 0.106854822592857 0.107499298197388
0.121892031146338 -0.0442459616774725 0.034520418753136 0.00298153790481863
0.0928256139634207 -0.0599841026773058 -0.00559501431514617 -0.0111725963908596
0.0856286428200398 -0.0628680755422147 -0.0599905334256809 0.0191215050826671
0.0651250686512784 0.00573829232203767 -0.148949190102574 -0.0519839982710179
0.0279681980330657 0.0388532779113196 -0.255574525451138 -0.237977320515858
-0.0108661299643488 0.0485632958520586 -0.0486952412283858 -0.515079065557275
-0.00157476551944588 0.0543946585657417 0.369947083479357 -0.546232168568236
-0.0160450796986437 0.0752737943084507 0.573534322728615 -0.110809793456345
-0.0841575638235903 0.0445129990669286 0.153596875765455 0.020548098853347
-0.0202084140871629 -0.0757243337211738 -0.142905990395408 0.00789109443951839
-0.0682070513576551 -0.128107424451566 -0.454835053983633 0.00591414197250732
-0.182521723709432 -0.00601892597015093 -0.419234099942152 0.293207476652176
-0.0942782203774454 0.152282986890036 -0.132315652192387 0.439919970320476
0.0747548045562767 0.13913218515272 0.120372461444348 0.321504573059074
0.122921709512465 0.0313577493043377 0.154207403980956 0.102717875968531
0.121129337877677 -0.0399734802691325 0.0813440437238684 -0.0256372802762291
0.0897351177327928 -0.059899121522807 0.0302763820605238 -0.0432871568225507
0.0791211847243054 -0.0658629554849994 -0.0386128258153316 -0.00703552430499883
0.0603764719347637 -0.0148853521460519 -0.145609206643161 -0.0793268287986949
0.0496475636074186 0.00510800866529758 -0.243052703495177 -0.293480946390506
0.053859753502071 0.0481163080653782 0.0377504284284041 -0.575794227347225
0.0387394943276863 0.116657493541714 0.510868195889126 -0.524978669641156
-0.0408728280446961 0.13071341150432 0.657718197624078 -0.0118576301305863
-0.114136233453881 0.05873443937718 0.194604318478646 0.0568188267512338
-0.0353103128222738 -0.0484919996866792 -0.106323349598608 0.0763618588588379
-0.0596363667630622 -0.0640387608823954 -0.377887937493001 0.0754931337399771
-0.122321961895812 0.0258261525071675 -0.359786438029752 0.317678074430964
-0.0422433112697974 0.119796105341295 -0.0890162741196107 0.457305759024794
0.0651041613216206 0.102169215523771 0.169886775498001 0.329369815635813
0.0932194237021124 0.0240563580636426 0.202059268353087 0.0909181021290598
0.0949522580118166 -0.0298769455098932 0.126721130598451 -0.0533864370395875
0.0726261671404551 -0.0482944834712104 0.0641632728004737 -0.0698576007321786
0.0695920303659907 -0.05523075526225 -0.019284347138103 -0.0332734528785862
0.0643990521031388 -0.021011360373804 -0.133389385345204 -0.119230744076757
0.0771095963610481 0.00482302518937088 -0.194880084646363 -0.354750305284201
0.0785732427659978 0.0862912886213019 0.161677020708138 -0.595573139590499
0.00987852525843544 0.162876834345601 0.644030960472701 -0.436198619668982
-0.0895912582365598 0.121081607323177 0.699330879114637 0.107120024690873
-0.119553508781968 0.0331128952971946 0.230730961402502 0.0837071360159888
0.0692116327447373 0.00431224278965461 -0.205488961679596 -0.108127592345085
0.109717098091622 -0.0634516463375665 -0.659274771863486 -0.225915027617591
0.0141671202856693 -0.151225132162162 -0.6888896510107 0.303139228501642
-0.0939417905407176 -0.127275513490619 -0.23958153089073 0.603178519246584
-0.122443115586922 -0.000317247176466112 0.168442996987774 0.385217892068987
-0.0847816672595244 0.0447399117499647 0.108249743818521 0.154199275096561
-0.0550796326063109 0.0594427701923262 0.00402421534988317 0.0719488181115118
-0.0387361023047253 0.0549407344292958 -0.0710854628525066 0.0976804245585568
-0.0372965758174902 0.0380183590521399 -0.135323017170069 0.0936229795648066
-0.0487881321466923 0.01550002468724 -0.196948192052891 -0.0444408567020651
-0.0370369845859591 -0.00979476820219593 -0.209099991320066 -0.258180388613107
-0.0200657363597986 -0.0293293941582429 -0.0014939736380253 -0.404153928117427
-0.00487446699250439 -0.0077211987634683 0.243070555405763 -0.367659692488363
0.0215763891165268 0.0120910840060522 0.293736046664007 -0.223553101505678
0.0455191741362442 0.0205152862189262 0.101870634220718 -0.298807996507694
0.0137428809091319 0.00609318346121981 -0.229923061447869 -0.172656991175967
0.0870380808790789 -0.000988161756202047 -0.598422417845085 -0.322930603224461
0.0319665060676007 -0.105632857719651 -0.719864937524624 0.155138875580001
-0.0578099386881158 -0.115792957326813 -0.355233769429812 0.495544298613032
-0.0874775979224649 -0.0126419104081511 0.0429126093417066 0.380320336907035
-0.051920534360499 0.0216672045166358 0.0711524195711312 0.151649332277396
-0.0230962780627741 0.0146842438289395 -0.0178631566753147 0.0866588143600349
-0.00564880305202809 0.0104876840844064 -0.0802882566218262 0.10413224286621
0.00545670659743575 0.00213471683136245 -0.139581960174157 0.104147968188605
0.00895971056125483 0.018956283017973 -0.20429333747207 -0.0326729074494114
0.0111345588962413 0.0350462229910388 -0.228227999764951 -0.239667452426321
-0.0422042460687215 0.0586666867129983 -0.036830095624756 -0.407025690325537
-0.0785643556430363 0.0338607840943671 0.210214754077141 -0.39262889593065
-0.051235518661397 -0.0259760263110578 0.278744307645944 -0.232787846184418
-0.00182780417392199 -0.047814950645713 0.0807669674665793 -0.272509377498082
-0.0410363174124713 -0.00289263433498187 -0.223627408519258 -0.189127047954451
0.0796832284064942 -0.00504257130603675 -0.612126632767078 -0.356625753241963
0.00785142204642433 -0.0580501212737596 -0.727923759337869 0.130044222927935
-0.0419398138110401 -0.0580427170059245 -0.356896501276597 0.460071898509831
-0.0392132310525258 0.00708889353137971 0.0171472426654168 0.355043278453512
-0.00303297307136641 0.00365111883293364 0.0466808484945174 0.15533386750819
0.0197669537667044 -0.0276198835810178 -0.0303510234902243 0.0865680116010265
0.0296424500812142 -0.0317991894638253 -0.0761699270491423 0.0952149739286561
0.04292040996861 -0.0323937142550918 -0.124450025980963 0.100372807735694
0.0545882140425986 0.0152550472776118 -0.18878107345382 -0.0240280970713867
0.0480558774672487 0.066331836781494 -0.234951452093911 -0.218078547155688
-0.0318852395004193 0.121794643730849 -0.0598742961530146 -0.404062428853751
-0.12053164073859 0.0721520341911518 0.195495029886431 -0.428505292021811
-0.10395315948477 -0.0369388504285508 0.300615137263327 -0.228583868499296
-0.0523628284554838 -0.090566894998248 0.0728100710195115 -0.222539681571562
-0.00396182887268426 -0.040180216586848 -0.21020452444082 -0.186409503545344
0.0735545283798929 -0.0592324309651681 -0.645051933306637 -0.278966831916635
-0.0276446289745595 -0.104087224552408 -0.669106713685926 0.23185708977429
-0.0910384036512826 -0.0425814385852945 -0.25874568972481 0.478983334764594
-0.0342820526433813 0.0428713881769767 0.0660797471436707 0.315034448206153
0.0278572139564036 0.0116847040944647 0.0664006523824825 0.11344925872633
0.0488400482494988 -0.0339245825282431 -0.0178925920724721 0.0430599169738548
0.0511662643392636 -0.034659605412617 -0.0594330709568019 0.0492040614553636
0.065463729076058 -0.0344629101045351 -0.102201776651532 0.0629986085100839
0.0703924058679485 0.0335728369548213 -0.169776237389104 -0.0395916516845284
0.0362185524031088 0.0951273216900332 -0.240058860968765 -0.215023929680213
-0.0776795213410741 0.118493443026143 -0.0724253737962317 -0.424889900044694
-0.123760896313382 0.0270025647107878 0.221148269729669 -0.463296732109505
-0.0543236307077688 -0.0491425814006672 0.380145780565123 -0.191432930630379
-0.0169160531414633 -0.0327331238265908 0.077724511009812 -0.0793365672581693
0.0145269083796116 -0.0152538514800286 -0.182293944850216 -0.150620625652981
0.0490711456791594 -0.102050558652226 -0.604613964172039 -0.194044774589812
-0.100160292766424 -0.0912546336696376 -0.581479867659376 0.260272002994487
-0.118764435103067 0.0407881480454089 -0.204458456308205 0.443474194258973
0.0111063940161295 0.0964147676908557 0.0673879541941275 0.291608829522318
0.0785045906727604 0.018970384811949 0.0739659508965439 0.103992653200613
0.0875650988011345 -0.0465181319488917 -0.00202235195955992 0.0256102864009551
0.0724600508810718 -0.0528069973204377 -0.0369415923740617 0.0218530518971242
0.0748807889595466 -0.051862325841253 -0.0773455408541988 0.043646644126881
0.0688021955682066 0.0235527937025826 -0.152094957899212 -0.0371522606689877
0.026606448494345 0.0738967648726667 -0.247057124223554 -0.201889883158661
-0.0596485246483146 0.0831383380733918 -0.0858565274245086 -0.446992109756069
-0.0679736858707243 0.0254117427422373 0.254224540256951 -0.508075722703759
-0.0258555932383267 0.00338388494133703 0.461784616087601 -0.171095482386602
-0.0496000565295937 0.00938895393493405 0.109731078570178 -0.0279909397881791
-0.00510390591361305 -0.0593773593864418 -0.166326661464286 -0.0756349091276287
-0.0250449212178094 -0.141412103391921 -0.52963114965866 -0.08146147585874
-0.169682002838744 -0.049793539278301 -0.479828558625648 0.275804913596055
-0.119167094372719 0.11946811139585 -0.157064782135539 0.421538660600461
0.0552877466711442 0.132099302619626 0.086300164270964 0.291472875687333
0.114411615838238 0.02474521445903 0.103995750366883 0.0990899918307361
0.112378531401271 -0.0495523598934077 0.0299768184315404 0.000863626013813319
0.0831023435493795 -0.0628930722211145 -0.00821215607958624 -0.0108644117015186
0.0746041498139435 -0.0643826544523007 -0.0560069080167216 0.0198229779992554
0.0585789008463207 0.00151584685957078 -0.146617856805446 -0.0461401380650679
0.0257156060820361 0.0309580571366834 -0.256360333340767 -0.2230607715651
-0.00359124178903389 0.0418820208580057 -0.062527408334674 -0.503405994199864
0.00964622748914442 0.0550424568460864 0.344892338240838 -0.542986519204532
-0.0110892003819578 0.0792450631421269 0.561618418248163 -0.117430048964637
-0.0863771016925027 0.0521769812252318 0.151429113768524 0.0161084270127246
-0.0277236596321992 -0.0711348670079374 -0.136626343430023 0.0105192014556177
-0.069008133436256 -0.120291268677266 -0.441290900858545 0.0151468646995268
-0.173370358958898 0.0008234735856891 -0.398202139261484 0.290553673199413
-0.083123332459342 0.148981097022263 -0.116115855114954 0.424684473350152
0.0782762367079146 0.130376928227135 0.124098392684689 0.304194832531493
0.11914260316291 0.0251890823531556 0.148901943385136 0.0932974716728452
0.112509559799563 -0.0451585220714866 0.0726407151776887 -0.0289387020724324
0.0813089636856514 -0.0627290681506557 0.0244615343178742 -0.0442461177681117
0.069261362318162 -0.0676088415462577 -0.0388231853570545 -0.00636239782507081
0.0543767461477531 -0.0196943238997587 -0.147105716481016 -0.0741853672440748
0.0480815650290923 -0.00231333437559485 -0.24696552419411 -0.279733638988426
0.0606384393488249 0.0419667793974187 0.0211729340827956 -0.566488761571828
0.0491350924357738 0.116825589710548 0.487328361456834 -0.524007520487937
-0.0371976141299188 0.133969239016573 0.645516848211244 -0.0212652465032551
-0.115174403699462 0.0661952825685646 0.194340518165374 0.0489556902195014
-0.0409433588893409 -0.0452939653526009 -0.0972777873671378 0.0767276480820066
-0.0598621782494369 -0.0593417945048931 -0.362917941315458 0.0800423349514095
-0.116177347051985 0.0306885959591848 -0.339578649270265 0.313421420733578
-0.0344468160988235 0.117244890925349 -0.0762516360351644 0.440384792863968
0.0686860727182751 0.0959405522244335 0.171969947516609 0.311511897394068
0.0909111157734374 0.0199670064752448 0.194534665149095 0.0806770032115261
0.0889030638069683 -0.034306750878971 0.114687286879002 -0.0578032413390545
0.066840222338498 -0.0508328199531371 0.0544716661094567 -0.0722235255069142
0.06210304247101 -0.0573670946346942 -0.0229435919095313 -0.0329973581232375
0.0603157764618671 -0.0246524113714705 -0.137536923350504 -0.11401255705924
0.076185269105347 -0.00157720732753176 -0.202231180570158 -0.343603368323335
0.0839997645747485 0.0821089022343101 0.144185990098561 -0.589458782963419
0.018674388788219 0.163321797250754 0.621210439117568 -0.439103929979489
-0.0854491211815994 0.122932150227645 0.688046931759426 0.0944185902135565
-0.120045669788094 0.0382735179366902 0.231837628402982 0.0739546741902332
0.0636265519777438 -0.0120209677635345 -0.230922567969136 -0.0601974062222384
0.089019791011085 -0.0788423559071771 -0.706149850916675 -0.100179936498903
-0.0188578507791727 -0.140663315690686 -0.624122886186452 0.431228552945789
-0.115747688613535 -0.089845086910924 -0.118380488591383 0.638033538497288
-0.109938392521611 0.0244447401167769 0.241351721345753 0.345374276409303
-0.0687739913512273 0.0577460173957611 0.139501855993142 0.1299091918091
-0.0380224648906274 0.0697985439492695 0.0170072783025826 0.0660692375303513
-0.0250590887517185 0.0618969250253603 -0.0450827171470943 0.107571589204981
-0.0288164331715828 0.0460631137542287 -0.106363634188484 0.118621241327315
-0.0458469652976564 0.024783329914309 -0.20051041098717 -0.00298678832284085
-0.0393339010278484 -0.0057752960454751 -0.259947748297625 -0.208115004361451
-0.0231538816965881 -0.027871594681876 -0.0860479985581689 -0.398058554401416
-0.00136459902899496 -0.00743794996799945 0.162568381115067 -0.416036316237627
0.0297953595915893 0.00493369264803813 0.24010493148179 -0.283672824132331
0.0530583023664508 0.00442833384666941 0.0325921429699737 -0.314531021308155
0.0114961469797247 0.00435273701079708 -0.274071370138632 -0.122763612368137
0.0809223547473712 -0.0119727623533659 -0.667551536657766 -0.20540294526796
0.0106353452850367 -0.0994077128165913 -0.685882025820037 0.293962595255244
-0.0764780545351702 -0.0926873704738263 -0.252655671662823 0.558415942887877
-0.0817564959088441 0.00439144231293653 0.11882105953129 0.366426265733436
-0.0448203639877113 0.0293302947078975 0.103354877175146 0.136211702843418
-0.0208681140663942 0.0201019303637372 0.00152209956278639 0.0859274938595836
-0.00471029303053728 0.012887944774832 -0.052482364100545 0.115488217034845
0.00281778639922792 0.00441903272438999 -0.10909140338993 0.13008006928634
0.00919328128627098 0.0161397363995885 -0.206170104786393 0.0109758083878798
0.0131979660786203 0.0269042556449257 -0.275741153158119 -0.186104538521906
-0.0268651942879667 0.0576745628276055 -0.125431408633355 -0.397308890246404
-0.0611349803082155 0.0448503371441495 0.122556341867705 -0.437872416336955
-0.0479365637221369 -0.0160587537673537 0.228726907480548 -0.289751938022329
-0.00807226134495171 -0.0494328739830773 0.0232147740792539 -0.281567897012741
-0.0433887485875763 0.00898285640071811 -0.271082875825966 -0.145909723240583
0.0733679409774399 -0.0103520423312267 -0.688377736711268 -0.23789964910611
0.0012683023456978 -0.049736941207237 -0.700452174227438 0.270247516298483
-0.0458312372757016 -0.0444662090826432 -0.264125940040916 0.525732873206382
-0.0325141897394763 0.0103211264398886 0.0890352165887682 0.347438664990789
-0.00403006722118675 0.00153070317697994 0.080357267923094 0.144376097380422
0.00769834161145526 -0.0300293055851828 -0.00710194956095167 0.090813662627531
0.0182547748565415 -0.0348418011301471 -0.0512793132098002 0.106893199357178
0.0296705143278251 -0.035703293047571 -0.0948892042476605 0.123819904350806
0.0501093821988835 0.00468102564842947 -0.19003327280114 0.0166186375652009
0.0521153074629364 0.048712118982186 -0.27768572754798 -0.162063448345253
-0.00371857509572178 0.113578018550591 -0.148929718330121 -0.389012665641156
-0.0913177133522874 0.0876718060951882 0.0983336635447033 -0.471192501844718
-0.0999536402644782 -0.0136956580238398 0.255561516442188 -0.291477010839153
-0.0674039369013747 -0.076828967343589 0.0280578034103911 -0.231680342090135
-0.0173161474895725 -0.0318047321720503 -0.252576056394087 -0.148221337257894
0.0596626070621888 -0.0586833625614565 -0.705076815409269 -0.156885935700803
-0.0392333695126392 -0.0852986823600884 -0.619370998397361 0.355819810925684
-0.0868773449395323 -0.0196459685200584 -0.16568891920632 0.520294526316602
-0.0200355982303086 0.0419453277139816 0.125921762790976 0.29772382882838
0.0263015855958716 0.00189679976173826 0.0892037236744112 0.100759732384367
0.0331308300782005 -0.0433689019223184 -0.00516722133530913 0.0483880790997314
0.0376549575742532 -0.0425362420393977 -0.0460366579358694 0.0596502953814439
0.0498284213062067 -0.0425026299174858 -0.083230768633426 0.0815576141526226
0.0689975250200004 0.0179492528968568 -0.177242933824324 -0.00325097873089878
0.0461285448657247 0.0770684334993114 -0.283539668693779 -0.159901191945255
-0.0469092113865274 0.117090300787474 -0.165543392616361 -0.408852698819344
-0.10049589681047 0.0449312088646493 0.118535448417482 -0.51380351391009
-0.0535840374210362 -0.032483874081915 0.342644737689932 -0.27165717032718
-0.0237230296114522 -0.0238414364919128 0.0601471803433846 -0.0941243822628512
0.00346040635561729 -0.0122991403149411 -0.216365895865737 -0.116064844236808
0.0250143141882878 -0.0956272391008495 -0.645690629944803 -0.0790416835266039
-0.106093282115642 -0.0588008670626356 -0.52873864224358 0.362550375219464
-0.0946968953219338 0.063537201951744 -0.125125042010108 0.471830178869147
0.0337637113321837 0.0841840310317896 0.121322359549842 0.277938995985436
0.0762660389757364 -0.00149030976344871 0.0941859416158187 0.0914723083693077
0.0664107493205407 -0.0641750077048497 0.00673908682589924 0.0309990251382821
0.0544329324284856 -0.063593156324386 -0.0313433550918598 0.0290532224473747
0.054604632858989 -0.0613238668556716 -0.0647498809193798 0.0580379599281057
0.0649014218311822 0.00798453179307476 -0.160268539955825 -0.00433418547151575
0.0322106962801914 0.057786632816822 -0.288791499534088 -0.145615785911048
-0.0351647135773878 0.077417639833821 -0.183910296038729 -0.428749885771167
-0.0444407354022113 0.0323264089962133 0.142263221669364 -0.565101676828519
-0.0138319380030176 0.0163840003992615 0.428988475629919 -0.27231938578662
-0.0486444478615228 0.0268447247209864 0.104633916799386 -0.0524751238959126
-0.0233951675115174 -0.0504051723472163 -0.181515998367876 -0.0459434955157462
-0.0528737376829252 -0.119845063123686 -0.546153707779488 0.0142176759149814
-0.164284193412036 -0.00660118228179086 -0.427463107400025 0.353324869264121
-0.0785213647796311 0.138960482209272 -0.0874082510166719 0.441742867220847
0.0840696092341675 0.110281092139348 0.14003580414629 0.277288986567479
0.112689607330429 -0.00227907942882627 0.122151153867644 0.0817576082825078
0.0903396070414136 -0.0729519269864713 0.03203870008452 0.00200587949998628
0.0626422510617481 -0.0760174290142811 -0.0122050455003311 -0.00904993735162381
0.0516496034753682 -0.0741459372468991 -0.0515762045815625 0.0311745608251984
0.0494107312309481 -0.012107596528409 -0.158680103335219 -0.0136818526638083
0.0238569739093872 0.0151397861948931 -0.305348005138116 -0.165106975449099
0.0135461560043198 0.0262976122731992 -0.173301223619965 -0.490713139217729
0.0381601754602653 0.0471867131996352 0.226097604548551 -0.617315340464602
0.0161544534933582 0.0903963022382966 0.540075905472021 -0.242867456425471
-0.0758506874021776 0.0772248753430748 0.157489396657001 -0.0209921784761311
-0.0459951210531491 -0.0569035065420433 -0.131421167317987 0.0329974952392533
-0.0900987024541212 -0.092675510787007 -0.437828475947724 0.094056060625807
-0.159277764615127 0.0419388621201441 -0.344908846969228 0.35406832734128
-0.0388869016834909 0.160469491396965 -0.0484418379728092 0.439456559040746
0.10639682591481 0.10486877749348 0.18041244668698 0.283231261180088
0.118986466577856 -0.00276266616951198 0.164018409944928 0.0674604155157244
0.0929926496981442 -0.069405851018734 0.065203452823848 -0.0352942387343549
0.0618596798015534 -0.075892667806081 0.0103415586100903 -0.0480566882378578
0.046869769575204 -0.0775765109515819 -0.04244792405048 0.00186043222252329
0.0425545826419241 -0.0321904867338112 -0.166960075707944 -0.0421682780610635
0.0408416340405142 -0.0212812520107127 -0.309041840194914 -0.225939341314495
0.0787794551021007 0.0163889720768147 -0.103081382677329 -0.572771755241109
0.0881913019274992 0.101646343739045 0.370718294755638 -0.629879351542419
0.000316151928797862 0.151147320424232 0.646276975797037 -0.167726725759205
-0.101030110050808 0.0970710515549201 0.209732973427862 0.000527302497596281
-0.0528720285180267 -0.0312045722604127 -0.0779815897829351 0.0915219960235569
-0.0692717537718849 -0.0388595400791865 -0.346755217088867 0.145754579383175
-0.0997078029019442 0.0578373296517583 -0.283576820907446 0.369370089622531
0.00029412942298036 0.120599076583996 -0.00139068882586439 0.450296692284687
0.0916835145575372 0.074796245877272 0.228880296919603 0.278961958309248
0.0922705448428676 -0.00159658758780875 0.205019144448762 0.0455778487774294
0.0743292827787067 -0.0538826883468331 0.0981099009449343 -0.0729462384798357
0.051883394057489 -0.0623430909681753 0.0330061011117384 -0.0817840734761633
0.0445479686215365 -0.0676081469594951 -0.0334999876855245 -0.028254180100389
0.0496859008866046 -0.0390323480883329 -0.167755980392884 -0.0847936780417793
0.0703144664275686 -0.0245811299073298 -0.279073063174701 -0.300290458217565
0.110487950174225 0.0547847437012922 0.0154445281652845 -0.623526517408192
0.0654616482387281 0.155222010336558 0.525241534135068 -0.572410232977716
-0.0528296248522077 0.149688724545151 0.716260461709218 -0.058278782333635
-0.110315915055018 0.0681946920969019 0.254574472487305 0.0181717982326898
0.0618166828749412 -0.0157800204017449 -0.240113471758185 -0.0513086552610402
0.0878965665950679 -0.0851141445017343 -0.723454900974894 -0.0890600355230633
-0.0233371097202001 -0.14380614409068 -0.633264771967273 0.45402803443608
-0.124267632313575 -0.0886558749408898 -0.107319101338025 0.653816182683845
-0.111940151471719 0.027201695845508 0.256723849407868 0.348276739850223
-0.0659116153137264 0.058087172981704 0.151757017904002 0.12824311103857
-0.0350755070969106 0.0731784491758012 0.023870356114074 0.0661259428957894
-0.02164002631698 0.0647521688885591 -0.0376094039913304 0.108764395223132
-0.0271536819688455 0.0490311392333179 -0.0959820863836832 0.121719748150894
-0.0459102393727154 0.028594813398079 -0.19731331059743 0.0036033597759658
-0.0409166957661947 -0.00350461243058797 -0.265957040799046 -0.200415472968763
-0.0267435683849733 -0.0264726443517458 -0.0961902247495988 -0.398344577078784
-0.00144459749975247 -0.00746715041418888 0.151496118653729 -0.422780127318761
0.0301507840918433 0.000368636054145648 0.234861157245879 -0.288149761115157
0.0549480503460553 -0.000690073543884394 0.0180111722300185 -0.31663261314698
0.00740127076256776 0.00664485034867919 -0.286915249054969 -0.114987254174886
0.0835950648938358 -0.013055587277914 -0.689339690710454 -0.194562447868685
0.0130736239340313 -0.100996220470493 -0.698397202486045 0.312080024553461
-0.0792295677622973 -0.0964245463039033 -0.244264142173746 0.577956617787029
-0.0845902378227276 0.00231803692805217 0.133090406992109 0.371699936190647
-0.0466019513418525 0.0300498011272416 0.114681617587228 0.136990325942933
-0.022890450258581 0.0221158202431495 0.0081715808773336 0.0867336033716151
-0.00564385113096162 0.0146857731669297 -0.0456542548437699 0.117796117998816
0.00166792575196612 0.0065821886518443 -0.0980960362270783 0.132712930038473
0.00828929307107941 0.0172914177630917 -0.205168919358924 0.0169154514963572
0.0124163908531144 0.027181379040146 -0.281520952597586 -0.17755042631175
-0.0267524709073832 0.0593772482618378 -0.136468538513325 -0.396376465331822
-0.0630923511264757 0.0442031076153438 0.110389101780455 -0.443387009009917
-0.0486071732429596 -0.0181993425103072 0.223570615364721 -0.296604288995943
-0.0092319221073356 -0.0506049102956569 0.00943898860550171 -0.283815711666171
-0.0481155267355248 0.0162216739552945 -0.283676479685389 -0.140602725289431
0.07737796073937 -0.0072344442375726 -0.711655181477527 -0.228421727124055
0.0082873318590558 -0.0494989573173465 -0.714179171480218 0.291234944207935
-0.0435244891265284 -0.0511740201028882 -0.256361722786915 0.544053721586758
-0.0349921700589399 0.00470291861471583 0.101664408844234 0.351057914532017
-0.00763814705285292 -0.000851252515181599 0.0895695824659095 0.144711148931458
0.00145288991330721 -0.0297959724129725 -0.00176463578279217 0.0912948535509129
0.0136527778716839 -0.0348776540731717 -0.0457292416309483 0.109503829051089
0.0260009088948007 -0.0345618291218759 -0.0855726358937467 0.125395012984272
0.0488605754212365 0.00448737734696802 -0.186951789043491 0.021374741823185
0.0514491237444856 0.0469608322497597 -0.281855054040508 -0.153237764416832
-0.00151310662946261 0.112233093361887 -0.161700370164452 -0.387761630417472
-0.0878338559363944 0.0898249288388224 0.0848141150806499 -0.478050206960462
-0.100065587502613 -0.0133123685837338 0.251713865562818 -0.298729862622027
-0.0712012563888598 -0.0735701223945578 0.0177608684304175 -0.23227034262292
-0.0248849341513694 -0.0241433687709774 -0.264186405396509 -0.144393784775265
0.0640847456200463 -0.0539054172738575 -0.724893669101909 -0.146559609315912
-0.0324992300153321 -0.0846109475998211 -0.628315042223128 0.376860801146302
-0.0837881051809508 -0.0249240744180475 -0.156873980611909 0.534562944708741
-0.0205968669039199 0.0360795006297765 0.135964615102151 0.298376280420108
0.0225297496987404 -0.00210119743999373 0.0940711515540072 0.100295630115997
0.0263282506112642 -0.0449651626136021 -0.0039314913492433 0.0498646788574308
0.0321648018931818 -0.0436572588875994 -0.0436291364575353 0.0618457362474312
0.0443160153806772 -0.0426346331466385 -0.0762518156075707 0.0827356546379139
0.0669748867767583 0.0172008582140747 -0.176342422791902 0.000910639222847049
0.045319540419069 0.0748248423041681 -0.289297174071845 -0.151103448153144
-0.044528155092692 0.115961437726541 -0.179937769155636 -0.408264895333642
-0.0960785141208987 0.0455634180744255 0.105765667272826 -0.522474669428068
-0.0520505344463521 -0.0304077853173969 0.343473376395997 -0.282065009602015
-0.0274604784829148 -0.0188486652154355 0.0547503454942681 -0.0964990689530296
-0.00395195144916458 -0.0055295889874665 -0.224403336382727 -0.113268965590508
0.0247527795330384 -0.091274840301952 -0.6609262064164 -0.0658132130055811
-0.100461647784779 -0.0557682141321686 -0.532802268187523 0.378712870053333
-0.0900049921400538 0.0601658322100021 -0.115985561504832 0.48148158918553
0.0362606647685521 0.0779982477518163 0.130413609578216 0.275923042435008
0.0734191386707752 -0.00699612296760698 0.096321186435057 0.0896114183697926
0.0598937416865465 -0.0681383130136079 0.00536529004622257 0.0314096305051597
0.047671815638633 -0.0659318990579598 -0.0313757726505181 0.0301531534260023
0.0477506620763253 -0.0622340691882981 -0.0607545499445004 0.0587096650076312
0.0610326517481724 0.00625180322305416 -0.161174037576846 0.000532091919261352
0.0293556574543823 0.0543484027833706 -0.295587050720932 -0.13622250438408
-0.0318443697103153 0.0724403503050606 -0.199755933818242 -0.429913360262332
-0.0364499138741248 0.0309094636764932 0.128814684411954 -0.576493509522355
-0.00904093961726608 0.020332849914506 0.432755456956927 -0.28557650461014
-0.0520640885617145 0.0358993902440133 0.103188368779115 -0.0563326704436299
-0.0323739627726021 -0.0439420542244263 -0.185304144684006 -0.0434207537195166
-0.0558090712105232 -0.115078571345648 -0.553851783153395 0.0266943865591369
-0.160403180185179 -0.0015899863460431 -0.426530368348043 0.367080790215732
-0.0721687290087869 0.137853367835678 -0.0775841840322974 0.447947451908792
0.0882037496737466 0.104447337287643 0.148123677087376 0.273755643402606
0.111814069945022 -0.00802674617184171 0.122138654872684 0.079315495559788
0.0840924053887573 -0.077593894165638 0.0277458149503558 0.00125240042577838
0.0557840884493271 -0.079146852497799 -0.0155307647292768 -0.00861833190970533
0.0433058351574591 -0.075848916056174 -0.0499788090866081 0.0317709139251065
0.0445233311294172 -0.014587123482467 -0.162797228268973 -0.00919635787680737
0.0204894504330963 0.00904786997313806 -0.315938429338602 -0.156245297911304
0.0181208450385087 0.0183805462736079 -0.190908854807871 -0.496610075404245
0.0502158105269517 0.0451976783025463 0.215064393748431 -0.6344956039329
0.0226641006427753 0.0977082943432413 0.550589487582461 -0.258424504763088
-0.0792905540261077 0.0889421789559316 0.160138432582304 -0.0263818668851803
-0.05501505660184 -0.0508811094214019 -0.130807546110776 0.0344697274259915
-0.0936877224966005 -0.0884589873430983 -0.441667524097361 0.104269596432887
-0.155499221777116 0.0480515892782736 -0.343651193385327 0.363851294074548
-0.0316128412610166 0.16036386759519 -0.0393437672269103 0.442082741247635
0.112174577839595 0.0993739001782487 0.188136796060388 0.278121011593916
0.119598755255621 -0.00784993700690015 0.164016720273784 0.0632571742691175
0.0884730560551354 -0.0731340493240484 0.0591199033514212 -0.0372478485376702
0.0556761924231283 -0.0790535740764716 0.00362387865659619 -0.0487343422404027
0.0393446278392232 -0.0799163005366378 -0.0444641585777054 0.00211556614879588
0.0379725219290021 -0.036081215606947 -0.17397373333326 -0.0377954110727473
0.0383519762265153 -0.0284171375445833 -0.32443740036653 -0.22153008330944
0.0861480118419213 0.00822907077313657 -0.122063472831794 -0.584222511666492
0.102176931520262 0.102277193557356 0.364069633566049 -0.648941483878562
0.00562366856135051 0.15976560238156 0.660463845703494 -0.180451297071418
-0.105136280423049 0.108515524224296 0.216371319619224 -0.00635452234573941
-0.0600450042123721 -0.0259074232129792 -0.0729543448931376 0.0923760063261497
-0.0715702944328026 -0.0350356344998067 -0.346524988335407 0.153151618490064
-0.0961143937628053 0.0631794099696403 -0.278723392774 0.375485013489946
0.00650912955652478 0.120267197124558 0.00739722602175376 0.451670157408998
0.0971077545150244 0.0702027454254533 0.236025906411265 0.273222243648357
0.0935653379536142 -0.00537800605540881 0.204401514258344 0.0396543632926553
0.0707528968135693 -0.057005210636047 0.0899954444090653 -0.0767694042191465
0.0484307223525445 -0.0653293487630155 0.0242847948027787 -0.084012611731274
0.0395418345389573 -0.0703682292980305 -0.0384830729385716 -0.0284693878250857
0.0466539865525135 -0.0425730571590599 -0.177312113883791 -0.0817658612355233
0.0704283785797381 -0.0310433813093119 -0.29553217200477 -0.299548231023708
0.119862681602209 0.0504386642884388 -0.00039178193198818 -0.639813625900327
0.077641023405545 0.15867478432441 0.527022446165842 -0.59532595461206
-0.0512699370060107 0.157832218014932 0.735834373054286 -0.0714026321141294
-0.114305599639285 0.0761229136429683 0.263488204375373 0.0095124035935966
0.0592832248767194 -0.0201896689591712 -0.25075472486551 -0.0343480781124349
0.0844369250219395 -0.0940450494655472 -0.745838467275321 -0.0577372804679045
-0.0329610834854307 -0.146708053013937 -0.630270116911101 0.496827055900823
-0.134900880356768 -0.0840369644261009 -0.0785294087762522 0.673670694822877
-0.113310935557968 0.033678531165174 0.283877200639509 0.343122320809002
-0.061055549689691 0.0622452577687182 0.168221100427949 0.122482315571481
-0.0301150239572741 0.0774399600978693 0.0332453143731016 0.0659011691595777
-0.0166418133263336 0.0678477623431951 -0.027257531016906 0.111327610359112
-0.0234596277198311 0.053344233711193 -0.0826787387123597 0.12667524486546
-0.0451956736234234 0.0338047237642305 -0.193849068062269 0.0144309022647945
-0.0433990148603588 -0.000304293948207138 -0.277969181923338 -0.183759569824811
-0.0313824324498536 -0.0240344335887333 -0.118381481265002 -0.395643456496417
-0.00247181575360818 -0.00754631552966234 0.130463030097433 -0.433953207620323
0.0296948604303268 -0.00477921074363651 0.22023224643384 -0.300368082732622
0.0560768978718548 -0.00750484260590024 -0.00655161410138513 -0.319428933982898
-0.000165911308781361 0.0112310531687171 -0.302964311698797 -0.0975973208362012
0.0860426490651896 -0.0158489443646394 -0.717811399645239 -0.165686405375518
0.0124411354527981 -0.103365448523513 -0.708375978792998 0.353532207713133
-0.0862584174859723 -0.098054144571333 -0.219298140438195 0.606913675911903
-0.0892061387015386 0.00368948903499768 0.159730452255032 0.374678580845354
-0.0479410968995244 0.0325024878437974 0.130626881589944 0.135169378118462
-0.0245150229877532 0.0249668844394512 0.0185683731337873 0.0879491367724328
-0.00556249038668449 0.0163773637316608 -0.0352825613498454 0.121668148327126
0.00138868762203012 0.00895052124768476 -0.0846523763704209 0.137598822083079
0.00818762812536617 0.0187819254440244 -0.201623266262988 0.028545327786082
0.0116796158490497 0.0269658967932634 -0.29148045818784 -0.161190153578207
-0.0244976647905371 0.0617743101398781 -0.161210640559323 -0.391514503714308
-0.0628576404287554 0.0458439134854952 0.0865277848374475 -0.452787022554053
-0.0510537891950147 -0.0188402740450768 0.209208836424545 -0.309312844172542
-0.012331591516827 -0.0518888066637836 -0.0134671631267176 -0.285415417732944
-0.0524871997702877 0.0263012192344637 -0.302591256140745 -0.125990903386101
0.0811418916926226 -0.00612956869460525 -0.7420971719643 -0.1980325395361
0.0147974454304654 -0.0511152628017097 -0.720306902046365 0.336419279949726
-0.0435853746000434 -0.0576077430854345 -0.233420293904549 0.571606989805502
-0.0385214618007777 0.000173572740662532 0.126473025836541 0.353450578656348
-0.0121846758918103 -0.00265818824725569 0.103658307917329 0.142688886457293
-0.00550045618012501 -0.0298466467467106 0.00672012780567799 0.0929197648297803
0.00802248722880946 -0.0343506721701646 -0.0366785830309328 0.113260957669808
0.0213568240423474 -0.0336342252721281 -0.0724365383933721 0.128826125305249
0.0475752388894912 0.00302509926186341 -0.183862780748775 0.0328601874626642
0.0520755109369804 0.0440920719292719 -0.29187473822292 -0.137094570623524
0.00339610432576688 0.111945828311505 -0.184565083207868 -0.383419571185268
-0.0817792607255209 0.0941070232816345 0.0581319116762751 -0.487396064068821
-0.101163803952067 -0.00872318238425826 0.239871369690202 -0.313516283059549
-0.0774666854246573 -0.067879428262572 -0.000120964380942833 -0.233685717308772
-0.0338738134199652 -0.0147494972913939 -0.281845373371147 -0.132584842063385
0.0673057354724485 -0.0515840236269925 -0.75141098463153 -0.113201769353287
-0.0272677037298142 -0.0840996164074909 -0.627317001990458 0.418547214980158
-0.0822960596913229 -0.0293092743800623 -0.131909155214365 0.554657284247564
-0.021577845194781 0.0307482568227362 0.156406570000337 0.295421127099485
0.0179847580665833 -0.005952449626352 0.102371613866563 0.0968290808849925
0.0179675035498956 -0.0474162533934904 -0.00089850031566321 0.0514084573073061
0.0254243663418836 -0.0452920390015287 -0.0394297337122281 0.0659409803661015
0.0383096154487885 -0.0432632028042679 -0.0673621012893918 0.0853715930593675
0.0663361318556693 0.0142606174409311 -0.175685733800174 0.0110563393938129
0.0458306656543495 0.072195071876861 -0.299176720442941 -0.133765003336644
-0.0401666370789806 0.11585788759929 -0.206723754470459 -0.403605742239518
-0.0910983953339118 0.0480895877230153 0.0759532886785693 -0.534249774353557
-0.0517889843447983 -0.0268281167941693 0.336580949771732 -0.304529680698415
-0.0315287191917226 -0.0115592072539385 0.0462742698183961 -0.0996931853109365
-0.0112820485785916 0.00347224176388217 -0.237006659286704 -0.10432611646969
0.0236988893061668 -0.087553043511741 -0.680120298738471 -0.0352990542014896
-0.0959282357723194 -0.0511466813545971 -0.523178756339303 0.413307109831596
-0.0844351612734693 0.0581905423833366 -0.0911298349357743 0.495298661330487
0.0391208380208958 0.0708239334005758 0.147788348421141 0.271334633265418
0.0706170058735289 -0.0141361471128102 0.101708691069503 0.0860847970021673
0.0504641602198764 -0.07234840263688 0.00524384226227215 0.0323932811059919
0.0390345200632814 -0.0693148315427488 -0.0312626635472101 0.033133294749776
0.0385773810791195 -0.0633253008115717 -0.0546761386166935 0.0607100249809652
0.0575684553325516 0.00307825739987303 -0.162532972478658 0.0101996127572064
0.0275576921335966 0.0499907620633945 -0.306602516745937 -0.118256466609035
-0.0282288050750159 0.0678615675050543 -0.23139432640042 -0.424993445308504
-0.0277414426882438 0.0291537819415625 0.0967721765385094 -0.593585110978862
-0.003336209894733 0.0256629851681438 0.430232608887434 -0.315499987878478
-0.054238722236854 0.0479310451699151 0.100230462423818 -0.0621155411932197
-0.0421909591116656 -0.034092228983416 -0.191338492466132 -0.0355744805084642
-0.0611717442662121 -0.108630200510601 -0.563873353432607 0.0568967704846963
-0.156008819077191 0.00776100095165605 -0.416373866716449 0.394029724297891
-0.0616981252891845 0.138386966877495 -0.0554827640862566 0.455937942505607
0.095273561258948 0.0955245574255298 0.164417768177179 0.266209065795052
0.110481187547223 -0.0174544439712506 0.125473932500919 0.0736514400580763
0.0749674686394404 -0.08419640564608 0.0243490339336106 0.000638286038859643
0.0462976931810787 -0.0833366619955535 -0.0192575911490268 -0.00688976017351851
0.0328677795207854 -0.0775707616452927 -0.0484353112559511 0.0339707539592607
0.0393314076627527 -0.0182518432059852 -0.166848663557823 0.000774603030691061
0.0160363148098974 0.00304536054933413 -0.331778801998651 -0.138322066264513
0.0227110482514694 0.00795250487168721 -0.226845780428516 -0.49507560385737
0.0642026150485893 0.0408028933291322 0.186466200059056 -0.660054895333022
0.0325043686470357 0.104798068691759 0.555034141084857 -0.291108756120522
-0.0802181540389704 0.10485329273554 0.162700728637466 -0.0364635939982458
-0.064776461327379 -0.0408602713398505 -0.128782634413214 0.0405911952771609
-0.0999253712596613 -0.0806755940809203 -0.442640528770466 0.127260777595309
-0.150587753055542 0.0583559835636715 -0.330789108892678 0.383786381276123
-0.0197971448856877 0.160436832353458 -0.0172493436888123 0.448932774478423
0.120643990132978 0.0907781426373065 0.204604570195246 0.268719370377641
0.120125178664901 -0.0173107479027744 0.165783870722998 0.0550155335260725
0.0810379504793093 -0.07990318401239 0.0515236294634064 -0.0404123009208175
0.0471582796629657 -0.0839704593625709 -0.00411013600062687 -0.0486474862586079
0.02941927495413 -0.0824371088938056 -0.0470194115583501 0.00382477607648836
0.0314635550221254 -0.0407987371489639 -0.183225828299973 -0.0274718171487388
0.0338172214741588 -0.0374717937001278 -0.346751869513908 -0.205713880504552
0.0938880330583154 -0.00464115336197911 -0.161203511907534 -0.593216308666866
0.120295476466678 0.0982483086442998 0.341963662976684 -0.684542533806298
0.016656819531894 0.16972997379535 0.674115811619219 -0.21849394646044
-0.105093550038207 0.124853516901805 0.22285712848522 -0.0208612144610677
-0.0675103038785121 -0.0164925801092172 -0.0656607163344474 0.0948380517341231
-0.0744504243682283 -0.0287280596118105 -0.34203650748077 0.171671112511054
-0.0899513035180854 0.070658788537637 -0.26418610405411 0.392610559637822
0.0162535387682897 0.119214204339634 0.0302750088590588 0.454845786039489
0.104535448982849 0.0621345974831937 0.252667331282399 0.261647728371142
0.0952709912686334 -0.0123820531729649 0.20447763604529 0.0285903013041024
0.0662014543490786 -0.0622241796295525 0.0794802699793552 -0.0825937013817857
0.0422576655093669 -0.0698744124287868 0.0119400670048276 -0.0857551544961982
0.0320310242952881 -0.0737715858503206 -0.0447412285024251 -0.0273495587643569
0.0422532854457266 -0.0482568288779006 -0.191080893859286 -0.0727231191541431
0.0696948451294538 -0.0407300494746581 -0.323491778767159 -0.289441989026965
0.130822384734863 0.0414338279300785 -0.038042051918442 -0.660129178718901
0.0944186508135129 0.15942763031915 0.511992673794591 -0.6365126521956
-0.0444867111351932 0.16804889723391 0.756129724016602 -0.106812968586832
-0.116370646254618 0.0892482698692233 0.272966095361798 -0.00844001348714194
0.0543156564716897 -0.0249178413235653 -0.254016419786726 -0.00899292759988484
0.0755474846768291 -0.101149885895674 -0.748729579847832 -0.0053307454003008
-0.0456197617264878 -0.144387830347497 -0.596524602250269 0.543135631446059
-0.144582355110532 -0.0734487673475834 -0.0297807590177477 0.677147650125014
-0.108797691750878 0.0416210856287283 0.311655917117341 0.321350231817567
-0.0534396070461979 0.0663352534686569 0.182455165262425 0.106673939239398
-0.0225568065431865 0.08031022621122 0.0433346812588355 0.0616892897344952
-0.00857223463220436 0.0694667009719585 -0.0134958780981721 0.111440337800607
-0.0173926505572121 0.0561327545285831 -0.0639195569547884 0.128294598214364
-0.0419877972260753 0.0385255475666405 -0.184816375210126 0.0289907375406616
-0.0445829316926265 0.00428649120007681 -0.285362010160275 -0.15587711216149
-0.0354879333771146 -0.0196019337558935 -0.145748627222711 -0.377106859310141
-0.00367494042846822 -0.00783601071347034 0.0930773139876531 -0.435419967487737
0.0272916942859176 -0.010361034893278 0.193772910029503 -0.309057148473997
0.0546246832294033 -0.0155233504849104 -0.0397326927388334 -0.310585565434543
-0.0019551906856487 0.0154300400272168 -0.311746566962905 -0.0679501911542918
0.0856739391547502 -0.0214625556906654 -0.729679049493913 -0.11538136216162
0.00946119941995111 -0.103566233905378 -0.687920355657522 0.406134451426274
-0.09270667287393 -0.0961190965585532 -0.172698430530502 0.624567736699107
-0.0915947327578309 0.00812712879484783 0.192324338245944 0.360678033313563
-0.0474579902889573 0.0355848814869993 0.146975139604719 0.12678400194342
-0.0243471321505486 0.0282121155774512 0.0300381153149255 0.0849334200538119
-0.00584715385849516 0.01799485406058 -0.020961919191324 0.122879604390871
0.00171279204053408 0.0108821679784895 -0.064768062949758 0.138633102600984
0.00869865650110832 0.0196735427399743 -0.189875296175516 0.0434363559645519
0.0119542102274484 0.0262605665622058 -0.295956735555134 -0.133270323931351
-0.018664978103138 0.0629400140021157 -0.186538896830269 -0.373343002221203
-0.0593114521920762 0.04791299185825 0.0494241011493355 -0.449855129391347
-0.0526275326567245 -0.0164258588230196 0.184674275968765 -0.316702890873672
-0.0168041492361371 -0.0503792812688132 -0.0444733553276926 -0.277100573190641
-0.0538084066600533 0.0385466243066223 -0.313623366557142 -0.099077426086806
0.0827832827831485 -0.00572522900863135 -0.757498524864424 -0.14179811229544
0.0198510557715739 -0.053018921546002 -0.696965062274011 0.387573875221411
-0.044970886023088 -0.0618779300069156 -0.18799575819636 0.589243359668564
-0.0426369454927862 -0.0029290034904086 0.15579912613019 0.341298593249923
-0.0171008540329903 -0.00307471512628959 0.11843955217711 0.132525452566457
-0.0128808812105579 -0.0266954710520854 0.0172080492566142 0.0913823146142832
0.00135493395040565 -0.0329018651395588 -0.0244179427623035 0.114937410792007
0.0159254298523819 -0.0323007808710215 -0.0550965825157206 0.129409202766238
0.0453474146663431 0.00124116777456762 -0.174061681782768 0.0456107081050777
0.0514907837261589 0.0395605744196509 -0.295364914040727 -0.110195823292287
0.0103305182877213 0.108149689181133 -0.212404284572272 -0.359782953904125
-0.0715192120147514 0.0967054431862292 0.0183525310853616 -0.481363149269418
-0.0998005799770859 -0.00181620269370874 0.215449823514778 -0.325775557398843
-0.0830566859367306 -0.0567181010018946 -0.0232601709982223 -0.226533941609509
-0.0388493543279015 -0.00108220095271159 -0.293942673470041 -0.108988227514825
0.0687148652308527 -0.0484380845462423 -0.759481456232429 -0.059436312185452
-0.0231716071699151 -0.0824083671742038 -0.595374104164446 0.464896535348593
-0.0807584792998103 -0.0313883108508757 -0.0884773255929713 0.562315155407399
-0.0229064915803777 0.0251362159236014 0.180062763370397 0.280073545641125
0.0122595413099889 -0.00966984047303219 0.110329066395352 0.0881759553211116
0.00784506043427735 -0.0467904935937414 0.00401417774628121 0.0521260278002997
0.0172525751967131 -0.0453555857463031 -0.0327305038089567 0.0688702461988492
0.0309040792635609 -0.0427366633324803 -0.0554497869571758 0.0864408134499607
0.0639067184325697 0.0103113404703624 -0.169449260262466 0.0238756370966018
0.046803688956115 0.0671151450277703 -0.302657782152797 -0.105914844235651
-0.0322171228058888 0.112796286338788 -0.236746577216965 -0.38019715085322
-0.0818413524274894 0.0506923125401072 0.0332479719691888 -0.533787248488205
-0.0501508208663016 -0.0216990686058371 0.312409327928814 -0.325903774626106
-0.0340198176200712 -0.00244698579723027 0.0335076671155924 -0.0997399118054875
-0.0167833923521201 0.015346734878909 -0.245195467202439 -0.0852480897768901
0.0208089447708585 -0.081821183741778 -0.681273395839518 0.0151696448629323
-0.0891685061893539 -0.0445885457229139 -0.491226896605234 0.450390852172219
-0.076201921348646 0.0556708388235048 -0.0523628395196073 0.496792475913934
0.0419540199834111 0.0601040834488048 0.167928745448775 0.254388298276687
0.0641583747025072 -0.0220409585961915 0.106254795065203 0.0771900405028653
0.0377365637001659 -0.0750789415350471 0.00636397928634911 0.0331753557130547
0.0274145377086044 -0.0702700133615506 -0.0289738709378431 0.0368946816333397
0.0277824383005454 -0.0629786127122676 -0.0461793941746972 0.0620402555759736
0.0525865156964414 -0.000472881319265863 -0.158007044443173 0.0230663149418311
0.0252349307446745 0.0449940633897766 -0.311276018940059 -0.0887018173612703
-0.0234543061006864 0.0612225808646568 -0.264591364648375 -0.401054590897378
-0.0184261317948753 0.0257002745459665 0.0506007060344174 -0.596026721276263
0.00391655544164556 0.0288342316155348 0.40744804844449 -0.344650564698022
-0.0524799441373643 0.0612541867239386 0.0926522999429635 -0.0680770451377804
-0.049800802387137 -0.0197843347533405 -0.192592664357804 -0.0222329458415808
-0.0667681934508023 -0.0972124229746818 -0.557094384412257 0.0967033161874873
-0.146521185419175 0.0191728882954875 -0.384710281103542 0.421316682844795
-0.0476523183823828 0.13507844692615 -0.0219775849388786 0.452794596752792
0.100494714915997 0.0814471580497374 0.181130805856005 0.247732282478487
0.105147502759089 -0.0283628100999412 0.127522879353213 0.0630274392230576
0.0623889626794024 -0.0889501196064117 0.0201775024099079 0.000698080112327635
0.0339162394912665 -0.0849966107456817 -0.0228836236309911 -0.00308183995303518
0.0200758109820857 -0.0775139636838253 -0.0447724062646599 0.0360223877453057
0.0314577183982585 -0.0210435089157077 -0.165894677396407 0.015128152041431
0.0101432638507191 -0.00268164406938821 -0.340580405147947 -0.107345300692806
0.0242290927891477 -0.00346630077810233 -0.26708757842069 -0.474810692702446
0.0768008662795514 0.0311290932696747 0.134759443935333 -0.671396440292046
0.0457880675679833 0.107175261340035 0.535844155103224 -0.332303106898226
-0.0738864720768993 0.121010943904815 0.159146387011629 -0.0489872471335701
-0.0722350870902026 -0.0252816745853244 -0.122547018149903 0.0474646526815411
-0.10358900570171 -0.0674935314874654 -0.428592228734551 0.158033660383407
-0.139057257015751 0.069391513562048 -0.299655525672329 0.401289094191625
-0.00488713687779593 0.156018043528015 0.0152321546800628 0.441555032078413
0.126667279814308 0.0754656355048563 0.220720167802963 0.246881686787032
0.11645020753865 -0.0288506578074436 0.163514195939373 0.0418949456035431
0.069772933696887 -0.0854341567210717 0.0420857166524496 -0.0416126455990912
0.0348129575751127 -0.08619180599478 -0.0133835541217066 -0.0452613891981995
0.0162227673464571 -0.0830870570104945 -0.048079424849363 0.00744069104869699
0.0232620010626772 -0.044001301472029 -0.187370926465326 -0.0111221904649693
0.0263747989601095 -0.0452445296428325 -0.363567482645406 -0.174277917451949
0.0974104598052745 -0.0205457656565912 -0.208416136940827 -0.580127754586381
0.137100728275277 0.0865656372319624 0.290480523568973 -0.708917164114031
0.0327147991881015 0.174674567934225 0.662748087177285 -0.267413072844633
-0.0986772011574954 0.141245909168206 0.22209857207642 -0.0397236580627275
-0.0726674894032641 -0.0030972510908628 -0.0540134132480059 0.0953735881363269
-0.0755717234691395 -0.0195557315453983 -0.324808292967241 0.192357243851868
-0.0801741057705836 0.0777581127436981 -0.233016594857212 0.405027031404806
0.0274192329303529 0.113502362974403 0.0618274831138874 0.445085723393557
0.108504176959647 0.0492439548720617 0.267225144239364 0.23738112066887
0.0940273422520995 -0.0216012511993217 0.200084682628861 0.0128887025626184
0.0576580534298614 -0.0664956593783017 0.064621015744131 -0.085183513310825
0.0327445800410021 -0.0725654744030488 -0.00174956105873099 -0.0831359433000845
0.0222358935649563 -0.0753931782097172 -0.0511146072335101 -0.0235872714823279
0.0353720117499915 -0.0527920895756344 -0.200664443556641 -0.0558647505867676
0.0644709691004702 -0.0503117739234731 -0.348212325365103 -0.263282687878277
0.138337594725309 0.0259989844226782 -0.0900566941284283 -0.657546108382304
0.113163719142108 0.152490612019571 0.467283802720786 -0.67410062994059
-0.0315695831199412 0.175645430710208 0.75340506971812 -0.159648129712817
-0.112373746642118 0.104426112567613 0.27447443492515 -0.0333231225141316
0.0476549435745343 -0.0268946116411783 -0.24442385093715 0.0144861454199313
0.0641891374207928 -0.103159569856254 -0.718748325641733 0.0403441836246684
-0.0543502776800326 -0.136361154896883 -0.542687555659759 0.560784521467608
-0.147250689953108 -0.0600540762429192 0.0152468664009324 0.656277420988766
-0.102015993824711 0.0482409809019905 0.324509852805603 0.28826175462027
-0.0458342435778033 0.0676405915960372 0.187900577235214 0.0879248551051818
-0.0141497402021323 0.0792713149843667 0.0506134768406283 0.0551505570009447
-0.000784924430966102 0.0669040455597013 -0.000358397918396453 0.106172735083021
-0.0113935157230727 0.0551890938954054 -0.0449543487452351 0.1225221207352
-0.0367057110099015 0.0420317059844291 -0.167970676826898 0.0395330397759144
-0.0436042504350532 0.00834397056007104 -0.276673495563587 -0.125938737944528
-0.0374031788668731 -0.0143520412748974 -0.161961224021497 -0.346860112438262
-0.00496928635234454 -0.00744518357435943 0.0593672248864748 -0.415404271016368
0.0234295927217916 -0.0153547563857884 0.16309439897331 -0.301717319992511
0.050276267987349 -0.0215645341067886 -0.066387574967651 -0.286496873791206
-0.00374739724701428 0.0202900193637219 -0.307368372507528 -0.0381376125416338
0.0831003031304802 -0.0246753426108871 -0.708463641790722 -0.0663127133587769
0.00616432745955858 -0.100867509681402 -0.635716860400836 0.435538521642109
-0.0959722584277411 -0.0898627228719587 -0.127051777120777 0.615130349817685
-0.0905748682994882 0.0116819292412719 0.211994137438882 0.333009221957324
-0.0455220077716366 0.0371428976201188 0.155681336616279 0.111642017249638
-0.0225690978731526 0.0306594476248967 0.03959703256434 0.0777965185104544
-0.0047934637641163 0.0191264142861576 -0.00718964861002907 0.118099482697268
0.00228304950708162 0.012280734570721 -0.0450394091831473 0.132391426977142
0.00895382232337324 0.0198440155062094 -0.170713031903579 0.0529770671349502
0.0109991502898267 0.0252293796668383 -0.285450783019865 -0.104532798469806
-0.0128106611322542 0.0597472600299214 -0.200347640300102 -0.339331608476275
-0.0535051155808589 0.0473766165041548 0.0166114663379728 -0.425913198123975
-0.0521568504378245 -0.0136601308691274 0.153821202948585 -0.308522487134433
-0.0202473043753831 -0.0467376739181258 -0.0690793715764353 -0.254817706107781
-0.0524331933003823 0.0498944323353771 -0.310170280640822 -0.0699807117226014
0.0841903273226042 -0.00622544570019652 -0.736477903285993 -0.0892170448591996
0.0232514678770613 -0.053014018603215 -0.648448929043033 0.421016503123142
-0.0453916447286586 -0.0652475695553804 -0.141347585195058 0.578758179209947
-0.0458646385241978 -0.00497452711419574 0.175336292190837 0.315325149849487
-0.0210067748895145 -0.00329417365120458 0.125414350578487 0.117797888380231
-0.0184037677635293 -0.0224412510319272 0.0253981217759615 0.0849754491292708
-0.00461514069153798 -0.0292660899295667 -0.0112554303335782 0.11139399047867
0.0110375079332171 -0.0290432582663659 -0.037214325863899 0.122636573945509
0.0414157229287882 -0.000437982111151446 -0.157406264213343 0.0543392768744977
0.0488008310428566 0.0348135371029166 -0.282617307690893 -0.0826898304446263
0.0142210857105595 0.099655123453503 -0.224158917337534 -0.324421223288692
-0.0598947158499267 0.0943731190924908 -0.0137937392984802 -0.454908056281808
-0.0949498986131054 0.00413715124927887 0.184459482453164 -0.322183027970478
-0.0847222583057619 -0.043070798308445 -0.0429744756082422 -0.207500271304813
-0.0409273288593494 0.0131665325955773 -0.291725527606917 -0.0826571687614257
0.0695139314148782 -0.0439860205997998 -0.735519722590244 -0.00953012790120281
-0.0171722035838464 -0.0793950725246817 -0.545422078312305 0.485062550068388
-0.0774751790402713 -0.0342630937432031 -0.0474798894866946 0.544992679102146
-0.0246881286002045 0.0191905376190412 0.192236246518062 0.254155498353299
0.00576367335123354 -0.0114958977455112 0.112653250945665 0.0759936175259558
-0.00116460824032558 -0.0433110471367716 0.00802373324954646 0.050407235963324
0.00875987526853787 -0.0421816044767681 -0.024182438039278 0.0688665108269044
0.0229462731301903 -0.0398219284057537 -0.0426758373012398 0.0819787448553402
0.0588713205110889 0.00700766392571284 -0.156383763658553 0.0336664106018077
0.0447251008641506 0.0606646884059288 -0.291170413569306 -0.07821067877699
-0.026253370484528 0.105758774453336 -0.250612061532825 -0.343635454489793
-0.0719397810694361 0.0493126363599406 -0.00449961896375233 -0.50738326787935
-0.0458943100656789 -0.016341554837498 0.279231379789224 -0.331063809926103
-0.033556814799869 0.00704171424254791 0.0216101447120937 -0.093581773051022
-0.0191415590495115 0.0281872956535673 -0.241505828788247 -0.0653415136518375
0.0195405309070269 -0.0726055523374265 -0.653739658267384 0.0570490865680182
-0.0789839464474383 -0.0385525574176989 -0.444053913711393 0.46358888850513
-0.0668999002830879 0.0492593572606238 -0.0170943654575387 0.476137530822857
0.0404493477937704 0.0481037864263079 0.176968333763639 0.227984845825533
0.0550090101275543 -0.0272305818677441 0.105636758686053 0.0659821804751412
0.0252447942958284 -0.0727063429244231 0.00665122921430458 0.0325732337670442
0.0157549854020701 -0.0667367260926796 -0.0252272329165503 0.0384735865617326
0.0169949604074357 -0.0584666756559077 -0.0376686864723621 0.0595440671139367
0.0455784904844283 -0.00249186824120878 -0.146884176518885 0.0334365835144309
0.0206044508258054 0.0396687123611193 -0.300179354830909 -0.0605990448812788
-0.0204773240149897 0.0523015850765386 -0.280971272366586 -0.361204671651762
-0.00882803647819404 0.020117845771629 0.00812239144995549 -0.571437386661866
0.0110932420697534 0.0303544483339334 0.371753208857734 -0.35708783485329
-0.0466395689649178 0.0717917961938173 0.0821701032172323 -0.0691872822632144
-0.0526198316684014 -0.00339768517985921 -0.185290940447592 -0.0101423939618253
-0.0658109719600515 -0.0822880624722724 -0.527581342043652 0.127364922504416
-0.130869306660391 0.0264155261285653 -0.342019261913997 0.425383056074731
-0.0351659391020987 0.125220443228073 0.00931028876035923 0.432174994945001
0.0991344188451303 0.0654444043712209 0.188512070418506 0.220322604764289
0.0949049870043042 -0.0370868129697654 0.12256644400527 0.0517256295362037
0.0482068619443143 -0.0884504359138515 0.0157681079691738 0.00160549282416505
0.0204887583610425 -0.0815552042189928 -0.0241308482223407 0.00147399936597623
0.00740320987788778 -0.0718906353234506 -0.0398391627518636 0.0364737854910072
0.0228633500542287 -0.0219554842652242 -0.15716198122496 0.0283898156277795
0.00244687889514537 -0.00693734868822806 -0.332465027454286 -0.0755560169602626
0.0228050132989912 -0.0147113504660374 -0.290637020495002 -0.434432071697367
0.0846821098820148 0.0189046384166272 0.0837445345190888 -0.652013365839126
0.0569851987354552 0.105008616008655 0.496738514111333 -0.354365607811322
-0.0641651820707708 0.131475920145525 0.14873419970136 -0.0574421798906251
-0.073551774572382 -0.00866598611260513 -0.112230901372676 0.050706379193453
-0.100570870338393 -0.0528095783907662 -0.397351538167668 0.17539839429951
-0.122520151302084 0.0747997577465637 -0.26252981113614 0.400296125872692
0.00753741736680028 0.144658045475741 0.0418241440739208 0.417435858176516
0.124437275035863 0.0587456921913763 0.224344001690749 0.21818422202333
0.107591242696631 -0.0383659285822474 0.155361812368395 0.029604539786951
0.0572393383323611 -0.0861164926096254 0.0319461216843042 -0.039631141895172
0.0225637958717584 -0.083423549607645 -0.0207293262662154 -0.039352456804952
0.00432039586018567 -0.0780864216444527 -0.0477989154132585 0.010686197734119
0.0136840130624895 -0.0444211671804591 -0.18216336750072 0.00551732952635243
0.0169536166713367 -0.0504067230328049 -0.362508979651125 -0.138814416949059
0.0942412226592607 -0.0353170355993319 -0.242957137531955 -0.543353059728065
0.146743798499352 0.0712250665609409 0.234043829127793 -0.70051251146099
0.0470429517625368 0.170785940149816 0.62528401090011 -0.299743672225722
-0.0872908129662377 0.15197650524061 0.211638123325894 -0.0552050734002803
-0.0719580441274081 0.0109092799482372 -0.0420396621941671 0.0904988477146287
-0.0718030891477028 -0.0101869236648313 -0.295209476279006 0.199884991516874
-0.0671369165052898 0.0792669547654216 -0.197955887945618 0.396895768570662
0.0356864073519736 0.102908738699798 0.0842577458518687 0.416499001792103
0.106958298935131 0.03622004287979 0.266857799609934 0.206749469522479
0.0878698029283172 -0.0291509559561416 0.186988875328834 -0.000432898164712583
0.0489118297472649 -0.0671756629812501 0.0486324271915717 -0.0827237550039272
0.0228965902411084 -0.0711832147275158 -0.0135928890227862 -0.0753252103226385
0.0117638311942515 -0.0733694060812182 -0.0542084663200079 -0.0182377144431623
0.0269859822281226 -0.0541479517649845 -0.200920763592261 -0.0374027492347925
0.0559300288451194 -0.0567490125151539 -0.35454226355823 -0.226896789314598
0.138016783311899 0.0106110539806179 -0.13212199438156 -0.627935952845872
0.12567833617805 0.138564832133665 0.407219952508647 -0.679432670684251
-0.0181211189786721 0.174820642500307 0.71881279037741 -0.200084737477448
-0.10312195510207 0.114328479974556 0.262862654725579 -0.0542490345224613
0.0345163150307942 -0.0255817500615675 -0.220634018918883 0.0607294979108504
0.0398500643019762 -0.0925020395024359 -0.67188646174747 0.153383442021282
-0.0650756872494997 -0.104034409867877 -0.423766309034124 0.607680551071871
-0.132656259416832 -0.0263429970132682 0.117043218255539 0.612827401272345
-0.0810918914296354 0.0567506567176489 0.349848034968193 0.219960610508289
-0.0323998398493086 0.0668097969985574 0.194359830603451 0.0539161680753526
0.000641381068798277 0.0746748497545529 0.0587514850108654 0.0449500342939484
0.0105284731165113 0.0619239964907183 0.0212113111518269 0.0982244604519148
-0.000250555289727133 0.0542862371923375 -0.0168502570182238 0.117105087887471
-0.0279952703329579 0.046903921739137 -0.146811086023751 0.0624272642148287
-0.0424188480974861 0.0149856307635582 -0.273763754864542 -0.0685719640971468
-0.0403998001174602 -0.0110198782039463 -0.200727476586515 -0.291580149824632
-0.00561574710380754 -0.00990755627898326 -0.0131312396114366 -0.390784768256375
0.0202183795157716 -0.0233945309438452 0.0987201478104141 -0.299697896897182
0.0401421501222586 -0.0332005668841538 -0.11031735311229 -0.246312378206573
-0.00697028221934387 0.0283788700959114 -0.293471976617036 0.0262316861964582
0.0697735561734364 -0.0201021653362402 -0.67965200014624 0.0555605204105452
-0.00271793913282351 -0.0813092826440879 -0.526125598811594 0.510782471191957
-0.0914955129410741 -0.0641531578014606 -0.022851708444465 0.595813981044842
-0.0769955229951209 0.020826305078322 0.253151773723771 0.277629559097024
-0.0379987331045157 0.0388638957243529 0.168537747847942 0.0805810103261835
-0.0163712085180711 0.0329209684791901 0.0524488098312417 0.0670815890294087
-0.00199900137386861 0.020126584967583 0.0171689523174752 0.110177966943187
0.00440241828226879 0.0129219810410618 -0.0151687412558485 0.127320127420351
0.0101660563569688 0.0195748336255508 -0.145630600562112 0.0764060570171227
0.00906927104499438 0.0231366794787224 -0.278622358553641 -0.0475000177645468
-0.00608593487401539 0.0517985903194149 -0.238067897338706 -0.279437078289417
-0.0437660644267803 0.0443596073718388 -0.0558286380486754 -0.395292188513517
-0.0484027501346018 -0.00977452562065678 0.0908133110237512 -0.305890381153345
-0.0283867113695801 -0.0430348376004021 -0.111456010463951 -0.216572554613276
-0.0483320044617729 0.0650639686738665 -0.304273843450409 -0.00362335151581993
0.0755129009339993 -0.00076379504421312 -0.710951592559184 0.0418831509356066
0.0230117073643368 -0.0415110652593928 -0.540696539670968 0.503318314299476
-0.0406517307240425 -0.0538447625290967 -0.0380245188703941 0.566173588925024
-0.0407653653926764 -0.00362930748030707 0.217278507309655 0.264681403925273
-0.0231642271205765 -0.00196019736915211 0.139668912528154 0.0887349172027509
-0.0223925556255633 -0.0153439753323339 0.039738324232959 0.0747488556209151
-0.00992262038021301 -0.0235256166938133 0.011280836438031 0.105205826747266
0.00542445004887089 -0.0255261571308707 -0.0102361648408436 0.117352643257746
0.0364660905487319 -0.00340875740742732 -0.13405588148848 0.0764322615780266
0.0437583512098321 0.0278388673427389 -0.272286343432069 -0.0286925176510813
0.0221705719988775 0.0852797134509298 -0.260341820016893 -0.264063996139568
-0.041853127392376 0.0869235100180664 -0.089720164212065 -0.415971100426946
-0.0828931041817073 0.0127176268557822 0.118782531233722 -0.326975810326781
-0.086375511963148 -0.0274392924230635 -0.0758539559301163 -0.178950193639133
-0.0421705873820245 0.0321119154606947 -0.289566993943115 -0.0216438937083307
0.0619964849895835 -0.0322456188093899 -0.694893542100665 0.114822307571897
-0.0140499823933371 -0.0610002602679008 -0.431526965042338 0.543450056214098
-0.0652101686130053 -0.0239575364619298 0.0408496408477462 0.516685884907318
-0.019591245001899 0.0141335785504114 0.222104568324551 0.204518243514757
-0.000662792826788622 -0.013842875195655 0.119617995171205 0.0519958148293403
-0.0110435814519707 -0.0369088139249902 0.0173329260157729 0.0456065842402409
-0.000657790210248997 -0.0371370734406325 -0.00873255142548658 0.0686658298469713
0.0134885255306744 -0.0361236297308879 -0.0234497684114254 0.0813284068823292
0.052646564005062 0.00133726793906626 -0.137887737560036 0.0581862284084263
0.0418052549404237 0.0522577816455641 -0.279861565182799 -0.0224870032962266
-0.0159770707336564 0.0938508155014992 -0.287809658972653 -0.27608725178697
-0.0569903001743575 0.0449146000501942 -0.0900749844342357 -0.469085218397277
-0.036464734864935 -0.0118331322714012 0.205098133294841 -0.35282711413488
-0.0306801915550978 0.0165198409782478 0.00269919747011218 -0.0850327978640393
-0.0195288931319534 0.0432786373201192 -0.237252727335541 -0.0160456326371102
0.0114406641241065 -0.0520137951861586 -0.604466724419241 0.165077000863536
-0.0643006241583025 -0.0179729350804211 -0.343743208325581 0.50532276454061
-0.0441351779131647 0.0493017164757633 0.056455955223312 0.451189696202153
0.0436379023257645 0.0307186557875477 0.205028251574119 0.183721783372858
0.0429704623498083 -0.0355589994738416 0.111370393532052 0.0437026727389677
0.00780254016220436 -0.0680945261111298 0.0129516706438368 0.0297338521182561
0.00183026740951601 -0.0608589606835437 -0.0160105668939805 0.0415713073047335
0.00378528902574874 -0.0520428564917697 -0.0233081444388307 0.0606131201148266
0.0375931356921098 -0.00636992968155488 -0.129879075678609 0.0578130314492433
0.015292528176193 0.0349267288124976 -0.286653504288347 -0.00245858421727676
-0.0190719512492588 0.0396798058013263 -0.321136691313846 -0.287944146044085
0.000251562826239934 0.00805261916668509 -0.0893665550151032 -0.534396804588159
0.02680747803418 0.0247626325579877 0.286041258970193 -0.394322024954107
-0.0338400383824479 0.0815236312816572 0.0641319699459273 -0.0740815776597055
-0.0522787872827632 0.0182481632616352 -0.175450357166697 0.0223892617178664
-0.0673843998251501 -0.0511780450582909 -0.475277237207294 0.204866611264625
-0.1044054450156 0.0474740891327887 -0.25909257140703 0.452761199173272
-0.00437122158817369 0.114740241089685 0.0708952352636135 0.407145565099866
0.101052310316302 0.0379523658545559 0.216047861947756 0.176860235999569
0.0796244493414348 -0.0505432503537645 0.125891579393155 0.0282338344556805
0.0274608443433194 -0.0865530705234563 0.0165097608113805 -0.000387023297173887
0.00353001438389397 -0.0751458196623653 -0.0229104048312179 0.00744057585146792
-0.00807754725103533 -0.0635798923281124 -0.0307929192643265 0.0412237679317975
0.0125571278494335 -0.0213918386123546 -0.141969442950822 0.055844600324313
-0.00828792448771496 -0.00787205167676798 -0.322590433091258 -0.0109421865444861
0.0142089669870893 -0.0322783595391267 -0.345768690704839 -0.353760799399998
0.0901349692274341 -0.00484158831766587 -0.0306940361904622 -0.624069375770942
0.0823821037025596 0.0900651486766663 0.402107961725401 -0.416016535667367
-0.0414261748318092 0.140710597047519 0.12890357330696 -0.0762424386778748
-0.0698038198750657 0.0139970942313368 -0.0968336543582151 0.0635704271201928
-0.0946034135067352 -0.0227611080629952 -0.34568906308618 0.22738476622856
-0.0916802839096439 0.0896242792274669 -0.189382182814567 0.416457609156731
0.0371830267379486 0.12661921146121 0.0987241465164742 0.390344162481633
0.125367612686058 0.0286848866561796 0.250525915286284 0.169513723229428
0.092292658871727 -0.0538564169574208 0.152520134946646 0.00294842563796729
0.0366375965113001 -0.0861917103513048 0.0247467139391019 -0.0411183165236816
0.00610304006806891 -0.0781933855794433 -0.0273791482846123 -0.0297638805309046
-0.0119635478752946 -0.0699986227545949 -0.0441653048204663 0.0200006455515178
0.000435864117458511 -0.0422829387559035 -0.171202921761689 0.0398435227589479
0.000670681759559807 -0.0516737911933978 -0.365199967221083 -0.0640178319807385
0.0815836238756762 -0.0621922909022941 -0.319848870227588 -0.465939980140294
0.155630259301801 0.037848704931386 0.103888122199454 -0.695879629245177
0.0822318555112174 0.155274070746308 0.532824445057391 -0.385184951612446
-0.0601043993672227 0.161797523897514 0.188107352539928 -0.0858963459094765
-0.0639771280428409 0.0293954368541741 -0.0234949453577658 0.0872620163149151
-0.0631150712537116 0.00987216781812729 -0.245263528054345 0.233733436471548
-0.0413921882436688 0.0855661228369481 -0.128097006756457 0.403515643221733
0.0569286527055091 0.0856414790921199 0.141771016628261 0.382365332200063
0.106212825879942 0.0107904636906249 0.286547971784608 0.150980921559189
0.0761623491790576 -0.0441139989722441 0.175620820382181 -0.0289182552339094
0.0328682822128312 -0.0689492739621863 0.0317009910324106 -0.082639046974635
0.00895309766712726 -0.0681843308797967 -0.0285597303149536 -0.0638514754994174
-0.00347091646150812 -0.0678179875067827 -0.0570643084546643 -0.00476992816944694
0.0129405729191214 -0.0544940133471222 -0.197795057587268 0.00376046808919181
0.0384052004074514 -0.0631538960585992 -0.375719501393614 -0.14927195688843
0.133271720876462 -0.0226583967630577 -0.23144643986735 -0.56588795271017
0.143626680348975 0.105836669379571 0.269916349606915 -0.705909428241378
0.0200323417553332 0.168908775286632 0.637875149288756 -0.311430903032679
-0.0798664415432419 0.124771197117585 0.236987038462513 -0.0946930414883738
0.0315170724791345 -0.0219580247217434 -0.210484476695975 0.0623937206295217
0.0378470035482202 -0.0889748297299204 -0.647670652798246 0.137969455599969
-0.0625781768790559 -0.0998746310201688 -0.417225219500106 0.580988504076551
-0.12997732587465 -0.0246189929114034 0.107504135912349 0.59148242452511
-0.0795454215106752 0.0574371500698084 0.337163716684318 0.212722604798253
-0.0317169006871518 0.0656867194945626 0.190151053887777 0.0497426114762195
0.00225044027129563 0.0712993023842136 0.0607303361872333 0.041530000263723
0.0117521282661368 0.058566006925874 0.025145387627829 0.0919952647421271
0.000966103853364717 0.0515740213218256 -0.0117731995746167 0.107523891212022
-0.0255414125245371 0.0462296155626648 -0.1346780201892 0.0566703067568532
-0.0414713489236739 0.0158500410564103 -0.254095918326569 -0.0659240902409198
-0.0399449059297967 -0.00806427871049334 -0.184874035151623 -0.27671074994634
-0.00608830346861045 -0.00991105530790481 -0.00780334141266214 -0.366046027421554
0.0169636568933093 -0.0242081362908436 0.0960167218524735 -0.278920343968432
0.0365327247811946 -0.0341277053436715 -0.109507467152048 -0.226040788498113
-0.00728587422574105 0.0326664826197766 -0.280942140336387 0.0304561238078577
0.0691145171450987 -0.0154925835169249 -0.655048728598609 0.0457183929471975
0.00140613938785095 -0.0791826055407399 -0.512388409888158 0.489175015211543
-0.0899853515640247 -0.0651290285677529 -0.0271220521307303 0.574333931608616
-0.0769636444968526 0.0186252472276253 0.244288729939529 0.267711702688979
-0.0394498701761759 0.037433540756597 0.165285861016151 0.0761233977845967
-0.0167445751474547 0.033493070249736 0.054167188187831 0.0622288388401165
-0.00202024561567427 0.0204523113907479 0.020841321726436 0.103547854809989
0.00480327238845673 0.0138795855592544 -0.0100928315045224 0.116446063299974
0.00967331503531567 0.0206577345512513 -0.133100808972599 0.0692488512665558
0.00698917580021709 0.0234452244992253 -0.259495715355371 -0.0460029896375317
-0.00741487428773049 0.0488096169931703 -0.2202632568941 -0.265075013827907
-0.043225899542026 0.0402658147684895 -0.0476858484923739 -0.372109757897951
-0.0473697840264378 -0.0106013513441931 0.0897887958990472 -0.286314466704661
-0.02816091321232 -0.0401857558631397 -0.111837893840813 -0.197984658173781
-0.0469486926221217 0.0719350795233282 -0.292340902577206 -0.000140146983120265
0.0754302454684748 0.00694084094808648 -0.683851997197075 0.0339860638836876
0.0295193020839941 -0.0424113483541155 -0.526541350950579 0.481835360971935
-0.03932647348852 -0.059490088205331 -0.0402610865156103 0.54421850773125
-0.0442607848214511 -0.00638015815632927 0.209132278900311 0.252604471469247
-0.02768160373895 -0.00205782670153895 0.136082408624249 0.0835232932100003
-0.0248898459309857 -0.011939887719085 0.0404357689311049 0.0704674734559954
-0.0118990032350558 -0.0199594804753915 0.0147210674837591 0.100017911129093
0.00338236136900465 -0.0216370167516831 -0.00599434989146352 0.107104951927364
0.0337284478803232 -0.000671089174730807 -0.123228359059685 0.0702001267104016
0.0387403834617505 0.0278235232990549 -0.253347606186003 -0.0277838075878861
0.017835637678043 0.0793186021335147 -0.241746585640584 -0.24864884446216
-0.0392963356829637 0.0798625239324099 -0.0808443862101845 -0.392417549397099
-0.0787297836528154 0.0113402875292852 0.116309173951154 -0.306555596211343
-0.0825306714674695 -0.0219960408869181 -0.0767561140811531 -0.163579096234331
-0.0416726533168961 0.0426908185963856 -0.27880038890399 -0.0186868912576868
0.0680007427945031 -0.0250166594448498 -0.67088394308493 0.103484021042178
-0.00424333041834184 -0.0629914097063316 -0.42008631107307 0.520067073773825
-0.0634704571995336 -0.0318641673624352 0.0373263753123402 0.494688219703043
-0.0245792656720213 0.00929428743909641 0.211529546102755 0.193448280103934
-0.0064605898170251 -0.0134869335652498 0.114647644168167 0.0487838564540141
-0.0146918958148028 -0.0326266748438653 0.0169250216978089 0.0447491906686581
-0.00396957657826661 -0.0324818253427595 -0.00573630363991754 0.066137603522104
0.0103056821537818 -0.0309429087197572 -0.0198081125955212 0.073175998667809
0.04798775022506 0.00342265069126256 -0.128222910791218 0.0532350970486705
0.0355745766242768 0.0510733701621971 -0.261535902978382 -0.0221439287842079
-0.0201462465325724 0.0859351493278143 -0.270185823844222 -0.261195176382586
-0.0524597457645305 0.0375892556872082 -0.0827915517006806 -0.446440828187384
-0.0318481933072858 -0.0114209884377132 0.199077893501125 -0.334551624747175
-0.0292987537879588 0.0222889354084719 0.000402353231705303 -0.075862712477181
-0.0192832993388934 0.0540128720566406 -0.227182439541763 -0.0155021455859998
0.0183554507853832 -0.0442977195554635 -0.582202737492701 0.152053494764452
-0.0536358051731393 -0.0215127359285217 -0.332452746267297 0.482828989457051
-0.0439191234487233 0.038999432103527 0.0522014688642425 0.428744567635597
0.0363569739358808 0.0252164960377155 0.193307146373112 0.172808464668796
0.0355991705211182 -0.0348155787225612 0.105224858505612 0.0417385708670938
0.00315506988055684 -0.0633406165252014 0.0117002729725785 0.0303477423610415
-0.00242057922771062 -0.0548410876948797 -0.0142656948888078 0.0412625470739727
-0.000671823802176058 -0.0454458421520582 -0.0208221264019843 0.0554303949461777
0.0317950536504595 -0.00387890107112368 -0.121467300708899 0.054151392991989
0.00835362225225955 0.0334789801757077 -0.26906920189121 -0.00162564450521336
-0.023283087855678 0.0311648466799245 -0.304209860022752 -0.272500301167927
0.00457334651599369 0.000828578582267186 -0.0824592705225894 -0.50925551971671
0.0310281694329018 0.0254032865907922 0.278741401784734 -0.376762940172098
-0.0320823352112576 0.0871408564719495 0.060884070566009 -0.0671652510107668
-0.0496345778092343 0.0298832628762782 -0.167195694027723 0.0198025410119098
-0.0586824614299711 -0.0448055268633372 -0.45605165932646 0.191222362592146
-0.0935028763609902 0.0411509559262329 -0.251652761986525 0.428733796939828
-0.00593935195614645 0.102995804740341 0.0641905659140648 0.384415254748056
0.0925307444734825 0.0333184672093756 0.202684864059467 0.166341939661041
0.0722787499266574 -0.0495779984354542 0.117761127618067 0.0274451935874983
0.022416974895388 -0.0807615069634289 0.0133894635435102 0.00286623432420154
-0.000468667328889676 -0.0689686275447144 -0.022796589682302 0.0101499844491738
-0.0130204525786502 -0.0565357321937852 -0.0291548484425568 0.0388322739068341
0.00657944338732508 -0.0190654781530906 -0.134287713806549 0.0545488069529447
-0.0154035637236753 -0.00945058251422996 -0.305162822025221 -0.00793238226808709
0.0106946821418503 -0.0400452217946671 -0.330026825557302 -0.337637594472813
0.0931244043755882 -0.0112127310909351 -0.0268493003824552 -0.598373478623306
0.0846385791755885 0.0900059144019673 0.393576588929738 -0.398210828384897
-0.0398635393010806 0.144804553275558 0.124263523486144 -0.0711778770803772
-0.0656337316539745 0.0243325193207451 -0.0906993263972114 0.057733812853035
-0.0864828995230525 -0.0188658873265922 -0.330978426611624 0.211754380467016
-0.083451491067363 0.0834048461477556 -0.185469490273328 0.394028856253804
0.0347890839496979 0.116497784077069 0.0889704847700865 0.369791693202332
0.116852597281105 0.0248935726295106 0.234891553825667 0.161147177521123
0.0854851873242844 -0.0531651435400822 0.14245652267758 0.00460820307105368
0.0323345079290824 -0.0813821023635592 0.0194517727384028 -0.03541456213833
0.00191765615085943 -0.072397548200517 -0.0289899846706127 -0.0241319504760801
-0.0163380207436571 -0.0636667378186357 -0.043797767245019 0.0203427792657305
-0.00490746887829585 -0.0398008469578344 -0.164830129433591 0.0403138320691578
-0.00575985095756287 -0.0528485329976486 -0.349590721745211 -0.0595390762044297
0.0786477027343773 -0.0680025614073894 -0.305503796502931 -0.448817636551548
0.157070066300635 0.032780816634502 0.105825481841221 -0.668974216943477
0.0828844495148992 0.154088911755534 0.519307508584026 -0.368658174675021
-0.0582733910201713 0.163910341086985 0.182127888685695 -0.0829224463142262
-0.0599495706851274 0.0363125457866976 -0.0203637100565152 0.0788912667060597
-0.0577284831403613 0.011737595146555 -0.234986976257665 0.216757436621372
-0.036390900050433 0.0809735392569316 -0.127396264700627 0.3808437464712
0.0538119755842594 0.0786506254096278 0.129294473780477 0.362675957589353
0.100005812613752 0.00795737394523557 0.269010566422643 0.1451962910646
0.0715671524139638 -0.0434084579425969 0.164358634365804 -0.0240992302423299
0.0299516185163747 -0.0654742743534253 0.0257658734447723 -0.0739708395847637
0.00593720234275625 -0.0638606284181438 -0.0308979153809388 -0.0568107682706032
-0.00694955080697433 -0.0636580587402599 -0.0576387556587217 -0.00320262697394113
0.00910163777553335 -0.0525401917530619 -0.191922392509003 0.00604019531625452
0.033820751961146 -0.063907207039044 -0.362099147778964 -0.142706472961919
0.129517846039994 -0.0270512036712843 -0.22057354047441 -0.547202457742556
0.143050347241587 0.10120242061639 0.26781395224173 -0.676687248838916
0.0193385327356947 0.165731658850443 0.620753390407017 -0.292494030354854
-0.0780613575849809 0.125611925865733 0.228918626051502 -0.0932217361112187
0.0307852632713624 -0.0190927558843167 -0.207944413174067 0.062991110988346
0.0388405692144932 -0.0882034311586528 -0.650770804446142 0.119162739547014
-0.0614412821364238 -0.100342854242372 -0.433373819668117 0.572920348744192
-0.131708547210086 -0.0256353812175699 0.0945445352486157 0.593847334816904
-0.081252381360744 0.0581753129222905 0.333813448570039 0.219392912657905
-0.033321490581195 0.0674617944529523 0.192138817589407 0.0507405136881908
0.00279970648615913 0.0709498683653552 0.0641579533007862 0.0400040458405089
0.0126852225308037 0.0575417048054402 0.0284799340126813 0.0893806498270648
0.00113901476072947 0.0514252340026472 -0.00855481463758378 0.101754526861536
-0.0249700019233198 0.0462128106440456 -0.128675030503581 0.050925923940699
-0.0421884107551494 0.0162905384980107 -0.243091618025109 -0.0690131398597611
-0.0408689533612215 -0.00641180382425085 -0.170861156737121 -0.275929802541223
-0.00709858722605795 -0.00979810035082849 0.00411828801552788 -0.356823707303307
0.0142925001892522 -0.0260478711726691 0.101506824106721 -0.267340443972004
0.034883576379884 -0.0355550384187937 -0.109089972923345 -0.216664825584306
-0.00884648339627517 0.0386779893431034 -0.279553578243456 0.0306403742727247
0.0711678572063689 -0.0106717858932381 -0.656415935423404 0.0241224747041994
0.00629540203163507 -0.0806389432639093 -0.52703709849554 0.477198662972034
-0.0919506999304988 -0.0696297651296496 -0.0394738119584517 0.575161275974486
-0.080079200333287 0.0163270795750193 0.239837669615592 0.269289008942526
-0.042822760798866 0.0372827306799196 0.166477857156986 0.0757627643140871
-0.0177364500786783 0.0344037656151755 0.0567386550937328 0.0612881104036932
-0.00296656379805689 0.0212544166442625 0.0239520194188081 0.101600486390273
0.00419469735744201 0.0148413968615566 -0.00736123949269161 0.110693075970504
0.00931181212490641 0.0217515205401475 -0.128081103860421 0.0635419550357835
0.00497241771169712 0.0249203936874395 -0.248763678482845 -0.0512663477963972
-0.0110477159805124 0.0488548503675112 -0.206780984059728 -0.264454712955256
-0.0447049852047445 0.0375564599752038 -0.0359739624682023 -0.363340849853296
-0.0483966131267438 -0.0125454775244512 0.0960570044126894 -0.275572681490727
-0.0277718300738917 -0.0397741500531784 -0.112623553392509 -0.188965899927402
-0.0478366353392235 0.0809686402484963 -0.290774153310356 -0.00147219765041831
0.0797771545079388 0.0144365722000249 -0.683214097002433 0.0160518394317648
0.0375339881031722 -0.0446171425801978 -0.538839506204248 0.468889021348321
-0.0390255018645158 -0.0680033776089047 -0.0508149470037667 0.54327892517473
-0.0492285884769434 -0.0101850783244003 0.204717776102682 0.253680398627746
-0.031844049415739 -0.00192201050509491 0.135521149297275 0.0833935531962696
-0.0271132049914377 -0.00999545355784938 0.0416639633637401 0.0694670962339995
-0.0141878390701678 -0.0173337992590032 0.0177137696211084 0.0984698167575238
0.00305499449749684 -0.0185901373066165 -0.00371210624338665 0.101493356857063
0.0325661604666984 0.00136069430484474 -0.118507247647482 0.0638106022056593
0.0353373781424763 0.0291487642522238 -0.243020314902414 -0.0333265908230047
0.0128198424972851 0.0778848066875243 -0.228621451799655 -0.249162567554711
-0.0397742950932544 0.0750600752090043 -0.0704327860050252 -0.385406974091485
-0.0784614050230624 0.0095268650640885 0.123507062521504 -0.295647058139398
-0.0813890170830328 -0.0193900801279038 -0.0793507751630501 -0.154605349642601
-0.0415663774413122 0.0539918647752061 -0.278011238166145 -0.021017785518815
0.0766349556255745 -0.0176151287660165 -0.671929455043084 0.0871209311909742
0.00582904008154574 -0.0668954409852806 -0.431026441302778 0.509725604176727
-0.0639879684514318 -0.0417880830534827 0.0280224262335726 0.492687157127207
-0.0308575125883551 0.0049391157937039 0.206375817106785 0.193253537562971
-0.0115791071509108 -0.013169017830379 0.113627847622454 0.0496346894649883
-0.0184964864753303 -0.0296705541109742 0.0172874707418625 0.0451139520520454
-0.00673203717113736 -0.029261590781152 -0.00363217738204821 0.0654269500014951
0.00822849764249473 -0.0270824104929396 -0.0176412569753047 0.0684967220737974
0.0454482293511591 0.00621098366449457 -0.123956344985215 0.0484234355144793
0.0300919936614208 0.0528226121292581 -0.25220452473327 -0.0269247305334516
-0.0263812831671323 0.0817112063212417 -0.258678884956427 -0.261620842097331
-0.0507557209704742 0.0311192333645207 -0.0715977076421705 -0.440672957442421
-0.0282139455624331 -0.0120842164032602 0.206872598978201 -0.325539640141856
-0.0293906986117879 0.0289437934947748 0.000405321951610883 -0.0690286923708443
-0.0186046493974577 0.0666610770164066 -0.225481815007185 -0.0186663461866689
0.0270335414942849 -0.0382977103142327 -0.583371554528881 0.137658603311169
-0.0444671026832713 -0.0276315153764609 -0.343293446311895 0.472709646158014
-0.0464186627339547 0.0291030877925341 0.0417648128437925 0.424610457742017
0.0295866511027592 0.0220642146935359 0.185920898228447 0.171798996061435
0.0309960909874777 -0.0340248074717625 0.101732726188232 0.0422988672845007
-0.000210297196370261 -0.0601277951111467 0.0103390762556121 0.0323485036984149
-0.005430259288424 -0.0511959822984806 -0.0132332943545758 0.0419701229532396
-0.00344366094551553 -0.0401371690014072 -0.0199017941937345 0.0518915572841948
0.0275526384870737 -0.000679911369068972 -0.118025388648538 0.0516832520798649
0.000487633807845995 0.0334697381170397 -0.260887877635842 -0.00493932383627626
-0.0288782433269248 0.0244288275852937 -0.293743400811065 -0.274081311767295
0.00936769679625896 -0.00669960145343463 -0.0710084076359675 -0.505433659242742
0.0359477477761548 0.0276934806892135 0.287887506319054 -0.368581107579227
-0.0325156698715771 0.0957369404653951 0.0609678728185952 -0.0614658854275858
-0.0484645294332587 0.0409047171047469 -0.165609104943558 0.0154681098840579
-0.0504019348717208 -0.041583485595776 -0.45601072837852 0.177976840457299
-0.0871088621014214 0.0350610779371369 -0.259725369486918 0.419811940373618
-0.00967893092941158 0.0956343903775243 0.05272104592218 0.380456456541248
0.0864890355549187 0.0307273351505115 0.194136803292853 0.165672875628818
0.0681284665509876 -0.0484861992960582 0.113648526212991 0.0298486878248104
0.0190376934017917 -0.0778673190283444 0.0114509443940027 0.00590828932968055
-0.00347869830554277 -0.0650492744779425 -0.0227545318205879 0.0120383627520165
-0.0165943318226643 -0.0509997383240042 -0.0291422557807662 0.037389473108642
0.00155701187353116 -0.0168888454674075 -0.13317827002088 0.0530958766932719
-0.0226348378491263 -0.0110268226861267 -0.300040866308568 -0.0106494656489163
0.00776379865959615 -0.0487236619227581 -0.320798668168515 -0.340948311720465
0.100054542376004 -0.0163230847821067 -0.012483414938633 -0.594585607398604
0.0890748354776246 0.0952698350775427 0.404941492230463 -0.388196011487774
-0.0424770427104595 0.153741650205841 0.125595390130096 -0.0670219592968242
-0.0633562666243259 0.0335545804461503 -0.0891456107277285 0.0526183919515137
-0.0810105617890733 -0.0168931075403619 -0.332114163827941 0.199424299812695
-0.0795579351004089 0.078050404247573 -0.193347480891947 0.382548039437855
0.0307043082216291 0.111666350438485 0.0762620983910412 0.364370300778008
0.112667178586859 0.0236899204542816 0.22485579147104 0.161964661183678
0.0827880388978577 -0.0525201245068562 0.137670222982694 0.00887505824097854
0.0303573817432142 -0.0787925580816715 0.0167297254599019 -0.0298404814178153
-0.000614564157148733 -0.0693121275355404 -0.0301439351816142 -0.0205311405017164
-0.020453014257492 -0.0596133974405397 -0.045192252330465 0.0203767121876828
-0.00878236587507864 -0.0389680318057484 -0.164678657205777 0.0398841086687953
-0.0106614693097979 -0.0553832463806866 -0.345407125265186 -0.0632862890170692
0.07880657373449 -0.0751096746172675 -0.297450309476597 -0.452615151019974
0.163590491637137 0.0308690561567198 0.121706301095001 -0.663706250914496
0.0831175519684029 0.160006012759899 0.531028243516584 -0.355118056676886
-0.0614097430109573 0.171402358713606 0.184019698073414 -0.080234263062542
-0.0576923098173672 0.0437290626081016 -0.018925655827977 0.0730881875464151
-0.0547182189756273 0.0129674415400863 -0.236683141527378 0.204915448593786
-0.0340108528624516 0.0783079678776196 -0.1368574370322 0.370738392621394
0.0514460132313022 0.0768466378717964 0.115218032630346 0.360138465729726
0.0976027667461529 0.00810117245829526 0.259986390090054 0.148612471353139
0.0698475360234041 -0.0434648785038978 0.159902885650716 -0.0183340761544391
0.0288518724919759 -0.063778953115026 0.0223182082648082 -0.0675576034490253
0.00428929691476694 -0.0619710909695494 -0.0332753645226532 -0.0516026175127807
-0.00975143096408037 -0.0608873817625532 -0.059998718216456 -0.00201118495695095
0.00682334508244019 -0.0527415803829991 -0.193531222314649 0.00592395759348364
0.0314677108686255 -0.0659702375492609 -0.358699436392527 -0.146628698790022
0.131765289311773 -0.0297063473477935 -0.209825736881627 -0.553219615499458
0.146280953183515 0.102110353158012 0.285125810318926 -0.670212166888236
0.0163879334364305 0.170268993338977 0.631994337056999 -0.276344879607267
-0.0814361354969308 0.130154936975382 0.231114620698587 -0.0908708984979707
0.0314661637634181 -0.017051550210983 -0.213065714334783 0.0681354837010806
0.0402563601771866 -0.0920649656480025 -0.677970354504201 0.112510279323332
-0.0631538936936663 -0.104668454620705 -0.462164795193263 0.590157484950058
-0.139251913834149 -0.0250059413879739 0.0941059591279427 0.628920840582884
-0.0844797355264316 0.0621365702817158 0.346584452347333 0.229859822603765
-0.0340456605234238 0.0732161784802047 0.201731263960731 0.0506772182134221
0.00392516147110385 0.0722356771811074 0.0703797412643433 0.039103022807225
0.0144745463194512 0.0581275945018749 0.0348104314102641 0.0898863471629739
0.0021741646435694 0.052299277247943 -0.00427246193829939 0.100329164758868
-0.0244524142207348 0.0484006740512603 -0.127586743998674 0.0490534853487681
-0.0437217907565845 0.0182129404606758 -0.241145546667219 -0.0729593585761911
-0.043590539444351 -0.00454857341972488 -0.166924490047797 -0.282669393029828
-0.00905098967572287 -0.0103714912310182 0.0107026925478303 -0.360175681996601
0.0117986726454837 -0.0288942170994372 0.106755444232339 -0.265725559744629
0.0340435962099115 -0.0385502518239654 -0.115075914613025 -0.212542279342126
-0.00864560186549273 0.0470066607040582 -0.288646630805571 0.0352982932887514
0.076686195666464 -0.00808046403385314 -0.681602865854835 0.0150290789949139
0.0109043690991768 -0.0860998317516782 -0.557014984188613 0.489382650050132
-0.0966802623958587 -0.0759791945892537 -0.0451054653418119 0.597784488978121
-0.0862706140334773 0.0158644822494216 0.248321474388852 0.278785045475095
-0.0473407861701468 0.0390819829285836 0.174728250622358 0.077281690658844
-0.0201379605553049 0.0370422400787857 0.0621903299861402 0.0611094357092021
-0.00315082909766234 0.0224310751684526 0.0302154682451274 0.102146398196138
0.00447486372760654 0.0166625798518791 -0.00336809150910658 0.108787707332608
0.010465925871954 0.0237034599971781 -0.126995982389185 0.0612340112921706
0.00301235644439908 0.0267366505963679 -0.247107898711424 -0.0556187269888957
-0.0137960547097395 0.0515618112403203 -0.203573291634314 -0.27202397391108
-0.0472222234593255 0.0370879250050775 -0.030363245530276 -0.367039699401602
-0.0516594178554105 -0.0142773674577912 0.102427036628938 -0.275203868632865
-0.0294887658866712 -0.040212310789201 -0.11920424652255 -0.183994925620919
-0.0486831588527634 0.0936303127319503 -0.300095861855091 -0.00015667423428629
0.087931644398735 0.0214942286273863 -0.709118930145753 0.00690197346917488
0.0478035140771402 -0.0494442095127038 -0.564403613369303 0.481655955621144
-0.0414902960952256 -0.0784498943299485 -0.0568667742799384 0.563139901990591
-0.0562386284308392 -0.0138991614311392 0.211254089948651 0.261665843226643
-0.0379133521066565 -0.00151423366048804 0.14130865677313 0.0855257453261521
-0.0315362171875414 -0.00778581497713526 0.0453411850335249 0.071464865485121
-0.0166087984192049 -0.0156522927990894 0.0227768063713168 0.0998814405338432
0.00131661219669234 -0.0163500635156539 0.000351996629037296 0.0995399766572002
0.0328920354234732 0.00321522674387375 -0.117146862425101 0.0620450686339249
0.0327984207183461 0.0315824257275548 -0.243044538855778 -0.0374516213519959
0.00930138089460902 0.0779683930356283 -0.226149660807116 -0.256262410858812
-0.0403818640735383 0.0737188110571106 -0.0649303288028469 -0.391844149845106
-0.0803749419584334 0.00918732932398257 0.132011557043178 -0.297493088040933
-0.0834987057568265 -0.015598015877882 -0.0846792196276244 -0.149834767871805
-0.0433529747216985 0.0682286449268769 -0.28699910222548 -0.0207114074230873
0.0877540668141379 -0.0119734772068651 -0.698673907954363 0.0821876660818883
0.0160978494259088 -0.0746625888074181 -0.452173179854894 0.523706128822408
-0.0680781046523005 -0.0525721910734193 0.0263343010366952 0.509727141699984
-0.038674512309963 0.00136248360048731 0.210188928584836 0.198605645304593
-0.0175266708945623 -0.013438967859482 0.116472318784788 0.0506802201452732
-0.0232564561279686 -0.0280420925214507 0.0184304281408338 0.0474359745915832
-0.0100047861329129 -0.0270627897513877 -0.000484701440152067 0.0669912786560503
0.00595576122224366 -0.0231529011079318 -0.015679051173263 0.0659933456412144
0.0442600957011997 0.00891597021067543 -0.123717602848896 0.0468508237717258
0.02609057081782 0.0558425645447844 -0.252626224699495 -0.0305119023389552
-0.0329181024562011 0.0810926384782569 -0.258466850795702 -0.269224518946908
-0.0512778279017804 0.0256318308640479 -0.0669634115073814 -0.449303234011618
-0.0255611479946887 -0.0121746389473466 0.219260952627874 -0.331827850413228
-0.0296515730222532 0.0374866848322177 -0.000529383494082235 -0.0641831900899345
-0.017516434181348 0.0825760060139798 -0.232259549645663 -0.0213661562549654
0.0367952041419701 -0.0338281056957005 -0.605095018849651 0.134542048524523
-0.0368484156293272 -0.0343558091440855 -0.357247933569312 0.484595590286939
-0.0507171221201936 0.0211015788836873 0.0399126582303091 0.434605736630042
0.024111700513986 0.018693574739632 0.188398173243477 0.174816987961132
0.0264364513689074 -0.0353583515302523 0.102334503770909 0.0434744452439568
-0.00469330587498593 -0.0587281847085066 0.00979266146398859 0.0351422746538254
-0.00933244052971008 -0.0493845516214597 -0.0117694597210516 0.0444010392292932
-0.00717476977319156 -0.0363880241363539 -0.0184046884037233 0.050805874644118
0.0246126306483802 0.00164495373543892 -0.118409822637949 0.051714866207586
-0.00664626977982593 0.0354244914564993 -0.262812308564295 -0.00655572284094911
-0.0362345699241968 0.0179521694381436 -0.298068179654973 -0.28202895118208
0.0137539836767787 -0.0153329408499378 -0.0694039680258274 -0.517999793881264
0.0420803051110383 0.0305965069789061 0.305474396696837 -0.376517222869241
-0.0338996180151079 0.108914566396372 0.0637014212874055 -0.0584351818548339
-0.0469048472761008 0.054839612998405 -0.168706441862725 0.0131632881260874
-0.0445729872292667 -0.0396575593148921 -0.471468721825 0.176484101059221
-0.0833830338820811 0.0306307210277496 -0.271564734812547 0.426341091093981
-0.0129517390914112 0.0918073514115386 0.0493721923320507 0.388212909345967
0.0843103936266868 0.0293225387337271 0.194451182557562 0.168531440607915
0.0660044391936208 -0.0504897180245469 0.113439899889783 0.032221458931808
0.0155089263946633 -0.078293329484763 0.00912542974939056 0.009423970879831
-0.00750524597734824 -0.0639056106235293 -0.0234245880940523 0.015117270377405
-0.0212941156657834 -0.047654039309067 -0.0295400372296634 0.037344280411768
-0.00342183231528551 -0.015234520691943 -0.135026482921436 0.0561127108035708
-0.0316405850693477 -0.0123484768155841 -0.305129057568245 -0.0107418497097234
0.00412783229819706 -0.0597944110121049 -0.329403340586846 -0.353046989450362
0.110555729773212 -0.0243484102467707 -0.0067068608380479 -0.612696278256827
0.0971852183224519 0.10318740105939 0.427068947944233 -0.397698696627025
-0.0441523875959666 0.170433439574496 0.131391396436167 -0.0664112961227377
-0.0620915472013643 0.0447505789255277 -0.0894477757259443 0.0497192971471976
-0.0780967375608035 -0.0154801652637961 -0.342727472257436 0.198660341792279
-0.0774962981066362 0.0767513328521014 -0.204911547323032 0.389699857393252
0.0292125189012083 0.110535020669324 0.072255393267536 0.373746049910544
0.112867810174248 0.0225218428250838 0.225289802891936 0.166799779885726
0.0824730439731668 -0.0545346148863808 0.138551643589996 0.0108633327971943
0.0280064487239333 -0.0799587996380728 0.0143814723084737 -0.0267590828981005
-0.00399760817491612 -0.0688486368673469 -0.0321993254537095 -0.0172125919579246
-0.0256661976251775 -0.0571239122953093 -0.0472028040167862 0.0218574779172073
-0.0143681488630153 -0.0394817393425959 -0.170063366216473 0.0432357355304677
-0.0179863525770284 -0.0602620859125242 -0.35553309845552 -0.065254005861414
0.0809664435048748 -0.0861115465244556 -0.304827255863032 -0.472787710765208
0.176918186342925 0.0277733742998794 0.134345740456604 -0.686619069767804
0.0896871700613941 0.17161194112546 0.55985608194101 -0.363013284837126
-0.0648538073445778 0.187355745092181 0.192401678176326 -0.0823778327121783
-0.0563096272668747 0.0531461708486316 -0.0165817006180757 0.0698020400988057
-0.0526594445208525 0.0145154341244845 -0.245123146870785 0.203689747590983
-0.0323211463372155 0.0785351076973601 -0.146797403396986 0.377773814635224
0.0509494147328349 0.0764540178966106 0.11003469318464 0.37005998171135
0.0986253491348919 0.00676298701181181 0.261509133837933 0.154682470427493
0.0707127652371135 -0.0456319792563644 0.161601620575405 -0.0158933734003489
0.0281934953714739 -0.0653993070030757 0.019552645559169 -0.0637099555926272
0.00193201583911363 -0.0624924412346564 -0.0368056230530743 -0.048036754881007
-0.013248654481212 -0.060470914677224 -0.0648471824961257 0.00014375611613931
0.00356431698457807 -0.0547514471892439 -0.20153187925515 0.00888169682299403
0.0287408464511417 -0.0710839550609879 -0.370809304736694 -0.151858088310206
0.138064402004791 -0.0358242981522635 -0.212851516800901 -0.578043112484973
0.156469994633655 0.105081195775306 0.307229274860973 -0.691039234942012
0.0165918168474318 0.180551747007117 0.664366823090589 -0.278261499387598
-0.0861430171953701 0.141225363713945 0.241285003531652 -0.095194133909644
0.0334736082322392 -0.0169182224335201 -0.218729264013476 0.0831527407663468
0.0390906384509849 -0.0995692125970993 -0.717308798573294 0.133630684936834
-0.0701813019077463 -0.109301163010252 -0.477142736859895 0.641006331554886
-0.150846453154215 -0.0190020966645633 0.119344046865529 0.665883111199169
-0.0870341004568877 0.0700483287120707 0.375782330707612 0.232609503496133
-0.0317939179048341 0.0808146852992447 0.217615921410213 0.0441150339350555
0.00781577932175069 0.0753738883344051 0.0797402350736627 0.0358746420974426
0.0191023806483661 0.0585782721308285 0.0458388083511737 0.0897997941631135
0.00488744910058184 0.054522489119874 0.00440539563066074 0.100830614895613
-0.0225018243686 0.0519825574728353 -0.125662558935383 0.0520151721622147
-0.0457875043286907 0.0220658158827594 -0.247050203424458 -0.0697544162679246
-0.0477460552541961 -0.000766856903409475 -0.176934028874787 -0.290365735166718
-0.0114145295792179 -0.0108103970822246 0.0058104932476685 -0.371529686177501
0.00712270922454322 -0.0325560659372841 0.105537217828347 -0.273020534441544
0.0322740671582232 -0.0435017268145616 -0.131221354372495 -0.207379635976812
-0.00595105639616716 0.0564264981196008 -0.301811742326827 0.0526047294165553
0.0844448593347007 -0.00901801066160394 -0.722138695696502 0.0333361977145493
0.0124697237008854 -0.0951498938843743 -0.57918873518218 0.536397222222203
-0.106245893642701 -0.0803198450700461 -0.0279886929025914 0.635531529701033
-0.0939728683247383 0.0196578519179335 0.272852136400439 0.287174720317549
-0.0506498691369796 0.0441240457724081 0.189997903048507 0.073142064263202
-0.0204066632088271 0.0409529724876818 0.0713367792716191 0.0600750581534968
-0.00302543410265936 0.0245068797950678 0.0410173506741355 0.103065952958452
0.00488708075236348 0.0185164502555132 0.00635840237762372 0.108873859452829
0.0121012424589527 0.0253272593887 -0.125190826588042 0.0644298042626887
0.00278545033434518 0.0294156078210793 -0.252204854802574 -0.0528761269363466
-0.0151405390964765 0.0548681188632919 -0.21414020152781 -0.277559080742971
-0.0495876236242524 0.0390132868361426 -0.0375054255663517 -0.377933383636228
-0.0565914433262006 -0.014707485444842 0.100185301547133 -0.283098517565022
-0.033017349511907 -0.0395397711693173 -0.134932210985858 -0.177341812999002
-0.045709646272285 0.110978884933288 -0.316083126620187 0.0137839607240702
0.100232054541896 0.0253116164843335 -0.75019253454199 0.0267108483969388
0.0570830376422324 -0.0582128292869699 -0.587099063124166 0.526461640687672
-0.0487190670374045 -0.0896157246086381 -0.0419059872539111 0.597355818493091
-0.0658411484088918 -0.0154740896050546 0.231808730623867 0.267717809070402
-0.045183157457702 0.000831354110890977 0.153503049692165 0.0834235504089946
-0.0368916243850799 -0.00399881353815642 0.0530023582180231 0.0720187549377152
-0.0205562944509442 -0.0133216129362945 0.032372053621183 0.101542646418858
-0.000485972842478477 -0.0143341614840318 0.00794343411473155 0.0986296497656619
0.0335969636093649 0.00410301922918234 -0.114836253064157 0.0646487425288604
0.0320232822085038 0.0336402775656437 -0.24783401473029 -0.0343491775947198
0.0080580416395523 0.0812358097782563 -0.238356965864978 -0.260384796634033
-0.0405610574900892 0.0741308146640598 -0.0754075966157234 -0.402305720579364
-0.083993300661044 0.0118632594306682 0.131617328462488 -0.308914299718692
-0.0873484938307254 -0.0078760873354507 -0.0952319367823719 -0.144191395255992
-0.0401488746722863 0.0867328471079751 -0.302753449281748 -0.00966282240737802
0.102162176526005 -0.0106401544929585 -0.736576922532741 0.106622562923656
0.0250212689872698 -0.0860130495113919 -0.461930518246118 0.567747916387328
-0.076398059206943 -0.062496103160513 0.0427981955957036 0.535145160688358
-0.0478352452202501 -0.000484175554273989 0.226319131819063 0.199340995814975
-0.0250065981946871 -0.0124483176825994 0.123482399528575 0.0481693044408748
-0.0292208985340483 -0.0247847445028249 0.0224648770992447 0.0501203687024956
-0.0147765747365955 -0.0243591274088089 0.00574148823285899 0.0696953466969444
0.00375860994352225 -0.0202208291308848 -0.011271584202798 0.065367613058055
0.0448828041341565 0.0101261573623315 -0.123642727704697 0.0501889900945858
0.0242555106161424 0.0600768066157008 -0.258759794721349 -0.0258915928793597
-0.0385558457534176 0.0833518442792163 -0.275162857838213 -0.273209371442964
-0.0518014731684608 0.0211608962592136 -0.0809685119867224 -0.466173859560297
-0.0239159147947163 -0.0121484699228721 0.223119561081838 -0.351278025213131
-0.0282171124623648 0.049559644982873 -0.00264648305514571 -0.0599313171120188
-0.0118117272056901 0.10097448517657 -0.24400053334379 -0.0147514050232201
0.048038926806267 -0.0323939934692476 -0.63490150454809 0.157194721538678
-0.03061687104047 -0.0421804154201645 -0.362554522843673 0.520586809835811
-0.0565837729752553 0.0149245794962195 0.0548770132529926 0.453420978244446
0.0194724677347143 0.0153308435998663 0.199726574448751 0.1742214185159
0.0207466281038736 -0.037756950160357 0.10704542120111 0.0424539818749983
-0.0123870109066774 -0.0577050413470158 0.0109543525138679 0.039035374047116
-0.0162253914113155 -0.0470358116271252 -0.00842221723546921 0.0481603852542299
-0.0121345189211045 -0.0317986054528979 -0.0153013328798753 0.0508755373970218
0.0210672136478366 0.0040176980432922 -0.118392694203996 0.057271544645905
-0.0133649460860198 0.0394764856783906 -0.269854347058111 0.000996291531729452
-0.0444425403076101 0.0133720481797201 -0.319283104132066 -0.285029493791108
0.017904753377119 -0.0256102652405816 -0.0855495723987557 -0.540548410053259
0.0519622620295792 0.0320663654429987 0.312087787182293 -0.406151546986592
-0.0297529360117938 0.128040085495362 0.0663869013943749 -0.058872827940812
-0.0427490672571918 0.0715315197408153 -0.175589401303461 0.016852504425157
-0.039767765291915 -0.0365527449318535 -0.490386338178057 0.197029670778968
-0.0798947150483234 0.0283505857603918 -0.274138036754589 0.453841098534557
-0.0143979238504478 0.09058782756765 0.06168965681777 0.402116741646351
0.0838908340940526 0.0238988853207771 0.204549219710708 0.167853943627138
0.063166537512065 -0.0559594073060384 0.116490951701105 0.0306770454103235
0.00942497575061141 -0.0800092380083592 0.00838407353511493 0.0133294815566565
-0.0146246295070922 -0.0631362921669567 -0.023392838480386 0.0193058138440793
-0.0282978952699168 -0.0428551867418277 -0.0289145940072562 0.0394840529895433
-0.0104869867098732 -0.0134113217282012 -0.137189355205195 0.0650356324298695
-0.0426753587641347 -0.0120956342134567 -0.31792261434211 5.59921810111562E-05
-0.00294247865175701 -0.0727862366699633 -0.357028750989557 -0.361450430140825
0.12267313813798 -0.0388126749443524 -0.0237296893620407 -0.645751239408455
0.112639949056141 0.109002530365796 0.443931308854102 -0.433031946764121
-0.039488137229612 0.194356485573099 0.138492150699634 -0.0725383482353248
-0.0587597609512921 0.0595183474450759 -0.0901144657715031 0.050683661760716
-0.0765739935764177 -0.0117037549731151 -0.353850965930793 0.213886621125434
-0.0735118839822807 0.0784854700455447 -0.206597162585807 0.411272273959306
0.0322013186499254 0.111387946087218 0.0837737834193352 0.387445715078533
0.115929065607326 0.0175571181734004 0.236565359310085 0.166395532456229
0.0818349101308467 -0.0609228626296462 0.142028154006315 0.00933383357078101
0.0232264401487561 -0.083153160545902 0.010977101711945 -0.0233732650125923
-0.0105387649428998 -0.0690943977354322 -0.0353692427207508 -0.0124384222335424
-0.0334039352630294 -0.0542445134286476 -0.0494221724406777 0.0257260703896139
-0.0224299085114157 -0.039933028707315 -0.176787118251445 0.0546232124258305
-0.0285346496389071 -0.0649981717229601 -0.376029936520217 -0.054491458217052
0.0805687877330337 -0.103792771788003 -0.338529912586553 -0.490453147598053
0.19569759362034 0.0171584204369821 0.123470360198209 -0.730026641519373
0.104920858833512 0.184155401356361 0.586789046541356 -0.400277165838791
-0.0615504296732615 0.210932060345904 0.20197059655513 -0.0945529404383494
-0.053031755072288 0.0658625127846058 -0.0124128967974147 0.0673455119297194
-0.0509763208006197 0.0185552358160075 -0.2510767267563 0.214803166371673
-0.0269734292958511 0.0807787629130164 -0.148006333059834 0.395918154980864
0.0547362828384262 0.0768675239196696 0.122035980757709 0.38353970276839
0.102015996776206 0.00211225472677624 0.27462598797088 0.154868711954913
0.0707254558434485 -0.0512360571441301 0.16567900299132 -0.0185514674289162
0.0247742820621374 -0.0682651345639992 0.0144863126160686 -0.0616263501434101
-0.00320656868937681 -0.0643503836987495 -0.0422813862698896 -0.0433928257908828
-0.0195902070693378 -0.0605479849563728 -0.0702000978555679 0.00540818636868062
-0.00213718078006408 -0.0581239369165159 -0.213352650618844 0.0196518900933827
0.0235400767554986 -0.0788724516906861 -0.397140612462865 -0.146213342868075
0.146120778568166 -0.0489824145374397 -0.246555397689377 -0.606746568067969
0.174361596820108 0.103174801558163 0.306784293600874 -0.739629484545706
0.0238396436324394 0.195358379111735 0.7003204140241 -0.3119862496484
-0.0864165889950374 0.160231403951407 0.252974418622958 -0.11177142660041
0.0360334646008618 -0.00530126466103719 -0.231263169647176 0.0561855333646123
0.0532866547795433 -0.0844366940717508 -0.761628575938034 0.0248707407688941
-0.0480257244485955 -0.111528029005693 -0.59775632929249 0.584200094004467
-0.139407301140193 -0.0378355454360147 0.0158730588347398 0.709479404689765
-0.0930430879303985 0.051974453336191 0.355302090975237 0.301762100439211
-0.0424747256992249 0.0769270664225051 0.222727548384777 0.0771336808791545
-0.00157737437854512 0.0776297225481449 0.0812504175670902 0.0481385796381169
0.0109523430781906 0.0620988328916512 0.041348302859132 0.0966525060749329
-0.00262930246103686 0.0562952385012013 -0.00333165424281888 0.0995179956698865
-0.0311308771130297 0.0505438150471045 -0.130982109871877 0.0323561966194043
-0.0539345037301668 0.014928446006765 -0.23291206622167 -0.107683536536096
-0.0501248920282271 -0.0104308096561536 -0.12812039002935 -0.322730209875018
-0.00853625968815898 -0.0178027060115583 0.0638720506236714 -0.372479305742436
0.0130996967453457 -0.0378746619580489 0.148325486681854 -0.251572955976177
0.0382697274111733 -0.0439224410916831 -0.108571681048766 -0.221454020893813
-0.0175712146540419 0.0688532795202006 -0.313937014293299 0.0164047540071109
0.0874592190468675 0.016969736034561 -0.749322527361905 -0.0677318297321422
0.0364708550854152 -0.0850084118681791 -0.683706144951843 0.462332580016569
-0.0842892887257036 -0.0967258418826412 -0.125039675571615 0.650681630993141
-0.0946889832218336 -0.000677412523515844 0.239233654047762 0.342279465825124
-0.0593764306412953 0.0359237922111603 0.188512317398696 0.102409946352407
-0.027969723338295 0.0399771407709636 0.0686807404712769 0.0713065993746925
-0.00814826008181406 0.0257058255767142 0.0342438849356318 0.11041172308312
0.00181979303479517 0.0207507654975597 -0.00331791273516002 0.108348458811077
0.00713151566127389 0.0296858604043555 -0.132114719219849 0.0452931894920709
-0.00635534063539264 0.0318717621025362 -0.243649985254763 -0.0927731042554295
-0.0270935036444301 0.0502918591498216 -0.169869782748933 -0.317539597870231
-0.0569492889020317 0.0244081585230842 0.0212006358489867 -0.386415922099263
-0.0550902453062613 -0.0291667923291433 0.148367106249704 -0.263674475274213
-0.0311696306351758 -0.0476761368474658 -0.114545627539854 -0.190364449174293
-0.0676165605928585 0.12125670815576 -0.324742182905489 -0.0241036072481204
0.0983185809622334 0.0614585664244485 -0.776662485852345 -0.0845144318139444
0.0798218799325808 -0.041774711986006 -0.68242717271727 0.454333586705991
-0.0263592031423652 -0.102450702849937 -0.133752709134446 0.610261814162185
-0.0640054888776484 -0.0335232201106435 0.199311509250436 0.308623338961541
-0.0498028847957635 -0.0071426015875349 0.147969762787479 0.106038872481929
-0.0401659818876255 -0.00725570428867992 0.046880889179143 0.080783654991283
-0.0211798809832911 -0.0141418748255117 0.0247506384693074 0.108529698853081
0.000447654496646518 -0.011723947086218 0.000186328493555698 0.0986815333743629
0.0319558653367877 0.0119180641491221 -0.122226265101855 0.0475530444734902
0.021724326424384 0.0418325883739869 -0.242204222009498 -0.0739228112321949
-0.0104454308681751 0.0784313412328334 -0.201136810458027 -0.304709123297189
-0.0522766707492829 0.0595864052745615 -0.0127754154887682 -0.418409032408857
-0.0843367066994272 -0.00544495428275776 0.186483959115428 -0.288275554865032
-0.0921142449275438 -0.0196561559738229 -0.0731430044021709 -0.15121753373089
-0.0574818730946536 0.0989583612513322 -0.308071980381888 -0.0485169664149432
0.113084503778868 0.023499744968046 -0.7748687083264 0.00084831966712069
0.0553404267476141 -0.0788775106528424 -0.557298966651937 0.51063906783537
-0.0602998082537455 -0.0820896581461531 -0.03744827440433 0.554068068455955
-0.0504557146332401 -0.0162677646277749 0.201730689877052 0.235540331446252
-0.0285547188971434 -0.0179928170126286 0.119741292624667 0.0663026354673606
-0.0309574021826767 -0.0259654672635292 0.0168468310065012 0.0550344713147486
-0.0144637212735743 -0.0239705858361547 -0.000243238052459962 0.0724989777751936
0.00449164261760452 -0.0152745487847832 -0.0168333390611995 0.0620788600164085
0.0409354097153718 0.0204418636349411 -0.130273813655643 0.0324946332566125
0.00666423917380681 0.0679967732558227 -0.255612435343858 -0.0669793168906831
-0.0608280670056296 0.0710737494008142 -0.235461130907634 -0.323988922330549
-0.0534859355102891 -0.000614906227898816 -0.0123686232624865 -0.485240713810981
-0.0136248950415966 -0.0193358347124136 0.284631461927123 -0.321346122262156
-0.0386544400614945 0.0574489327337999 0.0087483915480412 -0.0571331567344833
-0.0290253309902269 0.118528241251358 -0.245850324286905 -0.0476224574407273
0.0629108490299352 -0.0090595822690883 -0.676159892424331 0.0679363223275131
-0.00913046645532132 -0.0466651636239985 -0.449431209562619 0.477572018452321
-0.0536085032761486 -0.00133896061438001 -0.0146981830011179 0.475051228617075
0.0140456880017763 0.0114567391849451 0.178434027613233 0.205524114371832
0.0228289489484218 -0.0365320900227637 0.102411801696314 0.0579967740693809
-0.00821170617464023 -0.0573811838149364 0.00617148191458544 0.0432335186674604
-0.0131032380239483 -0.0472146641965697 -0.0137430985378198 0.0491725549108387
-0.0106725142196874 -0.0286998248720548 -0.0201106170508466 0.0473663973625906
0.0153975946052473 0.0106724116173171 -0.125974172411756 0.0422062279680061
-0.0312180414232726 0.038883328171568 -0.271028056435117 -0.0379439688736392
-0.0574923704230475 -0.00738970483316061 -0.279399203296542 -0.338926220316217
0.0319359407033853 -0.0391973405031822 -0.00995801251701243 -0.563519083050525
0.0614438642788536 0.0422819618874626 0.381761868086335 -0.368528284013982
-0.0530321935931387 0.143279933404308 0.0830984507854146 -0.0517386263279081
-0.0535858128112414 0.0817929237835658 -0.180465398581086 -0.00906385414299096
-0.0248187211869018 -0.0312274438270664 -0.533388427671264 0.128008801166616
-0.0723786692094263 0.0154528973014166 -0.352119497781595 0.423541322802732
-0.0229460831960392 0.08260650872061 -0.00142315183401849 0.42683649368856
0.0797395892132319 0.0311742397879999 0.186256456105395 0.199802042602071
0.0703955430172222 -0.0484075880963748 0.113402911640665 0.0475610988206097
0.0173193581805434 -0.0767491581327664 0.00676658195600397 0.0168871520041774
-0.0089076421415671 -0.0635024081095442 -0.0272371143823343 0.0193696752561901
-0.0270436788640502 -0.0428208117607645 -0.0335332647925116 0.0361004152813006
-0.0161741601332357 -0.0131743141074553 -0.147359611776936 0.0494432519563091
-0.0542512603922101 -0.0223274205325751 -0.321651262983581 -0.0416625399059588
0.00156211390095353 -0.0948854219797728 -0.31264020364495 -0.418136765194714
0.147679060073548 -0.0325531938457779 0.0658560314766912 -0.667231981698435
0.114880887977412 0.135641749368678 0.519530066394807 -0.382240004034778
-0.0751247590847337 0.213133245105469 0.162297877801984 -0.0608069368283307
-0.0660838288403628 0.0632081026644435 -0.0976456659289681 0.0355925236998185
-0.0668385488116089 -0.015396992686302 -0.394516419570243 0.163143755556604
-0.0773908326445942 0.0670475483700786 -0.277045123678385 0.389509803828816
0.0210122598926385 0.112734411201568 0.0233296587393518 0.417289843306567
0.115072237384893 0.0288499681510041 0.222121808365827 0.203429720336667
0.0916376646483645 -0.0523720344259336 0.143327189023108 0.0306374013829992
0.032987199909463 -0.0794078560611122 0.013795147674638 -0.019347323906831
-0.00320820080438322 -0.070007003563902 -0.0360371198163234 -0.0138681153958711
-0.0306271141409847 -0.0565711882046416 -0.0553579108851878 0.0214329472522651
-0.0242566560514844 -0.0439227846065832 -0.18924617947021 0.0359669136190941
-0.0282518832342184 -0.077281288025833 -0.377876778937891 -0.103140887736104
0.098987666371904 -0.114768758250125 -0.281280113434906 -0.55074384695634
0.215738510900134 0.0427421939736375 0.229184603513428 -0.738638851353463
0.0918061948018398 0.215439321365205 0.6642748092435 -0.330968938981972
-0.102265015959065 0.225662048421532 0.234445543198869 -0.0758411431726858
-0.0590912481315902 0.0661338642922087 -0.0212143074562734 0.062675542896206
-0.0477796667448289 0.0165920165441325 -0.289666176330556 0.179430174199739
-0.0315348003603957 0.0787733975030606 -0.213289660144981 0.381799877937197
0.0499043006835565 0.0823277981274835 0.0651640725573041 0.420113747588046
0.105183398564733 0.011897807610894 0.261325912283752 0.198192944212921
0.080337974957733 -0.0442159838900797 0.17202674436448 0.00691729195412629
0.033755969268923 -0.0656466430430841 0.02166933375156 -0.0572461121344149
0.00461217965561417 -0.0653534735333145 -0.0399824783561513 -0.0455292449157456
-0.0141083810259762 -0.0628996861467352 -0.0757909037763752 -0.0011547005800934
0.00162988650272421 -0.0606155173231735 -0.223914604619188 -0.00473218581269562
0.0322341299773679 -0.0825915077763779 -0.392668875696377 -0.202617980258686
0.162692226929054 -0.0445383931938407 -0.172461912542736 -0.659178952580837
0.17661430784535 0.133869833665807 0.423884735764691 -0.726423844096333
0.00152425925307181 0.214123450708334 0.774695390084336 -0.222203286741081
-0.119070982288168 0.16173242395595 0.290476153356251 -0.0843690968945324
0.0366133720112525 -0.00756651918569521 -0.221602302175861 0.0830504920740251
0.044119230490428 -0.0909850059065215 -0.760202569540597 0.0927008183833879
-0.0585138829043546 -0.108214010897659 -0.549092198582121 0.638151848575444
-0.144399441357096 -0.0215200279959617 0.0819388381090458 0.710593363741009
-0.0873995069075417 0.0622292607032076 0.383521265727942 0.268079078372279
-0.0337405698365896 0.0812678697480323 0.232421158584768 0.0534705326275595
0.00806971434303397 0.0763455296736786 0.0892878385944696 0.0367235555773767
0.0183037070429379 0.0582432830944304 0.0561123639882379 0.0874073251795681
0.00421143051445026 0.0555177943113819 0.0122584830436618 0.0928440105364652
-0.02456153940049 0.0527386905149767 -0.120396963314798 0.0399361260244072
-0.0526136539638975 0.0214444441917382 -0.231771841827042 -0.0876964181517275
-0.0515423107074311 -0.00271792196324309 -0.148442116180826 -0.307312204379247
-0.0121809071140256 -0.0169684960432882 0.0346099585462544 -0.366625952423884
0.00438304051488583 -0.0405928983779969 0.126094655589642 -0.2508573581194
0.0321370041838904 -0.049075044671639 -0.132132998571134 -0.196338394636553
-0.00871215518943095 0.0759239573388935 -0.308304284240694 0.0524043199332293
0.0925362279434665 0.00914830614532175 -0.754630657367375 0.00573030286834395
0.0321119675479385 -0.0920255323266686 -0.644904150855761 0.524270978281201
-0.0940153410132508 -0.0913106194486963 -0.0609200723495511 0.662614043319896
-0.0980817970919284 0.00753095313660885 0.272995714400177 0.320903161682304
-0.0579458518167834 0.0423266871952128 0.200121430579301 0.0821157156368619
-0.02447120629648 0.0444333920517647 0.079173257081288 0.0616510202549551
-0.00588932627937464 0.0271309456351113 0.050288794315901 0.102484184758354
0.00445203602358935 0.0210265011487504 0.0129234220615546 0.101024342001036
0.0111705158416804 0.0288193329309698 -0.120795388088576 0.0521713112252303
-0.00462507298011162 0.0337577698963351 -0.241751363710147 -0.0734968719492571
-0.0246659072554249 0.0527946527636275 -0.18846067888357 -0.297658836013745
-0.0560406308023059 0.0274254049536744 -0.00795076124372474 -0.377177451122083
-0.0598112711689971 -0.0239809055634888 0.124980938559933 -0.265051847336273
-0.0350107688748674 -0.0418676609228726 -0.134036310130418 -0.164439029765812
-0.0529811995246281 0.137084442165268 -0.323794385624419 0.0115059158312139
0.104528668273631 0.0729377790747111 -0.783456506402967 -0.0137097148900737
0.0841887942797782 -0.0553922270008496 -0.642498871451553 0.51612504350422
-0.0379282500760241 -0.107136077786265 -0.0757464850375168 0.620464593341502
-0.0733213346724729 -0.0296347106947548 0.226878765293643 0.287477601385706
-0.0552666065223402 -0.00101622104937654 0.158105648343874 0.0902790051956241
-0.0435001310362068 5.31321328834967E-05 0.0567604244320733 0.0750544661522274
-0.0251112628393181 -0.00875484663515611 0.039659184083731 0.10236517044444
-0.00109970420222815 -0.00902663235913241 0.0142763285878893 0.0907848458056854
0.0320289507443793 0.0108082397289927 -0.109781409372161 0.0533769541133975
0.0225796839933267 0.0413556653970565 -0.239248925869275 -0.0540815830914335
-0.00668198131736899 0.0774227341588405 -0.219048487313569 -0.282366364137221
-0.0469738879123728 0.0595333975731931 -0.0450548025054703 -0.405481537157933
-0.0834583245662314 0.00333319278959623 0.161308190127404 -0.296035183806718
-0.0921649877999501 -0.00421899168859072 -0.0877694179946707 -0.132124999407176
-0.0441423415980738 0.116525043324381 -0.309782984591115 -0.0157478372373383
0.126136628888961 0.0167873490137621 -0.773347431633819 0.0695948434889787
0.057523939277192 -0.0922603316182165 -0.508387462036415 0.559967084882695
-0.0707802036008186 -0.084749131325099 0.015217097273151 0.552993463417562
-0.0601268019312111 -0.0146296597762423 0.220600059963512 0.213004057795317
-0.0359201792962393 -0.0139852771504262 0.124389652193987 0.0534720485968304
-0.0368513001571274 -0.0186711549264643 0.0229531084967668 0.0538739052545046
-0.0201461331458949 -0.0182923661336111 0.0105615841660726 0.0704025199919941
0.00210939197957073 -0.0110282422613022 -0.00817018740598137 0.057235238728122
0.0403474576971112 0.0189446803718782 -0.120430626465153 0.0404460808622107
0.00841082716095634 0.0702107065396193 -0.252623815680994 -0.0454775018986645
-0.0603215729396814 0.0735656332134499 -0.256738381599237 -0.297110110031445
-0.0528550754984557 -0.00358122555944966 -0.0530698398948646 -0.473418901208263
-0.0114746563701067 -0.0176151485518728 0.255750505885915 -0.340750308854511
-0.0297018549182081 0.0708201116846812 0.00330554544820009 -0.049969147422045
-0.0124481697834635 0.133681395110413 -0.247011917472198 -0.0240556884932569
0.0728194797042376 -0.0118341034287348 -0.666548099141373 0.126802038053325
-0.0046247241810978 -0.0550906002162552 -0.403309428387664 0.513607927829181
-0.057272184125982 -0.00507479204666597 0.0296696232931042 0.46812965085204
0.0072109672418984 0.00648813413389782 0.191900003459993 0.183478920366552
0.01303230955102 -0.0382325530799453 0.103932639281338 0.0480012284354902
-0.0177561123713182 -0.0524261420010486 0.009446626273283 0.0448293898779265
-0.0214380824795542 -0.0403556939936864 -0.00641213712104221 0.0506757538244406
-0.0158941152620022 -0.0210004466995073 -0.0137006094840231 0.0449794296436922
0.0119063448251031 0.0126302712338915 -0.115444931321438 0.051406098594005
-0.0352767907694737 0.0441986839697008 -0.266111103516965 -0.0129455663293437
-0.0659494240215367 -0.00849255636836042 -0.306324453285903 -0.307478895907589
0.030977079707209 -0.0533441287368364 -0.0584114707475331 -0.554476722727433
0.072768096720524 0.0385177871416525 0.348934880972515 -0.400301106059938
-0.0351638929517666 0.161243186610097 0.0789222429086286 -0.0552865762464745
-0.0398897428159709 0.0981814408628262 -0.177469610957744 0.00580861650622194
-0.0186549064652485 -0.0267023784286221 -0.51636396854184 0.171807031700802
-0.0640288061243412 0.0137388741456374 -0.309494585298704 0.449189374048736
-0.0192938943831759 0.0781733600858815 0.0352638901820837 0.418537951645286
0.0764450208488562 0.020702797258964 0.197711980979068 0.178059369872862
0.0602755342123123 -0.0556198878428131 0.11334356562084 0.0378713415768527
0.00582049587547926 -0.0753378318152469 0.00573791523788922 0.021122560960145
-0.0194362008671473 -0.0570696925262908 -0.0240220957789632 0.0241053076171745
-0.0349572826779011 -0.0333714208378576 -0.0290279048306924 0.0367806699963792
-0.0242774903090726 -0.00772405073203161 -0.137665970036006 0.063898647115549
-0.0655872196010845 -0.0161355368617765 -0.318817738738476 -0.00900144102766511
-0.0149607393031273 -0.105046985257996 -0.348890487621606 -0.384174387168701
0.150730742753673 -0.057274992196449 0.00694613795484772 -0.668844554784343
0.135319131873683 0.129608052625674 0.485186020241292 -0.429482543720509
-0.0502437280342944 0.233763558088764 0.157513915704903 -0.0753657496501346
-0.0533889809860017 0.0787901725490563 -0.0906967625966418 0.039460599379395
-0.0617191630576786 -0.00812666790365931 -0.373980905633729 0.193264830328291
-0.0660908919150223 0.0676152415824763 -0.240719174164057 0.405969992340425
0.0289119579790667 0.10583117083774 0.0573618300064399 0.40747615697194
0.112819567958759 0.0155778293165782 0.232659593902777 0.180341686935328
0.0825967351293112 -0.0614285674740928 0.140809744673305 0.0196951508887012
0.0222089245069245 -0.0800570091963921 0.00909453864708616 -0.0144026541545834
-0.0144484690762192 -0.0652816883248868 -0.0375761369186026 -0.0055733192395427
-0.0401235492927364 -0.0472991208069492 -0.0535363902474457 0.0276497091687337
-0.0352948167717511 -0.0391062467600238 -0.18283184701546 0.0558727956011148
-0.0446141856986938 -0.0757547287692396 -0.385383947586458 -0.0637679201429105
0.0841910860641042 -0.135061896306951 -0.333678141524411 -0.519898282786011
0.227670733477718 0.0149178787348587 0.163297637333249 -0.757969011641973
0.117887194171413 0.213376706309436 0.638430734831292 -0.392908699849247
-0.0770077163278122 0.246745044246507 0.227219775215352 -0.100267660882783
-0.0473574701104125 0.0779339492214632 -0.0118444382612973 0.0566676204060661
-0.0423980490316332 0.0209300877456208 -0.269860107608836 0.196445292186636
-0.0196004160197432 0.0762461461344243 -0.180867440353711 0.394232904188302
0.0571730425213584 0.074671224897001 0.0982488905506315 0.408922905261852
0.103330378270344 2.94515565314873E-05 0.273285946132016 0.173851001980218
0.0732532514222905 -0.0532010847867794 0.167116812620384 -0.00580687543908084
0.0254940472034472 -0.067286252427636 0.0126731835330935 -0.0521190654474015
-0.0051182963834907 -0.0631324834265143 -0.0460511255061973 -0.035586515191784
-0.0242591783573416 -0.0578411748812153 -0.0775686733935781 0.00870628293992216
-0.0091412768126531 -0.0605379825397543 -0.224173610998274 0.0206153355499117
0.0191249113289349 -0.088208232438315 -0.412005359748722 -0.161711876886766
0.158822728935571 -0.0675858248261515 -0.236668233587807 -0.644813482926076
0.194559304883805 0.113926524154916 0.363032778748652 -0.763429594091688
0.0235978929160235 0.220210288102868 0.760198749631225 -0.294235813410852
-0.101155898586632 0.181218523036927 0.280575761488419 -0.11621927848819
0.035948458875039 -0.00967618095001959 -0.201672687280652 0.100084211510399
0.0343154955160976 -0.0929591552075606 -0.727342160145429 0.138114713466088
-0.0646487800505459 -0.101380337627207 -0.488583833093576 0.654332899302093
-0.141275015595223 -0.00634118533947899 0.12924704703362 0.678408499336168
-0.0790210798250746 0.0674774194374987 0.382893985458716 0.228703110990501
-0.0243445325562317 0.0805382492554951 0.230237280108185 0.0320175030085991
0.0151198974173742 0.0716062886002367 0.0915482090153978 0.0246480570833316
0.0229157573832168 0.0518754362459979 0.0650611991130742 0.0744888291837647
0.0097747887840256 0.0519850453561322 0.0233578990509266 0.0803753873122591
-0.018277541658571 0.0521063432035281 -0.106468311957192 0.0417482411003213
-0.0484529730210126 0.0261965920282304 -0.219193837443816 -0.0716932790895816
-0.0498195196858558 0.00424474623052554 -0.155571685750103 -0.282411304584311
-0.0145846977264785 -0.0154813963258192 0.014994103944301 -0.343896090286566
-0.00289849401556824 -0.0401301469640828 0.104311424071153 -0.236757566564533
0.0255696726037902 -0.05077224185858 -0.142119184692468 -0.164771344681888
-0.000298048224912346 0.0780602151505478 -0.288449478561562 0.0786691999080844
0.0930637329758063 0.00310172478749558 -0.726001474330955 0.0500567638277472
0.0280217894457288 -0.0949926122192383 -0.588348055926123 0.550841849604481
-0.0999040881246559 -0.0832135633642286 -0.0130100581800659 0.645550653947495
-0.096870246761597 0.0146569487778076 0.288229568507202 0.288505348325905
-0.053841988090514 0.0459800784346563 0.199936666228383 0.0601064242625963
-0.0203018401177644 0.0454302532434923 0.0834214935896205 0.050073786689412
-0.0040044637790792 0.0266428732961806 0.0610629147216448 0.089201609435942
0.00638452793029925 0.0207171403850919 0.0240451373309897 0.088482075053012
0.0134787622174009 0.0272641101209555 -0.105993544222262 0.0527272654045974
-0.00241690473454001 0.0345863222747487 -0.228745277125421 -0.0582692044540314
-0.0212341784002845 0.0532862321943833 -0.192611729452002 -0.270795391191591
-0.0543458590545756 0.0273911131044642 -0.0257278351168876 -0.351878523885165
-0.0608379917415712 -0.0189744427028762 0.103934798708705 -0.251587766341861
-0.036247075917003 -0.0344387598898984 -0.140865102480736 -0.135142022661015
-0.0367624089274051 0.144823786043016 -0.306526694626133 0.0390455712647152
0.113679314825636 0.0669677733265745 -0.753688521385708 0.0388028295716279
0.0840842935484649 -0.0660466339130922 -0.583514540999297 0.541901733041977
-0.047090342788945 -0.107728748642137 -0.0256116681423147 0.600313646776474
-0.0789144632083924 -0.0250641418256669 0.239123823128252 0.257774207445968
-0.0571397235784543 0.00427884542210302 0.159187019259112 0.0731748497608222
-0.0437538726635659 0.00643320057382272 0.0619386361177454 0.065863666338369
-0.026506622261328 -0.00307565281023573 0.050590733257529 0.0911930479395234
-0.00195055636104387 -0.00592751427737525 0.0236388257879525 0.078780686401433
0.0311728180691872 0.00915671563362937 -0.0959644319991933 0.0526842668126594
0.0222503963724572 0.0405865843889341 -0.225521576319232 -0.0391768256635405
-0.00502095350844376 0.074113735109359 -0.22070011365275 -0.254486938011097
-0.0422506747561844 0.0556806733619494 -0.0644761040894659 -0.375993126101866
-0.0780798577868046 0.0104844280124262 0.136943578843423 -0.286746501847625
-0.0854151848618344 0.00936738089530197 -0.0927861966390842 -0.108551328825786
-0.0302645437819375 0.126822481771966 -0.295611344717568 0.00982791974181724
0.132037653070607 0.00918522719020323 -0.738537740005244 0.120451602223446
0.0564788994015418 -0.102826728077029 -0.450245784145723 0.574839138651705
-0.0779174843170147 -0.0845429272439183 0.0551045516019884 0.52728565242683
-0.066703005287273 -0.011428679157137 0.224461426615161 0.186034464068019
-0.0413606760583428 -0.00896574617766842 0.121779437124768 0.0418172433095638
-0.0395962948503617 -0.0115972026250022 0.0269888032564863 0.0509262577825913
-0.0230351994607718 -0.0111392373710071 0.0189802487762571 0.0646975952768595
0.000836820254128416 -0.00632837407158647 -0.00201185085483434 0.0493886136242711
0.0382431457564242 0.0183010663528871 -0.10770770440437 0.0422256878548504
0.009305138732141 0.0694233646633363 -0.238603713601205 -0.0292666424812036
-0.0598898512579574 0.0732036074472222 -0.25986370082928 -0.264722215947185
-0.0515262778988587 -0.00775824984622822 -0.0791272312555577 -0.445007571561538
-0.00778711418736787 -0.01562254195382 0.223889850725512 -0.340222617607091
-0.0180561338284287 0.0797867444089631 0.000130582272048945 -0.0409488663663459
0.00446763230058234 0.141397024135149 -0.237073134561204 -0.00455497722925974
0.0796750902175563 -0.0148334127331117 -0.627528442429227 0.166268426020257
-0.00137946976563073 -0.0633207920006592 -0.350360580243964 0.518397625858966
-0.0600256866014759 -0.00837817291689215 0.0590311535369388 0.44175770190876
-0.000379171298866981 0.00398786297927711 0.19194853390283 0.159770271424084
0.00403639619453497 -0.0366008751888304 0.099717671048953 0.0390313268157867
-0.0243373026127261 -0.0442852281415047 0.0123519110478411 0.0452464404225468
-0.0268974380640383 -0.0314840848143166 0.000157884106222918 0.0490227237195649
-0.0183030620793468 -0.0125419406442519 -0.00868308238447692 0.0400064588382177
0.00829221629815927 0.0154530196747326 -0.102257639559998 0.0546425930801172
-0.0371650523522283 0.048447328438122 -0.24914200837826 0.00488436741090704
-0.0732685516567116 -0.0091785508978672 -0.309221221527203 -0.270488215296954
0.0277185174820367 -0.0641927886623141 -0.0913797924273959 -0.522778104853411
0.0802732353438812 0.0330751520126885 0.309638862801409 -0.406301049719335
-0.0158505934545981 0.169087294505387 0.0721713381572538 -0.0548427824874824
-0.0241701150516425 0.107729230952175 -0.167539238806622 0.0153277890673111
-0.0106945924474847 -0.023726920111378 -0.480263049920671 0.19722321972229
-0.0555254834075326 0.00805313361026862 -0.267088447636959 0.44673969850824
-0.0165901181835941 0.0702500269937891 0.0586744562904655 0.392276935958437
0.068112255421621 0.0124955327865702 0.195333993496974 0.15436151605042
0.0489203615469922 -0.0573794937119106 0.107120220396347 0.0297834819278112
-0.00319623543549658 -0.0691800555465903 0.00573965462884548 0.0244946454180902
-0.0265731740583326 -0.0476001749883819 -0.0200759376735265 0.0274902603917848
-0.0379168762466028 -0.0221766924698257 -0.02480504219982 0.0362092024517012
-0.0291664044605754 -0.00189481382557048 -0.122727069512877 0.0713255908588234
-0.0726357764203501 -0.00852652779997363 -0.301665984331312 0.0151635229479933
-0.0302946596040688 -0.109291069978695 -0.361592791348339 -0.341472201607986
0.145508055174529 -0.0768780563871263 -0.0386252658822204 -0.640632108592743
0.147967233228666 0.118726580703587 0.440762706508927 -0.446555925473251
-0.0255525055618406 0.239977911478335 0.146223657973349 -0.0835369775806737
-0.039036598485774 0.0874180366646646 -0.0816717425124648 0.0388775306772982
-0.0541704856035185 -0.00352695835313309 -0.343172453198649 0.203275412021512
-0.0546825035115305 0.0622231943452619 -0.205045491853459 0.398109224907704
0.03289435563419 0.0956580001635865 0.07823870687082 0.381250206962791
0.104995746147392 0.00521213949712045 0.228702952968163 0.155802935594132
0.0709544154406177 -0.0656520164018938 0.132383784134979 0.0113082173281191
0.0128533628209506 -0.0759108190772053 0.00495326336276038 -0.00829907151630094
-0.0216486924856628 -0.0569031038000244 -0.0367772589966109 0.00163578703262152
-0.0448983373263045 -0.035976989302778 -0.0498088355087607 0.032031552392511
-0.0427768957628889 -0.0322777116840645 -0.169095035586602 0.0698397646167728
-0.0559235708076803 -0.0694266114735441 -0.372128764074911 -0.0310715135040555
0.0661639071020292 -0.146014149650883 -0.359834866412598 -0.474801975791107
0.225968356823987 -0.0100558504159677 0.108110309132229 -0.740805369234358
0.135816605688522 0.202516148572673 0.591348170628276 -0.422526406116843
-0.0513767278150225 0.254045609006623 0.211210681311969 -0.115441671920554
-0.0337276537123139 0.0831659052007336 -0.00498446112788063 0.047222781601895
-0.0357788066019315 0.0226477954447155 -0.243773295644531 0.199430319629602
-0.0110555621855262 0.0693905433851762 -0.149972277919309 0.382758216736948
0.0593264544321206 0.0659981971185949 0.117440371398946 0.382642001584974
0.0962299205583618 -0.0094002885567906 0.269015134696572 0.148750135857971
0.0637405951111086 -0.0569768251317655 0.156703443508716 -0.0137277217096118
0.0176366603630694 -0.0653752730229854 0.00634922532575726 -0.0436158495530489
-0.0121900916678516 -0.0569993362957778 -0.0478201604399711 -0.0250155231507796
-0.0302021854241296 -0.0495460393872732 -0.075768933792164 0.0171198038531455
-0.0178092947536509 -0.0563145921191811 -0.213300079216502 0.0394021745767936
0.00680133072115702 -0.0879010753509962 -0.408053140970308 -0.123326664952195
0.146791188504196 -0.0838361510060979 -0.275198758965795 -0.603867137075359
0.200856515546433 0.0919095081054695 0.297980820751955 -0.759880792497421
0.0411129061320028 0.216761741199278 0.716298072609139 -0.334733551797038
-0.0811268978291182 0.188820810002429 0.26011732404736 -0.135833188219804
0.035050402116885 -0.0109634207539255 -0.184374814248615 0.10672048456382
0.0275273018933046 -0.0914688524793714 -0.693191745911855 0.154836999256346
-0.0666249084158095 -0.096047101270526 -0.450917096727437 0.644516191042641
-0.135784404666644 0.00120248950701838 0.127172637790428 0.629996660955837
-0.0730147762541645 0.0698786811525507 0.356261304897407 0.211449905829705
-0.0182659808744167 0.0773301901863673 0.223776944071379 0.0188582440743056
0.0194110123067933 0.0660504087548932 0.0905334510023445 0.0162578082565496
0.0246829418531303 0.0461861802933978 0.0690023853896965 0.0629097320250901
0.0130078395277236 0.0481278026413454 0.0287298680616365 0.0685894502685652
-0.0140472787672944 0.0494871073038054 -0.0949147945585868 0.0377346954941705
-0.0443696764018604 0.0282019271219498 -0.203391310732538 -0.0652539142004478
-0.0469472049139963 0.00855989182145384 -0.148989682909618 -0.263610199164326
-0.0165213088882928 -0.0139272425945603 0.0105021048751558 -0.319437332583109
-0.00823135616921422 -0.0380984975399287 0.0957402729341063 -0.217633664269346
0.0212771029457745 -0.0502333356617804 -0.141947766163688 -0.139109360803432
0.00508766859498751 0.0788407303839015 -0.268006465146803 0.0904425447974445
0.0913794592000766 0.000133895868726194 -0.695659289584539 0.0629156226875195
0.0269261308643214 -0.0951287846067965 -0.54815724712769 0.547511057850681
-0.100317299817997 -0.0779454284913402 0.00587558282161526 0.622668304843435
-0.0947862396167122 0.0176997921354298 0.287555661464892 0.265004074061129
-0.051226456156615 0.0470688554665873 0.19526097337709 0.0476117009101656
-0.0176282561110459 0.0447869158103362 0.0832660516926621 0.0414075292365108
-0.00283096194211378 0.0263762563621254 0.0656788714470574 0.078075632184922
0.007706172474629 0.0201266982626641 0.028762862833701 0.0762925576452519
0.0147267811100669 0.0257367519109519 -0.0944698965759728 0.0480535187364773
-0.00171705388975617 0.0350178580020016 -0.21292377509338 -0.0523473599499464
-0.0195609963847125 0.0529976398789846 -0.18366788056736 -0.252173394657143
-0.0529801124221401 0.0262041577424354 -0.0269356714597541 -0.326477635219159
-0.0602317101380024 -0.014943157316948 0.0946188801596115 -0.232443193371051
-0.0345962804073065 -0.0296412540219238 -0.138985232142826 -0.111074746058834
-0.0253050705981027 0.148011985134251 -0.287347242398486 0.0529252389950075
0.117922582556032 0.0620156809421196 -0.718883409508946 0.0605273054337329
0.0839340499335311 -0.07365804390061 -0.54167225386717 0.538986717071484
-0.0512008769792584 -0.108955774700298 -0.00165692564870791 0.573163622304289
-0.0829847261955539 -0.0218232621591405 0.236410028459794 0.236358574895471
-0.0584714112250065 0.00791580292923964 0.154832261782269 0.0618472657681635
-0.0431018206804606 0.0111412395640401 0.0632057233302954 0.0590036372244438
-0.0272463928945993 0.00131853436617258 0.0563731740354459 0.0807144578668707
-0.00225728033384568 -0.00287940454086539 0.0278689593599709 0.0671904470031923
0.0301852619341685 0.0091250625535619 -0.0852405388382707 0.0466708201742351
0.0209190128342043 0.0403600035017175 -0.209384045245411 -0.0347308902281251
-0.00662706465285471 0.0705426037896217 -0.20976833393457 -0.234819669537305
-0.0387009659059518 0.0505840665435511 -0.0648937962339467 -0.350851892515542
-0.0720623362446612 0.0137046956484071 0.125082492156331 -0.269563987932332
-0.0776536119656069 0.0183138280053792 -0.0907384103126095 -0.089209421289602
-0.0197166769344632 0.132769219861191 -0.27885420369181 0.0199017679195331
0.136434185844728 0.00580241705852188 -0.698986731920148 0.138198027862635
0.0570214905692984 -0.110379872002153 -0.408556836948189 0.562804746045336
-0.0815070038474364 -0.0860144594183568 0.0719177747568695 0.498137766658214
-0.071398248126252 -0.00954126828051083 0.21790590505323 0.167199285257386
-0.0448893174134205 -0.00487128037319594 0.116112012501613 0.0344270119005676
-0.0404695384952755 -0.00544015141393776 0.0284833041590875 0.0482211893433465
-0.0239942370661377 -0.00525524795359955 0.0236303645267258 0.0586467334475084
0.0008138660588217 -0.0016642027694975 0.000992382865464245 0.0420692241326759
0.035692752290934 0.0185532491772386 -0.097027083412807 0.0389158816909738
0.00822925885128189 0.0696038665305933 -0.221889615039258 -0.02365967698932
-0.0615080348647298 0.0710312651982794 -0.248808352752221 -0.24253434874872
-0.0511648866449423 -0.0124984175714737 -0.0818785845051061 -0.414906592231404
-0.00342117241135298 -0.0144040912963916 0.206033919917397 -0.327233861283239
-0.00878255909654593 0.0848846513188725 -0.000519496455654989 -0.0317599795424672
0.0169427679273454 0.145568732512016 -0.223561927103282 0.00335883694390329
0.0860125933768357 -0.0165867096580688 -0.593979496199018 0.176223220539642
0.00195209616870547 -0.0710666419055952 -0.314367117177299 0.50285058531932
-0.0625365877731498 -0.0133819814030883 0.0707834929561819 0.413050626726887
-0.00838857312821759 0.00269981110056257 0.182658943242451 0.142224389687497
-0.00325154059016945 -0.0332417555352182 0.0928517962922581 0.0343539072744694
-0.0279081706719121 -0.0377223111313249 0.0131824500042637 0.0456536047021746
-0.0290375504079949 -0.0232425094517839 0.00362319602277315 0.0463800703398603
-0.0181006989416824 -0.00525315745349719 -0.00631286126071756 0.0351232446742644
0.00554429566600549 0.0187410566562416 -0.0907566777977029 0.0522929732289402
-0.0395994418721706 0.0519437481464158 -0.231001451483522 0.0108644125482466
-0.080038291502394 -0.0100239875239802 -0.299014605178826 -0.244491416106665
0.0242214203100517 -0.0723046672774813 -0.0989035471558075 -0.490982627866253
0.0855957199831563 0.0295253928427784 0.286389527617916 -0.396030089608808
-0.0015641577934574 0.172829446045974 0.0682308824384304 -0.0514639493913357
-0.0117037395266351 0.112788665282878 -0.157153575842821 0.0171887407774893
-0.0030349228425354 -0.0220894786393562 -0.450172885821742 0.197735831957786
-0.049213831112002 0.000596870917306307 -0.239862608733992 0.429336103473772
-0.0177386771818791 0.0618793596666403 0.0668389162087981 0.366771588431718
0.0587164083524002 0.00836595033553623 0.18444074882626 0.138681997662957
0.0395412632015536 -0.0558742761766377 0.0989782471328557 0.0266743532308513
-0.0080924456868595 -0.0619058748194229 0.00562040292742734 0.0275287970494211
-0.029408196083031 -0.0386882731938692 -0.0167342374275624 0.0286268225154421
-0.0383692238020223 -0.0128114119957034 -0.0225873177763556 0.0346063927123581
-0.0325145699261001 0.00398640085429867 -0.110858898361297 0.0709871793928381
-0.077516080075802 -0.00262050947212621 -0.282472938572936 0.025682293819806
-0.042091759931331 -0.110753548920438 -0.355473351242701 -0.309640155625796
0.139661507847328 -0.0901722286973847 -0.0556352356398792 -0.608067878840963
0.154711191899457 0.110867111605209 0.410383538529482 -0.442624385344805
-0.00854916140336563 0.241943704906793 0.136878564696479 -0.0846802986872075
-0.0268032737718686 0.0917705842763623 -0.0743542006032667 0.0335689664187861
-0.0460867559767804 -0.00181738560363693 -0.31887186903714 0.198975463101864
-0.0478903736499208 0.0535269764736434 -0.184619298172891 0.37939034675325
0.0323701750229839 0.0865933403992414 0.0820312689928544 0.356928744287897
0.0958878853666554 2.33800580433053E-05 0.217266202834757 0.13968380685356
0.0617194644570556 -0.0653281912593245 0.12266559639058 0.00888182832549381
0.00706524957546328 -0.0703523893953821 0.00357980470770422 -0.00176474981795367
-0.0251935941061847 -0.0481629182255885 -0.0343900375669603 0.00669505100029343
-0.0465298161665345 -0.0269398651109794 -0.0473346390721863 0.0333125081506558
-0.0474963508692638 -0.0261610081459839 -0.156190068769511 0.0743833886687898
-0.0634655400193248 -0.0636860043123923 -0.354448877652745 -0.0136482302799714
0.0525474050538528 -0.151588867840678 -0.362767873370824 -0.43906494523645
0.221682772657034 -0.0260590440008732 0.0811533065940904 -0.71037734430631
0.145432458478327 0.193782407616535 0.555510307583111 -0.424730577862263
-0.0340614381634892 0.25333236992392 0.196104606572758 -0.119473659652831
-0.0232584741052084 0.0850664675630455 -0.00117752931781986 0.037353571278174
-0.0301785265355941 0.0223269973404332 -0.225087727540992 0.19033602035483
-0.00692589759686534 0.0605887962621892 -0.135069427160808 0.363970064696624
0.0577424272389796 0.0581446364840868 0.119172872959615 0.357631010539287
0.0889366690735411 -0.0132956744718608 0.256849789130469 0.132800677162709
0.0567353781940974 -0.0573469939092837 0.146164952154703 -0.0150067747481914
0.0126124461085775 -0.0618918552926383 0.00273014775877925 -0.0346140667116158
-0.0161974659463176 -0.050687822231681 -0.0466760763247886 -0.0166842552792988
-0.0328169628204176 -0.0421384228387218 -0.0731272769064899 0.0228129983372991
-0.0229654277727115 -0.052254684442639 -0.202384764091724 0.0487184652045463
-0.00103622564563355 -0.0856070222012695 -0.394402473858504 -0.099640229709577
0.13557968156587 -0.0920045970462763 -0.287946185930095 -0.567762014953327
0.19991791389708 0.0770191928939105 0.26512555354374 -0.737809766471162
0.0503367924773775 0.211733797845986 0.678248145920239 -0.342341739222169
-0.0665593417609885 0.190081915907139 0.241467748842485 -0.142351388015087
0.0347947639041371 -0.0118293346654832 -0.17324768293759 0.109382738157877
0.0232072668862055 -0.0907050943268717 -0.676159550585978 0.154792681396396
-0.0676167517074368 -0.0938591654312748 -0.436521968006034 0.636412669601131
-0.133954799916192 0.00414490476263221 0.0821621107197021 0.617900699073151
-0.0694319510900394 0.0705647817420219 0.357315687438746 0.199537449048653
-0.0151543274211201 0.0755952751776464 0.220530293285253 0.0122002991746457
0.0209214468111293 0.0626640831608638 0.0900530254004785 0.0108778637319462
0.0254149417658331 0.0423731488137294 0.0715323905073803 0.0542389955905688
0.0151317490544812 0.04533880612383 0.0320296394898021 0.0590158945636002
-0.0116706129434695 0.0478576844922414 -0.0870027255421372 0.0316798041382412
-0.0415446120046129 0.0296208416097468 -0.191344249074356 -0.0666896818312611
-0.0447662957845326 0.0112228600217689 -0.139573257015545 -0.25490413797942
-0.0181509285063103 -0.0128452221697404 0.0165389386948274 -0.303345548648363
-0.0125811232504475 -0.0365095004659573 0.0953493637056709 -0.201011199584534
0.019125640918719 -0.0502358189923479 -0.140121482223587 -0.120389321050158
0.0076586710991648 0.081731600620106 -0.255545782972035 0.0954211476958773
0.0919567235750198 -0.000855784239626478 -0.678634100747096 0.0674548090496621
0.0287764359713327 -0.096762696560588 -0.529198728275255 0.543168532131862
-0.101929342382967 -0.0774665757926712 0.0122136704832274 0.61010350286392
-0.0952027775946941 0.0189744064273626 0.286432870435174 0.254193067401776
-0.0507205427343703 0.0476905492687013 0.192670700212761 0.0405196472989858
-0.0164302587399852 0.0450811532618637 0.0840547137574519 0.0357180666123581
-0.00246456380642523 0.0264183290498762 0.0686812708601067 0.0693679505321672
0.00852406880069119 0.0195140773377376 0.0310009467079818 0.0668914020144194
0.0153387924967136 0.0253447797623353 -0.0871746466082595 0.04102409395505
-0.0014264822113998 0.0352768326372793 -0.201003170142645 -0.0535168331925616
-0.0200782586512375 0.0530829110454044 -0.172460903377462 -0.244031455367573
-0.053448593711772 0.0254184103658763 -0.0200430611175134 -0.310824805052597
-0.0597582952589959 -0.0131582567376708 0.0952061491852958 -0.216743531832799
-0.0329614094720169 -0.0264086223926824 -0.135900062528436 -0.0932225786306936
-0.0181188702016563 0.152982246822152 -0.27517983256509 0.0581923327820495
0.122891952891056 0.0615199474718046 -0.699453192521589 0.0650361511001349
0.0857338157401297 -0.0802478834279668 -0.524794926906978 0.532457494463335
-0.0546324003306891 -0.112905645612537 0.00416566773307948 0.559215126369884
-0.0873432578184445 -0.0210684256212391 0.234334548121718 0.225828972457498
-0.06066078053787 0.0105492857164305 0.151912767133889 0.056169489095558
-0.0433862390979788 0.0141947344975223 0.0638514702729265 0.0551270877068525
-0.0268830934793657 0.00506086846100993 0.059560489320523 0.0731193823291663
-0.0018928844696774 -0.000370038591690308 0.0302042276911301 0.058026984161156
0.0293857829112076 0.0101182938383419 -0.0780256877978442 0.0392925380631395
0.0196002478768657 0.0414860344789946 -0.197808981687488 -0.0375467842930894
-0.00936071902071674 0.0690495428326557 -0.197737145194353 -0.227344025088363
-0.0388265112362063 0.0455093164979743 -0.057078326821442 -0.334808959294816
-0.0682349515049469 0.0147916448531932 0.124355606869496 -0.256347990359439
-0.0712943465494753 0.0237111938506753 -0.0884253590780978 -0.0748712711826244
-0.0115626235363936 0.139286001362271 -0.267980820689298 0.0235517472640511
0.143185112482926 0.00485903477312033 -0.681627789283992 0.140722091316254
0.0602689932418482 -0.118602186582912 -0.392319757887187 0.550355050009589
-0.0851027690563135 -0.0904151411820436 0.0753341651506731 0.482730134474001
-0.0770482432589352 -0.00918903343273443 0.211644480488035 0.15731255826154
-0.0488278869079395 -0.00162122930247782 0.111103289822626 0.0309688877624029
-0.0417759289491208 -0.00113902231298306 0.0296057679576097 0.0473091930054706
-0.0242317500701103 0.000341331280377055 0.0262337368470787 0.0536280726337117
0.00149376454064339 0.00239925762469695 0.00200323273261627 0.0355434228941694
0.0342654420624827 0.0205972078722403 -0.0901939012866859 0.033321033365272
0.00664243417561803 0.0712237440626076 -0.210285399726057 -0.0251837097675666
-0.0659820950626382 0.069984079972331 -0.23678938144462 -0.232940550679097
-0.0521356304717551 -0.0189405121805055 -0.0766498756535576 -0.399607544131484
0.000871782833197082 -0.0141136654147615 0.201172073555572 -0.315688772972685
-0.00088529012265972 0.0904336242294721 0.000321031841408212 -0.0241918831743193
0.0258890248890126 0.151476367576132 -0.216002765861208 0.00578232232660554
0.0939563108586604 -0.0173154056047426 -0.574018832803246 0.177072651698207
0.00472988524393061 -0.0800099303400274 -0.301266861303533 0.48948393250021
-0.0670032138256004 -0.0195626022665365 0.071252209118116 0.396370920925957
-0.0154224095391167 0.00236816544608238 0.173894085641912 0.133718210602717
-0.00846907632339226 -0.0305057843439396 0.0874683517693033 0.032752778453918
-0.0302342388662988 -0.0321760814901593 0.0133990675698908 0.0465674817101032
-0.0299387991552274 -0.0164341107993 0.00650023711945061 0.0444883094816557
-0.0173746209914382 0.000778065320596099 -0.00562718124208998 0.0305383503058821
0.00271838720709088 0.0226495938247519 -0.0834141671342729 0.0477769455046856
-0.0430518980238043 0.0548022155869171 -0.218861920997341 0.0113949737044567
-0.0879421124099175 -0.0120735336696142 -0.288772481107188 -0.232893455366273
0.022450013659631 -0.0809740135658799 -0.0964005790819809 -0.47413267441975
0.0923866468019654 0.0282209669919381 0.27726265908928 -0.388459859246651
0.00839177854728354 0.178165018608935 0.0663367576488119 -0.0472508330754373
-0.00201441671880253 0.119054231459428 -0.151229402173574 0.0153747922530252
0.00484574875563137 -0.0221159073806489 -0.435466343140293 0.19368885903074
-0.0455208721409691 -0.00876397282255862 -0.230754685028209 0.412603613170005
-0.020737576712136 0.0547178696316138 0.0642029318869645 0.349249546739565
0.0509374601881641 0.00723697381401857 0.17390177043148 0.130751055220153
0.0332148888857879 -0.0535503061611736 0.0922637609615949 0.0272395192689762
-0.0111888029808445 -0.0568354542802549 0.00568385791144781 0.031210712788633
-0.0307439999048754 -0.0313257246713913 -0.0144496328865021 0.0294257761851894
-0.0379777912996097 -0.00543124627322836 -0.0217658898683035 0.0329832311250791
-0.03628988511974 0.00857453074595147 -0.103199031004784 0.0694791433345415
-0.0826788639550575 0.00168551051745998 -0.26972340120995 0.0285238470411618
-0.0522207308733741 -0.114187477084605 -0.347550992799304 -0.29525561368952
0.137773714174191 -0.100747412758257 -0.056179689536101 -0.590684624902051
0.162607324577002 0.10858656851189 0.39857982996657 -0.435464455877593
0.00291522840178552 0.246511903695393 0.132373380097561 -0.0836366070741374
-0.0178580718371025 0.0963992081628629 -0.0707307063060444 0.0274935158741244
-0.0400268470554998 -0.00197266497460454 -0.307285963957547 0.190323451350242
-0.0450988750780838 0.0454501163985282 -0.179292302851486 0.365580789106673
0.0298076722511954 0.0798484244218436 0.0773835220277903 0.341565847646696
0.0892173882056433 -0.00195907200244748 0.206730341728196 0.133118018235249
0.0557077749881284 -0.0641283207553506 0.115907429859373 0.0103317422708118
0.00416868975307675 -0.0662972205991459 0.00276005319567327 0.00341876855296644
-0.0272221536731367 -0.0413532541686102 -0.0329392843224224 0.0103064432484677
-0.0463708502852927 -0.0191933112971497 -0.0456366055342839 0.0346936178176757
-0.0516414034021976 -0.0214670899918018 -0.1487890776409 0.0758410544038169
-0.0698038415237037 -0.060303127480752 -0.343258276927927 -0.00634987481637108
0.0426739984064563 -0.15646259220844 -0.359350820436036 -0.423853210979876
0.220836816425488 -0.0367439844631435 0.0761974442228198 -0.695592212741987
0.152460124175385 0.192580336830805 0.542967527838738 -0.421544387037788
-0.0237301203527355 0.257593664325763 0.189082478914464 -0.120538715137644
-0.0157234623458984 0.086866008020163 0.000507655611441444 0.0285244757080591
-0.0266555347886425 0.0218521138983676 -0.217594365793458 0.179668654780473
-0.00501268982023375 0.0536716193970105 -0.13231375226228 0.347536532284961
0.0563858277158005 0.0532628060324814 0.113422552879253 0.344067192070372
0.0835042157760478 -0.0142524403552174 0.246132858462898 0.127384104693039
0.0519388824020343 -0.0569915266961685 0.139477266628986 -0.0129828984435299
0.00995696311640438 -0.0591358508082411 0.0011353881668582 -0.0269201629818956
-0.0178843677372952 -0.045337006042247 -0.0453661525516155 -0.0107864422698622
-0.0341239098656088 -0.0367238136570649 -0.0720176000909092 0.0270765276667035
-0.0271979959647805 -0.0497488400746816 -0.195807101939214 0.0532022016320763
-0.00709278078310518 -0.0846401279992728 -0.385531357737845 -0.089017963843593
0.129203801788425 -0.0982736738256562 -0.289358973044916 -0.550276833984335
0.201187507715451 0.0682038002172635 0.256686813867286 -0.726076551572708
0.0565576439458457 0.211341159255609 0.665139339873676 -0.341658440622882
-0.0582097160494451 0.192618200578016 0.231490332433055 -0.144998724459941
0.0305603160552488 -0.0247774208148384 -0.104101833624806 0.171735683914793
-0.00737523019742137 -0.0858519753913506 -0.550049390933804 0.43197312388211
-0.0897848927348565 -0.0589930405235637 -0.127059087247674 0.768406423578105
-0.109353218617886 0.0532303351184969 0.343295990329723 0.533348020396692
-0.0326122120165949 0.0865888696020937 0.416218816269883 0.0183071224720677
0.0189597025630247 0.0717640861815613 0.205142650062609 -0.0893825166552094
0.0460896008112574 0.044799619626212 0.0875655042118435 -0.0331120013410245
0.0401033651491156 0.0256965732379396 0.0882051496138782 0.0102574033108729
0.03341983780166 0.0329686536320442 0.0540858084628193 0.0311002713563798
0.0104061772827314 0.0479772025322622 -0.0643226725961881 0.0598682490512405
-0.0246760068517133 0.0461570816794563 -0.198738451396585 0.0138776704026703
-0.0357359100058333 0.0281093068626921 -0.23109611564966 -0.17588737082826
-0.0227112301726929 -0.00576825232360029 -0.104503929029302 -0.276509357510797
-0.0285112190605644 -0.0277445707133482 0.0113855953800053 -0.215062045143111
-0.00849931042317378 -0.0572968947232882 -0.170013574032017 -0.0349532101194536
0.0474342270983357 0.0774910291915408 -0.181861596155505 0.197581183968902
0.0955315430417182 -0.0325393231179589 -0.588256401892108 0.35217889970488
-0.00129728655431141 -0.10289282260105 -0.248700081586688 0.71741960201128
-0.119137819219093 -0.0353146918392967 0.274753749766294 0.550833177679667
-0.0797697743168157 0.0521190707468282 0.371676856194283 0.102794078479213
-0.0261917458714809 0.064515072572239 0.190674344965826 -0.0501167541819232
0.00513323703506062 0.0484970717696677 0.0922083115664982 -0.00662565647236849
0.00873982111343372 0.0255811831929724 0.092567127340893 0.0250394102136448
0.0168700907104323 0.0140531417416872 0.0570329965642879 0.0388130249248567
0.0253945021516546 0.0165319458501157 -0.0602815282249775 0.0675706219612922
0.0145473101448932 0.0350031719234117 -0.203263561632639 0.0319609450885562
0.00180031093562432 0.0558864610041247 -0.258522335261439 -0.149833099796683
-0.0385579062558556 0.0434208872120908 -0.142049871898641 -0.271215506863618
-0.0585303534023929 0.0130736210192592 0.00289264203066345 -0.232225218671604
-0.0411126057843765 -0.00893633923092143 -0.154935216445122 -0.0169691341620768
0.056767711703314 0.153557598914072 -0.214897069360437 0.175436816681955
0.153788372409696 0.0100536254390267 -0.604781515156608 0.359686514208342
0.0569856703986417 -0.116103073274554 -0.245933269687093 0.701965720800189
-0.0956604899195222 -0.0885429799000765 0.244003488100567 0.502928676369252
-0.092484344408612 0.0145834972956373 0.307473496048305 0.101207571586921
-0.0531107549833093 0.0376231464441598 0.159722842672353 -0.0166764199232391
-0.0324270996369961 0.0344597254885014 0.0817548606792678 0.0205147015688019
-0.022336060296975 0.01902968340888 0.0865592987894254 0.0334060572802475
-5.08768790010261E-05 0.00205472822735921 0.0514317356372071 0.0311878324469014
0.0311826985496536 -0.001979326500938 -0.0524741403350288 0.0625072730541258
0.0352371713640414 0.0329672335269661 -0.193076532636407 0.0454000364319335
0.0147489253578433 0.065734500983609 -0.273871339533182 -0.122938403056602
-0.0192050724321504 0.0520226074481487 -0.1864574912639 -0.276114508938132
-0.0516204993380665 0.0397838691030808 0.00996181832765957 -0.282222960008948
-0.049483889381588 0.0573756898040211 -0.107107752956131 -0.0246006650221316
0.0585873891381567 0.140083434244267 -0.224607951966729 0.137383594224742
0.150354837934869 -0.0528787273172492 -0.552033779321164 0.418788598148452
0.0160790064787911 -0.144301877246609 -0.119584243266068 0.658619468430594
-0.116867270309483 -0.0558429410014431 0.271999155409807 0.399508359454355
-0.080349504599915 0.0235602129848038 0.254415767564389 0.0491578056845984
-0.0480115549060665 0.0228053458041803 0.110639374218082 -0.0198359893435349
-0.0376353439299338 0.0211692958829838 0.046965321921626 0.03073065828018
-0.0210773979536377 0.0145287067774455 0.0486102135396386 0.0331463645038574
0.00473552024773342 0.00412664126157466 0.0157210055853809 0.0263380179847707
0.040389790218792 0.00747651058890731 -0.0657715050061876 0.0641259784494974
0.0354930997816953 0.0680419635108098 -0.199858443842169 0.0633380599286278
-0.0392297121674447 0.0922198656220062 -0.314679761540097 -0.113239668169363
-0.0611271844614209 -0.0045106138143304 -0.231831215170086 -0.326407222418232
0.00257047742073644 -0.0196778831260714 0.0524007234090434 -0.368406829240961
0.0515546523786755 0.0869658259030042 -0.0112116665755933 -0.0168170366647368
0.0986869382974638 0.134474053445288 -0.185419268496817 0.0977704881036011
0.095408075003161 -0.0549344107423265 -0.44202326545496 0.404393263242897
-0.0210891856989265 -0.0868579157018234 -0.063849370559445 0.563064598233277
-0.0720461764127564 0.00164650824442106 0.230909898172039 0.325063727638955
-0.0198638434224198 0.00828974265519148 0.208675760325163 0.044589421944398
-0.0244118413294093 -0.0201280598632679 0.0892436271551014 -0.00662922092585131
-0.0410141221393581 -0.0113854468285401 0.0335268871909551 0.0375965571737075
-0.0325864379196752 0.00284480729221934 0.0270720078840273 0.0347636309028026
-0.0126037619764148 0.0127255527216537 0.0071673351513536 0.0267868413801487
0.0117577110748545 0.0245841496397243 -0.0529055861393753 0.0752164561231354
-0.0190766084938743 0.0763101144136257 -0.190205882242258 0.0988874118425509
-0.0991304587032786 0.0275311508472291 -0.357354712586176 -0.0921991949100163
-0.0193385430022622 -0.0992906447663262 -0.283115147070761 -0.381816395341501
0.108903304489595 -0.0227520551631656 0.0873856161429303 -0.462848268683774
0.104572391945136 0.164609911267903 0.0315962331525186 -0.0692345842670414
0.0596345096108363 0.114624856318387 -0.126173643573661 0.0759696076449165
0.0100966825616735 -0.0240701720684906 -0.310123034198963 0.358780405300295
-0.0403463808968509 0.000269447019538726 -0.0332169353267713 0.46611685189754
0.000439690868133228 0.0502680468177733 0.204943947919888 0.286853457980783
0.0430205795439201 -0.0158493996070724 0.207776136861824 0.0401732150929806
0.00380852470761907 -0.0600032914131748 0.0915576054603399 -0.0133577120403391
-0.0345280791827528 -0.0423799380479383 0.0196269068600944 0.027434569920719
-0.0396478973294941 -0.0101761993941889 0.00137623976718552 0.0330646800614549
-0.034651551109293 0.0170132282574202 -0.00472040760077615 0.0378851059307642
-0.0310298884384815 0.0302276152079374 -0.0597459314249496 0.104472562088305
-0.081309582825615 0.0448710923853871 -0.225306587107354 0.138135590133261
-0.114653099024193 -0.0840380543554397 -0.432956784783432 -0.121127880563913
0.0820129737165582 -0.170502760867186 -0.296630247033042 -0.501265991944164
0.2126552899544 0.0199820008728614 0.170891826074378 -0.557777276606851
0.13134766473686 0.230922534162409 0.0695137739649705 -0.133911387560555
0.0329288199947139 0.0976889171070876 -0.0506931387129239 0.05128095763211
-0.02569883557101 0.0121363641154729 -0.197397980255769 0.299206483816703
-0.0189451736728103 0.0510833715890012 -0.0086529409084181 0.402225412447756
0.0578667631426916 0.0517786539627439 0.21555722439164 0.274533868129323
0.0746346829703625 -0.0406381718065541 0.239174862102846 0.0277057637149694
0.0201559039079131 -0.0806225569878219 0.105396570568906 -0.039051939196207
-0.0249866613279361 -0.0581234737741012 0.00478051979158703 0.005057449083182
-0.0406920665659912 -0.0218808451197385 -0.0233649097414217 0.0261604702299284
-0.0498295733556971 0.00792711475210505 -0.0247201280422281 0.052361604048406
-0.0595052162885634 0.00922812648532912 -0.0975748344563987 0.132995456081605
-0.098001794680608 -0.0198333561223129 -0.304436591400466 0.141157932849331
-0.0457136059914184 -0.168724884548782 -0.497139468820955 -0.225564082763425
0.192107235168324 -0.14728449917782 -0.2291479593663 -0.650685990618442
0.242118294833808 0.104697504320529 0.304008191648563 -0.607039313580236
0.110245661545164 0.252925516379432 0.102537703786887 -0.195252240709802
0.0275323770937276 0.0855516746849094 0.0121806340483742 0.019666371701746
-0.0082038976308187 0.0285453801205662 -0.12141657588489 0.249860673044728
0.0201449807281688 0.043855039914287 0.0255405843623568 0.366146295704881
0.0720414226751191 0.0165406815126475 0.249629679491468 0.261035802690933
0.0649744666674278 -0.0510409535986598 0.273671839353923 0.00507297231748001
0.0195726227745626 -0.0736772627083992 0.117797063864666 -0.0701695645263723
-0.0164903272630144 -0.0561197003237403 -0.00959396838664007 -0.0206529238029891
-0.0351749342299861 -0.0308115094915129 -0.043357248133357 0.0145424314898932
-0.0466496144924486 -0.0152656573383186 -0.0513979392686083 0.0595604561452143
-0.0495642057648493 -0.0298100260787282 -0.150316963058616 0.135735089157302
-0.0496810797603158 -0.0728052433781266 -0.37993442409041 0.0909928366010171
0.0622398605782213 -0.156544690477192 -0.49352508388348 -0.363551367691406
0.22288980340721 -0.0363881444958422 -0.0848185488783826 -0.757387863372027
0.160291248818102 0.168123375001761 0.448772277831583 -0.59212556249895
0.0443707440270628 0.206728943233447 0.133612925002086 -0.237293012672952
0.0299517519043341 -0.0276175490356936 -0.0932488211931393 0.178118360521456
-0.0131895761492846 -0.0862419794529041 -0.546843682381179 0.456209411436052
-0.0957877870484039 -0.0560207101366941 -0.105097188399608 0.791951595618828
-0.108134362024108 0.0591984924151842 0.367222160204439 0.538186863390461
-0.0274243050646705 0.0898613986771425 0.426575329950905 -0.000702651570924653
0.0233349082241069 0.0706247268764096 0.204997627125145 -0.102537176705737
0.0492481533045068 0.0409746807133733 0.086940242980659 -0.0408783623710091
0.040771330467724 0.0223037193632089 0.0895650858736933 6.61115840840492E-05
0.0358566115013924 0.0294943953090533 0.0543069991558334 0.0214517509686764
0.0129537290683231 0.0473699093913808 -0.0628199649388202 0.054659724120126
-0.0216581541662415 0.0487502721181047 -0.199238247968027 0.0123867239305317
-0.0332322790840131 0.0314020030774331 -0.233567598741366 -0.175511546073944
-0.0247081363205386 -0.00309638106043947 -0.103271224624243 -0.276602145598368
-0.0322996164491402 -0.0243820134787668 0.0143247637428959 -0.212259355928649
-0.0124807384005437 -0.0589019196624871 -0.16620531884753 -0.0176031235370003
0.0556869179258076 0.0798508783121076 -0.170232527559616 0.208262558014232
0.0987730419541567 -0.036580838776715 -0.587450438813725 0.373399966015325
-0.0058739761692741 -0.108530322237692 -0.23754917826083 0.743644744059334
-0.125791341401539 -0.0324352175365536 0.300568867532638 0.552006543186359
-0.0815178124116628 0.0583514709458413 0.382430752384869 0.0880067764522763
-0.0249215912220943 0.0682758950151141 0.191097043700491 -0.0610359106931112
0.00760053987956889 0.0498546007466686 0.092910634536583 -0.0145805598008571
0.0102633649694616 0.026385694570031 0.0947797498029816 0.01474161931515
0.0186489224065028 0.0128522492792604 0.0570259485047809 0.0289499148292916
0.0268430153725176 0.0154180510934819 -0.0591209855623072 0.0619770448392647
0.0171434845999871 0.0359011255937115 -0.203423684059783 0.0306063449147619
0.00480212613677496 0.0587130331688352 -0.260409145123474 -0.149512428755942
-0.0390508330852625 0.0467356457790042 -0.141713819705841 -0.271385463209435
-0.0588581085355086 0.0165632688647128 0.00398594050200142 -0.230329006568899
-0.0399216830221028 -0.00694911834394941 -0.149705218616955 -0.000321057188300247
0.0714355753747696 0.158668594258909 -0.20560207372622 0.186455894613701
0.164616705833925 0.00407249116554668 -0.600693353350323 0.382537471560989
0.0544808792230795 -0.129230556631402 -0.228657016087485 0.723871624831946
-0.107807240051626 -0.0904954809872083 0.265004530820589 0.505470861421461
-0.0987867419686718 0.0216085887644752 0.315229794162505 0.0895675930024045
-0.054091588587525 0.0439808009078938 0.160385684678536 -0.0244928711998383
-0.0315491428137588 0.0397930309259868 0.0841645622970313 0.0152959785839697
-0.020256957063204 0.023640932029278 0.08916226495051 0.024081854261278
0.00107815941828108 0.00278782309514196 0.0507874895207974 0.0226838959737096
0.0322981240628698 -0.00224706243508591 -0.0525685668993478 0.0565134552546321
0.0370745224047855 0.0350988383095501 -0.192175009241455 0.0442894813204612
0.014155346524235 0.0689926880391129 -0.275124143282465 -0.122267697340548
-0.0209518404254536 0.0510067891449828 -0.188616634192674 -0.275875438243987
-0.0486330673101119 0.0418728274707152 0.00901387847483404 -0.282362855466022
-0.0413013907618599 0.061608406278194 -0.102598993512682 -0.0111590545100786
0.0736206103988361 0.147111381138387 -0.218985755163517 0.147182634278449
0.160228478844504 -0.0638634660176608 -0.54635862283699 0.440735781336134
0.0101815055687476 -0.158451640576182 -0.100044605577564 0.671783488179978
-0.129787694349878 -0.0564636898802723 0.286646232836562 0.393012606135148
-0.0873674868443954 0.0308916002718148 0.256099153656944 0.0408027281422281
-0.0505458741897414 0.0296641156249695 0.109561762705733 -0.0231405500122107
-0.0374067079014572 0.0275299482206843 0.0504660256166843 0.0291081020669874
-0.0187675448592862 0.0201509641066788 0.0509271486437934 0.0273961479282282
0.00795297793999753 0.00625165906029745 0.0148653440492254 0.0207090461599254
0.042169455703573 0.00835723366545525 -0.065869553911611 0.0604997477032132
0.0380229699330573 0.0723507775285848 -0.198455533255342 0.063560601801682
-0.0423568826383953 0.0997644914314388 -0.316375064747997 -0.108953977591853
-0.0681078345873444 -0.00739186959493504 -0.239067445637002 -0.324482445484708
0.00653409618536311 -0.0234382378691114 0.0463138902563758 -0.374345719305554
0.065995589288041 0.0883568635377625 -0.00760172880878796 -0.0100267223287861
0.118079595499528 0.136987726134721 -0.182723723901291 0.104281359229582
0.104138149056906 -0.0648292320794164 -0.434380578019112 0.419250882348703
-0.027509460707403 -0.0985360382406794 -0.0496802613434948 0.570313219152303
-0.0828830350279532 0.00153585074439984 0.239039620762459 0.31888294342046
-0.0256611020469514 0.0137243910737908 0.206753187118452 0.0397143376459995
-0.0282554657670971 -0.0146886817861041 0.087993356394134 -0.00613270894262073
-0.0418316484893505 -0.00533241959853903 0.0369301682656703 0.0390263042755193
-0.0305406052474448 0.00930255387882429 0.0293776781351582 0.0328611634882058
-0.00918655472160647 0.0175441078033852 0.00667803107085028 0.0233575344291953
0.0134237380494079 0.0296252988536448 -0.0504783112526526 0.0726078615022375
-0.0184031990026673 0.0849564418912687 -0.1854278227622 0.10140099509237
-0.109673328420489 0.0356585782405573 -0.360666196291717 -0.083697370408768
-0.0294969708880827 -0.108999281804145 -0.294982218803412 -0.378341894211326
0.117641999058396 -0.032360392650458 0.0759200234197491 -0.47402213459753
0.12516254072801 0.16649289480881 0.0314816939687579 -0.0670783328494734
0.0767203284754846 0.117044607141886 -0.125410094705802 0.078470472045035
0.0164464347593056 -0.0297194273781416 -0.303843150092167 0.367545215241327
-0.0446528990613364 -0.00685582765419597 -0.0250017615665843 0.469664244397235
-0.00469696859361952 0.049596979160258 0.209712694121284 0.282643715724548
0.038636217926093 -0.0140798450541187 0.205002964992909 0.0377976236511281
-0.00110670587778851 -0.0577241241445692 0.0901968867083293 -0.0119327959873961
-0.0370001445961769 -0.036992743463568 0.0235070968249955 0.0308009827566392
-0.0382248875823437 -0.00341555740767424 0.00445341691443929 0.0344403822953404
-0.0312793966784024 0.0239465628146855 -0.00354749776263475 0.0373468393818626
-0.031137973882977 0.0388227899749112 -0.054943717542461 0.105324528628725
-0.0853428546979093 0.0555659080237186 -0.219968254506223 0.145533127178273
-0.131981088823367 -0.0803693248854002 -0.441285029270146 -0.106813440630615
0.0728858877903018 -0.187862160951896 -0.31721028851086 -0.500993400406548
0.228050664376411 0.00851351902586638 0.157221937802846 -0.575316245741257
0.156135201214501 0.233790883559976 0.0646596243254022 -0.137131040662603
0.0472042809256352 0.0998519252272648 -0.0514362465570546 0.047833101105878
-0.0210767716356113 0.0103736134552398 -0.193044783063411 0.301931147806135
-0.0209048241369281 0.0468245277523975 -0.00339171220111869 0.404601159390284
0.0557906338849232 0.0492317505163645 0.219464582066969 0.270994181876536
0.0711392932779711 -0.0420291833885053 0.236994100249565 0.0234204377627939
0.0146928824308121 -0.0799575236264408 0.104674579340318 -0.0380701196623458
-0.0281098484674447 -0.0550629407603971 0.00782409948386128 0.00992833521049647
-0.0405585424809096 -0.0158793573730246 -0.020672149027927 0.0301229776953757
-0.0481077182642105 0.0156708346558703 -0.0219631344157786 0.0558107410591663
-0.0626531783719463 0.0176291188765051 -0.0912659467978267 0.138465121693267
-0.105682898362679 -0.0113226676936976 -0.300897119418568 0.155006644508485
-0.0635020995151798 -0.172480021545107 -0.512337433859796 -0.209299840941664
0.189518870997316 -0.167501598438128 -0.25367828879068 -0.657567902513731
0.260882859478413 0.0959251394388967 0.292690195460307 -0.632298282299029
0.133579323127206 0.256635424808431 0.0943174002057731 -0.201226920343234
0.0383166464822843 0.0865409173545499 0.00940691603435675 0.01113493550786
-0.00468012061349981 0.0281745852644922 -0.11991182641156 0.249278290088807
0.0195581764717143 0.0396452933554235 0.0288466737068922 0.366862442515551
0.0714543324543343 0.0123946089191776 0.254634983402749 0.257802864603096
0.0623641122889488 -0.0532469592873737 0.273178323168943 -0.00105837199279856
0.0150828251331337 -0.0743444559134898 0.11590740609516 -0.0707043462168708
-0.0195010604033774 -0.054643796003079 -0.00787189192423688 -0.0149535987551344
-0.0358688510780148 -0.0260682320223058 -0.0410364655834208 0.0201345959045314
-0.0476100675648989 -0.0093595241462657 -0.0476410827108433 0.0655679338927705
-0.0542787476563562 -0.0249236404803957 -0.144442464207632 0.146193535695707
-0.0577858324595667 -0.0698073385645443 -0.381220986158421 0.107979670535869
0.0522192405433426 -0.165450471430722 -0.517371227044564 -0.350604700137138
0.227666245111853 -0.0519292763610514 -0.108823851786324 -0.772008463926241
0.176486598595755 0.166656197491276 0.441160877882064 -0.622110898387695
0.060627762997508 0.210644646560949 0.122592237807417 -0.246223138517058
0.0280886677537293 -0.0300195053798 -0.0758366398003575 0.182958612106033
-0.0204066564876072 -0.0844023656285915 -0.52379488473123 0.487389684311861
-0.101598643680442 -0.0489604144534913 -0.0642349993491509 0.807092091915997
-0.103568514267251 0.0666539401892641 0.404015358445294 0.519683843292567
-0.0197476754734132 0.0924334292783932 0.427524404078394 -0.0268768293706786
0.0288360593524702 0.0679716489207131 0.198818531667716 -0.119880454950557
0.0521211954148177 0.0356725876496932 0.0827568268416862 -0.0505237396720849
0.0409092852343395 0.0177003251338408 0.0880244343841389 -0.0120799173047655
0.0372349520759979 0.024131694033518 0.0533107066570972 0.00952855029302548
0.0167866159034029 0.0456063308666064 -0.060778360548312 0.0504689992106956
-0.0167029787920806 0.0498235741135663 -0.197674269175392 0.0158266478994734
-0.0290569350062421 0.0350120013064216 -0.238208574531464 -0.167277066177928
-0.0259160597236702 0.000954942921769345 -0.107784552646344 -0.272281951127355
-0.0362692867552614 -0.0198711286038066 0.0130398155706817 -0.206788466080019
-0.0182680847792894 -0.0598668375745193 -0.158564577283886 0.00450832183288902
0.0650391960668271 0.0779749769403328 -0.150271998213928 0.219884356220801
0.100480867641267 -0.0424594746785121 -0.568409987655415 0.407561286821326
-0.0133203791078952 -0.112859681036124 -0.202746758229974 0.766315048867578
-0.131908158032607 -0.0265303028693106 0.335537534085715 0.538329685914461
-0.0795706574329111 0.0660553069474479 0.390786815946713 0.0616595810690215
-0.0204773651295284 0.0715899700939484 0.186195045313888 -0.0765856063187772
0.0112131151759029 0.0498553785361962 0.0915970125759788 -0.0240709682880094
0.0121537199768417 0.0261618607562944 0.0947324590403891 0.00189047062013086
0.0197717359185582 0.0110709369871899 0.0562532716735718 0.0162333518340187
0.0288347400952104 0.012920848305979 -0.0574253222638819 0.0574961783103525
0.0206381142193641 0.0359519958608354 -0.202159915077458 0.0347146698973409
0.00880422468689422 0.0612570030322774 -0.263485433274787 -0.140567526339979
-0.0354009183956051 0.0506279881262598 -0.146302184726684 -0.265664508442165
-0.0574284987534857 0.0214084918419659 0.00105171911125338 -0.226526302982952
-0.0381886555265767 -0.00485730408251207 -0.140755643500851 0.019952097057689
0.0903219872314034 0.157832271298767 -0.188103691911889 0.199743333848051
0.173391627689617 -0.008502766688566 -0.581941583341635 0.414942415911257
0.0459472714808526 -0.141465103902602 -0.190340035236506 0.741998194929124
-0.122123402416985 -0.0875427685074925 0.297213577843873 0.490497924247286
-0.102825753030946 0.0318298713972012 0.320593592041676 0.0692257592880502
-0.0528501464304614 0.0516675059398434 0.157908481730288 -0.0356411811910557
-0.0283194990185833 0.0451537110084514 0.0853165104424859 0.00795272263751844
-0.0168707103985023 0.0281735365139994 0.0898806668015634 0.0121835953760631
0.00258577497055214 0.00428154944619081 0.0497626547280878 0.0116888448495258
0.0330803152959026 -0.0039022181631189 -0.0511695555293768 0.0519807262443621
0.0400948673213072 0.0346512338419059 -0.189563618403547 0.0472789839815817
0.0159126864002016 0.0715954452442087 -0.277273140351019 -0.113961114823246
-0.0216536273750623 0.0503186909987655 -0.194427920364564 -0.267425898107457
-0.0437551700130484 0.0430890752556483 0.000766026137310072 -0.279774469350572
-0.0302709081857779 0.0654118769325726 -0.0958460944020419 0.00413921535673812
0.0924448791372977 0.149689039987921 -0.20549396153394 0.159540278197865
0.165896146562157 -0.0793583797029737 -0.521997392012112 0.471257260860394
-0.00164884257869119 -0.170198093153007 -0.0625631838035335 0.677724135428432
-0.143962437304533 -0.0514012920586713 0.308675190980973 0.373358606924066
-0.0914737591665623 0.0414514904622523 0.254718629874985 0.0248774619415248
-0.0507665815649337 0.0381413185685834 0.106277249002528 -0.0286913032465838
-0.0347023249616715 0.0340790196369261 0.0536550822872083 0.02583556907889
-0.0146041304887932 0.0251128804715044 0.0527237031563026 0.0200610798039415
0.0109971162257425 0.00769448408259885 0.0130780071317847 0.0149482765368974
0.0436662432526745 0.00796641766696912 -0.0637687550020616 0.0578593330658253
0.0433255391825444 0.0742025391448625 -0.193970250685272 0.0686759526122475
-0.0414125902278766 0.108031226500781 -0.317964773274449 -0.0963742576338414
-0.0752809468202839 -0.00698173998543901 -0.251072348051762 -0.312300973438048
0.00942615597011127 -0.0282399997419273 0.0298286779252853 -0.376921385832225
0.0824728240017817 0.0848295393754411 -0.00289264187314024 -0.00352465867569009
0.140243314674317 0.132473933082249 -0.174180886366648 0.113705087956986
0.109210503245785 -0.0776310596044562 -0.409794633752707 0.442344159681999
-0.0375796388748833 -0.10719899036779 -0.0191455908301396 0.570374779736143
-0.0926356756957215 0.00494211893938101 0.251605865590758 0.302814977206107
-0.0305242274025842 0.0206751239879133 0.203944834724766 0.0294822399189631
-0.0312071925287547 -0.00821189036595029 0.0860402890846221 -0.00839532192090574
-0.0415116584758377 0.00233480000789716 0.0420281043539429 0.0380007342503304
-0.0268981181641747 0.0160646886240564 0.0322602140023946 0.0285965469021174
-0.00421813227218377 0.0219821756106516 0.00618373956133044 0.0198275211448804
0.0164591084369344 0.0339706139416347 -0.0458205533978967 0.0698863107320716
-0.0139717748225629 0.0929907819185811 -0.177418857954721 0.106812115688314
-0.117564729741977 0.0476250280289693 -0.36094421321446 -0.0648714130413324
-0.0432671310685293 -0.115265774807533 -0.312536619745974 -0.364761189430751
0.123130267553168 -0.0463697000245916 0.0508362054290628 -0.479083619497249
0.149666952867849 0.15989891758293 0.0293943845735922 -0.0655527229049081
0.0967603130686122 0.11410895142446 -0.12083575172477 0.0823900231280918
0.0214284012114514 -0.0365676915787534 -0.282794192167604 0.378760087137281
-0.0497501748083326 -0.0118347371838611 -0.00371334975178811 0.465572208610589
-0.00991112257452641 0.0492267410867237 0.218300659020724 0.269534649892736
0.033726678465491 -0.0128306597668768 0.200850103265136 0.0296283316164987
-0.00646604726243147 -0.0539369705585279 0.0877658046455607 -0.0122329185643617
-0.0391047967391909 -0.0307056390914098 0.0277727500788091 0.0328801246162005
-0.0354551773609713 0.00394014916698712 0.00775220074374014 0.033961997163886
-0.025792103745994 0.0314212551491619 -0.00146121543680245 0.03602173611036
-0.0289852718171221 0.0475427222213528 -0.0466091980113197 0.104994070574027
-0.0853235531145047 0.0685337472653245 -0.207370815389079 0.155943368706907
-0.149119377771774 -0.0701681166773627 -0.444026608864832 -0.0801886434618281
0.0563753158043173 -0.204294036616923 -0.347629029797183 -0.483871324002977
0.238819351614123 -0.0120580456869848 0.125978836140934 -0.589304053112539
0.185475162951121 0.225358044169368 0.0556885126080586 -0.138480467927099
0.063780361642987 0.0969922008124732 -0.0515809600014395 0.0443790770441512
-0.0160394268251051 0.00798993928829222 -0.179187144620569 0.306119763753441
-0.0221028789579481 0.0430116633881921 0.0112677571610833 0.401398026069991
0.0540353732592258 0.0452387558957281 0.226865600548924 0.259610887299078
0.0661090059479992 -0.044141421638335 0.232375324856221 0.0142114640634487
0.00775371360870771 -0.0785732800762673 0.101484581926788 -0.0388689106363248
-0.0315319074347924 -0.0504636689904137 0.0118398832229725 0.0135971056261138
-0.0390903237582484 -0.0090814574010593 -0.0161017980588413 0.0333639948294876
-0.0441001762891154 0.0240388858486638 -0.017460998741637 0.0575956237428261
-0.0631773180914841 0.0287051833218104 -0.0796767136718038 0.143696272688653
-0.11173367724813 0.00061794655558931 -0.288505036286614 0.173331037608736
-0.0848264123085945 -0.170908199842287 -0.527082434818986 -0.175626473021206
0.178078534135281 -0.19131714040374 -0.294603444290007 -0.650437895216384
0.278458315148432 0.0769381257741166 0.258555710683912 -0.655697538515609
0.161689239121641 0.250487670018298 0.0788097143269844 -0.20627444443328
0.051495820855688 0.0836099178251714 0.00518249311000635 0.00278566759837235
-0.000483040894881585 0.0267909291608292 -0.111037591838545 0.249240803797378
0.0187494953093714 0.0353262553524573 0.0397554429782838 0.364083630935988
0.0693877898196986 0.00685654815133682 0.262844149728858 0.244954896688711
0.0576482394829419 -0.056187546747664 0.269290546515409 -0.0128930415123767
0.00868031748924328 -0.0740718719000002 0.111774480022145 -0.0722091969841663
-0.0237004611102619 -0.0515035227137889 -0.0049695266684648 -0.00897348882326368
-0.0363064940309762 -0.0204939239892366 -0.0371523397956531 0.0268117718756103
-0.0468990292339644 -0.00255463758608247 -0.0411054089870354 0.0717329434511449
-0.0587233060263297 -0.0173031270506215 -0.133025258295803 0.157635018476002
-0.0667573507319086 -0.063735208421541 -0.372832485603156 0.133437180272836
0.0364952227404482 -0.173408576512569 -0.542269003029537 -0.318488858287463
0.226559384201828 -0.0732366078517546 -0.15618062968506 -0.7758215626823
0.196030392825415 0.156623802756018 0.409569275952063 -0.654014433773825
0.0816324666950275 0.207839057685706 0.102624551785643 -0.253601458170866
0.0248652746911104 -0.0316085907749254 -0.0550907735247083 0.181077402146205
-0.0267549937338054 -0.0795443985288757 -0.482548993989011 0.504476627094428
-0.103439466458396 -0.0394141249123073 -0.0146885194272237 0.795007251434177
-0.095850164941338 0.0720287923031856 0.429990830170842 0.481250501308907
-0.0108124702044687 0.0927498168290412 0.431538840604452 -0.0158807376822239
0.0335111487957854 0.0628851786330158 0.183528402716804 -0.133251374994929
0.0523813613017758 0.0284507124781964 0.0753621293775213 -0.0583189757217611
0.0399396631699837 0.0127178245186311 0.0819362777004981 -0.0243287189791483
0.0376192830573519 0.0184346385624746 0.048425720242454 -0.00214002987841265
0.0198360423230476 0.0418234636086367 -0.0580497949807422 0.0451284937196124
-0.0111381639947437 0.049456034893144 -0.19188900941774 0.019697199348525
-0.0232800938820522 0.0366400672575512 -0.235943825052741 -0.154270463040081
-0.0259932492728099 0.00497703339934363 -0.109530078764068 -0.260312264829762
-0.0381089297477311 -0.0141908081041335 0.0108617596570972 -0.197693053472539
-0.0240829798278669 -0.0579556541426258 -0.143852163997674 0.0247601387448922
0.0728492856253691 0.0723474099810115 -0.124218309976168 0.223356503715058
0.0995365324297077 -0.0464087781813355 -0.529760901381474 0.427071901626683
-0.0213842173836846 -0.112285460055698 -0.155059041156434 0.764585002625019
-0.13390240559686 -0.0187253329684907 0.36324864608976 0.505044054411845
-0.0742305389386568 0.072327545091455 0.38444604466044 0.0312189548217952
-0.0154352646632169 0.0731165073057723 0.174361936930133 -0.0896139469999664
0.0156520510123707 0.0484909013841064 0.0859496784415171 -0.0322163226859081
0.0144115553196742 0.02520728301827 0.0897311241818213 -0.011366802691781
0.0200363179739639 0.0088028905311564 0.051843576528462 0.00294843659632638
0.0292856494325431 0.0101387767510069 -0.0553662348363159 0.0514993849410959
0.0231507746267836 0.0338448074537221 -0.195389311444479 0.0378020028943133
0.013244298550194 0.0604928202434654 -0.25959410331182 -0.128005844059103
-0.0289773819640035 0.0522454806316836 -0.148976943366282 -0.252748672159651
-0.0541054305193048 0.0249467679370298 -0.00303861726592479 -0.215940311887234
-0.0354698435289681 -0.00241031528850044 -0.125074109152445 0.0376423001090865
0.107578287216865 0.149350379872485 -0.16336663916864 0.205741698669255
0.175867154391296 -0.0226550502702842 -0.539953311381717 0.437557988343874
0.0343513346209061 -0.149103334742359 -0.141121727201872 0.736597580395443
-0.133052189716696 -0.0797124820657616 0.319835702095082 0.458272245896865
-0.102338642577467 0.0423824758321789 0.314649048210238 0.0454244523969777
-0.0491539450281762 0.0580111939411606 0.149994815320041 -0.0462267050000909
-0.0235163813360648 0.0494679098057244 0.0827812355590633 -0.000332846215680489
-0.0124092436621418 0.0310643417992799 0.0866872653317877 8.41669718688094E-05
0.00455157594764176 0.00522902464926953 0.0439995119427156 0.00119805588020126
0.0325375802754608 -0.00537759177379367 -0.0496440584171701 0.0464419775450871
0.0423083389380364 0.0335330014020962 -0.182387428189565 0.0492506029602929
0.0183939377085615 0.0721801850688261 -0.272719940052337 -0.100938056372613
-0.0215385649498236 0.0492514263779117 -0.195602918168401 -0.252114307110595
-0.036986344771397 0.042965689262052 -0.00755953694816516 -0.2693151765891
-0.0184782688958986 0.0656289101985904 -0.083622945352754 0.018270111277056
0.110958500991876 0.142670340362401 -0.184907223613267 0.164975046132564
0.164258037498308 -0.0936166588264549 -0.480237299100943 0.487712152356153
-0.0166759550692585 -0.176056487257468 -0.0217991940274521 0.662370122373462
-0.152854069459881 -0.0416554364658388 0.321360227493924 0.340346729095155
-0.0909281644703099 0.0522146823532541 0.246094599087746 0.00818055828936854
-0.0480626436392676 0.0456382205084771 0.0993231970719386 -0.0331345978852063
-0.0299251655889411 0.0398053546451915 0.0546992546617254 0.0214516059010021
-0.00909999484269714 0.028660183709035 0.0515539811102322 0.0122327201930989
0.0141750008961622 0.00864586467345471 0.0106429590259267 0.00873408295779999
0.0445729576078022 0.00720186211063392 -0.0605315754984247 0.0537904992660766
0.0479889227748726 0.072817692414598 -0.183810644268544 0.0714413975509546
-0.03702472957667 0.114289318606013 -0.310818377630773 -0.079617185005975
-0.0800090341781883 -0.00461557494882551 -0.255781459980616 -0.290472252482456
0.0108409908693827 -0.0334949386684412 0.010944715119375 -0.367289423272133
0.0954139105108853 0.0755200790215534 0.00291788225267863 0.00243181237457589
0.157555150950551 0.120134975761052 -0.159952473861018 0.119568734680781
0.108536419483238 -0.0899944917180113 -0.373108859825875 0.450246622058193
-0.0484751942024242 -0.11126547182618 0.0126485254301284 0.552045284117203
-0.0997228126529345 0.0112634465854011 0.25814033117277 0.275413011329149
-0.0330468684851533 0.0278478853939079 0.194452187204469 0.0189291561691672
-0.032355299032501 -0.000857885249105516 0.0810437887895556 -0.00911823917129884
-0.0391616690171233 0.00935481850941857 0.0450971058154032 0.0354494448153041
-0.0211077287411374 0.0211992270010094 0.0332406299158827 0.0236700074262291
0.00142794391454049 0.0245530890356469 0.00554221332244558 0.0155150451255165
0.0195068995733832 0.0365216378034939 -0.0408766186629409 0.065269837123711
-0.00781905189995857 0.0977178559159279 -0.163653365889257 0.108511624626144
-0.119091387149516 0.0606147277604148 -0.350464284327489 -0.0447486530971426
-0.0579277194442542 -0.116425409407008 -0.323649941797259 -0.336264651880149
0.123009068532698 -0.0598008513614348 0.0246805983303772 -0.471047007853228
0.16816371897661 0.144692081993073 0.0268956196483963 -0.0612334062824106
0.11411616408787 0.104008721605052 -0.1130973755402 0.0838238952368634
0.0244177967884855 -0.0429239160212104 -0.254860674333105 0.379266686116227
-0.0540644293808909 -0.0148436409036015 0.0185272733286245 0.450598045263597
-0.0143448692916684 0.0495713258695513 0.22008420218177 0.249274282724338
0.0283592815583353 -0.010332814891354 0.190695903707746 0.0215223837248451
-0.0119296091149012 -0.0480087952878474 0.0837654713229545 -0.0122728951414687
-0.038951736838951 -0.0231560274208245 0.032492751199041 0.032685234363585
-0.0304124959798664 0.010395003808104 0.0111003109789578 0.0329674677811463
-0.0189281548910512 0.0363345908769492 0.00074063120054812 0.0341659210572637
-0.0242597020636468 0.0546048570422435 -0.0373892509688602 0.100988973780031
-0.0808410995711338 0.0798524479703648 -0.188756589289804 0.160995972090999
-0.161230718326381 -0.0545403326706523 -0.434982856732684 -0.0495536496198257
0.0346070118913563 -0.213331010162734 -0.36736217421433 -0.45200182211421
0.240741523339776 -0.0345869432336601 0.0880596267010852 -0.583233696329349
0.207806926537615 0.206068073394869 0.0450248319666559 -0.135222441051956
0.0790340425992173 0.0892992761470505 -0.0510404651154703 0.0409681275350059
-0.0111227597989001 0.00470411070019949 -0.160667735316906 0.301474734847358
-0.0231683945422738 0.0392966153557709 0.0253206031026678 0.386760104183733
0.0496154292948983 0.0408517561656509 0.226938537150186 0.240249510802327
0.0591250990413255 -0.0449757615236824 0.221661323986511 0.00488669303614288
0.000664222056367431 -0.0743522667531175 0.0961664136366193 -0.0384811221468769
-0.033589031590479 -0.0435653567072696 0.0156845903751426 0.0167550623045429
-0.0353103632189197 -0.00250285735687088 -0.0113942666098869 0.0358881066699874
-0.0376327225978341 0.0304383175572824 -0.0118143077034263 0.0577420397381702
-0.0603581470136877 0.0385907745510948 -0.0656856335702217 0.143675556262757
-0.11230677709809 0.0140971904701812 -0.266057288220896 0.187290415426778
-0.104588851776278 -0.161190285227106 -0.524218576357269 -0.136756537485222
0.157862229537751 -0.208495769376828 -0.327422819419776 -0.616935157287568
0.285929225358259 0.0521124522655749 0.21412212458456 -0.658879032025011
0.184891171825537 0.232452152000281 0.0603330654437014 -0.203237835900822
0.0625718562149209 0.0765906313940835 -0.000205960388294214 -0.00459099467249803
0.00425970514001925 0.0244187887443764 -0.0991675004290559 0.24176292296714
0.0175592506246161 0.0309596725772862 0.0513671270180977 0.352180301884614
0.0642300351937603 0.00145971261164228 0.262232379432386 0.225462875085929
0.0516335461970629 -0.0574605568311011 0.257079006307862 -0.0246281750608606
0.00142785241608394 -0.0709847846981418 0.104229162131938 -0.0723790422469749
-0.02684095434979 -0.0463597467284728 -0.00138121447869191 -0.00371516807906861
-0.035023885483071 -0.015043758238756 -0.0316570389446167 0.0317446189631085
-0.0439953437724974 0.0043570876719785 -0.0329323060239519 0.0742231997132135
-0.0600454158311573 -0.00790366973021913 -0.116220472399842 0.163489068673048
-0.0732752191387671 -0.054803582867412 -0.352379901707877 0.155342567652824
0.0179703049938055 -0.173991308980512 -0.550321917800129 -0.272154800438845
0.216015395184116 -0.0931559182340616 -0.20168772640418 -0.751423969997131
0.208604405714861 0.139364168158348 0.361982979085215 -0.666664230528817
0.100440675353939 0.196268942095779 0.0796278140516426 -0.250902977049466
0.0218372914854728 -0.0317862836583266 -0.0379301170343593 0.171813270201946
-0.0300140622516671 -0.073103337283249 -0.442870945334385 0.49782416840144
-0.101271167081364 -0.0306701590662581 0.0167886965387736 0.765088423375327
-0.0871844266997529 0.0734389969584188 0.431388384184812 0.439248208265482
-0.00361021794863208 0.0887813056688084 0.409452328130161 -0.0376876022732777
0.0354846791743256 0.0570995411360282 0.167109594599519 -0.138476853892349
0.0510276520496098 0.0222345280309437 0.0671621543924273 -0.0619064606267652
0.0371655705684957 0.00928059321664674 0.0742319944601449 -0.0324600947872451
0.0354202526989772 0.0137373152322084 0.0412844479676548 -0.0111077714076107
0.0214324726834021 0.0376061202588742 -0.0565837650006865 0.0379102061826848
-0.00685281043993338 0.0467557843102994 -0.182755344043981 0.0189191341898478
-0.0177850611100384 0.0361769035624534 -0.226214552443133 -0.144568386147804
-0.0244288412668242 0.00839082508329232 -0.104145373923117 -0.246687778889958
-0.0378294582241239 -0.00913184811417666 0.013361352452906 -0.184462590485504
-0.0283982350812963 -0.0549024595224265 -0.125225052517529 0.0392760938697688
0.0768059317752353 0.0659489421326857 -0.101502384869105 0.216081859505634
0.0965687115415031 -0.0485684805706544 -0.491339468532726 0.423650093457057
-0.0265002631349078 -0.109176675684198 -0.117445790676863 0.739733426259369
-0.132013701057857 -0.0132233471230075 0.368351444147231 0.466571768529238
-0.0679786465053431 0.074499059061368 0.368336087139389 0.00932746172698255
-0.0115545945911867 0.0720789902518101 0.161337333272316 -0.0961786904015198
0.017780336558795 0.0455939406973509 0.0787001660565704 -0.0377367511189906
0.0149372562996095 0.0236141972155859 0.0818306804473716 -0.0207845266470541
0.0193829178462722 0.00680657153553246 0.0439839728786525 -0.00634255192026937
0.0283463294922618 0.00779857661032544 -0.0539898225985372 0.0440890670059504
0.0252546733233765 0.0316665563815116 -0.185546145057784 0.0364180267304119
0.0165049405426377 0.0592711587070679 -0.247830406515241 -0.119779935131079
-0.0253131258208543 0.0506664572300223 -0.142330336574732 -0.238516598757501
-0.049394848241741 0.026566500803299 -0.000764491746663691 -0.202583104165091
-0.0324227433222387 -0.00129758909659256 -0.106356630129906 0.0494010891671905
0.117232920529834 0.138972233805292 -0.140185727274641 0.200305416929276
0.173031845385672 -0.032633883020749 -0.500497841440716 0.434077765181985
0.0247676865794508 -0.150742741100195 -0.106964244972048 0.708892538966394
-0.138825701030173 -0.0710280029036159 0.323445209282699 0.422838975737054
-0.098707754136011 0.0496072831659673 0.300448492754555 0.0282765770247009
-0.0451324255824574 0.0618551622130905 0.139530322565169 -0.0511592855627262
-0.0187139659730024 0.0508993476091368 0.0785976726686023 -0.00544834425435062
-0.00808335410529089 0.0322840001301111 0.0805023369833461 -0.00885068712974559
0.00593736573388502 0.00519915483427253 0.0375070937164282 -0.00672392574844133
0.0312495702608492 -0.00579658356558945 -0.0495742218116204 0.0398657537543148
0.0426109040756334 0.031493892915397 -0.173470224612738 0.0459863671133248
0.0187954402409888 0.0717117198903863 -0.259116575922325 -0.093418699472655
-0.0225024465735171 0.0467664523594026 -0.186785219926459 -0.235326627240422
-0.0314819485666257 0.0400059636623668 -0.00902682611002442 -0.254153150696768
-0.00932423970230779 0.0620760019749494 -0.0696855183256721 0.0281254969777317
0.12132659383569 0.134911900103436 -0.164589304699732 0.161059291918411
0.160017430266469 -0.1028161847564 -0.439039324480195 0.480664867126325
-0.0274582562996575 -0.176273215896507 0.00481798934163979 0.630621307999019
-0.157223852560039 -0.0321923332377337 0.316104657992178 0.308664913758391
-0.0880285580023632 0.060004305477035 0.230045969469819 -0.00210746422126229
-0.0445001985706247 0.0509768082395965 0.0912859144118064 -0.033949826247372
-0.0251170152794568 0.0429504660963204 0.0537679523822171 0.0175840412175775
-0.00401374678137519 0.0299340517725064 0.0483081845949133 0.00580738198370637
0.0166653977229206 0.00893810226175817 0.00658741129296347 0.0039126638062024
0.0441613951864261 0.00681306111184172 -0.0583175199676201 0.0477733178695985
0.0495981180401974 0.0708421998187027 -0.173439001314192 0.0686658727277239
-0.0337154039695642 0.116353724822591 -0.295691400591172 -0.0704588010886136
-0.0837261026386803 -0.00337889516277601 -0.248368770397281 -0.268438845520095
0.0116431570120739 -0.0372766064352739 0.00213196405034643 -0.348782549934908
0.10264034027196 0.0661489427824905 0.00960371205630804 0.00738039605223069
0.167170989550722 0.106406352776519 -0.14474815779708 0.118006165979452
0.106049755219653 -0.0976536220418046 -0.339200808391816 0.439744834132512
-0.0560936354880424 -0.11214476635056 0.0291298991695616 0.522741265676943
-0.104303403486269 0.0169611602673585 0.249615131241772 0.250986883759517
-0.0337725430643033 0.0339523780960478 0.180613561815076 0.0131921013664848
-0.0323785584564631 0.00530626804189635 0.0760203580297074 -0.00786513188760051
-0.0354595610638263 0.0149515421489529 0.0464609545361156 0.0326702518151169
-0.0148927330403695 0.024590104834748 0.0326915962560886 0.0193944126780485
0.0065203805950878 0.0255703659598296 0.00336556302727409 0.0117539723513059
0.0217420954727149 0.0381531022627781 -0.0372346316086463 0.0582662965284074
-0.00308532950450764 0.0997159811186065 -0.150444606865096 0.103687625124498
-0.117898220425949 0.0695778761686617 -0.331291356480397 -0.0326165070159188
-0.0687954870981026 -0.114158808263079 -0.316033681149885 -0.309188863476613
0.119649312892884 -0.0702380989656221 0.00638283759232114 -0.449855511075635
0.17707789920342 0.128251646177401 0.026660303002394 -0.0552053751436849
0.124603067407907 0.0924515637824194 -0.104640543583651 0.0804076395241752
0.0268504655275874 -0.0485298440510479 -0.231068771710966 0.36463769637914
-0.05759099349356 -0.017503259903295 0.0282964446131384 0.424700872429648
-0.018924561994508 0.0498716131468291 0.211215636453392 0.228253869990551
0.0237321750444823 -0.00627734670558687 0.177414041846675 0.0184446508734432
-0.0146972313292597 -0.0416431370805927 0.0788722086122322 -0.0100490709421575
-0.0369342640039329 -0.0167685295583011 0.0353968399042946 0.0321458247021466
-0.0246199650684732 0.0145177758324397 0.0130266630018435 0.0307291815970646
-0.0119279821429776 0.0385730254614984 0.00157689953904799 0.0305000065430554
-0.019440722368033 0.0598417638207901 -0.029778189874735 0.0939756124132731
-0.0742943027504707 0.0871129320733895 -0.170144437100422 0.157330630220111
-0.166357334177349 -0.0400824152996333 -0.413966312990483 -0.0297882734885277
0.0164467296700326 -0.21317598666847 -0.366775745276937 -0.416661565032705
0.235304172868716 -0.051273486072615 0.060779150174288 -0.56174879684274
0.218345400937242 0.18656987334109 0.0378391992200445 -0.127583570641923
0.0888080483968961 0.0786961607136521 -0.0503649551453066 0.0360498438797469
-0.00642391005974862 0.00053609109969768 -0.147006025661109 0.285795467281536
-0.0240091894490957 0.0349366228095209 0.0314237476353906 0.366169790995064
0.0441226477726088 0.037883480512542 0.217397738491924 0.222165692450679
0.0526343744206697 -0.0431316906259853 0.206648717430946 0.00203549311549408
-0.00380486409796657 -0.0682916580460961 0.0906941163693023 -0.0352558734878374
-0.0337207422677432 -0.0367450887956306 0.0190817003638707 0.0185825326723005
-0.0310530702681808 0.00249606627320495 -0.00732619469552156 0.0365053606549474
-0.0307714634506503 0.0349234402297849 -0.00689559459284878 0.055552560485154
-0.0554398407136913 0.0459516159852506 -0.0533735732279119 0.138042977328329
-0.109640726669379 0.0245058034432454 -0.242293071651705 0.187932242505543
-0.11680731858679 -0.148489761106877 -0.50363166655541 -0.105366860366639
0.138326880314026 -0.214961686114817 -0.339067745727446 -0.578993589727395
0.283420525709873 0.0318568737939426 0.177801384244197 -0.639763255282259
0.194975634137924 0.212279307275107 0.0473979957170058 -0.19338310201021
0.0695594763278774 0.0675730009489193 -0.00656891159863497 -0.0103886664861286
0.00732494212405934 0.0208548504829922 -0.093283969667394 0.228070456869633
0.0150853850695003 0.02708887131115 0.0519171952282037 0.333671274571506
0.0579229707704522 -0.00162673439165167 0.25140670881903 0.208281160846485
0.0454879968300848 -0.0558452159958046 0.239563108461176 -0.0280907942006122
-0.00259224325879232 -0.0658812027463213 0.0970435849127221 -0.0679623125491258
-0.0280727566966848 -0.0406482421904598 0.0022176735782584 0.000760088636925078
-0.0321942147794414 -0.0106085421994445 -0.0261775031777896 0.0345772256912133
-0.0401462801946003 0.00929741817068533 -0.0252520918580701 0.0738367514753306
-0.0582969510069958 -0.000377096741488855 -0.100810278200827 0.16202658710072
-0.0753538091642815 -0.0457467297040385 -0.327211924665436 0.164485371009193
0.00355244888140706 -0.168829908476936 -0.537501445420973 -0.235266068589098
0.201340436077683 -0.104623932583567 -0.225410756242764 -0.713377871967574
0.211676051544484 0.122358314704942 0.320983160876399 -0.653928545172556
0.109724562401033 0.181003409437653 0.0622673557950143 -0.239598046899073
0.0246686722173222 -0.0309574797725306 -0.0387188029265625 0.157681337029137
-0.0184750409158014 -0.069841821155771 -0.448423297473179 0.453465151470072
-0.0878043370352276 -0.0356548411153445 -0.0225931484383287 0.733369903529603
-0.0822910392596012 0.0614851756257559 0.396940963179553 0.441642935555736
-0.00838465461257968 0.0798170460800808 0.390675672612882 -0.0253526116466416
0.0311125091321695 0.0539165336000858 0.16200346948492 -0.128258391700409
0.0477318013842332 0.0208033601514386 0.0646241343752041 -0.0603405084858308
0.0342651953518533 0.00891531848400914 0.0680342229871297 -0.0344646883307611
0.0331371267786345 0.0121864873281585 0.0347767528732289 -0.0161560718697578
0.0196098008017434 0.0362095596102534 -0.0586699698759865 0.0290873707961443
-0.00762123174577334 0.0449472955364954 -0.177395056631774 0.00548397129101412
-0.0201236124859858 0.0329954496816355 -0.207010662550445 -0.151411600890808
-0.0242540869348603 0.00551784114467913 -0.078973297365714 -0.240805196505518
-0.0364964353946286 -0.0101387866410581 0.0315860530343738 -0.171391110274981
-0.0299186144040728 -0.0524460414738644 -0.108703205670956 0.0374982238730979
0.0771917541357187 0.0689190836951669 -0.0958788103984059 0.197416544245197
0.106165222195468 -0.0403005377469858 -0.491629482529653 0.376186307676536
-0.0109769446014579 -0.109951585444327 -0.151668065497179 0.699185458518939
-0.124895907866746 -0.0229897601787692 0.330531704680195 0.462603918529751
-0.0712067858165354 0.0663780326483445 0.349458191735634 0.0230169971716499
-0.0137070843946464 0.0692827398808559 0.154813003336225 -0.0861899305176165
0.0164393980327223 0.044903213536609 0.0755601303448318 -0.0355775748977652
0.014366862246993 0.0241400997157268 0.0754359555256112 -0.0236151443451234
0.0191344466360709 0.00607847612389683 0.0371383612243299 -0.0112887140381239
0.0272129914146359 0.00821673570235388 -0.0559896055222706 0.0348849975041489
0.0231019580529113 0.0320961407491451 -0.180223943445985 0.0228220370468799
0.0100896249011796 0.0572701718130349 -0.228800795391665 -0.127787517892939
-0.0269245515374722 0.043409426773033 -0.117854812031043 -0.235041787636057
-0.0472116917050874 0.0218352186584022 0.0177245761899776 -0.190236141445073
-0.0301089518928101 -0.000795814194199044 -0.0932791155231258 0.0482450637166277
0.11668906768438 0.14326062137809 -0.129541106383681 0.180191042267611
0.183060820195622 -0.0234676188131122 -0.499397699889873 0.381475349565596
0.0387205828562311 -0.15133419565606 -0.141656489382884 0.667535845491772
-0.133106863926775 -0.0784304220299449 0.284807365916639 0.417165652193252
-0.100864754192995 0.0436179722920855 0.281342668897406 0.0398959541422785
-0.0461006662997111 0.060714672565638 0.132723254164327 -0.0418960426622029
-0.0178507837797784 0.0504778756354566 0.0750932728879366 -0.00301040820196334
-0.00657857075370689 0.0329183345141877 0.073691963760196 -0.0112584671309474
0.00728994643946484 0.00579023186314977 0.0307127972110569 -0.0118848171527458
0.0307637096806046 -0.00405710065386924 -0.0512289912496039 0.0307275446438237
0.0403069464191115 0.034355266012462 -0.168094739693321 0.033273660499733
0.0100044201476183 0.0714706662293654 -0.24165683879923 -0.102892744818029
-0.0285611216555411 0.0393208836376878 -0.160270453921381 -0.235112613741719
-0.0283822939864359 0.0314297553594808 0.00956364006456722 -0.240239295535716
-0.00415811331212062 0.0598395707945533 -0.0599175827006252 0.0296718534352838
0.120527639875949 0.144842651704386 -0.152545323263887 0.138248653974714
0.173599710706674 -0.0961210417530562 -0.441401560209046 0.430207613237301
-0.0130662677109037 -0.181846085788498 -0.0332036337852466 0.596152606017112
-0.154171340302064 -0.0402699484872101 0.279417665190577 0.308013851961892
-0.0913701841435325 0.0565043289641734 0.213789877764224 0.0102489547537475
-0.0451802611752003 0.0513192450591881 0.0863289257252684 -0.0251689872213062
-0.0235745257385498 0.0443578158525997 0.0524254823736402 0.0196209531364979
-0.00204512476195564 0.0315808265089462 0.0445860108550209 0.00383089601043335
0.0186336928040169 0.00993187027213222 0.00191477942986627 -0.000257122929735947
0.0433836047142647 0.0102262782705947 -0.0588133072849848 0.0398145831903111
0.0467649118105094 0.0748337031967906 -0.168518549854882 0.0557267080203659
-0.0431593193225795 0.115758197545408 -0.279614389228161 -0.079893408031819
-0.0900035294176702 -0.0122468821991674 -0.218635875273433 -0.268768246026081
0.0159043330689373 -0.0458544013024919 0.0234740923011217 -0.329753867557186
0.105908251328347 0.0627487973736267 0.0132539553027264 0.0153504420033849
0.169467781968483 0.113397924621971 -0.135172466405126 0.0975032625168723
0.120388156081984 -0.0954124067253834 -0.347776106999144 0.395097588683197
-0.0471186129945473 -0.120853030164309 -0.00415935275053581 0.493396629524257
-0.106875958736688 0.0101580253373077 0.219190929697781 0.250988158015178
-0.0378491564663595 0.0345571787786323 0.165692457750732 0.0238896265121194
-0.0321367189578284 0.00801009163500609 0.0707422614792885 -0.000501395036204115
-0.0324461329100088 0.0173325861981119 0.0454401271048693 0.0344223207693297
-0.0118449835388672 0.0261151529128869 0.0300013301969191 0.017875681643562
0.0098190670738801 0.0270611781104719 0.000172655677457855 0.00876938449351877
0.0222316692322735 0.0421029198909064 -0.0384750953329514 0.0503277257361786
-0.00582511036411013 0.103660858161932 -0.148464848437064 0.0895889186907408
-0.126416753303789 0.0708538872172936 -0.316490768733989 -0.0466391577638179
-0.0752599544312126 -0.122609519419967 -0.279582443412508 -0.310214754410651
0.122874209337447 -0.078609052354714 0.0318616415845144 -0.422413434434789
0.178771701701069 0.122989901895566 0.029208711870936 -0.0414306967338651
0.128101711207799 0.0957793635338785 -0.0991656297827054 0.0642675220594506
0.0382212500041894 -0.0523650937761673 -0.239903818140313 0.331311331919611
-0.0546492098544246 -0.0267392906753105 0.000166212432332678 0.402272052279684
-0.0253513560156098 0.0459177331952495 0.183937344107573 0.227702578439697
0.0198120648893606 -0.00303688631755198 0.162542890440613 0.027697152334492
-0.0136416952507699 -0.0371857224341772 0.0739200562855974 -0.00187137981003953
-0.0333829951029839 -0.0133286882742482 0.0344144062760111 0.0339664139751971
-0.0210710202189075 0.0163230883445377 0.0125255811763573 0.0301366273701852
-0.0081136843746122 0.0404322447375308 -0.000678740316750012 0.0279184364336354
-0.0181733174527621 0.0642124220310099 -0.0305601314613277 0.0851615056034031
-0.0768784513464592 0.0910771142463764 -0.167446405294693 0.138867310732399
-0.173555221004984 -0.0363933635201636 -0.39414435735784 -0.0502335296734687
0.0109717688665358 -0.220194500805548 -0.323383568550417 -0.41377669040533
0.237649229871135 -0.0593729544773781 0.0853206199193692 -0.525989528514528
0.216873825107743 0.17894433180183 0.0388677790551336 -0.108266873061927
0.090886135571937 0.080059932068404 -0.0492882629237307 0.0241582811283026
0.00108771020446105 -0.00480965185999209 -0.157540851595093 0.260312569816925
-0.0254758114165991 0.0281391230608488 0.0052284805840131 0.347205278003019
0.036572210589572 0.036545149527107 0.191568577647589 0.222350959483157
0.0492323837882972 -0.0380141562570782 0.190806770232682 0.0120008215791331
-0.00247140376628117 -0.0633757540862476 0.0856879467636395 -0.0260518132286035
-0.0300129284465809 -0.0335392152239937 0.0202542437226895 0.0213847666631453
-0.0273274124659316 0.00343685709502181 -0.00596499107307845 0.0364796103589482
-0.0274004856106189 0.0365720467226627 -0.00732319081682269 0.0525548250877554
-0.0544951620709606 0.0503818950736744 -0.0525534120759715 0.128894494661834
-0.111188312527445 0.0292768277453713 -0.234936563799825 0.167900217254115
-0.125670928354926 -0.142770210485849 -0.474422899588971 -0.125047303045557
0.131844688213898 -0.220616320057435 -0.29102044950748 -0.562219839882587
0.284587555959538 0.0234842491054022 0.196271950779625 -0.594077914164499
0.192501080685106 0.20251667526005 0.0483687919506931 -0.170966672655095
0.0697136071985934 0.0669534904699616 -0.00835840672541013 -0.0180310318835242
0.0111915865442444 0.0177499453101201 -0.104161556675499 0.206521619410625
0.013834836914493 0.0240160657763577 0.0250378148709027 0.316478356007349
0.052629004971863 -0.00180814106806989 0.224593731451803 0.210034471737736
0.0430052366316591 -0.051987633362395 0.222786573803382 -0.0159311221586556
-0.0017112427266306 -0.0616499290104597 0.0934922548450675 -0.0569241966499431
-0.025056414278391 -0.0378162138722935 0.0049871667150642 0.0044565519934589
-0.02937873835102 -0.00954899225630219 -0.0229033072253173 0.0356071830528215
-0.0371123855017115 0.0118039148538495 -0.0238685108670643 0.0709824139413115
-0.0569514763745562 0.00394612638434842 -0.0967907447734497 0.151896283303633
-0.0766324405373717 -0.0414661060408099 -0.312355105324656 0.145508415505089
-0.00833194093944845 -0.164075993201281 -0.498329203440891 -0.245364283958113
0.195103837149626 -0.111195043338102 -0.180668787246884 -0.683222914030132
0.213779601159896 0.112230917017594 0.332912722379347 -0.604513144597179
0.107818919548266 0.1714337141579 0.0633208439982227 -0.216528504013408
0.0232856788700453 -0.0303387291882737 -0.0326173226818612 0.149847118071087
-0.018194284873328 -0.0672869836116204 -0.445808100594307 0.436987464048605
-0.0853998305483727 -0.0332677304507831 -0.0293644237327086 0.722761661811235
-0.0802287240387089 0.0610008689929458 0.386256690470625 0.43611438844689
-0.00654526298571512 0.0776041485978294 0.38170958499168 -0.0265254419260397
0.0308188378716396 0.0518549192152992 0.157424601268426 -0.126858919442698
0.0459755372259884 0.0187658243282922 0.061198010473573 -0.0610252788227949
0.0319112723175006 0.0076350752965889 0.0629098549786969 -0.0388168997051605
0.0309008231182544 0.010380722997925 0.0291528281933445 -0.0215133475327344
0.0193934090302586 0.0339118991444715 -0.0607210587085953 0.0216402212427312
-0.00656636576555981 0.0434253779684204 -0.1750969824892 -0.00258301506509793
-0.0175546877415243 0.0325356036871281 -0.196767379668925 -0.156931073674453
-0.0231494043396103 0.00791075276006793 -0.0652323463220405 -0.240112656327088
-0.0367304359703965 -0.00780340699566763 0.0439179585168704 -0.163501243962008
-0.0317486796916654 -0.0514188714564928 -0.0964398619860243 0.0432880470295465
0.0784725324576921 0.0669320973218716 -0.0885429486781183 0.188662917892845
0.107176578539889 -0.0402751298473653 -0.488481197498103 0.360594673219005
-0.0108723109581197 -0.110161684163565 -0.155824217287864 0.687155105700711
-0.125876476085321 -0.0229677635318153 0.321304719897276 0.455581310817372
-0.0703307992176692 0.0669638674321691 0.341008607839889 0.0204456988597408
-0.0135218120689455 0.0697257605814126 0.150402254446173 -0.0854709101275931
0.0161079682451007 0.044571768406821 0.0727968470375128 -0.0365556935889451
0.0144558898507474 0.0238597110621645 0.0709095947316714 -0.0282712739800274
0.0186058940129037 0.00576936447924297 0.0309935031191088 -0.0167949910260047
0.0264277653129572 0.00725929191695215 -0.0588021811953488 0.0274680201283263
0.0232954521615139 0.0320896905832569 -0.178715644734134 0.0133378099966789
0.0102704476714169 0.0572301727852754 -0.219843029790701 -0.134756705235399
-0.0274174692252765 0.0433548021500979 -0.1046519748858 -0.235650791033597
-0.0460301356923807 0.021312410689757 0.0296612967158489 -0.183698976910305
-0.0285556668309509 -0.00136069397755941 -0.0803228320926443 0.0517836620034568
0.120336244594907 0.141653341889205 -0.121682183413166 0.171974171007637
0.185992386973824 -0.0256763003639293 -0.494310030569943 0.365637634779948
0.0375285862806015 -0.154230021811532 -0.146251303003361 0.654435772510194
-0.137792204960351 -0.0768613404962258 0.273781489401143 0.408985072928566
-0.101700668328221 0.0471074686455497 0.272934276711733 0.0395069831053161
-0.045737101558567 0.0630993941798256 0.129370794886911 -0.0406165404583427
-0.0156597591867567 0.0522332091514044 0.0735576101355723 -0.00378714195533972
-0.00435475221759649 0.0336687414903531 0.0696125415692484 -0.0153325060214049
0.00865085431963108 0.0062253781463698 0.0249012506421534 -0.0162917311054677
0.0303892412240352 -0.00357459222125316 -0.0544100846710368 0.0238339584104653
0.0400037783992271 0.0361113469379885 -0.167443989204382 0.0232602468647362
0.00859416302517046 0.0731754942288417 -0.23312342391423 -0.110639172178334
-0.031455768892369 0.0377189163388766 -0.14636619921582 -0.235743785484936
-0.0263883221926033 0.0285818993740805 0.0211669187332496 -0.233455127956149
0.000952527331211924 0.0579749499732164 -0.0496004400758775 0.0351319986581222
0.125857166878017 0.148855061250093 -0.144460538533968 0.129258166215245
0.177068036185098 -0.0993824602104503 -0.439190747830464 0.412792593106777
-0.0151595618729971 -0.186073314491119 -0.0403650114370945 0.58088910798156
-0.159767653735331 -0.0385358364193951 0.268083635477807 0.301338452707539
-0.0926959513175659 0.0609092994453073 0.204974967192331 0.0119374210818946
-0.04489112295626 0.0553200491483824 0.0834382777143279 -0.0219848455493522
-0.0212760327154974 0.0470311946574932 0.0524807886063274 0.018877194511862
0.000925397419948862 0.0326161668979913 0.0417511887192882 0.00063346391273624
0.0210132051206521 0.0105292773059622 -0.00214278518069936 -0.00364537135146811
0.0436703478899933 0.0113575698340062 -0.0608170152187012 0.0334552274859164
0.0466027831459991 0.0767318060502935 -0.167090014250492 0.0466357379404397
-0.04528047216884 0.119144531328927 -0.270476484471355 -0.0868118216215969
-0.0944523104844248 -0.0140792910288338 -0.205167362340271 -0.269361466393427
0.0179054622795277 -0.050285709997382 0.0318556947796706 -0.321832227526598
0.111079561303719 0.0608140956378216 0.0199936554487122 0.0194942577801178
0.176100759148707 0.109853828944188 -0.129682922492636 0.0906806318515617
0.124273051560234 -0.100489307700287 -0.346095184344911 0.378461316531627
-0.0506086742019608 -0.125207744325853 -0.0134640365054621 0.481308072533143
-0.112838448213012 0.0121596175956698 0.205336973940222 0.246314078854612
-0.0393875423245438 0.0393445852738053 0.157457959732498 0.0284879223854355
-0.0317765740438387 0.0123046393474199 0.0690138502518493 0.00444541114807303
-0.029934276115284 0.0204828740674398 0.0469515580824912 0.0351358305606013
-0.00794768083198735 0.0281338595408366 0.0291578856692534 0.0159786275637871
0.0131581242430958 0.0283171881105893 -0.00208035609728861 0.00599062393073296
0.0233525310505062 0.0452716218187576 -0.0392802616098948 0.0437624923968602
-0.00549937461944224 0.10742953759037 -0.145271616666781 0.0800675661930805
-0.130115004709568 0.0759991192255754 -0.306144882920663 -0.0527769703021544
-0.0810425227106835 -0.125306839377058 -0.267721693435155 -0.30786172121254
0.125284912381538 -0.0844034912939246 0.038030592775264 -0.415255026857423
0.184130245896439 0.119427617481374 0.0326270289882009 -0.0366450522280313
0.134917505536598 0.0918515898591699 -0.0978334541091856 0.0575182231492174
0.0423362262497175 -0.0576863508599735 -0.241815906133346 0.313980957776153
-0.0579686965880567 -0.0310868661846614 -0.0113703855307609 0.391348373847091
-0.0316980939526688 0.0482054478953663 0.170021202055964 0.226076851661487
0.0174215284038968 0.00147356263065188 0.153877202768897 0.0339755576326724
-0.0137909124984596 -0.0333656993037047 0.0733992805655466 0.00370699603659473
-0.0310289678008709 -0.00981851528500973 0.0372392941643111 0.0353011131232688
-0.0173875119760883 0.0187999741350851 0.0137866176426127 0.0297792598057092
-0.00384140652310874 0.0426000447813917 -0.00123871526765732 0.0257887365017912
-0.0165219996341545 0.0686142754034763 -0.0299693025947609 0.0791762096647968
-0.0765157245525368 0.0961010536591012 -0.162541065689979 0.130992364961605
-0.179497353646008 -0.0306477290597883 -0.381499763690752 -0.0526159691578184
0.00356616441328975 -0.223887187880088 -0.312000500454416 -0.40836562599778
0.239058770023312 -0.0645622324505227 0.0917791236911138 -0.515033850804184
0.22167678427037 0.174213810836258 0.0395556425021636 -0.102156374229548
0.0967625727586161 0.0761514874371086 -0.0514729639408059 0.0183307432695557
0.00490220323639681 -0.00893013746683473 -0.162356961823426 0.245638754414597
-0.0282552579535193 0.0251495343180802 -0.00698952667408756 0.338520032143991
0.0311973612435203 0.0386713365638497 0.178055777997597 0.222974725352329
0.0469380859882752 -0.0347253845511538 0.182964242740152 0.0204186888345246
-0.00311764883082519 -0.0594192770937733 0.0849856269586829 -0.0196679302894511
-0.0283773520044395 -0.029916124959327 0.0235621433069106 0.0237814240512872
-0.0241533265908479 0.00617974182028701 -0.00295692383840644 0.0374679184659746
-0.0234720107536835 0.0395797879755776 -0.00593959817602346 0.0514441143810353
-0.0527045179295239 0.0554438214681632 -0.0497147158530269 0.123877345792691
-0.111421596457456 0.0339279753770788 -0.22859750530599 0.162223616280528
-0.131779605861751 -0.138524174700827 -0.462508456105165 -0.123338485403959
0.125908387239264 -0.224479897137716 -0.282318000069366 -0.554828246850224
0.285874764316181 0.0190739041210139 0.201215180174728 -0.58252628661149
0.195532104223692 0.198417414943404 0.04728332004237 -0.163970972640708
0.0735630196834688 0.0630929980998729 -0.0141783484265829 -0.023997337974191
0.0135691701721719 0.0151915004728096 -0.11218980060966 0.194603139750325
0.0111795519609887 0.0223087384755886 0.0122299635718282 0.311615768247109
0.0479807162209904 -0.000881853079549886 0.210462995603536 0.212506979821742
0.0417981910872658 -0.0499405243934607 0.215503439571554 -0.00733062868341014
-0.00238654012132717 -0.0581360423913492 0.0929414489821717 -0.0500306166172824
-0.0243574400972728 -0.0343965350140755 0.00864985665193673 0.00800494740451114
-0.0272330239389187 -0.00750543611893484 -0.018799317465879 0.037721972133106
-0.0347257284998779 0.0140159391085316 -0.020884330667017 0.0703333942278571
-0.0567322361121562 0.00794600849339478 -0.0924254915568319 0.149146328212493
-0.0778257059047675 -0.0373324103679676 -0.305415389082106 0.141431082444022
-0.0132236690957291 -0.162061088071917 -0.487254458122923 -0.240206440807665
0.190442473168962 -0.114367667923121 -0.172302035838144 -0.675428947176297
0.215217212985693 0.108733831574838 0.334471041645908 -0.591357128045835
0.109109560181065 0.166156407502828 0.0606441907453317 -0.208514740097649
0.0229828851721462 -0.030209419975287 -0.0280560891436946 0.146254545747044
-0.0184925239474518 -0.0661020962289197 -0.456544713847486 0.43398183139348
-0.0853853203127799 -0.0319685222022797 -0.0360099754859277 0.733232641547241
-0.0802035167280693 0.0612268657098305 0.388142224526784 0.439912805725547
-0.00486040482100036 0.0777171489069984 0.383772968605927 -0.0278701721559188
0.0319032801998095 0.0511802391549698 0.157169757958661 -0.130289692445502
0.0450451834572469 0.0168806836184425 0.0598306199293555 -0.0641000497120516
0.0307330895172351 0.00694055247720098 0.0596602191577136 -0.0438548647884539
0.0291373465298483 0.00860457467332643 0.0236827045198849 -0.0271763874342735
0.0194514377865643 0.0328661937925747 -0.0648689085013386 0.014928806202491
-0.00539041083224455 0.043160135544765 -0.178560220233907 -0.0101945331455955
-0.0155462317728057 0.0324226878569943 -0.192788188968768 -0.166806266335164
-0.0228836425329717 0.00947350583174151 -0.0540777514112993 -0.246072628733959
-0.038135785878792 -0.00532956259096734 0.0575995737305591 -0.16117543057692
-0.034566768694669 -0.0518789789509647 -0.0866217066158424 0.0504232938121988
0.0828003531466933 0.0656655250806495 -0.0832010503938889 0.185286323414314
0.111520474559451 -0.0411031401808179 -0.496379382582877 0.354688156153096
-0.0138779893262917 -0.113934293866102 -0.164824164873468 0.695496766295546
-0.130620913179625 -0.0229879863125199 0.321536750959406 0.460254508994461
-0.0715079474611293 0.0692451353461551 0.341239275749125 0.0195459105496782
-0.012799378053518 0.0719942161103487 0.150563576563455 -0.0872550827891286
0.017486035604364 0.0452808751474784 0.0719729704140077 -0.0386974495404895
0.0151196956087092 0.0241126021682363 0.0681365262402521 -0.0336128122368478
0.0182702949760312 0.00506976363818313 0.0253396953162546 -0.0226075853655211
0.0263519444606744 0.00688351007554617 -0.0634830302759544 0.0213850273682293
0.0244756096725527 0.0324585400523493 -0.18323237493873 0.00558829246090574
0.0107464098215009 0.0590787318169238 -0.21738265180511 -0.145333033676672
-0.0285541111694225 0.0431577875067426 -0.0946657158007331 -0.243216656721781
-0.045687264595398 0.0217160825367454 0.0425303239658096 -0.183082188710714
-0.026752713843948 -0.00175361439646146 -0.0670576552364662 0.0522129429739514
0.128538654565036 0.144397670805115 -0.116920464791017 0.168433309965222
0.194076348267778 -0.0291883190219648 -0.50489095347549 0.358555993170458
0.0374355897661763 -0.162375005022008 -0.154023171712447 0.659359471734353
-0.145960627321332 -0.077157176387254 0.272456551430737 0.413582124674888
-0.105133474629762 0.0515597653995945 0.272895762664936 0.0404385855417021
-0.0457180054400138 0.0671087722941902 0.129432574846331 -0.0408530694346364
-0.014268583992949 0.0551757096172889 0.0741356727308687 -0.00490562161806726
-0.00191850019947891 0.0358617083751882 0.0673830922420971 -0.0202699901087237
0.00961885134000209 0.00713889702306463 0.0196755971526788 -0.0212889969026266
0.0310438551682971 -0.00326747581646122 -0.0592244520914781 0.0169382718311195
0.0410670403382848 0.0377918761053527 -0.171953718048158 0.0160301358357087
0.00678175438742602 0.0775266073018535 -0.231078550287922 -0.121948435607324
-0.0359882816560315 0.0368049236310876 -0.139828189716706 -0.244164661437995
-0.0250487267634851 0.0262992077255126 0.032185299597085 -0.23492440878671
0.00677132384463636 0.0576842724449241 -0.0406587144589854 0.0403062632830403
0.135872802747112 0.15567118804317 -0.140959034316416 0.124740212976671
0.185983064912806 -0.106035935017358 -0.445676587054964 0.406654235553425
-0.0185575134499335 -0.195552619174884 -0.0477665508850098 0.583878613134874
-0.168933556915698 -0.0372529411724822 0.262898818267615 0.302780201474551
-0.0957458350653757 0.0674804414516271 0.202246199641249 0.0133914779229492
-0.0452221052210889 0.0604785129044545 0.0831606348745546 -0.0202215110158063
-0.0190984777257725 0.0507108405921139 0.0543054857687047 0.0190453614797126
0.00453871899757855 0.0348789586954696 0.0405296367233757 -0.00197391894694245
0.0237383815199675 0.0109313519775074 -0.00627142883707634 -0.00684844835713504
0.0460398237940376 0.0136577334493728 -0.0650008595857222 0.0269975759885389
0.0481871985945633 0.0807944228954294 -0.170404018961171 0.0395813159284217
-0.047936890694556 0.126167631911692 -0.269514802657415 -0.0958673362712373
-0.101999850995449 -0.0156417283135356 -0.197556105923666 -0.276140905867789
0.0204997342293046 -0.055308180479919 0.0417382045600715 -0.323621948812805
0.119435209778851 0.0591461049751169 0.0265647183231125 0.0240645708952607
0.187218547078809 0.109459939579298 -0.128728285661542 0.0863942445578852
0.131400665140811 -0.108841265951657 -0.352768049246357 0.371260176442213
-0.0551775074756614 -0.133682146345303 -0.0211882864258334 0.481448854278406
-0.121944775484111 0.0151422010958037 0.198070226373503 0.248097830969263
-0.0422021968224098 0.0452846626911773 0.153422889866824 0.0331216879426893
-0.0321116826324424 0.0171864525337486 0.0697834510494659 0.00820533374621914
-0.0279842724529984 0.0246390163766083 0.0496168393467902 0.0357465331656593
-0.00429165669065938 0.0305747764474493 0.029563976153621 0.0148179736725634
0.0171027520279487 0.0296884277309247 -0.00525783562291378 0.0032582583031145
0.0256864998693919 0.0495211363953916 -0.041427161652997 0.038260773811392
-0.00442174029433255 0.114393450494331 -0.146944705381736 0.0738678763564043
-0.13718558414894 0.0834949470888516 -0.304453949704168 -0.0589319339184774
-0.0903438207929047 -0.131053044360794 -0.262312204793765 -0.313803241930923
0.129865858444311 -0.0922396720667527 0.0466778277275452 -0.416711596480358
0.194785348045697 0.119406287209314 0.0372696292121145 -0.0323955557144925
0.145145242404995 0.0904254486477154 -0.0994151171373045 0.0526165606471661
0.0477220956051098 -0.0650587245026276 -0.250493806788682 0.308314199145365
-0.063066638721641 -0.0365864924997149 -0.0212040653089696 0.391272138508341
-0.03849146098873 0.0522497369056471 0.161304033859127 0.231206130454913
0.0159431879638861 0.00600715989263717 0.151421654681717 0.0414630591842964
-0.0145054126009918 -0.0296232515560983 0.0751125350759994 0.00814369096507511
-0.0295506621065779 -0.00638530378320426 0.0405380905296381 0.0370277564313126
-0.0133953039298873 0.0211313481278342 0.0154499664405546 0.0300969037173547
0.000257013659860591 0.0448683546037207 -0.0018229977028893 0.0245155838654609
-0.0148074353266482 0.0745263509681803 -0.029736253769323 0.0750803063859448
-0.077159385521184 0.103827045423396 -0.163345310794645 0.126962088490061
-0.188983464844051 -0.025399893959008 -0.381753004889538 -0.0568730350496757
-0.0038005268380553 -0.23343430855915 -0.310149420080383 -0.414796640826743
0.24713990794828 -0.0726717025435558 0.0980034256571615 -0.519095065575477
0.232465539086729 0.174940181117288 0.0418351075512412 -0.0990579395256449
0.105079513307235 0.0732866125360212 -0.0556032707283371 0.0128266273122996
0.00808002462504443 -0.0142053957403655 -0.1715788569689 0.239665701212124
-0.0324720409618394 0.0225896189987317 -0.0193201309305303 0.34024325103343
0.0265868149683098 0.0415996977459897 0.169045174789922 0.230119325471697
0.0463419929092325 -0.0323796756686961 0.181352271890022 0.028962969860552
-0.00378877290398561 -0.0574362330055662 0.0877737066081412 -0.0147899323496965
-0.0273940534266189 -0.0276951022286701 0.0278097989778109 0.0262374424587621
-0.0215972918442583 0.00881129038024926 5.014716804834E-05 0.0390299275854163
-0.0200132446807209 0.0428452293404495 -0.00441822076122734 0.0511908109096709
-0.0518719341418673 0.0614700673530687 -0.048236586361987 0.122270315143943
-0.114289077402786 0.0398315732144971 -0.228444270109397 0.160088057221147
-0.14156355875511 -0.137824308350868 -0.463267823461219 -0.125562634434697
0.122360134951138 -0.234276266003778 -0.280925723498256 -0.562224407480865
0.295348658590144 0.0135691457366289 0.210368890782087 -0.589790862535728
0.203560393830253 0.199158001718772 0.047532879662859 -0.162168751567735
0.0793220367300552 0.0606441214981473 -0.0201767323806663 -0.0302433893552891
0.0164590853459012 0.0125693948925666 -0.122243118012482 0.189335671784583
0.00903806559568939 0.0215228089664976 0.000109564531083806 0.31508626929101
0.0451482119908171 0.000662022493523497 0.202808304572322 0.220573827774581
0.04186694436484 -0.0495574143274778 0.214863983190162 0.00145206680048862
-0.00238036098204217 -0.0565536302874609 0.0961131453382939 -0.0452338106568197
-0.0236410230028808 -0.0324757434896594 0.0128907067788438 0.0112272359410208
-0.0257229556363044 -0.00516850162847491 -0.0145912352074789 0.0407978537165037
-0.0331135575243919 0.0170470696475117 -0.018400195002636 0.0714405840239487
-0.0569139537018483 0.0124024253302796 -0.090809041218125 0.149501900387773
-0.0804377624436046 -0.034772354490863 -0.30670164523472 0.142509816296433
-0.019259065115119 -0.164558262978249 -0.489947294151904 -0.242728484837393
0.191173620782151 -0.121184295867643 -0.170805174276456 -0.684635502472076
0.22241345090917 0.108253595980855 0.344556109652119 -0.596664280094564
0.113817242403851 0.166400479051537 0.0599316023553629 -0.206901633243786
0.0226537663202405 -0.0315905922571166 -0.0210547457023488 0.144481130091768
-0.0202250736820712 -0.0666485186733542 -0.468198920094391 0.44704626705696
-0.0870377478675197 -0.0296744500484018 -0.0262411964173048 0.75723229159592
-0.0821868394582602 0.0629502782029377 0.421911801806911 0.417541633047859
-0.00137734156971734 0.0792236973981538 0.390645724938322 -0.0376003143394687
0.0347203542551633 0.0501966062410906 0.156673593150696 -0.138492629939733
0.0458879828863267 0.014862497788515 0.057586991240781 -0.0687765715133851
0.0299191256511042 0.00584592330203784 0.0559812014398543 -0.0506969379928345
0.028099651620545 0.00678003642946826 0.0179841321998744 -0.0334351544017744
0.0202364618409872 0.0322835707116587 -0.0708189242174171 0.0100313797096838
-0.00381731707332475 0.0432633649211883 -0.186085586111223 -0.0145639751156862
-0.0131384291158997 0.0334325372372536 -0.196695416954502 -0.17703667660109
-0.0225407504959897 0.0126181254176828 -0.0489192512726773 -0.257183844898208
-0.0402211832121137 -0.00219078916483393 0.0699226089622135 -0.164132817410063
-0.039257092482861 -0.0525988711476176 -0.0768454636626639 0.0598383998575197
0.089763085489001 0.0651278246685475 -0.0762456119808591 0.186567697924433
0.11722148807716 -0.0455495359736839 -0.510827226446621 0.364205815454307
-0.0180835614921149 -0.119420922924033 -0.161928525092558 0.720451475814077
-0.137771482051705 -0.0195091797277977 0.338536432355449 0.469266938370186
-0.0725120604352404 0.0750849163360243 0.346919956884934 0.0104426076829626
-0.010410063435293 0.0759372921508976 0.151225849810866 -0.0946981657143623
0.0197189740820555 0.0466694629240171 0.0720775590742794 -0.043159942396219
0.0166541834947986 0.0249856910725726 0.0652671166784389 -0.0404562747022207
0.0183636664537525 0.00475435041522997 0.0197524863567302 -0.028447151396817
0.0268295206001224 0.00633826427581926 -0.0696255004543438 0.016674860009283
0.0267677720327098 0.0336147864270067 -0.191325700535127 0.00199594087412396
0.0130270070875299 0.0617090298822837 -0.222218592119548 -0.154683809567799
-0.029077688445745 0.0442073271004029 -0.0917271777429992 -0.254153283561999
-0.0462116167280337 0.0230589292889446 0.0520334945982491 -0.188611521331659
-0.025697505665931 -0.00159335644673323 -0.051235496089241 0.0541216735429381
0.141824211866471 0.146849189910295 -0.110881396931221 0.169704553470644
0.204402991080654 -0.0377458643248493 -0.51665178696194 0.368729374110271
0.0339718481883248 -0.17486448725769 -0.15075843252569 0.682199751881381
-0.159264513723088 -0.0743005089557689 0.284429382410434 0.41993826663613
-0.108786567783657 0.0601925785375212 0.277737422887409 0.0355398321557306
-0.0448720941651261 0.0739442713019988 0.130898518005503 -0.0449104471842513
-0.0115418691227447 0.0592086323155794 0.076020476393325 -0.00850672751156138
0.00147789055769412 0.0383940887301472 0.0657472209490056 -0.0264144356435583
0.0118033989869516 0.00743210391666564 0.0134687584212687 -0.0266796940304211
0.0320694204450389 -0.00292062745095449 -0.0657528868056483 0.0123427925631672
0.0441842657102081 0.039686589594304 -0.17979290821536 0.0117805566570267
0.00874558747040426 0.0831858359118598 -0.23693094081532 -0.130611553035375
-0.0398632724979943 0.0383620514842144 -0.139481209870987 -0.254934436081876
-0.0233488356477945 0.0245398918977404 0.0399915760058034 -0.242973466872234
0.0140278330333677 0.0581843297194693 -0.0309606973544005 0.0466214249798529
0.152187986199306 0.160198473656531 -0.137760462135654 0.126213530628574
0.194835775031108 -0.119431613059408 -0.454789573683646 0.41693919618459
-0.0270559784964461 -0.208490404326967 -0.0424047116224175 0.596963808588279
-0.18273322941155 -0.0319260724548725 0.26862907937969 0.305606382393313
-0.0986353485776402 0.0775549783602537 0.203150914439426 0.0111688992397202
-0.0441335038101443 0.0679836336887741 0.0841648744073493 -0.0202826157373722
-0.0156582950443365 0.0553461334255672 0.0577119291042102 0.0174543157680595
0.00902227948652639 0.0370858016356901 0.0394483562891193 -0.00592343622317768
0.0276001104501325 0.0113483951295735 -0.0108504578923609 -0.0102936476348696
0.0484912875825017 0.0149836000737538 -0.0694496479902031 0.0226780879441728
0.0531150105548575 0.0861331493637759 -0.176760593832582 0.0370332880646444
-0.0486681572884387 0.13770904665303 -0.27501282659511 -0.102472088135124
-0.112105294348174 -0.0146676973187764 -0.200367827436837 -0.285130590578897
0.0214259347284906 -0.0631431281550923 0.0447349261217465 -0.332416483549864
0.13232992729987 0.055838671158679 0.0354616147035677 0.0278085759937884
0.204710876525994 0.10677238557724 -0.128417513538897 0.085619478934123
0.138341477052203 -0.122893629160429 -0.359594905857203 0.380962089897828
-0.0651036502728304 -0.14321412653097 -0.0217089135639302 0.49186581984839
-0.132599373183711 0.0228340698265152 0.198947890130601 0.252275211316586
-0.0435020936792127 0.0538144281890398 0.152876777470596 0.035659045678964
-0.0323822194929767 0.0228752401627507 0.0719628446704874 0.0110011446653173
-0.0256807390746875 0.0294455015159153 0.0538575325481663 0.0350451247297106
0.000807320045192287 0.0334691731939661 0.0307828893736235 0.0129518636369154
0.0222547920497386 0.0311821431591986 -0.00774987094070501 0.00112872137394697
0.0297100471010163 0.0543579308391369 -0.0439319567052446 0.0334714894178382
-0.000613541670081018 0.123381306571165 -0.150528106741341 0.071959785813673
-0.143700688663191 0.0971127891041695 -0.309948213144323 -0.0618761489863536
-0.104855111766572 -0.135872215195579 -0.269388485144907 -0.320630860851688
0.135311032590066 -0.105076414967723 0.0457718291318274 -0.428295290173723
0.212583716995894 0.116044131422041 0.0421904213287192 -0.0305932207236141
0.160360089287463 0.0866628420031836 -0.101452596504082 0.0507126757787616
0.0522670533980531 -0.0755458863530582 -0.25755839883142 0.312571295763861
-0.070818878151835 -0.0413151562297057 -0.0248247286618674 0.399147657084307
-0.0440419751810353 0.0589105599973099 0.159268283070625 0.237605838321652
0.0155837202146859 0.0105413737333887 0.152130101588151 0.0465370070297715
-0.015302353335407 -0.0263522954326262 0.0784851996826564 0.0121694132151194
-0.0281119524918314 -0.00253122563515115 0.046210122213829 0.0376629916318411
-0.00905534344553964 0.0242580406101834 0.0184040204287657 0.0301192865036568
0.00593460995442819 0.0485163519667239 -0.00192957906306087 0.0229869992319531
-0.0111061519405394 0.0829157570976707 -0.0287462039749803 0.0725908605695022
-0.0767098923620134 0.114908110371005 -0.163604666684042 0.128707647084416
-0.203170718566298 -0.0151278804232269 -0.389620922018433 -0.0538654907042434
-0.0178081564717347 -0.246394533997742 -0.32160457734677 -0.422181320336795
0.257672254211104 -0.0880141111629543 0.0949040585029285 -0.537774494116687
0.251374686274698 0.173450398998981 0.0429711618956605 -0.0991262371724911
0.117247168890387 0.0696926278716624 -0.0608061841541571 0.00900239018968034
0.0115059429426259 -0.0202646692969957 -0.179687405774129 0.24138082483363
-0.0366629472400537 0.0209561510801216 -0.024428463056118 0.34954174724107
0.0238362998811334 0.0458532970989588 0.168545263130481 0.239355916452149
0.0459127584939145 -0.0320177790095357 0.184267869332654 0.033993715475507
-0.00507998646172978 -0.0563311551192239 0.0924341418763816 -0.0116960108439715
-0.0270270164003575 -0.024500969533613 0.0328734550007254 0.0282506609263615
-0.018796120299467 0.0118943719561371 0.00477282955564372 0.0407927308400062
-0.0159933578041844 0.0470269760583663 -0.00248309431186038 0.0511231183687555
-0.0503287890236253 0.0706042284107423 -0.0449870592608172 0.123257032642584
-0.117982817195346 0.049092270221374 -0.230647436982864 0.16719888718533
-0.157363419028142 -0.134801449328812 -0.476553400025594 -0.12062635934027
0.114725264547708 -0.251632287488662 -0.297743508779941 -0.574169618723595
0.30993632779231 0.0012342812197289 0.208661584086264 -0.609556509290435
0.220092610571813 0.199466124093175 0.0451706372133294 -0.163896640253252
0.0874808736017277 0.0568365154737707 -0.0280090225094499 -0.0356418308886342
0.019762476618433 0.00914393495753718 -0.131448950103719 0.190062077955514
0.00748715375092215 0.0209404472162044 -0.00610432035298373 0.325762352276347
0.0434920265519962 0.00203695411361226 0.204447599775056 0.23008769636568
0.0412403756755191 -0.0509057191719607 0.220086197565962 0.00573158010438206
-0.00362407365676518 -0.0561372199631671 0.100360355089478 -0.0429129140189582
-0.0244477344546089 -0.0301675936010015 0.0182898609313503 0.0145707850362229
-0.024990302855311 -0.00296630709624306 -0.00934213203047688 0.0437482544929157
-0.0307100572166249 0.0205351896252981 -0.0145509805325229 0.0736566796511153
-0.0582490542543833 0.0186252016286905 -0.0873724253895477 0.154100606123809
-0.0855454045909071 -0.0307445879213904 -0.311167515730413 0.151521265742407
-0.0293210115410808 -0.168981238394977 -0.5076959294505 -0.24024700192391
0.192306714183377 -0.134251463936695 -0.189104181010157 -0.702272762456749
0.235885904338546 0.10402092625515 0.3487014368724 -0.619941467391422
0.123028881239343 0.166505334571547 0.0563066907386924 -0.209762437023929
0.0210551001141095 -0.0331664833774419 -0.00952176245760082 0.141624056890184
-0.0244877257687666 -0.066436843073804 -0.462117001938024 0.474297164350786
-0.0896455989149799 -0.0252039039376846 0.00498707983589063 0.783103163444126
-0.081009756317785 0.0693040551884115 0.460065067022728 0.40048440553112
0.00458510679852073 0.0796822488749094 0.395247071353251 -0.0592506263575541
0.0391427314625466 0.0481687665662487 0.150991581103458 -0.151841912440688
0.0461429165156434 0.0112926011994198 0.0530752643846242 -0.07495359801881
0.0295363986386466 0.00375495572468771 0.0493273390144669 -0.0578758626348098
0.0269824606316067 0.00458202017514649 0.00973280415262028 -0.0404189621294578
0.0225747491137475 0.0303978801379207 -0.0774248317267951 0.00757508272527319
-0.000839555822803618 0.0435188724776741 -0.193907412838454 -0.0125335924266128
-0.00980173577565908 0.0345610688566503 -0.206830658310483 -0.181678068799605
-0.0218469611593367 0.0157341131708437 -0.0516287212446 -0.266848461866194
-0.0419527861306449 0.00239591490591314 0.0773251517703977 -0.170521897417171
-0.0458116507968298 -0.0511356520411695 -0.0635582840096048 0.0707793131501211
0.099066305516957 0.0618911953258986 -0.0633458766852007 0.188128950916397
0.121579764293815 -0.0537842585939537 -0.511530365819114 0.390165743461825
-0.023492926727521 -0.124676779850138 -0.138270984568807 0.750217384350445
-0.145357006489544 -0.0114252161332181 0.368422789396421 0.464320175490138
-0.069677646886485 0.0829705332522475 0.351549598946766 -0.00890466994783735
-0.0053316549947929 0.0789945323577663 0.14703976098997 -0.105285491480272
0.0237203210902631 0.047252186256498 0.0705874298342375 -0.05069087346811
0.0192324988732404 0.0247512583901087 0.0597296576949693 -0.0485425393251618
0.0187043910681775 0.00315136512407591 0.0115764964469093 -0.034988228100292
0.0274620864745032 0.00510150970217328 -0.0761741077294221 0.0145370148674352
0.0301674820963627 0.0322441390642953 -0.199382706354421 0.00405309967531998
0.0177007150815499 0.0640468774663861 -0.232858130925146 -0.157732581734036
-0.0281105088156203 0.0476270773340535 -0.0971649087475122 -0.26260273972691
-0.0465381064046263 0.0256156524178548 0.0564220649332681 -0.196936744822594
-0.0245703600032564 -0.00059589120904206 -0.0335590420227523 0.0586366395427021
0.159983260195041 0.142835253794558 -0.0995209740948427 0.172710935663638
0.213613592569829 -0.0543767700003107 -0.517623036450651 0.39297201996551
0.0240720003750469 -0.187267777859683 -0.126333818255732 0.705523286656411
-0.173201407424052 -0.0664642799585424 0.307828826129423 0.417111554261882
-0.109199609269053 0.0722206795282563 0.282890276264863 0.0223994819589507
-0.0409038407642386 0.0818618367889943 0.130540704671907 -0.0524561131268226
-0.0065217247669899 0.0633702564206139 0.077862849536779 -0.0145902566588122
0.00623070414541203 0.0393407699264788 0.0624648250953378 -0.0340919234592716
0.0137831213371074 0.00744066071132585 0.00589089487443066 -0.0316486346486159
0.033391930932499 -0.00464973881102654 -0.0727969618635358 0.00955815178166192
0.0486492889449129 0.0396092872814875 -0.188412936694904 0.0139770654532229
0.0125164251884934 0.088916137085365 -0.247294332615486 -0.132574843607223
-0.0433905543553735 0.0411811442313746 -0.146306513484461 -0.260957748846078
-0.0204818760160195 0.0235469290351537 0.0399798270925232 -0.252782380466548
0.0230394381651005 0.0568765968023118 -0.0189799477573983 0.0532733236326076
0.174006098036843 0.159313795870446 -0.131591745194149 0.12974000250216
0.198196267609068 -0.140161392429512 -0.451885646967331 0.441062156504459
-0.0428197880021489 -0.219275884549907 -0.0217087508452564 0.611513655385155
-0.196276983248687 -0.0191571554782466 0.282995313581082 0.298033294572588
-0.0971826691413699 0.0909781864523101 0.202811914377646 0.00388271543019286
-0.0398348056654914 0.0761938333117349 0.0838850947648832 -0.0226913211397989
-0.0102540713940987 0.0607489002749138 0.0605645870910005 0.0138267644957364
0.0153498536538733 0.0387322447156231 0.0377624813890874 -0.0114604696983049
0.0314071379326445 0.0100422968252922 -0.0171044611713142 -0.0127803649085186
0.0521480086066631 0.0148067122721116 -0.0753891603052864 0.0208567861470366
0.0608356386237529 0.088154851625946 -0.181705219246676 0.0398531354507931
-0.0437704887205398 0.150255544769708 -0.285989294968171 -0.100264643652605
-0.122241395520636 -0.00925604797241758 -0.211603428663357 -0.288262887323666
0.0203934418846103 -0.0713383224300174 0.0386025763384901 -0.343283850412208
0.146052580349705 0.0475391615505773 0.0452174622375389 0.0297201733756182
0.225135002934884 0.0960494225561955 -0.125250816291588 0.087708061325512
0.140651409741253 -0.142329984023198 -0.35665641517844 0.397187037719359
-0.079787474927393 -0.150418050238215 -0.0058258369265337 0.499943127619246
-0.141400259941081 0.035620113877935 0.206714468165085 0.249581122426962
-0.042259481647925 0.0638867805293801 0.153589982922443 0.0337405543809655
-0.0310008162880057 0.0292910487221513 0.0748115017987781 0.0113897762855253
-0.0212331264981716 0.0347342779940164 0.0596466543845408 0.0327297944642996
0.00733475067388294 0.0353617529203485 0.0315343055948694 0.00951878493839729
0.028709172954527 0.0310213487771671 -0.0110093848207912 -0.001442353159546
0.0364529804979329 0.0582266442440468 -0.0469363480475759 0.0306556676756622
0.00791632298204308 0.131746026352086 -0.151691836791051 0.0739445617574024
-0.145911479445943 0.116104553778618 -0.317807811847035 -0.0549220471277859
-0.124340476116203 -0.136244883195859 -0.283949684819908 -0.319903631843994
0.135732282920445 -0.122637453906147 0.0324535800058743 -0.440631514265797
0.233420764295114 0.10475856150455 0.046390822969495 -0.02961603937436
0.177109979373632 0.0765036417801991 -0.102750491930319 0.0510554626965119
0.0526364214096277 -0.0888126839762288 -0.255565188946406 0.324162601914556
-0.0804180201610821 -0.0422453500461134 -0.0163438631927051 0.407738753556567
-0.0472143955976968 0.0685643402251861 0.164771381728191 0.240009573425442
0.016216206488054 0.0142115845956227 0.155050977076363 0.0468977352910642
-0.0170133465724136 -0.0228408525861145 0.0829528529911969 0.0129950299909121
-0.0261009205358766 0.00193390284512075 0.0521395054238642 0.0366695250283954
-0.00406212105348811 0.0269767933438389 0.0218487493878511 0.0288883842377382
0.0130607453646753 0.0501789297734151 -0.00180965594927007 0.0217629823006352
-0.00396793211213912 0.0914045995826749 -0.0268657575908629 0.0700227732477913
-0.0723108866742816 0.128618186396436 -0.161216862255117 0.134720209760508
-0.215935441871969 0.00333837611486053 -0.396886180087414 -0.0401300901515873
-0.0407380204461938 -0.256936551049975 -0.345986272449496 -0.419388009801977
0.264264496880399 -0.112411987946109 0.0760745150089555 -0.556473736045695
0.275450470882274 0.16184645493099 0.041360181122466 -0.0995367465361892
0.12948351648054 0.060443478610277 -0.0663322773238108 0.00619282706467066
0.0127383628067188 -0.0283314356258836 -0.181471634555365 0.248555029861231
-0.0406520231518682 0.02084627570872 -0.01942318264959 0.359276939820637
0.0237109918585243 0.0498267766735305 0.175294897972923 0.243439894600178
0.0449487927671763 -0.0324351466418049 0.189565335495152 0.0339755045921963
-0.0079486426766718 -0.0551230058354712 0.0969881602447217 -0.0114718886796248
-0.0268763732822126 -0.020973765698642 0.0397368984749175 0.0286485174518883
-0.0150400194902927 0.0150781478786323 0.00971868787388366 0.0416866068858887
-0.00903801235528053 0.0508878383881859 0.00144538904215897 0.050560002190778
-0.0460903622512591 0.0810311347725029 -0.0383981482014141 0.124844430262196
-0.119663205189947 0.062753289592759 -0.225680501021658 0.179534267740221
-0.176644810887632 -0.12557955143653 -0.490885917136323 -0.102362668928075
0.0988589680149659 -0.270661320219948 -0.331873148979553 -0.575642340147716
0.323182972049058 -0.0206313007781969 0.188745134150965 -0.63649453080039
0.242623310199185 0.191264632737166 0.0380654015168766 -0.165701907234457
0.0957928951103021 0.0494231101382483 -0.0380049953472664 -0.0400770967722459
0.0225544914005179 0.00423286358940383 -0.135399983108538 0.194387081649986
0.00584720524762423 0.0193769349808556 -0.00233547873876728 0.336330268230141
0.0421905881571615 0.00255731994050066 0.212805626712144 0.234526663222238
0.038944849337129 -0.0528293240081852 0.225184888052787 0.00320025981897053
-0.00626687177705469 -0.0549161221079981 0.104231009476581 -0.0445852865854133
-0.0253484045555381 -0.0266759639365601 0.0245791735177384 0.0159069751809255
-0.0238648925458462 0.000145565782367366 -0.00273662363277851 0.0454403955984093
-0.0279358313283171 0.0252787625895199 -0.00849006718898405 0.0747333048408263
-0.0580560654815225 0.026666336344238 -0.0790183635611038 0.160939205376878
-0.091399567377645 -0.0240986394676787 -0.308442057811822 0.171695476803645
-0.0449225495463483 -0.170322880459528 -0.529950846461925 -0.222918770546746
0.187162353055004 -0.152234958265704 -0.228039584467601 -0.712399405978929
0.251832082762509 0.0918309401179529 0.333713693978907 -0.651701839650474
0.137140328860645 0.163082294944036 0.045689495889226 -0.213359841566236
0.0346977624969691 -0.0220464470512579 -0.0653284736517502 0.119755612113267
0.0162514395682857 -0.0717227333236922 -0.633208632589404 0.222032836526007
-0.0618011462982098 -0.0696725038070123 -0.343657412084492 0.713152460613734
-0.100461066319617 0.0222433829848523 0.246835804371438 0.567145237730114
-0.0325202700803108 0.0687396620970121 0.385526225249992 0.115659241830913
0.0151306277431164 0.0580802080910545 0.202351266778617 -0.074326810593224
0.0371352422579188 0.0276344288563671 0.0788171628541485 -0.0471028603800074
0.0238015839684845 0.0148716305780283 0.0654788391443913 -0.0363599307228203
0.0204574790560996 0.0137933764945092 0.0213942229102564 -0.038494902223675
0.00709257540612001 0.03610371855457 -0.0752022653239758 -0.0333641042253548
-0.0191815260900258 0.0394417347940184 -0.169944235678295 -0.100839238910427
-0.0253043618690759 0.0258932450529676 -0.100865673558548 -0.261204941156487
-0.0267336091635054 0.00422086901639018 0.0851136918808199 -0.265080866213572
-0.0392965084643667 -0.0158311255289531 0.160397064123881 -0.114633289223745
-0.0225862565231014 -0.066061472224678 -0.0805237906774142 0.044010713840057
0.0673423937610598 0.102489846285166 -0.130664178723152 0.136368997164638
0.147873080182918 0.00297883598024541 -0.639884917809377 0.121367469434715
0.0453001018087017 -0.133449417072632 -0.460028317328927 0.618927945127403
-0.12589691796124 -0.0808989317251135 0.133587057994594 0.580076922430122
-0.102038379986972 0.0421434238779276 0.32108139921765 0.143712807576955
-0.0392872370709571 0.0704276516260778 0.179902070517511 -0.0330358954152032
0.00248656218398469 0.053161000284134 0.0844616983634901 -0.017740694403354
0.00718509384420273 0.0303684250519165 0.0708964696219371 -0.0244884524754507
0.0148684446495048 0.0103163786863378 0.0201352557913368 -0.032629571099705
0.0227581285589755 0.0158808247360473 -0.0781450550140455 -0.0267728878750134
0.0139607476540522 0.0431718843611359 -0.183018062537558 -0.0870417557039991
-0.0152567420640048 0.0659807903263998 -0.135439284883371 -0.250664149810041
-0.0483009892384889 0.0285086055964978 0.0392971398109604 -0.284356648848986
-0.0504994985176481 0.00101639167013643 0.153812041165338 -0.148552620207101
-0.0203299218365245 -0.0111094331652657 -0.0490340234005667 0.0463021135297889
0.0914468467947104 0.202256188574474 -0.156085761448919 0.106168080604462
0.235911965338863 0.0400970465741572 -0.651666343549117 0.120064564817627
0.112761623655875 -0.174823883567467 -0.43477105333819 0.582734321507079
-0.132593669830891 -0.140684652421397 0.0946086683791542 0.516592906089021
-0.133915369590603 0.0175436669547218 0.245896766068241 0.147488119696121
-0.0729751084615524 0.0590661708731502 0.141894088108025 0.0100817572106861
-0.0315211865278946 0.057465384928166 0.0772310733810145 0.0192278522696368
-0.00934186848916317 0.0402457861683026 0.0678346121962487 -0.00988749166343621
0.0101665604326055 0.0125250401499779 0.0137481825850382 -0.0323886254429078
0.0317959871754955 0.0119227178965041 -0.0725663642096925 -0.0294987970686615
0.0270603200511578 0.0602433610025845 -0.17648238207106 -0.0747966840189472
-0.0335157440600678 0.0877846584084816 -0.160967495897661 -0.235081362391057
-0.0617977115696294 0.0144418979493412 -0.00572887256377855 -0.306158251318275
-0.0241467401169063 0.00634354672019691 0.161548328437874 -0.210301175514631
0.002496606157055 0.0612618262186767 -0.0347305688634293 0.0471486425074169
0.0996058141112692 0.228823997557967 -0.165825483877593 0.0512991843095095
0.258582762737778 -0.0477432904101024 -0.612285138593369 0.193539035402514
0.0616033721984882 -0.234855645682733 -0.297354825958518 0.543185673231375
-0.175318472906528 -0.10580823311406 0.121038440101183 0.396044024288247
-0.131040900179893 0.042359087974912 0.179761955701105 0.0971565482919043
-0.069660016346406 0.0560293468423621 0.0859367962449065 0.0186759490114424
-0.0326661041679751 0.0547384643548567 0.0503803991363618 0.0383089996291362
0.000411205558467544 0.0444666622084749 0.0375243786849201 0.00252187745152019
0.0270642136055105 0.0237290375106334 -0.0141086569194665 -0.0233972002115462
0.0428117726594648 0.0380034650006239 -0.0790114617663684 -0.0199515526699636
0.0183082269058521 0.110912757127566 -0.182229347849518 -0.0470676175286649
-0.110344848878349 0.122189923130495 -0.211683827500334 -0.220490140632831
-0.114554824989821 -0.0677066644151822 -0.0546128847876546 -0.360287759884217
0.053671666037859 -0.0655066133827429 0.201716983970174 -0.290571177078362
0.12056104231466 0.105241098265189 0.0304259188613627 0.0561658960093588
0.174663243414131 0.187372158081267 -0.145970030291258 0.0130466125513597
0.205557772331479 -0.0779176378448582 -0.506638186753267 0.196537909230203
-0.00530269708682552 -0.185751800158555 -0.233185054594738 0.447430780929246
-0.149380157046854 -0.0304859849104912 0.0715721624839853 0.318906207251865
-0.0682980460171967 0.0419784976147621 0.121564341316991 0.102576771780551
-0.0417830582307618 0.0173504917140815 0.0625832291983011 0.0470433785303932
-0.0318821269866573 0.0265167352557248 0.0409079079674231 0.0558059600446523
-0.00477624527668459 0.0384571238548724 0.024899870591139 0.0200701712068603
0.0165086453808905 0.0427134099580439 -0.0116717662040939 -0.00998877729999666
0.0106479632361271 0.0733958575866843 -0.0559672525005505 0.0012498888353679
-0.049612848582169 0.13023679338571 -0.16980673996339 -0.00268854855769785
-0.191727182331542 0.0497101041255018 -0.261943746077359 -0.194901736767484
-0.063276701952119 -0.186929637908435 -0.105965123229675 -0.42099116516706
0.182360057807881 -0.0655089543978574 0.238423822698498 -0.380831461801599
0.176662690856227 0.19415605280561 0.0554807414595276 0.00198164526766638
0.138370116822323 0.147336333290477 -0.112435685874947 -0.00940791764733146
0.098828552158536 -0.0659115627376572 -0.38081467684525 0.173263353109417
-0.0540702484660316 -0.0839591052049081 -0.202024390150007 0.35743765754083
-0.0768530578773023 0.0410844225016445 0.0370734976720637 0.29192469153381
0.00534779569277996 0.0218663421329875 0.114595367510908 0.113931983495287
-0.0064687614701973 -0.0259400963103293 0.0687098510418704 0.0538935724199675
-0.0229056556936185 -0.00495013718810665 0.03311287058001 0.0566443013355208
-0.012044867480976 0.0259073291548974 0.00903661601882019 0.0352320100554985
-0.00577028216208049 0.0549800319021304 -0.0109930186968733 0.015974591554756
-0.0398925022908235 0.0882690542735604 -0.053466579136189 0.0461631695048974
-0.122868759842273 0.0944107728635104 -0.20324284886563 0.0472774640676608
-0.210210186711459 -0.0817022591811302 -0.339255861626373 -0.217533179025808
0.0664524889055563 -0.263069136465978 -0.115930159598498 -0.53627581090574
0.295709179758935 -0.00165060336729608 0.32821466451432 -0.460500515758067
0.190035217848182 0.26536865903561 0.0799494499541291 -0.0642968919985581
0.099191956604453 0.111274781421607 -0.0634565191067463 -0.0339239042022247
0.0327678221895279 -0.026970167291966 -0.279787798599678 0.135883671997405
-0.0454625701341738 -0.00515653934406243 -0.184478586308356 0.312352672177699
-0.00345817626272486 0.0547685538873766 0.0445996450454153 0.300704834175813
0.0522549157862569 -0.00987401621105912 0.15120015384198 0.117201340855253
0.0158518127207497 -0.0520629772240505 0.0914995821417183 0.0376490911003367
-0.0136207336645264 -0.0266652036336254 0.0258443130183275 0.0460570649379884
-0.018225082404851 0.0105051154775011 -0.00564512189300994 0.0430915657498152
-0.0266461874989618 0.0465472079496306 -0.0185953028880569 0.0445580276337526
-0.0748408389627486 0.0621109266411548 -0.0850739121004673 0.0923695963887665
-0.14000069847321 0.0128192884220788 -0.280170125406506 0.0618400247446435
-0.121949796390062 -0.184103977666855 -0.394099424655021 -0.313752445937003
0.200879826642633 -0.216727999459814 -0.0332297310874825 -0.667983371448439
0.31208151061645 0.106802185868382 0.461992784437326 -0.483675692207151
0.145066340777837 0.277288901011774 0.106332394705483 -0.126683786670778
0.070162358380428 0.0850766788730681 -0.0206456543856161 -0.0632246317053964
0.0246149661455658 0.00897914065200954 -0.216271331702038 0.106823489557923
-0.00156858580241168 0.0158226773428264 -0.161062346129306 0.300990006830251
0.0336601137352537 0.0179856458307037 0.0813806056575499 0.310134487877374
0.0561271989061279 -0.0328720085060179 0.197129577291559 0.10559951650315
0.0183393933079362 -0.0520828631961672 0.113175333853521 0.0120883513887859
-0.0101804719650306 -0.032649267678888 0.0173743282267841 0.0294279348171246
-0.0203042874888854 -0.00745415815801873 -0.0186107070214468 0.0424285033383641
-0.0343306370809959 0.0147222934488582 -0.0369844713592468 0.063894517420319
-0.0639053626698635 0.00538355040161296 -0.136360645620036 0.110177364016897
-0.077400004374174 -0.0568293803446544 -0.349550121315702 0.0197613062987923
0.017136072278819 -0.173053607368333 -0.376135225633606 -0.436431716915874
0.233583964030822 -0.0686750507414345 0.118889852948789 -0.743451642494423
0.198774228081473 0.180906316475122 0.599693809918381 -0.434940186218334
0.0570548089400962 0.206368223445054 0.135227523001252 -0.167695031028932
0.0321547066152736 -0.0233455781548973 -0.0512084465281113 0.115531100967113
0.0105485444623767 -0.0705504577608149 -0.611955978809565 0.243365765937578
-0.0644558061338309 -0.0642925071877286 -0.298914086100387 0.719147197640499
-0.0947625583091896 0.0307651711752575 0.27376164989618 0.544300061021267
-0.0257892933435607 0.0683940598384677 0.383050729874006 0.0900914493631708
0.0188322554243784 0.0540151358817505 0.192465993560173 -0.0876230312215232
0.0374523080553599 0.0229428497286712 0.0725436870108606 -0.0530535911214249
0.0228160549536584 0.0122106146161896 0.0580669250489433 -0.043586331331943
0.0187204504200764 0.0103426351264082 0.0133370408703636 -0.044894832426628
0.00899436498708799 0.0340138532422042 -0.0795522308792148 -0.0354655964793028
-0.0155181056042498 0.0388952856528066 -0.172836282561502 -0.0965237302964489
-0.0215327037975542 0.026706315576674 -0.108392170740489 -0.258384696479298
-0.0263729053705214 0.00743853822784112 0.0803551558155269 -0.266430347508426
-0.0411479189446679 -0.011054878858148 0.163861835160435 -0.116759520308858
-0.0292801560956905 -0.0637171361371059 -0.0667510478738795 0.0561414258023678
0.0740311856446652 0.0991582819169217 -0.113527305774587 0.135695409799335
0.148383835584743 -0.00658014376012462 -0.622534643736572 0.148691937704464
0.0372458484085663 -0.137271305506383 -0.424346658704371 0.636308337646032
-0.131397932170691 -0.0719215060543867 0.166977822231986 0.550355576234288
-0.0981398153499145 0.0490987139842868 0.31929564536918 0.118409007163552
-0.0331316310630603 0.0719775514238194 0.173782087852243 -0.0441970573757107
0.00544190386918594 0.0516785291345666 0.080681518344476 -0.0241465902183315
0.0100192736480234 0.0300271379929003 0.0645091560793768 -0.0327286428642887
0.0150785090659388 0.00842745120568562 0.0124216315572891 -0.0394031881595335
0.0226793745287638 0.0139742056929189 -0.0824600191653139 -0.0291508553429001
0.0160370689649596 0.0419327322817511 -0.185448932563276 -0.0820331068317902
-0.010734526706669 0.0669780085614612 -0.14283703371545 -0.246930024576286
-0.0479121019151532 0.0306733888327783 0.0335448397038474 -0.283690308365022
-0.0483525527037582 0.00434831019316862 0.154987714827319 -0.148054629105649
-0.0194547771361712 -0.010122526199955 -0.0383223057990735 0.0565979508914171
0.108181981930362 0.195859170141485 -0.139266716046155 0.107278677248496
0.239674542679724 0.0223973313972348 -0.636118040141446 0.140672400349184
0.100410215227799 -0.184967009707712 -0.3985335615403 0.594435838747142
-0.144456493541382 -0.129700680800333 0.119193418410998 0.501019310785859
-0.131870025286927 0.0298695884326037 0.245432347243624 0.130396171566912
-0.067328047531825 0.0659331538975171 0.137918014274488 0.000982715269607001
-0.0255148701947251 0.0606382388777758 0.0764305667936607 0.0124031059488092
-0.00386346658629201 0.0415351480645259 0.0629569513674523 -0.0179564735988556
0.012708982614239 0.012074389840262 0.00610103903697052 -0.0379306999606219
0.031983129043416 0.0103205302497325 -0.0773184435414909 -0.0326456778303894
0.0306654425821466 0.0585382211987997 -0.178609208782474 -0.0703388650190013
-0.0288931550038533 0.0914888340395288 -0.167665308953235 -0.230151257454038
-0.0634522172249307 0.0163202074525672 -0.0124181993296073 -0.303884897409937
-0.0207599701372445 0.00451200963686752 0.157839656942417 -0.214426182227716
0.0110550665865286 0.0589143794746846 -0.0229216463340135 0.0556289890246121
0.119739248292947 0.220894004803418 -0.153563440552249 0.0534497681163876
0.258489968799301 -0.068300192618851 -0.592270231044565 0.214153421018568
0.044221773917978 -0.242233063778128 -0.265957958824231 0.545216453469243
-0.184853847738118 -0.091182626283148 0.135586926553089 0.379688318480626
-0.127787460016869 0.0546331909640973 0.176065484627505 0.0852724946627372
-0.0645597312789674 0.063057591070439 0.0835486333205626 0.0156877345482324
-0.0264776476664318 0.0585689436527374 0.0523334477831517 0.0335816642512208
0.00648809071931499 0.0445635462147059 0.034967099254911 -0.00319948170010704
0.0301843320367074 0.0215472537426692 -0.0194969824183026 -0.0262412551156846
0.0455637889695772 0.0369638698757326 -0.0821228252998857 -0.0215051909969591
0.0252960381839669 0.111201786833137 -0.181775683271857 -0.0420819290392681
-0.103362386472879 0.132850779012458 -0.217052940439096 -0.211373139807605
-0.123061693028874 -0.0613439746050343 -0.0640950777423027 -0.353371508508611
0.0515529239041768 -0.072217410554722 0.189098739993253 -0.294149364412258
0.132234708442203 0.0947040908188718 0.0391389624439722 0.0589233610262385
0.191698226714381 0.172988097008045 -0.13878130449782 0.0151488715443244
0.203650703964975 -0.0963195822322118 -0.489351923225479 0.211640014364603
-0.0203488299403854 -0.190027869307901 -0.210546642444585 0.446227070133525
-0.154903105320055 -0.0174219153572133 0.0801034781920814 0.307530785226056
-0.0665909885758401 0.0508931163493862 0.11877809679155 0.0971989755019232
-0.0400504708806544 0.0231377284566984 0.0632596877395228 0.0472075030853725
-0.0269058943749506 0.0313314867125592 0.0454936683684292 0.0523802793385045
0.00135258151483059 0.0400810308762655 0.0243896398194466 0.0155619628617439
0.0214527201292396 0.0417580102988007 -0.0147149053033506 -0.012502326421412
0.0165807611825761 0.0753467871882142 -0.0568303211193978 -0.0024132599601202
-0.0400688846946606 0.136242600159739 -0.16624225012742 0.000845366405785431
-0.190725200761227 0.0677133305532752 -0.264937762918817 -0.181895296639029
-0.0816787786866074 -0.183873242402844 -0.120146395774519 -0.40844036865663
0.178654125519599 -0.0819595246492684 0.218550992066834 -0.38555611608375
0.194088613926982 0.179903471867149 0.0582714093185088 0.00437653108762097
0.152729130799704 0.135843349131785 -0.10995046257234 -0.00958632146059126
0.0975915517464789 -0.0784202442758192 -0.368448494545335 0.180365502114164
-0.0619944588033217 -0.0858385469314893 -0.187084367659422 0.356743634353829
-0.0776827335784368 0.048802786123912 0.0427207803050651 0.285873123979756
0.00517710341788832 0.0248999856871091 0.11448095864019 0.110966410726923
-0.00839520786314324 -0.0216653434386747 0.071113713093952 0.0531815812629424
-0.0205825282965635 -0.000687445915989582 0.0386566730386316 0.0549947977814317
-0.00631927182110701 0.0290373504596983 0.012246361717692 0.0324348304678482
0.00150863877976805 0.0563238171712744 -0.0109998644694366 0.0131302888878418
-0.0319950852523331 0.0952071855107172 -0.0497122264296923 0.0422602440819874
-0.115515900814674 0.107041381979664 -0.19450976945166 0.0544822345987198
-0.219211157492998 -0.0623412454187915 -0.342738016505466 -0.197560522948193
0.0418122884623166 -0.269394336794805 -0.13882583872146 -0.519569579467035
0.296225158169221 -0.0268826989834657 0.300821852870743 -0.470738782109897
0.211058685857151 0.249167087406831 0.075762857156017 -0.0623128164723073
0.10977706406357 0.101419234655326 -0.0664898285525638 -0.0352574150936509
0.0335488471777079 -0.0338190967086681 -0.273891006514459 0.139095716881895
-0.0480493153204519 -0.00556238641331875 -0.175141247218237 0.313078893902242
-0.00352009245042949 0.0569704585723329 0.0510373402287663 0.296327275256226
0.049392054763254 -0.0105083974368952 0.150943624664772 0.112416485736591
0.0120702859837618 -0.0495847587170788 0.0936438360508486 0.0371079797684356
-0.0135389527652001 -0.023118753495325 0.031565148272296 0.0457517615897422
-0.0141224190714702 0.0136767442772806 -0.000421103457178369 0.0422197342489746
-0.0210295623899956 0.049926045282693 -0.0148383834288972 0.0429802860873431
-0.0689863386236267 0.0714461383158309 -0.0761558615032893 0.0921647687902275
-0.138997303075698 0.0263858269498605 -0.26801049419858 0.0750020958755439
-0.138964926123884 -0.171054633076191 -0.403424603861104 -0.285516374133497
0.17952715517604 -0.231536283885595 -0.0685365155055455 -0.65501565933598
0.319092848643979 0.0824340720134495 0.432658358723672 -0.501231835719201
0.164570356173658 0.26383769257736 0.0954212958481354 -0.12545770831014
0.0762643319946892 0.0768246695538531 -0.0289906542865007 -0.0671833328424658
0.0268838858808689 0.00363591453685215 -0.215207742505574 0.108083999316562
-0.00224844344238225 0.0138461216912924 -0.152828191975632 0.303433307639045
0.0321878792622252 0.0175858374462466 0.088914002613049 0.306713364595527
0.0520498252389768 -0.0351103298861604 0.197195467336844 0.099768363154651
0.0151329797535279 -0.0507162736435728 0.113592252558456 0.0108113622108497
-0.0103991155911203 -0.0286180267891878 0.0230416243376233 0.030677476565415
-0.019463836769596 -0.00301801328819657 -0.0123114172682103 0.0444296118893714
-0.0316225335838295 0.0187300351507364 -0.0301822691465924 0.0636188698053901
-0.0631697567350238 0.0141857627487587 -0.124145450782327 0.115029670469002
-0.0824568654875297 -0.0478309001541112 -0.339025206616013 0.040552063306876
6.56939320572286E-05 -0.170931271024422 -0.392201691697261 -0.406065888017345
0.224147373956228 -0.0865705876412652 0.0768163229939523 -0.736813927966796
0.210819096947244 0.164252293636197 0.570855380938663 -0.461141573755848
0.0709325495320942 0.198406520879584 0.12046733619515 -0.167174028989577
0.0296779709835459 -0.023974584405254 -0.0396134099451591 0.108421485793779
0.00646919873172073 -0.0682466560455324 -0.590064664842526 0.253031295446473
-0.0648221541707351 -0.0594267609824686 -0.267413952545348 0.713289514202055
-0.0891936614608902 0.0359528386171918 0.286578352609518 0.518614095125705
-0.0206407284044712 0.066826145664466 0.37377712672247 0.0702933228207275
0.0214384513278046 0.0498567761716304 0.180234773116724 -0.0944307734516105
0.0364456430286194 0.0190068381267807 0.0661525777284783 -0.0562725821311785
0.0212225268603911 0.00974209973042563 0.0509588815523114 -0.0480481117642789
0.0167348182835213 0.00827411699566776 0.00553866591171096 -0.048831869637844
0.00992321580054477 0.0311349496416822 -0.0835274066440883 -0.0379227240860583
-0.0125305557008912 0.037774282632174 -0.173160054662067 -0.0936962683249941
-0.0179773715741813 0.0268772572156424 -0.111059631158865 -0.254716776580805
-0.0250583286738468 0.0102522627908644 0.0796683771237637 -0.265294654653959
-0.0415640852987187 -0.00661778721253013 0.167255660055265 -0.116390029205064
-0.0348406683406743 -0.0604790813451222 -0.0529607971371364 0.0651844888694239
0.0792396600308661 0.0946311286041443 -0.0983434665349125 0.130455540620217
0.145867744483409 -0.0150114447158711 -0.604087419870936 0.163394822549301
0.03071410835516 -0.138287990808667 -0.392327123134336 0.637356418146481
-0.133027627744039 -0.0641242265193165 0.186768890839785 0.524732382689229
-0.0932323569965997 0.0539425761025992 0.315114038253935 0.104436322924809
-0.0287602107420828 0.0724333193378713 0.164728881118815 -0.0510200114234616
0.0083439121040027 0.0498546055965685 0.0761051649650576 -0.0290054027923568
0.0113010264726132 0.028286634557145 0.0570067030930903 -0.0381273606157224
0.0144754016079629 0.0065467833723827 0.00398126475668226 -0.0432954113100907
0.0229101874362334 0.0114331181109603 -0.0863191508083973 -0.031104072846743
0.0183009769344519 0.0403703477048435 -0.185706688299613 -0.0786153586502577
-0.00665485032693897 0.0662518700728975 -0.145800034886658 -0.243051621412726
-0.0461154326867432 0.0327337697772936 0.0326464964891138 -0.281691396560571
-0.0461292362438511 0.00566370222919677 0.157275445536667 -0.147594153551373
-0.0191111267652276 -0.00898678450046241 -0.0298126073899383 0.0655318024758716
0.119997692733914 0.187493570939961 -0.124439712523569 0.104304775714911
0.239799139128606 0.00771632162523125 -0.618718040353683 0.152632292548588
0.0883305879854626 -0.191143407477913 -0.368392637437123 0.594819257319849
-0.151505084423705 -0.119153460293977 0.13297001169504 0.482216573828968
-0.128556323579323 0.0386551941371431 0.240254149349164 0.116502105545794
-0.0626516025460037 0.0695979637577867 0.131981734997046 -0.00445233769144332
-0.0201014436154571 0.0618795164216698 0.074553249997975 0.00752557943085349
8.15208927785859E-05 0.0411557429480185 0.0565138220814834 -0.0239181807328121
0.0138680164869437 0.0107743558145985 -0.00168818033833991 -0.0409993628572051
0.0324076400884593 0.00906433558851802 -0.0820736401738587 -0.0347992564859124
0.0334147841145792 0.0568436255917717 -0.179256696369367 -0.0679503773783088
-0.0242418710776124 0.0936511567170817 -0.170078169232501 -0.226631205031437
-0.0650526659541208 0.0175718525017382 -0.0141152761248298 -0.299043238291254
-0.0178378362018271 0.00237274135210075 0.15617834726766 -0.212657881354974
0.0179592691960873 0.0553150538049101 -0.0112073664825333 0.0620172273022543
0.134079450810913 0.211169175986298 -0.141723562215047 0.0520091807763794
0.254718748545978 -0.083470119298719 -0.572334013337358 0.221450868341474
0.0293251094600977 -0.245682264991265 -0.242335576234503 0.538253663613263
-0.189654467587779 -0.0783657377018785 0.140686441190973 0.362396101202418
-0.123153825655738 0.0642826179888349 0.168599892396388 0.0777025163387685
-0.0599500833215887 0.0679869229839821 0.0802119543271111 0.014241573177247
-0.0207117690610195 0.0610073868610698 0.0524179651356264 0.0297399779287115
0.0116379442969203 0.0436223708321252 0.0313570295779792 -0.00704380758932723
0.0327578744115274 0.0195674444075614 -0.0247887567085402 -0.0276582772288843
0.047644738112009 0.0353333127333317 -0.0849383198811655 -0.0241264973791611
0.0309927108255086 0.110597939165466 -0.179977057681623 -0.0401801180425267
-0.0964321389025379 0.139673195796374 -0.21712392819715 -0.203940386447164
-0.128988196304238 -0.0553361571301269 -0.067816115535228 -0.344222301118834
0.0491567656120353 -0.0781718179774274 0.181050921625166 -0.29341465083808
0.139968379084654 0.0849549236540595 0.0465924852322514 0.0609347006743448
0.202408938359752 0.159469399835184 -0.131185759650426 0.013354665684733
0.198498051150818 -0.110137352520237 -0.472038273503257 0.214852752424116
-0.0324965277916297 -0.191331334676067 -0.194749851420256 0.438365058042817
-0.157004933268412 -0.00677278784466318 0.0813676750877053 0.295616717064988
-0.0635808103424146 0.0572123260408334 0.113675714752776 0.0931815962786171
-0.0378703677371278 0.0281238658973291 0.0630608953466772 0.0467976343656944
-0.0223778331927123 0.0348665458136963 0.0474439200745029 0.0491674266275461
0.00669587148615201 0.0400865740721597 0.0236532956318777 0.0124053162570678
0.0265697284071341 0.0402563654838687 -0.0185740805163194 -0.0144314349405847
0.0218223884248287 0.0765963213279309 -0.0582458419495203 -0.00676917266685968
-0.0320798149903569 0.140109819223418 -0.160511515925395 0.0011787804464183
-0.186885887859188 0.0817985332539461 -0.261865016568367 -0.171292102840544
-0.095060755113201 -0.179391571456094 -0.125610517815816 -0.394099268231863
0.174723748934817 -0.0943902718100933 0.204209104249013 -0.383042631049419
0.205692650656448 0.16522460429686 0.0601743182052334 0.0072296419192184
0.162454147762236 0.123785907270706 -0.107355675967372 -0.0115002032283922
0.0948226091321044 -0.0878422552136905 -0.357663463635077 0.181312761089473
-0.0681313353249665 -0.0853132285209283 -0.177744065085583 0.350466175939278
-0.0774299899438671 0.0552333308243764 0.0444908808445689 0.278265130474935
0.00529489937467607 0.0281615068188107 0.11124336756913 0.109116872381983
-0.00930735068024063 -0.0179660077917043 0.0721622697518914 0.0533957630798121
-0.0173207561867136 0.00307581103854999 0.0422001560954197 0.0532185892641016
-0.00112176861097837 0.0297756757324526 0.0146597532190769 0.0299661767316468
0.00771165420439892 0.0564989352734122 -0.0112226894857239 0.0103714386564786
-0.0246009963626872 0.0993855240201425 -0.046701498815165 0.0375203529283682
-0.108661286300512 0.115896987263599 -0.184343409297242 0.0567942107119556
-0.223001992447485 -0.0444264794880852 -0.338206401529636 -0.180972602348467
0.0208334611607902 -0.26949644805782 -0.150689177485203 -0.501332249554406
0.292645318919494 -0.0454710353287413 0.278588927663815 -0.469986693531506
0.225062406975017 0.233124748627953 0.0720554810113673 -0.0582587331016823
0.116840753113868 0.0919430695910469 -0.0686674889202952 -0.0378580109417751
0.0329262087055747 -0.0402349096844321 -0.268148397858727 0.137717372918239
-0.0502173340937679 -0.00650726607853528 -0.169308730363322 0.308883586599873
-0.00361278782295682 0.0589051691585473 0.0528230341796133 0.291557336100689
0.0462014812205626 -0.0103403422890021 0.14909159392032 0.110247493557145
0.00933756979402169 -0.0475017050196732 0.095116881315015 0.0366687772199146
-0.0115883122694503 -0.0190441993046674 0.0356389775620939 0.0452344685231938
-0.0105061600740453 0.0159542584363261 0.00383521045670801 0.0413964897706505
-0.0147665844672947 0.0519946338519082 -0.0122118078283524 0.0406012170910041
-0.0627544354855146 0.0782818549538002 -0.068197212378851 0.0890134160688086
-0.136636578091886 0.0378451458779132 -0.254022055355005 0.0824134761350073
-0.15000628897135 -0.157654871458788 -0.401785693002083 -0.261773707706301
0.160035088524448 -0.24017937308097 -0.0894802342422103 -0.635909867575283
0.319732453589285 0.0616436230562699 0.40546540162785 -0.504620865566424
0.177696755184833 0.249923268760212 0.0863331554337956 -0.120900754838848
0.0806195852758543 0.0698461935079649 -0.0359115538883031 -0.0700560250602572
0.0271357275238984 -0.00103442542176476 -0.214770150236202 0.105604615604998
-0.00302367376926788 0.0119104823005091 -0.148768200842704 0.302505038982338
0.0304173551445311 0.0184505095926276 0.0916202702234478 0.301140563391823
0.0483583904991161 -0.035830324219893 0.195104891873301 0.0959715415260286
0.0122833933712654 -0.0489815353372801 0.114077367871718 0.010972313742953
-0.00996649243263848 -0.0253214945173574 0.0274229687698106 0.0324724566081832
-0.017193347614785 -0.000116936383887621 -0.00608847863629244 0.0446307192649227
-0.0285275405069844 0.0225837875808378 -0.0249475829368776 0.0622360199242909
-0.0606952004110915 0.0202887574744802 -0.112942393140811 0.115935408301199
-0.0854563010401202 -0.0401626401496872 -0.325588854258757 0.0547255240149859
-0.0121168669566984 -0.166205489276953 -0.396626043217465 -0.377659439253816
0.211813094546582 -0.0983757212616649 0.0476987399612832 -0.718608383820663
0.216951136467157 0.148858011716269 0.543373592145625 -0.47028757039989
0.0803340806312917 0.190154600120964 0.108025232463428 -0.162529072423643
0.0276208919121211 -0.0242578870269192 -0.0303298546061599 0.100832380828342
0.00306304817656155 -0.06578943413953 -0.578686381154691 0.255507119953986
-0.0646698995635468 -0.0562918626072408 -0.246384894551742 0.708872472384099
-0.0837202200130972 0.0392919627753928 0.298561073214712 0.499752639451734
-0.0168235500192056 0.065351220865323 0.365133126358318 0.0584288772209843
0.022452574680629 0.0461429225357934 0.170911868584178 -0.0985559902665099
0.0356853280384451 0.0154657633470266 0.0606562677462826 -0.0579613742558954
0.0195027292175097 0.00800574282372912 0.0439586750068528 -0.0512417838554607
0.0143089252878124 0.00687210460486193 -0.00254203370808103 -0.0527172205731345
0.009826194930035 0.0288222111665316 -0.0879037781558244 -0.0400198266369173
-0.0107564166070775 0.0363376902544363 -0.173111483135366 -0.0927571012060569
-0.015332526670145 0.0264317342926081 -0.112304381544718 -0.254470988493621
-0.0238326114483676 0.0128590517552282 0.0821574805690361 -0.266069756898894
-0.0416477727772797 -0.00340239327394531 0.172292257385853 -0.115938492844585
-0.0394179348327725 -0.0571747790333155 -0.0399378028948801 0.0721857094693562
0.0834641839085987 0.0910889371791494 -0.0863391696013332 0.123472219593717
0.144768105559829 -0.0203293228049917 -0.591365923678555 0.172490048861481
0.0255032599938866 -0.139962712758487 -0.371340443270923 0.636030856531576
-0.13379108956591 -0.0576855136236443 0.197424161643302 0.507359159314552
-0.0889569808891683 0.057849201495306 0.307513348556143 0.0934087835546698
-0.0249554659755416 0.0721706464999795 0.157890101910933 -0.0555502347489857
0.0106629527059237 0.0485276987456566 0.0717114385134715 -0.0319524084425982
0.012629449860452 0.0268407932089354 0.0499873714835569 -0.0410908090882328
0.0134061279628506 0.00566123496092052 -0.00380973688161625 -0.0469884508403957
0.0227703909100178 0.00978640684266868 -0.0910040884238502 -0.0330875456206123
0.0194484603221244 0.0383214623475413 -0.185670615614233 -0.0771663247768726
-0.00395898484728825 0.0670894888771095 -0.147544057567667 -0.242249343308568
-0.0459102363831047 0.0343159264108763 0.0349061296446087 -0.281305474478061
-0.0450161901262537 0.00699571224733049 0.161737579906857 -0.146364427348371
-0.0182960754120747 -0.00865474702161904 -0.0224428282767794 0.0745494209842627
0.128990526451139 0.181343125341253 -0.112724500250854 0.0996131042973038
0.23931210419228 -0.00392991707638362 -0.607587158298988 0.156684964561483
0.079401900186143 -0.195956835403022 -0.350537819951182 0.591778894195262
-0.156744570724342 -0.110592654943029 0.14146292999885 0.468986943929429
-0.125458666268895 0.0456141821456713 0.234965028720927 0.107851178499119
-0.0585806549375543 0.07264887886352 0.127480777908435 -0.00674038421675098
-0.0159083602721887 0.0625496229521446 0.072313493579654 0.00332842518272982
0.00339213947798971 0.0402741767373964 0.0508661355591189 -0.0280134403679576
0.014381431001684 0.0099101300973139 -0.00864349488218058 -0.0436602732140755
0.0324636639609958 0.00797185040926879 -0.0867981454425679 -0.0370093382330003
0.0356478209658862 0.055946120522 -0.179821301361618 -0.0679608368884572
-0.0219433467379682 0.0963960344902622 -0.171746299894765 -0.225153948038794
-0.067458590206703 0.0190434899201754 -0.0127546998067708 -0.298075142455529
-0.015364973508654 -0.000148891792825965 0.156907676569736 -0.212958604035015
0.0234825629872229 0.05232404569714 -0.000332976540987172 0.0670446427790856
0.145625754760552 0.203204778577702 -0.133043628857547 0.048270947627978
0.251637368833435 -0.0959773763809299 -0.559809700437391 0.22251433230503
0.0174660928407678 -0.248533732923848 -0.228665195036348 0.529518680215464
-0.193385147351705 -0.0681687606978413 0.141551015635709 0.348311249306541
-0.119193608958853 0.0714053226524703 0.161318162407131 0.0732720006259697
-0.0559456877931431 0.0721664203718108 0.0777490947342963 0.0147722175320546
-0.0152333219686864 0.0625991120190852 0.0524479144926042 0.0268847893070851
0.0158619945071602 0.0429298905311343 0.0279241518788178 -0.0101079212000226
0.0344384680957472 0.0172303101580159 -0.0298871261603103 -0.029138234479774
0.0492816116494683 0.0347086338283268 -0.0886758945090287 -0.0265641423137046
0.0356528254925371 0.110146470386475 -0.178615704372311 -0.0407682286733921
-0.0902640127924454 0.146208181527843 -0.216626430383347 -0.200314001371418
-0.1337909287081 -0.0507048631156622 -0.068438534940528 -0.339471645636995
0.0472646651025562 -0.0832956775725125 0.176829858096244 -0.291248644284117
0.146646844940165 0.0761610335746325 0.0542219587503179 0.0630254970356357
0.210894321155843 0.149410601184173 -0.125170724083671 0.00998338699132616
0.194695221819004 -0.121129351934495 -0.46180586601394 0.215018851972881
-0.0429377551766699 -0.192824373547332 -0.185028065141922 0.43043598025384
-0.158989458480219 0.00225863796672055 0.0805909868416695 0.286550683248728
-0.0608958646593913 0.0630069225969794 0.108685175098081 0.0926867111011576
-0.0365545975022647 0.0324878075674701 0.0630605017345117 0.0475861487862347
-0.0178959147510719 0.0371004060424879 0.0500465900705616 0.0469663724662797
0.011610389487579 0.0396810607240957 0.0230698478435052 0.0100079375141129
0.0301588173232375 0.0388426055025203 -0.021965913766794 -0.0163209300198104
0.0264459529791101 0.0772894075484632 -0.060564397471098 -0.0108355910339452
-0.0254725015595393 0.143611174267496 -0.157010389846143 -6.83111767363803E-05
-0.183627070166968 0.0940677672489661 -0.258876731327729 -0.164731284354195
-0.106936739360902 -0.174675579474155 -0.126993966087989 -0.385656812022794
0.171150281790203 -0.105421714637185 0.194972825917019 -0.380397581090638
0.215257583097866 0.153223624805158 0.0637678971802331 0.010571617491349
0.169968390662484 0.114574204847469 -0.104969049839447 -0.0146472139162516
0.0929219234793615 -0.0954483378734415 -0.351762344053651 0.17892159068989
-0.0744902817644797 -0.086322910441649 -0.173747768949977 0.34492914411775
-0.0777859472473345 0.0602048700254666 0.0428200754913652 0.273655273600234
0.00540052255486132 0.0315658695699793 0.107814013109897 0.109434831860414
-0.0105480119255896 -0.0146996575453023 0.073783040767508 0.0544836382419915
-0.0144509514982437 0.00532292085801011 0.0453211585171888 0.0518938784418966
0.00359621264391811 0.0308271958420254 0.016271746052491 0.0284677783429255
0.0127328374181096 0.0559245141944651 -0.0124526854768214 0.00843427565939396
-0.0178340654101437 0.10336109577102 -0.0454114132640438 0.0324009582763497
-0.102358486826409 0.123621613316189 -0.17723118077476 0.0560658579229327
-0.226145894716767 -0.0298196900385805 -0.335174543578213 -0.168911393149736
0.00391050651780709 -0.269260221382987 -0.155226549408452 -0.487037914570997
0.289700423842172 -0.0603974902838487 0.26453183610385 -0.467811107003763
0.235603311597546 0.219962706673481 0.07056029506419 -0.0540497472175666
0.122420780129068 0.0844794440435349 -0.0711164527046734 -0.0412620520949511
0.0323612695982268 -0.0453279072846293 -0.266551907960284 0.134430935276169
-0.0523754139409055 -0.00752776412724836 -0.166855413665931 0.306620885045257
-0.00384722163373518 0.0612432946444883 0.0524347656906669 0.288597844689081
0.0438169683766621 -0.00940542078201038 0.147226905150193 0.110146334275449
0.00690501130447078 -0.0453776207264744 0.0967967208575026 0.03771530886302
-0.0100248017728526 -0.0165894273932922 0.0396647516821301 0.0454075259870671
-0.00650357915120289 0.0179315826870497 0.00801837684512041 0.0404600616835555
-0.00961963760073961 0.0536049828100773 -0.0105291500168609 0.0381573775516558
-0.0572709601894033 0.0838387482883275 -0.0629457176000597 0.0854639178930643
-0.133813977951054 0.0469837476426976 -0.243399298125112 0.0863011014788891
-0.158614102288653 -0.145782785857424 -0.399217086553436 -0.245600293387399
0.143396109952451 -0.245909243985563 -0.101816443747763 -0.618713863180713
0.320351888831838 0.0453919535014343 0.388048633900528 -0.505646785109
0.188397529133557 0.239776614547813 0.080689215009405 -0.115231703914118
0.0836229916629383 0.0640795736738095 -0.0424055198302917 -0.07285678433519
0.027287493879205 -0.00482803790783042 -0.216834076378557 0.102511793469776
-0.00465674789513207 0.00993451203889372 -0.1481711501604 0.301569882355236
0.0290245614184935 0.0188089810986967 0.0920918867186053 0.299843243381383
0.0451543797325156 -0.0352899867896046 0.193361392107838 0.0950851898472611
0.0105555855730041 -0.0481227376349221 0.115401594900862 0.0117348100368413
-0.0087015142300244 -0.0224406140584542 0.0323598525146254 0.0337078827178523
-0.0152287923279566 0.00254932720869862 -0.000942495440096451 0.0445448361278426
-0.0255669244309283 0.0252761699425648 -0.0212462593755693 0.0610981215433633
-0.0585578348473706 0.0254655422118089 -0.1046138556662 0.115296196473943
-0.0870448136198573 -0.0337658308399475 -0.314432237658904 0.0633023195815713
-0.0219821863576174 -0.161715090688291 -0.400649224298118 -0.358537006337396
0.201947745190712 -0.107119599313279 0.0298688486921487 -0.705517014886376
0.22112050790401 0.136978512589496 0.523450306998625 -0.475354027849637
0.0870487314971988 0.183986686915184 0.0992919102668692 -0.156950251777016
0.0258673242023548 -0.0259924752054421 -0.0229058395128519 0.0918251365345151
-0.00105399013033215 -0.0639720328529838 -0.569640594354556 0.258855943461888
-0.0627833378504113 -0.0556593601905482 -0.224352489217167 0.718957640874182
-0.0807953860134567 0.0473340131592157 0.277601875830361 0.522106216894606
-0.0132159926334927 0.0630157180594321 0.356636412884178 0.0476000496917246
0.0245624582391806 0.0436258224821219 0.161223709248576 -0.103183788856828
0.0337349531066931 0.0110256066100351 0.0547622168277169 -0.0597407384101143
0.0184292393657925 0.0079848320309264 0.0378168214535953 -0.0554404099522898
0.00886288497032999 0.0058684565771581 -0.00957695003409213 -0.0567184651685378
0.0109046100277782 0.0260281869629468 -0.092799987204354 -0.0431606487396496
-0.00767689495092098 0.0349774450689073 -0.17635110984329 -0.0931611934094442
-0.0121463867175774 0.026452392264056 -0.117064998433422 -0.253841983173593
-0.0245285118177196 0.0143627035218722 0.0839880200948118 -0.269867644710847
-0.0407932685087831 0.00130795869404461 0.177377464816734 -0.117969062951
-0.0423322322753912 -0.0550102414254026 -0.0277984352196572 0.0774831259893517
0.0884969818704183 0.0860233415829249 -0.0750568531281523 0.120593175687163
0.139880285670512 -0.0365253049452101 -0.59248855730873 0.168454189733655
0.0198860716247003 -0.141755905071078 -0.352038847286068 0.637315427152127
-0.135908513614897 -0.0507934866591661 0.201355915818062 0.511780938262374
-0.0862158671316839 0.0611433624267274 0.308410729004164 0.0879114924894431
-0.022758459570361 0.0720381853895549 0.142985932227182 -0.0614413171495376
0.0135164611825178 0.0465162607952715 0.0671186756285174 -0.0344745981733032
0.0131863933903693 0.0260371240669871 0.0448306001377556 -0.044664181086039
0.0123767616766121 0.00400939384374433 -0.0111993819463392 -0.0483062608920708
0.0229182905927168 0.00732621940808033 -0.0967336935865977 -0.0361963797786091
0.0215494752235115 0.0367726353776825 -0.188300413309675 -0.078091280574964
0.000133498981744298 0.067209560101779 -0.149560553487881 -0.244089247216234
-0.0456442652068283 0.0368659224071492 0.0384356920638231 -0.284694166875364
-0.0446328464793408 0.00720148820639373 0.167203177811874 -0.147574732914374
-0.0172885696373749 -0.00802320171130763 0.0113736077116252 0.0716803441912493
0.138737579977303 0.17464703255926 -0.102430999243085 0.094210082645005
0.240879155283184 -0.0153508348226024 -0.601547085361323 0.16266359568897
0.0697435306260373 -0.201348107029377 -0.334826337052717 0.592734525872495
-0.162848921492055 -0.103115640837512 0.150435368841148 0.456854225714963
-0.123565715918047 0.0528963478123627 0.231316165243879 0.102434021735626
-0.0543753639441643 0.0761785323210475 0.124263302505436 -0.00914557511347501
-0.0112517317541364 0.0622668500022925 0.0709133992897964 0.000957500374624129
0.00702087911003282 0.039477228243729 0.045904455787105 -0.0296674048360142
0.0150603979482865 0.00873582493438123 -0.0168851738005962 -0.044619368119535
0.0323914251829425 0.00625556877910881 -0.0932839182183404 -0.0392413777386408
0.0375446611255765 0.0559843612027288 -0.182385304929478 -0.0683865142517442
-0.0183569642168575 0.0995154202871551 -0.173819901457124 -0.225139584614783
-0.0692462331207799 0.0211494810815893 -0.00708166980171197 -0.300189761660117
-0.014285935123878 -0.0023301224864103 0.162964697320686 -0.204825613154252
0.0283475762478164 0.048648150995919 0.026150933526719 0.0621944847320071
0.158353106261535 0.196794325317916 -0.123692615146674 0.0591486434723233
0.255347308966245 -0.11104040765588 -0.551836159664408 0.227253414758779
0.00589136215797896 -0.253877336033984 -0.216599809576952 0.525358715397651
-0.197559134139301 -0.0585587065881259 0.143139316509017 0.339244228605691
-0.115580478275776 0.0784409026265885 0.156571622578914 0.0710949385552373
-0.0523085862688364 0.0777933841293062 0.0762381195586805 0.0158018062029424
-0.0105498522880379 0.0635345946649676 0.0531278308042585 0.0249534083981365
0.0201829469219727 0.0411002346032267 0.0253236676867062 -0.0120968415242282
0.035029745763393 0.0154602362098353 -0.0351469261565423 -0.0295482476487406
0.0512879486508447 0.0330679066836448 -0.0937474662974853 -0.028413848795563
0.0404349528666243 0.11144722571764 -0.178716476059937 -0.0410943649642655
-0.0845869664033408 0.153510653883344 -0.217467698891714 -0.197880258722602
-0.140111005885805 -0.0462224075361084 -0.0686070903362162 -0.338538670238145
0.0462732244648061 -0.0888282744795571 0.174192183451818 -0.292312604453184
0.1530196831079 0.0684375537515003 0.062763223062598 0.0651097865650823
0.220612275598733 0.139588804627664 -0.121821873598264 0.00525018445659331
0.19120395084919 -0.132789268795977 -0.45580680446447 0.216763521325681
-0.0534160367841958 -0.194499766128243 -0.178070716950444 0.426998818845783
-0.161459066621084 0.0122152961023211 0.0787551671188829 0.280934678061297
-0.0582909624087342 0.0687058386470052 0.105824580925724 0.0940536813391139
-0.0351926452688069 0.0369541499405845 0.0642704988299359 0.0497881413720058
-0.0145370877800728 0.0389406252844279 0.052206001365243 0.0448100010988718
0.0156917786123022 0.0392525302605212 0.0216157717499349 0.00783217366264834
0.0337217049205839 0.0363401356358246 -0.0257377823399706 -0.0172071135113147
0.031154580538195 0.0780612360606188 -0.0640825942118258 -0.0140044958054492
-0.0187240814096239 0.147430653230775 -0.1557316777442 -0.00124896003340624
-0.181148648555553 0.105435256734038 -0.257638757873217 -0.160815778623289
-0.118932943037154 -0.171095026610984 -0.129027668906396 -0.381233644223393
0.168421609766655 -0.115794852328114 0.186586833929053 -0.381873185332219
0.223773585017707 0.141526540751772 0.0674081163575198 0.0137205488760603
0.178419264925488 0.105705114829168 -0.104411663753688 -0.0177831021402135
0.0904978656765638 -0.104115065135789 -0.348759072192373 0.179621763997606
-0.0814299833916103 -0.0874535371195372 -0.171827631040837 0.342756820467914
-0.0775138884556573 0.0667689896382283 0.0424987535609309 0.271382132487472
0.00638936729179638 0.0349223211046116 0.106643149494276 0.111187716733622
-0.0114785593422172 -0.0113132322078068 0.07615276347596 0.0555060829937227
-0.0117186365547531 0.0077760481244297 0.0484165372481054 0.0511570816498834
0.00777339897436742 0.0310804488233132 0.0174765336018232 0.0268062427606104
0.0180165957504753 0.0563161866966853 -0.013901414526254 0.00620651078085655
-0.0109897770354628 0.106361962587593 -0.0461362028218269 0.0282256600260628
-0.0963403083571821 0.130923328629901 -0.170977704543436 0.05586249904722
-0.229294746431247 -0.0149576464258287 -0.331915380762482 -0.158637168774458
-0.0131563858265645 -0.269998832124695 -0.162399784411567 -0.47659077053595
0.287764803468531 -0.0754850106152634 0.251816381931025 -0.468613243632012
0.247867969336464 0.207443788241324 0.0710756699738168 -0.050058227729401
0.128540240247224 0.0780463896532798 -0.0748589564718522 -0.0441871640068691
0.0313093605970753 -0.0501007199711257 -0.268072520156882 0.133126175204767
-0.0555590238085459 -0.00821054980127214 -0.166829001410627 0.307712158360005
-0.00338879946639448 0.0635738292451495 0.0520033728617509 0.288083614454034
0.0426172250273544 -0.0084349812355228 0.147721480223986 0.111148535641777
0.00512610307477468 -0.0434037485825705 0.100802902957793 0.0380500668056895
-0.00854594069498567 -0.014990225892077 0.0445221552772366 0.0451187166855511
-0.00259418167917739 0.0192103558411083 0.0110920064605146 0.039308962383377
-0.00488204270972354 0.054809470301693 -0.00994268098928326 0.0359769684653898
-0.0520595580008382 0.0899939195959766 -0.0585805606996492 0.082208225360098
-0.131904545535423 0.0561047322786235 -0.234637780022198 0.0890631601883645
-0.168152720370524 -0.134790515442051 -0.401513455272122 -0.229076856988378
0.128467903072963 -0.251508100786846 -0.11374018965419 -0.607857006025979
0.322100367906263 0.0296836215772754 0.373449401832537 -0.509904222429274
0.199067359162235 0.230052132443417 0.0775369453840068 -0.11045859385292
0.0871302937700225 0.0599492299573304 -0.0497614115085372 -0.0758409593022526
0.0269411285369306 -0.00880361796746575 -0.219869840186271 0.101800674027641
-0.00595132650464181 0.00831179843439723 -0.148470769013249 0.303464525332219
0.0287234527693704 0.0202557071674771 0.092406839073787 0.299832850093973
0.0428516095248052 -0.0355972233159141 0.192756027453723 0.0947130702981916
0.00909819416617895 -0.0473030357173206 0.118952857892786 0.0128787848527844
-0.00754187344027362 -0.021959900980724 0.0369529359648672 0.0349956439478331
-0.0118692178128146 0.00477133463600909 0.00424917248061142 0.0444385047159568
-0.022034830912643 0.0283033276755168 -0.0192729224108436 0.0601841903829215
-0.0566166519298195 0.0305815655393244 -0.0969260122547153 0.115089743035164
-0.0901487311952698 -0.0274755427775778 -0.305463856865207 0.0722470451379615
-0.0317762581148476 -0.157218199381694 -0.403157902741076 -0.341756197061665
0.194164370374741 -0.114634618096232 0.0129571944217418 -0.697794654128381
0.225397675642911 0.126686186957521 0.507413825435891 -0.481363837531401
0.093903630315697 0.178131067762912 0.0922334324984652 -0.151635096726531
0.0284203797901505 -0.0194364082486806 -0.0342899018190543 0.0809854655654188
0.0117626122530068 -0.0684839353102381 -0.606727616371106 0.149853031582447
-0.0589189590092839 -0.06984415518036 -0.348232072769354 0.653341552059787
-0.089690982759238 0.0283258933636299 0.175941539706722 0.553073711393605
-0.0278738194682575 0.0564012582543429 0.339248907483676 0.107771199598718
0.0125613205702436 0.0451862889049003 0.175209112260438 -0.0701167791532625
0.0282157070250756 0.0142409819031256 0.0627134286249152 -0.0492683610729163
0.0150642255878912 0.00824159561242372 0.0435737013610152 -0.0482846039499224
0.00936377511592164 0.00809512281937672 -0.0052958964868295 -0.0589761676693648
0.0040509501414841 0.0258014061934202 -0.0851089940576552 -0.060852269332033
-0.0141368495858295 0.0322649964675936 -0.154031982479437 -0.127682821232135
-0.017791171173915 0.021916009780519 -0.0597640050323982 -0.276522442647006
-0.0246593086599808 0.0103307153683181 0.142650738542285 -0.25112861517993
-0.0424246675435304 -0.00602997236380911 0.209972549325155 -0.0818639069441073
-0.0353615878446035 -0.0606424335478036 -0.0344715177057371 0.0805449534831231
0.0712383920612698 0.0968023153553729 -0.0872886519734091 0.101470546718263
0.14402913133705 -0.0193694670456947 -0.611829078351718 0.0585197256206676
0.0376070489539388 -0.145893063254051 -0.45357475286109 0.553048982752687
-0.12727760513805 -0.0745211219574551 0.102162864459404 0.530263716226503
-0.0971770523222141 0.0455802754139219 0.282294675714124 0.137764217242764
-0.0354422334071724 0.0675278702816813 0.148478420099815 -0.0337597893022509
0.0053307558637085 0.0462030427394639 0.0710221792814587 -0.0209479567051297
0.00779845261789894 0.0269431700541053 0.04783098315003 -0.0378137207049447
0.00922728246407498 0.00584398475380296 -0.00783781407090352 -0.0519346400939375
0.0200586880923483 0.0113992552009732 -0.0912339150988441 -0.058385529416513
0.0143493497418315 0.0389347217412379 -0.168145521959353 -0.115329072933364
-0.0150777572846048 0.0667479935630972 -0.0954618038185749 -0.272075967465199
-0.0533934566192645 0.0242874514467094 0.0988144086999245 -0.273613971161244
-0.0446900090271213 -0.00357875154746898 0.203915096938669 -0.112387273580908
-0.0142572808887825 -0.0107919923486208 0.0054071155170565 0.0809435119516994
0.106585205832378 0.191179474279137 -0.109051332576535 0.0702357483413333
0.239019232917054 0.0138459292727698 -0.62074369713468 0.0543710381130309
0.0960014321713266 -0.197094111277222 -0.428951238152917 0.511784157346171
-0.145420451418751 -0.127865960054239 0.0624594489576489 0.46499013140637
-0.130490049294667 0.032434089307751 0.205667116585533 0.138341577852893
-0.0674963412598652 0.0663478817142119 0.121507363617324 0.0130899686036942
-0.0198514046040006 0.0591282953669531 0.0686520444698909 0.0144593343282205
0.000579334075537605 0.040268390220053 0.0461709397317725 -0.0223083489959836
0.0129921119924167 0.0105465060972593 -0.0134488695972874 -0.049908208283894
0.030428258966506 0.0132579901897766 -0.0863529513744857 -0.0604262757964714
0.0263085876770635 0.0619157703322779 -0.16370155847692 -0.10429166895313
-0.039817333132158 0.0950271091962649 -0.123707092840711 -0.256560810426858
-0.0770998471099908 0.00346213529682071 0.0561852393629602 -0.299232860841989
-0.0135605572697324 -0.010313165077152 0.210357039634994 -0.169427628039682
0.0223731362877157 0.0487332210306853 0.0192126762294195 0.0754327000321192
0.123289999837152 0.216023504724329 -0.124497045892024 0.032953706025111
0.269362934323383 -0.0788205457086699 -0.57724386969115 0.128998875879827
0.040630749299082 -0.255516736692811 -0.299594668340213 0.465900609244873
-0.186336483133007 -0.0903319413244624 0.0745660298149249 0.346573943625458
-0.126926499795716 0.0595888941763979 0.136104363344349 0.0964648035881855
-0.0635423435039169 0.0680993268621729 0.0702982264678305 0.0301428107826426
-0.0191724456759717 0.0601327419074187 0.0472560541007054 0.0351743118210014
0.0143997858382473 0.0449286416332761 0.0251521363610271 -0.00958781721512317
0.0332409019854195 0.0207293564905922 -0.0318207650926728 -0.0365215009658553
0.0447378484492362 0.0427385304367491 -0.0881054069040246 -0.0493338976396166
0.0196877608921918 0.117207144495008 -0.164874389867994 -0.0754258242177508
-0.113909535734416 0.136058848080136 -0.172673089522354 -0.235818537331648
-0.133534904933516 -0.0760489358709858 -0.00152318578311979 -0.350325991722607
0.062127796183536 -0.0845602202925964 0.236179636510311 -0.255992793817392
0.142193042434862 0.0955481664058647 0.05613159060462 0.0832758540435417
0.192971401860646 0.169406891797354 -0.114460888414572 -0.0195325839970723
0.20931320416934 -0.109310400001512 -0.481519847906748 0.133225272498528
-0.0262348003905165 -0.208191073760946 -0.250341130518448 0.372844341262164
-0.161865784002389 -0.0157772888146067 0.0192428784872791 0.281659229723531
-0.0688637158261962 0.0599061600897022 0.081552869063119 0.110405336053229
-0.0409234082354005 0.0326280891115513 0.0534344445270506 0.062615619651108
-0.0181551014033475 0.036183588434601 0.0435439990074864 0.0545804728584687
0.0118927975581607 0.0422961768900991 0.0199022227844505 0.0108745251150027
0.0279252515340956 0.0432622035842473 -0.0254374126214946 -0.0228274166014736
0.0170828564881701 0.0847325472082255 -0.0613388021181247 -0.0303359594949084
-0.0453828042073555 0.144027319834468 -0.148799003770544 -0.0321242075879604
-0.198506928564292 0.0745302115170931 -0.221757882435626 -0.205243615162428
-0.0897660507762149 -0.195643570399621 -0.0529630036237685 -0.406091896082749
0.186906083050039 -0.0895037020961016 0.266818177222053 -0.340769407645906
0.19871065544624 0.180297085857499 0.0704806648322219 0.0325373621112134
0.158907878905691 0.13051966052128 -0.0970011963610563 -0.0396772990521446
0.107187737075194 -0.0952308037992192 -0.37241836231063 0.110476575798424
-0.0704714646911922 -0.106255898229806 -0.232040984234674 0.293934899833152
-0.0897181385648075 0.0501113491405439 -0.0174982005653093 0.271021691683222
-0.00173211908701748 0.0373579664948253 0.0800819385244635 0.130504278275278
-0.0111696075529732 -0.0108693653488317 0.0673555191400063 0.0727785637909021
-0.0106237684853405 0.00631085250215621 0.0415518071270534 0.0600642567961165
0.00576286777069187 0.0327211835037244 0.0139318553224148 0.0284710293693252
0.00953348798348801 0.0584431354305055 -0.0160789836884721 0.00248180588789778
-0.0282055876782995 0.105376040363194 -0.0520953513887341 0.0143698860778033
-0.117391004931191 0.114650561442103 -0.176362207317686 0.0205997211512938
-0.222477214224322 -0.0516006903788172 -0.297239762391375 -0.220854297568444
0.033661993793231 -0.27324674979675 -0.0661130983557648 -0.508833698978606
0.295816057793169 -0.0264790546408566 0.346684378080421 -0.414701177102289
0.207305191778483 0.250697868200088 0.0837608788840181 -0.0289469481519466
0.115512320624954 0.0954841274838818 -0.0660226579129363 -0.0605947278868506
0.0412302942565281 -0.0513619591306067 -0.289910832707212 0.0778774099048021
-0.0572903568318828 -0.025281389272116 -0.22443142079369 0.262907023859456
-0.0193043419673504 0.059494621601969 -0.00979153988770593 0.29202433830658
0.0390252197204684 0.00127643332904557 0.120185199805513 0.139341521362704
0.00993026143818354 -0.0393854008988481 0.0942434093014809 0.0601026785651858
-0.00401412635782538 -0.0152836285870489 0.0392591996535683 0.0546716542165103
-0.00324014069989256 0.0201780892658566 0.00702270947937766 0.0397389140614008
-0.012693911828832 0.0539634874165793 -0.0166492882421188 0.0321572131395951
-0.0646235618885637 0.0820655714576188 -0.0719181487410699 0.066054687898282
-0.139790669180775 0.0338718613962406 -0.245061818420865 0.0437040302258864
-0.142457529841821 -0.156391975171524 -0.349229652914247 -0.303424502475565
0.170061915244398 -0.226873460098179 0.00908072438967276 -0.626065946472154
0.309725021327626 0.0824058984997144 0.47452440773181 -0.430930912801028
0.154115386482531 0.263794235219601 0.101312161602191 -0.0888094892589637
0.077356105254588 0.0715169049497364 -0.0386482319053925 -0.086884181947691
0.0286078265834173 -0.00977904709935165 -0.241004536778519 0.0561786791623295
-0.0121737992795342 0.000402729765729133 -0.207860735146269 0.265783739196085
0.0174707466867931 0.0230902688472982 0.0304216219411582 0.313681886543879
0.0430101156870932 -0.0264231151165042 0.170492014200956 0.132853852816749
0.0145664017642239 -0.0426282941194639 0.117485090981832 0.0386537816580606
-0.00187463612591988 -0.0223203982765754 0.0353304994817447 0.0442803590448224
-0.0114117930948922 0.00514103211628106 0.000537855296595922 0.0444216062827502
-0.0257387929198923 0.0244902950577284 -0.0286382198331141 0.0535605945142019
-0.0599931883020375 0.022899051405462 -0.114071170658287 0.0915464150274055
-0.0839291332841651 -0.0401510102256976 -0.307444825763632 0.0112187977429647
-0.00645425139684323 -0.154395645313082 -0.327664619329692 -0.413224954602451
0.207788911400775 -0.0804857102651281 0.150795951665762 -0.685595598731317
0.19763671296716 0.159024188299503 0.598968323864845 -0.376515802593897
0.0591246112314939 0.192659625436842 0.121970637352741 -0.126181957801
0.0260341880759184 -0.0193701714560135 -0.0229403253211021 0.0723712555578579
0.00653887461548599 -0.0646849317060863 -0.590059788148464 0.15754188246563
-0.0599186176271302 -0.0657144192018429 -0.326547021859034 0.650896595735429
-0.0854866275782353 0.0286299199429269 0.187870386769815 0.533942668310253
-0.0236722269079256 0.0582891625842872 0.33347713807736 0.0961388869825997
0.0143621837563087 0.0422542350278253 0.166067466075842 -0.0741184789353425
0.0276390360798737 0.0135508232647966 0.0588134255934141 -0.0495463999007038
0.0141534994523766 0.00591308617439383 0.037062938920681 -0.0520464301469241
0.00614174582635345 0.00656155878021045 -0.0123401755912932 -0.0585380939476217
0.00161484054814576 0.0243738123406478 -0.0932813990487029 -0.0621157997272062
-0.0126528255650597 0.0307653282697919 -0.154604219941984 -0.125909240942756
-0.0135258869674473 0.0217121594389081 -0.063642066883672 -0.275047284419743
-0.0262414113033231 0.0121122381114974 0.144078956849038 -0.255990428704915
-0.0437047947759995 -0.00378468333492276 0.212090435428102 -0.080225735889286
-0.0385467659351571 -0.0587115515152053 -0.0241651447687405 0.0863770623680367
0.0752216318497862 0.0927959666070916 -0.0762010742008817 0.0952635139648022
0.14365705044274 -0.0222764109022495 -0.602109870095229 0.0668401332836992
0.0294410204507862 -0.146960373887576 -0.429989558902359 0.555575728475286
-0.128523444482878 -0.068776576354507 0.113752351805161 0.51652791075024
-0.0926452705789663 0.049206104255601 0.278893291446415 0.127222123983586
-0.0312707696031811 0.0672888102565927 0.14426695995206 -0.0362833500009994
0.0080698024243393 0.0443561220733568 0.0680072083334842 -0.0229128022598798
0.00953624795591899 0.0255886864401109 0.0415990041988959 -0.0395999661380476
0.00935507574203954 0.00521636247507038 -0.0159524119387667 -0.0532694942828101
0.0190422491193602 0.00848110854825988 -0.0961222751218987 -0.0584087890428396
0.0151662523086592 0.0380393726487645 -0.169863726574602 -0.113755398701687
-0.0110529945879329 0.0669395826057597 -0.0989449238505854 -0.2707580632464
-0.053706273912151 0.0270312129181634 0.0978690370927484 -0.275567437512642
-0.0444817405218281 -0.00266820885916199 0.207904548025008 -0.113741169101741
-0.013369520142345 -0.00974301511174667 0.0141472625206441 0.0849414759557503
0.115613263883591 0.185130821579246 -0.100075085338532 0.0651261362255702
0.237477283840923 0.00101225458554327 -0.612222535602713 0.0648897255174617
0.0848090765003283 -0.20136292408483 -0.408401422060411 0.512959031847136
-0.150894700514474 -0.119348165304186 0.0732477364848695 0.453118557720201
-0.126622258320005 0.0392264026722943 0.203500260147897 0.131470856231334
-0.0628839945860502 0.0699818696096867 0.117681811119088 0.0099900702764069
-0.0165743733074157 0.0589274284599396 0.0672677111474009 0.0107863490721912
0.00409748479347174 0.0388664216027244 0.0413710017050434 -0.0249666649033691
0.0136444560320093 0.00970719674974551 -0.019403926908659 -0.0504349846783449
0.0303871232920412 0.0105306568836543 -0.0925889053583946 -0.0612606513933556
0.0287470410180715 0.0612033860221537 -0.165313723849862 -0.103141625958622
-0.0355937482682956 0.0988118303359071 -0.126393722247088 -0.254971457668437
-0.0780604038084746 0.00550212555566849 0.0545295818176909 -0.299076308883736
-0.0129085607404963 -0.012344110851833 0.2101851444542 -0.170439381480807
0.0271802124570411 0.045372158717227 0.0269392425863346 0.0795481938125142
0.13530104002317 0.208246934383336 -0.116694980025843 0.0289742074063561
0.264284778233692 -0.090015722660153 -0.567255465685916 0.135261203716404
0.027347486623968 -0.258371520658165 -0.284015376754155 0.458993596134603
-0.189966311413406 -0.0789373800776353 0.077041654122751 0.33541325969314
-0.122044142897223 0.067346411801516 0.132027983063985 0.093839825061525
-0.0587612938910199 0.0732351017240895 0.0704203489036346 0.0295770257205617
-0.0139981116777237 0.061126160251881 0.0493686332814602 0.0325487013822072
0.0188785299370672 0.0431066050237401 0.0221065639455038 -0.0113080008326444
0.0346356957082071 0.0186150551477454 -0.0373151136111441 -0.037073862568643
0.0462625391670763 0.0414941046520148 -0.093372315501689 -0.0508549265197997
0.0247878213768584 0.11709770905349 -0.163351435137157 -0.0757419689998252
-0.105795815879703 0.143068988366375 -0.174607377089962 -0.231452867885177
-0.139377524016045 -0.0704446411403204 -0.0039313716315238 -0.346225710276023
0.0587996503307911 -0.0905076345257449 0.231092434376961 -0.25441186467306
0.148181756995033 0.086352323648598 0.0635926072574582 0.0838990344744321
0.203682457285107 0.159836176208605 -0.111824527477981 -0.0228514155767684
0.205382102595052 -0.11976714582486 -0.474038859354251 0.136792001763133
-0.0376369959543189 -0.208259170752048 -0.237835097463846 0.368954759672261
-0.162404924795935 -0.00673446681109916 0.0194377885112644 0.274006319948861
-0.0661937284841482 0.0639545758840597 0.0784254290278183 0.110636332053745
-0.0388771513009916 0.0371303675041882 0.0564810505483017 0.0632454288509429
-0.0148621557062249 0.0376662599960812 0.0467001515413372 0.052717712107196
0.0171423983102918 0.0416616813210659 0.0185910731667508 0.00774114514806622
0.0308222815675847 0.0412097627581461 -0.0273709437461576 -0.023209865740075
0.0223034620396419 0.0856247881937865 -0.0647753269123382 -0.0333480111743104
-0.0372760855608074 0.147457284851425 -0.146957451814237 -0.0330275479562935
-0.194065931421927 0.0847428111564659 -0.219447900602624 -0.198897679934633
-0.101566481503429 -0.191330071315414 -0.0568397472004798 -0.397881213390996
0.182097733881636 -0.100600727211119 0.256105585029097 -0.339948761524263
0.208214816259065 0.168368745964717 0.0744688656195079 0.0352916224299064
0.166799712549457 0.122090786262221 -0.0957600624460007 -0.0430177200798276
0.104332146246333 -0.102419053736483 -0.367385117054389 0.112161630647189
-0.0771210237202588 -0.105417239764949 -0.225822434215887 0.290616011075805
-0.0880574096186941 0.055560279719578 -0.0173941173392921 0.265832317240391
8.11756755091661E-06 0.0397735094569893 0.0796447455049729 0.130138884079512
-0.0102952364326307 -0.0072102496263182 0.0697911254761404 0.0713499224719838
-0.00869448314267188 0.00829657643011531 0.0459216608854302 0.0579547931192334
0.00918144418960191 0.0329932529693042 0.0148787618870343 0.0258701154582399
0.0144984410801391 0.0585114535224077 -0.0170413969652017 0.000821009071849486
-0.0214722754460427 0.10790490262339 -0.0510173904473912 0.0116077026804769
-0.111824437282283 0.121854301059969 -0.169929991344669 0.0212598039949711
-0.224122113578163 -0.0376612406773589 -0.294389981416582 -0.208180416237302
0.0166266991764828 -0.272669649807007 -0.0754156466042913 -0.496181063280316
0.293007274436658 -0.042328441291804 0.331806289950499 -0.414752393558963
0.219088668701644 0.236583798072808 0.0842971389500618 -0.0254860792056192
0.12179852593056 0.0883494476457246 -0.0689907860588354 -0.0631196900783906
0.0402065269594243 -0.0556346100044488 -0.287702309665587 0.07850287080871
-0.0617259808798993 -0.0249750220408452 -0.221708325160438 0.262193283346574
-0.0178266968968656 0.0630166582476949 -0.0078799555825628 0.290355992494398
0.0377629199766848 0.00153276881012195 0.120264201866668 0.13836983002597
0.00760307125949216 -0.0372623168201598 0.0973970234860731 0.0582407386245521
-0.00258786511262186 -0.0135663901362428 0.0433691239658623 0.0526462996920623
0.000439703091219652 0.0210780665943312 0.00974689958322613 0.0388778225514639
-0.00802823418815786 0.0553548369923439 -0.0150972172629109 0.0307372820707994
-0.0590146679186837 0.0869467350227005 -0.0671877498501514 0.0633647899084282
-0.13682150715902 0.0435289695342941 -0.234932264796301 0.0466564113347247
-0.149788529570551 -0.144416323518232 -0.347977687370498 -0.285008877655868
0.154292340992585 -0.233585643940346 -0.00675002087293878 -0.613099551742124
0.310449261955468 0.0661782625023941 0.454797985357216 -0.435353633596369
0.165105959000076 0.251866992698009 0.0961956466394853 -0.0841929667071517
0.0814885307313716 0.0665721954038207 -0.0445733101842221 -0.0893313607344727
0.0285400063674793 -0.0130334101597322 -0.24254673359192 0.056406661664087
-0.0139261652044037 -0.000168873616679711 -0.205096253728203 0.267606830616069
0.0177149673533609 0.0230498437422353 0.0326503899838964 0.311319810512802
0.0404376478446839 -0.0260585688512396 0.169753821829288 0.129830239785071
0.0123830329942761 -0.0416439780935772 0.121795216968239 0.0365278335346363
-0.00162308739536891 -0.0202186451019509 0.0405810861175796 0.0432338617968952
-0.00829306173678743 0.00608834394339973 0.0044838636944348 0.043127746179873
-0.0221353197774739 0.0276438322263415 -0.0247323770926158 0.0535879013393959
-0.058205691488922 0.0273012852008738 -0.107243522166504 0.090968133181584
-0.0844161088175361 -0.0341988987695531 -0.298044698480236 0.0200370398143465
-0.0152122062361349 -0.14988556453045 -0.330498085061521 -0.391942863561449
0.198002785171573 -0.0894652987038465 0.131012431044922 -0.675775876693338
0.201487764579399 0.14565523372346 0.579609752814962 -0.384574460447414
0.0665684189847983 0.185896466010076 0.114382014071588 -0.121688633308913
0.0257979154058031 -0.0202660467314372 -0.0185094196843336 0.0648810692822929
0.00896527464776817 -0.0629791124080205 -0.582517123147781 0.154589761876688
-0.0605645349167062 -0.0649176677974161 -0.311201250342846 0.642589846078346
-0.0818969670472588 0.0304923751428012 0.191985931067585 0.516930905666042
-0.0196277352181655 0.0560850882454463 0.3230817268615 0.0885530254921338
0.0157074373156508 0.040360863003808 0.160385271219109 -0.0781741246225146
0.0254650968394356 0.00878283530641628 0.0566736013981764 -0.0484465532091093
0.0111994813140686 0.00958289708997454 0.0323740082644868 -0.04903537655659
0.00220075263317023 0.00447082134913954 -0.020183122387011 -0.0602727067245989
0.0021532977424988 0.0228715107279859 -0.0980891231398059 -0.0606500107117413
-0.0114307503884731 0.0281185597525796 -0.155108272890858 -0.125016050164838
-0.0129763394389777 0.0216683551055269 -0.0629189016060838 -0.275577821527383
-0.0231359314821999 0.0129354905501974 0.145486185037702 -0.251481602062001
-0.0428696553100587 -0.00142685787177559 0.217282028198765 -0.0831241368957441
-0.0413006703228404 -0.0513204901994186 -0.0100970065616235 0.0907556261446529
0.0780444624132382 0.0900277744602914 -0.0681672122294943 0.0845374081839748
0.140399101415561 -0.0245817778841604 -0.592638406596439 0.0692696522208245
0.0243437923512637 -0.146291372233921 -0.415312796400772 0.552145473797881
-0.128802393377291 -0.0623255820339776 0.118665312447201 0.502818870280783
-0.0880331842072177 0.0509658150633012 0.273643115354241 0.12034939530605
-0.0289693839094981 0.0669697476549828 0.140295834706596 -0.0373762810196056
0.00836116426840738 0.0420319813901231 0.0643575974973106 -0.0237411383282673
0.00986771232707901 0.025128158882438 0.0359690564560364 -0.0414332117027289
0.00778955993452081 0.00390563755728681 -0.0217082357163686 -0.0537288515575502
0.0176771065802462 0.00714306136625416 -0.101344777776786 -0.058272726885092
0.0163970760378076 0.036347654345548 -0.17034677176949 -0.113643628604155
-0.00839750117452815 0.066031626396628 -0.0993189875571871 -0.269287445462113
-0.0526778739632096 0.0269160919370803 0.0995223342146436 -0.27597180335949
-0.0434741164883684 -0.002313556880496 0.210986419041089 -0.112407220737726
-0.0126895082300868 -0.00912776665040266 0.0240521960516951 0.0875773951079065
0.121611454620927 0.178383484564209 -0.0907076216258182 0.058119947783933
0.235275777265483 -0.00729553905707579 -0.60218971929542 0.0651141889446098
0.0758566975837627 -0.203037237433493 -0.392271099168429 0.508215518509226
-0.153808254510288 -0.112182926842644 0.0771290201323197 0.439734712190442
-0.122785604759094 0.0430141729682653 0.19640071995527 0.124803832298813
-0.0581641541466694 0.0710953794956168 0.115177476900164 0.0093214484478294
-0.0135157775892916 0.0587840766575673 0.0657904193756203 0.00852911866222745
0.00668513414377987 0.0381719811234051 0.0381795570455022 -0.02667142665185
0.0131827345160697 0.00808724778387267 -0.026001338546107 -0.049862332774564
0.0301106764090594 0.00906115470955789 -0.0975724766227116 -0.0620115290239234
0.0302906617058214 0.0597218862359469 -0.165620477666895 -0.102990031452924
-0.0325126543996447 0.0997203700291211 -0.126451465456251 -0.253423616814571
-0.0796025147791557 0.00676370668576418 0.0551282485236341 -0.298350329843554
-0.0123348787843366 -0.0153742958488621 0.212246582839433 -0.169335508517922
0.0317224522573805 0.0431815423915948 0.0326471855666631 0.0827227598479884
0.143554705214333 0.198650004390076 -0.109946955937389 0.0201181562911076
0.262162353570124 -0.0983951248498431 -0.556687197799147 0.134473122765448
0.016705897921213 -0.255971404086484 -0.273769500185314 0.452979185880583
-0.192412836280999 -0.0712480988528157 0.0757808126177887 0.325221745002443
-0.115455519557988 0.0709197541664016 0.126857659341541 0.0916147331961456
-0.0557095858519623 0.0760557533489762 0.070044739895835 0.031236440611085
-0.0111548840792077 0.0597320005756282 0.0492025758732728 0.0307216040150522
0.0220560342263264 0.0410454126334738 0.0193740589579289 -0.0106404272188711
0.0344351209575498 0.0165094028815441 -0.0403189401856345 -0.0362855163708997
0.047157334946372 0.039519601306322 -0.0971327312385535 -0.051800016299603
0.0287886425755269 0.115592429572138 -0.162365523160496 -0.0758530698233743
-0.100752035716591 0.147014101086333 -0.172827359252004 -0.227780677617692
-0.144114742299679 -0.0667379585304956 -0.00351360092146815 -0.343023156496344
0.0573999188164674 -0.0937493046118568 0.227548482700793 -0.252016485444431
0.151590398228826 0.0799533353861759 0.0702339850158946 0.0849023430179216
0.207033284955447 0.150219230288225 -0.107825742744108 -0.0277776587961848
0.200958971136101 -0.127844654196514 -0.466677392559321 0.136901937092015
-0.0456524982445069 -0.206523640699468 -0.232726669056774 0.359643452528954
-0.162398071015213 -0.000613523056784651 0.0157657812667179 0.265887224706842
-0.0615367071123555 0.0681242301178124 0.0755447271977508 0.111003365806431
-0.036405301668664 0.0398096443987251 0.0579254505902915 0.0630514115075934
-0.0105979426842016 0.0394446473978889 0.0483163891406573 0.0492488456682646
0.0206117092811438 0.0400457472104484 0.0172634247085705 0.00615296003590457
0.0320595482430444 0.0391022699305749 -0.030734724031727 -0.0232850644631879
0.0253122860515997 0.0837991412814186 -0.0671890771485372 -0.0358704869542666
-0.0312162623444071 0.148583979963126 -0.143851915775678 -0.0369394509539102
-0.188382656196944 0.0950684864812407 -0.215676700023653 -0.194432038076783
-0.111858406174716 -0.185242140115867 -0.0569766841360689 -0.390019722643201
0.176820309087083 -0.107472499129428 0.250794474044595 -0.334673903352075
0.213096648811739 0.15742285229533 0.0781385096439194 0.0374418748983397
0.171664149399721 0.113080127886831 -0.095740186213466 -0.0455940050475071
0.102094010431763 -0.108742046608766 -0.362341771017029 0.109574227588127
-0.0829833362918554 -0.104439944335451 -0.223138890354317 0.284431209864776
-0.0871455710859557 0.0597323417407347 -0.020488046829466 0.263078122439913
0.000222010142194837 0.0411110084632616 0.076942760998598 0.132034364627221
-0.0113112859470662 -0.00386717463958618 0.0731119660651048 0.0710423637269758
-0.00662199404822534 0.00833073868963082 0.0474843103913306 0.0558483969137036
0.0136076419678807 0.0318473250098922 0.0159784851396512 0.0242022760308188
0.0175421986457716 0.0569984712021513 -0.0181493646513128 0.000441895778144901
-0.016125334436633 0.109949445904918 -0.0505535738253247 0.0082960038997656
-0.104350383517402 0.126363875885121 -0.163646934662262 0.018764967830718
-0.223326526611122 -0.0253139343589093 -0.288208495763423 -0.199377265255021
0.00315759513090196 -0.269760855864039 -0.0766683587335871 -0.48528750387948
0.287101470591525 -0.0540426937999985 0.32002041356254 -0.409103044153823
0.226187995738809 0.225871432279596 0.0846433923782441 -0.0221684241092588
0.125777202932704 0.0817478830260535 -0.0708887819696455 -0.0664274273787454
0.0397587220065806 -0.058671990956237 -0.285832106579963 0.0750765291082012
-0.0643704738163396 -0.0250729346872643 -0.220890147787028 0.25792723931465
-0.0173480820111316 0.0635001060900856 -0.00964935485591256 0.288490856168012
0.0365944665293569 0.00263896309939477 0.118759798225441 0.137696766861187
0.0060694586394192 -0.0349760807414513 0.0998907095774445 0.0564713264998943
-0.00133401804131372 -0.0117028201155468 0.0480940108285272 0.0512971375947416
0.00392493521357924 0.0215543480221531 0.0123766540372216 0.0366720908466911
-0.00341917116055042 0.0557101504089177 -0.0144477602671844 0.0288918647592506
-0.0538807092344855 0.0901653826972608 -0.0645658156366545 0.0586200762443759
-0.132673521329668 0.0503064937646941 -0.225950961602237 0.0479042761746491
-0.154910296113475 -0.13426233691718 -0.343492219430461 -0.272832985165339
0.140193087732632 -0.235546774236924 -0.0152553100233855 -0.59990789368997
0.307180613846801 0.0535391439952459 0.441839235652553 -0.431594219618267
0.171340977162758 0.240840777484285 0.0932052942685173 -0.0775152571138079
0.0837717563852276 0.062810987005836 -0.0500790231731519 -0.0909596728414042
0.0288968036222895 -0.0153396710615148 -0.244705715992235 0.0549524095895203
-0.0156337017017136 -0.000105732305998708 -0.203343384701192 0.265178748398444
0.0165505014131855 0.0238045931912041 0.0320741660984583 0.309555308140216
0.0386310477845403 -0.0257286755772672 0.169501565510401 0.129252145708514
0.0110556301138121 -0.0407548085655015 0.123762965239313 0.0347930720274677
-0.00177386821786924 -0.0191734240607723 0.0458915941894557 0.042296831060003
-0.00533334701185395 0.00751299174825402 0.00895186622981316 0.04104723183992
-0.0195569825192327 0.0307753525665852 -0.0218639398475645 0.052130683029819
-0.054781212693533 0.0327939651259177 -0.101164420916965 0.0892948608556635
-0.0853633581479735 -0.0281547940307456 -0.287988863576319 0.0251704229250273
-0.0223040735909955 -0.144747892473308 -0.329328828902388 -0.375236178535215
0.189289419766712 -0.0949893887472968 0.120664227683898 -0.663809045693568
0.202211420985643 0.136480887671644 0.566480448389657 -0.383560156348493
0.0707891155389321 0.180776951360047 0.110333028312042 -0.114276092313083
0.02419761816421 -0.0200619823210147 -0.0127987177189594 0.0580342994503971
0.0070627693672434 -0.0607565471891484 -0.57584040084921 0.148671740694019
-0.0595668677041598 -0.0630202929021609 -0.305335763562109 0.639121101326644
-0.0781529566683665 0.0307007274819254 0.192630691672727 0.509192406607401
-0.0191319643349395 0.053118239118721 0.320562029575028 0.0887437575330222
0.0160152053755943 0.0373764874491173 0.155771846597164 -0.074530666258876
0.0229797786557026 0.0058559567470835 0.0528133902672141 -0.0474466588864259
0.0103257403262668 0.00475013707835436 0.0276657505460311 -0.0504716520047612
0.000198258950238059 0.0066131428813152 -0.0260639969977206 -0.0608901557225995
0.00261226816309957 0.0219375886652093 -0.101103723116502 -0.0647159660810247
-0.0110223795375234 0.0265655226079221 -0.156638516612459 -0.128372887640941
-0.0106411378523978 0.0198075083316785 -0.0605615020309247 -0.274803875216819
-0.0228049457811538 0.014889935097078 0.150222638389036 -0.255172441477047
-0.0447405044923299 0.000180293065678469 0.223953746080711 -0.0780562545023868
-0.0439340387878973 -0.0512469426076623 -0.00284139433375228 0.0954703506805708
0.0793885881461976 0.0890578634545845 -0.0626464078597061 0.0762824279558223
0.140738334095301 -0.0258094712170066 -0.589149822044426 0.0661505098313816
0.0211870009441984 -0.146890465810425 -0.408543677428121 0.545158425146683
-0.12890092750945 -0.0603637054681311 0.119090004097861 0.493103617373612
-0.0856025425259044 0.0504610083254128 0.267549982775934 0.11703307763966
-0.0263513456152188 0.0670125589687822 0.139721563298246 -0.0370763130891333
0.00861069405730139 0.0407249389143858 0.0622855216540697 -0.0246903335128716
0.00984414787064581 0.0240827005306216 0.0328660377266221 -0.0419104431791937
0.0069484143002166 0.00367578646566369 -0.0268564947644507 -0.0534576371169882
0.0171178979703209 0.00547159850609718 -0.105909141139092 -0.0593648145761619
0.017425697555911 0.0351316341473634 -0.17112875395048 -0.116445089077796
-0.00728648878836668 0.0655139570845978 -0.0982580001479724 -0.270555641910257
-0.0531556001832878 0.0282931973958445 0.104750892811972 -0.276520338453079
-0.0422867423134761 -0.00211322679348383 0.217308761345954 -0.110154520603898
-0.0115526055312332 -0.00906342166365456 0.0312615167666944 0.0909848122814643
0.12649969511662 0.175607445358509 -0.0859578943659469 0.0500832423757548
0.234431985041313 -0.0135997036443189 -0.598954451738182 0.0615808155515725
0.0696958059197765 -0.205670996351899 -0.385508865047123 0.502045224488671
-0.156680872316801 -0.108323422621141 0.0742719288400477 0.432390545341854
-0.119889964632436 0.0454725057111419 0.193412930989728 0.123070883069954
-0.0563693944975752 0.073428676289009 0.113694218686414 0.00866184462680501
-0.0119278843246042 0.0575663780926927 0.0652419026355974 0.00833972382564783
0.00846372547303478 0.0366531215014221 0.0341459209957489 -0.0285823633370538
0.0137348431000382 0.00767671700803784 -0.0312040536975924 -0.0512146187368975
0.0291630210822192 0.00851699158421803 -0.102542821634576 -0.0637726786348314
0.0313626432255466 0.0592561052095978 -0.167146998754631 -0.106514742466442
-0.0303142947523423 0.100670429223044 -0.124973465395895 -0.255579767029745
-0.0823974194093322 0.00764564270735575 0.0613485552158013 -0.299336280950241
-0.0126408388193498 -0.0172780796170529 0.217258769024022 -0.166781953966985
0.0359212915047345 0.0426901391308749 0.0368568353626682 0.0874339396673872
0.14953630210273 0.19663462176686 -0.105659619337793 0.0138509688914234
0.260090035904291 -0.10524759122339 -0.552611934449504 0.130308087650489
0.00885817533258566 -0.258209617482032 -0.27251901754446 0.440968388881491
-0.192536503230769 -0.0665902033365841 0.0696365913064373 0.317063051084058
-0.11268991361449 0.0736554976564841 0.122085107338639 0.0922952416026028
-0.0529832716064342 0.0772002070290093 0.0688676361259706 0.0322734838467254
-0.00789243652890744 0.0609718442257464 0.0502796179653525 0.0293737983738937
0.0247114265442037 0.0402713641380806 0.0172729320199906 -0.013217325149601
0.0347512201257047 0.0156687130488651 -0.04510934766476 -0.0364138974211173
0.0475564251430018 0.0385592738505365 -0.101238647831801 -0.0531167881637179
0.0319591796149697 0.115094710672121 -0.16234194321786 -0.0798823798420667
-0.096617453370879 0.149773805269096 -0.169040025848988 -0.229506618079695
-0.147249842816465 -0.0639466513276502 0.00182785646130771 -0.340776941451684
0.055437920022696 -0.0977617457750738 0.22910369726428 -0.249230003255631
0.155680826364112 0.0743952932660151 0.0762252316891016 0.0876391264149714
0.212375448190286 0.144968118982942 -0.105361030928042 -0.033533104703857
0.199679259574466 -0.133500851126829 -0.461130792313334 0.131339348368362
-0.0529410740002295 -0.206315268268594 -0.231756436505804 0.351279846457224
-0.162803536948788 0.00380805386241153 0.00994873114886639 0.262924050782763
-0.0590711945672933 0.0714657752257208 0.0713785078670232 0.112560393273483
-0.0343946410241789 0.0435645863969697 0.0590428694461923 0.0628553759201648
-0.00833173644387913 0.040369631623197 0.0507082840305209 0.0485166606131276
0.0237164551901764 0.0381426316641824 0.0175778532827112 0.00471040425550127
0.0349358564144917 0.0375433529270202 -0.0326037338562352 -0.0244301801435618
0.0285786645196551 0.083513393260441 -0.0711855199092675 -0.0384607082910861
-0.0267069009329552 0.149985350085037 -0.142189792960043 -0.0406306255837858
-0.184944860113169 0.100545567421956 -0.21163741894858 -0.193498106164179
-0.118537285799795 -0.182913763523372 -0.0522110718879674 -0.387232389493094
0.17554958451754 -0.113677894168806 0.249040958842296 -0.332187662627324
0.217715173714336 0.149990678152304 0.0820305357627185 0.0406597050733978
0.176838177385913 0.108096110865683 -0.0954327456654102 -0.0511098563602122
0.100764105108575 -0.113206697808538 -0.36227224021588 0.103396137769472
-0.0875091377535093 -0.104938572153087 -0.226167742330003 0.277772918099958
-0.086770745602313 0.0622171318592122 -0.0264740269522367 0.260484645609321
0.000792749309009775 0.0437319791988625 0.0727417223059363 0.134392158107412
-0.0112298992930594 -0.000576946051411611 0.0745499053527439 0.0709910689507361
-0.00440609057245973 0.0105776440343797 0.0509221981614503 0.0545049388333403
0.0166273390484193 0.0315668057986509 0.0160483874098445 0.0222628821415458
0.0205999356721157 0.0563808751036556 -0.0197889769999704 -0.000848272254877958
-0.0117743272364795 0.112029140324811 -0.0523832671193277 0.00390329341396936
-0.101115529839783 0.130496943765948 -0.160328390369608 0.0149039074559196
-0.22395162413158 -0.0173617486702632 -0.281800213168767 -0.195535398956068
-0.00631617628436174 -0.26888690215717 -0.0734912168880402 -0.47943608094657
0.284943320138834 -0.0615597991116374 0.318131043956621 -0.404250471631307
0.230366986339129 0.217711510329358 0.0855731123659788 -0.0166543057685857
0.129502769018075 0.0770166905040775 -0.0725042010340548 -0.0688776156244816
0.039331924291111 -0.0628224623155581 -0.287227197465064 0.0712917692411363
-0.0660784936357828 -0.0255101713100648 -0.225668215176345 0.255147081636914
-0.0171838491230433 0.0658863400655499 -0.0147054019546401 0.288855496071005
0.0360063696960763 0.00366470670398798 0.116808816577967 0.140305614373027
0.00483942014124369 -0.0321484870110859 0.101817594604309 0.0565048215704524
-0.0011123086907608 -0.0108111897569836 0.0517777656643755 0.0496827398393552
0.00637568370074845 0.0218954191163065 0.014761970877399 0.0343358583319689
-0.000377665047035751 0.0568317210523456 -0.0138450044165828 0.0284930393512333
-0.0495285438059875 0.0939305451178952 -0.0625989883719461 0.0558825449487809
-0.131210942863062 0.0552451257740193 -0.219148975413052 0.0452435977463168
-0.157862671869939 -0.127313163631687 -0.338741311935277 -0.265017632973181
0.130121382899556 -0.236350852415829 -0.0131787673596338 -0.590519294952582
0.306049184440703 0.0457869218890129 0.437450004255 -0.427424859002502
0.175213413822653 0.235129349123413 0.0931951240614686 -0.0711722389719789
0.085626913757011 0.0581046137423669 -0.0548792858769207 -0.0937303379532929
0.029798442201626 -0.0162766952189092 -0.247385628298697 0.0509825424306143
-0.0188029594732696 -0.00120922012831265 -0.208925817913889 0.263569609754506
0.0163347217909339 0.0252813073096221 0.0275429193561425 0.309826449064787
0.0361114824102461 -0.0247134979709748 0.16650954561918 0.130127563506517
0.0089306696636761 -0.0386021578149328 0.124994973807993 0.0330270877176263
-0.000953438264043974 -0.0169732585583223 0.0492730433914058 0.0422930881348935
-0.0036217809063841 0.00915440432967584 0.0104211976017926 0.0403693146277236
-0.0171241529849383 0.0328840046077446 -0.0207466339948263 0.0522122419871166
-0.0531677194907507 0.0356725992599372 -0.0962361324838728 0.0877261665081143
-0.0857726912102792 -0.0234359031986869 -0.280557883232063 0.0275529530919439
-0.0280005878944943 -0.14028664140361 -0.325332505022736 -0.365633722127237
0.181770708145799 -0.0978931171457631 0.117424870467809 -0.652702341282799
0.202894443048465 0.131216692696725 0.562885130571548 -0.380940174106584
0.0731853793187569 0.17514407412281 0.107831639322382 -0.106594027958716
0.0236138351421464 -0.019499802685091 -0.00915192686521123 0.0490478307144613
0.00705036511566375 -0.0597784013255012 -0.581191841934989 0.145054113953432
-0.0596686934227626 -0.0631626748256472 -0.305708199225743 0.639282484187226
-0.0754746731648945 0.030983567819004 0.193091123418063 0.507393867594325
-0.015929587494401 0.0529100997359982 0.319327937110418 0.0841116515902265
0.0162587247689455 0.0386687857857546 0.154685936871484 -0.0768651418221378
0.0197135063418687 0.00693879910637417 0.0512532841133167 -0.0454054352145058
0.00855413238218381 0.00740701145509571 0.0236058033320099 -0.0508675655620972
0.00116922741095057 0.00797842822046408 -0.0335525227992541 -0.0608187507496845
-0.00111229760507285 0.0187011069364937 -0.106315849063585 -0.0659842225218047
-0.0114175304762568 0.0259057423097976 -0.16094090752928 -0.132983350409562
-0.0118142084766648 0.0195670411115749 -0.0593894558780318 -0.280523609656236
-0.0218112596510107 0.0181611533119063 0.16156819299912 -0.258415261656943
-0.0484848276335176 0.00437020277840175 0.234410127700838 -0.0772883000354788
-0.0430247330029567 -0.0488855057393492 0.00856681719238547 0.100082655702269
0.0819477965597262 0.0884413569322747 -0.0588988611310975 0.0679296525426404
0.142662598271319 -0.0262099247423596 -0.596237375925472 0.0622903296778495
0.0204894068384728 -0.14894732611706 -0.410445148646749 0.548743893169322
-0.131077565738831 -0.0592681665645649 0.118176305836636 0.49568928047727
-0.0848752782866142 0.0516485413709088 0.268284023624621 0.116812814056199
-0.0257556081684258 0.067463867645643 0.142027357092415 -0.036526684218874
0.00799966668579948 0.0396705366586135 0.0612849590244743 -0.0252346989779983
0.0102696015528876 0.0228000302322342 0.0292022476633181 -0.0426717672813797
0.00613059635439402 0.00365326672162861 -0.0336264148628409 -0.0541297058162885
0.0160919924124978 0.00522343411445687 -0.111789971322277 -0.0615730012422422
0.0181058937035772 0.034736658028617 -0.17450739563875 -0.120791259545595
-0.00612347928198809 0.0660278554148622 -0.0981951334029071 -0.278334286429085
-0.0547696458599386 0.029675115848553 0.11309739824207 -0.282134039577662
-0.0428645118587675 -0.00275474475026378 0.228062958602123 -0.109591790417144
-0.0104409838218908 -0.00899279229663089 0.0384586932392755 0.0964454807055658
0.132209770356204 0.174745023836368 -0.0827118732336558 0.042797287948807
0.237528283927321 -0.0194058245968148 -0.60641968490869 0.0566210685347838
0.0659268344518071 -0.210425782346092 -0.389982076990124 0.504881227785048
-0.160330008896472 -0.106133260523095 0.0715778572364715 0.432020381957725
-0.119730618685171 0.0486658904129752 0.19213412711153 0.123794885412668
-0.0542793812370662 0.0758111944015325 0.113629770560183 0.00908300965337034
-0.0104296030667133 0.0583882064958094 0.0649172191116494 0.00811186371101587
0.0102598863678136 0.0349419398498559 0.03097190622799 -0.0295210208646983
0.0134492643881208 0.00747031301693642 -0.0366236285369626 -0.0521358479729999
0.0290295186293638 0.00781609029975291 -0.10990848765738 -0.0659112898666162
0.0330874570023089 0.0592853649299867 -0.170607780793947 -0.111175556378253
-0.0287534481659863 0.104479794721003 -0.126182072740621 -0.263460447525193
-0.086538281280971 0.00833110023545695 0.0689648524374443 -0.305599284590888
-0.0117185566946661 -0.0202858251892277 0.228286466458787 -0.166748158526767
0.0418565990417606 0.043802531085285 0.042661612025279 0.0931424015787438
0.156856408263908 0.196541375287541 -0.104523160443213 0.00790442772182496
0.264139218180877 -0.113421396811573 -0.558121211181688 0.126808440152134
0.00375230326708953 -0.26292459998712 -0.275798447894961 0.438927545765896
-0.198205859066912 -0.062516720850596 0.0656235060514218 0.316646204261142
-0.111406214646969 0.0757847289859389 0.11910995463683 0.0936767655153809
-0.0512462811849757 0.0800936952623195 0.0697881403047845 0.0335549568524995
-0.00653602247290586 0.0619175959541167 0.0520739106729983 0.0294077375838992
0.0272154947965524 0.0380781296529359 0.0160895700720317 -0.0146417952932931
0.036252404693226 0.0141835702922419 -0.0484601483750731 -0.0384128875347066
0.0489268953802107 0.0391074377114178 -0.107501957298003 -0.0560201227280673
0.0338838387226737 0.116867750516828 -0.165477107455505 -0.085900301960106
-0.0948022559142021 0.15476529845553 -0.168065295194532 -0.234312787894062
-0.154888529625879 -0.0626429152320023 0.00778721082798505 -0.346198573462774
0.0555763723183648 -0.102602222620084 0.236856832223335 -0.249241172653883
0.162164767842529 0.0709982954225793 0.0831644700858901 0.0912774169033316
0.219473380156263 0.141440156122839 -0.106216758147744 -0.0399179394046537
0.203116475366575 -0.141846213214393 -0.467829585018288 0.128232280929319
-0.0593411400736202 -0.210107776211973 -0.237280721192006 0.349912815452204
-0.165117859367154 0.00884064079728489 0.00424412621385134 0.263384493744734
-0.0581500736382742 0.0743115371687504 0.0683194208683482 0.11694759867791
-0.0322991108070708 0.0466146066621549 0.0604835159629411 0.0660661759557658
-0.00592762560169522 0.0400686614008782 0.0528053169377777 0.0469293234403881
0.0273190339352835 0.036491715650892 0.0166560963555931 0.00368554238267987
0.0360941944426359 0.0370164095860034 -0.0366126693423506 -0.0254299473418156
0.032074572268862 0.0852559420928698 -0.0762073831722578 -0.0413526210738165
-0.0234504224517668 0.154250150079009 -0.143683533167817 -0.0464775230689688
-0.185790598903391 0.10794260817781 -0.21041653063523 -0.197105498929396
-0.126287078413306 -0.183319545111828 -0.0471980272182132 -0.389866091081568
0.177354502520757 -0.120905107949387 0.255491817323896 -0.331279161817876
0.225193157466957 0.147286721415922 0.0870738388505346 0.0442560479675056
0.183614569109917 0.103572347523964 -0.0962110057129161 -0.0582173968472305
0.102668665861154 -0.119151415478254 -0.367402731277567 0.0988873582059755
-0.0927679994483391 -0.10731303411282 -0.234290533081223 0.27563288249295
-0.0887995158566943 0.0666477923931298 -0.0340376327033176 0.264770106271122
0.00191536678092489 0.0454556531917398 0.0700328359522287 0.139215755361577
-0.0109141363188694 0.00199152924068271 0.0769572079329205 0.0725239090641773
-0.00229663432726177 0.0107910587610657 0.0533800773469479 0.0536656123786319
0.0206274184797612 0.0312172915169717 0.0172284421281558 0.0206624280248158
0.0233345710262064 0.0568900201583553 -0.0217182317346989 -0.00270214760101621
-0.00871392273544096 0.115123913001278 -0.0551001501594843 -7.84220833435298E-05
-0.0985517514833359 0.136096800225046 -0.159193356693182 0.0100769380015555
-0.227480050390536 -0.00984687176012987 -0.281381355509714 -0.196083651481753
-0.0149960431625671 -0.271199700316377 -0.0706731605214449 -0.481616860495607
0.28866514184244 -0.0683864998668776 0.323319954587238 -0.408369380242489
0.237960104560582 0.214701482870287 0.0891220029068023 -0.0121236676291962
0.135013339449091 0.0735193972413499 -0.0749537621774336 -0.073790692463366
0.0400581761331679 -0.0671493496768413 -0.294396293632559 0.0671122556111309
-0.0700787588379677 -0.0259863935352071 -0.234066416609108 0.255149158943941
-0.0174354330046954 0.0682623937855356 -0.0223232252788472 0.29299497280696
0.0365003208366862 0.00581896445868196 0.115586034806263 0.145475365128798
0.00424260221641369 -0.0305681971333946 0.10424622909849 0.0567465619169033
0.000549044422503695 -0.00959090489231889 0.0554435381042743 0.0489157160417315
0.00967012693788716 0.0225090245328768 0.0169007868167909 0.0332771015543389
0.00224876342557995 0.0584087933208207 -0.0144825333248361 0.02686904110126
-0.0468462930227903 0.0987423468621018 -0.0628579421421291 0.0523264797871868
-0.130955017923485 0.0611313709356533 -0.217439976588521 0.0428479422623565
-0.16262702840829 -0.122690929805589 -0.336853419890628 -0.265216059865737
0.123753652598044 -0.241904912779666 -0.00963341001826856 -0.59301283433996
0.310149249251941 0.0404139203205899 0.442148607300111 -0.430833918857867
0.18180479185938 0.233891213695623 0.0937197935677559 -0.0663933619678462
0.0887456365435068 0.0557240333732211 -0.0589983944784614 -0.0973754814386575
0.0293711879910998 -0.0204953740738613 -0.253851490575068 0.0479749004542492
-0.0208638443872972 -0.00160020921704854 -0.217858193922145 0.266873647307071
0.016191056532459 0.0271983316279785 0.0234825616162577 0.316193894036862
0.0356214508294502 -0.0243554904689514 0.166952268428489 0.134554878572884
0.00905698728941031 -0.0367733090586906 0.129304450362199 0.0328157692939887
0.000339858777290904 -0.0167722725612904 0.0548509869212377 0.0414076927159221
-0.00172238142166972 0.011018492578104 0.014145452798776 0.0401305244982704
-0.0152667782804987 0.0337752700428413 -0.0192301436963043 0.0516666748920442
-0.0525725670019887 0.0398141910138961 -0.0938868145331625 0.085423366540365
-0.0877853225002686 -0.0202867698410169 -0.278760906694945 0.0258618064162887
-0.0326218324722366 -0.139550619971021 -0.324267444607028 -0.364260191440649
0.178804411707196 -0.101030220883781 0.121942087559847 -0.654599437345048
0.204667911259641 0.127558750587708 0.568231794859483 -0.381927823851354
0.0768343739916114 0.175725833940758 0.107613708251219 -0.100897403094058
0.00750262188491597 -0.0286080846839923 0.0189578365793193 0.0396247061504749
-0.0299885991152213 -0.0482711297376819 -0.390204715386834 0.471186835723029
-0.0851778942971513 -0.0104360790650435 0.133041769462741 0.710052447870691
-0.0389957667233792 0.0674437878326186 0.469801104380626 0.294141310426986
0.0171853522048417 0.0498688015838642 0.308625033413786 -0.127627063973367
0.0351473516934262 0.0173565321826139 0.0756615426490523 -0.156682879220851
0.018700398505125 -0.00790269934546441 0.0115680720128499 -0.0697447452494097
0.0090857172399082 -0.000479629636067666 -0.0170753530133149 -0.0550622728252292
0.00164812716362088 0.00576199068074422 -0.0705123269977353 -0.0263736925308142
0.0127063964927128 0.0175510611344857 -0.13220468237041 0.0153252804875101
0.00448502596257193 0.0273716109128009 -0.217481140719989 -0.00875018182527002
0.00232547236360529 0.0220575250525142 -0.227791072622037 -0.198199583534319
-0.00681247707926271 0.0251686889443559 -0.0307409244513011 -0.318226253763117
-0.0331497936904319 0.0317252229141128 0.148812897143984 -0.218346922410551
-0.0669563394021905 -0.00973430677101595 0.0816914650971292 0.0757201843066187
0.12035137670207 0.0257143196021576 -0.00303015884382865 0.077061992737473
0.0986787275649031 -0.101400987801136 -0.447206474953783 0.408697544118614
-0.07365159157879 -0.128189574032568 -0.00827508128974415 0.692581286060227
-0.135828762175783 0.0297601549486448 0.395892354905536 0.336017453541877
-0.0368630332966878 0.0902361958137177 0.286584606254925 -0.0679858603429221
0.0204250999511452 0.0684532539841253 0.0917585364081259 -0.115793722119829
0.0303554007320916 0.0256563190797716 0.0349085584755547 -0.0585396626926194
0.0216232893445713 0.01160111007101 -0.00598937755843047 -0.0504236575605684
0.00661532954361594 -0.000403472549324507 -0.0656119684450695 -0.0196776650338431
0.0143338725350326 -0.00562706438936564 -0.133801406812538 0.022625403442599
0.0343349078073133 0.0174517310419128 -0.220675697421919 0.0094485853366206
0.0350334961956447 0.0577989642542362 -0.257446436266811 -0.170072058069412
-0.0302034379963488 0.0572569893715369 -0.0832229836725607 -0.30730288582454
-0.0364238508322908 0.0229177627337699 0.121820622669106 -0.243039422124302
-0.0118818729371833 -0.000291738704176007 0.0990492286584728 0.0553845814528715
0.213014093001475 0.0664289865344525 -0.0319247993718132 0.0669263770069096
0.17768672592318 -0.15436381468951 -0.454051013830016 0.408269855886854
-0.0752532638113193 -0.205094492080762 -0.0222873537618839 0.640209085002404
-0.188433883970903 0.0111766341464793 0.313148297867799 0.313490479453588
-0.0662077324810059 0.109049780629309 0.22852192148877 -0.0134726514820838
0.00375163853087472 0.0931148639693861 0.0970922810816991 -0.0605465368759824
0.0283887093404803 0.0516991498180548 0.0585697901464887 -0.0354360568857968
0.0307126424758343 0.0208942470389193 0.00437959824399034 -0.0413678442471203
0.0163469290367069 -0.00376725174063399 -0.0664594838276166 -0.0165467090447747
0.0275678919374286 -0.0115157732664284 -0.135751836886331 0.0170982988829963
0.064030614865454 0.0279667018356597 -0.212163887447212 0.0141430514181659
0.0408988663928576 0.105597432231938 -0.269978866711695 -0.140222160656031
-0.0730786251187811 0.0623610853803033 -0.134451348876497 -0.298122198355056
-0.0245603426069251 -0.0150472955037748 0.0851459788069392 -0.288470257255409
0.0676783013848752 0.00734352507732326 0.100347261697029 0.0483917901991559
0.246658083840127 0.0669098368555742 -0.0707221664835547 0.0499531554307762
0.143742193851855 -0.245546451239658 -0.375138993665858 0.43165022366599
-0.157288053047111 -0.20989131153077 0.0260344509093844 0.51705091945649
-0.193946688659417 0.0679216983143927 0.234885159369877 0.227915463625078
-0.0427072653596888 0.127767828321764 0.150884457108518 0.00977345145700036
0.0112148247679298 0.0960296051511321 0.0775126563978879 -0.0124132192909391
0.0350327149366586 0.0509009119215803 0.0616903077446169 -0.00944529881295817
0.0466055420148619 0.0112620060850363 0.00136892943676465 -0.0205819481775807
0.0383243835284911 -0.0115864210469098 -0.0665306517429782 0.0028738048984656
0.0645551169138123 0.000454803277114691 -0.127753360113358 0.0227800143593854
0.1031968920762 0.0742962324207125 -0.191139816675137 0.0298836360372293
0.0191449383211897 0.191585377823626 -0.284882564363787 -0.0902645440975675
-0.177416314718294 0.0476502711128988 -0.209666769947009 -0.289994615296156
-0.0234754251651449 -0.130305424018639 0.040114136099975 -0.356267371072317
0.184622529358076 -0.0505021191395502 0.126972030522377 0.0254344438447231
0.265934509162663 -0.0144558594632236 -0.106126043450564 0.0103241293053139
0.077089965117644 -0.233145885458733 -0.301648913919581 0.376935979920879
-0.177988411884081 -0.13130270632521 0.000932381384657452 0.427034645324825
-0.125614678300713 0.107020929258418 0.155868176305464 0.225652479568046
-6.50406199757709E-05 0.0941150103763012 0.126214472052847 0.0599549895932805
0.00407045716327223 0.0586215843158198 0.0913248292323633 0.017776009900664
0.0215653706191064 0.0347849216278026 0.0748433933502333 0.00391695081434646
0.0472756236970988 0.0105722216527677 0.0141702027293224 -0.00742469431729979
0.0549822938320983 0.00608728339123062 -0.0491478334659805 0.0040061715108402
0.0821110311595861 0.0504219700680386 -0.0942199259160259 0.0136258530266328
0.080834114909309 0.143127229140368 -0.147748890322248 0.0477459633154546
-0.0860509482972852 0.211210314694974 -0.293011463130528 -0.0334497120046555
-0.236316208277647 -0.0705449899084152 -0.281175388942917 -0.288065666083487
0.0651630359429547 -0.225639855919869 -0.000476555273762212 -0.428994617471673
0.288659165175956 -0.0302495950104371 0.0946389340724677 -0.0129929698019429
0.213482818001796 -0.0245766622360397 -0.111658680764667 -0.00432178034848574
0.0102382794074519 -0.157688754790437 -0.241661772794465 0.29770724824496
-0.141542162959968 -0.0287835403319196 -0.0372458187598727 0.370933908950061
-0.0296882444600493 0.108172865481779 0.130545453028407 0.248392097451751
0.0315867735831395 0.036103280161984 0.144497177046335 0.0747726443583171
-0.005761561587106 0.0101856944043283 0.107693795725791 0.0116259349172968
0.00717671551626907 0.00994871493249425 0.0784406893276924 0.0071226760170278
0.0387999265698892 0.0104414147589135 0.0263745559603707 0.00543826043019901
0.0571327901172747 0.0309199470731774 -0.0223787046975554 0.0118825238093896
0.0696328643436297 0.100701452165438 -0.0497978642285382 0.0324050272877614
0.00906358569778266 0.17716041515365 -0.121700284077089 0.102549331212497
-0.19564404614389 0.141196880433331 -0.347262675202738 0.0137502585653306
-0.201388575748099 -0.219289126027414 -0.356925778940479 -0.343688522755457
0.192314416035587 -0.256128883404638 0.00360886205262267 -0.530060038481549
0.342792575540654 0.0172503439073334 0.055565105721868 -0.0599132588134802
0.154894342276495 -0.0205113742852924 -0.107333397788258 -0.0258525731915719
-0.00906400216509764 -0.0781424201828481 -0.203248723317783 0.230111249062105
-0.0753901945123072 0.0245680137094099 -0.0461123213702942 0.355963934880949
0.0287675521225972 0.0676511812129595 0.162852018555882 0.262505977949
0.0336258298982073 -0.0160505908392496 0.184250374269957 0.0501728308042654
-0.0139426285475579 -0.0250974961768303 0.120010070535619 -0.0203896278828238
-0.00375196749055772 -0.00927135975554221 0.0777510927464126 0.00260408297582331
0.0239978265244235 0.010932830542247 0.034549441469562 0.0149599338539565
0.0420634076475865 0.0456046683987138 0.00383273948327629 0.0303929396694279
0.0282440171159415 0.111551498754332 -0.0209773612020104 0.0788513517975681
-0.0667925508013693 0.137977226256922 -0.146045808073272 0.167105054767652
-0.215989608236588 0.00868126990086654 -0.434347533813314 -0.00211168239500048
-0.0650050882542628 -0.287212925726371 -0.380893701276452 -0.469062012210194
0.282396656242669 -0.181123553653401 0.0830869880922169 -0.626106019175606
0.307992957696412 0.0715220195544856 0.0246675948748893 -0.109239405930229
0.10548038084205 -0.00741147112253895 -0.110777686199473 -0.0502833662071457
0.0114489996409941 -0.0327674944046896 -0.182642343527629 0.193665799299206
-0.019482714362807 0.0140007498696083 -0.022103937198149 0.355416545151779
0.0299735922190653 0.0141559904648963 0.21544711642785 0.251312851379999
0.0141656007193657 -0.0396282226612045 0.21933700751519 0.00776778534434626
-0.0159307495566099 -0.0343236856939721 0.125220567532623 -0.0552666546880765
-0.00843425302623878 -0.0131945375059363 0.0735737596865411 -0.00306436481997743
0.00747358713067907 0.00957951247389216 0.037284618174526 0.0207323152931551
0.0126681607770802 0.0378478704929633 0.0163319987998285 0.052856005934902
-0.0154185816924554 0.0682867248244605 -0.0235598399589914 0.12617969775904
-0.0857100737850423 0.0437190005298425 -0.203683760039064 0.193095924925959
-0.119931903849612 -0.0897988760042202 -0.488893604143645 -0.0907680391062245
0.0748253719589858 -0.208427484324319 -0.316447820980154 -0.601147421461859
0.255610571021284 -0.0382811718760667 0.213922122825682 -0.669081693801605
0.18066918898977 0.0917461771442631 0.0171528412475264 -0.148338718177573
0.0063467995339474 -0.0299854387270445 0.0176207721771088 0.0313682819104035
-0.0312483152461635 -0.0461292160107879 -0.390831494139526 0.499357991072445
-0.0859574057851322 -0.00458555640725093 0.162810418535724 0.724853608212991
-0.0365994903665316 0.0723091556387124 0.488967104398487 0.281629150396252
0.0186409909833985 0.0470151426384189 0.31119877221194 -0.141206224358828
0.0340881180559671 0.0156149384714012 0.0707463919463192 -0.162877030246608
0.0162374892479726 -0.00852344208538295 0.00807479888704229 -0.0690897888139121
0.0075402342681245 -0.000185650917893039 -0.0205641937894882 -0.0533155496733322
0.000566035449439797 0.0058918856359536 -0.0758516733220112 -0.0201409264608897
0.0110514645610738 0.013780192309055 -0.140236070174556 0.0232458928195065
0.0052616668685057 0.0261782962323218 -0.22756026810617 -0.00377706138384661
0.00288838383903343 0.0203639690747741 -0.242607917012617 -0.200365086062183
-0.00377935121241607 0.0270206579422645 -0.0400800524383039 -0.33516015937791
-0.0318954690019862 0.0358585513824565 0.153850759275562 -0.235994351619962
-0.069315885434456 -0.00401395974929154 0.095890666018934 0.073515325079642
0.12635151482028 0.0205332164980625 -0.00145124719717282 0.0712711832945481
0.0961060604590958 -0.111639118325329 -0.45388481542347 0.435775164091493
-0.0829972209073118 -0.128820200258193 0.0143893761201819 0.709753828975912
-0.139165921034491 0.0371128791250266 0.414825812814664 0.33136127680965
-0.0336561684699634 0.09322464666003 0.289684277605439 -0.0803570094501508
0.0246134213812715 0.0685532133825276 0.0901508032321191 -0.123664621723769
0.0319356112135663 0.0245295292358918 0.0330283397208034 -0.0613806943469817
0.0224448265973959 0.0105579235838542 -0.0104682556417871 -0.0496168295764626
0.00615078652298918 -0.00132565408644608 -0.073076529624714 -0.0135792627642408
0.0124768872809745 -0.00636280298118367 -0.141233914157905 0.0325546408488742
0.0352915940785884 0.0153152178578711 -0.231931586125153 0.0172324738008806
0.0404951713528639 0.057053487015779 -0.273820280853687 -0.170203772874268
-0.0284276938909585 0.0624791291581966 -0.0945252213330483 -0.323192285052104
-0.0364100722287712 0.0245169246492543 0.124124603085103 -0.260082698091667
-0.0112184371854227 -0.00155165649613755 0.109050774348995 0.0599940163690995
0.224828314429694 0.0550391254163534 -0.0336887573852798 0.0626211973389813
0.175374084721067 -0.170028064802204 -0.458265917663111 0.436640058650153
-0.0904187760662579 -0.20751061945103 -0.00301182078994267 0.658188797011128
-0.194736641877073 0.0219849054988142 0.329800559293302 0.311211323807566
-0.0613999048926944 0.115136081848511 0.232452192960646 -0.0210452452586465
0.0096042335395876 0.0962847042748719 0.0971566753503041 -0.0647793097980403
0.0319811394770345 0.0508864627218848 0.0584575952927004 -0.039538644566419
0.0325678439404489 0.0180798889895355 0.000845302481716092 -0.0419418279374322
0.0158041860383285 -0.00539389175667764 -0.0724110562559403 -0.0106916795501306
0.0271671484492397 -0.0134490088333462 -0.143934440798514 0.0259258637349091
0.0673409815854409 0.025183828403574 -0.223272397455067 0.0206614070080209
0.0489708485996996 0.107517205499847 -0.285948440297256 -0.138873026451928
-0.074611042075249 0.0694487756287371 -0.14766162199089 -0.309816781136983
-0.0268997283674667 -0.0160747405193696 0.0835789188496625 -0.30384900494573
0.0726993437512418 0.000573556216024127 0.114283870202305 0.0447934368216853
0.259404781740398 0.0536590457594936 -0.0751846990119275 0.0464435868481608
0.135072877574201 -0.262225580442686 -0.373156215822495 0.456331426475578
-0.175292400568607 -0.209126818812775 0.0400541559096475 0.528101809602122
-0.196715133421302 0.0817007657787779 0.243287496310456 0.22786022768445
-0.0353036124857833 0.134268305096933 0.153722528929115 0.00900383734089645
0.0180613624995178 0.098373526275618 0.0802678634428091 -0.0150773118266832
0.0389666914983952 0.0495329715842303 0.0629622101272979 -0.0141632185190996
0.0485779760320473 0.00653284662274721 -0.000389254905134184 -0.0207010364377912
0.0390521115911503 -0.0152323655966096 -0.0719151600251093 0.00909283993098708
0.0659205988932526 -0.00198333768317469 -0.135285465130753 0.0316777338757521
0.111400912406202 0.0710645407763849 -0.200296344965837 0.0354179935123606
0.031912917487249 0.196474204159829 -0.298457610016899 -0.0870681750043854
-0.183356555151736 0.061003233594363 -0.224286124668533 -0.297017952268732
-0.0313175863707472 -0.136036741555327 0.0327825093057573 -0.37155697461327
0.188874996373474 -0.0658992690762077 0.139750416646452 0.0193614673407146
0.274778532315754 -0.0317604567991324 -0.112835399435791 0.00993616869016938
0.0666897787130853 -0.248240069463218 -0.303361539930216 0.39549279962428
-0.194007186297926 -0.125675288667941 0.0088980924815604 0.438800645828633
-0.124083455657584 0.11863332019034 0.161512572002431 0.231093195960669
0.00693427223008007 0.0975839987968399 0.131050003472817 0.0619418870019046
0.00957379702032375 0.0612985885178687 0.0966973171361176 0.0155178079723759
0.0255812630933821 0.0323804404171398 0.0762725130559196 -0.000503513613961166
0.0495248928116486 0.00595230117436698 0.0130080078037661 -0.0093570806939115
0.0574017741023288 0.00219289873811345 -0.0525124344729771 0.00692166049647652
0.0891795322603487 0.048384241979533 -0.100744439566412 0.0189620788894413
0.0922997036892235 0.142759348509638 -0.154264219799087 0.0515379296905171
-0.0749118846719593 0.223363033251987 -0.301416329207382 -0.0267419543601046
-0.249891732728514 -0.0579178865897494 -0.298078042621284 -0.292246208612167
0.0550140096101284 -0.239806329797686 -0.0116301839283781 -0.444638737187695
0.297827666069615 -0.0488957351533948 0.103350082135165 -0.0158284764799376
0.221323194507108 -0.040118328380493 -0.119833590835746 -0.0043706828093521
0.00137591254887538 -0.167115358913345 -0.242324286702762 0.311430621514742
-0.151651802356995 -0.0214054570272059 -0.0323176603121461 0.38349929391678
-0.0243245905783649 0.114455914521705 0.139472338341484 0.257452634616243
0.03699959212796 0.0361483831758833 0.152151922982327 0.0773218202744617
-0.00299821367478438 0.0112609263930688 0.113122796574977 0.0075998215428413
0.00924918364590254 0.00854584764844572 0.0815491201745095 0.00172152356278006
0.041385476476633 0.0056445560743222 0.027021764368768 0.00333547871321424
0.0633050963539681 0.0274910403769774 -0.0248074483011254 0.0135881124249012
0.0805624858542814 0.0996979135628802 -0.0540103856186277 0.0342603491354831
0.0206606043066952 0.183183625609856 -0.125430553567658 0.106335113572396
-0.19223278054754 0.158085830468494 -0.354780891220558 0.0240072582406087
-0.222372465442194 -0.213436251794516 -0.379096731890159 -0.344074051683599
0.184846869142605 -0.277293325680787 -0.0133630354630756 -0.546552218045382
0.355822249453604 -0.0024267396975186 0.061385243106601 -0.0612220738288198
0.159626638081607 -0.0320063038801395 -0.117037911842615 -0.0252042379855483
-0.0128955657721878 -0.0833645853643205 -0.207226949364504 0.243014067158831
-0.0791197689593414 0.0295909698895689 -0.0409941901505378 0.372119776549884
0.032920327179364 0.070203892196751 0.17466739445381 0.271679134942164
0.035794306014679 -0.0168342949049361 0.192830214448234 0.0495838924377719
-0.0135830867242462 -0.0233616237467372 0.124033879502719 -0.0259309889482311
-0.00308140611279982 -0.00960108335729759 0.080604410850374 -0.00335141592024183
0.0276327525572156 0.00720116261272205 0.0358246883876324 0.0124270546619386
0.0482067781189267 0.0438238400861389 0.00327216839506061 0.0306699473833437
0.0386737227799737 0.114427619923435 -0.0212250876178046 0.0796010370238112
-0.059811464638069 0.146818543099098 -0.144472090165994 0.172935544401481
-0.219970114879302 0.0231593559240972 -0.445029852638713 0.0131850918044389
-0.0846639627804293 -0.29000319759537 -0.405342428552428 -0.470391823618818
0.28257165680742 -0.201858333687889 0.0640707820763575 -0.647053909724221
0.321688252258201 0.0557828500018278 0.0274500197522181 -0.10903212209347
0.10958985591226 -0.0145489975071513 -0.120365510335292 -0.0486646468156848
0.0103905876032792 -0.0360372599308859 -0.186785918305925 0.204544691016317
-0.0204882547367103 0.0172067319467494 -0.0153217661614587 0.372116024587036
0.0327182259524071 0.0144890295516346 0.230681463879012 0.258019204684501
0.0150531769432936 -0.0403816727186357 0.227508382976371 0.00336029839380332
-0.0159020001387788 -0.0334376132907459 0.129004901012621 -0.0619853673267761
-0.00851892363867342 -0.0135262422067634 0.0769514848340234 -0.00956186408561111
0.00996163389399272 0.00813392066436323 0.0405922681784003 0.0180671019284403
0.0175245978734084 0.0395235210596104 0.0199091609789078 0.0521009955761914
-0.00877803316917491 0.0725112757419308 -0.0202915644300801 0.128305238941069
-0.0851427665674316 0.0514599609944655 -0.202006755082318 0.203822060083043
-0.128113047512532 -0.0836494916095547 -0.502560835881939 -0.0750936037280251
0.0643756427262612 -0.215611861493391 -0.344434449993868 -0.607282406696476
0.260262920610949 -0.0528680736126256 0.197767022274311 -0.698615649956175
0.190123325334295 0.0850892570823138 0.017513476511211 -0.148597134463228
0.00289143802042205 -0.0310448322195149 0.0138020725291102 0.025867300218425
-0.0332911513532147 -0.0447201529999895 -0.374349399963 0.524006153392295
-0.0879949028273026 -0.000204173638883929 0.204378986079606 0.722532534590438
-0.0309756557805223 0.0731021780429614 0.504359214560244 0.247672688349267
0.0197890474732486 0.0445631278378236 0.30543676783139 -0.163053096220564
0.0338393307582175 0.0114019087251118 0.0616303998535658 -0.168301095503548
0.0132416116061323 -0.0102234248615817 0.00441207984624532 -0.0701253893521171
0.00547888316886181 -0.000816973921962978 -0.0238719245001779 -0.049783466971617
0.00239638622478125 0.00677754860832647 -0.0802323216550369 -0.00984233322844648
0.00901195784161919 0.0155687759329386 -0.144021014084424 0.0341249702852595
0.00725468770319629 0.02596687584968 -0.233241479446292 0.00964697017101341
0.00576334131183695 0.01779164534115 -0.261011934419658 -0.194190897460214
-0.00121921263684624 0.0264248147138777 -0.0563439709995104 -0.3458166093556
-0.0272463512166033 0.0409883379074746 0.149179287003936 -0.252131772816129
-0.0701999867201755 0.000680621756432126 0.112272581424582 0.0667427801284564
0.13035565732399 0.0120102420313219 -0.000354502540325196 0.0654369867226608
0.0878118304067014 -0.121661499029859 -0.44413775961962 0.465707089343029
-0.0932423722478003 -0.124452000424772 0.0503926407923527 0.714780962626061
-0.138082841436203 0.0478482762347004 0.435004614120291 0.311259589366014
-0.0272944067990226 0.0953727770645956 0.28572744921047 -0.0955109200248646
0.0306772234309026 0.0669549478120967 0.082482668145308 -0.129543015844882
0.0314938680096821 0.02269595845862 0.0292249406805834 -0.0632679258573013
0.0229487261896646 0.00793477361791996 -0.0158950175024407 -0.0476080181039523
0.00501670551336309 -0.00171179574025601 -0.0782536001989606 -0.00531818891585524
0.0103177914370411 -0.0069122371816744 -0.144762359592315 0.0444393947410131
0.0367219963253707 0.0127885982013632 -0.23891804064203 0.0300169565263439
0.0456334395042944 0.0543431261162892 -0.290320286038339 -0.160951306054373
-0.0248071942040306 0.0659147333457305 -0.111965349130058 -0.329735400045912
-0.0345185247993699 0.0266563034053558 0.116812615805316 -0.275910844001218
-0.0118199343296736 -0.0020519052700001 0.122444299779764 0.0554315993862196
0.232121586682924 0.0392054401427907 -0.0335564713596038 0.0584749749836126
0.165378255141566 -0.187103875756048 -0.4438059017969 0.464937164231551
-0.107833322125804 -0.203640726827726 0.0298298266580236 0.664438718289312
-0.19501104087148 0.0379913029501708 0.345112235196937 0.296329032318451
-0.0531538905632371 0.119864461509101 0.23165219233044 -0.0316225522312835
0.0188860504635107 0.0961997863999204 0.093266227140592 -0.0712018455664432
0.0357171219435516 0.0484137033750509 0.0560710617647311 -0.0438548247825266
0.0347204146736815 0.0141909498689031 -0.00444059819312294 -0.0401751522465207
0.0150514552834623 -0.00663036412676975 -0.0776440000366766 -0.0015286168185442
0.026541268922672 -0.0151069621335372 -0.149097705493228 0.0384547455771525
0.070728807022045 0.0205577486000063 -0.230829360496944 0.0332041921433315
0.0580342432745417 0.105354855154037 -0.300524983865085 -0.127485755504322
-0.0723882382731427 0.0773534125354001 -0.16606650082028 -0.312349583172269
-0.0301421772910266 -0.0164539560116114 0.0724076121724901 -0.317430374858771
0.0747491149078306 -0.00814726996691774 0.126787701135249 0.0354422420483438
0.267935117058321 0.0334325106344247 -0.0770896665320928 0.0460228325457371
0.117776803030691 -0.27843766835468 -0.355835770214868 0.479037541628123
-0.194901797064747 -0.197876729112154 0.0639169021056405 0.530252441773677
-0.192607105021681 0.0993356098549219 0.252395867543233 0.221023422954142
-0.0246104579854155 0.136867132495571 0.154997259341715 0.00596646747291917
0.0275907667078098 0.0976670781651523 0.0809704812809681 -0.0193669731364966
0.0440154776446562 0.0465963266406337 0.062078331501514 -0.0193232339642282
0.0489332641527611 0.000796471378680471 -0.00349343434270824 -0.0205040992139966
0.0376740598548098 -0.0191233514642401 -0.0750040672081043 0.0162105580765392
0.0675817833118927 -0.00674247529428882 -0.139167718993872 0.0419517157395983
0.118402260663086 0.0637532043481612 -0.207539572030442 0.0460099846585058
0.048510287736665 0.197656297846296 -0.307977434746311 -0.0742532831649327
-0.182689836059698 0.0777434530237988 -0.242548063408492 -0.295017695081852
-0.043620570455796 -0.138894649729751 0.0176586755900467 -0.380141431646149
0.187729029698716 -0.0842787993661032 0.149201074821548 0.0101317709451792
0.277618081895369 -0.0543343190591399 -0.117563175251117 0.0128782463349448
0.0489471722573229 -0.260023016515497 -0.28686814665872 0.414348309253433
-0.208459269732179 -0.112827282431526 0.0268493372531291 0.442176110445404
-0.116068086109671 0.131465799284379 0.170717723924501 0.230721430469917
0.0159886887156974 0.0981139560188507 0.13646745652132 0.0615015454302142
0.0169417652192721 0.0605953389431472 0.0995965779130677 0.0111702374937509
0.0293463272609769 0.0307925218549634 0.0766812292791482 -0.00744220113556923
0.0509293149579651 -0.00059266580319391 0.0113586186830721 -0.00905185981468207
0.0586995246022462 -0.00375277109762945 -0.0555270414918933 0.0138298956767638
0.0953729593469862 0.0423770430364391 -0.105269575091326 0.0261083266697175
0.10659593276149 0.137889370277089 -0.158907071749666 0.0582234775446943
-0.0568116919523542 0.233757794013871 -0.307069759466444 -0.0142835399522836
-0.259556383407909 -0.0387786696345278 -0.317194100292938 -0.282363369956883
0.03812206539169 -0.250829402867542 -0.0346214142605913 -0.449304945397767
0.299023290501027 -0.0760622939545228 0.110082441757398 -0.0225597379025083
0.222129230109962 -0.0589786619421807 -0.126840972230933 -0.00119162372075943
-0.0120166771842271 -0.173250475548819 -0.233547024401056 0.326318568566681
-0.157859609761739 -0.00976035804297624 -0.0201926552661851 0.39332933354953
-0.0151864633110195 0.120100448745154 0.151435044787659 0.260192418906176
0.0417548463004005 0.0342415442253478 0.159514990852031 0.0757773731115442
0.000324855643972964 0.0131551532054477 0.117290542237408 0.00135892680981549
0.0107537019974458 0.00746521521578422 0.0823637036494821 -0.00540671476389525
0.0440124893195372 -9.02182173254946E-05 0.025815662832659 0.000560256657841411
0.0672475419746068 0.0220324600143793 -0.0255784544727035 0.0167063752775997
0.0921678262138212 0.0955576741115601 -0.0574318330264284 0.0375646834630202
0.0369923810608597 0.184703966602654 -0.123751359262864 0.111861620686139
-0.179968718752449 0.176859780370304 -0.354473851398915 0.0428551745755311
-0.241143995194519 -0.197064834842296 -0.39980079950648 -0.331425119288043
0.16591997657331 -0.297827669694733 -0.0424412484608901 -0.549991822934335
0.360971944333873 -0.030955792482945 0.0657148889584796 -0.0640498361920269
0.160977344081406 -0.0470854619744972 -0.124851872963623 -0.0210185704005195
-0.0202564394488104 -0.08678483532596 -0.203101375232813 0.255371793453481
-0.0799982014724516 0.0363659261509743 -0.0287363124555211 0.384061561433736
0.0404315088834673 0.0699561350898504 0.189758974815928 0.272199393668629
0.0368309292884248 -0.0188781175669599 0.200659428284279 0.0452523125359699
-0.0133603217384373 -0.0221118981149165 0.125393256090077 -0.0340170563489848
-0.00257335742029717 -0.00978361027455824 0.0808072354945555 -0.010884929263552
0.0305595931559571 0.00298614443167534 0.0363031414121065 0.00750734134651703
0.0544134274194867 0.0399122894524831 0.0049685249199944 0.0297150037652088
0.0508197761255345 0.11372360341618 -0.019307212927384 0.0793923949576737
-0.0476677444048675 0.154690756642912 -0.137656658997515 0.180972795160124
-0.219571851218003 0.0424308607793464 -0.444164448511251 0.0360952280252492
-0.108496367464964 -0.284686887820382 -0.436375344310802 -0.454074474054271
0.271044722629273 -0.226554179762507 0.0299209887810434 -0.657025232820096
0.329635074073743 0.0320238375089626 0.0280433078660631 -0.108146080174565
0.109883053899575 -0.0253364068437326 -0.129621740922521 -0.042186673841386
0.00785934702544088 -0.038853358628639 -0.184907153656808 0.217199088317071
-0.0208244469958331 0.0195370148231853 -0.000633426501359772 0.383133485463861
0.0351566569658009 0.0144341720834516 0.247010394912658 0.255606981552456
0.0128781936332394 -0.0403083151507149 0.234182016518545 -0.00454291127967588
-0.0169577033892744 -0.0315495584442989 0.127472227321787 -0.0709169897148441
-0.00764525478244924 -0.0133962263067151 0.078073648670774 -0.0184714345094888
0.0132841908273558 0.00606543032645404 0.0418266090371494 0.0118223052580565
0.0228230713003783 0.0371159777532551 0.0232891892728796 0.0500942160519751
-0.000619802621403431 0.0746292443691974 -0.0126801399129244 0.128309493681262
-0.0809058691111985 0.0606689036986632 -0.189651647773797 0.215632606977872
-0.133979864790044 -0.0724024621534655 -0.507918403834847 -0.046231105756218
0.0493021820804201 -0.22016478503103 -0.380148147594194 -0.594786499522213
0.259792780956041 -0.073071504244223 0.159989864858286 -0.718291005616831
0.197227917292672 0.0723505763514445 0.0151240983151754 -0.145842018863422
0.00141369936212798 -0.0305903126328371 0.0121357804554583 0.0162035205241356
-0.0335879002094882 -0.0411981482228307 -0.347781953412641 0.537572786448732
-0.0846075376267371 0.00560913816365296 0.237237652576475 0.703746536056555
-0.027828974583772 0.0728179147884199 0.507165567893014 0.210157446627165
0.0239313426171208 0.040297658629264 0.289343899882125 -0.178592694606463
0.0338795924302288 0.00799370214423908 0.049709447348091 -0.167696801620549
0.00984727783836356 -0.0105087021054338 -0.000116613547494684 -0.0687400369597589
0.00488460046045837 -0.000994913229786114 -0.0287258239095916 -0.0456691140162072
0.00119429084407663 0.00641706795080912 -0.0829666698835719 0.00214071033881339
0.00995150205962824 0.015296982200005 -0.143930139092154 0.0447937002712796
0.00791712642124898 0.0240915820793932 -0.235889306391169 0.0229218536404267
0.0058554114084812 0.0161996238960538 -0.269735256861228 -0.183273608329617
0.00308487199411629 0.0268979164110547 -0.0728488347153773 -0.347697202983965
-0.0229843346709778 0.0424901050486367 0.138697310694301 -0.264289970097721
-0.067768396647096 0.00753617629378662 0.122885670298023 0.0542673138764403
0.13121581881292 0.00390345787405896 0.00020990248681273 0.0581691292821315
0.0800094757191698 -0.126182911120586 -0.422060118124465 0.483178718427272
-0.100671983467906 -0.116280167073628 0.0893205198823017 0.703823490323132
-0.133082309545914 0.0569048393754072 0.443006707116029 0.283414360443191
-0.0211244929249178 0.0945743670661927 0.273291921915102 -0.11037673579129
0.0353633639667648 0.0625455443142574 0.07203239461789 -0.13229401596062
0.032246844887068 0.0211707413445548 0.0238385522706189 -0.0639929662549691
0.0218680537523984 0.00623920067769182 -0.0198660651749474 -0.0435178405018093
0.00390690504972224 -0.00128009440030887 -0.0801975120451738 0.00473271698738324
0.00865598603403715 -0.00656909780951485 -0.144280001566239 0.0552948180258219
0.0366620829605346 0.00927951532052584 -0.239473012405929 0.0439157989869303
0.049180998553341 0.0495297431107871 -0.298487144541778 -0.145426421763689
-0.0194987852251315 0.0675117070020276 -0.12899089054881 -0.327824136435595
-0.0316080401801574 0.0273932129294217 0.105365011353565 -0.285571340581597
-0.0123508772168248 -0.00303813498820906 0.133126182101743 0.0469724691382151
0.233736180666874 0.0204570041145269 -0.0332656802918823 0.0532908295852377
0.149817523542824 -0.197618583741885 -0.417150933848985 0.482101988731968
-0.122599065904423 -0.193865991655558 0.0609270672144839 0.653249367513804
-0.189790538787797 0.0526706259159923 0.353995642583092 0.274203456169088
-0.0437602501363166 0.121599076557759 0.224898024440468 -0.0415710545872978
0.0264514577947105 0.0921444840193438 0.0878863519076339 -0.0749635934034074
0.0387560264040955 0.0451256584407835 0.0517376912006603 -0.0473705961015724
0.034453868773794 0.0100522088348174 -0.00912520188146931 -0.0375636490144286
0.0144395492704779 -0.00913263587062492 -0.0799304323909607 0.00708720252598714
0.0229935135861578 -0.0161397276490325 -0.148676613175722 0.0501368452692343
0.071391485420145 0.0151134268211595 -0.231834362231704 0.0460561607642873
0.0661201992089087 0.100225159362688 -0.307204081839813 -0.112361502256163
-0.0666758111316867 0.0835790935803239 -0.183287510220486 -0.307650172458192
-0.0317417531098295 -0.017131919342023 0.0603382305231345 -0.324070460727851
0.074260109375344 -0.017649392061478 0.135158532694307 0.0245723304664032
0.269309994195513 0.0112892711596447 -0.077167105796506 0.0435833952351693
0.0972022871305965 -0.285877172532985 -0.327921909843455 0.48830382227111
-0.208827322061516 -0.180758150054351 0.0848922699642782 0.519478284552482
-0.183205548902179 0.112766053598709 0.255931605764919 0.20833284761379
-0.0137651512521511 0.135946039112445 0.151449738440593 0.00214041528415571
0.0362841619972566 0.0937453803457019 0.0788740754112272 -0.0236076448134017
0.0466749309727647 0.0410963620268861 0.0595361814462949 -0.0234597936583452
0.0476350959399312 -0.00443222303412126 -0.00587562831841178 -0.0186049172181495
0.0350746750372557 -0.0234898372610698 -0.0746521528411792 0.0251028817442818
0.0660213802881824 -0.0112508034751754 -0.138633909560159 0.0525060006860328
0.122569077678834 0.0543548937306537 -0.207576421020876 0.0566669375650679
0.0634333001579138 0.190669458333894 -0.310593379478113 -0.0596909057768424
-0.17617001278174 0.0919142712766923 -0.256366363121054 -0.282590359716328
-0.0544548236310737 -0.137019512014179 0.000737014991250349 -0.37980908298542
0.180347848138079 -0.10055610087374 0.154142506742502 -0.00117366728889302
0.271347436751663 -0.0772911451273317 -0.120603245202246 0.0148118612057289
0.0277993942749374 -0.263443723741949 -0.265063541247994 0.421174936895086
-0.215651155811586 -0.0969939255478285 0.0429267029895968 0.43676283209772
-0.10536176715521 0.139442636638176 0.175260299498858 0.223716876391745
0.0236959089788496 0.0939226706262696 0.138598984408537 0.0592150796131496
0.023048754331112 0.0586462245812329 0.100967079645359 0.00442296551616283
0.0323122241211342 0.0273214555332169 0.07485233835534 -0.0132190687139334
0.0496304044912238 -0.00721000916537417 0.00914219755876861 -0.00959707179713461
0.0575986409321463 -0.00936888561130334 -0.0558810759103964 0.0185845712213694
0.0991882032373599 0.0355708925693931 -0.107102992269887 0.033287447350649
0.116861513899367 0.128390231616674 -0.159206905010145 0.0652316007912862
-0.0377647501872858 0.235427469804297 -0.303348796796287 -1.62809098136271E-05
-0.260615750887174 -0.0178343038682132 -0.326479529033727 -0.265712158236605
0.0175668820031501 -0.254222579042668 -0.0554568471815703 -0.442978119787231
0.290619301423493 -0.100393541187989 0.114595744448874 -0.0306071112943517
0.216875088588246 -0.0777934069720333 -0.128986968218623 0.00283694437036671
-0.0256782071916601 -0.173917219264512 -0.217949255697618 0.333312410017709
-0.158838064784004 0.00215690769856487 -0.00594319950464971 0.392750985571259
-0.00542156943725044 0.121476589714223 0.160735891178386 0.255572864318269
0.0456776680610118 0.0303425660610012 0.164056734358301 0.0710601692162904
0.0038176091984229 0.0128845215210392 0.117366718735401 -0.00549975437264605
0.0132329726069079 0.00573455159719795 0.0802673063138719 -0.0114788964587305
0.0435087412045087 -0.00584247780555523 0.0241395934290767 -0.00107211935458086
0.0693745744050719 0.0148869631861332 -0.0256564120269437 0.0187382911300428
0.100611068028623 0.0875591574329628 -0.0584793108361388 0.0405824111886074
0.052003873046688 0.180060235959664 -0.120323316702355 0.114515232791875
-0.162099407308377 0.188900663090149 -0.344973895549757 0.0595792828279938
-0.254633110977361 -0.175121874404551 -0.412840341934067 -0.305519464946662
0.141924806541865 -0.308262082828971 -0.0700877715326565 -0.540095282974221
0.354765715886345 -0.0586896754645668 0.0669366131287022 -0.0666078314276945
0.156407654499735 -0.061096481578188 -0.129883160102404 -0.0157811241042323
-0.0269529824267954 -0.0874647794841177 -0.193118030058439 0.261813840446027
-0.077955666428855 0.0425041609502893 -0.0136921781201686 0.386633702341943
0.0457083569483385 0.0679503806961932 0.202078903813529 0.26639509198108
0.0364539224101357 -0.0210469381257628 0.203927988630347 0.0369507903969353
-0.0124026327399828 -0.0201052750555443 0.123951034167031 -0.0413773519917727
-0.00161209931580239 -0.00945822117689384 0.0789082198764025 -0.0182815731173155
0.031530171333367 -0.000402642980889096 0.0355225412435445 0.00443412804342647
0.0590673352501148 0.0339675128945591 0.00573862188106737 0.0293298443882908
0.0617590308447792 0.108193282584737 -0.0167936755040065 0.0778096062706306
-0.0335256869217732 0.157428458639505 -0.126572692727033 0.183122503868377
-0.210996104845508 0.0592468205653009 -0.433239655575154 0.0610315915047816
-0.128305527925149 -0.271054091633164 -0.454669559273832 -0.423718732735679
0.251525233393618 -0.245155572771818 -0.00868609724751912 -0.649340416078691
0.327822625315651 0.0062531974671607 0.0275473233076467 -0.105924732026322
0.1075647450472 -0.035146616910335 -0.137155507020305 -0.0336594918521129
0.00433341547121183 -0.0409489939464201 -0.178724291398588 0.224884594855413
-0.0193348026103495 0.0214333522904403 0.0143084436641057 0.384806410131552
0.037096439485939 0.0128926897120474 0.260518529782373 0.246076557191717
0.0110174706793965 -0.0408002124261547 0.235591755290285 -0.0143330378357918
-0.0178584258741616 -0.0295999464933575 0.122272853526366 -0.0776425487726524
-0.00744508793502989 -0.0124306251944613 0.0761263995517903 -0.0261542174883613
0.0157102042234415 0.00348559039210421 0.0416991026254658 0.00685188209901425
0.0280585295703323 0.0341396292264597 0.0259310297944544 0.0463698162150436
0.00739520035934083 0.0752661555967634 -0.00598530404135073 0.123484439329206
-0.0735133533501199 0.0660349186835285 -0.174269157867947 0.220797365271761
-0.136273839917769 -0.0591391687377681 -0.500876624982738 -0.0167816576780207
0.0316242888745239 -0.218520204992227 -0.406666974902893 -0.565318664271392
0.250335434195834 -0.0906409435793097 0.119704211881747 -0.715764839011717
0.200334621718227 0.0564395624563037 0.0117283287146425 -0.14121885412402
0.001141379002005 -0.0312490423073198 0.00681434531502265 0.0111454249535072
-0.0331926215088043 -0.0358678687990777 -0.323602478106241 0.532624776501332
-0.0826532436653621 0.0103730296160567 0.255029135448037 0.673218042269097
-0.0206856998158368 0.071581059561262 0.496822919214812 0.177513229574503
0.0231084062389339 0.039120475180358 0.269871840465472 -0.181809896897566
0.032355558234134 0.00313137422200106 0.0382533455641078 -0.163749314738542
0.00972230198700428 -0.00561528495195242 -0.00309490973855934 -0.0620801914306829
0.00441125276204141 0.00278790494888796 -0.0298433300249292 -0.0390161778616471
-0.00147247008677977 0.00940216508120823 -0.082980091381351 0.0071781549027539
0.00774571215192892 0.0138746784071462 -0.141906727070529 0.0532440494892418
0.00847076863894279 0.0230216158494973 -0.231752038515293 0.0316902000060877
0.00691969681641588 0.0139588504949705 -0.270152657553572 -0.168243827449661
0.00633176451164657 0.0276077819175704 -0.0863673117883087 -0.341162144352729
-0.0191683286383663 0.0434306708863299 0.128660791361857 -0.266899114262921
-0.0667180333049047 0.00856855435873603 0.13091727735765 0.0447860953816364
0.129644717965318 -0.00189010286285918 -0.000558354207444741 0.0502710536564606
0.0728469143848556 -0.126769564680938 -0.401864043785145 0.48448669426118
-0.103360325479296 -0.108015545666602 0.112630071584024 0.677807397586509
-0.125597581348655 0.061000566362449 0.436850441010378 0.260481033511714
-0.0166053962963483 0.0911659208934862 0.258837869706165 -0.115814422564272
0.0363634505455173 0.057720145840913 0.0632462889182765 -0.130963047404957
0.0315047939264455 0.0188044033838552 0.0194826504285305 -0.0623946991295377
0.021116287234624 0.00458243954180519 -0.0227016434940343 -0.0397386059393572
0.0025271747348167 -0.000785256938443916 -0.0790654027606593 0.0125119761810295
0.00685232876908459 -0.00584016476832498 -0.141301740739578 0.0629088431675716
0.0353120138941504 0.00655572002228207 -0.236139174396396 0.052776299012634
0.0499018068806794 0.0453661212491751 -0.299355491275133 -0.134283438227306
-0.0151183327031193 0.0674217367647741 -0.138003765974477 -0.321096608258226
-0.0287646656052135 0.0280760656080585 0.096851032672926 -0.286099258968834
-0.0122158271590711 -0.00464832627668858 0.140172385586735 0.0379897475883621
0.228793008200492 0.00605501653850308 -0.0349608725459392 0.0469551770698989
0.135229397852322 -0.202127870595965 -0.394938238106763 0.482246723698786
-0.129137211169155 -0.181413347119534 0.0794764292823846 0.631357149010382
-0.181928259372367 0.061526251592862 0.349864608405924 0.25696446600174
-0.0363944457714207 0.119502431512999 0.215174558012766 -0.0465697547093415
0.0315339063102326 0.0875528973858716 0.0814938384300243 -0.0754595231297578
0.0400750329629034 0.0406936273317264 0.0465418570815532 -0.0486601056176115
0.0335117633939575 0.00600424299544041 -0.011653869086967 -0.0348573418797756
0.0119470982082569 -0.00925542545895599 -0.0795438120786086 0.0147781709414931
0.0215976507040555 -0.0163753294234667 -0.144956695938829 0.0584582786770829
0.0699853230534157 0.0105360544669674 -0.229798796089063 0.0543515602287116
0.0707189668358634 0.0935096796390558 -0.305567436288224 -0.100405902843789
-0.0619877821108938 0.086939752792558 -0.190973451143112 -0.297825804434736
-0.0331271912249174 -0.01820428413895 0.051168822340727 -0.321455280129819
0.0723265915902478 -0.0249990800987007 0.139345382634619 0.0143091245673609
0.262245266482447 -0.00600068002342387 -0.0781014084053161 0.0406685669974509
0.078994196583829 -0.285557327942614 -0.30418943428557 0.48370335357245
-0.212664325858113 -0.164184156667475 0.0950088504687772 0.500462080429345
-0.172271506934265 0.120884397870453 0.249893625303741 0.197017627060267
-0.00690151625701783 0.132048600092337 0.147564970445298 0.00136108195328149
0.0419004209621088 0.0875306517803176 0.0780137288304113 -0.0260499116185737
0.048923781877097 0.0364401923815402 0.0570994639209151 -0.0263796383066294
0.045650169754477 -0.00955828356941418 -0.00818339782488713 -0.0164644011512756
0.0321144606582044 -0.0253972083748105 -0.0735357542796683 0.0307354523212485
0.0637964022913096 -0.0128237005824021 -0.1359558374357 0.0590520910576085
0.122440277826133 0.0453827588440512 -0.205625233682404 0.0640306186109622
0.0736602012639686 0.181651792941528 -0.305980576862061 -0.0490700945898077
-0.168845689103917 0.100820127233712 -0.260982137618145 -0.269785992804327
-0.062050692551678 -0.133648993431013 -0.00866559339154526 -0.371638462610041
0.170119568034898 -0.111951907611495 0.156072826385347 -0.0100639525013275
0.260248585701073 -0.0922178694696638 -0.120156414425138 0.0163032977701365
0.0131974847664888 -0.261557826518927 -0.245481564944043 0.417100692362485
-0.216819303580556 -0.0828030886800568 0.0500118132176797 0.423259384000616
-0.0922139491011536 0.141771666402848 0.175560166145232 0.218459497515532
0.0293033784655777 0.0892677408730066 0.139248764222406 0.0560799844954576
0.0273170229335333 0.0554777127314425 0.0996245057825548 0.000194602057329868
0.034451982190644 0.023177392815881 0.0704122482002745 -0.0164686619541072
0.047027160722 -0.0127789067641158 0.00734676699234022 -0.00895776544698218
0.056273097943487 -0.0145687263671854 -0.0550064097565681 0.0226525323022727
0.100255474964289 0.0263606394362471 -0.1069184272529 0.0398995193567826
0.121498281216187 0.117692325406482 -0.158772505071238 0.0699583986099575
-0.0212061374022282 0.231322952581732 -0.29450763892821 0.00843424480475488
-0.256074623279786 -0.000704959978457567 -0.327300386721513 -0.250336038067485
0.002005818241939 -0.251467292016749 -0.0662524831108037 -0.428089529451317
0.277098774579476 -0.115461963418416 0.115583160818878 -0.0360634418801681
0.207507931194376 -0.0898013918006714 -0.130448141485194 0.0046846291723302
-0.0358151416621386 -0.170937234648915 -0.205928463399728 0.328126047751889
-0.156255169131353 0.0109701773329222 0.00196412192597335 0.386847055002672
0.00215639130566525 0.118529898985875 0.162851524126811 0.24979433882182
0.0460996699265532 0.0269824674680947 0.165278394331693 0.0678671766482226
0.00624913875836567 0.0124497046729932 0.114647601992982 -0.0106573102786741
0.0145101009648619 0.00335421782551913 0.0770151595377452 -0.016606022623894
0.0427160491882301 -0.0106461451633302 0.0219015059411052 -0.00284389989689199
0.0693160625835655 0.00952674292073181 -0.0262227557560003 0.0200113580913779
0.105454197894519 0.0793274971623237 -0.0594430273272033 0.0413398643633038
0.0624073691861304 0.172081153115483 -0.116690343572412 0.114146942145567
-0.145959355734122 0.193778928017816 -0.330563632697973 0.0691625225934126
-0.257333592363891 -0.153510769902223 -0.409887859856561 -0.283383109326595
0.121309502491387 -0.310090694238762 -0.0844527310165337 -0.522531271723781
0.34132552579572 -0.0775180507851987 0.068670700223177 -0.0671286430420275
0.149244317326065 -0.0703583066475922 -0.131954101178193 -0.0118974092212877
-0.0321456123451033 -0.0867893709059328 -0.186387863956254 0.259267639652244
-0.0751751250899292 0.0454850897607014 -0.00583117765674427 0.382056044853463
0.0494371172203966 0.0650295105519763 0.205946339210518 0.258857561465146
0.0355137391350122 -0.0226102681977994 0.203629679005734 0.0326217954312874
-0.0112074385178816 -0.0189792095847246 0.119429875558468 -0.0458208050171455
-0.000205388982986326 -0.00974582766479606 0.0754674376640079 -0.0229856917849337
0.0313244768995229 -0.00494530826231394 0.0336639249673378 0.00150469311941659
0.060819911765326 0.0286597367904046 0.0059427560534405 0.0272002592925282
0.0698899285147903 0.101269458759347 -0.0170149005764689 0.0750666740893702
-0.0213900526861078 0.155454071279667 -0.1169908621278 0.180478277703109
-0.199752230653945 0.0704196477643735 -0.414675641789903 0.0742617174515872
-0.140069652169089 -0.253353746953024 -0.453825011990967 -0.395956585748913
0.230196390024857 -0.252709111025618 -0.0300986870106212 -0.629231632203189
0.318830595926644 -0.0120214347664458 0.028985649817841 -0.102980390566912
0.103367574852069 -0.0399211220255254 -0.13842362327974 -0.0282961414167856
0.00183431427734091 -0.0422171374816814 -0.172428014076828 0.224418133039847
-0.0186150218443624 0.0217093754811836 0.0246856875861613 0.381001826136369
0.0381343745323646 0.0109940087757377 0.262830147163293 0.237382330037461
0.00947427705998532 -0.0403349526139328 0.232113887923276 -0.021286092459007
-0.017237201253988 -0.0266662025219543 0.116084547089693 -0.0810093870605213
-0.00581018877786492 -0.0119838114777091 0.0726504504302042 -0.0306956114702555
0.016927659677541 0.00129344921752211 0.0380439439478407 0.00284988826521734
0.0319036083138561 0.0318263249105129 0.0285084231974263 0.0423951149440289
0.0141699820099382 0.0724423626110891 -0.00254992639886761 0.118464364910277
-0.0658408275249273 0.0702678189683739 -0.159360412171443 0.219399159626796
-0.132902509042771 -0.0487430235847056 -0.483373333657207 0.00261841726944945
0.0181349536444092 -0.211231217530564 -0.414249677315109 -0.5336569902433
0.238193840985344 -0.100981320460159 0.0918127016966348 -0.699649822961574
0.196539742408567 0.0440717356823131 0.0118982003698336 -0.134579419373913
0.014880193366164 -0.0256717688263424 -0.00279359265536532 0.00555676496068657
-0.0103177361697455 -0.0482318170643688 -0.512755522393806 0.343823514176064
-0.0736130927299044 -0.0237074220208805 -0.052229339276859 0.713645280997464
-0.048114333333242 0.0499421486544666 0.374551531235721 0.370660219298358
0.00161611151312558 0.0405700939541134 0.31555983837858 -0.0507812678093022
0.0241097647521286 0.0170477423139018 0.097047813871755 -0.129463297975108
0.00952393997558132 -0.00387066392769644 0.0218675538535659 -0.0569422299463335
0.00314856793004573 0.00318385425411282 -0.0148131380487036 -0.0453628952439818
-0.00223341983912755 0.0100240416039114 -0.0804140924564927 -0.0210931554879789
0.000214278176442531 0.0190835716261224 -0.149752996504177 -0.00659121414527373
-0.00317488813349712 0.0245385680421293 -0.222654167548595 -0.0656499344312362
-0.00172793820632848 0.0156405913029062 -0.172267343159724 -0.265014175436551
-0.00660980073288634 0.0241515078526309 0.0659404756973792 -0.341700674489022
-0.0289320668970068 0.0288266324160357 0.228224162157289 -0.189234183188675
-0.0603653405637479 -0.0128742601504759 0.108103323178297 0.0886311338757167
0.119737812628381 0.0552817919616749 -0.0234349658951627 0.0242893872886496
0.121119771872647 -0.081720008670946 -0.569766353360742 0.26293035547796
-0.0467663223885924 -0.136628458431075 -0.190002653100806 0.660165129532226
-0.135730371986811 -0.000518317536249087 0.288204513834 0.422004139191612
-0.0540611662751237 0.0740233120460532 0.279296523059659 0.00566992632626315
0.00936367798197868 0.0648469784127911 0.109660265811918 -0.0890876989367947
0.0201784228265624 0.0291170671493583 0.0435549453159132 -0.0484052097026922
0.0158687693275272 0.0115109836649445 -0.0066094530244842 -0.0436047794395305
0.00190165182674847 5.20649349977837E-05 -0.0782731005457149 -0.0171929470412516
0.00605028724253952 -0.000698878548467008 -0.155732642254509 0.00118223280076412
0.0277615613997732 0.022169325039708 -0.234100769231321 -0.0491917363240217
0.0253587955833273 0.0610736457140512 -0.212608103774679 -0.244832889941874
-0.0438373760786775 0.0558492016550266 0.00861660992484677 -0.345275056883028
-0.0375165490724202 0.00897314572456464 0.205108189960922 -0.222963336910497
-0.00628820367977876 -0.0107811646866051 0.118886088659463 0.0893947752898222
0.207882929389247 0.103640243754528 -0.0548485173947175 -0.00469947505083612
0.205361594191154 -0.123338693172994 -0.565366167728839 0.257426410157207
-0.0410398109316523 -0.213840619405522 -0.205633614938589 0.605473150920173
-0.184918198765639 -0.021009160980482 0.208029782759813 0.387922650996272
-0.0824821906795386 0.0893115641125208 0.214340307597233 0.0525523503368562
-0.00586398882903203 0.0894482544728366 0.105351136024911 -0.0327423213594127
0.020088455011122 0.0522241890719377 0.0618875709651027 -0.0247631954970132
0.027502839445165 0.0174197764630813 0.00144399414569898 -0.0356867205029271
0.0128487922628922 -0.00414072062530282 -0.0789303372330298 -0.0152170175439001
0.024717653239893 -0.00430998480108536 -0.157834952273684 -0.00457709400345824
0.0586628391490551 0.0379950129820281 -0.229552912919935 -0.0443990670405597
0.0263778054633515 0.11357863740488 -0.233745552666739 -0.216763031040493
-0.0951052477872577 0.0579922980023806 -0.0507344071590482 -0.344058431072428
-0.0259208319841204 -0.0349729429757054 0.179114992345949 -0.273192187367303
0.0786960864801508 -0.0011016585089029 0.126507198490252 0.0713864406860504
0.244635892683532 0.106384544894224 -0.0957391888867396 -0.0318770858664267
0.189999724733339 -0.22157014507059 -0.487813455659794 0.297395733099064
-0.12282465206734 -0.232692338527723 -0.13978656097731 0.497494166531017
-0.199334553946045 0.0338198240643759 0.144083691885348 0.295642597516502
-0.0605512911880305 0.112368903075455 0.13580893695624 0.0677500948597533
0.00405506469911494 0.0936247076367947 0.0829024120064005 0.010972412214159
0.0295645918997554 0.0509735766537055 0.0608882082900613 -0.0024619090837914
0.0444972485474422 0.00668366393141228 -0.0028132113121041 -0.017380185644274
0.037734991907224 -0.0110168977358453 -0.0788367172471011 -0.000380360492097923
0.0631709400621817 0.0129390829756214 -0.149409732560169 0.000779816048072165
0.0937186704325427 0.0892063610399 -0.211196630054709 -0.0272961350114185
-0.00281502710240234 0.19480322779044 -0.253836153466829 -0.169204462934018
-0.198557788398937 0.0337168820212217 -0.123122094267398 -0.350151082590181
-0.0135418832150497 -0.150990717424351 0.148867419885441 -0.343337358325275
0.198576870749896 -0.0481442000309665 0.152505249686285 0.0626369807977186
0.279697858510294 0.0260919567120365 -0.132682874527858 -0.0658883651327518
0.120966744860164 -0.228970440043245 -0.409000418929719 0.263577532132844
-0.160773034575696 -0.162216927572761 -0.144321094477022 0.413204594726247
-0.139836491892258 0.0860686207764756 0.069998373924078 0.281417527674378
-0.0110415022691906 0.0902103233963476 0.105612752572172 0.113281583133895
0.00407755997975164 0.0605251103763511 0.0907485994672986 0.0419330790910563
0.0224830343665073 0.0338207520155045 0.0709441903477355 0.0113277488485417
0.0478167482290374 0.00492905869670229 0.00766463715325216 -0.00612939483723723
0.0558327575709131 0.00801330403870259 -0.0600482564457283 0.000826845415905551
0.0812032308443741 0.0646998631137921 -0.116668249682909 -0.00544964871074581
0.0682774892764046 0.154785710246741 -0.171699877858486 -0.00387871538640044
-0.105787119075117 0.205383413980526 -0.268282421260643 -0.114576208710108
-0.243331457266396 -0.0899935889166707 -0.190279901043987 -0.361657238142107
0.0850917698505877 -0.235953572750147 0.125342222433492 -0.412561531583813
0.298200811418218 -0.015032804757276 0.124204823742362 0.0308416213540839
0.229269670722486 0.00439161374388068 -0.137202825055942 -0.0733473134312926
0.0423337223237929 -0.170714578324053 -0.333108604512076 0.205659314395292
-0.145066788030951 -0.054232088386415 -0.166219905018792 0.35910378824508
-0.0459802167051297 0.104550470901484 0.0488960579158016 0.301230846598482
0.0300559471445829 0.0417822720826956 0.12372005758517 0.131719019319577
0.00284621453004459 0.0135340274334196 0.107654665690865 0.0375870319424514
0.0125201161411247 0.00901483004622337 0.0747394431688932 0.014913166241724
0.0424079651692602 0.00506922676184883 0.0195644035535963 0.00575736242464151
0.0603592822356095 0.0344232485140548 -0.0326719536920783 0.00840618168123573
0.069204158817856 0.111511899728718 -0.0743810855893372 0.0147581873700897
-0.00455842854123073 0.180456915956873 -0.152506158732333 0.0526397811687213
-0.203273425865048 0.125226812160933 -0.323048576346082 -0.0754483406332849
-0.190495733286362 -0.23100214772543 -0.244155562504742 -0.423534358668402
0.212642504105342 -0.24764274513503 0.14783148429412 -0.496405211988943
0.342668375988711 0.0436708905458874 0.0910732415078952 -0.0131182939984679
0.167830670992071 -0.00221224255252283 -0.129395624595366 -0.0830220830911376
0.00842492446607787 -0.0941548002834752 -0.284769613188706 0.153504232514727
-0.0869567168088158 0.0108446587177374 -0.168644306330506 0.34913381412405
0.0181708000123274 0.0762321822831221 0.0843402157516504 0.323327668070845
0.0394085513362125 -0.00622811134539063 0.170239021684649 0.114473512779037
-0.00145635317514304 -0.0202702649939541 0.124368223588493 0.00752363470582194
0.00505380049726115 -0.00876713472934232 0.0762833633777199 0.0084372664822792
0.0318615650059532 0.00646277538842841 0.0287874408319156 0.0134412819229577
0.0465272350678205 0.0486492157097998 -0.00673016119646188 0.026861688447228
0.0284032854448839 0.118830802095817 -0.0493627087654754 0.0598942862224091
-0.0743117370531764 0.135521450590594 -0.177524666070907 0.110115179914684
-0.206573593133773 -0.0040575151307927 -0.397756995407706 -0.105612970976366
-0.0471960601689621 -0.280652516070832 -0.236750581045895 -0.535990663832064
0.291019128865009 -0.157313717148572 0.237297871147995 -0.565332828261909
0.297431953977282 0.0966467579268217 0.0670537574245131 -0.061609815323404
0.112385163817702 0.00595860242332615 -0.125034940089967 -0.095333463881049
0.0205423568229227 -0.0393257902915584 -0.257151462684216 0.126528690841523
-0.0252150019705341 0.0132844826026773 -0.142131377963328 0.35877631869376
0.0294249287268205 0.0245227565109916 0.143923038070072 0.326091940939189
0.022916184061882 -0.0308322838352261 0.216616062075912 0.0795789998596921
-0.0030685882176802 -0.0305256750795882 0.136046492674976 -0.0252429515629179
0.00142449658637885 -0.0118358729320562 0.0771314093883911 8.38860648859711E-05
0.0164908286580658 0.00669488960795856 0.0338632776434704 0.0163442279888337
0.0191977624324556 0.0409519448971358 0.0070787001674534 0.0470830514394293
-0.0110760726902428 0.0723294628796311 -0.0514853560086104 0.102585325373951
-0.082958135223875 0.0438433281517171 -0.228257725618726 0.127244370032276
-0.103793782002722 -0.0864706719534315 -0.426746253115535 -0.19502888752429
0.0823185814206474 -0.185438464887725 -0.142448619137187 -0.63815628744225
0.245359144154723 -0.0175952506964456 0.365899941285289 -0.578039337862418
0.164889299385637 0.105073105847802 0.0636430398870284 -0.103475346302748
0.0144530665448831 -0.0257558951085409 -0.00561973096344833 -0.00111707258226793
-0.0120989455557462 -0.0467590088375027 -0.514086981626613 0.345998091397597
-0.0715076129953485 -0.0223106141723967 -0.0468258282132276 0.710312581997418
-0.0474242507933422 0.0506921255917638 0.376016336428617 0.365143018122211
0.00373261172847026 0.0423236711285761 0.30948087657564 -0.0532878174382115
0.0242854698118384 0.0131242788411358 0.0938250143217619 -0.129950217599349
0.0086588319734154 -0.00501316192968524 0.0209824409676834 -0.0556779626709732
0.00175518016359952 0.00402134199398427 -0.0151452017119217 -0.0435331604304805
-0.00440060108071532 0.00879625694150334 -0.079549445083647 -0.0177624980288237
0.00119615846790775 0.0186575819685932 -0.156371181973301 -0.00206374756503226
-0.00394921962607214 0.0231531255574818 -0.225500152047375 -0.0619592040677037
-0.00284862595056351 0.0135644680502342 -0.176187645573441 -0.267260617732081
-0.00604613110807412 0.0242655180393751 0.066624491075686 -0.348650208761753
-0.0275209034682467 0.0288065875185228 0.227830645421299 -0.193597082692975
-0.059727621201978 -0.0113035923307096 0.117886557928184 0.0855883754708612
0.121480261128493 0.0503797862329323 -0.0239205612614299 0.0166943627654121
0.118139691150444 -0.0839911031193841 -0.568662297751473 0.26572377339697
-0.047758123566538 -0.134968925052923 -0.184882645304517 0.658021929091284
-0.135021685425835 0.00274571216041983 0.288544879113581 0.417023861425775
-0.0519639415870886 0.0736144548176769 0.275248049162467 0.00270872875455154
0.0117344771282215 0.0632969996814516 0.105968879218671 -0.0905953031706865
0.0207257320801157 0.029514153529923 0.0413739711798088 -0.0477358840661938
0.0164312317080719 0.0100300461529231 -0.00909788266598425 -0.0414918303995278
0.000725429364650685 0.0003332470817243 -0.0800501322763262 -0.0118790182825722
0.00634665295842232 -0.000199626553610117 -0.158861560886273 0.0062810323737186
0.0279281955156113 0.0203953298031544 -0.237854462681871 -0.0458824925186624
0.027008785838589 0.0600521006835084 -0.217320139311049 -0.244799262286588
-0.0417901509249963 0.0570697318986063 0.00707703864668602 -0.3505179579253
-0.0364783967779346 0.00819277949494573 0.208857600867537 -0.228778755175233
-0.00627281158776437 -0.0132202911934255 0.127489848518109 0.0856095120287875
0.209855571070193 0.0961831741018403 -0.0572019586752544 -0.0108213396230678
0.201100999093613 -0.129439938911584 -0.565135303570355 0.258285661836965
-0.0465416372380819 -0.211279614237134 -0.200669848924156 0.604254707871769
-0.184425181211657 -0.0156486500033212 0.208208998993755 0.382741080376705
-0.0791927725237535 0.0903552826379346 0.21229647190533 0.0512341441448573
-0.00283931029457995 0.0880782722055723 0.103297563062956 -0.0338821600612953
0.0226851394352489 0.0505839795482089 0.0606558020133446 -0.0260648531246121
0.0268402987920589 0.0139772371829739 -0.000753474679254296 -0.0346954751288931
0.0133276855214894 -0.00420949630620675 -0.0809675808327071 -0.0102761178007729
0.023792178217756 -0.00442256952330485 -0.162203818079456 0.000544712222771905
0.0592267965153128 0.0361152775793815 -0.23442006594689 -0.0416194125165257
0.0310563583166744 0.112442116489235 -0.2378814638042 -0.216627578680195
-0.0951316028420139 0.0612980501499908 -0.0559319337009466 -0.347236643924418
-0.0271139067857656 -0.0377614577632166 0.181279110124568 -0.277860789478645
0.0794876855043486 -0.00689820171065445 0.134749893203417 0.0688196139666911
0.247912952575423 0.0964486305438994 -0.100634474695686 -0.0381908622213205
0.183923565392952 -0.22722102605007 -0.48774274725254 0.29837926660488
-0.129782988288918 -0.229493285852205 -0.14021108369375 0.49629271089756
-0.196817525491195 0.0403081667640784 0.140798345085277 0.295088098968993
-0.0564508752402943 0.113050309838158 0.134607806128185 0.0703664773964316
0.00772834987835404 0.0928410542529906 0.0821497288454575 0.0106112825887491
0.0322939082513739 0.0487580035015063 0.0597390466071502 -0.0032363408499711
0.0435861145851701 0.00396249708217928 -0.00468882340217138 -0.0163970621999013
0.0366800367677837 -0.0129373147372336 -0.0802436897748436 0.00429289827435309
0.0636183751125331 0.0124546240315911 -0.152305672988418 0.00496231655158281
0.0962442299646389 0.085764561718119 -0.216464282479475 -0.0237553780187161
0.00369524885148038 0.194161267743468 -0.25641128532368 -0.169110226970541
-0.197290198646694 0.0403548194985505 -0.125117950743538 -0.3505872891939
-0.0183859979573181 -0.154410025903482 0.147551671497965 -0.345113968958909
0.196895452568693 -0.0575534677925122 0.158045545916029 0.0587985443282493
0.278974181410682 0.0165083778117216 -0.137124381082885 -0.0683434989190622
0.114560184111792 -0.233900967642821 -0.408764451542006 0.263525314910351
-0.166964866991484 -0.156108314332625 -0.144860836258348 0.412943672324699
-0.136125832983017 0.0913421855063568 0.0686692030054616 0.284867208996489
-0.00850327982594783 0.0882045585942212 0.106104729305525 0.116963156861608
0.00793774608965372 0.0594096950327568 0.0910240806682278 0.040448456510539
0.0253520636315667 0.032265989925338 0.071172788493135 0.0099281089003768
0.0482737116747916 0.00090264115196185 0.00605285946421085 -0.00593791935616988
0.0562654819633791 0.00652664295315317 -0.0619786407124523 0.00311555210817729
0.0844951018887345 0.0624066764464157 -0.120277762283882 -0.00454095070070682
0.0727817640458602 0.15128652398782 -0.175080414671213 -0.00150859635879093
-0.0983455328732073 0.207521820248302 -0.26701131496649 -0.115066129657454
-0.247085827351726 -0.082284554541759 -0.190372416429461 -0.359940899419376
0.075930914427702 -0.240256235753518 0.123043487205857 -0.413107678756217
0.297434049005823 -0.0252846677142413 0.130599226983935 0.0290521841578568
0.229578804015627 -0.00447601957999179 -0.141738135159999 -0.0756420046886064
0.0361591556653383 -0.174103262562603 -0.334670473063676 0.203562983633294
-0.148567966900253 -0.051108767285915 -0.169702699758726 0.360649196561162
-0.0415245303233263 0.106189506045295 0.0475926250914705 0.305540783080762
0.0310542679187564 0.0410967908010823 0.125934322572511 0.134645478540207
0.00502145125453439 0.0141462638368421 0.108274526474081 0.0354170241839369
0.0149677173783434 0.00823969029284938 0.0751959812660973 0.0131234927307922
0.0433118642468218 0.00107197566581732 0.0181128880086687 0.00493568159868369
0.0624534028071442 0.0315645194809185 -0.0345154541134652 0.0099930047589787
0.075495335615446 0.108893177569114 -0.078635460547253 0.0152290532648009
0.00135976679466449 0.180419394684272 -0.152644071718222 0.052017651963333
-0.197552013812094 0.131271203207744 -0.319667572249768 -0.07393716845
-0.196843193685354 -0.223933969709941 -0.246635474753767 -0.420261073361463
0.205385327359018 -0.255931406664102 0.14382320950166 -0.494953270888711
0.34267743631049 0.0315297743455038 0.096945904950459 -0.0122614224579431
0.168143824959692 -0.00906723295667479 -0.134389434624981 -0.0837595384913641
0.00541873529420479 -0.0972962314491657 -0.289212680352165 0.153182235417495
-0.0878671816692685 0.0128587157597861 -0.170089871346692 0.354392313819092
0.0213677292953229 0.075792350452409 0.0866558860971908 0.326961288265513
0.0397291808697775 -0.00659796651287128 0.172856850148207 0.11655171274575
-0.000623353885351285 -0.0194439571441998 0.1248636302034 0.00590229486562286
0.00706843207905412 -0.00897999779194508 0.0765327563219006 0.0060789994436439
0.0335857429679639 0.00384113330588655 0.0277393856263201 0.0114563208698281
0.0495669248509614 0.046542117774482 -0.00775463484047578 0.0248103969374761
0.0348169915128903 0.117529390147883 -0.0517532313255419 0.058616531630331
-0.068874497169781 0.13708098665602 -0.176100678796037 0.111037975492063
-0.203665241338296 0.00225877600910979 -0.392346009344534 -0.099512652519408
-0.0555288080730488 -0.275805776637371 -0.23922620591224 -0.53243155618656
0.285858413558488 -0.166277201082556 0.231105135676123 -0.5646659799592
0.29828435589118 0.087296810702166 0.0707502607704301 -0.059451733016918
0.111535732345962 0.00129813221117251 -0.131895961186474 -0.0939099983705185
0.01966865997246 -0.0415859706624398 -0.265623743392877 0.126835817989543
-0.0266128490107214 0.0136866847103959 -0.142657664687206 0.363214065245698
0.0306426952625581 0.0247540210204798 0.148181050134816 0.330628504001271
0.0228042033235177 -0.0305991148317108 0.218475467930763 0.0790236994336424
-0.00214560899199961 -0.0300691478577684 0.13530055878513 -0.0280234747814435
0.00265147713908692 -0.0125175570404615 0.0779090960415047 -0.00386486021203418
0.0183240474085235 0.00514858333704925 0.0335600394687366 0.0139818560914209
0.0231054138116809 0.0393120690308677 0.00788889578417646 0.0454083861489861
-0.00711116735774367 0.0739660179896165 -0.0505140808927254 0.101290703817988
-0.0806265718059691 0.0461231106259034 -0.224213545986396 0.129391949968016
-0.103714613465893 -0.0813004000652257 -0.422825373461842 -0.187546226857124
0.0767654901018951 -0.18410598309769 -0.148832833756926 -0.634716879586103
0.243410415192198 -0.0256512834713301 0.358535347818475 -0.579170451012014
0.166032476577191 0.100911585203017 0.0667685498357768 -0.0982133108191716
0.0105695449626688 -0.0281367933517294 -0.00696864804165134 -0.0065212007577444
-0.0112858172203376 -0.0442269424290502 -0.5172262113136 0.356528768826657
-0.072266589353842 -0.0176363348192674 -0.0326885993602694 0.716428679107166
-0.0429069654928994 0.0502993480700382 0.383316352773882 0.358222725081152
0.00207087596955915 0.0364583622528888 0.309536931490842 -0.0618050178564895
0.021511873887009 0.0119001937427559 0.0879888630076165 -0.13131752594272
0.00639429138477273 -0.00347230294761753 0.0201894847168196 -0.05425925393519
0.00245058783497084 0.00208564641197674 -0.0167879112370459 -0.0415267377531657
-0.00603903280756484 0.0115674407405634 -0.0828475277701053 -0.00994891841554336
-0.000705958130194471 0.0196730908228979 -0.160524141078134 0.00683783157072422
-0.0049862646613602 0.0243292586181024 -0.233149180745221 -0.0570440969064331
0.000474496273062875 0.0135854543257556 -0.186916171103598 -0.270140958728223
-0.00420882095289168 0.0246464137696698 0.0568357986617329 -0.360605392277541
-0.0264440166818782 0.032416694209632 0.230597983865271 -0.202819828628027
-0.0610681146884463 -0.00949028202973213 0.128782908683349 0.0807380176933862
0.123592612464852 0.0446398657498502 -0.0260331930598284 0.0109205318650029
0.117371247715432 -0.0890876911427455 -0.573875555761899 0.277221416105782
-0.0527351055304348 -0.134277007829481 -0.173662552958951 0.667535824680397
-0.134523799605459 0.00792646659134446 0.299044334904613 0.412429129051713
-0.0501939583049319 0.0759999278210816 0.274280303733972 -0.00388452986938971
0.0137476175114108 0.0617000877597673 0.102362336562841 -0.0932476495458466
0.0219072255795484 0.0280320726610577 0.0393242861569826 -0.0496969451468022
0.0155250361177097 0.00926091649811255 -0.0119386523494976 -0.0403095998577281
-0.000179738466286319 0.00141713357307231 -0.0829729569500757 -0.00649642183310695
0.00479100908328373 0.000189970170420311 -0.16365330695492 0.0136182841161031
0.0282256814099946 0.018952998692993 -0.246447521381864 -0.0384622337311443
0.0304447338907529 0.0580577242351314 -0.227561676615695 -0.245314814870988
-0.0399680077771936 0.0604265469430303 -0.000853309341631007 -0.360052069345623
-0.0363015564953156 0.00823871148852002 0.211020688172352 -0.240310155485825
-0.00525044225250429 -0.0151549928713355 0.13782214876138 0.0806270292162076
0.214841120862493 0.0877441750470947 -0.0587330483461579 -0.0153776526113803
0.19848589732928 -0.139126313342524 -0.567018407081051 0.271575831926366
-0.0551785109304431 -0.211330823241813 -0.191110724201469 0.613165800243212
-0.185880249180837 -0.00845261104018974 0.215993684915022 0.382350308250722
-0.0760146842407927 0.0941143316637759 0.213045948134358 0.0474542992664515
0.00177267616925367 0.0877365102904459 0.102345036715647 -0.0366537521559799
0.0245488870444317 0.0486804685919308 0.0595977846151317 -0.0293500289543702
0.0274306213160117 0.0119338248221933 -0.00436145717578294 -0.0335071904127528
0.0112410004412676 -0.00652015592021027 -0.0842242860038533 -0.00492047176632352
0.0232791797081404 -0.00495990699248807 -0.167228467964215 0.00716063689779865
0.0609688118795819 0.0338589064495009 -0.243025443887583 -0.0350838056894987
0.0361788042247147 0.112299128665098 -0.246826054246093 -0.216453274668361
-0.0944917913555515 0.0672683692918215 -0.0663862119102739 -0.353747687915466
-0.0292593044790384 -0.0398041222006426 0.180762337560414 -0.288935763669592
0.0806782278672067 -0.0135365819930461 0.145053896490854 0.0633881856216531
0.254344298698079 0.086900307408531 -0.105807516720581 -0.0446621001210735
0.17575892085386 -0.238875119446101 -0.486175012609994 0.306773965818876
-0.139828193578839 -0.225942850272676 -0.13485244327602 0.503178004586019
-0.196675765200153 0.0484721868513239 0.145409200941941 0.29684079794422
-0.0522722662788919 0.115640348885422 0.136974842033847 0.0718140330417054
0.0126959414721387 0.0919119739262339 0.0830540647364811 0.00845392658394306
0.0353412842708067 0.0475988543079518 0.0594983240047632 -0.00616411745101837
0.043055771639767 -0.000887718263775379 -0.00688902050857473 -0.0163689479881622
0.0358636353359402 -0.0153820475468934 -0.08245354334639 0.00864722909142025
0.0651710718024314 0.00973697849573168 -0.157434532295372 0.0107641953977712
0.101139625340798 0.0818636376760798 -0.223244716340331 -0.018652501312618
0.0129292335558085 0.195622905123152 -0.262046681671561 -0.167201370771939
-0.198400948316794 0.0498307649198254 -0.133325579133233 -0.355721677956092
-0.0260944519521277 -0.157771758020483 0.144624024378658 -0.353790552452816
0.19684381230493 -0.0685225192647864 0.1674076758753 0.0552681974699394
0.280962614449061 0.00350489978151316 -0.142368800042184 -0.0703466692047058
0.105221925779061 -0.241842748090771 -0.408468860278432 0.269048420152818
-0.176082355694741 -0.151887816248531 -0.144196771534721 0.421330244581847
-0.133953517472349 0.0971671657633668 0.0701741515243737 0.290503656365822
-0.0054559834031724 0.090377934322115 0.111445548815968 0.119651936483344
0.0111985565453389 0.0588807568985981 0.0948191921169201 0.0378719872153648
0.0276791186231999 0.0300999921204509 0.0703154674164608 0.007981242269769
0.0470299638585832 -0.00427741890561983 0.0050459898616136 -0.00620543841297103
0.056774232657275 0.00230835264503866 -0.0639224521157076 0.00728234284828316
0.0903688252710801 0.0588763048339613 -0.126363108466624 0.00105340649071018
0.0810817054541398 0.149913566103956 -0.18045804701269 0.00137812487200386
-0.0901399747529845 0.212405736520622 -0.27093243372076 -0.111333174925044
-0.253133026809422 -0.0714351448729947 -0.200468355892541 -0.361124216049328
0.0665265957381403 -0.249360113259292 0.119284641383507 -0.418921707654227
0.298549917989843 -0.0405627807917253 0.138359582764393 0.0259545408613167
0.231384741659553 -0.0162285945944634 -0.149341067696718 -0.0753843748387301
0.0292882979735503 -0.180875465684869 -0.338197064668452 0.208863147017735
-0.153966748435015 -0.0452003187402791 -0.16991447318276 0.371525852601294
-0.0372371812107936 0.108607432411672 0.051161948896996 0.313384747859836
0.0329611499832741 0.0395271276804984 0.132513774071788 0.137909844223012
0.00614961173731566 0.0136587440224231 0.110897725748905 0.0323117161400821
0.0169873902343496 0.00701613384254889 0.0752248521245298 0.00925842657053762
0.0437502146765963 -0.00308765674757491 0.0167834716254724 0.00412595170806233
0.0649886579401968 0.0272575176485291 -0.0354311553170837 0.0118351775177835
0.0830614000099693 0.107213180763687 -0.0826936314862991 0.0177674016203762
0.0106489419320156 0.182675861481666 -0.155151498460274 0.0550944063074721
-0.1921787621106 0.14149383620936 -0.322088909256385 -0.0685658420274673
-0.208483264882417 -0.216117530386255 -0.258675406274058 -0.418306641759386
0.195226068629635 -0.268713800240238 0.13500583588335 -0.501375035812069
0.346379020391083 0.0156260407823285 0.103134846797252 -0.0143995319454245
0.169535343683662 -0.018377007095346 -0.142443811164447 -0.0837417526933889
0.00135173207165491 -0.101182411253449 -0.296467797085549 0.158542837964953
-0.0901768612357313 0.0155122708219215 -0.170304546617149 0.367142971805322
0.0248749271610388 0.0758022762865865 0.0922134909408579 0.334893195511052
0.0400483008394302 -0.00815476565159044 0.180452923873873 0.116747570598429
-0.000210165463104347 -0.0195198540298911 0.126424637274594 0.00211969455782291
0.00887170273596587 -0.00935263270669237 0.0773867518509483 0.00234376095353538
0.0349668962582952 0.000132730416451988 0.0270525091082935 0.0100841541848097
0.0544376955516682 0.0439342240697982 -0.0075197367081045 0.0250732238290162
0.0435103813130121 0.117724119543026 -0.0530861096544641 0.0589359039445862
-0.0613392793969873 0.142584138864711 -0.174743182053607 0.114766465857393
-0.204906393739367 0.0122010593594005 -0.394909200820358 -0.092167320346036
-0.0672643764978106 -0.27359106662273 -0.252733076645346 -0.530518561191633
0.280247957753344 -0.179943978554009 0.220958767742725 -0.572385162848202
0.303899460499398 0.0743055282882364 0.0759516622137081 -0.0583953222134612
0.113446243917594 -0.00508277241356557 -0.141142379878771 -0.093490006487857
0.0175000251741937 -0.0449445956250541 -0.27351370681309 0.132547454802267
-0.0267735108222853 0.0137360389331237 -0.141308991618929 0.377420982217187
0.0316248920509552 0.0233851949862433 0.157843208841604 0.334808919779622
0.0217002735272662 -0.0315054292626234 0.227365710820801 0.0769710002582675
-0.00309336594982627 -0.0293651502725546 0.137011460262951 -0.0320796479701382
0.00452285604103148 -0.0117082361360049 0.0789866042168456 -0.00808638782885501
0.0211160721368852 0.00319503778493914 0.034082576435825 0.0125677426313868
0.0276855372724749 0.0381420821588687 0.00873879411140699 0.0425463843862163
-0.00037104801631087 0.0753372192437842 -0.0487392479165815 0.101077418269568
-0.0771803710455327 0.0515412257929965 -0.220768328336373 0.133966254950163
-0.107013061164687 -0.076645890736505 -0.427023624227321 -0.177977821735751
0.0689616469894744 -0.187692169128588 -0.163466536989451 -0.633564578672343
0.242156699130455 -0.0349507124065749 0.350140481720586 -0.591855028755248
0.170001975407784 0.0940788770962464 0.0693389082392544 -0.0964992553275675
0.00776159923911135 -0.027095193959723 -0.0107281316203455 -0.0127273649521675
-0.0136965087489772 -0.0443153361715296 -0.500896434608829 0.376151055139798
-0.0720012093636174 -0.0146313695373389 -0.00409093070038436 0.717467190351768
-0.0395140246722863 0.0540026889867738 0.398767847198865 0.348650727610028
0.00338168063877525 0.0361987741592829 0.304982103404586 -0.077403058024423
0.0236576933855976 0.0088215000990976 0.0796185291171334 -0.133559185785567
0.00768369839266855 -0.00346992613488772 0.0173598131898652 -0.0553484003374775
0.000827155851807611 0.00404460383757214 -0.0213134837356299 -0.0390751186578764
-0.0047458982819433 0.013040558319001 -0.0830496795297324 -0.00286672119298708
-0.000247916804860522 0.0190266677089478 -0.161296821208067 0.0155525855919345
-0.00328700028593877 0.0260734370579663 -0.239521116205656 -0.0453079971736931
0.00159482483284289 0.0111403970855586 -0.203555415805839 -0.265865026782778
-0.00016647770023406 0.0253801606812099 0.0442159264239053 -0.366366157795703
-0.0232396910861933 0.0332341414116161 0.227329506693029 -0.219948571024333
-0.0637348029239714 -0.00696912790871158 0.140709675407566 0.0733232353172027
0.125616704364591 0.0367865757627525 -0.0277417372492304 0.00493265842223897
0.113062847436509 -0.096284769512972 -0.567083844154135 0.301020515037708
-0.0603799196908101 -0.130902542255937 -0.150324513431414 0.678626735617318
-0.133364202180248 0.0153103941926761 0.313879345020216 0.398316741365896
-0.046159784170649 0.07822747758279 0.270022143402153 -0.0164978744351499
0.0172430866243792 0.0594956192286209 0.0949014081101778 -0.0963366099491635
0.0230576236819201 0.0262577745091749 0.0365785680801245 -0.0516740572088509
0.0152987706858308 0.0073689656212307 -0.0153165890719408 -0.039024413910527
-0.00170523714317237 0.00178283098537295 -0.0844701019396305 0.00144462601803105
0.00371273451469141 0.000893883207609966 -0.165196672543559 0.0249726267433322
0.0278801632398036 0.0174354585702345 -0.252356639397564 -0.0264820714964626
0.0333621848565433 0.0550242824080803 -0.24138390467566 -0.238366403142344
-0.0361305984428334 0.0624343860199227 -0.0157931928396993 -0.3672474885962
-0.036149847266488 0.00925789900975597 0.205638014859897 -0.25509326678891
-0.00576236831989044 -0.0156282961401488 0.149285258789328 0.0714811691670141
0.220362901447284 0.0740678519587515 -0.0620203225370784 -0.0197643741783692
0.190204279851948 -0.15186626072318 -0.560632232006565 0.293875428730405
-0.0685357175750833 -0.208185200843459 -0.167387484046463 0.621249076838058
-0.185427368835128 0.00407072728159263 0.229689638757967 0.373990308347877
-0.0704990156053436 0.0978023231959748 0.213137852407859 0.0397511772335221
0.00800539741637597 0.0867073334168794 0.099018084561862 -0.0414228730588657
0.0290001612990445 0.0473392267966252 0.057030661975159 -0.0317017939758746
0.0277617607733874 0.00910303897388784 -0.00757654264523307 -0.0313184108675955
0.0101988840555933 -0.0066866704711946 -0.0858361139983733 0.00224021969942053
0.0224491103862701 -0.00537674727996382 -0.170734722799517 0.0187099657937354
0.0631390938058158 0.0298761224587106 -0.24901702964815 -0.0232194760119306
0.0434806739409312 0.109913298439014 -0.260737090233891 -0.208165100750702
-0.0906131522259422 0.0733345186157131 -0.0835616514998634 -0.35668111778491
-0.0330655545018762 -0.0405948755660531 0.171962755230174 -0.302229506136013
0.0796112625867282 -0.0219797700131708 0.15525537059726 0.0542529002768695
0.258910939706361 0.0695247873388959 -0.11127399137108 -0.0443866019388485
0.162057914422288 -0.250300571967313 -0.478115400245121 0.325169578476841
-0.154260266523939 -0.217425326188394 -0.119201830620704 0.507159334589522
-0.19328721147309 0.0610983419689773 0.154117279775456 0.293488076749591
-0.0443456552762147 0.117847578063159 0.138626920416573 0.0684646876556491
0.0192082852796627 0.0895574203460522 0.0831348225182745 0.00610703897646729
0.0390715301408036 0.0435288859741318 0.059476465308313 -0.00992356350277026
0.0415040239218581 -0.00651343729154072 -0.00909581057379363 -0.0153362900301411
0.0335295407807311 -0.0168472308564292 -0.0833170955764556 0.0155141101757619
0.0658644727405937 0.0060402845385553 -0.161268923560599 0.0207718328328776
0.10631433851752 0.0750436121546451 -0.228334378429854 -0.00713403304654851
0.0249218600805519 0.194363369479233 -0.270754867409401 -0.159214972892596
-0.196393718619154 0.0637031766625032 -0.149131280182729 -0.353224939982147
-0.0382507318080799 -0.159004003193672 0.134101895809535 -0.363042799054
0.191820654788532 -0.0841684910380209 0.177096483718167 0.0445619592995338
0.281877918615217 -0.0155150557349343 -0.147474046455437 -0.06864065414194
0.0895972054170352 -0.251530581079834 -0.401488121916476 0.284155212404533
-0.186335263309018 -0.14107574231983 -0.130996553248174 0.427703821288564
-0.126633666479464 0.105113316788583 0.0790682014869299 0.292038677080603
0.000402602469608335 0.0891294680391918 0.117767323988199 0.11965742058958
0.0156513600205783 0.0579795044743526 0.0962666141622445 0.0342570154182046
0.030610345623309 0.0265580288975362 0.0704388005361357 0.00249837235387269
0.0460409047690354 -0.00906048778039951 0.00423818219626491 -0.00620736249698789
0.0560472651663702 -0.00153049417797244 -0.0646192200359649 0.011136549120479
0.09559987816289 0.0533871617919284 -0.129260362226823 0.00920090790792797
0.090512531060509 0.144695981871641 -0.185218736151335 0.0101011354495218
-0.0764039800179507 0.219141346167743 -0.27645005506871 -0.101980468892048
-0.258226280891006 -0.0549095175328529 -0.217352565674731 -0.353538593774335
0.0489259250022977 -0.256886303157746 0.103023897844237 -0.426699348014593
0.295424984786655 -0.0621674273194135 0.144496361322818 0.0188911285567378
0.23020782477285 -0.0327604364388214 -0.156220406447292 -0.0719737464779139
0.0173056592641552 -0.184548657398981 -0.334714916294249 0.220845068911836
-0.158940147158293 -0.0362032248437145 -0.159658257129417 0.38284500100399
-0.0307241761420449 0.111723784310437 0.0641955487005036 0.317806556386036
0.0359774743022388 0.0379656023433102 0.141775104343564 0.135564144410132
0.00816210287428865 0.0133501027315574 0.113336122029129 0.0274971541661978
0.0183972204094173 0.00375253741613376 0.0761137704018819 0.00405096530483111
0.0430982391302621 -0.00825757922401691 0.0165210227934116 0.00318405687397076
0.067580273732023 0.0220430348803541 -0.0363914271398939 0.0136056870011733
0.0919378637409332 0.101180314316699 -0.0851226676203924 0.0225978553936237
0.0233856111231247 0.181134404778243 -0.155177153459542 0.0622244611404689
-0.182007775748969 0.153766318494843 -0.321785658201571 -0.0557833920594691
-0.223156246551439 -0.202963602141507 -0.276413580405334 -0.408900281499608
0.177597088840653 -0.282463277076315 0.113793122352808 -0.507030885782482
0.346147637313885 -0.00766190184827406 0.10800607526602 -0.0186532786449885
0.168251456554362 -0.031228399407346 -0.151443009353951 -0.0790966701808372
-0.00563924177808492 -0.103978609619086 -0.297083736542163 0.170286327147631
-0.0915327708289873 0.0208537070642801 -0.159947195743273 0.380710200518681
0.0293983629954953 0.0748876255809461 0.10717710040923 0.336957768026579
0.0396052206550268 -0.00977633557510562 0.190491791159157 0.110032663864088
-0.00035396682174324 -0.0190435319826367 0.126915563174137 -0.00404802189699276
0.00972436219245823 -0.0109459688120603 0.0775544240204559 -0.00244474162068476
0.0350749578984178 -0.00396186106314683 0.0269190246050832 0.0077985143394413
0.0586228880341757 0.0391451993077546 -0.0080179530290457 0.0240421985550355
0.0536503452755193 0.114523408120415 -0.05285672044795 0.0616413366336273
-0.0515201867238645 0.146147847778946 -0.168823467996548 0.120421783650121
-0.202532444737741 0.0254062357341498 -0.396006864487053 -0.0734307853333591
-0.0841622266082911 -0.267638643438192 -0.275831154199064 -0.519320331970083
0.268128012783446 -0.198830140308505 0.195743326067757 -0.580693971387325
0.306889563348401 0.053182137996497 0.0785698881639038 -0.060176743618842
0.113538786364246 -0.0143117553928853 -0.150555806171078 -0.0882466396321353
0.014689899083147 -0.0482930435908495 -0.276359012401312 0.144237187491031
-0.0280101268122592 0.0154564552328146 -0.129481515429504 0.390738480952922
0.0332483036214533 0.0219364078350181 0.173932358900592 0.334667106368108
0.0202618826544455 -0.0317336934595519 0.234618573273386 0.0681811906507227
-0.0038061399785861 -0.0284126944495142 0.135935750606781 -0.0389366413906711
0.0051076641229514 -0.0124573047701348 0.0784232023212273 -0.012770909452252
0.0223143749137217 -0.000922914599430589 0.0331331966096353 0.00834086357788091
0.0323630099662149 0.0364933173633885 0.0109604831425472 0.0413205139893312
0.00637621587186654 0.074293171309771 -0.0453631919202533 0.102109132159809
-0.0729467261155384 0.057879478807272 -0.212283892754929 0.14360204233945
-0.110942134208455 -0.0694457077385716 -0.431015231348468 -0.156936778791806
0.0575962596603959 -0.187639875455457 -0.188960666247472 -0.62545571230507
0.239188100613945 -0.0500753661341738 0.324712251413334 -0.608266065210277
0.174284600332114 0.0824999561767324 0.0697677160416814 -0.096183856166332
0.00740163810548102 -0.0272030650113386 -0.0154676364390909 -0.0187667732192205
-0.0145109017382446 -0.0403306700758724 -0.480151795900777 0.388773365204448
-0.0687779713081237 -0.00832833987892454 0.0291785181009323 0.69913638515765
-0.034891364016941 0.0517145314538773 0.400993717718645 0.322749186888229
0.00531658874140375 0.0343175201695187 0.289260415601365 -0.0885471304089261
0.0218715457124528 0.00638969542697881 0.0689779488940236 -0.132592592334372
0.00653131961381508 -0.00354108237972385 0.0148928389162579 -0.0549133957676192
0.00180947816838667 0.00373649123732384 -0.0224127842677999 -0.0334686064182287
-0.00309384362183824 0.0122593425655517 -0.0809139576067875 0.00577807610182728
-0.000536972955972004 0.0190243320573404 -0.157944576392561 0.0293413608613329
-7.03818597542535E-05 0.0234507186024147 -0.240354721910333 -0.0307877963937633
0.00133504327171457 0.00981905093388137 -0.211706155711291 -0.255316494407768
0.00202400546564775 0.0236080521853303 0.0265958342072185 -0.366481135164596
-0.0206941394916118 0.0356299225005566 0.219585327651097 -0.2281044961066
-0.0618095120814753 -0.00270387512103538 0.147619213377284 0.0598896832635087
0.124342085748424 0.0275871047158395 -0.0289596151676369 -0.000682827950968684
0.105711840971682 -0.0995676480978659 -0.545563627225946 0.317773826814501
-0.0658757517028695 -0.123510791502492 -0.118432519948146 0.672618966001651
-0.128051946962989 0.0230540632749437 0.322686515143943 0.373848988270436
-0.040189172216725 0.0778697556474814 0.259146007353257 -0.0277457071327034
0.0194269832203786 0.0559880236616001 0.086119389285449 -0.0972232874354426
0.0230688891308147 0.0243146762571943 0.0325980499496317 -0.0515107509504954
0.0151272909172167 0.00605415724912642 -0.0166958856105255 -0.0347845931249573
-0.0021109002910656 0.00191051812467713 -0.0824420974502885 0.00865290825357422
0.00250756560985824 0.00170107841582006 -0.16188239136732 0.0365574304438682
0.0276813481003777 0.0150532621881823 -0.251007597627466 -0.0122355167640742
0.0361591669736212 0.0512144083600485 -0.248982908100706 -0.223191342544218
-0.0305996528994582 0.0633871569275319 -0.0319925619666785 -0.363822865597123
-0.0349471110578682 0.0100200903339552 0.192137748667437 -0.262825925191608
-0.00697848625351751 -0.0176611433050573 0.155367831747221 0.0591550221342018
0.218772376717311 0.0576232222412844 -0.063986929121939 -0.0228374323927973
0.176965936206863 -0.158583807386024 -0.539790046904993 0.310606435019442
-0.0781833943856082 -0.198201458013719 -0.137042985146968 0.613670650253997
-0.179424247471365 0.0151680712311054 0.239774641716822 0.354371479352837
-0.0621643299350554 0.0995248859275961 0.208250725152645 0.0307003985609704
0.0128214785229189 0.0828020986676843 0.093565417854813 -0.0444095240766107
0.0301982868968901 0.0431347273761477 0.0540740397339382 -0.034579126458951
0.0261351422878179 0.00586478290397559 -0.0101118366611482 -0.0299379503190301
0.00845861597100638 -0.00709815313869319 -0.083407627930766 0.0094244554128531
0.0211238883358238 -0.00521609732727707 -0.166650970215796 0.0303302008914164
0.0628745601102618 0.0249334388812953 -0.247580640628523 -0.00784360623956543
0.0495080064763847 0.104330767063644 -0.265745364926258 -0.193633405006397
-0.084428398852854 0.0777265417082909 -0.0991530624508415 -0.348687751409903
-0.0360322393176459 -0.0403772504497033 0.158131718963788 -0.307069439739101
0.0751793383996209 -0.0304403388501589 0.16101564149172 0.0418507929620154
0.256766976326618 0.0497330777300884 -0.112891835160155 -0.0445950449003931
0.14174797024241 -0.254457809107299 -0.456162233658625 0.333623901367512
-0.163417474968794 -0.202440826843253 -0.0988956860771151 0.499543861947451
-0.183817853852515 0.0706945042002509 0.159471464757838 0.28302370273161
-0.0365090610543707 0.117344787983314 0.139055367216284 0.0637679109322914
0.0248156266879583 0.0856346656680169 0.0822490544391103 0.00198300213894891
0.0407729479444603 0.0386355390506897 0.0567426637807433 -0.0126778113370581
0.0379287598773848 -0.0093292915874414 -0.0106744766752227 -0.013274005041676
0.0309644542517271 -0.0189560873728866 -0.0799842394534016 0.0221346458760215
0.064276748244336 0.00265296387897046 -0.158187139806902 0.0315580072656262
0.108213018498484 0.066998255338715 -0.227213727200176 0.00427633320341011
0.0368510892772692 0.186491214163065 -0.273195340693124 -0.144835152450383
-0.18775920137858 0.0744690428142328 -0.161860794237693 -0.339579692140182
-0.0488273668169299 -0.15449584762801 0.116957895806269 -0.362021051548409
0.179553315534084 -0.0956972288083657 0.179646088248555 0.0333753935253639
0.272754760351647 -0.033064469161468 -0.15082237698806 -0.0633854077029078
0.0712831215684373 -0.252747053153331 -0.384372004812135 0.290236514562909
-0.191540453489108 -0.127116475999564 -0.113362291183001 0.4238302996775
-0.116077958024264 0.110428179784109 0.0879388363989246 0.28741151690925
0.00691025391674528 0.0862147530232742 0.122546849511656 0.114926448428445
0.019707367770409 0.0550760712251975 0.0974982413898917 0.0284351761220755
0.0318094361362161 0.0235505651815554 0.0691549219749329 -0.00118751128448614
0.0422457370278222 -0.0141541415051321 0.00177654722106291 -0.00526732602221437
0.0554114517151733 -0.00648939998792006 -0.0633696558370588 0.0148925390069842
0.0981983321448276 0.0455489355436628 -0.128179512897227 0.0178767236543686
0.0982564125010642 0.133974075027715 -0.182935477674902 0.0189020535500123
-0.0591768421713842 0.216788628296761 -0.273126724524841 -0.0899513439394617
-0.255392388016027 -0.0358177616604287 -0.226154852800472 -0.336591977904099
0.0288297987775821 -0.254789375204126 0.0843903301826713 -0.420700318053134
0.281656641866628 -0.0807690991863766 0.14741110961133 0.0102287049599458
0.221998460840204 -0.0477798251325824 -0.159861873493927 -0.0654092646910638
0.00384607484300108 -0.184286644604151 -0.324241934492185 0.229070162755196
-0.158392461118814 -0.0254148403684946 -0.143105927951034 0.383922338210662
-0.022002286040922 0.111197714045197 0.0745697751429203 0.313109673907677
0.0373777756117457 0.0347466474288072 0.147576494955455 0.1291481394518
0.00916465876061289 0.0129903262789853 0.112312298299713 0.0221782945678803
0.0194022970861861 0.00128384187327723 0.0738846933047313 -4.79420653365677E-06
0.0403292395551973 -0.0129733150547112 0.0160772844334777 0.00186639209989925
0.068167612017248 0.016048785264542 -0.0353157089697934 0.0157087968511989
0.0980454185178909 0.0918103896761869 -0.0854893288821246 0.0266176653960799
0.0346671971800195 0.175226583846332 -0.150467663119879 0.0664208655424471
-0.166849652134105 0.161242733863749 -0.314367961331846 -0.0416546636226904
-0.230071166673785 -0.181368779967269 -0.288053523557632 -0.385216720199326
0.152510781968291 -0.288025148092166 0.090958679721852 -0.499607262252969
0.33470795100814 -0.0307654479482684 0.110877878560406 -0.0221214792754137
0.161567760403357 -0.0422472806136702 -0.155964130814577 -0.0709720747941204
-0.0128841638668067 -0.104122774958085 -0.290371243181963 0.179224326044959
-0.0900142767902079 0.0259557252605315 -0.142366609247767 0.384720776958555
0.0342215230465946 0.0718313008316411 0.119628252331805 0.330100347611518
0.0386118730772955 -0.0119489413568994 0.193646928461382 0.101500964279407
-0.0011506129728145 -0.0182951438007444 0.123892646462578 -0.0105640695135799
0.0105839709942622 -0.0128983914851157 0.0753633980445125 -0.00731601462869044
0.0337873025011809 -0.00761507710865447 0.0263706173330249 0.00591666188099515
0.0606518815993511 0.0333198290258005 -0.00716996551627514 0.0237409259718543
0.0619002727509188 0.106903659761714 -0.0504683377495828 0.0622410699743525
-0.0395981987251679 0.145617567393067 -0.158830905590553 0.124546626859608
-0.193544158170431 0.0381039837266719 -0.38581123110381 -0.0534728060083362
-0.0985107773064904 -0.253228299453325 -0.291544696485897 -0.493312136797025
0.246864738681419 -0.210400933059931 0.164820726738547 -0.574491370013954
0.300932499247544 0.0316121844767254 0.078879021960767 -0.0597197948617228
0.108180725561948 -0.0213728415944317 -0.155501815688325 -0.0791488637585984
0.0103933715199612 -0.0499223324826316 -0.272276951190689 0.155774687525102
-0.0283996643307425 0.0177127460606686 -0.110521514854004 0.395208679444332
0.0344014938182643 0.0204770579433601 0.186181578103071 0.323087431514637
0.0182909861172269 -0.0322656870578768 0.235095570608997 0.0571236630667905
-0.00429739752435701 -0.0278889312730313 0.130853014286991 -0.0460186022744584
0.00677131843996346 -0.0138228854564278 0.0760702033912804 -0.018666252467413
0.0227479947826681 -0.00238491745543247 0.0317969495709137 0.005774940868447
0.0362488974493276 0.0323435478217961 0.0117788500096757 0.0367524395809464
0.0146899445612442 0.07211387100695 -0.0394031671383502 0.100591447145183
-0.0668745725797968 0.0616304724848545 -0.198278992313522 0.148473253820093
-0.111238284722316 -0.0591467650807437 -0.424106886646922 -0.132219975931425
0.0433267054439469 -0.184179021637465 -0.212146194106319 -0.601312192853006
0.228404443352456 -0.0635433255623604 0.289059966330533 -0.603746833211806
0.174112672883502 0.0683595412843922 0.0687583068633937 -0.0939071795143154
0.00155550752574172 -0.025623925710701 -0.0187233922764406 -0.0214127063086975
-0.019183087216649 -0.0332643465448512 -0.416070982936528 0.42880077198826
-0.0623757740190751 0.00236956434014513 0.112527850896268 0.665597480151644
-0.0247204696434989 0.0541617076510926 0.425126480340809 0.257770252160645
0.00918888908771526 0.0323195836903664 0.266053894595262 -0.120440850568265
0.017813358828248 0.00290654918069142 0.0486129771372483 -0.132607527070525
0.00551776128491888 -0.00300901799574959 0.00775559549424424 -0.0520720605265174
-0.000213992230764892 0.00308423456186522 -0.0245867696878569 -0.0286554108506438
-0.00143521925472468 0.0139508375691658 -0.077373790353962 0.0180753081430516
0.00325433935809653 0.018166631023403 -0.147127152027102 0.0488633336639614
0.00290551667633582 0.0230165175204704 -0.232615345613579 -7.48471786972473E-05
-0.000528979861366214 0.0129933138862002 -0.236064413579983 -0.220231932466578
0.00591224986033438 0.0219279665445451 -0.0147981409893063 -0.358909188305086
-0.0188734309807818 0.0345148059348218 0.183846405013336 -0.245888674340979
-0.0560285878568607 0.00281806260126508 0.151969573862385 0.0393461866214349
0.124407047233992 0.00867116708292071 -0.0421179947889066 -0.00362825323765669
0.087224652844375 -0.103634258826112 -0.487802456956798 0.371629476168027
-0.0738845872641307 -0.105468421988223 -0.0303077087101642 0.662439753289543
-0.115916988601382 0.0368122540940649 0.358949451273947 0.313358926231528
-0.0278871471852229 0.079379395841274 0.244928518494517 -0.059703940078852
0.0242899278571852 0.0493475588597318 0.0700192435621564 -0.1030826594422
0.0243058132399357 0.0193490182477247 0.0262430939934467 -0.0536120267129868
0.0139681930638102 0.00307003021371154 -0.0204404142019534 -0.0295024882822456
-0.0017551842444073 0.00329735467120343 -0.0767749512079682 0.0210743858976894
0.00259556549314414 0.00190315217560321 -0.148328709615014 0.0587875522092167
0.0294961554857615 0.0114602418021285 -0.241944838730769 0.0185281415042031
0.0407738416594198 0.0457919895952331 -0.266166047650096 -0.189188901436172
-0.0228250375258172 0.0672527182749918 -0.0722153824289234 -0.346222165123891
-0.036126777432244 0.0123146967355447 0.152447711755431 -0.276449756370306
-0.00862782335434333 -0.0179943959861464 0.16141904023197 0.0325597901885269
0.21972481909008 0.0249167797601104 -0.0865481646961414 -0.0202609542329372
0.148820025292517 -0.169881535302859 -0.487231537988578 0.364529132876134
-0.0966045190101394 -0.175483313976996 -0.0575671258090575 0.612862495746732
-0.166641732816689 0.0353992415606615 0.280064513849834 0.311697316013096
-0.0471527008071327 0.101420227542754 0.206762157205032 0.00258957397634101
0.0216696638586329 0.0756140320736857 0.0849399727995092 -0.0549206638888881
0.0339751723634509 0.0367379789935611 0.048170589024499 -0.0409200317640424
0.0233937392346888 0.000989564373074468 -0.012468599548667 -0.0249182818999372
0.00738731767763275 -0.00641589164348847 -0.0786640383734218 0.0223461313998063
0.0192718136724037 -0.00690169715186123 -0.156370168117005 0.0532906516649677
0.0635830494191302 0.0167704074339786 -0.239513084926149 0.0208165051498801
0.0603007236930143 0.0944496035278999 -0.276223692354555 -0.157757365409513
-0.0712594266254537 0.0886269663807848 -0.135207212026879 -0.322289640179786
-0.0443125724062243 -0.0350770959676087 0.112665432777627 -0.315836536667122
0.0649390490167539 -0.0430549360521013 0.166578706740254 0.0154756598336819
0.254496240591746 0.01078476660537 -0.139628430803607 -0.0331462029826218
0.101558077999785 -0.256926117726347 -0.404442575844991 0.379021242979618
-0.178069625706569 -0.167568767653347 -0.0328706045272882 0.500727061987615
-0.163865720077317 0.0893592389190878 0.19454236657665 0.252715532259259
-0.0202155829724008 0.116110002540112 0.144897629579354 0.0432288198840972
0.0336442366607602 0.0765834365617823 0.0811214208053054 -0.0102424100214623
0.0429775342848911 0.0302302157512052 0.0540337745174117 -0.0218021520728891
0.03296426740046 -0.0151544322081792 -0.0112531331226122 -0.0100508846825921
0.0262210046293627 -0.0220364934001772 -0.0728384436009391 0.0303671291162545
0.062395058136249 -0.00529451335189772 -0.147086353227146 0.0526202037556046
0.1102847803723 0.0495542776031256 -0.217182848807966 0.0282596054909617
0.0598259945921329 0.171668298715363 -0.274555347040186 -0.108828378637798
-0.168295047512305 0.100456615874253 -0.195236134469853 -0.301294762965991
-0.0720590191644869 -0.138575659644519 0.0626053302057417 -0.366574984446854
0.149541615030032 -0.117422077893559 0.186495760185792 0.0049537945265067
0.257900696112152 -0.0722940194985211 -0.178280871794621 -0.0384660805308516
0.034833875133784 -0.248154293326582 -0.338180360310613 0.328329713557451
-0.197183944999775 -0.094540246631552 -0.0561317504329233 0.428274780067162
-0.0959658009702531 0.118305525143953 0.126399541531107 0.266105700362091
0.0166506544296459 0.0824923292028852 0.135928653052963 0.0946801812337934
0.0261560523416324 0.0498154673481891 0.0982130179113202 0.01457497909278
0.0337459336590151 0.0162406550493134 0.0669040106666217 -0.0117418261970597
0.0374028713447996 -0.02067648937689 0.00246355152613195 -0.00461919686499272
0.0497093451788801 -0.0147192952317899 -0.0565453996565673 0.0236042667588577
0.0989721637434586 0.0304282341004315 -0.119136787273301 0.0352858927535688
0.111930208582022 0.113900639923951 -0.17042452193086 0.0371461214780457
-0.0263066025630728 0.21324967608569 -0.266792146300606 -0.0523765831293965
-0.247150631745662 0.00718457504234968 -0.259266027393324 -0.290680249649594
-0.0146820663947151 -0.240054009248611 0.0257121058206379 -0.420605286053328
0.246690801248978 -0.116916011974357 0.15645073424396 -0.0116966420928891
0.206573946442805 -0.0799904454782155 -0.181795654521438 -0.0374072235913143
-0.0209093780922726 -0.176123421127432 -0.287618192960411 0.261759618854411
-0.154303793380979 -0.00210694336937462 -0.0875131179145463 0.391324215695516
-0.00768901980483249 0.108609686654467 0.115545669926094 0.292437665540949
0.0390452622021503 0.0289294069808909 0.160929542553172 0.105484371771799
0.0113030420971322 0.0115276993437487 0.111563582750589 0.00711811604989572
0.019583218820879 -0.00237973557379239 0.0704493618307781 -0.0104859633246324
0.0356288827589288 -0.0194867122380011 0.0147376662033145 -0.000757168843819528
0.0667432325030184 0.00550560091166901 -0.0310358324716561 0.0193893871310814
0.105253528099235 0.0722871407105111 -0.076251255390006 0.0380129287608357
0.0580680440459532 0.159401799314101 -0.131873712495575 0.0796893009424276
-0.133667042141976 0.175016395599761 -0.301873307172894 -0.000948463383620791
-0.243193262302084 -0.131789220982008 -0.328132089640603 -0.332217633434389
0.0951130837243236 -0.286395491865046 0.0273616797597002 -0.501716572995684
0.301976746241882 -0.0784484606106753 0.116996854965815 -0.0358178146883408
0.149003905572801 -0.0652764695277286 -0.174121432816782 -0.0450627409454572
-0.0275122619426772 -0.0978008510170213 -0.261935420086603 0.209551503385109
-0.0818500377127561 0.0387002636386331 -0.0882687355773142 0.390432961313626
0.0405024214548793 0.0646201895282943 0.160476539915624 0.302045699738813
0.0350837070549313 -0.0140676667403373 0.200682717555763 0.074137033347874
-0.00271365746775737 -0.0170382992789815 0.117082023035907 -0.0250900536515513
0.00970807993215655 -0.0145458300800004 0.0713986060506973 -0.0182563881242677
0.0301474632969495 -0.0132535639183992 0.0261631145580545 0.00172461619345129
0.0639205692414875 0.0208199460809843 -0.00377166427162909 0.0229545659776609
0.0738764760237713 0.0909101351426207 -0.0389580400699716 0.0663837868570132
-0.0148828868756819 0.141790224072907 -0.133086322832223 0.136829021247981
-0.173525134829605 0.0634869598556428 -0.372442455401807 -0.00413564673374709
-0.130378037217485 -0.216726921857053 -0.343257904099889 -0.438592453108507
0.191192885850879 -0.225917583651906 0.0930410873219883 -0.577839511728902
0.279177279326606 -0.0141791114700397 0.0830976185685199 -0.0646966243137116
0.101034587334359 -0.0372172165965738 -0.171838136410141 -0.0536537158275609
0.00187236709290062 -0.0492398421102969 -0.249632704139044 0.185540056189217
-0.0244052299051657 0.0229179709828243 -0.0592990024613192 0.396592977521198
0.0352426188966337 0.016879578149239 0.223530504028397 0.287430489510034
0.0141013876077375 -0.0305487795887201 0.233543753328634 0.0248267096419212
-0.00734231289000199 -0.0250131760774027 0.119965014155749 -0.058535178075083
0.00649494861882124 -0.0142186067699729 0.0706684513147075 -0.0288118754064341
0.0225559841079199 -0.00677526785444056 0.0306465918843536 -0.000350847587368951
0.040624567632904 0.0235712666833548 0.0154047366742157 0.0328340538948398
0.0242823662615653 0.0651959834722141 -0.0238817784514437 0.101028645722524
-0.05047036130279 0.0656369377470252 -0.16879863361957 0.163808562937553
-0.10958436404136 -0.0362814707584935 -0.419625943056279 -0.0762771418807691
0.0118125189653534 -0.172204406565501 -0.273692271831587 -0.552416601624236
0.192849308771758 -0.0888738245528667 0.206950671920758 -0.616431773570257
0.166579300176443 0.0374324744011702 0.0644722962325869 -0.0940287035145932
0.00202624270207015 -0.0229587209775743 -0.0231002547011533 -0.0256138227950082
-0.0158967676239682 -0.0306536603059725 -0.406898979538288 0.405261818958488
-0.0580065535749528 0.00188041508009641 0.0974051791015832 0.636358056727479
-0.0231699131604248 0.0494259521268078 0.404394628574452 0.254792807931595
0.00839167361647254 0.0283026472352736 0.251160724158935 -0.115307447777621
0.0155771384690478 0.00403761742392423 0.0459867295628473 -0.124855848211006
0.00117157609596416 -0.00421090670646282 0.00880799362727657 -0.0488337198464007
-0.00289596085868082 0.00495718354261099 -0.0228272658565398 -0.0291820933251199
-0.000940441073940634 0.0134616183272501 -0.0715688630518807 0.0197783304878565
0.00070960024834252 0.0184319530429335 -0.140546187256132 0.0504334388887786
0.00236695013393131 0.0208331241046973 -0.225288210710102 0.000713890625658936
-0.000101251823091939 0.0104238812184119 -0.226068928774152 -0.213189397936924
0.00614904592583508 0.0217749727657575 -0.0108195167934227 -0.350799951624262
-0.0164761545625745 0.0321414395241015 0.182761778674751 -0.236725343071703
-0.0553944515040071 0.00268375209709592 0.152263053164349 0.0355916783299088
0.118977168628651 0.00914532714353031 -0.0440280716296551 -0.0102340660606996
0.0831830355273672 -0.0999545352423423 -0.47802993392959 0.351928090805701
-0.0708855162019326 -0.101342204190999 -0.0369301132220164 0.639290291567988
-0.111458701766103 0.0352389809094913 0.338806652607946 0.305212810212923
-0.0269477036503533 0.0749748958162611 0.233458066288816 -0.0532773092869327
0.0231989695635546 0.046561721547252 0.0672833364465368 -0.0967268030278324
0.0222317932279492 0.0183393019988408 0.0257023570864468 -0.0503537468251886
0.0116806877827507 0.00236995547754722 -0.0188190557586259 -0.0268280608600292
-0.00255050457553436 0.00359176485110374 -0.0733827353149477 0.0232258035448548
0.00209848433715902 0.00251227052854565 -0.14102643675308 0.0604002554002717
0.0275952918529654 0.0102914435176837 -0.234796176613263 0.0184947289068372
0.0381061427613447 0.0433224182209867 -0.256463032597797 -0.184814471944002
-0.0214535433867851 0.0643613980704865 -0.0666194304783274 -0.338031186277536
-0.0356060030628715 0.0111408944567759 0.152425958108657 -0.268854615262803
-0.00853945172234225 -0.018966888905798 0.159863760895469 0.0278861272463819
0.210349121199677 0.022599702017284 -0.085884532092316 -0.0265297029163819
0.144398372767474 -0.163045204645251 -0.476453109873586 0.345963189425878
-0.0933676995701024 -0.167504418226717 -0.0627410106905935 0.589198612740188
-0.158835765456485 0.0354765291727527 0.264648840244772 0.302652607946775
-0.0444125773022752 0.0978910818324382 0.197403358215272 0.00621876469025653
0.0216896117717911 0.0715440669122671 0.0815346940695074 -0.051379786057087
0.0317773884484974 0.0330477154383833 0.0467034625738182 -0.0396858251058458
0.0212238721319051 -0.000488599457372654 -0.0126321746815873 -0.0230681281294068
0.0055470253999114 -0.00703621799976723 -0.0745454577812937 0.0230281641400197
0.0179379026564626 -0.0054286275787199 -0.151626389311829 0.0535379043086898
0.0610954360358441 0.0155563407252786 -0.232378281466029 0.0208859413411851
0.0575922545626965 0.0898378250212996 -0.266135459355614 -0.155931033603553
-0.0689592176007782 0.0866769422111764 -0.126862211623632 -0.315564319743998
-0.0451776698664742 -0.034636516316396 0.113438442544521 -0.306405054238149
0.0605385915201381 -0.0436927659597802 0.165627212217989 0.0136853044990421
0.244169614421392 0.00767713454571704 -0.136636463698477 -0.0369178181584388
0.095649253464772 -0.247425184205259 -0.396380863066365 0.358709413965968
-0.171583264997078 -0.160407516490801 -0.0394663381552444 0.481722348482757
-0.155725275001702 0.0856536959130631 0.181994369891593 0.248612200859885
-0.0191551843511979 0.110792394002451 0.139501699131914 0.0463194851985877
0.0339096992990473 0.0724263386510321 0.0781599895178145 -0.00835560482871118
0.0406191753726916 0.0275271654831291 0.0517355654292374 -0.0213522677588526
0.0293183084995611 -0.0159499132679805 -0.0108361457712721 -0.00996026743280023
0.0228426048490159 -0.0212990406931467 -0.0700196754859208 0.0319024951242886
0.0603469563386059 -0.00458767280521431 -0.141897634799621 0.0529148822546446
0.107418878053431 0.046733554266744 -0.21052149163943 0.0271041032879924
0.0584242886033696 0.164603748706394 -0.264265511218902 -0.110277855336158
-0.161889341776187 0.0984964610073923 -0.183620491449395 -0.295115646963501
-0.0721509958199871 -0.133326794032692 0.0663576738295754 -0.354029047994229
0.142751761789936 -0.11451933851456 0.18200266709699 0.00343460745871558
0.246220775481734 -0.0720319486048127 -0.174466969330724 -0.0418028127710704
0.0307901246315339 -0.239206502247982 -0.333826256588501 0.31223805260059
-0.191076817648279 -0.0878644619640727 -0.05960090318204 0.412969069712177
-0.0901646306203024 0.114157692181138 0.115718524451365 0.26234004848486
0.0161270334208666 0.0780744607581659 0.132323442284656 0.0948708395431535
0.025833192290656 0.047376098160418 0.0955265612448516 0.0148872772683407
0.031632400709337 0.0148633519216451 0.0643200967999481 -0.0120861510358836
0.0318034787002271 -0.0198401831275734 0.00174073792696304 -0.0047303156796312
0.0470453740333964 -0.0151392111825727 -0.0552740741968552 0.0225831492236926
0.096629654560669 0.028064583066481 -0.117108328964967 0.0348570267775442
0.107375163992682 0.109552280266073 -0.166408655505604 0.0340874959273386
-0.0230137527476236 0.204222488966325 -0.25608864852151 -0.0567221270143142
-0.238075484676328 0.00909525656042377 -0.246252899150529 -0.283863733812596
-0.0174865184630617 -0.231714869384761 0.0317666536124614 -0.406144924330674
0.234020466849116 -0.115852042180044 0.15403260493175 -0.0115899574273848
0.197169338715497 -0.0792114530924585 -0.178048494196675 -0.0406258421758026
-0.0228329408526877 -0.170860164225761 -0.283626785629838 0.248594824867722
-0.149466680289771 -0.000646896993920993 -0.0897280810175812 0.378459878648053
-0.00537997685447482 0.103706051823679 0.107322901183552 0.287798479832462
0.0377131980997124 0.0283361760532486 0.157210895203731 0.104851224224377
0.0115450776572055 0.0110575045015714 0.106775215848764 0.00658557434799073
0.0181226677291625 -0.00363769475046297 0.0681799505767674 -0.0110111338112961
0.0318719099601337 -0.0202425655996752 0.0145496623160023 -9.24365877213615E-05
0.0646696732378759 0.00320015576503082 -0.0308137065717213 0.0184125788790782
0.102957117786399 0.0675017321498479 -0.0759884649489544 0.0373814314171138
0.0572001902288268 0.151854622836202 -0.128790277350062 0.0761378145703926
-0.126009495672642 0.167637379356522 -0.288049425890833 -0.00574000878010385
-0.23403394424134 -0.124372111898303 -0.310714889831258 -0.322275181091786
0.0884244540230263 -0.274745531464046 0.032817814132462 -0.480931088201155
0.287695989938084 -0.0756458416556842 0.117540586127964 -0.0334689831380805
0.14080465406204 -0.0654659283239067 -0.171403396067824 -0.045165513439463
-0.028147345103291 -0.0953872708227026 -0.258920323552355 0.199582954263246
-0.0805809823047187 0.03802315721825 -0.091327557341022 0.38019282510561
0.0397137694380661 0.0627513892489145 0.152856606048667 0.298095208336407
0.0335644442314424 -0.0132632753207981 0.195873135474489 0.0742916268645142
-0.00212447620698894 -0.0155502422333032 0.112978107657824 -0.0226308137985432
0.00984099595286135 -0.015194258571306 0.0683849945268765 -0.0182063079828133
0.0287532920807761 -0.0152038516485391 0.0240004338952637 0.000814284886252215
0.061612732258984 0.0184651943208592 -0.00456966459255228 0.0219652658276206
0.073330699329191 0.085639782705167 -0.0388484667019388 0.0641596981754954
-0.0127410729171806 0.136163401001367 -0.128015190011773 0.129396373027562
-0.166199464713189 0.0622468861242211 -0.354257490760798 -0.00835596306140032
-0.125894976451427 -0.205605824901245 -0.323431554241788 -0.423689265253409
0.181340524927434 -0.218184156893831 0.097606245835972 -0.553969867831123
0.265387200014392 -0.0147123394976572 0.0855610992711797 -0.0612083461319842
0.0940130829737155 -0.0376135331988778 -0.168674196211705 -0.0525534665236571
-0.000423178226465246 -0.0487291845277256 -0.247682494318152 0.180531127924473
-0.0242522227237429 0.02223956582385 -0.0604605837105753 0.387364235240201
0.0343874626544586 0.0161051381068811 0.214757324298044 0.28190100392735
0.0140628083272196 -0.0287077425505158 0.228456327787401 0.0259595838643607
-0.00666166346588346 -0.0240538254266948 0.11545782907913 -0.0567048294829199
0.00756169965084525 -0.0151993218518755 0.0666341198846371 -0.0281653237359624
0.0206314503303759 -0.00775163229399119 0.0294263605388985 -0.00151642801467387
0.039737120351225 0.0209843988637751 0.0134782403540352 0.0297254679809647
0.0256268562840465 0.0602896294701681 -0.0239037848846359 0.0954829345844806
-0.0475386094811782 0.0635947551420081 -0.160233935051093 0.15579164817189
-0.103603248369285 -0.0332528989876838 -0.397523401144183 -0.077220877904298
0.0109323279197268 -0.16416373098211 -0.256619540418681 -0.532996357971494
0.183657887663669 -0.0855136027754484 0.207130837483955 -0.58931287249444
0.158802884821806 0.0353096556903971 0.0681635833602437 -0.0866879412924539
0.00222442067601649 -0.0268479809512642 -0.027791205554106 -0.0308130390034784
-0.0177100145012938 -0.0300030689626443 -0.41835386947939 0.385080956527497
-0.0555555334461026 -6.07809757459353E-05 0.0768524880267914 0.634619522347382
-0.0233349326501312 0.047794930522248 0.391081694431668 0.265767578747883
0.00800499904375304 0.0299687296709519 0.250953594883113 -0.102508864055252
0.0140840349783227 0.00253130304699738 0.0461128216937595 -0.118234622588448
0.00183897641840068 -0.00675352621436417 0.0117227810049662 -0.0509134550628541
-0.00139013881908042 0.00552724827783046 -0.019363492973644 -0.0264924179931042
-0.00266111811246176 0.0176115886939119 -0.0684432037244717 0.0208363046896815
0.000899400792280779 0.0185762873561736 -0.139989537953987 0.0518186567933975
-0.000531288365927772 0.0176791013686891 -0.222915761975843 -0.0056923211499695
-0.00182253133632003 0.0091501035851978 -0.220518016104594 -0.223941812596346
0.00628142365307067 0.0247451837901186 -0.000461457527760523 -0.350604265601907
-0.0162137112241181 0.0338771578119728 0.192726321854944 -0.233980895932503
-0.0559301593931396 0.004929116642879 0.154107534813616 0.0361090605722031
0.117454343586695 0.0116325386517859 -0.0449544708597607 -0.0173295267170589
0.0848573418327931 -0.096524715273545 -0.48812453643744 0.332060328726161
-0.0671128942058548 -0.101380346941626 -0.0574855013973136 0.629328542761503
-0.109754277940177 0.032805103492927 0.324821042847262 0.312179257847333
-0.0280770253804485 0.0724902405376709 0.230328852312526 -0.0441918464426233
0.0214144448498191 0.0455490277397145 0.0668491980466347 -0.0912703258878913
0.0213857604725754 0.0181057951566146 0.0258846839116418 -0.0497101945629356
0.0100934496925773 0.00180903976989092 -0.0175066732487864 -0.0256540275456925
-0.00357315498625969 0.0036879923099831 -0.0708292802098421 0.0233356805856452
0.00112046512870883 0.00413909364844351 -0.139603818387966 0.0604458215545398
0.0261924419165013 0.0102391801825155 -0.233921924504902 0.0145879780602121
0.0370823472935148 0.0421599760196189 -0.250191440014815 -0.193174019079331
-0.0215888794598629 0.0637204924210604 -0.0553788812212758 -0.340556339222683
-0.0363836148880653 0.0101093785360406 0.161426249780651 -0.265550754169601
-0.00897888962582209 -0.0196580467453516 0.162660489998593 0.0280952373141219
0.20609677857532 0.0256572938378127 -0.0877107671085376 -0.0345104911956094
0.145314111691473 -0.157943241382784 -0.48526344617464 0.325603960715852
-0.0898880381464165 -0.167301438411379 -0.0820582910009721 0.580151068133694
-0.156241535598714 0.0328381520109883 0.249813116859377 0.309217327773192
-0.045299463072559 0.0950922024335683 0.193792772582125 0.0133641078211954
0.0199387214600871 0.0704891773799218 0.0811305595596164 -0.047710780919347
0.0311330533706471 0.032416161202805 0.0465398891573283 -0.0383710516671716
0.0187214096938164 -0.00139712459733984 -0.0125099367153782 -0.0232024585661076
0.00431420820908193 -0.00701850934359164 -0.0743221206513374 0.0222318093078284
0.0182673495419663 -0.00436521513218254 -0.151752487221997 0.0521842984814861
0.059228678854424 0.0160844256659228 -0.232767845136813 0.0160433128298229
0.0554344096008086 0.0884948266126216 -0.261464163287844 -0.163794211436617
-0.0692978026696793 0.0852631087250212 -0.114479094608261 -0.319508263031689
-0.045706742918436 -0.0362087358237859 0.124330723866953 -0.303686430751572
0.0588404683686089 -0.0423162666987286 0.167640790744875 0.0142809954231468
0.238768472956264 0.0117453856227812 -0.135712980747469 -0.0439550565084743
0.098507001558559 -0.241873197533686 -0.406362096430188 0.340552743143128
-0.167152755224501 -0.16203592942179 -0.0575472449230874 0.476052077252083
-0.154138570579634 0.0832079856977768 0.169388255225373 0.254662028797814
-0.0207469305063414 0.108922001054228 0.138650051176022 0.0528632616920903
0.0312804978312259 0.0711959226732659 0.0763008487590802 -0.00536165162977429
0.039769183963466 0.0265217438658456 0.0511737481287246 -0.0194601174103517
0.0266594275634966 -0.0164490504463688 -0.00990548240160389 -0.00992749741349124
0.0227527044537466 -0.0210566560537983 -0.07012316290496 0.0305932313786869
0.0591611044689774 -0.00344671921131875 -0.142922012020159 0.0492202366767937
0.104415276343569 0.0475654460287627 -0.211589909333176 0.0234930574450866
0.0555357006995485 0.162451052250855 -0.25827429957484 -0.119231450047056
-0.160798651849797 0.0957999009334466 -0.171780772571243 -0.300052940528316
-0.0716104461602367 -0.134177806150594 0.0790803824657046 -0.349782039203535
0.141974553478124 -0.112089928071112 0.184355935043714 0.00606741147242738
0.242371250261753 -0.0659534304554503 -0.173137294379728 -0.0503995546860417
0.0321800622488202 -0.23526255688032 -0.342453864582471 0.294242386781032
-0.187335280518664 -0.0907371574358254 -0.0764171693823361 0.407698661064537
-0.0903237800556311 0.111405046558035 0.1065233543516 0.268039247201896
0.0147245787648892 0.0780462992265072 0.130787786471922 0.0999940807650096
0.0255148198096184 0.0460267854096324 0.0933413197066798 0.017029664838879
0.0296199322759523 0.0132547723914473 0.0633995298493477 -0.0108037462989253
0.030333358292958 -0.0207217663017076 0.00211744351281757 -0.00530088573290282
0.0477166025377916 -0.0145848300983722 -0.0555942289110614 0.0224584293657348
0.0952512702820164 0.0277926370206094 -0.11797891887726 0.0338763178616035
0.105055032049284 0.10920354195497 -0.16809103583645 0.0300800161244915
-0.0257314472524522 0.201159518647888 -0.252004010998682 -0.0676380467773614
-0.234940484144827 0.00642235896213997 -0.232958964286081 -0.28845559844791
-0.0139539652809694 -0.22916949064935 0.0481473085515845 -0.400371878958554
0.230950063906473 -0.110168183993737 0.157289842745292 -0.00958591747925767
0.193502443756814 -0.0753207616218647 -0.177904857168123 -0.0473270883957681
-0.0219168179048837 -0.169677901735466 -0.293598425231132 0.2346627705673
-0.148443713816823 -0.00303404197226777 -0.105179275309163 0.375473115811028
-0.00637050032324098 0.102185250933379 0.098268361104965 0.294339678539548
0.037469309608515 0.0280695316323211 0.15599611328004 0.110111614168129
0.0120245642412157 0.0108999512808946 0.107405639083254 0.00914059412238629
0.017359101470088 -0.00509695292693091 0.0678069200495765 -0.0109960118498866
0.0307893590088144 -0.0198637124788698 0.0142193793115515 -0.00109822622862267
0.0629430553072352 0.00184858022767477 -0.031656546052752 0.0170098951139951
0.101044791240562 0.0674132988589042 -0.0772319972210198 0.0372634526963399
0.0541493615968635 0.150949430441229 -0.130983727528925 0.0701418507746861
-0.128004379679929 0.163159630289987 -0.282128157426673 -0.0172834340695877
-0.228275257083943 -0.125952154162177 -0.294280852299396 -0.328122065227739
0.0896222155061867 -0.270011846442074 0.0501925729883682 -0.472559537352626
0.282659448335728 -0.0710187385870024 0.12190229571801 -0.0301950075013529
0.139568234531741 -0.0633641415566517 -0.172229258560186 -0.0522715088078061
-0.0284773349242413 -0.0969735054105711 -0.26811277167025 0.191401080154883
-0.0821110767503309 0.0369601501145127 -0.102887149410189 0.378578993301539
0.0387227192037484 0.0626544319284753 0.142730122503171 0.305175629999971
0.0336815653941396 -0.0124959348867929 0.194950339129755 0.0792871924036039
-0.000832718807266694 -0.0145966648236432 0.113559614679982 -0.019584000187967
0.0104268259791383 -0.0162260750366682 0.0676850313442042 -0.0171972099280259
0.0267568477586683 -0.0159913074152621 0.0236967370931522 0.001254111950836
0.0615933803596975 0.0173822958084279 -0.00579071755701332 0.0210813533150284
0.0718338866778746 0.0847844097725928 -0.0410003487323195 0.0624892810580957
-0.014417630157868 0.13437858260426 -0.129763406352252 0.122525147762671
-0.163673680183598 0.0583910709459826 -0.346061099452563 -0.0216105407479171
-0.120646980405813 -0.203601282570673 -0.304031715656943 -0.427906996534982
0.180686262640899 -0.211629025719143 0.117150122858703 -0.543296398731219
0.259920759091557 -0.00951351501894956 0.0919690180934097 -0.0572126174106799
0.0930328867159778 -0.035603365366035 -0.168776271457266 -0.0571465400880975
0.000348056999847493 -0.0489682653093386 -0.255474406670691 0.173144552239829
-0.0259933714084139 0.0224086751973378 -0.0720700177300196 0.387410166654011
0.0343535526795223 0.0177369872637789 0.206336638870678 0.291773715999794
0.0136539494345829 -0.027348935757719 0.226505500376475 0.0329975795899945
-0.00582425203929571 -0.022817945415167 0.117320153436351 -0.0523232959670482
0.00850445141108932 -0.0161496612158319 0.0681128561322874 -0.0276929706372968
0.0209177468360921 -0.00887585699354795 0.0282500726490744 0.000708461009550256
0.0399550196333598 0.020488783694231 0.0120603117885522 0.0286852058419333
0.0247425327675058 0.0600540211657728 -0.026084169123146 0.092113445859502
-0.0481521941270016 0.0626943981002054 -0.161388804473767 0.146350338858669
-0.100319652417395 -0.0344684623782957 -0.387380464591603 -0.0889542532452495
0.0132553802678719 -0.157733388446946 -0.23334714479393 -0.533584852129197
0.181341293671783 -0.0802711780709549 0.226055144973493 -0.573003977631243
0.152876777453801 0.0377420642292938 0.0765857816246263 -0.0823133584098154
0.000192724925656115 -0.0261729963443888 -0.0300950004605421 -0.0384240214341634
-0.0176777646622174 -0.0312101523101018 -0.446325673827027 0.387096678894539
-0.0570867351857443 -0.00137616895035417 0.0537198665097377 0.65241308865536
-0.0247022783781093 0.0458670327549233 0.39588708216393 0.284741924145616
0.0057590193065484 0.028965901050697 0.263138559086603 -0.0960204776712382
0.0138836425927065 0.00132852196457496 0.0484511918640319 -0.117392009598374
0.00140487397758683 -0.000991291810334873 0.0147099272002097 -0.0513008506392706
-0.00285186694364923 0.00493853221448765 -0.0169357094627437 -0.0249848536082786
-0.00346455311759916 0.0167054764014793 -0.0677038597489359 0.0217247631525957
-0.000703957032915935 0.0223279727588682 -0.1445071325567 0.0505783600881107
-0.00272805590116999 0.0212603155354772 -0.231715065400311 -0.0104182577354089
0.00015432025710267 0.00669025155500317 -0.22545227395436 -0.240235626282012
0.00644999842040867 0.0238944262542565 0.0111385632530759 -0.364258491998338
-0.0184813029893336 0.0344043605807605 0.209018652059746 -0.23914590657847
-0.0553002679158561 0.00397957053507012 0.159760242501074 0.0405974596670491
0.119797465909228 0.0157661268008181 -0.048257891173294 -0.0249380912010602
0.0906648800919166 -0.0953875155413112 -0.513606589869539 0.324486607840391
-0.0663340822947264 -0.105148442391432 -0.0776684069744715 0.644349511381196
-0.113006422674886 0.0308949188537281 0.321677495581193 0.330720375439869
-0.0311751618619203 0.0732017352842946 0.237033309436841 -0.0363251671988012
0.0196690422112859 0.0464839331233912 0.0693343940366116 -0.0902982683087797
0.0214549611255724 0.017459592046976 0.0275875192942986 -0.0497081318800343
0.00810690893060437 0.00164863037743949 -0.0167970977601546 -0.0264679831487206
-0.00452170997567889 0.0041111643772102 -0.0723976480154996 0.0240717212063525
0.000770915158731145 0.00473051002513339 -0.14444231339131 0.061545677725611
0.0259381525894296 0.0105165064934797 -0.241795565566325 0.0102657045291422
0.0369222434387957 0.0432200476251203 -0.253905001571769 -0.207104227029394
-0.0231828531845368 0.0650399910626262 -0.0466565900438093 -0.355819069084979
-0.0375419187215526 0.00976607641538516 0.177581890170109 -0.271637369195017
-0.00939481431575065 -0.0215145596730939 0.171832143218349 0.0292105432023403
0.208379461820175 0.0298008776840459 -0.0928581803031815 -0.0431541937894621
0.150504482845388 -0.159723292574324 -0.511130228226553 0.317570610905159
-0.0884482704688317 -0.172294246215641 -0.101192326722928 0.593247881754538
-0.159584001823237 0.0302177016256831 0.245338549810025 0.326046364505688
-0.0484251937714622 0.0959706686580162 0.198859313406334 0.0220987077930314
0.0189303400381999 0.0716916153948504 0.083732329394086 -0.0453450239135816
0.031539669525919 0.0324451882051669 0.0472265393571392 -0.038411435396548
0.0168624893617458 -0.00121778520294561 -0.0116313418291084 -0.0228385089390092
0.00379039148585819 -0.0070520113787946 -0.0758107215742652 0.0238499097904762
0.0185314616842723 -0.00367738589863095 -0.15707430269573 0.0534018518612025
0.0590821113810202 0.0174747283769763 -0.24147624793227 0.0129264068436801
0.0558483089103645 0.0912580393606766 -0.264408943970779 -0.179106199070219
-0.0726919230763264 0.0869647351946811 -0.106939834381098 -0.33474970995041
-0.0477335227256278 -0.0396480815367245 0.139990676663286 -0.312075097930953
0.0598595938387388 -0.044946008709265 0.176138223884451 0.0176823578595184
0.242772839790057 0.0154988585498558 -0.141167320425214 -0.0525164430569344
0.103484147824977 -0.245485706459146 -0.431548268452943 0.334027317909241
-0.168635765438003 -0.167567523434897 -0.074741857932126 0.48643776899963
-0.158823531357352 0.0813964267533332 0.165701086555382 0.27102215044523
-0.0233553998619197 0.110499767627058 0.140704081830003 0.061399799037692
0.0316391802060473 0.0725587049013535 0.0788340015725294 -0.00312729833303688
0.0394225156821176 0.0268505374928349 0.052797747614317 -0.0208369552020152
0.0252177717892145 -0.0162421174837187 -0.0102785051941716 -0.00936044984272609
0.0228532160368643 -0.0216899067520477 -0.0721866470702683 0.0312385021611775
0.0603979319038751 -0.003231082622062 -0.149291748327723 0.0509475183123459
0.105534939640382 0.0497434108387353 -0.219443470788861 0.0189028351913821
0.0541693945247734 0.166768079688236 -0.263965842645648 -0.13229696023945
-0.167334138891686 0.0961481197533184 -0.166700742787908 -0.314924694148505
-0.0729121875443632 -0.138793592544115 0.0944903864859118 -0.359390491330705
0.144830783453354 -0.112026298083537 0.193045126582596 0.00883364370471648
0.247694557285657 -0.0640414081894 -0.179800963751327 -0.0585538207144854
0.0361644300761043 -0.241532411447469 -0.364400434905016 0.292506951784025
-0.190912286126602 -0.0949960851847854 -0.0946263227845889 0.418570653052105
-0.0936092886280809 0.111467546188576 0.10124561073946 0.284036672756791
0.0134398759275815 0.0792666761290785 0.134897155191503 0.108980093828929
0.0255347159677519 0.0483738075649019 0.0963151925848947 0.0204014999790159
0.0315341959308052 0.0122189604555642 0.0650305737004588 -0.0113291023084625
0.0282384402753239 -0.0217782655734473 0.00139668113774916 -0.00501657294299328
0.048144289344852 -0.0149323662287018 -0.0578596902408783 0.0208711338513734
0.0977575612932198 0.0287764306496194 -0.123089122375568 0.0339356565391306
0.104852303427786 0.111784454835056 -0.174730127327053 0.0272670318750596
-0.0299516817610199 0.204405612270669 -0.254833129019724 -0.0797577098725527
-0.241281030144704 0.00410038294035354 -0.228412205146393 -0.303613893756429
-0.0145188992434965 -0.23623968518773 0.0632527642881456 -0.411314956594821
0.236853167601939 -0.108856177523717 0.165816112534191 -0.00654064368641787
0.198204810583104 -0.075256468994891 -0.185223530707942 -0.0551736107728296
-0.0214553095992165 -0.175348656595928 -0.312456321846177 0.231502514991264
-0.153677548378621 -0.00447770025306066 -0.120999060352921 0.384596550279507
-0.00821346994722054 0.104348764787811 0.093333310692161 0.312581464292849
0.0365679776941403 0.0288802893495921 0.160934153222836 0.119952334998745
0.0126066097992439 0.0122750889324425 0.110421639907478 0.0122539649550716
0.0184778609799086 -0.00573682295444999 0.0695829658600755 -0.0102776084731033
0.0290488254086109 -0.0215236193454067 0.0148891859557402 -0.00103447333326504
0.0643680208155614 0.00189994026456829 -0.0332612955679911 0.0169442020873542
0.10463075046381 0.0703448763002718 -0.0808569049308039 0.0364165073270832
0.0534122512136615 0.156024878658729 -0.136541109112293 0.0684311220770965
-0.1326419625269 0.16541017818019 -0.286912367297012 -0.0296038562431967
-0.233465644750146 -0.130664897438473 -0.290449269988671 -0.345635625036568
0.0929308766485029 -0.276564582852626 0.0694079037675337 -0.48263674471044
0.288128736408546 -0.0663958582124998 0.131520247195352 -0.0295283072884735
0.143703918692665 -0.0634988669536441 -0.178812937173685 -0.058966753834268
-0.0299077635854065 -0.100842477906152 -0.285560403828494 0.189617374924761
-0.085905781963662 0.0371556355800531 -0.117936454893416 0.389733035586186
0.0397448382346612 0.0648280605929128 0.140315286137981 0.324339493707725
0.0346008846710394 -0.0122050399290778 0.201927668219361 0.0873021898815697
0.000255318026935394 -0.0148287935274239 0.117934192842745 -0.0180126749393111
0.0104381160416984 -0.0182432690647434 0.070301866140428 -0.0172814937819188
0.0267057293535537 -0.0161732907458143 0.0235812290266488 0.000120282194830411
0.0634634971584111 0.0173459505703301 -0.00719070256548462 0.0199857704961439
0.0735004941183547 0.0862565935291881 -0.0439985027320399 0.0626569416326082
-0.0165534176983521 0.137049206663267 -0.135905289440529 0.121048857719356
-0.168141544698184 0.0574475261924088 -0.351353712541674 -0.0329603784380597
-0.119980277464901 -0.2086701203985 -0.297639676754037 -0.447064727556224
0.186237931974183 -0.212802334625206 0.138723122875802 -0.552449119691026
0.264475563270551 -0.00475097709542016 0.101046364206934 -0.0560338375884716
0.0953434970383168 -0.0358093240813923 -0.175858511460804 -0.0654861007091005
-0.000972120318573259 -0.0510409530906207 -0.273751196889058 0.173754884760888
-0.0272338186097278 0.0235127626843202 -0.0861046455368633 0.400903998551066
0.0359562835781426 0.0191455799526042 0.206786363924618 0.311093799114683
0.0156795189509969 -0.027795124053192 0.23653716145554 0.0402329210863654
-0.0048990693066804 -0.023618102385874 0.122019141036849 -0.0503472119998755
0.0095463586776046 -0.0178661286358384 0.0690599469364431 -0.02918888734987
0.0205264206556527 -0.00994523063393437 0.029256513663867 -0.00218633874836028
0.0429020453906261 0.0188000579607213 0.0105738759541423 0.0285418436991721
0.0269821886052799 0.0622711198830259 -0.0295831848260466 0.0929153074779483
-0.049163658765783 0.0640876208079081 -0.167313827115 0.144281688272835
-0.102209031536867 -0.0375438051544827 -0.391743276012505 -0.105497515886886
0.0167935718825266 -0.160914694737979 -0.220627243652353 -0.553096077985144
0.184441778922561 -0.079240758297753 0.249965947236975 -0.580010369909251
0.154473904918759 0.0422361272335142 0.0855319769564171 -0.0808233313329273
-0.000270791384458748 -0.0249887152056573 -0.0375356309520813 -0.0466362865100691
-0.0185732611563091 -0.0337315454903338 -0.479184470395671 0.405907448322691
-0.0587655603994308 -0.00422987345342578 0.0572621014397428 0.68785734942874
-0.0253511640705006 0.0478513327900506 0.415599842921831 0.306318883003672
0.00651702571285401 0.0308513159678577 0.27287747860039 -0.100341853581714
0.0140663466637934 0.00236085705286401 0.0535131213487087 -0.121234414155256
-0.000142716127152982 -0.0011386486581735 0.0166383266418877 -0.0520403891798716
-0.00424184676106924 0.0043720916629338 -0.0199650727330312 -0.0259844790364652
-0.00427248679764418 0.0161032008829908 -0.0732378303425691 0.0243959656363991
-0.000333323547063953 0.023768038941876 -0.149128644981872 0.056136505942551
-0.000544456679751813 0.0194248279389059 -0.245996375814396 -0.00943494589221389
-0.000871989009750966 0.00516317167533696 -0.239608311504309 -0.25591080106775
0.00600874957381336 0.0221438902199938 0.0139054494730573 -0.391400832586671
-0.0182892502526653 0.0379008212904027 0.225999991940179 -0.254796175983388
-0.0608572567784104 0.00186610457682373 0.17701899623967 0.0392650798196008
0.126027063297607 0.0152094330172363 -0.0569519427642959 -0.0321643315839347
0.0955544345750216 -0.100611170051708 -0.548714250917415 0.342794350482649
-0.0709073571620679 -0.111181819123914 -0.0854865956087637 0.681263599008923
-0.117277467622218 0.0327982009473817 0.338217701847946 0.352466613303174
-0.0320531524166886 0.0774155176530122 0.251112911518153 -0.0371557404246713
0.0209080081568803 0.0478639623645001 0.0732007318808212 -0.0936121269881005
0.021515134302142 0.0180178039649559 0.0292230818333062 -0.0518233032771298
0.0059120299054163 0.00147291937661216 -0.0169929599020646 -0.0274548862661336
-0.00557978176419658 0.00453571143386922 -0.0743838662820954 0.0272958720594635
-8.07405764432219E-05 0.00661809132655483 -0.152018402299743 0.0676662749687855
0.0259636997381134 0.0113889267984694 -0.256267015907822 0.013256017185728
0.038975635625087 0.0440040102692031 -0.271344798149329 -0.222374683753126
-0.0232024083948187 0.0691588776059753 -0.0486392143467106 -0.381587874414733
-0.0408296540006213 0.00993269712163787 0.191659341263056 -0.290516027198982
-0.0106248802250994 -0.0218728499376431 0.18821881099227 0.0265961978737587
0.219478671700496 0.0282885678604474 -0.101874076116505 -0.0511744779298273
0.156847912187744 -0.169635084823826 -0.546109270879905 0.334478396401024
-0.0956054178662961 -0.180919324454565 -0.111820929949836 0.62626942883498
-0.167034091042301 0.0337480365719611 0.25748606361403 0.348920523324778
-0.0504390847781441 0.101867203454229 0.210072355999219 0.0254220199901398
0.0205587300158084 0.0739426604349344 0.08828887009682 -0.0468602989424442
0.0328988318535036 0.0334166910689973 0.0495074188628822 -0.0404331823860573
0.0150231559933897 -0.00216537424073169 -0.0119085374930392 -0.0245796196879793
0.00309777659443214 -0.00739592444907589 -0.0791612443491258 0.0273667064296149
0.0187439381158613 -0.00282719772073589 -0.1655592441554 0.0586785377102497
0.0616223763881604 0.0176802715491797 -0.256668307418041 0.0156756915231521
0.0606247354265799 0.094676981575581 -0.284511135596583 -0.191247147954966
-0.0757107469078733 0.0936017649069295 -0.111895453148166 -0.357743466716453
-0.0525679733134081 -0.0417324649591548 0.151435725783946 -0.33423683267187
0.0617859339633162 -0.0491296414869815 0.192036069102953 0.015053648915866
0.255913314448326 0.0136387872383661 -0.153674208687957 -0.0614154445987849
0.104673664202106 -0.260129642763452 -0.462491606449667 0.351074610866534
-0.180700274263997 -0.174433857902399 -0.0833163310698991 0.514182100847461
-0.16668462991412 0.0874127085913861 0.172669224225526 0.289658572193723
-0.0239283180149641 0.116178777791668 0.151314878765962 0.0688063401071019
0.0341226726388727 0.0759913638980058 0.0841468919077821 -0.00181535244588637
0.0418705667433405 0.0260960794212523 0.0546045437462966 -0.0222766722580636
0.0233956404311894 -0.0185370085288815 -0.0121271932037899 -0.010700545995463
0.0210408190819963 -0.0226176775906928 -0.0762337677086604 0.0336346535734183
0.0638251955463347 -0.00290104585829244 -0.156799765982264 0.0572637824718136
0.11113447027034 0.0509755778054953 -0.234084993763202 0.0222305298341167
0.059673356448184 0.173674924228402 -0.281111227039409 -0.144397031091771
-0.176208299563155 0.104516681429325 -0.174105478251044 -0.33601765435633
-0.0809746699370977 -0.146754752926654 0.103961649558848 -0.382596341397699
0.149854336481537 -0.120318535567716 0.207917696595617 0.00573094791215809
0.258067145254366 -0.0707315317894092 -0.192905009110649 -0.0651341673720748
0.0319555935400355 -0.254478121200611 -0.391346694834258 0.305180647473826
-0.203825140230219 -0.097642804283185 -0.101913596893951 0.444203457947306
-0.0977432345415252 0.118405340259924 0.105907983941932 0.305183837363593
0.0153013781710126 0.0842440332871264 0.145617897816204 0.118540352126607
0.0283853831156814 0.0502576422129636 0.102842171893595 0.0214994341781483
0.0326293549620215 0.0119392732351091 0.067094910193885 -0.0128703198697731
0.0273269288564231 -0.0229617626818924 0.000529075200768892 -0.00515733632844965
0.0476816100153128 -0.0165232362009959 -0.0612777797425561 0.0231456089450062
0.104199046822128 0.0303747321861022 -0.130533611822773 0.0376243046854598
0.112739361827457 0.117282710401069 -0.18673537714627 0.0295043496870174
-0.028450592502077 0.2155932422542 -0.270376466470582 -0.086610427233276
-0.255792620266669 0.00850551128269863 -0.239089921956662 -0.323308391445395
-0.0203296213321773 -0.249856869549778 0.0717307656863001 -0.437243993313731
0.246255306969619 -0.117542259288648 0.180425905287655 -0.00876314148882588
0.206811297989402 -0.0818927565737547 -0.199730451835651 -0.0614474642050327
-0.0260605747009464 -0.186110588560848 -0.336340174867244 0.242532870380756
-0.1639704449106 -0.00282113350805986 -0.13166300880654 0.409919846164392
-0.00746327873352988 0.110566943734529 0.0999214585722143 0.337688553840981
0.039093847763016 0.0314751442360467 0.174201712159791 0.127076257116194
0.0142338668184045 0.0132255383303443 0.11778400980528 0.0132500595330626
0.0190009304710635 -0.00791258788910861 0.0735331913881771 -0.0120957090534544
0.0291677621355615 -0.0236118009676596 0.0151534576733831 -0.00215120259053806
0.0669532667564873 -0.000104140408031285 -0.0359048777585379 0.01763563172072
0.111931596115549 0.0711281046672873 -0.0867435189196001 0.0398518460456394
0.0588544983669354 0.163657349387351 -0.144864194438671 0.0713594687116904
-0.1380687160694 0.176247581607646 -0.301570479434781 -0.0341677542797789
-0.247293406723979 -0.133632169147135 -0.302067955005718 -0.3665041268451
0.0930649821079327 -0.291978643012257 0.0777568298698862 -0.511474567019752
0.301706955805324 -0.0733584696389735 0.14377067397459 -0.0322062862636312
0.148644354073447 -0.0692116176151901 -0.193245100708828 -0.0638311249471376
-0.034327594731238 -0.107522243830279 -0.308671324559292 0.200712482648032
-0.0908311725795602 0.0408059709440309 -0.126322076326384 0.416373278267218
0.0437594296458811 0.0679122718050388 0.151111684086275 0.35084592796187
0.035674344657566 -0.0115794632752614 0.217993411455467 0.0929715524311933
0.00046832641207234 -0.0151145029543204 0.125581181740032 -0.0188445506442297
0.0112913783149479 -0.0211855547114474 0.0738062989966632 -0.019231566949402
0.0263342787726149 -0.018664107073333 0.0247681414753851 -0.00044727451460813
0.0666230462921604 0.0151018602539727 -0.00823991297464962 0.0199287460218394
0.0807965634827989 0.0895100618071247 -0.0476819990604573 0.0659626281440566
-0.015015016320531 0.146304338070348 -0.142899708503541 0.126312914533046
-0.177720118516793 0.0630316038445672 -0.368561746755668 -0.0384228009969649
-0.129668097950927 -0.218107945428912 -0.309077982935254 -0.47326092804486
0.192253988231153 -0.226151697334994 0.15110558404556 -0.584079594563199
0.277840680882603 -0.00665706070509711 0.112571352744711 -0.0587387240328188
0.0997850380182916 -0.0413880280799857 -0.191950879171736 -0.0697111391128218
-0.00246661706637369 -0.0553770306202987 -0.295307256443639 0.18687974493713
-0.0300351193599007 0.0260047300958425 -0.0920024038135017 0.428472187355617
0.0377539027704157 0.0202275587883487 0.222428004796879 0.333049142718175
0.0153151155738013 -0.028338924387442 0.254778717024586 0.0420092609439697
-0.00407684286885081 -0.0236282791467365 0.129532323057804 -0.0540821125234562
0.0108403597962536 -0.0197954064430138 0.0730385093979074 -0.0304638560837402
0.0217863489155857 -0.0123017207139993 0.0304754942956427 -0.00190049834398905
0.0452669719560895 0.0186100213952262 0.011039050027418 0.0286301116781693
0.0310588484930596 0.0646574577057737 -0.0309717571171705 0.09741256840351
-0.0510900773784732 0.0684534719338221 -0.173722514719723 0.151173022349179
-0.107424896248293 -0.0380543591077332 -0.409923806229963 -0.111423450457086
0.0165770612231301 -0.167125538983947 -0.229936988427949 -0.582157545370814
0.191608789267845 -0.0845873655368853 0.269343097651901 -0.610171562549222
0.161883679898743 0.0424677103065275 0.0970512423174811 -0.0835159688539307
-0.00317746343573557 -0.02673328528559 -0.056540306171432 -0.0438272335132569
-0.0222262107605885 -0.0377125699072037 -0.443174046245156 0.512526228651232
-0.067462220650685 0.000316771483541037 0.178167556219022 0.718721065175783
-0.0245666684281224 0.0552795969632639 0.505496790529075 0.254181003487516
0.0103399542780851 0.0358757563305261 0.264781275860688 -0.152440286544087
0.0137295552251444 0.00131120760886817 0.0362249549609731 -0.13457521716891
0.000750391448370616 -0.00314248605580941 0.0081851128465132 -0.0591920270031369
-0.00505974491753083 0.00452335933370192 -0.0257993987072668 -0.0238749023887546
-0.00347485649413424 0.0169593246441169 -0.0681991455143079 0.0408311010652156
0.000639772531715673 0.024928313470371 -0.149423143282898 0.0859326118169399
0.00090788243124069 0.0215715169683107 -0.2596326219722 0.0346434038153382
0.000922587782081246 0.0101955985769536 -0.29470313805879 -0.234333503650628
0.0147583406464022 0.0247411560980364 -0.0487690016489433 -0.420613617473665
-0.0121412856468921 0.0426931858467547 0.198742233691937 -0.307657619158102
-0.0649753412016049 0.0113750676247563 0.196884498324452 0.00916808293913644
0.136710105885034 -0.00711434970581798 -0.0806264896718248 -0.0221408195299642
0.0845930926379015 -0.128869414823897 -0.527257723142783 0.46455790446577
-0.0967976739388821 -0.110881003345161 0.0347365915786807 0.741902020633651
-0.122702952317749 0.0536598663299993 0.426096470010555 0.305767405963015
-0.0211956018453318 0.0880762501591305 0.25912544416816 -0.0866919490145252
0.0291652064393374 0.0471238494096455 0.0599594838751163 -0.109610726702957
0.0246649521349687 0.0156894690984043 0.0212650297137379 -0.0619561025670813
0.00499297455509798 0.00100218769821405 -0.0214325450556362 -0.0248117904441301
-0.0067411419311586 0.00582688090868841 -0.0718269100587411 0.0419504732105363
0.000418640775303504 0.00627490780182884 -0.147436811554174 0.0989565748903993
0.029251020586727 0.00431675413720916 -0.269280221320077 0.057895328017323
0.0487119962509553 0.0391375218419579 -0.325904324870441 -0.194741330788357
-0.0103518807067181 0.0766697725263606 -0.113053525164737 -0.398709064190134
-0.0429350408398867 0.0200974116623646 0.156486680790535 -0.340067333549466
-0.0163487257921461 -0.0221733647682198 0.207484643823772 -0.0047506013206334
0.238423448854532 -0.0118201131491178 -0.139292169205889 -0.0276307081694333
0.138130401034773 -0.211085659313897 -0.527641268923618 0.459033086127514
-0.134011392340275 -0.179731038897215 0.000129504850151031 0.690477377581397
-0.17393104260497 0.0615211498391141 0.342850925684607 0.315789923375083
-0.0372868205091406 0.116194641195097 0.228147471085696 -0.014730329667161
0.0328920704095432 0.072924835566861 0.0821850739863475 -0.0651126361653022
0.0378575376989354 0.0286752536905038 0.0445880019857792 -0.0542389806728224
0.0129112956397008 -0.00449894591781904 -0.0165055520849866 -0.0236965111191835
-0.000308099573912799 -0.00825863589057131 -0.0777752083635348 0.0424243677375493
0.0180651665148565 -0.00624321008895451 -0.163801847298851 0.0926964413259785
0.0666524129204756 0.00504233743000086 -0.270666177877702 0.0601963240515083
0.080255660444046 0.0886814074652699 -0.334388229367984 -0.160214881045745
-0.061216158306886 0.111521554573605 -0.174142202520139 -0.36371530601776
-0.064922405690767 -0.0336675554711411 0.105212851678953 -0.37896490783843
0.0526158823169407 -0.0625674263519911 0.209751174824552 -0.019194075474473
0.273497978098402 -0.0365523864392336 -0.195444415619142 -0.0248532847182219
0.066976708137101 -0.29764523638014 -0.429965802856526 0.46419534454658
-0.222834317293346 -0.157000025534033 0.0110522703629386 0.563824575117952
-0.163512627492128 0.11751768474444 0.242744074753878 0.270354390457915
-0.00773113866248054 0.125803743166951 0.174840754624416 0.0406418584776432
0.0473527884135041 0.0730044950413815 0.0874025533392777 -0.0174235228132387
0.0464491345016567 0.0203525699129305 0.0529394535856724 -0.0364762751842626
0.0179194483350943 -0.0215617916097345 -0.0134657229482787 -0.00943507428725322
0.0171266817150812 -0.028376556841508 -0.0735243412494016 0.0487832411582945
0.0660349813496509 -0.0149927790798778 -0.155097450388545 0.0864247726031982
0.123830528092901 0.0310813892469988 -0.246333835243905 0.0616040088898889
0.090582907111232 0.17130757548288 -0.321420744502982 -0.112940000660403
-0.161902253620527 0.140648513136968 -0.233297814722201 -0.328278959785152
-0.110905108704862 -0.13515902698365 0.045231714008529 -0.418141929864573
0.130427460827061 -0.149999981926823 0.225660912074034 -0.0290168351399988
0.261338540292881 -0.12586512692376 -0.234366495442245 -0.0150298743228599
-0.00893271087474259 -0.27980729277694 -0.362676370508316 0.400429989239318
-0.234989026006992 -0.0706641055980329 -0.0200943524589275 0.488542492760054
-0.0869113713666491 0.137729634351437 0.173815647814302 0.299175664093212
0.0268605761176884 0.0859174648912576 0.176759951359787 0.095093061177329
0.037863307293765 0.0469020832118794 0.111296366552364 0.00341194095600212
0.0333326573302741 0.00599812186421819 0.0678358038387253 -0.0285202663224422
0.0223343477744959 -0.0282704653415677 -0.000440945612504473 -0.00676628511619328
0.045760661999647 -0.0266270356969616 -0.0605142438365478 0.0350317760562515
0.113012434278193 0.0119117810591859 -0.130619429565903 0.0630778026204857
0.137106946305434 0.0998547774886507 -0.195317150908459 0.0592690746152363
0.00701691982346641 0.229135197760273 -0.298295976822704 -0.0561791174816605
-0.262742360556971 0.0556301648654535 -0.299252435600091 -0.299195975018574
-0.0657433063733801 -0.250286836032115 0.00135638275087102 -0.472858612169917
0.231174528367338 -0.162336301708801 0.194319376147106 -0.0413591439752771
0.203407094323488 -0.12804717585019 -0.234975188585402 -0.0133410542640013
-0.0610351033719556 -0.19686386883926 -0.315120305969688 0.321692694132275
-0.175550911404182 0.0215122712687154 -0.0606843112319933 0.455519103703843
0.00589862083282167 0.114480061748459 0.170845808053791 0.334187548910449
0.0435762517922968 0.0296095886607877 0.209372162919934 0.10179286392313
0.0167227553803826 0.0114492203736365 0.127233479805467 -0.00730587777014179
0.016832346962362 -0.0121477608104665 0.0749868990060448 -0.0275563927088696
0.0229653839084467 -0.0295175252958374 0.0149973274740573 -0.00481696793157281
0.0686860346846847 -0.0138355187564978 -0.0356481714232183 0.0245097757005613
0.130163472522759 0.0532791864529738 -0.0850619933310456 0.0566386662379481
0.0892129784120172 0.15738114522868 -0.142671407833734 0.095192919511427
-0.113024136607573 0.205515236142197 -0.319509273193342 0.00800670891324788
-0.278797155831749 -0.0922840058815799 -0.375313995903611 -0.331386474224978
0.0439660274837339 -0.312127370436721 -0.00497979465037099 -0.553293321626038
0.295562846285122 -0.126616060819773 0.152793024785666 -0.0592324062679172
0.144701817177555 -0.103787742409386 -0.225616557868146 -0.0205651749719503
-0.055824359954279 -0.113142137854814 -0.293389769861644 0.271704559075279
-0.0914290330720718 0.0554841057568881 -0.0582557697235913 0.462619660168277
0.051041378281214 0.0632288227575753 0.226535776479857 0.33988255866467
0.0329789942526908 -0.014605372020096 0.249495013064168 0.058254997280324
-0.0010970484775958 -0.0137516237608591 0.1303918294798 -0.0417467810408634
0.00712146828102808 -0.0241024775353756 0.0751405947866014 -0.0349342505759373
0.024027986312982 -0.024657986629112 0.0245537072013276 -0.00568697318149557
0.0713223504010269 0.00181719848556135 -0.00702648371373223 0.0215322254800391
0.0997383918652926 0.0773990108544889 -0.0396773979921495 0.0763252465533339
0.00931030487483194 0.151452445276261 -0.129853321434162 0.152927681816168
-0.170467484396222 0.0943036669041262 -0.389615799967472 0.0176358804200534
-0.170991283994684 -0.19948069581277 -0.403859544267089 -0.443033746430465
0.157438488033524 -0.260345632414073 0.0604239631277689 -0.641542481536434
0.281806172488915 -0.0542033448163689 0.115719704294142 -0.081182829334712
0.0977250968873058 -0.0615829183912434 -0.224782738872749 -0.031139018249245
-0.0130398075905645 -0.0628032073221782 -0.28313307389035 0.256044415274488
-0.0301151214023579 0.0280842614654234 -0.0217954023008553 0.474630921285078
0.0380735685100952 0.0161269620122606 0.29924997552345 0.311053891205596
0.0107828419176847 -0.0278886423586145 0.279564242653348 -0.00272533546381281
-0.00803802050332649 -0.0222376435836432 0.129211614885885 -0.0797212469559787
0.0079209847084946 -0.0252043094630304 0.0701118911052972 -0.0471729275879515
0.0206359262184632 -0.0168251022569831 0.0296376010086619 -0.00833779115860995
0.0501570444717749 0.00916577204487298 0.0145125138315533 0.0269862818200631
0.0440613305403658 0.0609106387367452 -0.0164323737049601 0.106417310675215
-0.039236589395775 0.0788245702532335 -0.157598367588259 0.184522442686896
-0.115149541709592 -0.0202178584362099 -0.446930529857227 -0.0531348896901413
-0.0116100946256481 -0.173346586890593 -0.33720273808698 -0.573895215640554
0.1808006165295 -0.114499403989022 0.184358087238947 -0.690405227863101
0.17100323914105 0.0173716455361225 0.0960942788457234 -0.103957574736046
-0.00824664393828326 -0.0261149955300903 -0.0638947194629515 -0.0445669614501379
-0.025313046243463 -0.036581916343872 -0.410562680182508 0.564801182110504
-0.0669505688077507 0.00480066646955232 0.244915990497316 0.716962194265327
-0.0194955023374257 0.057305118562862 0.537979134042115 0.215162005121488
0.0135828602831223 0.0335804154950115 0.255422728862346 -0.177457712539924
0.0122535059342881 0.000601780308104985 0.024317723349389 -0.137186672202789
-0.00213545355159449 -0.0021147500359734 0.00589626732673727 -0.0591742012080645
-0.00743057489747583 0.00804456033614374 -0.0233869336005402 -0.0268748798832329
-0.00195547889183539 0.0216215598619578 -0.063345216080585 0.0465218414792553
0.00387829276579643 0.023775383215753 -0.139918932143878 0.101187816113733
0.00105609540721338 0.021943212943498 -0.260134879884415 0.0597694982570436
0.00166915397405575 0.00836739753747591 -0.327276275120061 -0.214857149702784
0.0165138925152862 0.0230735346609799 -0.0883620197710626 -0.430195733655028
-0.00714750558231152 0.0492600476275408 0.178030230558788 -0.339036697719601
-0.0635700192649428 0.0206147161555892 0.208026178110533 -0.0127433277087424
0.13695395937675 -0.019713832547747 -0.0910858864799775 -0.0200218419484387
0.074240387291241 -0.138942453515494 -0.50394383203848 0.521883005268783
-0.108715753419507 -0.102607917811816 0.100913779385506 0.751664735904065
-0.119650607101872 0.0652557324453486 0.462580844986263 0.274813556943528
-0.0136006044078776 0.091064565207183 0.255309938750709 -0.110095343435274
0.03301846792769 0.0439046601683314 0.051003379247453 -0.114928232529469
0.024688015589369 0.0128121849204145 0.0164677350761756 -0.0639964737961562
0.00255181505721299 0.00114884282864882 -0.0242308243261627 -0.0236554717680601
-0.00717641442506276 0.0072653358061613 -0.0662409426531856 0.0505431704488595
0.00126223579122424 0.00865409414068389 -0.141803433870555 0.115616305249301
0.028324714672528 0.00210867608917791 -0.268414471438852 0.085605770111894
0.0533405520024727 0.0338896634886991 -0.353784213145791 -0.171366852269629
-0.00198029693856363 0.0789729412021942 -0.150874429416081 -0.401898489437593
-0.0416710133621904 0.0246777423949437 0.129760719497727 -0.366286065982972
-0.019467774824335 -0.0219203676251974 0.216509484888799 -0.0278140448675727
0.239902415245567 -0.0346160692944493 -0.149530798785425 -0.0191906058891877
0.119421741904834 -0.227825796989317 -0.501537220469573 0.51461010203164
-0.154460609148044 -0.168805354454748 0.0593911288142192 0.703438603917255
-0.170846548209188 0.0796235836740856 0.37710016127018 0.293204453904561
-0.0260914612868265 0.120250552793471 0.233047791554416 -0.0344137662059996
0.0407309449113857 0.0709787614105995 0.0790965306064108 -0.0723070110150144
0.039757258663292 0.0238316358961414 0.039198777138171 -0.0593029167014957
0.0101468727845404 -0.00571885884428586 -0.0192310266752142 -0.0224185571153176
-0.00317243673115578 -0.00970894863682341 -0.0728064388040187 0.0516290835713367
0.0185414046709551 -0.00851554966657703 -0.157226713623613 0.112251897838883
0.067186392725397 -0.00162364906991036 -0.271032074534293 0.0891675075996603
0.0892661659714676 0.0815774273764359 -0.359076956976302 -0.134356393239374
-0.050362562606065 0.120072045618058 -0.209558242368343 -0.359466383430864
-0.0708365224444003 -0.026817912875514 0.075069488055495 -0.398336540263573
0.0459622969958598 -0.0697266944679041 0.216792716043812 -0.0429940780470093
0.272889000809755 -0.0634558421401338 -0.205963483870372 -0.0112160687301286
0.0385574377073958 -0.308690215569455 -0.402355945909933 0.511536864660966
-0.240511263485075 -0.137395564170772 0.0573866014591914 0.573918348753651
-0.154593560828848 0.134896508770038 0.271702263979092 0.257414684418795
0.00503672257428884 0.127968482501846 0.184388615175333 0.0250105187198255
0.0558394516098853 0.0683699912790671 0.0885086181868311 -0.0251362112810613
0.0480070615319802 0.0150097055975632 0.0489354101038014 -0.0427438949823457
0.0127986751751259 -0.0236375893753187 -0.01487751565707 -0.00870660016390206
0.0122843788777141 -0.0295545277390845 -0.0696517494845589 0.057363920712266
0.06578388578998 -0.0218107054883636 -0.15117102974135 0.105753928039655
0.129004035569624 0.0196764801373588 -0.246409663710205 0.0875834346325023
0.109480102909702 0.163505103651817 -0.340571192804279 -0.0892906073583076
-0.150720554806799 0.159455829585391 -0.265452513185874 -0.315833817687723
-0.127908522413096 -0.124959698526641 0.0124194775791967 -0.434769959598183
0.117023843470707 -0.165745608127938 0.230854497555373 -0.0534239413846137
0.252361121966584 -0.15193614898414 -0.243357362413039 0.00200900940314559
-0.0375815860246025 -0.283469379417041 -0.339820609745871 0.440520683698157
-0.244570047672173 -0.0494587230260994 0.0166247573638786 0.500598042522506
-0.0745144008718145 0.148157512538493 0.205638691867166 0.293543698692195
0.0351537147903867 0.0849036316485596 0.191809749284124 0.0800029308632894
0.0445326151566919 0.0435694906294577 0.11524956949756 -0.00563833604908191
0.0340774449792257 0.00293554191397457 0.0655076332049837 -0.0369980576672533
0.0160444370419241 -0.0304096020911493 -0.000879988799433539 -0.00745801190886003
0.0427557389349482 -0.0327734976286619 -0.0592296586374206 0.0421734792821008
0.116773621201797 -0.00151586346972769 -0.129119104102979 0.0785169227641392
0.148711912821232 0.0876452724532151 -0.194915259019505 0.0801099513490488
0.0302960625127003 0.231881868532242 -0.310420777149137 -0.0333306884364298
-0.261001933997017 0.0838429428096399 -0.329584639791184 -0.280857842742122
-0.093831145700478 -0.247294511167797 -0.0384848918076775 -0.482786953345299
0.2166895704076 -0.188417623089645 0.197381444377784 -0.0623604603826449
0.193324668324519 -0.149092872952974 -0.245149004773567 0.00631387653074151
-0.0829815141350942 -0.194266124908503 -0.297218022188774 0.357513267574481
-0.176401169438894 0.0400916237982387 -0.0245042379252253 0.473394944368776
0.0171495146952161 0.115351204185352 0.208796947946036 0.33026701285756
0.0469912284899514 0.0252453465565245 0.226887298957894 0.0826602363882147
0.019159445923435 0.0104619763227498 0.129569044703872 -0.019118131695411
0.0148474120014049 -0.0148806769627997 0.072792776521137 -0.0362923917134919
0.0182157531317362 -0.0316538960550609 0.0122424549317031 -0.00769982366168635
0.0667926576240225 -0.0221636800666191 -0.0354870089461842 0.0282161201694695
0.13817383407162 0.0381770996174565 -0.0826309097592953 0.0662753785853559
0.107431653916971 0.150054603715201 -0.137874296198639 0.109754343850102
-0.0931476119856312 0.220015361166157 -0.325556487708821 0.031866001477198
-0.292258842323708 -0.065235688638376 -0.409848920078182 -0.305344419243521
0.0119781594415441 -0.319915884926149 -0.050918614422356 -0.565067530426483
0.286574194304125 -0.15708809252239 0.154901695118769 -0.0763753471153003
0.135119648423229 -0.119478135570068 -0.237575624418598 -0.000912422148941505
-0.0704790246904298 -0.11021295135441 -0.279348328253737 0.306652986393653
-0.0885899800866433 0.0658102651561058 -0.020010831280317 0.48184392657703
0.0578641572222591 0.05861721463238 0.266719731971399 0.330395989243695
0.032769783133356 -0.0170011254011257 0.262168197171979 0.0341447293414804
-0.0013102859767076 -0.0135138823081287 0.130501938427859 -0.0563648489351023
0.00355211908426278 -0.0260851876841251 0.0720281168023413 -0.0435079722156626
0.0191266501167745 -0.0277532057886763 0.0232770527968377 -0.008264079869879
0.0719788391271854 -0.006909021338117 -0.00578218657472933 0.0225577099968938
0.110661244339458 0.0676569503944467 -0.0332387931448319 0.0812993992784105
0.025254094523364 0.153975135133331 -0.118112710797474 0.165708198212388
-0.163992146673363 0.113636803605941 -0.393259484653318 0.0491544673215622
-0.192638428800472 -0.183810939801089 -0.445794004855987 -0.416027124616464
0.131774581061435 -0.278434683965043 0.00934594192589906 -0.660013062714489
0.279704872948973 -0.0822766250026221 0.116629174523119 -0.0952204417086647
0.0930430311628387 -0.0744612504180193 -0.237054775605081 -0.0113419977364157
-0.0225301918658632 -0.0633712536884324 -0.27048756047257 0.29168090644697
-0.0283360211290676 0.0328099056837095 0.0211514048128208 0.492185012777616
0.0406162996313661 0.011678069995382 0.339035711617172 0.293521587784252
0.00737836760526267 -0.0291357969076877 0.287478187804315 -0.0324023033524803
-0.00944059403717324 -0.0218235118775039 0.125807126195611 -0.0950351732709775
0.00530093530713596 -0.0257840837225818 0.0681774774419013 -0.0555255840359458
0.0178103071928925 -0.0202311112118392 0.0271786161475668 -0.0111688915475346
0.0521015113578583 0.00223248631898326 0.0149535080456172 0.0250491101462806
0.0521446713828459 0.0571091800062868 -0.00774764542144658 0.108047755946295
-0.0321474704476397 0.0855240004513447 -0.143285646366342 0.198745523751363
-0.118211053472629 -0.00820471013107317 -0.455677098314197 -0.0156930888183139
-0.0283523890329161 -0.173214107229606 -0.390249631680582 -0.558337587159649
0.169358724257347 -0.132780459958383 0.129246725619281 -0.719486176129591
0.174875315802595 0.00123678184511599 0.0951401217645463 -0.114370865831559
-0.00881944639861073 -0.0213628283276187 -0.0722186398723144 -0.039251209394345
-0.0248775517095662 -0.0335464701638799 -0.356701480274837 0.579473778721015
-0.0624975676835519 0.00967703897370024 0.290015413051442 0.67306598924312
-0.0148441403238689 0.0563901210841877 0.540600603916264 0.162255571632584
0.0149141261705923 0.0299387220526893 0.231105616268354 -0.190400080459978
0.0122298064273193 -0.000922326752187989 0.0137962054687873 -0.132870823328392
-0.00560873953019013 -0.00326000439123272 -0.000898921162906683 -0.0588292719552638
-0.00842733909308599 0.0109797692101691 -0.0245401249547257 -0.0241696939069925
-0.000842644749981035 0.0205560319530602 -0.0535224796197167 0.0478690445376292
0.00508386956135277 0.0243852709646829 -0.122896673350946 0.115208851489918
0.000997806026327655 0.0225892987938825 -0.2474532053623 0.0827211058353281
-0.000451891714492807 0.00708591365882168 -0.334520941994609 -0.183388672205742
0.0184879552399529 0.0181358647080272 -0.123842730470519 -0.412284245041461
-0.00234664975703997 0.0461152523237758 0.150243707879214 -0.346507847279493
-0.0600581976382499 0.0267552320538181 0.204100290947006 -0.0302161588207255
0.129865248599711 -0.0310267403178526 -0.0952309818347684 -0.0140724944352072
0.0595724235497735 -0.14043830642349 -0.447297680546416 0.547685531695308
-0.113303107319525 -0.0902134150276538 0.154277414776211 0.719486498144503
-0.109218878575451 0.0719099514098791 0.471392570215325 0.231250996492577
-0.00586931003022535 0.0880894739901088 0.236983098851765 -0.126418357029858
0.0350471414361361 0.0387528771162076 0.0416022642151468 -0.112246397904052
0.0232560304861414 0.00994070297907781 0.0106414582732064 -0.0624492152501429
0.000545514412142042 0.00177220349581689 -0.0253259021669482 -0.0218057269329911
-0.00790426974476104 0.00712370645638839 -0.0587130201776006 0.054186746238856
0.00240410475365016 0.00828325951644055 -0.128282134377597 0.125021106088709
0.0261459752083582 -7.99429627440099E-05 -0.252798983230301 0.10802598151492
0.0527511274281706 0.0273494470445228 -0.360417001831627 -0.137834146097999
0.0070790296751777 0.0765203146926074 -0.180620025212279 -0.381681760442418
-0.0387841285414207 0.0280543815837379 0.0971409688804095 -0.369314682468044
-0.0213772276038885 -0.0195103528461586 0.21131561834374 -0.0476939053760641
0.227380323731699 -0.0540781966876376 -0.152046914717678 -0.00945658880373935
0.094569483636108 -0.22999767702866 -0.447786022912679 0.540562519208196
-0.163696579164501 -0.149573258301903 0.112124991856849 0.67674824131744
-0.157492662760933 0.091018167742224 0.387424673230643 0.254682032356905
-0.015095838102951 0.118241797171393 0.224072115887663 -0.0531237536514112
0.0461557660879706 0.0634907570733056 0.0719791460341962 -0.0744393485505251
0.0398323947018528 0.0190681458225102 0.0322131363968939 -0.060439207716953
0.00692439740377033 -0.00555831131456005 -0.0210130986159423 -0.0213352513656808
-0.00431790854879347 -0.00692395144288754 -0.0659451885115258 0.0563511393658873
0.017994545016023 -0.00923833528755433 -0.142014012791281 0.123609102462143
0.0639910929437276 -0.0071527114690834 -0.256057850945434 0.11118038123008
0.0921131263790927 0.069278851693437 -0.362390010374002 -0.102758898064577
-0.0380422723762052 0.120441050058074 -0.231540315106609 -0.33611427753603
-0.0720888602531327 -0.0195420849565051 0.0423244881498843 -0.39617724715705
0.0365006240156403 -0.0724518181204636 0.211254879365106 -0.0641653553013431
0.255147047592211 -0.0842113841712065 -0.204617035623547 0.00473961689986622
0.0104529084351108 -0.300757576709906 -0.352096500416559 0.525628207414939
-0.244191306902165 -0.111078916759299 0.0969044329441692 0.552812240910817
-0.136687703370265 0.142471599533072 0.283600499681148 0.22983673901372
0.0159803314828958 0.123435656100844 0.181291757000495 0.0104146115991302
0.0595681302309472 0.0607192357715346 0.0857635913641639 -0.0307696043269575
0.0449898401232629 0.00941899954982015 0.0430506376060367 -0.0446215499166002
0.00738922718028382 -0.0217380089238206 -0.0168152843869606 -0.00710624984370246
0.0067241328505586 -0.0288979349353346 -0.0618467257026919 0.0616902716107557
0.0609958407796584 -0.0277023655529666 -0.135234262506615 0.116916989732875
0.124735564093747 0.00881975271142844 -0.232952929175391 0.107007661627244
0.119528278964759 0.147057980353315 -0.340464044689171 -0.0619436495640099
-0.130672698010803 0.167151024659029 -0.280986643076381 -0.287586601335359
-0.135726375123659 -0.108233058690182 -0.0220174926562571 -0.425191543826492
0.0969740049396425 -0.17029920371795 0.222488561400407 -0.0745811675875329
0.22786034984191 -0.168239201898252 -0.239997469928845 0.0204378681359699
-0.0621028995309522 -0.269346477694157 -0.297345989004907 0.454501520893701
-0.242193267987948 -0.0261374678108929 0.0552973808644334 0.485881112939207
-0.0596911039578323 0.148129414344811 0.223879584764275 0.271471941293887
0.0410778597072518 0.0782904318128869 0.197264291104647 0.0606194028611294
0.0470569762965473 0.0369981616297802 0.112408826876866 -0.0155133198619374
0.0315653725685341 -0.000650374338647221 0.0594313725248173 -0.0398087827102973
0.0105191372745571 -0.0291348957338442 -0.00284808334228797 -0.00799316593049828
0.0358945669769697 -0.0345877473834108 -0.0530054384187277 0.0476889324713319
0.114658532643415 -0.0133886052354049 -0.117153264840235 0.0887816657403789
0.152292474236626 0.0709194753301736 -0.184973628376127 0.0952805131964539
0.0487107015251748 0.22127022716629 -0.30599209652858 -0.00999721690543462
-0.242813887679258 0.104517925118333 -0.33923718973707 -0.248239516610648
-0.113965549471756 -0.228205397636823 -0.0722513867737843 -0.465655798967223
0.191981078910038 -0.200616584908714 0.190650272276751 -0.0783641389316273
0.171999135663387 -0.159855305564451 -0.240953467029626 0.0254981709924261
-0.0989013392536724 -0.179613536507696 -0.263849822498985 0.371468121722527
-0.167501145282149 0.053775726547651 0.0111853834874833 0.463271643946611
0.0266841398393719 0.107796121111582 0.23131565351033 0.306906894860509
0.0477711020293808 0.0203394628004397 0.229149501373203 0.0592313589167456
0.0205808258406428 0.00842511770154837 0.12512516061363 -0.0305942679865607
0.0123183686133467 -0.0147863392641481 0.0663284946868245 -0.042273807856884
0.0117924440441456 -0.031268765741033 0.0104258076245733 -0.00832470708269776
0.0608045792396483 -0.027992648097446 -0.032609446544069 0.0302755402207321
0.137017807276447 0.0220016000993036 -0.0744718640117103 0.0728188529110335
0.116373483708738 0.136639630168025 -0.125880044746168 0.117410560901791
-0.0706656634205408 0.221368819390391 -0.312427794369205 0.0536364603852009
-0.287306924809234 -0.0353095454845049 -0.417638839779938 -0.265419038231664
-0.0187528228527122 -0.308195949829611 -0.0917003314544872 -0.543549169656445
0.261343649980169 -0.176820141101493 0.147249474354071 -0.0874567635584284
0.11851090209223 -0.12675935105387 -0.23558192142521 0.0182608778890911
-0.0797685727162852 -0.0999059710104226 -0.250543363681779 0.32000444352131
-0.0792647938115542 0.071507344147914 0.0196597869145754 0.472507580959078
0.0610728999988458 0.0513580001244897 0.290968049976834 0.301536078371398
0.030129162947107 -0.0188049258292893 0.260069674220892 0.00853281797289983
-0.0015215876155195 -0.0139162636028299 0.121918244866921 -0.0670044394440112
0.00111778653073098 -0.0250106843212885 0.0654063432016138 -0.0491410282828731
0.0143079223448877 -0.0275470859218036 0.0197024293307484 -0.0100495181680363
0.0669700533339667 -0.0151143647564322 -0.0056625327571394 0.0223956243761159
0.114783343145604 0.0523710684523662 -0.0274111392751465 0.0817747809785054
0.0393039123122178 0.146361828284811 -0.100690383183834 0.167942750063234
-0.147986354760531 0.12513386996831 -0.374834896133667 0.0746266817717229
-0.200660435214793 -0.1588795669684 -0.46163844228748 -0.368198414675139
0.101291754037348 -0.27833458084107 -0.0404297683288269 -0.639569833029074
0.260476998756657 -0.102853181571086 0.110274408932627 -0.10262114440158
0.0815966651935287 -0.0785338656939502 -0.235961159078123 0.0109773263999094
-0.0290071195580894 -0.0602110546365602 -0.242456455325982 0.308995911284477
-0.023771446125944 0.0340518018467162 0.060521848111321 0.478383969951033
0.0397001612530678 0.00703451571794061 0.357552156518869 0.256888650693571
0.00494853747480659 -0.0276626743681961 0.277627876650898 -0.058578728859617
-0.00917927520506986 -0.0217404079220305 0.113674217858933 -0.104222189727333
0.00278055194832213 -0.0258363202452281 0.0612148644961394 -0.0606939616668959
0.0138725195996141 -0.0207025185780104 0.0247730457453332 -0.0144967702395597
0.0494753679200329 -0.00409976705186343 0.0143255215258171 0.0224689476364123
0.0567598670761897 0.0486085120723819 0.00120453141202793 0.104066143232225
-0.022380249774633 0.0863126469718432 -0.119868982695965 0.201609178714186
-0.114605236903668 0.00300789143724461 -0.440569036992864 0.0175763929035791
-0.0408541784556297 -0.163052523536977 -0.417723759357217 -0.508778247775718
0.150924671680815 -0.140650935508464 0.071164334036752 -0.705459852037486
0.167790310505497 -0.0151196077366478 0.0899380853522826 -0.120435959473768
-0.0139214576725824 -0.0201848363326196 -0.0771179187618193 -0.0364289101530985
-0.0235546697238259 -0.030931434723618 -0.317259656686805 0.558174705052562
-0.0562495855490834 0.0109523533666204 0.299000413843641 0.626038806929737
-0.0098404522814319 0.0521202401543338 0.512807204423714 0.13906219511974
0.0144756311732808 0.0258353364682963 0.210766662320884 -0.185750978905417
0.00874669270677074 -0.000725834284066358 0.0105336808420828 -0.121996661658258
-0.00561831231816351 -0.00112242827762852 -4.7659910621109E-05 -0.0526189022848845
-0.00586381241205805 0.00954247123438585 -0.0237592530195134 -0.0205702997244907
0.000469784447399007 0.0181470825611493 -0.0472566293077077 0.0487038452618474
0.00919025302927138 0.0236835264466259 -0.112413318317153 0.114195097551899
-0.000110776297797494 0.0167918376206939 -0.23136938848534 0.0873047388645083
0.00216295260109449 0.00649963200173003 -0.325804610171986 -0.159549630714653
0.0213054608274661 0.0171659001714804 -0.130375306464185 -0.391227966480073
-0.00155817562384568 0.0448665513208326 0.130504830808246 -0.335759491029793
-0.0583812674930416 0.028128076161862 0.197136443939629 -0.0380841160674099
0.119846109221893 -0.0346324272246811 -0.0963571575762018 -0.0115938328023029
0.0508015611622807 -0.134323076956619 -0.405911498533468 0.534129866070489
-0.110820932757779 -0.0815744721216145 0.170405550268416 0.676081730252279
-0.0997041085531382 0.0720053133992226 0.453805579428267 0.202359598635784
-0.00283054814770789 0.0824122548667873 0.217126705143739 -0.127856411466822
0.033380589971009 0.0336660769613358 0.0370035566682578 -0.106704627762042
0.0212699813576453 0.00817282307311864 0.00873855576770033 -0.0592757919487962
-0.00102025458594088 0.00292254135626614 -0.0246385490226486 -0.0203540665285152
-0.00856214014974575 0.00869594617203809 -0.0522065867557181 0.0531388006920479
0.00205841623581525 0.00845848220248075 -0.115144552331702 0.124738046484809
0.0236128675649379 -0.00120095350509504 -0.235440640483002 0.113225719284959
0.0502018041481952 0.0223130224627559 -0.348375725514902 -0.116689111353221
0.0114819972927296 0.0716218287099683 -0.183787456868918 -0.357059608265589
-0.0362622188456445 0.0279421604408161 0.0783133743232457 -0.355860799019446
-0.023234216887885 -0.0170565905046375 0.2011979504189 -0.0545289718567598
0.210943130032524 -0.0608666257661803 -0.149479572168989 -0.00520745567918552
0.0789477458703108 -0.2205530230412 -0.407647096643519 0.528478226965351
-0.16106672001185 -0.132885621556061 0.12813474124442 0.636006099994262
-0.14329357164226 0.0915958034891104 0.373290482521205 0.226783301896769
-0.00942004250231441 0.111219455722016 0.210631917097028 -0.0592532001684587
0.0448189360473006 0.0558414171443042 0.0660122294164133 -0.0722947987431519
0.0369598478961137 0.0152674215882727 0.0287191231194208 -0.0572915690727307
0.00356076345716119 -0.003776889461272 -0.0215223774098513 -0.017798476500352
-0.00676081542518609 -0.00551232210355877 -0.0578838937408536 0.056252406432926
0.0161661258020311 -0.0089485335594179 -0.127475009095473 0.125005840263277
0.0595961302987467 -0.00880761331685209 -0.237175536918027 0.117210027399898
0.0898529514499827 0.0600087246594827 -0.348958779202679 -0.0841651312467589
-0.0307419849113557 0.115434505107528 -0.231021206203701 -0.313282089641093
-0.0700605980342177 -0.0153531667098722 0.0264055878528818 -0.378966372321831
0.0301508816439104 -0.0699879872335062 0.200180821976537 -0.0720089279509827
0.235143164204199 -0.0919501504331987 -0.196696278569635 0.0109678359119723
-0.00497360575296146 -0.281812108372507 -0.317007574733377 0.508361518230297
-0.234469488994411 -0.094466488530331 0.107928294882621 0.51945452558073
-0.122923541407667 0.140007539175326 0.275075062535212 0.207528207635989
0.0197010748282135 0.114828023289125 0.175209392280338 0.00196113221130931
0.0585015035083797 0.0529376255566794 0.0806066764248196 -0.0335636239498709
0.0418123149871933 0.00652373962995806 0.0382653668295759 -0.0438345539731233
0.00419052144496517 -0.018524532218491 -0.0160174151373209 -0.00622070682943792
0.00391687055285577 -0.0259267097156731 -0.0565062830507494 0.0610743179627529
0.0566721921392989 -0.0294246043975767 -0.122610731509628 0.117838794064003
0.11756242139784 0.00140645165782307 -0.21584449516047 0.113318764037989
0.118699896823521 0.131778653715481 -0.32711386688458 -0.0451281142704884
-0.115925325663373 0.164729610855786 -0.27493824485801 -0.264423143783865
-0.133960567758036 -0.0962525869958405 -0.0346454463227565 -0.402550321462468
0.0821966499159873 -0.163529920981894 0.208952881526702 -0.0808811104975772
0.206177395215278 -0.166230817840513 -0.229631591088985 0.026223426408224
-0.0704432711712652 -0.250502351463574 -0.267630991810726 0.439315191880242
-0.228542378447565 -0.0141913277731645 0.0669516761006211 0.458726741099753
-0.0483511691846942 0.141674864377418 0.222096137389018 0.250297986541356
0.041748559144234 0.0723205581064262 0.189980660601986 0.0480690687998516
0.0452906021955777 0.0313400892015421 0.106999949929908 -0.0211758021567343
0.0273434302624002 -0.00321040026847165 0.0525284042330428 -0.0409353154887784
0.00593223856484919 -0.0267965525300766 -0.00489414050472858 -0.00590520473893963
0.028632486869205 -0.0339296878323163 -0.048560135626708 0.0462582661782688
0.105677492660581 -0.019474813293732 -0.108006586938866 0.0905295155526576
0.146967182115783 0.0592130782693788 -0.171156361526235 0.0969960404810729
0.0562298176291978 0.205045852360047 -0.2923116355578 -0.00184168805570297
-0.224816366802464 0.111062335498743 -0.326344339008097 -0.226314473542095
-0.118713707349246 -0.208756677626966 -0.0851184302731194 -0.438978010763566
0.170110527905454 -0.197113921691106 0.178220004396976 -0.0851012603758037
0.154335155938522 -0.157373685259186 -0.231739858670617 0.031990024634159
-0.101942320903204 -0.164550984528177 -0.239796095997657 0.359473859203066
-0.155905415692683 0.0589981762837666 0.026634493350722 0.439580857874174
0.0290541832883374 0.100619417842694 0.234022556837214 0.283152979094978
0.0456359531971462 0.0180976613882469 0.221480065074586 0.0444071331576801
0.0207245726751071 0.00527815953326036 0.117557560848442 -0.0356896383970744
0.00956873090030993 -0.0141224623108126 0.0600560299840629 -0.0435580564805957
0.0081840630964403 -0.0283394857434809 0.0072882447945873 -0.0081709821422699
0.0539203531717591 -0.0303710781828839 -0.0314201054596777 0.0306583242876355
0.130737740865088 0.0130879191531888 -0.0678826437775818 0.0727842010620306
0.117673247424857 0.121930897987378 -0.115634030948096 0.116593398307148
-0.0552852608766152 0.212126823322885 -0.293143628731503 0.0593036466006004
-0.271259279987692 -0.0186393984350447 -0.399503459283273 -0.238337272990736
-0.0325988713013772 -0.287629770386168 -0.103872670490488 -0.511870141926437
0.236778806856056 -0.177456331433082 0.140075545335757 -0.0919429469689003
0.105723603884389 -0.123845803318221 -0.226706665861668 0.0269633724305083
-0.0812497938448147 -0.0909678749048277 -0.227036581216867 0.314788504736525
-0.0725495535872041 0.0721355094929849 0.0346412941438757 0.448348032822771
0.0592620796778112 0.0455681383562615 0.290280242359134 0.27591314335931
0.0277545346089822 -0.0178062032158756 0.247547165930266 -0.00484244151590593
-0.00046938465121318 -0.0137823153613877 0.113227430871012 -0.0695930047368025
-0.00085177973924669 -0.0245989877707886 0.0581688403067233 -0.0514467247239119
0.0105568129751118 -0.0262217961670593 0.0172134726245603 -0.0106287590752723
0.0619075567527505 -0.0177617238036184 -0.00678044998720197 0.0212552572702726
0.11071047402541 0.0419495423985082 -0.0223488009173507 0.0793405626233755
0.0451707864177904 0.136459708627935 -0.0888649050277768 0.161930015478927
-0.133219596762484 0.125061314455924 -0.350973990257342 0.0823574500030829
-0.196277187279785 -0.139480907007772 -0.446051089029826 -0.332523853728919
0.0814237774983289 -0.264441821103569 -0.0592845244551366 -0.602740096321336
0.24027467646922 -0.107985420853218 0.1045443617307 -0.104657970381658
0.0722689080133791 -0.0779134025661801 -0.226328967321362 0.0212459782159067
-0.0306583836493334 -0.0549051088247653 -0.216814838238582 0.304520026819192
-0.0221302753497215 0.0337125528001052 0.0769076822131379 0.454802238789213
0.0387362744820786 0.00632226934562555 0.352379949068879 0.2312381794319
0.00419404076620169 -0.0248840748184883 0.261171021137498 -0.0685088817141905
-0.00902551502565261 -0.019924646401386 0.103100177570845 -0.105714591563186
0.000920010521176157 -0.0257857456885816 0.0537705661211707 -0.061199190037629
0.0118061025684754 -0.0203974262006314 0.0207641762916669 -0.0139241804262272
0.0454441096323469 -0.00845238482112523 0.0129673075888004 0.0201174809237686
0.0563229780649884 0.041609510785531 0.00387389198336257 0.0985190124774
-0.0151378526109777 0.0835963165741142 -0.103961710783447 0.194017274391199
-0.107630898158899 0.00867904848970395 -0.41412603431001 0.031781723145707
-0.0453814624324978 -0.149781908440906 -0.409880311423241 -0.466436400198157
0.134392595858971 -0.137298731235218 0.0448372469055799 -0.668760697343315
0.155641379632473 -0.0205184614935512 0.0855751407309256 -0.118799021515081
-0.0117249654925298 -0.0185567298570906 -0.0801267141668152 -0.037833255775754
-0.0246726559679918 -0.0297393743866976 -0.309713734777009 0.538843225611288
-0.0559988211833594 0.00768414395983874 0.279654890625207 0.598541418163081
-0.0116660381869442 0.0469135997655229 0.489014648002914 0.131898450685559
0.0133907881720635 0.02543045768773 0.197366177499594 -0.180069828233945
0.00636620184011281 -0.00325233477245293 0.0146062584581107 -0.115955211375675
-0.00666427119206878 0.000307715334420359 0.00203899156923525 -0.0527998955948917
-0.00883845706748501 0.0101361427671034 -0.0256779681014076 -0.0214356315748537
-0.000913198021492578 0.0214622067304069 -0.0428466271588577 0.043195017792098
0.00633401796829425 0.0204822314315097 -0.102614527924385 0.109378162601349
-0.000993021019583047 0.0182445901996943 -0.2218877497587 0.0840238288705194
-0.00167857428352069 0.00529476848378869 -0.314560744594791 -0.156046154517805
0.0210156703725265 0.0143735352796666 -0.121621450010939 -0.380140132789436
0.00132431802922274 0.0417537177120619 0.130131419196722 -0.327004633635958
-0.0564032795579911 0.0256845821602532 0.193296114065981 -0.0421426822761234
0.11397773341859 -0.0330582321854082 -0.0985227388938547 -0.0133180451356392
0.0487764106952185 -0.128438398153749 -0.394275817995995 0.510613682678903
-0.106076784057795 -0.0780677965917831 0.158514034013129 0.64993520516251
-0.0954942438957118 0.0674369792835532 0.433029140143846 0.19499958881999
-0.00294958221076776 0.0788871700939607 0.205758076775715 -0.121534492705904
0.0317681060989554 0.0308642745427611 0.0365902802391739 -0.0999836238162297
0.0196269628573557 0.00768986473100534 0.00830021085250355 -0.0568665114478581
-0.00253986455978776 0.0041864333056607 -0.0235304831904348 -0.0183093558841844
-0.00757965409451224 0.00870790163751571 -0.0495298825791041 0.0509819945718759
0.00198722061906995 0.00775472892144814 -0.109114454177326 0.120829182364615
0.0211017819784956 -3.41764883256481E-05 -0.224883411171473 0.110534708426073
0.0471166025513404 0.0197600828130255 -0.337269404394026 -0.113407127697678
0.0114205460491501 0.0672946825132591 -0.174423844072116 -0.347180273926557
-0.0349288167836949 0.0268775251800507 0.0770825729093182 -0.344494688571051
-0.0254099268703152 -0.0159846287351505 0.197564469543459 -0.0521096711856083
0.199397451232461 -0.0576561676618916 -0.146996222924516 -0.00627908105904071
0.073751372965404 -0.210345432035897 -0.396056240985871 0.504635894084543
-0.154748618165961 -0.125828043752612 0.117260815659392 0.60850535317013
-0.136421968390863 0.0878288625363643 0.357060445184544 0.219993222739918
-0.00834675021162186 0.105749744727455 0.20162627321614 -0.0559887551996371
0.0415562441245582 0.0525891314128642 0.06507065316375 -0.068518164342838
0.0340423595691545 0.0142946131327829 0.0267837111710156 -0.0548037252472312
0.000481034124412522 -0.00237549754687544 -0.0216218012399459 -0.0169160823950071
-0.00833580495714798 -0.00474187849865972 -0.0552308760554968 0.0539460487565175
0.0156915579189777 -0.00863872739444267 -0.120541251194501 0.122027385002601
0.0566246265768972 -0.00836180799556212 -0.227062963662248 0.113062630418603
0.0854064920736 0.056307767083252 -0.337470678703222 -0.0813702775269057
-0.0287149411415764 0.110807080688044 -0.218921699979219 -0.30518959329026
-0.0687592977765735 -0.0145853218881118 0.0284592930776806 -0.365750693572255
0.0270750716656 -0.0674503980756632 0.195849763978571 -0.0715503443857137
0.225036873420456 -0.0862944671897713 -0.192209211875401 0.00840433956296617
-0.00599442237935303 -0.270365664542893 -0.309428678208745 0.487246567981586
-0.223908530211251 -0.0901015982507116 0.0986989870215378 0.49897254920071
-0.117963333272227 0.133929227845187 0.262171243864354 0.203133698267901
0.0186965220629809 0.109028835141584 0.168382320963701 0.00162546465815739
0.055111506083232 0.0490120427239121 0.0794842500735519 -0.032029186114314
0.0387123355363632 0.0055731370393462 0.0363951497573457 -0.0416486023183054
0.00211355206870528 -0.0163973655685252 -0.0165859857356652 -0.00497389569127788
0.00180233506263474 -0.0240784112028168 -0.0537360665207517 0.0576734131963212
0.0535999415556764 -0.0291764589318822 -0.117004616024799 0.114034600424448
0.111948513246806 0.00214024478352371 -0.207273334459881 0.109237504029085
0.113301415842997 0.125025075227199 -0.316610297720939 -0.0463646516072909
-0.109755183493218 0.157084957125758 -0.261713857530571 -0.259595936579289
-0.129514435173671 -0.0906911653255848 -0.0300521036849144 -0.388302157788633
0.0768636397276814 -0.157262169678056 0.203658426282219 -0.0795274673826615
0.194847685511834 -0.159233726072759 -0.223969703962637 0.0245771821034093
-0.069225708471494 -0.239804835862185 -0.262756628813922 0.420148514683562
-0.219555300207668 -0.0127253188195448 0.0589049589784672 0.441212956376961
-0.0474765454247729 0.134393406349371 0.214193068822823 0.24386671267666
0.0409887982008927 0.0688821068268786 0.18361238309682 0.0459855109008862
0.0440699293766712 0.0287488898816574 0.103080851812703 -0.0212427965529893
0.0257690676237132 -0.00322416603966835 0.0499117420365366 -0.0406249070333346
0.00440508217945858 -0.0238756699768856 -0.0064112464955076 -0.00492252832901091
0.0265961668674204 -0.0322555400498444 -0.0486414487250716 0.0449158423213493
0.101074166710695 -0.020191814970148 -0.103149037995788 0.0895447329939092
0.139570633726214 0.0560569979066275 -0.163891160720666 0.0956745065658718
0.0556235886883501 0.196047388579585 -0.281220083651245 -0.00316176672764119
-0.213652373965481 0.107247966597189 -0.310684257534997 -0.222371667667841
-0.115806087439536 -0.198483482567945 -0.0769964483037647 -0.423260163794457
0.161047331125678 -0.189484505284785 0.174747799992822 -0.0842681094424335
0.146085834265864 -0.150780955272997 -0.226314535482311 0.0296044577744161
-0.100033393052552 -0.157375575040637 -0.234916687922754 0.345150669962645
-0.148960072225824 0.0576809841424089 0.020295038600436 0.424160277553892
0.0283072966639389 0.0953589271153182 0.226034778665769 0.274159407123997
0.0441528807065105 0.0177245249404081 0.212876692731491 0.0410078887506696
0.0202936475865314 0.0039841095674019 0.112284460397205 -0.0353391201514376
0.00775125152102573 -0.0147874063651753 0.0561180712593971 -0.0426160302366228
0.00645987430784139 -0.0258889934339077 0.00601495676777002 -0.00746329114908706
0.0497569463682492 -0.0291072903221482 -0.0303347709089731 0.0296376321348948
0.125268417983133 0.00962559561885183 -0.0652237713599547 0.0712579834844015
0.11346584893614 0.115921731198927 -0.111391406568644 0.11116468134762
-0.0521221705699435 0.203300345453291 -0.281130446714074 0.053399860071071
-0.259575751550808 -0.0160920350356126 -0.379473777302983 -0.232173792122438
-0.0324444915243534 -0.273259919027881 -0.0963722736558177 -0.491894999731202
0.225280680236652 -0.170441892781322 0.137034103849691 -0.0908231173130275
0.100125558209032 -0.118079419658933 -0.2214281998263 0.0262498514599793
-0.0804780179553553 -0.0872796513154435 -0.22185112703868 0.300813266652708
-0.0701310656959099 0.0693097840991647 0.0305631255955075 0.43383258945343
0.0564470187072159 0.0426138672486288 0.281374638054038 0.267029914998551
0.0265925836443491 -0.0163230876448481 0.237176001876817 -0.00613450110329667
-0.000103403822272061 -0.013272501564374 0.107172892510776 -0.068794385865788
-0.00216362404357185 -0.0239338264947827 0.0554421910105228 -0.0487917823752991
0.0093114655251383 -0.0239991231810784 0.0149406638423964 -0.0097200937853294
0.0577597370404958 -0.0186775854458493 -0.00803294995930673 0.0207098256439527
0.105911103132692 0.0377584831412035 -0.0228552274805124 0.0760315963054636
0.0455601854299988 0.130396282740352 -0.0857049825863506 0.153852170604046
-0.126229773459261 0.121094340095978 -0.33584612471642 0.0749162068579278
-0.186586098103543 -0.130958880650287 -0.420619346882512 -0.323067507381548
0.076364297121926 -0.251543427648775 -0.0503339690607155 -0.57926463264317
0.227705789201132 -0.104427930272459 0.105230291111714 -0.10269760122526
0.0689588138652433 -0.0739801772827966 -0.22243726168921 0.0212762407037747
-0.0329446892826412 -0.0520187650306909 -0.211091158864788 0.293776184183365
-0.0214660803458604 0.0325608841651184 0.0739396611691325 0.438996567191668
0.0363194189441755 0.00462695699149858 0.341687084933185 0.224149878798383
0.00445316569142779 -0.0222098727427402 0.251020526495224 -0.070838503014468
-0.00715673421809986 -0.0190126935653362 0.0985741174662297 -0.104092096920737
0.000649304445054273 -0.0260803463570888 0.0514992897373208 -0.0595825172127036
0.0101913142675786 -0.0201602345562669 0.0191907675826797 -0.0132198224738269
0.0433779104784905 -0.00848135169459677 0.010454373985829 0.0192010243470312
0.0568371737594905 0.0385207803410542 0.00365399304174661 0.0939797147241645
-0.0119912715019695 0.0806044752459228 -0.100118593704058 0.182869956117074
-0.102596181460253 0.00950552202399855 -0.395331680791441 0.0275671809246003
-0.0422007375937815 -0.141324035936622 -0.385595594828339 -0.449024585849813
0.127332273631538 -0.130844851991496 0.0510205038014583 -0.641187004232324
0.148508700765874 -0.0207714054409647 0.0872584978140151 -0.115544938136507
-0.00526537107716805 -0.019292125538284 -0.0800472069089852 -0.0460445202916381
-0.0182966164225972 -0.0344009387153742 -0.39151395975689 0.484209670997765
-0.0588593974677767 -0.000992628209313478 0.186140411758533 0.628409340394922
-0.0218429756689988 0.0453570328229454 0.458902053050381 0.197509849671824
0.00715226649162014 0.0303878965799194 0.220059317638983 -0.145891904589922
0.00538845795893087 -0.000842336505821646 0.032574149632146 -0.110325569310742
-0.00813766907888212 -0.00448949474247258 0.00969711683867498 -0.0523337027670025
-0.0109002995673817 0.00973355668809117 -0.0160742059097172 -0.0253038841623193
-0.00381329269416598 0.0196640850487016 -0.0484608112089063 0.0368577503375476
0.0025497465394089 0.0228151591618801 -0.117064508131449 0.0915506867080741
-0.00331816507989028 0.0227593184124672 -0.229415702228154 0.0482431718901099
-0.00499417982149053 0.0080887585520373 -0.28971117841595 -0.207170213967149
0.00866266905653104 0.015485305427912 -0.0570827294580583 -0.398464448443512
-0.00781157249462212 0.0378182663276358 0.186150780485149 -0.306616883873448
-0.0597524285928352 0.0122367931789604 0.204384731912718 -0.0111760003553325
0.115806854912935 -0.016487076794681 -0.102746966899256 -0.0202541806760304
0.0676595309881379 -0.121389132775846 -0.468753057278741 0.454480868796319
-0.0932047277184722 -0.0952107206689064 0.0663493254431541 0.6626735484762
-0.10465663667397 0.0507657704185377 0.395741358188893 0.248356662359545
-0.0157884571226536 0.076107460677892 0.216017300123195 -0.0914908482701198
0.024735129826586 0.0342641882402838 0.0497530235285792 -0.0916552509374378
0.0163683734716196 0.0100953492272734 0.0166660348186628 -0.0550763229810995
-0.00580515806448039 0.0051170632679003 -0.020792440303276 -0.0219450360791574
-0.010678339652497 0.00822744932607791 -0.0553247555864287 0.042094132522247
0.000843879969097498 0.00999602107941085 -0.12475861896568 0.102565700423238
0.0195094969591573 0.00689476389867546 -0.240201716527841 0.0724235128747271
0.0385755057183171 0.03094916434803 -0.317553516463996 -0.168414504833977
-0.00711070564234196 0.0655424454895403 -0.113167269980933 -0.375570224643352
-0.042879710536611 0.0173944940980656 0.135817075137534 -0.329162266546194
-0.0231663042104974 -0.022773989575914 0.210682709478627 -0.021547886065265
0.20320483597759 -0.0295876213310535 -0.152716721097306 -0.0141030583311405
0.102989278474109 -0.196257270688797 -0.465430648014881 0.450735665204657
-0.135703595823098 -0.145956955112285 0.0361217047062073 0.614957804226625
-0.146956557471102 0.0627295016451327 0.318530452522189 0.25867346571553
-0.0269015682863825 0.101392103930843 0.203704039428342 -0.0305569732706888
0.0311739265710913 0.057118523368103 0.0725612087078638 -0.0578717813233334
0.0294081925369332 0.0178875208974427 0.0332272873397182 -0.0507684468780402
-0.000990064476437628 -0.000504429262589822 -0.0190667454078755 -0.0198461121478286
-0.00943405479122707 -0.00417152448151124 -0.0632118829671592 0.0453049654103588
0.0168675134720959 -0.00460613610877808 -0.137379057985536 0.101583178570953
0.0548324114101523 0.00412497535678846 -0.243186427709801 0.0763606811556804
0.0706772316536902 0.0725161691986173 -0.324138098211504 -0.138325463670137
-0.0523009126592455 0.102443805516863 -0.161084574608763 -0.34217173743398
-0.0700153978906609 -0.0269450177601604 0.0907273976225952 -0.356408323928388
0.0365300982496221 -0.0645460294883067 0.209878673336875 -0.0394641577151987
0.230448990706371 -0.0540452877303022 -0.198050365577938 -0.003202437749819
0.0346808822811869 -0.265785531580158 -0.37002872210849 0.44255649414452
-0.206971796947897 -0.121410899066188 0.0331111333864263 0.500147746051705
-0.136055265814238 0.110019899654422 0.228298998331919 0.227830700104904
-1.47870436337525E-05 0.109558403876842 0.162265917364484 0.0212105612548602
0.0454400171740929 0.0548736576271532 0.0798127606991387 -0.0201769505732194
0.0352018358785544 0.0105449622500905 0.040388707278261 -0.0366881430248114
0.00228687735143663 -0.0152922581639808 -0.0162453270952248 -0.00869664300135392
0.00259219277968588 -0.0220316196366592 -0.062885652773994 0.0495874192170273
0.0564654576452561 -0.01816190097247 -0.132400393271523 0.0943538175562028
0.106461856690349 0.0230121020589425 -0.222169520148707 0.0744669937253142
0.0869433115066377 0.14446386571086 -0.309067687864576 -0.102479519490892
-0.137953636641235 0.137791186367176 -0.208811743195663 -0.302048149765304
-0.117115286186881 -0.110314296424492 0.0372963888940267 -0.384915442264484
0.0992876348465037 -0.144304854971509 0.218535261704735 -0.0466866368687238
0.214753784180792 -0.12835764187892 -0.224706802920886 0.0100556490293789
-0.0335860399353049 -0.245037533570826 -0.311985011758457 0.381080075771527
-0.212501282350757 -0.0462940523466882 -0.00339122210533815 0.433937275814607
-0.0687726175405312 0.122525806006863 0.174321547414624 0.262601070130233
0.0278674563123747 0.0737013403373384 0.172085902318838 0.0676342503477404
0.0373820143897198 0.0337616384467485 0.102980631779793 -0.00520803234087206
0.0244763821779198 0.00027425666722943 0.0514776057348117 -0.0326181119704691
0.00628642842600627 -0.0202992463200658 -0.00648065842110909 -0.00652383142737759
0.029796399757735 -0.0259101267326692 -0.0551002557723286 0.0375698972675881
0.100035919159032 -0.00358589020478366 -0.115312328929436 0.0692247423411372
0.125538976434881 0.0780329307031511 -0.176708396797362 0.0656266190408422
0.0205088560420251 0.203997958989706 -0.279576946959333 -0.0547739167524393
-0.231437532441876 0.0744990118182529 -0.260899622484956 -0.270590024624419
-0.0863174650964684 -0.210544390524271 -0.0067461417485771 -0.424242786521737
0.185367031706874 -0.159794336013231 0.188456895718819 -0.054473070589745
0.164033325925956 -0.126948393641494 -0.226961157265889 0.0132934727615234
-0.0755300504925561 -0.170830488919815 -0.278350187029873 0.307571018547206
-0.156256596065409 0.0321961195326719 -0.0414573063177945 0.415467464179989
0.0101382355091757 0.0965813230983411 0.180545804334309 0.298769509932431
0.0396719774718541 0.0261417479088631 0.201451382235439 0.069330020176324
0.0198165503822648 0.0066198408559617 0.115349180375691 -0.018439971815295
0.00992375706883879 -0.01433618420441 0.0597367727859035 -0.0341764942066649
0.00838849280120966 -0.0232839819841422 0.00609832324416763 -0.00605264906481838
0.0511661384328564 -0.0195027293809171 -0.036876776978447 0.0235201458535626
0.120590033908702 0.02784260088898 -0.0751442397204869 0.0585803547099382
0.0929333192912809 0.13163460377974 -0.126741306927259 0.0901800395900728
-0.083455639671387 0.194116987886652 -0.28557511038993 0.00158078174094074
-0.256825463019236 -0.0513677761192988 -0.32948169222361 -0.288620966022317
0.00531113946694286 -0.269735275697991 -0.0141795147590494 -0.495196870073597
0.244238213195854 -0.130737781986788 0.152461642193789 -0.0695161380998687
0.113456657278237 -0.101977926726818 -0.222536899588681 0.00610403748185809
-0.0676020100429224 -0.0984532158122486 -0.26264054045476 0.266722290212612
-0.0808215706720538 0.0547434653042264 -0.0354160203026351 0.430542838206215
0.0461489452111246 0.050982587213993 0.237048538439052 0.300315158037094
0.0289292069418081 -0.00890210852742485 0.233182228525615 0.0266416175667922
0.00166541883160429 -0.0135938085606408 0.115704357919734 -0.0517466689768813
0.00184758250245448 -0.0250360569480282 0.0604730115252581 -0.0416972806620268
0.0119276416816233 -0.0221108026100499 0.0154628428751594 -0.0062903630232348
0.0579126671414999 -0.00969844259805657 -0.0135704268428606 0.0197409583952861
0.0974536947999019 0.0518104235853001 -0.0328961378397968 0.0694873388195274
0.0252547237107173 0.134793637059954 -0.107214069209207 0.135847003136319
-0.141032377253567 0.103345690431641 -0.339871233136736 0.0154267374158545
-0.170454270509498 -0.151305707410677 -0.356096264549253 -0.384796145875451
0.106561109576879 -0.231635447236456 0.0438282442030437 -0.57754198315192
0.236453983564483 -0.0649065521052137 0.123842732357965 -0.0870064294458381
0.0775961315721808 -0.0634937189207542 -0.223906723631927 -0.00199078252750069
-0.0257632924542698 -0.057067867355538 -0.251103919470979 0.262268626857941
-0.0272677322655815 0.027235401266897 0.0073532976178856 0.446961902036618
0.0329756845579814 0.0123017360903688 0.305517159004101 0.266883458618246
0.00827891994097148 -0.0186775031072228 0.255262178528976 -0.0326563631345878
-0.00384873358975065 -0.0200325841182504 0.111821114978432 -0.0891596168595825
0.00412102894238226 -0.0276125342273476 0.0579629688332477 -0.0520458204316441
0.0125924594633275 -0.0161877741558553 0.0197035888702171 -0.00840779334696661
0.0424331440019882 -0.00219812086770202 0.00440749315986887 0.0213232954297923
0.0491723743786854 0.044784476674676 -0.0111598505761795 0.0904951681798931
-0.0232931391446081 0.0781119158627494 -0.126281455996979 0.161975974970599
-0.101573478337818 -0.00130808079023475 -0.390648484275221 -0.0391963798726918
-0.0306291874212076 -0.142091854695617 -0.302768691670624 -0.506586311448195
0.136446743159019 -0.108620163072564 0.153944114178201 -0.622681012978617
0.143732213899812 0.0030715551234368 0.110482516818496 -0.103154193259142
-0.010493890010574 -0.0217459008948351 -0.0837283786751801 -0.050632580623157
-0.0172191239619131 -0.0352120935116404 -0.406424077707168 0.494970288720642
-0.0583927098201896 -0.00420051106772927 0.184942628565671 0.652043270486031
-0.020917309155975 0.0431704311150738 0.468223992893464 0.205483510252971
0.00946840504296579 0.0279901829976974 0.222647639244836 -0.152367839355398
0.00533296103089833 -0.000798240043921693 0.032171292295742 -0.113904042018849
-0.00788681346292573 0.000143289725395937 0.0118297254836543 -0.0556524177887888
-0.0122877851879151 0.0104067375570521 -0.0193496449538018 -0.024064442149997
-0.00372918804265082 0.0214767393664346 -0.0491700391338252 0.0375679991334792
0.0031063132374577 0.0250391557042764 -0.119806125030808 0.0948966044850952
-0.00934438036622496 0.0248726795824861 -0.235125605212171 0.0469415165773003
-0.00724649154387506 0.00631026404801545 -0.298807704636789 -0.21491243287332
0.00995902349408319 0.0152426176275997 -0.0551465666932903 -0.414280947373407
-0.00778025389735358 0.0396329702626624 0.19383802462902 -0.310569878219101
-0.0595924416245702 0.01478581893238 0.213581588272909 -0.0154589287847173
0.117000214081107 -0.0160829034674414 -0.110556914182753 -0.0233832529000237
0.0691365940297266 -0.12386328215132 -0.486888429681696 0.46129206134791
-0.095541017426875 -0.0971216617699174 0.0614569335022784 0.678551391160177
-0.107137805320197 0.0514020829734798 0.404526119032823 0.258790888801335
-0.015634728511103 0.0772910164838401 0.220454250379004 -0.0942741572911495
0.0235687202387662 0.0344700360312224 0.0522361374727734 -0.0934395969438109
0.0156640803395442 0.00943591407228702 0.0184123022094632 -0.056545802592517
-0.0068489527808328 0.00684867734802568 -0.0213989521917111 -0.0231830124626099
-0.0122975980142767 0.00952971026397447 -0.056565920958175 0.0428469105300718
0.00127714097195416 0.0108663542830777 -0.125847618261056 0.106178021620781
0.0180593297349386 0.00819866802642854 -0.245789043992134 0.0739586166362089
0.0382908110846182 0.0308872030332479 -0.326946527103577 -0.17593153958574
-0.00817394928365149 0.0660816839924377 -0.114049430408624 -0.390588051210565
-0.0435455709264569 0.0174064889381215 0.14422210680879 -0.339712459234423
-0.0246391876890803 -0.0235686612950915 0.219314809355309 -0.0229763935434221
0.206633986626075 -0.0294755823268869 -0.160986586251133 -0.0179746838448974
0.104936773049995 -0.199479333459898 -0.481750675326152 0.4572922114825
-0.13979842822749 -0.149367468869261 0.0302056022731879 0.631279873791239
-0.150565539955841 0.0641164666844044 0.32290448100245 0.269087305713209
-0.0280400044913323 0.103620307159048 0.207681849507733 -0.0301638238354475
0.0316335694719518 0.05606642993136 0.0743504505606568 -0.05905901670932
0.0284008870127693 0.0177380346596068 0.0335351891311517 -0.0522348211570788
-0.00190811297384789 0.000669310093383102 -0.0199022747011086 -0.0205902245748727
-0.0105451510356384 -0.00386195814374443 -0.0650694370925207 0.0467022829931711
0.0173197221096098 -0.00396291134892559 -0.139770979577161 0.105621172212008
0.0552376803738743 0.00478786682466436 -0.249069577028362 0.079140974772527
0.0721142575473748 0.073364630216689 -0.334715694718789 -0.145510434472606
-0.0530951831688057 0.105231781243433 -0.162537307362717 -0.357824141457554
-0.0728154768716992 -0.028419903598403 0.0977871708474151 -0.366801999175391
0.0362078086454389 -0.0663641166109597 0.218595481808363 -0.0426632144879661
0.235254780854631 -0.0538359984105263 -0.20654375289945 -0.00498463161825233
0.0349439659924204 -0.269987997918316 -0.385894219912057 0.447363227498197
-0.21179809420411 -0.124665841580072 0.0271441742396425 0.512911470401586
-0.139470687373134 0.11245641376248 0.230317645007 0.237742001174377
7.50778483951165E-05 0.112163715727615 0.165222142969743 0.0217865862252432
0.0456801169960624 0.0542745273527385 0.0828630299344131 -0.0209494225543369
0.0345517675901168 0.0089626523791967 0.0399256368367773 -0.0372039812241755
0.000330736312811928 -0.0125404671171671 -0.0176261151453709 -0.00758207912861647
0.00141379388711166 -0.0216941436757225 -0.0646524059505956 0.0511829455060397
0.0569306662167214 -0.0202688727661582 -0.134878824646013 0.0971910106582548
0.108553316443752 0.0231439316950691 -0.226766619923362 0.0769280015853691
0.0893567938206864 0.146876798159368 -0.318399999095551 -0.106444677147572
-0.141315166683784 0.141188560452983 -0.211426807681077 -0.315455150318926
-0.120249720741635 -0.11325685077899 0.0425917384343826 -0.395197350358397
0.100687812807423 -0.147081737434303 0.226997835525471 -0.0491803360644195
0.218128691509571 -0.12989624910751 -0.233654822840478 0.00949927872631813
-0.0346016583976423 -0.250114914838167 -0.328171585136365 0.386193243747655
-0.218038221043517 -0.0464870930865702 -0.0097784056143046 0.448070710853534
-0.0703302428730507 0.124470844654491 0.17635141762809 0.275096251355783
0.0292411872455129 0.0764302861416117 0.175978499817996 0.0689667982339661
0.03806162627822 0.0331087254516004 0.105519915579743 -0.0053495342515433
0.0245389577926589 -0.00131427893845352 0.051467678835916 -0.0339100479566015
0.00335675580318562 -0.0193923543074014 -0.00601209815628068 -0.00471404188832769
0.027474836788032 -0.0262742542589901 -0.0561402448643306 0.0396497597323725
0.102010429646943 -0.00520992543253905 -0.116221625344761 0.0719291413702059
0.130357719086658 0.0796784337000948 -0.182818800680562 0.0676544606145599
0.0209925785394091 0.207388203252244 -0.288566283293753 -0.0592852846651717
-0.236316828554865 0.0775345594378486 -0.265379864643006 -0.282656592837824
-0.0890554522946779 -0.216642678801777 -0.00115366241451916 -0.437978941469889
0.188838532134893 -0.164856641386244 0.194959212527354 -0.0581033632235318
0.167605656925965 -0.12798318795758 -0.23672815526819 0.0117294418406313
-0.0790995175074968 -0.173803646190235 -0.291089994475128 0.311437322748298
-0.159938282930961 0.0327115874154857 -0.0487727128433139 0.428939121214687
0.00969163652733829 0.098335299998318 0.18525593853959 0.310229639553009
0.0409299820960578 0.0269558223058336 0.207239659879138 0.0717661686752226
0.0195518010346916 0.00567705148711558 0.117784254281769 -0.0194809556369384
0.00926927377639793 -0.0150126135783731 0.0594292162270172 -0.0358018528802922
0.00781323104320007 -0.0217834926669229 0.00516974000743424 -0.0046401331897377
0.0515421633214675 -0.0209453035669254 -0.038955344340959 0.0265947940782046
0.122675325094538 0.0266504586261831 -0.0771814060182613 0.0601697929698198
0.0961029376342785 0.135233173082981 -0.130499501209928 0.0914946323356909
-0.0839990315706948 0.197802559282103 -0.293174022421115 -0.00164282866420295
-0.262253005543506 -0.0515915059185009 -0.332620148209746 -0.302475540835058
0.00462818140034685 -0.275559662285712 -0.00898856460640089 -0.51012082788385
0.248238110676838 -0.134327154960877 0.15881291369492 -0.07276619968598
0.115950331658568 -0.103428666812674 -0.232224651533273 0.0063545625819034
-0.0706189391703004 -0.100635604403533 -0.275442551296804 0.270364630055323
-0.0834381383609168 0.056719894418578 -0.0403103484079975 0.444035427746411
0.0469180453520778 0.0513169078122021 0.245335990324359 0.311621473259837
0.0312923999798813 -0.0082567041772583 0.238912194500728 0.0255602343143186
0.00261191903940942 -0.0144865404253198 0.116482142951141 -0.0541788731244508
0.00123038932222866 -0.0262492822560981 0.0599812959674306 -0.0436091289057786
0.012021345126319 -0.02126071009974 0.0147927953566503 -0.00583109168139941
0.0580540038305042 -0.0109803473729779 -0.0151428237229246 0.0203157634152613
0.10072445200278 0.0512746754233534 -0.0344102964365224 0.071029433587001
0.0273028873664218 0.137951183530057 -0.110002990671181 0.137463181109286
-0.143981996156034 0.107216039582094 -0.347306903829488 0.0117745545946717
-0.17347610251895 -0.154070382456265 -0.360456445825461 -0.399823434874132
0.108743851425458 -0.236384602219991 0.0519640364455861 -0.592095585538738
0.240064964889662 -0.0678842374387544 0.12981305892663 -0.0905750725206097
0.0786775294439041 -0.0636679948699364 -0.234245294007986 -0.000800254932196046
-0.0285980569157055 -0.0594072328759324 -0.262995068438809 0.267549187223659
-0.0298544126680238 0.0287129761360909 0.00502283321966374 0.461920523199684
0.0342922287697713 0.0121026971361125 0.3147971937107 0.275701243115974
0.0101282943194229 -0.0176386492126568 0.260575012112538 -0.0344051956407741
-0.00365546634943433 -0.0218926942125739 0.113872989825242 -0.0922962963838569
0.00455697112886896 -0.029897783635943 0.0576390459247094 -0.0541606606881954
0.013443087553934 -0.0173699863027349 0.0181305237513849 -0.00766710577233518
0.0421906161239907 -0.00408836826660967 0.00327127396902605 0.0223155058063278
0.051269417831445 0.044523835440515 -0.0126763023964519 0.0915687841116403
-0.0220654342671623 0.0805817782153941 -0.128008145002988 0.164099302322955
-0.103488858843618 -0.000619603098947891 -0.397295818821471 -0.0448138039116705
-0.030947323765566 -0.144867713876333 -0.301803390856843 -0.522207410380672
0.139064357818524 -0.109719504923089 0.165903876495254 -0.635107751289778
0.146378514917042 0.00308121505245101 0.118200025529214 -0.105875666239287
-0.00841852662866505 -0.0183966152723478 -0.0963324451839052 -0.0481963364423407
-0.0162102178496445 -0.0369207622469519 -0.412766950360984 0.522106588819249
-0.0609223133208299 -0.00210607483910563 0.20644112538338 0.663697103796341
-0.0222432650549709 0.0453464412147473 0.490831951471458 0.199605242982199
0.00753216049727107 0.0282770784070305 0.225203115735401 -0.159120020236194
0.00614557672609736 -0.00319312987984234 0.0331761362816201 -0.11417128943989
-0.00948763200312232 0.000449018470369171 0.00937854034408259 -0.0585800846666178
-0.0141983498979599 0.0128515506854483 -0.0210039272880931 -0.0258150061004635
-0.00225287466119335 0.0216421146730379 -0.0478259100093111 0.038503848687406
0.00301784792294815 0.0243988464615049 -0.115836269396722 0.100374828537388
-0.00566034943474181 0.0247533154958266 -0.238794175371962 0.0586924370016089
-0.00886768314211412 0.0065225444102912 -0.320939747569629 -0.213911371949325
0.0139051484812078 0.0124976802577104 -0.0712075111916471 -0.431145809960462
-0.00587845694718009 0.0413308242775818 0.194000620146127 -0.334618977603088
-0.0648979167065732 0.0166289730776123 0.224154767774264 -0.0238499030715959
0.119559447102691 -0.0194832029708458 -0.119660875928242 -0.0228198092524608
0.0660607841941502 -0.129529785341213 -0.490879744979579 0.491440257504281
-0.102272361168552 -0.0976624771002623 0.0810777816433831 0.696794102377081
-0.108159865010961 0.0560774391036399 0.421807901367913 0.254217784676263
-0.0141079818331228 0.0803787019159482 0.221773083199219 -0.103471747258904
0.0240528091039656 0.0339465398470045 0.0518357086940837 -0.0960585747457088
0.0148276715330627 0.00897899977795207 0.0171783290804514 -0.0590016824490438
-0.00803340420142601 0.00872496798482195 -0.0232711521880184 -0.02246618077248
-0.0133402670628404 0.0117031808271943 -0.0563094975675993 0.0462821159074602
0.00088916500073905 0.0115781155350519 -0.124883595671283 0.114812590642495
0.0197390572380705 0.00802187768546364 -0.25122419037048 0.0860502929797473
0.040047148657895 0.0294184587358635 -0.346533665277296 -0.16963292155863
-0.00544299527035084 0.0668775438757836 -0.130425353012677 -0.404283079268731
-0.0448758006982983 0.0199435320388247 0.140526563015303 -0.357508906516039
-0.0278466646389699 -0.0231382742061518 0.229406254323873 -0.0336417461943606
0.210532838654665 -0.0354300522244261 -0.17067877517828 -0.0160397470308654
0.100474012407405 -0.209439331182943 -0.487647837402689 0.486279634434728
-0.150755888452406 -0.146562340918198 0.0484660203831815 0.651025173450634
-0.152558190421415 0.0709707781367766 0.341214767008012 0.268474431490891
-0.024371539890539 0.107505475373244 0.211928871080332 -0.0382150943034608
0.033305628630598 0.0556145294709338 0.0749131871554874 -0.0627963060196742
0.0285577471773427 0.0163511517306474 0.0327107911451559 -0.0559010727173438
-0.00326809636441759 0.00283817110896622 -0.0226834278465073 -0.0196532029655205
-0.0130879729546465 -0.00166602079980781 -0.0650409901663969 0.0505831954125494
0.0170168298588358 -0.00532776888998526 -0.138120936362163 0.115431741394241
0.0570007629170818 0.00394031748999287 -0.253752112664238 0.0913468265533002
0.076682519335051 0.0712814401405107 -0.353223655262126 -0.139071953941974
-0.0520001117951496 0.108757055221455 -0.179729347156002 -0.369765181690548
-0.0770549092686294 -0.0264894698155676 0.0926823798275803 -0.384223864325142
0.0334130227171629 -0.0707183998027109 0.227699042503037 -0.0539765990425618
0.240255735728413 -0.0634032416494901 -0.216507592572032 -0.00216010905447843
0.0251013367899968 -0.279907007973794 -0.388879336576505 0.473001245733697
-0.223168855603204 -0.120746026343696 0.0400082342852108 0.531436827165904
-0.138262179772267 0.119013100588165 0.243748371422838 0.241293729947136
0.00357800093976082 0.11426869891099 0.171246030512554 0.0176253518001468
0.0480561842166916 0.0530271100795562 0.0849630536063597 -0.0237653404020007
0.0344322215341411 0.00811969991411897 0.0383593657291363 -0.040529919321067
-0.00107599029694997 -0.0109298697553103 -0.0198113564555615 -0.00683845555986373
-0.000888723345225023 -0.0199466348369773 -0.0648437840270419 0.056193065981045
0.0578812224342477 -0.0226995702642213 -0.134694238695864 0.105615147730566
0.11448491637133 0.019425642634702 -0.232368864856446 0.0874837734182888
0.0968585145638211 0.147063697069638 -0.334766846017237 -0.101214467528696
-0.140267292206562 0.151393438658139 -0.228943841923871 -0.324013114856879
-0.130295826914851 -0.111703656803402 0.0337191824512439 -0.410986235999777
0.0955169416745735 -0.155179479432842 0.23471207910046 -0.0598451434516272
0.219286416715402 -0.139243420095421 -0.244611195779125 0.0154542854739409
-0.0458172105147035 -0.25508832846696 -0.331358337352759 0.406593855673397
-0.227553840330354 -0.0381310742972766 -0.000625912858433553 0.463858416722844
-0.0675091258455967 0.129903210283105 0.190083019586426 0.281679463206155
0.0332453336939625 0.076787929027645 0.182692741281493 0.066211359874959
0.0403761249437077 0.0318758474244515 0.107279187061905 -0.00924819237234618
0.0231034115541452 -0.0033144649671122 0.0523258812834641 -0.0377267974226811
0.00172900483336366 -0.0180709461557616 -0.00811963751801452 -0.00470063050372927
0.0258124445115033 -0.0274372730317199 -0.0589111266392139 0.0432920268709529
0.104659070753846 -0.0113375789802989 -0.119470641990073 0.0802716698864718
0.137720449706466 0.0771357176874875 -0.185992531852552 0.0766447973673222
0.0314031454529163 0.212949767911903 -0.300547160885907 -0.0538193015112874
-0.241598104392926 0.0875236136843951 -0.282292380134734 -0.286707257637666
-0.100508753445783 -0.218147224272542 -0.0117949646619623 -0.451615661373176
0.186182726248538 -0.176235681723543 0.201649225606986 -0.068132921010546
0.168121169861902 -0.137062701689864 -0.246636241368516 0.0184178754459836
-0.0890705385857803 -0.175622090954256 -0.296545448035652 0.330171856884708
-0.163945813674221 0.0403213236220623 -0.0402815241674526 0.445955190927269
0.0133876847184115 0.0989894561548321 0.202212286307323 0.317613949100215
0.044573112664296 0.0266479457585711 0.215911766883388 0.0661794126648962
0.0214139820883871 0.00410088831245173 0.119288713692918 -0.0243786321980465
0.00739869508127702 -0.0168370216453982 0.0587335845371683 -0.0396306075120206
0.00653279861651665 -0.020952611760729 0.0041604834659689 -0.00472995515772044
0.0502823609288129 -0.0237593224522808 -0.0399689084994064 0.0279729718981941
0.127043991596253 0.0204861561039379 -0.0770802216271635 0.0656255504698229
0.104745730924903 0.134261243301689 -0.13060560131962 0.0984647165375855
-0.0776057767164335 0.208283912467236 -0.303476097169396 0.00465988264248686
-0.271905497289682 -0.041658274469219 -0.351535477927792 -0.306306943547849
-0.00570999517972469 -0.282481108735404 -0.0222115253920093 -0.527124942604141
0.249787885697408 -0.147235637583171 0.163215036448315 -0.0831492942513418
0.116170145892947 -0.109793541165212 -0.243929203551206 0.0142133483873183
-0.0785373873101484 -0.100854738255014 -0.280301666052994 0.289107836591105
-0.0845765785126164 0.0623573296753443 -0.0299682811468934 0.463850208672067
0.0509963232868711 0.0510091345707435 0.265137872403592 0.315687264892291
0.0329397074082383 -0.00820981492643788 0.247691272333605 0.0174765859769768
0.00332954729391924 -0.0158221330631148 0.117023675172476 -0.0596893158264378
-0.000699887525519229 -0.0281261959810396 0.0587685921478619 -0.0477221476312152
0.0109276639006014 -0.0206380982817575 0.0147456958170148 -0.00525174798481464
0.0572338169331644 -0.0134759825993051 -0.0168399685098138 0.0222083622319288
0.105633311603061 0.0471580775673457 -0.034306051401882 0.074791561176831
0.0357783560596401 0.140754015260282 -0.107755185521869 0.145035202367075
-0.143709766881215 0.116330827807371 -0.357206408254989 0.0212640743373786
-0.183660627021602 -0.151101070111294 -0.380909896533622 -0.405080014275622
0.102861956402142 -0.245789133082338 0.0379870468305429 -0.612624151636416
0.242050625752084 -0.0785171719593142 0.134326971097132 -0.100927109862509
0.0785781668279443 -0.0675303457281719 -0.245221331139812 0.00784854650847772
-0.0346740812514342 -0.0600562489565868 -0.266180470386983 0.286372336776333
-0.0304237210231248 0.0311681267265607 0.0187355990528782 0.480032779219179
0.0369271324992345 0.0117929884331807 0.337408047694904 0.275738418986042
0.0112784149496401 -0.0176646310388916 0.26731872895469 -0.0481434338337621
-0.00366057597682761 -0.0230178704050553 0.110591954040021 -0.0990935512131069
0.00288286807286624 -0.0318955577249146 0.0565168962103323 -0.0587568616796313
0.0124159853855096 -0.0182420470406718 0.0178660693105091 -0.00933509403084374
0.0439674329793333 -0.00600810107661634 0.0014822183941159 0.0235272555615555
0.05568089256257 0.043000024211746 -0.0103664354028654 0.0943735786078605
-0.0164334501982393 0.083776679654829 -0.126056397958474 0.171453688677479
-0.106905696554702 0.00449371594947921 -0.410310549029817 -0.0350586864749525
-0.036285926247092 -0.146603673721749 -0.325659881898427 -0.533488469661555
0.138054846387211 -0.116716665147316 0.155421020915601 -0.661862272568437
0.149747102520245 -0.00267674148181419 0.122777492727989 -0.115381630420022
-0.0117311156509621 -0.0157527966174258 -0.105823869311861 -0.04547100921612
-0.0206140190348281 -0.0368156651924556 -0.387539564800547 0.545168023706143
-0.0609568964403455 -0.00276161209296695 0.241392662857039 0.658264494910304
-0.0209801966588773 0.047470352819479 0.499359398576851 0.17603898167507
0.0107036813799626 0.0266095188706717 0.211998451509588 -0.174710724007567
0.00194592231226281 -0.00208204497119994 0.028057572815221 -0.116352189393
-0.011939224652028 0.00114139051781106 0.0115511926938951 -0.0572682222308646
-0.0130252693711115 0.0167800261034937 -0.0216582978861019 -0.0234204763709686
-0.0033265591887623 0.0250426125359336 -0.0461879516442783 0.0428146854325326
0.00485208649223005 0.0260340393964873 -0.110297157623881 0.111114645320068
-0.00514876201085372 0.023866872836058 -0.238116627928579 0.0714892123803227
-0.00968120536001517 0.00468424264267747 -0.334818341047489 -0.193194633382325
0.0145023084750265 0.0109578199310225 -0.0964628497762849 -0.432351586510641
-0.00262905979660248 0.0406122701019597 0.177940640354154 -0.347091670866358
-0.0618408356647601 0.024000742644027 0.226542356919279 -0.0406868022094532
0.117756522535136 -0.0260614194564851 -0.127727027146623 -0.0170425530056092
0.0587073359432712 -0.132783946814237 -0.472708482849294 0.519344107883192
-0.108425891164431 -0.0923130032033716 0.116983787714881 0.69646392187849
-0.10403143439846 0.0616238445972391 0.437754405236957 0.233497540705579
-0.00872387141172298 0.081257840901007 0.215287285285979 -0.11554738615208
0.0251360964113687 0.0317922592256982 0.0471199793396002 -0.099948206840767
0.0135407224501447 0.00803626928260602 0.0131248555059927 -0.0612829798932117
-0.00846991025019208 0.011733606951703 -0.0248670495620098 -0.0222828666736675
-0.0140096662098969 0.0138259777739739 -0.0535007528521586 0.0495368031453759
0.00173629474904561 0.0110329780785355 -0.118458902458751 0.122265810436344
0.0203084536823677 0.00830251981895069 -0.246238400774082 0.100877971559812
0.0407162817240486 0.0264478276796975 -0.361582601348469 -0.150306826924302
-0.00203398489684987 0.0665202228505392 -0.155458605896207 -0.40491900653492
-0.0431342879227689 0.0225306249603324 0.127009845591187 -0.370220291295288
-0.0292464169615838 -0.0212146425258022 0.231880035023071 -0.0570890250730738
0.208907748579934 -0.0474019028563483 -0.176696566569357 -0.00874431061037853
0.0871130214008522 -0.214799862970823 -0.467303573656946 0.515848977935409
-0.160470390755845 -0.136654867074105 0.0799671353528212 0.651475972742845
-0.148739411190808 0.0796828286390526 0.355543480116441 0.253494441095315
-0.0165567274661412 0.109554872944851 0.207724788675021 -0.0495190493058161
0.035974689602701 0.0532337867366607 0.0724722316368712 -0.0673547050701215
0.027098797661122 0.0138900468283487 0.0283875428492464 -0.0585719950108032
-0.00432392255795126 0.00552573685934141 -0.0246140084397066 -0.0173325501529945
-0.0145404350930671 0.00113901026008101 -0.062515281192459 0.0556082296334826
0.0165565490496523 -0.00605001347609395 -0.131222089934056 0.124780225299588
0.0574917914702971 0.000848418662599481 -0.249346567828713 0.107873121067785
0.0797699761955777 0.0663840737817389 -0.366117278018295 -0.118710600698612
-0.0457300674296333 0.113073038118008 -0.20282542284079 -0.366756226081641
-0.0797463044172008 -0.021986069582607 0.0739971305656741 -0.394613975606122
0.0274297863213399 -0.072868547649152 0.229024535234769 -0.0697313363861862
0.237304573869234 -0.0779481211733499 -0.222006909676001 0.00857275425803763
0.00910887076217325 -0.280500282301214 -0.368950662109264 0.493873423359002
-0.229409297140141 -0.106488139039552 0.0644472135930546 0.530582279308275
-0.130830148653723 0.127838478452935 0.255992145658275 0.232440646200728
0.0109782332727015 0.114490250531743 0.172266681354112 0.00878484194878012
0.0505084597611611 0.0500080465020584 0.0843732421958921 -0.0286240792621463
0.0328461308403993 0.00500457238142994 0.0345326826550883 -0.0432525102696087
-0.00277898771758498 -0.00857333746805111 -0.0209863642178957 -0.00446870522986023
-0.00422994673687039 -0.0185316863580838 -0.063092388152286 0.0608613541853711
0.0569452607798984 -0.0265870722739965 -0.129368876089685 0.115220415614941
0.115235154139468 0.0124647557391409 -0.227931364272421 0.102403215805966
0.106368787129494 0.13972925158109 -0.343692407131768 -0.0830561697663207
-0.132782918310011 0.158693776402645 -0.246921809598987 -0.316649628719085
-0.138181228532271 -0.104150065196926 0.0142442794463621 -0.416350930613936
0.0853953462916034 -0.160881554272935 0.233853513511733 -0.0760174268870841
0.212846204302629 -0.150996030328687 -0.248035190550699 0.0256678671506261
-0.0616665258231867 -0.250903447669123 -0.315206662106834 0.425144826186279
-0.229945205444356 -0.025320950557544 0.0199765276061092 0.468985805309099
-0.0600230306687784 0.133278187357458 0.20685459088065 0.274874733205896
0.0387512675789935 0.075173959516863 0.187622613359018 0.0555996541238658
0.042058006498832 0.0283225812515004 0.108523266588943 -0.0162519075835306
0.0200320549777021 -0.0043519513318917 0.0476118505515257 -0.0398873915454225
-0.000207364928189692 -0.0156888610138465 -0.00984327232123536 -0.0035087749172003
0.0235999467403848 -0.0274387345591481 -0.0572203355228638 0.0466853592452369
0.1043879139274 -0.0186959893470172 -0.114699919998008 0.0873451167920995
0.143505905389134 0.068307430470274 -0.182277631648989 0.088041789108742
0.0442366630852254 0.211370401093978 -0.307812576790279 -0.037788973951284
-0.235455605116768 0.10318497237171 -0.298880312181074 -0.277770401358454
-0.114633853617918 -0.212434372098362 -0.0342006928024134 -0.456312326098242
0.174919420914084 -0.187957258539581 0.200766916511134 -0.0826366804970499
0.160685470098509 -0.145094279322296 -0.25081161793803 0.0327200236075568
-0.100165845487539 -0.169390159224285 -0.284097886651925 0.348168791260306
-0.163073778495654 0.0514903831368009 -0.0197047207148825 0.454879198860673
0.0193403881840894 0.0984074022109256 0.221773856828477 0.311261818418537
0.0475115235794877 0.0243039427242222 0.220890807366605 0.0526440036296403
0.0212829162000728 0.00269118983382665 0.118052126341834 -0.0306729464662349
0.00486161022803684 -0.0174740069990372 0.0539271011997285 -0.0438089892707903
0.00535760046068052 -0.0204257410983401 0.00247844862736293 -0.00454206679159451
0.0478940630004953 -0.0254424991804408 -0.0404210080495031 0.0323472609276416
0.128201051316333 0.0108525833595536 -0.0747785770451115 0.0701391294843034
0.113999860936503 0.127439681801202 -0.124333153534818 0.106700976932099
-0.0646107504227145 0.214426703848498 -0.304823792706608 0.019819503145414
-0.274279132517742 -0.0253015340472108 -0.368715723570434 -0.291851669188621
-0.0229413822933519 -0.282410403004183 -0.0486795447722298 -0.529879891346658
0.238625934556936 -0.162575294319935 0.161395454820871 -0.0950648930782911
0.110356366584429 -0.116168619374542 -0.247789135528304 0.0283574152156818
-0.0864271004579011 -0.0943884625681863 -0.270275207425285 0.305180718963128
-0.0820799400927864 0.0694158676622358 -0.00691772826184186 0.470867354393038
0.0539943000943355 0.0466272110650331 0.287673958391429 0.304681036454138
0.0342460134167522 -0.0102808785490532 0.249035252160138 0.00172701042145566
0.00220050726837016 -0.0170259806677191 0.112747694184984 -0.0665823451853381
-0.00405471039256932 -0.0289756016801568 0.0554998152286873 -0.0516361395702549
0.0101665474028088 -0.0211385098399407 0.013010353150512 -0.00599835291260307
0.0559574310183321 -0.0172203379413292 -0.017008624852933 0.0244053415580719
0.1092861476682 0.0389301717457312 -0.0301649775893662 0.0754656903365507
0.0451400819529897 0.138126605189361 -0.0982153641427698 0.14972983467595
-0.13483266160849 0.12592984784237 -0.355541022855391 0.0398399312203436
-0.193137215710267 -0.139677379745094 -0.403223429868436 -0.388332384183232
0.0882589262390936 -0.252143657513966 0.00781177134890925 -0.621071159483534
0.236388618338771 -0.0933681934173259 0.13058545864673 -0.110867853920722
0.0746211205131448 -0.0705069696978811 -0.250275368912319 0.0241269667708561
-0.0392261574958797 -0.0561363366150771 -0.256486410347639 0.30179065320463
-0.0296209466220562 0.0349473927641165 0.0460927362994383 0.485162458342597
0.03823017680667 0.00867625924399891 0.357539980474912 0.25972345097745
0.0126548225499204 -0.0178595911479442 0.265726808950334 -0.0648497506900966
-0.00464129871102848 -0.0235284021648935 0.104300035394277 -0.105788219105003
0.000315905566018338 -0.0326402229731421 0.0517977227994249 -0.0635649621988815
0.0130671693624458 -0.0182400741862948 0.0178708825443741 -0.00902378422211394
0.0430518910377077 -0.00843170753056706 0.000647057510362145 0.0236234984952016
0.0592101936507764 0.037880446967977 -0.00479943253061364 0.094408772931399
-0.00991376333493598 0.085143390280509 -0.114453690205135 0.176770462530244
-0.105741839865781 0.0118213151029659 -0.411387392294173 -0.0142960134376492
-0.045415624036106 -0.144113063072356 -0.355392435102619 -0.520886731009508
0.132016479783359 -0.124764759507647 0.12295795668924 -0.673565692051656
0.147092818589627 -0.0112305426618862 0.119340545998766 -0.126699242974876
-0.00942181005160227 -0.0129933293854462 -0.110054947590211 -0.0378016746811119
-0.02012534813751 -0.034663592295434 -0.357863379136412 0.54784492733892
-0.0575172251587338 0.000465574444609781 0.265842787400768 0.632387226705436
-0.0205354435606791 0.041780286734102 0.492876015065229 0.144533787643124
0.0125668235279833 0.0258924888063025 0.199583336549245 -0.179472549248594
0.000307820758493358 -0.00157387762169626 0.0245643314506317 -0.119145878479839
-0.0137504819237941 -0.000899359440469668 0.00659257933129868 -0.0578213655397175
-0.0102640988509192 0.0185511163344274 -0.0262097427680074 -0.0233408050679845
-0.00111941185257262 0.0233067327820476 -0.0407040947192603 0.0438330795569643
0.00433057285664609 0.0252994209947284 -0.0991943905668286 0.110060094274609
-0.00181898611006207 0.0251947627859347 -0.226910727473828 0.0829329833053226
-0.0082195897918335 0.00803898508062871 -0.337497453865978 -0.173993688242486
0.0142077900928729 0.00771066945310287 -0.116566782525757 -0.421817998351098
-0.000970444836543837 0.0385826687916833 0.16171169516106 -0.349321555975457
-0.0615137170887878 0.0268704209934406 0.221558770082421 -0.0539471024360795
0.112388945168615 -0.0299365246536847 -0.129526056386993 -0.0124647095354826
0.050672157914578 -0.130991871719393 -0.438436401467394 0.525406640750757
-0.10931847548063 -0.083747010698902 0.143136565330897 0.669949396078669
-0.0975167520338481 0.0636709429237644 0.432547768803928 0.210084267694152
-0.00452811745269172 0.0786434370135044 0.201065750857966 -0.121168585319192
0.0243473696856326 0.0294548610044774 0.0419946867908551 -0.0994227778145309
0.0118953392332921 0.0071676195132611 0.00986153095396389 -0.0600534180633066
-0.00819914193455329 0.0134371436472594 -0.0264679638877449 -0.0201499679915817
-0.0139161318427175 0.0159524064706475 -0.0491615011313201 0.050327550429854
0.00266633978135046 0.011115575248532 -0.107682053687541 0.12448546024588
0.0206213905200278 0.00700325241476187 -0.23269047218129 0.11161619176659
0.040212610539076 0.0235000259872378 -0.360860526884006 -0.12926936997412
0.00137760191898891 0.0632526003692439 -0.170635061269517 -0.389218257068142
-0.0408314141229143 0.0239196875604116 0.109574765711609 -0.368181489222682
-0.0299424200680718 -0.0187293576027678 0.226515220051918 -0.0749348640245626
0.199502273826616 -0.0541947826884378 -0.17607328465665 -0.00126913452806573
0.0741733018106453 -0.210876373581055 -0.433362808386772 0.521483946703206
-0.162288557090858 -0.124035864696778 0.105946295452146 0.628441035021521
-0.138729557975028 0.0840760374636609 0.354913582048009 0.231706228224096
-0.0113384386580409 0.106700608889656 0.198301423493972 -0.0564879297788034
0.036411014874248 0.0485687075962673 0.06694422447269 -0.0673037146900344
0.0245383570406475 0.0128664027332972 0.0248812057051605 -0.0588941559504233
-0.00474373144053839 0.00698185484627253 -0.0249648509471421 -0.0163429316083091
-0.0143873725193705 0.00371424541997733 -0.0578571750106475 0.0575702224286654
0.0158402089201546 -0.00694071624708634 -0.120105235281367 0.12814685849611
0.0565281227145754 -0.00103094430772276 -0.235560175762323 0.117094679221634
0.0795451162803173 0.059923857775142 -0.36289869414229 -0.098753165246435
-0.038337765364292 0.111914035297327 -0.215243884669047 -0.350282952072235
-0.0792686938737816 -0.0166681284836577 0.0549902683544273 -0.3885267390785
0.0222864303957046 -0.0723388797878936 0.221207362534422 -0.0818742021115399
0.224695774919747 -0.0852277999091633 -0.217596873509307 0.0173434638523925
-0.00440307903759716 -0.270420092056028 -0.339053256866266 0.496619199599907
-0.228877489289306 -0.0914981819210067 0.0835190561245363 0.51438230392395
-0.120404064179969 0.12950848124564 0.257941476791513 0.217230653249274
0.0174526945334231 0.110576154067468 0.165226825976892 0.00198815890590321
0.0516425423493664 0.0442917472933687 0.0805387384315698 -0.031812091324472
0.0296447702721742 0.00310847750537255 0.0307818829251159 -0.0448777276149751
-0.00351969752431909 -0.00674937454659666 -0.0220523238632424 -0.00277399104199596
-0.00540935169971786 -0.0164022162097114 -0.0575898273128417 0.0624398719205493
0.0531911779398934 -0.0298409178231946 -0.120177039817759 0.11871342718869
0.113276647661254 0.00621933038131015 -0.215654956676494 0.110366723251791
0.109099057140209 0.130127567908863 -0.339011311454256 -0.0644914591586575
-0.120531313378232 0.162125345425535 -0.255808825633083 -0.300040258344891
-0.139335244391226 -0.0932694896511715 -0.0032702584413024 -0.406146799338976
0.0739590965218815 -0.159290017347232 0.224422491175644 -0.0867023554386829
0.199577577220621 -0.155248332981555 -0.24372500161322 0.0362372174166278
-0.0728115195289532 -0.239218810288062 -0.289020065515875 0.42711266467823
-0.223437469378989 -0.0130989216314306 0.0400291571147854 0.457182964793667
-0.0510430736019944 0.131575657293395 0.212985433158785 0.261400686316936
0.0421103147102942 0.0705049825375106 0.184964466090096 0.0452636762573275
0.0410420363894443 0.0249510900947518 0.104147216601839 -0.0202991682988211
0.0181145799020206 -0.00501695120731394 0.0423010574900208 -0.0407811589421781
-0.000338062897456788 -0.0140116384389612 -0.0104161439557695 -0.00318797518264022
0.0206622731876585 -0.0268569526642674 -0.0537973989327624 0.0491013490415921
0.100129642339242 -0.0240756888795259 -0.106153469777591 0.0912316901800837
0.142397469850739 0.0585517433342957 -0.170540244388102 0.0940088832843146
0.0540945259979634 0.201467780188862 -0.301185954833098 -0.0238872251806071
-0.224007712645751 0.113120191594126 -0.30345066102236 -0.258811426714453
-0.121930139269608 -0.198713082099987 -0.0536894403495284 -0.440681841218344
0.15738417097719 -0.189430459585899 0.191486716215339 -0.0901038087950469
0.149456988064233 -0.147438849648152 -0.244996215988073 0.042445523655608
-0.106202517106582 -0.157343104128556 -0.264712225134068 0.350389765792693
-0.154361800828962 0.0587794119191226 -0.000513293435168832 0.446629803150739
0.0229436917713057 0.0938032690424634 0.232055694554514 0.294661683902884
0.0484802312305041 0.0198672973462812 0.215897306381661 0.0390623577202774
0.0208311696798119 0.000549042884970908 0.112212172664972 -0.0356106270133555
0.00152519244817643 -0.0167549215915151 0.0494771274825589 -0.0446164751676243
0.00272462276798373 -0.0183836668858489 0.00253484563535705 -0.0040307507841989
0.0434100420969419 -0.0274539818033051 -0.039405461965191 0.0345380134423108
0.124389161693067 0.00219387671732892 -0.0689541887968054 0.0712294114067562
0.119497334808533 0.116088611503532 -0.115554563734674 0.106681805577062
-0.0497463727582278 0.209024556753067 -0.295551131250298 0.0321771351835506
-0.266723964224619 -0.0105799135320552 -0.370660960819845 -0.269051173751361
-0.0374068705694929 -0.272022559293978 -0.0718409363364524 -0.513021479244564
0.219828778624602 -0.168098249806613 0.152315090943987 -0.101821202153465
0.102691052296907 -0.116183136298116 -0.242277163013736 0.0398779313292665
-0.0885152248428011 -0.0860399930629682 -0.253764074296876 0.309824050543129
-0.0756386425501353 0.0720878359033555 0.0131894595907381 0.461651079879425
0.0538330712265748 0.0419457091416683 0.29489198073144 0.284399138292337
0.0341957669750775 -0.0121201140859092 0.241939046865273 -0.0103185432538633
0.00200928455441281 -0.0166198884870389 0.104653813166907 -0.0710451602993606
-0.00678265669611777 -0.028121772126227 0.0482784763879765 -0.0533250460833532
0.00849134036698718 -0.0195643213318968 0.0120933431384157 -0.00705672370968915
0.0521322659821627 -0.0188178875851347 -0.0167979394758616 0.025834962763546
0.107636564685207 0.029604716470573 -0.02606629058033 0.0742073567351737
0.0531383374136739 0.130829179050392 -0.0870487382397855 0.147082479317927
-0.122736898175701 0.129722455993723 -0.342405119008681 0.0534710563459805
-0.193517825277777 -0.124706937471485 -0.40855912425987 -0.36324277690573
0.0727199348374902 -0.246600102551026 -0.0191797618509239 -0.602695309097562
0.221628260783584 -0.101280238436962 0.122621288180566 -0.11630262384655
0.0699267700081935 -0.0717118286406499 -0.244862549339052 0.0365782645044046
-0.0402584950355917 -0.0515338194813881 -0.23913684166259 0.307469275784689
-0.0266472890478726 0.0352652135388136 0.0656291522473752 0.472453444719606
0.0373304713376298 0.00733350052320978 0.362358792588883 0.235625413606769
0.0128072931753592 -0.0173829417338056 0.253686579301029 -0.0753413343307694
-0.00561967541881858 -0.0234514187286199 0.0942929159670381 -0.108045957420462
-0.0028067317203349 -0.0320497045636258 0.0458722568994235 -0.0650679276101309
0.0122131586501948 -0.018746690547995 0.0163002825262391 -0.00889597952346026
0.0400929943922308 -0.0121517156745122 0.000501782091644805 0.0238777942257285
0.0596597322940889 0.0325202007038583 -0.00164517496405248 0.0896134372077506
-0.00323915288812584 0.0830642177914478 -0.100341359506888 0.173913259113464
-0.099602105834535 0.0185506119347 -0.39855649791974 0.0038322130332356
-0.0501999246454578 -0.136897850989724 -0.366454030353424 -0.490797861463609
0.120861319093941 -0.126660679306389 0.0915076016777822 -0.659162666950621
0.139492827963481 -0.0175040690731204 0.111807319384883 -0.13120461280053
-0.00927615448333129 -0.0136425083915253 -0.0993516265193205 -0.0490250413202227
-0.0147961060493911 -0.0325076707421912 -0.401771450384386 0.472170545355232
-0.0550431951264751 -0.00779506721094579 0.166482170270466 0.6163800804695
-0.0231240860293297 0.0386223005235636 0.435762866753355 0.196293774455288
0.00628921321746684 0.0265790132957622 0.202562482109217 -0.14562465584912
0.000506775058901406 -0.00133099981535847 0.0387323064342547 -0.106291980131173
-0.0141057719152299 0.000622796715036171 0.012036271334771 -0.0561077923010207
-0.0135718257057654 0.0183750573169139 -0.0199294783883243 -0.023567496350873
-0.0055353648787898 0.0230987100118029 -0.04492998034485 0.0337525790074925
0.00547339740832848 0.0229094812156881 -0.106492830426699 0.0931668923577792
-0.00228269583320036 0.024256760636742 -0.224877055161758 0.0489348092414127
-0.00585553974364827 0.00755782805311746 -0.308523390335095 -0.209781785709552
0.00662167167664631 0.0138689497545539 -0.060336633810106 -0.427253047082758
-0.0039119339057242 0.0393340145132687 0.199170114617212 -0.326005742226844
-0.0621778067661868 0.0191728729388442 0.230216826381407 -0.031053474021131
0.107538931934426 -0.013833675322699 -0.118942030136314 -0.0211876891004672
0.0632932859831854 -0.114695381036852 -0.470238654458345 0.442241483134724
-0.0911928738051663 -0.0944945886098475 0.053482491573625 0.635132899694119
-0.100663062772575 0.0469550862494542 0.371628998087262 0.241816201873081
-0.0158237499400846 0.0738317959764514 0.196876902538687 -0.0898608729085165
0.0183685717341184 0.0310544583233728 0.0508171290816067 -0.0864652646137059
0.00835288079877509 0.00834228485324682 0.0173637210011607 -0.0567879645926453
-0.0105724483926648 0.0133109672966604 -0.0223373942925399 -0.0227106179183137
-0.0143724853935891 0.0147877790766031 -0.052801996215674 0.0425423451750299
0.00140411547844203 0.0119007807474384 -0.116043904185868 0.107289624020804
0.020792205502819 0.0109394927996359 -0.23817339536301 0.0774309553274134
0.0379448300458152 0.0297063789884261 -0.337040972209876 -0.170234427653383
-0.0102612926405275 0.0664449734867509 -0.117017282370374 -0.404444336756372
-0.0443181308843712 0.019149468831565 0.153139512076877 -0.348823453847485
-0.027317697688798 -0.0214481500272467 0.236826553149771 -0.0504476650562841
0.192232935540585 -0.0263490722065241 -0.159588189166765 -0.0109361419493056
0.0966350880909166 -0.186207798788019 -0.460684450699947 0.438383869973198
-0.13581563142287 -0.137256660185359 0.0250394595254017 0.590091341285908
-0.143314335576135 0.059682962216401 0.295809291598702 0.250702846960825
-0.0250585011246228 0.0981775174803167 0.185473154730951 -0.0320193360001756
0.0260875958831221 0.0509097119255784 0.0702455543609256 -0.0538703717443451
0.020331001770304 0.0148772191045159 0.0295284570001095 -0.052655333669261
-0.00679058820993093 0.00827599936463322 -0.0224564636995788 -0.0182165320113307
-0.0141661139032039 0.00366295640175711 -0.0618961102730718 0.0484903459324968
0.016073302279171 -0.00454026409962464 -0.130264241187218 0.108759981282224
0.0561800470739535 0.0060151754700737 -0.243434859783946 0.0833617283932267
0.0723223241480331 0.0708556105125368 -0.344122361481199 -0.141025145032406
-0.0524815343130474 0.109268241126798 -0.162544718359829 -0.371849938129323
-0.0772420073021473 -0.0232191744503404 0.105917513792087 -0.371031031537885
0.0278502052028779 -0.0661496079642526 0.230243257794096 -0.0524074837477664
0.219859475954982 -0.0506490331399294 -0.197010166033635 0.00102758157984968
0.0319122777352839 -0.250734170623732 -0.367078674300777 0.419619499106424
-0.20040279134904 -0.114922861557782 0.0137538266087698 0.477320167541382
-0.133220770574558 0.103697461591364 0.207287582387286 0.229480114254919
0.00056364232428513 0.105344043351783 0.148865767328064 0.0213517095485492
0.0401262041951722 0.0483369564938392 0.0785323251262826 -0.0177965105294477
0.0254196639894004 0.00734287991158061 0.0336926169021541 -0.0384798484878007
-0.0036883140547479 -0.00422464900935867 -0.0209393777795987 -0.00545686082677452
-0.00337939103515425 -0.0138246492805494 -0.0639389662204529 0.0530682770273335
0.0538031231943746 -0.0214256893057185 -0.130196601196535 0.0989499287838586
0.109249872616756 0.0206511104210003 -0.224781887917634 0.0783097268642474
0.0927900347222947 0.140087492805394 -0.327717889756877 -0.10947035767111
-0.134554702756921 0.147757317532366 -0.203755033920821 -0.330841196304202
-0.125174302921407 -0.101854092621824 0.0545173472929945 -0.391713122716083
0.0862119477965246 -0.1452242477255 0.233413866386948 -0.0518370075057106
0.206110337531906 -0.118598904996642 -0.219594427614899 0.0141387547998753
-0.0353888779896082 -0.230580410182058 -0.316502032011987 0.35946325374153
-0.208173723022494 -0.0409632432473416 -0.0261898293289319 0.421256106622729
-0.0686706218980883 0.115818449116665 0.161017157009556 0.267076819184837
0.0295243958442126 0.0724455475881686 0.16240824056712 0.0650361320989044
0.0342349324348842 0.0295726213649795 0.100755661593997 -0.00595225937665927
0.0164354824757969 -0.00229515251276987 0.0435702091886874 -0.0338491466292723
0.000217885293694007 -0.0114674576262281 -0.00985194590655167 -0.00416560123212213
0.0220292311034646 -0.0206315240481565 -0.0601408984148492 0.0413544153238475
0.0983333427928749 -0.0114092416161433 -0.116455168661837 0.0745708619406454
0.130747840944574 0.0728816487335124 -0.179887367185316 0.06508546173487
0.0311965368525792 0.202336338260936 -0.290850426848967 -0.0670640470958233
-0.227457641749564 0.0899668946456443 -0.251721565287509 -0.293192764408981
-0.096806865886027 -0.202010818458859 0.0104476553812641 -0.426057463280585
0.171183770482374 -0.164573418356623 0.198502432656416 -0.0557682559159327
0.158554605744669 -0.118105198553676 -0.223316707924247 0.0182865780074285
-0.0772634575631067 -0.159274527680443 -0.289864052708355 0.289805061764236
-0.151919345840657 0.0334698858483815 -0.062474859517408 0.414199853634374
0.0057675197868536 0.0913377069916253 0.177906732378317 0.303685358432604
0.0433762217561706 0.0266430892551113 0.19661452169325 0.0651102573292718
0.0179657497281648 0.00329733456830502 0.109870340958427 -0.0206320431400718
0.00232085188595221 -0.0159167332993097 0.0504948457935508 -0.0373949208240209
0.00509000668934454 -0.0158527345069577 0.00143898874517337 -0.00367526128235269
0.0439863949312043 -0.0191306375056961 -0.0440276123101502 0.0291146630313494
0.117979786429459 0.0164520587202902 -0.0789551988682634 0.0576669821903573
0.100134461703998 0.125251275846155 -0.126262233520225 0.082953724214137
-0.0689273187835454 0.197312352853503 -0.288364989962555 -0.0141279321795339
-0.253566547981673 -0.0323506130544445 -0.316837573164154 -0.307597404612317
-0.00700280628646572 -0.260224380755666 -0.00176609074843501 -0.493252555626784
0.228946706235763 -0.136647667082992 0.158802758660515 -0.0696685700124633
0.110868936483107 -0.0951527023974948 -0.223683728564139 0.0143848254368124
-0.0715117387838985 -0.0912248490042053 -0.277782275171522 0.256216650094203
-0.0810085037868564 0.0563645880553833 -0.048720097123228 0.435275710593224
0.0422387476426836 0.0479324016532477 0.240936149674015 0.300696519075979
0.0353027660387747 -0.0053597345367251 0.225951693072536 0.0192772452152139
0.00330071334212153 -0.0152291606688143 0.1068490471249 -0.0539520602615642
-0.00434460818420429 -0.0269863631411066 0.050787544756857 -0.0464532705973618
0.0107407335208911 -0.0168348019176652 0.0110982443213295 -0.0047773344248739
0.0517152649292993 -0.0118948985819931 -0.0227472901637488 0.0223460193676214
0.0990209574039315 0.0403799166921061 -0.0369309077995034 0.0646999918232304
0.0362841713986774 0.130873973764685 -0.100576220676079 0.124066316401777
-0.128001688808961 0.111072308568119 -0.333671119309309 0.00326282485715503
-0.170124454503596 -0.131646080774518 -0.343909100286258 -0.397781670741165
0.0942924812291094 -0.224133949015959 0.0537807095335753 -0.574138960769198
0.221124215320426 -0.0711215352924717 0.129631550293856 -0.0911896607872649
0.07482568678823 -0.0579925258953183 -0.229718773227683 0.0111069586808162
-0.0326086950433447 -0.0514027763633502 -0.263060831283881 0.260173294057278
-0.0306999512111051 0.0302776094969985 0.00485063137383663 0.453619515958096
0.0328764537682876 0.0130413649133882 0.311043257056242 0.263232904049983
0.0173042493129355 -0.0130298869841167 0.243220512157386 -0.0421168358366147
-0.001743285500979 -0.0219723765058472 0.0998424523453908 -0.0919524504204778
0.000708375936399537 -0.0312616180551948 0.0495586528820557 -0.0565211053156181
0.0140956133800389 -0.0169911551811611 0.0159124605194161 -0.00668940114583128
0.0397467736975337 -0.00602601138325279 -0.00452926770859545 0.0241711401813056
0.0534011596481159 0.0369849893997126 -0.0131885991889746 0.0830649635754913
-0.0109341971578176 0.077373754346821 -0.115398812625008 0.149590531305585
-0.0931090212561692 0.00865107186641289 -0.380110399624812 -0.0472585106537761
-0.0340838770171489 -0.126478881662122 -0.29122037985016 -0.516785075385592
0.126505603197311 -0.103585468236094 0.166445613880093 -0.620612871408425
0.132736953386565 0.000767552952334102 0.123212251193136 -0.111216361307252
-0.00646071862456695 -0.0150472765910305 -0.103749600225831 -0.0520116524973861
-0.0132689123297463 -0.0350387676877062 -0.411588763648664 0.453492729102835
-0.0564240820182668 -0.00930160270431753 0.144138408238998 0.607224737138101
-0.0248000185049367 0.0380976583981996 0.419828563354051 0.203914556996357
0.00609099107510629 0.0250972913756202 0.204485157231725 -0.13381604295764
-0.00182663449801108 -0.00075166602397385 0.0391174564143244 -0.100126498676895
-0.01409099365052 0.00322805423136876 0.0124825356438553 -0.0543161898674213
-0.0163022433029064 0.018727998881517 -0.0196903856238741 -0.0267371530262463
-0.00587388537641433 0.0210932847168423 -0.0422994123012684 0.028102256407875
0.00141806819006102 0.0233433584385476 -0.101714869465191 0.0901597201620854
-0.00565681241262235 0.024884720998505 -0.219244173235729 0.0454586659164367
-0.0084806886695457 0.00934336814353962 -0.299800283509166 -0.212618963410739
0.0101723328246415 0.0116815988258406 -0.0518497656305008 -0.423021139015943
-0.00716896831258809 0.0357584147183958 0.208120908450829 -0.316479469955555
-0.0632860533943199 0.0185786926076631 0.22767938760266 -0.0298627611748443
0.105516224443407 -0.0101760682322198 -0.119754135069244 -0.0254329906077462
0.0652019700354187 -0.110051094769299 -0.474116131231327 0.422370701101354
-0.0882545541585689 -0.0938113553975185 0.037164119019497 0.624329490379744
-0.0994683719557975 0.0437102814918271 0.357947619129512 0.246625942168103
-0.0163965606493443 0.0716176217214363 0.190908612136567 -0.0825809227477536
0.0157179195499217 0.0304668248608983 0.0533846869353701 -0.0829458750082544
0.00638516007761201 0.00960295207675513 0.0182775846225877 -0.0572926857008358
-0.011430743026886 0.0149983141007022 -0.0219750980315804 -0.0229410708528573
-0.0156879259798002 0.0156365939809294 -0.0519817768422396 0.0392998624625219
0.000830409624699394 0.0112688567347711 -0.114573754516939 0.102257155860266
0.0197148579859473 0.0113295111956703 -0.234853639224071 0.0709655752833301
0.0357746012786618 0.030773655273798 -0.329643313687438 -0.175851254252744
-0.0125776990099402 0.0651012697689101 -0.107011194238202 -0.403986000637156
-0.0444871385662525 0.0179634271914947 0.160709885287139 -0.339409308300591
-0.0268031053304794 -0.0210168580011268 0.236102030971657 -0.0461269770627968
0.188612617503838 -0.021221594231022 -0.159995864057927 -0.0175026454481105
0.0980670420098582 -0.178896955568224 -0.465423850265267 0.41743337317865
-0.129657857226041 -0.136463999025833 0.00775554520153065 0.579279900466232
-0.140649101137748 0.0550649389437316 0.283693168501221 0.256302801820552
-0.0248408927889955 0.0961039538169263 0.180336813179661 -0.0252993103002893
0.0242541726766159 0.048869584675478 0.070814924998385 -0.0506736578306435
0.0179201082665006 0.0163870230092366 0.0304819088285768 -0.0511778602330317
-0.00819455840446624 0.00952710813293908 -0.022412132807283 -0.0186382515496369
-0.0151038110162894 0.00488521703487432 -0.0613109456652511 0.0455147768303207
0.0149470542430845 -0.00319841265814108 -0.12913818056653 0.103860447213688
0.055115679971618 0.00689726666965763 -0.23997321453247 0.0768825309720517
0.0674069429018491 0.0701677327317735 -0.336306185067437 -0.14659470520711
-0.054255978191305 0.106411635314503 -0.15119177615844 -0.372799341284985
-0.0760279726874992 -0.0239404603584792 0.115025862229909 -0.363863201936754
0.0268149574932387 -0.0630635334334246 0.229392050053696 -0.0494855356330932
0.217396958121394 -0.0444918690455351 -0.196713577091128 -0.00505169329439713
0.0370352461814872 -0.242648382439018 -0.373180163015843 0.400558600594216
-0.194365872676421 -0.116307194422271 -0.00129219715206527 0.467253500645963
-0.131045570568693 0.0989931814654463 0.195576956916269 0.23313002291348
-0.000122796157706324 0.103188708920841 0.145320958753236 0.0257055241352048
0.0370762638433039 0.0471092710146964 0.0791735385644374 -0.0158537743054258
0.022170588622524 0.00890083840759747 0.0327845678236017 -0.0377502729289183
-0.00379378703829541 -0.00220238136121067 -0.0206510631552543 -0.00546934909445826
-0.00354616694493893 -0.0114604738195322 -0.0629342324167781 0.0514708356304639
0.0519461475231128 -0.0201979534316066 -0.1276090856701 0.0944176922709694
0.107023916591474 0.0210333503380997 -0.220182541327574 0.0719256151087462
0.0864325230688359 0.13884453725618 -0.318892765797491 -0.11468303755936
-0.135210158305563 0.142471924584261 -0.192744614905767 -0.331930102761381
-0.121488439946135 -0.10239198192344 0.0657264464675326 -0.383722657242429
0.0862429773051205 -0.138947751221693 0.231094907426259 -0.0476926075673309
0.202132762742034 -0.111737805319832 -0.216729010104387 0.00761435665284701
-0.0286845666037747 -0.22433191466739 -0.322944780407485 0.341107897301971
-0.201795785286003 -0.0439090129168364 -0.0375428648955761 0.414134205983047
-0.0701153676517211 0.112804559149264 0.152215098977473 0.267210246638381
0.0288438863168012 0.070374135388238 0.159180302680185 0.0676873824971245
0.0328945302198359 0.0287935314052498 0.100016390009773 -0.00376609537331069
0.0129895138737687 -0.00210581074611966 0.042789806343135 -0.0337673452913121
0.000534741942463387 -0.00966386712246433 -0.0111196858277852 -0.00296932144194292
0.0210624431759286 -0.0187537052049672 -0.0600381226360638 0.0391478022472585
0.0953502129652137 -0.0105487077864877 -0.115083614280931 0.0706882138636946
0.126927441949061 0.0725495268084659 -0.178653023776384 0.0583802094778611
0.0264283101867837 0.19781367644369 -0.285146864999854 -0.0742102563891053
-0.225209965289105 0.0846886506553577 -0.238917868699091 -0.294760780436524
-0.0920335459481725 -0.199225781838531 0.0238820663616725 -0.417436488287978
0.169908875631748 -0.155639815070825 0.197675284332244 -0.0519025478255534
0.158714176796314 -0.11313151585208 -0.222278777327736 0.0120325238578149
-0.0718834155740196 -0.157101993817107 -0.295722292175634 0.27718465436041
-0.150344882110613 0.0310729688955711 -0.0731561456085387 0.406539831568329
0.00340417338186736 0.0884864281177555 0.168604402189572 0.30303798734763
0.0428047222088677 0.0253375838522496 0.191036881625962 0.067526312079569
0.0176529339639816 0.00310682208255722 0.107831345080786 -0.0168619491362689
0.000922237078893131 -0.014991978155408 0.0474620413537329 -0.0353862214989375
0.00522387600895661 -0.0135926841339907 0.00091916509959558 -0.0036526992436351
0.0432702092340457 -0.0169979420726809 -0.0451015558508976 0.0278750062877084
0.114897325968917 0.0172123374571373 -0.0794564819996916 0.0546692691131788
0.0967424964790312 0.124121035476593 -0.12511845341865 0.0762547873815515
-0.0706548617205084 0.191938836655495 -0.282842226173503 -0.0219734315306528
-0.247933443773794 -0.0349879061872975 -0.301534024853139 -0.309654235304766
-0.0017198847200176 -0.25415318772167 0.0132118077690941 -0.482665752607711
0.224299015907454 -0.127468607834905 0.159006184911615 -0.0658098811921925
0.111707863414573 -0.0911999108039812 -0.222642457483878 0.00775277060423049
-0.0679548780713822 -0.0895656577236076 -0.284437058136248 0.246218370997492
-0.0801967501438754 0.0552371380860778 -0.0590424384243115 0.429252332362295
0.0403252980438465 0.0477570727386374 0.231776977820112 0.302697358656136
0.0354652512031807 -0.00501488425211819 0.220449147692804 0.0225924244605099
0.00315473710233728 -0.014691301222152 0.104042279251089 -0.0508364788502357
-0.00472709485481621 -0.0261050442641275 0.0490803107322275 -0.0449917038519958
0.0114448652398719 -0.0154220463808577 0.0110981880587351 -0.00475264263926537
0.0507435126406374 -0.0101144533984339 -0.0237712297759716 0.0232509828517315
0.0968274374219796 0.0405215749343379 -0.0384146625042633 0.0615057807543487
0.0339485065794663 0.127268040641467 -0.100272360638766 0.116573464498767
-0.126058804677102 0.107130647220794 -0.324828931506599 -0.0063701432087446
-0.164333594793777 -0.130820985571677 -0.326176993069821 -0.400159765181794
0.0955828566959659 -0.216880653917921 0.0687345044055807 -0.560409897689846
0.215581282861078 -0.0632207573570447 0.131213876625548 -0.0870467084505416
0.0746321584456435 -0.0548650843634864 -0.227554249940408 0.00589580058732029
-0.0307330166428497 -0.0501091885341104 -0.268716127076937 0.249683549857745
-0.0305782914717098 0.0290448349527666 -0.00717871184752781 0.449369493126274
0.031549249913161 0.0132269238344071 0.300453027220308 0.265321434734579
0.0179387552537981 -0.0133088093222984 0.239277685862913 -0.0359029424955496
-0.000867229746859464 -0.0210548304325193 0.0985379522093414 -0.0868273469723148
-0.000274156767120987 -0.0310846926218116 0.0480202569608466 -0.0564970141082711
0.0139356975377237 -0.014497183326348 0.0148502148936103 -0.00621760153481799
0.0386671378195903 -0.00629049955224065 -0.0075804675194587 0.022543465099431
0.0519401845439917 0.036178478351208 -0.0157791197618084 0.0797181834121282
-0.0110169327178227 0.0756200532811602 -0.113823578184282 0.141217302690528
-0.0901250773693566 0.00758784152081029 -0.368175006377505 -0.0584447896682823
-0.0305492206893001 -0.123597037309808 -0.27003851720389 -0.516597721668251
0.124817466400138 -0.096904398213 0.180440775177513 -0.603933270009404
0.128622918104916 0.00327149143656971 0.124806524744459 -0.10748193404641
-0.00466131275158794 -0.0141942180644339 -0.107999690668351 -0.0553826533784802
-0.0109495405040101 -0.0348119431258036 -0.438496060609801 0.449830011761396
-0.0544893163074746 -0.010795040806643 0.113813869544606 0.62584769869302
-0.0276045868609888 0.0365436593802814 0.42069920842938 0.222957612059444
0.00614196016421216 0.0257066845690577 0.210419137080627 -0.129953793467802
-0.00502717114227721 -0.0022720481958292 0.0413980199226838 -0.10235295841996
-0.0171341265294107 0.00446378209896037 0.0189006773297324 -0.0593342516907039
-0.0142423234305737 0.02055578425159 -0.0186304826596934 -0.0288337720269003
-0.00766681725788053 0.024249386681081 -0.0462958723424981 0.0298602995412611
0.00197004201666171 0.0250588799082157 -0.107757555607673 0.0862227911443357
-0.00264231517352874 0.0221011002820058 -0.230058473165193 0.0363318060711645
-0.010065281016465 0.0058528674870921 -0.299494628627212 -0.226778644666595
0.00701306503222588 0.0153257919849037 -0.0377012053399621 -0.437746772549579
-0.00661279738264902 0.0408012265065984 0.221512671328411 -0.319660750140523
-0.0642823102171313 0.0181999479092652 0.236881201565972 -0.0228051331915589
0.107648579428295 -0.00658827032035265 -0.126368861917363 -0.0311577243864586
0.0700997391980524 -0.109276733853595 -0.501124273920463 0.414281338850632
-0.0870268696928523 -0.0975119287899816 0.0146776529987433 0.639091748959742
-0.103341304196915 0.0411720459932242 0.357761807114211 0.26614924772401
-0.0178288441388058 0.0717453214894686 0.19600612868536 -0.0762418381289409
0.0143865253649214 0.0306060358472095 0.057519659267569 -0.0828611224699773
0.00414514014531526 0.0118268140293786 0.0210579005504222 -0.0591381593046237
-0.0132436013626855 0.0168143992185778 -0.0222384187939135 -0.0245824274867824
-0.0167122803833709 0.0169934669550837 -0.0543492873080722 0.0386325730125369
0.000756954503056773 0.0129101332561323 -0.117769777872885 0.100718821505581
0.0210150877760294 0.0115745081440883 -0.241098405955586 0.0661600868761606
0.0332931687147296 0.0323039607345906 -0.330797482424008 -0.190187433564668
-0.0145920681760685 0.0671297910694147 -0.0968843564334173 -0.419622668603905
-0.0454784870444125 0.0176489410859675 0.177951322837136 -0.344919033922862
-0.0271228279158668 -0.0206553407074751 0.245214233039744 -0.042616252010249
0.192318015772301 -0.0147505215023198 -0.165635563126668 -0.0243999325197526
0.106187393076577 -0.178335145704561 -0.49283002380497 0.407885188531788
-0.127147708610202 -0.142716225556945 -0.012659117988232 0.590583809756827
-0.14457756829443 0.0516176206189413 0.27903129115547 0.272759169212771
-0.0282397330196051 0.0962745469604527 0.183627274870138 -0.0188856582885095
0.0216428366768231 0.0503448575340118 0.0754279030323953 -0.0498002116550626
0.0155031704293717 0.0175981534252596 0.0310704679197937 -0.0531718093056264
-0.00930696524526384 0.0120230309075814 -0.0233221224394001 -0.0190968144206923
-0.0161467566321854 0.00582599664522283 -0.0648415025698508 0.0450933235526799
0.0157130837257652 -0.00261184160724041 -0.133288248004446 0.102930897017796
0.0563069311897233 0.00930758236362161 -0.245194647344402 0.0717647163712562
0.066549548079201 0.0721301972819632 -0.339352990672947 -0.16100221154711
-0.0589501745001395 0.107522556076001 -0.14350120767284 -0.389593608235607
-0.0764717493027778 -0.0267269729002065 0.131879935773286 -0.368940094336076
0.0280525045914029 -0.0629432193532814 0.237187995844465 -0.0446775344929129
0.222111159771068 -0.0391524062315914 -0.202616760885503 -0.0130152747718106
0.0447597234678602 -0.245725391349723 -0.398739803490293 0.39199285452791
-0.194162804878792 -0.122443032206603 -0.0216098362946582 0.479879762753423
-0.136686016403324 0.0965454986153531 0.192958365035222 0.245944677800395
-0.00267472105374243 0.103260888954321 0.146753090503756 0.0319879266105383
0.0357164456014754 0.0481387232449336 0.0804641601014647 -0.0151460151508691
0.0211668493916607 0.010245030368766 0.0324020239001264 -0.0385984768659898
-0.00529615324038839 -0.00173998690611518 -0.022151455026951 -0.00667466104212009
-0.00494922323388018 -0.00988486562526479 -0.0676744949240542 0.0501755211886533
0.0542519365685614 -0.0200950203654005 -0.134759388778156 0.0933914782680079
0.108005873989664 0.0240550375606832 -0.228477348390782 0.0665410871103056
0.0829311160433451 0.142113358572253 -0.322692868074416 -0.12876512525958
-0.141476482142043 0.14208413392319 -0.184233967881513 -0.347375420831444
-0.121960741066357 -0.107961675901068 0.0826982961035844 -0.390089826055494
0.091464277143636 -0.137340740148276 0.24002827988237 -0.0424460784853119
0.211722175591467 -0.107080105087531 -0.224817355391974 -0.00177512466933703
-0.0238211249304608 -0.228713985119481 -0.345359709923106 0.336987070105783
-0.203963904655767 -0.0509453883844368 -0.0571343665047662 0.422341367638551
-0.0747544423124438 0.111358621204425 0.147148362066688 0.282918736644603
0.0276240324065058 0.0712373542194361 0.158672765559686 0.0751500133344189
0.0314301712518354 0.0291380166732787 0.101858512761369 -0.00313908661809634
0.0123061049087813 0.000207934758131362 0.0430671590810928 -0.0339591185114781
0.000210090864651473 -0.00792722694261315 -0.0116771274777303 -0.00362267289807485
0.0209155905257492 -0.0174717139588631 -0.0623312933618449 0.0401592466893249
0.0968637426999049 -0.00971527153302698 -0.119817529045493 0.0684529168534648
0.128144883004891 0.0777409557039877 -0.183387933648246 0.0547968480494226
0.0215287910947158 0.201777102991251 -0.28845954608733 -0.0861330788746573
-0.230809775474909 0.0804788743522811 -0.232966856470534 -0.311498479778676
-0.0882485670778604 -0.204866082781382 0.0410453272926984 -0.42447816314858
0.174684214830608 -0.152590196765858 0.20516901960346 -0.0464565992697978
0.165765140349922 -0.109325506202256 -0.229246692797773 0.00372541163030348
-0.0690453365972777 -0.161443395638563 -0.31602366426291 0.271515451553368
-0.153350556187061 0.0275482763536247 -0.0922760742120541 0.415103537999759
-0.000211651494332987 0.0900741545465787 0.164025666606593 0.318515771466249
0.0434519034977756 0.0262074012292788 0.192501010821781 0.0740001322685074
0.01743999981867 0.00343453789965801 0.110864827490459 -0.0155273224816409
0.000204717499388629 -0.0145191684493156 0.0481370947372396 -0.0362347442540913
0.00630549758568294 -0.0128918029512522 0.000366131326036127 -0.00397634672750372
0.0431001488288118 -0.0157480350991459 -0.0475892311782649 0.0279798610130226
0.116703567009746 0.0188952379592124 -0.0834195299797687 0.0535563525286208
0.0963310189531871 0.127694707965614 -0.129848752124009 0.0723095903701772
-0.0766093936939484 0.192834127668522 -0.286607292382356 -0.0333008990407461
-0.250876638597562 -0.0413809097917624 -0.296205075569352 -0.327576780898045
0.00465664595037302 -0.258574675979389 0.0306369325108411 -0.491216660335715
0.230556220120695 -0.121460119603298 0.164886283558428 -0.0618011846715724
0.11760711860052 -0.0895760099662113 -0.229833226529379 0.00163040778612959
-0.0667027500722769 -0.0924038429919624 -0.302229340873543 0.241578464126126
-0.0825545658697475 0.0539518352846446 -0.076141718745168 0.439891267159504
0.039122462765846 0.049044856006146 0.229695638393154 0.317998889341053
0.0379678272858736 -0.00493426658678783 0.224061891817193 0.0303019163392904
0.00356893115300463 -0.0161430810538964 0.107606927856677 -0.0483683128268722
-0.00540317019727019 -0.0266709176396507 0.0494488099330001 -0.0453626398868864
0.0120113732448191 -0.014454752276652 0.0102391447571101 -0.00439429587583148
0.050943344311159 -0.00910366625024996 -0.0271712669820179 0.0238423687092084
0.09734844958877 0.0422518174542577 -0.0419620179560097 0.0608959058529869
0.0329851570728542 0.129986619874104 -0.105485316053857 0.113234773384335
-0.130532197707254 0.105102077208609 -0.329293750164596 -0.020206048424146
-0.163119069282349 -0.136876290808099 -0.319167180948331 -0.420445330551432
0.102731749603697 -0.217107434214249 0.0922015714029934 -0.568767225023975
0.219139378230767 -0.0566973649821509 0.137070308292532 -0.0842154332319957
0.0792901036781661 -0.0541431597607115 -0.234342433132952 9.89017954594886E-05
-0.0293783186229286 -0.0503905865289851 -0.287562683161856 0.24735674411716
-0.0321161606235314 0.0303997698849517 -0.0210909495023489 0.462150199043725
0.0319099650787505 0.0138310041014862 0.301048521904464 0.281291626354478
0.0210973596182106 -0.0137040033977582 0.243577613473397 -0.0304922864250252
-0.000329782999777949 -0.0232561010024942 0.101759454162771 -0.0863212691317358
0.000335701524500422 -0.0310579143025567 0.0481355515859369 -0.0569928744257358
0.0161762953790627 -0.0142547362706218 0.0147549523239069 -0.00602585004186662
0.0402963867472588 -0.00450277188545455 -0.00943877391414229 0.0250445437989981
0.053636249785891 0.0379485851332149 -0.0197176650668633 0.0791163740764023
-0.0117835496957152 0.0761491998567498 -0.119082188754254 0.137519271377471
-0.091562093794936 0.00516858150393613 -0.371430480751798 -0.0731397215555082
-0.0281341595011846 -0.125191410065431 -0.257520538317507 -0.535708893926343
0.128851016748492 -0.096738923882049 0.207727273542574 -0.607913828296005
0.128648046930058 0.00905209667974717 0.131903071264627 -0.106371412031852
