TRXV5
3
4
4
9
string Extension=J
integer IsArchMeasurement=1
integer IsSpherical=1
string Generator=SPM
string GeneratorVersion=1.3.1 Dev
double ArchRadius=0.449999988079071
integer FrequencyAxisIndex=0
integer AzimuthAxisIndex=1
integer ElevationAxisIndex=2
Frequency
5 136 690000000 960000000 LIN
Azimuth
7 8 0 2.74889357189107 LIN
Elevation
7 15 -2.74889357189107 2.74889357189107 LIN
Polar H Real Part
13
Polar H Imaginary Part
14
Polar V Real Part
13
Polar V Imaginary Part
14
Polar H Magnitude (dB)
12 0xC0000002 0 1
Polar H Phase
7 0xC0000003 0 1
Polar V Magnitude (dB)
12 0xC0000002 2 3
Polar V Phase
7 0xC0000003 2 3
0.00379562377929687 -0.0134220123291016 -0.25750732421875 -0.01373291015625
-0.00411224365234375 -0.0192604064941406 -0.200881958007813 0.249862670898437
0.00658702850341797 -0.00234460830688477 0.058990478515625 0.293792724609375
-0.00402021408081055 -0.00610446929931641 0.146026611328125 0.125244140625
-0.00576639175415039 0.00741958618164063 0.079742431640625 0.008758544921875
0.0168323516845703 0.0187168121337891 -0.00805997848510742 -8.77380371093736E-05
0.0238590240478516 0.0130443572998047 -0.0874176025390625 0.0494613647460938
0.0136632919311523 0.00121498107910156 -0.157882690429688 0.103042602539062
0.0136623382568359 -0.00585365295410156 -0.24176025390625 0.118499755859375
0.00982952117919922 -0.00480747222900391 -0.3365478515625 0.0281066894531249
0.0100889205932617 0.00278091430664063 -0.366668701171875 -0.118560791015625
-0.00451898574829101 0.00613641738891602 -0.26123046875 -0.3092041015625
-0.0309047698974609 -0.000246047973632813 -0.012115478515625 -0.44537353515625
-0.0351219177246094 -0.0507659912109375 0.12451171875 -0.3533935546875
-0.00706481933593751 -0.0777206420898438 0.181991577148438 -0.226821899414063
0.027679443359375 0.075531005859375 -0.244842529296875 -0.0293731689453125
0.0676498413085938 0.0486564636230469 -0.205490112304687 0.230667114257813
0.0903167724609375 -0.0104141235351563 0.033782958984375 0.293853759765625
0.037109375 -0.0808486938476563 0.132194519042969 0.139045715332031
-0.0329246520996094 -0.0679702758789063 0.0839080810546875 0.0221481323242188
-0.0678062438964844 -0.0168304443359375 -0.00581645965576172 0.00215005874633789
-0.0536880493164062 0.0280342102050781 -0.0806350708007813 0.0478134155273437
-0.0452690124511719 0.0214157104492188 -0.150177001953125 0.10162353515625
-0.0542945861816406 0.00980758666992188 -0.23638916015625 0.1209716796875
-0.0608406066894531 -0.0156173706054687 -0.332275390625 0.035736083984375
-0.0374908447265625 -0.0404815673828125 -0.36614990234375 -0.105621337890625
-0.0132598876953125 -0.0619468688964844 -0.27490234375 -0.294464111328125
0.0351295471191406 -0.0413894653320313 -0.0400390625 -0.44403076171875
0.0483665466308594 -0.0113563537597656 0.10693359375 -0.364349365234375
0.0376777648925781 0.00951766967773438 0.186203002929688 -0.241119384765625
0.051055908203125 0.158767700195312 -0.229049682617188 -0.0313415527343749
0.139450073242188 0.108444213867187 -0.207046508789063 0.204025268554688
0.167877197265625 -0.0231781005859375 -0.00192260742187501 0.28973388671875
0.0703277587890625 -0.1495361328125 0.112091064453125 0.171890258789063
-0.058319091796875 -0.133560180664063 0.104995727539063 0.0550613403320313
-0.143173217773437 -0.046905517578125 0.0283050537109375 0.0102214813232422
-0.122108459472656 0.0403823852539062 -0.0450096130371094 0.0356597900390625
-0.09686279296875 0.0390396118164062 -0.121871948242188 0.0827255249023438
-0.116439819335938 0.0248260498046875 -0.21417236328125 0.107711791992188
-0.127166748046875 -0.023956298828125 -0.311370849609375 0.03253173828125
-0.0833511352539062 -0.0809860229492188 -0.34881591796875 -0.098663330078125
-0.020477294921875 -0.127105712890625 -0.271224975585938 -0.278945922851563
0.0980300903320312 -0.0802154541015625 -0.050323486328125 -0.434783935546875
0.126350402832031 0.028167724609375 0.109527587890625 -0.35931396484375
0.0786666870117187 0.0936126708984375 0.19769287109375 -0.227493286132813
0.0709991455078125 0.222686767578125 -0.21636962890625 -0.013214111328125
0.202377319335938 0.144821166992188 -0.212692260742187 0.187774658203125
0.22210693359375 -0.046600341796875 -0.038787841796875 0.300811767578125
0.08251953125 -0.2012939453125 0.102249145507813 0.222991943359375
-0.0843353271484375 -0.173370361328125 0.14544677734375 0.0995330810546875
-0.197723388671875 -0.0610504150390625 0.0887908935546875 0.0153961181640625
-0.167922973632813 0.0498504638671875 0.0127468109130859 0.0115184783935547
-0.135292053222656 0.0510101318359375 -0.0759658813476563 0.0503463745117188
-0.165817260742188 0.0358123779296875 -0.175216674804687 0.080322265625
-0.180648803710938 -0.0338287353515625 -0.271224975585938 0.0171966552734375
-0.11822509765625 -0.119300842285156 -0.3118896484375 -0.098114013671875
-0.019134521484375 -0.183242797851563 -0.249679565429688 -0.261871337890625
0.154937744140625 -0.104248046875 -0.04071044921875 -0.41265869140625
0.185684204101562 0.06719970703125 0.126007080078125 -0.337646484375
0.104110717773438 0.162918090820313 0.214340209960938 -0.186752319335938
0.086456298828125 0.256103515625 -0.205291748046875 0.0285797119140625
0.238235473632813 0.149627685546875 -0.220550537109375 0.198837280273437
0.237701416015625 -0.0702972412109375 -0.0587463378906249 0.335235595703125
0.0718994140625 -0.221282958984375 0.1175537109375 0.2828369140625
-0.10345458984375 -0.180130004882813 0.20556640625 0.138595581054688
-0.221084594726563 -0.0585784912109375 0.166122436523437 0.0131378173828125
-0.18670654296875 0.0551605224609375 0.0805130004882812 -0.0230026245117187
-0.1539306640625 0.0555877685546875 -0.0201320648193359 0.00798034667968751
-0.195068359375 0.039031982421875 -0.122917175292969 0.0441665649414062
-0.209304809570313 -0.0478363037109375 -0.210037231445313 -0.00175476074218747
-0.131134033203125 -0.150680541992188 -0.256179809570313 -0.09521484375
-0.00352478027343751 -0.217681884765625 -0.210433959960938 -0.236114501953125
0.19793701171875 -0.102340698242188 -0.02484130859375 -0.37890625
0.21270751953125 0.104888916015625 0.149017333984375 -0.303955078125
0.108856201171875 0.206817626953125 0.2288818359375 -0.128692626953125
0.0902252197265625 0.249725341796875 -0.194168090820313 0.0880889892578125
0.2301025390625 0.1302490234375 -0.215499877929688 0.232650756835938
0.211318969726562 -0.074676513671875 -0.047210693359375 0.375946044921875
0.0516357421875 -0.198043823242188 0.1568603515625 0.32830810546875
-0.102569580078125 -0.153717041015625 0.268844604492188 0.159423828125
-0.207107543945313 -0.0436859130859375 0.240921020507813 -0.0018768310546875
-0.174636840820313 0.051239013671875 0.145065307617188 -0.0624237060546875
-0.149429321289063 0.052276611328125 0.0366592407226562 -0.0358238220214844
-0.194915771484375 0.032135009765625 -0.0621452331542969 0.00684356689453126
-0.203948974609375 -0.062255859375 -0.138130187988281 -0.016204833984375
-0.115127563476562 -0.164962768554688 -0.191802978515625 -0.0829467773437501
0.0252227783203125 -0.213088989257813 -0.1700439453125 -0.20098876953125
0.206710815429688 -0.0691070556640625 -0.011138916015625 -0.338409423828125
0.193618774414063 0.131439208984375 0.1678466796875 -0.27105712890625
0.089111328125 0.214187622070312 0.233978271484375 -0.063507080078125
0.0772705078125 0.208114624023438 -0.183761596679688 0.152008056640625
0.184310913085938 0.0991363525390625 -0.196670532226563 0.278213500976563
0.160537719726563 -0.0574798583984375 -0.01080322265625 0.407501220703125
0.0341644287109375 -0.144195556640625 0.204742431640625 0.350311279296875
-0.0831069946289063 -0.110031127929688 0.32080078125 0.1591796875
-0.162551879882813 -0.02813720703125 0.299896240234375 -0.0244140625
-0.136894226074219 0.0389175415039063 0.195465087890625 -0.100448608398437
-0.121063232421875 0.040313720703125 0.0857315063476562 -0.0750885009765625
-0.163894653320313 0.0191802978515625 -0.00195884704589845 -0.0237884521484375
-0.16180419921875 -0.0653533935546875 -0.0665931701660156 -0.0207061767578125
-0.075836181640625 -0.147323608398438 -0.134529113769531 -0.0595474243164063
0.0490875244140625 -0.16571044921875 -0.145248413085937 -0.162185668945313
0.172500610351562 -0.020050048828125 -0.010711669921875 -0.308441162109375
0.137397766113281 0.132133483886719 0.180450439453125 -0.2489013671875
0.055511474609375 0.184173583984375 0.231216430664063 -0.00540161132812499
0.0494384765625 0.141891479492188 -0.173919677734375 0.206680297851563
0.111534118652344 0.0660400390625 -0.1695556640625 0.3170166015625
0.100929260253906 -0.0231475830078125 0.031707763671875 0.420989990234375
0.0265655517578125 -0.0772171020507813 0.24761962890625 0.349090576171875
-0.0480918884277344 -0.061279296875 0.352569580078125 0.146026611328125
-0.0974197387695313 -0.0153656005859375 0.335845947265625 -0.047088623046875
-0.080718994140625 0.0199050903320313 0.227264404296875 -0.131210327148438
-0.075958251953125 0.0238418579101563 0.119552612304688 -0.102935791015625
-0.106185913085938 0.00564575195312502 0.0448036193847656 -0.0424652099609375
-0.0974044799804688 -0.050506591796875 -0.0129976272583008 -0.0150918960571289
-0.0319137573242188 -0.0968551635742188 -0.09893798828125 -0.0352935791015625
0.0490341186523438 -0.0909271240234375 -0.136131286621094 -0.134101867675781
0.101600646972656 0.0171051025390625 -0.0108642578125 -0.29888916015625
0.06475830078125 0.0988693237304688 0.192657470703125 -0.240753173828125
0.018829345703125 0.122795104980469 0.222000122070313 0.0370330810546875
0.00409412384033203 -0.016697883605957 -0.264633178710937 0.00483703613281254
-0.00568008422851563 -0.0212001800537109 -0.185348510742187 0.274826049804688
0.00725984573364258 -0.00364208221435547 0.085968017578125 0.2955322265625
-0.00575447082519531 -0.00685262680053711 0.160507202148438 0.113876342773438
-0.00693893432617187 0.00891971588134766 0.0811386108398438 -0.000778198242187499
0.0192222595214844 0.0176334381103516 -0.0106525421142578 -0.00218391418457031
0.0276260375976563 0.00982475280761719 -0.0880050659179688 0.0589752197265625
0.0156946182250977 0.000382423400878906 -0.153915405273438 0.12213134765625
0.0139122009277344 -0.00652122497558594 -0.237823486328125 0.142654418945312
0.00999546051025391 -0.006591796875 -0.3419189453125 0.0568237304687499
0.0102033615112305 0.00207614898681641 -0.387786865234375 -0.0903930664062499
-0.0048370361328125 0.00760412216186523 -0.296112060546875 -0.29656982421875
-0.0326499938964844 0.00147819519042968 -0.051116943359375 -0.456878662109375
-0.0417404174804687 -0.0492897033691406 0.10003662109375 -0.374847412109375
-0.0138931274414062 -0.0798110961914063 0.173828125 -0.251083374023437
0.0357208251953125 0.0747528076171875 -0.253250122070312 -0.0127868652343749
0.0745086669921875 0.043792724609375 -0.191543579101562 0.254196166992188
0.0952301025390625 -0.0171279907226563 0.06134033203125 0.29730224609375
0.0310897827148437 -0.08758544921875 0.147430419921875 0.12823486328125
-0.0407562255859375 -0.067230224609375 0.086517333984375 0.0124664306640625
-0.0715255737304687 -0.0113906860351563 -0.0082845687866211 0.000637531280517576
-0.0509834289550781 0.0326347351074219 -0.081878662109375 0.0565032958984375
-0.0425682067871094 0.0261268615722656 -0.147323608398438 0.1195068359375
-0.0548133850097656 0.0160446166992187 -0.231658935546875 0.14544677734375
-0.0637969970703125 -0.009765625 -0.337890625 0.065826416015625
-0.0413818359375 -0.0387840270996094 -0.38555908203125 -0.0767211914062499
-0.0182571411132813 -0.0628242492675781 -0.309356689453125 -0.279510498046875
0.0325164794921875 -0.0453071594238281 -0.079681396484375 -0.45477294921875
0.0484733581542969 -0.0137863159179687 0.082763671875 -0.385040283203125
0.038665771484375 0.00712966918945313 0.178359985351563 -0.265670776367188
0.0654296875 0.160003662109375 -0.237640380859375 -0.015960693359375
0.1549072265625 0.10113525390625 -0.195159912109375 0.22491455078125
0.174392700195312 -0.036865234375 0.023040771484375 0.296051025390625
0.0604095458984375 -0.160995483398438 0.12969970703125 0.164413452148437
-0.0726089477539063 -0.13385009765625 0.110588073730469 0.0457839965820312
-0.151779174804688 -0.0351409912109375 0.0269107818603515 0.00594902038574218
-0.120590209960937 0.0515823364257812 -0.0459861755371094 0.0402069091796875
-0.0941314697265625 0.0489883422851562 -0.119674682617188 0.097503662109375
-0.118385314941406 0.0367660522460937 -0.210556030273438 0.13031005859375
-0.134223937988281 -0.0125198364257812 -0.317108154296875 0.059906005859375
-0.0920639038085937 -0.076995849609375 -0.369140625 -0.069915771484375
-0.0322494506835938 -0.128166198730469 -0.304840087890625 -0.26397705078125
0.094024658203125 -0.0887603759765625 -0.091033935546875 -0.443328857421875
0.132537841796875 0.0200958251953125 0.08404541015625 -0.380218505859375
0.0881423950195312 0.0920944213867187 0.19110107421875 -0.252029418945313
0.091033935546875 0.22576904296875 -0.221923828125 0.00265502929687501
0.22357177734375 0.133682250976563 -0.20318603515625 0.207962036132813
0.228668212890625 -0.06524658203125 -0.015533447265625 0.311187744140625
0.068511962890625 -0.215087890625 0.122909545898438 0.219650268554688
-0.102081298828125 -0.1729736328125 0.156234741210937 0.0877227783203125
-0.209716796875 -0.0445709228515625 0.0913467407226563 0.0072784423828125
-0.168075561523437 0.0655364990234375 0.0116539001464844 0.00973987579345703
-0.133613586425781 0.0647811889648437 -0.075103759765625 0.060089111328125
-0.16851806640625 0.0538787841796875 -0.172683715820313 0.0993499755859375
-0.189788818359375 -0.0184173583984375 -0.2763671875 0.0414581298828126
-0.131240844726563 -0.113471984863281 -0.331329345703125 -0.07244873046875
-0.03607177734375 -0.186859130859375 -0.279067993164063 -0.247116088867187
0.15069580078125 -0.120223999023438 -0.078948974609375 -0.421844482421875
0.198577880859375 0.0566253662109375 0.102996826171875 -0.359222412109375
0.12176513671875 0.161895751953125 0.210220336914063 -0.212738037109375
0.110809326171875 0.258956909179688 -0.209671020507813 0.044952392578125
0.261306762695313 0.13525390625 -0.210205078125 0.219711303710937
0.242340087890625 -0.09075927734375 -0.033660888671875 0.34912109375
0.055694580078125 -0.234603881835938 0.144332885742187 0.280349731445313
-0.12225341796875 -0.177291870117188 0.222122192382813 0.124130249023437
-0.232666015625 -0.04010009765625 0.170791625976562 -0.001678466796875
-0.18695068359375 0.0726318359375 0.0791854858398437 -0.031524658203125
-0.152923583984375 0.0714111328125 -0.0212535858154297 0.011627197265625
-0.197372436523438 0.05914306640625 -0.121170043945313 0.05657958984375
-0.221145629882812 -0.031219482421875 -0.216461181640625 0.016387939453125
-0.148208618164062 -0.146087646484375 -0.272659301757813 -0.0739898681640625
-0.022247314453125 -0.224884033203125 -0.236846923828125 -0.22454833984375
0.195831298828125 -0.121810913085937 -0.058563232421875 -0.38720703125
0.22918701171875 0.0940093994140625 0.128997802734375 -0.326751708984375
0.130279541015625 0.207565307617188 0.228851318359375 -0.15362548828125
0.112884521484375 0.251953125 -0.193267822265625 0.106048583984375
0.250350952148438 0.1156005859375 -0.204116821289063 0.256393432617188
0.214218139648438 -0.0938873291015625 -0.017913818359375 0.3892822265625
0.03765869140625 -0.208786010742188 0.18865966796875 0.326019287109375
-0.119842529296875 -0.149444580078125 0.288482666015625 0.140594482421875
-0.216384887695313 -0.026763916015625 0.247817993164063 -0.0241546630859375
-0.174102783203125 0.068115234375 0.143081665039063 -0.0788726806640625
-0.147598266601563 0.066253662109375 0.0331192016601563 -0.0394744873046875
-0.199005126953125 0.0525665283203125 -0.0619239807128906 0.0128631591796875
-0.216537475585937 -0.0457305908203125 -0.142913818359375 -0.00569152832031247
-0.132217407226562 -0.161972045898438 -0.204574584960938 -0.067047119140625
0.00831604003906249 -0.22314453125 -0.19287109375 -0.190841674804688
0.209060668945313 -0.086700439453125 -0.041656494140625 -0.347869873046875
0.212265014648438 0.123336791992188 0.14996337890625 -0.29461669921875
0.110504150390625 0.216888427734375 0.239852905273437 -0.0868988037109375
0.096466064453125 0.209259033203125 -0.178375244140625 0.171218872070313
0.19952392578125 0.087646484375 -0.181396484375 0.300750732421875
0.162796020507813 -0.0717315673828125 0.02197265625 0.41864013671875
0.0243682861328125 -0.151275634765625 0.240081787109375 0.3426513671875
-0.0946502685546875 -0.106491088867188 0.341949462890625 0.13665771484375
-0.168106079101562 -0.014312744140625 0.305755615234375 -0.05206298828125
-0.136093139648438 0.0524368286132813 0.191375732421875 -0.122100830078125
-0.120697021484375 0.0525054931640625 0.08111572265625 -0.0847702026367188
-0.167633056640625 0.0355682373046875 -0.00264739990234376 -0.0243473052978516
-0.173919677734375 -0.0535888671875 -0.06878662109375 -0.0160102844238281
-0.090423583984375 -0.147659301757813 -0.142532348632813 -0.04736328125
0.0377655029296875 -0.175994873046875 -0.162841796875 -0.15185546875
0.17791748046875 -0.0337677001953125 -0.0389404296875 -0.315673828125
0.153564453125 0.128997802734375 0.163787841796875 -0.274032592773438
0.0737457275390625 0.188201904296875 0.239974975585938 -0.026123046875
0.0620269775390625 0.142120361328125 -0.163909912109375 0.226547241210938
0.120323181152344 0.0585784912109375 -0.1507568359375 0.3388671875
0.1033935546875 -0.031219482421875 0.06695556640625 0.428955078125
0.0222244262695313 -0.0809173583984375 0.28436279296875 0.339019775390625
-0.0538482666015625 -0.0585594177246094 0.37469482421875 0.12042236328125
-0.100593566894531 -0.00750732421875001 0.3411865234375 -0.0794677734375
-0.0803375244140625 0.027374267578125 0.222274780273438 -0.155853271484375
-0.0751724243164063 0.03173828125 0.114753723144531 -0.116050720214844
-0.108650207519531 0.016754150390625 0.0444984436035156 -0.0490951538085938
-0.105155944824219 -0.0437240600585938 -0.0129156112670898 -0.0150318145751953
-0.0399169921875 -0.098236083984375 -0.102813720703125 -0.02496337890625
0.0436019897460938 -0.0981063842773438 -0.151596069335938 -0.1241455078125
0.106918334960938 0.0105743408203125 -0.0404052734375 -0.30517578125
0.076202392578125 0.100044250488281 0.177764892578125 -0.266494750976563
0.0305328369140625 0.127120971679688 0.233352661132813 0.0206298828125
0.0034027099609375 -0.0194721221923828 -0.260910034179688 0.021942138671875
-0.00806617736816406 -0.0219554901123047 -0.162872314453125 0.286285400390625
0.00803041458129883 -0.00583124160766602 0.110626220703125 0.28558349609375
-0.00677108764648437 -0.00579547882080078 0.167205810546875 0.0982513427734375
-0.00720596313476562 0.0109338760375977 0.0772705078125 -0.0103607177734375
0.0205574035644531 0.0165786743164063 -0.0146141052246094 -0.00296401977539062
0.0291862487792969 0.00621604919433594 -0.0851898193359375 0.0656280517578125
0.0176773071289063 -0.00107192993164063 -0.143447875976563 0.136367797851562
0.0131845474243164 -0.00645542144775391 -0.224456787109375 0.160903930664063
0.00947856903076172 -0.00764083862304688 -0.33477783203125 0.0830688476562501
0.0113925933837891 0.00109100341796875 -0.391998291015625 -0.058746337890625
-0.00439977645874023 0.00813579559326172 -0.319061279296875 -0.27215576171875
-0.0323810577392578 0.00438499450683593 -0.086212158203125 -0.450714111328125
-0.0460014343261719 -0.0455741882324219 0.07342529296875 -0.3826904296875
-0.0196075439453125 -0.078369140625 0.159286499023438 -0.26568603515625
0.041839599609375 0.0710296630859375 -0.25054931640625 0.00343322753906253
0.078338623046875 0.0374298095703125 -0.169952392578125 0.267303466796875
0.0961990356445312 -0.0252532958984375 0.086090087890625 0.28753662109375
0.0246505737304687 -0.09051513671875 0.155838012695313 0.113037109375
-0.0467376708984375 -0.063629150390625 0.084136962890625 0.00286865234375
-0.0722427368164063 -0.00450897216796875 -0.0118227005004883 0.000849723815917971
-0.0478019714355469 0.0356559753417969 -0.07952880859375 0.0635833740234375
-0.0381240844726562 0.0293502807617188 -0.137176513671875 0.133628845214844
-0.0540275573730469 0.0211868286132813 -0.218536376953125 0.163482666015625
-0.0658149719238281 -0.00540161132812501 -0.329864501953125 0.0908813476562499
-0.0434837341308594 -0.03570556640625 -0.39093017578125 -0.043853759765625
-0.0239295959472656 -0.0599403381347656 -0.33001708984375 -0.253265380859375
0.0287704467773437 -0.0467414855957031 -0.116424560546875 -0.445068359375
0.0467910766601563 -0.0168571472167969 0.05462646484375 -0.390716552734375
0.0403289794921875 0.00558853149414063 0.16168212890625 -0.28167724609375
0.07708740234375 0.154693603515625 -0.236801147460937 -0.000366210937499992
0.163253784179687 0.0891265869140625 -0.177459716796875 0.23748779296875
0.175048828125 -0.0490875244140625 0.046722412109375 0.29058837890625
0.0487823486328125 -0.166000366210938 0.14111328125 0.150985717773438
-0.0838623046875 -0.127143859863281 0.110496520996094 0.0347671508789063
-0.154617309570313 -0.02276611328125 0.0234527587890625 0.00374794006347656
-0.11602783203125 0.06072998046875 -0.0447540283203125 0.0442962646484375
-0.0882034301757812 0.0559844970703125 -0.111839294433594 0.109718322753906
-0.114814758300781 0.0481414794921875 -0.197128295898437 0.14739990234375
-0.135269165039063 -0.00234985351562499 -0.309661865234375 0.0851135253906251
-0.0967178344726563 -0.0701522827148438 -0.3726806640625 -0.039886474609375
-0.0423049926757813 -0.125801086425781 -0.324493408203125 -0.237640380859375
0.0869064331054688 -0.0960159301757813 -0.12542724609375 -0.433837890625
0.134162902832031 0.0118637084960937 0.05584716796875 -0.386322021484375
0.09625244140625 0.0874710083007813 0.176223754882813 -0.269866943359375
0.108779907226563 0.217269897460937 -0.22064208984375 0.0171356201171875
0.235076904296875 0.115798950195312 -0.186996459960938 0.22119140625
0.227676391601563 -0.0829620361328125 0.00799560546875003 0.3087158203125
0.053253173828125 -0.2213134765625 0.138320922851563 0.20660400390625
-0.117156982421875 -0.164566040039063 0.159957885742188 0.07476806640625
-0.21173095703125 -0.0270538330078125 0.0879364013671875 -9.15527343750017E-05
-0.162033081054688 0.079010009765625 0.0107545852661133 0.00921821594238282
-0.125961303710938 0.0744400024414063 -0.0698738098144532 0.0688552856445312
-0.162322998046875 0.0687103271484375 -0.162277221679688 0.113067626953125
-0.191741943359375 -0.0033721923828125 -0.271835327148438 0.06353759765625
-0.139572143554688 -0.104568481445313 -0.3343505859375 -0.04339599609375
-0.051239013671875 -0.183563232421875 -0.297760009765625 -0.22369384765625
0.141815185546875 -0.129409790039063 -0.113861083984375 -0.413330078125
0.20318603515625 0.0437469482421875 0.075836181640625 -0.3677978515625
0.135101318359375 0.155517578125 0.197052001953125 -0.231536865234375
0.129302978515625 0.250503540039062 -0.205337524414063 0.0583343505859375
0.272674560546875 0.114669799804688 -0.193710327148437 0.23284912109375
0.238662719726563 -0.108016967773438 -0.00796508789062502 0.3472900390625
0.038970947265625 -0.2396240234375 0.163864135742187 0.266189575195313
-0.136672973632813 -0.167144775390625 0.227325439453125 0.106246948242187
-0.234298706054688 -0.0191192626953125 0.167709350585937 -0.0157318115234375
-0.179595947265625 0.0870513916015625 0.074920654296875 -0.0379257202148437
-0.145233154296875 0.081878662109375 -0.0208110809326172 0.0148429870605469
-0.192092895507813 0.07666015625 -0.115028381347656 0.0661544799804687
-0.223953247070313 -0.01190185546875 -0.213653564453125 0.0331878662109375
-0.15936279296875 -0.134872436523437 -0.2772216796875 -0.0503082275390625
-0.039337158203125 -0.2227783203125 -0.25262451171875 -0.2032470703125
0.187347412109375 -0.134429931640625 -0.091094970703125 -0.379150390625
0.237869262695313 0.0790557861328125 0.103668212890625 -0.33795166015625
0.1468505859375 0.200637817382813 0.220718383789063 -0.173995971679688
0.130828857421875 0.24371337890625 -0.185989379882813 0.118698120117188
0.260696411132813 0.0955810546875 -0.185287475585937 0.2684326171875
0.20947265625 -0.109130859375 0.00973510742187501 0.389190673828125
0.0225067138671875 -0.211334228515625 0.2138671875 0.30804443359375
-0.130958557128906 -0.140296936035156 0.298004150390625 0.1171875
-0.217147827148438 -0.00823974609374997 0.243026733398438 -0.04376220703125
-0.167236328125 0.0815582275390625 0.134117126464844 -0.0905914306640625
-0.140670776367188 0.077850341796875 0.0292091369628906 -0.0411605834960937
-0.193069458007813 0.069427490234375 -0.0583610534667969 0.0167388916015625
-0.22161865234375 -0.0283203125 -0.141159057617188 0.00477600097656252
-0.145233154296875 -0.152801513671875 -0.207931518554688 -0.0479888916015625
-0.0088043212890625 -0.223724365234375 -0.206039428710938 -0.173233032226562
0.203399658203125 -0.1014404296875 -0.071044921875 -0.340728759765625
0.223297119140625 0.110427856445313 0.12646484375 -0.3070068359375
0.128326416015625 0.210922241210938 0.235977172851562 -0.107162475585937
0.11126708984375 0.203048706054688 -0.166427612304687 0.1832275390625
0.206573486328125 0.07122802734375 -0.15960693359375 0.312957763671875
0.158416748046875 -0.0828399658203125 0.05096435546875 0.414154052734375
0.0132293701171875 -0.152923583984375 0.2669677734375 0.322174072265625
-0.101402282714844 -0.0988616943359375 0.350738525390625 0.109283447265625
-0.167877197265625 -0.000732421874999998 0.298431396484375 -0.0767822265625
-0.13037109375 0.0623550415039062 0.179901123046875 -0.139083862304688
-0.114204406738281 0.0617523193359375 0.0737075805664062 -0.090728759765625
-0.164047241210938 0.051177978515625 -0.00201034545898439 -0.0248985290527344
-0.180206298828125 -0.0395355224609375 -0.0677986145019531 -0.010711669921875
-0.101577758789062 -0.142181396484375 -0.143280029296875 -0.03314208984375
0.0239715576171875 -0.179611206054688 -0.172225952148438 -0.136184692382812
0.176605224609375 -0.0453643798828125 -0.0662841796875 -0.31085205078125
0.16558837890625 0.11981201171875 0.141448974609375 -0.286773681640625
0.0888824462890625 0.185272216796875 0.240493774414063 -0.0452880859375
0.0728225708007813 0.138092041015625 -0.149276733398438 0.239013671875
0.124961853027344 0.0492477416992188 -0.126190185546875 0.346588134765625
0.102104187011719 -0.03912353515625 0.097503662109375 0.42120361328125
0.0168914794921875 -0.082122802734375 0.306976318359375 0.31390380859375
-0.0576858520507813 -0.0546836853027344 0.383514404296875 0.090240478515625
-0.100074768066406 0.000602722167968762 0.33056640625 -0.10791015625
-0.0777511596679688 0.0340728759765625 0.207199096679688 -0.1739501953125
-0.0717849731445313 0.036773681640625 0.103752136230469 -0.125343322753906
-0.106307983398438 0.02545166015625 0.0431594848632812 -0.0530738830566406
-0.109016418457031 -0.0357208251953125 -0.0107250213623047 -0.0146846771240234
-0.047760009765625 -0.0956878662109375 -0.10186767578125 -0.0148849487304688
0.036956787109375 -0.101974487304688 -0.158477783203125 -0.108688354492188
0.108741760253906 0.003570556640625 -0.066558837890625 -0.30078125
0.0842742919921875 0.0968399047851563 0.154083251953125 -0.280975341796875
0.0411148071289063 0.126068115234375 0.235244750976563 0.00239562988281251
0.00213050842285156 -0.0219802856445313 -0.254974365234375 0.0308990478515625
-0.00946044921875 -0.0232906341552734 -0.146026611328125 0.288787841796875
0.00954341888427734 -0.00835800170898438 0.122207641601563 0.271835327148438
-0.00779104232788086 -0.0058135986328125 0.167510986328125 0.0859527587890625
-0.00654125213623047 0.0123348236083984 0.07220458984375 -0.0152664184570313
0.0219764709472656 0.0155620574951172 -0.0183887481689453 -0.00228500366210938
0.0297470092773438 0.00432014465332031 -0.0822677612304688 0.07135009765625
0.0189857482910156 -0.00246429443359375 -0.133407592773438 0.143524169921875
0.0121650695800781 -0.00640964508056641 -0.21160888671875 0.170166015625
0.00865459442138672 -0.00806808471679688 -0.3243408203125 0.09918212890625
0.0103483200073242 -0.000134468078613281 -0.38739013671875 -0.0380859375000001
-0.00396871566772461 0.0083470344543457 -0.328369140625 -0.250701904296875
-0.0315361022949219 0.00536346435546876 -0.107330322265625 -0.437255859375
-0.0475006103515625 -0.0416030883789062 0.056060791015625 -0.380096435546875
-0.0222320556640625 -0.0764083862304687 0.148300170898438 -0.271865844726562
0.04315185546875 0.0659027099609375 -0.245925903320312 0.0125732421875
0.0792922973632813 0.0324783325195313 -0.1546630859375 0.269760131835937
0.096160888671875 -0.030548095703125 0.0976409912109375 0.27752685546875
0.0204925537109375 -0.0907669067382813 0.157302856445313 0.101776123046875
-0.0494728088378906 -0.0592613220214844 0.0795059204101563 -0.00196075439453125
-0.0706939697265625 -0.000350952148437507 -0.0152339935302734 0.00135231018066406
-0.0445442199707031 0.0370025634765625 -0.076080322265625 0.0685043334960938
-0.0342178344726562 0.0305118560791016 -0.127120971679687 0.141616821289062
-0.0511054992675781 0.0254287719726563 -0.204803466796875 0.171356201171875
-0.0650634765625 -0.00214004516601561 -0.31915283203125 0.107330322265625
-0.0450668334960938 -0.0343971252441406 -0.385650634765625 -0.02154541015625
-0.0261344909667969 -0.0575294494628906 -0.336883544921875 -0.231109619140625
0.0254554748535156 -0.0475387573242188 -0.136322021484375 -0.430633544921875
0.0455131530761719 -0.0173759460449219 0.0362548828125 -0.387542724609375
0.0410041809082031 0.00458908081054688 0.150299072265625 -0.28778076171875
0.0822601318359375 0.147430419921875 -0.23040771484375 0.00744628906249997
0.166091918945313 0.0788726806640625 -0.162277221679687 0.239974975585938
0.174560546875 -0.0576019287109375 0.0591278076171875 0.280014038085938
0.041107177734375 -0.167327880859375 0.143264770507812 0.139007568359375
-0.0889205932617187 -0.121116638183594 0.106765747070313 0.0275726318359375
-0.152236938476563 -0.0134124755859375 0.0203647613525391 0.00244903564453125
-0.110115051269531 0.06500244140625 -0.0437393188476563 0.0474700927734375
-0.0826263427734375 0.0591278076171875 -0.1033935546875 0.116424560546875
-0.109565734863281 0.05450439453125 -0.18548583984375 0.155044555664063
-0.133255004882813 0.00592041015625001 -0.29888916015625 0.099029541015625
-0.0996475219726563 -0.06549072265625 -0.365753173828125 -0.0175170898437499
-0.04766845703125 -0.12091064453125 -0.330291748046875 -0.21502685546875
0.0814132690429688 -0.09759521484375 -0.145782470703125 -0.418548583984375
0.134468078613281 0.00743865966796875 0.037506103515625 -0.3839111328125
0.0998306274414063 0.0828399658203125 0.164230346679688 -0.27740478515625
0.115509033203125 0.209808349609375 -0.21539306640625 0.0243072509765625
0.23712158203125 0.102127075195312 -0.173690795898437 0.224441528320313
0.224609375 -0.0924072265625 0.021392822265625 0.30078125
0.0428009033203125 -0.221664428710937 0.144546508789063 0.193710327148437
-0.123886108398437 -0.157440185546875 0.158447265625 0.065643310546875
-0.209228515625 -0.0154571533203125 0.0846786499023437 -0.0032501220703125
-0.154708862304688 0.085723876953125 0.00975608825683593 0.00964450836181641
-0.118553161621094 0.0786209106445313 -0.0650177001953125 0.0732345581054688
-0.155899047851563 0.0765228271484375 -0.15093994140625 0.119186401367188
-0.188796997070313 0.00807189941406251 -0.262725830078125 0.0758819580078125
-0.142364501953125 -0.0976104736328125 -0.329864501953125 -0.0244445800781249
-0.058013916015625 -0.178054809570313 -0.3037109375 -0.202606201171875
0.133956909179687 -0.133262634277344 -0.13232421875 -0.39837646484375
0.205322265625 0.0368804931640625 0.057891845703125 -0.366455078125
0.141693115234375 0.148651123046875 0.186981201171875 -0.240478515625
0.138107299804688 0.240951538085937 -0.198867797851562 0.064666748046875
0.274444580078125 0.098602294921875 -0.18115234375 0.2353515625
0.233001708984375 -0.1180419921875 0.006683349609375 0.340576171875
0.0278472900390625 -0.23797607421875 0.172256469726563 0.252487182617188
-0.142837524414063 -0.158599853515625 0.227203369140625 0.093841552734375
-0.231170654296875 -0.00746154785156247 0.162933349609375 -0.0225372314453125
-0.170944213867188 0.09466552734375 0.0704116821289063 -0.0410614013671875
-0.136833190917969 0.087554931640625 -0.0195655822753906 0.0179119110107422
-0.183990478515625 0.0867462158203125 -0.108001708984375 0.0709457397460938
-0.222015380859375 0.000396728515624957 -0.207244873046875 0.0432586669921875
-0.163375854492188 -0.127395629882812 -0.273345947265625 -0.0330963134765625
-0.0495452880859375 -0.217239379882813 -0.257644653320312 -0.18634033203125
0.17852783203125 -0.140289306640625 -0.108551025390625 -0.366485595703125
0.241302490234375 0.0703125 0.085235595703125 -0.3387451171875
0.156387329101563 0.19207763671875 0.211669921875 -0.184906005859375
0.138397216796875 0.233810424804688 -0.178115844726563 0.124557495117188
0.261001586914062 0.080718994140625 -0.17132568359375 0.2703857421875
0.204055786132813 -0.117889404296875 0.026580810546875 0.380584716796875
0.01312255859375 -0.208892822265625 0.222808837890625 0.291961669921875
-0.134284973144531 -0.132347106933594 0.296905517578125 0.10003662109375
-0.2127685546875 0.00292968750000004 0.234634399414063 -0.054229736328125
-0.159088134765625 0.0879364013671875 0.126106262207031 -0.0958633422851563
-0.133110046386719 0.0823135375976563 0.0268936157226562 -0.0405807495117187
-0.185699462890625 0.0794525146484375 -0.0552253723144531 0.0191307067871094
-0.220504760742187 -0.0164642333984375 -0.137527465820313 0.011444091796875
-0.150436401367188 -0.1453857421875 -0.204635620117188 -0.034393310546875
-0.0189056396484375 -0.220733642578125 -0.209152221679687 -0.15838623046875
0.19732666015625 -0.1075439453125 -0.0885009765625 -0.328094482421875
0.229324340820313 0.1005859375 0.1094970703125 -0.308746337890625
0.138275146484375 0.20404052734375 0.228439331054688 -0.119171142578125
0.118545532226563 0.195220947265625 -0.156326293945313 0.187240600585938
0.206130981445313 0.0591583251953125 -0.144866943359375 0.3125
0.153411865234375 -0.08905029296875 0.068572998046875 0.403656005859375
0.00726318359374998 -0.1505126953125 0.2774658203125 0.302581787109375
-0.103309631347656 -0.091827392578125 0.3504638671875 0.089080810546875
-0.163101196289063 0.00842285156249999 0.289031982421875 -0.091033935546875
-0.123336791992188 0.0677261352539063 0.168624877929688 -0.1451416015625
-0.108177185058594 0.06591796875 0.0675582885742188 -0.091766357421875
-0.15753173828125 0.059051513671875 -0.00141143798828126 -0.0260181427001953
-0.179168701171875 -0.029510498046875 -0.0658226013183594 -0.00849533081054689
-0.107154846191406 -0.136474609375 -0.140556335449219 -0.023681640625
0.016387939453125 -0.178436279296875 -0.173980712890625 -0.122329711914063
0.17333984375 -0.0511474609375 -0.0819091796875 -0.29901123046875
0.172119140625 0.114227294921875 0.1240234375 -0.29058837890625
0.0981292724609375 0.179412841796875 0.235885620117188 -0.057830810546875
0.0765914916992188 0.132095336914063 -0.136428833007813 0.24212646484375
0.124488830566406 0.041839599609375 -0.110626220703125 0.3466796875
0.0994796752929687 -0.042816162109375 0.113616943359375 0.40728759765625
0.0132675170898437 -0.08172607421875 0.318206787109375 0.29254150390625
-0.0588188171386719 -0.0516128540039062 0.379119873046875 0.06866455078125
-0.0966949462890625 0.00557708740234373 0.31939697265625 -0.12396240234375
-0.0729904174804688 0.0368270874023438 0.193145751953125 -0.182403564453125
-0.0665931701660156 0.0399322509765625 0.0965042114257813 -0.128379821777344
-0.102874755859375 0.0312423706054688 0.0425643920898438 -0.0561027526855469
-0.109092712402344 -0.0300064086914062 -0.0090780258178711 -0.0149774551391602
-0.0514144897460938 -0.0942306518554688 -0.0975494384765625 -0.00692749023437499
0.0323486328125 -0.102638244628906 -0.16046142578125 -0.0959625244140625
0.109176635742188 0.00037384033203125 -0.0823974609375 -0.289886474609375
0.08941650390625 0.0938034057617188 0.13665771484375 -0.284820556640625
0.04901123046875 0.122306823730469 0.231735229492188 -0.00897216796874999
0.000806808471679688 -0.0238227844238281 -0.251388549804688 0.0328369140625
-0.0112876892089844 -0.0245494842529297 -0.138916015625 0.2896728515625
0.0100297927856445 -0.0108785629272461 0.1258544921875 0.2659912109375
-0.00888824462890625 -0.00588417053222656 0.166549682617187 0.0805816650390625
-0.00591087341308594 0.0140514373779297 0.0681419372558594 -0.0176467895507813
0.0236854553222656 0.015350341796875 -0.0206775665283203 -0.00173187255859375
0.0302448272705078 0.00226974487304688 -0.081024169921875 0.0743942260742188
0.0205211639404297 -0.0035247802734375 -0.128021240234375 0.148025512695313
0.0131874084472656 -0.00524044036865234 -0.205413818359375 0.173187255859375
0.0072932243347168 -0.00838041305541992 -0.3192138671875 0.104949951171875
0.0102214813232422 -0.000294685363769531 -0.38677978515625 -0.02813720703125
-0.00354385375976562 0.00881099700927734 -0.3319091796875 -0.239990234375
-0.0313796997070313 0.00673294067382813 -0.11541748046875 -0.432098388671875
-0.0482368469238281 -0.0399131774902344 0.050689697265625 -0.381317138671875
-0.0227279663085938 -0.075714111328125 0.146942138671875 -0.275054931640625
0.0417747497558594 0.0637969970703125 -0.240798950195312 0.01336669921875
0.0786056518554688 0.0295944213867188 -0.148880004882813 0.270309448242188
0.0980682373046875 -0.0340728759765625 0.10150146484375 0.272750854492188
0.0181808471679687 -0.0931320190429688 0.156005859375 0.0966644287109375
-0.0497474670410156 -0.058135986328125 0.0753860473632813 -0.00510406494140625
-0.0700607299804687 0.00234985351562499 -0.0186958312988281 0.00253486633300781
-0.0430221557617187 0.0370216369628906 -0.0745925903320313 0.0720672607421875
-0.0314064025878906 0.0302619934082031 -0.12139892578125 0.144515991210938
-0.0496940612792969 0.0273933410644531 -0.1995849609375 0.175796508789063
-0.0658950805664063 -0.000530242919921877 -0.3145751953125 0.112152099609375
-0.0465164184570313 -0.034912109375 -0.381988525390625 -0.01177978515625
-0.0271759033203125 -0.0568351745605469 -0.340667724609375 -0.22076416015625
0.0253829956054688 -0.04693603515625 -0.1434326171875 -0.424224853515625
0.0474205017089844 -0.0168571472167969 0.03167724609375 -0.388885498046875
0.0417633056640625 0.00493240356445313 0.148162841796875 -0.292388916015625
0.082000732421875 0.145675659179688 -0.228897094726563 0.00906372070312501
0.165863037109375 0.075592041015625 -0.156036376953125 0.241439819335938
0.176742553710938 -0.062835693359375 0.06292724609375 0.276382446289063
0.0389862060546875 -0.168426513671875 0.14361572265625 0.133514404296875
-0.0905380249023437 -0.119781494140625 0.103759765625 0.0259246826171875
-0.1519775390625 -0.00997924804687502 0.0181846618652344 0.00238418579101562
-0.107528686523437 0.0663833618164063 -0.0424766540527344 0.049530029296875
-0.0794601440429688 0.0581893920898438 -0.098388671875 0.121017456054687
-0.105430603027344 0.05816650390625 -0.178359985351562 0.157150268554688
-0.132926940917969 0.00856781005859376 -0.294708251953125 0.105224609375
-0.100677490234375 -0.0658645629882813 -0.364471435546875 -0.00830078124999997
-0.048919677734375 -0.119163513183594 -0.333282470703125 -0.20703125
0.0804367065429688 -0.096466064453125 -0.152801513671875 -0.412109375
0.1358642578125 0.00734710693359375 0.031829833984375 -0.3851318359375
0.102287292480469 0.0818557739257813 0.162200927734375 -0.2821044921875
0.11700439453125 0.207199096679688 -0.214187622070312 0.0251617431640625
0.239166259765625 0.0962982177734375 -0.169082641601563 0.223770141601563
0.225845336914063 -0.098419189453125 0.025238037109375 0.298248291015625
0.039703369140625 -0.223922729492188 0.144989013671875 0.188629150390625
-0.126907348632812 -0.154556274414062 0.156585693359375 0.0632781982421875
-0.208770751953125 -0.0105743408203125 0.082611083984375 -0.00380706787109375
-0.150665283203125 0.0873260498046875 0.00900745391845702 0.0105571746826172
-0.114570617675781 0.0788650512695312 -0.0610580444335937 0.076812744140625
-0.152023315429688 0.082427978515625 -0.148117065429688 0.121795654296875
-0.189071655273438 0.0131988525390625 -0.25927734375 0.0810546875
-0.145248413085938 -0.0965576171875 -0.327117919921875 -0.014678955078125
-0.0602874755859375 -0.176193237304687 -0.305999755859375 -0.195281982421875
0.132804870605469 -0.133567810058594 -0.140350341796875 -0.392120361328125
0.208099365234375 0.0340728759765625 0.051788330078125 -0.367340087890625
0.14556884765625 0.146575927734375 0.18524169921875 -0.247314453125
0.1387939453125 0.238693237304688 -0.197265625 0.065704345703125
0.27581787109375 0.09283447265625 -0.176681518554687 0.2354736328125
0.233489990234375 -0.12310791015625 0.011322021484375 0.338775634765625
0.024810791015625 -0.239349365234375 0.174087524414063 0.246658325195313
-0.145782470703125 -0.155792236328125 0.227828979492188 0.088623046875
-0.229782104492188 -0.00254821777343747 0.160537719726562 -0.0249481201171875
-0.166854858398438 0.098114013671875 0.0683364868164063 -0.0414848327636719
-0.132545471191406 0.0883102416992188 -0.0168552398681641 0.0199604034423828
-0.180145263671875 0.09088134765625 -0.104736328125 0.0721282958984375
-0.222549438476563 0.0056915283203125 -0.204666137695312 0.0466766357421875
-0.166610717773438 -0.126800537109375 -0.271270751953125 -0.0252227783203125
-0.052764892578125 -0.216354370117188 -0.259567260742188 -0.179122924804688
0.177078247070313 -0.141128540039063 -0.11688232421875 -0.36016845703125
0.245819091796875 0.0673370361328125 0.079254150390625 -0.3406982421875
0.160903930664063 0.189834594726563 0.211196899414063 -0.191543579101563
0.13983154296875 0.232223510742188 -0.176681518554688 0.124923706054687
0.262130737304688 0.07421875 -0.168228149414063 0.27117919921875
0.203903198242188 -0.121414184570313 0.0314025878906251 0.378082275390625
0.00944519042968749 -0.209304809570313 0.225982666015625 0.285919189453125
-0.137077331542969 -0.1292724609375 0.296356201171875 0.093841552734375
-0.211029052734375 0.00833129882812495 0.232391357421875 -0.058563232421875
-0.155075073242188 0.0907745361328125 0.122970581054687 -0.09814453125
-0.128089904785156 0.08392333984375 0.0268707275390625 -0.0390853881835937
-0.182159423828125 0.0847625732421875 -0.0528488159179688 0.0197715759277344
-0.221115112304688 -0.00997924804687505 -0.136199951171875 0.01385498046875
-0.154006958007813 -0.144760131835938 -0.2015380859375 -0.02813720703125
-0.02215576171875 -0.220184326171875 -0.20941162109375 -0.151031494140625
0.197235107421875 -0.1092529296875 -0.095550537109375 -0.32275390625
0.234710693359375 0.098968505859375 0.101776123046875 -0.31109619140625
0.143264770507813 0.20196533203125 0.227890014648438 -0.126144409179688
0.118637084960938 0.194091796875 -0.153427124023438 0.18878173828125
0.206085205078125 0.0550537109375 -0.140350341796875 0.313201904296875
0.153396606445313 -0.09124755859375 0.07452392578125 0.39990234375
0.0052490234375 -0.151214599609375 0.2794189453125 0.295166015625
-0.104866027832031 -0.0899505615234375 0.34942626953125 0.081451416015625
-0.161697387695313 0.0116729736328125 0.28521728515625 -0.096221923828125
-0.120338439941406 0.0700149536132813 0.162979125976563 -0.1485595703125
-0.104774475097656 0.0659942626953125 0.0657958984375 -0.0914688110351563
-0.155303955078125 0.0640106201171875 -0.000572204589843762 -0.0276203155517578
-0.180831909179687 -0.0252532958984375 -0.0641365051269531 -0.00824356079101561
-0.110244750976562 -0.136566162109375 -0.137046813964844 -0.0183944702148437
0.013946533203125 -0.180038452148438 -0.173126220703125 -0.115493774414063
0.174850463867188 -0.05169677734375 -0.0889892578125 -0.29327392578125
0.177261352539063 0.113265991210938 0.115936279296875 -0.29351806640625
0.101348876953125 0.17864990234375 0.234954833984375 -0.06268310546875
0.07733154296875 0.131126403808594 -0.134109497070312 0.243255615234375
0.124191284179688 0.0392608642578125 -0.1080322265625 0.346038818359375
0.0993118286132813 -0.0442352294921875 0.1170654296875 0.40301513671875
0.0130233764648438 -0.0809783935546875 0.320587158203125 0.285247802734375
-0.059326171875 -0.0496482849121094 0.378387451171875 0.0592041015625
-0.097442626953125 0.00676727294921876 0.313751220703125 -0.129547119140625
-0.0711593627929687 0.0372848510742188 0.186859130859375 -0.185317993164063
-0.0643844604492188 0.0399818420410156 0.0933609008789062 -0.130409240722656
-0.100440979003906 0.0341644287109375 0.0426101684570312 -0.0597686767578125
-0.109748840332031 -0.0276412963867187 -0.00680541992187501 -0.0164680480957031
-0.0522918701171875 -0.0957183837890625 -0.093292236328125 -0.00214385986328126
0.0318527221679687 -0.104499816894531 -0.158966064453125 -0.0881805419921875
0.110092163085937 0.000701904296875 -0.091644287109375 -0.283843994140625
0.0928573608398438 0.0941848754882813 0.128265380859375 -0.287750244140625
0.0508880615234375 0.121864318847656 0.23095703125 -0.0142059326171875
-0.000194549560546875 -0.025634765625 -0.255462646484375 0.0334320068359375
-0.0135631561279297 -0.0255222320556641 -0.139678955078125 0.29876708984375
0.00935840606689453 -0.0138683319091797 0.130416870117188 0.271209716796875
-0.0103864669799805 -0.00624465942382813 0.169525146484375 0.079071044921875
-0.00598335266113281 0.0162229537963867 0.0666084289550781 -0.0201339721679688
0.0257167816162109 0.0152206420898437 -0.0259952545166016 -0.00145721435546875
0.0320873260498047 0.000566482543945313 -0.0839462280273438 0.0799026489257812
0.0222969055175781 -0.00522041320800781 -0.126541137695313 0.15533447265625
0.0146389007568359 -0.00476741790771484 -0.207199096679688 0.181015014648438
0.00672483444213867 -0.00780105590820313 -0.325042724609375 0.113006591796875
0.00918006896972656 -0.00185585021972656 -0.395233154296875 -0.02215576171875
-0.00342178344726562 0.00944328308105469 -0.34210205078125 -0.240570068359375
-0.0323963165283203 0.00797843933105469 -0.123291015625 -0.44024658203125
-0.050201416015625 -0.0393257141113281 0.04803466796875 -0.39190673828125
-0.0233306884765625 -0.0787429809570312 0.152130126953125 -0.2879638671875
0.0419044494628906 0.0659141540527344 -0.247100830078125 0.0136566162109375
0.0802764892578125 0.0298614501953125 -0.149749755859375 0.276687622070313
0.101921081542969 -0.0382461547851563 0.105636596679687 0.27740478515625
0.0175933837890625 -0.0954360961914063 0.159210205078125 0.0941925048828125
-0.052764892578125 -0.0583610534667969 0.07470703125 -0.00601959228515625
-0.0708999633789063 0.0025177001953125 -0.0221195220947266 0.00279045104980469
-0.0422782897949219 0.0380592346191406 -0.0769271850585938 0.0760574340820313
-0.0308723449707031 0.0286006927490234 -0.120025634765625 0.152496337890625
-0.0487594604492188 0.0299034118652344 -0.199203491210938 0.182815551757813
-0.066986083984375 0.00159072875976564 -0.318450927734375 0.120025634765625
-0.0490913391113281 -0.0354347229003906 -0.390716552734375 -0.00616455078125008
-0.0276031494140625 -0.0570945739746094 -0.350830078125 -0.22088623046875
0.0265235900878906 -0.04644775390625 -0.151824951171875 -0.43243408203125
0.048553466796875 -0.016693115234375 0.028106689453125 -0.400634765625
0.04437255859375 0.00293731689453125 0.153076171875 -0.304443359375
0.0832061767578125 0.15032958984375 -0.232376098632812 0.00839233398437503
0.171234130859375 0.0758209228515625 -0.158187866210938 0.247573852539062
0.1839599609375 -0.068450927734375 0.06671142578125 0.281280517578125
0.038848876953125 -0.1756591796875 0.14556884765625 0.133468627929688
-0.095062255859375 -0.121749877929688 0.1043701171875 0.0244140625
-0.154861450195313 -0.00752258300781251 0.0165939331054687 0.00439739227294922
-0.10784912109375 0.0694351196289063 -0.0436172485351563 0.0527076721191406
-0.0796737670898438 0.0600738525390625 -0.0957412719726563 0.126777648925781
-0.106651306152344 0.0622634887695312 -0.179168701171875 0.164398193359375
-0.137466430664062 0.0122299194335938 -0.2987060546875 0.113006591796875
-0.105499267578125 -0.0666275024414063 -0.370849609375 -0.00073242187500008
-0.0506591796875 -0.121788024902344 -0.341705322265625 -0.206085205078125
0.0831146240234375 -0.0984115600585938 -0.1605224609375 -0.4180908203125
0.14288330078125 0.0060882568359375 0.0289306640625 -0.396820068359375
0.106697082519531 0.0833511352539062 0.167236328125 -0.29595947265625
0.11859130859375 0.21539306640625 -0.218017578125 0.0252380371093751
0.24688720703125 0.096343994140625 -0.172470092773437 0.230789184570313
0.235076904296875 -0.104766845703125 0.027862548828125 0.305419921875
0.039520263671875 -0.2325439453125 0.147857666015625 0.1915283203125
-0.132354736328125 -0.157958984375 0.158782958984375 0.062530517578125
-0.213790893554688 -0.00700378417968752 0.0836410522460937 -0.00392913818359375
-0.152786254882812 0.091583251953125 0.0102443695068359 0.0117835998535156
-0.11553955078125 0.0806427001953125 -0.0587234497070313 0.0809555053710937
-0.152999877929687 0.0873870849609375 -0.147689819335938 0.125579833984375
-0.194412231445313 0.017578125 -0.262619018554688 0.087249755859375
-0.151580810546875 -0.09857177734375 -0.33343505859375 -0.00982666015625001
-0.065399169921875 -0.180023193359375 -0.31414794921875 -0.1929931640625
0.136566162109375 -0.13690185546875 -0.14752197265625 -0.397430419921875
0.218307495117188 0.033050537109375 0.04876708984375 -0.3792724609375
0.15203857421875 0.149215698242188 0.190353393554688 -0.259536743164063
0.142044067382813 0.246627807617188 -0.202163696289063 0.06756591796875
0.28387451171875 0.090972900390625 -0.181320190429688 0.2420654296875
0.242141723632813 -0.132034301757813 0.012969970703125 0.346893310546875
0.02349853515625 -0.248291015625 0.17919921875 0.2510986328125
-0.151275634765625 -0.158401489257813 0.233047485351563 0.0877532958984375
-0.235260009765625 0.00227355957031251 0.164764404296875 -0.028045654296875
-0.16827392578125 0.101577758789062 0.0704498291015625 -0.0441055297851563
-0.132453918457031 0.089996337890625 -0.0151309967041016 0.022247314453125
-0.181655883789063 0.0978240966796875 -0.104469299316406 0.0741958618164063
-0.22894287109375 0.010711669921875 -0.208358764648438 0.0503387451171875
-0.174163818359375 -0.1297607421875 -0.275665283203125 -0.0216522216796875
-0.055755615234375 -0.222320556640625 -0.265594482421875 -0.17779541015625
0.18377685546875 -0.1461181640625 -0.1224365234375 -0.365509033203125
0.258544921875 0.0670928955078125 0.0762023925781251 -0.35223388671875
0.168167114257813 0.19390869140625 0.216278076171875 -0.203353881835938
0.14361572265625 0.239410400390625 -0.181228637695313 0.128280639648438
0.268875122070313 0.0728607177734375 -0.1722412109375 0.278778076171875
0.210220336914063 -0.128280639648438 0.03399658203125 0.3873291015625
0.00894165039062498 -0.2159423828125 0.23291015625 0.28948974609375
-0.14208984375 -0.130813598632813 0.304595947265625 0.092742919921875
-0.215179443359375 0.011016845703125 0.237258911132813 -0.064300537109375
-0.156219482421875 0.0951385498046875 0.124687194824219 -0.102378845214844
-0.1297607421875 0.08551025390625 0.0286102294921875 -0.0398597717285156
-0.183670043945313 0.090423583984375 -0.0528717041015625 0.0187644958496094
-0.228363037109375 -0.0061492919921875 -0.138351440429688 0.0143051147460937
-0.161727905273437 -0.149993896484375 -0.20416259765625 -0.0259857177734375
-0.024688720703125 -0.227935791015625 -0.214263916015625 -0.150634765625
0.205245971679688 -0.11199951171875 -0.10107421875 -0.3250732421875
0.245956420898438 0.099945068359375 0.100067138671875 -0.322235107421875
0.150726318359375 0.206283569335938 0.234085083007813 -0.1341552734375
0.1212158203125 0.199844360351563 -0.158035278320313 0.193817138671875
0.210647583007813 0.0535125732421875 -0.144195556640625 0.322021484375
0.159561157226563 -0.09661865234375 0.078125 0.412017822265625
0.00508117675781249 -0.155059814453125 0.288055419921875 0.298919677734375
-0.109489440917969 -0.0910568237304687 0.359161376953125 0.078460693359375
-0.1661376953125 0.0144195556640625 0.291107177734375 -0.103790283203125
-0.121841430664063 0.0727081298828125 0.164840698242187 -0.154586791992188
-0.1046142578125 0.066650390625 0.0670852661132813 -0.0951080322265625
-0.156661987304688 0.0680999755859375 0.000810623168945304 -0.0296077728271484
-0.18768310546875 -0.0219879150390625 -0.0640411376953125 -0.00978088378906251
-0.116180419921875 -0.1417236328125 -0.136909484863281 -0.0157623291015625
0.01312255859375 -0.185516357421875 -0.176498413085937 -0.114608764648438
0.182388305664063 -0.053497314453125 -0.096160888671875 -0.296356201171875
0.186599731445313 0.115386962890625 0.11407470703125 -0.303985595703125
0.107208251953125 0.181808471679688 0.241256713867187 -0.0693206787109375
0.07977294921875 0.135185241699219 -0.138198852539062 0.251556396484375
0.126136779785156 0.0386505126953125 -0.110015869140625 0.35723876953125
0.102622985839844 -0.0479507446289063 0.122467041015625 0.413543701171875
0.0125732421875 -0.0834121704101563 0.32965087890625 0.28643798828125
-0.0604629516601563 -0.0506668090820313 0.387237548828125 0.055908203125
-0.0977935791015625 0.00857543945312499 0.31939697265625 -0.138336181640625
-0.0701675415039063 0.0389595031738281 0.189163208007813 -0.193252563476563
-0.0637855529785156 0.0403823852539062 0.0953292846679688 -0.133720397949219
-0.101814270019531 0.0365829467773437 0.0424346923828125 -0.0633773803710938
-0.114158630371094 -0.0276947021484375 -0.00558471679687501 -0.0182285308837891
-0.0564956665039062 -0.0991287231445313 -0.0921554565429687 0.000869750976562498
0.032928466796875 -0.108085632324219 -0.16162109375 -0.0861358642578125
0.11505126953125 0.00139617919921875 -0.09893798828125 -0.28717041015625
0.0992965698242187 0.0978164672851562 0.125579833984375 -0.30029296875
0.0548019409179687 0.123466491699219 0.238372802734375 -0.0168609619140625
-0.00214195251464844 -0.0276069641113281 -0.26531982421875 0.039520263671875
-0.0178470611572266 -0.028076171875 -0.13751220703125 0.31829833984375
0.00893115997314453 -0.0171966552734375 0.145584106445313 0.281036376953125
-0.0117979049682617 -0.00670528411865234 0.178817749023437 0.077392578125
-0.00480461120605469 0.0181083679199219 0.0658073425292969 -0.023773193359375
0.0287017822265625 0.0148849487304687 -0.0305881500244141 0.000602722167968749
0.0347518920898438 -0.00173187255859375 -0.085968017578125 0.0880584716796875
0.02392578125 -0.00688552856445313 -0.125823974609375 0.168838500976563
0.0165538787841797 -0.00565719604492188 -0.21051025390625 0.196273803710938
0.00623226165771484 -0.00820541381835937 -0.336029052734375 0.12762451171875
0.00868082046508789 -0.00259494781494141 -0.4132080078125 -0.0114135742187499
-0.00305747985839844 0.0100603103637695 -0.365753173828125 -0.24127197265625
-0.0324745178222656 0.00988006591796875 -0.1416015625 -0.4578857421875
-0.0532913208007813 -0.0396614074707031 0.04205322265625 -0.4144287109375
-0.02545166015625 -0.0824356079101563 0.155181884765625 -0.30999755859375
0.044586181640625 0.0696640014648437 -0.256591796875 0.0168609619140625
0.0831451416015625 0.0280380249023437 -0.148834228515625 0.29473876953125
0.106285095214844 -0.0465545654296875 0.11981201171875 0.287567138671875
0.0164566040039063 -0.102874755859375 0.167892456054688 0.093963623046875
-0.0557365417480469 -0.0595321655273437 0.0746612548828125 -0.00977325439453125
-0.0738983154296875 0.0037689208984375 -0.0255985260009766 0.00578880310058594
-0.0428352355957031 0.0401229858398438 -0.0792617797851563 0.08477783203125
-0.0301055908203125 0.0296039581298828 -0.118179321289062 0.16436767578125
-0.0483055114746094 0.0332603454589844 -0.202041625976563 0.197372436523438
-0.0714874267578125 0.00453948974609374 -0.32989501953125 0.136474609375
-0.0541496276855469 -0.0377540588378906 -0.407562255859375 0.00674438476562509
-0.0296134948730469 -0.0594291687011719 -0.37359619140625 -0.220703125
0.0284004211425781 -0.0485305786132813 -0.172637939453125 -0.446533203125
0.0522079467773438 -0.0190811157226562 0.020477294921875 -0.42449951171875
0.0465660095214844 0.00312423706054688 0.157806396484375 -0.3287353515625
0.089111328125 0.15802001953125 -0.243179321289063 0.0115814208984375
0.1815185546875 0.07440185546875 -0.160537719726563 0.263504028320313
0.19415283203125 -0.079498291015625 0.077972412109375 0.29510498046875
0.0357666015625 -0.188186645507813 0.154953002929688 0.135589599609375
-0.103248596191406 -0.126007080078125 0.107452392578125 0.0230789184570312
-0.163711547851563 -0.00366210937499998 0.0155391693115234 0.00511074066162109
-0.111618041992188 0.0747528076171875 -0.0439071655273438 0.0581855773925781
-0.0800933837890625 0.0626220703125 -0.0921096801757812 0.136894226074219
-0.108413696289063 0.0696029663085938 -0.181732177734375 0.176681518554688
-0.1436767578125 0.017974853515625 -0.30841064453125 0.127044677734375
-0.114334106445313 -0.0688095092773438 -0.3876953125 0.00900268554687501
-0.0555953979492187 -0.127288818359375 -0.364044189453125 -0.20556640625
0.0866241455078125 -0.105247497558594 -0.181732177734375 -0.4329833984375
0.153778076171875 0.0027923583984375 0.0198974609375 -0.420196533203125
0.115150451660156 0.0841140747070312 0.171417236328125 -0.32122802734375
0.128189086914063 0.2261962890625 -0.227584838867188 0.02984619140625
0.261764526367187 0.094573974609375 -0.175567626953125 0.244964599609375
0.246978759765625 -0.119949340820313 0.036468505859375 0.319580078125
0.0355682373046875 -0.248992919921875 0.15838623046875 0.196914672851562
-0.143447875976563 -0.162841796875 0.166641235351563 0.06048583984375
-0.2242431640625 -0.00163269042968754 0.0858688354492187 -0.006011962890625
-0.15643310546875 0.100387573242188 0.0113554000854492 0.0117902755737305
-0.117240905761719 0.0853958129882812 -0.055633544921875 0.0869979858398438
-0.156234741210937 0.0960540771484375 -0.14935302734375 0.135543823242187
-0.204208374023438 0.02655029296875 -0.271835327148438 0.0988311767578125
-0.164382934570313 -0.101058959960937 -0.348175048828125 0.000213623046874944
-0.071563720703125 -0.187942504882812 -0.333160400390625 -0.1943359375
0.143905639648437 -0.147079467773438 -0.166168212890625 -0.412567138671875
0.233901977539063 0.0285186767578125 0.041046142578125 -0.402679443359375
0.1649169921875 0.15228271484375 0.19537353515625 -0.28277587890625
0.153762817382813 0.259872436523438 -0.210830688476562 0.0743865966796875
0.299774169921875 0.08746337890625 -0.185226440429687 0.2584228515625
0.253189086914063 -0.14678955078125 0.0223388671875 0.36566162109375
0.018768310546875 -0.263153076171875 0.193222045898437 0.2578125
-0.163375854492188 -0.163345336914062 0.24554443359375 0.0859527587890625
-0.2462158203125 0.0085601806640625 0.170639038085937 -0.03399658203125
-0.173446655273437 0.110824584960938 0.072723388671875 -0.047698974609375
-0.136688232421875 0.0948028564453125 -0.012481689453125 0.0237884521484375
-0.185653686523438 0.108901977539063 -0.105812072753906 0.08013916015625
-0.24127197265625 0.0214385986328125 -0.216079711914063 0.0580902099609375
-0.189697265625 -0.133346557617187 -0.28662109375 -0.013580322265625
-0.0648345947265625 -0.233474731445313 -0.28192138671875 -0.17864990234375
0.194000244140625 -0.156982421875 -0.138946533203125 -0.378326416015625
0.277618408203125 0.0623321533203125 0.0703125 -0.373565673828125
0.182693481445313 0.19903564453125 0.223892211914063 -0.223495483398438
0.155502319335938 0.252777099609375 -0.189071655273438 0.139083862304688
0.28204345703125 0.0697021484375 -0.176239013671875 0.2967529296875
0.220123291015625 -0.142471313476563 0.04510498046875 0.40771484375
0.00386047363281252 -0.229751586914063 0.2510986328125 0.298095703125
-0.153182983398438 -0.134475708007812 0.32220458984375 0.087554931640625
-0.225311279296875 0.0187530517578125 0.24737548828125 -0.0756988525390625
-0.160659790039063 0.10321044921875 0.128089904785156 -0.111244201660156
-0.132301330566406 0.0905838012695313 0.031158447265625 -0.042236328125
-0.188552856445313 0.100936889648438 -0.0536651611328125 0.0189361572265625
-0.240875244140625 0.00271606445312505 -0.143325805664063 0.01763916015625
-0.17706298828125 -0.154434204101562 -0.210845947265625 -0.0204162597656251
-0.0316314697265625 -0.240676879882812 -0.225967407226562 -0.150375366210938
0.217483520507812 -0.122695922851562 -0.11602783203125 -0.3370361328125
0.267196655273438 0.0988616943359375 0.09442138671875 -0.343017578125
0.163925170898437 0.212051391601562 0.24420166015625 -0.151275634765625
0.130844116210937 0.21026611328125 -0.163970947265625 0.208648681640625
0.221084594726563 0.0501556396484375 -0.146514892578125 0.343048095703125
0.165924072265625 -0.106826782226563 0.092681884765625 0.4310302734375
0.0020751953125 -0.164779663085938 0.3104248046875 0.3050537109375
-0.116920471191406 -0.0931549072265625 0.378173828125 0.071746826171875
-0.173187255859375 0.019927978515625 0.301544189453125 -0.118865966796875
-0.124473571777344 0.0794525146484375 0.16888427734375 -0.168289184570313
-0.10699462890625 0.0715408325195313 0.0703125 -0.101394653320313
-0.161087036132812 0.075775146484375 1.90734863280014E-06 -0.0335502624511719
-0.198928833007813 -0.017059326171875 -0.0668907165527344 -0.0102386474609375
-0.128143310546875 -0.148147583007812 -0.139991760253906 -0.0122528076171875
0.0100555419921875 -0.197647094726562 -0.18585205078125 -0.112686157226563
0.195587158203125 -0.059661865234375 -0.110870361328125 -0.304595947265625
0.204803466796875 0.117202758789062 0.10882568359375 -0.3245849609375
0.118301391601562 0.188247680664063 0.252227783203125 -0.0816192626953125
0.084503173828125 0.142791748046875 -0.142120361328125 0.268539428710938
0.132171630859375 0.0366668701171875 -0.111053466796875 0.37939453125
0.107620239257813 -0.0530776977539062 0.139892578125 0.433258056640625
0.0122222900390625 -0.0891876220703125 0.353668212890625 0.292938232421875
-0.0642967224121094 -0.0502815246582031 0.408538818359375 0.046905517578125
-0.102088928222656 0.0117111206054687 0.330780029296875 -0.15679931640625
-0.0730972290039063 0.0425033569335937 0.1915283203125 -0.209487915039062
-0.064422607421875 0.0410537719726563 0.0974273681640625 -0.144317626953125
-0.1048583984375 0.0416107177734375 0.043121337890625 -0.0692825317382813
-0.121597290039063 -0.0241470336914062 -0.00415229797363282 -0.0213813781738281
-0.0634918212890625 -0.104881286621094 -0.0916748046875 0.00414276123046874
0.0320281982421875 -0.1162109375 -0.169952392578125 -0.0828399658203126
0.125656127929688 0.00063323974609375 -0.11407470703125 -0.296234130859375
0.110519409179687 0.100273132324219 0.120086669921875 -0.319915771484375
0.0603179931640625 0.128433227539063 0.25018310546875 -0.02587890625
-0.00515365600585938 -0.0302200317382813 -0.276046752929688 0.0533905029296875
-0.0223159790039063 -0.0289573669433594 -0.12457275390625 0.344451904296875
0.0064544677734375 -0.0220966339111328 0.172027587890625 0.287261962890625
-0.0141305923461914 -0.00808429718017578 0.192916870117188 0.0669403076171875
-0.00274848937988281 0.0190753936767578 0.0629920959472656 -0.0302543640136719
0.0309638977050781 0.0119266510009766 -0.0358200073242187 0.00396728515625
0.0370101928710938 -0.00557708740234375 -0.0843429565429687 0.101310729980469
0.0256290435791016 -0.0108242034912109 -0.118820190429687 0.185714721679687
0.0183830261230469 -0.00740432739257813 -0.208663940429687 0.219131469726563
0.00513458251953125 -0.00866127014160156 -0.345672607421875 0.155731201171875
0.00768327713012695 -0.0033268928527832 -0.436431884765625 0.015533447265625
-0.00123786926269531 0.00985336303710938 -0.399383544921875 -0.231689453125
-0.0337123870849609 0.0127296447753906 -0.176513671875 -0.473419189453125
-0.0578536987304687 -0.0379219055175781 0.018798828125 -0.44305419921875
-0.0313262939453125 -0.08782958984375 0.149017333984375 -0.34027099609375
0.0490188598632812 0.0727615356445313 -0.267501831054688 0.029632568359375
0.0863571166992188 0.0259017944335938 -0.1397705078125 0.31964111328125
0.109458923339844 -0.0579910278320313 0.14569091796875 0.2965087890625
0.0096435546875 -0.109611511230469 0.181076049804688 0.0867156982421875
-0.0614585876464844 -0.0593147277832031 0.0733642578125 -0.0166473388671875
-0.0771484375 0.00637817382812501 -0.0287876129150391 0.00977325439453125
-0.0426406860351563 0.0431404113769531 -0.076751708984375 0.09429931640625
-0.0299015045166016 0.031524658203125 -0.109710693359375 0.182342529296875
-0.0468673706054687 0.0365219116210938 -0.199539184570313 0.219223022460937
-0.0754470825195313 0.0114059448242187 -0.33709716796875 0.162506103515625
-0.0603713989257813 -0.0357818603515625 -0.428009033203125 0.0317382812499999
-0.0336799621582031 -0.0619621276855469 -0.407135009765625 -0.2080078125
0.029327392578125 -0.0537109375 -0.208221435546875 -0.4599609375
0.0542945861816406 -0.0238304138183594 -0.00427246093750004 -0.449493408203125
0.0506095886230469 -0.00177764892578125 0.14898681640625 -0.362884521484375
0.102203369140625 0.1669921875 -0.254608154296875 0.0221405029296875
0.195510864257813 0.069183349609375 -0.15386962890625 0.2872314453125
0.201339721679687 -0.0977783203125 0.1007080078125 0.305938720703125
0.0266571044921875 -0.204086303710937 0.167343139648438 0.131500244140625
-0.117218017578125 -0.128608703613281 0.111053466796875 0.0166473388671875
-0.173202514648438 0.00704956054687497 0.0155811309814453 0.00643348693847656
-0.1119384765625 0.084686279296875 -0.0428085327148438 0.0651130676269531
-0.0800399780273437 0.0674896240234375 -0.08673095703125 0.15008544921875
-0.108192443847656 0.0783004760742188 -0.178756713867188 0.19720458984375
-0.15081787109375 0.0310211181640625 -0.316009521484375 0.15191650390625
-0.127975463867188 -0.0675048828125 -0.40576171875 0.033294677734375
-0.0670318603515625 -0.129570007324219 -0.394317626953125 -0.19439697265625
0.08856201171875 -0.116851806640625 -0.21612548828125 -0.44635009765625
0.1641845703125 -0.0085906982421875 -0.00460815429687494 -0.4444580078125
0.124374389648438 0.082489013671875 0.163543701171875 -0.353271484375
0.147293090820313 0.236282348632813 -0.23992919921875 0.044189453125
0.28143310546875 0.085052490234375 -0.171722412109375 0.268997192382813
0.255722045898438 -0.144302368164063 0.060272216796875 0.336517333984375
0.022705078125 -0.26776123046875 0.174789428710938 0.198196411132813
-0.161056518554687 -0.16375732421875 0.177749633789063 0.0522003173828125
-0.237701416015625 0.013946533203125 0.0901260375976562 -0.010528564453125
-0.157958984375 0.1160888671875 0.0132303237915039 0.0114822387695313
-0.117408752441406 0.0931015014648438 -0.049835205078125 0.09429931640625
-0.1558837890625 0.111587524414063 -0.14971923828125 0.151077270507813
-0.213836669921875 0.042205810546875 -0.28033447265625 0.11968994140625
-0.183792114257813 -0.0971527099609375 -0.3634033203125 0.0223388671874999
-0.0885009765625 -0.195968627929688 -0.36090087890625 -0.18212890625
0.1461181640625 -0.164352416992188 -0.20050048828125 -0.424468994140625
0.25146484375 0.0144195556640625 0.018096923828125 -0.429656982421875
0.18267822265625 0.14935302734375 0.190826416015625 -0.31671142578125
0.176284790039063 0.269500732421875 -0.218978881835937 0.0904083251953126
0.321807861328125 0.074859619140625 -0.1810302734375 0.284759521484375
0.261306762695313 -0.174575805664063 0.0469055175781251 0.386016845703125
0.00253295898437502 -0.2821044921875 0.21795654296875 0.2606201171875
-0.182723999023438 -0.16265869140625 0.262847900390625 0.075836181640625
-0.258132934570313 0.0263519287109375 0.177352905273437 -0.046173095703125
-0.175018310546875 0.12664794921875 0.0749053955078125 -0.0573806762695312
-0.137977600097656 0.105575561523438 -0.0098247528076172 0.0243968963623047
-0.186676025390625 0.125 -0.105392456054688 0.0895309448242188
-0.2542724609375 0.039398193359375 -0.224380493164063 0.073333740234375
-0.212326049804688 -0.130401611328125 -0.302459716796875 0.001800537109375
-0.08343505859375 -0.244949340820313 -0.305633544921875 -0.17071533203125
0.199493408203125 -0.1785888671875 -0.169952392578125 -0.388916015625
0.30126953125 0.047607421875 0.0498046875 -0.40093994140625
0.204010009765625 0.199386596679688 0.223922729492188 -0.254745483398438
0.177764892578125 0.262527465820313 -0.193115234375 0.1573486328125
0.30047607421875 0.0565185546875 -0.169464111328125 0.324249267578125
0.226104736328125 -0.166015625 0.07305908203125 0.43035888671875
-0.01025390625 -0.244979858398437 0.28253173828125 0.2979736328125
-0.168685913085937 -0.133209228515625 0.34503173828125 0.071990966796875
-0.235992431640625 0.0339813232421875 0.2548828125 -0.095123291015625
-0.16314697265625 0.118057250976563 0.126510620117188 -0.127204895019531
-0.134201049804688 0.100006103515625 0.0315742492675781 -0.0480995178222656
-0.191131591796875 0.117843627929688 -0.0549278259277344 0.0221176147460938
-0.255447387695313 0.0208892822265625 -0.150146484375 0.0254058837890625
-0.200424194335937 -0.15460205078125 -0.221298217773438 -0.00981140136718749
-0.0474700927734375 -0.253311157226563 -0.244232177734375 -0.144363403320313
0.22705078125 -0.142730712890625 -0.144195556640625 -0.346435546875
0.29217529296875 0.08685302734375 0.076934814453125 -0.36871337890625
0.184677124023437 0.214447021484375 0.248565673828125 -0.178695678710937
0.149002075195312 0.220169067382813 -0.16339111328125 0.230743408203125
0.236160278320313 0.0404815673828125 -0.1368408203125 0.37322998046875
0.169357299804688 -0.12432861328125 0.123565673828125 0.4501953125
-0.0069122314453125 -0.175247192382813 0.343902587890625 0.303619384765625
-0.127685546875 -0.0920028686523437 0.40130615234375 0.05108642578125
-0.180328369140625 0.031494140625 0.307159423828125 -0.145599365234375
-0.125564575195313 0.089141845703125 0.166595458984375 -0.190872192382813
-0.107879638671875 0.0772781372070312 0.0682373046875 -0.113250732421875
-0.164810180664062 0.0904998779296875 -0.00295257568359376 -0.0372734069824219
-0.212127685546875 -0.00341796874999998 -0.0702705383300781 -0.00830078124999999
-0.149032592773437 -0.150802612304688 -0.144638061523438 -0.004913330078125
-0.000640869140625018 -0.212814331054688 -0.199844360351562 -0.105819702148438
0.20794677734375 -0.0752105712890625 -0.13568115234375 -0.311676025390625
0.22625732421875 0.111175537109375 0.090911865234375 -0.3507080078125
0.134658813476563 0.1904296875 0.261444091796875 -0.104446411132812
0.0968780517578125 0.149139404296875 -0.137237548828125 0.292633056640625
0.138999938964844 0.03424072265625 -0.095550537109375 0.409881591796875
0.111495971679688 -0.06298828125 0.1727294921875 0.4476318359375
0.00726318359374999 -0.0965042114257812 0.38861083984375 0.28594970703125
-0.07183837890625 -0.0482254028320312 0.43218994140625 0.02178955078125
-0.106666564941406 0.0196533203125 0.33612060546875 -0.186614990234375
-0.072418212890625 0.0492324829101562 0.18768310546875 -0.236114501953125
-0.0647392272949219 0.0449142456054688 0.092681884765625 -0.1605224609375
-0.106002807617187 0.0492401123046875 0.0423736572265625 -0.0789031982421875
-0.13043212890625 -0.0177230834960938 -0.00536918640136719 -0.0241374969482422
-0.076324462890625 -0.110420227050781 -0.0922012329101562 0.00887298583984374
0.0284194946289062 -0.126602172851563 -0.17987060546875 -0.07476806640625
0.136016845703125 -0.00637054443359375 -0.1385498046875 -0.301422119140625
0.125259399414063 0.0977401733398438 0.102447509765625 -0.34759521484375
0.0711669921875 0.130561828613281 0.264205932617188 -0.0436859130859375
-0.00975799560546875 -0.0312347412109375 -0.2774658203125 0.0719451904296875
-0.0252895355224609 -0.0264930725097656 -0.097442626953125 0.3643798828125
0.000217437744140623 -0.0243301391601563 0.206100463867187 0.280548095703125
-0.0162801742553711 -0.00330257415771484 0.200531005859375 0.0525665283203125
-0.000179290771484376 0.0201511383056641 0.0578994750976563 -0.0374298095703125
0.0353355407714844 0.00936508178710937 -0.0399818420410156 0.0101661682128906
0.0351066589355469 -0.0117225646972656 -0.0756759643554688 0.112464904785156
0.0250530242919922 -0.0158824920654297 -0.101776123046875 0.200927734375
0.0192775726318359 -0.00779533386230469 -0.196517944335938 0.242416381835938
0.00409746170043945 -0.00809097290039063 -0.338714599609375 0.190032958984375
0.00560331344604492 -0.00427341461181641 -0.444000244140625 0.055145263671875
-0.00328254699707031 0.0110740661621094 -0.431243896484375 -0.20220947265625
-0.0304985046386719 0.0148468017578125 -0.2220458984375 -0.4686279296875
-0.064605712890625 -0.0351943969726562 -0.019439697265625 -0.459228515625
-0.04071044921875 -0.0868606567382812 0.128143310546875 -0.36810302734375
0.0552902221679688 0.0711288452148438 -0.270965576171875 0.0445251464843751
0.0916671752929687 0.0200271606445312 -0.1112060546875 0.341552734375
0.112693786621094 -0.0714797973632813 0.17730712890625 0.29083251953125
-0.00218200683593751 -0.117080688476563 0.1900634765625 0.0753326416015625
-0.0684127807617188 -0.061126708984375 0.0707550048828125 -0.0219573974609375
-0.0810012817382813 0.015380859375 -0.0318374633789063 0.0153846740722656
-0.0423469543457031 0.045928955078125 -0.0703659057617188 0.1075439453125
-0.0301494598388672 0.0305709838867187 -0.097259521484375 0.195510864257812
-0.0470619201660156 0.0409126281738281 -0.189453125 0.246047973632812
-0.0767593383789062 0.0201034545898438 -0.328521728515625 0.19415283203125
-0.0690078735351562 -0.0292243957519531 -0.43646240234375 0.06866455078125
-0.0433578491210937 -0.0621337890625 -0.435577392578125 -0.173858642578125
0.0271415710449219 -0.0565872192382812 -0.254486083984375 -0.45416259765625
0.0567893981933594 -0.0277366638183594 -0.040252685546875 -0.465972900390625
0.0494613647460938 -0.00539398193359375 0.12744140625 -0.39129638671875
0.118484497070313 0.163345336914063 -0.257171630859375 0.04034423828125
0.203109741210937 0.05780029296875 -0.13201904296875 0.31146240234375
0.199630737304687 -0.1219482421875 0.132965087890625 0.308197021484375
0.00816345214843748 -0.215911865234375 0.181915283203125 0.11920166015625
-0.132354736328125 -0.12677001953125 0.110664367675781 0.00742340087890624
-0.177536010742188 0.0196380615234375 0.0128879547119141 0.00637149810791016
-0.108497619628906 0.0985565185546875 -0.0394210815429688 0.0726242065429688
-0.0746002197265625 0.0724105834960938 -0.0734100341796875 0.159347534179688
-0.103996276855469 0.0939559936523438 -0.169754028320312 0.218093872070312
-0.154373168945313 0.0472412109375 -0.310638427734375 0.1837158203125
-0.140457153320313 -0.0548477172851563 -0.412750244140625 0.070098876953125
-0.0761947631835938 -0.129791259765625 -0.42340087890625 -0.163970947265625
0.0847854614257812 -0.130081176757813 -0.260467529296875 -0.440338134765625
0.170333862304687 -0.0208740234375 -0.04315185546875 -0.463531494140625
0.135673522949219 0.0732803344726563 0.140411376953125 -0.382110595703125
0.169891357421875 0.23406982421875 -0.244216918945312 0.05999755859375
0.296173095703125 0.066497802734375 -0.15606689453125 0.29034423828125
0.250625610351562 -0.17108154296875 0.09515380859375 0.338653564453125
-0.00048828124999997 -0.283203125 0.194244384765625 0.186996459960937
-0.179779052734375 -0.159927368164062 0.184616088867188 0.0402984619140625
-0.24224853515625 0.0331573486328125 0.0895156860351563 -0.0139923095703125
-0.152618408203125 0.126785278320313 0.0136709213256836 0.011744499206543
-0.1136474609375 0.101409912109375 -0.0397186279296875 0.0967330932617187
-0.148025512695312 0.124893188476563 -0.138381958007813 0.169082641601563
-0.218536376953125 0.062896728515625 -0.280242919921875 0.144683837890625
-0.199951171875 -0.0806121826171875 -0.3687744140625 0.0535888671875
-0.107086181640625 -0.19805908203125 -0.38629150390625 -0.15582275390625
0.137603759765625 -0.183883666992188 -0.23956298828125 -0.417327880859375
0.2637939453125 -0.0115966796875 -0.02044677734375 -0.441253662109375
0.199676513671875 0.139205932617188 0.169891357421875 -0.3463134765625
0.203460693359375 0.2696533203125 -0.21942138671875 0.107620239257813
0.334808349609375 0.051422119140625 -0.160125732421875 0.30712890625
0.254348754882813 -0.203353881835938 0.085601806640625 0.39288330078125
-0.022186279296875 -0.294097900390625 0.243331909179688 0.248809814453125
-0.20257568359375 -0.1522216796875 0.278778076171875 0.05426025390625
-0.266510009765625 0.0499725341796875 0.176773071289062 -0.0633087158203125
-0.166976928710938 0.143157958984375 0.0693130493164062 -0.0677986145019531
-0.132232666015625 0.116989135742188 -0.00668144226074219 0.0203037261962891
-0.177581787109375 0.146652221679688 -0.101898193359375 0.10101318359375
-0.259185791015625 0.065704345703125 -0.224258422851563 0.094696044921875
-0.232498168945312 -0.116958618164063 -0.30841064453125 0.02996826171875
-0.106658935546875 -0.2449951171875 -0.3267822265625 -0.150390625
0.194107055664063 -0.201385498046875 -0.206634521484375 -0.38287353515625
0.317840576171875 0.02020263671875 0.0147705078125001 -0.41650390625
0.225967407226563 0.187957763671875 0.209991455078125 -0.2874755859375
0.204147338867188 0.26068115234375 -0.185928344726562 0.176712036132813
0.314208984375 0.034698486328125 -0.146209716796875 0.3485107421875
0.22076416015625 -0.193588256835938 0.1126708984375 0.435546875
-0.0322418212890625 -0.254425048828125 0.314483642578125 0.281951904296875
-0.18731689453125 -0.12506103515625 0.3583984375 0.046295166015625
-0.24017333984375 0.0579376220703125 0.25146484375 -0.11962890625
-0.155288696289063 0.131866455078125 0.120773315429687 -0.143951416015625
-0.130607604980469 0.112220764160156 0.0301933288574219 -0.0579643249511719
-0.185806274414062 0.138198852539063 -0.0546073913574219 0.0273361206054688
-0.262405395507813 0.04656982421875 -0.154129028320313 0.03863525390625
-0.224639892578125 -0.142318725585938 -0.225173950195313 0.00685119628906253
-0.0687713623046875 -0.258712768554688 -0.261871337890625 -0.129013061523437
0.227493286132813 -0.170440673828125 -0.175262451171875 -0.341888427734375
0.31292724609375 0.061859130859375 0.043609619140625 -0.3858642578125
0.208251953125 0.206512451171875 0.240829467773437 -0.209808349609375
0.171478271484375 0.218719482421875 -0.152847290039063 0.253585815429688
0.244979858398438 0.02337646484375 -0.110504150390625 0.397430419921875
0.165817260742188 -0.142715454101563 0.165313720703125 0.455474853515625
-0.0203094482421875 -0.180389404296875 0.380035400390625 0.28125
-0.139686584472656 -0.0848922729492188 0.417388916015625 0.015716552734375
-0.181793212890625 0.0518951416015625 0.3031005859375 -0.176483154296875
-0.118736267089844 0.101844787597656 0.1507568359375 -0.214263916015625
-0.106178283691406 0.0850830078125 0.06024169921875 -0.125556945800781
-0.162399291992187 0.107772827148438 -0.00479125976562501 -0.0397529602050781
-0.216079711914063 0.0179290771484375 -0.0709609985351563 -0.00663757324218749
-0.172454833984375 -0.1439208984375 -0.147232055664063 0.00555419921875001
-0.0195159912109375 -0.22125244140625 -0.2120361328125 -0.0908203125
0.21435546875 -0.0958404541015625 -0.167266845703125 -0.305023193359375
0.244949340820313 0.09552001953125 0.0603332519531251 -0.36895751953125
0.152984619140625 0.188934326171875 0.2576904296875 -0.13360595703125
0.108917236328125 0.151535034179688 -0.116424560546875 0.314208984375
0.146820068359375 0.02490234375 -0.0625305175781249 0.43426513671875
0.108184814453125 -0.0773544311523438 0.215301513671875 0.446563720703125
0.00331878662109375 -0.101387023925781 0.4237060546875 0.259429931640625
-0.0770111083984375 -0.0459365844726563 0.44464111328125 -0.014251708984375
-0.105934143066406 0.0299835205078125 0.325042724609375 -0.22509765625
-0.0693168640136719 0.0562477111816406 0.169845581054687 -0.2603759765625
-0.0616340637207031 0.0489234924316406 0.08111572265625 -0.178955078125
-0.103652954101562 0.0583114624023438 0.034759521484375 -0.0896835327148438
-0.13653564453125 -0.007110595703125 -0.0101337432861328 -0.0276870727539062
-0.0873184204101563 -0.105880737304687 -0.0906219482421875 0.0159072875976563
0.0183486938476563 -0.134742736816406 -0.191787719726563 -0.060821533203125
0.144851684570313 -0.0183563232421875 -0.1732177734375 -0.29498291015625
0.141387939453125 0.0899200439453125 0.072357177734375 -0.36456298828125
0.0825347900390625 0.12774658203125 0.262985229492188 -0.06951904296875
-0.0118198394775391 -0.0298786163330078 -0.271148681640625 0.08831787109375
-0.0324134826660156 -0.0239048004150391 -0.063751220703125 0.37060546875
-0.00347900390625 -0.0253429412841797 0.228530883789063 0.26080322265625
-0.017481803894043 -0.00433254241943359 0.201675415039063 0.0333404541015625
0.00046539306640625 0.0185832977294922 0.0509376525878906 -0.0393486022949219
0.0313816070556641 0.00547027587890625 -0.0399932861328125 0.01654052734375
0.0349807739257812 -0.0172004699707031 -0.0661087036132813 0.121116638183594
0.0243892669677734 -0.0210609436035156 -0.0833892822265625 0.208892822265625
0.0183296203613281 -0.0123786926269531 -0.175430297851562 0.2598876953125
0.0037999153137207 -0.00659561157226563 -0.322235107421875 0.2181396484375
0.00502443313598633 -0.00430011749267578 -0.437164306640625 0.087860107421875
4.33921813964841E-05 0.00828218460083008 -0.44354248046875 -0.164581298828125
-0.0289573669433594 0.0147037506103516 -0.258697509765625 -0.4521484375
-0.0659828186035156 -0.0305747985839844 -0.053192138671875 -0.455413818359375
-0.048187255859375 -0.085418701171875 0.10015869140625 -0.38330078125
0.0602340698242188 0.0714340209960938 -0.266189575195313 0.0639190673828125
0.0923233032226562 0.0169219970703125 -0.08258056640625 0.35028076171875
0.0991897583007813 -0.0817794799804688 0.203781127929688 0.2747802734375
-0.0140914916992187 -0.118354797363281 0.193038940429688 0.056671142578125
-0.0764007568359375 -0.0541000366210938 0.065460205078125 -0.0257110595703125
-0.0799026489257813 0.0218963623046875 -0.0314083099365234 0.0199966430664063
-0.0358810424804688 0.046661376953125 -0.0592575073242187 0.112205505371094
-0.0278434753417969 0.0310859680175781 -0.0744781494140625 0.201416015625
-0.0407524108886719 0.0431480407714844 -0.165420532226562 0.258880615234375
-0.0757217407226562 0.0258255004882813 -0.31500244140625 0.22393798828125
-0.072113037109375 -0.0237274169921875 -0.426910400390625 0.1043701171875
-0.0449028015136719 -0.0582962036132812 -0.448638916015625 -0.14276123046875
0.02362060546875 -0.0616302490234375 -0.286651611328125 -0.43133544921875
0.0554962158203125 -0.0352439880371094 -0.07867431640625 -0.46063232421875
0.0494041442871094 -0.00999832153320313 0.095794677734375 -0.404296875
0.131301879882813 0.161453247070313 -0.253860473632813 0.0596466064453125
0.209396362304687 0.042236328125 -0.106842041015625 0.318267822265625
0.18853759765625 -0.13726806640625 0.1605224609375 0.29217529296875
-0.01055908203125 -0.217178344726563 0.18768310546875 0.104400634765625
-0.14532470703125 -0.113006591796875 0.109565734863281 -9.15527343750069E-05
-0.177932739257813 0.0369110107421875 0.0156974792480469 0.0106716156005859
-0.10101318359375 0.102439880371094 -0.0283203125 0.0727005004882813
-0.0720672607421875 0.0763702392578125 -0.0569915771484375 0.163864135742187
-0.0932540893554687 0.0974578857421875 -0.148712158203125 0.232879638671875
-0.14666748046875 0.059112548828125 -0.29632568359375 0.20904541015625
-0.145248413085938 -0.043609619140625 -0.402313232421875 0.105010986328125
-0.0904083251953125 -0.123001098632813 -0.430908203125 -0.12957763671875
0.0744781494140625 -0.137870788574219 -0.295318603515625 -0.415069580078125
0.169586181640625 -0.0381622314453125 -0.0793457031249999 -0.4573974609375
0.141769409179688 0.062042236328125 0.10980224609375 -0.40045166015625
0.190887451171875 0.227645874023438 -0.235092163085938 0.0782470703125
0.300079345703125 0.042266845703125 -0.128936767578125 0.302978515625
0.23968505859375 -0.196609497070312 0.120452880859375 0.33013916015625
-0.0277099609375 -0.28271484375 0.206329345703125 0.170928955078125
-0.196319580078125 -0.143280029296875 0.184249877929688 0.02581787109375
-0.239212036132813 0.05670166015625 0.0865249633789062 -0.0209732055664062
-0.14263916015625 0.14007568359375 0.0143632888793945 0.00833320617675782
-0.108871459960937 0.109100341796875 -0.0276947021484375 0.0998764038085937
-0.136428833007813 0.13690185546875 -0.125152587890625 0.177322387695313
-0.206451416015625 0.0851287841796875 -0.264892578125 0.169662475585937
-0.20928955078125 -0.0662994384765625 -0.3656005859375 0.0853271484375
-0.123123168945313 -0.185867309570312 -0.39605712890625 -0.126434326171875
0.125885009765625 -0.197021484375 -0.274658203125 -0.392974853515625
0.262924194335938 -0.03204345703125 -0.0565490722656249 -0.4427490234375
0.209548950195313 0.123306274414062 0.142791748046875 -0.36566162109375
0.22723388671875 0.256378173828125 -0.20947265625 0.125946044921875
0.33642578125 0.027740478515625 -0.137054443359375 0.32073974609375
0.240493774414063 -0.225433349609375 0.120513916015625 0.383331298828125
-0.04736328125 -0.292694091796875 0.259429931640625 0.23101806640625
-0.21484375 -0.137222290039062 0.277313232421875 0.034698486328125
-0.260223388671875 0.07318115234375 0.1707763671875 -0.0754852294921875
-0.154998779296875 0.156234741210938 0.0642623901367188 -0.0723114013671875
-0.125419616699219 0.123672485351563 -0.00300598144531251 0.0214977264404297
-0.165359497070313 0.157745361328125 -0.0943450927734375 0.106719970703125
-0.25006103515625 0.0876464843749999 -0.218231201171875 0.112228393554687
-0.245208740234375 -0.0938568115234375 -0.302337646484375 0.052276611328125
-0.126190185546875 -0.237960815429687 -0.337127685546875 -0.122528076171875
0.181365966796875 -0.219024658203125 -0.23760986328125 -0.3634033203125
0.31988525390625 -0.0057373046875 -0.021331787109375 -0.41619873046875
0.239669799804688 0.17041015625 0.18316650390625 -0.308258056640625
0.226211547851562 0.250228881835937 -0.173797607421875 0.192825317382813
0.315765380859375 0.009918212890625 -0.11962890625 0.3636474609375
0.205718994140625 -0.21087646484375 0.152862548828125 0.42437744140625
-0.0530853271484375 -0.250640869140625 0.333953857421875 0.256744384765625
-0.197509765625 -0.10980224609375 0.360626220703125 0.0157470703125
-0.233108520507813 0.0773162841796875 0.239471435546875 -0.137908935546875
-0.143264770507813 0.1461181640625 0.104278564453125 -0.15277099609375
-0.122764587402344 0.116897583007812 0.0268020629882813 -0.0589637756347656
-0.172042846679688 0.150100708007812 -0.0524177551269531 0.0293502807617188
-0.255386352539063 0.068206787109375 -0.15234375 0.0509796142578125
-0.237701416015625 -0.12298583984375 -0.222183227539063 0.0255889892578125
-0.0928497314453125 -0.256088256835938 -0.26763916015625 -0.106155395507813
0.216461181640625 -0.189437866210938 -0.202667236328125 -0.322601318359375
0.319091796875 0.036041259765625 0.01123046875 -0.3892822265625
0.222427368164063 0.19061279296875 0.221710205078125 -0.232391357421875
0.190689086914063 0.209030151367187 -0.132110595703125 0.262954711914063
0.242584228515625 0.006378173828125 -0.077911376953125 0.4063720703125
0.154312133789062 -0.15582275390625 0.204559326171875 0.437774658203125
-0.0384674072265625 -0.180389404296875 0.39788818359375 0.250091552734375
-0.145660400390625 -0.0732879638671875 0.41485595703125 -0.018707275390625
-0.177398681640625 0.064788818359375 0.28326416015625 -0.201751708984375
-0.111312866210938 0.10888671875 0.130096435546875 -0.225418090820313
-0.100631713867188 0.0918045043945312 0.0489959716796875 -0.130081176757813
-0.1519775390625 0.117889404296875 -0.00952911376953126 -0.0412025451660156
-0.216995239257813 0.03497314453125 -0.075347900390625 -0.000183105468749982
-0.185882568359375 -0.127456665039063 -0.143661499023438 0.016571044921875
-0.0371551513671875 -0.2213134765625 -0.2154541015625 -0.07342529296875
0.208724975585938 -0.114288330078125 -0.1929931640625 -0.285736083984375
0.256195068359375 0.0736846923828125 0.025421142578125 -0.370330810546875
0.167007446289063 0.175506591796875 0.24578857421875 -0.156341552734375
0.124740600585938 0.14617919921875 -0.095489501953125 0.326812744140625
0.145416259765625 0.01373291015625 -0.02996826171875 0.439361572265625
0.104911804199219 -0.0841217041015625 0.255584716796875 0.425628662109375
-0.00824737548828125 -0.103195190429688 0.44158935546875 0.223785400390625
-0.0776519775390625 -0.0393753051757813 0.441986083984375 -0.05242919921875
-0.105903625488281 0.0394287109375 0.30419921875 -0.247161865234375
-0.0642738342285156 0.0614089965820312 0.14459228515625 -0.276931762695313
-0.0615921020507813 0.0510826110839844 0.065704345703125 -0.184127807617187
-0.100730895996094 0.0656890869140625 0.02813720703125 -0.092041015625
-0.136344909667969 0.00509643554687502 -0.0118026733398438 -0.0299911499023438
-0.100753784179688 -0.10052490234375 -0.08544921875 0.02313232421875
0.00785064697265624 -0.136970520019531 -0.1898193359375 -0.0412445068359375
0.146591186523438 -0.03009033203125 -0.197280883789063 -0.27496337890625
0.1478271484375 0.0789337158203125 0.0361328125 -0.36883544921875
0.0908279418945313 0.123512268066406 0.255279541015625 -0.0902862548828125
-0.0140914916992187 -0.029052734375 -0.260391235351563 0.0978546142578125
-0.0340080261230469 -0.0200958251953125 -0.039581298828125 0.368988037109375
-0.00605583190917969 -0.0247478485107422 0.240509033203125 0.241744995117187
-0.0216140747070312 -0.00362396240234375 0.1968994140625 0.0221099853515625
-0.00032806396484375 0.0203628540039063 0.0430183410644531 -0.0402679443359375
0.03057861328125 0.00329780578613281 -0.0400733947753906 0.0200042724609375
0.0319633483886719 -0.019073486328125 -0.0567626953125 0.121551513671875
0.0210895538330078 -0.02392578125 -0.067718505859375 0.207992553710938
0.0171566009521484 -0.0136909484863281 -0.156036376953125 0.26593017578125
0.00334835052490234 -0.00652790069580078 -0.304595947265625 0.230072021484375
0.00280451774597168 -0.00145792961120605 -0.422821044921875 0.111297607421875
-0.000713348388671874 0.00688982009887695 -0.442596435546875 -0.13616943359375
-0.0283069610595703 0.0146560668945312 -0.276641845703125 -0.427459716796875
-0.064666748046875 -0.0273590087890625 -0.076385498046875 -0.445404052734375
-0.0511550903320312 -0.0808868408203125 0.079803466796875 -0.386871337890625
0.064849853515625 0.068145751953125 -0.258148193359375 0.0721282958984376
0.0911636352539063 0.0123977661132813 -0.05950927734375 0.347076416015625
0.0959854125976563 -0.08526611328125 0.218063354492188 0.254180908203125
-0.0193023681640625 -0.115501403808594 0.189651489257813 0.04248046875
-0.0781097412109375 -0.0477981567382812 0.0585784912109375 -0.0276679992675781
-0.07843017578125 0.0261077880859375 -0.0322246551513672 0.0242786407470703
-0.0347671508789063 0.0475044250488281 -0.0509185791015625 0.114044189453125
-0.0267066955566406 0.0283679962158203 -0.0601043701171875 0.20050048828125
-0.0365943908691406 0.0442886352539062 -0.146575927734375 0.264251708984375
-0.070831298828125 0.032073974609375 -0.2955322265625 0.235076904296875
-0.07421875 -0.01837158203125 -0.41082763671875 0.125091552734375
-0.0486335754394531 -0.0571708679199219 -0.44482421875 -0.1131591796875
0.0199432373046875 -0.0641441345214844 -0.303863525390625 -0.407135009765625
0.0520858764648438 -0.0381011962890625 -0.10260009765625 -0.449066162109375
0.0473365783691406 -0.0123138427734375 0.073760986328125 -0.409332275390625
0.14031982421875 0.154830932617188 -0.246139526367188 0.0676116943359375
0.208221435546875 0.0337371826171875 -0.083282470703125 0.3165283203125
0.182235717773437 -0.147293090820313 0.17681884765625 0.274795532226563
-0.0249481201171875 -0.214141845703125 0.186737060546875 0.0914306640625
-0.149871826171875 -0.104537963867188 0.105972290039063 -0.00331878662109376
-0.173583984375 0.0489501953125 0.0150346755981445 0.0116167068481445
-0.09375 0.105453491210938 -0.0243606567382813 0.0729904174804687
-0.070281982421875 0.0754013061523438 -0.04412841796875 0.161376953125
-0.0866775512695313 0.0997314453125 -0.131057739257813 0.235733032226562
-0.140213012695313 0.0703506469726562 -0.277999877929688 0.219711303710937
-0.147293090820313 -0.0328369140625 -0.38848876953125 0.124755859375
-0.0957717895507813 -0.1190185546875 -0.43011474609375 -0.10235595703125
0.0677032470703125 -0.14105224609375 -0.3089599609375 -0.3885498046875
0.164169311523438 -0.0487213134765625 -0.1019287109375 -0.4456787109375
0.140869140625 0.0547332763671875 0.0863647460937501 -0.40362548828125
0.203079223632812 0.217941284179687 -0.227859497070313 0.086212158203125
0.298004150390625 0.028778076171875 -0.106414794921875 0.30267333984375
0.227996826171875 -0.205856323242188 0.139495849609375 0.312957763671875
-0.043212890625 -0.276199340820313 0.20916748046875 0.15814208984375
-0.20245361328125 -0.130294799804688 0.183486938476563 0.01812744140625
-0.234024047851562 0.0708770751953125 0.08642578125 -0.0247344970703125
-0.1314697265625 0.144744873046875 0.0158929824829101 0.00728988647460938
-0.102470397949219 0.110923767089844 -0.0237579345703125 0.096832275390625
-0.127334594726562 0.14300537109375 -0.112014770507812 0.183502197265625
-0.196975708007813 0.0968170166015625 -0.251296997070313 0.180145263671875
-0.210494995117187 -0.051605224609375 -0.35150146484375 0.101898193359375
-0.130722045898438 -0.178115844726562 -0.3944091796875 -0.102264404296875
0.116119384765625 -0.203338623046875 -0.288970947265625 -0.370758056640625
0.2576904296875 -0.0477447509765625 -0.0775756835937499 -0.432373046875
0.211151123046875 0.1131591796875 0.118927001953125 -0.371185302734375
0.240036010742188 0.246185302734375 -0.199203491210937 0.1328125
0.336090087890625 0.009429931640625 -0.11651611328125 0.320709228515625
0.225555419921875 -0.236038208007813 0.1392822265625 0.366851806640625
-0.06475830078125 -0.28533935546875 0.265716552734375 0.214080810546875
-0.221908569335937 -0.123306274414063 0.273635864257813 0.0181884765625
-0.251113891601563 0.0880279541015625 0.1644287109375 -0.0818023681640625
-0.145126342773437 0.160247802734375 0.05767822265625 -0.0753250122070312
-0.119346618652344 0.126922607421875 -0.000770568847656256 0.0184040069580078
-0.154037475585938 0.16387939453125 -0.0858383178710938 0.110931396484375
-0.237930297851563 0.102920532226563 -0.20782470703125 0.122100830078125
-0.248031616210938 -0.07794189453125 -0.2916259765625 0.0673522949218751
-0.138198852539063 -0.228973388671875 -0.334381103515625 -0.102081298828125
0.167953491210938 -0.22857666015625 -0.250946044921875 -0.341552734375
0.3160400390625 -0.025726318359375 -0.043701171875 -0.40875244140625
0.2420654296875 0.157089233398438 0.1617431640625 -0.314697265625
0.239852905273438 0.236801147460938 -0.160202026367188 0.198486328125
0.31158447265625 -0.004364013671875 -0.09759521484375 0.362457275390625
0.191848754882812 -0.2178955078125 0.17303466796875 0.404693603515625
-0.0672454833984375 -0.24462890625 0.33892822265625 0.23699951171875
-0.1998291015625 -0.09588623046875 0.353271484375 -0.00466918945312501
-0.22479248046875 0.09002685546875 0.227462768554688 -0.150192260742188
-0.133560180664063 0.148406982421875 0.0914459228515625 -0.158660888671875
-0.116989135742188 0.119667053222656 0.021331787109375 -0.0622291564941406
-0.159866333007813 0.157699584960938 -0.0518608093261719 0.0324821472167969
-0.24603271484375 0.083282470703125 -0.146530151367188 0.05621337890625
-0.243911743164062 -0.105911254882813 -0.214920043945313 0.0360565185546875
-0.105712890625 -0.248077392578125 -0.2657470703125 -0.089996337890625
0.205856323242188 -0.200469970703125 -0.214447021484375 -0.30401611328125
0.315704345703125 0.01593017578125 -0.01397705078125 -0.38104248046875
0.227157592773437 0.177734375 0.201980590820313 -0.24188232421875
0.203292846679688 0.1988525390625 -0.116790771484375 0.26824951171875
0.242263793945313 -0.004180908203125 -0.05377197265625 0.4044189453125
0.145187377929688 -0.162994384765625 0.226409912109375 0.416961669921875
-0.04864501953125 -0.175949096679688 0.402252197265625 0.225799560546875
-0.148666381835938 -0.0644683837890625 0.40484619140625 -0.041046142578125
-0.170120239257812 0.074005126953125 0.266983032226563 -0.213088989257813
-0.1033935546875 0.113357543945313 0.11273193359375 -0.227935791015625
-0.095947265625 0.0934600830078125 0.039581298828125 -0.133544921875
-0.140869140625 0.123825073242188 -0.0136070251464844 -0.0397109985351562
-0.210357666015625 0.0483856201171875 -0.074859619140625 0.00230407714843749
-0.192214965820313 -0.11602783203125 -0.136817932128906 0.0219802856445313
-0.0489349365234375 -0.216415405273438 -0.212295532226563 -0.06048583984375
0.201904296875 -0.125930786132812 -0.203689575195312 -0.267791748046875
0.256378173828125 0.0562896728515625 0.00228881835937503 -0.364593505859375
0.1728515625 0.1641845703125 0.23052978515625 -0.167617797851563
0.135971069335938 0.138946533203125 -0.078826904296875 0.32861328125
0.144271850585938 0.0086212158203125 -0.00433349609375001 0.43475341796875
0.0990447998046875 -0.0895309448242188 0.27532958984375 0.40289306640625
-0.0147933959960938 -0.0998687744140625 0.44476318359375 0.19842529296875
-0.0803909301757812 -0.0360488891601563 0.4288330078125 -0.0758056640625
-0.101737976074219 0.04339599609375 0.2828369140625 -0.25958251953125
-0.0629653930664062 0.0610618591308594 0.122894287109375 -0.278091430664063
-0.0595359802246094 0.0509185791015625 0.052947998046875 -0.185577392578125
-0.0948104858398438 0.0695266723632813 0.021240234375 -0.0913772583007812
-0.133773803710938 0.014190673828125 -0.0108127593994141 -0.0302448272705078
-0.107307434082031 -0.09112548828125 -0.080413818359375 0.0261917114257813
-0.000938415527343745 -0.136146545410156 -0.186203002929688 -0.0305633544921875
0.144622802734375 -0.0393829345703125 -0.207626342773437 -0.255340576171875
0.150924682617188 0.0690155029296875 0.011749267578125 -0.362640380859375
0.094818115234375 0.115455627441406 0.244827270507812 -0.103591918945312
-0.0149211883544922 -0.0281009674072266 -0.25518798828125 0.0985260009765625
-0.03509521484375 -0.0178432464599609 -0.026092529296875 0.3648681640625
-0.0086517333984375 -0.0246868133544922 0.246505737304688 0.229248046875
-0.0225105285644531 -0.00163459777832031 0.193817138671875 0.01544189453125
-0.00020408630371094 0.0209732055664062 0.0381660461425781 -0.0382308959960937
0.0302448272705078 0.00393295288085938 -0.040740966796875 0.0236930847167969
0.0293903350830078 -0.0216865539550781 -0.0516510009765625 0.122245788574219
0.0177555084228516 -0.0261001586914063 -0.0593719482421875 0.206710815429688
0.0176334381103516 -0.0151271820068359 -0.1448974609375 0.269058227539062
0.00328493118286133 -0.00535106658935547 -0.29412841796875 0.236175537109375
0.00180017948150635 -0.000498294830322266 -0.413177490234375 0.121856689453125
-0.00200796127319336 0.00606155395507813 -0.44146728515625 -0.120697021484375
-0.0273971557617188 0.0137176513671875 -0.28448486328125 -0.416534423828125
-0.0656471252441406 -0.0255622863769531 -0.0858154296875 -0.4415283203125
-0.0533294677734375 -0.0798110961914062 0.0706787109375 -0.388641357421875
0.0672378540039062 0.0682907104492188 -0.253326416015625 0.073211669921875
0.090728759765625 0.0122451782226563 -0.046844482421875 0.344390869140625
0.0936965942382813 -0.08856201171875 0.2252197265625 0.24334716796875
-0.0247344970703125 -0.11383056640625 0.1868896484375 0.0377197265625
-0.0806884765625 -0.0453948974609375 0.0546302795410156 -0.0262680053710938
-0.0775146484375 0.0308837890625 -0.0300388336181641 0.02777099609375
-0.0350418090820313 0.0482101440429688 -0.04669189453125 0.113235473632813
-0.0277385711669922 0.0282440185546875 -0.052764892578125 0.198440551757812
-0.0333328247070312 0.0447959899902344 -0.136184692382813 0.266464233398437
-0.0675735473632813 0.034942626953125 -0.2860107421875 0.241546630859375
-0.0752716064453125 -0.0145111083984375 -0.40216064453125 0.135650634765625
-0.0499954223632813 -0.0562515258789062 -0.442108154296875 -0.099090576171875
0.0185585021972656 -0.066680908203125 -0.3121337890625 -0.395965576171875
0.0513839721679687 -0.0411415100097656 -0.111572265625 -0.44482421875
0.0462799072265625 -0.0123825073242188 0.063232421875 -0.41302490234375
0.14569091796875 0.154632568359375 -0.24298095703125 0.0683135986328125
0.208999633789063 0.0294036865234375 -0.0701904296875 0.31524658203125
0.178298950195313 -0.153579711914063 0.18408203125 0.262954711914063
-0.0316009521484375 -0.2113037109375 0.1854248046875 0.0868682861328125
-0.152435302734375 -0.0986328125 0.103668212890625 -0.00244903564453126
-0.1705322265625 0.055389404296875 0.0156898498535156 0.0124893188476563
-0.091796875 0.107162475585937 -0.022186279296875 0.0723724365234375
-0.0705108642578125 0.0761032104492188 -0.0390777587890625 0.159210205078125
-0.0820846557617187 0.0999374389648438 -0.121994018554687 0.23834228515625
-0.133712768554688 0.0741806030273438 -0.270462036132813 0.225860595703125
-0.148193359375 -0.025726318359375 -0.381072998046875 0.133392333984375
-0.0989837646484375 -0.116134643554688 -0.4273681640625 -0.0891113281250001
0.0640411376953125 -0.143753051757813 -0.31658935546875 -0.37640380859375
0.1619873046875 -0.053924560546875 -0.11328125 -0.4407958984375
0.141143798828125 0.0525360107421875 0.075347900390625 -0.40777587890625
0.210372924804688 0.213623046875 -0.223526000976563 0.088623046875
0.298065185546875 0.02264404296875 -0.094696044921875 0.301605224609375
0.223068237304687 -0.212921142578125 0.14862060546875 0.303314208984375
-0.052520751953125 -0.273971557617188 0.210433959960938 0.152908325195313
-0.20562744140625 -0.123153686523438 0.180328369140625 0.014556884765625
-0.229019165039063 0.07940673828125 0.0865707397460937 -0.0253372192382812
-0.12774658203125 0.147262573242188 0.0143632888793945 0.00503921508789063
-0.10284423828125 0.112503051757813 -0.02099609375 0.09515380859375
-0.121841430664063 0.143234252929688 -0.10467529296875 0.185821533203125
-0.190826416015625 0.102935791015625 -0.244979858398438 0.185546875
-0.21160888671875 -0.043365478515625 -0.34521484375 0.1103515625
-0.135406494140625 -0.175125122070313 -0.39080810546875 -0.0907592773437501
0.111160278320313 -0.206771850585938 -0.29376220703125 -0.357666015625
0.25494384765625 -0.055938720703125 -0.089447021484375 -0.428070068359375
0.211959838867188 0.109222412109375 0.10748291015625 -0.37481689453125
0.2476806640625 0.241134643554688 -0.193679809570312 0.135147094726562
0.333526611328125 0.002410888671875 -0.10528564453125 0.3209228515625
0.22076416015625 -0.242645263671875 0.147491455078125 0.35546875
-0.073883056640625 -0.282501220703125 0.267059326171875 0.20660400390625
-0.22509765625 -0.115753173828125 0.271026611328125 0.0115509033203125
-0.245208740234375 0.097442626953125 0.161880493164062 -0.0842437744140625
-0.139923095703125 0.1641845703125 0.0535736083984375 -0.0773544311523437
-0.11871337890625 0.127326965332031 -0.00158882141113282 0.0168161392211914
-0.1478271484375 0.165603637695313 -0.0816192626953125 0.113945007324219
-0.23114013671875 0.109909057617188 -0.204330444335938 0.12713623046875
-0.250808715820313 -0.06768798828125 -0.286865234375 0.074371337890625
-0.144256591796875 -0.22412109375 -0.33331298828125 -0.093017578125
0.16265869140625 -0.234329223632813 -0.255279541015625 -0.331268310546875
0.31268310546875 -0.034454345703125 -0.0548095703125 -0.404327392578125
0.244415283203125 0.152328491210938 0.15069580078125 -0.319244384765625
0.247207641601562 0.232131958007812 -0.154342651367188 0.200164794921875
0.30908203125 -0.011322021484375 -0.086151123046875 0.360595703125
0.186813354492187 -0.22296142578125 0.1832275390625 0.39471435546875
-0.07537841796875 -0.240249633789063 0.34039306640625 0.226715087890625
-0.202438354492188 -0.08990478515625 0.3492431640625 -0.01519775390625
-0.2193603515625 0.0980224609375 0.2216796875 -0.153839111328125
-0.129150390625 0.151763916015625 0.083648681640625 -0.15936279296875
-0.116806030273438 0.121063232421875 0.0173606872558594 -0.0641059875488281
-0.154800415039063 0.15911865234375 -0.0507431030273438 0.0349082946777344
-0.24066162109375 0.0906372070312501 -0.14544677734375 0.060699462890625
-0.247299194335938 -0.09600830078125 -0.210556030273438 0.0413360595703125
-0.112411499023437 -0.245223999023438 -0.263931274414063 -0.0828399658203126
0.2017822265625 -0.207275390625 -0.219696044921875 -0.292083740234375
0.314971923828125 0.006805419921875 -0.02569580078125 -0.3770751953125
0.228256225585938 0.172988891601563 0.191879272460938 -0.24761962890625
0.210250854492188 0.194808959960938 -0.110275268554687 0.270111083984375
0.2406005859375 -0.0092620849609375 -0.042572021484375 0.40399169921875
0.140731811523438 -0.167037963867188 0.23468017578125 0.4041748046875
-0.0543365478515625 -0.171707153320313 0.403533935546875 0.21380615234375
-0.149215698242187 -0.059051513671875 0.3997802734375 -0.05169677734375
-0.16571044921875 0.08056640625 0.257217407226563 -0.217697143554688
-0.100540161132812 0.114799499511719 0.10247802734375 -0.229034423828125
-0.0961761474609375 0.0941696166992188 0.0335006713867187 -0.134849548339844
-0.13677978515625 0.125846862792969 -0.0150489807128906 -0.03887939453125
-0.207168579101563 0.054962158203125 -0.0745849609375 0.00482940673828126
-0.194915771484375 -0.108062744140625 -0.132369995117188 0.02520751953125
-0.055450439453125 -0.215774536132813 -0.208663940429688 -0.054229736328125
0.200408935546875 -0.13250732421875 -0.20806884765625 -0.25567626953125
0.256866455078125 0.0492095947265625 -0.01025390625 -0.359283447265625
0.174270629882813 0.16131591796875 0.221298217773438 -0.1729736328125
0.140823364257812 0.135467529296875 -0.07012939453125 0.330352783203125
0.144485473632813 0.0062103271484375 0.00650024414062496 0.431488037109375
0.0967788696289062 -0.0902938842773437 0.2822265625 0.390380859375
-0.0178451538085938 -0.0988922119140625 0.443328857421875 0.185272216796875
-0.0809707641601563 -0.031951904296875 0.419830322265625 -0.08746337890625
-0.09881591796875 0.0477523803710937 0.27001953125 -0.265151977539063
-0.0609626770019531 0.0613059997558594 0.109390258789063 -0.278518676757813
-0.0616073608398438 0.0517349243164062 0.0451812744140625 -0.185882568359375
-0.0927276611328125 0.07122802734375 0.0178375244140625 -0.0920181274414063
-0.132415771484375 0.0179214477539063 -0.0130062103271484 -0.0302791595458984
-0.110557556152344 -0.0875930786132812 -0.0758590698242187 0.0267791748046875
-0.00428771972656251 -0.136886596679688 -0.183120727539063 -0.0251617431640625
0.145263671875 -0.043609619140625 -0.2132568359375 -0.242996215820313
0.151885986328125 0.0644378662109375 -0.00061035156250001 -0.357574462890625
0.0958786010742187 0.113700866699219 0.236434936523438 -0.1083984375
-0.0150566101074219 -0.0287361145019531 -0.258834838867188 0.0992889404296875
-0.0365142822265625 -0.01641845703125 -0.01568603515625 0.368927001953125
-0.0106334686279297 -0.0256080627441406 0.2574462890625 0.224197387695313
-0.0251636505126953 0.000682830810546873 0.1962890625 0.0124664306640625
0.000543594360351562 0.0226116180419922 0.0346183776855469 -0.0364418029785156
0.0310783386230469 0.00501251220703125 -0.0426063537597656 0.027618408203125
0.028167724609375 -0.0219039916992188 -0.0500717163085937 0.125320434570312
0.0145816802978516 -0.0274581909179688 -0.0540771484375 0.210357666015625
0.0185756683349609 -0.0171012878417969 -0.139984130859375 0.277435302734375
0.00447607040405273 -0.00513839721679688 -0.294097900390625 0.24615478515625
0.00103199481964111 0.00138974189758301 -0.417999267578125 0.131103515625
-0.00301694869995117 0.00598001480102539 -0.448486328125 -0.114410400390625
-0.0287227630615234 0.0125789642333984 -0.29522705078125 -0.41741943359375
-0.0669822692871094 -0.0252265930175781 -0.094573974609375 -0.448760986328125
-0.0553970336914063 -0.0805130004882813 0.06658935546875 -0.40234375
0.0708465576171875 0.0700149536132813 -0.256561279296875 0.0735321044921875
0.09375 0.0114822387695313 -0.037139892578125 0.34844970703125
0.0938034057617188 -0.093170166015625 0.235610961914062 0.238327026367187
-0.0280532836914063 -0.115585327148438 0.189376831054688 0.0347900390625
-0.083709716796875 -0.043914794921875 0.052825927734375 -0.0245819091796875
-0.0775833129882813 0.0354232788085938 -0.0302181243896484 0.0319042205810547
-0.0364265441894531 0.0492973327636719 -0.0456161499023438 0.116416931152344
-0.0313739776611328 0.0289764404296875 -0.048431396484375 0.201553344726562
-0.033447265625 0.0450439453125 -0.130142211914062 0.274490356445313
-0.0662040710449219 0.0376167297363281 -0.28753662109375 0.250274658203125
-0.07623291015625 -0.011474609375 -0.40533447265625 0.14605712890625
-0.0538558959960937 -0.05657958984375 -0.44940185546875 -0.0921630859375
0.0179214477539063 -0.0698204040527344 -0.323028564453125 -0.394866943359375
0.0514450073242188 -0.0428810119628906 -0.120819091796875 -0.452545166015625
0.04730224609375 -0.0129814147949219 0.057464599609375 -0.425933837890625
0.152389526367188 0.156173706054688 -0.245254516601563 0.0689697265625
0.214324951171875 0.02764892578125 -0.063690185546875 0.317718505859375
0.18084716796875 -0.161605834960938 0.192672729492187 0.259063720703125
-0.0365447998046875 -0.214828491210938 0.189865112304687 0.087188720703125
-0.15771484375 -0.0979156494140625 0.103370666503906 -0.00386810302734376
-0.169509887695312 0.0624237060546875 0.0180587768554687 0.0146160125732422
-0.0921173095703125 0.111251831054688 -0.02191162109375 0.075042724609375
-0.0737762451171875 0.0798263549804688 -0.0357666015625 0.161483764648438
-0.0812835693359375 0.102317810058594 -0.116226196289063 0.245361328125
-0.132820129394531 0.0789337158203125 -0.270904541015625 0.235946655273437
-0.151443481445312 -0.02191162109375 -0.383270263671875 0.142547607421875
-0.1041259765625 -0.116584777832031 -0.433380126953125 -0.0834350585937501
0.062835693359375 -0.148529052734375 -0.3277587890625 -0.37701416015625
0.164413452148438 -0.05877685546875 -0.121826171875 -0.44775390625
0.144058227539063 0.052001953125 0.06915283203125 -0.4207763671875
0.219924926757813 0.216201782226562 -0.22576904296875 0.0904693603515626
0.305633544921875 0.01849365234375 -0.090179443359375 0.30621337890625
0.225250244140625 -0.223922729492187 0.156982421875 0.300506591796875
-0.0601043701171875 -0.276718139648438 0.21533203125 0.153900146484375
-0.212448120117187 -0.121322631835938 0.18341064453125 0.0134429931640625
-0.22979736328125 0.08831787109375 0.0897064208984375 -0.0265731811523437
-0.127197265625 0.154296875 0.0139589309692383 0.00499820709228517
-0.105216979980469 0.116668701171875 -0.019775390625 0.0952911376953125
-0.120468139648438 0.14666748046875 -0.100738525390625 0.1904296875
-0.1900634765625 0.109588623046875 -0.2467041015625 0.194595336914062
-0.21636962890625 -0.0359954833984375 -0.34698486328125 0.119232177734375
-0.143173217773438 -0.174301147460938 -0.39801025390625 -0.0847473144531251
0.110916137695313 -0.213531494140625 -0.303558349609375 -0.357940673828125
0.258941650390625 -0.061798095703125 -0.0992431640625 -0.434600830078125
0.217269897460938 0.109420776367188 0.10235595703125 -0.38690185546875
0.259429931640625 0.243270874023438 -0.195693969726562 0.139450073242188
0.341156005859375 -0.00262451171875 -0.100341796875 0.326812744140625
0.22222900390625 -0.253814697265625 0.1556396484375 0.354949951171875
-0.080963134765625 -0.285003662109375 0.275222778320313 0.207382202148437
-0.232208251953125 -0.113632202148438 0.275497436523438 0.00820922851562499
-0.244293212890625 0.106536865234375 0.163787841796875 -0.0887908935546875
-0.139617919921875 0.170761108398438 0.0503387451171875 -0.0790634155273438
-0.122222900390625 0.133430480957031 -0.00211238861083985 0.0166435241699219
-0.147079467773438 0.171218872070312 -0.0789031982421875 0.118316650390625
-0.231353759765625 0.118621826171875 -0.206710815429688 0.134017944335938
-0.258468627929688 -0.0613250732421875 -0.289886474609375 0.081024169921875
-0.152618408203125 -0.226593017578125 -0.338836669921875 -0.0889892578125
0.163253784179688 -0.243362426757813 -0.264312744140625 -0.328704833984375
0.3187255859375 -0.042083740234375 -0.06341552734375 -0.410491943359375
0.250778198242188 0.153732299804688 0.14666748046875 -0.329681396484375
0.259475708007813 0.23419189453125 -0.154159545898437 0.206375122070313
0.316162109375 -0.0162353515625 -0.080535888671875 0.368560791015625
0.188140869140625 -0.233627319335938 0.191131591796875 0.393310546875
-0.08197021484375 -0.242050170898438 0.35015869140625 0.2266845703125
-0.20794677734375 -0.086700439453125 0.3541259765625 -0.020751953125
-0.218612670898438 0.106704711914063 0.222244262695313 -0.16094970703125
-0.128372192382813 0.157501220703125 0.0787353515625 -0.162399291992188
-0.120010375976562 0.12615966796875 0.0142021179199219 -0.065582275390625
-0.154434204101563 0.164688110351562 -0.0500755310058594 0.0363731384277344
-0.242324829101563 0.0980377197265625 -0.148406982421875 0.065185546875
-0.256118774414063 -0.0906219482421874 -0.211746215820313 0.044189453125
-0.12091064453125 -0.248748779296875 -0.268264770507813 -0.0794372558593751
0.20343017578125 -0.21649169921875 -0.2276611328125 -0.289764404296875
0.32177734375 0.00140380859375 -0.03424072265625 -0.382293701171875
0.235427856445312 0.175048828125 0.189239501953125 -0.256072998046875
0.220306396484375 0.195785522460938 -0.10845947265625 0.277587890625
0.245285034179687 -0.01416015625 -0.035980224609375 0.4114990234375
0.142196655273438 -0.173263549804688 0.24481201171875 0.40350341796875
-0.058502197265625 -0.173187255859375 0.41436767578125 0.212677001953125
-0.153335571289062 -0.056488037109375 0.40435791015625 -0.059722900390625
-0.164871215820313 0.087310791015625 0.256103515625 -0.22589111328125
-0.100196838378906 0.11981201171875 0.096038818359375 -0.233352661132813
-0.0995559692382813 0.0983963012695312 0.0288772583007812 -0.1385498046875
-0.13775634765625 0.129997253417969 -0.0152587890625 -0.0388031005859375
-0.209518432617187 0.060699462890625 -0.0775527954101563 0.00550079345703127
-0.203704833984375 -0.104598999023437 -0.132225036621094 0.02655029296875
-0.06109619140625 -0.220077514648438 -0.2108154296875 -0.051055908203125
0.204330444335938 -0.140228271484375 -0.215225219726562 -0.252853393554688
0.262954711914063 0.0458526611328125 -0.0193786621093749 -0.3643798828125
0.178680419921875 0.163619995117188 0.220291137695313 -0.179214477539063
0.1494140625 0.13690185546875 -0.0673217773437499 0.339630126953125
0.147781372070313 0.00445556640625 0.01556396484375 0.439727783203125
0.0984725952148438 -0.095550537109375 0.292572021484375 0.388641357421875
-0.0199661254882813 -0.0995712280273438 0.45428466796875 0.180877685546875
-0.0831222534179688 -0.03131103515625 0.4239501953125 -0.097198486328125
-0.097930908203125 0.0514678955078125 0.2681884765625 -0.274322509765625
-0.0613594055175781 0.0642547607421875 0.10284423828125 -0.283447265625
-0.0636825561523438 0.0532264709472656 0.0386962890625 -0.190292358398438
-0.0938339233398438 0.0732269287109375 0.0158462524414063 -0.094024658203125
-0.134330749511719 0.0215301513671875 -0.0139179229736328 -0.0315761566162109
-0.115631103515625 -0.0852508544921875 -0.0739364624023438 0.0275955200195313
-0.00821685791015625 -0.139579772949219 -0.182998657226563 -0.020233154296875
0.149551391601562 -0.0478973388671875 -0.220993041992188 -0.2396240234375
0.156387329101563 0.063201904296875 -0.0107421875 -0.361541748046875
0.097930908203125 0.1156005859375 0.237548828125 -0.112548828125
-0.016448974609375 -0.0294361114501953 -0.26690673828125 0.105880737304687
-0.0383377075195313 -0.0143814086914063 -0.00152587890624999 0.380340576171875
-0.0130157470703125 -0.0267810821533203 0.276580810546875 0.21929931640625
-0.0269603729248047 0.00244903564453125 0.202529907226563 0.004974365234375
0.00164413452148437 0.0248737335205078 0.0326099395751953 -0.0351219177246094
0.0336341857910156 0.00510215759277344 -0.0440635681152344 0.0337028503417969
0.0275249481201172 -0.0233020782470703 -0.04620361328125 0.13275146484375
0.0124263763427734 -0.0290107727050781 -0.046783447265625 0.219696044921875
0.0187206268310547 -0.0196151733398438 -0.132110595703125 0.2935791015625
0.00508642196655273 -0.00510787963867188 -0.2965087890625 0.266571044921875
0.00205278396606445 0.0036320686340332 -0.427642822265625 0.151123046875
-0.00368309020996094 0.00607204437255859 -0.46868896484375 -0.103179931640625
-0.0294513702392578 0.0134792327880859 -0.319793701171875 -0.423797607421875
-0.0705413818359375 -0.0244827270507813 -0.112762451171875 -0.466583251953125
-0.0593719482421875 -0.0825576782226563 0.0567626953125 -0.425628662109375
0.0768814086914063 0.0713958740234375 -0.26556396484375 0.0789337158203125
0.0986328125 0.0107421875 -0.024749755859375 0.358734130859375
0.0948944091796875 -0.102485656738281 0.25372314453125 0.234100341796875
-0.0346755981445313 -0.117691040039063 0.196929931640625 0.02972412109375
-0.0889053344726563 -0.0418701171875 0.05255126953125 -0.0257644653320313
-0.0766677856445313 0.0405197143554688 -0.0302696228027344 0.0362129211425781
-0.0355911254882813 0.0545845031738281 -0.0430374145507813 0.123764038085938
-0.0335006713867188 0.0316333770751953 -0.0413055419921875 0.210128784179688
-0.0338668823242188 0.0463600158691406 -0.121917724609375 0.290008544921875
-0.0660896301269531 0.0423240661621094 -0.28790283203125 0.27276611328125
-0.0799331665039063 -0.00650024414062501 -0.4150390625 0.16607666015625
-0.059051513671875 -0.0568084716796875 -0.469512939453125 -0.081268310546875
0.0164947509765625 -0.0737533569335938 -0.3460693359375 -0.399810791015625
0.0520477294921875 -0.0466384887695313 -0.139617919921875 -0.469696044921875
0.0495681762695313 -0.0141220092773438 0.04638671875 -0.45013427734375
0.166000366210938 0.159576416015625 -0.252685546875 0.0756683349609375
0.226043701171875 0.0234375 -0.052520751953125 0.3297119140625
0.183242797851563 -0.178207397460938 0.208694458007812 0.2568359375
-0.046630859375 -0.2218017578125 0.1986083984375 0.0841827392578125
-0.168991088867188 -0.095733642578125 0.107284545898437 -0.00477600097656251
-0.172378540039063 0.0723419189453125 0.0204753875732422 0.0152988433837891
-0.0915069580078125 0.120643615722656 -0.02008056640625 0.0793838500976563
-0.07623291015625 0.0864105224609375 -0.0301361083984375 0.168350219726563
-0.08026123046875 0.107307434082031 -0.10955810546875 0.259078979492188
-0.132896423339844 0.0875396728515625 -0.27392578125 0.2567138671875
-0.158432006835937 -0.01434326171875 -0.392333984375 0.1629638671875
-0.113372802734375 -0.117790222167969 -0.452301025390625 -0.0715942382812501
0.0606231689453125 -0.158599853515625 -0.350799560546875 -0.378509521484375
0.16937255859375 -0.0673065185546875 -0.141876220703125 -0.4630126953125
0.152099609375 0.0508575439453125 0.058349609375 -0.443328857421875
0.238327026367187 0.2203369140625 -0.232284545898437 0.09942626953125
0.319122314453125 0.01055908203125 -0.0820312499999999 0.318359375
0.229232788085937 -0.243972778320312 0.1717529296875 0.302520751953125
-0.071685791015625 -0.285552978515625 0.228012084960938 0.154052734375
-0.226654052734375 -0.118179321289063 0.190673828125 0.00959777832031249
-0.231613159179688 0.101486206054687 0.0934982299804687 -0.0303497314453125
-0.126556396484375 0.165847778320313 0.0137014389038086 0.00606346130371095
-0.108551025390625 0.125656127929688 -0.0173492431640625 0.100578308105469
-0.119766235351562 0.156936645507813 -0.0951995849609375 0.202239990234375
-0.190811157226563 0.1212158203125 -0.250335693359375 0.21337890625
-0.226882934570313 -0.027191162109375 -0.35626220703125 0.135009765625
-0.155471801757813 -0.176712036132812 -0.415069580078125 -0.0748901367187501
0.108734130859375 -0.227584838867188 -0.3262939453125 -0.36053466796875
0.2677001953125 -0.0741729736328125 -0.1181640625 -0.449188232421875
0.230087280273438 0.108474731445313 0.09222412109375 -0.4083251953125
0.280502319335938 0.2451171875 -0.198776245117187 0.148788452148438
0.355926513671875 -0.013916015625 -0.0933837890625 0.340484619140625
0.224273681640625 -0.27484130859375 0.17095947265625 0.35980224609375
-0.0938720703125 -0.29248046875 0.292938232421875 0.20880126953125
-0.246414184570312 -0.10882568359375 0.2855224609375 0.000518798828124993
-0.24676513671875 0.121109008789063 0.168136596679688 -0.09832763671875
-0.138214111328125 0.183746337890625 0.0477981567382813 -0.0826492309570312
-0.125213623046875 0.144256591796875 -0.00307464599609376 0.0177154541015625
-0.146270751953125 0.182418823242188 -0.0764617919921875 0.1253662109375
-0.233856201171875 0.131866455078125 -0.2115478515625 0.149444580078125
-0.2716064453125 -0.0516357421875 -0.296905517578125 0.0936279296875
-0.167617797851563 -0.230392456054687 -0.353546142578125 -0.081329345703125
0.16229248046875 -0.261276245117188 -0.2833251953125 -0.33135986328125
0.330352783203125 -0.05419921875 -0.0811157226562499 -0.425323486328125
0.265411376953125 0.15380859375 0.139862060546875 -0.3492431640625
0.2802734375 0.236419677734375 -0.153915405273437 0.219406127929688
0.32843017578125 -0.0274658203125 -0.0715942382812499 0.384918212890625
0.188125610351563 -0.251724243164063 0.209320068359375 0.39990234375
-0.092559814453125 -0.247329711914063 0.372802734375 0.225433349609375
-0.219802856445312 -0.082000732421875 0.366363525390625 -0.032470703125
-0.220123291015625 0.119842529296875 0.225296020507813 -0.174697875976563
-0.127090454101562 0.169448852539063 0.0738983154296875 -0.169891357421875
-0.123428344726563 0.137138366699219 0.0108108520507812 -0.0683975219726563
-0.154586791992188 0.1761474609375 -0.049896240234375 0.0395431518554688
-0.2467041015625 0.112594604492187 -0.153488159179688 0.074981689453125
-0.270217895507813 -0.082305908203125 -0.216949462890625 0.0538482666015625
-0.135391235351562 -0.2554931640625 -0.27886962890625 -0.0745086669921875
0.207382202148437 -0.234420776367187 -0.243316650390625 -0.2908935546875
0.335968017578125 -0.00946044921875 -0.05010986328125 -0.39471435546875
0.24908447265625 0.177261352539063 0.18701171875 -0.27294921875
0.239166259765625 0.19775390625 -0.1046142578125 0.29412841796875
0.255477905273438 -0.0222625732421875 -0.02325439453125 0.428863525390625
0.143234252929688 -0.188262939453125 0.26568603515625 0.408050537109375
-0.0662384033203125 -0.176956176757813 0.436431884765625 0.208099365234375
-0.160781860351563 -0.0522918701171875 0.41571044921875 -0.076904296875
-0.164962768554688 0.0976409912109375 0.256973266601563 -0.2430419921875
-0.09991455078125 0.128387451171875 0.089324951171875 -0.244094848632813
-0.103347778320313 0.106559753417969 0.0227203369140625 -0.143844604492188
-0.139167785644531 0.139846801757813 -0.0175361633300781 -0.0400848388671875
-0.215499877929688 0.0722198486328125 -0.0818939208984375 0.00912475585937499
-0.215133666992188 -0.0997467041015625 -0.134071350097656 0.03155517578125
-0.07177734375 -0.22735595703125 -0.21771240234375 -0.0457916259765625
0.21142578125 -0.154220581054688 -0.230499267578125 -0.252243041992188
0.2763671875 0.0397186279296875 -0.034393310546875 -0.375274658203125
0.19073486328125 0.16729736328125 0.220733642578125 -0.193557739257813
0.161956787109375 0.137496948242188 -0.059844970703125 0.358001708984375
0.154052734375 -0.0004730224609375 0.03033447265625 0.45782470703125
0.100196838378906 -0.104721069335938 0.314056396484375 0.393341064453125
-0.0233688354492187 -0.101478576660156 0.476715087890625 0.172943115234375
-0.0874481201171875 -0.0288772583007813 0.43438720703125 -0.11505126953125
-0.09783935546875 0.058685302734375 0.264373779296875 -0.292633056640625
-0.0619583129882812 0.0693778991699219 0.0936279296875 -0.29534912109375
-0.0679817199707031 0.0584030151367188 0.0300445556640625 -0.198379516601563
-0.0965042114257813 0.0795440673828125 0.012359619140625 -0.0998153686523437
-0.138458251953125 0.0272369384765625 -0.0164928436279297 -0.0329456329345703
-0.124000549316406 -0.083251953125 -0.0730667114257813 0.0299148559570312
-0.0130615234375 -0.145843505859375 -0.1885986328125 -0.0143585205078125
0.156448364257813 -0.0554046630859375 -0.236312866210938 -0.237106323242187
0.164718627929688 0.060760498046875 -0.026947021484375 -0.371856689453125
0.104042053222656 0.119354248046875 0.241165161132813 -0.12249755859375
-0.0191116333007813 -0.0298480987548828 -0.273513793945313 0.1207275390625
-0.0410423278808594 -0.0118026733398437 0.023651123046875 0.3905029296875
-0.0164966583251953 -0.0274467468261719 0.30078125 0.205657958984375
-0.0288581848144531 0.00617980957031251 0.209518432617188 -0.008697509765625
0.00413131713867188 0.0265159606933594 0.0307235717773438 -0.0350780487060547
0.03778076171875 0.0043487548828125 -0.0429649353027344 0.0415573120117188
0.0267772674560547 -0.0255565643310547 -0.0385589599609375 0.141220092773438
0.00958061218261719 -0.0301361083984375 -0.0316314697265625 0.22955322265625
0.0178070068359375 -0.0230903625488281 -0.1158447265625 0.3135986328125
0.006072998046875 -0.00475692749023438 -0.290771484375 0.297882080078125
0.00268888473510742 0.00582647323608398 -0.434906005859375 0.1856689453125
-0.00505828857421875 0.00687265396118164 -0.492279052734375 -0.0767822265625
-0.0304775238037109 0.0148410797119141 -0.357574462890625 -0.420928955078125
-0.0748138427734375 -0.0217971801757813 -0.145263671875 -0.480377197265625
-0.0660858154296875 -0.0826568603515625 0.033660888671875 -0.45086669921875
0.0855178833007813 0.0714874267578125 -0.272796630859375 0.0927581787109376
0.103416442871094 0.0070648193359375 -0.00143432617187496 0.369354248046875
0.0919723510742188 -0.114326477050781 0.2769775390625 0.223114013671875
-0.0440444946289062 -0.119644165039063 0.204849243164063 0.0183258056640625
-0.0957183837890625 -0.037261962890625 0.0515937805175781 -0.0262031555175781
-0.0742568969726562 0.0484161376953125 -0.0281181335449219 0.0418472290039063
-0.0336036682128906 0.0600128173828125 -0.0365524291992188 0.132186889648438
-0.0347480773925781 0.0361328125 -0.027099609375 0.22027587890625
-0.0319900512695313 0.0492477416992187 -0.1055908203125 0.308624267578125
-0.0645523071289062 0.0479049682617188 -0.2833251953125 0.302581787109375
-0.0824356079101563 0.000999450683593732 -0.419342041015625 0.198822021484375
-0.065582275390625 -0.0549850463867187 -0.490478515625 -0.0528564453124999
0.012664794921875 -0.07818603515625 -0.38433837890625 -0.39337158203125
0.0511360168457031 -0.052398681640625 -0.17535400390625 -0.4805908203125
0.0508842468261719 -0.0172576904296875 0.01910400390625 -0.4749755859375
0.183792114257813 0.159332275390625 -0.25982666015625 0.0892028808593751
0.236923217773438 0.0118560791015625 -0.033203125 0.34100341796875
0.180801391601563 -0.198715209960938 0.23095703125 0.24945068359375
-0.061614990234375 -0.227279663085938 0.210418701171875 0.07635498046875
-0.182388305664062 -0.0885162353515625 0.110092163085938 -0.00846099853515626
-0.170974731445313 0.0873565673828125 0.0236454010009766 0.0154552459716797
-0.086944580078125 0.132392883300781 -0.0153121948242188 0.0850906372070313
-0.0749740600585938 0.0957260131835937 -0.02001953125 0.176803588867188
-0.0773773193359375 0.116706848144531 -0.094329833984375 0.276077270507813
-0.129684448242188 0.0997695922851563 -0.268463134765625 0.28662109375
-0.164657592773438 -0.00198364257812502 -0.3968505859375 0.1943359375
-0.125808715820313 -0.114051818847656 -0.473236083984375 -0.0452880859374999
0.053985595703125 -0.169281005859375 -0.386444091796875 -0.371490478515625
0.17205810546875 -0.0808563232421875 -0.176727294921875 -0.475799560546875
0.161300659179687 0.0452880859375 0.032806396484375 -0.469451904296875
0.263336181640625 0.217498779296875 -0.236419677734375 0.11407470703125
0.33349609375 -0.0069580078125 -0.065765380859375 0.332061767578125
0.222930908203125 -0.271286010742187 0.194061279296875 0.2999267578125
-0.091827392578125 -0.29296875 0.246078491210938 0.148330688476562
-0.243881225585938 -0.107772827148437 0.198837280273437 -0.000442504882812507
-0.231521606445313 0.121200561523438 0.0971221923828125 -0.0378036499023437
-0.11920166015625 0.182022094726562 0.0148859024047851 0.00674533843994142
-0.106834411621094 0.139480590820313 -0.0106658935546875 0.105514526367188
-0.114395141601562 0.169570922851562 -0.0843048095703125 0.215545654296875
-0.188674926757813 0.138717651367188 -0.247100830078125 0.240997314453125
-0.236709594726563 -0.010498046875 -0.36004638671875 0.16455078125
-0.173873901367188 -0.173568725585937 -0.435577392578125 -0.0518798828124999
0.100387573242188 -0.245513916015625 -0.359375 -0.3536376953125
0.27423095703125 -0.094085693359375 -0.150421142578125 -0.4617919921875
0.245315551757813 0.101593017578125 0.069549560546875 -0.434356689453125
0.309295654296875 0.24127197265625 -0.198516845703125 0.166305541992188
0.369171142578125 -0.036041259765625 -0.0762634277343749 0.35772705078125
0.21600341796875 -0.30377197265625 0.196563720703125 0.361114501953125
-0.115386962890625 -0.297637939453125 0.316741943359375 0.201934814453125
-0.262954711914063 -0.09637451171875 0.297607421875 -0.01629638671875
-0.245025634765625 0.141403198242187 0.169921875 -0.113494873046875
-0.130340576171875 0.200241088867188 0.0443191528320312 -0.0867996215820313
-0.122665405273438 0.159530639648438 -0.00224494934082032 0.0190238952636719
-0.141128540039063 0.198501586914063 -0.0701217651367188 0.135513305664062
-0.23211669921875 0.153411865234375 -0.211929321289063 0.172271728515625
-0.28509521484375 -0.032806396484375 -0.301910400390625 0.116546630859375
-0.190139770507813 -0.228469848632812 -0.3709716796875 -0.063140869140625
0.155242919921875 -0.28399658203125 -0.3138427734375 -0.326019287109375
0.34149169921875 -0.07781982421875 -0.11102294921875 -0.437286376953125
0.28521728515625 0.14691162109375 0.12255859375 -0.37457275390625
0.307861328125 0.230438232421875 -0.147552490234375 0.23699951171875
0.3397216796875 -0.047882080078125 -0.05242919921875 0.40338134765625
0.179046630859375 -0.277114868164063 0.23822021484375 0.401123046875
-0.110824584960937 -0.25115966796875 0.400421142578125 0.213592529296875
-0.234054565429688 -0.0700683593750001 0.377716064453125 -0.056121826171875
-0.216552734375 0.13848876953125 0.223037719726563 -0.197067260742188
-0.12054443359375 0.184783935546875 0.065216064453125 -0.178878784179687
-0.121978759765625 0.152786254882813 0.00563430786132812 -0.0699729919433594
-0.150726318359375 0.193496704101563 -0.0489692687988281 0.044586181640625
-0.247848510742188 0.133987426757813 -0.156448364257813 0.09063720703125
-0.28643798828125 -0.06591796875 -0.221054077148438 0.06817626953125
-0.157623291015625 -0.25665283203125 -0.29339599609375 -0.060302734375
0.203872680664063 -0.2596435546875 -0.267425537109375 -0.285003662109375
0.349945068359375 -0.030364990234375 -0.077545166015625 -0.406982421875
0.270263671875 0.172760009765625 0.175750732421875 -0.296417236328125
0.262527465820313 0.191696166992188 -0.09124755859375 0.313323974609375
0.263076782226563 -0.03839111328125 0.000579833984375059 0.44720458984375
0.136245727539062 -0.207260131835938 0.29736328125 0.407257080078125
-0.0791778564453125 -0.179428100585938 0.466217041015625 0.19171142578125
-0.170562744140625 -0.0433197021484375 0.426910400390625 -0.10443115234375
-0.16192626953125 0.112197875976563 0.250579833984375 -0.268524169921875
-0.09442138671875 0.140419006347656 0.076019287109375 -0.2557373046875
-0.102493286132813 0.119537353515625 0.01239013671875 -0.14886474609375
-0.136566162109375 0.1544189453125 -0.0209159851074219 -0.0405654907226562
-0.217605590820313 0.0886383056640625 -0.0858306884765625 0.0166473388671875
-0.231231689453125 -0.088226318359375 -0.135162353515625 0.0398941040039063
-0.089691162109375 -0.232940673828125 -0.226486206054688 -0.03387451171875
0.214111328125 -0.1749267578125 -0.25201416015625 -0.244400024414063
0.291595458984375 0.0252685546875 -0.0609130859375 -0.38653564453125
0.20733642578125 0.165481567382813 0.217041015625 -0.213607788085938
0.17913818359375 0.134185791015625 -0.040679931640625 0.3782958984375
0.160293579101563 -0.0088043212890625 0.058807373046875 0.475341796875
0.0968856811523438 -0.116165161132813 0.3485107421875 0.38885498046875
-0.0296630859375 -0.103591918945313 0.506072998046875 0.152191162109375
-0.0923995971679688 -0.023956298828125 0.44219970703125 -0.144622802734375
-0.0946807861328125 0.0673599243164062 0.25567626953125 -0.31884765625
-0.059051513671875 0.0766448974609375 0.07647705078125 -0.3099365234375
-0.0686683654785156 0.0670967102050781 0.0169830322265625 -0.2064208984375
-0.0959091186523438 0.0889205932617188 0.00649261474609374 -0.104469299316406
-0.142745971679688 0.037109375 -0.0204353332519531 -0.0325527191162109
-0.134536743164063 -0.0775985717773438 -0.0707244873046875 0.0346603393554687
-0.0223846435546875 -0.15106201171875 -0.192977905273438 -0.00114440917968754
0.162246704101563 -0.0684661865234375 -0.260009765625 -0.227920532226563
0.175460815429688 0.0543212890625 -0.054412841796875 -0.38287353515625
0.114631652832031 0.118919372558594 0.241943359375 -0.140213012695313
-0.0208644866943359 -0.0287017822265625 -0.271469116210938 0.138748168945312
-0.0423126220703125 -0.00707626342773438 0.054534912109375 0.389678955078125
-0.0207710266113281 -0.0268573760986328 0.320037841796875 0.1796875
-0.0290412902832031 0.00933456420898437 0.209564208984375 -0.025421142578125
0.0066986083984375 0.0279159545898437 0.0278072357177734 -0.0340938568115234
0.0409317016601563 0.00143814086914063 -0.0393028259277344 0.048980712890625
0.0251960754394531 -0.0276622772216797 -0.0265350341796875 0.146713256835938
0.00591659545898437 -0.0305404663085937 -0.0114898681640625 0.233932495117188
0.0149173736572266 -0.0254001617431641 -0.08905029296875 0.326690673828125
0.00707435607910156 -0.00607395172119141 -0.269256591796875 0.326934814453125
0.00417137145996094 0.00718259811401367 -0.424346923828125 0.223541259765625
-0.00583219528198242 0.00747537612915039 -0.502777099609375 -0.0387268066406249
-0.0303668975830078 0.0162868499755859 -0.3946533203125 -0.398895263671875
-0.0777206420898437 -0.0167083740234375 -0.18536376953125 -0.478363037109375
-0.072967529296875 -0.0790634155273438 -0.00274658203125002 -0.465179443359375
0.0941162109375 0.0680770874023438 -0.272674560546875 0.110214233398437
0.1065673828125 0.00066375732421875 0.027862548828125 0.37109375
0.082672119140625 -0.124725341796875 0.296142578125 0.199005126953125
-0.054412841796875 -0.118019104003906 0.206710815429687 0.00244140624999999
-0.0998382568359375 -0.028900146484375 0.0498046875 -0.0278701782226563
-0.0695304870605469 0.0552597045898437 -0.0231857299804688 0.0462989807128906
-0.0283737182617188 0.0642585754394531 -0.0244674682617188 0.13726806640625
-0.0337142944335938 0.0410003662109375 -0.008087158203125 0.224533081054688
-0.0292930603027344 0.0515632629394531 -0.07861328125 0.321136474609375
-0.0595855712890625 0.05389404296875 -0.2607421875 0.332611083984375
-0.0823974609375 0.0092620849609375 -0.406982421875 0.23687744140625
-0.0715560913085938 -0.0496673583984375 -0.49945068359375 -0.0144042968750001
0.00588989257812499 -0.0826263427734375 -0.41864013671875 -0.369049072265625
0.048004150390625 -0.0581512451171875 -0.216278076171875 -0.476776123046875
0.051055908203125 -0.021484375 -0.01849365234375 -0.488616943359375
0.202011108398438 0.150466918945313 -0.259124755859375 0.106826782226563
0.24273681640625 -0.0039520263671875 -0.00683593750000002 0.34490966796875
0.1668701171875 -0.218490600585938 0.250701904296875 0.231887817382813
-0.08050537109375 -0.226669311523437 0.21795654296875 0.06201171875
-0.193405151367188 -0.07373046875 0.110977172851562 -0.0151443481445313
-0.16375732421875 0.102584838867188 0.0259761810302734 0.0139884948730469
-0.0757293701171875 0.142410278320313 -0.00782775878906251 0.0877838134765625
-0.0698776245117188 0.10528564453125 -0.00335693359374999 0.180389404296875
-0.0702133178710938 0.124122619628906 -0.0703125 0.28631591796875
-0.12176513671875 0.111503601074219 -0.2479248046875 0.3145751953125
-0.16546630859375 0.013092041015625 -0.386566162109375 0.230682373046875
-0.136894226074219 -0.104560852050781 -0.48126220703125 -0.00711059570312494
0.0416259765625 -0.177520751953125 -0.41912841796875 -0.3463134765625
0.168060302734375 -0.0962982177734375 -0.2196044921875 -0.46917724609375
0.16802978515625 0.035430908203125 -0.00515747070312496 -0.484344482421875
0.28759765625 0.203094482421875 -0.232086181640625 0.130874633789063
0.3387451171875 -0.031982421875 -0.04107666015625 0.339263916015625
0.204071044921875 -0.29681396484375 0.216094970703125 0.286163330078125
-0.116058349609375 -0.290740966796875 0.261337280273438 0.133026123046875
-0.257049560546875 -0.089080810546875 0.201202392578125 -0.013214111328125
-0.222076416015625 0.141342163085938 0.095703125 -0.046630859375
-0.105712890625 0.194961547851563 0.015507698059082 0.00656700134277345
-0.0976104736328125 0.15228271484375 -0.000930786132812507 0.108467102050781
-0.10333251953125 0.18182373046875 -0.0653076171875 0.22454833984375
-0.176132202148437 0.156646728515625 -0.230682373046875 0.26904296875
-0.240005493164063 0.00997924804687505 -0.3511962890625 0.1962890625
-0.190902709960938 -0.161224365234375 -0.445526123046875 -0.01849365234375
0.0832061767578125 -0.258880615234375 -0.390350341796875 -0.330078125
0.271194458007813 -0.117996215820313 -0.191009521484375 -0.458343505859375
0.257080078125 0.086822509765625 0.03399658203125 -0.449371337890625
0.33587646484375 0.223236083984375 -0.189544677734375 0.182037353515625
0.371856689453125 -0.06292724609375 -0.050201416015625 0.36663818359375
0.194183349609375 -0.327789306640625 0.223541259765625 0.350494384765625
-0.139984130859375 -0.293487548828125 0.338165283203125 0.18280029296875
-0.27496337890625 -0.0752105712890626 0.2996826171875 -0.0384521484375
-0.234115600585937 0.163223266601563 0.162704467773437 -0.1297607421875
-0.113937377929688 0.214202880859375 0.037567138671875 -0.08990478515625
-0.112594604492188 0.174972534179688 0.00024223327636718 0.0205097198486328
-0.126495361328125 0.213119506835938 -0.058868408203125 0.14276123046875
-0.220504760742188 0.17510986328125 -0.200454711914062 0.196258544921875
-0.290771484375 -0.00823974609375003 -0.295562744140625 0.1427001953125
-0.211044311523438 -0.215988159179688 -0.38018798828125 -0.0343933105468751
0.136993408203125 -0.30303955078125 -0.34136962890625 -0.3057861328125
0.34185791015625 -0.107177734375 -0.148468017578125 -0.435028076171875
0.300750732421875 0.130279541015625 0.0923156738281251 -0.39154052734375
0.334381103515625 0.211151123046875 -0.132644653320312 0.251983642578125
0.340789794921875 -0.07403564453125 -0.0220947265625 0.412567138671875
0.158111572265625 -0.297149658203125 0.2703857421875 0.38848876953125
-0.131683349609375 -0.246047973632812 0.424102783203125 0.18896484375
-0.242431640625 -0.0502166748046875 0.37799072265625 -0.08563232421875
-0.205673217773438 0.157333374023437 0.209274291992188 -0.217987060546875
-0.105422973632812 0.196914672851563 0.051361083984375 -0.184738159179688
-0.112884521484375 0.16705322265625 -0.000396728515625006 -0.0700035095214844
-0.137054443359375 0.209030151367187 -0.046234130859375 0.0488624572753906
-0.238449096679688 0.157073974609375 -0.1519775390625 0.10809326171875
-0.2962646484375 -0.04095458984375 -0.217483520507812 0.08599853515625
-0.181365966796875 -0.248626708984375 -0.299560546875 -0.03826904296875
0.188995361328125 -0.282440185546875 -0.29248046875 -0.266845703125
0.355560302734375 -0.0592041015625 -0.1123046875 -0.406005859375
0.28692626953125 0.15728759765625 0.153045654296875 -0.3145751953125
0.284820556640625 0.17535400390625 -0.068756103515625 0.32635498046875
0.263320922851563 -0.0575714111328125 0.0349121093750001 0.45452880859375
0.119720458984375 -0.222686767578125 0.331268310546875 0.390167236328125
-0.093231201171875 -0.175460815429688 0.488677978515625 0.158111572265625
-0.175674438476562 -0.0284576416015625 0.421875 -0.138885498046875
-0.152252197265625 0.126174926757813 0.230987548828125 -0.291717529296875
-0.0829315185546875 0.149810791015625 0.054901123046875 -0.262649536132813
-0.0959243774414062 0.131515502929688 -0.000213623046875002 -0.149978637695313
-0.126632690429688 0.168502807617187 -0.0252876281738281 -0.0397300720214844
-0.2138671875 0.108474731445313 -0.087371826171875 0.0265045166015625
-0.242263793945313 -0.0684204101562499 -0.132095336914063 0.0496978759765625
-0.109451293945312 -0.229507446289063 -0.229904174804687 -0.0164337158203125
0.2066650390625 -0.198776245117188 -0.273635864257813 -0.225250244140625
0.299530029296875 0.003143310546875 -0.096038818359375 -0.384552001953125
0.222274780273438 0.155410766601563 0.202362060546875 -0.233047485351563
0.195053100585937 0.122177124023438 -0.012359619140625 0.390899658203125
0.160903930664063 -0.0206298828125 0.09735107421875 0.48046875
0.0877838134765625 -0.126792907714844 0.37957763671875 0.367218017578125
-0.0380020141601563 -0.103195190429688 0.52496337890625 0.115814208984375
-0.0947265625 -0.0152816772460938 0.43524169921875 -0.181793212890625
-0.0882644653320312 0.0763320922851563 0.232391357421875 -0.3438720703125
-0.0529632568359375 0.082489013671875 0.050750732421875 -0.31689453125
-0.0661468505859375 0.0752487182617188 -0.000991821289062519 -0.20831298828125
-0.091583251953125 0.0979385375976563 -0.00310516357421875 -0.106887817382813
-0.141036987304688 0.04925537109375 -0.0243930816650391 -0.0306224822998047
-0.1416015625 -0.0666656494140625 -0.0669212341308594 0.0380706787109375
-0.034271240234375 -0.151763916015625 -0.192047119140625 0.014007568359375
0.163131713867188 -0.08404541015625 -0.279891967773438 -0.207244873046875
0.183364868164063 0.042327880859375 -0.088714599609375 -0.38067626953125
0.123565673828125 0.115715026855469 0.234878540039063 -0.159133911132813
-0.0213680267333984 -0.027130126953125 -0.263336181640625 0.151687622070313
-0.0412521362304688 -0.00347137451171874 0.080596923828125 0.376861572265625
-0.0247669219970703 -0.0251884460449219 0.32525634765625 0.151611328125
-0.0291633605957031 0.0129299163818359 0.2032470703125 -0.0389404296875
0.0100669860839844 0.0279159545898437 0.0252323150634766 -0.0322360992431641
0.0437736511230469 -0.00165939331054688 -0.0342941284179688 0.0544395446777344
0.0228214263916016 -0.0286216735839844 -0.01544189453125 0.145782470703125
0.00260543823242188 -0.0296821594238281 0.00779724121093749 0.229522705078125
0.0121231079101563 -0.0265865325927734 -0.061187744140625 0.3280029296875
0.00736474990844727 -0.00643444061279297 -0.2403564453125 0.3433837890625
0.00604963302612305 0.00853538513183594 -0.40216064453125 0.251129150390625
-0.00585794448852539 0.00863027572631836 -0.49603271484375 -0.00268554687500007
-0.0295391082763672 0.017059326171875 -0.4151611328125 -0.367431640625
-0.078643798828125 -0.0115814208984375 -0.2159423828125 -0.46014404296875
-0.0768508911132813 -0.07354736328125 -0.03668212890625 -0.4627685546875
0.100013732910156 0.0618820190429688 -0.265487670898438 0.124221801757812
0.10693359375 -0.00389862060546875 0.05181884765625 0.360687255859375
0.0729598999023438 -0.129989624023437 0.303466796875 0.173248291015625
-0.0616912841796875 -0.113334655761719 0.204010009765625 -0.0112457275390625
-0.100425720214844 -0.0209732055664062 0.0465545654296875 -0.0273818969726563
-0.061767578125 0.0586776733398437 -0.0191192626953125 0.0484504699707031
-0.0231170654296875 0.06536865234375 -0.0142898559570313 0.137176513671875
-0.0313224792480469 0.0444145202636719 0.0113067626953125 0.22021484375
-0.0269317626953125 0.0531463623046875 -0.05206298828125 0.3206787109375
-0.0535049438476563 0.0572090148925781 -0.230712890625 0.3492431640625
-0.0791549682617188 0.0165634155273437 -0.384490966796875 0.263702392578125
-0.0747833251953125 -0.0436782836914063 -0.491607666015625 0.0193786621093751
0.000518798828124997 -0.0828628540039063 -0.437347412109375 -0.336181640625
0.0427665710449219 -0.0610198974609375 -0.247039794921875 -0.45709228515625
0.0489158630371094 -0.0231208801269531 -0.052093505859375 -0.485870361328125
0.21392822265625 0.136428833007813 -0.25152587890625 0.119522094726563
0.240478515625 -0.0182952880859375 0.01568603515625 0.337890625
0.149642944335937 -0.228622436523438 0.260391235351563 0.209228515625
-0.0955047607421875 -0.219635009765625 0.219009399414063 0.04730224609375
-0.195785522460938 -0.0588531494140625 0.1087646484375 -0.0193023681640625
-0.151992797851563 0.111831665039063 0.0264606475830078 0.012359619140625
-0.063262939453125 0.145401000976562 -0.00115966796875001 0.0876617431640625
-0.0625457763671875 0.110282897949219 0.012237548828125 0.176300048828125
-0.060546875 0.126518249511719 -0.047576904296875 0.28582763671875
-0.1104736328125 0.118026733398438 -0.21954345703125 0.33123779296875
-0.161407470703125 0.02667236328125 -0.36236572265625 0.254364013671875
-0.14263916015625 -0.0931243896484375 -0.4730224609375 0.0270996093749999
0.0284271240234375 -0.179412841796875 -0.435760498046875 -0.31329345703125
0.159011840820313 -0.107086181640625 -0.248870849609375 -0.45166015625
0.168228149414063 0.0259552001953125 -0.041656494140625 -0.479949951171875
0.301666259765625 0.183441162109375 -0.22259521484375 0.141769409179688
0.33367919921875 -0.051513671875 -0.017242431640625 0.335296630859375
0.180419921875 -0.308135986328125 0.22979736328125 0.268325805664062
-0.135009765625 -0.279830932617188 0.267807006835938 0.115768432617187
-0.260498046875 -0.068389892578125 0.19793701171875 -0.024169921875
-0.206817626953125 0.15411376953125 0.0905227661132812 -0.0531005859375
-0.088348388671875 0.198837280273438 0.0165538787841797 0.00511074066162111
-0.0866241455078125 0.158370971679687 0.00838470458984375 0.105537414550781
-0.089813232421875 0.18609619140625 -0.047576904296875 0.225555419921875
-0.1619873046875 0.166366577148438 -0.206787109375 0.28607177734375
-0.2347412109375 0.029449462890625 -0.331390380859375 0.219207763671875
-0.199600219726563 -0.144821166992187 -0.436431884765625 0.013092041015625
0.0648651123046875 -0.263275146484375 -0.4061279296875 -0.299468994140625
0.25982666015625 -0.136093139648437 -0.22198486328125 -0.44012451171875
0.2606201171875 0.070648193359375 4.33683606962029E-17 -0.447662353515625
0.349273681640625 0.1993408203125 -0.176193237304687 0.191635131835938
0.363372802734375 -0.086151123046875 -0.02581787109375 0.363983154296875
0.165863037109375 -0.338134765625 0.2412109375 0.330657958984375
-0.158401489257813 -0.28076171875 0.3465576171875 0.1590576171875
-0.276657104492188 -0.0534515380859375 0.29364013671875 -0.056640625
-0.216232299804687 0.176116943359375 0.150863647460938 -0.14080810546875
-0.09552001953125 0.21868896484375 0.0304641723632812 -0.0909042358398438
-0.099822998046875 0.182815551757813 0.00221824645996093 0.0201396942138672
-0.11126708984375 0.219650268554688 -0.0479888916015625 0.145294189453125
-0.203933715820313 0.188095092773438 -0.182525634765625 0.212799072265625
-0.28662109375 0.014404296875 -0.280166625976563 0.161300659179688
-0.224472045898438 -0.1981201171875 -0.375701904296875 -0.008941650390625
0.11517333984375 -0.31121826171875 -0.354949951171875 -0.278717041015625
0.33062744140625 -0.12884521484375 -0.17938232421875 -0.419281005859375
0.30615234375 0.11181640625 0.060943603515625 -0.393646240234375
0.346710205078125 0.186920166015625 -0.114959716796875 0.256622314453125
0.329925537109375 -0.093994140625 0.00579833984375002 0.40802001953125
0.133575439453125 -0.305694580078125 0.289520263671875 0.3660888671875
-0.14642333984375 -0.234542846679687 0.432708740234375 0.1590576171875
-0.242523193359375 -0.0316162109375 0.366363525390625 -0.10888671875
-0.189102172851563 0.169082641601563 0.189620971679688 -0.229507446289063
-0.0881805419921875 0.202423095703125 0.0374603271484375 -0.184951782226563
-0.100204467773437 0.17462158203125 -0.00470733642578126 -0.0678253173828125
-0.121658325195313 0.216888427734375 -0.0419044494628906 0.0524101257324219
-0.22344970703125 0.172134399414062 -0.141311645507813 0.1220703125
-0.294342041015625 -0.017547607421875 -0.20751953125 0.09912109375
-0.196807861328125 -0.23321533203125 -0.296142578125 -0.01812744140625
0.168670654296875 -0.295562744140625 -0.304840087890625 -0.24273681640625
0.34796142578125 -0.083221435546875 -0.141845703125 -0.3907470703125
0.293487548828125 0.14068603515625 0.12677001953125 -0.3214111328125
0.295440673828125 0.1549072265625 -0.04644775390625 0.3272705078125
0.25543212890625 -0.072662353515625 0.066680908203125 0.44598388671875
0.10125732421875 -0.228363037109375 0.349334716796875 0.3642578125
-0.10333251953125 -0.167617797851563 0.494171142578125 0.12548828125
-0.17449951171875 -0.0149688720703125 0.4058837890625 -0.163909912109375
-0.138160705566406 0.13433837890625 0.204864501953125 -0.30340576171875
-0.0699920654296875 0.1533203125 0.0352935791015625 -0.261459350585938
-0.0864715576171875 0.138481140136719 -0.011260986328125 -0.14642333984375
-0.114303588867188 0.175933837890625 -0.028717041015625 -0.0366973876953125
-0.203048706054688 0.122589111328125 -0.0843124389648438 0.0357818603515625
-0.243942260742187 -0.0497894287109375 -0.125297546386719 0.0559616088867188
-0.124725341796875 -0.22064208984375 -0.224624633789063 -0.000900268554687524
0.1937255859375 -0.213333129882813 -0.28253173828125 -0.20086669921875
0.297607421875 -0.017669677734375 -0.1231689453125 -0.369964599609375
0.229400634765625 0.143020629882813 0.181777954101563 -0.2427978515625
0.203475952148437 0.107269287109375 0.013458251953125 0.38763427734375
0.156570434570312 -0.029632568359375 0.128387451171875 0.468353271484375
0.076812744140625 -0.131942749023438 0.3973388671875 0.337554931640625
-0.0440597534179688 -0.0998764038085938 0.5267333984375 0.08111572265625
-0.0933456420898438 -0.0081024169921875 0.41485595703125 -0.20758056640625
-0.0780105590820312 0.0803070068359375 0.2030029296875 -0.352081298828125
-0.045440673828125 0.0849761962890625 0.02685546875 -0.313690185546875
-0.06036376953125 0.080474853515625 -0.016632080078125 -0.203170776367187
-0.083709716796875 0.103134155273438 -0.01202392578125 -0.105033874511719
-0.136703491210938 0.05828857421875 -0.0265083312988281 -0.0260639190673828
-0.144287109375 -0.0556488037109375 -0.0607452392578125 0.0404129028320313
-0.0442657470703125 -0.148880004882813 -0.1845703125 0.0273590087890625
0.15838623046875 -0.0968170166015625 -0.288970947265625 -0.181671142578125
0.185028076171875 0.0304718017578125 -0.11651611328125 -0.36669921875
0.127906799316406 0.108894348144531 0.219284057617187 -0.170013427734375
-0.0204200744628906 -0.0265445709228516 -0.256454467773438 0.156082153320313
-0.0392875671386719 -0.00107574462890626 0.092071533203125 0.361907958984375
-0.0268974304199219 -0.0229167938232422 0.320831298828125 0.133148193359375
-0.0295906066894531 0.0148773193359375 0.195526123046875 -0.04644775390625
0.0117645263671875 0.0272369384765625 0.0240192413330078 -0.0295295715332031
0.0445442199707031 -0.00592803955078125 -0.0293006896972656 0.0565681457519531
0.0209407806396484 -0.0288314819335938 -0.00869750976562498 0.143707275390625
0.000476837158203125 -0.0279617309570313 0.01910400390625 0.22186279296875
0.00923538208007813 -0.0270290374755859 -0.0428466796875 0.3211669921875
0.00760746002197266 -0.00696706771850586 -0.218017578125 0.346405029296875
0.00870132446289063 0.00890827178955078 -0.38092041015625 0.260955810546875
-0.00643444061279297 0.00898075103759766 -0.48345947265625 0.01513671875
-0.0298080444335937 0.0171890258789063 -0.41888427734375 -0.345428466796875
-0.0775299072265625 -0.00844573974609376 -0.23040771484375 -0.4447021484375
-0.07684326171875 -0.0696792602539063 -0.055206298828125 -0.45501708984375
0.103897094726563 0.0575332641601563 -0.2596435546875 0.127914428710938
0.106834411621094 -0.00653839111328125 0.064300537109375 0.34716796875
0.0651702880859375 -0.13031005859375 0.2996826171875 0.155609130859375
-0.065643310546875 -0.107841491699219 0.197967529296875 -0.019012451171875
-0.0989151000976563 -0.0159988403320312 0.0450973510742187 -0.0252647399902344
-0.0571975708007812 0.0584526062011719 -0.0162010192871094 0.0496826171875
-0.0191497802734375 0.0649757385253906 -0.00849151611328126 0.134490966796875
-0.0301628112792969 0.0455169677734375 0.02093505859375 0.212661743164063
-0.0254173278808594 0.0521163940429688 -0.034515380859375 0.314208984375
-0.0492630004882812 0.0570144653320313 -0.208648681640625 0.3526611328125
-0.0741195678710938 0.0196685791015625 -0.363739013671875 0.273345947265625
-0.075164794921875 -0.039154052734375 -0.476837158203125 0.0384826660156251
-0.00460052490234375 -0.08282470703125 -0.439422607421875 -0.3116455078125
0.0391578674316406 -0.062225341796875 -0.262481689453125 -0.440155029296875
0.0482978820800781 -0.0244941711425781 -0.074920654296875 -0.475616455078125
0.217636108398438 0.127365112304688 -0.244033813476563 0.123947143554687
0.238540649414063 -0.024322509765625 0.02783203125 0.32763671875
0.1368408203125 -0.230865478515625 0.259994506835938 0.193389892578125
-0.10308837890625 -0.211380004882813 0.2166748046875 0.0394439697265625
-0.19403076171875 -0.049346923828125 0.105560302734375 -0.0206222534179688
-0.142959594726562 0.114212036132813 0.0266513824462891 0.0114631652832031
-0.054656982421875 0.144851684570313 0.00184631347656249 0.0858993530273438
-0.0568466186523438 0.112892150878906 0.01983642578125 0.169464111328125
-0.0553131103515625 0.1265869140625 -0.0326385498046875 0.280349731445312
-0.101600646972656 0.119636535644531 -0.1981201171875 0.3363037109375
-0.154571533203125 0.034088134765625 -0.342437744140625 0.26263427734375
-0.143814086914063 -0.0853424072265625 -0.461639404296875 0.042999267578125
0.02020263671875 -0.179153442382813 -0.43768310546875 -0.290283203125
0.15155029296875 -0.112350463867188 -0.263641357421875 -0.433013916015625
0.166213989257812 0.020660400390625 -0.061676025390625 -0.47003173828125
0.305877685546875 0.169525146484375 -0.215179443359375 0.145767211914063
0.3271484375 -0.06085205078125 -0.006256103515625 0.326812744140625
0.163726806640625 -0.310272216796875 0.231460571289063 0.253890991210938
-0.143539428710938 -0.270278930664062 0.26715087890625 0.104019165039062
-0.256729125976563 -0.0565185546875 0.194793701171875 -0.0299835205078125
-0.194107055664063 0.157455444335938 0.0864181518554688 -0.0567398071289063
-0.0769500732421875 0.198440551757813 0.0163135528564453 0.0054302215576172
-0.07916259765625 0.160491943359375 0.0135879516601562 0.101585388183594
-0.08203125 0.186248779296875 -0.035736083984375 0.22222900390625
-0.150131225585937 0.169189453125 -0.186981201171875 0.291534423828125
-0.2265625 0.0394287109375 -0.3138427734375 0.227325439453125
-0.200546264648438 -0.132797241210938 -0.426666259765625 0.0289611816406249
0.052825927734375 -0.262008666992187 -0.40631103515625 -0.27716064453125
0.249404907226563 -0.143600463867188 -0.2371826171875 -0.423095703125
0.25762939453125 0.0621490478515625 -0.020355224609375 -0.439117431640625
0.3533935546875 0.182861328125 -0.167098999023437 0.19329833984375
0.352447509765625 -0.095123291015625 -0.01214599609375 0.3565673828125
0.148590087890625 -0.33782958984375 0.24542236328125 0.315582275390625
-0.166641235351563 -0.269485473632812 0.34771728515625 0.144500732421875
-0.271377563476563 -0.0410003662109375 0.285736083984375 -0.06494140625
-0.201492309570312 0.179107666015625 0.14068603515625 -0.142410278320313
-0.0824432373046875 0.21697998046875 0.0259552001953125 -0.08978271484375
-0.0907135009765625 0.18438720703125 0.00371360778808593 0.0191230773925781
-0.10064697265625 0.22039794921875 -0.0403594970703125 0.144271850585938
-0.190170288085938 0.192352294921875 -0.16717529296875 0.220046997070312
-0.279495239257812 0.027374267578125 -0.266937255859375 0.168594360351562
-0.227920532226562 -0.185302734375 -0.3665771484375 0.00485229492187495
0.1011962890625 -0.3121337890625 -0.356231689453125 -0.258819580078125
0.31903076171875 -0.140289306640625 -0.193603515625 -0.40277099609375
0.303741455078125 0.1016845703125 0.042694091796875 -0.38818359375
0.348968505859375 0.169952392578125 -0.104339599609375 0.256256103515625
0.320159912109375 -0.10211181640625 0.020965576171875 0.399169921875
0.11761474609375 -0.303680419921875 0.295745849609375 0.349273681640625
-0.153305053710937 -0.22454833984375 0.4310302734375 0.141143798828125
-0.236434936523438 -0.0200958251953125 0.353912353515625 -0.119354248046875
-0.174758911132813 0.1707763671875 0.17376708984375 -0.232574462890625
-0.07623291015625 0.19976806640625 0.0284576416015625 -0.181137084960937
-0.092132568359375 0.17724609375 -0.00799179077148438 -0.066375732421875
-0.1109619140625 0.218231201171875 -0.03887939453125 0.0545883178710938
-0.211029052734375 0.1778564453125 -0.131614685058594 0.130119323730469
-0.288818359375 -0.00534057617187495 -0.198318481445313 0.10430908203125
-0.203201293945313 -0.221054077148437 -0.287872314453125 -0.00738525390625003
0.154388427734375 -0.300079345703125 -0.305572509765625 -0.22515869140625
0.338958740234375 -0.094512939453125 -0.156097412109375 -0.3751220703125
0.293060302734375 0.13067626953125 0.109466552734375 -0.318939208984375
0.298004150390625 0.140869140625 -0.033905029296875 0.322784423828125
0.246856689453125 -0.079315185546875 0.08062744140625 0.435516357421875
0.088623046875 -0.226882934570313 0.3536376953125 0.345703125
-0.108245849609375 -0.160720825195313 0.490509033203125 0.105072021484375
-0.169692993164063 -0.00703430175781248 0.389801025390625 -0.175445556640625
-0.127044677734375 0.134529113769531 0.186676025390625 -0.303497314453125
-0.061370849609375 0.151870727539063 0.0229034423828125 -0.25537109375
-0.08050537109375 0.141250610351562 -0.017730712890625 -0.141464233398438
-0.105926513671875 0.17803955078125 -0.0304183959960938 -0.0338878631591797
-0.1939697265625 0.129074096679688 -0.0794601440429688 0.0420608520507812
-0.2403564453125 -0.0383453369140625 -0.118629455566406 0.0577926635742187
-0.130905151367188 -0.21221923828125 -0.216293334960938 0.00643920898437498
0.183120727539063 -0.220352172851563 -0.2822265625 -0.184051513671875
0.291839599609375 -0.027435302734375 -0.137298583984375 -0.355316162109375
0.229461669921875 0.135726928710938 0.167282104492188 -0.243362426757813
0.204727172851562 0.09674072265625 0.02789306640625 0.38092041015625
0.1519775390625 -0.0329437255859375 0.145050048828125 0.45391845703125
0.0689697265625 -0.131744384765625 0.400360107421875 0.3179931640625
-0.046875 -0.0969161987304688 0.520050048828125 0.060394287109375
-0.0906829833984375 -0.0039215087890625 0.395599365234375 -0.21630859375
-0.0715560913085937 0.0802230834960938 0.182403564453125 -0.3502197265625
-0.0401535034179687 0.0845718383789063 0.01251220703125 -0.304840087890625
-0.057952880859375 0.0830459594726563 -0.025634765625 -0.196380615234375
-0.0812911987304688 0.106010437011719 -0.017303466796875 -0.100975036621094
-0.131484985351563 0.062408447265625 -0.0265693664550781 -0.0228195190429687
-0.143600463867187 -0.0483856201171875 -0.0570259094238281 0.0396041870117187
-0.0486297607421875 -0.14495849609375 -0.176345825195313 0.033050537109375
0.153213500976563 -0.104049682617187 -0.288177490234375 -0.164398193359375
0.183334350585938 0.0234527587890625 -0.13067626953125 -0.349853515625
0.129219055175781 0.105201721191406 0.2091064453125 -0.172821044921875
-0.0187740325927734 -0.0270423889160156 -0.2568359375 0.157485961914063
-0.0382423400878906 -0.000202178955078128 0.095489501953125 0.35638427734375
-0.0287322998046875 -0.0224685668945313 0.3193359375 0.125518798828125
-0.0304145812988281 0.0172100067138672 0.192001342773437 -0.0496673583984375
0.0125160217285156 0.0278282165527344 0.0249271392822266 -0.0266704559326172
0.0465354919433594 -0.00836563110351563 -0.0272712707519531 0.059051513671875
0.0209674835205078 -0.0293083190917969 -0.0066986083984375 0.142837524414062
-0.000823974609375 -0.0261993408203125 0.0234832763671875 0.21710205078125
0.00708580017089844 -0.0271968841552734 -0.03399658203125 0.31756591796875
0.00777578353881836 -0.007110595703125 -0.20721435546875 0.349609375
0.00965499877929688 0.00883674621582031 -0.373687744140625 0.266754150390625
-0.00673961639404297 0.0091094970703125 -0.478973388671875 0.020904541015625
-0.0308761596679688 0.0169391632080078 -0.421600341796875 -0.338897705078125
-0.0786361694335938 -0.00685119628906252 -0.237030029296875 -0.44097900390625
-0.0773773193359375 -0.0694122314453125 -0.062835693359375 -0.454833984375
0.106613159179688 0.0555648803710938 -0.259841918945312 0.1292724609375
0.108604431152344 -0.00777435302734375 0.06707763671875 0.3431396484375
0.0623016357421875 -0.131828308105469 0.299285888671875 0.148101806640625
-0.0686264038085937 -0.106521606445313 0.195770263671875 -0.0215301513671875
-0.0992202758789063 -0.0131683349609375 0.0460052490234375 -0.0239791870117188
-0.0532913208007812 0.0568885803222656 -0.0150566101074219 0.0517692565917969
-0.0174064636230469 0.0652236938476563 -0.00651550292968752 0.134468078613281
-0.0290451049804687 0.0475807189941406 0.02667236328125 0.207382202148437
-0.0251235961914063 0.0530624389648438 -0.02569580078125 0.311553955078125
-0.047271728515625 0.0575218200683594 -0.196624755859375 0.355987548828125
-0.07275390625 0.0221023559570313 -0.35650634765625 0.2767333984375
-0.0758514404296875 -0.0369873046875 -0.47222900390625 0.044921875
-0.00686645507812499 -0.0828094482421875 -0.441131591796875 -0.306640625
0.0369071960449219 -0.0622901916503906 -0.26861572265625 -0.434539794921875
0.0485610961914063 -0.0245513916015625 -0.0836181640625 -0.4742431640625
0.22161865234375 0.123306274414063 -0.244705200195312 0.12420654296875
0.239730834960938 -0.0268707275390625 0.031890869140625 0.322479248046875
0.133224487304688 -0.232574462890625 0.259368896484375 0.187667846679687
-0.108535766601563 -0.209884643554688 0.2154541015625 0.035369873046875
-0.194290161132812 -0.046234130859375 0.105491638183594 -0.0195465087890625
-0.138900756835938 0.114334106445313 0.0272560119628906 0.0123920440673828
-0.05133056640625 0.145370483398438 0.00262451171875 0.0850067138671875
-0.0554656982421875 0.114433288574219 0.0240631103515625 0.166000366210938
-0.0545272827148437 0.127822875976562 -0.0247344970703125 0.277938842773438
-0.097808837890625 0.119667053222656 -0.18731689453125 0.34075927734375
-0.151992797851563 0.0366973876953125 -0.334014892578125 0.268707275390625
-0.144775390625 -0.0818939208984375 -0.45703125 0.0490417480468751
0.016448974609375 -0.180801391601562 -0.43865966796875 -0.283905029296875
0.148239135742188 -0.114395141601563 -0.2708740234375 -0.428253173828125
0.167465209960938 0.019012451171875 -0.070892333984375 -0.467620849609375
0.3094482421875 0.164947509765625 -0.214035034179687 0.147140502929688
0.32720947265625 -0.06396484375 -0.00122070312499998 0.32318115234375
0.1575927734375 -0.31207275390625 0.232650756835938 0.2486572265625
-0.14959716796875 -0.266876220703125 0.267486572265625 0.100692749023437
-0.257354736328125 -0.0514984130859375 0.193923950195312 -0.0308380126953125
-0.189010620117187 0.158355712890625 0.0835952758789062 -0.056549072265625
-0.0717315673828125 0.198226928710938 0.0142679214477539 0.00522422790527345
-0.0760650634765625 0.164199829101563 0.015594482421875 0.0991058349609375
-0.0784759521484375 0.187973022460938 -0.0305023193359375 0.220703125
-0.144256591796875 0.17034912109375 -0.176513671875 0.29681396484375
-0.223724365234375 0.0444183349609375 -0.30682373046875 0.231781005859375
-0.202972412109375 -0.129547119140625 -0.4227294921875 0.034149169921875
0.0475921630859375 -0.26495361328125 -0.40850830078125 -0.270538330078125
0.245376586914062 -0.148056030273438 -0.24334716796875 -0.416229248046875
0.258255004882813 0.0608978271484375 -0.028778076171875 -0.437255859375
0.356903076171875 0.176300048828125 -0.165313720703125 0.194869995117188
0.3519287109375 -0.09869384765625 -0.00769042968749996 0.353607177734375
0.141693115234375 -0.3388671875 0.247894287109375 0.310943603515625
-0.172012329101562 -0.266555786132813 0.34954833984375 0.140228271484375
-0.270339965820313 -0.03594970703125 0.283843994140625 -0.06756591796875
-0.196670532226562 0.179763793945313 0.135894775390625 -0.144546508789063
-0.0784149169921875 0.216278076171875 0.0229721069335938 -0.089111328125
-0.087615966796875 0.187881469726563 0.00312614440917968 0.0179157257080078
-0.09783935546875 0.222610473632813 -0.0361175537109375 0.143783569335938
-0.184616088867187 0.194534301757813 -0.157684326171875 0.225234985351563
-0.27667236328125 0.03253173828125 -0.262680053710937 0.172393798828125
-0.231536865234375 -0.181167602539062 -0.36273193359375 0.00875854492187506
0.09454345703125 -0.316131591796875 -0.358306884765625 -0.251495361328125
0.31561279296875 -0.145050048828125 -0.201812744140625 -0.396270751953125
0.304473876953125 0.100341796875 0.03350830078125 -0.38604736328125
0.353179931640625 0.164031982421875 -0.101806640625 0.256805419921875
0.31854248046875 -0.10528564453125 0.025360107421875 0.397186279296875
0.110595703125 -0.30364990234375 0.297393798828125 0.345703125
-0.158065795898438 -0.221115112304688 0.433502197265625 0.13458251953125
-0.234512329101563 -0.015960693359375 0.350830078125 -0.123138427734375
-0.169525146484375 0.171218872070313 0.167343139648438 -0.232284545898438
-0.071868896484375 0.19940185546875 0.0236358642578125 -0.179550170898437
-0.0888824462890625 0.17999267578125 -0.00890731811523437 -0.0654563903808594
-0.107925415039063 0.220947265625 -0.0375442504882813 0.0547904968261719
-0.205902099609375 0.181961059570313 -0.125129699707031 0.135704040527344
-0.28753662109375 0.00167846679687501 -0.194793701171875 0.105697631835937
-0.207061767578125 -0.217666625976562 -0.285919189453125 -0.0052490234375
0.1500244140625 -0.3060302734375 -0.305694580078125 -0.21826171875
0.3363037109375 -0.09991455078125 -0.16326904296875 -0.3695068359375
0.29443359375 0.13079833984375 0.10198974609375 -0.316864013671875
0.300506591796875 0.133697509765625 -0.030853271484375 0.323089599609375
0.24444580078125 -0.080291748046875 0.0867919921875001 0.433502197265625
0.0830230712890625 -0.226409912109375 0.357391357421875 0.338836669921875
-0.111236572265625 -0.15838623046875 0.490997314453125 0.0970458984375
-0.16705322265625 -0.00325012207031249 0.3826904296875 -0.1790771484375
-0.12255859375 0.134986877441406 0.178009033203125 -0.304473876953125
-0.05780029296875 0.1514892578125 0.016693115234375 -0.252517700195313
-0.07843017578125 0.144683837890625 -0.0206298828125 -0.139266967773438
-0.103790283203125 0.1806640625 -0.0308341979980469 -0.0318660736083984
-0.1904296875 0.132705688476562 -0.075927734375 0.0456466674804688
-0.239974975585938 -0.0325927734375 -0.116630554199219 0.0576248168945312
-0.135101318359375 -0.211212158203125 -0.212997436523438 0.00773620605468747
0.179779052734375 -0.226394653320313 -0.2828369140625 -0.1781005859375
0.29107666015625 -0.031707763671875 -0.14447021484375 -0.347442626953125
0.231048583984375 0.136810302734375 0.161087036132813 -0.242202758789063
0.20843505859375 0.09246826171875 0.0326843261718751 0.38104248046875
0.151535034179688 -0.0329742431640625 0.150909423828125 0.451385498046875
0.06512451171875 -0.131507873535156 0.4012451171875 0.311676025390625
-0.0496444702148438 -0.095458984375 0.51776123046875 0.051177978515625
-0.0891952514648438 -0.00164031982421875 0.389892578125 -0.22076416015625
-0.0686492919921875 0.0789413452148437 0.172393798828125 -0.34967041015625
-0.037872314453125 0.0837020874023438 0.00598144531249999 -0.30145263671875
-0.0567855834960938 0.08660888671875 -0.0308074951171875 -0.1934814453125
-0.0802230834960938 0.10858154296875 -0.01971435546875 -0.0994873046875
-0.130867004394531 0.0650253295898437 -0.0250797271728516 -0.0214653015136719
-0.14434814453125 -0.04522705078125 -0.0547866821289063 0.0376625061035156
-0.0510711669921875 -0.144668579101563 -0.172225952148438 0.0339508056640625
0.153228759765625 -0.108734130859375 -0.28863525390625 -0.1572265625
0.183197021484375 0.0210723876953125 -0.1373291015625 -0.3427734375
0.129348754882813 0.108306884765625 0.204620361328125 -0.173263549804688
-0.018035888671875 -0.0304946899414063 -0.266311645507813 0.162353515625
-0.0373001098632813 0.000129699707031244 0.100128173828125 0.36212158203125
-0.0308380126953125 -0.0216770172119141 0.3260498046875 0.122650146484375
-0.0315475463867188 0.0205268859863281 0.194595336914063 -0.0533905029296875
0.0137310028076172 0.0291194915771484 0.0254650115966797 -0.0246677398681641
0.0487289428710938 -0.0122871398925781 -0.0249519348144531 0.0628204345703125
0.0209217071533203 -0.0312423706054687 -0.00508117675781249 0.147109985351563
-0.000753402709960938 -0.0253162384033203 0.0284576416015625 0.218551635742188
0.00528144836425781 -0.0265026092529297 -0.028289794921875 0.32257080078125
0.00773906707763672 -0.00807285308837891 -0.204010009765625 0.359893798828125
0.0107345581054688 0.00933837890625 -0.37615966796875 0.27734375
-0.00818252563476563 0.0103244781494141 -0.489013671875 0.0259399414062501
-0.0336265563964844 0.0169181823730469 -0.4351806640625 -0.343963623046875
-0.0811233520507813 -0.00640106201171876 -0.249176025390625 -0.44873046875
-0.0795059204101563 -0.0716705322265625 -0.07098388671875 -0.465545654296875
0.11248779296875 0.0543594360351563 -0.268386840820313 0.13250732421875
0.114120483398438 -0.00815582275390625 0.070831298828125 0.348846435546875
0.0616607666015625 -0.135398864746094 0.3056640625 0.147613525390625
-0.0736770629882813 -0.10662841796875 0.198089599609375 -0.0247039794921875
-0.101661682128906 -0.012542724609375 0.0480384826660156 -0.0220565795898438
-0.0537643432617188 0.0554733276367187 -0.0136756896972656 0.0543441772460938
-0.0160446166992188 0.0658035278320313 -0.0048065185546875 0.139312744140625
-0.0294303894042969 0.0508270263671875 0.030914306640625 0.208847045898438
-0.0271949768066406 0.056060791015625 -0.02105712890625 0.315673828125
-0.0465354919433594 0.0591011047363281 -0.1929931640625 0.367950439453125
-0.0723724365234375 0.023468017578125 -0.358612060546875 0.28857421875
-0.0798873901367188 -0.03717041015625 -0.483978271484375 0.0485534667968749
-0.0102386474609375 -0.08642578125 -0.455230712890625 -0.310455322265625
0.0365943908691406 -0.06463623046875 -0.2821044921875 -0.44305419921875
0.0488166809082031 -0.0255470275878906 -0.09222412109375 -0.485076904296875
0.231216430664063 0.124053955078125 -0.252334594726563 0.129638671875
0.248519897460937 -0.0295562744140625 0.034393310546875 0.32818603515625
0.132415771484375 -0.240386962890625 0.265029907226563 0.188720703125
-0.115005493164063 -0.213607788085938 0.221343994140625 0.03466796875
-0.200103759765625 -0.04425048828125 0.10968017578125 -0.019439697265625
-0.1417236328125 0.115997314453125 0.0274562835693359 0.0141010284423828
-0.049713134765625 0.14862060546875 0.00357818603515625 0.0881805419921875
-0.056121826171875 0.120704650878906 0.0269012451171875 0.167190551757813
-0.0548553466796875 0.132667541503906 -0.01947021484375 0.28173828125
-0.098236083984375 0.123336791992188 -0.18157958984375 0.35198974609375
-0.15460205078125 0.040313720703125 -0.337554931640625 0.27996826171875
-0.150100708007813 -0.08172607421875 -0.467681884765625 0.0536499023437499
0.014556884765625 -0.186904907226563 -0.452972412109375 -0.287445068359375
0.1484375 -0.119064331054688 -0.28387451171875 -0.435516357421875
0.171722412109375 0.01898193359375 -0.0802001953124999 -0.47900390625
0.322265625 0.16455078125 -0.220504760742187 0.15277099609375
0.336456298828125 -0.067657470703125 0.00167846679687501 0.3291015625
0.15826416015625 -0.323760986328125 0.238815307617188 0.251022338867188
-0.158157348632813 -0.272125244140625 0.275970458984375 0.100067138671875
-0.264556884765625 -0.0489654541015624 0.199859619140625 -0.0320587158203125
-0.1905517578125 0.161834716796875 0.085205078125 -0.0591049194335938
-0.069732666015625 0.201461791992188 0.0138530731201172 0.00623989105224611
-0.076873779296875 0.17010498046875 0.0161819458007812 0.099456787109375
-0.0793304443359375 0.1943359375 -0.026397705078125 0.224533081054688
-0.144317626953125 0.174652099609375 -0.171905517578125 0.308868408203125
-0.228515625 0.048858642578125 -0.310638427734375 0.24188232421875
-0.210739135742188 -0.130279541015625 -0.43243408203125 0.0374450683593749
0.044586181640625 -0.273788452148438 -0.423614501953125 -0.274444580078125
0.248199462890625 -0.155441284179688 -0.256988525390625 -0.423919677734375
0.265289306640625 0.063140869140625 -0.0360107421875 -0.4471435546875
0.36962890625 0.177215576171875 -0.169204711914062 0.200607299804688
0.361053466796875 -0.10357666015625 -0.00564575195312499 0.362213134765625
0.140960693359375 -0.349761962890625 0.255218505859375 0.316925048828125
-0.18170166015625 -0.271133422851562 0.36065673828125 0.139984130859375
-0.277008056640625 -0.033111572265625 0.29248046875 -0.069671630859375
-0.198654174804688 0.184600830078125 0.135848999023437 -0.148834228515625
-0.0765228271484375 0.220504760742187 0.0213623046875 -0.0907516479492187
-0.0877685546875 0.194793701171875 0.00308799743652343 0.0179252624511719
-0.097015380859375 0.229949951171875 -0.0338592529296875 0.147842407226563
-0.185104370117188 0.201858520507813 -0.154144287109375 0.23529052734375
-0.28302001953125 0.038818359375 -0.265762329101563 0.180679321289062
-0.24005126953125 -0.182571411132812 -0.37359619140625 0.0110778808593751
0.092315673828125 -0.32916259765625 -0.368438720703125 -0.25653076171875
0.320770263671875 -0.15240478515625 -0.213470458984375 -0.40142822265625
0.313873291015625 0.103179931640625 0.029571533203125 -0.3944091796875
0.3646240234375 0.1636962890625 -0.103286743164062 0.264572143554688
0.3248291015625 -0.10986328125 0.0291137695312501 0.406890869140625
0.108642578125 -0.312103271484375 0.3065185546875 0.35223388671875
-0.16448974609375 -0.22503662109375 0.446075439453125 0.13323974609375
-0.239852905273438 -0.01318359375 0.358917236328125 -0.12744140625
-0.170135498046875 0.174346923828125 0.167144775390625 -0.238723754882813
-0.07012939453125 0.202972412109375 0.02020263671875 -0.182113647460938
-0.0894622802734375 0.187881469726563 -0.0111503601074219 -0.0659675598144531
-0.107711791992188 0.229019165039063 -0.0370941162109375 0.0578536987304688
-0.20684814453125 0.189208984375 -0.1224365234375 0.142257690429687
-0.294708251953125 0.00717163085937501 -0.197265625 0.110748291015625
-0.216262817382812 -0.220352172851563 -0.291717529296875 -0.00439453125000005
0.149688720703125 -0.31829833984375 -0.31536865234375 -0.22088623046875
0.343109130859375 -0.1060791015625 -0.173309326171875 -0.37298583984375
0.303009033203125 0.135101318359375 0.099365234375 -0.32415771484375
0.312347412109375 0.13348388671875 -0.030609130859375 0.332183837890625
0.250747680664063 -0.0833740234375 0.0928955078125 0.44281005859375
0.0814666748046875 -0.23095703125 0.367523193359375 0.346588134765625
-0.11663818359375 -0.160858154296875 0.506500244140625 0.09515380859375
-0.170639038085938 -0.00196838378906251 0.3902587890625 -0.185699462890625
-0.122329711914062 0.136100769042969 0.17620849609375 -0.311248779296875
-0.05572509765625 0.154159545898438 0.0128173828125 -0.2557373046875
-0.078155517578125 0.152236938476563 -0.02557373046875 -0.14068603515625
-0.104385375976563 0.189483642578125 -0.0319042205810547 -0.0313282012939453
-0.193222045898438 0.138671875 -0.0739822387695313 0.0496368408203125
-0.246963500976563 -0.0295257568359375 -0.118789672851563 0.0596237182617187
-0.142120361328125 -0.214691162109375 -0.21624755859375 0.00814819335937494
0.181838989257813 -0.238739013671875 -0.29083251953125 -0.178070068359375
0.29864501953125 -0.0360107421875 -0.154022216796875 -0.3509521484375
0.238433837890625 0.1429443359375 0.162033081054688 -0.248367309570313
0.215682983398437 0.09039306640625 0.037567138671875 0.391387939453125
0.154769897460938 -0.0338897705078125 0.159271240234375 0.46112060546875
0.063934326171875 -0.134140014648438 0.4140625 0.31573486328125
-0.0526504516601562 -0.098175048828125 0.532623291015625 0.0469970703125
-0.089599609375 -0.00214385986328124 0.395538330078125 -0.228851318359375
-0.0682373046875 0.0793838500976563 0.17138671875 -0.357818603515625
-0.0377120971679688 0.0838623046875 0.000366210937499965 -0.30584716796875
-0.057220458984375 0.090545654296875 -0.035430908203125 -0.19561767578125
-0.0815963745117187 0.113822937011719 -0.02325439453125 -0.1015625
-0.1337890625 0.0682907104492187 -0.0244884490966797 -0.0205440521240234
-0.149215698242188 -0.044036865234375 -0.0544853210449219 0.0384864807128906
-0.054901123046875 -0.149398803710938 -0.174346923828125 0.0361480712890625
0.155502319335938 -0.116714477539063 -0.2965087890625 -0.156097412109375
0.187744140625 0.020263671875 -0.14691162109375 -0.34552001953125
0.133049011230469 0.113487243652344 0.208694458007813 -0.175888061523438
-0.0185127258300781 -0.0342197418212891 -0.276702880859375 0.178176879882813
-0.0384750366210938 0.000152587890624995 0.113525390625 0.375701904296875
-0.0344104766845703 -0.0223770141601562 0.34271240234375 0.1180419921875
-0.0338191986083984 0.0248813629150391 0.20050048828125 -0.0623321533203125
0.0161323547363281 0.0305042266845703 0.0276470184326172 -0.0247707366943359
0.0490036010742188 -0.0169906616210938 -0.0231170654296875 0.0687255859375
0.0219268798828125 -0.0350875854492188 -0.000442504882812483 0.154769897460938
-0.00231170654296875 -0.0250644683837891 0.036865234375 0.223617553710938
0.00354194641113281 -0.0271072387695313 -0.01605224609375 0.33465576171875
0.00853538513183594 -0.0101861953735352 -0.197540283203125 0.3818359375
0.0130558013916016 0.00871753692626953 -0.383941650390625 0.30224609375
-0.00959587097167969 0.0124711990356445 -0.510284423828125 0.0408935546875001
-0.0364952087402344 0.0192489624023438 -0.46722412109375 -0.34857177734375
-0.0862503051757813 -0.00339508056640625 -0.2757568359375 -0.4627685546875
-0.0851364135742188 -0.0734939575195312 -0.090057373046875 -0.486419677734375
0.121856689453125 0.0514755249023438 -0.281707763671875 0.145843505859375
0.120506286621094 -0.0126266479492188 0.083160400390625 0.361846923828125
0.059417724609375 -0.145477294921875 0.321929931640625 0.14422607421875
-0.0815277099609375 -0.108207702636719 0.204833984375 -0.0323486328125
-0.107231140136719 -0.0100479125976563 0.0510330200195313 -0.0234489440917969
-0.0565338134765625 0.0591697692871094 -0.0119438171386719 0.0599517822265625
-0.0146217346191406 0.0679588317871094 -0.000198364257812516 0.14654541015625
-0.0296211242675781 0.0553512573242188 0.0384979248046875 0.214706420898438
-0.0273666381835937 0.0608253479003906 -0.00866699218750001 0.326995849609375
-0.0472450256347656 0.0622215270996094 -0.185302734375 0.3890380859375
-0.0746383666992188 0.0275192260742187 -0.3642578125 0.31298828125
-0.085296630859375 -0.0348663330078125 -0.5047607421875 0.0641174316406249
-0.014892578125 -0.0910263061523437 -0.487823486328125 -0.312103271484375
0.0330390930175781 -0.0688591003417969 -0.3096923828125 -0.453948974609375
0.0516548156738281 -0.0288734436035156 -0.111846923828125 -0.505859375
0.249862670898438 0.121719360351563 -0.2640380859375 0.141372680664063
0.2618408203125 -0.037384033203125 0.044769287109375 0.341278076171875
0.132125854492187 -0.257461547851563 0.281494140625 0.189971923828125
-0.128021240234375 -0.219985961914063 0.230194091796875 0.0299835205078125
-0.212509155273437 -0.0401763916015625 0.116256713867188 -0.021820068359375
-0.144882202148438 0.124954223632813 0.0293960571289062 0.0140438079833984
-0.046875 0.154006958007813 0.00564575195312499 0.0941314697265625
-0.0545578002929688 0.128837585449219 0.0337371826171875 0.17144775390625
-0.0545501708984375 0.142822265625 -0.00955200195312501 0.29315185546875
-0.0978317260742187 0.131355285644531 -0.173370361328125 0.37384033203125
-0.15985107421875 0.04705810546875 -0.3431396484375 0.302978515625
-0.161178588867188 -0.0799560546875 -0.487274169921875 0.0682067871093749
0.00575256347656252 -0.196273803710937 -0.48382568359375 -0.287872314453125
0.149734497070313 -0.128921508789063 -0.312744140625 -0.445404052734375
0.181411743164063 0.0166015625 -0.099151611328125 -0.4986572265625
0.34442138671875 0.16131591796875 -0.22772216796875 0.164443969726563
0.352996826171875 -0.081878662109375 0.00961303710937501 0.344451904296875
0.155487060546875 -0.34332275390625 0.254669189453125 0.258041381835938
-0.175933837890625 -0.279190063476563 0.290618896484375 0.098785400390625
-0.279556274414063 -0.0435638427734375 0.21112060546875 -0.0377655029296875
-0.195343017578125 0.173934936523438 0.0862350463867187 -0.0625686645507813
-0.06719970703125 0.210739135742188 0.0146875381469727 0.00785064697265626
-0.0737457275390625 0.182479858398437 0.0200729370117188 0.102394104003906
-0.076812744140625 0.208404541015625 -0.0199432373046875 0.2352294921875
-0.14447021484375 0.18768310546875 -0.164642333984375 0.32806396484375
-0.235855102539063 0.0584869384765625 -0.31475830078125 0.263946533203125
-0.225860595703125 -0.129058837890625 -0.4520263671875 0.050689697265625
0.03558349609375 -0.28985595703125 -0.450714111328125 -0.27410888671875
0.253036499023438 -0.169448852539063 -0.28472900390625 -0.4332275390625
0.280548095703125 0.0598297119140625 -0.052825927734375 -0.46636962890625
0.3935546875 0.1722412109375 -0.173248291015625 0.214263916015625
0.375946044921875 -0.1187744140625 0.00433349609375002 0.378326416015625
0.136871337890625 -0.370361328125 0.274078369140625 0.325714111328125
-0.19989013671875 -0.27679443359375 0.382049560546875 0.13592529296875
-0.2923583984375 -0.026336669921875 0.305511474609375 -0.0814208984375
-0.20184326171875 0.19732666015625 0.1356201171875 -0.158676147460938
-0.07220458984375 0.230941772460938 0.0180435180664062 -0.0926361083984375
-0.0850067138671875 0.208938598632813 0.00321388244628906 0.0188083648681641
-0.0947113037109375 0.246551513671875 -0.0302886962890625 0.155380249023438
-0.186767578125 0.21728515625 -0.148651123046875 0.252120971679688
-0.294036865234375 0.050262451171875 -0.270126342773438 0.196670532226563
-0.2589111328125 -0.183273315429688 -0.3896484375 0.021636962890625
0.085174560546875 -0.349761962890625 -0.394439697265625 -0.255584716796875
0.329681396484375 -0.170013427734375 -0.23724365234375 -0.41131591796875
0.33233642578125 0.103179931640625 0.017364501953125 -0.411865234375
0.388671875 0.15924072265625 -0.102401733398438 0.280776977539063
0.338134765625 -0.122314453125 0.0413818359375001 0.4246826171875
0.103851318359375 -0.329254150390625 0.3302001953125 0.360015869140625
-0.181838989257812 -0.228530883789063 0.472198486328125 0.12603759765625
-0.25067138671875 -0.00663757324218753 0.372955322265625 -0.1434326171875
-0.172775268554688 0.18463134765625 0.16546630859375 -0.25408935546875
-0.067047119140625 0.211929321289063 0.0145263671875 -0.188858032226563
-0.086151123046875 0.201751708984375 -0.0159797668457031 -0.0679740905761719
-0.105697631835937 0.246185302734375 -0.036407470703125 0.0618743896484375
-0.211029052734375 0.204254150390625 -0.11859130859375 0.154083251953125
-0.3082275390625 0.0182189941406251 -0.202285766601563 0.121566772460938
-0.234649658203125 -0.224960327148438 -0.306304931640625 0.00234985351562505
0.145965576171875 -0.341094970703125 -0.336181640625 -0.221099853515625
0.356109619140625 -0.1217041015625 -0.194671630859375 -0.38177490234375
0.32196044921875 0.13720703125 0.0942382812500001 -0.340728759765625
0.33154296875 0.127655029296875 -0.023345947265625 0.34930419921875
0.2606201171875 -0.0929412841796875 0.10980224609375 0.46112060546875
0.078521728515625 -0.243087768554687 0.394622802734375 0.353546142578125
-0.12786865234375 -0.163970947265625 0.53118896484375 0.083160400390625
-0.178070068359375 0.00332641601562502 0.405059814453125 -0.203765869140625
-0.123001098632813 0.144302368164063 0.17315673828125 -0.328643798828125
-0.05389404296875 0.159744262695312 0.00393676757812499 -0.265762329101563
-0.0767364501953125 0.162445068359375 -0.0330657958984375 -0.14385986328125
-0.103759765625 0.203262329101562 -0.0337982177734375 -0.030221939086914
-0.19744873046875 0.152938842773438 -0.0728683471679688 0.0554962158203125
-0.259719848632813 -0.0228271484375 -0.121025085449219 0.06640625
-0.156875610351563 -0.222305297851563 -0.225814819335938 0.01324462890625
0.1826171875 -0.259384155273438 -0.30999755859375 -0.176605224609375
0.312347412109375 -0.0460205078125 -0.1734619140625 -0.35833740234375
0.25531005859375 0.14727783203125 0.162033081054688 -0.262100219726563
0.229324340820313 0.0860595703125 0.049774169921875 0.410125732421875
0.161468505859375 -0.0372314453125 0.181854248046875 0.479888916015625
0.061981201171875 -0.140701293945312 0.441802978515625 0.319610595703125
-0.0591201782226562 -0.0999603271484375 0.559783935546875 0.03363037109375
-0.0928115844726563 0.000999450683593735 0.40777587890625 -0.248779296875
-0.0692062377929688 0.0829391479492187 0.165191650390625 -0.377777099609375
-0.0380630493164063 0.087646484375 -0.010406494140625 -0.315704345703125
-0.0557632446289063 0.0985336303710937 -0.0448150634765625 -0.198806762695313
-0.0829696655273438 0.124565124511719 -0.026702880859375 -0.102874755859375
-0.138511657714844 0.0763320922851563 -0.0236301422119141 -0.0207080841064453
-0.157028198242188 -0.041412353515625 -0.0553550720214844 0.0397682189941406
-0.0631866455078125 -0.154800415039063 -0.1795654296875 0.0409088134765625
0.1593017578125 -0.130142211914063 -0.315765380859375 -0.15155029296875
0.197174072265625 0.0179290771484375 -0.166595458984375 -0.35205078125
0.145416259765625 0.120269775390625 0.2132568359375 -0.18853759765625
-0.0221748352050781 -0.0382652282714844 -0.283294677734375 0.2027587890625
-0.0401496887207031 0.000762939453124995 0.139923095703125 0.386138916015625
-0.0390968322753906 -0.0214958190917969 0.364013671875 0.10260009765625
-0.0334548950195312 0.0307769775390625 0.20361328125 -0.077056884765625
0.0200862884521484 0.0320415496826172 0.0301246643066406 -0.0267276763916016
0.0482902526855469 -0.0226707458496094 -0.0171890258789062 0.0745010375976563
0.0190773010253906 -0.0396537780761719 0.0107879638671875 0.163772583007813
-0.00310897827148437 -0.0247402191162109 0.0525665283203125 0.228546142578125
0.00176239013671875 -0.0266246795654297 0.00616455078125002 0.34747314453125
0.00740146636962891 -0.0109443664550781 -0.178619384765625 0.4095458984375
0.0141477584838867 0.00815391540527344 -0.37994384765625 0.3399658203125
-0.0105609893798828 0.0142450332641602 -0.531982421875 0.0721130371093749
-0.0386161804199219 0.0229263305664062 -0.5123291015625 -0.33648681640625
-0.0906600952148438 0.00156402587890626 -0.31787109375 -0.46661376953125
-0.093536376953125 -0.0743942260742187 -0.123291015625 -0.50482177734375
0.131935119628906 0.0435562133789063 -0.29022216796875 0.1685791015625
0.126472473144531 -0.0220413208007813 0.10675048828125 0.373321533203125
0.053192138671875 -0.156341552734375 0.343841552734375 0.130706787109375
-0.0927276611328125 -0.107322692871094 0.21087646484375 -0.04571533203125
-0.113807678222656 -0.00264739990234377 0.0544395446777344 -0.02655029296875
-0.0567855834960937 0.0632972717285156 -0.00791549682617188 0.0634994506835938
-0.0114974975585938 0.0695610046386719 0.00996398925781249 0.155471801757813
-0.026885986328125 0.0608253479003906 0.05328369140625 0.219512939453125
-0.025421142578125 0.0675392150878906 0.012237548828125 0.338714599609375
-0.0455856323242188 0.0667495727539063 -0.16534423828125 0.41656494140625
-0.0761566162109375 0.0324325561523437 -0.35809326171875 0.350372314453125
-0.0932540893554688 -0.0298080444335937 -0.523529052734375 0.0969848632812499
-0.02392578125 -0.0927886962890625 -0.528411865234375 -0.296783447265625
0.0307846069335938 -0.0731887817382812 -0.353118896484375 -0.457061767578125
0.0536766052246094 -0.0327033996582031 -0.146759033203125 -0.524871826171875
0.2706298828125 0.110885620117188 -0.271286010742188 0.163192749023437
0.273529052734375 -0.0565185546875 0.0655517578125 0.354278564453125
0.123321533203125 -0.279739379882813 0.302520751953125 0.1817626953125
-0.1494140625 -0.221267700195313 0.242355346679688 0.0176849365234375
-0.22662353515625 -0.0290985107421875 0.123100280761719 -0.0295562744140625
-0.145156860351562 0.138214111328125 0.0326671600341797 0.0146903991699219
-0.0412445068359375 0.162460327148438 0.0124053955078125 0.100296020507813
-0.0480728149414063 0.138946533203125 0.04498291015625 0.174880981445312
-0.0489044189453125 0.154373168945313 0.00842285156250001 0.303985595703125
-0.09375 0.142257690429688 -0.15362548828125 0.40081787109375
-0.163528442382813 0.058685302734375 -0.33673095703125 0.337249755859375
-0.175079345703125 -0.072418212890625 -0.50701904296875 0.100189208984375
-0.00851440429687501 -0.206100463867187 -0.52490234375 -0.27264404296875
0.148040771484375 -0.1429443359375 -0.35577392578125 -0.445281982421875
0.191970825195313 0.00689697265625 -0.132476806640625 -0.5159912109375
0.371246337890625 0.1474609375 -0.231399536132812 0.186050415039063
0.366180419921875 -0.107330322265625 0.0295104980468751 0.35699462890625
0.14227294921875 -0.369537353515625 0.280197143554688 0.254898071289063
-0.20263671875 -0.2816162109375 0.311187744140625 0.085418701171875
-0.29595947265625 -0.02911376953125 0.220870971679687 -0.0520172119140625
-0.195846557617187 0.193115234375 0.0857925415039062 -0.0701675415039062
-0.05853271484375 0.222396850585938 0.0153656005859375 0.00910282135009767
-0.0656585693359375 0.196044921875 0.0263748168945313 0.104141235351563
-0.067779541015625 0.224044799804687 -0.00448608398437503 0.245803833007813
-0.139434814453125 0.204299926757813 -0.14599609375 0.353302001953125
-0.244125366210938 0.0770416259765625 -0.31182861328125 0.294708251953125
-0.246307373046875 -0.12042236328125 -0.47265625 0.0801391601562501
0.016754150390625 -0.306610107421875 -0.48846435546875 -0.26068115234375
0.25390625 -0.191635131835938 -0.3255615234375 -0.43414306640625
0.297637939453125 0.04925537109375 -0.0823974609375 -0.484588623046875
0.42218017578125 0.155670166015625 -0.170944213867187 0.235214233398437
0.387054443359375 -0.14599609375 0.026641845703125 0.39483642578125
0.12109375 -0.395599365234375 0.3046875 0.32666015625
-0.227798461914063 -0.277008056640625 0.409210205078125 0.11907958984375
-0.307861328125 -0.00930786132812503 0.316650390625 -0.10394287109375
-0.200469970703125 0.216552734375 0.131317138671875 -0.173385620117188
-0.063323974609375 0.242523193359375 0.0123977661132812 -0.09661865234375
-0.0756072998046875 0.224044799804687 0.00265693664550781 0.0198116302490234
-0.0836639404296875 0.265121459960938 -0.0206298828125 0.164443969726563
-0.180343627929688 0.238311767578125 -0.133926391601563 0.27203369140625
-0.30511474609375 0.0715026855468751 -0.26959228515625 0.222579956054687
-0.283203125 -0.175079345703125 -0.40814208984375 0.04412841796875
0.064605712890625 -0.372650146484375 -0.42724609375 -0.243988037109375
0.333709716796875 -0.195648193359375 -0.273651123046875 -0.4154052734375
0.354736328125 0.092803955078125 -0.00677490234374995 -0.43072509765625
0.41497802734375 0.140350341796875 -0.092926025390625 0.300567626953125
0.346923828125 -0.14764404296875 0.0683288574218751 0.442413330078125
0.089569091796875 -0.34979248046875 0.366241455078125 0.359405517578125
-0.205276489257812 -0.227691650390625 0.503387451171875 0.103179931640625
-0.262588500976563 0.00776672363281247 0.38397216796875 -0.174041748046875
-0.169815063476563 0.202255249023438 0.155807495117187 -0.274261474609375
-0.0587921142578125 0.2220458984375 0.002685546875 -0.195098876953125
-0.0775909423828125 0.216644287109375 -0.0217666625976563 -0.0673027038574219
-0.0949249267578125 0.265151977539063 -0.0331916809082031 0.0670623779296875
-0.206558227539062 0.227981567382813 -0.110061645507813 0.167999267578125
-0.321746826171875 0.03741455078125 -0.203109741210938 0.13824462890625
-0.261077880859375 -0.220993041992188 -0.321197509765625 0.0202636718749999
0.129425048828125 -0.36834716796875 -0.365020751953125 -0.210205078125
0.365875244140625 -0.14801025390625 -0.22784423828125 -0.384368896484375
0.347869873046875 0.12969970703125 0.0767517089843751 -0.360565185546875
0.354461669921875 0.110931396484375 -0.00711059570312501 0.369171142578125
0.268798828125 -0.112106323242187 0.141082763671875 0.4766845703125
0.066131591796875 -0.25799560546875 0.4332275390625 0.34625244140625
-0.14605712890625 -0.162811279296875 0.56268310546875 0.0560302734375
-0.1854248046875 0.0135650634765625 0.411865234375 -0.23907470703125
-0.120864868164062 0.155746459960938 0.157958984375 -0.352325439453125
-0.048553466796875 0.16802978515625 -0.01361083984375 -0.274734497070313
-0.0692901611328125 0.175735473632812 -0.043701171875 -0.144943237304688
-0.0963592529296875 0.221267700195313 -0.0374412536621094 -0.0299606323242187
-0.19720458984375 0.172698974609375 -0.0692825317382813 0.0623512268066406
-0.273101806640625 -0.00732421874999999 -0.121635437011719 0.0746307373046875
-0.179183959960938 -0.223556518554688 -0.235000610351563 0.02569580078125
0.174652099609375 -0.2845458984375 -0.334564208984375 -0.163421630859375
0.32464599609375 -0.06500244140625 -0.205108642578125 -0.360260009765625
0.278366088867188 0.144866943359375 0.154998779296875 -0.282440185546875
0.24560546875 0.0737762451171875 0.07470703125 0.427825927734375
0.168716430664063 -0.04718017578125 0.21868896484375 0.49139404296875
0.056732177734375 -0.149993896484375 0.481689453125 0.30914306640625
-0.0696563720703125 -0.0999298095703125 0.5882568359375 -0.000732421875000006
-0.096435546875 0.00589752197265627 0.4105224609375 -0.285186767578125
-0.0676040649414062 0.0881118774414063 0.14739990234375 -0.401611328125
-0.0353164672851562 0.0913772583007813 -0.03118896484375 -0.326507568359375
-0.0528182983398438 0.10784912109375 -0.060546875 -0.20306396484375
-0.0794906616210937 0.137298583984375 -0.0336685180664063 -0.104728698730469
-0.141494750976563 0.0889129638671875 -0.0239887237548828 -0.0199337005615234
-0.16741943359375 -0.0331878662109375 -0.0542755126953125 0.0437698364257812
-0.076385498046875 -0.159332275390625 -0.183670043945313 0.0526275634765625
0.157867431640625 -0.14813232421875 -0.3392333984375 -0.1363525390625
0.20794677734375 0.0083770751953125 -0.195892333984375 -0.35430908203125
0.161041259765625 0.121994018554687 0.213119506835937 -0.208572387695313
-0.0275802612304688 -0.0421600341796875 -0.277938842773438 0.229598999023438
-0.0410804748535156 0.000160217285156244 0.174774169921875 0.385345458984375
-0.0420265197753906 -0.0186653137207031 0.3782958984375 0.076629638671875
-0.0312232971191406 0.0367469787597656 0.199615478515625 -0.094635009765625
0.0247859954833984 0.0318470001220703 0.0294265747070312 -0.0300960540771484
0.04583740234375 -0.0277786254882813 -0.00986480712890624 0.0776290893554688
0.0148544311523437 -0.0426979064941406 0.025909423828125 0.168136596679688
-0.0057525634765625 -0.0256233215332031 0.0707855224609375 0.226455688476563
-0.000310897827148439 -0.026214599609375 0.034088134765625 0.351776123046875
0.00558567047119141 -0.0117912292480469 -0.1474609375 0.430206298828125
0.0155925750732422 0.00693798065185547 -0.359771728515625 0.376953125
-0.0112094879150391 0.0176048278808594 -0.538665771484375 0.11505126953125
-0.0397453308105469 0.0273017883300781 -0.54888916015625 -0.303436279296875
-0.0924835205078125 0.0105209350585937 -0.359619140625 -0.45343017578125
-0.101547241210937 -0.0705108642578125 -0.16412353515625 -0.5087890625
0.137664794921875 0.0324783325195313 -0.2857666015625 0.196929931640625
0.129531860351563 -0.0342636108398438 0.138763427734375 0.373870849609375
0.04193115234375 -0.164260864257812 0.361602783203125 0.108062744140625
-0.104423522949219 -0.100257873535156 0.210296630859375 -0.0623779296875
-0.116256713867188 0.00610351562500003 0.0527839660644531 -0.0299110412597656
-0.0542755126953125 0.0694389343261719 -0.00101089477539062 0.0663185119628906
-0.0107536315917969 0.07025146484375 0.0241851806640625 0.158981323242188
-0.0232620239257813 0.0641212463378906 0.072052001953125 0.21771240234375
-0.0214004516601562 0.0729141235351563 0.0399169921875 0.34063720703125
-0.0415115356445313 0.0719146728515625 -0.132354736328125 0.438079833984375
-0.0754623413085938 0.0402984619140625 -0.337860107421875 0.385589599609375
-0.100509643554688 -0.022796630859375 -0.530029296875 0.1402587890625
-0.032684326171875 -0.091949462890625 -0.564697265625 -0.2618408203125
0.0268630981445312 -0.0771408081054687 -0.3968505859375 -0.4405517578125
0.0533561706542969 -0.0390167236328125 -0.18927001953125 -0.525634765625
0.286407470703125 0.0909423828125 -0.26922607421875 0.188232421875
0.278030395507813 -0.0806732177734375 0.092864990234375 0.356201171875
0.104888916015625 -0.29827880859375 0.3236083984375 0.161712646484375
-0.170333862304688 -0.215179443359375 0.249679565429687 -0.000793457031250013
-0.235885620117188 -0.0125885009765625 0.125526428222656 -0.040618896484375
-0.140167236328125 0.152236938476562 0.0346736907958984 0.0135612487792969
-0.03131103515625 0.166946411132813 0.0228347778320312 0.10302734375
-0.039093017578125 0.146636962890625 0.057586669921875 0.174148559570313
-0.0373687744140625 0.1629638671875 0.033294677734375 0.306854248046875
-0.0860443115234375 0.152633666992188 -0.121337890625 0.41845703125
-0.160629272460938 0.0735931396484375 -0.3175048828125 0.37213134765625
-0.185333251953125 -0.05963134765625 -0.513824462890625 0.142578125
-0.02593994140625 -0.210556030273438 -0.558319091796875 -0.236236572265625
0.139511108398438 -0.157318115234375 -0.398773193359375 -0.429290771484375
0.197402954101563 -0.0069732666015625 -0.1761474609375 -0.51861572265625
0.390716552734375 0.11865234375 -0.224563598632813 0.209152221679688
0.366973876953125 -0.13714599609375 0.05712890625 0.363006591796875
0.11834716796875 -0.3909912109375 0.3046875 0.241058349609375
-0.231796264648438 -0.272323608398437 0.325408935546875 0.0640869140625
-0.307373046875 -0.00463867187499996 0.22442626953125 -0.0711669921875
-0.18658447265625 0.213485717773437 0.082183837890625 -0.077392578125
-0.045745849609375 0.229843139648437 0.0172805786132812 0.00986671447753908
-0.052154541015625 0.2069091796875 0.0340728759765625 0.103797912597656
-0.04974365234375 0.238021850585938 0.0164794921875 0.24847412109375
-0.126388549804688 0.21978759765625 -0.116790771484375 0.370269775390625
-0.243911743164062 0.0994415283203125 -0.29180908203125 0.325439453125
-0.2628173828125 -0.101089477539062 -0.476654052734375 0.117523193359375
-0.01043701171875 -0.3154296875 -0.519195556640625 -0.228515625
0.2442626953125 -0.21331787109375 -0.366729736328125 -0.415557861328125
0.31060791015625 0.029296875 -0.121795654296875 -0.488983154296875
0.443023681640625 0.12347412109375 -0.159027099609375 0.254959106445313
0.387054443359375 -0.179168701171875 0.057464599609375 0.402801513671875
0.0936279296875 -0.41436767578125 0.33685302734375 0.31298828125
-0.2559814453125 -0.264312744140625 0.42864990234375 0.090484619140625
-0.31817626953125 0.014739990234375 0.3167724609375 -0.131561279296875
-0.189804077148438 0.237686157226563 0.120986938476563 -0.18597412109375
-0.0485992431640625 0.250869750976563 0.004669189453125 -0.0966262817382813
-0.0576934814453125 0.235641479492188 0.00421142578125 0.0208148956298828
-0.064971923828125 0.280166625976563 -0.00759887695312501 0.1685791015625
-0.165328979492188 0.257827758789063 -0.110504150390625 0.28900146484375
-0.3067626953125 0.09765625 -0.257293701171875 0.247665405273438
-0.3056640625 -0.154541015625 -0.41607666015625 0.077606201171875
0.03582763671875 -0.3878173828125 -0.4566650390625 -0.217529296875
0.326080322265625 -0.224334716796875 -0.313629150390625 -0.399749755859375
0.372955322265625 0.0712890625 -0.03955078125 -0.440032958984375
0.4354248046875 0.1104736328125 -0.0747375488281249 0.31591796875
0.34368896484375 -0.17791748046875 0.102264404296875 0.447845458984375
0.065185546875 -0.3638916015625 0.400421142578125 0.340789794921875
-0.228057861328125 -0.214767456054688 0.5240478515625 0.06622314453125
-0.269378662109375 0.029693603515625 0.379608154296875 -0.208587646484375
-0.159576416015625 0.218429565429688 0.13690185546875 -0.2901611328125
-0.0465087890625 0.2310791015625 -0.013397216796875 -0.198348999023437
-0.0619354248046875 0.228652954101562 -0.0278282165527344 -0.0638618469238281
-0.075897216796875 0.28131103515625 -0.0285110473632813 0.071533203125
-0.193771362304688 0.249710083007812 -0.0950775146484375 0.180648803710938
-0.328216552734375 0.0655822753906251 -0.195480346679687 0.15692138671875
-0.287353515625 -0.205230712890625 -0.32781982421875 0.04327392578125
0.10150146484375 -0.390533447265625 -0.38958740234375 -0.18560791015625
0.3624267578125 -0.176727294921875 -0.262420654296875 -0.372955322265625
0.368408203125 0.111297607421875 0.052398681640625 -0.374603271484375
0.368133544921875 0.08355712890625 0.019775390625 0.380645751953125
0.266098022460938 -0.133651733398438 0.18115234375 0.477142333984375
0.0508880615234375 -0.26727294921875 0.46875 0.324676513671875
-0.161087036132813 -0.153656005859375 0.58062744140625 0.01226806640625
-0.186859130859375 0.0281829833984375 0.40374755859375 -0.27642822265625
-0.112442016601562 0.166015625 0.133453369140625 -0.371185302734375
-0.039398193359375 0.175445556640625 -0.03521728515625 -0.277572631835938
-0.05670166015625 0.187469482421875 -0.0565643310546875 -0.142669677734375
-0.079437255859375 0.236465454101563 -0.0402984619140625 -0.0253562927246094
-0.189971923828125 0.1922607421875 -0.0612678527832031 0.0682258605957031
-0.280868530273438 0.0155029296875 -0.117576599121094 0.0822906494140625
-0.203140258789062 -0.215469360351563 -0.238937377929688 0.0438690185546874
0.1566162109375 -0.305908203125 -0.35302734375 -0.13800048828125
0.32843017578125 -0.090240478515625 -0.238189697265625 -0.34967041015625
0.3001708984375 0.130889892578125 0.138397216796875 -0.300689697265625
0.255905151367188 0.0523223876953125 0.10723876953125 0.43499755859375
0.169662475585937 -0.0601959228515625 0.262969970703125 0.488922119140625
0.0487060546875 -0.156097412109375 0.514190673828125 0.281524658203125
-0.0782928466796875 -0.0947952270507813 0.60186767578125 -0.04638671875
-0.0975875854492188 0.0110549926757813 0.397186279296875 -0.323883056640625
-0.06439208984375 0.0945968627929688 0.118316650390625 -0.4190673828125
-0.0316390991210938 0.0948486328125 -0.058502197265625 -0.327423095703125
-0.0453109741210938 0.115608215332031 -0.0785980224609375 -0.199432373046875
-0.071136474609375 0.148056030273438 -0.0428466796875 -0.103195190429687
-0.139373779296875 0.102676391601562 -0.0227012634277344 -0.0197811126708984
-0.174514770507812 -0.0202789306640625 -0.0521240234375 0.0471343994140625
-0.0930328369140625 -0.159317016601563 -0.183670043945313 0.0678253173828125
0.149978637695312 -0.165573120117188 -0.357147216796875 -0.1112060546875
0.215438842773438 -0.0062103271484375 -0.227386474609375 -0.342376708984375
0.176559448242188 0.116622924804687 0.20233154296875 -0.2283935546875
-0.0303535461425781 -0.0421333312988281 -0.261306762695313 0.251495361328125
-0.0418357849121094 0.00123977661132813 0.2030029296875 0.371551513671875
-0.0453033447265625 -0.0167274475097656 0.38189697265625 0.050140380859375
-0.0307083129882813 0.0440940856933594 0.189559936523437 -0.109085083007812
0.0259151458740234 0.0290355682373047 0.030029296875 -0.0336933135986328
0.0408439636230469 -0.0331535339355469 -6.1035156250006E-05 0.0792388916015625
0.00988006591796875 -0.0431022644042969 0.0400848388671875 0.162933349609375
-0.00700759887695313 -0.0232639312744141 0.088134765625 0.216262817382813
-0.00181198120117187 -0.0231838226318359 0.061187744140625 0.342437744140625
0.00394630432128906 -0.0125617980957031 -0.113616943359375 0.43505859375
0.0164937973022461 0.00466251373291016 -0.33099365234375 0.40045166015625
-0.00979804992675781 0.0201663970947266 -0.5284423828125 0.15289306640625
-0.0399894714355469 0.0326499938964844 -0.56854248046875 -0.263671875
-0.0907135009765625 0.0171966552734375 -0.389617919921875 -0.42938232421875
-0.105728149414062 -0.0645980834960937 -0.1959228515625 -0.49627685546875
0.13916015625 0.01995849609375 -0.274276733398438 0.215789794921875
0.125709533691406 -0.0448226928710938 0.1649169921875 0.3583984375
0.027008056640625 -0.172637939453125 0.37115478515625 0.07781982421875
-0.108413696289063 -0.09051513671875 0.203964233398438 -0.076507568359375
-0.116958618164063 0.0127182006835938 0.0537757873535156 -0.0326805114746094
-0.049346923828125 0.0739974975585938 0.0045623779296875 0.0655364990234375
-0.00385665893554688 0.0682373046875 0.0377044677734375 0.158218383789063
-0.0165672302246094 0.0677032470703125 0.0868988037109375 0.210494995117187
-0.0154266357421875 0.0755996704101563 0.064910888671875 0.33819580078125
-0.0380706787109375 0.0782012939453125 -0.09893798828125 0.440277099609375
-0.071380615234375 0.045989990234375 -0.3057861328125 0.40594482421875
-0.098968505859375 -0.0102767944335937 -0.51971435546875 0.1802978515625
-0.0408554077148437 -0.0889663696289063 -0.58148193359375 -0.2230224609375
0.0194931030273437 -0.0751876831054688 -0.42913818359375 -0.414215087890625
0.0515556335449219 -0.0430793762207031 -0.22772216796875 -0.513427734375
0.2913818359375 0.067108154296875 -0.25738525390625 0.206390380859375
0.269912719726563 -0.097900390625 0.119964599609375 0.346099853515625
0.08489990234375 -0.3092041015625 0.335418701171875 0.14093017578125
-0.187088012695312 -0.199432373046875 0.250625610351562 -0.01849365234375
-0.237701416015625 0.00714111328125002 0.125129699707031 -0.0501022338867187
-0.129684448242188 0.163803100585938 0.0380363464355469 0.0134010314941406
-0.023651123046875 0.173141479492187 0.034759521484375 0.102363586425781
-0.0287933349609375 0.149703979492188 0.0721893310546875 0.169723510742187
-0.023468017578125 0.169601440429688 0.055084228515625 0.29986572265625
-0.073089599609375 0.158172607421875 -0.087677001953125 0.4228515625
-0.155654907226563 0.0883636474609375 -0.288360595703125 0.3900146484375
-0.192047119140625 -0.0426025390625 -0.5006103515625 0.18145751953125
-0.0414276123046875 -0.2083740234375 -0.57073974609375 -0.19598388671875
0.128509521484375 -0.165252685546875 -0.4283447265625 -0.39923095703125
0.197952270507812 -0.0182952880859375 -0.210723876953125 -0.505950927734375
0.39703369140625 0.093017578125 -0.210678100585937 0.221023559570313
0.35321044921875 -0.1663818359375 0.0845947265625001 0.358154296875
0.0931396484375 -0.4034423828125 0.321868896484375 0.218841552734375
-0.250198364257813 -0.254562377929687 0.32977294921875 0.043365478515625
-0.309783935546875 0.0157165527343749 0.219024658203125 -0.0885009765625
-0.172622680664063 0.224395751953125 0.0753631591796875 -0.0798187255859375
-0.03106689453125 0.230667114257813 0.0209293365478516 0.0122776031494141
-0.0385894775390625 0.20855712890625 0.0410079956054688 0.100151062011719
-0.034027099609375 0.23956298828125 0.0304107666015625 0.24609375
-0.109222412109375 0.229644775390625 -0.0836181640625 0.376007080078125
-0.234878540039063 0.117813110351563 -0.270263671875 0.345794677734375
-0.26727294921875 -0.081573486328125 -0.471221923828125 0.15655517578125
-0.03192138671875 -0.314971923828125 -0.534576416015625 -0.19097900390625
0.230361938476563 -0.230072021484375 -0.393829345703125 -0.38970947265625
0.311492919921875 0.00848388671875 -0.153472900390625 -0.47998046875
0.447723388671875 0.09490966796875 -0.1414794921875 0.266845703125
0.370391845703125 -0.205352783203125 0.083251953125 0.394927978515625
0.065673828125 -0.42083740234375 0.354644775390625 0.28802490234375
-0.274993896484375 -0.243820190429687 0.436767578125 0.060516357421875
-0.319061279296875 0.037261962890625 0.308563232421875 -0.156341552734375
-0.174072265625 0.2498779296875 0.105377197265625 -0.19464111328125
-0.033843994140625 0.2510986328125 0.000305175781249992 -0.0950241088867187
-0.043914794921875 0.239578247070313 0.0050048828125 0.0205974578857422
-0.043060302734375 0.28656005859375 0.00209045410156249 0.168838500976563
-0.145523071289063 0.270660400390625 -0.085540771484375 0.2935791015625
-0.30023193359375 0.119598388671875 -0.2386474609375 0.265304565429688
-0.316741943359375 -0.132720947265625 -0.41119384765625 0.105499267578125
0.003509521484375 -0.388885498046875 -0.471710205078125 -0.1849365234375
0.30926513671875 -0.245574951171875 -0.340576171875 -0.373809814453125
0.38238525390625 0.048736572265625 -0.067108154296875 -0.437469482421875
0.439697265625 0.076141357421875 -0.052398681640625 0.32147216796875
0.330780029296875 -0.20233154296875 0.133270263671875 0.4384765625
0.0408935546875 -0.370025634765625 0.4254150390625 0.313323974609375
-0.242202758789063 -0.194778442382812 0.528350830078125 0.02789306640625
-0.264801025390625 0.04803466796875 0.36309814453125 -0.234527587890625
-0.146881103515625 0.230361938476563 0.112396240234375 -0.299163818359375
-0.035125732421875 0.232131958007812 -0.0294952392578125 -0.194869995117188
-0.0456695556640625 0.235885620117188 -0.0315093994140625 -0.0642051696777344
-0.055694580078125 0.28875732421875 -0.0233917236328125 0.0728225708007813
-0.174896240234375 0.265579223632813 -0.07659912109375 0.18505859375
-0.321746826171875 0.090423583984375 -0.181182861328125 0.168289184570313
-0.30401611328125 -0.185028076171875 -0.324951171875 0.0662536621093749
0.072998046875 -0.3994140625 -0.400482177734375 -0.15521240234375
0.350433349609375 -0.20330810546875 -0.290374755859375 -0.348236083984375
0.37646484375 0.090911865234375 0.02813720703125 -0.375152587890625
0.374114990234375 0.05853271484375 0.04327392578125 0.384063720703125
0.259918212890625 -0.15234375 0.21429443359375 0.466522216796875
0.0291595458984375 -0.27142333984375 0.49053955078125 0.29400634765625
-0.17437744140625 -0.138015747070313 0.5804443359375 -0.03125
-0.1864013671875 0.043212890625 0.38385009765625 -0.30322265625
-0.104660034179688 0.178482055664063 0.104736328125 -0.37408447265625
-0.031402587890625 0.172393798828125 -0.0556793212890625 -0.2694091796875
-0.0419464111328125 0.190780639648438 -0.0646514892578125 -0.13836669921875
-0.060821533203125 0.245712280273438 -0.0406608581542969 -0.0246391296386719
-0.175628662109375 0.2073974609375 -0.0551300048828125 0.0708465576171875
-0.28045654296875 0.036468505859375 -0.111717224121094 0.0915679931640625
-0.218048095703125 -0.198715209960938 -0.235366821289062 0.0619049072265625
0.130462646484375 -0.32177734375 -0.360565185546875 -0.1099853515625
0.32403564453125 -0.109283447265625 -0.262847900390625 -0.3284912109375
0.31317138671875 0.115325927734375 0.119873046875 -0.30877685546875
0.257186889648438 0.0340423583984375 0.136932373046875 0.426788330078125
0.163742065429688 -0.0727996826171875 0.29248046875 0.469757080078125
0.040496826171875 -0.160385131835938 0.5340576171875 0.247894287109375
-0.0906600952148437 -0.0910110473632813 0.5947265625 -0.0899658203125
-0.0963058471679688 0.0204544067382813 0.3709716796875 -0.3505859375
-0.0610580444335938 0.0992050170898437 0.08807373046875 -0.420989990234375
-0.0295562744140625 0.0980072021484375 -0.08087158203125 -0.319244384765625
-0.0390548706054688 0.121002197265625 -0.0902099609375 -0.1881103515625
-0.059906005859375 0.154876708984375 -0.0485687255859375 -0.102928161621094
-0.131950378417969 0.114151000976563 -0.0215473175048828 -0.0155696868896484
-0.177047729492188 -0.00883483886718746 -0.0458297729492188 0.0448722839355469
-0.105712890625 -0.15289306640625 -0.175094604492188 0.08013916015625
0.135299682617188 -0.176483154296875 -0.364288330078125 -0.08270263671875
0.217056274414063 -0.0213775634765625 -0.252166748046875 -0.31939697265625
0.188873291015625 0.104171752929687 0.188751220703125 -0.242752075195313
-0.0388832092285156 -0.0438690185546875 -0.249130249023437 0.261032104492188
-0.0425567626953125 0.00337982177734374 0.2198486328125 0.359375
-0.0498924255371094 -0.0146598815917969 0.383056640625 0.030181884765625
-0.0233573913574219 0.0456275939941406 0.183853149414063 -0.11474609375
0.0296115875244141 0.0290393829345703 0.0285568237304688 -0.0342922210693359
0.0391616821289063 -0.0340728759765625 0.00533294677734376 0.0798797607421875
0.00417327880859375 -0.0450973510742187 0.05108642578125 0.160980224609375
-0.00800132751464844 -0.0225677490234375 0.0980987548828125 0.208114624023438
-0.00211715698242187 -0.0241546630859375 0.07855224609375 0.332244873046875
0.00339126586914063 -0.0126228332519531 -0.08843994140625 0.43603515625
0.0176429748535156 0.00472640991210937 -0.305328369140625 0.4124755859375
-0.00961112976074219 0.0204296112060547 -0.5159912109375 0.176177978515625
-0.0364341735839844 0.0348587036132813 -0.580078125 -0.23541259765625
-0.0877685546875 0.0222091674804688 -0.41058349609375 -0.407196044921875
-0.111213684082031 -0.0590133666992187 -0.2176513671875 -0.48382568359375
0.135665893554688 0.0108261108398438 -0.263626098632813 0.228012084960937
0.124168395996094 -0.051300048828125 0.181976318359375 0.34814453125
0.0192413330078125 -0.174468994140625 0.368072509765625 0.061279296875
-0.115226745605469 -0.0848922729492188 0.196746826171875 -0.087158203125
-0.116851806640625 0.0228347778320312 0.0508689880371094 -0.0372085571289063
-0.0458831787109375 0.0773468017578125 0.00961303710937499 0.0671005249023438
-0.00535583496093749 0.0735015869140625 0.0489044189453125 0.154861450195313
-0.0147781372070312 0.0679817199707031 0.09674072265625 0.198089599609375
-0.00958251953124999 0.0752716064453125 0.080535888671875 0.326568603515625
-0.0335693359375 0.0768661499023437 -0.071014404296875 0.439361572265625
-0.0669631958007812 0.0477333068847656 -0.284149169921875 0.4205322265625
-0.101264953613281 -0.00640106201171877 -0.508758544921875 0.2008056640625
-0.0458602905273438 -0.0856399536132813 -0.58984375 -0.1953125
0.0176849365234375 -0.0769195556640625 -0.44671630859375 -0.388092041015625
0.04742431640625 -0.0455360412597656 -0.246429443359375 -0.498199462890625
0.2894287109375 0.050994873046875 -0.243667602539062 0.219375610351563
0.265274047851562 -0.114288330078125 0.13812255859375 0.33709716796875
0.064910888671875 -0.314453125 0.337738037109375 0.1248779296875
-0.195220947265625 -0.189987182617188 0.244049072265625 -0.028900146484375
-0.237640380859375 0.019378662109375 0.119972229003906 -0.0592269897460938
-0.12188720703125 0.172409057617188 0.0407600402832031 0.0111236572265625
-0.0169219970703125 0.169540405273438 0.0408782958984375 0.0994033813476563
-0.0200653076171875 0.151046752929688 0.077392578125 0.159713745117188
-0.013397216796875 0.16802978515625 0.069366455078125 0.292388916015625
-0.065155029296875 0.16326904296875 -0.063232421875 0.42059326171875
-0.1485595703125 0.093902587890625 -0.265838623046875 0.4013671875
-0.191543579101563 -0.03192138671875 -0.4913330078125 0.201446533203125
-0.055511474609375 -0.204025268554688 -0.5792236328125 -0.16949462890625
0.119338989257812 -0.17242431640625 -0.4451904296875 -0.37640380859375
0.194717407226563 -0.029815673828125 -0.231231689453125 -0.49481201171875
0.3946533203125 0.07244873046875 -0.200347900390625 0.232284545898438
0.344940185546875 -0.182159423828125 0.10015869140625 0.34912109375
0.06768798828125 -0.407073974609375 0.330841064453125 0.203643798828125
-0.263092041015625 -0.23651123046875 0.329437255859375 0.025421142578125
-0.3060302734375 0.0350341796874999 0.212432861328125 -0.098968505859375
-0.160354614257812 0.235122680664063 0.0706710815429687 -0.0830307006835937
-0.0199737548828125 0.233901977539063 0.0218944549560547 0.0106754302978516
-0.026641845703125 0.213180541992188 0.0470733642578125 0.098052978515625
-0.0184783935546875 0.245956420898438 0.046417236328125 0.240493774414063
-0.09686279296875 0.232940673828125 -0.06195068359375 0.37481689453125
-0.228286743164062 0.127029418945313 -0.24774169921875 0.3546142578125
-0.271499633789063 -0.0630035400390626 -0.45977783203125 0.175567626953125
-0.049774169921875 -0.310211181640625 -0.5416259765625 -0.1636962890625
0.213455200195313 -0.238479614257813 -0.41241455078125 -0.368072509765625
0.310699462890625 -0.004150390625 -0.173370361328125 -0.4705810546875
0.44586181640625 0.070892333984375 -0.13189697265625 0.271682739257813
0.357391357421875 -0.220672607421875 0.10333251953125 0.389739990234375
0.04254150390625 -0.4263916015625 0.366546630859375 0.272735595703125
-0.28662109375 -0.2269287109375 0.43572998046875 0.04010009765625
-0.3118896484375 0.05633544921875 0.29833984375 -0.1719970703125
-0.159408569335938 0.260284423828125 0.0944366455078125 -0.193313598632812
-0.0265655517578125 0.256103515625 -0.0043792724609375 -0.0918960571289063
-0.0302886962890625 0.24395751953125 0.00737190246582031 0.021627426147461
-0.027313232421875 0.287384033203125 0.0125885009765625 0.165374755859375
-0.133026123046875 0.275634765625 -0.06573486328125 0.293975830078125
-0.29296875 0.13763427734375 -0.22357177734375 0.271224975585938
-0.323333740234375 -0.11322021484375 -0.4053955078125 0.126739501953125
-0.01470947265625 -0.3865966796875 -0.474517822265625 -0.157012939453125
0.2972412109375 -0.2578125 -0.35821533203125 -0.353790283203125
0.379241943359375 0.031280517578125 -0.090240478515625 -0.430511474609375
0.434783935546875 0.0574951171875 -0.040191650390625 0.3238525390625
0.317291259765625 -0.214874267578125 0.153350830078125 0.431182861328125
0.023590087890625 -0.36932373046875 0.435455322265625 0.2947998046875
-0.25164794921875 -0.180923461914063 0.524932861328125 0.00482177734374999
-0.262481689453125 0.0625 0.3486328125 -0.2540283203125
-0.132186889648438 0.236618041992188 0.098114013671875 -0.297943115234375
-0.02264404296875 0.234649658203125 -0.035919189453125 -0.189315795898437
-0.0338134765625 0.236282348632813 -0.0341987609863281 -0.0550041198730468
-0.0380859375 0.290802001953125 -0.0183334350585938 0.0739822387695313
-0.159988403320313 0.271865844726563 -0.06439208984375 0.185638427734375
-0.316864013671875 0.105987548828125 -0.174514770507813 0.17413330078125
-0.310211181640625 -0.16748046875 -0.321929931640625 0.083465576171875
0.0521240234375 -0.400543212890625 -0.4058837890625 -0.132354736328125
0.341339111328125 -0.21612548828125 -0.304351806640625 -0.3299560546875
0.3831787109375 0.07391357421875 0.00973510742187505 -0.37738037109375
0.36737060546875 0.03692626953125 0.0608215332031251 0.3802490234375
0.2484130859375 -0.161300659179688 0.233123779296875 0.45343017578125
0.0180816650390625 -0.26806640625 0.500244140625 0.268768310546875
-0.17840576171875 -0.129226684570312 0.5745849609375 -0.0565185546875
-0.181732177734375 0.0493621826171875 0.364501953125 -0.3216552734375
-0.094482421875 0.181549072265625 0.0843505859375 -0.372955322265625
-0.02374267578125 0.1783447265625 -0.066986083984375 -0.261917114257813
-0.03424072265625 0.193954467773438 -0.0708389282226563 -0.124839782714844
-0.04827880859375 0.247756958007813 -0.0425834655761719 -0.0184593200683594
-0.162445068359375 0.21636962890625 -0.046112060546875 0.0710983276367188
-0.279434204101563 0.0501251220703124 -0.104606628417969 0.0918731689453125
-0.228042602539062 -0.188262939453125 -0.2320556640625 0.070831298828125
0.11224365234375 -0.326507568359375 -0.364593505859375 -0.089202880859375
0.3184814453125 -0.1258544921875 -0.275634765625 -0.30841064453125
0.31768798828125 0.102630615234375 0.102264404296875 -0.31329345703125
0.252578735351563 0.019195556640625 0.157562255859375 0.423736572265625
0.159942626953125 -0.0790863037109375 0.318603515625 0.452911376953125
0.0292510986328125 -0.157989501953125 0.540496826171875 0.221221923828125
-0.0894546508789063 -0.0822525024414063 0.5875244140625 -0.1182861328125
-0.0957412719726562 0.0234222412109375 0.35162353515625 -0.368743896484375
-0.0570907592773438 0.101348876953125 0.063751220703125 -0.42156982421875
-0.0265121459960938 0.100067138671875 -0.097412109375 -0.30975341796875
-0.03106689453125 0.121444702148438 -0.101943969726562 -0.179168701171875
-0.0498199462890625 0.160797119140625 -0.053619384765625 -0.095703125
-0.125839233398438 0.120628356933594 -0.0224056243896484 -0.0193767547607422
-0.176284790039063 0.000350952148437464 -0.0427436828613281 0.0455436706542969
-0.110443115234375 -0.146652221679688 -0.17279052734375 0.085784912109375
0.125991821289063 -0.183502197265625 -0.36578369140625 -0.0592956542968749
0.213821411132813 -0.0276947021484375 -0.26470947265625 -0.304901123046875
0.195892333984375 0.09930419921875 0.176864624023438 -0.249481201171875
-0.0421943664550781 -0.0444793701171875 -0.24066162109375 0.27239990234375
-0.0452919006347656 0.00352859497070313 0.2344970703125 0.35137939453125
-0.0541954040527344 -0.0133285522460937 0.386383056640625 0.015899658203125
-0.0208473205566406 0.0488662719726563 0.178543090820313 -0.121734619140625
0.0312366485595703 0.0279407501220703 0.0262832641601563 -0.0356369018554688
0.0377197265625 -0.0361213684082031 0.0111541748046875 0.0791397094726563
-0.000720977783203123 -0.0443954467773438 0.0590057373046875 0.158523559570312
-0.00876235961914062 -0.0229530334472656 0.1036376953125 0.201675415039063
-0.00302696228027344 -0.0237026214599609 0.089996337890625 0.327972412109375
0.00245380401611328 -0.0107431411743164 -0.07269287109375 0.4371337890625
0.0177879333496094 0.0031280517578125 -0.291259765625 0.423675537109375
-0.00846290588378906 0.0233898162841797 -0.512054443359375 0.195526123046875
-0.0351791381835938 0.0348281860351563 -0.59063720703125 -0.22119140625
-0.0880203247070313 0.0232162475585938 -0.4271240234375 -0.39654541015625
-0.113418579101563 -0.0595321655273437 -0.233917236328125 -0.483245849609375
0.135635375976563 0.0059967041015625 -0.257659912109375 0.238525390625
0.121246337890625 -0.057342529296875 0.196258544921875 0.34356689453125
0.00985717773437498 -0.176986694335938 0.37359619140625 0.04937744140625
-0.117515563964844 -0.0793075561523438 0.195220947265625 -0.0925750732421875
-0.115684509277344 0.028106689453125 0.0501480102539062 -0.0415687561035156
-0.047760009765625 0.07867431640625 0.0144119262695312 0.0679512023925781
-0.00531005859375 0.074127197265625 0.0566864013671875 0.152023315429688
-0.01251220703125 0.0697555541992188 0.103546142578125 0.19415283203125
-0.005706787109375 0.0766983032226563 0.093597412109375 0.31903076171875
-0.030731201171875 0.0781707763671875 -0.053802490234375 0.441009521484375
-0.0669288635253906 0.0516204833984375 -0.269439697265625 0.428192138671875
-0.101287841796875 0.000953674316406269 -0.501129150390625 0.21868896484375
-0.0500717163085938 -0.0847396850585938 -0.5999755859375 -0.17633056640625
0.0132369995117188 -0.0790863037109375 -0.4619140625 -0.3756103515625
0.0431709289550781 -0.0487594604492188 -0.2630615234375 -0.496307373046875
0.288482666015625 0.044891357421875 -0.239013671875 0.2254638671875
0.262466430664063 -0.12274169921875 0.149169921875 0.332244873046875
0.053192138671875 -0.31982421875 0.345062255859375 0.111328125
-0.20489501953125 -0.182708740234375 0.243576049804687 -0.035125732421875
-0.23809814453125 0.0302581787109375 0.118881225585937 -0.0632095336914063
-0.117324829101562 0.177597045898437 0.03961181640625 0.010345458984375
-0.0122528076171875 0.174453735351562 0.0442352294921875 0.0976486206054688
-0.015350341796875 0.153640747070313 0.0843048095703125 0.155166625976563
-0.0072021484375 0.171157836914063 0.079376220703125 0.289642333984375
-0.0582733154296875 0.164688110351562 -0.044677734375 0.421356201171875
-0.14691162109375 0.100601196289062 -0.25177001953125 0.411407470703125
-0.193405151367188 -0.022003173828125 -0.486083984375 0.22161865234375
-0.062286376953125 -0.201705932617188 -0.588134765625 -0.151123046875
0.111907958984375 -0.175491333007813 -0.46197509765625 -0.36273193359375
0.193893432617188 -0.0346832275390625 -0.24737548828125 -0.491363525390625
0.396636962890625 0.061676025390625 -0.193496704101562 0.239639282226562
0.3406982421875 -0.192962646484375 0.112091064453125 0.3463134765625
0.053802490234375 -0.41448974609375 0.338287353515625 0.194793701171875
-0.271499633789063 -0.229827880859375 0.331756591796875 0.016204833984375
-0.30712890625 0.0470275878906249 0.21185302734375 -0.109893798828125
-0.152923583984375 0.244125366210938 0.069488525390625 -0.0850143432617187
-0.0165557861328125 0.238937377929687 0.0227642059326172 0.00868225097656251
-0.0193634033203125 0.215042114257813 0.0491790771484375 0.0954437255859375
-0.00779724121093748 0.245925903320313 0.05322265625 0.238449096679688
-0.0887298583984375 0.238418579101562 -0.04583740234375 0.3758544921875
-0.22454833984375 0.1395263671875 -0.237152099609375 0.3614501953125
-0.276260375976562 -0.0524139404296875 -0.456756591796875 0.192596435546875
-0.06219482421875 -0.31085205078125 -0.55010986328125 -0.146270751953125
0.207733154296875 -0.2467041015625 -0.42718505859375 -0.354461669921875
0.31329345703125 -0.01177978515625 -0.190673828125 -0.469757080078125
0.445220947265625 0.0587158203125 -0.121536254882812 0.27789306640625
0.351531982421875 -0.23358154296875 0.114501953125 0.388092041015625
0.027618408203125 -0.43109130859375 0.37896728515625 0.26446533203125
-0.294830322265625 -0.217498779296875 0.438995361328125 0.026702880859375
-0.312286376953125 0.0673828124999999 0.294586181640625 -0.18341064453125
-0.150970458984375 0.268417358398438 0.089202880859375 -0.196868896484375
-0.0178070068359375 0.261062622070313 -0.00730895996093751 -0.0922470092773437
-0.0216827392578125 0.2454833984375 0.00795173645019531 0.0217914581298828
-0.015533447265625 0.291351318359375 0.0184478759765625 0.1644287109375
-0.12188720703125 0.28240966796875 -0.052398681640625 0.294586181640625
-0.288848876953125 0.150787353515625 -0.214508056640625 0.27972412109375
-0.32940673828125 -0.101165771484375 -0.403778076171875 0.142578125
-0.028533935546875 -0.39093017578125 -0.48358154296875 -0.14337158203125
0.289703369140625 -0.26983642578125 -0.37030029296875 -0.34283447265625
0.384796142578125 0.022705078125 -0.10302734375 -0.431365966796875
0.43310546875 0.045196533203125 -0.02960205078125 0.329925537109375
0.310455322265625 -0.22357177734375 0.168426513671875 0.4283447265625
0.00936889648437503 -0.37322998046875 0.450836181640625 0.28363037109375
-0.258636474609375 -0.171737670898437 0.530059814453125 -0.0128173828125
-0.26116943359375 0.072235107421875 0.343597412109375 -0.266693115234375
-0.124252319335937 0.243423461914063 0.088470458984375 -0.29949951171875
-0.01824951171875 0.238937377929688 -0.0427703857421875 -0.185699462890625
-0.024871826171875 0.239608764648438 -0.0357818603515625 -0.0538406372070312
-0.026123046875 0.295989990234375 -0.0153961181640625 0.0745086669921875
-0.15142822265625 0.279953002929688 -0.054840087890625 0.18560791015625
-0.315673828125 0.120086669921875 -0.169601440429688 0.178451538085938
-0.320587158203125 -0.15484619140625 -0.320587158203125 0.094451904296875
0.037353515625 -0.406005859375 -0.4093017578125 -0.11907958984375
0.336151123046875 -0.22882080078125 -0.315826416015625 -0.3197021484375
0.389801025390625 0.06402587890625 -0.00338745117187495 -0.379119873046875
0.364105224609375 0.02691650390625 0.072235107421875 0.38116455078125
0.241409301757813 -0.169647216796875 0.251434326171875 0.4495849609375
0.0095977783203125 -0.273544311523438 0.513458251953125 0.255279541015625
-0.182876586914063 -0.120513916015625 0.57598876953125 -0.077880859375
-0.18170166015625 0.0582427978515625 0.354644775390625 -0.334869384765625
-0.0889129638671875 0.185211181640625 0.0726318359375 -0.3746337890625
-0.0198516845703125 0.182083129882813 -0.0778350830078125 -0.259185791015625
-0.02618408203125 0.197250366210938 -0.0752944946289063 -0.12164306640625
-0.03863525390625 0.252731323242188 -0.0424308776855469 -0.0184898376464844
-0.156143188476563 0.22540283203125 -0.0415496826171875 0.0715408325195313
-0.279739379882813 0.0606689453125 -0.103309631347656 0.09332275390625
-0.238250732421875 -0.180435180664062 -0.230850219726563 0.0796356201171875
0.10406494140625 -0.333984375 -0.366455078125 -0.07666015625
0.317291259765625 -0.135986328125 -0.28662109375 -0.29864501953125
0.326812744140625 0.093780517578125 0.0924072265625 -0.318267822265625
0.248550415039063 0.0084991455078125 0.168304443359375 0.422943115234375
0.160690307617188 -0.0843658447265625 0.335662841796875 0.445465087890625
0.02423095703125 -0.161956787109375 0.552459716796875 0.2061767578125
-0.0933609008789063 -0.0768966674804687 0.586181640625 -0.1387939453125
-0.09405517578125 0.0280075073242188 0.339141845703125 -0.38079833984375
-0.0512847900390625 0.103660583496094 0.0487060546875 -0.4200439453125
-0.0240707397460938 0.103111267089844 -0.107879638671875 -0.303436279296875
-0.0266036987304687 0.125076293945313 -0.10577392578125 -0.172882080078125
-0.044158935546875 0.165664672851563 -0.0576705932617187 -0.0943450927734375
-0.123741149902344 0.129470825195313 -0.0200366973876953 -0.0206642150878906
-0.177658081054688 0.0057220458984375 -0.0417404174804688 0.0468826293945313
-0.115951538085938 -0.142440795898437 -0.168548583984375 0.0926971435546875
0.119857788085938 -0.191253662109375 -0.367095947265625 -0.0436401367187501
0.217437744140625 -0.03472900390625 -0.2744140625 -0.293060302734375
0.202484130859375 0.09417724609375 0.17041015625 -0.257781982421875
-0.0478706359863281 -0.045501708984375 -0.23675537109375 0.285888671875
-0.048980712890625 0.00486373901367188 0.254150390625 0.348419189453125
-0.0598030090332031 -0.0104217529296875 0.396728515625 0.000427246093749999
-0.0176887512207031 0.0511817932128906 0.177780151367188 -0.130706787109375
0.0352210998535156 0.028289794921875 0.0245170593261719 -0.037017822265625
0.0351982116699219 -0.0388031005859375 0.0158920288085938 0.0792007446289063
-0.00455474853515625 -0.0434303283691406 0.06756591796875 0.157699584960938
-0.0103683471679687 -0.0222835540771484 0.112258911132813 0.19927978515625
-0.00369834899902344 -0.0249519348144531 0.104827880859375 0.3275146484375
0.00161361694335938 -0.0111370086669922 -0.05389404296875 0.445831298828125
0.0183925628662109 0.00180816650390625 -0.2808837890625 0.44281005859375
-0.00703620910644531 0.0263023376464844 -0.517730712890625 0.216552734375
-0.0351943969726563 0.0359840393066406 -0.61419677734375 -0.20562744140625
-0.089385986328125 0.0261764526367188 -0.452880859375 -0.3922119140625
-0.119461059570313 -0.0585479736328125 -0.25567626953125 -0.487945556640625
0.136093139648438 0.00135040283203125 -0.255752563476563 0.251602172851562
0.121177673339844 -0.0625228881835938 0.21466064453125 0.343109130859375
-0.000305175781250016 -0.182525634765625 0.385894775390625 0.03533935546875
-0.122337341308594 -0.0762405395507813 0.19677734375 -0.101852416992188
-0.116401672363281 0.03436279296875 0.0497093200683594 -0.0451087951660156
-0.046295166015625 0.083343505859375 0.0200042724609375 0.0684623718261719
-0.00408172607421875 0.077728271484375 0.0654754638671875 0.151748657226563
-0.00994110107421875 0.0728836059570312 0.111465454101562 0.191116333007813
-0.00255584716796875 0.079345703125 0.10614013671875 0.317962646484375
-0.0270156860351563 0.0808944702148438 -0.0362548828125 0.448486328125
-0.0656356811523438 0.0561904907226562 -0.25872802734375 0.4462890625
-0.102493286132812 0.00604248046874999 -0.504669189453125 0.242584228515625
-0.0542831420898438 -0.0852890014648437 -0.62176513671875 -0.1593017578125
0.00920104980468749 -0.082061767578125 -0.486968994140625 -0.367218017578125
0.0421333312988281 -0.052459716796875 -0.284820556640625 -0.501495361328125
0.295318603515625 0.03741455078125 -0.236587524414063 0.238677978515625
0.262237548828125 -0.134979248046875 0.164764404296875 0.333282470703125
0.03985595703125 -0.33203125 0.35821533203125 0.1009521484375
-0.216232299804688 -0.179061889648438 0.249923706054687 -0.0449066162109375
-0.2412109375 0.0410003662109375 0.119590759277344 -0.0684890747070313
-0.112289428710938 0.188018798828125 0.0418052673339844 0.00886535644531251
-0.00733947753906252 0.181625366210938 0.0503692626953125 0.096893310546875
-0.00970458984375001 0.158554077148438 0.0911865234375 0.154006958007813
0.000152587890625007 0.17596435546875 0.09271240234375 0.290130615234375
-0.05230712890625 0.17041015625 -0.0264892578125 0.428985595703125
-0.1466064453125 0.110183715820313 -0.2413330078125 0.42816162109375
-0.196746826171875 -0.013275146484375 -0.489013671875 0.245269775390625
-0.072418212890625 -0.20404052734375 -0.6083984375 -0.135009765625
0.10736083984375 -0.18267822265625 -0.485809326171875 -0.355010986328125
0.196640014648438 -0.0417938232421875 -0.2691650390625 -0.497711181640625
0.405303955078125 0.052032470703125 -0.189376831054687 0.251754760742188
0.341644287109375 -0.207427978515625 0.1275634765625 0.3480224609375
0.037109375 -0.428253173828125 0.35552978515625 0.186614990234375
-0.28839111328125 -0.224945068359375 0.34197998046875 0.00555419921874999
-0.31280517578125 0.06121826171875 0.212356567382812 -0.1207275390625
-0.146453857421875 0.256790161132812 0.06988525390625 -0.088043212890625
-0.00869750976562498 0.24822998046875 0.0248012542724609 0.00862312316894533
-0.0113525390625 0.222503662109375 0.05419921875 0.0949172973632813
0.00212097167968752 0.252517700195312 0.062896728515625 0.240188598632813
-0.080047607421875 0.245849609375 -0.030975341796875 0.381072998046875
-0.223297119140625 0.153030395507812 -0.229644775390625 0.378509521484375
-0.283660888671875 -0.0408020019531251 -0.46240234375 0.21551513671875
-0.076263427734375 -0.316375732421875 -0.5684814453125 -0.130126953125
0.202972412109375 -0.259170532226563 -0.451446533203125 -0.347686767578125
0.319854736328125 -0.02130126953125 -0.21087646484375 -0.477294921875
0.454376220703125 0.049346923828125 -0.11602783203125 0.2886962890625
0.350799560546875 -0.248931884765625 0.1319580078125 0.391510009765625
0.0108642578125 -0.444122314453125 0.4012451171875 0.257110595703125
-0.310394287109375 -0.21051025390625 0.453369140625 0.011322021484375
-0.315948486328125 0.081756591796875 0.294708251953125 -0.20001220703125
-0.143325805664063 0.280624389648438 0.0843048095703125 -0.2025146484375
-0.00834655761718753 0.269393920898437 -0.010040283203125 -0.0926132202148438
-0.0136566162109375 0.25408935546875 0.00964927673339843 0.0230693817138672
-0.00292968749999998 0.300506591796875 0.0256500244140625 0.167343139648438
-0.112030029296875 0.29364013671875 -0.039947509765625 0.2996826171875
-0.289794921875 0.167083740234375 -0.21044921875 0.2928466796875
-0.340484619140625 -0.0892639160156251 -0.407501220703125 0.161102294921875
-0.0458984375 -0.399505615234375 -0.49945068359375 -0.12945556640625
0.287109375 -0.285675048828125 -0.3914794921875 -0.3370361328125
0.394622802734375 0.013275146484375 -0.12115478515625 -0.440582275390625
0.440216064453125 0.035400390625 -0.0196838378906249 0.339263916015625
0.3079833984375 -0.237457275390625 0.187225341796875 0.43310546875
-0.00482177734375 -0.384185791015625 0.47235107421875 0.276947021484375
-0.27105712890625 -0.164871215820313 0.541839599609375 -0.03326416015625
-0.263351440429688 0.0848846435546875 0.3414306640625 -0.287689208984375
-0.117507934570313 0.254974365234375 0.080108642578125 -0.306976318359375
-0.01031494140625 0.24822998046875 -0.0500030517578125 -0.186691284179687
-0.0158538818359375 0.247695922851563 -0.0374794006347656 -0.0517120361328125
-0.014007568359375 0.305206298828125 -0.0133056640625 0.0771560668945313
-0.14324951171875 0.293701171875 -0.0460662841796875 0.187942504882813
-0.319549560546875 0.136688232421875 -0.167144775390625 0.1885986328125
-0.33380126953125 -0.146697998046875 -0.32525634765625 0.108428955078125
0.022308349609375 -0.418670654296875 -0.422698974609375 -0.10638427734375
0.3372802734375 -0.245819091796875 -0.33526611328125 -0.315093994140625
0.403228759765625 0.054595947265625 -0.017547607421875 -0.390655517578125
0.36907958984375 0.01739501953125 0.085723876953125 0.3905029296875
0.239669799804688 -0.18023681640625 0.275054931640625 0.4522705078125
-0.000366210937499997 -0.280868530273438 0.536376953125 0.245941162109375
-0.190887451171875 -0.114715576171875 0.58868408203125 -0.09954833984375
-0.181427001953125 0.0661163330078125 0.349090576171875 -0.35809326171875
-0.0821685791015625 0.191696166992188 0.062255859375 -0.382415771484375
-0.0146331787109375 0.189620971679688 -0.088897705078125 -0.258834838867188
-0.019073486328125 0.204833984375 -0.0801773071289062 -0.119216918945312
-0.0279693603515625 0.262298583984375 -0.0434951782226563 -0.0171890258789062
-0.150924682617188 0.23834228515625 -0.0379257202148438 0.0709991455078125
-0.284881591796875 0.0749206542968749 -0.103103637695313 0.0972366333007812
-0.251251220703125 -0.175827026367187 -0.233123779296875 0.08953857421875
0.092864990234375 -0.346771240234375 -0.3768310546875 -0.062957763671875
0.322479248046875 -0.151214599609375 -0.303131103515625 -0.29345703125
0.339630126953125 0.087158203125 0.082672119140625 -0.330291748046875
0.24920654296875 0.001922607421875 0.1854248046875 0.43023681640625
0.160430908203125 -0.090545654296875 0.36041259765625 0.44586181640625
0.0196380615234375 -0.166717529296875 0.57421875 0.1939697265625
-0.0972671508789062 -0.074249267578125 0.59515380859375 -0.1634521484375
-0.09490966796875 0.0315628051757813 0.333526611328125 -0.401153564453125
-0.0492782592773437 0.108497619628906 0.036651611328125 -0.427337646484375
-0.0216293334960938 0.108505249023437 -0.12066650390625 -0.30364990234375
-0.0221405029296875 0.130706787109375 -0.112533569335937 -0.168441772460938
-0.03741455078125 0.172775268554688 -0.0624313354492188 -0.0941085815429687
-0.121826171875 0.139411926269531 -0.0214920043945313 -0.0237922668457031
-0.183349609375 0.0131378173828125 -0.0407524108886719 0.0467300415039063
-0.12408447265625 -0.141586303710938 -0.16717529296875 0.10205078125
0.115615844726563 -0.20074462890625 -0.375823974609375 -0.028411865234375
0.224105834960938 -0.0415496826171875 -0.291717529296875 -0.28955078125
0.212417602539063 0.0901336669921875 0.164291381835938 -0.270751953125
-0.0558509826660156 -0.0447044372558594 -0.2294921875 0.307220458984375
-0.0525741577148438 0.00750732421875 0.28369140625 0.343597412109375
-0.0673446655273438 -0.00548934936523438 0.410858154296875 -0.023834228515625
-0.0131301879882813 0.0542259216308594 0.176727294921875 -0.144790649414062
0.0390129089355469 0.0267524719238281 0.0223960876464844 -0.0389823913574219
0.0328102111816406 -0.04205322265625 0.0218124389648438 0.079742431640625
-0.0088348388671875 -0.0420799255371094 0.0793609619140625 0.157241821289063
-0.0119667053222656 -0.0204696655273438 0.125152587890625 0.196136474609375
-0.00579833984375 -0.0253734588623047 0.125335693359375 0.32684326171875
0.000981330871582032 -0.0107564926147461 -0.02960205078125 0.45928955078125
0.0179386138916016 0.000932693481445313 -0.263458251953125 0.47259521484375
-0.00548553466796875 0.0283012390136719 -0.523834228515625 0.25274658203125
-0.035736083984375 0.0374565124511719 -0.6497802734375 -0.18060302734375
-0.0911407470703125 0.0302963256835938 -0.4918212890625 -0.37890625
-0.128334045410156 -0.0551528930664063 -0.2889404296875 -0.495941162109375
0.138656616210938 -0.00528717041015625 -0.251602172851562 0.27215576171875
0.120567321777344 -0.0706329345703125 0.241973876953125 0.3385009765625
-0.0149078369140625 -0.18792724609375 0.4019775390625 0.01239013671875
-0.130264282226562 -0.072021484375 0.19830322265625 -0.116226196289062
-0.118186950683594 0.0412750244140625 0.0481300354003906 -0.0485038757324219
-0.0422592163085938 0.0894012451171875 0.0250358581542969 0.0694656372070313
-0.000740051269531244 0.0831451416015625 0.076995849609375 0.151153564453125
-0.00576782226562501 0.0764236450195313 0.125045776367188 0.188446044921875
0.001708984375 0.0819015502929687 0.126800537109375 0.319091796875
-0.0235748291015625 0.0850296020507813 -0.00988769531249999 0.460235595703125
-0.0639610290527344 0.062347412109375 -0.24017333984375 0.47503662109375
-0.103660583496094 0.013763427734375 -0.50897216796875 0.278961181640625
-0.0625534057617187 -0.0857391357421875 -0.65386962890625 -0.13238525390625
0.00405883789062499 -0.0850677490234375 -0.525299072265625 -0.354888916015625
0.0383567810058594 -0.056121826171875 -0.32061767578125 -0.509735107421875
0.30560302734375 0.02520751953125 -0.233123779296875 0.257415771484375
0.263320922851563 -0.1522216796875 0.19036865234375 0.331298828125
0.020172119140625 -0.346832275390625 0.378509521484375 0.08258056640625
-0.234100341796875 -0.173721313476563 0.25579833984375 -0.06060791015625
-0.247604370117187 0.0563201904296875 0.119758605957031 -0.0793609619140625
-0.10565185546875 0.201156616210937 0.0450973510742187 0.00826644897460939
0.00294494628906249 0.190536499023437 0.0588760375976563 0.096221923828125
-0.000793457031250016 0.166702270507812 0.102249145507813 0.152084350585938
0.010986328125 0.181869506835937 0.110137939453125 0.291290283203125
-0.0440521240234375 0.178375244140625 -0.00155639648437502 0.440216064453125
-0.143203735351563 0.123611450195313 -0.2249755859375 0.45660400390625
-0.202163696289063 -0.000869750976562507 -0.493377685546875 0.279693603515625
-0.088470458984375 -0.208236694335938 -0.6385498046875 -0.10614013671875
0.0994110107421875 -0.195327758789062 -0.523345947265625 -0.33978271484375
0.1990966796875 -0.0521697998046875 -0.305419921875 -0.504119873046875
0.41888427734375 0.036041259765625 -0.184249877929688 0.269363403320312
0.340728759765625 -0.230377197265625 0.151947021484375 0.350494384765625
0.011627197265625 -0.447021484375 0.380706787109375 0.17138671875
-0.310577392578125 -0.2158203125 0.3551025390625 -0.013671875
-0.320220947265625 0.081329345703125 0.213577270507812 -0.13720703125
-0.135665893554688 0.274307250976563 0.0679855346679687 -0.0941696166992187
0.0059051513671875 0.258865356445313 0.0273609161376953 0.00780487060546877
0.00193786621093751 0.231399536132812 0.061431884765625 0.0934066772460938
0.0181732177734375 0.26300048828125 0.0784149169921875 0.24176025390625
-0.0677642822265625 0.258346557617188 -0.00790405273437502 0.390533447265625
-0.220367431640625 0.173980712890625 -0.216552734375 0.404693603515625
-0.2935791015625 -0.0245361328125 -0.465576171875 0.24822998046875
-0.09832763671875 -0.32354736328125 -0.5968017578125 -0.103759765625
0.195037841796875 -0.27947998046875 -0.485595703125 -0.33526611328125
0.32952880859375 -0.03558349609375 -0.242950439453125 -0.486175537109375
0.4703369140625 0.03143310546875 -0.106414794921875 0.30548095703125
0.34674072265625 -0.272735595703125 0.1575927734375 0.395751953125
-0.015625 -0.461334228515625 0.431396484375 0.24310302734375
-0.332489013671875 -0.19879150390625 0.471771240234375 -0.01397705078125
-0.322784423828125 0.103485107421875 0.293792724609375 -0.224761962890625
-0.131134033203125 0.29730224609375 0.0775604248046875 -0.212432861328125
0.00619506835937502 0.28173828125 -0.0147323608398437 -0.0942535400390625
0.00248718261718749 0.263916015625 0.0121555328369141 0.0231952667236328
0.01641845703125 0.311492919921875 0.0363006591796875 0.170272827148438
-0.0977783203125 0.3099365234375 -0.022796630859375 0.306915283203125
-0.28839111328125 0.191864013671875 -0.20123291015625 0.31494140625
-0.3558349609375 -0.07135009765625 -0.4136962890625 0.189453125
-0.071807861328125 -0.41265869140625 -0.52386474609375 -0.107025146484375
0.28179931640625 -0.310760498046875 -0.424835205078125 -0.326446533203125
0.41058349609375 -0.0042724609375 -0.14990234375 -0.451995849609375
0.45404052734375 0.018341064453125 -0.00393676757812494 0.35394287109375
0.304656982421875 -0.25909423828125 0.21832275390625 0.43634033203125
-0.028167724609375 -0.398712158203125 0.506439208984375 0.260650634765625
-0.288818359375 -0.153228759765625 0.561431884765625 -0.064422607421875
-0.26666259765625 0.102142333984375 0.337615966796875 -0.316925048828125
-0.105148315429687 0.269683837890625 0.0672607421875 -0.319488525390625
0.0036163330078125 0.258346557617188 -0.0613861083984375 -0.188034057617187
-0.000762939453125014 0.258285522460938 -0.0395088195800781 -0.050140380859375
0.00518798828124999 0.318389892578125 -0.008758544921875 0.0796737670898438
-0.129669189453125 0.312255859375 -0.0346527099609375 0.193252563476563
-0.3218994140625 0.162506103515625 -0.163986206054688 0.203048706054688
-0.3526611328125 -0.13116455078125 -0.32977294921875 0.130706787109375
-0.00238037109375002 -0.436187744140625 -0.44122314453125 -0.0875244140625
0.3363037109375 -0.2724609375 -0.36383056640625 -0.30584716796875
0.4217529296875 0.038330078125 -0.0406494140625 -0.40399169921875
0.3785400390625 0.0035400390625 0.108856201171875 0.40252685546875
0.237533569335938 -0.195114135742188 0.309539794921875 0.45098876953125
-0.017242431640625 -0.291168212890625 0.57177734375 0.223388671875
-0.202224731445313 -0.106689453125 0.60272216796875 -0.13665771484375
-0.182693481445313 0.0779266357421875 0.340728759765625 -0.389312744140625
-0.073211669921875 0.2030029296875 0.043792724609375 -0.39569091796875
-0.0043792724609375 0.19830322265625 -0.105087280273438 -0.25848388671875
-0.00677490234375002 0.2130126953125 -0.0870819091796875 -0.116188049316406
-0.01226806640625 0.274429321289063 -0.0464591979980469 -0.0146522521972656
-0.141494750976563 0.256027221679688 -0.0337982177734375 0.0706024169921875
-0.2913818359375 0.0951232910156251 -0.102035522460938 0.104515075683594
-0.269363403320313 -0.167922973632813 -0.234375 0.105361938476563
0.0758056640625 -0.36566162109375 -0.392242431640625 -0.04254150390625
0.326690673828125 -0.1729736328125 -0.33001708984375 -0.28631591796875
0.358062744140625 0.073699951171875 0.065155029296875 -0.347320556640625
0.253509521484375 -0.006805419921875 0.213836669921875 0.43817138671875
0.16168212890625 -0.100082397460937 0.397857666015625 0.43994140625
0.0109100341796875 -0.173507690429687 0.60675048828125 0.16717529296875
-0.103378295898437 -0.0696945190429688 0.60406494140625 -0.20440673828125
-0.0949478149414062 0.0374755859375 0.32208251953125 -0.43377685546875
-0.0440902709960938 0.115226745605469 0.01495361328125 -0.439483642578125
-0.0163116455078125 0.115303039550781 -0.140228271484375 -0.30218505859375
-0.0141983032226563 0.137374877929688 -0.122314453125 -0.165054321289063
-0.0279998779296875 0.183303833007813 -0.0700759887695312 -0.0931167602539063
-0.118026733398438 0.151702880859375 -0.0231761932373047 -0.0269851684570312
-0.189422607421875 0.024627685546875 -0.039642333984375 0.0477676391601562
-0.13568115234375 -0.140609741210938 -0.166519165039063 0.114715576171875
0.106735229492188 -0.214675903320313 -0.388885498046875 -0.00659179687500007
0.231796264648438 -0.0554656982421875 -0.31829833984375 -0.281524658203125
0.225845336914063 0.0829925537109375 0.15411376953125 -0.290069580078125
-0.0637283325195313 -0.0409088134765625 -0.212158203125 0.328826904296875
-0.0552749633789063 0.0129280090332031 0.317138671875 0.325408935546875
-0.073516845703125 0.00283050537109376 0.418121337890625 -0.05938720703125
-0.00756454467773438 0.0559272766113281 0.168731689453125 -0.162796020507813
0.0428237915039062 0.0226478576660156 0.019561767578125 -0.0406532287597656
0.0284843444824219 -0.0463485717773438 0.0298690795898437 0.0786972045898438
-0.0124855041503906 -0.039215087890625 0.0948486328125 0.151611328125
-0.0131130218505859 -0.0189094543457031 0.141189575195313 0.187026977539063
-0.00836181640625 -0.024200439453125 0.153076171875 0.31781005859375
8.4877014160156E-05 -0.0114459991455078 0.00650024414062501 0.467254638671875
0.0187664031982422 -0.000638961791992188 -0.230865478515625 0.501678466796875
-0.0019989013671875 0.0293121337890625 -0.515167236328125 0.298095703125
-0.035430908203125 0.040557861328125 -0.68084716796875 -0.13348388671875
-0.0915069580078125 0.0377731323242187 -0.531463623046875 -0.349639892578125
-0.137565612792969 -0.0467758178710938 -0.332916259765625 -0.489837646484375
0.139297485351563 -0.0135574340820312 -0.238128662109375 0.29534912109375
0.116714477539062 -0.0801544189453125 0.273529052734375 0.323455810546875
-0.033782958984375 -0.1903076171875 0.412628173828125 -0.02288818359375
-0.138702392578125 -0.0640411376953125 0.19287109375 -0.135986328125
-0.115959167480469 0.0506362915039063 0.0458106994628906 -0.0533638000488281
-0.0369186401367187 0.0942535400390625 0.0328712463378906 0.0686149597167969
0.00608062744140625 0.0872802734375 0.0915374755859375 0.145843505859375
0.000541687011718759 0.0803909301757812 0.140411376953125 0.17791748046875
0.00939178466796876 0.0841064453125 0.15264892578125 0.31060791015625
-0.016143798828125 0.0879364013671875 0.02618408203125 0.4658203125
-0.059295654296875 0.0690498352050781 -0.20587158203125 0.505279541015625
-0.102767944335938 0.0222091674804687 -0.499755859375 0.324859619140625
-0.0734176635742188 -0.0827255249023437 -0.68011474609375 -0.0831298828125001
-0.00440216064453125 -0.0869064331054688 -0.56427001953125 -0.32012939453125
0.0337104797363281 -0.0590744018554687 -0.3665771484375 -0.49993896484375
0.3135986328125 0.006500244140625 -0.221420288085937 0.27972412109375
0.257766723632813 -0.173507690429688 0.219635009765625 0.3203125
-0.011138916015625 -0.356689453125 0.393890380859375 0.050079345703125
-0.253265380859375 -0.15911865234375 0.2581787109375 -0.0831451416015625
-0.248153686523438 0.077484130859375 0.11566162109375 -0.0908203125
-0.0917510986328125 0.213653564453125 0.0477218627929687 0.00460433959960939
0.019195556640625 0.196426391601563 0.0687789916992188 0.0912704467773438
0.0129852294921875 0.169830322265625 0.114715576171875 0.142990112304688
0.027618408203125 0.185028076171875 0.13470458984375 0.28509521484375
-0.0299224853515625 0.184326171875 0.034027099609375 0.443695068359375
-0.133255004882813 0.138809204101562 -0.1932373046875 0.4837646484375
-0.204238891601563 0.015533447265625 -0.48046875 0.324127197265625
-0.1083984375 -0.205764770507813 -0.6632080078125 -0.0580444335937502
0.084747314453125 -0.205657958984375 -0.562286376953125 -0.30596923828125
0.19769287109375 -0.066162109375 -0.3514404296875 -0.497039794921875
0.430755615234375 0.01080322265625 -0.17022705078125 0.288818359375
0.3309326171875 -0.25848388671875 0.180694580078125 0.342376708984375
-0.0260009765625 -0.458770751953125 0.403045654296875 0.142364501953125
-0.33428955078125 -0.195892333984375 0.362579345703125 -0.04376220703125
-0.319061279296875 0.109893798828125 0.206832885742188 -0.1593017578125
-0.115753173828125 0.290863037109375 0.0633010864257812 -0.100944519042969
0.0273590087890625 0.265945434570313 0.0304584503173828 0.00430297851562502
0.02166748046875 0.236068725585937 0.0699920654296875 0.0879745483398438
0.0423126220703125 0.266204833984375 0.0986480712890625 0.239181518554688
-0.047149658203125 0.26849365234375 0.0240478515625 0.395355224609375
-0.208877563476562 0.196487426757813 -0.18768310546875 0.42913818359375
-0.29913330078125 -0.00170898437500006 -0.455169677734375 0.290283203125
-0.12835693359375 -0.32244873046875 -0.6180419921875 -0.0605468750000001
0.176025390625 -0.298980712890625 -0.523284912109375 -0.304473876953125
0.334625244140625 -0.05841064453125 -0.2880859375 -0.482269287109375
0.482391357421875 0.003509521484375 -0.08660888671875 0.319915771484375
0.334869384765625 -0.30157470703125 0.191619873046875 0.388885498046875
-0.054229736328125 -0.47149658203125 0.460601806640625 0.212249755859375
-0.3544921875 -0.177154541015625 0.48046875 -0.053955078125
-0.31976318359375 0.130950927734375 0.281982421875 -0.255401611328125
-0.10931396484375 0.313262939453125 0.064483642578125 -0.221603393554687
0.030059814453125 0.288787841796875 -0.0205230712890625 -0.0949325561523437
0.0239715576171875 0.268875122070313 0.0155258178710938 0.0214309692382813
0.04461669921875 0.316986083984375 0.0503692626953125 0.17034912109375
-0.0748291015625 0.323272705078125 0.00170898437500003 0.309844970703125
-0.27734375 0.221542358398437 -0.181427001953125 0.336944580078125
-0.367401123046875 -0.0443115234374999 -0.406707763671875 0.226165771484375
-0.1075439453125 -0.41632080078125 -0.54364013671875 -0.06903076171875
0.262481689453125 -0.3385009765625 -0.459228515625 -0.299468994140625
0.41943359375 -0.031951904296875 -0.191070556640625 -0.45379638671875
0.46417236328125 -0.008941650390625 0.021636962890625 0.363525390625
0.292083740234375 -0.283203125 0.257904052734375 0.426544189453125
-0.06195068359375 -0.40521240234375 0.54052734375 0.22369384765625
-0.304595947265625 -0.133636474609375 0.5684814453125 -0.112548828125
-0.262542724609375 0.125518798828125 0.31842041015625 -0.350921630859375
-0.0855712890625 0.282440185546875 0.04571533203125 -0.329315185546875
0.02459716796875 0.265579223632813 -0.075469970703125 -0.185394287109375
0.021087646484375 0.263275146484375 -0.0415878295898438 -0.0477676391601562
0.033935546875 0.324432373046875 -0.00235748291015625 0.0823822021484375
-0.10626220703125 0.3297119140625 -0.0204925537109375 0.19451904296875
-0.31475830078125 0.193817138671875 -0.152191162109375 0.219314575195313
-0.368988037109375 -0.10675048828125 -0.326171875 0.158294677734375
-0.038299560546875 -0.446533203125 -0.457550048828125 -0.0547485351562499
0.324462890625 -0.3040771484375 -0.3966064453125 -0.283294677734375
0.435791015625 0.011077880859375 -0.075042724609375 -0.41070556640625
0.3848876953125 -0.0185546875 0.1409912109375 0.405914306640625
0.228012084960938 -0.21405029296875 0.35162353515625 0.4356689453125
-0.041534423828125 -0.297027587890625 0.60186767578125 0.182861328125
-0.212890625 -0.0919036865234374 0.60693359375 -0.1883544921875
-0.1793212890625 0.093353271484375 0.316925048828125 -0.425689697265625
-0.0575408935546875 0.211318969726563 0.015350341796875 -0.40509033203125
0.010955810546875 0.204360961914062 -0.12506103515625 -0.253128051757813
0.011322021484375 0.21783447265625 -0.0938796997070313 -0.110252380371094
0.0125732421875 0.282257080078125 -0.0482635498046875 -0.0113754272460937
-0.123764038085937 0.273818969726563 -0.0295486450195313 0.0705184936523438
-0.28961181640625 0.1214599609375 -0.0964584350585938 0.113304138183594
-0.28826904296875 -0.15155029296875 -0.229629516601563 0.125381469726562
0.047943115234375 -0.38116455078125 -0.4024658203125 -0.0117492675781251
0.322601318359375 -0.2017822265625 -0.359466552734375 -0.265106201171875
0.373199462890625 0.050689697265625 0.0373840332031251 -0.36016845703125
0.255584716796875 -0.0211334228515625 0.250885009765625 0.435089111328125
0.157623291015625 -0.112106323242188 0.44207763671875 0.4168701171875
-0.00347900390624998 -0.178848266601562 0.6343994140625 0.1229248046875
-0.1097412109375 -0.0620803833007813 0.60272216796875 -0.2547607421875
-0.09320068359375 0.0451507568359375 0.294281005859375 -0.468170166015625
-0.0362091064453125 0.119331359863281 -0.016021728515625 -0.447265625
-0.0083160400390625 0.119918823242188 -0.163970947265625 -0.29376220703125
-0.00210571289062499 0.141754150390625 -0.134933471679688 -0.155380249023437
-0.010955810546875 0.190185546875 -0.0790252685546875 -0.08868408203125
-0.108932495117187 0.165771484375 -0.0260543823242188 -0.0303554534912109
-0.191482543945313 0.0404815673828125 -0.0377655029296875 0.0503273010253906
-0.149429321289063 -0.134124755859375 -0.158935546875 0.129379272460938
0.09259033203125 -0.228805541992187 -0.395416259765625 0.0270690917968751
0.233932495117187 -0.0740966796875 -0.346832275390625 -0.261566162109375
0.238204956054687 0.06890869140625 0.132965087890625 -0.30853271484375
-0.0695610046386719 -0.0353240966796875 -0.186065673828125 0.34222412109375
-0.0551681518554688 0.0185050964355469 0.342010498046875 0.294586181640625
-0.0758743286132813 0.0124893188476562 0.41064453125 -0.098358154296875
-0.00274276733398438 0.0566329956054687 0.153396606445312 -0.17730712890625
0.0450668334960937 0.0175628662109375 0.0160789489746094 -0.0413017272949219
0.0223464965820313 -0.0475921630859375 0.0377960205078125 0.0753326416015625
-0.0154953002929687 -0.0362014770507813 0.10760498046875 0.140655517578125
-0.0127191543579102 -0.0167703628540039 0.153457641601563 0.17083740234375
-0.00986671447753906 -0.0232810974121094 0.17547607421875 0.298095703125
-0.000875473022460937 -0.0115842819213867 0.043975830078125 0.459075927734375
0.0188446044921875 -0.00244522094726562 -0.185821533203125 0.517486572265625
0.000804901123046874 0.0294742584228516 -0.490478515625 0.337432861328125
-0.0342292785644531 0.0417594909667969 -0.6900634765625 -0.07489013671875
-0.0892105102539062 0.043670654296875 -0.55810546875 -0.304534912109375
-0.142318725585938 -0.0362701416015625 -0.369903564453125 -0.464996337890625
0.136711120605469 -0.0226821899414063 -0.215728759765625 0.312225341796875
0.109771728515625 -0.0872421264648438 0.299285888671875 0.29608154296875
-0.05267333984375 -0.185073852539063 0.409210205078125 -0.060546875
-0.143325805664063 -0.0524444580078125 0.17938232421875 -0.152984619140625
-0.110931396484375 0.0596694946289062 0.0401535034179687 -0.0572090148925781
-0.0296554565429687 0.0977249145507813 0.0395927429199219 0.0656204223632813
0.014495849609375 0.0887985229492188 0.104415893554688 0.134422302246094
0.009063720703125 0.0802078247070313 0.15301513671875 0.161209106445313
0.0172805786132812 0.0824050903320313 0.175445556640625 0.29132080078125
-0.00889587402343751 0.087921142578125 0.063812255859375 0.455108642578125
-0.0510025024414063 0.0729827880859375 -0.1619873046875 0.51641845703125
-0.0989608764648438 0.0304031372070312 -0.47039794921875 0.361663818359375
-0.082305908203125 -0.076507568359375 -0.6854248046875 -0.0274658203124999
-0.0127716064453125 -0.085601806640625 -0.5882568359375 -0.27294921875
0.0276947021484375 -0.0607719421386719 -0.40545654296875 -0.475006103515625
0.313446044921875 -0.015655517578125 -0.1998291015625 0.295135498046875
0.24365234375 -0.1910400390625 0.24383544921875 0.296142578125
-0.04315185546875 -0.353546142578125 0.396209716796875 0.0130615234375
-0.265457153320313 -0.138031005859375 0.249710083007812 -0.106170654296875
-0.240005493164063 0.097137451171875 0.107719421386719 -0.10101318359375
-0.0736846923828125 0.220718383789063 0.0510025024414063 0.00104141235351564
0.037078857421875 0.195602416992188 0.0782470703125 0.082733154296875
0.0288238525390625 0.1683349609375 0.124519348144531 0.128921508789063
0.0451202392578125 0.181640625 0.154586791992188 0.26934814453125
-0.013824462890625 0.184799194335938 0.07025146484375 0.433563232421875
-0.11907958984375 0.148910522460938 -0.149688720703125 0.495330810546875
-0.199676513671875 0.032745361328125 -0.45220947265625 0.36151123046875
-0.127655029296875 -0.194686889648438 -0.66754150390625 -0.00390625000000002
0.0665435791015625 -0.211013793945313 -0.58599853515625 -0.259033203125
0.192520141601563 -0.0789947509765625 -0.39013671875 -0.4716796875
0.430877685546875 -0.018218994140625 -0.147918701171875 0.300079345703125
0.311126708984375 -0.2806396484375 0.206390380859375 0.32147216796875
-0.066650390625 -0.45611572265625 0.413116455078125 0.10546875
-0.348846435546875 -0.16754150390625 0.3580322265625 -0.07470703125
-0.307952880859375 0.13519287109375 0.191665649414063 -0.177261352539063
-0.0908203125 0.299591064453125 0.0572662353515625 -0.104736328125
0.0513153076171875 0.263778686523438 0.0320682525634766 -7.24792480468588E-05
0.042266845703125 0.233245849609375 0.0767669677734375 0.0784225463867188
0.066986083984375 0.261138916015625 0.116317749023438 0.227569580078125
-0.02398681640625 0.269638061523438 0.055938720703125 0.3861083984375
-0.188186645507812 0.213272094726563 -0.150390625 0.441497802734375
-0.295623779296875 0.0218505859375 -0.430450439453125 0.324859619140625
-0.156463623046875 -0.31060791015625 -0.6224365234375 -0.0112304687500001
0.150238037109375 -0.31085205078125 -0.54559326171875 -0.259979248046875
0.32916259765625 -0.080963134765625 -0.326568603515625 -0.46063232421875
0.481658935546875 -0.029144287109375 -0.062347412109375 0.32647705078125
0.31158447265625 -0.32269287109375 0.220703125 0.367034912109375
-0.09625244140625 -0.46514892578125 0.47564697265625 0.170196533203125
-0.36700439453125 -0.1470947265625 0.47686767578125 -0.093597412109375
-0.305938720703125 0.15631103515625 0.259109497070313 -0.278762817382812
-0.082611083984375 0.32110595703125 0.0483856201171875 -0.225067138671875
0.055267333984375 0.286407470703125 -0.0260696411132813 -0.0935287475585937
0.0474700927734375 0.26568603515625 0.0185623168945313 0.017913818359375
0.074371337890625 0.3109130859375 0.0639801025390625 0.164505004882813
-0.045928955078125 0.32794189453125 0.0272216796875 0.3033447265625
-0.255081176757813 0.243484497070313 -0.15130615234375 0.3489990234375
-0.368408203125 -0.0142211914062499 -0.386688232421875 0.257537841796875
-0.143157958984375 -0.40625 -0.5469970703125 -0.0248718261718751
0.2344970703125 -0.35699462890625 -0.48138427734375 -0.260955810546875
0.417816162109375 -0.06036376953125 -0.2274169921875 -0.437744140625
0.46160888671875 -0.038818359375 0.0487060546875 0.362579345703125
0.270263671875 -0.3016357421875 0.2890625 0.400146484375
-0.097198486328125 -0.3984375 0.555206298828125 0.176239013671875
-0.31268310546875 -0.107879638671875 0.558380126953125 -0.158721923828125
-0.249542236328125 0.145782470703125 0.287261962890625 -0.377227783203125
-0.06060791015625 0.286590576171875 0.021575927734375 -0.3309326171875
0.0473175048828125 0.26300048828125 -0.0878448486328125 -0.1778564453125
0.04278564453125 0.2591552734375 -0.0426597595214844 -0.0449295043945312
0.06463623046875 0.319366455078125 0.00450134277343751 0.0818328857421875
-0.077789306640625 0.337371826171875 -0.00523376464843749 0.190597534179688
-0.29583740234375 0.2200927734375 -0.133193969726563 0.229446411132813
-0.376617431640625 -0.0772705078124999 -0.31121826171875 0.1829833984375
-0.075958251953125 -0.442169189453125 -0.45867919921875 -0.01763916015625
0.299163818359375 -0.328155517578125 -0.417266845703125 -0.2481689453125
0.438018798828125 -0.019805908203125 -0.10986328125 -0.403076171875
0.38177490234375 -0.04290771484375 0.17156982421875 0.39593505859375
0.21197509765625 -0.228347778320313 0.385406494140625 0.39996337890625
-0.066009521484375 -0.292083740234375 0.6153564453125 0.130859375
-0.217330932617187 -0.0742340087890625 0.5859375 -0.23748779296875
-0.1688232421875 0.105865478515625 0.27801513671875 -0.4495849609375
-0.0397796630859375 0.213668823242187 -0.01422119140625 -0.4031982421875
0.0281219482421875 0.203582763671875 -0.1422119140625 -0.240402221679688
0.0302581787109375 0.215682983398438 -0.0987472534179688 -0.101104736328125
0.0398101806640625 0.279739379882813 -0.0483589172363281 -0.00679016113281248
-0.09979248046875 0.28302001953125 -0.0254364013671875 0.0681533813476563
-0.278060913085937 0.145538330078125 -0.0871734619140625 0.118255615234375
-0.298583984375 -0.128875732421875 -0.217544555664063 0.141555786132813
0.015869140625 -0.384246826171875 -0.399566650390625 0.0228271484374999
0.3072509765625 -0.22613525390625 -0.380035400390625 -0.232940673828125
0.379119873046875 0.024810791015625 0.00598144531250002 -0.36083984375
0.250885009765625 -0.03656005859375 0.28485107421875 0.417449951171875
0.149948120117188 -0.122833251953125 0.474090576171875 0.3756103515625
-0.0185546875 -0.17730712890625 0.64111328125 0.06866455078125
-0.112464904785156 -0.0522613525390625 0.5770263671875 -0.303955078125
-0.087799072265625 0.0513076782226563 0.251708984375 -0.48870849609375
-0.0258712768554688 0.121658325195313 -0.049346923828125 -0.44097900390625
0.00154113769531249 0.121383666992188 -0.1844482421875 -0.276092529296875
0.0108566284179688 0.140228271484375 -0.142745971679688 -0.141708374023437
0.0086212158203125 0.190536499023438 -0.0858230590820313 -0.081451416015625
-0.0947265625 0.174942016601563 -0.0307788848876953 -0.0315570831298828
-0.187759399414063 0.055023193359375 -0.0335540771484375 0.0507926940917969
-0.15948486328125 -0.123931884765625 -0.145767211914063 0.139633178710938
0.0734405517578125 -0.23565673828125 -0.390472412109375 0.0610656738281251
0.22882080078125 -0.09161376953125 -0.368133544921875 -0.23138427734375
0.24371337890625 0.0517730712890625 0.105072021484375 -0.31707763671875
-0.0726089477539063 -0.02960205078125 -0.162445068359375 0.345184326171875
-0.0535163879394531 0.0225791931152344 0.352691650390625 0.263641357421875
-0.0761032104492188 0.0215606689453125 0.394683837890625 -0.124664306640625
0.00135803222656249 0.05609130859375 0.138259887695313 -0.183639526367188
0.0462913513183594 0.0135726928710937 0.0133247375488281 -0.0409126281738281
0.0182151794433594 -0.0467338562011719 0.0433578491210937 0.069366455078125
-0.0162773132324219 -0.0317497253417969 0.114112854003906 0.127372741699219
-0.0122003555297852 -0.0155868530273437 0.157485961914063 0.153228759765625
-0.0113887786865234 -0.0210742950439453 0.186203002929688 0.27490234375
-0.00169563293457031 -0.010930061340332 0.071075439453125 0.439544677734375
0.0185394287109375 -0.00485420227050781 -0.145111083984375 0.513427734375
0.00256919860839844 0.0279312133789063 -0.45855712890625 0.36138916015625
-0.0335731506347656 0.0435218811035156 -0.67950439453125 -0.0313720703125001
-0.085601806640625 0.0479354858398437 -0.562255859375 -0.262969970703125
-0.142044067382813 -0.0277099609375 -0.38916015625 -0.4365234375
0.132537841796875 -0.0287399291992188 -0.193267822265625 0.316741943359375
0.103141784667969 -0.0905532836914063 0.309326171875 0.26702880859375
-0.064910888671875 -0.174545288085938 0.395599365234375 -0.088775634765625
-0.142501831054687 -0.0418853759765625 0.165939331054688 -0.161636352539063
-0.10418701171875 0.0650405883789063 0.0347747802734375 -0.0590591430664062
-0.022674560546875 0.0987091064453125 0.04510498046875 0.0603675842285156
0.0207748413085937 0.0873489379882813 0.111259460449219 0.121345520019531
0.0157546997070312 0.0764007568359375 0.155075073242188 0.143890380859375
0.024169921875 0.0796966552734375 0.185775756835937 0.268768310546875
-0.00294494628906251 0.085693359375 0.09051513671875 0.434967041015625
-0.0431747436523438 0.0738449096679688 -0.12286376953125 0.51226806640625
-0.0938873291015625 0.0352935791015625 -0.437713623046875 0.381134033203125
-0.0878219604492187 -0.0685348510742188 -0.67205810546875 0.0151977539062499
-0.0188674926757813 -0.082794189453125 -0.592529296875 -0.2320556640625
0.0233993530273437 -0.0605316162109375 -0.4248046875 -0.442169189453125
0.3070068359375 -0.0302734375 -0.17950439453125 0.299896240234375
0.229583740234375 -0.199554443359375 0.255294799804688 0.26947021484375
-0.066192626953125 -0.34197998046875 0.386138916015625 -0.015655517578125
-0.267425537109375 -0.117645263671875 0.236434936523438 -0.121002197265625
-0.227920532226563 0.10955810546875 0.0981674194335937 -0.10675048828125
-0.0571441650390625 0.22119140625 0.0521469116210937 -0.00270843505859374
0.0503997802734375 0.189971923828125 0.0818328857421875 0.0728530883789063
0.039642333984375 0.16082763671875 0.126869201660156 0.113868713378906
0.058074951171875 0.1729736328125 0.166259765625 0.248733520507813
-0.00160217285156248 0.179702758789063 0.0941162109375 0.414459228515625
-0.10400390625 0.1513671875 -0.113189697265625 0.492645263671875
-0.191268920898438 0.042938232421875 -0.4200439453125 0.37933349609375
-0.13922119140625 -0.181503295898437 -0.6534423828125 0.0372314453125
0.0508270263671875 -0.207855224609375 -0.58685302734375 -0.21844482421875
0.183486938476563 -0.086639404296875 -0.410247802734375 -0.442596435546875
0.423004150390625 -0.040313720703125 -0.12713623046875 0.30316162109375
0.289703369140625 -0.290924072265625 0.219940185546875 0.296173095703125
-0.096466064453125 -0.440582275390625 0.407470703125 0.07208251953125
-0.351043701171875 -0.14080810546875 0.344757080078125 -0.0970458984375
-0.2923583984375 0.1500244140625 0.175750732421875 -0.186386108398438
-0.069427490234375 0.298187255859375 0.0525741577148437 -0.106491088867187
0.06854248046875 0.255203247070312 0.0322628021240235 -0.00484848022460936
0.0565338134765625 0.223358154296875 0.0784759521484375 0.0683746337890625
0.0846099853515625 0.248733520507812 0.1273193359375 0.21270751953125
-0.00509643554687499 0.26385498046875 0.077728271484375 0.36834716796875
-0.167083740234375 0.219100952148438 -0.1171875 0.439788818359375
-0.286102294921875 0.038726806640625 -0.401397705078125 0.3438720703125
-0.174407958984375 -0.292510986328125 -0.60833740234375 0.0262451171875001
0.127655029296875 -0.310302734375 -0.54962158203125 -0.220550537109375
0.31964111328125 -0.09613037109375 -0.348663330078125 -0.432342529296875
0.471435546875 -0.0523681640625 -0.0423583984375 0.324432373046875
0.28765869140625 -0.331756591796875 0.23590087890625 0.340240478515625
-0.125213623046875 -0.44842529296875 0.474029541015625 0.134429931640625
-0.365936279296875 -0.12005615234375 0.45941162109375 -0.12353515625
-0.287750244140625 0.17095947265625 0.2347412109375 -0.28948974609375
-0.05828857421875 0.317962646484375 0.036529541015625 -0.2230224609375
0.0734100341796875 0.2762451171875 -0.030181884765625 -0.0911865234375
0.0635223388671875 0.255020141601563 0.0191822052001953 0.0135879516601563
0.095458984375 0.297149658203125 0.07342529296875 0.1552734375
-0.02294921875 0.32275390625 0.043792724609375 0.29022216796875
-0.230865478515625 0.254318237304688 -0.125396728515625 0.34912109375
-0.3594970703125 0.00680541992187493 -0.36297607421875 0.27294921875
-0.167755126953125 -0.38720703125 -0.5364990234375 0.0104064941406249
0.20758056640625 -0.362640380859375 -0.487701416015625 -0.2261962890625
0.408721923828125 -0.081268310546875 -0.250579833984375 -0.415924072265625
0.451904296875 -0.060211181640625 0.06982421875 0.35418701171875
0.248504638671875 -0.308624267578125 0.305328369140625 0.36981201171875
-0.121917724609375 -0.382110595703125 0.552490234375 0.13531494140625
-0.310272216796875 -0.0856323242187501 0.53564453125 -0.191741943359375
-0.232376098632813 0.155548095703125 0.254364013671875 -0.387451171875
-0.04022216796875 0.28277587890625 0.00283813476562501 -0.32440185546875
0.064300537109375 0.254119873046875 -0.0946502685546875 -0.168807983398437
0.059173583984375 0.249267578125 -0.0427207946777344 -0.04364013671875
0.08746337890625 0.305877685546875 0.0106582641601562 0.0796356201171875
-0.052581787109375 0.334808349609375 0.00480651855468748 0.18267822265625
-0.2735595703125 0.234222412109375 -0.1158447265625 0.229766845703125
-0.37298583984375 -0.05377197265625 -0.29315185546875 0.19598388671875
-0.103759765625 -0.429840087890625 -0.44964599609375 0.01141357421875
0.273223876953125 -0.338134765625 -0.4237060546875 -0.2161865234375
0.431304931640625 -0.041534423828125 -0.134185791015625 -0.387786865234375
0.371551513671875 -0.059814453125 0.191375732421875 0.380462646484375
0.195953369140625 -0.233627319335937 0.39825439453125 0.3642578125
-0.0849151611328125 -0.280303955078125 0.607666015625 0.08984375
-0.21478271484375 -0.058563232421875 0.558258056640625 -0.27117919921875
-0.156341552734375 0.111846923828125 0.242218017578125 -0.457305908203125
-0.0247650146484375 0.209518432617188 -0.03631591796875 -0.39166259765625
0.0408477783203125 0.198379516601563 -0.151718139648438 -0.225189208984375
0.0434417724609375 0.206680297851563 -0.0996932983398438 -0.0936508178710937
0.05987548828125 0.268707275390625 -0.0474586486816406 -0.00299835205078123
-0.078704833984375 0.284454345703125 -0.02313232421875 0.0647010803222656
-0.261093139648438 0.159591674804687 -0.07806396484375 0.117965698242188
-0.30023193359375 -0.10980224609375 -0.2030029296875 0.148895263671875
-0.00900268554687501 -0.378631591796875 -0.3880615234375 0.0467529296875
0.288116455078125 -0.240020751953125 -0.38714599609375 -0.202178955078125
0.375457763671875 0.004180908203125 -0.0177001953125 -0.35247802734375
0.243728637695313 -0.0467071533203125 0.3031005859375 0.394744873046875
0.141067504882813 -0.128189086914063 0.483856201171875 0.3338623046875
-0.0308990478515625 -0.171768188476563 0.62969970703125 0.02789306640625
-0.110527038574219 -0.044158935546875 0.54473876953125 -0.3343505859375
-0.0809783935546875 0.05377197265625 0.216064453125 -0.4921875
-0.0180282592773437 0.118728637695313 -0.0738525390625 -0.425445556640625
0.0092620849609375 0.119743347167969 -0.194564819335938 -0.256851196289063
0.0198135375976563 0.135223388671875 -0.1436767578125 -0.129104614257812
0.0233154296875 0.185012817382813 -0.0883941650390625 -0.07293701171875
-0.0807342529296875 0.179229736328125 -0.0342769622802735 -0.031534194946289
-0.180191040039063 0.0648651123046875 -0.0298423767089844 0.0484046936035156
-0.164108276367187 -0.113235473632813 -0.132308959960937 0.143356323242188
0.0564727783203125 -0.235137939453125 -0.375946044921875 0.0847778320312499
0.219223022460937 -0.103302001953125 -0.375396728515625 -0.201873779296875
0.244003295898438 0.03802490234375 0.081390380859375 -0.31512451171875
-0.0739212036132813 -0.0252914428710938 -0.14697265625 0.34222412109375
-0.0520248413085938 0.0250282287597656 0.354827880859375 0.24102783203125
-0.0743789672851563 0.0284881591796875 0.381500244140625 -0.140228271484375
0.00522613525390625 0.0551681518554688 0.126800537109375 -0.18621826171875
0.0469245910644531 0.0104255676269531 0.0113716125488281 -0.0404777526855469
0.0157356262207031 -0.0446586608886719 0.0467567443847656 0.0640449523925781
-0.015777587890625 -0.0288448333740234 0.116645812988281 0.11651611328125
-0.0107316970825195 -0.0157155990600586 0.1553955078125 0.140182495117187
-0.0107784271240234 -0.0199127197265625 0.187957763671875 0.256546020507813
-0.00282478332519531 -0.0097188949584961 0.084259033203125 0.42236328125
0.0178375244140625 -0.00578117370605469 -0.121124267578125 0.50537109375
0.00301742553710938 0.0273170471191406 -0.435791015625 0.369720458984375
-0.0340538024902344 0.0438117980957031 -0.6673583984375 -0.00433349609375008
-0.0825347900390625 0.04974365234375 -0.559417724609375 -0.239532470703125
-0.140205383300781 -0.0226898193359375 -0.396087646484375 -0.417724609375
0.129547119140625 -0.0306854248046875 -0.179351806640625 0.3157958984375
0.09869384765625 -0.0912246704101562 0.31109619140625 0.246124267578125
-0.07232666015625 -0.165054321289063 0.382781982421875 -0.10601806640625
-0.140853881835938 -0.0351715087890625 0.154861450195313 -0.166046142578125
-0.0985488891601562 0.0662612915039063 0.0317039489746094 -0.0596694946289063
-0.0175018310546875 0.0989837646484375 0.0485877990722656 0.0557441711425781
0.0265579223632813 0.0853652954101563 0.113853454589844 0.110160827636719
0.0189056396484375 0.0735397338867188 0.153945922851563 0.130599975585938
0.0275421142578125 0.076812744140625 0.187911987304688 0.252090454101563
0.000556945800781249 0.0841445922851562 0.10260009765625 0.41741943359375
-0.0377731323242187 0.072479248046875 -0.0987548828125 0.5013427734375
-0.0892105102539063 0.0371932983398438 -0.414642333984375 0.388458251953125
-0.0906524658203125 -0.0634841918945312 -0.65936279296875 0.0400390625000001
-0.0227737426757813 -0.0790176391601563 -0.58587646484375 -0.20745849609375
0.0204582214355469 -0.0589103698730469 -0.432281494140625 -0.42425537109375
0.302459716796875 -0.038116455078125 -0.165863037109375 0.300018310546875
0.219985961914063 -0.20208740234375 0.257965087890625 0.249786376953125
-0.0797119140625 -0.33013916015625 0.376220703125 -0.033538818359375
-0.265869140625 -0.105224609375 0.2264404296875 -0.128799438476563
-0.21832275390625 0.114837646484375 0.09100341796875 -0.109016418457031
-0.0458984375 0.218963623046875 0.0536651611328125 -0.00646591186523436
0.05938720703125 0.184555053710938 0.0831146240234375 0.0639114379882813
0.0459136962890625 0.155014038085938 0.125480651855469 0.102737426757813
0.065216064453125 0.165679931640625 0.169204711914063 0.235137939453125
0.0060882568359375 0.175506591796875 0.1060791015625 0.396453857421875
-0.09326171875 0.150527954101563 -0.089752197265625 0.480712890625
-0.183349609375 0.048492431640625 -0.39849853515625 0.384674072265625
-0.145919799804687 -0.171157836914063 -0.6387939453125 0.0588378906249999
0.0418243408203125 -0.202972412109375 -0.584228515625 -0.193115234375
0.177993774414063 -0.0888671875 -0.419189453125 -0.4219970703125
0.415985107421875 -0.050506591796875 -0.1148681640625 0.301849365234375
0.27667236328125 -0.29302978515625 0.22308349609375 0.277923583984375
-0.112457275390625 -0.426727294921875 0.400146484375 0.054168701171875
-0.348114013671875 -0.1258544921875 0.334014892578125 -0.1097412109375
-0.279159545898438 0.156158447265625 0.164505004882812 -0.190582275390625
-0.053375244140625 0.29443359375 0.0504989624023438 -0.107650756835937
0.08013916015625 0.24737548828125 0.0317039489746094 -0.00938224792480467
0.0638427734375 0.214935302734375 0.0777664184570313 0.0610504150390625
0.0945587158203125 0.237655639648437 0.1317138671875 0.200759887695313
0.00631713867187501 0.257080078125 0.08880615234375 0.35333251953125
-0.151824951171875 0.218994140625 -0.097930908203125 0.431976318359375
-0.277130126953125 0.04840087890625 -0.3814697265625 0.34893798828125
-0.183990478515625 -0.278671264648438 -0.59619140625 0.0484008789062499
0.112945556640625 -0.3060302734375 -0.54705810546875 -0.1959228515625
0.312042236328125 -0.103179931640625 -0.357879638671875 -0.415679931640625
0.463165283203125 -0.063507080078125 -0.03076171875 0.32073974609375
0.273529052734375 -0.33270263671875 0.2396240234375 0.3206787109375
-0.140655517578125 -0.433013916015625 0.467041015625 0.1119384765625
-0.361724853515625 -0.10400390625 0.445037841796875 -0.138153076171875
-0.273773193359375 0.17559814453125 0.21771240234375 -0.29376220703125
-0.042999267578125 0.312408447265625 0.030120849609375 -0.221099853515625
0.0846099853515625 0.267807006835938 -0.0326156616210938 -0.0908279418945313
0.0713043212890625 0.245376586914062 0.0188236236572266 0.00983238220214845
0.10772705078125 0.283966064453125 0.0771331787109375 0.148300170898438
-0.00802612304687498 0.31610107421875 0.0523223876953125 0.27850341796875
-0.212997436523438 0.255966186523438 -0.109161376953125 0.343231201171875
-0.35162353515625 0.019500732421875 -0.34625244140625 0.278778076171875
-0.180145263671875 -0.37335205078125 -0.5247802734375 0.027923583984375
0.19091796875 -0.3599853515625 -0.485260009765625 -0.202880859375
0.4010009765625 -0.090301513671875 -0.26190185546875 -0.400726318359375
0.44244384765625 -0.0703125 0.0805053710937501 0.346466064453125
0.234649658203125 -0.309295654296875 0.30804443359375 0.3482666015625
-0.135284423828125 -0.368255615234375 0.5433349609375 0.111053466796875
-0.304901123046875 -0.072357177734375 0.516815185546875 -0.209136962890625
-0.220016479492188 0.15924072265625 0.2342529296875 -0.39111328125
-0.0273284912109375 0.276657104492187 -0.00640869140625001 -0.317840576171875
0.0738067626953125 0.246673583984375 -0.097991943359375 -0.16259765625
0.066375732421875 0.239822387695313 -0.0422592163085938 -0.0426521301269531
0.099884033203125 0.293182373046875 0.01434326171875 0.076568603515625
-0.037017822265625 0.32958984375 0.00907897949218749 0.175872802734375
-0.256744384765625 0.238937377929687 -0.104873657226562 0.22662353515625
-0.367523193359375 -0.0404052734375 -0.28057861328125 0.19989013671875
-0.118255615234375 -0.4171142578125 -0.43890380859375 0.0272827148437499
0.257049560546875 -0.339447021484375 -0.42401123046875 -0.19439697265625
0.425201416015625 -0.053070068359375 -0.145904541015625 -0.375396728515625
0.36297607421875 -0.067291259765625 0.2012939453125 0.369903564453125
0.186416625976562 -0.234222412109375 0.399932861328125 0.341339111328125
-0.0954437255859375 -0.269485473632812 0.59765625 0.065185546875
-0.209823608398437 -0.0500640869140625 0.536468505859375 -0.2874755859375
-0.14727783203125 0.1129150390625 0.219146728515625 -0.45794677734375
-0.0156707763671875 0.205398559570312 -0.0479736328125 -0.382110595703125
0.0490264892578125 0.193222045898438 -0.155136108398438 -0.214859008789062
0.049896240234375 0.19976806640625 -0.0981826782226563 -0.089141845703125
0.0716400146484375 0.257965087890625 -0.045166015625 -0.00130462646484374
-0.06439208984375 0.28173828125 -0.0228042602539063 0.0618324279785156
-0.249221801757812 0.165390014648438 -0.072296142578125 0.115440368652344
-0.299713134765625 -0.09814453125 -0.1937255859375 0.150588989257813
-0.023101806640625 -0.371368408203125 -0.37652587890625 0.0600891113281251
0.276077270507813 -0.244979858398438 -0.387969970703125 -0.183685302734375
0.3714599609375 -0.00592041015625 -0.031585693359375 -0.343841552734375
0.23748779296875 -0.0507049560546875 0.31219482421875 0.380218505859375
0.13568115234375 -0.129318237304688 0.482818603515625 0.307861328125
-0.0374908447265625 -0.166275024414063 0.6163330078125 0.00341796874999999
-0.108108520507813 -0.0396957397460937 0.520904541015625 -0.3477783203125
-0.0762863159179687 0.0532379150390625 0.192169189453125 -0.489410400390625
-0.0127792358398438 0.116180419921875 -0.08544921875 -0.41363525390625
0.0143280029296875 0.118377685546875 -0.19732666015625 -0.243362426757813
0.0244903564453125 0.130584716796875 -0.141387939453125 -0.120880126953125
0.0321807861328125 0.177963256835938 -0.0875320434570313 -0.0675888061523437
-0.0711517333984375 0.178695678710938 -0.0377960205078125 -0.0314064025878906
-0.173919677734375 0.0698089599609375 -0.0281143188476563 0.0450019836425781
-0.165908813476563 -0.10693359375 -0.123931884765625 0.142730712890625
0.0473175048828125 -0.233016967773438 -0.36370849609375 0.0987548828125
0.213241577148438 -0.109130859375 -0.3773193359375 -0.182098388671875
0.241867065429688 0.0304107666015625 0.0672607421875 -0.30963134765625
-0.075469970703125 -0.0235366821289062 -0.1412353515625 0.3428955078125
-0.0511283874511719 0.0271682739257813 0.3592529296875 0.2301025390625
-0.073394775390625 0.0347671508789062 0.3782958984375 -0.15185546875
0.00810241699218751 0.0545692443847656 0.121566772460938 -0.18951416015625
0.0472450256347656 0.00735855102539063 0.0107955932617188 -0.0404853820800781
0.0153312683105469 -0.0441169738769531 0.0496559143066406 0.06048583984375
-0.0138053894042969 -0.0275096893310547 0.118171691894531 0.109626770019531
-0.0101518630981445 -0.0164699554443359 0.154022216796875 0.133316040039063
-0.0099639892578125 -0.0194797515869141 0.187957763671875 0.247909545898438
-0.002593994140625 -0.00885200500488281 0.092071533203125 0.41546630859375
0.0174674987792969 -0.00777339935302735 -0.10845947265625 0.50244140625
0.00329399108886719 0.027099609375 -0.429443359375 0.3775634765625
-0.0364341735839844 0.0457534790039063 -0.67120361328125 0.0107421874999999
-0.0819854736328125 0.0523300170898438 -0.56402587890625 -0.2283935546875
-0.14178466796875 -0.0207672119140625 -0.40679931640625 -0.416229248046875
0.130142211914063 -0.032562255859375 -0.174224853515625 0.318695068359375
0.0990447998046875 -0.0923080444335938 0.315338134765625 0.23577880859375
-0.0753631591796875 -0.160385131835937 0.37982177734375 -0.11767578125
-0.140487670898438 -0.0335159301757812 0.149917602539063 -0.171798706054688
-0.0975799560546875 0.0660629272460937 0.0305557250976562 -0.0603408813476562
-0.0136642456054688 0.0996627807617188 0.0524864196777344 0.0518455505371094
0.0310897827148437 0.0853424072265625 0.114364624023437 0.103271484375
0.0216903686523437 0.071563720703125 0.151336669921875 0.124130249023438
0.0306243896484375 0.0744781494140625 0.188430786132812 0.244415283203125
0.00328063964843751 0.0844879150390625 0.110076904296875 0.410186767578125
-0.034759521484375 0.0707855224609375 -0.08709716796875 0.499359130859375
-0.088165283203125 0.039398193359375 -0.4093017578125 0.397125244140625
-0.0953826904296875 -0.0585098266601563 -0.66009521484375 0.0555419921875001
-0.0244369506835938 -0.0765533447265625 -0.59063720703125 -0.19525146484375
0.0187644958496094 -0.0587806701660156 -0.44219970703125 -0.420562744140625
0.30413818359375 -0.041961669921875 -0.160736083984375 0.302337646484375
0.219253540039063 -0.205032348632813 0.259689331054687 0.239669799804687
-0.088226318359375 -0.32586669921875 0.37493896484375 -0.045135498046875
-0.26666259765625 -0.100784301757812 0.222900390625 -0.135391235351563
-0.215774536132813 0.11700439453125 0.087646484375 -0.111915588378906
-0.0387115478515625 0.220260620117188 0.0563087463378906 -0.0102195739746094
0.066864013671875 0.18255615234375 0.0826644897460938 0.0582733154296875
0.049774169921875 0.152755737304688 0.123283386230469 0.0970382690429688
0.070587158203125 0.160934448242188 0.171371459960937 0.228424072265625
0.0107269287109375 0.174545288085938 0.11346435546875 0.390106201171875
-0.0876617431640625 0.149826049804687 -0.0780029296875 0.4794921875
-0.181228637695313 0.0515899658203125 -0.39227294921875 0.394134521484375
-0.15179443359375 -0.164810180664062 -0.64068603515625 0.072021484375
0.036895751953125 -0.201339721679688 -0.58782958984375 -0.18048095703125
0.177108764648438 -0.09112548828125 -0.429718017578125 -0.41998291015625
0.41937255859375 -0.05615234375 -0.1087646484375 0.30340576171875
0.274993896484375 -0.297210693359375 0.224609375 0.269363403320313
-0.12261962890625 -0.42254638671875 0.399322509765625 0.042236328125
-0.350494384765625 -0.1195068359375 0.33154296875 -0.1180419921875
-0.275238037109375 0.16015625 0.1591796875 -0.19573974609375
-0.04449462890625 0.2945556640625 0.0500946044921875 -0.111534118652344
0.0879974365234375 0.244125366210937 0.0299777984619141 -0.0127639770507812
0.068328857421875 0.2127685546875 0.0753021240234375 0.0558013916015625
0.102035522460937 0.23193359375 0.1346435546875 0.195724487304688
0.0145721435546875 0.255889892578125 0.0941162109375 0.348175048828125
-0.14453125 0.219772338867188 -0.08837890625 0.430450439453125
-0.275299072265625 0.0532989501953125 -0.375701904296875 0.3570556640625
-0.192474365234375 -0.2728271484375 -0.5965576171875 0.06085205078125
0.107421875 -0.30694580078125 -0.550994873046875 -0.18463134765625
0.3118896484375 -0.10601806640625 -0.36932373046875 -0.412841796875
0.46697998046875 -0.0675048828125 -0.022857666015625 0.32305908203125
0.26971435546875 -0.33636474609375 0.24169921875 0.31329345703125
-0.15130615234375 -0.427093505859375 0.468841552734375 0.10015869140625
-0.362579345703125 -0.0975952148437499 0.441314697265625 -0.150604248046875
-0.269271850585938 0.178176879882813 0.20941162109375 -0.299560546875
-0.0345458984375 0.31085205078125 0.0278167724609375 -0.223800659179687
0.09271240234375 0.264862060546875 -0.0352783203125 -0.092041015625
0.076416015625 0.242401123046875 0.0176315307617188 0.00693511962890626
0.115966796875 0.277297973632813 0.0801544189453125 0.145034790039063
0.00170898437500002 0.314697265625 0.056884765625 0.27484130859375
-0.205276489257813 0.259735107421875 -0.102569580078125 0.3433837890625
-0.35003662109375 0.0259399414062499 -0.34332275390625 0.28497314453125
-0.191070556640625 -0.369140625 -0.526031494140625 0.03814697265625
0.18487548828125 -0.3626708984375 -0.49041748046875 -0.191864013671875
0.40283203125 -0.096343994140625 -0.272186279296875 -0.398681640625
0.444000244140625 -0.07537841796875 0.088470458984375 0.348480224609375
0.232940673828125 -0.312042236328125 0.31121826171875 0.34002685546875
-0.14398193359375 -0.36187744140625 0.5460205078125 0.099029541015625
-0.3038330078125 -0.06634521484375 0.51104736328125 -0.2222900390625
-0.21563720703125 0.159698486328125 0.224090576171875 -0.39617919921875
-0.0190887451171875 0.27496337890625 -0.011199951171875 -0.3192138671875
0.0818328857421875 0.244171142578125 -0.101028442382813 -0.160995483398437
0.0709991455078125 0.237442016601563 -0.0427474975585937 -0.0430259704589844
0.108062744140625 0.28741455078125 0.0164794921875 0.0753021240234375
-0.027069091796875 0.330322265625 0.01104736328125 0.173721313476563
-0.249618530273438 0.24310302734375 -0.101669311523438 0.22589111328125
-0.368865966796875 -0.0338134765625 -0.2784423828125 0.203384399414062
-0.129302978515625 -0.4156494140625 -0.438140869140625 0.035064697265625
0.252838134765625 -0.34478759765625 -0.42913818359375 -0.183929443359375
0.4293212890625 -0.05804443359375 -0.15557861328125 -0.374359130859375
0.3641357421875 -0.071014404296875 0.209075927734375 0.3699951171875
0.183792114257813 -0.236572265625 0.40252685546875 0.33203125
-0.101791381835938 -0.264312744140625 0.59912109375 0.05230712890625
-0.20849609375 -0.04644775390625 0.53045654296875 -0.3001708984375
-0.143600463867188 0.11260986328125 0.2083740234375 -0.46063232421875
-0.00918579101562501 0.203216552734375 -0.0538330078125 -0.38153076171875
0.0548248291015625 0.1915283203125 -0.1578369140625 -0.210525512695313
0.0531768798828125 0.197921752929687 -0.09814453125 -0.0878753662109375
0.079345703125 0.253204345703125 -0.0439491271972656 -0.000682830810546853
-0.05560302734375 0.283538818359375 -0.0232276916503906 0.0610275268554688
-0.2449951171875 0.170700073242188 -0.0718154907226563 0.113502502441406
-0.303253173828125 -0.092987060546875 -0.191131591796875 0.152679443359375
-0.03155517578125 -0.37158203125 -0.3753662109375 0.0686950683593749
0.273345947265625 -0.250030517578125 -0.393890380859375 -0.171966552734375
0.375732421875 -0.01055908203125 -0.040130615234375 -0.343109130859375
0.23876953125 -0.0523834228515625 0.320587158203125 0.379058837890625
0.134674072265625 -0.131820678710938 0.484405517578125 0.2967529296875
-0.0415802001953125 -0.163040161132813 0.61798095703125 -0.00830078125000001
-0.107978820800781 -0.0380172729492187 0.51312255859375 -0.360443115234375
-0.0738754272460938 0.051300048828125 0.18023681640625 -0.493072509765625
-0.009796142578125 0.115371704101562 -0.091278076171875 -0.410552978515625
0.0180435180664063 0.118461608886719 -0.2001953125 -0.236770629882813
0.0269088745117187 0.129730224609375 -0.141006469726563 -0.1182861328125
0.0376129150390625 0.174713134765625 -0.0875091552734375 -0.0659408569335937
-0.06475830078125 0.18206787109375 -0.0407447814941406 -0.0312347412109375
-0.172500610351563 0.07196044921875 -0.0279922485351563 0.0423660278320313
-0.168991088867188 -0.10540771484375 -0.120498657226563 0.143463134765625
0.04266357421875 -0.233779907226563 -0.361236572265625 0.10845947265625
0.2147216796875 -0.112884521484375 -0.384185791015625 -0.1724853515625
0.245681762695312 0.027374267578125 0.0594482421875 -0.310150146484375
-0.0785598754882813 -0.0218353271484375 -0.13531494140625 0.35394287109375
-0.0515060424804688 0.0288238525390625 0.373687744140625 0.220794677734375
-0.0735092163085937 0.0421371459960938 0.38201904296875 -0.17022705078125
0.0105056762695312 0.0547981262207031 0.117294311523437 -0.199188232421875
0.0485801696777344 0.00399398803710938 0.0105209350585938 -0.04107666015625
0.0153427124023438 -0.0452690124511719 0.0535049438476563 0.0570831298828125
-0.0125293731689453 -0.0278358459472656 0.121902465820313 0.104354858398438
-0.00938224792480469 -0.0178794860839844 0.156646728515625 0.129226684570312
-0.00902938842773438 -0.0197696685791016 0.193695068359375 0.245895385742187
-0.00203657150268555 -0.00792694091796875 0.1041259765625 0.418060302734375
0.0168037414550781 -0.00907802581787109 -0.0964355468749999 0.51275634765625
0.00326728820800781 0.0290088653564453 -0.42999267578125 0.40020751953125
-0.0385894775390625 0.0499000549316406 -0.68719482421875 0.03179931640625
-0.0822677612304687 0.056365966796875 -0.58343505859375 -0.2188720703125
-0.146957397460938 -0.0178070068359375 -0.43017578125 -0.420867919921875
0.133567810058594 -0.036163330078125 -0.169891357421875 0.3302001953125
0.101722717285156 -0.0966262817382812 0.32708740234375 0.228851318359375
-0.0814971923828125 -0.159072875976563 0.38458251953125 -0.137115478515625
-0.14434814453125 -0.0311126708984375 0.147140502929688 -0.182296752929687
-0.0987472534179688 0.0688095092773437 0.0286941528320312 -0.0633926391601563
-0.00958251953125001 0.101654052734375 0.0562095642089844 0.0485916137695313
0.037109375 0.0846099853515625 0.118263244628906 0.0984573364257813
0.0251312255859375 0.072052001953125 0.153060913085938 0.118576049804687
0.035491943359375 0.07366943359375 0.194992065429687 0.241622924804687
0.0074615478515625 0.0856475830078125 0.12298583984375 0.41217041015625
-0.0329208374023437 0.0715484619140625 -0.0735168457031249 0.509307861328125
-0.087310791015625 0.0430831909179688 -0.407867431640625 0.41943359375
-0.101417541503906 -0.0541229248046875 -0.67755126953125 0.0760498046875002
-0.0271072387695313 -0.0751190185546875 -0.610595703125 -0.18560791015625
0.0179290771484375 -0.0597076416015625 -0.466400146484375 -0.42352294921875
0.314361572265625 -0.05029296875 -0.1558837890625 0.31317138671875
0.222503662109375 -0.21533203125 0.269805908203125 0.235794067382813
-0.09857177734375 -0.329071044921875 0.380615234375 -0.0625
-0.275894165039063 -0.0971374511718749 0.222152709960937 -0.14813232421875
-0.218734741210938 0.123825073242188 0.0855178833007812 -0.117752075195313
-0.030975341796875 0.224945068359375 0.0587806701660156 -0.015380859375
0.0759124755859375 0.18316650390625 0.0850296020507813 0.0538177490234375
0.0552978515625 0.152999877929688 0.12347412109375 0.0931015014648438
0.0786590576171875 0.160736083984375 0.178695678710938 0.226333618164063
0.0184326171875 0.176345825195312 0.126007080078125 0.391937255859375
-0.08294677734375 0.15289306640625 -0.066497802734375 0.4893798828125
-0.183181762695313 0.0582122802734375 -0.392608642578125 0.415496826171875
-0.162109375 -0.160980224609375 -0.65509033203125 0.0936279296875001
0.0331878662109375 -0.20416259765625 -0.6068115234375 -0.16986083984375
0.180252075195313 -0.096099853515625 -0.45440673828125 -0.423065185546875
0.43243408203125 -0.066619873046875 -0.1021728515625 0.31512451171875
0.277984619140625 -0.30987548828125 0.233978271484375 0.266860961914063
-0.137786865234375 -0.426727294921875 0.40875244140625 0.027496337890625
-0.362457275390625 -0.113616943359375 0.3349609375 -0.132781982421875
-0.279190063476563 0.169723510742188 0.155609130859375 -0.2052001953125
-0.034576416015625 0.300994873046875 0.050262451171875 -0.118682861328125
0.099273681640625 0.246002197265625 0.0288257598876953 -0.0161647796630859
0.076751708984375 0.21502685546875 0.0754318237304688 0.0532989501953125
0.112472534179687 0.23016357421875 0.141143798828125 0.195205688476563
0.0241241455078125 0.260208129882813 0.105712890625 0.3502197265625
-0.138427734375 0.226730346679687 -0.078216552734375 0.439849853515625
-0.278656005859375 0.0621185302734375 -0.37664794921875 0.37554931640625
-0.20770263671875 -0.270904541015625 -0.6102294921875 0.0795898437499998
0.10198974609375 -0.313385009765625 -0.571044921875 -0.17437744140625
0.319854736328125 -0.1148681640625 -0.39251708984375 -0.41595458984375
0.480621337890625 -0.0802001953125 -0.013397216796875 0.33282470703125
0.272064208984375 -0.350250244140625 0.251190185546875 0.31195068359375
-0.167510986328125 -0.43011474609375 0.47991943359375 0.086761474609375
-0.373199462890625 -0.09027099609375 0.446990966796875 -0.1688232421875
-0.27197265625 0.187896728515625 0.205047607421875 -0.313720703125
-0.0240478515625 0.317169189453125 0.024139404296875 -0.232666015625
0.105026245117188 0.266448974609375 -0.0391464233398438 -0.0938644409179687
0.086334228515625 0.245223999023438 0.0159683227539063 0.00482749938964845
0.128707885742188 0.276718139648438 0.0859527587890625 0.144882202148438
0.013458251953125 0.32061767578125 0.0654754638671875 0.2779541015625
-0.199737548828125 0.26971435546875 -0.096343994140625 0.351348876953125
-0.357696533203125 0.0368041992187501 -0.345672607421875 0.301300048828125
-0.20867919921875 -0.369537353515625 -0.53936767578125 0.05499267578125
0.181427001953125 -0.37481689453125 -0.509490966796875 -0.181396484375
0.4151611328125 -0.106475830078125 -0.292816162109375 -0.402587890625
0.45751953125 -0.08563232421875 0.1025390625 0.357635498046875
0.232635498046875 -0.32391357421875 0.3226318359375 0.33880615234375
-0.157958984375 -0.363555908203125 0.561004638671875 0.085235595703125
-0.311370849609375 -0.0604248046875 0.51800537109375 -0.24420166015625
-0.216476440429688 0.166046142578125 0.217041015625 -0.41278076171875
-0.00952148437499999 0.279373168945313 -0.017730712890625 -0.32861328125
0.0925750732421875 0.2467041015625 -0.10760498046875 -0.162139892578125
0.079010009765625 0.240127563476563 -0.044830322265625 -0.0444602966308594
0.12078857421875 0.286590576171875 0.0194931030273438 0.0757827758789063
-0.01422119140625 0.337554931640625 0.0146331787109375 0.17596435546875
-0.246337890625 0.255386352539062 -0.098968505859375 0.231918334960938
-0.37933349609375 -0.0248718261718751 -0.281112670898437 0.214828491210937
-0.1461181640625 -0.42138671875 -0.448883056640625 0.0495910644531249
0.25189208984375 -0.35943603515625 -0.445953369140625 -0.175262451171875
0.442626953125 -0.06939697265625 -0.172576904296875 -0.379791259765625
0.37384033203125 -0.078521728515625 0.227325439453125 0.377471923828125
0.1839599609375 -0.244827270507812 0.4163818359375 0.32916259765625
-0.110000610351563 -0.264617919921875 0.61419677734375 0.03546142578125
-0.212783813476563 -0.0427093505859375 0.532379150390625 -0.324676513671875
-0.144271850585938 0.115478515625 0.197509765625 -0.478302001953125
-0.00218200683593752 0.205795288085938 -0.06353759765625 -0.3900146484375
0.06365966796875 0.1944580078125 -0.165817260742188 -0.209609985351563
0.0602569580078125 0.199920654296875 -0.100929260253906 -0.0875778198242188
0.0904693603515625 0.253585815429688 -0.0439987182617187 0.000122070312500016
-0.04522705078125 0.292266845703125 -0.0242271423339844 0.0622787475585938
-0.24493408203125 0.180755615234375 -0.0722427368164063 0.115974426269531
-0.313629150390625 -0.087921142578125 -0.193313598632813 0.160186767578125
-0.04473876953125 -0.379913330078125 -0.38140869140625 0.0836791992187499
0.277236938476562 -0.263336181640625 -0.41033935546875 -0.16131591796875
0.389251708984375 -0.01910400390625 -0.0523681640625 -0.35028076171875
0.244918823242188 -0.056243896484375 0.339630126953125 0.3839111328125
0.136222839355469 -0.137680053710938 0.501220703125 0.291961669921875
-0.0463714599609375 -0.163131713867188 0.6329345703125 -0.02667236328125
-0.108909606933594 -0.0369949340820312 0.51226806640625 -0.38531494140625
-0.0751495361328125 0.0520172119140625 0.168914794921875 -0.50909423828125
-0.00525665283203126 0.117012023925781 -0.103424072265625 -0.417449951171875
0.0239944458007813 0.121208190917969 -0.20892333984375 -0.234375
0.0313644409179688 0.131500244140625 -0.143768310546875 -0.116287231445312
0.0449371337890625 0.175796508789063 -0.0902862548828125 -0.0644378662109375
-0.0585784912109375 0.1876220703125 -0.0441856384277344 -0.0308418273925781
-0.175872802734375 0.0776824951171875 -0.0290756225585938 0.0408782958984375
-0.176712036132813 -0.104476928710937 -0.119888305664063 0.1497802734375
0.0368194580078125 -0.241744995117188 -0.367706298828125 0.122772216796875
0.219100952148438 -0.120849609375 -0.400146484375 -0.161346435546875
0.255661010742188 0.0239410400390625 0.0516357421875 -0.31915283203125
-0.0841598510742188 -0.0196456909179688 -0.123687744140625 0.371246337890625
-0.0507850646972656 0.0331153869628906 0.396881103515625 0.204742431640625
-0.071502685546875 0.0511398315429688 0.385772705078125 -0.20196533203125
0.0141258239746094 0.0550956726074219 0.109909057617188 -0.213333129882813
0.0490989685058594 0.000217437744140625 0.00908660888671876 -0.0429954528808594
0.0139694213867188 -0.0475234985351563 0.0585479736328125 0.0526924133300781
-0.0120525360107422 -0.0281162261962891 0.12841796875 0.0986557006835937
-0.00961494445800782 -0.0195388793945313 0.162200927734375 0.124160766601563
-0.00959014892578125 -0.0206317901611328 0.207107543945313 0.241409301757813
-0.00103330612182617 -0.00771617889404297 0.12713623046875 0.42254638671875
0.0166511535644531 -0.00983142852783203 -0.073150634765625 0.52978515625
0.00520706176757812 0.0310497283935547 -0.422821044921875 0.437469482421875
-0.0391769409179688 0.0568733215332031 -0.710205078125 0.06915283203125
-0.0809707641601562 0.062591552734375 -0.614013671875 -0.197265625
-0.153549194335938 -0.011444091796875 -0.466949462890625 -0.418304443359375
0.137748718261719 -0.04534912109375 -0.15838623046875 0.3497314453125
0.102615356445313 -0.104896545410156 0.34844970703125 0.215972900390625
-0.0904541015625 -0.15704345703125 0.389984130859375 -0.167205810546875
-0.1513671875 -0.0255126953125 0.140380859375 -0.197219848632813
-0.100288391113281 0.07470703125 0.0264320373535156 -0.0661163330078125
-0.00375366210937501 0.104835510253906 0.0611114501953125 0.0436058044433594
0.045196533203125 0.0847930908203125 0.12396240234375 0.0927352905273437
0.0304031372070313 0.071136474609375 0.158035278320313 0.113906860351563
0.041259765625 0.0717315673828125 0.208328247070313 0.237640380859375
0.0133590698242187 0.0867538452148438 0.146148681640625 0.414947509765625
-0.0296249389648437 0.0736160278320313 -0.050079345703125 0.525909423828125
-0.087310791015625 0.0492477416992187 -0.400390625 0.455810546875
-0.108680725097656 -0.0455551147460938 -0.6966552734375 0.11541748046875
-0.0302886962890625 -0.0743331909179688 -0.6417236328125 -0.16070556640625
0.0153045654296875 -0.0617256164550781 -0.50677490234375 -0.420623779296875
0.32550048828125 -0.067901611328125 -0.144805908203125 0.332061767578125
0.222946166992188 -0.233444213867187 0.288177490234375 0.227386474609375
-0.117828369140625 -0.33319091796875 0.3887939453125 -0.089996337890625
-0.291656494140625 -0.08697509765625 0.219619750976563 -0.165863037109375
-0.221603393554687 0.139144897460938 0.0815582275390625 -0.125930786132813
-0.0181732177734375 0.233230590820312 0.061187744140625 -0.0225410461425781
0.09002685546875 0.182998657226562 0.0876235961914063 0.0495681762695313
0.065643310546875 0.153701782226563 0.127777099609375 0.0884857177734375
0.09014892578125 0.15826416015625 0.19195556640625 0.222946166992188
0.030609130859375 0.179489135742188 0.14910888671875 0.394622802734375
-0.0766143798828125 0.159820556640625 -0.04437255859375 0.505462646484375
-0.183364868164063 0.0693511962890625 -0.385345458984375 0.45196533203125
-0.176864624023437 -0.152542114257813 -0.67388916015625 0.13238525390625
0.0251617431640625 -0.21014404296875 -0.63775634765625 -0.14520263671875
0.183242797851563 -0.10675048828125 -0.4945068359375 -0.41876220703125
0.448455810546875 -0.090057373046875 -0.08782958984375 0.3316650390625
0.27593994140625 -0.33489990234375 0.250701904296875 0.261520385742188
-0.163665771484375 -0.431915283203125 0.42132568359375 0.00277709960937497
-0.3798828125 -0.0985107421875001 0.337615966796875 -0.15692138671875
-0.28143310546875 0.1876220703125 0.1492919921875 -0.220550537109375
-0.0179443359375 0.31072998046875 0.0478363037109375 -0.128822326660156
0.117965698242188 0.24609375 0.0273075103759766 -0.0201358795166015
0.0904693603515625 0.216400146484375 0.0761337280273438 0.0503768920898438
0.128585815429688 0.228683471679688 0.15435791015625 0.19287109375
0.041473388671875 0.263763427734375 0.1263427734375 0.3524169921875
-0.128875732421875 0.238555908203125 -0.058502197265625 0.455780029296875
-0.282806396484375 0.0782775878906249 -0.372650146484375 0.41046142578125
-0.229446411132813 -0.263320922851563 -0.62969970703125 0.11517333984375
0.09234619140625 -0.32611083984375 -0.6009521484375 -0.14959716796875
0.327972412109375 -0.1336669921875 -0.430511474609375 -0.413970947265625
0.49652099609375 -0.10614013671875 0.00588989257812506 0.346923828125
0.26715087890625 -0.37481689453125 0.27142333984375 0.31024169921875
-0.195037841796875 -0.4339599609375 0.498443603515625 0.062713623046875
-0.389312744140625 -0.074462890625 0.453094482421875 -0.199737548828125
-0.27239990234375 0.206069946289062 0.1942138671875 -0.335479736328125
-0.00631713867187501 0.32623291015625 0.014434814453125 -0.244827270507812
0.123992919921875 0.267547607421875 -0.0461349487304688 -0.0962371826171875
0.100921630859375 0.247406005859375 0.0150213241577148 0.00384426116943361
0.14801025390625 0.274185180664063 0.0961456298828125 0.14471435546875
0.0341796875 0.327606201171875 0.080352783203125 0.281341552734375
-0.18939208984375 0.28704833984375 -0.082244873046875 0.366485595703125
-0.36700439453125 0.05535888671875 -0.344879150390625 0.32940673828125
-0.235687255859375 -0.36822509765625 -0.555328369140625 0.0858764648437499
0.17132568359375 -0.394073486328125 -0.536285400390625 -0.159576416015625
0.428253173828125 -0.128662109375 -0.32684326171875 -0.402679443359375
0.4720458984375 -0.110076904296875 0.12744140625 0.367095947265625
0.22802734375 -0.34527587890625 0.34613037109375 0.335174560546875
-0.180633544921875 -0.3638916015625 0.58453369140625 0.05609130859375
-0.323486328125 -0.046417236328125 0.521026611328125 -0.282440185546875
-0.215774536132812 0.18023681640625 0.201751708984375 -0.4375
0.00585937500000002 0.285797119140625 -0.03424072265625 -0.34063720703125
0.110305786132813 0.2479248046875 -0.119293212890625 -0.1607666015625
0.09442138671875 0.242950439453125 -0.0482940673828125 -0.0435676574707031
0.1407470703125 0.2850341796875 0.024993896484375 0.0775299072265625
0.00677490234374997 0.3472900390625 0.023284912109375 0.179428100585938
-0.239913940429687 0.27508544921875 -0.0927276611328125 0.24298095703125
-0.393310546875 -0.00640869140625004 -0.282958984375 0.237518310546875
-0.173675537109375 -0.4259033203125 -0.46160888671875 0.0765075683593749
0.24517822265625 -0.383636474609375 -0.47137451171875 -0.15472412109375
0.460174560546875 -0.092559814453125 -0.201080322265625 -0.384857177734375
0.385986328125 -0.097412109375 0.258575439453125 0.380889892578125
0.181365966796875 -0.261672973632812 0.44390869140625 0.320709228515625
-0.12628173828125 -0.264450073242188 0.63641357421875 0.00439453124999998
-0.220077514648437 -0.033935546875 0.5330810546875 -0.365081787109375
-0.143356323242187 0.123855590820313 0.17999267578125 -0.503753662109375
0.00964355468750001 0.209609985351562 -0.083709716796875 -0.400726318359375
0.0772552490234375 0.196578979492188 -0.179656982421875 -0.20654296875
0.07293701171875 0.2027587890625 -0.106353759765625 -0.085418701171875
0.107513427734375 0.253402709960938 -0.0437240600585937 0.00250244140625001
-0.027801513671875 0.3031005859375 -0.0229377746582031 0.0644645690917969
-0.24420166015625 0.1988525390625 -0.0706253051757813 0.121360778808594
-0.3294677734375 -0.0760498046874999 -0.192367553710938 0.175125122070312
-0.065338134765625 -0.3907470703125 -0.390106201171875 0.109100341796875
0.276885986328125 -0.286376953125 -0.433258056640625 -0.1416015625
0.407745361328125 -0.037841796875 -0.074462890625 -0.358428955078125
0.252365112304688 -0.068359375 0.37481689453125 0.383941650390625
0.135848999023438 -0.14837646484375 0.527740478515625 0.280426025390625
-0.05511474609375 -0.163909912109375 0.65277099609375 -0.06231689453125
-0.113334655761719 -0.0335159301757812 0.509368896484375 -0.426513671875
-0.0754241943359375 0.054718017578125 0.147735595703125 -0.53326416015625
0.00199890136718749 0.118911743164062 -0.125335693359375 -0.426605224609375
0.032806396484375 0.124801635742187 -0.223922729492188 -0.228775024414063
0.0394210815429687 0.133926391601563 -0.150665283203125 -0.112991333007813
0.0565948486328125 0.176681518554687 -0.0948257446289063 -0.0620498657226562
-0.0477752685546875 0.197708129882813 -0.0483779907226563 -0.0302047729492187
-0.178497314453125 0.089141845703125 -0.0293960571289063 0.0413703918457031
-0.1878662109375 -0.100814819335937 -0.116439819335938 0.159927368164062
0.0268096923828125 -0.251068115234375 -0.372161865234375 0.151397705078125
0.224380493164062 -0.135848999023438 -0.42529296875 -0.14154052734375
0.26953125 0.01287841796875 0.03521728515625 -0.330841064453125
-0.0893173217773438 -0.0140228271484375 -0.098388671875 0.3865966796875
-0.0496177673339844 0.0375633239746094 0.4202880859375 0.175506591796875
-0.0664253234863281 0.061309814453125 0.37640380859375 -0.241943359375
0.0187263488769531 0.0556526184082031 0.0935211181640625 -0.227706909179688
0.048614501953125 -0.00342559814453125 0.00691986083984376 -0.0449714660644531
0.0111732482910156 -0.0491981506347656 0.0622100830078125 0.045654296875
-0.0129718780517578 -0.0284347534179688 0.135162353515625 0.0883712768554688
-0.0113487243652344 -0.020355224609375 0.168716430664063 0.11358642578125
-0.0112342834472656 -0.0218009948730469 0.223052978515625 0.229843139648438
3.62396240234373E-05 -0.00752639770507813 0.158843994140625 0.416595458984375
0.0156850814819336 -0.0113115310668945 -0.03509521484375 0.54248046875
0.00925254821777344 0.0322246551513672 -0.398956298828125 0.480682373046875
-0.0361900329589844 0.0647010803222656 -0.71826171875 0.12677001953125
-0.0762786865234375 0.0698013305664063 -0.64129638671875 -0.156494140625
-0.157913208007813 -0.00143432617187502 -0.511138916015625 -0.39544677734375
0.137062072753906 -0.0571975708007813 -0.135711669921875 0.367706298828125
0.0983352661132813 -0.114875793457031 0.369781494140625 0.191192626953125
-0.102325439453125 -0.151382446289063 0.38232421875 -0.2073974609375
-0.156570434570313 -0.0144805908203125 0.126190185546875 -0.213363647460937
-0.0988006591796875 0.0836029052734375 0.0215873718261719 -0.0694541931152344
0.00583648681640626 0.107398986816406 0.0655708312988281 0.0357856750488281
0.0538482666015625 0.0813064575195313 0.130271911621094 0.0829086303710938
0.0361976623535156 0.0687904357910156 0.163848876953125 0.104202270507813
0.0479698181152344 0.0678939819335938 0.225631713867187 0.226043701171875
0.0226516723632813 0.0864181518554688 0.177947998046875 0.4085693359375
-0.0242080688476563 0.0762557983398438 -0.0122070312500001 0.537353515625
-0.0835342407226563 0.0569686889648437 -0.374542236328125 0.49859619140625
-0.113555908203125 -0.0329360961914063 -0.7015380859375 0.171630859375
-0.0344314575195313 -0.0723419189453125 -0.66571044921875 -0.11627197265625
0.0114326477050781 -0.0634727478027344 -0.5531005859375 -0.393585205078125
0.329376220703125 -0.0950927734375 -0.122100830078125 0.349456787109375
0.214599609375 -0.255523681640625 0.30816650390625 0.207977294921875
-0.143768310546875 -0.329803466796875 0.38653564453125 -0.127349853515625
-0.304473876953125 -0.0663757324218749 0.210037231445312 -0.187652587890625
-0.218734741210938 0.158493041992188 0.0732879638671875 -0.1351318359375
0.000869750976562504 0.237899780273438 0.0617141723632813 -0.0315895080566406
0.108123779296875 0.177566528320313 0.0909652709960938 0.0415802001953125
0.078033447265625 0.150863647460938 0.13128662109375 0.080413818359375
0.103729248046875 0.150390625 0.2100830078125 0.212265014648438
0.0472564697265625 0.177566528320313 0.180633544921875 0.387481689453125
-0.0640411376953125 0.166366577148438 -0.00753784179687501 0.5159912109375
-0.179718017578125 0.0840301513671875 -0.359405517578125 0.492889404296875
-0.191314697265625 -0.13616943359375 -0.67724609375 0.18817138671875
0.0122528076171875 -0.214431762695313 -0.66192626953125 -0.10009765625
0.180389404296875 -0.121627807617188 -0.5404052734375 -0.39306640625
0.453857421875 -0.1260986328125 -0.062286376953125 0.343994140625
0.2615966796875 -0.36273193359375 0.273040771484375 0.247543334960938
-0.19757080078125 -0.4267578125 0.42755126953125 -0.03314208984375
-0.39501953125 -0.072418212890625 0.33050537109375 -0.18719482421875
-0.275283813476562 0.213104248046875 0.134536743164062 -0.23712158203125
0.0072021484375 0.316436767578125 0.0408477783203125 -0.138710021972656
0.140975952148438 0.23974609375 0.0251293182373047 -0.023294448852539
0.1080322265625 0.211898803710938 0.0785598754882813 0.0453948974609375
0.149093627929688 0.218612670898438 0.171249389648438 0.185470581054688
0.0654144287109375 0.262435913085938 0.155059814453125 0.34747314453125
-0.111419677734375 0.250015258789063 -0.02557373046875 0.467254638671875
-0.280014038085938 0.101211547851563 -0.350677490234375 0.44964599609375
-0.2529296875 -0.246627807617188 -0.63470458984375 0.167724609375
0.0723876953125 -0.33917236328125 -0.625244140625 -0.10760498046875
0.327911376953125 -0.159088134765625 -0.4759521484375 -0.39129638671875
0.5032958984375 -0.1455078125 0.03558349609375 0.353271484375
0.249542236328125 -0.402679443359375 0.2965087890625 0.297332763671875
-0.228607177734375 -0.42572021484375 0.51251220703125 0.023406982421875
-0.401458740234375 -0.04632568359375 0.444915771484375 -0.2393798828125
-0.2642822265625 0.230331420898438 0.171112060546875 -0.357696533203125
0.020599365234375 0.330047607421875 -0.00241088867187499 -0.254684448242188
0.149261474609375 0.261062622070313 -0.054168701171875 -0.0948410034179687
0.121002197265625 0.243545532226563 0.014958381652832 0.00287723541259767
0.1707763671875 0.26434326171875 0.110092163085938 0.139656066894531
0.063751220703125 0.3280029296875 0.103500366210938 0.278793334960938
-0.169921875 0.305511474609375 -0.057403564453125 0.377685546875
-0.368988037109375 0.084381103515625 -0.32928466796875 0.365203857421875
-0.26910400390625 -0.353729248046875 -0.560760498046875 0.131866455078125
0.14862060546875 -0.414215087890625 -0.558624267578125 -0.120025634765625
0.431243896484375 -0.162994384765625 -0.366455078125 -0.3873291015625
0.475830078125 -0.14642333984375 0.161285400390625 0.36614990234375
0.211517333984375 -0.3685302734375 0.376068115234375 0.3193359375
-0.208587646484375 -0.355072021484375 0.59857177734375 0.011962890625
-0.331085205078125 -0.02264404296875 0.508087158203125 -0.328582763671875
-0.20782470703125 0.198013305664063 0.17034912109375 -0.461822509765625
0.029815673828125 0.28741455078125 -0.059906005859375 -0.347564697265625
0.13330078125 0.24298095703125 -0.13201904296875 -0.155044555664062
0.114669799804688 0.23956298828125 -0.051025390625 -0.0418586730957031
0.165252685546875 0.276931762695313 0.0335617065429688 0.0771865844726563
0.037200927734375 0.3511962890625 0.036834716796875 0.179824829101563
-0.22308349609375 0.2982177734375 -0.0780487060546875 0.252838134765625
-0.402099609375 0.0225524902343751 -0.27264404296875 0.264755249023437
-0.20989990234375 -0.41961669921875 -0.4638671875 0.115966796875
0.2265625 -0.40972900390625 -0.49237060546875 -0.118194580078125
0.467620849609375 -0.127532958984375 -0.23748779296875 -0.376617431640625
0.389434814453125 -0.127166748046875 0.2965087890625 0.373046875
0.16949462890625 -0.2803955078125 0.474853515625 0.299163818359375
-0.1453857421875 -0.257598876953125 0.64971923828125 -0.04632568359375
-0.225006103515625 -0.017822265625 0.51422119140625 -0.413116455078125
-0.138229370117187 0.134140014648437 0.144073486328125 -0.52593994140625
0.0264434814453125 0.209808349609375 -0.115631103515625 -0.403533935546875
0.095703125 0.193466186523438 -0.196014404296875 -0.195709228515625
0.0897064208984375 0.200729370117188 -0.111183166503906 -0.0797882080078125
0.129470825195312 0.247055053710938 -0.0420646667480469 0.0062980651855469
-0.001983642578125 0.30914306640625 -0.0197372436523437 0.0674819946289063
-0.233993530273437 0.221160888671875 -0.0653915405273438 0.127067565917969
-0.343231201171875 -0.05438232421875 -0.18475341796875 0.193496704101563
-0.095855712890625 -0.39208984375 -0.388275146484375 0.14471435546875
0.26593017578125 -0.31329345703125 -0.454498291015625 -0.106231689453125
0.418426513671875 -0.068359375 -0.10540771484375 -0.358795166015625
0.254806518554688 -0.08709716796875 0.415008544921875 0.368621826171875
0.131439208984375 -0.16229248046875 0.557769775390625 0.250274658203125
-0.0651397705078125 -0.161117553710938 0.66162109375 -0.11285400390625
-0.116020202636719 -0.026397705078125 0.486053466796875 -0.473602294921875
-0.0744247436523438 0.0590744018554687 0.109222412109375 -0.555084228515625
0.0114059448242188 0.11956787109375 -0.15850830078125 -0.42620849609375
0.0448150634765625 0.124366760253906 -0.241058349609375 -0.2149658203125
0.0503158569335938 0.132423400878906 -0.156448364257812 -0.104995727539062
0.071075439453125 0.173675537109375 -0.0987930297851563 -0.0555419921875
-0.03082275390625 0.204727172851562 -0.0527267456054688 -0.026763916015625
-0.176605224609375 0.103912353515625 -0.0299263000488281 0.0419158935546875
-0.2003173828125 -0.0904541015625 -0.106826782226563 0.171844482421875
0.00970458984375001 -0.257720947265625 -0.367156982421875 0.18792724609375
0.223236083984375 -0.156356811523438 -0.446014404296875 -0.10601806640625
0.279525756835938 -0.006256103515625 0.00881958007812505 -0.3387451171875
-0.0932693481445313 -0.00580596923828124 -0.0679931640625 0.389984130859375
-0.0460662841796875 0.0412101745605469 0.429595947265625 0.136627197265625
-0.0574836730957031 0.0682144165039063 0.3502197265625 -0.27587890625
0.0239028930664063 0.0540428161621094 0.0722198486328125 -0.23382568359375
0.0463981628417969 -0.00699234008789063 0.00357818603515625 -0.0453720092773438
0.00745773315429687 -0.0492286682128906 0.0629081726074219 0.0379600524902344
-0.0134925842285156 -0.0278205871582031 0.137435913085938 0.0754165649414063
-0.0131778717041016 -0.0198135375976563 0.17034912109375 0.099334716796875
-0.0130233764648438 -0.0215339660644531 0.233322143554687 0.210723876953125
0.00118637084960938 -0.00790214538574219 0.18670654296875 0.39666748046875
0.0144901275634766 -0.0123119354248047 0.00625610351562505 0.5360107421875
0.0126190185546875 0.0323104858398438 -0.35626220703125 0.50830078125
-0.0300674438476562 0.0708160400390625 -0.70263671875 0.18609619140625
-0.0690078735351563 0.07366943359375 -0.64739990234375 -0.1072998046875
-0.158035278320312 0.0105743408203125 -0.539459228515625 -0.35546875
0.130485534667969 -0.0675125122070312 -0.105926513671875 0.373779296875
0.09246826171875 -0.122207641601563 0.381011962890625 0.158447265625
-0.110214233398437 -0.140823364257813 0.359100341796875 -0.241363525390625
-0.156448364257813 -0.000915527343749995 0.104751586914063 -0.222900390625
-0.0938644409179687 0.0917892456054688 0.0155563354492187 -0.0711822509765625
0.0152969360351562 0.105072021484375 0.0672111511230469 0.0273246765136719
0.0614471435546875 0.074737548828125 0.133186340332031 0.0694808959960938
0.0400199890136719 0.0648765563964844 0.165191650390625 0.090789794921875
0.0516738891601563 0.0610313415527344 0.23712158203125 0.206512451171875
0.03106689453125 0.08148193359375 0.205322265625 0.38677978515625
-0.0164108276367188 0.0757980346679688 0.028900146484375 0.5291748046875
-0.0763092041015625 0.06280517578125 -0.330169677734375 0.5257568359375
-0.113784790039063 -0.0188751220703125 -0.68255615234375 0.22808837890625
-0.0372848510742188 -0.0679740905761719 -0.6693115234375 -0.0636596679687501
0.006011962890625 -0.0632209777832031 -0.5809326171875 -0.3504638671875
0.3199462890625 -0.119598388671875 -0.092193603515625 0.353271484375
0.197219848632812 -0.270782470703125 0.320159912109375 0.181365966796875
-0.166015625 -0.315521240234375 0.3681640625 -0.1627197265625
-0.306793212890625 -0.0414123535156251 0.190216064453125 -0.20404052734375
-0.20697021484375 0.176010131835937 0.0611114501953125 -0.1396484375
0.0211944580078125 0.235366821289063 0.0581893920898438 -0.040435791015625
0.1226806640625 0.16534423828125 0.090911865234375 0.03228759765625
0.0882415771484375 0.142425537109375 0.132804870605469 0.0701065063476563
0.113571166992188 0.138092041015625 0.222091674804688 0.194076538085938
0.06280517578125 0.168289184570313 0.207275390625 0.3665771484375
-0.0489654541015625 0.167404174804688 0.032196044921875 0.509735107421875
-0.169036865234375 0.096527099609375 -0.31768798828125 0.519775390625
-0.197372436523437 -0.115219116210938 -0.6585693359375 0.241943359375
-0.00173950195312502 -0.211959838867188 -0.66412353515625 -0.0469360351562501
0.170150756835938 -0.133132934570313 -0.57110595703125 -0.34930419921875
0.44122314453125 -0.16058349609375 -0.032562255859375 0.344329833984375
0.23577880859375 -0.3807373046875 0.28729248046875 0.22467041015625
-0.227752685546875 -0.4068603515625 0.4173583984375 -0.07012939453125
-0.396820068359375 -0.0412597656250001 0.311248779296875 -0.212646484375
-0.2584228515625 0.233901977539062 0.114013671875 -0.246551513671875
0.033447265625 0.310546875 0.029144287109375 -0.14544677734375
0.160888671875 0.224517822265625 0.0222206115722656 -0.0266685485839844
0.122604370117188 0.201812744140625 0.0793838500976563 0.0390472412109375
0.163116455078125 0.201339721679687 0.183837890625 0.1693115234375
0.0877227783203125 0.250869750976563 0.179443359375 0.329437255859375
-0.0892486572265625 0.254302978515625 0.01031494140625 0.462921142578125
-0.267578125 0.121231079101562 -0.312896728515625 0.47705078125
-0.267440795898438 -0.219223022460937 -0.61566162109375 0.21771240234375
0.04901123046875 -0.339813232421875 -0.62701416015625 -0.0576171875
0.3153076171875 -0.1810302734375 -0.50433349609375 -0.352386474609375
0.489349365234375 -0.181915283203125 0.0662231445312501 0.346343994140625
0.220489501953125 -0.419097900390625 0.315582275390625 0.273101806640625
-0.2581787109375 -0.40203857421875 0.5087890625 -0.01953125
-0.399688720703125 -0.0141906738281251 0.421142578125 -0.27508544921875
-0.245697021484375 0.2490234375 0.14044189453125 -0.3690185546875
0.047943115234375 0.322845458984375 -0.022857666015625 -0.25634765625
0.170547485351562 0.244369506835937 -0.0609359741210937 -0.090301513671875
0.138519287109375 0.23223876953125 0.0147171020507813 0.00128459930419923
0.18951416015625 0.24468994140625 0.121177673339844 0.129180908203125
0.091705322265625 0.31585693359375 0.123794555664062 0.266021728515625
-0.142547607421875 0.3131103515625 -0.029876708984375 0.378204345703125
-0.357574462890625 0.1119384765625 -0.298431396484375 0.391998291015625
-0.29107666015625 -0.32550048828125 -0.545013427734375 0.177764892578125
0.119903564453125 -0.422882080078125 -0.5635986328125 -0.07293701171875
0.4193115234375 -0.19384765625 -0.399383544921875 -0.354888916015625
0.463775634765625 -0.179779052734375 0.193328857421875 0.350006103515625
0.18426513671875 -0.38311767578125 0.39630126953125 0.28997802734375
-0.23162841796875 -0.33465576171875 0.59320068359375 -0.03662109375
-0.327117919921875 0.00378417968749999 0.47821044921875 -0.367034912109375
-0.191726684570313 0.212371826171875 0.131561279296875 -0.471435546875
0.0535125732421875 0.278732299804688 -0.087127685546875 -0.34271240234375
0.152938842773438 0.228790283203125 -0.141098022460938 -0.144180297851563
0.131637573242187 0.229202270507812 -0.0523109436035156 -0.0387115478515625
0.184646606445313 0.258575439453125 0.041961669921875 0.073455810546875
0.0675048828125 0.340789794921875 0.050445556640625 0.1744384765625
-0.19610595703125 0.311553955078125 -0.0599365234375 0.256179809570313
-0.3973388671875 0.0531311035156251 -0.250823974609375 0.28668212890625
-0.240081787109375 -0.3973388671875 -0.4490966796875 0.153350830078125
0.19683837890625 -0.425384521484375 -0.49676513671875 -0.0745849609375
0.4598388671875 -0.162261962890625 -0.267822265625 -0.352874755859375
0.37799072265625 -0.154296875 0.327484130859375 0.34698486328125
0.149810791015625 -0.291015625 0.4932861328125 0.263580322265625
-0.160308837890625 -0.242141723632813 0.640625 -0.09735107421875
-0.221115112304688 -0.00106811523437504 0.47564697265625 -0.451446533203125
-0.128005981445313 0.141616821289063 0.099212646484375 -0.532562255859375
0.0433349609375 0.20281982421875 -0.14508056640625 -0.39154052734375
0.113067626953125 0.183242797851563 -0.206222534179688 -0.1788330078125
0.103912353515625 0.191741943359375 -0.112472534179687 -0.0727767944335937
0.147323608398438 0.231292724609375 -0.03839111328125 0.00907135009765626
0.02581787109375 0.30377197265625 -0.0146751403808594 0.0678749084472657
-0.215087890625 0.237014770507813 -0.0572586059570313 0.12945556640625
-0.345947265625 -0.0282897949218751 -0.167739868164063 0.208084106445313
-0.124267578125 -0.381500244140625 -0.370513916015625 0.179046630859375
0.243804931640625 -0.332977294921875 -0.458160400390625 -0.064178466796875
0.414306640625 -0.099517822265625 -0.13531494140625 -0.34613037109375
0.247177124023437 -0.103744506835938 0.445159912109375 0.333282470703125
0.120315551757813 -0.171783447265625 0.57379150390625 0.20916748046875
-0.0733642578125 -0.153289794921875 0.64825439453125 -0.1646728515625
-0.114860534667969 -0.0175857543945313 0.4417724609375 -0.509521484375
-0.0708160400390625 0.062835693359375 0.0628662109375 -0.556640625
0.0211563110351563 0.115737915039063 -0.18994140625 -0.409088134765625
0.056854248046875 0.119102478027344 -0.250457763671875 -0.193435668945313
0.0600738525390625 0.128273010253906 -0.157730102539063 -0.094757080078125
0.0836029052734375 0.16424560546875 -0.0991668701171875 -0.0482025146484375
-0.0115509033203125 0.202728271484375 -0.0554122924804688 -0.0223503112792969
-0.1685791015625 0.116485595703125 -0.0280532836914063 0.0418243408203125
-0.206283569335938 -0.075714111328125 -0.0919036865234375 0.179794311523438
-0.00761413574218752 -0.256439208984375 -0.34564208984375 0.22088623046875
0.213409423828125 -0.174072265625 -0.450775146484375 -0.0621948242187501
0.280258178710938 -0.0265350341796875 -0.018768310546875 -0.333892822265625
-0.094635009765625 0.00115966796874998 -0.04437255859375 0.382232666015625
-0.0420799255371094 0.0433120727539062 0.424652099609375 0.1064453125
-0.0491104125976562 0.0716094970703125 0.3223876953125 -0.2945556640625
0.0274009704589844 0.0521049499511719 0.0532989501953125 -0.23370361328125
0.0438690185546875 -0.00804901123046875 0.000476837158203132 -0.0439910888671875
0.00539016723632813 -0.0472145080566406 0.0617256164550781 0.0319557189941406
-0.0136814117431641 -0.0267810821533203 0.13446044921875 0.064208984375
-0.0142459869384766 -0.0183391571044922 0.16668701171875 0.0888671875
-0.0147457122802734 -0.0200672149658203 0.233642578125 0.193389892578125
0.00213527679443359 -0.00882434844970703 0.20068359375 0.373992919921875
0.0136404037475586 -0.0130500793457031 0.0347900390625 0.52069091796875
0.0155353546142578 0.0314693450927734 -0.317291259765625 0.517974853515625
-0.0243148803710938 0.0733108520507813 -0.673828125 0.22186279296875
-0.0615997314453125 0.0741119384765625 -0.6378173828125 -0.06787109375
-0.154830932617187 0.019287109375 -0.547698974609375 -0.31939697265625
0.122352600097656 -0.0718841552734375 -0.081573486328125 0.3682861328125
0.0857925415039063 -0.123931884765625 0.378875732421875 0.13128662109375
-0.112312316894531 -0.130836486816406 0.332000732421875 -0.262359619140625
-0.151992797851563 0.00711059570312497 0.0860595703125 -0.225006103515625
-0.0873260498046875 0.0972900390625 0.0102157592773437 -0.0698280334472656
0.022308349609375 0.1024169921875 0.0648918151855469 0.0200424194335938
0.0658073425292969 0.0683059692382813 0.130264282226563 0.0589370727539063
0.04205322265625 0.0616226196289062 0.16131591796875 0.0800933837890625
0.0524139404296875 0.0559768676757812 0.238876342773438 0.189300537109375
0.0351028442382813 0.0746612548828125 0.218780517578125 0.3626708984375
-0.01214599609375 0.0725326538085938 0.055419921875 0.51019287109375
-0.0681533813476563 0.0648689270019531 -0.2921142578125 0.533966064453125
-0.108367919921875 -0.00865173339843748 -0.6510009765625 0.26361083984375
-0.0378036499023438 -0.0647125244140625 -0.6566162109375 -0.024658203125
0.00190353393554688 -0.0608329772949219 -0.58941650390625 -0.3111572265625
0.306396484375 -0.134552001953125 -0.06805419921875 0.348785400390625
0.181747436523438 -0.276687622070313 0.321258544921875 0.15673828125
-0.1766357421875 -0.299163818359375 0.345245361328125 -0.184356689453125
-0.300994873046875 -0.0228881835937499 0.171127319335937 -0.210418701171875
-0.19329833984375 0.185562133789063 0.0504837036132812 -0.139732360839844
0.03564453125 0.226638793945313 0.0532569885253906 -0.0462532043457031
0.130874633789063 0.152236938476563 0.0882339477539063 0.0244903564453125
0.0933151245117188 0.134475708007812 0.129867553710938 0.0612106323242188
0.116432189941406 0.126518249511719 0.224960327148438 0.176010131835938
0.0713958740234375 0.156204223632813 0.220489501953125 0.342254638671875
-0.036956787109375 0.1624755859375 0.0587158203125 0.492889404296875
-0.156661987304687 0.102508544921875 -0.279266357421875 0.527099609375
-0.194442749023437 -0.0964813232421875 -0.62579345703125 0.27410888671875
-0.00981140136718749 -0.205780029296875 -0.65087890625 -0.00860595703124994
0.159210205078125 -0.13720703125 -0.57659912109375 -0.310546875
0.423614501953125 -0.179718017578125 -0.0101318359375 0.335723876953125
0.214019775390625 -0.386260986328125 0.29205322265625 0.20208740234375
-0.242462158203125 -0.384979248046875 0.3985595703125 -0.09539794921875
-0.387969970703125 -0.017425537109375 0.289886474609375 -0.225830078125
-0.24102783203125 0.244827270507813 0.096160888671875 -0.246307373046875
0.0526123046875 0.298980712890625 0.0189971923828125 -0.147415161132812
0.171249389648438 0.206863403320313 0.0179595947265625 -0.0286579132080078
0.130813598632813 0.18988037109375 0.0773696899414063 0.0336532592773438
0.168670654296875 0.184921264648438 0.188247680664063 0.154144287109375
0.101211547851563 0.233978271484375 0.192901611328125 0.30810546875
-0.0703277587890625 0.249160766601563 0.035064697265625 0.45086669921875
-0.251785278320313 0.13177490234375 -0.279083251953125 0.48492431640625
-0.269943237304688 -0.194671630859375 -0.58782958984375 0.24957275390625
0.031494140625 -0.3343505859375 -0.61444091796875 -0.0191650390624999
0.2999267578125 -0.19189453125 -0.515380859375 -0.316162109375
0.470245361328125 -0.20355224609375 0.087432861328125 0.331512451171875
0.196075439453125 -0.42254638671875 0.322357177734375 0.24932861328125
-0.2718505859375 -0.378631591796875 0.490631103515625 -0.05078125
-0.387420654296875 0.00872802734375004 0.39422607421875 -0.29248046875
-0.226593017578125 0.258407592773438 0.11444091796875 -0.36712646484375
0.067230224609375 0.308349609375 -0.03778076171875 -0.25146484375
0.182693481445313 0.226165771484375 -0.06524658203125 -0.085968017578125
0.147842407226563 0.218780517578125 0.0141191482543945 -0.00111961364746092
0.197219848632812 0.225540161132812 0.127166748046875 0.117446899414063
0.1092529296875 0.29681396484375 0.134780883789063 0.250503540039063
-0.1192626953125 0.31158447265625 -0.00930786132812499 0.37005615234375
-0.3406982421875 0.128265380859375 -0.269683837890625 0.402252197265625
-0.300262451171875 -0.298370361328125 -0.51971435546875 0.2054443359375
0.09625244140625 -0.41986083984375 -0.552947998046875 -0.037017822265625
0.4014892578125 -0.21002197265625 -0.410400390625 -0.323486328125
0.44586181640625 -0.20062255859375 0.21112060546875 0.32818603515625
0.162689208984375 -0.383636474609375 0.402923583984375 0.26318359375
-0.2403564453125 -0.3121337890625 0.57598876953125 -0.0701904296875
-0.315704345703125 0.020965576171875 0.444061279296875 -0.3863525390625
-0.176422119140625 0.217666625976563 0.099853515625 -0.466552734375
0.068328857421875 0.265762329101563 -0.104766845703125 -0.3319091796875
0.1651611328125 0.21112060546875 -0.14501953125 -0.13348388671875
0.140853881835938 0.216049194335937 -0.051666259765625 -0.0373878479003906
0.1932373046875 0.23834228515625 0.04742431640625 0.06695556640625
0.088287353515625 0.323822021484375 0.058197021484375 0.166473388671875
-0.172576904296875 0.313629150390625 -0.0467681884765625 0.252822875976563
-0.384368896484375 0.07330322265625 -0.228271484375 0.295379638671875
-0.253692626953125 -0.3734130859375 -0.42645263671875 0.179046630859375
0.172698974609375 -0.427642822265625 -0.4864501953125 -0.03985595703125
0.44256591796875 -0.182403564453125 -0.284210205078125 -0.328033447265625
0.3621826171875 -0.1690673828125 0.343353271484375 0.3197021484375
0.1331787109375 -0.2928466796875 0.497283935546875 0.233184814453125
-0.165206909179687 -0.227203369140625 0.61932373046875 -0.1318359375
-0.212692260742188 0.011077880859375 0.436492919921875 -0.4681396484375
-0.1182861328125 0.145462036132812 0.064971923828125 -0.525543212890625
0.0546112060546875 0.192398071289063 -0.16326904296875 -0.37506103515625
0.1239013671875 0.170379638671875 -0.20770263671875 -0.163406372070313
0.112777709960937 0.18182373046875 -0.110595703125 -0.0675201416015625
0.1552734375 0.216201782226563 -0.0335502624511719 0.0085868835449219
0.045318603515625 0.29095458984375 -0.0109710693359375 0.0665283203125
-0.195755004882813 0.243728637695312 -0.0514984130859375 0.128471374511719
-0.34014892578125 -0.00973510742187506 -0.151702880859375 0.213973999023437
-0.139801025390625 -0.366241455078125 -0.3466796875 0.198638916015625
0.22320556640625 -0.3411865234375 -0.448577880859375 -0.031036376953125
0.402801513671875 -0.119232177734375 -0.15301513671875 -0.327606201171875
0.2374267578125 -0.112930297851562 0.45745849609375 0.301116943359375
0.110733032226563 -0.175308227539062 0.573974609375 0.1759033203125
-0.0774078369140625 -0.145523071289063 0.6224365234375 -0.19775390625
-0.111053466796875 -0.0112075805664063 0.399993896484375 -0.5201416015625
-0.0671501159667969 0.0651512145996094 0.0279541015625 -0.54461669921875
0.027587890625 0.109451293945313 -0.207000732421875 -0.387786865234375
0.0652847290039062 0.111991882324219 -0.250213623046875 -0.17620849609375
0.0663909912109375 0.122360229492188 -0.15435791015625 -0.087432861328125
0.090606689453125 0.154800415039062 -0.0959854125976563 -0.0435333251953125
0.00202941894531252 0.195892333984375 -0.0547523498535156 -0.0188865661621094
-0.158248901367188 0.1236572265625 -0.0276718139648438 0.041229248046875
-0.206619262695313 -0.0641937255859375 -0.077362060546875 0.181503295898438
-0.01837158203125 -0.250900268554688 -0.320068359375 0.24005126953125
0.20318603515625 -0.183029174804688 -0.44195556640625 -0.0302734375000001
0.275100708007813 -0.0413665771484375 -0.03839111328125 -0.322174072265625
-0.0943222045898437 0.0075836181640625 -0.030914306640625 0.374664306640625
-0.0388755798339844 0.0438766479492187 0.4190673828125 0.087677001953125
-0.04229736328125 0.0718002319335938 0.3016357421875 -0.305938720703125
0.0299263000488281 0.0496940612792969 0.04071044921875 -0.230804443359375
0.0427017211914063 -0.00786209106445313 -0.0017852783203125 -0.042510986328125
0.00512313842773438 -0.0455131530761719 0.0584068298339844 0.0283088684082031
-0.0126571655273438 -0.0264015197753906 0.129417419433594 0.0574264526367187
-0.0135421752929688 -0.0166511535644531 0.160476684570313 0.083831787109375
-0.0152034759521484 -0.0182418823242187 0.230926513671875 0.183639526367188
0.00177574157714844 -0.00970935821533203 0.2049560546875 0.357177734375
0.0127964019775391 -0.014277458190918 0.04931640625 0.507354736328125
0.0173397064208984 0.0305423736572266 -0.293792724609375 0.519439697265625
-0.0199966430664062 0.0751495361328125 -0.6534423828125 0.24151611328125
-0.0583038330078125 0.071990966796875 -0.62713623046875 -0.04815673828125
-0.15252685546875 0.0243072509765625 -0.547210693359375 -0.298828125
0.117881774902344 -0.071929931640625 -0.069061279296875 0.362152099609375
0.0828857421875 -0.126327514648438 0.3748779296875 0.1129150390625
-0.11126708984375 -0.125740051269531 0.31109619140625 -0.27459716796875
-0.147506713867188 0.011322021484375 0.0727691650390625 -0.223785400390625
-0.0830841064453125 0.10107421875 0.00708770751953125 -0.0677223205566406
0.02703857421875 0.0987396240234375 0.0627593994140625 0.01580810546875
0.06854248046875 0.0623550415039062 0.124893188476563 0.053131103515625
0.0440101623535156 0.0594596862792969 0.155014038085938 0.0753326416015625
0.0520591735839844 0.0536766052246094 0.236587524414063 0.17822265625
0.0367355346679688 0.0688323974609375 0.222930908203125 0.34686279296875
-0.00963211059570313 0.0688858032226563 0.069244384765625 0.49822998046875
-0.0630226135253906 0.064788818359375 -0.266998291015625 0.53466796875
-0.103195190429688 -0.00184631347656248 -0.6302490234375 0.28131103515625
-0.0385475158691406 -0.0633697509765625 -0.64434814453125 -0.00433349609375004
-0.000217437744140625 -0.0575523376464844 -0.590087890625 -0.2889404296875
0.297332763671875 -0.139190673828125 -0.055084228515625 0.341705322265625
0.1739501953125 -0.279556274414063 0.32012939453125 0.141448974609375
-0.18096923828125 -0.289306640625 0.32647705078125 -0.197540283203125
-0.294921875 -0.01312255859375 0.157257080078125 -0.211822509765625
-0.18402099609375 0.191421508789063 0.0441665649414063 -0.137741088867188
0.044769287109375 0.219635009765625 0.0486793518066406 -0.0497779846191406
0.135025024414063 0.1409912109375 0.0835952758789063 0.020843505859375
0.0961990356445313 0.129119873046875 0.123916625976562 0.0572586059570312
0.117012023925781 0.120018005371094 0.224746704101562 0.165176391601562
0.074798583984375 0.14617919921875 0.224884033203125 0.326385498046875
-0.030670166015625 0.157241821289063 0.0731201171875 0.48077392578125
-0.146896362304688 0.103652954101563 -0.25469970703125 0.52972412109375
-0.189010620117188 -0.084930419921875 -0.605712890625 0.29168701171875
-0.014617919921875 -0.202117919921875 -0.6375732421875 0.0114135742187501
0.152999877929688 -0.136474609375 -0.57879638671875 -0.288330078125
0.41302490234375 -0.187530517578125 0.00234985351562499 0.32586669921875
0.201904296875 -0.38763427734375 0.292694091796875 0.1875
-0.248199462890625 -0.371826171875 0.382843017578125 -0.11077880859375
-0.3792724609375 -0.00415039062499998 0.273818969726563 -0.231033325195312
-0.227767944335938 0.250823974609375 0.085052490234375 -0.2451171875
0.064178466796875 0.28839111328125 0.0123443603515625 -0.14801025390625
0.177154541015625 0.192657470703125 0.0140819549560547 -0.0297107696533203
0.134674072265625 0.182144165039063 0.073944091796875 0.0304718017578125
0.170608520507813 0.174270629882813 0.19000244140625 0.142410278320313
0.106582641601562 0.220001220703125 0.198089599609375 0.29296875
-0.059722900390625 0.243270874023437 0.04656982421875 0.441162109375
-0.238815307617188 0.1356201171875 -0.2562255859375 0.487518310546875
-0.265380859375 -0.179290771484375 -0.56768798828125 0.26519775390625
0.0228271484375 -0.328887939453125 -0.60211181640625 0.00195312499999992
0.290130615234375 -0.194549560546875 -0.5189208984375 -0.294097900390625
0.455718994140625 -0.212554931640625 0.09844970703125 0.31884765625
0.183349609375 -0.422119140625 0.323944091796875 0.234527587890625
-0.27520751953125 -0.363677978515625 0.47705078125 -0.06787109375
-0.3773193359375 0.020538330078125 0.374176025390625 -0.299530029296875
-0.213668823242188 0.261383056640625 0.098724365234375 -0.36376953125
0.077545166015625 0.295928955078125 -0.0465850830078125 -0.248260498046875
0.188751220703125 0.211578369140625 -0.0676651000976562 -0.082763671875
0.153076171875 0.209564208984375 0.0123968124389649 -0.00247669219970702
0.199188232421875 0.212753295898438 0.130126953125 0.108612060546875
0.117462158203125 0.281646728515625 0.140167236328125 0.238937377929688
-0.105682373046875 0.30694580078125 0.00106811523437496 0.36376953125
-0.328582763671875 0.1353759765625 -0.25115966796875 0.40545654296875
-0.29962158203125 -0.2816162109375 -0.500701904296875 0.22021484375
0.083648681640625 -0.415802001953125 -0.5421142578125 -0.0164489746093751
0.391082763671875 -0.215850830078125 -0.416748046875 -0.303131103515625
0.431732177734375 -0.20819091796875 0.2196044921875 0.31365966796875
0.150726318359375 -0.382293701171875 0.405303955078125 0.24688720703125
-0.242279052734375 -0.2984619140625 0.560272216796875 -0.089874267578125
-0.305206298828125 0.0296630859375 0.4208984375 -0.39398193359375
-0.165802001953125 0.2198486328125 0.08099365234375 -0.45977783203125
0.077301025390625 0.253509521484375 -0.11346435546875 -0.32330322265625
0.171157836914063 0.197967529296875 -0.14556884765625 -0.127334594726563
0.146347045898438 0.207794189453125 -0.05133056640625 -0.0375938415527344
0.196075439453125 0.2255859375 0.05108642578125 0.0608787536621094
0.09765625 0.310302734375 0.0626068115234375 0.159347534179688
-0.1578369140625 0.31231689453125 -0.0402374267578125 0.249954223632813
-0.37451171875 0.08282470703125 -0.213775634765625 0.2996826171875
-0.25762939453125 -0.35736083984375 -0.40850830078125 0.1912841796875
0.159088134765625 -0.427276611328125 -0.475799560546875 -0.02069091796875
0.43353271484375 -0.190185546875 -0.291168212890625 -0.3101806640625
0.352508544921875 -0.174713134765625 0.349639892578125 0.300567626953125
0.124908447265625 -0.292755126953125 0.497955322265625 0.2149658203125
-0.165771484375 -0.217453002929688 0.60284423828125 -0.15167236328125
-0.204315185546875 0.016632080078125 0.41082763671875 -0.47467041015625
-0.111419677734375 0.146224975585938 0.04608154296875 -0.516265869140625
0.0604095458984375 0.182754516601563 -0.17242431640625 -0.363006591796875
0.129348754882813 0.159820556640625 -0.20703125 -0.154998779296875
0.117202758789062 0.175155639648437 -0.108543395996094 -0.0666885375976562
0.15863037109375 0.20513916015625 -0.0303020477294922 0.0069713592529297
0.0554656982421875 0.280624389648438 -0.00856781005859374 0.0651817321777344
-0.184539794921875 0.244293212890625 -0.0487823486328125 0.12774658203125
-0.334625244140625 -0.000213623046875015 -0.140914916992188 0.21533203125
-0.14605712890625 -0.3555908203125 -0.3282470703125 0.21026611328125
0.212646484375 -0.345123291015625 -0.438385009765625 -0.0107421875000001
0.39605712890625 -0.12786865234375 -0.162506103515625 -0.313507080078125
0.230682373046875 -0.115798950195313 0.4605712890625 0.2801513671875
0.10565185546875 -0.176956176757812 0.56976318359375 0.15716552734375
-0.076904296875 -0.14105224609375 0.604248046875 -0.215576171875
-0.107124328613281 -0.00856018066406252 0.3731689453125 -0.525390625
-0.0649070739746094 0.0658531188964844 0.0101318359375 -0.532501220703125
0.0314865112304688 0.104354858398437 -0.214141845703125 -0.37176513671875
0.0713119506835937 0.106231689453125 -0.247055053710937 -0.165451049804688
0.070556640625 0.11822509765625 -0.150802612304688 -0.08563232421875
0.0937957763671875 0.148162841796875 -0.0929718017578125 -0.041900634765625
0.0102691650390625 0.189590454101563 -0.0545806884765625 -0.0168304443359375
-0.15252685546875 0.126495361328125 -0.0279579162597656 0.0406761169433594
-0.205154418945312 -0.0585479736328125 -0.0681304931640625 0.181076049804688
-0.0232086181640625 -0.247451782226563 -0.299957275390625 0.251190185546875
0.196868896484375 -0.190048217773438 -0.43243408203125 -0.0086364746093751
0.272125244140625 -0.047515869140625 -0.048828125 -0.311981201171875
-0.0954666137695313 0.0124435424804688 -0.02398681640625 0.3743896484375
-0.0362091064453125 0.0439262390136719 0.421630859375 0.075164794921875
-0.039031982421875 0.0721511840820312 0.2894287109375 -0.31793212890625
0.0321006774902344 0.0482864379882813 0.03265380859375 -0.232330322265625
0.0429878234863281 -0.0073089599609375 -0.0027313232421875 -0.0416221618652344
0.006103515625 -0.0454978942871094 0.0570487976074219 0.0270042419433594
-0.0119457244873047 -0.0271015167236328 0.126457214355469 0.0560760498046875
-0.013031005859375 -0.0160493850708008 0.156967163085938 0.083740234375
-0.0148944854736328 -0.0160655975341797 0.2305908203125 0.18109130859375
0.00141239166259766 -0.0108604431152344 0.20892333984375 0.35223388671875
0.0119161605834961 -0.0147542953491211 0.058807373046875 0.505645751953125
0.0196075439453125 0.029937744140625 -0.282501220703125 0.527587890625
-0.0166397094726563 0.0773086547851563 -0.65069580078125 0.25592041015625
-0.057525634765625 0.0711288452148437 -0.63055419921875 -0.0375366210937501
-0.153717041015625 0.027679443359375 -0.557037353515625 -0.29290771484375
0.117210388183594 -0.072174072265625 -0.06195068359375 0.362091064453125
0.0843505859375 -0.130119323730469 0.378936767578125 0.10272216796875
-0.112892150878906 -0.126495361328125 0.298980712890625 -0.287353515625
-0.146697998046875 0.0137481689453125 0.064849853515625 -0.2247314453125
-0.0808944702148438 0.105873107910156 0.00524139404296874 -0.0671539306640625
0.0314712524414063 0.0978012084960938 0.0609321594238281 0.0127220153808594
0.071197509765625 0.058563232421875 0.121772766113281 0.0506744384765625
0.0459747314453125 0.0583305358886719 0.151779174804688 0.0750579833984375
0.0532722473144531 0.0529975891113281 0.2371826171875 0.1751708984375
0.03759765625 0.0648765563964844 0.22686767578125 0.33935546875
-0.00799179077148437 0.0671653747558594 0.079376220703125 0.496917724609375
-0.0595588684082031 0.0651206970214844 -0.256011962890625 0.543426513671875
-0.0996475219726563 0.00203704833984377 -0.627197265625 0.2957763671875
-0.0386161804199219 -0.0640029907226563 -0.64691162109375 0.0062255859375001
-0.00122451782226563 -0.0557975769042969 -0.5986328125 -0.283447265625
0.298095703125 -0.144256591796875 -0.0482177734375 0.3406982421875
0.174102783203125 -0.286712646484375 0.32305908203125 0.133636474609375
-0.18499755859375 -0.289825439453125 0.315765380859375 -0.2093505859375
-0.29547119140625 -0.00906372070312495 0.150405883789063 -0.214706420898438
-0.179931640625 0.19952392578125 0.0416641235351562 -0.137733459472656
0.052215576171875 0.217575073242187 0.0463294982910156 -0.0527610778808594
0.139808654785156 0.134857177734375 0.0800018310546875 0.0186767578125
0.1002197265625 0.127235412597656 0.121490478515625 0.0565414428710938
0.119064331054687 0.117042541503906 0.22637939453125 0.161041259765625
0.0763931274414062 0.140426635742188 0.22943115234375 0.319915771484375
-0.0279083251953125 0.154693603515625 0.081146240234375 0.481414794921875
-0.142562866210938 0.104537963867187 -0.244384765625 0.537445068359375
-0.186386108398438 -0.079345703125 -0.6005859375 0.30499267578125
-0.01702880859375 -0.2022705078125 -0.63934326171875 0.02325439453125
0.152664184570313 -0.13629150390625 -0.58746337890625 -0.2799072265625
0.41265869140625 -0.19482421875 0.0101928710937501 0.324371337890625
0.19970703125 -0.39508056640625 0.296875 0.18017578125
-0.25506591796875 -0.369537353515625 0.374908447265625 -0.122467041015625
-0.37896728515625 0.00195312500000008 0.267059326171875 -0.235641479492187
-0.2227783203125 0.258895874023438 0.07989501953125 -0.246002197265625
0.07177734375 0.285369873046875 0.00746154785156251 -0.151092529296875
0.182388305664062 0.184555053710937 0.0107326507568359 -0.0299587249755859
0.13922119140625 0.179534912109375 0.0710525512695313 0.02978515625
0.1728515625 0.169921875 0.192718505859375 0.137298583984375
0.109359741210937 0.213165283203125 0.202484130859375 0.287445068359375
-0.0551300048828125 0.241012573242188 0.055267333984375 0.442291259765625
-0.234481811523438 0.138275146484375 -0.244903564453125 0.4981689453125
-0.264694213867187 -0.172775268554688 -0.56329345703125 0.2777099609375
0.01910400390625 -0.33148193359375 -0.6031494140625 0.0127563476562501
0.29058837890625 -0.1971435546875 -0.527618408203125 -0.285919189453125
0.456024169921875 -0.219451904296875 0.10614013671875 0.315338134765625
0.18011474609375 -0.428741455078125 0.329132080078125 0.22869873046875
-0.281646728515625 -0.361053466796875 0.47320556640625 -0.07940673828125
-0.374603271484375 0.0263977050781251 0.36822509765625 -0.307830810546875
-0.20733642578125 0.268783569335938 0.0924072265625 -0.365386962890625
0.085235595703125 0.29095458984375 -0.0533599853515625 -0.25079345703125
0.194290161132812 0.203018188476562 -0.0716094970703125 -0.081878662109375
0.158935546875 0.207168579101563 0.010991096496582 -0.00372886657714843
0.203582763671875 0.207870483398438 0.133018493652344 0.102996826171875
0.12213134765625 0.274612426757813 0.144058227539063 0.234451293945313
-0.099212646484375 0.306854248046875 0.00732421875 0.366241455078125
-0.324981689453125 0.140167236328125 -0.243011474609375 0.414276123046875
-0.302154541015625 -0.27557373046875 -0.493804931640625 0.2303466796875
0.0784912109375 -0.4208984375 -0.543548583984375 -0.00463867187499991
0.392303466796875 -0.219818115234375 -0.4251708984375 -0.295928955078125
0.43218994140625 -0.214080810546875 0.228240966796875 0.307586669921875
0.14752197265625 -0.38916015625 0.411376953125 0.240966796875
-0.246002197265625 -0.2960205078125 0.559722900390625 -0.10369873046875
-0.301116943359375 0.0333251953124999 0.413238525390625 -0.40338134765625
-0.160858154296875 0.224090576171875 0.07177734375 -0.461578369140625
0.083099365234375 0.247817993164062 -0.122100830078125 -0.323760986328125
0.177642822265625 0.1895751953125 -0.148422241210938 -0.125274658203125
0.152862548828125 0.20501708984375 -0.0523033142089844 -0.0386123657226562
0.200851440429688 0.221099853515625 0.0535087585449219 0.0568771362304688
0.1043701171875 0.302764892578125 0.0655517578125 0.157699584960938
-0.1512451171875 0.3153076171875 -0.0372772216796875 0.25299072265625
-0.37359619140625 0.089996337890625 -0.2071533203125 0.30633544921875
-0.2628173828125 -0.35455322265625 -0.401611328125 0.20098876953125
0.153839111328125 -0.434326171875 -0.47637939453125 -0.00759887695312506
0.437164306640625 -0.195556640625 -0.299713134765625 -0.304107666015625
0.353485107421875 -0.179168701171875 0.356964111328125 0.29547119140625
0.122283935546875 -0.297332763671875 0.505859375 0.20849609375
-0.167083740234375 -0.216629028320312 0.60211181640625 -0.16680908203125
-0.201065063476563 0.01776123046875 0.400665283203125 -0.483367919921875
-0.108444213867188 0.14898681640625 0.0350341796875 -0.516937255859375
0.0645904541015625 0.17864990234375 -0.180023193359375 -0.36029052734375
0.135162353515625 0.15350341796875 -0.208343505859375 -0.151763916015625
0.12322998046875 0.17352294921875 -0.109306335449219 -0.0684738159179688
0.163742065429688 0.201553344726563 -0.028076171875 0.00397109985351564
0.06134033203125 0.275466918945313 -0.00753402709960937 0.0646171569824219
-0.180007934570312 0.249237060546875 -0.0491867065429688 0.129554748535156
-0.336700439453125 0.00430297851562501 -0.13507080078125 0.220077514648438
-0.150604248046875 -0.356292724609375 -0.318756103515625 0.219207763671875
0.209381103515625 -0.352935791015625 -0.438018798828125 0.00158691406249992
0.400054931640625 -0.13330078125 -0.1707763671875 -0.308258056640625
0.232528686523438 -0.11871337890625 0.470001220703125 0.27447509765625
0.104873657226563 -0.181427001953125 0.5789794921875 0.14794921875
-0.0772705078125 -0.14215087890625 0.60162353515625 -0.23138427734375
-0.104316711425781 -0.00742340087890627 0.361663818359375 -0.5347900390625
-0.0635108947753906 0.0684585571289063 -0.00241088867187495 -0.533172607421875
0.0344696044921875 0.101066589355469 -0.2198486328125 -0.3681640625
0.076202392578125 0.101737976074219 -0.248123168945313 -0.162124633789063
0.074981689453125 0.117393493652344 -0.150802612304688 -0.0876312255859375
0.0974273681640625 0.1468505859375 -0.0921173095703125 -0.043914794921875
0.014434814453125 0.187225341796875 -0.0550575256347656 -0.0172576904296875
-0.150543212890625 0.13079833984375 -0.0296630859375 0.041473388671875
-0.208740234375 -0.056488037109375 -0.0622100830078125 0.182693481445313
-0.02484130859375 -0.250015258789063 -0.28912353515625 0.26153564453125
0.196441650390625 -0.197189331054688 -0.432464599609375 0.00573730468750007
0.275588989257812 -0.05059814453125 -0.056915283203125 -0.308624267578125
-0.0972518920898437 0.0180435180664063 -0.01373291015625 0.38287353515625
-0.0343170166015625 0.0443649291992187 0.43408203125 0.059661865234375
-0.0370941162109375 0.0741348266601562 0.279449462890625 -0.34197998046875
0.0344810485839844 0.0477180480957031 0.0222625732421875 -0.238525390625
0.0459709167480469 -0.007293701171875 -0.00320816040039062 -0.04083251953125
0.007171630859375 -0.0471343994140625 0.0577125549316406 0.0264244079589844
-0.0122756958007813 -0.0293903350830078 0.126930236816406 0.0559921264648438
-0.0126438140869141 -0.0161323547363281 0.159164428710938 0.08551025390625
-0.0144224166870117 -0.0151348114013672 0.238693237304688 0.182098388671875
0.000517845153808594 -0.0114860534667969 0.220947265625 0.3543701171875
0.0106353759765625 -0.0154523849487305 0.07440185546875 0.517608642578125
0.0223159790039063 0.0299606323242188 -0.274658203125 0.5528564453125
-0.0132369995117187 0.0809326171875 -0.6622314453125 0.2847900390625
-0.0588531494140625 0.073028564453125 -0.64874267578125 -0.0195312499999999
-0.157562255859375 0.033905029296875 -0.582763671875 -0.2891845703125
0.120498657226563 -0.075653076171875 -0.052642822265625 0.372467041015625
0.0868301391601563 -0.139289855957031 0.3907470703125 0.0902099609375
-0.12030029296875 -0.128585815429688 0.28857421875 -0.309539794921875
-0.150924682617188 0.0172271728515625 0.0561370849609375 -0.231826782226563
-0.07794189453125 0.112945556640625 0.00375747680664062 -0.0674629211425781
0.0379257202148438 0.0989151000976563 0.0614204406738281 0.0103034973144531
0.0756301879882812 0.0550460815429687 0.121711730957031 0.050811767578125
0.0498123168945312 0.0581893920898437 0.153076171875 0.0758819580078125
0.0572471618652344 0.0530967712402344 0.245208740234375 0.173492431640625
0.0385284423828125 0.064239501953125 0.238616943359375 0.340423583984375
-0.00790405273437499 0.0675239562988281 0.0951843261718749 0.50762939453125
-0.0566864013671875 0.0663490295410156 -0.24505615234375 0.5684814453125
-0.0984573364257812 0.00697326660156248 -0.6341552734375 0.32342529296875
-0.0419387817382812 -0.0650253295898438 -0.66558837890625 0.0251464843749999
-0.00229263305664062 -0.0536422729492188 -0.6259765625 -0.27740478515625
0.304779052734375 -0.1552734375 -0.0389404296875 0.348175048828125
0.17449951171875 -0.304901123046875 0.335662841796875 0.1240234375
-0.2003173828125 -0.294342041015625 0.308929443359375 -0.2291259765625
-0.30377197265625 -0.00177001953125004 0.14495849609375 -0.224197387695312
-0.177047729492188 0.21221923828125 0.03948974609375 -0.142059326171875
0.0621490478515625 0.218719482421875 0.0437164306640625 -0.0578536987304687
0.147491455078125 0.130325317382813 0.0790786743164063 0.0191879272460938
0.106742858886719 0.127273559570313 0.121955871582031 0.05767822265625
0.125411987304688 0.1156005859375 0.234710693359375 0.1583251953125
0.0795364379882812 0.13824462890625 0.242279052734375 0.31915283203125
-0.02508544921875 0.15618896484375 0.097015380859375 0.49041748046875
-0.141342163085938 0.108505249023437 -0.23175048828125 0.56341552734375
-0.18804931640625 -0.0748291015625 -0.6070556640625 0.33367919921875
-0.0225067138671875 -0.20703125 -0.65655517578125 0.0417480468750001
0.155227661132813 -0.140289306640625 -0.6165771484375 -0.27410888671875
0.4219970703125 -0.210479736328125 0.0211486816406251 0.330047607421875
0.19818115234375 -0.416717529296875 0.309112548828125 0.174163818359375
-0.272979736328125 -0.3746337890625 0.37396240234375 -0.138641357421875
-0.38848876953125 0.0120544433593751 0.266815185546875 -0.249893188476563
-0.217666625976562 0.275009155273438 0.075958251953125 -0.254074096679687
0.0833740234375 0.285400390625 0.000930786132812493 -0.158615112304687
0.19207763671875 0.179046630859375 0.0075206756591797 -0.0294742584228515
0.149078369140625 0.179046630859375 0.0709991455078125 0.0305709838867188
0.18267822265625 0.168609619140625 0.200592041015625 0.133865356445313
0.116561889648438 0.210784912109375 0.215301513671875 0.28656005859375
-0.0491790771484375 0.246444702148438 0.071380615234375 0.4522705078125
-0.234954833984375 0.145751953125 -0.235748291015625 0.52288818359375
-0.272109985351562 -0.168807983398438 -0.56829833984375 0.301513671875
0.01171875 -0.34100341796875 -0.6207275390625 0.0308837890625
0.297698974609375 -0.206298828125 -0.553253173828125 -0.2799072265625
0.465545654296875 -0.236541748046875 0.119140625 0.318939208984375
0.17626953125 -0.44903564453125 0.344970703125 0.223907470703125
-0.299102783203125 -0.364013671875 0.477996826171875 -0.098419189453125
-0.381805419921875 0.0353088378906249 0.368133544921875 -0.326934814453125
-0.20220947265625 0.283416748046875 0.082916259765625 -0.37750244140625
0.0968017578125 0.291412353515625 -0.0640869140625 -0.257797241210938
0.205764770507812 0.19622802734375 -0.0768280029296875 -0.0805282592773438
0.170425415039063 0.206558227539063 0.00856542587280275 -0.00346994400024413
0.215133666992188 0.205825805664063 0.13958740234375 0.0998306274414063
0.131881713867187 0.27337646484375 0.154632568359375 0.234375
-0.0916748046875 0.315399169921875 0.01806640625 0.37677001953125
-0.328765869140625 0.1517333984375 -0.235687255859375 0.4359130859375
-0.314544677734375 -0.273956298828125 -0.4989013671875 0.2520751953125
0.070831298828125 -0.435089111328125 -0.55657958984375 0.0116271972656249
0.403900146484375 -0.234588623046875 -0.447845458984375 -0.2900390625
0.441436767578125 -0.23040771484375 0.244171142578125 0.309234619140625
0.14324951171875 -0.4052734375 0.430389404296875 0.23651123046875
-0.25872802734375 -0.29791259765625 0.56744384765625 -0.12371826171875
-0.30511474609375 0.040618896484375 0.411224365234375 -0.426513671875
-0.156036376953125 0.235595703125 0.05908203125 -0.475921630859375
0.0931549072265625 0.246856689453125 -0.13604736328125 -0.32928466796875
0.18756103515625 0.1837158203125 -0.155899047851563 -0.123138427734375
0.164505004882813 0.204315185546875 -0.0561332702636719 -0.0397796630859375
0.213119506835938 0.2198486328125 0.0576057434082031 0.0536155700683594
0.11480712890625 0.304168701171875 0.07122802734375 0.157791137695313
-0.146240234375 0.327484130859375 -0.03216552734375 0.26220703125
-0.382415771484375 0.10150146484375 -0.2030029296875 0.32293701171875
-0.27740478515625 -0.358734130859375 -0.401611328125 0.2174072265625
0.147979736328125 -0.452484130859375 -0.488006591796875 0.00897216796874992
0.450103759765625 -0.21173095703125 -0.319000244140625 -0.30108642578125
0.3599853515625 -0.192413330078125 0.3775634765625 0.293060302734375
0.118865966796875 -0.3111572265625 0.5279541015625 0.200347900390625
-0.1759033203125 -0.218460083007812 0.6099853515625 -0.19073486328125
-0.202224731445312 0.0217132568359375 0.396697998046875 -0.50799560546875
-0.10528564453125 0.156707763671875 0.019561767578125 -0.5289306640625
0.071685791015625 0.17645263671875 -0.194061279296875 -0.364501953125
0.144943237304688 0.148513793945313 -0.216796875 -0.14923095703125
0.1337890625 0.172882080078125 -0.114486694335937 -0.0696868896484375
0.174407958984375 0.201461791992187 -0.0285663604736328 0.0016155242919922
0.0706939697265625 0.277755737304688 -0.00625991821289062 0.0650596618652344
-0.177658081054688 0.261459350585938 -0.0486221313476563 0.135879516601563
-0.34649658203125 0.0137329101562499 -0.130035400390625 0.230911254882813
-0.1622314453125 -0.364532470703125 -0.314605712890625 0.2359619140625
0.2076416015625 -0.372283935546875 -0.4473876953125 0.02044677734375
0.413543701171875 -0.14654541015625 -0.185943603515625 -0.308135986328125
0.237716674804688 -0.127395629882813 0.49090576171875 0.27093505859375
0.103164672851563 -0.191436767578125 0.6021728515625 0.13763427734375
-0.0821990966796875 -0.144271850585938 0.61083984375 -0.25604248046875
-0.104072570800781 -0.00673675537109373 0.353668212890625 -0.559173583984375
-0.0616989135742188 0.0717697143554687 -0.017822265625 -0.545867919921875
0.0391159057617188 0.0993118286132813 -0.235260009765625 -0.370635986328125
0.0836334228515625 0.0986251831054687 -0.255691528320313 -0.158782958984375
0.0824737548828125 0.117103576660156 -0.157379150390625 -0.0885772705078124
0.105804443359375 0.147216796875 -0.0954055786132813 -0.0457077026367187
0.0201568603515625 0.189590454101563 -0.0576629638671875 -0.0166053771972656
-0.151229858398438 0.139572143554688 -0.0309867858886719 0.0433158874511719
-0.217086791992188 -0.0543975830078125 -0.05584716796875 0.189437866210938
-0.030242919921875 -0.259735107421875 -0.282928466796875 0.2801513671875
0.198974609375 -0.210830688476563 -0.441558837890625 0.02435302734375
0.287384033203125 -0.05767822265625 -0.06884765625 -0.31201171875
-0.0990219116210938 0.026336669921875 0.00698852539062503 0.394439697265625
-0.0324249267578125 0.044891357421875 0.4501953125 0.030914306640625
-0.033935546875 0.078094482421875 0.25921630859375 -0.373138427734375
0.0378150939941406 0.0467033386230469 0.00526428222656248 -0.247161865234375
0.0488624572753906 -0.009063720703125 -0.00477218627929687 -0.0418052673339844
0.00678634643554687 -0.0496826171875 0.0598526000976563 0.0244789123535156
-0.0139904022216797 -0.0307788848876953 0.130477905273438 0.0533828735351563
-0.0126314163208008 -0.01708984375 0.1656494140625 0.0841827392578125
-0.0136890411376953 -0.014521598815918 0.252914428710938 0.176666259765625
-0.000930786132812501 -0.0120658874511719 0.244110107421875 0.35400390625
0.00844573974609375 -0.0159006118774414 0.10589599609375 0.52874755859375
0.0258541107177734 0.0294437408447266 -0.24853515625 0.589599609375
-0.00808715820312499 0.0858612060546875 -0.67010498046875 0.33514404296875
-0.0589599609375 0.0772628784179688 -0.6737060546875 0.0148925781249999
-0.16143798828125 0.046051025390625 -0.62127685546875 -0.26953125
0.122276306152344 -0.0837173461914063 -0.032806396484375 0.38507080078125
0.0829315185546875 -0.15350341796875 0.408294677734375 0.06610107421875
-0.132568359375 -0.127952575683594 0.2701416015625 -0.33978271484375
-0.155715942382813 0.025909423828125 0.0411224365234375 -0.242156982421875
-0.0720901489257812 0.123291015625 0.000888824462890623 -0.0701942443847656
0.0461349487304688 0.0969772338867188 0.0617141723632813 0.00586700439453126
0.0805206298828125 0.050018310546875 0.12567138671875 0.0487213134765625
0.0557861328125 0.0569686889648437 0.15887451171875 0.0748748779296875
0.0628929138183594 0.0507850646972656 0.2601318359375 0.1666259765625
0.0409278869628906 0.0620155334472656 0.262176513671875 0.337158203125
-0.00520324707031249 0.0687904357910156 0.1280517578125 0.51800537109375
-0.0537796020507813 0.0694236755371094 -0.216552734375 0.6044921875
-0.0977859497070313 0.0127944946289062 -0.640380859375 0.37451171875
-0.0485420227050781 -0.0641441345214844 -0.68792724609375 0.0621948242187499
-0.00325393676757813 -0.0520362854003906 -0.66546630859375 -0.25433349609375
0.308563232421875 -0.177276611328125 -0.019195556640625 0.3594970703125
0.1654052734375 -0.3297119140625 0.352874755859375 0.10430908203125
-0.22515869140625 -0.295257568359375 0.2957763671875 -0.256500244140625
-0.3150634765625 0.0143127441406249 0.1348876953125 -0.238235473632813
-0.169174194335938 0.231704711914062 0.03326416015625 -0.149093627929687
0.0783538818359375 0.21881103515625 0.0390090942382813 -0.0652961730957031
0.15869140625 0.12237548828125 0.0801010131835938 0.0183334350585938
0.118255615234375 0.123893737792969 0.125831604003906 0.0565414428710938
0.136474609375 0.111343383789063 0.24951171875 0.14935302734375
0.0874710083007813 0.136253356933594 0.26422119140625 0.313934326171875
-0.018402099609375 0.160110473632813 0.129302978515625 0.501007080078125
-0.137687683105469 0.116966247558594 -0.2047119140625 0.5994873046875
-0.194808959960937 -0.0662994384765625 -0.609375 0.38037109375
-0.0346527099609375 -0.212234497070313 -0.67767333984375 0.0816650390625
0.157257080078125 -0.149703979492188 -0.6553955078125 -0.2506103515625
0.4268798828125 -0.23992919921875 0.041839599609375 0.336944580078125
0.18292236328125 -0.44683837890625 0.3292236328125 0.159698486328125
-0.305633544921875 -0.37384033203125 0.369384765625 -0.166107177734375
-0.40057373046875 0.032440185546875 0.259689331054688 -0.272171020507813
-0.20709228515625 0.298797607421875 0.0635223388671875 -0.26702880859375
0.10400390625 0.285491943359375 -0.0107574462890625 -0.166290283203125
0.207260131835938 0.169876098632813 0.00479507446289064 -0.0287818908691406
0.164932250976563 0.17523193359375 0.072784423828125 0.0297698974609375
0.198287963867188 0.161224365234375 0.21343994140625 0.1256103515625
0.128509521484375 0.208602905273437 0.236602783203125 0.2822265625
-0.037353515625 0.254959106445313 0.099456787109375 0.4647216796875
-0.23297119140625 0.161697387695312 -0.210784912109375 0.556304931640625
-0.286651611328125 -0.15911865234375 -0.571533203125 0.3470458984375
-0.00607299804687497 -0.352325439453125 -0.64013671875 0.06805419921875
0.302215576171875 -0.22589111328125 -0.58953857421875 -0.2593994140625
0.470245361328125 -0.268585205078125 0.14300537109375 0.32012939453125
0.159271240234375 -0.4779052734375 0.369903564453125 0.209503173828125
-0.3297119140625 -0.35943603515625 0.4813232421875 -0.12823486328125
-0.39080810546875 0.0561218261718751 0.36151123046875 -0.35858154296875
-0.19091796875 0.304656982421875 0.0646362304687499 -0.39508056640625
0.11651611328125 0.2899169921875 -0.083465576171875 -0.2646484375
0.22216796875 0.185958862304688 -0.0846710205078125 -0.0771560668945312
0.187362670898438 0.202133178710938 0.00728607177734376 -0.00307703018188475
0.234024047851563 0.198593139648438 0.149490356445313 0.0919647216796875
0.149505615234375 0.270980834960938 0.170761108398437 0.231979370117188
-0.0767822265625 0.329254150390625 0.04010009765625 0.39044189453125
-0.330841064453125 0.172882080078125 -0.21624755859375 0.467529296875
-0.337493896484375 -0.267242431640625 -0.5010986328125 0.288818359375
0.050537109375 -0.455230712890625 -0.574951171875 0.0458374023437499
0.411651611328125 -0.261322021484375 -0.48321533203125 -0.27337646484375
0.446319580078125 -0.26043701171875 0.271636962890625 0.304290771484375
0.12750244140625 -0.42926025390625 0.460052490234375 0.218994140625
-0.28271484375 -0.293792724609375 0.5762939453125 -0.162109375
-0.31024169921875 0.05633544921875 0.399658203125 -0.46429443359375
-0.145217895507813 0.251174926757813 0.032928466796875 -0.49468994140625
0.109207153320313 0.243667602539063 -0.160186767578125 -0.33404541015625
0.203536987304687 0.173187255859375 -0.16748046875 -0.116592407226562
0.182205200195313 0.200210571289063 -0.0612335205078125 -0.0376052856445312
0.23358154296875 0.213241577148438 0.0622406005859375 0.0491752624511719
0.134033203125 0.304046630859375 0.0816497802734375 0.15826416015625
-0.1314697265625 0.347015380859375 -0.0188446044921875 0.274581909179688
-0.390167236328125 0.12548828125 -0.189849853515625 0.34759521484375
-0.305023193359375 -0.356964111328125 -0.400177001953125 0.2479248046875
0.12945556640625 -0.478240966796875 -0.503448486328125 0.03936767578125
0.4610595703125 -0.242034912109375 -0.34918212890625 -0.289581298828125
0.365386962890625 -0.21710205078125 0.407257080078125 0.283721923828125
0.1068115234375 -0.329376220703125 0.5604248046875 0.177032470703125
-0.191375732421875 -0.217041015625 0.6168212890625 -0.233154296875
-0.204605102539063 0.0304718017578125 0.379669189453125 -0.547943115234375
-0.0981903076171875 0.16650390625 -0.01019287109375 -0.54754638671875
0.0829620361328125 0.172500610351563 -0.22137451171875 -0.366729736328125
0.1575927734375 0.13934326171875 -0.230361938476563 -0.14117431640625
0.14849853515625 0.169448852539063 -0.122238159179687 -0.0673751831054687
0.19317626953125 0.196868896484375 -0.0294876098632812 -5.14984130859231E-05
0.0877532958984375 0.280532836914063 -0.00388717651367187 0.0668983459472656
-0.168853759765625 0.2813720703125 -0.0439453125 0.144363403320313
-0.360626220703125 0.0328063964843751 -0.119888305664063 0.247100830078125
-0.187103271484375 -0.371856689453125 -0.306182861328125 0.26239013671875
0.19622802734375 -0.400054931640625 -0.459503173828125 0.0521850585937499
0.42767333984375 -0.17315673828125 -0.211669921875 -0.302947998046875
0.241073608398438 -0.142852783203125 0.5272216796875 0.253509521484375
0.0967864990234375 -0.2056884765625 0.63470458984375 0.10784912109375
-0.0911102294921875 -0.145614624023438 0.61468505859375 -0.30255126953125
-0.105987548828125 -0.00344085693359374 0.3311767578125 -0.59765625
-0.0582504272460938 0.0777740478515625 -0.050048828125 -0.561187744140625
0.0460052490234375 0.0966796875 -0.260986328125 -0.368194580078125
0.0931167602539063 0.0919418334960938 -0.26953125 -0.150054931640625
0.0931320190429688 0.113754272460937 -0.167312622070313 -0.0863189697265625
0.119186401367187 0.145401000976563 -0.1015625 -0.0449447631835938
0.031097412109375 0.193328857421875 -0.0613784790039063 -0.01458740234375
-0.149978637695312 0.153900146484375 -0.0315628051757813 0.0473518371582031
-0.229812622070313 -0.0454254150390625 -0.0440216064453125 0.199859619140625
-0.044525146484375 -0.271087646484375 -0.269439697265625 0.308624267578125
0.195556640625 -0.231826782226562 -0.45416259765625 0.0565185546874999
0.300628662109375 -0.07501220703125 -0.0902099609375 -0.3133544921875
-0.0985794067382812 0.03558349609375 0.0390625 0.39825439453125
-0.0305137634277344 0.0451622009277344 0.45672607421875 -0.0098876953125
-0.0286483764648437 0.0828704833984375 0.22186279296875 -0.402374267578125
0.0411720275878906 0.0445137023925781 -0.0188446044921875 -0.250686645507813
0.0506935119628906 -0.0133895874023438 -0.00704574584960937 -0.0424308776855469
0.00466537475585937 -0.0533485412597656 0.0601539611816406 0.0200691223144531
-0.0159664154052734 -0.0315589904785156 0.134391784667969 0.0480804443359375
-0.0133266448974609 -0.0174274444580078 0.17242431640625 0.0775909423828125
-0.0135078430175781 -0.0137615203857422 0.2686767578125 0.162109375
-0.00238037109375 -0.01116943359375 0.2728271484375 0.341339111328125
0.00573062896728516 -0.0155458450317383 0.150115966796875 0.529510498046875
0.0291004180908203 0.0267581939697266 -0.19976806640625 0.62200927734375
0.000244140624999993 0.0888671875 -0.65447998046875 0.40087890625
-0.056427001953125 0.0844192504882813 -0.68609619140625 0.0704956054687499
-0.160110473632813 0.0614166259765625 -0.65533447265625 -0.2296142578125
0.118667602539063 -0.0949249267578125 -0.00177001953125004 0.3922119140625
0.071624755859375 -0.168243408203125 0.418212890625 0.030364990234375
-0.146942138671875 -0.119491577148437 0.23553466796875 -0.3685302734375
-0.158096313476563 0.0387420654296875 0.0177459716796875 -0.247665405273438
-0.0611801147460937 0.132766723632813 -0.0041961669921875 -0.0716171264648437
0.0571746826171875 0.0920333862304687 0.0604667663574219 -0.000198364257812494
0.08538818359375 0.0418014526367188 0.129714965820313 0.0428314208984375
0.061767578125 0.05230712890625 0.165328979492188 0.0690155029296875
0.068695068359375 0.0460739135742188 0.274551391601563 0.149932861328125
0.0447349548339844 0.0603790283203125 0.290283203125 0.32275390625
-0.00222015380859375 0.0700874328613281 0.1722412109375 0.5169677734375
-0.0479354858398438 0.071990966796875 -0.16766357421875 0.63421630859375
-0.0950851440429688 0.0220184326171875 -0.6207275390625 0.43719482421875
-0.0548820495605469 -0.0601615905761719 -0.69708251953125 0.11993408203125
-0.00379180908203125 -0.0495567321777344 -0.70123291015625 -0.21026611328125
0.302337646484375 -0.204010009765625 0.01043701171875 0.364837646484375
0.141937255859375 -0.354949951171875 0.3662109375 0.073455810546875
-0.2564697265625 -0.281585693359375 0.268707275390625 -0.283233642578125
-0.32073974609375 0.0404052734374999 0.11505126953125 -0.252349853515625
-0.150588989257812 0.251235961914063 0.0218353271484375 -0.154678344726562
0.0983428955078125 0.212020874023438 0.0317916870117188 -0.0709304809570312
0.169891357421875 0.108566284179688 0.0814666748046875 0.0153656005859375
0.12994384765625 0.115119934082031 0.13092041015625 0.0521621704101563
0.14794921875 0.1002197265625 0.26287841796875 0.132766723632813
0.09649658203125 0.130714416503906 0.29180908203125 0.29827880859375
-0.00653076171875001 0.163101196289063 0.173980712890625 0.499969482421875
-0.129684448242188 0.1263427734375 -0.1558837890625 0.62841796875
-0.198974609375 -0.051422119140625 -0.59161376953125 0.44146728515625
-0.0511474609375 -0.21112060546875 -0.68731689453125 0.1375732421875
0.154296875 -0.160888671875 -0.6904296875 -0.204833984375
0.417266845703125 -0.278656005859375 0.0714111328125 0.336822509765625
0.151519775390625 -0.4754638671875 0.346343994140625 0.13153076171875
-0.34320068359375 -0.354888916015625 0.354156494140625 -0.196044921875
-0.405548095703125 0.0641784667968751 0.241943359375 -0.297332763671875
-0.184051513671875 0.3214111328125 0.0440673828125 -0.278121948242188
0.128921508789063 0.27764892578125 -0.0282440185546875 -0.170562744140625
0.2220458984375 0.151443481445313 0.00122451782226564 -0.0267143249511719
0.181381225585938 0.16339111328125 0.0752334594726563 0.0281295776367188
0.214111328125 0.145416259765625 0.225021362304688 0.109100341796875
0.144302368164063 0.199050903320313 0.260589599609375 0.26678466796875
-0.0179901123046875 0.260787963867188 0.139984130859375 0.46612548828125
-0.223342895507813 0.179779052734375 -0.1646728515625 0.5870361328125
-0.29962158203125 -0.139617919921875 -0.555389404296875 0.403472900390625
-0.03289794921875 -0.357330322265625 -0.6468505859375 0.123779296875
0.298126220703125 -0.25164794921875 -0.62548828125 -0.2174072265625
0.46075439453125 -0.310089111328125 0.172821044921875 0.312042236328125
0.12310791015625 -0.5032958984375 0.39202880859375 0.182098388671875
-0.3653564453125 -0.338958740234375 0.473602294921875 -0.167327880859375
-0.3931884765625 0.0870361328125 0.3388671875 -0.39483642578125
-0.16644287109375 0.325103759765625 0.033355712890625 -0.407928466796875
0.140701293945313 0.27996826171875 -0.109695434570313 -0.264450073242188
0.23822021484375 0.165374755859375 -0.091705322265625 -0.0694732666015625
0.207046508789063 0.188003540039063 0.0060253143310547 -0.00222015380859374
0.254058837890625 0.180374145507813 0.158248901367188 0.0796966552734375
0.170974731445313 0.261642456054688 0.191879272460938 0.221481323242188
-0.051239013671875 0.3406982421875 0.073699951171875 0.3958740234375
-0.32257080078125 0.20062255859375 -0.1787109375 0.495819091796875
-0.362457275390625 -0.2459716796875 -0.48687744140625 0.33642578125
0.0159912109375 -0.467071533203125 -0.58282470703125 0.0966796874999999
0.4100341796875 -0.297393798828125 -0.51678466796875 -0.23797607421875
0.435546875 -0.298797607421875 0.3035888671875 0.287445068359375
0.0960998535156249 -0.44805908203125 0.486328125 0.184326171875
-0.3106689453125 -0.2762451171875 0.5682373046875 -0.20953369140625
-0.309600830078125 0.078704833984375 0.369903564453125 -0.505584716796875
-0.12548828125 0.266082763671875 -0.00750732421875004 -0.50531005859375
0.128463745117188 0.232864379882813 -0.19219970703125 -0.32781982421875
0.218490600585938 0.154266357421875 -0.177627563476562 -0.104080200195313
0.20086669921875 0.186798095703125 -0.065582275390625 -0.0336570739746093
0.255325317382813 0.1954345703125 0.0664558410644531 0.0426788330078125
0.15948486328125 0.29730224609375 0.0948333740234375 0.154052734375
-0.104736328125 0.363037109375 0.00338745117187498 0.283203125
-0.388702392578125 0.1588134765625 -0.162933349609375 0.3714599609375
-0.339202880859375 -0.341827392578125 -0.38372802734375 0.284515380859375
0.09588623046875 -0.501068115234375 -0.506927490234375 0.085845947265625
0.4600830078125 -0.28314208984375 -0.380615234375 -0.263214111328125
0.35662841796875 -0.248779296875 0.44073486328125 0.256378173828125
0.083953857421875 -0.344879150390625 0.58648681640625 0.13555908203125
-0.211578369140625 -0.206222534179687 0.60687255859375 -0.286865234375
-0.20379638671875 0.044097900390625 0.34039306640625 -0.58807373046875
-0.0841064453125 0.175704956054688 -0.0558166503906249 -0.55450439453125
0.096343994140625 0.1636962890625 -0.254791259765625 -0.354736328125
0.16961669921875 0.124099731445313 -0.2421875 -0.125564575195313
0.165573120117188 0.158355712890625 -0.130104064941406 -0.0605239868164062
0.212692260742187 0.1826171875 -0.0305213928222656 0.000379562377929699
0.111129760742188 0.277496337890625 0.000347137451171876 0.068450927734375
-0.1488037109375 0.3011474609375 -0.03460693359375 0.152145385742188
-0.367889404296875 0.06182861328125 -0.099334716796875 0.26153564453125
-0.2208251953125 -0.367523193359375 -0.284942626953125 0.292449951171875
0.1707763671875 -0.425537109375 -0.461822509765625 0.09649658203125
0.43170166015625 -0.2113037109375 -0.240814208984375 -0.2869873046875
0.236053466796875 -0.164138793945313 0.558929443359375 0.21905517578125
0.08123779296875 -0.218505859375 0.65850830078125 0.05975341796875
-0.103302001953125 -0.141342163085938 0.598388671875 -0.3583984375
-0.106170654296875 0.00177764892578124 0.287353515625 -0.63427734375
-0.0519943237304688 0.083404541015625 -0.097412109375 -0.56378173828125
0.053466796875 0.09051513671875 -0.293304443359375 -0.35394287109375
0.101150512695313 0.081634521484375 -0.281768798828125 -0.131500244140625
0.105308532714844 0.107261657714844 -0.177047729492188 -0.0779571533203125
0.133743286132813 0.13720703125 -0.107666015625 -0.0394058227539063
0.0468292236328125 0.1944580078125 -0.0647468566894531 -0.0104942321777344
-0.139785766601563 0.169967651367187 -0.0295333862304688 0.0516853332519531
-0.240676879882813 -0.029205322265625 -0.0255889892578125 0.206207275390625
-0.0673675537109375 -0.275924682617187 -0.242340087890625 0.338134765625
0.182968139648438 -0.254425048828125 -0.45550537109375 0.102081298828125
0.307952880859375 -0.1002197265625 -0.11865234375 -0.306915283203125
-0.0948028564453125 0.0449600219726563 0.07159423828125 0.38739013671875
-0.029296875 0.0443878173828125 0.44610595703125 -0.052215576171875
-0.02178955078125 0.084869384765625 0.1741943359375 -0.413604736328125
0.0430679321289062 0.04168701171875 -0.0445098876953125 -0.24346923828125
0.0502128601074219 -0.0170669555664063 -0.0102500915527344 -0.0416908264160156
0.00085830688476562 -0.0548133850097656 0.0586433410644531 0.0152740478515625
-0.0181732177734375 -0.0310783386230469 0.135711669921875 0.0400543212890625
-0.0135364532470703 -0.01763916015625 0.175613403320312 0.0664825439453125
-0.0126476287841797 -0.0131607055664062 0.275558471679688 0.141098022460938
-0.00349521636962891 -0.00910854339599609 0.29486083984375 0.31414794921875
0.00342273712158203 -0.0135984420776367 0.193878173828125 0.509674072265625
0.0310649871826172 0.0226593017578125 -0.14080810546875 0.632080078125
0.0087432861328125 0.0890731811523438 -0.611572265625 0.45751953125
-0.049835205078125 0.0887298583984375 -0.67132568359375 0.12725830078125
-0.150497436523438 0.073822021484375 -0.66961669921875 -0.1776123046875
0.109992980957031 -0.102668762207031 0.030853271484375 0.3839111328125
0.05499267578125 -0.176437377929688 0.4127197265625 -0.00933837890625001
-0.156539916992187 -0.1048583984375 0.1895751953125 -0.380401611328125
-0.15478515625 0.0531768798828125 -0.00663757324218752 -0.243743896484375
-0.0471725463867188 0.136795043945313 -0.0103225708007813 -0.0705184936523437
0.06414794921875 0.0822677612304688 0.0560646057128906 -0.00493621826171874
0.0866012573242188 0.0324554443359375 0.130599975585937 0.0345916748046875
0.065521240234375 0.0448951721191406 0.167861938476563 0.058624267578125
0.0720367431640625 0.0382843017578125 0.279800415039063 0.12799072265625
0.0482101440429688 0.0565299987792969 0.30963134765625 0.294586181640625
0.002197265625 0.0692329406738281 0.21417236328125 0.49462890625
-0.0416793823242188 0.0723876953125 -0.10809326171875 0.64202880859375
-0.0894775390625 0.030059814453125 -0.57489013671875 0.48992919921875
-0.0583267211914062 -0.0521965026855469 -0.678955078125 0.177734375
-0.00312423706054687 -0.0476799011230469 -0.7122802734375 -0.153076171875
0.2823486328125 -0.22564697265625 0.0416259765625 0.355255126953125
0.10931396484375 -0.3671875 0.364227294921875 0.0386962890625
-0.2774658203125 -0.255844116210938 0.23187255859375 -0.298828125
-0.315399169921875 0.066986083984375 0.089996337890625 -0.256729125976563
-0.124862670898438 0.261032104492188 0.00837707519531251 -0.1546630859375
0.114273071289063 0.19635009765625 0.021087646484375 -0.0737380981445312
0.174057006835938 0.0897216796875 0.08184814453125 0.0107650756835938
0.1368408203125 0.102279663085938 0.132255554199219 0.0440826416015625
0.153793334960938 0.0850982666015625 0.266876220703125 0.11016845703125
0.103317260742188 0.120361328125 0.309600830078125 0.269317626953125
0.00569152832031249 0.159927368164063 0.214935302734375 0.478179931640625
-0.118125915527344 0.131698608398438 -0.0948486328125 0.635009765625
-0.196990966796875 -0.0348358154296875 -0.545318603515625 0.49005126953125
-0.0655975341796875 -0.201400756835938 -0.66741943359375 0.19610595703125
0.14581298828125 -0.17083740234375 -0.70355224609375 -0.1468505859375
0.39007568359375 -0.307403564453125 0.0994567871093751 0.322113037109375
0.107635498046875 -0.4854736328125 0.349334716796875 0.098541259765625
-0.369537353515625 -0.320343017578125 0.32452392578125 -0.218475341796875
-0.395721435546875 0.096771240234375 0.212677001953125 -0.31280517578125
-0.15185546875 0.3321533203125 0.01947021484375 -0.27862548828125
0.148666381835938 0.2579345703125 -0.0460968017578125 -0.166473388671875
0.228256225585937 0.126632690429687 -0.000640869140624984 -0.0242271423339844
0.191162109375 0.14483642578125 0.0757980346679688 0.0235443115234375
0.221725463867188 0.123504638671875 0.228607177734375 0.0885772705078125
0.155960083007813 0.183273315429688 0.277557373046875 0.241241455078125
0.00382995605468751 0.256423950195313 0.179443359375 0.4482421875
-0.204925537109375 0.192367553710938 -0.1102294921875 0.59521484375
-0.30401611328125 -0.113006591796875 -0.513763427734375 0.4468994140625
-0.05926513671875 -0.34832763671875 -0.6290283203125 0.177734375
0.28179931640625 -0.27301025390625 -0.6395263671875 -0.1619873046875
0.4300537109375 -0.3424072265625 0.197784423828125 0.290313720703125
0.07940673828125 -0.50830078125 0.4012451171875 0.14453125
-0.3887939453125 -0.302459716796875 0.448394775390625 -0.200469970703125
-0.380096435546875 0.116363525390625 0.301666259765625 -0.41705322265625
-0.134124755859375 0.332366943359375 -0.00161743164062503 -0.404571533203125
0.158966064453125 0.25823974609375 -0.134002685546875 -0.252105712890625
0.244216918945313 0.13970947265625 -0.0951995849609375 -0.0592193603515625
0.218292236328125 0.167327880859375 0.00579214096069337 -0.00200700759887694
0.264373779296875 0.15411376953125 0.160614013671875 0.0639190673828125
0.18780517578125 0.242828369140625 0.20654296875 0.202224731445313
-0.021087646484375 0.339019775390625 0.106903076171875 0.385711669921875
-0.301788330078125 0.223602294921875 -0.132843017578125 0.507537841796875
-0.37554931640625 -0.21270751953125 -0.450439453125 0.3748779296875
-0.019927978515625 -0.462066650390625 -0.564453125 0.1468505859375
0.387969970703125 -0.3282470703125 -0.53314208984375 -0.1890869140625
0.407440185546875 -0.328887939453125 0.32489013671875 0.257537841796875
0.057708740234375 -0.451446533203125 0.49664306640625 0.14013671875
-0.328369140625 -0.246368408203125 0.54071044921875 -0.25103759765625
-0.29827880859375 0.100311279296875 0.32196044921875 -0.52862548828125
-0.098876953125 0.2701416015625 -0.0496826171875 -0.497955322265625
0.142364501953125 0.21392822265625 -0.219696044921875 -0.307281494140625
0.223724365234375 0.129592895507812 -0.182052612304688 -0.087310791015625
0.212478637695313 0.166152954101563 -0.0677909851074219 -0.0281524658203125
0.26715087890625 0.169036865234375 0.0674629211425781 0.0345458984375
0.180709838867188 0.27764892578125 0.1055908203125 0.144058227539063
-0.071807861328125 0.3662109375 0.02667236328125 0.281158447265625
-0.37200927734375 0.188812255859375 -0.1275634765625 0.381866455078125
-0.363067626953125 -0.311309814453125 -0.351531982421875 0.3134765625
0.0557861328125 -0.50384521484375 -0.4901123046875 0.131591796875
0.441497802734375 -0.3193359375 -0.3985595703125 -0.223541259765625
0.33233642578125 -0.27215576171875 0.459869384765625 0.21807861328125
0.053466796875 -0.347137451171875 0.5933837890625 0.083251953125
-0.22332763671875 -0.185653686523438 0.57232666015625 -0.33453369140625
-0.195465087890625 0.0574188232421875 0.2857666015625 -0.6097412109375
-0.0665283203125 0.177688598632813 -0.102508544921875 -0.54107666015625
0.105239868164063 0.147964477539063 -0.28228759765625 -0.32904052734375
0.173919677734375 0.103790283203125 -0.24627685546875 -0.104019165039062
0.175430297851563 0.140625 -0.13336181640625 -0.0510330200195313
0.224929809570312 0.1597900390625 -0.0309581756591797 0.000919342041015636
0.132369995117187 0.263412475585938 0.00519943237304688 0.0673179626464844
-0.12005615234375 0.310577392578125 -0.022430419921875 0.154525756835938
-0.36083984375 0.0919189453125 -0.0739288330078125 0.266464233398438
-0.249298095703125 -0.347320556640625 -0.250946044921875 0.313018798828125
0.136138916015625 -0.437103271484375 -0.444061279296875 0.140716552734375
0.418212890625 -0.247222900390625 -0.261734008789063 -0.257369995117188
0.219802856445313 -0.179092407226563 0.5743408203125 0.171875
0.061798095703125 -0.222640991210938 0.65740966796875 0.00402832031249999
-0.112205505371094 -0.130485534667969 0.560333251953125 -0.404205322265625
-0.103507995605469 0.00890350341796877 0.22882080078125 -0.648681640625
-0.0427474975585938 0.0843887329101563 -0.143585205078125 -0.545257568359375
0.0577239990234375 0.08123779296875 -0.31768798828125 -0.324005126953125
0.104896545410156 0.06793212890625 -0.285247802734375 -0.10784912109375
0.112739562988281 0.0957183837890625 -0.180740356445313 -0.0646820068359375
0.14410400390625 0.122406005859375 -0.110771179199219 -0.0311355590820312
0.0626220703125 0.187545776367187 -0.0656967163085938 -0.00401687622070311
-0.122772216796875 0.180816650390625 -0.0257644653320313 0.0540275573730469
-0.24346923828125 -0.00848388671874995 -0.00469970703125001 0.205230712890625
-0.089263916015625 -0.269683837890625 -0.203643798828125 0.357208251953125
0.162521362304687 -0.268661499023437 -0.436981201171875 0.146942138671875
0.3031005859375 -0.126678466796875 -0.142181396484375 -0.286346435546875
-0.0904159545898438 0.050933837890625 0.092742919921875 0.3680419921875
-0.0296134948730469 0.0434379577636719 0.425018310546875 -0.081268310546875
-0.0163040161132813 0.0849075317382813 0.133819580078125 -0.4088134765625
0.0438423156738281 0.0401039123535156 -0.0621185302734375 -0.230575561523438
0.04901123046875 -0.0198974609375 -0.012786865234375 -0.0404396057128906
-0.00254440307617188 -0.0560646057128906 0.0558547973632813 0.0133476257324219
-0.0201206207275391 -0.0308837890625 0.133544921875 0.0337753295898438
-0.0137042999267578 -0.0179195404052734 0.172882080078125 0.0579986572265625
-0.0122013092041016 -0.0128974914550781 0.272537231445313 0.12310791015625
-0.00293636322021484 -0.00654506683349609 0.301605224609375 0.2882080078125
0.00214004516601563 -0.0115442276000977 0.219390869140625 0.479766845703125
0.0309410095214844 0.0191268920898438 -0.0943603515625001 0.6217041015625
0.0142669677734375 0.0864944458007813 -0.5625 0.48712158203125
-0.04290771484375 0.08984375 -0.64404296875 0.16455078125
-0.139732360839844 0.0786209106445313 -0.66363525390625 -0.135009765625
0.100677490234375 -0.104499816894531 0.05364990234375 0.367156982421875
0.0402984619140625 -0.177291870117188 0.39642333984375 -0.036865234375
-0.1590576171875 -0.09112548828125 0.151580810546875 -0.376495361328125
-0.14776611328125 0.0632171630859375 -0.024749755859375 -0.233673095703125
-0.03533935546875 0.135078430175781 -0.0142974853515625 -0.0678596496582031
0.0663223266601563 0.07244873046875 0.0506134033203125 -0.00740814208984374
0.0838623046875 0.0235366821289063 0.128768920898438 0.0287933349609375
0.0655708312988281 0.0388145446777344 0.164215087890625 0.051300048828125
0.0717544555664063 0.0316085815429688 0.276077270507813 0.110076904296875
0.0489730834960938 0.0527420043945313 0.315185546875 0.2667236328125
0.00598907470703125 0.06707763671875 0.238250732421875 0.464630126953125
-0.0369796752929687 0.070343017578125 -0.0608520507812501 0.62939453125
-0.0823440551757812 0.0353546142578125 -0.527374267578125 0.515838623046875
-0.0579261779785156 -0.0459098815917969 -0.648193359375 0.21466064453125
-0.00160598754882812 -0.0475120544433594 -0.70513916015625 -0.10894775390625
0.261474609375 -0.233978271484375 0.062591552734375 0.337615966796875
0.082611083984375 -0.365081787109375 0.35308837890625 0.01153564453125
-0.2857666015625 -0.230133056640625 0.197998046875 -0.297821044921875
-0.301910400390625 0.0859375 0.069671630859375 -0.252517700195312
-0.102676391601563 0.259857177734375 -0.00146484375 -0.151351928710937
0.120468139648438 0.179351806640625 0.0118179321289063 -0.071380615234375
0.170761108398438 0.0739898681640625 0.0793304443359375 0.00789642333984376
0.138351440429688 0.089935302734375 0.129989624023438 0.038665771484375
0.152542114257813 0.0714263916015625 0.262725830078125 0.0927581787109375
0.10626220703125 0.110641479492187 0.313751220703125 0.242218017578125
0.014556884765625 0.153488159179688 0.23809814453125 0.44793701171875
-0.10723876953125 0.131599426269531 -0.04998779296875 0.6231689453125
-0.188674926757813 -0.02166748046875 -0.496337890625 0.513946533203125
-0.0724639892578125 -0.19000244140625 -0.635009765625 0.2301025390625
0.138015747070313 -0.176040649414063 -0.696533203125 -0.10186767578125
0.362274169921875 -0.31842041015625 0.1162109375 0.3023681640625
0.07452392578125 -0.47906494140625 0.3428955078125 0.0704345703125
-0.37701416015625 -0.287445068359375 0.294891357421875 -0.226104736328125
-0.3775634765625 0.1187744140625 0.185943603515625 -0.3150634765625
-0.124969482421875 0.330047607421875 0.00134277343749997 -0.271438598632812
0.155960083007813 0.236190795898438 -0.0596160888671875 -0.157745361328125
0.224151611328125 0.106353759765625 -0.00143241882324217 -0.0219039916992187
0.192306518554687 0.128509521484375 0.073944091796875 0.0206527709960938
0.220565795898437 0.104263305664062 0.224105834960938 0.0722808837890625
0.159698486328125 0.16748046875 0.2825927734375 0.21673583984375
0.0191497802734375 0.245956420898438 0.203582763671875 0.42291259765625
-0.187789916992187 0.196029663085938 -0.067138671875 0.58612060546875
-0.29827880859375 -0.0920104980468749 -0.468536376953125 0.46917724609375
-0.074951171875 -0.333648681640625 -0.59869384765625 0.2135009765625
0.264373779296875 -0.28369140625 -0.63433837890625 -0.11712646484375
0.397918701171875 -0.35296630859375 0.210159301757813 0.266769409179688
0.0455322265625 -0.497650146484375 0.395477294921875 0.1143798828125
-0.394378662109375 -0.26873779296875 0.417999267578125 -0.217071533203125
-0.36077880859375 0.135040283203125 0.267364501953125 -0.422393798828125
-0.107757568359375 0.329071044921875 -0.026641845703125 -0.39306640625
0.16534423828125 0.235595703125 -0.148788452148437 -0.235702514648437
0.240386962890625 0.11810302734375 -0.0948944091796875 -0.0504226684570312
0.21966552734375 0.148712158203125 0.00472450256347658 -0.00095510482788085
0.263885498046875 0.13067626953125 0.157196044921875 0.051483154296875
0.195281982421875 0.222137451171875 0.211578369140625 0.18304443359375
0.001190185546875 0.3272705078125 0.1279296875 0.368255615234375
-0.280349731445312 0.233383178710938 -0.0943603515625 0.50347900390625
-0.375701904296875 -0.183624267578125 -0.412017822265625 0.39410400390625
-0.043853759765625 -0.448272705078125 -0.537384033203125 0.18096923828125
0.3643798828125 -0.34588623046875 -0.53070068359375 -0.1480712890625
0.377044677734375 -0.338409423828125 0.332000732421875 0.2283935546875
0.0283203125 -0.440643310546875 0.4891357421875 0.105865478515625
-0.330413818359375 -0.21844482421875 0.505462646484375 -0.275726318359375
-0.280929565429688 0.11285400390625 0.280059814453125 -0.53509521484375
-0.0781097412109375 0.264373779296875 -0.077606201171875 -0.47796630859375
0.14581298828125 0.19390869140625 -0.23431396484375 -0.283477783203125
0.219406127929688 0.108428955078125 -0.179718017578125 -0.072967529296875
0.21435546875 0.147125244140625 -0.0682487487792969 -0.0232887268066406
0.267532348632813 0.144744873046875 0.0656471252441406 0.0288543701171875
0.191360473632813 0.257476806640625 0.110771179199219 0.133644104003906
-0.04571533203125 0.35888671875 0.0426025390625 0.272079467773438
-0.351226806640625 0.205596923828125 -0.097747802734375 0.380584716796875
-0.3702392578125 -0.280853271484375 -0.3177490234375 0.328399658203125
0.026123046875 -0.494476318359375 -0.463104248046875 0.16302490234375
0.41766357421875 -0.34130859375 -0.401702880859375 -0.188751220703125
0.3074951171875 -0.280242919921875 0.4613037109375 0.183441162109375
0.0308837890625 -0.33935546875 0.58050537109375 0.044677734375
-0.225250244140625 -0.166275024414063 0.53277587890625 -0.35687255859375
-0.18463134765625 0.0647430419921875 0.23883056640625 -0.60919189453125
-0.052154541015625 0.17315673828125 -0.132415771484375 -0.515350341796875
0.105598449707031 0.133171081542969 -0.29339599609375 -0.30047607421875
0.170440673828125 0.08673095703125 -0.242446899414063 -0.0862579345703125
0.17694091796875 0.124588012695312 -0.133537292480469 -0.0423507690429687
0.227005004882813 0.139495849609375 -0.0315761566162109 0.00163078308105469
0.144287109375 0.246139526367188 0.00802612304687501 0.0658645629882813
-0.096343994140625 0.308563232421875 -0.0137481689453125 0.152450561523438
-0.346466064453125 0.111328125 -0.0533447265625001 0.264022827148438
-0.264129638671875 -0.32366943359375 -0.21856689453125 0.32061767578125
0.108154296875 -0.43609619140625 -0.417694091796875 0.16943359375
0.39837646484375 -0.271026611328125 -0.269927978515625 -0.228897094726563
0.202957153320312 -0.183853149414062 0.571533203125 0.1337890625
0.0466461181640625 -0.219512939453125 0.640869140625 -0.0369873046875
-0.114112854003906 -0.120742797851562 0.515838623046875 -0.4267578125
-0.0980453491210938 0.0128707885742188 0.18206787109375 -0.64166259765625
-0.0357818603515625 0.0825271606445313 -0.170745849609375 -0.517333984375
0.0564651489257813 0.0716018676757813 -0.326019287109375 -0.293975830078125
0.102310180664063 0.0565643310546875 -0.27935791015625 -0.0902862548828125
0.114059448242188 0.0842056274414063 -0.180328369140625 -0.0543975830078125
0.146881103515625 0.107498168945313 -0.110038757324219 -0.0251083374023437
0.072357177734375 0.177230834960938 -0.064208984375 -0.000110626220703115
-0.107421875 0.1839599609375 -0.0232925415039063 0.0544929504394531
-0.2393798828125 0.00651550292968749 0.0102386474609375 0.198577880859375
-0.103485107421875 -0.258743286132813 -0.167816162109375 0.360198974609375
0.143356323242188 -0.274124145507813 -0.410247802734375 0.176483154296875
0.2923583984375 -0.14532470703125 -0.154830932617187 -0.262176513671875
-0.0861053466796875 0.0556259155273437 0.10382080078125 0.35076904296875
-0.0309944152832031 0.0430564880371094 0.406982421875 -0.097564697265625
-0.0138015747070312 0.0843124389648438 0.10693359375 -0.397918701171875
0.0444984436035156 0.0392532348632813 -0.0731658935546875 -0.218505859375
0.0490036010742188 -0.022216796875 -0.0150375366210937 -0.0395088195800781
-0.00601577758789062 -0.0570640563964844 0.0522499084472656 0.0126686096191406
-0.0215873718261719 -0.0310745239257813 0.130996704101562 0.0312728881835938
-0.0139312744140625 -0.0193500518798828 0.16876220703125 0.055328369140625
-0.0120630264282227 -0.0133180618286133 0.267135620117188 0.114105224609375
-0.00191164016723633 -0.00629663467407227 0.301544189453125 0.269744873046875
0.00177860260009766 -0.0100278854370117 0.230255126953125 0.456817626953125
0.0294971466064453 0.0169620513916016 -0.06475830078125 0.60845947265625
0.0190887451171875 0.08538818359375 -0.526031494140625 0.5015869140625
-0.038116455078125 0.0882720947265625 -0.62066650390625 0.18157958984375
-0.133689880371094 0.0789413452148437 -0.65496826171875 -0.11370849609375
0.0955657958984375 -0.103523254394531 0.06591796875 0.3505859375
0.029632568359375 -0.175567626953125 0.381683349609375 -0.05438232421875
-0.1588134765625 -0.0813446044921875 0.126220703125 -0.3673095703125
-0.141448974609375 0.068756103515625 -0.0366668701171875 -0.223495483398438
-0.0268478393554688 0.132102966308594 -0.0179290771484375 -0.0664825439453125
0.0644874572753906 0.0648574829101562 0.0461196899414063 -0.00666046142578125
0.0799484252929688 0.018310546875 0.126312255859375 0.0270004272460938
0.0643463134765625 0.0337142944335938 0.161224365234375 0.0482635498046875
0.0702552795410156 0.0269012451171875 0.269638061523438 0.100616455078125
0.0498008728027344 0.0490379333496094 0.313140869140625 0.24853515625
0.00716400146484376 0.0654449462890625 0.248016357421875 0.441131591796875
-0.0343589782714844 0.0674896240234375 -0.03192138671875 0.61590576171875
-0.0753555297851563 0.03753662109375 -0.489105224609375 0.52630615234375
-0.0558929443359375 -0.04217529296875 -0.62469482421875 0.23162841796875
-0.00104141235351563 -0.0486640930175781 -0.69573974609375 -0.0849609374999999
0.248046875 -0.234237670898438 0.07305908203125 0.322662353515625
0.06353759765625 -0.36083984375 0.340576171875 -0.00576782226562502
-0.286773681640625 -0.211578369140625 0.17572021484375 -0.291748046875
-0.290802001953125 0.09625244140625 0.0563507080078125 -0.245697021484375
-0.0885009765625 0.25640869140625 -0.00802612304687502 -0.148284912109375
0.120437622070313 0.166702270507813 0.00494384765625001 -0.0687904357910156
0.165130615234375 0.0637664794921875 0.0780029296875 0.00739288330078125
0.135787963867188 0.0822067260742188 0.1268310546875 0.0365676879882813
0.149368286132813 0.0626068115234375 0.2552490234375 0.0824737548828125
0.106239318847656 0.103317260742188 0.312164306640625 0.2244873046875
0.018890380859375 0.146438598632813 0.248992919921875 0.425567626953125
-0.100822448730469 0.129142761230469 -0.0206298828125 0.6109619140625
-0.180526733398437 -0.014007568359375 -0.46124267578125 0.524688720703125
-0.0738525390625 -0.18212890625 -0.61016845703125 0.25018310546875
0.131561279296875 -0.178085327148438 -0.686767578125 -0.0769042968750001
0.343658447265625 -0.320220947265625 0.124542236328125 0.28558349609375
0.05401611328125 -0.471343994140625 0.332763671875 0.05401611328125
-0.3782958984375 -0.264678955078125 0.274078369140625 -0.225540161132813
-0.363555908203125 0.129180908203125 0.1685791015625 -0.312469482421875
-0.108154296875 0.323638916015625 -0.00898742675781252 -0.264572143554687
0.156051635742187 0.2203369140625 -0.06683349609375 -0.149642944335938
0.217376708984375 0.093719482421875 -0.00128746032714842 -0.0191020965576172
0.1895751953125 0.117752075195313 0.0717697143554688 0.0201187133789063
0.215850830078125 0.092071533203125 0.217697143554687 0.0632171630859375
0.160751342773438 0.15594482421875 0.280990600585937 0.199630737304688
0.02716064453125 0.235183715820312 0.212921142578125 0.403900146484375
-0.17681884765625 0.195068359375 -0.0400390625 0.5762939453125
-0.289794921875 -0.078125 -0.436553955078125 0.479156494140625
-0.081146240234375 -0.322296142578125 -0.57440185546875 0.23388671875
0.252471923828125 -0.28857421875 -0.6253662109375 -0.09136962890625
0.377838134765625 -0.35345458984375 0.214950561523438 0.248733520507812
0.02484130859375 -0.486297607421875 0.38665771484375 0.095001220703125
-0.391357421875 -0.2464599609375 0.395538330078125 -0.22186279296875
-0.345306396484375 0.1431884765625 0.242340087890625 -0.421295166015625
-0.091522216796875 0.320648193359375 -0.0411376953125 -0.3817138671875
0.163070678710938 0.219436645507813 -0.156448364257813 -0.221343994140625
0.232269287109375 0.104629516601563 -0.0931396484375 -0.0447235107421875
0.215911865234375 0.136566162109375 0.00375986099243165 0.000590085983276376
0.258560180664063 0.115692138671875 0.152725219726563 0.044708251953125
0.196945190429688 0.20733642578125 0.211776733398438 0.169586181640625
0.013092041015625 0.315887451171875 0.138702392578125 0.354461669921875
-0.26495361328125 0.236343383789063 -0.07012939453125 0.49578857421875
-0.3701171875 -0.166046142578125 -0.383270263671875 0.40191650390625
-0.05621337890625 -0.437103271484375 -0.514739990234375 0.1995849609375
0.348541259765625 -0.3526611328125 -0.524261474609375 -0.122467041015625
0.358795166015625 -0.33758544921875 0.332611083984375 0.209716796875
0.011566162109375 -0.4288330078125 0.479736328125 0.08355712890625
-0.327392578125 -0.200439453125 0.481201171875 -0.28350830078125
-0.266815185546875 0.117477416992187 0.250244140625 -0.531158447265625
-0.0656280517578125 0.256210327148438 -0.094635009765625 -0.46295166015625
0.141632080078125 0.180038452148437 -0.239715576171875 -0.26483154296875
0.211441040039063 0.096221923828125 -0.175033569335938 -0.0643157958984375
0.21112060546875 0.134902954101563 -0.0681610107421875 -0.0200920104980469
0.26361083984375 0.12872314453125 0.0633621215820313 0.0250473022460938
0.195358276367187 0.2413330078125 0.1119384765625 0.125389099121094
-0.03070068359375 0.348846435546875 0.0505828857421875 0.265716552734375
-0.33551025390625 0.213470458984375 -0.079437255859375 0.376007080078125
-0.371185302734375 -0.25994873046875 -0.293121337890625 0.331756591796875
0.00897216796874998 -0.4864501953125 -0.4412841796875 0.179046630859375
0.400299072265625 -0.352813720703125 -0.39886474609375 -0.16400146484375
0.291473388671875 -0.277618408203125 0.459075927734375 0.163055419921875
0.01788330078125 -0.329803466796875 0.56817626953125 0.01959228515625
-0.222076416015625 -0.155105590820313 0.502899169921875 -0.36566162109375
-0.175918579101562 0.0663299560546875 0.20782470703125 -0.6024169921875
-0.0443267822265625 0.166229248046875 -0.147796630859375 -0.495941162109375
0.100639343261719 0.123046875 -0.296417236328125 -0.279052734375
0.163421630859375 0.075897216796875 -0.235488891601563 -0.0761566162109375
0.174636840820313 0.114089965820312 -0.132179260253906 -0.0374755859375
0.22418212890625 0.12567138671875 -0.0322341918945312 0.00235748291015626
0.149703979492188 0.233016967773438 0.0103569030761719 0.0638580322265625
-0.081634521484375 0.3031005859375 -0.00942993164062501 0.150527954101563
-0.336090087890625 0.12274169921875 -0.0400390625 0.259597778320313
-0.268798828125 -0.307159423828125 -0.1953125 0.3204345703125
0.091705322265625 -0.4329833984375 -0.394866943359375 0.185760498046875
0.383880615234375 -0.282867431640625 -0.271072387695312 -0.2069091796875
0.192581176757813 -0.181396484375 0.5653076171875 0.11175537109375
0.0365753173828125 -0.21478271484375 0.623779296875 -0.061767578125
-0.114089965820312 -0.11444091796875 0.48431396484375 -0.435211181640625
-0.0929718017578125 0.0137863159179688 0.15045166015625 -0.6343994140625
-0.0306243896484375 0.0788955688476563 -0.18463134765625 -0.495361328125
0.0518760681152344 0.0654144287109375 -0.324981689453125 -0.27349853515625
0.0983200073242188 0.0489883422851563 -0.271957397460938 -0.0793914794921875
0.112403869628906 0.0764312744140625 -0.178466796875 -0.04876708984375
0.14617919921875 0.0987701416015625 -0.109756469726562 -0.0218734741210937
0.0772247314453125 0.169418334960938 -0.0637397766113281 0.0022239685058594
-0.096954345703125 0.183319091796875 -0.0224494934082031 0.0547256469726563
-0.235015869140625 0.016082763671875 0.0199127197265625 0.193023681640625
-0.110763549804687 -0.250137329101563 -0.14239501953125 0.358612060546875
0.1322021484375 -0.276870727539063 -0.38751220703125 0.194580078125
0.28277587890625 -0.15582275390625 -0.1590576171875 -0.24261474609375
-0.0839996337890625 0.0598373413085938 0.110870361328125 0.34100341796875
-0.0332908630371094 0.0436477661132813 0.399169921875 -0.10943603515625
-0.01141357421875 0.0858993530273438 0.08905029296875 -0.392913818359375
0.0459785461425781 0.0401268005371094 -0.0812530517578125 -0.21148681640625
0.0490989685058594 -0.0241775512695313 -0.0170669555664062 -0.0389747619628906
-0.009521484375 -0.0578231811523438 0.0512657165527344 0.0141563415527344
-0.0239715576171875 -0.0315685272216797 0.130813598632813 0.0304412841796875
-0.0156269073486328 -0.0205478668212891 0.168304443359375 0.055389404296875
-0.0119085311889648 -0.0143203735351563 0.265716552734375 0.111709594726563
-0.000658035278320313 -0.00551271438598633 0.302825927734375 0.260406494140625
0.00177097320556641 -0.0088186264038086 0.238922119140625 0.445892333984375
0.0281028747558594 0.0159969329833984 -0.0445556640625 0.60662841796875
0.0230789184570313 0.0853500366210938 -0.5052490234375 0.51568603515625
-0.0367889404296875 0.0879135131835938 -0.61248779296875 0.19482421875
-0.132591247558594 0.07879638671875 -0.65960693359375 -0.1025390625
0.0940704345703125 -0.101692199707031 0.07305908203125 0.34185791015625
0.0213775634765625 -0.175872802734375 0.37457275390625 -0.067108154296875
-0.160263061523438 -0.0762176513671875 0.11004638671875 -0.362335205078125
-0.138084411621094 0.0731887817382812 -0.0442352294921875 -0.2176513671875
-0.0231704711914063 0.130950927734375 -0.0207557678222656 -0.0655326843261718
0.0623130798339844 0.0609588623046875 0.0428504943847656 -0.00557327270507812
0.0768661499023438 0.0148849487304688 0.125938415527344 0.0259780883789062
0.0626907348632813 0.031341552734375 0.160049438476562 0.0489654541015625
0.0690269470214844 0.0245552062988281 0.267684936523438 0.0975494384765625
0.0503349304199219 0.0482292175292969 0.31390380859375 0.240203857421875
0.00724792480468751 0.063690185546875 0.25616455078125 0.429412841796875
-0.0348281860351563 0.0665626525878906 -0.0115966796875 0.61279296875
-0.0701560974121094 0.0390625 -0.46734619140625 0.539886474609375
-0.0547676086425781 -0.0414352416992188 -0.61474609375 0.24542236328125
-0.00159454345703125 -0.0498085021972656 -0.698974609375 -0.0720214843750001
0.244155883789063 -0.235336303710938 0.080413818359375 0.31243896484375
0.052978515625 -0.36175537109375 0.335296630859375 -0.017303466796875
-0.29071044921875 -0.20361328125 0.161590576171875 -0.288787841796875
-0.285736083984375 0.10333251953125 0.0474853515625 -0.243423461914062
-0.081085205078125 0.255050659179688 -0.0131072998046875 -0.14752197265625
0.118927001953125 0.1607666015625 -5.72204589843718E-05 -0.0651016235351562
0.16064453125 0.05828857421875 0.0780029296875 0.0069732666015625
0.134857177734375 0.07794189453125 0.126113891601563 0.0374908447265625
0.147079467773438 0.0580596923828125 0.25323486328125 0.079437255859375
0.1063232421875 0.0991439819335938 0.312713623046875 0.214996337890625
0.02032470703125 0.142669677734375 0.25616455078125 0.415557861328125
-0.0987091064453125 0.12774658203125 -0.000793457031250036 0.608154296875
-0.175521850585938 -0.00962829589843748 -0.4412841796875 0.535675048828125
-0.0750732421875 -0.180877685546875 -0.601318359375 0.26470947265625
0.128982543945313 -0.181533813476563 -0.689208984375 -0.0611572265624999
0.337799072265625 -0.321685791015625 0.130111694335938 0.275985717773438
0.041748046875 -0.468353271484375 0.329132080078125 0.043060302734375
-0.381500244140625 -0.25213623046875 0.262374877929688 -0.225601196289063
-0.3563232421875 0.137451171875 0.158294677734375 -0.314056396484375
-0.09857177734375 0.32171630859375 -0.0169525146484375 -0.263961791992188
0.154571533203125 0.212615966796875 -0.0733489990234375 -0.144271850585938
0.212814331054688 0.0869140625 -0.00107383728027343 -0.0176315307617187
0.18817138671875 0.112518310546875 0.0710983276367188 0.0211181640625
0.213211059570313 0.085479736328125 0.216278076171875 0.0601348876953125
0.1610107421875 0.14984130859375 0.282379150390625 0.190948486328125
0.031402587890625 0.229766845703125 0.22113037109375 0.395782470703125
-0.171859741210937 0.195205688476563 -0.020263671875 0.5753173828125
-0.284942626953125 -0.071319580078125 -0.415557861328125 0.48876953125
-0.085693359375 -0.31927490234375 -0.56451416015625 0.24658203125
0.24749755859375 -0.29425048828125 -0.62835693359375 -0.07470703125
0.37188720703125 -0.353973388671875 0.220062255859375 0.238937377929687
0.013397216796875 -0.482147216796875 0.38409423828125 0.084686279296875
-0.392913818359375 -0.235382080078125 0.38519287109375 -0.22607421875
-0.33709716796875 0.14935302734375 0.229461669921875 -0.425262451171875
-0.082427978515625 0.316986083984375 -0.051177978515625 -0.378814697265625
0.16058349609375 0.212478637695313 -0.163238525390625 -0.212997436523438
0.226654052734375 0.0970306396484375 -0.091796875 -0.0412673950195313
0.215621948242188 0.130905151367188 0.00304555892944337 0.0023491382598877
0.255386352539063 0.10760498046875 0.1507568359375 0.0415191650390625
0.1990966796875 0.198760986328125 0.212966918945312 0.16326904296875
0.02069091796875 0.30963134765625 0.146026611328125 0.3492431640625
-0.258636474609375 0.239791870117188 -0.0550842285156251 0.497406005859375
-0.36859130859375 -0.1563720703125 -0.3668212890625 0.41119384765625
-0.064666748046875 -0.43536376953125 -0.503692626953125 0.213623046875
0.341217041015625 -0.362152099609375 -0.526763916015625 -0.106292724609375
0.3521728515625 -0.3365478515625 0.33770751953125 0.198577880859375
0.00198364257812496 -0.424041748046875 0.477752685546875 0.07110595703125
-0.327545166015625 -0.19140625 0.467926025390625 -0.291107177734375
-0.260894775390625 0.119247436523437 0.232879638671875 -0.53485107421875
-0.0590972900390625 0.251632690429688 -0.10546875 -0.4559326171875
0.137100219726563 0.173614501953125 -0.245697021484375 -0.254302978515625
0.2061767578125 0.08978271484375 -0.173095703125 -0.059722900390625
0.210662841796875 0.130020141601563 -0.068756103515625 -0.017303466796875
0.26141357421875 0.121078491210938 0.0622444152832031 0.0239677429199219
0.198501586914063 0.232223510742188 0.114158630371094 0.121620178222656
-0.021697998046875 0.3447265625 0.0565032958984375 0.264129638671875
-0.328887939453125 0.2203369140625 -0.0662841796875 0.37750244140625
-0.3740234375 -0.25067138671875 -0.278167724609375 0.337127685546875
-0.00137329101562496 -0.487152099609375 -0.428741455078125 0.192840576171875
0.39239501953125 -0.3643798828125 -0.40118408203125 -0.149139404296875
0.287872314453125 -0.275909423828125 0.46282958984375 0.15118408203125
0.010894775390625 -0.326507568359375 0.5654296875 0.00567626953124998
-0.22259521484375 -0.149887084960938 0.488800048828125 -0.375274658203125
-0.17034912109375 0.065704345703125 0.18853759765625 -0.60260009765625
-0.0407257080078125 0.162307739257813 -0.15716552734375 -0.48779296875
0.0953903198242188 0.118698120117188 -0.301177978515625 -0.268463134765625
0.15887451171875 0.0708465576171875 -0.232757568359375 -0.07147216796875
0.173660278320313 0.108657836914063 -0.132705688476563 -0.03436279296875
0.223846435546875 0.118377685546875 -0.0328426361083984 0.00293350219726563
0.153793334960937 0.225982666015625 0.0112648010253906 0.0626602172851563
-0.07305908203125 0.301422119140625 -0.006927490234375 0.15185546875
-0.332733154296875 0.131256103515625 -0.0304412841796875 0.25970458984375
-0.275543212890625 -0.30072021484375 -0.1787109375 0.322662353515625
0.0806884765625 -0.43731689453125 -0.381744384765625 0.200439453125
0.375823974609375 -0.294464111328125 -0.273193359375 -0.1932373046875
0.190414428710937 -0.178741455078125 0.5693359375 0.100341796875
0.03106689453125 -0.21282958984375 0.618896484375 -0.078125
-0.114234924316406 -0.112709045410156 0.46710205078125 -0.4437255859375
-0.09027099609375 0.0120849609375 0.1319580078125 -0.63214111328125
-0.0294647216796875 0.076019287109375 -0.1937255859375 -0.485992431640625
0.0475654602050781 0.0639686584472656 -0.3280029296875 -0.26239013671875
0.0938262939453125 0.0453720092773438 -0.267684936523438 -0.0749053955078125
0.111412048339844 0.0731735229492188 -0.178741455078125 -0.04522705078125
0.146026611328125 0.0933685302734375 -0.111007690429687 -0.0193405151367187
0.0811920166015625 0.1651611328125 -0.0629920959472656 0.00390625000000002
-0.09222412109375 0.183303833007813 -0.0219879150390625 0.0571441650390625
-0.235748291015625 0.022064208984375 0.0278778076171875 0.190643310546875
-0.115432739257813 -0.248138427734375 -0.12347412109375 0.360382080078125
0.1246337890625 -0.28265380859375 -0.373870849609375 0.209075927734375
0.279129028320312 -0.164764404296875 -0.16180419921875 -0.230255126953125
-0.0827865600585938 0.0655288696289063 0.123291015625 0.336578369140625
-0.0361442565917969 0.0459747314453125 0.398406982421875 -0.12908935546875
-0.00932312011718749 0.0898666381835938 0.07135009765625 -0.39801025390625
0.0489044189453125 0.0404472351074219 -0.0924072265625 -0.207550048828125
0.0489044189453125 -0.0280189514160156 -0.0203399658203125 -0.0385818481445313
-0.013214111328125 -0.0591163635253906 0.0519027709960938 0.0158805847167969
-0.0268878936767578 -0.0319404602050781 0.133811950683594 0.0286636352539062
-0.0184688568115234 -0.0217456817626953 0.172470092773438 0.055389404296875
-0.0126523971557617 -0.0153732299804688 0.2720947265625 0.108779907226563
-0.000108718872070313 -0.00607776641845703 0.31219482421875 0.25531005859375
0.00064229965209961 -0.00752830505371094 0.254791259765625 0.442626953125
0.0269870758056641 0.015350341796875 -0.0219726562499999 0.6151123046875
0.0280532836914063 0.0870742797851563 -0.48895263671875 0.544097900390625
-0.03509521484375 0.0890274047851563 -0.61651611328125 0.216064453125
-0.135444641113281 0.0830459594726562 -0.681396484375 -0.08819580078125
0.0946121215820313 -0.103782653808594 0.08477783203125 0.339141845703125
0.0142669677734375 -0.179672241210938 0.376312255859375 -0.085479736328125
-0.165908813476563 -0.070037841796875 0.09326171875 -0.366302490234375
-0.136856079101563 0.0799026489257812 -0.0550537109375 -0.215972900390625
-0.0189971923828125 0.132514953613281 -0.0254936218261719 -0.0657005310058594
0.0615234375 0.0600929260253906 0.0419731140136719 -0.0027923583984375
0.0752410888671875 0.0123519897460938 0.129470825195313 0.0238723754882813
0.0621414184570313 0.0293464660644531 0.164138793945313 0.04974365234375
0.0688705444335938 0.0219497680664063 0.273635864257813 0.0951080322265625
0.0517654418945312 0.0463523864746094 0.323394775390625 0.2333984375
0.00690460205078124 0.0633087158203125 0.27239990234375 0.425323486328125
-0.0351371765136719 0.0666275024414063 0.0128173828125 0.621826171875
-0.0663261413574219 0.0423049926757813 -0.45037841796875 0.5682373046875
-0.055877685546875 -0.041748046875 -0.619384765625 0.2694091796875
-0.00399017333984375 -0.0521278381347656 -0.72076416015625 -0.05377197265625
0.24462890625 -0.243896484375 0.091705322265625 0.3095703125
0.04010009765625 -0.368988037109375 0.337158203125 -0.03216552734375
-0.303375244140625 -0.195709228515625 0.149993896484375 -0.293212890625
-0.285919189453125 0.114227294921875 0.03839111328125 -0.2470703125
-0.074066162109375 0.260482788085938 -0.01995849609375 -0.149765014648437
0.121719360351563 0.159317016601563 -0.00480651855468749 -0.0633468627929688
0.16070556640625 0.0544281005859375 0.0803451538085938 0.00614166259765625
0.136543273925781 0.0749664306640625 0.129241943359375 0.0382461547851563
0.148330688476563 0.0538177490234375 0.258819580078125 0.076385498046875
0.10882568359375 0.0959930419921875 0.32171630859375 0.207977294921875
0.02264404296875 0.141937255859375 0.273895263671875 0.411773681640625
-0.0984039306640625 0.131515502929688 0.0244750976562499 0.61785888671875
-0.173233032226563 -0.00569152832031253 -0.425384521484375 0.561859130859375
-0.0804443359375 -0.181304931640625 -0.6029052734375 0.288330078125
0.127044677734375 -0.189239501953125 -0.7103271484375 -0.0403442382812499
0.33843994140625 -0.333038330078125 0.140701293945313 0.270904541015625
0.025848388671875 -0.47735595703125 0.3321533203125 0.030242919921875
-0.39593505859375 -0.243255615234375 0.256011962890625 -0.231704711914063
-0.35552978515625 0.149444580078125 0.149261474609375 -0.322540283203125
-0.090545654296875 0.328216552734375 -0.0271453857421875 -0.268234252929688
0.157958984375 0.210906982421875 -0.0809478759765625 -0.141525268554688
0.213104248046875 0.0823822021484375 -0.000876426696777332 -0.0164222717285156
0.191329956054688 0.110183715820313 0.0721511840820313 0.0232391357421875
0.216171264648437 0.0789794921875 0.220001220703125 0.0558013916015625
0.165542602539063 0.144317626953125 0.29095458984375 0.183929443359375
0.0363006591796875 0.228363037109375 0.23797607421875 0.3936767578125
-0.170379638671875 0.20172119140625 0.00457763671874999 0.58636474609375
-0.287017822265625 -0.063690185546875 -0.402069091796875 0.51385498046875
-0.09490966796875 -0.3238525390625 -0.5640869140625 0.27044677734375
0.245391845703125 -0.308013916015625 -0.64715576171875 -0.052490234375
0.371429443359375 -0.3665771484375 0.231491088867188 0.230850219726562
-0.000366210937499986 -0.489593505859375 0.391143798828125 0.0716552734375
-0.407073974609375 -0.22576904296875 0.380706787109375 -0.238494873046875
-0.33538818359375 0.15899658203125 0.217559814453125 -0.4395751953125
-0.07568359375 0.320709228515625 -0.065399169921875 -0.383392333984375
0.1632080078125 0.2108154296875 -0.174209594726562 -0.208221435546875
0.227798461914062 0.092681884765625 -0.09228515625 -0.0383071899414062
0.219772338867188 0.127883911132813 0.00304603576660158 0.00445890426635743
0.259307861328125 0.10052490234375 0.153152465820313 0.0387725830078125
0.205795288085938 0.19293212890625 0.219879150390625 0.157684326171875
0.029449462890625 0.311370849609375 0.16058349609375 0.35089111328125
-0.2564697265625 0.250839233398438 -0.033233642578125 0.5074462890625
-0.3756103515625 -0.1480712890625 -0.354736328125 0.42950439453125
-0.078643798828125 -0.44195556640625 -0.501434326171875 0.236083984375
0.3394775390625 -0.380279541015625 -0.5421142578125 -0.0877380371093751
0.3536376953125 -0.348480224609375 0.351959228515625 0.1881103515625
-0.010498046875 -0.428558349609375 0.486541748046875 0.055572509765625
-0.338165283203125 -0.183746337890625 0.4644775390625 -0.30767822265625
-0.259567260742188 0.125656127929688 0.216827392578125 -0.550689697265625
-0.0540313720703125 0.252670288085938 -0.123138427734375 -0.45965576171875
0.137176513671875 0.1727294921875 -0.257675170898438 -0.248321533203125
0.2064208984375 0.0861358642578125 -0.175201416015625 -0.056396484375
0.214675903320313 0.125961303710938 -0.0706329345703125 -0.0149307250976562
0.2659912109375 0.113967895507812 0.0632438659667969 0.0221672058105469
0.20697021484375 0.227005004882813 0.118431091308594 0.119064331054688
-0.011260986328125 0.348907470703125 0.0656585693359375 0.269393920898438
-0.3284912109375 0.234832763671875 -0.050811767578125 0.387298583984375
-0.385772705078125 -0.24346923828125 -0.265655517578125 0.35089111328125
-0.017181396484375 -0.499481201171875 -0.424713134765625 0.213348388671875
0.38909912109375 -0.3857421875 -0.413787841796875 -0.13226318359375
0.289581298828125 -0.28369140625 0.479248046875 0.138519287109375
0.001861572265625 -0.330413818359375 0.57550048828125 -0.012939453125
-0.229598999023438 -0.146072387695313 0.4815673828125 -0.395751953125
-0.1700439453125 0.0670623779296875 0.16845703125 -0.6187744140625
-0.038330078125 0.161544799804688 -0.176605224609375 -0.489837646484375
0.0933303833007813 0.118827819824219 -0.3121337890625 -0.26129150390625
0.15771484375 0.0673675537109375 -0.235260009765625 -0.0670318603515625
0.176895141601563 0.1064453125 -0.136322021484375 -0.0307540893554687
0.227828979492188 0.1126708984375 -0.0348606109619141 0.00421905517578126
0.161056518554687 0.22222900390625 0.0129966735839844 0.0628395080566406
-0.066192626953125 0.308441162109375 -0.0027008056640625 0.1573486328125
-0.335357666015625 0.1448974609375 -0.018829345703125 0.265045166015625
-0.288818359375 -0.298370361328125 -0.16363525390625 0.332061767578125
0.067962646484375 -0.451873779296875 -0.3753662109375 0.22076416015625
0.374725341796875 -0.313568115234375 -0.2833251953125 -0.18096923828125
0.193771362304688 -0.181854248046875 0.5870361328125 0.08367919921875
0.0262451171875 -0.2161865234375 0.6290283203125 -0.100341796875
-0.11993408203125 -0.112213134765625 0.456939697265625 -0.466796875
-0.0908889770507813 0.010986328125 0.1085205078125 -0.64483642578125
-0.0283203125 0.0749053955078125 -0.212371826171875 -0.48626708984375
0.0446891784667969 0.0640182495117188 -0.337738037109375 -0.256195068359375
0.0929489135742188 0.0427932739257813 -0.270462036132813 -0.070587158203125
0.114082336425781 0.0709152221679688 -0.184280395507813 -0.041412353515625
0.150299072265625 0.0904388427734375 -0.114730834960938 -0.0157089233398438
0.087005615234375 0.163467407226562 -0.0645294189453125 0.00592422485351565
-0.088836669921875 0.18865966796875 -0.021209716796875 0.0597152709960938
-0.241058349609375 0.0301666259765625 0.0388031005859375 0.191635131835938
-0.125732421875 -0.250885009765625 -0.10467529296875 0.369384765625
0.11767578125 -0.29632568359375 -0.36651611328125 0.23138427734375
0.28082275390625 -0.17822265625 -0.169876098632813 -0.22174072265625
-0.0794906616210938 0.0731124877929688 0.14208984375 0.330657958984375
-0.0382080078125 0.0503196716308594 0.396484375 -0.159210205078125
-0.00382232666015625 0.0945816040039063 0.04547119140625 -0.4052734375
0.0536041259765625 0.0394477844238281 -0.108551025390625 -0.202865600585938
0.0480232238769531 -0.0325927734375 -0.0248756408691406 -0.0376319885253906
-0.0188751220703125 -0.0592803955078125 0.0541534423828125 0.0169830322265625
-0.0313720703125 -0.0308494567871094 0.138526916503906 0.0248260498046875
-0.02301025390625 -0.021484375 0.179092407226562 0.052215576171875
-0.0144462585449219 -0.0158843994140625 0.28326416015625 0.100738525390625
0.000370979309082031 -0.00698757171630859 0.328338623046875 0.24395751953125
-0.000348091125488281 -0.00582170486450195 0.28216552734375 0.43524169921875
0.0262947082519531 0.0150012969970703 0.0167236328125 0.62750244140625
0.0356292724609375 0.0867538452148438 -0.46075439453125 0.583740234375
-0.0333404541015625 0.0914154052734375 -0.62060546875 0.25323486328125
-0.136856079101563 0.0922927856445313 -0.70849609375 -0.05413818359375
0.0943679809570313 -0.11004638671875 0.10467529296875 0.333984375
0.00106811523437501 -0.184310913085937 0.376190185546875 -0.11328125
-0.174362182617188 -0.0601959228515625 0.0706481933593749 -0.37384033203125
-0.134239196777344 0.0895614624023438 -0.0705413818359375 -0.214248657226563
-0.0127105712890625 0.134765625 -0.0324783325195313 -0.0649642944335937
0.0633163452148437 0.0579795837402344 0.0427932739257813 -0.00191497802734375
0.07415771484375 0.00965118408203125 0.133644104003906 0.0191192626953125
0.0617942810058594 0.02703857421875 0.170623779296875 0.0462799072265625
0.0702476501464844 0.0188636779785156 0.2840576171875 0.08624267578125
0.0543899536132812 0.0431900024414063 0.3392333984375 0.220367431640625
0.00883865356445312 0.0652351379394531 0.29974365234375 0.41876220703125
-0.0351753234863281 0.0698966979980469 0.0545043945312501 0.633056640625
-0.0609169006347656 0.0452346801757812 -0.42205810546875 0.606689453125
-0.0599327087402344 -0.0407295227050781 -0.61865234375 0.30877685546875
-0.0075531005859375 -0.052001953125 -0.74847412109375 -0.0160522460937501
0.242050170898438 -0.260818481445313 0.109619140625 0.3033447265625
0.0185546875 -0.378448486328125 0.33868408203125 -0.055999755859375
-0.32080078125 -0.181671142578125 0.133026123046875 -0.302276611328125
-0.284149169921875 0.1319580078125 0.023406982421875 -0.25177001953125
-0.062225341796875 0.268875122070313 -0.030914306640625 -0.151702880859375
0.12957763671875 0.157470703125 -0.00775527954101562 -0.0611991882324219
0.162521362304687 0.0483551025390625 0.0829315185546875 0.00383758544921875
0.140281677246094 0.071014404296875 0.134773254394531 0.0365753173828125
0.151840209960938 0.0472564697265625 0.267166137695313 0.06646728515625
0.113662719726563 0.0908889770507812 0.337066650390625 0.19415283203125
0.02740478515625 0.1429443359375 0.30047607421875 0.40374755859375
-0.095855712890625 0.137733459472656 0.0645751953125 0.62664794921875
-0.17218017578125 0.00175476074218751 -0.3953857421875 0.59912109375
-0.09161376953125 -0.181884765625 -0.600830078125 0.32916259765625
0.121200561523437 -0.200714111328125 -0.7352294921875 -0.00134277343750011
0.333953857421875 -0.3568115234375 0.158584594726563 0.2611083984375
-0.000915527343749949 -0.48736572265625 0.337158203125 0.00930786132812497
-0.4171142578125 -0.225189208984375 0.245712280273437 -0.24615478515625
-0.354400634765625 0.1700439453125 0.132171630859375 -0.33685302734375
-0.075531005859375 0.338470458984375 -0.045013427734375 -0.27252197265625
0.168228149414063 0.20794677734375 -0.0920486450195312 -0.137054443359375
0.217697143554688 0.0744171142578125 -0.000432968139648425 -0.0171394348144531
0.198760986328125 0.103530883789063 0.0757675170898438 0.0233078002929688
0.220687866210938 0.0697479248046875 0.227096557617187 0.0479278564453125
0.17376708984375 0.136611938476563 0.304290771484375 0.1702880859375
0.0465545654296875 0.229537963867188 0.264801025390625 0.388153076171875
-0.164688110351562 0.21319580078125 0.0430908203125 0.59881591796875
-0.292327880859375 -0.052215576171875 -0.376068115234375 0.548583984375
-0.114410400390625 -0.326141357421875 -0.559814453125 0.31072998046875
0.236785888671875 -0.328582763671875 -0.6683349609375 -0.0150146484374999
0.368133544921875 -0.3905029296875 0.249832153320313 0.217758178710937
-0.026275634765625 -0.497955322265625 0.399993896484375 0.0499267578125
-0.4263916015625 -0.205780029296875 0.37384033203125 -0.26068115234375
-0.334014892578125 0.176666259765625 0.1944580078125 -0.460479736328125
-0.06134033203125 0.328948974609375 -0.090301513671875 -0.388519287109375
0.172836303710938 0.207717895507813 -0.189422607421875 -0.20086669921875
0.231781005859375 0.084136962890625 -0.0949783325195312 -0.0357284545898438
0.228225708007812 0.12042236328125 0.00364589691162111 0.00650215148925782
0.26617431640625 0.0888519287109375 0.157852172851563 0.032196044921875
0.217147827148438 0.183731079101563 0.232513427734375 0.147689819335938
0.04412841796875 0.312652587890625 0.18353271484375 0.351165771484375
-0.2490234375 0.26898193359375 0.000701904296874981 0.5208740234375
-0.387664794921875 -0.13250732421875 -0.33349609375 0.458587646484375
-0.10455322265625 -0.448486328125 -0.49688720703125 0.27020263671875
0.328704833984375 -0.40789794921875 -0.5604248046875 -0.0540771484375
0.349639892578125 -0.370849609375 0.37115478515625 0.169158935546875
-0.032379150390625 -0.43402099609375 0.498046875 0.03076171875
-0.353118896484375 -0.169525146484375 0.455322265625 -0.338653564453125
-0.257797241210937 0.136306762695312 0.18701171875 -0.5740966796875
-0.0438690185546875 0.257247924804688 -0.15185546875 -0.461456298828125
0.143707275390625 0.171066284179688 -0.274978637695313 -0.237014770507813
0.209701538085938 0.0784454345703125 -0.178878784179688 -0.0496063232421875
0.223373413085937 0.11907958984375 -0.0726089477539063 -0.0103073120117187
0.27520751953125 0.101531982421875 0.0649223327636719 0.0201950073242188
0.221099853515625 0.21820068359375 0.126296997070313 0.114463806152344
0.0047607421875 0.35491943359375 0.08294677734375 0.273651123046875
-0.32391357421875 0.2576904296875 -0.025238037109375 0.398468017578125
-0.4061279296875 -0.22882080078125 -0.247222900390625 0.37103271484375
-0.0465087890625 -0.509429931640625 -0.41766357421875 0.246063232421875
0.38006591796875 -0.41680908203125 -0.429931640625 -0.105926513671875
0.288116455078125 -0.301513671875 0.501068115234375 0.113525390625
-0.01446533203125 -0.334991455078125 0.5872802734375 -0.04547119140625
-0.242156982421875 -0.136764526367188 0.467437744140625 -0.429840087890625
-0.169586181640625 0.0718994140625 0.1336669921875 -0.64013671875
-0.032989501953125 0.162979125976562 -0.207763671875 -0.48760986328125
0.0958709716796875 0.119491577148438 -0.33056640625 -0.2489013671875
0.160064697265625 0.061767578125 -0.240646362304687 -0.0589141845703125
0.183639526367188 0.100692749023438 -0.140655517578125 -0.024078369140625
0.23760986328125 0.102264404296875 -0.0356101989746094 0.00609970092773438
0.174530029296875 0.215667724609375 0.0150642395019531 0.0634231567382813
-0.05133056640625 0.316741943359375 0.00599670410156249 0.162918090820313
-0.336822509765625 0.167510986328125 0.000640869140624996 0.271194458007813
-0.31097412109375 -0.292694091796875 -0.14068603515625 0.3453369140625
0.042572021484375 -0.468536376953125 -0.36505126953125 0.25152587890625
0.370391845703125 -0.343658447265625 -0.29681396484375 -0.16119384765625
0.195892333984375 -0.193313598632813 0.6099853515625 0.05328369140625
0.0148468017578125 -0.220123291015625 0.6375732421875 -0.13897705078125
-0.128700256347656 -0.108207702636719 0.438323974609375 -0.50164794921875
-0.0917129516601563 0.0114974975585938 0.06982421875 -0.66412353515625
-0.0270309448242188 0.0758819580078125 -0.242828369140625 -0.4830322265625
0.0439071655273438 0.0656890869140625 -0.35498046875 -0.2431640625
0.0944747924804688 0.0394744873046875 -0.276443481445313 -0.061737060546875
0.118110656738281 0.0668716430664063 -0.190231323242188 -0.0329742431640625
0.157211303710938 0.083770751953125 -0.119232177734375 -0.00970458984375
0.09564208984375 0.16064453125 -0.0676651000976563 0.00948715209960937
-0.0821380615234375 0.197158813476563 -0.0191154479980469 0.0638236999511719
-0.246337890625 0.04461669921875 0.054412841796875 0.191802978515625
-0.14129638671875 -0.252304077148438 -0.077117919921875 0.3802490234375
0.10186767578125 -0.31268310546875 -0.354583740234375 0.26251220703125
0.27899169921875 -0.197921752929687 -0.182052612304687 -0.210098266601563
-0.0728988647460938 0.0808486938476563 0.16400146484375 0.313751220703125
-0.0378227233886719 0.0561637878417969 0.381072998046875 -0.195098876953125
0.0038604736328125 0.0976104736328125 0.01092529296875 -0.40643310546875
0.058349609375 0.0355987548828125 -0.1268310546875 -0.191726684570312
0.0444450378417969 -0.0364112854003906 -0.0297813415527344 -0.0336418151855469
-0.0247879028320313 -0.0573196411132812 0.0575065612792969 0.0146560668945312
-0.0345058441162109 -0.0276889801025391 0.142303466796875 0.0164642333984375
-0.0268173217773437 -0.0196285247802734 0.185440063476563 0.0436248779296875
-0.0163564682006836 -0.0163345336914063 0.29254150390625 0.08441162109375
0.000739097595214844 -0.00805807113647461 0.344207763671875 0.223297119140625
-0.00146889686584473 -0.00360345840454102 0.313140869140625 0.41473388671875
0.0264854431152344 0.0148830413818359 0.06787109375 0.62603759765625
0.0451812744140625 0.0844573974609375 -0.41241455078125 0.62298583984375
-0.0298538208007813 0.093475341796875 -0.6065673828125 0.2998046875
-0.133712768554688 0.104316711425781 -0.7244873046875 -0.00366210937500005
0.0899887084960938 -0.116294860839844 0.1263427734375 0.319488525390625
-0.015655517578125 -0.183197021484375 0.36578369140625 -0.14825439453125
-0.1787109375 -0.0456390380859375 0.038726806640625 -0.377685546875
-0.12762451171875 0.0987472534179688 -0.08966064453125 -0.20654296875
-0.00424957275390625 0.136634826660156 -0.0394859313964844 -0.0610771179199219
0.0663070678710938 0.0545578002929688 0.0438385009765625 -0.00345230102539062
0.0736007690429688 0.005523681640625 0.136711120605469 0.010833740234375
0.0625267028808594 0.0243034362792969 0.176513671875 0.0385284423828125
0.0698471069335938 0.0133590698242188 0.291717529296875 0.069976806640625
0.0559005737304688 0.0387840270996094 0.352783203125 0.197540283203125
0.0114898681640625 0.0651016235351563 0.32965087890625 0.397735595703125
-0.032073974609375 0.0734786987304688 0.10687255859375 0.62872314453125
-0.05413818359375 0.0469284057617187 -0.37115478515625 0.64093017578125
-0.0640335083007813 -0.0374031066894531 -0.60198974609375 0.35662841796875
-0.0116004943847656 -0.0500755310058594 -0.76055908203125 0.0396728515625001
0.229766845703125 -0.279525756835938 0.129791259765625 0.2882080078125
-0.010498046875 -0.380767822265625 0.33258056640625 -0.087982177734375
-0.3359375 -0.15673828125 0.10760498046875 -0.30889892578125
-0.276199340820312 0.151412963867188 0.00196838378906247 -0.25189208984375
-0.044525146484375 0.27423095703125 -0.0461578369140625 -0.149002075195312
0.139007568359375 0.149459838867188 -0.0124244689941406 -0.0593338012695312
0.163742065429687 0.038726806640625 0.0847396850585938 -0.00225067138671875
0.144317626953125 0.0643310546875 0.13885498046875 0.0303878784179688
0.152542114257812 0.0366363525390625 0.273101806640625 0.05023193359375
0.117958068847656 0.0813064575195313 0.349090576171875 0.17010498046875
0.0345001220703125 0.140731811523438 0.33203125 0.382659912109375
-0.0885162353515625 0.14434814453125 0.117919921875 0.6246337890625
-0.168045043945312 0.010833740234375 -0.3465576171875 0.63134765625
-0.105331420898437 -0.1773681640625 -0.58038330078125 0.37738037109375
0.10888671875 -0.209548950195312 -0.74566650390625 0.0571289062499999
0.317108154296875 -0.3822021484375 0.176055908203125 0.242874145507813
-0.037139892578125 -0.489471435546875 0.33612060546875 -0.020416259765625
-0.435302734375 -0.194183349609375 0.226394653320312 -0.261444091796875
-0.344207763671875 0.1942138671875 0.10528564453125 -0.346588134765625
-0.05255126953125 0.34429931640625 -0.0690460205078125 -0.270233154296875
0.181228637695313 0.197769165039063 -0.102226257324219 -0.12957763671875
0.2200927734375 0.060455322265625 -0.00100708007812499 -0.0173416137695312
0.205718994140625 0.0933837890625 0.0792007446289063 0.0208511352539063
0.223770141601562 0.0546112060546875 0.231674194335938 0.032989501953125
0.18084716796875 0.123199462890625 0.31591796875 0.14849853515625
0.0595245361328125 0.225494384765625 0.294281005859375 0.370025634765625
-0.151824951171875 0.224853515625 0.09503173828125 0.5965576171875
-0.29248046875 -0.03466796875 -0.33099365234375 0.57672119140625
-0.138580322265625 -0.320465087890625 -0.540496826171875 0.355010986328125
0.217620849609375 -0.347015380859375 -0.67547607421875 0.0386962890625
0.349578857421875 -0.41815185546875 0.2657470703125 0.193557739257813
-0.06182861328125 -0.495452880859375 0.403533935546875 0.01702880859375
-0.4415283203125 -0.175048828125 0.355377197265625 -0.286163330078125
-0.322509765625 0.19757080078125 0.15814208984375 -0.47760009765625
-0.040191650390625 0.332611083984375 -0.12152099609375 -0.3831787109375
0.184234619140625 0.198013305664063 -0.204391479492188 -0.186614990234375
0.234756469726562 0.0699615478515625 -0.0964508056640625 -0.0297775268554688
0.236923217773438 0.107635498046875 0.00535058975219728 0.00767755508422852
0.27081298828125 0.0703125 0.161178588867188 0.021728515625
0.227203369140625 0.166488647460938 0.241470336914063 0.130584716796875
0.063812255859375 0.309417724609375 0.211395263671875 0.34014892578125
-0.231689453125 0.287567138671875 0.0458984375 0.523590087890625
-0.396820068359375 -0.107635498046875 -0.29693603515625 0.483642578125
-0.1373291015625 -0.444793701171875 -0.4771728515625 0.3115234375
0.3048095703125 -0.43585205078125 -0.56756591796875 -0.00744628906250006
0.334991455078125 -0.3955078125 0.385833740234375 0.13800048828125
-0.0616455078125 -0.43206787109375 0.50372314453125 -0.00933837890625003
-0.365264892578125 -0.1439208984375 0.430450439453125 -0.37139892578125
-0.249542236328125 0.151214599609375 0.1414794921875 -0.589599609375
-0.029022216796875 0.259140014648438 -0.190093994140625 -0.45208740234375
0.152389526367187 0.16461181640625 -0.292938232421875 -0.21759033203125
0.21185302734375 0.0657806396484375 -0.181808471679688 -0.039398193359375
0.230987548828125 0.10687255859375 -0.07281494140625 -0.00494384765624999
0.28125 0.082489013671875 0.0666122436523438 0.0157546997070313
0.234848022460938 0.201370239257813 0.133331298828125 0.104820251464844
0.02862548828125 0.35565185546875 0.10400390625 0.271026611328125
-0.307525634765625 0.283233642578125 0.0110168457031249 0.401519775390625
-0.423187255859375 -0.2037353515625 -0.214324951171875 0.38897705078125
-0.0858459472656249 -0.51263427734375 -0.39556884765625 0.280853271484375
0.355987548828125 -0.449066162109375 -0.4373779296875 -0.0675964355468751
0.277496337890625 -0.32244873046875 0.514739990234375 0.07305908203125
-0.036346435546875 -0.333160400390625 0.5870361328125 -0.09002685546875
-0.251449584960938 -0.119430541992188 0.435272216796875 -0.465362548828125
-0.166976928710938 0.0791168212890625 0.08154296875 -0.6507568359375
-0.02490234375 0.16387939453125 -0.24676513671875 -0.473846435546875
0.10137939453125 0.116355895996094 -0.3472900390625 -0.22589111328125
0.16094970703125 0.052978515625 -0.243270874023438 -0.0463104248046875
0.190902709960938 0.0900726318359375 -0.14288330078125 -0.01422119140625
0.244491577148438 0.085540771484375 -0.0362052917480469 0.00949859619140625
0.189468383789063 0.202667236328125 0.018463134765625 0.0623245239257813
-0.0306396484375 0.322113037109375 0.0183258056640625 0.16595458984375
-0.32745361328125 0.193145751953125 0.0251617431640625 0.269973754882813
-0.33441162109375 -0.274169921875 -0.108978271484375 0.353485107421875
0.006072998046875 -0.4776611328125 -0.34033203125 0.28436279296875
0.350616455078125 -0.374267578125 -0.306915283203125 -0.132781982421875
0.190643310546875 -0.2071533203125 0.6214599609375 0.00610351562499999
-0.000656127929687516 -0.221633911132812 0.63079833984375 -0.1884765625
-0.136528015136719 -0.099029541015625 0.397857666015625 -0.535247802734375
-0.092987060546875 0.0131683349609375 0.01605224609375 -0.6688232421875
-0.0245285034179688 0.0756454467773438 -0.28125 -0.466949462890625
0.0467185974121094 0.0661468505859375 -0.3709716796875 -0.22161865234375
0.0938491821289063 0.0335769653320313 -0.279754638671875 -0.0472564697265625
0.122688293457031 0.059967041015625 -0.194686889648438 -0.019805908203125
0.163375854492188 0.0725860595703125 -0.121437072753906 -0.00106811523437502
0.106369018554688 0.152862548828125 -0.0682907104492188 0.0136833190917969
-0.07000732421875 0.204757690429688 -0.0149192810058594 0.0662727355957031
-0.246368408203125 0.062896728515625 0.0740203857421875 0.18505859375
-0.161361694335938 -0.246978759765625 -0.040283203125 0.384521484375
0.076934814453125 -0.3255615234375 -0.32904052734375 0.295654296875
0.268814086914063 -0.221328735351563 -0.193634033203125 -0.189544677734375
-0.0636749267578125 0.08575439453125 0.178741455078125 0.2894287109375
-0.0362548828125 0.0608177185058594 0.353912353515625 -0.226104736328125
0.01226806640625 0.0974807739257813 -0.023468017578125 -0.396087646484375
0.0603675842285156 0.0310211181640625 -0.140533447265625 -0.174331665039063
0.0407562255859375 -0.0382919311523438 -0.0332660675048828 -0.0284290313720703
-0.0293502807617188 -0.0541763305664063 0.0594711303710937 0.0115623474121094
-0.0363044738769531 -0.0246658325195312 0.1419677734375 0.008575439453125
-0.0284786224365234 -0.0162124633789063 0.187637329101563 0.0340118408203125
-0.0185470581054688 -0.0145168304443359 0.29302978515625 0.065887451171875
-0.000418663024902344 -0.00844335556030273 0.349365234375 0.196533203125
-0.00130462646484375 -0.0014798641204834 0.33563232421875 0.384613037109375
0.0264625549316406 0.0148639678955078 0.11614990234375 0.605712890625
0.0520706176757813 0.077850341796875 -0.3505859375 0.6402587890625
-0.0250778198242187 0.093414306640625 -0.575439453125 0.33856201171875
-0.125801086425781 0.113731384277344 -0.71868896484375 0.04937744140625
0.084686279296875 -0.12103271484375 0.141326904296875 0.296356201171875
-0.0292816162109375 -0.176910400390625 0.341552734375 -0.1793212890625
-0.177352905273438 -0.0297698974609375 0.00729370117187499 -0.369171142578125
-0.117851257324219 0.10565185546875 -0.105392456054688 -0.192001342773437
0.00498962402343751 0.135330200195313 -0.04547119140625 -0.054779052734375
0.0669937133789063 0.0500030517578125 0.0436668395996094 -0.00508499145507812
0.0715484619140625 0.00147247314453125 0.136421203613281 0.001495361328125
0.0622177124023438 0.0221214294433594 0.17791748046875 0.0291595458984375
0.0672531127929688 0.00847625732421875 0.292022705078125 0.05084228515625
0.0560493469238281 0.0333099365234375 0.35546875 0.171295166015625
0.0140380859375 0.0647087097167969 0.350738525390625 0.364898681640625
-0.0278244018554687 0.0747909545898438 0.15447998046875 0.603759765625
-0.0468368530273438 0.04681396484375 -0.30975341796875 0.6541748046875
-0.066375732421875 -0.0323066711425781 -0.5665283203125 0.393798828125
-0.0132598876953125 -0.0464706420898438 -0.74981689453125 0.0950927734374999
0.21087646484375 -0.292144775390625 0.142822265625 0.264968872070313
-0.038116455078125 -0.371673583984375 0.313323974609375 -0.117218017578125
-0.339080810546875 -0.12823486328125 0.0806884765625 -0.306610107421875
-0.26116943359375 0.167495727539062 -0.01873779296875 -0.244659423828125
-0.0249481201171875 0.273574829101563 -0.0587921142578125 -0.140914916992187
0.144912719726563 0.1368408203125 -0.016571044921875 -0.0561370849609375
0.16217041015625 0.02813720703125 0.0834579467773438 -0.00814056396484375
0.145462036132812 0.0558013916015625 0.14080810546875 0.023284912109375
0.1502685546875 0.0267333984375 0.272567749023438 0.0326385498046875
0.118186950683594 0.0704803466796875 0.350738525390625 0.143646240234375
0.0404586791992187 0.136283874511719 0.351409912109375 0.3515625
-0.0786895751953125 0.146621704101563 0.167236328125 0.59979248046875
-0.159896850585938 0.017547607421875 -0.2884521484375 0.6435546875
-0.115264892578125 -0.166656494140625 -0.543975830078125 0.4136962890625
0.0960693359375 -0.212387084960938 -0.72979736328125 0.1114501953125
0.291015625 -0.39794921875 0.186111450195313 0.217483520507812
-0.069580078125 -0.476104736328125 0.322784423828125 -0.04925537109375
-0.4393310546875 -0.15753173828125 0.202056884765625 -0.268585205078125
-0.32415771484375 0.21282958984375 0.075775146484375 -0.346466064453125
-0.0281982421875 0.34130859375 -0.090240478515625 -0.258377075195313
0.188873291015625 0.182952880859375 -0.109954833984375 -0.119606018066406
0.217315673828125 0.0457611083984375 -0.00170135498046874 -0.0176010131835937
0.207916259765625 0.0803985595703125 0.0810699462890625 0.0164566040039063
0.22076416015625 0.038909912109375 0.229415893554687 0.0173492431640625
0.181716918945313 0.106597900390625 0.317718505859375 0.12384033203125
0.0704498291015625 0.216156005859375 0.317138671875 0.34210205078125
-0.134780883789062 0.230743408203125 0.14154052734375 0.5770263671875
-0.28564453125 -0.018096923828125 -0.2781982421875 0.589111328125
-0.15826416015625 -0.305023193359375 -0.50469970703125 0.390594482421875
0.194366455078125 -0.355682373046875 -0.66278076171875 0.0923461914062501
0.32135009765625 -0.435577392578125 0.271148681640625 0.16375732421875
-0.0928955078125 -0.478973388671875 0.39349365234375 -0.01519775390625
-0.443328857421875 -0.139190673828125 0.32684326171875 -0.303253173828125
-0.30352783203125 0.21307373046875 0.11865234375 -0.4776611328125
-0.017974853515625 0.328948974609375 -0.149993896484375 -0.365447998046875
0.191818237304688 0.182830810546875 -0.214614868164063 -0.168563842773438
0.231842041015625 0.053955078125 -0.0963134765625 -0.0242156982421875
0.239791870117188 0.092620849609375 0.00723791122436525 0.0086665153503418
0.26776123046875 0.050567626953125 0.16009521484375 0.010406494140625
0.230880737304688 0.145889282226563 0.24407958984375 0.110748291015625
0.080963134765625 0.298095703125 0.2337646484375 0.31951904296875
-0.208831787109375 0.297332763671875 0.088226318359375 0.507110595703125
-0.394195556640625 -0.0813598632812501 -0.251617431640625 0.492828369140625
-0.167266845703125 -0.427398681640625 -0.44049072265625 0.342987060546875
0.273712158203125 -0.449798583984375 -0.55694580078125 0.0407104492187499
0.308502197265625 -0.41241455078125 0.3876953125 0.102203369140625
-0.087677001953125 -0.417572021484375 0.4913330078125 -0.046417236328125
-0.36602783203125 -0.11370849609375 0.394683837890625 -0.392547607421875
-0.235626220703125 0.160369873046875 0.09423828125 -0.58648681640625
-0.012939453125 0.254119873046875 -0.2216796875 -0.427642822265625
0.157730102539063 0.152435302734375 -0.301727294921875 -0.1922607421875
0.208267211914063 0.0522003173828125 -0.180068969726563 -0.0293121337890625
0.234344482421875 0.0918121337890625 -0.0703048706054687 0.000801086425781269
0.279052734375 0.0618438720703125 0.0666427612304688 0.0107498168945313
0.240676879882813 0.1787109375 0.137001037597656 0.0934295654296875
0.05096435546875 0.344818115234375 0.122650146484375 0.2607421875
-0.283203125 0.299591064453125 0.04510498046875 0.38983154296875
-0.429656982421875 -0.175384521484375 -0.17864990234375 0.390472412109375
-0.12115478515625 -0.498138427734375 -0.361602783203125 0.307830810546875
0.32305908203125 -0.466644287109375 -0.4305419921875 -0.0288391113281251
0.258941650390625 -0.336334228515625 0.511383056640625 0.03173828125
-0.057647705078125 -0.322174072265625 0.56939697265625 -0.13409423828125
-0.252426147460938 -0.0985107421875 0.39154052734375 -0.485137939453125
-0.16021728515625 0.083892822265625 0.0296630859375 -0.641845703125
-0.0164794921875 0.1605224609375 -0.27764892578125 -0.44476318359375
0.104377746582031 0.109642028808594 -0.355712890625 -0.19903564453125
0.157791137695313 0.0421142578125 -0.241439819335937 -0.0330047607421875
0.1929931640625 0.0775604248046875 -0.140510559082031 -0.00421905517578126
0.244537353515625 0.0671234130859375 -0.0341873168945312 0.0117321014404297
0.19720458984375 0.183303833007812 0.0209884643554688 0.0597648620605469
-0.00848388671875 0.318359375 0.0299224853515625 0.164031982421875
-0.309051513671875 0.213348388671875 0.0491943359375 0.259185791015625
-0.34869384765625 -0.24871826171875 -0.0752868652343751 0.349578857421875
-0.030242919921875 -0.4715576171875 -0.3057861328125 0.30743408203125
0.32275390625 -0.393218994140625 -0.304046630859375 -0.1011962890625
0.180679321289063 -0.217987060546875 0.61358642578125 -0.0421142578125
-0.0152130126953125 -0.215377807617188 0.60711669921875 -0.23284912109375
-0.140052795410156 -0.0868301391601563 0.34881591796875 -0.55108642578125
-0.0923309326171875 0.0150299072265625 -0.0343017578125 -0.6544189453125
-0.0212478637695312 0.0735321044921875 -0.309844970703125 -0.43548583984375
0.0487518310546875 0.0645065307617188 -0.377166748046875 -0.191131591796875
0.0908889770507813 0.0271835327148438 -0.276565551757813 -0.03350830078125
0.123527526855469 0.0514373779296875 -0.1922607421875 -0.007232666015625
0.164840698242188 0.0587921142578125 -0.119697570800781 0.00807189941406249
0.113006591796875 0.14111328125 -0.068267822265625 0.0183601379394531
-0.0555877685546875 0.206680297851563 -0.00966644287109376 0.06805419921875
-0.238800048828125 0.08056640625 0.0905303955078125 0.171157836914063
-0.176651000976563 -0.235382080078125 -0.00305175781249999 0.375946044921875
0.0499267578125 -0.328521728515625 -0.29290771484375 0.3184814453125
0.25152587890625 -0.238327026367188 -0.195388793945312 -0.16510009765625
-0.0551910400390625 0.0858612060546875 0.181106567382813 0.2640380859375
-0.0330047607421875 0.0635719299316406 0.32330322265625 -0.242523193359375
0.0183258056640625 0.0949325561523437 -0.047637939453125 -0.378509521484375
0.0608139038085938 0.0277786254882813 -0.1480712890625 -0.156570434570312
0.0379219055175781 -0.03857421875 -0.0343093872070313 -0.0227146148681641
-0.0321044921875 -0.0501785278320312 0.0598373413085938 0.007843017578125
-0.0364227294921875 -0.0221061706542969 0.139930725097656 0.0018157958984375
-0.0286579132080078 -0.0138473510742188 0.185806274414063 0.0261077880859375
-0.0191154479980469 -0.0134849548339844 0.28802490234375 0.05084228515625
-0.000872611999511719 -0.00904750823974609 0.34521484375 0.1759033203125
-2.84314155578614E-05 0.00106281042098999 0.3436279296875 0.35479736328125
0.0259819030761719 0.0151939392089844 0.14813232421875 0.57598876953125
0.0557937622070313 0.0703506469726563 -0.29949951171875 0.63525390625
-0.022308349609375 0.092987060546875 -0.542724609375 0.358184814453125
-0.115982055664063 0.118827819824219 -0.70159912109375 0.0872192382812501
0.0793609619140625 -0.123428344726563 0.145675659179688 0.272140502929688
-0.03857421875 -0.168182373046875 0.313385009765625 -0.1982421875
-0.172149658203125 -0.0190582275390625 -0.01617431640625 -0.35443115234375
-0.109870910644531 0.108314514160156 -0.11456298828125 -0.17645263671875
0.01129150390625 0.133033752441406 -0.048614501953125 -0.0475044250488281
0.066680908203125 0.04541015625 0.0428581237792969 -0.00655746459960937
0.0682754516601563 -0.00201416015625 0.132919311523438 -0.00463104248046875
0.0618171691894531 0.0196342468261719 0.176742553710938 0.021392822265625
0.0648918151855469 0.0059967041015625 0.286102294921875 0.037353515625
0.0541343688964844 0.0291824340820312 0.349884033203125 0.149993896484375
0.0160140991210937 0.0638198852539063 0.358001708984375 0.334503173828125
-0.0241165161132813 0.0742340087890625 0.18560791015625 0.57281494140625
-0.0403518676757813 0.0441474914550781 -0.2601318359375 0.64691162109375
-0.0669021606445313 -0.0276985168457031 -0.528839111328125 0.41461181640625
-0.0132713317871094 -0.0433158874511719 -0.729248046875 0.13385009765625
0.19561767578125 -0.295806884765625 0.144683837890625 0.24163818359375
-0.055572509765625 -0.358306884765625 0.28924560546875 -0.13616943359375
-0.333831787109375 -0.10601806640625 0.059051513671875 -0.29779052734375
-0.245635986328125 0.174362182617187 -0.0330047607421875 -0.231491088867187
-0.01043701171875 0.267807006835938 -0.0665206909179688 -0.130523681640625
0.145523071289063 0.126846313476562 -0.0191497802734375 -0.0531425476074219
0.156448364257812 0.0191192626953125 0.0804595947265625 -0.0121688842773437
0.144561767578125 0.0489501953125 0.140052795410156 0.0179443359375
0.144561767578125 0.019683837890625 0.265884399414063 0.0190277099609375
0.114212036132813 0.0618820190429688 0.3436279296875 0.12286376953125
0.0431976318359375 0.1297607421875 0.358123779296875 0.322052001953125
-0.0699615478515625 0.146148681640625 0.198486328125 0.56744384765625
-0.151443481445313 0.0197601318359375 -0.23919677734375 0.63525390625
-0.120498657226563 -0.155792236328125 -0.505157470703125 0.43194580078125
0.08648681640625 -0.21087646484375 -0.707275390625 0.149658203125
0.26849365234375 -0.402679443359375 0.18475341796875 0.193450927734375
-0.0906982421875 -0.457183837890625 0.302520751953125 -0.069549560546875
-0.431304931640625 -0.130096435546875 0.179779052734375 -0.26708984375
-0.305267333984375 0.220123291015625 0.05389404296875 -0.33660888671875
-0.01123046875 0.333221435546875 -0.103515625 -0.244003295898437
0.190200805664063 0.168716430664063 -0.114051818847656 -0.109909057617188
0.2098388671875 0.0354156494140625 -0.00252151489257811 -0.0178699493408203
0.206344604492188 0.0694427490234375 0.0813980102539063 0.0133056640625
0.212966918945313 0.02850341796875 0.223724365234375 0.005950927734375
0.17669677734375 0.093353271484375 0.310943603515625 0.10443115234375
0.07611083984375 0.20611572265625 0.32537841796875 0.3160400390625
-0.120849609375 0.229461669921875 0.17376708984375 0.54656982421875
-0.274978637695312 -0.00798034667968756 -0.23486328125 0.5823974609375
-0.16845703125 -0.287200927734375 -0.467681884765625 0.407928466796875
0.17510986328125 -0.35589599609375 -0.63848876953125 0.12603759765625
0.29705810546875 -0.440155029296875 0.265487670898438 0.138702392578125
-0.11199951171875 -0.459991455078125 0.37493896484375 -0.037994384765625
-0.431610107421875 -0.11138916015625 0.299774169921875 -0.30743408203125
-0.28521728515625 0.218658447265625 0.0884399414062499 -0.46624755859375
-0.00350952148437503 0.317962646484375 -0.167022705078125 -0.34454345703125
0.192596435546875 0.168716430664062 -0.217376708984375 -0.1517333984375
0.22418212890625 0.0428924560546875 -0.0947952270507812 -0.0206298828125
0.236907958984375 0.0804901123046875 0.00918102264404298 0.00833320617675782
0.259613037109375 0.036865234375 0.156021118164063 0.0015869140625
0.226470947265625 0.128311157226563 0.240066528320313 0.09539794921875
0.09075927734375 0.28424072265625 0.2451171875 0.299072265625
-0.18841552734375 0.298309326171875 0.117919921875 0.48345947265625
-0.38470458984375 -0.0638427734375 -0.214996337890625 0.48760986328125
-0.184234619140625 -0.406707763671875 -0.405670166015625 0.35858154296875
0.24749755859375 -0.451812744140625 -0.536224365234375 0.0713806152343749
0.285797119140625 -0.416839599609375 0.378204345703125 0.074188232421875
-0.1024169921875 -0.39862060546875 0.47137451171875 -0.074737548828125
-0.356170654296875 -0.0923461914062499 0.3621826171875 -0.397979736328125
-0.2230224609375 0.16326904296875 0.0577392578124999 -0.57110595703125
-0.00260925292968751 0.24554443359375 -0.239410400390625 -0.40093994140625
0.15753173828125 0.142303466796875 -0.303009033203125 -0.17095947265625
0.201065063476563 0.0419921875 -0.17657470703125 -0.022705078125
0.231765747070313 0.078887939453125 -0.0667953491210937 0.00372695922851562
0.271331787109375 0.0460052490234375 0.0657577514648438 0.00624847412109375
0.238510131835937 0.159393310546875 0.13531494140625 0.0841064453125
0.0650634765625 0.332275390625 0.134567260742188 0.248001098632813
-0.26025390625 0.304901123046875 0.067901611328125 0.371856689453125
-0.42559814453125 -0.15069580078125 -0.14910888671875 0.3839111328125
-0.14495849609375 -0.478240966796875 -0.32879638671875 0.31976318359375
0.29541015625 -0.47235107421875 -0.415191650390625 -0.000396728515625062
0.240631103515625 -0.341827392578125 0.496185302734375 -0.000457763671875021
-0.068603515625 -0.3076171875 0.5433349609375 -0.161102294921875
-0.246826171875 -0.083343505859375 0.35211181640625 -0.4884033203125
-0.1539306640625 0.0847930908203125 -0.00750732421875 -0.61859130859375
-0.0111846923828125 0.1544189453125 -0.29217529296875 -0.414825439453125
0.104576110839844 0.102897644042969 -0.354736328125 -0.175445556640625
0.151748657226563 0.034759521484375 -0.236221313476563 -0.0246734619140624
0.19122314453125 0.066375732421875 -0.135704040527344 0.00150299072265626
0.238540649414063 0.0525970458984375 -0.0329132080078125 0.01275634765625
0.197525024414062 0.167068481445313 0.021575927734375 0.0574417114257813
0.00622558593750002 0.310302734375 0.0387725830078125 0.159133911132813
-0.290313720703125 0.223724365234375 0.064849853515625 0.2430419921875
-0.353179931640625 -0.227447509765625 -0.05029296875 0.336578369140625
-0.0565185546875 -0.45770263671875 -0.2716064453125 0.317657470703125
0.296478271484375 -0.40020751953125 -0.2938232421875 -0.0767822265625001
0.169708251953125 -0.223602294921875 0.593994140625 -0.07666015625
-0.0239715576171875 -0.207046508789062 0.5743408203125 -0.260498046875
-0.138328552246094 -0.0765533447265625 0.307281494140625 -0.54913330078125
-0.0924758911132813 0.0157623291015625 -0.0717773437500001 -0.62713623046875
-0.019378662109375 0.0713424682617188 -0.323333740234375 -0.40185546875
0.0494346618652344 0.0623092651367188 -0.3740234375 -0.170013427734375
0.0863723754882812 0.0228652954101563 -0.27105712890625 -0.0244293212890625
0.122772216796875 0.0437240600585938 -0.186614990234375 0.00105285644531247
0.162277221679688 0.0482025146484375 -0.115531921386719 0.0138168334960938
0.115196228027344 0.130996704101563 -0.0667800903320312 0.0218429565429688
-0.0447998046875 0.204620361328125 -0.005767822265625 0.0667953491210938
-0.229080200195313 0.0903778076171875 0.09954833984375 0.1553955078125
-0.18548583984375 -0.223724365234375 0.023406982421875 0.359283447265625
0.0289306640625 -0.322601318359375 -0.25787353515625 0.32916259765625
0.235595703125 -0.24652099609375 -0.190689086914062 -0.145065307617188
-0.0498428344726563 0.0847244262695313 0.177444458007813 0.246017456054688
-0.0315818786621094 0.0658988952636719 0.2974853515625 -0.252716064453125
0.0226516723632812 0.0937576293945313 -0.063690185546875 -0.36480712890625
0.0611000061035156 0.0254020690917969 -0.150787353515625 -0.142196655273438
0.0368995666503906 -0.0381240844726562 -0.0336532592773438 -0.0182399749755859
-0.0335655212402344 -0.0477752685546875 0.0606765747070312 0.0055694580078125
-0.0370445251464844 -0.0217666625976563 0.138313293457031 -0.00202178955078125
-0.0277156829833984 -0.0120391845703125 0.185333251953125 0.022247314453125
-0.0196018218994141 -0.0120296478271484 0.283172607421875 0.044036865234375
-0.00118732452392578 -0.00915718078613281 0.340362548828125 0.16363525390625
0.00165247917175293 0.00330901145935059 0.346160888671875 0.335357666015625
0.0267810821533203 0.0155029296875 0.16552734375 0.552490234375
0.0577201843261719 0.0647926330566406 -0.26446533203125 0.62677001953125
-0.021209716796875 0.0918426513671875 -0.518890380859375 0.36810302734375
-0.109176635742187 0.120277404785156 -0.6898193359375 0.1075439453125
0.0767745971679688 -0.125152587890625 0.142181396484375 0.255218505859375
-0.0433197021484375 -0.162429809570313 0.2899169921875 -0.20880126953125
-0.1678466796875 -0.0120086669921875 -0.031463623046875 -0.342926025390625
-0.104362487792969 0.10919189453125 -0.11981201171875 -0.16290283203125
0.0166015625 0.130126953125 -0.0495262145996094 -0.0411376953125
0.0655632019042969 0.0432891845703125 0.0427513122558594 -0.007354736328125
0.0647773742675781 -0.00369644165039063 0.130241394042969 -0.00878143310546875
0.0612678527832031 0.0183334350585938 0.175811767578125 0.0180206298828125
0.0622749328613281 0.00484466552734375 0.281219482421875 0.029693603515625
0.0510902404785156 0.0269737243652344 0.343994140625 0.1375732421875
0.0159683227539063 0.062774658203125 0.360809326171875 0.316070556640625
-0.0214462280273438 0.0742034912109375 0.203826904296875 0.547332763671875
-0.0366477966308594 0.0394821166992187 -0.22735595703125 0.6370849609375
-0.0669670104980469 -0.0238151550292969 -0.50537109375 0.424346923828125
-0.0115547180175781 -0.0420417785644531 -0.713623046875 0.1549072265625
0.185333251953125 -0.299102783203125 0.140548706054688 0.224563598632812
-0.064910888671875 -0.348175048828125 0.267913818359375 -0.146759033203125
-0.32830810546875 -0.0926818847656251 0.045013427734375 -0.2891845703125
-0.23590087890625 0.176803588867188 -0.0413055419921875 -0.220809936523438
-0.00134277343749997 0.263214111328125 -0.0706329345703125 -0.1224365234375
0.145111083984375 0.119918823242188 -0.0208053588867187 -0.051177978515625
0.151214599609375 0.01470947265625 0.0781631469726563 -0.0151138305664063
0.143234252929687 0.0446319580078125 0.139213562011719 0.0143051147460938
0.140495300292969 0.0162734985351563 0.261123657226563 0.011383056640625
0.109512329101563 0.0578079223632813 0.336517333984375 0.110321044921875
0.0437698364257812 0.127052307128906 0.36151123046875 0.30267333984375
-0.0653228759765625 0.144073486328125 0.21575927734375 0.542816162109375
-0.145248413085938 0.0191497802734375 -0.20947265625 0.626220703125
-0.122970581054688 -0.14801025390625 -0.479766845703125 0.441864013671875
0.08306884765625 -0.209518432617187 -0.6900634765625 0.1712646484375
0.253997802734375 -0.4071044921875 0.178314208984375 0.177703857421875
-0.101531982421875 -0.44403076171875 0.28497314453125 -0.081024169921875
-0.422821044921875 -0.1141357421875 0.165740966796875 -0.262863159179688
-0.293212890625 0.223480224609375 0.040069580078125 -0.327728271484375
-0.00103759765625003 0.325347900390625 -0.110595703125 -0.23284912109375
0.189483642578125 0.1591796875 -0.116218566894531 -0.10345458984375
0.202560424804688 0.0285491943359375 -0.00316429138183592 -0.0179367065429687
0.204421997070312 0.06329345703125 0.0810928344726563 0.0109176635742188
0.206695556640625 0.0229034423828125 0.219161987304688 -0.001251220703125
0.170852661132813 0.0861663818359375 0.303802490234375 0.0928955078125
0.07763671875 0.1988525390625 0.33001708984375 0.296722412109375
-0.111984252929688 0.226638793945313 0.191802978515625 0.522216796875
-0.267501831054688 -0.00477600097656249 -0.20733642578125 0.5732421875
-0.173507690429688 -0.274887084960937 -0.4405517578125 0.41607666015625
0.166229248046875 -0.356781005859375 -0.62030029296875 0.14697265625
0.28326416015625 -0.442718505859375 0.257431030273438 0.122467041015625
-0.12115478515625 -0.444427490234375 0.359375 -0.051055908203125
-0.423583984375 -0.0964965820312499 0.283416748046875 -0.305908203125
-0.2744140625 0.219039916992188 0.0696105957031249 -0.4560546875
0.00573730468750003 0.31048583984375 -0.1773681640625 -0.33001708984375
0.191024780273437 0.160049438476563 -0.219039916992188 -0.1414794921875
0.21612548828125 0.0369720458984375 -0.0941696166992188 -0.0190505981445313
0.234359741210938 0.072418212890625 0.0107030868530274 0.00788116455078126
0.251907348632813 0.0298309326171875 0.152801513671875 -0.0037384033203125
0.22027587890625 0.117889404296875 0.235626220703125 0.0861358642578125
0.095123291015625 0.274688720703125 0.25140380859375 0.284393310546875
-0.176177978515625 0.29522705078125 0.134307861328125 0.46417236328125
-0.37774658203125 -0.0548095703125001 -0.191986083984375 0.479156494140625
-0.19384765625 -0.390594482421875 -0.37896728515625 0.3660888671875
0.234588623046875 -0.454071044921875 -0.520172119140625 0.091552734375
0.273162841796875 -0.419281005859375 0.36724853515625 0.05718994140625
-0.109405517578125 -0.383819580078125 0.454315185546875 -0.088714599609375
-0.346405029296875 -0.08062744140625 0.3399658203125 -0.397857666015625
-0.215972900390625 0.161941528320313 0.03692626953125 -0.5570068359375
0.00207519531250001 0.237838745117187 -0.24725341796875 -0.3817138671875
0.156143188476563 0.135604858398438 -0.302734375 -0.15777587890625
0.193634033203125 0.0375823974609375 -0.1739501953125 -0.0197601318359375
0.229263305664063 0.0714263916015625 -0.0644187927246094 0.00447463989257813
0.264053344726563 0.0367431640625 0.0646324157714844 0.00267791748046875
0.234115600585938 0.148117065429687 0.133125305175781 0.077789306640625
0.072906494140625 0.323211669921875 0.141098022460937 0.2391357421875
-0.24627685546875 0.30560302734375 0.0816650390624999 0.355194091796875
-0.4229736328125 -0.13836669921875 -0.130889892578125 0.375518798828125
-0.15875244140625 -0.461517333984375 -0.30322265625 0.32659912109375
0.27947998046875 -0.47454833984375 -0.400115966796875 0.0164489746093751
0.230377197265625 -0.3443603515625 0.483734130859375 -0.019744873046875
-0.073089599609375 -0.297393798828125 0.52447509765625 -0.176361083984375
-0.239547729492188 -0.075469970703125 0.32806396484375 -0.487091064453125
-0.151473999023438 0.0832977294921875 -0.029296875 -0.60040283203125
-0.00949096679687499 0.149154663085938 -0.30096435546875 -0.392364501953125
0.103317260742188 0.0997695922851563 -0.352142333984375 -0.160888671875
0.145614624023438 0.0319061279296875 -0.233139038085937 -0.0210113525390625
0.188888549804688 0.060211181640625 -0.132553100585938 0.00411224365234376
0.233108520507812 0.04376220703125 -0.0312175750732422 0.0127544403076172
0.19549560546875 0.157272338867187 0.0208282470703125 0.0559959411621094
0.014617919921875 0.3043212890625 0.04400634765625 0.155487060546875
-0.278228759765625 0.227951049804688 0.073974609375 0.2293701171875
-0.35528564453125 -0.214385986328125 -0.0338134765625 0.324615478515625
-0.0723876953125 -0.446441650390625 -0.245941162109375 0.322052001953125
0.28240966796875 -0.405609130859375 -0.28271484375 -0.0623168945312501
0.164077758789063 -0.227493286132813 0.5780029296875 -0.0963134765625
-0.0281219482421875 -0.199966430664063 0.552276611328125 -0.27362060546875
-0.13482666015625 -0.0715103149414063 0.280517578125 -0.5445556640625
-0.0926055908203125 0.0150222778320313 -0.0924072265625 -0.6058349609375
-0.0194091796875 0.06842041015625 -0.32794189453125 -0.382293701171875
0.0493011474609375 0.0614395141601563 -0.371307373046875 -0.158416748046875
0.0821456909179688 0.0216445922851563 -0.267776489257812 -0.0200805664062499
0.120819091796875 0.0394287109375 -0.1827392578125 0.00488281249999997
0.15911865234375 0.0413970947265625 -0.113494873046875 0.0166168212890625
0.114570617675781 0.124504089355469 -0.0668258666992187 0.0240554809570313
-0.03851318359375 0.202285766601563 -0.00281906127929688 0.0656471252441406
-0.223464965820313 0.095733642578125 0.104354858398437 0.141937255859375
-0.191299438476563 -0.215591430664062 0.04034423828125 0.34405517578125
0.01495361328125 -0.317138671875 -0.230255126953125 0.33343505859375
0.22607421875 -0.251266479492188 -0.182769775390625 -0.131790161132813
-0.0467071533203125 0.08416748046875 0.17425537109375 0.236587524414062
-0.0311050415039063 0.0686759948730469 0.280105590820313 -0.26239013671875
0.02655029296875 0.0933609008789062 -0.076995849609375 -0.357666015625
0.0615997314453125 0.0238609313964844 -0.155059814453125 -0.131912231445313
0.0373497009277344 -0.0392036437988281 -0.0328464508056641 -0.0139904022216797
-0.0344123840332031 -0.0462379455566406 0.0614433288574219 0.00291824340820312
-0.0385360717773438 -0.0212554931640625 0.139213562011719 -0.00603485107421875
-0.0282802581787109 -0.0115566253662109 0.188034057617188 0.0189208984375
-0.0189876556396484 -0.0113754272460937 0.284637451171875 0.03900146484375
-0.00189495086669922 -0.00915050506591797 0.340606689453125 0.158966064453125
0.00356197357177734 0.00498104095458984 0.354248046875 0.3238525390625
0.0282001495361328 0.0160675048828125 0.182159423828125 0.5396728515625
0.0591697692871094 0.0607833862304687 -0.2430419921875 0.626953125
-0.021026611328125 0.0934600830078125 -0.508270263671875 0.383758544921875
-0.105384826660156 0.123497009277344 -0.6910400390625 0.1268310546875
0.07452392578125 -0.129470825195313 0.138763427734375 0.2459716796875
-0.0476226806640625 -0.159194946289063 0.272720336914063 -0.220062255859375
-0.165695190429688 -0.00776672363281249 -0.044708251953125 -0.337158203125
-0.102035522460937 0.111473083496094 -0.124801635742188 -0.153854370117188
0.021209716796875 0.12994384765625 -0.0506095886230469 -0.0364456176757813
0.0661544799804688 0.0418586730957031 0.042144775390625 -0.00998687744140625
0.0626602172851563 -0.00503158569335938 0.130455017089844 -0.0118331909179688
0.0622787475585938 0.0172348022460938 0.178146362304688 0.0152130126953125
0.0620574951171875 0.004913330078125 0.281021118164063 0.0246734619140625
0.0490303039550781 0.0264244079589844 0.34344482421875 0.1324462890625
0.0175933837890625 0.0640182495117188 0.367156982421875 0.303253173828125
-0.020721435546875 0.0747833251953125 0.219635009765625 0.5340576171875
-0.0347061157226563 0.0363845825195313 -0.20391845703125 0.63623046875
-0.06829833984375 -0.0211448669433594 -0.4906005859375 0.438507080078125
-0.0088348388671875 -0.0421943664550781 -0.714111328125 0.1739501953125
0.17926025390625 -0.305694580078125 0.136322021484375 0.21600341796875
-0.0731201171875 -0.3447265625 0.253707885742188 -0.15753173828125
-0.327239990234375 -0.0839843749999999 0.033233642578125 -0.2864990234375
-0.232681274414062 0.182235717773437 -0.0477752685546875 -0.21551513671875
0.00613403320312501 0.262741088867187 -0.0741958618164063 -0.116981506347656
0.146209716796875 0.11669921875 -0.0235671997070312 -0.0503082275390625
0.14715576171875 0.0120086669921875 0.0773086547851563 -0.0168228149414062
0.144454956054688 0.042327880859375 0.140884399414062 0.0121917724609375
0.138725280761719 0.0143051147460938 0.261154174804687 0.0070343017578125
0.106781005859375 0.0557708740234375 0.33489990234375 0.104827880859375
0.0445327758789063 0.126335144042969 0.36846923828125 0.2901611328125
-0.0632171630859375 0.143539428710937 0.231842041015625 0.527862548828125
-0.1431884765625 0.01708984375 -0.18963623046875 0.62493896484375
-0.1251220703125 -0.142562866210937 -0.4649658203125 0.454376220703125
0.082366943359375 -0.213333129882813 -0.68695068359375 0.1910400390625
0.246734619140625 -0.41357421875 0.173660278320313 0.168304443359375
-0.10955810546875 -0.440093994140625 0.272994995117188 -0.0901031494140625
-0.42156982421875 -0.104339599609375 0.155792236328125 -0.263442993164063
-0.288238525390625 0.228790283203125 0.0296630859375 -0.323944091796875
0.006927490234375 0.325164794921875 -0.11798095703125 -0.226119995117187
0.189926147460938 0.154510498046875 -0.119682312011719 -0.0997467041015625
0.199310302734375 0.0256805419921875 -0.00508880615234374 -0.0194149017333984
0.20556640625 0.0592193603515625 0.083282470703125 0.009857177734375
0.2042236328125 0.020111083984375 0.218185424804688 -0.0067291259765625
0.167327880859375 0.0832366943359375 0.302886962890625 0.08636474609375
0.0797119140625 0.195999145507812 0.337158203125 0.28680419921875
-0.108123779296875 0.226791381835938 0.207733154296875 0.509368896484375
-0.266143798828125 -0.00335693359374998 -0.190185546875 0.5745849609375
-0.179092407226563 -0.267807006835938 -0.423248291015625 0.429046630859375
0.162384033203125 -0.362396240234375 -0.6168212890625 0.166259765625
0.273773193359375 -0.4501953125 0.25250244140625 0.112548828125
-0.127899169921875 -0.439117431640625 0.350677490234375 -0.0615234375
-0.4208984375 -0.0873718261718749 0.273895263671875 -0.311492919921875
-0.270706176757813 0.221511840820312 0.056488037109375 -0.453216552734375
0.01104736328125 0.307861328125 -0.18701171875 -0.321746826171875
0.190750122070313 0.155868530273438 -0.22344970703125 -0.134963989257813
0.211868286132813 0.0343017578125 -0.0953140258789062 -0.01837158203125
0.23565673828125 0.068084716796875 0.0121688842773438 0.00679206848144532
0.249710083007812 0.024688720703125 0.15185546875 -0.0084228515625
0.217071533203125 0.11260986328125 0.23388671875 0.0801849365234375
0.0995635986328125 0.270919799804688 0.259765625 0.276443481445313
-0.1695556640625 0.297882080078125 0.149505615234375 0.45196533203125
-0.378173828125 -0.048919677734375 -0.1768798828125 0.477935791015625
-0.202423095703125 -0.383453369140625 -0.362640380859375 0.376495361328125
0.228363037109375 -0.4620361328125 -0.514312744140625 0.107513427734375
0.266357421875 -0.426666259765625 0.362762451171875 0.04608154296875
-0.113922119140625 -0.378936767578125 0.446197509765625 -0.1004638671875
-0.343780517578125 -0.07403564453125 0.32720947265625 -0.404815673828125
-0.214569091796875 0.162841796875 0.019378662109375 -0.5513916015625
0.00428771972656253 0.23541259765625 -0.2584228515625 -0.37139892578125
0.155517578125 0.1322021484375 -0.30712890625 -0.149139404296875
0.190032958984375 0.0357513427734375 -0.175750732421875 -0.0180206298828125
0.230270385742187 0.066925048828125 -0.0637779235839844 0.00433731079101563
0.26165771484375 0.03143310546875 0.0641632080078125 -0.000278472900390623
0.232513427734375 0.143157958984375 0.132888793945313 0.0755538940429688
0.07904052734375 0.320709228515625 0.149017333984375 0.235305786132813
-0.2396240234375 0.3104248046875 0.092498779296875 0.345367431640625
-0.425933837890625 -0.131011962890625 -0.118133544921875 0.37164306640625
-0.17022705078125 -0.4559326171875 -0.285369873046875 0.33441162109375
0.27099609375 -0.484344482421875 -0.393707275390625 0.02947998046875
0.22589111328125 -0.351318359375 0.4791259765625 -0.032806396484375
-0.07635498046875 -0.292572021484375 0.516845703125 -0.191009521484375
-0.237319946289063 -0.0715789794921875 0.313018798828125 -0.49090576171875
-0.153091430664063 0.0836944580078125 -0.0467529296875 -0.5933837890625
-0.00970458984375001 0.147201538085937 -0.31024169921875 -0.381256103515625
0.103164672851563 0.09832763671875 -0.35577392578125 -0.152496337890625
0.142242431640625 0.0308074951171875 -0.234344482421875 -0.0187530517578125
0.189697265625 0.056640625 -0.132110595703125 0.00508880615234375
0.2315673828125 0.0380096435546875 -0.0312938690185547 0.0122566223144531
0.195404052734375 0.151504516601563 0.0203895568847656 0.0566215515136719
0.021087646484375 0.303802490234375 0.04962158203125 0.154586791992188
-0.273544311523437 0.233428955078125 0.0798797607421875 0.219863891601563
-0.361968994140625 -0.208221435546875 -0.022705078125 0.3182373046875
-0.086151123046875 -0.442626953125 -0.22552490234375 0.329376220703125
0.27606201171875 -0.41680908203125 -0.2762451171875 -0.0523834228515626
0.160934448242187 -0.234237670898437 0.57403564453125 -0.11260986328125
-0.0308380126953125 -0.197418212890625 0.5440673828125 -0.28912353515625
-0.132766723632813 -0.06927490234375 0.263153076171875 -0.5467529296875
-0.0949630737304688 0.0151138305664063 -0.10833740234375 -0.59576416015625
-0.0205039978027344 0.0678291320800781 -0.337127685546875 -0.36846923828125
0.049774169921875 0.0601463317871094 -0.37432861328125 -0.150634765625
0.0797271728515625 0.0212554931640625 -0.269058227539063 -0.0187225341796875
0.120811462402344 0.0364608764648437 -0.181869506835938 0.00671386718750003
0.158233642578125 0.03656005859375 -0.113189697265625 0.0185394287109375
0.114540100097656 0.121559143066406 -0.0680389404296875 0.0265541076660156
-0.0349273681640625 0.20428466796875 -0.000591278076171873 0.0657463073730469
-0.22259521484375 0.100799560546875 0.108406066894531 0.132026672363281
-0.199188232421875 -0.2132568359375 0.05487060546875 0.33575439453125
0.00445556640624999 -0.3165283203125 -0.2099609375 0.341583251953125
0.222854614257813 -0.260879516601563 -0.17657470703125 -0.124557495117188
-0.0443649291992187 0.0864944458007813 0.17694091796875 0.229690551757813
-0.0290908813476563 0.0733261108398438 0.262969970703125 -0.278640747070313
0.0317230224609375 0.0949935913085938 -0.0963134765625 -0.354949951171875
0.0641860961914063 0.0227508544921875 -0.16119384765625 -0.120941162109375
0.0380401611328125 -0.0422630310058594 -0.0328502655029297 -0.0106830596923828
-0.0359458923339844 -0.045257568359375 0.0621871948242188 -0.001434326171875
-0.0416412353515625 -0.0207710266113281 0.141921997070313 -0.0111083984375
-0.0288276672363281 -0.0111675262451172 0.194595336914063 0.013641357421875
-0.0197086334228516 -0.0102138519287109 0.29046630859375 0.0321044921875
-0.00186538696289063 -0.00993442535400391 0.350433349609375 0.15155029296875
0.00564193725585938 0.00631141662597656 0.369598388671875 0.31219482421875
0.0298023223876953 0.0167560577392578 0.20703125 0.53460693359375
0.0614891052246094 0.0569381713867188 -0.2158203125 0.638427734375
-0.0192794799804688 0.09747314453125 -0.499267578125 0.40875244140625
-0.101730346679688 0.128868103027344 -0.70062255859375 0.1571044921875
0.0709686279296875 -0.135597229003906 0.140731811523438 0.241104125976563
-0.0544281005859375 -0.158966064453125 0.257415771484375 -0.236846923828125
-0.167892456054688 -0.00140380859374997 -0.0625 -0.33575439453125
-0.100364685058594 0.116691589355469 -0.131744384765625 -0.144973754882813
0.02813720703125 0.1298828125 -0.0514984130859375 -0.0311622619628906
0.0678215026855469 0.0405044555664063 0.0405960083007813 -0.0119552612304688
0.0606613159179688 -0.0075531005859375 0.131767272949219 -0.0178298950195312
0.0641365051269531 0.0155677795410156 0.1832275390625 0.00927734375
0.062896728515625 0.00265884399414063 0.286834716796875 0.01666259765625
0.0487098693847656 0.0254554748535156 0.35125732421875 0.125152587890625
0.0199851989746094 0.0661430358886719 0.382354736328125 0.292510986328125
-0.0182266235351563 0.076141357421875 0.243804931640625 0.524658203125
-0.0341148376464844 0.0340747833251953 -0.17999267578125 0.64691162109375
-0.0698051452636719 -0.0167198181152344 -0.47955322265625 0.46588134765625
-0.00818634033203126 -0.0442657470703125 -0.7208251953125 0.20855712890625
0.1715087890625 -0.318603515625 0.136764526367188 0.210723876953125
-0.0863037109375 -0.34552001953125 0.2398681640625 -0.1719970703125
-0.3336181640625 -0.073333740234375 0.018829345703125 -0.286865234375
-0.230484008789063 0.19342041015625 -0.0574493408203125 -0.210952758789063
0.017425537109375 0.265090942382813 -0.080474853515625 -0.112342834472656
0.150558471679688 0.113021850585938 -0.028167724609375 -0.0497932434082031
0.146331787109375 0.00872802734375 0.0767440795898438 -0.0210723876953125
0.148056030273438 0.038238525390625 0.1455078125 0.00750732421875
0.140480041503906 0.011383056640625 0.264129638671875 -0.0017242431640625
0.106269836425781 0.0540924072265625 0.341064453125 0.09613037109375
0.048248291015625 0.126960754394531 0.383819580078125 0.277587890625
-0.06005859375 0.1466064453125 0.2576904296875 0.519989013671875
-0.1441650390625 0.0180816650390625 -0.16546630859375 0.6348876953125
-0.13092041015625 -0.137405395507813 -0.45050048828125 0.481292724609375
0.0793304443359375 -0.22235107421875 -0.6925048828125 0.2222900390625
0.23687744140625 -0.430999755859375 0.173812866210938 0.16058349609375
-0.12506103515625 -0.440093994140625 0.263916015625 -0.104324340820313
-0.430267333984375 -0.09088134765625 0.144668579101563 -0.269515991210938
-0.286712646484375 0.2406005859375 0.01763916015625 -0.32568359375
0.01837158203125 0.327606201171875 -0.129806518554687 -0.222015380859375
0.194915771484375 0.150604248046875 -0.128700256347656 -0.094818115234375
0.198883056640625 0.0223236083984375 -0.00743865966796874 -0.0201206207275391
0.209762573242188 0.0537261962890625 0.0857620239257813 0.0069122314453125
0.205474853515625 0.0145721435546875 0.220687866210938 -0.01470947265625
0.167129516601563 0.0787353515625 0.307281494140625 0.077606201171875
0.0849151611328125 0.19622802734375 0.35430908203125 0.27569580078125
-0.103469848632813 0.2310791015625 0.231201171875 0.500823974609375
-0.269332885742188 0.00146484374999999 -0.16845703125 0.58441162109375
-0.1898193359375 -0.262832641601563 -0.408721923828125 0.45147705078125
0.156097412109375 -0.3778076171875 -0.619873046875 0.19451904296875
0.264892578125 -0.466827392578125 0.253585815429688 0.1029052734375
-0.142303466796875 -0.438812255859375 0.34576416015625 -0.07769775390625
-0.4266357421875 -0.07452392578125 0.263885498046875 -0.3228759765625
-0.269195556640625 0.233139038085938 0.038543701171875 -0.45953369140625
0.02069091796875 0.309814453125 -0.20355224609375 -0.314971923828125
0.195693969726563 0.1519775390625 -0.234588623046875 -0.126449584960937
0.211944580078125 0.030364990234375 -0.0988006591796875 -0.0162811279296875
0.241409301757813 0.0614776611328125 0.0122470855712891 0.00558185577392579
0.25146484375 0.018280029296875 0.153182983398438 -0.01519775390625
0.219085693359375 0.10723876953125 0.238006591796875 0.0733642578125
0.108001708984375 0.27099609375 0.275543212890625 0.269378662109375
-0.162841796875 0.30572509765625 0.169708251953125 0.44549560546875
-0.384918212890625 -0.040435791015625 -0.16009521484375 0.48809814453125
-0.2186279296875 -0.37872314453125 -0.34637451171875 0.395477294921875
0.21820068359375 -0.481689453125 -0.5147705078125 0.1307373046875
0.25860595703125 -0.442718505859375 0.36480712890625 0.032257080078125
-0.124481201171875 -0.377960205078125 0.4451904296875 -0.121826171875
-0.347015380859375 -0.0650634765625 0.31512451171875 -0.41998291015625
-0.215087890625 0.169967651367188 -0.00091552734375007 -0.556671142578125
0.00993347167968747 0.235870361328125 -0.278167724609375 -0.363525390625
0.15911865234375 0.1292724609375 -0.318511962890625 -0.138824462890625
0.189804077148438 0.032928466796875 -0.180343627929688 -0.0139617919921875
0.235488891601563 0.0604095458984375 -0.0643768310546875 0.00540924072265624
0.2640380859375 0.0236968994140625 0.0646171569824219 -0.0036773681640625
0.236160278320313 0.13677978515625 0.135841369628906 0.0728302001953125
0.090087890625 0.322052001953125 0.162704467773438 0.232376098632813
-0.23345947265625 0.32183837890625 0.107421875 0.34027099609375
-0.4375 -0.118804931640625 -0.1070556640625 0.37689208984375
-0.18939208984375 -0.454345703125 -0.266387939453125 0.35040283203125
0.26287841796875 -0.506591796875 -0.393280029296875 0.0473327636718749
0.218994140625 -0.3658447265625 0.482818603515625 -0.051025390625
-0.0826416015625 -0.2923583984375 0.514068603515625 -0.21588134765625
-0.239761352539062 -0.0662841796875 0.29730224609375 -0.50762939453125
-0.155136108398437 0.08770751953125 -0.07122802734375 -0.59326171875
-0.00770568847656249 0.147720336914063 -0.329803466796875 -0.370819091796875
0.105789184570313 0.0967330932617188 -0.366851806640625 -0.140533447265625
0.141525268554688 0.02978515625 -0.240570068359375 -0.013763427734375
0.193145751953125 0.0508575439453125 -0.133651733398438 0.00835418701171877
0.233596801757813 0.0308074951171875 -0.0314064025878906 0.0127525329589844
0.200103759765625 0.147674560546875 0.0209159851074219 0.058013916015625
0.031280517578125 0.30792236328125 0.05755615234375 0.1549072265625
-0.2708740234375 0.2467041015625 0.08966064453125 0.213104248046875
-0.377532958984375 -0.1993408203125 -0.0087890625 0.317138671875
-0.10394287109375 -0.444488525390625 -0.2042236328125 0.34326171875
0.268951416015625 -0.4384765625 -0.274993896484375 -0.0400238037109375
0.157699584960937 -0.245895385742188 0.5772705078125 -0.135009765625
-0.035003662109375 -0.197097778320312 0.538116455078125 -0.314849853515625
-0.134971618652344 -0.0673446655273438 0.24517822265625 -0.56201171875
-0.0986862182617187 0.017242431640625 -0.1329345703125 -0.59307861328125
-0.0218276977539062 0.0680427551269531 -0.35693359375 -0.35888671875
0.0512657165527344 0.0602455139160156 -0.384368896484375 -0.138275146484375
0.0786514282226563 0.02117919921875 -0.275588989257813 -0.0127105712890625
0.122817993164063 0.0333404541015625 -0.184890747070313 0.012054443359375
0.160552978515625 0.031341552734375 -0.115005493164063 0.0219345092773437
0.118141174316406 0.119911193847656 -0.0698890686035156 0.0313072204589844
-0.0282440185546875 0.21002197265625 0.00196456909179688 0.0661849975585938
-0.223983764648437 0.109161376953125 0.114067077636719 0.122032165527344
-0.21221923828125 -0.210968017578125 0.0726318359375 0.33221435546875
-0.00970458984374998 -0.320465087890625 -0.185455322265625 0.35546875
0.219970703125 -0.27783203125 -0.175018310546875 -0.117752075195313
0.0692001749044224 -0.0343854632828628 -0.101478972281986 0.261891524476101
0.0630153050522106 0.00781161899185987 0.382755518655721 0.0749489522614779
0.0797192377760404 -0.056273252840056 0.243230716410562 -0.29216949920304
-0.0106548374199232 -0.0648501088838077 0.00442379576701778 -0.189415290819004
-0.0576590896810287 0.00483105520721982 -0.00489171170441905 -0.0256498654838384
-0.0169855344958989 0.0564342162507826 0.0390032337411171 0.0504529705634598
-0.00303020567352056 0.0500036824562378 0.07149683211338 0.127806776313046
-0.00375290949249956 0.0295054006128431 0.0867759444867279 0.193924161771585
-0.0174092295446135 0.0149996253152292 0.0962097988843895 0.285766071070654
-0.0281397233786094 0.00566375726703625 0.040982180104087 0.372048133345336
-0.0156684100122139 -0.0281119416236409 -0.0994489338023825 0.498593741227701
-0.0161870914188861 -0.0670147309212328 -0.381364747963719 0.458362037882359
0.0173388312100816 -0.120507754981899 -0.643628287117414 0.190345728553709
0.113288478883627 -0.064496150094247 -0.60992142712717 -0.228616069770483
0.181433160271988 -0.00120210845944777 -0.540542817972698 -0.448360545570231
-0.167968192302951 -0.00828105203953678 -0.113892211410681 0.271825270275395
-0.108711556558333 0.176500975409343 0.380404146798048 0.116739477185328
0.117301039248583 0.166625551692442 0.289444475637053 -0.287031247213542
0.186962806275274 0.00897471501030713 0.036695992015513 -0.231035119054577
0.0761326085575496 -0.115461812501295 -0.0244158935019565 -0.061921322739492
-0.0166105647050802 -0.0758897598672797 0.0182169213019284 0.0361527619102529
-0.0441634184353228 -0.0468299438492518 0.0590879315406087 0.12413709354118
-0.0431074297803928 -0.0554042080123674 0.0779747116056771 0.188595605555522
-0.0526595728735629 -0.0625141101185401 0.100731886293229 0.279503052072982
-0.0316761826393716 -0.0554651033441689 0.05511891553601 0.359122511260312
0.0182513995885917 -0.0773119611091643 -0.0813160148851322 0.494284961867176
0.0620793968903642 -0.0618411352015323 -0.354024959266497 0.477526987907812
0.067979781388905 -0.0407476257272137 -0.622436448819577 0.218742022517613
0.0567015536493776 0.0372050831363797 -0.638095366569021 -0.170889259808553
0.000141216899912297 0.0119851704886585 -0.599037781261337 -0.412622372664901
-0.368193856779413 0.0136590088684858 -0.0749449719308491 0.279428942627866
-0.2394844829965 0.318366228113158 0.346500892292982 0.153248562185776
0.149204212272003 0.346324789110605 0.325451366160221 -0.213281202369683
0.341200316790284 0.0731736721475801 0.132389969223093 -0.242869864567439
0.18546477455297 -0.201432705162852 0.0116790889391766 -0.140764513421632
-0.00794256776579268 -0.180144422665603 0.00300576316664076 -0.0349014562941404
-0.0725340476911782 -0.131421854871307 0.0286185207532887 0.0771574968949479
-0.0787833123153772 -0.13056751131464 0.0551407984233207 0.156956387605741
-0.0894000835228927 -0.131836349000459 0.101836859320812 0.255350914964867
-0.045051638347843 -0.116294991703092 0.0657153778282888 0.337991785862151
0.0439206017844123 -0.137820610538703 -0.0766126159102489 0.485035911240367
0.148373838759545 -0.0685279803145678 -0.345061035900355 0.472870858492891
0.136438936883028 0.0445717485546957 -0.596322879601237 0.216997959485008
0.00130274598932631 0.153772184231856 -0.623484771509867 -0.127499794614761
-0.182874161641282 0.0343905851738007 -0.600468219820317 -0.360500521191185
-0.497318081747354 0.0283240403093162 -0.00237569506895051 0.301627913564108
-0.294831681780307 0.403224453803582 0.315079979143604 0.2183542195705
0.180238033563169 0.438353621053683 0.393989308437806 -0.106255445123054
0.416865072196863 0.0981531440028726 0.268228798297026 -0.257227965003913
0.236471899799045 -0.237465277614131 0.0721235964864097 -0.252580059052267
0.00205608888041398 -0.231986764017013 -0.0124004086874504 -0.14136453376418
-0.0826111238801946 -0.184537856893965 -0.0113728311027641 0.000372167821633611
-0.103317053800101 -0.185789874347066 0.0228034730088275 0.103321367303759
-0.121998638674166 -0.187823538044693 0.0897596386933821 0.212840379007541
-0.0633295381602681 -0.178792794706 0.0567471605536453 0.303053762919645
0.0704801963384961 -0.210867324160096 -0.0987455484421484 0.453980827350414
0.248724565417959 -0.0838637057076078 -0.344804245857841 0.425673044915493
0.216119204301214 0.142068412952848 -0.550545621703954 0.175862757891122
-0.0580948822466445 0.274084439390019 -0.563920252753092 -0.0955919975771822
-0.345790016300643 0.0570030123979007 -0.540316320415162 -0.305341922354226
-0.551776095812439 0.0313825023398108 0.0967600468690282 0.345295175250952
-0.29303939537162 0.414283266048317 0.33522340205538 0.308746510835296
0.179819532225142 0.4341224282789 0.508152857753035 -0.0253181638171455
0.397092400019971 0.102369378616948 0.398552173463428 -0.302831818363044
0.233571758288928 -0.21559828578662 0.116932586312931 -0.373774034125065
0.0147797975218004 -0.228118206592228 -0.0341694381475427 -0.24947580971033
-0.0764030179510721 -0.202496069987605 -0.0515845145832409 -0.0847958273985612
-0.112794327751343 -0.213310771761869 -0.014029417422179 0.0341832029450339
-0.140753205438252 -0.227348723104387 0.0574115129361811 0.152940866621246
-0.0717874116007086 -0.238814498134395 0.0175117479285455 0.244367496646878
0.111386177159534 -0.279462545127011 -0.142927969973197 0.374668888068042
0.353744355552379 -0.0777725966519584 -0.328327137519874 0.324325157331044
0.272331832767908 0.254651321094867 -0.45579804068528 0.118845620967374
-0.129453600381771 0.368567415546354 -0.472048145222129 -0.0598162689095127
-0.463029624224617 0.0651484618574766 -0.433603229052031 -0.251559864208001
-0.538067301252617 0.0333061918314087 0.218294735578792 0.396738986358817
-0.264712398200357 0.366300870268122 0.414686648638405 0.377669668688689
0.137648131871155 0.372996592190792 0.61701689417673 -0.0137721724924166
0.309065248997269 0.111298144143781 0.475997217791638 -0.366917976351234
0.197989973738138 -0.147666663886795 0.130969195230638 -0.469292835254675
0.0294742850223481 -0.18416604512468 -0.056135964147967 -0.332668514278334
-0.0567709931765393 -0.183927979139926 -0.080630905598823 -0.163693246877097
-0.103692524703571 -0.20930108016956 -0.0509673037990249 -0.041169905218723
-0.138070487270776 -0.239920092129038 0.00725079091338333 0.0765491765176175
-0.0553124090669193 -0.272673131138335 -0.0354285020884315 0.155901216582288
0.166489871898636 -0.30065546081912 -0.171244347665315 0.245215760484684
0.415731027365139 -0.0228440035513889 -0.256802253534409 0.203036451151945
0.255928346186547 0.353609899379876 -0.323597718722092 0.100796152422351
-0.206057899506081 0.396972491571968 -0.389366703202927 -0.00328035270908563
-0.509502145838733 0.0512291520497679 -0.298839802260138 -0.206732641187159
-0.467845392067658 0.0348090809982091 0.351817611070537 0.438157358904675
-0.227714104774803 0.287817724206757 0.52099601935951 0.391354823856457
0.0752691676978201 0.292135625844428 0.677473491929087 -0.0550033973580694
0.202570592733355 0.122932878154423 0.487051549748954 -0.424149349214746
0.153256194294494 -0.0694880210941232 0.121723418977786 -0.520513604236164
0.0429275526912313 -0.122451474985701 -0.0673982742354135 -0.381985643177162
-0.0309957035073604 -0.140436448117718 -0.0963354048273023 -0.224894415812954
-0.0792103844525685 -0.173682510229247 -0.0851201809647376 -0.109980992244842
-0.108747633113217 -0.216908773723771 -0.0477951029498396 -0.00805364143913361
-0.0177082737919606 -0.25389129337846 -0.076575637018879 0.047850997180629
0.201345377402037 -0.245755073354493 -0.146614993416612 0.104094373796183
0.377796375764636 0.0645590197706892 -0.136378557432525 0.126193815632764
0.151380846221089 0.375439667623461 -0.215921588349922 0.157894630233881
-0.253987990311704 0.328628762977327 -0.359563478486328 0.0514329173454953
-0.46427783733073 0.0192811041813791 -0.159695778703201 -0.178481349754608
-0.347628029413768 0.0326719875052905 0.469043321766616 0.452751528488001
-0.180862131119418 0.198192523844659 0.606208282540269 0.358337361582984
0.0188197757216555 0.210371740288566 0.685416480725911 -0.109433179646706
0.107769905614945 0.123296174184955 0.464790682247499 -0.45489489928472
0.107824351886122 -0.00350845410533759 0.107434224578822 -0.535216605519156
0.0515791710917237 -0.0585597240296283 -0.0683932775704294 -0.403177215195365
-0.00343500181580254 -0.0798620811239638 -0.100393046682955 -0.264212300239646
-0.0429652831120257 -0.111499307370695 -0.110192260825814 -0.163054769097857
-0.0588496900930694 -0.15345174653191 -0.0873648450674296 -0.0870464880995019
0.0200026106365915 -0.17359137967356 -0.0869262939804877 -0.0461300967767505
0.173938213305981 -0.12954223975708 -0.0780541835669375 0.0105129292566895
0.230920020414951 0.117520284690567 -0.0306764676356139 0.124057743825784
0.0177528969846054 0.273470118102598 -0.189520077467918 0.248299604669722
-0.219638052554685 0.182565817205559 -0.376829716770084 0.0663383914916364
-0.320365105971977 -0.0219548795986757 -0.0350179630095462 -0.167011633950973
0.0674924836527385 -0.0388539281974965 -0.0851797319607852 0.258776109526608
0.0666973366995914 0.0024405164894345 0.38132438683428 0.0345223209199026
0.0758502938851227 -0.0648162686119124 0.21356128365232 -0.309621044365742
-0.015239493672248 -0.0665756986445915 -0.0137944807744452 -0.183291644207082
-0.0589007452749086 0.0096461560783315 -0.00742961504265949 -0.021360798200394
-0.01201851620624 0.0580058854055864 0.0411279351534305 0.0460174292112303
0.00247786824472294 0.0511318938645149 0.0814853395703935 0.121566556115615
-0.00167656009151454 0.0307842237898082 0.102014878750356 0.188880967394352
-0.017043961550151 0.0155870047963122 0.11537159913897 0.279836709703518
-0.0274313527873419 0.00728769323791235 0.0647646321372369 0.370015070794523
-0.0185175253231286 -0.0290933948564649 -0.0606105302143188 0.501534066173154
-0.0208469531699805 -0.0666617604625305 -0.341911445048479 0.480757339558124
0.00749362788182317 -0.11926940540518 -0.619372137082309 0.236856238961531
0.109873030875944 -0.0730121453203051 -0.623768332376642 -0.182942765977433
0.179845639137012 -0.0135920541635468 -0.576369114386258 -0.408054593224278
-0.168281622136357 0.00346725313383093 -0.0958696970437357 0.269548900019198
-0.0943825616559422 0.182375784414526 0.382601398001712 0.0767302407928073
0.129050835444236 0.155727825787812 0.259885098222197 -0.308297241297113
0.187941884753099 -0.00589864620374881 0.0159683063122486 -0.228907621729899
0.0663733158675673 -0.120227189474997 -0.0302418306618967 -0.0555075262833525
-0.0207473819417069 -0.0748668385424172 0.018079694663628 0.0340552502432092
-0.0440253093455437 -0.0435423344544869 0.0677261641182147 0.117750313266024
-0.0468937103573466 -0.0518016212591372 0.0926468646397836 0.184036474601967
-0.0566007606857948 -0.0593318936462735 0.118900957368784 0.273161018281675
-0.0331250347756477 -0.0528066982874353 0.0778914107308307 0.355280361808447
0.0133849227448519 -0.0787466238899401 -0.0438311842809514 0.495721686862135
0.0580244817292857 -0.0643668251679551 -0.31279173922801 0.497019955101882
0.0628519660247944 -0.0421300433507007 -0.59732242257507 0.262996820872049
0.0593728823565142 0.0311015157155802 -0.64740498451433 -0.122775925439846
-0.00162261779021523 0.0127511507476696 -0.632829923674507 -0.36808495196442
-0.367248009244522 0.0387140536615774 -0.0568689044703327 0.275909154941783
-0.215861674854781 0.332966066156725 0.351276174816629 0.115746597735533
0.173363401686077 0.332427181258276 0.302068856910146 -0.237706279573454
0.346415476205645 0.0485100288686665 0.111476292335822 -0.248307029656468
0.170321589382212 -0.213303276815518 -0.00192394484603913 -0.137301501776556
-0.0178006089582422 -0.179172147087111 -0.00306785390451741 -0.0359807739347483
-0.0767183836977374 -0.125466895344645 0.0330268916718511 0.0721532934655382
-0.0867958563314518 -0.125040033666242 0.0668314033313166 0.153617524113704
-0.0968112838955642 -0.126310807032131 0.118298432269201 0.247705695590998
-0.0481829959346573 -0.112095932642727 0.0875877746087319 0.331831458452036
0.0361791036411742 -0.139947682946686 -0.0372199625863884 0.487273567967471
0.143639398026829 -0.075771143640509 -0.302228148985948 0.492773985417618
0.135643310526358 0.0391221239498406 -0.57468371487744 0.25941775354706
0.0112062701017502 0.149532495223316 -0.629706291560752 -0.0786133762794924
-0.184666328290158 0.0477381592563088 -0.629165918103439 -0.316187945558022
-0.495300099272209 0.0608748898506014 0.0161267789249986 0.293891156598888
-0.267179772584312 0.421166437242055 0.324414235962325 0.184975497518781
0.208708983824808 0.421785871781841 0.379903311733201 -0.133713316437394
0.423231963972775 0.0693805174120124 0.247510970845127 -0.27262594333581
0.220602360454756 -0.252235436575687 0.0495994980543429 -0.25438136957635
-0.0109042532953855 -0.230733366229934 -0.0268350421866452 -0.139685317374394
-0.0900084627215754 -0.178738036465609 -0.0125757641775219 -0.00144769073566721
-0.114355130948482 -0.178641036068077 0.0303920761201133 0.10196565932786
-0.132086532147911 -0.179323136757945 0.10397015712905 0.205878727317608
-0.0709770724590355 -0.173129720622214 0.0758212617873372 0.29764070858909
0.0570282477552941 -0.214323417241144 -0.0624222330684354 0.457164258376946
0.242999660645495 -0.0968666032833534 -0.30750867958961 0.445254739578724
0.222664385759703 0.131018295828142 -0.530948858663786 0.213870745424746
-0.0405194533411128 0.273983441669832 -0.565739078616261 -0.0506782703734398
-0.346309589583917 0.0819029479303562 -0.562317003294074 -0.262261439652665
-0.54928701130026 0.066550166491451 0.118163786406154 0.332391440793944
-0.264948186445613 0.429835260406886 0.352519527058887 0.275921302980028
0.20713620554061 0.41831814664594 0.500459332344233 -0.0620676745623436
0.404104793435479 0.0774780598447449 0.375014306487375 -0.329614559996693
0.218846475674005 -0.228748727272443 0.086014241370143 -0.379077049495386
0.00163599094481262 -0.22778734493402 -0.0550751219843524 -0.245157374628142
-0.0840739774557992 -0.19677095371841 -0.0580693263977843 -0.0844014397902385
-0.125321713494341 -0.205928758234452 -0.0108046327733553 0.0347965459020421
-0.153515983848263 -0.217319948542856 0.0685192687148973 0.14686859975161
-0.0834769648035473 -0.231455156451659 0.0337789627414689 0.241306631146753
0.0932462705335677 -0.285305239439701 -0.112256218535893 0.383888066244206
0.349601288634607 -0.0980125356800289 -0.299191666196076 0.343354930711834
0.286877625678453 0.23823735747575 -0.442185919161894 0.150020312574216
-0.105193482910577 0.373186301273972 -0.470359856497623 -0.0204530256092577
-0.462375076361303 0.0998032345262626 -0.450630596251219 -0.215782768164315
-0.536186319705418 0.0679214770765048 0.244874506095306 0.378583086353917
-0.242399839122907 0.379610044777593 0.439512143616365 0.341265383707106
0.159027378996386 0.361538062502757 0.610378840550387 -0.0576148317103442
0.317402332635637 0.0932837259426017 0.447096070362354 -0.399078599891265
0.189145776756618 -0.157992784362909 0.0917769944135182 -0.473669417085769
0.0202410301284483 -0.184854439499325 -0.0820140554402752 -0.326792280226764
-0.0636198812060823 -0.179971644660171 -0.0918300068769632 -0.160839288335302
-0.116488533027153 -0.202182012319375 -0.0526949114661788 -0.0385720736300913
-0.151307418074775 -0.229320610626995 0.0125643828068351 0.0742382698468127
-0.0705375370035662 -0.26687028263621 -0.0258251522266519 0.157934247032334
0.145931438400191 -0.312202666136169 -0.150908635738989 0.258090979070876
0.415869585149902 -0.04884976614512 -0.237359416437261 0.216421678931107
0.278828047219544 0.336914981951097 -0.311039245213478 0.123386522338003
-0.179219203889244 0.407538984718607 -0.37991396586579 0.0328004299200521
-0.510667097902582 0.089689977674544 -0.311286628798256 -0.179364066569415
-0.467051273641602 0.0650518763052242 0.381194438199082 0.413899000545345
-0.21005659018615 0.298742105287901 0.546001525628288 0.348699629853666
0.0917601897399176 0.285162197603798 0.668015653726155 -0.103414059706216
0.211202240975511 0.112278673810429 0.454798577889243 -0.454672024520456
0.150849284563598 -0.0762625208455854 0.0795523252587404 -0.523401215363141
0.037488970089677 -0.12423782970784 -0.095941259868575 -0.374471672959493
-0.0350341628805871 -0.138966448019465 -0.110777807642598 -0.221352742320272
-0.0896997026869333 -0.167778951768911 -0.0906906541390935 -0.105825056497969
-0.121245882390748 -0.208425966840757 -0.0478610268459011 -0.00613318582125716
-0.0326201049920423 -0.251205769644332 -0.074751338206872 0.0535653034977054
0.184255886037115 -0.259750677553425 -0.137147269640325 0.115445463512958
0.383904208582016 0.0403004195039873 -0.122479048355753 0.129134540591278
0.178396039952987 0.367199152376689 -0.19847064230792 0.171458904241586
-0.2310281618666 0.343529765326572 -0.345569322309208 0.0869966692352438
-0.468121769120921 0.053090131168601 -0.16910857188827 -0.160062076919011
-0.34682360711509 0.0560017474398901 0.500518546089102 0.419161884280759
-0.168883905006133 0.207186879858942 0.631081787229252 0.31093802317656
0.0302710402614645 0.20704323948892 0.671450098683593 -0.156933839830178
0.116963294043848 0.118039798419205 0.426494434232816 -0.484254091801742
0.109644168763337 -0.00842807535055589 0.0656747710978802 -0.537907185901748
0.048916234470247 -0.0621622419408421 -0.0971228574265795 -0.396636526009141
-0.00472465174060565 -0.0801858246351613 -0.117376739122592 -0.260212902195361
-0.0492750328614339 -0.107899487553904 -0.119929773399801 -0.157468911650587
-0.0686301923454161 -0.148658872407597 -0.0942267300803376 -0.0814182392472781
0.0106250068035262 -0.174266527870983 -0.0920311795510206 -0.0401263043318544
0.165349832910535 -0.142425920220322 -0.0760359371877178 0.016017941670556
0.240686226927847 0.103156686757658 -0.0171633013764562 0.121032466916931
0.037701232959327 0.275966504725846 -0.162329226244554 0.26188880587258
-0.206078851621202 0.197537828008559 -0.362443019027722 0.10506184890987
-0.325387484837765 0.00234604233813903 -0.0423770324504284 -0.158033304818602
0.0641267427830948 -0.0427237299138972 -0.0697092997493124 0.249315387643044
0.0680347288114096 -0.00352316873257234 0.366365523791808 -0.00259246383334112
0.0699199339446481 -0.0709588016193437 0.18079764946992 -0.316837153037033
-0.0196246582100552 -0.0671283477001188 -0.0285186627374888 -0.172367910907881
-0.0575148939265323 0.0142000568619064 -0.00807826232004272 -0.0161839229903255
-0.00795552105587919 0.05705641748654 0.0411046186373945 0.0421311524966375
0.00734975317745788 0.0492543551789795 0.0872141312633344 0.112396962067739
0.000368348289083446 0.0314350710432945 0.113135387359098 0.178081065531026
-0.0167755616106592 0.0163674065574378 0.129645193980429 0.268065949590232
-0.0259950381260779 0.00845959606484611 0.0841523535382834 0.359013990130433
-0.0215236806964489 -0.0289708309110335 -0.0250501936482892 0.488806918909883
-0.0250259157860836 -0.0641912439551908 -0.297864684780222 0.48683442722637
-0.000427667424866815 -0.114986357140184 -0.582425091343445 0.270347391859007
0.103813308149518 -0.0788784996145686 -0.620843445625904 -0.136773293480516
0.174116873787501 -0.0235686754420536 -0.593527984572367 -0.361637154115063
-0.164743047479428 0.0134893926619215 -0.0797881626868096 0.26082882307374
-0.07860892192719 0.183046204986222 0.371327542671123 0.0370054681842623
0.135970288667101 0.140288937575131 0.225684728496269 -0.319001645094876
0.184347590506622 -0.0195120563049277 -0.00199415023174136 -0.220219461768461
0.0560949563074825 -0.121190638974469 -0.0345691477718733 -0.0470819502412995
-0.0235200547097646 -0.0723048817409891 0.0168195843533977 0.0328737861993406
-0.0426716368506748 -0.0402980800013976 0.0726563645888882 0.109028857683299
-0.0484800015729713 -0.0475767210343243 0.103006574904795 0.174019203251911
-0.059177986850211 -0.0550576855237173 0.132957524431107 0.261135101229803
-0.0335158491423794 -0.0493160793715694 0.0960045914507003 0.342952004470948
0.0082155201239493 -0.0783349141451241 -0.0074463318243113 0.482468136324557
0.0534727856039777 -0.064859148576105 -0.267095680623384 0.500653834008902
0.0564364838400716 -0.0412897800073158 -0.559741950632732 0.296131263226486
0.0588458843881531 0.0250457292116323 -0.637793610079179 -0.0748292513882378
-0.0028857208037872 0.0134391831043909 -0.645525677278738 -0.317688568400185
-0.357480975422676 0.0595290047083703 -0.0405419814770408 0.26509634956729
-0.189292411572433 0.336986425913847 0.342317489416833 0.0785416710802962
0.189396281993673 0.31075668349637 0.271994505437432 -0.252368932685211
0.342388213112476 0.0235849244657727 0.089983783682776 -0.246757922020807
0.152565348511504 -0.218835931503452 -0.0124345036141756 -0.130296968167235
-0.0268502603403663 -0.17457623499614 -0.0090328594928369 -0.0334774336237642
-0.0783915576203204 -0.118888282942107 0.0360740405572267 0.066404903495252
-0.0916763642378482 -0.117026905405409 0.0757599672725813 0.146184260846525
-0.101697503625986 -0.117924294086962 0.130137811874885 0.234738339286893
-0.0509303922820417 -0.10674337191171 0.10448927582766 0.318314211778085
0.0273951639199862 -0.138870547265195 -0.00254428238044531 0.473273843998707
0.136695508663484 -0.0802908614358522 -0.257227662109942 0.494916797329327
0.132325605770936 0.0336367586030315 -0.538023356828375 0.290151086499423
0.0185432475412365 0.143127460724222 -0.616415808328168 -0.0323597988571614
-0.181212812352651 0.0603589594854539 -0.636923731116373 -0.265737367948769
-0.48288543070052 0.088970523884229 0.0328232090495687 0.279750784943147
-0.235117052254412 0.425690970203386 0.321839585831543 0.148205622467605
0.228650886871661 0.396033792804458 0.356351431523766 -0.155371046590317
0.419302523712233 0.0418774497868219 0.222455791467459 -0.281892398904533
0.199715028694533 -0.25840588102646 0.0299305001256637 -0.247442790843855
-0.0228605748851875 -0.224614384406441 -0.0386185063685997 -0.133035618477041
-0.0931466870658361 -0.170508171659208 -0.0142189015427012 -0.00262034453401025
-0.122305166853267 -0.168630890677914 0.0366300969402225 0.0975780931044804
-0.138239910172748 -0.167775928558043 0.113786767057713 0.193515940705656
-0.0761261000069275 -0.16450110394233 0.091396618281995 0.285265250723581
0.043483146850617 -0.21137496931657 -0.0280793382159367 0.44861205456396
0.231967469345243 -0.106554478034104 -0.265794503794211 0.449747295199051
0.222805988656141 0.117624808424024 -0.501305482862514 0.243783429803004
-0.0245254603912496 0.266950702360311 -0.551596221946161 -0.0080127831453583
-0.336811533495022 0.10408301497241 -0.569187354965521 -0.216502347819048
-0.534338941485893 0.0990726089885623 0.135104993259142 0.312325817400062
-0.235480458440122 0.433869853203845 0.357057411750701 0.23941505198304
0.225466390916457 0.393450541203294 0.480444556177383 -0.0930896776154813
0.400266186684124 0.0522547218246194 0.345295812183885 -0.344872817193615
0.200735403906914 -0.234868537093339 0.0560576165033017 -0.371272672417158
-0.00967897034161285 -0.22231052260512 -0.0727527599567738 -0.233926259760582
-0.088752997255516 -0.188810040577098 -0.0633996199678911 -0.0808430001287797
-0.133729758536364 -0.19452894806937 -0.00771753936240345 0.0339013195710036
-0.161301270869015 -0.202673541389788 0.0757467820574169 0.138102092738296
-0.0918436207081641 -0.219958276335607 0.0480044117522044 0.233044469800298
0.0741294694730495 -0.283465159870825 -0.0813746978369938 0.380805846862834
0.336053810206729 -0.115216942650961 -0.264955020136251 0.350526418113078
0.293853334662619 0.217865940594187 -0.417989388258373 0.174850582597036
-0.0817497108165924 0.368428885763116 -0.452688510377623 0.0165986313936298
-0.451422864462712 0.130243661348045 -0.452710414805564 -0.176432548797295
-0.523894749075135 0.0973709489782303 0.261741535445963 0.351489394436507
-0.216854956814498 0.381914229636908 0.448798262037848 0.298803270597397
0.174569024100096 0.341020943876161 0.589680997326421 -0.0957908289030663
0.316214630186967 0.0736752623297305 0.408789261351219 -0.419366490832257
0.177942793411357 -0.163022684700192 0.0563761868582808 -0.464273083835551
0.0111947154577722 -0.181525198000256 -0.103367612853417 -0.310565895909206
-0.0676851314706175 -0.173761323366398 -0.100740842590952 -0.154382803731698
-0.124657963133074 -0.190620344631308 -0.0526619877736002 -0.0352373958430124
-0.16036823127181 -0.21549077924064 0.017207652498182 0.0708972414634724
-0.0825304364134642 -0.255443853800708 -0.0155769426823902 0.155628261912782
0.123595279342481 -0.312501148681101 -0.127057583823238 0.261958229510154
0.405245461236838 -0.0712453503174024 -0.213522582469164 0.221968065902778
0.293351275085291 0.315362944902637 -0.292355428052474 0.137511064265634
-0.150970004703857 0.406468310567387 -0.360868868376448 0.062889666950141
-0.499142530858187 0.122399235732226 -0.313523084480743 -0.149427932766357
-0.455639893295011 0.0910136542141254 0.399089827500074 0.380025073809978
-0.190685457759754 0.300643803417696 0.55549461361703 0.30099349869092
0.104063162815551 0.27211175963703 0.642819526839463 -0.143837528483569
0.214370493857653 0.0992731597640569 0.411738113097506 -0.470722224523634
0.14586117941041 -0.0808309407560023 0.0411681059827296 -0.511701917051689
0.0312677449189326 -0.124288862057343 -0.118400835860552 -0.356841884934939
-0.038532048736427 -0.135028607533506 -0.122385958093439 -0.212236802948397
-0.0961144295723344 -0.158481152235616 -0.0942248352756508 -0.0988045139323413
-0.130123084549758 -0.195868649914585 -0.0475850077178431 -0.00380292947410803
-0.0451717116332353 -0.243337208260628 -0.070969254511294 0.0573487818709588
0.164011195102797 -0.265732506056339 -0.124780716211878 0.122089251739303
0.380533295359875 0.016460233071684 -0.107850224044546 0.129180164315521
0.19745783618801 0.350880425795625 -0.175491658174958 0.179065282226158
-0.204914198597527 0.348735624764369 -0.321446896735883 0.115259327478652
-0.458081337100513 0.0847226241658502 -0.171772815367313 -0.139822853694276
-0.338047915585295 0.0762907802440991 0.517011324050684 0.378827355167383
-0.155693189843017 0.210156792634431 0.635262244543386 0.260125510107362
0.0390330783013531 0.199853565300907 0.643540595199951 -0.195544115668387
0.122848019456743 0.109951505020257 0.382854215117545 -0.496622979497782
0.108835082871111 -0.0131146389939755 0.0266810185904971 -0.524457802188114
0.0447920463155741 -0.0639464360943456 -0.120568631475528 -0.37675801070421
-0.00628355452393263 -0.0794311496560176 -0.130667308477785 -0.250060163633228
-0.0535501069873009 -0.102109106258497 -0.126190336514981 -0.146785033782617
-0.0753766220031362 -0.14060450709624 -0.0979431408728866 -0.0732768957262941
-6.61732472972782E-05 -0.17150371849027 -0.0940815662280487 -0.0328416087235688
0.153354828897764 -0.15066658361662 -0.0729552108060091 0.0194862662622767
0.245533559639137 0.0882195475292296 -0.00513575180325331 0.112965320761464
0.0547981682194005 0.27081013077071 -0.133180082496999 0.265918612399316
-0.189864690751581 0.204911169774116 -0.336074024492854 0.135056964201196
-0.322515908340218 0.0271796085698062 -0.0468066676215677 -0.145442189492131
0.0458758157202394 -0.0612261905847304 0.0140206231696479 0.247122798803493
0.0656998398496726 -0.0336618279259355 0.320960499646732 -0.131397410184953
0.0348513853959316 -0.0949748165355076 0.0538385611102809 -0.342873680828845
-0.0453444863649052 -0.0574550121659447 -0.0811346210924069 -0.142530851720451
-0.0485311044545462 0.033301788968334 -0.010100976055586 -0.011257469529642
0.0131909592142595 0.0538413885070608 0.0486562667589877 0.0248155309763813
0.0258892745055508 0.0430429919692121 0.11712126675402 0.0688631837018011
0.0119198802214585 0.029606474633141 0.163896889636427 0.121124042687259
-0.00981851062193851 0.0212956347430003 0.207328044640627 0.201114541825605
-0.0197024444423443 0.014516614639661 0.195114704181198 0.299262410082022
-0.0324817300557759 -0.0197489495219275 0.141891729501726 0.444674751091056
-0.043612858103717 -0.0512882566764975 -0.106550810425601 0.534538029587689
-0.0373974123892104 -0.100511180020694 -0.432592384770767 0.438607153736249
0.0734707617253771 -0.106186108352166 -0.609819276914958 0.0791621851442454
0.157295333778318 -0.0770947880576119 -0.656133190621731 -0.142632105450021
-0.147222334560424 0.0732325879227983 0.0123564358031855 0.252536202156541
-0.00279504438651191 0.192906609108129 0.333859660757006 -0.107978191115281
0.171045668722321 0.0748319530718639 0.0807877956048985 -0.360813901994528
0.157839586425694 -0.0892399892895333 -0.0804575450719358 -0.186065489248194
0.00788447034180298 -0.128720429419744 -0.0413704874949499 -0.0237835283616325
-0.0453339605251289 -0.0581896466490479 0.0278865193730946 0.0269149132385146
-0.0503935385055543 -0.0239277453792753 0.104771748274668 0.07267206821018
-0.0578244189467818 -0.0262089553050298 0.155623264567337 0.120442270893918
-0.0716177463201026 -0.0298988931006038 0.208396703061844 0.193677987449583
-0.044369149216983 -0.0362934067575391 0.200650940065421 0.281794061560287
-0.0203569211817785 -0.0739831608043695 0.15773808346889 0.433957137116803
0.0278419497614459 -0.0767316558947181 -0.07675733666101 0.535443650532016
0.0389279749445064 -0.052009906650822 -0.405911134896506 0.451910458112883
0.0666162475934783 0.00226116048549243 -0.604603349758276 0.14093564339906
0.00550837821560244 0.0148320573196732 -0.686096787896779 -0.0818443674960194
-0.310203520022746 0.185926966339288 0.0528568222653975 0.236392144673297
-0.0499044830919285 0.375434919138335 0.318484319535153 -0.0695645145054343
0.280525485081307 0.211700735490376 0.13454658903819 -0.31540000252904
0.31731911296459 -0.108064303775952 -0.00911422807525039 -0.235341520547426
0.0623587417369013 -0.251141459915594 -0.0474963779078335 -0.100784725132131
-0.083433430230082 -0.14964154523601 -0.0148224593101164 -0.0227452050635067
-0.109956917102235 -0.0855367365340244 0.0568263180062669 0.050009357868023
-0.120226566533735 -0.0750212121064359 0.122627189714158 0.105046042641102
-0.130608924675673 -0.0733793447329601 0.197899954217491 0.168837887082805
-0.078302167507586 -0.0820928176299131 0.200638214325444 0.256833618012432
-0.0214486006506218 -0.134041395040784 0.159850078957113 0.425598346325444
0.0988072496751935 -0.117199368489058 -0.0701212545648119 0.52843451034903
0.132477791242281 -0.00772849412146801 -0.391407490137616 0.439358932573509
0.0680751137796185 0.122685899152095 -0.567051325628333 0.172968840709194
-0.144697842281145 0.116091542474815 -0.655701877835303 -0.0329294957033947
-0.416496466463567 0.255327383757011 0.128158265340272 0.221523334830275
-0.0601268841285817 0.474951901219516 0.322703145549222 -0.000540319417313059
0.34708718186604 0.27569558755974 0.240126620272882 -0.255012383812606
0.394354050562107 -0.119063972965623 0.0981284905822115 -0.309107252998284
0.0919893210330646 -0.30506580545808 -0.0479587618016441 -0.219423761891688
-0.0956018953639403 -0.197616083955832 -0.0742331313669889 -0.102165124008911
-0.141639756360263 -0.128704957046404 -0.0116385759010176 0.00576978285738504
-0.164336768510002 -0.113313224449956 0.072080276724248 0.0741193384565721
-0.179996831587388 -0.10654726805739 0.169390750582054 0.13562502254149
-0.118527043389924 -0.126673915973855 0.18004403855446 0.230406731983812
-0.0312341768532225 -0.205605971232059 0.1303640089423 0.412266288159018
0.178495909879041 -0.173162516469508 -0.094424671676897 0.492057899025439
0.241607320485305 0.0384785592463793 -0.373444161887818 0.382044390243322
0.0692466577398476 0.249689888324011 -0.494209994802616 0.17210211113541
-0.275433393439865 0.20781930214751 -0.571868572586106 -0.00838705401004544
-0.462840749277271 0.282274010517549 0.235403076462912 0.217262150497727
-0.0586492298557153 0.481464985473553 0.386745509786522 0.0715396456558295
0.342425787724164 0.274506409553152 0.37709127642215 -0.239273216247071
0.382503079642224 -0.102367356206968 0.188579046033721 -0.411113510144331
0.10360731814062 -0.284269727356093 -0.0662235892555166 -0.341208467510834
-0.0818208385251532 -0.201143670402922 -0.139116005319818 -0.181122755997243
-0.143708098084349 -0.148071442896167 -0.0835988317022593 -0.0475026968252177
-0.183201251815608 -0.132836621921515 0.0107150039114044 0.0316106652293976
-0.212216002606924 -0.130453408041295 0.117204272216754 0.0975345786057342
-0.153303859826852 -0.170617935988162 0.124007594939615 0.198834898379987
-0.028683801962687 -0.280970685840794 0.0607965216603573 0.374863718381789
0.269970889291738 -0.216423393117601 -0.128864692849926 0.404339764686477
0.33935290213965 0.104953901530971 -0.321742572607089 0.290792241170163
0.0510624901014688 0.361789718210371 -0.393075399122494 0.161002650596498
-0.37455952310241 0.269255026628411 -0.450635887092859 -0.00577307886073095
-0.451450404964449 0.276756419266811 0.366113992574031 0.212672737832437
-0.0616152559928667 0.42619870623295 0.496212486161818 0.0992056131551946
0.276695610669985 0.245264418325751 0.480143100761036 -0.281249143936644
0.315921036837021 -0.0509149425641876 0.222133860737389 -0.504679629893143
0.108478724082163 -0.212669843631318 -0.100692610853823 -0.427761735843802
-0.0500790592413381 -0.171819063448643 -0.194271481900443 -0.241259447501809
-0.119876316647141 -0.142382230363985 -0.143716810011079 -0.101762514761956
-0.17442680751853 -0.133096913902659 -0.0543893879411108 -0.0156536000249966
-0.215546637145033 -0.141172429746565 0.0422644990486035 0.0561667276035388
-0.157113853512653 -0.205636523189622 0.0410164171119276 0.150555149777247
0.00526475753683484 -0.324253953890304 -0.0212005551050127 0.285471706543971
0.348677040812018 -0.200791034420253 -0.127632105030958 0.269941664569049
0.372006618973044 0.193305202107398 -0.218616878287236 0.211792691268693
0.00058496639747644 0.420604448563182 -0.289597324921685 0.174743238838279
-0.420312875648566 0.279985682432755 -0.313172060677982 -0.0228438016345163
-0.389146474107062 0.245511513839327 0.499842213601706 0.195273712616187
-0.0654617874570647 0.34226219361093 0.600563635879945 0.0690698423339304
0.187828819747713 0.207845155438426 0.517960645874678 -0.345767751748354
0.233605489313517 0.00899812025424443 0.207147943794305 -0.558852593225301
0.106891662352241 -0.127597470407283 -0.132132497198892 -0.466882625285587
-0.0134980371939436 -0.127316375932616 -0.224645924170918 -0.277944849596555
-0.0805228389068629 -0.116271899302565 -0.184322785961635 -0.148488589625631
-0.138557642337922 -0.112465966431202 -0.114531420376282 -0.0581731561902585
-0.182237710814008 -0.133951233563133 -0.0415250447234081 0.0115450818793095
-0.121254267590605 -0.206610157212204 -0.0424087153524274 0.0801091423495279
0.0580712460216502 -0.2969167189597 -0.0690816386274446 0.158347981033027
0.356682632982859 -0.112637315400922 -0.0634924876427549 0.14848490687818
0.298414979207336 0.256057085493499 -0.0944902365651387 0.210205300181877
-0.0670725290776288 0.386961239373826 -0.235891572423639 0.211619866697631
-0.397712498206125 0.232286693029645 -0.183234290371099 -0.058685475679239
-0.283935879275128 0.188665772949042 0.607247311420898 0.159704647690112
-0.0643598418152968 0.245686893262245 0.664428041848878 0.00944890979460177
0.104716835131116 0.164129958801932 0.506360486590103 -0.396655709174827
0.153173996020214 0.0517060308969156 0.173338925874079 -0.577128703603917
0.0959673377635221 -0.0537949586753911 -0.15138705240578 -0.476153991843791
0.0182690892310771 -0.0778220883009653 -0.234518950864362 -0.298232193006091
-0.031914571654623 -0.0751972699207346 -0.206690504602237 -0.181516146186457
-0.0810861750206483 -0.0757399420128743 -0.16146536993564 -0.0907101028579414
-0.114999823293821 -0.102056364310226 -0.111846396180511 -0.0334724253166042
-0.0561197723710126 -0.1565122366561 -0.095500813501201 0.00528059071570887
0.0882941401631772 -0.189420446526557 -0.0596301412851889 0.0462171560961879
0.257426531969555 -0.00158934664003196 0.0276766507106244 0.09764540121356
0.141722061861285 0.230099826185491 -0.0222805581504263 0.277430329610608
-0.101696955349803 0.250173906450208 -0.24263899230207 0.237133168749931
-0.290126360112191 0.134476528184699 -0.075928188240261 -0.105089504275798
0.0428540731981898 -0.0619909855823082 0.013943023646345 0.234627792476275
0.0651741987867003 -0.0369882327766653 0.295407806966779 -0.146434349363765
0.02989190920197 -0.0962805551785974 0.0329465723021383 -0.334192505461789
-0.0488370051794499 -0.0574246009683855 -0.0840346692088287 -0.131420386966606
-0.046803759216701 0.0347058154763882 -0.00748651873209419 -0.00831932947585585
0.0135886022760044 0.0515233685256898 0.0483404375424368 0.0251385322160444
0.0271934287750422 0.0402708333351109 0.115333809557571 0.0636711509932789
0.0136452628992816 0.0289645451008185 0.164090986453232 0.112377957119171
-0.00968559530174872 0.0213940509157288 0.209228814343142 0.192776715604332
-0.0190804732714679 0.0143057944686077 0.199556694950448 0.288137487419287
-0.0337068442963486 -0.0194257746274452 0.151475009851613 0.42707332608659
-0.0442466675116103 -0.0492852113422645 -0.084772608772126 0.521940018738851
-0.0392547919520408 -0.0956431377533652 -0.402933443734831 0.44007427352685
0.0699483460582793 -0.106840427814896 -0.59265022935553 0.0971547153403377
0.152867007227178 -0.0796620400201837 -0.651621454180768 -0.11792174695164
-0.143452669796606 0.0764261897949777 0.0136045482328503 0.240264529935858
0.00430909474927311 0.187912722868981 0.309421104982065 -0.124373302058126
0.167724919690843 0.0657965511287294 0.0576529314110013 -0.353313446189795
0.14981856121742 -0.0950459563277846 -0.0861279247898288 -0.175623845785641
0.00216913501314238 -0.126573505158621 -0.0387119306954934 -0.0176132703586202
-0.0467364605979745 -0.0556815700772429 0.0279777819720548 0.028316585715116
-0.0489919363372368 -0.0242408812124383 0.102950759330201 0.0679726665408763
-0.0570355282046944 -0.0238861103134 0.156064337448783 0.113010623885959
-0.0716879587560616 -0.0274925246920317 0.209191068786754 0.18419368158662
-0.0436090639591578 -0.0362316307652942 0.203887148938711 0.269994694970487
-0.0219935289143005 -0.0719864245388761 0.166505484218998 0.41409645833522
0.0260049077593313 -0.0752170456131603 -0.0561051201812129 0.521938429837051
0.0370005926902039 -0.0487776050916324 -0.377635748994415 0.452707595768736
0.064234447584979 -4.38214095665364E-05 -0.58393143520504 0.157797512280308
0.00604237553748223 0.0157623739146212 -0.675463864627154 -0.0572799812626167
-0.30121228375333 0.1908343021997 0.0535843896701275 0.223450486497537
-0.0374815810748697 0.369270219465389 0.296222528662107 -0.0856117764840264
0.278203975139629 0.197219610378088 0.112629840616786 -0.310540619152914
0.307072916365954 -0.116376673612385 -0.0186042116231443 -0.226872239822642
0.0527165722752061 -0.247682857766361 -0.0480966856325265 -0.0925131212913759
-0.0856354675970112 -0.143897130408537 -0.0153859154032278 -0.0183423346025011
-0.107799586420045 -0.0837088958477238 0.0544413357485729 0.0463794904996121
-0.119082912762982 -0.0715961020077342 0.123707287998047 0.0993985289216233
-0.129191769054148 -0.0688902530208814 0.197686114650499 0.160542716294343
-0.0762443460208276 -0.0800067139679382 0.202657734781967 0.244719224371546
-0.0240879519287437 -0.130504360945447 0.169702670621993 0.405920291563653
0.0955772692336749 -0.116319395285699 -0.049725760535646 0.514542887013482
0.129351569810508 -0.00764295914845672 -0.363951231959069 0.440893256181005
0.0679815751012559 0.117536074535901 -0.545225431931361 0.188415207827653
-0.138596125637672 0.119820814491888 -0.644162238504221 -0.0109909366873005
-0.404162057190561 0.261658569097232 0.127584779182491 0.206621422794867
-0.0467088062548969 0.465325117899162 0.303122523043699 -0.0168608896645548
0.343223374142594 0.2574055943598 0.219536423417625 -0.253471695131005
0.382423044026659 -0.12882074915329 0.0850944798945057 -0.303308967508307
0.0822641964492297 -0.301221055581058 -0.0525553689732357 -0.208745202491211
-0.0984640677504343 -0.191180964527181 -0.075640882753984 -0.0947579747259871
-0.139636060228398 -0.126469836968419 -0.013924110333751 0.00541845947463203
-0.163547034317809 -0.10771682493624 0.0731652371953856 0.070542025963187
-0.178570621927117 -0.10006779361282 0.169621830485498 0.128322865575167
-0.116698676176025 -0.121669682397651 0.18147318334272 0.219366192574372
-0.0350046007253818 -0.199268253336629 0.14106799553289 0.395767606146264
0.172155950626441 -0.173882820044372 -0.0748962388547412 0.481374947598141
0.237588931594762 0.0345041873758021 -0.349019262896214 0.384057657988171
0.0722021812940409 0.241671651314636 -0.472314016424146 0.185524399251645
-0.265288809416449 0.214050705917754 -0.560245077506439 0.0132490948665409
-0.448441633891603 0.288973287560374 0.233437993403223 0.200833071729936
-0.0479516158547367 0.47155975466879 0.371130850651418 0.0536883240844254
0.338837411916339 0.258465987605665 0.355525185958911 -0.243477499283704
0.372186816437736 -0.110132710073593 0.170004048927843 -0.406157540996712
0.0957111311699003 -0.281133996624927 -0.0757755120670162 -0.327238328337397
-0.0846061050469682 -0.19520014023945 -0.141423909201382 -0.169687761041331
-0.142195125718672 -0.144915505872072 -0.0857206087577149 -0.0444114875623186
-0.18328642299356 -0.126862382547472 0.0118664036918754 0.0301251982632954
-0.210834047486632 -0.122647647892789 0.117979922293536 0.0910106695239218
-0.151600862395177 -0.163446959767257 0.126640183907117 0.19008916496413
-0.034828386127554 -0.272642699431686 0.0723011686138297 0.360626735027446
0.261478808519231 -0.218956047725749 -0.111412054384717 0.39614165083665
0.335909745313785 0.0961815424962864 -0.301512978152543 0.29284522467038
0.0576675137723758 0.352680347469328 -0.37145294624098 0.171641487285534
-0.359344576631424 0.277254042273778 -0.44010211480232 0.0123734290141501
-0.438618192273299 0.282061332985472 0.363808414025037 0.194530759324579
-0.0531018821150105 0.41876349453464 0.481920955869818 0.0777884963861504
0.273553064586147 0.233784186282051 0.457114312582829 -0.290076351423369
0.308387719339447 -0.0570411754346977 0.199353764327091 -0.499306746063663
0.10339274526619 -0.210878262717505 -0.111658543419598 -0.410227772697147
-0.0520585269579108 -0.167693312049869 -0.195886120264074 -0.227065666679933
-0.118824365356156 -0.140495536935068 -0.145813730102263 -0.0961863870936068
-0.173961380597797 -0.126860605032704 -0.0526760306109142 -0.0151083254062488
-0.214706010643693 -0.133149241473381 0.0431626720343577 0.0527505595098937
-0.157901760878368 -0.196959778179345 0.0446037319500752 0.146395310130728
-0.00441298103618737 -0.317043834794436 -0.0103829005891756 0.278370152633358
0.338909118922793 -0.20697084496471 -0.116733243011465 0.264389547042976
0.371296823287326 0.180851514530243 -0.202765365422174 0.212432099873889
0.0109627977238488 0.411887200857466 -0.267054886401791 0.179723333023702
-0.4054850332166 0.290403539979834 -0.304103644227386 -0.00849643470153197
-0.378603079339385 0.250512278262028 0.497154941052363 0.174041757938401
-0.0597069712440326 0.336532723619444 0.586649419381352 0.0460431905711008
0.18614768987151 0.200159739899633 0.492742287697215 -0.353557677324655
0.229906060720841 0.00445226421698284 0.18203609218064 -0.550728672149242
0.10486272746542 -0.128196873225676 -0.143290140765944 -0.448125999398622
-0.0148412545624171 -0.12508454192115 -0.226023842724829 -0.262818842914212
-0.0799345576338877 -0.115608236570542 -0.186038107319825 -0.141710112260649
-0.137589099661681 -0.107866021639224 -0.112620948949217 -0.055378941038251
-0.181873550432656 -0.126798798271119 -0.0403825579773611 0.0125071714003373
-0.122971928005446 -0.199449282889215 -0.0396107273592512 0.0805379102157865
0.0477705600309852 -0.292689608764082 -0.0623963290995083 0.156869318248277
0.350071907598821 -0.12198868921332 -0.0572937228885074 0.142817424477253
0.302465180529665 0.2445815923928 -0.0798119466602379 0.205205224963847
-0.0556886409124572 0.381788240410607 -0.210940299461863 0.216398246673038
-0.38290127092985 0.243722136287994 -0.17588637179453 -0.0479313021754241
-0.275243682646604 0.193049971543765 0.602434000343318 0.137630642036001
-0.059735055030193 0.241987978725341 0.649347711665134 -0.0149682972739588
0.103729684263515 0.15854507714292 0.477955304844377 -0.402067678549191
0.152618578133366 0.0477819059118103 0.148713832987731 -0.566925725537206
0.0949397681707764 -0.0555549744358446 -0.163030279488186 -0.45498756327295
0.0160867689288241 -0.0773117413940239 -0.235999154731289 -0.283099767101382
-0.0320408343426786 -0.0759964850017043 -0.207684463435353 -0.173603494044568
-0.0814316081811105 -0.072251175430187 -0.159130724006945 -0.085488243106631
-0.115049784679738 -0.0967809542425532 -0.110534932180399 -0.0283059433726139
-0.0587556640755352 -0.152891102427243 -0.0947922272085177 0.00947145184899291
0.0804522294097294 -0.189882708806906 -0.0579038063386513 0.0458270938577193
0.256345347193437 -0.00984646833913864 0.0307251036763913 0.0886220998973654
0.147907526435104 0.224238239364478 -0.0044341856772506 0.268281074530159
-0.0933382488169824 0.249156963140607 -0.217015095162056 0.241659775365115
-0.280976105783185 0.144468242039677 -0.0719678788991038 -0.0977769676488974
0.0405687099167698 -0.0630111164183074 0.0135812949145032 0.226424662632325
0.0662154124889174 -0.041659616770273 0.274412724691198 -0.160360738262446
0.024415201888187 -0.0997363423315686 0.0134119516013161 -0.32993091936858
-0.0542914098945129 -0.0576734465647271 -0.0881036241829265 -0.122335919112277
-0.04580992189202 0.0366442899992384 -0.00463746647328612 -0.00596476698469314
0.0143332327457533 0.0507529559436824 0.0498130516546089 0.0256332641882131
0.0286749808954945 0.0379186164662929 0.114790248372237 0.0598962812959008
0.0155370112492789 0.028799087518721 0.165328280697088 0.106675169280718
-0.00956299904195337 0.022902613412331 0.214758388924337 0.187907030815688
-0.0192482277024786 0.0130441301636484 0.207203062979958 0.282179198106742
-0.0357939107834918 -0.0189350281361451 0.162938392827072 0.414718002938074
-0.0453860145779932 -0.0492106373721658 -0.0675020161022855 0.517304070776057
-0.0412452050079793 -0.0927850396940136 -0.380520362917569 0.446585249506634
0.0676172167664171 -0.108855242364785 -0.584968427413617 0.117440703666923
0.151760054638934 -0.0838691746301014 -0.655032306733339 -0.094489795393314
-0.141847507572879 0.0807809002059409 0.0129906206352332 0.231949439445966
0.0111422544654208 0.186091988510624 0.289481366272054 -0.13913652178477
0.16653930285303 0.0592271423971064 0.0375177801024492 -0.349880148085727
0.14378060069997 -0.100237482075928 -0.091999938018497 -0.166794348688243
-0.0018653172198118 -0.126033426281656 -0.0365109788603403 -0.0130694021901906
-0.0491530302928633 -0.0536833391976935 0.0299908514418949 0.0299011584398045
-0.0482392712298718 -0.0254652606034699 0.101697467212495 0.065356499769907
-0.0566070277415359 -0.0230054300873764 0.157233701821473 0.107751202495767
-0.0724811470526477 -0.0250601601615938 0.214267984287046 0.179299000800341
-0.0438642952093678 -0.0361392669162946 0.21002360851941 0.263900826215425
-0.0237747525689158 -0.0720424619537449 0.176044317555554 0.402352388937388
0.0250439321737852 -0.0756187152655174 -0.0386626815458939 0.515474347165175
0.0359836357695979 -0.0468769049941999 -0.356169817704236 0.45943324435585
0.063911007393539 -0.00311835628947727 -0.574338291417133 0.176047164986102
0.00725090664366206 0.0159130246085634 -0.678647351587483 -0.0352531998336889
-0.297076729505067 0.199209673262418 0.053166563174786 0.214612188020632
-0.0274151665519574 0.368038986146952 0.2767848382928 -0.0992030074479047
0.280252651472611 0.187120817270119 0.0938165893189089 -0.308621883319278
0.301608841438698 -0.12594807025073 -0.0267880041310803 -0.222174393768291
0.045337189490303 -0.249582684043056 -0.0476171928432489 -0.086847527776145
-0.0900815243091854 -0.141384847996875 -0.0154672504663425 -0.0151625809286085
-0.108509372694082 -0.0841052017365899 0.0531661765872707 0.0446425969772798
-0.120664732963569 -0.0684900386533388 0.125621323391131 0.0949411180521988
-0.13055208031034 -0.0649245013661826 0.202383211595443 0.155140904407068
-0.0763151339097769 -0.0799821990477865 0.207808132174102 0.23785147501997
-0.0258790179908937 -0.129117375968996 0.18059756091076 0.395185125731726
0.0948167006649531 -0.117563213975258 -0.0309275130167966 0.508117326766153
0.128998863215382 -0.00783975266939464 -0.341649207738153 0.448750361817479
0.0685096160042676 0.115142539908256 -0.531723641221874 0.20577007854212
-0.134406598969313 0.124059971186318 -0.644530388376437 0.0118806229585208
-0.398069916906174 0.273542166851382 0.127619691946894 0.196537950249055
-0.0348868363077111 0.46544603395907 0.287759438052227 -0.0298575377866405
0.34620151833267 0.246873317170291 0.20359285801502 -0.255739281371059
0.377988441299198 -0.138808227228951 0.0735726318931096 -0.302805426778924
0.0738399849684858 -0.303340047728561 -0.0568838473293894 -0.202108851535053
-0.102926812317823 -0.18779312718625 -0.0770681533900801 -0.0891519181136156
-0.140835492031458 -0.125668216183671 -0.0167401874398124 0.00652247870457128
-0.166256891429674 -0.104415383675661 0.075695558426612 0.0680805213490689
-0.180367793372133 -0.0953021825640358 0.173264224827171 0.123367262166863
-0.116881207077281 -0.119223728655583 0.186531360797624 0.212322733958178
-0.0383899593417596 -0.197272304883298 0.152916675996443 0.386240781706102
0.168874102627222 -0.176769670894117 -0.0572698181312369 0.477138092659399
0.238594137744944 0.0308646048983663 -0.331688277196508 0.392644020637297
0.0758901508088761 0.239080159753829 -0.45918856192733 0.199123553775541
-0.258527184594907 0.222806466435871 -0.556925281919378 0.0332209842321369
-0.443259370143214 0.300475047232817 0.234912129340127 0.18859757870494
-0.0379954532223388 0.472263761988398 0.360944651592039 0.0397091432800613
0.339852663381736 0.24921067210986 0.341464237160497 -0.24979417902347
0.36831927885172 -0.119127047643948 0.154529694774872 -0.409546931347068
0.0889668445894969 -0.283697927072483 -0.0839111083921287 -0.319298120724863
-0.0886887679790811 -0.192414133670516 -0.144466629799284 -0.162766299245554
-0.14329295317883 -0.145619361436291 -0.0897342237369418 -0.0416851248523406
-0.186052367033663 -0.123822453126832 0.0134684351363392 0.0281974846402516
-0.212545784124687 -0.116959005904504 0.119795830272311 0.086964949592564
-0.152655107799415 -0.15994721698013 0.131429397174222 0.184718972403651
-0.0411971037816267 -0.270075411440558 0.0845606866578132 0.355146040187944
0.256422126191173 -0.225295613684619 -0.0973849464148146 0.394630176222447
0.339277856583193 0.0892837504276934 -0.287925143684546 0.299107473788347
0.0649719401999766 0.349532654054028 -0.356968320562763 0.181757215080974
-0.350970377031668 0.289214340823449 -0.436407400144255 0.0295651262464389
-0.435049866028926 0.292104172810994 0.366656904639361 0.181063739785925
-0.0465699008630266 0.420537147727514 0.475050263406374 0.0605361362785611
0.274111300024424 0.226340362529874 0.442043084301823 -0.299322996484399
0.307221045276024 -0.0628144193685571 0.182641009618626 -0.500516383390336
0.100000819292794 -0.213236445056287 -0.122363679644884 -0.399931953568665
-0.0544846202266957 -0.165777790133839 -0.198886276648449 -0.21822310185226
-0.120270381156531 -0.141010801785936 -0.150440161651969 -0.0923754008268283
-0.176823528375257 -0.123492681696931 -0.0517277592224371 -0.0158099567100693
-0.216839807145649 -0.127219556641522 0.0453626702022666 0.0511525835575341
-0.160466502560401 -0.193021001083682 0.0479564964231251 0.144268087146724
-0.0133811575180093 -0.316649641279333 -0.000543236784809429 0.276990143592739
0.334498215487338 -0.217322676709392 -0.107489705666507 0.263844726626604
0.377630274361613 0.171110175920385 -0.18927496783491 0.213492178169438
0.0217016105538028 0.410981419275604 -0.251311043532779 0.186101174564139
-0.396914205371286 0.303817392763916 -0.299255079484569 0.00433878158392527
-0.37467831227433 0.259800869542561 0.501792740707238 0.157528974603497
-0.0548702367020236 0.338279025465971 0.581396903737735 0.025296649375629
0.186818279619546 0.196413245394173 0.476072771738145 -0.364445644814849
0.230167073924411 0.000287748700338007 0.164204608153555 -0.55012983092034
0.104771127963773 -0.13101854341988 -0.153848508592459 -0.434659676196477
-0.0170901219273021 -0.124882909298197 -0.229368532122749 -0.2541125521674
-0.0808858628766843 -0.11672557970179 -0.190802379935067 -0.137156837936993
-0.139735170248903 -0.105642670163819 -0.11264722899468 -0.0543325985208587
-0.184255200631547 -0.121495963561221 -0.0389844492385634 0.0142497110922031
-0.127236272404775 -0.196292970911547 -0.0378515774305275 0.0820775014932018
0.0385774401713301 -0.293762548794353 -0.0582179070395819 0.158088666233891
0.349830160632583 -0.133269356062338 -0.0532959859978246 0.139458984235981
0.311007452032524 0.236774867471484 -0.0661991333946412 0.202182127549696
-0.0468933143730375 0.382835726504985 -0.191242523173507 0.221326055757822
-0.374468422013532 0.256042049426969 -0.172414781862372 -0.0386318998385374
-0.271853731149022 0.199399902073792 0.606742607840209 0.1177089532661
-0.0562412955676725 0.243650656679803 0.643415694695388 -0.0378408744661451
0.104985421053617 0.157390037167453 0.459460951577241 -0.412874652084036
0.154384609990585 0.0441521498587874 0.12762945627861 -0.562600793282262
0.0953999765999701 -0.0588914700870906 -0.173694543645007 -0.442404756398384
0.0141717618082501 -0.0776644749487516 -0.239523279264882 -0.274824202454024
-0.0332788684127647 -0.0778517713655937 -0.212908522946024 -0.169246229385612
-0.082180135311169 -0.0710268362691122 -0.159990317105857 -0.0819230118566687
-0.117825009388443 -0.093510532782974 -0.110692186594823 -0.022693511751585
-0.0631830033722729 -0.151784438094091 -0.094967778869568 0.0143813272786307
0.0746431843242803 -0.192450742892613 -0.0575687460019185 0.0470663950352547
0.260338640931386 -0.0181296493944657 0.033441697244677 0.0822754969496569
0.157173295940777 0.221412683101862 0.0133954398348889 0.262484991172579
-0.0869225408914965 0.251850561777577 -0.195423139139263 0.24879564815343
-0.27654177589662 0.154669085413684 -0.0693695482555642 -0.0908908781723942
0.0383438709727622 -0.0646588958629099 0.0137400482082054 0.221172682727374
0.0661936385429582 -0.0481703512415405 0.252095185636236 -0.176311932572938
0.0175446274129831 -0.103426788143939 -0.0106967672769785 -0.327064334862136
-0.0613843430874276 -0.0574445320552854 -0.0938216108629699 -0.112670021287054
-0.0453703422867531 0.0393970947816783 -0.000200812909707966 -0.00387956820280458
0.0162801096368655 0.050276814825827 0.0523110451887325 0.0254064279228748
0.0307134771193844 0.0356304058119774 0.115391264735708 0.0563254998098278
0.0180804581573765 0.0282524047691687 0.168822319023036 0.100122237433503
-0.00856982938864915 0.0238046870803027 0.224610887566731 0.180999379965155
-0.0199158308189318 0.0131812575257415 0.220676100703601 0.275190047790412
-0.0384719053697775 -0.0184265747224717 0.179475741354577 0.405670767646964
-0.0476767300320342 -0.0483069795322381 -0.0403312758692385 0.516992138998369
-0.0448464360092194 -0.0896013343256601 -0.355770940751007 0.460375277301016
0.0642787503831011 -0.113771244021765 -0.580103613373346 0.143620395994212
0.150152901454481 -0.0922478460893738 -0.666457064515228 -0.0636951962645302
-0.14032084104714 0.0878148316750579 0.0144091000836059 0.225895647312641
0.0204425843405025 0.184774090782686 0.266867801562826 -0.155835260011719
0.167593980521268 0.0504074775039305 0.0116231218913628 -0.346459401988164
0.137568366597159 -0.108862647836176 -0.100362001457113 -0.158024161081786
-0.00878911703561951 -0.126433540248635 -0.0324601531791714 -0.00866709525605222
-0.0521640561382444 -0.0524128837825548 0.0333705752124541 0.031664891068298
-0.0494578491991302 -0.0260925121109528 0.102569332271515 0.0618637546993317
-0.0572535034310848 -0.0212113380419861 0.162017418048867 0.101514670711303
-0.0740438936119489 -0.0212522984356127 0.223695814358505 0.17186102817898
-0.0448770364216822 -0.0356441056737757 0.221809865500427 0.255456375432234
-0.0270888376447896 -0.0716603869619014 0.192614477824874 0.392886158452071
0.0236221230360974 -0.0766980485121899 -0.0109272622290169 0.512194842920118
0.034561601099078 -0.0465581018473679 -0.329231198947059 0.473652587807886
0.0632708242600731 -0.00732570768416866 -0.564744616959262 0.204320667824884
0.00830867211593138 0.0147685494618971 -0.687390530641199 -0.00201431956795949
-0.291141501814342 0.214633856838971 0.0552105862014802 0.206438909028612
-0.0107133642924576 0.371150678292844 0.258023487812398 -0.114942051831945
0.287280050633394 0.176023983879148 0.0723679030891834 -0.307622926446942
0.29665829402251 -0.140539181091535 -0.038031869033439 -0.21717421126718
0.0322765813478981 -0.252562163296637 -0.0482004361160214 -0.0817834124505095
-0.0968433556742284 -0.138274920882275 -0.0140516463444208 -0.0125540809686715
-0.112709853936497 -0.0832736585713948 0.0519762643995221 0.0442690844245757
-0.124514265444062 -0.0653407775325027 0.130117929266265 0.0903331545030764
-0.134220190093422 -0.0591812994381456 0.210928064809584 0.147615096597921
-0.0786347854523961 -0.078708180220839 0.218434938799404 0.229536809230686
-0.0305344203576623 -0.1290226879699 0.197505436365177 0.38445670177118
0.0918546012632834 -0.121599724439909 -0.00444869526848544 0.508610468265537
0.130012934214924 -0.0108977843499818 -0.318073575094883 0.462498496338884
0.0727601051759515 0.111399085288221 -0.520481364664266 0.229359099791509
-0.13032551878293 0.131003064646233 -0.647632889224396 0.0448451455935297
-0.390149672618585 0.293535918582256 0.130812053999818 0.185770706751783
-0.0161280489165155 0.468922247730179 0.273547230490976 -0.044617000379966
0.354717997742814 0.23345508667966 0.186312490521012 -0.260109888644122
0.372863917030465 -0.1562266210979 0.0595180530958797 -0.305211425950091
0.0596388964892217 -0.309031774748552 -0.0629409446302462 -0.197284003968777
-0.111251134088887 -0.183892271994897 -0.0796300616276672 -0.0843940101127229
-0.146732527165311 -0.125084297641701 -0.0193116582064238 0.00872268609718314
-0.171305607073752 -0.0990653969237679 0.0789528439512973 0.0644923158374277
-0.185126400937708 -0.0885149254882838 0.179507390583464 0.115722994865722
-0.120146802335883 -0.117478451067442 0.195455432789281 0.204332906719923
-0.045297094860796 -0.196115166540631 0.170064357279663 0.377549113337289
0.164821762085838 -0.184595762126753 -0.0308314137621603 0.47696414222059
0.241687982292462 0.0231979237371328 -0.309314124241843 0.406163876975158
0.0851039288705077 0.236089780874166 -0.447844639538738 0.220619306030917
-0.250932660957576 0.23644972762829 -0.558222822314724 0.0626689735866741
-0.436664559505302 0.320245418279454 0.240062044726773 0.175328151774426
-0.0215748218672821 0.477235232513725 0.353134060924542 0.0219855943645932
0.34828564879314 0.237213569728604 0.328024935468358 -0.262112321819191
0.365137544185997 -0.133917113666729 0.136872043163344 -0.416372369194858
0.0776712947052521 -0.289677254519042 -0.0955147276991504 -0.313356843708466
-0.09570620586862 -0.189993036155058 -0.150610135558123 -0.154966779086083
-0.149605022851397 -0.145045081446031 -0.0947975039244194 -0.0368107330504411
-0.192074366907084 -0.11728726333893 0.0155985004403159 0.0266733299103694
-0.218582762050854 -0.107720681175543 0.125090912905078 0.0811672152351328
-0.158038257632918 -0.155367773636778 0.139176660685221 0.179163058772215
-0.0523756813743182 -0.268837469513335 0.101590777112656 0.350163628214352
0.250024922571429 -0.238593235542185 -0.0764085135258357 0.397658644546415
0.346094284098937 0.0770582023160697 -0.270214869491436 0.311437828792584
0.0786770389246534 0.348632138444152 -0.343536493137944 0.197199520345935
-0.340660075732326 0.308584862254301 -0.433252654429157 0.0536715666149865
-0.428754152162264 0.313747629272818 0.374602255209841 0.161381888389245
-0.0327721910459616 0.424586466649902 0.473089741116454 0.0371584240255308
0.280787903174242 0.218139201310712 0.426176520537642 -0.317771162577435
0.307478016723666 -0.0732878475677045 0.159336368189212 -0.511153321337917
0.093498096811737 -0.219306663397131 -0.137482772445232 -0.390524181401664
-0.0608517852658183 -0.165055604609647 -0.207298788945812 -0.209056616022184
-0.126138365727324 -0.141191968621014 -0.157425397386065 -0.085939206274392
-0.183388933133383 -0.118621186434407 -0.0528704210745389 -0.015638339300459
-0.223592617921522 -0.118572110181352 0.0488167244579471 0.0483784779490154
-0.167948183191043 -0.18767992149952 0.054391241493301 0.143034978409381
-0.0272927768023087 -0.316661101726855 0.0121056983712539 0.27716654479009
0.328969340455452 -0.235059795195654 -0.0945090008416167 0.266299364169347
0.389718835422938 0.157524315940162 -0.175346521833277 0.218681513906439
0.036495375217293 0.412614339722764 -0.234013079058926 0.197194743081957
-0.385572451887361 0.32479029566055 -0.295967729679142 0.022446318919163
-0.369395729026758 0.277150459430081 0.511072348086132 0.133549636417646
-0.0447002503019228 0.343608165793271 0.580555691593556 -0.00431962476945698
0.192213107997262 0.192079098940839 0.457147855562467 -0.384307027576966
0.232784137812858 -0.00702002500024346 0.137979678392405 -0.556795649634434
0.101773903724683 -0.137050956176787 -0.172090890150023 -0.423791968217511
-0.0213086147844694 -0.124834656463171 -0.238836535500637 -0.24522152977528
-0.0855427353721766 -0.118094168925712 -0.199465412601761 -0.130481792252564
-0.145699805293595 -0.101496209473761 -0.114945298614706 -0.0525968062203423
-0.190482137200287 -0.113401616626882 -0.0367637637487612 0.0156581809142934
-0.135343286899684 -0.192622869923317 -0.0344433051959465 0.0852888337622879
0.0251814546416716 -0.297848058937711 -0.0511656358181434 0.161627219794208
0.348931406399408 -0.151848257296949 -0.0466005615088861 0.138320585597253
0.325076729955081 0.225417511813846 -0.050381940582527 0.200383930243652
-0.0299600665340894 0.388129268101617 -0.169677679989271 0.229709298840102
-0.36603282763381 0.277768611473949 -0.169514836127191 -0.0267209071210231
-0.268849465973876 0.212690417487842 0.615877777483499 0.0905419871133683
-0.049075438621613 0.249405500500686 0.643564135673056 -0.0701524088204055
0.109111703877435 0.156698057322328 0.439512103883657 -0.431654228139311
0.157310909252829 0.0397999629051492 0.103324415373143 -0.564875112643493
0.0952469386587157 -0.064442980939271 -0.191093560299284 -0.429989710788922
0.0111913233128214 -0.0784734934659504 -0.249732866932253 -0.265509013835309
-0.036082075669269 -0.0797373220681579 -0.221887116500892 -0.161749145065713
-0.085015760174172 -0.0690320468921719 -0.164329172499605 -0.0773502440659028
-0.122304274785268 -0.0886968397602123 -0.110873473311181 -0.017018948564185
-0.0697422458794837 -0.151129304009485 -0.0958955348503808 0.0202110961705771
0.065949030405596 -0.198491227138836 -0.0570451775785637 0.0501343598611426
0.264554748532735 -0.0320042309712991 0.0378840496339671 0.075921929149541
0.170536309033878 0.217120742810215 0.0354101508859307 0.255534085973171
-0.0759172287754852 0.258947249305318 -0.172164838829316 0.257935697946376
-0.271016561121894 0.170442687406817 -0.0677332009163184 -0.0850320444083665
0.0344028747247636 -0.0658157468326875 0.0180167181242031 0.214575789914248
0.0651012044752104 -0.0551889301665736 0.222684069301391 -0.191172431955921
0.00854863645489001 -0.105499819159202 -0.039581471515194 -0.317739826472994
-0.0683165674315136 -0.0540466745105159 -0.0994935510749777 -0.101108789290708
-0.043266251136024 0.042548762624097 0.00345735770343053 -0.00395673431304977
0.0190151197741452 0.0493290530707905 0.05631393394079 0.0237642907683473
0.0320322664483165 0.032755943170967 0.116702718229944 0.0508175427008642
0.020889591669859 0.0262874782006923 0.171800087111058 0.0910852214547165
-0.00740078766276657 0.0254599063237967 0.235574126208209 0.166720102904831
-0.0196080566899908 0.0138249332109995 0.235628916335224 0.260518781777415
-0.0417682847268149 -0.0158278832331004 0.201070716693297 0.388240573544916
-0.0504261510202603 -0.0460441269055865 -0.00668165051232721 0.510810200033374
-0.0488761103632929 -0.0844094761209924 -0.318278721419942 0.473889582411779
0.0578360638871157 -0.119196541656548 -0.565590203298696 0.180595952842127
0.143705446626024 -0.101914426472193 -0.668905171337116 -0.0189284619497017
-0.134285312299954 0.0975486444385692 0.0186807711885997 0.217801926771362
0.0334574820361745 0.181039205995001 0.238934253022258 -0.172594431982327
0.167448764797586 0.0396500591998469 -0.0178626015722246 -0.338115587931131
0.127198655995009 -0.117660556075037 -0.109807461910164 -0.146230142086974
-0.0184601418334807 -0.125039271377224 -0.0280970031377169 -0.00616587927025666
-0.0555073002688366 -0.0480480449674956 0.0373378898759093 0.0301899993488104
-0.0512545393569839 -0.024499983874944 0.103764229868456 0.0573074530078649
-0.0577629342699236 -0.0185585702532581 0.165544930204435 0.0924976237260888
-0.0743538508231659 -0.0164247976052462 0.233836781241779 0.158188973757107
-0.0463992700695413 -0.0353647480716755 0.234324088117014 0.241340810312027
-0.0311850002543563 -0.0701441135876411 0.213172907751281 0.374132808254972
0.019194561849618 -0.0786737194175942 0.0222724711566677 0.504934721488952
0.0324931477584646 -0.0460478483894753 -0.293368530466835 0.485033395784913
0.0615016468498553 -0.0132130672263364 -0.548120910021273 0.238985553553642
0.0089976578719595 0.0130113386720427 -0.685796443723594 0.0450266776250321
-0.277584037757965 0.232321401471793 0.0589866648471939 0.196356484888004
0.0132513216402244 0.369970822471512 0.233435232004061 -0.131003633648572
0.293900771422148 0.158041212606618 0.0456174903496057 -0.303604423199262
0.285285069583579 -0.157797918912962 -0.0517767915540454 -0.210367104083842
0.0155216904052175 -0.253282674410433 -0.0487738206248833 -0.0766036174993715
-0.104624328049986 -0.130275282504792 -0.0125236935155107 -0.0104885378331103
-0.117699466572264 -0.0796577542345518 0.0525107428016829 0.0435935741613841
-0.127008067521166 -0.0595546988383803 0.133295006899523 0.0820193557149915
-0.137154567985727 -0.050997153298676 0.219168012957351 0.134970142084636
-0.0817395035530292 -0.0769163371277496 0.229541204695538 0.214465830029006
-0.0368903977150957 -0.126768985277456 0.218997822083401 0.366444298977279
0.0861185549509364 -0.126397051395394 0.0297774291040719 0.498079027160042
0.12911341547739 -0.0155611849241425 -0.283692286723029 0.474900563942599
0.0767574075142969 0.104165412555484 -0.500720555067346 0.260897637921807
-0.12277213673321 0.137593214672117 -0.643768935096127 0.0886534860648928
-0.374402602518447 0.315741472641065 0.133402059575795 0.172259165817842
0.0110649912835298 0.468231716431128 0.255463881267574 -0.0606464605246992
0.363453416364443 0.212221884462378 0.163860000638937 -0.263479116288925
0.361290817595918 -0.176829989209778 0.0396518907724436 -0.304480085068838
0.0400038172700857 -0.310478570547312 -0.0710082269426753 -0.190324645631652
-0.120190982416264 -0.176348203736415 -0.082888794387227 -0.078466423002675
-0.153455252086708 -0.119321091182912 -0.0208996674219474 0.0129781860460718
-0.176553772724437 -0.0903223143506115 0.081782671443975 0.0586128648481749
-0.188402425204214 -0.0770360727097619 0.18628910786671 0.103839999411372
-0.124886279547114 -0.111679421223045 0.205285074396004 0.19058156089631
-0.0554425689238426 -0.191501665940653 0.192751587061815 0.360948295941752
0.155573225183118 -0.192934521166798 0.000769528840442772 0.472003405715058
0.242780222811149 0.0111513882719482 -0.277897910847529 0.41861121017272
0.095882967482592 0.227972300484913 -0.426086318524055 0.247133098452419
-0.236075847631207 0.250449566010063 -0.550392010478851 0.100527802853703
-0.418308723036411 0.347013436598605 0.244066431586679 0.154905546365569
0.00492257995646497 0.477253504953571 0.341279856553533 0.000351836504187521
0.356148815437394 0.218153958372989 0.306428128732787 -0.275332455607257
0.356957836310005 -0.152170095002262 0.109198530578075 -0.423028593095208
0.0606663798592562 -0.292938463583251 -0.110648667043667 -0.303312744366875
-0.105011123262825 -0.182987268198139 -0.156313163297093 -0.144801917656244
-0.15776227737151 -0.140326415622091 -0.0980320161219721 -0.0286130644953831
-0.19860595763394 -0.107639884723697 0.0165669222605506 0.024087944982917
-0.223123661772326 -0.0949675791195553 0.130080669159297 0.0717782017481196
-0.164402044524285 -0.147604667522778 0.149054271938644 0.169264028556787
-0.067052435313733 -0.264372272836823 0.122805470018259 0.340387557583261
0.236248269539761 -0.253664940492373 -0.0493301769030758 0.395823927877346
0.349801920684613 0.0569506026758261 -0.246497693794255 0.321684434628875
0.097763557190571 0.340875721353532 -0.322472363612744 0.215323315693062
-0.3221499705996 0.329226045386447 -0.424504404860619 0.0838977524360568
-0.414062887130663 0.338293301615993 0.379903911982646 0.135585762452292
-0.0107737496440834 0.426505423768213 0.465131554196931 0.00761280253876528
0.288072117380245 0.204210305256097 0.402250925789556 -0.338073272601745
0.303416438001007 -0.088884750922902 0.127511542146418 -0.51637948608376
0.0814152849137473 -0.224911305381368 -0.157976608243885 -0.377368005594797
-0.0677457102575577 -0.16039972803258 -0.215817993633922 -0.19530555093329
-0.133840852648291 -0.137913054245268 -0.163096593110237 -0.0747648413656618
-0.189176820266816 -0.109351747887196 -0.0535342292747557 -0.0145835190242668
-0.228878561699056 -0.104804924795754 0.0529994184965769 0.0435988866620872
-0.176679868588795 -0.178086347772736 0.0623699952646058 0.13837916895102
-0.0461367710698777 -0.313634234211501 0.0299048136317896 0.275125074732588
0.315974658361388 -0.256186229925833 -0.0770696302954138 0.266657398292015
0.398674651190557 0.134030924234144 -0.156967014538362 0.222766065816301
0.0603567058206967 0.409028107266337 -0.211127035333658 0.206696240929728
-0.365542766847659 0.3500256506331 -0.287275811012396 0.0439023463281511
-0.356785334236976 0.298157972847183 0.515625060972848 0.101205988728217
-0.0273869421305438 0.347451942888827 0.572070671713679 -0.0432852308907939
0.199126579311889 0.182820470762627 0.429730936431514 -0.406145867559875
0.233762004206015 -0.0178651094482445 0.103390919882117 -0.561377885524224
0.0952836278708996 -0.143527073504013 -0.192881870246135 -0.407335216377721
-0.0270175345133118 -0.122861398536912 -0.249891275406728 -0.229611273816419
-0.0927940354274812 -0.116666482686541 -0.208216025400137 -0.118276556464865
-0.15071952477068 -0.0943882600007742 -0.118015256056174 -0.0479748884431863
-0.196661068676473 -0.101147878675077 -0.0337560166614022 0.0174552509191451
-0.145823112672124 -0.185205997927036 -0.0297038778634499 0.0881753292379237
0.00628183670383693 -0.29813239946507 -0.0405066703963654 0.16479999915823
0.341709969153037 -0.175029117360376 -0.0375991357107887 0.135263047742314
0.340107035387277 0.207233191790568 -0.0313986248689504 0.194235162326013
-0.00639943013552614 0.388838921972418 -0.143695906825652 0.236136806556649
-0.34751197392493 0.300894417633911 -0.163835294975037 -0.012916676462715
-0.258856095237223 0.228409848154568 0.618825607724097 0.0513161411636564
-0.035233692825359 0.253645689638682 0.632821601388099 -0.114595725246976
0.115730034633779 0.151977307248129 0.408833052619474 -0.453386682762279
0.160832348835116 0.0324552438233842 0.0673628020078366 -0.564504956139173
0.0921876164657425 -0.0702955383802416 -0.212590705266112 -0.41077002230088
0.00642654777860649 -0.0787286077237117 -0.261911367746043 -0.249238028719709
-0.0410828736781466 -0.0803415438885096 -0.231815276997618 -0.149235777380236
-0.0875187152840007 -0.0646399508166366 -0.167258431771934 -0.0708484048161583
-0.127247793658184 -0.0799462707823513 -0.108538019274006 -0.00943686729089378
-0.0783163774641466 -0.147631891604467 -0.095169354945608 0.0278436804714417
0.0529891667722591 -0.20299040295765 -0.0548808998341133 0.054131015347915
0.266104085194343 -0.0516751272181042 0.042038482960725 0.0668567685064843
0.18618228040487 0.207774937824089 0.0588615406210561 0.24325749862016
-0.0592351301820294 0.262694176924735 -0.143545286936466 0.265103583314659
-0.260983441143415 0.188419251132097 -0.0643809790086065 -0.0764418766771545
0.0242017269937772 -0.0659586331655728 0.0422972901774156 0.201978237101981
0.0538336944436991 -0.0746296724494347 0.166896090786 -0.211715947894021
-0.0176701430511656 -0.108043004529226 -0.0920174477991826 -0.285855408069434
-0.0825177007449859 -0.0388254356162311 -0.105747663319592 -0.077800947772441
-0.0348680070127053 0.0485950089748462 0.00539171770993523 -0.00721524128235722
0.0281449823485956 0.0443353453054534 0.0580144649938725 0.0136396912641629
0.0387607454721507 0.0252952904461277 0.11868275821685 0.0307018691585172
0.0274762684122516 0.0204573542314239 0.175565235783717 0.0627775446155926
0.000721922783372913 0.0252168180010267 0.251013459047975 0.128739066633848
-0.0149672746746752 0.0120883909060342 0.264173739792959 0.220266968733762
-0.0403879029664014 -0.010744514443861 0.245474258107087 0.343014073248725
-0.0510872410160641 -0.0397658285611456 0.0643348705612744 0.488501097333179
-0.0507789815274886 -0.0718620122160294 -0.237180237588866 0.498973580224611
0.0439704087465155 -0.121987117779677 -0.526120400710754 0.254486564003694
0.126521367331149 -0.116237417670325 -0.652863319301231 0.0690182229806757
-0.108718483415401 0.122180791151961 0.0422580360861363 0.195576310260993
0.069722025093834 0.158037303037638 0.175821683400633 -0.203639834640745
0.162198799975887 0.00265419369388942 -0.0859049593522101 -0.305318103580928
0.0939873612871962 -0.13727040223584 -0.126021841561208 -0.108519744810866
-0.0411874397530274 -0.115963399770706 -0.0182577585521859 -0.000157218229387121
-0.0590021276696322 -0.035962331041375 0.0450007429946858 0.0210653112631757
-0.0538225124371016 -0.0177260951033873 0.110781403776135 0.0411307574023033
-0.0552350854116148 -0.0111065037937986 0.171312649416207 0.063052919349277
-0.071251927558967 -0.00401026770123143 0.248880989932496 0.12001711444361
-0.0485877113984388 -0.0312149035165539 0.260584980636385 0.203294371958296
-0.0379909604763198 -0.0651241441132584 0.255456857752463 0.328617139547261
0.0128129099365673 -0.0828653743093559 0.0895187843455432 0.479599134405287
0.0338022591841512 -0.0471573271758473 -0.213569048158657 0.506596598916736
0.0630119795506789 -0.0212197395715801 -0.496113827482773 0.307312158932021
0.0125693464549296 0.0168356604813922 -0.653738416508267 0.135416615785001
-0.223003323484908 0.277852871144099 0.0751542704127278 0.159431672075662
0.0852438027787676 0.344036784900442 0.170450315140344 -0.166583339677169
0.305906726837646 0.0942909772193655 -0.0259539489080779 -0.278631352665092
0.239870042770696 -0.208063115475555 -0.0844754073119303 -0.172367011125454
-0.0321707530728848 -0.245590995071602 -0.0444222029549651 -0.0621457414845864
-0.119868325432925 -0.106574001297961 -0.00578975731952621 -0.0111641459265332
-0.1295229641102 -0.0594718726667193 0.0628842484439504 0.0379614795191849
-0.128062716175911 -0.0400091043492676 0.140743133011626 0.0570299257699251
-0.137113559855036 -0.0285528311413444 0.231570406529239 0.0985850033708344
-0.0883405739231697 -0.0653128282523625 0.252203704866397 0.177534533253913
-0.0514044405575493 -0.117898647817923 0.259728125950673 0.319600077901153
0.0703874068390713 -0.13966686883128 0.095295317650666 0.474620593855957
0.131685350007624 -0.032705455565379 -0.206423176006417 0.492519476940077
0.094733600704645 0.0893713688250237 -0.445061742860006 0.320736587794611
-0.0972321994822969 0.157100762801758 -0.60166665147088 0.172031161248131
-0.300015658204341 0.374610436901577 0.143073093147512 0.119540026995889
0.10311577343652 0.440886382381804 0.200775283569969 -0.105866494239361
0.386109770478217 0.133380985343037 0.0902378109934783 -0.258607382654667
0.311708707288412 -0.241837195153695 -0.0142063171862879 -0.275859223484258
-0.0187693331624322 -0.306909171243581 -0.0830169934255143 -0.1666487138974
-0.144218653007658 -0.149006212988657 -0.0829550738209582 -0.0639893029683716
-0.172805763582175 -0.0927657304528912 -0.0111208137253113 0.0212408548847573
-0.18130818541471 -0.0619252519959371 0.0882387707218513 0.0412736424618356
-0.19267704697928 -0.0450088462715964 0.195352079289164 0.0715090894638241
-0.135745669663501 -0.0926195553442528 0.226425021406594 0.157764160444984
-0.0791417874600972 -0.177177747234405 0.237155467641362 0.321053935687838
0.125939656491663 -0.216216175041074 0.0623820297161157 0.455037826349453
0.24451465839043 -0.0248304653177692 -0.213068509783348 0.438058951988712
0.131523318115877 0.205763271604335 -0.370733121852555 0.294163064059768
-0.192202121837655 0.28428065623609 -0.50431291663057 0.173796721086071
-0.335998265237855 0.410918796089806 0.24731425069306 0.0826902625027272
0.0980357944661216 0.451430040417794 0.295936311871799 -0.0618584377799535
0.380119989017734 0.140548243528475 0.224758281788375 -0.296478738468255
0.312434053502897 -0.219851119811488 0.0320419964120013 -0.400027429259976
0.00272443071822677 -0.295566610581269 -0.141473178085748 -0.267049423172325
-0.132393282012038 -0.158959349383315 -0.164543747836354 -0.114719641949007
-0.181662838420132 -0.111695922707144 -0.0913224461755372 -0.0055537392357499
-0.206262344159871 -0.0752832765360646 0.0207558870919875 0.016678904897508
-0.229157479873079 -0.056328839918774 0.137591404736316 0.0478050116502683
-0.180117569112379 -0.119029796007507 0.170514598816859 0.145037125597624
-0.102580038585424 -0.243692859995892 0.169990854491223 0.31128402576105
0.194564016918639 -0.287717179840978 0.000410167255855421 0.391516822190386
0.354151499705176 0.00278813112027492 -0.199311664082343 0.336540507835142
0.149552577731918 0.313542273581293 -0.271024105797062 0.245939169218654
-0.262269620987856 0.372376828182896 -0.38098704063965 0.140720943408267
-0.32987975135806 0.401410018439092 0.37640175226026 0.0410714055131471
0.0748790997042943 0.404903770577192 0.420985280986154 -0.0775626732280933
0.313810393616967 0.13877620472821 0.309075776253997 -0.375924560269398
0.273800016856792 -0.149357435464317 0.0299566340401557 -0.499437314615264
0.0344473082363927 -0.235693428462931 -0.202493690800828 -0.330125499039028
-0.0956675220324618 -0.143714803704706 -0.230283255794461 -0.152565711012177
-0.159543991661871 -0.113903215808101 -0.162332581249933 -0.0398927726565061
-0.198491236894804 -0.0775644635518211 -0.0524071171066496 -0.010415069966336
-0.237788883276707 -0.0634516861371188 0.0589466476226204 0.0310715629611076
-0.198090114910047 -0.145685442721135 0.0829609417058721 0.127754115504337
-0.092863556258174 -0.293243952831944 0.0712026508739529 0.263739381920133
0.269177301508607 -0.305126005702874 -0.0454129908031971 0.271295689141859
0.411436933539856 0.0670969749624672 -0.128114767489197 0.223946137701516
0.124565646901123 0.383925863602766 -0.159349908472296 0.222320635288668
-0.303420597221914 0.398878142138217 -0.251665433898885 0.0852539138178542
-0.28228599952044 0.350181205233209 0.503088613118696 -0.0113516786816522
0.04576768680645 0.330147466080462 0.521290242451136 -0.144082456380775
0.224511519552042 0.133442351879223 0.32717797775777 -0.453000024647777
0.220828659703858 -0.0691804328390814 -0.000989640507741759 -0.541516309726363
0.0602178437089711 -0.16118139564853 -0.245090168772908 -0.351951008072799
-0.0525192081885057 -0.114842533224163 -0.268370425565076 -0.179662082709825
-0.115958578247376 -0.099879063652465 -0.213779610703023 -0.0756256003507495
-0.160226092355074 -0.0687344217997952 -0.118910971245855 -0.0318994910968638
-0.207293127979504 -0.0647941357106561 -0.0280116355632861 0.018463460176116
-0.170050083910641 -0.155742345147948 -0.0135382882004912 0.0923924886976635
-0.0416838679211501 -0.287542251436485 -0.0131597480870099 0.168350199683724
0.306294631970335 -0.231421360584094 -0.0280258531531685 0.136621951211054
0.366839412296121 0.144000155007489 -0.00709216568009212 0.175914145046205
0.0564964350582147 0.374672418746486 -0.0873857974087854 0.241814192028307
-0.294795569541476 0.348995061917197 -0.139477192883577 0.0144627625014035
-0.198338912126694 0.262169042052175 0.595308710376112 -0.0690643191931867
0.0218721605772782 0.239913123513369 0.571874095167905 -0.223192674562759
0.139132132399136 0.117890730106059 0.303512992889064 -0.497729349712492
0.158203653502079 -0.00788797976515408 -0.0349960694186775 -0.542025210559463
0.068383614049135 -0.0902032240224024 -0.266396618459227 -0.351559376722821
-0.0149678709218166 -0.07762770680663 -0.284969254410944 -0.196849846394986
-0.0596012182465884 -0.0724953163514332 -0.244328861459469 -0.104349509107658
-0.0962622917420472 -0.0493112252748064 -0.169566520331866 -0.0450745869803995
-0.137614354124186 -0.0548149305136504 -0.104141107606047 0.00544257292460957
-0.100171138121224 -0.129365665203592 -0.0869490928490632 0.0431871008401294
0.0181181497638582 -0.203473567618078 -0.0451088050320104 0.0639348916628546
0.253168422747548 -0.0981815302697742 0.0415752675076029 0.0550600158107943
0.218357143918319 0.169668039757135 0.0930116084982766 0.210147524931201
-0.0122406940768478 0.26135018097194 -0.0842733274836447 0.273248349596712
-0.2272769466755 0.224735050453954 -0.0567730899066949 -0.0601597021454216
0.0207806285085341 -0.0643098249984503 0.038550227967776 0.19200134714206
0.0495443947243866 -0.0780626568236426 0.136050311128632 -0.204060391475049
-0.0243965303203452 -0.103227854490455 -0.107236366623604 -0.261215198674691
-0.0842017750100332 -0.0322265451737806 -0.103866194249143 -0.0654472239712397
-0.0318025907630408 0.0495071521773328 0.00705194535690449 -0.00949156410603443
0.0289179330523517 0.0410062361639298 0.0585510746510879 0.00960984066466918
0.0379432270363408 0.0225663605836498 0.115215166216508 0.0256590696899123
0.0281178621167718 0.0177074695299199 0.169971944648858 0.0548183595164119
0.00251253289481276 0.0249370963673895 0.24581542198356 0.113388827071627
-0.0147549417558602 0.012418365735108 0.26167342107603 0.200890794030146
-0.0410462910918154 -0.00844226464616855 0.245049198657918 0.316306027563624
-0.0509097623774095 -0.03645773055969 0.0814335024276811 0.460262348951813
-0.0495706260313518 -0.0665096400427588 -0.203488005628718 0.482030986467943
0.0360913848313834 -0.120607911542471 -0.491268758369552 0.26758825569001
0.115778671935418 -0.117375683068194 -0.624678448428068 0.0992533372722114
-0.0996408512326742 0.122491648944867 0.0382851713032026 0.185044148149317
0.0751594551695176 0.146085384179508 0.144620018524221 -0.197781277524451
0.154340702614823 -0.0039296417785169 -0.100713502829903 -0.280546266890566
0.0829126657584985 -0.135488474415545 -0.125787662071172 -0.0951800982442383
-0.044868739635984 -0.108447138232534 -0.0142400549659379 -0.00103430509757636
-0.0571859855282051 -0.0314700288927689 0.0457377598927474 0.0173960413643475
-0.0528673408072054 -0.0156032146638155 0.108344693359114 0.0363171881899341
-0.0536910462474817 -0.0101635008341134 0.165929572495555 0.0558636919322319
-0.0670944377809481 -0.00124394660699671 0.243685879915172 0.105093490351087
-0.0483253057474578 -0.0291659139558712 0.256591721467832 0.184091647221338
-0.0395298441809313 -0.0611311367841487 0.255477864638661 0.30117531651864
0.00937398813736843 -0.0796939721317581 0.10743870138397 0.448856888531123
0.0316463541334185 -0.0450256852439619 -0.179919076048348 0.487653039931519
0.0573485958254554 -0.0244737960980773 -0.459073487613297 0.316173259130961
0.0116739541127137 0.0148950216653736 -0.622089786126958 0.161819481821393
-0.202946035342086 0.277668266017304 0.0693556762966984 0.148662437433604
0.0976139041635435 0.323906138692392 0.1415745936882 -0.161312242182064
0.297273889940765 0.0785501950598993 -0.0424862146742306 -0.258353488684492
0.219811664485812 -0.209542788583442 -0.0897043917010457 -0.159320092911631
-0.0421839446593538 -0.233509804028155 -0.0416765014102685 -0.0589911180618723
-0.118442696506503 -0.097400412662876 -0.00580441739822532 -0.0110697992531796
-0.127805829407444 -0.0534625743324066 0.0624302978259087 0.0354426958789777
-0.125111066552927 -0.0346676306884659 0.136679303658884 0.0495119517968797
-0.131685718252056 -0.0217860732497185 0.225873935827305 0.0844005330909691
-0.0868594919053474 -0.0607482082822208 0.247648389320412 0.159819373581663
-0.0529690681316746 -0.111694114298041 0.260517709977964 0.292891816499831
0.0628092799568791 -0.137551568220713 0.110861602092794 0.443145474393955
0.126298755537116 -0.0358135221205576 -0.174138029556962 0.476166061827215
0.09166167608526 0.079619259734684 -0.408154971901979 0.327406243385737
-0.0874681793048715 0.154972545808001 -0.567717574068112 0.19443971229879
-0.272245530156229 0.37412127833906 0.133682387161358 0.106532995378921
0.116821687822028 0.417332164931186 0.175871073132059 -0.105233258701243
0.373281168760137 0.114867088124867 0.0722490041074653 -0.245824003446597
0.289596969790364 -0.245169032986034 -0.0279421713594628 -0.262667388697212
-0.0318447489258243 -0.2928117631994 -0.0835308891210905 -0.157078575770744
-0.143059261164376 -0.136779847327906 -0.0821581815430235 -0.0585991830750304
-0.170496755607794 -0.0845700223619259 -0.0093343653246198 0.0227392804236956
-0.177518714239699 -0.0542760557056415 0.0855431852621373 0.0357279633786397
-0.185119451197324 -0.0353644846529413 0.189720873224312 0.0589431151988425
-0.133333802444615 -0.0846949883965647 0.222244512085469 0.141351941457787
-0.0817218796993104 -0.166953974069964 0.239223913856817 0.294771832062349
0.113279930091969 -0.213338720829226 0.0798798033478017 0.427247134945686
0.234670727724222 -0.0326656710638172 -0.183181769476506 0.425109628858627
0.131398360526884 0.189391820880825 -0.338722639864769 0.296306253102742
-0.172974423342342 0.28168611263737 -0.473954647191527 0.190273130912183
-0.308570348807778 0.409970357323708 0.235129006416109 0.0676407652953817
0.113433910373841 0.427712203275901 0.270808848000936 -0.0685143022962219
0.369196361542996 0.122720492474548 0.199413892117892 -0.289323288587828
0.293457794239835 -0.223261232231282 0.00903222400775821 -0.386028469774435
-0.00896986350939653 -0.283161439003422 -0.145280011730796 -0.24992904950344
-0.13118338237636 -0.14669008984817 -0.161738088965762 -0.104169345923215
-0.180740535327144 -0.102884962865592 -0.0876032197500852 0.000182668851105288
-0.202222045236096 -0.0652724239720235 0.0197330688553189 0.0138109694661047
-0.221376769807583 -0.0445829625771189 0.132938006643186 0.038320858787902
-0.17626702501937 -0.107836140530265 0.167454670021081 0.131457028346778
-0.107535527882773 -0.228515564940224 0.17570673837566 0.288996858741118
0.175519050197752 -0.285951358986851 0.0170258169733678 0.369486015456229
0.341936350022289 -0.0117034326146672 -0.176353522975204 0.326393766336023
0.153826849281181 0.293120795638429 -0.24365529511898 0.246188042861615
-0.238876401769828 0.370336900353767 -0.355109494607307 0.153443658712741
-0.304944755424466 0.399964295876223 0.35967459241868 0.0227648959301401
0.0881390531572784 0.387717558241114 0.39127354692881 -0.09209641964698
0.305300201128074 0.124526003991732 0.278790655061163 -0.37136343597204
0.26024948709921 -0.154235883481645 0.00310016889182073 -0.47826118839197
0.0246745554390519 -0.227641984471632 -0.203721486213623 -0.306471220302817
-0.0953001232875284 -0.13445620533727 -0.225957191432261 -0.136924256439572
-0.159207211582603 -0.105261521874595 -0.157018308423831 -0.0307367221311751
-0.19493567696666 -0.0683406325218917 -0.0517899566842057 -0.00995775408220327
-0.229211475873914 -0.0507493129409599 0.0574161236293651 0.0250624266323679
-0.195149101337807 -0.132455901113814 0.0836765532972785 0.11957272733741
-0.100894518802418 -0.277042795695083 0.0800916093467789 0.248626674115488
0.246357394191584 -0.306372542124748 -0.0336352087098489 0.257073752503357
0.400271583076044 0.047363190239723 -0.111772270675365 0.214775038011554
0.134915711148689 0.361714135177368 -0.135598973936452 0.21568167590207
-0.274801215211922 0.397961959216764 -0.232042291412389 0.0933265623553837
-0.259393071131452 0.350416118654689 0.481527227614377 -0.0346904008508978
0.0574026277705285 0.317127366451325 0.48686486669637 -0.16143147397862
0.220624807272911 0.123237133933743 0.291823124037304 -0.445308767354142
0.212245786841924 -0.0745382165073697 -0.0257544329338575 -0.517141738500102
0.0530113925249021 -0.156966499202677 -0.244903684430626 -0.325116119761847
-0.0531205201555423 -0.108117003402751 -0.264159393379668 -0.161501360086631
-0.116973964662597 -0.0938186432652164 -0.209491468974874 -0.0643136564288211
-0.156942196063441 -0.0613064558526652 -0.116739786545801 -0.0280349009475661
-0.200178243834086 -0.0525593808997757 -0.0251234172525031 0.0174159673838201
-0.169876418020124 -0.143020344342136 -0.00994410332973837 0.0904432934129985
-0.0533494355146568 -0.27455183596077 -0.0049676864806491 0.162155396527549
0.285475344195019 -0.238542022223021 -0.0222759727087208 0.126574482069522
0.361486891474502 0.122827552430433 0.00242288789494995 0.160636592058934
0.0701484897564946 0.356001876010606 -0.0648097437442229 0.231709010611427
-0.270433123926934 0.349668716951053 -0.126435510913913 0.0209032034181822
-0.182369914954009 0.262499526775233 0.567748945653058 -0.0934702723944614
0.0312963476655337 0.230477420092986 0.531705333360483 -0.240990772060475
0.13761084289912 0.110471912124728 0.268241023820762 -0.487076059904174
0.154513231764465 -0.0133056371367661 -0.0583544195799791 -0.515187488184208
0.0634065877157769 -0.0901787175592902 -0.266252170254962 -0.323852565339501
-0.0165986982548263 -0.0731074993928091 -0.280665854289864 -0.177866162461942
-0.0614886829991552 -0.0687307484321124 -0.240133445588667 -0.091261026360505
-0.0941798358838052 -0.0449423721919905 -0.16579187895578 -0.0389093640749613
-0.133165000826833 -0.0463590193530442 -0.0977405918693521 0.00822289704596223
-0.102409496538536 -0.12069998867534 -0.0824354324010185 0.0476380468572555
0.00763034846929091 -0.197670090065474 -0.0410990170648855 0.0641037033498394
0.240173897515649 -0.109574924307617 0.0397061153713065 0.0452404924228659
0.220096167776663 0.15362050782458 0.101224887265967 0.18747496691398
-0.00132704729843676 0.250117205730583 -0.0593819975174384 0.261905752010991
-0.209441786411969 0.227934228492298 -0.0500190865636438 -0.0546562528487027
0.0197994972840604 -0.0631279822314632 0.0313611624689749 0.185045141995277
0.0463877259103297 -0.0812016281317692 0.113714821436078 -0.192757151463415
-0.0272487684320063 -0.0994030438412807 -0.113289348905648 -0.240501318858509
-0.0841887500327439 -0.0278664469949507 -0.101110717479715 -0.0568984311408816
-0.0298256187956285 0.049131438281861 0.00861516518261309 -0.011101474860666
0.0294510676209832 0.0394162309408076 0.0579769906995527 0.00709239739216615
0.037508958977811 0.0209227899917229 0.112156762809601 0.023730612638673
0.0279114451865737 0.0154334403878334 0.16456021004439 0.0529276130395461
0.00375677448240313 0.0239357005951126 0.23939067920296 0.106132738926613
-0.0154990964829276 0.0123859093106656 0.254738081642925 0.19020766321236
-0.0412451622603951 -0.00701072868352135 0.239980544831142 0.29840902632482
-0.0502472207690367 -0.0347608133790354 0.0873776264618447 0.434980281549221
-0.047633786788062 -0.0628438497984417 -0.183905162227121 0.463440982947945
0.0318502139430688 -0.118841340698351 -0.466689042723053 0.26920566497545
0.109358131082415 -0.115864570094807 -0.602669622631967 0.11157375424379
-0.0945117502945852 0.120874350043236 0.0311248927182816 0.178549520614376
0.0758156097354111 0.135486498010324 0.121886117481912 -0.18658988630808
0.147957080575632 -0.00676785521058857 -0.108341598563008 -0.260174579017649
0.0757279084612755 -0.132234616737034 -0.123950675255635 -0.0845874518225816
-0.0461047420329378 -0.102266858614643 -0.0108892843204373 -0.00205301430377402
-0.0548080966279483 -0.0295434886706524 0.0461060777723195 0.0146811179075381
-0.052084110202705 -0.0144788227893399 0.105953212266693 0.0337031774865062
-0.0520723108004334 -0.0100783439446635 0.160728244693703 0.0526469421055179
-0.0635833925952366 3.25616585259009E-05 0.236744274264337 0.0968780770457309
-0.0474127950459599 -0.0277430007770323 0.249850555901427 0.173612959741038
-0.0399700298207175 -0.0588590109088336 0.248403140953608 0.284014599839308
0.00773099549354579 -0.0776077205539801 0.110864432952197 0.424236935828452
0.0312772345853178 -0.0435201878796545 -0.162219625735065 0.469550036460866
0.0527285464595404 -0.0264844298137438 -0.434255943701282 0.315530273701569
0.0105003343323819 0.0134375854109252 -0.598714080908395 0.172023944861695
-0.191611058050966 0.273469181690735 0.0607342161614903 0.142353718679522
0.101827877776083 0.308335676713715 0.120471744819114 -0.152139002441648
0.287226560869026 0.0715173535463098 -0.0485649770991681 -0.240005143745532
0.209016222090471 -0.207154596029369 -0.0908878264777313 -0.148626552438774
-0.0461586480960271 -0.223512563514994 -0.0391723926246757 -0.0577169657110168
-0.11461756453825 -0.0922548330741184 -0.00494519766842377 -0.0115307445691854
-0.125284815511963 -0.0512874782858784 0.0613335008682908 0.0338118101335159
-0.122757881783282 -0.0329173259835835 0.132319808865628 0.0470273215777077
-0.125433855865668 -0.0192988045720461 0.218796438180035 0.0767855487171148
-0.084589165402394 -0.0583021446883495 0.239469256023945 0.15038230585613
-0.0518904597793511 -0.107752536686141 0.254347330959496 0.275435122452226
0.0600363492353678 -0.133984682027121 0.115138538108436 0.419305113345753
0.12258970801981 -0.0351358993849214 -0.156640416884989 0.458339209895107
0.0860306366126931 0.0738992143470496 -0.385234991353278 0.324366952731713
-0.082600149922154 0.151378253715457 -0.544016217749158 0.201209781064094
-0.258165129042684 0.366466733368884 0.123674281829946 0.0998574812329301
0.122135536538921 0.399184793780813 0.155734804655845 -0.0986174866170278
0.361892686619521 0.105601472337143 0.0630558553840609 -0.232691016431099
0.276112476848856 -0.24257299691971 -0.035472769852408 -0.250820883569892
-0.0361726225320422 -0.281670273681154 -0.0822319466847281 -0.151535854385305
-0.138023007735243 -0.129826221011195 -0.0802970443165333 -0.0558504987896772
-0.168591585247701 -0.0805989802059361 -0.00737176209686808 0.0230282797454655
-0.173979684294645 -0.0508995321216409 0.0829336253997306 0.033091692613451
-0.17744725296287 -0.0311360233339768 0.184034230652676 0.0523629583023029
-0.128731602402127 -0.0808668582279864 0.214951132269983 0.132822329885693
-0.080686206621209 -0.1598953839482 0.235335749958296 0.276968477383007
0.10714739075383 -0.208409041486053 0.0854213260303239 0.404195311484402
0.227280655370012 -0.0340425614546124 -0.167143053065783 0.408721530584695
0.126440351388967 0.178845609226355 -0.316762808520981 0.293207341458632
-0.16371673279259 0.275913398786396 -0.452807960129041 0.195775539305496
-0.294443855741763 0.405101755847061 0.222586121489337 0.060338723505477
0.117106822540962 0.412436130643608 0.250970146434164 -0.0674414525594616
0.35860824036818 0.115097592888272 0.18598446997249 -0.27893326290308
0.280941075365911 -0.220864827053765 -0.00227436950917674 -0.371896663928802
-0.0137139724856311 -0.273065843918886 -0.143069327079411 -0.238712485893528
-0.126840834956438 -0.140541997032631 -0.159166781394802 -0.0979653492876286
-0.177747297856987 -0.0986042247795171 -0.0839000036855847 0.0025473135842651
-0.198558268220083 -0.0619970136257623 0.0177468169898136 0.0122300879722121
-0.212375977483501 -0.0393687355604284 0.128502535275654 0.0321359876643725
-0.171489513368383 -0.102733565715942 0.162511164397602 0.124688825287499
-0.107784602684928 -0.218875814956929 0.176039725443966 0.273739601494855
0.165111775736991 -0.280480310849506 0.024273402532963 0.35109234801427
0.33061374354616 -0.016669513698504 -0.162446918129227 0.314827931337342
0.15102053972337 0.279083924909615 -0.225399705195036 0.24014913164916
-0.224355916472146 0.364570292398869 -0.335963761713334 0.155482370216874
-0.291098602251917 0.394421651650968 0.344345074985673 0.014901769109047
0.0912644234609551 0.373262343535031 0.368949631074364 -0.0931994114261342
0.296819687426472 0.119108327272479 0.259448613346516 -0.362028569778509
0.251810846989314 -0.152490612743358 -0.0101603673401214 -0.461626315495713
0.0216192306532716 -0.220731481570334 -0.201840325238082 -0.291118962683852
-0.0908514912974985 -0.129193885100714 -0.220910766855694 -0.12896900770599
-0.157409064323905 -0.101919732284126 -0.152553823888117 -0.0261695627826656
-0.191343070451248 -0.0643322491938298 -0.0522074786501848 -0.00935274153947166
-0.221066357254053 -0.0446699282330619 0.0556982406618629 0.0209833567763598
-0.190813366305842 -0.124759763183801 0.081821743871278 0.115249923387018
-0.103630699426509 -0.266232114071084 0.0835430720492993 0.237365824601003
0.232907970665303 -0.302967844795428 -0.0283608556885479 0.244322869501502
0.389081859490235 0.0379446433770153 -0.103490468778476 0.20406632107644
0.134588137059522 0.345675839628316 -0.121634358722055 0.207792246054033
-0.260330244814735 0.392109427561814 -0.217635813823094 0.096350480200711
-0.246569655817672 0.34641029936939 0.462104578077458 -0.0428550690622407
0.0609644188606738 0.306174462309584 0.459991750793138 -0.165629652716217
0.214539853387892 0.118709418717557 0.270288462650759 -0.433991228524194
0.206894506761901 -0.0749510222081877 -0.0385534100511684 -0.497577014085587
0.0506700747242219 -0.153113105997377 -0.239742614623735 -0.30810345486078
-0.050592759369285 -0.103397753090853 -0.257506774911446 -0.151897106968151
-0.116019439367997 -0.0903083016778719 -0.203926680244044 -0.0582109211187187
-0.153400627575361 -0.0585696408265754 -0.115545980298859 -0.0274536531173988
-0.192538942498197 -0.0473412783419942 -0.0234284306822996 0.0147908318846126
-0.166451799619315 -0.134986078198098 -0.00891644328447625 0.0899376303333848
-0.057724026427302 -0.264703815655991 -0.00114264282469751 0.156962143485405
0.272380814794922 -0.24001487518772 -0.0220424658927319 0.118334379339783
0.353924926920885 0.111382255678723 0.00620977838825967 0.147256884204421
0.072583567827839 0.341611918432898 -0.0502936376140513 0.221074760451425
-0.253710982761738 0.346723414342412 -0.115757981883984 0.023014389217773
-0.173463250043945 0.260463221881983 0.548365318753434 -0.10296667321705
0.0351918642917158 0.222139656714273 0.502470525612992 -0.244404293073268
0.135303797468969 0.10757840692556 0.245543021000423 -0.473866648858848
0.152137754281958 -0.0144730681868165 -0.0689454657185225 -0.493628771176989
0.0607439871334369 -0.0881370860442611 -0.258793158471068 -0.304972559548523
-0.0151636091303223 -0.0693705673893569 -0.273537993558618 -0.168194251949907
-0.0615039066438716 -0.0665754933367271 -0.234713392721677 -0.0842513632862874
-0.0919386129484448 -0.0437546871411941 -0.162036420285607 -0.0370752781234687
-0.12857340823421 -0.0414138259766084 -0.0931800765285881 0.00816208716977389
-0.10161420509356 -0.114817484955873 -0.0788968900150609 0.0505557357614854
0.00299188588696553 -0.191784460614021 -0.0390826110927108 0.062611270630502
0.231534604583741 -0.113543885250891 0.0362945520518305 0.0370645535957987
0.219046712905923 0.144168147525665 0.103377639276847 0.169497718343341
0.00335905335607941 0.240847390493169 -0.0424349256730698 0.249897227634294
-0.198736476276092 0.226835614633559 -0.0429900683439549 -0.0517156674789048
0.0198838727921909 -0.0627251405298575 0.0227967889465007 0.18331467091849
0.0447519988220591 -0.0856322485462644 0.0990491633988601 -0.183130998760801
-0.0293868687285274 -0.0988085208583236 -0.118065169268945 -0.226810381425617
-0.0857134940161385 -0.0249730104973005 -0.0985384129020147 -0.0510608747768968
-0.0289216904819743 0.0490453714376956 0.00941532974564808 -0.0127538113346528
0.0297765444920822 0.0382366017801102 0.0591788961051335 0.00387912869652689
0.0371351129260393 0.0198693722165302 0.110583485419062 0.022024860043575
0.0285386099604335 0.0139649406915326 0.162690010960096 0.0536549052635629
0.00472711560638912 0.0239200965631094 0.236447383673012 0.103946544428256
-0.0159926928332902 0.0123590866001673 0.251947211844692 0.186214748872555
-0.0420528631802903 -0.0063267198721842 0.234520825341872 0.290323230312175
-0.0501734728775069 -0.0344669992417967 0.0868605099419523 0.422752615669559
-0.0457355149626623 -0.0616133628865383 -0.175699841500473 0.451618315113538
0.0300329733501976 -0.118644697381285 -0.454388511429438 0.268960543898064
0.10616756985539 -0.115865801987682 -0.594836316268741 0.117482449720846
-0.0920468508652758 0.121220096651538 0.0225377069817887 0.177077936777615
0.0764249331014069 0.128639808909103 0.106398615849716 -0.177071604935111
0.144771769799755 -0.00784425071403012 -0.11281445310505 -0.24687799723757
0.0724452189014553 -0.130723670168311 -0.123091992488335 -0.0779458686011478
-0.0469983318056677 -0.100233567537465 -0.0092389398244522 -0.00335475617898563
-0.0534351524782467 -0.0289742273483026 0.0464241703396069 0.0122255713171043
-0.052045813357775 -0.0145149558507462 0.104744454862847 0.0321827241494393
-0.0516486258081202 -0.0107382927344925 0.158689246288829 0.0530204930625791
-0.0609806513264232 -0.000170966443714132 0.233602836601319 0.0951590474122262
-0.0470771479498631 -0.0277858944891342 0.245763497627896 0.170376056523938
-0.0395816881404823 -0.0574569900899345 0.244322591338906 0.274307797888246
0.00795529846403456 -0.0762381758108658 0.110041958857438 0.4118846332203
0.0320700392661655 -0.0417316753172721 -0.152801854282421 0.457912787440466
0.0489433165515316 -0.0280736981243242 -0.423083031299663 0.315947598446393
0.00957501625127303 0.0136803440794786 -0.588179020148072 0.176962016573877
-0.188391283519668 0.272129511556894 0.0522471824333225 0.140732876847672
0.102523015410233 0.300234119546568 0.105546631249089 -0.143914094313578
0.283542669049895 0.0691029012120002 -0.0535849175351091 -0.229182167552917
0.203571383143686 -0.206047868745379 -0.0934063824443352 -0.141662084602574
-0.0476214073326442 -0.219286968336782 -0.0377588939908944 -0.0581129018052578
-0.112246950365333 -0.0904581213401423 -0.00431989170417809 -0.0123917314278027
-0.125330287610584 -0.0508262043221807 0.0610497060649187 0.0335459241178053
-0.123091853853848 -0.0334311782348914 0.130739377448505 0.0468229975133753
-0.122732615438397 -0.0192217078334033 0.216100764334224 0.0740633834936488
-0.0835284090985955 -0.058987545876822 0.235619456725886 0.147955982738907
-0.0514637585710124 -0.106085002512616 0.249460842648493 0.266510906542538
0.0594081924644261 -0.132708835831989 0.115239863222441 0.406851273339721
0.121485586986982 -0.0341419966876563 -0.148575565161074 0.448449517113991
0.0809988399679456 0.0706399742999115 -0.372828882796311 0.324509982640681
-0.0822304808403935 0.150589933353447 -0.535755168262124 0.206933291477229
-0.25409662249147 0.366208251987955 0.115517093842434 0.0978935845201228
0.122971393132061 0.390051106655641 0.14235670081766 -0.0920418680453713
0.35796694880381 0.1031681136581 0.0581816533769852 -0.224045553776313
0.270646341568312 -0.24123807682747 -0.0390044542824189 -0.243844876535409
-0.0380962751321183 -0.276689822812101 -0.0812589102960583 -0.149333078856816
-0.134857540113917 -0.127691981448594 -0.0798127018199267 -0.0548021913165794
-0.168031451377115 -0.0796963481863854 -0.00668075378886152 0.023138197875132
-0.174519727728599 -0.0510033594074176 0.0804671288146776 0.0321055327847304
-0.173054832789223 -0.0316392695675006 0.180432339103313 0.0491893062039954
-0.126629723675001 -0.0809004721630208 0.211155278135329 0.130546110746378
-0.0797911175357311 -0.157277327353529 0.233157665131555 0.268356102900383
0.10581027142678 -0.206822087180197 0.085713383819388 0.391720781282732
0.224407987963598 -0.0339570793933121 -0.159742823539054 0.401008151768984
0.120729783214503 0.174915838469648 -0.306745348632132 0.290953309349589
-0.160664344853287 0.275082192529159 -0.443839796455824 0.198845400688275
-0.289654035165576 0.402996402786887 0.21478854770397 0.0576408421734042
0.116613436614178 0.402820480161887 0.238465054121695 -0.0626024433832951
0.353196193177023 0.112460222069817 0.179014995078589 -0.273083404386053
0.277242759539923 -0.219568345118657 -0.00912012200683938 -0.362828892343516
-0.0138245984052428 -0.269070300987299 -0.141972728743429 -0.23497373649695
-0.123162243344914 -0.13901461330248 -0.157203843617932 -0.0954027732440481
-0.178066742708111 -0.0981550788977608 -0.0820886907914488 0.00352751065235604
-0.198228007638846 -0.0619972399455821 0.016252939410977 0.01139902674222
-0.208393683882735 -0.0385228958202648 0.1258964688224 0.0288692705925694
-0.168047198170158 -0.101545882308836 0.159974648802563 0.12235960615131
-0.106776297566958 -0.214463295013618 0.175644299433486 0.266482712570597
0.161714185032519 -0.279028856947911 0.0241743052544533 0.341043155179928
0.327256198244735 -0.0187816914233973 -0.156309338235571 0.306655404623524
0.14578053071195 0.272962160656276 -0.215052226346225 0.236527213316094
-0.220618286576964 0.363578245190623 -0.327372299235421 0.157988950749069
-0.286235865204007 0.394465932075364 0.336264252126896 0.0115380796828116
0.0916859578961179 0.367361933995865 0.355821088403512 -0.0914843764819459
0.292607168146576 0.118980271396017 0.251043305555093 -0.35576365826823
0.249575663262397 -0.151811205218312 -0.0170878534745603 -0.453095319139559
0.0219538150061886 -0.21813367169973 -0.199178311256705 -0.285316213161857
-0.087843547814423 -0.127988823887584 -0.218665516978017 -0.126089330418669
-0.157726717716829 -0.101688403839359 -0.150754891564744 -0.0251480916251412
-0.191244004879525 -0.0643882535752899 -0.0535638435145898 -0.0103353690651688
-0.216110218533113 -0.0431529198454902 0.0546008605786656 0.0173021918895325
-0.187242752286696 -0.122692502842153 0.080598778256984 0.114174382284887
-0.104156768962761 -0.261141578767344 0.0848682032285814 0.232651563464292
0.228272348354587 -0.303407195009725 -0.0281190708502992 0.236923215553984
0.386301060658956 0.0341075674353756 -0.101177861212348 0.196503796832763
0.13029981399688 0.340043870609397 -0.11177927408942 0.203048907388832
-0.254187773083831 0.391472184448385 -0.209482224314084 0.096953822230654
-0.243678259720177 0.346247615819775 0.453693211773928 -0.0468219407417058
0.0604576011722879 0.301583340130538 0.44621901179623 -0.165544746935781
0.212638843186603 0.119670881024688 0.259598450945912 -0.428401498510147
0.206940775451666 -0.0748931682072023 -0.0458859852457847 -0.486210152321923
0.0511848062396229 -0.152252163172063 -0.235689230499226 -0.301123589635027
-0.0476106583780665 -0.1027156707334 -0.25418856502513 -0.1487396417315
-0.116268423116983 -0.0898661778693218 -0.201852097286606 -0.0565438039661592
-0.153308563525266 -0.0582633159394694 -0.115826063214977 -0.0281808095558859
-0.188532632400149 -0.0450861057688382 -0.0233760259169281 0.0126553723740731
-0.165220119898575 -0.13182021371791 -0.00835997724370416 0.0916111471902252
-0.0596721220540787 -0.260946765093624 0.000421225514846298 0.154206595902406
0.268057174702149 -0.242547148093273 -0.0235399874604109 0.112074597329396
0.353481424577314 0.106977541338683 0.00736355519545062 0.137509857058839
0.0715079562334906 0.336301101915533 -0.0399275446474582 0.214062941295921
-0.249371424278115 0.34658614813131 -0.108888982528131 0.0233743677417799
-0.171088384756594 0.261095325969407 0.538198444502977 -0.107087717891411
0.0358185504843065 0.218360422700905 0.487435657549756 -0.246042694327577
0.135537273431237 0.108544281729536 0.236806510326428 -0.468629800268363
0.152504521822276 -0.0146698203721371 -0.0735982731776888 -0.482567184977411
0.0608690029953879 -0.087252093419825 -0.253829507407318 -0.297761580694434
-0.0136196331676625 -0.0685952446569848 -0.270579259553494 -0.164649123596834
-0.0626654639383737 -0.0663011329134107 -0.233208608134133 -0.0828443071400046
-0.0915241005345286 -0.0445061371200658 -0.161973239658073 -0.037445616677883
-0.125771900840331 -0.0404018141650127 -0.0912481939227923 0.00787589240638084
-0.101231053701601 -0.112384010519668 -0.0775766165885897 0.0542771153308578
-0.000279591872165563 -0.190679602573528 -0.038248758835193 0.0625845495306421
0.22935795940719 -0.117245388566628 0.0325253817185813 0.0314597786185381
0.22134825372961 0.140258616117911 0.105080982058873 0.156985747100938
0.00296957053189713 0.237094324922129 -0.0304800784609967 0.242691928965766
-0.19495763677642 0.229062170206375 -0.0368543621207395 -0.0512162271301664
0.0189090875541568 -0.0632262835900578 0.0176562243019747 0.187086223909387
0.0427980678168374 -0.0918413687335159 0.0863813334299196 -0.178374013200326
-0.0330970180084718 -0.0999647104560103 -0.126204595809901 -0.218328426160507
-0.0895456617051811 -0.0223837534913073 -0.0994071257893835 -0.0441304626994183
-0.0276956548192345 0.051012104759181 0.0107502754694659 -0.014777980994546
0.0307728795020385 0.0376171110984921 0.0608949413922685 0.00036537432880156
0.0382874470382115 0.0190475473746538 0.112172880438368 0.0205442606456081
0.0289649650601975 0.0130323913938316 0.165169686513388 0.0536469480508117
0.00587715852482613 0.0238107438357466 0.240997806683258 0.103544632943424
-0.016930453491228 0.0129625617554195 0.256487486086549 0.185749183599216
-0.0443917427612535 -0.00511504342655885 0.2385775869029 0.289766711203686
-0.0520162065253822 -0.0348038277299299 0.0917514452424378 0.420474496423492
-0.0457389705783138 -0.0614868872524262 -0.167762688610639 0.453106155064203
0.0268706970501365 -0.121517727533246 -0.45123205017263 0.279523345874894
0.104746022924327 -0.118632328401213 -0.59921808684067 0.132413624268443
-0.0918122280448411 0.124594705493107 0.0167541149118934 0.180318921099071
0.0779923427148034 0.124577569764038 0.0937993859490166 -0.172419380288539
0.145208650888722 -0.0103414203154694 -0.120682269303157 -0.239133778932356
0.069483045724988 -0.132690454636442 -0.125879543207373 -0.0711121751645272
-0.0492310337025071 -0.0999907304059021 -0.00809342505433212 -0.00465390861204543
-0.0538871084840047 -0.0289020938237743 0.0485509440977716 0.00989659823778836
-0.0538149292889011 -0.0145971684107444 0.106725328572605 0.0309317208397863
-0.0532979893566999 -0.0112069888179539 0.160977210575803 0.0530760911642427
-0.0605658675640707 3.7756570519E-06 0.237135777554873 0.0937757939372575
-0.0483035299488852 -0.0279122260944722 0.249502457422764 0.170472524882083
-0.0412903088467754 -0.0578323565604196 0.246775817857252 0.273541665297093
0.00794763938659404 -0.0786623742632946 0.114900069742274 0.408771174847442
0.0328362927114301 -0.0420141610593436 -0.145009867625677 0.460409853348675
0.0453183424906695 -0.0291642194009696 -0.416490148823817 0.327696032129444
0.00838626733811636 0.0134277585869596 -0.593127004158827 0.192355245257972
-0.18757784192371 0.279931815578828 0.0470595753776733 0.142711603000415
0.107403197186868 0.299165403906763 0.0940413260176971 -0.139388810942353
0.287499066222751 0.0660682263174076 -0.0606413053231537 -0.224151055726917
0.202715698228154 -0.211908444494204 -0.0972831838598292 -0.137052948285289
-0.0517437565631257 -0.2206885283037 -0.037730761810637 -0.0592814186790544
-0.113517053490072 -0.0906799783744051 -0.00431545590842202 -0.0138098585780999
-0.128494707138029 -0.0506051304178761 0.0623637036301381 0.0322951418343245
-0.126852072016673 -0.033051131253552 0.132076196563436 0.0461095598196918
-0.122408893282907 -0.0194218634538228 0.218962751135075 0.0718515429374049
-0.0841568586853088 -0.0600815692477964 0.238499973667803 0.147572314909995
-0.0526870302195212 -0.106633684471477 0.253576195283908 0.263365355215766
0.0594310053543842 -0.135315283937941 0.120288144555639 0.403732491522069
0.123044116292574 -0.0345082161358172 -0.140961076634454 0.451334589540349
0.0777666343938815 0.0701785172956721 -0.367397591340931 0.334727101450978
-0.0824366282547165 0.153736555362468 -0.536303836631248 0.221222910982884
-0.254778276436405 0.376817412854673 0.111935185843675 0.0989139502004135
0.127540230874604 0.391226055216512 0.133293553355127 -0.088134695443029
0.362703974479963 0.101014185628852 0.0530068204688755 -0.222269699647695
0.271436336705165 -0.248893318692899 -0.0461400045461658 -0.241757582800433
-0.043108913390247 -0.279128823752597 -0.0833489846746827 -0.151194347418381
-0.136446074634808 -0.129174837652013 -0.0818240195994033 -0.0551614485928889
-0.17339168437867 -0.079549385563654 -0.005903006226002 0.0234552369147176
-0.179049347566121 -0.0507888635234929 0.081404728198024 0.031868124104472
-0.174312299067678 -0.0302707582401548 0.182214441136362 0.0456984470630729
-0.12767151632573 -0.0818338588027324 0.214037873945625 0.1300288331393
-0.0810335959413808 -0.158024611886239 0.23811735731488 0.26457585584767
0.105046740231176 -0.211208404722091 0.0917644797221998 0.389864539867793
0.227381035016661 -0.0361170759925358 -0.154023528068148 0.404412789411735
0.119379728944468 0.174754216343289 -0.299517947238964 0.298177698436079
-0.159918200498347 0.282445626890673 -0.443473288260617 0.209887270038495
-0.289233325194232 0.414328886355915 0.213103754815049 0.0553693552953428
0.121230256246693 0.405450039414927 0.232837387963811 -0.0615114788599221
0.358611909106838 0.112577592552512 0.175235222017784 -0.275171918003405
0.279620771468033 -0.22569194223687 -0.0173774624684937 -0.365016965861631
-0.0169110080775052 -0.272081980428393 -0.146658188038814 -0.236279275679006
-0.123558988485748 -0.140395097040765 -0.160347960344144 -0.094668809638306
-0.183291006434607 -0.0983034970475278 -0.0822276457556175 0.00407576576532313
-0.203900806203317 -0.0614971555038219 0.0153293878963008 0.0112540705478972
-0.208619645078591 -0.0373275995630919 0.12578927527651 0.0250929877800882
-0.169717162478217 -0.101266944327853 0.162897230553458 0.122735156465661
-0.11016315314926 -0.214803768066141 0.181804312619048 0.264334672203123
0.161012563846447 -0.286762607960058 0.028132998566253 0.340328895158699
0.331640620343411 -0.0227530612666514 -0.154278185399486 0.309352851475604
0.146521232982082 0.274168633085294 -0.208390292553265 0.241907402985446
-0.218387747361472 0.373643871456844 -0.326266391916127 0.166378558116949
-0.287184175899139 0.405359317298503 0.337848706509862 0.00576855199092608
0.0957763924428491 0.369028012703602 0.35206021110429 -0.0946386809971307
0.298070379010717 0.119594622784185 0.244671402119267 -0.361965607720785
0.253210505368654 -0.15685645353742 -0.0290190236382483 -0.453862919696954
0.0213770560690507 -0.221255549768707 -0.204898878294208 -0.285382642086062
-0.0871600365222265 -0.12996151316255 -0.223034988903577 -0.124832213764972
-0.162943989319935 -0.102063080481541 -0.152265812372869 -0.0235982582753319
-0.196358278889993 -0.0648618041188661 -0.056459439325155 -0.0105204598126035
-0.21718735290303 -0.0417415154863592 0.0535192067262787 0.0145724106738373
-0.189788707471283 -0.121516967513532 0.0839717621932255 0.116382829065213
-0.109004540308046 -0.261542854273508 0.0903120627636298 0.232852591156143
0.226628003891535 -0.313595975017843 -0.0282950507435553 0.236625642590096
0.394787567746304 0.0280569931275005 -0.0997831280869035 0.195322617698589
0.132331441257903 0.342487886108527 -0.102902192022233 0.203551398283141
-0.252600827533291 0.404008719018417 -0.205903100311738 0.102464599062151
-0.244155394194996 0.357249839329189 0.457519220922037 -0.0562828398123889
0.0642888163988727 0.303765855130608 0.44216280435839 -0.172835166866367
0.21774571184079 0.121537292218738 0.253375323485014 -0.437081760514148
0.211432934332247 -0.0781495586025413 -0.0575515112965796 -0.486623742928421
0.05172065946653 -0.155076386487402 -0.240271674720497 -0.298426584559406
-0.0465510360437525 -0.104429012426358 -0.259190519428965 -0.147076532414228
-0.119951463995694 -0.0909570651323384 -0.20532263180131 -0.0553511049829417
-0.157447889526813 -0.0590500276025605 -0.120479188727588 -0.0286477473832673
-0.190225278322636 -0.0440263045853261 -0.0236876326924326 0.0102712647098032
-0.168672309458272 -0.131696529719607 -0.00590292534216432 0.0952790799252462
-0.0650492433040771 -0.262936955198965 0.00342124661972807 0.155928530135643
0.267547386685255 -0.252348086986686 -0.0261104908400735 0.109625844508824
0.361860356984812 0.101625251845898 0.00944934020507903 0.132539110499315
0.0748718785591529 0.339295941031145 -0.0288306719547923 0.212200691955859
-0.247230581192375 0.359564501776793 -0.104066036096453 0.0256825407142282
-0.171868494288189 0.270005392049452 0.544471147804874 -0.117443310612582
0.0377495435515028 0.220823307575785 0.482787513100993 -0.255753453745167
0.139295596116319 0.109619727640149 0.227374839109052 -0.475213947934796
0.157345102597662 -0.0161894205146713 -0.0834155611944088 -0.48121125366018
0.0618204456146872 -0.0903877190047581 -0.257894520426803 -0.294960158287493
-0.0120002256174636 -0.0686691209352105 -0.274598628697103 -0.163707941575186
-0.0653360093443666 -0.0674579406993642 -0.237504930548425 -0.0813356998052234
-0.0944719283424728 -0.0453209135437276 -0.165844763602305 -0.0372809287846476
-0.126558693067674 -0.0387312506279737 -0.0915158311708017 0.00727665673766703
-0.104184082332631 -0.112601262235006 -0.0773560767781783 0.0596483524943373
-0.00399536585208873 -0.193532761574454 -0.0375383342644525 0.0641710316554209
0.23165957882643 -0.126320807408449 0.0293972277524779 0.0254075709082515
0.229372389183098 0.137507374621858 0.10899513440179 0.148268555114523
0.00350540744468219 0.239782480609081 -0.0183660656097605 0.240471678313127
-0.193931443419405 0.237888331654738 -0.0321475034797637 -0.0513047273371964
0.0144693158239717 -0.0648511721997905 0.0280420135959796 0.192834923092358
0.0268801398612807 -0.103246799656208 0.0687012839965946 -0.176840334694588
-0.0529580209041414 -0.0951959769308878 -0.140933817639394 -0.201318979249268
-0.0961427820981975 -0.00769689219788394 -0.0991847280561767 -0.0377320110624059
-0.0218649902798185 0.0533278720675641 0.00603353779934368 -0.0195315220249209
0.0355175096218167 0.0334759058549745 0.0595632472207341 -0.00704312036779214
0.0424364091893121 0.0132303315029991 0.112225620961775 0.0105525886309113
0.0312815912236434 0.00855574348011732 0.174447948581042 0.0401885807896133
0.00879392621937386 0.0235843996987304 0.259588373726974 0.0843372255291534
-0.0193886021942101 0.0163568798396363 0.284485260754073 0.170166203361395
-0.0506822151036073 0.00275629789245189 0.271995050925974 0.275842799802985
-0.0650407506148865 -0.0312776375380374 0.134675906903466 0.425691516406903
-0.0586088381882892 -0.0618287133919632 -0.128093939329854 0.482789189165678
0.012561685188573 -0.138756960628209 -0.447188946767572 0.34110680199331
0.0959477891435286 -0.142043829904419 -0.620284877044091 0.189195815006989
-0.0721473660129272 0.137796853902845 0.0133412244350745 0.176078625054254
0.0891817567114135 0.108660746107156 0.0630747999535078 -0.170002069439399
0.138618216920604 -0.0299593533344943 -0.146890303823754 -0.208715102115377
0.0480340698213132 -0.140968670665316 -0.122668073630859 -0.0464632433856617
-0.0615443557955752 -0.0933281319121183 -0.000165023869701761 -0.00999865439303552
-0.055558867348339 -0.0242432965154826 0.0520835560487503 -0.00050266063661504
-0.0560233538209125 -0.00829271314722979 0.114176790385656 0.0179151165190191
-0.0544672677519024 -0.00759483369979924 0.168934826299167 0.0389935484216121
-0.060404682402928 0.00711958163068455 0.255184826624472 0.0740467970575421
-0.0544980699335549 -0.0225676482725029 0.277682568167305 0.155511232233583
-0.0521801181877762 -0.0505965634309455 0.281325217637493 0.259592012270145
-0.008127197375993 -0.081132893956531 0.157871906347287 0.412164554411814
0.0224072672607996 -0.0500495649982544 -0.107087457723061 0.489390831098835
0.0373891674638766 -0.0455455381803958 -0.404109175680479 0.380832088649864
0.00691754295015183 0.00591633384574216 -0.598702224435725 0.248136573583908
-0.147558022472283 0.304627047842814 0.031233542552272 0.128331590182966
0.140655447072466 0.278583673206398 0.0559344258259247 -0.135411495569648
0.292771651882571 0.0278665384130229 -0.0926682511569673 -0.188928536698242
0.171158268832783 -0.23947266824388 -0.0964905707866579 -0.103184560011855
-0.0797951875465624 -0.213716775172377 -0.0277697472419832 -0.0634728469815023
-0.122655987417094 -0.0801384455165176 -0.000820380359361823 -0.0209232870935952
-0.138727574356037 -0.0344094859068009 0.0757864493052358 0.0220361067764338
-0.130868816871187 -0.023624666224182 0.137788258173149 0.0321911424850212
-0.124997448977066 -0.00595035188271346 0.232481055661826 0.0523602752621319
-0.0938139635990836 -0.0505695211858957 0.265127085181652 0.132830403434235
-0.0682311434858197 -0.0991715309127453 0.288613556177996 0.24900196871296
0.0371691454865262 -0.14522064162541 0.162723951317138 0.40941456123898
0.115080724189889 -0.0521735306027919 -0.108324136118905 0.481501329119921
0.0793463477784402 0.0561998088740073 -0.34912782377832 0.375937473229848
-0.0752591377271563 0.161772417279805 -0.527287255405331 0.26812745447989
-0.202387690679441 0.407716764679227 0.088680032910353 0.0725171755724687
0.172833808709935 0.368380368674446 0.09524381927239 -0.085923936088374
0.374205574228926 0.0530250992842534 0.0191727609016063 -0.192240735108581
0.235055386992998 -0.288150336589704 -0.0543499376625963 -0.208843641447059
-0.0782305713815713 -0.274003802445051 -0.0794635562525303 -0.150958553035034
-0.150475641163494 -0.11629475045468 -0.0809120041829294 -0.0562290781909206
-0.187614683613728 -0.058937752305439 0.00935991219878802 0.0187859579731172
-0.1861028415733 -0.0361305284825595 0.0836956725602608 0.0211525883970137
-0.177423940232572 -0.0123029144402113 0.191915296873288 0.0286452775415474
-0.139130884159544 -0.068272242480848 0.238474329607277 0.117100157239289
-0.102519168260718 -0.146833304986824 0.275691151455658 0.252459877506605
0.0751764764379669 -0.228138111553667 0.130594592979745 0.402369029537346
0.221745383934616 -0.0654665946268149 -0.130610506902616 0.437322432803246
0.132693925900244 0.162023158923201 -0.279697939002282 0.3257487671918
-0.143249974617172 0.303767518969599 -0.422120460165751 0.246335350496026
-0.232131500146221 0.449574360079327 0.187155916615094 0.0169758089832835
0.167669031126855 0.383814594713232 0.199113137079143 -0.0691996008510435
0.37177328870603 0.0634036104666299 0.1360519069177 -0.260367367587026
0.246126054678491 -0.268678949724163 -0.0400570773552227 -0.333692353041722
-0.0528032669368303 -0.271380931585229 -0.151352371577115 -0.227986363378524
-0.138928022242719 -0.12960637844872 -0.163779128311807 -0.0882297117671298
-0.201467044209915 -0.0772162333683356 -0.0685894359557047 0.00733456191086015
-0.211604555524248 -0.0442742316202908 0.0135365420590267 0.00638530525081778
-0.21321709282335 -0.0144052932955541 0.131104356722323 0.0118944200008504
-0.183422965002414 -0.0837799956060162 0.185939299022086 0.114128025947195
-0.137305847287934 -0.200224450886402 0.219293937108814 0.256790539746913
0.121940865978005 -0.312380187112923 0.0602070063159808 0.360373487278764
0.331006793627537 -0.0645096176478033 -0.14597996030613 0.337417803974066
0.171442385538295 0.264147364146778 -0.187990422672171 0.248881822284108
-0.195320926429439 0.407906282699262 -0.294078156874568 0.187472111604038
-0.232513672413137 0.438907338018765 0.313099065930189 -0.0434298763913894
0.139731348948419 0.349336629691307 0.319738375555531 -0.116995452624386
0.310848164031747 0.078085090535276 0.198525574153849 -0.360759952320357
0.229319826412144 -0.19535223505739 -0.0650451336659793 -0.427540280670138
-0.00932730518259198 -0.225750997844376 -0.217646853382696 -0.268358187576416
-0.102475588227678 -0.122394225519268 -0.229306979684631 -0.110950686447499
-0.180991538805895 -0.0834347518233604 -0.143033168233687 -0.0134376779592677
-0.205696787678372 -0.0476427619394939 -0.0618695520412278 -0.00884582067213388
-0.222225772022936 -0.017763703299235 0.0555062770325967 0.00738847536526058
-0.206339330513133 -0.102120844162294 0.103973916186648 0.115822863523013
-0.142709814686532 -0.248149639921924 0.123157309264375 0.23420393977238
0.186899176402233 -0.349034240549981 -0.0106855417986944 0.260636766646385
0.402922051011982 -0.0189823685135917 -0.104522316742798 0.211410984058954
0.166917526945783 0.337865960988477 -0.077637509878136 0.195083055996169
-0.225622736367039 0.445531305441011 -0.171760416042549 0.109310845993393
-0.196300366163971 0.383625416946959 0.43538654806062 -0.112053441331868
0.099811771082959 0.286206271685914 0.40873068919236 -0.207016718315856
0.230498406081205 0.0901855498011575 0.199844158589038 -0.444803561290913
0.198503521109205 -0.111833393381184 -0.102691174506469 -0.463413612157452
0.0288113707808889 -0.163192858018537 -0.258906844317747 -0.276950471504201
-0.059359275816256 -0.0988445255061108 -0.269057116359147 -0.128910225446857
-0.138362922077315 -0.0769412196535764 -0.202669885711289 -0.0380372512105905
-0.166363280767739 -0.0451274229197123 -0.128292511669152 -0.0212098210538876
-0.194452956544398 -0.0221072761835554 -0.0247266214211083 0.0110255978436702
-0.185110341214584 -0.114499131045756 0.00868269810118151 0.103119299593101
-0.0984724998185987 -0.254604320715079 0.0254406293615104 0.164645235805899
0.237762209477734 -0.291751604154675 -0.0241912060674018 0.126413782620318
0.379221064957981 0.0598604378813005 0.00270976106454666 0.129227460538564
0.105366583959263 0.342267571670459 0.00502248022519672 0.198619123208407
-0.222261722941567 0.399708040422732 -0.0737822266126287 0.0241270435986364
-0.134785810601633 0.286287697529134 0.52449862398322 -0.177821696761844
0.0637581629871472 0.2058353678312 0.44643429155286 -0.298649182564719
0.150905721571241 0.0885028580031987 0.171601485637452 -0.486255547950203
0.150508170642242 -0.0436149400675117 -0.131407038332459 -0.459919011745189
0.045282406795234 -0.0980581263343984 -0.278326985634667 -0.269435132352507
-0.021819612820532 -0.0652757454971513 -0.288758316949403 -0.143177349391732
-0.0784301319800267 -0.059192623866753 -0.242698980919658 -0.0606294609128503
-0.101301468600026 -0.0377137376989639 -0.175376498041317 -0.0252286011855547
-0.130688993200152 -0.0250704532260726 -0.0936291036685869 0.0150171787563104
-0.118167907855647 -0.102448573929145 -0.0691939006862279 0.0740555318507112
-0.0284388548153219 -0.193854427455685 -0.0305275258864571 0.0730833917953572
0.218454726241335 -0.159230590828099 0.0236019267101883 0.0287714303245235
0.2481235541179 0.11372581648914 0.115790966713797 0.132109762686356
0.0227026052688819 0.246772393747486 0.020696530608082 0.233945349413616
-0.178420776758573 0.269762111382443 -0.0114416807997641 -0.0572312156450042
0.0105220821046261 -0.0660496659986254 0.0329457535266301 0.195133802259356
0.0166536143504815 -0.108535078100424 0.048824871809797 -0.173295153657722
-0.0620001900959318 -0.0923053346302491 -0.156831948046525 -0.182490580054893
-0.0994367336588073 0.00138746565296562 -0.0987152950530096 -0.0261481366388169
-0.0194280871181209 0.0556743899398287 0.00492492725057983 -0.0219264290704706
0.0380143592639207 0.0313726860889617 0.0588972056273591 -0.0147197441519646
0.0434111759713593 0.0103707218467663 0.112489271490797 0.00334220761381907
0.0319158802320563 0.00596542540613382 0.177665596849677 0.0314465115524427
0.0112653923525832 0.0231663576174312 0.267649314719409 0.0680573784394
-0.0192054034883792 0.0186713168079995 0.297256351991612 0.152985427942413
-0.0521845864553923 0.00727385946217789 0.289581414831421 0.25910600315018
-0.067796276101021 -0.0272608543313271 0.162596037517944 0.413761280875675
-0.0619865791386911 -0.0587894371683604 -0.0948454553185265 0.488351427337716
0.000911214234514487 -0.140151041296816 -0.422981528225425 0.372471901509988
0.085979301274874 -0.149124466849756 -0.610887926843245 0.238497067745802
-0.0633092346554417 0.145133440520099 0.0183356784319194 0.179862023488655
0.0947125812837577 0.10083818667164 0.0434279661137885 -0.165927801716439
0.136987909564874 -0.0397716143604805 -0.164804703467564 -0.190418776678897
0.0371576407000488 -0.144586367421975 -0.124730887379065 -0.0325167783059803
-0.0692916341577297 -0.0891593017678986 -0.000338733127808855 -0.0126305534988639
-0.0572771958460375 -0.021129533214818 0.0508600581987109 -0.00630322675820981
-0.0574960142988372 -0.0050288865670877 0.114339941989858 0.00987977104211382
-0.0565833366760571 -0.00523511640186692 0.171750750625987 0.0295340279240714
-0.0606414179803157 0.00922863007538819 0.261712920681493 0.058560137426291
-0.0569456190360833 -0.0198772270799396 0.288752182031324 0.139723212527776
-0.0564391053390693 -0.0472229972208668 0.296764523654408 0.24060156557446
-0.0138268405017463 -0.0816711773472702 0.183396843837014 0.399211655809424
0.0210687595055094 -0.0509287646822391 -0.0741656001768741 0.4931341142712
0.0308392025551024 -0.0463922652621472 -0.375653519583065 0.4108844664477
0.00596374331751503 0.00605462519878545 -0.584503958043196 0.294712824662123
-0.128405240332958 0.319857280233926 0.0334777273528473 0.128543863809931
0.157286986786771 0.269352683413809 0.0389243511041235 -0.130868083529394
0.296620938755418 0.00797765619936367 -0.108869924115418 -0.176321924701952
0.155512009169873 -0.253548562060078 -0.103618137520537 -0.0907102096791186
-0.0962132121894119 -0.208780161650852 -0.0317655060990932 -0.0641008873480241
-0.127909543486557 -0.0735734232407825 -0.00388394582306132 -0.0230891918786965
-0.143040699018855 -0.0253123502796495 0.076434939385636 0.0164489033039258
-0.135041149371431 -0.0152635852650736 0.140039803442532 0.0251472688922811
-0.125344182192276 0.000734008213603303 0.23733981812277 0.0372392093123515
-0.0975402124410061 -0.0468369099037335 0.275057166862939 0.117738243404121
-0.0745480557324642 -0.0955647479098249 0.304727332495931 0.228916115280925
0.028510938925257 -0.149806519626693 0.188489846850074 0.395150191816197
0.113515490586701 -0.0589129301698626 -0.0753262443193271 0.486655397410416
0.0789174694502586 0.0531979824271648 -0.319616681809262 0.402249869404898
-0.0654259193426219 0.169791876175307 -0.511095103576857 0.309351192100026
-0.178002495065084 0.427352097590116 0.088079462963897 0.0680337741362796
0.196106636230442 0.358204740857038 0.0831734424099174 -0.0852857139288234
0.380984966350872 0.0283395635751487 0.00335916506811136 -0.190361880174982
0.217244716317666 -0.307560595052001 -0.0697279148677879 -0.200542684699142
-0.0976859664287515 -0.269242891945748 -0.0911496487763706 -0.148242093219375
-0.157961191372217 -0.108795274414339 -0.0872943207619134 -0.0522259886599529
-0.195068957612558 -0.0464198354617373 0.00982187278617235 0.0171504942570121
-0.191876365631525 -0.0238051497589053 0.0843735853908438 0.0169393020397067
-0.178862293345206 -0.00247346685415457 0.193230040377846 0.0149497835254776
-0.143760404944023 -0.0616938144879415 0.247386924399404 0.102376185205961
-0.110249744139952 -0.140935420734659 0.29236568790003 0.2318951279468
0.0609616929975852 -0.235902507742966 0.157080193920348 0.391555895526633
0.219390853009032 -0.0804771841951506 -0.1011365183597 0.444592764653115
0.139555600687911 0.157644443957476 -0.25318399404968 0.34458581803851
-0.124175044120731 0.318384700805139 -0.404900632373357 0.278194214489092
-0.206208760538852 0.472883943971845 0.185301676464632 0.00486132425796178
0.193626385489691 0.37456271159109 0.189044819484433 -0.0772960655635439
0.378904386468181 0.0411800909456003 0.115801649282965 -0.266930042175679
0.230652937373105 -0.287854185145915 -0.0645743374552526 -0.327315609741914
-0.070248446610939 -0.269543631645229 -0.168653421030098 -0.220162796358717
-0.146551735829692 -0.12360697444576 -0.172928118487104 -0.0785922906587815
-0.209607786654849 -0.0645136215433655 -0.0687357909087741 0.0110433826794248
-0.219933380997845 -0.0308975686286729 0.0124580695023942 0.00564536640419595
-0.215078990419034 -0.00291644559653925 0.130008805144875 0.00153005208687882
-0.189010995726823 -0.0732916767819203 0.194796338492039 0.102708792963736
-0.15007206201241 -0.191794200870692 0.237187179162956 0.240387083127527
0.1016729582653 -0.324915161017135 0.0831545149501219 0.355243095881156
0.329727417979858 -0.0872342317935344 -0.123427800552823 0.34731961495555
0.186426030423432 0.258047090517728 -0.165670515210792 0.259704937309433
-0.168902850075772 0.426956429971161 -0.279879463652898 0.210349979787202
-0.204971867221808 0.463191596731004 0.308820167008599 -0.0664804981117434
0.160559273651371 0.34328542905304 0.307973234713719 -0.13469303792296
0.320419356694739 0.0609604492718509 0.170417389626042 -0.374877622210544
0.221326957157605 -0.213927093815194 -0.0972205400040328 -0.419264894759588
-0.0229439597248212 -0.227472846611711 -0.236700567247859 -0.255460276371661
-0.109155331140186 -0.119490217745643 -0.239321772747584 -0.0974559181334173
-0.190309382188585 -0.0721431943677029 -0.14536293804041 -0.00414953661185702
-0.213370773283339 -0.0346948709518398 -0.065095778200237 -0.00559469256576132
-0.223741135404841 -0.00452976948589169 0.0539581976531036 0.00208054440248484
-0.213715267093783 -0.0895819224411801 0.114447772998923 0.110171380233989
-0.159494952173741 -0.239227951125231 0.139556334272866 0.22490532964183
0.163166624296739 -0.367087769851199 0.00380124667078632 0.26088871729352
0.405596156205447 -0.0470072959228423 -0.0923244307669048 0.216232709100228
0.186544442103766 0.333709285378406 -0.0575843908608668 0.196628443046285
-0.195929159483529 0.468912730940757 -0.159726445564863 0.122299653289486
-0.17183608806682 0.40376994627838 0.427542525114595 -0.144879702927772
0.116771397032096 0.282332509819639 0.390196941881317 -0.233221798942731
0.239870006022086 0.0783469554837712 0.165118365116601 -0.457510383735916
0.196389846725013 -0.127307798046598 -0.136311823969711 -0.451438457086263
0.0196475825958135 -0.167398516261064 -0.276590205468158 -0.259257077670242
-0.0636153997363138 -0.0982255007161006 -0.280249445625146 -0.113266510931536
-0.145031174159036 -0.0684140558252914 -0.207720842287234 -0.0255876863769201
-0.173980684837392 -0.0353667160218359 -0.13377767409267 -0.0125702405412248
-0.196707473477379 -0.0103285711600024 -0.0255438385567381 0.0104033034337572
-0.193924063666893 -0.103093586405937 0.0184409141063033 0.105515739919928
-0.11698590109186 -0.249768792912554 0.0356295092096062 0.162952613129198
0.218868076602712 -0.315130057185325 -0.0212852887032015 0.127174113661976
0.388714121613278 0.0340958630783863 0.0100698955048407 0.123770476902997
0.126240103534595 0.341382727827787 0.0266837264517096 0.192282825874367
-0.195399696090159 0.423553718853578 -0.0655456810377668 0.028028015251989
-0.116046692905561 0.301141537236355 0.516011988880358 -0.217820947361512
0.0760441322456222 0.203153052023769 0.423238534079683 -0.328324049951246
0.159846143657013 0.0804943297862951 0.133859638527257 -0.499024926745992
0.152712559136143 -0.0542669221023315 -0.163370895049134 -0.446536969382914
0.0403280125021256 -0.102472863753869 -0.295009634624692 -0.251213679756056
-0.0242278248728276 -0.0651119142735054 -0.299674700268282 -0.126295914141743
-0.0842525847888787 -0.0542076746197317 -0.249537118405419 -0.0457430688980946
-0.107039347119533 -0.0319044015485912 -0.180923524891242 -0.0148330572792961
-0.131863084863402 -0.0165636771972866 -0.0937694357727591 0.0200111432506677
-0.126673728403081 -0.0958797408850879 -0.0615513986213534 0.081938671527728
-0.0418888532713106 -0.192906447597583 -0.0261586629195008 0.0754319902464004
0.208378417493092 -0.180000142080667 0.0199991126451056 0.0236454917164042
0.261144948964989 0.0972548929955025 0.123871632972817 0.116038241802945
0.0365275811818747 0.250896924019131 0.0465527369880712 0.227292123632618
-0.159820717808184 0.28912521124547 -0.00868284200769099 -0.058310097035558
0.00592362155776858 -0.0650369613672762 0.0388719209452576 0.192432024942287
0.00508215916842905 -0.109378487692452 0.0271294153706067 -0.16311300474341
-0.0687339766315389 -0.0852508233777523 -0.166688196610078 -0.156998900329169
-0.0984962398956299 0.0111742512232666 -0.0939927954890158 -0.0133970198112432
-0.0161787213552264 0.0563029773807562 0.00380662804243331 -0.0228179536100127
0.0395293349025618 0.0278056045417502 0.0538714625471337 -0.0221559619981291
0.04326033994432 0.00724456211251043 0.109346440022364 -0.00460341100542718
0.0312043211777129 0.00254802505028487 0.176366738977126 0.0201011050151374
0.0130844508942494 0.0220606119204204 0.266300937376601 0.0475269290558943
-0.0180830434385695 0.0206268046803574 0.301548646798396 0.128232270662285
-0.0515573618545547 0.012468661314243 0.298114629409704 0.232085632378841
-0.069464139392796 -0.0218327700585008 0.185446847791814 0.387413396068915
-0.0626468111394952 -0.0530358885441898 -0.0572458941901475 0.476727333461836
-0.0103850813970363 -0.136268740246592 -0.381187363042577 0.392331514181659
0.0721991666244796 -0.151158714341024 -0.578412721238634 0.280774852790079
-0.0500974587548927 0.148470323531807 0.0233142904282246 0.177242949242443
0.0968844275035698 0.089945924482801 0.0224813853689697 -0.155465900017697
0.129451115726278 -0.0484507627743848 -0.17648295619649 -0.164593778903203
0.0241838466714458 -0.143485425213236 -0.119910025148527 -0.0170223405455145
-0.0751955037826657 -0.0808775632367253 -0.00135555834871997 -0.013860849805597
-0.0572889143626937 -0.0164250647542155 0.0479210089233859 -0.0128205698834261
-0.0572932808706415 0.00052050083533076 0.111160524777986 0.00145141022897071
-0.0566484502288573 -0.00165598438683348 0.169952491885483 0.0183534031443735
-0.0578165780220855 0.012491735770266 0.259249829795954 0.0385902593513278
-0.056918517363444 -0.0157028569377974 0.292249096521825 0.116391979135005
-0.0578901174591981 -0.0416804968928201 0.303584640525295 0.213487505733449
-0.0191858620309756 -0.0791757513604508 0.204463946515321 0.371537844261207
0.0178056975621267 -0.0506142982537394 -0.0359742089718845 0.481014417801325
0.0234152316810852 -0.0454011074095385 -0.331527903959669 0.426254540759404
0.00516609957915522 0.00666297932922241 -0.546858215186902 0.33462760000255
-0.101201218855723 0.324440375062753 0.0352356168622683 0.125934862688898
0.169734482490194 0.250989455008314 0.0215366100513646 -0.120039916216555
0.289807784285671 -0.0132327488071742 -0.120937891104947 -0.15550214474244
0.131944620194853 -0.259506817263153 -0.104851939140433 -0.0755296096828117
-0.109181082037847 -0.195575106239018 -0.0360570580744276 -0.061867095902948
-0.129723624122559 -0.0634430853388621 -0.007100416193371 -0.0234393542661427
-0.142002038245024 -0.0147399053300692 0.0739408873220724 0.0102770788365964
-0.135292957990147 -0.00593387697966699 0.13834413340277 0.016114665575067
-0.122133267715506 0.00767746535745048 0.233224328820369 0.0189397253109496
-0.0984475626121713 -0.0398159723004062 0.276485506571567 0.096272053855268
-0.0779480813385534 -0.0876547003099371 0.309603245482883 0.199824156295013
0.0173709623985293 -0.149240189141946 0.209244550502478 0.368438758453015
0.107428046008606 -0.064924046285766 -0.0367620473653565 0.47471526476577
0.0766704911736004 0.0501802124573037 -0.276881724387753 0.412144570111259
-0.0530592177259962 0.171383206028057 -0.473323445815805 0.342590283615447
-0.141964136906768 0.435728398519469 0.0846697160099924 0.061312345867465
0.213598747895656 0.335486466251601 0.0689857475573921 -0.0804983248109014
0.373982961238651 0.000654684769611892 -0.0135196116873263 -0.178302890137153
0.190025780799841 -0.317302779093756 -0.0815211035675708 -0.184159929130993
-0.114217920259243 -0.255730109019937 -0.0998824961045528 -0.138714976689268
-0.161433630942337 -0.0967791921293335 -0.0905826099907747 -0.0453263263131709
-0.194569029598113 -0.032383205140177 0.00918747038608111 0.0157288754066354
-0.192504041046014 -0.00986506913290286 0.0830315252529812 0.0119415841358539
-0.174745594582866 0.00815015160785696 0.187844643199635 0.000273613421258645
-0.143920972659955 -0.0518437827423909 0.248688626841916 0.0830577557289105
-0.116417061846148 -0.130402868949834 0.298928818931374 0.203690288216542
0.0422232418931069 -0.235925953935413 0.178457677734312 0.366903545456188
0.209237786901516 -0.0931543696938959 -0.0646686219509212 0.43760915130282
0.143686622992654 0.147474668090256 -0.216074768925393 0.351080942526755
-0.098681219648286 0.321741988261105 -0.370453288969558 0.304008404648554
-0.167778969323105 0.481390964086014 0.176319682514438 -0.00859391077038456
0.212489347464356 0.352950700455745 0.173449821316383 -0.0818606922558223
0.374160085080564 0.0152568525475429 0.0902159695264992 -0.26370371477827
0.206531758127953 -0.297985341716515 -0.0878837399820198 -0.307915962132178
-0.0871331864549566 -0.257386966020309 -0.181342276110846 -0.203027151892594
-0.151120729779767 -0.112644716222678 -0.175889389649121 -0.0637188123734111
-0.21064445036718 -0.0478367721211572 -0.0678238333252445 0.0149672336385135
-0.220020953888278 -0.0146678786890346 0.0105104522920579 0.00551022354336634
-0.210599848362305 0.0102698161587866 0.124246421707543 -0.00901927790461886
-0.188144840808973 -0.0594665323445191 0.198402387116231 0.0867154745007273
-0.158580560338491 -0.176660716320135 0.248442453781063 0.216184233155776
0.0752426025646247 -0.326573303508414 0.10421786190263 0.339288518291004
0.316429284804818 -0.109236160464842 -0.0955782545199163 0.346009319501972
0.197154796506458 0.242437353399204 -0.136974524483761 0.260740655669804
-0.132739724125631 0.431370845687958 -0.253486652436713 0.227685770168911
-0.167033508407085 0.472604640392612 0.293618368224199 -0.0878968732519839
0.178321392390327 0.324630491771122 0.285668723847417 -0.148694189891514
0.318419964865606 0.0384989534703945 0.134430429116459 -0.372703769967575
0.203436707687254 -0.22558868156914 -0.125582337892456 -0.395142008739186
-0.0364593363337912 -0.220466575241056 -0.248305165145033 -0.232021898216999
-0.112932355544863 -0.111040090019402 -0.241831445087244 -0.0776106591089667
-0.191625449490124 -0.05717951626031 -0.143153201833913 0.00564194467834368
-0.214491635731124 -0.018788573648449 -0.0670259661545294 -0.000134509479973886
-0.218834149769804 0.00960686248061926 0.0499185825447536 -0.00339000591143631
-0.213818373986156 -0.0723125053498879 0.121720294597174 0.100255052653275
-0.172358598233196 -0.221083982152206 0.152660855076591 0.208537090529994
0.130901713978253 -0.373341547854853 0.0188732383600857 0.252658300707157
0.393320795527051 -0.0774674354970629 -0.076063735005285 0.215103886040666
0.203962840726269 0.315418436862408 -0.0359295309059747 0.188779553086791
-0.155667567814684 0.474397417102322 -0.142125715705135 0.130808277910574
-0.137907154187801 0.412124834513428 0.405870948419103 -0.175099226732679
0.131953018276122 0.269070773003277 0.358205815020472 -0.252521593864195
0.241837599003169 0.0609381290673357 0.12213610110195 -0.454394314178639
0.185860174871327 -0.13934695870546 -0.165367120841906 -0.42550465622238
0.00897185572772804 -0.165804369656959 -0.28572032094514 -0.233589421112149
-0.0665481981146427 -0.0937093798883368 -0.282363215798856 -0.0910022933316287
-0.147499563572015 -0.0562461874569145 -0.205986698969978 -0.0115754120943301
-0.175353639243117 -0.0223037085435127 -0.1339623956982 -0.00381595404430305
-0.192248910228423 0.00204910952556032 -0.0259313957731592 0.0111093867022649
-0.196525309109511 -0.0863575633066544 0.0288430872118991 0.10319674656316
-0.13211033558409 -0.233814022436365 0.0462261623708234 0.156050999867004
0.187956425642876 -0.327737122023869 -0.016957710604897 0.123702438850799
0.384059809355447 0.00346868162193963 0.0172890408228025 0.115000438943009
0.146324263456137 0.328058389823099 0.0475433880366255 0.178065438378559
-0.158117516673621 0.430371775172571 -0.0564455388345861 0.0314496721151701
-0.0899410712039024 0.30680455838995 0.485320851122786 -0.252303383326415
0.0868617180839316 0.193350947868244 0.383182869664528 -0.348729133520029
0.163583733112183 0.0683584818753009 0.0883551206945275 -0.492185295178032
0.14819811131044 -0.0655346991477279 -0.192455202638069 -0.417871468974426
0.0336257530783029 -0.102584838534148 -0.301680163071692 -0.224354809516721
-0.0254596916176487 -0.0625652889367701 -0.302641825607806 -0.10288548272249
-0.0867437873660264 -0.0462165792457314 -0.248151787730251 -0.0280456929602739
-0.109176650922652 -0.0236907370156015 -0.179660438766545 -0.00218795715239783
-0.129545122958105 -0.00782501637571871 -0.0902499530109311 0.0246924997201685
-0.130379450092551 -0.0843447707096991 -0.0505229898573536 0.086011308385626
-0.056449343851777 -0.185810440177147 -0.0208589965746096 0.0762586576563042
0.19026508246062 -0.194932927138303 0.0151580499222306 0.0191520238523295
0.263964483654834 0.073150204844682 0.12715370212004 0.0956716447846814
0.0535711151610555 0.244850256725244 0.0694024116473784 0.210203345407706
-0.13239308869605 0.297213656395382 -0.00657004420363826 -0.0586942453562657
0.00346322163702253 -0.0624185805304217 0.0391407556797292 0.186058102087279
-0.00393941864674968 -0.106848586409324 0.0111851351091703 -0.146462044974419
-0.0725159189518795 -0.077373728298653 -0.166706458886429 -0.131030361403972
-0.0948271717580321 0.018743329006769 -0.0851466496449435 -0.00405705285427828
-0.0138652260067493 0.0553765620536029 0.00257652086006699 -0.0227369369834109
0.0390607268253854 0.0241090429576257 0.0476065200018831 -0.0259571984964179
0.0422736509474611 0.00507769766614358 0.103085207179011 -0.0091469549105632
0.0295682627529891 0.000329236370310194 0.170336535373445 0.0129338235997968
0.0146187989533317 0.0203809985459698 0.257095894113295 0.0322984881468616
-0.0173057393288399 0.0215266956563946 0.293929215889171 0.107647566822302
-0.0491413604853794 0.0157044017052652 0.292693093382266 0.206318424027114
-0.0682377471466288 -0.017588425055957 0.19391546137772 0.356272003722433
-0.0608538032583863 -0.0478832592590521 -0.0309974422793338 0.451031550091097
-0.0180050719765766 -0.128573295398105 -0.338186154920681 0.392822975478945
0.0603115675371752 -0.146560564359992 -0.537046623623212 0.302528538154258
-0.0385512355910335 0.14627641746677 0.0246403142423715 0.171824534772492
0.0943704259087818 0.0795329291266828 0.00650811562659267 -0.139224974291409
0.120363553344466 -0.0536067732837189 -0.178058514470186 -0.138062290334293
0.0143891507602182 -0.136331363951442 -0.110700947087068 -0.00524775221797514
-0.0773843364659304 -0.0720981242344461 -0.00120750606848591 -0.0141851919933547
-0.0560757161961962 -0.0138554414807325 0.0426749248083995 -0.016552650040739
-0.054202673431697 0.00302377302836584 0.104337859448474 -0.00342438302975341
-0.0562460051740716 0.00130404717253927 0.16353215364397 0.0111570519759136
-0.0539475131465222 0.014316515124086 0.248998815223427 0.0236694022322844
-0.0555993796126926 -0.0121353572401796 0.284686381885711 0.0968078553823279
-0.0574170986881708 -0.0368387470692833 0.296926242431198 0.18813966771268
-0.0229684049134575 -0.0751563920607887 0.211116418911531 0.340749485386883
0.0156360982457017 -0.0493133606706425 -0.0106799994917963 0.456227058836271
0.0179397869804651 -0.0423123216467075 -0.289598325575135 0.419547985938613
0.00475269717933713 0.00726781658897625 -0.501258010184621 0.351570786699203
-0.0778726931032214 0.318877164590745 0.0336841979416831 0.121617562476489
0.173467033777954 0.230622836053507 0.00799661190192396 -0.106247403911113
0.276045607633223 -0.0283050286574596 -0.125035982612571 -0.132725677955653
0.111752721319713 -0.254382774651124 -0.100333396632146 -0.0612356992427157
-0.114790952035364 -0.179561437753075 -0.0382039884236528 -0.0588192600323957
-0.127072924984863 -0.0547196793479852 -0.0100980420435223 -0.0226916876303361
-0.136313257717847 -0.00686622445389099 0.0697889539079565 0.00696933264486714
-0.132155715033345 0.00155199173098711 0.132185488807451 0.0107195197317795
-0.116055469993274 0.0116800182619667 0.221936756981134 0.00646155275488331
-0.0955651247545161 -0.035096484407194 0.268349427664157 0.0786609909524096
-0.0775181903042948 -0.0809902098763235 0.302279121677632 0.173754071868695
0.00913475915689277 -0.143788003011547 0.214856181534066 0.337435447630911
0.100599595878132 -0.0660940285950441 -0.00949797027707801 0.45086578121277
0.0724631993475761 0.0473254931558357 -0.238183851011647 0.404488447215824
-0.0418327916311835 0.167956591333211 -0.431296072715609 0.354845172290961
-0.1116101899324 0.426286805491875 0.0784612166847985 0.0566313639838679
0.219681846273599 0.311162242189909 0.056449279078834 -0.0715470358501608
0.357628979960753 -0.0174381405163645 -0.0241280935968902 -0.162076104377357
0.164554962296881 -0.312942776022279 -0.0848371740263394 -0.166144685054692
-0.122391604701228 -0.237188384915726 -0.10425771487168 -0.128317556942124
-0.158355963015872 -0.0862780210699289 -0.0907654035834799 -0.0380840488719627
-0.188376183125482 -0.0213906233533706 0.00762740754700726 0.0157532386583172
-0.187044283118015 -0.000292863251849955 0.0789957054785991 0.00871479927560844
-0.167474425958748 0.0139168980779565 0.17698503862217 -0.0091061110693828
-0.139279268718078 -0.0445542714043763 0.241407078011258 0.066639688557623
-0.115357988649439 -0.119127022979105 0.293761018035738 0.177277077646422
0.0280515429641082 -0.22875346540676 0.185984796066297 0.338713156981809
0.195539363652196 -0.0992396459413915 -0.0378850962245709 0.419333810560782
0.140792799099207 0.137902056108682 -0.182793294626618 0.341937291363093
-0.0777788883799998 0.313466558864376 -0.335523972671729 0.310136460138136
-0.133186674857765 0.473323080996736 0.163230736416592 -0.0167038172863003
0.219480504908718 0.327234500713446 0.156764097038282 -0.0798866551521057
0.359121605247932 -0.00426630877050565 0.0699562910190541 -0.250097415018396
0.181856297266494 -0.296966680072647 -0.0987331867294664 -0.284354692169316
-0.0956149676452229 -0.241638592592608 -0.184988285751946 -0.1851385551597
-0.148783372065328 -0.102621097057053 -0.173084315196093 -0.0514676778045837
-0.204544038696505 -0.0357885616817611 -0.0657345567232666 0.0182865303936853
-0.214092039942506 -0.00189658996700905 0.009334606812078 0.00592320854509831
-0.200341407826577 0.0181778323885159 0.115606813772541 -0.0150479400327844
-0.181718760406147 -0.0490085120336731 0.194645099876656 0.07254462925436
-0.158608859023154 -0.160990084917904 0.246466084632906 0.191481909132174
0.0532827614832966 -0.317052107859168 0.114085456957608 0.316924907967242
0.29717469767563 -0.120584499246354 -0.0729373635907547 0.333373416344479
0.198847808014041 0.224949360949334 -0.111851427871057 0.250362438915368
-0.103687564791977 0.41987951448164 -0.225917848784987 0.229059322586989
-0.133693162335568 0.463877250750551 0.27243732027566 -0.0994601726624211
0.184733034110588 0.303854446164903 0.260928787177608 -0.151136829613195
0.30717422247484 0.0220570047780427 0.105367570995686 -0.356974136465812
0.184091911520193 -0.22749632040465 -0.140226340296991 -0.364929150570585
-0.0444988534481104 -0.209535568201228 -0.249239355523583 -0.208354625216922
-0.11131559994325 -0.103686268022631 -0.235718088218603 -0.0612826889116844
-0.187144483665988 -0.0453160185176129 -0.138252323237496 0.0126986232899304
-0.208956380307896 -0.00668400844420146 -0.0657910471781305 0.00448780038145764
-0.208184917637524 0.0190404389454934 0.045287801787828 -0.00617025373316409
-0.206507458922221 -0.0594574674425507 0.123370852444209 0.0895998669089457
-0.174991038534444 -0.20172228807595 0.155769088677228 0.190001959109768
0.103554279620792 -0.366036566907862 0.0273788435606922 0.239367666507145
0.371838648549188 -0.0958375320513844 -0.0621999050386369 0.206674389929958
0.208991054635964 0.294823074933788 -0.0186722870993861 0.175470454745417
-0.12221523244549 0.464166602617095 -0.123331239062001 0.130571154406119
-0.10959932952978 0.404558426512079 0.375467628238647 -0.188693663544374
0.137672932731224 0.252386203220902 0.324634809936928 -0.256027638189493
0.235686911589969 0.0480215936896682 0.0892555714816224 -0.43477489001655
0.173101769707797 -0.144145183787578 -0.178999955894167 -0.390665444345125
0.00283140294897556 -0.159997096135759 -0.281842218462567 -0.207474691445312
-0.0667649987813486 -0.088926603745383 -0.274382607771047 -0.0724641327333702
-0.144684595854585 -0.0461185968299061 -0.19833040158997 -0.00115176884321788
-0.171175397022354 -0.0121632019862547 -0.130709721135508 0.00427707750318436
-0.183053534526075 0.0110679803698762 -0.026127736205814 0.0108125975635532
-0.191352670666257 -0.072655510683967 0.0360365182053008 0.0974164007442276
-0.138237072977075 -0.216422179788946 0.0516534949190502 0.147130550167452
0.159950149821132 -0.32632710091609 -0.0145871679247886 0.119224481790765
0.368182091579237 -0.0198639589732277 0.0199839116531365 0.104490992218
0.156438547890233 0.309217096842532 0.0606239180463407 0.159359513787286
-0.12550421773821 0.423035355312406 -0.0461479070162046 0.0305984363863295
-0.068250692569775 0.301770150762517 0.449160600504231 -0.269563651647691
0.0918047304121759 0.182341341780284 0.342994923143699 -0.348488220206256
0.161107996419242 0.0577787704169373 0.0546939702347331 -0.467571050501767
0.140630868239632 -0.0721447469428094 -0.201919662868765 -0.38190065934477
0.029105506074747 -0.0998635672086601 -0.295467439116835 -0.197870919409408
-0.0250577103754172 -0.0597169644780321 -0.294232513865645 -0.0839452731582369
-0.0851529670850425 -0.039630270577533 -0.240222856870976 -0.0152070081142957
-0.107837790741575 -0.0164969882346445 -0.174107376263776 0.00591559591820023
-0.123653909492621 -0.00128278646787705 -0.0849275420027808 0.0272588452678875
-0.129129807516256 -0.0731274809065594 -0.0398436641552102 0.0862548892614736
-0.0635165320190662 -0.174271361316636 -0.0173505735682325 0.0745874910968793
0.169110356237892 -0.200249288769063 0.00906911970509882 0.0161589095325257
0.258226750335805 0.0541819203020324 0.125036211059497 0.0775451993241512
0.0630862558482163 0.234677687125715 0.0847514526369934 0.187713678327959
-0.108506347773744 0.293637163633712 -0.00267191122460583 -0.0585331630829409
0.00313672387114745 -0.059488364075163 0.0361742474357539 0.181738397556073
-0.00932144175204084 -0.103823800111025 0.00157068005878916 -0.130278034713262
-0.0730202314554908 -0.0719319370070491 -0.161789982317978 -0.1116299618733
-0.0915509986051171 0.0234077617250179 -0.0761807719596188 0.00209238365369457
-0.0127222373419391 0.0556467818546135 0.00251566382538048 -0.0228698452032152
0.0376008480347993 0.022551938250719 0.04200900920142 -0.0281537779965726
0.0408192602628835 0.00307835547303829 0.0976814037938037 -0.0107095469179578
0.0273539821795752 -0.000576274478892191 0.16421300046759 0.0112263037630005
0.0143966379392412 0.0190243680178724 0.246262455301828 0.0260053586110808
-0.0166880012144475 0.0218599623775519 0.284646776965747 0.0973367494111326
-0.0474702916927052 0.0172410265744157 0.282041268168551 0.190121349413915
-0.0667172434526328 -0.015434748712072 0.192316170959072 0.334234056521691
-0.0580311692613826 -0.0450204405933011 -0.0191125755304533 0.426913740653056
-0.0211501411340565 -0.121575009599907 -0.311606306293061 0.382781769917205
0.0538614362958307 -0.14065127860552 -0.503572860255064 0.305225794706022
-0.03090316151991 0.142537610546776 0.0210092601261503 0.167514464689187
0.0901818741428179 0.0732146064076157 -0.00258059103562225 -0.122689880453919
0.112746191642091 -0.0547946451415206 -0.173007901494333 -0.117802100864453
0.00904613624598474 -0.129848773204604 -0.101505591993717 0.00176393797641031
-0.0769326083400684 -0.0656073207907945 -0.00123396428673851 -0.0150308329147159
-0.0537954971713451 -0.0117193711036052 0.0376895166815221 -0.017894844655692
-0.0518639250466708 0.0040814395835758 0.0989345354488932 -0.00441102064325123
-0.0552278032943624 0.00290156923842535 0.157466646622687 0.00971956986094474
-0.0514439947326736 0.0139408436758676 0.238361494088753 0.0181725135373749
-0.0538920163369615 -0.011143223343263 0.274737148387669 0.087732190298263
-0.0557399836614235 -0.0340028969540963 0.285709879236606 0.172355980266941
-0.0241257342435129 -0.0718258263825851 0.206360200813923 0.318196436637032
0.0147428516034461 -0.0472711538072432 0.00262764294430328 0.432340264512322
0.0140606965563953 -0.0385602640074761 -0.262710231746456 0.40706331122223
0.00440317656235917 0.00724618694785834 -0.471330892482606 0.352208999068234
-0.064456982229497 0.309030031166488 0.0295061401843052 0.118472435422636
0.169635439623554 0.217013769491973 0.000173334806853005 -0.0918437623199153
0.26248593625979 -0.034962676700084 -0.123027486638238 -0.113936548502469
0.0994066289379827 -0.246861726318085 -0.0936744132979759 -0.0516269173636823
-0.115894458690886 -0.167759226148487 -0.0385035415329593 -0.0557920226673708
-0.123365885433823 -0.0504605999139655 -0.0125342801405123 -0.0217367735109464
-0.131107451104478 -0.00318801336099021 0.0657561292398474 0.00571600247954808
-0.128612167640979 0.00531557003120692 0.127293896498013 0.00975729819907435
-0.111612406718274 0.011929769934734 0.211397934058945 0.00225946890118366
-0.0923696119206982 -0.0328463662590295 0.259334789451092 0.0697117179288873
-0.0755890801495409 -0.0767401511338777 0.29105780704298 0.158921622108634
0.00581980366181971 -0.138232094178359 0.210404608790055 0.314151125493426
0.0953787441373481 -0.0650463610604617 0.00279926974604489 0.428017256256195
0.0675229697609563 0.0466482761889322 -0.212855015171848 0.389210146053599
-0.0358752978200743 0.163116556429543 -0.402284470072111 0.353278688995839
-0.0934963245188499 0.415006691584515 0.0707178112970166 0.0540793853165566
0.216439316936216 0.293827547809972 0.0479541962987798 -0.0607898556102345
0.342644348146684 -0.0258625593733896 -0.0278252047464123 -0.146348917307208
0.149795582635555 -0.304481529841165 -0.0819284021589498 -0.152844412985928
-0.122909501426157 -0.223559724856834 -0.104236958059791 -0.119998376379958
-0.153721407446181 -0.0801157585672966 -0.0898193115679051 -0.0332518032680402
-0.181075467954435 -0.015980867732597 0.00683525411905482 0.0156835563304432
-0.182009700618584 0.00563636659702156 0.0749789522004981 0.00892083596867094
-0.160341344589092 0.0155587294370505 0.166248468991055 -0.0127419294943165
-0.132665969153031 -0.0413694660893847 0.233309169251747 0.0579595198086193
-0.112300295407451 -0.112450456384025 0.282419303737914 0.161086975707095
0.0212059501198377 -0.219723540752673 0.184850017426584 0.316617889903466
0.185911980406532 -0.0987647550682456 -0.0259889257113939 0.399380385268946
0.135575055787087 0.132502543666539 -0.163215269221264 0.327799453603706
-0.0659971428464836 0.304622721476146 -0.308900609029302 0.308054200854994
-0.113626405429394 0.459641119276042 0.151734816781308 -0.01887377093193
0.216169098701348 0.310532391893547 0.144277945226869 -0.0728891194701832
0.344373048879047 -0.0124091155992445 0.0592740825349515 -0.23365296786885
0.168351746065467 -0.290121566810535 -0.10014662538774 -0.264766438111136
-0.0959616430893758 -0.230004704611837 -0.181825426549805 -0.172099522375653
-0.144275574947862 -0.0974022848898475 -0.168270674066145 -0.0435596902415155
-0.197483471315184 -0.0296917973569473 -0.0637786811936688 0.0202428849085041
-0.208399334044761 0.00397011404857139 0.00741729092715773 0.00744421328923518
-0.191864474988611 0.0201087357122933 0.107174431741985 -0.0165459837707748
-0.173389574939693 -0.0449548697267443 0.188857890355951 0.0647408854738606
-0.154311932731835 -0.151064063517155 0.239350991713579 0.176222040294713
0.0411221142380232 -0.305202217372061 0.114695023950318 0.299461922621196
0.281878215587622 -0.123421419790948 -0.0603449241138082 0.318241310595905
0.193643608774465 0.214907068585224 -0.0962582593529683 0.236944282061892
-0.0881969248048979 0.408033799179719 -0.20702664899176 0.226184255774341
-0.114598054434812 0.451090817428298 0.255192393743593 -0.102691858045052
0.183059912207403 0.28809651690241 0.242324692942048 -0.144806439756274
0.296317198208915 0.0146958283205382 0.0893495826901754 -0.33834474186945
0.172640969506303 -0.223756846437425 -0.141084485953954 -0.339556999874126
-0.0459245090835321 -0.201634910698016 -0.242750771620384 -0.192359851440451
-0.107651681694611 -0.0998528747367269 -0.227795198241464 -0.0517866030234423
-0.180820099997057 -0.0387367062457918 -0.133678429839195 0.0156474809323022
-0.203290254058082 -0.000197077465141845 -0.064920844074871 0.00686920031525149
-0.198987539475458 0.0208689866106095 0.0401262444474241 -0.00700796019541792
-0.197942280933387 -0.0530424425896202 0.122099363914288 0.0824344475016303
-0.171563716380086 -0.189960831525773 0.15280990493589 0.178022813721839
0.0877159821464793 -0.35466100194222 0.0289356035039903 0.229248715517027
0.355120277334078 -0.101624553465874 -0.0547848579690871 0.19717591911855
0.207405796995867 0.281155011999613 -0.00943315470908172 0.161300508543281
-0.103716768113578 0.44907860451444 -0.110731454509638 0.127485760695807
-0.0928740371779999 0.39420801030232 0.353595019779162 -0.19155657282322
0.137205147832405 0.240927608392493 0.300017839230301 -0.247913246492979
0.228609955205688 0.0413732635360154 0.0715404152397432 -0.410915715262295
0.164610666771236 -0.144800662585812 -0.179108795711821 -0.362659063266408
0.00147413833666763 -0.154680010872581 -0.273083806155339 -0.191657567693745
-0.0633706874925694 -0.0864659591505857 -0.264849375524249 -0.0623223310469036
-0.139937567438151 -0.0404363305589293 -0.192164639736256 0.00390902139750542
-0.167231608062888 -0.00679440385697206 -0.127682803449248 0.00777063023898008
-0.175214990758766 0.0133640134019982 -0.0265836223079743 0.010481954982617
-0.184701321773641 -0.0658804455735864 0.0398715299670753 0.0926559140911526
-0.137755561539625 -0.204265525175279 0.0523702319727865 0.140281008098734
0.142835954486108 -0.319671547221407 -0.0159903440456109 0.1152269344597
0.352715704247621 -0.0302157362062716 0.0203017978841591 0.0954182988845621
0.157391546153745 0.296187301242665 0.0672647471719729 0.14261938662304
-0.107734175177431 0.410106168747321 -0.0381430851922711 0.028674976591895
-0.0558364675804992 0.293312682097339 0.421027944245296 -0.271976943662975
0.091857810286234 0.174532632641085 0.314396045649421 -0.338411330367782
0.157339732607647 0.0523726439451126 0.0367936351534101 -0.442409031591187
0.134949554074623 -0.0740734403279605 -0.198752251114384 -0.355494041334852
0.0274887361135088 -0.0980905617580713 -0.283664692357364 -0.183376205212747
-0.0229015421385696 -0.0582400911590197 -0.283567803394838 -0.0739446928785679
-0.0827810127300322 -0.0348374257708445 -0.23208416888769 -0.00953978310074968
-0.105585777587245 -0.0129330494002227 -0.168995710764281 0.00979009556857789
-0.118210521948353 0.000957429041829679 -0.0817759389349707 0.0272266536757335
-0.125482176788093 -0.0672078472090381 -0.0320347891320786 0.0841067719648706
-0.0658646887104934 -0.164926543160413 -0.015405668900496 0.0730439447821652
0.154198108581461 -0.198387563536265 0.00353967103141154 0.0157047022373307
0.250636622067476 0.0436172773579584 0.118729526614182 0.0647196553961356
0.0663890724806986 0.227080272210609 0.091878716420907 0.168903662471662
-0.0935966459359182 0.287228800195874 0.000880731993871503 -0.0587361284256575
-0.00680680969223429 -0.0553593020897765 0.0706617853490232 0.177892141141111
-0.0342087632082569 -0.0955909944800103 -0.0221424208526991 -0.121714878982349
-0.0858981316996353 -0.050252820338801 -0.174929303443168 -0.0767144001574378
-0.0806852967268252 0.0448456812352222 -0.0731017874746277 0.0112786336684527
-0.00221687734409146 0.0574488748702403 -0.0043698140605279 -0.0228269515636251
0.0391456001305018 0.0135279401112371 0.0327426513984386 -0.0332958533694243
0.0391346836025024 -0.00666808929559146 0.0923379862980131 -0.0230445728383537
0.026030192348087 -0.00551517532308855 0.163113106555297 -0.0181396821044936
0.0195253244263297 0.0147308456185323 0.246378713019381 -0.0208888517568105
-0.00983583818052983 0.0267263554697448 0.300174544889778 0.0375815519311013
-0.0390277560135051 0.0289078689080732 0.314017666289381 0.128703850837134
-0.0685041343355519 0.00430705194840147 0.254536127976062 0.28384201911743
-0.0655070982630567 -0.028796974985489 0.0703520493834688 0.41713958346263
-0.05216539476432 -0.10977491880555 -0.21667528689732 0.444424953885106
0.0159516116901099 -0.144030477309578 -0.428834218067929 0.409611398686353
-0.000315824122353417 0.138259359121159 0.0425734314297925 0.173616342116795
0.094632571472067 0.0494759405516283 -0.0291519012068413 -0.103382905175288
0.0901333454863981 -0.0730234634849827 -0.179673245411753 -0.067507760998441
-0.0204751080401556 -0.11909431344802 -0.0832472419220664 0.0199499380268816
-0.0854967304442634 -0.0428651828198559 -0.00491385355209076 -0.0227266283770932
-0.0527750011179477 -0.00204837841790122 0.0294673504427845 -0.0278309563100767
-0.0465627214635586 0.0128814073367628 0.0924316900195945 -0.0245352951933271
-0.051788671527335 0.0123209951895624 0.156352520118987 -0.0182837655968486
-0.044345299405426 0.0211403508237355 0.23743007292897 -0.0272129840276738
-0.0507620847686286 0.00035253818019074 0.290317023467941 0.0300479165678201
-0.0549470552229607 -0.0187983251965318 0.313242919997324 0.11056343326733
-0.0372150277499634 -0.0566675112974252 0.265424173838128 0.265419823681105
0.00291436097725332 -0.042833545375169 0.0927192839394313 0.419986031190805
-0.00325879330897895 -0.0360322442652601 -0.166166121394737 0.456077169450534
-0.00210092127081015 0.00943435710423037 -0.389411508246246 0.440074917506182
0.000738867697154897 0.298250641159971 0.0316677299149539 0.128000235644715
0.19946167851098 0.168144358160555 -0.0240985369679174 -0.0662679325027991
0.234907609269571 -0.0852309507711412 -0.125367211515852 -0.0639908882181242
0.0378777835044575 -0.248481333454546 -0.0751819348787546 -0.0311496967491621
-0.142132730633544 -0.132432886823999 -0.0468852528091405 -0.0610134615533036
-0.125632448271066 -0.0248538833091359 -0.0198286141069022 -0.025757778851648
-0.122800737032777 0.0231769424822543 0.0610373931942004 -0.0146116837674997
-0.121980539328117 0.0280115093616691 0.125796254591876 -0.013314701171076
-0.101456969177869 0.0294770098964024 0.208011597736556 -0.0375868463741801
-0.0910471034060098 -0.0144695900957127 0.272369801666869 0.0151805632273201
-0.0799798935665113 -0.0554566316656871 0.31623165769883 0.0956894091974481
-0.0213695255275285 -0.124602845037608 0.271629422301019 0.263917954895239
0.0739166207170487 -0.0734512519691125 0.0939185314416326 0.420965097939713
0.0654757434054384 0.0355527434318568 -0.127024746734721 0.426077448035686
-0.0100371292069968 0.167263351208474 -0.324526373542476 0.418976080555736
-0.00613393042660405 0.400946015240736 0.0544245670752828 0.05774612736557
0.25731461976814 0.230016848352647 0.0282828178030715 -0.0418982250970829
0.311618101798954 -0.093668092313215 -0.0353347908712134 -0.108156640586351
0.0718293756002342 -0.314779321816498 -0.0775292811273506 -0.129694587792274
-0.160699343454377 -0.183863203602626 -0.121103321759025 -0.113433094535074
-0.15999356086485 -0.0475821870731342 -0.0963315704810572 -0.024476617481004
-0.1727715554445 0.022071315631317 0.00609778713819907 0.000935069231189264
-0.173098651708408 0.038212660260804 0.074680493368826 -0.0048600945598156
-0.146920033613746 0.0413163249333725 0.161220064812498 -0.0433434571631129
-0.13099694344028 -0.0162437748651846 0.245261553704322 0.00953132164963673
-0.119564495363969 -0.0829487650645014 0.310395863275756 0.09864810542087
-0.0228184015594763 -0.204031465409121 0.247576982323378 0.273201004285045
0.150793964515795 -0.12283495235781 0.0618300151080527 0.4031516796564
0.148509149175998 0.103930425613638 -0.0962247479129137 0.350475933495388
-0.00923107024473224 0.309007123320604 -0.245922249622754 0.346849926318234
-0.0178108885382228 0.447840506194876 0.11849329962366 -0.0326369724671367
0.260361645003284 0.245673898867559 0.121273139475316 -0.0739616951895075
0.315822196372017 -0.081030825197782 0.0303850560894387 -0.211205239692458
0.0915878732408979 -0.305671351760573 -0.117095151761412 -0.233755875233742
-0.137067289105488 -0.195657488914986 -0.204797320674786 -0.147422350473953
-0.154171626154222 -0.0653801924154029 -0.172668734795805 -0.0193493849061111
-0.190662134226187 0.013123637033818 -0.060210864378363 0.0162196575178185
-0.198643250047521 0.0423217248916929 0.00839800096291038 0.00661335346295534
-0.176100266020285 0.0514014329522052 0.102281642001077 -0.0355719492209002
-0.169718565738299 -0.011637809052869 0.204701963664326 0.0225384514255614
-0.166130329471837 -0.110288086016942 0.27199766797947 0.120962931694414
-0.0204244440464146 -0.289530507156432 0.17820198877715 0.272313358304812
0.23583212156692 -0.165639268565606 0.00998725243139716 0.336632056726948
0.223841829332473 0.170719650217 -0.0564193951124368 0.243268797864616
-0.0067880136133992 0.411791637777882 -0.16337560529014 0.240049109527226
-0.0187586506472992 0.439989695497271 0.204971241675811 -0.137896405686865
0.225859324914628 0.231689607966805 0.20403397179745 -0.167711544304795
0.277356824998753 -0.0464641259748869 0.0343678983619551 -0.321107816942617
0.108870807767216 -0.247012787599985 -0.176867924520521 -0.295925029150808
-0.0850624442777804 -0.179527298360829 -0.266049830160266 -0.152289544901832
-0.120684276888441 -0.0747284999553448 -0.231197662264425 -0.0147817896981454
-0.177967443711073 0.0014787921932423 -0.127320287310565 0.0258051896445594
-0.19490113367502 0.0376526803651292 -0.0625072851405592 0.0197145974500886
-0.183424641243497 0.053714539199736 0.0385288354445223 -0.0137570352626954
-0.194583631213451 -0.0140611656800611 0.143890913793214 0.0530873047194233
-0.190308195370176 -0.14267228085526 0.189663437015895 0.140085795145991
0.0117629841478657 -0.346715649507453 0.0806590381205365 0.224725455823908
0.308864604983638 -0.162069719319118 -0.0129375250736271 0.219202783806277
0.251832588367982 0.229889990078397 0.00987058657045446 0.146241073075286
-0.0124320143968969 0.454252895045441 -0.0887763704102053 0.120367365348325
-0.00803126838845142 0.382806300267312 0.288558617487969 -0.248854857912883
0.173156805438424 0.195651975008132 0.241231193630165 -0.285790546771992
0.220189157025331 -0.00846211636222962 -0.00204052142668494 -0.392401563205614
0.117943583654379 -0.171636783820167 -0.224743629353064 -0.309349929308527
-0.032081665615887 -0.145423130835415 -0.29467004598426 -0.141394409256749
-0.0754858641974743 -0.0699600508587349 -0.267823138626746 -0.0165160151227836
-0.140442273297634 -0.00848962354017911 -0.185719680878003 0.027633302566102
-0.161849130066538 0.025036456384344 -0.122861914820265 0.0320812957549516
-0.162179058485763 0.0434568921473778 -0.0226545926745771 0.0161514697063899
-0.185696523869042 -0.0278590139756764 0.0660447222093937 0.080692023342844
-0.164218097012402 -0.163082767241757 0.0835964372849543 0.125463802107468
0.0695185922704663 -0.32628012481864 0.0103347318447506 0.123577621120523
0.323426361059228 -0.0963299117321534 0.0341573038421923 0.100814393744564
0.209664567790492 0.255006066988618 0.0827916296031888 0.107810238724411
-0.0195914904827319 0.416965298029942 -0.0351107424974453 0.0092700969593005
0.00738811345298584 0.282666155661717 0.346755127238209 -0.345868870349277
0.118365551631027 0.141359602371128 0.238019960760665 -0.384173387912148
0.155410953688503 0.0150732896768401 -0.0450742987791258 -0.419989756381164
0.104733354689836 -0.100578360372239 -0.247638289360997 -0.298930382473401
0.00401596416228358 -0.0967463075252946 -0.303102038679704 -0.128162758432297
-0.0315966871775154 -0.0501260574008036 -0.288334565239943 -0.0213037974773207
-0.0853061742351543 -0.0141644657782839 -0.226542198132831 0.0258110400387092
-0.104272772187801 0.00785665289703903 -0.163672302409422 0.0416947641747686
-0.111108645727949 0.0211791767405199 -0.0727949130499854 0.0420263544100343
-0.131241106053366 -0.0399996014085497 -0.00665712582907762 0.0877712885328133
-0.0917738667873548 -0.140276557213626 0.00256945241213026 0.0756609580367839
0.10479890726368 -0.216401861596624 0.00465266471178177 0.0209741618896047
0.242631268138963 -0.00760737446543843 0.122256598265435 0.0427872524294849
0.108848465015809 0.207536580366483 0.120175296894023 0.127171760973607
-0.0295128584212364 0.294897815320714 -0.0103032931589369 -0.0792160510447767
-0.00731523755144837 -0.0559709398905599 0.0706969319017142 0.182920366119499
-0.0394965805857685 -0.095439805384551 -0.0260878840486051 -0.109528601173728
-0.088887354381256 -0.0478802404019104 -0.170896604112995 -0.064335260113061
-0.0792016358919413 0.0496193834884755 -0.0668636593269589 0.0136191917588893
-0.000599139493080915 0.0606047136158624 -0.00433132782811594 -0.0249806092671796
0.0391983913916687 0.0131875628119511 0.028989497773024 -0.0340188562806878
0.0389225085385145 -0.00759690913374642 0.0922418552890497 -0.0238254336076075
0.0253684232658766 -0.00650183258153541 0.165942089073626 -0.0187661405962492
0.019810256302939 0.0139550884216455 0.247199672142748 -0.0237635610710184
-0.00983407829682817 0.0281975878170625 0.30124900676086 0.0324839827816574
-0.0390787812593931 0.0306864276228135 0.312949244051949 0.124616641190807
-0.0696904961649122 0.00685868399811711 0.256299244356814 0.275092715938882
-0.0647019109623858 -0.0283668553245813 0.0759301311174585 0.408410288033374
-0.0547306078087752 -0.107148216518791 -0.203834757644532 0.444591773327554
0.0137912220596328 -0.14268875952129 -0.417707944915892 0.421556034051682
0.00515188940280193 0.13716988696155 0.0414040615286363 0.179135583680184
0.0930002022520919 0.0474855891978286 -0.0325038848465274 -0.0912191413534159
0.0862731227830834 -0.074292314486463 -0.176058811987983 -0.053578704144479
-0.0231686352665548 -0.116976190493299 -0.0763605672353442 0.0236836547147956
-0.0857185397078154 -0.0387675619844245 -0.00507330905514006 -0.0238344525809111
-0.0533538772821798 -0.000828696199455967 0.0264047842382381 -0.0284608032650514
-0.0469734814421898 0.0134740015597098 0.0917242565875079 -0.0250122238966247
-0.0530727607625985 0.0138220489323298 0.15801798187453 -0.018448306833091
-0.0444514424135595 0.0207824373905747 0.237172664795822 -0.0290404852399763
-0.0513186403766783 0.00119655048746518 0.291077839397326 0.0257021937678956
-0.0553211623658789 -0.0181321552011199 0.312241148040892 0.105637413454229
-0.0385234381477108 -0.0551759595603703 0.267091281638425 0.257700999007985
0.00271610033069798 -0.0428501177483314 0.0989055335257723 0.412057820584242
-0.00461810547924761 -0.0323968901824707 -0.154560760986436 0.453216314685635
-0.00154292029439771 0.0110231783139239 -0.376438254506149 0.450128793790318
0.00909112118851795 0.298008318211427 0.0296380201023984 0.133381011640992
0.200443799011291 0.163651528689965 -0.0267332565115795 -0.0546034565187508
0.231249895935052 -0.0905102514699076 -0.122651649365031 -0.0507979792416537
0.0323243458572836 -0.249111281182018 -0.0701248828802889 -0.0279614331749148
-0.144350192745786 -0.127375867981237 -0.0479380679243442 -0.0605514181663467
-0.125671137882965 -0.0226218344751869 -0.022249366350323 -0.0251076882734078
-0.122568532075426 0.0246555380505085 0.0603765987067325 -0.0145495617360944
-0.122416043871734 0.0312620385398216 0.127140425511354 -0.0131189812536431
-0.102091751393673 0.030412099881384 0.206674219595814 -0.0393874943091119
-0.0918822727673319 -0.0150306275284816 0.272417067709958 0.01125532274858
-0.0806295998513183 -0.056049195407939 0.315052283090599 0.0909892000641345
-0.0232006968988853 -0.123972929045705 0.271917278067192 0.255906777362809
0.0734569243431335 -0.0746199634211663 0.101236451071223 0.414348670828629
0.0645584381102828 0.0383549499866636 -0.116991304311454 0.422565026512205
-0.00576482765207009 0.168988869924365 -0.312229072572325 0.425539577514109
0.00389666074305481 0.401773584542512 0.0513685808209457 0.0609723664776583
0.25980832786989 0.224866064180034 0.0268697054129536 -0.032030146752587
0.309103734323155 -0.0998925390708593 -0.035082875076549 -0.09848642200747
0.0650280159043385 -0.315928495482544 -0.0754129110519346 -0.125187735807313
-0.163566799027404 -0.179485606323135 -0.123728425301797 -0.110419778197246
-0.160664118276026 -0.0460162236483586 -0.0973099097119507 -0.0214106452824845
-0.172344439891266 0.0241628856733467 0.00532410537509605 0.00207986552004297
-0.173576489338351 0.0436837519643344 0.0748072258472975 -0.00362626727981377
-0.14751795524599 0.0422850172042318 0.158768985318772 -0.04466187020336
-0.131158390583399 -0.0164291618717745 0.245221434878623 0.00421950860583476
-0.12008199735342 -0.0825465730835544 0.30854471867628 0.0922498189168005
-0.0259150935849668 -0.203266304571345 0.250366730291345 0.266275556161515
0.149207685461159 -0.124676544689139 0.0698881168803822 0.39685691521359
0.149774460599873 0.104688560348374 -0.0867881039569025 0.34755475504336
-0.00148706561103159 0.310906278238688 -0.234643654791148 0.351652299748639
-0.00500266894829652 0.448400390984064 0.113365464817251 -0.0313340297948752
0.264005890029914 0.241007656856969 0.119040643091494 -0.0674308047251905
0.314392016421809 -0.0874101787756897 0.0277116862638718 -0.203424388087706
0.0851393123285228 -0.308463591596796 -0.11817615194082 -0.228016309009971
-0.139499436224735 -0.193342302279246 -0.207868507052448 -0.142012324421617
-0.155371174384439 -0.0655719441392714 -0.173227251830035 -0.0153913730954117
-0.191105195147975 0.015337758351887 -0.0609356456908628 0.0184939132912512
-0.199072979964857 0.0477979662075238 0.00848565678615761 0.00836608693456249
-0.176544625059516 0.0525319501704606 0.0996118440971462 -0.0357989953987453
-0.169271496949092 -0.0110156415027402 0.205218598394996 0.0182909039774646
-0.167428580258634 -0.108338813629374 0.273263417689286 0.114986406873779
-0.0277792545557369 -0.288336169112827 0.18208172233426 0.268719231402686
0.232441137420584 -0.169943536913625 0.0166466701643393 0.332719968583549
0.22610763115695 0.169505747682562 -0.0494057034418589 0.237541306637707
0.00260831661692645 0.414068038326951 -0.154395100318728 0.242142906121605
-0.00585824095299428 0.440938897130845 0.19776369999955 -0.140484137538946
0.228935197927968 0.228033471770846 0.198755670006644 -0.164579477535455
0.276815288931245 -0.0517210252042643 0.0289046553920384 -0.313923084533813
0.105183005201994 -0.250774433368843 -0.178313368583077 -0.289706367779705
-0.0868588111307145 -0.179845997007034 -0.268359005265672 -0.146825194711959
-0.121708036708395 -0.0761632156354163 -0.230573903424978 -0.0102358401246782
-0.177801627490649 0.00324716739483262 -0.127821096251922 0.028929076673228
-0.195665178305719 0.0427570061054365 -0.0628069412506719 0.0226644701199444
-0.18255679512149 0.0550304451982544 0.0362499320321522 -0.0129243276421605
-0.194510068547238 -0.0122844671717004 0.146495104264827 0.0496664752273836
-0.193021757684689 -0.139644389877675 0.191949686639994 0.136497877362987
0.0017503331668599 -0.346419424145917 0.0832599928915567 0.224610148459195
0.305818441877435 -0.169326853484412 -0.00970860400000375 0.216358139394267
0.257044584288208 0.228416591343708 0.0144794583184153 0.137677243752451
0.000807767654471521 0.456036949676292 -0.0812792784856722 0.119319596991185
0.00299787191808851 0.383911573457668 0.279721432711556 -0.254708761961851
0.176194780252917 0.192595764725945 0.233002363142191 -0.28378656976433
0.221084084048354 -0.0128624598436926 -0.00958795873255795 -0.383715226092216
0.115251244404011 -0.175917113892362 -0.225551984232025 -0.30055493746879
-0.0331895316654546 -0.147728768905861 -0.29513062153915 -0.135617907040432
-0.0759205821835171 -0.0725597791263479 -0.267512223056482 -0.0117076982405386
-0.140003672335165 -0.00646525657248745 -0.185895309969048 0.0313547442266772
-0.162717735688206 0.0297464091018337 -0.123771571195234 0.0358623592403876
-0.162038851720121 0.0449229651037886 -0.0236124588727661 0.0172188473507541
-0.186019197544807 -0.0249128494237509 0.0705753616251208 0.0778489023936938
-0.167202224265933 -0.159239813115846 0.0864007420392858 0.125044357148802
0.0599528985664797 -0.32833204105478 0.0100527571138536 0.125788447281511
0.320669982144742 -0.103781953660363 0.0340644625802451 0.0955162852755462
0.215583777025378 0.253721951066975 0.0870036245856132 0.0963336220062325
-0.00872911623426229 0.418580253066108 -0.0308720090559884 0.00611473760362032
0.016783677748623 0.283097008984712 0.336406475510176 -0.351368686631154
0.120328444335616 0.139648379393054 0.227803319210457 -0.38172490377193
0.156960224104037 0.0120032883041519 -0.0535463789174739 -0.40994407068803
0.103278664493942 -0.104665783083917 -0.24914243507854 -0.290243434388744
0.00355593447011239 -0.0988294428478723 -0.302680584353605 -0.124064720256532
-0.030660926411186 -0.053504317252188 -0.288187969235244 -0.0172508155575148
-0.0848102821791797 -0.0130535364686297 -0.227122595283999 0.0303419232868668
-0.105315874117512 0.0110078765490755 -0.164230867074708 0.0457340797566005
-0.111410357274946 0.0221643580822214 -0.0723836074333468 0.042510138370731
-0.132137146562854 -0.0375880413072071 -0.00102879592844074 0.0864812595881182
-0.0950688849172319 -0.138871502119503 0.00412676691279379 0.0775918542926154
0.0987345421114235 -0.219417189190698 0.000978481682911313 0.0224555879349463
0.243743946641908 -0.0147364173950532 0.118795379244983 0.034045268167819
0.114682909108361 0.20788882453174 0.12506469531147 0.114214771815306
-0.0209064118419683 0.296570082987933 -0.00735180006023152 -0.0830283791437311
-0.00877465418915826 -0.0567393201564257 0.0767438128894419 0.186797612201271
-0.0474589972158941 -0.092993455506608 -0.0310556814240817 -0.0972275812383505
-0.0939679326612847 -0.0417635806584732 -0.168381748760625 -0.0492314876236814
-0.0757047233261429 0.0560194140322278 -0.0600452579762109 0.0167828420421478
0.00427149822438143 0.0638642086822159 -0.00539332146196149 -0.0271397933421521
0.0396875156357409 0.0118630993606605 0.0248284251430059 -0.0352702391129006
0.0380732189011027 -0.0102024219482313 0.0921667785377813 -0.0265605306419676
0.0255959888407332 -0.00754798266622885 0.168823428655781 -0.0250704731879
0.0199465790648305 0.0131860889335277 0.248532423706975 -0.0333759020288548
-0.00849123253119414 0.0298880452251183 0.303327418541081 0.0189644436438381
-0.0384761725919051 0.0340193765261449 0.317741932945587 0.112175203378951
-0.0700030238684144 0.0102724383665447 0.265737638308285 0.26115825242877
-0.0663305856770377 -0.0276289732216027 0.0922538850217488 0.403591262375485
-0.0596123538702284 -0.103418737656179 -0.180331759595913 0.451044373502295
0.0079698949326772 -0.14289081502595 -0.393857109458627 0.446024886245405
0.0131108071457794 0.136297897105745 0.0468261084712626 0.184080710341588
0.092970972424502 0.0438022863781667 -0.0371791755467821 -0.078443220777997
0.0806719199663066 -0.0785360465659034 -0.17366177942632 -0.0362728510501407
-0.0290052479077787 -0.115062417516155 -0.0692769916258693 0.0275712400317416
-0.0865883970686106 -0.0316952941595082 -0.00528554343278291 -0.0257306983250048
-0.0533483595181222 0.00163797644240756 0.0221532499177688 -0.0299337801307346
-0.0473706698041894 0.014963140763428 0.0911867575512497 -0.0277526900243639
-0.0530566482187226 0.0168762498856591 0.160469640240732 -0.0236493721845816
-0.0438232852496941 0.0213406395122027 0.23815837670915 -0.0385748776459716
-0.0522538596649511 0.00309222470920808 0.29283262650654 0.0139805725759609
-0.0566479803130764 -0.015935967811764 0.31588244983618 0.0942690200446675
-0.0408315144299949 -0.0534307856385216 0.275809890988826 0.244119227091931
0.00180114212411209 -0.0433912490371411 0.115059650529498 0.404727984826783
-0.00702770507847724 -0.0297330505169473 -0.130257818437992 0.458084302611935
-0.000259269310860694 0.0119701650346216 -0.352596368743367 0.471383386428639
0.0250823271903472 0.297499231112494 0.0319514107265747 0.138043644213058
0.206267671695894 0.155240353392172 -0.0286101421848354 -0.0423375858774432
0.226451068994879 -0.101919217684098 -0.1196514946527 -0.0364996167824543
0.0202970037407545 -0.250277730327107 -0.0660154554792498 -0.0232524910611261
-0.149515284510849 -0.118514809177322 -0.0506743650595562 -0.0593610118417802
-0.127279257727343 -0.0177485442738101 -0.0250544680816095 -0.0241350182569642
-0.122654482470333 0.0295805550157213 0.059242532510502 -0.0159270023350226
-0.123160286754508 0.038275838495744 0.12932747743241 -0.0172939695606654
-0.10246685503532 0.0332252526606485 0.205945536697123 -0.0458715903888513
-0.093266661820963 -0.0126321510881003 0.27316709823742 -0.000136684850423416
-0.083128329722128 -0.0533825292477535 0.31763458629707 0.0776937053656833
-0.0279152622601879 -0.122786716438377 0.281010944112213 0.241623207693691
0.0708189327604639 -0.077584640928868 0.119327116686154 0.406864953229627
0.0658240007443361 0.0397553362912751 -0.0926403690441687 0.423578482862427
0.00325692077603391 0.170230133388057 -0.290180289245913 0.442689866324215
0.0247250296429053 0.402138709461529 0.0506438492959722 0.0632711118791576
0.268809796103306 0.214339171904376 0.0255488322502059 -0.0228791257788472
0.303746056298887 -0.114351356070867 -0.0351988435131938 -0.0888273460641765
0.0502722122208142 -0.319957354782046 -0.0772426544768304 -0.120576641733522
-0.170834983919644 -0.171649912798561 -0.128989529014534 -0.104656661353616
-0.16313574406496 -0.0408122279796225 -0.100587030257012 -0.0165901580820398
-0.172885875381374 0.031192435481586 0.00498621006195184 0.00324580462703501
-0.173704308335341 0.0528236661814778 0.0767792930879268 -0.00504295500917437
-0.147490341056071 0.0466652429169132 0.157445575765301 -0.0489200391136993
-0.132931927732445 -0.0140482515423386 0.246209624903388 -0.00696162745852155
-0.123894331251488 -0.079334636643021 0.311790328013128 0.0785597387184739
-0.0352341540414215 -0.202144565079901 0.260667210482067 0.25438460943743
0.144765582088736 -0.131410792657784 0.0888846368540613 0.391462293029166
0.153724267564232 0.102135493444398 -0.067882651099334 0.346487116376876
0.0140280248121234 0.312584008236214 -0.214334765213049 0.363112928908832
0.0190835208379789 0.450282674663309 0.108011680816113 -0.0327585298958262
0.27341593936971 0.230131140866189 0.116275046269886 -0.0646353129099223
0.310529812152407 -0.102269088367179 0.0212757678703508 -0.197468488249904
0.0719313644600144 -0.314189757636644 -0.125068672171103 -0.220726776224202
-0.148576565724144 -0.188418952415556 -0.215150022700181 -0.131323480226606
-0.159154950668239 -0.0618707840641817 -0.175327203558435 -0.00675954626859021
-0.191436725892148 0.02280492494609 -0.0607684584586967 0.021984973818455
-0.19926711917747 0.0589501486310415 0.00931478411319918 0.010396878595705
-0.176009045526237 0.0590943207303367 0.0974680178264766 -0.0378542158528677
-0.170841432436145 -0.00651442003817396 0.207103532296888 0.00830587040635656
-0.171728277190641 -0.102581181626031 0.277951960084738 0.102557129612709
-0.041799153584743 -0.287617344799528 0.193597055101107 0.260292768162593
0.225042323998051 -0.181384530396088 0.032774546511263 0.330514446071076
0.234427413456206 0.163263346620324 -0.0368570568722102 0.2340870046565
0.0257052012103547 0.41667121336516 -0.138923257811474 0.247680430587285
0.0165570677304667 0.4435109747295 0.188799797636895 -0.14834387744074
0.237775854975325 0.218882829843932 0.19173895810966 -0.167059111980161
0.275207567550276 -0.0643575757286246 0.0159850322411219 -0.307841750059426
0.0947607852391088 -0.257539160286665 -0.189135052004289 -0.278003472635623
-0.0947197054136806 -0.178310354800072 -0.273885105687955 -0.133560503862187
-0.125177730190125 -0.0755959707223793 -0.231511123245302 0.000538313153251486
-0.17866665530381 0.00977038087359062 -0.128072643173728 0.0350857139221791
-0.195878672723309 0.0544473083365259 -0.0615450504351948 0.0276973520228147
-0.182090509306619 0.0615527513983932 0.03442410798233 -0.0130244933121253
-0.195642283575914 -0.00534120453318554 0.150926595745453 0.0419326008041161
-0.19906743841333 -0.132013433213738 0.199352751671858 0.12836246520683
-0.0161401425129948 -0.347065057099994 0.0928651151004065 0.222262839333354
0.299474722276659 -0.185318840417543 -0.000919986500199667 0.214345630760696
0.26950114182029 0.219469587021262 0.0217715119437055 0.12918378044048
0.0259935234386156 0.458734764767442 -0.0722101181131295 0.120013489022715
0.0242165674509332 0.384998707886656 0.265069746358169 -0.267292738237165
0.183697933702885 0.185987262518696 0.219567690991742 -0.288833376259298
0.221595820576358 -0.0230609018413322 -0.0270159092194474 -0.376612182000958
0.10850181923435 -0.183449089554802 -0.236091379007481 -0.288261084867446
-0.0393295211236762 -0.14953405848098 -0.299506557149895 -0.123537134367302
-0.0790797821473431 -0.0743832574857602 -0.268346051452014 0.000148483234945361
-0.140204241009225 -0.00199680863763961 -0.186946651389103 0.0406251565391716
-0.163256081327518 0.03908647041576 -0.123702320983064 0.0433701290442466
-0.161723398802775 0.0507310041692065 -0.0236987088742831 0.0190062912779371
-0.18757339862845 -0.0180774325312471 0.077322248496646 0.0731502090843076
-0.174790679261661 -0.151718685968435 0.0928896503076521 0.122089668367269
0.0425186241921707 -0.332381406432116 0.0139253769629183 0.127979456900594
0.317415418278686 -0.121116943165692 0.03494546036565 0.090467336383737
0.229695978285038 0.247147112110828 0.0922429321183835 0.0826186322640223
0.0153725562342385 0.421593198148044 -0.0262252438056409 0.00254371611589119
0.0332193868398509 0.283249363769131 0.318439682902548 -0.369507897150187
0.126420337552814 0.13440501100012 0.208904612434359 -0.389170192719999
0.158444694586732 0.00384622729977051 -0.0706308121128781 -0.401139384715363
0.0993728005676706 -0.111549334521254 -0.258408617770089 -0.277137379745215
-0.000770017231744106 -0.101659375056087 -0.305454089618218 -0.112040427210139
-0.032153494550864 -0.0562111522434203 -0.28931106605385 -0.00469342340222922
-0.0846081480745799 -0.0103333471976895 -0.228681709886122 0.0405983575271251
-0.105375750898862 0.0172135104354424 -0.164520097058107 0.0545611970539837
-0.111001944167402 0.0265151957427121 -0.0708656519220795 0.0454293226139321
-0.134699287252212 -0.0320000733972015 0.00693168529823158 0.0846079464895723
-0.102280501090764 -0.134320012246496 0.00756553376973779 0.0789870064255755
0.08573403586183 -0.226007387231555 -0.00156763107624276 0.0250775290641613
0.243944599691087 -0.0280452065193874 0.116309332665312 0.0232826368094366
0.125973218010768 0.205165129627754 0.131879074038058 0.0979805379758628
-0.00268960953790959 0.299577575802973 -0.00713825428767874 -0.0890123486491366
-0.0117134096304125 -0.0557971699576973 0.0853154640811842 0.18378989083271
-0.0553585233065777 -0.0865395980676956 -0.0353967411443775 -0.0829126786570956
-0.0963263270377125 -0.0323916371614525 -0.160362447723137 -0.0298538962498459
-0.0694103876696053 0.0626561142727351 -0.0523115415846769 0.0191745941038646
0.0111927253825692 0.0642959496549764 -0.00801081476615175 -0.0290510930800118
0.0398663092980078 0.00946347400485442 0.0182748889656099 -0.0352381244434881
0.0360414805582521 -0.0127785157838676 0.0884710537763417 -0.0310872920173224
0.0238890616780437 -0.00856512121586135 0.167384576937282 -0.0351807005823109
0.020588393285961 0.0109618154102528 0.242953133995849 -0.0473499906446362
-0.00627646737280211 0.030955236744611 0.297971583114181 0.000182533640214457
-0.035481213890011 0.0369159417182151 0.316464587642852 0.089643817691506
-0.0682190472094145 0.0158352568620216 0.272777875605667 0.235235066560379
-0.0661126637139228 -0.0240695545907583 0.115060451941983 0.383809178608242
-0.0644601657553976 -0.0956397785831571 -0.144318591797162 0.448203949237244
-0.00049763519928249 -0.139639952348008 -0.35186681230449 0.462499332438689
0.0233290567723504 0.131605791184753 0.0552989642226135 0.183842658079719
0.0909774005595139 0.0376801402256305 -0.0394797486188068 -0.0630085494134842
0.0720413406511327 -0.080489669913799 -0.16511951458818 -0.0167188307573755
-0.035573326016778 -0.109528404865815 -0.0603089083790162 0.0300112206840147
-0.0855521468822993 -0.0233622277314418 -0.00759123418693433 -0.0267076867978407
-0.0514928221149565 0.00493118332209244 0.0172192964182926 -0.0298511379042571
-0.0460131962055028 0.0168469293502768 0.0875756711367634 -0.0311138151680368
-0.0514097276691442 0.021042477911976 0.15958615945743 -0.0326255576829553
-0.0430927493440908 0.0232590405898397 0.232657880258864 -0.0507904381573085
-0.0511918225985171 0.00570675986463646 0.287744490636146 -0.00422626578254686
-0.0564136648158161 -0.0112423920601559 0.313499458626724 0.0734631733824786
-0.0428492350145002 -0.0490945680365467 0.281519744393947 0.218323355417292
-0.000788679190379317 -0.0427099991020082 0.137160408287656 0.383581348690607
-0.00921508467630999 -0.0255563328460481 -0.0949693970867423 0.451554816843676
0.00152680248242062 0.0119336398234672 -0.309932469301229 0.483984714038783
0.0465070641713885 0.288029606472288 0.0376472671999159 0.138342570077371
0.209000228878899 0.139692374623447 -0.0291927481473412 -0.0285870698160037
0.21270887567604 -0.113677295677589 -0.113739324213164 -0.0205222245836653
0.00356886444416448 -0.246277423285072 -0.0604708999270018 -0.0182957503833746
-0.152606116259254 -0.104922876358086 -0.0538734605204027 -0.0561674206511671
-0.125655002479156 -0.0106174710191319 -0.0284281215066013 -0.0208401116982821
-0.119424630514477 0.0353125880707106 0.0567408112526396 -0.0174083284658751
-0.118780507621176 0.0469454600906606 0.128318002987921 -0.0231402445919935
-0.0994859929664445 0.0376277126639517 0.199144820467325 -0.0566434724263435
-0.0931262514278304 -0.00811056178681499 0.267317990559218 -0.0168975695697667
-0.0845973168998586 -0.0483136382352163 0.313026126108915 0.0565532514716401
-0.0337066499347608 -0.118328955108888 0.28648484057472 0.215900811715763
0.0654746134230829 -0.0797893409574704 0.143181973053308 0.38557933821993
0.0669590803018257 0.0385306349522812 -0.0610757163175229 0.414264817776277
0.0158083153262851 0.166961669285155 -0.24934935581677 0.452713757742484
0.0538770333875563 0.390888760871736 0.0500397403965338 0.0640628187898974
0.275470149012532 0.193970392481317 0.0259089041087464 -0.0152838269905313
0.288438993234209 -0.132104494911018 -0.03459702384719 -0.0768786629058388
0.0271839358089433 -0.316492617447914 -0.0786695443351523 -0.112789069603145
-0.177923229922281 -0.155972607154411 -0.132775746745139 -0.0940744370429095
-0.162787870255151 -0.0312925810469015 -0.100825680953894 -0.00876499460659631
-0.168093050371889 0.0400491908459406 0.00408446606523404 0.0046837972573505
-0.167918310240685 0.064783182723527 0.0771122842016279 -0.00851014469042681
-0.143524865510898 0.0533266592896992 0.150478953466195 -0.0560285384252567
-0.131675259304224 -0.00751806035938382 0.239843501666254 -0.0221073791087471
-0.125269167158206 -0.0706650401715842 0.308041201873748 0.0575960058930106
-0.0462124063991045 -0.194535684167277 0.268512903963042 0.230024065806714
0.13336805322508 -0.13666658481908 0.111190119475054 0.373145608901979
0.15656922660539 0.0940934319679471 -0.0424994500988997 0.336029814831558
0.03679075090179 0.304603762154061 -0.182753970684961 0.368454867333317
0.0500228396431568 0.43809736827105 0.100268487522723 -0.0356387495070313
0.280161416585442 0.208114321891943 0.111117459079613 -0.0630077155089117
0.296806683051947 -0.119924794691361 0.0118776888467779 -0.18736781458414
0.0499511747965886 -0.312408569863457 -0.133309891447687 -0.205932469374116
-0.156156719798873 -0.174816125873284 -0.217552471286519 -0.114278763181678
-0.159965064043283 -0.0536780386757964 -0.17222770935837 0.00560588013629428
-0.187123538881843 0.0329064961662361 -0.0590942950535082 0.0269704868626169
-0.192623987076563 0.0720464227212976 0.0109574326044546 0.0108121249511294
-0.170395777017407 0.0670172449656272 0.0919638275047967 -0.0416065254916366
-0.167448273286021 0.00234772309181871 0.203619395746742 -0.00533859977749995
-0.173751418508753 -0.0903862107941178 0.277683798155688 0.0818479759442738
-0.0602219323571796 -0.277434014703965 0.205262045472373 0.241315897811792
0.208387545226154 -0.192133652164559 0.0534647393505247 0.317727538170402
0.239952340509538 0.147526817951186 -0.0194895193697017 0.225152131483277
0.055275107806206 0.406216994947904 -0.115721761603413 0.249804020237653
0.0479888550263902 0.430974239724193 0.171422946667345 -0.154508025698549
0.244660676417762 0.200128446069708 0.177371028410519 -0.16938862929197
0.26570726708652 -0.0810800587130294 -0.000946479045414538 -0.294911677343384
0.0761697738719313 -0.259121118962246 -0.198893620639809 -0.257633700794165
-0.103273464022308 -0.170228035145475 -0.274815908939279 -0.112620948893858
-0.127996682769533 -0.0703895394333999 -0.2268743014891 0.0160879642264544
-0.174670920157463 0.0190104278609626 -0.124319940629352 0.0437447413494378
-0.188943296313578 0.0674140790946408 -0.0586065965101026 0.0324506533605251
-0.176844136159465 0.0706131712476546 0.032827215656187 -0.0135626705925959
-0.191159230301879 0.00492562228377761 0.151504223547125 0.029239590626955
-0.202487125676661 -0.116222833229168 0.203044683494082 0.113031675035155
-0.0409701718157594 -0.337898846895528 0.105135859603257 0.212692342864999
0.279606976938565 -0.202128838646156 0.0108485110557108 0.206861664720416
0.279408801634025 0.200075914120363 0.0303124116850251 0.116847446643572
0.0590592551411851 0.447118725868329 -0.0589567488920985 0.118712379119289
0.0521497412558744 0.373794845362034 0.23893140425736 -0.277226975220609
0.190457915503096 0.170792803645414 0.196103110885586 -0.290864285076362
0.215423543868098 -0.0368482452769402 -0.0476769353279094 -0.359284251638288
0.0945195312276803 -0.188689324720102 -0.246286413585271 -0.264696920474655
-0.0477964884033941 -0.145473130563433 -0.299141648913257 -0.102275180726329
-0.0827021299466451 -0.0730659535028655 -0.262511590961628 0.0174881515613818
-0.137396200598034 0.00538690965708377 -0.182024163985233 0.052431716174086
-0.157607143725626 0.0508891060819773 -0.118949375645353 0.0513931986054909
-0.156231388325353 0.0587287090105751 -0.0221476457865905 0.0203828954537701
-0.184325202798494 -0.00628707586216146 0.0824344238761832 0.0642100781795647
-0.181663439920012 -0.137611467501434 0.0995277590886203 0.114766892780326
0.0170566312143896 -0.327661509515639 0.020606359434727 0.126089691659633
0.303012923539876 -0.141578779925557 0.0362128019833418 0.0826481997819639
0.241768753283626 0.227957122883765 0.0963652048947323 0.0656430897931694
0.0467737575344791 0.411138288059064 -0.0223459671434694 -0.000834958076076061
0.054277641978309 0.273489548602442 0.284238640516457 -0.381029630968303
0.131037564996034 0.12388093826065 0.178367183727175 -0.388290485308228
0.156193619764561 -0.00678739790051753 -0.0932631104326046 -0.382958733632784
0.0890513320163185 -0.117575337881601 -0.265841343180967 -0.251248544823093
-0.00712022982924775 -0.100987375459491 -0.30400254380955 -0.0918685344513944
-0.0350742682164793 -0.057141204714707 -0.283807165238871 0.0134757588579199
-0.0832266738993289 -0.00629216243957849 -0.22371005084546 0.0550748848228661
-0.102639023537952 0.0248311768605991 -0.158772423437373 0.0646732681474975
-0.108515512830007 0.0316675494644242 -0.0662327311496069 0.0487465878800434
-0.133650668760281 -0.0230823121807168 0.0150291137558571 0.0804356415226274
-0.109311975268831 -0.125083514697691 0.0136182736431619 0.0789632626227178
0.0668512332213937 -0.226933750310238 -0.00275284588170173 0.0263371920672029
0.237233786903685 -0.0456558883511722 0.109554761468907 0.0102115632276808
0.138463608716129 0.194876605099144 0.135900776768107 0.0772605312987781
0.0212269345442325 0.293350119563641 -0.00989443826074445 -0.0924549489195361
-0.0132557702258976 -0.0529940716678779 0.0887814194678178 0.174938019484912
-0.0591151540159721 -0.0772299731092659 -0.036098884470239 -0.0665135859541299
-0.0943527104087557 -0.0227499163113239 -0.146145311744714 -0.0142271070404533
-0.0607806593747934 0.0644851024221481 -0.0431696812241627 0.0198894211693465
0.0170098206863759 0.0611948701641493 -0.0102555767854646 -0.0291089534033085
0.0378041358188689 0.00704224804471641 0.0129003017257715 -0.0333489666861373
0.0326488701500095 -0.0143648029140744 0.0829994044738493 -0.032825979283257
0.0218701357600313 -0.0100448850863695 0.159938208994939 -0.0408991343362016
0.0202488816176258 0.00913712124638218 0.229686481812601 -0.0563684280950474
-0.00426618431563279 0.0306022081097623 0.282006819560937 -0.0146015364638662
-0.0323187539847445 0.038311326806531 0.301838823809571 0.069624373409936
-0.063629854975282 0.019342101440727 0.264802800948957 0.206018282547557
-0.0638088673071579 -0.0206191354878693 0.124884751092517 0.351580336002475
-0.0653404651787558 -0.0857339300927714 -0.110105824932718 0.425375008484143
-0.00753763275309499 -0.131657716740176 -0.302825694049429 0.455267836182261
0.0307272425715052 0.12103327572228 0.06050667597197 0.176315247712138
0.0860803568189621 0.032078180841798 -0.0379745836148 -0.0474246838844145
0.0618878095712905 -0.0786959130648034 -0.149910937972809 -0.00124137328569152
-0.0390151888545305 -0.0997672895311432 -0.0504533354929888 0.0309621115426083
-0.0787648726132464 -0.0156372590322058 -0.00965683136284521 -0.0277102862533401
-0.0485575020871744 0.0068671633350956 0.0117259181988249 -0.0281425696351877
-0.0435870951685401 0.0180196704208877 0.0807790142573109 -0.0326785633071184
-0.0485152774021172 0.0224296118106541 0.151622500770981 -0.038419592663606
-0.0400740161125999 0.0234934787892655 0.218886516339082 -0.0586411122992572
-0.0487609465485993 0.00750212051194569 0.272319052068314 -0.0186820266467287
-0.0546323976173335 -0.00819457892751035 0.297193025431487 0.0548756639396285
-0.0422769378749398 -0.04405168956672 0.271922782509175 0.190178685161653
-0.00239763372450333 -0.0409220496538393 0.148797067421511 0.351691384712404
-0.00976758898510664 -0.0208023055140925 -0.0631181423211292 0.426072504083935
0.00310523895705809 0.0110949144144692 -0.262062796033974 0.474251739793865
0.0609024290270377 0.267549045363551 0.041238561395257 0.134797153519924
0.203271122668673 0.121289436019095 -0.0260828029438472 -0.0170507110971417
0.192651066018581 -0.117648107171521 -0.101527876204939 -0.00667536434785736
-0.0110852223571498 -0.232190761908792 -0.0535830326788042 -0.0145631885093197
-0.147927179438486 -0.0899008204082467 -0.0540939477297687 -0.0514153304349841
-0.119411225972926 -0.00437037141432075 -0.030547041607301 -0.0166698756316638
-0.111569039976404 0.0392439941590122 0.0522085522448962 -0.0178839817957493
-0.110795908750975 0.0513933807192806 0.123130984029998 -0.0274566117754213
-0.0935301646732182 0.0397600396684028 0.187028126470794 -0.0619808721189114
-0.0893965940304576 -0.00470440979375054 0.251636893569273 -0.0293187740439281
-0.0825397969696053 -0.0426346580027149 0.29655207006282 0.0378168417248876
-0.0370517957924614 -0.109926428761655 0.277360249463111 0.187443088190777
0.0584313293461235 -0.078168529499856 0.153663412829804 0.352744018458292
0.0648758591370879 0.0364751290907675 -0.0348682252678302 0.38998693391775
0.0239165237885642 0.155847367690404 -0.207089233582141 0.440489074322555
0.0728606358931757 0.364307402290021 0.0488646994799405 0.0627689740398053
0.267109628598643 0.168991067059547 0.02612203011083 -0.007317755028574
0.263636637958597 -0.139140835580152 -0.0305371015455499 -0.065225304212792
0.00889430491111488 -0.300552067938412 -0.0764552325379655 -0.101099998009901
-0.174247945228398 -0.137261281250538 -0.1308317926656 -0.0820910797891318
-0.155670611546889 -0.0235002098806993 -0.0974806755656412 -0.00162429204463264
-0.158070752174744 0.0461426136957456 0.00282763724078942 0.00625949876389463
-0.155922766082326 0.0711872748758525 0.0741907958981446 -0.0109145001669017
-0.134480532892768 0.0574914999753439 0.139558211827092 -0.0589337052077216
-0.125892465422441 -0.00231073044581389 0.22496643288603 -0.0333337317804669
-0.121980076705534 -0.0621816719780117 0.292529756748995 0.0382927864563684
-0.0534775240964588 -0.181072010456443 0.262940393173862 0.201502537724362
0.118915075309415 -0.135675597836148 0.124606313035866 0.34281819000658
0.152675860330947 0.0849150657730538 -0.021166260543592 0.313847530898723
0.0525697001626319 0.284665611580315 -0.147184257582766 0.356991250888549
0.0731251034835931 0.408719886617576 0.0906764223317461 -0.0353096639365932
0.273533100099326 0.183911333398637 0.104238024350803 -0.0582653708396792
0.272699849476346 -0.128247170677114 0.00648974876455363 -0.171533396772467
0.029758478296265 -0.298469214032895 -0.133111814526956 -0.186211912716112
-0.155163756004943 -0.157648799339137 -0.210561085619036 -0.0962104941497729
-0.154263610236069 -0.0456350759447496 -0.163364247957601 0.0155163883347239
-0.17631063082366 0.0389261755337298 -0.0553453279291681 0.0300001479975606
-0.178616966715847 0.0797330699648957 0.0120884024164943 0.0107083807689495
-0.159234285726283 0.0712102555501892 0.0853252871561249 -0.0429795983935935
-0.158893777025105 0.00802321969051949 0.191538938377986 -0.0165678732060987
-0.168312576565528 -0.0773571661811907 0.265147247062916 0.0630529803682261
-0.071416289504405 -0.257913863329894 0.204739260735439 0.21596256866362
0.186694269365799 -0.191778220972515 0.0665444076065622 0.2942867325856
0.234300573827336 0.129907877126221 -0.0068244130616236 0.206542705493404
0.0758157815945218 0.378865357116703 -0.0932271241719554 0.238607756976148
0.0702766952965361 0.403561899507559 0.151291562417447 -0.152484657370447
0.238688708600606 0.178060986250544 0.160506028647648 -0.163231097806371
0.246117338426162 -0.0892267446273303 -0.0123899311261425 -0.272931311702575
0.0583824515806919 -0.249616195371463 -0.198216999699591 -0.230280066296662
-0.105424302852515 -0.157168799320685 -0.264760969942183 -0.0918073438860662
-0.126022975289978 -0.0636740425139097 -0.213128236662419 0.0269703267569808
-0.165415674736124 0.0251199047723778 -0.116182958577393 0.049394312737216
-0.17543979852577 0.075181256661141 -0.0532290143867479 0.034651413162152
-0.164304963446301 0.0746386798348903 0.0301544665477675 -0.013428613049272
-0.180591938860443 0.0124272275499038 0.145365041414155 0.0179731305400178
-0.197561969563627 -0.100272154833808 0.198260556215446 0.0957116589291086
-0.0572331959650904 -0.315443223045667 0.109887242414201 0.194351013677312
0.252195875979179 -0.20676498270928 0.0198252661355461 0.193183495881384
0.274519811360031 0.177152218742981 0.0341472347514685 0.101625617229948
0.0820134132823268 0.41770429599114 -0.046268419387946 0.111273834899499
0.0713967665619108 0.347920738431329 0.207873423081513 -0.272286598243387
0.18632358606343 0.152535039296195 0.170650253473142 -0.279502092437522
0.201247495284106 -0.0455988073254098 -0.0604252693161474 -0.330387411493473
0.0793104294484654 -0.184735394774015 -0.241225179449227 -0.234528116631041
-0.0527003299921061 -0.137069969644758 -0.286001827318828 -0.0822081242612988
-0.0836428188315539 -0.0686592234892564 -0.246550211032969 0.0296925501506703
-0.130777853589096 0.0100762747179398 -0.170003776739771 0.0604060800987748
-0.146803069308371 0.0572617738102189 -0.109875125576314 0.0560572849144686
-0.145861083639613 0.0625169550380809 -0.0201617357985618 0.0205608999492957
-0.174353813034602 0.00275648314860067 0.0830782195214436 0.0540438152775143
-0.178682933170538 -0.120320341402538 0.101755683965102 0.104224765176343
-0.00282122071001492 -0.309270090233436 0.0253382407330203 0.11908995878632
0.277588898850033 -0.151713534641964 0.034812541148258 0.0740027301107437
0.241939354885597 0.204248303982229 0.0938275671053994 0.0483719291634802
0.0698806369446862 0.383903755017082 -0.0186085252422084 -0.00485129351736494
0.0686757925981253 0.253885390746149 0.24535450807422 -0.374268416852733
0.128466489339482 0.11053372302061 0.147547486736345 -0.369497286883079
0.147499265499858 -0.0149967843123812 -0.104903820076635 -0.349314964120304
0.0779855860324152 -0.116797793384943 -0.258985149404991 -0.222039154846353
-0.0114855683162156 -0.097272836025664 -0.289776022820748 -0.0729485220893257
-0.0368980887100811 -0.0559158323162172 -0.267028260920403 0.0271813531974305
-0.0789158467466204 -0.00353081880227903 -0.209563399836283 0.0643118782223139
-0.0959891185675433 0.0295571771752721 -0.148030782112657 0.0698392270911776
-0.101297382947673 0.0346699447739685 -0.0595437603545245 0.048757965438475
-0.127787561621376 -0.0146203102167419 0.0211025829758186 0.0722860185141131
-0.11059884101316 -0.112376144744042 0.0184389691327621 0.0756485674814117
0.0490315288925901 -0.217864522043837 -0.00309861604107165 0.0277292035966378
0.221773939018223 -0.0581325567359987 0.0984271627559652 0.00018800724494258
0.142426172063489 0.178132072241095 0.132239923348831 0.0555134917371577
0.0399336497761695 0.274626499947039 -0.0122804330260157 -0.0925915257369238
-0.0138045833472282 -0.0463877635200184 0.110215862749208 0.148873983702367
-0.0657145323278132 -0.0608189032699131 -0.0416826235590892 -0.051089498761586
-0.0887235142403107 -0.00468122216222034 -0.135985270605953 0.00869376093786685
-0.0444878695329884 0.0686343908569003 -0.0387383549980075 0.0238968862457657
0.024579265424255 0.0532310902851951 -0.0145743247400035 -0.0235655613248867
0.0353424599299601 0.00196751325031472 0.00669930161353348 -0.0303261419958769
0.0269086370475613 -0.018229726451381 0.0756805390124961 -0.0412423079755773
0.0185883755751569 -0.0125066776640028 0.146566616512546 -0.0616160862567129
0.0191080811552845 0.00427969817772692 0.208657981658522 -0.0858361508331233
0.00204086486851544 0.0283577339917906 0.260835999726673 -0.0564579414690898
-0.0236666464923345 0.0393162436148628 0.290761597007639 0.0198730874299453
-0.0541872494456513 0.0289380463148565 0.27142578124134 0.149783157905475
-0.0606377167117549 -0.00953316197716352 0.16668470690638 0.302468161484542
-0.0729704015289965 -0.0642926913766909 -0.0324583051026743 0.402515189083403
-0.0229921704475099 -0.113679956180843 -0.212370879248942 0.45983896703114
0.0448562020352081 0.106977599255512 0.0842607684994134 0.163295349036377
0.0798364710813224 0.0196544379397063 -0.0361176308457574 -0.0282318875566676
0.0440321666077412 -0.0743586862517429 -0.125121467616234 0.0217344050923815
-0.0486502677323036 -0.0820978699473767 -0.0358058734228405 0.0271604464191509
-0.0718796791834246 -0.00444285660435042 -0.01961878575619 -0.0276279640948476
-0.0441485754963824 0.0120936155897448 0.00259796859155309 -0.0262312616006693
-0.0385273052476453 0.0201227667504632 0.0699821832915354 -0.0409735301679582
-0.0424630240327054 0.0253825589607763 0.138776624431914 -0.0575953186828138
-0.0356128412739458 0.0246279878373529 0.1992077180416 -0.0872223276994145
-0.0436583349488198 0.0120951385010967 0.252269448621797 -0.0598257841544822
-0.0487569285017195 -0.00252088488176767 0.283970000328574 0.00614676425620436
-0.0409591718177764 -0.0331241114020055 0.2758474648488 0.135343080568976
-0.00576247467283902 -0.0335627027056171 0.189850881094308 0.300117813451027
-0.0134725631341545 -0.00954804856538982 0.00843356114489355 0.395427398743979
0.00296916141635008 0.0174348900746087 -0.173189824404414 0.470618447285943
0.0888326526251208 0.236325455170052 0.0601306127661184 0.134655262033714
0.197954186303694 0.0850708461740478 -0.0159072416284253 0.00192633966166307
0.15740406622779 -0.127465141405704 -0.0724778904725203 0.00922299435207469
-0.0428179702590911 -0.205511109822256 -0.0390300988685866 -0.0212322673034461
-0.144226970118641 -0.0619105203519191 -0.0679799347559648 -0.0477358883646967
-0.110981382146159 0.00945591991900984 -0.0381727235555701 -0.0101508003709761
-0.0980424126670038 0.0489080394399121 0.0414970871503225 -0.0228671719047885
-0.0967168648889485 0.0591595132239459 0.112558533104702 -0.0435616303565251
-0.0835635346158431 0.0458972938909829 0.169095620138182 -0.0866956039025946
-0.0830928533887498 0.00381127302652957 0.231506338180334 -0.0676714319474329
-0.0785510281832889 -0.0323840585155415 0.280249532600322 -0.00824216299860513
-0.0434600544093982 -0.0959579987231765 0.281886422999519 0.133562800563425
0.0463929687913584 -0.0738921996574616 0.195029739000346 0.299832984761272
0.0621816905847127 0.0341091751854371 0.0272620164207166 0.3589132718166
0.0401165766258347 0.14882416952281 -0.128787549996839 0.431463769162697
0.110348667746327 0.320991485738439 0.0559658522503564 0.0698586082675911
0.262013766010931 0.119776129307247 0.0359584385648804 0.00367989582090437
0.218209153498795 -0.157273192484357 -0.0118244203237526 -0.0559045737474138
-0.0371145106140326 -0.26967236799774 -0.0697380979584575 -0.101561151209247
-0.175545762408518 -0.100947988387346 -0.144803762112054 -0.0680255791958791
-0.146342176255823 -0.00342422088560211 -0.0988862867067347 0.0131924447790697
-0.139530018147881 0.060570673999398 -0.00389988426933592 0.00490830585771773
-0.135936141306923 0.0830420188987889 0.0676199709664883 -0.0210680526835393
-0.11948656955916 0.0670495086514221 0.125012358409904 -0.0777037285933497
-0.116728682514275 0.00960298366515448 0.205830740308234 -0.0688540443222039
-0.115937196599253 -0.0473883348631824 0.277185869539926 -0.00841417965908441
-0.0669828444296268 -0.158914276977244 0.272065018185353 0.149317275546998
0.0955584757535903 -0.132535999531125 0.169021842727983 0.294506409834024
0.149927548710009 0.0661840613628726 0.0253422240005616 0.28748497903593
0.081354158582871 0.263610995638237 -0.0884599574510564 0.345573084067542
0.113773483123731 0.360014001419846 0.0779493888020767 -0.0244576734027481
0.268913414291747 0.131591100589135 0.0999467944836796 -0.0566715302394997
0.226544461015761 -0.149320779616663 0.00613075903438144 -0.159167920864932
-0.0186646843390898 -0.271404932069302 -0.134354626368248 -0.170286132995989
-0.161937834383691 -0.121302813851291 -0.21922882541954 -0.0698918129459168
-0.148994508834777 -0.0248094698389593 -0.157513700059532 0.0365116742097296
-0.157763814041329 0.0574311994223331 -0.0565614426510963 0.0349399083456281
-0.156150482655548 0.0944933013408213 0.0122008139729306 0.00778983469207457
-0.140766685647501 0.0838564868675662 0.0756225432061513 -0.0545896095124983
-0.145627199241859 0.0233576783036426 0.177186923210065 -0.0499899339829898
-0.16031133051774 -0.0562820351249549 0.256922032758965 0.0174631205193485
-0.0942793227728007 -0.226794466397039 0.223532429063436 0.172895401540629
0.149324657561256 -0.191876231636016 0.108875147077894 0.259923474233753
0.231046622227374 0.0958709568196596 0.0202033625861139 0.186594730462837
0.114876663398856 0.346412548247982 -0.053867202060567 0.228597782504178
0.111343339954951 0.352931891993924 0.114994340379794 -0.142759878779756
0.235009663044678 0.129458758436088 0.134110942848712 -0.165116016813242
0.206118193930682 -0.111082853901395 -0.030925776786543 -0.248195709956207
0.0124374325890644 -0.230174491818193 -0.201812508860344 -0.197447106113097
-0.117657699886045 -0.126109790004491 -0.264827848050943 -0.0583671354243501
-0.125302490320201 -0.0445328333416213 -0.201318564761901 0.0534065331005028
-0.1493658283983 0.0436727388433508 -0.110896067733857 0.0607047812354056
-0.153270398018026 0.0898459453824383 -0.0458456834476599 0.039354981988791
-0.144494687171279 0.0882965518544248 0.0279452416257534 -0.0201593976899176
-0.165412723468689 0.0316009934601868 0.140047683628817 -0.0122892068499937
-0.189498915093033 -0.0725895881896361 0.200777621315009 0.0583102346847405
-0.0909269306655275 -0.281889870559776 0.133106251148137 0.169088441418142
0.206999756545429 -0.213026384187905 0.0515540276340205 0.174581715324102
0.275015891795545 0.130151078694628 0.0385742786486329 0.0833141943778405
0.126988499097676 0.379297044134354 -0.0301876416742908 0.104074175674926
0.105115755912434 0.300122017830997 0.147246893835642 -0.266092018620005
0.18265068185031 0.112683944001329 0.122671067934799 -0.276343028552584
0.170321773408527 -0.0662328712042199 -0.0875682984669181 -0.291517981734937
0.0398119814165013 -0.174292475802663 -0.243711277222583 -0.190486046691036
-0.0671198098451562 -0.114328487751187 -0.279264722344838 -0.044475215540336
-0.0870808522093149 -0.0538079204367105 -0.229465266674403 0.0593582215565263
-0.118910108461933 0.0255348214013652 -0.158868991988032 0.0779163480762101
-0.129029786751812 0.0706746349783963 -0.0962170491263108 0.0668466615374458
-0.12826606503018 0.075356369530052 -0.0148786462011844 0.0184686087981053
-0.161043958354202 0.0229872953187806 0.088421654523015 0.0303801473885602
-0.175709184611049 -0.092214220595246 0.112756792332869 0.0817951630508635
-0.0426668819781861 -0.284650363384397 0.0422025402059957 0.113724605168088
0.236814313707689 -0.169324565965178 0.0444572513737165 0.0637095010377039
0.251073852854922 0.159846336970458 0.0847833320098246 0.0231027939809903
0.110812013404391 0.347472036465333 -0.0205855098517549 -0.00731096881787073
0.0914228339390652 0.212194087047825 0.16517445707504 -0.369425155086737
0.123858518785412 0.0804423266945665 0.0851616813919371 -0.358207989707478
0.12434749097801 -0.0324590756503152 -0.13508818159089 -0.30151508528397
0.0474765266247144 -0.112653147536823 -0.260445314033422 -0.172505541213045
-0.0255059525600121 -0.0826778166132562 -0.278889001308636 -0.0329123339959724
-0.0421498986684134 -0.0471237001283268 -0.247230187309206 0.0599379044904272
-0.0724644132290627 0.00704961808836873 -0.193914233450779 0.0885942744050598
-0.0856322378887296 0.0396858278265124 -0.130086020351167 0.0850538179724066
-0.0902668802835642 0.04459477903147 -0.0481955987538564 0.0505227504159485
-0.120384252294191 0.00236170817998028 0.0337075474208343 0.0578672504357266
-0.113696152819537 -0.0915355465338569 0.0309728739537758 0.0691473840948633
0.01737874787856 -0.208366977389321 -0.000363814600931367 0.0326777458153977
0.196788599168643 -0.0782867562008909 0.0887290915028365 -0.0146115821168463
0.156858674397793 0.147781345170365 0.122328703898318 0.0220389053141449
0.0701372135312588 0.248506197969085 -0.0255105160377837 -0.0894416683475473
-0.0116100176420129 -0.0466220148123787 0.100863941288311 0.147977469690435
-0.0621674240357481 -0.0581193420653717 -0.0346569994944234 -0.0419229731463017
-0.0845996006565041 -0.00475205863963808 -0.121828229577382 0.00807489244481417
-0.0426494286007655 0.0654604675145908 -0.0325857988720145 0.0196044686807044
0.0241479768288079 0.0504383537474959 -0.0151757439093438 -0.0239838949404119
0.0336705323314472 0.00305086843077331 0.00476951309363193 -0.0269219578748514
0.025487054512189 -0.0167041998976017 0.0736080662807534 -0.0368649479680037
0.0172815640791879 -0.0122030754344378 0.143247424776587 -0.0560860550840843
0.017812392253987 0.00414980749179552 0.20237325869115 -0.0765347898487049
0.0010272261290357 0.0280234878833589 0.250198927831746 -0.0463150490621069
-0.0236950033324077 0.0380115425784943 0.274139243203473 0.0262766722937494
-0.0522589693775249 0.0261577333511772 0.249531178702577 0.148195723752577
-0.058052047167105 -0.0119554578741821 0.148531169510429 0.287302156624839
-0.0669682220143893 -0.0612368631053253 -0.0382598911665415 0.375504540972613
-0.0186633999985268 -0.108159609881466 -0.206912925683313 0.430893029887908
0.0417889993260669 0.100179543563355 0.0765672732584597 0.161266984401194
0.0741940916960006 0.0210720195950587 -0.0295400353242872 -0.0203759742329022
0.0423373062417513 -0.0687118359120608 -0.11176908496849 0.0207478103924598
-0.0439849452453388 -0.0774014119009756 -0.0300945106309483 0.0230668918239152
-0.0659424800437198 -0.00554649746990034 -0.0194095459259347 -0.0281019823234374
-0.0422503119927549 0.0102628574419652 0.000669874407276556 -0.0227835257691608
-0.0377342055173817 0.0190079473885038 0.0672447683040655 -0.0362335934997372
-0.0413196427203363 0.0236377875386787 0.136038535055123 -0.0517019808011959
-0.0349961557362059 0.02197850294007 0.193373467191515 -0.0779841311667855
-0.0418299053043968 0.0100789019428122 0.240541811255619 -0.0497014234597688
-0.0464229053143825 -0.00295453892713894 0.267531415563756 0.0135573358031875
-0.037149667811015 -0.0329149492941734 0.253186619871619 0.134460540672119
-0.00443617191470604 -0.0327800741313178 0.171102559189936 0.284544251618796
-0.0112625381457681 -0.00632490750782959 0.000225537825699998 0.370065396349067
0.00247296381832013 0.0165912238150606 -0.170801544783974 0.442375130840377
0.0800293469892621 0.223825237680636 0.0542594826455435 0.133528620728701
0.184735134791909 0.0861866879266956 -0.0114537443911442 0.00816320907357254
0.151087434897653 -0.116534026309856 -0.0620658877557236 0.00974247098582526
-0.0363540378767209 -0.195334142723626 -0.0332314016421159 -0.0223262218380683
-0.134054234989409 -0.061320280675981 -0.0650623402120543 -0.0476688831001629
-0.105830962524664 0.00593937704032429 -0.0376665593935364 -0.00766317004119569
-0.0957188354697902 0.0437226772302559 0.0396216908267665 -0.0189007468378875
-0.0939015233188837 0.0546961325485614 0.110195676500807 -0.039012446498758
-0.0825701817307935 0.0406594891957877 0.163757126254709 -0.0778076936382631
-0.0805184587661612 0.00093682762789628 0.221495882904747 -0.0581546326673575
-0.0736050670018817 -0.0335071270799861 0.264580035825828 -0.000774973133066065
-0.0379045110652758 -0.0923683057488533 0.260340866887627 0.132458164094077
0.0461223244201514 -0.0687064683882834 0.176867989928057 0.284961025838901
0.0587492582939929 0.0369433477460174 0.0184595754429817 0.334436612602197
0.0351339102832735 0.141244074811686 -0.129271557964514 0.404872281134013
0.0979737234264339 0.305444727912666 0.0510897625912891 0.0721588474786025
0.245080743535588 0.120968365958146 0.0372075473795069 0.00938789838427282
0.210018470429292 -0.142836297920985 -0.00326243136368672 -0.0505853168643141
-0.0292918351911631 -0.256443769063696 -0.0610176249827129 -0.0982926401622324
-0.162919058229308 -0.0996093597900076 -0.137309481680042 -0.0676479203428173
-0.139934096341233 -0.00895799099526136 -0.0955517322524346 0.0120262752896844
-0.135307759228495 0.0540656540646103 -0.00393262685629478 0.00675945317324974
-0.132360382602719 0.0768989259742432 0.0666608894382513 -0.0187758748340857
-0.116733407104423 0.0601575225246762 0.120856566705119 -0.0698918132721888
-0.112360611213258 0.00453610687328424 0.196522324653561 -0.0602784357285758
-0.109211520588177 -0.0487488418070935 0.261331621673234 -0.00159490251779925
-0.0587133895313615 -0.153167310832887 0.252260093764485 0.146952233937482
0.093889704971167 -0.122911332551149 0.15282916875315 0.280346651254029
0.14096581816203 0.0692814380161702 0.0179297006109684 0.267375665432312
0.0715203246709843 0.250521416935447 -0.0884716514213376 0.324433343803416
0.101805737183637 0.34121912655638 0.0735307755809659 -0.0189316709794409
0.250697774663902 0.132668416653141 0.099030474488278 -0.0475409153749176
0.217955631098236 -0.135702304510045 0.0136211473936295 -0.147681894478624
-0.0120130378997232 -0.257296135309535 -0.121175519463173 -0.164562843093689
-0.149607462765518 -0.119185929163156 -0.206867680641371 -0.0712212120336343
-0.142343280433597 -0.0293398160972732 -0.150908326155591 0.0324103957361543
-0.152775908722525 0.0496664955820423 -0.054800270282196 0.0341062962499357
-0.150682337726584 0.0865850216240422 0.0120315515507441 0.00810579443075839
-0.137335227693517 0.0754167214989818 0.0727946724592261 -0.049719831782705
-0.14017578303362 0.0167821241929411 0.168553348974592 -0.0441696438510658
-0.150657450686896 -0.0573380088876006 0.242830763933801 0.0220145291423645
-0.0831903969246173 -0.217296301111093 0.205820306562185 0.167785852753639
0.14572500965445 -0.178284118792676 0.0977423420972767 0.246643756549871
0.217783292239597 0.0982671892704001 0.0135567153020006 0.171888685436395
0.101869277424938 0.328837743114588 -0.0544493393749128 0.213574976902971
0.0987280570977147 0.333329628929537 0.110730556341332 -0.131388866077342
0.218257224035482 0.129682653245171 0.132443853410815 -0.150035762546658
0.197613375772932 -0.0997323350127762 -0.0190392779133295 -0.23273597240193
0.0168422759038004 -0.218589976077049 -0.18378767173497 -0.191391997469068
-0.107873877756915 -0.124724955731727 -0.249174160063257 -0.0614394009540119
-0.119864675933144 -0.0482385068131934 -0.192272543987158 0.0457673144746084
-0.144272974861902 0.0367365714252451 -0.107103169363527 0.0565109576000723
-0.148287989926186 0.0830988468849924 -0.0444046072643835 0.0367347096404634
-0.141401366297853 0.0796356437892069 0.0267364439705669 -0.017995504165631
-0.158177065112102 0.0241557920757155 0.132846610432416 -0.0100417763598141
-0.178123499243898 -0.0729087032618017 0.18970530397123 0.0594864631101103
-0.0805483830245356 -0.268959245263358 0.121688364147482 0.163593378085712
0.20000804721086 -0.199188118955403 0.0435184338709861 0.165386044254669
0.25894298676629 0.132004567855891 0.0332288963606191 0.07370848443256
0.114061607888358 0.360319107821945 -0.0298905082714051 0.0941290647066184
0.0940981475288722 0.283360774866069 0.143524927291616 -0.247031540852043
0.169222051074959 0.112762159855036 0.124128625945223 -0.256089930210335
0.163306906797547 -0.0579889925190085 -0.073112067423529 -0.274652260667771
0.0417979803452336 -0.16498548085336 -0.222715677038669 -0.185036555008152
-0.0614032043559738 -0.112854679633819 -0.263094205056842 -0.0499624287732044
-0.0830023007960963 -0.0559909606228259 -0.219356201011775 0.0506095895154548
-0.115109254385524 0.0202032371259861 -0.153416987311246 0.0714351591566417
-0.124537659805081 0.0650516899320586 -0.0936400028219882 0.0618454278860098
-0.124857614280651 0.0681750644291668 -0.0148449897789615 0.0166350230520872
-0.153426598918193 0.017045202636201 0.0837336959613036 0.028383613301132
-0.165071768870385 -0.0904378362504957 0.106937098284571 0.0798026481574881
-0.035008454211833 -0.270785814586039 0.0363384769603559 0.109604866305638
0.227047307738036 -0.15702039151807 0.0378272709865628 0.0603758302910513
0.23620620517333 0.158032198078069 0.0770983696296434 0.0164892384529452
0.100009044080419 0.329953679968319 -0.0183193278774392 -0.0119096138039638
0.0838882450391759 0.200577707331019 0.162790404520392 -0.346427985576682
0.114981599105332 0.0810469096160223 0.0887711266562148 -0.335485875100096
0.118312227377728 -0.027220605389479 -0.117763739594575 -0.284872218701252
0.0474716528699924 -0.106455308691787 -0.240148796908923 -0.168554680217451
-0.0218354055787106 -0.0807635891072209 -0.262379359099522 -0.039926604915022
-0.0403783257964056 -0.0480297431668626 -0.23567037628696 0.0502214462841124
-0.0705979813243393 0.00382598982284993 -0.186809095376996 0.0805897912155837
-0.0828269688897936 0.0367089034675528 -0.126930235311567 0.0790418565610571
-0.0879096559313013 0.0402845061918568 -0.0480001023620444 0.0458848615694784
-0.114343954653434 -0.000857704226912458 0.0316294236312043 0.052579013566367
-0.106667415054882 -0.0890438538773795 0.0296204351618599 0.0672894944036714
0.0196330089015757 -0.19730355087164 -0.00292487675634844 0.0327445438800864
0.187542757859091 -0.0723475923468782 0.0795745292347603 -0.0135066803033175
0.147583108129923 0.144735330636503 0.113006949268665 0.0151669566818378
0.0637234378138014 0.235328169687518 -0.0220680167880097 -0.0903638348223368
-0.00956983326003607 -0.0478997397763096 0.0942135064151024 0.154319174038926
-0.0610093565893357 -0.0595387841183996 -0.0289086549812169 -0.0356611579444979
-0.0835120807108499 -0.00620154263053583 -0.114278919432179 0.00508743845267408
-0.0426009093256623 0.0646995657226737 -0.0286927294932518 0.0156526788183948
0.0232863263140552 0.0498531187573996 -0.0158245030124221 -0.0254347224239876
0.0331654584122991 0.00438212883700124 0.00375508198142328 -0.0239495766171869
0.0249740606849524 -0.0156716116473582 0.0747352453860225 -0.0326412190332
0.0166633176669073 -0.0110792361572012 0.147093253146342 -0.0504220428116885
0.0166769360226231 0.00449830506815832 0.205779065156102 -0.0673820310227133
-0.000228950314842503 0.0282210362296904 0.249842537032718 -0.0353269055230945
-0.0247190285632135 0.0379807198607792 0.268429228322552 0.0382821116068963
-0.0528897662158286 0.0240873857499611 0.235782206540931 0.156478971395077
-0.0577113664268917 -0.0146223850465445 0.13374211726682 0.285798355073404
-0.0626324895476649 -0.0620539956040782 -0.0516376010627149 0.363880673157549
-0.0132592485315158 -0.107420959931167 -0.217619182977631 0.41609070890711
0.037285441622789 0.0977709071615356 0.0691952902052624 0.166861217912242
0.0716517512065116 0.0239896561888479 -0.0250444843411024 -0.0141415923124521
0.043929239877253 -0.0646317228087738 -0.104885759258284 0.0189647296107427
-0.0403712102784946 -0.0773012339336235 -0.0263811269009042 0.0191516492700895
-0.0632356429596005 -0.00863001297968547 -0.019825506022512 -0.028811226214913
-0.0422658877927945 0.00789186978813198 -0.000462588144392005 -0.0195027492593504
-0.0388003780826449 0.0168104766402392 0.0681613977755802 -0.0307656846033954
-0.042806080791895 0.0221606789066647 0.138799729426822 -0.0465400499523896
-0.0370049485990923 0.0196568431377784 0.195981078836821 -0.0690328464442585
-0.0432541849087107 0.00776253447835238 0.240776082083472 -0.0381490514323735
-0.0462289154410894 -0.00477796585258688 0.262365217936041 0.0256680664163537
-0.0348315493334794 -0.0348699858612395 0.240738324832632 0.14386117485463
-0.0028488560629094 -0.0323363063862819 0.155067302880388 0.283761797687933
-0.0100174349732251 -0.00457062208618368 -0.0141015564209676 0.359188695103724
0.00288638462922114 0.0160802815428126 -0.18114769135513 0.428876400997478
0.0703050970349218 0.220973889741394 0.0479748499885578 0.138138943073711
0.178275903430066 0.0932373588047255 -0.00829119937382411 0.0138022714083016
0.152607480633807 -0.108958486106278 -0.0548865494494553 0.0097191977888264
-0.02910860850582 -0.193134612452029 -0.0272336343753411 -0.0250429835438414
-0.128680647956221 -0.0657730515325115 -0.0642187061850781 -0.0506678641591317
-0.105379967084713 0.000668235401808542 -0.0383249528915213 -0.00761018737973289
-0.0970283789434752 0.038353196984277 0.0399369223218695 -0.0150310407033462
-0.095875448472527 0.0513282180094892 0.112107774622709 -0.0344810067976635
-0.0844765719866969 0.0360054355269755 0.166132945864546 -0.069883749452111
-0.0807668639096012 -0.00364960947965068 0.221104329604185 -0.0474710689484558
-0.0717538856071417 -0.0366125158843487 0.259416922292735 0.0104085619492673
-0.0329490665950204 -0.093901684151559 0.247879337598644 0.141609406042524
0.0489472988630982 -0.0652836697045653 0.161967793793987 0.284729838762659
0.0579227125478234 0.0426935805940487 0.00524323844825011 0.32536461704636
0.0298877261034335 0.139580049780947 -0.139381961597662 0.393154024385284
0.0857297726854443 0.301726764058108 0.0470912144084177 0.0766541655762196
0.235737335196393 0.129785454611067 0.0400900079149546 0.0156074800198096
0.211238763919519 -0.132804925664657 0.00451872218224703 -0.0475323603751414
-0.0198646170549716 -0.253981324716465 -0.0531001596642994 -0.101067986091975
-0.155509579908987 -0.105341043935284 -0.133776902914946 -0.0721701725902895
-0.138492693829224 -0.0154575973693996 -0.0957781524342966 0.00991064575613638
-0.137683513703623 0.0479408510001544 -0.00444623088860792 0.0086948225642886
-0.134830629015728 0.0720505861962972 0.0674320170812959 -0.0158171728162561
-0.119776397190918 0.0538315154705467 0.122502677819651 -0.0640231192261584
-0.113046656001284 -0.00208378632249206 0.196035153061961 -0.0514151266646015
-0.10581241831975 -0.0533796688221306 0.256167996010157 0.00920316680208424
-0.0505459735858782 -0.154364697479748 0.239570966095428 0.154571906995777
0.0975185258173297 -0.11670524838915 0.138815599363398 0.279392097088986
0.137426983885997 0.0771976459517864 0.00642056606320688 0.259231591358779
0.0614313143209945 0.248270316487359 -0.0969437561957816 0.315059335523207
0.0875886303644625 0.338849643281799 0.0724227402794773 -0.0126823344980362
0.240369149418984 0.142183010869308 0.101469869312974 -0.0391584600597429
0.219509415260641 -0.124537705461334 0.0238467717040258 -0.143068401323361
-0.00212131134603736 -0.254510594017172 -0.110511738004255 -0.167333989251072
-0.142138177418344 -0.125766018473875 -0.20260538169905 -0.0789517862530498
-0.141459385345582 -0.0371759521965541 -0.15117578533229 0.0272528579259871
-0.15446651415239 0.042149718199205 -0.055811529184173 0.0331726455274919
-0.153272163625259 0.0809816988096179 0.0120962668089739 0.00860135118663921
-0.140998059934481 0.0680714452039589 0.0738239099539756 -0.0457971505377447
-0.140294861230794 0.00862258746679127 0.168099759320814 -0.0377979418047629
-0.146458181106534 -0.0632248148150471 0.23767402774876 0.0310060102710282
-0.0731719059395132 -0.218450202999039 0.195286581160511 0.173536659007729
0.150238988838058 -0.170360764879157 0.0866875957002486 0.244751060497438
0.211981808063636 0.108514548872889 0.00542041029088519 0.163980277939064
0.0892641842256577 0.326413122504219 -0.0596042855265442 0.205618492303046
0.0850238978304795 0.330676177278603 0.112328347473752 -0.123188612152303
0.209003484545554 0.139266908923258 0.13842457655013 -0.139972213845882
0.199206323320428 -0.0892986507355253 -0.00561173990690521 -0.226825976873605
0.0257084116105401 -0.216230118836506 -0.171401083757807 -0.195006362393745
-0.101120773413404 -0.129655756432292 -0.243567546639195 -0.0712755388376648
-0.119023773693716 -0.0552945099662222 -0.191698593787119 0.0386379543277044
-0.146505926290908 0.0293613083893185 -0.107787810633229 0.0528788950634657
-0.150554793262502 0.0775496338922194 -0.045196066007594 0.0351954741601359
-0.143891830752667 0.0730965515712549 0.0264804912374351 -0.017289837699133
-0.157878502375234 0.0158624091611312 0.131883918185523 -0.00681441538990781
-0.173196138814906 -0.0783273605841357 0.185146668712631 0.0651856066579301
-0.0693959257242764 -0.268101533055545 0.112360708695725 0.166233603535975
0.203892926595078 -0.189249121747235 0.0359281024866931 0.163012067458467
0.251839640093271 0.14174946967796 0.0271107544331456 0.067471662460437
0.10015330755214 0.357675929825163 -0.0314607131054238 0.0887498162327895
0.0821760154562246 0.280249808828022 0.149624806799805 -0.237074616503819
0.161389944991618 0.120251325893654 0.132935308524697 -0.245468503297487
0.163906482951924 -0.0500366604253224 -0.0570914163138865 -0.269816210621497
0.0477837750887441 -0.162212546627517 -0.209571093291963 -0.190013212498635
-0.055642814341779 -0.116025227889222 -0.256655329234097 -0.0615220237892133
-0.08257834799624 -0.0615856035184319 -0.218466073728168 0.0397731124752308
-0.116075754579571 0.0140437937654465 -0.154639596134808 0.0659262349956428
-0.12649292776544 0.0606159513835372 -0.0952622163953219 0.0583598853544699
-0.127444227895939 0.0621441571957015 -0.0164048501262118 0.015415039181371
-0.1530128068117 0.0104302716472849 0.0825446147470938 0.0287122202676326
-0.160393413129767 -0.0952547995576546 0.104336078524595 0.0828415779775935
-0.0253403213716164 -0.268808496390316 0.0303218188335606 0.11056966513467
0.22894020793637 -0.147290542089814 0.0329100727350503 0.0596353901370729
0.228454483692515 0.166410641105442 0.0727771295518019 0.0116014606614761
0.0880912547189231 0.327979328582433 -0.0174448763134484 -0.0170728963199293
0.0752685862043897 0.197796886137673 0.172690633048277 -0.333687328875299
0.109323414407942 0.0851870491128357 0.100592152186935 -0.323759112285235
0.118109255279498 -0.0219559225837971 -0.100851806749972 -0.282115317514608
0.0503572165146302 -0.10390780471568 -0.226098579238614 -0.174733858971737
-0.0185541107862628 -0.0825726572254621 -0.255986567256755 -0.0522048848671962
-0.0398198779337621 -0.0520214147732896 -0.235072311350875 0.0389877688235133
-0.0713376146539515 -0.000553695594892212 -0.187911175985062 0.0734309843136965
-0.0834887074704836 0.0334855385787757 -0.129298334172512 0.0744458751740971
-0.0893829351640082 0.0361059585637966 -0.0498052358034874 0.0418722410943122
-0.113459980763842 -0.00534867773662223 0.0308255863451778 0.0498901007218232
-0.103359842154456 -0.0913529607482631 0.0290880825110014 0.0678721354807017
0.0261380108870474 -0.194504329644026 -0.00620177440078936 0.0334221277016591
0.187341145970455 -0.0654719798655445 0.0751222673628423 -0.0121740448933711
0.142175443174454 0.149928091896924 0.10854192229175 0.0109772163666382
0.0562235803471712 0.232569032369215 -0.0180093385797297 -0.0952146298828237
-0.00918482863466989 -0.0520642537004446 0.0933005112511209 0.16549248383467
-0.0627178851122451 -0.0621502622278317 -0.0260428749536934 -0.0303604583642203
-0.0867186170169932 -0.00756497540567867 -0.110964986571796 0.00483089253485109
-0.0445756167188194 0.0663218772557411 -0.0254823248473025 0.0122752893141862
0.0238352463580864 0.0513994444736683 -0.0175521334069507 -0.0274403116854581
0.0340316314779898 0.00591800095963492 0.0023059119585892 -0.0215696926990437
0.0253178360446369 -0.0155313133708038 0.0781809981164432 -0.029750713427814
0.0166072372257559 -0.010854750434379 0.155042187012394 -0.0495294746601643
0.0164157128434605 0.00503818210126796 0.216754625986757 -0.0635973972633076
-0.000910295112767421 0.029930631540244 0.258571805160794 -0.0287395139631064
-0.0264918227562813 0.0405200463216143 0.274194444388365 0.048384641271045
-0.0559644385509798 0.023226664148784 0.234531287479224 0.16891473786295
-0.059697303622346 -0.0178345860775544 0.126498424134969 0.293876186942705
-0.0604575507646475 -0.0640984543163144 -0.0635073903027106 0.367693778356755
-0.00964164634268579 -0.111037340048245 -0.229959916450384 0.420839804618106
0.035525997164974 0.099589304938284 0.0674811792305804 0.177467168590321
0.0714396435208266 0.0270371979968885 -0.0215588334215721 -0.0090964735980076
0.0458476841240523 -0.0652897692443463 -0.101777398647765 0.0187099721806887
-0.0391224946950682 -0.0793416244484926 -0.0235931882484754 0.016198100519453
-0.0644509485238891 -0.0107394064111468 -0.0218919798065536 -0.0316357493559969
-0.0441060129199549 0.00697777832260169 -0.00188151306144238 -0.0176991539466128
-0.0416039586291004 0.0156148634608063 0.0711343756541084 -0.0279954938962696
-0.0457054156467986 0.0223106515063453 0.147141945900129 -0.044746181688682
-0.0401937746903319 0.0184919847329878 0.206290245911197 -0.0648043049338046
-0.0450107337780155 0.00667062028813946 0.249963119616668 -0.0317766354624122
-0.0470379277216096 -0.00583738782090871 0.267631891359499 0.0350877118564515
-0.0348524703696935 -0.0377181549302401 0.23944260883706 0.155803966793174
-0.00244317884608442 -0.0335895390765172 0.150388600426815 0.292152730544236
-0.00868329276982038 -0.0024349889303328 -0.0251199316568242 0.364367957964074
0.00259078766563555 0.0160359218083119 -0.194467383128191 0.434499158153541
0.0667992886399035 0.227182584415101 0.045400622462734 0.147667931243726
0.17997060294668 0.101333164741049 -0.00514507242327136 0.0191319793779992
0.159019055105375 -0.106418000812109 -0.0507501644675017 0.0107879784957647
-0.0254279356905312 -0.199208270957725 -0.0245388940188376 -0.0284489485315651
-0.128646826535018 -0.071637251246159 -0.0664005220535009 -0.0542133479666123
-0.108903824974487 -0.00329796968815118 -0.0414056945636657 -0.00525689100165771
-0.102472039925764 0.0364171686553628 0.0417596580451845 -0.011585654470004
-0.100771173807184 0.0511987926869527 0.118388270621853 -0.0329690069432118
-0.0904040710688188 0.0341691897986259 0.174259440283998 -0.0662698762782341
-0.084528819451574 -0.00767209650324933 0.228838075505801 -0.0418962991980105
-0.0724003129137336 -0.0402601331290365 0.26498645804237 0.0196360240534726
-0.0305698042482551 -0.0992561193806794 0.247875424745927 0.152760320418338
0.0521614486743868 -0.0654370574502552 0.158038864927499 0.293646867216773
0.0601661734347352 0.0487342605781301 -0.00439300066249566 0.328929351442583
0.0270150870386261 0.143712527314458 -0.149277665591858 0.398898539645343
0.0798794047258106 0.310070093225966 0.0456460844118049 0.0833459822772877
0.237768374925576 0.140723953516213 0.0432353738779771 0.0214394775837348
0.220574012266826 -0.129857448367486 0.0111000607461615 -0.0468856229652687
-0.0140682046909778 -0.261094557971764 -0.0488872972535728 -0.105577467764439
-0.155748233031742 -0.113469863562778 -0.137940384082922 -0.0782839983310579
-0.143822013494884 -0.0213818285629127 -0.100123810874112 0.0100156606738538
-0.145143180009118 0.0436414342494043 -0.0047029107065943 0.011398713526843
-0.141917145224583 0.0715302185229479 0.0715393391780983 -0.0143338858073506
-0.127388211050961 0.0514891514620635 0.128279614497298 -0.0607850747955521
-0.118139481253358 -0.00755512390670285 0.203558503790367 -0.0470360674292592
-0.107628198168295 -0.058225627616511 0.261837761760437 0.0175547399745297
-0.0467880519876231 -0.16175147714458 0.239742529736508 0.165116971020723
0.103883544412112 -0.116487719885406 0.135378420476724 0.287890246472783
0.140489665645658 0.0872744287907244 -0.00123835624313324 0.261343715174198
0.0568059375291327 0.25581428305035 -0.105062105599753 0.319307238444691
0.0815938177985055 0.347068192503702 0.0733880073676309 -0.00890450007397128
0.241496948493511 0.154507172162534 0.107658062608668 -0.0339901603139659
0.2293122655904 -0.120799115714737 0.033458013811688 -0.144129166361599
0.00523782074653648 -0.261088313850004 -0.106269231408301 -0.174051228512476
-0.14242306761181 -0.134437908341602 -0.20694352381689 -0.0868597849887215
-0.146990345311856 -0.044293747035925 -0.156956117582352 0.0255303948095519
-0.162441270521756 0.0382585234856843 -0.0580363480665612 0.0348040885560461
-0.1614275625537 0.0807483272243762 0.0127401037786886 0.00950821378866426
-0.148967121245041 0.0655850418437226 0.0766731191192195 -0.0445363363381643
-0.145926721938997 0.00301103655886715 0.173526685835381 -0.0347856781322819
-0.14849162317702 -0.0698093825831073 0.242927031117228 0.0378334271829326
-0.0686957015653957 -0.226544565226262 0.194045076361343 0.182859416083088
0.158289291300592 -0.17018902196127 0.0827849094715671 0.251418679691534
0.215923671435119 0.120489290590845 -7.40986000451721E-05 0.162741689197106
0.0837749693248662 0.336797208204905 -0.0643100320129709 0.207673358200242
0.0777008661834029 0.339143442754677 0.117887356181441 -0.121784457324068
0.208771290207959 0.151563359104914 0.147362409415203 -0.137481554450427
0.207175655674469 -0.0850897502349099 0.00347860240527373 -0.23053355587293
0.0334331206032179 -0.22129991732449 -0.167808767521342 -0.204197418523228
-0.100119682218854 -0.138439743280801 -0.249459689473477 -0.0806321861335047
-0.123285887032101 -0.0633302019601081 -0.199409421641114 0.0339416671260093
-0.15397690313073 0.024054980595432 -0.112771336124639 0.0534333788021024
-0.15780392420353 0.0768234700864479 -0.0479602796163017 0.0356440998342657
-0.151965952565166 0.0703566773779881 0.0265606675665182 -0.0171333945822018
-0.163742502921012 0.0103898303378303 0.135627109125423 -0.00524737837119196
-0.175882656149216 -0.0848108338114208 0.189647471271197 0.0719466808800388
-0.0648708145651951 -0.277612237629046 0.109839615133254 0.173891665728877
0.213283881486935 -0.189244101634276 0.032149239566729 0.166996966906519
0.257194345143378 0.154828870234591 0.0245416489983473 0.0635957979179583
0.0941939129624188 0.367868296502123 -0.0330485693338032 0.0870565084406522
0.0769460641383174 0.2877152039089 0.158811499739514 -0.238657832129511
0.16097164292074 0.130496359845523 0.143804537092928 -0.246102157885163
0.170525959774261 -0.0458712283910009 -0.0475496162385289 -0.276144399699984
0.0545534350546183 -0.166608047349716 -0.206319792943932 -0.200224556590014
-0.0545707408111906 -0.12365735608395 -0.26153210215422 -0.0716216070343399
-0.0857702198787747 -0.0687605053968453 -0.226942309263399 0.0342063918402937
-0.121737521182499 0.0101467955179307 -0.161330260996329 0.0647904152592376
-0.132250791703442 0.059857677996001 -0.10063594299276 0.0584359614319856
-0.134412437577704 0.0596181697971324 -0.018806119174318 0.014815189900283
-0.157454773192329 0.00560838472686185 0.084359821894467 0.028038925431671
-0.162776948796933 -0.101306286170366 0.106264174927789 0.0879317125871909
-0.0207496737892161 -0.277565350255531 0.026671825864554 0.115771404292747
0.238640261154369 -0.146521278197343 0.0303179178186536 0.0607532858930771
0.233417582918356 0.179194396575037 0.0716947409188755 0.0060457694587137
0.0824809459187248 0.337688337971426 -0.0163588753503426 -0.0216107911068149
0.0724966681581571 0.202693425885421 0.18401285354172 -0.337392661273041
0.109144375314502 0.0929894970551216 0.112873399704259 -0.328005411845733
0.122378177073103 -0.0185494449779069 -0.0922529933748193 -0.289004084359073
0.0549026260397483 -0.106022232810225 -0.22396076390015 -0.184699462476302
-0.0166674635168165 -0.0875313420245026 -0.26098770927917 -0.0631570043107396
-0.0414381966403985 -0.0567852053182575 -0.24300440768006 0.0322564383169728
-0.0746396419896905 -0.00395008596740873 -0.196181185224502 0.0710438685130427
-0.0876759446400529 0.0331325436441275 -0.136789744039419 0.0726815273119219
-0.0944224895283746 0.0346391951236309 -0.0538708932508861 0.0403173688516228
-0.116591986490609 -0.00856937728836652 0.0309673023947572 0.0492266538251095
-0.10419686883067 -0.0953758209537605 0.029454203245999 0.071967276327506
0.0294252464627857 -0.20071320616986 -0.00895564957243559 0.0365128526640669
0.193066007128992 -0.0639534964283585 0.074165925071853 -0.0124845363746324
0.14491858429687 0.159633044679862 0.108924379946064 0.00535867444481839
0.0531396024233053 0.239476134464014 -0.0160795877657402 -0.102884687162882
-0.0108747506432274 -0.0561319456080564 0.100470182139293 0.176763731657416
-0.0695415380606832 -0.0639786377919203 -0.0245824037776846 -0.0244833394128067
-0.0920287146133404 -0.00521567032020891 -0.110528241294479 0.00883881206201118
-0.0440797882602389 0.0716750827671502 -0.0230663680306102 0.00932891544879609
0.0263948602907059 0.0530751988968684 -0.0206952792118349 -0.0293060809387136
0.035838640042345 0.00579704958513733 0.000742107663304695 -0.0196680194970852
0.0255996796718072 -0.0172250538172658 0.0822091955757044 -0.0309075534341428
0.0164610233139325 -0.0116156904215394 0.165511445916807 -0.0548084231445668
0.0166363612970051 0.00492603392848374 0.23061583501942 -0.0702886999795293
-0.000543946917464722 0.0324411650714754 0.273431438853192 -0.0322705631516465
-0.0269850143427662 0.044336403344743 0.288103092480873 0.0488683094429178
-0.0585949981256993 0.025442099669817 0.245244846453237 0.175951728851466
-0.0639125255212698 -0.0187296586232247 0.13450882973659 0.303762257848632
-0.0629824499341283 -0.0662868878745653 -0.0621581885870594 0.383409349862712
-0.0109234378881522 -0.116976114946175 -0.232072052032273 0.4440978583606
0.0377598307456836 0.102400010258175 0.0735879593070459 0.190172462915598
0.0730937901415042 0.0287782061403884 -0.0199313668057697 -0.00214301603917755
0.0461829374924613 -0.0678312207819955 -0.100244404598414 0.0243326373692956
-0.0419190502793698 -0.0824346808637217 -0.020592327363962 0.0149521241214978
-0.0664855933102261 -0.0105968650897798 -0.0255935699202595 -0.0335509882219235
-0.0462868165469503 0.00701071369937041 -0.0036878744694631 -0.0157673113496134
-0.0451923811995631 0.0163086266610294 0.0756631154741545 -0.0281238113658931
-0.0492149465828217 0.0248929112447781 0.156831450590131 -0.0499787443601204
-0.0441437658707088 0.0195303039760001 0.219239242236967 -0.0718386319328312
-0.0483011343228137 0.00736984008814715 0.264308205282264 -0.03594712856105
-0.0495427620464442 -0.00460290647185092 0.280505768187354 0.0360061695242724
-0.0372485070859745 -0.0395955814516129 0.251164174174252 0.162160151667253
-0.00319274664660505 -0.0349060478129167 0.159396412670311 0.300997677694756
-0.00718362186352011 -6.30750750500852E-05 -0.0220123945418786 0.37867274684479
0.00352257367369294 0.0152379996230851 -0.195806666556682 0.458560519884236
0.0725348821752011 0.235219077450658 0.049942493077712 0.158078408302541
0.18883402431857 0.104896601670864 -0.00227069532722772 0.0264075284492647
0.164253605060725 -0.114174462175261 -0.0470576629660326 0.0150920447508324
-0.0295618575761287 -0.208448773411281 -0.0229927037142386 -0.0320185428102455
-0.135876455655347 -0.0742146329029914 -0.0731369039833636 -0.0558754317450033
-0.115548888469032 -0.00262844406759008 -0.0450524406083434 -0.00237849790632265
-0.10970979905343 0.0393434728085784 0.0449419217722333 -0.0102470003246077
-0.107212673510892 0.0567999101511562 0.126596494008012 -0.0365480032252582
-0.0967789413434821 0.0368422198553826 0.184286424328595 -0.0716902148872579
-0.0905571660735787 -0.00819784205716426 0.241802078405669 -0.0467246208657798
-0.0767756566229049 -0.0416723063936673 0.277860475423202 0.0189693446248137
-0.0324576053289305 -0.105085175429788 0.259827859210502 0.158403434427906
0.0549567161976045 -0.0681677484852652 0.169042772683041 0.302149548769993
0.0652815097109736 0.0534634372761083 -0.00163359594860325 0.340922843000481
0.0302427935024867 0.14870276624254 -0.148953191471704 0.420688268171048
0.0874999424644893 0.323651711528362 0.0483909697489411 0.090107597201552
0.250357311658162 0.146952413236859 0.048485198716146 0.0267781921499491
0.228029274445267 -0.139307606841302 0.0160988160192822 -0.0469326730506943
-0.0186817256063118 -0.273662913873718 -0.0506553148501782 -0.112091056977017
-0.164942494496501 -0.117646285821129 -0.148692012790757 -0.0804149134484506
-0.153571802607812 -0.0224681502125418 -0.10697022106491 0.0146767774644419
-0.154289444061431 0.0473777901098459 -0.00372440946492042 0.0150468008228851
-0.149410841566914 0.0782591365774156 0.0769159030728629 -0.0158657798669283
-0.136301999358388 0.0550747658538494 0.134576317081956 -0.0653225550095559
-0.125954122862971 -0.00861058209332722 0.213650098347077 -0.0522583093874719
-0.113207598274373 -0.0614087051177539 0.273889272269882 0.0152846824583403
-0.0505992903831128 -0.170282649462599 0.252173907602179 0.170587084407632
0.107850295823647 -0.122771385160511 0.145250054243835 0.296885183709151
0.151021107636953 0.0934144999997975 0.000394963634294794 0.2686781009308
0.0634037792649468 0.267051422913201 -0.102408219642495 0.335274354116145
0.088616326001468 0.362370081584947 0.0756959070449803 -0.00780485876147043
0.254585850617314 0.162242378086648 0.114604799343448 -0.0344127968184795
0.238645877188148 -0.129128245660688 0.0378612500828006 -0.150026471886826
0.00169344778969438 -0.274260628954964 -0.11151665197551 -0.183090794808227
-0.150747183395691 -0.141503781830377 -0.221008304800221 -0.0876763735892614
-0.157155117003607 -0.0472196374547578 -0.165873654224236 0.0304269597666228
-0.173374874887019 0.0406721906726297 -0.0605771969402471 0.039750335087174
-0.169589479442133 0.0892318469187662 0.0142187053153113 0.0100789442333534
-0.158460614780828 0.0706742797265947 0.0795958340803348 -0.0469827287461995
-0.155551453902915 0.00237760568695753 0.182195007252061 -0.0392741317722076
-0.156285715566116 -0.0712979037606412 0.254922853055441 0.0359618241382627
-0.0751525560884101 -0.238033627549074 0.205458422800736 0.189373368061113
0.163500396519867 -0.179740233969475 0.0905884386953865 0.259913136929576
0.230820429300992 0.126608258115873 -0.000670096282531701 0.165612125991546
0.0934329947580511 0.35195898608339 -0.0626582124059643 0.216365512708651
0.0854318208187703 0.352726848071519 0.120544109450229 -0.128122155257781
0.220610421819022 0.159222461784068 0.154536761832103 -0.143786340937145
0.217080521351257 -0.0913342942285321 0.00484524062422589 -0.240325846649596
0.0319635437937405 -0.233841800323581 -0.176385568734793 -0.212104626169407
-0.106977381109322 -0.146863707963823 -0.264023354714796 -0.0816094244805267
-0.134058766069698 -0.0678265354876168 -0.210418832294157 0.0390288746228111
-0.164655991808915 0.0268232577479027 -0.117989389280323 0.0596335053318462
-0.166345992767459 0.0844499940168749 -0.0500604593224654 0.0393640032458096
-0.161724545038265 0.0760131087693697 0.0268888716713992 -0.017775948352893
-0.172982407528161 0.0114304721984329 0.142751049073388 -0.00883065785514703
-0.185068771589373 -0.0862039870202077 0.200731629512358 0.0716021229575637
-0.0728627539543206 -0.291395926236854 0.11668993720973 0.182000773878497
0.221171940302482 -0.201564438245017 0.0361409326795671 0.172167641778652
0.275074095166499 0.161415255652516 0.0232756547611595 0.0594753983538175
0.104907501036717 0.384446418940233 -0.0322383220481687 0.0881111505755583
0.0833449049495192 0.299155117184886 0.162144389221537 -0.251017308675835
0.169494862350959 0.137786667207748 0.148037663735512 -0.258955175273895
0.178843605555241 -0.0501272008579748 -0.0501720031413918 -0.287085409349664
0.0557181895250827 -0.176156666926234 -0.215735493233946 -0.206922073184956
-0.0587921295894742 -0.131972676388654 -0.276748847038298 -0.0733648904838721
-0.094491954775012 -0.0740002449053687 -0.239067916818008 0.0375157027922476
-0.131576868149945 0.0108960746758492 -0.16906558567762 0.0711067904319051
-0.139847683286478 0.0664459190803753 -0.105809603080067 0.063973043156468
-0.143215784842195 0.0647170453060512 -0.0205616908863918 0.015596755202697
-0.166251063557515 0.00691081861643253 0.0888025221172015 0.0261698434733354
-0.172345371449747 -0.103417371151036 0.114229827237272 0.0913199295873638
-0.0271326157423398 -0.291905557719789 0.0281949187666779 0.12330229949871
0.24683075948068 -0.158360033576054 0.0305822388486302 0.0604926079339393
0.251219000792316 0.187226372109296 0.072410700378587 -0.00263258294195135
0.092585276277067 0.350817530339425 -0.0176042229031556 -0.0269203195933269
0.0783802873435899 0.209401407532987 0.186988240694339 -0.356230720356519
0.11492352195876 0.0975102699017545 0.114006850297991 -0.344565100996352
0.129336508551744 -0.0216447908040419 -0.0963942091841286 -0.299069247438762
0.0567459654422894 -0.112354097568187 -0.233460214296649 -0.190622366646393
-0.0186736285537974 -0.0936511513389421 -0.275334406403848 -0.0645146172122712
-0.0465197421708471 -0.0622991830397194 -0.25603013113237 0.0345272504172962
-0.0805503176394978 -0.00453500737043792 -0.205829137195446 0.0777180540327507
-0.0923411627213892 0.0371653674069571 -0.144156040147989 0.0804565612793775
-0.100545741655535 0.0377279377324386 -0.0577501827585536 0.0425830147235444
-0.123348614583317 -0.0076604093751982 0.0335603656966953 0.0477213259828172
-0.111310845138856 -0.0981285962537252 0.0341511153265584 0.0758696503147732
0.0269186957242193 -0.212337176071974 -0.0121397561551513 0.0410018281992524
0.201444369412147 -0.0707325863021442 0.0740128317769196 -0.0163369933696149
0.157545123519343 0.167236167942038 0.110904723094506 -0.00420844125373287
0.0613130900875958 0.248352320713171 -0.0186091951442356 -0.113046573365589
0.00255462179547886 -0.0596653473495337 0.0719043884803637 0.197051045535799
-0.0609885147586048 -0.0752540066407536 -0.0206737578535734 -0.0225170099823098
-0.0934213321205503 -0.0195011446777181 -0.114729104026157 -0.00548743750785291
-0.05453991218921 0.0655139359493806 -0.0261836227889064 0.00614944179845949
0.0174426944122399 0.0583132689877233 -0.0166414271276729 -0.0311826086161374
0.035167082671987 0.0125872800594147 0.00281633321630143 -0.0165138571038339
0.0274784403738179 -0.0128895716854936 0.0935428011645919 -0.0170079061307622
0.0188305881614027 -0.00886027596500976 0.183854460632848 -0.0299152905634483
0.015237887287674 0.00825907233847794 0.254315675053897 -0.0358324368814962
-0.00446906613359856 0.0338676734688548 0.289131910302445 0.00906230021779823
-0.0348174068535271 0.043507174890424 0.289169527317556 0.0954948121084882
-0.0649042050624623 0.0203339335215077 0.223098654471624 0.219587626315231
-0.0647253935145351 -0.0294619029432828 0.0893417631639047 0.3302500179527
-0.0532205330866225 -0.075008671421853 -0.124112495925014 0.379473714117584
0.0111732007422008 -0.122812087598952 -0.317835011668035 0.422561212534952
0.0231402737555339 0.109800792024955 0.0420994320657576 0.213372669792801
0.0671899092017266 0.0430912418692894 -0.0160245750636279 0.00328918865890672
0.0560556530560763 -0.0575860750464701 -0.0978630411701825 0.00781782903418504
-0.0277598543223339 -0.0886914996987802 -0.020222665182717 0.00279037238804578
-0.0651282698325901 -0.0223202008542497 -0.0275228453889137 -0.0389772813662669
-0.049593997944452 -0.00150278666942375 -0.00457814238087455 -0.0128290003901318
-0.0495400611636487 0.0087458001434567 0.082893125124771 -0.0159344583427032
-0.0556716218433662 0.0156352549695689 0.174239763586178 -0.0257152692902623
-0.0504177012908506 0.0121163282131829 0.243013903760537 -0.0405694387259843
-0.0502400624473646 -0.00228428488973015 0.281053934680977 0.00374892029148979
-0.0481696574845109 -0.0137394203818985 0.284088036235832 0.0829118789251151
-0.0300761883390098 -0.0448797590130256 0.230797166151457 0.210183738861518
0.00262237823303748 -0.0318659068936203 0.115760152112325 0.331820061084748
-0.0085252397887828 0.00531289742334854 -0.0848692542701941 0.378366205377271
0.000152144619462891 0.0215203063190023 -0.280703076634371 0.435869660504039
0.0331584303872099 0.251117603747952 0.0243607247138042 0.181861725738651
0.170450054084859 0.139614059927428 0.00123395275372596 0.0372634227942687
0.184005421212484 -0.0843892672495476 -0.0348871951837758 0.00467243496478484
0.00310100750006338 -0.21228596785966 -0.0116747820422242 -0.0531893925969385
-0.124065404684504 -0.0978794997199007 -0.0776317619727753 -0.0727593000340415
-0.118813618782021 -0.0242958521721832 -0.0504009278453115 -0.00692627653456805
-0.120207141129174 0.0199500306917276 0.0452313996810752 -0.00234745073393734
-0.122116289178036 0.0362242133198253 0.140077384557182 -0.016118270142463
-0.10838705754897 0.0188029799791225 0.205764494240691 -0.046109957381168
-0.0919006462362839 -0.0271197872797688 0.260118401290159 -0.0112593737191003
-0.0679029119338688 -0.058804009323542 0.283986037717663 0.0660699370214689
-0.0126000246150544 -0.112292334615269 0.241934093987141 0.210697258175794
0.0697669277887084 -0.0532098006388993 0.123426018470945 0.334491754202816
0.0562008781684684 0.0760341550287857 -0.0607696569885905 0.340092810424181
0.000318944055944424 0.167346894449637 -0.224210912142549 0.3982942537703
0.0312981955267132 0.342181247695608 0.0335418170822943 0.115605896802856
0.225191973365791 0.191498391126963 0.0546886499370357 0.0451322750202247
0.25282092374126 -0.0988652494198633 0.0434502306488887 -0.050634254951061
0.0234156342102437 -0.276323273845104 -0.0255082969148717 -0.143897750134871
-0.146100603620968 -0.146249390892273 -0.153369589596375 -0.110590662124866
-0.154840693340578 -0.0508925078961099 -0.118473969739838 -0.000442300897769206
-0.167977622325166 0.0199419025991216 -0.010237818078635 0.0155005830894031
-0.170299130502136 0.0515818915300809 0.0827489066385997 -0.00346272630425673
-0.152478983412012 0.0304988567270687 0.152650090993575 -0.0486058616839692
-0.128817252529154 -0.0353319713247897 0.231960606071121 -0.0220750520002893
-0.101268250745376 -0.0868594951106886 0.282066303450042 0.0623631697450875
-0.0196397169099959 -0.181920752243343 0.234752273903701 0.224400499341775
0.136131672192899 -0.0974542951934394 0.100458488737742 0.324950209766698
0.137057048890523 0.133140159525236 -0.0512639370341094 0.263743407127075
0.0127685884054982 0.298669665651419 -0.159441396352643 0.30911895571523
0.0242650239216194 0.378734737945972 0.0768398692888962 0.0214248381814494
0.225520891253222 0.207296028825595 0.131576961637723 -0.00761524824781071
0.260423072544444 -0.0868007275944698 0.0816152120182139 -0.151937813725425
0.0431835960520405 -0.272924952093578 -0.0762464726044445 -0.225635624954363
-0.12878363305472 -0.1667878740521 -0.225852918854472 -0.132092356967669
-0.155438944469424 -0.0778947278853605 -0.181866522125438 0.00526580699757846
-0.186805700956099 0.0111232728149506 -0.0742037735113096 0.0304488168207217
-0.193246521257088 0.0585281107278064 0.0133947411363089 0.0134360802313296
-0.17809337689389 0.0417938972917452 0.0915564353951031 -0.0382950088108243
-0.160503571353653 -0.0285269575195562 0.197760454047284 -0.0164170511713723
-0.143077846602815 -0.105791070930797 0.26090545838203 0.0800683311311859
-0.0349020043012563 -0.255509811957384 0.187693308132253 0.240051230108692
0.204357664622048 -0.145905690838426 0.0481759375320559 0.280084880423851
0.215127945745539 0.180771427735882 -0.0396713425762516 0.156482475830346
0.0269251333243932 0.393508211232465 -0.0963748653014648 0.189952722245136
0.0191469547383516 0.365900046196744 0.141993994434843 -0.0938845914567097
0.190174496045788 0.19761204586749 0.187405391482649 -0.115635804604726
0.231041843798127 -0.0522568052754504 0.0598460147035025 -0.247824766204448
0.0671146000920993 -0.226320194446397 -0.136891801442147 -0.262752091875608
-0.0843675322522479 -0.16538665090663 -0.269152815880136 -0.133648798408544
-0.128928134084102 -0.0942219618598576 -0.228455153127627 0.00404090373579617
-0.175737303545813 -0.0023567897357763 -0.137119023833568 0.040740565888746
-0.189047749432029 0.0552324589799786 -0.0590985963743872 0.0320265276255653
-0.18261754778996 0.0476588993983113 0.0313075058258 -0.0168641539709057
-0.179890197317832 -0.0222840273256318 0.151715469341723 0.00682696634692712
-0.170695824130341 -0.125630740444153 0.202784865776701 0.10799474587211
-0.0247354307671849 -0.310824819017175 0.0994015992353712 0.221556494563274
0.267099981858708 -0.158906090755977 0.00308659944368829 0.182375058972769
0.25566632938097 0.223080275941673 -0.000693578871675203 0.0486482450263078
0.0348200416332046 0.427450682260102 -0.0436580236264888 0.0602528310391356
0.0273896249207078 0.308547184487232 0.204363190083993 -0.214771382042736
0.141624259498439 0.167189333702188 0.198319298211758 -0.235438261239308
0.184539681602944 -0.0174331414682661 0.00904677823376578 -0.300993313391762
0.0808408637428283 -0.165452693604824 -0.178531526260175 -0.25867041974049
-0.0385820938035711 -0.141249828488492 -0.279047850852767 -0.128227434281126
-0.0874918729986985 -0.0937053388675997 -0.256647804661436 -0.00239868607106606
-0.1390989055591 -0.0133805280994043 -0.19231219048501 0.0444414895518421
-0.157449805915161 0.0418385204560058 -0.121000140640772 0.0494751495181495
-0.161161541966952 0.0399555580640624 -0.0239192924805889 0.0096203036429786
-0.171560924385416 -0.0243112747793287 0.0913340115362854 0.0347954532014476
-0.155496749485038 -0.139972804335976 0.111973251428298 0.116098740905331
0.0201785509567521 -0.30551324860404 0.015225999265687 0.148757397191823
0.286042558821353 -0.111359180558811 0.0130880143132677 0.0662161164683229
0.22779857517644 0.243373753627187 0.0606229915736357 -0.00846987194009627
0.029719335382534 0.390159753642038 -0.00859572922260667 -0.0550355373200144
0.0365368191266283 0.214121712629627 0.247600239239259 -0.320916578365731
0.0926643378616217 0.116183306387636 0.173748713680063 -0.330574368451072
0.128972465814117 0.00161803601202448 -0.0398206118564859 -0.319762850562276
0.0706346018964228 -0.10117742339628 -0.199690253976624 -0.241704379473692
-0.00444937169200032 -0.0949181783948476 -0.275356164423327 -0.118119904323587
-0.0398311761724083 -0.0724393993531374 -0.272721225875924 -0.00859226910337951
-0.0838953183670961 -0.0193768679014596 -0.230585331263457 0.0450123159138772
-0.103899286962192 0.0217888406100649 -0.163622506475577 0.0595741958019592
-0.112010404813141 0.0192592717125651 -0.067345400840913 0.0318492795259812
-0.12474218298252 -0.0303615594530323 0.0305984170121079 0.0487962165456169
-0.0958142109647806 -0.123030723605976 0.0297263072517029 0.0882932174952992
0.0619989051609735 -0.215526552245816 -0.0177729256349268 0.0550184281294546
0.22361253803447 -0.0316401416603027 0.0703888436759399 -0.00968524509824097
0.135306649668999 0.204585227293486 0.104377993847253 -0.00357302781990766
0.016591490176916 0.273246240742082 0.00396260376939605 -0.138441117579301
-0.0035148112186049 -0.0616733856030284 0.0873800889978056 0.193757883161705
-0.0691691366578893 -0.0679848558810827 -0.0190985861122549 -0.0132045788471523
-0.0958427183472577 -0.00964872184922596 -0.108520334141881 0.0064459702756916
-0.0478629577613384 0.0697596841018656 -0.0221422516681344 0.00403042815390867
0.0226223968724813 0.0561274470622771 -0.0214919462078531 -0.0313341253091912
0.0362551928046661 0.0101775761073836 -0.000423583605029219 -0.0131148074292991
0.0248549510208427 -0.0143963245345419 0.0924731761303653 -0.0231507719492548
0.0175731513038283 -0.0103615553546108 0.183665797132779 -0.0456303999601477
0.0152348388393566 0.00771921746729726 0.254623896215211 -0.0579241536723085
-0.00156663801370454 0.0349560888879385 0.290546415202947 -0.0134270215971193
-0.0299974459767386 0.0478205201772555 0.296295090199141 0.0735802440054088
-0.0637323943884585 0.0252688171252129 0.236679219750446 0.202354834155793
-0.0680210347781463 -0.0244359416667433 0.11175807883967 0.317359072617634
-0.057142302116223 -0.0707156323462622 -0.0935340302509365 0.384209824509737
0.00157263080427137 -0.123953782895044 -0.276328612020523 0.44379471443785
0.0307529952996993 0.105547764747505 0.0594170633798268 0.212328633424873
0.0693262107312584 0.0383661695897018 -0.0125979705818146 0.0121160450174975
0.0495706566196028 -0.0597618988222729 -0.0909484490598022 0.0196717539647007
-0.0345589311814445 -0.0856179741885586 -0.017094584648392 0.00077645094627427
-0.0655560461014019 -0.0171179312809314 -0.0335436903896854 -0.0372782184521831
-0.0499023944161815 0.00248734410283973 -0.00691992747251526 -0.0090796652153063
-0.0515968418868806 0.0124349920717275 0.0830054563123904 -0.0194019999042389
-0.0552060288307766 0.0212216830022958 0.174358771039168 -0.0411577862455893
-0.0512957344990764 0.0161256824123583 0.242233286246626 -0.0599733362763578
-0.0510230745578743 0.00140610618958971 0.281605408325822 -0.0185372597942536
-0.0479399745136842 -0.00946763101703624 0.289001789483624 0.0627212854268941
-0.033845366552556 -0.0427530549962581 0.244037225341858 0.192189136599195
0.000521653828094982 -0.0311255928265329 0.137898752730315 0.316394546729848
-0.00539903004205368 0.00766020385612584 -0.0552190943075046 0.377511765400168
0.00104807296392905 0.019518899076186 -0.239736898434588 0.454121319029514
0.052153760963556 0.246211091373766 0.0385173635389919 0.182907583517771
0.179516634985745 0.127106099104515 0.00673724104674715 0.0431449224150996
0.174120511244407 -0.0976436114319521 -0.0290414412949971 0.0106407766857041
-0.0137446193980575 -0.211602931173119 -0.0133672217553298 -0.0546313487264407
-0.130033852974779 -0.0876103050870927 -0.0861718139375835 -0.0651314612618033
-0.121380189589331 -0.0151106885146756 -0.0531047864163629 0.000802081050714386
-0.121167294183935 0.0297925415320837 0.0467802794844773 -0.00334695258967788
-0.119983695030803 0.0484464791295945 0.14000590204423 -0.0286258277772323
-0.110083081174224 0.027628357188058 0.204197061140011 -0.0630493724343807
-0.0954561133093769 -0.0215406274983024 0.259179908641203 -0.031596136913482
-0.0714527590638236 -0.0542533251227204 0.287440036769599 0.046052115128075
-0.0215376583632817 -0.111884741389337 0.255159102147985 0.191574180865628
0.066355852039145 -0.0570713109190785 0.147428532310732 0.315958379741338
0.064537401155741 0.0743461950149469 -0.0346729895997312 0.337994458055404
0.0129698296659113 0.165165148193491 -0.186496328782994 0.411547967313859
0.0578731419106831 0.336312172758099 0.0416635173722497 0.114920647571057
0.238295801522009 0.174831483670652 0.0596161102496612 0.0456989906473917
0.241747961599758 -0.117207859851569 0.0437568722170073 -0.0506824295489755
0.00112161497269038 -0.276784281654223 -0.0351430129593455 -0.143297205535608
-0.156529761305033 -0.134535981205786 -0.16373940557872 -0.0968906913280402
-0.160535699541279 -0.0398384966668698 -0.119125460867647 0.0131903227709556
-0.169160140233074 0.0331320045944832 -0.00773669328243146 0.0188866522322899
-0.166747519381956 0.0673853537814578 0.084207434558922 -0.0102950484421617
-0.153081143811554 0.0421144130373889 0.14914018023218 -0.0593342717915007
-0.133333726780602 -0.0265411768533343 0.228835176760866 -0.040848113971273
-0.106211755984868 -0.0806146558396151 0.284789185410152 0.0401639341689051
-0.0341048340741091 -0.181219978696338 0.249877984984584 0.204401124544416
0.128075110722771 -0.105249585594007 0.125008897620745 0.30980672243161
0.150167313254247 0.124842602651203 -0.0318644226512112 0.261551114954008
0.035845742332768 0.293793558126287 -0.1306887548102 0.318718476338092
0.0530546493485255 0.372632555659694 0.0761768098001314 0.0170391473684186
0.239725413256596 0.191291482772584 0.130984126150531 -0.0142947294435023
0.250623241818116 -0.105371823424707 0.0725490593106653 -0.156136661502033
0.022433511070686 -0.276263732642644 -0.0919352095362558 -0.219468340274023
-0.140016449055091 -0.157886420512225 -0.237203481866263 -0.111830040058274
-0.163354073405484 -0.066403689428926 -0.182226974894214 0.0224406734218068
-0.188806839831312 0.0255019710340845 -0.0708535327647832 0.0387351329100598
-0.189300602070373 0.0754274387891894 0.0154998103629899 0.0125745033574687
-0.177898278322718 0.0554993602772941 0.0879049588815936 -0.0443677480549515
-0.163946641164469 -0.0191060671859696 0.195006992679183 -0.0331193757539464
-0.149485108740545 -0.0951401006847634 0.266656621709805 0.0588942267551533
-0.05441313929676 -0.251815791137894 0.204490846007801 0.222637318203776
0.192193709167491 -0.159695722020822 0.0696784719109858 0.269302619145774
0.231122059384543 0.164571868756025 -0.0297599664130809 0.152834081060982
0.0584661633071698 0.385888999804045 -0.0788090868995545 0.193639689789135
0.0495576987624206 0.360931893615433 0.13169649477138 -0.103591109629931
0.203919664509614 0.185609402686926 0.176898171105527 -0.127548708627685
0.22547421109242 -0.0689694158058534 0.0437049379244118 -0.248630570596581
0.0498065806407368 -0.231737387877315 -0.154592200128229 -0.250238643587507
-0.0966871654084699 -0.160643856958654 -0.279137936679094 -0.111221802974936
-0.139107918017141 -0.0862636113758671 -0.229011292790416 0.0239987384727495
-0.178690218785974 0.0110923587616525 -0.133825184416159 0.0526141883500628
-0.184557480313238 0.0720206726160946 -0.055884561689104 0.0375297228240662
-0.180727450529437 0.0610317433515098 0.0290316213231373 -0.0184949660124092
-0.181336713402333 -0.0106727042757549 0.150851393754264 -0.00708258887383698
-0.178290800839615 -0.111716419979521 0.211788044489895 0.0909489352497443
-0.0513350620929013 -0.307505094895157 0.116092636216042 0.213398877676744
0.252371226969129 -0.178441465596542 0.0166216514030201 0.176391656407753
0.275348446078838 0.202576298551111 -0.000269574531277278 0.0415944227166448
0.0697832558753538 0.421430146871353 -0.0373412604494622 0.0596687474372387
0.0498017895563975 0.303014746808677 0.183756512047147 -0.22922015438438
0.152393192121947 0.158776457459544 0.177208071356943 -0.248107972587687
0.182611832262609 -0.0310370176411607 -0.0119834661110385 -0.298095293791026
0.0683111865733267 -0.172877899678752 -0.194551154471191 -0.243540131517799
-0.0498461866842105 -0.140578125369619 -0.289166719974769 -0.10576128027836
-0.0978985937592898 -0.0885183717948189 -0.258088156303107 0.018164853786427
-0.142940746021638 -0.00301162326899917 -0.188506215643627 0.0605107162845857
-0.153996641437288 0.0563132834252967 -0.117528854119891 0.0595472791178577
-0.159437162258856 0.0526564720208192 -0.0244895560183388 0.0120012318866653
-0.17310798532017 -0.0125403060640431 0.0926487340908881 0.0235332605951216
-0.165250439180382 -0.126192887311287 0.122193772078529 0.107013871070132
-0.00603707290954818 -0.305439366552683 0.0256159204135081 0.148374361646945
0.274470293887664 -0.134545016533068 0.015723539625154 0.0605246893764916
0.249500859598029 0.224313990988556 0.0549424809968034 -0.0217005206618753
0.0628194885305656 0.382496092484699 -0.0128527789112553 -0.0581076903242252
0.0529393686676402 0.209020208686252 0.218273107793066 -0.337628932818307
0.0999324936298618 0.110566869989095 0.146228143906075 -0.339107582175273
0.128307479198785 -0.00757762417026351 -0.0616493925716944 -0.311932828390586
0.062584176663764 -0.107823118278382 -0.213001683293636 -0.224545344607366
-0.0119232451887836 -0.096009434541658 -0.284662224884745 -0.0977583114618703
-0.0478593954565792 -0.070667789772111 -0.274276038757106 0.0117002778680022
-0.0876429573242883 -0.0133782270764648 -0.227109381277843 0.0639280733924291
-0.101936953176522 0.0315196815309369 -0.159823474478005 0.072738964990385
-0.111583419771993 0.0288779533102774 -0.0661949708717258 0.0368645311998989
-0.12667751020893 -0.0207291803538026 0.0336416240939785 0.0421295526805663
-0.104495249605043 -0.113664994069717 0.0397148430994407 0.0866700434153878
0.0418409368678409 -0.219797055130974 -0.0151020782369684 0.058842664964336
0.219425612601729 -0.0508167000462633 0.0644161237321366 -0.0187007941749975
0.155920279351013 0.193602245547915 0.0985389616787318 -0.0218375117609144
0.0395461207239582 0.268112531548704 -0.00794345121657094 -0.142797527767303
-0.00789485720579915 -0.0596361459558269 0.0944304921007838 0.184206834226402
-0.072104723171805 -0.0597894680481061 -0.0153986886556621 -0.00370394398703238
-0.0934355449462648 -0.00101725523187527 -0.0978283288007707 0.0156437162333012
-0.0406421437902605 0.0702620785466239 -0.0187201828892865 0.000980062231702736
0.0257507977192895 0.0521701042802604 -0.0250178509310762 -0.0287852909232123
0.0356246852315407 0.00759831049391076 -0.00150855078204658 -0.00901365622106405
0.0226768084538678 -0.0151710282024217 0.0885122377354343 -0.026441207152817
0.0156459794641214 -0.0103418981823466 0.17630743553924 -0.0562153688283518
0.0146488788395772 0.0064197867590229 0.243822307310641 -0.0721877762965462
4.88855951275968E-06 0.034371439218907 0.279354578457598 -0.0294738430960365
-0.025229058939812 0.0487909281527244 0.288401338779859 0.05389094293914
-0.0607410522476403 0.0285024328687873 0.236204199688967 0.180762765237223
-0.0674938303138196 -0.0199303118094779 0.121971878504713 0.29427867548607
-0.0569405386141808 -0.0649463944910381 -0.0676829766109897 0.369659344233282
-0.00601151346764555 -0.119040530539852 -0.236324489714089 0.441178056642672
0.034860709597949 0.0983200672433479 0.0691494049844605 0.20261831771765
0.0674477372729555 0.0341972047633023 -0.00697103909086763 0.0193059153381534
0.0426989346559353 -0.0583703921090417 -0.0799987261552673 0.0267667976508373
-0.0386162591523004 -0.0793241194940429 -0.0141559784402823 -0.00169041926718615
-0.0628738575095434 -0.012640382899357 -0.0368518817522286 -0.0343478867728974
-0.0487003888123237 0.00592919390906183 -0.00805776456806234 -0.00418119833158133
-0.0507706888967725 0.0160130086216638 0.0799435003897158 -0.0218796048100749
-0.0521504002301885 0.0247369021345329 0.167591870500805 -0.0509606811260328
-0.0500330447669327 0.0186663595155249 0.231850790432722 -0.0727172377635025
-0.0498475805192712 0.00403991508291288 0.270230342833062 -0.0334432650485766
-0.0456967592335865 -0.00702911946931678 0.280301622716693 0.0450436129260888
-0.0351935295079318 -0.0398273235725417 0.242794537371612 0.171306319596667
-0.000700671489737618 -0.0289889403009611 0.147801871541295 0.290346155360655
-0.00226514905346013 0.00871680604949701 -0.0320379872423736 0.361414713750561
0.000760283600252085 0.0169721351469011 -0.19817686860311 0.448764583367727
0.0642653322327071 0.230784248873367 0.0470771267172277 0.176067678124919
0.179311699966129 0.112062492663536 0.0120987922695872 0.0468858879814372
0.159936259595012 -0.101624635876249 -0.0212908545512007 0.0145638683209831
-0.0277566478577839 -0.201554753884533 -0.0141545211477917 -0.0541476344279176
-0.128812278524096 -0.0764317479587333 -0.088593271201754 -0.0566590593026857
-0.117836896089813 -0.00775963773643263 -0.0510256989689849 0.00741904550199492
-0.11703191528439 0.0363682337433893 0.0467754682221386 -0.00371713067807804
-0.11278064329814 0.0554138316594126 0.134908782445608 -0.0365411872554841
-0.107002591606941 0.0333300640312883 0.194310494404637 -0.0727889066004147
-0.093924730365164 -0.0164939128100259 0.247375010852299 -0.0456496744744644
-0.0713900184620175 -0.0493566657554084 0.277583028190084 0.0297638933120797
-0.0265981844567614 -0.10713738512286 0.253069706895396 0.168261362242919
0.061961885981364 -0.0567532881812687 0.156629235182439 0.289136489883455
0.0685702601306965 0.069065762414226 -0.0159359819968618 0.320903496519606
0.0208208525411845 0.155934001278479 -0.15184595653543 0.404077648101078
0.0743694195349548 0.31751446519944 0.0455464063091964 0.110630091946847
0.237743198732275 0.155320917267742 0.0615796168272513 0.0448712114876037
0.22320146883545 -0.12467800423217 0.0437005650912967 -0.0495672597187975
-0.0160658826409737 -0.2648886850485 -0.0403769634287238 -0.136935982269008
-0.156665903853748 -0.121420154610615 -0.165234938996376 -0.081611232182689
-0.157320338190467 -0.0292909342573536 -0.11456643742882 0.0237385326791215
-0.163393366048558 0.0423779829515707 -0.00443394251551706 0.020565628785535
-0.156213288713665 0.0760684243883767 0.081549449432509 -0.0151912857210327
-0.147598631032909 0.0502091053952913 0.141316190549742 -0.0654694734229959
-0.131386444615147 -0.0201870515963225 0.216801654087184 -0.0523977055720838
-0.106032740319858 -0.0728686487729467 0.275132435562641 0.0231600514719697
-0.0423554768486733 -0.173102434310736 0.24910908215599 0.180467098960611
0.118263617211989 -0.10659841204449 0.13471690090547 0.28364213774093
0.152737061604744 0.112249834226446 -0.0175534449149804 0.247147627957401
0.0500769361042792 0.277573653398141 -0.103183207370736 0.311386200561638
0.0721057288398444 0.352880767882935 0.0722714710862988 0.0139276088370834
0.239523666346547 0.172047112353571 0.125566198860377 -0.0175265859649608
0.233094532832474 -0.113703928545537 0.0637287172957206 -0.151055878490691
0.00498702050008204 -0.265777609328774 -0.0997832718002534 -0.20587352273725
-0.142973527362607 -0.145079519442556 -0.236520064444964 -0.0912922748631348
-0.163545777023166 -0.0555947995479106 -0.174753680358934 0.0350673468724073
-0.18364896516622 0.0353493618227455 -0.0640033781235651 0.0433418790147227
-0.177400124789568 0.0858568847343645 0.0163404954099542 0.0112272271174729
-0.171008278077781 0.0647702706581243 0.0825107543706228 -0.0469857688639356
-0.159490221662405 -0.0115243498024665 0.184037940459533 -0.04412907907035
-0.14777831157386 -0.083959560312046 0.258996414293071 0.0402914256027808
-0.0673865815873749 -0.238974590164213 0.207844695324777 0.20116197987747
0.17553466208263 -0.161993775534935 0.0807710967845631 0.24833515655394
0.232915718836016 0.145541263502873 -0.0230359317034088 0.142407297876707
0.0790948647467476 0.364811630671266 -0.0615342847364459 0.18700833462426
0.0671542532959654 0.341934905684241 0.116228357405768 -0.105592389814724
0.204609146440865 0.169740550078251 0.161972971924563 -0.129153971429592
0.211810815795645 -0.0771406564264787 0.0299223278910133 -0.237664231658267
0.0347731529934602 -0.226012511484762 -0.161330681748889 -0.231277711951402
-0.102144020469764 -0.150287683938419 -0.275815210493001 -0.0894538148654134
-0.141528712691199 -0.0761709116951176 -0.219093158073206 0.0387319876843895
-0.17489992167357 0.0209222233088697 -0.124199397915818 0.0594226277798363
-0.173488965899624 0.0820979012102259 -0.0514805117942478 0.0399636494639003
-0.172429352254013 0.0702184077101706 0.0266162867160084 -0.0192576277520581
-0.175550390425757 -0.00171355495010815 0.142657620043421 -0.0174465711275203
-0.176101964772086 -0.0971761751100872 0.209271752691172 0.073968904118711
-0.0678369301981465 -0.291554984487775 0.122344197326853 0.197344225708095
0.230503223876352 -0.185285662764615 0.0238171946473148 0.163528013938495
0.278614693086783 0.178031809936398 -0.0020976388115745 0.034196071587506
0.0932063492184906 0.395606759700845 -0.0313232963439748 0.0558591611043577
0.0649679278806045 0.285437347638487 0.160052765515062 -0.229093646905799
0.155027831084455 0.146582990481837 0.154338073472556 -0.244098676298178
0.173368610060504 -0.0382417589233888 -0.0263662707957076 -0.28205491145543
0.0556640536505887 -0.170538338538128 -0.197929727068491 -0.22236778341766
-0.0560435931809407 -0.134659890987198 -0.283665279064533 -0.0851244941181698
-0.102152259153563 -0.0813386897538253 -0.248128931115815 0.0329687695130249
-0.140399384109402 0.00552475258663395 -0.177932649826674 0.0697196802969649
-0.145121472502283 0.0646519204326857 -0.109992027581985 0.0643175662074132
-0.152159151097549 0.0606199231263916 -0.0240859478639385 0.0129231086601447
-0.167242525847239 -0.00376881688686163 0.0892869000275281 0.0149556502274119
-0.165152059837918 -0.110797305478329 0.127039820163738 0.0942014961377536
-0.0267190091799777 -0.292140151579443 0.0323821042196844 0.143065534467413
0.255385074136183 -0.14527211667858 0.0147399561840979 0.0533968541642691
0.256355772453577 0.200037338251712 0.045492406031879 -0.0307600776148601
0.0834303471954206 0.360030520132457 -0.0160827807612088 -0.0591874881516244
0.0616223510821141 0.195172645957838 0.18675948696747 -0.335298418684173
0.10258934953512 0.102975191588055 0.119250831304547 -0.33054267154919
0.121964269279374 -0.0144307212696607 -0.0743152575725998 -0.293632296613517
0.0544514943462084 -0.107769272776248 -0.213664829198401 -0.203351323794116
-0.0176399921361445 -0.0943792344016153 -0.278763400980501 -0.0781782932133224
-0.0529395797871807 -0.0667188877310672 -0.263792224892117 0.0267918857065354
-0.0874064205264381 -0.00815913785425826 -0.215373486482922 0.074393523553802
-0.0960036909062554 0.0377002238815277 -0.150420497217046 0.0802836531579865
-0.107607124609458 0.0354490407433082 -0.0624197634675311 0.038841088855831
-0.122645027059763 -0.0134594856994448 0.0332268430044277 0.035523977726919
-0.107055454493501 -0.102319408115289 0.0467786169764334 0.0808526123891683
0.0250982154685058 -0.213387568695879 -0.0131086786133985 0.0601471476086789
0.207147469476132 -0.0624153925261761 0.0552813257667542 -0.025054623741025
0.164494774537603 0.175601033271971 0.0875709179277231 -0.0348506875100637
0.0548366763042593 0.252192621756445 -0.0176492566309404 -0.140269841116031
-0.0101199176092782 -0.057752236051282 0.0945178623776448 0.176550328733309
-0.0709668060594922 -0.0533863355366302 -0.0102596740587423 0.0032032846414488
-0.089435251268345 0.00337467601715431 -0.0869607362878701 0.0191438586162709
-0.0364157814087086 0.0678114843242566 -0.0162573209179983 -0.00236392957191721
0.0264839781471236 0.0490872380378243 -0.0268671322693281 -0.0267515081990388
0.0339701458758492 0.00639470377250482 -0.00236260178363699 -0.00485224167726946
0.0196029886332492 -0.0134209885336302 0.0848569153502504 -0.0260584090171954
0.0140993657791124 -0.00954323133803318 0.168311247052018 -0.0600721551794584
0.0138642768394308 0.00600308530291764 0.233351443230966 -0.0769400880044973
0.00154501295441873 0.0331743916487818 0.266651613394196 -0.034882410909609
-0.0221894855974823 0.0484892043374415 0.275971424922532 0.0458478757939276
-0.0574824628159453 0.029057312011931 0.227266454999021 0.167176135390033
-0.0650169951500127 -0.0173116062782797 0.118690772992136 0.274220228789037
-0.0538264936200798 -0.0611821003723258 -0.0570625480192715 0.349087208318784
-0.00899930784546542 -0.113904704549582 -0.210649277255545 0.423627042234923
0.0347808192716974 0.0916012441259996 0.0709532914520322 0.19508284489826
0.0642903724208176 0.0319467984721824 -0.00201508914103825 0.0255878673295098
0.038331326424032 -0.0548459528771336 -0.0696084354844492 0.0295378635397307
-0.0388323878606892 -0.0742312524705825 -0.0117458080536724 -0.00460568312194797
-0.0596549044535872 -0.0104471753539027 -0.0382171252005851 -0.0312101849273924
-0.0452809881423191 0.00680746226310265 -0.00846815610025731 -0.000119701789973182
-0.0497042013560801 0.0175847509169085 0.0772899682452422 -0.0214196231721953
-0.05000348103095 0.0264072596612255 0.160186983848251 -0.0536726644869308
-0.0492098719487195 0.0197141135814364 0.221596552327614 -0.0766764096211464
-0.0483232013920851 0.004695330886017 0.257927693718072 -0.0384396595589026
-0.0432369592816221 -0.00557332597716453 0.268762263655161 0.0373327830007631
-0.0344868486082825 -0.0373809919284515 0.232632695051851 0.157222158080445
-0.000755712731905989 -0.0270246775292565 0.142663732017334 0.268916362069862
0.000242411518483091 0.00835124381260469 -0.0240029862766205 0.340470754282974
-0.000143325924552417 0.0155802180580924 -0.174023731751463 0.428882125151586
0.0657332610808832 0.217288342133206 0.0493803314047111 0.169180757370739
0.172655216826664 0.103792777022227 0.015952119291669 0.0497935397507589
0.149109367493603 -0.0986143855124271 -0.0137100550592564 0.0160726186722389
-0.0319031589801107 -0.190507500615443 -0.013557488908546 -0.0542285683803618
-0.123992366825835 -0.0705039879664027 -0.0883103841836821 -0.0504295515407367
-0.112881316789796 -0.00457684112013279 -0.0487857337815079 0.013257716121776
-0.112623378386899 0.0387811812950781 0.046193735228766 -0.00298327178493154
-0.106727703459333 0.0571657038635467 0.129540409663782 -0.039450368663323
-0.10369209598558 0.0352861510060904 0.185599065942177 -0.0743684651659483
-0.0927723982950879 -0.0148065669677347 0.234624943184716 -0.04831386327819
-0.0685591030549258 -0.0468425658646149 0.2654089476984 0.0225011028762975
-0.0277274452583999 -0.102272516621965 0.24276591229285 0.154669957324475
0.0592702815427503 -0.054324360611436 0.152170943788907 0.267873541312179
0.0691269499645851 0.0650316250554268 -0.00956767945826613 0.302507399306164
0.0214061869389709 0.147054632343772 -0.130729027015627 0.384537232872272
0.0782491706432096 0.298699844975961 0.0457125397040375 0.106049708947905
0.229387135949954 0.143895945133039 0.0626112859687945 0.045848102116282
0.208091909093564 -0.122236388388365 0.0453172230360119 -0.0464301668138639
-0.0218566687245155 -0.251528181627945 -0.0411402154922621 -0.130631751340497
-0.15166945510766 -0.112772423151001 -0.161599040787791 -0.0713612936004782
-0.152374757503816 -0.0253452264369883 -0.108359641514171 0.0282676736548804
-0.158023715715743 0.0452641246308508 -0.00238443063108213 0.0216915078575625
-0.148198110408158 0.0787054760117539 0.078987964608942 -0.0166749073295231
-0.142799238491789 0.0518723983373526 0.134398838767521 -0.0660927118050257
-0.127987082439991 -0.0188460893792735 0.204655228445082 -0.0550014646316989
-0.101698299301557 -0.0687063625909921 0.262125930217617 0.0158050108101346
-0.0438300852457836 -0.16417816689896 0.23978112839252 0.165535888677002
0.112054491942536 -0.102740430768539 0.132138071954843 0.261972834716314
0.150212350791155 0.105101515221578 -0.0136933823558969 0.231579591701558
0.0520317214957358 0.261422178266734 -0.0876996495908218 0.29592432713119
0.0763050442247183 0.333580957221894 0.0673850903637656 0.0136582092681003
0.232186318912052 0.160812387845899 0.120147612259251 -0.0160808929018094
0.218256415515706 -0.111004637358435 0.0606784611525551 -0.143647179507663
-0.00212966138862227 -0.25329066877293 -0.0987809103257943 -0.194356308911151
-0.139452587727198 -0.136895695142457 -0.228780927037902 -0.078799487376725
-0.159076423868561 -0.050329574655626 -0.165355755090837 0.0415882821846273
-0.177599361121951 0.0391490565766132 -0.0588258505495184 0.0439847516599119
-0.167838000090168 0.0883869044056712 0.0163436316139468 0.0100142740698307
-0.164055979499064 0.0667646533931348 0.077783901934045 -0.0465314150145375
-0.154652006491571 -0.0095932323701446 0.1726862560698 -0.0465656980536346
-0.141242615165488 -0.0785454287437428 0.248108264924055 0.031997536684963
-0.0698720048032651 -0.2261662933253 0.200064095681656 0.186143726553314
0.16382047739215 -0.156617191200338 0.0800335418407501 0.230452255447813
0.226835961416689 0.134343550073401 -0.0217134006398888 0.131815933901545
0.0824325200251566 0.342423397268903 -0.0523216145678774 0.176358220631002
0.0715861803118406 0.322585870716776 0.10617997940242 -0.101159016633389
0.198251245144263 0.159944191755777 0.150916767142876 -0.123917708078507
0.20011277269188 -0.0756495487453561 0.0251068295648981 -0.225675295676145
0.0280221837005007 -0.21739074673614 -0.157634053457334 -0.216635980157118
-0.10073591101707 -0.14353092000775 -0.266062049417498 -0.0768686232759558
-0.139290539225712 -0.0708698414710955 -0.208472373839605 0.0436266451821606
-0.169830031388331 0.0244050949276279 -0.116811453052936 0.0609017696846293
-0.16368936594138 0.0845423976507562 -0.0488763227061918 0.0392743017572486
-0.16526870092934 0.0722296690347306 0.0245468748810882 -0.0186524195493361
-0.169230344336363 -0.00033431422016398 0.134324556748011 -0.0216330833773683
-0.169034153221478 -0.0892269244121584 0.202389640661283 0.0654929958678857
-0.0723618164225196 -0.274529674989831 0.120341976248976 0.185310790543771
0.215412371937634 -0.180571827168213 0.0231820038538675 0.152034337230266
0.271515183538076 0.162047543569309 -0.0064459078120079 0.0280441762129272
0.0966632579942716 0.372472660748157 -0.0274587378919062 0.0503935678364004
0.0666439599769412 0.269388193504528 0.143530610507776 -0.219980785189239
0.150566389256897 0.13968689814588 0.140094768461355 -0.234225109745612
0.165178671524104 -0.0387393868233989 -0.0293610763925594 -0.265266106498806
0.048598694123196 -0.1657675605952 -0.191605584904198 -0.207847930250762
-0.0569564607182687 -0.129434266480172 -0.272875949538605 -0.0745949589965799
-0.101837949355342 -0.0764776860952116 -0.237222180533071 0.0381554550508845
-0.136772235865023 0.00892247049624388 -0.168150873872989 0.0710382436503447
-0.136984897618 0.067276694960298 -0.10456922096489 0.0645467245898638
-0.145716010005861 0.0625543567644731 -0.0230297698255293 0.0130385342986822
-0.160263490625421 -0.00139477671692085 0.0838512021403865 0.00996054128407886
-0.158601140115292 -0.10162601775515 0.125014618408773 0.0859540996456942
-0.0347576434693183 -0.276360062405843 0.0338365960578044 0.136697834289841
0.239079971896317 -0.144483696552138 0.0104538985661354 0.0472577484312344
0.251324240072617 0.182496726995857 0.0369331087488471 -0.0362170162197742
0.0872169417871066 0.338358067723978 -0.0168856985847522 -0.0588504542558494
0.0626129853288056 0.182718744895211 0.167132495881534 -0.321678029716039
0.0996953752541193 0.0976669811145257 0.103759531187702 -0.313926945860377
0.116778261725302 -0.0157858520513984 -0.0747723466733409 -0.274519020069137
0.0492539551236693 -0.10470198811052 -0.205710399573612 -0.189281814237865
-0.019113830110726 -0.0911658083417647 -0.267381729375121 -0.0699887007722253
-0.0544526021765589 -0.0633245311014368 -0.252753917057381 0.0310624496332781
-0.0856633417706957 -0.0053310235787867 -0.205273292684256 0.0761651110657596
-0.0905201645339713 0.0391216948090275 -0.143164650614561 0.080618144825504
-0.10218623377844 0.0370142457143916 -0.0602338242354297 0.0374432004786999
-0.117557487284113 -0.0113608135443774 0.0310123232289503 0.0307940765556437
-0.104519920510915 -0.0947200461489916 0.049598327682638 0.0751101363470227
0.0164280788615588 -0.203322190831258 -0.0121381813529325 0.0604754813060306
0.19585062406472 -0.065760413397987 0.04575023124262 -0.0282482218332704
0.163779301871261 0.161747171059942 0.0766483325643518 -0.0416044020592697
0.0590752902822259 0.236256837186702 -0.020841172887332 -0.136945232210972
-0.010640793758143 -0.0574908175498125 0.0914905747673278 0.17387134128254
-0.06996933644497 -0.0498304577187472 -0.0057900228090476 0.00968377624426093
-0.0867022446202265 0.0056593390960705 -0.078527111283415 0.0204235560207795
-0.0344885409452263 0.0668392499950065 -0.0154970112380814 -0.00580628478683329
0.0264271716296779 0.0476429950068197 -0.0290446082926415 -0.0261032191281804
0.0330115642152237 0.00627569085943378 -0.00205667648230877 -0.000696918773080395
0.018536042897337 -0.0125299094153342 0.0842846898613604 -0.0242859331583795
0.0130447739796008 -0.00874868035616524 0.166158755029642 -0.0601333041492688
0.0127972718234633 0.00638876833695907 0.229330676338542 -0.077755673928294
0.00176336310015206 0.0332541207184366 0.260606511649078 -0.0339278340669552
-0.0201323205915599 0.0481612307065102 0.267440819084653 0.0446766927211704
-0.0562760152504941 0.0291959797639638 0.218602937813704 0.162923008574572
-0.0640747177651689 -0.0172107846273185 0.110784451256061 0.263482708232003
-0.0502094431696189 -0.061165079559349 -0.0567745351131901 0.336722861379068
-0.00940448145866027 -0.110884735653142 -0.200060517623861 0.409671255568737
0.0336744939564436 0.0880519452499918 0.0690917386506644 0.191866062638667
0.0619582024707956 0.0325836198709821 0.00218539629050388 0.0301812083070868
0.0370021891570878 -0.0510822223862436 -0.0613087762344314 0.0311157579399566
-0.0384104649709257 -0.0715582271546066 -0.0106367868626076 -0.00707131483824758
-0.0567048289837696 -0.0107083160421324 -0.0401494838597385 -0.0294167568710542
-0.0442806749715163 0.00624959142776592 -0.00792512833699027 0.00381395115544675
-0.049548638849753 0.0185895599541795 0.0763949552498783 -0.0195723594512229
-0.0487231587579452 0.0273423400602391 0.157640999165149 -0.0537335247895125
-0.0496983922244384 0.0195381140662808 0.218236988223484 -0.0764008030079972
-0.0482806761275944 0.00408841377149895 0.251389898885388 -0.0370288472529369
-0.0415127409976952 -0.00582994408566748 0.261393010854595 0.0372094151922925
-0.0341174202317749 -0.0367884786118095 0.22390828353742 0.153880553827117
-0.000124510025372431 -0.025950681468499 0.133919418556038 0.258122595274336
0.00204225435924123 0.00853264467601392 -0.0248617205602104 0.327383544741815
-0.00158152337523083 0.015102206832634 -0.165154583494285 0.414079302321982
0.0639356300991092 0.209834779677412 0.0477185500041763 0.166421093332814
0.167751635761289 0.101980063375896 0.0190961362537104 0.0537636885212039
0.143609780022741 -0.0941835050605568 -0.00851655206630188 0.0177689050815257
-0.0321911141329127 -0.184350479372055 -0.0122819595997579 -0.0543377638154404
-0.119482638922671 -0.0690470771236317 -0.0888292276426228 -0.0464938166045721
-0.110353020447172 -0.00484409506258875 -0.0463202408116435 0.0167025251690748
-0.112147900850568 0.0390156835687272 0.0470028038417824 -0.000846422117309438
-0.104250416203883 0.0575846968591365 0.127508831838857 -0.0393368757883193
-0.103893016378996 0.0350947362578367 0.182577776263858 -0.0738116204346924
-0.0922447994317261 -0.0157960676176564 0.228331838258988 -0.0471984259007791
-0.0666009141608628 -0.0467298824614709 0.257354063429352 0.0231092578010674
-0.027054869204386 -0.100651107941225 0.233318400487723 0.151644445752458
0.0598557373937453 -0.0516496725091394 0.143573333788984 0.255328260589524
0.0686940788144683 0.0650114082893729 -0.0111109475890197 0.29000841452788
0.018787038836142 0.14240065052229 -0.123166624742989 0.37177844727708
0.0756738134261171 0.289157495973074 0.0424898357679941 0.105669786771773
0.222712557925185 0.141628727527162 0.0626046567681722 0.048700673065492
0.201659255229521 -0.116664849819477 0.0476894897673014 -0.043346054549206
-0.0227572260759488 -0.243916730608488 -0.0388478492087436 -0.128770892408329
-0.146995202776581 -0.110789317060205 -0.158768617582862 -0.0665723476329822
-0.148872428149107 -0.0250713661127935 -0.104564486560208 0.0318015296885878
-0.156311831854427 0.0453987145896411 1.93812657004908E-05 0.0226863392789381
-0.14423384868382 0.0786526677380972 0.0775093697726211 -0.0174401010950377
-0.142253649214243 0.0520614052207581 0.131859251210861 -0.0647250372997029
-0.127167967909818 -0.0201412282790011 0.19886129964367 -0.0526235787549793
-0.0987239401816057 -0.0688749074793269 0.254640543509788 0.0162578393208395
-0.0421992836295281 -0.160724843852787 0.230441219754066 0.160738761321625
0.11031637126749 -0.0980852296067203 0.124644327865575 0.250484462505479
0.147352707399626 0.103326691577278 -0.0162517791043587 0.221332244585771
0.0489453153501637 0.253531396661872 -0.082986556421783 0.284361658776248
0.0739129674437775 0.322657392320899 0.063544868281846 0.0153064030127301
0.225339412461147 0.158730542287566 0.117499528243688 -0.0126304949709945
0.212384482762131 -0.105592213085887 0.0622628689148922 -0.137891843369675
-0.00232614356793393 -0.245752848085225 -0.0954380507033502 -0.189025759688215
-0.135382291003664 -0.134489485728186 -0.224420623126635 -0.0740421178611996
-0.15651255413929 -0.049776762289498 -0.160174158225737 0.0434445711474324
-0.176200178780018 0.0392431729139345 -0.0553616205883439 0.0441794397033946
-0.163524832491776 0.0878995923252104 0.0160483486472571 0.0101234277039002
-0.162449915405188 0.065883177574059 0.0764290340083917 -0.0458480449682902
-0.153267629614274 -0.0119816929643722 0.167038539454747 -0.0452873583919136
-0.136620715961709 -0.0783079177700347 0.240868670874753 0.0303238199339285
-0.0674536023919714 -0.21971788919231 0.193279013530746 0.18044920343832
0.160363859768605 -0.150985517969368 0.0742667437744475 0.219766875624323
0.221999362518272 0.131144388155928 -0.0249456228960398 0.124346179264687
0.078724946215848 0.331431408230044 -0.0496288072355078 0.168169319414497
0.0680656657450769 0.311791362916333 0.100888896310332 -0.0961126029444227
0.193158509928356 0.159366337549821 0.146083863935858 -0.117293524482843
0.195141550934844 -0.0709459137089916 0.0272228465722148 -0.21649820936508
0.0272429046083045 -0.211364530709462 -0.151337782973696 -0.210597243312616
-0.098162971671187 -0.142039145604402 -0.259782791125572 -0.0730653724845866
-0.138066432308318 -0.0704541501172718 -0.20318589876756 0.045277388210068
-0.168583944812819 0.0252669577996331 -0.113137154647913 0.0603892715800642
-0.158992718801674 0.0842849685419868 -0.0477695118922205 0.0385892396850107
-0.163411758244325 0.0716495757898064 0.0235881945112234 -0.0179674947846488
-0.166804290577687 -0.0026968197554716 0.128679526126225 -0.0215630460334175
-0.162768250148036 -0.0874394929333792 0.198376544340183 0.0608710365609618
-0.0715615062956476 -0.266347296467889 0.116018362589285 0.180375559779781
0.209237303637917 -0.17488880945086 0.0186383512109277 0.144387622099891
0.265242849698843 0.157352844706864 -0.0109404891664142 0.0231643449870931
0.0933205480699133 0.361108153737386 -0.0259337706773183 0.0453149821704551
0.0642678045719417 0.260347391873974 0.137355435756987 -0.211550460909899
0.146559776783715 0.139151575176601 0.135009143020677 -0.224526548032672
0.16094738327324 -0.0357563241612725 -0.0260223296073805 -0.254726747550799
0.0475730680966562 -0.161476118107968 -0.183767928318934 -0.201855426621491
-0.0566887469557072 -0.128663861360635 -0.266381225970999 -0.0723198137535732
-0.102092185315114 -0.0761111446793132 -0.231052908018668 0.0384524521845118
-0.136100410858673 0.0100032553150995 -0.164262371484519 0.0699392662970109
-0.132701265274561 0.0673784139707267 -0.102738978057848 0.0634037935403876
-0.142969066546497 0.062176563195497 -0.0234889278485022 0.0122991526888354
-0.157314175860727 -0.00297035066970114 0.0799365414158607 0.0080964938815434
-0.153466609052497 -0.0983105603709717 0.124842806170949 0.0815755202784469
-0.0349117684260726 -0.26803874475453 0.0315012357151521 0.134884834316724
0.231870944995894 -0.141553718214438 0.00523652830532799 0.0437611661533129
0.246094079941231 0.175506020321975 0.0302336554920215 -0.0399262575853497
0.0855693092238335 0.326610090692499 -0.0174376569664036 -0.0612264379729816
0.059264635656178 0.176083455685281 0.159536145373419 -0.310621329082197
0.0971285038494072 0.0973360912918243 0.0996189473321518 -0.302346197595397
0.114134672972109 -0.0137748419458377 -0.0703764990666422 -0.263959302726293
0.0472326199230141 -0.103030628397124 -0.19713312781749 -0.184801000997169
-0.0188555835404488 -0.0903367406922786 -0.261256752251858 -0.0692202001891046
-0.054812019983408 -0.0629569520640956 -0.247857058155171 0.0307744030206252
-0.0854407484992525 -0.00469638131333962 -0.200652658473136 0.0754414445747929
-0.0869463668448763 0.0395180664650905 -0.140717274150285 0.0794363530520884
-0.100792766436879 0.0378949579750587 -0.0601015264771047 0.0361983923768377
-0.115396121002124 -0.0114306438739575 0.0289196933885794 0.0274176871474236
-0.101162997795999 -0.0915888221178903 0.051045738318903 0.071371616753594
0.0141720501320296 -0.197718986275292 -0.0136277100913168 0.0618455739496755
0.190566261649939 -0.0652045910894462 0.0377716488728416 -0.0289002922034639
0.162162338140523 0.155596848171057 0.0680311835997144 -0.0465269609623169
0.0579371875297437 0.228174782295737 -0.0214540388797553 -0.136375435758522
-0.0325641261188771 -0.0512114069796722 0.153514407270192 0.122517061988041
-0.0822703854500366 -0.0159828561803079 0.00442816322958086 0.0163948918464269
-0.0735565900714483 0.0421417532726887 -0.0568414333237155 0.0544517719614188
-0.00315671981576595 0.0732194561090215 -0.016263305153595 0.0017136110772076
0.0438185174824884 0.0322232592578913 -0.0369794175859028 -0.00999515399033006
0.0331557908606428 -0.00784387253674362 0.000708251196510648 0.00257917833651157
0.0119300140434569 -0.0168728708268273 0.0676638373625824 -0.0587264064489413
0.00736452165317205 -0.0127695969499318 0.124313027606728 -0.128106733001383
0.015399551347442 0.000939267177796917 0.173747847310236 -0.172788027222957
0.0166955605117047 0.0296244843215298 0.220785408767559 -0.143517040096652
0.00405094402707179 0.0526452365407729 0.257034305791007 -0.0735155324025905
-0.035355625237126 0.0526265604331374 0.260551191920451 0.0547539064610006
-0.0666149375279252 0.0141166103683722 0.206423183129288 0.185609244356036
-0.0729018142874124 -0.0318605678945101 0.088829284690058 0.321377705266239
-0.059900045263349 -0.0953401094080127 -0.0032562093545435 0.452274485197858
0.0648360150284832 0.0629873371275665 0.14662369561187 0.149135983971956
0.069560203727612 0.00556729621565352 0.0220302751585195 0.0281702171843828
0.0150988792065213 -0.0588513137827311 -0.0376686274212486 0.0503640454322881
-0.062647611820786 -0.0462923803057778 -0.0174997792248223 -0.00570789553740026
-0.054300782268659 0.0136071208833457 -0.0515750887850604 -0.00476583163763954
-0.0375542048097017 0.0236918022631229 -0.00382061028248954 0.0111215833167511
-0.0377828664162937 0.039186041486952 0.0613226115000022 -0.048526242032526
-0.0356291225052936 0.0458052773885917 0.119133275059685 -0.119510470505408
-0.0378383408787556 0.0404721571752612 0.163698537868122 -0.167947634895534
-0.043238420705669 0.0235113523411211 0.211239485477145 -0.143428261504248
-0.0395625554471176 0.0109547432772206 0.251129278228676 -0.0787729568875905
-0.0429402204790066 -0.0178744163688514 0.266670349963273 0.0431398302197522
-0.00942322434524185 -0.0208126504504108 0.224818220247589 0.174044479815451
0.00537809141184032 0.0106685547524673 0.110847568104257 0.304243007238488
0.00331762769546658 0.0190753185697153 0.0228050650365789 0.441155486462764
0.140242695681958 0.162303067941671 0.121140877078571 0.136510135349984
0.191118040163506 0.0253447436845628 0.0485150125230838 0.0395271147434405
0.0930089501173377 -0.140686781479652 0.00325227226889581 0.0104675611227733
-0.103251332504205 -0.147619161215547 -0.043076979533824 -0.0507925706201991
-0.133844644735911 -0.0125502329333709 -0.105896965133843 0.00282693791769902
-0.102287634404902 0.0407714952043175 -0.0343341067243688 0.0404129189376778
-0.0860398725717213 0.0830855008103007 0.0408271751686374 -0.0175404482209424
-0.0738207702538671 0.0974468405140759 0.0978235009037028 -0.0930739126160393
-0.0816718148549737 0.0778164035491166 0.132924237783124 -0.149421378273465
-0.0940555115690565 0.0232552476099 0.185762302640354 -0.143238387459852
-0.0804665706575358 -0.017873584681147 0.243703513003936 -0.0907201363659666
-0.0634116777934492 -0.0786931273676075 0.277199072859204 0.0344693624646462
0.0361728927395315 -0.0693856787621314 0.234208560216493 0.169555517663853
0.0912143048051744 0.0336881446055981 0.104136652605777 0.26834995140999
0.0797224405209326 0.127992916933145 0.0350255317075479 0.384683938657817
0.181733563976639 0.230518075379705 0.0939800328125599 0.0836313448674577
0.256022415541298 0.0386811391033695 0.0859925535211766 0.0153181197389601
0.135725256882761 -0.18336410607681 0.0278927351411467 -0.0706041885969602
-0.11934053966547 -0.202775489580588 -0.100410327851959 -0.107915612789743
-0.175216301394693 -0.0385093628600181 -0.178909137499852 0.0167238440630155
-0.145802529599773 0.038849361497285 -0.0813125987002827 0.079371490958212
-0.12412396463431 0.107099173898749 0.00728174885597139 0.0256184018752912
-0.102079618639904 0.13280835738411 0.0617480541311179 -0.0505039477906723
-0.110833472839872 0.109033393088658 0.0903385778470742 -0.118273824986692
-0.128536506011317 0.0334270364721441 0.15565885053209 -0.136222058812959
-0.120022011734151 -0.0255466140974116 0.238349257402797 -0.0980460314110452
-0.101995250916644 -0.126321806285696 0.282558865180693 0.0412163749207948
0.0642406242229775 -0.133593473569033 0.217192114077856 0.173461979575631
0.179379730949331 0.0350822880797461 0.0689013453793664 0.213264968887216
0.15857060571975 0.215789212178547 0.0285419536449816 0.28854887698196
0.19075315847568 0.26177591703076 0.0764211496738613 -0.00544756891035177
0.263762002158587 0.0547010673321571 0.108303108316094 -0.0628336065184359
0.148815446620161 -0.17606870373509 -3.95162450333611E-05 -0.160763044643626
-0.101972841441366 -0.213118277903999 -0.175946450799056 -0.138473915498731
-0.174938036128703 -0.0644855995365547 -0.240948886710524 0.0368786781776191
-0.16358978241592 0.0193072136742594 -0.127442309969521 0.113206878369394
-0.144779271398101 0.110180810262868 -0.0351950299566413 0.0688181544913087
-0.11516671286828 0.149298922734087 0.016922429304058 0.0020465662323334
-0.124323260271829 0.130073818689938 0.0473316171189812 -0.076609618841884
-0.149183567901294 0.0512937676600869 0.128165545115673 -0.116561363006292
-0.158796167270768 -0.0184267078845984 0.231808250462651 -0.0824382133129195
-0.150353595354325 -0.167263347481384 0.26015280830154 0.0697336739212103
0.0875109968856098 -0.203345474917155 0.161756703426541 0.168798345907766
0.259344760871937 0.0265192603711288 0.018463550547029 0.132898123853644
0.221335407977488 0.273279132736807 0.00513549424091397 0.169830012824584
0.179113609033624 0.255941501115161 0.0631420020022277 -0.121891623512356
0.234188622696051 0.0695967865924321 0.087730169168303 -0.169326318842407
0.147087343009435 -0.137151012290467 -0.0635146589850554 -0.214400623176404
-0.0616975769517956 -0.194414090867617 -0.233314371340792 -0.133580556914337
-0.145194396044587 -0.0856126052725522 -0.272672554927959 0.0510772670348899
-0.155606773046534 -0.00578160850896343 -0.166634825979726 0.131668915210771
-0.14352656629748 0.0939382104019228 -0.0818030722030072 0.108118770236086
-0.112016052090078 0.143776498950752 -0.0286886381885085 0.0560206257461236
-0.12174073558642 0.135407467448235 0.0103291766764938 -0.0282062349489113
-0.157170079818861 0.0650638061433121 0.102739678171161 -0.079659436833924
-0.185691372739781 -0.0151636104920303 0.206623615857746 -0.0392688846761494
-0.174582075179593 -0.206502743295203 0.194988579372157 0.101175620588325
0.120625217425016 -0.247146179206684 0.0820989278419325 0.128226536660674
0.309739538471449 0.0301699948455775 -0.0135041666634507 0.0379160462079755
0.250120286074496 0.291497033776555 -0.0281184731073182 0.0499115299348914
0.153032003548762 0.211658186109538 0.0467790969885044 -0.243356336925794
0.184258583419768 0.0712742638102795 0.0308003600658947 -0.260436082980056
0.130832085438744 -0.0919746198589825 -0.126118889693183 -0.225196082628039
-0.0234608346947772 -0.158573634089537 -0.255797431091231 -0.112240744923991
-0.101494598390687 -0.0906042871533184 -0.27780101643162 0.0518308029208843
-0.125395716638395 -0.025351020250363 -0.195766927253858 0.136025914524803
-0.121009035717151 0.0660397269706733 -0.124709515000748 0.138090368022528
-0.0943173231099685 0.116746235667276 -0.067919536674381 0.102967616769279
-0.106268305444719 0.118304456711189 -0.0191900430016621 0.0196752217572013
-0.147256198020441 0.0612480074401349 0.0714936852430455 -0.031651503672452
-0.181792302296291 -0.0275874626128802 0.150949094920329 0.00973208376229967
-0.144865691685793 -0.223320504351428 0.101059847287244 0.0985335021149939
0.154280957006514 -0.227860805668732 0.0256642923489653 0.0461867313026422
0.301565441255638 0.0530905451156953 -0.00409257193556879 -0.0371679330792523
0.226194493802853 0.263049581194673 -0.0625360462671962 -0.0504671025443086
0.11519230893003 0.137459004074361 0.0236524756387339 -0.344204507869804
0.122650583104938 0.0540815567637495 -0.0354030219866763 -0.313833947968119
0.0963406397851068 -0.0536567720651728 -0.170064955963123 -0.212101881573151
0.000183635710943372 -0.106274639427763 -0.258385374769179 -0.0898939555213991
-0.0529043500414813 -0.0713691784195175 -0.269903715910363 0.0493138660940889
-0.0768013716830088 -0.0333910548031013 -0.213868558314961 0.134329483802647
-0.0804871816584526 0.0317472653448258 -0.154531352296633 0.156976379478424
-0.0628526405445255 0.0725857754075136 -0.0953719577552478 0.134042540525233
-0.0767405023024472 0.0775594287869732 -0.0417060505639691 0.0577773862415978
-0.112011316235126 0.0366234335386612 0.0341848827165784 0.00899340324600944
-0.131561177799231 -0.0421493872966587 0.081446334440821 0.0344907605182668
-0.0719041412294753 -0.182351304164205 0.0269590495035893 0.0580552755091325
0.148182841311586 -0.141557350968161 0.0198322417872831 -0.0329807662332273
0.216265309398156 0.070618106937874 0.027425005350339 -0.0643961130119261
0.156479263026851 0.18227887220721 -0.0925861119307964 -0.117049070007674
-0.0356586584253233 -0.0512303279301645 0.159422683601016 0.123073025878644
-0.0829070502335213 -0.0127695687415412 0.0117969148189805 0.0195313880606073
-0.0724695536303353 0.0462308568827189 -0.0501731081330429 0.0546249435739525
-0.000192377865440196 0.0746037073486578 -0.017633033564848 9.35574341040517E-05
0.0454030516054312 0.0305231652877713 -0.0396139808920222 -0.00714006073511889
0.0335923198424451 -0.00859857526718388 0.00304687122050577 0.00597241445070732
0.0130089636950766 -0.0161760354155523 0.0688533593000743 -0.0603236735005153
0.00751126092106509 -0.0123056839581713 0.122887988931068 -0.134594545115788
0.015052544293569 0.00165366971953198 0.171507553001727 -0.182148880243565
0.0183214947281713 0.0302150926451281 0.221561562237418 -0.152240330075047
0.00678775877738671 0.0530927927671856 0.258638933111675 -0.0793488010981895
-0.03471384542223 0.0548149685382354 0.263936459655608 0.0516340671943701
-0.0682385189536068 0.0160046581280729 0.208118703657201 0.184666731891594
-0.0738290265153611 -0.0324872396548032 0.0947094353360552 0.321087881641375
-0.0630307610110266 -0.0945312573141613 0.0106287535703667 0.452791411352797
0.0659450024968306 0.0617170281011842 0.153677051393855 0.150386711644669
0.0706168919704176 0.00429219476745677 0.0298502251255531 0.0314775265798158
0.0144795071956203 -0.0581840463240088 -0.0307820511023802 0.0502567176132167
-0.0637821085756698 -0.0443193093706395 -0.0188961436676948 -0.00773262521784194
-0.053663330351023 0.0144185365252763 -0.0533637461849771 -0.000486500819799189
-0.0376597388573386 0.0249134203720875 -0.00109127142941131 0.0143749161146099
-0.037008647395757 0.0424649533180218 0.0630287465873047 -0.0505566282344738
-0.0342707820550527 0.0487140555558052 0.118326595241878 -0.125318805364096
-0.0381459039368853 0.0438371772374035 0.16192002921117 -0.176565925210304
-0.0445031917924373 0.0257793592900585 0.212039267483452 -0.151275612158915
-0.0397022462535832 0.0108783573668164 0.252946892224714 -0.0842426643035371
-0.0439988641709877 -0.0168654259526117 0.269626414158924 0.0392704434870916
-0.00853783191299444 -0.0209787228967952 0.226620661246846 0.170571645482235
0.00694044370040411 0.00993310817940233 0.116292340144933 0.30354686978549
0.00261659580307595 0.0201785900069797 0.0361850046358336 0.442975438754971
0.145337536711578 0.159424770797761 0.126139347582249 0.137222388331107
0.194667071034526 0.0211835729501333 0.0553103426885177 0.0416677706233081
0.0908430865358454 -0.142461734129198 0.00917654443068877 0.00938702924487721
-0.108557267214957 -0.145501520332827 -0.0451985702825123 -0.0520096926737425
-0.135473702869149 -0.00993824224655867 -0.106761260552363 0.00856578392545088
-0.103651583156684 0.0437277684626393 -0.030703887604542 0.0443674909062318
-0.0853849410307802 0.0896340076190043 0.0436114865370939 -0.0183054303649867
-0.0720357201829982 0.101974373320252 0.0977606020986489 -0.0976236172960239
-0.0822742933543577 0.0834906440110555 0.130489512726669 -0.157287245844753
-0.0972134328227608 0.0267545124286736 0.185413995872988 -0.149530777838398
-0.082591823651985 -0.0178832727846017 0.244992061793263 -0.0973846561752752
-0.0659475112863958 -0.0788589448685703 0.279799360208347 0.0296274422352697
0.037026367174626 -0.0714123429323132 0.23530869466417 0.165825199607324
0.0953872068485074 0.0325199549816224 0.109003896094465 0.267547756995868
0.0824536373752456 0.12815751735357 0.0465504715714104 0.384542106049476
0.187645007691519 0.227063040532662 0.0972513635316106 0.0853219972801531
0.260458373338258 0.0342626274296488 0.0910101982798217 0.0169934691646443
0.133646683917314 -0.186309011595475 0.0307193447980156 -0.0726522323985384
-0.12522661116417 -0.201050107050405 -0.104277177465867 -0.107438207292685
-0.178193755154312 -0.0363977795388141 -0.180168114612769 0.0253907918147364
-0.148798569296994 0.0424669179043548 -0.0768675504924904 0.085036219605444
-0.123353725030904 0.115061826112559 0.00975597325113245 0.02604973807951
-0.0993190782997447 0.138981586010305 0.0616242422982981 -0.0529743246334901
-0.111140451304836 0.116528066258564 0.0884990431103131 -0.123110877499261
-0.133519253613816 0.0369444889374726 0.154453203123226 -0.141563632726854
-0.12276034677471 -0.0252709043762889 0.239212764054344 -0.105495239275178
-0.106326169587141 -0.126367544729228 0.283924801958406 0.0364180454983171
0.0641625353800159 -0.136840360038034 0.219276379416731 0.170218565899407
0.184227662476266 0.032209786977005 0.0712925855173815 0.212225219136413
0.164211557714755 0.215810356615083 0.0366244526598284 0.286995730909636
0.198501145436224 0.259175707047084 0.0767672778993172 -0.00444790589083367
0.26958591036673 0.0509085971109109 0.110270824675121 -0.062821289266518
0.147814788710316 -0.180743301324166 0.00115640482488921 -0.162059747003088
-0.107940395294621 -0.211906080085569 -0.181233464935325 -0.136546764797497
-0.178973388949283 -0.0629472361882288 -0.242138519502835 0.0471479219371262
-0.168265308769126 0.023626458012814 -0.123661681608727 0.119608577031117
-0.145275343815726 0.117571191382693 -0.03293004928097 0.071749925240492
-0.11222780899408 0.15548964168917 0.0168433769672841 0.00178238815273056
-0.123262906911001 0.138188936143901 0.0454361257486133 -0.0791182914095734
-0.154408537626596 0.0552909712095001 0.126806592464643 -0.120819188870998
-0.160872837625386 -0.0174725818037966 0.232112996864003 -0.0896932978769317
-0.155845656179289 -0.166929844437024 0.263801233558493 0.0659003753926036
0.0850242227192211 -0.207457572123608 0.163038066221061 0.166754606003955
0.264707797955137 0.0213440319158182 0.0180835927785927 0.132785085277325
0.228995370759395 0.271220290286358 0.00878096086853676 0.168257878175775
0.18632793114643 0.253525989786528 0.0600289392980165 -0.122213098715314
0.241324257541965 0.0677248014208257 0.0858481990307579 -0.168976144437695
0.148059550772295 -0.140648214367261 -0.0653028795303098 -0.21451874525833
-0.0665283642243569 -0.195255756308241 -0.238423880444757 -0.130171467296591
-0.150183199475842 -0.0858640064431365 -0.274210301442289 0.0609876814789664
-0.161085407415476 -0.00266991920384535 -0.163874928401079 0.13898806902582
-0.145023900892009 0.101760246118109 -0.0804929058457482 0.112190075744673
-0.10978614669063 0.149192479070675 -0.0284785220994344 0.0590038824035575
-0.120458907451978 0.143065825466322 0.00868190352933015 -0.0282524669880083
-0.161142297629476 0.0694143072364478 0.100890790301601 -0.0830563388017731
-0.187916379549507 -0.0128094984003328 0.208264523522459 -0.0472387250659336
-0.181601740537808 -0.204202048678551 0.199059524858215 0.0992741533624111
0.116378336422609 -0.253333226119171 0.0815566595634911 0.127988287291203
0.314589341650023 0.0227045653627809 -0.017430381509873 0.0381430533537918
0.257765769018593 0.288608669022916 -0.0282844700211521 0.0485673787606701
0.158673581911648 0.209888343073156 0.0403664904861904 -0.244249053705671
0.190220756990716 0.0703431597599992 0.0254648798966972 -0.259366980241797
0.132487729683895 -0.0952366812847963 -0.128817096010915 -0.223074004715776
-0.0268021363367986 -0.160627083975613 -0.260230553518207 -0.107992159397972
-0.106527749251154 -0.0915999363238929 -0.279951935349358 0.0606764586027957
-0.131044854543175 -0.0230505723567159 -0.194692394929281 0.143683997988801
-0.122795861929645 0.0722123056971314 -0.123439029880269 0.144270804814318
-0.0915210277470106 0.121152280485354 -0.0672028451049577 0.107940348778064
-0.104732495852332 0.124402944185379 -0.0204842688291264 0.0209620203757358
-0.149873405900115 0.0656056548308661 0.0697019750942642 -0.0344825741209402
-0.18403179693384 -0.0248208212847336 0.153503323023374 0.00277931713331446
-0.152860623547244 -0.221738519269654 0.105703301046816 0.0998036722521106
0.149937136772838 -0.235013563855067 0.022565179337937 0.0480882437393365
0.306517782014106 0.0452599002203276 -0.0114056375552136 -0.0385611950435193
0.234983491258631 0.258933597739417 -0.0668856519835332 -0.0513827813455899
0.118000979516389 0.135771520635963 0.0146280077469499 -0.345591086370224
0.127064916101583 0.0534935392986465 -0.0430726777422621 -0.313298455877166
0.0977148311546927 -0.0555774346691459 -0.17226548296039 -0.210047412904414
-0.00246190728413106 -0.107831927831877 -0.26229211879966 -0.0874097907773423
-0.0561406331357809 -0.0726001859027278 -0.273775233576672 0.0569810150017284
-0.0814350647085865 -0.0321664795978672 -0.215249364409911 0.142866366392954
-0.0823606086542799 0.0361191683844727 -0.154872397332195 0.164760512469784
-0.0608992795859484 0.0753510071383948 -0.0949475291863313 0.140840416707295
-0.0757747464805701 0.0827229690259308 -0.0425098739710858 0.0601909894888686
-0.113966691785512 0.0396248395473204 0.0333137459618699 0.00709594973150497
-0.133567652880816 -0.0396112905595788 0.0847829666865076 0.0299663445385077
-0.0780564880941302 -0.181473143779495 0.0293491114162353 0.0614269774744617
0.145625839438495 -0.148804394040164 0.0138924073824801 -0.0310942818897291
0.221643149933362 0.0637926054401248 0.0186706487502559 -0.0671405807756505
0.163008025832043 0.179669420676292 -0.0996134454236129 -0.117665632448066
-0.0396194227696179 -0.0494849009147425 0.165994645405126 0.117872607581845
-0.0828671972994279 -0.0073964662428332 0.0195387930163464 0.0212242360444197
-0.0678733568900326 0.0508100938392391 -0.0419107959363621 0.0551233414669919
0.00445982262475178 0.0745582562652468 -0.0188786442707933 -0.00167799687845896
0.047769744673668 0.0273923482823234 -0.0415663001031757 -0.00314602430038461
0.0337080652382558 -0.0100836015634677 0.00659902961353029 0.00790360877090292
0.0133315848186268 -0.015616082288568 0.0674594826907845 -0.0634001936293384
0.00722434499902478 -0.0116911259944906 0.117512027642621 -0.143085053447971
0.0153893037639687 0.00217192157485154 0.162319492451953 -0.193375563809115
0.0204821387078857 0.0299857933271675 0.215237549506066 -0.163448595591302
0.0106495600355852 0.0531251598434372 0.254547495363906 -0.0906846553147127
-0.0322792284739632 0.0567735030829426 0.26488965511938 0.0405993007293886
-0.0671984222426135 0.0200174487960736 0.212045956175888 0.175177849427271
-0.0751293051728928 -0.0302579884362027 0.107590874115515 0.314684935132397
-0.0680214921176645 -0.090823577505808 0.0341881778786485 0.446784215468995
0.0675914821242656 0.0579518094692269 0.16089104709094 0.145000658049396
0.0713937594835165 0.00127894416142487 0.0375346260690462 0.0323035455377949
0.0125775867995495 -0.0572609994617505 -0.0223889062579281 0.0499984994866514
-0.0655104750602974 -0.0399632501631188 -0.019450252667506 -0.00897135057526813
-0.052605249429613 0.0167549016221767 -0.0540269426893645 0.00466529916624247
-0.0363921424941204 0.0268546224039288 0.00296449862652905 0.0165835666358743
-0.0337931495522475 0.0463103765368594 0.0631476642446265 -0.0527845466089205
-0.0314736158828278 0.0515181146828195 0.113751451455034 -0.133417791480889
-0.0365592730424842 0.0480487920244952 0.153333135328304 -0.187603080214329
-0.044093851130244 0.0283993922549019 0.205816428579727 -0.162118413041108
-0.0386204037457956 0.0120436768668763 0.248829278339805 -0.0948111198647307
-0.0447714460971451 -0.0154253319173803 0.269551117764415 0.0289804050720741
-0.00889996406335892 -0.0207480260118009 0.228877245150306 0.16056524835314
0.00829501028955901 0.00915906197883255 0.127824481354805 0.295812074672146
0.0029927186898681 0.0207391445213018 0.0582760975387921 0.435196619608775
0.151014182606204 0.150688475713327 0.133010621270859 0.133699236967428
0.195902543260078 0.0127583884907196 0.0629170445563779 0.0417855701811556
0.0844486138210369 -0.145648382442568 0.0152198700943191 0.00725698413338634
-0.114719594147726 -0.13785909339192 -0.0475977128461326 -0.0511835925033516
-0.135800400392131 -0.00427754336235214 -0.106108286610977 0.0172928588595442
-0.102288555671911 0.0483970489548791 -0.0249663321711927 0.0481404048812768
-0.0810788239844481 0.0960120110767225 0.0450761024167776 -0.0196272021403726
-0.0659494093102429 0.107193323515455 0.0933787815711805 -0.103324394011649
-0.0789843866291087 0.0905925754879227 0.122789179868164 -0.165101728715505
-0.0985273814001824 0.0315621378532436 0.179532387030392 -0.158297248698773
-0.0850395346241794 -0.0152524144542471 0.240451014798955 -0.108695996311043
-0.070653913505543 -0.0774508670706648 0.279567220817359 0.0190986827147723
0.035083051467886 -0.0735796157513203 0.238436416111555 0.15412976767589
0.0977899215230702 0.0284945699169507 0.118817626349497 0.2609089273805
0.0869208709546404 0.125144154307881 0.0650235590454246 0.378158601231613
0.19709879728883 0.215909157517893 0.100413524821962 0.0833762144821293
0.261611594009029 0.0225994713935369 0.0958793137584987 0.0151472403192261
0.12481008238772 -0.191808960676919 0.0325959718884958 -0.074819844596355
-0.134003685201926 -0.193478552449711 -0.109269453917602 -0.102352600767543
-0.179755867176087 -0.0292234966831186 -0.176819160124386 0.0380482948728992
-0.148849282312745 0.0488609348379475 -0.0695553728618361 0.0906676111023072
-0.119121485072466 0.124256462769141 0.0134927028636273 0.0262645722716709
-0.0917035307485304 0.144639013134996 0.0595213602868966 -0.0560000253541831
-0.105778415617016 0.124649599222454 0.0821940260717124 -0.128112720945037
-0.13580686290124 0.0439034600105322 0.148093752552319 -0.148687077387725
-0.125148989934698 -0.022020559703308 0.234062507538958 -0.116355739417647
-0.112994347978973 -0.122631666744111 0.284442488305655 0.0244309464925439
0.0595386171561648 -0.140221496633915 0.222010085569458 0.159001362208026
0.186652201203908 0.0244293867281655 0.0789180894326043 0.207371013163705
0.173243156425155 0.207844546285472 0.050308469827093 0.281329968145211
0.208453753822246 0.248094084775783 0.0749319551271436 -0.00517638029984933
0.272769421045259 0.0404085047106737 0.109701020368319 -0.0638098121115028
0.140612900701955 -0.185831644423922 -0.00247605681357244 -0.161904393317615
-0.116098591681479 -0.206579854729084 -0.186933783815761 -0.126970630487088
-0.18289756924068 -0.0563210517898199 -0.237159716158915 0.0625115268949101
-0.169900414794705 0.0309467151963688 -0.114992300354251 0.127329679053997
-0.140665398982024 0.127973102614382 -0.0273939630863969 0.0738243931702549
-0.103962956581963 0.162388492809361 0.016934382304331 0.00218942908765713
-0.117144862806977 0.147103839497496 0.0406097939924312 -0.080911171937096
-0.155424545761778 0.0629919422765521 0.120829468674408 -0.126281576423659
-0.162490374457045 -0.0126238340761888 0.227180851471006 -0.101923372903465
-0.163364938108908 -0.159007272330049 0.265924562347054 0.0546345768900258
0.0762055142837194 -0.210745505191685 0.166767831501421 0.158274959249988
0.265573034955405 0.00923732150994674 0.0202133511873573 0.131301711363462
0.241037401695961 0.259447906927111 0.0158439883799327 0.164565089744934
0.196575282323658 0.243115558378154 0.053120058125783 -0.121431716379619
0.24581996027681 0.0582040127480915 0.0793849938633709 -0.16817603541053
0.143079367870298 -0.146610929172354 -0.0715039781005625 -0.210511733373069
-0.0749556814436459 -0.191926642168811 -0.242637409877178 -0.118342123099047
-0.156208210215982 -0.0803524115463634 -0.269153379485869 0.0773194264596191
-0.165022756776165 0.00491879907446213 -0.155274648248891 0.148154366736035
-0.141627803614236 0.1111476223146 -0.0735584340199305 0.117637902476586
-0.101288442410688 0.15535966084321 -0.0254304646064871 0.0620923008459343
-0.113718037306591 0.150976989357184 0.00631188551422868 -0.0284440883037493
-0.160970307418915 0.0777473773210576 0.095865784396187 -0.087803816577627
-0.188018793387232 -0.00645966391562639 0.204365733101732 -0.0597615794135457
-0.191078105927486 -0.194289786513891 0.203644040453887 0.0909036922794664
0.10385733155723 -0.258215383721895 0.0837962551793593 0.12461622572736
0.315275614953691 0.00683134057731929 -0.0207765538280716 0.0385820580705777
0.271018114603519 0.27445487123422 -0.0274511796094009 0.0474860405732183
0.166861158886224 0.200988033401631 0.0274186512049684 -0.242386944723916
0.195991304546262 0.0634489033565644 0.0140533942193106 -0.25553584759321
0.129393150147737 -0.101396365596785 -0.135192503408327 -0.215430051273393
-0.0345071194299361 -0.159434995519217 -0.263352526753972 -0.0961814872364845
-0.113008522342219 -0.0878801971691491 -0.276237425051024 0.07624157158262
-0.135824337639481 -0.0169300400850687 -0.188470446911637 0.154165109193703
-0.120674254567699 0.0804319223978544 -0.116769835602748 0.151889260361423
-0.0851564376570531 0.126318389568886 -0.0630626633756044 0.113927686430937
-0.0983738174081898 0.131064816861747 -0.0213748771890914 0.0228716486687425
-0.14886148278101 0.0734492443347723 0.0665514734037299 -0.0381112936990264
-0.184023866097035 -0.0169519474867625 0.153085885426652 -0.00723680710162697
-0.163568276673418 -0.212568302951397 0.110775129023477 0.0976429491698798
0.13709904165333 -0.24253832227016 0.0207844328839516 0.0487012885608101
0.308281906786666 0.0282465464926069 -0.0194320294199656 -0.0380881430518425
0.24732010557132 0.245177605670078 -0.0717272231722636 -0.049942717126578
0.122970479575743 0.128969803868391 -0.00265415986686028 -0.342864946111299
0.131360730869081 0.0485755012656698 -0.0568324801638047 -0.304719218051482
0.096576819819027 -0.0599030787072896 -0.178015707651209 -0.200253374558694
-0.00759738206865633 -0.107592225144565 -0.264436990777733 -0.07566421061817
-0.0616086395907326 -0.0713989576379693 -0.27120713692419 0.0704201142581146
-0.0859372985883286 -0.0278865144338898 -0.209558081070462 0.154055284063796
-0.081558473049546 0.0415203543519912 -0.148424198202493 0.174588333478531
-0.0571284918208067 0.0784995461033122 -0.0893820588292689 0.148435724623686
-0.0710578307465619 0.0872447705214238 -0.0420699497767776 0.0628724792042568
-0.113410100566418 0.0451249664651513 0.032241387854742 0.00455274532790392
-0.13448525358334 -0.0333188838162608 0.0864236992835125 0.0228218507408035
-0.087533721042461 -0.176679833151472 0.0339879666497227 0.0633162870616244
0.136529323531478 -0.156953343834759 0.00744982689693176 -0.0290328858469749
0.224817464722416 0.0505586461070142 0.00781599388206553 -0.0689846230416635
0.171513552952914 0.168908751671059 -0.107503417236012 -0.114201406706725
-0.0421308491481863 -0.045115906035279 0.167884054776552 0.108349993875197
-0.0799600226678437 -0.00219770357452077 0.0269514915973921 0.0204586801987617
-0.061254381195715 0.0536637403886065 -0.0324520754240351 0.0534493989239154
0.00881082313011017 0.0718312147389672 -0.0195506712935866 -0.00263792175109015
0.0478533313273689 0.0235838917894217 -0.042043099300974 0.00122978310478173
0.0329791819527224 -0.0116402431740529 0.00987816424292228 0.00906670079834197
0.0131853894971009 -0.0147597579060673 0.0647419213971925 -0.0651770396236925
0.00707393492146173 -0.0106447700349652 0.107391218271782 -0.146755408312688
0.0154243888643371 0.00195908796184763 0.146967007770687 -0.198106293110717
0.0223756555370389 0.0287624526339801 0.201275121277851 -0.170897323032905
0.0144094094041644 0.0501095953319692 0.242217259120498 -0.0997604777520663
-0.0287771460334436 0.0577313530818245 0.258817272125396 0.0280776186253273
-0.0649023435771191 0.0227943706821512 0.20988914726125 0.161001430461559
-0.0737934491336764 -0.0275445363201507 0.117225184738872 0.297890237876394
-0.0705666129094851 -0.0845637407737571 0.0552292294501178 0.426120013638855
0.0666398203652232 0.0519825008966913 0.164175766300179 0.134870920742405
0.0693500939196027 -0.00156764580247466 0.0447689442677229 0.0315334940943802
0.01046204107674 -0.0549991767935923 -0.013856965796308 0.0474728801648408
-0.0643532000623079 -0.0340897762309654 -0.0205758322648583 -0.00943458918537889
-0.0502974884316682 0.0176103318172735 -0.0521859403812615 0.0100297657597994
-0.0343296681004047 0.0276006008926392 0.00717857843495873 0.0177397081075481
-0.0293954405128595 0.0479679603261882 0.0613315504103556 -0.0539260119401753
-0.0272000832437099 0.0532169603132707 0.103665884316786 -0.137071984508528
-0.0327754565829891 0.050426955900283 0.138378789794053 -0.19130709011048
-0.0424595040999849 0.0304898064426064 0.192770702910256 -0.168294215002684
-0.0373132335317429 0.0127120104671905 0.237469753896668 -0.104564168371222
-0.0450658011114096 -0.0126120589655427 0.262744574258844 0.0171065977691756
-0.00869147528312106 -0.0200708916282182 0.225716838198269 0.144876926662721
0.00979613389505718 0.0076197596769267 0.13631784474852 0.279016892490389
0.00349979610411476 0.0211372905842983 0.0793736509286707 0.413515076231855
0.152623647008194 0.138073789261218 0.136423570264923 0.125657421776572
0.190444397740775 0.00226850570374036 0.0692323470805716 0.0397415431994939
0.0747174138413401 -0.143998842058968 0.0208272710444263 0.00479930796621906
-0.117868172037664 -0.126651299772613 -0.0486156817130321 -0.0481599927925455
-0.131323402744755 0.00142088680340311 -0.100091664527121 0.0254044707094418
-0.0980150419910146 0.0520221938460743 -0.017971266780175 0.0492434648589528
-0.0733697260253819 0.0996900245323846 0.0462379391194713 -0.0216395626429453
-0.057934499099752 0.109053657016386 0.0865194865836268 -0.106289157054321
-0.0726452349618005 0.0946478237725789 0.110617723484553 -0.16772060570142
-0.0970369021619184 0.0376661535926182 0.167699661030314 -0.163347751011448
-0.0838109705181462 -0.0129003207329948 0.227792109344331 -0.116993542530828
-0.0723926018883456 -0.0724297544008864 0.271882410067715 0.0064683942596039
0.0324248922966965 -0.0738984029446387 0.23422958967942 0.138545582009712
0.0978224014532294 0.022996119562978 0.125318835296156 0.245534995733731
0.0895903339950554 0.118191820319648 0.0830248279274885 0.357919962762073
0.200102610573902 0.198351522084295 0.101648960762944 0.0790235842578052
0.256069504141043 0.0100171328151804 0.0982990293555156 0.0132672620591983
0.111771592878441 -0.190139588430875 0.0323385495466025 -0.0747991922560808
-0.13869492391897 -0.179991868338341 -0.110473948832828 -0.0946784233962047
-0.176547227362255 -0.0203587137760996 -0.166985653457353 0.0491390316838452
-0.144191684844394 0.055436888963969 -0.059211094076119 0.0925061115728898
-0.109093898755122 0.12937046107944 0.0172828928746665 0.0247488321484172
-0.0815232334883676 0.14721700925216 0.0560465035766725 -0.0575135160966657
-0.096799191274388 0.129449849443928 0.072666611230103 -0.12947034778403
-0.133224034578389 0.0513521853470288 0.137503291529802 -0.151507700058142
-0.124687477676754 -0.0170389425069806 0.220645356330953 -0.124196582753021
-0.115736040333799 -0.114496049948965 0.276993452856585 0.0116812855072943
0.0526688262763534 -0.139315105363124 0.218632607160721 0.143744137211949
0.18372574975368 0.0148381005963509 0.0836197470298489 0.195648067541847
0.176602661210862 0.193515253520808 0.0629980806003964 0.265482261540064
0.212201157404535 0.228479693676805 0.072434626456385 -0.00520068597944096
0.26825221001197 0.0266698826761548 0.106758235764827 -0.0632958459212639
0.128661095126792 -0.185253478184205 -0.00663429149944339 -0.15685126537442
-0.122385973057752 -0.193882315662784 -0.186813322279365 -0.113944812171472
-0.181649987778233 -0.0473359535886815 -0.223980183869387 0.0760215889281052
-0.166720743170009 0.0388297415056244 -0.102112992237093 0.13019432975123
-0.130745845254643 0.134208800121456 -0.0215496145429446 0.0736010025831955
-0.0924418535432677 0.164550816042301 0.0180941870243233 0.00187776129603455
-0.10624349414623 0.15108083626686 0.035266908949934 -0.0799609896402082
-0.151458899796818 0.0702919511823506 0.110901667738022 -0.128281107226329
-0.159218391806321 -0.00643922170799494 0.213653459787507 -0.111276735348261
-0.166445190283978 -0.147563955304081 0.259923542050746 0.0411306101352156
0.064637075315585 -0.208198153604755 0.165909553929571 0.145468637147111
0.258449394553091 -0.00293506377741132 0.0229677720241093 0.125497350029438
0.244581497764577 0.238910064764845 0.0236041506159973 0.155628227185529
0.200435714846464 0.22458324167194 0.0444105932257305 -0.116039528290887
0.243667377536547 0.0458370214062796 0.0712762972303847 -0.162334981036802
0.133526713603215 -0.14913231404016 -0.0752313350611921 -0.200310883708308
-0.0813966874757922 -0.183292837469554 -0.240862605040993 -0.102207644187618
-0.157296373308865 -0.0724608018713753 -0.254780598292408 0.0909720339718158
-0.164026596624773 0.0138554629171919 -0.141157466010906 0.152637286581531
-0.132997699513185 0.117758463349823 -0.0647634932614532 0.118763388479675
-0.0903920970550226 0.157280356055763 -0.0218158205296592 0.0643166675196923
-0.102612572358092 0.154015482880717 0.00299393357039581 -0.0263248670805868
-0.155787163849327 0.0838859181299409 0.0882673062913832 -0.0901282753410856
-0.18336442683675 0.000989484577982282 0.194190109813799 -0.0698449578681874
-0.195151912891479 -0.178963247125374 0.202534846076337 0.08018801207912
0.0877639897138142 -0.255185946875303 0.0843268537729803 0.116754961532282
0.306010686960258 -0.00961279880679026 -0.0221815871028066 0.038115337490999
0.27527739862215 0.250538188346036 -0.0258697083687776 0.0448527969967317
0.169945578562041 0.185754859505528 0.013747543020391 -0.232262906102963
0.195696079816821 0.0525204681582362 0.00333373502245259 -0.242946195885376
0.123300653735509 -0.104341763244295 -0.137622727716594 -0.202114712435308
-0.0407961385376557 -0.154043653350991 -0.259373039019345 -0.080748984472916
-0.116542129256573 -0.0818119056144958 -0.262963339925846 0.0896317921820429
-0.135983896149626 -0.00884379790492153 -0.174355413909235 0.159901257335664
-0.113665810154414 0.0863908618332139 -0.105976440899387 0.155930425008976
-0.0757235171061979 0.127028040133472 -0.0554440273050634 0.117130239741749
-0.0880513584167881 0.133788197197948 -0.0212590047978789 0.0248150505470156
-0.143400249406252 0.0788000142881528 0.0617746401965498 -0.0413075799153555
-0.17954547445387 -0.00856060731468252 0.147443229380158 -0.0178200230644961
-0.169866859824324 -0.196889947099599 0.114003947344965 0.0910648847207847
0.118802696923906 -0.242168122085516 0.019250975812232 0.0481101135134194
0.300411983196046 0.010320082250875 -0.0267649777642929 -0.0365203336721048
0.251169901479161 0.222849549293087 -0.0744496241293149 -0.0461186630120241
0.124098183480861 0.118829146146999 -0.0207970345623994 -0.328132858931447
0.131859956163041 0.041523296387423 -0.0683924984183048 -0.287753883112161
0.0921912052210781 -0.0636200726098991 -0.178663942544754 -0.184931746210193
-0.0119919337245408 -0.104525875791186 -0.259988034053472 -0.0614985309969361
-0.0649534187322219 -0.0683720348441458 -0.260496705938808 0.0836196813378446
-0.0876753476163635 -0.0223985533813893 -0.196360701887331 0.161384069101957
-0.0774623125450222 0.0458082102901769 -0.135570940763577 0.179673692211807
-0.0507085288267739 0.0785168172794302 -0.0794497583242004 0.151715303424415
-0.0636871619413487 0.0887749706444892 -0.0397296398619669 0.0642517505361865
-0.109170401935743 0.0503040018242456 0.0295777584676414 0.00219309202474463
-0.132258616827483 -0.025954200373827 0.0847371409524775 0.0146732435035435
-0.0949798088785111 -0.16585492628557 0.0380343926157015 0.0624424548507761
0.122795057385196 -0.16035643681775 0.00159028070896325 -0.0256777551623996
0.221752012120775 0.0357007294548607 -0.00293257683444941 -0.0674080125805118
0.17436455187251 0.152870633680384 -0.112850425835211 -0.105948622688531
-0.0430668883087018 -0.0410413730545579 0.163454121691595 0.100756732690371
-0.0756198606872293 0.000721304579022609 0.0337385884577352 0.0197937751662304
-0.054483973883692 0.0533381881496902 -0.0244279180867994 0.0491427907967929
0.0116111252630329 0.0683306763393837 -0.0197100167804167 -0.00324776710224878
0.0458557200684872 0.0206656401345927 -0.0412294765278495 0.00453723386465025
0.0309085975264148 -0.0118275431932032 0.0126492176744521 0.00923178832929839
0.0137592349328478 -0.0140246444307013 0.0625939872160691 -0.0638620435106962
0.00691510389110927 -0.00957453801654291 0.0986937970448307 -0.144534958250733
0.0151294126301485 0.00241643512630685 0.132789421222401 -0.195068339098086
0.0232622864519988 0.0268987471610704 0.187159254162272 -0.168550629429427
0.0158892119781964 0.0468862712103362 0.227627873789714 -0.100175107012107
-0.0254266911180043 0.0563252396836369 0.246071126076237 0.0215400921622468
-0.061295249643742 0.0239537657501328 0.200106172375796 0.149553905011362
-0.0715391228526513 -0.0257204981981526 0.11689262785417 0.278923546951345
-0.0696205991676419 -0.0771495360890018 0.064531688430123 0.397510312016024
0.0631317629129751 0.047966741151328 0.159806827491485 0.12614458129388
0.0660245741936229 -0.00300199033122492 0.0504913378947036 0.0295579153495171
0.00951611204113866 -0.0520450241498439 -0.00595423059572627 0.0430462775699605
-0.0612823679486907 -0.0293678363435888 -0.0199907854398696 -0.00948674967886879
-0.0470392913789047 0.01729014573027 -0.0487158614767986 0.0129499015735679
-0.0324342161434974 0.0276498559675444 0.0112563230463207 0.0176614370209174
-0.0253531583459726 0.0479856444993063 0.0600593861454074 -0.0540401837123073
-0.0234608751703578 0.0524561359646883 0.0967343694819723 -0.135249274387788
-0.0296240192538838 0.0507935100356729 0.126189922181943 -0.18780524889847
-0.0403280744552009 0.0313687671130845 0.179985175736906 -0.165975851646664
-0.0355332380900917 0.0123271339884758 0.222878017522996 -0.10444551020144
-0.0435839429510619 -0.0112096031371801 0.250075308513019 0.0110449646576292
-0.00817370779748075 -0.0188862858994964 0.21481925018529 0.133989054204636
0.0105612675095167 0.00679311062404681 0.134702638915124 0.260444898206812
0.00265182096169236 0.0207568883236357 0.0858291249490116 0.386055943999282
0.14686597538338 0.126041532730483 0.13336389292413 0.118431571907802
0.18124772471433 -0.00247720566309682 0.0727432402200423 0.0373215734201917
0.0674967873922195 -0.137526705680596 0.0248201593848602 0.00176050995892968
-0.114132748908986 -0.116255362213008 -0.0478618986879393 -0.0455111439017756
-0.125543138473378 0.00387064354109513 -0.0925649181046815 0.0294079772956305
-0.0932767936951707 0.0528431257342225 -0.0120251097174313 0.0484105357387405
-0.0654929063905401 0.0987350193477985 0.0458911427149077 -0.0221384710332851
-0.0515035816045433 0.106227415820529 0.0806621309823788 -0.104455994264754
-0.0665892591988457 0.0945297610867262 0.0994509971298415 -0.163751125107267
-0.093420427398869 0.0393084172280399 0.156882241395836 -0.160283599638713
-0.081969895719974 -0.0109542211855468 0.213711969576289 -0.116082229707202
-0.0720159379961215 -0.0678695217636592 0.257950983194046 0.00107626125982043
0.0303206418439324 -0.0715218523303695 0.222079616131402 0.127585440638095
0.0950226514114377 0.0196669948735863 0.123044782561647 0.228385012441455
0.0871367246223659 0.110255495225743 0.0873117198279078 0.331706381527129
0.192901526994975 0.181063695458128 0.0991491524372648 0.0756247977223604
0.243780299106582 0.00353557496309983 0.0988498862806177 0.0122732088174478
0.101438460070502 -0.182597160084737 0.0333383332324447 -0.0731921442541233
-0.136014661796257 -0.166070312840381 -0.10716619231579 -0.0868941974341715
-0.169058054831676 -0.0158372538070976 -0.154085339627143 0.0535297621384224
-0.138066387487495 0.0564805428935632 -0.049883007537497 0.0901575878362738
-0.0997231538995167 0.128100072874686 0.0197281983121066 0.0227024674771375
-0.0721442274537725 0.143761753493026 0.052804703273213 -0.0566608748341248
-0.0894469067747125 0.128681836467872 0.0652287390355282 -0.124716511842125
-0.128494217168986 0.0539280387239245 0.128035230217968 -0.147872000715634
-0.120769084231676 -0.0153394514642614 0.206189403772 -0.123602463457366
-0.113738285264174 -0.107178990839913 0.262470025428447 0.00556330040469417
0.0481878247328935 -0.133653011701472 0.208078512234339 0.131196045561644
0.176110503321777 0.0104300602655374 0.0819352501654139 0.183552951882106
0.170807415062031 0.179258182990317 0.0660336780682352 0.24770709914342
0.205715151958801 0.210381566519042 0.0688860482748745 -0.00334324937304001
0.256748632235162 0.0194759117058698 0.103851507916618 -0.0594626918781836
0.118636966383078 -0.179103624279 -0.00542695876711214 -0.148833066899478
-0.120596764595468 -0.181283143897154 -0.178911343830983 -0.103156807760812
-0.175743290687045 -0.0416578015977676 -0.206594182396987 0.0806833948280372
-0.160796106944551 0.041935068661912 -0.0906476033600654 0.126841679624405
-0.121052672794946 0.133825032397625 -0.0158259432195177 0.0712314152545783
-0.0827717346400148 0.160450908854163 0.0181647327662051 0.0026494017967549
-0.0976369961356163 0.149207492755742 0.0305830779642443 -0.0760243350650517
-0.145700099745017 0.0725048216296115 0.101890522695002 -0.125186930348574
-0.153176964744274 -0.00427499574681419 0.199205905534262 -0.11179749782186
-0.16197191582644 -0.136106905317913 0.248650424578011 0.033826185793568
0.0576402821417546 -0.199657213617797 0.157532620681808 0.134132741285855
0.245873535788136 -0.00912857552889735 0.0222391725049142 0.11843049074039
0.236950166008499 0.21958498632343 0.0258102140841901 0.144384774063212
0.194134712442149 0.206948513109625 0.0396113847227181 -0.107350692792818
0.234328943605166 0.0384242892498976 0.0667551105917172 -0.152286138994495
0.125111983656326 -0.144972752279722 -0.0725781433915935 -0.187455572190592
-0.0812034321399295 -0.173110734381006 -0.229325586932176 -0.0906311108561199
-0.154392468248673 -0.0667633551888616 -0.235859264414636 0.0957136633523673
-0.158874753694137 0.0181028668044533 -0.128935904892199 0.149640457301979
-0.123472720117158 0.118200217783087 -0.057280625983159 0.115825443466796
-0.0814689795655584 0.15314973731754 -0.0173427511551699 0.0631409715387585
-0.0932359789645781 0.151816423401381 0.00131863974313565 -0.0242580271633069
-0.148461197295322 0.0853664078246134 0.0807618375626924 -0.0876069123667761
-0.174563379294591 0.00403939241618938 0.181103594751612 -0.0726516113964958
-0.190626576632492 -0.164509407214204 0.195903787020033 0.0713148137400873
0.075800091013065 -0.243537665118076 0.0803931991982759 0.109849094210791
0.290621114505178 -0.0171073046022027 -0.0245176811967703 0.0372357455033168
0.265722746299585 0.228441376175898 -0.0242130120219227 0.0418790808023535
0.164089079605021 0.171330673735906 0.0072181889501044 -0.216810890604054
0.190038996700997 0.0460564417809387 -0.000289278702381038 -0.226403102678167
0.116791867499257 -0.10247746960915 -0.13182356566666 -0.187603324697941
-0.0425723042725709 -0.145998418777726 -0.246940825357126 -0.0699223371388449
-0.115897381989745 -0.0763308487576669 -0.245588332771658 0.093826302564437
-0.132942042989299 -0.00420217949249453 -0.161758602170741 0.15729571689509
-0.106540426873798 0.0874181037966347 -0.0961760318321094 0.152837524333688
-0.0682578797638666 0.12364381779908 -0.0476260188891646 0.115433835998355
-0.0799324677643119 0.13127762524977 -0.0206783089109214 0.0255336568903558
-0.136110503231132 0.0796636914525364 0.0562131649774068 -0.0409805786559349
-0.170235561886681 -0.00487435391503371 0.138403498034738 -0.0231557136683163
-0.166974301867393 -0.181382539033293 0.112974968006685 0.0849561382880239
0.105502470423342 -0.233406722301563 0.0163626654982114 0.0469462777132065
0.285455691218503 0.00110856732868004 -0.0320135834488972 -0.0327237900577065
0.242455212674886 0.202352699822767 -0.0732512266809053 -0.0427947971017977
0.11896867954393 0.109135463406126 -0.0278358877626866 -0.30659884213774
0.127950803893582 0.036668215759904 -0.0690001584697825 -0.267095819751383
0.0871809325136026 -0.0631694883202824 -0.171086512030188 -0.170676451044326
-0.014210696928941 -0.0995969985756803 -0.247013167301239 -0.0527047250334166
-0.0652502889326559 -0.0641981932656327 -0.244356650732561 0.0872860902084587
-0.0862596279151371 -0.0185242986528424 -0.184028601291218 0.159667613640157
-0.0728218353034169 0.0465739988431585 -0.124520194182293 0.177771649906199
-0.0459446767327816 0.0759719244709533 -0.0712463293827642 0.150190653012655
-0.0572500748764151 0.0870892442580493 -0.0372741359101811 0.0643683450813982
-0.102910976429844 0.0511186466583175 0.0262860406675782 0.000212750324641647
-0.125706767332066 -0.0215909140009572 0.0802692756193208 0.00897362684187465
-0.0955842085196402 -0.154644447762867 0.0402537046672842 0.0606322187278656
0.110191614716276 -0.156207649726465 -0.00289272250096939 -0.021659492516982
0.211227334107659 0.0263144586520878 -0.0112095843234174 -0.0635488076043988
0.168565761445196 0.138125623399395 -0.112245639643399 -0.0986522192956966
-0.0392948051022493 -0.0447032488461677 0.147522361581944 0.109982713979906
-0.0720063539831541 -0.00447444923453104 0.0374268975125896 0.0240850599201876
-0.0539927657053857 0.0475947257424285 -0.019066973083612 0.0444440099120838
0.00792469527097327 0.0652871466774773 -0.0172419369871076 -0.00406119907460968
0.0430149914411539 0.0222098584214255 -0.0381024823345581 0.00369754513859215
0.0314147958551737 -0.00940656421779344 0.0152252897688527 0.00952495598074121
0.0162343221388953 -0.0125007825885278 0.0642926192986274 -0.0597251149460028
0.00840740293425958 -0.00830362054712017 0.099833314345521 -0.13689195765969
0.0155840725847127 0.00221171475095035 0.134245605783778 -0.182444941094389
0.0226684810178595 0.0256216088784651 0.184453389184296 -0.15436965938988
0.0155842366420924 0.0442996212710251 0.219298044468724 -0.0831758052708267
-0.022461498662382 0.0524274671929634 0.229289722729514 0.0352397779860597
-0.0575404649288992 0.0227863110444608 0.175051352817764 0.151554352594799
-0.0663219153169745 -0.0241392147080182 0.093876383152078 0.266904999691647
-0.0607210753608698 -0.0724269934025167 0.0359530717920135 0.371197069265819
0.0562270164537773 0.0484587792463448 0.148647432070751 0.130818331321814
0.063427242855914 0.000968218128245325 0.0523813379581841 0.030034679858322
0.0139917179615201 -0.0487179081617647 -0.00506700598055767 0.0376533171951949
-0.0551892410875993 -0.0311767736487227 -0.0211112330305607 -0.0102187812645601
-0.0448433019623369 0.0133914243663736 -0.0470706521443448 0.014571083303752
-0.0327373304842957 0.0243469459127037 0.0127026035544409 0.0187458977487974
-0.0254314168136032 0.0446109171646519 0.0623629484664847 -0.0479435486269069
-0.0249667622723286 0.0506268332376687 0.098043795647003 -0.126202630452813
-0.0297891972155501 0.0478454461411693 0.125867411389142 -0.176344355725928
-0.0407704773507166 0.0279509673474046 0.177072007942286 -0.152551225490522
-0.0339863822392353 0.00791024964838456 0.215722312441145 -0.0892186980522883
-0.0370217829179861 -0.0137712757318387 0.23526269096572 0.0228399580362538
-0.00329098297998652 -0.0163431006638445 0.192515284407457 0.13884810850152
0.0118645198666485 0.0108167083633649 0.110628067425006 0.252869368850144
0.00458252458485848 0.0242161176265628 0.0551985993214328 0.364226388253787
0.130978377751693 0.130621770557164 0.127320756783098 0.119895971593234
0.173705764667999 0.00990076493626721 0.0721929146012776 0.035281394215102
0.074805267219393 -0.127217345228189 0.0234126141737726 -0.00155849817539494
-0.0997687554888956 -0.115068156713531 -0.0491261432941222 -0.0455570011047359
-0.118533352783956 -0.00474771466405478 -0.0896593263360927 0.0301730697307313
-0.093100597941941 0.0451705781482883 -0.0114086157841048 0.0478366765671712
-0.0677218993375612 0.0915985348738147 0.0485662713894123 -0.016730818225559
-0.0555922144746256 0.101534497120399 0.0812761769860264 -0.0966523697372078
-0.0676508606318966 0.0894957396332615 0.0994988588490764 -0.153824204609371
-0.0933770766002433 0.0343474528520564 0.154343892612706 -0.148937472724836
-0.079818979823455 -0.0172264305523805 0.20744035968679 -0.103007013571974
-0.0615624688867776 -0.0699844362278053 0.244015101807908 0.0108306472342378
0.0370666027679338 -0.064976102937052 0.201829496100805 0.132750499442659
0.0925540775753782 0.0274744708945425 0.101457136405249 0.224988372218937
0.0814536146350716 0.111561583002431 0.0584229980634095 0.316438454070409
0.171889204499742 0.188039487615369 0.100219724112217 0.0766572632058308
0.232884149065914 0.0191399441255956 0.0977179955225494 0.0117465521184708
0.109920163220705 -0.16724877066822 0.0334603912512723 -0.0727409634780881
-0.117412995490028 -0.163673869607843 -0.105119608892486 -0.0884391584039862
-0.158836222533185 -0.025915549254543 -0.149962632352187 0.0514626721082196
-0.136368318706229 0.0465623150091469 -0.0492148395339516 0.0868855079107838
-0.103069881580062 0.11833159324614 0.0210389891832253 0.0269694886844658
-0.0782059618380973 0.137027695546964 0.0530242524096838 -0.0502973016410219
-0.0918230732920115 0.121753654940289 0.0649688654232422 -0.117121259236972
-0.129757753414442 0.046975877043029 0.125356854057889 -0.137993349456144
-0.117457128022496 -0.0237664550838448 0.199731070680412 -0.111650748583941
-0.0993781789172715 -0.109530417730176 0.247792128417192 0.0125735938694182
0.0579189228661781 -0.124303202927504 0.190329469162413 0.134864086288141
0.170464802802183 0.0220819122899691 0.0653735247572726 0.181846939211815
0.158110401124196 0.178660201425071 0.0421083861592131 0.239744647733283
0.180896217759227 0.217717774255281 0.077414514377738 0.000312429589212616
0.243922939176893 0.0373676803431421 0.106614483933975 -0.055928938862299
0.125868367346202 -0.162161968683312 0.00068263298418443 -0.146439616890691
-0.101724574203083 -0.176682368324764 -0.171739927081383 -0.107447249469616
-0.163428348419342 -0.0513059684674057 -0.201613354599197 0.0736438163061299
-0.158272401271892 0.0319087220800171 -0.0908506629729054 0.119336625864454
-0.124083119002064 0.12365244470591 -0.0160725886927327 0.0721133412083133
-0.0893671343165896 0.152060122465975 0.0179113000631067 0.00542183219359743
-0.101187106793502 0.141505456613455 0.0296793084069693 -0.0706101439030844
-0.147632393890142 0.064119891046916 0.0988853694800568 -0.116859624251516
-0.149548506353771 -0.0149893107458808 0.191203999055789 -0.102492191447398
-0.143672899908236 -0.138302671642431 0.232434452657377 0.0351226590436633
0.0683893122283724 -0.186706640617482 0.144888909465647 0.13416033672701
0.237031660836569 0.00449220890291819 0.0125611034919271 0.119560054142484
0.219167242863698 0.218191249408073 0.00883878484441367 0.142179587619862
0.169225852585191 0.214866693322143 0.0550227085568067 -0.100436793598732
0.221946061554561 0.0551029702508934 0.0761044273539295 -0.144061287738857
0.130411642895684 -0.128938532828536 -0.0583316189906865 -0.186079450789438
-0.0656036800019014 -0.167276798444777 -0.218703239993428 -0.100011297566841
-0.141792543232879 -0.0730449649580236 -0.230230933964825 0.0846143286382301
-0.155619797626588 0.00937660737758851 -0.129688260320514 0.138214476176281
-0.126365452658824 0.108967705138314 -0.0581149762927655 0.113272627682192
-0.0879086578151679 0.145258303374254 -0.0180770093594527 0.0633706006554084
-0.0970350263677216 0.144238151213518 -0.000462781988273246 -0.0218944756323547
-0.150621409146835 0.0764093497499098 0.076046698230623 -0.0828839129760847
-0.169412372456224 -0.00732679856130772 0.171494586822055 -0.0681310327812772
-0.169083618730453 -0.164482978409675 0.18149888701703 0.066483545233352
0.0859618303307885 -0.22828447004006 0.0755051169783476 0.106825202180265
0.278345981627368 -0.00267536910926211 -0.0272802327725291 0.0419892920804501
0.244721183508149 0.225651308590056 -0.0317335657712868 0.0442013843691443
0.141083878126268 0.179507709592936 0.0293473230710702 -0.206489377559107
0.178749269165829 0.0597129230340218 0.0166274827801448 -0.21674340884982
0.119497995228301 -0.0894040909045737 -0.112888640233616 -0.18886539348886
-0.0305003486849803 -0.139545537992606 -0.233803654047292 -0.0825883510874258
-0.104896971282545 -0.079487229277191 -0.239720293365362 0.0810526305309624
-0.128431078191899 -0.00961708206458263 -0.162030420189606 0.143670453676622
-0.108717642216706 0.0803832292555652 -0.0978382621193775 0.146886833998725
-0.0737234925396286 0.117104868097938 -0.04966814334009 0.111785182127515
-0.0831511485835814 0.124605444316301 -0.0235633348540172 0.0249211105783134
-0.136551164471784 0.0716291428887582 0.0503674118692239 -0.0390094150462253
-0.164448982662633 -0.0142439736715558 0.129359997980353 -0.0229412859499808
-0.14855975024951 -0.178701128003116 0.105419948604819 0.0755007479768256
0.111669292898755 -0.217072508666543 0.0181073853584049 0.0458380501513906
0.273146048371401 0.0114647002561349 -0.0323883286975534 -0.0243779897135764
0.223359295378164 0.199317237453114 -0.0719243392366893 -0.038911327455291
0.102703901685424 0.11649561009302 -0.00150918621399222 -0.294270820351204
0.119636834819795 0.0465503040841352 -0.0472816524812201 -0.257877128763123
0.0881425020308767 -0.0525875287423566 -0.148914647320986 -0.174453744837503
-0.00681559423635517 -0.0935617493319766 -0.233749605239467 -0.0658260942056776
-0.0575181061089319 -0.0640925295006523 -0.239182258251315 0.0724193577469802
-0.0826110770246642 -0.0208241242350162 -0.184059107036185 0.143766943352776
-0.0740342425894505 0.0431356577015296 -0.126854563200871 0.168090294385716
-0.0489496801010654 0.0717330824346953 -0.072946210702775 0.144202365138824
-0.0593585133652115 0.0828709405326117 -0.0414999715008926 0.0610065159922405
-0.102812120585309 0.0462070030224144 0.0208515924006331 -0.0012078186944079
-0.12063534988209 -0.0277002498820985 0.0742640950737987 0.00595584799569459
-0.0837926923070497 -0.149913602917382 0.0393594748610437 0.052690534823849
0.112161422026699 -0.145062902571073 0.00155292438841191 -0.0171907797021284
0.20135564503963 0.0314619365966724 -0.0132840789830692 -0.0544407207495398
0.154668185712985 0.134618275851212 -0.104024196161424 -0.095943581810166
-0.0381504883094013 -0.0439748071160868 0.142859528531101 0.114172861222782
-0.0703241280007387 -0.00565300619719223 0.042673159728217 0.0253155384892497
-0.052830828886613 0.0453931830090134 -0.0144083756986516 0.0409700770706291
0.00759168619043924 0.0641609625603183 -0.0173082197759256 -0.00535289551423768
0.0415383032292055 0.0222323457723906 -0.0379202617821389 0.00488315535635244
0.0309693194947877 -0.00854531430382974 0.0166168348817566 0.0100313988938192
0.017664578122402 -0.012276172154763 0.0666314400218204 -0.0578869448446076
0.00960421386903017 -0.00749252994602718 0.101664360512517 -0.135069894053437
0.0163100190422181 0.00355945884027877 0.134746480847759 -0.177388914625564
0.0224884711581858 0.0260878920858979 0.18556519000211 -0.148457125028912
0.014953860617656 0.0433505904670259 0.217265895024518 -0.0752484547859282
-0.0229161637975556 0.0518329664599638 0.2238479032592 0.0402021044644159
-0.0572613690718771 0.0214942820842283 0.165160033534474 0.154706415445851
-0.0643663895502413 -0.0269543054671043 0.0837960346219971 0.261400789128545
-0.0572530672151539 -0.0716824398220165 0.0252618618546635 0.359296764952412
0.0527460977090457 0.0488505377731214 0.143129345796118 0.133882638645906
0.0621499546907414 0.00229699754235572 0.0566952089627223 0.031933585959349
0.0156437180397193 -0.0466494433233478 -5.48189031366926E-05 0.0339954843265223
-0.0527172213033587 -0.0309237765391108 -0.0207294528083876 -0.0119992532330713
-0.0442448452283439 0.0111901286306314 -0.0457030130503067 0.0149497456312259
-0.0326693015479936 0.0231246875925739 0.0143237860803102 0.0188402637039528
-0.0250655146165181 0.0436534924887359 0.0648129506526299 -0.0463512964895642
-0.0249912356969397 0.0499027238039019 0.0994592087446404 -0.12415293263632
-0.0297616363939627 0.0479693594601204 0.126743322090591 -0.171152857099782
-0.041315450783596 0.0277659751232203 0.178093439489368 -0.147233209476807
-0.034354112797386 0.00564866778183809 0.213947554997565 -0.0818060033179532
-0.0359687305779286 -0.0147936061163374 0.230049967341194 0.0290166597076148
-0.00218534096139902 -0.0165192221179995 0.182446369232255 0.142684017645047
0.01182692111612 0.0106299732904953 0.100709149299219 0.248309420823088
0.00355865018449053 0.0243197667211824 0.0440924565916409 0.353515711223448
0.123661927546584 0.130170107992466 0.122739165988369 0.122936009620299
0.169083744596765 0.0134250965565082 0.0757825188166208 0.0374662890494214
0.0766718225548126 -0.121839953599843 0.0278291884297545 -0.00304839008656693
-0.0942678550668181 -0.113582342861582 -0.0469946987690165 -0.0470140597164449
-0.116384570331935 -0.00783838385035634 -0.0866040947704068 0.0293287572483544
-0.0931349878557651 0.0421941404864712 -0.0092165629591803 0.0469304066818819
-0.0671939549694232 0.0890616822230701 0.0506091045806066 -0.0160316536919161
-0.0554612282655092 0.0994401043519524 0.0831402485385788 -0.0952461151076557
-0.0679017693629737 0.0886277952089817 0.101131571238495 -0.149369860645177
-0.0950422438866474 0.0336052913814061 0.155710000730241 -0.143313488180046
-0.079487699123227 -0.0201116965524105 0.206054285709715 -0.0952736456041266
-0.0592527279021078 -0.0711083162509009 0.239377795345633 0.0177161798853104
0.039383022072247 -0.0638000174638576 0.191349448327291 0.136486149125305
0.091518356548505 0.0295708440869716 0.0926248413464335 0.221041311282099
0.0758659059712689 0.112344272044789 0.0486810265805764 0.308181169652721
0.161012003380433 0.18732910222491 0.0968959293555962 0.0797412651070021
0.226912856615347 0.0253258649281565 0.100220275920036 0.0162064921265348
0.111703901892268 -0.160003514664239 0.0397678629293549 -0.0719829109677687
-0.110226376057848 -0.162419093636698 -0.100105122337014 -0.089329187040528
-0.156131059318831 -0.0300050717242026 -0.144986792035913 0.0482271795287401
-0.136949354928955 0.0433093293495455 -0.0479367685846114 0.0835244405787922
-0.103307115453697 0.115414581774509 0.0227502090237802 0.0259488990027476
-0.079050982391269 0.134070028389868 0.0550524240014015 -0.0491810954109169
-0.0925262878963605 0.119752150349181 0.0660865334710978 -0.112871748069582
-0.131470654080938 0.0449952892878088 0.12702651663045 -0.132878548454859
-0.117112812753502 -0.028028105851635 0.197570363974926 -0.104192848038989
-0.0948649047748168 -0.110700188224949 0.24285524411276 0.0194189462702252
0.0605568462978709 -0.12079531440911 0.180156407889034 0.137488646601592
0.167693514459483 0.0267647093249272 0.0578031946051888 0.178386654752986
0.149015747369205 0.179235649960029 0.0345926683750378 0.231841172680025
0.169162148360579 0.216170750063991 0.076776600475582 0.0050064393373425
0.238563880623951 0.0427012295150765 0.10936621402309 -0.049308919867328
0.128120504361599 -0.155247392241785 0.00935820786267155 -0.143572132984248
-0.0940822336095006 -0.175896162191046 -0.163929649423547 -0.109488023569818
-0.161073717044546 -0.0548269174845178 -0.195046017207624 0.0684390566109212
-0.158605237275679 0.0286420145767325 -0.0898804234664206 0.115081297023562
-0.12471538960754 0.120033091056445 -0.0156386924678182 0.0701602035483854
-0.0902719925473149 0.148893580303495 0.0198144713873537 0.00606710520973121
-0.102192993929401 0.13867659309072 0.030197996753414 -0.0680286730954104
-0.149197777226772 0.0614138486316566 0.099747604335979 -0.112837098217233
-0.147282542247157 -0.0199779583890909 0.188387139538772 -0.0957312454611088
-0.137459198138701 -0.14000700277195 0.227613928149109 0.0408181750518471
0.0721320838902562 -0.180779645133682 0.135954619365918 0.134855191182968
0.232099215973496 0.0114725665078816 0.00717872314437174 0.116379482149357
0.207299861674663 0.218372761578904 0.00426531020104058 0.136738364969224
0.157738877638033 0.213882415385636 0.057614823097346 -0.0932823799731877
0.217676195472598 0.0600877682623779 0.0819358495177318 -0.135788143088221
0.131709754619612 -0.122850056228013 -0.0477247265544461 -0.18339434265691
-0.0592834505438752 -0.166582039955149 -0.209209591877047 -0.103356345482305
-0.140199536646516 -0.0761254552257849 -0.22370575233025 0.0787247299091773
-0.155674287547873 0.00700359529469945 -0.129055704094714 0.132581173467291
-0.126958672100532 0.105912721089179 -0.0584006954862732 0.110178440905894
-0.0890592366560898 0.141487440152312 -0.0171745155701605 0.0626836878064513
-0.0987497207490458 0.140480118261221 -0.000161946564669064 -0.0195774670252808
-0.151467281301205 0.072606818849545 0.0757629303319397 -0.0795181772068366
-0.166353880894468 -0.0133474970356417 0.167590838814976 -0.0636220515022226
-0.161844929597979 -0.165154670527855 0.177957677194576 0.0698592736038922
0.0900009310214985 -0.220349870760172 0.068757377073756 0.107365686804035
0.272622870265234 0.00408951072307532 -0.0310661147069949 0.040480477699763
0.232018635155797 0.22582163587094 -0.0330719318608026 0.0408892430814897
0.13276458868055 0.178515949890579 0.0340707497380359 -0.1976092336901
0.175243101684193 0.063625506915126 0.0247268438148934 -0.207876024045266
0.120304650681041 -0.0852362138982909 -0.101411022382804 -0.187394945040676
-0.0267033093277499 -0.139383373232865 -0.225465328015797 -0.0864645409816272
-0.1036548245311 -0.0816518073931428 -0.234379011737276 0.0746270884594631
-0.12911656039345 -0.0107099484823442 -0.162561201731048 0.138266853971799
-0.109192431354707 0.0776837690885654 -0.0992621099647403 0.143200005107734
-0.0742989661519832 0.113470616626322 -0.0497468440426711 0.110979049980868
-0.0833243228734507 0.121226030797125 -0.0248655787505561 0.0259666613857513
-0.13679217567902 0.0679244127493997 0.0487805905280011 -0.0375998872619985
-0.160449772706754 -0.0193096819872485 0.125917949927682 -0.0213064304251874
-0.141468416326373 -0.176977391838255 0.10316437354029 0.0771288745599068
0.112936914696688 -0.209078204436043 0.0140975723685351 0.0474018392688921
0.266456015742717 0.0167838908046015 -0.0358873448238761 -0.0240769482373763
0.212309759218674 0.19848643203067 -0.0714312242158013 -0.0408041745916049
0.095774912617846 0.115620103719634 0.0058589014253664 -0.284390904293721
0.117898942145001 0.0481064354168453 -0.0368639786190075 -0.249548292102401
0.0885974044033666 -0.05033148043838 -0.137677685979491 -0.174655383460296
-0.00435611255267568 -0.0930463188844084 -0.225516212102842 -0.0708594055156851
-0.0567785830482242 -0.0658470267236782 -0.234496537362272 0.0662043558802901
-0.0826914609481145 -0.0213517216215353 -0.184165159452911 0.138178205794164
-0.0739509158273643 0.0415493781939192 -0.128259288875196 0.164212862778913
-0.0490660692648447 0.0690814917844988 -0.0729845749863724 0.142269320056975
-0.0592479297421215 0.0800685910365636 -0.0431331104406742 0.0607559435508596
-0.10250441844924 0.0431116545098153 0.0188252726911216 -0.00125941689309183
-0.117067809014997 -0.0304341458000967 0.0713696534378728 0.00563962446108323
-0.0792124051308901 -0.147721003071403 0.0394059407803789 0.0535683352448579
0.11121216926472 -0.139219159533594 -0.00162403966645493 -0.0145424333902534
0.196607097997117 0.0339209779594589 -0.0174778883358248 -0.0530336615188082
0.146625966724087 0.133945851393115 -0.101339235276348 -0.0968875799934883
-0.0388800573603737 -0.0443927125409073 0.142693166606452 0.120103768293216
-0.0707164822981229 -0.00708775155598826 0.0488139857198433 0.0266092752833498
-0.0529413321331306 0.0444734312245271 -0.0112101141498598 0.0381083592863938
0.00734078447909169 0.0648015069267186 -0.0177258970300724 -0.00676525747462704
0.0412749965930811 0.0230456985322275 -0.0390254883799128 0.0064923552740573
0.032176302740024 -0.00779708674285574 0.0194691332045926 0.0110423516959515
0.0191806398809561 -0.0121700677081504 0.0705004862247394 -0.0587707956296504
0.0105108286796831 -0.00702201138786867 0.104979158826536 -0.137685187730028
0.0173954799799806 0.0043403708190196 0.139530762355907 -0.178127823907138
0.0231072380461381 0.0272615955249943 0.190102376771644 -0.146745281149998
0.0145188197980377 0.0430791797821237 0.221378379362746 -0.0695030027690822
-0.0242050906214363 0.0525500693781969 0.223947556864521 0.0462927789598416
-0.0581177741770921 0.0206474628838163 0.160711783091847 0.161425029410046
-0.064724788653286 -0.0300061055646384 0.0769796027679285 0.263145353849456
-0.0559518042579636 -0.0729964423105533 0.0173106724060812 0.358437422265345
0.0507509568506277 0.0505416465180508 0.14219590209964 0.141159469653452
0.0618606914780559 0.00448166646530122 0.0634172765240682 0.0335754978936342
0.0162825975178877 -0.0463355374090375 0.00417542927430742 0.0314629038328392
-0.0513181986381472 -0.0316355867284205 -0.0207953369435447 -0.0134209622378846
-0.0449649795602552 0.0100819163680849 -0.0453422365071835 0.0156030439297024
-0.0336590665582183 0.0232852229845646 0.0165164109528882 0.0200173462083247
-0.0250927674387275 0.0436480650573529 0.0686259884137439 -0.0471383983101303
-0.0251166138262698 0.0506729610607016 0.103679016663826 -0.12698826293924
-0.0303720283955024 0.0495487976482767 0.13116113485097 -0.171683696834969
-0.0429015975740392 0.028357238266253 0.18381801469138 -0.145659437162585
-0.0357729470455062 0.00394688898573531 0.218824593068869 -0.0759413071469142
-0.0364361980852026 -0.0156042727660008 0.231725024411647 0.0344550927364913
-0.00139968679460557 -0.0165838033201378 0.178119867168549 0.149451397173543
0.0128238080219115 0.0107349030485799 0.0942087695571361 0.250748724553682
0.00246104630176595 0.0258498263780094 0.0356997425884046 0.352810828440645
0.119550639183904 0.133754126701468 0.122267946442234 0.129125683108619
0.169953987812533 0.0171217556146552 0.0817961909626675 0.0403408765255305
0.0788920330637137 -0.120224421951846 0.0338835831841325 -0.0049120601299658
-0.0919070684659631 -0.116608823413266 -0.0459223697238617 -0.0496268226736454
-0.117641824628148 -0.0107997720124632 -0.0857508897182531 0.0287264849351174
-0.0962544674921551 0.0412324246582601 -0.00810057560824947 0.0472669752424502
-0.0695811177951293 0.0899944396371326 0.0538478395854905 -0.0161747072407464
-0.0575036917268945 0.100699651831125 0.0872970492040892 -0.0971433567329532
-0.0701476923337635 0.0902689030174111 0.105944356858154 -0.149492282061193
-0.0984667853470664 0.0336783042958396 0.161271896283391 -0.142141679731986
-0.0813863052540681 -0.0231992749495958 0.210591610176199 -0.090611391323026
-0.0589492534418865 -0.0739918859076704 0.241031928094517 0.0240173960933175
0.0424077205365248 -0.0639463820697718 0.187368838876333 0.142864211066315
0.092891602926915 0.0331964256374663 0.0865195273623872 0.223721115855553
0.0731923808651241 0.115980238813213 0.041292676873428 0.307208406931755
0.155521892540376 0.191384608107969 0.0967426053837358 0.0857773237274599
0.228670666021656 0.0308835010057475 0.106408640195469 0.01927674515388
0.116340614673988 -0.157318143568031 0.0465783281188031 -0.0734090567530552
-0.106449713247377 -0.166262768757941 -0.0981738519320311 -0.0929334302154239
-0.157484461323153 -0.0349058122931825 -0.143578586577882 0.0467633300531831
-0.141695693950716 0.0414944501704868 -0.0478765175491241 0.0834513196891683
-0.106741892079694 0.116267194482883 0.0248245235846637 0.0257716788003057
-0.0822930442080172 0.135006549024959 0.0584393682603642 -0.0504352676701038
-0.0959445850154696 0.12169490504349 0.0695382618632692 -0.112712511226872
-0.136312198967726 0.0448375228073442 0.131654668142814 -0.132193822719296
-0.119747492290617 -0.0321221283225612 0.201694434410739 -0.0996770745679008
-0.0940175347516907 -0.11518891505488 0.2447037336944 0.0258360837963422
0.0656172977255996 -0.120608433733647 0.175755220670178 0.143163858125351
0.170291280536184 0.0318448954976597 0.0519703314444063 0.180115711281973
0.144406640299566 0.185170311339364 0.0289607038283207 0.230951594654334
0.163228358116003 0.221288083871865 0.0780566609238676 0.00991649750115378
0.240403207381643 0.0498433812361727 0.116690272248673 -0.0454301462443832
0.133341246134429 -0.152424309992805 0.0177958022976391 -0.146267909633084
-0.0905274414612667 -0.180487006633416 -0.16179569193744 -0.114420856496372
-0.163074151526602 -0.0602012049879835 -0.194368147351485 0.0657327350673191
-0.163656917482879 0.0264864767403105 -0.0916767683369776 0.114289637711522
-0.128867090104438 0.120711297909393 -0.0152839104196278 0.0697659567445757
-0.0940691521160753 0.149719127932432 0.0211090395167037 0.00559003187150811
-0.105881581270492 0.140337955470025 0.032414456846689 -0.0671076527041165
-0.154944247790974 0.0606969697517655 0.103426450382343 -0.111760879263239
-0.150954011717343 -0.0262588906350093 0.191943623551601 -0.092147318930908
-0.135515620013945 -0.144844483035155 0.229230957293059 0.046577400053599
0.0780548453698182 -0.179998641971116 0.132128017117886 0.139242820925695
0.235338416626811 0.017229549335094 0.00207000988465578 0.117151436909629
0.201823896074786 0.225114121709631 0.000853518750881506 0.135649667448005
0.151218072271899 0.218295761932943 0.0609824474558825 -0.0896528871944674
0.219581449866837 0.0667528703899928 0.0905000190335774 -0.132332950391449
0.137424027731694 -0.120608599003775 -0.0396339367043922 -0.186877919132944
-0.056092907071697 -0.170460236689288 -0.207158180765909 -0.108743732192256
-0.142154215512261 -0.081463714884171 -0.223765272921414 0.0742725351671548
-0.16118509753901 0.00514630065966325 -0.13258384375773 0.132091858492328
-0.131872793189078 0.106613344303529 -0.0604559327883242 0.110899864442878
-0.092417878580911 0.141506043598128 -0.0166892182303192 0.0637748638118775
-0.101975426344775 0.141551029000501 4.01261284188974E-05 -0.0181066117486567
-0.156995427482567 0.0719614399068499 0.0773543654139598 -0.0791000278560663
-0.169459988240728 -0.0194493217808262 0.170129155412548 -0.061428331202985
-0.159377337891006 -0.1702757023653 0.179319002614981 0.074578624153751
0.0955513730904428 -0.219383112557187 0.0645193373316284 0.110789077795564
0.27493984650673 0.0102093749123314 -0.0357564710643276 0.0402728686953567
0.227149461001515 0.233334331679158 -0.0352622498661857 0.0383150506987341
0.126871874003236 0.182344461756583 0.0404153039477816 -0.195097200512899
0.17725240401919 0.0685015642980064 0.0339671426661549 -0.20583567828195
0.124065276028274 -0.0838235832768201 -0.0935688097440198 -0.191500167330269
-0.0236107782949219 -0.142597810716325 -0.223157753551104 -0.0926451853260062
-0.10557168150734 -0.0861508270238405 -0.234976105564037 0.0702493907046083
-0.133603555982692 -0.012617910776822 -0.167409189156764 0.137005812910413
-0.11266388897818 0.0781892241339006 -0.102255000417372 0.144536865548341
-0.0776337862761055 0.113104648920298 -0.0504503110203205 0.112447045289844
-0.0866765487437807 0.121476948462375 -0.0261835094116344 0.0274835171966175
-0.141496603413438 0.0670247822492339 0.0488067854687239 -0.0372000159799463
-0.162523389088937 -0.024705496801597 0.126742855801704 -0.0205539261400987
-0.13901421231108 -0.180458869806648 0.10451221879883 0.0806541776224866
0.117569571922262 -0.208268340690682 0.0108551860005577 0.0503851364561289
0.268558318706416 0.0223084562236293 -0.0400699382286351 -0.0244679542008256
0.207314599335302 0.203828113994551 -0.0724646485556462 -0.0442045028688537
0.0924432556569895 0.118887209524673 0.0142344739817194 -0.283930764258801
0.119057039663865 0.0517713956907703 -0.0281428685049426 -0.249590163989161
0.0911838626497544 -0.0495706108884478 -0.130521870906765 -0.179206991809038
-0.00234998486056083 -0.09529634082701 -0.223993146772952 -0.0774378228914157
-0.058405453478856 -0.0688040273640895 -0.236868687521975 0.061827762368063
-0.0854934692175392 -0.0220131636435945 -0.190811524617983 0.137168384260297
-0.0767357658197458 0.041207879522004 -0.133154106791763 0.166338043321084
-0.0509001881522847 0.0682992094215912 -0.0756999507152853 0.144142750794431
-0.0608983774927144 0.0801536696145644 -0.045747168766679 0.0629361713041523
-0.104828068845866 0.042075674180678 0.0168532534179865 -0.00105749689364223
-0.118288866544104 -0.0339873209275784 0.0716794001925368 0.00527661526128721
-0.0779150711070096 -0.149676658501133 0.0418337125268499 0.0559604466818661
0.113178611442779 -0.13737590443832 -0.00431444458440346 -0.0116924273862766
0.197751136441388 0.0365825094467732 -0.0221742315818306 -0.0527698523502301
0.143325330807772 0.136272329310646 -0.102425823659744 -0.100893285104229
-0.0411526004122537 -0.0448432854295127 0.147397113566262 0.126676678479997
-0.0735358482549197 -0.00701601978712994 0.0570305491706799 0.0270859619205309
-0.0535637822696894 0.0463335761551637 -0.00670022635065476 0.0360357263424018
0.00840631587745242 0.066437136928619 -0.0183124067033105 -0.00839661425249796
0.0425492158592121 0.0236440625549096 -0.0399280170553929 0.00857234127909924
0.0338895082037244 -0.00807730056161703 0.0226969384025397 0.0118988511647617
0.0207955783968096 -0.0132470190847627 0.0747380655642287 -0.0620663825577825
0.0118321663411473 -0.00665989031780652 0.107822094512069 -0.144655577366732
0.0184986622904868 0.00480715840870295 0.143278004216192 -0.186172506011826
0.024632653739078 0.0286116046323988 0.196642347651677 -0.15254288023837
0.0149501937941677 0.0444138470217571 0.229121058889078 -0.0708991374834112
-0.0240860608645903 0.0546363304774803 0.230771960562637 0.0485140331412742
-0.0601641328582905 0.0217393653534357 0.162735750187894 0.168428282431394
-0.0665391098657079 -0.0323457116098506 0.077051024584651 0.268730450543851
-0.0571550998317502 -0.0743167841129695 0.0155862371090879 0.364419768751003
0.0500703874697965 0.0527150911378019 0.147624969887901 0.147542890448534
0.0628445626094627 0.00393323171816697 0.0716395097710027 0.0345277073078419
0.016883209155059 -0.0463088445863089 0.00888875646139953 0.0292087439027256
-0.0515522404028665 -0.0322418387802087 -0.021282766425178 -0.0157476323355777
-0.0467349668291936 0.0104053348254467 -0.0461951078895871 0.0176163898597309
-0.0353400492072602 0.0241361810378534 0.0194843016885444 0.0208598749069402
-0.0245059670173084 0.0460337075449789 0.0735566080558528 -0.050180219863999
-0.0248189114374165 0.0533803431633474 0.106241067698503 -0.133781322871351
-0.0306371660274107 0.0527680625683794 0.135187594853038 -0.179080044499113
-0.0449049574084852 0.0308357834913948 0.190177945286861 -0.151244631015759
-0.0378042677331903 0.0035342748294009 0.226318440876069 -0.0779046435923259
-0.0381805416142412 -0.0157808274849911 0.238370280670076 0.0365977923221524
-0.000537260670539379 -0.0172731927234747 0.180669262973156 0.155802345424529
0.0137701574496311 0.0112278915738499 0.0951667072519189 0.256189721204164
0.00263213330070139 0.0280119163240938 0.0347179283216645 0.358936343938271
0.120017477916308 0.137659352806779 0.126498434987378 0.135507104043045
0.174014546556603 0.0184712411978049 0.090337812052215 0.0415354099501742
0.080604506906561 -0.12223042814713 0.0397871011187962 -0.00819607291737539
-0.0931982772425603 -0.118881368461717 -0.0469246610655467 -0.052234188686604
-0.121471470665782 -0.0114559826720148 -0.086482342924272 0.030279504151158
-0.100191133732816 0.0433395824321684 -0.00600970501801015 0.0495466307026518
-0.0711536770764328 0.0940913595247531 0.0583293466250315 -0.0186720864236946
-0.058621521773732 0.105092188841898 0.0903673112484233 -0.102445683809158
-0.0716507374909926 0.0953834667146982 0.108313994704377 -0.154804594717507
-0.1035239579002 0.0372556214627914 0.167405644514869 -0.147636393531709
-0.0866789946800428 -0.0254354449126887 0.217752856094707 -0.0921853484919632
-0.0620355245465893 -0.0771294066648064 0.248321187759745 0.0251407123210001
0.0449289616272076 -0.0661550941386805 0.190297404614128 0.14854571474885
0.0972670787090377 0.0343262844002136 0.0865210710469016 0.228151304194473
0.0739498008204836 0.121173605511203 0.0411237155104362 0.312452802547201
0.156938285453221 0.197273222048766 0.100939532378431 0.0904208768911779
0.234622092799201 0.033235379131879 0.115085833268799 0.0206698345910492
0.119643640958391 -0.160303172881348 0.052982599943212 -0.0774822046202905
-0.108432212595228 -0.171068676254491 -0.0999936036998268 -0.0962793915739039
-0.163991198127959 -0.0361017392158465 -0.144517796460825 0.0482764471008972
-0.147456656949797 0.0438912168479122 -0.0465397391583582 0.0862908403179716
-0.110154129389486 0.122091650704516 0.0283893647753304 0.0253134089427411
-0.0834890851760236 0.14092484455466 0.0609266579448948 -0.0537842463471982
-0.0983702591426688 0.128166826230337 0.0722402048268403 -0.116248768809936
-0.143291127504261 0.0490602041606645 0.136601027007364 -0.136695448649275
-0.126503123657369 -0.0357647764537762 0.208117874019099 -0.102043573339693
-0.0983851235784405 -0.120457187729886 0.252313574394973 0.0268896320287913
0.0699166392544712 -0.124461243869017 0.178056779329812 0.147914694937824
0.176981586028202 0.0342437439645146 0.0509416560835969 0.18433417172965
0.147286123432798 0.19178357012573 0.0281691585775688 0.233987397862534
0.164373953853404 0.22686039542373 0.0812788366626059 0.0132394703986039
0.247124601059985 0.0524032546692321 0.125234807068568 -0.0450292335465398
0.137588462618931 -0.155489499489459 0.0231304947425658 -0.151944178453981
-0.0920558673041544 -0.186675440058132 -0.164692581205936 -0.117903036333376
-0.170458515228534 -0.0631817284481215 -0.195789295667504 0.0674339375028162
-0.172251998448738 0.0289412982630692 -0.0926206671140565 0.118110027685741
-0.133388172144615 0.126572204816623 -0.0133182515096427 0.0717003784446402
-0.0958535252787123 0.155676624863271 0.0239110544194277 0.00484844000680688
-0.108818717003485 0.147316618288234 0.0341945292432377 -0.0685603386035486
-0.162346711654324 0.0649704491245394 0.105921368071389 -0.115644547709694
-0.157673760120281 -0.029165611848429 0.19699334540936 -0.0953205475073363
-0.140396290578845 -0.150760996598139 0.236471600536486 0.0476829994097209
0.0819832590007175 -0.184295874435476 0.13372247541995 0.144157397829841
0.243308391583908 0.0193661766741357 -0.00115322025192797 0.119300326107764
0.205750521549692 0.231855222193455 -0.00115138024324373 0.136244508683304
0.152141479811751 0.224681090179191 0.0641348980613226 -0.0894404491759821
0.227168286871315 0.0691655854993981 0.0975796395067572 -0.134157915093317
0.142332070863983 -0.123676222661979 -0.0353861927878435 -0.193527447756798
-0.0572930492376634 -0.17774893478111 -0.21111570342834 -0.112823399432831
-0.14993815471913 -0.0847568828516526 -0.226654169509511 0.0759138735524965
-0.169808650797405 0.0073103799274958 -0.135590871476193 0.136627456007117
-0.136235427006036 0.111854654871269 -0.0603598562898418 0.114942329171076
-0.0950766197043457 0.147014821181441 -0.014780414873652 0.065476007840306
-0.105381120998138 0.14777828179793 -0.000296097797015618 -0.017088086331905
-0.16370993031018 0.0760131037134232 0.0785030012834216 -0.081875201600805
-0.176209101216801 -0.0219979179524855 0.173879200233397 -0.0638110360892902
-0.164505342238576 -0.175687041637358 0.185573157939555 0.0761641972543077
0.0986738858902136 -0.224515262458354 0.0647644727032906 0.115322341174765
0.283170782432411 0.0109191497828727 -0.0399234152436491 0.0414188669164292
0.230776112393307 0.239060998649155 -0.0383043147627783 0.0377146077852772
0.127327183070725 0.187707973496675 0.0428946428440919 -0.197951771883728
0.184122883090057 0.0717337599164908 0.0394421570792592 -0.209305468375986
0.129124516796172 -0.085830553214112 -0.0906927584284355 -0.197979627193996
-0.0243671721387683 -0.14876907198097 -0.227761855646783 -0.0963349125002375
-0.112803622753367 -0.088961006811365 -0.239577943802488 0.0716477807638992
-0.140664780712006 -0.0107906416235729 -0.172199062493091 0.142054029805265
-0.11760006291154 0.0822385255769828 -0.104001397658279 0.150396688599011
-0.0797547037873043 0.117516063962811 -0.050039715202148 0.116663072977027
-0.0889288101910195 0.126208750609824 -0.0270843621079844 0.0301256448782013
-0.147075088610124 0.0698874185839948 0.0487022957835469 -0.0384997630364526
-0.168217493473622 -0.0272517519064126 0.129445473133723 -0.0224287529728623
-0.143283617155856 -0.185744584554511 0.109931348473838 0.0828011846533394
0.120157108307325 -0.213485469799896 0.00924518512485646 0.0532191144629397
0.275222568738742 0.0225166519271284 -0.0449418958775792 -0.0244016372902726
0.211428156343214 0.208653959625177 -0.0762700775944894 -0.0463056148084965
0.0923917161321222 0.122218291958282 0.0157279816131947 -0.289735135015233
0.123852492966752 0.0537002517543886 -0.0252022201138709 -0.253778506171301
0.0945346617934138 -0.0511646068620509 -0.130100884936792 -0.185555103132386
-0.00255557483620522 -0.0990459545821519 -0.229762360653029 -0.0812389128000922
-0.0629811661330979 -0.0713723357060892 -0.242246019063227 0.0633303928047575
-0.0907017955303631 -0.0212348465046961 -0.197303088292633 0.143739444352028
-0.0793834131268243 0.0439216807408972 -0.136141057429021 0.174195870595212
-0.052957282587604 0.0710360697373 -0.0759599133848451 0.150307109062481
-0.0619966065900092 0.0830503769600882 -0.0477971228783471 0.0666296081746573
-0.108112011326842 0.0444460251960002 0.0151296427510483 -0.0016049355767416
-0.122151877093365 -0.0358792066168834 0.073744644707776 0.0031521741894499
-0.0805603453974014 -0.15295345562845 0.0456278765600074 0.0582678597027334
0.11519677322266 -0.141728574369959 -0.00707251881279496 -0.00950468380539802
0.202851740166755 0.0357969625203822 -0.0283863373388024 -0.0533042223167277
0.145254091631466 0.139415396187498 -0.106950288642409 -0.104753067463475
-0.0447378702847485 -0.0428729857296104 0.156479543069911 0.128482850430606
-0.0764266076229452 -0.00343348330642899 0.0659561764266733 0.0253438478047448
-0.0521447900701185 0.0489144820936262 -0.00104144495102407 0.0336138272584994
0.0124454234848038 0.0676965866201918 -0.01883684399564 -0.00930989915398074
0.0450853379115499 0.0228244235906289 -0.0411041461426536 0.0119164325770531
0.0354753407396283 -0.00974702961589192 0.0260193921088091 0.0115115614000351
0.0224040488727882 -0.0151002367189074 0.0763276906987075 -0.0680289428792281
0.0129215846085083 -0.00669390890184812 0.105098410075394 -0.153959699254511
0.019982966712128 0.00551229492749486 0.141001057864765 -0.197835380038237
0.027499788018443 0.0289491083978714 0.198145214310793 -0.165292694199456
0.0166353444737093 0.0452444551709265 0.234264083116914 -0.0790791106010838
-0.0223999504730485 0.057504980568098 0.237734662273827 0.0432993711510058
-0.0611951666892242 0.0249397446000133 0.171071698229261 0.170566484365183
-0.0699376574309605 -0.0318248787818871 0.0853348022410308 0.271813786610636
-0.060784223969598 -0.0739899022165036 0.0253419588065773 0.369945181856744
0.0512615152032932 0.0533994889475021 0.156859873644031 0.150379209685404
0.0639181731887034 0.00311193854292465 0.0821522402486254 0.0318760215956577
0.0162407408761673 -0.0473968900723526 0.0152649177288438 0.0254411596157036
-0.0530230431153317 -0.0316433339911736 -0.021680368665526 -0.016276433376669
-0.0479787907531312 0.0117979923679905 -0.0463900893224949 0.0204741374641876
-0.035536116021252 0.0261591331069571 0.0230427277171109 0.020831687813621
-0.0231558387746961 0.0478559234033269 0.0763077625459297 -0.0561789911909528
-0.0226049144185969 0.0560256177197357 0.104302395300596 -0.143363809344604
-0.0289674181460047 0.0568144562108535 0.132381867588277 -0.189863467996023
-0.0454484158050298 0.0345070991696892 0.191548595678948 -0.163591404527855
-0.0403636200554419 0.00485103341541791 0.231688715346793 -0.0866245225230171
-0.0401686861519372 -0.0145829678798193 0.246391381205637 0.0315710176096548
0.000170086550196472 -0.0175597182599565 0.188056419190637 0.155659252939425
0.0155113406102471 0.0102838756272553 0.10329733843287 0.258974901767418
0.00342331449370092 0.029826712576201 0.0458339945212569 0.363975796463296
0.12535750100028 0.138954612686278 0.135329682034725 0.138011752973909
0.178580998366061 0.0136171159271654 0.100656432129742 0.0392858648805482
0.0788289954816229 -0.126045413320487 0.0451682709525685 -0.012813843281087
-0.0983072766913279 -0.119502277730901 -0.0491908942963159 -0.0532239298748222
-0.125831185005987 -0.00805772754259254 -0.0863207781297715 0.0341094292367655
-0.102524135045907 0.0485458788738298 -0.00188309493684732 0.0508285962118533
-0.0700135400574495 0.100238815228461 0.0617048283276453 -0.0226316131049499
-0.0553992331890369 0.111828759084176 0.0891327756591883 -0.111440568001366
-0.0692605600574184 0.102752362846857 0.106827292723125 -0.164047435224875
-0.106819852380713 0.0438090530626509 0.168704885356789 -0.158491829475025
-0.0927651514272426 -0.0241898891077775 0.221818130007552 -0.101226220611255
-0.066830764486508 -0.0784928961995963 0.256049264770537 0.0192899346898247
0.0469555303562497 -0.0699213316473706 0.197393762697035 0.148421503289061
0.103061485760889 0.0329294992352225 0.0942134197277909 0.230121028218016
0.0794409620964871 0.123897417711012 0.0498194216748885 0.316141840777578
0.164511613787046 0.197862300132803 0.107900227932638 0.0927672489631437
0.241929791129793 0.0282358713575167 0.124509567195206 0.0174248134548359
0.11815049135652 -0.166016368994799 0.0565526264762728 -0.0846697553014227
-0.116250856403668 -0.172282653841905 -0.104317807582155 -0.097196992129035
-0.170733605315084 -0.032172251088724 -0.14422033975805 0.0537180229164708
-0.152394725054962 0.0519688358135514 -0.0432729983305481 0.0903940933044939
-0.108929946821393 0.13057210044877 0.0327217759537072 0.0233976500154242
-0.0804060827660528 0.149270213697131 0.0616676581826628 -0.0595857454076763
-0.0968046575919901 0.137604123575056 0.070532459050364 -0.121602936326054
-0.14807457651248 0.0575157079318874 0.136494009469937 -0.146252262423789
-0.134351599438163 -0.0340055296906486 0.211613728982793 -0.110838357515661
-0.105304242529928 -0.121654268889457 0.260404454162148 0.0196284371949373
0.0705457424328751 -0.13052424402321 0.185228360050293 0.146974027994705
0.18492810377351 0.03026192884628 0.0557380580746376 0.186004960173581
0.155550191234062 0.194367073027625 0.0343909646606353 0.236229624282476
0.17231176315568 0.229134174557486 0.0852470373783996 0.0139101570689958
0.256545054230787 0.0479150218006911 0.132296969641122 -0.0500476219846444
0.137819457975476 -0.162274717915424 0.0239815238281544 -0.159258790549624
-0.100141220631676 -0.190459895418759 -0.171356509945791 -0.117531372793063
-0.180368601918995 -0.0599723798337966 -0.196310616793464 0.073897740215922
-0.179176341398409 0.0377515966930797 -0.0896778070758035 0.125102810211019
-0.133204168070022 0.137510500978845 -0.00938007305619993 0.0737167866598221
-0.0932599870751593 0.165342087013888 0.0257992739868799 0.00310448290426163
-0.107405303783746 0.157509843356687 0.033087045165836 -0.0701168026124493
-0.167713948217328 0.0745746888797571 0.105592184869762 -0.123003485423271
-0.166750145807942 -0.0270194430163645 0.199281746891624 -0.103287276893645
-0.149595157321488 -0.151713396144601 0.245150503233271 0.0421168722273293
0.0805428832962316 -0.191733750393993 0.13958309095789 0.144266623162619
0.252203985788769 0.0141554660598975 0.000419968373298602 0.121989111475561
0.216751683253605 0.233437887306834 0.00114995609851726 0.137639097578429
0.159904304828232 0.227064092449137 0.0642410502457118 -0.0912057495915662
0.236924366154145 0.0667523495893624 0.101622147290044 -0.138650653111911
0.143888840980695 -0.130482254838696 -0.0379399836443222 -0.199069715879282
-0.0643226848824841 -0.182982685206885 -0.218643239255472 -0.11013310419
-0.160095028617926 -0.0833641676881241 -0.227333002687237 0.0836114626625237
-0.177838815507605 0.0150746929339992 -0.134437108550087 0.144849528022673
-0.137649380500194 0.122208541853367 -0.0569412479577124 0.120502653647362
-0.0922418884208552 0.156474918401817 -0.0119404528241615 0.0672001611443165
-0.1031787446126 0.157218288013819 0.000303845057127821 -0.0160125814155066
-0.168356869632422 0.0850731383746864 0.0771761974628623 -0.0866931064269817
-0.184229478726154 -0.0194973694543939 0.175475688363208 -0.0714389183738499
-0.175006386028508 -0.175272300829723 0.194885388390135 0.0726851936605636
0.0964666013728898 -0.232789979885218 0.0679914984084109 0.116355051996795
0.291553402195221 0.00417131702976646 -0.0429622531705318 0.0437843794666539
0.242440625052068 0.239259422215196 -0.0392181913494515 0.0381160680143549
0.134015601167565 0.189559418619875 0.0385524712028569 -0.201991790597843
0.193048044463841 0.0682550506905639 0.038698856392485 -0.214757303739204
0.13136919352603 -0.0921722313259045 -0.0950782881241021 -0.202280920981114
-0.0306414702285285 -0.154371636102295 -0.235478088450941 -0.0932447982980909
-0.12211369773138 -0.0881536355092267 -0.241868946308681 0.0786121923538932
-0.148202495234699 -0.0039202714870004 -0.173009906194944 0.153154853162859
-0.118900720657671 0.0913824454333402 -0.101552944432842 0.15943808120341
-0.078093717667033 0.125116491043537 -0.0455507793460572 0.121946624864959
-0.0868945274987545 0.134103328869054 -0.0267345131228116 0.0338875199792473
-0.150326332843085 0.0779667393434994 0.0467072238171748 -0.0415534557287256
-0.175068947106787 -0.0235248486005243 0.131069622177576 -0.0289327850267143
-0.153896199355592 -0.185078960170639 0.117860097784476 0.0809845428855281
0.115954195740156 -0.221691460516952 0.0090262355325245 0.0555519109809285
0.283847722650452 0.013665361802991 -0.0515793209384617 -0.0229882753631609
0.222063583644593 0.208935745030612 -0.0813513348291154 -0.0463547271701988
0.0957053561134164 0.123009742767124 0.00740139377168438 -0.295645481261447
0.130115285799968 0.0513522775374014 -0.0289602199930456 -0.257836746106123
0.0960959426039722 -0.056040622826836 -0.135319423644418 -0.188494515513513
-0.0063891359468845 -0.10346934535434 -0.237436485025664 -0.0782337871738552
-0.069679523768754 -0.0714568610587057 -0.245509488487025 0.0714531687656162
-0.0958933399936109 -0.0170004203550084 -0.198793019796283 0.155512358619941
-0.0805155974806805 0.0490229592991778 -0.134310866073419 0.184872130529612
-0.052825396999747 0.0748351115795292 -0.0716688704578381 0.158514825829306
-0.0607183187479369 0.0878136251512505 -0.0474544609651965 0.0726443456257542
-0.11037409222044 0.0492873913245426 0.0134762653359625 -0.00214370772776055
-0.126672967337966 -0.0337679367788577 0.0747459267496047 -0.000725277787561444
-0.088075127161141 -0.154042705950574 0.0508936842762568 0.0579406557441298
0.113327881284011 -0.148791990046733 -0.00989719136927436 -0.00719357916998851
0.20910394146134 0.0284542348056292 -0.0364494260713253 -0.051971358390955
0.152213039788921 0.138650995745928 -0.115138100250405 -0.104729020470712
-0.021994026787031 -0.060829573247925 0.0833486519481478 0.193247730086079
-0.0687990816731564 -0.0368591513301338 0.0559687987173254 0.0558987260215214
-0.0689620597287816 0.0209152458364537 -0.00837024479550154 0.0289578289113157
-0.0182155207843904 0.0665084918068003 -0.0104810897290789 -0.0188710045061417
0.0305849493697772 0.0412686875984407 -0.0430219386811612 -0.00700221164384997
0.037143671065828 0.00597576500446572 0.0196278804636173 0.0233119294770779
0.0280232737941671 -0.00482168221016211 0.102253551251288 -0.0279893901562646
0.0163758331502217 -0.00112692841003092 0.16272377294349 -0.0952598413919406
0.0158244448002234 0.0129916338289455 0.213272797194777 -0.117411594099785
0.0126938702220592 0.0370222154518481 0.249727673601973 -0.0604403149915942
-0.00394485667290361 0.0474163206809537 0.244966818338013 0.0358947184329716
-0.0424462066068017 0.041645076723305 0.190279218398085 0.147983902660349
-0.0645944183689909 -0.00254373663701353 0.0719417677996259 0.231876813076598
-0.0481982085276713 -0.0579364799359956 -0.0510430499435853 0.28200979975633
-0.0200083897941357 -0.092585291813087 -0.156295153650785 0.340816734942164
0.0210468156883966 0.0698576444567056 0.0770844764313857 0.21098441704032
0.0542017478575979 0.0310962743909767 0.0645146162361914 0.0665800515064025
0.0372923260858431 -0.0347101824396406 0.00608570931590454 0.028642994283049
-0.0333268589759282 -0.0510451401397897 -0.0118379175295169 -0.0244185388548574
-0.0471575831852617 -0.0110128327604203 -0.0511314729971438 0.00228883897875311
-0.0441919917287878 0.00816143860782409 0.0144767780090053 0.0320963207615302
-0.0420797525665667 0.0331139377886068 0.097148340538929 -0.0159822600338686
-0.0455291888803499 0.0418486361307287 0.157525165203469 -0.0843191535372976
-0.0513930008892327 0.0386161503405058 0.203109595293946 -0.1144054762549
-0.0567616427752099 0.0111525738339626 0.243379947410754 -0.0628195111049351
-0.0391796479853054 -0.0152580608251065 0.246778111077187 0.0255023864419321
-0.0251732471509738 -0.0323684761738195 0.205706815855802 0.138563073915675
0.0123724298168666 -0.0139377640881514 0.0956680957172317 0.227839363451335
0.0112901755615985 0.0192236449703138 -0.0300676969978325 0.280625626315598
-0.00987553316603313 0.0297452041669283 -0.137699890872479 0.344637753595877
0.0481436964847706 0.180357776058503 0.0641417298828429 0.186390495086879
0.153447007227725 0.0926626364246599 0.0746718505402855 0.0779555148788479
0.12791664301457 -0.076454513857836 0.0476840467855586 0.00676316770412857
-0.0350540988685039 -0.149250349276523 -0.0231433168949658 -0.0693220244471221
-0.108077536034082 -0.0640940005054759 -0.0932273860360941 -0.000101218554341392
-0.115524948465902 -0.00153268687339244 -0.0205846901423694 0.0489598481267142
-0.108127834208527 0.0602707195100904 0.0699068990668912 0.00800342850616594
-0.101895493468899 0.0780493661686339 0.130313384266283 -0.0619138291044828
-0.109127548280611 0.0631997959338736 0.167935696102815 -0.101668530124455
-0.117976616004549 -0.00712083394228461 0.21983701116199 -0.0700143166575227
-0.0743765132935295 -0.0653153747989413 0.244306849752529 0.00724418605513075
-0.0224981467058728 -0.102296069751094 0.220544497127955 0.131016317207672
0.0774772211510495 -0.0393104426331456 0.109613596123755 0.224862926247367
0.0810513061312721 0.0806958679167896 -0.0256241257006874 0.252393711836074
0.0154917326243329 0.147743978446963 -0.112895358824334 0.304633047578781
0.0554138166224881 0.252203581816829 0.0607526602898289 0.133070088713617
0.20432508465523 0.133791097601525 0.10439894846578 0.0698498449971045
0.181219528072952 -0.0947955990716032 0.0874695330242952 -0.0511281870574338
-0.0260900507612719 -0.203535736999266 -0.0548545949334639 -0.132925467682918
-0.137392184120024 -0.107339355885816 -0.154967104524324 -0.00830072579718397
-0.162276324537187 -0.021388953737147 -0.0762781137654911 0.0664436408385982
-0.158492584699909 0.0713869544462881 0.0221685248993813 0.0369433068861551
-0.141285588218752 0.101318658999731 0.0826592550673986 -0.0258673889399198
-0.149359441915223 0.0840182355980841 0.116319886578219 -0.0793782470316029
-0.16260541856449 -0.0119691121788098 0.185539463534214 -0.0734688510404894
-0.109485960656016 -0.0929457706705934 0.238417394715312 -0.00862073105350394
-0.0376811316253087 -0.158905854274618 0.22535246618283 0.131801001099493
0.127312844464208 -0.0830641851064431 0.0997168309907109 0.2188973285109
0.154737050470918 0.115517256299655 -0.0414205874636745 0.195877252863286
0.0520418907224129 0.245276868723742 -0.0876669853082455 0.225786963977361
0.0469234631220815 0.28484763142752 0.0770717187079712 0.050525949191404
0.20851046209041 0.160297478283846 0.141051516125508 0.0109803983207266
0.197650306120613 -0.0801362910742094 0.0913025621672995 -0.133263043407514
-0.00357229532409328 -0.212941598518266 -0.105917015928611 -0.180687398750555
-0.134126168921217 -0.134793439327151 -0.211557779633723 -0.0133529800851977
-0.180432688567837 -0.0451137277359966 -0.13400690332285 0.0774885695351187
-0.184369826461941 0.0684463487297425 -0.0390126549312627 0.0632974754311684
-0.160797298614557 0.110565421417865 0.0233890775034583 0.0154015817442474
-0.167331389623654 0.0968195536896457 0.0600603545309355 -0.0494672142232536
-0.187940176471478 -0.00539589287127534 0.146014923709207 -0.0658965132215034
-0.140971225007807 -0.102007650223161 0.222907471867014 -0.00892472312249486
-0.063548857292263 -0.20301634540687 0.201835811274519 0.142389891515465
0.163981631445528 -0.132082024393639 0.0614560642357678 0.193977611361444
0.221652843971919 0.128883636210982 -0.0630234562102983 0.114493764485224
0.0891164253282445 0.307545527990965 -0.0702777017408564 0.122159740469116
0.0363916042444219 0.278729668628055 0.107101052349155 -0.0542129552926204
0.18320624105857 0.16952961309722 0.154526874399032 -0.0830400998653294
0.190204594473224 -0.0485155866725781 0.0557778910488446 -0.198682230056368
0.0247037302418322 -0.190672201507345 -0.151106288614918 -0.196619279419088
-0.105508472025362 -0.146688837003424 -0.245472776862529 -0.0204980353777429
-0.170790046177738 -0.0638231732212165 -0.185261844197294 0.0749596340763615
-0.181434180126858 0.0527558597978401 -0.103691524609443 0.0848312782785574
-0.156756663250412 0.102887505367212 -0.03855127514308 0.0568589042390635
-0.163220487828359 0.0985261886321092 0.00682369393457843 -0.0141643216002524
-0.191843155839985 0.00391551213656526 0.104812850899828 -0.0461996406055375
-0.159579006572124 -0.102287933360368 0.188037475018982 0.00811620296721582
-0.076011904516295 -0.234174564921487 0.143021289924929 0.145303917129538
0.193563521448958 -0.162736209830676 0.0115248035720262 0.135695345002135
0.259943655019629 0.135641894448742 -0.065470384303311 0.0244521176766633
0.110612532183656 0.322882743377301 -0.060052687499227 0.013219277222903
0.0290416531847667 0.234722472761978 0.133028493492754 -0.165873958986935
0.143054901866874 0.153682519805554 0.132001328360084 -0.179427814459236
0.161903644547592 -0.0199999927054774 0.00674212293958687 -0.227531553914165
0.042689373270473 -0.150215060803305 -0.17387907797386 -0.191419052053922
-0.0695411551581802 -0.133693050741882 -0.255708680589911 -0.0327776142235858
-0.134385685109555 -0.0684306792824844 -0.225135101122071 0.0641628466460124
-0.150826003279934 0.0331427229487908 -0.162047895649206 0.100182306311131
-0.128460842676276 0.0805090447676275 -0.093209077350861 0.0915368395553769
-0.138147316405392 0.0837811186674005 -0.0405894579982983 0.0191308017531531
-0.17249141130266 0.00457152448437995 0.0576330635650569 -0.0187733926953421
-0.148399407386043 -0.101417010966277 0.129121764443301 0.0255316669122742
-0.0542724194729912 -0.232396799545675 0.0718377869528021 0.118511992965132
0.205415700307362 -0.144001156777405 -0.0132423240969464 0.0545306549380159
0.247817334951877 0.137845551783429 -0.0436303427574481 -0.0392514505369475
0.105235445864478 0.285053752580644 -0.0560776881128074 -0.0822395226671841
0.0249923578851433 0.157839335531632 0.145858666780987 -0.26486865067663
0.0939248624327868 0.110287478118178 0.0910904408994355 -0.247977503054348
0.112680309184959 -0.00373921401646949 -0.0353777295989504 -0.232277009500847
0.0417814228979431 -0.0931481378469145 -0.181447803418921 -0.178566493411802
-0.0297753102889971 -0.0940014540875708 -0.257519129230266 -0.0442135177021787
-0.0793197452855884 -0.0558362541077469 -0.251686239422071 0.0538512192712477
-0.0968782881673693 0.0118789659778526 -0.204034301839145 0.108764565586509
-0.0826777053113926 0.0457936883906835 -0.132330000292073 0.112109344287443
-0.0933282091297297 0.0536850005236662 -0.075449980649565 0.044400937643578
-0.122187154787908 -0.00361583854777674 0.0105945525852076 0.00202929992939024
-0.101007361318733 -0.086632705223961 0.0668335246763777 0.0260273338551549
-0.0109995031804829 -0.175350691137962 0.0228000353916749 0.0709487342969921
0.168334877120371 -0.0823773003973299 -0.00381390285238185 -0.00877456749658207
0.174349872567009 0.117544535362029 -0.0163190228741918 -0.0609489601854765
0.0744476058886847 0.192743313385048 -0.0567620689827121 -0.150949663513523
-0.0246525073709109 -0.0570521359069444 0.0909984783160032 0.189971408664283
-0.0698092499729309 -0.0325533365070224 0.0646787698874534 0.0538904293363112
-0.0660838050194407 0.023558659261827 -0.00146865433009346 0.026636077722497
-0.0145551202048276 0.0658946901987847 -0.0104755180691677 -0.0197689607864555
0.0314439164742802 0.0397300043904794 -0.0434931651831569 -0.00255128220220543
0.0371128479782875 0.00469425752320726 0.0234893397088223 0.023038038276273
0.0291738158315516 -0.00624773835896407 0.102024262873507 -0.0330850724604208
0.0171368533619033 -0.00102801876094364 0.156115124645574 -0.102839594913483
0.0176432202728222 0.0131977298934057 0.205373973730209 -0.127461509598026
0.0153296053214533 0.0363385172848864 0.245287280425979 -0.071633574088482
-0.00173138393998308 0.0472897889330105 0.245161600194221 0.0256562446351439
-0.0395887951971986 0.0438346376376226 0.19390723492352 0.138631244034727
-0.0630049952810158 -0.000216606759985118 0.07872666117431 0.226859633041495
-0.0495348830816868 -0.0565991936719567 -0.0399599064876437 0.277237804907146
-0.0228027981032157 -0.0901204308974879 -0.140463057379951 0.33726937858747
0.021496527631074 0.0689097429268967 0.0854019735043325 0.20721393482814
0.0545742955247901 0.0290935078235047 0.0724366889479558 0.0634892339659054
0.0353605461694093 -0.0349226658722533 0.0131652741382386 0.0266009492066238
-0.0341239295793154 -0.0482723523687403 -0.0125164841119514 -0.025820757635837
-0.0473628386183232 -0.00894488812604946 -0.0504809316279494 0.00593244200867515
-0.0429096766343923 0.00939826482322244 0.0179371143147542 0.031610078817894
-0.0388145717075927 0.035324277834779 0.0981282206406234 -0.0212635734986754
-0.0423832361181843 0.0444568058077088 0.1520207206462 -0.092525270237853
-0.0492163844690571 0.0426065267805572 0.195368997871075 -0.123572468707332
-0.0561704905342266 0.0147332502295597 0.239518511652868 -0.0736551067461782
-0.0400187558445456 -0.0138506270353185 0.245625365442335 0.0160808433384258
-0.0269080869912499 -0.0313780394866933 0.207997921994819 0.129177352985635
0.0124373284632331 -0.0144053474207908 0.101621419833457 0.222013128235665
0.0131696264110802 0.0184427915084524 -0.0189572891092015 0.27557006123899
-0.00824043737928112 0.0307180507539712 -0.121171017099526 0.342032365471627
0.0529015708760556 0.176225512508751 0.0724585057787622 0.184728543243325
0.154809306552115 0.0855736510517025 0.0828697962449871 0.0742997230025381
0.122923685812462 -0.0794769416285545 0.0521397133148027 0.00332491201707382
-0.0399817982302642 -0.145036301016 -0.024551483840448 -0.0684917758459344
-0.10991856703393 -0.0593934008019886 -0.091620230405477 0.00421833674316634
-0.11447878186884 0.00361337366230552 -0.015991676412076 0.0496385941062697
-0.10344464173604 0.0656977626697059 0.0718543415810323 0.00257433704190534
-0.0950067131693206 0.0830659420342908 0.126434308401261 -0.0687092384146436
-0.105194286564379 0.069966887369929 0.160970007284705 -0.109714315902466
-0.118794750036064 7.87360415594211E-05 0.215961689068256 -0.078935565133454
-0.0785506095679333 -0.0624952851504337 0.242964409849333 -0.00262827802809493
-0.0271194304402839 -0.100701092126747 0.223597524741431 0.119903326103053
0.0776605514530223 -0.042797360833427 0.114718904487111 0.217684617136466
0.0847833917249438 0.076858416163188 -0.0176269575137858 0.247583861314902
0.0208538970768355 0.147030743623876 -0.097775176322071 0.300592647589736
0.0626595632283667 0.246757957061052 0.0666515604349446 0.130735815059517
0.206556136262897 0.124801416018693 0.110515249627086 0.0639783168867837
0.175053540338429 -0.0980884163658347 0.0902723241124328 -0.0567387002838201
-0.034379478792483 -0.199111147224484 -0.0584026899299805 -0.12908032879211
-0.141476575078403 -0.0999392409039517 -0.151346418736531 -0.000772450365037187
-0.163306956325059 -0.0128870763511866 -0.0700219747825001 0.069472011679968
-0.15302084494049 0.0791569596415149 0.0260839697386339 0.0334462113007218
-0.134925448811759 0.108321802417397 0.0814581129956302 -0.0310027511029426
-0.143680780990476 0.0923413153504352 0.111993331353507 -0.0840462021945746
-0.164110295536691 -0.00339235097598999 0.180219320129847 -0.0801644662028386
-0.114933440393653 -0.0894059959572414 0.235726675878015 -0.0183331193764007
-0.0448300443084679 -0.156088922797646 0.228505393969675 0.120685004411125
0.124746263492632 -0.0866217622755161 0.104859906468458 0.210572654110876
0.159115281916963 0.108805793692653 -0.0346810444195743 0.192540103414261
0.0609306465357888 0.241418147644576 -0.0787941103715035 0.222217090579264
0.0552385243373626 0.279229860108015 0.0797189542653834 0.0492802043549913
0.213032701548003 0.151012688641971 0.144324550139425 0.007551497889869
0.192577864855777 -0.0852820070725905 0.0896478816648311 -0.136420592694641
-0.0125933728103862 -0.21086128397059 -0.110192477622416 -0.174670052194127
-0.139416037728348 -0.129006503121017 -0.206743249063506 -0.00450928044175104
-0.183059856354491 -0.0353085685681784 -0.127682404218645 0.0821734079271443
-0.180393663070977 0.0766455724944509 -0.0336889291977692 0.06306272476841
-0.153331902371007 0.118040369459876 0.02487451228263 0.0132505057886507
-0.161945557484688 0.105806103635066 0.0578565499399092 -0.0504794585642806
-0.187957871024182 0.00404630713891233 0.141787426141904 -0.0718041102409005
-0.146184408303889 -0.0964314253488893 0.219897831722589 -0.0185204777673307
-0.0713457265037578 -0.199205141470662 0.205986408728619 0.132006759556385
0.158556524398743 -0.136156541701035 0.0669729994330274 0.18699218755474
0.224669480973991 0.119460075943669 -0.0591316504816417 0.113503965095565
0.0994058552478507 0.299725750259302 -0.0650325729678943 0.12084896796772
0.043604183104668 0.273603156277527 0.102915862201612 -0.0545221164625682
0.188329058229618 0.161390242512742 0.152535963191256 -0.0860744684688787
0.186907082642145 -0.0540530247861604 0.0514249771981684 -0.19787420738982
0.0165163729684542 -0.190471465406861 -0.155845367296069 -0.188856400645778
-0.113858390404838 -0.141455182002232 -0.239554516166952 -0.0108751878078288
-0.173873383438649 -0.0536482481403075 -0.179148237860566 0.0826650618052418
-0.1783014409303 0.0627686220568848 -0.0977322535552767 0.0880245326137503
-0.150072263503728 0.110120450389741 -0.0340772840784679 0.0576768484477225
-0.157201019182427 0.106575886519508 0.00565911955515675 -0.0129376390105868
-0.192166655387854 0.0124761079717131 0.100665670728456 -0.0505086116276749
-0.163485040420149 -0.0958048448114022 0.185075287229807 -0.00108735126298345
-0.0845413216041004 -0.227802368217321 0.149033790124007 0.13653908291701
0.185334880350034 -0.16593490268951 0.0156643393539508 0.132410691234631
0.262536509710954 0.123612920624616 -0.0666713631732484 0.0259861475449642
0.120722984039357 0.31372327471494 -0.0590927213767813 0.0135746258756236
0.0356610984202514 0.230465359004905 0.12437839613842 -0.166396186895439
0.148420212912737 0.14623717958002 0.126152988070116 -0.179269583336382
0.160447815174759 -0.0260111007561801 0.00131665400754509 -0.224989265298121
0.035149858280227 -0.151172970026 -0.177369243539295 -0.182552342345838
-0.0775770333717078 -0.130075384786185 -0.251780971048576 -0.0222249523532379
-0.138178954780689 -0.0594683207918849 -0.219438675092869 0.0741300181937357
-0.148512545356021 0.0417635970168652 -0.155483664369441 0.106455766637575
-0.124120038147502 0.0862336399518813 -0.0862279607885204 0.0951971884610393
-0.133481522764552 0.0902547740842827 -0.0394469479932384 0.0230772257331843
-0.171862840666691 0.01318500965098 0.0544167643118153 -0.0215753924434113
-0.152270234202049 -0.094892346670336 0.127336831101706 0.0179355973754408
-0.0635243023522086 -0.225861082586935 0.0778575081087196 0.113013225197746
0.195661724592599 -0.14963753509135 -0.0132779672366461 0.0552188267365181
0.250185123333459 0.125933074544322 -0.0489637648769627 -0.0377162788817364
0.114217997876477 0.276909805840745 -0.0592016381396657 -0.0806739214138544
0.0289197457589825 0.154688675016351 0.133059400899501 -0.263738583075337
0.0984078577409917 0.104969757092797 0.0822527503616391 -0.245008212360419
0.111753414733686 -0.00758639183080103 -0.0402666012863773 -0.228368262144791
0.0364566742585855 -0.0946523615725618 -0.18430270600502 -0.16942140635337
-0.0352088614830395 -0.0922450104652236 -0.254087954008507 -0.0338169907495649
-0.0828709198432951 -0.0504399946916191 -0.246966302916245 0.0651379406839917
-0.0962505501153053 0.017516875376227 -0.196565184897023 0.118046183376243
-0.0790560866711708 0.0501587893992695 -0.125022576145912 0.117772144914202
-0.0901589624513116 0.0577415536221755 -0.0731735258056989 0.0493505602526622
-0.121920773916305 0.00209860597190211 0.009017625677745 0.00124376003543276
-0.103481628791673 -0.0825419018799686 0.0668574909805705 0.0212602477778245
-0.0199743573428872 -0.172085141326194 0.0278311436265783 0.0688908579518661
0.161707129003363 -0.0865928230313244 -0.00768656129209928 -0.00806316031550178
0.177297203604338 0.106791486985036 -0.0244473282963461 -0.0597249767158326
0.0802214333733461 0.185063436155236 -0.0633449904650171 -0.148076117296605
-0.025568236032408 -0.0537281634813068 0.0948077818373015 0.185666071562574
-0.069373129437084 -0.0292978893567511 0.070168178464875 0.0518231226704208
-0.0629775546526391 0.0253050704498311 0.00454019627274772 0.0232368185416545
-0.0116111287772264 0.0648781429478572 -0.0104527905064362 -0.0207314809194067
0.0322675065783486 0.0376929376150371 -0.043024816467355 0.000862526228291983
0.0368821658486191 0.00332416088057721 0.0258646418815471 0.0217084687863051
0.028743652740376 -0.00740327706328917 0.101172997299126 -0.0372290465038947
0.0180494439263567 -0.00142854855847165 0.149948950638095 -0.106725458740097
0.0186409221205038 0.0133583179892934 0.197539930470955 -0.133173689441286
0.0172354470623151 0.0360667403755155 0.239906639932868 -0.0786259378130618
-1.48213279060304E-05 0.0462587483849009 0.241612636907141 0.018727470661474
-0.0368748949508541 0.0444219240812859 0.193266802766805 0.131293225281324
-0.0618296339818826 0.0018433771678214 0.0817568955534316 0.220247668460584
-0.0503062143885259 -0.0553545642629502 -0.0331080859509903 0.269859385779327
-0.0245788722489736 -0.0871090219518888 -0.128544641205473 0.330938096419995
0.0227604699839167 0.0680840843051143 0.0905867055012055 0.20275891886873
0.0537980153030212 0.0278442134948561 0.0782768595233851 0.0597552083537346
0.0336104282557833 -0.034158268073288 0.0189749391987646 0.022617324127165
-0.0342672728806297 -0.045687182731723 -0.0117486091000509 -0.026962467796598
-0.046223966710768 -0.00682033850707449 -0.048987936558408 0.00863278833191262
-0.0419238516209594 0.010619685443332 0.0211223458873524 0.0306445993910484
-0.0366736397492784 0.0351656805654484 0.0980534879449666 -0.0261827313663226
-0.0386123419307204 0.0452918609016122 0.146139433849796 -0.0974305787986718
-0.0453643332340817 0.0451085434993497 0.187447104056004 -0.128694788370939
-0.0549261465249403 0.0177127965440294 0.233208646365804 -0.0804496287244334
-0.0408842575344 -0.0128187698566996 0.242938365024355 0.00943487204035169
-0.0271000697519739 -0.0300644213951616 0.207257627683251 0.121186414214226
0.0134839982199964 -0.0147444809808495 0.10355978551474 0.21511587673093
0.0141272234728646 0.0174314510950634 -0.0127761336026207 0.26700770202028
-0.00825152621914949 0.0311261399252701 -0.109445729512392 0.33349661437587
0.0554098886707669 0.171364864556327 0.07749735340719 0.181093532071956
0.153118083527112 0.0803441309405608 0.0881143875956103 0.0709837161896829
0.118347541848546 -0.0785682630946577 0.0565474277266361 -0.000549085685603213
-0.0434654424811099 -0.139874550060545 -0.0248368874635646 -0.0675121605795624
-0.10963189548332 -0.0553905872013064 -0.0881294933583854 0.00776619521699054
-0.113250323563327 0.00736951146904807 -0.0121514624964856 0.0497862885665248
-0.0995207412380623 0.0681897413140063 0.0731509035151279 -0.000977722239980615
-0.0896408317027848 0.0850355738537195 0.122003440861905 -0.0733194248898769
-0.100196509735668 0.0740069081285219 0.155304678053749 -0.112366334912226
-0.117082654869844 0.00489119798554873 0.209561017694609 -0.0850081349091926
-0.0812882266736695 -0.0598745801500436 0.239101665255248 -0.00886745330067787
-0.0298541057057155 -0.0988338539786373 0.222586885952866 0.111830387299152
0.0774956774891767 -0.0445689053834756 0.11609671870562 0.210542483550787
0.086854373865125 0.0735488175665017 -0.0120801921021745 0.239728096983301
0.0234972801774113 0.143974784862602 -0.0885072162788068 0.293536806724889
0.0654532151695716 0.239722356725189 0.069559976365996 0.128488475938644
0.205492520068522 0.117448457627192 0.114691298488474 0.0602785628714326
0.169047988668253 -0.0984652123260859 0.0911683256513715 -0.0593825048242388
-0.0381245276613172 -0.193897618733274 -0.0594042025237464 -0.126008000462173
-0.141774533714608 -0.0947744702697384 -0.145448705044355 0.00297759397276962
-0.16198908250134 -0.00712740835764699 -0.0646747954105931 0.0706211388286486
-0.148390343063866 0.0841097822443782 0.0279617275787587 0.0307565259065101
-0.127625005258536 0.111646493077503 0.0801456749572365 -0.0346617983851312
-0.137653992898101 0.0971493484421607 0.108024452478273 -0.0853857243973246
-0.162747444034624 0.00314151396365848 0.175084717329112 -0.0846827832000146
-0.117545296402738 -0.085506468706247 0.231518524980198 -0.0238097246891919
-0.0486355668919008 -0.152443425800665 0.227316527302693 0.11148714205949
0.122545183654376 -0.0884913636450802 0.1062089864431 0.202432575317979
0.160269414369757 0.103342489711757 -0.030381916930344 0.186807472795862
0.0646210270523003 0.234125790615636 -0.070827270156108 0.217404314516121
0.0589093634635081 0.271856861692365 0.0798029898978129 0.0486106983437756
0.212393327618014 0.143805783846022 0.145876263207346 0.00399653367766129
0.187993215301838 -0.0863295041187901 0.0888319019042899 -0.137575835319252
-0.0171675625176392 -0.206168405470094 -0.111364797984987 -0.168388910462621
-0.141644460568408 -0.122996577287792 -0.199512421248913 0.000895600570877094
-0.182953863809236 -0.0281941893805432 -0.121069376415137 0.0847191526098279
-0.174880112701348 0.08354017264427 -0.029983699134804 0.0618895533386411
-0.146291625918206 0.122221854740303 0.0259877171744577 0.010866910889173
-0.15493514291007 0.110798675248587 0.0552747771169242 -0.0504777819667898
-0.187173910877545 0.0109551902453414 0.137281502386444 -0.0747223517858339
-0.148454182666189 -0.092630865371282 0.215014902396187 -0.0243173299993943
-0.0762198170107708 -0.193430331257294 0.206184438247258 0.122231659086544
0.153842395941074 -0.137422316687737 0.067880617734146 0.180422172875594
0.22415821408269 0.112800581959627 -0.0574085627360247 0.110018380501339
0.103651313431436 0.290201297480229 -0.0609493774006218 0.117576298854688
0.0472617838532607 0.266777197948755 0.100103486059915 -0.0534513905807913
0.19015880717998 0.154771629497113 0.150279287769334 -0.0868363315261786
0.183524506065767 -0.0564265039417672 0.0491014042801503 -0.196317468269291
0.0114509897649169 -0.188274675104625 -0.155356610594235 -0.181100937336848
-0.117551110228951 -0.135780787214943 -0.232329936104227 -0.00493341361091644
-0.174932644969937 -0.0461038410505422 -0.172202701075921 0.0863503038367731
-0.174134233790917 0.0692713548451019 -0.092175839614399 0.0894372743490967
-0.143243905631584 0.114128803151108 -0.0304090345907693 0.0574183690872171
-0.150870398250018 0.111180586031751 0.00528452677135566 -0.0117872756910049
-0.19006034805603 0.0188504042386007 0.096725590903149 -0.0521971175552271
-0.164859207013005 -0.0913577846606914 0.180718554715711 -0.00745788705159814
-0.0894386517968328 -0.220184887079939 0.151230778287126 0.128743814007014
0.178041662754004 -0.166608561041287 0.0165818907072856 0.128167453383967
0.260045873266474 0.114715104856344 -0.0674233750705071 0.0259457807843844
0.125220512325261 0.303599172541982 -0.057980352420511 0.0131852505244711
0.0380208142747653 0.22521085502305 0.118506306458488 -0.162978176623516
0.151103929633576 0.140589794784047 0.122555776634242 -0.177278903241886
0.157697622520697 -0.0292090436092355 -0.000536711044783624 -0.220875541222955
0.0296827064379334 -0.150095081091789 -0.176708768213736 -0.174300460354974
-0.0816229952809387 -0.125702354612763 -0.245944640747962 -0.0160796454377554
-0.139269902304636 -0.052961507074866 -0.213237342908437 0.0791802244796644
-0.145327924519768 0.0470432672613331 -0.148889491785422 0.110317388951319
-0.118407929817901 0.0889576355679412 -0.0810530606697005 0.0953285092681665
-0.127305611810155 0.094025411332791 -0.0381300076448986 0.0245428388989218
-0.168915712961319 0.0174196114996517 0.0518994301729833 -0.02279046862694
-0.152262840028333 -0.090017719316179 0.125097458786536 0.0124437093884609
-0.0692125847437169 -0.217877940330504 0.0818521701696455 0.108047141996819
0.1874416473764 -0.15074220108765 -0.0138759913642543 0.0538661243804393
0.247630820910362 0.115669551069985 -0.0525850890850047 -0.0355361925686545
0.118101217208446 0.26663639846481 -0.0614390715171999 -0.0779901460291954
0.0299189392237373 0.151602531872389 0.123397283114364 -0.258157781377968
0.100180478327901 0.0999878513280725 0.0773174224949975 -0.23983860017681
0.110616136694294 -0.0106182249194422 -0.0419041877350893 -0.22280695828732
0.0327967248215195 -0.0944212452616013 -0.18320848309915 -0.162100304025454
-0.039490343655292 -0.0903007026406135 -0.248677659135448 -0.0265026817769772
-0.0840213136016211 -0.0457733361740374 -0.240973259371042 0.0712802195408683
-0.0947316398476786 0.0214595029204432 -0.189005786008101 0.123470332962843
-0.0761749656152946 0.0514051356483996 -0.117791248122916 0.120082306805905
-0.0863900664007917 0.0593103591576068 -0.0713930179055199 0.0519945877057664
-0.120179970062677 0.00566486597553896 0.0070205339792028 0.00127056662195398
-0.1043708011631 -0.0781688937336699 0.065881952825188 0.0166162403954937
-0.0248777622584688 -0.166476273840581 0.0311129770421095 0.065892025835872
0.155093429656806 -0.0893032774194156 -0.0107942445079312 -0.00653080003053012
0.175842412056327 0.098354503022425 -0.0301942753167854 -0.0576918975617702
0.0823141213542602 0.177932995359879 -0.0674492183257185 -0.143958004440698
-0.0254354206887114 -0.0515345311564955 0.0974304460445532 0.184343693119475
-0.068827307458882 -0.0265906157720655 0.0753589323665468 0.0493312187580851
-0.0611526832127842 0.0260760454710381 0.00922318068709677 0.0195866739745194
-0.0093056275078753 0.063906136109281 -0.0109245588744381 -0.0226885954166926
0.0332462811018145 0.0370866902502403 -0.0424144369783013 0.00450848155085744
0.0367315089363432 0.00188809130158675 0.0283757224186192 0.0214450383982959
0.0290617835267624 -0.00879637439565243 0.101036100097273 -0.0407181057962515
0.0187960737776663 -0.00191675406020765 0.145609644634657 -0.109791365124201
0.0199675396810234 0.0128624508942534 0.191385017601764 -0.136355457784784
0.0189049106607529 0.0359195077290188 0.235022685494464 -0.0834330118175575
0.00158033872655132 0.0460602012250299 0.239522804064415 0.0142189721178698
-0.0355514061085817 0.0448202846999377 0.192123076575725 0.126268909519276
-0.0603667571160071 0.00269686630602349 0.0824661334338176 0.216325461036714
-0.0510012664950712 -0.0551860380941323 -0.0298468272832268 0.26428456101133
-0.0255822053120828 -0.084697280870268 -0.121618066669466 0.323664898305516
0.0225112918614939 0.0672897357711292 0.0933162498351953 0.199695800920051
0.0529722248367553 0.0268932527022471 0.083730420321748 0.0571035114922495
0.0324561719078564 -0.0331411988603053 0.0236454966054186 0.0191209223524399
-0.0337000942751731 -0.0436364900885391 -0.0123842575784502 -0.0286658033432991
-0.0456052071638643 -0.00620732890617578 -0.0479233715195616 0.010816277530038
-0.0411073058547198 0.0111031581234498 0.0234149095114734 0.0304658835892794
-0.0343504049036752 0.0360123681335202 0.0978388793441595 -0.0292550396653013
-0.0359160427919129 0.0456783151993323 0.14231417572648 -0.101095464135224
-0.0428610340753538 0.0464933011782886 0.182712501644131 -0.130849455737759
-0.0539743588841258 0.0189880420177931 0.230158841267307 -0.085100162179549
-0.041335802581451 -0.0125870686938858 0.240567961528545 0.00542421014581629
-0.0275027642244549 -0.0299052508505714 0.206410321512123 0.11556508252858
0.0143125861576769 -0.0154195788590499 0.103377497162508 0.210192803846339
0.0154472005937836 0.0165076349049816 -0.0101754362837298 0.260774388576369
-0.00790021008528789 0.0314550769334391 -0.103426478136722 0.326864418034164
0.055683247112864 0.168368486719206 0.0796031062766211 0.178479716455515
0.151293995904866 0.0768482669421255 0.0931575840711828 0.0671224344973162
0.115230453076907 -0.0777700426806036 0.0597579326032914 -0.00439680515239407
-0.0441396835545314 -0.135696767095943 -0.0251225533178844 -0.0679037124105729
-0.108573111958147 -0.0521081029010778 -0.0853363953012006 0.00980753810619539
-0.111963701733311 0.00938778889866607 -0.00884615031753232 0.0493092462634135
-0.0961726210576335 0.0699078871776316 0.0733039699485803 -0.00425480205832146
-0.0858860041326024 0.0864240389756886 0.119529504607548 -0.0756646247852182
-0.0961338867360222 0.0774990885690667 0.150742535148914 -0.114586905934511
-0.117062152228282 0.00902577965669622 0.206500848075251 -0.0888989028855204
-0.083102963498681 -0.0583066075520906 0.237533446067831 -0.0130952589250482
-0.0322021501171869 -0.0975371992842107 0.22135442948103 0.105894557084634
0.0777115893337926 -0.0465895752619979 0.115656450512154 0.205074645136441
0.0882759201148004 0.0712238766812806 -0.0100345466814364 0.233748050058607
0.024556996988736 0.142274578295888 -0.0825165567798552 0.288233998481304
0.0666358097845044 0.235452838379301 0.0718608513540738 0.12744887212569
0.203959598916152 0.113019519414477 0.118384646956347 0.0573029899756452
0.165611715563048 -0.0976248706707701 0.0927752923230888 -0.0624966863018374
-0.0401983034765623 -0.190050338617648 -0.0593591340984311 -0.12408858952618
-0.141858933189701 -0.0915263448075719 -0.141711840433751 0.00561913120756754
-0.161491384422305 -0.00336014023861219 -0.060755027769626 0.0712478238801945
-0.144292179187208 0.0876825607905004 0.0294764530260025 0.0288531214170269
-0.122894799649654 0.113437380936332 0.0781648491653961 -0.0371300487239632
-0.133427355564981 0.101136762535392 0.104927874122018 -0.0861158618898534
-0.161883516912008 0.00808759010536899 0.172156820462153 -0.0871732769382294
-0.1205226982095 -0.0835851048223658 0.22839172025451 -0.027287199123943
-0.0510354506707031 -0.150662216603706 0.225766351931892 0.105110445686291
0.122363794938387 -0.0901302885745924 0.105308159215982 0.197191257704594
0.161575707722102 0.100638847456877 -0.0293150560947118 0.182209497925865
0.065865109883082 0.230756771181028 -0.0662679754669456 0.211429974803117
0.060681221116253 0.267195052180911 0.0805700888516682 0.0484372319139111
0.212395953025339 0.139282762243087 0.147632915952633 0.00133746232142703
0.184846544675588 -0.0862764550788954 0.0890785096086199 -0.138668744307043
-0.0198106880373371 -0.203170805094403 -0.111198058898384 -0.165231158735556
-0.143666935863668 -0.11983406115733 -0.194053529511068 0.00306615641600304
-0.182827567094777 -0.0227763515467676 -0.116767886261602 0.0853389795194673
-0.171029710443123 0.0880217314078295 -0.0279664503548882 0.0611283255734638
-0.140970145693473 0.124004062598758 0.0263960312609156 0.00865247016577898
-0.150234120267466 0.114746760950445 0.0537729671767826 -0.0499059280193612
-0.186499119569218 0.0161987854357841 0.134258608978059 -0.0766937734649262
-0.150684472646464 -0.0898201795163252 0.211069396258908 -0.027596122008161
-0.0782346821843024 -0.190149597866318 0.205189383535226 0.115818719487023
0.151492916857779 -0.137418200804584 0.0674693742424188 0.175377787001193
0.223827208124456 0.108504934585074 -0.0563608813867978 0.108203180875798
0.104660806391797 0.284180247971566 -0.0582093784862398 0.114075325584621
0.0483919590016917 0.262432879417175 0.0993298070171913 -0.0519377118306867
0.191049978920796 0.150290764811422 0.151153299078168 -0.08754045350728
0.181662255613157 -0.0576148912301982 0.0495960395489115 -0.195760999997497
0.00807529355136321 -0.186383864391095 -0.154825888585583 -0.176833480766973
-0.120685218088759 -0.132642047603975 -0.226854530643913 -0.00227607756367862
-0.174877788190485 -0.0408445715815536 -0.167727199528247 0.0889509148887269
-0.170400714230591 0.0739315974111305 -0.0891228508011325 0.0900209817091672
-0.138886809893771 0.115798255672918 -0.0282008455307843 0.0561709701478351
-0.146329294015766 0.113889524235902 0.00542616185137052 -0.0103603933962928
-0.188747425254396 0.0229317044226996 0.0940493180324564 -0.0536062949920343
-0.165648691925372 -0.0887237527056182 0.177571834227653 -0.0117251133990984
-0.0924398288481929 -0.215700911310407 0.152283765296604 0.122013929642768
0.173608268271326 -0.166136763146577 0.0157847260901936 0.124665728463331
0.258632361636926 0.110028875961899 -0.0686299185638333 0.0261154707606582
0.125809992081042 0.296200737407801 -0.056918363668415 0.0118434268318332
0.0389212930283666 0.221380366632549 0.115070510481201 -0.15945404183446
0.151990918157648 0.136930374144326 0.121297378588408 -0.174561400062245
0.156700474957181 -0.0305052272878763 -0.000669197035885299 -0.218986967720659
0.026639569192871 -0.149599960692446 -0.175694569104797 -0.169478966207452
-0.085285348434618 -0.123579936885547 -0.240591111393284 -0.0133631899768197
-0.140632824129432 -0.0479632868170855 -0.208802128338192 0.0833118137022572
-0.142758699124021 0.0517041841212828 -0.144428565200396 0.112712131647618
-0.11466303537934 0.0907199259775685 -0.077034121539472 0.0954268528660403
-0.123462224801965 0.096225974670795 -0.0371562266808441 0.0264156758490086
-0.167872002615307 0.0207579331077828 0.0502190664158107 -0.0235915973511905
-0.153091884726703 -0.0869440190494215 0.123490564391092 0.00829007677793168
-0.0724111489248156 -0.213113565561659 0.0841183898731269 0.10383851690725
0.181795558881553 -0.150163424087176 -0.0155333749986318 0.053437297331965
0.24579934655547 0.10941353435664 -0.0560034666999278 -0.0341589992181515
0.119143472223501 0.259844135218433 -0.0619898192822701 -0.0772323133859219
0.0307827468094072 0.149395010910855 0.117776998700414 -0.253056880382656
0.101359676265818 0.097522087944007 0.07490054910949 -0.235807041587269
0.109834659977577 -0.0124696986096068 -0.0412723553075123 -0.220284825857644
0.0297643810744062 -0.0940551171415201 -0.183015653011876 -0.157635578585903
-0.0424008708039284 -0.0891552829466394 -0.244128806990121 -0.0231289393264814
-0.0848680247395316 -0.0433203338972958 -0.236558752632461 0.0761388072176732
-0.0930226537741916 0.0245423180373949 -0.184329386624245 0.127130220741552
-0.0737046232117886 0.0518557890872828 -0.112893985200572 0.120950637574315
-0.0831587823913701 0.0610195218984773 -0.0693971267174152 0.0542170865794548
-0.118978087413899 0.00857423234087619 0.00576235394924122 0.000885933417644713
-0.105586634392429 -0.075152892815196 0.0647696268314069 0.0132722631732772
-0.0286252902656917 -0.16207203204524 0.0339868618332766 0.0640716834937366
0.150638640963452 -0.0904231431314016 -0.0135945735783367 -0.00523916287064203
0.174968184948502 0.0925327162363612 -0.0356255937291955 -0.055916329908239
0.083349295287349 0.173201094239566 -0.0698128208165923 -0.141923214052551
-0.0260923156171182 -0.0498794487837467 0.100795057885484 0.183684010660939
-0.0689478323115248 -0.0244600193308784 0.0813977196469739 0.0471850805976079
-0.05985738330658 0.0276113074894923 0.0131680656881655 0.0158084258168373
-0.00790951022833352 0.0635404460531964 -0.0112155660032012 -0.0241927040941714
0.0337691502177434 0.036125737175191 -0.042498807764778 0.00764565196278162
0.0370119142327466 0.00171538127154702 0.0305723283258531 0.0205198760196843
0.0293068370362366 -0.00987868439741364 0.100705162238517 -0.0437763207835062
0.019392186695542 -0.00302367999704885 0.142745280987865 -0.113681211897007
0.0209497957669105 0.0122783542386479 0.187570765384322 -0.141318648436937
0.0208245558108185 0.0359006427910252 0.232764086390578 -0.0883232266228667
0.00283994842994406 0.0456388978382397 0.239392622817495 0.0100559537969786
-0.0341020664890669 0.0451928712942147 0.192728239678217 0.121504411555029
-0.0593089101484876 0.00363475663685019 0.0831243965924696 0.214004159434009
-0.0520748764916684 -0.0552899610060754 -0.0270025153816463 0.259728750637583
-0.0263710312671327 -0.0830275567099881 -0.116676062926936 0.319388959685739
0.0237228625222397 0.0669293000013956 0.0968185793620707 0.198419887273092
0.052195842987704 0.0259801696464138 0.0894960952357995 0.0542802227352271
0.0323776886480722 -0.0325242659174854 0.0278952751710086 0.014712842224091
-0.0336373833231242 -0.0427267886634444 -0.0127793381664717 -0.0302049735348972
-0.0455731472458542 -0.00555113544849129 -0.0477071852536347 0.0128428179861694
-0.0408901957317746 0.012042303739484 0.0263554264560299 0.0297921119535857
-0.0331255032964266 0.0365555754493555 0.0979928085740158 -0.0332797305683037
-0.0343246220036714 0.045987133107806 0.1392715702898 -0.103961798597983
-0.0401979078194076 0.047969178687334 0.178281759787856 -0.134405823628789
-0.053506876873114 0.0211061122571753 0.227269670452741 -0.0899829300229479
-0.0424655292026012 -0.0115916808703624 0.240335898314654 0.000325457304761999
-0.028529253542841 -0.0291803042991939 0.206726106173859 0.111449685020901
0.01492253096558 -0.0159570368094253 0.104546599591869 0.207539309236273
0.0158533795259814 0.0156707189478362 -0.00824733825650987 0.255754333326844
-0.00785234379031055 0.0322218768133391 -0.09767810898032 0.322079754758253
0.0571792641154852 0.166034219599421 0.0832732378547325 0.176971272249476
0.150979292799157 0.0736598978439166 0.0975640610200192 0.064004033605181
0.113260507504709 -0.0775328701954285 0.0632244582204114 -0.00865988726684623
-0.0456305073136885 -0.133623101990081 -0.0255726728911523 -0.0684399751435637
-0.108883890025393 -0.0509693930217288 -0.0836294759525133 0.0113855762365496
-0.111934853870002 0.0116894795589438 -0.00628233381114638 0.0493841332506285
-0.0935918337387288 0.0721155215378393 0.0741565587340107 -0.00736559515313175
-0.0822233791041363 0.0880550933796048 0.11718972029745 -0.0791576354104577
-0.092843470983842 0.0800192108587029 0.147606987694997 -0.117591326934854
-0.116736475835182 0.0126353866290074 0.205109988981798 -0.0927959987917478
-0.086114252432452 -0.0561379401827778 0.236475338074564 -0.0164690238274751
-0.035248786083718 -0.0973458384471528 0.221727657507024 0.101105860538821
0.0779524041707706 -0.0484934758225469 0.115661906706729 0.201323795464215
0.0901731394070812 0.0692862145906236 -0.00770277003750388 0.229643704900493
0.0253651951999788 0.14183532506526 -0.0777906332062175 0.283782273358048
0.0677660722471853 0.232239262665728 0.074989129755047 0.125689535605151
0.203466165906832 0.108904939376492 0.121954779340079 0.0538194968436458
0.163559965315372 -0.097112411028389 0.0940881357008657 -0.0659889992241843
-0.0428170334295308 -0.187877083621228 -0.0605421722725269 -0.123300786358837
-0.143322028726505 -0.0889015368774178 -0.139055541802936 0.00790293885575224
-0.16221079082176 0.000244660587863729 -0.0574986703063559 0.071714477983059
-0.140821505815649 0.091446121104056 0.0309454158182669 0.0263286537778735
-0.119169192244758 0.115899027466467 0.0773375843356999 -0.0403094716834411
-0.129260240655617 0.104341852650401 0.102829428962146 -0.0872799461128921
-0.162825868840975 0.0130481168653346 0.169799671581655 -0.0909764416895567
-0.123986652199259 -0.0817458125304925 0.227020481130815 -0.0310846076758129
-0.0545943917477987 -0.15008571949106 0.226317808189695 0.0998068264672091
0.121971337988766 -0.091704233699478 0.10531576388694 0.193340804791469
0.163416522000926 0.0979906371111883 -0.028241048136567 0.1796199344282
0.067375799623963 0.228728513432879 -0.0627749358833176 0.208052369357368
0.0615385893018268 0.264233899207026 0.0815770071858515 0.0482675983026177
0.213599625905979 0.135333626894149 0.150094689695218 -0.00122797874430924
0.184220853443377 -0.0866765729474473 0.0896961182770287 -0.140614424354802
-0.0225751603872734 -0.201569978886125 -0.112258639366777 -0.162995945797421
-0.146224156374146 -0.11671798319389 -0.190419307352113 0.00538321775987224
-0.183851272505759 -0.0181785763069809 -0.113108605789564 0.087684170159576
-0.167647481432738 0.0925671378574905 -0.0256599107469248 0.0608666401504789
-0.136965877834714 0.126808823091671 0.0268474508836235 0.00689442564608677
-0.146042692365656 0.119107983148615 0.0534555059248184 -0.0497455528307801
-0.187346451223899 0.0209469216109354 0.132304963543145 -0.079352259772831
-0.153714969353602 -0.0878633334367705 0.209763518288041 -0.0317232308509471
-0.0815909715614264 -0.188210897579304 0.206634514384104 0.109649582220866
0.150725301019854 -0.138601970848797 0.0664413455244336 0.171973946053326
0.224519095121706 0.104951413562706 -0.0561149107382308 0.106632395300107
0.10674715887285 0.280237918251792 -0.0559923903563031 0.111819035530192
0.0490606550704191 0.260349254257287 0.0987251330940448 -0.0510386556318723
0.192621774337987 0.147541616465633 0.151356481511803 -0.0893920400051569
0.181535348116353 -0.0587208110211533 0.0492193925575801 -0.196475605135049
0.00468619869531722 -0.18581079333628 -0.155741794950074 -0.173416513172131
-0.125292834181591 -0.130618779801304 -0.223158803539181 0.000141737590434307
-0.176662481575085 -0.036744406262093 -0.164493325254018 0.0916226027247289
-0.168303378003572 0.0786871919277744 -0.0862336118517599 0.0918147413616842
-0.135140177010874 0.118597626269986 -0.0262831342899575 0.0550998670868882
-0.142518188800893 0.118073260122646 0.00543100067452213 -0.00896964185295103
-0.189727665206971 0.0278139996294833 0.0923168981642123 -0.0555451414397292
-0.167848611629061 -0.086402119614138 0.17565924590513 -0.0152406080123041
-0.0954098867408273 -0.211957420228541 0.154871414201663 0.117308955171922
0.170786723044815 -0.166892095666256 0.0152617967931461 0.122724075549048
0.258318213630605 0.10483560282574 -0.070680019210937 0.0264796489148809
0.128498718190562 0.290367626335073 -0.0564108133367301 0.0109843967991676
0.0394081033225937 0.219685521643167 0.112616197833973 -0.157128738657217
0.154732824046124 0.133147415570049 0.12048455875209 -0.174403496200315
0.156961608746669 -0.0328654798655834 -0.00128409911678715 -0.218380681663746
0.023422367169714 -0.150068388144518 -0.175591733886497 -0.166041414448508
-0.0898005572455042 -0.121531352726646 -0.237696644884107 -0.010750087298833
-0.142205826914687 -0.0444201484197454 -0.205678518885297 0.0867993441979139
-0.141251361760186 0.056172928957443 -0.14139159401456 0.116473227161159
-0.112663544018923 0.0929105660290154 -0.0740490303041107 0.0962990453764313
-0.120253515002713 0.098934054502842 -0.0358407126720542 0.0283906057241456
-0.168217847264971 0.0245585532251873 0.0485238820218314 -0.0248511877861378
-0.155008130487862 -0.0841624763845074 0.122220165710921 0.00461179027040125
-0.0761004539871257 -0.20882147492515 0.0875264602443599 0.0998260792128925
0.177696155541472 -0.151130492991674 -0.0168796083330616 0.0536876601084049
0.244742071939056 0.10414734900907 -0.0597693308509826 -0.032758535267093
0.120672974830463 0.254689453023218 -0.0633886419237884 -0.0773981795407902
0.0316445581736147 0.147705564228311 0.114527202427925 -0.250026425516763
0.102451594132813 0.0948071502271521 0.0729195151703019 -0.233179483714367
0.110153135723288 -0.0148104528549331 -0.0417662138189868 -0.218264451385103
0.0279161956592695 -0.0947296354175615 -0.182840482197467 -0.15390658012097
-0.0460478730483433 -0.0882011473379444 -0.242379777195278 -0.0205776311039413
-0.0861128611756777 -0.0405079819622535 -0.233633641831898 0.0821435681550529
-0.0921953385943921 0.0272306870478699 -0.179913397215139 0.131825627274045
-0.0724782603298772 0.0533151166217449 -0.109582137479653 0.12292288752519
-0.0814362213723405 0.0627822002864685 -0.0679363098519302 0.0560605157127435
-0.118966494046202 0.0107550950423681 0.00498672893866014 0.000276758704536062
-0.106557532703187 -0.0731539956589268 0.0639703080791844 0.0108555758092849
-0.0320883527103168 -0.159717398006557 0.0365433402455413 0.0621402985949149
0.147142516951127 -0.0921639967762053 -0.0165842083035691 -0.00374265495144296
0.175037884525598 0.0875473810101874 -0.0403050017929086 -0.0535445654158473
0.0845079501909729 0.169381264417985 -0.0720258507300577 -0.140137854400613
-0.0176576212009841 -0.0527962199268443 0.0654725093696816 0.199261061278771
-0.0628490334357967 -0.0342461943709046 0.077735067917183 0.0577522715225661
-0.0619685900022425 0.0155621687699051 0.013529640354424 0.0122113868201954
-0.0180407033005046 0.0586895831416783 -0.00826848276231008 -0.0278098309408668
0.0265320165837438 0.0403104057832463 -0.0442597775623311 0.0012963938131766
0.0345303970312065 0.00804547678177657 0.0270032192562363 0.0268593521226422
0.0303967193598514 -0.00563562449308785 0.109874116847284 -0.025097164584019
0.0198807348577936 0.000531321208936078 0.160697317595083 -0.0836133629410805
0.0184599609516541 0.0169898353151752 0.209459517235037 -0.101827009635618
0.0129694706617051 0.0381810403599902 0.243463869841515 -0.0392331462848115
-0.00690097597374098 0.0441848339344741 0.230776658014996 0.0579275973107706
-0.0406256862695568 0.0352627407115886 0.162053243425893 0.159357854843984
-0.0573514284361941 -0.0083991605687208 0.0366308733114131 0.227374543550381
-0.0378977684972406 -0.0644337565544479 -0.0795886708434524 0.248958759481766
-0.00856133119185062 -0.0866053794696447 -0.185941255887381 0.290324410204209
0.00635029829788106 0.067409175214996 0.0592782465514659 0.214749442410192
0.0431237167798119 0.035028380563307 0.0806790361392734 0.0701196770726652
0.0363214602701941 -0.0232939010403023 0.0286664359148523 0.017955758670408
-0.022732344214084 -0.0452404460286217 -0.00602294377738046 -0.0334903761137008
-0.0413986434660407 -0.0147117575791084 -0.0482893320183745 0.0056026232048582
-0.0427789967343382 0.00335245991816475 0.0212213920687272 0.0340730174510297
-0.038466520405169 0.0283317409104235 0.103671336666654 -0.0150669241828021
-0.0422816075964477 0.0388110669473172 0.15613423923643 -0.0753065612304985
-0.0485399560476267 0.0394317694346269 0.199738680983507 -0.0972934739974989
-0.0563636408275885 0.0110419184981111 0.237823483232875 -0.0428661076656948
-0.0399446566644192 -0.0197248777626337 0.232568962150891 0.0478214849611193
-0.0200659682827333 -0.0361487909484716 0.178215235812059 0.149498744393602
0.0210690066384889 -0.0125081033615673 0.0603651533892861 0.224421454400251
0.0138792808022449 0.0191999460868796 -0.0601693959692288 0.250877196235369
-0.0145763320447854 0.0303650156953033 -0.16724426137117 0.298104285185381
0.0192055163169329 0.168619220344171 0.0491545920494446 0.192497571403889
0.127946955006641 0.0973965314853271 0.084042284102912 0.0841638279888976
0.122324312059547 -0.0505114849754852 0.0679667527564409 0.00514942839270694
-0.0173115135613658 -0.132649130281223 -0.00957943460188075 -0.0736644308507456
-0.0938430850062742 -0.0702279697723492 -0.0813447744973213 -0.00248118793070068
-0.11119958267238 -0.0104874210563334 -0.0131555838008654 0.0458311811170184
-0.103838137557153 0.0530094808119437 0.074516150695439 0.00568755176584075
-0.0983451349998839 0.0713195315669712 0.129474601246216 -0.0554210282830625
-0.105742635434246 0.0602854224914156 0.166008413900277 -0.0852442859109769
-0.117648638582542 -0.00964571696331106 0.215511551327919 -0.0511357268746201
-0.0738395799887108 -0.0735308835078311 0.230726756521715 0.0282369132649018
-0.0127706836649154 -0.102853530654406 0.194843603021917 0.14061648894038
0.0908407122425467 -0.0299109041612312 0.0744280172781813 0.218464059103835
0.0758915446482681 0.0879331179689102 -0.0551020702024962 0.226337689802595
-0.00647021735388343 0.143381926104891 -0.138523079106369 0.264535402619251
0.0160131393417049 0.234115818427449 0.0495459731727523 0.141629449214886
0.172260503209929 0.141231536090045 0.106763740286571 0.0802427451897092
0.174681196335699 -0.0595587516223404 0.109667159588088 -0.0417258543590325
-0.00326171061216898 -0.182870174382335 -0.0314843332097353 -0.132418484258836
-0.119202805833369 -0.114071675650942 -0.132550414339302 -0.0164813281414706
-0.156982531511851 -0.030338982391288 -0.0662518628220272 0.0575208945067225
-0.153719098487934 0.063370946967916 0.0246342370022582 0.0305383610141664
-0.139429783821703 0.0923447200048161 0.0840438181721024 -0.0249634217562588
-0.145927221226625 0.0774296481371488 0.117067461893066 -0.0651444814163188
-0.16264420381362 -0.0177328284745697 0.181058347530578 -0.0550370264770762
-0.106723563676009 -0.106086793087454 0.223117110199508 0.0110628674613381
-0.0203299703268092 -0.158063722024105 0.198279585223563 0.137846171442329
0.143791596441131 -0.0625597154367021 0.0669223917774092 0.207398583102705
0.140540359597967 0.131616830609391 -0.0650320351362648 0.174320505243668
0.0163024197801622 0.236710540370428 -0.106785794198054 0.193216277660615
0.00418135375829987 0.263919746390064 0.0704184297867359 0.0672192584102656
0.17789419603951 0.169536188205594 0.142741046358334 0.0327614138258619
0.194116501178672 -0.0442307413390769 0.118142423377989 -0.114254956313697
0.0183811302986197 -0.193887509495446 -0.073050028371717 -0.180260547588458
-0.117286831063943 -0.141782455027573 -0.181539776129891 -0.0281327300159199
-0.175088990120631 -0.053055945242454 -0.123906826131699 0.0620875546929666
-0.179647554132999 0.0600295285858556 -0.0385462854715413 0.05350093753073
-0.159147046569542 0.0989958751669531 0.0251410566530263 0.0113537800999444
-0.165063097370957 0.0878900644627112 0.0609907759768492 -0.0381732033797583
-0.188037081430149 -0.0154810498994013 0.140718819619534 -0.0519513246787245
-0.133527247652044 -0.118936045749833 0.205611653774015 0.00658729986066965
-0.0376865162970576 -0.199357217731848 0.176738001551103 0.142274234329907
0.180973274320005 -0.101172081887216 0.0336170752702258 0.176138316301226
0.197629323541909 0.151366798179838 -0.0782494025189666 0.0971257758680638
0.0431017409044389 0.294491161601666 -0.0786722787638009 0.0981605578426275
-0.0058374081397467 0.259047598067412 0.105462999444011 -0.0257389264736134
0.157676909803064 0.178102721517394 0.160033980125055 -0.0525245133597848
0.188531680551547 -0.0197248543632185 0.0894954186049092 -0.176436005604085
0.0416280701435482 -0.175289829050218 -0.113241960960416 -0.197367682887038
-0.0951086413231238 -0.150762224553841 -0.213218235843787 -0.0396700625825334
-0.164600240924367 -0.0688418887736262 -0.175021732907974 0.0564004890120702
-0.17765446219271 0.0477152117536701 -0.104455084052409 0.0722899250247534
-0.155314626005984 0.0914334445745656 -0.035586253477516 0.0482877342859428
-0.161677346160221 0.0869093214179984 0.00655900401899221 -0.007180880339381
-0.191197281800647 -0.00977445619823368 0.0967696219335062 -0.0364381522821721
-0.147202460004835 -0.120143240639658 0.167959474212626 0.0150440903302968
-0.0454035578736806 -0.223683669210465 0.124246091558733 0.138212675200142
0.205599232854168 -0.12390298211292 -0.00696313736095209 0.117610537157847
0.229096586566301 0.157801294674593 -0.0763124782802474 0.0155692728316457
0.06259274567553 0.309582299266615 -0.0575528091703492 -0.00223776408318861
-0.00655339883701144 0.219794794594188 0.138861717973391 -0.127914800751232
0.125290960111321 0.158277330044761 0.145992329479892 -0.142899508104357
0.160375788691864 -0.0010656741691545 0.0451817953715361 -0.207204007683159
0.0529212983205621 -0.137641643976811 -0.135991768067129 -0.194128494949171
-0.0628751399547194 -0.135144305131793 -0.226350923667718 -0.0534900442296181
-0.129206120263584 -0.0700528431280156 -0.216098610696492 0.0440975166946802
-0.147032082414593 0.0304704565140984 -0.163800312408309 0.0866658247470198
-0.128694143269479 0.0694225264677444 -0.0901089230880457 0.079364853303776
-0.136070461744424 0.0725945326808806 -0.0413805422555065 0.0213726354599011
-0.169406867707144 -0.00905578586362609 0.0484422922269149 -0.0155169215878577
-0.134098530467577 -0.114768068755643 0.112602602738957 0.024313993319442
-0.0278948949258355 -0.21554147040779 0.0634507299343286 0.107252946582591
0.206850739919975 -0.106849065484819 -0.0246697896595497 0.0440700494271411
0.215136350523211 0.152075654746388 -0.0548667946469772 -0.0394266540852314
0.0634197903191922 0.272149516770595 -0.0462410317246158 -0.0912408487492865
0.00134406115804773 0.150751515332039 0.157973494113914 -0.219180882776696
0.0840753484146458 0.11159922042412 0.112410906676369 -0.209462900362873
0.110990811833433 0.00735771697608189 0.00478088339244272 -0.216484027092974
0.0464717000882691 -0.0846202937937881 -0.145946060921788 -0.183158524240623
-0.0266110211573661 -0.0946430780024623 -0.230812876120315 -0.0639823019104628
-0.0750759277063192 -0.0555631233922345 -0.24296153074735 0.0355501578709754
-0.0932595041583647 0.0117248327137093 -0.204364826280378 0.0947542720960945
-0.0821987799015686 0.038216078776114 -0.130086750870496 0.0982046866461513
-0.0907025522179605 0.0437689606028477 -0.0777221384157266 0.0422400094692981
-0.118110246790379 -0.0127857826315395 0.00207486931951875 0.000179774228094007
-0.0882931835076468 -0.0931107145746386 0.0564092924917938 0.0179055994561329
0.00309105766586871 -0.157958853015164 0.0235798807733829 0.0620125165706334
0.163120588396722 -0.0573029757307794 -0.0145003516216077 -0.00927611799664991
0.150304371627266 0.120198450606932 -0.0333547112031357 -0.0577210878101552
0.0465130433704868 0.181571121269572 -0.0424526133462398 -0.156756403001439
-0.0182207051947769 -0.0507630146135352 0.0692407915640009 0.197418270957206
-0.063127077393839 -0.0312611403943703 0.0823624629439309 0.054213905849608
-0.0603268582644556 0.0174663160794045 0.0168463221765262 0.00962818257499623
-0.0157775013221927 0.0575833317236175 -0.00903082078845032 -0.0283218408418613
0.0271337758545723 0.0391747910000776 -0.0432618842276402 0.00473837999293219
0.0345239498886949 0.00681372798017202 0.0287148076031884 0.0264105825558436
0.0301128741097902 -0.00682289558665885 0.108114141477623 -0.0297346426193155
0.0200465419120299 -0.000492697872665025 0.156372952589452 -0.0881177522039705
0.0193389471679179 0.0164997879282264 0.203422777705153 -0.106060425152346
0.0148274332299773 0.0376743808836952 0.238488862245404 -0.044968375580809
-0.0052871887419162 0.0439726087845999 0.228817505124633 0.0524671350332739
-0.0389119823092576 0.0353897688428777 0.162173961414111 0.152449322470482
-0.0560611976338241 -0.0072810865526241 0.0386087394208896 0.22267985191483
-0.0393921003673959 -0.063854615942005 -0.0752234547168473 0.244150072955317
-0.009874757417723 -0.0835543806029314 -0.177150443232502 0.284431951945376
0.0068756151104808 0.0661281786888151 0.0634107424094027 0.211243831808116
0.0422387466094394 0.0341004798046778 0.0851627683770272 0.0664604696177622
0.0354790783393047 -0.0226746246185805 0.0322214084579891 0.0143718344826827
-0.0225597751428819 -0.0436140938256844 -0.00675089183603057 -0.0343413042240621
-0.0412407274995382 -0.0135158435733054 -0.0471032469838766 0.00847272248929318
-0.042297119413012 0.00442011400206917 0.0232579130583415 0.0339573236324327
-0.0370993707445337 0.0283338905097303 0.10266729409605 -0.0186896419515993
-0.0399203223212504 0.039186792648249 0.151744399274639 -0.0792031968195737
-0.0458190345957274 0.0407108087660061 0.193991246281928 -0.101185594442293
-0.055151168444359 0.012854377988479 0.233697108371263 -0.0494283012055064
-0.0411067407055948 -0.0197778260083649 0.231413671892808 0.0419722431449189
-0.0212329885468242 -0.0350825144644253 0.178172983284689 0.142422160907345
0.0216042955015699 -0.0134993112478523 0.0622559672718051 0.218772205865976
0.0144749003916425 0.0180653565067312 -0.0561795484495123 0.245931866543781
-0.0150669154605805 0.0313109741276586 -0.158883555199251 0.292207094757297
0.020462023629594 0.164893920246375 0.0529111960162138 0.18876155603016
0.125753120824492 0.0936448067492087 0.0879967104666818 0.0799926278991948
0.118716057337662 -0.0502642141935335 0.0708538580613256 0.00162440544990415
-0.0193208928651697 -0.129349164928669 -0.0109671282599497 -0.0733051048850105
-0.0940364992654749 -0.0673818323345177 -0.0788942447420695 0.000125105597419545
-0.110473151290941 -0.00757568830329186 -0.010316415352409 0.0461982892368809
-0.100353410290499 0.0547578277038859 0.0748755678623978 0.00253058027317866
-0.094598861803302 0.0729334995050134 0.126463363772404 -0.0585455154475819
-0.10225039647819 0.0626901065820305 0.162367322346771 -0.0887027365808148
-0.116808547984442 -0.00518100873974893 0.211693353355744 -0.0564455242302009
-0.0768146271739702 -0.071515401352589 0.22909044108534 0.0233681872562385
-0.0155630535713927 -0.101531257569028 0.194004979927911 0.132778291765356
0.0903818547040171 -0.0325460203963864 0.0752227659881124 0.213876912737605
0.0771131881898198 0.0848183961049148 -0.0507350532096772 0.221024844498641
-0.00498983886326653 0.141631473075384 -0.130679968344448 0.258313506203755
0.0179945046898456 0.229277559269691 0.052126117560671 0.138528613420318
0.171067083996127 0.136133669193946 0.109187203700667 0.0756466284341603
0.171190623199451 -0.0594115391788993 0.109596620668284 -0.0453755986368995
-0.00650867876026083 -0.179499363464565 -0.0333009221120892 -0.130288898542721
-0.120711658861479 -0.11019381837992 -0.129726050942504 -0.013851930247514
-0.156669843096761 -0.0267109744987413 -0.0625017422446776 0.058628290434699
-0.149646409845224 0.0666355764349319 0.0260442038920342 0.0287604238046467
-0.134059811658199 0.0942996426588705 0.081859343915381 -0.027551208350404
-0.14150199897943 0.0808251500141341 0.114333029315892 -0.0669381878188264
-0.162379636193138 -0.0124513638796744 0.177658493888898 -0.059466832110945
-0.109293965922101 -0.103708603327414 0.220337845412348 0.00680098633806907
-0.0251095465475825 -0.156106295771338 0.198581894671781 0.129967345684687
0.142270431871508 -0.0650740922676185 0.0670746174379156 0.201262884875506
0.142289679316517 0.126846242253068 -0.0618450513405075 0.169952399939399
0.0184717856783657 0.23239131515808 -0.101446106409166 0.188054970392686
0.00661103527186324 0.259662189592121 0.0710567841708158 0.0663914071618538
0.177585278989256 0.164254155980059 0.142478292988608 0.0290328982036731
0.191621346122888 -0.0459932210293338 0.118014180357569 -0.11615276328611
0.0144746923040297 -0.191183168206551 -0.0746581798087676 -0.175503270013049
-0.12022259304183 -0.137337916630512 -0.177989121470808 -0.024955408367458
-0.175604570837882 -0.0476789600579858 -0.119602631520813 0.0640134181317814
-0.175832177860239 0.0648966159647898 -0.0358534392408529 0.0534878519275465
-0.154374699079658 0.102346904308499 0.0257632435323455 0.0104271166573136
-0.160452853375679 0.0915624153347038 0.060272032203805 -0.0377834248867057
-0.187073789785413 -0.00919340533497581 0.137923916693202 -0.0552116320028477
-0.13671216266777 -0.115344987206787 0.201690138614147 0.00152077942669343
-0.0416081895810655 -0.195471161068004 0.176199832370696 0.134783752779575
0.17783417600536 -0.102963336875316 0.0340636138121258 0.171845196729941
0.197538985444432 0.145164130522551 -0.0763127977389657 0.0951737265764688
0.045313725265634 0.287913947609174 -0.0748583688741578 0.095650445723826
-0.00364137838189287 0.254842940354346 0.103449778728268 -0.0264593832665924
0.158543188607191 0.172410953070497 0.158761740627396 -0.0548619864817606
0.186733294137498 -0.0223040213588214 0.0874272026334836 -0.175394533011209
0.0379280056541103 -0.174025415520433 -0.113735711979808 -0.192640297281709
-0.0991566547703716 -0.146361747257254 -0.209482673656116 -0.03631817323947
-0.166031779754479 -0.0630930160225233 -0.170787071343261 0.0597135035326873
-0.17336243440953 0.0528745563135252 -0.100730752576417 0.0745512061096842
-0.150848222613801 0.0938228266302101 -0.033923048136771 0.0477896054670378
-0.156638326784723 0.0903997574384733 0.00698190095296515 -0.00653031541747653
-0.190188185571315 -0.00412367513675227 0.0946985372231334 -0.0394066001651085
-0.148725253430432 -0.116724841804337 0.165420552138438 0.0107815007888673
-0.0491741552376019 -0.218632010917585 0.125620787870538 0.130440881238114
0.200462841198279 -0.124363836989121 -0.00675266662243487 0.114954496690334
0.226846971266725 0.150041061480486 -0.0766318161120501 0.0162117963622545
0.0657550603710972 0.300650858193401 -0.0565933567153368 -0.00298605912053665
-0.00404316284852155 0.216840777587673 0.134611236380669 -0.126648837241297
0.12713055655059 0.153486273949549 0.143026144470916 -0.142237770850905
0.158975296798339 -0.00375954881151247 0.0435317461278495 -0.205192197109521
0.0483385552811791 -0.136908041559867 -0.135201300928059 -0.18887166870541
-0.0673624571478151 -0.131698211238286 -0.222348138223807 -0.0496251574036947
-0.131382917832645 -0.0648577750957763 -0.211377543780487 0.050103795396687
-0.144057508585114 0.0348634084878947 -0.15820678246403 0.0905655298505735
-0.125231811469133 0.0720120626214502 -0.086729553097534 0.0797535627465361
-0.131857096860276 0.0745135093436969 -0.0394246445804045 0.0227518803158112
-0.168544540212336 -0.00441350754141807 0.0468534128479623 -0.017763924565405
-0.134874325484945 -0.111147115752221 0.110813415819927 0.0193372909108799
-0.0326360884709093 -0.209861589681922 0.0657481493048835 0.102475307805768
0.200964420580917 -0.1079317321659 -0.0255153820144778 0.0441824454930567
0.213158268253436 0.144405125131311 -0.0574571786330164 -0.0375097415910554
0.0659289859679131 0.26427747145673 -0.0478495907643788 -0.0901000503025168
0.00245361457680623 0.148352380921286 0.151709326115783 -0.21603801623906
0.0848430577093851 0.107271062096259 0.108793096441517 -0.206949330792332
0.110398347556834 0.00478383800619384 0.0031314306548919 -0.213867172011765
0.0438649309123194 -0.0848468204170737 -0.145463846636478 -0.177274683196764
-0.030417689795985 -0.0928795612562165 -0.227076139355187 -0.0598481877066235
-0.0764035568400693 -0.0531611802856943 -0.239248780946964 0.0412935141742802
-0.092309935259699 0.0135561244078438 -0.199401996569942 0.100741514265171
-0.0800684765514946 0.0394385475577806 -0.125932480352337 0.0999266210003544
-0.0873944732332076 0.0457081254576338 -0.0752679046347804 0.0440619412252106
-0.117467164541049 -0.00975627301433634 0.00160798669426468 -0.000696033288861048
-0.0893940053479658 -0.0898059746413991 0.0555116249421667 0.0148535127363469
-0.00140134814421953 -0.154597233438933 0.0257626411437577 0.059814573978359
0.158209841453776 -0.0594064227140297 -0.0175693025170381 -0.00753618744993079
0.14979478221871 0.11396941394808 -0.0376112570681637 -0.0552800225134627
0.0492510625075749 0.175749159831847 -0.0457198089027359 -0.15423259021409
-0.0178940445435827 -0.0496072122721189 0.0705746817726017 0.194613604708492
-0.0623218776166364 -0.0294937477241586 0.0854691954251414 0.051931066118556
-0.0577119878381055 0.0180048659895542 0.0185461802316297 0.00647442402975856
-0.0147153613239362 0.0565440065440014 -0.00988386020482899 -0.0290237519556947
0.0268880204734536 0.037818824787563 -0.0424989058638569 0.00797850778892912
0.0337676250055489 0.00620466568412097 0.0296528257040936 0.0267369598982382
0.0289264990638276 -0.00811143955078769 0.106184332922089 -0.0322989306172217
0.0194448143423633 -0.00125057693065054 0.152757302874159 -0.0896151272628854
0.0201918438357287 0.0156285430823667 0.198270089178383 -0.107811725164305
0.0165176663180696 0.0371992257368016 0.233569212558741 -0.0481949671682164
-0.00475778150320296 0.0432981136873372 0.225758603595542 0.0487606054757416
-0.0375676870043385 0.0357230600046318 0.159303731032559 0.147522262668967
-0.0545124426748743 -0.00758380808836136 0.0381374089767825 0.218157586182342
-0.0400287679649532 -0.0628197924039913 -0.0733681535197053 0.237466202013968
-0.0100335446124516 -0.0802929129654984 -0.172022475139724 0.276287782451603
0.00643980312656901 0.0648457428337955 0.0640454039663884 0.207166489028957
0.040770862098191 0.0339241601431003 0.0871735880072589 0.0625632557100395
0.0349956463360819 -0.0213218519695212 0.0349529143265841 0.0112918701391538
-0.022433412226052 -0.0420676449504653 -0.0079204669574242 -0.0348139345812527
-0.040224369968765 -0.0127952879912569 -0.0464418176763882 0.0104663899649351
-0.0420973859826082 0.0049945726244623 0.0245554755530354 0.0337058102923312
-0.0366119591456578 0.0280406002780387 0.102116336288818 -0.0214864213675705
-0.0386241704199282 0.0389271015816248 0.148806767057906 -0.0810653143222332
-0.0430327054743337 0.0409645579614274 0.189688862763629 -0.102341276059103
-0.0543258170784319 0.0139665350550625 0.229575175450986 -0.0519586496467681
-0.0415301232670984 -0.0188114061987336 0.228594270576114 0.0389403647680354
-0.0218520686767749 -0.0340547222596292 0.17500370153403 0.136561413939011
0.0217435942197315 -0.0143928674548586 0.0605688596233854 0.214661038256922
0.0142519200334829 0.017432502631938 -0.0542947764372514 0.238197509815078
-0.0155266869889377 0.0315748209567377 -0.154168448057787 0.283281077661375
0.0199139678074114 0.161938286242435 0.0539821644806751 0.184971027967491
0.123486752851886 0.0911771103605142 0.0897389990780752 0.0758448714354263
0.11650947495577 -0.0482475463132266 0.0726201347585778 -0.00114393208330243
-0.0189814969444094 -0.125590318067778 -0.0116491147034363 -0.0722757899550971
-0.0934264124816154 -0.0655929939018277 -0.0772473639892508 0.00181954191947323
-0.109488709577479 -0.00608426339119636 -0.00791896725033555 0.0465188179077863
-0.098541466145645 0.0548333276598828 0.0741878330382316 0.000939040791520296
-0.0916850053623866 0.0730392413392624 0.123958206927582 -0.0606497767460138
-0.0986629397483554 0.0644494300853476 0.15847265849171 -0.0894946121173449
-0.115850501253774 -0.00204090513615319 0.207693071915047 -0.0585435603976789
-0.078708349105802 -0.0697726697540787 0.225450776860883 0.0205465561221558
-0.0170838538897024 -0.0995133270372964 0.191112761722158 0.127469777054765
0.0895275493801783 -0.0340831062123754 0.0736956027113632 0.208662637269786
0.0772706656003584 0.0823880877533795 -0.0499631530356082 0.214639220333518
-0.00498889725328765 0.140203173793828 -0.126714262814925 0.250629193845529
0.0172821528953838 0.224390091552325 0.0524389073337797 0.135426778985823
0.167815323212903 0.132610032982027 0.109614163044094 0.071816725739276
0.167845396494363 -0.0573901268029058 0.109916920061746 -0.0465823645536451
-0.00802263141857185 -0.175511529254069 -0.0334802910184066 -0.128434954978483
-0.120471878795311 -0.107440181455007 -0.126135347225688 -0.0117672867305357
-0.156057653416399 -0.0238890154551287 -0.0599255241648912 0.0591084516731094
-0.145908307029044 0.0682566471153573 0.0266356039749623 0.0273506065763475
-0.130900508205694 0.0952701002204522 0.0806468355789571 -0.0287296449089708
-0.136926958057988 0.0826484775593635 0.112558740543159 -0.0663682121550634
-0.161191796884865 -0.00890057750859219 0.173294399711803 -0.0622664436094154
-0.111141245376017 -0.100340717370381 0.217724336200995 0.00403468863631944
-0.0267950474552856 -0.153053700478499 0.195125356323446 0.123830310227942
0.140655951507196 -0.065483112585844 0.065404617507755 0.196404034222766
0.141396242802533 0.123860931934533 -0.0604102665608463 0.164773170485244
0.0173342515354294 0.227548709126859 -0.0981838094130226 0.182115270800563
0.00582412690790897 0.254758126115984 0.0705787132548852 0.064546168634445
0.174558754816286 0.160236053058272 0.142105908286667 0.0262595463205313
0.18853387191924 -0.0446770699000346 0.117041091762837 -0.115893867459365
0.0136009644253671 -0.18792775644945 -0.074439047780405 -0.171989085026104
-0.120890027166448 -0.134152123019423 -0.173159405439197 -0.0230146885192227
-0.175314655736486 -0.0442571457538822 -0.115376652842361 0.0661040198579872
-0.17145902938554 0.0674869195901503 -0.0330512500174712 0.0533645292004894
-0.150482909047587 0.102786333771797 0.0251621588164014 0.00883745986451162
-0.155325646296611 0.092706013522194 0.0592528491803542 -0.0374663587158922
-0.185720398745919 -0.00555878213655729 0.13476705832129 -0.056796893625223
-0.138054250369003 -0.112498770236253 0.198683693336169 -0.000977576408774364
-0.0442260112693923 -0.191909844279681 0.174505547577981 0.127949837735378
0.175215926183321 -0.102380960739919 0.0317040512331294 0.167051019051631
0.194836964266898 0.14178737161878 -0.0761557420701171 0.0927165631778514
0.0447960404961227 0.281062096969286 -0.0730647409447433 0.0912867000502803
-0.0038571947550918 0.250514539212888 0.10204405429142 -0.0255844971547853
0.156881034326469 0.168709247396372 0.156626887612954 -0.0548476895567815
0.184195627439893 -0.0225095124732393 0.0875139353503382 -0.173740791377268
0.0351737440369074 -0.171966938186017 -0.111876452186438 -0.187987305721107
-0.100558382582104 -0.142667408379752 -0.204098738402919 -0.0345845454085509
-0.165999669086863 -0.0591093097525657 -0.166521321570436 0.0625225192217661
-0.17064596209658 0.0548745441642721 -0.0968429359784251 0.0752268678153091
-0.147799763122143 0.0951192461475171 -0.0323442382028322 0.0474936866455733
-0.152259743337317 0.090808950644786 0.00790223028941255 -0.00560538582289927
-0.18800589328841 -0.00106766367462293 0.0920064346664509 -0.0407690779365612
-0.149119925436075 -0.113732989728474 0.162750650475576 0.00797285694580118
-0.0514045408999703 -0.213252252309967 0.124407967218389 0.124467889917447
0.196288185280839 -0.122844724488578 -0.00854532217929503 0.112399633093308
0.223518978594442 0.146387432081522 -0.0766120290972035 0.0159723858051902
0.0639997219911047 0.293105625640879 -0.055313458373214 -0.00411575481792559
-0.00449562988565334 0.212950295417386 0.132098259856178 -0.122924217131412
0.126682819224733 0.149766293460423 0.140787272204037 -0.140157549281147
0.157217720391772 -0.00507265470889717 0.0440972380172597 -0.202299485460882
0.0457046159164717 -0.135906642724593 -0.132385597859248 -0.184095356664695
-0.0696045360993921 -0.12825101171179 -0.217831122403893 -0.047882707726467
-0.131940231175391 -0.0617337274528692 -0.207227796911908 0.0522191213902068
-0.140971056944911 0.0367258245517728 -0.153319312380156 0.0928663071443316
-0.122268264858761 0.0728556614131178 -0.0841472109016691 0.079761115106852
-0.128393913312259 0.0749426865103971 -0.0384018236397049 0.0231265612440128
-0.165724393892097 -0.00168199768980313 0.0450848762668843 -0.0187285785096995
-0.134316389764772 -0.108527376155421 0.108341284773107 0.0164273576312007
-0.0340539568897897 -0.203661379176446 0.0664016172125249 0.0976563088482181
0.195586815847799 -0.105979479705763 -0.027585240857018 0.0433402841508731
0.208899177979736 0.139535431281151 -0.0585619148945587 -0.0368129947869744
0.0649102272965937 0.256490135992248 -0.0477721985423677 -0.0887914341013588
0.00170508456392935 0.145874190473831 0.147685400488841 -0.210628164302573
0.0840959513903474 0.104769821086999 0.106721499788785 -0.202607209025733
0.108647715389785 0.00338617264956986 0.00416893993488796 -0.210641031740691
0.0421106216207179 -0.0843042942292052 -0.142904309864789 -0.173219235130826
-0.0325132974305854 -0.0902878823632924 -0.222999892214971 -0.0564471309231607
-0.0772014804521483 -0.0510203508710468 -0.234544067883987 0.0441215630907391
-0.0905077885244863 0.0153560384485249 -0.192853294581052 0.103770370149278
-0.079065743089618 0.039595218429189 -0.121606460213777 0.101040774914611
-0.0848380042303726 0.045181826072824 -0.0732436531257815 0.0449937992063958
-0.116055724572191 -0.0080099048583192 0.000123061120517895 -0.00142320081349097
-0.0886543007893932 -0.0871623323626141 0.0544343597021789 0.0125562518510681
-0.00309632678836875 -0.150590558043173 0.0275097033849688 0.0566472409738075
0.15363285281919 -0.0592047116906742 -0.020324648902884 -0.00669889884497644
0.146921285233458 0.109082839751552 -0.0405340138143703 -0.0526690531023693
0.0470302707489141 0.170804760960542 -0.046413277048408 -0.151020204393531
-0.0177866292453347 -0.0492665975804262 0.0700838301410532 0.19399419238503
-0.0610877247360051 -0.0276416164468711 0.0878428959668914 0.0501348479024356
-0.0557579313498681 0.0175962608335064 0.0207383882075014 0.00429196551507033
-0.0140693484028643 0.0559820028269211 -0.0101168604822955 -0.0291976977976323
0.0266495444593582 0.0379050934871712 -0.0416441264373301 0.0110725159059127
0.0332976049253419 0.00681262937580654 0.0307499819215364 0.0265089486860629
0.0285974023061915 -0.00810829275727592 0.104999729853086 -0.0343593110326009
0.0197969814345621 -0.00145579114742469 0.150687687222611 -0.0904559239327895
0.0208729401397748 0.01493895365102 0.195902465401318 -0.10732924406723
0.0174106373829715 0.0369693005129704 0.230535776612252 -0.0477897713755414
-0.0042360066209415 0.0423233401506173 0.22321624199039 0.0483569230719244
-0.0376713123410507 0.0354801321081952 0.155739910170784 0.145221437809224
-0.0535820937838032 -0.00787794649368375 0.0348839174888204 0.215388553117227
-0.0398654339906807 -0.0631005196521405 -0.0746400186721186 0.231535164299941
-0.00953031082691513 -0.0779079446626492 -0.172362040420901 0.267926181121424
0.00523330987516939 0.0642465982692825 0.0632221884560778 0.205678775441051
0.0397382833744148 0.0341425389038699 0.0893805068194792 0.0602664671676507
0.0355959707660874 -0.0196013845692635 0.0374764418898318 0.00837110382793758
-0.0213303897047264 -0.0408697859256268 -0.00771474693721939 -0.0356199938396583
-0.0393269432362969 -0.0131297630106158 -0.0454644470098351 0.012761460356444
-0.0420373818142195 0.00501986616141962 0.0257687943445425 0.034190248614777
-0.0359519893974782 0.0279677077240918 0.101695272220661 -0.0228841692311043
-0.038011504072038 0.0385596406143278 0.147034156337855 -0.0815779350523758
-0.0423360559654436 0.0409146290392477 0.187911163008235 -0.102396512160283
-0.0531221628814688 0.0148179642742574 0.226727316776835 -0.0525655145382982
-0.0421175960723119 -0.0185785503462146 0.226535479906822 0.0390125251567618
-0.0219324938619346 -0.0338178396571545 0.171926616904702 0.134384752200418
0.0226584450085335 -0.0149030499326602 0.0575421710386248 0.211910174182862
0.014338112380301 0.0169205342326614 -0.0561024472466079 0.232129390829261
-0.0158620458789189 0.0330497126518446 -0.154350126519618 0.27581116871554
0.0173651119214413 0.159997010103829 0.0533721291275966 0.183263561686797
0.120255059627782 0.0909275194163198 0.0896135873297179 0.0733370097787466
0.115802020788893 -0.0452769293566757 0.0746877911132624 -0.00297270727100143
-0.0179614714409024 -0.123565323180001 -0.0112373346163961 -0.0721580039160924
-0.0916435776225232 -0.0653598238639572 -0.075751529225075 0.00302089315823566
-0.1096276251568 -0.00598993036961691 -0.00628677552396166 0.0471789026639036
-0.0981115369027522 0.0544979102978453 0.0746805714422951 -0.000705450245650105
-0.0904354139705718 0.0726315702243181 0.122480122971946 -0.0611953979888942
-0.0965769426122397 0.0644377940146897 0.157553583903137 -0.0885609216489979
-0.114946804695885 -0.000743921082472601 0.205280926671716 -0.0592429130101216
-0.0790590935740448 -0.0693896259836344 0.224337710279738 0.0201883225129973
-0.0178533909499705 -0.098404270465063 0.187174265615925 0.124214056584425
0.090724082727029 -0.0342593204886255 0.0691830683361365 0.206675869908863
0.0768100207129847 0.0826017125808563 -0.051468335979309 0.209400386014892
-0.00695631402458032 0.139867817061624 -0.126822167324223 0.242612018085949
0.0146107567052703 0.222091308495845 0.0516413843429009 0.134669088384548
0.164397362306291 0.132546134572302 0.1091103116918 0.0701323140283972
0.167256280702568 -0.0537950963839017 0.112395489322117 -0.0472483810781668
-0.00562459596009132 -0.173065402235185 -0.0331076327712935 -0.126578297155486
-0.118941603647221 -0.106754891078464 -0.123193977483884 -0.0119909224881274
-0.155882517540291 -0.0235419132450503 -0.0573722360184603 0.0597154048072071
-0.144715111421173 0.067898849025149 0.0275399020380308 0.0266324983222538
-0.12937349132466 0.0947831507265801 0.0795773874765599 -0.0298597303618441
-0.135331809704007 0.0830048671842931 0.112629054079224 -0.065942392308163
-0.159886543439495 -0.00667194317407007 0.171797982301307 -0.0627116324154638
-0.112848735678874 -0.0998585430289683 0.215880881057981 0.0039857312159676
-0.0272927979028929 -0.151238913499346 0.19192394181525 0.121178287189247
0.141376042304822 -0.0656015298788909 0.060517142940751 0.194033975450464
0.139814184089006 0.124195435306004 -0.0625315164215807 0.160197449288344
0.01426786068605 0.224885430412766 -0.097973621814459 0.176295557781001
0.00201684226660345 0.251643594419656 0.0686922926926912 0.0645216297570784
0.171503957262306 0.159541425972202 0.141608206993502 0.0257974076100369
0.188492849075749 -0.0422292259816369 0.119096148569965 -0.115552758881467
0.0142838867641675 -0.185451761767575 -0.071744508697961 -0.170466642862156
-0.120053846653188 -0.133342864616413 -0.170258136609028 -0.0236820598410852
-0.175358389869996 -0.0430303994679582 -0.113178371437413 0.0661416080697752
-0.17067298847459 0.0668177854597917 -0.0318901298279701 0.0527165263117168
-0.149078517349838 0.102741308895596 0.0255127539087121 0.00808042771608235
-0.152884040117393 0.092733660400203 0.0601309978195278 -0.0367088940825056
-0.184970656747491 -0.00384176197460348 0.132719380090395 -0.0574242343560217
-0.138847585340732 -0.112465924236377 0.196439382392232 -0.000900450310751031
-0.0434114374245739 -0.189449547370514 0.171522917622001 0.124661658949009
0.175739451242219 -0.100326741514591 0.0281055078804687 0.164250674588933
0.193072058394269 0.141872702441554 -0.0770988148436673 0.0891651111230338
0.0394994778080248 0.277977007554775 -0.0726463633867817 0.0869832350051412
-0.00748848307474117 0.248128704807087 0.100617655378915 -0.0230512059532266
0.154184698202814 0.16803980102021 0.156372559775127 -0.0534754846903405
0.183691394188897 -0.0207938541036541 0.0900267094068697 -0.172736755114636
0.035729207581499 -0.170594270704609 -0.108688165187934 -0.187105548355713
-0.101011085381963 -0.140860891121543 -0.200141221746122 -0.0360660692507886
-0.166379195943784 -0.0579835551129581 -0.163687392225426 0.0622065222615268
-0.169695698495441 0.0553200998591062 -0.0948682052778894 0.0757260643860867
-0.146976024732788 0.0949410700057757 -0.0320705550952675 0.0463701196373685
-0.150014108059899 0.0911125280052349 0.00873778533823626 -0.00512152844190707
-0.187365648880055 0.000163852518512462 0.090214313610007 -0.0417875284883855
-0.149219913518427 -0.113578924764806 0.160297800191653 0.00695124574830661
-0.0496529510290059 -0.210165796656974 0.122823980128065 0.120616581002244
0.195543604184175 -0.119642731880761 -0.0111926640851536 0.110162624256617
0.219941513225829 0.145991019496364 -0.0773573810519027 0.0144870425317751
0.0585575473289363 0.288548644319615 -0.0549068565521804 -0.00627312329649697
-0.00801906516081885 0.21142391351746 0.130999916167491 -0.118950214909421
0.124249080882403 0.149055211572271 0.141951343742326 -0.136977704406532
0.156618822386886 -0.00431020759646929 0.0467740341924399 -0.201364469834591
0.0454821231932062 -0.13499475795764 -0.129449029116944 -0.182003952445651
-0.0707732506238475 -0.126562189894273 -0.214266431112476 -0.0489740137874032
-0.131852345591561 -0.0607401057428426 -0.204880780315306 0.0523696542048316
-0.140385087653528 0.0376175604054841 -0.150333531765608 0.0931422448998827
-0.122204213760671 0.0724894292942953 -0.0831329264406751 0.0793103570648164
-0.126404783898941 0.0749490170576525 -0.0372330265809186 0.0241217383879942
-0.165248370861417 -0.00141588333478091 0.0431671580413626 -0.0197705678012954
-0.133295756631662 -0.107663923208024 0.106798271414557 0.0154369781033303
-0.0333080922984889 -0.20078169209316 0.0657196591283758 0.094063538690212
0.193928742984975 -0.103899785108557 -0.0300214579525306 0.0430077245792463
0.204782458779623 0.138598880627227 -0.0609895427157177 -0.0359453449906556
0.0604161252575853 0.251837413620758 -0.0467358381918096 -0.0887958252945679
-0.000270534932873866 0.143981348171143 0.148185616196354 -0.20496016143756
0.0826865006306177 0.103247475920168 0.108203767351832 -0.198524916124117
0.107723498428396 0.00378730906866264 0.00694647966376143 -0.208816281579163
0.0413201474694452 -0.0833815926240274 -0.13883117239124 -0.17215827850139
-0.0343740506430805 -0.0884991217594542 -0.219588210680687 -0.0578968861489048
-0.0776012549677631 -0.0502425785686673 -0.232185648290277 0.0454662842527186
-0.0895045017693641 0.0154879490210932 -0.189344461568171 0.104555028603566
-0.0788975782274849 0.0399553673127105 -0.120446174411225 0.0999994439716262
-0.0841912269025634 0.0447316033331093 -0.0726751543603463 0.0448120835291111
-0.115041165519987 -0.00769152478379432 -0.00112143600677701 -0.00267505301174834
-0.0873611236744061 -0.0864478590142083 0.0527107147366113 0.0113421075380826
-0.00380673216265033 -0.146833555728695 0.0280254387858156 0.0547026616808117
0.151427484746611 -0.0582510518142074 -0.0229553729172013 -0.00529030636309039
0.143144238299661 0.107423157334332 -0.0432118638934366 -0.051283843010694
0.0449737430390444 0.167149987948272 -0.045762972320067 -0.14946355753815
-0.0177153192285212 -0.0486820787299889 0.0701858589909162 0.196644547350865
-0.0610763514531674 -0.027109500443948 0.0911242144440944 0.0494505900533952
-0.0544037614391886 0.0175254989295103 0.0237307664957732 0.00208041308228099
-0.0137699702533575 0.055415082878099 -0.0100445714839676 -0.0299964319256166
0.0266577391109725 0.0385064364022704 -0.0415887190527734 0.0137744710649166
0.0335439687361969 0.00774126121742417 0.0324793485248173 0.0280887694927811
0.0290552630008631 -0.00808540014352414 0.106074832139394 -0.0360778849266484
0.0198980321639056 -0.00141724171032501 0.151999323422272 -0.0922353515166223
0.0214504933511735 0.0153298663135231 0.197714148111234 -0.108573401246252
0.0186977023944273 0.037078683588029 0.232622764831848 -0.0478521760805854
-0.00448957165554944 0.042901473965124 0.225226532212006 0.0496998877452003
-0.0377025556448459 0.0362520863479658 0.153590056644927 0.147117887854638
-0.0532061098210732 -0.00884492882572334 0.0322316391261397 0.217213676518766
-0.0405483312001784 -0.0647288048405319 -0.0788974641828981 0.230003814820111
-0.0080470951931362 -0.07693907953445 -0.177738963113597 0.26336337468591
0.00416088381146562 0.0653806912880205 0.062886218161652 0.208021199147855
0.0387038325565231 0.0357662006575771 0.0917073568369303 0.0599295483962171
0.036818940851182 -0.0182218410305112 0.0403894518783005 0.00687102665469267
-0.0197594062820619 -0.0406831362620802 -0.00784232018040226 -0.0362667252452767
-0.0394697285880026 -0.0138327709230317 -0.0449114201095551 0.0153381920649279
-0.0423406734997452 0.00513636459389251 0.0277190725689198 0.0354880892550508
-0.0367160012923979 0.028071248670154 0.102272268658224 -0.023774665236767
-0.0386397262752879 0.0391074768205383 0.148074871527674 -0.083708414521546
-0.0422299426499189 0.0417730605542072 0.190317314113081 -0.103047578529932
-0.0527980249887986 0.0155714770469603 0.228406921515089 -0.0528330204135066
-0.0434924240170068 -0.0192533730530596 0.228714415158927 0.0396032699075094
-0.0225077954220847 -0.0338824770912343 0.170171080862385 0.135379503598809
0.0239133036739595 -0.0160632814911267 0.0544618060978242 0.214535670620887
0.0135100009131293 0.0168345223367245 -0.0598300202339133 0.231003122883803
-0.0161249681878787 0.0351327883102672 -0.158521351347954 0.271542881610884
0.0145718290100738 0.161217361963217 0.0511273023356788 0.184952936669218
0.119324775687137 0.0931014098180351 0.0910391507330111 0.0727239410672818
0.118080300599776 -0.0426957790998142 0.0775973260053702 -0.0046758366654543
-0.0161140477463904 -0.12331006273787 -0.0107262222241444 -0.0728788330392884
-0.0919406699334953 -0.066747190218953 -0.0749714867104182 0.00420796812271298
-0.11088979776809 -0.00599303288588193 -0.00457657673284188 0.0489879649754632
-0.0992285934422954 0.0551549235266734 0.0758072390179545 -0.00182712801127287
-0.0918028377764527 0.072973300996465 0.123928794127013 -0.0621235516783567
-0.0969457722737877 0.065581302208676 0.159878570474767 -0.0893620760791547
-0.11582154752013 -0.000390312324150306 0.207601412614767 -0.0599170218137484
-0.0814582452660597 -0.0700352317683822 0.226737078152064 0.0213363489705439
-0.0181957206831961 -0.0991948565399815 0.186522859492254 0.124834636762208
0.0929364728535836 -0.0353480450601115 0.066053497592233 0.208648275865717
0.0770973941327562 0.0833569303580768 -0.0548828866733598 0.207662229840926
-0.0101890640808111 0.142319458241415 -0.13053094693212 0.239091679817896
0.0107223383417118 0.223646755760515 0.0494196774895044 0.13600763112254
0.162676780028468 0.135354885039916 0.109819678617143 0.0705549132271854
0.169785710697694 -0.0507284458750453 0.115708385442063 -0.0489722446816845
-0.00343245732883351 -0.173320791107062 -0.0317523799211985 -0.127233172865387
-0.119115306699424 -0.108550251955104 -0.123120199354532 -0.0124997696798234
-0.158112334683078 -0.0240088029887478 -0.0562317111662288 0.0607710768671091
-0.147001980446403 0.0689134875658974 0.0287981692071334 0.0267314289708351
-0.130927905683299 0.0966067517277295 0.0805955753585514 -0.0303544458519735
-0.135817180637475 0.0839299842618771 0.11501391874926 -0.0658253215391889
-0.162128781714617 -0.00629569419073979 0.173098289523188 -0.0637554230662464
-0.115532075893146 -0.101656164551479 0.218372887573661 0.00503767349105213
-0.0268913773914698 -0.152335994942779 0.190832711307889 0.121731211118468
0.144937116033106 -0.0658229832596993 0.0566903743274136 0.195080674725395
0.140094388841111 0.126610326859994 -0.0662036544378621 0.158165156962721
0.00984894360306544 0.228147262023369 -0.100963715334392 0.172734778978799
-0.00205575134353555 0.253418908346117 0.0685865597090685 0.066465676171764
0.170062406417239 0.163210981336665 0.142553013082925 0.0270121225346113
0.191287903758278 -0.0389038592868954 0.123296093878724 -0.116585846185409
0.0165571570601782 -0.186818974724507 -0.0702299940944554 -0.171531250284218
-0.121725803186251 -0.135302058998916 -0.16955322049973 -0.0255767868827313
-0.17834748423785 -0.0435831753800401 -0.112373910261644 0.0663561957204043
-0.172514389192555 0.0688084344240321 -0.0309292262635678 0.0529599464115838
-0.1516287574955 0.104367639097069 0.0253157592611439 0.00804359328143903
-0.154448694469187 0.0938749638793915 0.0618104780565753 -0.0369961315895957
-0.187810222453179 -0.00386435530112295 0.13361263818115 -0.0580339338714334
-0.141874714601685 -0.114252912608676 0.198153106469278 -8.99854466392516E-05
-0.0428782731018222 -0.191185240865641 0.170311175471253 0.124323736328563
0.17961193292919 -0.0999407299084288 0.0242003081965115 0.164776682771598
0.1928425945801 0.145404572178381 -0.079889441215986 0.0870604550122189
0.0346608489107363 0.280233082094097 -0.0734038124399523 0.0845842141599496
-0.0116732824666672 0.249537984554196 0.101350898684304 -0.0216071506561747
0.153671118702325 0.171145731236683 0.158055368228298 -0.0529484883686649
0.186927913372068 -0.0183626239249462 0.0948469981292604 -0.174031267388786
0.0366947990518989 -0.17184251197734 -0.106812981081589 -0.188142443036901
-0.10243550079869 -0.143056596440348 -0.200660838138558 -0.0380648296548304
-0.169034749224993 -0.0584777974101541 -0.16442322861856 0.0633861563169685
-0.170959773126242 0.0569851959057568 -0.0945901459611536 0.0768834137380498
-0.148851520081851 0.0962845908761342 -0.0322143625649617 0.0467666774996008
-0.151535977186226 0.0912247849143492 0.00970594430475589 -0.00496004560182297
-0.190220327369569 -7.29315936575899E-05 0.0893667899294243 -0.0420961882324635
-0.151142365381517 -0.116179463160007 0.161016740699035 0.00714684891858591
-0.048744442345656 -0.211361320704475 0.122674411582881 0.119675673151231
0.199114628832188 -0.118089263031271 -0.0153297640141356 0.110417441592346
0.218548817543358 0.149503593142523 -0.0798999953336636 0.0135134762245972
0.0533046538051465 0.290073427472805 -0.0553859728627872 -0.00861301368052563
-0.0111181597244234 0.213027401982738 0.133710401447998 -0.11696383094408
0.123357367381311 0.151117936823848 0.144344905129329 -0.136427691994196
0.159077784917515 -0.00272739795064789 0.0509481296376892 -0.202986097745146
0.0460337597021464 -0.136403770195804 -0.12797734866653 -0.184551019402211
-0.0725940462613334 -0.127869539785115 -0.214494775929595 -0.0517215779679709
-0.134695461013347 -0.0607140104808203 -0.205578960562633 0.0534813598725749
-0.142111145300521 0.0385026929650926 -0.150912272884442 0.0940579491269122
-0.123339489349205 0.0738654124598063 -0.084280523425589 0.0794019921069064
-0.127775111121777 0.0745737329427488 -0.0370356874919816 0.0248133894293235
-0.167133419076136 -0.00197876601386669 0.0421343038321398 -0.0204749525786755
-0.134302496174518 -0.110082900755361 0.107016502918888 0.0148878520576195
-0.031811193112037 -0.200699812864695 0.065855532355088 0.0930763605664998
0.196005554076073 -0.101836980240743 -0.0332402642620968 0.0435708165406887
0.20355003910808 0.140581834274064 -0.0627705508499449 -0.0359590383120835
0.0555525041068822 0.252514689067277 -0.0464296400560752 -0.0907224684956357
-0.00308382787039123 0.145349393217237 0.151019091973279 -0.202110147597262
0.0819541815835469 0.104378011031076 0.112141487365361 -0.198495523337916
0.109127775953531 0.00435195539768051 0.0108367531737796 -0.211394614773104
0.0418459138782 -0.0843402592553159 -0.137883016356914 -0.174854824583
-0.0354050181708893 -0.0895837101553415 -0.220607309208971 -0.0612800365090555
-0.0797495107957493 -0.0506358633724195 -0.23387219851626 0.0458985193852523
-0.0907682236639905 0.0163123085249714 -0.189966911544178 0.10562522874473
-0.0799356964671612 0.0402111300341386 -0.121802793210217 0.100925228708946
-0.0854824978708828 0.0447110224872117 -0.0736867190326827 0.0452456270975981
-0.116121985935568 -0.00800465433478195 -0.00278588789061943 -0.00393189411906608
-0.0875465737092948 -0.0877846739466153 0.0533135974550598 0.00994447272634181
-0.0028104125752652 -0.145600681418779 0.0279407340891046 0.0534572090058192
0.151965285374894 -0.0564783510660161 -0.0264884600215563 -0.00403056573079756
0.1425070239994 0.107717739399661 -0.0458851292514726 -0.0512830478087348
0.0425664477228565 0.167003553651152 -0.0457688133754487 -0.15172192785461
-0.0408351042550984 -0.0293386247421057 0.174815874104593 0.119118315945094
-0.0633966269798573 0.012706279838928 0.10274412227959 -0.0173398399369578
-0.0332503946477111 0.0448142633806333 0.020608985491397 -0.0134160164024787
0.0208643127686379 0.0520773074586809 -0.0256882282468549 -0.0172769755425013
0.0450361336738711 0.0156273347860645 -0.021537893749852 0.0374644695298447
0.032582736949606 -0.014080290457049 0.0464367107144213 0.0018032088052636
0.0176173446862622 -0.0241410985790867 0.063511724007785 -0.0967961927480158
0.0156409164038488 -0.0138080513525921 0.0656853881486269 -0.169427152731753
0.027908463403917 -0.00285197352041365 0.0925300644379767 -0.211693200404262
0.0389946419730922 0.0170668272167446 0.161595455928646 -0.183539124391036
0.0243519723948963 0.0372665644294622 0.213405045584972 -0.0995801959548359
-0.00672637630561678 0.0525763674109843 0.216067779825234 0.0248646387229635
-0.0484303967511536 0.0272775873671902 0.161467139973917 0.157454522527112
-0.0743935239258226 -0.0249597399223321 0.0808490100144708 0.235144396446674
-0.0554706782372752 -0.0552162068061715 0.0203205065155333 0.331008768539404
0.0403824313679926 0.0540210948274411 0.181960481871804 0.130119825421301
0.0524055086344606 0.00718459301463588 0.113766173340362 -0.00986154241735119
0.0214181265916562 -0.0369960153913934 0.0377094999528905 -0.0242497521229909
-0.0388773063933247 -0.0222250850185069 -0.0311714311898305 -0.0256910442284532
-0.0395803694606496 0.0119338620855851 -0.0255622099459341 0.0411741996858394
-0.0315648396194847 0.0298377661641914 0.0454350585823846 0.0119221814521314
-0.0131868621221482 0.0446833899722114 0.0684769276101024 -0.083697779578202
-0.00673794342728561 0.0556567956647707 0.0681135153389038 -0.160210516460185
-0.00800442717587925 0.0592822945780508 0.0896846040104321 -0.203817450621327
-0.0332726901800769 0.0439443801560299 0.154508964056634 -0.185348769651887
-0.047218568874188 0.0110704385981193 0.210500817922923 -0.109228128021378
-0.0375931637563427 -0.0153758431102614 0.221371664284195 0.00597175218221626
0.0134960027717326 -0.0288069429993809 0.176617434185154 0.140850153833577
0.0239732452265274 0.00785885112556769 0.0955485722756352 0.225959614345453
0.00811349764464961 0.0452948957415302 0.0367404591680445 0.321989131303391
0.103188648767085 0.128406693934006 0.165119909466403 0.11657820158598
0.149187494413167 0.00829906347447479 0.12469213133425 0.0011322047778752
0.0735160043092401 -0.103662113166442 0.0624836995231106 -0.0599808946337951
-0.0818552727963889 -0.091147053476133 -0.0584216014379826 -0.056167539916059
-0.113346616018056 -0.000456421446800191 -0.0583783360613275 0.0502356428646246
-0.0941195649763383 0.0625065061099881 0.0255600024313235 0.0423606084621109
-0.0464279749112489 0.104678229654712 0.0609861022787159 -0.0470317818815928
-0.0287416391000313 0.117427661084304 0.0614605409525196 -0.128560287678349
-0.0379408825020554 0.113493048363059 0.0747675945416642 -0.175048580435625
-0.0955661374534465 0.0711860046516557 0.132595904184501 -0.178080922254777
-0.111366614827952 -0.00661710248149404 0.198229223736823 -0.122171900665031
-0.0749567190408897 -0.0726797057621045 0.22825615743543 -0.0121769933906573
0.0600528672256944 -0.0895682987762763 0.181386941629884 0.129978559672809
0.119872918622649 0.0238517237396623 0.0823666396708855 0.206174684423785
0.0812859391936591 0.131900921282631 0.0347838006304984 0.274891841009657
0.134988181309609 0.182818627973019 0.137534990955533 0.0776039597838022
0.208027218716683 0.0178584952269687 0.141123584423903 -0.0123259064692373
0.112148465138511 -0.140299593159634 0.068192946715304 -0.120414977247962
-0.100532339914465 -0.138076394042979 -0.109802443933304 -0.0902500490131259
-0.160883385801558 -0.0178590746105081 -0.108915727262243 0.065202423684179
-0.143102970373525 0.0764553949949875 -0.0106608302364546 0.0844461071282306
-0.0761687630008328 0.14487821562852 0.0396576550600196 0.00546714590089937
-0.0471566870120391 0.160267720019731 0.0459514343409292 -0.0761443487582809
-0.0587846297544024 0.153666927273217 0.0518390132200331 -0.127539365773753
-0.137664281039062 0.096601027462533 0.103222687967025 -0.160308024246585
-0.160700028514017 -0.0123280204770646 0.180489583071316 -0.129701218379986
-0.116182950737399 -0.11262902654256 0.229667325863908 -0.0175964669292434
0.0852243109621657 -0.149298482490156 0.165143753221302 0.125902836101056
0.19961547701986 0.0190474001931891 0.0416291141654479 0.17552142630615
0.152384240233533 0.19145960561143 0.0135656214438634 0.19968414615607
0.141325941326797 0.214755754252053 0.112931017509704 0.0106222386296757
0.230471858523282 0.0354235783798963 0.141579594282615 -0.0661282433218585
0.137008876873017 -0.144624418486827 0.0351044744570754 -0.180441530712528
-0.0927772998671907 -0.160790882702611 -0.168333688079998 -0.104044739711138
-0.178119433036248 -0.037641716257786 -0.155516464913332 0.0816656234311714
-0.170925482552032 0.0729686192234827 -0.0537016166694616 0.123585956297937
-0.0972840547137289 0.16050507655544 0.00772011845563667 0.0660531665663449
-0.0579545565996365 0.179316256766594 0.024863041076808 -0.0105778335972567
-0.0683594784379705 0.173685714531899 0.0269808867320048 -0.0718665220948651
-0.157454443284119 0.114777163923561 0.0729035078567872 -0.131021258438454
-0.191049630783347 -0.00706003471303817 0.161003123075525 -0.120940009866949
-0.151583945628486 -0.135542399953959 0.214687587922876 -0.00262724697102536
0.0933822678447225 -0.199840890520624 0.118516759720985 0.122512162596143
0.254062785259558 0.00239124884734548 -0.0154549029102462 0.128549315118969
0.2057105216803 0.218025449661677 -0.0228375971701606 0.109527099516558
0.13083379956076 0.217096393487493 0.086825701758139 -0.0794144630194294
0.221458242738693 0.0502795171082087 0.105817682936589 -0.139059971816421
0.143978698085807 -0.126032275532129 -0.0228422308085691 -0.209273668250998
-0.069234304997091 -0.160418932256333 -0.207153979876638 -0.0959551651120491
-0.167411127956293 -0.0545641259889955 -0.189281174248586 0.0893734492825607
-0.172589627466912 0.0561161620562144 -0.0984465744470079 0.152039888488713
-0.102302450589344 0.150584125963303 -0.0291904291638052 0.124443367077471
-0.0616805779696133 0.171907014055384 0.00204260140786444 0.0571402501725212
-0.0677374838517058 0.169992541418236 0.00458872908196909 -0.0121843635854835
-0.157446821714121 0.118893353326871 0.0470640280855767 -0.0903293630750958
-0.199529926076527 -0.00264376355130368 0.134269860141093 -0.0918782438706942
-0.168054859609446 -0.148211645513187 0.172601862563888 0.0228547853831101
0.0973383056047502 -0.226593952830089 0.0530791758005596 0.103074393312022
0.277154525992989 -0.0121194991445067 -0.0619887850864851 0.0700588910197196
0.226696528296977 0.212136614655009 -0.0661569749508356 0.0218905307730986
0.109935515073084 0.184945061132347 0.0527400663014299 -0.175820283830901
0.18557449127441 0.0508720734913865 0.0428601060647492 -0.197632803894799
0.128557608315909 -0.0969552560832234 -0.0756978317660266 -0.205301352190722
-0.0417870130146955 -0.136258420104037 -0.220665065759556 -0.0800873501219254
-0.134300221107145 -0.0589923993150096 -0.208764198562784 0.0872558314814852
-0.145671867843005 0.0333348349897694 -0.137284835719656 0.170140591803625
-0.0892891744017623 0.11773926275131 -0.0641835151033032 0.174273963330586
-0.0554551807880129 0.13857642203351 -0.0189662690145611 0.116566678087583
-0.0595451187199445 0.140890639234016 -0.0153458237547136 0.0409303903561702
-0.139530166619663 0.102626602028939 0.0206490968934772 -0.0431182721542854
-0.181078385228338 -0.00864597088730544 0.095001922917411 -0.0526692255155117
-0.147968917471942 -0.148468653778018 0.110568143531841 0.0358304030885895
0.102927879344318 -0.210331572766819 -0.00306037204060942 0.0605213960284038
0.25773767130925 -0.0106304992019373 -0.0783875394568043 0.0190993685146512
0.205649246617815 0.17779382903039 -0.1094289786411 -0.0504794824068712
0.0789850638275678 0.123183362028547 0.0119348615047495 -0.255389547989282
0.124653171162738 0.0374933643631538 -0.0222829259557269 -0.228770647595575
0.0912101228104132 -0.0614273071329814 -0.114585226868881 -0.186211089993249
-0.0159547002405426 -0.0914689735306044 -0.22147274162353 -0.06375971187981
-0.0815137757375391 -0.050080462556282 -0.217951564861024 0.0832672032654991
-0.0944422421200054 0.00818276428972883 -0.163365035726259 0.181304016522987
-0.0616567649618777 0.0688731136264344 -0.089223050495298 0.207302275311393
-0.0405255403308222 0.0834726864893433 -0.0364257649082093 0.157705660273716
-0.0427180681345323 0.0898168523345017 -0.0319392043705779 0.0820586298244826
-0.10082735351651 0.0660318229401507 -0.00560100063825891 -0.00134032036464167
-0.128311848091203 -0.0187866555480008 0.0478382251948583 -0.0238175851279359
-0.0909654546133735 -0.11965428252332 0.0555465606414294 0.0262704501740763
0.0926710223282353 -0.1439791776767 -0.0261928500730272 0.01753353935382
0.18470968868686 -0.000134047305069606 -0.0735907210725931 -0.0047566281333506
0.140001670105521 0.1125097423694 -0.143444228575915 -0.0988163165352696
-0.0426345689780682 -0.0285801768589632 0.183806039042186 0.118105095936348
-0.0635789879929242 0.0150761550281103 0.105554789218658 -0.0231031206865529
-0.0325176348326517 0.045584316035477 0.0205100627302215 -0.0175142716404106
0.0228867585331347 0.0522994958699195 -0.0271490015036575 -0.0175683202327641
0.0466270167624196 0.0147011663879738 -0.0181310844477328 0.0403076614580364
0.0338068980752332 -0.0153656781237883 0.049890876643205 -0.000154038182310704
0.0166240934657222 -0.0254644090380051 0.060298794815882 -0.101671877283681
0.0156857958348969 -0.0151184136596257 0.0600896147672784 -0.177285208559165
0.0292987656206336 -0.00413933294164754 0.0872707726347907 -0.221550458556269
0.0414767778926106 0.0153205782646609 0.160256332038206 -0.194816883369068
0.0263793939149376 0.0378883137515942 0.217057793484964 -0.108885845552424
-0.00495380518571081 0.0542439744958974 0.220901753748531 0.0211450773070404
-0.0493754588415594 0.0287003420325086 0.170078178287107 0.158455779720729
-0.0783306808302078 -0.0235713139036333 0.0869206390670213 0.237849121937122
-0.0564510522159039 -0.0558741397084376 0.0248446456435465 0.338824159739732
0.043326658663 0.0551474275707007 0.191635143299724 0.128813207167677
0.0543122740349906 0.00676693865441891 0.116063073614862 -0.0154368340164229
0.0214759613443294 -0.039165581609532 0.0381574485891622 -0.0299290397110973
-0.0394588203341067 -0.0219175526978041 -0.0323010093584924 -0.026228625986896
-0.0403235115664255 0.0131652727749456 -0.0227150014590378 0.0428631211823629
-0.0311100353872062 0.0321688473386479 0.0492344624945587 0.0101856779631899
-0.0119884286035804 0.0471336547940271 0.0662142580085225 -0.0889839072055696
-0.00480023676114942 0.058309262761608 0.0640135525920124 -0.168475666916225
-0.00538250818256275 0.0606906705379942 0.0854108282764216 -0.214316060536764
-0.0325290300633911 0.0469945548725222 0.153359272291493 -0.196827297872424
-0.0488517814451483 0.013362223762813 0.213872924299638 -0.119669556605164
-0.039461311620228 -0.0145825253539891 0.225599796780612 0.000683334419005076
0.0125957729591657 -0.031502750683634 0.185608061792531 0.141681663900823
0.0251667952909201 0.00780606312166406 0.101490972716761 0.228363185360584
0.0109357875062405 0.0477756177882468 0.0410384410043909 0.328883502222808
0.108475737407343 0.130148486381498 0.172417488312579 0.116165464123255
0.153247177898701 0.00586717027751267 0.127246937414753 -0.00324758996201004
0.0740237383200151 -0.108434232371281 0.0631905395452711 -0.0666087589906306
-0.0859097323093104 -0.0917251722300224 -0.061248524221106 -0.0566495029096276
-0.116560377830574 0.00278724804719609 -0.056777178462917 0.0524744739323886
-0.0950979629443139 0.0677961590049792 0.029619777453282 0.042558337084495
-0.0434805930720671 0.110086068529738 0.0613419351369942 -0.0514959470216275
-0.0246843938665671 0.122339771248858 0.0580604802200295 -0.135357649125546
-0.0343017262439703 0.117976033923741 0.0706854234542093 -0.184379709261677
-0.0955815447851857 0.0774993114147721 0.129639011757863 -0.188033851716577
-0.116363870326305 -0.002392456741751 0.200221271451898 -0.132642933282304
-0.0798142379252972 -0.0722734116874718 0.232433182485015 -0.0185198302449548
0.0595244683050914 -0.0963848083104589 0.189366455798029 0.130686434524313
0.124536146217011 0.0211120999067319 0.0867449380654723 0.209155112275926
0.0875344933654652 0.13639317780015 0.0396987467685776 0.280168581264859
0.14243784669679 0.186117245971552 0.142910943856117 0.0768670208510878
0.214160126295267 0.0140531481273164 0.143219166506002 -0.0158236856710719
0.11369119958291 -0.147434054291707 0.0683769166672449 -0.128344843725108
-0.10655284460521 -0.140270431259247 -0.114680721374 -0.090321115145846
-0.166900258969616 -0.0135988998292335 -0.108428713245637 0.0693312528716957
-0.145239708144061 0.0850244183119339 -0.00588303863368736 0.086058626351876
-0.0731651010641542 0.153102465260139 0.0420887650130882 0.00364965604669518
-0.0418222812541105 0.167462695555424 0.0440023651166423 -0.0799929562453561
-0.0541317659580315 0.159971061746847 0.0494151069089763 -0.135007538239351
-0.138272601267105 0.104589179142342 0.0998838257355118 -0.168122253772489
-0.167222258644015 -0.00604535043715696 0.182268489356103 -0.139796198253869
-0.122893816592833 -0.111969122121672 0.233323798952939 -0.0241163755148637
0.0842679600336724 -0.157736366653662 0.171324464143694 0.126691066684097
0.206484222496253 0.014830979039118 0.043546234101323 0.17846584427687
0.161231450041861 0.196100876297051 0.0158725246375581 0.202837091968555
0.149838262791226 0.219415503159557 0.115819074670994 0.00931872624203242
0.237683212648551 0.0317095631363632 0.143396538380272 -0.0706600519753037
0.138504816908624 -0.152926700711606 0.0326372393803166 -0.189458654141047
-0.100098253702785 -0.16393677601773 -0.174705488673223 -0.103185149797889
-0.185611064849882 -0.0329876146604541 -0.157738973848128 0.0865296223961423
-0.174247824733853 0.0824041108024657 -0.0493114877690263 0.128361579169152
-0.0930557935223597 0.170072013936565 0.010847578922784 0.0665895399698064
-0.0532830536292642 0.187906207793565 0.0252944337332309 -0.0118727119658732
-0.063168191200672 0.181232652411794 0.026172834673428 -0.0756601178394721
-0.158689747384731 0.124623338185793 0.0695259554859116 -0.136767512632618
-0.198060458470174 -0.000643235958108558 0.161780710538384 -0.130244436083971
-0.160098782897095 -0.13487927718911 0.218031939680417 -0.00913915424830394
0.0916892121979564 -0.209824772794972 0.123806587585607 0.124554573585483
0.262631790369096 -0.0040851269409091 -0.0154499560727325 0.132325919375882
0.215429616754619 0.221723901994598 -0.0229307407775188 0.110943355201536
0.139404674615561 0.222147462228313 0.0877845583557182 -0.0826945653419637
0.229546335469858 0.0474066334993933 0.105437146355846 -0.144609523342447
0.146415205853183 -0.134265170189149 -0.0275369665429506 -0.216994145964349
-0.076193589782375 -0.163712603738566 -0.21436429550167 -0.0937320818990164
-0.175713423988308 -0.0493919749465053 -0.192365458047661 0.0960410708239241
-0.176742194967285 0.065546119466946 -0.0946545595119559 0.159575687375704
-0.0991469066584495 0.15936422445941 -0.0252997085466512 0.12853037559762
-0.0565489814470085 0.179913744467019 0.00421045410423532 0.0591123469724376
-0.0632309174286024 0.177564977244382 0.0043194834712997 -0.0135801610557734
-0.159154690355717 0.128085019701947 0.043085829296415 -0.0940305364599484
-0.206955141333313 0.00309713579499465 0.134886521139492 -0.0993259150854809
-0.176477526540977 -0.147479578209356 0.175363432497086 0.0175122062646544
0.0956304810711539 -0.235822177080215 0.0549275102370465 0.106207975236568
0.285182769379742 -0.0181573952096529 -0.0637425112579872 0.0739898690618659
0.236748675411096 0.215266721800546 -0.0692074316904585 0.022194450524939
0.117584560149195 0.188881734609326 0.0504020999793456 -0.180857754207959
0.192836482224861 0.0480781317275788 0.039639876217256 -0.203593534581191
0.130715674532986 -0.104056636905594 -0.0821041693161306 -0.210916571051229
-0.0478345782533481 -0.139634223348105 -0.227523896550925 -0.0772966087269328
-0.141230163120655 -0.0552580719074721 -0.212474638171554 0.094621147697827
-0.149655674383598 0.0408587862016103 -0.135303317176986 0.179201404955704
-0.087240542668486 0.125356306266575 -0.059001651296795 0.181229319621875
-0.0522668733720497 0.145154953670476 -0.0155293065867963 0.120969991999322
-0.05607531600033 0.147296805153361 -0.0143615271100417 0.0429110244630197
-0.140839458377043 0.110832534385764 0.0181215582512058 -0.0438750718988099
-0.187671694351725 -0.00315237717644882 0.0949597060081184 -0.0578765750513766
-0.155027406694565 -0.147680851330232 0.11191513579897 0.0322426282233915
0.101244218048818 -0.218592994536421 -0.00292195004157183 0.0649086673701349
0.263408592860844 -0.016510639118967 -0.0813084414325381 0.0231997341112566
0.213534340778452 0.178898687310408 -0.115197480507999 -0.0502159516362078
0.083673269895889 0.125153536041305 0.00780365680899228 -0.262139333228312
0.129133521291024 0.0355695256368666 -0.0276246542499869 -0.23312627923365
0.0923865565104206 -0.0664673116280229 -0.121725678186339 -0.188771580614244
-0.0197086384915184 -0.0941720390040027 -0.228535517609007 -0.0602002802672606
-0.0867127353914818 -0.0472081019850503 -0.222227270796878 0.0908729349461316
-0.0980497109716033 0.0125976178671605 -0.161589252392375 0.19141148551467
-0.0604755193274159 0.0737456420300833 -0.0828904232363912 0.216920234424796
-0.0396518883656331 0.0884535614124044 -0.0319207942515142 0.164294586828323
-0.0416568900545914 0.0936153192883451 -0.0305058015131005 0.0859559718329201
-0.102871837372056 0.0712759113428395 -0.00690283362220714 -0.000209699563379118
-0.132397974702768 -0.0159727802452262 0.0468314630863417 -0.0268301704505301
-0.095724045315177 -0.119440107072282 0.0563992783988738 0.0241134949112259
0.0912284763199435 -0.150049713386389 -0.0276917959727341 0.0219479933397298
0.188503097903878 -0.00442840447007764 -0.0764148480279724 -0.000524791489324966
0.145667142757592 0.113479866296393 -0.150963136621375 -0.0989419638440273
-0.0441905433430142 -0.0265768850865676 0.191618524044985 0.110602137308378
-0.0626142437693482 0.0185451107522586 0.105581331442109 -0.0304523664930001
-0.0309789677517454 0.0464269971955888 0.0198394629348729 -0.0212894774117583
0.0260612694846691 0.0509811599601724 -0.0280939817616828 -0.017561811384619
0.0487543975485679 0.0121893960826992 -0.013005700510317 0.041465648432466
0.0341970319762065 -0.017368986805784 0.0525555414150416 -0.00378482282978527
0.0158431735227076 -0.0266046078421756 0.0553957391355651 -0.106995988847612
0.0155477723471025 -0.0162090164984943 0.0505398808904378 -0.183128153189546
0.0297856792504661 -0.00633509834931058 0.0757124923920722 -0.230336539161231
0.0430927393287791 0.0126111149173489 0.151724788982112 -0.205860097151218
0.0295420840031824 0.0371639355502395 0.213479377420619 -0.121320111495779
-0.00161480464279661 0.054969007766258 0.222445025301971 0.0123480996183134
-0.0488496923484474 0.0307516503266238 0.178730433507183 0.153530489295683
-0.0810867022276599 -0.0186975889925853 0.0952014719838572 0.235538134194693
-0.0575032481268807 -0.0540607160523214 0.0367572599993255 0.342103138518083
0.0464781365634931 0.055068306223445 0.199152573988384 0.122244632097474
0.05510714095959 0.00501863096832641 0.11706780969507 -0.0221129620191048
0.020868324226427 -0.0409866323925092 0.0374892864314451 -0.0356934021526824
-0.0405784722211193 -0.0211697189111448 -0.0342468509660211 -0.0263680838695455
-0.0396118882150175 0.0151773669520005 -0.0183816426097249 0.0444957701787072
-0.0294636893847905 0.0348162420893171 0.0521630298061452 0.00667088074713502
-0.00881454134883045 0.0483409150037445 0.0624936676134057 -0.0940332369846394
-0.000459060505096936 0.0590167568070737 0.054400830884075 -0.174005406063273
-0.00109042829204928 0.061565651735668 0.0739385935602424 -0.221915003234053
-0.030420436783113 0.0483877016225715 0.144012777415634 -0.207638067627236
-0.0487230351083257 0.0173242003522867 0.210677616551144 -0.132123330171443
-0.0408328815961465 -0.0127806738753022 0.226937231547867 -0.00899672377462
0.0102587917268426 -0.0339479796157715 0.192975882044551 0.135770823290486
0.0252238174132358 0.00766123685375008 0.108992438662426 0.22558826732865
0.0151048928109558 0.0492948329301799 0.0528548591873795 0.330261477510295
0.116184647668719 0.128446943486308 0.179688587136062 0.109973792222705
0.15538923779334 -1.43560467686733E-05 0.12828142209937 -0.0107787900391717
0.0712911393256952 -0.113225535074276 0.0605695587945517 -0.0735539224788465
-0.0900065784183046 -0.0891106564705998 -0.0640952335860245 -0.0551496893572385
-0.117749660770655 0.00864110383121462 -0.0534055099999962 0.0546497428713728
-0.0923801015340535 0.0747515663872005 0.0340371631955253 0.0400050194298015
-0.0373302470620126 0.114091285941594 0.059169515522415 -0.0560295823430405
-0.0174390496071561 0.125525235432902 0.0503776027209936 -0.140283964580201
-0.0267367182867619 0.121284395349979 0.060754203912476 -0.191179436639024
-0.0927210887049542 0.0839867719184863 0.121069579300433 -0.197958620895451
-0.118458696132201 0.00518915580930341 0.19630307644027 -0.145483333432449
-0.0845595766194152 -0.068984304189877 0.231618845828823 -0.029079939872646
0.0548706177966589 -0.102070709582287 0.196857390283822 0.124195487267283
0.127753761913448 0.0157785229499039 0.0936510967711269 0.20577548918406
0.0962862709765713 0.135943211927172 0.0481103714518276 0.281130954221688
0.152455003965116 0.183572086551493 0.147835790352342 0.0722166207702429
0.217129723117451 0.00630586209051238 0.143867912887356 -0.022151229603779
0.109754917224895 -0.154545673212481 0.0631928898616944 -0.135874294048283
-0.11333430334637 -0.137171556454772 -0.118628932882494 -0.0868497643396037
-0.16985479145627 -0.00532833379770297 -0.105748994192978 0.0737651450222422
-0.143091085819876 0.0950722806054368 0.00065751500079247 0.0868199825145619
-0.0649223434121678 0.159073102617687 0.0433205505384871 -1.12573862563763E-05
-0.0320922402713585 0.172238627266945 0.0390503440942117 -0.0840287370712644
-0.0445620324349524 0.164988060645419 0.0418826277130218 -0.141254998306999
-0.1349382005783 0.114233319636774 0.0912125943587176 -0.175124454608815
-0.170840194090239 0.00394103806681556 0.177322800660519 -0.151887411608211
-0.130695853667058 -0.107397698148707 0.231958752939393 -0.0355882620009958
0.077891586125709 -0.166131798766519 0.177897731685877 0.122558627325471
0.211293173328698 0.00629541931655775 0.049083251581697 0.177907978795508
0.172102964764312 0.194378296308627 0.0217049227152889 0.202798356520973
0.16050963675092 0.216755966778338 0.117411076190158 0.0054606720252462
0.24261462638358 0.0224652804435939 0.141261134332989 -0.0770970524079097
0.134844151770664 -0.161767656139537 0.0251231776505706 -0.195750655954222
-0.108878602184044 -0.161633502028023 -0.180011859227047 -0.0969535350570938
-0.190231594785482 -0.0235785950594159 -0.155263169257508 0.0938444391165571
-0.173353797380937 0.094541988714249 -0.0414950985402507 0.131460657350226
-0.0836682030711992 0.177910789000771 0.0163619479665373 0.0657484074393032
-0.042488021936315 0.19392068123023 0.0243758085968458 -0.0134720996402278
-0.0533644285717747 0.18701679977276 0.022078543235025 -0.0793080874809888
-0.154267537945278 0.134854007030957 0.0628508312753878 -0.141199359886387
-0.202001212249084 0.0104550680916967 0.15733723844396 -0.141333384481139
-0.168647687899425 -0.128822828378275 0.216955865617566 -0.0199412510649918
0.0838492517966431 -0.218190813240708 0.128703483537202 0.12190555073864
0.266207860232856 -0.0144894369430201 -0.0125514020146451 0.134290024145058
0.227215538721787 0.217808166370594 -0.020992928723544 0.111427038331444
0.149968573702891 0.219749151288926 0.0849859083218263 -0.0860321132016003
0.235707822461647 0.0383423947544974 0.100543883470579 -0.149951270843785
0.143131680442583 -0.144420053747675 -0.036273234195379 -0.220291998210892
-0.0855208211442432 -0.162677665370828 -0.219959441841141 -0.0861621114840272
-0.181053514336443 -0.0405110888117948 -0.190570108955502 0.104566212373637
-0.176476219640945 0.0776248047893069 -0.0869469502027923 0.165987092319661
-0.0905404606594724 0.167911319658804 -0.0171844205003516 0.130308482945133
-0.0467537076052967 0.18625566407195 0.00748613757776489 0.0599126234986525
-0.0538436392002236 0.182939209711527 0.00353728102264268 -0.0148185495282925
-0.155145346961153 0.138592982306075 0.0378232747523548 -0.0959821495915484
-0.211001452403581 0.0140306890562456 0.131237801760964 -0.107271848922046
-0.184764319463944 -0.140466731714168 0.175112131368514 0.00938477760639668
0.0864199151809141 -0.244122629485585 0.0592606879732655 0.107080532940959
0.287317008229348 -0.0298006085555309 -0.063352313065805 0.0777270673111507
0.247561699016321 0.209996956586365 -0.071283318558828 0.0245210008682692
0.126749706902558 0.187183075759292 0.0442778940961773 -0.184018605992446
0.197984098086541 0.0407848981411485 0.0315346593489571 -0.206624668000869
0.128058326278469 -0.112902705093779 -0.0917939822889218 -0.211605963956293
-0.0560532391315276 -0.139600099409266 -0.232958433516954 -0.0689161968887762
-0.146504060671217 -0.0466546735450158 -0.211540672850929 0.104728538211761
-0.150271972229638 0.0514261585594335 -0.126825878559167 0.188489988047537
-0.0807754594176697 0.13295147557521 -0.0485795251963547 0.185681389206414
-0.0441161845148972 0.150663030847437 -0.00915213026822409 0.124108206652831
-0.0487248647688452 0.151873038541038 -0.0125149717931447 0.044092932172143
-0.137845327113681 0.119725208333395 0.014684240520837 -0.0443906756132067
-0.190968266061751 0.00542897303479036 0.0919969682560722 -0.0640901567119255
-0.162286858803056 -0.140977704210233 0.112222490608154 0.0260399269610367
0.0919948319117767 -0.225730346813168 -0.00172904650977179 0.068698354390007
0.265215636814849 -0.0272219226125997 -0.082404418215227 0.0284431783044569
0.222422302802164 0.173968408700594 -0.120348133712044 -0.0460548964623612
0.0894251741852096 0.124057578860927 -0.00210147291900578 -0.265003552732709
0.132917926117957 0.0306481676061853 -0.037223687586218 -0.233579820371925
0.0903773399938619 -0.0719244749963219 -0.131080818058165 -0.187960846537157
-0.0254157563721976 -0.0942250185150634 -0.232363803464847 -0.0515828971220276
-0.0910203706840658 -0.0421337377110077 -0.222009281116973 0.102275745794587
-0.0998345372131231 0.0190919116093594 -0.153325055509356 0.202381783183301
-0.0571092185298094 0.07793686120277 -0.0710476058697945 0.222255905723256
-0.034658638138364 0.0921381517247036 -0.0228969890941723 0.168212859431273
-0.0373078327466983 0.0973157865265409 -0.0265115289595142 0.0889823037434684
-0.100651572249239 0.077304561971608 -0.00903702342996528 0.00183102323776514
-0.135024638490721 -0.00979318098278851 0.0451748842388206 -0.0305891319231024
-0.100912104108849 -0.115359504064651 0.0563880599787047 0.0207550779008283
0.0846989265360111 -0.155420072599715 -0.0278561486138406 0.0278345985294053
0.188064032827566 -0.0124116944653835 -0.0779356835723866 0.0049004209003344
0.15069281544155 0.109005804522494 -0.158573122950167 -0.0934122570583123
-0.0441633365956201 -0.0232816724889302 0.194563415725799 0.100754003671654
-0.0603023327697034 0.021223880475476 0.102884146110721 -0.0362306148061759
-0.0285313605565586 0.045923853247974 0.0181439604358652 -0.0250053356225496
0.0277366723214772 0.0481865363074739 -0.0296672108839804 -0.0173929710863097
0.0491681211346374 0.00917747011060633 -0.0085209418455888 0.0414377566163911
0.0338596641273495 -0.0196793000135859 0.0532542411954064 -0.00763195513200957
0.0146649256672242 -0.0275614022977613 0.0477392026505375 -0.107407588551701
0.0146512802874555 -0.0170679778756634 0.0389872977364461 -0.183017303159716
0.0291375919661882 -0.00845243268527218 0.06185923474244 -0.231771238563141
0.0433191855064588 0.00867031231144493 0.139242367802559 -0.211600894138573
0.0307955408915217 0.0349146098457744 0.205393584985636 -0.130183429768793
0.0013668050907614 0.0539122953764481 0.219578042014843 0.00338035419638573
-0.0475717325926967 0.0324042327717131 0.183774255758048 0.14391059017856
-0.0814403618472089 -0.0141822482240215 0.101774464101745 0.227856211590725
-0.057240399926435 -0.051475198025567 0.0481731300228764 0.335729202107709
0.0484811924601913 0.0532512143600316 0.201955833562689 0.111879169344948
0.0551717096492298 0.00303217138261762 0.114256223997464 -0.0282889606231271
0.0182336093323002 -0.0420491095894678 0.0351835829331846 -0.0402527989625836
-0.0406843991784043 -0.0194395270051737 -0.0355684812010827 -0.0255587027825032
-0.0381786083269234 0.0162458028450813 -0.0141960373470799 0.0440273670354073
-0.0268248382660373 0.036583170898277 0.054548537347113 0.00274048446807336
-0.00572477196008759 0.0489056764577495 0.056847872160386 -0.0966090164997205
0.0032559819330172 0.0585710344466749 0.043259857318362 -0.175090038999532
0.0029436553515715 0.060070862438334 0.059544883734504 -0.224330205240819
-0.0274668394529601 0.0493784923809793 0.130914688572358 -0.212091708785516
-0.0478781384807175 0.0202864672796113 0.200997468056888 -0.142014809075468
-0.0403487376818179 -0.0106498322344961 0.221951658260619 -0.0179054302529226
0.00872246350364662 -0.035114118538221 0.197291169947433 0.125916384997247
0.0256841343461057 0.00641198930419509 0.114012859971567 0.216298057851284
0.018796823565444 0.0483133702152214 0.0635918699213661 0.32330407439168
0.120384232496767 0.122266948472963 0.181397368816176 0.101168755064946
0.153318463367069 -0.00623332864356799 0.125787012224118 -0.0156071063874607
0.0660112634887622 -0.115339336739222 0.0563975491472823 -0.0791222158420968
-0.0922171615989945 -0.0843317732498273 -0.0658482336110754 -0.0529361826678824
-0.116410161939643 0.0136492354388119 -0.0488744361982049 0.0558297802006879
-0.0875196402589389 0.0794300944938399 0.0378588114645977 0.0362306014038307
-0.0304165715155247 0.115149786179272 0.0560914320778244 -0.0602117409604458
-0.00898467262226275 0.125000064674044 0.0415127835814292 -0.141262686465837
-0.0190651569296202 0.120766400385196 0.0485724501413049 -0.193340444921779
-0.0865590169985374 0.0881727002900909 0.108739959807322 -0.201763356416102
-0.117577798809666 0.0124524136121959 0.186944991400294 -0.154487259126413
-0.0871533095968509 -0.0640167449881639 0.225038405789003 -0.0384725742739647
0.0489453709609885 -0.105127819542867 0.199448351822933 0.114513390507919
0.127634630084265 0.0100564868566933 0.0979599159543446 0.198959772342869
0.102989076354263 0.131744184962331 0.0565343086590012 0.275212840169497
0.158365873528446 0.176083833440281 0.148240390136101 0.0666970827105268
0.215031703966436 -0.00228312743135088 0.140726413692444 -0.0283709352026234
0.10258514726156 -0.157996507878626 0.0564343171763544 -0.140018068188448
-0.118108774925874 -0.131216622543649 -0.121440159133922 -0.081042481234969
-0.168665379678384 0.00292468717212786 -0.101100692994499 0.0761712378448806
-0.1370773806943 0.10251108617361 0.00602380129551157 0.0835313517014989
-0.0540536327154624 0.16092328234184 0.0435686925422351 -0.00358587935222303
-0.0212331206179794 0.172592556210264 0.0336054574826687 -0.0854894567387718
-0.0336367526348468 0.16470657222301 0.0327061417372748 -0.142829714059566
-0.127265551360524 0.121561221462344 0.0802029429179607 -0.177855242877373
-0.169641318622793 0.013820540445079 0.167457881401442 -0.159807703705394
-0.134581254202061 -0.0993448451578994 0.224342568602593 -0.0453387783735432
0.0696982024648598 -0.170174213557345 0.179934599299434 0.113863961306205
0.210116527667572 -0.00243766834511885 0.0523660853278568 0.173468855537443
0.179852129020855 0.186048091770177 0.0270563479949654 0.199497588026329
0.168879839403907 0.208457201046398 0.115879570918572 0.00169409843901238
0.241555519865836 0.0128745865248949 0.136954485162205 -0.0806600881895949
0.127641874751234 -0.166783618694762 0.0157638443274796 -0.197544016337239
-0.11514220388527 -0.155349981468414 -0.181421503771446 -0.0890659282371723
-0.189774105731242 -0.0127867706437837 -0.148795117033787 0.0989291758755335
-0.166379356742034 0.104093487223887 -0.0333114975160324 0.13024882915654
-0.0723959902526374 0.180604411464989 0.0199465379868169 0.0625258063294235
-0.0298545750218709 0.194008756871005 0.0230602365672392 -0.0146219850068899
-0.0411148544043073 0.187243986852781 0.0165121471601598 -0.0801735565928306
-0.146416671145719 0.14287046323923 0.0537749581947496 -0.141669726982638
-0.200816939393054 0.0218950451750929 0.148218875689736 -0.148369259258067
-0.172887313065153 -0.119236648784812 0.209927554276677 -0.0288085103665898
0.0734595253362414 -0.221237708805885 0.131531825619582 0.116399241492628
0.264294365197137 -0.0255674852909609 -0.00901964133753118 0.133006441108491
0.234171905488938 0.208065395032618 -0.0189203963147658 0.110322134064623
0.158121760279909 0.212103764885318 0.080211348851075 -0.087713685306844
0.235389106615089 0.0280610695952371 0.0930146280881444 -0.151038895095692
0.136143486726376 -0.150466083881819 -0.0457438722349928 -0.219314665028567
-0.0927701610320623 -0.157375779710469 -0.219656423092906 -0.0762413154646862
-0.181864068462372 -0.0295526248515411 -0.18354407845459 0.111090177012529
-0.170743330203506 0.087850958583404 -0.0765354852827016 0.167047005208528
-0.0795187810690442 0.171029292134024 -0.00883019081577318 0.128268297226294
-0.0346060333451838 0.187196032800789 0.0109836458083989 0.058764196306177
-0.0428318450090347 0.183204230066591 0.0020399713362509 -0.0149667910655976
-0.146987542082995 0.145916591846066 0.0313880095358295 -0.0956214654766293
-0.209603434871131 0.0250481914482127 0.123141291410644 -0.114231831660545
-0.188003949066218 -0.129811314822165 0.170007778441211 0.00066251911437571
0.0752008707842501 -0.245947734555607 0.0618296773234199 0.104909985589462
0.283350577009061 -0.0403941389640428 -0.0608626143045585 0.0798386556655614
0.253967637953151 0.198841647955546 -0.0718978575049272 0.0263495678948589
0.133291904270452 0.181417911392508 0.0369453374951626 -0.182734417372895
0.197717547157443 0.0318437302952925 0.0225107690222479 -0.20447672119756
0.121441418374408 -0.118364375710509 -0.100024735221818 -0.207317607682409
-0.0630934805906632 -0.135029309539294 -0.232267781714468 -0.0585158316134677
-0.147062747351531 -0.03713537154729 -0.204762921923194 0.112488802937736
-0.146158102371851 0.0607664441063719 -0.115448035605749 0.191977449931477
-0.0717860686162996 0.135438996778321 -0.0364429641743753 0.184644410843808
-0.0342658345834946 0.151878569174137 -0.00217842266671559 0.123185478774728
-0.0403190903155007 0.152414123698834 -0.0106900019308928 0.0443327886523999
-0.131085760946254 0.125559133585242 0.0113142437118928 -0.042928946861897
-0.189609522527312 0.0148548102500261 0.0866477320013064 -0.0690780222038528
-0.16508083042769 -0.131752339071102 0.109440323335386 0.0199151401592585
0.0814987674476494 -0.226893028277666 0.000953224647140769 0.0704648584710962
0.260263634489119 -0.0377708841950789 -0.0810356099540516 0.0327291539179517
0.227226543225186 0.164007572752522 -0.122639393834274 -0.0404624757116569
0.0937199664942629 0.119870635937236 -0.0123733667326114 -0.260508960603611
0.132875587589162 0.0251852285342074 -0.0464450692544949 -0.22904134315008
0.0858700797440087 -0.0761391326300318 -0.136567379606205 -0.181041072947702
-0.0301103406731045 -0.0916387113894839 -0.230739811146597 -0.0415551165249105
-0.0918468481262259 -0.035156699369375 -0.214741448267463 0.111769025418185
-0.0981726744838035 0.0258518114248177 -0.140907408151519 0.208475553894344
-0.0519316865023731 0.0795330992589655 -0.0569701911147949 0.223160609797249
-0.0287225702888207 0.0935644171936299 -0.0129676845773681 0.167634696930654
-0.032109635417355 0.0973646101711351 -0.0223298258995905 0.0896931083361761
-0.096919170424449 0.0817467492558527 -0.0094832656829555 0.00326658584104721
-0.134973814087639 -0.00392423441910707 0.0416706437785195 -0.0329866651409571
-0.103967065521244 -0.108353858965514 0.0545871385730442 0.0177787825810662
0.076464387787108 -0.157187463712181 -0.0264507556359935 0.0322448099149367
0.184855255945385 -0.0193787238490287 -0.0771851991247705 0.0099544259104051
0.152678641599438 0.102641713008656 -0.162992365257016 -0.0847368183541712
-0.0423802668379273 -0.0208971160611161 0.192101437013239 0.0927345051402397
-0.0564463021929311 0.022437237324241 0.0990001692531456 -0.0386981501136949
-0.0274327155235628 0.0447347610744724 0.0165629690882293 -0.0275837119475428
0.0281851949268168 0.0457338905380586 -0.0309300485384055 -0.0173871168408198
0.0486171843713138 0.00695331902797553 -0.00519750015774222 0.0400457665757982
0.0327471931861515 -0.0205282128991706 0.0534513909341862 -0.0107523029378264
0.0131820623869756 -0.0268121162822375 0.0426257126324197 -0.10628756053216
0.0144878980913246 -0.016708990054918 0.0306885147658367 -0.179895102875481
0.0287680407674469 -0.0097123005446042 0.050798722795622 -0.227988496632073
0.0426784096810782 0.00614451986624573 0.12797472144192 -0.211363949348441
0.0312995780673706 0.0336954348674276 0.195531125792944 -0.133610141461747
0.00285841799595197 0.0522528908518658 0.213058699703359 -0.000978622430143269
-0.0460473894847656 0.0322159755306385 0.183344434691029 0.135246590929828
-0.0798970340651781 -0.0104877316272462 0.101089224888328 0.218744263661599
-0.0551569865638904 -0.0493376171096968 0.0524186527657793 0.325950406764052
0.0494045055278377 0.0509416586076812 0.198935920894912 0.104468326015753
0.0543346388102899 0.00248628455161315 0.109846632886849 -0.0307652290321872
0.017102922202754 -0.0414346199025283 0.0320465415903266 -0.0428082269194773
-0.0399940914953231 -0.0183186071748568 -0.0361361792801161 -0.0253171914008147
-0.0371684881447359 0.0166410403224444 -0.0108283055686601 0.0423685438261245
-0.0243542000903952 0.0364033721688702 0.0546322750573959 -0.001058393115814
-0.00373878756433704 0.0470712026031039 0.051178288946689 -0.0967720466099306
0.00617285299616465 0.0565411107135158 0.0346949193182245 -0.172007525979775
0.00575712002269433 0.0580285889359297 0.0495887006250788 -0.221493499779296
-0.0247730899764382 0.0487861188295834 0.120075565746567 -0.21176177108424
-0.0458686864411893 0.0217365053440406 0.191269265681739 -0.145111707804993
-0.0395101294698833 -0.00890023380475016 0.213840599593284 -0.0222215693169785
0.00657908478148436 -0.0346848603518293 0.195028316491642 0.117758066048049
0.0262284905029251 0.00645700982029203 0.112855474450159 0.207652238189769
0.0217425148403837 0.0472618260375961 0.0673344939218929 0.313893836428676
0.120763411987583 0.116552796005113 0.178143083003864 0.0954039141507258
0.149191806712313 -0.00911688492675621 0.121903043004956 -0.0180113472527748
0.0620203295670149 -0.113687061669533 0.0520035244401256 -0.0816445967742161
-0.0921947279336374 -0.0802568825406401 -0.0661054501638953 -0.0506426740675788
-0.112714699760175 0.0163768985719318 -0.0453614695247386 0.0545972560647038
-0.0821624777226705 0.0812397664148763 0.0396308341457816 0.0320830393261529
-0.0250834414896886 0.112911064308528 0.0520463845249105 -0.0616143246358785
-0.00336360983538796 0.122086215058612 0.0340838549514721 -0.139211969379753
-0.0131837191758133 0.117261032399172 0.0387575370927678 -0.190786408092823
-0.0823432242869479 0.0892567239118785 0.0997691986051093 -0.200382572225346
-0.114407209917721 0.0169774176492893 0.176408927990846 -0.15782420021263
-0.087167855483224 -0.0592428593845967 0.215689457270599 -0.042258642330625
0.0439489657194844 -0.104745372812188 0.196156822377359 0.10659770605877
0.125611662557929 0.00754880114279403 0.0966488547452027 0.191419668876412
0.105709540271009 0.127060844452709 0.0596163206744946 0.266492136997278
0.159255192310298 0.168276019328607 0.145505341956405 0.0625864813529498
0.209804320683027 -0.00624844789337541 0.136213136340727 -0.0293609655472439
0.0968074189449638 -0.15635803146141 0.0503311207941591 -0.140927516361511
-0.118052527412624 -0.124999776360013 -0.119914178870984 -0.0764197720640577
-0.163674981870452 0.00777537555692337 -0.0956512958217084 0.0761408619659762
-0.129532724554372 0.105379716973884 0.0111681868012424 0.0797926472763556
-0.0465099394632595 0.158506815730385 0.0422139844340601 -0.00718814151594813
-0.0127250404894294 0.168610994278852 0.0289271269985705 -0.0848822081041117
-0.0262385424829042 0.161204411097593 0.0258928663592063 -0.140762952933968
-0.119894523796367 0.123667076439238 0.0722460068638222 -0.174548523067761
-0.165807871180429 0.0200053671804106 0.158064769318123 -0.163270164098666
-0.133370352830289 -0.0918966726923349 0.214436153972426 -0.0486141866624684
0.0625211883508888 -0.16878985926223 0.176445561042265 0.106675698099327
0.206642987165924 -0.00813644400834159 0.0522759515103766 0.167578371520694
0.18101572694277 0.179926966455322 0.0286011873649028 0.192632845127584
0.169852318239488 0.200164971001634 0.112372708307591 0.000165476445493561
0.236380167836163 0.00758383947840603 0.131290708612835 -0.0809339669691702
0.121208813839125 -0.166173724138587 0.0101001143330634 -0.194931437901203
-0.116768865051929 -0.149031453485833 -0.178446553294878 -0.0824349877506565
-0.185195373975306 -0.00590404200557686 -0.141812461992148 0.0988483844223005
-0.158328153857257 0.108927798171322 -0.0270349117144206 0.126641544826316
-0.0634207224036591 0.178299343527402 0.0220407268957529 0.0581320617767868
-0.0205036368082691 0.190343456102401 0.0209442476015042 -0.0151814743354957
-0.032447324082338 0.183205832492433 0.012732632136522 -0.0795524773950374
-0.138581525624626 0.144864096286115 0.0471568893259849 -0.138852154529507
-0.196605394846519 0.0288906626719348 0.13863831445399 -0.150809549373447
-0.171193711224716 -0.110862105910542 0.200285079247855 -0.0324153705536248
0.0655470213100881 -0.219267798974149 0.12885150552973 0.111281274824132
0.258676586951224 -0.0302984019885894 -0.0086541602615728 0.129766663714074
0.234865424092006 0.199804406426689 -0.0180924569820117 0.107406042547824
0.159776131840102 0.204310502553379 0.0762415511218417 -0.0858700977611351
0.230628894076198 0.0222312509370947 0.0871846075580431 -0.147700188460921
0.129524609358578 -0.150858451736418 -0.050107315050922 -0.214349074373653
-0.0953364569519402 -0.150561352009687 -0.215707726445122 -0.0698616678368424
-0.177366778241105 -0.0214876854151514 -0.176236958146385 0.112378758276751
-0.16311975988719 0.0941332902029459 -0.0683736738900984 0.16436034015197
-0.0705658289688782 0.16892563042638 -0.00366986008728787 0.123185330656809
-0.0259874903032483 0.183937706291481 0.0123139035150174 0.0563840801056282
-0.0345413265273495 0.179785793763786 0.00105265485710835 -0.0146458421426681
-0.139302297918534 0.147933079777446 0.0271848070023228 -0.092942372222322
-0.204973626994402 0.0309836351971956 0.115109424126491 -0.115993433184264
-0.186262150535654 -0.121255611832943 0.161676351960789 -0.00318570765272408
0.067611217137292 -0.242348953556007 0.0614825419773039 0.102543649266557
0.275578843772449 -0.0456669331901346 -0.0599523905318454 0.0803860732764333
0.252270983503731 0.190094730012873 -0.0711449269293283 0.0270353459279419
0.135027726678819 0.174405472110198 0.0322085710522817 -0.177867567207051
0.194516889326052 0.0255538447655393 0.0177031040930318 -0.198179203208941
0.115362726989989 -0.1193823176972 -0.102291174776676 -0.201474756920635
-0.0658307270285404 -0.129151545116682 -0.227367002576337 -0.052232022217168
-0.144782677400141 -0.0300218306190287 -0.196975536995414 0.114951953145121
-0.140782003286989 0.0664003238577716 -0.105015351207519 0.19074143233503
-0.064750556770446 0.134398925084067 -0.0291588920839753 0.179425053297963
-0.0268006664231628 0.149474178088721 0.00241634791528774 0.11953775829912
-0.0334626744875751 0.149312300941929 -0.00978202814500756 0.0438500789657131
-0.124080368266618 0.128006511555136 0.00878745472763866 -0.0411421237388738
-0.185039697347319 0.0202432216606596 0.0797143516048254 -0.0708543526779146
-0.163583371675775 -0.123075157182144 0.104068297260038 0.0165474803524268
0.0733864444954753 -0.22219633341015 0.00210586042834807 0.0708409666590115
0.252133406365897 -0.0415919437962813 -0.0799826630628186 0.0352966919707225
0.224821222217097 0.155282307567995 -0.122271371421494 -0.0359275767393882
0.0942442509289732 0.115685138301828 -0.0169902225026721 -0.253347231603308
0.130880827346131 0.0214787366007264 -0.0491965517948605 -0.220590440952256
0.0813914776955255 -0.0767838180255872 -0.138219366357964 -0.173957374868299
-0.0326985195079931 -0.0880654017681081 -0.225390884820601 -0.0359541911785894
-0.0900536466955899 -0.0300662693611937 -0.206512907407154 0.114509085793269
-0.0943691736545732 0.0307375554401141 -0.130529321381983 0.207365946287141
-0.0480221660415725 0.0796557205759882 -0.0477697306734405 0.218236352783431
-0.0239978967092582 0.0926111975526887 -0.00716129614420776 0.163582537251727
-0.0278880386348358 0.0958391834915307 -0.0188101377779428 0.0886066058023828
-0.0919897219044446 0.0829712870251092 -0.00988899409738569 0.00450893515037518
-0.131798099277101 0.000636558664503289 0.0381338148789578 -0.034089752763588
-0.102508321485011 -0.101603645264317 0.0514849858263022 0.0147090590982257
0.0691890541985201 -0.154534440340615 -0.024918606214367 0.0350752562231842
0.178514857304861 -0.0231086244752075 -0.0758020607477822 0.0135959615159638
0.150801080674402 0.096848104694191 -0.161799567282891 -0.0772322666291061
-0.0275224126086849 -0.0377498967461922 0.131053383717391 0.16906317794376
-0.0581875100499651 -0.00504395861884527 0.1063059753179 0.00948627656372262
-0.0437030824916224 0.0271557578222669 0.0299531423271515 -0.0178324714056082
0.00428475480956441 0.0513434774532093 -0.017703860994994 -0.0311058364556641
0.0394078866369292 0.0262265960567602 -0.0179675502997362 0.0310248040347237
0.0376135552703888 -0.00435996163653946 0.0541978276095671 0.0101596864421644
0.0227951626928085 -0.0178066737250541 0.0814163167800481 -0.0782357387068076
0.0204433881495925 -0.0096477491231706 0.0996009150470787 -0.148056558542833
0.0289361204357311 0.00131925175805838 0.136860102939984 -0.182054848727424
0.0347240977519068 0.0200264502916054 0.201053058836353 -0.136383832320729
0.0153957785587383 0.0389851529139425 0.226399943493033 -0.0367083809580909
-0.0157294513631672 0.0452470412923126 0.187112541475258 0.0895918343565046
-0.0511263150477954 0.0104062371313647 0.103111502676041 0.194552743462569
-0.0647614188798951 -0.0370940316228204 -0.00168482239004537 0.231087431572762
-0.0281358756075567 -0.0611743758279605 -0.0871844236173443 0.311469903284355
0.0224242647950097 0.0691966030512186 0.137861664132651 0.170816544658083
0.0466192376635231 0.0266317594672061 0.11238948489824 0.0160553680793914
0.0327312510832269 -0.0293449827293654 0.0448644028424342 -0.0288190428694761
-0.026614434499707 -0.0331492800044864 -0.0244549937632252 -0.0376074706295252
-0.0384552821680082 -0.00167011226560719 -0.025596022288261 0.0344795100418501
-0.0361195166654756 0.0218060493087717 0.0514036850058565 0.0228267815509072
-0.021866220261759 0.040544633246219 0.0863091157015505 -0.0651855136397563
-0.016355492411898 0.0536587229063941 0.100331981365887 -0.139754255476695
-0.0176980135309448 0.0527790549212494 0.130962482966146 -0.177235421456606
-0.0424246066335139 0.032376248299985 0.193579055845414 -0.140272144374661
-0.0502436183363401 -0.000921637615570693 0.227900673730684 -0.0503378673351665
-0.0308888748542402 -0.0266395587301655 0.196818497877004 0.0704785293915284
0.0226015160690797 -0.031378037961393 0.122691965803834 0.184048763180065
0.0251392853795473 0.0178483008200004 0.0130418457776782 0.2306166444949
0.00613329832340579 0.0557913276729352 -0.0752590574883774 0.308447004123569
0.0561878404450609 0.162092296908528 0.128936462168317 0.145489886270281
0.133478566106164 0.0592755272171846 0.117330046846862 0.0272187167033938
0.104297638973048 -0.0731820569628138 0.0748732856741007 -0.0582561036864085
-0.0444962119423032 -0.10908378556091 -0.0449040816849292 -0.070855476844064
-0.104688027237002 -0.0344393252689114 -0.0627690955763235 0.0347085427079835
-0.105953902672832 0.0374325282117845 0.0245935367625104 0.0489404248105001
-0.0675348237065101 0.0890070335104509 0.0728913773271318 -0.0329994750486099
-0.0503698779792788 0.107638230149795 0.0868607795320402 -0.110557844052855
-0.0576089266974966 0.0992599625601446 0.109202730762704 -0.15385595101721
-0.109380236556299 0.0474012546592406 0.168916178295921 -0.139227776437334
-0.110701409308728 -0.0310917877575588 0.220103254723046 -0.0680260204013576
-0.0536683948292601 -0.0895016909530852 0.206685359235013 0.0517622897738482
0.0841754957665912 -0.0817258869439468 0.130080180306711 0.175461507780981
0.115055676962195 0.0571152607311791 0.00658883046350194 0.214912856131737
0.0520506298821374 0.160879329824042 -0.0685380218185788 0.264177216847976
0.0664280760723746 0.226012570645829 0.117978104352606 0.0973603977499417
0.185297145096077 0.0881220090063722 0.135377095362549 0.0202631911950301
0.154713698571602 -0.0958802260657039 0.0965217363353239 -0.115014415766585
-0.0479422322556394 -0.15954483362815 -0.0855342122463338 -0.115937616104826
-0.145866968077632 -0.0636432320634794 -0.118097888989193 0.0351496709744151
-0.158075208329085 0.0396792459491992 -0.0217687271453143 0.0810828744154406
-0.105486756294319 0.120606919952209 0.0420769448581653 0.0122904429252409
-0.0783648906906178 0.146097077631101 0.0598727040382488 -0.0635738693359586
-0.0867078708350935 0.13313756632911 0.0762253516982637 -0.115285856553952
-0.157682437893381 0.0638939215830479 0.133784428202208 -0.128377006959771
-0.158582890374665 -0.0482909076362748 0.204482869761003 -0.0804166379067076
-0.0828109025978718 -0.137904295936676 0.208007085621715 0.0437730505817889
0.125740665330314 -0.132862382753684 0.113289867914601 0.167830326801527
0.192537685846349 0.0737845159039091 -0.0216413676459242 0.178979938791583
0.100343722206298 0.236872947593976 -0.0688715576513368 0.187747133228692
0.0613470945006477 0.259527911609545 0.117932054813196 0.0268730658247144
0.202486904227422 0.11288057961112 0.153412832391451 -0.0279575595615496
0.180055704968101 -0.0949404068391508 0.0831141268450291 -0.181730637003366
-0.0368883457772879 -0.179479202521681 -0.136979915438768 -0.145871142216225
-0.15835717726573 -0.0849304196843427 -0.171115515827494 0.0365986957231413
-0.184800932778224 0.0311121374326169 -0.0755529121591709 0.108209495050404
-0.127982324739617 0.130777482699109 -0.00247461811923896 0.062231548910199
-0.0941157414743183 0.162652441269382 0.0251070085496423 -0.00543220143542091
-0.101654046508721 0.150616012768703 0.0396212885975076 -0.0659533685808278
-0.182108012277311 0.0762728221890662 0.09627026466567 -0.106142964710393
-0.189639856926238 -0.0524506477906623 0.181243705724217 -0.07761833023533
-0.108475312810039 -0.169614238041364 0.188576003884473 0.0509098674648025
0.148560339614969 -0.176147379013955 0.0702572717823232 0.151679333363688
0.246040095477711 0.0740559058930923 -0.0584413640324954 0.123746857272294
0.139620053495814 0.273624256776484 -0.0772518698417243 0.0947705004010043
0.0506562300076497 0.258622092245921 0.123555476608993 -0.0645476553173461
0.192435568020028 0.122808606210754 0.143244909260688 -0.106204743062347
0.180562531888432 -0.0781737653363023 0.0383212430844247 -0.22488933692084
-0.0173776889147022 -0.171571813703068 -0.175816056180681 -0.151109378371368
-0.144590240454955 -0.0948084848994803 -0.207490421844253 0.0340384024181587
-0.182690418574607 0.016389720413007 -0.129096184826541 0.124462668828592
-0.130160509971923 0.119829080327733 -0.0523581487441767 0.110208915835389
-0.0957080593239147 0.155322456454781 -0.0117856162974845 0.0550848606143456
-0.102001670756783 0.146610900759004 0.00256253812684951 -0.0135600382525354
-0.183663104576832 0.078631997048106 0.0585852709180962 -0.072554590779783
-0.19685893470377 -0.0541463815559565 0.146122417835467 -0.0576870856586643
-0.116129282109424 -0.184088555220383 0.142017242864711 0.0604259583996396
0.157961117592703 -0.195182169345405 0.0140396334959048 0.116132739506073
0.265504281147998 0.066868840523785 -0.0822418003153482 0.0596916242318013
0.157286487559582 0.270645930689512 -0.0905353095918899 0.00196376829457762
0.0410423659922821 0.220941466384423 0.120340582101975 -0.162036803035319
0.159007947524407 0.109783924978289 0.102591369210976 -0.177627788293651
0.153929524514874 -0.0566455102366699 -0.0124150683939203 -0.233435194529561
-0.00116613077609139 -0.140033935208604 -0.191000101740975 -0.141289007749808
-0.111581484423382 -0.0866928842689801 -0.226858352881613 0.0257353471498451
-0.151059123869436 0.00158685364220994 -0.173972122693609 0.131892182048189
-0.111208325910039 0.0915303652914563 -0.0977743259269443 0.149807043409807
-0.0835473931828127 0.124270708869023 -0.0464680056339427 0.107505334189035
-0.0894254262360734 0.120753609628151 -0.0291422443503588 0.0348133130571223
-0.162335061138454 0.0658185009500398 0.021525397598201 -0.0337772926756874
-0.174372708822131 -0.0561487761609483 0.0973678296796422 -0.0316382004840244
-0.0940787028464021 -0.175213192793784 0.082495135352891 0.054053030917736
0.154628698686178 -0.173315792806661 -0.0241282145488609 0.0651644404983187
0.240742046137145 0.0613930047196923 -0.0820647218325144 0.0112662957692153
0.143948263479313 0.226729005990977 -0.107520114133385 -0.0756574120824984
0.0314726523666098 0.148531416997397 0.103604591715525 -0.244368580163083
0.105021082022211 0.0779684387324642 0.0511342513254067 -0.223228098491802
0.104607097900992 -0.0329085512685995 -0.0537526853248586 -0.221481477798161
0.0098551544272929 -0.0893659898092905 -0.193322224811755 -0.126575422038924
-0.0634509940909607 -0.0637779360248136 -0.235123582697895 0.0191401365905445
-0.0957281230836228 -0.0118215445577456 -0.202392595466868 0.134069057821684
-0.0748310412020088 0.0502164061797511 -0.131443881148686 0.175557615726206
-0.0587610546915409 0.0739453998808859 -0.0723107027057824 0.143087466414069
-0.0636838487508286 0.0749846670698656 -0.0550536437724816 0.071464550289896
-0.115541903420233 0.0387021032411041 -0.0129322263680772 -0.000548209011666463
-0.118629342158781 -0.0518422789119385 0.0453622921322264 -0.0167981497069354
-0.0496559130892685 -0.131452695694436 0.0385920584176447 0.0320760048220402
0.122045690444487 -0.113007698474105 -0.0335425063277976 0.0239098399669006
0.167730244076374 0.0488051488092767 -0.0719116318042751 -0.00879776620030125
0.0992932133082577 0.143987897833079 -0.12078238762177 -0.13051748909448
-0.0265742717814712 -0.0371644085241518 0.131140249784241 0.169223049888361
-0.0572961307646687 -0.0048905296241234 0.107948413711452 0.00950018693668961
-0.0439224839021236 0.0267092028134188 0.030549076091801 -0.0199862754374197
0.00401370132782706 0.051050649240803 -0.0196602728591592 -0.0330179274258276
0.0400867809434888 0.0255461706280769 -0.0163146753253005 0.0309176361583752
0.0381932192956001 -0.00494269090624221 0.0563489574687541 0.0080455364873805
0.0229477661497961 -0.0176960697807245 0.0805703297963676 -0.079298813138917
0.0207208965814724 -0.00959536013800715 0.0961830793459309 -0.149103815289548
0.0293992333839376 0.000368715231750513 0.133156327196412 -0.183359117754762
0.0349404355549065 0.0190429529403346 0.19936521867611 -0.138944698370714
0.0153553506659248 0.0395224436178749 0.225822313781422 -0.0384304886916662
-0.0151956191829554 0.0454852779037156 0.187352092735961 0.0898109045800494
-0.051322973729413 0.0111269906662032 0.103252946524828 0.193468361389582
-0.0644165673013176 -0.0362396974909118 -0.00499169046793464 0.230120955628978
-0.0263123905959779 -0.0616333348968934 -0.0890964930265353 0.310600493443735
0.0231598669429664 0.0698205251875675 0.13724717178019 0.171208571016801
0.0465068982410844 0.0266555080514044 0.113749024086576 0.0169125353547036
0.0330013523461882 -0.0289764590110665 0.0457455014433966 -0.032412657476133
-0.0266002656803692 -0.0330242448860562 -0.0255424994471486 -0.0394023871226129
-0.0384685400129637 -0.00207346634508689 -0.0247148102398768 0.0343596363006888
-0.0356070958973998 0.0222892378771674 0.0539914769435703 0.0207170278176458
-0.0212469913646932 0.0404935550288758 0.0855791133166183 -0.0666818469921913
-0.0151462081933472 0.0531742988548705 0.0982364374714492 -0.140931967088232
-0.0163809249178995 0.0521288573383043 0.127802850263899 -0.179228638427608
-0.0426728880508927 0.0324442261681408 0.191370811706712 -0.143227498734154
-0.0504855553038512 -2.66103801254791E-05 0.226716729682899 -0.0527317495646952
-0.0312416862547738 -0.0258861782068076 0.195422879742736 0.0708659489842617
0.0224035149312381 -0.0325915762303211 0.122683520314442 0.182917992971025
0.0256485612743322 0.0188037448305356 0.00990573641495423 0.229980870146152
0.00803449807210808 0.056879739189413 -0.0774262223569175 0.307330427243871
0.0566129767701145 0.161914785737965 0.127239684838259 0.145931952891499
0.132949471019329 0.0594444212771342 0.118379410364765 0.0282654598755894
0.104802363678433 -0.0730486239083971 0.075264625837939 -0.0614658324923877
-0.0442839788501325 -0.10868921786116 -0.0455114135246553 -0.072352740336507
-0.10522047218968 -0.0344762705433741 -0.0620869684887298 0.0343632631801185
-0.105533082560161 0.0392537259331135 0.0266587957416282 0.0469414180311533
-0.0661410963549306 0.0902902179546197 0.0722421714908932 -0.0353101184474318
-0.0482835229408481 0.108049496317375 0.0848415715641127 -0.111986179359537
-0.0559385800971695 0.09913561233591 0.10564611404777 -0.15624217578072
-0.109630659651732 0.0487993358853042 0.166883172538428 -0.140624192838441
-0.111694088891704 -0.0296222484349698 0.218399060190124 -0.0707567992874309
-0.0548134844424904 -0.0890246960279039 0.205088820216776 0.0518580263909703
0.0838859632768586 -0.0832408326601614 0.128311540111691 0.175107168759915
0.116456118784755 0.0568226059553208 0.00322044821158955 0.212925122821424
0.0541163178275686 0.161722443513158 -0.0703457522506129 0.263576672610958
0.0669268678709227 0.226270433726458 0.116749567032201 0.0986302616885549
0.185295367909927 0.0888343706061225 0.136204046123855 0.0216372594735313
0.155765124652824 -0.09542786367922 0.0962370537235023 -0.118271863692291
-0.0479420091276771 -0.159177309573806 -0.0859545038856381 -0.116440062075146
-0.145972652153165 -0.0627659748034134 -0.117552955082061 0.034530754554554
-0.157258291533993 0.0426026783784557 -0.0189470706644641 0.0799079973913423
-0.103672958082948 0.12181593025043 0.0425424296879 0.0102579904314484
-0.0752751234468063 0.146968261528243 0.0584127878219914 -0.0645263958416151
-0.0843241708016079 0.133395297411958 0.0735315408536997 -0.116493143424505
-0.157702486004302 0.0656913236576478 0.132705187823197 -0.129846941265576
-0.159569031237913 -0.0462923760180378 0.203276925009046 -0.0838845826543881
-0.0835948707375297 -0.137390682266809 0.205197207114619 0.0443418096165162
0.126315339188563 -0.13478033147978 0.112107219057922 0.167959585456293
0.194925960462133 0.0745943110513257 -0.0246273014858016 0.178647549733783
0.10248874217806 0.238938990628358 -0.0709802376217669 0.187231596742302
0.0626571202542475 0.26031715404559 0.117046751583327 0.0284309421463294
0.203361748222716 0.113091584987471 0.153963080350983 -0.0268063401648652
0.182329722377472 -0.0954074510040356 0.0830854735943018 -0.184077746432678
-0.0370087774630848 -0.179751408413788 -0.136529206242027 -0.1459705277189
-0.158753623180885 -0.0836816324330067 -0.170323387887316 0.0361370246272114
-0.184118055334736 0.0348583627136714 -0.0740664366185514 0.107283739035564
-0.126093395854084 0.13236635610337 -0.00161109748692374 0.0603428273428866
-0.090369988261545 0.164362706937346 0.0249559307630472 -0.00544699336234327
-0.0990896086258382 0.150717245753363 0.0373959749135266 -0.0666416814817426
-0.182289617365634 0.0785013569494936 0.0949038526359947 -0.106657243631794
-0.190859398492696 -0.0509919470529601 0.180231425282871 -0.0807627617062774
-0.108903400159554 -0.169017597088817 0.184690137925711 0.051145302064811
0.148821317417005 -0.177561309503922 0.0678064951927984 0.153088270840279
0.248218979503045 0.0750763980920497 -0.0616083753532623 0.123201709961669
0.140041437715479 0.276256577866206 -0.0793973748659618 0.0932306070742541
0.0505013535565604 0.260035188790118 0.122410040766199 -0.0627974294770819
0.193167313444477 0.122993566246455 0.144019116002089 -0.104247420940085
0.181967632022624 -0.0793929466565289 0.0385303120151349 -0.227617080705676
-0.0187455671502814 -0.171475119265818 -0.174731034295804 -0.151287907696696
-0.144915418209789 -0.0930070235479189 -0.207408964454111 0.0339046553725667
-0.182269988310565 0.0197537751400807 -0.126955315297784 0.124794453622201
-0.129293335454299 0.121521218749602 -0.050713127609511 0.109270926453076
-0.0929789321196158 0.156385888863107 -0.011366314892303 0.055771604992941
-0.0999972890235297 0.147786623540827 0.00211532736674407 -0.0131872170186769
-0.184371324177184 0.0809502460493242 0.0574830389580609 -0.0729304271264924
-0.198701123297104 -0.0524222993452115 0.14443219581033 -0.0605374711184696
-0.115880278563162 -0.183702104866457 0.138542881665977 0.0606304885865731
0.159165866024044 -0.19534701792963 0.0127229006433757 0.117270703948846
0.266866295702461 0.0687821614660102 -0.0845029997286546 0.0596823230827758
0.157677418424355 0.271665447413599 -0.0924189732578126 0.00133760740995719
0.0416172522812173 0.221594404387818 0.120271975772386 -0.160522648752259
0.160053266514063 0.110344247420308 0.103104758711249 -0.176173970352411
0.155052200463748 -0.0577004348405312 -0.012527934291953 -0.235840255779947
-0.00227901544595773 -0.139418827623732 -0.190544907470743 -0.141222050517569
-0.112097405420218 -0.0853256876596104 -0.22641211021711 0.0261579961197024
-0.150712345244997 0.0046965038578885 -0.171463460214333 0.132652013394749
-0.110106500505973 0.0930306794052112 -0.0962676253648322 0.149327811394198
-0.0809788956852267 0.125126719064196 -0.0446168217046898 0.107745750746206
-0.0877284348170522 0.120874888688615 -0.0300186408259781 0.0357309744385708
-0.163010004361352 0.0673610523532747 0.0204214995710983 -0.0334325835979108
-0.175582301643843 -0.0550872245295554 0.0946031977819998 -0.0348401644837718
-0.0930898452764711 -0.17409055193392 0.0799235522331382 0.0537294943045293
0.153897529328294 -0.173276496041015 -0.0257364090892586 0.0667789983744597
0.241531706945439 0.0622750735026569 -0.0835353989413079 0.0120337242461601
0.143883966025966 0.227497652639931 -0.109023025547081 -0.0758490330724261
0.0317966173196601 0.149169210636756 0.103448784434611 -0.242981578379887
0.105419066994596 0.0785061424080565 0.0520518645882845 -0.221394012992803
0.104680381493907 -0.0338077586362136 -0.0538805467654323 -0.222466815236032
0.00910978803398102 -0.0891256881937432 -0.192247596979282 -0.127288234253866
-0.0640079958071731 -0.0626327136313216 -0.234793300867471 0.0200309931144059
-0.0963533706724169 -0.00928048170130863 -0.200406851007299 0.135795092712906
-0.0741705036685246 0.0516046025036443 -0.128869205282725 0.17603687191022
-0.0570561918080989 0.0747380369375671 -0.0707233624044554 0.144121016805485
-0.0628227654822216 0.0754103684326419 -0.0549991948052691 0.0722547134242992
-0.11593094248605 0.0398960517895247 -0.0133963011620267 0.000206154918696246
-0.118650105894416 -0.0515916806464308 0.04297674399488 -0.0190432891486027
-0.0488570164812648 -0.130818901484593 0.0361797840041114 0.0316455309471831
0.120978565418785 -0.112622217156436 -0.0349196308987998 0.0269036004339547
0.167282173021399 0.0491234492128827 -0.07345204043292 -0.00786353388188632
0.0984015289787038 0.144713508992289 -0.121971362354177 -0.130603305474959
-0.0265033599525002 -0.0365110653877507 0.135464084846967 0.170967699625768
-0.0572612087606753 -0.00409684304168919 0.112050795966491 0.00828936847548633
-0.0442902217776656 0.0270896969533061 0.0311435147892377 -0.0227755857950933
0.00448193309491881 0.0512314334331996 -0.0221863190270658 -0.033627438557401
0.0413718609023033 0.0251799587039481 -0.0142482592261734 0.03153247201404
0.0384788571034875 -0.00597364270834313 0.0581881172955097 0.00541243157528391
0.0235128315503865 -0.0184563453062442 0.078613717791983 -0.0813450953789811
0.0214343807072064 -0.0105140299286384 0.0932856875125047 -0.153078803068854
0.0303231408326508 -0.000896191529228109 0.129292234083945 -0.188903065624742
0.0353743260275558 0.0176709233152058 0.198076899691254 -0.145048848584514
0.0172552578425908 0.0397215800440203 0.227505266742008 -0.043563194819398
-0.0143681055047264 0.0457320679457322 0.190203967775663 0.0885992461846748
-0.0527327583613753 0.0116332664885718 0.10742029758898 0.193498401635762
-0.065091388356169 -0.0347804106020196 -0.00461307846453405 0.231568721187321
-0.0259523796741016 -0.0630608101172224 -0.0867700668319427 0.316490940840618
0.025272052547547 0.0702733916362218 0.141074735527583 0.173170606591765
0.0480481308635491 0.0269438862907379 0.117498863493254 0.015220849609147
0.0325402818867364 -0.0303799024784501 0.0462383632171753 -0.0355880952484748
-0.0269257279853526 -0.032399648385718 -0.027817298963934 -0.0403212717496363
-0.0390195803285842 -0.0015987164394351 -0.0233237725531626 0.0349866324502442
-0.0350909000829844 0.0233504142867694 0.0562278633528438 0.0182820717972377
-0.0200743207143563 0.0422788052960138 0.0843469345403161 -0.0700098461800399
-0.012899101882119 0.0540988907137794 0.0951525083940086 -0.144657900577191
-0.014642849145047 0.052847929205899 0.123882019452025 -0.184299038528541
-0.0427257727436365 0.0343511923979434 0.190529236625598 -0.149653401231499
-0.0512916208390403 0.00204716248684198 0.228478132176257 -0.0582565146973164
-0.0317588827769958 -0.0259486337438792 0.198131123001464 0.0686658794128026
0.0215472708495947 -0.0342069705614974 0.125851927871254 0.183472609205384
0.028043758821627 0.0191930210167317 0.0103654418717563 0.231093867892151
0.0116433982365724 0.0575164284204029 -0.0758380025440022 0.312514525625356
0.0599988414264584 0.162817406129609 0.130221446461374 0.147989694094534
0.13518665126439 0.0595746412644924 0.122074191979796 0.0279075954078837
0.105165548277477 -0.0754228001790878 0.0748031714821779 -0.0660192487017362
-0.0463656494237545 -0.108686673192889 -0.0475296619048335 -0.0729532530633049
-0.106945310134962 -0.0330648677755359 -0.0618880639404361 0.0351835381531784
-0.105113366847915 0.0419641277937575 0.0295533783537162 0.0450238778310822
-0.0644306346139227 0.0931999601956909 0.0722904096688394 -0.0382159414610573
-0.0452738325887084 0.110505022045229 0.082224117403492 -0.115118333096312
-0.0532884283757465 0.101068191696958 0.101805303170778 -0.160597685678341
-0.110527348545113 0.0527162290935324 0.165224167915062 -0.147772536776296
-0.113736691876102 -0.0266904561004302 0.219239468837116 -0.0782955839587268
-0.0570756523933851 -0.0889649323606604 0.206083683141862 0.0504813068061942
0.0833574748792056 -0.0872092909230026 0.131602180452328 0.175139305878235
0.121231196432597 0.0565583647283045 0.00329922266834591 0.214758906441725
0.0597318702440199 0.164488477586035 -0.0696926849229977 0.267235680194494
0.0717816379756705 0.227967823362306 0.118002549045621 0.0999190741619458
0.188318119632646 0.0887531923438626 0.139377950992246 0.021237767538146
0.157427487077156 -0.0990580752171856 0.0958330757556391 -0.12336923847909
-0.0504658052282304 -0.160329676076426 -0.0881580652292671 -0.116833884832834
-0.149302644244281 -0.061240445146666 -0.117977649581705 0.0359818989566843
-0.157832489139024 0.047464131678539 -0.0168224782677235 0.0789576183852374
-0.101393253295362 0.12546906175201 0.0433342531722204 0.00790837698311183
-0.0709987097383851 0.150433091468781 0.057567900986447 -0.0672960424791899
-0.0812034719869255 0.136344742611454 0.0707041697123581 -0.119642313906008
-0.158578901745711 0.071446740193746 0.130679596338014 -0.134351079368932
-0.164042562342039 -0.0424637335166004 0.203558820991009 -0.0907090955251727
-0.0875912910646171 -0.137267702608387 0.206222673319953 0.0423192300179721
0.125983859828781 -0.140292795219522 0.114281847016519 0.168916886700263
0.201034573482769 0.0736023838277456 -0.0259754204883415 0.180054006321003
0.108947911442004 0.242151426974046 -0.072132843858263 0.189639569710509
0.0668409970257445 0.263236371057528 0.117702090294612 0.0290599274508337
0.207921485101618 0.112852555197514 0.1567605563453 -0.0277481191382951
0.185075058840721 -0.09937268894349 0.0811612306079309 -0.19025340695537
-0.0400394680614761 -0.180959024274848 -0.139770683331327 -0.146554006030009
-0.162890336521406 -0.0813562362246328 -0.172093884558388 0.0382946804737352
-0.185894651418271 0.0403263641149409 -0.0714003323177124 0.108494398456877
-0.123951669472398 0.136766812166838 -8.47945157432708E-05 0.0593563055818387
-0.0864046139471889 0.168499936811679 0.0251976065882876 -0.00643849507389946
-0.09554575995467 0.15474429651029 0.0355066990697267 -0.0684476989513011
-0.183660136744374 0.0852830734496594 0.0932090333532748 -0.110373429161723
-0.195980863391499 -0.046547177493618 0.179539335782763 -0.087569856624294
-0.112940836132307 -0.169271776102782 0.18526582747722 0.0496686033395522
0.148933779608567 -0.183832078121357 0.0692790742728436 0.155065160157123
0.255447927297469 0.0737090965553592 -0.0635295213884212 0.12570335476327
0.147404258659738 0.279416166840048 -0.0808361959324146 0.0948669848287893
0.0557410366018183 0.262869796852893 0.122316136255187 -0.0633159154940477
0.19876362350656 0.122629692763913 0.145588001400216 -0.105558119312207
0.185112247838535 -0.0834103274349881 0.0349720942345114 -0.232830201934461
-0.0214920442768129 -0.173619737701923 -0.178560183192988 -0.150968015403922
-0.149197272330373 -0.0907097255909553 -0.209136566975458 0.0368325880580602
-0.183823708447256 0.0257504974529585 -0.124912640511999 0.12802306937965
-0.127758476306477 0.126163728012995 -0.049179088653382 0.109618263626682
-0.0891965704211213 0.160778712770012 -0.00948311562969611 0.0563461244098337
-0.0974007299930593 0.150957712304351 0.000977925944164207 -0.0127289692882969
-0.185802346202391 0.0873192162588155 0.0563030463658578 -0.074985887249026
-0.203309126930797 -0.0486143940064883 0.143482622379201 -0.0659284201051479
-0.119593650356085 -0.184257241611926 0.13765069607034 0.0597489350837716
0.157931191260501 -0.200942427649825 0.0129980077009583 0.120747068099372
0.272225350085618 0.0673639961300437 -0.0868725398560495 0.0621844256350335
0.164300668668853 0.274289644036307 -0.0952763643645507 0.00227947554209247
0.0457324093887889 0.224635086038842 0.118680887482491 -0.16358741856409
0.165188934206612 0.110246369644826 0.103132148252825 -0.178405724331858
0.156802711184538 -0.0614987784260346 -0.0161329652358852 -0.239721221360609
-0.00503791825352207 -0.141407586905458 -0.194170070908378 -0.140664980297483
-0.114886898125763 -0.0840011985723291 -0.229630549735532 0.0295936338442705
-0.15248292914236 0.00946378854065984 -0.170183322782479 0.137197644216274
-0.109531291640636 0.0971995229803658 -0.0935756826424143 0.15204084248517
-0.0781609100796971 0.129296501871531 -0.0418514527298585 0.110272160883888
-0.0860027321930858 0.124250887521129 -0.029608780611178 0.0372701723253087
-0.163879290933067 0.0728859990352859 0.0191945503966445 -0.0339575347180873
-0.17937443302104 -0.0524716756407304 0.0930548138758631 -0.0382941769793134
-0.0962510853937871 -0.17450079435769 0.0792970161638487 0.0538786740720679
0.153207507118861 -0.177615346925614 -0.025706001762315 0.070528849473107
0.24610416418151 0.0610943821684655 -0.0864302302887335 0.014408968157571
0.149817765362501 0.229367335206933 -0.112918541627236 -0.0760975878489774
0.0344222073506914 0.151704526110107 0.101738578668955 -0.246542385951418
0.10898471218164 0.0783768688471742 0.0503778429754532 -0.223736803118703
0.106381273318882 -0.0360840702512258 -0.0565425796841574 -0.226257442984088
0.00797937275345319 -0.090071257685858 -0.195830583957234 -0.126058519126558
-0.0656909630290172 -0.0610954732839599 -0.236694785823314 0.0243822671968715
-0.097637594958274 -0.00602006558686585 -0.199352103442299 0.142423173603892
-0.0740396696476152 0.0540781481686555 -0.126398154098291 0.181024220572213
-0.0553978493900157 0.0777177208318575 -0.0673567529359541 0.146665420360318
-0.0620173994495918 0.0772410810997274 -0.0542872967105258 0.0754422135705387
-0.117328367799888 0.0436303021131091 -0.0146207401215867 -0.000121744064802766
-0.121499109396827 -0.0502925148538756 0.0412355989834644 -0.0217083482678981
-0.0501756685514941 -0.130763235035669 0.0355217534434996 0.0321337248268579
0.120557300929417 -0.11553797678777 -0.0351736021367294 0.0307289987399095
0.170554134797503 0.0482230405950228 -0.0752668838306797 -0.00552264825936804
0.102402434665484 0.145634496380003 -0.126988734800117 -0.130218961090754
-0.0268064733389632 -0.0357607903132746 0.142883670320099 0.168125606389313
-0.0570024834462817 -0.00218253398703395 0.114733089312977 0.00390375851739523
-0.044396271161294 0.0282967033282297 0.0316718630406932 -0.0265854038900209
0.00593617061431055 0.0512272227235658 -0.0253721089716003 -0.0336563181124552
0.0425366609197198 0.02328039132588 -0.011710993131878 0.032038817281315
0.0390195563545853 -0.00818347649673364 0.0598408031659241 0.00201903401708421
0.0233214156803708 -0.0192678531619339 0.0748020322263156 -0.0850279854738383
0.0213654009753077 -0.0119384333941114 0.0854905434682013 -0.157334190943106
0.0309235571757946 -0.00261552456462779 0.119865083874466 -0.195898655507506
0.0357281639224994 0.0152251604941217 0.192273354201636 -0.154837884555566
0.0190002774458842 0.0393264469019281 0.226396486187097 -0.0535657769072235
-0.0122708502381283 0.0465665675226269 0.193463776574892 0.0823567472533275
-0.0523931842271631 0.0137987842704164 0.114521017682708 0.189876005972211
-0.0667347184367287 -0.0324439211465366 0.000557774690359349 0.233107898937116
-0.026490571503215 -0.0635283243012138 -0.0767358839709818 0.320434579738494
0.0284293893958875 0.0695641717857319 0.147311165262958 0.169981886351419
0.0489816468310584 0.0252846327696733 0.120718006331579 0.0106355374037163
0.0318498800042864 -0.0312656426816613 0.0457092336158443 -0.040275577336104
-0.0286062516799026 -0.0314844819515453 -0.0308993287738786 -0.0400216428641386
-0.0389366674094505 -0.000395269395295993 -0.0213731165122394 0.0353776709576407
-0.0339286072976498 0.0248361968275055 0.0582378063724624 0.0139338160480642
-0.0177207394813758 0.0433546810893851 0.0809067950834123 -0.0739633757575795
-0.00987755013139987 0.0546794824442198 0.0873196737179626 -0.149055071718164
-0.0119655881708425 0.0529309400331199 0.1148763592267 -0.190807033334715
-0.0418609861052333 0.0361470913872213 0.183448744591459 -0.158859101012541
-0.0517013069125665 0.00489849816210773 0.226651440267805 -0.0697216857444498
-0.0332131732094834 -0.024316164179597 0.200826152484144 0.0623806891970861
0.0203050966085071 -0.0357393407362828 0.13319110426813 0.179160850364601
0.0300329372215281 0.0184491117545063 0.0153210198424377 0.23157215519807
0.0157069548417278 0.0573165300228201 -0.0658280769634565 0.316674832857477
0.0668691069889074 0.161162349916272 0.135633266965263 0.146293632858149
0.137891174720395 0.055224325623059 0.124817066461599 0.0233341921874269
0.103507136854244 -0.0786653820498346 0.0727826073757251 -0.0713246930318977
-0.0497915376952167 -0.107046185611729 -0.0511013794980244 -0.0725685225877437
-0.109050018860335 -0.0294508515580613 -0.0598003628010515 0.0372071139444877
-0.103436614980351 0.0471318654627078 0.0327872705090954 0.0427218857835527
-0.0596837308357267 0.0966408046116223 0.0703436847678693 -0.0431766272209002
-0.0391537409590947 0.112914792634206 0.0768604634972811 -0.119167810129439
-0.0484388818842999 0.102690382100085 0.0940332157442947 -0.165493333794307
-0.108713243393507 0.0586487537452307 0.159009700944277 -0.156560645626808
-0.116112978104571 -0.0207639816193054 0.215946715070311 -0.0887332887771413
-0.0609579782087917 -0.0863913172671676 0.207807797045288 0.0438769171845776
0.0800513126997204 -0.0923364842473801 0.138156559270852 0.171835294582711
0.126367629055398 0.0523596994893708 0.00811969171524692 0.216401024304414
0.0680735532108851 0.164155081062247 -0.0618526059959396 0.270674217621666
0.0804516665482509 0.22627768481699 0.121784605908076 0.0989984985895311
0.19251023963246 0.0832550542276624 0.142589861498054 0.0170885092627392
0.156032171794798 -0.104797964498126 0.0910964996388867 -0.130168764969671
-0.0560657446021623 -0.159101961032697 -0.0926703726670825 -0.115215277605485
-0.152890436370083 -0.0554085298646882 -0.116438068198461 0.0399303032283301
-0.156394090050109 0.0550904100904262 -0.0127857448467725 0.0784322219980275
-0.0960426334562366 0.13101054366067 0.0427574212616104 0.00441945062622354
-0.0631087975319435 0.154216967676537 0.0544432119520248 -0.0694951411354265
-0.0749750773385658 0.139796588868681 0.0641774909469713 -0.124119187499702
-0.156450677751406 0.0806622512357191 0.125275902979249 -0.14132133450428
-0.168291507568991 -0.034560832927295 0.199546548353809 -0.101060995877532
-0.0936198380110892 -0.133968661100737 0.206548245449702 0.0367262734668581
0.120820135037609 -0.147710631037486 0.119409811601614 0.16687914638475
0.207405960776408 0.0667184066029934 -0.022487046263056 0.182730082954823
0.120500238332419 0.241032862724592 -0.0668991278310245 0.192994142264222
0.0767388166689108 0.261619224742325 0.118572612871621 0.0276514667107281
0.213379927815536 0.107457718890359 0.158092172370121 -0.03213450521862
0.184045372702633 -0.107134903393408 0.0742993569891805 -0.196999960063042
-0.046666553729458 -0.180586557182254 -0.144647027261373 -0.142336991692131
-0.166858227571567 -0.075156426661564 -0.171033885924475 0.0442970021240692
-0.184683043680238 0.0503700304888196 -0.0659911366283267 0.110777563786656
-0.118087156719162 0.144169567157464 0.00229386500585096 0.0578886076502654
-0.0775781825780437 0.173031720415297 0.0248467360514852 -0.00789127874456622
-0.0889643683378485 0.158662167416082 0.0317588538750774 -0.0700151559838831
-0.181214702803395 0.0952067648864225 0.0880811739496155 -0.115209433578374
-0.200396709825316 -0.0381396021087883 0.174676615462311 -0.0966018542934693
-0.119747361086857 -0.165201612288892 0.185486656912452 0.044996869306413
0.14342731588262 -0.192538419857914 0.0737402897978166 0.154622142500914
0.261871566115072 0.0654585162026347 -0.0617826119146299 0.129046252855074
0.160449760800998 0.276903973355466 -0.079936017838587 0.0981126453000819
0.0655942207830998 0.262953640697238 0.11998432783941 -0.0664391977635739
0.205161979058423 0.118114381599051 0.144088850962588 -0.109726092454688
0.18402699936712 -0.0922465021333041 0.0258452473368053 -0.237368635206294
-0.028568493930382 -0.173467017423905 -0.184200498806472 -0.145779035924345
-0.154259259474578 -0.0844694257720905 -0.208716662351761 0.0444928634553116
-0.18309458890947 0.0354012754960612 -0.119154764160793 0.132295241906103
-0.121368507922829 0.133487143240987 -0.0442327613837227 0.110957182345999
-0.08089809969212 0.16535527439375 -0.00688050890919678 0.0566841571593333
-0.0906217300370545 0.155345982288224 -0.000552207149785636 -0.0132554392121618
-0.182884964476122 0.0976438140688047 0.0522427498797735 -0.077997820281496
-0.207699962040788 -0.0403211906622671 0.138814687395605 -0.0735368189976835
-0.126921240125103 -0.180650867070252 0.138229047054707 0.0562812887628946
0.152842450587163 -0.208635079094672 0.0166194889294138 0.1224389695317
0.278966753200698 0.0582771563120102 -0.08709231793772 0.0661047217611817
0.175875588646337 0.270530136077425 -0.0976037820928091 0.00519668486869431
0.0539778520075246 0.224953038531005 0.113705506052741 -0.166238623844998
0.170997656053103 0.105426549075979 0.0990318330266904 -0.18205826220206
0.156875680050134 -0.06941656733942 -0.025738855396467 -0.242813585587638
-0.010723898280847 -0.141894131026079 -0.199210653274121 -0.13476289474588
-0.119264064436571 -0.0786352219294022 -0.229173766872056 0.0376855578998036
-0.151848839048981 0.0180641621763326 -0.164855028719038 0.145132271788878
-0.104756427751986 0.102859834372076 -0.086970935571109 0.155610498312522
-0.0713118202201103 0.133549839834033 -0.0371910183004159 0.112127805152162
-0.0805539056723432 0.127531660441228 -0.0289556341491384 0.0395333256775954
-0.162579759067507 0.0819340530708753 0.0169759583393424 -0.0357945570929542
-0.182960056535759 -0.0457402599207886 0.0895008486196425 -0.0433550928034713
-0.101917836000499 -0.171297441635927 0.0795321916064175 0.0520935440402373
0.147374229828967 -0.183699546759932 -0.0235877169944855 0.0741747786356446
0.250745534413668 0.0526985770044628 -0.0876733706796551 0.0185933990493747
0.159812651008766 0.225532355456982 -0.117839162264185 -0.0713599717117568
0.0397492946933494 0.151325831159783 0.0933791010611425 -0.250942692520988
0.113077633560145 0.0754842056010193 0.0436844843398894 -0.226128765667291
0.106512556742786 -0.0415810943066105 -0.0663922553073011 -0.2266270454669
0.00447505163692487 -0.0907299200658584 -0.200626356416916 -0.120009811949382
-0.0680936595222118 -0.05831171868763 -0.236296067047464 0.0331728925236676
-0.0978978393141911 -0.000341993327580137 -0.193568319675624 0.151055886277916
-0.0722276554854782 0.0585006182101489 -0.118483342539888 0.186668356839449
-0.0508050029058099 0.0811619029374073 -0.0607517284555597 0.15016825747396
-0.0593041213140208 0.0804004151259959 -0.0514239004533053 0.0782306082937525
-0.116078912194648 0.049614482919663 -0.0154662817186674 0.000324316925074197
-0.123981842447201 -0.0457411270320308 0.0378526005163142 -0.0244917420157023
-0.0543516824593002 -0.128586547757571 0.0353982188437206 0.0316195240110113
0.115029858487455 -0.119579889814274 -0.0334631559294138 0.0356338645996492
0.173618541210533 0.0419771567391213 -0.0777763686655733 -0.000776299395374795
0.108519047310071 0.142817600348123 -0.134249291032604 -0.124996466035851
-0.0263533439374927 -0.0342225473483236 0.146935587102628 0.159938366999593
-0.0549774140220818 -0.000269669982391707 0.115065915714685 -0.00221811165040527
-0.0429892220349572 0.0301308246410229 0.0304699138726286 -0.0289026923017211
0.00768431316020092 0.0499258843389117 -0.0279384929896162 -0.0320112944047993
0.0426114157523059 0.0207998334086873 -0.00893051044996813 0.0317366217708002
0.0377794464000367 -0.0100835343899979 0.0595787776540438 -0.00244671419022007
0.022621460321556 -0.0201697813811736 0.0690016065030103 -0.0861492130421477
0.0208052362200009 -0.0127919571951632 0.0754797454524165 -0.156830634246136
0.0297667292215166 -0.00463788509881307 0.106259325275732 -0.196472735175836
0.0353840268496032 0.0129191917472827 0.180234286569019 -0.160818495944485
0.0204337368519898 0.0373373374687975 0.218477800929735 -0.0621270878517869
-0.00927275164495085 0.0452373173352678 0.192731885514489 0.073049326772636
-0.0513392863510892 0.0155208116078082 0.119290685040584 0.18066597751054
-0.0663633444677892 -0.0288837271848367 0.00694650186510953 0.228018668429508
-0.0275169117973722 -0.0622910989663508 -0.0625587574318324 0.316748379778878
0.031708264041863 0.0666815636795091 0.151580091324955 0.162593831966777
0.0492352842836977 0.0232689061473793 0.120706360781798 0.00493080697757545
0.0296391881026387 -0.0314379863397978 0.0426925073952229 -0.0442382824200488
-0.0289264297958447 -0.0294553199159026 -0.0332019253701454 -0.0386341382913522
-0.038352843642817 0.00071038347830656 -0.0185073224012633 0.03524821536537
-0.0321625135234863 0.0253857709635032 0.0589596178674615 0.0102053021949373
-0.0146242616011721 0.0437400928023587 0.075531306237964 -0.0764944759331873
-0.00597791174924841 0.0537541339140046 0.0781877098609894 -0.149149319578563
-0.00896288786322792 0.0513311321745305 0.100600894243113 -0.19149771534911
-0.0393837973587281 0.0373625840622765 0.17190257551107 -0.164908189998172
-0.0505209269564693 0.00792037290648209 0.217186658042381 -0.0793630358127907
-0.0333199859847845 -0.0221708749581318 0.198582830258963 0.0540740953990942
0.0184721391780459 -0.0369428324437912 0.136609399150509 0.169005727576205
0.0318712826529798 0.0165535894707916 0.0214938993111779 0.226224757130827
0.0196047546216836 0.0546582332606172 -0.0518956455968485 0.312271113253204
0.0726534759190077 0.155138739222629 0.138713698018092 0.139736754274801
0.137107467271429 0.0494543300000967 0.124820101150515 0.0172697685074738
0.0981248738388864 -0.0806943349476003 0.068176104746707 -0.0750760652375523
-0.0522217205197293 -0.102927698526565 -0.0535108145550311 -0.0691706926181848
-0.107858520089424 -0.0241516816131663 -0.0565231732476221 0.0383087114796752
-0.0986771462885737 0.0508112158020853 0.0346551739959025 0.0390967195934527
-0.0534978695962834 0.0971844941479239 0.0666919023342039 -0.0455721601328579
-0.0323113959062194 0.111932781133368 0.0688331624856695 -0.119738640256825
-0.0422996163256801 0.101663967959617 0.0822594207129873 -0.166013974931308
-0.103751430342639 0.0634755888565411 0.147862134840481 -0.160225629258386
-0.115190421866983 -0.0145327659612792 0.205980540764919 -0.0977223476734232
-0.0640018730850437 -0.0819924245145256 0.204079799051973 0.0362185736930639
0.0740503879926154 -0.0942330354678929 0.141018974882202 0.162250946357329
0.127892362430036 0.0457019229314584 0.0129517742492552 0.211396376525829
0.075223977641192 0.157775231782313 -0.0513412542512382 0.267758126809242
0.0876753553379653 0.218291963745133 0.122472896892345 0.0948815470996889
0.192076681051571 0.0748798271620977 0.14120204084152 0.0120234226818544
0.149121058380607 -0.109435547942653 0.0833056987780987 -0.132651678065859
-0.0608813383666049 -0.153460910656908 -0.0951198182474976 -0.109207655532824
-0.152571769933966 -0.0475672944754423 -0.11277003344512 0.0432983059455633
-0.150285374870193 0.0614397685737982 -0.0079235768435499 0.0758491122397304
-0.0867078713671276 0.132392313502803 0.0410400427205463 0.00129452884303533
-0.0533061107499741 0.153580450797933 0.0492864484901003 -0.0709794122950109
-0.0659822677248945 0.139434822974358 0.0553490751223424 -0.123809966482901
-0.149050662086617 0.0869871549842712 0.11440212189449 -0.144175669692714
-0.16696954658898 -0.024889221662379 0.188612910688251 -0.109402633669533
-0.0975624732859154 -0.12772832118977 0.201843039321104 0.0299146758222744
0.112560912595996 -0.151049932482795 0.122488292347504 0.159102616893087
0.208629939549632 0.0564891342278152 -0.0180895408021436 0.179960704620489
0.129321318137403 0.230814736424883 -0.0594559888138124 0.191571499294203
0.0852820723307507 0.253881260831232 0.116842574887602 0.0257155124413158
0.21361494551881 0.0983908201867708 0.15478433247622 -0.0366811760389926
0.176759190336451 -0.113491740559558 0.0635390107618603 -0.197090681741635
-0.0531732040588488 -0.175539394258024 -0.146794682576034 -0.134732132501289
-0.167255099308532 -0.0666214125382783 -0.165817032489426 0.0497209052023804
-0.178054307922753 0.0584385243527404 -0.0593089480516976 0.109916344713924
-0.107805097425866 0.145804050745231 0.00422607139027398 0.055710743995554
-0.0662194392068346 0.172429267074475 0.0240032803566854 -0.00884039453090469
-0.0790842884499798 0.158668282498565 0.0260677000038903 -0.0694731124112909
-0.172931690050661 0.103036515660631 0.0802924647886106 -0.11694295074043
-0.198829284379752 -0.027222663622908 0.165023069068874 -0.103715677014361
-0.124621498833728 -0.156922598340064 0.181344485636114 0.0380463453523844
0.132712541211917 -0.195150545753107 0.077717408592405 0.149787145502747
0.262360390813685 0.0539615846828343 -0.0583605106292652 0.128743483366101
0.169072149172771 0.265179445213212 -0.0761392169274697 0.0994145256007337
0.0745343169236176 0.254446679784658 0.114770656908991 -0.0663688032333908
0.206684517714078 0.108696417536521 0.137920845855847 -0.112433568980471
0.17709817168033 -0.0998153118735382 0.0148070619178995 -0.234711265179595
-0.0351732051780692 -0.169477010101291 -0.184637772510073 -0.136275318465795
-0.154775337078184 -0.075669645662722 -0.203074070171979 0.05065516581574
-0.177371449734505 0.0443510844675017 -0.110735741826824 0.134507687119374
-0.1120671611064 0.136023280515008 -0.0384246705319789 0.109988121629742
-0.0693349727201932 0.165319680518934 -0.00491609493855537 0.0553652162420827
-0.0813611727155937 0.155746853824039 -0.00162961394474515 -0.0119801727882453
-0.175325472963268 0.105405858484607 0.0468194776483015 -0.0785734081706753
-0.206161180322982 -0.0300964358536884 0.130339394213101 -0.0790048690028355
-0.131327877060673 -0.171511258756592 0.135912826811277 0.0512629353647463
0.141226374865815 -0.210922096500191 0.0205766690432035 0.120633111037983
0.277414399271626 0.0465417725015401 -0.084556396848663 0.0691894393313064
0.185047113252134 0.258893650820639 -0.0975577021214657 0.00943762396081158
0.0621498979553654 0.218295792791921 0.105265353705323 -0.165718939055425
0.172742797854905 0.0976945398080625 0.0909141328304505 -0.180112007063942
0.150908117390118 -0.0750908710599423 -0.0363349994666967 -0.237761469647538
-0.0167531575720528 -0.138696836760584 -0.199024417115531 -0.12558054271481
-0.119818053838328 -0.070986685487303 -0.222997141099596 0.0460699282787354
-0.147417036319316 0.0254221299856493 -0.153956912692812 0.149131410191889
-0.0978501450455716 0.106606588034636 -0.0781917737093556 0.155822667838565
-0.062400032464256 0.133651562312143 -0.0308048111011418 0.110832413532755
-0.0731634265234347 0.128681561723744 -0.0267217805710698 0.0406762767486345
-0.155417992759323 0.0884515898656748 0.0137033073284253 -0.0351302071911348
-0.182402006144776 -0.0370529352707005 0.0828673731649396 -0.0476940300709652
-0.106352166040064 -0.163938899499601 0.0783101816181072 0.0486418257137939
0.136732559578361 -0.184789642778995 -0.0206692944123708 0.0752888188056635
0.248259406654726 0.0422741454727082 -0.0865388781039983 0.0227715940200545
0.165628231004059 0.214285008350513 -0.119813031050304 -0.0648618024762007
0.045332572493938 0.147609499005085 0.0822625779521291 -0.247934437237778
0.115492081705679 0.0697777800854459 0.0358446112293725 -0.221754612650104
0.102330967836773 -0.0455256049341254 -0.0750602473240099 -0.219862482571328
0.0002519028653416 -0.0895332779117842 -0.200547005202962 -0.111000892278698
-0.0687162203626542 -0.0535229707167452 -0.230289597121692 0.0422599810882456
-0.0952836343544895 0.00505952976729657 -0.181915612511339 0.156592172332512
-0.067953819964595 0.0609571803976841 -0.106615320694811 0.187415213232808
-0.045267404911086 0.0814089030838303 -0.0517272417388449 0.149237054210244
-0.0548702191988266 0.0811690847650149 -0.0462659182868374 0.0794432473787943
-0.111514978027619 0.0544434460089743 -0.0169538549279511 0.000870426444412275
-0.123731658013294 -0.0399199725197631 0.0340939858096012 -0.0257924488567831
-0.0577772313618725 -0.122887623750479 0.0352263641191283 0.0311098644466427
0.107682865837814 -0.120770906760683 -0.0307301765215813 0.0386232743705416
0.171011885680999 0.0348904904291855 -0.0769563020817441 0.00329489839498241
0.112191101563336 0.134590752088164 -0.137725134315447 -0.116064567663452
-0.0278333857556428 -0.0307491101385565 0.162207201334303 0.140334395516747
-0.0516032365331039 0.00473492621745083 0.113469077538261 -0.0164847671548127
-0.0383220782135433 0.0331541586659066 0.0280311015293782 -0.035081850767326
0.0120529691897721 0.0468363698357279 -0.0318544187745955 -0.028067740576128
0.0424779330540128 0.0146751651108921 -0.00446973660444927 0.0301587866629826
0.0351265805649019 -0.0140947288046897 0.0563593176609507 -0.0111704375539992
0.0192694887173508 -0.0218551329081041 0.0559815727399848 -0.0919064706063303
0.0182048104877685 -0.0146307671164924 0.0524613282658216 -0.157501876002251
0.0269831441717088 -0.00832147695497369 0.0777289564974721 -0.199238012604175
0.0336691679498103 0.00805190096190104 0.15196793962342 -0.175353433375785
0.0217990832347225 0.0325944537233472 0.20222975960422 -0.0835007319032708
-0.00503601052125422 0.0414182284739479 0.194711196155618 0.050780711941127
-0.0460798370485284 0.0188771652835256 0.132611949191041 0.161453682155262
-0.0623599445725198 -0.0209741251187996 0.0278880490686124 0.21782423627497
-0.0285023748451699 -0.0551373071358411 -0.0260070370438475 0.30996366733322
0.0411983772882321 0.0614660046870689 0.160315274608758 0.135519883613302
0.0504614235331275 0.0171714407822613 0.116510404230121 -0.0114376887668642
0.0249852495366226 -0.0327950820100786 0.035049155041262 -0.04835984861551
-0.0297053309615065 -0.0253106437273486 -0.0373451882771699 -0.0313309020149194
-0.0367452003539698 0.00407056395819908 -0.0112684197599069 0.0368711819355556
-0.0278025247437913 0.0275611547065507 0.0594994120682648 0.00253329669652808
-0.00879187414720951 0.0414096144553302 0.0653703736350492 -0.0821344336297901
0.00108827907783166 0.0509433407322977 0.0560126025245654 -0.150332116620888
-0.00252097901866142 0.0496654404930768 0.0729803980269929 -0.19271763526691
-0.0342310704393644 0.0407104717433745 0.142400289925779 -0.177061640468662
-0.0485708189867768 0.0128180043320516 0.197637316197274 -0.0983268456812408
-0.0344837641666594 -0.0196279648162614 0.195136201773142 0.0316668704299088
0.0121927227203936 -0.0399474990226313 0.147741876152634 0.145604755688419
0.0350653466460182 0.00988136976620086 0.0459866280756651 0.214480298585217
0.0299039327702573 0.0482009448165512 -0.0157715817602553 0.307889559754996
0.0916039401886385 0.141827593700656 0.140092728577092 0.108527856599696
0.136757101134223 0.0345680321291165 0.118331368031766 0.000298165672296543
0.085814834042591 -0.0879632167912885 0.0512459414002876 -0.0793424458434988
-0.0591523283265624 -0.0926174880052326 -0.061001075070682 -0.0550255277341463
-0.105305310449642 -0.0125396762005422 -0.0465041373000037 0.0465587552012911
-0.0890244794638565 0.0593116204403549 0.0422695273314058 0.0341330882016003
-0.0398515226050955 0.0969816159371436 0.0617078147853252 -0.0498712372107194
-0.0164883272192717 0.109156582398134 0.051171756226326 -0.121375907285116
-0.0284840128139746 0.101035561798344 0.0576676926766987 -0.165066285188885
-0.0915914892991177 0.0731260317656467 0.119329166136134 -0.168376350150898
-0.112921912977741 0.00108928027980965 0.183489152633739 -0.113873574728803
-0.0699063193944444 -0.0720910432819155 0.196377972361572 0.0138232168358083
0.0586988299953373 -0.102279570466081 0.150763582879375 0.137102014499772
0.128576091647019 0.0266759082490794 0.0406589518860312 0.19968880902785
0.0945734956599155 0.137656809495166 -0.0177092257912389 0.26805744110181
0.114450955204598 0.202524298667732 0.117559790330105 0.062410109574303
0.193035790352595 0.0539908631792951 0.131783050442828 -0.00775610804789694
0.131551432138577 -0.121321261250777 0.0563176854513058 -0.134840145620108
-0.0720354699140719 -0.140331448323206 -0.105650769484882 -0.0875677388529908
-0.1502618130901 -0.0303018979628887 -0.0984034904491561 0.0592931263290043
-0.136501469813088 0.0753237771791685 0.0066886994609987 0.0754703816754315
-0.0671131578285275 0.135111116093795 0.0431491011207426 -0.000577260996092359
-0.0317213265857188 0.151463749915875 0.0391043212662859 -0.071758100494487
-0.0461717098358968 0.140061693448237 0.0381635832198087 -0.120465976595157
-0.131516261097414 0.101099726002756 0.0895204866572034 -0.147872819522276
-0.163633341929074 -0.00292676232582219 0.164658801355304 -0.121576165525781
-0.1065348264712 -0.110997386036075 0.191809422137467 0.0083810815579117
0.087555305201349 -0.160242237117331 0.132206841368604 0.133978084776652
0.205610670621386 0.0284938998653457 0.0113840957317531 0.171599086822646
0.153209622119908 0.199938735317753 -0.0341156949275613 0.19814958921184
0.115984257112173 0.237819236088033 0.104336285254954 -0.006732706521626
0.21726839913502 0.0730027725621555 0.137731600133907 -0.0557575629371674
0.157350820403756 -0.128796501885797 0.0284911062574164 -0.194156917091329
-0.0675463000936872 -0.162734251200822 -0.159035483496308 -0.104943278155513
-0.166881155953721 -0.0464361436004681 -0.148687726759036 0.0727640240624729
-0.16268117515143 0.0749459190581379 -0.0383865480453194 0.115467931898506
-0.085900901377954 0.150120914307399 0.013730779958217 0.056882304201041
-0.0418697885514929 0.170874889248592 0.0220110716997004 -0.0106205938319621
-0.0568401123070851 0.159741641299444 0.0174877910740718 -0.065313001194517
-0.151621831611607 0.118934791871634 0.0599128616928018 -0.116866923151809
-0.193891391914712 -0.00185103417354515 0.141730731761824 -0.112870121611353
-0.134557591402534 -0.136709009980775 0.171937219977355 0.0194694024523404
0.102602476761912 -0.203335836846352 0.0867808920663958 0.128641511698902
0.254632784423276 0.0207671055730394 -0.0306332440149437 0.125696047397797
0.191994451683838 0.227508663365572 -0.0589663458919492 0.112985258337643
0.105652026700084 0.240581703356812 0.0929242160119515 -0.0949238280734893
0.211542889871459 0.0829617593918402 0.113163725779944 -0.126623846688019
0.15916058431799 -0.116544455906082 -0.022121866369039 -0.225378991319486
-0.0508457479376036 -0.159000292094423 -0.196036462520364 -0.102046276583508
-0.15584869331674 -0.0562099093827049 -0.184788647166886 0.07881890769174
-0.163222277926139 0.0620727435741172 -0.0849299590153234 0.14531367278544
-0.0913550420294618 0.14174259550876 -0.0217151686104419 0.114607363688344
-0.0456651236150623 0.165182387939646 0.00326348912794916 0.0537805358167774
-0.058923803667008 0.157041447472066 -0.0024998946443374 -0.0073577736001556
-0.153463187902018 0.120517282251547 0.0330799310319769 -0.0754113351119295
-0.201113658355539 -0.00435077870876283 0.111317791244624 -0.0851647158750305
-0.141390904445688 -0.149306956988768 0.128738730519355 0.0369273139084874
0.109302742996698 -0.218062221181497 0.02913046604455 0.107033478769662
0.267565229542666 0.0136492138763592 -0.0615511457877739 0.0716117857320397
0.203801748273561 0.219747862685064 -0.0882277744246045 0.0282438670056399
0.0882744723864919 0.205555235455335 0.0741073883846755 -0.186690261217867
0.177466807782381 0.0747405801114004 0.0612456252088315 -0.186030407000055
0.135167272302004 -0.090383570438068 -0.0699679593292968 -0.221871557161374
-0.0302717954637686 -0.130898738011239 -0.208870086801543 -0.0910128151858096
-0.121940511248178 -0.0557295351316558 -0.205527195027155 0.0759234759266479
-0.136798657167477 0.0414641368079689 -0.126451314661399 0.163943453851013
-0.0808767748286614 0.112278100231105 -0.0546668402183807 0.162740868641522
-0.0427527658679992 0.133277292472589 -0.0156762077347943 0.109523168366531
-0.0542236536014195 0.130945797677773 -0.0200926975174725 0.0453395049288032
-0.136187411256444 0.101532090417795 0.0061880469111596 -0.0310040946718726
-0.178239100807586 -0.0139123329085106 0.0696809687632091 -0.0502160430569761
-0.116226885694183 -0.144033294049611 0.0739634104420318 0.0401106254138129
0.107953825949081 -0.191073779153334 -0.0125829254099229 0.068822854451204
0.2378215983086 0.0129315385304642 -0.0696111077692184 0.0285880210018252
0.179515506122132 0.180553600832003 -0.119494082360691 -0.0416135172818962
0.0617752357645961 0.137865456950287 0.0461639850047943 -0.257699005105694
0.118834483797468 0.0546012106276675 0.00635862551730158 -0.217394889854202
0.0915810919771134 -0.0558858529487558 -0.102814413013108 -0.200294293280121
-0.00924849016312784 -0.0851214007405849 -0.208085230298103 -0.0790850686347338
-0.0711792848979956 -0.0445440068965536 -0.214468100900339 0.071261689192298
-0.0895110431610996 0.0162809050956116 -0.153968421648355 0.174680313055021
-0.0575013855824136 0.066582873513861 -0.079669657268728 0.19589997583145
-0.0327775273054399 0.0826181123080218 -0.0307875156318605 0.147907651495996
-0.0427725267029765 0.0836209182152778 -0.0347459961896525 0.0838897953059164
-0.0979320157182879 0.0641956763645886 -0.0181081128664933 0.00597585368264062
-0.122582999259277 -0.0237428565028495 0.0255722149376943 -0.0257274747053844
-0.0661230377630069 -0.110213728412743 0.0327253190010809 0.0262771262707324
0.0869773488652543 -0.126148609607466 -0.0256775852669262 0.037120595647687
0.164259170059706 0.0141995596253406 -0.0662114422743541 0.0107618268631154
0.119723085314537 0.111697778844229 -0.14316144580631 -0.0905177296036847
-0.0258906533709493 -0.0305557425153229 0.15520347891766 0.138764832127204
-0.0490477948913856 0.0029483384973123 0.111703656307579 -0.0156738840588782
-0.0371968844394215 0.0315733972692822 0.0277031311843013 -0.0359110860546455
0.0109736751961462 0.0454431639062103 -0.0311912137406897 -0.0268693485400208
0.0406291756293096 0.0144336635232458 -0.00335924936811154 0.0285295618312413
0.0342375062834097 -0.0133237255109237 0.0554853373793212 -0.011224760497062
0.019332259528435 -0.0219022993194018 0.0549018482212778 -0.0869783846370885
0.0179812908249136 -0.0144307305460714 0.0514103304364937 -0.150130301378736
0.0254809697429558 -0.00836238907664964 0.0756331718627417 -0.189577596794506
0.0318864455219666 0.00804286578948437 0.146728986127708 -0.16829201906581
0.0209351703253151 0.0310714605651653 0.195540822585693 -0.0789005518015498
-0.00500372115023804 0.0392528112410867 0.186483595502017 0.0520299525883581
-0.0451425687275331 0.0174831815002985 0.124714132618869 0.15717414604531
-0.0595401901644222 -0.0210276947788279 0.0216493023497273 0.211061663495264
-0.0261322226066185 -0.0548828423277592 -0.0298593293025135 0.298157465391075
0.0391987380959444 0.0586308126424182 0.153657141254435 0.135054476686387
0.0484783230152551 0.0169099182490348 0.113654771993907 -0.0101862367035213
0.0247633235479835 -0.0309280841821036 0.0340828472563333 -0.0481101772013629
-0.0279387054845226 -0.0243681194901801 -0.0366472668291541 -0.0302493244710921
-0.0349858913308382 0.00360617696014505 -0.0111226057751214 0.0347993322191479
-0.0270323095083564 0.0259131044104336 0.058567453107552 0.00188125895372513
-0.0083868309667908 0.0396187205297204 0.0630491132305863 -0.0780185114426197
0.00126157041879552 0.0490890815984532 0.0548983862528394 -0.143741342540682
-0.0035911896350257 0.0470620136475976 0.0710043758933221 -0.18326685753633
-0.0334304877842409 0.0394020156190509 0.137618739969668 -0.169604457290387
-0.0468468224513181 0.0129859908374544 0.190428263793283 -0.0926542551103389
-0.0333494342314897 -0.0195095051912592 0.187615508610689 0.0338365196427561
0.0116768239815462 -0.0386303035307224 0.139470119858036 0.142986640374142
0.0346007464124356 0.00900715135340309 0.0387278668401464 0.207831041221014
0.0291975448808296 0.0462612306410723 -0.0202281133920277 0.296627928109471
0.0862874107342753 0.137950740049734 0.134280528624761 0.108778103682984
0.132041424114398 0.0354467631847536 0.115315370774648 0.00117225200669851
0.0845766805129763 -0.0829861270161582 0.0495619098826131 -0.0771243878227163
-0.0552588542867031 -0.0897017783400729 -0.0584239438124767 -0.0551090349065929
-0.101646264253272 -0.0138024378100791 -0.0453541584651773 0.0433354079166547
-0.0858678921465869 0.0557441561526357 0.0408162790274728 0.0320330107717271
-0.0386391142129605 0.0930068354817944 0.0592896985962235 -0.047758458387357
-0.015488207627108 0.104254243848269 0.0494307120952717 -0.115895296666023
-0.0280388548787028 0.0968657768720307 0.0562510020600038 -0.157257075428666
-0.088721146653507 0.070848919570566 0.115665899691823 -0.161560943720219
-0.109250084010079 0.000593061940527397 0.176385814558594 -0.107922718350381
-0.067145367153223 -0.0702484941379237 0.188869669730474 0.0175925816193551
0.0573414972381988 -0.0989226996949034 0.142163273104318 0.134303780427291
0.125515520117577 0.0265028737940952 0.0341794540567223 0.194248816687946
0.090327217815786 0.134242879241098 -0.0222687304459403 0.258053609858049
0.107138495367876 0.196865365545206 0.113515586320389 0.0646042322077927
0.185666714031855 0.0552968842879614 0.127954758662574 -0.00488491792254759
0.129274199875928 -0.115041653789196 0.055106941426404 -0.130390113570786
-0.0677627137071845 -0.136806304890392 -0.101130112843571 -0.08573488964421
-0.145283063224045 -0.0315726260876206 -0.0960322823310311 0.0557004041680786
-0.131962192450036 0.0709772278728121 0.00615875459723841 0.0720400305012656
-0.0654959911141247 0.129235378333718 0.041910348259995 -0.000514334311664224
-0.0306990877861276 0.144922959246332 0.0379475766570818 -0.0692154356429771
-0.0458866750543732 0.133774257223433 0.0366461633035312 -0.114808799435046
-0.12729236692855 0.0965195502000145 0.0862573060486154 -0.141999905425909
-0.157908239844727 -0.00366808421974037 0.157670847707552 -0.116464470772646
-0.101539586416485 -0.108407378227295 0.183927848945978 0.0123066546292816
0.0865126207386755 -0.154463864553598 0.124485402892719 0.131526239633692
0.199540008897863 0.0287362119194538 0.00591896296725944 0.166671385031069
0.14569726592811 0.194765962035011 -0.0361869285404005 0.1914142562983
0.108720886931753 0.231000437968365 0.10168924621503 -0.00277685101876673
0.209773182692807 0.0744062348992044 0.134589738462684 -0.0504149646249751
0.15428295127392 -0.123212274963372 0.0298394456815336 -0.187164982367168
-0.0629465037142228 -0.15836651054564 -0.15114463996611 -0.104234527376056
-0.160884523039538 -0.0467857419320838 -0.1445062976668 0.067781994703118
-0.157629923493174 0.0712902376837951 -0.0375771406083558 0.110265861475274
-0.0838058458543278 0.144062833268716 0.0124008200062139 0.0544907541649277
-0.0402975204213932 0.163551994787702 0.0209339973714951 -0.00946828185807876
-0.0554154366106189 0.153252131194214 0.0163732132948074 -0.0618924575908745
-0.147207948270598 0.113944131898619 0.057439050116281 -0.11143777014062
-0.18821859969004 -0.0025607574419418 0.135324980129212 -0.107644184997191
-0.128531837954725 -0.133362439808426 0.164724721216509 0.0233124908776697
0.101179230921964 -0.196184062669124 0.0816513688682721 0.126747153188768
0.24729401077319 0.02225725386879 -0.0331962744172949 0.122472331706331
0.183208259089053 0.222272149378567 -0.0597970131814241 0.107873217113458
0.0989405832531452 0.233478691766816 0.0923437352328064 -0.0877005964689482
0.204771583919044 0.0829278439747787 0.112120699884564 -0.119056832984255
0.155093139150687 -0.110873115100746 -0.0194557017241649 -0.217777075224194
-0.047271129838575 -0.153665540941597 -0.187138749791465 -0.102527247662575
-0.150247378262415 -0.055519603775914 -0.179518165534869 0.0728443938937141
-0.157534119740628 0.0592155462707561 -0.083161702888485 0.139276657041141
-0.0888794123517706 0.136474540523052 -0.0215074761195639 0.109382942136423
-0.0441252934207151 0.157585402270008 0.0020837459210063 0.0514108980152798
-0.0581546758637898 0.150543370026372 -0.00246988548457608 -0.00594161528772548
-0.149601676981949 0.115863113842263 0.0311022331845893 -0.0714831025825756
-0.194753903796541 -0.00581992735257872 0.105585530398686 -0.0811360633356616
-0.134262114040623 -0.14612424724691 0.122408511155636 0.0390313520854481
0.108547540645547 -0.20936806858215 0.0263268283422853 0.104395328208309
0.258611232846977 0.0167165351772779 -0.0620178352361283 0.0685373072985551
0.193616263506207 0.214443761681062 -0.0866286103211696 0.0263895685118919
0.0825523869727213 0.199534193573163 0.0745420348105349 -0.177163088723306
0.172040261923155 0.0747504797260036 0.0628010257465415 -0.177383808900665
0.131533026232162 -0.0868609220378845 -0.0658024818442073 -0.215361166520302
-0.0278453971042845 -0.126636400894325 -0.199926987465717 -0.0921293996427813
-0.117315511029731 -0.0549240543451832 -0.199787399821101 0.0701598267562583
-0.132025158732178 0.0393713658399725 -0.122824002425059 0.157429382285806
-0.0776889354246685 0.108030949932555 -0.0540071346000139 0.156528212450963
-0.0408223446313207 0.128001125949966 -0.0158852873788972 0.105277621438664
-0.0543896599343479 0.125957235342421 -0.0203851664681968 0.0445227126506009
-0.132596495526712 0.0979245853835686 0.00461029572097038 -0.0290458248113525
-0.172463796972539 -0.0157044080227695 0.064788677115179 -0.0474172560212855
-0.108761875684152 -0.140645861594596 0.0705411772495255 0.0405276915559529
0.106895200403192 -0.181586130031263 -0.0128524743355464 0.0669503146761121
0.230573373184411 0.0160597199965885 -0.0687089390871208 0.0278635826199082
0.170124135032809 0.176126668356819 -0.114512450944054 -0.0412470794701729
0.0581410156657412 0.133862244472477 0.0486641950315122 -0.246816846732177
0.115642770006019 0.0546961808462288 0.00974410309173912 -0.209041713788764
0.0885243531104651 -0.0536141430134361 -0.0967591407001391 -0.195823328573675
-0.00832062131512518 -0.0820709603294846 -0.198952731096352 -0.0801042035333334
-0.0682659422438478 -0.0438183985668056 -0.207510241216396 0.0652730412680797
-0.0860388955197497 0.0148893615644256 -0.149292246424439 0.166846607394158
-0.0556821730568077 0.0638810555973753 -0.0776852665298432 0.18879119696497
-0.0317220284201201 0.0790726810601717 -0.0312320912253171 0.142412413288341
-0.0421412171618502 0.0805271556832142 -0.0348441098528162 0.0812291518923924
-0.0961495826143158 0.0609432759785263 -0.0188997907963948 0.00618416644996762
-0.118377816235098 -0.0247541846158786 0.0231945596577466 -0.0240913834029235
-0.0609976758491969 -0.107509909520341 0.0310405519449811 0.0266103120515995
0.0850081308594675 -0.119018615933627 -0.0239241622959436 0.037495650550551
0.158539606898959 0.0158859020822115 -0.0646657823946218 0.0117726574902698
0.112984538489694 0.109089482579734 -0.137475272215519 -0.0880197874711235
-0.0241712319374596 -0.0324237340753346 0.15051445337313 0.145032297903333
-0.0490757857279672 0.000893151869663395 0.112849929574502 -0.0131914074931441
-0.0384640545616763 0.0303697743691123 0.0289690085112865 -0.0367795520867277
0.00918906921054078 0.0456096475498489 -0.0315242362133355 -0.0271313621810942
0.0398600517796754 0.0152987585387583 -0.00332202319284262 0.0276886878439563
0.0340536806701549 -0.0122450647683869 0.0563230629828508 -0.0103909323959077
0.019701221285305 -0.0212822071666121 0.0570650628869747 -0.0840170863774778
0.018692291479769 -0.014581005191071 0.0548527692769848 -0.146184081417574
0.025510798628928 -0.00815168249153514 0.0794643225794383 -0.184826598471878
0.0309524110133725 0.00857112193507608 0.149364789595744 -0.162302227711599
0.0206181707156471 0.0316961274387917 0.195596743362426 -0.0712426793637849
-0.00621206002336431 0.0382293132287326 0.183023236166802 0.0584056312620998
-0.0459004481586151 0.0153408527765682 0.11665497153161 0.160490095277561
-0.0584865002643246 -0.022966622365872 0.0119751971860809 0.21113882841369
-0.0234131645737549 -0.0565754597954823 -0.0414211882973108 0.292582353039829
0.0369809933831617 0.0585269469631346 0.149011976656024 0.140905404192651
0.0474601118562954 0.0184118404241088 0.11388550564815 -0.00698616172664066
0.0258840937045382 -0.0292237806450991 0.0347273376558786 -0.0484827945412978
-0.0264787964999792 -0.0249140933254144 -0.0367893796520702 -0.0312314451306638
-0.0350963783290774 0.00132674260723779 -0.0121562280855604 0.0343189192800199
-0.0273389525408675 0.0247059362432748 0.0586673224771263 0.00205486237404713
-0.00901888981443509 0.0390681507387069 0.0651897385420417 -0.0750295168303399
0.00101862517377356 0.0470541564316601 0.0580340640293715 -0.139964740848835
-0.00498127758071268 0.0465765305816219 0.0746343318505489 -0.178572620912044
-0.0348134678236801 0.0382722744948083 0.139944208494652 -0.164024907799973
-0.0472494359488149 0.0114998494028819 0.189856959927783 -0.085741016833061
-0.0326788941029844 -0.0202275573552238 0.183963889620764 0.0411448964160492
0.0121857633543287 -0.0384480755434143 0.132159360964299 0.146524069930778
0.0342200932954085 0.00939263357995546 0.0295757461748976 0.208320649563939
0.0287084448479653 0.0459831467338932 -0.0315683639609437 0.292235942338908
0.0798551495142974 0.139196017779484 0.131732838564096 0.115174451053843
0.129737307843319 0.0403401387544918 0.114973172774379 0.00523626756232851
0.0876780010300915 -0.0789597963254431 0.0515548928364225 -0.0765956714443545
-0.0510521974264748 -0.0911215104992131 -0.0561700314585417 -0.056641169564588
-0.10062860949255 -0.0176426106778197 -0.0462993501824665 0.0417975235686365
-0.0869349521278317 0.0525775238089489 0.0405698912020437 0.0316266081326917
-0.040513187062362 0.0911188298650706 0.0601645312973 -0.0455824368481821
-0.0180869071402437 0.102113617572767 0.0526070460460503 -0.112752969419078
-0.0303965550821468 0.0945296197348904 0.0589602410026578 -0.153514137647114
-0.0904600754880043 0.0675827531985332 0.117566518796683 -0.156880295158446
-0.10881406389854 -0.00234029158841698 0.176998730864546 -0.102581009919973
-0.0642252149983687 -0.0717614760526605 0.185620104937494 0.0255452827215642
0.058871443273766 -0.0969704381058754 0.135958948407063 0.139260744728182
0.124375975468046 0.0289787733144124 0.024726710140666 0.195160976432169
0.0859918459206316 0.135007410163678 -0.0320420751823432 0.255248931228016
0.0993038750758674 0.198318642785565 0.111942858269783 0.0704800343163259
0.182927404658412 0.0621716672993101 0.127581803876264 -0.000445876292140434
0.133174311884756 -0.109414109766614 0.0590008732033271 -0.127881712606757
-0.0613944153850232 -0.138147408669772 -0.096201654490515 -0.0901616764554661
-0.14323256935473 -0.0369266717609778 -0.0975536560752563 0.0516070236224902
-0.132902655888105 0.0667476910245629 0.00457363392761703 0.0708254916234263
-0.0688562302624133 0.125840922868286 0.0413415098133937 0.00011929237515211
-0.0333013293147157 0.14157848591628 0.0387387888375061 -0.0668610453190868
-0.0495797586515256 0.130854355069347 0.0392038211855209 -0.111345935151265
-0.129770105278707 0.0933429083863392 0.0886534314085074 -0.137899449768452
-0.157101000463528 -0.00720244366214989 0.158483506371177 -0.11069342453845
-0.0974830145549488 -0.11108125179816 0.181690824690833 0.0198115353504327
0.0900317111271626 -0.151339436451599 0.117561205110101 0.13541283102107
0.199234476363109 0.0343142876084385 -0.00199466484877787 0.166992375418451
0.138282727170683 0.198387476570849 -0.0439761467005088 0.188062908331643
0.099397955344201 0.232373170277705 0.102210913304531 0.00405740454974263
0.20684471594393 0.0814933449069973 0.136395693357982 -0.0447158762740942
0.15821425769868 -0.11733807162426 0.0359220832402661 -0.18553951505439
-0.0570737576748451 -0.159574365804787 -0.146432538694356 -0.110393242460281
-0.158478221925339 -0.0516319349485006 -0.147116138309701 0.0621811788971506
-0.158455404449504 0.0659744676012125 -0.0397154247977627 0.107758909756422
-0.0868464728948912 0.140835468016281 0.010526160454342 0.0538925567004871
-0.0436933804253009 0.160142865755574 0.0203020896031595 -0.00910209568734488
-0.0593871538044729 0.149723853800366 0.0175200148472098 -0.0589078238151182
-0.150214631842606 0.109276958854098 0.0588526288089483 -0.108788598989554
-0.187527389137706 -0.00792559847590213 0.135413001358605 -0.102486983972977
-0.122430238805129 -0.136886140162209 0.161471805929611 0.0298396497285196
0.106730387105228 -0.192286209078418 0.0752940680551405 0.129529228964664
0.246521841905418 0.0302228032117863 -0.039187957114803 0.121587551189163
0.173911717439796 0.226241120045431 -0.0636542855590132 0.10471560888053
0.0896864906158205 0.234811418110313 0.095278523455674 -0.0817579313811705
0.201695409419371 0.088909272138405 0.11689147732739 -0.112569767352008
0.158054630337061 -0.105927895974602 -0.0120283556081605 -0.216810167016273
-0.0419723991274184 -0.154628700607254 -0.181602516581346 -0.109820511294622
-0.147214851396397 -0.0605002454801006 -0.181905193461525 0.065833237323981
-0.157764383854944 0.0541191446213066 -0.0860017399177616 0.135162001483086
-0.0915428180964057 0.132905444881422 -0.0251208115559061 0.107413860150048
-0.047050444709349 0.154365797431849 0.000655798559248998 0.0514260213883379
-0.0626397624920425 0.147722898309125 -0.00285826727169268 -0.00499559944759434
-0.151826205947377 0.111228448677067 0.031676367248552 -0.0698377346996377
-0.194497720700016 -0.0116356269357603 0.104813101817718 -0.0764709639902395
-0.126581381621947 -0.150104732332335 0.118811359460443 0.0446279658411796
0.115359364356009 -0.203746793855442 0.0218309605492185 0.105583464917007
0.257754645261813 0.02490121243292 -0.0650116081186875 0.0674594301421631
0.183921406424949 0.219385386279525 -0.0872591084232603 0.0239455714277736
0.0752404099065834 0.201294385180867 0.0817990222528192 -0.170716913252589
0.170211404759872 0.0792343379633526 0.0698121219394564 -0.171902761680564
0.133414211626447 -0.0827391207663043 -0.0581153598033548 -0.215251471370102
-0.0235376847671826 -0.126014436119722 -0.195141842228034 -0.0999104414811652
-0.115023158260295 -0.0584369124289598 -0.201299161799645 0.0627062544280271
-0.13231541740988 0.0351355508906186 -0.126321993489022 0.151894137776679
-0.0803693887629649 0.105378276498951 -0.0577392653885817 0.152677335701725
-0.0434827846858586 0.125030213270431 -0.018920961775987 0.104116391600839
-0.0579241431641476 0.12342471329779 -0.0220269189681076 0.0439042492963842
-0.135272416722189 0.0927877932924146 0.00464955682890379 -0.027783762579777
-0.171869389758405 -0.0216873747634042 0.0640194042627657 -0.0448334582656725
-0.102058636905826 -0.143917539654918 0.0669996708260664 0.0442917088481142
0.112257902394786 -0.176228951869301 -0.0146684297754933 0.0677889309147494
0.228703987796934 0.0234275198216393 -0.0692918853692526 0.0267877519323581
0.161516778247531 0.179454238052305 -0.112481616631747 -0.0436958136227743
0.0533069384264884 0.135190108311613 0.0580898104406507 -0.242002558758726
0.113856921114184 0.0572176426318371 0.0180036341762684 -0.205245891397873
0.0896447557938883 -0.0509665822938681 -0.0892915537086119 -0.196831678498831
-0.00514588366751798 -0.0818304057720503 -0.195031111180599 -0.088151617978914
-0.0667484244269554 -0.0457764442826309 -0.208411982747703 0.0578348824220589
-0.0860131902657199 0.0123313671524736 -0.153248653109926 0.16107352847766
-0.056504999927016 0.0620354339089952 -0.0835419484578058 0.183841983902303
-0.0332903358495291 0.0774296288453162 -0.035425688064403 0.140177276548242
-0.0448823975589231 0.0788208734434137 -0.0365118928946967 0.0806284768225505
-0.0971583710711825 0.0578405145430192 -0.0203956213894761 0.00621208014440406
-0.117207949901541 -0.0293090359791564 0.0215940162812044 -0.0231918712517198
-0.0559760221105026 -0.10828695334654 0.0296861691311307 0.0282123084195375
0.0880685806533134 -0.113965713945646 -0.0242048592016425 0.0374603606920044
0.15642597068494 0.0203668308057868 -0.0644717328327833 0.0108756852576838
0.107117142273446 0.110907924146295 -0.133417347571958 -0.0910405244299917
-0.0237581104868723 -0.0348151581045763 0.151371581663163 0.155095235014608
-0.0499270187336195 -0.00207049784847386 0.11768485069591 -0.0112850075506836
-0.0401975126226717 0.029722809962989 0.0303595295917489 -0.0391064004228189
0.00766298416103672 0.0470254130247194 -0.0326448410968476 -0.028350720617154
0.0401854117229705 0.0164855382315005 -0.00368902766946619 0.0284019640324752
0.0355725032017163 -0.0115931187067391 0.0593779604456682 -0.0106460113461309
0.0214162442098611 -0.0213836314612417 0.0621632749143067 -0.083935429253775
0.0203479606497357 -0.0147189209117073 0.0604468357130311 -0.147965028177503
0.0263506076989916 -0.00781745077951229 0.0852692020154147 -0.18605540586078
0.0313693846581695 0.00977669069366222 0.15718925738379 -0.162192885135357
0.0201053157482567 0.0330937897333115 0.201983981055893 -0.0668711391375086
-0.00776253147450744 0.038692942434843 0.186202471974039 0.0661955216010433
-0.0478820686791399 0.0139917284453476 0.114174630391549 0.168863874947263
-0.059775166151884 -0.0260130043458481 0.00329322079479054 0.21790182402943
-0.0212085962305706 -0.0594075695234375 -0.0528897448318698 0.299516309648734
0.0354459770345426 0.0608897614867928 0.150359024293115 0.151853474438394
0.0479803375343079 0.0205981459031551 0.119433755594216 -0.00392334257605859
0.0282109781899551 -0.0290442470723753 0.0370570995797785 -0.0507503819859649
-0.0258478053821495 -0.0264851464446615 -0.0367161718468322 -0.032791201319355
-0.0368377699643411 0.000368417191061531 -0.0126473576169084 0.0353327683589123
-0.0286494849376606 0.0246441059048498 0.0617461220260566 0.00246441891338364
-0.0105799792439433 0.0393882904262676 0.068905178167867 -0.0756680555315762
9.61879629382306E-05 0.0482612541169242 0.0641132118465532 -0.141657428397447
-0.00636353406571785 0.0467029648554591 0.0803327464410264 -0.179855855804168
-0.0366808301380658 0.0390746676558477 0.147820711850876 -0.164507088240366
-0.0486962682610848 0.0104915268659509 0.197166207716294 -0.0831697708638284
-0.0328567103261672 -0.0219415882657939 0.18801677089178 0.0494667712458485
0.0133415419878374 -0.0404847984620098 0.12994183768143 0.155361858302448
0.0356201133712756 0.0101836740922228 0.0209060311764014 0.21721359971749
0.0283778138945547 0.0471430739234721 -0.0433996802007002 0.299764572692844
0.0776430489827014 0.144911611477815 0.13315396972533 0.124747391312849
0.132003612258747 0.0453878792011755 0.118825042363827 0.00959028608148493
0.0936797446879952 -0.0779649003280925 0.0549648439291096 -0.0783600865648292
-0.0484414931357249 -0.0954509311407142 -0.0562569165385748 -0.0606386693226818
-0.103134125449107 -0.0217604432909689 -0.0494951132334462 0.0414890385584458
-0.090942502460277 0.051752955751499 0.0418174074129158 0.0329713531956629
-0.0445150140758911 0.0922168890416563 0.0626806605592869 -0.0452245566798756
-0.020335676156315 0.103520624425408 0.0569005347872089 -0.114335971612185
-0.0340309023201813 0.0961353614742611 0.0638687920933925 -0.154164554241994
-0.0948082367450178 0.0682635364260576 0.123486540036431 -0.157382861825521
-0.111972312357678 -0.00476297314138332 0.183548762622899 -0.100001723351982
-0.0636788528056739 -0.0748558283394689 0.190349277623613 0.0325986008130244
0.0629334619669087 -0.0995856811412069 0.133716566430388 0.147646567230643
0.127841110921327 0.0322490924701857 0.0168416852628096 0.202742950706707
0.0846752687175541 0.140665552201786 -0.0422173491637025 0.260851143241274
0.0945925873595241 0.206421938632675 0.115297333827973 0.0783023930710058
0.187213464067533 0.0709720496450837 0.131675041818975 0.0047347653964537
0.142073596537577 -0.108385283286008 0.0639122794902124 -0.130374952483833
-0.0584445739599047 -0.144595631410678 -0.0966397221387227 -0.0967239901134152
-0.14681514206565 -0.0424376014020793 -0.102769527928653 0.0501373978664443
-0.139011869518333 0.0647518218135732 0.00392628633764629 0.071444910344648
-0.0739856888587078 0.127592643111909 0.0418981535921325 0.000735103539233927
-0.0372841186960682 0.143774422157288 0.0414918053266723 -0.0674650031016466
-0.0539846724371017 0.132420664048812 0.0424123922467078 -0.111397425595588
-0.13609982132548 0.0935814437431695 0.0937374500407009 -0.138281731014237
-0.161996353379844 -0.0115713961386531 0.164065338240624 -0.109902875422498
-0.0963746042761751 -0.11664706558826 0.185807091967861 0.0280248240425849
0.0971587865711255 -0.15506137608174 0.115959267830689 0.144410125999247
0.205049400441277 0.0408597596813263 -0.00910442776435241 0.172997878929391
0.136181894241371 0.206977693661633 -0.0525698480171916 0.191859630057419
0.0939236238237155 0.241527537797635 0.106454795199273 0.00990810727834155
0.211707151880035 0.0911448843647822 0.142708383467433 -0.0402054978109489
0.167357285497391 -0.116112892900269 0.0420123014939972 -0.189286256048237
-0.0534025981954079 -0.165567054419903 -0.146948355118552 -0.119447199426913
-0.162279516324373 -0.0579500363736143 -0.153372656923771 0.0590030256219118
-0.164906103373872 0.0639542710184018 -0.0434142981277373 0.108459790856419
-0.0932129487998463 0.142471149873811 0.00898767199346594 0.0550550502103277
-0.0480293466431411 0.161593491350423 0.0211658446230301 -0.00906042876612485
-0.0651519246590571 0.151757200127299 0.0192619137617747 -0.0588239513514569
-0.157615895593323 0.109463206859303 0.0625041122895507 -0.108796162792022
-0.19378512296211 -0.0129139019925187 0.140232238709861 -0.101746911606586
-0.121614871582203 -0.144817713190244 0.164918744170353 0.0378196309801759
0.116885045920829 -0.195476612236877 0.0724292398790674 0.136324459278172
0.253952405509297 0.0380848905537369 -0.045903471827362 0.124938698829555
0.171403622437076 0.238470527445788 -0.0695381052906064 0.106170526777633
0.0846610367692466 0.244738306935971 0.102172214187038 -0.0789301362975166
0.20655185274867 0.0982689157473803 0.124677972920568 -0.109789726354653
0.166795492055399 -0.104756321500997 -0.00536383555411606 -0.223260792649525
-0.0383172418972041 -0.160007104487363 -0.183779584200995 -0.120749838603805
-0.150140371363956 -0.0665760043878638 -0.190183237712107 0.062078456864442
-0.163927992152288 0.0519029957700467 -0.0911203600282331 0.135976824110075
-0.0969114226868496 0.134072482308464 -0.0287274312861973 0.108643232358636
-0.0515909815389778 0.156466588262329 -0.00140838633444995 0.0527286570708186
-0.0679781744964974 0.149819497574211 -0.00326887983657284 -0.00388933697726391
-0.160260614030445 0.110472945361122 0.0328276053657877 -0.0696268176916558
-0.200649733757761 -0.0171577162947423 0.107423870419833 -0.0759082559946526
-0.124829045145674 -0.158612524802236 0.120881499749654 0.0514470630057515
0.125969265687595 -0.206129665301933 0.0183627684509016 0.110449384332716
0.265519627983437 0.0338521150772037 -0.070629711220448 0.0684007643955511
0.18139411832946 0.231424304519285 -0.0908168632334559 0.0219058399813567
0.0706226537712376 0.209614304921345 0.0905724231533804 -0.171054943583315
0.173694611031199 0.0868104756365553 0.0794184309740213 -0.17292413147308
0.139471622249176 -0.0811413524211957 -0.053018043977562 -0.223332818138468
-0.0205767406455756 -0.130549947789405 -0.198166062155985 -0.110546280080758
-0.1164451389446 -0.0636418894497674 -0.210114181207665 0.0579183119647244
-0.137507240930526 0.0328894810516154 -0.132646443969326 0.152218152819005
-0.0848562300147684 0.10636859602832 -0.0639896853429936 0.155630382019123
-0.0466034193386229 0.126586453981325 -0.0223954025842613 0.105991270051227
-0.0628929012802916 0.125410010897976 -0.0232788623760865 0.0458323885624812
-0.142624757084298 0.0916683887351468 0.00418105271673617 -0.0275648599706417
-0.177085460229062 -0.0268536434552431 0.0640824293060936 -0.0444467836102439
-0.0988195378623601 -0.151757347021165 0.0673125677255587 0.0490461401143192
0.122033461835885 -0.176589435840197 -0.0175111993271827 0.0699900967158791
0.234469642985581 0.0311378468987515 -0.0722852252094145 0.0263985443637122
0.159618983623311 0.189350485008868 -0.114383921195938 -0.0480478644514239
0.0507052313660097 0.140410866097331 0.0682851483181262 -0.24614947972778
0.116983898303705 0.061303255987526 0.0267688290644697 -0.209678116981447
0.0931985377578693 -0.0501821876841788 -0.0857198358620887 -0.204857778949548
-0.00343995482202775 -0.0844384995909791 -0.198653895275766 -0.0977943210411544
-0.0664298106046268 -0.0490302402226847 -0.217151696137076 0.0527687949902316
-0.0888575052743607 0.0106572990786602 -0.160525616736205 0.160930223419345
-0.0593245502030114 0.0624388855303641 -0.0894180611547229 0.186932412547644
-0.035308424049986 0.0775907111593949 -0.0402592311341008 0.143734950477068
-0.0486118821187208 0.0800752041890576 -0.04001981506313 0.0821168466784894
-0.102363000918346 0.0565549768790842 -0.0226766947409977 0.00711376250845524
-0.120716530241885 -0.0338427559811132 0.0207750016802427 -0.0227886054893069
-0.0520972742388429 -0.113921986543666 0.0293379232279288 0.0306300389766129
0.0948008819507827 -0.113218563020818 -0.0256774871702825 0.0393362204216733
0.160682379374765 0.0252963854916805 -0.0673917106521829 0.0103418829088565
0.105883717705217 0.116783932484424 -0.133863753297407 -0.0968401365563537
-0.0250696019984769 -0.0376527561765695 0.161515418445693 0.16545006784113
-0.0530929304176604 -0.00243923922066324 0.126281921234462 -0.0133144325100447
-0.0428901722353654 0.0313071635449316 0.0322905755109954 -0.0434970148187684
0.00763611917714934 0.0500240491495773 -0.0347563453533826 -0.0296196070933196
0.0423773601285112 0.017666170410034 -0.00292208511241959 0.0291973718232377
0.0381398307766262 -0.012152428078558 0.0640132838755973 -0.0133866075032343
0.0228980896810867 -0.0229164870331624 0.0662572624959504 -0.0882887286812908
0.0215498686182144 -0.0164056127707652 0.0639895001371109 -0.156081347718109
0.0277991826076395 -0.00847977637263861 0.0906389212284115 -0.196301296360302
0.0328911201300913 0.0104632369920951 0.164938014350663 -0.171234315479722
0.0213187075890556 0.0346611907950561 0.212998837453996 -0.0705115259920562
-0.00868155232518415 0.040957916371366 0.196695179407536 0.0717454752576612
-0.0513863192341422 0.0145590134461418 0.118458560607893 0.1794243029914
-0.0629671155152396 -0.0275630715534252 0.000353794927942603 0.232090091939048
-0.0215416018300985 -0.0646925263092591 -0.0588201094105047 0.316500777587867
0.0369249869161981 0.063979322450394 0.160520516595029 0.162611303805938
0.0505453687935925 0.0218463313153907 0.127835920905009 -0.00487593415146157
0.0302556734097879 -0.0301137708713278 0.0386021105094216 -0.0558105054458788
-0.0269627545276424 -0.0282992568986915 -0.0397560873046795 -0.0352008961474886
-0.0395852954222218 -0.000425702327918361 -0.0135951835753221 0.0372264563125795
-0.0304949403477701 0.0261286342778256 0.0659492701213139 0.000627154741399306
-0.0104052352738654 0.0418816720074079 0.0737283084172607 -0.0793879704760599
0.000255286015774238 0.0492937412225439 0.0668111504156354 -0.149097586537497
-0.00631172435550317 0.0491027684304803 0.083929890723413 -0.189251576997345
-0.0389658150625645 0.0419399647850116 0.155189978309994 -0.173196249013224
-0.0513559582614014 0.0115825813928401 0.20728347761498 -0.087613737692364
-0.0349344990930479 -0.0234450547842319 0.197978183018904 0.0533906344088576
0.0133112457011479 -0.04365724856974 0.13564200881268 0.1654658712325
0.0383599712315037 0.0100117810222407 0.0187558933463249 0.230206451656169
0.0311204865448065 0.0487732034593573 -0.0484036581132192 0.316041476823267
0.0806779824812583 0.152959719731818 0.141508343328184 0.134288859900863
0.139817063492702 0.0495445141266908 0.127565975329711 0.0106479807142257
0.100053001791697 -0.0816192690372571 0.057798236638068 -0.0836543255551338
-0.0506628552020533 -0.101063247926836 -0.0596153791098603 -0.0651162334141023
-0.109677484778552 -0.023760232743171 -0.0526786159131736 0.0442076906022291
-0.0964326571108859 0.0550880024993448 0.044789579751286 0.0332579993050806
-0.0465414091356787 0.0978343497211863 0.0666380907502488 -0.0481615192198176
-0.0202898872579654 0.108219975430805 0.0593720809777078 -0.120173715891243
-0.0355339687060751 0.101091682123656 0.0673684476095899 -0.161606153973764
-0.10060868633495 0.0727689726612468 0.130195024768155 -0.165959743094413
-0.119086654244514 -0.00375279646946456 0.192046513425284 -0.106448142678328
-0.0672024053355624 -0.0797864611113822 0.200913206709129 0.0374191986685288
0.0660560422506438 -0.105685014972405 0.139749706861838 0.158108244221431
0.137172784318982 0.0336674205125203 0.0147153042735886 0.216337005138013
0.0898504485102536 0.148774649272314 -0.0467903288124477 0.275643516320551
0.0982487961268636 0.218762121400941 0.12253765987868 0.0858466318390301
0.197955145661485 0.0760144221593374 0.140682855491668 0.0073298283170791
0.151984919021447 -0.114057153093599 0.0677635368948934 -0.138027298123595
-0.0598989694421819 -0.153323698444933 -0.101901946273307 -0.104178000637781
-0.156690486228293 -0.0458811854426228 -0.109518442552287 0.0532091092096574
-0.147604492990031 0.0690481820712076 0.00496370555563283 0.0749621867326967
-0.0773714703881231 0.13550595381493 0.0441716224299141 4.40741575115606E-05
-0.0380729538765957 0.151191898820676 0.043836407292636 -0.0708948906115639
-0.0568085233260818 0.140263869532861 0.044110511372371 -0.116618224175254
-0.144404943551789 0.09988877408312 0.097911640619169 -0.146367553628019
-0.172805662053093 -0.0110975659234905 0.171665360954264 -0.115422933906848
-0.101882105513032 -0.123585672779654 0.19701461911315 0.0325937819546676
0.102651273279259 -0.164383393638139 0.121409555542256 0.154664702881509
0.218800985374261 0.04229997574691 -0.0123247892825821 0.184646221824286
0.143135786245909 0.220478942364023 -0.0574588529322685 0.203045005474607
0.0979318814070945 0.256521384248874 0.114002675243164 0.0131651199148345
0.224458326584004 0.0976432903180478 0.152220965352422 -0.0394591701958598
0.178426153614457 -0.123016431798246 0.0450387298071106 -0.200068095649546
-0.0558967061105648 -0.176489212862184 -0.154930001819291 -0.128088653146337
-0.17228707127375 -0.06248835079356 -0.16438314943194 0.0625493154246952
-0.174638262719666 0.0681303835967181 -0.0456868268524401 0.114129749583088
-0.0978370075714338 0.150924847455929 0.00915906495207858 0.0571315122244491
-0.04926913217809 0.170169852271044 0.0222309297596579 -0.0094028945395213
-0.0690084549173174 0.160686643237651 0.0195244056689811 -0.0613412427337095
-0.167726667692692 0.11721400884998 0.0649534607543208 -0.114043684557598
-0.206618767496319 -0.013083248819417 0.146265994903545 -0.107408542416545
-0.127759176015887 -0.154422022543195 0.174248415612175 0.0435057516658716
0.123909156225744 -0.207826828917313 0.0753605279352238 0.146277112079712
0.270858610808816 0.0402549225373532 -0.0502172203749594 0.133497854121771
0.179871269994308 0.253327932513741 -0.0745887650966528 0.11236404016204
0.0881210943315495 0.258760853890547 0.110557781478848 -0.0807798330972934
0.219746363213577 0.10482075632791 0.134689429748054 -0.114452084018131
0.177047439964724 -0.111642912746171 -0.00492793371573589 -0.235984102336166
-0.0400895350655289 -0.17030292292405 -0.194463543675146 -0.129473303561309
-0.159361891523532 -0.0714967133387753 -0.202882249869042 0.065370024389868
-0.1743536111429 0.055077686237149 -0.096448035795164 0.143047993583844
-0.102498662730059 0.142952607409096 -0.0307357848073296 0.114131707548932
-0.0531043901094011 0.164045908852515 -0.00168660512224818 0.0559110607289278
-0.0723277190491345 0.158645099306089 -0.00305106997464957 -0.00288373523373188
-0.17063817682565 0.118492239475206 0.0339225703174278 -0.0721840441004446
-0.214660451318826 -0.0184224328311514 0.111609091334366 -0.0797164976395812
-0.130672059707855 -0.16991847719592 0.126954572904379 0.0565270652950645
0.134932663962149 -0.217694007914961 0.0184418857477865 0.118044159377722
0.283317504980204 0.036190373222559 -0.0752419776962352 0.0735454463112343
0.190103906430905 0.245826744220858 -0.0973011963476274 0.0227416697970861
0.0733567199363931 0.221681038198187 0.0982924300906448 -0.17917569686257
0.185708217698872 0.0911375098310011 0.0863436056294112 -0.180666294866779
0.148203590554202 -0.08604882407406 -0.0549999823474852 -0.236052381576427
-0.0214149454239267 -0.138134737403199 -0.209851677943947 -0.119196126602608
-0.123878471233328 -0.067830933113236 -0.223426491465449 0.0606480855413108
-0.144912203014505 0.0358927054158559 -0.140015276794819 0.161536927332735
-0.0889846100810367 0.113152832623931 -0.0678135543198399 0.163357786563875
-0.0488246813044721 0.132971589575139 -0.0235326801968856 0.113098969754651
-0.0667758129915292 0.132899454188727 -0.0250531156705143 0.0495684787229764
-0.152334568368332 0.0978826585211669 0.00293109543091867 -0.0273841280538934
-0.188986362937272 -0.0293203960481925 0.066013303473455 -0.0468516545167113
-0.103032192978379 -0.161887431341311 0.0711062613558849 0.0531458460988002
0.13101319533855 -0.185702582874038 -0.0191713674972581 0.0748910827118012
0.248727689640068 0.0341452156822384 -0.0772299464436151 0.028830317985991
0.165576825401429 0.201851196069436 -0.120714995227466 -0.0512583750393699
0.0531013194979881 0.148667433246462 0.0750404816488898 -0.258133019997351
0.125012988900372 0.0643119123728634 0.0313145530041739 -0.220369252189523
0.0982251531012955 -0.0527142703902258 -0.0903563548694849 -0.216307022088625
-0.00349558699684472 -0.0890695310279297 -0.21064441862148 -0.105022636883772
-0.0706115842979335 -0.0523547285115404 -0.229998152222641 0.0554933482935318
-0.0950943326261045 0.0115006969495822 -0.169477688650092 0.170532867166093
-0.0628314498068362 0.0673792446815707 -0.0946894894401356 0.197351074253999
-0.0366106019628721 0.0811852795867587 -0.0416182940791678 0.151648404797179
-0.0508937313657918 0.0855948364846 -0.0421102662077027 0.0873241375561868
-0.109244051896743 0.0597704656545512 -0.0250413954756907 0.00902772745377178
-0.128478688512446 -0.036977968907951 0.0193816665426493 -0.0241629492794712
-0.0534099294152662 -0.121567289183746 0.0307387627955683 0.0330032075268051
0.101000972928742 -0.117946538503927 -0.0266131128517633 0.0428591292831084
0.16991561885523 0.0275376835403893 -0.0719168820989028 0.0126563172171274
0.110174201298805 0.123588797430312 -0.141475102946846 -0.102439235475185
-0.0362572202902911 -0.0355300512555426 0.206704196371033 0.149269112591522
-0.0576129561563829 0.00528268964914204 0.135222768587291 -0.0382916275273064
-0.0401255416262928 0.0404821519753564 0.0271201094048955 -0.0574314909863808
0.0165343049038286 0.0518488706154242 -0.042987836836574 -0.0266811059090284
0.0458899894829317 0.0127208976655734 0.000527133733710691 0.0304910940343642
0.0382796713534619 -0.0187568678576121 0.0634083771031212 -0.0265482736115886
0.0212582478477514 -0.0272608932064687 0.0542878779663155 -0.10577901689859
0.0209401790874656 -0.0201056652243976 0.0413929336732859 -0.17253145326106
0.028657091153271 -0.0134543527689211 0.0621102062606362 -0.220243885233566
0.0366571901083702 0.00745511488423853 0.145481343584528 -0.207100643147097
0.0278034706298478 0.0351357369842086 0.212953429525123 -0.108925241672624
-0.00467049816712747 0.0431226681486884 0.219586019837682 0.0444691464334645
-0.0524806757523916 0.0235203969187893 0.154020765945283 0.170214892163434
-0.0694435289523733 -0.020138157507913 0.0355302880162778 0.245414603328304
-0.0306781774522171 -0.0660735254295388 -0.014817470023178 0.342588053645132
0.0469974064891632 0.0617224697760709 0.194649496676125 0.142655165143516
0.056161552839008 0.0172598647414303 0.133372438857155 -0.0274558592549147
0.0275543206723958 -0.035739318346173 0.0300414047669568 -0.0651512129641359
-0.0312616785505876 -0.0256192959309205 -0.0479389353978725 -0.0282965828603921
-0.0428121019270894 0.00552777973624983 -0.00518611681095129 0.0418063353506431
-0.0281857473104196 0.032665139678908 0.0708477057428701 -0.0137633673770896
-0.00417114181532519 0.0457515940599154 0.0656214937721397 -0.0992042125809482
0.00928466787992119 0.0519103815232513 0.0458459655107303 -0.16602339547753
0.0024842010194505 0.0520762261349337 0.0578994166793802 -0.212043942681287
-0.0331241058140763 0.0521098840704085 0.133507138330613 -0.206695706914659
-0.0518882597760755 0.0235534639487868 0.204478694415196 -0.125163027697674
-0.0415578917419124 -0.0195926719095544 0.218889998473698 0.0270109505181291
0.00507554786885513 -0.0474521704112767 0.167820021210905 0.153688459426027
0.041233794679594 0.00235471187367412 0.0552900591625555 0.239216196685931
0.0416390419955579 0.0430288157646527 -0.00413973469564947 0.341200676509807
0.110706656246899 0.149344646931126 0.160999979289076 0.113792577031085
0.154723022522391 0.032964392689823 0.130683816440448 -0.00898057853736187
0.0936741326170066 -0.100438412941244 0.0433001620110559 -0.0916376393683888
-0.065341071342043 -0.0995678963946792 -0.0723924304284068 -0.0521900531251501
-0.120036385669747 -0.00924818004607961 -0.0418568591001217 0.057192068175052
-0.093302793309111 0.0726706491347526 0.0572693362861691 0.0218126555689648
-0.0334368747568289 0.109829649399576 0.064936025030046 -0.0654953816799733
-0.00347659450884634 0.115980905228479 0.0424367442699192 -0.135480910220087
-0.0198832687307641 0.11111366503125 0.0435018470334813 -0.179646357917309
-0.0921337660884469 0.0935018242206815 0.108978809388057 -0.194162655083572
-0.124038068783731 0.0184516352861499 0.18604330747271 -0.141585385124008
-0.0837487984001681 -0.0728919513262823 0.219815243462487 0.0107698089902187
0.0493034320725502 -0.121476724964757 0.170013616252043 0.145410511556514
0.147635934166639 0.0104515784160606 0.0489042892233726 0.221818617982217
0.117909878464467 0.137249331997867 -0.00813329193851745 0.298803368166015
0.141896235257523 0.215443311652548 0.126542191317464 0.0629309534349154
0.221391118295858 0.0520508964391402 0.141479496724293 -0.0138650713694824
0.144279778028054 -0.142682266533633 0.0437576748777546 -0.147312068744817
-0.0825748927337775 -0.154179885757935 -0.122402149821277 -0.0834825990212865
-0.171547351039156 -0.0264623898565504 -0.0983920702025914 0.0776621410753865
-0.14526263412976 0.0956867795338467 0.0245685519466491 0.0717888302169567
-0.0605611984392603 0.15460830506263 0.0505019656155948 -0.010564156461288
-0.0155331150267787 0.162890484645698 0.0335463827069434 -0.0812077320130321
-0.0356341821278001 0.155113837360782 0.0276478629220807 -0.128973645272748
-0.132838450658534 0.129300142934625 0.0795912087874826 -0.167350006777444
-0.180965805240929 0.0198580585892251 0.163400458070778 -0.148376328378203
-0.125865846696022 -0.114057485107822 0.214458814990317 0.00749066908217603
0.0784093846094343 -0.188683250936457 0.147872404761888 0.145112057939592
0.234394404109941 0.00717243784137838 0.0153461645079931 0.192264284397388
0.184840706143304 0.203928984470238 -0.0290150475189503 0.223509655432207
0.148646010975692 0.256677508585842 0.102697135483419 -0.0143241752058063
0.25391987564625 0.0711123518451947 0.145096646307509 -0.0652126762156366
0.171498279590213 -0.156380389766984 0.00783515380197431 -0.207788669443291
-0.081737553103564 -0.179578492542952 -0.183364122833418 -0.098115320092655
-0.19130028667263 -0.0422688959078379 -0.15291570219078 0.0981179378029734
-0.174317606647885 0.0987496088745807 -0.0202044761496239 0.122794935717758
-0.0800544442506677 0.173835981083038 0.0248044987666619 0.0558474825886343
-0.0239102210274702 0.185437185862091 0.0213532493235973 -0.0134124683365064
-0.0449615045812712 0.178619087047564 0.011557410938636 -0.0658529070457951
-0.15506871102261 0.151057590297853 0.0502680323076758 -0.12838682311971
-0.217055650557673 0.0230101682445837 0.138011452721217 -0.134769600263694
-0.157530935351548 -0.143068752503896 0.192330656172878 0.0230739075330578
0.0941200782914792 -0.237511080231776 0.0970214757683785 0.144272404976257
0.289493120561948 -0.00218096252925908 -0.0327084681088338 0.143018325444068
0.226386388732721 0.23298146488045 -0.0618735036856692 0.130782905960183
0.140074217423206 0.262436236756261 0.082848150672416 -0.11414589635173
0.250825839669242 0.0784537351873751 0.113818214770704 -0.141808457457677
0.171640425590194 -0.145004111384384 -0.0514866191515825 -0.237417952006219
-0.0638991075923115 -0.174739152869952 -0.225544838377141 -0.0932150656862632
-0.179247203102279 -0.0539387305545055 -0.193825570966109 0.108481606904696
-0.1756380777644 0.0848944694275398 -0.0687032469082481 0.163342451969505
-0.085886297870363 0.165576222760859 -0.00702929257890571 0.125048491137656
-0.0297195247007578 0.179420250434762 0.00726813932637868 0.0582053103642101
-0.0493987021690742 0.177069096308253 -0.00307602997042399 -0.00125707110988735
-0.159000548111455 0.152355228236418 0.0243349765980666 -0.0787172915577638
-0.226615806456369 0.0173312994675738 0.105765778700368 -0.0996384838441542
-0.162474243648189 -0.159486871894654 0.144151704730947 0.0456313138033174
0.104381306948409 -0.249276459181895 0.0322438828147126 0.123741569975553
0.300091969284336 -0.00794190130695987 -0.0675569977045228 0.0841269791565612
0.234657787101022 0.22417079092915 -0.0986929802924501 0.0401540651052874
0.119576144760213 0.225034429180056 0.0559006181164136 -0.214807460412394
0.212996595872395 0.0696405527373721 0.0530246998847937 -0.204441916228054
0.144812941503295 -0.113886911241619 -0.103368627850443 -0.231136909165381
-0.040256634393436 -0.144559845180537 -0.240715432949041 -0.0802293037484472
-0.140182571808831 -0.0557905015925113 -0.218567597263554 0.107036160495298
-0.147612457440924 0.059390641166211 -0.113311538556088 0.191065606197728
-0.0765174345232025 0.132212061697078 -0.0386547386848854 0.185156011614278
-0.0298326222913601 0.145122000959134 -0.00642605937648673 0.120830639971305
-0.0479459130779961 0.149132591370925 -0.0166037880937634 0.0573104164720471
-0.143130591665381 0.126979971899846 -0.00102894604016496 -0.02653705077123
-0.202041110348739 0.000508195715734443 0.0622485989091487 -0.0573521576527044
-0.130813208501305 -0.155561323917413 0.0833556691162739 0.0500596129389615
0.105808657182776 -0.214970463880622 -0.0123060326568753 0.0833898128324788
0.263684065723548 -0.00384294526306991 -0.0761506895369586 0.0383052297777293
0.202194379430655 0.183108916486745 -0.13515510834726 -0.0346689551004783
0.0852328181950677 0.151276384526571 0.0226134826014098 -0.291480525583412
0.145218620703869 0.0501404870977781 -0.00871779474987103 -0.236861023327592
0.0973021019600108 -0.0706919088778108 -0.136348544560706 -0.207726121508714
-0.0142171484716029 -0.0956701817269037 -0.240155404083753 -0.0676099912414221
-0.0828753213097758 -0.0480147812681568 -0.228807140890579 0.102012106342388
-0.0979518651652758 0.026189492201013 -0.144528012458647 0.208086397023989
-0.0554422200616537 0.0801343513216248 -0.0618315908662405 0.226634469208738
-0.0259731543519266 0.090009903861871 -0.0191461598110553 0.165005569451788
-0.0395881932479977 0.0976832141358488 -0.02958294298295 0.0998691121396135
-0.105453729674924 0.0797945723456531 -0.0254313080748595 0.0158848081667936
-0.140428305500401 -0.0177506217252339 0.0167013590415162 -0.0270297899740243
-0.0726651187400105 -0.120347027173416 0.0373027407352608 0.0334434164772058
0.0861286138034937 -0.138257714990517 -0.0234592243701109 0.0502439670203413
0.179600317385554 0.00178233130829278 -0.0723964310384112 0.022172386467071
0.131159421244598 0.111520549338691 -0.16450000566631 -0.0856092497725609
-0.040268925181357 -0.033634566343183 0.225388967891806 0.133530156390261
-0.0593733245956808 0.0103214000297121 0.135120285481048 -0.0526110922569338
-0.0375582850333935 0.0444623011589721 0.0219591453947087 -0.0621554796267612
0.0208212623846946 0.0515257266302035 -0.0469223629286817 -0.021801786522569
0.0483066706062069 0.00926948707452 0.00397252876638165 0.0309387780669264
0.0375507005532286 -0.0230702630742111 0.0617093720031713 -0.0345432515289323
0.0198035095310455 -0.0307860675548101 0.0462343223719662 -0.11308400408797
0.0189973054654086 -0.0231523223755875 0.0277888133983445 -0.179046265819754
0.0275958262501539 -0.016536087589329 0.0427979174137453 -0.228501196892802
0.0380747157632954 0.00389129170127592 0.128548348295104 -0.223275426347249
0.0316788454550301 0.0330233175016493 0.206571000410729 -0.128992068826987
-0.000985645575794291 0.0447006485072334 0.227563156432552 0.0268806163021604
-0.0516639604802375 0.0289061179330764 0.170341705025569 0.160801320570454
-0.0728608831807438 -0.014126261905574 0.0549545220113285 0.248660846564109
-0.0357578679303485 -0.0670086389894048 0.0133577217790657 0.349542673997622
0.052827847753525 0.058572702289887 0.212629560727016 0.128791398290614
0.0571853056530445 0.0125815384384048 0.134818806959801 -0.0410805114955421
0.0255574230374765 -0.0379508486135607 0.0238623372033518 -0.0700461750280861
-0.0330659492908243 -0.0235890688424086 -0.0515998695471927 -0.0230974835706306
-0.0430167600935025 0.00937978616559064 -0.00138598740960529 0.0440361223548311
-0.0257437367603764 0.0356497582240482 0.071012876718528 -0.0218833142137989
0.000944073281632139 0.0463582744348868 0.0579410128261086 -0.107251810454483
0.0142625841815269 0.0506289032658181 0.0319222562992154 -0.172677955712027
0.00694087760126853 0.0529498203131168 0.0391497936935582 -0.218057365235916
-0.0288383062929172 0.0561135865109885 0.117251632219506 -0.221932738339664
-0.0504415831104155 0.0292904765468012 0.1958028919435 -0.145477936951545
-0.0436279493281961 -0.0161392105132519 0.225755210974705 0.00919318352609346
-0.000411145893026575 -0.0484887584204753 0.183321724358406 0.141929235799825
0.0422977110943903 -0.00203583695246108 0.074625542950903 0.240462962521686
0.0469122773099026 0.038761939502282 0.0250659338341245 0.348183164967215
0.124314271809087 0.141641175970433 0.176350994117433 0.102668085997236
0.159873793988626 0.0206592696988339 0.134492257013064 -0.0209767903962117
0.0880252985554055 -0.110239974348633 0.0355910034160662 -0.0986008494194989
-0.0742700054677553 -0.0966934458793302 -0.0793143126504813 -0.0469015846080693
-0.124003627463743 0.000657404952521167 -0.0374579604810944 0.0624273724468357
-0.0892247584297053 0.0826943684797435 0.0600979388414916 0.0154297130657633
-0.0228511782454837 0.114331163642757 0.0600620123998375 -0.0736675757696118
0.00744762954375301 0.117449159951263 0.0312251545034396 -0.140983397813419
-0.0100952171902097 0.114588372279597 0.0287991894743709 -0.184140143285183
-0.0850253586880814 0.105164417551958 0.0931544795128661 -0.206300386947951
-0.124744196118756 0.0309229704221364 0.174886768964563 -0.16028251909734
-0.0913144567574462 -0.0672500085408289 0.225329505248231 -0.00728112217307297
0.0379401206103734 -0.12852100911424 0.184639245468543 0.134201069904873
0.151725598601356 -0.00346013668522177 0.0665971864382339 0.224043517583584
0.132824907913397 0.129346942629218 0.0170969920628156 0.304801797484053
0.162079169876166 0.206985029436497 0.13642347311623 0.0542547085909984
0.23064452918796 0.0345503123254723 0.144441943435517 -0.0252602218429053
0.135140603999495 -0.157523479091628 0.0322694875363432 -0.154508929575709
-0.0967404670596531 -0.150340961387092 -0.13223641933832 -0.0747367612750061
-0.178100403481596 -0.0127074275917931 -0.0933512249987355 0.0893549798490315
-0.139747239036565 0.110444402694617 0.0316037221701601 0.0701943976208444
-0.046721214535451 0.16296923854952 0.0503581088062588 -0.015620528758152
-4.26977130864696E-05 0.166176340237988 0.0270564253283602 -0.0857824968198501
-0.0222499031110563 0.161142337005134 0.0174124699096371 -0.131696784556792
-0.12421607394145 0.145361969473393 0.0649231357830556 -0.176561614381937
-0.183059004194501 0.0375915848450064 0.150972514911979 -0.165102437683953
-0.137977134315175 -0.105944456466575 0.219358347878766 -0.0095382680087599
0.0618767224708189 -0.200573116048258 0.162264495201646 0.136906469810052
0.239509989884244 -0.0149846069914455 0.0313598724036202 0.196622138814323
0.205816201655561 0.191410708231364 -0.0113866506475923 0.230127311204173
0.172047533506096 0.248096602674538 0.105921802029801 -0.0216905186121449
0.265344245767837 0.050702993657012 0.145090886705265 -0.0776826110749139
0.162512856337407 -0.175593245196885 -0.00920686017671303 -0.212477742285762
-0.0983379863407232 -0.176557603860662 -0.195518282380456 -0.0854248986899068
-0.200184845810709 -0.0266545395700953 -0.147407936851162 0.114629024002566
-0.168896630594447 0.116991752402986 -0.00965790781762406 0.125510416895732
-0.0646610743719546 0.184047028921287 0.0298476209720465 0.0545854141126272
-0.00748245982288835 0.18921102588341 0.0210476478566622 -0.0148985815119002
-0.0292569064649202 0.185940599357916 0.00620878577589263 -0.0665192843225109
-0.144063680628714 0.170014465797478 0.0391600035459533 -0.133752492960397
-0.220560096274441 0.0439060177979442 0.126113576775033 -0.14935851087939
-0.173181539116604 -0.132778819338432 0.198621781232621 0.00918368027967375
0.0753296222787338 -0.250870566493903 0.110369059586256 0.141003769622075
0.294473105555767 -0.0292987905779972 -0.021565499049251 0.150405023893414
0.249907284756045 0.218449615910705 -0.052353201289625 0.137882719379074
0.164347155369923 0.254202111529517 0.0767040929036269 -0.121427769005065
0.263402348249801 0.0578394834375231 0.106737156338656 -0.153060630313187
0.162581710839773 -0.163810893079884 -0.0719712271437413 -0.237791713957643
-0.0811987096247592 -0.173405508629994 -0.238456779044862 -0.0759894355840792
-0.188364470597589 -0.0392063469990134 -0.188172537750526 0.128500483914969
-0.171914548708627 0.103213823686746 -0.0556835848220965 0.171897016992451
-0.0714704804616355 0.176483611127881 0.00376069924148088 0.127407313099471
-0.0133643956489951 0.183299256314094 0.013072349563438 0.0592202753070898
-0.033917116759986 0.185145161072296 -0.0027808785829182 0.000904646748999477
-0.148906215943617 0.171125438774293 0.0171090939764486 -0.0810830665405075
-0.230955540784866 0.038355171294045 0.0963819629973705 -0.110559818769211
-0.17902190083707 -0.150690218717637 0.151145734541975 0.0359286650359402
0.085634379467607 -0.263597798724762 0.0433604220082685 0.12518488762189
0.304994459485144 -0.0341960682962703 -0.0613986242641348 0.0923325175840754
0.257083518697619 0.209524581827235 -0.0967265903784803 0.0487564842226747
0.139915066362547 0.21821156884326 0.0404399474449075 -0.221009982953031
0.223719941952848 0.0512286476165216 0.0396854996498256 -0.211174458658886
0.137641221836554 -0.12933268554876 -0.123850038326123 -0.226103565415782
-0.0542111728904741 -0.143834323559539 -0.252599918859011 -0.0605935307480619
-0.148492085911694 -0.0441260487565132 -0.212937408475513 0.128947245718395
-0.145479822816257 0.0751190720995793 -0.0974879240880804 0.204442892642459
-0.0650697576583379 0.141187126453757 -0.0218147455336761 0.191238504879088
-0.0173128704595496 0.149654680189548 0.0043279787013522 0.124123735954669
-0.0348723568606016 0.15680388158882 -0.0118042397881834 0.0612935863521916
-0.134922275367375 0.144510629371249 -0.00423817077100194 -0.0252250909582027
-0.207321454045148 0.0185852653002336 0.0559152912080916 -0.0628542294894941
-0.146406960904394 -0.149593889831945 0.0893533973149933 0.0446904029883663
0.0903476283952805 -0.227121789921167 -0.00531900757209946 0.0876186565377572
0.267992118449495 -0.0273335146203425 -0.0739514561830495 0.0468724499923843
0.220049203265057 0.169924161578302 -0.140305865690232 -0.0232628316325794
0.0991947904129099 0.145982012224807 0.00017911221195505 -0.297309047303611
0.152667273451568 0.037089176450265 -0.0273922228574338 -0.241021083623481
0.0928319364334653 -0.0804358280119387 -0.155063011571626 -0.199310900831787
-0.0231139950169261 -0.0963618390418172 -0.251124336252626 -0.0482731194527863
-0.0890847962378117 -0.0420150323243512 -0.224700228697497 0.124172196145182
-0.0978085771413084 0.0363569027170861 -0.127945193930527 0.224789973952945
-0.0483818761285737 0.0866843646378853 -0.0421859106052563 0.236255230103924
-0.018397150309779 0.0926358568597444 -0.00428920746337116 0.169758598791289
-0.0311084830302161 0.103423476524367 -0.0208408817356173 0.106144323415846
-0.100159383960598 0.0921407571731372 -0.0249500271200578 0.019735735416045
-0.145851762161154 -0.00600508795453542 0.0124939856800514 -0.0282048679120757
-0.084317007855436 -0.117827846972292 0.0415418482051334 0.0309856688868515
0.0766614401490791 -0.147114207734592 -0.0186367839969602 0.0546860843561424
0.181730121647843 -0.0137125515246528 -0.0709690151664338 0.0303470801452665
0.141799486669174 0.102504158640012 -0.175087383641211 -0.0726043977641119
-0.0418021378394617 -0.0289561624679334 0.22965075326281 0.110623929935589
-0.0568326915438607 0.0147115798414517 0.127087197541475 -0.0637958070226117
-0.0329141269996886 0.0461740041810547 0.0152821998603663 -0.0640104234717136
0.0243039570600636 0.0485232254614252 -0.046462338486962 -0.016159166906306
0.0472104596569487 0.00540789372386859 0.00643866805030259 0.0296605813654967
0.0348311531837396 -0.0257182835713881 0.0560482823357887 -0.040021033254222
0.0169636411005644 -0.0321129600281814 0.0368255617400425 -0.113716159783861
0.0164251288707061 -0.0242357401171477 0.0132592487366954 -0.173851799599613
0.0249260430300319 -0.0180568803759868 0.0239134777803304 -0.222531916468407
0.036355621837089 0.000895388973882949 0.106025201797281 -0.225456694350629
0.0337915045001699 0.0286592346848583 0.188778827267467 -0.140110500588535
0.00244125482115788 0.0427938412746957 0.222071746163818 0.00909780959232156
-0.0488736995815112 0.0326478891342064 0.176193538895658 0.142708456986553
-0.0711744631442767 -0.00814263212778447 0.0701031048602386 0.237622657459415
-0.0399125419427723 -0.0635233411207272 0.0386414904275017 0.335243652027783
0.0552075711761488 0.0526905004867346 0.217088405847628 0.107764727615086
0.0563681948857813 0.00806971864207445 0.128654717585103 -0.0509809200275893
0.0221319150814058 -0.0387008850419218 0.016584005630098 -0.0714731667540503
-0.0326859390332995 -0.0204467056940216 -0.0525974183644469 -0.0183194367342454
-0.0408684923328746 0.0126085353837527 0.00253352996482499 0.0429152113956106
-0.0220869697179266 0.0364874445465504 0.0662846070946335 -0.0285492212740536
0.00495805677059533 0.0435539252248229 0.0479078495502775 -0.109335146194668
0.0175804139291554 0.0471233680044357 0.0184097547907717 -0.169014494890673
0.0105708608942826 0.050021911177748 0.021332319809125 -0.212880894519725
-0.0223689765853122 0.0568274956878652 0.0947444670972907 -0.223119737237369
-0.0458230819337898 0.0322890732689867 0.176252369766396 -0.155067082278441
-0.0435328790586383 -0.0126481605699196 0.219363932178015 -0.0077952321769839
-0.00467685871637907 -0.0468588713262226 0.186693119877812 0.124123110222063
0.0412154365238182 -0.00578457860319598 0.088238772677709 0.228737791734457
0.0480076840299736 0.0327018742667931 0.0509262377832305 0.333038585884098
0.129936665702787 0.126759206011547 0.179898691670507 0.0853266759596224
0.155352614605143 0.00911973810944357 0.129881456478888 -0.0311287236079093
0.0781604953291685 -0.112440960786053 0.0261065444008575 -0.0998295591267435
-0.0777957305669691 -0.0881921081247531 -0.0799986621188398 -0.0393364956406719
-0.120457029556006 0.0102900780522034 -0.030171590402378 0.0638203319708881
-0.0801419093600266 0.0876132660669004 0.0591064729447537 0.00937623020531494
-0.0129155263956678 0.111646963743874 0.052163546320731 -0.076119918866571
0.0168154755317951 0.112123512100091 0.019862032679588 -0.138295942946021
-0.000791286012647246 0.111055075268597 0.0141623429670732 -0.178886736113182
-0.0737018983978027 0.110019146271253 0.0729267417242989 -0.205833518223501
-0.117373179456916 0.0400361729480185 0.15416182905994 -0.168099062045531
-0.0934180718737278 -0.058457298587852 0.217849003950639 -0.0231068639110904
0.0260451853126958 -0.127078391542352 0.188073577537365 0.116129062874864
0.145970733246006 -0.0162895705182418 0.0803183459882107 0.213518566244471
0.138391734926454 0.113987162868764 0.0390927264439181 0.292616083704076
0.170014124668989 0.18716909639747 0.139323371080398 0.0431455328865393
0.224772654339099 0.0172597139983273 0.140140297314727 -0.0351225851319333
0.121153089986502 -0.162622634884637 0.018873400859947 -0.152321806328183
-0.10479967645349 -0.139727111324133 -0.133967805970453 -0.0626011872070685
-0.174618890384973 0.00203606228070959 -0.0820195654377721 0.0935967345383855
-0.127381680553237 0.118984374983359 0.0361867066502637 0.0641502239445768
-0.031939215997833 0.160805435195247 0.0470358628312806 -0.0202378157708073
0.0124791769342676 0.159100824523266 0.0199661590520807 -0.0846197194396816
-0.00867317574051407 0.156585145606491 0.00706694555187211 -0.125999481773618
-0.108001316264644 0.152252724850716 0.0481002538962583 -0.17453803994042
-0.173889280126202 0.0516955166932092 0.130120229094994 -0.170710410707278
-0.141869064202575 -0.0922234244551346 0.211707289191125 -0.0249646937364029
0.0436227551812631 -0.198761700070282 0.166980890040024 0.121664778277427
0.230967153691787 -0.0348035874743743 0.043426362594075 0.188934038482622
0.213513512371357 0.16967267584937 0.00614290320097807 0.223249368551011
0.183589727917096 0.226262951806611 0.103513264797273 -0.0284718215458464
0.261138029431865 0.0286536260288212 0.137194015940183 -0.0847013568118183
0.144498098269987 -0.182412169674986 -0.0239795825898837 -0.20513182103694
-0.108160501476685 -0.164556836007633 -0.195987541791843 -0.0682651368682545
-0.197041178550536 -0.0102601981739568 -0.132830128934151 0.122681224102092
-0.154668980853916 0.128020750120382 0.00101555027869925 0.122136099610106
-0.0471892717823826 0.182866133248145 0.0325520809125368 0.0499712090039017
0.00765538238186967 0.181934863155395 0.0193716177559998 -0.0153503617009201
-0.0132501556942359 0.182165716408487 0.00193265054488132 -0.0629070155056282
-0.125946258846265 0.177168979733931 0.0271521991989721 -0.130606008338896
-0.209782944103749 0.0609566959324313 0.107760898098292 -0.152615302217989
-0.17775259384457 -0.116686258286634 0.193463797548838 -0.0051096402242661
0.0535318350654824 -0.249258130334112 0.117012133446127 0.129060007588345
0.28231063191474 -0.0514850197044488 -0.0101570407524792 0.148363243484435
0.257646346722167 0.192645251299503 -0.040158188057803 0.13721555865691
0.177030385598955 0.232222859158338 0.0674554831985211 -0.121292260051988
0.259594621253698 0.0349212539243317 0.0941842879778908 -0.154318359928325
0.145061730310493 -0.170824404655013 -0.0864602753821629 -0.22436842312419
-0.0920396505118084 -0.162702144023152 -0.236869273906922 -0.0552843726295915
-0.186357702284134 -0.0228275453342187 -0.17141063222391 0.140221687516523
-0.158241794569251 0.114664121120681 -0.0395348326064066 0.170486648431116
-0.0541095286289184 0.176150728592224 0.0138773323416546 0.122338359177044
0.00150149584964221 0.176472444689651 0.0178529251336932 0.0564828093679096
-0.0178381962080744 0.181291389870102 -0.0014740114806561 0.00252140812479248
-0.130562422616645 0.179115705445137 0.0101756006495312 -0.0774259436632975
-0.221608241879281 0.0564081245510613 0.082082893510021 -0.112764710676273
-0.184570506905018 -0.133757932683613 0.149669657097047 0.0242255899704109
0.0630500683994945 -0.261841983113329 0.0510657039079613 0.119275994664168
0.291339739287136 -0.0566929606126768 -0.0516414350027091 0.0950517808785828
0.263927194729345 0.184335206681449 -0.0903980654299048 0.0540334802994486
0.151057131579012 0.199150653960941 0.0248033592217599 -0.215007776262442
0.220377162372671 0.0316200249524211 0.0246390662591587 -0.207149656463632
0.122842723645521 -0.135828795210482 -0.136050217497313 -0.209650226176418
-0.0640957504169131 -0.135393852131721 -0.249985930975769 -0.0396289142327928
-0.148155152589478 -0.030954730765087 -0.195803715626659 0.142037121694872
-0.135275732346143 0.0856269022989564 -0.0782181714324481 0.205120629951981
-0.0511278326854915 0.14192786552333 -0.00647245373233172 0.186114430347782
-0.00522222247156695 0.144672291180616 0.0153651136221636 0.119886857261315
-0.02062788330574 0.154331496617182 -0.00572808948917667 0.0614561739313176
-0.119440271014855 0.151577339479652 -0.00604354634943999 -0.0223948291311946
-0.201268119888213 0.0346857940661744 0.0465420815166677 -0.0640940337822309
-0.152584894134878 -0.135757076296703 0.0904878878280328 0.0375280761469342
0.0723127065471517 -0.226635402325578 0.00210139777177489 0.0869783119864871
0.256210567572778 -0.0458559134349833 -0.0666944165769754 0.0520746078339857
0.223882241662845 0.148674410816737 -0.137476272273691 -0.0113018448746721
0.106456011027519 0.132574010939599 -0.0200427785949396 -0.285559232635239
0.150401058643505 0.023395823846619 -0.0427625525212585 -0.229643271717122
0.083300738817255 -0.0847228368649029 -0.164645531747103 -0.18108598856973
-0.0298709046456764 -0.0917339840727452 -0.247714759348919 -0.0268502286316081
-0.0904105357396735 -0.0341619931433324 -0.207057896639876 0.137386987449415
-0.0918655566972489 0.0440937665100063 -0.105551794454493 0.227101183909093
-0.0398512212554801 0.0875586491905161 -0.0210254433432305 0.231105783578871
-0.0105639852320149 0.0903438681482679 0.00954058572735846 0.16463119778555
-0.0215191474198103 0.102876897687681 -0.011558870748398 0.104615238070125
-0.0900242701343841 0.0981783483726089 -0.0226503981473355 0.0226808076735503
-0.143578801075708 0.00618470840869519 0.00750131123530662 -0.0272286785650699
-0.0897042687586275 -0.109440662415438 0.0426923830567434 0.0270564739586979
0.0635313435004681 -0.146877940340105 -0.0125284273288919 0.0559278345477436
0.17362035089616 -0.0273614717241612 -0.0654355049822618 0.0360174863722996
0.143896091061936 0.0891239525951447 -0.1743853780252 -0.0562733686374057
-0.0401324798530303 -0.0260305907582149 0.221137945123128 0.0957971967208417
-0.0536202092100573 0.0160309602353625 0.118525456471198 -0.0660596696926403
-0.0291594289461684 0.0441917586412318 0.0108225103552651 -0.0624583984762411
0.0251571908692508 0.0452585314099034 -0.0441320363804045 -0.0131921171547384
0.0451705887434046 0.00405800804700564 0.007951355394455 0.0277134538965828
0.0324321751001684 -0.0252501898490065 0.0508494138879013 -0.0412661227044617
0.0147861184391605 -0.0319569702197638 0.0310091481218824 -0.108722136533947
0.0148560559189846 -0.0239524004347865 0.00730837151520849 -0.164875490718794
0.0228515776808521 -0.0174594375557494 0.0154834696992414 -0.209300931554931
0.0345963519869048 -0.00022725319337646 0.0916762437764821 -0.215171740256129
0.0330524446783782 0.0259740540039349 0.172288238069041 -0.13751279842295
0.00366203739973828 0.0405497826076449 0.209143968072652 0.00152238761955471
-0.0449940635332147 0.032881438184491 0.168904462606847 0.128608890265592
-0.0662188863977981 -0.00466811928719665 0.071804928069129 0.222918651426418
-0.0402094302972739 -0.0600559693910603 0.0462779834960455 0.314519913887848
0.0531785440375507 0.0477432677437974 0.209625969443858 0.0936418085668101
0.0529739959910527 0.00714932605678165 0.120388209223605 -0.0543935941218767
0.020439520496489 -0.0366424271471181 0.0125082942927073 -0.0695759283816035
-0.0314023847266542 -0.0187980514518748 -0.0495611808323561 -0.0153033836134908
-0.0384501034939856 0.0133343965839018 0.00489300707429598 0.040430290280885
-0.0191808207849924 0.0351170662994987 0.061116196826764 -0.0306234342149515
0.00622165716999307 0.0401017086668693 0.0413989604661079 -0.10493574798055
0.0183828599534474 0.0431659707016278 0.0116599842523648 -0.159585996185521
0.0118140125157958 0.0469283892949106 0.0129962692501501 -0.19974497450914
-0.0192866465967683 0.0555210908827004 0.0804405737610644 -0.212605419313824
-0.041941844903471 0.0317151221989527 0.159472097442711 -0.150775996555259
-0.0418188368036624 -0.0106924977220736 0.206687676925949 -0.013861852818057
-0.00670799935609716 -0.0433504024598414 0.179060042369747 0.111155679945109
0.0384097039066579 -0.00742137327423565 0.0899883579937048 0.213725782549618
0.046614096441266 0.028000506964329 0.0563797656331601 0.311753563067758
0.125135145360601 0.115633620572354 0.174618735410523 0.0749153101681315
0.14696220284642 0.00414805877175334 0.122262432738182 -0.0337515894339872
0.0708954356760542 -0.108134383095862 0.0207712078852634 -0.09525543106507
-0.0756395801033397 -0.0816074096723607 -0.0761538197786258 -0.0340652638202196
-0.113910771795943 0.0139192687011962 -0.0254203078784907 0.0624482210194487
-0.0722519101918385 0.0857839315635238 0.0559295916679919 0.00561569483254533
-0.007952665058936 0.105119582381931 0.0461665999494488 -0.0746688342928716
0.0193045503378864 0.103432739964846 0.0141129142957808 -0.130341485750133
0.00340366140452837 0.104775668802343 0.00726540890980687 -0.167497113427623
-0.0646479096787825 0.107025723944095 0.0604744912717065 -0.195132602125233
-0.109147925504718 0.0425494677746409 0.138093231540557 -0.162655805605079
-0.090298455459021 -0.0526472253053985 0.20522643168859 -0.0286784105371799
0.019298536158056 -0.120095929831913 0.179743990338849 0.105125203159853
0.136803165879184 -0.0208914326138041 0.0815800332407692 0.199838863857893
0.134090695888728 0.1020151326586 0.0455069118952338 0.2731867862164
0.165079653082888 0.170358026900506 0.133943608164805 0.0363856621772065
0.212812170992788 0.00934467434213746 0.133221985974797 -0.0368880289275849
0.109751627960083 -0.157925467761946 0.0137942740726731 -0.145426488552494
-0.103267671549332 -0.129445101363603 -0.128830692819901 -0.0554117468177216
-0.165680171372852 0.00770422009887399 -0.0734830295740577 0.0920149789912539
-0.115537448416663 0.117707419845071 0.0362765943424591 0.0585097541762796
-0.0239897948814952 0.152577422658738 0.0433404002523941 -0.0203627028535841
0.0174690981248117 0.148481830370908 0.0159766435407756 -0.0798097647874176
-0.0026298207372155 0.147449375716632 0.003220018748734 -0.117911607657274
-0.0954687594461402 0.148293799904995 0.039043708959735 -0.164820766022048
-0.162440101700598 0.0561970896933167 0.1150477174968 -0.164073675142281
-0.137496909496204 -0.0830526835496152 0.200462788973536 -0.0297981804847113
0.0339335247753154 -0.188730539481561 0.160775889964287 0.110795386838725
0.216357541447855 -0.0406093465856371 0.0466551426965391 0.177838892434467
0.206509935031223 0.153227191691825 0.0121573354201626 0.208982078612969
0.178518402557352 0.206728725993521 0.0985752784733784 -0.0285409740374908
0.247741583731137 0.0185185905597604 0.128564595325901 -0.0832657176078443
0.130892351988486 -0.177394868175995 -0.0284906535621394 -0.192851854123795
-0.107791676291186 -0.152573044345799 -0.187188316992976 -0.0582932420077921
-0.186593009032172 -0.00257386267622748 -0.120809495501153 0.121504312307378
-0.141494294613356 0.127725903930995 0.00522954801915881 0.113829395627485
-0.0372517866614654 0.173724212971543 0.0322479776297925 0.0456355429316167
0.0134454613414756 0.169756213160005 0.0178317818358664 -0.0153511408523012
-0.00627396426539569 0.171396476044015 0.00105412460663733 -0.0576073706163045
-0.111734539871827 0.173197897642499 0.019874041475041 -0.123046398937143
-0.19639769531653 0.0662758200170995 0.09388010375087 -0.146506276399566
-0.172385952978777 -0.104815246909148 0.183173539694689 -0.0102328302587328
0.0412198180607635 -0.236924153185259 0.114459107823041 0.119980496932476
0.263987210586206 -0.0578294180523118 -0.00506926788206825 0.141167297948436
0.249588122543203 0.173877960850747 -0.0333913576668655 0.130071992517723
0.172049662747183 0.212476280421722 0.0621516693536904 -0.114683358903283
0.246402464823502 0.0242136192398308 0.0866544536622894 -0.147631477221769
0.131305755836593 -0.166591640357002 -0.0882611189495607 -0.208540095273797
-0.092498688679941 -0.15082509615345 -0.225144223865269 -0.0444625572829931
-0.177750870929021 -0.014616204203072 -0.156428561443735 0.138486246134277
-0.144411102583891 0.115213373554956 -0.0312397147371731 0.161757875576854
-0.0438201817858429 0.167824132714608 0.0165672620204457 0.114139408624224
0.00770851143739391 0.165092638850586 0.0194748692593362 0.0524821412933555
-0.00944916028639235 0.171464599871848 -2.84342579590088E-05 0.0042350802223781
-0.116164232889045 0.174600258929356 0.00672808993157479 -0.072588803641563
-0.20789849301179 0.0619699228065896 0.0710182045093476 -0.107367970887468
-0.179567888482367 -0.12152296097307 0.142234194462934 0.018587553028964
0.0519565811062876 -0.249868432107923 0.0522755583681305 0.112653308254984
0.272757577706521 -0.0630617456753697 -0.0455856758358988 0.0917480957557961
0.253341406352104 0.166453096326446 -0.08325302664535 0.0539605922280844
0.147282048304317 0.182036085235612 0.0192698866196186 -0.202155303232714
0.209143754133741 0.0209697450125435 0.0192947583593807 -0.195121809613478
0.111164050414201 -0.132438788600362 -0.134286048691686 -0.193217960353263
-0.0651337195458026 -0.125509253325951 -0.236999185978516 -0.0291552827055154
-0.142353644399586 -0.0238050379510136 -0.179291622115471 0.141033930387331
-0.123960382357372 0.0871115111455873 -0.0650264020079023 0.196997046226435
-0.0420292846056604 0.135826048689053 0.00141554573279167 0.175433097915737
2.82042245544974E-05 0.135222497938657 0.0187488576034698 0.112329405380643
-0.0135657010066544 0.146253613997114 -0.00137023549031872 0.0596667060642912
-0.107717152316318 0.148958008816552 -0.006794130492828 -0.0192810799184251
-0.189634072592676 0.0407362486317333 0.0388270304953536 -0.0606505401368355
-0.148330610333261 -0.12546532846107 0.0872841768627673 0.0331006757615967
0.0618088198814071 -0.214647700842961 0.00616658197770784 0.082955233083517
0.239251672352368 -0.0515549064134399 -0.0603131853353205 0.051044434747572
0.215072933564654 0.134395667338508 -0.129887579958049 -0.00600030688192563
0.102746550814599 0.120899590294869 -0.0255106332694071 -0.26691841565602
0.142828595789307 0.0158815909207595 -0.0447933396022351 -0.214500907990053
0.0754441863134395 -0.0829973015509021 -0.159269185190912 -0.165191414714294
-0.0321834517368278 -0.085375143090294 -0.2334628294312 -0.0165988335949109
-0.0872163806846255 -0.0286957474207877 -0.190437439683054 0.136881406287756
-0.0849062297600687 0.0463634289817956 -0.0898270691057776 0.218653558387676
-0.0335216221860702 0.0836005301822755 -0.0113585161355153 0.218191497637248
-0.00708575571415797 0.0848954457201855 0.0155039797753102 0.154146473354583
-0.0156443960335908 0.0976318299973043 -0.00598519648658763 0.0999454326641841
-0.0820741873224782 0.0964852339389878 -0.0210072838657565 0.023544346373408
-0.135948268369668 0.010908382582535 0.00401946089756296 -0.0248538111932258
-0.0884236110260931 -0.101521332644662 0.0422980351409803 0.0245032296029211
0.0562179321445563 -0.140133303050192 -0.00817174162259356 0.0541634407485399
0.161139153111604 -0.0309552105414643 -0.0598888654239264 0.0366127938528516
0.136831992058625 0.0811783904636335 -0.165875978166618 -0.0468018574919043
-0.0381101096932625 -0.0249167060545723 0.211516482020274 0.0926861143061495
-0.0513857282844493 0.0150065871609469 0.114188574934798 -0.0647258738655079
-0.028393120730356 0.0422688643855151 0.00992592661121484 -0.0607115681505098
0.0237043730861991 0.0436357672749402 -0.0421095899717324 -0.0127377056017403
0.0439963187341339 0.00442715698380745 0.00772408957805283 0.0265073693856071
0.0319664902266975 -0.0243740652007346 0.0470668909827935 -0.0401981625907083
0.0145709511011463 -0.0313992167702504 0.0300953552934495 -0.104878573216174
0.0139314341736488 -0.0231703943823547 0.00884300842449448 -0.157257064345896
0.0218293359260532 -0.0166100392399702 0.0165298815773896 -0.199714054843779
0.0331940411959499 0.000299929403407289 0.088136818237302 -0.205427366777762
0.0317326600097617 0.0242577756253211 0.165638491763165 -0.129678344725366
0.00294240329437228 0.0384938996978928 0.200301831650741 0.00290821350859047
-0.0432353487170175 0.031495302205444 0.15904701539745 0.125043857172471
-0.0630251523359019 -0.00561357705923348 0.0652812515465776 0.215621965556036
-0.0380080153755376 -0.0589134254945039 0.039246883711724 0.299101071829469
0.0493519310506261 0.0461331816248784 0.200506318906456 0.0904594827709366
0.0499082731339828 0.00816058820673488 0.116519195647396 -0.0527584646501903
0.0208750725563609 -0.0347762356889118 0.0113130126681454 -0.0673556072578687
-0.0294865466791393 -0.0188190632621435 -0.0470330338417841 -0.0145585859938368
-0.0369600534378633 0.0128267040468151 0.00585142739326913 0.0393918925181739
-0.0185459228904351 0.0335403074629907 0.0582726143275517 -0.0296751454168811
0.00603480282734408 0.0380601167861577 0.04053801007358 -0.100395122655367
0.0169238928785056 0.040696640494956 0.0130523861293353 -0.152814354414369
0.0110090164523689 0.0447797322907631 0.0146919453310128 -0.189927116403877
-0.0187778562605824 0.0532233393000734 0.0777071116929664 -0.202308202033118
-0.0401512088491761 0.0304555537726771 0.153073833766156 -0.142929526798564
-0.0399093990325465 -0.010233591323978 0.197962536586255 -0.0117477952858128
-0.00674897962203062 -0.0410316928987886 0.16965085903035 0.108710038094004
0.0368363546677269 -0.00659896432396154 0.0824865012452833 0.207356196022146
0.0441297215675666 0.0261324258404226 0.0498800067485018 0.296464870211617
0.11673804684778 0.111203051236171 0.167053443664123 0.0728176142215551
0.140063660040068 0.00708674224422195 0.11879130026193 -0.0325548807697228
0.0699250844218988 -0.102679236047025 0.0207756497658274 -0.0921949935274601
-0.0711792161842246 -0.0800575617486775 -0.0730916787422453 -0.0335931934749309
-0.10980087628209 0.0122307245177515 -0.0238855950297136 0.0597146330682261
-0.0695587196644448 0.0823174880189706 0.0536485572398966 0.00484683858613586
-0.00774587362016343 0.0998210309584616 0.0442341204769331 -0.0709888145911434
0.0173688397015674 0.0983048263974853 0.0152581393830749 -0.125031017758571
0.0028406321357918 0.100386436901479 0.0102670034678561 -0.158700877322524
-0.0620832821502621 0.102994751766232 0.0582976931622287 -0.185469022770713
-0.104330246698001 0.041093976093987 0.13153566756199 -0.153962081228701
-0.086296568622181 -0.0514539260860879 0.197350016848844 -0.0251503286107378
0.0188117985600045 -0.114441692237862 0.171380006008009 0.103953049101831
0.131244235997031 -0.019296080501081 0.0756007061356491 0.193158963974148
0.127535385581544 0.0985642502901037 0.0404672724103743 0.261273368600782
0.153806283333963 0.164110672676679 0.129575269291989 0.0366046917530048
0.20377465731022 0.0125433874303844 0.130124957302724 -0.0340959411691588
0.107806525784957 -0.150485701468397 0.0142923454128002 -0.138218729998907
-0.0968377760775656 -0.125897110930057 -0.12213065991646 -0.0547559593006815
-0.159751307153424 0.00676199962872058 -0.0700074614900417 0.0883326533328353
-0.111835799599468 0.112582999567747 0.0346250887429273 0.0550714666244711
-0.0231892907485348 0.145069202342309 0.0410995637124007 -0.0201571696044649
0.0152937881895699 0.140930147398322 0.0169424422226815 -0.0763139114292919
-0.00348795787848316 0.141091913044915 0.00507935024404731 -0.110918904591379
-0.0922556229446625 0.142721708386234 0.0372949891880188 -0.156185442986206
-0.155926934681396 0.0535583883715285 0.109733658911031 -0.154928421712185
-0.131527565083413 -0.0810006091721177 0.192508182857911 -0.0267017651858615
0.0332176476646279 -0.180121614265296 0.153177849881322 0.109073875085595
0.207294348788424 -0.0381222145654077 0.0422598389818809 0.172487447603374
0.196197623134334 0.148724287683154 0.00936542651247066 0.198690168964991
0.166798388986005 0.198458846730377 0.0969113719165141 -0.0257364612445033
0.237363421333542 0.0203512414954199 0.127057056703608 -0.0778127322735647
0.128743943559779 -0.169173335499198 -0.0254458655713108 -0.185004527877089
-0.101808409849937 -0.148353807581886 -0.178821713088524 -0.0585506016038487
-0.180276692366025 -0.00297492211235276 -0.115590317432231 0.115425008115845
-0.136336322841989 0.122784456492544 0.00519051257981137 0.108503242911229
-0.0362031242321687 0.166154278931163 0.030480136796602 0.0435242944213771
0.0117677142761987 0.161086193741528 0.0179460096702656 -0.0142885693411621
-0.00644501939950502 0.163967937552299 0.00274639979326679 -0.0538029531635328
-0.107950592341384 0.166872277169947 0.0199695851725786 -0.11622202568794
-0.189043976101078 0.0630112596043626 0.0887716548340243 -0.137976253981226
-0.164815038032941 -0.103645228773908 0.175976467725243 -0.00847590229988812
0.0425022017129179 -0.226397622744409 0.108525711806526 0.117334295640194
0.252964737576861 -0.0536295560028726 -0.00639236169879499 0.135615254308121
0.236536666714377 0.17001596837292 -0.0336389192923984 0.123373834496199
0.160039181694507 0.203745729793403 0.0632605393447735 -0.107970247895939
0.236197876136205 0.024714728349761 0.0871418245528438 -0.14019982526685
0.127828686700921 -0.158886840484264 -0.0814747143826517 -0.201422184993623
-0.0876813331761643 -0.145543288939291 -0.214768875656056 -0.045176949105266
-0.171283961902425 -0.0147945642425608 -0.150470142367387 0.131703357841734
-0.139106590669622 0.111005202662945 -0.0296537626088647 0.154461758164467
-0.0429117083194303 0.160207076286671 0.0149709866901837 0.110165859448476
0.0064126251610329 0.156860144161006 0.0185698844002468 0.0502239270280863
-0.0099450661582514 0.163949838939179 0.00196651592946706 0.00490219140481689
-0.111918558444368 0.16846773465138 0.00654037274280447 -0.0677188714225747
-0.19999771966654 0.0587701419641583 0.0659251297362519 -0.100666680826974
-0.170916933712288 -0.119552425485557 0.136284288453068 0.0194074519961096
0.0530236278083591 -0.238370309612779 0.0497166585017104 0.109433379486337
0.261478111171693 -0.0568418745617884 -0.0440720930178968 0.0873842247241632
0.240366643198034 0.163247666022565 -0.0802585738526 0.0508622487648343
0.136834089654129 0.175235566548192 0.0224856315257065 -0.191251141265121
0.200200063399908 0.0205702626731637 0.0227891055891519 -0.185786962713799
0.107357472797529 -0.125962783967461 -0.125448318324077 -0.18592248878188
-0.0620013812004784 -0.12134684179408 -0.226551555753565 -0.030091745768661
-0.136695086014742 -0.0235689950924866 -0.172534097737246 0.133793863183766
-0.118689653583837 0.0835815701715547 -0.0628702981984041 0.187062564293485
-0.0408238679003467 0.129739148567274 0.000241601228832417 0.167876553624824
-0.00121220253105385 0.128037666220857 0.0177741317326697 0.107529703219716
-0.0136858639177545 0.140303670176252 -0.000854844774434615 0.0577202899605715
-0.103539970154951 0.1430915731902 -0.00690458711281708 -0.0170445894003628
-0.182349886185147 0.0384595366812565 0.035445957840701 -0.0560010736622847
-0.141887197326796 -0.122831255639799 0.0826520668405013 0.032412404721587
0.062775922912338 -0.204141291612618 0.00578982654784182 0.080039377337199
0.228219418011364 -0.0461373153103975 -0.0576125421605162 0.0482064198487689
0.203930485501849 0.131778497270056 -0.123882835749151 -0.00683663569702104
0.0954875534774647 0.115990495606181 -0.0196911720759365 -0.254247192060669
0.136731437377123 0.0152407618282844 -0.0384096224441354 -0.205031123897232
0.0733246205374112 -0.0786908369516291 -0.150426022383388 -0.159698861658897
-0.0303049226393824 -0.0823203980725653 -0.223217333507108 -0.0179352562194291
-0.0842685561050478 -0.0279958640718891 -0.182852127862833 0.129400291741523
-0.0812568860725968 0.0449179694027942 -0.0865165400163618 0.208064267332978
-0.0320434652080555 0.0799700291973685 -0.012429826315357 0.208432425286073
-0.00752632996631162 0.0799131328840299 0.0136343936094087 0.148494616418852
-0.0151477629605964 0.0939294778319771 -0.00521939246935467 0.0964241065811926
-0.079376787912645 0.0929872089466392 -0.0210074797891127 0.0236840210757309
-0.131464576087695 0.00976761238742538 0.00222485942993017 -0.0216978356448479
-0.0834495834284595 -0.0995144070110266 0.0399520725953872 0.0237357086517206
0.0561216799225395 -0.132426327581298 -0.00648815278244721 0.0526156608842207
0.153812145985617 -0.0277620242394535 -0.056332989960978 0.0345262996407112
0.129820551963611 0.0796955916111381 -0.157828262316045 -0.045170847067234
-0.0337435822017487 -0.0303783910041209 0.197604256346487 0.119005192517046
-0.0528294299324651 0.00729670565941302 0.12412379239481 -0.0508631792485587
-0.0344694564243678 0.0366148249546756 0.0168606695543472 -0.0623637943415978
0.0156705663629799 0.0464637692529939 -0.0408838829444087 -0.0194218164210913
0.0412511653838152 0.0123760551318705 0.00297513221860914 0.0282625721982156
0.0351169515675022 -0.0192100830922009 0.0513128284501037 -0.0310363446536623
0.0190676503226335 -0.0293250521923917 0.0439031225053669 -0.0980431232897273
0.0173188204713657 -0.0214519992090403 0.035623166100997 -0.152961340329445
0.0224157426942557 -0.0141583047620708 0.0496589026456372 -0.19285523436262
0.0316869217444254 0.00413034690106893 0.119671305690284 -0.186538278031605
0.0260676178991812 0.0257468046667257 0.184418010486331 -0.0988288237113528
-0.00319400354942848 0.0348861313118239 0.196737460438398 0.037239557601028
-0.0435625670165368 0.0223113747022313 0.133590284758955 0.150854764359459
-0.0561693615822088 -0.0160815453381906 0.0265295123263273 0.225363570695304
-0.0225526986594654 -0.0646068706782658 -0.0164571468438089 0.303545287441003
0.0397765228594648 0.0524497805202889 0.179908502256766 0.119599244918237
0.0470929286419091 0.0176419824045163 0.12229050805677 -0.0345557659615103
0.026714789403718 -0.0306816198243685 0.0212222074588311 -0.0639231447738813
-0.0240318384875397 -0.0233929931184343 -0.0419383107157032 -0.0212174798403667
-0.037997349566868 0.00602882216691335 0.00174778734566598 0.0389602842448443
-0.0238067502281613 0.0296058911979791 0.0609049634650505 -0.0231663020200953
-0.000891688958412875 0.0376336330000516 0.0541987302079313 -0.0940631161496757
0.00929907914611438 0.0410300851419892 0.038669019072781 -0.14734779259873
0.00239541201831458 0.0438335410656747 0.0469356172111323 -0.183056490798783
-0.0271512289784469 0.0472693154707345 0.109743722596839 -0.184516543840989
-0.0439214795125389 0.0195133472438324 0.173825214483931 -0.112756926870488
-0.0365928987862727 -0.0204669071454528 0.197538735480912 0.0230635118297596
0.00361540279863573 -0.0417928029560324 0.145154962681556 0.137204162369469
0.040479847568676 -0.000877897907939422 0.0430516762591558 0.217677958943207
0.0421752825138453 0.0323483638837943 -0.00545059355437068 0.301265606059856
0.0953614034954892 0.125457689801497 0.143265420431276 0.0988032524773756
0.135002533958132 0.0313234840990237 0.119615384347686 -0.00913932198393854
0.0855809163990447 -0.0881589777339295 0.036523272607957 -0.0811852485940058
-0.0539153504515555 -0.0911547079960785 -0.0615010127614072 -0.0417662384087726
-0.108803711755495 -0.00754185622570987 -0.0269186420507928 0.0539008098556863
-0.0818828417286203 0.0686922128358635 0.0523420968285394 0.00709436162420271
-0.0248004361554653 0.0959652308020582 0.0544700927848721 -0.0664974094767122
0.000157770086102364 0.0971801270956518 0.0357891655450669 -0.119222543576144
-0.0146768713610855 0.0955138454857884 0.0376120347682367 -0.152930896293024
-0.0775534983608831 0.0887639418682846 0.0894631011115344 -0.16941978741087
-0.108058021652162 0.0199006856161909 0.154699644709449 -0.126167674269788
-0.0749494014921462 -0.0678703327443845 0.1986668599255 0.00998566890596003
0.0407323921747265 -0.109552779583376 0.146535691736963 0.132379154850026
0.132957604832156 0.00348973119832076 0.037318644802386 0.200784695913136
0.109765735177084 0.118297148915347 -0.00890488952370339 0.26291022620349
0.124071074098866 0.182737484917222 0.107295852265621 0.0583223960661559
0.196964819776875 0.0466501314650931 0.128468032583805 -0.00611733230733712
0.130512842281725 -0.128631789061422 0.0393640565124308 -0.124156989343107
-0.0710577839230814 -0.139835888778884 -0.103820374752594 -0.06798843636432
-0.156979241613513 -0.022931227873165 -0.0741952839216416 0.07373440702711
-0.127545694613263 0.0918789430548145 0.0267982412744571 0.0515776912744444
-0.0471727057915664 0.138310110035917 0.0440938882266956 -0.016969900681552
-0.00882576986893594 0.138646821427581 0.02905781504134 -0.071480834791973
-0.0273130567687887 0.134895853537796 0.0259028491114627 -0.106776462311524
-0.112811118832623 0.122695501026122 0.0645093389325813 -0.143853071356458
-0.160269588753059 0.0240427949195028 0.133132382418198 -0.130519114836417
-0.113756388341612 -0.10520728346265 0.196168271617753 0.00913951160621557
0.0664641861307142 -0.170631302326633 0.127574758011288 0.135457313887941
0.209713352936599 -0.00129755424926298 0.00736161686177582 0.172469265719843
0.167562107761254 0.179380375408801 -0.0280786930749682 0.194413014073394
0.130976386436268 0.218189816566549 0.0820609568397164 -0.00689734175511131
0.228411753222731 0.0595580876429531 0.131357581443445 -0.0484108184817858
0.153345294994475 -0.14390371604796 0.00761355591165843 -0.174137150783588
-0.0728035885003334 -0.162682834407378 -0.157308946684579 -0.07931937286352
-0.174986127823415 -0.0352772221065586 -0.122032488542727 0.0939350830722916
-0.152528935362219 0.0975772298938467 -0.00980081975552188 0.099012753812928
-0.0628098472359541 0.157743609804783 0.0254236777279506 0.0437263085029871
-0.0154739518502701 0.158244601557327 0.0194228197355016 -0.0107458125781836
-0.0336793971242988 0.156454037619549 0.0145300252128905 -0.0509963319000422
-0.132394243298379 0.143999064110606 0.0419404765252048 -0.107090186023319
-0.193981063480094 0.0283967865374368 0.110082759850024 -0.115530643791926
-0.143069324197654 -0.133171842980312 0.176410748799658 0.0257423582831334
0.0819574811953427 -0.213208340954655 0.0821929179224632 0.136424530828256
0.256260546436352 -0.00744549675764685 -0.0338544287553876 0.125986153466241
0.201776228422276 0.20805529634094 -0.0573486200386528 0.111489344626135
0.124564732819663 0.223333027252737 0.0609246007354417 -0.0931683212711677
0.226966227439823 0.0619226318840016 0.102056237321867 -0.115347753439615
0.151421615381556 -0.13422197154274 -0.045579844621223 -0.198854152580082
-0.0600009251580919 -0.157103802151458 -0.19600590025893 -0.071731553129892
-0.164375239613309 -0.0446976194812338 -0.158469248717414 0.105239421944086
-0.152920084053476 0.0857942702830819 -0.0502677780038207 0.13931360818293
-0.0683753820874076 0.150699501274643 0.00075721318625187 0.106859906723638
-0.0210454017147196 0.153433773834814 0.00927027804794183 0.0525393026258405
-0.0358901754390373 0.15600010986873 0.00354443029710302 0.00649290005656326
-0.136143792593749 0.144906762489339 0.0204424350533661 -0.0611106541118756
-0.204799492059738 0.0224969873823045 0.0810983403692516 -0.0833129054871099
-0.145989617932692 -0.150383952161724 0.13222586978284 0.0464635599136644
0.0952634985611907 -0.221776344939036 0.0254432578172468 0.117081467842452
0.264512404624223 -0.00773390836006427 -0.0633594301169214 0.0715238046932075
0.204921804795102 0.203212975742174 -0.0894296411305757 0.0311513637496452
0.106370730620025 0.190686551393332 0.037083223373353 -0.181087867364343
0.19277873291665 0.052186352123365 0.0469443143064801 -0.172031005212402
0.126043470205654 -0.105462242192254 -0.0925625610052773 -0.192586118447924
-0.0388823805811984 -0.128451834225232 -0.210382803194044 -0.0590974311176639
-0.129544796078555 -0.0471994218357157 -0.18175000280989 0.104589081821481
-0.128371905061201 0.0631902111952258 -0.0877069445158353 0.168577611977533
-0.0608039842887827 0.121155637224127 -0.0223108241365769 0.162580370366102
-0.0229556741127266 0.1246631603825 -0.00137227442842396 0.107981907600458
-0.0350693243075845 0.132778946030205 -0.0085179297137917 0.0571516665797349
-0.12445556386242 0.122675350438027 -0.00153599202449067 -0.0137816997465636
-0.184110139731488 0.00576801195081073 0.043149697259183 -0.044351885146031
-0.115675089216378 -0.147097576427483 0.0768223365244128 0.0493878749276106
0.0973889697028489 -0.186522664569148 -0.011036026269183 0.0805351552921742
0.229150700843084 -0.00207649210550587 -0.0678091940755587 0.0312499264340297
0.173280047298011 0.167199427404136 -0.122407261912717 -0.0318174706739979
0.0745978936574914 0.12772062333762 0.00975187729506972 -0.24923282302917
0.131779150843407 0.0363702791240077 -0.00959808561566705 -0.201825474103682
0.085063946070143 -0.064465382340825 -0.121021167281592 -0.174107682238177
-0.0149437855129363 -0.0854881566821749 -0.211309492195733 -0.0473910501731659
-0.0783261322677264 -0.0425389985564107 -0.193541124957423 0.0991652748278066
-0.0843298613224214 0.0308977585206919 -0.114644847399342 0.187639310119355
-0.0436620037772845 0.0740095811292455 -0.0396921550151938 0.201142037326317
-0.0210575448013892 0.0769086939427559 -0.011931922003582 0.146756890436813
-0.029581479087954 0.0883946483190664 -0.0195221802248189 0.0944682197947377
-0.0923483573110266 0.0776004475712 -0.0227621953107711 0.022775646640342
-0.129892787942544 -0.0130186403446603 0.00360159693338289 -0.0174112579755598
-0.0637605706650683 -0.113781688588652 0.0359016994709586 0.0324444246263098
0.0781444293116675 -0.117346546380672 -0.0172850404881098 0.0507216495861469
0.152626412355011 0.00276945780599435 -0.0636582789164433 0.0205863471299264
0.110318904630317 0.103272102124946 -0.148279300484018 -0.0743592777417793
-0.0335514285291433 -0.0306501348320798 0.201013656212344 0.123130171363042
-0.0539462250972671 0.00739007505873692 0.12754469008622 -0.052980865044157
-0.0358393474721664 0.03685816163344 0.0172147205972604 -0.0651361873271258
0.0158239029846774 0.0476202469680101 -0.0414418053252119 -0.0197580348601491
0.0424173392064012 0.0136703289183303 0.00402387111926212 0.0291074992718069
0.0363980348203535 -0.0198597313140635 0.0522756364848442 -0.0320834050075741
0.019591886142292 -0.0302635562171795 0.0459855555520608 -0.100210314271042
0.0179716331073226 -0.0223918800573395 0.0386910136006734 -0.156423690227658
0.0233470818184861 -0.013958945723386 0.0534228095889883 -0.197174791153379
0.0322971499478699 0.0049053956873523 0.12372152318757 -0.188777248849063
0.026119988615393 0.0265720252307215 0.19000351202959 -0.0982605675717857
-0.00393262980866065 0.0359279755426563 0.200586817217612 0.0410406806178668
-0.044729499291754 0.0226022591254539 0.133112647869564 0.156580479336612
-0.0570183187174252 -0.017711179731106 0.0224934670209104 0.23233547462122
-0.0228290026814733 -0.0677521390881394 -0.023034460941765 0.309124826954298
0.0391800680328601 0.0542421948157768 0.182542980148078 0.12273369964099
0.0482970021728935 0.0194331925808358 0.126558870153185 -0.0357073246713066
0.0275225622752544 -0.0306415855545612 0.0222817089461038 -0.0654934193701239
-0.0240999855454751 -0.0249546911591833 -0.0429187779336049 -0.0218029177003459
-0.0394353828582064 0.006095276568701 0.00298495420655404 0.0401584755256841
-0.0241010048398978 0.0298876569391514 0.0621485462118877 -0.0240628184045219
-0.000591852998777468 0.0376587450941622 0.0557618813887561 -0.0963728266759773
0.00900497700587647 0.0415960162014515 0.0419782372253288 -0.150823606330676
0.00181149276354292 0.0447414970605072 0.0509724775982459 -0.186365345931152
-0.0280700975839426 0.0489648588484585 0.113411876630212 -0.186950492331021
-0.045514726802005 0.0195257868616071 0.178245181160702 -0.112505390712077
-0.0376176262477172 -0.021252327792276 0.201570824958742 0.0259858048217067
0.00452270849922218 -0.0424409531005337 0.146687473494259 0.142684349054046
0.0420086848495792 -0.000822665944851184 0.040581916698564 0.224261396727115
0.04220345300996 0.0332896616984014 -0.0100587373030269 0.306155115102058
0.0948140325231777 0.129792268644788 0.146380618777152 0.102425679988704
0.138378480771188 0.0350537226791218 0.123286193113321 -0.00926046966122307
0.089711461858527 -0.0898985194357582 0.0382282990993651 -0.0822571392812708
-0.0534969414232446 -0.0945592362255649 -0.0623866903870632 -0.0438719451635928
-0.112044504712263 -0.00911849888747699 -0.0262312018371621 0.0544583129217122
-0.0843262217089491 0.069614127142939 0.0537801926680112 0.00621668074199625
-0.0255917227600367 0.0982936774695715 0.0558855971196314 -0.0680077765956568
-0.000972594718006361 0.0984417824381851 0.0379652628615531 -0.122175758990059
-0.015930079313243 0.0971332900656625 0.0414127199032957 -0.155039337002128
-0.0793636082388753 0.0910249336529273 0.0926196394262711 -0.172102421363799
-0.111226036818408 0.0194194294519934 0.158069488963468 -0.126003462904633
-0.0765394577140515 -0.0705762100888337 0.204062082272818 0.0124247364595469
0.0429255442399538 -0.11085208294217 0.14856314770219 0.138214585343478
0.136768502128979 0.00443331861050438 0.0351414604728051 0.206596738775818
0.111065356230404 0.12184397352566 -0.0133807923885133 0.267246647664995
0.122293610842161 0.188325555432038 0.110201064572754 0.0612125585894491
0.201473242186736 0.0509346515995659 0.133822368227367 -0.00487676199566153
0.136468258429152 -0.130096559493209 0.0422932465531066 -0.12685593147826
-0.0710766804254807 -0.145107513249325 -0.10537898925987 -0.0722450470254555
-0.16227075881029 -0.0240240695923719 -0.0751205140288893 0.0743053219140059
-0.131300244517289 0.0937203625751878 0.0273177039617642 0.0525652571388295
-0.0491798114144858 0.141112628654196 0.0451278273136587 -0.0176878425715733
-0.0108508203842862 0.140593372334249 0.0310711473530759 -0.0731721669769212
-0.0285346276396338 0.137451942419005 0.0285613980393343 -0.108434452597434
-0.116727899102909 0.126328412740292 0.0674292317041561 -0.145385383174733
-0.164739777159409 0.024090899317627 0.135150876386673 -0.130194063003317
-0.116382550725941 -0.109028504958594 0.200409166699378 0.0121869148337809
0.0693703522489953 -0.173605421184905 0.128926904045661 0.141186562073423
0.215363856408219 0.00158483539181403 0.00458266726261723 0.176268943381394
0.16983052241588 0.185453608720041 -0.0326047429982273 0.197747563677322
0.128398523322236 0.224354658920685 0.0861396390640036 -0.00473237153196208
0.233548877192004 0.0634386067822566 0.138160066994086 -0.0474769288667599
0.159658977176081 -0.146696848915612 0.0111020880186399 -0.177796644749046
-0.0726078194553899 -0.168358105549164 -0.15978599550352 -0.0844061564491499
-0.18071023149856 -0.037424635173186 -0.124789612653275 0.0942013671443073
-0.156106421554649 0.0994987628313001 -0.0100961098933043 0.0998318351062758
-0.0652812446520514 0.161119537946572 0.0248981198809955 0.0444127757238889
-0.0180943178862162 0.16062748248027 0.0204301398688458 -0.0108476983196667
-0.0356723365593688 0.159350115346644 0.0170975894734996 -0.0511820800957796
-0.135903898059652 0.147557451657299 0.0437401465932861 -0.107538481643358
-0.200353047128937 0.0280676115362543 0.110974719924816 -0.115632673496105
-0.14611575451018 -0.138406301972712 0.180265711501125 0.0281864483827728
0.0877604923640083 -0.217680059593425 0.0833205022001972 0.141153132368565
0.263336572598602 -0.00350248892296887 -0.0364136908544761 0.128567887049263
0.203892263135872 0.216295742211356 -0.0606589967416469 0.112259054699928
0.121980415524261 0.229840960906789 0.0672300471545317 -0.0931045753417804
0.232116697703432 0.0658344971215341 0.108931067039929 -0.11589433883176
0.157213009985914 -0.136639050013881 -0.0430598644431966 -0.204380654793127
-0.0601263587050209 -0.162603960950393 -0.199565461956697 -0.0764849238399029
-0.169149042093208 -0.0467947805602144 -0.162672381756616 0.105498087678456
-0.156410050224474 0.0880998752225133 -0.0521265882180678 0.14068421657487
-0.0700887556484384 0.153756905366603 -0.000319624447984127 0.108673095821322
-0.0230528745773796 0.155433981668908 0.00971693623597539 0.054301379209101
-0.0380682831535972 0.159247034741798 0.0056827933057471 0.00718990947613953
-0.140589642160663 0.148485856523349 0.02171115991696 -0.0611685388004957
-0.210709407764184 0.022209183095087 0.0814203016255278 -0.0812778951614211
-0.14927911344928 -0.156789605548392 0.135244976271403 0.0494855501323636
0.101501268920263 -0.22587548651451 0.0257929709452147 0.120868320756676
0.271376948464977 -0.00349957962674322 -0.0656575145719277 0.0706592954180439
0.207515776620654 0.211438463305459 -0.0925883258550471 0.0300099549019423
0.103390913172204 0.197349377317157 0.0432397876090893 -0.183829258699712
0.197089821300917 0.0541067542479313 0.0529957363132291 -0.174648817114088
0.130789913562343 -0.107400783546641 -0.0913030265486912 -0.19839159132162
-0.0387861034363426 -0.13255945634541 -0.214201325208056 -0.0629676735383161
-0.133973881376565 -0.0491059646594122 -0.186010051881644 0.104615213373043
-0.131123238356749 0.0640599541044067 -0.0903051776080588 0.170193249189861
-0.0624858592635733 0.124254249616898 -0.0244729466361579 0.165445214854949
-0.0249505240217956 0.125994051466551 -0.00169938215757292 0.111152163599863
-0.0367863166045741 0.135037776748542 -0.00748169228537724 0.0596635767741124
-0.128585200959136 0.125316419117957 -0.000849252569860696 -0.0125852109563953
-0.189557460060441 0.00452300134044585 0.0421276035580673 -0.0425864067013083
-0.117366062796611 -0.153516320646952 0.0777566671379487 0.0514998864945799
0.103891763654317 -0.189974979800435 -0.0105565872916925 0.0826767338214947
0.234517060254904 0.00185627943936802 -0.0698311181221619 0.0309919034245865
0.174906702690918 0.173895117167318 -0.124282515728467 -0.0341108891984965
0.0725776002198303 0.132165410692941 0.0166410328238279 -0.254095318157065
0.134544693471794 0.0368128148772145 -0.00476136546593158 -0.206442063752187
0.0882681283692501 -0.0651784124743986 -0.120610676744099 -0.179926337024171
-0.014921894474092 -0.0873706299634512 -0.215508196647897 -0.0509931002218894
-0.0806970410189843 -0.0437748273373429 -0.199287078295453 0.0986792794193682
-0.0861765088560255 0.0320827908725744 -0.118737497525595 0.189658830223991
-0.0449952534569501 0.0755344762552913 -0.0420911571651107 0.205723440128099
-0.0227590563477315 0.0774751657751341 -0.013470581759792 0.150267171054957
-0.0303412024193267 0.0893497730743514 -0.0201536427368133 0.0975148740378982
-0.0955222971886015 0.0798100722312147 -0.0242119021428113 0.0246162744807341
-0.133647381615988 -0.0144446453012825 0.00139775453399946 -0.0166501901583974
-0.0645911926218324 -0.118074847353782 0.0363162242173638 0.0337535877703371
0.0835236747058649 -0.118578888835971 -0.0162513909227599 0.0520921125403227
0.15598980142181 0.00539926769791896 -0.0654570732559852 0.0198578145824048
0.110461247484254 0.107658687484467 -0.149987835728977 -0.0766054626446262
-0.0343749091112876 -0.0310406113397773 0.208689080246074 0.12140084739478
-0.0552502361448694 0.00925085874291687 0.130483746580001 -0.0599740099265775
-0.0365947092317334 0.0391320632794101 0.0156169280248305 -0.0690535742935494
0.0175689111101224 0.0488646667838839 -0.042851440731893 -0.0197874743288444
0.0452641643346353 0.0127766086642909 0.00607305314236272 0.0300904711465745
0.0375296887486176 -0.0220024863470262 0.0512987766876925 -0.0349695670057923
0.0202650407739781 -0.032725447785282 0.0454356796753848 -0.104528372854214
0.0177562306520949 -0.0237240972398458 0.0360336641002466 -0.16291837132306
0.0233843262747155 -0.0153081860703522 0.0498416584783056 -0.204324845259698
0.0340147887362301 0.00339737869209656 0.122389430002168 -0.197588798782707
0.027470820149361 0.0259453919391994 0.192773062201813 -0.105890765604469
-0.00303198524041512 0.0372907825798013 0.206767402113893 0.0369318056619214
-0.0455616097171796 0.0246692099842111 0.139587651706357 0.159294579622296
-0.0586494006674205 -0.0174388498452355 0.0270986591098293 0.240199416501701
-0.0255627300865315 -0.0704778566182599 -0.0176619133811523 0.317778738842086
0.0420280071992706 0.0551164421397905 0.191145337897248 0.120958073759562
0.0504607770145547 0.0192182716782272 0.129455031207835 -0.0419688285849146
0.0277757670592559 -0.0320908032362397 0.0204963520342616 -0.0696844725881315
-0.0245664435033437 -0.0250626946670572 -0.0448589651580568 -0.0216755511477549
-0.040176850642497 0.00758421174362089 0.00546374325810745 0.0414075601090278
-0.0242031669234368 0.0317960290117273 0.0626903666123961 -0.0274118018647597
0.00061580423531383 0.0381454448304809 0.0555216140606985 -0.100841319452302
0.0103338039248128 0.0422318531002962 0.0390143156420286 -0.157406728604591
0.00276978056950855 0.0457376343317129 0.047684297540561 -0.193462401811378
-0.0272118962146665 0.0513883788357347 0.111788120810183 -0.194252700784518
-0.0463595191695325 0.0220511354130044 0.179905018623564 -0.119967778409354
-0.0389042461647239 -0.0205176766671636 0.208472012581884 0.0216871644364256
0.00332787132498339 -0.0438230690168742 0.153463281510262 0.144894866221194
0.0435144770540415 -0.00241507254439577 0.0459090708264595 0.231827449684178
0.0442570150164871 0.0323543290618749 -0.00457430675652978 0.314342074145201
0.0990247175994684 0.13217372505839 0.153836267272824 0.101096049449934
0.143445431406763 0.0335187628876481 0.128135153872736 -0.0145479860849439
0.0909874867211194 -0.0940690189931199 0.0368057466522654 -0.0867083439876081
-0.0571772432079679 -0.0968405188498776 -0.0653654505128402 -0.0445949730013166
-0.116642602327449 -0.00531139253259404 -0.0241269887537753 0.056355211010984
-0.0846828017979862 0.0753145534273282 0.0546914483142361 0.00381855999179715
-0.0234699560915999 0.101512326315018 0.0558869676821912 -0.0709209001685457
0.00172089043653795 0.101236836228091 0.0367380194627463 -0.126942928367203
-0.0135301012862799 0.101001866029985 0.0392811020012994 -0.161184365077387
-0.0791296198383587 0.0963810442610058 0.0899789490517566 -0.179007035933156
-0.114437310233134 0.0234555692102625 0.157629238166908 -0.132197051539538
-0.0809308791625015 -0.0705603799042241 0.210223476825486 0.00799969710960937
0.0418267392693891 -0.115173619660912 0.156158007048883 0.139369738948968
0.141299376678315 0.00103452979560257 0.0400667814235731 0.213265264887328
0.117576561553777 0.122166291600646 -0.00916018470971884 0.273671194437812
0.128049709926094 0.191826892342976 0.116255711070465 0.0605966561499562
0.20931776686322 0.0481958528241838 0.139042704663173 -0.00895147497413424
0.138850359130077 -0.13801603022256 0.0410476140148101 -0.132114935858505
-0.0770564420702484 -0.149228431589288 -0.110694932926988 -0.0731845397997917
-0.168579781334317 -0.0200764888190521 -0.0740434492367204 0.0778258543396787
-0.132560561382537 0.101016334099851 0.0296473036746757 0.0511306884775339
-0.0457348715175133 0.147221273919692 0.0457227379258714 -0.0193441055383905
-0.00788897965573707 0.144505560378221 0.0301868334964111 -0.0768655540398242
-0.0251338239955474 0.141717268646866 0.0291611314527646 -0.111925631897075
-0.11563663205614 0.134173417951337 0.0655890474546762 -0.150135728394426
-0.169467753178144 0.0305801248008274 0.133607848814036 -0.136160616059102
-0.124379753500299 -0.109744564291234 0.207343828617372 0.00721701556860122
0.0679161483110711 -0.180499117503022 0.137073277629625 0.143140018132271
0.222866880806361 -0.00424322578177731 0.00843965877235864 0.18250259427181
0.17964584320155 0.1869002549387 -0.0304462634317337 0.201655033635586
0.134800384123404 0.228936339515286 0.0909899351112551 -0.00729539168970958
0.24259269429698 0.0590620490422755 0.143966798688401 -0.0516699820586278
0.162718040360071 -0.155714755332843 0.00892613144287285 -0.184763174933067
-0.079813670131586 -0.172034495439811 -0.167404594275595 -0.0843477825490627
-0.188583791835597 -0.0326612750824316 -0.125118068824949 0.100469477514778
-0.158341430387203 0.108535282016506 -0.00772506730218684 0.101549531815197
-0.0613393317143948 0.167711924192416 0.0264193200021315 0.044938858141774
-0.0153331638265061 0.164698096273809 0.0215646983541455 -0.0119087430890868
-0.0312719160613752 0.165051545171646 0.0185623953843548 -0.0531670649298531
-0.135648857090663 0.157246121204824 0.042344359082189 -0.110713792569884
-0.206116807671767 0.0359700287025307 0.109582142740988 -0.119701569682134
-0.155398927072697 -0.139467560512074 0.18668314053287 0.025382803548093
0.086174422556836 -0.227291528826312 0.0899924822751261 0.143913033467141
0.27253872522032 -0.00943526532003641 -0.0361971581804803 0.13258476500108
0.216448471460252 0.217406906982288 -0.0606474529712983 0.115452220104919
0.127879323431629 0.234546806095238 0.0698083882796254 -0.0965527162174203
0.24097593951927 0.0609784892008936 0.112449788704268 -0.122569317209412
0.159261441683868 -0.146361918576974 -0.0479289915167447 -0.210120656205538
-0.066249695110546 -0.16584619434983 -0.207734882116669 -0.0749588727295713
-0.177382486051536 -0.0429287069543167 -0.164217974962928 0.11291817484558
-0.158196659817964 0.0967112904412512 -0.049304237917129 0.144720089597688
-0.0668111932629995 0.160966252193222 0.00222912461321999 0.111628994454432
-0.0208672923882504 0.159478158606965 0.0117731570565253 0.0551916466323633
-0.0339745425182957 0.164540560332432 0.00766425890850068 0.00770225011504738
-0.141431043041472 0.159315652055084 0.0210355900331223 -0.0618921743255858
-0.2181541143804 0.0291938802159772 0.0792391903002039 -0.0830383757658917
-0.159121441481546 -0.158398021552111 0.140748714785892 0.0478837967668447
0.100762771489794 -0.235964635692661 0.0307017422007247 0.124055427239342
0.280164810800411 -0.00924246720271917 -0.0666528135979352 0.0734979712876667
0.219392944561008 0.212737916177613 -0.0946957763992055 0.0321640599644224
0.108918396734925 0.201074077077867 0.0441451099367285 -0.189267089513277
0.203894621540748 0.0495618688346551 0.0540420252777201 -0.181222785145354
0.13203131413747 -0.115323620421334 -0.0969356619742399 -0.203267522233813
-0.0436492978589025 -0.135538681121398 -0.223062326859571 -0.060987932127094
-0.140804258256315 -0.0461145925354018 -0.189467815247221 0.111791634579893
-0.132091757584975 0.0710430775581626 -0.0883791191867668 0.177068251257384
-0.0595712612675 0.129798577882693 -0.0203402263474679 0.171560375229446
-0.0234971737293167 0.129904374092728 0.000947438513537085 0.11407997684824
-0.0336445182849676 0.139862627940318 -0.00430440142333159 0.0617231129894018
-0.129062023365362 0.134484654054755 -0.00165372190362576 -0.0113844539132037
-0.197365755110092 0.0104342200002269 0.0400243873407764 -0.0416937224075863
-0.126128721388309 -0.156317388585805 0.0811333391523655 0.0521436983780987
0.105353855426588 -0.198138113032752 -0.00847130309193394 0.0845834473926298
0.241871911116117 -0.00256599043101947 -0.0717214960636694 0.0323768245450499
0.184852763349473 0.175450638771626 -0.128499887638474 -0.0328435793482806
0.0757934401772863 0.134346683434382 0.0146741200386534 -0.261700092275918
0.138796084868192 0.0330288105439306 -0.00707400299857755 -0.212881713367451
0.0887517029735247 -0.070538304501854 -0.12757503455163 -0.183248455225866
-0.0182841651187702 -0.088813389663654 -0.223630499519838 -0.0472658531481654
-0.0858084160375646 -0.0427208788476194 -0.202468582544225 0.107201910399126
-0.0871428758492454 0.036812923558341 -0.116228092125864 0.197734740046029
-0.0428984082983184 0.0803442335795425 -0.0375953278156096 0.212999332372282
-0.0224101629554066 0.0795797224718257 -0.0104478764141793 0.154883599607855
-0.0283563731740684 0.0929731577060487 -0.0177694645362783 0.100700442964041
-0.0968085985042219 0.0858013241332223 -0.0242905641059083 0.027433449494763
-0.139536342419148 -0.0109743063645858 -0.000844734432303868 -0.014329812831482
-0.0695853369535133 -0.120817995009268 0.0379153932053514 0.0334242414257063
0.0840903800986765 -0.12377977150228 -0.0141609863577365 0.0534598954097876
0.160566834725312 0.00364018377153229 -0.0668632077299335 0.022335975067899
0.116569388075539 0.108225881016395 -0.155335242719229 -0.0749625306279787
-0.0354492012159748 -0.0299519835871744 0.215191746298801 0.111114146504628
-0.0548141910701827 0.01216556570095 0.127199488216149 -0.0684468935819529
-0.0350496776850685 0.0412655976215365 0.0112415806080726 -0.0714350472995782
0.0208145604280342 0.0483896485116557 -0.043612277770057 -0.0174198847177019
0.0468969960480546 0.0109914414865504 0.00924284617865891 0.0289717315317352
0.0365389485453939 -0.0243115811665661 0.0490709939259303 -0.0386636240778546
0.018548942285573 -0.0345235502164372 0.0402869116808424 -0.107453182395263
0.0167369058900257 -0.0254052014423166 0.0274199839064551 -0.166644038786917
0.022729526023579 -0.0160825430477861 0.0397573059582727 -0.207222052446959
0.034566574082215 0.00176897893376623 0.111871231097165 -0.204938964172367
0.0284959520842161 0.0244801206316494 0.188880595328543 -0.115245744372765
-0.000755469116276188 0.0375954886397091 0.209294249837761 0.0276277637063543
-0.0445583328231667 0.0279976147653065 0.14673012646677 0.154152299212349
-0.0590819198462321 -0.0151877522658995 0.0378209846668512 0.241552375761872
-0.0300315923080504 -0.0704700476082564 -0.00498209126651814 0.317930162145665
0.0441082266965276 0.0531604107186508 0.197314201850656 0.112045070492445
0.0518062278942204 0.0181078210151448 0.127815503031755 -0.0507442978556148
0.0269803905585419 -0.0334160340148976 0.0165381034754699 -0.0717227998598775
-0.0253907381842946 -0.025076901128191 -0.046299562650653 -0.0197453932768987
-0.0404327459700082 0.00979705396143068 0.00887544716448443 0.0402585157433003
-0.0224989154461491 0.0331483892956419 0.0608966181990412 -0.031392330164433
0.00261275483835461 0.0372076080912679 0.0497452929068282 -0.104554689716663
0.0123476156171388 0.0409902088462473 0.0321794885258488 -0.159982991574539
0.00560631827205028 0.046280545466595 0.0390018433077774 -0.195675971821921
-0.024321769752422 0.0535855341152835 0.102096292157369 -0.200083475333421
-0.0455825407228729 0.0241175767946602 0.174476517219341 -0.127511891155886
-0.0405257361107463 -0.0190021336288993 0.210108265963542 0.012258706401361
0.00174524513041262 -0.0437655878571407 0.159556431884713 0.138022507957528
0.0439886941749927 -0.0054110715901299 0.0554338758638489 0.231175169685617
0.045873771513121 0.0286570376981947 0.00775596582693789 0.31372046141437
0.104200786592324 0.128582968279921 0.159250402786641 0.0938818577832771
0.14539355015864 0.0281029155133967 0.128818836987608 -0.0216094886244373
0.0877022985033421 -0.0984121876049906 0.0335697881265854 -0.0901235055149205
-0.0617296418229681 -0.0955386812698241 -0.0679618364392476 -0.0421652355320397
-0.117888023562852 0.000192996041843983 -0.0203840876099182 0.056874460562369
-0.0813765684317954 0.0802599774459208 0.0548114509067876 -3.99558385642673E-05
-0.0174915686234916 0.102544788237016 0.0523687268715116 -0.0748046619256312
0.00629136361450418 0.101132018716572 0.0310783227614548 -0.129936216923409
-0.00840379069785166 0.101174904447195 0.0321476283662093 -0.163777219783938
-0.0736320511087402 0.102034398730127 0.0812034230015598 -0.183403579430095
-0.11396586133262 0.0306347962148366 0.150666487929163 -0.139297122256712
-0.0850538490851851 -0.0663346578735364 0.211125350153173 -0.00194286435755424
0.0364325268813485 -0.117930922698325 0.163631596084776 0.13215062241656
0.14253820270124 -0.00643903483005953 0.0494762680434215 0.213109867335822
0.12407768717153 0.116371070857442 0.00177563691185806 0.272426872834618
0.135335207918271 0.187466012115029 0.121262914432971 0.0551061629288935
0.212175149280894 0.0390224908800304 0.141454770488721 -0.0163843007733461
0.133790274965936 -0.145636479811795 0.0359960522589162 -0.135201694596565
-0.0845309748577892 -0.147179934208288 -0.115306865850852 -0.0691633796724393
-0.172017966156229 -0.0108121757336718 -0.0701273108457661 0.0811866143714304
-0.127654900230656 0.109843142636372 0.031356118219804 0.0483632927134762
-0.0376513002053863 0.149615390143798 0.0448029499264428 -0.0221630481929864
-0.000283727587998004 0.144624852770287 0.0268806175834566 -0.078610800253122
-0.0172331608635584 0.143694346073147 0.0244682315086277 -0.113675034406317
-0.108674276979732 0.142453414197588 0.058589085457884 -0.153222230090889
-0.16907697959636 0.040111752075525 0.125764681040885 -0.140572597018823
-0.1309905466224 -0.104426920461721 0.208654892885481 -0.00261790590439975
0.060167782278087 -0.18525861852559 0.144616386061707 0.136717722381704
0.224281497851953 -0.0153133572702185 0.0148904629710636 0.18294241543041
0.189092838690381 0.177849199650581 -0.0225844470923764 0.201686133941353
0.143499100792758 0.224882768725503 0.0932748679230967 -0.0109280623005104
0.246363005843108 0.0477767317191952 0.144222489465303 -0.0593266245236939
0.156168267747629 -0.164671733752851 0.000817150651453088 -0.186710174114766
-0.0884784155538183 -0.16979962532826 -0.172546754592363 -0.0779612244052504
-0.192055250970671 -0.0225868929623442 -0.120001642834064 0.106103937971818
-0.153054952961336 0.118071747523074 -0.00280733992798978 0.101218875022309
-0.0519483606029321 0.171180135271651 0.0279870024937989 0.0435422753738148
-0.00733392832135574 0.16547351057537 0.0211773939096802 -0.0134758501545507
-0.0224454739414278 0.165958662012348 0.0173347979471616 -0.0540715469484253
-0.127961710482625 0.167564529110154 0.0376965356319086 -0.112283902407552
-0.206112167003521 0.0477941072963146 0.102378740323912 -0.122451255099848
-0.164249625209573 -0.132733763720042 0.188792387623635 0.0166108412959039
0.0767322531485723 -0.233897160852358 0.0965083912549162 0.14041523223915
0.274662315543693 -0.0231635705144832 -0.0312996146755424 0.134275131424323
0.227836457432142 0.208272498363148 -0.05702416927388 0.116280633199414
0.136188017773082 0.23116971719276 0.0688381344721415 -0.100631616103222
0.244211393337105 0.0486610893525521 0.110263733971706 -0.128339020523042
0.153334569077871 -0.155169401591164 -0.057024744909838 -0.210083792756135
-0.0753207369153046 -0.163224811841604 -0.213177900895439 -0.0669213703417962
-0.181759653616285 -0.0330423711320344 -0.159140258071185 0.121014836049915
-0.153431709128446 0.10594804388938 -0.0419996947257712 0.146784849678732
-0.0574264595348609 0.164738373609778 0.00753776049233704 0.112259139976622
-0.0137199317898709 0.160790691000882 0.0144566919050564 0.0553189015253505
-0.0255805196384816 0.166348667404031 0.00963710352458823 0.00728353454525096
-0.133147611583119 0.169412612800619 0.0190822706694955 -0.061468558940694
-0.219280861532109 0.0423705826163561 0.0734359164947818 -0.0840651495707987
-0.169105991477507 -0.151493591957668 0.14330006935644 0.0418179837856593
0.0922698141926386 -0.243107529914743 0.0364136182900604 0.12239415441361
0.28214535686995 -0.021897449530744 -0.0646123071642402 0.0766191805399662
0.23017426369775 0.203473836185755 -0.0941361357562426 0.0355321701215244
0.116598476415738 0.198263722381247 0.0388398610659374 -0.191923299111661
0.206336019588963 0.0384881123661175 0.0485168998108055 -0.184761446943229
0.127125268090816 -0.123079120637118 -0.106092465909647 -0.200004503635956
-0.0511724911789624 -0.13310946615857 -0.226807617259213 -0.0505493784389999
-0.144590534063861 -0.0381741764527833 -0.184850406551716 0.122298403716364
-0.128113453507611 0.0792170394578193 -0.0790957060638851 0.181083696090548
-0.051779439205874 0.133285695605754 -0.0114516918586546 0.172675391469246
-0.0184020873545967 0.130400127467893 0.00677491251524599 0.114912876214584
-0.0263985581001357 0.140957785175646 -0.000334960993916656 0.0630397705026339
-0.12270210147404 0.143970638864271 -0.00200888377948844 -0.00960965473129764
-0.199276131892634 0.0215454177143309 0.0357239585476025 -0.0409815572946627
-0.135378850000943 -0.151577974474278 0.0837643553320808 0.0482816375010698
0.0983376065162812 -0.204635355402459 -0.00350193499068815 0.0845380659906455
0.243628977606978 -0.0125448595903359 -0.0706359965681009 0.0353591801424889
0.193595215561135 0.167530651882042 -0.13064559163535 -0.0275529651451098
0.0800033569069872 0.132487146884549 0.00637347588783698 -0.263026299134267
0.139477626339115 0.0249599342352282 -0.0144476393185935 -0.212736533091953
0.0852869038770029 -0.076213408268101 -0.136503024245586 -0.17802562336049
-0.0225781280749112 -0.087965511287513 -0.226472173935762 -0.036759045089291
-0.0886966010054312 -0.0373807007447067 -0.198329682199486 0.117349137197118
-0.0843482709846588 0.0415361414884775 -0.105795758427077 0.203107847997763
-0.0382426378693332 0.0825290210758278 -0.0267220589949331 0.215407665583972
-0.0194502703908799 0.0809031847984801 -0.00220219536153112 0.156416418153098
-0.0227162293746357 0.0943157536777902 -0.0117143991146761 0.102129704928325
-0.0923134317156069 0.0926910090859988 -0.0224596149732916 0.0309104269825448
-0.142092239827355 -0.00304678449398732 -0.00334582373338325 -0.0113941061987432
-0.0770946007699744 -0.118512950596717 0.0389292883773941 0.0317560501700009
0.0811231754293769 -0.128417487133014 -0.0102844068438822 0.0533496558535868
0.161899519921957 -0.00255550353314349 -0.0667211469169989 0.0248186401520973
0.122349274075654 0.10349940182281 -0.158542079595627 -0.0682214580687124
-0.0347026604490214 -0.0285387852282504 0.211615840004649 0.0989784696073225
-0.0520660579575414 0.0147603419273152 0.120101513932457 -0.073862767097454
-0.031759720701463 0.0418425315108278 0.00672091909937879 -0.0709266048422135
0.0222189909030431 0.0460934337749694 -0.0427279436513101 -0.0155378912031262
0.0465262973048062 0.00804585851558127 0.0114079587940804 0.0273463541756868
0.0343462511968081 -0.025593909300732 0.0448544142795069 -0.0391970309596625
0.0162294277256806 -0.0352770319378058 0.0350445011297542 -0.105712052557662
0.0156028844641787 -0.0253528654238091 0.0205084351273304 -0.162921372896936
0.0217135340268196 -0.0164465584320513 0.0296000037142408 -0.202073330247599
0.0335108798486527 0.000189159682946931 0.0998975178332665 -0.203189600385719
0.0289767278130725 0.0228251590276906 0.178615684951623 -0.11939147224109
0.00107180669131219 0.0358409169514639 0.203944300529387 0.0186920722024117
-0.0414713864282889 0.0294892611727168 0.146952750574531 0.144760246675977
-0.0581263872453944 -0.0129682250182379 0.0455503639876705 0.234196154239764
-0.0328775537468786 -0.0672493822329837 0.00523692454925453 0.307512775522651
0.0445618374440943 0.049718211025727 0.195935659816099 0.100856507951966
0.0511223076473439 0.0166655614243312 0.122398233218417 -0.0562083678002016
0.026257375525704 -0.0326053355869551 0.0128612095617061 -0.0716803235893192
-0.0256181764133478 -0.0233987217609825 -0.0461175310763314 -0.0173751081871948
-0.0383110708202097 0.0108675540532701 0.0116313144743667 0.0380385955595875
-0.0207076552671624 0.0332279217054366 0.0572160957647773 -0.0338602050562342
0.00399403776205834 0.0344900664253709 0.0443183437143042 -0.103621959150035
0.0139766659662273 0.0388781966393475 0.0251418055513208 -0.157737976688781
0.00763035087707925 0.044080856175879 0.0299261129598079 -0.191676270120151
-0.0211144362011822 0.0533145625711486 0.0900860328743655 -0.197915270457206
-0.0429393958485823 0.0263262493595679 0.162993824205059 -0.130258729412978
-0.0400129726599833 -0.0169769246936138 0.203078786877299 0.00320395279287621
9.79622795334307E-05 -0.0419605219695641 0.159738845390026 0.128471882984914
0.0429963222608576 -0.00753556392094406 0.0626723417336676 0.223350439007834
0.0456022536656626 0.0256471236930028 0.016698975349979 0.302485160096562
0.104586625779942 0.121382356375048 0.158864590158003 0.0843030434782682
0.142177664001568 0.022576804490669 0.125165084612241 -0.0277567795621052
0.082970104513371 -0.0986582869031202 0.028582487573527 -0.0891994699207926
-0.0636967776407613 -0.0902182117230239 -0.0684399188318571 -0.038476229302657
-0.114594278847625 0.00596638944997737 -0.0163374752230233 0.0560109524834119
-0.075656089145299 0.0821176529893586 0.0523205695343403 -0.00326269049797988
-0.0125200309107468 0.0987223460616554 0.0477306583963588 -0.0750357645429835
0.0101235459707247 0.0968573972176425 0.024422272728883 -0.128309784390112
-0.00359342399321705 0.0983991715990735 0.0255314819751965 -0.160111610902478
-0.0668521111127626 0.102457203102059 0.0717012458537917 -0.180350785292233
-0.109550974264051 0.0352441402664312 0.13967743536802 -0.138833159487395
-0.0854376788950858 -0.0608018952778685 0.20425028592212 -0.010540732138247
0.0309929474751178 -0.115798449507957 0.162887699820395 0.122090171881718
0.138277361587995 -0.01274318953454 0.0547051556721828 0.204827476183747
0.124365197028467 0.106750578970896 0.00927256295184573 0.262446237176671
0.136515561862281 0.17745001426948 0.120891617031994 0.0484385311243306
0.207046540505175 0.0303086644254898 0.137914681998437 -0.0221684226605825
0.125533023008705 -0.145732685144147 0.029939449179797 -0.133980761770019
-0.0879032415837623 -0.1399448978213 -0.114801502155812 -0.0636835792985791
-0.167237517599892 -0.00342889514712819 -0.0638306803774347 0.0812303899945988
-0.119123308022534 0.113129933860079 0.0323895354922509 0.0442352500505092
-0.0293928329792326 0.145085181160891 0.0415699685221394 -0.0236588279453539
0.00496733616657152 0.140279943399565 0.0228031381272733 -0.0782094346785919
-0.0115093961260088 0.139028933145844 0.0208796934237487 -0.111807652699368
-0.0990067079061672 0.144112953349774 0.0506283681224289 -0.150133106017985
-0.163172851742073 0.0477793297682023 0.115089071831622 -0.139257922282964
-0.131252875357056 -0.095061723586556 0.201880174931656 -0.0105223754927334
0.051845424755008 -0.183137092880663 0.144583726282392 0.127253737387173
0.217341208729014 -0.0238256067252517 0.0205499105810416 0.176601910485966
0.190173854646689 0.165305010646779 -0.0163965304906494 0.194607850207156
0.145311784356742 0.21461367509053 0.0913380670408607 -0.0146867082437883
0.240316251440705 0.0373548941155853 0.140198723521771 -0.0639097356555922
0.145832766050713 -0.166721595979009 -0.00486553191287425 -0.182201974437984
-0.0926738568870687 -0.161373313452762 -0.171578179318545 -0.0697613523169808
-0.188764723612716 -0.0124205523056264 -0.111961001292303 0.107574684156446
-0.142329798172712 0.122279700729255 0.000839834806268596 0.096467892876177
-0.0421819073386924 0.167433161756225 0.0288050880799086 0.0408231927385739
-0.000802599935446078 0.160525987906231 0.0197330555764183 -0.0140239185637648
-0.0154178897263664 0.16139426463191 0.0165093873549415 -0.054016166532394
-0.116254744961396 0.169198523523097 0.0318958841891455 -0.108823917225077
-0.199087358207613 0.0565420863481619 0.0933516237290867 -0.119798938464533
-0.165949726537565 -0.121283854444895 0.183357527621559 0.00919929139409729
0.0666427365187452 -0.230583204680658 0.0993688528705618 0.131795652117293
0.266235920807306 -0.0326035528183799 -0.0270480217328363 0.130762333051051
0.228255743669198 0.192192940604566 -0.052719836408103 0.113556528909562
0.138769932343568 0.219797340094339 0.0654877737224493 -0.0998277538112581
0.237860258151639 0.0371751903465271 0.104479088397598 -0.1295918619231
0.142413149794811 -0.157576456963634 -0.0626451752595868 -0.202423199605212
-0.0799562762997049 -0.155622601295666 -0.209818695408026 -0.0572949737805778
-0.178094235801073 -0.0231171680115396 -0.149600127894405 0.123177147102408
-0.143265269534185 0.11073400829974 -0.0349180327966216 0.142942580175982
-0.0471927178030678 0.161367217155559 0.0122843904228638 0.108440475877398
-0.00755734574819917 0.156193718530042 0.0167694553210808 0.052546651030295
-0.0180331303689519 0.161290865096311 0.0112095942324633 0.00585868159160732
-0.121452919341435 0.171648896894226 0.0162499943971478 -0.0591377333133598
-0.212214718402545 0.0510983869230271 0.0675001623758539 -0.0813782433910292
-0.170603058473374 -0.140023000240424 0.140217362563363 0.0352555722604156
0.0812068284218956 -0.240786465374649 0.0396551262621561 0.116536273311537
0.273782298856567 -0.0318239576896611 -0.0611676330346272 0.0752870011320099
0.230306455138444 0.188130107632491 -0.0915290263060871 0.0367176828225043
0.118506470948118 0.190264629383106 0.03355378424598 -0.188207420980858
0.200754531691341 0.0281484738732116 0.0431618314318731 -0.180995309249573
0.117097658189944 -0.124639153283334 -0.109878368346722 -0.191313904889072
-0.0546833811430377 -0.12660235592646 -0.222272819074429 -0.0410724997952975
-0.142355094120851 -0.0296774310276695 -0.174857841498966 0.12546149409271
-0.120310940728129 0.0824806077493714 -0.0690387064444554 0.177085851984096
-0.0437816424331207 0.130834604650571 -0.00440481711424548 0.16778056185067
-0.0132204507253821 0.127515929152483 0.0113114194042602 0.11117175664022
-0.0199354698678613 0.137529798718923 0.00330813113417139 0.0602314883620355
-0.112183528719129 0.145939104534369 -0.00128028629284995 -0.00793105176458217
-0.193518743150778 0.0298987609631572 0.0321232498898533 -0.0375168715574683
-0.1382563888563 -0.141802922194136 0.0824851427416091 0.0438838886143126
0.0899200006916674 -0.203274400307252 -0.000857731264805032 0.0805487705834223
0.236403342894302 -0.0204994389306612 -0.06857803623488 0.0356785772476767
0.193798156556798 0.153994200148107 -0.127679385381076 -0.0227877600592231
0.0811064264134237 0.127100179785269 -0.000681712073259369 -0.255083591544467
0.134518692642051 0.0177004797391329 -0.0188036599173612 -0.206529119085112
0.078910047862701 -0.077131999969817 -0.138346353016018 -0.168711334186144
-0.0254142022590153 -0.0840869498718385 -0.221465974526556 -0.0273291355432932
-0.0886685393872166 -0.0316545653738542 -0.187178115058868 0.120919733488372
-0.0788611508521505 0.0435764491671136 -0.0939134573150271 0.200654222978626
-0.0321691136020552 0.0805916549703479 -0.01625137838626 0.209369846195296
-0.0168207557540274 0.079285579803336 0.00409476740159886 0.152723022979629
-0.0181225968119551 0.0912356678156667 -0.00615437358760366 0.0995842037471013
-0.0858940123479835 0.0950111568334273 -0.0202056063548044 0.0321944626326411
-0.138960607124516 0.0034599773449108 -0.00501655039630967 -0.00839528856609499
-0.0798546683793941 -0.112682979639078 0.0386346117658399 0.0288212542042723
0.0751431948335984 -0.127820126271266 -0.00714704137552617 0.0516696335846911
0.156999332961953 -0.00783342000755335 -0.0641029821491942 0.0268685957682171
0.122497193271056 0.0953449905001433 -0.1563104991513 -0.0599760619930097
-0.0281467481488936 -0.0314140110446322 0.186096092793173 0.113525345940138
-0.0497280347242174 0.00648433353271529 0.119106779849727 -0.0590582485138705
-0.035126900338502 0.0343298450465329 0.0118072899685713 -0.0676318489551162
0.0141335667144647 0.0463539434400048 -0.0395761791155027 -0.0195042220710107
0.0429447824340818 0.0151784253036777 0.00701568635679081 0.0278763104749647
0.0361985277768393 -0.0183819516330548 0.0476827050137077 -0.0308862261448984
0.018573398420091 -0.0321595559940825 0.0457654441706075 -0.095990338133605
0.0179493596762809 -0.0229118596632048 0.0413997044306421 -0.15317314325031
0.0215699912242147 -0.0123887937021428 0.054227425133286 -0.189390246256587
0.0318769434742587 0.00514124330105012 0.120036148580061 -0.181860670589813
0.0224600066668119 0.0255108860069537 0.186576974025755 -0.0923933599087968
-0.00622397087522547 0.0331071360403265 0.194006363167536 0.0431201470223775
-0.042867279195025 0.0195918875355252 0.122918495766405 0.159390499859908
-0.0529259434634321 -0.0220241886721123 0.0162702103322161 0.233554607979241
-0.0222819740523321 -0.0716252472347576 -0.0343174939701337 0.302085440363685
0.0338681937313499 0.0525804444622731 0.167838313729126 0.120298260754186
0.0454085016823306 0.0238725503127264 0.122688913487031 -0.0373088648966312
0.0298157814248669 -0.0262429293912561 0.022929670317091 -0.0658005291469003
-0.0195587569163279 -0.0262789343531083 -0.0390870685055058 -0.0230729021730542
-0.0379803086969219 0.00456024858177224 0.00696875771037143 0.0347175792427804
-0.023763285706456 0.0294007369732501 0.0548916040413427 -0.0260027452524004
-0.00154592509675821 0.032579203546685 0.0539147821691626 -0.0926513346820992
0.00720744189162089 0.0383996140910686 0.0453613044746676 -0.14691375507512
-0.000177867566202359 0.0432569007954802 0.0541463965726479 -0.180473805012783
-0.0278519126332122 0.0484655140646995 0.113029531371376 -0.178143405038426
-0.0462687393918226 0.0190417816311561 0.17579335318985 -0.103125691791304
-0.038581329472225 -0.0227750695285019 0.197150125577719 0.0297202787698798
0.0054718178101225 -0.0432516289644716 0.13570778174365 0.146940181795639
0.0422272445326425 -0.00389193838094853 0.0300004994556869 0.225422275880719
0.0408425239834145 0.0277284149101491 -0.0274759606029913 0.296006298381069
0.0795852060939736 0.127536054642657 0.132976259045476 0.106345318444195
0.128700127823566 0.0424385443228368 0.123405940398068 -0.00578167916324455
0.0928486522301667 -0.0795085259189253 0.0449389550561938 -0.0781562407923176
-0.0442411547230677 -0.0951354092944239 -0.0543608449504557 -0.0468107038067671
-0.109224302204708 -0.0129583134652294 -0.0194051848949407 0.0447781104724611
-0.0828758331313533 0.0671338282649135 0.0447114474488823 -0.000134917346883311
-0.0252920194358421 0.0913974861743343 0.0535300187908602 -0.0658251278912594
-0.00477470484317346 0.0936881024549999 0.0412994962447864 -0.118823873033136
-0.0178434325308113 0.0932023814702947 0.0471815736813582 -0.150232068324468
-0.0775792045122084 0.0898114775692949 0.0948101420032942 -0.164319954785767
-0.110657694430289 0.0190860935854443 0.156858973059036 -0.113523211645651
-0.0765829947108197 -0.0711124780369247 0.202378991866723 0.0175978449216234
0.0444032727779855 -0.110404268971314 0.137763115044273 0.143143499130409
0.135451462966291 0.00333434366061107 0.0193288938766118 0.206868383653865
0.10688372283285 0.116445932605827 -0.034980435974068 0.254221558986316
0.100187092469915 0.184172415550366 0.099708195704498 0.0718877567816488
0.186886378940244 0.0588400288595828 0.137880121167395 0.00465642407618601
0.139063839066932 -0.117984674562822 0.056538115522809 -0.118715025874166
-0.059616553376285 -0.145478916385638 -0.092045960137488 -0.0761896391464293
-0.158318437244925 -0.0292320912816224 -0.0658733634158335 0.0606827422996698
-0.127471061337391 0.0896806603637058 0.0186904472961254 0.0407409262942394
-0.0464341312285698 0.133276930478289 0.0416861823714702 -0.0192201813147372
-0.0146479902395565 0.133490583603853 0.0335129505873804 -0.0710361145698429
-0.0299309568735441 0.130944533561389 0.0372863833899822 -0.105776291829877
-0.113040075828797 0.125485695827971 0.0729229506526868 -0.138314023666873
-0.16422580756983 0.0242153218199305 0.134883538689907 -0.116082822538078
-0.116643347689128 -0.110073117455189 0.200732688551031 0.0192403162159147
0.072578070885884 -0.172395425808153 0.119024243951805 0.14718452729521
0.212612472731431 0.00368798685602304 -0.014199897987982 0.17500441456081
0.163017534935922 0.181356870259589 -0.0550020746308934 0.184046625171399
0.103389807989849 0.219688378563409 0.0795163933411799 0.0116456106635015
0.216998386296765 0.0695320477325252 0.146658398004975 -0.0325627169029802
0.16092457649008 -0.133947073582665 0.0306866200529887 -0.168513918338498
-0.0616095042227604 -0.166569825997273 -0.143002438625597 -0.0897327674392728
-0.176422901345979 -0.0411737741506421 -0.112939033286061 0.0787651149216641
-0.150632734952722 0.0950152952055347 -0.017367260993123 0.0853004008507866
-0.0608262038464049 0.152659049725314 0.0212785327493122 0.0398366017316433
-0.022771940720168 0.153013522768993 0.0227149104818719 -0.010294426919328
-0.0364600435572472 0.151273470489421 0.025865374580598 -0.0515362425401842
-0.133177703279144 0.146935500745068 0.0513840768425492 -0.10185063326012
-0.199599942989414 0.0283422011094793 0.112175327903193 -0.0995158511597189
-0.145742502399047 -0.139901104585882 0.181950595067492 0.0368238218112135
0.0943809797214808 -0.216420113831297 0.0729903647663395 0.146693918240797
0.261668906554673 0.00211076355812835 -0.0565024146226837 0.125028024390625
0.196446476145583 0.213748208058008 -0.0812356800428196 0.100007685971257
0.0963484451352576 0.224611369018092 0.0651932548214859 -0.0713470719270054
0.214140563899537 0.0687119453148504 0.122218709713105 -0.0987297705701582
0.155373295793976 -0.125832219566732 -0.0208333347148048 -0.194742231833147
-0.049986940532855 -0.159116324333347 -0.18051343691865 -0.0822503311065929
-0.165018383036794 -0.0493356909140969 -0.150190341788685 0.089506921612871
-0.149492861058026 0.0826781147172957 -0.0565223108701459 0.123589922370931
-0.0651459445820117 0.146946965703048 -0.00255199943418602 0.101274086263167
-0.0289803046473912 0.148394380486899 0.010296314381576 0.0529244117026708
-0.0393829104113352 0.150553608475295 0.0131256597340363 0.00482024811886233
-0.138110798525984 0.148835495916152 0.0299284063198655 -0.056025950809749
-0.211528794745905 0.020837321758067 0.0830261100287772 -0.065020929898774
-0.147581916487247 -0.159703895762738 0.136054840996901 0.0571160088020309
0.110747875130602 -0.223919174089343 0.0170351165996885 0.123938875280799
0.268132668137078 0.00566712414804594 -0.0828767813005737 0.0665024902481532
0.199042698638179 0.210053312177205 -0.108637983974145 0.0206312283024808
0.0816874320878282 0.1940391489815 0.0478371206945524 -0.159688552379424
0.179863562889905 0.0546051255083408 0.0686767812183325 -0.156760962520053
0.127000034376988 -0.0989120805521573 -0.069183305886673 -0.189832328086153
-0.0314030205069549 -0.128025437487107 -0.19585297715792 -0.0669790948638769
-0.129886760587382 -0.0498094585707068 -0.173963576960867 0.0897721353315328
-0.123657973179968 0.059468057878425 -0.0914890521086672 0.15274490990816
-0.0572479341544099 0.117513487729897 -0.024485290900944 0.155601952346406
-0.030309723890685 0.12062590799922 -0.00251090020262735 0.107924661124076
-0.0370541671334455 0.127163988725268 -0.00116983270529189 0.0567627553551929
-0.126341662199136 0.125144964175491 0.00592244078414234 -0.00839795948745384
-0.190762919519104 0.00303667389912325 0.0426269572966103 -0.0266108140468226
-0.114391699965257 -0.156761102390671 0.0779565478239509 0.0570285624641739
0.114147113696732 -0.184370358860571 -0.0161280671054295 0.0823358582980201
0.230717854977221 0.0120406185021916 -0.0825759125499111 0.0267842038007209
0.16645650649311 0.174621685428139 -0.133009518499739 -0.0414807736656025
0.0560601229779384 0.13022690332132 0.027001382128257 -0.23051152091331
0.120972793786297 0.0346866581941027 0.0122661523598511 -0.190862190418157
0.0844803620252184 -0.060234577953586 -0.102442649445878 -0.173965312242471
-0.0101511416066169 -0.0830242644455288 -0.197817287789586 -0.0539722739111856
-0.078855991339061 -0.0434808338817172 -0.186363993475669 0.0864384641593116
-0.0790572048584385 0.0276764893904929 -0.115226366333764 0.173743764395539
-0.0396849798312947 0.0718824213978043 -0.0408278166195236 0.194738638402075
-0.0271631621638863 0.0746296911559847 -0.0153482579577567 0.146653141535395
-0.0293054792435887 0.0829473919770111 -0.017371711289103 0.0940059470541837
-0.093678155576925 0.0797762000111543 -0.0194521881865539 0.0286761579564816
-0.134494456252332 -0.0149727281268146 0.000410351527741552 -0.00360961309391939
-0.0615503133637289 -0.11998753267782 0.0355134592901127 0.0363347007652111
0.0905335089828191 -0.113347756891963 -0.0175179360453241 0.0508676685217696
0.152031900605937 0.0143632932733927 -0.073089999440509 0.0188474359558959
0.105564143859049 0.107766228357622 -0.150713139908923 -0.0788756800441859
-0.026765843646698 -0.0322830443803326 0.178556869845249 0.117785788755685
-0.0478790335513698 0.00484614912216429 0.118143566409339 -0.0555593569078029
-0.0353657551214929 0.0323091482937445 0.0123278858104316 -0.0669843294869806
0.0123791267305267 0.0460979659327684 -0.0378930458814838 -0.0202881588504733
0.0419446280899908 0.0159301316655854 0.00728614883823827 0.0270905688441995
0.0359501696632941 -0.0175332894548023 0.0467850908254351 -0.0282886206205054
0.0186281968428856 -0.0318852179719979 0.047795266661429 -0.0925716560410633
0.0180774355949894 -0.0223342044934394 0.0452435068523128 -0.149926274711912
0.0219405262601795 -0.0113647480420877 0.0589219362045145 -0.183749301180058
0.0301453529903144 0.00571707692279013 0.121714831093911 -0.174317522116969
0.0210384242940516 0.0255417196521635 0.185467688951115 -0.0847848353841158
-0.00710110654849929 0.0316698851258279 0.188342266212357 0.0488590125055249
-0.0424649666721679 0.0182254624780635 0.113999169154249 0.161181525693377
-0.0514299189593043 -0.0236666143405873 0.00810081934227539 0.230039490907128
-0.019425368818966 -0.0714521403533433 -0.0453846789505837 0.293300681449784
0.0307094907460095 0.0521526607668064 0.160857796128081 0.122306750574873
0.0440176750505253 0.0250224040073703 0.120262105535079 -0.0345685128243768
0.0309784869560508 -0.0248615448588234 0.0239173478778986 -0.0651590772553935
-0.0181565283766369 -0.026592900630737 -0.0377889516430439 -0.0235383038776724
-0.0375352719576153 0.00296043623918012 0.00730645938253865 0.0344040177614349
-0.0240609975783433 0.0283852386907835 0.0539260334840387 -0.0241972760101106
-0.00265671247766522 0.0311127743779367 0.0561268508288585 -0.0897394703029014
0.00654659881657525 0.0369709878719061 0.0485953886991868 -0.143683650465937
-0.000914951247538088 0.0424646236528962 0.0592206728119289 -0.174731027588018
-0.0282233609076684 0.0477022695194708 0.115858834971863 -0.170707803101624
-0.0465816654688967 0.0181083519513974 0.175598123462668 -0.0948226838744071
-0.0374138397435969 -0.0232946646527883 0.192186585143139 0.0359382314700097
0.00708380520167873 -0.0426685269086462 0.12744676282017 0.148997484667458
0.0425296812770166 -0.00362082763658618 0.020386074172676 0.222114536564459
0.0391776249105678 0.0280103729776975 -0.0396725712938275 0.288175805887987
0.0729411203136972 0.127555519569229 0.126823745901031 0.107875926059406
0.124389303544571 0.0462750363269827 0.12102716465457 -0.00306632455621184
0.0943357917802307 -0.0750437328353541 0.0471738323120961 -0.0761400488256751
-0.040481023380895 -0.0951799410642175 -0.051540696880227 -0.0478307716013694
-0.107233116349902 -0.0156819940443677 -0.0197814685389737 0.0430919256351181
-0.0829801496607617 0.0643100827426903 0.0432636876707528 0.000493460181844539
-0.0275266899247046 0.0877695906273118 0.0538370983452604 -0.0629871563913141
-0.00697761154080096 0.0909388423562977 0.0444445312114438 -0.116424369425667
-0.0200494824391118 0.0905442304642225 0.0518436957035142 -0.145715124356076
-0.0779005362098285 0.0872988245415345 0.0976663688890446 -0.157766250452919
-0.109560960322718 0.0168569131532435 0.156688476341108 -0.105166072700654
-0.07364889059741 -0.0715686343451102 0.197191655495601 0.0235957023511361
0.047375311769734 -0.107536336267018 0.130021033891746 0.145295297794923
0.132931411411454 0.00689897647545213 0.0112015143945924 0.204176366728195
0.101052229302527 0.116756977106553 -0.0452241774168175 0.246531010554781
0.0900700291908544 0.184554375853838 0.096526607697657 0.0729901831372937
0.181271042136677 0.0649859694876281 0.1359560261414 0.00804619857486973
0.141465034256974 -0.111218612177634 0.0595971344035125 -0.115022589331262
-0.0538515937397382 -0.145318077128283 -0.087943698853469 -0.0784077039443683
-0.155237459594889 -0.0324133583889124 -0.0661048367470635 0.0567866771980374
-0.127412138246214 0.085150452445649 0.016582526096643 0.0400511897126082
-0.0494823927298368 0.128081146419873 0.041296084468227 -0.0176337561132981
-0.018969574386954 0.130295196581296 0.035256925234871 -0.0688360341332574
-0.032452457199697 0.126715908113741 0.0409151244857913 -0.102907710358437
-0.113852959549203 0.12117156638744 0.0760237294489545 -0.13316483871481
-0.161429969231337 0.0205821820842194 0.13572035600597 -0.107247947943428
-0.111603664263505 -0.110674566587604 0.195731316560846 0.0243139797468418
0.0770011135793489 -0.167740792159016 0.110473769471685 0.14826758172412
0.209648042918812 0.00958079582506589 -0.0211928600670323 0.172292609904971
0.153490111835386 0.18191234384444 -0.0629741917550508 0.177076701152991
0.0926601761904043 0.219831263568799 0.0787480906887379 0.013911527173234
0.210064989629336 0.0763348274516274 0.14625117649847 -0.0281520636389255
0.162845490135027 -0.127179125496346 0.0370088669342069 -0.165158926208707
-0.0554552224413231 -0.165679311907972 -0.137606034954622 -0.092699589409445
-0.172647933952291 -0.0444056515720214 -0.113075803692124 0.0727017657725516
-0.150587968905901 0.0897410772847554 -0.0196925726608001 0.082292314602362
-0.0636659591222045 0.146474377308169 0.0194083365374335 0.0400813343749436
-0.0280747217306315 0.148876077598883 0.0227915215035149 -0.00999771493571485
-0.0406244845647172 0.146233289217827 0.0283940136423995 -0.0498290168068706
-0.13350481928852 0.142673765481755 0.0543666237412918 -0.0978031129011212
-0.197420092684486 0.0236687465731525 0.112896258638576 -0.0915744447709144
-0.139049985753697 -0.140977086784677 0.176036634596492 0.0412839910985558
0.100058197424581 -0.210849395165039 0.0650257133591827 0.146335711086878
0.257645469138427 0.0100399564269595 -0.0619608153188375 0.120834790706191
0.185009146932696 0.214702505938882 -0.0856970884481912 0.0942758953973784
0.0852277096928113 0.225295569841924 0.0686120494827586 -0.0678130326825106
0.207204045779857 0.0741982166380783 0.125262144381166 -0.0932287544649969
0.156637990763273 -0.119528534612616 -0.013163835960418 -0.19221453870031
-0.044834553270826 -0.157024182281968 -0.174637772845996 -0.0864036262443644
-0.161256232402079 -0.0521090486764019 -0.149969250609149 0.0829099409349992
-0.148028962029652 0.077366418847564 -0.0596028499662983 0.119273623754226
-0.0672069033682306 0.140959396211969 -0.0056731070698512 0.0990751551369592
-0.0334875511665759 0.144614910170609 0.00898569593010568 0.0518750874656649
-0.0423425463880778 0.145635035220392 0.0142367211123536 0.00489390633534979
-0.13842808340118 0.144310958004391 0.0319058095579162 -0.0536537409137908
-0.209666140170254 0.0171836036253231 0.0832833168387035 -0.0583543529959343
-0.140785010756545 -0.1605619394286 0.131204755895071 0.0610341286535883
0.117181396778158 -0.217489227722287 0.0111849234504701 0.12128472451643
0.264444635490663 0.0143282420792684 -0.0855439611672889 0.0623896058742648
0.187530149396332 0.212646901105289 -0.108795250090602 0.0157772583618334
0.0721978566986312 0.193513380616668 0.0547061974133115 -0.155297987216013
0.173610011115738 0.0589632547046368 0.0748486506338935 -0.152112980331836
0.127651816632325 -0.0932536915971234 -0.0612182590022201 -0.189649348280519
-0.0271599879228716 -0.125718092187184 -0.190195031853118 -0.0722412031630387
-0.126990243501083 -0.0512641679387289 -0.173765250616149 0.08268085192955
-0.121891094712195 0.0547792494118343 -0.0949491080684957 0.14684775509064
-0.0581625889372585 0.113403900376258 -0.0280953058669641 0.152212928010653
-0.0344599208224513 0.117476779623176 -0.00519621345875315 0.105915298126817
-0.040273672426572 0.122720826462888 -0.00193847242693678 0.055134582002524
-0.126794203353075 0.120675364420437 0.00677220872624423 -0.00729553593443814
-0.188188225441746 -0.000719517945328449 0.0420445206907715 -0.0223231822440526
-0.10798999969558 -0.157773255796365 0.0738725206704164 0.0586922458889024
0.119255720858001 -0.178798115443213 -0.0200771404579827 0.0791813823105703
0.226797207528064 0.0197921838214155 -0.0834138763670021 0.0231616215697567
0.15787693975538 0.176032746097987 -0.130268268326296 -0.0443910204535252
0.050079600839399 0.130809631148998 0.036888452351571 -0.225513095650708
0.115873518564461 0.0381389882661741 0.020870956653174 -0.187169214684955
0.0839322527485187 -0.0563665211133406 -0.094246130742037 -0.173843998123015
-0.00734865181975602 -0.0815909084902941 -0.192284190397804 -0.0585421605034834
-0.0768462076304439 -0.0439106535452192 -0.185901171480093 0.0790695138491183
-0.0778634030957434 0.0254445241764828 -0.118018536714312 0.16603870741237
-0.0402469569547628 0.0688619615979108 -0.0450777709808286 0.189436737227201
-0.0298100518190628 0.0726287954328591 -0.0191130890975823 0.143993263644151
-0.0318298966950566 0.0802361198903843 -0.0189669800182637 0.0914478762177387
-0.0940171486080957 0.0767336218059453 -0.0189952153669814 0.0283492133696466
-0.132617301766103 -0.0176506925373225 0.000449722638176564 -0.000997073667120092
-0.0572430424162597 -0.119435847314029 0.0328510753575936 0.0363931715924714
0.0930716254897054 -0.109117601702364 -0.0184832127594545 0.0486759154241656
0.149919561541225 0.019187291217235 -0.0728041471660788 0.0165695522213438
0.100169898700495 0.10885558655215 -0.145248132995344 -0.0821802339793084
-0.0258229044999874 -0.0346908395425607 0.175955199940673 0.126012774976617
-0.048645775215865 0.00322139968692431 0.121743714569861 -0.0533693580670738
-0.0371180082325309 0.0311881172657114 0.0144995646754373 -0.069207629985361
0.0109325896028424 0.0470399747291753 -0.0375646444246636 -0.0228921861099411
0.0427823449428222 0.0177376214943734 0.00791620730767762 0.0272993725029271
0.0374103060301947 -0.0166002200784589 0.0484066348527002 -0.0266588786730867
0.0196759114359281 -0.0327236295651492 0.0529509078670398 -0.0924192877362226
0.0190675130267052 -0.0229643733693115 0.052214113449981 -0.152150960106888
0.0230562071836117 -0.0106141396212655 0.0675737713557116 -0.185335167697379
0.030830739759023 0.00673366260265127 0.130121266854321 -0.172621562309002
0.0205449950474227 0.0266540302545933 0.19272016174376 -0.0793367577940398
-0.00886262178090356 0.0312951828625513 0.189551746050248 0.057265980815667
-0.0436478455292788 0.0175718981867144 0.109513145540955 0.170043526077219
-0.0511407243557844 -0.0262956171666528 -0.00151748777962577 0.235659681184835
-0.017777316542082 -0.0735052760758937 -0.0591074201344719 0.295674436277465
0.0285918160043726 0.0547683831428971 0.157726880693793 0.130704561335134
0.0444717549925111 0.0280241275898128 0.124118557137791 -0.0321298979049711
0.0329972390258577 -0.0245728041809769 0.0260635042426479 -0.0660801286323327
-0.016643274241664 -0.0281281095446128 -0.0377732807548654 -0.0265372933894158
-0.0384410674992918 0.00214104123877202 0.00720834377193334 0.034738978839021
-0.0250266765582663 0.0283222373319026 0.0560547065574861 -0.0218925034777518
-0.00468451822567177 0.0305806516394375 0.0609271744707366 -0.0893344797367166
0.0045780960661054 0.0375483144025017 0.055183637185859 -0.146209343322019
-0.00227215042971145 0.0431029388121735 0.0682712119787202 -0.17616453301207
-0.0308403738145873 0.0478635517175303 0.124074017743597 -0.170105658174277
-0.0485433200497115 0.017245130713218 0.18230359467854 -0.0895907464059339
-0.0372666093895124 -0.0255596772081727 0.194301046811309 0.0442703449426541
0.00888475305753839 -0.0432416952740782 0.122813876533098 0.15735289917631
0.043034368140651 -0.00203288299110901 0.0108372666289507 0.22867471091542
0.0373388259001256 0.0295545904321311 -0.0542246931052598 0.290185263637578
0.0676876655831192 0.133553232836163 0.125290502340682 0.114813390118246
0.125796657592311 0.05315706198899 0.123805857276777 0.00071591359573897
0.100028213949198 -0.0728577743499998 0.0510916074446377 -0.0766471916549286
-0.0368287563677726 -0.0989007858358797 -0.0504929009357946 -0.0510406706586877
-0.109603165287702 -0.0192979616785021 -0.0211534279191979 0.0428065706720565
-0.0862321145115971 0.0629913813192544 0.0435713328120077 0.00208389253499847
-0.0318440367736564 0.087541521164129 0.0577161032312135 -0.0625693817110677
-0.011141447106142 0.0918283031034527 0.0495799161604301 -0.118077652899397
-0.023587011706132 0.09114316751023 0.0589952293505723 -0.147053583972917
-0.0830083894439493 0.0875792125254682 0.105845541080492 -0.156827086803037
-0.112879130860872 0.014221360607931 0.164232424778928 -0.100990997244024
-0.0721930057848422 -0.0757978767747736 0.199665138247521 0.0321656801515957
0.0523485216970519 -0.108488667797849 0.125795635158895 0.154067519169366
0.135880296571068 0.0115523322681164 0.00134159181871418 0.209923581783387
0.0971880466285962 0.12240574099892 -0.0589841742012223 0.24864859454224
0.0833524323246208 0.192780597962034 0.0955574399531204 0.0782705243648961
0.182145686706244 0.0740880304137736 0.139233835058517 0.0136115376779293
0.149654050393203 -0.108317067097591 0.066418434015628 -0.11619127976094
-0.0484586028155981 -0.151017844124326 -0.0867131007254631 -0.084069776383778
-0.157934934324865 -0.038362803915462 -0.0694435960622856 0.0551412410293258
-0.132998663675943 0.0829420866412896 0.0147197227890267 0.0405198458214837
-0.0556405864625952 0.1280718249476 0.0423963106036696 -0.0165829697700803
-0.0249381873363499 0.13176528735649 0.0381348296549628 -0.0697948958911377
-0.0386103619941525 0.1273562040338 0.0471747873339092 -0.103128573438358
-0.119638991863703 0.120467294927327 0.0828729055352398 -0.13283414981323
-0.165983702893504 0.0173796691749446 0.142539440121172 -0.103306104159499
-0.109014024504428 -0.11697140685735 0.198170376514251 0.0327325474991994
0.0859877241112344 -0.17031468786322 0.105923118837577 0.155869129734511
0.214225201761475 0.0171293550397983 -0.0312425278194527 0.175813188568435
0.148468763568953 0.190991245298013 -0.0743239965390769 0.177700693799046
0.0840763856718582 0.229486791565627 0.081620274929031 0.0164040726971663
0.210563785630417 0.086884830101791 0.153024556104164 -0.0224205096583696
0.172046133881723 -0.124345767576168 0.0455371302223392 -0.168514947830536
-0.0501903738133535 -0.171752150459216 -0.13710803668561 -0.100658575871269
-0.175525942877451 -0.0508180619727159 -0.118483807353794 0.0701531717755127
-0.156274905674631 0.0869018555850487 -0.024369213268075 0.0828759241562622
-0.0701430423353383 0.146152514719029 0.0187461889361398 0.0417979710819427
-0.0353346493619743 0.15048692838336 0.0242160280519374 -0.0093773212807595
-0.0471368653797221 0.147102148905087 0.0324879402456253 -0.0503743338558155
-0.141219813807272 0.141762478742181 0.0596762869701174 -0.097348192841359
-0.202816386448905 0.0189576380736683 0.118915133743361 -0.0875127305368599
-0.137146677055251 -0.149593897692888 0.178209850365196 0.0498156451531374
0.111039567218395 -0.213162264613258 0.0591258968168767 0.15137034171217
0.263475627814022 0.0207043629472323 -0.0707966942359526 0.121214089266176
0.178541305121466 0.225664497168966 -0.0942054229957363 0.0923658614515896
0.0769401754522959 0.234327090647929 0.0746907021781128 -0.0674962241252117
0.207623779754883 0.0844699714256289 0.133638236753586 -0.0902339592026702
0.164449827750675 -0.116203701529978 -0.00431485835417198 -0.19835922519095
-0.0391517574382753 -0.162257693969026 -0.17505838443781 -0.0953379287031185
-0.163285256572258 -0.0573385245896139 -0.157040782547126 0.0789729452093476
-0.153203715583253 0.0749381296742483 -0.0659326631571338 0.118354611224092
-0.0728655007160064 0.139995278247773 -0.00922680717964843 0.101614988197899
-0.0412239600914053 0.146105743138641 0.00776093745182604 0.0531727707188496
-0.0493258679265035 0.14588357642362 0.0163246227271533 0.00560765986597545
-0.145749826594215 0.14321161583514 0.0356369028961612 -0.0528015629991083
-0.214752202345529 0.0117535197797927 0.0875905690820643 -0.0539607601553921
-0.137775532167011 -0.169749082058977 0.130395795901009 0.0677465273838397
0.129694386528234 -0.218953872911911 0.0045719886668948 0.123790691042124
0.270402576430441 0.0258965887973648 -0.0925530136677726 0.059944458271787
0.181321384553215 0.223258455886929 -0.11406328542478 0.0114512391560986
0.064675304769823 0.202281185185765 0.065342539299079 -0.156484911353812
0.173284163460456 0.0673760721043061 0.0852267384550282 -0.152828410752677
0.133409048068394 -0.0908136715114945 -0.054173266954188 -0.19734219119957
-0.0226278956778957 -0.129537008126237 -0.191351852360419 -0.0808534646218419
-0.127953269657648 -0.0555365010453492 -0.180813355359775 0.0778273561989118
-0.125769272421974 0.0518952050320233 -0.102465666241005 0.145159151399169
-0.0633629586423625 0.111756345990252 -0.0343478060525518 0.15412269543806
-0.0403372396250488 0.11918897327013 -0.00908616615648707 0.107826324738923
-0.0466214526970317 0.12370450964093 -0.00246432085434979 0.0555808969153953
-0.133564545579708 0.120039485488943 0.00830566568135608 -0.00588903795387947
-0.193294523845778 -0.00674539061508415 0.0441463672331908 -0.0182600170248615
-0.104424852332736 -0.164811147708843 0.0719122197959734 0.0634060648795506
0.130658429946409 -0.178845208063304 -0.0240783635448972 0.078943256471933
0.23118194575077 0.0301931215881548 -0.0873823226335923 0.020982495808214
0.152653418385445 0.184932373650769 -0.132110271567432 -0.050202089619161
0.0445583165720676 0.13704734407384 0.0497698077214313 -0.228730847266172
0.115418682574805 0.0434111679393581 0.0316204583754472 -0.190322184111329
0.0884322781002631 -0.0544935163612198 -0.0886394922696972 -0.182232664384014
-0.00409541416945798 -0.0829969866661648 -0.193379609002306 -0.0672806551404555
-0.0773720922917567 -0.0462743644959482 -0.193721057610135 0.0736326585536948
-0.0797965067363946 0.0232782142459666 -0.127835373437076 0.16457597990695
-0.0433920149968261 0.0680769498315439 -0.052517817632361 0.191459482012439
-0.0341571031967301 0.0734095980754551 -0.0245827022977701 0.146340252510468
-0.0355765930107364 0.0808007714482262 -0.0220524055824148 0.0921427655914982
-0.0985408360514126 0.0754920189615617 -0.0196751755912602 0.0286419508902534
-0.134921220481228 -0.0215642042976291 0.00104828668458981 0.00108716209575145
-0.0535816795165846 -0.12411098703438 0.0314678826661439 0.0389460292426706
0.100579320983037 -0.107584708760323 -0.0212499288322634 0.0479032362219155
0.151779301101788 0.0260682738544906 -0.0760646276452018 0.0141267957217175
0.0966461455561175 0.114805808277652 -0.144337072854399 -0.0893211195253063
