TRXV5
3
4
4
9
string Extension=J
integer IsArchMeasurement=1
integer IsSpherical=1
string Generator=SPM
string GeneratorVersion=1.3.1 Dev
double ArchRadius=0.449999988079071
integer FrequencyAxisIndex=0
integer AzimuthAxisIndex=1
integer ElevationAxisIndex=2
Frequency
5 136 690000000 960000000 LIN
Azimuth
7 8 0 2.74889357189107 LIN
Elevation
7 15 -2.74889357189107 2.74889357189107 LIN
Polar H Real Part
13
Polar H Imaginary Part
14
Polar V Real Part
13
Polar V Imaginary Part
14
Polar H Magnitude (dB)
12 0xC0000002 0 1
Polar H Phase
7 0xC0000003 0 1
Polar V Magnitude (dB)
12 0xC0000002 2 3
Polar V Phase
7 0xC0000003 2 3
-0.00213098526000977 -0.00431990623474121 -0.281280517578125 -0.00155639648437505
-0.00523281097412109 -0.00924110412597656 -0.1983642578125 0.285797119140625
0.0114498138427734 0.00267887115478516 0.08746337890625 0.31585693359375
-0.00184011459350586 -0.00565958023071289 0.170196533203125 0.127700805664063
-0.00459861755371094 0.0091695785522461 0.0895004272460937 0.00678253173828125
0.0210285186767578 0.0217304229736328 -0.00672292709350586 0.00239038467407227
0.0305366516113281 0.0142421722412109 -0.0908279418945313 0.0599365234375
0.0187778472900391 0.00321388244628906 -0.166366577148438 0.121047973632813
0.01934814453125 -0.00510597229003906 -0.257827758789063 0.140029907226563
0.0144271850585938 -0.00383186340332031 -0.367095947265625 0.0446777343750001
0.0135860443115234 0.00540065765380859 -0.407257080078125 -0.1158447265625
-0.00266265869140625 0.0106363296508789 -0.30218505859375 -0.328338623046875
-0.0322055816650391 0.00592422485351563 -0.03594970703125 -0.49163818359375
-0.0420455932617188 -0.0462455749511719 0.11431884765625 -0.3958740234375
-0.0178146362304687 -0.0760879516601563 0.185317993164062 -0.260986328125
0.03082275390625 0.0913543701171875 -0.2705078125 -0.0192413330078125
0.0780105590820312 0.060699462890625 -0.209930419921875 0.264755249023438
0.102859497070313 -0.0104598999023437 0.05548095703125 0.318389892578125
0.0394058227539063 -0.0893936157226563 0.151260375976563 0.146011352539062
-0.0372085571289063 -0.0718231201171875 0.09405517578125 0.0232162475585937
-0.0724105834960937 -0.0126953125 -0.00427389144897461 0.00581216812133789
-0.0530357360839844 0.0346450805664062 -0.0857162475585938 0.057281494140625
-0.0431938171386719 0.0275917053222656 -0.160385131835938 0.118453979492188
-0.0537033081054688 0.014862060546875 -0.254837036132813 0.14276123046875
-0.0639190673828125 -0.0116424560546875 -0.364776611328125 0.0537719726562499
-0.0400390625 -0.0392875671386719 -0.40887451171875 -0.098785400390625
-0.0152473449707031 -0.0638771057128906 -0.318603515625 -0.307861328125
0.0380210876464844 -0.0418357849121094 -0.069976806640625 -0.486175537109375
0.0513954162597656 -0.00746917724609375 0.09295654296875 -0.40521240234375
0.0383148193359375 0.0172996520996094 0.186279296875 -0.273193359375
0.062408447265625 0.180145263671875 -0.255706787109375 -0.0205688476562499
0.160842895507813 0.119827270507812 -0.217605590820312 0.234878540039063
0.187164306640625 -0.030029296875 0.00903320312500003 0.3177490234375
0.0718536376953125 -0.1658935546875 0.127578735351563 0.186080932617188
-0.069091796875 -0.142333984375 0.116607666015625 0.0611572265625
-0.155288696289063 -0.0426788330078125 0.0320835113525391 0.0127124786376953
-0.127601623535156 0.0518417358398438 -0.049041748046875 0.0414886474609375
-0.10015869140625 0.0492630004882813 -0.131813049316406 0.0965499877929688
-0.122146606445313 0.0347213745117188 -0.232437133789063 0.128280639648438
-0.138221740722656 -0.0170974731445313 -0.342742919921875 0.0517578125
-0.093231201171875 -0.0815582275390625 -0.390594482421875 -0.0877685546875
-0.0280075073242187 -0.13543701171875 -0.316162109375 -0.28900146484375
0.103706359863281 -0.0897064208984375 -0.085845947265625 -0.4708251953125
0.140380859375 0.0287246704101563 0.090972900390625 -0.396209716796875
0.088775634765625 0.105453491210938 0.19732666015625 -0.256744384765625
0.092254638671875 0.248001098632813 -0.242782592773438 0.000213623046874983
0.232833862304688 0.15313720703125 -0.2298583984375 0.218460083007813
0.2449951171875 -0.060302734375 -0.03521728515625 0.334808349609375
0.082489013671875 -0.2247314453125 0.115859985351562 0.246932983398438
-0.099639892578125 -0.185714721679688 0.1622314453125 0.108718872070312
-0.216598510742188 -0.0557098388671875 0.098785400390625 0.0166091918945312
-0.179214477539063 0.063201904296875 0.0115861892700195 0.0125980377197266
-0.142166137695313 0.0626220703125 -0.0855712890625 0.0579833984375
-0.17724609375 0.0501861572265625 -0.192825317382813 0.0968170166015625
-0.197219848632812 -0.0250091552734375 -0.2999267578125 0.03369140625
-0.135025024414063 -0.121978759765625 -0.350494384765625 -0.0866394042968749
-0.0321502685546875 -0.197769165039063 -0.29119873046875 -0.26806640625
0.165054321289063 -0.121337890625 -0.0792846679687499 -0.444305419921875
0.207244873046875 0.0658111572265625 0.1080322265625 -0.37200927734375
0.123001098632813 0.177490234375 0.21514892578125 -0.211349487304688
0.113693237304688 0.2803955078125 -0.228607177734375 0.047576904296875
0.27203369140625 0.152587890625 -0.237823486328125 0.231643676757812
0.257965087890625 -0.08837890625 -0.058624267578125 0.375274658203125
0.0691375732421875 -0.244979858398438 0.13568115234375 0.31329345703125
-0.120147705078125 -0.191650390625 0.22857666015625 0.149185180664063
-0.24200439453125 -0.052459716796875 0.18145751953125 0.00949096679687499
-0.200271606445313 0.068389892578125 0.0833511352539062 -0.027740478515625
-0.165054321289063 0.068695068359375 -0.0276947021484375 0.009521484375
-0.210220336914063 0.05340576171875 -0.138359069824219 0.05322265625
-0.232330322265625 -0.040191650390625 -0.235992431640625 0.00994873046874998
-0.152389526367188 -0.157363891601563 -0.288543701171875 -0.0869140625
-0.0171051025390625 -0.237075805664063 -0.24920654296875 -0.240310668945313
0.209197998046875 -0.122879028320312 -0.06024169921875 -0.40460205078125
0.238723754882813 0.102203369140625 0.131439208984375 -0.337310791015625
0.1328125 0.220748901367188 0.232986450195313 -0.147537231445313
0.117263793945313 0.269363403320313 -0.212936401367188 0.11260986328125
0.262664794921875 0.12872314453125 -0.232086181640625 0.272003173828125
0.228363037109375 -0.0938873291015625 -0.041900634765625 0.4205322265625
0.047332763671875 -0.220504760742187 0.18011474609375 0.36212158203125
-0.119003295898438 -0.163604736328125 0.298553466796875 0.1685791015625
-0.228469848632813 -0.03948974609375 0.26190185546875 -0.008758544921875
-0.189010620117188 0.0633544921875 0.151809692382813 -0.0741119384765625
-0.161102294921875 0.0638580322265625 0.0323257446289063 -0.0414314270019531
-0.212570190429688 0.0449981689453125 -0.0734329223632813 0.00882720947265624
-0.226394653320312 -0.0572052001953125 -0.1563720703125 -0.0108489990234375
-0.135635375976563 -0.173873901367188 -0.216552734375 -0.0760650634765626
0.0139617919921875 -0.233749389648438 -0.204299926757813 -0.201873779296875
0.220062255859375 -0.088470458984375 -0.0469970703125 -0.36328125
0.220138549804688 0.129638671875 0.15301513671875 -0.30255126953125
0.113296508789063 0.225860595703125 0.243667602539063 -0.0772705078125
0.103897094726563 0.221282958984375 -0.195358276367187 0.1829833984375
0.209518432617187 0.0946807861328125 -0.206085205078125 0.320404052734375
0.173233032226562 -0.0747222900390625 0.00296020507812499 0.453765869140625
0.0306854248046875 -0.162307739257812 0.23724365234375 0.381622314453125
-0.0969619750976563 -0.117591857910156 0.3560791015625 0.165008544921875
-0.180435180664063 -0.02459716796875 0.32550048828125 -0.037689208984375
-0.150253295898438 0.0478668212890625 0.2060546875 -0.119094848632813
-0.133262634277344 0.0489730834960938 0.084930419921875 -0.0869674682617188
-0.180755615234375 0.0282440185546875 -0.00874519348144532 -0.02777099609375
-0.18310546875 -0.06365966796875 -0.0777816772460938 -0.018707275390625
-0.0924224853515625 -0.158462524414062 -0.152725219726563 -0.05352783203125
0.0416717529296875 -0.184707641601563 -0.174636840820313 -0.160400390625
0.185470581054688 -0.0341644287109375 -0.044464111328125 -0.33209228515625
0.158615112304688 0.130767822265625 0.167938232421875 -0.283355712890625
0.0761566162109375 0.192626953125 0.244415283203125 -0.0161590576171875
0.069610595703125 0.14581298828125 -0.17938232421875 0.239730834960938
0.127769470214844 0.0591506958007812 -0.169525146484375 0.359649658203125
0.108192443847656 -0.0356597900390625 0.0535888671875 0.463134765625
0.02374267578125 -0.0894546508789063 0.284271240234375 0.37518310546875
-0.0576591491699219 -0.0674324035644531 0.392303466796875 0.147918701171875
-0.111351013183594 -0.014556884765625 0.363800048828125 -0.0653076171875
-0.0915756225585938 0.0237045288085937 0.2393798828125 -0.153656005859375
-0.0862197875976563 0.027923583984375 0.1220703125 -0.119110107421875
-0.119606018066406 0.00965118408203126 0.0426483154296875 -0.0508842468261719
-0.111167907714844 -0.0518264770507812 -0.0187206268310547 -0.0163116455078125
-0.0413589477539063 -0.106254577636719 -0.111785888671875 -0.0305404663085938
0.0454788208007813 -0.103630065917969 -0.162734985351563 -0.133438110351563
0.109245300292969 0.00714111328125 -0.04205322265625 -0.323272705078125
0.0782241821289063 0.09576416015625 0.185897827148437 -0.274917602539063
0.033538818359375 0.125984191894531 0.23980712890625 0.031341552734375
-0.000744342803955078 -0.00710821151733398 -0.28790283203125 0.0189208984375
-0.00660800933837891 -0.0110206604003906 -0.179443359375 0.310821533203125
0.0130586624145508 0.000926017761230469 0.117889404296875 0.315216064453125
-0.00258493423461914 -0.00606107711791992 0.185165405273437 0.11334228515625
-0.00548553466796875 0.0103874206542969 0.0907211303710938 -0.005279541015625
0.0233154296875 0.0199317932128906 -0.00936603546142578 2.76565551757813E-05
0.0340728759765625 0.0105476379394531 -0.0913848876953125 0.0699005126953125
0.0218315124511719 0.000965118408203125 -0.160598754882813 0.141998291015625
0.0190830230712891 -0.00652122497558594 -0.252273559570313 0.167404174804688
0.0148735046386719 -0.00534915924072266 -0.371978759765625 0.07891845703125
0.0147371292114258 0.00349044799804688 -0.430145263671875 -0.08233642578125
-0.00246047973632812 0.0113983154296875 -0.3414306640625 -0.3128662109375
-0.0334758758544922 0.008697509765625 -0.0816650390625 -0.502593994140625
-0.0489692687988281 -0.0434799194335938 0.08563232421875 -0.419952392578125
-0.0247344970703125 -0.0774917602539063 0.174072265625 -0.28741455078125
0.0400314331054688 0.090606689453125 -0.278121948242188 0.00022888183593754
0.0863876342773438 0.0554885864257813 -0.192352294921875 0.2891845703125
0.108039855957031 -0.019134521484375 0.086151123046875 0.320098876953125
0.0331878662109375 -0.0956802368164063 0.168502807617187 0.134017944335938
-0.0461540222167969 -0.0697059631347656 0.0959396362304688 0.0125045776367187
-0.0765533447265625 -0.00650024414062498 -0.00644636154174805 0.00425529479980469
-0.0501823425292969 0.0398635864257812 -0.084930419921875 0.0674819946289062
-0.0397377014160156 0.0327186584472656 -0.1561279296875 0.13836669921875
-0.0538597106933594 0.0213279724121094 -0.248703002929687 0.170822143554688
-0.0662879943847656 -0.00571823120117187 -0.36907958984375 0.0873718261718749
-0.0443153381347656 -0.0376205444335937 -0.4290771484375 -0.064361572265625
-0.0218849182128906 -0.0642127990722656 -0.356842041015625 -0.289031982421875
0.0349960327148438 -0.0466079711914063 -0.117584228515625 -0.4940185546875
0.0524559020996094 -0.0110893249511719 0.061370849609375 -0.4259033203125
0.0399551391601563 0.0158119201660156 0.17431640625 -0.3006591796875
0.0801239013671875 0.182373046875 -0.2640380859375 -0.001708984375
0.17816162109375 0.111679077148438 -0.202835083007813 0.258010864257813
0.194305419921875 -0.0454559326171875 0.03704833984375 0.32513427734375
0.0610198974609375 -0.17877197265625 0.146621704101562 0.178268432617188
-0.084808349609375 -0.141098022460938 0.122840881347656 0.0497055053710937
-0.1651611328125 -0.02886962890625 0.0315589904785156 0.00863075256347656
-0.12548828125 0.06402587890625 -0.049468994140625 0.0471725463867188
-0.0969467163085937 0.059112548828125 -0.128562927246094 0.114250183105469
-0.122444152832031 0.0491943359375 -0.227066040039063 0.1539306640625
-0.143417358398438 -0.00482177734375003 -0.348175048828125 0.083648681640625
-0.102630615234375 -0.0765380859375 -0.41119384765625 -0.0544433593749999
-0.0410079956054687 -0.13677978515625 -0.3524169921875 -0.26812744140625
0.100357055664062 -0.100730895996094 -0.132781982421875 -0.4779052734375
0.147018432617188 0.019622802734375 0.0601806640625 -0.4183349609375
0.100776672363281 0.102867126464844 0.187042236328125 -0.285186767578125
0.116195678710938 0.249725341796875 -0.248626708984375 0.0186309814453126
0.256195068359375 0.138946533203125 -0.218093872070313 0.242355346679688
0.251724243164063 -0.0831146240234375 -0.00704956054687496 0.34625244140625
0.0657501220703125 -0.239501953125 0.140625 0.241409301757812
-0.1209716796875 -0.183670043945313 0.174057006835938 0.096466064453125
-0.228607177734375 -0.0378875732421875 0.101097106933594 0.006744384765625
-0.177581787109375 0.0807647705078125 0.0112466812133789 0.011322021484375
-0.139190673828125 0.0785064697265625 -0.08331298828125 0.069854736328125
-0.178604125976563 0.0690765380859375 -0.189102172851563 0.117401123046875
-0.207107543945313 -0.00799560546875004 -0.3048095703125 0.0621337890625
-0.149627685546875 -0.115036010742188 -0.369415283203125 -0.056976318359375
-0.05059814453125 -0.201568603515625 -0.325531005859375 -0.24884033203125
0.159149169921875 -0.138687133789063 -0.121978759765625 -0.451507568359375
0.22113037109375 0.0531005859375 0.07940673828125 -0.394439697265625
0.143539428710938 0.175857543945313 0.20849609375 -0.240020751953125
0.1396484375 0.280563354492188 -0.231414794921875 0.0660247802734375
0.29791259765625 0.134552001953125 -0.225936889648438 0.257080078125
0.262557983398438 -0.112380981445313 -0.0277099609375 0.38970947265625
0.0508880615234375 -0.259872436523437 0.16534423828125 0.3095703125
-0.141754150390625 -0.187408447265625 0.247161865234375 0.132339477539062
-0.254470825195313 -0.0312042236328125 0.185791015625 -0.00750732421875
-0.19921875 0.08837890625 0.0824966430664062 -0.0379104614257812
-0.162017822265625 0.085784912109375 -0.0290374755859375 0.0134620666503906
-0.212890625 0.07635498046875 -0.136360168457031 0.0679092407226563
-0.243423461914063 -0.019775390625 -0.240524291992187 0.030975341796875
-0.171310424804688 -0.150558471679687 -0.3046875 -0.061309814453125
-0.039581298828125 -0.243453979492187 -0.277481079101563 -0.223526000976562
0.206817626953125 -0.144302368164063 -0.0997314453125 -0.41021728515625
0.256973266601563 0.088134765625 0.107177734375 -0.35931396484375
0.156753540039063 0.220794677734375 0.232147216796875 -0.174423217773438
0.144607543945313 0.269668579101563 -0.211883544921875 0.133712768554688
0.28436279296875 0.110595703125 -0.21661376953125 0.298492431640625
0.230148315429688 -0.115890502929688 -0.00711059570312497 0.436279296875
0.030914306640625 -0.231155395507812 0.21771240234375 0.3575439453125
-0.137420654296875 -0.15838623046875 0.320587158203125 0.146240234375
-0.238113403320313 -0.018829345703125 0.267990112304688 -0.0347442626953125
-0.188674926757812 0.0814361572265625 0.148666381835937 -0.0926513671875
-0.159652709960937 0.0789337158203125 0.0288314819335937 -0.0453605651855469
-0.214706420898438 0.0692138671875 -0.0731201171875 0.0161895751953125
-0.240493774414063 -0.037567138671875 -0.16046142578125 0.00248718261718748
-0.154495239257813 -0.16973876953125 -0.229568481445313 -0.0570220947265625
-0.005706787109375 -0.244186401367188 -0.22760009765625 -0.187637329101563
0.221633911132813 -0.108596801757813 -0.08349609375 -0.3682861328125
0.240310668945313 0.118087768554688 0.130584716796875 -0.327392578125
0.137496948242188 0.227218627929688 0.248825073242188 -0.103118896484375
0.125930786132813 0.22052001953125 -0.188079833984375 0.204833984375
0.225341796875 0.0799560546875 -0.186248779296875 0.345458984375
0.174072265625 -0.0907135009765625 0.0398559570312501 0.464874267578125
0.0186309814453125 -0.170089721679688 0.2779541015625 0.37054443359375
-0.109603881835937 -0.112823486328125 0.380706787109375 0.138458251953125
-0.18719482421875 -0.0085906982421875 0.329803466796875 -0.069580078125
-0.149627685546875 0.0630035400390625 0.200790405273438 -0.142227172851563
-0.132369995117188 0.0620880126953125 0.078765869140625 -0.0972061157226562
-0.184555053710938 0.0476226806640625 -0.00928497314453126 -0.0278415679931641
-0.196502685546875 -0.0485382080078125 -0.079803466796875 -0.0130386352539062
-0.109115600585938 -0.1571044921875 -0.160614013671875 -0.039154052734375
0.028106689453125 -0.194854736328125 -0.193496704101563 -0.1470947265625
0.189712524414063 -0.05035400390625 -0.078521728515625 -0.33624267578125
0.1776123046875 0.124435424804688 0.14788818359375 -0.308135986328125
0.096649169921875 0.19561767578125 0.253692626953125 -0.0368194580078125
0.0845184326171875 0.144027709960938 -0.166473388671875 0.26348876953125
0.136627197265625 0.0493316650390625 -0.14495849609375 0.384765625
0.109916687011719 -0.0444488525390625 0.093963623046875 0.4713134765625
0.0174636840820312 -0.0941848754882813 0.326751708984375 0.361083984375
-0.0645332336425781 -0.06427001953125 0.415496826171875 0.11724853515625
-0.114723205566406 -0.00411224365234377 0.369171142578125 -0.10223388671875
-0.0913772583007813 0.0338821411132813 0.233184814453125 -0.181320190429687
-0.0849533081054688 0.0367889404296875 0.115898132324219 -0.134117126464844
-0.121604919433594 0.0222625732421875 0.0422248840332031 -0.0572891235351563
-0.120094299316406 -0.043609619140625 -0.0171403884887695 -0.0161380767822266
-0.0511474609375 -0.106903076171875 -0.115615844726563 -0.0181503295898437
0.0388412475585937 -0.111305236816406 -0.17852783203125 -0.120849609375
0.115409851074219 0.000732421875 -0.0751953125 -0.327545166015625
0.0899581909179687 0.0955657958984375 0.16619873046875 -0.302276611328125
0.046356201171875 0.128334045410156 0.2518310546875 0.0112762451171875
-0.00126266479492187 -0.00937080383300781 -0.28424072265625 0.03875732421875
-0.00799942016601563 -0.0119571685791016 -0.1524658203125 0.3233642578125
0.0146827697753906 -0.00141048431396484 0.144378662109375 0.302215576171875
-0.00430154800415039 -0.00548028945922851 0.192733764648438 0.09466552734375
-0.00536727905273437 0.0120363235473633 0.0866622924804688 -0.01519775390625
0.0257759094238281 0.0183086395263672 -0.0131158828735352 -0.000588417053222657
0.0358238220214844 0.00627517700195313 -0.0867156982421875 0.0792083740234375
0.0239658355712891 -0.0008087158203125 -0.147811889648438 0.156585693359375
0.0188865661621094 -0.00712394714355469 -0.236465454101563 0.187286376953125
0.0140228271484375 -0.00720119476318359 -0.363311767578125 0.107147216796875
0.0155372619628906 0.00249290466308594 -0.435791015625 -0.0465087890624999
-0.00138378143310547 0.0123205184936523 -0.36724853515625 -0.282989501953125
-0.0327739715576172 0.0113716125488281 -0.123138427734375 -0.49365234375
-0.0533370971679687 -0.0390167236328125 0.055419921875 -0.42523193359375
-0.0300369262695312 -0.0751724243164063 0.15667724609375 -0.302703857421875
0.0473556518554687 0.086883544921875 -0.276016235351563 0.018402099609375
0.0909500122070313 0.0479965209960938 -0.168243408203125 0.30218505859375
0.109054565429688 -0.02813720703125 0.1116943359375 0.309417724609375
0.0253677368164063 -0.098907470703125 0.176925659179688 0.117630004882813
-0.0526084899902344 -0.0663833618164063 0.0935134887695313 0.0019378662109375
-0.0762710571289062 0.000602722167968733 -0.010223388671875 0.00409889221191406
-0.0466499328613281 0.0429534912109375 -0.0817413330078125 0.0756607055664063
-0.0351085662841797 0.0349845886230469 -0.143508911132812 0.154006958007813
-0.0517234802246094 0.0269317626953125 -0.231826782226562 0.190673828125
-0.0671501159667969 -0.000717163085937501 -0.359466552734375 0.1180419921875
-0.0467758178710937 -0.0352592468261719 -0.432159423828125 -0.0278015136718751
-0.0264739990234375 -0.0612869262695313 -0.37896728515625 -0.257415771484375
0.0314369201660156 -0.0486373901367188 -0.158935546875 -0.481781005859375
0.0509681701660156 -0.01348876953125 0.030609130859375 -0.431182861328125
0.0417900085449219 0.0141334533691406 0.155364990234375 -0.317413330078125
0.0942230224609375 0.1748046875 -0.261688232421875 0.014892578125
0.188858032226563 0.0971221923828125 -0.1807861328125 0.271713256835938
0.195022583007813 -0.060821533203125 0.0633544921875 0.31597900390625
0.047454833984375 -0.184066772460938 0.158767700195312 0.16265869140625
-0.0970993041992188 -0.133804321289062 0.122795104980469 0.0386276245117187
-0.167861938476563 -0.014404296875 0.0279254913330078 0.0051116943359375
-0.119247436523438 0.073089599609375 -0.0464591979980469 0.0523414611816406
-0.0893707275390625 0.0667343139648438 -0.118797302246094 0.126472473144531
-0.117630004882813 0.0603103637695312 -0.21221923828125 0.17181396484375
-0.144454956054688 0.00741577148437502 -0.339080810546875 0.111724853515625
-0.108596801757813 -0.0693817138671875 -0.41412353515625 -0.0178222656249999
-0.0517501831054688 -0.132736206054688 -0.37261962890625 -0.2369384765625
0.0919570922851563 -0.107452392578125 -0.171356201171875 -0.4652099609375
0.149398803710937 0.01092529296875 0.02716064453125 -0.423736572265625
0.110366821289062 0.0977706909179688 0.16900634765625 -0.30291748046875
0.135025024414063 0.240875244140625 -0.246322631835938 0.0350189208984375
0.269500732421875 0.118072509765625 -0.196929931640625 0.255599975585938
0.24859619140625 -0.10205078125 0.018798828125 0.34356689453125
0.047119140625 -0.246078491210938 0.157562255859375 0.227645874023437
-0.13568115234375 -0.174057006835937 0.17901611328125 0.081451416015625
-0.23046875 -0.0173187255859375 0.0976791381835938 -0.00164031982421875
-0.170242309570313 0.095458984375 0.0102643966674805 0.0100135803222656
-0.130905151367188 0.0882797241210938 -0.077423095703125 0.07879638671875
-0.170852661132812 0.0863494873046875 -0.177230834960937 0.132568359375
-0.208282470703125 0.00970458984374996 -0.29876708984375 0.0864257812500001
-0.15716552734375 -0.104537963867187 -0.372100830078125 -0.0241394042968749
-0.066741943359375 -0.196044921875 -0.34521484375 -0.22125244140625
0.148681640625 -0.14910888671875 -0.15936279296875 -0.438873291015625
0.226669311523438 0.0379486083984375 0.048095703125 -0.401824951171875
0.158248901367188 0.166961669921875 0.193695068359375 -0.259979248046875
0.161758422851563 0.271087646484375 -0.226608276367188 0.0820465087890626
0.3092041015625 0.110107421875 -0.206253051757813 0.27130126953125
0.257431030273438 -0.13311767578125 0.00238037109374999 0.389739990234375
0.030670166015625 -0.263565063476562 0.189056396484375 0.294952392578125
-0.156463623046875 -0.175674438476562 0.254837036132813 0.112030029296875
-0.2552490234375 -0.00924682617187498 0.182205200195312 -0.0217437744140625
-0.190139770507813 0.1046142578125 0.0776824951171875 -0.0442733764648437
-0.15301513671875 0.097808837890625 -0.0281810760498047 0.0179405212402344
-0.20452880859375 0.0959930419921875 -0.128097534179688 0.0797119140625
-0.245452880859375 0.00175476074218748 -0.236541748046875 0.050201416015625
-0.183334350585937 -0.137847900390625 -0.308807373046875 -0.034210205078125
-0.058258056640625 -0.239761352539062 -0.29486083984375 -0.19879150390625
0.195220947265625 -0.158294677734375 -0.134246826171875 -0.399566650390625
0.265869140625 0.07080078125 0.0778503417968751 -0.36871337890625
0.176467895507813 0.210098266601563 0.2227783203125 -0.195846557617188
0.16485595703125 0.259017944335938 -0.200820922851563 0.147201538085938
0.29412841796875 0.08770751953125 -0.194366455078125 0.311126708984375
0.223617553710938 -0.132965087890625 0.024658203125 0.434967041015625
0.012542724609375 -0.232742309570312 0.2449951171875 0.3377685546875
-0.14959716796875 -0.1474609375 0.330230712890625 0.119903564453125
-0.237747192382813 0.00114440917968753 0.26220703125 -0.0561981201171875
-0.179733276367188 0.0966949462890625 0.138801574707031 -0.104263305664063
-0.150192260742188 0.0922393798828125 0.0239181518554687 -0.0460968017578125
-0.208526611328125 0.088287353515625 -0.0692291259765625 0.0211677551269531
-0.244659423828125 -0.0174560546875 -0.1583251953125 0.0144195556640625
-0.168991088867188 -0.159133911132813 -0.23193359375 -0.036163330078125
-0.0249786376953125 -0.243728637695313 -0.24139404296875 -0.16693115234375
0.21392822265625 -0.124969482421875 -0.114227294921875 -0.357757568359375
0.251876831054688 0.10223388671875 0.1031494140625 -0.338775634765625
0.157958984375 0.220108032226562 0.242584228515625 -0.125106811523438
0.141433715820313 0.2110595703125 -0.172760009765625 0.21820068359375
0.232513427734375 0.060546875 -0.160614013671875 0.358642578125
0.168472290039063 -0.103103637695312 0.07525634765625 0.458892822265625
0.00453186035156251 -0.170440673828125 0.306243896484375 0.34747314453125
-0.118385314941406 -0.104454040527344 0.38946533203125 0.106231689453125
-0.186111450195313 0.00791931152343751 0.32147216796875 -0.096466064453125
-0.142364501953125 0.074615478515625 0.186233520507812 -0.159393310546875
-0.125053405761719 0.0730743408203125 0.0704345703125 -0.103019714355469
-0.17974853515625 0.0641021728515625 -0.00888442993164064 -0.0278091430664063
-0.20123291015625 -0.032745361328125 -0.0789642333984375 -0.00767517089843752
-0.12225341796875 -0.150634765625 -0.16143798828125 -0.0236663818359375
0.01324462890625 -0.198699951171875 -0.20318603515625 -0.128509521484375
0.187820434570313 -0.063262939453125 -0.10687255859375 -0.3262939453125
0.189102172851563 0.114471435546875 0.121856689453125 -0.320098876953125
0.1134033203125 0.19061279296875 0.253097534179688 -0.0591278076171875
0.093994140625 0.138084411621094 -0.1484375 0.2762451171875
0.140960693359375 0.039215087890625 -0.1177978515625 0.392852783203125
0.10784912109375 -0.0536727905273438 0.128326416015625 0.459808349609375
0.0106964111328125 -0.0939254760742187 0.353546142578125 0.33349609375
-0.0690879821777344 -0.0596847534179688 0.423858642578125 0.08294677734375
-0.113380432128906 0.00524902343750001 0.35736083984375 -0.132049560546875
-0.087371826171875 0.040191650390625 0.215499877929687 -0.200836181640625
-0.0803298950195313 0.0431594848632812 0.1036376953125 -0.143020629882813
-0.118865966796875 0.0334320068359375 0.0408477783203125 -0.061553955078125
-0.123893737792969 -0.0339202880859375 -0.0155515670776367 -0.0154685974121094
-0.059844970703125 -0.103736877441406 -0.114273071289062 -0.00660705566406252
0.0296554565429688 -0.115280151367188 -0.186279296875 -0.101943969726563
0.11590576171875 -0.00667572021484375 -0.105560302734375 -0.319580078125
0.098388671875 0.0909271240234375 0.140045166015625 -0.316162109375
0.0576934814453125 0.12652587890625 0.253280639648437 -0.00788879394531249
-0.00217151641845703 -0.0119743347167969 -0.275558471679688 0.0489501953125
-0.00955581665039063 -0.0127763748168945 -0.133941650390625 0.3260498046875
0.0153274536132812 -0.00438117980957031 0.15728759765625 0.28668212890625
-0.00545787811279297 -0.00586509704589844 0.191986083984375 0.08056640625
-0.00503826141357422 0.0144205093383789 0.0801239013671875 -0.0218124389648437
0.0267753601074219 0.0170326232910156 -0.016845703125 -0.000560760498046877
0.0360336303710938 0.00322341918945313 -0.0831985473632813 0.0838241577148437
0.0248298645019531 -0.00303268432617188 -0.136123657226562 0.16534423828125
0.0185928344726563 -0.00728607177734375 -0.221908569335938 0.196762084960938
0.0136899948120117 -0.00844097137451172 -0.350677490234375 0.124481201171875
0.014918327331543 0.000942230224609375 -0.428192138671875 -0.020263671875
-0.000734329223632813 0.0121784210205078 -0.37579345703125 -0.25714111328125
-0.0319309234619141 0.0123195648193359 -0.14630126953125 -0.478271484375
-0.0550193786621094 -0.0345115661621094 0.034271240234375 -0.422515869140625
-0.0324478149414063 -0.0725784301757813 0.143646240234375 -0.309051513671875
0.0509490966796875 0.081512451171875 -0.268508911132813 0.0283660888671875
0.0916213989257813 0.0417098999023438 -0.14849853515625 0.304779052734375
0.109336853027344 -0.034881591796875 0.12603759765625 0.295684814453125
0.0205764770507812 -0.0998153686523438 0.177688598632813 0.102569580078125
-0.0559349060058594 -0.0616493225097656 0.08758544921875 -0.00539398193359375
-0.0747222900390625 0.00564575195312501 -0.0141754150390625 0.00450229644775391
-0.0431251525878906 0.0434494018554687 -0.0781097412109375 0.0799636840820313
-0.0300979614257813 0.0353317260742187 -0.131790161132813 0.161361694335937
-0.0494575500488281 0.0307388305664063 -0.216293334960937 0.199615478515625
-0.0662269592285156 0.00296401977539062 -0.344970703125 0.134979248046875
-0.0484085083007813 -0.0333976745605469 -0.424560546875 -0.00268554687499994
-0.0283775329589844 -0.0585060119628906 -0.386016845703125 -0.231903076171875
0.0283241271972656 -0.0482444763183594 -0.180694580078125 -0.4639892578125
0.0486793518066406 -0.0136337280273438 0.00955200195312498 -0.42742919921875
0.0435791015625 0.0117034912109375 0.1422119140625 -0.324249267578125
0.0999298095703125 0.1671142578125 -0.255538940429688 0.0251007080078125
0.191619873046875 0.08514404296875 -0.16461181640625 0.273712158203125
0.192672729492188 -0.0703277587890625 0.078460693359375 0.30572509765625
0.0378265380859375 -0.185043334960937 0.161163330078125 0.148590087890625
-0.102706909179688 -0.1275634765625 0.119163513183594 0.0300674438476562
-0.165252685546875 -0.00431823730468746 0.0250988006591797 0.00442886352539062
-0.112411499023437 0.0787200927734375 -0.0448875427246094 0.0556640625
-0.0821075439453125 0.0690231323242188 -0.108505249023438 0.134040832519531
-0.111541748046875 0.06695556640625 -0.19677734375 0.1805419921875
-0.142227172851563 0.0155029296875 -0.326324462890625 0.1270751953125
-0.109977722167969 -0.0641708374023438 -0.40631103515625 0.00579833984374996
-0.0576248168945313 -0.127037048339844 -0.379180908203125 -0.2113037109375
0.0857315063476563 -0.108650207519531 -0.194000244140625 -0.445770263671875
0.149444580078125 0.0050506591796875 0.00698852539062496 -0.4193115234375
0.114761352539063 0.0923004150390625 0.15582275390625 -0.31085205078125
0.142990112304688 0.230850219726563 -0.239532470703125 0.0435333251953125
0.272628784179688 0.101577758789063 -0.1822509765625 0.25909423828125
0.244552612304688 -0.114410400390625 0.0350341796875 0.335601806640625
0.035614013671875 -0.246307373046875 0.164291381835938 0.213302612304687
-0.14324951171875 -0.164169311523438 0.177078247070312 0.0703125
-0.2275390625 -0.00363159179687503 0.0936737060546875 -0.004974365234375
-0.161224365234375 0.102127075195312 0.0094919204711914 0.0111150741577149
-0.1221923828125 0.0927581787109375 -0.0712661743164063 0.0848541259765625
-0.162643432617188 0.095184326171875 -0.1650390625 0.140228271484375
-0.205154418945312 0.0222320556640625 -0.2874755859375 0.1007080078125
-0.162155151367188 -0.0953369140625 -0.366058349609375 -0.00170898437500008
-0.07513427734375 -0.189620971679687 -0.34869384765625 -0.1973876953125
0.138961791992188 -0.15386962890625 -0.18182373046875 -0.41912841796875
0.227783203125 0.0283050537109375 0.027984619140625 -0.398834228515625
0.16644287109375 0.15814208984375 0.180648803710937 -0.269622802734375
0.170913696289063 0.259780883789063 -0.218994140625 0.0897674560546875
0.312286376953125 0.092010498046875 -0.190628051757812 0.273849487304688
0.250640869140625 -0.145034790039063 0.0198974609375 0.380767822265625
0.018310546875 -0.262222290039063 0.198944091796875 0.276962280273438
-0.164276123046875 -0.165557861328125 0.254196166992188 0.09710693359375
-0.25079345703125 0.00512695312499995 0.177017211914062 -0.0313720703125
-0.179931640625 0.113739013671875 0.07232666015625 -0.0471038818359375
-0.14337158203125 0.103195190429687 -0.0258369445800781 0.0211067199707031
-0.194686889648438 0.107223510742187 -0.120323181152344 0.0851364135742188
-0.242950439453125 0.0154113769531251 -0.22833251953125 0.0614471435546874
-0.187698364257813 -0.127914428710937 -0.30377197265625 -0.01531982421875
-0.0700531005859375 -0.233261108398438 -0.298828125 -0.177825927734375
0.185745239257813 -0.16522216796875 -0.153564453125 -0.382965087890625
0.269577026367188 0.059051513671875 0.05841064453125 -0.367034912109375
0.1866455078125 0.199951171875 0.21142578125 -0.209136962890625
0.172119140625 0.247177124023437 -0.1917724609375 0.153854370117188
0.294464111328125 0.06915283203125 -0.179351806640625 0.31396484375
0.21539306640625 -0.1424560546875 0.044952392578125 0.424652099609375
0.00128173828125001 -0.230728149414062 0.256744384765625 0.31732177734375
-0.15521240234375 -0.13800048828125 0.32965087890625 0.100128173828125
-0.231948852539063 0.0146331787109375 0.253402709960938 -0.068145751953125
-0.170333862304687 0.104888916015625 0.128753662109375 -0.109970092773438
-0.141891479492188 0.0970306396484375 0.0214042663574219 -0.0447921752929687
-0.199569702148438 0.099456787109375 -0.0657882690429688 0.0248069763183594
-0.2425537109375 -0.00297546386718752 -0.153854370117188 0.0223388671875
-0.17547607421875 -0.150619506835938 -0.228164672851563 -0.0205078125000001
-0.0365753173828125 -0.239013671875 -0.243896484375 -0.148788452148438
0.206436157226563 -0.13201904296875 -0.132537841796875 -0.343719482421875
0.25738525390625 0.090972900390625 0.0841064453125 -0.33978271484375
0.168533325195313 0.210556030273438 0.234573364257812 -0.13800048828125
0.148300170898438 0.200897216796875 -0.161041259765625 0.221969604492187
0.231536865234375 0.046844482421875 -0.143524169921875 0.358856201171875
0.162368774414063 -0.109588623046875 0.09454345703125 0.44549560546875
-0.00210571289062498 -0.167877197265625 0.317962646484375 0.32415771484375
-0.12054443359375 -0.0965118408203125 0.38690185546875 0.084259033203125
-0.181365966796875 0.0172271728515625 0.3104248046875 -0.112274169921875
-0.134490966796875 0.0817718505859375 0.1727294921875 -0.1663818359375
-0.117118835449219 0.0774612426757812 0.0631942749023437 -0.103385925292969
-0.172821044921875 0.073974609375 -0.00797462463378907 -0.0284805297851562
-0.20111083984375 -0.0205078125 -0.0755386352539063 -0.00495147705078126
-0.128616333007813 -0.143783569335938 -0.156951904296875 -0.011962890625
0.00372314453124998 -0.197006225585938 -0.204177856445313 -0.112503051757813
0.1842041015625 -0.06976318359375 -0.124969482421875 -0.312225341796875
0.195480346679688 0.106414794921875 0.10125732421875 -0.322265625
0.123382568359375 0.18377685546875 0.246841430664063 -0.072784423828125
0.098052978515625 0.131301879882813 -0.134567260742188 0.278976440429688
0.139976501464844 0.0299301147460938 -0.099090576171875 0.3907470703125
0.104782104492188 -0.057159423828125 0.14727783203125 0.445037841796875
0.00678253173828126 -0.0939254760742188 0.363983154296875 0.30816650390625
-0.0700340270996094 -0.0543670654296875 0.419189453125 0.057830810546875
-0.110282897949219 0.0103759765625 0.34228515625 -0.150177001953125
-0.0831451416015625 0.0440750122070312 0.198715209960938 -0.20904541015625
-0.0750503540039063 0.046173095703125 0.0942230224609375 -0.144912719726563
-0.114616394042969 0.040313720703125 0.0383949279785156 -0.0643501281738281
-0.1239013671875 -0.0273895263671875 -0.0135393142700195 -0.0161647796630859
-0.0648651123046875 -0.101325988769531 -0.109130859375 0.00206756591796872
0.0255050659179688 -0.115234375 -0.186813354492188 -0.0875701904296875
0.115257263183594 -0.0108413696289062 -0.123138427734375 -0.305877685546875
0.103530883789063 0.08709716796875 0.11846923828125 -0.31988525390625
0.0652542114257813 0.122024536132812 0.24969482421875 -0.0216064453125
-0.00340652465820312 -0.0133237838745117 -0.272781372070313 0.052215576171875
-0.011256217956543 -0.0142374038696289 -0.126251220703125 0.327117919921875
0.0163612365722656 -0.00758934020996094 0.161788940429687 0.279525756835938
-0.00593137741088867 -0.00593233108520508 0.191162109375 0.0743865966796875
-0.00430107116699219 0.0163602828979492 0.076019287109375 -0.02349853515625
0.0283145904541016 0.0168838500976563 -0.0207347869873047 -0.000228881835937501
0.0369758605957031 0.00113677978515625 -0.080841064453125 0.0876541137695313
0.0268383026123047 -0.00561904907226563 -0.128936767578125 0.170013427734375
0.0193386077880859 -0.00701522827148438 -0.21380615234375 0.201889038085938
0.0120248794555664 -0.00863265991210938 -0.344696044921875 0.133026123046875
0.0151309967041016 -0.000851631164550781 -0.4254150390625 -0.00915527343749999
0.00058746337890625 0.0121059417724609 -0.38006591796875 -0.24456787109375
-0.0320701599121094 0.013885498046875 -0.15673828125 -0.47039794921875
-0.0555877685546875 -0.0322952270507813 0.02606201171875 -0.422698974609375
-0.0330047607421875 -0.0712814331054688 0.14129638671875 -0.315521240234375
0.0502853393554687 0.0793609619140625 -0.264678955078125 0.0299530029296875
0.0923614501953125 0.0389328002929688 -0.141815185546875 0.304840087890625
0.111038208007812 -0.0391616821289062 0.130706787109375 0.28826904296875
0.0177078247070312 -0.101211547851562 0.1767578125 0.09661865234375
-0.0567054748535156 -0.0601577758789063 0.0835037231445312 -0.0070953369140625
-0.0736923217773438 0.00771331787109375 -0.0182723999023438 0.00513458251953125
-0.0400733947753906 0.0433235168457031 -0.0776443481445313 0.0833282470703125
-0.0290145874023438 0.0346717834472656 -0.123504638671875 0.166976928710938
-0.0465965270996094 0.0334358215332031 -0.209564208984375 0.204818725585938
-0.0669364929199219 0.00511550903320312 -0.339508056640625 0.141693115234375
-0.0492668151855469 -0.0324478149414063 -0.422515869140625 0.00964355468750004
-0.0303802490234375 -0.0581436157226563 -0.39019775390625 -0.2203369140625
0.0274238586425781 -0.0474281311035156 -0.191558837890625 -0.456512451171875
0.049957275390625 -0.0138015747070313 0.000640869140624956 -0.42779541015625
0.0448226928710938 0.0120468139648438 0.138397216796875 -0.329742431640625
0.100692749023438 0.1656494140625 -0.2532958984375 0.02630615234375
0.192977905273438 0.0804901123046875 -0.1583251953125 0.275634765625
0.194747924804688 -0.076873779296875 0.083740234375 0.300994873046875
0.0349273681640625 -0.188369750976563 0.1617431640625 0.142333984375
-0.105827331542969 -0.125358581542969 0.115859985351563 0.0269699096679687
-0.164306640625 0.001190185546875 0.0219478607177734 0.00547981262207031
-0.109199523925781 0.0801315307617188 -0.043853759765625 0.0581207275390625
-0.079010009765625 0.0687942504882813 -0.101951599121094 0.138641357421875
-0.107582092285156 0.0714035034179688 -0.189376831054688 0.185653686523438
-0.141830444335938 0.02020263671875 -0.31976318359375 0.136138916015625
-0.111419677734375 -0.0636367797851563 -0.402557373046875 0.0171203613281249
-0.0598068237304687 -0.12579345703125 -0.3822021484375 -0.200531005859375
0.0839920043945313 -0.109649658203125 -0.203399658203125 -0.4365234375
0.151336669921875 0.0037384033203125 -3.05175781249961E-05 -0.418731689453125
0.117691040039062 0.0898056030273437 0.15179443359375 -0.3173828125
0.144699096679688 0.227981567382813 -0.238006591796875 0.04681396484375
0.274887084960938 0.093841552734375 -0.175750732421875 0.258560180664063
0.245803833007813 -0.121673583984375 0.039520263671875 0.332305908203125
0.0314178466796875 -0.248214721679687 0.1654052734375 0.2080078125
-0.146347045898437 -0.160858154296875 0.175323486328125 0.065521240234375
-0.227066040039063 0.00294494628906251 0.0923690795898438 -0.0066986083984375
-0.157623291015625 0.105239868164062 0.00953769683837889 0.0125160217285156
-0.117469787597656 0.0935592651367187 -0.0669021606445313 0.0880966186523438
-0.158050537109375 0.0998687744140625 -0.159194946289063 0.143096923828125
-0.203994750976562 0.0289459228515625 -0.282684326171875 0.106964111328125
-0.164581298828125 -0.093719482421875 -0.3616943359375 0.010284423828125
-0.0788421630859375 -0.187042236328125 -0.351226806640625 -0.1859130859375
0.137344360351563 -0.155136108398438 -0.189910888671875 -0.411895751953125
0.23095703125 0.0245361328125 0.0177001953125 -0.39984130859375
0.171112060546875 0.155319213867188 0.178329467773437 -0.277099609375
0.173126220703125 0.255935668945313 -0.216812133789063 0.0914154052734375
0.312652587890625 0.084197998046875 -0.184860229492188 0.274795532226562
0.249954223632813 -0.150680541992188 0.02508544921875 0.37945556640625
0.012481689453125 -0.26373291015625 0.201522827148438 0.27142333984375
-0.167144775390625 -0.161148071289063 0.25286865234375 0.090057373046875
-0.24884033203125 0.012237548828125 0.174484252929687 -0.0339202880859375
-0.176025390625 0.116378784179688 0.0700607299804687 -0.0486946105957031
-0.139015197753906 0.103988647460938 -0.0232200622558594 0.0243053436279297
-0.189437866210938 0.113128662109375 -0.116539001464844 0.0863037109375
-0.242965698242188 0.0223541259765625 -0.22650146484375 0.0670166015625
-0.192001342773438 -0.125991821289062 -0.3004150390625 -0.00479125976562506
-0.0737762451171875 -0.23193359375 -0.300506591796875 -0.16961669921875
0.184112548828125 -0.166641235351563 -0.1627197265625 -0.37506103515625
0.273788452148438 0.0548858642578125 0.048248291015625 -0.369964599609375
0.192108154296875 0.196456909179688 0.207672119140625 -0.216552734375
0.17413330078125 0.245025634765625 -0.188766479492188 0.155181884765625
0.295013427734375 0.06121826171875 -0.173553466796875 0.31549072265625
0.215713500976563 -0.1470947265625 0.052490234375 0.4208984375
-0.00166320800781253 -0.2303466796875 0.261810302734375 0.308929443359375
-0.157089233398438 -0.133209228515625 0.3310546875 0.092041015625
-0.230239868164063 0.020416259765625 0.251312255859375 -0.0757293701171875
-0.165115356445313 0.10919189453125 0.125862121582031 -0.112297058105469
-0.136398315429688 0.0998382568359375 0.0211868286132812 -0.0432510375976562
-0.194580078125 0.105560302734375 -0.0627593994140625 0.0247917175292969
-0.24444580078125 0.00479125976562505 -0.1527099609375 0.0252838134765625
-0.179977416992188 -0.148223876953125 -0.224227905273438 -0.01312255859375
-0.0413055419921875 -0.238815307617187 -0.2440185546875 -0.140213012695313
0.20599365234375 -0.133590698242188 -0.141357421875 -0.3353271484375
0.261642456054688 0.0882415771484375 0.075469970703125 -0.340179443359375
0.174179077148437 0.207290649414062 0.23382568359375 -0.146255493164063
0.149383544921875 0.199371337890625 -0.158248901367187 0.224227905273438
0.231231689453125 0.0403900146484375 -0.13763427734375 0.357635498046875
0.16217041015625 -0.113296508789062 0.10205078125 0.441925048828125
-0.003631591796875 -0.167526245117188 0.322601318359375 0.3153076171875
-0.122566223144531 -0.09356689453125 0.386932373046875 0.07415771484375
-0.179168701171875 0.0215606689453125 0.30596923828125 -0.1190185546875
-0.130928039550781 0.0831146240234375 0.167617797851563 -0.170669555664063
-0.113845825195313 0.0790863037109375 0.0611648559570313 -0.103950500488281
-0.168869018554688 0.0795135498046875 -0.00709915161132813 -0.0300674438476562
-0.20245361328125 -0.0155487060546875 -0.0747833251953125 -0.0045013427734375
-0.13201904296875 -0.143386840820312 -0.152145385742188 -0.00636291503906252
0.000366210937500011 -0.197784423828125 -0.203628540039063 -0.105514526367188
0.18505859375 -0.071868896484375 -0.133697509765625 -0.30450439453125
0.2010498046875 0.103927612304688 0.091217041015625 -0.324981689453125
0.129135131835938 0.181198120117188 0.246414184570313 -0.0807647705078125
0.0994873046875 0.130485534667969 -0.130630493164063 0.280517578125
0.138984680175781 0.0264511108398438 -0.094451904296875 0.39178466796875
0.10394287109375 -0.0607147216796875 0.1549072265625 0.44000244140625
0.00625610351562499 -0.093536376953125 0.368377685546875 0.298248291015625
-0.0714569091796875 -0.0537796020507812 0.418701171875 0.0487060546875
-0.109237670898438 0.01190185546875 0.336181640625 -0.1593017578125
-0.0802001953125 0.0459747314453125 0.192779541015625 -0.212860107421875
-0.0727920532226562 0.0460891723632813 0.09112548828125 -0.146148681640625
-0.112037658691406 0.0432586669921875 0.0387458801269531 -0.0680999755859375
-0.125205993652344 -0.024444580078125 -0.011408805847168 -0.0169525146484375
-0.0671539306640625 -0.102127075195312 -0.103904724121094 0.00738525390625001
0.0234603881835938 -0.116172790527344 -0.186248779296875 -0.0792083740234375
0.117530822753906 -0.0109481811523438 -0.132171630859375 -0.298980712890625
0.108375549316406 0.0873336791992188 0.109344482421875 -0.323822021484375
0.0694122314453125 0.120536804199219 0.249435424804688 -0.02764892578125
-0.00530052185058594 -0.0152616500854492 -0.276153564453125 0.0540771484375
-0.0134449005126953 -0.0157251358032227 -0.1231689453125 0.337646484375
0.0157938003540039 -0.0105495452880859 0.1697998046875 0.28350830078125
-0.00778579711914063 -0.00621318817138672 0.194122314453125 0.0705108642578125
-0.00439834594726563 0.0177249908447266 0.073638916015625 -0.0260696411132813
0.0306549072265625 0.0158843994140625 -0.0254745483398437 0.00110816955566406
0.0387496948242188 -0.0004730224609375 -0.0824432373046875 0.0929489135742187
0.0278148651123047 -0.00645256042480469 -0.126419067382812 0.1785888671875
0.0213432312011719 -0.00615882873535156 -0.214614868164062 0.210067749023438
0.0108528137207031 -0.00887870788574219 -0.349609375 0.141754150390625
0.0145187377929687 -0.00117874145507813 -0.4345703125 -0.00219726562500004
0.000571250915527343 0.0134372711181641 -0.392333984375 -0.243988037109375
-0.0320167541503906 0.0153636932373047 -0.168548583984375 -0.478302001953125
-0.0581321716308594 -0.0313339233398438 0.02203369140625 -0.435699462890625
-0.0337448120117188 -0.0738601684570313 0.143768310546875 -0.3272705078125
0.0492477416992187 0.0821990966796875 -0.270401000976563 0.03253173828125
0.0936050415039062 0.0384902954101562 -0.140960693359375 0.314117431640625
0.114982604980469 -0.0451278686523438 0.1373291015625 0.293426513671875
0.0175552368164063 -0.105224609375 0.180160522460938 0.093780517578125
-0.0587539672851563 -0.0598640441894531 0.0817718505859375 -0.00952911376953126
-0.074798583984375 0.00880432128906251 -0.0215892791748047 0.00666999816894531
-0.0401954650878906 0.0457229614257813 -0.076812744140625 0.0889511108398437
-0.0270824432373047 0.0339756011962891 -0.121505737304688 0.174835205078125
-0.046783447265625 0.036224365234375 -0.208999633789063 0.212600708007813
-0.0688095092773437 0.00770187377929689 -0.343505859375 0.152740478515625
-0.0527992248535156 -0.0349655151367188 -0.429595947265625 0.0179443359375
-0.03106689453125 -0.0582427978515625 -0.40216064453125 -0.2176513671875
0.0284500122070312 -0.0484504699707031 -0.204132080078125 -0.462646484375
0.0531692504882812 -0.0129814147949219 -0.00421142578125004 -0.43994140625
0.0473518371582031 0.0111160278320312 0.141632080078125 -0.344451904296875
0.102294921875 0.171051025390625 -0.258316040039063 0.028350830078125
0.198654174804688 0.0792999267578125 -0.158416748046875 0.2822265625
0.201675415039063 -0.0842437744140625 0.088592529296875 0.306671142578125
0.033416748046875 -0.19512939453125 0.1654052734375 0.141616821289063
-0.110420227050781 -0.126106262207031 0.1165771484375 0.026275634765625
-0.16729736328125 0.00355529785156247 0.021097183227539 0.00571441650390625
-0.109642028808594 0.0830535888671875 -0.0437469482421875 0.0613784790039063
-0.078125 0.0697250366210938 -0.099456787109375 0.145965576171875
-0.108283996582031 0.0755996704101562 -0.189559936523438 0.192794799804687
-0.145889282226563 0.024658203125 -0.324249267578125 0.143890380859375
-0.117530822753906 -0.0644760131835937 -0.408447265625 0.025482177734375
-0.0618667602539063 -0.128036499023438 -0.3924560546875 -0.197479248046875
0.0858230590820313 -0.111289978027344 -0.21484375 -0.442718505859375
0.157852172851562 0.0028228759765625 -0.00604248046874995 -0.43212890625
0.123825073242188 0.09088134765625 0.155487060546875 -0.332916259765625
0.149078369140625 0.235061645507813 -0.2421875 0.0482330322265626
0.28253173828125 0.091796875 -0.178466796875 0.266372680664063
0.254562377929688 -0.130462646484375 0.0426025390625 0.338653564453125
0.02886962890625 -0.257492065429688 0.169815063476563 0.209381103515625
-0.154083251953125 -0.163345336914062 0.17803955078125 0.065277099609375
-0.232070922851563 0.00691223144531252 0.092926025390625 -0.00728607177734375
-0.157745361328125 0.110076904296875 0.0104398727416992 0.0123071670532227
-0.117744445800781 0.0953521728515625 -0.062652587890625 0.0934371948242188
-0.1573486328125 0.106521606445313 -0.158126831054688 0.148834228515625
-0.209457397460937 0.035675048828125 -0.286834716796875 0.11572265625
-0.1712646484375 -0.095733642578125 -0.369171142578125 0.01629638671875
-0.083343505859375 -0.190643310546875 -0.362060546875 -0.18426513671875
0.141082763671875 -0.158935546875 -0.201141357421875 -0.41632080078125
0.242202758789062 0.02276611328125 0.0136413574218751 -0.41259765625
0.178558349609375 0.156509399414063 0.181549072265625 -0.29144287109375
0.177459716796875 0.263931274414063 -0.222259521484375 0.0943756103515625
0.321533203125 0.07952880859375 -0.188323974609375 0.2833251953125
0.258575439453125 -0.159896850585938 0.029449462890625 0.388458251953125
0.00993347167968751 -0.272201538085938 0.208145141601563 0.275558471679688
-0.174911499023438 -0.162979125976563 0.259979248046875 0.089874267578125
-0.254165649414062 0.016815185546875 0.176956176757812 -0.0381622314453125
-0.178085327148438 0.121673583984375 0.0714569091796875 -0.0509262084960938
-0.138282775878906 0.107032775878906 -0.0212326049804688 0.0264415740966797
-0.190673828125 0.119949340820313 -0.115058898925781 0.0897674560546875
-0.25 0.0298614501953125 -0.23040771484375 0.0718231201171875
-0.200531005859375 -0.128585815429687 -0.30621337890625 0.000976562499999989
-0.0792999267578125 -0.238433837890625 -0.306976318359375 -0.167633056640625
0.18988037109375 -0.172271728515625 -0.173675537109375 -0.380340576171875
0.28717041015625 0.052459716796875 0.0438232421875001 -0.382049560546875
0.201339721679688 0.199844360351562 0.212692260742188 -0.22998046875
0.179412841796875 0.252044677734375 -0.192718505859375 0.161270141601563
0.30133056640625 0.058563232421875 -0.174957275390625 0.324493408203125
0.221893310546875 -0.156463623046875 0.0574951171875 0.43408203125
-0.00450134277343752 -0.237014770507813 0.270263671875 0.31396484375
-0.16351318359375 -0.135986328125 0.338592529296875 0.08795166015625
-0.234176635742188 0.0251007080078125 0.255462646484375 -0.081573486328125
-0.166183471679688 0.11285400390625 0.126091003417969 -0.117477416992188
-0.137138366699219 0.101036071777344 0.0225563049316406 -0.04412841796875
-0.19671630859375 0.111923217773437 -0.0622482299804688 0.0247268676757813
-0.25140380859375 0.00918579101562495 -0.154800415039063 0.0274810791015625
-0.188491821289062 -0.152175903320313 -0.225967407226563 -0.00907897949218756
-0.0453338623046875 -0.246047973632813 -0.249526977539062 -0.137741088867188
0.214569091796875 -0.138504028320313 -0.1507568359375 -0.33880615234375
0.276657104492188 0.0869293212890625 0.070220947265625 -0.352447509765625
0.1832275390625 0.21026611328125 0.239028930664063 -0.156890869140625
0.15325927734375 0.20556640625 -0.161880493164062 0.231903076171875
0.236572265625 0.0379791259765625 -0.139984130859375 0.3699951171875
0.167190551757812 -0.118637084960938 0.108917236328125 0.45367431640625
-0.0058746337890625 -0.172409057617188 0.332977294921875 0.31787109375
-0.1265869140625 -0.0947341918945312 0.397491455078125 0.070068359375
-0.182571411132813 0.0247344970703125 0.31024169921875 -0.1292724609375
-0.131683349609375 0.0868988037109375 0.168045043945313 -0.177978515625
-0.113731384277344 0.080810546875 0.06182861328125 -0.107421875
-0.1702880859375 0.085205078125 -0.00730895996093751 -0.03228759765625
-0.209487915039063 -0.01171875 -0.074920654296875 -0.00507354736328126
-0.139862060546875 -0.147445678710938 -0.152084350585938 -0.00375366210937502
-0.00181579589843752 -0.204025268554688 -0.207260131835938 -0.101364135742187
0.19268798828125 -0.074005126953125 -0.143310546875 -0.30682373046875
0.212539672851563 0.10528564453125 0.08648681640625 -0.335235595703125
0.136245727539063 0.184234619140625 0.25238037109375 -0.0880584716796875
0.100936889648438 0.134132385253906 -0.133514404296875 0.288970947265625
0.140129089355469 0.0244216918945313 -0.0947875976562499 0.4029541015625
0.107673645019531 -0.0630645751953125 0.163360595703125 0.449462890625
0.0058441162109375 -0.0960006713867187 0.38134765625 0.298736572265625
-0.0730972290039063 -0.0537567138671875 0.429412841796875 0.043060302734375
-0.11151123046875 0.0141983032226562 0.340606689453125 -0.16876220703125
-0.0813827514648438 0.0473861694335937 0.193161010742188 -0.222976684570313
-0.0729598999023438 0.047637939453125 0.0919189453125 -0.151809692382813
-0.112693786621094 0.0460281372070313 0.0393447875976562 -0.0728530883789063
-0.1295166015625 -0.0226058959960938 -0.0100612640380859 -0.0201454162597656
-0.0714340209960938 -0.105606079101562 -0.102180480957031 0.0107269287109375
0.0237197875976563 -0.120613098144531 -0.1884765625 -0.0753326416015625
0.122428894042969 -0.011077880859375 -0.14178466796875 -0.30035400390625
0.116500854492188 0.0894317626953125 0.104095458984375 -0.33441162109375
0.0741958618164063 0.121658325195312 0.255508422851563 -0.03265380859375
-0.00777053833007812 -0.0158596038818359 -0.286651611328125 0.061279296875
-0.0173149108886719 -0.0164270401000977 -0.1187744140625 0.3590087890625
0.0151987075805664 -0.0153636932373047 0.186187744140625 0.29217529296875
-0.00893115997314453 -0.00610923767089844 0.20428466796875 0.0667572021484375
-0.0023651123046875 0.0200634002685547 0.072235107421875 -0.0307159423828125
0.0344829559326172 0.0152416229248047 -0.0305614471435547 0.00294494628906251
0.0409317016601563 -0.0030517578125 -0.0842514038085938 0.102996826171875
0.0308628082275391 -0.00955390930175781 -0.124313354492187 0.191757202148438
0.022735595703125 -0.00802993774414063 -0.217483520507813 0.226043701171875
0.0109443664550781 -0.00874042510986328 -0.359832763671875 0.162109375
0.0133905410766602 -0.002716064453125 -0.4544677734375 0.012420654296875
0.00217247009277344 0.0134868621826172 -0.41845703125 -0.241790771484375
-0.0319499969482422 0.0179767608642578 -0.19024658203125 -0.49639892578125
-0.0604209899902344 -0.0303993225097656 0.01171875 -0.4598388671875
-0.036773681640625 -0.0778121948242187 0.145965576171875 -0.352447509765625
0.052276611328125 0.0863800048828125 -0.280715942382813 0.037445068359375
0.0977096557617187 0.036895751953125 -0.137176513671875 0.333404541015625
0.120399475097656 -0.0540695190429688 0.154388427734375 0.304779052734375
0.0138931274414063 -0.113357543945312 0.190155029296875 0.091644287109375
-0.0638160705566406 -0.0609512329101562 0.08245849609375 -0.0130615234375
-0.0768203735351563 0.0111465454101563 -0.0250015258789063 0.00876045227050781
-0.0397911071777344 0.0467720031738281 -0.0780181884765625 0.097381591796875
-0.0264320373535156 0.0337905883789063 -0.117294311523438 0.188201904296875
-0.0450935363769531 0.0386924743652344 -0.210159301757813 0.228363037109375
-0.0729904174804688 0.0111236572265625 -0.354034423828125 0.17120361328125
-0.0577049255371094 -0.0357894897460938 -0.448822021484375 0.0340576171875
-0.0333671569824219 -0.0603141784667969 -0.4267578125 -0.2138671875
0.0297317504882812 -0.0517501831054688 -0.226715087890625 -0.4779052734375
0.0569038391113281 -0.0160331726074219 -0.016937255859375 -0.464385986328125
0.0504074096679688 0.0103492736816406 0.14239501953125 -0.371185302734375
0.110275268554688 0.180191040039063 -0.269699096679688 0.0336914062500001
0.210250854492187 0.078125 -0.156494140625 0.300323486328125
0.212448120117188 -0.0982208251953125 0.1021728515625 0.318572998046875
0.0293731689453125 -0.207855224609375 0.175552368164063 0.142898559570313
-0.120231628417969 -0.130905151367188 0.119972229003906 0.0237655639648437
-0.175399780273438 0.00903320312499997 0.0192470550537109 0.00685691833496094
-0.112190246582031 0.0895919799804687 -0.0428695678710938 0.0671653747558594
-0.0788040161132812 0.0739822387695313 -0.0945587158203125 0.156112670898438
-0.108238220214844 0.0839385986328125 -0.190658569335938 0.207244873046875
-0.15234375 0.032470703125 -0.333648681640625 0.162017822265625
-0.127548217773437 -0.0650177001953125 -0.426025390625 0.0404052734375001
-0.0678558349609375 -0.132476806640625 -0.418609619140625 -0.19378662109375
0.0894851684570313 -0.1190185546875 -0.23858642578125 -0.45550537109375
0.168960571289063 -0.0029296875 -0.019012451171875 -0.45562744140625
0.133514404296875 0.0918426513671875 0.156463623046875 -0.35919189453125
0.16064453125 0.247528076171875 -0.25323486328125 0.0551605224609375
0.29864501953125 0.08831787109375 -0.179962158203125 0.284881591796875
0.266128540039063 -0.147598266601563 0.057220458984375 0.35430908203125
0.02239990234375 -0.274642944335937 0.1829833984375 0.214248657226562
-0.16741943359375 -0.167617797851562 0.187637329101563 0.0627899169921875
-0.242141723632813 0.0146942138671875 0.095428466796875 -0.009979248046875
-0.161331176757812 0.119720458984375 0.0119857788085937 0.0132980346679688
-0.119140625 0.101028442382813 -0.059356689453125 0.10028076171875
-0.160247802734375 0.116790771484375 -0.159835815429688 0.160629272460937
-0.218917846679688 0.0458526611328125 -0.2950439453125 0.12939453125
-0.186691284179688 -0.096954345703125 -0.3828125 0.030914306640625
-0.0924072265625 -0.199172973632813 -0.38323974609375 -0.18035888671875
0.147491455078125 -0.171127319335938 -0.224334716796875 -0.42950439453125
0.259368896484375 0.01605224609375 0.000976562500000013 -0.436920166015625
0.193710327148438 0.15960693359375 0.184814453125 -0.31683349609375
0.192047119140625 0.277420043945313 -0.230606079101563 0.104537963867187
0.339019775390625 0.074462890625 -0.190704345703125 0.302398681640625
0.268875122070313 -0.179168701171875 0.04315185546875 0.409210205078125
0.00430297851562497 -0.289276123046875 0.224517822265625 0.282440185546875
-0.187942504882812 -0.16632080078125 0.274215698242188 0.0862274169921875
-0.2657470703125 0.0264739990234375 0.184722900390625 -0.0462799072265625
-0.180435180664063 0.133071899414062 0.0736541748046875 -0.0565872192382813
-0.140792846679688 0.113204956054688 -0.0179309844970703 0.02752685546875
-0.193344116210938 0.132644653320312 -0.116905212402344 0.097259521484375
-0.262039184570313 0.041839599609375 -0.237472534179688 0.081695556640625
-0.219329833984375 -0.130905151367187 -0.3170166015625 0.01019287109375
-0.0894775390625 -0.249069213867187 -0.32586669921875 -0.164581298828125
0.19903564453125 -0.1866455078125 -0.193511962890625 -0.3907470703125
0.308380126953125 0.0462646484375 0.033966064453125 -0.40478515625
0.218475341796875 0.2037353515625 0.2183837890625 -0.25360107421875
0.193649291992188 0.264297485351563 -0.199996948242188 0.173538208007813
0.31689453125 0.05133056640625 -0.17645263671875 0.34539794921875
0.230316162109375 -0.172454833984375 0.07275390625 0.454986572265625
-0.011138916015625 -0.251983642578125 0.292755126953125 0.321014404296875
-0.17608642578125 -0.13739013671875 0.356781005859375 0.081268310546875
-0.244522094726562 0.0343017578125 0.263519287109375 -0.094451904296875
-0.169540405273437 0.124176025390625 0.128089904785156 -0.128974914550781
-0.139289855957031 0.108177185058594 0.0246925354003906 -0.0476913452148437
-0.199905395507813 0.123443603515625 -0.064178466796875 0.0264549255371094
-0.264816284179688 0.0212402343750001 -0.160736083984375 0.03155517578125
-0.207107543945312 -0.156478881835938 -0.234756469726562 -0.00349426269531248
-0.0541839599609375 -0.258941650390625 -0.263595581054688 -0.135696411132813
0.225997924804687 -0.152679443359375 -0.1676025390625 -0.346893310546875
0.298248291015625 0.08270263671875 0.061920166015625 -0.373260498046875
0.198501586914063 0.214996337890625 0.246444702148438 -0.1756591796875
0.165802001953125 0.215850830078125 -0.166305541992188 0.248260498046875
0.24652099609375 0.0334625244140625 -0.138702392578125 0.3936767578125
0.173721313476563 -0.131423950195313 0.12738037109375 0.47454833984375
-0.01068115234375 -0.1815185546875 0.357025146484375 0.322265625
-0.135429382324219 -0.0949478149414062 0.4180908203125 0.060150146484375
-0.1898193359375 0.03228759765625 0.320281982421875 -0.147003173828125
-0.134353637695313 0.0951461791992187 0.170028686523438 -0.194076538085938
-0.116157531738281 0.0849380493164062 0.0637664794921875 -0.114738464355469
-0.174407958984375 0.094757080078125 -0.00742340087890626 -0.03607177734375
-0.22100830078125 -0.00376892089843747 -0.0772552490234375 -0.00505828857421875
-0.154769897460938 -0.153335571289063 -0.155776977539063 0.00170898437499999
-0.0072021484375 -0.216796875 -0.216537475585938 -0.0979919433593751
0.205551147460938 -0.0825042724609375 -0.160858154296875 -0.313629150390625
0.23187255859375 0.105072021484375 0.077545166015625 -0.357177734375
0.148727416992188 0.189285278320313 0.263259887695313 -0.103515625
0.10870361328125 0.141830444335938 -0.134796142578125 0.309173583984375
0.146209716796875 0.0222015380859375 -0.090789794921875 0.42950439453125
0.112579345703125 -0.0703659057617188 0.18267822265625 0.468902587890625
0.00472259521484376 -0.101783752441406 0.407745361328125 0.30218505859375
-0.0780868530273438 -0.0547409057617187 0.451416015625 0.029205322265625
-0.115631103515625 0.0191497802734375 0.349822998046875 -0.190460205078125
-0.0822830200195313 0.0513916015625 0.1932373046875 -0.24249267578125
-0.0729217529296875 0.0503387451171875 0.092132568359375 -0.16412353515625
-0.116432189941406 0.0517501831054687 0.0394515991210937 -0.079986572265625
-0.138053894042969 -0.0181961059570313 -0.00938224792480469 -0.0227737426757813
-0.0803680419921875 -0.111007690429688 -0.101554870605469 0.0142440795898438
0.0223312377929687 -0.129951477050781 -0.197463989257812 -0.07000732421875
0.132537841796875 -0.0138473510742187 -0.161346435546875 -0.307769775390625
0.127777099609375 0.0904464721679688 0.0944213867187501 -0.35595703125
0.080352783203125 0.124710083007813 0.267532348632812 -0.04412841796875
-0.00970840454101562 -0.0161933898925781 -0.296905517578125 0.077606201171875
-0.0212879180908203 -0.0161285400390625 -0.101226806640625 0.3841552734375
0.011810302734375 -0.0203990936279297 0.21673583984375 0.295257568359375
-0.0122385025024414 -0.00665855407714843 0.217727661132813 0.0567626953125
-0.000156402587890625 0.0211219787597656 0.0683135986328125 -0.0384941101074219
0.0379905700683594 0.0115394592285156 -0.0359344482421875 0.00854110717773438
0.0433578491210938 -0.00887680053710938 -0.0806503295898438 0.116348266601562
0.0311946868896484 -0.014404296875 -0.115707397460938 0.20989990234375
0.0253963470458984 -0.0103435516357422 -0.213760375976563 0.252731323242187
0.0109453201293945 -0.00909137725830078 -0.3675537109375 0.192138671875
0.011439323425293 -0.00265121459960937 -0.476776123046875 0.043426513671875
0.00272655487060547 0.0133771896362305 -0.45697021484375 -0.226959228515625
-0.0317306518554687 0.0204524993896484 -0.233123779296875 -0.509796142578125
-0.0652084350585938 -0.0287818908691406 -0.016448974609375 -0.4869384765625
-0.044647216796875 -0.0806045532226563 0.13385009765625 -0.385467529296875
0.0591201782226562 0.0895004272460938 -0.29266357421875 0.053497314453125
0.104248046875 0.0351715087890625 -0.122833251953125 0.362060546875
0.12384033203125 -0.0648574829101563 0.18328857421875 0.3115234375
0.00728607177734375 -0.120475769042969 0.203765869140625 0.0821075439453125
-0.0714874267578125 -0.0624923706054687 0.080902099609375 -0.0200119018554688
-0.0799026489257813 0.015716552734375 -0.0284175872802734 0.0130081176757812
-0.0386009216308594 0.0510444641113281 -0.0748519897460938 0.109825134277344
-0.0262870788574219 0.0348033905029297 -0.107833862304687 0.204483032226563
-0.0434837341308594 0.0442581176757812 -0.205734252929688 0.254669189453125
-0.0766448974609375 0.0193557739257812 -0.359649658203125 0.203033447265625
-0.06524658203125 -0.0347404479980469 -0.46820068359375 0.06463623046875
-0.0390625 -0.061737060546875 -0.462158203125 -0.197540283203125
0.0313682556152344 -0.0561790466308594 -0.269866943359375 -0.488128662109375
0.0616302490234375 -0.0195770263671875 -0.0467834472656249 -0.489776611328125
0.0550765991210938 0.00588226318359375 0.129669189453125 -0.4068603515625
0.1268310546875 0.187881469726563 -0.280929565429688 0.0493316650390625
0.225677490234375 0.069061279296875 -0.146087646484375 0.3255615234375
0.219482421875 -0.1207275390625 0.13043212890625 0.330322265625
0.017486572265625 -0.225555419921875 0.1912841796875 0.138534545898438
-0.135551452636719 -0.130813598632813 0.124435424804687 0.017303466796875
-0.184906005859375 0.0207672119140625 0.018524169921875 0.00882339477539063
-0.11114501953125 0.101593017578125 -0.040069580078125 0.0737838745117188
-0.0789337158203125 0.0795974731445312 -0.08538818359375 0.16876220703125
-0.106620788574219 0.0943603515625 -0.185211181640625 0.22967529296875
-0.15887451171875 0.0464630126953125 -0.339508056640625 0.191558837890625
-0.14111328125 -0.061676025390625 -0.44366455078125 0.0718383789062501
-0.082000732421875 -0.136886596679688 -0.44940185546875 -0.176513671875
0.0898895263671875 -0.1312255859375 -0.28106689453125 -0.4625244140625
0.179855346679688 -0.0142669677734375 -0.0501708984375 -0.480438232421875
0.145980834960938 0.0875244140625 0.144012451171875 -0.394317626953125
0.184646606445313 0.256576538085938 -0.262191772460938 0.0709991455078125
0.320526123046875 0.074920654296875 -0.171905517578125 0.3109130859375
0.274887084960937 -0.177047729492188 0.0826416015625 0.371429443359375
0.00637817382812501 -0.29425048828125 0.203323364257813 0.213546752929688
-0.186386108398437 -0.167251586914063 0.199005126953125 0.0552978515625
-0.25531005859375 0.0318145751953126 0.0978317260742187 -0.0143814086914063
-0.161453247070313 0.135269165039063 0.0139760971069336 0.0130910873413086
-0.118377685546875 0.110885620117187 -0.0520553588867188 0.107009887695313
-0.158782958984375 0.133621215820312 -0.156723022460938 0.178726196289063
-0.227630615234375 0.0640716552734376 -0.30279541015625 0.155792236328125
-0.205429077148438 -0.0898895263671875 -0.400115966796875 0.055511474609375
-0.109146118164063 -0.2061767578125 -0.413299560546875 -0.165618896484375
0.1502685546875 -0.1890869140625 -0.26324462890625 -0.43597412109375
0.277008056640625 -0.0009307861328125 -0.02667236328125 -0.462432861328125
0.215316772460938 0.15606689453125 0.17669677734375 -0.3516845703125
0.220458984375 0.284271240234375 -0.237808227539062 0.123138427734375
0.361541748046875 0.058624267578125 -0.181976318359375 0.330047607421875
0.273330688476563 -0.208877563476563 0.072845458984375 0.426422119140625
-0.01385498046875 -0.30859375 0.25164794921875 0.28350830078125
-0.20904541015625 -0.165878295898438 0.29449462890625 0.07208251953125
-0.278640747070313 0.0450439453125 0.19097900390625 -0.0583953857421875
-0.180450439453125 0.15216064453125 0.07330322265625 -0.0654067993164062
-0.142257690429687 0.12603759765625 -0.0142402648925781 0.0294837951660156
-0.19183349609375 0.152053833007812 -0.115997314453125 0.106544494628906
-0.272735595703125 0.0650787353515624 -0.244873046875 0.100738525390625
-0.243499755859375 -0.125152587890625 -0.331787109375 0.0323486328125
-0.109893798828125 -0.257980346679688 -0.34869384765625 -0.152191162109375
0.204315185546875 -0.211029052734375 -0.22845458984375 -0.397247314453125
0.331787109375 0.027984619140625 0.00823974609375003 -0.43194580078125
0.240859985351563 0.199264526367188 0.2144775390625 -0.286865234375
0.220794677734375 0.27337646484375 -0.2021484375 0.194854736328125
0.335357666015625 0.0352783203125 -0.16571044921875 0.376312255859375
0.236312866210938 -0.198455810546875 0.1063232421875 0.475128173828125
-0.0254974365234375 -0.266220092773438 0.32611083984375 0.31878662109375
-0.193634033203125 -0.13519287109375 0.380401611328125 0.064208984375
-0.254959106445313 0.0513153076171875 0.270095825195313 -0.118789672851563
-0.168594360351563 0.139144897460937 0.126419067382813 -0.1453857421875
-0.139495849609375 0.118263244628906 0.0260848999023437 -0.0538101196289062
-0.201202392578125 0.143997192382812 -0.0654869079589844 0.0295066833496094
-0.277755737304687 0.04241943359375 -0.166793823242188 0.043365478515625
-0.232452392578125 -0.151763916015625 -0.244491577148438 0.0107879638671875
-0.0732421875 -0.27191162109375 -0.281951904296875 -0.1248779296875
0.234634399414062 -0.175857543945313 -0.199615478515625 -0.34967041015625
0.324188232421875 0.06805419921875 0.038421630859375 -0.400604248046875
0.224884033203125 0.215469360351563 0.248214721679687 -0.207244873046875
0.187652587890625 0.223129272460938 -0.162307739257813 0.273345947265625
0.260986328125 0.0201263427734375 -0.1243896484375 0.426239013671875
0.1761474609375 -0.151260375976562 0.16424560546875 0.493377685546875
-0.02178955078125 -0.193069458007813 0.396728515625 0.316162109375
-0.147598266601563 -0.0928192138671875 0.4437255859375 0.0352783203125
-0.197586059570312 0.0472564697265625 0.32470703125 -0.177154541015625
-0.134017944335938 0.108116149902344 0.164169311523438 -0.218231201171875
-0.11651611328125 0.0924758911132812 0.0610122680664062 -0.126991271972656
-0.176986694335938 0.109786987304688 -0.0101852416992188 -0.0407295227050781
-0.234512329101563 0.0123443603515625 -0.0815048217773438 -0.00408172607421874
-0.177383422851563 -0.153335571289062 -0.159637451171875 0.010498046875
-0.020599365234375 -0.231109619140625 -0.231063842773438 -0.0884552001953126
0.217880249023438 -0.100982666015625 -0.190643310546875 -0.314697265625
0.254348754882813 0.094757080078125 0.054595947265625 -0.38232421875
0.16766357421875 0.190460205078125 0.27117919921875 -0.129653930664063
0.123199462890625 0.147247314453125 -0.12548828125 0.338592529296875
0.153594970703125 0.01690673828125 -0.071929931640625 0.461944580078125
0.1153564453125 -0.0827102661132813 0.223968505859375 0.4853515625
-0.00170135498046875 -0.109443664550781 0.447418212890625 0.290283203125
-0.0843963623046875 -0.0509872436523437 0.477386474609375 0.000579833984374997
-0.121437072753906 0.026519775390625 0.35308837890625 -0.226318359375
-0.0827713012695312 0.0594635009765625 0.185501098632812 -0.2694091796875
-0.074462890625 0.0550079345703125 0.088043212890625 -0.181396484375
-0.117790222167969 0.0592498779296875 0.0355758666992187 -0.0900726318359375
-0.147628784179688 -0.0105133056640625 -0.0108165740966797 -0.0253887176513672
-0.0949859619140625 -0.11431884765625 -0.101043701171875 0.0211868286132813
0.0155258178710937 -0.139602661132813 -0.208145141601562 -0.0579071044921875
0.144378662109375 -0.024017333984375 -0.1917724609375 -0.30877685546875
0.144073486328125 0.08709716796875 0.070037841796875 -0.382720947265625
0.0920562744140625 0.126304626464844 0.279586791992188 -0.064178466796875
-0.0123929977416992 -0.0150852203369141 -0.2955322265625 0.10028076171875
-0.0271072387695312 -0.0135364532470703 -0.06781005859375 0.406646728515625
0.00931930541992187 -0.0222606658935547 0.252685546875 0.282073974609375
-0.0130414962768555 -0.00442981719970703 0.224609375 0.032928466796875
0.000267028808593752 0.0228919982910156 0.0625877380371094 -0.0426445007324219
0.0392646789550781 0.00815963745117188 -0.0364112854003906 0.0143775939941406
0.0439910888671875 -0.0139007568359375 -0.0713043212890625 0.130767822265625
0.0324382781982422 -0.0212326049804688 -0.0936737060546875 0.226608276367188
0.0265693664550781 -0.0132980346679688 -0.197769165039063 0.280014038085937
0.0104093551635742 -0.0096435546875 -0.357147216796875 0.232025146484375
0.0103158950805664 -0.00380134582519531 -0.48516845703125 0.0868530273437501
0.00537872314453125 0.0122699737548828 -0.4891357421875 -0.193267822265625
-0.0289592742919922 0.0243701934814453 -0.2833251953125 -0.50421142578125
-0.0710678100585938 -0.0249176025390625 -0.0599060058593751 -0.50030517578125
-0.0511016845703125 -0.0804672241210938 0.107147216796875 -0.41510009765625
0.0710296630859375 0.094085693359375 -0.297760009765625 0.074951171875
0.107833862304688 0.0271072387695313 -0.09320068359375 0.3828125
0.120498657226562 -0.0815582275390625 0.215576171875 0.303680419921875
-0.00569915771484375 -0.12646484375 0.213180541992188 0.067352294921875
-0.0811004638671875 -0.0582504272460938 0.0796737670898438 -0.0256195068359375
-0.0826797485351562 0.019073486328125 -0.0320682525634766 0.0216464996337891
-0.0340538024902344 0.0560798645019531 -0.0649795532226562 0.1195068359375
-0.021453857421875 0.0357589721679688 -0.091064453125 0.219009399414063
-0.0415382385253906 0.047271728515625 -0.189910888671875 0.280288696289063
-0.0755767822265625 0.0287246704101563 -0.35107421875 0.23834228515625
-0.073333740234375 -0.0289077758789063 -0.475494384765625 0.10516357421875
-0.0452041625976563 -0.0597381591796875 -0.494354248046875 -0.161712646484375
0.0298576354980469 -0.0595741271972656 -0.31640625 -0.47467041015625
0.06280517578125 -0.0269737243652344 -0.088592529296875 -0.502044677734375
0.0538597106933594 0.000423431396484375 0.104644775390625 -0.434814453125
0.148239135742188 0.186737060546875 -0.286102294921875 0.069854736328125
0.237380981445313 0.0550689697265625 -0.118621826171875 0.34759521484375
0.215347290039062 -0.146682739257812 0.16546630859375 0.32373046875
-0.00567626953125 -0.235275268554688 0.203414916992188 0.123062133789063
-0.152481079101563 -0.126007080078125 0.126411437988281 0.00820922851562499
-0.1881103515625 0.0339813232421875 0.0207729339599609 0.0118808746337891
-0.105255126953125 0.111221313476562 -0.0352783203125 0.0809860229492188
-0.0762176513671875 0.0858078002929687 -0.06805419921875 0.179946899414063
-0.102622985839844 0.105972290039062 -0.168212890625 0.249908447265625
-0.156402587890625 0.067169189453125 -0.32940673828125 0.227386474609375
-0.155685424804688 -0.050506591796875 -0.4481201171875 0.114593505859375
-0.0953598022460938 -0.135086059570313 -0.4757080078125 -0.1409912109375
0.0845489501953125 -0.147293090820313 -0.325775146484375 -0.45013427734375
0.188323974609375 -0.03399658203125 -0.0933837890625 -0.492584228515625
0.155609130859375 0.0785675048828125 0.11700439453125 -0.425079345703125
0.213943481445313 0.25433349609375 -0.265289306640625 0.0961151123046875
0.336578369140625 0.052093505859375 -0.146209716796875 0.331695556640625
0.266983032226563 -0.20648193359375 0.118896484375 0.373443603515625
-0.0234375 -0.308807373046875 0.222869873046875 0.202926635742188
-0.2061767578125 -0.15936279296875 0.20672607421875 0.0384368896484375
-0.258407592773438 0.0541229248046875 0.0977554321289062 -0.0232620239257812
-0.154495239257813 0.152359008789062 0.0115690231323242 0.0131206512451172
-0.113853454589844 0.120223999023438 -0.0408401489257813 0.110527038574219
-0.1480712890625 0.149383544921875 -0.142532348632813 0.1966552734375
-0.22528076171875 0.0876617431640625 -0.297637939453125 0.188201904296875
-0.224212646484375 -0.071014404296875 -0.403076171875 0.0939941406249999
-0.134475708007812 -0.203857421875 -0.4383544921875 -0.129669189453125
0.138824462890625 -0.2109375 -0.30810546875 -0.42218017578125
0.289703369140625 -0.02764892578125 -0.0722045898437499 -0.47222900390625
0.231704711914063 0.142898559570313 0.151885986328125 -0.38482666015625
0.25225830078125 0.281341552734375 -0.233261108398437 0.148941040039063
0.374114990234375 0.03216552734375 -0.16143798828125 0.356475830078125
0.26385498046875 -0.243438720703125 0.11407470703125 0.43292236328125
-0.041351318359375 -0.32110595703125 0.2825927734375 0.266937255859375
-0.231033325195313 -0.153366088867187 0.30889892578125 0.048919677734375
-0.279617309570313 0.073486328125 0.187026977539062 -0.0756378173828125
-0.171600341796875 0.164764404296875 0.0661773681640625 -0.0753936767578125
-0.135017395019531 0.138671875 -0.00776863098144532 0.0306110382080078
-0.18243408203125 0.170196533203125 -0.107513427734375 0.114158630371094
-0.273162841796875 0.093353271484375 -0.242156982421875 0.122116088867188
-0.266555786132813 -0.107177734375 -0.338104248046875 0.0575866699218749
-0.137130737304688 -0.258193969726562 -0.371368408203125 -0.125732421875
0.191818237304687 -0.2366943359375 -0.266357421875 -0.3837890625
0.348724365234375 -0.006103515625 -0.029998779296875 -0.443817138671875
0.268798828125 0.184722900390625 0.196533203125 -0.321868896484375
0.24993896484375 0.267623901367188 -0.192947387695313 0.22076416015625
0.346710205078125 0.008331298828125 -0.13916015625 0.405120849609375
0.223358154296875 -0.22607421875 0.1544189453125 0.48236083984375
-0.0505218505859375 -0.2735595703125 0.36505126953125 0.30010986328125
-0.2108154296875 -0.120498657226563 0.392547607421875 0.028656005859375
-0.259689331054688 0.076507568359375 0.266433715820313 -0.142044067382813
-0.16107177734375 0.154022216796875 0.111114501953125 -0.162673950195313
-0.133842468261719 0.132354736328125 0.0235710144042969 -0.0586738586425781
-0.191268920898438 0.16619873046875 -0.0673103332519531 0.0374603271484375
-0.283477783203125 0.0721740722656249 -0.17071533203125 0.05780029296875
-0.2593994140625 -0.138900756835938 -0.247268676757813 0.0290222167968749
-0.10101318359375 -0.274993896484375 -0.298126220703125 -0.102447509765625
0.228744506835938 -0.206497192382813 -0.235931396484375 -0.339599609375
0.345947265625 0.037994384765625 -0.000610351562499968 -0.414825439453125
0.247879028320313 0.205093383789063 0.23699951171875 -0.238327026367187
0.213180541992187 0.218536376953125 -0.144317626953125 0.296142578125
0.268447875976563 -0.0014801025390625 -0.0936279296875 0.45263671875
0.168777465820312 -0.171585083007812 0.215850830078125 0.494293212890625
-0.03778076171875 -0.198455810546875 0.431610107421875 0.288299560546875
-0.15899658203125 -0.0816192626953125 0.4593505859375 -0.00369262695312501
-0.19818115234375 0.063934326171875 0.31646728515625 -0.20867919921875
-0.128730773925781 0.120918273925781 0.145416259765625 -0.241943359375
-0.114959716796875 0.104721069335938 0.0504531860351563 -0.138015747070312
-0.168975830078125 0.128890991210938 -0.0171051025390625 -0.0420150756835937
-0.240997314453125 0.0341644287109375 -0.0833969116210938 0.0033111572265625
-0.197601318359375 -0.142547607421875 -0.16070556640625 0.0242156982421875
-0.03985595703125 -0.239349365234375 -0.240631103515625 -0.071044921875
0.219070434570313 -0.125732421875 -0.2239990234375 -0.303070068359375
0.273345947265625 0.0735015869140625 0.019561767578125 -0.397430419921875
0.189178466796875 0.180068969726563 0.264053344726563 -0.159912109375
0.141845703125 0.145706176757813 -0.100616455078125 0.3580322265625
0.159072875976563 0.0070648193359375 -0.03448486328125 0.485015869140625
0.112030029296875 -0.0937576293945313 0.276275634765625 0.478271484375
-0.00825500488281251 -0.1168212890625 0.481292724609375 0.258087158203125
-0.0923690795898438 -0.0435714721679688 0.486236572265625 -0.0404052734375
-0.122535705566406 0.0379104614257813 0.339324951171875 -0.26214599609375
-0.077972412109375 0.06878662109375 0.162750244140625 -0.295989990234375
-0.0715713500976563 0.0598678588867188 0.074981689453125 -0.194229125976563
-0.117782592773438 0.0735855102539063 0.0312652587890625 -0.097900390625
-0.151870727539063 0.00422668457031253 -0.0133743286132813 -0.0269489288330078
-0.112648010253906 -0.108863830566406 -0.099822998046875 0.0284347534179687
0.00387573242187499 -0.145721435546875 -0.211349487304688 -0.0411529541015625
0.150680541992188 -0.0368499755859375 -0.225860595703125 -0.2978515625
0.157089233398438 0.0748443603515625 0.033905029296875 -0.398681640625
0.107086181640625 0.121185302734375 0.277008056640625 -0.0925140380859375
-0.0141706466674805 -0.0132274627685547 -0.287109375 0.12054443359375
-0.0292224884033203 -0.00943946838378906 -0.03143310546875 0.410614013671875
0.00402069091796875 -0.0235195159912109 0.276962280273438 0.259765625
-0.0160245895385742 -0.00549793243408203 0.224029541015625 0.015533447265625
0.00318527221679687 0.0214290618896484 0.0528678894042969 -0.0491676330566406
0.0395736694335938 0.00269699096679688 -0.0375442504882813 0.0208511352539063
0.042999267578125 -0.0198440551757813 -0.0602874755859375 0.136489868164063
0.0295162200927734 -0.0252208709716797 -0.0739593505859375 0.231216430664063
0.0247554779052734 -0.0165290832519531 -0.171234130859375 0.29443359375
0.00663948059082031 -0.00982570648193359 -0.33770751953125 0.25927734375
0.00841999053955078 -0.00314044952392578 -0.472412109375 0.127227783203125
0.00512218475341797 0.0108613967895508 -0.50042724609375 -0.14727783203125
-0.0284328460693359 0.0237331390380859 -0.32080078125 -0.4759521484375
-0.0703201293945313 -0.01983642578125 -0.1005859375 -0.49554443359375
-0.0600662231445312 -0.0785140991210938 0.07672119140625 -0.42767333984375
0.0781631469726562 0.0858993530273437 -0.2864990234375 0.093414306640625
0.110176086425781 0.0232925415039063 -0.056488037109375 0.388031005859375
0.113037109375 -0.093475341796875 0.245635986328125 0.28155517578125
-0.01837158203125 -0.128517150878906 0.214263916015625 0.0449981689453125
-0.086151123046875 -0.0527801513671875 0.0719985961914063 -0.0328521728515625
-0.0830078125 0.0302200317382812 -0.0292606353759766 0.0265750885009766
-0.0325775146484375 0.0545997619628906 -0.052490234375 0.125961303710938
-0.0231132507324219 0.0355491638183594 -0.06976318359375 0.226242065429688
-0.0336990356445313 0.0489006042480469 -0.16326904296875 0.29541015625
-0.073455810546875 0.036102294921875 -0.328216552734375 0.26983642578125
-0.0747299194335937 -0.0196456909179688 -0.46075439453125 0.148681640625
-0.0503044128417969 -0.0600204467773438 -0.502716064453125 -0.117279052734375
0.0260353088378906 -0.0646286010742188 -0.356170654296875 -0.4481201171875
0.0602798461914062 -0.0342826843261719 -0.131439208984375 -0.49530029296875
0.0565414428710938 -0.00563812255859375 0.06427001953125 -0.447265625
0.162796020507813 0.177444458007813 -0.275726318359375 0.0908966064453126
0.240554809570313 0.036468505859375 -0.089141845703125 0.35748291015625
0.205337524414063 -0.1644287109375 0.194854736328125 0.308563232421875
-0.0254974365234375 -0.237777709960938 0.210128784179688 0.105377197265625
-0.164382934570313 -0.113372802734375 0.1234130859375 -0.000648498535156257
-0.184967041015625 0.055206298828125 0.0199871063232422 0.0123081207275391
-0.0969772338867187 0.119651794433594 -0.0255050659179688 0.0842056274414063
-0.068115234375 0.0865936279296875 -0.05078125 0.182113647460938
-0.0903701782226563 0.109992980957031 -0.14776611328125 0.2662353515625
-0.147979736328125 0.078521728515625 -0.309783935546875 0.25103759765625
-0.158615112304688 -0.0330810546875 -0.43560791015625 0.147430419921875
-0.104568481445312 -0.127723693847656 -0.485595703125 -0.100830078125
0.0745697021484375 -0.154388427734375 -0.363311767578125 -0.420074462890625
0.185226440429688 -0.04962158203125 -0.13507080078125 -0.4844970703125
0.162017822265625 0.0639190673828125 0.07952880859375 -0.43963623046875
0.234085083007813 0.24163818359375 -0.255035400390625 0.113357543945313
0.338409423828125 0.0267333984375 -0.121246337890625 0.34710693359375
0.25091552734375 -0.230316162109375 0.15216064453125 0.361083984375
-0.048980712890625 -0.306976318359375 0.2376708984375 0.1837158203125
-0.224151611328125 -0.141098022460938 0.209014892578125 0.02301025390625
-0.255401611328125 0.0783843994140625 0.0956039428710937 -0.0245285034179687
-0.140243530273437 0.163711547851563 0.0138883590698242 0.0102243423461914
-0.10552978515625 0.124649047851562 -0.0313339233398438 0.114364624023438
-0.134536743164063 0.161224365234375 -0.126937866210937 0.206985473632813
-0.216094970703125 0.111099243164063 -0.279067993164063 0.209686279296875
-0.231613159179687 -0.053985595703125 -0.3936767578125 0.1268310546875
-0.1492919921875 -0.194808959960938 -0.444000244140625 -0.0961303710937501
0.123382568359375 -0.224090576171875 -0.339996337890625 -0.392059326171875
0.28912353515625 -0.053619384765625 -0.110748291015625 -0.466033935546875
0.240646362304688 0.125274658203125 0.1180419921875 -0.40338134765625
0.275177001953125 0.267837524414063 -0.220352172851562 0.162002563476563
0.3792724609375 0.001220703125 -0.1295166015625 0.368988037109375
0.246414184570313 -0.265655517578125 0.153533935546875 0.420440673828125
-0.07257080078125 -0.316009521484375 0.300811767578125 0.246612548828125
-0.245193481445313 -0.13336181640625 0.307769775390625 0.024383544921875
-0.27423095703125 0.0975341796875 0.18072509765625 -0.0897979736328125
-0.155441284179688 0.1812744140625 0.05877685546875 -0.0787429809570312
-0.126449584960938 0.145095825195313 -0.00695991516113282 0.0258922576904297
-0.166641235351563 0.185928344726562 -0.0996627807617188 0.1287841796875
-0.263534545898437 0.11944580078125 -0.232666015625 0.143768310546875
-0.275466918945313 -0.0794219970703125 -0.328155517578125 0.0866088867187499
-0.158660888671875 -0.248779296875 -0.37823486328125 -0.095855712890625
0.17767333984375 -0.25567626953125 -0.297943115234375 -0.35736083984375
0.348388671875 -0.03558349609375 -0.071929931640625 -0.437957763671875
0.278518676757813 0.166213989257812 0.167510986328125 -0.339447021484375
0.275314331054688 0.25103759765625 -0.175949096679688 0.23388671875
0.3455810546875 -0.01849365234375 -0.10723876953125 0.41497802734375
0.206756591796875 -0.24749755859375 0.193756103515625 0.46295166015625
-0.0768280029296875 -0.269546508789063 0.381134033203125 0.270782470703125
-0.221588134765625 -0.105712890625 0.396728515625 -0.00109863281250001
-0.251602172851563 0.100494384765625 0.251708984375 -0.166793823242188
-0.14678955078125 0.16729736328125 0.098419189453125 -0.17236328125
-0.126670837402344 0.138084411621094 0.018096923828125 -0.0635910034179687
-0.177871704101563 0.17803955078125 -0.0615158081054688 0.0399169921875
-0.27197265625 0.0957183837890625 -0.164657592773438 0.0711517333984375
-0.270278930664062 -0.112335205078125 -0.240493774414063 0.0501098632812499
-0.125167846679687 -0.269180297851563 -0.30242919921875 -0.0792236328124999
0.219009399414063 -0.226608276367188 -0.260894775390625 -0.3167724609375
0.347991943359375 0.00738525390625 -0.036041259765625 -0.411865234375
0.262451171875 0.18487548828125 0.2127685546875 -0.260910034179688
0.234588623046875 0.206207275390625 -0.12152099609375 0.30889892578125
0.268218994140625 -0.020050048828125 -0.0523681640625 0.460174560546875
0.156692504882813 -0.187637329101563 0.25738525390625 0.47186279296875
-0.057708740234375 -0.197540283203125 0.454254150390625 0.252838134765625
-0.166732788085938 -0.0702056884765625 0.453643798828125 -0.04449462890625
-0.191757202148438 0.083648681640625 0.29461669921875 -0.235504150390625
-0.116493225097656 0.131370544433594 0.122756958007812 -0.251846313476563
-0.105140686035156 0.109848022460937 0.0380401611328125 -0.14385986328125
-0.159500122070312 0.141342163085938 -0.0192184448242188 -0.0408096313476562
-0.233795166015625 0.0555267333984375 -0.0848770141601563 0.00826263427734376
-0.215011596679688 -0.124053955078125 -0.155197143554688 0.03448486328125
-0.061431884765625 -0.237106323242187 -0.2420654296875 -0.0482177734375
0.2135009765625 -0.145004272460938 -0.246688842773438 -0.27935791015625
0.28277587890625 0.050323486328125 -0.01983642578125 -0.397430419921875
0.199493408203125 0.166091918945313 0.248504638671875 -0.183990478515625
0.154190063476563 0.138412475585938 -0.07452392578125 0.370819091796875
0.155563354492188 -0.00640869140625 0.00570678710937496 0.486419677734375
0.102561950683594 -0.102691650390625 0.312896728515625 0.451080322265625
-0.0206298828125 -0.114326477050781 0.502716064453125 0.217742919921875
-0.094970703125 -0.0379409790039062 0.47998046875 -0.08526611328125
-0.118354797363281 0.0503768920898438 0.312713623046875 -0.28961181640625
-0.0719680786132813 0.07177734375 0.13336181640625 -0.307647705078125
-0.068603515625 0.06402587890625 0.0536651611328125 -0.20184326171875
-0.107894897460937 0.0792617797851563 0.0189056396484375 -0.101219177246094
-0.153289794921875 0.0166778564453125 -0.0142631530761719 -0.0301437377929687
-0.121726989746094 -0.0992355346679688 -0.0924911499023438 0.0355758666992188
-0.00862121582031251 -0.150466918945313 -0.215362548828125 -0.019622802734375
0.149673461914063 -0.0490570068359375 -0.2489013671875 -0.270050048828125
0.165863037109375 0.060821533203125 -0.003387451171875 -0.399139404296875
0.113380432128906 0.1112060546875 0.2674560546875 -0.116561889648437
-0.0162029266357422 -0.0144863128662109 -0.274612426757813 0.127609252929688
-0.0305137634277344 -0.00683784484863281 -0.00274658203125002 0.40264892578125
-1.716613769531E-05 -0.0240516662597656 0.287384033203125 0.236053466796875
-0.0185470581054688 -0.0030059814453125 0.218048095703125 0.0009765625
0.00304222106933594 0.0208015441894531 0.0452079772949219 -0.0478630065917969
0.036041259765625 0.00201416015625 -0.0380935668945313 0.0249977111816406
0.0371475219726563 -0.0238151550292969 -0.0480499267578125 0.136314392089844
0.0249481201171875 -0.0295581817626953 -0.0554046630859375 0.230880737304687
0.0239448547363281 -0.0183258056640625 -0.14886474609375 0.30047607421875
0.00811958312988281 -0.00785064697265625 -0.315216064453125 0.27398681640625
0.00763463973999023 -0.00129938125610352 -0.45489501953125 0.15179443359375
0.00467681884765625 0.00887298583984375 -0.4984130859375 -0.116180419921875
-0.0247459411621094 0.0233421325683594 -0.342498779296875 -0.448394775390625
-0.0697555541992188 -0.0143966674804687 -0.123992919921875 -0.482391357421875
-0.0633468627929688 -0.0724105834960938 0.052093505859375 -0.4295654296875
0.0809555053710938 0.084014892578125 -0.275680541992188 0.101516723632813
0.10943603515625 0.0164718627929687 -0.03106689453125 0.381744384765625
0.106193542480469 -0.0998687744140625 0.258895874023438 0.256561279296875
-0.0260543823242188 -0.125770568847656 0.208816528320313 0.03192138671875
-0.08782958984375 -0.0469131469726563 0.0631065368652344 -0.0315170288085938
-0.0793228149414062 0.0358734130859375 -0.0285186767578125 0.0304756164550781
-0.0293350219726563 0.0536308288574219 -0.0442581176757812 0.127311706542969
-0.0211696624755859 0.0321598052978516 -0.05096435546875 0.22235107421875
-0.0309219360351562 0.0493621826171875 -0.1409912109375 0.29986572265625
-0.0691757202148437 0.0393562316894531 -0.30584716796875 0.28033447265625
-0.0756149291992188 -0.0128631591796875 -0.44232177734375 0.17120361328125
-0.0526351928710938 -0.057159423828125 -0.496856689453125 -0.086181640625
0.0218353271484375 -0.0681724548339844 -0.372955322265625 -0.418792724609375
0.0585403442382812 -0.0374412536621094 -0.155914306640625 -0.478607177734375
0.053497314453125 -0.00648117065429688 0.04095458984375 -0.449737548828125
0.171600341796875 0.170639038085937 -0.265411376953125 0.0977935791015626
0.239837646484375 0.0262298583984375 -0.0638427734375 0.353851318359375
0.193832397460937 -0.1744384765625 0.210968017578125 0.2879638671875
-0.0394287109375 -0.232391357421875 0.209823608398438 0.0931549072265625
-0.169174194335938 -0.10186767578125 0.117973327636719 -0.00465393066406251
-0.18157958984375 0.066131591796875 0.0205707550048828 0.0133609771728516
-0.0883865356445313 0.120895385742188 -0.0203399658203125 0.0814208984375
-0.065704345703125 0.0883026123046875 -0.0379486083984375 0.179443359375
-0.0807037353515625 0.113426208496094 -0.12847900390625 0.269851684570312
-0.140457153320313 0.086822509765625 -0.290191650390625 0.2657470703125
-0.159805297851563 -0.0214385986328125 -0.41632080078125 0.1708984375
-0.111198425292969 -0.120071411132812 -0.480377197265625 -0.0698242187500001
0.064666748046875 -0.156646728515625 -0.37847900390625 -0.390045166015625
0.179611206054688 -0.0607757568359375 -0.158416748046875 -0.469482421875
0.1624755859375 0.05584716796875 0.054290771484375 -0.44219970703125
0.247833251953125 0.228500366210938 -0.24383544921875 0.1204833984375
0.334564208984375 0.00872802734375 -0.09552001953125 0.344482421875
0.23651123046875 -0.243911743164063 0.17138671875 0.339385986328125
-0.06683349609375 -0.29974365234375 0.239791870117188 0.167770385742187
-0.228973388671875 -0.12640380859375 0.203659057617187 0.0143890380859375
-0.24542236328125 0.0948638916015625 0.0952377319335937 -0.0305099487304687
-0.128692626953125 0.166824340820313 0.0156431198120117 0.00728225708007814
-0.0998306274414063 0.127586364746094 -0.0219497680664062 0.109153747558594
-0.123123168945313 0.164016723632812 -0.112945556640625 0.211441040039063
-0.204971313476563 0.1220703125 -0.263214111328125 0.221359252929688
-0.232666015625 -0.0364532470703125 -0.377532958984375 0.146087646484375
-0.157623291015625 -0.181915283203125 -0.440032958984375 -0.0686340332031249
0.11163330078125 -0.229644775390625 -0.354400634765625 -0.36578369140625
0.279739379882813 -0.0716552734375 -0.133056640625 -0.45220947265625
0.244171142578125 0.10986328125 0.091400146484375 -0.40594482421875
0.2908935546875 0.249786376953125 -0.20867919921875 0.171310424804688
0.3707275390625 -0.01837158203125 -0.1048583984375 0.368804931640625
0.229766845703125 -0.275466918945313 0.174346923828125 0.399871826171875
-0.091400146484375 -0.306243896484375 0.30621337890625 0.226776123046875
-0.24884033203125 -0.117019653320313 0.30218505859375 0.00897216796874999
-0.262954711914063 0.113479614257813 0.173416137695312 -0.09649658203125
-0.142440795898437 0.18695068359375 0.0532760620117187 -0.0840301513671875
-0.118881225585937 0.147323608398438 -0.00433540344238282 0.0232219696044922
-0.152755737304687 0.1903076171875 -0.0901641845703125 0.132209777832031
-0.249053955078125 0.1328125 -0.220901489257813 0.153594970703125
-0.278244018554688 -0.0610198974609374 -0.31439208984375 0.1036376953125
-0.170455932617188 -0.236541748046875 -0.375030517578125 -0.0725708007812501
0.162322998046875 -0.263961791992188 -0.31109619140625 -0.332550048828125
0.34100341796875 -0.055328369140625 -0.095062255859375 -0.427886962890625
0.2813720703125 0.1497802734375 0.142608642578125 -0.3455810546875
0.28887939453125 0.23590087890625 -0.159957885742187 0.238388061523438
0.3408203125 -0.03411865234375 -0.0811767578125 0.413604736328125
0.191848754882813 -0.254501342773438 0.2174072265625 0.440216064453125
-0.092315673828125 -0.26104736328125 0.388641357421875 0.24481201171875
-0.225509643554687 -0.0900421142578125 0.386962890625 -0.02435302734375
-0.237991333007813 0.11383056640625 0.236480712890625 -0.175506591796875
-0.134857177734375 0.173416137695313 0.0843048095703125 -0.1763916015625
-0.118911743164063 0.1407470703125 0.0122795104980469 -0.0654373168945312
-0.162689208984375 0.184860229492187 -0.06060791015625 0.0432090759277344
-0.261734008789063 0.110809326171875 -0.158523559570313 0.077239990234375
-0.276702880859375 -0.0923614501953124 -0.231582641601563 0.0635528564453125
-0.137542724609375 -0.260040283203125 -0.29901123046875 -0.061126708984375
0.202255249023438 -0.23736572265625 -0.2724609375 -0.291015625
0.34405517578125 -0.013092041015625 -0.063018798828125 -0.40093994140625
0.265792846679688 0.167953491210938 0.1929931640625 -0.271484375
0.24505615234375 0.192459106445313 -0.104461669921875 0.311370849609375
0.262359619140625 -0.031951904296875 -0.027099609375 0.454010009765625
0.143508911132813 -0.192169189453125 0.278594970703125 0.44488525390625
-0.0689697265625 -0.18988037109375 0.457305908203125 0.22515869140625
-0.169265747070313 -0.058563232421875 0.43975830078125 -0.068389892578125
-0.18280029296875 0.093597412109375 0.273605346679688 -0.24627685546875
-0.107322692871094 0.133285522460938 0.101852416992188 -0.2540283203125
-0.101272583007813 0.110458374023438 0.0279693603515625 -0.145919799804688
-0.14727783203125 0.146759033203125 -0.0229911804199219 -0.0399017333984375
-0.228302001953125 0.0711669921875 -0.083953857421875 0.0110931396484375
-0.221466064453125 -0.109024047851562 -0.146957397460938 0.0426177978515625
-0.0749664306640625 -0.231231689453125 -0.2373046875 -0.0342559814453126
0.20416259765625 -0.156982421875 -0.257583618164062 -0.256790161132813
0.280624389648438 0.032440185546875 -0.043975830078125 -0.386016845703125
0.203689575195313 0.154464721679687 0.230453491210938 -0.195159912109375
0.162750244140625 0.129135131835938 -0.054290771484375 0.370849609375
0.155197143554687 -0.0118560791015625 0.0338134765625 0.479095458984375
0.0978469848632813 -0.108634948730469 0.331024169921875 0.4248046875
-0.02764892578125 -0.111167907714844 0.5023193359375 0.1881103515625
-0.095489501953125 -0.0327529907226563 0.46240234375 -0.110504150390625
-0.111213684082031 0.05621337890625 0.28662109375 -0.3018798828125
-0.0684967041015625 0.0740280151367188 0.109771728515625 -0.309417724609375
-0.0666580200195312 0.0625801086425781 0.0389251708984375 -0.20416259765625
-0.103462219238281 0.0844039916992188 0.0115585327148438 -0.101036071777344
-0.147903442382813 0.026336669921875 -0.017843246459961 -0.0297374725341797
-0.12689208984375 -0.09002685546875 -0.0853042602539063 0.0390472412109375
-0.0171356201171875 -0.146820068359375 -0.208572387695313 -0.00784301757812505
0.147689819335938 -0.0590972900390625 -0.260604858398438 -0.247451782226562
0.165725708007812 0.0511627197265625 -0.03070068359375 -0.388275146484375
0.114997863769531 0.104942321777344 0.253799438476563 -0.129119873046875
-0.0162267684936523 -0.0139703750610352 -0.268783569335938 0.128402709960938
-0.0310039520263672 -0.00498771667480469 0.0128173828125 0.396759033203125
-0.00255203247070312 -0.0239601135253906 0.29473876953125 0.22198486328125
-0.0204486846923828 -0.0018157958984375 0.213226318359375 -0.004241943359375
0.00295639038085938 0.0223751068115234 0.0393714904785156 -0.0458335876464844
0.0357513427734375 0.0015411376953125 -0.0385360717773438 0.028961181640625
0.0352668762207031 -0.0255699157714844 -0.0427322387695312 0.136505126953125
0.0219078063964844 -0.0318450927734375 -0.045196533203125 0.2291259765625
0.0228347778320312 -0.0200576782226562 -0.136383056640625 0.302581787109375
0.00850534439086914 -0.00751018524169922 -0.303680419921875 0.279510498046875
0.00632762908935547 0.000388622283935547 -0.44329833984375 0.163665771484375
0.00301122665405273 0.00772285461425781 -0.495391845703125 -0.099273681640625
-0.0247402191162109 0.0217914581298828 -0.350067138671875 -0.43389892578125
-0.0702362060546875 -0.0140914916992187 -0.136138916015625 -0.475982666015625
-0.0642852783203125 -0.07061767578125 0.0406494140625 -0.43304443359375
0.0840377807617188 0.083526611328125 -0.270889282226563 0.102432250976562
0.110160827636719 0.0154953002929687 -0.015472412109375 0.378326416015625
0.1031494140625 -0.101898193359375 0.267349243164063 0.243240356445313
-0.031341552734375 -0.123207092285156 0.206192016601563 0.0257110595703125
-0.0890960693359375 -0.0425262451171875 0.0589828491210938 -0.0307235717773438
-0.0779037475585937 0.0394821166992187 -0.0269126892089844 0.0333347320556641
-0.0295257568359375 0.0532417297363281 -0.0396804809570312 0.127166748046875
-0.0237388610839844 0.0308208465576172 -0.0419158935546875 0.219818115234375
-0.0275459289550781 0.0482177734375 -0.128082275390625 0.301422119140625
-0.0652351379394531 0.0425643920898438 -0.295745849609375 0.28546142578125
-0.077789306640625 -0.00895690917968751 -0.43072509765625 0.181610107421875
-0.0554275512695313 -0.0563011169433594 -0.493927001953125 -0.069976806640625
0.020355224609375 -0.0704421997070313 -0.37969970703125 -0.402740478515625
0.0568122863769531 -0.0407981872558594 -0.16748046875 -0.4718017578125
0.0521011352539063 -0.0070343017578125 0.0284423828125 -0.45269775390625
0.178863525390625 0.167236328125 -0.260574340820313 0.098907470703125
0.240570068359375 0.0204010009765625 -0.04949951171875 0.34991455078125
0.189605712890625 -0.181289672851562 0.218994140625 0.275283813476563
-0.0482177734375 -0.229721069335937 0.209075927734375 0.0880584716796875
-0.173049926757812 -0.0951995849609375 0.115364074707031 -0.00539398193359376
-0.176834106445313 0.0738525390625 0.0220012664794922 0.0143985748291016
-0.0859603881835938 0.122611999511719 -0.0172195434570313 0.0815277099609375
-0.0650100708007813 0.0875091552734375 -0.03179931640625 0.177139282226562
-0.0757827758789062 0.113304138183594 -0.116363525390625 0.270980834960938
-0.134788513183594 0.0918807983398437 -0.278610229492187 0.271408081054688
-0.159988403320313 -0.014862060546875 -0.40826416015625 0.1812744140625
-0.11517333984375 -0.116996765136719 -0.476287841796875 -0.054931640625
0.0608367919921875 -0.159194946289063 -0.385498046875 -0.37548828125
0.176528930664063 -0.066864013671875 -0.16986083984375 -0.461395263671875
0.16204833984375 0.052276611328125 0.040252685546875 -0.444854736328125
0.254806518554688 0.222854614257813 -0.238815307617187 0.122909545898437
0.3345947265625 0.001190185546875 -0.083160400390625 0.34185791015625
0.230682373046875 -0.251312255859375 0.181182861328125 0.3262939453125
-0.076873779296875 -0.29461669921875 0.240692138671875 0.162368774414062
-0.231613159179688 -0.117874145507813 0.201309204101562 0.010345458984375
-0.239166259765625 0.103607177734375 0.0950546264648438 -0.0317535400390625
-0.12359619140625 0.169464111328125 0.0151758193969726 0.0061635971069336
-0.0987472534179687 0.128555297851563 -0.0185546875 0.106864929199219
-0.116226196289063 0.1651611328125 -0.10308837890625 0.213226318359375
-0.1961669921875 0.129348754882812 -0.255096435546875 0.227264404296875
-0.233062744140625 -0.025390625 -0.368988037109375 0.155914306640625
-0.162109375 -0.177398681640625 -0.435394287109375 -0.054168701171875
0.104751586914063 -0.23358154296875 -0.3594970703125 -0.350921630859375
0.275543212890625 -0.080780029296875 -0.146209716796875 -0.445648193359375
0.244842529296875 0.104400634765625 0.078216552734375 -0.409149169921875
0.299407958984375 0.242645263671875 -0.202117919921875 0.172470092773438
0.36920166015625 -0.027496337890625 -0.09307861328125 0.36688232421875
0.222442626953125 -0.282318115234375 0.18359375 0.3875732421875
-0.101287841796875 -0.301666259765625 0.309173583984375 0.217987060546875
-0.25115966796875 -0.108169555664062 0.299072265625 0.000732421874999993
-0.25537109375 0.123748779296875 0.170578002929687 -0.101272583007812
-0.137557983398438 0.188705444335938 0.0488967895507812 -0.0852279663085937
-0.117645263671875 0.148391723632813 -0.00536727905273438 0.0211811065673828
-0.144805908203125 0.19293212890625 -0.0850601196289063 0.133522033691406
-0.240859985351563 0.140975952148437 -0.215728759765625 0.158767700195312
-0.280532836914063 -0.0502166748046874 -0.30780029296875 0.1119384765625
-0.178131103515625 -0.230484008789063 -0.371337890625 -0.0615234375000001
0.155044555664062 -0.2698974609375 -0.3157958984375 -0.319427490234375
0.337982177734375 -0.065948486328125 -0.10736083984375 -0.421234130859375
0.283111572265625 0.142852783203125 0.129302978515625 -0.350250244140625
0.297332763671875 0.22991943359375 -0.152389526367187 0.241455078125
0.33880615234375 -0.04254150390625 -0.067108154296875 0.410552978515625
0.184967041015625 -0.260665893554688 0.228729248046875 0.426177978515625
-0.100006103515625 -0.255538940429688 0.39105224609375 0.234222412109375
-0.226806640625 -0.0818328857421875 0.3819580078125 -0.0352783203125
-0.229629516601563 0.122299194335938 0.228652954101562 -0.180282592773438
-0.128982543945313 0.175079345703125 0.0751953125 -0.175613403320313
-0.118743896484375 0.14239501953125 0.00939941406249999 -0.0675582885742187
-0.155975341796875 0.187454223632813 -0.0581436157226563 0.0443305969238281
-0.255706787109375 0.120651245117188 -0.156814575195313 0.0813140869140625
-0.2796630859375 -0.0813598632812499 -0.225936889648438 0.0686798095703125
-0.145797729492188 -0.25592041015625 -0.294891357421875 -0.0530700683593751
0.197372436523438 -0.243972778320313 -0.27557373046875 -0.278701782226562
0.342041015625 -0.023712158203125 -0.0758056640625 -0.393646240234375
0.267227172851563 0.162307739257813 0.180557250976563 -0.275100708007813
0.251724243164063 0.186508178710937 -0.09613037109375 0.312744140625
0.2606201171875 -0.0376129150390625 -0.01275634765625 0.45123291015625
0.139129638671875 -0.197036743164062 0.290557861328125 0.428863525390625
-0.074188232421875 -0.185470581054688 0.4591064453125 0.2100830078125
-0.169387817382813 -0.0527801513671875 0.4329833984375 -0.080596923828125
-0.176559448242188 0.100906372070313 0.262130737304688 -0.252151489257813
-0.102828979492187 0.134689331054688 0.0911712646484375 -0.253646850585938
-0.101280212402344 0.111930847167969 0.02056884765625 -0.1463623046875
-0.141937255859375 0.149398803710938 -0.0246009826660156 -0.0391921997070313
-0.223297119140625 0.0778045654296875 -0.0842819213867188 0.013031005859375
-0.22454833984375 -0.0995941162109375 -0.141265869140625 0.0449066162109375
-0.0817413330078125 -0.229156494140625 -0.232666015625 -0.0270233154296875
0.2021484375 -0.163589477539062 -0.260879516601563 -0.242660522460937
0.280502319335938 0.0233612060546875 -0.05816650390625 -0.37957763671875
0.205535888671875 0.150833129882813 0.220977783203125 -0.1986083984375
0.16864013671875 0.124435424804688 -0.04510498046875 0.371917724609375
0.15576171875 -0.0145416259765625 0.0466003417968751 0.476470947265625
0.095001220703125 -0.111671447753906 0.34161376953125 0.40679931640625
-0.0313949584960938 -0.108894348144531 0.5015869140625 0.172027587890625
-0.0960159301757813 -0.0298004150390625 0.45361328125 -0.122039794921875
-0.108047485351563 0.0608291625976563 0.27362060546875 -0.306304931640625
-0.0658416748046875 0.0749359130859375 0.09515380859375 -0.30877685546875
-0.0677261352539062 0.0640945434570313 0.0304412841796875 -0.204345703125
-0.100090026855469 0.0864181518554687 0.00699615478515625 -0.10125732421875
-0.145095825195313 0.0304107666015625 -0.0191612243652344 -0.0302009582519531
-0.130577087402344 -0.0845413208007813 -0.0807952880859375 0.0401840209960937
-0.02130126953125 -0.146957397460938 -0.203521728515625 -0.000823974609374965
0.147491455078125 -0.064605712890625 -0.26361083984375 -0.232894897460938
0.166595458984375 0.046295166015625 -0.047027587890625 -0.382354736328125
0.115402221679688 0.103118896484375 0.244781494140625 -0.132186889648438
-0.0161905288696289 -0.0140218734741211 -0.27178955078125 0.129302978515625
-0.0316753387451172 -0.00329971313476563 0.024444580078125 0.400177001953125
-0.0044097900390625 -0.0247039794921875 0.306640625 0.21429443359375
-0.0224781036376953 0.000318527221679684 0.21514892578125 -0.0094451904296875
0.00346183776855469 0.0237541198730469 0.0368728637695313 -0.0433387756347656
0.0368461608886719 0.00262451171875 -0.0397224426269531 0.0337791442871094
0.0335807800292969 -0.0265979766845703 -0.0396957397460938 0.140464782714844
0.0190639495849609 -0.0330410003662109 -0.0392303466796875 0.232452392578125
0.0238513946533203 -0.0218486785888672 -0.129486083984375 0.311370849609375
0.00985240936279297 -0.00725460052490234 -0.301666259765625 0.29095458984375
0.00686883926391602 0.00195980072021484 -0.446624755859375 0.175323486328125
0.00155878067016601 0.00747489929199219 -0.504058837890625 -0.0909423828125
-0.0248394012451172 0.0212440490722656 -0.36383056640625 -0.434173583984375
-0.0719528198242188 -0.0129165649414063 -0.14764404296875 -0.483795166015625
-0.0659103393554687 -0.07098388671875 0.033782958984375 -0.447265625
0.0894393920898438 0.0845184326171875 -0.274322509765625 0.103927612304688
0.11328125 0.0150222778320312 -0.00473022460937502 0.3802490234375
0.102928161621094 -0.108283996582031 0.278335571289063 0.23577880859375
-0.0367889404296875 -0.124374389648438 0.208358764648438 0.0227203369140625
-0.0932998657226562 -0.0404205322265625 0.0577621459960937 -0.0290641784667969
-0.0780868530273437 0.0447540283203125 -0.026275634765625 0.0370101928710938
-0.0298347473144531 0.056732177734375 -0.0373077392578125 0.129852294921875
-0.0257854461669922 0.0313396453857422 -0.0359344482421875 0.223236083984375
-0.027435302734375 0.0490455627441406 -0.1209716796875 0.309112548828125
-0.0637130737304688 0.0456352233886719 -0.29345703125 0.29840087890625
-0.0796432495117188 -0.00476074218750001 -0.43389892578125 0.19464111328125
-0.058807373046875 -0.0555534362792969 -0.50341796875 -0.060516357421875
0.0186004638671875 -0.0736236572265625 -0.392852783203125 -0.401031494140625
0.05670166015625 -0.0433158874511719 -0.178924560546875 -0.480224609375
0.0536842346191406 -0.00727081298828125 0.01953125 -0.467071533203125
0.187744140625 0.16888427734375 -0.2633056640625 0.101028442382813
0.246658325195313 0.018310546875 -0.040985107421875 0.35284423828125
0.190887451171875 -0.19140625 0.22882080078125 0.269622802734375
-0.0556182861328125 -0.233016967773437 0.212554931640625 0.085479736328125
-0.178817749023438 -0.0936431884765625 0.115837097167969 -0.00539398193359376
-0.17681884765625 0.08099365234375 0.0244102478027344 0.0163440704345703
-0.0860061645507813 0.127006530761719 -0.0164718627929688 0.0833206176757813
-0.0683135986328125 0.089447021484375 -0.028350830078125 0.179107666015625
-0.0744476318359375 0.115859985351563 -0.109771728515625 0.2786865234375
-0.132118225097656 0.0970916748046875 -0.27862548828125 0.282562255859375
-0.163711547851562 -0.0088653564453125 -0.40985107421875 0.193206787109375
-0.120841979980469 -0.117393493652344 -0.484283447265625 -0.04522705078125
0.0588531494140625 -0.165481567382813 -0.39752197265625 -0.373382568359375
0.177841186523437 -0.072174072265625 -0.182464599609375 -0.46771240234375
0.165939331054688 0.0526123046875 0.031707763671875 -0.45806884765625
0.267318725585938 0.223892211914063 -0.240463256835937 0.126205444335937
0.342803955078125 -0.0040283203125 -0.0758056640625 0.34747314453125
0.23211669921875 -0.263931274414063 0.191070556640625 0.324493408203125
-0.0850830078125 -0.29827880859375 0.246810913085938 0.161758422851562
-0.239639282226562 -0.114303588867187 0.205398559570312 0.00814819335937499
-0.238784790039062 0.113845825195313 0.0976791381835937 -0.0337142944335937
-0.121871948242188 0.176422119140625 0.0143423080444336 0.00569438934326173
-0.102691650390625 0.133903503417969 -0.017059326171875 0.108009338378906
-0.114990234375 0.170089721679687 -0.098358154296875 0.2193603515625
-0.194046020507813 0.137252807617188 -0.256088256835938 0.2381591796875
-0.2381591796875 -0.01776123046875 -0.3709716796875 0.165435791015625
-0.169830322265625 -0.176956176757813 -0.443450927734375 -0.04632568359375
0.102874755859375 -0.2420654296875 -0.37152099609375 -0.347686767578125
0.279052734375 -0.087738037109375 -0.1578369140625 -0.451873779296875
0.251693725585938 0.102935791015625 0.0698547363281251 -0.420806884765625
0.312164306640625 0.2435302734375 -0.203262329101562 0.177993774414063
0.376739501953125 -0.033721923828125 -0.08660888671875 0.372802734375
0.223175048828125 -0.2965087890625 0.1947021484375 0.386077880859375
-0.110260009765625 -0.302947998046875 0.318206787109375 0.218597412109375
-0.258834838867188 -0.105377197265625 0.30364990234375 -0.00302124023437501
-0.25433349609375 0.134307861328125 0.1717529296875 -0.106216430664062
-0.135528564453125 0.195938110351563 0.0455322265625 -0.0869064331054688
-0.12066650390625 0.154586791992188 -0.00634956359863282 0.0204601287841797
-0.143234252929688 0.198715209960938 -0.0828628540039062 0.138320922851563
-0.239959716796875 0.150192260742188 -0.2181396484375 0.168975830078125
-0.286865234375 -0.04095458984375 -0.308990478515625 0.11968994140625
-0.18798828125 -0.231658935546875 -0.377349853515625 -0.055328369140625
0.154632568359375 -0.279617309570313 -0.324859619140625 -0.316314697265625
0.343536376953125 -0.07568359375 -0.1180419921875 -0.42694091796875
0.2900390625 0.143218994140625 0.121978759765625 -0.360504150390625
0.31097412109375 0.228302001953125 -0.151657104492188 0.248001098632813
0.34429931640625 -0.048797607421875 -0.060791015625 0.4190673828125
0.184585571289063 -0.27154541015625 0.24041748046875 0.426116943359375
-0.1077880859375 -0.256942749023438 0.400970458984375 0.231903076171875
-0.232498168945312 -0.07818603515625 0.3873291015625 -0.042144775390625
-0.227813720703125 0.131790161132813 0.229232788085938 -0.187591552734375
-0.127395629882812 0.1812744140625 0.0697021484375 -0.179977416992188
-0.120925903320313 0.148605346679688 0.00457382202148437 -0.0690994262695312
-0.1549072265625 0.193603515625 -0.0576667785644531 0.0457687377929688
-0.255722045898438 0.129562377929687 -0.15936279296875 0.0875701904296875
-0.287200927734375 -0.074676513671875 -0.227020263671875 0.0730133056640624
-0.156021118164063 -0.258453369140625 -0.298553466796875 -0.0479736328125001
0.1995849609375 -0.255538940429688 -0.283721923828125 -0.274932861328125
0.3487548828125 -0.03173828125 -0.084747314453125 -0.398406982421875
0.274154663085937 0.16290283203125 0.176483154296875 -0.285186767578125
0.263916015625 0.186309814453125 -0.0926513671875 0.322052001953125
0.264877319335938 -0.042755126953125 -0.00451660156250001 0.46044921875
0.138656616210938 -0.205795288085938 0.30108642578125 0.42755126953125
-0.0795135498046875 -0.185501098632813 0.469818115234375 0.207855224609375
-0.173171997070313 -0.0497894287109375 0.437774658203125 -0.089447021484375
-0.174911499023438 0.107345581054687 0.260406494140625 -0.261734008789063
-0.102760314941406 0.139472961425781 0.0828704833984375 -0.258255004882812
-0.103843688964844 0.1171875 0.0143585205078125 -0.149566650390625
-0.141876220703125 0.15496826171875 -0.0259208679199219 -0.0393905639648437
-0.225234985351563 0.085174560546875 -0.0872573852539063 0.0148849487304688
-0.233078002929688 -0.094207763671875 -0.1409912109375 0.0469207763671875
-0.0894775390625 -0.232879638671875 -0.234512329101563 -0.0219421386718751
0.205398559570313 -0.17364501953125 -0.2681884765625 -0.236495971679688
0.287200927734375 0.018463134765625 -0.068939208984375 -0.3824462890625
0.211868286132812 0.151947021484375 0.218338012695312 -0.206207275390625
0.177658081054688 0.124710083007813 -0.0401611328125 0.382568359375
0.158096313476563 -0.017547607421875 0.056915283203125 0.4842529296875
0.0963363647460938 -0.116836547851562 0.353118896484375 0.40576171875
-0.0345230102539063 -0.109237670898437 0.512481689453125 0.166961669921875
-0.0969390869140625 -0.0284500122070312 0.455657958984375 -0.1336669921875
-0.107635498046875 0.064910888671875 0.267669677734375 -0.316375732421875
-0.0662078857421875 0.0771102905273438 0.0875244140625 -0.314544677734375
-0.0714492797851563 0.066009521484375 0.0231475830078125 -0.208465576171875
-0.101463317871094 0.0904769897460938 0.00443267822265625 -0.103080749511719
-0.14776611328125 0.0351409912109375 -0.0208969116210938 -0.0318870544433594
-0.136466979980469 -0.0811538696289062 -0.0780487060546875 0.0402069091796875
-0.025543212890625 -0.150283813476563 -0.203277587890625 0.00526428222656246
0.151504516601563 -0.0692138671875 -0.2728271484375 -0.227645874023437
0.1705322265625 0.04351806640625 -0.058929443359375 -0.385162353515625
0.117546081542969 0.104583740234375 0.244613647460938 -0.137039184570313
-0.0168638229370117 -0.0142440795898437 -0.280441284179688 0.138198852539062
-0.0328426361083984 -0.00106048583984375 0.042633056640625 0.4105224609375
-0.00616455078125 -0.0264301300048828 0.326873779296875 0.20538330078125
-0.0240802764892578 0.00293350219726563 0.22198486328125 -0.018402099609375
0.00531578063964844 0.0252857208251953 0.03424072265625 -0.04205322265625
0.0398368835449219 0.00297164916992188 -0.040863037109375 0.0403289794921875
0.0326995849609375 -0.0288658142089844 -0.03521728515625 0.146881103515625
0.0158329010009766 -0.0350055694580078 -0.0301361083984375 0.241409301757813
0.0233097076416016 -0.02569580078125 -0.119598388671875 0.328948974609375
0.0104951858520508 -0.00702571868896484 -0.303192138671875 0.31414794921875
0.00763463973999024 0.00381374359130859 -0.457305908203125 0.197052001953125
0.00147056579589844 0.00798273086547851 -0.5245361328125 -0.07373046875
-0.0256690979003906 0.0216922760009766 -0.391387939453125 -0.43701171875
-0.0748443603515625 -0.0113296508789063 -0.170135498046875 -0.499359130859375
-0.0711746215820313 -0.07220458984375 0.019561767578125 -0.4718017578125
0.0973358154296875 0.0871810913085938 -0.282684326171875 0.110809326171875
0.118904113769531 0.0134811401367188 0.0111083984375 0.39093017578125
0.103927612304688 -0.11822509765625 0.2974853515625 0.230010986328125
-0.0433578491210938 -0.127548217773438 0.21575927734375 0.0160064697265625
-0.0984039306640625 -0.0383529663085937 0.0575637817382812 -0.0287971496582031
-0.0771331787109375 0.0512008666992188 -0.0252227783203125 0.042816162109375
-0.0293006896972656 0.06048583984375 -0.0336761474609375 0.13787841796875
-0.0284976959228516 0.0347576141357422 -0.0282440185546875 0.232391357421875
-0.027099609375 0.0503082275390625 -0.110687255859375 0.326690673828125
-0.0624427795410156 0.04986572265625 -0.2930908203125 0.3226318359375
-0.0826263427734375 0.000679016113281233 -0.44232177734375 0.21734619140625
-0.0647735595703125 -0.0552215576171875 -0.52215576171875 -0.0445251464843751
0.01629638671875 -0.078765869140625 -0.4207763671875 -0.403472900390625
0.0576210021972656 -0.0469169616699219 -0.203399658203125 -0.494720458984375
0.0559349060058594 -0.0084228515625 0.0040283203125 -0.491851806640625
0.203643798828125 0.172210693359375 -0.271270751953125 0.109237670898437
0.2584228515625 0.011138916015625 -0.02789306640625 0.363128662109375
0.193283081054688 -0.209320068359375 0.246810913085937 0.265960693359375
-0.0661468505859375 -0.23895263671875 0.223098754882813 0.0831298828125
-0.190231323242188 -0.0895996093749999 0.1201171875 -0.00706481933593751
-0.177261352539063 0.093505859375 0.0269603729248047 0.0169963836669922
-0.0838165283203125 0.137275695800781 -0.0146560668945313 0.0880661010742188
-0.0701522827148438 0.09844970703125 -0.0215911865234375 0.186996459960938
-0.0737152099609375 0.121864318847656 -0.100616455078125 0.29315185546875
-0.131134033203125 0.106361389160156 -0.27972412109375 0.305908203125
-0.169815063476563 -0.000167846679687463 -0.41741943359375 0.215301513671875
-0.13079833984375 -0.116622924804688 -0.50390625 -0.029052734375
0.0561981201171875 -0.1759033203125 -0.4251708984375 -0.371856689453125
0.183334350585938 -0.083770751953125 -0.206329345703125 -0.48236083984375
0.174758911132813 0.050201416015625 0.015350341796875 -0.483551025390625
0.28875732421875 0.22607421875 -0.246627807617187 0.136520385742188
0.357452392578125 -0.015380859375 -0.0652160644531249 0.35968017578125
0.2327880859375 -0.286956787109375 0.20709228515625 0.32489013671875
-0.100555419921875 -0.305328369140625 0.261550903320312 0.16241455078125
-0.25506591796875 -0.108963012695313 0.213638305664063 0.00382995605468749
-0.24041748046875 0.129638671875 0.102622985839844 -0.03753662109375
-0.119979858398437 0.189132690429688 0.0145196914672851 0.00762271881103517
-0.103042602539062 0.14471435546875 -0.0148773193359375 0.112884521484375
-0.112762451171875 0.180221557617188 -0.0917510986328125 0.231292724609375
-0.193161010742188 0.150283813476563 -0.257492065429688 0.259979248046875
-0.247787475585938 -0.00680541992187503 -0.378570556640625 0.186431884765625
-0.185226440429687 -0.177459716796875 -0.46197509765625 -0.033172607421875
0.0987548828125 -0.257156372070313 -0.396484375 -0.346893310546875
0.287872314453125 -0.103118896484375 -0.180816650390625 -0.46600341796875
0.26495361328125 0.101333618164063 0.055572509765625 -0.4432373046875
0.337249755859375 0.244354248046875 -0.204940795898437 0.19061279296875
0.391510009765625 -0.049072265625 -0.0766296386718749 0.3876953125
0.2220458984375 -0.31976318359375 0.21258544921875 0.391082763671875
-0.125823974609375 -0.310760498046875 0.33746337890625 0.217926025390625
-0.273025512695313 -0.0977935791015625 0.315673828125 -0.013214111328125
-0.2552490234375 0.149490356445313 0.176361083984375 -0.116775512695312
-0.132080078125 0.209640502929688 0.043121337890625 -0.090240478515625
-0.122055053710938 0.16656494140625 -0.00704574584960938 0.0222625732421875
-0.141647338867188 0.21160888671875 -0.0788726806640625 0.14752197265625
-0.241058349609375 0.1666259765625 -0.221099853515625 0.186126708984375
-0.300445556640625 -0.029083251953125 -0.3157958984375 0.13531494140625
-0.204986572265625 -0.233993530273438 -0.39337158203125 -0.044158935546875
0.151824951171875 -0.299530029296875 -0.346832275390625 -0.315704345703125
0.355743408203125 -0.092376708984375 -0.1390380859375 -0.43804931640625
0.308258056640625 0.1414794921875 0.113037109375 -0.381683349609375
0.333587646484375 0.22821044921875 -0.149276733398438 0.262969970703125
0.356658935546875 -0.063262939453125 -0.0487060546875 0.43634033203125
0.18292236328125 -0.293060302734375 0.261383056640625 0.431427001953125
-0.121444702148437 -0.262863159179688 0.426055908203125 0.22894287109375
-0.244857788085937 -0.0717926025390625 0.398834228515625 -0.05633544921875
-0.228607177734375 0.146240234375 0.2313232421875 -0.204025268554688
-0.124969482421875 0.194381713867188 0.0632476806640625 -0.186203002929688
-0.123687744140625 0.160293579101563 0.000350952148437494 -0.0712127685546875
-0.154190063476563 0.206680297851562 -0.0574111938476563 0.0509796142578125
-0.259292602539063 0.14520263671875 -0.163970947265625 0.098388671875
-0.302581787109375 -0.0628356933593749 -0.231292724609375 0.0838775634765625
-0.172698974609375 -0.263870239257813 -0.309326171875 -0.0401611328125001
0.20068359375 -0.275482177734375 -0.30133056640625 -0.271697998046875
0.362518310546875 -0.046051025390625 -0.1055908203125 -0.409881591796875
0.291534423828125 0.1634521484375 0.1708984375 -0.302642822265625
0.2838134765625 0.184173583984375 -0.085784912109375 0.338348388671875
0.27410888671875 -0.0538330078125 0.011444091796875 0.478912353515625
0.136566162109375 -0.221588134765625 0.324493408203125 0.431304931640625
-0.0880889892578125 -0.189010620117187 0.49554443359375 0.201080322265625
-0.181503295898438 -0.044677734375 0.44976806640625 -0.109649658203125
-0.174087524414063 0.119735717773438 0.259109497070313 -0.280990600585938
-0.100296020507813 0.149459838867188 0.073944091796875 -0.268585205078125
-0.106605529785156 0.127220153808594 0.007110595703125 -0.154495239257813
-0.142547607421875 0.166763305664063 -0.0291709899902344 -0.0403251647949219
-0.230255126953125 0.098602294921875 -0.0918197631835938 0.020263671875
-0.24627685546875 -0.0872650146484375 -0.141998291015625 0.052642822265625
-0.102645874023437 -0.240142822265625 -0.241226196289062 -0.0151977539062501
0.209869384765625 -0.189727783203125 -0.28472900390625 -0.233062744140625
0.300811767578125 0.009185791015625 -0.0882568359375 -0.392913818359375
0.224685668945313 0.153839111328125 0.2176513671875 -0.221649169921875
0.193023681640625 0.123199462890625 -0.0289001464843749 0.401092529296875
0.164443969726563 -0.02276611328125 0.0767517089843751 0.502166748046875
0.0959243774414062 -0.127578735351562 0.378814697265625 0.40789794921875
-0.0385894775390625 -0.111045837402344 0.537872314453125 0.1553955078125
-0.102180480957031 -0.0244598388671875 0.466552734375 -0.154998779296875
-0.106689453125 0.07269287109375 0.265625 -0.336822509765625
-0.0653762817382812 0.0838394165039063 0.07550048828125 -0.325592041015625
-0.0732345581054688 0.072509765625 0.012542724609375 -0.215377807617188
-0.102943420410156 0.0971908569335937 0.000267028808593737 -0.108055114746094
-0.151458740234375 0.04229736328125 -0.0242652893066406 -0.0320682525634766
-0.144699096679687 -0.078765869140625 -0.077056884765625 0.0435562133789063
-0.0313568115234375 -0.155471801757813 -0.207870483398438 0.013702392578125
0.157730102539063 -0.078094482421875 -0.290618896484375 -0.221160888671875
0.17889404296875 0.039886474609375 -0.078155517578125 -0.394683837890625
0.124649047851563 0.10589599609375 0.247894287109375 -0.149642944335938
-0.0177593231201172 -0.0129165649414062 -0.285980224609375 0.154876708984375
-0.0340995788574219 0.00233650207519531 0.0726318359375 0.416656494140625
-0.00984573364257812 -0.0276107788085938 0.352142333984375 0.18682861328125
-0.0257434844970703 0.00547790527343751 0.227279663085938 -0.0341033935546875
0.00807762145996094 0.0275592803955078 0.0320167541503906 -0.0417823791503906
0.0442657470703125 0.00160598754882813 -0.03948974609375 0.0483055114746094
0.0318183898925781 -0.0317192077636719 -0.025054931640625 0.1551513671875
0.0126457214355469 -0.0362434387207031 -0.0125579833984375 0.250991821289063
0.021759033203125 -0.0294895172119141 -0.099273681640625 0.348846435546875
0.0122308731079102 -0.00854873657226563 -0.2928466796875 0.347259521484375
0.00912666320800781 0.00565814971923828 -0.462066650390625 0.236114501953125
2.52723693847663E-05 0.00841283798217773 -0.549591064453125 -0.0422058105468749
-0.0264492034912109 0.0233001708984375 -0.433074951171875 -0.4295654296875
-0.0781326293945313 -0.00727081298828127 -0.208099365234375 -0.5115966796875
-0.0782699584960937 -0.071624755859375 -0.01031494140625 -0.49798583984375
0.108711242675781 0.0857162475585938 -0.289398193359375 0.127227783203125
0.126091003417969 0.00795745849609375 0.03875732421875 0.39990234375
0.10003662109375 -0.13214111328125 0.322418212890625 0.2135009765625
-0.0532608032226562 -0.129470825195313 0.224044799804688 0.00299072265624999
-0.105453491210938 -0.0324935913085938 0.0569877624511719 -0.0299758911132813
-0.072967529296875 0.0588302612304687 -0.0222244262695313 0.0482444763183594
-0.0259170532226563 0.0657005310058594 -0.0252685546875 0.146316528320313
-0.0294265747070312 0.0393409729003906 -0.0106048583984375 0.242080688476563
-0.0253677368164062 0.0533065795898438 -0.090179443359375 0.345794677734375
-0.0598602294921875 0.0563507080078125 -0.2841796875 0.356842041015625
-0.0838699340820313 0.00839996337890624 -0.444793701171875 0.255645751953125
-0.0708541870117188 -0.052581787109375 -0.543487548828125 -0.00997924804687494
0.0116043090820313 -0.0836334228515625 -0.46221923828125 -0.3900146484375
0.0572891235351563 -0.0534515380859375 -0.243316650390625 -0.50445556640625
0.05816650390625 -0.0115737915039063 -0.029388427734375 -0.518035888671875
0.225479125976563 0.168380737304688 -0.27740478515625 0.126556396484375
0.271087646484375 -0.002960205078125 -0.00433349609374996 0.374786376953125
0.187225341796875 -0.233718872070313 0.270614624023437 0.254974365234375
-0.083740234375 -0.24505615234375 0.235977172851563 0.072540283203125
-0.204757690429688 -0.0794830322265625 0.124053955078125 -0.0124130249023438
-0.174880981445312 0.109405517578125 0.0314178466796875 0.0167884826660156
-0.077056884765625 0.149551391601563 -0.00813293457031252 0.0940399169921875
-0.068511962890625 0.108894348144531 -0.0084991455078125 0.195098876953125
-0.06842041015625 0.13177490234375 -0.082977294921875 0.31072998046875
-0.126449584960937 0.119316101074219 -0.270416259765625 0.339630126953125
-0.175216674804688 0.01416015625 -0.4176025390625 0.252716064453125
-0.144699096679688 -0.110916137695313 -0.522857666015625 0.00277709960937488
0.0467681884765625 -0.18792724609375 -0.463653564453125 -0.35906982421875
0.185516357421875 -0.0986480712890625 -0.245269775390625 -0.491729736328125
0.186187744140625 0.0424346923828125 -0.015777587890625 -0.507965087890625
0.31793212890625 0.2200927734375 -0.249114990234375 0.154129028320313
0.372222900390625 -0.0369873046875 -0.044525146484375 0.373748779296875
0.223358154296875 -0.31781005859375 0.232879638671875 0.320037841796875
-0.12322998046875 -0.311492919921875 0.282501220703125 0.15380859375
-0.273208618164063 -0.095947265625 0.222259521484375 -0.0079193115234375
-0.237442016601562 0.149948120117188 0.104995727539063 -0.0463638305664063
-0.109756469726563 0.205947875976562 0.0160732269287109 0.00864601135253907
-0.099365234375 0.159561157226563 -0.00622558593750001 0.118492126464844
-0.105117797851563 0.194442749023438 -0.078338623046875 0.246551513671875
-0.18780517578125 0.169158935546875 -0.2510986328125 0.2908935546875
-0.256912231445313 0.0124664306640625 -0.379913330078125 0.219390869140625
-0.205352783203125 -0.171890258789062 -0.480865478515625 -0.004364013671875
0.087921142578125 -0.2762451171875 -0.43182373046875 -0.334014892578125
0.29376220703125 -0.126708984375 -0.217437744140625 -0.473785400390625
0.282135009765625 0.09124755859375 0.0271911621093751 -0.469085693359375
0.368408203125 0.234954833984375 -0.202728271484375 0.209426879882813
0.40386962890625 -0.074798583984375 -0.055328369140625 0.405975341796875
0.209930419921875 -0.351531982421875 0.2415771484375 0.3896484375
-0.149749755859375 -0.31427001953125 0.365264892578125 0.2086181640625
-0.29217529296875 -0.082427978515625 0.3277587890625 -0.033447265625
-0.2508544921875 0.17340087890625 0.176422119140625 -0.134033203125
-0.121627807617187 0.22735595703125 0.037841796875 -0.094757080078125
-0.117233276367187 0.184463500976563 -0.00629615783691407 0.0246486663818359
-0.133132934570312 0.229415893554688 -0.070831298828125 0.158309936523438
-0.237106323242188 0.189361572265625 -0.21820068359375 0.211502075195313
-0.313385009765625 -0.00631713867187496 -0.3179931640625 0.16265869140625
-0.229949951171875 -0.229156494140625 -0.410491943359375 -0.0195312500000001
0.140411376953125 -0.32330322265625 -0.378143310546875 -0.3045654296875
0.36614990234375 -0.119537353515625 -0.17486572265625 -0.447601318359375
0.32855224609375 0.131378173828125 0.090423583984375 -0.40631103515625
0.36553955078125 0.217620849609375 -0.138641357421875 0.28265380859375
0.366943359375 -0.0875244140625 -0.023590087890625 0.455413818359375
0.169952392578125 -0.3189697265625 0.2933349609375 0.429931640625
-0.142120361328125 -0.26458740234375 0.456939697265625 0.21380615234375
-0.258987426757813 -0.0567169189453125 0.411163330078125 -0.08392333984375
-0.223281860351563 0.166961669921875 0.226455688476562 -0.2275390625
-0.115142822265625 0.210845947265625 0.053131103515625 -0.195556640625
-0.119216918945313 0.177566528320313 -0.0059661865234375 -0.0727310180664062
-0.146743774414062 0.225631713867188 -0.0564994812011719 0.0564117431640625
-0.258407592773438 0.169891357421875 -0.166046142578125 0.11737060546875
-0.319427490234375 -0.04278564453125 -0.233535766601563 0.10162353515625
-0.198501586914063 -0.263763427734375 -0.322784423828125 -0.0214843750000001
0.193511962890625 -0.30242919921875 -0.328155517578125 -0.2618408203125
0.37701416015625 -0.07147216796875 -0.137420654296875 -0.41851806640625
0.312896728515625 0.154754638671875 0.156768798828125 -0.326171875
0.310089111328125 0.174591064453125 -0.0683593749999999 0.359954833984375
0.281524658203125 -0.07232666015625 0.041900634765625 0.4981689453125
0.12738037109375 -0.24163818359375 0.36114501953125 0.427154541015625
-0.103302001953125 -0.190185546875 0.5283203125 0.179290771484375
-0.191497802734375 -0.033172607421875 0.45867919921875 -0.141448974609375
-0.169677734375 0.135421752929688 0.250213623046875 -0.30853271484375
-0.0933685302734375 0.162338256835938 0.0576019287109375 -0.280685424804688
-0.103485107421875 0.141876220703125 -0.00453186035156252 -0.159332275390625
-0.13775634765625 0.182998657226563 -0.0331878662109375 -0.0401077270507812
-0.231552124023438 0.118545532226563 -0.0955657958984375 0.0288467407226562
-0.26220703125 -0.07183837890625 -0.14166259765625 0.062408447265625
-0.122772216796875 -0.24383544921875 -0.249160766601563 0.000137329101562496
0.209716796875 -0.213775634765625 -0.308502197265625 -0.220306396484375
0.31488037109375 -0.008819580078125 -0.119293212890625 -0.400360107421875
0.241989135742188 0.149276733398438 0.210067749023438 -0.243316650390625
0.211380004882813 0.116287231445313 -0.00497436523437499 0.4224853515625
0.168807983398438 -0.03369140625 0.111907958984375 0.518890380859375
0.090911865234375 -0.1409912109375 0.41619873046875 0.397552490234375
-0.04681396484375 -0.113548278808594 0.56793212890625 0.127685546875
-0.107101440429688 -0.0182952880859375 0.4749755859375 -0.190216064453125
-0.102775573730469 0.0831069946289062 0.2515869140625 -0.365081787109375
-0.0617828369140625 0.0917434692382813 0.054931640625 -0.3397216796875
-0.0730972290039063 0.08221435546875 -0.00343322753906248 -0.22247314453125
-0.101531982421875 0.108131408691406 -0.00830841064453125 -0.112945556640625
-0.154983520507813 0.05377197265625 -0.0285930633544922 -0.0317192077636719
-0.155502319335937 -0.0703887939453125 -0.0737533569335938 0.0489120483398437
-0.0432281494140625 -0.160202026367188 -0.211318969726563 0.02880859375
0.162750244140625 -0.093170166015625 -0.314483642578125 -0.20770263671875
0.189910888671875 0.031219482421875 -0.1094970703125 -0.402008056640625
0.134796142578125 0.10540771484375 0.247268676757813 -0.168487548828125
-0.0176811218261719 -0.0116119384765625 -0.281707763671875 0.17535400390625
-0.0340251922607422 0.00707435607910157 0.106658935546875 0.41192626953125
-0.0145244598388672 -0.027313232421875 0.37005615234375 0.154632568359375
-0.0265007019042969 0.00956916809082032 0.225677490234375 -0.0535736083984375
0.0108737945556641 0.0278759002685547 0.0278663635253906 -0.0413970947265625
0.0473823547363281 -0.00254058837890625 -0.0343055725097656 0.056488037109375
0.0289573669433594 -0.0341148376464844 -0.010955810546875 0.160140991210938
0.0087127685546875 -0.0368576049804688 0.0111846923828125 0.254547119140625
0.0190181732177734 -0.0325241088867188 -0.06756591796875 0.3616943359375
0.0123882293701172 -0.00988101959228516 -0.266815185546875 0.37969970703125
0.0105667114257813 0.00657463073730469 -0.447998046875 0.279571533203125
0.000347137451171875 0.00961685180664063 -0.557891845703125 0.00387573242187511
-0.0255985260009766 0.0247383117675781 -0.47393798828125 -0.400909423828125
-0.080841064453125 -0.00143432617187499 -0.253570556640625 -0.503448486328125
-0.0841064453125 -0.0662689208984375 -0.052978515625 -0.51031494140625
0.119010925292969 0.080047607421875 -0.287017822265625 0.147796630859375
0.129768371582031 -0.0005340576171875 0.070526123046875 0.3970947265625
0.0889739990234375 -0.143951416015625 0.34149169921875 0.18499755859375
-0.0651473999023437 -0.126754760742188 0.225616455078125 -0.0148468017578125
-0.109748840332031 -0.023162841796875 0.05462646484375 -0.0317955017089844
-0.0673179626464844 0.0652580261230469 -0.0177268981933594 0.0520591735839844
-0.0200958251953125 0.0698127746582031 -0.0115509033203125 0.15069580078125
-0.0273284912109375 0.0443038940429688 0.0117645263671875 0.245101928710938
-0.0221519470214844 0.0550270080566406 -0.059051513671875 0.35760498046875
-0.0541610717773437 0.0615425109863281 -0.25628662109375 0.387420654296875
-0.0833511352539062 0.0172882080078125 -0.427520751953125 0.2978515625
-0.0771255493164063 -0.0468521118164062 -0.549285888671875 0.0351867675781251
0.005035400390625 -0.08648681640625 -0.4984130859375 -0.358306884765625
0.0533790588378906 -0.06011962890625 -0.290313720703125 -0.493377685546875
0.0587501525878906 -0.0158195495605469 -0.07318115234375 -0.528106689453125
0.245574951171875 0.155731201171875 -0.274093627929688 0.14654541015625
0.2769775390625 -0.023101806640625 0.025421142578125 0.377044677734375
0.170135498046875 -0.255157470703125 0.2911376953125 0.233489990234375
-0.105575561523438 -0.241928100585937 0.244613647460938 0.056549072265625
-0.214645385742188 -0.0630035400390625 0.124343872070313 -0.0192489624023438
-0.165359497070313 0.125732421875 0.0340576171875 0.0139312744140625
-0.0644073486328125 0.158676147460938 -0.000137329101562503 0.09613037109375
-0.0614471435546875 0.118217468261719 0.0104522705078125 0.197311401367188
-0.059539794921875 0.138259887695313 -0.05511474609375 0.321685791015625
-0.115875244140625 0.130989074707031 -0.244110107421875 0.371185302734375
-0.17449951171875 0.03106689453125 -0.402679443359375 0.29302978515625
-0.1561279296875 -0.100128173828125 -0.52880859375 0.0456848144531251
0.03240966796875 -0.195571899414063 -0.4962158203125 -0.325897216796875
0.180130004882813 -0.116180419921875 -0.29278564453125 -0.4805908203125
0.1925048828125 0.030517578125 -0.06109619140625 -0.519012451171875
0.344512939453125 0.19964599609375 -0.242172241210937 0.172821044921875
0.375152587890625 -0.0672607421875 -0.0163269042968749 0.380096435546875
0.199432373046875 -0.34429931640625 0.256927490234375 0.305267333984375
-0.150726318359375 -0.30645751953125 0.2989501953125 0.134857177734375
-0.285308837890625 -0.0723266601562501 0.22491455078125 -0.0241851806640625
-0.22442626953125 0.172607421875 0.103713989257812 -0.056610107421875
-0.0926971435546875 0.218399047851563 0.0165081024169922 0.00818157196044923
-0.088470458984375 0.171981811523438 0.00474548339843751 0.120986938476563
-0.0906524658203125 0.206192016601563 -0.0563201904296875 0.256912231445313
-0.173904418945312 0.187713623046875 -0.228790283203125 0.3204345703125
-0.258193969726563 0.03753662109375 -0.364349365234375 0.25469970703125
-0.223129272460938 -0.15521240234375 -0.4862060546875 0.036773681640625
0.066802978515625 -0.289825439453125 -0.463470458984375 -0.30401611328125
0.28753662109375 -0.153106689453125 -0.263031005859375 -0.46343994140625
0.294830322265625 0.0718994140625 -0.0136108398437499 -0.481781005859375
0.39727783203125 0.210479736328125 -0.190216064453125 0.227325439453125
0.404052734375 -0.10693359375 -0.02398681640625 0.4146728515625
0.181243896484375 -0.377197265625 0.27264404296875 0.37493896484375
-0.17791748046875 -0.306793212890625 0.3883056640625 0.183746337890625
-0.303070068359375 -0.057373046875 0.330535888671875 -0.058929443359375
-0.2371826171875 0.195877075195313 0.167282104492187 -0.151885986328125
-0.102645874023438 0.2408447265625 0.0313949584960938 -0.0984954833984375
-0.104751586914063 0.198944091796875 -0.00308227539062501 0.026611328125
-0.116104125976562 0.244369506835938 -0.0582122802734375 0.166015625
-0.22198486328125 0.2130126953125 -0.203567504882813 0.238723754882813
-0.318023681640625 0.0220947265624999 -0.30755615234375 0.191009521484375
-0.25396728515625 -0.213058471679688 -0.416168212890625 0.013824462890625
0.118194580078125 -0.344207763671875 -0.40484619140625 -0.27789306640625
0.362274169921875 -0.1514892578125 -0.215545654296875 -0.439361572265625
0.344970703125 0.110198974609375 0.055450439453125 -0.422119140625
0.39227294921875 0.19354248046875 -0.1187744140625 0.298187255859375
0.365020751953125 -0.11724853515625 0.012054443359375 0.46466064453125
0.1434326171875 -0.339996337890625 0.32843017578125 0.4130859375
-0.165756225585938 -0.2567138671875 0.4840087890625 0.182586669921875
-0.267471313476563 -0.0341339111328125 0.409637451171875 -0.117706298828125
-0.210067749023437 0.187759399414063 0.210189819335938 -0.249755859375
-0.097259521484375 0.223480224609375 0.037139892578125 -0.201263427734375
-0.107513427734375 0.192367553710938 -0.0115737915039063 -0.0712814331054687
-0.130264282226563 0.242538452148437 -0.052490234375 0.063018798828125
-0.24542236328125 0.195068359375 -0.158721923828125 0.136978149414062
-0.32763671875 -0.013763427734375 -0.226913452148438 0.121978759765625
-0.224166870117187 -0.250961303710938 -0.326995849609375 0.00427246093749996
0.17529296875 -0.3271484375 -0.35101318359375 -0.23651123046875
0.377838134765625 -0.102874755859375 -0.176788330078125 -0.411956787109375
0.330780029296875 0.136566162109375 0.1287841796875 -0.345672607421875
0.332794189453125 0.153717041015625 -0.04022216796875 0.371551513671875
0.278915405273437 -0.095703125 0.0823974609375 0.50201416015625
0.107147216796875 -0.256927490234375 0.3975830078125 0.406005859375
-0.120193481445313 -0.185409545898438 0.5509033203125 0.139556884765625
-0.19598388671875 -0.0162811279296875 0.4515380859375 -0.180572509765625
-0.156768798828125 0.15093994140625 0.225830078125 -0.33203125
-0.0792388916015625 0.173248291015625 0.033355712890625 -0.28662109375
-0.09539794921875 0.154953002929688 -0.018829345703125 -0.15875244140625
-0.125396728515625 0.198318481445313 -0.0380744934082031 -0.0369529724121094
-0.224105834960937 0.140167236328125 -0.0955352783203125 0.0402145385742187
-0.272323608398437 -0.0498046875 -0.136520385742188 0.0735092163085938
-0.14599609375 -0.237945556640625 -0.24884033203125 0.020843505859375
0.199417114257812 -0.237335205078125 -0.328582763671875 -0.195404052734375
0.320343017578125 -0.03448486328125 -0.156951904296875 -0.393646240234375
0.257492065429688 0.135910034179688 0.192367553710938 -0.263320922851563
0.226455688476562 0.100616455078125 0.029632568359375 0.432342529296875
0.168350219726563 -0.04669189453125 0.15704345703125 0.519622802734375
0.079071044921875 -0.151779174804688 0.450958251953125 0.369781494140625
-0.056365966796875 -0.1121826171875 0.5867919921875 0.08551025390625
-0.109977722167969 -0.00899505615234374 0.461883544921875 -0.231109619140625
-0.094146728515625 0.0921707153320312 0.222412109375 -0.390045166015625
-0.0544357299804688 0.0990447998046875 0.02508544921875 -0.3466796875
-0.0686798095703125 0.0924072265625 -0.0235443115234375 -0.223037719726563
-0.094940185546875 0.118515014648437 -0.0193099975585938 -0.114082336425781
-0.152328491210938 0.0675201416015625 -0.0329208374023438 -0.0288257598876953
-0.163833618164063 -0.056854248046875 -0.0683746337890625 0.053253173828125
-0.0576171875 -0.159423828125 -0.2073974609375 0.0470733642578125
0.160629272460938 -0.109710693359375 -0.3341064453125 -0.18115234375
0.1954345703125 0.0168304443359375 -0.147491455078125 -0.39508056640625
0.143829345703125 0.0992431640625 0.236862182617188 -0.188385009765625
-0.0169477462768555 -0.0104188919067383 -0.270172119140625 0.18865966796875
-0.0323028564453125 0.0106906890869141 0.13446044921875 0.394805908203125
-0.0186614990234375 -0.0258312225341797 0.373016357421875 0.1220703125
-0.0257549285888672 0.012237548828125 0.21673583984375 -0.0690460205078125
0.0140705108642578 0.0276870727539063 0.0249481201171875 -0.0386466979980469
0.0499763488769531 -0.00650405883789062 -0.0283355712890625 0.0609664916992187
0.0260696411132813 -0.0352592468261719 0.00125122070312501 0.157623291015625
0.00511550903320313 -0.0355682373046875 0.031402587890625 0.247512817382813
0.0152168273925781 -0.034454345703125 -0.036041259765625 0.3607177734375
0.0126276016235352 -0.0113592147827148 -0.231292724609375 0.394378662109375
0.0128355026245117 0.00735092163085938 -0.418609619140625 0.310394287109375
-0.000304222106933595 0.0104436874389648 -0.546478271484375 0.0439453125
-0.0241432189941406 0.0256137847900391 -0.49468994140625 -0.361358642578125
-0.081024169921875 0.00331115722656249 -0.28851318359375 -0.48004150390625
-0.0880584716796875 -0.05938720703125 -0.09112548828125 -0.50341796875
0.126655578613281 0.071624755859375 -0.277618408203125 0.16290283203125
0.130569458007813 -0.00753021240234375 0.095977783203125 0.38348388671875
0.076568603515625 -0.149215698242188 0.34735107421875 0.154571533203125
-0.0742645263671875 -0.120445251464844 0.219985961914063 -0.03076171875
-0.109466552734375 -0.014129638671875 0.0519294738769531 -0.031982421875
-0.0576934814453125 0.0688285827636719 -0.0119438171386719 0.0547904968261719
-0.014190673828125 0.0709686279296875 0.000640869140625011 0.149459838867188
-0.0242576599121094 0.0470085144042969 0.032928466796875 0.239044189453125
-0.0192184448242188 0.0562324523925781 -0.02862548828125 0.355194091796875
-0.0475883483886719 0.0637283325195313 -0.2213134765625 0.40435791015625
-0.0794906616210937 0.024932861328125 -0.398590087890625 0.325531005859375
-0.0800247192382813 -0.0396194458007813 -0.536376953125 0.0739746093750001
-0.00222015380859374 -0.08740234375 -0.515899658203125 -0.318267822265625
0.0481910705566406 -0.0637397766113281 -0.322906494140625 -0.469024658203125
0.0575294494628906 -0.0188369750976563 -0.11358642578125 -0.519775390625
0.257827758789063 0.137298583984375 -0.26397705078125 0.160140991210938
0.274993896484375 -0.03936767578125 0.050323486328125 0.3656005859375
0.1485595703125 -0.266250610351563 0.30023193359375 0.207916259765625
-0.1219482421875 -0.23187255859375 0.24407958984375 0.0391387939453125
-0.216156005859375 -0.0462799072265625 0.122634887695313 -0.0258255004882813
-0.151107788085937 0.135345458984375 0.0352439880371094 0.0119400024414063
-0.0499114990234375 0.161666870117187 0.00762176513671874 0.0949249267578125
-0.052734375 0.122833251953125 0.026519775390625 0.192535400390625
-0.04888916015625 0.140327453613281 -0.028289794921875 0.3192138671875
-0.102577209472656 0.137245178222656 -0.211395263671875 0.385894775390625
-0.16827392578125 0.0451812744140625 -0.372802734375 0.318695068359375
-0.161758422851563 -0.0862884521484375 -0.51470947265625 0.0831909179687499
0.0176239013671875 -0.197036743164063 -0.511260986328125 -0.287872314453125
0.168975830078125 -0.128829956054688 -0.324615478515625 -0.45416259765625
0.192901611328125 0.0186309814453125 -0.09954833984375 -0.510101318359375
0.35845947265625 0.17449951171875 -0.229644775390625 0.186386108398437
0.368316650390625 -0.090728759765625 0.00936889648437505 0.373016357421875
0.170623779296875 -0.35626220703125 0.271820068359375 0.28216552734375
-0.1715087890625 -0.293548583984375 0.305450439453125 0.11456298828125
-0.286346435546875 -0.05010986328125 0.221038818359375 -0.0371856689453125
-0.205795288085937 0.184539794921875 0.0974578857421875 -0.0639495849609375
-0.07342529296875 0.222625732421875 0.0179462432861328 0.00641250610351564
-0.0747222900390625 0.178787231445313 0.0152816772460938 0.118011474609375
-0.0753021240234375 0.209884643554687 -0.035400390625 0.256622314453125
-0.155715942382813 0.196670532226562 -0.19927978515625 0.33782958984375
-0.250717163085938 0.0573883056640625 -0.339630126953125 0.27978515625
-0.231353759765625 -0.136444091796875 -0.474395751953125 0.0701293945312499
0.045745849609375 -0.29296875 -0.4775390625 -0.2664794921875
0.274032592773438 -0.173858642578125 -0.29461669921875 -0.4400634765625
0.29620361328125 0.0535888671875 -0.0514221191406249 -0.475830078125
0.411468505859375 0.18109130859375 -0.172805786132812 0.235671997070313
0.392791748046875 -0.132110595703125 0.00421142578125003 0.4111328125
0.15008544921875 -0.3851318359375 0.292266845703125 0.352996826171875
-0.1973876953125 -0.29119873046875 0.397735595703125 0.156768798828125
-0.301971435546875 -0.033294677734375 0.321533203125 -0.080169677734375
-0.216293334960938 0.208953857421875 0.1539306640625 -0.16265869140625
-0.0820159912109375 0.245132446289063 0.0233230590820312 -0.0986709594726563
-0.089202880859375 0.206832885742188 -0.000879287719726567 0.0260086059570313
-0.097412109375 0.2498779296875 -0.044525146484375 0.168930053710938
-0.200790405273438 0.22625732421875 -0.1810302734375 0.2557373046875
-0.31048583984375 0.047637939453125 -0.287322998046875 0.210784912109375
-0.265823364257813 -0.19140625 -0.407135009765625 0.0431518554687499
0.09210205078125 -0.3515625 -0.417266845703125 -0.243743896484375
0.3468017578125 -0.176727294921875 -0.247894287109375 -0.418426513671875
0.349517822265625 0.08917236328125 0.020965576171875 -0.4208984375
0.404693603515625 0.1632080078125 -0.09783935546875 0.302825927734375
0.3521728515625 -0.140228271484375 0.043701171875 0.45672607421875
0.114776611328125 -0.346832275390625 0.3497314453125 0.385223388671875
-0.182113647460938 -0.241348266601563 0.490447998046875 0.147003173828125
-0.265243530273437 -0.0131988525390624 0.39495849609375 -0.1451416015625
-0.188644409179687 0.198196411132813 0.187469482421875 -0.261062622070313
-0.0782623291015625 0.22674560546875 0.0208892822265625 -0.199478149414062
-0.092437744140625 0.2001953125 -0.0168609619140625 -0.0686874389648438
-0.111648559570312 0.249404907226563 -0.0473213195800781 0.0668601989746094
-0.226593017578125 0.210357666015625 -0.144180297851562 0.152252197265625
-0.32281494140625 0.012115478515625 -0.213409423828125 0.135772705078125
-0.23992919921875 -0.231781005859375 -0.318939208984375 0.0262756347656249
0.150543212890625 -0.339935302734375 -0.361053466796875 -0.207977294921875
0.3675537109375 -0.1290283203125 -0.206756591796875 -0.39141845703125
0.335968017578125 0.116241455078125 0.09967041015625 -0.349212646484375
0.34259033203125 0.12713623046875 -0.0135803222656249 0.3707275390625
0.2677001953125 -0.11212158203125 0.11761474609375 0.4903564453125
0.085052490234375 -0.2613525390625 0.41717529296875 0.37451171875
-0.13140869140625 -0.174041748046875 0.5557861328125 0.1004638671875
-0.192718505859375 -0.000640869140624965 0.431549072265625 -0.20892333984375
-0.141281127929688 0.158905029296875 0.196624755859375 -0.343109130859375
-0.064544677734375 0.17559814453125 0.01214599609375 -0.28277587890625
-0.0830841064453125 0.162124633789063 -0.0316619873046875 -0.153091430664063
-0.1099853515625 0.205657958984375 -0.0415878295898438 -0.0330276489257812
-0.21026611328125 0.155731201171875 -0.0907974243164063 0.0505523681640625
-0.272216796875 -0.0273590087890625 -0.127464294433594 0.0795059204101562
-0.161529541015625 -0.224945068359375 -0.23980712890625 0.037017822265625
0.182403564453125 -0.252609252929688 -0.334808349609375 -0.16693115234375
0.316131591796875 -0.0565185546875 -0.185455322265625 -0.373443603515625
0.263916015625 0.121917724609375 0.1689453125 -0.271820068359375
0.233383178710938 0.0824127197265625 0.0594482421875 0.4271240234375
0.1629638671875 -0.0565948486328125 0.191864013671875 0.502655029296875
0.0652313232421875 -0.155792236328125 0.46954345703125 0.336212158203125
-0.0633544921875 -0.106529235839844 0.58563232421875 0.0433349609375
-0.107627868652344 6.10351562499942E-05 0.438232421875 -0.25909423828125
-0.0844345092773437 0.0964508056640625 0.1890869140625 -0.398162841796875
-0.0453262329101563 0.100677490234375 -0.00131225585937497 -0.339569091796875
-0.0625762939453125 0.0976028442382813 -0.0410308837890625 -0.216278076171875
-0.0869598388671875 0.124542236328125 -0.029296875 -0.109542846679687
-0.145599365234375 0.077972412109375 -0.0336532592773438 -0.0240058898925781
-0.165206909179687 -0.0437469482421875 -0.0607566833496094 0.0548934936523437
-0.0675048828125 -0.153167724609375 -0.196548461914063 0.060638427734375
0.153701782226563 -0.123565673828125 -0.34100341796875 -0.151763916015625
0.19512939453125 0.0045623779296875 -0.177459716796875 -0.37481689453125
0.148040771484375 0.0917816162109375 0.21881103515625 -0.200424194335938
-0.0147428512573242 -0.0102958679199219 -0.262619018554688 0.194107055664063
-0.0284042358398438 0.0110511779785156 0.146087646484375 0.377777099609375
-0.0201072692871094 -0.0227165222167969 0.366943359375 0.100555419921875
-0.0258903503417969 0.0148963928222656 0.207290649414063 -0.077056884765625
0.0160579681396484 0.0275115966796875 0.0248527526855469 -0.0350608825683594
0.0506935119628906 -0.010528564453125 -0.0222244262695312 0.0637435913085938
0.0248298645019531 -0.0355567932128906 0.00857543945312501 0.154251098632812
0.00292015075683594 -0.0337619781494141 0.044281005859375 0.237655639648438
0.0120143890380859 -0.0342731475830078 -0.016326904296875 0.35211181640625
0.012324333190918 -0.010711669921875 -0.20672607421875 0.3975830078125
0.0147314071655273 0.00719547271728516 -0.394378662109375 0.320709228515625
0.000654220581054687 0.0102567672729492 -0.53045654296875 0.0636596679687499
-0.0244865417480469 0.0251235961914062 -0.49957275390625 -0.333953857421875
-0.0792388916015625 0.00756835937499999 -0.304443359375 -0.459869384765625
-0.0873794555664063 -0.0551071166992187 -0.1138916015625 -0.491241455078125
0.131011962890625 0.0649337768554688 -0.269821166992188 0.16802978515625
0.130226135253906 -0.0133438110351562 0.10980224609375 0.3673095703125
0.067474365234375 -0.150100708007813 0.342987060546875 0.13519287109375
-0.0786895751953125 -0.115089416503906 0.212387084960937 -0.0388641357421875
-0.107231140136719 -0.00838470458984373 0.0499916076660156 -0.0297279357910156
-0.0521163940429688 0.0684814453125 -0.00875854492187501 0.0557365417480469
-0.009429931640625 0.0704727172851562 0.00721740722656251 0.145584106445313
-0.02288818359375 0.0489044189453125 0.0436859130859375 0.2288818359375
-0.0166397094726563 0.0544776916503906 -0.00933837890625001 0.347015380859375
-0.0423431396484375 0.0638427734375 -0.194732666015625 0.407928466796875
-0.0742340087890625 0.0285873413085937 -0.372283935546875 0.3359375
-0.0806961059570312 -0.0352706909179688 -0.519256591796875 0.0946960449218749
-0.00642395019531249 -0.0863189697265625 -0.517120361328125 -0.2913818359375
0.04278564453125 -0.0642280578613281 -0.33740234375 -0.44622802734375
0.0565223693847656 -0.0195732116699219 -0.136444091796875 -0.507232666015625
0.262298583984375 0.124954223632812 -0.255126953125 0.165054321289063
0.269180297851563 -0.0490570068359375 0.0634765625 0.35308837890625
0.133316040039063 -0.267868041992188 0.299102783203125 0.189483642578125
-0.1314697265625 -0.2235107421875 0.240280151367188 0.029510498046875
-0.213714599609375 -0.0352783203125 0.119331359863281 -0.0271453857421875
-0.139579772949219 0.136871337890625 0.0354118347167969 0.0105247497558594
-0.0409393310546875 0.159957885742188 0.0116500854492188 0.0928573608398438
-0.0471649169921875 0.124031066894531 0.036529541015625 0.185134887695313
-0.0424728393554688 0.139976501464844 -0.01068115234375 0.31292724609375
-0.0933380126953125 0.137771606445313 -0.1844482421875 0.390960693359375
-0.160598754882813 0.0531005859375 -0.3482666015625 0.32830810546875
-0.162139892578125 -0.0768280029296875 -0.49853515625 0.10247802734375
0.00909423828125001 -0.19549560546875 -0.511505126953125 -0.260040283203125
0.160308837890625 -0.134109497070313 -0.340087890625 -0.4315185546875
0.190841674804688 0.01226806640625 -0.12359619140625 -0.496429443359375
0.362762451171875 0.156341552734375 -0.219497680664062 0.189666748046875
0.358489990234375 -0.102386474609375 0.025238037109375 0.362701416015625
0.151611328125 -0.357086181640625 0.275619506835938 0.264801025390625
-0.182449340820312 -0.28094482421875 0.304931640625 0.10052490234375
-0.28253173828125 -0.036285400390625 0.216094970703125 -0.043853759765625
-0.191757202148438 0.188217163085937 0.0930938720703125 -0.0661087036132812
-0.060943603515625 0.219955444335938 0.0170536041259766 0.00558567047119142
-0.0662841796875 0.179794311523438 0.0207443237304688 0.113258361816406
-0.065521240234375 0.209014892578125 -0.0208587646484375 0.251434326171875
-0.141433715820313 0.1998291015625 -0.17633056640625 0.343475341796875
-0.240768432617188 0.0681915283203125 -0.318145751953125 0.28955078125
-0.232406616210938 -0.12322998046875 -0.45867919921875 0.087890625
0.031646728515625 -0.29107666015625 -0.47607421875 -0.2432861328125
0.259857177734375 -0.181564331054687 -0.308929443359375 -0.41729736328125
0.29364013671875 0.044677734375 -0.0726318359374999 -0.463531494140625
0.41424560546875 0.160400390625 -0.162506103515625 0.238754272460938
0.379150390625 -0.14422607421875 0.0198364257812501 0.399993896484375
0.129852294921875 -0.38446044921875 0.297821044921875 0.3353271484375
-0.206802368164063 -0.277679443359375 0.398223876953125 0.13836669921875
-0.2969970703125 -0.019317626953125 0.31121826171875 -0.090179443359375
-0.19970703125 0.211471557617188 0.142105102539063 -0.1641845703125
-0.067718505859375 0.24188232421875 0.0178375244140625 -0.0967559814453125
-0.0792236328125 0.207672119140625 0.00121116638183593 0.0255966186523438
-0.084259033203125 0.249542236328125 -0.03460693359375 0.16778564453125
-0.184967041015625 0.231185913085938 -0.161712646484375 0.261917114257813
-0.300384521484375 0.06201171875 -0.271820068359375 0.218551635742188
-0.2691650390625 -0.175155639648438 -0.394256591796875 0.057098388671875
0.074462890625 -0.351287841796875 -0.41510009765625 -0.22100830078125
0.332672119140625 -0.1878662109375 -0.26226806640625 -0.395721435546875
0.34625244140625 0.076171875 3.05175781250346E-05 -0.4111328125
0.40582275390625 0.142364501953125 -0.0847778320312499 0.300811767578125
0.3388671875 -0.149017333984375 0.06121826171875 0.444488525390625
0.096588134765625 -0.343994140625 0.357208251953125 0.3656005859375
-0.188461303710937 -0.229141235351562 0.4888916015625 0.125335693359375
-0.25836181640625 -0.00027465820312496 0.379913330078125 -0.15618896484375
-0.173690795898438 0.200759887695313 0.170150756835938 -0.2628173828125
-0.0642547607421875 0.224380493164063 0.0110321044921875 -0.193923950195313
-0.082916259765625 0.202682495117188 -0.0196418762207031 -0.0651016235351562
-0.0986480712890625 0.250076293945313 -0.0435066223144531 0.0687446594238281
-0.21044921875 0.21697998046875 -0.131729125976563 0.15960693359375
-0.315521240234375 0.027557373046875 -0.201263427734375 0.139785766601563
-0.245452880859375 -0.217086791992188 -0.307952880859375 0.037322998046875
0.133514404296875 -0.343597412109375 -0.3587646484375 -0.18792724609375
0.35565185546875 -0.143157958984375 -0.220367431640625 -0.370574951171875
0.33489990234375 0.10516357421875 0.080169677734375 -0.343994140625
0.34417724609375 0.109283447265625 0.000427246093750044 0.365234375
0.258209228515625 -0.11895751953125 0.134979248046875 0.476470947265625
0.070159912109375 -0.259033203125 0.42315673828125 0.350860595703125
-0.13665771484375 -0.16552734375 0.549530029296875 0.076751708984375
-0.187973022460937 0.00848388671875 0.4117431640625 -0.222412109375
-0.128250122070313 0.1590576171875 0.175323486328125 -0.34173583984375
-0.0538787841796875 0.17401123046875 -0.00163269042968748 -0.2738037109375
-0.07501220703125 0.164947509765625 -0.0378875732421875 -0.147628784179688
-0.099365234375 0.20758056640625 -0.0421218872070313 -0.0287895202636719
-0.198501586914063 0.162445068359375 -0.0842437744140625 0.0568008422851563
-0.267745971679688 -0.0138702392578125 -0.120155334472656 0.0816574096679688
-0.168167114257813 -0.215255737304688 -0.229583740234375 0.0449676513671875
0.169937133789063 -0.259170532226563 -0.331451416015625 -0.1485595703125
0.308685302734375 -0.06939697265625 -0.199737548828125 -0.353912353515625
0.264190673828125 0.113250732421875 0.152099609375 -0.27020263671875
0.234512329101563 0.070037841796875 0.07666015625 0.4168701171875
0.156051635742188 -0.0596466064453125 0.20867919921875 0.486114501953125
0.0546875 -0.154403686523438 0.471771240234375 0.311279296875
-0.06634521484375 -0.102378845214844 0.576171875 0.01806640625
-0.103660583496094 0.00463867187500001 0.415313720703125 -0.27008056640625
-0.075347900390625 0.0960006713867187 0.1656494140625 -0.395294189453125
-0.0389251708984375 0.0989990234375 -0.017242431640625 -0.32916259765625
-0.05731201171875 0.100341796875 -0.051727294921875 -0.207122802734375
-0.0813751220703125 0.127395629882813 -0.0345687866210937 -0.105026245117187
-0.139915466308594 0.0828781127929688 -0.0336151123046875 -0.0199184417724609
-0.1636962890625 -0.0351104736328125 -0.0559921264648438 0.0534591674804687
-0.07244873046875 -0.149093627929688 -0.186126708984375 0.0667877197265625
0.146820068359375 -0.130157470703125 -0.33746337890625 -0.131927490234375
0.192031860351563 -0.0035552978515625 -0.191131591796875 -0.354461669921875
0.14794921875 0.0886383056640625 0.206756591796875 -0.201766967773437
-0.0139923095703125 -0.012451171875 -0.262603759765625 0.197052001953125
-0.0267848968505859 0.0119113922119141 0.150543212890625 0.36920166015625
-0.0224285125732422 -0.0227298736572266 0.363555908203125 0.091033935546875
-0.0270709991455078 0.0180988311767578 0.20263671875 -0.0807037353515625
0.0173244476318359 0.0274009704589844 0.0244789123535156 -0.0324344635009766
0.0509872436523438 -0.0140914916992188 -0.0189132690429687 0.06561279296875
0.0239601135253906 -0.0363922119140625 0.012420654296875 0.152786254882813
0.00109672546386719 -0.0323467254638672 0.050445556640625 0.230865478515625
0.00927352905273438 -0.0334968566894531 -0.00546264648437501 0.347869873046875
0.0126791000366211 -0.012150764465332 -0.192626953125 0.400482177734375
0.0165119171142578 0.0070037841796875 -0.38262939453125 0.32769775390625
-0.00110435485839844 0.0110340118408203 -0.524658203125 0.0720825195312499
-0.0249919891357422 0.0247802734375 -0.502105712890625 -0.32354736328125
-0.0788040161132813 0.00833129882812501 -0.31292724609375 -0.452972412109375
-0.0870285034179688 -0.0550003051757813 -0.12506103515625 -0.489959716796875
0.134536743164062 0.0608749389648437 -0.269454956054688 0.16998291015625
0.132255554199219 -0.0139312744140625 0.11431884765625 0.361358642578125
0.0639190673828125 -0.152481079101562 0.34149169921875 0.125518798828125
-0.0824356079101563 -0.11248779296875 0.209503173828125 -0.0429534912109375
-0.107513427734375 -0.00579833984375 0.0505561828613281 -0.0287895202636719
-0.05010986328125 0.0673484802246094 -0.00601577758789063 0.0572967529296875
-0.00732803344726562 0.06982421875 0.010406494140625 0.144790649414062
-0.0217971801757813 0.0508651733398438 0.0503082275390625 0.223709106445313
-0.0169105529785156 0.0558547973632813 0.00112915039062501 0.3421630859375
-0.0402450561523438 0.0635948181152344 -0.18194580078125 0.410675048828125
-0.0715713500976563 0.0306472778320313 -0.36083984375 0.342529296875
-0.0815505981445313 -0.0317916870117187 -0.5135498046875 0.10089111328125
-0.0104827880859375 -0.0877304077148438 -0.51885986328125 -0.2818603515625
0.0419082641601562 -0.0651512145996094 -0.3477783203125 -0.438446044921875
0.0572319030761719 -0.0203399658203125 -0.147613525390625 -0.502899169921875
0.2685546875 0.119461059570313 -0.253890991210938 0.16766357421875
0.271347045898438 -0.0531158447265625 0.067962646484375 0.34857177734375
0.127532958984375 -0.270477294921875 0.298980712890625 0.18231201171875
-0.137435913085938 -0.219573974609375 0.239532470703125 0.0254974365234375
-0.21417236328125 -0.0306549072265625 0.11956787109375 -0.0269622802734375
-0.135726928710938 0.136695861816406 0.036376953125 0.0112037658691406
-0.0359649658203125 0.159530639648438 0.0127334594726562 0.0921630859375
-0.0442352294921875 0.126457214355469 0.0410614013671875 0.179977416992188
-0.040252685546875 0.141860961914063 -0.000854492187499988 0.3092041015625
-0.0886001586914063 0.138298034667969 -0.169586181640625 0.394256591796875
-0.157073974609375 0.0561676025390625 -0.33746337890625 0.333160400390625
-0.16290283203125 -0.072906494140625 -0.492462158203125 0.109344482421875
0.00312805175781252 -0.196731567382813 -0.51409912109375 -0.24993896484375
0.155181884765625 -0.136764526367188 -0.3494873046875 -0.422607421875
0.191970825195313 0.0106201171875 -0.13555908203125 -0.492401123046875
0.366943359375 0.148773193359375 -0.216796875 0.191925048828125
0.3577880859375 -0.106964111328125 0.029815673828125 0.35888671875
0.142822265625 -0.358734130859375 0.2762451171875 0.259918212890625
-0.188827514648437 -0.27642822265625 0.305908203125 0.095184326171875
-0.28204345703125 -0.02960205078125 0.215042114257813 -0.04541015625
-0.186065673828125 0.189468383789063 0.08978271484375 -0.0676345825195312
-0.0544586181640625 0.219070434570313 0.0165081024169922 0.00537967681884767
-0.06207275390625 0.18267822265625 0.0237884521484375 0.110054016113281
-0.0608367919921875 0.210006713867188 -0.0136260986328125 0.249771118164063
-0.13470458984375 0.199920654296875 -0.16168212890625 0.34759521484375
-0.237091064453125 0.073974609375 -0.30859375 0.29364013671875
-0.234695434570313 -0.117599487304688 -0.454132080078125 0.0939331054687499
0.024322509765625 -0.294189453125 -0.477691650390625 -0.233673095703125
0.255325317382813 -0.186798095703125 -0.319000244140625 -0.4075927734375
0.29522705078125 0.040985107421875 -0.085968017578125 -0.459442138671875
0.417205810546875 0.150604248046875 -0.158599853515625 0.240020751953125
0.376800537109375 -0.14947509765625 0.026702880859375 0.397247314453125
0.119873046875 -0.385223388671875 0.299774169921875 0.32904052734375
-0.21270751953125 -0.272171020507813 0.400634765625 0.13177490234375
-0.29486083984375 -0.01239013671875 0.30926513671875 -0.094024658203125
-0.19378662109375 0.212066650390625 0.136444091796875 -0.166259765625
-0.0611572265625 0.240371704101563 0.01470947265625 -0.09521484375
-0.0746612548828125 0.210418701171875 0.000772476196289059 0.0244503021240235
-0.0797119140625 0.251663208007813 -0.029815673828125 0.167892456054688
-0.177841186523438 0.2333984375 -0.15032958984375 0.26788330078125
-0.297271728515625 0.069580078125 -0.263992309570313 0.223861694335938
-0.272994995117188 -0.168655395507813 -0.389984130859375 0.0628662109375
0.06781005859375 -0.355133056640625 -0.417572021484375 -0.21337890625
0.3275146484375 -0.195098876953125 -0.27203369140625 -0.38720703125
0.3480224609375 0.0732421875 -0.0108642578125 -0.4083251953125
0.408294677734375 0.132415771484375 -0.0807495117187499 0.3021240234375
0.335235595703125 -0.15289306640625 0.0690307617187501 0.441802978515625
0.0875244140625 -0.343719482421875 0.361236572265625 0.35845947265625
-0.1934814453125 -0.224838256835938 0.491180419921875 0.114410400390625
-0.256072998046875 0.00491333007812504 0.376434326171875 -0.161041259765625
-0.167617797851562 0.200180053710937 0.161514282226563 -0.262893676757813
-0.0585784912109375 0.222747802734375 0.00581359863281249 -0.191696166992188
-0.0774688720703125 0.204925537109375 -0.0220794677734375 -0.0641708374023437
-0.0932159423828125 0.252960205078125 -0.0405654907226562 0.0706710815429688
-0.204208374023438 0.221145629882812 -0.123794555664063 0.1644287109375
-0.313262939453125 0.0354003906250001 -0.196182250976563 0.1434326171875
-0.25054931640625 -0.212127685546875 -0.304962158203125 0.040985107421875
0.125946044921875 -0.349090576171875 -0.35955810546875 -0.178863525390625
0.352386474609375 -0.150054931640625 -0.2291259765625 -0.362457275390625
0.3367919921875 0.102783203125 0.072052001953125 -0.341949462890625
0.346221923828125 0.101806640625 0.00616455078125002 0.364349365234375
0.254730224609375 -0.121688842773438 0.144195556640625 0.471405029296875
0.06365966796875 -0.258193969726562 0.42608642578125 0.34246826171875
-0.139999389648438 -0.162002563476563 0.5496826171875 0.065582275390625
-0.185302734375 0.012298583984375 0.4041748046875 -0.226531982421875
-0.122421264648437 0.158416748046875 0.165374755859375 -0.342071533203125
-0.0493316650390625 0.172256469726563 -0.00856018066406248 -0.2703857421875
-0.0717010498046875 0.167633056640625 -0.0419158935546875 -0.143600463867188
-0.09521484375 0.21063232421875 -0.0428810119628906 -0.0259742736816406
-0.194610595703125 0.166305541992188 -0.08013916015625 0.0608367919921875
-0.266845703125 -0.00701904296874998 -0.116989135742188 0.0818099975585938
-0.172927856445312 -0.210983276367188 -0.225662231445313 0.0469970703125
0.1646728515625 -0.266555786132813 -0.332427978515625 -0.140411376953125
0.306915283203125 -0.07379150390625 -0.2078857421875 -0.34405517578125
0.265838623046875 0.113082885742188 0.145843505859375 -0.2689208984375
0.236557006835938 0.0630340576171875 0.08294677734375 0.415924072265625
0.155593872070313 -0.0599212646484375 0.21783447265625 0.479888916015625
0.050933837890625 -0.153472900390625 0.4736328125 0.303131103515625
-0.069366455078125 -0.100059509277344 0.57403564453125 0.00720214843749999
-0.101951599121094 0.0067596435546875 0.407073974609375 -0.276519775390625
-0.0721359252929688 0.0952224731445312 0.15484619140625 -0.392669677734375
-0.03680419921875 0.0983505249023438 -0.024871826171875 -0.324066162109375
-0.0561904907226563 0.103111267089844 -0.0569305419921875 -0.20269775390625
-0.0790786743164063 0.1302490234375 -0.0373001098632813 -0.101234436035156
-0.137939453125 0.0857391357421875 -0.0324497222900391 -0.0180282592773437
-0.163833618164062 -0.0313873291015625 -0.0540657043457031 0.0515403747558594
-0.075439453125 -0.147781372070313 -0.1810302734375 0.0682525634765625
0.144866943359375 -0.136215209960938 -0.337677001953125 -0.12200927734375
0.191635131835938 -0.006622314453125 -0.199493408203125 -0.344512939453125
0.149276733398438 0.090484619140625 0.20147705078125 -0.20208740234375
-0.0136518478393555 -0.0147943496704102 -0.269989013671875 0.204544067382812
-0.0260334014892578 0.0122222900390625 0.156768798828125 0.37457275390625
-0.0253543853759766 -0.0230731964111328 0.370452880859375 0.08599853515625
-0.0290298461914063 0.0208263397216797 0.203048706054688 -0.085601806640625
0.0183429718017578 0.0289936065673828 0.0262393951416016 -0.0298175811767578
0.0521430969238281 -0.0179862976074219 -0.0164604187011719 0.0700569152832031
0.0243415832519531 -0.0386238098144531 0.0142669677734375 0.15673828125
-0.000165939331054688 -0.0315685272216797 0.057281494140625 0.232040405273438
0.00784873962402344 -0.0333309173583984 0.00360107421874998 0.35260009765625
0.0125417709350586 -0.0137720108032227 -0.1856689453125 0.411224365234375
0.0176048278808594 0.00681877136230469 -0.384185791015625 0.341033935546875
-0.001983642578125 0.0116395950317383 -0.53424072265625 0.0808410644531249
-0.0267524719238281 0.0256214141845703 -0.51837158203125 -0.326019287109375
-0.0819473266601563 0.0103836059570313 -0.3272705078125 -0.458038330078125
-0.089385986328125 -0.0560073852539063 -0.13739013671875 -0.500885009765625
0.140960693359375 0.060333251953125 -0.278457641601563 0.175186157226562
0.137939453125 -0.0156784057617188 0.12091064453125 0.365997314453125
0.0625762939453125 -0.157760620117187 0.34735107421875 0.122802734375
-0.0889358520507813 -0.111946105957031 0.212188720703125 -0.047332763671875
-0.111259460449219 -0.00362396240234376 0.0533409118652344 -0.0268135070800781
-0.0496597290039063 0.0671272277832031 -0.00407028198242187 0.0600242614746094
-0.005218505859375 0.069793701171875 0.011322021484375 0.148605346679687
-0.021575927734375 0.0535659790039063 0.0560302734375 0.2239990234375
-0.0173301696777344 0.0581588745117188 0.010894775390625 0.3470458984375
-0.0391502380371094 0.0646438598632813 -0.171966552734375 0.4208984375
-0.0716094970703125 0.0323104858398438 -0.36279296875 0.354949951171875
-0.084381103515625 -0.0311050415039063 -0.523590087890625 0.110076904296875
-0.014007568359375 -0.0900802612304688 -0.53631591796875 -0.281158447265625
0.038543701171875 -0.0676193237304688 -0.364593505859375 -0.443450927734375
0.0583114624023437 -0.0232810974121094 -0.161346435546875 -0.512786865234375
0.278594970703125 0.116348266601563 -0.261215209960938 0.174179077148438
0.2806396484375 -0.0580902099609375 0.073455810546875 0.353668212890625
0.126876831054688 -0.280136108398438 0.305755615234375 0.181915283203125
-0.145370483398438 -0.222503662109375 0.245391845703125 0.0240020751953125
-0.221115112304688 -0.0269622802734375 0.124053955078125 -0.0267410278320313
-0.136619567871094 0.140487670898438 0.0379219055175781 0.0129127502441406
-0.033050537109375 0.16217041015625 0.0145263671875 0.094940185546875
-0.043487548828125 0.131736755371094 0.04541015625 0.180160522460938
-0.04052734375 0.14654541015625 0.00631713867187503 0.3135986328125
-0.0876312255859375 0.142410278320313 -0.162445068359375 0.4068603515625
-0.15850830078125 0.061431884765625 -0.33868408203125 0.346710205078125
-0.168701171875 -0.0718994140625 -0.501922607421875 0.119415283203125
-0.00227355957031249 -0.202804565429688 -0.5301513671875 -0.25
0.155410766601562 -0.142120361328125 -0.36572265625 -0.427337646484375
0.197723388671875 0.008575439453125 -0.1473388671875 -0.502349853515625
0.381011962890625 0.1448974609375 -0.22210693359375 0.1990966796875
0.367462158203125 -0.114013671875 0.03472900390625 0.36517333984375
0.139923095703125 -0.369781494140625 0.284149169921875 0.261474609375
-0.199554443359375 -0.280075073242188 0.31475830078125 0.0950927734375
-0.289794921875 -0.025299072265625 0.222305297851562 -0.0480499267578125
-0.186660766601563 0.194015502929687 0.090911865234375 -0.06976318359375
-0.0503082275390625 0.22296142578125 0.0157546997070312 0.00690650939941408
-0.0603485107421875 0.18975830078125 0.0257644653320313 0.109657287597656
-0.0596160888671875 0.21783447265625 -0.00775146484375003 0.254425048828125
-0.13360595703125 0.206130981445312 -0.15460205078125 0.359832763671875
-0.239547729492188 0.0802764892578125 -0.31011962890625 0.30694580078125
-0.242889404296875 -0.115966796875 -0.463653564453125 0.102081298828125
0.018463134765625 -0.302703857421875 -0.49310302734375 -0.23333740234375
0.255996704101562 -0.196380615234375 -0.3350830078125 -0.41162109375
0.3028564453125 0.03936767578125 -0.09564208984375 -0.46734619140625
0.431121826171875 0.1473388671875 -0.16119384765625 0.248092651367187
0.385009765625 -0.158294677734375 0.03192138671875 0.404510498046875
0.11602783203125 -0.396453857421875 0.31024169921875 0.331817626953125
-0.22467041015625 -0.274688720703125 0.413909912109375 0.128570556640625
-0.3021240234375 -0.00787353515624999 0.317657470703125 -0.099761962890625
-0.19293212890625 0.2178955078125 0.136306762695312 -0.172225952148438
-0.057891845703125 0.244125366210938 0.0105438232421875 -0.0967254638671875
-0.0722808837890625 0.2186279296875 0.00117111206054687 0.0248966217041016
-0.0776824951171875 0.25982666015625 -0.0257415771484375 0.172744750976563
-0.1767578125 0.240402221679688 -0.143447875976562 0.27801513671875
-0.302490234375 0.0773315429687499 -0.265625 0.232589721679688
-0.2818603515625 -0.1678466796875 -0.398162841796875 0.06829833984375
0.060943603515625 -0.367431640625 -0.43072509765625 -0.21258544921875
0.331634521484375 -0.20428466796875 -0.283538818359375 -0.391021728515625
0.358154296875 0.073760986328125 -0.018951416015625 -0.415191650390625
0.42236328125 0.12841796875 -0.08087158203125 0.309814453125
0.34136962890625 -0.161407470703125 0.076507568359375 0.450531005859375
0.08392333984375 -0.351593017578125 0.37384033203125 0.363739013671875
-0.202468872070313 -0.227325439453125 0.503631591796875 0.112152099609375
-0.260452270507813 0.00982666015624999 0.38250732421875 -0.1683349609375
-0.167312622070313 0.205551147460937 0.160430908203125 -0.271148681640625
-0.05462646484375 0.226455688476563 0.002288818359375 -0.194534301757813
-0.0765380859375 0.213470458984375 -0.0243911743164063 -0.0638847351074219
-0.0914154052734375 0.262161254882813 -0.0394668579101563 0.0731124877929688
-0.205291748046875 0.229751586914063 -0.118087768554688 0.172012329101563
-0.319793701171875 0.0430908203125 -0.198699951171875 0.148330688476563
-0.262130737304688 -0.212844848632812 -0.310791015625 0.04388427734375
0.12249755859375 -0.364166259765625 -0.369903564453125 -0.1793212890625
0.358001708984375 -0.159393310546875 -0.241424560546875 -0.3641357421875
0.347015380859375 0.104217529296875 0.06756591796875 -0.34893798828125
0.35736083984375 0.0965576171875 0.010009765625 0.374725341796875
0.259857177734375 -0.12548828125 0.15228271484375 0.480621337890625
0.0602569580078125 -0.262802124023438 0.440155029296875 0.345947265625
-0.147232055664062 -0.162429809570313 0.5638427734375 0.05950927734375
-0.187210083007813 0.0152587890625 0.410400390625 -0.23590087890625
-0.122467041015625 0.162155151367188 0.1622314453125 -0.350341796875
-0.0470428466796875 0.175628662109375 -0.0138702392578125 -0.273696899414063
-0.0704498291015625 0.174850463867188 -0.0467376708984375 -0.143722534179688
-0.0944061279296875 0.21923828125 -0.0439910888671875 -0.0246391296386719
-0.195831298828125 0.17425537109375 -0.0773773193359375 0.0659255981445313
-0.273971557617188 -0.00138854980468755 -0.118202209472656 0.0843429565429688
-0.18170166015625 -0.214859008789062 -0.228775024414063 0.0488739013671875
0.165283203125 -0.279769897460938 -0.34185791015625 -0.13671875
0.314178466796875 -0.079986572265625 -0.220062255859375 -0.344573974609375
0.276290893554688 0.116714477539063 0.145248413085938 -0.27484130859375
0.243392944335937 0.0587615966796875 0.090789794921875 0.42681884765625
0.159133911132813 -0.0612640380859375 0.230499267578125 0.48858642578125
0.0496978759765625 -0.155624389648438 0.489105224609375 0.304779052734375
-0.0742874145507813 -0.101631164550781 0.58795166015625 -0.00134277343750001
-0.103256225585937 0.00856018066406251 0.40948486328125 -0.286956787109375
-0.0715484619140625 0.0968856811523438 0.14984130859375 -0.4019775390625
-0.0361480712890625 0.100517272949219 -0.032745361328125 -0.32733154296875
-0.0553054809570312 0.108291625976563 -0.063995361328125 -0.203277587890625
-0.0801544189453125 0.136085510253906 -0.0397720336914063 -0.102180480957031
-0.141326904296875 0.0907745361328125 -0.0314502716064453 -0.0172748565673828
-0.167984008789063 -0.02978515625 -0.0539703369140625 0.0524024963378906
-0.080047607421875 -0.151962280273438 -0.181121826171875 0.0707550048828125
0.147003173828125 -0.144989013671875 -0.34698486328125 -0.11688232421875
0.195907592773438 -0.009002685546875 -0.211151123046875 -0.345855712890625
0.1558837890625 0.094268798828125 0.205184936523438 -0.2064208984375
-0.0145740509033203 -0.0190296173095703 -0.280044555664063 0.222915649414062
-0.0257282257080078 0.0121173858642578 0.17559814453125 0.3857421875
-0.0282497406005859 -0.0218429565429688 0.3873291015625 0.0767822265625
-0.0301856994628906 0.0256710052490234 0.207427978515625 -0.096405029296875
0.0220680236816406 0.0295677185058594 0.0287799835205078 -0.0305557250976563
0.0533409118652344 -0.0230865478515625 -0.0128936767578125 0.07513427734375
0.0238265991210938 -0.0426406860351563 0.020660400390625 0.163665771484375
-0.00132369995117187 -0.0320968627929688 0.0673675537109375 0.235870361328125
0.00561904907226562 -0.0345191955566406 0.019256591796875 0.364105224609375
0.0122413635253906 -0.0153493881225586 -0.174530029296875 0.434967041015625
0.0203647613525391 0.00537872314453125 -0.3858642578125 0.369598388671875
-0.0023794174194336 0.0137243270874023 -0.5545654296875 0.101531982421875
-0.0307998657226562 0.0280513763427734 -0.553314208984375 -0.324554443359375
-0.0860366821289063 0.014404296875 -0.360595703125 -0.468109130859375
-0.0958251953125 -0.0574417114257812 -0.161773681640625 -0.51959228515625
0.151458740234375 0.0547332763671875 -0.2891845703125 0.193084716796875
0.1456298828125 -0.023101806640625 0.137786865234375 0.376312255859375
0.0596771240234375 -0.167037963867188 0.36566162109375 0.115966796875
-0.0968856811523437 -0.112434387207031 0.218154907226563 -0.05560302734375
-0.115554809570313 0.000511169433593735 0.0576171875 -0.027618408203125
-0.0507850646972656 0.0702781677246094 -0.000423431396484383 0.0641365051269531
-0.00180816650390625 0.070709228515625 0.0181427001953125 0.156295776367187
-0.0211563110351562 0.0583305358886719 0.0663909912109375 0.22808837890625
-0.0172843933105469 0.0636444091796875 0.0252685546875 0.35723876953125
-0.0388565063476562 0.0670661926269531 -0.1593017578125 0.445556640625
-0.072113037109375 0.0365829467773438 -0.36279296875 0.385040283203125
-0.0909881591796875 -0.0291595458984375 -0.542938232421875 0.131927490234375
-0.020111083984375 -0.0939483642578125 -0.5711669921875 -0.27508544921875
0.0377273559570312 -0.0714340209960938 -0.397308349609375 -0.450286865234375
0.061737060546875 -0.0264358520507812 -0.187957763671875 -0.53125
0.297607421875 0.1112060546875 -0.2708740234375 0.189697265625
0.293243408203125 -0.07012939453125 0.087890625 0.365142822265625
0.1224365234375 -0.29888916015625 0.3223876953125 0.179718017578125
-0.161941528320312 -0.226806640625 0.255844116210938 0.0162811279296875
-0.232650756835938 -0.019378662109375 0.131217956542969 -0.0305099487304688
-0.139251708984375 0.14996337890625 0.0400009155273437 0.0129776000976563
-0.028076171875 0.167678833007813 0.017974853515625 0.100471496582031
-0.0401611328125 0.140312194824219 0.0532073974609375 0.184097290039063
-0.037628173828125 0.15570068359375 0.020050048828125 0.3232421875
-0.0855865478515625 0.149444580078125 -0.14990234375 0.430572509765625
-0.163040161132812 0.0689697265625 -0.337738037109375 0.37481689453125
-0.180419921875 -0.0676727294921875 -0.52154541015625 0.140838623046875
-0.011474609375 -0.213165283203125 -0.5628662109375 -0.24310302734375
0.155609130859375 -0.154022216796875 -0.399871826171875 -0.433837890625
0.207839965820312 0.0029754638671875 -0.172088623046875 -0.519317626953125
0.40447998046875 0.13720703125 -0.227996826171875 0.215499877929688
0.381988525390625 -0.133209228515625 0.047332763671875 0.3795166015625
0.1336669921875 -0.393768310546875 0.303924560546875 0.26434326171875
-0.220367431640625 -0.285003662109375 0.333282470703125 0.088134765625
-0.30511474609375 -0.016082763671875 0.233016967773437 -0.0574188232421875
-0.188323974609375 0.208160400390625 0.0926361083984375 -0.0752792358398437
-0.0443115234375 0.232192993164062 0.0156679153442383 0.00872421264648439
-0.056365966796875 0.20208740234375 0.0300064086914063 0.11248779296875
-0.054046630859375 0.232162475585938 0.00294494628906248 0.263565063476563
-0.130538940429688 0.219589233398438 -0.142425537109375 0.38104248046875
-0.24664306640625 0.0933074951171875 -0.31048583984375 0.330413818359375
-0.258621215820313 -0.111526489257812 -0.48138427734375 0.120574951171875
0.00546264648437497 -0.31939697265625 -0.524932861328125 -0.225921630859375
0.259857177734375 -0.213516235351563 -0.36578369140625 -0.416015625
0.320220947265625 0.03466796875 -0.117279052734375 -0.485015869140625
0.45684814453125 0.136993408203125 -0.161697387695312 0.263748168945313
0.397857666015625 -0.17620849609375 0.046478271484375 0.4212646484375
0.106903076171875 -0.4176025390625 0.334381103515625 0.34051513671875
-0.246826171875 -0.277816772460937 0.43829345703125 0.118621826171875
-0.316375732421875 0.003082275390625 0.329833984375 -0.114959716796875
-0.194381713867187 0.2325439453125 0.135467529296875 -0.18316650390625
-0.0503692626953125 0.25433349609375 0.00837707519531251 -0.099090576171875
-0.06646728515625 0.232772827148437 0.000570297241210934 0.0261325836181641
-0.07135009765625 0.275894165039063 -0.019073486328125 0.179672241210938
-0.17498779296875 0.257965087890625 -0.134490966796875 0.29595947265625
-0.312896728515625 0.092681884765625 -0.267730712890625 0.252044677734375
-0.303985595703125 -0.166168212890625 -0.414764404296875 0.082275390625
0.049041748046875 -0.389434814453125 -0.4576416015625 -0.20770263671875
0.33782958984375 -0.226409912109375 -0.31414794921875 -0.3951416015625
0.378021240234375 0.06829833984375 -0.033843994140625 -0.432708740234375
0.4462890625 0.118743896484375 -0.075225830078125 0.328277587890625
0.352264404296875 -0.177154541015625 0.094024658203125 0.469451904296875
0.07452392578125 -0.369171142578125 0.40020751953125 0.36932373046875
-0.221527099609375 -0.228195190429688 0.533294677734375 0.09893798828125
-0.270797729492188 0.0188751220703125 0.396484375 -0.189483642578125
-0.167556762695312 0.217544555664063 0.1563720703125 -0.286773681640625
-0.0497283935546875 0.23504638671875 -0.00672912597656251 -0.200119018554687
-0.0713348388671875 0.227493286132813 -0.0294265747070313 -0.0640373229980469
-0.0863800048828125 0.27947998046875 -0.03753662109375 0.0787811279296875
-0.2037353515625 0.248214721679688 -0.112686157226562 0.185165405273438
-0.33148193359375 0.0577392578125 -0.201492309570312 0.162307739257813
-0.283721923828125 -0.21417236328125 -0.323577880859375 0.053985595703125
0.114166259765625 -0.38916015625 -0.393280029296875 -0.173583984375
0.3685302734375 -0.1787109375 -0.267608642578125 -0.366943359375
0.3690185546875 0.102203369140625 0.057952880859375 -0.36505126953125
0.37591552734375 0.086944580078125 0.0208740234375 0.3912353515625
0.267364501953125 -0.137176513671875 0.176300048828125 0.497314453125
0.0536041259765625 -0.274887084960938 0.470672607421875 0.349761962890625
-0.160049438476563 -0.164382934570313 0.5931396484375 0.0430908203125
-0.194808959960938 0.022216796875 0.42218017578125 -0.25909423828125
-0.121200561523438 0.170516967773438 0.155487060546875 -0.368988037109375
-0.0431365966796875 0.1815185546875 -0.0262451171875 -0.28155517578125
-0.06610107421875 0.18670654296875 -0.0548553466796875 -0.145355224609375
-0.09112548828125 0.234695434570313 -0.0458564758300781 -0.0225257873535156
-0.197891235351562 0.191085815429688 -0.0747528076171875 0.0714492797851563
-0.2857666015625 0.00888061523437501 -0.119705200195312 0.0910186767578125
-0.199600219726562 -0.218460083007813 -0.236587524414062 0.0563354492187499
0.1607666015625 -0.301910400390625 -0.360687255859375 -0.128662109375
0.324920654296875 -0.094085693359375 -0.24334716796875 -0.347259521484375
0.293731689453125 0.11724853515625 0.14178466796875 -0.290557861328125
0.256622314453125 0.050628662109375 0.10906982421875 0.444244384765625
0.1649169921875 -0.0680694580078125 0.256866455078125 0.50384521484375
0.0462188720703125 -0.16363525390625 0.52069091796875 0.30316162109375
-0.08135986328125 -0.102928161621094 0.6143798828125 -0.020751953125
-0.105934143066406 0.0117111206054687 0.419647216796875 -0.313201904296875
-0.0706863403320313 0.100914001464844 0.1412353515625 -0.422698974609375
-0.0338668823242187 0.103424072265625 -0.047119140625 -0.33721923828125
-0.0535812377929688 0.116912841796875 -0.0739593505859375 -0.205673217773438
-0.0792999267578125 0.147476196289063 -0.04534912109375 -0.103500366210937
-0.1448974609375 0.100112915039063 -0.0307121276855469 -0.0167655944824219
-0.177154541015625 -0.0240020751953125 -0.0529632568359375 0.0546112060546875
-0.090240478515625 -0.156082153320313 -0.18499755859375 0.07781982421875
0.148269653320313 -0.160400390625 -0.36724853515625 -0.10711669921875
0.2060546875 -0.01470947265625 -0.23431396484375 -0.34710693359375
0.167709350585938 0.098541259765625 0.20831298828125 -0.220352172851563
-0.0168190002441406 -0.0215358734130859 -0.280990600585938 0.251419067382813
-0.0265178680419922 0.0122165679931641 0.206817626953125 0.38995361328125
-0.0325164794921875 -0.0212116241455078 0.407928466796875 0.054443359375
-0.029632568359375 0.0317344665527344 0.208740234375 -0.113906860351563
0.0250129699707031 0.0303554534912109 0.0300693511962891 -0.0330009460449219
0.0528602600097656 -0.0301094055175781 -0.00614929199218749 0.0800018310546875
0.0210685729980469 -0.048065185546875 0.033843994140625 0.17144775390625
-0.002777099609375 -0.0318260192871094 0.08551025390625 0.237411499023438
0.00284004211425781 -0.0347099304199219 0.046356201171875 0.373138427734375
0.0113277435302734 -0.0176868438720703 -0.14874267578125 0.463592529296875
0.02239990234375 0.00453948974609375 -0.377105712890625 0.4102783203125
-0.00372886657714844 0.0160732269287109 -0.57232666015625 0.14111328125
-0.0317440032958984 0.0318241119384766 -0.60076904296875 -0.3009033203125
-0.0888824462890625 0.0213470458984375 -0.407958984375 -0.46539306640625
-0.103546142578125 -0.0556564331054688 -0.202117919921875 -0.531829833984375
0.162384033203125 0.04498291015625 -0.292816162109375 0.2203369140625
0.152389526367188 -0.0337371826171875 0.166046142578125 0.384552001953125
0.051025390625 -0.17877197265625 0.386871337890625 0.0965576171875
-0.109596252441406 -0.109504699707031 0.222198486328125 -0.072052001953125
-0.122329711914063 0.00884246826171873 0.0599021911621094 -0.0317344665527344
-0.0499343872070313 0.0746383666992187 0.00479507446289063 0.0682525634765625
0.000450134277343756 0.0725021362304688 0.030609130859375 0.163345336914063
-0.0167198181152344 0.063262939453125 0.0843658447265625 0.229827880859375
-0.013946533203125 0.0688323974609375 0.05194091796875 0.366546630859375
-0.0359344482421875 0.0721054077148438 -0.132904052734375 0.473175048828125
-0.0731353759765625 0.042083740234375 -0.35107421875 0.424774169921875
-0.097808837890625 -0.0222244262695312 -0.559814453125 0.172576904296875
-0.0296783447265625 -0.0958786010742188 -0.61566162109375 -0.25079345703125
0.0336227416992187 -0.0765304565429688 -0.4443359375 -0.44268798828125
0.063262939453125 -0.0317039489746094 -0.229736328125 -0.54376220703125
0.318603515625 0.09552001953125 -0.274185180664063 0.216064453125
0.30419921875 -0.094085693359375 0.114501953125 0.3748779296875
0.1085205078125 -0.321685791015625 0.34783935546875 0.16650390625
-0.185317993164063 -0.225860595703125 0.267486572265625 0.00167846679687499
-0.245681762695313 -0.00555419921875002 0.137916564941406 -0.0411605834960938
-0.136032104492188 0.164443969726563 0.0428848266601562 0.0109748840332031
-0.019805908203125 0.17523193359375 0.0261077880859375 0.1053466796875
-0.0319671630859375 0.150146484375 0.06695556640625 0.185760498046875
-0.0285491943359375 0.166030883789063 0.043121337890625 0.33245849609375
-0.0796356201171875 0.1607666015625 -0.121978759765625 0.457183837890625
-0.164352416992187 0.083892822265625 -0.32568359375 0.4114990234375
-0.193710327148438 -0.057586669921875 -0.537353515625 0.18011474609375
-0.0294952392578125 -0.221221923828125 -0.60498046875 -0.21630859375
0.150848388671875 -0.169998168945312 -0.44573974609375 -0.423583984375
0.2178955078125 -0.008941650390625 -0.21282958984375 -0.531280517578125
0.43218994140625 0.116455078125 -0.22637939453125 0.238479614257813
0.39154052734375 -0.164398193359375 0.072662353515625 0.39190673828125
0.11431884765625 -0.420745849609375 0.332061767578125 0.258392333984375
-0.251373291015625 -0.282379150390625 0.35345458984375 0.07147216796875
-0.320404052734375 0.00262451171874999 0.242706298828125 -0.0751190185546875
-0.18389892578125 0.22802734375 0.0901947021484375 -0.0841827392578125
-0.0332183837890625 0.241744995117188 0.0164813995361328 0.00992679595947267
-0.0448760986328125 0.215179443359375 0.0376205444335937 0.115196228027344
-0.04119873046875 0.246658325195313 0.0213165283203125 0.272323608398438
-0.121566772460938 0.236495971679688 -0.11810302734375 0.405609130859375
-0.250503540039063 0.114364624023437 -0.2996826171875 0.364410400390625
-0.28033447265625 -0.0976104736328125 -0.49749755859375 0.1566162109375
-0.01690673828125 -0.333984375 -0.561859130859375 -0.201263427734375
0.254653930664063 -0.238540649414062 -0.410552978515625 -0.408447265625
0.337799072265625 0.017730712890625 -0.153839111328125 -0.49798583984375
0.484130859375 0.112945556640625 -0.154876708984375 0.286895751953125
0.40460205078125 -0.209869384765625 0.07421875 0.436553955078125
0.085418701171875 -0.443023681640625 0.3690185546875 0.335205078125
-0.27752685546875 -0.273056030273437 0.465911865234375 0.097869873046875
-0.330078125 0.023712158203125 0.340789794921875 -0.14111328125
-0.18865966796875 0.25311279296875 0.127822875976563 -0.199142456054687
-0.0384063720703125 0.265640258789062 0.000892639160156242 -0.10113525390625
-0.05413818359375 0.248626708984375 0.0021514892578125 0.0279960632324219
-0.056793212890625 0.294952392578125 -0.0061187744140625 0.187164306640625
-0.164871215820312 0.279861450195313 -0.114898681640625 0.316070556640625
-0.3203125 0.117950439453125 -0.260726928710938 0.280776977539062
-0.32952880859375 -0.15277099609375 -0.42962646484375 0.111907958984375
0.02264404296875 -0.411224365234375 -0.49169921875 -0.186859130859375
0.337432861328125 -0.2557373046875 -0.35296630859375 -0.387725830078125
0.400390625 0.052276611328125 -0.0631103515625 -0.447784423828125
0.47119140625 0.092926025390625 -0.059600830078125 0.348388671875
0.356781005859375 -0.208038330078125 0.128265380859375 0.484039306640625
0.055267333984375 -0.388916015625 0.442474365234375 0.362213134765625
-0.247726440429687 -0.221664428710938 0.564208984375 0.06829833984375
-0.281890869140625 0.037109375 0.4033203125 -0.222625732421875
-0.160659790039063 0.235397338867187 0.142852783203125 -0.30804443359375
-0.0384979248046875 0.245101928710938 -0.020233154296875 -0.20501708984375
-0.0574798583984375 0.242874145507813 -0.0350341796875 -0.0628166198730469
-0.070587158203125 0.299102783203125 -0.0324859619140625 0.0833206176757813
-0.195404052734375 0.272903442382813 -0.100982666015625 0.199310302734375
-0.34234619140625 0.08319091796875 -0.198196411132813 0.180557250976563
-0.31121826171875 -0.204345703125 -0.335906982421875 0.075592041015625
0.090423583984375 -0.41461181640625 -0.420257568359375 -0.1539306640625
0.3729248046875 -0.209564208984375 -0.3023681640625 -0.361572265625
0.394805908203125 0.08746337890625 0.037384033203125 -0.382720947265625
0.397857666015625 0.06427001953125 0.045013427734375 0.409942626953125
0.271133422851563 -0.1590576171875 0.2147216796875 0.5096435546875
0.03887939453125 -0.28936767578125 0.5150146484375 0.336334228515625
-0.17877197265625 -0.158950805664063 0.62249755859375 0.00579833984374999
-0.201065063476563 0.0351104736328125 0.4244384765625 -0.298370361328125
-0.11663818359375 0.18310546875 0.136077880859375 -0.394073486328125
-0.035430908203125 0.189529418945313 -0.046234130859375 -0.2891845703125
-0.056427001953125 0.20147705078125 -0.0674285888671875 -0.145248413085937
-0.078643798828125 0.253097534179688 -0.04840087890625 -0.0200424194335937
-0.194442749023437 0.212554931640625 -0.069610595703125 0.0789413452148438
-0.297760009765625 0.02850341796875 -0.117362976074219 0.100868225097656
-0.22454833984375 -0.216064453125 -0.243408203125 0.0726470947265625
0.14654541015625 -0.329559326171875 -0.38446044921875 -0.108978271484375
0.334747314453125 -0.117828369140625 -0.277130126953125 -0.341033935546875
0.318115234375 0.109527587890625 0.131134033203125 -0.310455322265625
0.270431518554687 0.034210205078125 0.14044189453125 0.45947265625
0.16888427734375 -0.0790557861328125 0.303009033203125 0.50897216796875
0.0369415283203125 -0.171920776367188 0.56207275390625 0.284149169921875
-0.0934295654296875 -0.100753784179687 0.64178466796875 -0.0634765625
-0.1092529296875 0.0190048217773437 0.41815185546875 -0.351287841796875
-0.0685958862304688 0.107124328613281 0.117340087890625 -0.447723388671875
-0.0314865112304688 0.1087646484375 -0.071044921875 -0.343841552734375
-0.0480575561523438 0.126930236816406 -0.091461181640625 -0.205551147460938
-0.073455810546875 0.161697387695313 -0.052764892578125 -0.103988647460937
-0.14593505859375 0.114852905273438 -0.0308284759521485 -0.0165252685546875
-0.186508178710938 -0.0133514404296875 -0.050201416015625 0.05712890625
-0.105667114257813 -0.158584594726563 -0.186614990234375 0.0913543701171875
0.143142700195313 -0.179855346679688 -0.389678955078125 -0.0847167968750001
0.214080810546875 -0.0262451171875 -0.26678466796875 -0.340850830078125
0.184295654296875 0.0968170166015625 0.204757690429687 -0.241928100585937
-0.0206642150878906 -0.0237255096435547 -0.269973754882813 0.279403686523438
-0.0262413024902344 0.0129184722900391 0.242828369140625 0.382171630859375
-0.03619384765625 -0.0199394226074219 0.41949462890625 0.02093505859375
-0.0265769958496094 0.0368728637695312 0.200439453125 -0.1326904296875
0.0289669036865234 0.0287914276123047 0.0303001403808594 -0.03607177734375
0.0490837097167969 -0.0368537902832031 0.00373077392578125 0.0841751098632813
0.0147514343261719 -0.0522232055664062 0.0508880615234375 0.172119140625
-0.00480079650878907 -0.0310630798339844 0.10711669921875 0.232772827148438
-0.000513076782226561 -0.0347023010253906 0.07904052734375 0.372406005859375
0.0101909637451172 -0.0188999176025391 -0.10931396484375 0.4810791015625
0.0240612030029297 0.00262260437011719 -0.3475341796875 0.449920654296875
-0.00276947021484375 0.0183620452880859 -0.57342529296875 0.189208984375
-0.0315666198730469 0.0355224609375 -0.6368408203125 -0.25958251953125
-0.089202880859375 0.02886962890625 -0.4534912109375 -0.440185546875
-0.111396789550781 -0.0503005981445313 -0.250030517578125 -0.52764892578125
0.168228149414063 0.029296875 -0.285919189453125 0.24945068359375
0.152801513671875 -0.0501708984375 0.2008056640625 0.3760986328125
0.0366973876953125 -0.190673828125 0.40240478515625 0.0665283203125
-0.1220703125 -0.100120544433594 0.2205810546875 -0.091217041015625
-0.122879028320313 0.0181198120117188 0.0588645935058594 -0.0374794006347656
-0.046966552734375 0.080108642578125 0.0113372802734375 0.0700569152832031
0.00621032714843749 0.0710983276367188 0.0454864501953125 0.166213989257813
-0.01214599609375 0.0686302185058594 0.103958129882812 0.224319458007813
-0.00879669189453126 0.073089599609375 0.083221435546875 0.3658447265625
-0.0290298461914062 0.0763931274414063 -0.0944519042968751 0.4869384765625
-0.0697021484375 0.0499496459960938 -0.321014404296875 0.462005615234375
-0.10308837890625 -0.0133514404296875 -0.558380126953125 0.219512939453125
-0.0402679443359375 -0.0941619873046875 -0.6480712890625 -0.205078125
0.0273666381835937 -0.0794754028320313 -0.48931884765625 -0.41656494140625
0.0630645751953125 -0.0385780334472656 -0.2806396484375 -0.535919189453125
0.3333740234375 0.069854736328125 -0.265457153320313 0.241989135742187
0.303741455078125 -0.121337890625 0.147491455078125 0.37225341796875
0.08489990234375 -0.340118408203125 0.366973876953125 0.1414794921875
-0.208206176757813 -0.21368408203125 0.272293090820313 -0.0209503173828125
-0.25250244140625 0.015289306640625 0.140022277832031 -0.053863525390625
-0.126876831054688 0.179306030273438 0.0457763671875 0.0107002258300781
-0.00981140136718752 0.178619384765625 0.036529541015625 0.107383728027344
-0.0204620361328125 0.155319213867188 0.082794189453125 0.182647705078125
-0.014617919921875 0.175216674804688 0.0716552734375 0.33251953125
-0.0663604736328125 0.172119140625 -0.082794189453125 0.472412109375
-0.16058349609375 0.09918212890625 -0.2962646484375 0.44805908203125
-0.203765869140625 -0.0407257080078125 -0.536285400390625 0.226409912109375
-0.0510101318359375 -0.223556518554688 -0.63446044921875 -0.17266845703125
0.139862060546875 -0.184951782226562 -0.489288330078125 -0.39666748046875
0.221969604492188 -0.0268096923828125 -0.2596435546875 -0.52386474609375
0.449462890625 0.08294677734375 -0.213943481445313 0.264404296875
0.388153076171875 -0.20037841796875 0.10662841796875 0.393585205078125
0.083404541015625 -0.43896484375 0.3582763671875 0.237152099609375
-0.279586791992188 -0.267242431640625 0.367401123046875 0.044403076171875
-0.329864501953125 0.030914306640625 0.243850708007812 -0.0979461669921875
-0.171035766601563 0.248214721679688 0.0849685668945312 -0.0912399291992187
-0.01593017578125 0.248733520507813 0.017974853515625 0.0117511749267578
-0.0281829833984375 0.224502563476563 0.0467529296875 0.112380981445313
-0.0207977294921875 0.25677490234375 0.0443572998046875 0.273544311523438
-0.10491943359375 0.251602172851563 -0.081451416015625 0.422119140625
-0.245956420898437 0.13751220703125 -0.27532958984375 0.396148681640625
-0.29498291015625 -0.076507568359375 -0.49713134765625 0.199615478515625
-0.047454833984375 -0.34027099609375 -0.5902099609375 -0.1588134765625
0.240280151367187 -0.263458251953125 -0.451934814453125 -0.383056640625
0.348236083984375 -0.00592041015625 -0.196044921875 -0.496856689453125
0.503082275390625 0.07623291015625 -0.136474609375 0.3052978515625
0.395111083984375 -0.246368408203125 0.110076904296875 0.43890380859375
0.05120849609375 -0.4620361328125 0.403900146484375 0.31243896484375
-0.304901123046875 -0.2547607421875 0.484405517578125 0.06170654296875
-0.335174560546875 0.0518493652343751 0.33843994140625 -0.173736572265625
-0.173141479492188 0.273040771484375 0.1123046875 -0.21240234375
-0.021087646484375 0.2735595703125 -0.0061187744140625 -0.100364685058594
-0.0349884033203125 0.258743286132812 0.00391960144042969 0.0277938842773438
-0.03240966796875 0.30755615234375 0.00877380371093749 0.191329956054688
-0.1448974609375 0.299530029296875 -0.086822509765625 0.332122802734375
-0.316741943359375 0.149444580078125 -0.24310302734375 0.30767822265625
-0.35113525390625 -0.1258544921875 -0.430816650390625 0.148712158203125
-0.01177978515625 -0.422515869140625 -0.51617431640625 -0.149200439453125
0.32354736328125 -0.288665771484375 -0.39093017578125 -0.365264892578125
0.416839599609375 0.025360107421875 -0.1004638671875 -0.452056884765625
0.486236572265625 0.055908203125 -0.035430908203125 0.361602783203125
0.346435546875 -0.237823486328125 0.1700439453125 0.4833984375
0.024871826171875 -0.401458740234375 0.4791259765625 0.335784912109375
-0.272018432617188 -0.2034912109375 0.58258056640625 0.024658203125
-0.284942626953125 0.061614990234375 0.394927978515625 -0.262298583984375
-0.145599365234375 0.251449584960937 0.11883544921875 -0.32269287109375
-0.0226593017578125 0.2518310546875 -0.03887939453125 -0.204437255859375
-0.038177490234375 0.254608154296875 -0.0408668518066406 -0.0580596923828125
-0.046600341796875 0.313262939453125 -0.0243988037109375 0.0892486572265625
-0.17730712890625 0.2943115234375 -0.08099365234375 0.211898803710938
-0.342803955078125 0.1146240234375 -0.187408447265625 0.198455810546875
-0.3363037109375 -0.18304443359375 -0.3377685546875 0.103302001953125
0.056243896484375 -0.4337158203125 -0.441192626953125 -0.12115478515625
0.365325927734375 -0.242034912109375 -0.3394775390625 -0.341094970703125
0.412139892578125 0.063385009765625 0.00708007812500002 -0.39276123046875
0.409912109375 0.03338623046875 0.0784912109375 0.4183349609375
0.265625 -0.18426513671875 0.262176513671875 0.503082275390625
0.01727294921875 -0.29803466796875 0.551727294921875 0.30352783203125
-0.196182250976562 -0.145401000976563 0.63720703125 -0.04583740234375
-0.202194213867188 0.0520782470703125 0.408233642578125 -0.338714599609375
-0.104949951171875 0.1947021484375 0.10589599609375 -0.40802001953125
-0.0246429443359375 0.195571899414063 -0.07110595703125 -0.28851318359375
-0.0410614013671875 0.21112060546875 -0.0813522338867188 -0.1378173828125
-0.0589141845703125 0.268051147460938 -0.0508689880371094 -0.0157699584960937
-0.181060791015625 0.234283447265625 -0.0601882934570313 0.0858230590820313
-0.30377197265625 0.0541381835937501 -0.110816955566406 0.109397888183594
-0.24969482421875 -0.201812744140625 -0.24322509765625 0.0925292968749999
0.121185302734375 -0.35101318359375 -0.4005126953125 -0.076263427734375
0.334075927734375 -0.14703369140625 -0.309906005859375 -0.320587158203125
0.3375244140625 0.088836669921875 0.1102294921875 -0.32666015625
0.2769775390625 0.010284423828125 0.17987060546875 0.460906982421875
0.167129516601563 -0.0930023193359375 0.35125732421875 0.4964599609375
0.02435302734375 -0.176788330078125 0.59490966796875 0.24530029296875
-0.104354858398437 -0.093536376953125 0.650634765625 -0.116943359375
-0.110275268554688 0.026885986328125 0.3973388671875 -0.394256591796875
-0.0623931884765625 0.113021850585938 0.0810546875 -0.46026611328125
-0.0267486572265625 0.111457824707031 -0.10052490234375 -0.33990478515625
-0.03759765625 0.134536743164063 -0.11090087890625 -0.198043823242188
-0.0599517822265625 0.172821044921875 -0.0620880126953125 -0.101165771484375
-0.139358520507813 0.130805969238281 -0.0314311981201172 -0.0148658752441406
-0.190933227539063 0.00195312500000003 -0.0454444885253906 0.0614776611328125
-0.121902465820312 -0.153244018554688 -0.182113647460938 0.108963012695312
0.1298828125 -0.196884155273437 -0.403289794921875 -0.0503845214843751
0.217239379882813 -0.0433502197265625 -0.299774169921875 -0.320709228515625
0.197250366210937 0.0873565673828125 0.19207763671875 -0.262130737304688
-0.0255279541015625 -0.0270366668701172 -0.250946044921875 0.298004150390625
-0.0262432098388672 0.014312744140625 0.270843505859375 0.359222412109375
-0.0425567626953125 -0.01727294921875 0.4193115234375 -0.0126953125
-0.0226631164550781 0.0437965393066406 0.188400268554688 -0.146743774414063
0.0331134796142578 0.0289802551269531 0.0267066955566406 -0.0383796691894531
0.042388916015625 -0.0393867492675781 0.0111236572265625 0.0832977294921875
0.00860595703124999 -0.0526618957519531 0.0637664794921875 0.165206909179688
-0.00801658630371094 -0.0319404602050781 0.119674682617187 0.218231201171875
-0.00203132629394531 -0.0321998596191406 0.107421875 0.359344482421875
0.00406074523925781 -0.0184230804443359 -0.072113037109375 0.482513427734375
0.0268974304199219 0.000339508056640625 -0.309814453125 0.4696044921875
-0.00182151794433594 0.0187301635742188 -0.555755615234375 0.229583740234375
-0.0314750671386719 0.0434074401855469 -0.65350341796875 -0.21307373046875
-0.082977294921875 0.0378646850585938 -0.485076904296875 -0.405609130859375
-0.113449096679687 -0.0453872680664063 -0.2890625 -0.50732421875
0.165359497070313 0.0157012939453125 -0.265182495117187 0.2681884765625
0.15264892578125 -0.0599365234375 0.23040771484375 0.362335205078125
0.0184783935546875 -0.191482543945313 0.404449462890625 0.038299560546875
-0.127838134765625 -0.0888214111328125 0.208908081054687 -0.106903076171875
-0.120918273925781 0.0278091430664063 0.0558013916015625 -0.0418739318847656
-0.0406417846679688 0.0821151733398438 0.02117919921875 0.0708465576171875
0.00414276123046875 0.0733489990234375 0.062103271484375 0.161041259765625
-0.0089569091796875 0.0665969848632813 0.12164306640625 0.211532592773438
6.86645507812454E-05 0.0744400024414063 0.111846923828125 0.35284423828125
-0.0273666381835937 0.0802383422851563 -0.054443359375 0.4892578125
-0.0636367797851563 0.0563278198242188 -0.280975341796875 0.4825439453125
-0.105117797851563 -0.00131988525390625 -0.535919189453125 0.26123046875
-0.048797607421875 -0.088714599609375 -0.66412353515625 -0.15576171875
0.0227203369140625 -0.0807037353515625 -0.518798828125 -0.3800048828125
0.0624237060546875 -0.0455169677734375 -0.317138671875 -0.51470947265625
0.33624267578125 0.04095458984375 -0.245346069335937 0.262252807617188
0.295257568359375 -0.146209716796875 0.173095703125 0.3551025390625
0.057098388671875 -0.34930419921875 0.375885009765625 0.113189697265625
-0.222640991210938 -0.192306518554688 0.268280029296875 -0.0394744873046875
-0.253097534179688 0.0338592529296875 0.136749267578125 -0.06591796875
-0.114349365234375 0.187423706054688 0.0451583862304687 0.00625610351562501
0.00318908691406252 0.177154541015625 0.046051025390625 0.102928161621094
-0.00842285156249999 0.157699584960938 0.093353271484375 0.172637939453125
0.00105285644531249 0.177810668945313 0.09405517578125 0.318695068359375
-0.0559539794921875 0.178466796875 -0.045440673828125 0.471221923828125
-0.149520874023438 0.110198974609375 -0.261322021484375 0.46728515625
-0.207168579101563 -0.0224609375 -0.513885498046875 0.26776123046875
-0.066314697265625 -0.216201782226563 -0.6468505859375 -0.1240234375
0.12469482421875 -0.19573974609375 -0.517608642578125 -0.35833740234375
0.222427368164062 -0.041351318359375 -0.298309326171875 -0.504974365234375
0.44970703125 0.048095703125 -0.199188232421875 0.28009033203125
0.369964599609375 -0.2283935546875 0.1322021484375 0.379608154296875
0.050262451171875 -0.446380615234375 0.37701416015625 0.21026611328125
-0.2965087890625 -0.2427978515625 0.36724853515625 0.02142333984375
-0.326690673828125 0.0567626953125 0.237823486328125 -0.118392944335938
-0.15521240234375 0.258682250976563 0.0790481567382812 -0.0995254516601562
-0.00080871582031249 0.249252319335938 0.0224094390869141 0.0108394622802735
-0.0111236572265625 0.222000122070313 0.0534744262695312 0.107490539550781
-0.00241088867187499 0.256820678710938 0.0615386962890625 0.2659912109375
-0.0869140625 0.255935668945312 -0.047454833984375 0.4248046875
-0.233642578125 0.158554077148438 -0.242584228515625 0.413360595703125
-0.2978515625 -0.0513916015624999 -0.47869873046875 0.23992919921875
-0.072265625 -0.334930419921875 -0.6015625 -0.1124267578125
0.217971801757813 -0.278656005859375 -0.481719970703125 -0.342376708984375
0.34765625 -0.029022216796875 -0.232818603515625 -0.477630615234375
0.5057373046875 0.03509521484375 -0.116546630859375 0.317291259765625
0.373504638671875 -0.27471923828125 0.141998291015625 0.427581787109375
0.020721435546875 -0.465362548828125 0.4224853515625 0.2823486328125
-0.327545166015625 -0.229461669921875 0.48651123046875 0.02294921875
-0.33001708984375 0.0770874023437499 0.323333740234375 -0.20263671875
-0.151336669921875 0.283538818359375 0.09381103515625 -0.213943481445312
-0.00181579589843753 0.272232055664063 -0.0117874145507813 -0.0957489013671875
-0.01385498046875 0.261154174804688 0.00328445434570313 0.0310707092285156
-0.00628662109374999 0.308990478515625 0.0234832763671875 0.185073852539063
-0.122222900390625 0.310821533203125 -0.054840087890625 0.330780029296875
-0.302520751953125 0.1708984375 -0.213134765625 0.32073974609375
-0.364166259765625 -0.0951538085937499 -0.41876220703125 0.180816650390625
-0.0433349609375 -0.4210205078125 -0.525970458984375 -0.108001708984375
0.297271728515625 -0.30987548828125 -0.417205810546875 -0.33355712890625
0.419708251953125 -0.004486083984375 -0.13226318359375 -0.44122314453125
0.4837646484375 0.019012451171875 -0.012451171875 0.365631103515625
0.33123779296875 -0.26220703125 0.200714111328125 0.46942138671875
-0.00436401367187498 -0.39935302734375 0.500457763671875 0.3031005859375
-0.286895751953125 -0.183349609375 0.58074951171875 -0.01788330078125
-0.28076171875 0.0817108154296875 0.374725341796875 -0.293609619140625
-0.127029418945312 0.261993408203125 0.092010498046875 -0.32733154296875
-0.00674438476562502 0.251235961914063 -0.05169677734375 -0.19708251953125
-0.0231475830078125 0.257278442382813 -0.0461044311523437 -0.0508499145507812
-0.023681640625 0.315032958984375 -0.019256591796875 0.0914688110351563
-0.155548095703125 0.30975341796875 -0.060211181640625 0.21759033203125
-0.3310546875 0.1396484375 -0.168014526367188 0.2066650390625
-0.35400390625 -0.1573486328125 -0.329315185546875 0.130523681640625
0.021759033203125 -0.436676025390625 -0.44561767578125 -0.0863037109375
0.345672607421875 -0.26800537109375 -0.362518310546875 -0.311614990234375
0.418426513671875 0.03472900390625 -0.022796630859375 -0.390167236328125
0.4073486328125 -0.00079345703125 0.103302001953125 0.410308837890625
0.251220703125 -0.201400756835938 0.2943115234375 0.48388671875
-0.00708007812499999 -0.297119140625 0.56866455078125 0.26507568359375
-0.206939697265625 -0.128829956054687 0.630126953125 -0.09515380859375
-0.197921752929688 0.0675811767578125 0.3807373046875 -0.369903564453125
-0.09014892578125 0.201522827148438 0.07086181640625 -0.40899658203125
-0.013580322265625 0.196533203125 -0.0911712646484375 -0.278839111328125
-0.0230712890625 0.214874267578125 -0.087493896484375 -0.127296447753906
-0.0379486083984375 0.272842407226563 -0.0504531860351563 -0.0118255615234375
-0.162643432617188 0.249847412109375 -0.0536422729492187 0.0869827270507813
-0.29974365234375 0.0762939453125 -0.10418701171875 0.117042541503906
-0.265090942382813 -0.184524536132812 -0.2353515625 0.107833862304687
0.09368896484375 -0.360687255859375 -0.4019775390625 -0.04473876953125
0.32293701171875 -0.169097900390625 -0.332489013671875 -0.29205322265625
0.347930908203125 0.068023681640625 0.087371826171875 -0.330108642578125
0.272506713867188 -0.01422119140625 0.21075439453125 0.447998046875
0.160507202148438 -0.10638427734375 0.388153076171875 0.468231201171875
0.0127410888671875 -0.176773071289063 0.60955810546875 0.20318603515625
-0.112091064453125 -0.0837631225585938 0.6397705078125 -0.162353515625
-0.107147216796875 0.0369949340820313 0.3651123046875 -0.4200439453125
-0.0552215576171875 0.118217468261719 0.04345703125 -0.461334228515625
-0.022125244140625 0.116050720214844 -0.1240234375 -0.3294677734375
-0.0304718017578125 0.139198303222656 -0.124313354492187 -0.185043334960938
-0.0480499267578125 0.179931640625 -0.0709686279296875 -0.0959091186523437
-0.130340576171875 0.142990112304688 -0.0320110321044922 -0.0136947631835937
-0.190597534179688 0.015960693359375 -0.0408287048339844 0.061065673828125
-0.134445190429687 -0.144454956054688 -0.17279052734375 0.119003295898437
0.113494873046875 -0.20648193359375 -0.403289794921875 -0.01904296875
0.21514892578125 -0.0592498779296875 -0.320770263671875 -0.290863037109375
0.206298828125 0.0747222900390625 0.1708984375 -0.274063110351562
-0.0289154052734375 -0.0263023376464844 -0.232818603515625 0.310699462890625
-0.0270214080810547 0.0132503509521484 0.2889404296875 0.343353271484375
-0.0427169799804688 -0.0157737731933594 0.41033935546875 -0.031524658203125
-0.0175247192382813 0.0453224182128906 0.176040649414063 -0.154830932617187
0.0345630645751953 0.0239620208740234 0.0274314880371094 -0.0406608581542969
0.0396041870117187 -0.043609619140625 0.0198822021484375 0.08099365234375
0.00261306762695313 -0.0537033081054688 0.0770416259765625 0.161972045898438
-0.00835037231445312 -0.0314064025878906 0.13092041015625 0.206039428710938
-0.00423049926757813 -0.0325565338134766 0.12408447265625 0.3443603515625
0.00598335266113281 -0.0181350708007813 -0.043701171875 0.47723388671875
0.0234298706054687 -0.00345802307128906 -0.279327392578125 0.48040771484375
-0.000417709350585936 0.0224628448486328 -0.53729248046875 0.2579345703125
-0.0268745422363281 0.0424423217773438 -0.65740966796875 -0.1766357421875
-0.0828399658203125 0.0397262573242187 -0.49981689453125 -0.37896728515625
-0.114601135253906 -0.0403594970703125 -0.306976318359375 -0.490264892578125
0.165985107421875 0.0048675537109375 -0.251434326171875 0.28179931640625
0.141082763671875 -0.070556640625 0.245819091796875 0.34197998046875
0.00836181640624998 -0.194961547851563 0.402099609375 0.013641357421875
-0.130630493164062 -0.0810317993164063 0.199966430664063 -0.115219116210937
-0.121467590332031 0.0370330810546875 0.0560836791992188 -0.0466575622558594
-0.0395584106445313 0.0874481201171875 0.0231552124023437 0.0706710815429688
0.00545501708984375 0.07110595703125 0.0711212158203125 0.15325927734375
-0.00138473510742188 0.0686759948730469 0.128555297851563 0.198699951171875
0.0022430419921875 0.0748825073242188 0.1270751953125 0.338531494140625
-0.0210189819335938 0.0801010131835938 -0.0230712890625 0.481781005859375
-0.0603828430175781 0.0562705993652344 -0.252044677734375 0.489349365234375
-0.102256774902344 0.00579071044921874 -0.5179443359375 0.289306640625
-0.0531768798828125 -0.0840988159179688 -0.6588134765625 -0.12005615234375
0.0177383422851563 -0.0816726684570313 -0.53564453125 -0.34710693359375
0.0520744323730469 -0.0484428405761719 -0.339202880859375 -0.494964599609375
0.330963134765625 0.023895263671875 -0.232986450195312 0.271011352539063
0.282318115234375 -0.15948486328125 0.18896484375 0.345733642578125
0.03753662109375 -0.3511962890625 0.376556396484375 0.094024658203125
-0.232254028320313 -0.18157958984375 0.261825561523438 -0.0535430908203125
-0.248138427734375 0.05035400390625 0.131866455078125 -0.073638916015625
-0.104080200195313 0.195083618164062 0.0484580993652344 0.00476455688476564
0.00964355468750002 0.178604125976563 0.0549392700195313 0.100387573242188
-0.00126647949218749 0.157073974609375 0.1033935546875 0.164413452148437
0.010345458984375 0.175369262695312 0.111114501953125 0.310577392578125
-0.04559326171875 0.176361083984375 -0.01348876953125 0.466705322265625
-0.143524169921875 0.119400024414062 -0.232818603515625 0.4730224609375
-0.204818725585937 -0.00952148437499999 -0.498992919921875 0.292236328125
-0.07928466796875 -0.209823608398438 -0.64501953125 -0.0875244140625
0.113449096679688 -0.198379516601563 -0.53076171875 -0.3262939453125
0.215667724609375 -0.05267333984375 -0.315643310546875 -0.487060546875
0.44561767578125 0.024810791015625 -0.180267333984375 0.28533935546875
0.3536376953125 -0.244781494140625 0.152587890625 0.368743896484375
0.02313232421875 -0.450103759765625 0.380126953125 0.18829345703125
-0.308258056640625 -0.22332763671875 0.363677978515625 -0.000915527343750013
-0.320281982421875 0.0754699707031251 0.228591918945312 -0.13116455078125
-0.138702392578125 0.269119262695313 0.0715408325195312 -0.0984420776367187
0.00828552246093749 0.246444702148438 0.0223846435546875 0.0106639862060547
0.00111389160156248 0.225250244140625 0.0579757690429687 0.104042053222656
0.0133056640625 0.257919311523438 0.07470703125 0.257003784179688
-0.0693511962890625 0.26043701171875 -0.0172119140625 0.416778564453125
-0.223098754882812 0.169525146484375 -0.2159423828125 0.418670654296875
-0.29974365234375 -0.03204345703125 -0.462738037109375 0.261260986328125
-0.092803955078125 -0.32489013671875 -0.5950927734375 -0.0828857421875
0.202911376953125 -0.287322998046875 -0.49151611328125 -0.315887451171875
0.341644287109375 -0.044891357421875 -0.2529296875 -0.462249755859375
0.495208740234375 0.01220703125 -0.0985107421875 0.320098876953125
0.356781005859375 -0.290802001953125 0.161407470703125 0.415740966796875
-0.00616455078125003 -0.46234130859375 0.43408203125 0.26141357421875
-0.332611083984375 -0.20733642578125 0.483184814453125 0.00128173828124999
-0.324798583984375 0.0967102050781249 0.310211181640625 -0.217620849609375
-0.134796142578125 0.291900634765625 0.0854949951171875 -0.217819213867188
0.00622558593749998 0.272628784179688 -0.0174636840820313 -0.0922470092773438
-0.00117492675781253 0.258560180664063 0.00810813903808593 0.0305957794189453
0.011932373046875 0.309112548828125 0.032012939453125 0.184478759765625
-0.102264404296875 0.315032958984375 -0.03369140625 0.32904052734375
-0.292083740234375 0.1888427734375 -0.199188232421875 0.328582763671875
-0.362060546875 -0.0756530761718751 -0.40740966796875 0.202850341796875
-0.07122802734375 -0.413238525390625 -0.522674560546875 -0.08154296875
0.282470703125 -0.3201904296875 -0.431396484375 -0.30419921875
0.415496826171875 -0.0220947265625 -0.152496337890625 -0.4337158203125
0.475494384765625 -0.004608154296875 0.00744628906250004 0.363006591796875
0.309051513671875 -0.275299072265625 0.222381591796875 0.45611572265625
-0.025604248046875 -0.398834228515625 0.51141357421875 0.27496337890625
-0.289886474609375 -0.163482666015625 0.57452392578125 -0.05059814453125
-0.271926879882812 0.09759521484375 0.35247802734375 -0.307586669921875
-0.112960815429688 0.266433715820313 0.07635498046875 -0.3253173828125
-0.000411987304687494 0.251861572265625 -0.0625457763671875 -0.190933227539062
-0.00660705566406247 0.257644653320313 -0.0465354919433594 -0.047271728515625
-0.00189208984374999 0.316925048828125 -0.0138015747070313 0.0900726318359375
-0.13671875 0.31512451171875 -0.043853759765625 0.214065551757813
-0.32574462890625 0.156036376953125 -0.158782958984375 0.212570190429688
-0.356658935546875 -0.131683349609375 -0.3189697265625 0.14630126953125
-0.00329589843750002 -0.43560791015625 -0.442962646484375 -0.0616149902343751
0.331268310546875 -0.28204345703125 -0.372222900390625 -0.2862548828125
0.420989990234375 0.018310546875 -0.0399169921875 -0.3857421875
0.399017333984375 -0.019378662109375 0.12451171875 0.4073486328125
0.23663330078125 -0.210678100585938 0.317474365234375 0.462860107421875
-0.0186767578125 -0.29449462890625 0.57696533203125 0.2347412109375
-0.208084106445313 -0.114578247070312 0.61822509765625 -0.12567138671875
-0.189407348632812 0.078094482421875 0.35797119140625 -0.384307861328125
-0.081573486328125 0.20526123046875 0.050048828125 -0.40582275390625
-0.00601196289062502 0.195602416992188 -0.103622436523438 -0.264724731445312
-0.01422119140625 0.21478271484375 -0.0951309204101563 -0.119735717773437
-0.020721435546875 0.2742919921875 -0.0506172180175781 -0.00938796997070311
-0.147140502929688 0.256683349609375 -0.041839599609375 0.0864181518554688
-0.291748046875 0.092010498046875 -0.0941390991210937 0.115638732910156
-0.273056030273438 -0.165664672851562 -0.227157592773438 0.1207275390625
0.072174072265625 -0.36285400390625 -0.397064208984375 -0.0197753906249999
0.314056396484375 -0.182861328125 -0.340240478515625 -0.26873779296875
0.35101318359375 0.0523681640625 0.067474365234375 -0.333831787109375
0.265884399414063 -0.0292510986328125 0.2308349609375 0.4345703125
0.155166625976562 -0.112686157226563 0.407684326171875 0.447418212890625
0.00517272949218749 -0.178359985351563 0.6138916015625 0.1717529296875
-0.114891052246094 -0.0742111206054688 0.6214599609375 -0.19805908203125
-0.105323791503906 0.0424423217773437 0.33685302734375 -0.43499755859375
-0.0504913330078125 0.120185852050781 0.0201416015625 -0.45294189453125
-0.0164871215820313 0.116836547851562 -0.142852783203125 -0.315643310546875
-0.0184173583984375 0.139137268066406 -0.131423950195312 -0.17218017578125
-0.036956787109375 0.182296752929688 -0.0732955932617188 -0.0901718139648437
-0.120895385742188 0.148361206054687 -0.0277595520019531 -0.0138931274414062
-0.190216064453125 0.0241546630859375 -0.0369110107421875 0.0605659484863281
-0.13885498046875 -0.134048461914063 -0.165969848632813 0.127471923828125
0.100143432617188 -0.211578369140625 -0.398040771484375 0.00946044921874994
0.211654663085938 -0.0655364990234375 -0.3310546875 -0.2716064453125
0.215133666992188 0.0646209716796875 0.15863037109375 -0.279281616210938
-0.0340232849121094 -0.0282878875732422 -0.222564697265625 0.319976806640625
-0.0288162231445313 0.013427734375 0.30291748046875 0.32830810546875
-0.0478553771972656 -0.0134468078613281 0.410980224609375 -0.0491943359375
-0.0143585205078125 0.0473709106445313 0.168563842773438 -0.159210205078125
0.0364990234375 0.0254058837890625 0.0226669311523438 -0.0420875549316406
0.0368499755859375 -0.0456962585449219 0.0255889892578125 0.0799942016601563
-0.00258636474609376 -0.05133056640625 0.0859222412109375 0.156768798828125
-0.0105628967285156 -0.0282726287841797 0.137527465820313 0.197799682617188
-0.0037994384765625 -0.0324573516845703 0.136810302734375 0.334625244140625
0.00432682037353516 -0.0170536041259766 -0.0244140625 0.475738525390625
0.0230674743652344 -0.00281333923339844 -0.26123046875 0.49090576171875
0.000152587890624999 0.0241432189941406 -0.529388427734375 0.276123046875
-0.0251731872558594 0.04290771484375 -0.6666259765625 -0.15386962890625
-0.0805282592773438 0.0411605834960938 -0.51580810546875 -0.3616943359375
-0.119338989257812 -0.0380172729492188 -0.323638916015625 -0.4827880859375
0.163330078125 -0.0011749267578125 -0.2445068359375 0.290435791015625
0.139778137207031 -0.0766754150390625 0.258209228515625 0.332427978515625
-0.00283813476562501 -0.196884155273437 0.40338134765625 -0.000366210937500012
-0.133888244628906 -0.0755157470703125 0.195816040039062 -0.122726440429688
-0.118881225585938 0.043609619140625 0.0534706115722656 -0.0500831604003906
-0.03594970703125 0.0880279541015625 0.030120849609375 0.06756591796875
0.0070953369140625 0.07318115234375 0.0811920166015625 0.15081787109375
-0.00199127197265625 0.0692176818847656 0.134353637695312 0.19189453125
0.00579071044921875 0.07513427734375 0.13873291015625 0.32952880859375
-0.0179595947265625 0.08111572265625 -0.00338745117187496 0.4808349609375
-0.0585441589355469 0.0604209899902344 -0.23443603515625 0.497802734375
-0.101722717285156 0.0115509033203125 -0.509674072265625 0.306793212890625
-0.056854248046875 -0.0826797485351562 -0.667724609375 -0.0980224609375001
0.0141677856445313 -0.0822982788085937 -0.547698974609375 -0.328887939453125
0.0516090393066406 -0.0496482849121094 -0.35321044921875 -0.48699951171875
0.33203125 0.01495361328125 -0.224319458007812 0.279281616210938
0.276809692382813 -0.170364379882813 0.20343017578125 0.33343505859375
0.0220947265625 -0.356048583984375 0.381561279296875 0.080291748046875
-0.240829467773438 -0.172439575195312 0.261016845703125 -0.061431884765625
-0.247772216796875 0.0621490478515625 0.128173828125 -0.0786361694335938
-0.0978546142578125 0.201171875 0.0494041442871094 0.00363159179687501
0.012664794921875 0.1802978515625 0.0602569580078125 0.097564697265625
0.00500488281250002 0.15899658203125 0.10791015625 0.157806396484375
0.018218994140625 0.176422119140625 0.12152099609375 0.30230712890625
-0.0370330810546875 0.1781005859375 0.00668334960937496 0.462127685546875
-0.138565063476563 0.12493896484375 -0.21246337890625 0.479248046875
-0.20513916015625 0.002593994140625 -0.4862060546875 0.31011962890625
-0.0893707275390625 -0.207138061523437 -0.64892578125 -0.0668945312499999
0.104690551757812 -0.20172119140625 -0.544097900390625 -0.30877685546875
0.213119506835938 -0.0597076416015625 -0.335479736328125 -0.478302001953125
0.4453125 0.0125732421875 -0.17095947265625 0.291168212890625
0.34552001953125 -0.25579833984375 0.164306640625 0.3623046875
0.00540161132812497 -0.453216552734375 0.389190673828125 0.17791748046875
-0.319183349609375 -0.211578369140625 0.366790771484375 -0.0133056640625
-0.319000244140625 0.0892639160156249 0.223129272460937 -0.139572143554688
-0.128448486328125 0.27520751953125 0.0705490112304688 -0.0995712280273437
0.015472412109375 0.249771118164063 0.0250244140625 0.00956726074218752
0.00906372070312502 0.226547241210938 0.0635833740234375 0.100685119628906
0.0265350341796875 0.25823974609375 0.085662841796875 0.2547607421875
-0.0583038330078125 0.262725830078125 -0.000488281250000021 0.41473388671875
-0.215744018554687 0.179550170898438 -0.20098876953125 0.426513671875
-0.301177978515625 -0.0185241699218751 -0.455841064453125 0.279449462890625
-0.106842041015625 -0.323944091796875 -0.60089111328125 -0.0620117187499999
0.19305419921875 -0.292633056640625 -0.5047607421875 -0.29840087890625
0.34161376953125 -0.055999755859375 -0.269256591796875 -0.457733154296875
0.492950439453125 -0.000732421875 -0.089447021484375 0.3238525390625
0.347076416015625 -0.30078125 0.175384521484375 0.4088134765625
-0.024566650390625 -0.465240478515625 0.445037841796875 0.2486572265625
-0.33966064453125 -0.19464111328125 0.48724365234375 -0.016143798828125
-0.320648193359375 0.109344482421875 0.3021240234375 -0.228485107421875
-0.124114990234375 0.299163818359375 0.0759429931640625 -0.218002319335938
0.0153350830078125 0.275665283203125 -0.0212936401367187 -0.0920257568359375
0.00837707519531249 0.263290405273438 0.00877571105957031 0.0298557281494141
0.024139404296875 0.309967041015625 0.0396575927734375 0.182373046875
-0.0892333984375 0.318023681640625 -0.018585205078125 0.329254150390625
-0.286285400390625 0.20123291015625 -0.185546875 0.333465576171875
-0.365814208984375 -0.0598754882812501 -0.401458740234375 0.218475341796875
-0.0863037109375 -0.412872314453125 -0.52508544921875 -0.0614624023437501
0.273101806640625 -0.329925537109375 -0.4404296875 -0.28851318359375
0.41729736328125 -0.03509521484375 -0.169464111328125 -0.42803955078125
0.473724365234375 -0.01806640625 0.0198364257812501 0.3668212890625
0.30023193359375 -0.284820556640625 0.24139404296875 0.44732666015625
-0.040313720703125 -0.400054931640625 0.523406982421875 0.2593994140625
-0.296875 -0.14984130859375 0.574462890625 -0.07037353515625
-0.267410278320313 0.109039306640625 0.342376708984375 -0.321990966796875
-0.102828979492188 0.272979736328125 0.062591552734375 -0.326080322265625
0.00946044921874998 0.255218505859375 -0.068359375 -0.186248779296875
0.00382995605468751 0.2596435546875 -0.047393798828125 -0.0436363220214844
0.01080322265625 0.31927490234375 -0.00976562499999999 0.0899734497070313
-0.123138427734375 0.320404052734375 -0.03485107421875 0.2108154296875
-0.31988525390625 0.17266845703125 -0.151641845703125 0.218658447265625
-0.36370849609375 -0.119171142578125 -0.31561279296875 0.15667724609375
-0.020477294921875 -0.436737060546875 -0.44525146484375 -0.04315185546875
0.322662353515625 -0.293731689453125 -0.382904052734375 -0.270111083984375
0.42425537109375 0.004974365234375 -0.0531311035156249 -0.386627197265625
0.39166259765625 -0.03350830078125 0.13812255859375 0.40509033203125
0.228851318359375 -0.217864990234375 0.33441162109375 0.455108642578125
-0.029998779296875 -0.2952880859375 0.58795166015625 0.2169189453125
-0.213470458984375 -0.104888916015625 0.61492919921875 -0.147705078125
-0.187088012695313 0.085479736328125 0.343902587890625 -0.3974609375
-0.0732574462890625 0.208755493164063 0.036285400390625 -0.40350341796875
0.000427246093749989 0.199752807617188 -0.115036010742187 -0.258590698242188
-0.00532531738281252 0.21734619140625 -0.097320556640625 -0.111640930175781
-0.00910949707031253 0.277130126953125 -0.0508346557617188 -0.00634002685546873
-0.13726806640625 0.2637939453125 -0.0366058349609375 0.0862960815429688
-0.2908935546875 0.105224609375 -0.0908279418945313 0.117889404296875
-0.2799072265625 -0.155502319335938 -0.223220825195313 0.12872314453125
0.058013916015625 -0.36712646484375 -0.397003173828125 -0.00360107421875004
0.310577392578125 -0.194427490234375 -0.3502197265625 -0.255523681640625
0.356231689453125 0.04302978515625 0.057525634765625 -0.337127685546875
0.2611083984375 -0.0368804931640625 0.2451171875 0.43194580078125
0.151260375976563 -0.116744995117188 0.423553466796875 0.4337158203125
-0.00238037109375 -0.177597045898438 0.624267578125 0.15045166015625
-0.11712646484375 -0.0688705444335938 0.61383056640625 -0.2196044921875
-0.103042602539062 0.0440750122070313 0.321990966796875 -0.44769287109375
-0.046142578125 0.122726440429688 0.00521850585937496 -0.449920654296875
-0.0140533447265625 0.119285583496094 -0.1514892578125 -0.30499267578125
-0.0139617919921875 0.142303466796875 -0.134933471679688 -0.163909912109375
-0.028717041015625 0.187088012695312 -0.0765762329101563 -0.0868072509765625
-0.11712646484375 0.156585693359375 -0.0278511047363281 -0.016031265258789
-0.190200805664063 0.0331878662109375 -0.0348892211914063 0.0585861206054688
-0.145523071289063 -0.129745483398437 -0.1590576171875 0.133438110351563
0.091278076171875 -0.21710205078125 -0.397552490234375 0.026336669921875
0.213119506835937 -0.0728607177734375 -0.340087890625 -0.256988525390625
0.2193603515625 0.0582122802734375 0.1500244140625 -0.287750244140625
-0.0386962890625 -0.0277519226074219 -0.214935302734375 0.33392333984375
-0.0318603515625 0.0137271881103516 0.323150634765625 0.321044921875
-0.05401611328125 -0.0103988647460938 0.4190673828125 -0.0667724609375
-0.0103836059570312 0.0494003295898437 0.165878295898438 -0.167495727539063
0.0399017333984375 0.0236434936523438 0.0217399597167969 -0.04290771484375
0.03515625 -0.0470504760742188 0.0307235717773438 0.0791473388671875
-0.00681304931640625 -0.0503425598144531 0.094451904296875 0.153091430664063
-0.0118255615234375 -0.0279693603515625 0.1461181640625 0.192520141601563
-0.00524330139160156 -0.0325126647949219 0.15179443359375 0.3314208984375
0.00365829467773438 -0.0182209014892578 -0.00366210937500005 0.482177734375
0.0235061645507813 -0.00474166870117188 -0.247222900390625 0.508209228515625
0.00170516967773438 0.0258312225341797 -0.5286865234375 0.301483154296875
-0.0249862670898437 0.0440177917480469 -0.687255859375 -0.1346435546875
-0.0809326171875 0.0454483032226563 -0.539825439453125 -0.35101318359375
-0.125526428222656 -0.0355300903320312 -0.34698486328125 -0.485321044921875
0.164520263671875 -0.0075836181640625 -0.239013671875 0.303680419921875
0.139572143554688 -0.0834503173828125 0.277313232421875 0.325439453125
-0.0143890380859375 -0.20184326171875 0.4124755859375 -0.019195556640625
-0.139030456542969 -0.0710601806640625 0.19512939453125 -0.131622314453125
-0.119125366210937 0.0496444702148438 0.0526504516601562 -0.0524749755859375
-0.0339202880859375 0.0926513671875 0.0345878601074219 0.0672988891601563
0.0090789794921875 0.0770721435546875 0.090087890625 0.148666381835938
0.000930786132812496 0.071380615234375 0.143203735351563 0.187713623046875
0.00962829589843751 0.0760345458984375 0.153594970703125 0.326324462890625
-0.014312744140625 0.0836181640625 0.017974853515625 0.485565185546875
-0.0574607849121094 0.0647964477539062 -0.218017578125 0.514739990234375
-0.101852416992188 0.0177993774414062 -0.5072021484375 0.3309326171875
-0.0617904663085937 -0.08294677734375 -0.68670654296875 -0.0767822265624999
0.0104827880859375 -0.0844879150390625 -0.573974609375 -0.31536865234375
0.0497016906738281 -0.0532112121582031 -0.378082275390625 -0.486663818359375
0.337646484375 0.005035400390625 -0.21875 0.2918701171875
0.274551391601563 -0.183090209960938 0.21978759765625 0.3306884765625
0.00540161132812501 -0.3660888671875 0.39361572265625 0.065460205078125
-0.25250244140625 -0.165664672851563 0.265670776367188 -0.071136474609375
-0.249755859375 0.0752716064453125 0.127754211425781 -0.0862808227539063
-0.0915985107421875 0.210067749023437 0.0519447326660156 0.00210952758789064
0.019622802734375 0.186447143554688 0.0667572021484375 0.095489501953125
0.011932373046875 0.163162231445313 0.114944458007813 0.154052734375
0.0262908935546875 0.178512573242188 0.134674072265625 0.30035400390625
-0.0294952392578125 0.182968139648438 0.027618408203125 0.466705322265625
-0.135551452636719 0.134994506835937 -0.197265625 0.49749755859375
-0.207061767578125 0.0119476318359375 -0.484039306640625 0.33587646484375
-0.100479125976562 -0.208724975585938 -0.66546630859375 -0.0452270507812501
0.0988006591796875 -0.208770751953125 -0.5689697265625 -0.29534912109375
0.214202880859375 -0.0680694580078125 -0.35858154296875 -0.478790283203125
0.45233154296875 -0.00054931640625 -0.164947509765625 0.3028564453125
0.341949462890625 -0.27203369140625 0.182220458984375 0.360565185546875
-0.014495849609375 -0.46636962890625 0.40667724609375 0.16656494140625
-0.33428955078125 -0.202880859375 0.376312255859375 -0.026641845703125
-0.3211669921875 0.103729248046875 0.22247314453125 -0.152099609375
-0.118927001953125 0.28662109375 0.0689620971679687 -0.103111267089844
0.0247955322265625 0.257080078125 0.0278282165527344 0.00765609741210939
0.01898193359375 0.23175048828125 0.067718505859375 0.09893798828125
0.0383148193359375 0.262222290039063 0.0978240966796875 0.253982543945313
-0.0475921630859375 0.269088745117187 0.0189208984375 0.4180908203125
-0.2135009765625 0.194320678710938 -0.189605712890625 0.441497802734375
-0.306976318359375 -0.00341796875 -0.454925537109375 0.30340576171875
-0.12396240234375 -0.3267822265625 -0.61724853515625 -0.04180908203125
0.184051513671875 -0.306488037109375 -0.526763916015625 -0.286285400390625
0.34649658203125 -0.067169189453125 -0.29193115234375 -0.461517333984375
0.50146484375 -0.014373779296875 -0.0794372558593749 0.33349609375
0.3408203125 -0.3170166015625 0.194610595703125 0.409912109375
-0.046600341796875 -0.475494384765625 0.46575927734375 0.23724365234375
-0.35369873046875 -0.18365478515625 0.49761962890625 -0.034759521484375
-0.32281494140625 0.125396728515625 0.29986572265625 -0.246490478515625
-0.11480712890625 0.310821533203125 0.0706329345703125 -0.224227905273438
0.025146484375 0.281646728515625 -0.023040771484375 -0.0920257568359375
0.020599365234375 0.268768310546875 0.0116691589355469 0.0313682556152344
0.039459228515625 0.316314697265625 0.0472869873046875 0.183456420898438
-0.077911376953125 0.327606201171875 -0.0032958984375 0.330780029296875
-0.283233642578125 0.219635009765625 -0.17828369140625 0.346588134765625
-0.375091552734375 -0.045654296875 -0.40087890625 0.238800048828125
-0.105987548828125 -0.418548583984375 -0.538116455078125 -0.0442810058593749
0.2664794921875 -0.347442626953125 -0.461212158203125 -0.278228759765625
0.426055908203125 -0.04681396484375 -0.18798828125 -0.4334716796875
0.478912353515625 -0.03021240234375 0.0319519042968751 0.374664306640625
0.293487548828125 -0.2982177734375 0.262237548828125 0.44927978515625
-0.058197021484375 -0.407928466796875 0.54718017578125 0.24560546875
-0.307952880859375 -0.139434814453125 0.5853271484375 -0.0931396484375
-0.268051147460938 0.121078491210938 0.336822509765625 -0.34442138671875
-0.092926025390625 0.282257080078125 0.052886962890625 -0.33160400390625
0.019073486328125 0.262741088867188 -0.076202392578125 -0.184036254882812
0.015289306640625 0.26568603515625 -0.047576904296875 -0.0412826538085937
0.0252685546875 0.326690673828125 -0.00597381591796876 0.09234619140625
-0.110992431640625 0.3341064453125 -0.0245361328125 0.212493896484375
-0.320220947265625 0.191802978515625 -0.14654541015625 0.227615356445312
-0.375518798828125 -0.106536865234375 -0.316497802734375 0.17333984375
-0.03936767578125 -0.447021484375 -0.454742431640625 -0.027252197265625
0.320098876953125 -0.31219482421875 -0.4000244140625 -0.26031494140625
0.436248779296875 -0.0079345703125 -0.06939697265625 -0.3939208984375
0.39453125 -0.04443359375 0.1546630859375 0.41143798828125
0.224655151367188 -0.228256225585938 0.360107421875 0.45068359375
-0.04205322265625 -0.30047607421875 0.610595703125 0.1990966796875
-0.220596313476563 -0.0962066650390625 0.62255859375 -0.17510986328125
-0.18621826171875 0.093475341796875 0.3341064453125 -0.41961669921875
-0.0647430419921875 0.216171264648438 0.0224609375 -0.40960693359375
0.00640869140625001 0.206787109375 -0.124725341796875 -0.25592041015625
0.00546264648437501 0.22296142578125 -0.101211547851563 -0.107734680175781
0.00393676757812503 0.285797119140625 -0.0522613525390625 -0.0047492980957031
-0.12884521484375 0.275833129882813 -0.032623291015625 0.0846939086914063
-0.293212890625 0.121185302734375 -0.0894088745117187 0.121528625488281
-0.292266845703125 -0.1473388671875 -0.222640991210938 0.140396118164063
0.0435791015625 -0.37841796875 -0.404388427734375 0.0135498046875
0.311309814453125 -0.209686279296875 -0.3668212890625 -0.243927001953125
0.3677978515625 0.03167724609375 0.044647216796875 -0.347503662109375
0.259719848632813 -0.0442047119140625 0.265350341796875 0.434722900390625
0.149856567382813 -0.122879028320313 0.45050048828125 0.42626953125
-0.00962829589843752 -0.18115234375 0.6444091796875 0.13250732421875
-0.119895935058594 -0.0630035400390625 0.61859130859375 -0.2486572265625
-0.101737976074219 0.0489273071289062 0.310272216796875 -0.467193603515625
-0.041839599609375 0.126480102539063 -0.01171875 -0.4534912109375
-0.010833740234375 0.123428344726563 -0.164947509765625 -0.30120849609375
-0.008514404296875 0.147201538085938 -0.142196655273438 -0.157852172851563
-0.0203094482421875 0.19354248046875 -0.0815048217773438 -0.0853500366210938
-0.112884521484375 0.165664672851563 -0.0280303955078125 -0.0184535980224609
-0.193588256835938 0.041473388671875 -0.0334434509277344 0.0586433410644531
-0.153335571289062 -0.127334594726563 -0.15557861328125 0.14263916015625
0.0838165283203125 -0.22564697265625 -0.40130615234375 0.0445556640624999
0.216598510742188 -0.0817413330078125 -0.356170654296875 -0.24737548828125
0.22784423828125 0.052215576171875 0.141845703125 -0.300628662109375
-0.0450057983398438 -0.0268440246582031 -0.204559326171875 0.35406494140625
-0.0342388153076172 0.0168056488037109 0.351898193359375 0.310028076171875
-0.0614204406738281 -0.00543212890625 0.428741455078125 -0.096282958984375
-0.00593185424804687 0.0515594482421875 0.161651611328125 -0.182159423828125
0.0446815490722656 0.0215377807617187 0.019317626953125 -0.0446434020996094
0.0312232971191406 -0.0504150390625 0.0373306274414063 0.0783615112304688
-0.0116500854492188 -0.0487823486328125 0.107391357421875 0.150100708007813
-0.0137310028076172 -0.0272140502929688 0.158432006835938 0.186492919921875
-0.00793075561523438 -0.0334434509277344 0.17437744140625 0.327362060546875
0.00249290466308594 -0.0180187225341797 0.02471923828125 0.4903564453125
0.0238628387451172 -0.00611686706542969 -0.222198486328125 0.5384521484375
0.00465583801269531 0.0268192291259766 -0.52783203125 0.339813232421875
-0.0242271423339844 0.0453987121582031 -0.719482421875 -0.0991210937500002
-0.0811843872070313 0.05078125 -0.5804443359375 -0.33221435546875
-0.133026123046875 -0.03033447265625 -0.38372802734375 -0.4854736328125
0.16754150390625 -0.015380859375 -0.230743408203125 0.324432373046875
0.136856079101563 -0.093109130859375 0.304351806640625 0.316192626953125
-0.0312042236328125 -0.206619262695313 0.425201416015625 -0.04681396484375
-0.146881103515625 -0.0654144287109375 0.194244384765625 -0.146987915039063
-0.118019104003906 0.0588455200195312 0.0509071350097656 -0.0570487976074219
-0.0298995971679688 0.09771728515625 0.0415992736816406 0.0671043395996094
0.0138473510742187 0.081512451171875 0.101852416992187 0.145309448242188
0.00579071044921875 0.0758438110351563 0.1556396484375 0.180740356445313
0.0153045654296875 0.0785293579101563 0.17535400390625 0.321380615234375
-0.009613037109375 0.0859298706054688 0.04754638671875 0.49322509765625
-0.0541534423828125 0.06982421875 -0.1927490234375 0.54254150390625
-0.101844787597656 0.0256271362304687 -0.50421142578125 0.3709716796875
-0.069854736328125 -0.0821151733398438 -0.71417236328125 -0.04180908203125
0.00396728515625001 -0.0880126953125 -0.61016845703125 -0.29229736328125
0.0462379455566406 -0.0567703247070313 -0.41796875 -0.487213134765625
0.346527099609375 -0.011199951171875 -0.211944580078125 0.3116455078125
0.2745361328125 -0.201522827148438 0.2462158203125 0.32391357421875
-0.01959228515625 -0.37872314453125 0.41143798828125 0.04205322265625
-0.270294189453125 -0.1568603515625 0.271469116210938 -0.08941650390625
-0.252655029296875 0.0920867919921875 0.127525329589844 -0.096771240234375
-0.0813751220703125 0.221893310546875 0.054107666015625 -0.000659942626953111
0.0308685302734375 0.194091796875 0.0750274658203125 0.0928802490234375
0.0224609375 0.169036865234375 0.126190185546875 0.1484375
0.038604736328125 0.183395385742188 0.154388427734375 0.298126220703125
-0.0191650390625 0.18853759765625 0.056640625 0.473724365234375
-0.129638671875 0.14801025390625 -0.174407958984375 0.523590087890625
-0.210556030273438 0.02630615234375 -0.48089599609375 0.373382568359375
-0.117080688476562 -0.208282470703125 -0.69158935546875 -0.00823974609375007
0.0881195068359375 -0.22100830078125 -0.6038818359375 -0.27093505859375
0.216033935546875 -0.079742431640625 -0.398162841796875 -0.47906494140625
0.465911865234375 -0.021026611328125 -0.1552734375 0.320281982421875
0.33819580078125 -0.29730224609375 0.20794677734375 0.35821533203125
-0.045074462890625 -0.481842041015625 0.430511474609375 0.146331787109375
-0.355987548828125 -0.189544677734375 0.38836669921875 -0.049224853515625
-0.32366943359375 0.12677001953125 0.220870971679688 -0.1712646484375
-0.10552978515625 0.302642822265625 0.066070556640625 -0.10955810546875
0.041107177734375 0.266860961914062 0.0304298400878906 0.00622558593750002
0.034576416015625 0.238983154296875 0.0763015747070313 0.0967788696289063
0.056732177734375 0.269302368164063 0.114166259765625 0.25439453125
-0.03271484375 0.280853271484375 0.044830322265625 0.42315673828125
-0.206497192382813 0.215484619140625 -0.169342041015625 0.4666748046875
-0.313812255859375 0.015228271484375 -0.451873779296875 0.338775634765625
-0.147979736328125 -0.330535888671875 -0.639892578125 -0.00787353515624997
0.17156982421875 -0.32501220703125 -0.562164306640625 -0.26385498046875
0.35382080078125 -0.086090087890625 -0.326904296875 -0.4617919921875
0.5130615234375 -0.036346435546875 -0.0645751953125 0.34967041015625
0.33367919921875 -0.3416748046875 0.224212646484375 0.409637451171875
-0.078399658203125 -0.489532470703125 0.49810791015625 0.217315673828125
-0.375396728515625 -0.169097900390625 0.51263427734375 -0.064117431640625
-0.32342529296875 0.147552490234375 0.294891357421875 -0.27313232421875
-0.099090576171875 0.326690673828125 0.061492919921875 -0.23382568359375
0.04351806640625 0.292816162109375 -0.0276260375976563 -0.0930938720703125
0.0380401611328125 0.27679443359375 0.0150890350341797 0.0314788818359375
0.06219482421875 0.3245849609375 0.0594329833984375 0.18475341796875
-0.059295654296875 0.342071533203125 0.017852783203125 0.335693359375
-0.277847290039063 0.246978759765625 -0.164093017578125 0.366912841796875
-0.38848876953125 -0.0234374999999999 -0.3983154296875 0.26934814453125
-0.13580322265625 -0.42694091796875 -0.558135986328125 -0.0158081054687501
0.254486083984375 -0.37359619140625 -0.49114990234375 -0.259307861328125
0.4384765625 -0.068267822265625 -0.219879150390625 -0.438385009765625
0.4892578125 -0.051055908203125 0.0523986816406251 0.386810302734375
0.285369873046875 -0.319427490234375 0.296051025390625 0.44732666015625
-0.0841064453125 -0.41876220703125 0.5810546875 0.22100830078125
-0.323394775390625 -0.124755859375 0.59967041015625 -0.13116455078125
-0.267730712890625 0.140670776367188 0.327606201171875 -0.3751220703125
-0.07806396484375 0.2955322265625 0.037750244140625 -0.342437744140625
0.03564453125 0.272384643554688 -0.0871124267578125 -0.183792114257812
0.032257080078125 0.27294921875 -0.0489768981933594 -0.0381278991699219
0.048736572265625 0.336151123046875 -0.000640869140625004 0.0954437255859375
-0.093719482421875 0.35064697265625 -0.011688232421875 0.215652465820313
-0.317779541015625 0.218597412109375 -0.139144897460938 0.241073608398438
-0.393402099609375 -0.086883544921875 -0.3155517578125 0.19732666015625
-0.0684814453125 -0.460357666015625 -0.46893310546875 -0.000579833984374981
0.31475830078125 -0.340423583984375 -0.427215576171875 -0.244110107421875
0.451385498046875 -0.029266357421875 -0.0955810546875 -0.4039306640625
0.40069580078125 -0.061279296875 0.181488037109375 0.4190673828125
0.21875 -0.244247436523437 0.3984375 0.445098876953125
-0.06146240234375 -0.30731201171875 0.64447021484375 0.17144775390625
-0.2310791015625 -0.0859527587890625 0.63238525390625 -0.217529296875
-0.185089111328125 0.106414794921875 0.320831298828125 -0.45166015625
-0.0539398193359375 0.225418090820312 0.00177001953125003 -0.41961669921875
0.0198974609375 0.213851928710938 -0.1416015625 -0.252761840820313
0.0200347900390625 0.2308349609375 -0.108131408691406 -0.102607727050781
0.022857666015625 0.295501708984375 -0.05377197265625 -0.00165939331054687
-0.1162109375 0.293060302734375 -0.0278472900390625 0.0845260620117188
-0.294921875 0.1434326171875 -0.0863189697265625 0.128669738769531
-0.30963134765625 -0.135162353515625 -0.219467163085938 0.157333374023437
0.02294921875 -0.39471435546875 -0.413116455078125 0.03778076171875
0.31121826171875 -0.2337646484375 -0.3924560546875 -0.229522705078125
0.383392333984375 0.015167236328125 0.02484130859375 -0.361236572265625
0.260726928710938 -0.0557098388671875 0.2974853515625 0.437896728515625
0.148269653320313 -0.133438110351562 0.4906005859375 0.414398193359375
-0.0194549560546875 -0.186431884765625 0.67431640625 0.099853515625
-0.126022338867188 -0.0577774047851562 0.62384033203125 -0.292236328125
-0.101089477539063 0.0560684204101562 0.29058837890625 -0.50006103515625
-0.0354766845703125 0.132858276367188 -0.0340576171875 -0.464508056640625
-0.00364685058593749 0.130256652832031 -0.18499755859375 -0.29571533203125
0.00167846679687499 0.153350830078125 -0.152328491210937 -0.151123046875
-0.00665283203125 0.202713012695313 -0.0899658203125 -0.0833511352539062
-0.107162475585938 0.179229736328125 -0.0306644439697266 -0.0215969085693359
-0.197647094726563 0.0549163818359375 -0.031982421875 0.0596351623535156
-0.164108276367187 -0.1234130859375 -0.150421142578125 0.154983520507812
0.0730438232421875 -0.23876953125 -0.4102783203125 0.071685791015625
0.220779418945313 -0.095306396484375 -0.379852294921875 -0.23272705078125
0.238479614257813 0.0425262451171875 0.127227783203125 -0.31915283203125
-0.051605224609375 -0.0234107971191406 -0.181976318359375 0.375579833984375
-0.0349655151367188 0.0203266143798828 0.380615234375 0.2847900390625
-0.0671195983886719 0.00306701660156249 0.42840576171875 -0.136077880859375
-0.00175094604492187 0.0525550842285156 0.149398803710938 -0.198974609375
0.04779052734375 0.0173263549804688 0.0166473388671875 -0.0459365844726563
0.0260086059570313 -0.054412841796875 0.0457229614257813 0.0757369995117188
-0.0155601501464844 -0.0454368591308594 0.121658325195313 0.141586303710938
-0.0149898529052734 -0.0244731903076172 0.174057006835938 0.173583984375
-0.0106410980224609 -0.0325107574462891 0.200927734375 0.313140869140625
0.00102424621582031 -0.0193328857421875 0.0639648437500001 0.492889404296875
0.0242881774902344 -0.00808143615722656 -0.1832275390625 0.56280517578125
0.00719070434570313 0.0273323059082031 -0.51171875 0.387664794921875
-0.023162841796875 0.0478553771972656 -0.7432861328125 -0.0452270507812501
-0.0798873901367188 0.0561676025390625 -0.6163330078125 -0.29302978515625
-0.140388488769531 -0.0210418701171875 -0.42901611328125 -0.46893310546875
0.168075561523438 -0.02734375 -0.21270751953125 0.347900390625
0.132255554199219 -0.104270935058594 0.3341064453125 0.295257568359375
-0.052337646484375 -0.206787109375 0.42913818359375 -0.085235595703125
-0.155563354492187 -0.054901123046875 0.18670654296875 -0.166839599609375
-0.115371704101563 0.0683059692382812 0.0465774536132812 -0.0621871948242188
-0.0229034423828125 0.101692199707031 0.0481643676757813 0.0646743774414063
0.0207290649414062 0.0843963623046875 0.116165161132813 0.137519836425781
0.0128860473632812 0.07684326171875 0.1705322265625 0.16748046875
0.0222625732421875 0.0789337158203125 0.201751708984375 0.3092041015625
-0.00239562988281251 0.0873947143554688 0.087493896484375 0.49224853515625
-0.0475997924804688 0.076263427734375 -0.15228271484375 0.56732177734375
-0.100021362304687 0.03369140625 -0.484710693359375 0.417449951171875
-0.0806350708007813 -0.0779647827148438 -0.734619140625 0.0136718749999998
-0.00457763671875 -0.0892410278320313 -0.645751953125 -0.25
0.0414962768554688 -0.0608444213867187 -0.46435546875 -0.4676513671875
0.35186767578125 -0.034881591796875 -0.1943359375 0.333099365234375
0.26409912109375 -0.225082397460938 0.275421142578125 0.306976318359375
-0.05474853515625 -0.38433837890625 0.4222412109375 0.00698852539062498
-0.288543701171875 -0.1385498046875 0.269821166992188 -0.113723754882813
-0.249038696289063 0.113479614257812 0.12109375 -0.110015869140625
-0.064697265625 0.23284912109375 0.0572319030761719 -0.00432205200195311
0.0483856201171875 0.196853637695312 0.0849761962890625 0.0864791870117188
0.038116455078125 0.170059204101563 0.138755798339844 0.138343811035156
0.05584716796875 0.18292236328125 0.17877197265625 0.288482666015625
-0.00321960449218748 0.192398071289063 0.095733642578125 0.472381591796875
-0.117141723632813 0.162155151367188 -0.134429931640625 0.5458984375
-0.209640502929688 0.04339599609375 -0.4608154296875 0.420013427734375
-0.138427734375 -0.203201293945313 -0.70623779296875 0.0449218749999998
0.0704345703125 -0.230728149414063 -0.6361083984375 -0.2286376953125
0.213577270507813 -0.095672607421875 -0.443206787109375 -0.461456298828125
0.47271728515625 -0.051513671875 -0.13446044921875 0.337738037109375
0.32366943359375 -0.326019287109375 0.23876953125 0.34527587890625
-0.088775634765625 -0.4866943359375 0.44903564453125 0.11053466796875
-0.378814697265625 -0.1649169921875 0.392303466796875 -0.083038330078125
-0.3193359375 0.15545654296875 0.211471557617187 -0.193557739257813
-0.081268310546875 0.31695556640625 0.0612030029296875 -0.11651611328125
0.064666748046875 0.269943237304688 0.0325260162353516 0.00305557250976564
0.055023193359375 0.240997314453125 0.0846099853515625 0.0899887084960938
0.0823822021484375 0.269622802734375 0.136001586914062 0.2476806640625
-0.009735107421875 0.286407470703125 0.079803466796875 0.42266845703125
-0.190444946289063 0.236984252929687 -0.1343994140625 0.48828125
-0.315643310546875 0.040557861328125 -0.43255615234375 0.38189697265625
-0.179901123046875 -0.3243408203125 -0.65283203125 0.04132080078125
0.148895263671875 -0.343994140625 -0.59259033203125 -0.2249755859375
0.355316162109375 -0.1109619140625 -0.370697021484375 -0.451019287109375
0.52020263671875 -0.071197509765625 -0.041351318359375 0.36163330078125
0.314239501953125 -0.369964599609375 0.25946044921875 0.397552490234375
-0.119781494140625 -0.49249267578125 0.52520751953125 0.1795654296875
-0.39471435546875 -0.1409912109375 0.519500732421875 -0.108642578125
-0.316619873046875 0.17578125 0.27789306640625 -0.303741455078125
-0.073333740234375 0.3397216796875 0.04620361328125 -0.241256713867187
0.068878173828125 0.295867919921875 -0.0334091186523437 -0.0920867919921875
0.062225341796875 0.278457641601563 0.0185527801513672 0.0293693542480469
0.09271240234375 0.32598876953125 0.075531005859375 0.182540893554688
-0.031219482421875 0.351959228515625 0.04473876953125 0.336029052734375
-0.260467529296875 0.27410888671875 -0.138397216796875 0.386383056640625
-0.395538330078125 0.00762939453125004 -0.38507080078125 0.3065185546875
-0.174591064453125 -0.42529296875 -0.569580078125 0.0265502929687499
0.230224609375 -0.399932861328125 -0.52154541015625 -0.2239990234375
0.445648193359375 -0.098907470703125 -0.260284423828125 -0.430877685546875
0.4927978515625 -0.083404541015625 0.082305908203125 0.39251708984375
0.267547607421875 -0.34405517578125 0.33697509765625 0.430023193359375
-0.12115478515625 -0.41998291015625 0.6102294921875 0.1785888671875
-0.338531494140625 -0.100982666015625 0.60260009765625 -0.18218994140625
-0.259353637695313 0.163909912109375 0.303253173828125 -0.40972900390625
-0.054840087890625 0.30535888671875 0.01312255859375 -0.350616455078125
0.05859375 0.2752685546875 -0.101211547851563 -0.17852783203125
0.0562591552734375 0.2752685546875 -0.0502700805664062 -0.0346298217773437
0.0804443359375 0.339263916015625 0.0069732666015625 0.0972671508789063
-0.065673828125 0.364105224609375 0.004791259765625 0.215286254882813
-0.305023193359375 0.251190185546875 -0.123153686523438 0.256683349609375
-0.4073486328125 -0.0570983886718749 -0.3050537109375 0.22412109375
-0.107330322265625 -0.464752197265625 -0.47637939453125 0.03546142578125
0.293853759765625 -0.370361328125 -0.45452880859375 -0.2135009765625
0.4610595703125 -0.05987548828125 -0.131134033203125 -0.405303955078125
0.401519775390625 -0.087005615234375 0.21673583984375 0.41644287109375
0.205093383789062 -0.261795043945312 0.44036865234375 0.420440673828125
-0.087554931640625 -0.308929443359375 0.6715087890625 0.12225341796875
-0.240020751953125 -0.068817138671875 0.6280517578125 -0.2738037109375
-0.178359985351563 0.122085571289062 0.2904052734375 -0.48736572265625
-0.036346435546875 0.23260498046875 -0.0281982421875 -0.425323486328125
0.03662109375 0.217849731445313 -0.162078857421875 -0.243560791015625
0.04107666015625 0.233001708984375 -0.113410949707031 -0.0942916870117188
0.051361083984375 0.2999267578125 -0.0546760559082031 0.00291061401367189
-0.09375 0.308502197265625 -0.0228424072265625 0.0839004516601563
-0.28887939453125 0.17132568359375 -0.0784988403320313 0.135650634765625
-0.326446533203125 -0.113983154296875 -0.20977783203125 0.17645263671875
-0.00958251953125002 -0.405487060546875 -0.416839599609375 0.073455810546875
0.3006591796875 -0.2625732421875 -0.418914794921875 -0.201141357421875
0.39483642578125 -0.0115966796875 -0.00506591796875001 -0.370452880859375
0.25897216796875 -0.07080078125 0.3363037109375 0.42742919921875
0.141647338867188 -0.144638061523438 0.5340576171875 0.381317138671875
-0.03558349609375 -0.1890869140625 0.6954345703125 0.0460205078125
-0.130859375 -0.047821044921875 0.61065673828125 -0.34906005859375
-0.0976333618164062 0.0642166137695313 0.25634765625 -0.532135009765625
-0.0256118774414062 0.137397766113281 -0.069244384765625 -0.466705322265625
0.00575256347656249 0.134666442871094 -0.208984375 -0.282989501953125
0.0157012939453125 0.156173706054688 -0.162246704101563 -0.138717651367187
0.0121002197265625 0.208221435546875 -0.0979385375976563 -0.076080322265625
-0.0947113037109375 0.192230224609375 -0.0336284637451172 -0.0237083435058594
-0.19647216796875 0.0715789794921875 -0.0286712646484375 0.060821533203125
-0.176895141601563 -0.113998413085937 -0.138809204101562 0.16949462890625
0.0551605224609375 -0.249130249023438 -0.410003662109375 0.10845947265625
0.219451904296875 -0.11468505859375 -0.406707763671875 -0.205810546875
0.24774169921875 0.026336669921875 0.102264404296875 -0.334991455078125
-0.0563278198242188 -0.0182991027832031 -0.152130126953125 0.385467529296875
-0.0343456268310547 0.0240154266357422 0.403076171875 0.247314453125
-0.0686149597167969 0.0124702453613281 0.413543701171875 -0.17437744140625
0.0039520263671875 0.05316162109375 0.130966186523438 -0.211959838867188
0.0491828918457031 0.0115928649902344 0.0126190185546875 -0.0462684631347656
0.0197715759277344 -0.0548591613769531 0.0536575317382813 0.0701370239257813
-0.018646240234375 -0.0414314270019531 0.13299560546875 0.127288818359375
-0.0153942108154297 -0.0229721069335938 0.183090209960937 0.15301513671875
-0.0135936737060547 -0.0306949615478516 0.22119140625 0.288055419921875
-0.000825881958007811 -0.01910400390625 0.10400390625 0.477508544921875
0.0237312316894531 -0.0102806091308594 -0.1300048828125 0.5733642578125
0.0102405548095703 0.0259685516357422 -0.476715087890625 0.42572021484375
-0.0218124389648438 0.04888916015625 -0.74444580078125 0.0166625976562501
-0.075836181640625 0.0615081787109375 -0.63580322265625 -0.23828125
-0.143325805664063 -0.010528564453125 -0.4649658203125 -0.43621826171875
0.16400146484375 -0.0381927490234375 -0.184967041015625 0.3623046875
0.123008728027344 -0.11297607421875 0.356048583984375 0.2620849609375
-0.0717315673828125 -0.198516845703125 0.419464111328125 -0.12451171875
-0.158721923828125 -0.0416259765625 0.170425415039063 -0.182861328125
-0.108413696289063 0.0767669677734375 0.0410346984863281 -0.0660896301269531
-0.0146255493164062 0.103912353515625 0.0554962158203125 0.0594253540039063
0.0290603637695312 0.0844650268554688 0.127716064453125 0.123977661132813
0.0209274291992187 0.0760726928710937 0.180343627929688 0.148239135742188
0.0296478271484375 0.0761184692382813 0.222259521484375 0.285400390625
0.0049285888671875 0.086090087890625 0.12786865234375 0.475311279296875
-0.0386505126953125 0.0787429809570312 -0.1016845703125 0.57257080078125
-0.0946884155273438 0.0420455932617188 -0.446502685546875 0.453155517578125
-0.0895919799804687 -0.0705108642578125 -0.73065185546875 0.0756225585937501
-0.0135879516601563 -0.0882186889648438 -0.6612548828125 -0.19537353515625
0.0342254638671875 -0.0618858337402344 -0.49969482421875 -0.43194580078125
0.3485107421875 -0.060028076171875 -0.167144775390625 0.34661865234375
0.245651245117187 -0.24346923828125 0.296905517578125 0.277587890625
-0.0885009765625 -0.377044677734375 0.41900634765625 -0.0330810546875
-0.298583984375 -0.113494873046875 0.257827758789063 -0.137222290039063
-0.237442016601563 0.133148193359375 0.110824584960937 -0.1202392578125
-0.0448760986328125 0.237518310546875 0.0590400695800781 -0.00972747802734374
0.066009521484375 0.193572998046875 0.092987060546875 0.0761032104492188
0.0528717041015625 0.165206909179688 0.146682739257813 0.121978759765625
0.0731201171875 0.176315307617188 0.19989013671875 0.267318725585938
0.012908935546875 0.18963623046875 0.133026123046875 0.4556884765625
-0.099029541015625 0.170516967773438 -0.087127685546875 0.55206298828125
-0.202163696289063 0.059783935546875 -0.42205810546875 0.4542236328125
-0.157028198242187 -0.188644409179688 -0.70062255859375 0.10272216796875
0.04986572265625 -0.233978271484375 -0.6517333984375 -0.1759033203125
0.204269409179688 -0.110031127929688 -0.47979736328125 -0.427459716796875
0.4674072265625 -0.085296630859375 -0.10791015625 0.347015380859375
0.29644775390625 -0.347198486328125 0.264617919921875 0.318572998046875
-0.130462646484375 -0.477325439453125 0.4542236328125 0.068359375
-0.38909912109375 -0.13153076171875 0.383056640625 -0.117095947265625
-0.302825927734375 0.180511474609375 0.1932373046875 -0.2122802734375
-0.053558349609375 0.320831298828125 0.053192138671875 -0.120780944824219
0.0883331298828125 0.264739990234375 0.0338039398193359 -0.00144195556640623
0.0753326416015625 0.233474731445312 0.0909271240234375 0.0789642333984375
0.107452392578125 0.259201049804687 0.154144287109375 0.233001708984375
0.014556884765625 0.28387451171875 0.113128662109375 0.4075927734375
-0.164810180664063 0.250869750976562 -0.0904541015625 0.493804931640625
-0.308135986328125 0.066131591796875 -0.39813232421875 0.413970947265625
-0.2080078125 -0.30621337890625 -0.64739990234375 0.0961303710937499
0.119171142578125 -0.3526611328125 -0.6094970703125 -0.1748046875
0.346282958984375 -0.136016845703125 -0.40716552734375 -0.420379638671875
0.513641357421875 -0.10540771484375 -0.012237548828125 0.36376953125
0.2852783203125 -0.390167236328125 0.288604736328125 0.369293212890625
-0.16387939453125 -0.480865478515625 0.534820556640625 0.130340576171875
-0.402587890625 -0.106689453125 0.507110595703125 -0.153564453125
-0.298583984375 0.20098876953125 0.250518798828125 -0.3265380859375
-0.04345703125 0.34259033203125 0.0285797119140625 -0.243881225585937
0.0946044921875 0.289215087890625 -0.0389480590820313 -0.0896682739257812
0.085723876953125 0.270492553710938 0.02197265625 0.0252666473388672
0.1220703125 0.31451416015625 0.0897064208984375 0.174636840820313
-0.000579833984375008 0.351531982421875 0.071502685546875 0.324066162109375
-0.2327880859375 0.295196533203125 -0.1038818359375 0.395111083984375
-0.39093017578125 0.039581298828125 -0.3570556640625 0.333740234375
-0.2105712890625 -0.407501220703125 -0.56378173828125 0.07305908203125
0.195526123046875 -0.4149169921875 -0.5362548828125 -0.1793212890625
0.43719482421875 -0.131011962890625 -0.29595947265625 -0.409576416015625
0.485137939453125 -0.116424560546875 0.1131591796875 0.38665771484375
0.241119384765625 -0.359619140625 0.368072509765625 0.395263671875
-0.157806396484375 -0.407501220703125 0.62176513671875 0.124267578125
-0.34197998046875 -0.07196044921875 0.581787109375 -0.23382568359375
-0.242080688476562 0.182510375976563 0.265960693359375 -0.433441162109375
-0.028289794921875 0.306182861328125 -0.01318359375 -0.349151611328125
0.082427978515625 0.269515991210938 -0.112960815429687 -0.168807983398438
0.079681396484375 0.267013549804688 -0.0500450134277344 -0.0322418212890625
0.112762451171875 0.328155517578125 0.0156478881835938 0.095977783203125
-0.0341796875 0.36798095703125 0.0207977294921875 0.207992553710938
-0.280288696289063 0.276138305664062 -0.101303100585938 0.263107299804688
-0.4078369140625 -0.0244750976562499 -0.283599853515625 0.24700927734375
-0.146484375 -0.454833984375 -0.47088623046875 0.074249267578125
0.26275634765625 -0.391845703125 -0.4686279296875 -0.173828125
0.4573974609375 -0.093505859375 -0.16552734375 -0.39215087890625
0.39385986328125 -0.11163330078125 0.248077392578125 0.4012451171875
0.185073852539063 -0.273178100585937 0.471435546875 0.37884521484375
-0.114471435546875 -0.29974365234375 0.67718505859375 0.06298828125
-0.241744995117188 -0.0481109619140625 0.60003662109375 -0.3240966796875
-0.165115356445313 0.133773803710938 0.24554443359375 -0.5093994140625
-0.0160064697265625 0.232131958007813 -0.0604248046875 -0.418487548828125
0.0552825927734375 0.214431762695313 -0.178009033203125 -0.227584838867188
0.0606536865234375 0.226531982421875 -0.1165771484375 -0.08428955078125
0.079833984375 0.292633056640625 -0.0534477233886719 0.00835418701171877
-0.06671142578125 0.315093994140625 -0.017852783203125 0.0803604125976563
-0.271636962890625 0.1951904296875 -0.0674819946289063 0.139167785644531
-0.334503173828125 -0.08868408203125 -0.1922607421875 0.190963745117188
-0.044708251953125 -0.4029541015625 -0.40557861328125 0.1087646484375
0.278961181640625 -0.28546142578125 -0.4329833984375 -0.163543701171875
0.394775390625 -0.039642333984375 -0.0382080078125 -0.36651611328125
0.251800537109375 -0.0869598388671875 0.370208740234375 0.401947021484375
0.131057739257813 -0.153366088867188 0.56146240234375 0.332672119140625
-0.0522308349609375 -0.18524169921875 0.695068359375 -0.01239013671875
-0.132171630859375 -0.0361480712890625 0.5775146484375 -0.39752197265625
-0.0900039672851563 0.0701675415039063 0.208648681640625 -0.550048828125
-0.0133743286132813 0.137969970703125 -0.103546142578125 -0.456573486328125
0.016876220703125 0.134849548339844 -0.227249145507812 -0.260910034179688
0.0294036865234375 0.152786254882813 -0.16748046875 -0.123153686523438
0.032867431640625 0.205368041992187 -0.102897644042969 -0.0666656494140625
-0.077301025390625 0.200546264648437 -0.0386238098144531 -0.0245208740234375
-0.189651489257813 0.087249755859375 -0.0231590270996094 0.0602531433105469
-0.185272216796875 -0.101409912109375 -0.121902465820313 0.177841186523438
0.033843994140625 -0.251754760742187 -0.395477294921875 0.1436767578125
0.210159301757813 -0.131134033203125 -0.421112060546875 -0.169036865234375
0.2506103515625 0.007659912109375 0.07177734375 -0.339813232421875
-0.05816650390625 -0.0133590698242188 -0.125823974609375 0.384735107421875
-0.0325889587402344 0.0266151428222656 0.407867431640625 0.21112060546875
-0.0676956176757812 0.0214195251464844 0.390228271484375 -0.19927978515625
0.00793075561523438 0.0516357421875 0.113067626953125 -0.21563720703125
0.0494194030761719 0.00693130493164063 0.00952911376953125 -0.0460586547851563
0.0145759582519531 -0.05316162109375 0.058441162109375 0.06353759765625
-0.0195999145507813 -0.0368576049804688 0.137886047363281 0.11248779296875
-0.0147151947021484 -0.0217247009277344 0.183853149414062 0.134231567382813
-0.0147762298583984 -0.0281982421875 0.22930908203125 0.261306762695312
-0.00323677062988281 -0.0184307098388672 0.131591796875 0.45367431640625
0.0231971740722656 -0.0131244659423828 -0.08721923828125 0.56292724609375
0.0114574432373047 0.0241203308105469 -0.437744140625 0.44537353515625
-0.0208625793457031 0.0492668151855469 -0.72650146484375 0.0651245117187501
-0.0714111328125 0.0644454956054688 -0.63458251953125 -0.19476318359375
-0.1412353515625 -0.001129150390625 -0.481048583984375 -0.400299072265625
0.157669067382813 -0.0456085205078125 -0.159027099609375 0.363433837890625
0.114814758300781 -0.116683959960938 0.3624267578125 0.228790283203125
-0.08526611328125 -0.18603515625 0.39898681640625 -0.151641845703125
-0.157241821289063 -0.030120849609375 0.152435302734375 -0.190811157226563
-0.099884033203125 0.0811080932617187 0.0359764099121094 -0.067718505859375
-0.007415771484375 0.10345458984375 0.0605049133300781 0.0533218383789063
0.0352859497070313 0.0816497802734375 0.132369995117188 0.108833312988281
0.0269699096679688 0.0717010498046875 0.180801391601563 0.12939453125
0.0349578857421875 0.0717849731445313 0.230728149414063 0.259109497070313
0.010406494140625 0.083221435546875 0.152923583984375 0.450592041015625
-0.0298919677734375 0.077392578125 -0.060699462890625 0.56207275390625
-0.0881195068359375 0.0457916259765625 -0.4085693359375 0.468994140625
-0.0938186645507813 -0.062103271484375 -0.70855712890625 0.12042236328125
-0.01995849609375 -0.0841598510742188 -0.65814208984375 -0.15069580078125
0.028839111328125 -0.0617713928222656 -0.515594482421875 -0.394744873046875
0.338348388671875 -0.076812744140625 -0.144256591796875 0.34722900390625
0.226638793945313 -0.25164794921875 0.305450439453125 0.247528076171875
-0.112823486328125 -0.359954833984375 0.404205322265625 -0.063873291015625
-0.29827880859375 -0.0910949707031251 0.241302490234375 -0.1524658203125
-0.222213745117188 0.144638061523437 0.0998306274414063 -0.1259765625
-0.02716064453125 0.235565185546875 0.0601387023925781 -0.0146751403808594
0.0795440673828125 0.184677124023438 0.0959014892578125 0.064483642578125
0.06427001953125 0.156829833984375 0.147186279296875 0.105560302734375
0.0836639404296875 0.16552734375 0.208755493164063 0.24462890625
0.0255126953125 0.183059692382812 0.158416748046875 0.43115234375
-0.0821533203125 0.170989990234375 -0.047119140625 0.541351318359375
-0.191024780273438 0.0701141357421875 -0.38232421875 0.468902587890625
-0.16754150390625 -0.17291259765625 -0.677490234375 0.14495849609375
0.032928466796875 -0.229110717773437 -0.64886474609375 -0.12982177734375
0.193557739257813 -0.117645263671875 -0.496612548828125 -0.39141845703125
0.454376220703125 -0.108856201171875 -0.08465576171875 0.345977783203125
0.27191162109375 -0.354827880859375 0.274322509765625 0.288421630859375
-0.160675048828125 -0.456146240234375 0.445556640625 0.03472900390625
-0.38751220703125 -0.103118896484375 0.364990234375 -0.1402587890625
-0.283477783203125 0.1943359375 0.173782348632812 -0.220779418945312
-0.0301513671875 0.31719970703125 0.0478057861328125 -0.122482299804688
0.105667114257813 0.252655029296875 0.0340576171875 -0.00724411010742186
0.089935302734375 0.220962524414063 0.0916595458984375 0.0679397583007813
0.123855590820313 0.243072509765625 0.16455078125 0.214248657226563
0.0339813232421875 0.27508544921875 0.135345458984375 0.384552001953125
-0.140472412109375 0.254241943359375 -0.0556640625 0.485748291015625
-0.2945556640625 0.08331298828125 -0.3623046875 0.427734375
-0.2252197265625 -0.284942626953125 -0.62579345703125 0.134033203125
0.09344482421875 -0.34979248046875 -0.60406494140625 -0.13250732421875
0.33184814453125 -0.151397705078125 -0.42572021484375 -0.386138916015625
0.498565673828125 -0.1307373046875 0.010101318359375 0.35748291015625
0.258026123046875 -0.39569091796875 0.303009033203125 0.33746337890625
-0.19219970703125 -0.457672119140625 0.528594970703125 0.091461181640625
-0.397857666015625 -0.0787353515625 0.4842529296875 -0.183441162109375
-0.276535034179688 0.212997436523437 0.221832275390625 -0.336029052734375
-0.018646240234375 0.335601806640625 0.0154876708984375 -0.240249633789063
0.1134033203125 0.275924682617188 -0.0420989990234375 -0.0871658325195312
0.1009521484375 0.255599975585938 0.0231723785400391 0.0207710266113281
0.142547607421875 0.295318603515625 0.0985260009765625 0.163177490234375
0.023162841796875 0.342498779296875 0.08807373046875 0.306793212890625
-0.20379638671875 0.30255126953125 -0.074554443359375 0.38885498046875
-0.378082275390625 0.062286376953125 -0.327880859375 0.346435546875
-0.234283447265625 -0.383880615234375 -0.54595947265625 0.10638427734375
0.165252685546875 -0.41546630859375 -0.536285400390625 -0.1402587890625
0.423492431640625 -0.152191162109375 -0.316986083984375 -0.382415771484375
0.469482421875 -0.138214111328125 0.13446044921875 0.372802734375
0.216461181640625 -0.36297607421875 0.381622314453125 0.3582763671875
-0.181396484375 -0.385650634765625 0.6131591796875 0.0791015625
-0.336181640625 -0.048248291015625 0.55230712890625 -0.265594482421875
-0.222427368164062 0.19171142578125 0.22821044921875 -0.43988037109375
-0.00695800781249998 0.299530029296875 -0.031707763671875 -0.33966064453125
0.0994415283203125 0.258041381835938 -0.11737060546875 -0.158676147460938
0.0951690673828125 0.253219604492188 -0.0490150451660156 -0.0301361083984375
0.13446044921875 0.310455322265625 0.0218582153320313 0.0917587280273438
-0.00735473632812498 0.360076904296875 0.0306549072265625 0.198013305664063
-0.252777099609375 0.286956787109375 -0.0820770263671875 0.260482788085938
-0.400482177734375 0.000122070312499983 -0.261428833007813 0.254318237304688
-0.174530029296875 -0.437042236328125 -0.45269775390625 0.102020263671875
0.233062744140625 -0.3992919921875 -0.469879150390625 -0.138031005859375
0.44488525390625 -0.117462158203125 -0.188201904296875 -0.372161865234375
0.37872314453125 -0.128936767578125 0.267822265625 0.379791259765625
0.166900634765625 -0.277069091796875 0.481414794921875 0.335113525390625
-0.13262939453125 -0.28369140625 0.6612548828125 0.01727294921875
-0.236160278320313 -0.0312652587890625 0.56256103515625 -0.3564453125
-0.150924682617188 0.139022827148438 0.204681396484375 -0.5113525390625
-0.00045776367187501 0.225570678710938 -0.083251953125 -0.404998779296875
0.0691070556640625 0.206268310546875 -0.183807373046875 -0.20953369140625
0.0737457275390625 0.214752197265625 -0.11553955078125 -0.0758895874023437
0.1005859375 0.277786254882813 -0.0505867004394531 0.0122871398925782
-0.042877197265625 0.31243896484375 -0.0156478881835938 0.076995849609375
-0.251922607421875 0.207794189453125 -0.057220458984375 0.137260437011719
-0.332733154296875 -0.0671997070312499 -0.174331665039063 0.1951904296875
-0.069854736328125 -0.39111328125 -0.385894775390625 0.1318359375
0.256256103515625 -0.296478271484375 -0.433013916015625 -0.130126953125
0.387359619140625 -0.061248779296875 -0.061248779296875 -0.3541259765625
0.241455078125 -0.0956268310546875 0.384857177734375 0.373321533203125
0.121017456054688 -0.157577514648438 0.56512451171875 0.28515625
-0.0644378662109375 -0.177383422851563 0.67608642578125 -0.0562744140625
-0.128631591796875 -0.0273208618164062 0.537628173828125 -0.425323486328125
-0.0823898315429687 0.0718231201171875 0.167327880859375 -0.54815673828125
-0.00463104248046874 0.134246826171875 -0.126953125 -0.438140869140625
0.0259246826171875 0.131340026855469 -0.23370361328125 -0.23858642578125
0.0380706787109375 0.145828247070313 -0.166656494140625 -0.109176635742188
0.048614501953125 0.197052001953125 -0.103927612304688 -0.0568084716796875
-0.061737060546875 0.201919555664063 -0.0420188903808594 -0.0238838195800781
-0.179306030273438 0.0968017578125 -0.0200157165527344 0.0566978454589844
-0.188156127929688 -0.0889739990234375 -0.106307983398437 0.177398681640625
0.01715087890625 -0.2484130859375 -0.374755859375 0.167083740234375
0.199386596679688 -0.140457153320313 -0.423919677734375 -0.136627197265625
0.24688720703125 -0.005859375 0.04815673828125 -0.33441162109375
-0.0585441589355469 -0.00959777832031251 -0.109344482421875 0.3792724609375
-0.0311298370361328 0.0281620025634766 0.40740966796875 0.186981201171875
-0.0664405822753906 0.0283851623535156 0.372314453125 -0.213836669921875
0.0116119384765625 0.05047607421875 0.100494384765625 -0.215805053710938
0.0490531921386719 0.00371932983398438 0.00801467895507813 -0.0446548461914062
0.0121307373046875 -0.0509681701660156 0.0619163513183594 0.0566329956054688
-0.0189571380615234 -0.033477783203125 0.138877868652344 0.100204467773438
-0.0130615234375 -0.0214939117431641 0.180282592773438 0.121047973632813
-0.0152359008789063 -0.0264129638671875 0.2288818359375 0.241806030273438
-0.00345706939697266 -0.0168876647949219 0.143798828125 0.434295654296875
0.0222396850585938 -0.0147781372070313 -0.06231689453125 0.54876708984375
0.0123157501220703 0.0236625671386719 -0.412322998046875 0.451995849609375
-0.0211601257324219 0.0497055053710938 -0.70843505859375 0.0913085937499999
-0.068023681640625 0.0663528442382812 -0.6280517578125 -0.16632080078125
-0.139144897460938 0.00364685058593753 -0.485931396484375 -0.377899169921875
0.154327392578125 -0.0491485595703125 -0.143218994140625 0.3597412109375
0.10888671875 -0.117904663085938 0.36163330078125 0.204925537109375
-0.09222412109375 -0.175384521484375 0.382171630859375 -0.167572021484375
-0.153915405273438 -0.022979736328125 0.14080810546875 -0.19287109375
-0.0944442749023437 0.082061767578125 0.0322151184082031 -0.0676803588867188
-0.0019989013671875 0.102394104003906 0.0638885498046875 0.0463905334472656
0.0410079956054687 0.0783615112304688 0.133392333984375 0.09661865234375
0.0305862426757812 0.0673027038574219 0.17681884765625 0.115631103515625
0.0387229919433594 0.0678291320800781 0.229965209960938 0.239990234375
0.0133132934570313 0.0803298950195313 0.164337158203125 0.428314208984375
-0.02484130859375 0.074676513671875 -0.035614013671875 0.54638671875
-0.083404541015625 0.0471343994140625 -0.380401611328125 0.47357177734375
-0.09698486328125 -0.054656982421875 -0.69000244140625 0.143798828125
-0.02398681640625 -0.079833984375 -0.6480712890625 -0.1219482421875
0.02606201171875 -0.060821533203125 -0.5201416015625 -0.373199462890625
0.331207275390625 -0.08563232421875 -0.128021240234375 0.344146728515625
0.214447021484375 -0.252731323242188 0.3052978515625 0.22467041015625
-0.126708984375 -0.345367431640625 0.391265869140625 -0.08148193359375
-0.294342041015625 -0.077423095703125 0.2293701171875 -0.1605224609375
-0.210891723632813 0.148910522460938 0.0923919677734375 -0.12872314453125
-0.015594482421875 0.231155395507813 0.0607948303222656 -0.0195426940917969
0.0881500244140625 0.177520751953125 0.095703125 0.055206298828125
0.0690765380859375 0.149093627929688 0.144332885742188 0.0933685302734375
0.090606689453125 0.156234741210937 0.210906982421875 0.228164672851563
0.03326416015625 0.177383422851563 0.169525146484375 0.40911865234375
-0.070770263671875 0.167709350585937 -0.02154541015625 0.52618408203125
-0.182846069335938 0.0746612548828125 -0.3580322265625 0.471649169921875
-0.173065185546875 -0.159820556640625 -0.6591796875 0.16705322265625
0.0228729248046875 -0.223373413085938 -0.6376953125 -0.10198974609375
0.186553955078125 -0.120468139648437 -0.5008544921875 -0.368896484375
0.443634033203125 -0.119842529296875 -0.07061767578125 0.34173583984375
0.2547607421875 -0.35614013671875 0.275482177734375 0.267364501953125
-0.177764892578125 -0.438201904296875 0.43426513671875 0.013397216796875
-0.381317138671875 -0.0853271484374999 0.35113525390625 -0.15338134765625
-0.268539428710937 0.199188232421875 0.1597900390625 -0.2242431640625
-0.014678955078125 0.309326171875 0.0439071655273437 -0.123153686523437
0.115982055664063 0.2413330078125 0.0323448181152344 -0.0118999481201172
0.0966339111328125 0.211380004882813 0.0893707275390625 0.0599288940429688
0.132766723632813 0.230056762695313 0.167404174804687 0.201339721679688
0.0452728271484375 0.266082763671875 0.145538330078125 0.367156982421875
-0.123321533203125 0.251434326171875 -0.03411865234375 0.47393798828125
-0.2838134765625 0.092193603515625 -0.3394775390625 0.430511474609375
-0.233200073242187 -0.268234252929688 -0.607666015625 0.15277099609375
0.07843017578125 -0.3426513671875 -0.5968017578125 -0.1055908203125
0.3218994140625 -0.158294677734375 -0.432647705078125 -0.3660888671875
0.486785888671875 -0.142059326171875 0.023681640625 0.35052490234375
0.23992919921875 -0.394805908203125 0.3040771484375 0.31365966796875
-0.207550048828125 -0.43731689453125 0.517791748046875 0.067169189453125
-0.390869140625 -0.0613098144531251 0.4654541015625 -0.19940185546875
-0.260452270507813 0.216720581054687 0.201385498046875 -0.338897705078125
-0.00329589843749997 0.327484130859375 0.00846862792968751 -0.237045288085937
0.123184204101562 0.264312744140625 -0.0440750122070312 -0.086029052734375
0.108200073242188 0.244003295898438 0.0221233367919922 0.0165824890136719
0.153152465820312 0.27923583984375 0.102294921875 0.154541015625
0.038970947265625 0.332794189453125 0.095611572265625 0.293548583984375
-0.184600830078125 0.302520751953125 -0.058349609375 0.379791259765625
-0.366607666015625 0.0740051269531249 -0.30902099609375 0.34918212890625
-0.246734619140625 -0.366241455078125 -0.5291748046875 0.1243896484375
0.147491455078125 -0.411346435546875 -0.53033447265625 -0.115997314453125
0.412261962890625 -0.161712646484375 -0.32586669921875 -0.365142822265625
0.457550048828125 -0.14990234375 0.146270751953125 0.36224365234375
0.201080322265625 -0.361175537109375 0.38226318359375 0.3326416015625
-0.193634033203125 -0.3675537109375 0.5999755859375 0.05242919921875
-0.32806396484375 -0.034637451171875 0.528839111328125 -0.2833251953125
-0.208633422851563 0.19287109375 0.2042236328125 -0.440948486328125
0.00723266601562498 0.290985107421875 -0.04180908203125 -0.331939697265625
0.108810424804688 0.247955322265625 -0.119979858398438 -0.15142822265625
0.102554321289063 0.2420654296875 -0.04852294921875 -0.0298614501953125
0.145599365234375 0.293914794921875 0.0257797241210938 0.08868408203125
0.00936889648437503 0.352874755859375 0.034637451171875 0.189712524414063
-0.2332763671875 0.28997802734375 -0.0701751708984375 0.253799438476563
-0.39202880859375 0.014495849609375 -0.2471923828125 0.256637573242187
-0.189727783203125 -0.4202880859375 -0.43817138671875 0.115447998046875
0.215667724609375 -0.3983154296875 -0.46435546875 -0.1165771484375
0.436065673828125 -0.127532958984375 -0.1988525390625 -0.357208251953125
0.36798095703125 -0.1361083984375 0.27764892578125 0.363189697265625
0.155410766601563 -0.2755126953125 0.48016357421875 0.307769775390625
-0.142181396484375 -0.2698974609375 0.64813232421875 -0.00848388671875002
-0.229278564453125 -0.0223388671875 0.5360107421875 -0.3720703125
-0.141098022460938 0.138397216796875 0.179443359375 -0.507415771484375
0.00976562500000002 0.218338012695313 -0.093719482421875 -0.39263916015625
0.076904296875 0.199005126953125 -0.185928344726563 -0.197982788085938
0.079498291015625 0.2054443359375 -0.112625122070313 -0.070892333984375
0.111572265625 0.263916015625 -0.0478363037109375 0.0139541625976563
-0.027435302734375 0.307281494140625 -0.0154876708984375 0.0734939575195313
-0.237060546875 0.212249755859375 -0.05157470703125 0.132270812988281
-0.32916259765625 -0.0546264648437499 -0.163818359375 0.194198608398438
-0.0843505859375 -0.380950927734375 -0.3712158203125 0.143768310546875
0.241973876953125 -0.299041748046875 -0.42950439453125 -0.108062744140625
0.380615234375 -0.071441650390625 -0.074249267578125 -0.343475341796875
0.233489990234375 -0.0988311767578125 0.392578125 0.353973388671875
0.114212036132813 -0.158706665039063 0.560546875 0.256927490234375
-0.0708465576171875 -0.168777465820313 0.6580810546875 -0.08074951171875
-0.124320983886719 -0.0232467651367188 0.508087158203125 -0.437286376953125
-0.0766754150390625 0.0704193115234375 0.1417236328125 -0.54144287109375
0.00159454345703124 0.130485534667969 -0.137939453125 -0.421722412109375
0.0315093994140625 0.128898620605469 -0.235260009765625 -0.22320556640625
0.04315185546875 0.139434814453125 -0.162887573242188 -0.101028442382812
0.057373046875 0.187713623046875 -0.101852416992187 -0.0514678955078125
-0.050018310546875 0.201263427734375 -0.0449562072753906 -0.0228614807128906
-0.171646118164063 0.100387573242188 -0.0179824829101563 0.0518951416015625
-0.188323974609375 -0.0823211669921875 -0.09674072265625 0.1751708984375
0.00712585449218748 -0.24432373046875 -0.357574462890625 0.178955078125
0.192169189453125 -0.144866943359375 -0.42138671875 -0.1146240234375
0.24383544921875 -0.0127105712890625 0.03399658203125 -0.327545166015625
-0.0600204467773438 -0.00763702392578125 -0.1015625 0.380157470703125
-0.0311069488525391 0.0293540954589844 0.40936279296875 0.17205810546875
-0.0649604797363281 0.0348052978515625 0.365447998046875 -0.22601318359375
0.0141372680664062 0.049224853515625 0.093536376953125 -0.218719482421875
0.0489616394042969 0.000141143798828125 0.00739669799804688 -0.0450630187988281
0.0124359130859375 -0.0503501892089844 0.0640449523925781 0.0517425537109375
-0.01702880859375 -0.0326175689697266 0.139305114746094 0.0926971435546875
-0.012054443359375 -0.0219287872314453 0.177383422851563 0.113723754882812
-0.0144977569580078 -0.0260429382324219 0.227157592773438 0.232315063476563
-0.00359725952148437 -0.0157003402709961 0.150665283203125 0.4244384765625
0.0211658477783203 -0.01666259765625 -0.0479431152343751 0.54486083984375
0.011932373046875 0.0237884521484375 -0.40106201171875 0.460906982421875
-0.0234909057617188 0.0517120361328125 -0.70697021484375 0.109375
-0.0674514770507813 0.067596435546875 -0.6307373046875 -0.153076171875
-0.139778137207031 0.00727081298828122 -0.49554443359375 -0.372802734375
0.1546630859375 -0.0516204833984375 -0.1358642578125 0.3614501953125
0.107490539550781 -0.119468688964844 0.3631591796875 0.19171142578125
-0.0964202880859375 -0.169342041015625 0.376983642578125 -0.181396484375
-0.153610229492187 -0.02081298828125 0.13409423828125 -0.197402954101562
-0.0920867919921875 0.0819931030273438 0.0292587280273437 -0.0690078735351563
0.0016326904296875 0.102691650390625 0.0665206909179688 0.041778564453125
0.0457763671875 0.0771560668945313 0.133476257324219 0.0882415771484375
0.0325927734375 0.0654640197753906 0.173660278320313 0.107757568359375
0.0417442321777344 0.0660171508789062 0.229995727539063 0.231399536132813
0.0160140991210937 0.0799484252929688 0.171844482421875 0.41912841796875
-0.0217819213867188 0.0729751586914063 -0.02044677734375 0.540618896484375
-0.0820388793945313 0.049285888671875 -0.370880126953125 0.483062744140625
-0.100387573242188 -0.0496826171875 -0.68756103515625 0.1617431640625
-0.0256805419921875 -0.07672119140625 -0.65167236328125 -0.10791015625
0.024627685546875 -0.0603218078613281 -0.530487060546875 -0.36572265625
0.33184814453125 -0.091583251953125 -0.121246337890625 0.345977783203125
0.212158203125 -0.257156372070313 0.30633544921875 0.21295166015625
-0.135833740234375 -0.3394775390625 0.386383056640625 -0.094512939453125
-0.295257568359375 -0.072113037109375 0.223526000976562 -0.166519165039063
-0.207473754882813 0.150848388671875 0.0882186889648437 -0.131240844726562
-0.00746154785156249 0.230743408203125 0.0623550415039063 -0.0236091613769531
0.09515380859375 0.173660278320313 0.094879150390625 0.048187255859375
0.0728302001953125 0.145843505859375 0.140533447265625 0.0870285034179688
0.09600830078125 0.151229858398438 0.211639404296875 0.220077514648438
0.038665771484375 0.174774169921875 0.17681884765625 0.3995361328125
-0.064727783203125 0.165786743164063 -0.00946044921874999 0.52001953125
-0.17962646484375 0.0788726806640625 -0.34796142578125 0.478729248046875
-0.179244995117188 -0.15313720703125 -0.654541015625 0.18182373046875
0.017181396484375 -0.220733642578125 -0.6405029296875 -0.0872802734375
0.185409545898438 -0.123062133789063 -0.51287841796875 -0.360015869140625
0.4464111328125 -0.12579345703125 -0.0626525878906249 0.3426513671875
0.251007080078125 -0.3597412109375 0.275863647460938 0.257064819335938
-0.18792724609375 -0.43109130859375 0.43255615234375 0.000610351562499974
-0.381439208984375 -0.077423095703125 0.3468017578125 -0.162811279296875
-0.262954711914063 0.203262329101563 0.15252685546875 -0.229095458984375
-0.00485229492187502 0.307830810546875 0.0434646606445313 -0.127311706542969
0.124618530273438 0.236618041992187 0.0311431884765625 -0.0155582427978515
0.101699829101563 0.207382202148438 0.0871429443359375 0.0547332763671875
0.140121459960937 0.222579956054687 0.169815063476563 0.19525146484375
0.0538482666015625 0.262893676757813 0.1517333984375 0.359100341796875
-0.114349365234375 0.250473022460938 -0.023345947265625 0.470245361328125
-0.27996826171875 0.09783935546875 -0.33172607421875 0.436279296875
-0.24139404296875 -0.259323120117188 -0.6055908203125 0.16729736328125
0.070953369140625 -0.34136962890625 -0.5994873046875 -0.0927124023437499
0.32049560546875 -0.1632080078125 -0.44317626953125 -0.36004638671875
0.487030029296875 -0.14935302734375 0.032073974609375 0.351165771484375
0.235809326171875 -0.398040771484375 0.305572509765625 0.3040771484375
-0.21856689453125 -0.428070068359375 0.51629638671875 0.052032470703125
-0.38946533203125 -0.0526733398437501 0.461181640625 -0.212554931640625
-0.254531860351562 0.219573974609375 0.19146728515625 -0.34393310546875
0.006500244140625 0.32415771484375 0.00454711914062498 -0.239593505859375
0.132171630859375 0.259613037109375 -0.0467376708984375 -0.0864486694335937
0.113021850585938 0.2403564453125 0.0205097198486328 0.0133781433105469
0.161285400390625 0.270858764648438 0.106063842773438 0.150100708007813
0.049713134765625 0.330291748046875 0.101104736328125 0.287322998046875
-0.174072265625 0.30401611328125 -0.050506591796875 0.37762451171875
-0.364410400390625 0.0820617675781249 -0.30316162109375 0.353790283203125
-0.257232666015625 -0.359344482421875 -0.527130126953125 0.13568115234375
0.139373779296875 -0.4127197265625 -0.532562255859375 -0.102325439453125
0.4130859375 -0.168304443359375 -0.335906982421875 -0.360137939453125
0.4578857421875 -0.155548095703125 0.155548095703125 0.360809326171875
0.19573974609375 -0.36468505859375 0.384613037109375 0.321441650390625
-0.20318603515625 -0.35955810546875 0.5980224609375 0.0394287109375
-0.326019287109375 -0.02783203125 0.5228271484375 -0.29803466796875
-0.203338623046875 0.19378662109375 0.192169189453125 -0.44537353515625
0.0152587890625 0.287445068359375 -0.0478515625 -0.332183837890625
0.116546630859375 0.243942260742188 -0.123336791992187 -0.149017333984375
0.107406616210938 0.2386474609375 -0.0491981506347656 -0.0305404663085937
0.154296875 0.2857666015625 0.0286178588867188 0.0869674682617188
0.020721435546875 0.35162353515625 0.0377349853515625 0.186630249023438
-0.224395751953125 0.294036865234375 -0.06585693359375 0.252456665039063
-0.39239501953125 0.0231628417968751 -0.243377685546875 0.259933471679688
-0.2017822265625 -0.414886474609375 -0.433990478515625 0.126312255859375
0.2083740234375 -0.40338134765625 -0.4669189453125 -0.101287841796875
0.438446044921875 -0.13592529296875 -0.208160400390625 -0.353302001953125
0.3670654296875 -0.140838623046875 0.287109375 0.361358642578125
0.151458740234375 -0.27728271484375 0.48077392578125 0.296875
-0.14801025390625 -0.262680053710937 0.646728515625 -0.02276611328125
-0.227203369140625 -0.0182342529296875 0.5263671875 -0.384735107421875
-0.137046813964844 0.13739013671875 0.164306640625 -0.51190185546875
0.0154571533203125 0.215988159179688 -0.100372314453125 -0.3897705078125
0.083160400390625 0.19647216796875 -0.188751220703125 -0.192489624023438
0.084075927734375 0.202606201171875 -0.112380981445313 -0.069488525390625
0.119003295898438 0.257400512695313 -0.0460739135742187 0.014556884765625
-0.016876220703125 0.3077392578125 -0.016021728515625 0.072418212890625
-0.231155395507813 0.216262817382812 -0.0508651733398438 0.130386352539063
-0.3311767578125 -0.04827880859375 -0.1595458984375 0.195465087890625
-0.094268798828125 -0.379364013671875 -0.366790771484375 0.153533935546875
0.237884521484375 -0.303955078125 -0.4329833984375 -0.0952453613281251
0.3843994140625 -0.07818603515625 -0.0831298828125 -0.34100341796875
0.232803344726563 -0.101089477539062 0.402801513671875 0.349761962890625
0.112152099609375 -0.16082763671875 0.561492919921875 0.242095947265625
-0.074371337890625 -0.165008544921875 0.65374755859375 -0.09564208984375
-0.123428344726562 -0.0208587646484375 0.4945068359375 -0.449951171875
-0.074676513671875 0.0687103271484375 0.126220703125 -0.543212890625
0.00485992431640624 0.128654479980469 -0.145416259765625 -0.4178466796875
0.0367660522460938 0.128372192382813 -0.237060546875 -0.2158203125
0.0460281372070312 0.137245178222656 -0.1612548828125 -0.098052978515625
0.0629425048828125 0.183425903320313 -0.101936340332031 -0.0489273071289062
-0.0429840087890625 0.20208740234375 -0.0480728149414063 -0.0215682983398437
-0.169754028320313 0.103073120117188 -0.0184440612792969 0.0491943359375
-0.191116333007813 -0.0791778564453125 -0.09210205078125 0.175186157226563
0.00112915039062499 -0.244369506835938 -0.351715087890625 0.188995361328125
0.190597534179687 -0.149383544921875 -0.42498779296875 -0.101776123046875
0.24627685546875 -0.0172271728515625 0.025665283203125 -0.32684326171875
-0.062469482421875 -0.00615692138671875 -0.0938720703125 0.389892578125
-0.030426025390625 0.0314655303955078 0.4227294921875 0.1590576171875
-0.0632438659667969 0.0418014526367188 0.366424560546875 -0.24755859375
0.0173721313476563 0.0484619140625 0.0867919921875 -0.227432250976563
0.049896240234375 -0.00326156616210938 0.00639343261718751 -0.0454635620117188
0.0109329223632813 -0.05169677734375 0.0674362182617188 0.0468330383300781
-0.0160312652587891 -0.0333633422851562 0.142135620117188 0.08612060546875
-0.0117359161376953 -0.0239067077636719 0.178314208984375 0.107757568359375
-0.0140209197998047 -0.0263652801513672 0.23272705078125 0.227279663085938
-0.00310420989990234 -0.0147361755371094 0.164459228515625 0.423553466796875
0.0203895568847656 -0.0189361572265625 -0.031341552734375 0.55279541015625
0.0131511688232422 0.0245018005371094 -0.396759033203125 0.485687255859375
-0.0246162414550781 0.0564804077148438 -0.72027587890625 0.1365966796875
-0.066009521484375 0.0725173950195313 -0.6483154296875 -0.13677978515625
-0.14453125 0.01068115234375 -0.520599365234375 -0.370819091796875
0.158355712890625 -0.0576019287109375 -0.1295166015625 0.372528076171875
0.1090087890625 -0.125503540039063 0.374542236328125 0.180572509765625
-0.102828979492187 -0.167282104492188 0.37823486328125 -0.201690673828125
-0.156814575195313 -0.017669677734375 0.12908935546875 -0.208175659179688
-0.092864990234375 0.0852737426757813 0.0272064208984375 -0.0713729858398438
0.00689697265624999 0.104049682617188 0.0702972412109375 0.036895751953125
0.0514373779296875 0.07611083984375 0.135871887207031 0.0820541381835937
0.0363540649414062 0.0642776489257813 0.17401123046875 0.102752685546875
0.0461082458496094 0.0639266967773438 0.236236572265625 0.226943969726563
0.0207748413085938 0.079681396484375 0.186431884765625 0.418975830078125
-0.01953125 0.0725479125976563 -0.005340576171875 0.548370361328125
-0.0806503295898437 0.0530014038085938 -0.36602783203125 0.50677490234375
-0.105888366699219 -0.0439376831054688 -0.6978759765625 0.1883544921875
-0.0285873413085938 -0.0757980346679688 -0.6689453125 -0.0910644531249999
0.0235023498535156 -0.0610694885253906 -0.556976318359375 -0.36328125
0.341278076171875 -0.103179931640625 -0.113189697265625 0.357147216796875
0.212356567382813 -0.26873779296875 0.3157958984375 0.204803466796875
-0.14849853515625 -0.34063720703125 0.3895263671875 -0.114105224609375
-0.303497314453125 -0.06549072265625 0.221542358398437 -0.17974853515625
-0.208450317382812 0.15899658203125 0.0839462280273437 -0.137840270996094
0.00172424316406251 0.234115600585938 0.0641326904296875 -0.0301322937011719
0.104690551757812 0.172210693359375 0.0954666137695313 0.0432357788085938
0.0794830322265625 0.145004272460938 0.141143798828125 0.0831298828125
0.103591918945313 0.14776611328125 0.21868896484375 0.216171264648437
0.046783447265625 0.1754150390625 0.191436767578125 0.399261474609375
-0.0590362548828125 0.167938232421875 0.00546264648437497 0.529449462890625
-0.179107666015625 0.08575439453125 -0.34222412109375 0.5018310546875
-0.188980102539063 -0.14599609375 -0.66583251953125 0.20831298828125
0.0121307373046875 -0.2222900390625 -0.65765380859375 -0.06964111328125
0.186904907226563 -0.129287719726563 -0.53802490234375 -0.35833740234375
0.4571533203125 -0.1416015625 -0.0530395507812499 0.3533935546875
0.249114990234375 -0.374725341796875 0.285858154296875 0.25079345703125
-0.206024169921875 -0.43212890625 0.439239501953125 -0.01666259765625
-0.39263916015625 -0.0679016113281251 0.347808837890625 -0.180267333984375
-0.26446533203125 0.213104248046875 0.1470947265625 -0.239227294921875
0.00668334960937503 0.313140869140625 0.04266357421875 -0.134895324707031
0.1370849609375 0.235076904296875 0.0289211273193359 -0.0193767547607422
0.110366821289062 0.20672607421875 0.086456298828125 0.0511016845703125
0.151229858398437 0.218841552734375 0.17828369140625 0.192062377929688
0.0662689208984375 0.264541625976563 0.165771484375 0.358917236328125
-0.1060791015625 0.257156372070313 -0.0107421875000001 0.4771728515625
-0.28094482421875 0.108367919921875 -0.328369140625 0.4583740234375
-0.257217407226563 -0.253555297851563 -0.61505126953125 0.19097900390625
0.06390380859375 -0.349395751953125 -0.61505126953125 -0.0752563476562501
0.326690673828125 -0.17437744140625 -0.46734619140625 -0.356719970703125
0.497894287109375 -0.165374755859375 0.0455322265625 0.35931396484375
0.233245849609375 -0.41339111328125 0.3157958984375 0.300323486328125
-0.23687744140625 -0.42816162109375 0.527496337890625 0.035919189453125
-0.39984130859375 -0.0425415039062499 0.46319580078125 -0.233795166015625
-0.254547119140625 0.2288818359375 0.183380126953125 -0.35888671875
0.019195556640625 0.327850341796875 -0.00160217285156248 -0.248458862304687
0.145233154296875 0.258346557617188 -0.0515899658203125 -0.0883255004882813
0.123275756835937 0.240478515625 0.0193901062011719 0.0118541717529297
0.174835205078125 0.267623901367188 0.112152099609375 0.149459838867188
0.064300537109375 0.333099365234375 0.11102294921875 0.28857421875
-0.164825439453125 0.313507080078125 -0.040283203125 0.384857177734375
-0.36834716796875 0.095184326171875 -0.301727294921875 0.37274169921875
-0.276336669921875 -0.356414794921875 -0.535797119140625 0.15765380859375
0.131988525390625 -0.425537109375 -0.548614501953125 -0.0859680175781251
0.421661376953125 -0.1822509765625 -0.3577880859375 -0.35821533203125
0.467803955078125 -0.16973876953125 0.17218017578125 0.3668212890625
0.192291259765625 -0.3770751953125 0.397705078125 0.317657470703125
-0.217529296875 -0.35650634765625 0.612060546875 0.019287109375
-0.331939697265625 -0.01947021484375 0.524383544921875 -0.323394775390625
-0.201568603515625 0.201263427734375 0.180511474609375 -0.46063232421875
0.026519775390625 0.289306640625 -0.057220458984375 -0.339447021484375
0.12933349609375 0.243240356445313 -0.130142211914063 -0.14849853515625
0.116943359375 0.238998413085938 -0.0504226684570312 -0.0302619934082031
0.1685791015625 0.28240966796875 0.0326080322265625 0.0869979858398438
0.036346435546875 0.357421875 0.0428314208984375 0.188095092773438
-0.218505859375 0.3060302734375 -0.0620269775390625 0.2579345703125
-0.401763916015625 0.0349121093750001 -0.242996215820313 0.272384643554687
-0.22161865234375 -0.417510986328125 -0.441162109375 0.14422607421875
0.20269775390625 -0.4176025390625 -0.482666015625 -0.08648681640625
0.450225830078125 -0.150115966796875 -0.226898193359375 -0.3553466796875
0.37481689453125 -0.151702880859375 0.30706787109375 0.36309814453125
0.149749755859375 -0.286865234375 0.49627685546875 0.289764404296875
-0.158447265625 -0.26055908203125 0.6602783203125 -0.04534912109375
-0.230224609375 -0.0128021240234376 0.52545166015625 -0.411590576171875
-0.136245727539063 0.140670776367187 0.149444580078125 -0.527313232421875
0.0245361328125 0.216903686523438 -0.113983154296875 -0.396484375
0.0928802490234375 0.197998046875 -0.196563720703125 -0.189895629882813
0.0921630859375 0.20367431640625 -0.114334106445312 -0.0682144165039062
0.132095336914062 0.25537109375 -0.0453643798828125 0.016265869140625
-0.00411987304687501 0.31500244140625 -0.0164260864257813 0.0739059448242188
-0.229156494140625 0.227523803710938 -0.050628662109375 0.131752014160156
-0.341796875 -0.040679931640625 -0.159271240234375 0.202911376953125
-0.109130859375 -0.385498046875 -0.368927001953125 0.169921875
0.236785888671875 -0.317779541015625 -0.447265625 -0.079986572265625
0.395599365234375 -0.090118408203125 -0.097259521484375 -0.345916748046875
0.237655639648437 -0.108306884765625 0.42486572265625 0.350006103515625
0.11224365234375 -0.167282104492187 0.57666015625 0.23089599609375
-0.0809173583984375 -0.163436889648438 0.66705322265625 -0.11944580078125
-0.124984741210938 -0.0193710327148438 0.489654541015625 -0.477569580078125
-0.0750198364257813 0.0694656372070313 0.1112060546875 -0.557891845703125
0.0103683471679688 0.129470825195313 -0.15924072265625 -0.421905517578125
0.042724609375 0.130447387695313 -0.245498657226563 -0.2113037109375
0.0514144897460938 0.13897705078125 -0.16314697265625 -0.0951690673828125
0.0719146728515625 0.182388305664063 -0.103141784667969 -0.0464096069335937
-0.034576416015625 0.208145141601563 -0.0515556335449219 -0.0209236145019531
-0.171432495117188 0.109146118164062 -0.0197906494140625 0.0478591918945313
-0.198837280273438 -0.0760345458984375 -0.0891265869140626 0.179946899414063
-0.00595092773437502 -0.249282836914063 -0.3524169921875 0.207305908203125
0.19384765625 -0.1585693359375 -0.4403076171875 -0.08642578125
0.255126953125 -0.0237579345703125 0.014617919921875 -0.334197998046875
-0.065521240234375 -0.00335311889648438 -0.076904296875 0.40557861328125
-0.0290298461914062 0.0345706939697266 0.442413330078125 0.13720703125
-0.0606155395507813 0.0501556396484375 0.36248779296875 -0.281341552734375
0.0200691223144531 0.0479240417480469 0.0751800537109375 -0.239974975585938
0.0498428344726563 -0.00724029541015625 0.00576019287109376 -0.0472869873046875
0.00873184204101563 -0.0538139343261719 0.0716323852539063 0.0406951904296875
-0.0165023803710938 -0.0338840484619141 0.147186279296875 0.077667236328125
-0.0133934020996094 -0.0257472991943359 0.183807373046875 0.10076904296875
-0.0143661499023437 -0.0274810791015625 0.245452880859375 0.219894409179688
-0.00264930725097656 -0.0147075653076172 0.189788818359375 0.423553466796875
0.0195655822753906 -0.0201053619384766 -0.00201416015624997 0.567138671875
0.0158710479736328 0.0256729125976563 -0.3834228515625 0.521392822265625
-0.0234947204589844 0.0631828308105469 -0.73760986328125 0.18231201171875
-0.0633087158203125 0.0779571533203125 -0.67620849609375 -0.10736083984375
-0.1483154296875 0.0188446044921875 -0.559906005859375 -0.36041259765625
0.161544799804688 -0.06829833984375 -0.113006591796875 0.39166259765625
0.108100891113281 -0.135208129882813 0.39373779296875 0.16229248046875
-0.113006591796875 -0.164199829101563 0.37652587890625 -0.23577880859375
-0.163330078125 -0.0104827880859375 0.120162963867187 -0.223312377929687
-0.0926971435546875 0.0919113159179688 0.0247650146484375 -0.074981689453125
0.0143280029296875 0.106353759765625 0.074920654296875 0.0297164916992188
0.059722900390625 0.073577880859375 0.141647338867188 0.0742950439453125
0.0411338806152344 0.0618896484375 0.17877197265625 0.0957183837890625
0.0512123107910156 0.0598526000976563 0.250167846679688 0.220184326171875
0.027313232421875 0.0804672241210938 0.21234130859375 0.41632080078125
-0.0155792236328125 0.0732879638671875 0.025146484375 0.56207275390625
-0.0778274536132813 0.05908203125 -0.350250244140625 0.542449951171875
-0.112785339355469 -0.0341110229492188 -0.70989990234375 0.234130859375
-0.0319747924804688 -0.0744781494140625 -0.69342041015625 -0.05694580078125
0.0210037231445312 -0.0633392333984375 -0.59686279296875 -0.34869384765625
0.34954833984375 -0.125457763671875 -0.096832275390625 0.374603271484375
0.2093505859375 -0.288726806640625 0.333160400390625 0.19122314453125
-0.170654296875 -0.34112548828125 0.392608642578125 -0.143951416015625
-0.3172607421875 -0.0518798828125 0.216873168945313 -0.199050903320313
-0.208663940429687 0.17523193359375 0.0788421630859375 -0.146484375
0.016326904296875 0.240264892578125 0.0659561157226563 -0.0387001037597656
0.119857788085938 0.1683349609375 0.0977783203125 0.0374755859375
0.0896759033203125 0.143524169921875 0.144378662109375 0.0776824951171875
0.115768432617188 0.142837524414063 0.233413696289063 0.209854125976563
0.0599365234375 0.175186157226563 0.217010498046875 0.398284912109375
-0.0501861572265625 0.173507690429687 0.034332275390625 0.5416259765625
-0.177658081054688 0.0981903076171875 -0.326812744140625 0.53741455078125
-0.20318603515625 -0.134567260742188 -0.67572021484375 0.25396728515625
0.00213623046875 -0.227386474609375 -0.68218994140625 -0.0363159179687499
0.187896728515625 -0.141769409179688 -0.5794677734375 -0.3436279296875
0.467498779296875 -0.171539306640625 -0.033905029296875 0.3671875
0.242095947265625 -0.40118408203125 0.303558349609375 0.242095947265625
-0.23486328125 -0.431976318359375 0.449188232421875 -0.045928955078125
-0.409149169921875 -0.0498046875 0.34735107421875 -0.2061767578125
-0.262680053710938 0.233535766601562 0.136962890625 -0.255233764648438
0.02630615234375 0.31951904296875 0.0372772216796875 -0.145843505859375
0.155853271484375 0.232070922851562 0.0266036987304688 -0.0221576690673828
0.124557495117187 0.205734252929688 0.0879898071289063 0.048431396484375
0.16851806640625 0.212631225585938 0.191986083984375 0.187850952148438
0.0855560302734375 0.265487670898438 0.18841552734375 0.357025146484375
-0.0933990478515625 0.267501831054687 0.015380859375 0.490325927734375
-0.281646728515625 0.127777099609375 -0.313873291015625 0.492340087890625
-0.279754638671875 -0.242446899414063 -0.625 0.23345947265625
0.048492431640625 -0.361236572265625 -0.639404296875 -0.0423583984375
0.331695556640625 -0.19549560546875 -0.505340576171875 -0.34661865234375
0.509429931640625 -0.1962890625 0.06951904296875 0.36871337890625
0.22259521484375 -0.43988037109375 0.337005615234375 0.293121337890625
-0.266510009765625 -0.425384521484375 0.54449462890625 0.00463867187499997
-0.413116455078125 -0.022613525390625 0.46417236328125 -0.268829345703125
-0.25091552734375 0.247543334960937 0.167083740234375 -0.37933349609375
0.03924560546875 0.334228515625 -0.0140533447265625 -0.259323120117188
0.16534423828125 0.255599975585938 -0.0587539672851563 -0.0883712768554687
0.139434814453125 0.239669799804687 0.0190105438232422 0.0112380981445313
0.19573974609375 0.261077880859375 0.124282836914063 0.147216796875
0.087738037109375 0.336700439453125 0.129669189453125 0.289031982421875
-0.151092529296875 0.32977294921875 -0.022491455078125 0.3968505859375
-0.37359619140625 0.11859130859375 -0.292694091796875 0.401763916015625
-0.305572509765625 -0.348541259765625 -0.545623779296875 0.193328857421875
0.116180419921875 -0.444580078125 -0.569091796875 -0.0569458007812501
0.43133544921875 -0.20989990234375 -0.393768310546875 -0.35198974609375
0.47711181640625 -0.1988525390625 0.202484130859375 0.370941162109375
0.182373046875 -0.39691162109375 0.423065185546875 0.307464599609375
-0.242828369140625 -0.35272216796875 0.63250732421875 -0.01483154296875
-0.3416748046875 -0.00332641601562507 0.5203857421875 -0.364105224609375
-0.198379516601562 0.214553833007813 0.159454345703125 -0.485992431640625
0.044219970703125 0.2935791015625 -0.076202392578125 -0.3494873046875
0.148086547851563 0.24188232421875 -0.141525268554687 -0.14508056640625
0.133590698242188 0.239578247070312 -0.0531005859375 -0.0292320251464844
0.189483642578125 0.27801513671875 0.039703369140625 0.0881423950195313
0.0606689453125 0.363861083984375 0.05322265625 0.190261840820313
-0.206756591796875 0.32598876953125 -0.0517578125 0.267303466796875
-0.412109375 0.0576171874999999 -0.238739013671875 0.295501708984375
-0.25177001953125 -0.414947509765625 -0.445556640625 0.174896240234375
0.19110107421875 -0.4405517578125 -0.502410888671875 -0.0589904785156249
0.46307373046875 -0.178131103515625 -0.256103515625 -0.354248046875
0.38189697265625 -0.174530029296875 0.34075927734375 0.36297607421875
0.1427001953125 -0.30316162109375 0.5224609375 0.27349853515625
-0.174728393554688 -0.256881713867188 0.6796875 -0.0826416015625
-0.236602783203125 -0.00198364257812503 0.515960693359375 -0.455596923828125
-0.134140014648438 0.149368286132813 0.1241455078125 -0.5498046875
0.0373992919921875 0.2196044921875 -0.13677978515625 -0.403594970703125
0.109283447265625 0.197113037109375 -0.210723876953125 -0.18328857421875
0.106002807617188 0.203994750976563 -0.11895751953125 -0.0647354125976563
0.150115966796875 0.2518310546875 -0.04473876953125 0.0189743041992188
0.01678466796875 0.322967529296875 -0.0140762329101562 0.0765228271484375
-0.223175048828125 0.246063232421875 -0.047760009765625 0.136283874511719
-0.355194091796875 -0.023956298828125 -0.154891967773438 0.217300415039063
-0.134613037109375 -0.391082763671875 -0.370147705078125 0.1993408203125
0.2310791015625 -0.341278076171875 -0.4654541015625 -0.0516662597656251
0.409210205078125 -0.11334228515625 -0.1209716796875 -0.350006103515625
0.241546630859375 -0.1217041015625 0.4608154296875 0.341644287109375
0.109909057617188 -0.177703857421875 0.603759765625 0.21142578125
-0.0904388427734375 -0.161422729492187 0.68170166015625 -0.1612548828125
-0.129119873046875 -0.0137863159179688 0.47650146484375 -0.519866943359375
-0.07586669921875 0.0730361938476563 0.08160400390625 -0.5789794921875
0.0178756713867188 0.131095886230469 -0.1844482421875 -0.428253173828125
0.0533599853515625 0.131698608398438 -0.260498046875 -0.202011108398438
0.06072998046875 0.139808654785156 -0.169082641601562 -0.0896453857421875
0.084869384765625 0.182479858398438 -0.107627868652344 -0.0427703857421875
-0.0216217041015625 0.215774536132813 -0.0562705993652344 -0.0189590454101562
-0.172042846679688 0.121322631835937 -0.0199966430664063 0.0481109619140625
-0.209518432617188 -0.0693359375 -0.082244873046875 0.190536499023438
-0.0186614990234375 -0.256866455078125 -0.351318359375 0.237823486328125
0.195693969726563 -0.174560546875 -0.460357666015625 -0.0581054687499999
0.266464233398438 -0.036895751953125 -0.00384521484374995 -0.343780517578125
-0.0696678161621094 0.00154113769531249 -0.047027587890625 0.41766357421875
-0.0266647338867188 0.0380401611328125 0.459747314453125 0.0999755859375
-0.0549659729003906 0.0591773986816406 0.3431396484375 -0.32086181640625
0.0246047973632813 0.04730224609375 0.0548248291015625 -0.25189208984375
0.0481491088867188 -0.0115203857421875 0.00237274169921875 -0.048675537109375
0.00526809692382813 -0.0543937683105469 0.0743255615234375 0.0320816040039063
-0.017547607421875 -0.0342082977294922 0.15264892578125 0.064971923828125
-0.0160198211669922 -0.0265617370605469 0.188430786132813 0.0886688232421875
-0.0168190002441406 -0.0286521911621094 0.26031494140625 0.205001831054688
-0.00183296203613281 -0.014582633972168 0.222686767578125 0.411346435546875
0.0169563293457031 -0.0223884582519531 0.04010009765625 0.57281494140625
0.0191669464111328 0.0257663726806641 -0.34796142578125 0.56463623046875
-0.01904296875 0.070465087890625 -0.7347412109375 0.24627685546875
-0.0568084716796875 0.0841827392578125 -0.696533203125 -0.0567626953125001
-0.150466918945313 0.0303955078125 -0.6009521484375 -0.32568359375
0.158935546875 -0.0838623046875 -0.08453369140625 0.40545654296875
0.1014404296875 -0.145797729492188 0.4105224609375 0.130523681640625
-0.126220703125 -0.155929565429687 0.360382080078125 -0.2757568359375
-0.168121337890625 0.00195312499999998 0.10113525390625 -0.238143920898438
-0.0899200439453125 0.101112365722656 0.0189056396484375 -0.0784378051757812
0.0240097045898437 0.106521606445313 0.0775985717773438 0.0204010009765625
0.068115234375 0.0684051513671875 0.1463623046875 0.062652587890625
0.0456619262695312 0.057952880859375 0.182586669921875 0.083282470703125
0.0572700500488281 0.0544815063476562 0.266754150390625 0.204132080078125
0.0354995727539062 0.0774688720703125 0.2457275390625 0.403106689453125
-0.00985717773437501 0.0744094848632813 0.06878662109375 0.564453125
-0.072845458984375 0.0662155151367188 -0.31317138671875 0.58245849609375
-0.115821838378906 -0.0199966430664062 -0.7032470703125 0.29718017578125
-0.0359649658203125 -0.0719757080078125 -0.710693359375 -0.00488281249999999
0.0174217224121094 -0.0653915405273438 -0.63983154296875 -0.31024169921875
0.348236083984375 -0.157135009765625 -0.0680847167968749 0.387359619140625
0.194305419921875 -0.31170654296875 0.3502197265625 0.166534423828125
-0.19866943359375 -0.332305908203125 0.38385009765625 -0.18426513671875
-0.32763671875 -0.02734375 0.201934814453125 -0.221343994140625
-0.201705932617187 0.194488525390625 0.067779541015625 -0.155624389648438
0.03741455078125 0.2412109375 0.0637893676757813 -0.0489692687988281
0.136154174804687 0.159561157226563 0.100288391113281 0.0285873413085938
0.10162353515625 0.137214660644531 0.147781372070313 0.068603515625
0.128364562988281 0.132461547851563 0.251495361328125 0.195480346679688
0.076873779296875 0.170364379882813 0.2490234375 0.383026123046875
-0.0362091064453125 0.177215576171875 0.0769042968750001 0.54437255859375
-0.169891357421875 0.112716674804687 -0.29058837890625 0.5758056640625
-0.2159423828125 -0.114120483398437 -0.6676025390625 0.31439208984375
-0.01324462890625 -0.2301025390625 -0.69805908203125 0.0174560546874999
0.182174682617187 -0.15802001953125 -0.6212158203125 -0.30731201171875
0.466766357421875 -0.21173095703125 -0.00247192382812501 0.3746337890625
0.22003173828125 -0.427276611328125 0.3238525390625 0.22216796875
-0.271484375 -0.420318603515625 0.449951171875 -0.085296630859375
-0.419891357421875 -0.017974853515625 0.334503173828125 -0.2391357421875
-0.25115966796875 0.2576904296875 0.118499755859375 -0.270965576171875
0.053314208984375 0.320831298828125 0.0269012451171875 -0.1558837890625
0.178878784179688 0.220733642578125 0.0238742828369141 -0.0261402130126953
0.141891479492188 0.1981201171875 0.09063720703125 0.0431289672851563
0.18719482421875 0.198287963867188 0.208816528320313 0.17535400390625
0.110748291015625 0.258743286132813 0.21966552734375 0.34619140625
-0.0720672607421875 0.275665283203125 0.053131103515625 0.495758056640625
-0.274307250976563 0.150405883789062 -0.2813720703125 0.529266357421875
-0.30218505859375 -0.218505859375 -0.61749267578125 0.289306640625
0.024658203125 -0.3692626953125 -0.654296875 0.00756835937500006
0.32586669921875 -0.223785400390625 -0.547149658203125 -0.3133544921875
0.50616455078125 -0.240509033203125 0.1038818359375 0.369049072265625
0.197113037109375 -0.46392822265625 0.362945556640625 0.272674560546875
-0.303314208984375 -0.408477783203125 0.55084228515625 -0.042205810546875
-0.421173095703125 0.00927734375000006 0.448883056640625 -0.311309814453125
-0.238143920898438 0.27154541015625 0.1385498046875 -0.4002685546875
0.067962646484375 0.3328857421875 -0.033721923828125 -0.26708984375
0.189895629882813 0.243789672851563 -0.0663604736328125 -0.086212158203125
0.160552978515625 0.231689453125 0.0192623138427734 0.00988960266113283
0.219009399414062 0.244873046875 0.138587951660156 0.139640808105469
0.119476318359375 0.330902099609375 0.15277099609375 0.281402587890625
-0.126129150390625 0.34490966796875 0.00634765624999996 0.4039306640625
-0.370391845703125 0.14947509765625 -0.268951416015625 0.43438720703125
-0.337615966796875 -0.325958251953125 -0.53875732421875 0.242401123046875
0.086334228515625 -0.46124267578125 -0.5838623046875 -0.0101318359375
0.427764892578125 -0.2476806640625 -0.4305419921875 -0.327880859375
0.47369384765625 -0.23822021484375 0.23876953125 0.3614501953125
0.159332275390625 -0.41998291015625 0.451263427734375 0.28289794921875
-0.27203369140625 -0.337249755859375 0.63983154296875 -0.06781005859375
-0.34521484375 0.023284912109375 0.498809814453125 -0.4134521484375
-0.186599731445312 0.231307983398438 0.121917724609375 -0.506622314453125
0.069427490234375 0.290985107421875 -0.105133056640625 -0.353271484375
0.171157836914063 0.231460571289063 -0.153305053710938 -0.136398315429687
0.15380859375 0.231231689453125 -0.0546379089355469 -0.0264854431152344
0.2144775390625 0.26300048828125 0.0491104125976563 0.0868682861328125
0.094207763671875 0.360260009765625 0.0681304931640625 0.188003540039063
-0.18408203125 0.3466796875 -0.034820556640625 0.274871826171875
-0.41461181640625 0.09039306640625 -0.22076416015625 0.320465087890625
-0.28936767578125 -0.40216064453125 -0.437957763671875 0.215667724609375
0.163421630859375 -0.465240478515625 -0.515167236328125 -0.0166931152343751
0.463043212890625 -0.2174072265625 -0.292816162109375 -0.339324951171875
0.377227783203125 -0.207061767578125 0.380950927734375 0.34356689453125
0.124908447265625 -0.319671630859375 0.55206298828125 0.242767333984375
-0.1951904296875 -0.245330810546875 0.6820068359375 -0.13970947265625
-0.2384033203125 0.0164337158203125 0.48736572265625 -0.50579833984375
-0.126388549804687 0.160354614257813 0.08001708984375 -0.570556640625
0.0555267333984375 0.216629028320313 -0.170623779296875 -0.401580810546875
0.128189086914063 0.190475463867188 -0.224624633789063 -0.169631958007813
0.123443603515625 0.198165893554688 -0.122291564941406 -0.0582733154296875
0.172271728515625 0.2408447265625 -0.0407524108886719 0.0222129821777344
0.04632568359375 0.3248291015625 -0.009246826171875 0.0782928466796875
-0.207855224609375 0.268157958984375 -0.0405731201171875 0.140960693359375
-0.364410400390625 0.00253295898437502 -0.14105224609375 0.23388671875
-0.16705322265625 -0.387481689453125 -0.357696533203125 0.235504150390625
0.213470458984375 -0.367340087890625 -0.477081298828125 -0.0108642578125001
0.41326904296875 -0.14801025390625 -0.153228759765625 -0.3458251953125
0.23883056640625 -0.141357421875 0.501617431640625 0.31414794921875
0.10107421875 -0.190582275390625 0.6297607421875 0.17230224609375
-0.101715087890625 -0.15625 0.68035888671875 -0.21826171875
-0.13067626953125 -0.00457000732421875 0.44140625 -0.56829833984375
-0.0730209350585937 0.0784835815429688 0.03704833984375 -0.59442138671875
0.029266357421875 0.129493713378906 -0.22161865234375 -0.41961669921875
0.067138671875 0.129676818847656 -0.275390625 -0.184768676757813
0.0728225708007813 0.136940002441406 -0.173385620117187 -0.0805206298828125
0.101028442382813 0.175949096679687 -0.109687805175781 -0.035003662109375
-0.00149536132812499 0.219985961914063 -0.0591163635253906 -0.0146751403808594
-0.16680908203125 0.136627197265625 -0.0197906494140625 0.0482711791992188
-0.220001220703125 -0.056182861328125 -0.0683746337890625 0.2000732421875
-0.0385589599609375 -0.260162353515625 -0.3363037109375 0.27496337890625
0.190185546875 -0.193771362304687 -0.4732666015625 -0.0161437988281251
0.27191162109375 -0.0584869384765625 -0.032806396484375 -0.348114013671875
-0.0715179443359375 0.00800323486328126 -0.012908935546875 0.415283203125
-0.0224647521972656 0.0398712158203125 0.4591064453125 0.058197021484375
-0.0453910827636719 0.0657005310058594 0.307647705078125 -0.3521728515625
0.0284538269042969 0.04541015625 0.0306243896484375 -0.254486083984375
0.0451011657714844 -0.0148963928222656 -0.00164031982421875 -0.0488853454589844
0.00134658813476563 -0.0527381896972656 0.0740509033203125 0.0234451293945312
-0.0192985534667969 -0.0326023101806641 0.151947021484375 0.050262451171875
-0.0188255310058594 -0.0257358551025391 0.18743896484375 0.0739898681640625
-0.0194873809814453 -0.0271072387695312 0.268203735351563 0.18267822265625
-0.00109004974365234 -0.0152530670166016 0.2490234375 0.385772705078125
0.015228271484375 -0.0231208801269531 0.0853271484375 0.55859375
0.0224571228027344 0.0245895385742188 -0.29473876953125 0.58612060546875
-0.0117263793945313 0.0752716064453125 -0.70556640625 0.306396484375
-0.0479660034179687 0.0863723754882813 -0.69281005859375 -0.00140380859374998
-0.1466064453125 0.0420989990234375 -0.623291015625 -0.27484130859375
0.148834228515625 -0.0957794189453125 -0.05047607421875 0.406494140625
0.0914306640625 -0.152801513671875 0.413848876953125 0.093963623046875
-0.133575439453125 -0.142410278320312 0.328277587890625 -0.308319091796875
-0.165359497070312 0.01641845703125 0.0769195556640625 -0.245071411132812
-0.0830459594726563 0.108047485351563 0.0116043090820312 -0.0791015625
0.0338516235351562 0.103324890136719 0.0762405395507813 0.010040283203125
0.0736846923828125 0.0604095458984375 0.145614624023438 0.04803466796875
0.0488815307617188 0.0530242919921875 0.182205200195313 0.069488525390625
0.0591239929199219 0.0467681884765625 0.275375366210938 0.181381225585938
0.0436019897460938 0.0711212158203125 0.272125244140625 0.37481689453125
-0.00321197509765624 0.07196044921875 0.1121826171875 0.548858642578125
-0.0634994506835937 0.0707015991210938 -0.25970458984375 0.60211181640625
-0.113082885742188 -0.00497436523437502 -0.66986083984375 0.35400390625
-0.0396881103515625 -0.0679054260253906 -0.70318603515625 0.0527343750000001
0.0122261047363281 -0.0655517578125 -0.6612548828125 -0.25616455078125
0.3319091796875 -0.183929443359375 -0.03399658203125 0.38629150390625
0.170928955078125 -0.324920654296875 0.35693359375 0.13555908203125
-0.220733642578125 -0.3118896484375 0.359954833984375 -0.219390869140625
-0.32684326171875 3.05175781250397E-05 0.178207397460938 -0.236541748046875
-0.185134887695313 0.210678100585937 0.0532684326171875 -0.159149169921875
0.0588226318359375 0.23394775390625 0.0569992065429688 -0.0586090087890625
0.1490478515625 0.143646240234375 0.098785400390625 0.018951416015625
0.110038757324219 0.126426696777344 0.147689819335937 0.05718994140625
0.136077880859375 0.116668701171875 0.262039184570313 0.17266845703125
0.0913848876953125 0.157623291015625 0.27496337890625 0.353912353515625
-0.0202789306640625 0.1746826171875 0.118865966796875 0.529022216796875
-0.155227661132812 0.124053955078125 -0.23760986328125 0.59490966796875
-0.219009399414063 -0.0900115966796875 -0.633056640625 0.36669921875
-0.0287628173828125 -0.224945068359375 -0.6873779296875 0.0747070312500001
0.16864013671875 -0.168975830078125 -0.64227294921875 -0.2548828125
0.4453125 -0.248565673828125 0.03021240234375 0.368621826171875
0.18865966796875 -0.44189453125 0.335479736328125 0.19342041015625
-0.300262451171875 -0.392425537109375 0.432281494140625 -0.125640869140625
-0.415924072265625 0.0170288085937501 0.308868408203125 -0.2652587890625
-0.229385375976562 0.277145385742188 0.0936126708984375 -0.277938842773438
0.08135986328125 0.309906005859375 0.0126800537109375 -0.160659790039062
0.196044921875 0.200210571289063 0.0200347900390625 -0.0291652679443359
0.155426025390625 0.1827392578125 0.0902557373046875 0.035247802734375
0.198318481445312 0.176971435546875 0.22113037109375 0.155715942382813
0.13189697265625 0.24102783203125 0.243499755859375 0.320953369140625
-0.046905517578125 0.274307250976563 0.091217041015625 0.483489990234375
-0.255859375 0.169998168945313 -0.2354736328125 0.54937744140625
-0.31317138671875 -0.185943603515625 -0.5853271484375 0.33746337890625
-0.00247192382812503 -0.366241455078125 -0.645751953125 0.0626220703125
0.3065185546875 -0.247100830078125 -0.57080078125 -0.26422119140625
0.484100341796875 -0.27880859375 0.135772705078125 0.35443115234375
0.161407470703125 -0.4757080078125 0.37884521484375 0.2415771484375
-0.33038330078125 -0.378387451171875 0.539642333984375 -0.08843994140625
-0.4129638671875 0.04278564453125 0.4158935546875 -0.346160888671875
-0.2135009765625 0.28814697265625 0.102935791015625 -0.406524658203125
0.09552001953125 0.319915771484375 -0.0562896728515625 -0.26513671875
0.209197998046875 0.222610473632813 -0.0727462768554688 -0.0803070068359375
0.176956176757813 0.215927124023438 0.0195388793945313 0.00760841369628908
0.234451293945313 0.220428466796875 0.15032958984375 0.125885009765625
0.147705078125 0.311767578125 0.17388916015625 0.263656616210938
-0.095123291015625 0.3485107421875 0.037200927734375 0.39727783203125
-0.352020263671875 0.1771240234375 -0.2301025390625 0.45538330078125
-0.357757568359375 -0.29058837890625 -0.509307861328125 0.28448486328125
0.0523681640625 -0.464019775390625 -0.57635498046875 0.03948974609375
0.40576171875 -0.27862548828125 -0.4560546875 -0.287139892578125
0.45147705078125 -0.273681640625 0.269805908203125 0.336456298828125
0.128082275390625 -0.42803955078125 0.468505859375 0.24652099609375
-0.2908935546875 -0.308624267578125 0.62579345703125 -0.12060546875
-0.336639404296875 0.0511474609375001 0.4578857421875 -0.4500732421875
-0.167739868164062 0.243606567382813 0.07568359375 -0.50909423828125
0.092742919921875 0.277679443359375 -0.13336181640625 -0.342864990234375
0.189559936523437 0.212356567382812 -0.160568237304688 -0.122833251953125
0.1702880859375 0.215927124023437 -0.0545883178710937 -0.0230674743652344
0.231369018554688 0.238616943359375 0.05902099609375 0.0798416137695313
0.126220703125 0.3438720703125 0.0817413330078125 0.178924560546875
-0.151702880859375 0.35601806640625 -0.0146942138671875 0.273910522460938
-0.402435302734375 0.122772216796875 -0.1927490234375 0.337066650390625
-0.316314697265625 -0.37042236328125 -0.412200927734375 0.252197265625
0.128936767578125 -0.476318359375 -0.50860595703125 0.030029296875
0.44464111328125 -0.25360107421875 -0.319610595703125 -0.30999755859375
0.358428955078125 -0.232330322265625 0.40789794921875 0.30780029296875
0.102020263671875 -0.32635498046875 0.56500244140625 0.19818115234375
-0.208084106445313 -0.225189208984375 0.66180419921875 -0.196533203125
-0.231338500976563 0.034027099609375 0.43768310546875 -0.540191650390625
-0.113113403320313 0.167221069335938 0.0316162109375 -0.56866455078125
0.0730743408203125 0.205535888671875 -0.200103759765625 -0.383880615234375
0.1446533203125 0.175857543945313 -0.231735229492188 -0.149658203125
0.13751220703125 0.185623168945313 -0.121826171875 -0.0507431030273438
0.18963623046875 0.220413208007813 -0.0352287292480469 0.024383544921875
0.075439453125 0.312835693359375 -0.00341796875 0.0784530639648438
-0.183975219726563 0.280914306640625 -0.0316314697265625 0.141204833984375
-0.361236572265625 0.031158447265625 -0.11962890625 0.244094848632813
-0.195098876953125 -0.367950439453125 -0.329437255859375 0.266876220703125
0.185821533203125 -0.3826904296875 -0.469879150390625 0.0350341796875
0.401092529296875 -0.180572509765625 -0.181793212890625 -0.326904296875
0.225784301757813 -0.156707763671875 0.52593994140625 0.270782470703125
0.0873565673828125 -0.1973876953125 0.6358642578125 0.12335205078125
-0.109024047851562 -0.144927978515625 0.6552734375 -0.27313232421875
-0.12725830078125 0.00502777099609375 0.388427734375 -0.59783935546875
-0.0674591064453125 0.0822906494140625 -0.0140380859375 -0.587890625
0.03961181640625 0.123321533203125 -0.25201416015625 -0.395660400390625
0.0792160034179688 0.121688842773438 -0.281341552734375 -0.160614013671875
0.0831832885742188 0.129997253417969 -0.172470092773438 -0.0684967041015625
0.113494873046875 0.1632080078125 -0.107559204101563 -0.0268478393554687
0.0196685791015625 0.215118408203125 -0.0600128173828125 -0.00947570800781249
-0.15411376953125 0.149200439453125 -0.0181312561035156 0.0474166870117188
-0.222946166992188 -0.039794921875 -0.05035400390625 0.203811645507813
-0.055999755859375 -0.25439453125 -0.303558349609375 0.304779052734375
0.176483154296875 -0.209381103515625 -0.467254638671875 0.0295104980468751
0.267745971679688 -0.0792388916015625 -0.06146240234375 -0.338836669921875
-0.0721282958984375 0.0146102905273438 0.01177978515625 0.40301513671875
-0.0184249877929688 0.0404548645019531 0.4478759765625 0.025848388671875
-0.0363197326660156 0.0671272277832031 0.2718505859375 -0.365386962890625
0.030853271484375 0.0424346923828125 0.0105133056640625 -0.249603271484375
0.04248046875 -0.0155029296875 -0.00590133666992188 -0.0471534729003906
-0.000423431396484378 -0.0505256652832031 0.0699195861816406 0.0167388916015625
-0.0192356109619141 -0.031402587890625 0.146499633789063 0.0380859375
-0.0196514129638672 -0.0233860015869141 0.181015014648438 0.0630950927734375
-0.0213947296142578 -0.0254268646240234 0.266372680664063 0.163528442382813
-0.000944137573242187 -0.0162019729614258 0.261383056640625 0.3580322265625
0.0128936767578125 -0.0235309600830078 0.114532470703125 0.534576416015625
0.0253543853759766 0.0225410461425781 -0.24993896484375 0.5894775390625
-0.00542449951171875 0.076080322265625 -0.66510009765625 0.341552734375
-0.04052734375 0.0848770141601563 -0.6712646484375 0.0398559570312501
-0.141876220703125 0.049468994140625 -0.623291015625 -0.23236083984375
0.139015197753906 -0.100845336914063 -0.025299072265625 0.39520263671875
0.082733154296875 -0.1552734375 0.4053955078125 0.064666748046875
-0.135650634765625 -0.131324768066406 0.293792724609375 -0.32623291015625
-0.15972900390625 0.0262451171875 0.05615234375 -0.243087768554688
-0.0744857788085937 0.112739562988281 0.00530242919921875 -0.0777587890625
0.040771484375 0.0982437133789063 0.0717391967773438 0.00246429443359376
0.0764389038085937 0.0524520874023437 0.140228271484375 0.0370559692382813
0.049713134765625 0.0488243103027344 0.175628662109375 0.0589599609375
0.058624267578125 0.0408592224121094 0.274032592773438 0.1611328125
0.0468673706054688 0.0632095336914063 0.28228759765625 0.344085693359375
0.000999450683593747 0.0684738159179688 0.14007568359375 0.52471923828125
-0.0555267333984375 0.071136474609375 -0.21527099609375 0.6046142578125
-0.106246948242187 0.00491333007812502 -0.62872314453125 0.3841552734375
-0.040283203125 -0.0643997192382813 -0.678955078125 0.0914306640624999
0.00823974609375 -0.062896728515625 -0.65960693359375 -0.21209716796875
0.3128662109375 -0.198272705078125 -0.010406494140625 0.373809814453125
0.151214599609375 -0.327362060546875 0.353271484375 0.108734130859375
-0.230224609375 -0.290740966796875 0.32867431640625 -0.238525390625
-0.31640625 0.020263671875 0.1552734375 -0.240798950195313
-0.16876220703125 0.218536376953125 0.041015625 -0.157440185546875
0.072662353515625 0.221817016601563 0.0500717163085938 -0.0638465881347656
0.154266357421875 0.1279296875 0.0935211181640625 0.0107879638671875
0.113525390625 0.116325378417969 0.142471313476563 0.0472564697265625
0.136756896972656 0.104103088378906 0.262283325195313 0.152877807617188
0.0982666015625 0.142578125 0.2850341796875 0.324798583984375
-0.0089874267578125 0.167236328125 0.146270751953125 0.5048828125
-0.14093017578125 0.127685546875 -0.19439697265625 0.5948486328125
-0.212753295898438 -0.070556640625 -0.590576171875 0.39630126953125
-0.0383758544921875 -0.216964721679688 -0.66363525390625 0.11175537109375
0.154861450195313 -0.172561645507813 -0.642578125 -0.20904541015625
0.42010498046875 -0.265960693359375 0.0534667968750001 0.352020263671875
0.160980224609375 -0.442779541015625 0.3363037109375 0.1671142578125
-0.3118896484375 -0.36224365234375 0.40728759765625 -0.150665283203125
-0.402008056640625 0.041107177734375 0.2816162109375 -0.2763671875
-0.207550048828125 0.285186767578125 0.0723114013671875 -0.275772094726563
0.09942626953125 0.29302978515625 0.000152587890625 -0.160995483398437
0.203582763671875 0.178939819335938 0.0153579711914063 -0.0307731628417969
0.16119384765625 0.168960571289063 0.087615966796875 0.02947998046875
0.20172119140625 0.157516479492188 0.223953247070313 0.13720703125
0.14288330078125 0.220199584960938 0.253509521484375 0.2938232421875
-0.028411865234375 0.26593017578125 0.115875244140625 0.462799072265625
-0.236129760742188 0.178207397460937 -0.195220947265625 0.549530029296875
-0.31072998046875 -0.15875244140625 -0.548309326171875 0.36492919921875
-0.020965576171875 -0.357086181640625 -0.62261962890625 0.10107421875
0.285858154296875 -0.255615234375 -0.57257080078125 -0.22393798828125
0.45556640625 -0.297027587890625 0.1553955078125 0.332122802734375
0.133880615234375 -0.4732666015625 0.3812255859375 0.213775634765625
-0.338775634765625 -0.348602294921875 0.514862060546875 -0.12005615234375
-0.395782470703125 0.0664367675781249 0.3812255859375 -0.361297607421875
-0.1927490234375 0.2935791015625 0.073944091796875 -0.401397705078125
0.1131591796875 0.300994873046875 -0.0728759765625 -0.256683349609375
0.218414306640625 0.2003173828125 -0.0756683349609375 -0.0749435424804687
0.184097290039063 0.198928833007813 0.0190544128417969 0.00502204895019532
0.23907470703125 0.197418212890625 0.154830932617188 0.111282348632813
0.16339111328125 0.28729248046875 0.183334350585937 0.243515014648438
-0.0694580078125 0.3414306640625 0.058197021484375 0.384307861328125
-0.329803466796875 0.191864013671875 -0.194976806640625 0.45831298828125
-0.36163330078125 -0.25909423828125 -0.47576904296875 0.309326171875
0.026336669921875 -0.454925537109375 -0.555908203125 0.075225830078125
0.382843017578125 -0.294219970703125 -0.463531494140625 -0.25030517578125
0.425445556640625 -0.290374755859375 0.285797119140625 0.30780029296875
0.102508544921875 -0.42413330078125 0.47021484375 0.2127685546875
-0.29742431640625 -0.28302001953125 0.5987548828125 -0.156982421875
-0.3194580078125 0.0687255859375 0.415985107421875 -0.465118408203125
-0.148086547851563 0.246826171875 0.042510986328125 -0.498016357421875
0.107223510742187 0.2601318359375 -0.150543212890625 -0.326904296875
0.199325561523438 0.191879272460937 -0.16217041015625 -0.111129760742188
0.178436279296875 0.200271606445312 -0.0525932312011719 -0.0217514038085937
0.23760986328125 0.215805053710938 0.0639266967773438 0.0718765258789063
0.14453125 0.3212890625 0.0895538330078125 0.167526245117188
-0.125274658203125 0.353240966796875 -0.000976562500000018 0.26617431640625
-0.38372802734375 0.142059326171875 -0.166778564453125 0.34130859375
-0.3267822265625 -0.340728759765625 -0.382171630859375 0.270660400390625
0.100433349609375 -0.4720458984375 -0.48907470703125 0.0633544921875
0.422088623046875 -0.273101806640625 -0.331634521484375 -0.27947998046875
0.33734130859375 -0.244659423828125 0.419342041015625 0.274200439453125
0.08367919921875 -0.32403564453125 0.562286376953125 0.16265869140625
-0.210708618164063 -0.206024169921875 0.63201904296875 -0.2318115234375
-0.219085693359375 0.04547119140625 0.392333984375 -0.551971435546875
-0.10089111328125 0.16888427734375 -0.00491333007812502 -0.55316162109375
0.0837554931640625 0.191574096679688 -0.21795654296875 -0.361724853515625
0.153091430664063 0.159622192382813 -0.2305908203125 -0.133132934570312
0.145156860351563 0.172805786132813 -0.118667602539062 -0.0454254150390625
0.1954345703125 0.200836181640625 -0.0298557281494141 0.023794174194336
0.094329833984375 0.29498291015625 0.000900268554687506 0.0755081176757813
-0.16082763671875 0.284088134765625 -0.0258255004882813 0.1385498046875
-0.3504638671875 0.0501708984375001 -0.100753784179688 0.24505615234375
-0.208251953125 -0.34710693359375 -0.29840087890625 0.282073974609375
0.162384033203125 -0.38616943359375 -0.451690673828125 0.06683349609375
0.384124755859375 -0.19866943359375 -0.197906494140625 -0.303375244140625
0.212554931640625 -0.1630859375 0.530548095703125 0.23101806640625
0.076568603515625 -0.198822021484375 0.62811279296875 0.085693359375
-0.111076354980469 -0.135009765625 0.61920166015625 -0.3055419921875
-0.120872497558594 0.0115737915039063 0.33880615234375 -0.60400390625
-0.0622482299804688 0.0839996337890625 -0.04840087890625 -0.5682373046875
0.0458755493164063 0.115188598632813 -0.266265869140625 -0.368621826171875
0.08819580078125 0.11175537109375 -0.277740478515625 -0.140670776367188
0.08917236328125 0.121742248535156 -0.166793823242188 -0.060943603515625
0.119949340820313 0.15087890625 -0.103271484375 -0.0219573974609375
0.0333251953125 0.204238891601563 -0.0592308044433594 -0.00615310668945312
-0.1422119140625 0.154434204101562 -0.0171165466308594 0.0463027954101563
-0.219833374023438 -0.0271453857421875 -0.0339813232421875 0.2015380859375
-0.066253662109375 -0.244766235351563 -0.27032470703125 0.318634033203125
0.162750244140625 -0.2166748046875 -0.449127197265625 0.0637817382812499
0.2589111328125 -0.0924835205078125 -0.081298828125 -0.322784423828125
-0.071319580078125 0.0204010009765625 0.025787353515625 0.390411376953125
-0.0148811340332031 0.0401573181152344 0.43634033203125 0.0068359375
-0.029296875 0.0666236877441406 0.245391845703125 -0.37158203125
0.0332565307617188 0.0405960083007813 -0.00341796874999998 -0.244171142578125
0.0412635803222656 -0.0144119262695312 -0.00740814208984374 -0.0451736450195313
-0.000480651855468746 -0.0487213134765625 0.0657005310058594 0.0133514404296875
-0.0185508728027344 -0.0305252075195313 0.139289855957031 0.03253173828125
-0.0197696685791016 -0.0216846466064453 0.173446655273438 0.057769775390625
-0.0221385955810547 -0.0226879119873047 0.261062622070312 0.152633666992188
-0.00116539001464844 -0.0177955627441406 0.263519287109375 0.337371826171875
0.0114784240722656 -0.0237464904785156 0.128082275390625 0.51629638671875
0.0267581939697266 0.0214710235595703 -0.222412109375 0.58587646484375
-0.000251770019531253 0.0765838623046875 -0.63653564453125 0.35772705078125
-0.0367279052734375 0.082061767578125 -0.65606689453125 0.0609130859374999
-0.137710571289063 0.0533294677734375 -0.61883544921875 -0.207275390625
0.131813049316406 -0.101089477539063 -0.0108642578125 0.38482666015625
0.0794525146484375 -0.156478881835938 0.397308349609375 0.046051025390625
-0.133827209472656 -0.124961853027344 0.267608642578125 -0.334197998046875
-0.1541748046875 0.0308837890625 0.04132080078125 -0.238937377929688
-0.0685577392578125 0.116203308105469 0.00156402587890625 -0.075042724609375
0.0454940795898438 0.0931930541992188 0.0677871704101563 -0.00180053710937499
0.0777511596679687 0.0462493896484375 0.133674621582031 0.030487060546875
0.0508460998535156 0.0461997985839844 0.168777465820312 0.0530548095703125
0.0573921203613281 0.0378990173339844 0.269805908203125 0.148605346679688
0.047515869140625 0.0563735961914063 0.2830810546875 0.32281494140625
0.00300216674804688 0.0646858215332031 0.15423583984375 0.506317138671875
-0.0495071411132813 0.06951904296875 -0.1866455078125 0.59735107421875
-0.0989837646484375 0.0105438232421875 -0.5994873046875 0.40069580078125
-0.0402641296386719 -0.0621070861816406 -0.6590576171875 0.112548828125
0.00563049316406251 -0.0605735778808594 -0.653076171875 -0.18658447265625
0.29962158203125 -0.202606201171875 0.00463867187499998 0.362945556640625
0.1407470703125 -0.328338623046875 0.34814453125 0.0916748046875
-0.233169555664062 -0.277847290039063 0.30535888671875 -0.249237060546875
-0.30670166015625 0.03057861328125 0.139419555664063 -0.24005126953125
-0.15704345703125 0.222808837890625 0.033477783203125 -0.154800415039063
0.080841064453125 0.21221923828125 0.0442237854003906 -0.0661087036132812
0.156585693359375 0.115951538085937 0.0876083374023438 0.00693511962890626
0.115142822265625 0.109443664550781 0.136764526367188 0.043121337890625
0.135383605957031 0.0952301025390625 0.259353637695313 0.13885498046875
0.100418090820312 0.130508422851563 0.287109375 0.30377197265625
-0.00247192382812499 0.159454345703125 0.15850830078125 0.48626708984375
-0.130653381347656 0.12701416015625 -0.1673583984375 0.59124755859375
-0.204513549804688 -0.0587005615234375 -0.56231689453125 0.41070556640625
-0.042999267578125 -0.210617065429687 -0.642822265625 0.13275146484375
0.1470947265625 -0.172027587890625 -0.63800048828125 -0.1829833984375
0.403717041015625 -0.27313232421875 0.06573486328125 0.338653564453125
0.146392822265625 -0.440460205078125 0.333160400390625 0.150146484375
-0.31646728515625 -0.344970703125 0.38507080078125 -0.164337158203125
-0.38818359375 0.0537109374999999 0.26171875 -0.278839111328125
-0.191680908203125 0.28790283203125 0.059906005859375 -0.270660400390625
0.109725952148438 0.27899169921875 -0.008087158203125 -0.15997314453125
0.2060546875 0.163909912109375 0.0113945007324219 -0.0311393737792969
0.1636962890625 0.158798217773438 0.0834426879882813 0.0259780883789063
0.200027465820313 0.144805908203125 0.22320556640625 0.124359130859375
0.147018432617188 0.204116821289063 0.256561279296875 0.2752685546875
-0.0174713134765625 0.257400512695313 0.128509521484375 0.447998046875
-0.221176147460938 0.180252075195312 -0.1690673828125 0.546905517578125
-0.3028564453125 -0.14154052734375 -0.519287109375 0.376220703125
-0.03045654296875 -0.348388671875 -0.60186767578125 0.11920166015625
0.273162841796875 -0.2576904296875 -0.56982421875 -0.19873046875
0.436309814453125 -0.30413818359375 0.165283203125 0.315216064453125
0.118408203125 -0.46868896484375 0.379364013671875 0.196075439453125
-0.3406982421875 -0.329620361328125 0.49481201171875 -0.137451171875
-0.38037109375 0.0775756835937499 0.356658935546875 -0.366424560546875
-0.177001953125 0.295135498046875 0.056365966796875 -0.39373779296875
0.122314453125 0.285308837890625 -0.0820465087890625 -0.25103759765625
0.22161865234375 0.182937622070313 -0.0780410766601562 -0.0712509155273437
0.1876220703125 0.188232421875 0.0177383422851563 0.00310897827148439
0.238449096679688 0.182327270507813 0.156463623046875 0.0998687744140625
0.169509887695313 0.268814086914063 0.187911987304688 0.228591918945313
-0.05474853515625 0.332855224609375 0.068450927734375 0.373870849609375
-0.313446044921875 0.197235107421875 -0.173309326171875 0.456298828125
-0.35736083984375 -0.238311767578125 -0.45123291015625 0.319732666015625
0.013702392578125 -0.44677734375 -0.537506103515625 0.0946655273437501
0.36724853515625 -0.298126220703125 -0.463134765625 -0.2265625
0.4068603515625 -0.294921875 0.291259765625 0.28814697265625
0.089874267578125 -0.419189453125 0.46759033203125 0.194305419921875
-0.29522705078125 -0.267120361328125 0.5767822265625 -0.17510986328125
-0.3056640625 0.076019287109375 0.38824462890625 -0.46954345703125
-0.136032104492188 0.2469482421875 0.0218505859374999 -0.486724853515625
0.114639282226563 0.244979858398438 -0.159759521484375 -0.314849853515625
0.203628540039063 0.175949096679688 -0.161392211914063 -0.1044921875
0.181640625 0.189285278320313 -0.0522842407226562 -0.0227584838867187
0.237960815429687 0.199249267578125 0.0672950744628906 0.0644569396972656
0.153045654296875 0.302093505859375 0.0934295654296875 0.15924072265625
-0.10894775390625 0.348541259765625 0.00558471679687501 0.260650634765625
-0.3695068359375 0.151702880859375 -0.149322509765625 0.340423583984375
-0.327972412109375 -0.321380615234375 -0.357330322265625 0.278717041015625
0.084930419921875 -0.466949462890625 -0.47222900390625 0.0821533203124999
0.4068603515625 -0.2801513671875 -0.33453369140625 -0.25830078125
0.32373046875 -0.2471923828125 0.42071533203125 0.250946044921875
0.0732421875 -0.3212890625 0.556610107421875 0.140655517578125
-0.209136962890625 -0.194961547851563 0.60675048828125 -0.2486572265625
-0.208389282226563 0.0507049560546875 0.35931396484375 -0.552215576171875
-0.0932464599609375 0.167984008789063 -0.02508544921875 -0.53643798828125
0.0885467529296875 0.180130004882813 -0.22479248046875 -0.345184326171875
0.157745361328125 0.146652221679687 -0.227828979492188 -0.123123168945312
0.148849487304688 0.164657592773438 -0.115470886230469 -0.0443878173828125
0.198028564453125 0.187759399414063 -0.0258922576904297 0.0209312438964844
0.1031494140625 0.280487060546875 0.00321960449218751 0.0728530883789063
-0.147186279296875 0.28271484375 -0.023162841796875 0.136528015136719
-0.341400146484375 0.060516357421875 -0.0883636474609375 0.244354248046875
-0.21307373046875 -0.3338623046875 -0.274261474609375 0.2877197265625
0.148193359375 -0.38671875 -0.434906005859375 0.0858154296874999
0.371917724609375 -0.20745849609375 -0.205322265625 -0.28631591796875
0.204132080078125 -0.164459228515625 0.529449462890625 0.206878662109375
0.0702362060546875 -0.199615478515625 0.6185302734375 0.064208984375
-0.109695434570312 -0.129096984863281 0.5927734375 -0.32196044921875
-0.115196228027344 0.0145111083984375 0.3072509765625 -0.600830078125
-0.0581512451171875 0.0845413208007813 -0.0672607421875 -0.550323486328125
0.049652099609375 0.108070373535156 -0.271209716796875 -0.349212646484375
0.093017578125 0.103668212890625 -0.2720947265625 -0.128921508789063
0.0931854248046875 0.115875244140625 -0.163360595703125 -0.0592498779296875
0.122543334960937 0.142410278320313 -0.0982208251953125 -0.021514892578125
0.0402984619140625 0.195480346679688 -0.0580711364746094 -0.00438308715820311
-0.1337890625 0.155868530273438 -0.0182685852050781 0.0452308654785156
-0.216598510742188 -0.0202789306640625 -0.0241546630859375 0.197647094726563
-0.07025146484375 -0.2386474609375 -0.24505615234375 0.324615478515625
0.154525756835938 -0.220413208007813 -0.4332275390625 0.0839233398437499
0.253036499023438 -0.0992889404296875 -0.091705322265625 -0.309417724609375
-0.0712356567382813 0.024810791015625 0.03387451171875 0.3873291015625
-0.0118064880371094 0.0395011901855469 0.43341064453125 -0.0076904296875
-0.0260581970214844 0.0650444030761719 0.228363037109375 -0.381988525390625
0.0347709655761719 0.0388641357421875 -0.01287841796875 -0.241348266601563
0.0420494079589844 -0.0141677856445313 -0.0082855224609375 -0.0435676574707031
0.00161361694335937 -0.0490646362304688 0.063934326171875 0.0119552612304687
-0.0181198120117188 -0.0318546295166016 0.134857177734375 0.030670166015625
-0.0190505981445313 -0.0210590362548828 0.169082641601563 0.05712890625
-0.021636962890625 -0.0213260650634766 0.25927734375 0.149017333984375
-0.00218772888183594 -0.0186729431152344 0.26507568359375 0.32843017578125
0.0107231140136719 -0.0247764587402344 0.138153076171875 0.511016845703125
0.0288124084472656 0.0202369689941406 -0.20611572265625 0.58905029296875
0.00368499755859375 0.07769775390625 -0.62664794921875 0.3726806640625
-0.0358200073242188 0.0804214477539063 -0.6533203125 0.0748291015625
-0.1370849609375 0.0571823120117188 -0.62213134765625 -0.19671630859375
0.130477905273438 -0.1009521484375 -0.00241088867187498 0.38238525390625
0.0792999267578125 -0.16058349609375 0.396087646484375 0.033599853515625
-0.135284423828125 -0.123397827148438 0.24993896484375 -0.34423828125
-0.152481079101562 0.03350830078125 0.0318603515625 -0.237945556640625
-0.0646514892578125 0.119636535644531 5.50770145857462E-19 -0.0736465454101562
0.049407958984375 0.0911712646484375 0.0654106140136719 -0.00393676757812499
0.0796890258789063 0.0417633056640625 0.129692077636719 0.0288619995117188
0.05224609375 0.0446853637695313 0.1644287109375 0.053497314453125
0.0576286315917969 0.0371932983398438 0.268447875976563 0.144119262695313
0.047271728515625 0.0520668029785156 0.284942626953125 0.31396484375
0.00400161743164062 0.0619354248046875 0.163177490234375 0.500244140625
-0.0457649230957031 0.0693092346191406 -0.169677734375 0.60235595703125
-0.093994140625 0.0150985717773438 -0.5887451171875 0.4134521484375
-0.041259765625 -0.0624580383300781 -0.65582275390625 0.12591552734375
0.00439834594726562 -0.057861328125 -0.65850830078125 -0.17498779296875
0.297576904296875 -0.207275390625 0.012725830078125 0.35955810546875
0.13873291015625 -0.33489990234375 0.348175048828125 0.08026123046875
-0.238388061523438 -0.274871826171875 0.29052734375 -0.259979248046875
-0.3050537109375 0.036529541015625 0.129486083984375 -0.240524291992187
-0.149658203125 0.227783203125 0.0294036865234375 -0.153732299804687
0.0875091552734375 0.206619262695312 0.0405197143554688 -0.0692329406738281
0.159286499023438 0.107986450195312 0.0833053588867188 0.00569915771484376
0.118309020996094 0.106353759765625 0.133331298828125 0.0420455932617188
0.136070251464844 0.0912933349609375 0.259994506835938 0.132675170898438
0.100601196289063 0.12353515625 0.2899169921875 0.29498291015625
0.000198364257812484 0.156326293945313 0.168121337890625 0.481597900390625
-0.124687194824219 0.126541137695313 -0.1510009765625 0.59466552734375
-0.199600219726563 -0.053314208984375 -0.5501708984375 0.42181396484375
-0.0457916259765625 -0.209625244140625 -0.63983154296875 0.14703369140625
0.145462036132813 -0.170989990234375 -0.64227294921875 -0.17138671875
0.39990234375 -0.280181884765625 0.07354736328125 0.33306884765625
0.1417236328125 -0.4468994140625 0.335601806640625 0.14056396484375
-0.321746826171875 -0.34051513671875 0.37335205078125 -0.175262451171875
-0.38543701171875 0.0602111816406251 0.25360107421875 -0.283843994140625
-0.182861328125 0.29449462890625 0.0540924072265625 -0.270187377929688
0.116867065429688 0.271804809570313 -0.0137481689453125 -0.161712646484375
0.209457397460938 0.153305053710938 0.00778198242187501 -0.0309181213378906
0.166717529296875 0.154830932617188 0.0806884765625 0.0254669189453125
0.201751708984375 0.139083862304688 0.224853515625 0.117019653320313
0.148025512695313 0.193954467773437 0.259841918945313 0.265762329101563
-0.0120849609375 0.252975463867188 0.137786865234375 0.445068359375
-0.213851928710938 0.181884765625 -0.154754638671875 0.55255126953125
-0.29998779296875 -0.13311767578125 -0.508270263671875 0.38824462890625
-0.036041259765625 -0.347137451171875 -0.5968017578125 0.13360595703125
0.270599365234375 -0.259414672851563 -0.5758056640625 -0.18603515625
0.432830810546875 -0.310333251953125 0.173309326171875 0.3077392578125
0.11102294921875 -0.472900390625 0.38287353515625 0.18548583984375
-0.345703125 -0.3232421875 0.485137939453125 -0.149810791015625
-0.374908447265625 0.08319091796875 0.34613037109375 -0.372894287109375
-0.1680908203125 0.29901123046875 0.04730224609375 -0.39239501953125
0.12884521484375 0.276748657226563 -0.089874267578125 -0.250335693359375
0.226119995117188 0.171920776367188 -0.0809097290039062 -0.0688705444335938
0.192214965820313 0.182449340820312 0.0152683258056641 0.00197124481201173
0.240219116210937 0.1751708984375 0.158905029296875 0.0928802490234375
0.17303466796875 0.25762939453125 0.191162109375 0.222366333007813
-0.046112060546875 0.330413818359375 0.07562255859375 0.372772216796875
-0.307525634765625 0.20166015625 -0.162139892578125 0.4615478515625
-0.358306884765625 -0.229827880859375 -0.440399169921875 0.32861328125
0.00497436523437501 -0.448028564453125 -0.532958984375 0.107818603515625
0.366302490234375 -0.30267333984375 -0.470306396484375 -0.21533203125
0.403228759765625 -0.301666259765625 0.298370361328125 0.278564453125
0.083648681640625 -0.422393798828125 0.471954345703125 0.18304443359375
-0.297882080078125 -0.2613525390625 0.56866455078125 -0.19036865234375
-0.299957275390625 0.08001708984375 0.37432861328125 -0.47698974609375
-0.128692626953125 0.249267578125 0.010955810546875 -0.4847412109375
0.119461059570312 0.236892700195313 -0.167388916015625 -0.311767578125
0.207916259765625 0.164993286132813 -0.16339111328125 -0.100234985351562
0.187606811523438 0.184051513671875 -0.0537605285644531 -0.0228042602539062
0.24114990234375 0.19305419921875 0.0697402954101563 0.0593757629394531
0.1588134765625 0.29278564453125 0.0962066650390625 0.155227661132813
-0.09979248046875 0.34893798828125 0.00991821289062498 0.261550903320313
-0.365692138671875 0.15753173828125 -0.140228271484375 0.344512939453125
-0.33197021484375 -0.3157958984375 -0.3447265625 0.286865234375
0.076507568359375 -0.471527099609375 -0.466339111328125 0.094390869140625
0.40704345703125 -0.285186767578125 -0.340545654296875 -0.247802734375
0.3212890625 -0.25152587890625 0.42767333984375 0.240631103515625
0.06884765625 -0.324493408203125 0.560882568359375 0.129608154296875
-0.208770751953125 -0.191558837890625 0.598876953125 -0.26422119140625
-0.203384399414063 0.0522003173828125 0.34417724609375 -0.5592041015625
-0.0880889892578125 0.17010498046875 -0.037200927734375 -0.53289794921875
0.0920257568359375 0.172927856445313 -0.231536865234375 -0.338958740234375
0.162277221679688 0.137588500976563 -0.22760009765625 -0.11871337890625
0.153793334960938 0.159927368164063 -0.115928649902344 -0.045928955078125
0.201065063476563 0.182388305664063 -0.0231475830078125 0.0178909301757813
0.109115600585937 0.272811889648438 0.00475311279296875 0.0714645385742188
-0.141357421875 0.285888671875 -0.0221405029296875 0.137687683105469
-0.340423583984375 0.0658874511718751 -0.080474853515625 0.245681762695312
-0.217803955078125 -0.330780029296875 -0.2598876953125 0.294403076171875
0.142059326171875 -0.39300537109375 -0.4287109375 0.10015869140625
0.372314453125 -0.212554931640625 -0.2120361328125 -0.277618408203125
0.203369140625 -0.167800903320312 0.535491943359375 0.195343017578125
0.0673828125 -0.20269775390625 0.623291015625 0.05194091796875
-0.110092163085937 -0.127815246582031 0.58258056640625 -0.33612060546875
-0.111213684082031 0.01513671875 0.2911376953125 -0.60595703125
-0.05535888671875 0.0861282348632813 -0.080108642578125 -0.545806884765625
0.0521163940429687 0.103584289550781 -0.275482177734375 -0.34185791015625
0.0971450805664063 0.097412109375 -0.270477294921875 -0.124038696289063
0.0974502563476563 0.113426208496094 -0.1622314453125 -0.0605926513671875
0.12518310546875 0.138748168945313 -0.0979080200195312 -0.0220260620117187
0.04449462890625 0.191146850585938 -0.0576286315917969 -0.00410842895507812
-0.131057739257813 0.158935546875 -0.01904296875 0.0458259582519531
-0.21795654296875 -0.018035888671875 -0.0169830322265625 0.197067260742188
-0.0725555419921875 -0.240325927734375 -0.22998046875 0.332275390625
0.151473999023438 -0.226882934570313 -0.42608642578125 0.0986328124999999
0.254714965820313 -0.103469848632813 -0.09881591796875 -0.302978515625
-0.0703506469726563 0.0307159423828125 0.04620361328125 0.39251708984375
-0.00994873046875001 0.03753662109375 0.441619873046875 -0.0269775390625
-0.0237998962402344 0.0665435791015625 0.211181640625 -0.40167236328125
0.0372962951660156 0.0377464294433594 -0.025177001953125 -0.244659423828125
0.04388427734375 -0.0142936706542969 -0.00894546508789063 -0.0430831909179688
0.00144195556640625 -0.050872802734375 0.063385009765625 0.0107994079589844
-0.0185718536376953 -0.0335826873779297 0.13385009765625 0.02984619140625
-0.018646240234375 -0.0212535858154297 0.169998168945313 0.0579376220703125
-0.0215435028076172 -0.0202083587646484 0.265899658203125 0.146514892578125
-0.00382423400878906 -0.0193920135498047 0.27581787109375 0.32574462890625
0.00855636596679687 -0.0254096984863281 0.155181884765625 0.516845703125
0.0311336517333984 0.0190715789794922 -0.190185546875 0.6107177734375
0.0080718994140625 0.0803451538085937 -0.6292724609375 0.4033203125
-0.0362930297851563 0.081939697265625 -0.66448974609375 0.0951538085937499
-0.139137268066406 0.0643692016601563 -0.64483642578125 -0.18548583984375
0.13275146484375 -0.1064453125 0.009796142578125 0.388702392578125
0.078704833984375 -0.170928955078125 0.404449462890625 0.017486572265625
-0.142684936523438 -0.124435424804688 0.233673095703125 -0.362579345703125
-0.154556274414063 0.03765869140625 0.0210418701171875 -0.242050170898438
-0.0599517822265625 0.126861572265625 -0.0016632080078125 -0.0743789672851562
0.0559844970703125 0.0884857177734375 0.0644760131835938 -0.00742721557617187
0.0824813842773438 0.037017822265625 0.128952026367187 0.028167724609375
0.0555343627929688 0.0438613891601563 0.16510009765625 0.0541229248046875
0.0606575012207031 0.0358314514160156 0.275848388671875 0.139617919921875
0.0475845336914062 0.0500717163085937 0.297332763671875 0.3106689453125
0.00443649291992187 0.0608940124511719 0.18096923828125 0.504913330078125
-0.042633056640625 0.0689201354980469 -0.15142822265625 0.62408447265625
-0.0915679931640625 0.019012451171875 -0.58856201171875 0.44256591796875
-0.0445671081542969 -0.0628013610839844 -0.66680908203125 0.14910888671875
0.00415420532226562 -0.0559463500976563 -0.68182373046875 -0.161376953125
0.300445556640625 -0.219573974609375 0.0246582031250001 0.363525390625
0.135040283203125 -0.352203369140625 0.357208251953125 0.067108154296875
-0.252700805664062 -0.275619506835938 0.277191162109375 -0.27618408203125
-0.3101806640625 0.0448608398437501 0.122421264648437 -0.248199462890625
-0.143081665039063 0.24078369140625 0.0258941650390625 -0.157272338867188
0.09820556640625 0.205490112304688 0.0362167358398438 -0.074005126953125
0.165542602539063 0.1009521484375 0.0812225341796875 0.00567626953125001
0.124107360839844 0.103729248046875 0.133201599121094 0.0434417724609375
0.141342163085938 0.0888214111328125 0.267059326171875 0.127120971679688
0.10321044921875 0.118667602539062 0.302032470703125 0.289764404296875
0.00407409667968749 0.15618896484375 0.187469482421875 0.4869384765625
-0.121147155761719 0.12933349609375 -0.13214111328125 0.61602783203125
-0.199554443359375 -0.0470123291015625 -0.548065185546875 0.44940185546875
-0.0521240234375 -0.212265014648438 -0.64898681640625 0.16827392578125
0.1463623046875 -0.17547607421875 -0.66436767578125 -0.156005859375
0.402374267578125 -0.296600341796875 0.0865783691406251 0.3338623046875
0.133941650390625 -0.46502685546875 0.345123291015625 0.129730224609375
-0.339202880859375 -0.340362548828125 0.3668212890625 -0.19146728515625
-0.390228271484375 0.0731811523437501 0.247467041015625 -0.29638671875
-0.17498779296875 0.30810546875 0.0467529296875 -0.277297973632812
0.129226684570313 0.269088745117188 -0.022064208984375 -0.1663818359375
0.2178955078125 0.14434814453125 0.00411605834960939 -0.0290431976318359
0.175765991210937 0.150833129882813 0.0811080932617188 0.0252685546875
0.210067749023438 0.1341552734375 0.2318115234375 0.110671997070313
0.153976440429688 0.189117431640625 0.271408081054688 0.261337280273438
-0.00506591796875001 0.255569458007813 0.15478515625 0.450592041015625
-0.211532592773438 0.189422607421875 -0.13836669921875 0.572265625
-0.305572509765625 -0.126800537109375 -0.506256103515625 0.4127197265625
-0.04547119140625 -0.354400634765625 -0.60589599609375 0.15594482421875
0.273818969726563 -0.270904541015625 -0.59613037109375 -0.172607421875
0.436248779296875 -0.330169677734375 0.18695068359375 0.305572509765625
0.10186767578125 -0.4898681640625 0.39599609375 0.176116943359375
-0.361785888671875 -0.32025146484375 0.483428955078125 -0.16925048828125
-0.377716064453125 0.094268798828125 0.34027099609375 -0.391632080078125
-0.158843994140625 0.310577392578125 0.03631591796875 -0.401336669921875
0.14068603515625 0.2728271484375 -0.101242065429687 -0.254928588867188
0.234466552734375 0.162109375 -0.0859298706054687 -0.066741943359375
0.202438354492188 0.178451538085938 0.0141572952270508 0.00225448608398439
0.250640869140625 0.169265747070312 0.16485595703125 0.08709716796875
0.181961059570313 0.253387451171875 0.200241088867188 0.218551635742188
-0.03668212890625 0.336883544921875 0.08929443359375 0.3795166015625
-0.306396484375 0.213836669921875 -0.148468017578125 0.479217529296875
-0.3687744140625 -0.223876953125 -0.43603515625 0.34906005859375
-0.00714111328124998 -0.459442138671875 -0.538848876953125 0.126983642578125
0.371124267578125 -0.318450927734375 -0.489532470703125 -0.2030029296875
0.40533447265625 -0.317718505859375 0.314178466796875 0.273681640625
0.074615478515625 -0.436859130859375 0.488555908203125 0.17242431640625
-0.310455322265625 -0.259765625 0.57080078125 -0.21368408203125
-0.2996826171875 0.08721923828125 0.36639404296875 -0.4979248046875
-0.121078491210937 0.25811767578125 -0.00424194335937496 -0.493133544921875
0.128875732421875 0.23223876953125 -0.181427001953125 -0.31439208984375
0.216384887695313 0.155502319335938 -0.169540405273438 -0.0962982177734374
0.198165893554688 0.1810302734375 -0.0558853149414062 -0.0235939025878906
0.252685546875 0.186965942382813 0.0737380981445313 0.0551376342773438
0.16943359375 0.289703369140625 0.101974487304688 0.154037475585938
-0.090728759765625 0.358367919921875 0.01763916015625 0.268646240234375
-0.370208740234375 0.17156982421875 -0.130615234375 0.358062744140625
-0.34686279296875 -0.31304931640625 -0.338958740234375 0.302978515625
0.06610107421875 -0.487518310546875 -0.4697265625 0.114471435546875
0.41326904296875 -0.303253173828125 -0.358428955078125 -0.239288330078125
0.323089599609375 -0.265777587890625 0.446044921875 0.231903076171875
0.061859130859375 -0.3348388671875 0.579833984375 0.11724853515625
-0.217391967773437 -0.191619873046875 0.59954833984375 -0.2926025390625
-0.202621459960938 0.055572509765625 0.33233642578125 -0.58154296875
-0.08319091796875 0.175384521484375 -0.0562744140625 -0.541473388671875
0.0980682373046875 0.168807983398438 -0.24609375 -0.338897705078125
0.170333862304688 0.129714965820313 -0.234573364257812 -0.114227294921875
0.164016723632813 0.156631469726563 -0.120346069335938 -0.0455322265625
0.212051391601563 0.178192138671875 -0.0228919982910156 0.0149478912353516
0.118499755859375 0.2718505859375 0.00640106201171876 0.071685791015625
-0.13458251953125 0.296234130859375 -0.02001953125 0.14251708984375
-0.347564697265625 0.077056884765625 -0.0724945068359375 0.253570556640625
-0.230743408203125 -0.3345947265625 -0.24920654296875 0.308990478515625
0.134979248046875 -0.41021728515625 -0.4310302734375 0.119903564453125
0.381561279296875 -0.227996826171875 -0.226104736328125 -0.273284912109375
0.20550537109375 -0.175430297851563 0.5535888671875 0.184173583984375
0.0630035400390625 -0.212417602539063 0.64080810546875 0.03424072265625
-0.114814758300781 -0.128829956054688 0.58251953125 -0.36224365234375
-0.11029052734375 0.0162811279296875 0.27557373046875 -0.62762451171875
-0.05316162109375 0.0893630981445312 -0.100555419921875 -0.5523681640625
0.0561904907226563 0.101158142089844 -0.290191650390625 -0.339202880859375
0.103713989257813 0.0913467407226563 -0.276443481445313 -0.119674682617187
0.104721069335938 0.111366271972656 -0.16766357421875 -0.0605316162109375
0.133590698242187 0.136589050292969 -0.10015869140625 -0.0231781005859375
0.051544189453125 0.191619873046875 -0.0596504211425781 -0.00300979614257812
-0.128936767578125 0.16815185546875 -0.0202522277832031 0.0482826232910156
-0.225677490234375 -0.0130767822265625 -0.0082244873046875 0.201263427734375
-0.07977294921875 -0.246368408203125 -0.215301513671875 0.347259521484375
0.150161743164063 -0.240005493164063 -0.4295654296875 0.1192626953125
0.262161254882813 -0.111770629882813 -0.11163330078125 -0.301849365234375
-0.069610595703125 0.0369071960449219 0.070281982421875 0.398162841796875
-0.007476806640625 0.035888671875 0.44830322265625 -0.057952880859375
-0.0206336975097656 0.0692520141601563 0.181396484375 -0.42657470703125
0.0398216247558594 0.0361557006835938 -0.044219970703125 -0.24786376953125
0.0462875366210938 -0.0172958374023438 -0.0103759765625 -0.0430259704589844
0.000999450683593755 -0.0537452697753906 0.064117431640625 0.00774383544921875
-0.0201930999755859 -0.0346260070800781 0.1361083984375 0.0268020629882813
-0.0194873809814453 -0.0214481353759766 0.175003051757813 0.0552215576171875
-0.0214633941650391 -0.0193233489990234 0.27862548828125 0.138381958007813
-0.00594139099121094 -0.0196590423583984 0.297576904296875 0.3199462890625
0.00636672973632813 -0.0268287658691406 0.188873291015625 0.52142333984375
0.033966064453125 0.0168647766113281 -0.15618896484375 0.64013671875
0.0150909423828125 0.083251953125 -0.6241455078125 0.45330810546875
-0.0350418090820313 0.08575439453125 -0.678955078125 0.13458251953125
-0.139816284179688 0.0755081176757812 -0.67645263671875 -0.1566162109375
0.132926940917969 -0.1163330078125 0.031890869140625 0.39654541015625
0.073150634765625 -0.186111450195313 0.414215087890625 -0.01025390625
-0.154708862304687 -0.12060546875 0.207122802734375 -0.387725830078125
-0.157684326171875 0.047515869140625 0.00382995605468749 -0.24761962890625
-0.0521926879882812 0.134666442871094 -0.00501251220703125 -0.0757598876953125
0.0643997192382813 0.0853424072265625 0.06341552734375 -0.011871337890625
0.0861129760742187 0.0299835205078125 0.13134765625 0.0248260498046875
0.0606040954589844 0.0401763916015625 0.169189453125 0.051605224609375
0.0648956298828125 0.0332412719726563 0.28765869140625 0.1297607421875
0.04864501953125 0.0471420288085938 0.318878173828125 0.302459716796875
0.00618743896484375 0.0605926513671875 0.21649169921875 0.5079345703125
-0.0385055541992188 0.07086181640625 -0.11688232421875 0.65167236328125
-0.0881423950195312 0.0250625610351563 -0.5802001953125 0.49188232421875
-0.0499763488769531 -0.06085205078125 -0.6785888671875 0.19061279296875
0.00323104858398438 -0.0549659729003906 -0.71185302734375 -0.1292724609375
0.298828125 -0.24334716796875 0.04638671875 0.369140625
0.11895751953125 -0.37554931640625 0.368194580078125 0.0440673828125
-0.27783203125 -0.270401000976563 0.25714111328125 -0.2999267578125
-0.3162841796875 0.06378173828125 0.109420776367188 -0.261032104492188
-0.130264282226563 0.25738525390625 0.0187225341796875 -0.162994384765625
0.114151000976563 0.200790405273438 0.0299224853515625 -0.079498291015625
0.1741943359375 0.0901336669921875 0.0821914672851563 0.00377655029296876
0.133811950683594 0.0983810424804688 0.137008666992188 0.0406723022460938
0.150253295898438 0.081573486328125 0.279067993164063 0.115798950195313
0.109451293945312 0.114509582519531 0.324737548828125 0.2794189453125
0.0117034912109375 0.157699584960938 0.22088623046875 0.48834228515625
-0.11578369140625 0.136611938476562 -0.0968017578125 0.642822265625
-0.20294189453125 -0.03741455078125 -0.5386962890625 0.49560546875
-0.06536865234375 -0.214584350585938 -0.65838623046875 0.21051025390625
0.146026611328125 -0.185516357421875 -0.69573974609375 -0.1251220703125
0.400482177734375 -0.329010009765625 0.108642578125 0.334686279296875
0.111236572265625 -0.493804931640625 0.360382080078125 0.109649658203125
-0.3709716796875 -0.33050537109375 0.357177734375 -0.2176513671875
-0.396881103515625 0.09503173828125 0.23590087890625 -0.317108154296875
-0.158660888671875 0.327880859375 0.03216552734375 -0.28851318359375
0.147689819335938 0.263259887695313 -0.035125732421875 -0.171539306640625
0.229873657226563 0.131362915039063 0.00141334533691407 -0.0281543731689453
0.189483642578125 0.1434326171875 0.0824813842773438 0.0247726440429688
0.222122192382813 0.123489379882812 0.242691040039063 0.0987701416015625
0.165313720703125 0.18212890625 0.291412353515625 0.251434326171875
0.00933837890624997 0.260208129882812 0.185577392578125 0.45513916015625
-0.205245971679688 0.202911376953125 -0.10528564453125 0.59979248046875
-0.316558837890625 -0.113494873046875 -0.496002197265625 0.453765869140625
-0.0667724609375 -0.36114501953125 -0.613525390625 0.195556640625
0.273284912109375 -0.29144287109375 -0.6260986328125 -0.14312744140625
0.43243408203125 -0.36358642578125 0.21014404296875 0.30096435546875
0.07794189453125 -0.513214111328125 0.415740966796875 0.157440185546875
-0.391021728515625 -0.31085205078125 0.481048583984375 -0.200103759765625
-0.3814697265625 0.115692138671875 0.327484130859375 -0.4219970703125
-0.143218994140625 0.328155517578125 0.01324462890625 -0.41455078125
0.158233642578125 0.265899658203125 -0.121719360351563 -0.257034301757813
0.247055053710937 0.147842407226563 -0.0919036865234375 -0.06103515625
0.218185424804688 0.170013427734375 0.0141048431396485 0.00278759002685548
0.267364501953125 0.1568603515625 0.172882080078125 0.0772857666015625
0.197906494140625 0.246551513671875 0.216690063476563 0.211807250976563
-0.0179443359375 0.345977783203125 0.113922119140625 0.386016845703125
-0.302032470703125 0.235137939453125 -0.12225341796875 0.50482177734375
-0.389373779296875 -0.210845947265625 -0.428131103515625 0.384613037109375
-0.032073974609375 -0.47357177734375 -0.54595947265625 0.163818359375
0.371917724609375 -0.34735107421875 -0.516082763671875 -0.17919921875
0.4024658203125 -0.34869384765625 0.34039306640625 0.26190185546875
0.05291748046875 -0.455902099609375 0.51336669921875 0.149139404296875
-0.333160400390625 -0.24945068359375 0.57061767578125 -0.25250244140625
-0.301239013671875 0.1029052734375 0.34686279296875 -0.534576416015625
-0.107498168945313 0.270370483398438 -0.033935546875 -0.506378173828125
0.143585205078125 0.225143432617188 -0.206085205078125 -0.312957763671875
0.228713989257812 0.141342163085938 -0.178253173828125 -0.08819580078125
0.214080810546875 0.172149658203125 -0.0589942932128906 -0.0209693908691406
0.270599365234375 0.176300048828125 0.0781631469726563 0.04913330078125
0.188262939453125 0.284637451171875 0.112167358398438 0.15130615234375
-0.07208251953125 0.3726806640625 0.0329132080078125 0.276992797851563
-0.371551513671875 0.1966552734375 -0.1112060546875 0.37701416015625
-0.372283935546875 -0.305084228515625 -0.326934814453125 0.32806396484375
0.04132080078125 -0.507080078125 -0.47357177734375 0.14776611328125
0.416778564453125 -0.33465576171875 -0.383270263671875 -0.222198486328125
0.3206787109375 -0.28973388671875 0.473602294921875 0.213714599609375
0.045623779296875 -0.3504638671875 0.6046142578125 0.08721923828125
-0.232894897460938 -0.185501098632812 0.59661865234375 -0.333740234375
-0.202239990234375 0.06524658203125 0.30615234375 -0.6156005859375
-0.0738372802734375 0.183242797851563 -0.087677001953125 -0.5517578125
0.108871459960937 0.162933349609375 -0.27142333984375 -0.3341064453125
0.1806640625 0.11822509765625 -0.24456787109375 -0.1038818359375
0.178070068359375 0.1492919921875 -0.125946044921875 -0.0422439575195313
0.228225708007813 0.169418334960938 -0.0232219696044922 0.0135173797607422
0.136215209960937 0.270599365234375 0.00923156738281252 0.0726318359375
-0.121337890625 0.313323974609375 -0.01416015625 0.1488037109375
-0.3555908203125 0.0982971191406249 -0.0571136474609375 0.264678955078125
-0.25555419921875 -0.3341064453125 -0.23199462890625 0.330322265625
0.11676025390625 -0.4317626953125 -0.43310546875 0.15301513671875
0.388153076171875 -0.25592041015625 -0.248001098632813 -0.263168334960938
0.20361328125 -0.191421508789063 0.583740234375 0.15863037109375
0.0526123046875 -0.22406005859375 0.6654052734375 -0.00213623046875001
-0.124114990234375 -0.127601623535156 0.57611083984375 -0.40863037109375
-0.111000061035156 0.0197830200195313 0.244140625 -0.6612548828125
-0.048248291015625 0.0947647094726563 -0.134185791015625 -0.559173583984375
0.0629730224609375 0.097076416015625 -0.31427001953125 -0.331512451171875
0.111465454101563 0.0835800170898437 -0.286468505859375 -0.107574462890625
0.115287780761719 0.106651306152344 -0.175735473632813 -0.0561065673828125
0.145965576171875 0.131729125976563 -0.104949951171875 -0.0212173461914063
0.0622406005859375 0.192596435546875 -0.0629501342773438 -0.000762939453124991
-0.123062133789063 0.181167602539062 -0.0190391540527344 0.0510177612304688
-0.234298706054688 -0.00177001953124999 0.0066680908203125 0.207061767578125
-0.095855712890625 -0.252914428710938 -0.193389892578125 0.371307373046875
0.1419677734375 -0.2589111328125 -0.43115234375 0.153900146484375
0.26983642578125 -0.129653930664063 -0.13201904296875 -0.298980712890625
-0.0666923522949219 0.0437698364257813 0.101593017578125 0.394927978515625
-0.00647735595703125 0.0329570770263672 0.444122314453125 -0.100067138671875
-0.0153884887695312 0.0718154907226563 0.13623046875 -0.44580078125
0.0419387817382813 0.0335884094238281 -0.0690765380859375 -0.244903564453125
0.0469741821289063 -0.0211601257324219 -0.0132484436035156 -0.0433387756347656
-0.00205230712890625 -0.0569572448730469 0.0639228820800781 0.00227737426757812
-0.0230026245117187 -0.0357284545898438 0.137535095214844 0.0206680297851563
-0.0204143524169922 -0.021697998046875 0.180389404296875 0.048126220703125
-0.0219497680664063 -0.0183696746826172 0.2899169921875 0.121368408203125
-0.00820350646972656 -0.0182685852050781 0.323944091796875 0.301361083984375
0.00243377685546875 -0.0252094268798828 0.2335205078125 0.51177978515625
0.0363578796386719 0.0130996704101563 -0.10150146484375 0.662353515625
0.0234909057617187 0.08392333984375 -0.5943603515625 0.51568603515625
-0.0311813354492187 0.0904998779296875 -0.67681884765625 0.1917724609375
-0.134048461914062 0.0892333984375 -0.7005615234375 -0.10833740234375
0.126724243164063 -0.128829956054688 0.06439208984375 0.3956298828125
0.057708740234375 -0.19989013671875 0.4146728515625 -0.049285888671875
-0.168533325195313 -0.110321044921875 0.165374755859375 -0.40765380859375
-0.15753173828125 0.060882568359375 -0.0195159912109375 -0.248519897460937
-0.03948974609375 0.141586303710938 -0.0104217529296875 -0.0764389038085938
0.073028564453125 0.0775604248046875 0.0597915649414063 -0.0178565979003906
0.0885086059570312 0.0212249755859375 0.133148193359375 0.018768310546875
0.0641059875488281 0.0352554321289063 0.174057006835938 0.0436859130859375
0.0684776306152344 0.0272865295410156 0.299407958984375 0.110992431640625
0.0507087707519531 0.0438613891601563 0.343719482421875 0.280670166015625
0.00937652587890625 0.0604667663574219 0.2596435546875 0.49658203125
-0.0330429077148438 0.071136474609375 -0.05938720703125 0.67071533203125
-0.08367919921875 0.0320968627929688 -0.5472412109375 0.550384521484375
-0.056182861328125 -0.0560455322265625 -0.67401123046875 0.24786376953125
0.00346755981445313 -0.0531539916992188 -0.734375 -0.07623291015625
0.28546142578125 -0.2713623046875 0.0770263671875001 0.365997314453125
0.08984375 -0.395416259765625 0.3726806640625 0.01129150390625
-0.3057861328125 -0.250823974609375 0.224578857421875 -0.32073974609375
-0.3175048828125 0.089813232421875 0.0867767333984375 -0.270843505859375
-0.108673095703125 0.271072387695313 0.0057830810546875 -0.166839599609375
0.131744384765625 0.189193725585938 0.019989013671875 -0.0844497680664062
0.181076049804688 0.0739898681640625 0.0827789306640625 0.000770568847656255
0.142898559570313 0.08770751953125 0.141357421875 0.03466796875
0.15753173828125 0.068756103515625 0.28900146484375 0.095184326171875
0.115745544433594 0.106147766113281 0.346099853515625 0.256805419921875
0.022491455078125 0.15625 0.26495361328125 0.475982666015625
-0.105743408203125 0.143722534179688 -0.0410156250000001 0.6612548828125
-0.203689575195313 -0.0223236083984375 -0.505828857421875 0.549591064453125
-0.0822601318359375 -0.210098266601563 -0.65093994140625 0.26751708984375
0.139251708984375 -0.197067260742188 -0.7188720703125 -0.0725097656249999
0.382049560546875 -0.36541748046875 0.137908935546875 0.32611083984375
0.07342529296875 -0.512786865234375 0.370849609375 0.07904052734375
-0.40350341796875 -0.3050537109375 0.335174560546875 -0.244903564453125
-0.394561767578125 0.126708984375 0.212738037109375 -0.339508056640625
-0.131683349609375 0.344390869140625 0.00973510742187502 -0.2950439453125
0.17041015625 0.248870849609375 -0.0535430908203125 -0.172805786132813
0.239410400390625 0.1103515625 -0.000755310058593735 -0.0259571075439453
0.202392578125 0.128372192382813 0.0853195190429688 0.0215988159179688
0.234146118164063 0.104385375976563 0.251358032226563 0.0797882080078125
0.177871704101562 0.170181274414062 0.312896728515625 0.23065185546875
0.029449462890625 0.25958251953125 0.2271728515625 0.4451904296875
-0.190963745117188 0.2181396484375 -0.0540771484375001 0.619140625
-0.325408935546875 -0.090362548828125 -0.465789794921875 0.503021240234375
-0.09478759765625 -0.359710693359375 -0.60687255859375 0.24932861328125
0.26220703125 -0.31494140625 -0.64892578125 -0.0939331054687501
0.411285400390625 -0.400909423828125 0.237945556640625 0.283538818359375
0.03912353515625 -0.52899169921875 0.43255615234375 0.12310791015625
-0.420623779296875 -0.281494140625 0.464599609375 -0.238677978515625
-0.37652587890625 0.144866943359375 0.29693603515625 -0.45294189453125
-0.1153564453125 0.34259033203125 -0.020172119140625 -0.42095947265625
0.179473876953125 0.25042724609375 -0.1475830078125 -0.251358032226563
0.25787353515625 0.124771118164063 -0.0973739624023437 -0.0533218383789062
0.23333740234375 0.152328491210938 0.0139865875244141 0.0032033920288086
0.28155517578125 0.1348876953125 0.179977416992188 0.0619659423828125
0.2177734375 0.231781005859375 0.234786987304688 0.196441650390625
0.00991821289062497 0.350189208984375 0.147796630859375 0.38287353515625
-0.288055419921875 0.260223388671875 -0.078826904296875 0.52288818359375
-0.408447265625 -0.183868408203125 -0.400299072265625 0.4234619140625
-0.068634033203125 -0.4774169921875 -0.53839111328125 0.212615966796875
0.357421875 -0.3809814453125 -0.53955078125 -0.136688232421875
0.382415771484375 -0.38336181640625 0.3660888671875 0.2359619140625
0.01849365234375 -0.467803955078125 0.530731201171875 0.10809326171875
-0.356292724609375 -0.226226806640625 0.55181884765625 -0.2991943359375
-0.295654296875 0.124908447265625 0.3079833984375 -0.56707763671875
-0.0853118896484375 0.280319213867188 -0.075347900390625 -0.510284423828125
0.160552978515625 0.210113525390625 -0.236541748046875 -0.300750732421875
0.23809814453125 0.120437622070313 -0.184982299804688 -0.0739288330078125
0.229461669921875 0.154754638671875 -0.0612754821777344 -0.0170822143554687
0.287750244140625 0.15301513671875 0.0820770263671875 0.0407638549804688
0.2110595703125 0.271270751953125 0.124557495117188 0.144073486328125
-0.0421142578125 0.38323974609375 0.055938720703125 0.279449462890625
-0.3616943359375 0.22845458984375 -0.078857421875 0.39202880859375
-0.402130126953125 -0.281158447265625 -0.30047607421875 0.35821533203125
0.00305175781250006 -0.51959228515625 -0.4654541015625 0.19171142578125
0.405609130859375 -0.37457275390625 -0.407501220703125 -0.19036865234375
0.304534912109375 -0.317596435546875 0.4979248046875 0.17852783203125
0.018157958984375 -0.359619140625 0.62353515625 0.037841796875
-0.249267578125 -0.170013427734375 0.5733642578125 -0.3858642578125
-0.19818115234375 0.078033447265625 0.25933837890625 -0.64837646484375
-0.0582427978515625 0.189132690429688 -0.13519287109375 -0.549041748046875
0.120162963867188 0.150726318359375 -0.30157470703125 -0.3173828125
0.189315795898438 0.100387573242187 -0.2520751953125 -0.0860443115234375
0.191970825195313 0.135238647460938 -0.13104248046875 -0.0344390869140625
0.245086669921875 0.150665283203125 -0.0235233306884766 0.0135669708251953
0.157928466796875 0.260971069335938 0.0137863159179688 0.0729293823242188
-0.096405029296875 0.327667236328125 -0.00341796875000002 0.152877807617188
-0.355072021484375 0.128265380859375 -0.0342864990234375 0.272003173828125
-0.286346435546875 -0.321868896484375 -0.20159912109375 0.352630615234375
0.0855712890625 -0.45062255859375 -0.421722412109375 0.194976806640625
0.38116455078125 -0.29266357421875 -0.273330688476563 -0.240966796875
0.192352294921875 -0.208633422851563 0.60821533203125 0.116943359375
0.03497314453125 -0.232070922851563 0.6761474609375 -0.056396484375
-0.135078430175781 -0.119171142578125 0.548858642578125 -0.46063232421875
-0.10986328125 0.0262374877929687 0.19158935546875 -0.68572998046875
-0.0395431518554688 0.0985488891601563 -0.18170166015625 -0.552703857421875
0.0692977905273438 0.0890579223632813 -0.341827392578125 -0.3094482421875
0.118446350097656 0.0712890625 -0.29486083984375 -0.088043212890625
0.12591552734375 0.0960540771484375 -0.181915283203125 -0.045654296875
0.158859252929688 0.1202392578125 -0.108665466308594 -0.0156173706054687
0.0781707763671875 0.18927001953125 -0.0648841857910156 0.00521850585937502
-0.109939575195313 0.19415283203125 -0.0165290832519531 0.0540657043457031
-0.241226196289062 0.0159149169921875 0.0264892578125 0.20709228515625
-0.117019653320313 -0.251922607421875 -0.158966064453125 0.39202880859375
0.125244140625 -0.27618408203125 -0.420745849609375 0.19775390625
0.269760131835938 -0.154678344726563 -0.158416748046875 -0.285858154296875
-0.06243896484375 0.0496673583984375 0.13140869140625 0.37701416015625
-0.00670814514160156 0.0303916931152344 0.422607421875 -0.1380615234375
-0.00959014892578125 0.0727386474609375 0.08624267578125 -0.444854736328125
0.0429916381835938 0.0311813354492187 -0.09210205078125 -0.231796264648438
0.0463066101074219 -0.0246772766113281 -0.0160903930664062 -0.0417289733886719
-0.00583267211914063 -0.0580825805664063 0.0602264404296875 -0.00158309936523438
-0.0260257720947266 -0.0343742370605469 0.136360168457031 0.0128402709960937
-0.0211982727050781 -0.0209388732910156 0.179458618164063 0.036651611328125
-0.0217113494873047 -0.0167312622070312 0.291900634765625 0.09906005859375
-0.00950050354003906 -0.0156927108764648 0.338836669921875 0.270965576171875
-0.000268936157226565 -0.0235271453857422 0.2728271484375 0.4818115234375
0.0369148254394531 0.0083160400390625 -0.04046630859375 0.6602783203125
0.0320510864257813 0.0811309814453125 -0.53857421875 0.5625
-0.0241165161132813 0.0929641723632813 -0.64862060546875 0.24566650390625
-0.121902465820313 0.098663330078125 -0.7010498046875 -0.0521850585937499
0.113983154296875 -0.135993957519531 0.094818115234375 0.38006591796875
0.0368804931640625 -0.20538330078125 0.398345947265625 -0.08526611328125
-0.176193237304688 -0.0931396484375 0.1173095703125 -0.408966064453125
-0.151290893554688 0.07403564453125 -0.0438995361328125 -0.239974975585937
-0.0246734619140625 0.142669677734375 -0.016998291015625 -0.0748977661132812
0.0780181884765625 0.0668869018554688 0.0537681579589844 -0.022308349609375
0.0867843627929688 0.0108642578125 0.131546020507813 0.0110244750976563
0.0655670166015625 0.0278129577636719 0.174041748046875 0.033966064453125
0.0693702697753906 0.0197525024414063 0.2998046875 0.0867919921875
0.0514945983886719 0.0398216247558594 0.3572998046875 0.248046875
0.0126762390136719 0.0584487915039063 0.29693603515625 0.463592529296875
-0.0271530151367187 0.0698814392089844 0.00140380859375001 0.66192626953125
-0.0765533447265625 0.0385665893554688 -0.49078369140625 0.58868408203125
-0.0577850341796875 -0.0477371215820312 -0.6407470703125 0.30047607421875
0.00368881225585938 -0.0523872375488281 -0.7320556640625 -0.01788330078125
0.259979248046875 -0.2894287109375 0.105987548828125 0.3492431640625
0.053558349609375 -0.401031494140625 0.36285400390625 -0.0230712890625
-0.322174072265625 -0.22052001953125 0.18402099609375 -0.3282470703125
-0.305572509765625 0.1151123046875 0.060333251953125 -0.270797729492188
-0.0817413330078125 0.275482177734375 -0.00811767578125002 -0.165252685546875
0.143508911132812 0.171234130859375 0.00806427001953126 -0.0844955444335938
0.180526733398438 0.0548553466796875 0.0812301635742188 -0.00319671630859375
0.14617919921875 0.073028564453125 0.140823364257813 0.0267486572265625
0.159103393554688 0.05279541015625 0.2882080078125 0.071197509765625
0.119384765625 0.0945816040039063 0.358428955078125 0.223480224609375
0.03375244140625 0.150619506835938 0.300750732421875 0.444732666015625
-0.0926971435546875 0.145462036132813 0.01824951171875 0.6534423828125
-0.198226928710938 -0.00592041015624996 -0.4488525390625 0.58575439453125
-0.094970703125 -0.197006225585938 -0.6168212890625 0.31829833984375
0.127792358398437 -0.204696655273437 -0.7159423828125 -0.0129394531250001
0.34619140625 -0.387847900390625 0.162109375 0.304443359375
0.028228759765625 -0.51416015625 0.366943359375 0.044342041015625
-0.4228515625 -0.264007568359375 0.30010986328125 -0.262237548828125
-0.377471923828125 0.157440185546875 0.17974853515625 -0.34869384765625
-0.097991943359375 0.3480224609375 -0.014892578125 -0.29083251953125
0.18505859375 0.224884033203125 -0.071563720703125 -0.165145874023438
0.239471435546875 0.085296630859375 -0.00182533264160155 -0.0233516693115234
0.20721435546875 0.108367919921875 0.085113525390625 0.016387939453125
0.23638916015625 0.0811920166015625 0.2503662109375 0.0570220947265625
0.18560791015625 0.151779174804688 0.32470703125 0.20068359375
0.049957275390625 0.250839233398438 0.262359619140625 0.41827392578125
-0.1697998046875 0.226776123046875 0.00506591796874997 0.6114501953125
-0.3233642578125 -0.0627136230468751 -0.4136962890625 0.536346435546875
-0.11920166015625 -0.34417724609375 -0.5738525390625 0.297607421875
0.240692138671875 -0.3331298828125 -0.6483154296875 -0.0378417968750001
0.372344970703125 -0.426513671875 0.256942749023438 0.255767822265625
-0.00753784179687505 -0.5257568359375 0.432220458984375 0.0831298828125
-0.43536376953125 -0.24127197265625 0.431060791015625 -0.267242431640625
-0.356536865234375 0.171722412109375 0.253692626953125 -0.468963623046875
-0.08258056640625 0.34368896484375 -0.0548095703125 -0.41156005859375
0.193008422851563 0.226242065429688 -0.169143676757813 -0.234100341796875
0.25848388671875 0.098876953125 -0.0985183715820312 -0.042694091796875
0.239990234375 0.129180908203125 0.0140838623046875 0.00275611877441407
0.285400390625 0.10675048828125 0.179214477539063 0.04486083984375
0.229827880859375 0.208206176757813 0.245346069335938 0.173248291015625
0.040069580078125 0.341339111328125 0.177764892578125 0.365081787109375
-0.2620849609375 0.277633666992188 -0.0317993164062501 0.522430419921875
-0.414215087890625 -0.147491455078125 -0.355743408203125 0.450408935546875
-0.10406494140625 -0.46392822265625 -0.509063720703125 0.257476806640625
0.329315185546875 -0.406646728515625 -0.542938232421875 -0.0873413085937501
0.346343994140625 -0.406402587890625 0.380645751953125 0.20013427734375
-0.021148681640625 -0.461456298828125 0.52947998046875 0.061767578125
-0.366485595703125 -0.192108154296875 0.51385498046875 -0.33642578125
-0.279312133789063 0.143692016601562 0.25335693359375 -0.58367919921875
-0.0584869384765625 0.2786865234375 -0.11712646484375 -0.492156982421875
0.1690673828125 0.188217163085938 -0.258773803710938 -0.274658203125
0.238922119140625 0.0950164794921875 -0.185958862304687 -0.057464599609375
0.236038208007813 0.130935668945313 -0.0619583129882812 -0.0123329162597656
0.293853759765625 0.123870849609375 0.0821914672851563 0.0315704345703125
0.228195190429688 0.247451782226563 0.133316040039063 0.131576538085938
-0.00845336914062496 0.37908935546875 0.07781982421875 0.271408081054688
-0.338653564453125 0.2550048828125 -0.04315185546875 0.391815185546875
-0.416839599609375 -0.2464599609375 -0.26220703125 0.376922607421875
-0.037994384765625 -0.513214111328125 -0.43743896484375 0.23162841796875
0.377685546875 -0.405426025390625 -0.415802001953125 -0.148101806640625
0.2744140625 -0.334808349609375 0.506103515625 0.13446044921875
-0.0113525390625 -0.35546875 0.6153564453125 -0.015380859375
-0.256271362304688 -0.147079467773438 0.528564453125 -0.42498779296875
-0.1873779296875 0.089324951171875 0.19927978515625 -0.65692138671875
-0.0410003662109375 0.187637329101562 -0.176300048828125 -0.526092529296875
0.125892639160156 0.133659362792969 -0.322784423828125 -0.2852783203125
0.18963623046875 0.078704833984375 -0.251480102539063 -0.065460205078125
0.198257446289062 0.115158081054687 -0.131637573242188 -0.0248641967773438
0.251571655273438 0.125091552734375 -0.0233154296875 0.0131645202636719
0.176193237304688 0.243057250976563 0.01904296875 0.0709152221679688
-0.06622314453125 0.33062744140625 0.00836181640625 0.1519775390625
-0.340850830078125 0.15557861328125 -0.00839233398437501 0.269073486328125
-0.309051513671875 -0.295257568359375 -0.16278076171875 0.3623046875
0.0494384765625 -0.452972412109375 -0.39312744140625 0.231781005859375
0.359405517578125 -0.323150634765625 -0.287841796875 -0.20849609375
0.17376708984375 -0.219192504882812 0.609130859375 0.06597900390625
0.01385498046875 -0.231048583984375 0.661376953125 -0.1121826171875
-0.141021728515625 -0.106521606445312 0.4996337890625 -0.496368408203125
-0.104179382324219 0.0324478149414062 0.13128662109375 -0.68792724609375
-0.0297622680664062 0.09857177734375 -0.22259521484375 -0.524383544921875
0.0724945068359375 0.0782470703125 -0.358917236328125 -0.2752685546875
0.119804382324219 0.0565261840820313 -0.2923583984375 -0.06451416015625
0.131004333496094 0.0819778442382812 -0.182968139648438 -0.0330657958984375
0.166152954101563 0.103225708007812 -0.109535217285156 -0.0077667236328125
0.09234619140625 0.179534912109375 -0.0640449523925781 0.0106277465820313
-0.0912017822265625 0.201507568359375 -0.0131416320800781 0.054962158203125
-0.238525390625 0.0359191894531251 0.0458221435546875 0.199417114257813
-0.136795043945313 -0.241134643554688 -0.1153564453125 0.398406982421875
0.10198974609375 -0.284149169921875 -0.391357421875 0.236480712890625
0.259490966796875 -0.177627563476562 -0.177337646484375 -0.260391235351563
-0.057769775390625 0.0533943176269531 0.148895263671875 0.35321044921875
-0.00885391235351562 0.0290164947509766 0.394378662109375 -0.1600341796875
-0.0051422119140625 0.0715484619140625 0.046600341796875 -0.42950439453125
0.0430717468261719 0.0293922424316406 -0.107223510742187 -0.213714599609375
0.0449295043945313 -0.027496337890625 -0.0190658569335937 -0.0396347045898438
-0.0101661682128906 -0.0584754943847656 0.0557594299316406 -0.00337982177734375
-0.0278854370117188 -0.0338230133056641 0.132064819335938 0.00785064697265625
-0.0214824676513672 -0.0209178924560547 0.175460815429688 0.030029296875
-0.0213661193847656 -0.0160312652587891 0.284912109375 0.082305908203125
-0.00931358337402344 -0.0138731002807617 0.34027099609375 0.242401123046875
-0.00162124633789063 -0.0205287933349609 0.291290283203125 0.4459228515625
0.0347881317138672 0.0042266845703125 0.00482177734374995 0.63763427734375
0.0368576049804688 0.077850341796875 -0.48272705078125 0.581787109375
-0.0169677734375 0.0919189453125 -0.61065673828125 0.276123046875
-0.110404968261719 0.100471496582031 -0.68255615234375 -0.0124511718749999
0.102935791015625 -0.137237548828125 0.113800048828125 0.357452392578125
0.0200042724609375 -0.203140258789063 0.37542724609375 -0.109222412109375
-0.1761474609375 -0.077911376953125 0.07989501953125 -0.395660400390625
-0.142669677734375 0.0829315185546875 -0.0598602294921875 -0.224578857421875
-0.0129470825195313 0.138687133789063 -0.0214462280273438 -0.0713653564453125
0.077178955078125 0.05615234375 0.0473136901855469 -0.0237236022949219
0.0817947387695313 0.00347900390625 0.127723693847656 0.0053558349609375
0.0645828247070313 0.0218925476074219 0.169662475585938 0.026885986328125
0.0676765441894531 0.0143356323242187 0.29132080078125 0.06915283203125
0.0514030456542969 0.0367012023925781 0.356842041015625 0.218597412109375
0.0146026611328125 0.0560073852539063 0.314605712890625 0.426605224609375
-0.0231246948242187 0.0661392211914063 0.0452880859374999 0.6400146484375
-0.0683364868164063 0.04156494140625 -0.433349609375 0.60589599609375
-0.0566520690917969 -0.0413398742675781 -0.60107421875 0.3294677734375
0.00463104248046876 -0.0525894165039063 -0.7127685546875 0.0236206054687501
0.2342529296875 -0.29302978515625 0.122833251953125 0.326324462890625
0.02496337890625 -0.3934326171875 0.345611572265625 -0.046722412109375
-0.325347900390625 -0.1917724609375 0.150238037109375 -0.321014404296875
-0.288909912109375 0.13128662109375 0.0405731201171875 -0.261978149414063
-0.0597991943359375 0.269912719726562 -0.0186309814453125 -0.158981323242188
0.145843505859375 0.151687622070313 -0.00140380859374999 -0.0810089111328125
0.173477172851563 0.03973388671875 0.0785064697265625 -0.00551605224609375
0.143783569335938 0.0612335205078125 0.137313842773438 0.0205535888671875
0.1549072265625 0.04022216796875 0.27960205078125 0.0539093017578125
0.118827819824219 0.084991455078125 0.356689453125 0.1947021484375
0.0399627685546875 0.142120361328125 0.317047119140625 0.40966796875
-0.0823516845703125 0.142593383789063 0.06170654296875 0.629150390625
-0.18743896484375 0.00540161132812498 -0.3961181640625 0.59796142578125
-0.100509643554687 -0.18408203125 -0.57659912109375 0.34649658203125
0.116867065429687 -0.207809448242188 -0.696044921875 0.02935791015625
0.312896728515625 -0.39202880859375 0.1734619140625 0.280517578125
-0.00628662109374996 -0.500213623046875 0.353179931640625 0.018829345703125
-0.423309326171875 -0.22808837890625 0.269363403320312 -0.264694213867188
-0.35516357421875 0.1746826171875 0.15069580078125 -0.347076416015625
-0.072113037109375 0.3392333984375 -0.033111572265625 -0.280685424804688
0.186492919921875 0.20172119140625 -0.0830230712890625 -0.153228759765625
0.230880737304688 0.0659027099609375 -0.00329971313476561 -0.0207042694091797
0.20416259765625 0.0921173095703125 0.082489013671875 0.0130691528320313
0.229766845703125 0.062652587890625 0.241943359375 0.0406341552734375
0.1861572265625 0.1343994140625 0.323028564453125 0.173614501953125
0.0624542236328125 0.23583984375 0.278717041015625 0.38739013671875
-0.15155029296875 0.22552490234375 0.0440673828125 0.59228515625
-0.312744140625 -0.0421752929687499 -0.366424560546875 0.54486083984375
-0.13189697265625 -0.324676513671875 -0.535186767578125 0.323394775390625
0.219024658203125 -0.339019775390625 -0.6312255859375 0.00347900390625003
0.33709716796875 -0.429168701171875 0.262985229492188 0.228866577148437
-0.039215087890625 -0.506988525390625 0.41961669921875 0.053741455078125
-0.43389892578125 -0.204925537109375 0.396392822265625 -0.27789306640625
-0.33441162109375 0.186309814453125 0.21502685546875 -0.467620849609375
-0.058013916015625 0.33343505859375 -0.07861328125 -0.394317626953125
0.19317626953125 0.20172119140625 -0.180450439453125 -0.21435546875
0.249710083007813 0.0771026611328125 -0.096405029296875 -0.0339202880859375
0.236373901367187 0.109649658203125 0.013026237487793 0.00240707397460938
0.2789306640625 0.0836944580078125 0.17376708984375 0.0318145751953125
0.232162475585937 0.1856689453125 0.246231079101563 0.152435302734375
0.05950927734375 0.324676513671875 0.194061279296875 0.34136962890625
-0.237091064453125 0.282073974609375 0.00448608398437498 0.50775146484375
-0.4075927734375 -0.119293212890625 -0.314178466796875 0.45928955078125
-0.12567138671875 -0.44366455078125 -0.472747802734375 0.282318115234375
0.300994873046875 -0.416412353515625 -0.531280517578125 -0.0480041503906251
0.31201171875 -0.407806396484375 0.3798828125 0.168670654296875
-0.048004150390625 -0.443389892578125 0.515533447265625 0.028656005859375
-0.363311767578125 -0.162689208984375 0.473846435546875 -0.3533935546875
-0.26007080078125 0.152679443359375 0.20806884765625 -0.5787353515625
-0.03936767578125 0.268463134765625 -0.14276123046875 -0.4678955078125
0.167724609375 0.167205810546875 -0.268203735351563 -0.247665405273437
0.230194091796875 0.0752105712890625 -0.180160522460937 -0.0445404052734375
0.233566284179688 0.112197875976563 -0.0611572265625 -0.00837326049804686
0.287933349609375 0.10015869140625 0.079254150390625 0.0245285034179688
0.234329223632813 0.223892211914062 0.136177062988281 0.119026184082031
0.016571044921875 0.364959716796875 0.0913238525390625 0.258087158203125
-0.312896728515625 0.26678466796875 -0.015838623046875 0.38232421875
-0.41741943359375 -0.213470458984375 -0.2266845703125 0.379669189453125
-0.06463623046875 -0.496124267578125 -0.402984619140625 0.254547119140625
0.346435546875 -0.42059326171875 -0.4100341796875 -0.11376953125
0.246490478515625 -0.3360595703125 0.5001220703125 0.099334716796875
-0.032073974609375 -0.34124755859375 0.59344482421875 -0.0521240234375
-0.25335693359375 -0.126953125 0.482757568359375 -0.440673828125
-0.174163818359375 0.0945587158203125 0.15045166015625 -0.645751953125
-0.0274200439453125 0.180465698242188 -0.20184326171875 -0.49481201171875
0.123313903808594 0.117813110351563 -0.32861328125 -0.255035400390625
0.182785034179687 0.062835693359375 -0.2430419921875 -0.0493316650390625
0.1962890625 0.0981597900390625 -0.129539489746094 -0.0179824829101562
0.249038696289063 0.1038818359375 -0.0234756469726562 0.01324462890625
0.184738159179688 0.223358154296875 0.0221366882324219 0.0681343078613282
-0.042938232421875 0.3232421875 0.0158538818359375 0.147811889648438
-0.32244873046875 0.17218017578125 0.00982666015624997 0.260040283203125
-0.3173828125 -0.26885986328125 -0.129486083984375 0.3590087890625
0.022613525390625 -0.44464111328125 -0.360382080078125 0.253753662109375
0.333892822265625 -0.339080810546875 -0.28863525390625 -0.178802490234375
0.155746459960938 -0.218795776367188 0.5955810546875 0.0286865234375
-0.000320434570312505 -0.223953247070312 0.634033203125 -0.14886474609375
-0.14031982421875 -0.0952987670898438 0.449920654296875 -0.50921630859375
-0.097503662109375 0.0355453491210937 0.0836181640624999 -0.67108154296875
-0.0217437744140625 0.094879150390625 -0.24444580078125 -0.48992919921875
0.0697097778320313 0.0683212280273438 -0.3609619140625 -0.24407958984375
0.114906311035156 0.0451202392578125 -0.282379150390625 -0.0473632812500001
0.130035400390625 0.0700225830078125 -0.17919921875 -0.0236053466796875
0.165924072265625 0.088287353515625 -0.106758117675781 -0.00211334228515623
0.0999603271484375 0.16754150390625 -0.061553955078125 0.0145645141601563
-0.074920654296875 0.200485229492188 -0.0104560852050781 0.0546112060546875
-0.231170654296875 0.0500335693359375 0.0589447021484375 0.18853759765625
-0.147140502929688 -0.226837158203125 -0.0792236328125 0.392303466796875
0.083892822265625 -0.284027099609375 -0.357086181640625 0.258270263671875
0.244216918945313 -0.1912841796875 -0.184722900390625 -0.234878540039063
-0.0540733337402344 0.0562667846679687 0.15655517578125 0.333465576171875
-0.0110912322998047 0.0280666351318359 0.37237548828125 -0.172149658203125
-0.0026397705078125 0.0712890625 0.0216064453125 -0.412078857421875
0.0431137084960938 0.0295066833496094 -0.114852905273438 -0.199142456054688
0.0440521240234375 -0.0279998779296875 -0.0202217102050781 -0.0385589599609375
-0.0135574340820313 -0.0584220886230469 0.0522651672363281 -0.00275039672851563
-0.0293216705322266 -0.0330562591552734 0.128623962402344 0.00580596923828125
-0.0225753784179688 -0.0220088958740234 0.170700073242188 0.0276641845703125
-0.0206584930419922 -0.0158748626708984 0.277130126953125 0.0743255615234375
-0.00844383239746094 -0.012455940246582 0.336395263671875 0.224761962890625
-0.00228118896484375 -0.0185165405273438 0.297607421875 0.419708251953125
0.032440185546875 0.0025482177734375 0.03179931640625 0.61932373046875
0.0405960083007813 0.0748138427734375 -0.4420166015625 0.58587646484375
-0.0131912231445312 0.0897064208984375 -0.583740234375 0.28948974609375
-0.103988647460938 0.0988616943359375 -0.6688232421875 0.00677490234375006
0.0958328247070312 -0.134475708007813 0.12298583984375 0.337921142578125
0.00883483886718752 -0.199005126953125 0.356170654296875 -0.121368408203125
-0.174240112304688 -0.068084716796875 0.0560302734375 -0.37933349609375
-0.134231567382812 0.0872726440429688 -0.0689849853515625 -0.211929321289062
-0.0062103271484375 0.133865356445313 -0.0240211486816406 -0.0686416625976562
0.0740585327148438 0.0489730834960938 0.0415840148925781 -0.0217399597167969
0.0765457153320312 -0.0009307861328125 0.124267578125 0.00325775146484375
0.0614738464355469 0.0178985595703125 0.164306640625 0.024627685546875
0.0646629333496094 0.0100440979003906 0.2825927734375 0.061004638671875
0.0509300231933594 0.033599853515625 0.35064697265625 0.200469970703125
0.0155792236328125 0.0533294677734375 0.319854736328125 0.40008544921875
-0.0223426818847656 0.0627861022949219 0.0726318359375001 0.61883544921875
-0.0610275268554688 0.0425987243652344 -0.3931884765625 0.60626220703125
-0.0535659790039063 -0.0383110046386719 -0.5712890625 0.34033203125
0.00467681884765625 -0.0540885925292969 -0.696044921875 0.04425048828125
0.21893310546875 -0.29010009765625 0.1298828125 0.307281494140625
0.006622314453125 -0.384552001953125 0.3280029296875 -0.0615234375
-0.322174072265625 -0.173309326171875 0.128448486328125 -0.308868408203125
-0.2745361328125 0.139389038085937 0.0280914306640625 -0.253189086914063
-0.046875 0.262557983398438 -0.0239410400390625 -0.15374755859375
0.142288208007813 0.139022827148437 -0.00770568847656249 -0.0758819580078125
0.164443969726563 0.0315704345703125 0.0764694213867188 -0.0059661865234375
0.139572143554688 0.0541534423828125 0.133049011230469 0.01873779296875
0.148880004882813 0.03216552734375 0.270477294921875 0.04461669921875
0.116539001464844 0.0776596069335938 0.34979248046875 0.1778564453125
0.0424728393554687 0.133644104003906 0.322113037109375 0.382843017578125
-0.0764541625976562 0.138671875 0.0860595703125 0.6080322265625
-0.17742919921875 0.0110931396484375 -0.35797119140625 0.59637451171875
-0.100494384765625 -0.175003051757813 -0.548095703125 0.356689453125
0.110626220703125 -0.208786010742188 -0.6798095703125 0.05181884765625
0.292724609375 -0.389129638671875 0.1783447265625 0.261306762695313
-0.024871826171875 -0.484588623046875 0.338531494140625 0.00411987304687497
-0.4188232421875 -0.205078125 0.246566772460937 -0.258895874023438
-0.337554931640625 0.182586669921875 0.133331298828125 -0.34027099609375
-0.05718994140625 0.329376220703125 -0.0428009033203125 -0.270477294921875
0.183578491210938 0.186019897460938 -0.0887908935546875 -0.143524169921875
0.221282958984375 0.055328369140625 -0.00307846069335936 -0.0177516937255859
0.198623657226563 0.08233642578125 0.0798797607421875 0.0129852294921875
0.222183227539063 0.05145263671875 0.234268188476562 0.032958984375
0.182785034179688 0.122695922851562 0.31854248046875 0.156829833984375
0.067901611328125 0.224029541015625 0.284210205078125 0.364776611328125
-0.140274047851563 0.221466064453125 0.0679931640624999 0.57440185546875
-0.30029296875 -0.03070068359375 -0.331817626953125 0.545166015625
-0.13623046875 -0.3121337890625 -0.5068359375 0.335418701171875
0.2052001953125 -0.340545654296875 -0.61572265625 0.0263061523437499
0.315460205078125 -0.4234619140625 0.263504028320313 0.209304809570313
-0.056304931640625 -0.490203857421875 0.40545654296875 0.03631591796875
-0.425933837890625 -0.182373046875 0.371612548828125 -0.27838134765625
-0.3157958984375 0.19061279296875 0.19207763671875 -0.46124267578125
-0.043914794921875 0.321807861328125 -0.09027099609375 -0.378814697265625
0.18817138671875 0.186203002929688 -0.185836791992188 -0.198211669921875
0.238433837890625 0.0654296875 -0.093109130859375 -0.02935791015625
0.230560302734375 0.0986328125 0.0120010375976563 0.00447082519531251
0.270187377929688 0.069671630859375 0.16729736328125 0.025604248046875
0.229827880859375 0.170074462890625 0.24249267578125 0.139022827148438
0.068939208984375 0.3092041015625 0.199859619140625 0.324951171875
-0.220428466796875 0.281707763671875 0.0252685546875 0.4949951171875
-0.397186279296875 -0.101043701171875 -0.283203125 0.457000732421875
-0.13470458984375 -0.42742919921875 -0.444488525390625 0.29278564453125
0.281982421875 -0.42095947265625 -0.5179443359375 -0.0256042480468749
0.29180908203125 -0.4007568359375 0.37603759765625 0.1492919921875
-0.0615234375 -0.426910400390625 0.498504638671875 0.00729370117187497
-0.35479736328125 -0.145294189453125 0.4443359375 -0.35479736328125
-0.245559692382813 0.154708862304687 0.17987060546875 -0.56842041015625
-0.0288543701171875 0.258041381835937 -0.15484619140625 -0.44744873046875
0.16070556640625 0.153823852539063 -0.2696533203125 -0.228530883789063
0.219039916992188 0.0637054443359375 -0.174148559570312 -0.0370941162109375
0.227859497070313 0.10052490234375 -0.0601387023925781 -0.00655746459960938
0.279556274414063 0.085052490234375 0.0757598876953125 0.0208358764648438
0.23388671875 0.20751953125 0.135841369628906 0.110404968261719
0.02960205078125 0.35162353515625 0.0969696044921875 0.248641967773438
-0.294647216796875 0.270233154296875 0.000762939453124988 0.37274169921875
-0.413604736328125 -0.192291259765625 -0.20159912109375 0.3758544921875
-0.0799560546875 -0.4832763671875 -0.37664794921875 0.263916015625
0.327117919921875 -0.425933837890625 -0.401580810546875 -0.0919494628906249
0.2314453125 -0.328399658203125 0.49127197265625 0.078826904296875
-0.04254150390625 -0.327880859375 0.57373046875 -0.0723876953125
-0.24835205078125 -0.115341186523437 0.450531005859375 -0.44354248046875
-0.163909912109375 0.0944366455078125 0.12109375 -0.63275146484375
-0.0204620361328125 0.172042846679688 -0.213348388671875 -0.470306396484375
0.116241455078125 0.108146667480469 -0.326171875 -0.233856201171875
0.173309326171875 0.053131103515625 -0.234939575195312 -0.0406036376953125
0.191085815429688 0.088348388671875 -0.127326965332031 -0.0135040283203125
0.242782592773437 0.0904693603515625 -0.0235404968261719 0.0131931304931641
0.186798095703125 0.208221435546875 0.0234603881835938 0.0657119750976563
-0.029693603515625 0.313995361328125 0.019500732421875 0.144363403320313
-0.308624267578125 0.179901123046875 0.0211639404296875 0.251800537109375
-0.317901611328125 -0.251922607421875 -0.105865478515625 0.351409912109375
0.00765991210937495 -0.43701171875 -0.3331298828125 0.263214111328125
0.316162109375 -0.34722900390625 -0.284698486328125 -0.15789794921875
0.145858764648438 -0.213027954101562 0.58258056640625 0.00939941406249999
-0.00852966308593748 -0.216140747070313 0.6109619140625 -0.1669921875
-0.137702941894531 -0.0883941650390625 0.41461181640625 -0.509246826171875
-0.0924453735351563 0.0353317260742188 0.0557861328124999 -0.65374755859375
-0.0180740356445313 0.0895843505859375 -0.252197265625 -0.464111328125
0.0649490356445313 0.0617256164550781 -0.35760498046875 -0.2237548828125
0.109176635742187 0.0381317138671875 -0.272293090820313 -0.039520263671875
0.1270751953125 0.06280517578125 -0.176162719726562 -0.018890380859375
0.162628173828125 0.07781982421875 -0.105377197265625 0.00102996826171877
0.103790283203125 0.1583251953125 -0.0599937438964844 0.017059326171875
-0.0653076171875 0.19647216796875 -0.0097808837890625 0.0542488098144531
-0.224517822265625 0.05731201171875 0.06646728515625 0.17926025390625
-0.150436401367188 -0.216278076171875 -0.05499267578125 0.3826904296875
0.072235107421875 -0.283294677734375 -0.329803466796875 0.268157958984375
0.232940673828125 -0.197479248046875 -0.184524536132812 -0.2149658203125
-0.0518722534179687 0.0586433410644531 0.1612548828125 0.321563720703125
-0.0145339965820313 0.0290107727050781 0.360260009765625 -0.180999755859375
-0.00101470947265625 0.071746826171875 0.00640869140624997 -0.402557373046875
0.0444564819335938 0.0297470092773438 -0.120758056640625 -0.189453125
0.0431404113769531 -0.0307273864746094 -0.0223197937011719 -0.0371055603027344
-0.0167236328125 -0.0587348937988281 0.0504341125488281 -0.000259399414062504
-0.0316200256347656 -0.0327205657958984 0.127784729003906 0.00513458251953125
-0.0245952606201172 -0.0228767395019531 0.168670654296875 0.0283050537109375
-0.0210399627685547 -0.0168132781982422 0.274642944335938 0.0717620849609375
-0.00778293609619141 -0.0119171142578125 0.334320068359375 0.21551513671875
-0.0029916763305664 -0.017094612121582 0.302337646484375 0.40545654296875
0.0304298400878906 0.00167274475097656 0.0499267578124999 0.610107421875
0.0441818237304688 0.0735244750976563 -0.41839599609375 0.5936279296875
-0.011199951171875 0.0883102416992188 -0.57177734375 0.29754638671875
-0.102668762207031 0.0977020263671875 -0.66815185546875 0.0178222656250001
0.0938873291015625 -0.132896423339844 0.128662109375 0.3271484375
0.00128173828125001 -0.197738647460938 0.346099853515625 -0.132110595703125
-0.17462158203125 -0.0618133544921875 0.040008544921875 -0.3704833984375
-0.130264282226563 0.091583251953125 -0.07537841796875 -0.204833984375
-0.00213623046875 0.130966186523438 -0.0269203186035156 -0.0670356750488281
0.0705184936523438 0.0455322265625 0.0385284423828125 -0.0186271667480469
0.0718841552734375 -0.0030517578125 0.123519897460938 0.00380706787109375
0.0591087341308594 0.0151214599609375 0.1632080078125 0.024871826171875
0.0628929138183594 0.00843048095703125 0.27947998046875 0.059112548828125
0.050445556640625 0.0319137573242188 0.349334716796875 0.19207763671875
0.0146217346191406 0.0518226623535156 0.322967529296875 0.386962890625
-0.0225715637207031 0.0613479614257813 0.0908203125 0.6092529296875
-0.0557632446289063 0.0432968139648438 -0.3692626953125 0.612060546875
-0.0527114868164062 -0.0380859375 -0.55908203125 0.351470947265625
0.00410461425781251 -0.0558052062988281 -0.69390869140625 0.0568847656249999
0.21331787109375 -0.289764404296875 0.1348876953125 0.296478271484375
-0.00399780273437499 -0.3817138671875 0.319610595703125 -0.07037353515625
-0.323486328125 -0.162872314453125 0.115081787109375 -0.302276611328125
-0.267349243164062 0.14459228515625 0.0204925537109375 -0.248794555664062
-0.03961181640625 0.25885009765625 -0.0297088623046875 -0.152328491210937
0.139549255371094 0.132896423339844 -0.0118560791015625 -0.0714111328125
0.15948486328125 0.0272064208984375 0.07611083984375 -0.006011962890625
0.136711120605469 0.051055908203125 0.131980895996094 0.0201950073242188
0.144546508789063 0.0283050537109375 0.26690673828125 0.041473388671875
0.115394592285156 0.073699951171875 0.348297119140625 0.166656494140625
0.0433349609375 0.12957763671875 0.3262939453125 0.370147705078125
-0.0746078491210938 0.136764526367188 0.10577392578125 0.599609375
-0.170852661132813 0.0140533447265625 -0.33514404296875 0.60333251953125
-0.100921630859375 -0.172042846679688 -0.531768798828125 0.366973876953125
0.106277465820313 -0.211349487304687 -0.67596435546875 0.0673828124999999
0.28582763671875 -0.387908935546875 0.181198120117188 0.249404907226562
-0.037353515625 -0.478363037109375 0.331146240234375 -0.00567626953125003
-0.418426513671875 -0.192962646484375 0.23516845703125 -0.255294799804688
-0.32806396484375 0.1868896484375 0.123016357421875 -0.3387451171875
-0.04736328125 0.325469970703125 -0.0493621826171875 -0.26763916015625
0.17926025390625 0.17864990234375 -0.0948410034179687 -0.136672973632813
0.213851928710937 0.04949951171875 -0.00156116485595702 -0.0164289474487305
0.196075439453125 0.0778656005859375 0.0790176391601563 0.0137100219726563
0.21636962890625 0.04620361328125 0.230361938476562 0.029083251953125
0.180892944335938 0.115753173828125 0.316864013671875 0.1470947265625
0.0701141357421875 0.216629028320313 0.28900146484375 0.35333251953125
-0.136001586914063 0.220687866210938 0.0850219726562499 0.56683349609375
-0.29400634765625 -0.0247192382812499 -0.311065673828125 0.55023193359375
-0.13995361328125 -0.306732177734375 -0.4925537109375 0.344085693359375
0.19842529296875 -0.344818115234375 -0.61297607421875 0.0427856445312499
0.307708740234375 -0.421295166015625 0.265457153320313 0.197677612304687
-0.0668640136718749 -0.4822998046875 0.3994140625 0.026214599609375
-0.423736572265625 -0.171356201171875 0.359344482421875 -0.279815673828125
-0.306854248046875 0.193389892578125 0.176116943359375 -0.4619140625
-0.036468505859375 0.315521240234375 -0.100006103515625 -0.37286376953125
0.182586669921875 0.17913818359375 -0.189971923828125 -0.1888427734375
0.230865478515625 0.059600830078125 -0.0904693603515625 -0.02581787109375
0.227264404296875 0.0936737060546875 0.01202392578125 0.00571155548095704
0.26519775390625 0.0628204345703125 0.164627075195313 0.022369384765625
0.22900390625 0.160308837890625 0.243255615234375 0.1312255859375
0.073883056640625 0.30120849609375 0.206451416015625 0.317535400390625
-0.2132568359375 0.282470703125 0.0417785644531249 0.490325927734375
-0.39263916015625 -0.0917663574218749 -0.2662353515625 0.46038818359375
-0.142852783203125 -0.422119140625 -0.4290771484375 0.302520751953125
0.272705078125 -0.427642822265625 -0.5159912109375 -0.00976562500000001
0.285430908203125 -0.398681640625 0.376129150390625 0.1370849609375
-0.068939208984375 -0.41864013671875 0.491973876953125 -0.00354003906250003
-0.35198974609375 -0.136932373046875 0.431121826171875 -0.358306884765625
-0.237014770507813 0.1544189453125 0.162353515625 -0.56634521484375
-0.024688720703125 0.250808715820313 -0.163360595703125 -0.43804931640625
0.154800415039062 0.148773193359375 -0.2728271484375 -0.21685791015625
0.212570190429688 0.0586700439453125 -0.1705322265625 -0.0329437255859375
0.224899291992188 0.095458984375 -0.0604209899902344 -0.00310516357421875
0.275192260742188 0.077545166015625 0.0740890502929688 0.0192184448242188
0.233901977539062 0.196533203125 0.136283874511719 0.106040954589844
0.0364990234375 0.343902587890625 0.101852416992188 0.24627685546875
-0.286041259765625 0.274627685546875 0.0127563476562499 0.369720458984375
-0.412628173828125 -0.182220458984375 -0.186004638671875 0.37493896484375
-0.089324951171875 -0.48028564453125 -0.361785888671875 0.272735595703125
0.3160400390625 -0.432586669921875 -0.399749755859375 -0.076416015625
0.2261962890625 -0.325286865234375 0.491058349609375 0.06756591796875
-0.04833984375 -0.32196044921875 0.56646728515625 -0.08544921875
-0.247055053710937 -0.109634399414063 0.43408203125 -0.44622802734375
-0.159469604492187 0.0922393798828125 0.10205078125 -0.62725830078125
-0.01812744140625 0.166168212890625 -0.22137451171875 -0.459716796875
0.109947204589844 0.105026245117188 -0.327178955078125 -0.221588134765625
0.16729736328125 0.048828125 -0.229782104492188 -0.0370330810546875
0.188583374023438 0.0829315185546875 -0.126754760742188 -0.0106582641601562
0.239959716796875 0.0835723876953125 -0.0244159698486328 0.0138683319091797
0.188247680664063 0.19952392578125 0.0239334106445313 0.0642127990722657
-0.02227783203125 0.309722900390625 0.0215606689453125 0.144989013671875
-0.302581787109375 0.1866455078125 0.0296173095703125 0.2484130859375
-0.320098876953125 -0.243316650390625 -0.090301513671875 0.347747802734375
-0.00326538085937495 -0.436859130859375 -0.318359375 0.272796630859375
0.30731201171875 -0.35479736328125 -0.2828369140625 -0.143798828125
0.144134521484375 -0.208709716796875 0.58111572265625 -0.00329589843750001
-0.01373291015625 -0.212158203125 0.60125732421875 -0.18017578125
-0.137825012207031 -0.0855941772460937 0.39752197265625 -0.51434326171875
-0.0889968872070313 0.0334091186523437 0.0363769531250001 -0.64739990234375
-0.016448974609375 0.0864639282226563 -0.259307861328125 -0.45159912109375
0.0593490600585937 0.0605545043945313 -0.353973388671875 -0.21258544921875
0.104621887207031 0.0342941284179688 -0.266937255859375 -0.0357208251953125
0.124832153320313 0.059173583984375 -0.175399780273438 -0.0154571533203125
0.161651611328125 0.073272705078125 -0.10540771484375 0.00299835205078127
0.105453491210937 0.152084350585938 -0.0594749450683594 0.0182647705078125
-0.0606231689453125 0.194793701171875 -0.00948333740234376 0.0555648803710938
-0.2225341796875 0.0626678466796875 0.07281494140625 0.175140380859375
-0.15423583984375 -0.212966918945313 -0.035919189453125 0.37860107421875
0.06536865234375 -0.2867431640625 -0.313262939453125 0.278839111328125
0.228118896484375 -0.204727172851563 -0.18499755859375 -0.202316284179688
-0.04901123046875 0.0629806518554688 0.171234130859375 0.31573486328125
-0.0178375244140625 0.0303173065185547 0.3553466796875 -0.197601318359375
0.000907897949218757 0.0753402709960938 -0.013031005859375 -0.40045166015625
0.0471115112304688 0.0299949645996094 -0.13031005859375 -0.182876586914062
0.0431747436523438 -0.033660888671875 -0.025726318359375 -0.03594970703125
-0.0212173461914063 -0.0589561462402344 0.0505599975585938 0.00114059448242187
-0.0355987548828125 -0.0323562622070313 0.12969970703125 0.003936767578125
-0.0278491973876953 -0.0234527587890625 0.171539306640625 0.02825927734375
-0.0224971771240234 -0.0167179107666016 0.279739379882813 0.069122314453125
-0.0074758529663086 -0.0122690200805664 0.34100341796875 0.2081298828125
-0.00408172607421875 -0.0162019729614258 0.31683349609375 0.3985595703125
0.0287742614746094 0.00107574462890625 0.072998046875 0.61260986328125
0.0495376586914063 0.0731658935546875 -0.39532470703125 0.6163330078125
-0.0105209350585937 0.08856201171875 -0.569580078125 0.3187255859375
-0.10400390625 0.101249694824219 -0.68316650390625 0.0356445312499999
0.09344482421875 -0.136215209960937 0.138031005859375 0.320953369140625
-0.00857543945312499 -0.200210571289063 0.34234619140625 -0.147613525390625
-0.179656982421875 -0.055755615234375 0.0242919921875 -0.370025634765625
-0.128067016601562 0.09747314453125 -0.0846405029296875 -0.200363159179688
0.00160217285156251 0.131614685058594 -0.0321044921875 -0.0669021606445312
0.0687446594238281 0.0436058044433594 0.0374755859375 -0.0171318054199219
0.0689888000488281 -0.00455856323242188 0.125862121582031 0.001983642578125
0.057220458984375 0.0138282775878906 0.166366577148438 0.02545166015625
0.0615386962890625 0.0065155029296875 0.2840576171875 0.055084228515625
0.0509910583496094 0.0302314758300781 0.354949951171875 0.1839599609375
0.01409912109375 0.0512657165527344 0.337554931640625 0.38018798828125
-0.0235023498535156 0.0621376037597656 0.11590576171875 0.6119384765625
-0.0511245727539063 0.0442085266113281 -0.3470458984375 0.635498046875
-0.0533638000488281 -0.0378036499023438 -0.554168701171875 0.3721923828125
0.00114822387695313 -0.0572662353515625 -0.709228515625 0.0778808593750001
0.21282958984375 -0.298126220703125 0.14337158203125 0.28985595703125
-0.018310546875 -0.385894775390625 0.317596435546875 -0.08465576171875
-0.333526611328125 -0.153167724609375 0.103607177734375 -0.30322265625
-0.265060424804688 0.15484619140625 0.010406494140625 -0.249374389648438
-0.0326385498046875 0.261962890625 -0.036865234375 -0.152862548828125
0.140350341796875 0.130615234375 -0.0152359008789062 -0.0687828063964844
0.157608032226563 0.02398681640625 0.0777511596679688 -0.006591796875
0.136894226074219 0.0486526489257813 0.134330749511719 0.020111083984375
0.144149780273438 0.025054931640625 0.2698974609375 0.03759765625
0.116256713867187 0.0698318481445313 0.353668212890625 0.1578369140625
0.043975830078125 0.128074645996094 0.34197998046875 0.3623046875
-0.0739364624023438 0.138450622558594 0.13092041015625 0.60382080078125
-0.167831420898438 0.0175323486328125 -0.31390380859375 0.62469482421875
-0.105712890625 -0.17242431640625 -0.52777099609375 0.389068603515625
0.102264404296875 -0.218414306640625 -0.69061279296875 0.089599609375
0.282562255859375 -0.3995361328125 0.190872192382813 0.242431640625
-0.05462646484375 -0.48321533203125 0.3319091796875 -0.018096923828125
-0.430755615234375 -0.181640625 0.228164672851563 -0.260818481445313
-0.32421875 0.199066162109375 0.11279296875 -0.34576416015625
-0.0391845703125 0.327911376953125 -0.0608978271484375 -0.270004272460938
0.180938720703125 0.17584228515625 -0.100967407226563 -0.132255554199219
0.2130126953125 0.0454864501953125 -0.00169754028320311 -0.0156898498535156
0.197158813476563 0.0747222900390625 0.0812835693359375 0.0142898559570313
0.217514038085938 0.0401458740234375 0.233734130859375 0.0245208740234375
0.183990478515625 0.10992431640625 0.322784423828125 0.13824462890625
0.0745697021484375 0.214706420898438 0.304168701171875 0.34808349609375
-0.132156372070312 0.225616455078125 0.1107177734375 0.57147216796875
-0.29376220703125 -0.017913818359375 -0.29229736328125 0.56805419921875
-0.150146484375 -0.307769775390625 -0.484771728515625 0.36627197265625
0.193115234375 -0.357513427734375 -0.62542724609375 0.06610107421875
0.305572509765625 -0.432861328125 0.274520874023438 0.188873291015625
-0.082550048828125 -0.48455810546875 0.40380859375 0.013671875
-0.43255615234375 -0.15875244140625 0.354034423828125 -0.2896728515625
-0.30291748046875 0.202362060546875 0.16278076171875 -0.47222900390625
-0.028717041015625 0.31768798828125 -0.113922119140625 -0.374725341796875
0.183975219726563 0.176788330078125 -0.198471069335938 -0.181884765625
0.22943115234375 0.0555572509765625 -0.0906524658203125 -0.0240249633789063
0.230224609375 0.0892333984375 0.0123214721679688 0.0068044662475586
0.266281127929688 0.055023193359375 0.166488647460938 0.0182952880859375
0.2340087890625 0.153717041015625 0.248489379882813 0.124038696289063
0.082489013671875 0.29949951171875 0.219085693359375 0.317138671875
-0.20745849609375 0.291290283203125 0.0632934570312499 0.494873046875
-0.3978271484375 -0.0814514160156249 -0.25067138671875 0.473785400390625
-0.155975341796875 -0.426361083984375 -0.42230224609375 0.32110595703125
0.26617431640625 -0.444183349609375 -0.524627685546875 0.011444091796875
0.284210205078125 -0.407928466796875 0.386962890625 0.1246337890625
-0.081573486328125 -0.419891357421875 0.4976806640625 -0.019317626953125
-0.358978271484375 -0.127349853515625 0.42431640625 -0.372772216796875
-0.234115600585938 0.159439086914062 0.14306640625 -0.57879638671875
-0.0191650390625 0.250839233398438 -0.180816650390625 -0.438018798828125
0.15460205078125 0.14776611328125 -0.281982421875 -0.20855712890625
0.210662841796875 0.054901123046875 -0.17071533203125 -0.030059814453125
0.226730346679688 0.0912933349609375 -0.0609016418457031 -0.00128936767578123
0.278518676757813 0.07000732421875 0.0750808715820313 0.0173416137695313
0.240921020507813 0.1900634765625 0.140525817871094 0.102493286132813
0.047515869140625 0.344970703125 0.1104736328125 0.24835205078125
-0.282623291015625 0.28717041015625 0.029052734375 0.37469482421875
-0.42132568359375 -0.1737060546875 -0.170501708984375 0.384063720703125
-0.107452392578125 -0.486572265625 -0.351165771484375 0.290069580078125
0.309783935546875 -0.451141357421875 -0.4075927734375 -0.0587768554687501
0.22613525390625 -0.33154296875 0.502349853515625 0.0516357421875
-0.057586669921875 -0.32257080078125 0.57281494140625 -0.1036376953125
-0.252090454101563 -0.10418701171875 0.42266845703125 -0.465728759765625
-0.157379150390625 0.0931854248046875 0.081298828125 -0.63714599609375
-0.01544189453125 0.165618896484375 -0.238922119140625 -0.457305908203125
0.106773376464844 0.1048583984375 -0.3353271484375 -0.213104248046875
0.165267944335938 0.0460662841796875 -0.23065185546875 -0.03314208984375
0.191024780273438 0.0799560546875 -0.129081726074219 -0.00743103027343747
0.243576049804688 0.0774078369140625 -0.0251750946044922 0.0146865844726563
0.195220947265625 0.193634033203125 0.0259208679199219 0.0640373229980469
-0.013763427734375 0.313507080078125 0.0255279541015625 0.149078369140625
-0.302215576171875 0.1998291015625 0.04107666015625 0.249893188476562
-0.332366943359375 -0.2386474609375 -0.07269287109375 0.352691650390625
-0.01885986328125 -0.447601318359375 -0.305999755859375 0.289886474609375
0.300994873046875 -0.372161865234375 -0.289581298828125 -0.130767822265625
0.145858764648438 -0.211868286132812 0.5941162109375 -0.0220947265625
-0.0199432373046875 -0.213333129882813 0.60491943359375 -0.20404052734375
-0.141998291015625 -0.08447265625 0.382537841796875 -0.53265380859375
-0.088409423828125 0.0322113037109375 0.0120239257812499 -0.65435791015625
-0.0161361694335938 0.0854263305664063 -0.277099609375 -0.449127197265625
0.0566482543945313 0.0618476867675781 -0.36083984375 -0.204437255859375
0.102859497070313 0.0324859619140625 -0.268508911132813 -0.0329742431640625
0.126998901367188 0.0564193725585938 -0.17889404296875 -0.01220703125
0.164627075195313 0.069091796875 -0.107940673828125 0.00648498535156249
0.110702514648438 0.1494140625 -0.0602035522460937 0.019805908203125
-0.056549072265625 0.199127197265625 -0.00854110717773438 0.0582351684570313
-0.22540283203125 0.07135009765625 0.0836181640625 0.172561645507813
-0.163482666015625 -0.213577270507812 -0.0156250000000001 0.382598876953125
0.055267333984375 -0.295745849609375 -0.300201416015625 0.2974853515625
0.226486206054688 -0.216949462890625 -0.189743041992188 -0.192886352539062
-0.0453720092773438 0.0679168701171875 0.188751220703125 0.305572509765625
-0.0196514129638672 0.0336742401123047 0.34649658203125 -0.226837158203125
0.0054473876953125 0.0787811279296875 -0.0390625 -0.4017333984375
0.0513648986816406 0.0288887023925781 -0.1444091796875 -0.174163818359375
0.0409889221191406 -0.0380439758300781 -0.0299587249755859 -0.0338401794433594
-0.0269126892089844 -0.0582733154296875 0.0527114868164063 0.00127792358398437
-0.0400466918945313 -0.0302505493164063 0.132797241210938 -0.000236511230468752
-0.0325832366943359 -0.0217876434326172 0.177902221679688 0.024322509765625
-0.0248489379882813 -0.0168361663818359 0.28826904296875 0.05938720703125
-0.00761318206787109 -0.0124454498291016 0.355316162109375 0.19549560546875
-0.00585365295410156 -0.0142898559570313 0.34161376953125 0.387237548828125
0.0274810791015625 0.000619888305664063 0.1124267578125 0.61859130859375
0.0569000244140625 0.0710830688476563 -0.3612060546875 0.65106201171875
-0.00777435302734375 0.0897293090820313 -0.564697265625 0.35394287109375
-0.103691101074219 0.109237670898438 -0.70166015625 0.0733642578124999
0.091094970703125 -0.143264770507813 0.155914306640625 0.31243896484375
-0.0228118896484375 -0.202133178710938 0.33709716796875 -0.17401123046875
-0.185272216796875 -0.0446624755859375 0.000305175781250007 -0.3712158203125
-0.123779296875 0.106353759765625 -0.099365234375 -0.19537353515625
0.00730133056640624 0.132667541503906 -0.0382118225097656 -0.0649833679199219
0.0703964233398438 0.0420761108398438 0.037384033203125 -0.0154533386230469
0.0668830871582031 -0.0072174072265625 0.129142761230469 -0.00342559814453125
0.0567131042480469 0.0124092102050781 0.1719970703125 0.0213623046875
0.0608787536621094 0.00349807739257812 0.291717529296875 0.04510498046875
0.0521087646484375 0.0270576477050781 0.36749267578125 0.16815185546875
0.0142593383789062 0.0528106689453125 0.363006591796875 0.365875244140625
-0.0232467651367188 0.0640869140625 0.154541015625 0.61444091796875
-0.0461540222167969 0.0450286865234375 -0.3101806640625 0.6654052734375
-0.0569038391113281 -0.0368766784667969 -0.546661376953125 0.40997314453125
-0.00217437744140624 -0.05780029296875 -0.72686767578125 0.1182861328125
0.204986572265625 -0.314727783203125 0.161026000976563 0.279693603515625
-0.042724609375 -0.391632080078125 0.314544677734375 -0.107666015625
-0.34814453125 -0.1361083984375 0.0855712890625 -0.3079833984375
-0.260696411132813 0.171173095703125 -0.00442504882812502 -0.251953125
-0.020050048828125 0.267440795898438 -0.0481109619140625 -0.153427124023437
0.146484375 0.126693725585938 -0.0198898315429687 -0.0660018920898437
0.157867431640625 0.0180511474609375 0.0795059204101563 -0.0102310180664062
0.139694213867188 0.044342041015625 0.1390380859375 0.0176773071289063
0.145401000976563 0.0183868408203125 0.276626586914062 0.02655029296875
0.119422912597656 0.0636138916015625 0.36572265625 0.1412353515625
0.0474929809570313 0.126800537109375 0.36517333984375 0.349700927734375
-0.070526123046875 0.1434326171875 0.1727294921875 0.60498046875
-0.164520263671875 0.02374267578125 -0.27764892578125 0.65283203125
-0.116058349609375 -0.171066284179688 -0.517120361328125 0.425262451171875
0.094024658203125 -0.228378295898438 -0.70404052734375 0.13262939453125
0.2735595703125 -0.420135498046875 0.205245971679688 0.229171752929687
-0.08184814453125 -0.488250732421875 0.333221435546875 -0.039154052734375
-0.44549560546875 -0.1597900390625 0.215927124023438 -0.271957397460938
-0.3189697265625 0.21783447265625 0.0941162109375 -0.356536865234375
-0.023773193359375 0.334075927734375 -0.079010009765625 -0.271163940429688
0.1884765625 0.171066284179688 -0.110359191894531 -0.126243591308594
0.214340209960938 0.0373992919921875 -0.00130367279052733 -0.0163717269897461
0.202713012695313 0.0678253173828125 0.0839385986328125 0.0139846801757813
0.220306396484375 0.0299530029296875 0.238479614257813 0.014373779296875
0.189224243164063 0.100631713867187 0.333160400390625 0.12237548828125
0.084014892578125 0.211990356445313 0.32861328125 0.33758544921875
-0.124725341796875 0.2353515625 0.149169921875 0.57452392578125
-0.295562744140625 -0.00527954101562494 -0.25897216796875 0.5941162109375
-0.168121337890625 -0.306854248046875 -0.472503662109375 0.4007568359375
0.1796875 -0.375335693359375 -0.6365966796875 0.10467529296875
0.2967529296875 -0.455169677734375 0.289215087890625 0.17041015625
-0.10980224609375 -0.487213134765625 0.408599853515625 -0.010650634765625
-0.446746826171875 -0.138214111328125 0.343658447265625 -0.30999755859375
-0.297119140625 0.217437744140625 0.13818359375 -0.48919677734375
-0.014739990234375 0.3214111328125 -0.138397216796875 -0.375152587890625
0.190902709960938 0.17205810546875 -0.210891723632813 -0.172439575195312
0.2313232421875 0.0466156005859375 -0.0917892456054688 -0.0212554931640625
0.23663330078125 0.0817413330078125 0.0144176483154297 0.00826263427734376
0.270736694335937 0.0428314208984375 0.170303344726563 0.0105133056640625
0.2425537109375 0.142257690429688 0.258163452148438 0.111770629882813
0.09686279296875 0.297821044921875 0.2408447265625 0.310882568359375
-0.197296142578125 0.30682373046875 0.096893310546875 0.499420166015625
-0.40557861328125 -0.064910888671875 -0.224639892578125 0.4931640625
-0.184295654296875 -0.426727294921875 -0.40911865234375 0.352142333984375
0.250579833984375 -0.468170166015625 -0.5343017578125 0.0452575683593749
0.2755126953125 -0.4273681640625 0.402130126953125 0.101409912109375
-0.104461669921875 -0.420745849609375 0.50494384765625 -0.049102783203125
-0.370635986328125 -0.111175537109375 0.408721923828125 -0.40020751953125
-0.2303466796875 0.168563842773438 0.1112060546875 -0.59625244140625
-0.00918579101562502 0.253082275390625 -0.20916748046875 -0.434783935546875
0.158538818359375 0.145004272460938 -0.297332763671875 -0.195037841796875
0.212066650390625 0.046417236328125 -0.173370361328125 -0.0243682861328125
0.234024047851562 0.083984375 -0.0614089965820312 0.00251770019531249
0.2835693359375 0.056671142578125 0.0763931274414063 0.0145263671875
0.252288818359375 0.17803955078125 0.147171020507813 0.09619140625
0.064056396484375 0.34747314453125 0.126205444335938 0.249404907226563
-0.2734375 0.308441162109375 0.0552978515625 0.378143310546875
-0.438720703125 -0.15594482421875 -0.147064208984375 0.396514892578125
-0.136932373046875 -0.492767333984375 -0.335662841796875 0.3172607421875
0.29351806640625 -0.47900390625 -0.416259765625 -0.0311889648437501
0.22125244140625 -0.346527099609375 0.51617431640625 0.02154541015625
-0.074462890625 -0.323577880859375 0.576416015625 -0.13873291015625
-0.260726928710937 -0.092742919921875 0.4029541015625 -0.495391845703125
-0.15582275390625 0.0975189208984375 0.042724609375 -0.65240478515625
-0.0106201171875 0.16552734375 -0.268463134765625 -0.449676513671875
0.110031127929688 0.104942321777344 -0.349700927734375 -0.198638916015625
0.166366577148437 0.0392608642578125 -0.233840942382813 -0.025634765625
0.19683837890625 0.0729522705078125 -0.131492614746094 -0.00108337402343752
0.24993896484375 0.065887451171875 -0.025115966796875 0.0167140960693359
0.2064208984375 0.185379028320313 0.0284690856933594 0.0632171630859375
0.00170898437499998 0.318511962890625 0.033935546875 0.1522216796875
-0.2987060546875 0.22076416015625 0.0597686767578125 0.24981689453125
-0.352203369140625 -0.227783203125 -0.048370361328125 0.35845947265625
-0.045257568359375 -0.458282470703125 -0.28729248046875 0.3155517578125
0.28839111328125 -0.399566650390625 -0.298126220703125 -0.1104736328125
0.14434814453125 -0.221038818359375 0.60833740234375 -0.05633544921875
-0.031341552734375 -0.214950561523438 0.60430908203125 -0.2410888671875
-0.149200439453125 -0.078399658203125 0.357177734375 -0.56280517578125
-0.0896835327148438 0.0329742431640625 -0.0263671875 -0.66412353515625
-0.0134429931640625 0.0854644775390625 -0.30633544921875 -0.439727783203125
0.0573463439941406 0.0636024475097656 -0.375213623046875 -0.189544677734375
0.103065490722656 0.0282745361328125 -0.27166748046875 -0.0231475830078125
0.130500793457031 0.0520553588867187 -0.183868408203125 -0.00325012207031254
0.170089721679688 0.0617218017578125 -0.110496520996094 0.01226806640625
0.118637084960938 0.145034790039062 -0.0615425109863281 0.0233879089355469
-0.0482177734375 0.2064208984375 -0.00623703002929687 0.0611572265625
-0.2275390625 0.0851898193359374 0.09832763671875 0.16729736328125
-0.177841186523438 -0.211395263671875 0.0137939453125 0.38543701171875
0.038848876953125 -0.308746337890625 -0.280670166015625 0.323699951171875
0.21990966796875 -0.234405517578125 -0.1986083984375 -0.178848266601563
-0.0389633178710938 0.0724258422851563 0.20751953125 0.285369873046875
-0.0200653076171875 0.0377655029296875 0.32513427734375 -0.25604248046875
0.012298583984375 0.0802764892578125 -0.0734252929687501 -0.394134521484375
0.0548248291015625 0.0250167846679688 -0.1590576171875 -0.159515380859375
0.0370750427246094 -0.0414276123046875 -0.0341358184814453 -0.0293903350830078
-0.0325584411621094 -0.0559349060058594 0.0546455383300781 -0.000598907470703128
-0.042999267578125 -0.0266265869140625 0.134567260742187 -0.00801849365234375
-0.0361862182617188 -0.0182991027832031 0.182144165039063 0.01544189453125
-0.0268268585205078 -0.0158977508544922 0.2935791015625 0.042205810546875
-0.00815677642822266 -0.0124607086181641 0.36566162109375 0.172210693359375
-0.00676059722900391 -0.0119657516479492 0.368865966796875 0.362274169921875
0.0264396667480469 0.000209808349609375 0.1632080078125 0.60711669921875
0.0640869140625 0.0658760070800781 -0.3055419921875 0.67694091796875
-0.0042572021484375 0.0893783569335938 -0.541839599609375 0.3958740234375
-0.098907470703125 0.119102478027344 -0.7054443359375 0.12591552734375
0.084503173828125 -0.150390625 0.175628662109375 0.293853759765625
-0.0398712158203125 -0.199951171875 0.3189697265625 -0.20477294921875
-0.188949584960938 -0.029083251953125 -0.0302734375 -0.366729736328125
-0.11553955078125 0.115097045898437 -0.116378784179688 -0.1846923828125
0.01641845703125 0.133155822753906 -0.0457382202148437 -0.0603713989257812
0.0721054077148438 0.0380477905273438 0.0378494262695313 -0.0160751342773437
0.0651283264160156 -0.0100898742675781 0.129638671875 -0.0108871459960938
0.0557785034179688 0.0112648010253906 0.175796508789063 0.0131072998046875
0.0593795776367187 -0.000732421875 0.296234130859375 0.02716064453125
0.0522918701171875 0.0229415893554688 0.377166748046875 0.1436767578125
0.0157585144042969 0.0522117614746094 0.38861083984375 0.339599609375
-0.0209732055664062 0.0663528442382813 0.20635986328125 0.60150146484375
-0.0390968322753906 0.0460624694824219 -0.25396728515625 0.6893310546875
-0.0605850219726562 -0.0336761474609375 -0.51947021484375 0.450897216796875
-0.00683212280273438 -0.0570220947265625 -0.7255859375 0.17633056640625
0.187957763671875 -0.33056640625 0.177597045898438 0.261154174804688
-0.07208251953125 -0.387908935546875 0.302398681640625 -0.13677978515625
-0.35797119140625 -0.109130859375 0.060272216796875 -0.309417724609375
-0.248580932617188 0.1884765625 -0.025604248046875 -0.24945068359375
-0.00230407714843748 0.269577026367188 -0.0625762939453125 -0.149093627929687
0.153732299804688 0.117340087890625 -0.0246200561523437 -0.062774658203125
0.156524658203125 0.0091400146484375 0.0799789428710938 -0.0154342651367188
0.14129638671875 0.0371246337890625 0.143020629882813 0.0108795166015625
0.144577026367188 0.0091094970703125 0.279373168945313 0.0095672607421875
0.121383666992187 0.0543975830078125 0.37371826171875 0.115386962890625
0.0539398193359375 0.123321533203125 0.391357421875 0.32196044921875
-0.0625457763671875 0.148574829101563 0.22393798828125 0.59130859375
-0.159332275390625 0.03167724609375 -0.2235107421875 0.67279052734375
-0.1290283203125 -0.164093017578125 -0.487518310546875 0.466400146484375
0.0796356201171875 -0.235626220703125 -0.700927734375 0.18829345703125
0.25079345703125 -0.44140625 0.21868896484375 0.206222534179688
-0.118133544921875 -0.480865478515625 0.32611083984375 -0.067626953125
-0.456298828125 -0.125213623046875 0.19488525390625 -0.284149169921875
-0.30450439453125 0.238525390625 0.065185546875 -0.36260986328125
-0.00155639648437503 0.33599853515625 -0.102813720703125 -0.264892578125
0.198196411132813 0.159194946289063 -0.119537353515625 -0.116584777832031
0.213287353515625 0.024169921875 -0.00130748748779296 -0.0165262222290039
0.20672607421875 0.0564727783203125 0.0869827270507813 0.0099334716796875
0.219207763671875 0.0152587890625 0.240280151367188 -0.000900268554687499
0.193069458007813 0.0856170654296875 0.33953857421875 0.097808837890625
0.0955810546875 0.20538330078125 0.353790283203125 0.313690185546875
-0.109573364257813 0.24322509765625 0.199462890625 0.56219482421875
-0.292633056640625 0.0121459960937499 -0.210205078125 0.612548828125
-0.190948486328125 -0.2958984375 -0.444793701171875 0.437774658203125
0.1561279296875 -0.39044189453125 -0.63134765625 0.1573486328125
0.271026611328125 -0.477081298828125 0.299407958984375 0.14288330078125
-0.142303466796875 -0.4783935546875 0.405029296875 -0.04248046875
-0.456390380859375 -0.103851318359375 0.321136474609375 -0.331878662109375
-0.282318115234375 0.236114501953125 0.098876953125 -0.498779296875
0.00515747070312502 0.321685791015625 -0.169281005859375 -0.364532470703125
0.199600219726563 0.162200927734375 -0.224075317382813 -0.155914306640625
0.231353759765625 0.0332183837890625 -0.0925140380859375 -0.0159149169921875
0.24127197265625 0.068603515625 0.0159006118774414 0.00868606567382813
0.270721435546875 0.0250701904296875 0.171127319335938 -0.000610351562499998
0.248947143554688 0.1226806640625 0.265090942382813 0.0932464599609375
0.115753173828125 0.290802001953125 0.26513671875 0.295166015625
-0.176483154296875 0.32171630859375 0.13983154296875 0.491668701171875
-0.408721923828125 -0.0384521484375 -0.183319091796875 0.508636474609375
-0.216339111328125 -0.415435791015625 -0.380218505859375 0.384490966796875
0.2203369140625 -0.488922119140625 -0.53155517578125 0.0917358398437499
0.254180908203125 -0.448150634765625 0.408966064453125 0.066741943359375
-0.13189697265625 -0.41119384765625 0.5 -0.086456298828125
-0.376556396484375 -0.08355712890625 0.379974365234375 -0.428314208984375
-0.220230102539063 0.180099487304687 0.0643310546874999 -0.6038818359375
0.00544738769531252 0.251739501953125 -0.24310302734375 -0.419158935546875
0.165328979492188 0.137222290039063 -0.31036376953125 -0.173431396484375
0.211380004882813 0.034576416015625 -0.174087524414063 -0.0147857666015625
0.238983154296875 0.0698394775390625 -0.060455322265625 0.00691223144531251
0.28619384765625 0.037353515625 0.0776748657226563 0.00931549072265625
0.262588500976563 0.158432006835938 0.152114868164063 0.085174560546875
0.087738037109375 0.34222412109375 0.146072387695312 0.24298095703125
-0.2520751953125 0.329345703125 0.08831787109375 0.373046875
-0.4500732421875 -0.126678466796875 -0.11346435546875 0.402923583984375
-0.175567626953125 -0.486358642578125 -0.30792236328125 0.344818115234375
0.262420654296875 -0.504669189453125 -0.41619873046875 0.00512695312500001
0.206298828125 -0.3631591796875 0.52166748046875 -0.01947021484375
-0.09613037109375 -0.3160400390625 0.568115234375 -0.182861328125
-0.2664794921875 -0.0736846923828125 0.363922119140625 -0.523773193359375
-0.151519775390625 0.104248046875 -0.00756835937500003 -0.65289306640625
-0.00199890136718749 0.165023803710938 -0.302764892578125 -0.428985595703125
0.113914489746094 0.101295471191406 -0.363189697265625 -0.1741943359375
0.165863037109375 0.0303802490234375 -0.234756469726563 -0.0133209228515625
0.201690673828125 0.061737060546875 -0.131378173828125 0.00758361816406251
0.253402709960938 0.0482330322265625 -0.0243148803710937 0.0185871124267578
0.217697143554688 0.169464111328125 0.0313568115234375 0.0614967346191406
0.023040771484375 0.31976318359375 0.04547119140625 0.152084350585938
-0.284820556640625 0.24371337890625 0.0824127197265625 0.242568969726563
-0.370513916015625 -0.204681396484375 -0.0151977539062501 0.3568115234375
-0.082000732421875 -0.458831787109375 -0.256195068359375 0.339752197265625
0.26446533203125 -0.422760009765625 -0.30255126953125 -0.08258056640625
0.137847900390625 -0.232421875 0.61077880859375 -0.103759765625
-0.0462646484375 -0.212478637695312 0.5885009765625 -0.288818359375
-0.154571533203125 -0.0671844482421875 0.311767578125 -0.58746337890625
-0.0890579223632813 0.0349807739257812 -0.0813598632812501 -0.65985107421875
-0.0103378295898437 0.084869384765625 -0.33782958984375 -0.41656494140625
0.0596885681152344 0.0628318786621094 -0.38818359375 -0.16558837890625
0.102340698242188 0.0214157104492188 -0.272781372070313 -0.0106506347656249
0.133697509765625 0.043701171875 -0.1845703125 0.00906372070312498
0.174758911132812 0.0493011474609375 -0.110664367675781 0.0210113525390625
0.127799987792969 0.135711669921875 -0.0614547729492187 0.0281944274902344
-0.034881591796875 0.210494995117188 -0.00214004516601563 0.0625343322753906
-0.224029541015625 0.103317260742187 0.114151000976563 0.156585693359375
-0.19488525390625 -0.202789306640625 0.0509033203125 0.3807373046875
0.012969970703125 -0.3154296875 -0.248809814453125 0.34893798828125
0.205963134765625 -0.252410888671875 -0.205184936523438 -0.158538818359375
-0.0305557250976562 0.0739974975585938 0.217819213867188 0.257644653320313
-0.0193443298339844 0.0416183471679688 0.291168212890625 -0.280303955078125
0.0196609497070313 0.0788116455078125 -0.10357666015625 -0.375457763671875
0.0564613342285156 0.0208473205566406 -0.168502807617188 -0.138946533203125
0.0329170227050781 -0.0422782897949219 -0.0363082885742188 -0.0236473083496094
-0.0366249084472656 -0.0516891479492188 0.0555000305175781 -0.00389480590820313
-0.0446243286132813 -0.0224418640136719 0.132041931152344 -0.0158004760742188
-0.0372734069824219 -0.0142822265625 0.182037353515625 0.0059661865234375
-0.028961181640625 -0.013275146484375 0.290863037109375 0.02386474609375
-0.00940704345703125 -0.0125446319580078 0.3668212890625 0.14459228515625
-0.00732040405273438 -0.00870323181152344 0.383514404296875 0.327301025390625
0.0252513885498047 0.00031280517578125 0.2049560546875 0.5767822265625
0.0696449279785156 0.0574874877929688 -0.24114990234375 0.68115234375
-0.000122070312500009 0.087890625 -0.501678466796875 0.42681884765625
-0.0889511108398438 0.125541687011719 -0.68841552734375 0.175537109375
0.0757293701171875 -0.1539306640625 0.186386108398438 0.26824951171875
-0.0552520751953125 -0.19049072265625 0.2890625 -0.22943115234375
-0.185195922851563 -0.013916015625 -0.060089111328125 -0.351837158203125
-0.104461669921875 0.120376586914063 -0.128692626953125 -0.167282104492188
0.0249710083007813 0.129486083984375 -0.0512580871582031 -0.0527267456054688
0.0715408325195313 0.0328216552734375 0.0370025634765625 -0.0173187255859375
0.061553955078125 -0.0131568908691406 0.127326965332031 -0.0194625854492188
0.0547714233398437 0.00931549072265625 0.175750732421875 0.003509521484375
0.0563201904296875 -0.0039825439453125 0.292236328125 0.008880615234375
0.050201416015625 0.0184593200683594 0.37469482421875 0.115692138671875
0.0175666809082031 0.0514564514160156 0.402252197265625 0.302642822265625
-0.016876220703125 0.0669288635253906 0.24822998046875 0.5673828125
-0.0327339172363281 0.0431060791015625 -0.19158935546875 0.68798828125
-0.0625877380371094 -0.0283203125 -0.47735595703125 0.48040771484375
-0.00876235961914063 -0.0539131164550781 -0.70135498046875 0.2266845703125
0.16558837890625 -0.33880615234375 0.185928344726563 0.234054565429688
-0.098785400390625 -0.372283935546875 0.277603149414063 -0.160858154296875
-0.356414794921875 -0.0795288085937501 0.03363037109375 -0.302276611328125
-0.231033325195313 0.2010498046875 -0.0442352294921875 -0.238418579101563
0.016387939453125 0.264266967773438 -0.0748214721679688 -0.138191223144531
0.156570434570313 0.10504150390625 -0.0284614562988281 -0.0582466125488281
0.151931762695313 -0.0005035400390625 0.077423095703125 -0.0205078125
0.140205383300781 0.0297317504882812 0.142623901367187 0.0033416748046875
0.139701843261719 0.00038909912109375 0.27459716796875 -0.0088043212890625
0.118492126464844 0.0444564819335938 0.369903564453125 0.088592529296875
0.0578384399414063 0.117568969726562 0.40460205078125 0.287139892578125
-0.0529632568359375 0.149139404296875 0.268402099609375 0.55657958984375
-0.150634765625 0.03656005859375 -0.16424560546875 0.67169189453125
-0.13739013671875 -0.1514892578125 -0.443206787109375 0.49462890625
0.064056396484375 -0.235946655273438 -0.67462158203125 0.2384033203125
0.21929931640625 -0.452178955078125 0.222503662109375 0.178512573242187
-0.1475830078125 -0.4619140625 0.3065185546875 -0.09356689453125
-0.453582763671875 -0.08905029296875 0.16802978515625 -0.287109375
-0.281890869140625 0.25244140625 0.036285400390625 -0.356842041015625
0.020538330078125 0.328277587890625 -0.121688842773438 -0.249786376953125
0.202346801757813 0.143218994140625 -0.125541687011719 -0.104606628417969
0.208114624023438 0.0111236572265625 -0.00208950042724608 -0.0172481536865234
0.206024169921875 0.0444488525390625 0.0881576538085938 0.005218505859375
0.212799072265625 0.0012664794921875 0.235000610351563 -0.016876220703125
0.189666748046875 0.06976318359375 0.3363037109375 0.0728759765625
0.104736328125 0.194168090820313 0.36865234375 0.282135009765625
-0.091796875 0.244873046875 0.240570068359375 0.531158447265625
-0.2822265625 0.027191162109375 -0.15679931640625 0.6123046875
-0.207626342773437 -0.27618408203125 -0.40057373046875 0.461822509765625
0.129119873046875 -0.3931884765625 -0.60699462890625 0.2044677734375
0.238983154296875 -0.48675537109375 0.298553466796875 0.111419677734375
-0.171478271484375 -0.455108642578125 0.389251708984375 -0.074432373046875
-0.45166015625 -0.0697937011718751 0.2891845703125 -0.34454345703125
-0.260757446289063 0.246688842773438 0.058319091796875 -0.492828369140625
0.025360107421875 0.313262939453125 -0.19415283203125 -0.343048095703125
0.203964233398438 0.146163940429688 -0.229827880859375 -0.135879516601562
0.225006103515625 0.01910400390625 -0.0909271240234375 -0.0111465454101563
0.240402221679688 0.053253173828125 0.0179805755615235 0.00790596008300782
0.263626098632813 0.00665283203125 0.16796875 -0.0123748779296875
0.247421264648438 0.101837158203125 0.262847900390625 0.072540283203125
0.129852294921875 0.275070190429688 0.282196044921875 0.270233154296875
-0.15142822265625 0.326263427734375 0.17791748046875 0.466583251953125
-0.40118408203125 -0.0126647949218751 -0.138641357421875 0.50823974609375
-0.2412109375 -0.391937255859375 -0.34051513671875 0.404937744140625
0.184814453125 -0.496063232421875 -0.512176513671875 0.13226318359375
0.226531982421875 -0.45703125 0.402557373046875 0.03094482421875
-0.155181884765625 -0.391448974609375 0.4810791015625 -0.123870849609375
-0.3714599609375 -0.054107666015625 0.339874267578125 -0.44342041015625
-0.204849243164063 0.187042236328125 0.01654052734375 -0.5926513671875
0.019744873046875 0.245040893554688 -0.269989013671875 -0.389739990234375
0.1685791015625 0.125701904296875 -0.315093994140625 -0.147552490234375
0.2056884765625 0.022186279296875 -0.170928955078125 -0.00552368164062499
0.238555908203125 0.0547027587890625 -0.05755615234375 0.0109672546386719
0.2794189453125 0.016845703125 0.0771484375 0.00258636474609375
0.263580322265625 0.135330200195312 0.153488159179688 0.0719757080078125
0.108062744140625 0.328125 0.161849975585937 0.22906494140625
-0.22332763671875 0.34002685546875 0.1173095703125 0.3543701171875
-0.44964599609375 -0.0952453613281249 -0.078704833984375 0.39691162109375
-0.208160400390625 -0.462615966796875 -0.268951416015625 0.361602783203125
0.2237548828125 -0.513946533203125 -0.402069091796875 0.0407104492187499
0.1839599609375 -0.371917724609375 0.508148193359375 -0.0609130859375
-0.113555908203125 -0.301361083984375 0.54010009765625 -0.223114013671875
-0.263397216796875 -0.05340576171875 0.316558837890625 -0.534820556640625
-0.143783569335938 0.1077880859375 -0.05853271484375 -0.6346435546875
0.00596618652343749 0.159805297851563 -0.327392578125 -0.39581298828125
0.1162109375 0.0941390991210938 -0.365875244140625 -0.14569091796875
0.160690307617188 0.0201416015625 -0.23052978515625 -0.00219726562500002
0.201751708984375 0.04815673828125 -0.126960754394531 0.0160903930664063
0.249603271484375 0.0297088623046875 -0.0223617553710937 0.0196800231933594
0.222396850585938 0.149429321289063 0.0332756042480469 0.0584945678710938
0.043853759765625 0.312408447265625 0.0564117431640625 0.147613525390625
-0.261825561523438 0.261032104492187 0.101806640625 0.226058959960938
-0.378265380859375 -0.177734375 0.0165405273437499 0.3431396484375
-0.116363525390625 -0.4449462890625 -0.21795654296875 0.353973388671875
0.231903076171875 -0.43487548828125 -0.29473876953125 -0.0538024902343751
0.125076293945313 -0.239456176757813 0.5914306640625 -0.1514892578125
-0.059051513671875 -0.203399658203125 0.554229736328125 -0.32806396484375
-0.155120849609375 -0.054168701171875 0.26123046875 -0.59307861328125
-0.0874099731445313 0.0374603271484375 -0.12896728515625 -0.6357421875
-0.0062255859375 0.0824050903320313 -0.36151123046875 -0.3804931640625
0.0618667602539063 0.0601539611816406 -0.389678955078125 -0.137054443359375
0.098785400390625 0.0158233642578125 -0.267181396484375 0.00256347656250005
0.133796691894531 0.0342178344726563 -0.18035888671875 0.0199737548828125
0.173919677734375 0.0352783203125 -0.107490539550781 0.0287933349609375
0.132209777832031 0.123016357421875 -0.0598106384277344 0.032012939453125
-0.0204010009765625 0.209609985351562 0.00249099731445312 0.0625
-0.213790893554688 0.11737060546875 0.125228881835938 0.139015197753906
-0.206558227539063 -0.188400268554687 0.08526611328125 0.362091064453125
-0.01312255859375 -0.311492919921875 -0.209136962890625 0.363189697265625
0.186798095703125 -0.264068603515625 -0.20465087890625 -0.135406494140625
-0.0233535766601563 0.07220458984375 0.215911865234375 0.2318115234375
-0.0178413391113281 0.0440254211425781 0.257354736328125 -0.2896728515625
0.0242919921875 0.0759048461914063 -0.1240234375 -0.351806640625
0.0556678771972656 0.0178909301757813 -0.172103881835937 -0.1202392578125
0.0301132202148438 -0.0418777465820313 -0.0363845825195313 -0.0176658630371094
-0.0386390686035156 -0.0472450256347656 0.0550727844238281 -0.006195068359375
-0.0444412231445313 -0.01885986328125 0.128143310546875 -0.0209503173828125
-0.037109375 -0.0112152099609375 0.178573608398438 -0.000854492187500001
-0.0292739868164062 -0.0111579895019531 0.2835693359375 0.0103759765625
-0.00979518890380859 -0.0123662948608398 0.3592529296875 0.123870849609375
-0.00641870498657227 -0.00598049163818359 0.387115478515625 0.294952392578125
0.0243644714355469 0.00100517272949219 0.2315673828125 0.540802001953125
0.0716171264648437 0.0495376586914062 -0.19091796875 0.6666259765625
0.00173187255859376 0.0862274169921875 -0.465545654296875 0.439666748046875
-0.079315185546875 0.127685546875 -0.66217041015625 0.20703125
0.0684051513671875 -0.155303955078125 0.186111450195313 0.242385864257813
-0.06365966796875 -0.179244995117187 0.257827758789063 -0.241546630859375
-0.178237915039063 -0.00239562988281251 -0.0791015625 -0.331787109375
-0.0956802368164063 0.121864318847656 -0.134689331054688 -0.150238037109375
0.03131103515625 0.125381469726563 -0.0528984069824219 -0.0445022583007812
0.0694541931152344 0.0294075012207031 0.0351028442382813 -0.0184459686279297
0.0581283569335938 -0.015350341796875 0.122703552246094 -0.0249862670898437
0.0536575317382813 0.00809097290039063 0.17236328125 -0.003692626953125
0.0528297424316406 -0.00509262084960938 0.283447265625 -0.004302978515625
0.0475234985351563 0.0154151916503906 0.365631103515625 0.095947265625
0.01837158203125 0.0508460998535156 0.403411865234375 0.270904541015625
-0.0141563415527344 0.0662918090820313 0.274078369140625 0.528717041015625
-0.0273017883300781 0.0385055541992188 -0.14337158203125 0.670654296875
-0.0632209777832031 -0.0237579345703125 -0.43634033203125 0.490325927734375
-0.00913619995117187 -0.050506591796875 -0.67303466796875 0.25775146484375
0.146392822265625 -0.33966064453125 0.182785034179687 0.209457397460937
-0.114410400390625 -0.355255126953125 0.249801635742188 -0.173736572265625
-0.347015380859375 -0.05767822265625 0.014892578125 -0.2884521484375
-0.213409423828125 0.20513916015625 -0.056365966796875 -0.223358154296875
0.0293426513671875 0.255783081054688 -0.0809478759765625 -0.126930236816406
0.1546630859375 0.094635009765625 -0.0301437377929687 -0.054290771484375
0.144729614257813 -0.00714111328125 0.0739364624023438 -0.0239791870117187
0.137580871582031 0.02392578125 0.14013671875 -0.00217437744140625
0.132522583007813 -0.00482177734375 0.265945434570313 -0.02105712890625
0.112457275390625 0.0367813110351563 0.359100341796875 0.067901611328125
0.0588455200195312 0.111503601074219 0.404296875 0.2547607421875
-0.0452117919921875 0.146392822265625 0.289764404296875 0.516876220703125
-0.141677856445313 0.0373992919921875 -0.11822509765625 0.65399169921875
-0.140449523925781 -0.138908386230469 -0.4019775390625 0.50341796875
0.05401611328125 -0.232315063476563 -0.6427001953125 0.26953125
0.194183349609375 -0.450836181640625 0.216033935546875 0.154281616210938
-0.165771484375 -0.43682861328125 0.282623291015625 -0.109649658203125
-0.440277099609375 -0.0612792968749999 0.146087646484375 -0.2813720703125
-0.2603759765625 0.256912231445313 0.014373779296875 -0.3426513671875
0.036041259765625 0.316497802734375 -0.132919311523438 -0.232269287109375
0.20050048828125 0.129257202148438 -0.127426147460938 -0.0940475463867187
0.198684692382812 0.0020904541015625 -0.00366783142089843 -0.0173711776733398
0.20159912109375 0.0347747802734375 0.0869903564453125 0.0013275146484375
0.202774047851563 -0.006988525390625 0.226638793945313 -0.0284881591796875
0.182342529296875 0.0576934814453125 0.326080322265625 0.0533447265625
0.107498168945312 0.181930541992188 0.37261962890625 0.251983642578125
-0.077606201171875 0.239730834960938 0.264892578125 0.495452880859375
-0.269561767578125 0.035400390625 -0.1156005859375 0.5943603515625
-0.214874267578125 -0.255661010742188 -0.3599853515625 0.4696044921875
0.10986328125 -0.38812255859375 -0.57598876953125 0.2322998046875
0.21221923828125 -0.485870361328125 0.28790283203125 0.0869140625
-0.184783935546875 -0.430816650390625 0.365509033203125 -0.093231201171875
-0.434906005859375 -0.043731689453125 0.260284423828125 -0.34332275390625
-0.242111206054688 0.248764038085938 0.028533935546875 -0.475860595703125
0.038330078125 0.300262451171875 -0.207366943359375 -0.31805419921875
0.201309204101562 0.132705688476563 -0.229751586914062 -0.1197509765625
0.215347290039063 0.009796142578125 -0.0891799926757812 -0.00751495361328124
0.236648559570313 0.0418853759765625 0.0193881988525391 0.00623893737792969
0.252975463867188 -0.0055694580078125 0.162033081054688 -0.021881103515625
0.239578247070313 0.085357666015625 0.255294799804688 0.0562896728515625
0.13702392578125 0.259292602539063 0.28839111328125 0.24676513671875
-0.130462646484375 0.321624755859375 0.200775146484375 0.4364013671875
-0.38702392578125 0.00366210937499993 -0.10540771484375 0.491912841796875
-0.254302978515625 -0.366607666015625 -0.303192138671875 0.4102783203125
0.15753173828125 -0.491180419921875 -0.48492431640625 0.157012939453125
0.201019287109375 -0.456268310546875 0.3857421875 0.00473022460937497
-0.16650390625 -0.36932373046875 0.454986572265625 -0.1458740234375
-0.35687255859375 -0.0347900390625001 0.303131103515625 -0.44305419921875
-0.191360473632813 0.186508178710938 -0.017822265625 -0.57012939453125
0.028045654296875 0.234786987304688 -0.281890869140625 -0.360809326171875
0.16668701171875 0.1151123046875 -0.311309814453125 -0.126953125
0.1966552734375 0.0135955810546875 -0.16650390625 -0.00027465820312501
0.23455810546875 0.042999267578125 -0.0540351867675781 0.0125312805175781
0.268905639648438 0.0030059814453125 0.0753860473632813 -0.00243377685546875
0.257461547851563 0.116592407226563 0.1502685546875 0.062652587890625
0.119476318359375 0.312164306640625 0.17034912109375 0.213714599609375
-0.2001953125 0.340301513671875 0.13604736328125 0.330780029296875
-0.440673828125 -0.0724792480468751 -0.052520751953125 0.3817138671875
-0.227203369140625 -0.43798828125 -0.23394775390625 0.364471435546875
0.19378662109375 -0.51263427734375 -0.381072998046875 0.063751220703125
0.165191650390625 -0.37158203125 0.48663330078125 -0.08978271484375
-0.1220703125 -0.283599853515625 0.508758544921875 -0.244964599609375
-0.253067016601563 -0.0387420654296875 0.275787353515625 -0.52960205078125
-0.137077331542969 0.107376098632813 -0.092529296875 -0.6051025390625
0.01019287109375 0.152801513671875 -0.336212158203125 -0.36260986328125
0.115547180175781 0.087615966796875 -0.361053466796875 -0.123382568359375
0.152740478515625 0.014007568359375 -0.22406005859375 0.00535583496093748
0.197616577148438 0.038482666015625 -0.121734619140625 0.0198745727539063
0.240997314453125 0.016082763671875 -0.0205574035644531 0.0197677612304688
0.219146728515625 0.132400512695313 0.0339698791503906 0.0554161071777344
0.056671142578125 0.300140380859375 0.0632781982421875 0.141647338867188
-0.241012573242188 0.265350341796875 0.112152099609375 0.207229614257813
-0.377105712890625 -0.155303955078125 0.036651611328125 0.32373046875
-0.13787841796875 -0.424957275390625 -0.183441162109375 0.355682373046875
0.205902099609375 -0.4373779296875 -0.279830932617188 -0.0330352783203125
0.11431884765625 -0.24188232421875 0.5643310546875 -0.17919921875
-0.0656585693359375 -0.192398071289062 0.5172119140625 -0.3472900390625
-0.150054931640625 -0.0446319580078125 0.218994140625 -0.58441162109375
-0.085357666015625 0.0369110107421875 -0.16143798828125 -0.600341796875
-0.00473022460937499 0.0790176391601563 -0.3670654296875 -0.34661865234375
0.0621414184570313 0.0574493408203125 -0.3814697265625 -0.11468505859375
0.0930099487304687 0.0119476318359375 -0.26019287109375 0.010284423828125
0.130966186523438 0.0269927978515625 -0.173309326171875 0.0269622802734375
0.1689453125 0.0251617431640625 -0.102470397949219 0.0325469970703125
0.131950378417969 0.11212158203125 -0.0584259033203125 0.0348243713378906
-0.010498046875 0.205093383789063 0.00540542602539063 0.0606307983398438
-0.2012939453125 0.124862670898438 0.130256652832031 0.1209716796875
-0.211715698242188 -0.174346923828125 0.10711669921875 0.337554931640625
-0.032257080078125 -0.302215576171875 -0.17242431640625 0.363677978515625
0.170440673828125 -0.267440795898438 -0.195602416992188 -0.117294311523438
-0.0195732116699219 0.0695724487304688 0.208892822265625 0.21356201171875
-0.0166511535644531 0.0458450317382813 0.2298583984375 -0.293487548828125
0.02764892578125 0.07415771484375 -0.135406494140625 -0.333251953125
0.0554161071777344 0.0155105590820312 -0.17169189453125 -0.105072021484375
0.0294761657714844 -0.0412368774414063 -0.0353622436523438 -0.0131187438964844
-0.0387306213378906 -0.0444679260253906 0.0548782348632813 -0.00867080688476563
-0.0449028015136719 -0.0180511474609375 0.125419616699219 -0.0239105224609375
-0.0362548828125 -0.00897598266601563 0.17657470703125 -0.004547119140625
-0.0290298461914063 -0.009429931640625 0.2767333984375 0.004180908203125
-0.010350227355957 -0.0116977691650391 0.351409912109375 0.11224365234375
-0.00498104095458984 -0.00366783142089844 0.38336181640625 0.274200439453125
0.0248775482177734 0.00176239013671875 0.244903564453125 0.51251220703125
0.0711593627929687 0.0430984497070312 -0.15814208984375 0.6495361328125
0.0022125244140625 0.0851287841796875 -0.43853759765625 0.444183349609375
-0.072845458984375 0.127716064453125 -0.64312744140625 0.224853515625
0.0638580322265625 -0.156234741210938 0.17864990234375 0.225051879882813
-0.0688323974609375 -0.17144775390625 0.232177734375 -0.247451782226563
-0.172210693359375 0.00303649902343748 -0.0911865234375001 -0.315673828125
-0.0898284912109375 0.121330261230469 -0.136726379394531 -0.135910034179688
0.0354080200195313 0.121795654296875 -0.0530014038085938 -0.0381202697753906
0.0679092407226563 0.0269432067871094 0.0347938537597656 -0.0187168121337891
0.0541648864746094 -0.0163650512695313 0.119331359863281 -0.0279312133789063
0.0528182983398438 0.00690841674804688 0.170761108398438 -0.006988525390625
0.0510406494140625 -0.00524139404296875 0.276565551757813 -0.0108642578125
0.0446510314941406 0.0139274597167969 0.35552978515625 0.0843505859375
0.01849365234375 0.0505409240722656 0.399688720703125 0.24981689453125
-0.0118904113769531 0.0659370422363281 0.285980224609375 0.49981689453125
-0.0245590209960938 0.0340385437011719 -0.11260986328125 0.652587890625
-0.06256103515625 -0.0202369689941406 -0.408477783203125 0.494140625
-0.0080718994140625 -0.0493659973144531 -0.65045166015625 0.276123046875
0.133880615234375 -0.338836669921875 0.174728393554688 0.193679809570312
-0.122833251953125 -0.340545654296875 0.22747802734375 -0.180694580078125
-0.33740234375 -0.0447998046875 0.00227355957031246 -0.277572631835938
-0.202590942382813 0.206344604492188 -0.0637054443359375 -0.211166381835937
0.0368499755859375 0.248687744140625 -0.0840911865234375 -0.117378234863281
0.15203857421875 0.0882415771484375 -0.032012939453125 -0.0512351989746094
0.137908935546875 -0.0101547241210938 0.0707778930664063 -0.0258102416992187
0.135047912597656 0.020416259765625 0.138710021972656 -0.00550079345703125
0.127639770507813 -0.00676727294921875 0.258407592773438 -0.027191162109375
0.10699462890625 0.0331954956054688 0.348114013671875 0.05621337890625
0.0589675903320312 0.107978820800781 0.40228271484375 0.23388671875
-0.0406341552734375 0.14288330078125 0.302734375 0.48797607421875
-0.13580322265625 0.0355300903320312 -0.08990478515625 0.63446044921875
-0.141082763671875 -0.129486083984375 -0.37200927734375 0.504425048828125
0.049560546875 -0.229415893554688 -0.61956787109375 0.28619384765625
0.177642822265625 -0.449127197265625 0.20623779296875 0.138534545898437
-0.174591064453125 -0.420074462890625 0.262939453125 -0.117752075195313
-0.42779541015625 -0.0465393066406251 0.131805419921875 -0.27410888671875
-0.247467041015625 0.256149291992187 0.00222778320312496 -0.330657958984375
0.044403076171875 0.3070068359375 -0.138656616210938 -0.219024658203125
0.197311401367188 0.120819091796875 -0.128280639648437 -0.0868301391601563
0.19012451171875 -0.0018463134765625 -0.00443077087402342 -0.0173416137695313
0.197830200195313 0.029327392578125 0.0863037109375 -0.001312255859375
0.195144653320312 -0.0115203857421875 0.219528198242188 -0.0348968505859375
0.174026489257812 0.051177978515625 0.315582275390625 0.04345703125
0.10723876953125 0.174148559570313 0.37103271484375 0.231201171875
-0.069915771484375 0.235137939453125 0.276824951171875 0.466583251953125
-0.26116943359375 0.0374603271484375 -0.09100341796875 0.577392578125
-0.216995239257813 -0.241165161132812 -0.33074951171875 0.47119140625
0.098785400390625 -0.384368896484375 -0.55401611328125 0.24774169921875
0.196624755859375 -0.4840087890625 0.275283813476563 0.0721282958984375
-0.1912841796875 -0.411773681640625 0.34527587890625 -0.10357666015625
-0.421417236328125 -0.0307617187499999 0.242095947265625 -0.339447021484375
-0.230133056640625 0.246063232421875 0.01080322265625 -0.461456298828125
0.045013427734375 0.290679931640625 -0.2137451171875 -0.3004150390625
0.19708251953125 0.123947143554688 -0.228363037109375 -0.10797119140625
0.206192016601563 0.0056304931640625 -0.0885009765625 -0.00657653808593751
0.231964111328125 0.0348663330078125 0.020132064819336 0.00522994995117188
0.243194580078125 -0.01141357421875 0.156661987304688 -0.026702880859375
0.23028564453125 0.0757293701171875 0.247940063476563 0.047149658203125
0.139236450195312 0.248260498046875 0.290618896484375 0.230743408203125
-0.118408203125 0.31585693359375 0.212615966796875 0.412384033203125
-0.37689208984375 0.0117492675781251 -0.0850524902343751 0.478668212890625
-0.25885009765625 -0.347381591796875 -0.276031494140625 0.410614013671875
0.14337158203125 -0.485748291015625 -0.463287353515625 0.173065185546875
0.18695068359375 -0.4537353515625 0.37054443359375 -0.00976562500000003
-0.169158935546875 -0.352630615234375 0.433441162109375 -0.15777587890625
-0.344940185546875 -0.0245056152343749 0.2791748046875 -0.438018798828125
-0.18328857421875 0.184585571289063 -0.037261962890625 -0.54974365234375
0.030914306640625 0.22540283203125 -0.28704833984375 -0.33868408203125
0.16302490234375 0.108489990234375 -0.30780029296875 -0.113494873046875
0.187942504882813 0.0103912353515625 -0.163528442382813 0.00253295898437503
0.229232788085938 0.035308837890625 -0.0512962341308594 0.012237548828125
0.259918212890625 -0.003997802734375 0.0730438232421875 -0.005462646484375
0.249725341796875 0.10528564453125 0.146743774414063 0.05682373046875
0.12396240234375 0.30023193359375 0.174728393554688 0.203369140625
-0.184112548828125 0.337249755859375 0.144805908203125 0.311126708984375
-0.433013916015625 -0.0598449707031249 -0.036651611328125 0.36639404296875
-0.236724853515625 -0.41864013671875 -0.206573486328125 0.36236572265625
0.177276611328125 -0.5089111328125 -0.362823486328125 0.0770263671875
0.15423583984375 -0.371185302734375 0.468292236328125 -0.1051025390625
-0.124160766601562 -0.271453857421875 0.48480224609375 -0.25640869140625
-0.24420166015625 -0.031829833984375 0.251220703125 -0.522308349609375
-0.133438110351563 0.105133056640625 -0.1112060546875 -0.58148193359375
0.0111846923828125 0.147293090820313 -0.339447021484375 -0.339080810546875
0.112876892089844 0.0836639404296875 -0.3548583984375 -0.1094970703125
0.145980834960938 0.0113372802734375 -0.219497680664063 0.0081939697265625
0.193649291992188 0.031646728515625 -0.118339538574219 0.0211105346679687
0.233673095703125 0.008087158203125 -0.0193958282470703 0.0183887481689453
0.214462280273438 0.1220703125 0.0335502624511719 0.0536422729492188
0.06390380859375 0.291229248046875 0.0675048828125 0.136619567871094
-0.227432250976563 0.265640258789062 0.117568969726562 0.1910400390625
-0.37481689453125 -0.142059326171875 0.0489501953125 0.306854248046875
-0.151092529296875 -0.40838623046875 -0.15509033203125 0.35174560546875
0.189361572265625 -0.435760498046875 -0.266708374023438 -0.0204925537109376
0.107391357421875 -0.243209838867188 0.541748046875 -0.1959228515625
-0.0688018798828125 -0.183746337890625 0.490997314453125 -0.3565673828125
-0.144882202148438 -0.03900146484375 0.18975830078125 -0.57159423828125
-0.0859146118164063 0.0363693237304688 -0.1759033203125 -0.5743408203125
-0.00485992431640625 0.0757827758789063 -0.368377685546875 -0.323089599609375
0.0616874694824219 0.0557136535644531 -0.375335693359375 -0.10321044921875
0.08831787109375 0.0097503662109375 -0.255661010742187 0.0137786865234375
0.128059387207031 0.0223159790039063 -0.168594360351563 0.0296783447265625
0.164138793945313 0.0181884765625 -0.0988922119140625 0.0341949462890625
0.129898071289063 0.105239868164063 -0.0570640563964844 0.0361671447753906
-0.00437927246093748 0.200942993164062 0.007843017578125 0.0593757629394531
-0.193679809570313 0.128021240234375 0.130973815917969 0.106170654296875
-0.214752197265625 -0.165725708007813 0.119842529296875 0.318115234375
-0.043914794921875 -0.29229736328125 -0.14501953125 0.361480712890625
0.1602783203125 -0.269577026367188 -0.18597412109375 -0.105010986328125
-0.0171661376953125 0.0680389404296875 0.203109741210938 0.204025268554688
-0.016571044921875 0.0478515625 0.208953857421875 -0.2977294921875
0.0308456420898438 0.07354736328125 -0.14617919921875 -0.321990966796875
0.0565605163574219 0.014801025390625 -0.172348022460938 -0.092559814453125
0.029815673828125 -0.0419197082519531 -0.0333385467529297 -0.00974464416503907
-0.0401878356933594 -0.0430717468261719 0.0550460815429688 -0.0109939575195313
-0.0456314086914063 -0.0172691345214844 0.125511169433594 -0.0270156860351563
-0.0358238220214844 -0.00804519653320312 0.1790771484375 -0.0069122314453125
-0.0290126800537109 -0.00822639465332031 0.275650024414063 -5.03704758075324E-19
-0.0108842849731445 -0.0117712020874023 0.34906005859375 0.106170654296875
-0.00354433059692383 -0.0022585391998291 0.386993408203125 0.261810302734375
0.0255699157714844 0.00243759155273438 0.257843017578125 0.495391845703125
0.070831298828125 0.0384750366210938 -0.133544921875 0.6427001953125
0.00282287597656249 0.0859451293945313 -0.42254638671875 0.452484130859375
-0.0683975219726563 0.129371643066406 -0.63824462890625 0.24114990234375
0.059967041015625 -0.159561157226563 0.17340087890625 0.214935302734375
-0.0725860595703125 -0.167282104492188 0.212799072265625 -0.253463745117188
-0.170547485351563 0.008056640625 -0.102142333984375 -0.305633544921875
-0.0863189697265625 0.122871398925781 -0.139091491699219 -0.124664306640625
0.0393142700195313 0.119499206542969 -0.05267333984375 -0.0332565307617187
0.0674209594726563 0.0250663757324219 0.0340614318847656 -0.0203895568847656
0.0512351989746094 -0.0176925659179688 0.118560791015625 -0.0305099487304688
0.0528640747070312 0.00646591186523437 0.171661376953125 -0.009429931640625
0.049835205078125 -0.00464248657226563 0.2752685546875 -0.0154571533203125
0.04254150390625 0.0136260986328125 0.352752685546875 0.078704833984375
0.0195541381835938 0.0510826110839844 0.40185546875 0.23602294921875
-0.01025390625 0.0654144287109375 0.298828125 0.48046875
-0.0235214233398438 0.0294170379638672 -0.09014892578125 0.64422607421875
-0.0635566711425781 -0.0166358947753906 -0.39019775390625 0.502593994140625
-0.00592803955078125 -0.0501632690429688 -0.64337158203125 0.29425048828125
0.126190185546875 -0.342803955078125 0.168258666992188 0.1842041015625
-0.13031005859375 -0.334869384765625 0.2100830078125 -0.18572998046875
-0.334564208984375 -0.0364685058593751 -0.00753784179687505 -0.270706176757812
-0.196563720703125 0.209442138671875 -0.0685272216796875 -0.20257568359375
0.044281005859375 0.245574951171875 -0.08636474609375 -0.110862731933594
0.151779174804688 0.0839080810546875 -0.0342140197753906 -0.0499649047851563
0.133407592773438 -0.0116806030273437 0.0690383911132813 -0.0274925231933594
0.135055541992188 0.0182037353515625 0.139778137207031 -0.0082550048828125
0.125267028808594 -0.00772857666015625 0.255691528320312 -0.0319366455078125
0.103248596191406 0.032135009765625 0.343994140625 0.0499267578125
0.0584793090820312 0.106101989746094 0.40496826171875 0.2205810546875
-0.038665771484375 0.141983032226563 0.31451416015625 0.468475341796875
-0.133987426757812 0.0330657958984375 -0.06951904296875 0.6265869140625
-0.142532348632813 -0.123855590820312 -0.3536376953125 0.512542724609375
0.0477752685546875 -0.231491088867188 -0.60931396484375 0.30157470703125
0.168212890625 -0.45257568359375 0.1982421875 0.1297607421875
-0.1815185546875 -0.41107177734375 0.24835205078125 -0.123992919921875
-0.42169189453125 -0.0379028320312501 0.12286376953125 -0.271957397460938
-0.24139404296875 0.258132934570312 -0.00656127929687499 -0.324676513671875
0.051422119140625 0.3028564453125 -0.144363403320312 -0.210693359375
0.195816040039063 0.115493774414063 -0.131309509277344 -0.0817794799804687
0.18505859375 -0.004119873046875 -0.00614643096923827 -0.0175437927246094
0.197219848632813 0.02606201171875 0.0868682861328125 -0.00353240966796875
0.1907958984375 -0.0136871337890625 0.216751098632813 -0.040130615234375
0.169204711914062 0.0485687255859375 0.312042236328125 0.03656005859375
0.107513427734375 0.170196533203125 0.374053955078125 0.2181396484375
-0.0653076171875 0.233016967773438 0.289215087890625 0.448577880859375
-0.258132934570313 0.038421630859375 -0.0743408203125 0.57080078125
-0.220367431640625 -0.232269287109375 -0.3126220703125 0.4765625
0.093109130859375 -0.38824462890625 -0.542388916015625 0.2637939453125
0.186248779296875 -0.486541748046875 0.267227172851563 0.0626678466796875
-0.196441650390625 -0.40264892578125 0.332855224609375 -0.1119384765625
-0.414825439453125 -0.0226745605468751 0.231048583984375 -0.34173583984375
-0.2254638671875 0.246841430664063 -0.00115966796875002 -0.454132080078125
0.048828125 0.285614013671875 -0.22100830078125 -0.28997802734375
0.195419311523438 0.119216918945313 -0.23175048828125 -0.100234985351562
0.20025634765625 0.003662109375 -0.0891265869140625 -0.00547027587890627
0.230728149414063 0.0305023193359375 0.0205039978027344 0.00345420837402344
0.238235473632813 -0.0156402587890625 0.15478515625 -0.0310516357421875
0.225189208984375 0.0706024169921875 0.245468139648438 0.0421905517578125
0.141647338867188 0.24261474609375 0.2957763671875 0.220703125
-0.110870361328125 0.315643310546875 0.22222900390625 0.396942138671875
-0.374725341796875 0.0167236328125001 -0.0718383789062501 0.4713134765625
-0.266082763671875 -0.33795166015625 -0.255950927734375 0.41412353515625
0.13458251953125 -0.491241455078125 -0.452911376953125 0.185333251953125
0.17913818359375 -0.456085205078125 0.362152099609375 -0.02117919921875
-0.1727294921875 -0.344635009765625 0.42303466796875 -0.167816162109375
-0.339569091796875 -0.01953125 0.267303466796875 -0.438751220703125
-0.180816650390625 0.183914184570313 -0.05169677734375 -0.540283203125
0.0334625244140625 0.221527099609375 -0.294189453125 -0.326080322265625
0.161407470703125 0.105758666992188 -0.309417724609375 -0.103485107421875
0.183135986328125 0.0098876953125 -0.163558959960938 0.00428771972656247
0.22833251953125 0.0312957763671875 -0.0507621765136719 0.0119209289550781
0.255111694335938 -0.009185791015625 0.0716171264648438 -0.009002685546875
0.245986938476563 0.099700927734375 0.144805908203125 0.053802490234375
0.129241943359375 0.29583740234375 0.18035888671875 0.1971435546875
-0.17645263671875 0.33819580078125 0.152496337890625 0.29852294921875
-0.432098388671875 -0.051788330078125 -0.0273132324218751 0.359649658203125
-0.245880126953125 -0.407440185546875 -0.187713623046875 0.3641357421875
0.16802978515625 -0.5159912109375 -0.35308837890625 0.0869140625
0.14764404296875 -0.375030517578125 0.45843505859375 -0.11688232421875
-0.125534057617187 -0.265289306640625 0.47186279296875 -0.268890380859375
-0.2398681640625 -0.0282287597656249 0.23345947265625 -0.522247314453125
-0.133583068847656 0.104248046875 -0.123779296875 -0.5682373046875
0.0110321044921875 0.144332885742188 -0.34515380859375 -0.324462890625
0.112251281738281 0.0816574096679688 -0.355194091796875 -0.100494384765625
0.142166137695313 0.0113525390625 -0.220550537109375 0.0100250244140625
0.192794799804688 0.0275115966796875 -0.116363525390625 0.022125244140625
0.230117797851563 0.0027008056640625 -0.0188827514648437 0.0176315307617188
0.212417602539063 0.116851806640625 0.0325927734375 0.0539665222167969
0.06976318359375 0.288238525390625 0.0715866088867188 0.133560180664063
-0.220870971679687 0.2694091796875 0.120986938476562 0.179916381835938
-0.3790283203125 -0.1331787109375 0.0579833984375 0.29608154296875
-0.16156005859375 -0.401885986328125 -0.133544921875 0.353607177734375
0.181671142578125 -0.441558837890625 -0.256942749023438 -0.0121612548828126
0.103485107421875 -0.247467041015625 0.532745361328125 -0.2080078125
-0.070037841796875 -0.178695678710938 0.47705078125 -0.36761474609375
-0.14178466796875 -0.036376953125 0.17266845703125 -0.56695556640625
-0.0868072509765625 0.036468505859375 -0.190460205078125 -0.559173583984375
-0.00556182861328126 0.0745620727539063 -0.373199462890625 -0.308746337890625
0.0617904663085938 0.054473876953125 -0.37554931640625 -0.0943603515624999
0.0853195190429688 0.0105056762695313 -0.2557373046875 0.014678955078125
0.127128601074219 0.0192489624023438 -0.166854858398438 0.0315093994140625
0.161819458007813 0.0137481689453125 -0.0980148315429688 0.0356826782226562
0.129486083984375 0.101699829101563 -0.0576095581054687 0.0390739440917969
0.000320434570312507 0.201126098632812 0.00934600830078125 0.0585517883300781
-0.191070556640625 0.132156372070313 0.132186889648437 0.0951461791992188
-0.220748901367187 -0.161285400390625 0.1317138671875 0.305084228515625
-0.0533447265625 -0.288665771484375 -0.12255859375 0.36199951171875
0.154769897460937 -0.275619506835938 -0.178512573242187 -0.0993194580078125
-0.0152015686035156 0.0680198669433594 0.20318603515625 0.1959228515625
-0.0152053833007812 0.0512580871582031 0.18841552734375 -0.30841064453125
0.034515380859375 0.0733871459960938 -0.1629638671875 -0.312469482421875
0.0580558776855469 0.01300048828125 -0.175582885742187 -0.08056640625
0.02972412109375 -0.0447044372558594 -0.0320014953613281 -0.00590705871582032
-0.0416450500488281 -0.0417098999023437 0.0548095703125 -0.0154457092285156
-0.0486221313476563 -0.0160293579101562 0.1268310546875 -0.0324020385742188
-0.0368118286132812 -0.007476806640625 0.182586669921875 -0.012847900390625
-0.0291805267333984 -0.00755882263183594 0.279693603515625 -0.0072021484375
-0.0115041732788086 -0.0110855102539062 0.3555908203125 0.098968505859375
-0.00137722492218018 -0.000757813453674317 0.399261474609375 0.246734619140625
0.0267086029052734 0.0024871826171875 0.277099609375 0.482574462890625
0.0722274780273438 0.033721923828125 -0.10736083984375 0.64617919921875
0.00489044189453125 0.0881729125976563 -0.407623291015625 0.472900390625
-0.0632095336914063 0.132156372070313 -0.63861083984375 0.27001953125
0.054412841796875 -0.164306640625 0.173126220703125 0.208770751953125
-0.07989501953125 -0.164886474609375 0.193267822265625 -0.262557983398438
-0.1705322265625 0.0142364501953125 -0.11846923828125 -0.29937744140625
-0.08209228515625 0.127937316894531 -0.142990112304688 -0.115142822265625
0.0463104248046875 0.118385314941406 -0.0532798767089844 -0.0282669067382812
0.0682296752929687 0.0224609375 0.0319995880126953 -0.0221672058105469
0.048431396484375 -0.018096923828125 0.118171691894531 -0.03570556640625
0.0540008544921875 0.00498199462890625 0.175308227539063 -0.015472412109375
0.049713134765625 -0.00552749633789063 0.277450561523437 -0.023468017578125
0.0407257080078125 0.0138435363769531 0.35675048828125 0.069488525390625
0.0209274291992187 0.0518760681152344 0.412445068359375 0.220855712890625
-0.00934600830078125 0.0658988952636719 0.31878662109375 0.46435546875
-0.0237312316894531 0.0268287658691406 -0.0653076171875 0.6470947265625
-0.0639801025390625 -0.0130882263183594 -0.372222900390625 0.52197265625
-0.00602340698242188 -0.0521163940429688 -0.64154052734375 0.32318115234375
0.1153564453125 -0.35150146484375 0.166671752929688 0.17718505859375
-0.142852783203125 -0.331695556640625 0.19366455078125 -0.196563720703125
-0.337158203125 -0.024444580078125 -0.0211639404296875 -0.267929077148438
-0.192153930664063 0.217987060546875 -0.0760955810546875 -0.197494506835938
0.0542449951171875 0.245162963867187 -0.0912017822265625 -0.105484008789062
0.15362548828125 0.07928466796875 -0.0382804870605469 -0.047637939453125
0.130470275878906 -0.0141067504882813 0.0682373046875 -0.0304718017578125
0.136772155761719 0.0143051147460938 0.141937255859375 -0.012420654296875
0.124679565429688 -0.010162353515625 0.256011962890625 -0.040985107421875
0.101417541503906 0.0306549072265625 0.346771240234375 0.04095458984375
0.0607223510742188 0.106491088867188 0.4156494140625 0.2047119140625
-0.035125732421875 0.143203735351563 0.3343505859375 0.45208740234375
-0.134048461914063 0.03326416015625 -0.04595947265625 0.6290283203125
-0.146392822265625 -0.1181640625 -0.333770751953125 0.529815673828125
0.0421295166015625 -0.238677978515625 -0.6058349609375 0.3302001953125
0.15435791015625 -0.463836669921875 0.19573974609375 0.121810913085937
-0.1949462890625 -0.40692138671875 0.236038208007813 -0.134963989257813
-0.426483154296875 -0.02337646484375 0.110519409179688 -0.273956298828125
-0.236160278320312 0.268630981445313 -0.018798828125 -0.323211669921875
0.061920166015625 0.302642822265625 -0.153839111328125 -0.203567504882812
0.198379516601563 0.110427856445313 -0.137870788574219 -0.0761184692382812
0.1826171875 -0.006439208984375 -0.00779151916503905 -0.0182056427001953
0.199722290039062 0.020751953125 0.0883026123046875 -0.00672149658203125
0.190292358398437 -0.0179443359375 0.216339111328125 -0.0482177734375
0.167373657226563 0.044769287109375 0.31402587890625 0.0274658203125
0.111923217773438 0.169036865234375 0.385589599609375 0.2044677734375
-0.059173583984375 0.235855102539063 0.308837890625 0.433685302734375
-0.258392333984375 0.0433197021484375 -0.05316162109375 0.57470703125
-0.228744506835938 -0.223922729492188 -0.2923583984375 0.490936279296875
0.082794189453125 -0.398468017578125 -0.536346435546875 0.289031982421875
0.17254638671875 -0.49853515625 0.264053344726563 0.0526275634765625
-0.208221435546875 -0.398529052734375 0.324249267578125 -0.125213623046875
-0.416900634765625 -0.01031494140625 0.2176513671875 -0.348785400390625
-0.221115112304688 0.254241943359375 -0.019073486328125 -0.452850341796875
0.057281494140625 0.28448486328125 -0.235366821289063 -0.28076171875
0.197586059570313 0.114700317382813 -0.2379150390625 -0.0908660888671875
0.19854736328125 0.0011444091796875 -0.091400146484375 -0.00363922119140625
0.233139038085937 0.0239105224609375 0.0216217041015625 0.00161361694335938
0.23736572265625 -0.0210418701171875 0.153594970703125 -0.0388641357421875
0.225189208984375 0.0651702880859375 0.24725341796875 0.0350341796875
0.149368286132813 0.239349365234375 0.30865478515625 0.210296630859375
-0.10321044921875 0.32049560546875 0.238677978515625 0.384796142578125
-0.37744140625 0.0264587402343749 -0.054595947265625 0.474273681640625
-0.2784423828125 -0.327728271484375 -0.2349853515625 0.425537109375
0.120513916015625 -0.506591796875 -0.44659423828125 0.205902099609375
0.167327880859375 -0.468963623046875 0.359588623046875 -0.0338134765625
-0.181396484375 -0.3409423828125 0.41400146484375 -0.185791015625
-0.339599609375 -0.00994873046875005 0.24932861328125 -0.450469970703125
-0.180023193359375 0.189193725585938 -0.0726928710937501 -0.5382080078125
0.0370635986328125 0.220794677734375 -0.309844970703125 -0.314208984375
0.16290283203125 0.102279663085938 -0.3162841796875 -0.09228515625
0.181838989257812 0.007720947265625 -0.166412353515625 0.00842285156250002
0.231048583984375 0.024505615234375 -0.0505256652832031 0.01190185546875
0.253936767578125 -0.0162811279296875 0.0708465576171875 -0.01312255859375
0.2474365234375 0.092987060546875 0.147003173828125 0.049896240234375
0.1395263671875 0.293365478515625 0.19146728515625 0.19207763671875
-0.16778564453125 0.34686279296875 0.162628173828125 0.288909912109375
-0.43914794921875 -0.0383911132812499 -0.014251708984375 0.357666015625
-0.261962890625 -0.39971923828125 -0.16558837890625 0.37176513671875
0.15252685546875 -0.53179931640625 -0.34722900390625 0.10321044921875
0.138153076171875 -0.3856201171875 0.454833984375 -0.134765625
-0.1314697265625 -0.261947631835938 0.463409423828125 -0.289306640625
-0.23974609375 -0.023193359375 0.216094970703125 -0.5313720703125
-0.135444641113281 0.107391357421875 -0.1466064453125 -0.563232421875
0.012237548828125 0.144378662109375 -0.359954833984375 -0.310455322265625
0.113685607910156 0.0799102783203125 -0.361724853515625 -0.087646484375
0.140731811523437 0.010986328125 -0.224258422851562 0.01519775390625
0.194717407226563 0.02130126953125 -0.11688232421875 0.0244522094726563
0.229949951171875 -0.0050201416015625 -0.0193805694580078 0.0171680450439453
0.215301513671875 0.111251831054688 0.0339927673339844 0.054718017578125
0.080413818359375 0.28985595703125 0.0782546997070313 0.132713317871094
-0.214889526367188 0.27886962890625 0.12640380859375 0.169525146484375
-0.39013671875 -0.12274169921875 0.0709228515625 0.289825439453125
-0.178619384765625 -0.39654541015625 -0.109771728515625 0.359039306640625
0.1685791015625 -0.457733154296875 -0.25238037109375 -0.00227355957031252
0.0975189208984375 -0.255401611328125 0.527099609375 -0.23114013671875
-0.0735931396484375 -0.177078247070313 0.46392822265625 -0.389739990234375
-0.142257690429688 -0.0341644287109375 0.152099609375 -0.5758056640625
-0.0900650024414063 0.0383834838867188 -0.211395263671875 -0.549713134765625
-0.00601196289062499 0.0744552612304688 -0.386749267578125 -0.293426513671875
0.0637321472167969 0.0539360046386719 -0.381317138671875 -0.0828857421875001
0.0841064453125 0.0103836059570313 -0.2603759765625 0.0216522216796875
0.128311157226563 0.0152053833007813 -0.168380737304687 0.0353546142578125
0.161392211914063 0.00830078125 -0.0988388061523437 0.0391159057617188
0.132171630859375 0.0992050170898437 -0.0573768615722656 0.0425949096679688
0.006591796875 0.20440673828125 0.0117683410644531 0.0584869384765625
-0.190582275390625 0.139007568359375 0.135017395019531 0.0840072631835938
-0.23114013671875 -0.15692138671875 0.147735595703125 0.29571533203125
-0.06640625 -0.28729248046875 -0.0970458984375 0.36846923828125
0.14862060546875 -0.28851318359375 -0.17510986328125 -0.0936737060546875
0.0361448747936353 -0.0426463191323585 -0.0590293751003842 0.268708572683486
0.043442276653945 0.0124356518923187 0.369047816370482 -0.00186946021143972
0.0646491058173529 -0.0508662565718053 0.170952234113132 -0.324104775215854
-0.0141687702182357 -0.055934011371782 -0.0338628694808568 -0.17883863197013
-0.0525974825011093 0.011692842142299 -0.00807936094570869 -0.0230975971850003
-0.00963829904545461 0.060090377535937 0.0470627844451764 0.0360395459164389
0.00650746368969313 0.0549781577559036 0.0855068812121463 0.104015270123235
0.0058362101445285 0.0336659791043773 0.105987134295156 0.167163799712573
-0.00773161923067552 0.0233101877583556 0.127874461434456 0.255052684922702
-0.0223135370920751 0.0172534735577103 0.0884407017097173 0.348420783468475
-0.0178771249061733 -0.0145892180611104 -0.0249238963739043 0.488148419640647
-0.0302073248427035 -0.052285467627665 -0.294542972749121 0.495873851090607
-0.0126450774548092 -0.111742653755261 -0.582664931194745 0.282304902392247
0.0871524984352906 -0.0807834286344239 -0.615868729763899 -0.115073348902981
0.159420864998199 -0.0357987654529045 -0.586321205850828 -0.329578807036561
-0.184258594051022 0.0256742973906489 -0.0631428248540019 0.279051518253394
-0.0894642837330903 0.200575801714749 0.373378097491242 0.0412910206999248
0.135081658557567 0.153658172320688 0.219680921164272 -0.316827377477425
0.181971943651085 -0.0155276619424106 -0.000589411041297994 -0.22017276429613
0.0548807156100861 -0.119298171731786 -0.0263535345959484 -0.0571505377420104
-0.0281929287616573 -0.0629525928828791 0.0258739365365861 0.0250047870618441
-0.0457342060736209 -0.0295828951554125 0.072618193086639 0.103901181555274
-0.0428134989388093 -0.0390418687951677 0.0989636487048114 0.166661835971499
-0.052559826169795 -0.0433751077231578 0.135165001190668 0.251584770359938
-0.0345100477233151 -0.0381992883327143 0.104846632057729 0.336985149804914
0.00643630530570176 -0.0650032753031449 -0.00185296863421611 0.484653389140913
0.0444525442013152 -0.0592830374792784 -0.261725676101799 0.511747754959669
0.0486659512567159 -0.0434439048239149 -0.553997221434818 0.309130819923404
0.0501609768875313 0.0271746687208604 -0.627623200568942 -0.051665685156964
-0.0121422983513033 0.0100727055056967 -0.633776752682831 -0.278621182302441
-0.364632653053176 0.0809808111512773 -0.0213767576733905 0.279704250355619
-0.185109789434624 0.352999304614608 0.344962051094967 0.0878170632386681
0.192101251211162 0.315328464368566 0.271796673509619 -0.242408674369674
0.332688739582379 0.0215288417327701 0.0984177442259755 -0.242920193651993
0.145266208427399 -0.211822071545982 0.000879322769458917 -0.139153534757379
-0.0330387916195555 -0.160357494235868 0.00190330074677171 -0.0403712468642362
-0.0821748104492795 -0.10462963639968 0.0379314730745368 0.0653423296991044
-0.086923333232698 -0.10566878380328 0.0757974507369074 0.142452198897781
-0.0978305183079858 -0.103631604965642 0.136346193961526 0.230022020253783
-0.0579326104361404 -0.0939660795956411 0.117237145395832 0.315580473427525
0.0185801932037927 -0.129095599730366 0.00699097792577077 0.477205663940263
0.124967690807747 -0.0831276430709428 -0.246518313049738 0.507910210436969
0.130831713924122 0.0255327649181119 -0.522715784174608 0.305999027425432
0.0197461044113955 0.149443820987527 -0.599979015204278 -0.00797224781691514
-0.181100402455783 0.0671699570029321 -0.619058509968503 -0.227658545698718
-0.478949266392736 0.115522037776757 0.0533389281089878 0.287733490708132
-0.218777577809854 0.438240497271503 0.329082747521669 0.161148094877721
0.234213658115611 0.391765514597189 0.361599558012809 -0.145043425329443
0.403302559207479 0.0355394338078571 0.232523216408997 -0.275610463647582
0.188453232358776 -0.249753505926585 0.0449966820093267 -0.253882135767135
-0.0273084572354557 -0.209056096262384 -0.0267142660711421 -0.136237800944643
-0.0980382880161914 -0.154766129477179 -0.00897907456986305 0.00271566719846623
-0.119406418068438 -0.15475897664167 0.0397279025288513 0.0991478275204218
-0.139284856208844 -0.15299201088819 0.121853222754987 0.194543875320219
-0.0880137204341142 -0.153308838080234 0.104510333277481 0.286346135744253
0.0302216079670085 -0.207727817270054 -0.0173902893666706 0.449564542652667
0.220421008101923 -0.118545764808805 -0.250324880921733 0.460125179416779
0.227387445816304 0.103222071410563 -0.477154053609944 0.257387407342517
-0.0127523637007131 0.275719418129693 -0.531655227068123 0.0165713915490911
-0.327940397866045 0.120270351210018 -0.54904826264128 -0.183645515001702
-0.522408285400284 0.126254518330413 0.15403521584752 0.312680289527129
-0.214001969529809 0.442414911454634 0.367741482799666 0.247621890894753
0.231474805724383 0.385918248246625 0.488844536557846 -0.0848649853262479
0.383368374987212 0.0450315814989251 0.351675240086682 -0.339067445139011
0.190204591224312 -0.226370938733376 0.0700713726870208 -0.372185721041306
-0.0132166593422117 -0.208448241300394 -0.0608307927109903 -0.232308427652266
-0.0944986557504561 -0.175119044756891 -0.0564966042934248 -0.0702876390291719
-0.133687864027786 -0.182455908806921 -0.00216289866414036 0.0410096743197052
-0.165443777918355 -0.190203810119333 0.0822335354574109 0.14479834278971
-0.107047712819697 -0.212360706063927 0.0578186987598452 0.236330850823559
0.0591581953379247 -0.283581268169777 -0.0735603342390476 0.378546869431132
0.322671007807073 -0.133896073873576 -0.245872472258917 0.358115378759118
0.3014171831147 0.199028164075768 -0.387503902176424 0.190545764450312
-0.0607006920984472 0.377551129333772 -0.433477300077703 0.0394370592564657
-0.433069615080373 0.149689649129049 -0.435147796307548 -0.152584699028197
-0.506481224890208 0.127414556571035 0.279287445879524 0.342903723806172
-0.19364615667296 0.390462495982811 0.4579102938268 0.300431069270692
0.183623699988273 0.333296657401348 0.593246713518003 -0.0944426990347691
0.303574994801171 0.0652941151198201 0.411671375239329 -0.411088963014001
0.168030396301491 -0.161727165002673 0.0680356060689367 -0.461218003575304
0.00727397082774805 -0.173544352723499 -0.0905979309256987 -0.305529795372436
-0.075492053589276 -0.165154738010655 -0.0920377882856634 -0.138929959106969
-0.127122099091147 -0.182148613467343 -0.0469975154661231 -0.0241643967856445
-0.166115931479329 -0.207240633027949 0.021795814733553 0.080847579132431
-0.0959266468587381 -0.250332716416077 -0.00875263379632615 0.159650263165987
0.109750300444954 -0.312489696732726 -0.120395822979753 0.256974733085992
0.390452472769855 -0.0896337898586648 -0.191787559017266 0.228376416314472
0.301291719241777 0.294486118840192 -0.262140871189754 0.156432299237931
-0.126715221900152 0.413796859201411 -0.34772826298114 0.0813790584317357
-0.472113752317313 0.14355849557366 -0.298660790267997 -0.137020148413626
-0.432628034816416 0.118596877871557 0.41249517752062 0.35628863906113
-0.164366939447188 0.311119758224612 0.559691645330182 0.291847247384273
0.118710189802361 0.266335993674327 0.641078214843306 -0.146116551024583
0.209670739616819 0.0862876765974605 0.410192446886969 -0.467716857093096
0.136847628951233 -0.0876278950294836 0.0505448729308353 -0.5055265555119
0.0261491135665618 -0.122722084229707 -0.108707582094261 -0.348823114414109
-0.0478534003732155 -0.131351150278885 -0.114510041623305 -0.195114008374647
-0.101833844520103 -0.155457437962274 -0.0896065514891952 -0.0850527854586554
-0.136022588354537 -0.192671639125007 -0.0442577322030623 0.00745990875463698
-0.0554308892027257 -0.240862748127267 -0.0657147490058549 0.0621685395253113
0.152021102704105 -0.265186147078868 -0.118327366105673 0.117207818586568
0.365837706206351 -0.00138539574403853 -0.0897007652467128 0.13771843866101
0.203913231752881 0.325743669000357 -0.152877910636136 0.197305265393231
-0.178775311826632 0.351745372077662 -0.315985883797297 0.12898146770832
-0.427087524240066 0.102019556311843 -0.162363611345356 -0.137406779814172
-0.313907477230387 0.0956254113683866 0.523624358768708 0.346974307609549
-0.130211990693484 0.21959369959067 0.635089140484953 0.239970185734003
0.0588024540011194 0.194141221773413 0.638457321093965 -0.205262119990401
0.12450662859229 0.0945782549660388 0.377659825150017 -0.498669042079161
0.102321197285374 -0.0262492492361224 0.0304496534884692 -0.518759379105661
0.0392588226934441 -0.0686139535586017 -0.115497426389606 -0.370574100253795
-0.0170326139398845 -0.0816627510878513 -0.125920729683668 -0.233096567934572
-0.0596313391349947 -0.104810108655743 -0.122925681930524 -0.133953695198449
-0.0799629233160185 -0.141688903823086 -0.0937687387625743 -0.061982972420416
-0.00515787959943775 -0.170389261406731 -0.0898781698454629 -0.0274949093503867
0.143860332158787 -0.148616086787831 -0.068516166161388 0.0190177243587511
0.231219090321286 0.0708127887755178 0.00542952256010439 0.122198057071643
0.0616262979350087 0.245660063138898 -0.119959863916694 0.278822344004559
-0.165356066581495 0.202353226413834 -0.334246390588515 0.140627765261854
-0.28979186862712 0.0373015222390556 -0.0439420985182076 -0.15168690774842
0.0337382838075397 -0.0445467321092762 -0.0440908737107086 0.262310094126335
0.0476137016139586 0.00771758057995616 0.359141149054429 -0.0377379314855156
0.0610734650304276 -0.0575737167366838 0.139478656052006 -0.332139307061471
-0.0181739868554501 -0.0573026636630682 -0.049883040011842 -0.168726691703704
-0.0526553922482991 0.0163193253294213 -0.00935366866144497 -0.0185548412820935
-0.00468508453252143 0.0599678373844991 0.0476147708566519 0.0319484753547934
0.0123474707884097 0.0539858556082427 0.0922711625122425 0.0965052351700922
0.00814873980005956 0.0343360922998358 0.117972897526759 0.159234885931365
-0.00741405193539578 0.0234726493856417 0.143197092872249 0.246820097792578
-0.020220708203725 0.0181402449706543 0.108494775254641 0.342027858576169
-0.0198529808265588 -0.0151742157250389 0.0117210442351892 0.481837808369993
-0.0335911104916499 -0.050354796647066 -0.254025753965233 0.50697471105851
-0.0207995806804759 -0.107721141005804 -0.550838057205866 0.317542814858914
0.0819186198516086 -0.0869453532647018 -0.617081069925033 -0.0712280720536333
0.15459367834645 -0.0463144759343752 -0.609495757512604 -0.285934580474897
-0.180804491618792 0.0373218630554761 -0.0479020922549529 0.272895364574881
-0.0730912319764783 0.203485349925837 0.365020272371466 0.00400225719052288
0.144141253650529 0.140747825746016 0.188342777460271 -0.328904052159978
0.179654360261577 -0.0296148785699141 -0.0182340344966464 -0.213406887021014
0.0448923393099085 -0.121394029135354 -0.030896014149248 -0.0505876680229502
-0.0301057312057447 -0.0612049537730355 0.0242355428362982 0.0224438772958977
-0.0433292626649987 -0.0261877608142013 0.078983790436492 0.0962871408533857
-0.045212077448307 -0.0358797244672754 0.11072563061278 0.159693870050418
-0.0542904911568789 -0.040260121765069 0.14998257539719 0.241683826534256
-0.0340900716748003 -0.0355524765826132 0.124511204112571 0.327996062712705
0.0017781923678792 -0.0660172099829011 0.0343605323251949 0.477748420345238
0.0403013252823216 -0.0602037135993117 -0.218932462881893 0.519993574388565
0.0438565897021007 -0.0427801523854833 -0.521367249313705 0.343296597339215
0.0510587436879019 0.0213622843019466 -0.624132993427173 -0.0054475692728598
-0.0132877396144705 0.0111861234775992 -0.651127180437817 -0.232610333016838
-0.357663447813072 0.104969915568513 -0.00648358143579263 0.271656126156306
-0.158991546303252 0.361211379435275 0.340533650945259 0.0514497655498228
0.211644007934561 0.297673264530337 0.246481850102755 -0.258934536618632
0.333020382490831 -0.00156126682194977 0.0780766795256436 -0.244543787983455
0.128921888664098 -0.219658326074801 -0.0110013632457971 -0.135202951804763
-0.0404245440416026 -0.156446316400159 -0.00467449812054259 -0.0403127574331221
-0.0831526180975313 -0.0988507502329902 0.0413039662688674 0.0606963431856373
-0.0930182889440133 -0.0990533433634832 0.0857714839944715 0.137123084396085
-0.102176965406972 -0.097105537294436 0.149796099351061 0.21984118439155
-0.059647821799879 -0.0887204013922521 0.135173551788537 0.305496029204523
0.0114049269908987 -0.128955322380657 0.0441400910569762 0.469656353949844
0.119480189215425 -0.088358512318324 -0.204228847624285 0.515220343091389
0.129107268916779 0.0203780930689692 -0.4929961549692 0.340098657722183
0.0274883593931704 0.14440511633522 -0.592918145421804 0.0368109496689432
-0.178383577319023 0.0803518557154456 -0.632068986611176 -0.180844987653669
-0.468885821400556 0.145150826875219 0.0687704138931066 0.275626470153389
-0.18797173499174 0.446108581793138 0.329889417872565 0.127602044713791
0.257458695798324 0.370344781869338 0.343413028793246 -0.167527421952084
0.403452982032225 0.00894643668534877 0.210425894488501 -0.287796509019645
0.170960631184503 -0.258727347041157 0.0245517077470962 -0.252405336094757
-0.0383456622448937 -0.205472500900285 -0.0394435342479103 -0.13305489971156
-0.102182669372826 -0.148178669463594 -0.00979905168770821 0.000698432130934097
-0.127835307427352 -0.14698598594806 0.047191486367879 0.0963083794529215
-0.145744308929259 -0.144010188965681 0.133531052719884 0.184274030125151
-0.0927510575222279 -0.14558919528398 0.121003377349203 0.276084548153929
0.0180060317880974 -0.206595513769605 0.0159387141849002 0.443811518789933
0.211290934173502 -0.129420101776922 -0.211954485912641 0.46894749869648
0.2305563689827 0.0910447037479296 -0.45079233534196 0.288487371688791
0.00359428716460634 0.271216781280705 -0.521713042998809 0.0569677162532101
-0.321554905814825 0.143376464908814 -0.556850244867154 -0.141155221821553
-0.513370453415063 0.159267162403398 0.170993635911265 0.295086623926918
-0.183669766818369 0.449254879119502 0.374970200664525 0.21399839849883
0.251457923650835 0.366091052999331 0.474664292425049 -0.116837393715522
0.384423459098374 0.0219147160670973 0.324333444937984 -0.359025480759266
0.175073134998104 -0.235278019460051 0.0407286642983974 -0.371459398323819
-0.0231360482109732 -0.20548544771353 -0.0789893324078876 -0.224528431818552
-0.0994704480147312 -0.168732440912732 -0.0611689537524836 -0.0687402746966089
-0.143052144987926 -0.173030388899148 0.00143955187204991 0.0398177633163641
-0.174118692470569 -0.178763963133673 0.0918563706514693 0.136346556785835
-0.115033426035361 -0.202772804600869 0.072392326146113 0.229894128803936
0.0408242379897092 -0.283937251662632 -0.0428303967295167 0.380451567879976
0.312422363178988 -0.1510280196807 -0.215029708032665 0.366222059251858
0.311215144259493 0.18079097426263 -0.368783119329546 0.21444273660732
-0.0370557298340267 0.3765706197058 -0.421742964361524 0.0742455392029165
-0.424122773516801 0.181027538959096 -0.440050605338024 -0.116733460383947
-0.496551209228389 0.157003590354685 0.298589151436107 0.317899617195984
-0.169178854627805 0.395519197295983 0.471495023544804 0.261605830883915
0.201032935944975 0.31760782856073 0.578897863216314 -0.133497721686984
0.307061803582053 0.0480975616728448 0.377686604084638 -0.434772540793211
0.158894071795557 -0.168881497874448 0.0321296045638528 -0.459655425278137
-0.000694359639421743 -0.172982654991208 -0.113303489835018 -0.294863059378706
-0.0800147866430314 -0.160151195019285 -0.101533089487813 -0.135138882072019
-0.137080572993349 -0.173177905088419 -0.047265086883235 -0.0220446793444144
-0.176509275289428 -0.194624500612851 0.0274140449285697 0.076988510895047
-0.108059656430016 -0.241642933275957 0.00105311735510282 0.158570870315049
0.0883317935562663 -0.317456290256636 -0.0991294109955778 0.263281289867129
0.383317173766858 -0.113561153131757 -0.170956743779837 0.233695591859723
0.319360021926627 0.273639335319405 -0.244604446082552 0.171264809068418
-0.0989678591490295 0.416691263238988 -0.330211961723876 0.110909663087408
-0.464158984633458 0.178633056965872 -0.302434023841502 -0.110421428269176
-0.424140607470579 0.144702692082384 0.431259352641481 0.324992768032278
-0.146073131101464 0.314776539205195 0.574219715888893 0.249391943584007
0.131786429691207 0.255307171495198 0.621733132800528 -0.187986303917643
0.215830951685349 0.0755492734778177 0.372014584471214 -0.489591819634211
0.132965927712213 -0.0939806780576043 0.0109961623525213 -0.50065780745171
0.0205007703422161 -0.123640900109235 -0.132052871287668 -0.337247498702655
-0.051868355702099 -0.128799692987274 -0.126727053982126 -0.189700505253222
-0.109799983521459 -0.147676285674758 -0.0936449682582115 -0.080182406610226
-0.145588519915787 -0.182289185740495 -0.0435158898078006 0.00949631114548911
-0.0684025970975054 -0.234755303004866 -0.0620022344683853 0.0662171571134996
0.133264888835801 -0.27395430451255 -0.107917295810562 0.12480377921052
0.365175897003186 -0.0244090814245192 -0.0760633421045948 0.135865986297643
0.22532447807254 0.312988891140737 -0.132083566097972 0.204616027200437
-0.152704617788939 0.359163270158755 -0.294435615554985 0.156192504455595
-0.422424413661939 0.133966610077405 -0.166021544724714 -0.119756974060309
-0.307377623286801 0.115090837211431 0.542842729676329 0.309497261652009
-0.116801386492779 0.223534050118612 0.644510918101411 0.193016274280097
0.0684806525074916 0.18736857114436 0.614504493741364 -0.246168773506476
0.131158312354122 0.0877353905830928 0.337414479063071 -0.517555537217971
0.102040016366833 -0.0312006420765051 -0.00846112553441779 -0.512163231727881
0.035347677198546 -0.0708870071541553 -0.138462358369985 -0.357409293555345
-0.018647697862225 -0.0809020541348967 -0.139776187244682 -0.226910628006774
-0.0659573765364027 -0.0992495912934921 -0.12966144630977 -0.126149809284847
-0.0879691802547954 -0.13503234954614 -0.0978095179806977 -0.0557947371947552
-0.0146447169223927 -0.168542109505307 -0.0924854889804494 -0.0206126991669624
0.133447795880596 -0.15919117114296 -0.0657101353815624 0.0231974256890492
0.237553616930262 0.0572291987117086 0.0177598778877362 0.113736667634591
0.0780955776533684 0.24246619624844 -0.0909782982068534 0.283746061626045
-0.150369253966135 0.211045462638513 -0.310929767573097 0.171461236791591
-0.289875685384598 0.0590033016677794 -0.049387936500273 -0.142382974682443
0.0305446912802515 -0.0456853800870641 -0.0314428438807095 0.249231878580313
0.0491494249102757 0.00256806566360888 0.335308855053659 -0.0689881205820765
0.0556556311826345 -0.0623939231014063 0.107269499134241 -0.330689818250415
-0.021958525385908 -0.0571384556741009 -0.0611571780717286 -0.15458916521235
-0.051618477061519 0.0196192794334756 -0.00895474987410054 -0.0138775447339237
-0.000717326779156809 0.0580346528373227 0.0463729441134838 0.0284023309689725
0.0169446045932225 0.0516591683827981 0.0957448711783326 0.0863385594166239
0.0100957865594783 0.033613208493711 0.125764514902698 0.148535853268352
-0.0058864113561677 0.0229935213391207 0.152852735172348 0.23245004491534
-0.0180339010540606 0.0184365168307424 0.126002092766788 0.326389942310322
-0.0215849207355576 -0.0151680983001397 0.0420749590200995 0.463990160199703
-0.0354397673057468 -0.0468221656980638 -0.210392034358326 0.501618157700181
-0.0264810125996569 -0.101103466694774 -0.508959796627947 0.341611281870802
0.0745963336445733 -0.089855800751517 -0.602012722780763 -0.0303246039271341
0.147005408829373 -0.0530286328541205 -0.613037361538575 -0.239142718789334
-0.173537337219102 0.0469990529905085 -0.033985138734615 0.259955871846935
-0.0571566840950806 0.200389062721316 0.345873283679938 -0.0291416579233355
0.148480548635571 0.125733651038171 0.155006768537683 -0.330623436175697
0.173188897476924 -0.041229687108691 -0.0333722021917718 -0.201294882513325
0.0346186416182174 -0.120390094833898 -0.0332831961988676 -0.043123975010177
-0.0323932522651043 -0.0581708394945736 0.0219979189222087 0.0214143843633417
-0.0403831162813989 -0.0245651224529503 0.0813874591893084 0.0870211036576506
-0.045103238023243 -0.0317685327385123 0.118059098313619 0.148541604668654
-0.0546536971828793 -0.0364341118162042 0.159442795806455 0.22797732311135
-0.0334464589604093 -0.0331629920377275 0.139667136617432 0.311948103933978
-0.0021195910972129 -0.0645683136252738 0.064727146542828 0.457504310544086
0.0362280190082974 -0.0595137290583064 -0.176195887603402 0.511830825394514
0.0387830120583779 -0.0406784158530424 -0.479147188271057 0.364691133334277
0.049665613928593 0.016145229234008 -0.603482209496977 0.0354255122822027
-0.0144485059815098 0.0137685015089891 -0.648994881796026 -0.185007092774118
-0.341689976325404 0.1218328557346 0.00625660656341551 0.256175149790026
-0.132012239469371 0.358898240878267 0.325364912361073 0.0189864775888728
0.222881373326884 0.273645227895514 0.215894008619924 -0.266602654774871
0.323996214347279 -0.0224261153683169 0.0595294040838209 -0.239167189684702
0.11137975065448 -0.220839705528099 -0.0195561870964824 -0.126095310828332
-0.0471578940107168 -0.150305240356325 -0.0101892013412102 -0.03744199646159
-0.0827406401230666 -0.0932903955757007 0.0426196317929115 0.0545617191551214
-0.0948979499482092 -0.0916252331119345 0.0920515342108072 0.128085733247841
-0.103695383371688 -0.0895418602376967 0.157504377978969 0.204423883505979
-0.0592143769909477 -0.0838230548039038 0.14783111883739 0.288433184754393
0.00493587267315347 -0.125820454222334 0.0731692981098469 0.449633692606278
0.111917184677837 -0.0904069020261653 -0.161387726043413 0.507560149716074
0.125350304350248 0.0166874593639478 -0.452888906836153 0.357396291249279
0.0332022628695981 0.13655493210291 -0.570966134895134 0.0769259714393592
-0.171745842728372 0.0907946632722862 -0.627036684889849 -0.133719421887699
-0.447295508523647 0.167294309656211 0.0794671745246144 0.257495632423087
-0.157051794514684 0.442132934347253 0.319852754169418 0.0957670618173187
0.271298201076817 0.341713632982427 0.316512372894197 -0.183628999408781
0.393313639495723 -0.015137410822159 0.185856840418461 -0.290409637486127
0.151132907110094 -0.260420041869987 0.0053862591080078 -0.242109996034713
-0.0462609534006725 -0.197344872161586 -0.049844010609435 -0.124761317360635
-0.103088827961294 -0.140610351876051 -0.0112044157644205 -0.000468247962481778
-0.130693925038966 -0.136237227891536 0.0524008378453539 0.0900485889987421
-0.148115715900165 -0.132200500379129 0.139721181158055 0.170834646593983
-0.0941158903550331 -0.136663280371991 0.133204172583776 0.260541239692992
0.00635957775768152 -0.201336361767723 0.0453590527864907 0.428332849677676
0.199350024093429 -0.134975567037215 -0.173730128789897 0.462910896429352
0.227794605265614 0.0787654819218977 -0.416431098342289 0.307469163373474
0.0170015403997802 0.260705417628323 -0.498069909581821 0.0912105497241301
-0.307514649564126 0.160686938485143 -0.551524484589188 -0.100320120390461
-0.490823228055239 0.182753384292776 0.181133270618839 0.272076125494337
-0.155648479243992 0.443581003608849 0.37012561837576 0.178528314948001
0.263608752310207 0.338766789163573 0.448206327246084 -0.142720729570605
0.376285568656 0.00101058554806533 0.292451809022851 -0.368410880728987
0.158045524779748 -0.236036748018759 0.0139193627141124 -0.35858237078636
-0.031564852079015 -0.199006014399425 -0.093554305525962 -0.210602908316673
-0.100978239809916 -0.160791574509356 -0.0651611669862759 -0.0654420166544254
-0.147825733738441 -0.160794361606779 0.00409542699950457 0.0380254264366103
-0.177932539652324 -0.163899551054665 0.0964691548025942 0.125606825266433
-0.119557478796132 -0.19003426617816 0.0833192758070582 0.218277714907127
0.0229786262143267 -0.277002052178626 -0.0160346899874809 0.369131949940356
0.29694678521725 -0.162447243062572 -0.184389890270391 0.36437333420029
0.313052538751299 0.160385987077852 -0.342321467149629 0.229551051867277
-0.015766691078345 0.366756021280691 -0.397416905202276 0.10067654878182
-0.404038855060453 0.204587237684237 -0.432970070095495 -0.0835440603905576
-0.476377420129239 0.179234324165162 0.308038037674846 0.289373335420801
-0.145804248732152 0.390926250498094 0.469350762144517 0.22003717157971
0.210054748099483 0.295048915005309 0.549683994876517 -0.164513460978035
0.302720339216411 0.0317989204150054 0.339240543577043 -0.444226505218164
0.147338657073861 -0.170602741219618 0.00139145377141219 -0.442209088611654
-0.0082854928947608 -0.167875756143377 -0.128833868432912 -0.277111484236925
-0.082349154528993 -0.153694523934396 -0.107261357204475 -0.127862480921599
-0.141794558775144 -0.161794810765301 -0.0461419416351614 -0.0201960128274449
-0.180722047991329 -0.178924834572142 0.0314016949270946 0.0717696579668624
-0.116231241276767 -0.227869851826201 0.0101625012759304 0.154051847661001
0.0663628572902152 -0.313509815421191 -0.078000875188969 0.261311523111916
0.367943132870824 -0.131559025049573 -0.149777172028298 0.23210867553173
0.325002061071012 0.250495890136386 -0.22297471598185 0.17879588164834
-0.072866280359703 0.409023416238576 -0.304904128587784 0.131468423463448
-0.443915501275291 0.205092440518746 -0.297061206445138 -0.0844123385722336
-0.406919717718008 0.16433922700735 0.439271034148634 0.289430515102152
-0.127154682549352 0.311812426544614 0.570098845309339 0.20267080340202
0.139618765483263 0.239944804568064 0.589258073256213 -0.2205563199923
0.2154861816198 0.0626286788735822 0.329450652867346 -0.496351580606681
0.126555879936633 -0.0967918873148669 -0.0224551900874657 -0.480891402033253
0.0145041740794973 -0.122159107999953 -0.149084199743364 -0.316229618611958
-0.0535887818664495 -0.124481776250178 -0.134484244704367 -0.179543626818401
-0.113697949034671 -0.137472928407942 -0.0943320626209331 -0.0741799899514009
-0.150965067072566 -0.168516488311803 -0.0413690620055035 0.0113086150216897
-0.0781169370119611 -0.224197764526866 -0.0577001508118187 0.0686661978441293
0.113369124046707 -0.274934200727976 -0.0951334312044166 0.12753941251945
0.356682173054363 -0.0435895098974036 -0.0637580482758926 0.1300074621451
0.238403888369829 0.292944907566009 -0.109589007423542 0.203883524081401
-0.128384309913767 0.357096002947677 -0.265338285366674 0.175444311348774
-0.406008900325657 0.15947657799141 -0.164647701736998 -0.1020348837003
-0.294219315993384 0.129419220210933 0.547664421979561 0.268055941288935
-0.103284712538452 0.222332084904128 0.636182552821539 0.145313647117199
0.0746621354190785 0.178060284700991 0.578949458266184 -0.277160945082626
0.133697572018251 0.0787342327314657 0.292508632096646 -0.519490038316538
0.0992280048817616 -0.0349516125877582 -0.0405958228223267 -0.490905155300576
0.0310855403666785 -0.0718218141857783 -0.155738793106842 -0.336990872233724
-0.0200731318144173 -0.079709693889443 -0.149622672948836 -0.214979139101261
-0.0679620757042951 -0.0931538610715074 -0.132678502465131 -0.115583861310925
-0.0925569956394893 -0.126234543615529 -0.0999194493332652 -0.0479066441858772
-0.023398004126481 -0.163962919558872 -0.0926474673142969 -0.013467911422724
0.121176266791442 -0.163187426102424 -0.0622241640161355 0.0252398687696895
0.237917053364501 0.043444893178288 0.0268003440740575 0.103038449612107
0.0913456247260039 0.234611639933592 -0.0630693852589072 0.279629868001197
-0.133914167395002 0.213379820778212 -0.279186342084708 0.192118775586241
-0.281560992275889 0.0782567104489442 -0.0513510509038008 -0.130474155815868
0.0141033209876145 -0.0516695743293701 0.0476205860201213 0.233834875588155
0.0491881385929514 -0.0210557938222848 0.269066009747873 -0.177631251851166
0.0250315921423082 -0.0807031866912882 -0.0171452584686413 -0.328443533755797
-0.0434788913201731 -0.0466036332196223 -0.103448646089161 -0.115821425053483
-0.0404529902713337 0.0360790854693442 -0.0103527660882193 -0.00932632142599813
0.0196136424176172 0.0520702080381865 0.0485509511341898 0.0107194034049977
0.0348424719955963 0.0409427644559447 0.114190602163727 0.0432697326155164
0.0220765217382104 0.0277608958155965 0.163597828771391 0.08954722061181
0.00151212263456471 0.0233677423779251 0.215236344946723 0.162358661486388
-0.00954671144709358 0.0210720052273199 0.219142041898697 0.256224397563908
-0.0273399425997508 -0.00695156926128135 0.191014325969316 0.395973836582401
-0.0477675597585332 -0.0319041944173742 -0.025555809664164 0.5153698825858
-0.0554384188174107 -0.079739765988764 -0.342924682897812 0.473107253206524
0.0434082908390121 -0.107069975847852 -0.557254157271014 0.166232511780562
0.12243530280562 -0.0951602278250407 -0.632274006351287 -0.0275666947287536
-0.142861532080522 0.106322387617235 0.050666536782373 0.235811758206402
0.0218245534375059 0.19957917576583 0.284745584014751 -0.155414142679355
0.175754229221327 0.0575544924184318 0.0136080943456945 -0.343150003384326
0.139041243538999 -0.103430774148239 -0.0991314187537598 -0.158234647929414
-0.0105793390803991 -0.120279423537094 -0.0383824123275434 -0.0214837183883257
-0.0478084995663253 -0.0428202639853901 0.0279989018422887 0.0143373067545943
-0.0433397544484376 -0.0107347594978113 0.103676342448062 0.0504541364031257
-0.0497085627675379 -0.0139553718617954 0.158284608044637 0.0924534532874932
-0.0614180439960113 -0.0151384831546896 0.21914713331707 0.154261565019197
-0.038712381468013 -0.0213387859221291 0.227106715470253 0.238958225132407
-0.0240901654942614 -0.0581670639353389 0.209996166034696 0.384985929807769
0.0144478830405193 -0.065561629072986 0.00705028895459309 0.512749570986756
0.0237308445241932 -0.0456083241283735 -0.312548451738962 0.48366658777489
0.0539490128740519 -0.00280025716942631 -0.534715854026952 0.226727691075656
-0.00498376387240975 0.018902533883155 -0.643406847212518 0.0368384185719249
-0.27336806446786 0.235739349045527 0.0881100634428252 0.212400316650054
0.00893889705967534 0.371458616257718 0.277574643162785 -0.111470289178933
0.295075352392894 0.166156438660649 0.0816335159391691 -0.304066844068601
0.282593726019413 -0.140226556187432 -0.0304511762364244 -0.216412639228011
0.0251913986904394 -0.23734406266599 -0.0512141172430758 -0.0962861943821154
-0.0922644558226437 -0.121839288245913 -0.0175381868982383 -0.0269785862607938
-0.104735364390239 -0.0608504423002859 0.0581882285566764 0.0360742905401969
-0.113989268733188 -0.0518559692425114 0.129870764206697 0.0829732410945778
-0.122283063601782 -0.0474316233869554 0.210753855994805 0.133264985084541
-0.0781572475211204 -0.059506578088589 0.228753080204116 0.214774495810693
-0.0368635420735391 -0.114517246778793 0.216020905207487 0.376638294331588
0.073751055110557 -0.117706966784509 0.0164734586351602 0.506593538835114
0.119908717572641 -0.020607897770236 -0.289982235750359 0.467342258575998
0.07767296549295 0.111055929478159 -0.487666083922205 0.251820502593117
-0.126247854239767 0.139836818065801 -0.601260854056642 0.0782564764486963
-0.357001926453913 0.314221450643116 0.157649428791933 0.185812108035751
0.0141005182719482 0.458774535463434 0.297338513918164 -0.042621440767457
0.362613622962363 0.212476466638412 0.1976933759513 -0.260365575818753
0.349981643114778 -0.158405106193603 0.0662120659211401 -0.303125097637766
0.0482289694457851 -0.288033589754628 -0.0655277131550011 -0.208349696127191
-0.106733818348156 -0.165552909602936 -0.0811098401258033 -0.0916663291539702
-0.139417660485594 -0.0986147554568344 -0.00851792770419696 0.00578284720401491
-0.160869272573564 -0.0808991449358945 0.0821402854340195 0.0614285784496555
-0.176223459619878 -0.0718012683804755 0.183643386571427 0.106648341290035
-0.126219661568404 -0.0951498704231474 0.207649389835272 0.193733529620329
-0.0597497931923089 -0.182802680423696 0.187983063520585 0.367864490844457
0.138518376087708 -0.187266694962658 -0.00788795339282389 0.47284954026771
0.233112928642041 0.00249188144411729 -0.277547247930493 0.4088391938823
0.104103351485874 0.229399794918574 -0.414293526424826 0.239489592994516
-0.229394403381522 0.248112404035684 -0.516323140134744 0.0880765012987715
-0.391464759006289 0.341028844305934 0.256707600931032 0.165497603025354
0.0169180218464397 0.459395536956333 0.372934234318965 0.0176054256733734
0.355004438293266 0.211863046170782 0.333313155073396 -0.26743938389162
0.3404122656398 -0.137582182937739 0.13777214526732 -0.411000375948016
0.0650845165974698 -0.269513578110453 -0.0978619866087873 -0.316751153831682
-0.0932708245888218 -0.172356104420237 -0.148839600228842 -0.154763788955157
-0.144929657976693 -0.118529486392993 -0.0789653062125108 -0.0330281240077992
-0.183846396765993 -0.0981459712795739 0.0214024029746756 0.0303618237150172
-0.212747280006713 -0.0905637130423282 0.130819735543831 0.0791476517018462
-0.166984132700679 -0.134496139572644 0.150433818688074 0.172825554510384
-0.070432913087681 -0.256649198074836 0.114777898869387 0.339921650787716
0.218083353542312 -0.244771956741043 -0.0516709626518543 0.38889741239801
0.336388498280115 0.0478300031707127 -0.235644808433223 0.311727035302976
0.107756729216004 0.336149677282753 -0.314543712846563 0.215923955468422
-0.30545201330009 0.320807292072877 -0.399959218451357 0.067969802747549
-0.377458594108576 0.332620364565757 0.380147667303923 0.140704388266798
0.00538896947414974 0.407501998666373 0.4825663739831 0.0261483377075804
0.290342459917639 0.192262448814982 0.422590419600761 -0.324323793527194
0.286240522713245 -0.0829858649074664 0.154013914924363 -0.500895574149824
0.0780122463585474 -0.207470747547544 -0.140177171749531 -0.389188018932681
-0.0616796221502711 -0.152903618808233 -0.203696242785835 -0.202823862433696
-0.125898951386666 -0.119307803385704 -0.139418168350218 -0.076515440103305
-0.178468595559005 -0.100450445849512 -0.0436036975996936 -0.0057197536498662
-0.220862544710111 -0.102585278397606 0.054512617442136 0.0524409036064693
-0.177369645213806 -0.16906438416981 0.0636080613897632 0.138961474478141
-0.043919250260672 -0.304454379811306 0.0220117305355268 0.264837799580645
0.294013661428562 -0.240977991160792 -0.0679990457487276 0.258603165863633
0.377380095277627 0.122967386436419 -0.144738220673361 0.224446910721891
0.0710814036420121 0.393752476715103 -0.217118275296305 0.213967478722046
-0.341431876657973 0.334149033755378 -0.275915449310552 0.0255328926363623
-0.318142149194947 0.293227410821877 0.500603317836462 0.101648407663834
-0.00585798002761496 0.328023491623003 0.576016389401275 -0.0184971448004555
0.20696788117405 0.165837916397379 0.444668191448634 -0.391926015638435
0.219064046864187 -0.0230921530124623 0.12670171091014 -0.549874623692459
0.0842947081852105 -0.134079374376274 -0.175475241249142 -0.418737775441225
-0.0269712250288378 -0.119097488745591 -0.236109817445293 -0.232111928234143
-0.0903967878591153 -0.101485556746936 -0.182341248992931 -0.114693993613649
-0.146277786511199 -0.0883949365579694 -0.105782588376602 -0.0373268697103086
-0.19136542634883 -0.103024244894928 -0.0310917117706865 0.022095667715902
-0.143105615886449 -0.178548386499787 -0.0263589199247725 0.0841598435506718
0.0103300181493368 -0.285843158867606 -0.0401878398729808 0.152242683014754
0.313647237222151 -0.158012299511621 -0.0233235332620849 0.135902589500664
0.314164389618245 0.189633542633692 -0.0295498260725408 0.208904222313199
0.00295600605879559 0.365667977543501 -0.165551360972714 0.242112586700505
-0.321972860562277 0.280775905252611 -0.162723118629384 -0.0313889589999395
-0.224713730971292 0.220415945182573 0.589896462003571 0.0503016476589575
-0.0144639328470377 0.236130976000254 0.622284854674679 -0.0902238923938293
0.127458326894647 0.132439325813139 0.421356643744489 -0.440702458575889
0.1511017883159 0.0199730140947865 0.0873011052029435 -0.562260309925141
0.0782295670369613 -0.0696545642893014 -0.198089252579644 -0.42371810184141
0.00257155418545552 -0.0794431691113114 -0.250551608927982 -0.249585816242903
-0.0452913679354657 -0.0705335080508653 -0.209052187417351 -0.142987641054738
-0.090706207019582 -0.0623208244582751 -0.156009010354068 -0.0614232393574173
-0.124458666007519 -0.0834529849184184 -0.104542292574695 -0.0102000255478793
-0.0743822754195986 -0.142287974739318 -0.0870876418438356 0.0215778693686165
0.0545986154678736 -0.189075638875198 -0.0479357363320395 0.0467693941322396
0.233940751496336 -0.0391451040529508 0.0526034808545718 0.0785163987564139
0.161880061400652 0.184428809315902 0.042969745041598 0.263521598373468
-0.0495669094268974 0.237372535909459 -0.174219137147485 0.265133850512254
-0.234380444174832 0.166739773672311 -0.0735511592657243 -0.0935005816172652
0.0120872475855761 -0.0509076053963332 0.0452559105294545 0.221624458443772
0.0489720538447648 -0.0243950875568809 0.243564088628443 -0.18509204291211
0.0204977395296817 -0.0820804617657012 -0.0329611344983159 -0.315688182378721
-0.0470296864671892 -0.0459311495699337 -0.103498420569149 -0.103873843972516
-0.0393654292961853 0.037117817513043 -0.00736672227356492 -0.00616654191387005
0.0196689658650927 0.0494384218286802 0.0474881828589739 0.0117406806816748
0.0360551109017688 0.0375681912430149 0.11082353872838 0.0389888149289074
0.0229866189344897 0.0266714568056317 0.16109317203304 0.0827416521858659
0.00205958375462429 0.0232175484521096 0.214231652166805 0.154451010786185
-0.00864375883116189 0.0195357183889936 0.220646266717266 0.245540441843952
-0.0283436597677285 -0.00636860329620651 0.195208487858706 0.377257898372096
-0.0469295924147738 -0.0302567291592055 -0.010446983664642 0.497444668563953
-0.0549191483459813 -0.0745211707045992 -0.316176882451263 0.465939470204431
0.0402602027542252 -0.105783461154458 -0.53455779265648 0.178165379248258
0.118209655073827 -0.0952146340167988 -0.6196617691212 -0.00887721488232114
-0.137642975549514 0.108459838593208 0.048360838728217 0.22309007997908
0.0268502198381608 0.19312369028251 0.259050938702834 -0.163942818210355
0.170660305571094 0.0496125689929999 -0.00394793136359365 -0.331249587683317
0.130904794799597 -0.105808466230154 -0.101209746080897 -0.146961510378755
-0.014045045755599 -0.116799735109254 -0.0353470898728298 -0.0162345817191022
-0.048049847771446 -0.0409226404360438 0.0280485410762897 0.0160847176906479
-0.0413871808852685 -0.012478309617303 0.10013881945757 0.0463912402010963
-0.0480191917915245 -0.0130361311971907 0.156139939878692 0.0860751618638936
-0.061060755377659 -0.0139475534290338 0.217711210149279 0.145810468508619
-0.037410754632302 -0.0220527480981021 0.227668780964866 0.226921862543756
-0.0247552884461474 -0.0562155323046929 0.213582802276423 0.364740855378253
0.0135235640135839 -0.0638047265839094 0.0221136768205624 0.494562512650793
0.0226016492820347 -0.0419845889776935 -0.284062123287397 0.476870826078396
0.0511803334526447 -0.00455216816507567 -0.511351833338331 0.235718127685353
-0.00366953762412082 0.019141717196135 -0.628120868819891 0.0555644655320143
-0.261889912994863 0.236872437873116 0.0852427823086481 0.199650932282746
0.0177857574853786 0.361633024913157 0.253728358634931 -0.120972800637804
0.289314487923136 0.153251762034038 0.0630861678655098 -0.293631495552058
0.270922218483531 -0.144985919019695 -0.0369079497768862 -0.206761872144703
0.0182963891719963 -0.231818218069293 -0.0504668291239553 -0.0880306473967598
-0.0925467143783156 -0.117154051995787 -0.0176833290557268 -0.0224424060004598
-0.101930634173536 -0.0601245833034415 0.055034744042708 0.0338784296165604
-0.111918874313886 -0.0489140106407839 0.128824102362599 0.0773797083087563
-0.12027700162092 -0.0438595122385026 0.208356290713654 0.125883060810225
-0.0757729412941609 -0.0582766406161982 0.227955776584202 0.203435461636533
-0.0374768103213301 -0.110446107733535 0.219566278095067 0.355909087925133
0.071176959603893 -0.115354517838152 0.0323682024414011 0.48760899789987
0.117423528546237 -0.0197610261449282 -0.267227251856549 0.461805186634767
0.0759094320831584 0.106431570725803 -0.462418171549518 0.258720120619764
-0.119430637833607 0.140815571909354 -0.585753499441209 0.0948723434112802
-0.34249384081807 0.315902836002794 0.152630597000659 0.172169845488962
0.0236747691313762 0.446417405709944 0.275390072508564 -0.0522680501191565
0.355619509130244 0.197492440005817 0.179255624730686 -0.254959557108378
0.336715530859986 -0.163558416825483 0.0547746751763025 -0.295049299099697
0.0407826112380124 -0.2820703426982 -0.0679681817850665 -0.196093492219128
-0.107127219018669 -0.159498972049689 -0.0813107512359804 -0.0838125471300754
-0.136612318873887 -0.0972512821594756 -0.0110071535220403 0.00605243132226272
-0.158423653456001 -0.0765085211288186 0.0816800908950477 0.0575716731298634
-0.172933706731089 -0.0668266995461158 0.181426455370555 0.099177072562514
-0.122732395336947 -0.0920590048056957 0.206104044504984 0.182402099806139
-0.0613159559593108 -0.176163427057342 0.193260267070058 0.349811875100246
0.133814577378295 -0.184607906482181 0.00680375427097976 0.456363465516525
0.227879555817854 0.000187310735039303 -0.254349041353262 0.403646579504457
0.103951886335373 0.221500161328366 -0.391086613669775 0.244711706979202
-0.218121839480372 0.250464660377487 -0.498920057362304 0.101954100979124
-0.377094385252081 0.342208048224479 0.250857615686114 0.150909982179819
0.0223351470346466 0.448533951083192 0.354457360392805 0.00487353996446112
0.346906388455673 0.1977208639657 0.312261124227959 -0.266187192086134
0.32877505069688 -0.141218500047858 0.121342908074598 -0.403770147205769
0.058570089728358 -0.264698287636815 -0.102991944741712 -0.300652697455596
-0.0933923657258793 -0.166778292060647 -0.148170250269211 -0.143783297601552
-0.142186658212854 -0.11689047509847 -0.080571382555844 -0.0314232992062487
-0.181726901119894 -0.0928000227323394 0.0226776169414437 0.0275535992628183
-0.209013701941201 -0.085081143052365 0.12893331429981 0.0734388531072884
-0.163576451469883 -0.129086209786426 0.150340746204423 0.163516627409869
-0.0744321171145758 -0.247977206907964 0.121352910435697 0.324832667178282
0.209270220544393 -0.243836920803491 -0.0392233102789047 0.37670346904055
0.330658210437863 0.0402838237775294 -0.218565377759462 0.30700309076973
0.1103333505958 0.325435556852908 -0.292890687053318 0.218128904302872
-0.290491042932189 0.323747240003431 -0.385563248020367 0.0789613244966204
-0.364012535099748 0.333482636548208 0.372295898445836 0.125423478713553
0.0106155623305383 0.397356215862495 0.465745484237963 0.00995646084003136
0.283210171051427 0.181958105293723 0.399400131144061 -0.32445268198118
0.279002081738268 -0.0856346780277437 0.134925791661107 -0.490767029883598
0.0744156530111973 -0.204040958939533 -0.145583417055287 -0.370433935883287
-0.0621642615839279 -0.148469253561466 -0.201881800352777 -0.189279258999101
-0.12411782736944 -0.117405844029428 -0.13964935743287 -0.0717722530787415
-0.176706564347286 -0.0953749026782205 -0.0425390895604935 -0.00631532444119728
-0.2167289433794 -0.0954093541283258 0.0546476499190835 0.048791208454785
-0.175118175678292 -0.161816517645528 0.0654110595043387 0.133456072163115
-0.050758822342251 -0.29550901013091 0.0297455898073183 0.256623662998686
0.283291518052866 -0.242795695699819 -0.0595218168210859 0.249888281265683
0.372686926029366 0.11257830352255 -0.13074454098487 0.2188706671303
0.0765371581356797 0.383369726807213 -0.195483728696038 0.213478639832632
-0.325605277590527 0.338597065989148 -0.263942910924336 0.0356086433794405
-0.30727772457918 0.293578774885896 0.490627352215112 0.0850929346743237
-0.00253261344797805 0.320744763399417 0.556351758344612 -0.0374683156991736
0.202008833939749 0.158346141361454 0.418345635998911 -0.389881365725332
0.215002056155652 -0.0259748796681775 0.107254172331249 -0.535733620576862
0.0824473978423634 -0.13295111259507 -0.180168536934242 -0.398642342605081
-0.0283790267316799 -0.116434125628645 -0.233556497187987 -0.218466883448741
-0.0894344203031013 -0.100318221062651 -0.182281793844546 -0.109298114518046
-0.144486070279238 -0.0838234092781308 -0.103573815705655 -0.0359065105083854
-0.187707658077954 -0.095895802540537 -0.0296515219500244 0.022901052099345
-0.142826126781588 -0.171808336575385 -0.0241026828423458 0.0831756270762264
0.0025906003727219 -0.279379409111255 -0.0356123185879245 0.148419456573114
0.305383025964901 -0.162990961311142 -0.0202281392865711 0.128751227618993
0.313976197035083 0.179024415047388 -0.0172440488532402 0.199133657114987
0.0105226791557569 0.357474984220256 -0.142167047624314 0.239642710740285
-0.3080885413814 0.286868074957068 -0.153741473492051 -0.0235882493173723
-0.216189059890518 0.221802900419132 0.580304710992983 0.0329678009690503
-0.0114480971691737 0.231354625691804 0.601803838133501 -0.106832133146656
0.12440413731642 0.127787712793714 0.39583664547477 -0.437760606811514
0.148889042536369 0.0169247399741826 0.0679762741758596 -0.545379668147888
0.0771250849396668 -0.0695048560674916 -0.200374247429544 -0.402228628907418
0.000671118031448939 -0.0773995745450709 -0.24822739301668 -0.23591974800889
-0.0454997372989055 -0.0702303027777537 -0.208784413519618 -0.13625030191289
-0.0892828991591597 -0.0593098998056934 -0.153007193742853 -0.0575525832223837
-0.123158509009792 -0.0788320341126175 -0.102115295950782 -0.00644600312278075
-0.0753107241758993 -0.138096678851777 -0.0853898718611012 0.0246469096938329
0.0490532289166265 -0.186807555355851 -0.0465379170473599 0.045705657908045
0.231218029086137 -0.0457528681562572 0.0519593006009893 0.0695404416660115
0.165159569065798 0.177653176758514 0.0579074900010597 0.250755818904113
-0.0437059570778725 0.233331351790354 -0.150156317703273 0.262808553595335
-0.224697005422665 0.17231928849534 -0.0687774843303075 -0.0870984249310539
0.0103861599921075 -0.050652765757686 0.041324436350078 0.214559378907018
0.0493993315506586 -0.0280122431098956 0.222383783563531 -0.192352148872005
0.0162929146473267 -0.0837526643585465 -0.0487521853857411 -0.307381868775499
-0.0505258862118075 -0.0467116372111604 -0.104674083939014 -0.0950161712893851
-0.0383606115763077 0.0381972055432621 -0.00387222568181759 -0.00403690824552831
0.0203685586940888 0.0487006826784734 0.0483758540228538 0.012310716243467
0.0366908958380783 0.0351169526547589 0.109322250380605 0.0365874504617292
0.024628318523947 0.0261498687236387 0.160705399009373 0.077748407741757
0.00187784575663926 0.0233003361089332 0.217675308929037 0.150041660996373
-0.0092586946987754 0.0186815083178004 0.224987224282097 0.238877118110966
-0.0297453309745245 -0.00640692993553795 0.201652433423391 0.366468467662511
-0.0473133256988607 -0.0297240310011796 0.00401098825871868 0.489871564255293
-0.0556004722104067 -0.0715644241713123 -0.296053564514647 0.465894126028831
0.0381917101378031 -0.106921088607029 -0.524127933443999 0.190965894468099
0.116560009973401 -0.09740002128508 -0.618176895500866 0.0100303470208947
-0.13489421557777 0.11127567663394 0.0455848538156674 0.214841951522159
0.0326420460055517 0.190287616186419 0.23815952250866 -0.172004678984007
0.168973556107872 0.0440101154118285 -0.020935781234035 -0.323299209172935
0.125300657334006 -0.110111073930568 -0.10452608586974 -0.1377927402074
-0.0180545754086265 -0.115244578980566 -0.0326646989862526 -0.0119788067658379
-0.0494276724176323 -0.039176225211816 0.0294498533697502 0.0178402592767251
-0.0403678073895436 -0.0139932574242137 0.0981999500369025 0.0443664442826101
-0.0477339436070507 -0.0121609714563399 0.156967183373645 0.0820641507000539
-0.0609092820064741 -0.0128672426227443 0.219987207090952 0.142053042867157
-0.0368863188146246 -0.0232355781966048 0.229975677801992 0.220327855386387
-0.0257017826536323 -0.0557330267583341 0.218372725658418 0.352669097534427
0.0132775634800355 -0.0634474562199378 0.0358768620973802 0.485636606107656
0.022980811591817 -0.0393378718827028 -0.265776745983922 0.476736299525743
0.0503955478425422 -0.00647162530348986 -0.499137133354358 0.24639328485463
-0.00281948124409734 0.0193964404080098 -0.625432523121656 0.0725085934125457
-0.25678371082254 0.242420605740635 0.0819995967271952 0.190706231053686
0.0260077762018854 0.358969615288205 0.234185772251396 -0.128777446344909
0.288463246097849 0.144069152202808 0.0472072780208957 -0.288195929089096
0.264762724396123 -0.151765021618525 -0.043010641950633 -0.200467993019354
0.011094624266851 -0.230899422659688 -0.0491394079040653 -0.0826945483073445
-0.0946336134482913 -0.114227290153516 -0.017143304393323 -0.0199382923195826
-0.101782969029155 -0.0614574890345129 0.0528924856678533 0.0336798115497206
-0.112048441211494 -0.0474760472303093 0.129365857179546 0.0735074526802873
-0.120512477400075 -0.041565563165694 0.210108751642145 0.120886609499175
-0.0746160984862589 -0.0582166558810952 0.229738833022611 0.195781757102788
-0.0384780834673207 -0.108841730779926 0.22489810592789 0.344003559502091
0.0704806667709657 -0.115325142824993 0.0456376029066074 0.477870887677039
0.117032649743748 -0.0189459170289401 -0.247638481247863 0.462307711011623
0.0761447432724203 0.103590290879063 -0.448676734425075 0.268757899186329
-0.114762721448611 0.144323340473898 -0.580263529250772 0.110578205675783
-0.336437636175314 0.322398479686037 0.149887611405044 0.162903163389901
0.030130168190454 0.442476432866915 0.259174840245715 -0.0597054143062089
0.353563356743918 0.188674098115888 0.165379671987598 -0.252915108479686
0.330742618183589 -0.16926648133977 0.0465195941984932 -0.291888843855716
0.0350931955100103 -0.281066617216031 -0.0703612419006975 -0.19020303714623
-0.109419159792628 -0.156598336855826 -0.0814228467715728 -0.0789387024700281
-0.136434942321572 -0.0983800281484615 -0.0127724253591081 0.00762515484667091
-0.159303628391318 -0.074210437190488 0.0830584547635527 0.0551922333708268
-0.173442070068989 -0.0631896711380953 0.18302531683566 0.0950947064931895
-0.121641177903012 -0.0906008302961903 0.208733696110167 0.175755025101149
-0.0633571662883225 -0.173028869290539 0.199303189980764 0.339870460748976
0.130275497254489 -0.18557377799097 0.0209011915615466 0.44953599057286
0.22714358455551 -0.00201665423390358 -0.237750442838516 0.403311298643711
0.106116747643214 0.216799300944477 -0.376765561645607 0.253084731066544
-0.210765720676348 0.255497826909623 -0.492949946169544 0.11540612462259
-0.369837037908127 0.349068146814504 0.248483501505045 0.141128865040742
0.0275416198409965 0.445214676676596 0.341999055299232 -0.00419940253578399
0.343977922502252 0.18965817754146 0.298395692123 -0.267650603956047
0.324794419528705 -0.146217816116802 0.108906768405941 -0.401908773698615
0.053204948325695 -0.264401969338467 -0.107369327477912 -0.292770458643891
-0.0952360207620315 -0.164416934900047 -0.149059675630776 -0.137385756022655
-0.142384395078992 -0.11786045251594 -0.0832926961548645 -0.0287949310889648
-0.182740171033958 -0.0904221641779353 0.0233985322725991 0.0263488618857623
-0.209405498350591 -0.0795271570557279 0.130483560229957 0.0692709508711487
-0.162802237039902 -0.125378883829391 0.153108316186373 0.157977585009052
-0.0781711713347877 -0.243505340787438 0.128917037223992 0.316768458118067
0.20497407337796 -0.247669091434322 -0.0293350289358385 0.372033526659375
0.330592544997776 0.0344676015266207 -0.204893760176005 0.307953945597872
0.115745649619719 0.320646839190516 -0.277048440533039 0.220860618138247
-0.281473836791125 0.330871462200947 -0.378468970490973 0.0917978656196215
-0.358065135314429 0.339601159961826 0.370519576161896 0.113898674343189
0.0146388474072967 0.39501434618955 0.454169531649499 -0.00214136016996664
0.281117291210165 0.176165645020479 0.383337273483615 -0.328849913039294
0.276328136694758 -0.0893396683419138 0.12067513777286 -0.488713010093576
0.0723314921525807 -0.205447013951426 -0.151381379669786 -0.35851567929254
-0.0640429514155055 -0.147408124658887 -0.203017778977841 -0.180684234676558
-0.1248033362768 -0.118262194140861 -0.142433062808602 -0.0681256881951386
-0.177803168534521 -0.093658300756845 -0.0419442304934263 -0.00670815064862838
-0.217831296888917 -0.0903598015790131 0.0559666016813689 0.0469812860683509
-0.175943289907099 -0.157679403063931 0.0679860688389445 0.130809351188327
-0.0569403944814237 -0.291597868126455 0.035978859281859 0.252688229171041
0.278798566105317 -0.249954429374172 -0.0529085078004215 0.24651001483634
0.376208147680492 0.104058066021406 -0.120571510491678 0.216926811100359
0.0826540280785894 0.380852490746695 -0.178944835951527 0.213886940720106
-0.316270991883522 0.34742479589483 -0.257465113014518 0.0446602970478859
-0.30309455117965 0.298465768895744 0.489156035916675 0.0722140465130416
0.000222604523743751 0.320086318828014 0.547215055796746 -0.0521137082215908
0.200881295099419 0.155864220003452 0.403622351403532 -0.396445044557265
0.21451437281069 -0.0283311017994314 0.0919407496042266 -0.531673261485629
0.0813969876972422 -0.134981470846 -0.186954913242291 -0.385526351193225
-0.0300319256062346 -0.115535335640351 -0.233887161366831 -0.210412318151883
-0.0901680657324835 -0.10193004555297 -0.184836299513294 -0.105369672302252
-0.145573558986538 -0.0814259211452426 -0.103009464725387 -0.0350789392539831
-0.189543644515089 -0.0912134393141941 -0.027705444353031 0.0239885398164895
-0.144651115453235 -0.167735316988746 -0.0216635911370298 0.0843882173525548
-0.00504225547223976 -0.278541859456875 -0.0320693167829765 0.148335718205629
0.302935081443376 -0.17136470047271 -0.0177632824285254 0.123437876031523
0.318087482649723 0.171224061894642 -0.00627008707501145 0.193028875770173
0.0177781925495183 0.355677400014902 -0.123587377358172 0.239349142884659
-0.299662113759612 0.295528295811208 -0.149073020001815 -0.0167058865600301
-0.212602080036045 0.225296778880458 0.577498990355348 0.0199160189871941
-0.00933453951318679 0.232053253859791 0.593117293222825 -0.122165009328407
0.123769428579055 0.125382536035937 0.377196592858513 -0.441059350798032
0.148772798700137 0.014788702550857 0.0523210929610934 -0.537706424489419
0.0772712897343353 -0.0720745198239039 -0.206423971483488 -0.389846184609452
-0.000480679377523538 -0.0776983420356439 -0.247696656501514 -0.228076235602756
-0.0464340637837176 -0.0717798941367996 -0.210706656477487 -0.132258572762879
-0.089912179194421 -0.0580858368150368 -0.152461664266327 -0.0558361000078867
-0.125250715453525 -0.0756214525378091 -0.0999180875087679 -0.00294702101953475
-0.0777293313976582 -0.135703353357097 -0.0849196367645974 0.0277148718345028
0.0438300029471624 -0.187497694137622 -0.0466575561936083 0.0464890195217378
0.232564978638926 -0.052252425068027 0.0532233513112707 0.0625120020882788
0.170728756263641 0.174665233396429 0.0709565156885904 0.240863637424048
-0.0383215733694857 0.233799035478761 -0.129736678100277 0.263677081399048
-0.219124915157597 0.179212815951598 -0.0648022904975389 -0.0826725653461517
0.00896893709582205 -0.0501303135836291 0.0416792599253498 0.208826340079419
0.050401700242108 -0.0333149589227788 0.198233344303846 -0.201811353710077
0.0103532806476019 -0.0863815103404359 -0.0692180607942061 -0.299257159701383
-0.0568845172424614 -0.0453973501053432 -0.107021876991245 -0.0849391655954804
-0.0379397180292323 0.0405483336069501 -0.000209044312115067 -0.00233792073194333
0.0213926100734924 0.0477934509707791 0.0505977098000999 0.0128094966089737
0.0376716762495502 0.0322247570742353 0.108913080311563 0.0334562732770077
0.0265792206498909 0.0246309650375401 0.162668035670586 0.0725527823411888
0.00203875641782432 0.0236669559790422 0.225311667724815 0.143625601770163
-0.0091482133381147 0.0179616031363371 0.23450334152488 0.231439824353387
-0.031867679860177 -0.00624207270466144 0.213151167410881 0.355472033345528
-0.0479314793694201 -0.0285966239767231 0.024895226214661 0.485949156320046
-0.0580088219064618 -0.0679589693807028 -0.270928549140284 0.474487737171458
0.0348042429137551 -0.10988282733358 -0.516363009596275 0.212911842483947
0.114854356008731 -0.103432973830061 -0.622309917465663 0.0372963679030341
-0.131803752605277 0.118384038215687 0.0450445415625131 0.209421899625979
0.0418617810209923 0.187892078628892 0.21567680396723 -0.182616942253816
0.168303533941321 0.036384023262218 -0.042157144170812 -0.316244900241083
0.119267832350525 -0.115870269063798 -0.109998316713749 -0.128790137626986
-0.0236222096984572 -0.114391869096482 -0.0278392452934379 -0.00869962270787481
-0.0516408719366339 -0.0374421387564627 0.0325265023947304 0.018770451218115
-0.0420996546550805 -0.0144950326717451 0.0981394343811545 0.0425742519188897
-0.0476434196900528 -0.0118409527891973 0.159803261909078 0.0761855477630033
-0.0614609341363578 -0.00988510223793733 0.227574274811808 0.13525497660526
-0.0375380484700215 -0.0233101412116047 0.238586988066008 0.211660943424537
-0.0279240819036852 -0.0556336659443162 0.229390007119417 0.340375476414047
0.0123431806001425 -0.0641615207378888 0.0587602495638162 0.479163080341356
0.0221082792437524 -0.0381915510070161 -0.241551270683861 0.483951317590607
0.0496459652787924 -0.00951544163237654 -0.486237190848811 0.266624838984785
-0.00111599100040729 0.0190256851439114 -0.624579358438807 0.101279117233905
-0.24902811878129 0.2551629482143 0.0813647166047456 0.182710186448686
0.0404314087380742 0.359216494631198 0.214838266201562 -0.138479841307885
0.291991426015675 0.133553147716947 0.0293970064168907 -0.283623972100746
0.257881012934314 -0.162566733852982 -0.0509131915238137 -0.194676563814931
0.00148846487622566 -0.231836315849101 -0.0491413223074069 -0.078076448594503
-0.0994240213660897 -0.110414070943964 -0.0160440381864597 -0.0170160002805979
-0.104150632501545 -0.0615155012254812 0.0513950194504399 0.0331865146508985
-0.114437291464192 -0.0451228684074277 0.130935402722256 0.0687945178165049
-0.12228686887227 -0.0372503222946081 0.217242472909014 0.113594809926119
-0.0756486177718817 -0.0576809784720452 0.237090599042858 0.187057624590924
-0.0414243368336845 -0.108083001359785 0.237452151550724 0.330898822615667
0.0682658591396268 -0.118195416364911 0.0684797240349032 0.471294955721657
0.117897467406871 -0.0210964317098839 -0.22376419463021 0.468692977816757
0.0793838704872852 0.100487206195959 -0.436371095881385 0.285634052078101
-0.109232680052919 0.149573587740713 -0.577339027359452 0.138805425161547
-0.325711239208511 0.337475988669014 0.149648292020357 0.153029349375269
0.0478005058082248 0.442816417395641 0.244003393359638 -0.0708442555684773
0.358255040605021 0.175653750593536 0.150538743646247 -0.253124329280868
0.324924266493721 -0.182352001361791 0.0333044715545251 -0.291719196111994
0.023019515800435 -0.284029707392823 -0.0750152262243828 -0.184667058388934
-0.114946843535446 -0.152462710706623 -0.0828876908748052 -0.0742891868988929
-0.1404270627875 -0.0974283935094612 -0.01637318898145 0.00953213475941684
-0.162682453204425 -0.0706301395302709 0.0847206827139532 0.0510763382904461
-0.175946806503895 -0.0572958699559132 0.187914554607546 0.087051430124318
-0.122942227665264 -0.0883112833960573 0.214597081953815 0.166585161525792
-0.0679883025122341 -0.170416734765095 0.211963352459497 0.327975777777915
0.126365305190779 -0.191284852485536 0.0413094367815275 0.443490093360016
0.228615724117901 -0.00896215807225927 -0.218340472839542 0.413050502806352
0.112926467586635 0.213169465798277 -0.361957536289876 0.266190011508513
-0.201271748130713 0.265507550195563 -0.488652935045126 0.14034297324979
-0.360230871369372 0.36533632806549 0.250449995583339 0.12800908983174
0.0431750857293779 0.445879185978007 0.33130693404853 -0.0169886106829823
0.348232120563583 0.180133566430741 0.284706084677442 -0.275478848354024
0.320980909780141 -0.158318638222179 0.0924635155141752 -0.405460879282254
0.0450574226128257 -0.267923728020745 -0.116853027531301 -0.286168365426244
-0.100341602893339 -0.161618222951131 -0.152881670052403 -0.130253060113424
-0.148067926570221 -0.117746912002211 -0.0871117216409341 -0.023412963789551
-0.187303763045037 -0.0858266249652446 0.0242737326826426 0.0234253795633093
-0.213164109352429 -0.071826637974838 0.134458531480956 0.0637342914427637
-0.166503238573388 -0.12043959293387 0.159401581453246 0.151355687859116
-0.0870947383729438 -0.24079072341023 0.142797972485015 0.310799751894387
0.19814242035144 -0.257076232036833 -0.0127105163826547 0.369111615814846
0.33482630458344 0.023247330265669 -0.188890659520691 0.312656399132989
0.125976944069874 0.317430045352443 -0.261433652883838 0.230654674485685
-0.269188723133136 0.344435428957793 -0.372385582848648 0.109582170302107
-0.35117143098783 0.354891574198866 0.37361375712487 0.0976018808149812
0.0262344057528469 0.397359248392306 0.447673761335005 -0.0216694649882601
0.283710111204212 0.169133074511659 0.369824039561628 -0.339431586843555
0.275754773404529 -0.0986280952446464 0.0997922689675294 -0.491759639453956
0.066797102226128 -0.209002369637742 -0.162386084814277 -0.349541211199621
-0.0678250287508337 -0.145519361091665 -0.208243123036898 -0.173245326219103
-0.129508279004839 -0.119012065263547 -0.147882085433865 -0.0624933165248171
-0.182255301938996 -0.0882450694715316 -0.0420833372343614 -0.00758225562738933
-0.221766292254763 -0.082465309302338 0.0592610278139746 0.0438591156644118
-0.181288174233044 -0.152138838259558 0.072520244009296 0.128189066130918
-0.0684025590174163 -0.290168585038109 0.0463689834142875 0.250651961053691
0.271841982459314 -0.26361608934367 -0.0426954221506963 0.245435281967246
0.383364257314974 0.0922898847853004 -0.10708477139226 0.216580161979361
0.0970067715227589 0.377260821475501 -0.1613626481755 0.217285884391069
-0.302869480261509 0.363202565492186 -0.250856914774074 0.0579089882701993
-0.296183238520282 0.31149217106554 0.494061548510579 0.0515242189345454
0.00865587353636723 0.323414394270213 0.542067697565605 -0.0766259559040874
0.203687653452645 0.151054977753491 0.384094785435957 -0.409957867628565
0.215656252220263 -0.0346258312551279 0.0704998757099674 -0.532114352124746
0.0792765544606799 -0.139658235861701 -0.199398187384001 -0.372625299298573
-0.03354691372273 -0.115198360553985 -0.239853568901642 -0.201595258564525
-0.0949488304147109 -0.10239401854596 -0.190969768006863 -0.0987975572137597
-0.149115194119827 -0.0780332344353759 -0.104477029401958 -0.0336900896213545
-0.193307368339802 -0.0836379449027904 -0.0250799978513019 0.0242866547169811
-0.151331089092299 -0.164262862687437 -0.0193991020063429 0.086079059582636
-0.0154596702968273 -0.279503090380099 -0.0261949312467814 0.149765308878683
0.300163734905127 -0.186278789454966 -0.0136124527187752 0.120034051910817
0.329230472835513 0.160307969664222 0.00743540328809069 0.186693895862501
0.0313426208845224 0.357922378797984 -0.102951559608398 0.24139642365484
-0.287996850024516 0.311317397082965 -0.143743694272459 -0.00876354685337783
-0.208624948196628 0.23429737668433 0.581801091695005 -0.00523237961922463
-0.00273556099785179 0.234523724914751 0.585182337800996 -0.151056862296041
0.126416333523007 0.123928371579764 0.357630573936841 -0.453926425226694
0.150459008064449 0.0104471794738581 0.0307168654342042 -0.536403178350646
0.0756415276605217 -0.0758958815402916 -0.220728132544468 -0.375858933093726
-0.00384517737253488 -0.0776067759237507 -0.254186703135202 -0.21977974901012
-0.050245622643346 -0.0729220818661272 -0.217848915239392 -0.125753109400456
-0.092172190595634 -0.0554186036988521 -0.155010042606676 -0.0530566778684911
-0.128526852125083 -0.070092569353752 -0.0990181967217039 0.0026092340702666
-0.0836650264593909 -0.134606791189261 -0.0855048753293581 0.0327916162928002
0.0366473055103551 -0.190906343434503 -0.0455815367609134 0.0480050198460802
0.235966348203311 -0.063968687534868 0.055331099591299 0.0551841077826219
0.181011007642567 0.169529302339313 0.0893914626822127 0.230452681700649
-0.0290846123141672 0.237463797597403 -0.107423844964284 0.266515819966642
-0.212521362213676 0.190233235587896 -0.0615692218703718 -0.0776891779701664
0.00694919852072501 -0.0499135881324815 0.0423506745789466 0.202505522023768
0.0496375221553099 -0.0386649014830517 0.170408945873658 -0.209912487941171
0.00283117982094115 -0.0879728728745928 -0.0916998606262952 -0.285310599878268
-0.06273568487034 -0.0423355297908366 -0.109573970474531 -0.0721734153286775
-0.0357701287792516 0.0427582890560704 0.0043841319470318 -0.00199191871631488
0.0237729989255269 0.0464508244401864 0.0529013540010554 0.0111005215352185
0.0387091071200717 0.0289784787662518 0.109135008024087 0.029320619671635
0.0286716731440771 0.0216997148594882 0.163456092548496 0.0644892053020252
0.00358994277942955 0.0246565769010937 0.232660297251515 0.130580882457584
-0.00935094795611408 0.017749340976298 0.24563852281684 0.216991122517176
-0.0337956487475823 -0.00470657127442121 0.227459108714004 0.33764792247104
-0.0500102920475947 -0.026796008567855 0.0536735473435836 0.47492672036644
-0.0599534519543819 -0.0625243787805362 -0.238038620422725 0.479092869180168
0.0293559279495136 -0.112962759322399 -0.498279302831355 0.241303528035547
0.108426403686948 -0.110215652733936 -0.618846048129409 0.0749516594634736
-0.123997453527021 0.125669554452277 0.0465359575918694 0.201494023718833
0.0538044951142579 0.182452524698551 0.187766293199698 -0.191964904555143
0.167016914800109 0.0262359228749945 -0.0661523304939762 -0.303739863803063
0.109616397929383 -0.122492340239078 -0.115578787136962 -0.116689098991583
-0.0315135621085105 -0.112181420879862 -0.023629662816294 -0.00520536455200234
-0.0536589249554383 -0.0337845372426206 0.0357518104472873 0.0177491679583126
-0.0432525811527649 -0.0144768981958987 0.0987788645128821 0.0388860873213022
-0.0479021115394161 -0.0103416978699252 0.161017073072602 0.0672320883318119
-0.061095989006197 -0.00611189210975197 0.234354307522859 0.122447752783154
-0.038307037773931 -0.0228407525587018 0.248214993686983 0.196745976584494
-0.0306542822632637 -0.0540560005574415 0.244000026546102 0.323037859897257
0.00960201378059106 -0.0649149893305885 0.085119530820361 0.465428456728801
0.0212263509005484 -0.0374706400998895 -0.208637709357389 0.487664571984786
0.0488060501216583 -0.0137091310140799 -0.465602974727651 0.293059991934784
0.000230580469656997 0.0177511402908374 -0.61744699827971 0.139421699650262
-0.233794608046608 0.26784950068227 0.0819609972052373 0.173637504279769
0.0609073376107991 0.353555743284693 0.190278190290041 -0.147228565278984
0.295362353761893 0.117535800908759 0.00805810297461248 -0.275291393409057
0.247275743590982 -0.176174789038979 -0.0613927869464426 -0.186840595148249
-0.012949879213547 -0.230672805546574 -0.0490661935677599 -0.0733829172875858
-0.10440018029894 -0.103895785038961 -0.0147732783583462 -0.0147877114429897
-0.108830090085346 -0.0583492428167233 0.0516265796746087 0.0330961924208669
-0.115976419154563 -0.0399175791280117 0.133637146126597 0.0612194010219555
-0.123352116083615 -0.0304757202239358 0.222456135130074 0.100259370784428
-0.0771233543772931 -0.0556616454807962 0.244285457139863 0.171974324986933
-0.0457735037994674 -0.105346026042036 0.25272024049988 0.311797109585514
0.0625572675486946 -0.121409756466481 0.0960263315165779 0.457170503123708
0.117360771663057 -0.025343054518777 -0.19283606701449 0.473564632737441
0.0817217684635541 0.0942152283670722 -0.412728226844922 0.307557677025587
-0.100793482314058 0.154281277212298 -0.567014409178506 0.172662231980301
-0.307300442123038 0.354924290300345 0.149402240226794 0.139771398171591
0.0715537093579985 0.438491932722617 0.224813254683008 -0.0811080349335571
0.361693711333818 0.156865123561574 0.131084771714209 -0.253027106190678
0.313207323135733 -0.199004091028638 0.0175028396257903 -0.288811479761388
0.00773570224205164 -0.283457567488777 -0.0810457113428739 -0.177648539929919
-0.121613782167976 -0.145005248178591 -0.0846526686471005 -0.0687001185304286
-0.145383950534396 -0.0932581037249804 -0.0163181247246893 0.0134462223141089
-0.165988348889201 -0.0631405318230128 0.0863221495564159 0.0455269149743267
-0.176874560016572 -0.0473284138645437 0.191629924539517 0.0750759914662455
-0.125503023285085 -0.0830869584353305 0.221306385148462 0.152761174009372
-0.0751422648336822 -0.165879639265458 0.228097756218806 0.310604079114124
0.116497762750683 -0.197278328206923 0.0670467937661838 0.432836835631247
0.22832143719222 -0.0191093750370231 -0.189161825763959 0.416246778801282
0.122018105773945 0.205047165457728 -0.339548242617684 0.283215728841666
-0.186565522266724 0.275910073809425 -0.474470359706551 0.169598758368642
-0.341403717560827 0.38533971268457 0.249437029352357 0.110751800024313
0.0640926743439751 0.442283306765431 0.318755006451626 -0.0336643938562337
0.351671613714544 0.161256603142695 0.264792029863054 -0.283418202884985
0.31140348941484 -0.172730598641612 0.0690470563980465 -0.406647996953684
0.0306683146925537 -0.268997910674865 -0.129300877969684 -0.274472793687657
-0.107490928843278 -0.154810412487361 -0.157004546859511 -0.120714816772687
-0.154206899653505 -0.112572161590646 -0.0887994259507598 -0.0167905368525517
-0.19159529087209 -0.0771867541111719 0.0249181048380897 0.0204982628489887
-0.215386934791015 -0.0609294511512697 0.137123801822987 0.0535608211819146
-0.170175518195036 -0.113499912884367 0.165188739711602 0.140926981754203
-0.0978674360549133 -0.23403792591715 0.158960111453521 0.297459849324311
0.184512792876155 -0.267504706605408 0.010581502655842 0.361754462555211
0.335583474081115 0.00670236075721984 -0.167030352661789 0.315269253603746
0.140604397781134 0.30907269664066 -0.242306064489863 0.240398976944787
-0.24923330536541 0.358071843281867 -0.359806518230688 0.134390151252965
-0.334959203515243 0.373429367336926 0.373775405741331 0.0737521901324569
0.0440405542800297 0.39638462247412 0.436826074909904 -0.0445677532557284
0.288297085609791 0.155928673923932 0.344530861431677 -0.355462141984349
0.270511633391594 -0.110238909004348 0.0716148173934491 -0.493392552552345
0.0562155216062036 -0.212448322974101 -0.177523978195251 -0.334215369895954
-0.0734625721212141 -0.141056666884484 -0.213536821454896 -0.160739707839086
-0.136333005070593 -0.114839864358255 -0.15114499890173 -0.0526050850018763
-0.186114361093665 -0.080458938075713 -0.0434362151364906 -0.00706965355938903
-0.224387127516699 -0.0701330752784144 0.0620793603068863 0.0383282104630798
-0.187132243413755 -0.143044943984764 0.0788817305810269 0.123370404258174
-0.0838762269953279 -0.284341125244901 0.0607281056263172 0.246012708479953
0.25777943281372 -0.279622956875262 -0.0280679174871936 0.241314439243577
0.38922825640838 0.0708375290407748 -0.0904429765698994 0.214499937668084
0.11699698500297 0.371545131348509 -0.140329586970684 0.220261426296081
-0.282011124244821 0.379603337784179 -0.241256689269446 0.0741552156327125
-0.280624484271721 0.327069024025076 0.49225397185621 0.0204874158355138
0.0236283043024567 0.322933341529701 0.528203851673081 -0.108781603697349
0.208449468294874 0.142575392131881 0.357283740307302 -0.424234133077839
0.214317659256915 -0.0444405118768993 0.0404141138623662 -0.529403649847518
0.0731670066833946 -0.14376804051258 -0.213941917907957 -0.356143559855258
-0.0381529965019917 -0.113031351424762 -0.24651613219116 -0.187316037752844
-0.101193547990195 -0.0993606685031277 -0.196321532504999 -0.0874063402068946
-0.152008098344597 -0.0711579573763495 -0.106531223470908 -0.0307819446412678
-0.196503281850912 -0.0723077525845045 -0.0223199537421812 0.0245959923621451
-0.158970279769544 -0.155731337720327 -0.014310206946603 0.087576920828034
-0.0308398798616726 -0.276804458651196 -0.0183109349727354 0.150326326861241
0.290368717602857 -0.205490360048885 -0.00698049149188943 0.115477289072686
0.33876482955084 0.142093632249801 0.0223897506405676 0.176681531473581
0.0514395802218692 0.3538710265986 -0.0785154899871656 0.240608298147254
-0.270327636899721 0.327490673205261 -0.137334489965268 0.00217611742215399
-0.196439837293533 0.246158506876361 0.579034957418318 -0.040715430542834
0.00853287378281228 0.235172707984091 0.570197792794099 -0.185880951643436
0.130178162933563 0.119165998855867 0.327906257360794 -0.467234130652216
0.151917510667256 0.00383150424288711 0.00104738679018337 -0.52967877957258
0.0716450349731108 -0.0807646736796316 -0.233982382789857 -0.35542519291696
-0.00783160132739514 -0.0765722979996667 -0.262718447268195 -0.20456925058659
-0.0535271648898033 -0.0719181519895131 -0.223516411374572 -0.114910802926426
-0.094201456560294 -0.051581420823958 -0.156450847754324 -0.0457639576130126
-0.131408423713073 -0.0621921842070475 -0.096621115726153 0.00811130106410344
-0.0914323023935292 -0.129779893553337 -0.0829957018023174 0.0390046206911664
0.0251801141428198 -0.193175929637291 -0.0447629910489489 0.051235423618374
0.233716195030641 -0.0799901792277382 0.0574533103437106 0.0462067423477471
0.192122899850664 0.160307633333632 0.10775911607169 0.213971640227942
-0.0155810500004731 0.237888860948091 -0.0808625941591433 0.267062160424945
-0.200962010993413 0.201843896899661 -0.0589123644239104 -0.0715574588870528
0.00167897656183121 -0.0464069021241168 0.0641442482914859 0.187233861335516
0.0414640403389309 -0.05565939519729 0.115738433434117 -0.219303658338948
-0.0197739386338351 -0.0884511780170635 -0.13487639774963 -0.2466703600023
-0.0740516482094674 -0.0287169631756424 -0.111021104921208 -0.0499293484954054
-0.0278013704269786 0.0479024514284391 0.00588551240738045 -0.00593679199998214
0.0314257377402006 0.0406405834594191 0.0531532789108941 0.0020790762286831
0.0437396374295834 0.0206653244213812 0.107509611698901 0.0122200951196467
0.0336929684483904 0.0150071289933853 0.163208753060766 0.0394126678934511
0.0111080085065633 0.0218812458893924 0.242501629828515 0.0946033486342825
-0.0038787748382205 0.014296118340658 0.26672569316617 0.176918681047614
-0.0309763674519095 -0.00111458394574829 0.262810814021276 0.291594873831067
-0.0468647530027514 -0.0214981887750187 0.11468363981067 0.445041008767224
-0.0571668866971874 -0.0504484840329061 -0.162249657466363 0.490803428492067
0.0178031710202549 -0.112132410887705 -0.452112237917365 0.300750884605246
0.0919729801822654 -0.118792796758323 -0.589529230862713 0.152131009653208
-0.0931006167683057 0.146869609092392 0.0646674456407095 0.176552367106172
0.0862787996817423 0.155940343393279 0.125731384292262 -0.209360490811623
0.158839637882481 -0.00803188666473566 -0.122050129624013 -0.262928727513971
0.0770285759377989 -0.138281396055158 -0.125772501859372 -0.0813316775297154
-0.0503074514179551 -0.100967734291818 -0.0143572718986926 -0.00238496608968007
-0.0542711012389013 -0.0228466411308403 0.0406472857444735 0.00935807605093904
-0.0440423242093274 -0.00870775368440423 0.102386704337201 0.024100920935553
-0.0446557609127946 -0.00497950299704845 0.162785314274572 0.0411154974186556
-0.0570955800609493 0.00257738900643033 0.244291168215394 0.085638143850703
-0.0387451672436072 -0.0210379753179113 0.265549180767221 0.158911616086269
-0.0350263559211054 -0.0499041631782433 0.275646179728151 0.275586455380604
0.00540134244502958 -0.0680281329100484 0.143572575621973 0.434570472598549
0.0239205537112013 -0.038920162542231 -0.133748276643932 0.49420523632442
0.0491447603259494 -0.0199473370112534 -0.411712203237589 0.346070093048637
0.00497856591902008 0.0222831842094083 -0.574929689237538 0.213583341171085
-0.173138759556585 0.302363028608646 0.0911368190162446 0.136346455950314
0.124841206612594 0.32046900799743 0.127771994261152 -0.170986482862967
0.299534650527126 0.0571983239948784 -0.0535771307792784 -0.244397162061904
0.20117489475665 -0.216642663732875 -0.0869734597934544 -0.150162407616202
-0.0535279321977139 -0.218612463494159 -0.0443415912440586 -0.06071759174537
-0.115008119437431 -0.0821132105705162 -0.00992685681501542 -0.0147750314479033
-0.117271514727205 -0.0409244688946321 0.0595565976240156 0.0268021629564978
-0.114897365915247 -0.0234596298196918 0.136507933037735 0.0378970397956088
-0.121255812004017 -0.0112936178236901 0.229304914316051 0.065322448722741
-0.0815485137925037 -0.0469266723456105 0.259499919108279 0.134885421368874
-0.0561572558184684 -0.096878687022481 0.284512891923214 0.264179664081105
0.0492194951425105 -0.131385770722109 0.151325664374931 0.426483629124268
0.117990943644888 -0.0415345476753524 -0.123406090135237 0.477184087177667
0.0966135034753586 0.0775174537875017 -0.35489569970793 0.351915110006882
-0.0737274056602687 0.168874755531272 -0.515599756211454 0.24151212135996
-0.228183517468526 0.396603542388383 0.149411005426915 0.089284958183771
0.149656541735032 0.400583601275178 0.170648257737581 -0.11392614903614
0.372726602379108 0.0826057854716385 0.0658596623281974 -0.241079107578163
0.26196406479911 -0.251510729843281 -0.0296029987097113 -0.258925768873826
-0.0448380909872739 -0.274394557507924 -0.0910642716741605 -0.154326308814002
-0.139909218061154 -0.119755684179303 -0.0844711096157625 -0.0550847407167457
-0.161407419479139 -0.0691266223337102 -0.00683202355216367 0.0203478288866905
-0.167076274322878 -0.0383301059722605 0.0905804878827111 0.0279919036790327
-0.176589985456049 -0.0200951575530547 0.196322776599297 0.0436187635763825
-0.132161603184901 -0.0658429060125866 0.235016085397119 0.118782952865673
-0.0942144680881004 -0.14910566079351 0.263607203252001 0.26699461651075
0.0883885593696838 -0.213533074963802 0.119108244442045 0.40943297643601
0.225013156607907 -0.0521593978595417 -0.130443560214662 0.423417330628438
0.150786503195512 0.178159240595137 -0.283166833697667 0.313524875849533
-0.13882067396467 0.299603031404439 -0.423297053210644 0.225007808043498
-0.256066162386025 0.431830496095989 0.24228539068352 0.0428373951000397
0.145910703811451 0.406920074893419 0.269915869734935 -0.0852594791192691
0.366324659617685 0.0901523658837598 0.189113723955339 -0.294964140076931
0.265285882152147 -0.228634703939864 -0.00155585914551805 -0.380911780367861
-0.0208089857359729 -0.266906015214771 -0.152726395021518 -0.238519652774516
-0.129184494875997 -0.132184349236086 -0.161299359489271 -0.0923011623520231
-0.172831404143381 -0.0864292713329206 -0.0809703103796127 0.00278423265066399
-0.194217949025879 -0.047845041958393 0.0279402852548895 0.0122860544191307
-0.215824233543326 -0.0253920922995961 0.141224676108217 0.0294796111421912
-0.180123139522508 -0.086732396708277 0.180520187174831 0.114827292457018
-0.126709990398593 -0.209810189947359 0.19727584684576 0.265767141591887
0.140879077282859 -0.292724131519333 0.0533886964685789 0.352873702268895
0.330621784338453 -0.044188095025868 -0.125688903630612 0.320238660861775
0.184235383146331 0.274733825638283 -0.191133482164579 0.255580420649138
-0.189931397214219 0.389814902706109 -0.313550022442765 0.174866432333481
-0.249270640648335 0.417620558023058 0.356825777802618 -0.0109967754769224
0.120017721898702 0.365783043305885 0.385624250546461 -0.117715371993769
0.304180669501911 0.0943345427774718 0.257297192305821 -0.381008160440088
0.238500027525761 -0.162464248351793 -0.0149460316485891 -0.468077530178979
0.0129738523089598 -0.218464044542066 -0.212810049411175 -0.287907806585647
-0.0969031631391913 -0.124549518268715 -0.220973165946351 -0.121585864918286
-0.156755029763836 -0.0906387089629725 -0.147036498728356 -0.0225282995373551
-0.190901044333979 -0.0501676125528573 -0.0417641104449225 -0.00484888750479844
-0.227129165414344 -0.0315109584593412 0.0669799410364848 0.0245754493752392
-0.202028507871807 -0.110744567759158 0.095848025512818 0.110123500482572
-0.122575283473179 -0.259595355138182 0.0960507902215851 0.231047830321294
0.209740097356486 -0.316333309612354 -0.00346176436845915 0.240419096679378
0.390250408443449 0.00841385011479806 -0.0680211158641287 0.207938996478666
0.170340094981725 0.338923503387937 -0.0917001772454421 0.222721206289931
-0.218782662075345 0.413520488450386 -0.203590935922535 0.102926009174322
-0.205938770018614 0.361092225325378 0.465146919801555 -0.0778948638701934
0.0879077221832281 0.297788509414095 0.467794550454462 -0.193409400794477
0.224272884409224 0.094844609313391 0.259898641998461 -0.453516271272343
0.196951732616231 -0.0894909478010385 -0.0523933136999252 -0.501305132554
0.039355380813317 -0.156020191133322 -0.252476334016754 -0.300540907876028
-0.060802387460254 -0.102887016266939 -0.258216142482828 -0.141304893244259
-0.119842698669915 -0.0815795908079974 -0.197574803258814 -0.0515699429395852
-0.158026909720851 -0.0463579226683951 -0.105465000218305 -0.017605152631713
-0.201985384023247 -0.0373997306138195 -0.0158516077673764 0.0235924391199474
-0.177917382186605 -0.125520235669714 0.000228089094143076 0.0892542514609311
-0.0736321423819922 -0.261145232440893 0.00552666195878889 0.15134818869858
0.251716428443078 -0.251091582552852 -0.000521286835499393 0.114123708885352
0.352822635046555 0.0830076318031729 0.0395345679893325 0.152241801383592
0.104575385054548 0.332325381231066 -0.027511836539706 0.234557509693931
-0.216076782052639 0.361272088153939 -0.112965959304505 0.0215960360519225
-0.138687815050628 0.266237881575648 0.539535130657771 -0.143816098310283
0.0588140864121451 0.214163971643665 0.499865544359059 -0.276052584459831
0.145103561614709 0.0844966575054344 0.228015460685423 -0.493714816147066
0.144196538233153 -0.0328035189529512 -0.0904571364554505 -0.497915360203506
0.0477163115257094 -0.0943725508570159 -0.275541817066024 -0.298835990906527
-0.0274695815922893 -0.0722042413936431 -0.277790207797022 -0.154758708692736
-0.0698609497339676 -0.0610999577604921 -0.230499916777669 -0.0732152421628478
-0.0993358164553582 -0.0353537828217473 -0.155791222142135 -0.0236723773219444
-0.137957967074169 -0.0370908311030114 -0.0893113934761184 0.0195703471342658
-0.10864346368004 -0.111085034204295 -0.0739271551993597 0.052097815072914
-0.00699706347906716 -0.189932762260202 -0.0357037759168581 0.0591519413085807
0.216132636747178 -0.120282513072007 0.0529712379964796 0.0342138552774455
0.214751697127575 0.122309798919486 0.132633249368924 0.176248960493884
0.0242970903194861 0.230087091826665 -0.0265244301229092 0.263399347984712
-0.167513239196528 0.22865701625498 -0.0505242694727381 -0.0595799242310784
0.000494792943655224 -0.044477560387311 0.0595461887051776 0.177548427967872
0.0377345575625416 -0.0590444028490626 0.0898135876200585 -0.208025168966683
-0.0246492840065034 -0.0842298910243385 -0.143272352281752 -0.222556992476367
-0.0749291456237397 -0.0224303339313718 -0.105789174331491 -0.039745980150768
-0.0252366469461274 0.0479833856993625 0.00806772777808836 -0.00768927095071078
0.0322551904705982 0.0376986265256155 0.053282367025584 -0.00120622724716024
0.0427213638217772 0.0178828271610944 0.103986725704254 0.00862860808913115
0.0333624546496602 0.0120790795046591 0.157911407234664 0.0343170296858468
0.012059531839307 0.0208345137298599 0.236211168876586 0.0816489356858364
-0.00464515023310027 0.0136223114530226 0.260605603615176 0.160287173425049
-0.0309458126296762 0.000304731392553123 0.259226297632247 0.267229605397485
-0.0468103903995877 -0.0192567215972136 0.125017663826754 0.415789570625266
-0.055219808161993 -0.0455324374250584 -0.133992800489469 0.468900739671991
0.0115571906631403 -0.110247538513175 -0.418213289831488 0.304926689214883
0.0828910487629479 -0.118240693793223 -0.558989683670386 0.17184289483944
-0.0832549396922069 0.144832432248013 0.058265900160316 0.167471289394855
0.0900460009492454 0.14371082676628 0.0989869950726235 -0.199039855547646
0.151030070395248 -0.0132583509264858 -0.131802212311937 -0.238523353905857
0.0659168606663571 -0.134549312648414 -0.12250212486219 -0.0691744634244968
-0.0525429054283559 -0.0935653529523768 -0.0108919930210492 -0.0027553372383284
-0.0524208946153129 -0.019915421939943 0.0406796446326505 0.00647169627706554
-0.0439545130170381 -0.00773435901335249 0.09919406553691 0.0205678549219818
-0.0432985444277161 -0.00489589905455294 0.157333217965067 0.0355435903793448
-0.0537460115976987 0.00476803371745625 0.23680863897622 0.0727542730659018
-0.0388943596092223 -0.0195719731500462 0.259218365147758 0.142408911221098
-0.0355877657727332 -0.0471094436900098 0.270860710942397 0.250330820430045
0.00313948173881856 -0.065540206119986 0.152812827010876 0.40287843496641
0.0235430098087341 -0.0363391633473626 -0.105571974859121 0.47276542199472
0.0449145991115494 -0.0224918747279232 -0.376648166680518 0.347875707650152
0.00501623506808687 0.0204395291742771 -0.542661063324541 0.230442620566763
-0.154645012533561 0.297896736203717 0.0830441186176585 0.12738616250818
0.13390137362242 0.300311064027113 0.103412234047038 -0.161797371508725
0.288081929982848 0.0443958510922082 -0.0642635137334517 -0.223815925524218
0.183415237598493 -0.214494485760588 -0.0895409547581413 -0.138085535004263
-0.0608905202275388 -0.206477991871005 -0.0413582225126402 -0.0577864740159528
-0.112580264467351 -0.074238104891761 -0.00952302704795494 -0.0149662970732388
-0.115146696513182 -0.0369930212092638 0.0586333683006209 0.0253138693321155
-0.112030387028385 -0.0201584800048342 0.132275487159724 0.0324336758190552
-0.115664869571196 -0.00690940596284588 0.222074071211361 0.053280884294558
-0.0796487068431457 -0.0436908499148438 0.251856956710915 0.119077708410416
-0.0564782195632564 -0.092192979664851 0.278415388656719 0.240035867286663
0.0432078133175103 -0.128285086285176 0.159561359663201 0.395470885002537
0.112696404282455 -0.0424232082142992 -0.0964297801045893 0.457764982276315
0.0935866794133168 0.0695424280129411 -0.323409958340192 0.349341148380475
-0.0648481055780719 0.164295682363172 -0.483383988371384 0.252531404735496
-0.204858103620759 0.390522382833281 0.138204862693975 0.0797106901142507
0.160583316206162 0.378559085482013 0.148010266123874 -0.110371053210211
0.359067007644053 0.0680487795186132 0.0515933786350675 -0.227467411212102
0.242082325421726 -0.251126299207773 -0.0404917424405514 -0.245273074132759
-0.0535474143371317 -0.260658399668802 -0.0906173086996725 -0.146019183929512
-0.136756030419471 -0.11007896713268 -0.082414573182203 -0.0503341331201123
-0.158417517821675 -0.0621571542272392 -0.00501733786309834 0.0207848136054671
-0.162770450516153 -0.0324760194923181 0.086773436879626 0.0240207848958854
-0.168788903712965 -0.0125953079146572 0.188931722624587 0.0331032254093199
-0.128511074870005 -0.0597875428387963 0.227754024013509 0.104685064679355
-0.0942731967773804 -0.140304798022949 0.260149877746641 0.243606991052433
0.07765789002787 -0.20921246771247 0.129026532224168 0.381706860638856
0.214765621477007 -0.0572001926494057 -0.107080183433124 0.405353970141095
0.148788242757935 0.164794779523422 -0.256193738031144 0.31071129406283
-0.123188720406105 0.293432039611515 -0.393367577696293 0.235176033789523
-0.231183717568877 0.424777993205211 0.22778610243745 0.0313517999245369
0.154938405607275 0.385065762784876 0.245722607184729 -0.0877366614080631
0.352699043804322 0.0758995808599334 0.168095862401581 -0.285404434034232
0.24809226624216 -0.229144527762712 -0.0199058231341223 -0.362811460367459
-0.0289305082765871 -0.254560428007896 -0.153797851408108 -0.223794133010216
-0.126399272920931 -0.12253026201103 -0.157812500158041 -0.0837211101941259
-0.170991210706345 -0.0794848830416581 -0.0768288529656276 0.00748836590433429
-0.189628094979695 -0.0401808360399831 0.0259490128477481 0.0102441087254672
-0.206355008917918 -0.0161844662373786 0.135234958154367 0.0210095586002641
-0.175472677922458 -0.077184128772656 0.175519217056065 0.10314009578457
-0.128712702451414 -0.196466441375038 0.198167637907542 0.245099959000102
0.125207271012779 -0.287764687262308 0.064038305493655 0.330657921773463
0.316866308939643 -0.0540907411361838 -0.108877103541204 0.307001451945243
0.184773704304111 0.255086290835838 -0.168405261510069 0.249226382033091
-0.167947423771325 0.382931724034348 -0.28872181112629 0.18097433464716
-0.226740193742413 0.411688217488338 0.337505104476336 -0.0249895821622717
0.128299184814192 0.347673675225282 0.357651170110178 -0.12434026439927
0.294107559470733 0.0833339429950114 0.229536788597452 -0.371255307412372
0.225695362487958 -0.164213568675651 -0.0349703078648911 -0.446145207718768
0.00526331952551033 -0.210387228683524 -0.211596058238415 -0.266653457004932
-0.0956228094315788 -0.116408833307687 -0.216528756194959 -0.108800889311862
-0.155951538280969 -0.0836865580737027 -0.14186928295342 -0.0152789041714579
-0.186202249605794 -0.0436044526112822 -0.0419459605632685 -0.00429133192690892
-0.217506055513646 -0.0212414917245644 0.064536650206608 0.0182158022882145
-0.197025685654582 -0.0990954545498161 0.0944021805531302 0.102476447651898
-0.127788161721943 -0.244708613935577 0.101319412612087 0.216893987749546
0.189509051882028 -0.314548250060576 0.00511553367039403 0.225950931978121
0.376776306030126 -0.00712552848890405 -0.0566372714162182 0.195571305196297
0.174057852581601 0.317550774117082 -0.0741274028299892 0.212592047050722
-0.193849576547042 0.408241990212498 -0.185642206290904 0.10750767807984
-0.18598110029001 0.357536376724414 0.440663920434667 -0.0929701649210408
0.0952090190095857 0.283666652613966 0.43435137586649 -0.20365948293246
0.218168098540773 0.0864758889916851 0.229530898848072 -0.443493693372198
0.188578923784633 -0.0931209614218304 -0.0708195293977239 -0.47583568247
0.0334269212070949 -0.151389418887736 -0.250082447042199 -0.277823215911508
-0.059766317080987 -0.0967184998128883 -0.252458240573706 -0.126857047685254
-0.120179761274217 -0.0755734727541138 -0.192040373369581 -0.0418099087206269
-0.153698635436199 -0.0406339448462778 -0.104168725267045 -0.014829377032081
-0.194087638373511 -0.0270730572439291 -0.0138551331766787 0.0210414765457247
-0.175341159418848 -0.114415540580926 0.00229220922567349 0.0867557810795247
-0.0811292988411649 -0.248050722939712 0.0114437973242961 0.145313200619802
0.233060002889328 -0.254377993930531 0.00109357270537518 0.104439360831152
0.344683855974856 0.0657951842959631 0.0442027733795999 0.135565876113021
0.11241534577407 0.313434762416187 -0.0103459970141189 0.22056671350164
-0.193148069469732 0.356614240018021 -0.101608007945368 0.0245466088139323
-0.124633962062457 0.263344281500649 0.51115382441342 -0.160667001430887
0.0647767387406731 0.204258356214233 0.462503359394545 -0.283874103769236
0.142597185984366 0.0786125544311324 0.196285782479156 -0.478567229253838
0.139434320545633 -0.0359927061680526 -0.105308002183106 -0.47144644313919
0.0431345223818194 -0.092913553620185 -0.270071910052275 -0.273215645422749
-0.0279381865373702 -0.0674285258957284 -0.270792768920358 -0.140208369833384
-0.0706639475398693 -0.0571750104110728 -0.224722335489827 -0.0629546456363788
-0.096804771727195 -0.0317425737565574 -0.151638839785012 -0.0197064672585909
-0.132110944077279 -0.0297284066175742 -0.0837891438282 0.0209462314836976
-0.109867501880614 -0.102715667622867 -0.0699098179659243 0.0550326430913746
-0.0142658965253212 -0.183064001693115 -0.0329903930651517 0.0587171977557102
0.204066703766351 -0.127026375365459 0.0492311994291801 0.0257009356859684
0.214143663187684 0.109278246912355 0.135357189985268 0.153300274523657
0.0323175214486264 0.219581506599045 -0.00653371874927418 0.248415639228123
-0.15229528052025 0.227887577036387 -0.0443355897961695 -0.0559754799593694
0.000357020833844111 -0.0431461069353104 0.0511799422593772 0.172294990568046
0.0357529638833922 -0.061640513349318 0.0715273105099315 -0.19429387929012
-0.0269412738742042 -0.0813430302973277 -0.146244433930521 -0.202572581151489
-0.0747290318203463 -0.0190634033863133 -0.10166695092745 -0.0324993783952792
-0.0232749451975996 0.0474194510187432 0.00899477901057536 -0.0094674529922004
0.0322787939221174 0.0358423865499765 0.0526711174028934 -0.00359887456395296
0.0415408041785979 0.0155465547276405 0.100667118294835 0.00784944198407052
0.0325835279507902 0.0101707616916699 0.153190647623508 0.0331220630087076
0.0124075498730614 0.0206204546607075 0.229436745589629 0.0761999687575536
-0.00513651593516354 0.0135660210058623 0.253178990836411 0.151441895533957
-0.0310565306382547 0.00136657062133147 0.249934239714156 0.252459261611218
-0.0458363062748712 -0.0180385945200822 0.126031953163926 0.394214656043356
-0.0520885458062254 -0.0430598464347458 -0.119665024099272 0.448550659275174
0.00945014093264808 -0.107732929614126 -0.396780441127066 0.302440338089189
0.0777964855097006 -0.11605490154764 -0.53736289061849 0.177537705985616
-0.077682268321597 0.141671918483968 0.0500605378805884 0.162296232269275
0.0899959411460635 0.133710260536185 0.0808347765852847 -0.185943361305059
0.14437743355791 -0.0152165388061651 -0.134038210432314 -0.219315116853213
0.0610396642935649 -0.131087061649059 -0.119655305543707 -0.0606334248624061
-0.0532533657159709 -0.088569420172562 -0.00803767102514576 -0.0045799563863191
-0.0499702791642714 -0.0184043824515124 0.0410498486726619 0.00444660064448061
-0.0433416458128673 -0.00710418361107444 0.0970935630666032 0.0191196481534059
-0.0423358945998321 -0.00505292869866665 0.152242872327965 0.033701941209046
-0.0506218332867455 0.00489546382307041 0.229571878885547 0.06724390971725
-0.0381405069322799 -0.0193958466226123 0.249859481501752 0.134339326167461
-0.0352191053185896 -0.0449332486072776 0.261769912790317 0.236447509288467
0.00254427287970692 -0.0637143310161732 0.150933444165513 0.380487915071867
0.023197832047542 -0.0347163252804118 -0.0936908734221849 0.452363681841945
0.0408149626655767 -0.0241146630950113 -0.355000754660239 0.342049954018228
0.00484712091007971 0.0189500440710605 -0.520296246029785 0.234145116329035
-0.145146266370943 0.290977934873567 0.0735509648101268 0.122171086092587
0.134574754972673 0.284949536341475 0.0848475058079025 -0.15037517007791
0.278219768863484 0.039561209975867 -0.067621051082982 -0.207393287794261
0.173369856353872 -0.210667072896438 -0.0897977442735041 -0.128667056989246
-0.062582999033376 -0.197522114471134 -0.0390338317634245 -0.0569084528610563
-0.108268777673044 -0.0705064568766535 -0.00886297829243118 -0.0152121858483945
-0.112905579529197 -0.0346222190254463 0.0579776884218311 0.0240560340827108
-0.110092361400212 -0.0193919774053203 0.128517458304947 0.0306073445818666
-0.109876062487746 -0.00558448510433129 0.214572736464614 0.0474618203032161
-0.0770176671956292 -0.0423495875011686 0.242624982263892 0.112475489662011
-0.0554892042127139 -0.0883268078157682 0.270566264938087 0.22544548012347
0.0404713744176881 -0.124703580148318 0.158957158272059 0.373458837206188
0.109452278406476 -0.0416562970111981 -0.0850381797775596 0.437645551191547
0.0882250826946611 0.0644762189281092 -0.30244533598216 0.343913258181096
-0.0606212356388156 0.160734398943364 -0.462802843711266 0.254344053909562
-0.194232645341129 0.382808378916507 0.127705856409502 0.0755147545615835
0.160265896310569 0.360669439109877 0.130616905310728 -0.101697386653209
0.347611663014806 0.0619939025443519 0.0446618893640503 -0.214756244664522
0.230267838436217 -0.246779935347237 -0.0450045095010216 -0.233207164788129
-0.055177023030269 -0.25011207549799 -0.0875690259724159 -0.139939858808304
-0.131177073056268 -0.105470393631851 -0.080456717181213 -0.0479787857310954
-0.155752531846098 -0.0594901606440991 -0.00393513390978515 0.0212866735859583
-0.159995513298343 -0.030285521441767 0.0840067081771806 0.0220437884593083
-0.161570012247815 -0.0102616385293282 0.181981029763501 0.0276714919583378
-0.123606455940724 -0.0573603667272528 0.21953680309064 0.0982213182811754
-0.0916970769298434 -0.134576038688215 0.253177958494977 0.227824815581434
0.073080654726242 -0.2034536946696 0.129692695367748 0.360249593582946
0.208364318234951 -0.0573905784463105 -0.096516954728249 0.388545546643096
0.142329894941885 0.155670984657661 -0.238356325441896 0.303199590910952
-0.11483324316716 0.285488635380501 -0.374923358377914 0.234124555117614
-0.219443230090047 0.415735442483778 0.214742098055885 0.027000752871395
0.15568161349736 0.368982005910601 0.227709410212725 -0.0829630146113843
0.340859956799749 0.0716662831036554 0.156440290737517 -0.273943420168491
0.237696181961194 -0.22456306660867 -0.0274745013409451 -0.349099807106114
-0.0305443188401915 -0.24545359677734 -0.150254282453844 -0.213851003594388
-0.121517079335869 -0.117972126013778 -0.153545300172166 -0.0786348944033955
-0.168211169365623 -0.0758411351601562 -0.073197893554481 0.00849826569656915
-0.185373517892363 -0.0379686946061121 0.0238857684315437 0.00942532746846502
-0.19786746072324 -0.0128823217299836 0.130288569527088 0.0155735426135774
-0.169237837991466 -0.0730536000616108 0.169415530246723 0.0976344557328903
-0.126711270497393 -0.187702366191065 0.1949899117023 0.231054337489315
0.117002436167938 -0.280969623342725 0.0648296226093792 0.311996610556928
0.306476591442184 -0.0578866165404534 -0.0993598737785094 0.294085167740952
0.180067106808747 0.242455721489358 -0.15521321602738 0.241133107061333
-0.156748316420518 0.373215783691109 -0.272473470086215 0.180466739511125
-0.215430246780765 0.402844783234773 0.322740412785927 -0.0295481529776428
0.128246534563606 0.334741134359446 0.336770817564531 -0.122924198915489
0.285840258585379 0.0797404000526567 0.213702195623233 -0.360657233914843
0.218701913577053 -0.161517228339474 -0.0435482403656341 -0.427844808256686
0.00437102935159301 -0.203500966512376 -0.206636586008545 -0.254014451104574
-0.0913549134836106 -0.112511544917726 -0.209922248884606 -0.1023565476668
-0.152870629441681 -0.0805331323181248 -0.13678844539615 -0.0129925625110303
-0.181904979759298 -0.0413241569808197 -0.0421382266761541 -0.00460017407361572
-0.209253319177168 -0.0177222068945276 0.0619954706083252 0.0141899063116923
-0.191289755028613 -0.0934546145496589 0.0915868797919676 0.097952256793371
-0.12699631368944 -0.233743881991785 0.101267554263525 0.206262765014887
0.178292852738833 -0.308815279863265 0.00625011019884206 0.214045025805177
0.366833825353026 -0.0133854441866813 -0.0527208478758974 0.18390743182272
0.171258383857962 0.3042537588063 -0.0629853700650111 0.202071938869866
-0.181403894512973 0.398681809297817 -0.173381803574348 0.106078897579881
-0.178017319892443 0.350373434360333 0.42200821298379 -0.096727091575914
0.095972615001133 0.272965266260783 0.40995823887315 -0.201976181411677
0.21239851302113 0.0837810421116066 0.211064503281467 -0.427919148700291
0.184114259805806 -0.09193256200195 -0.0779132806149461 -0.457073390581614
0.0318081808136653 -0.147544847308183 -0.242396040141822 -0.262383997823304
-0.056751342743174 -0.0926482908354078 -0.244871539100804 -0.119992461593566
-0.118702617302397 -0.0729753382507456 -0.186604169880873 -0.0372557435007991
-0.150341256234988 -0.0385919438622067 -0.102534685518054 -0.0147558635993292
-0.185330959947324 -0.0227080391567634 -0.0135454587834366 0.0181046596559482
-0.171154623647211 -0.107772080801742 0.00327576798150461 0.086085234047752
-0.0832252015603315 -0.238738304379138 0.013332624994841 0.139905728103569
0.220474960680923 -0.252682567223707 -0.000495494730571041 0.0962907326057335
0.336492538865077 0.0584713702612705 0.0445417323721551 0.122605692789281
0.112413223266752 0.300085277849914 0.000252082481490508 0.208598205298542
-0.18242127314626 0.350279929806146 -0.0923185613980283 0.0245947789040006
-0.119143226104286 0.258604479393142 0.490322818037468 -0.163167291238408
0.0665856115582039 0.196079644835542 0.434634876729836 -0.283674463396445
0.140184172758817 0.076682424959749 0.180158390377485 -0.462437357497514
0.136257047139534 -0.036612817012069 -0.111461968055143 -0.44904468702517
0.0417299405367257 -0.0906166538569369 -0.262750171053883 -0.258847118397791
-0.0261769589002435 -0.0638043163176317 -0.263415956261038 -0.132661469443371
-0.0701715888668895 -0.0552196376672663 -0.219333497476399 -0.0580581409579042
-0.0942892626525348 -0.03068402683549 -0.148259323268164 -0.0185914277286586
-0.127339197979243 -0.026544355676951 -0.0796442114076558 0.0195436170817916
-0.107839272640932 -0.0978344415497833 -0.066810613398351 0.0569648356746707
-0.0172425772521696 -0.177731900988538 -0.031095623155648 0.0581452320498293
0.195808952554865 -0.12919647522424 0.0437454567070375 0.0187859731176095
0.211395200504203 0.101815215370668 0.133799604687271 0.136099009644595
0.0332658677915079 0.210074583535788 0.00542820019890637 0.234797613181521
-0.144795399559327 0.2255858418147 -0.0379718320515902 -0.0542658034434748
0.0012001604300289 -0.043027293499003 0.0428691656518224 0.172095328953307
0.0341898610954008 -0.0655368311043696 0.0591120518034114 -0.182770454669675
-0.0287106669052333 -0.0805630329240393 -0.147547239483968 -0.18992701416065
-0.0765971599227756 -0.0168296529133515 -0.0988478733633116 -0.0268656963860801
-0.0227679763063007 0.0479818752351365 0.010838174103799 -0.011239913101934
0.0323896247069358 0.0350892646558953 0.0533691816080376 -0.00607656265419101
0.0412245664490486 0.0151195971065311 0.0999746730710735 0.00660568713800492
0.0325719225823151 0.00890225119219496 0.150902462665329 0.0343552027068435
0.0134640879511433 0.0199892816832384 0.226356893169104 0.0747961711075331
-0.0056534724946694 0.0131742163844282 0.248881742526314 0.149562477273625
-0.0319510287590131 0.00147338361351245 0.244435488635639 0.246147452649248
-0.0456082952193995 -0.0185493403918661 0.123078123990123 0.383280180795883
-0.0503735988488041 -0.0425742338174948 -0.114051585263252 0.437794474538959
0.00721833529230701 -0.107567679938999 -0.386345627661336 0.300163276720503
0.0757504699897144 -0.115392214265739 -0.529582535184175 0.181333267350772
-0.0760940732486415 0.141024361702255 0.0413957132518598 0.161830671776433
0.0892698660696256 0.127254048307119 0.0679480667267478 -0.175373348182428
0.141775423116178 -0.0163840446404885 -0.135927010273441 -0.206421466320225
0.0584488705925669 -0.128453802017814 -0.117610476955815 -0.0551154290065396
-0.0528575901935387 -0.0861312561799578 -0.00590944752891191 -0.00604591181675038
-0.048561645795224 -0.0187344110205758 0.0409499064947717 0.00288759654918078
-0.0435724679590975 -0.00854813700604046 0.0960710871700696 0.0185509956652707
-0.0422559578288462 -0.00617288750395991 0.150430176698264 0.0349672394118659
-0.0487527883824235 0.00446066321855265 0.226101721103275 0.0657934137418736
-0.0377747055975944 -0.0198683545567566 0.24680232969513 0.132613853615055
-0.0353912082351621 -0.0447019782322061 0.255654011083712 0.229455300469988
0.00291655759971185 -0.0639824804293046 0.148519987679469 0.368126547416364
0.0240362001977098 -0.033971829025226 -0.0883698465055065 0.440642511014419
0.0370193404239352 -0.0248447346269046 -0.345627940708357 0.338493861227941
0.00402553209522572 0.0187683737841964 -0.512378083139242 0.235550079540554
-0.143002839546092 0.287920477523452 0.0648833730735447 0.122479771132256
0.132820738047608 0.277329297933309 0.0735471904133326 -0.140814853630361
0.274207732995793 0.0380341898663279 -0.0703589540404709 -0.196472607001088
0.169498984431489 -0.208791416674887 -0.0898686775928769 -0.121689804200297
-0.0627378713753712 -0.193237277627707 -0.0366465063938636 -0.0575341555828393
-0.10517955724637 -0.0700633948917668 -0.00789543422104436 -0.0155541382163634
-0.113163964971298 -0.0350579078226074 0.0577499248599479 0.0238256550923564
-0.110039942235827 -0.0202048793100925 0.126116978858854 0.0304635327477314
-0.107476324341494 -0.00653770635360249 0.211185968526112 0.0461683066622746
-0.0756377443733458 -0.043169469081589 0.237832715295907 0.111071859193345
-0.0546077530609737 -0.0873502815849287 0.2644371565408 0.219818780833797
0.0412900223537654 -0.123650279874892 0.156303285739219 0.360867715576291
0.108758525803756 -0.0405638788417079 -0.0803779878276618 0.426916276666169
0.0832089266838812 0.0624530510564717 -0.293139218816115 0.339082244361627
-0.0602144255624396 0.158665070343665 -0.453861964864341 0.254890691268972
-0.190322252157559 0.379292635540976 0.119110878520202 0.07540323328501
0.157511318946475 0.352936804769789 0.119635662933293 -0.0934291031959107
0.342609191949271 0.0620440103643858 0.0417875740095735 -0.206041664405971
0.227509305712028 -0.244652841525252 -0.0475449610769355 -0.22673456767287
-0.0561197720362932 -0.245877101187466 -0.0850487477388638 -0.139355242642782
-0.128089861729217 -0.103975365478455 -0.0792976008573072 -0.0474707883966419
-0.155690101927625 -0.0591003826300267 -0.00262050082564892 0.0211687735421111
-0.159801088528999 -0.0312958725968818 0.0817067279339175 0.0212465270292153
-0.157833174739645 -0.0115899903754308 0.178564231587604 0.0253949456721626
-0.121596640875651 -0.057710730313188 0.215023094062709 0.0970032559340117
-0.0901523320635609 -0.132247838415841 0.249029538351984 0.221696996428698
0.0726937289343811 -0.201813578434124 0.126172745094201 0.348657374708313
0.20596447956394 -0.0571514649475689 -0.0925386337863293 0.379304511275025
0.137119429311066 0.152215738477763 -0.228112615326584 0.298855957235066
-0.113742230425619 0.284385824260957 -0.365964350697855 0.234269983430622
-0.217418080017725 0.412056293093307 0.206322149752734 0.0264021745665142
0.153758583967597 0.363101210461732 0.217055425347051 -0.0780262609366032
0.336128441514799 0.0720643026596966 0.151935476494675 -0.267167325850519
0.235661456667353 -0.222686371433309 -0.0318130946088631 -0.340945829632043
-0.0297428665927387 -0.24178382077803 -0.148501421503922 -0.211593892689381
-0.117394618644308 -0.117007267226645 -0.151311562046371 -0.0778361126782699
-0.167885075662646 -0.0756950526596391 -0.0709790783237715 0.00867738357952589
-0.185490283109866 -0.0383599246096297 0.0221141523577619 0.00817003526608537
-0.193440730332272 -0.0138900752577514 0.126706806006541 0.0128091724999297
-0.165626930257201 -0.072814751630262 0.166352982219061 0.0961129270713086
-0.124865396789673 -0.184421371040919 0.192708233946216 0.225880715567422
0.114901357916982 -0.278413981062848 0.0630870265318876 0.303510765771273
0.302990521173229 -0.0576762918557203 -0.0972137764608946 0.285540724284456
0.175098903402016 0.238241183182486 -0.147478672599878 0.235919548639908
-0.153094348436729 0.370525971891797 -0.266117817120056 0.179423691601649
-0.213551013563386 0.401465542084569 0.31464024392454 -0.0311356130462806
0.126233338989386 0.329350193648167 0.324808667663446 -0.118810858455198
0.281653058585554 0.0812881841723353 0.207230962997744 -0.353668172337268
0.217573529754229 -0.160115256878562 -0.0493971370610822 -0.42008932251445
0.00556070719844328 -0.20101295726419 -0.202459581429085 -0.249560366454604
-0.0878329073123096 -0.111996730742621 -0.206466784110391 -0.0999063420401937
-0.153120466758076 -0.0806940764054967 -0.134730108792886 -0.0123988496487282
-0.181960946913048 -0.0409266462769915 -0.0434189215345657 -0.00538626272169868
-0.204449432334312 -0.0172658776728943 0.0598889644733062 0.0115833006725869
-0.188045236295149 -0.0921479033287791 0.0899246849196503 0.0982227003889613
-0.127373529244602 -0.229287804749045 0.101656763842889 0.202339700681875
0.174204123595697 -0.307894482690959 0.00436107821580279 0.207268025103179
0.362208827424632 -0.014597695753925 -0.0524777045960604 0.177231612899141
0.166527921042202 0.297836797273926 -0.0555721783579716 0.195610212287689
-0.177787383379799 0.397378241485898 -0.166231356644703 0.105385791563872
-0.175771314476842 0.348982297998738 0.414026544380262 -0.0979726582392317
0.0941997649302649 0.268996100029382 0.397557828969765 -0.198944233895687
0.209889788033343 0.0848306606616974 0.205162231079687 -0.421696789201761
0.183862659624564 -0.0913231943336279 -0.0818918327985709 -0.445769317988839
0.0323238021993978 -0.145791281556502 -0.237223000734781 -0.257065507282183
-0.0538532000235101 -0.0922191675012166 -0.241274619145939 -0.117214868956212
-0.118135243180159 -0.0725683416342312 -0.184670510418482 -0.0372531121994066
-0.149972608958575 -0.038681461391745 -0.103467846612966 -0.0160859960872384
-0.182002189472556 -0.0227229203094762 -0.0137925127158967 0.016041055703208
-0.168398324135197 -0.105554610170636 0.00355737388967022 0.0871948361115084
-0.0842049529481469 -0.234573622109294 0.0140306858612107 0.13751944715056
0.217311661625767 -0.252818572899578 -0.00407105844841693 0.0907499002225992
0.333951230430037 0.0546441263133355 0.0429826756134312 0.113765354892475
0.109886516458835 0.295010144193506 0.00770023688073071 0.200055473560841
-0.178133103129049 0.348588841933298 -0.0862009146449758 0.0235759794012661
-0.118085938843027 0.257925712426704 0.482045248558218 -0.165333284894807
0.0652456621583669 0.192838166278572 0.421534312118715 -0.279953631708072
0.138757881030693 0.077878657633371 0.172707955447049 -0.456170789729437
0.136497542437256 -0.0365833451168291 -0.113136588259984 -0.437900797925805
0.0419412700918417 -0.0902277809321997 -0.25613678201712 -0.251376854709765
-0.023975370609579 -0.0627451112923714 -0.259359013225601 -0.130315671097145
-0.0705172302530303 -0.0552062262372224 -0.217546465008221 -0.0571945091524033
-0.0938239111674078 -0.0314971330002052 -0.147791315577329 -0.019588982859837
-0.124138793887527 -0.0251696543564507 -0.0776091086039439 0.0175884618662315
-0.106374684425256 -0.0957526576932748 -0.0659141161442344 0.0598813192783231
-0.0198571822404193 -0.175667066112741 -0.0310189484135051 0.058003468564995
0.194193038177127 -0.131903379806362 0.039848047234651 0.0130311926861522
0.211929943685643 0.0991603723314877 0.132539593627337 0.124608158481066
0.0314574031844671 0.206725307083629 0.0139997305174145 0.226311967038435
-0.141724106802252 0.225847981712328 -0.0327828730954886 -0.055299069244225
0.00149884915883994 -0.0433698117108472 0.0374064642150902 0.175997249763659
0.0325875293207305 -0.0712386745862634 0.0487219762546641 -0.176891895797514
-0.0317440081858498 -0.0815990568659904 -0.153845297578283 -0.180338631572019
-0.0794235466574485 -0.0147854641727955 -0.0983564203046212 -0.020955038853128
-0.0221207697113681 0.048731901975889 0.0120876801447691 -0.0133512679706149
0.0333136388558151 0.0347553322973219 0.0551166141417039 -0.00938872765147588
0.0419441826021717 0.0145783465923964 0.101172159004571 0.005825494305509
0.0330129331169419 0.00739663554811522 0.15340792791768 0.0346959572770198
0.0142006489127062 0.0198124167859697 0.229770073745469 0.074423572129599
-0.00665268080057198 0.0139149375289633 0.253006797202021 0.148756469611106
-0.0337267944180012 0.0024612553909801 0.245451860137782 0.244525034396897
-0.0461247704262043 -0.0192278136800434 0.125805732938107 0.379626264977025
-0.0502130503569703 -0.0425628102079352 -0.108523808146477 0.437493142627658
0.00474336457867303 -0.109251794931995 -0.382209426506013 0.307737711348217
0.0739434742745088 -0.117644057486451 -0.532754250060521 0.193317221102968
-0.0756795924470656 0.144445984025232 0.0364766951226229 0.165430269420166
0.0909543696320572 0.123909915570427 0.0566745585237301 -0.169424018248924
0.141383548199728 -0.0181203036089023 -0.142511699492116 -0.199067031937227
0.0560155568969849 -0.130349650295847 -0.118840448255036 -0.048767782067552
-0.0548517671918584 -0.0860489563748561 -0.00428586283074266 -0.00760961707036271
-0.0487385993332587 -0.0188093946715271 0.0425498231916637 0.000574913988431442
-0.0446911508788573 -0.0079079699816944 0.0975817753674459 0.0174324791895345
-0.0440106159578371 -0.00695893411645448 0.152145875480758 0.0350636488381892
-0.0484523359631834 0.00377005066675199 0.229251600464756 0.0643761959590635
-0.0383749061698905 -0.0198631912913492 0.249148518053845 0.132214749183539
-0.0360427643516525 -0.0446137273026677 0.257412966625587 0.226812209813368
0.00325816731068036 -0.0648395457250116 0.151763583258744 0.364674065796081
0.0253454784585986 -0.0338699324287565 -0.0828751019649727 0.440185424200853
0.0340897764258304 -0.0257632925897829 -0.340796858277874 0.346217316059707
0.00315201193700354 0.0195960623642953 -0.513165742466359 0.248055986370048
-0.141544631790187 0.294999474198245 0.0599383879141152 0.125042538134572
0.136575041287884 0.275800292002136 0.0634488682490979 -0.134200713659794
0.277616271913276 0.0354062525705714 -0.075533191656563 -0.190471100719449
0.168924331823843 -0.213486452796403 -0.0928677688292914 -0.11794858210493
-0.0658014671432442 -0.19363475391357 -0.0367096610324233 -0.0598066339090333
-0.106356873795455 -0.0702775936550409 -0.00811526758427743 -0.0169116825417219
-0.115613049391597 -0.034621069449966 0.0591771248324749 0.0230970969886156
-0.112876640286333 -0.0203152070638372 0.127233402374027 0.0306241866390194
-0.107403857163236 -0.00704131270349037 0.213044578361638 0.0439886655347371
-0.0761879044175743 -0.0441513849613833 0.240311714391047 0.110018246547152
-0.0548596404631732 -0.0883269755879583 0.266737429747208 0.215315669891941
0.0414336042330567 -0.126519687824765 0.158952756052065 0.357961929961451
0.110752948765866 -0.041186349566181 -0.0745882361125144 0.427288515453934
0.0799932732491027 0.0626603138724183 -0.287585059648742 0.344886713085437
-0.0604376959408534 0.16173512310623 -0.453930538520955 0.265242967019568
-0.189571522849458 0.387538550986586 0.11509958199666 0.07593407680861
0.163764649265853 0.352116519389112 0.111463158864553 -0.0880143855863502
0.347014517835968 0.0600333485443348 0.03844954111211 -0.203562970436244
0.227027129510704 -0.250656941186093 -0.0527134635615158 -0.223880291436413
-0.0598138227796603 -0.247456730058408 -0.0874486329116935 -0.140948311241042
-0.128804489412965 -0.105934878946845 -0.0812001127917119 -0.0475997260677917
-0.160057629708586 -0.0591408549021974 -0.00238644556090786 0.0212583339881559
-0.164093907960185 -0.0310650381629562 0.0820832860594916 0.0209698695061692
-0.15837894575702 -0.0107694220622308 0.178846380016905 0.0223165491982701
-0.121842993265732 -0.058917117564876 0.217157508668246 0.0964833682619077
-0.0914284602570632 -0.132311454464692 0.252862693216331 0.219067276751252
0.0724464138650074 -0.205656590587325 0.129809900355017 0.34620950324339
0.208535017677759 -0.0588451964295114 -0.088467086665939 0.38112285074061
0.135208089934695 0.152901935956113 -0.222317913865136 0.302955292813669
-0.111879555364565 0.289227858615845 -0.365380295921064 0.24268079060375
-0.215378826851386 0.42123470372535 0.204051080169025 0.0252246953596762
0.1573512583201 0.363152923510941 0.211529974779625 -0.0746411399280679
0.340909474222472 0.0715554816569551 0.148366655358678 -0.268463207022989
0.237094188399603 -0.228139448272573 -0.040410288762047 -0.340202600255513
-0.0320220685046093 -0.243939568382436 -0.150826249450109 -0.21218645255968
-0.117975031409783 -0.119718455819619 -0.15415310367818 -0.0770870889060172
-0.172497980890377 -0.0755041373060775 -0.0710788210873014 0.00911633268503249
-0.190141687981386 -0.0380666678982881 0.0207624885661834 0.00756035027890532
-0.194300462957205 -0.0134571411670885 0.126515142022123 0.00997146496866213
-0.166872367438197 -0.0727475850110233 0.168575283495959 0.0968110750659058
-0.127690312723098 -0.184764225962243 0.197087228477447 0.223759715671489
0.114027550447965 -0.284824171266096 0.0653958377886285 0.301052080580951
0.307383087844586 -0.0609830537067986 -0.0952484416038337 0.2867027902221
0.174400805878476 0.239352847649579 -0.140645451943871 0.237195598617993
-0.150606380996417 0.379311301922025 -0.262942536194293 0.185257288366095
-0.213572237981563 0.41088782096674 0.314889646251223 -0.0345096895428995
0.129355549118525 0.330491391806147 0.320887662884829 -0.120243455358701
0.28581992212403 0.0819728999536798 0.202120980119076 -0.357358576408089
0.220810906422147 -0.163904703691743 -0.0593108850821584 -0.419556198900928
0.00503762250393996 -0.203978845750514 -0.206401539161748 -0.248931004170013
-0.0872879273565913 -0.11455651254939 -0.21025796720419 -0.0994145333722469
-0.157329404431583 -0.081285655295716 -0.136485255409734 -0.0115058675195796
-0.187143573636709 -0.0406519002018516 -0.0457422358513146 -0.00616097392161976
-0.204796136520661 -0.0169500101291061 0.0585996422856502 0.00854297795341739
-0.190426846159254 -0.091305482942353 0.0924643625877102 0.100293822632129
-0.131115998137665 -0.229626409088908 0.104922843184506 0.202319249222649
0.172505987019241 -0.316546774129012 0.00309565276580053 0.205999556773419
0.368681994358451 -0.0214365226461265 -0.0523137061236812 0.174314500209814
0.169151894821309 0.300480863816511 -0.0480485735577643 0.193600306117268
-0.175762300993249 0.407428237939936 -0.162524368599407 0.108031694648092
-0.175586187527413 0.358084515774396 0.416591707298033 -0.106184861256426
0.0967429508063765 0.270963125272559 0.393088043972027 -0.204491746574741
0.213910979388729 0.0864786645815983 0.197577998034827 -0.426438354827663
0.187177636576196 -0.094303806482204 -0.0918164131133499 -0.445049174584733
0.0334678720725479 -0.148587628983077 -0.240246265119171 -0.256045572067796
-0.0529455832961743 -0.0937754370899317 -0.244737174465768 -0.117656253301053
-0.121677450724492 -0.0726473942399275 -0.187629946625301 -0.0363481680706807
-0.153640554744559 -0.0387333335751514 -0.107040344785274 -0.0160944238137116
-0.182435111540945 -0.0217371284981454 -0.0144989792347362 0.0141896438342928
-0.171108332618149 -0.105180601609847 0.00494035428653248 0.0903696913894946
-0.0886443683160744 -0.235454131447565 0.0165859204552621 0.13889164961047
0.216364624964431 -0.262588256310662 -0.00781478669005726 0.0885276794447689
0.341272850523129 0.0501285217001786 0.0436448063376917 0.107719879137587
0.111308997365931 0.298001038196316 0.0174733029837436 0.197108913509016
-0.175000519884886 0.358681129593006 -0.0820657055044528 0.0241884335291238
-0.117286166634772 0.265435413761882 0.485626003182065 -0.17445537818031
0.0672473419779741 0.194384384805585 0.417042599756404 -0.287585452143137
0.142672538046489 0.078803886272934 0.163985385976743 -0.459814227077389
0.140049664304468 -0.0384209546157783 -0.120552348184255 -0.436365548135185
0.0422284087167029 -0.091838172319031 -0.257692366398039 -0.249383869514206
-0.0228647191485773 -0.0631453876297405 -0.262164451583439 -0.130183380935584
-0.0729129435458209 -0.054495261153598 -0.221182601651571 -0.0568392639052166
-0.0965473067232774 -0.0324554201780334 -0.152385479771623 -0.0194978821609362
-0.123936669942467 -0.02462515729414 -0.078450075957583 0.0173849736621247
-0.109310172901154 -0.0957856737370698 -0.064372457195844 0.0643447959417123
-0.0227844350171527 -0.177864579576562 -0.0310005197576543 0.0585998043333888
0.195446809820728 -0.139204239330568 0.0354844231800365 0.00866380006786181
0.218639264075273 0.0963717494213203 0.135175524075167 0.115765462925473
0.0323174199395214 0.20910402410304 0.0251357382936447 0.222601125156619
-0.140141868257112 0.234071225107659 -0.0289142662838325 -0.0562851239708677
-0.000638431046162367 -0.0428676840065876 0.0467612465130723 0.179627181290408
0.0183658394943739 -0.080474577587586 0.0313332647968206 -0.171236535330246
-0.0478202531540557 -0.0763657962061047 -0.165105191544939 -0.161194292176576
-0.0842350144765418 -0.0010324298467174 -0.095464262179314 -0.0138702968974491
-0.0161847273811536 0.0518101910753622 0.00817175548072568 -0.0186409617074189
0.0376321374410471 0.03021595780086 0.0526586842600972 -0.0159759157682066
0.0453196587555628 0.00841650129888393 0.099209210155058 -0.00283582429399918
0.0344510179114445 0.0027996403822501 0.159697269745928 0.0229107837049148
0.0169975996287406 0.0181548953294785 0.245783204133149 0.0561736824076322
-0.00793971293234426 0.0156808012889732 0.276593501998309 0.133227318479437
-0.0387642148996221 0.00903521609964336 0.275654626129665 0.230020932735224
-0.0566354226327373 -0.0148277236176836 0.166094675230565 0.378817849779307
-0.0606143849308461 -0.041608075473559 -0.0699409392251441 0.459143828970319
-0.00996457844080587 -0.123115498536483 -0.372589067952089 0.3622520596142
0.0638569764908429 -0.13678948639243 -0.544716700864531 0.246945288013162
-0.0537171884183626 0.154054158039808 0.0313870103909825 0.162669094624887
0.101427135834229 0.10663882034015 0.0285373484882792 -0.161607855620528
0.134807958669473 -0.0366319317620593 -0.162218833913204 -0.167274840243296
0.0355482952209443 -0.136569236844418 -0.113266330212317 -0.026502885137541
-0.0654850228271855 -0.0792611994278046 0.00209295993021396 -0.0130425861615925
-0.0489458780329628 -0.0150614649991689 0.043865483345554 -0.00906132477936434
-0.0466382810018579 -0.00213685389850445 0.102869221456557 0.00592533719274052
-0.0447239480749064 -0.00445257258597172 0.158130294471386 0.0213585788826699
-0.047847089668446 0.0082170372444733 0.243255974947352 0.045685559516489
-0.0430483655035559 -0.0152745118811499 0.272150059936583 0.117397802860873
-0.0455830555581319 -0.037886663246241 0.28621811591201 0.212035744144167
-0.0116976683239805 -0.0661141830336421 0.189993486523285 0.363675706495499
0.0164586190159781 -0.0398096975780992 -0.045622257948462 0.46277857304766
0.0255419567636144 -0.0381787917806692 -0.323292450232038 0.393068500950449
0.000985709499523087 0.0125471726647094 -0.512702196810819 0.297728386323511
-0.101069293303839 0.31159791232997 0.0425553734219625 0.113537880488395
0.167161663083311 0.252892952914521 0.0290216409643647 -0.125889084545787
0.279330686522801 0.000153066693147833 -0.100097650068649 -0.155402511958317
0.13785344415138 -0.236023407088981 -0.0889815608197092 -0.0881257744100932
-0.0899534610538008 -0.186068963402472 -0.0290431350868656 -0.0640596165881303
-0.113319182925734 -0.0608139216050539 -0.00581112519891836 -0.0233744909014911
-0.12272585198682 -0.0206248181594136 0.0698544388943054 0.0129777194733667
-0.115783001613033 -0.0118100314706209 0.131206918476472 0.0177351037557094
-0.108242081835851 0.00441652778185513 0.223769345448501 0.0251602898619712
-0.083762488624116 -0.0363593606372056 0.26156262332928 0.0948774365244554
-0.0676798860451971 -0.0794243333868097 0.297227549635417 0.198738095403891
0.0208774233467159 -0.132281575065474 0.197909243254405 0.358219067601251
0.102187972384329 -0.0561490479311634 -0.0429338773242435 0.450362971946133
0.0807774858251766 0.0492772364790303 -0.266802307093026 0.379606117901966
-0.0516641334676589 0.169079886484392 -0.438571181987905 0.305793594260139
-0.137293194998688 0.408719015173176 0.0886589015808514 0.0550146627063719
0.202381842739827 0.327249380218206 0.0779129326953989 -0.0821143650615834
0.352720286849414 0.0148452321006162 0.0100606708666214 -0.174003666222838
0.19139463023247 -0.283420906832994 -0.057688734879503 -0.193071482175228
-0.0898959311908343 -0.240637386738648 -0.0842243069093453 -0.141140708144422
-0.139932226935095 -0.0941823516700155 -0.0806200854593102 -0.0485728762632903
-0.171576864165163 -0.0400258204296385 0.0112235360500315 0.0147626590056609
-0.168708414402687 -0.016957901597844 0.0828077118904196 0.011173465564173
-0.159809162305718 0.00538229008762079 0.185864675626868 0.00565316404323803
-0.130530567403313 -0.0462342037941205 0.237777560828322 0.0815114234627607
-0.10785218622016 -0.120219462419533 0.284576818017411 0.202154721096661
0.042479041903802 -0.217381345237499 0.16702626453318 0.352326063162329
0.200211212301387 -0.0851185551325914 -0.0663003752948273 0.405471858629097
0.147270679893518 0.138698755234957 -0.203969063523834 0.321362917938153
-0.0928571558439488 0.308448557894372 -0.341211422098365 0.268404708358319
-0.160064214686059 0.446411256026321 0.174671994658989 -0.00649279781396167
0.19874948713352 0.338073138072761 0.180244132638932 -0.0779145338624521
0.347571008769575 0.0262403365758479 0.114579672542891 -0.251845642215949
0.203660129835087 -0.26324487154699 -0.0573816286015408 -0.310996752086324
-0.0637152900412225 -0.24073992822485 -0.155246155460943 -0.20547024103836
-0.131137863480132 -0.108478474245212 -0.156095172110133 -0.0705341438771138
-0.186713069864038 -0.0545477334807823 -0.0583131270506327 0.0102812026444958
-0.196495825764671 -0.0221072171463702 0.0186366509419112 0.00208158101518374
-0.194931196596988 0.00763515311218523 0.129351867130597 -0.00349808955040281
-0.177268434644431 -0.0551687864675776 0.188293473842855 0.0864117011034575
-0.15043885528733 -0.167931957232083 0.230536242967474 0.212973272912243
0.0752042597942409 -0.303378645663417 0.0945579210729106 0.317399213126689
0.300797507542747 -0.0991576141760183 -0.0867231796826108 0.309581214757878
0.19726353638036 0.227265184271547 -0.121947877994023 0.238411384065632
-0.124313384662686 0.408429948823707 -0.23238033517508 0.19764740366517
-0.158868981919245 0.432814353932829 0.285234599061503 -0.0760149553222729
0.167331682584691 0.30780586127213 0.289928617213973 -0.136706475050998
0.293671788169183 0.042757827949203 0.160938125576774 -0.351571582732056
0.196377296608952 -0.199120028022892 -0.089233691799298 -0.391035029363455
-0.0224490466515835 -0.20599856128898 -0.216415122421308 -0.234023150306312
-0.0995142924125861 -0.106136932515907 -0.215289521171095 -0.0877676297044762
-0.172323971251626 -0.0627930938272009 -0.12705465217424 -0.00374450670461476
-0.19357242006524 -0.0246772167891821 -0.0511264326050629 -0.00502267765217235
-0.207314387229555 0.00603230930096135 0.059412665901199 0.00173958933558416
-0.201969488132782 -0.0719106065577512 0.111137377352631 0.0971196436553567
-0.158982309270847 -0.213151264157808 0.134369694689303 0.200277193616589
0.13259458005873 -0.344200496535975 0.0191639736160997 0.225650269262451
0.37058615741989 -0.0636205909935184 -0.0570806293512729 0.187390431813652
0.199100850978484 0.292438399545614 -0.0260486765212299 0.179892138887271
-0.14465234755024 0.441256994244382 -0.13189496756918 0.10835678857439
-0.128302315453578 0.374400382185305 0.387729022581402 -0.153753459465593
0.127303129759729 0.249762930261113 0.359603789984505 -0.23136862764799
0.223680317469426 0.0566500560158053 0.149075513341305 -0.428348379889615
0.172036696450956 -0.123766867075031 -0.129140950308956 -0.419136694788401
0.0113026546747306 -0.154109112149985 -0.253870799189583 -0.235774566250832
-0.0635118837662782 -0.0878814274832871 -0.252489626543017 -0.101003980861025
-0.135375390740995 -0.0581589994502392 -0.184020302021026 -0.0230062314695052
-0.160198351851861 -0.0259338798333492 -0.113768208888694 -0.00894096503906739
-0.183946600292358 -0.0013929942334004 -0.0147505128743421 0.0135480208723746
-0.184843138203401 -0.0874103755327057 0.0197403594588908 0.0964154143867342
-0.117359473607995 -0.226030445712286 0.0350223705686254 0.14452799036789
0.185777009430769 -0.294508665166483 -0.00563935395711562 0.102682153445879
0.352699577603219 0.0127649793635603 0.0371148928290247 0.102440866308346
0.138300862528323 0.29728312069998 0.0464429235399223 0.178296053723413
-0.148862051475303 0.391635261400432 -0.0557532729646168 0.0169123109228376
-0.0828279746745064 0.273339646737093 0.460475630039027 -0.223862723406739
0.0878045590068484 0.175768313753556 0.380599148978355 -0.321609191257856
0.149848803295645 0.0578445619315599 0.114054886377851 -0.465727120585918
0.131531706538913 -0.0619761610869605 -0.158899212682134 -0.411728878537207
0.0262600560547092 -0.0970072689356953 -0.273474043194747 -0.226092254954663
-0.0317724315116609 -0.0587892729244714 -0.272765439884161 -0.111827625891126
-0.0834650621256355 -0.0452144521817718 -0.223684814448059 -0.0387045097390045
-0.102167908292906 -0.0242387408300719 -0.158541117609932 -0.00854055267021702
-0.12678657285908 -0.0108483557092209 -0.0792140949468345 0.0236790115393675
-0.120933358804219 -0.0851104884113191 -0.0564577864343371 0.0766316666551255
-0.0450071630785736 -0.17598959440594 -0.0236708125120379 0.0670656446922233
0.180650241667155 -0.167059742632172 0.0293441786872978 0.00966209352818688
0.232801625449527 0.0747078909197789 0.138778499148663 0.0970646559304503
0.0480400142254255 0.212782465641639 0.0596168734317452 0.212267965912112
-0.123207441189656 0.259590934733278 -0.0123280126979802 -0.0646845893543818
-0.00218262752385791 -0.0431599782999162 0.0514058417260484 0.181248869873397
0.0106933003064985 -0.0848786507172388 0.013589336372856 -0.165268472085253
-0.054569339580856 -0.0738439493753234 -0.176247242776736 -0.141987615259483
-0.0864547922279055 0.00655208563062221 -0.0931353095700087 -0.00362732869183814
-0.0135794966124682 0.0531984867892551 0.00751128545274729 -0.0204961037619128
0.0403520277208479 0.0282290965924869 0.0507934456136539 -0.0229616533629625
0.0458254861447608 0.00557119787456453 0.0991008879154656 -0.00913193032270808
0.0342423650237384 0.000186564587016821 0.162753428133654 0.0145240088635866
0.0186693759657714 0.0170243879672671 0.250011564273031 0.0410832471410882
-0.00800980888603611 0.0174560608355167 0.286670662017162 0.116875426051495
-0.0395274225671879 0.0129753317101489 0.288264020120386 0.213799144745604
-0.0583202518595155 -0.0110462620915873 0.187335733929222 0.365778834616775
-0.0620849591166214 -0.0378498001148203 -0.0391953420569421 0.459864793713493
-0.0199161473059178 -0.122358769070011 -0.346747615582971 0.386479102650009
0.0543698758711857 -0.141720354468694 -0.530559443090138 0.287533267455082
-0.0430408322389297 0.15914520886321 0.034858746896969 0.164715625951727
0.106387553378035 0.0986562738583953 0.0101181548779383 -0.1551548433765
0.132505202457864 -0.0453666401938519 -0.175394375956239 -0.148752853865716
0.0251291877310424 -0.13866054699885 -0.112334203436389 -0.0141166652921424
-0.0720029591741421 -0.0738450258275445 0.00153818046346677 -0.0164140842989836
-0.050483134332785 -0.0125589000914412 0.0425320323181987 -0.0141272029511193
-0.0477327634491242 0.000104336575318569 0.10280040065185 -0.00136990756698267
-0.0464072655887059 -0.00218580460282767 0.159874879727572 0.0130953498361721
-0.0470208666127652 0.0105365812532533 0.247147122307306 0.0306109238025138
-0.0450763443676754 -0.0137489155057842 0.280702673411051 0.101581370597863
-0.0475598293234799 -0.0350341917974193 0.298114192517265 0.193122648969058
-0.0152127436226324 -0.0665237608356694 0.211725236068106 0.350338205147234
0.0147931417776252 -0.0407320055806083 -0.0159921310959 0.461538299410251
0.0200964044710897 -0.0386225984402198 -0.294739514437014 0.413970607534226
0.000877378776970413 0.0142408414071098 -0.493348537399928 0.335196912459745
-0.0811981756890708 0.323592143023733 0.0439860054017461 0.113680750351854
0.180599174617436 0.242618280394888 0.0142199626152731 -0.118547286889071
0.280387133529033 -0.0175142231881376 -0.112263023509853 -0.142452107534621
0.122189168047753 -0.24751226407312 -0.0943109948809489 -0.0769494733874697
-0.103204188884888 -0.17991891484535 -0.0328951135293274 -0.0647185621487309
-0.1178070899673 -0.0553577923017898 -0.00906478381003699 -0.0244813740776972
-0.125752905017867 -0.0131317760525084 0.0704116816938941 0.00760621026464937
-0.119345153691779 -0.00506778085297237 0.133054982372798 0.010736472260082
-0.108642994496243 0.00933463992004893 0.225801150096664 0.0104748076264285
-0.0861147533057329 -0.0326781785690664 0.269449386002722 0.0796839655863527
-0.0724200836232945 -0.0754453221409027 0.308067305290501 0.179215003970957
0.0134279346811294 -0.135720996988042 0.218464773183388 0.341862619940586
0.0998124460949684 -0.0616774743356181 -0.0138786998411812 0.451857587337178
0.0805447819522205 0.047727171095187 -0.237819507614315 0.397272983150114
-0.0418393076890665 0.174942133683285 -0.419752802388591 0.338241821170237
-0.112252463009216 0.424078919849837 0.0879552240061364 0.0512022524416439
0.221694221519873 0.315275597014775 0.0664077854878872 -0.0789508215169538
0.356333186585204 -0.00710610998597646 -0.00338478255090902 -0.169527776766161
0.173847552218549 -0.297986893808977 -0.0703693453523322 -0.184995893791226
-0.106456123403647 -0.235971971755057 -0.0944660049423449 -0.138567652377703
-0.146024253079441 -0.0878288624410953 -0.0856708317615313 -0.0445083507628173
-0.176238860887186 -0.0299015001793156 0.0115892978917832 0.0138254110943315
-0.173603330469595 -0.00692106516039364 0.0836816174599105 0.00657515999562046
-0.160039648510133 0.0132052236870053 0.18592735968656 -0.00736449453707758
-0.133393687737832 -0.0402203473711381 0.243534815026387 0.0678300728500253
-0.115193150232412 -0.113983768698373 0.297243585119728 0.182570985118694
0.0298324614514081 -0.22249058776345 0.189164043018315 0.339383516750606
0.197071311464075 -0.0978454541775915 -0.0396974612915665 0.408840064415678
0.152549648658649 0.133973813431219 -0.17815653903604 0.333146171122079
-0.073914207614512 0.318180537393996 -0.322916132149975 0.294671248287442
-0.134117253669783 0.463394419372028 0.171843799848505 -0.0166488424145156
0.218413758369785 0.32777104587238 0.170605220901508 -0.0841749923690982
0.352572434329182 0.00582371258478725 0.0958196955634489 -0.256476001204416
0.190338161114376 -0.278757705979536 -0.0782829647490142 -0.303609843138981
-0.0793192439646429 -0.239189655617914 -0.170331003956574 -0.19734364993504
-0.137495453227731 -0.103786742910418 -0.162771626072775 -0.061867000690917
-0.192977806806039 -0.0445191337188426 -0.0588914397270506 0.0133354114439596
-0.201660191318465 -0.00981948378035267 0.0175677888619764 0.00239979955398845
-0.196161250405916 0.018148893562993 0.127706631988778 -0.0127327096833582
-0.179967278542175 -0.0453560360288376 0.195661028934123 0.0752479501598895
-0.160796366042494 -0.158369881365568 0.244774931779187 0.196710731415335
0.0555738395928766 -0.312071670874989 0.113853517653804 0.30963627254902
0.298552833424203 -0.119192501102693 -0.0677709476991226 0.314071424652762
0.209409909568744 0.219108030861849 -0.10195236290227 0.243327966645697
-0.0979659412775545 0.420196025813347 -0.216993785750592 0.214196540553687
-0.132075890987747 0.451228366192312 0.278779850571764 -0.0956010664282175
0.184894069266549 0.29973931621136 0.277270381371463 -0.151244655753166
0.299877896298496 0.0271787372811236 0.134649211895923 -0.360641897948404
0.186652172673396 -0.213443007988684 -0.115319996001581 -0.382173218814439
-0.0349386224838289 -0.206219416902515 -0.231715784314002 -0.221365215585156
-0.105952074888915 -0.103511382820346 -0.223232795445194 -0.074969420833726
-0.179214061260606 -0.0515684927580943 -0.128975490426363 0.00367585169487456
-0.199700155456785 -0.0128571548161163 -0.0534997994262896 -0.00114567473290717
-0.207803606288271 0.017831396066359 0.0574870940630105 -0.00432916591820282
-0.20746065135159 -0.0596387754573174 0.119647851719758 0.0916355288991269
-0.17366063859851 -0.20365523657885 0.147501592137217 0.191352905173061
0.109838964942995 -0.357218419577646 0.0302297596939578 0.224100524359941
0.370830970434489 -0.0900849895954223 -0.0476077250274938 0.187783632296391
0.216303740462853 0.285461638325569 -0.00918527671767557 0.175473702591882
-0.116075049065547 0.457405583379952 -0.120833028369751 0.116967534677091
-0.105960903404132 0.38969273447803 0.378537950899043 -0.181589337586757
0.141676972502538 0.243981807826812 0.340316852702637 -0.252703433262787
0.229757379220648 0.044893989120054 0.117069013614656 -0.436264394454805
0.168333189870014 -0.137247888816029 -0.158026007921629 -0.405453555589863
0.00335119576821939 -0.156343521394672 -0.267974330731766 -0.219867594409889
-0.0676921678447708 -0.0862139888476963 -0.259982617739407 -0.0860674544685771
-0.141611189487006 -0.0502214325481489 -0.187521668292938 -0.0119876500114381
-0.165530276508504 -0.0162816821278416 -0.117362340567336 -0.00205873113671179
-0.185364240149146 0.00957839626463021 -0.015396975039241 0.0131127232403455
-0.191528309010858 -0.0770173213451929 0.0281351904782904 0.0978622424502586
-0.133125232454671 -0.21894284747664 0.0439294305669223 0.142960028784906
0.166979031672452 -0.312715215966523 -0.00513273506088138 0.101758727007545
0.357630346429154 -0.0125032863230302 0.0410004164877356 0.0950380421698614
0.157222996686214 0.293487106912462 0.0653760117908689 0.168581882616242
-0.121925044076009 0.407700178296332 -0.0494109310756422 0.0189646621339073
-0.0651685480414571 0.284767368380195 0.447301645474764 -0.257705479375829
0.0985612665514025 0.172133774433643 0.357107256032719 -0.345551162556498
0.155853679736975 0.0497681481809342 0.0790092946555641 -0.471122309669336
0.130323765832701 -0.0708875169843319 -0.186967589763083 -0.397011894986111
0.0210892775801014 -0.0994482357045787 -0.286182614440872 -0.209220875424601
-0.0339160443704742 -0.0576511764853504 -0.281417948769936 -0.0961981955149621
-0.0878150504231817 -0.0401420042046033 -0.229073352158351 -0.0257110678131558
-0.105398471786405 -0.0180214767577639 -0.162659917497215 0.00101635908405644
-0.127367584794668 -0.00335486135013642 -0.0787587069233339 0.0270439642639273
-0.127936254206416 -0.0778794186706129 -0.0480904678451079 0.0835234608855915
-0.0572022586896967 -0.173863410391003 -0.02047923936188 0.0687496503057019
0.170145752808587 -0.183903975114417 0.0238021377989965 0.00572492915052992
0.241910135372079 0.0589410060153693 0.14320709047926 0.0807863348836463
0.0601788754968778 0.214091983135035 0.0804952710239001 0.201046012558641
-0.10550664812298 0.273075060131112 -0.0106813534253766 -0.0666352270392911
-0.00505262021988289 -0.0422341983628847 0.0562940033865104 0.17754279431998
0.00144733196430583 -0.0853154830663462 -0.00406844204630816 -0.152626842846058
-0.0604020619539855 -0.0669934223121301 -0.181778638524435 -0.116561386693259
-0.0856632304495985 0.0150730601189353 -0.0862884209696984 0.00696873823988469
-0.0105270701478238 0.0534461173129821 0.00573461301964075 -0.0224721756352657
0.0409643125715869 0.0248093989142126 0.0461786804963683 -0.028735955872729
0.0444104657902007 0.00218101929364361 0.0947173266885756 -0.0154582372442172
0.0331605174049382 -0.00327146875492378 0.160335658665659 0.00451778787987206
0.019959882991917 0.015215717189079 0.247061055783391 0.0230352354145189
-0.00745655406984986 0.0179293362253896 0.287175439489679 0.0944701135084383
-0.037684083410308 0.0166674622396977 0.292432427164784 0.188338233108608
-0.0583344507592408 -0.00708339056879696 0.205738746113431 0.340070678572328
-0.0616631883694965 -0.0326273572937114 -0.00811914374389325 0.444453919944915
-0.0293298121940377 -0.116938515029725 -0.30739590766114 0.398595289920144
0.0424593338854196 -0.141010149653459 -0.496768410539474 0.320556586777701
-0.0298070098574555 0.161101420930133 0.0394522505969898 0.161787941850771
0.107631649556413 0.0880627706948483 -0.00678203907879618 -0.141237072546639
0.125421189326147 -0.053099473259203 -0.182055336992296 -0.123589602550258
0.0140862911212446 -0.136257597390855 -0.106144615139271 -0.00126329295182398
-0.0757168841827661 -0.0664017788834054 0.000203871248141697 -0.0176733345653614
-0.0500403940492914 -0.00861351368317962 0.0390297223246803 -0.0186488249771531
-0.046614122510882 0.00320231551546344 0.0987072487917869 -0.00793536556643038
-0.0469826224286683 3.08526783504275E-05 0.157385389530233 0.00421760189053283
-0.0452415503956431 0.0124852632598848 0.24335560425418 0.0130471676261031
-0.0447821713974601 -0.0106896859103113 0.280754299628156 0.0806982418180045
-0.0485436214948873 -0.0308069390137793 0.301003600921993 0.167945009729959
-0.0191159308026766 -0.0642013349982612 0.226536184874213 0.322108343358249
0.0127320199426642 -0.0396725919275545 0.0163278147969914 0.446197631546648
0.0143755708701435 -0.0367953449116992 -0.254418899001559 0.420666865181806
0.00141866906551661 0.0146930531545297 -0.455220639439088 0.364978093442996
-0.0553921031770159 0.323224922364287 0.0440462812991547 0.112078245721362
0.190659878090012 0.22287817886522 -0.000592187597437741 -0.107183251085479
0.272623897318163 -0.0373188499477983 -0.121452614023892 -0.122357045379987
0.100647129260504 -0.250196198782185 -0.0940158313578613 -0.0630323163520315
-0.113824555454264 -0.167185547383482 -0.0372139719001741 -0.0627277290822645
-0.118083991950681 -0.0466752840081764 -0.0121489210432565 -0.0248069090001635
-0.124218651772348 -0.00394165273228553 0.0673908978669838 0.0025581300052056
-0.118982467513187 0.00339009117598176 0.129833532123079 0.00310199866049171
-0.105363627579053 0.014615133917408 0.219748802111212 -0.00568710708033905
-0.0863811254043288 -0.0277050362658107 0.268006958408241 0.0601227509326193
-0.074035443928933 -0.0701444001183401 0.309504063482835 0.152101297936784
0.00394087759327672 -0.134347292745359 0.233058622681827 0.316484626561205
0.0946465260819131 -0.0661043595275032 0.019313253771791 0.436214968494258
0.0787735298999314 0.0441589962424359 -0.200731754140399 0.399994166481507
-0.0285897693715107 0.174525593615127 -0.383598695051569 0.362662081936948
-0.0811254354759325 0.425453868999521 0.0847955868113204 0.0465095448988144
0.234471074378253 0.293015172934268 0.0544414302734852 -0.0727533723652844
0.347456901786935 -0.0305411746500813 -0.0169438963362739 -0.158427010702365
0.149195668525927 -0.303399530060606 -0.0798280357162186 -0.170368888200897
-0.120115288407503 -0.221430979545869 -0.102826927467338 -0.129618559489476
-0.147759401847602 -0.077317856487044 -0.0882420287285519 -0.0377209002751665
-0.175531314368142 -0.017120930840949 0.0105481609736197 0.0127521536581599
-0.173020213797914 0.00522104400738519 0.0813434109888902 0.00215656695633953
-0.15574797049819 0.0220045222970862 0.177947510135154 -0.0204971082893108
-0.132258172907766 -0.0318428023437786 0.242575630813598 0.0499508449374066
-0.119049719802191 -0.104162400918686 0.299932364453817 0.155795424579203
0.0133256415039095 -0.220614135246741 0.204769524112203 0.315001947709425
0.18626802326412 -0.108169521253104 -0.00916709440470782 0.397958977359499
0.154636521588217 0.124013715624279 -0.145626812034092 0.334065698536381
-0.0491301048192486 0.317627501626039 -0.291076625399145 0.310662308813859
-0.0981923687256939 0.466033388465366 0.161957921907008 -0.0276376009064271
0.232381756309611 0.305752693476685 0.156629849170289 -0.0863594679076804
0.345811502327917 -0.0175663946650149 0.0725893270238272 -0.251141180994068
0.167834814241224 -0.286407699091456 -0.0981296674122373 -0.28457696780983
-0.0919596722050784 -0.227493780497208 -0.179956446392283 -0.180560236450096
-0.140753123772541 -0.0940217804581424 -0.164648952432249 -0.0488847409500984
-0.192774849649541 -0.0296055184236021 -0.057785377714169 0.0164862168311016
-0.200660072670441 0.00443581488387345 0.0157382279719766 0.00211470550729357
-0.189750347474324 0.0297573369197887 0.120556306530448 -0.0223427663896008
-0.178166074076262 -0.0336950394422762 0.196516707774744 0.0598328827246959
-0.166308214670446 -0.144308098247774 0.249592136966878 0.173386456701509
0.0315117360670564 -0.309849137142873 0.128954435985886 0.291979445591091
0.283681985759103 -0.137882332031963 -0.0453723633217318 0.309745382819136
0.217377254786968 0.203025494257699 -0.0781431493032809 0.238994630553146
-0.064781968918776 0.419534787524519 -0.193392849714794 0.225085841529685
-0.0982184659530977 0.453817838236449 0.26221665391381 -0.112448368449539
0.198694996569526 0.281094402043997 0.255850847499297 -0.161301796610342
0.29662780107351 0.00742088120329405 0.101547387413246 -0.357107846215537
0.169767851064703 -0.222308840926289 -0.14007080760451 -0.358580556613059
-0.0466976954851903 -0.20032060826639 -0.240503264323199 -0.199666755693473
-0.108376609902313 -0.0967696588378347 -0.223525881881976 -0.0580863675026821
-0.179675068112394 -0.0381333490649233 -0.126707975960939 0.0119157937679243
-0.198190321271801 0.000868969430494778 -0.0551893373131799 0.00275257288731747
-0.20074459095042 0.0300573503892575 0.0529592181552222 -0.00888879827861686
-0.205030468575287 -0.0442723225557325 0.124592390780837 0.0820059885561974
-0.182613563742729 -0.185889393357187 0.156722685931188 0.175830723018839
0.0808696288479426 -0.35836653962982 0.0401238674735819 0.21498798015067
0.355479390724559 -0.11424830208327 -0.0350474060002977 0.18394678056673
0.229086021214252 0.267341099264723 0.0081471673383488 0.164989886355586
-0.0799137739662299 0.456168133620045 -0.105719208876115 0.121187691123972
-0.0761279125529235 0.392198715546577 0.355117740383958 -0.203575743102207
0.152853707106018 0.230465250388219 0.309447704835656 -0.265375253483928
0.228480540306886 0.0294376740592526 0.078652392891414 -0.430051906535395
0.157620684996784 -0.146529521801502 -0.180677239151102 -0.378744774403016
-0.00589384838840574 -0.153587946988538 -0.273136137370629 -0.195669862287701
-0.0697558209404916 -0.0817231060681434 -0.26098189503261 -0.0667567552209515
-0.142306171461578 -0.038509880352615 -0.18556592378163 0.000408019890720064
-0.165889238693163 -0.00395981568923961 -0.117584797951351 0.00583607643890348
-0.179420460677705 0.0210952955407452 -0.0163093490288488 0.0126781529953044
-0.192081719313101 -0.061633610384624 0.0374577154916517 0.0944106896761264
-0.14553326930788 -0.203861166424572 0.0522964037507772 0.1356724260132
0.138503772629703 -0.319248591613809 -0.00280725350215872 0.0987217591535081
0.349793800532666 -0.0381059908319057 0.0435033233862024 0.0851571069126173
0.172890782894093 0.279195499981791 0.0802913942351679 0.15142483949742
-0.0877737439789543 0.410141266175913 -0.0421282140184364 0.019877440440691
-0.04219835387825 0.286720639005359 0.415806910274749 -0.285188797099043
0.10657439828635 0.162301460109625 0.319480074658387 -0.358032481342629
0.157234382309802 0.0389400041655755 0.0413055532825925 -0.459810843481384
0.124803748522277 -0.0799844303200887 -0.20825096811039 -0.367303129505925
0.0149235353990002 -0.0985053325493564 -0.288975987590442 -0.184485304998082
-0.0347699670568574 -0.0552209894375726 -0.281638556668334 -0.0751849554770499
-0.0885086699209947 -0.0316784105925239 -0.226609518188553 -0.0102030835225778
-0.106785782508727 -0.0107224674652901 -0.160917261472964 0.0114865736886867
-0.124394342935021 0.00424759923741605 -0.0754404988387085 0.0317618441913227
-0.130249485044927 -0.0672966579214658 -0.037862267653595 0.0871673858364561
-0.0687550696174081 -0.165799914551568 -0.0164321305551925 0.0692073286383695
0.151734473002631 -0.19471478017229 0.0173885874651252 0.00130806940950932
0.242497871837915 0.0385761331290432 0.142726608732063 0.061116058379908
0.0726975732373203 0.208518471424806 0.0997568254947251 0.181424091742782
-0.0808559974498326 0.276336475036409 -0.0105098889497602 -0.0677639561445846
-0.00604137817764446 -0.03976239877097 0.0566203407455785 0.171506963929988
-0.00565819474577026 -0.0831930431935127 -0.0160818382793499 -0.134196476911294
-0.0623793257910846 -0.0609633044355943 -0.177062237958109 -0.0937055955641985
-0.0817184228123537 0.021159210074234 -0.0771546826328814 0.0143890851247039
-0.00895321090878724 0.0526801506629564 0.00512595215982761 -0.0220437292565454
0.0401554093417279 0.0211820400963831 0.0398900301091911 -0.0313231954474903
0.0433929381701385 -8.88309769257762E-05 0.0889903171113898 -0.0188826728371838
0.0307943790705691 -0.00488125600156319 0.15400005573136 -0.000684764575552858
0.0197312707088007 0.0135622736009081 0.236752037044585 0.0105885105591734
-0.00665779724653081 0.0184237565464986 0.278670349976234 0.0766782790851669
-0.0352936898355619 0.0189303540235835 0.284767391998806 0.16572903776848
-0.0565290621832748 -0.00444511963319724 0.208453013074343 0.312161866031245
-0.0589136063292969 -0.0290031656994141 0.0120550522448847 0.418415165645004
-0.0345946715658723 -0.108894903412573 -0.271874560743567 0.3926991839394
0.0335797098631004 -0.135141313467684 -0.455552286697709 0.333412214556837
-0.0189866249419114 0.155911136314381 0.0398384576016956 0.157213618564242
0.104632215665626 0.0778558254454659 -0.0184703419326822 -0.124698194492092
0.115970292275502 -0.0575445465826255 -0.179761363645361 -0.0995888682503258
0.00476679880063138 -0.130211718449641 -0.0974122924074067 0.00873367332832263
-0.0763492699289413 -0.057856744530536 -0.000265642784083322 -0.0183481753464973
-0.0481003427346412 -0.00639353376497658 0.0342974446393833 -0.0219081637804373
-0.0444333318666359 0.00595947564989273 0.0927716558525507 -0.0120521043824507
-0.0462725517443741 0.00259125357682316 0.150468691144575 -0.00203097476017028
-0.0422791324315013 0.013373680160844 0.231845859656749 0.000813948762786956
-0.0433166890321938 -0.00860990484737732 0.271364099898129 0.0646295704535414
-0.0480012082595162 -0.0276240596529425 0.291857101561567 0.145775702544021
-0.0216582696890669 -0.0607973781276267 0.228098034937743 0.292572946475307
0.011708714148165 -0.0386093512656116 0.036921392372049 0.419014464656134
0.00983058537892001 -0.032987862279936 -0.218096514734302 0.411730435209615
0.00170285991105802 0.0148064411824775 -0.414936239840703 0.372782187820936
-0.0355898578503179 0.313249351706465 0.0421456170001034 0.107981768398252
0.190172749171675 0.203962904941103 -0.010107910594734 -0.0921870323815189
0.258363000068568 -0.0486483669225712 -0.121699151778736 -0.102197187834521
0.0834916002752476 -0.243543571230381 -0.0891906890567037 -0.0509087700872386
-0.116838845424262 -0.152403621927392 -0.0394625854451623 -0.0588480774662532
-0.115058907795872 -0.0396325820059854 -0.0144864286843219 -0.0237978167485777
-0.119356024115292 0.00175338682115811 0.0627019264589839 -1.67969933153512E-05
-0.115777470311235 0.00911701301527364 0.124233946565193 -0.00176546223628983
-0.0997074028715452 0.0176437202072877 0.207933885336105 -0.0154696956564273
-0.0830150133109476 -0.0237219365378951 0.257704550985425 0.0449627342366611
-0.0731680904460056 -0.0636585723162467 0.299437780273221 0.129288714827734
-0.00208456570858925 -0.128169425157929 0.233427011214643 0.286508740356381
0.088110813217148 -0.0673199378202302 0.0390734518014535 0.410782668206232
0.0740332621535098 0.0418840899268433 -0.168182682859393 0.388182784310743
-0.0193324998599487 0.168859559903268 -0.345963303985577 0.366426770365612
-0.0540393906753224 0.412445735671889 0.0768666287409226 0.042775769481664
0.236063173326496 0.269036734606962 0.044474292778151 -0.0635929351851322
0.330284538413232 -0.0453418443448972 -0.0250687583166866 -0.142923294580396
0.127695471932443 -0.29786411050329 -0.0821470684304781 -0.15391071646564
-0.124869185449131 -0.205078313478206 -0.10563416625159 -0.119524057896749
-0.145154276083081 -0.0685864449124378 -0.088253723175654 -0.0313689955987819
-0.168096909526517 -0.00799269845384506 0.00948649260902446 0.0117162184265812
-0.167180278992762 0.0136358715657182 0.0768366562782712 -5.64222568853303E-05
-0.147658297811146 0.0262053956912709 0.16623565384709 -0.0280010381812242
-0.127234934738097 -0.0256200155197846 0.233516086080428 0.0365814468350904
-0.116473633256059 -0.0943765424641004 0.290959752423008 0.132879259835356
0.00181571926371541 -0.211455369598254 0.205853317837425 0.287801100859578
0.173109878116459 -0.111848297437752 0.0103079950499745 0.378306625663693
0.151425798359292 0.11464907780909 -0.119514273442298 0.320438598497845
-0.0308405755822275 0.306187757821453 -0.259398769675905 0.311254098045129
-0.071035414055707 0.451962223379142 0.149209789058908 -0.0320039305331465
0.234752528935636 0.282156444792163 0.141218309413826 -0.0831031434080455
0.329747245531988 -0.0323179590832693 0.0543743364002591 -0.237116769027371
0.146672066146551 -0.282509676652278 -0.105544794935982 -0.260965708355332
-0.0980651597798737 -0.213070327515441 -0.181327103514621 -0.162511231064415
-0.13754673461103 -0.0863533931837928 -0.161423551740534 -0.0376901669818637
-0.18653986795115 -0.0197220881990951 -0.0558024880214884 0.0190480145828671
-0.19423001111301 0.0147634648649297 0.0136940619773404 0.00176936574276891
-0.180232338603025 0.0352706845103732 0.111150496941472 -0.0266052728868118
-0.170478016221251 -0.0255238849242538 0.190895108494214 0.0478111780650391
-0.164460536614591 -0.129581699674804 0.245683775914855 0.151968803012517
0.0137269477801767 -0.298352005473954 0.134142686849832 0.271855966167874
0.263985056016311 -0.145831523913463 -0.0281737421327752 0.295465921736243
0.215237471586404 0.186991354992311 -0.0589416195804658 0.226269857826825
-0.0417873184491418 0.405172863435405 -0.16879770572699 0.223268648519893
-0.0697860343145696 0.441845031544458 0.241241702410719 -0.120020029774948
0.200646423331241 0.260799203065497 0.23142931160918 -0.160715531794355
0.284087675595969 -0.00555217643860493 0.0763810157955942 -0.339699092321928
0.153340337864715 -0.221887337088204 -0.149740999487448 -0.328168054206679
-0.0519140046074153 -0.189450535211148 -0.23856774087426 -0.178630440216137
-0.106546902681235 -0.0898673600325568 -0.216954041027831 -0.0438594738239214
-0.173705466938549 -0.0284132757801752 -0.122301016408633 0.0173184825379288
-0.192188218004268 0.0116486364809206 -0.0540180533914095 0.00632210258106735
-0.189959597836712 0.0365171892041905 0.0471869676854654 -0.0109682893562482
-0.196716285993363 -0.0338129395584435 0.124743710780335 0.0721886238507617
-0.183103742409554 -0.168622760274359 0.1569926731608 0.158838280489774
0.0570162317118142 -0.348826216205533 0.0454153894184745 0.203780322037762
0.334477478282883 -0.1289662474061 -0.0260158821515333 0.17600796695519
0.231153719767362 0.247275845211133 0.0193011138535673 0.150042567060913
-0.0518410404435598 0.440827821888516 -0.0906654037754769 0.119293938017614
-0.0517676087914123 0.381921697704186 0.325591502118832 -0.212477712264691
0.155262595621685 0.215278598826395 0.279181923937549 -0.263456957897155
0.221200163141159 0.0192227878975658 0.0515022393981734 -0.407215445051486
0.145494425428521 -0.149596272695407 -0.189999778236433 -0.346883884458798
-0.0106723048494773 -0.146971086937471 -0.268523204210452 -0.173450998293558
-0.0690822647466518 -0.0774578864379475 -0.251998277348939 -0.0516793880655955
-0.138320117965294 -0.0296936583807785 -0.178346311103907 0.00933558698400362
-0.160473794918621 0.0048707775175533 -0.113527914707278 0.0113241144503759
-0.169965902030462 0.0274065621987103 -0.016844912148274 0.0124026185927196
-0.185460046138657 -0.0496298035661588 0.0430670703950656 0.0888138278082826
-0.149290668014353 -0.186811236971278 0.0555528961607793 0.127533891886198
0.114276053495652 -0.314891976936303 -0.00412205099773846 0.0945744078112944
0.333668011634113 -0.056102941394009 0.0430442766089574 0.0749400990138264
0.17832768522024 0.261520991831885 0.0890995182658408 0.132143079998942
-0.0605920902021901 0.398003780537633 -0.0346827982140057 0.0189428699785898
-0.0248020071536675 0.27942619231519 0.381740352544717 -0.293942143839933
0.108027894585743 0.151475965764962 0.28234959409724 -0.353314951886025
0.153251876900321 0.0300685221115918 0.0132919851473721 -0.434808265004239
0.117485395392863 -0.0840596202497386 -0.213880215729306 -0.33509521988946
0.011984668047257 -0.0949505191771 -0.281053115013975 -0.162501970478193
-0.0330904010040359 -0.0519673087765698 -0.272729975327027 -0.058917119371959
-0.0859319457713663 -0.0256978304704644 -0.21834621187701 0.000237725605989425
-0.104269920646144 -0.00377117099517282 -0.155090833024008 0.0180635948088557
-0.118265464384337 0.0103492925341873 -0.0707249512374123 0.0328832062311813
-0.127728610394677 -0.0573213748941733 -0.0286930940499932 0.0853183766798076
-0.0739964713402378 -0.154980084145095 -0.0131282432480762 0.0673997950717491
0.132981397197148 -0.195854400107293 0.0106021403647355 0.000255492780142983
0.234594416072766 0.0231461574242461 0.135679102170321 0.0451817965528707
0.079922261013656 0.198682133511656 0.10947346823929 0.159015928278604
-0.0617627065718895 0.27061701839671 -0.00842535285110028 -0.0669168233318053
-0.00497404170423062 -0.0380687461165901 0.0522261439223805 0.167613952832793
-0.0100285926402981 -0.0805575657449319 -0.0220062675310133 -0.118469958495495
-0.0633063779455328 -0.0568391006190584 -0.169481320653023 -0.0762378417172878
-0.0793682416229335 0.0247828279909638 -0.0677229062481204 0.0179843819316644
-0.00851755008972952 0.0526332670036546 0.00522931600984016 -0.0225532760001993
0.0386372425803671 0.0196700690367809 0.0350956289101357 -0.0325734441269137
0.0414059809919035 -0.000680375511437341 0.0843961484209935 -0.0197479145180125
0.0290319323176872 -0.00583760928538728 0.148522286775746 -0.00115296440345254
0.0198265656851831 0.0119115259951207 0.226931269960126 0.00660557953184554
-0.00647844507166431 0.0188167733933196 0.267939727646697 0.0680166227655702
-0.0343491367745659 0.0198661177262809 0.273742307337064 0.152559167342685
-0.0551097191625748 -0.00310425015895383 0.202959022143497 0.290233650045039
-0.0556663121087486 -0.0274778505021641 0.0188783793451594 0.395060667434387
-0.0356719808074435 -0.102623121863315 -0.24853275922237 0.379386322975061
0.0292171050599605 -0.12854535888489 -0.426404585564701 0.331274398990154
-0.0128140095963655 0.150529682162058 0.0361043020511486 0.154153120600039
0.0997780757149133 0.0711770654669902 -0.0246413298468261 -0.108465477493536
0.108699550923561 -0.0577675137428091 -0.172730501274455 -0.0819703968395602
0.000882787277226223 -0.12245155839013 -0.0876290236467482 0.0138681959285111
-0.0750700658150212 -0.0518871857065887 -0.000415930148642062 -0.0183345724479167
-0.0463522830075049 -0.00479381133080085 0.0302351600357319 -0.0223090496453436
-0.0420312088577341 0.00598592747464544 0.0870196089227631 -0.0119411007952498
-0.0458555032438193 0.0040724242369674 0.145085003877627 -0.00230369330221255
-0.0405546010871392 0.0123180024041056 0.221790209523674 -0.00259493840948232
-0.0421483909390165 -0.00783358488219019 0.260755608994094 0.056029370502683
-0.0462204800790196 -0.0253180964022398 0.278983006712087 0.13330133161663
-0.0223404481138154 -0.057906078100043 0.219463541397506 0.272666835511008
0.0115534070393261 -0.0368576226828718 0.0433909937342754 0.395545834784696
0.00685831233038333 -0.0298279782066758 -0.19596821426066 0.395062236119269
0.00184407219779579 0.0152862943968622 -0.385878496944718 0.367669448521106
-0.0246193591323551 0.302796594319409 0.0370128064404735 0.10615426819458
0.184977177232347 0.19045601324247 -0.015731539681566 -0.0777624053310043
0.246021942914841 -0.0528409987225512 -0.118129966655835 -0.0859464645224037
0.0730721290857459 -0.235090266104957 -0.0821494015095166 -0.0427887242547413
-0.11560150291754 -0.142129056934526 -0.039233942587256 -0.0560954743612385
-0.111136083857661 -0.0361846347557444 -0.0166699591973899 -0.0219271016978054
-0.114359461169852 0.00425870027444496 0.0588527599959151 -0.000491958902903358
-0.112577429037206 0.0116800795738809 0.119086838192978 -0.00197020792980223
-0.0953241995138697 0.0172705383092719 0.197097618172825 -0.0179296288132785
-0.0803431917420153 -0.0227303822789377 0.247229730303511 0.0392942258884096
-0.0703008544250678 -0.0607815018314188 0.286322396306964 0.117802362197253
-0.00477987002096496 -0.122917164804291 0.22551432367637 0.26654754061368
0.0837753670766113 -0.0654173388704001 0.0470171943722364 0.389809158567938
0.0695134470560351 0.0414645764647796 -0.147798519451722 0.371395375693449
-0.0148363030302473 0.163267228483703 -0.319135657807152 0.359887366086971
-0.0408081827586846 0.398411111404875 0.0695140222179776 0.0422974988531487
0.23011353726472 0.252992937204684 0.0381561602074276 -0.0524607294881287
0.315030592221221 -0.0509131475275509 -0.0267213763324085 -0.128412854169877
0.115416219496906 -0.288433762420718 -0.0788084305607011 -0.141259527973381
-0.123133599954642 -0.192706201857571 -0.10424743076826 -0.111280261675939
-0.140318317999709 -0.0642039318207465 -0.0858472462984877 -0.0270735597942472
-0.162179839922739 -0.00429435455160688 0.00830346927155946 0.0122785112349411
-0.162293086805892 0.0180135874571377 0.0732001341702074 -0.000375279895397038
-0.141375288986733 0.0268468458566871 0.15635373635216 -0.0289485095313641
-0.121460787934304 -0.0244473493972099 0.224224197127668 0.030411350629447
-0.11201063315977 -0.089585066007768 0.278809822037497 0.120277589404151
-0.00249967363106812 -0.203059127048187 0.200406808335691 0.269360717068971
0.163748455386642 -0.110693905473421 0.0182503059182429 0.358644777334349
0.14514480570102 0.109837898206759 -0.104117374649106 0.304218654338414
-0.0230994678378767 0.295943888075263 -0.238924137006977 0.304474231232966
-0.0556354979138365 0.437167731271052 0.138365603030783 -0.0328273237019663
0.229173185577253 0.265820818051153 0.129989982578123 -0.0748680641726939
0.315781982736023 -0.0372518998557498 0.0471784681808804 -0.220661683074582
0.134628456170653 -0.274983560051281 -0.103808953796856 -0.243882139512219
-0.0974880080582814 -0.202108578252039 -0.178041212389627 -0.151090161810926
-0.133122962059485 -0.0817910910669077 -0.155387512821541 -0.0314476262628285
-0.178993098666551 -0.0150524264663563 -0.0539013909484541 0.0198542325023075
-0.188756570128515 0.0190859633062268 0.0123122973950304 0.00368499079654678
-0.172628523046438 0.0354313104127003 0.102883020410249 -0.027049912501506
-0.162919753863278 -0.0225978173241265 0.184195196247884 0.0418932417080741
-0.158976741398903 -0.121293467387801 0.236825989569446 0.139340491410044
0.00578085522557074 -0.287234171490342 0.130687184653363 0.255967810874886
0.250585104437284 -0.145347067518784 -0.0204594215640556 0.280631356804511
0.20841891511336 0.177998091624876 -0.0496010180038571 0.211898197971376
-0.0301121051384404 0.390374477964077 -0.153985185437242 0.216062729061209
-0.0563829918146614 0.428446398173813 0.225244863047194 -0.119930910954233
0.196556007199419 0.247226772732358 0.215567277832361 -0.152102060495561
0.274007744095122 -0.0101919946923714 0.063881529945662 -0.320525901682036
0.142848777013422 -0.216838011008238 -0.147189121849695 -0.305397275736578
-0.0518755781803941 -0.181217585914617 -0.231099380704669 -0.165465274270949
-0.102817535176174 -0.0872119707762502 -0.209080598196473 -0.036945917747277
-0.167178213560443 -0.0240856224374403 -0.117386910997574 0.0195873300868903
-0.186068501993207 0.0169759267031793 -0.0532449066009575 0.00860740945727708
-0.181868331661808 0.0374865537958755 0.0420969605773439 -0.0113609680312558
-0.188458368987448 -0.0295620057852575 0.1225799251185 0.0666013232656754
-0.177758562104396 -0.157745607393294 0.153363308287612 0.149208406486339
0.0444537857185224 -0.336523729745846 0.0439719224961569 0.194507742119679
0.318074098527619 -0.132104751396839 -0.0224720155146004 0.165868980577065
0.225627653834803 0.234915416310151 0.0250499672013556 0.136356865612093
-0.037492617088294 0.425502537774386 -0.0801318170516599 0.114807013897371
-0.0389424199336846 0.370201678349319 0.304595769384822 -0.211709890727512
0.152354387352005 0.204517270871424 0.256904678829895 -0.253435315714552
0.213453423163159 0.0142994223960902 0.0368529287368718 -0.384467546146203
0.137209237789103 -0.148029593697499 -0.185929854283127 -0.322033524466537
-0.0115544958249633 -0.142613262939562 -0.258369371610236 -0.160742432348157
-0.0656539027446188 -0.0754590042628597 -0.242826541253418 -0.0437598084547261
-0.133124918517891 -0.0260087423820101 -0.17218375005064 0.0130140738041607
-0.156034159119631 0.00923277869803915 -0.110531300755892 0.0135726761630826
-0.162300135289699 0.0283228691913925 -0.01769298573622 0.0120085640060456
-0.177937908128833 -0.0441621396551066 0.0460765503904344 0.0842798745392646
-0.147288519257822 -0.175519618681893 0.0552930569277855 0.1214863438571
0.0999503251576844 -0.306349418133562 -0.00633114284883221 0.0922459403693745
0.3185448024651 -0.0628724815724529 0.0406409064073038 0.067288625917278
0.176155631528621 0.249324686632461 0.0912667009836163 0.115918426795745
-0.0470781553845505 0.38360854667276 -0.0285094868684833 0.015514044983076
-0.0159417056285202 0.270476866274032 0.357072120270002 -0.290205820096288
0.106705252171015 0.14439590338863 0.25859522513456 -0.339739378595497
0.149206574840046 0.0261396751122793 0.000727626547195453 -0.409792484168454
0.111539581676001 -0.0844386335675173 -0.207790867314485 -0.310413121064166
0.0115787250519483 -0.0919315986570585 -0.268769166058104 -0.150774757914018
-0.0302849167847836 -0.0506462678704947 -0.262558349405353 -0.0519103470421766
-0.0825061979389589 -0.0222710737561606 -0.210323396361763 0.00380498444068681
-0.101740464688794 -0.000985334273370941 -0.150046211839104 0.0200722362176963
-0.112955632976517 0.0110388822974422 -0.0673939347630707 0.0325126829905854
-0.123222259754505 -0.0526680153065306 -0.0218469502615309 0.0827957180039256
-0.0750220788487248 -0.147031144011391 -0.0128473381819503 0.066739254428019
0.121176045792415 -0.192656903005538 0.00450717679943847 8.58590062983166E-05
0.226973044774119 0.0152219015478619 0.128029161117717 0.034066903659905
0.080328852700048 0.191099206048931 0.112300814169432 0.140950879217468
-0.0503681779135854 0.262210970002639 -0.00501125947134927 -0.0673193576743414
-0.0105124404313403 -0.0341777927758539 0.0835658573213764 0.16143478837663
-0.0293413247958578 -0.0737631803851838 -0.0426271529639358 -0.105422917650169
-0.0727535530825228 -0.0386838046071127 -0.175634986899428 -0.0410201199041352
-0.0679633396023786 0.0431085495143801 -0.0622237754710157 0.0257550398168938
0.00138453325984328 0.0535253526933113 -0.00183078065043845 -0.0225640645992101
0.0397417896251877 0.0113588231164802 0.0254072791658979 -0.0366546733159576
0.0396221461828766 -0.0104597125132568 0.0779531452414207 -0.0289678792565757
0.0263498413836785 -0.0110197671713352 0.145131556674159 -0.0268737915222605
0.0227024678231076 0.00708137567078 0.223327696409487 -0.0360847775397285
-0.000815274381274065 0.0209759061831098 0.27759403645108 0.0137239287627674
-0.0262071978703156 0.0280268274675849 0.296144005395341 0.0957884449874711
-0.0538937484559736 0.0129339195686969 0.25494652310618 0.240842132301372
-0.0593114748394318 -0.0125978891284134 0.0983046086234813 0.378315918015892
-0.0611171243840652 -0.0886792140007609 -0.157429597579047 0.425160276050006
-0.00376464831745769 -0.126994509936736 -0.349242010379093 0.416644969283214
0.0173671021644085 0.141860588198577 0.0549634090611591 0.157631936788189
0.103614895431033 0.0467013140433491 -0.0457344844988713 -0.0859675029899898
0.0870688020711953 -0.0742701138889292 -0.172599654647001 -0.0344814086507694
-0.0260414039269266 -0.1116910755371 -0.0686470603310632 0.0273208883034521
-0.0805417661123484 -0.0319427004195068 -0.00554781080833228 -0.0251255348357446
-0.0449713169063899 0.00343449763131101 0.0216186759949799 -0.030024870985314
-0.0375535628161481 0.0134262260972199 0.0802715847114743 -0.0293592334276732
-0.0432352000220491 0.0115070772782735 0.1413489372829 -0.0278015844978112
-0.0342212149610151 0.0175220123983478 0.216415720138757 -0.0432731116463026
-0.0393290124267706 9.05834760897371E-05 0.270239902536275 0.00407993289037209
-0.0438961965846339 -0.0133862368767511 0.298052769215915 0.0748747706060864
-0.0323064444475346 -0.0444725558380357 0.268968079395974 0.220205201580165
0.00175431762488107 -0.0327401528693553 0.123032385735424 0.376091215508152
-0.00651059976191352 -0.025910331467372 -0.107933286972004 0.428748302064127
-0.00253199632499706 0.0174487515883904 -0.305233122052294 0.437131414661516
0.0346949237142715 0.284761790042994 0.0398180816291383 0.115035905873011
0.207839633648734 0.142235806065742 -0.0339237933832381 -0.0502962030151276
0.21574395998032 -0.0968649438674742 -0.113914244398682 -0.0397068901075275
0.0173994241593537 -0.232078264730306 -0.0634559434741169 -0.026755717489463
-0.136191478017818 -0.109226871341433 -0.0481340936334363 -0.0606289054290436
-0.111242605539377 -0.0147422663880578 -0.023880118313747 -0.0241300838757029
-0.105665438352007 0.0266907366380376 0.0533571865139552 -0.0179666696633013
-0.105871543852004 0.0313971341876171 0.115280478086742 -0.0224301684137829
-0.0861547056293437 0.0311442763971487 0.190026213101821 -0.0534927007597028
-0.0776829126726232 -0.00744736685343996 0.253674336938542 -0.0112613832439958
-0.072270912723135 -0.0426845654085228 0.302274084964153 0.0574832263112375
-0.0272959920099517 -0.109421872461956 0.274863364661005 0.214679060595729
0.0638051252001389 -0.0718058981775332 0.124918633908279 0.373333531244943
0.0675223031219702 0.0309951032302684 -0.0687727716676512 0.392330934851352
0.0114217531354513 0.163602107965259 -0.245733528464973 0.407365048303325
0.0371591855592997 0.377276480863578 0.0551841887092081 0.047833583800841
0.262744667911486 0.191274873731495 0.0229870869140785 -0.0329260292087587
0.281911063639958 -0.110419130691735 -0.0300746821709252 -0.0947812993236691
0.0444229208408316 -0.29210156938197 -0.0740659937681604 -0.121745823496674
-0.153650429918564 -0.155556078480804 -0.120695054881811 -0.103757532783693
-0.144300302310463 -0.0355050864074092 -0.0917878772008974 -0.0179568957879772
-0.152077045107751 0.0279615341102018 0.0061811385642788 -0.00115258121225638
-0.151914874815247 0.0461844396465799 0.0712605940887368 -0.0128533405980585
-0.127776413135861 0.0476502914443135 0.148040705952875 -0.05704869912499
-0.116625866028433 -0.00256071147012473 0.229898574212643 -0.0164482972815782
-0.115274029798925 -0.0620647817957059 0.296784521117451 0.0605049574127269
-0.0409483797311169 -0.184173276911743 0.253518983348095 0.224121900326658
0.129448994288555 -0.129643364490467 0.093853460765146 0.353571830150293
0.153979713032328 0.0808034438494045 -0.0463935794142313 0.316136494077385
0.0301813158616817 0.291627332892682 -0.180438237259826 0.330286063084407
0.0316481414479735 0.416069168647556 0.106047298872763 -0.0404143869509588
0.263686067287156 0.203509725835227 0.110092110672145 -0.0742850744728501
0.285469053570374 -0.0972498408876352 0.0219314567989471 -0.199107803406674
0.0646620274184699 -0.284262588595529 -0.119550146399466 -0.215099062699993
-0.132590331786185 -0.170731760146686 -0.197766468615154 -0.127475963617123
-0.140882649389613 -0.0536472527716159 -0.158490571040933 -0.00975954527497091
-0.170675418476186 0.0218611336742832 -0.051822432205772 0.0159056610613185
-0.176722710240552 0.0523267676947633 0.0116374619384719 0.00210066719210161
-0.155580840058172 0.0616597160932833 0.0957975844971594 -0.0448889993768453
-0.155880507582435 0.00668982529937658 0.194483225826165 0.00200215891653635
-0.164459709367304 -0.083330857126154 0.261426386802126 0.0860876707282128
-0.0500396941621859 -0.265710037999238 0.184759580595383 0.227197778684064
0.203161186598768 -0.180016725335633 0.0405207350265249 0.291321106924813
0.230733770757144 0.133367733681659 -0.0164452427702272 0.210577657575172
0.0455132345381898 0.383863353526072 -0.117199185914202 0.221594006342623
0.0293715955059346 0.407626018800127 0.177007830350938 -0.146706476107241
0.229300144532849 0.191885848911655 0.178977124806578 -0.170528004627204
0.251034870125366 -0.064360035279144 0.0156239599227542 -0.301168089012819
0.0834596383757093 -0.232591018703114 -0.177707124245356 -0.265335140811621
-0.0861630275422949 -0.159676374544675 -0.250458098705148 -0.128462000834323
-0.113572834993533 -0.063544904192618 -0.209506102934737 -0.00421406020544212
-0.161835488767781 0.0118834029019543 -0.112000563703507 0.0270168929678948
-0.175083384230427 0.0494081593128319 -0.0509042402171502 0.0186176630149322
-0.164312252197246 0.0658544756202306 0.0402555830268242 -0.0184893754650929
-0.181629395959773 0.00524668765846921 0.140063865771609 0.037508308771899
-0.190584046796397 -0.113015752110986 0.182821205957144 0.112291828420485
-0.0248419376681277 -0.321748458400689 0.0878437530316374 0.187681537136392
0.269623228588174 -0.181727066226782 0.0127170093325098 0.180298381474461
0.260402855410905 0.18401565761349 0.0367326742091306 0.116689693357262
0.046755022155814 0.417377981171457 -0.0648032641618938 0.104043807296419
0.0352475575633619 0.349920282566832 0.240432044736591 -0.256354352589497
0.179798727953779 0.159772923798098 0.200574744727185 -0.281862509049282
0.200607465449378 -0.0297220684212376 -0.0273496815420592 -0.36220479269517
0.0927176455683558 -0.168609474056103 -0.223077737111123 -0.272755394178363
-0.0403337506916786 -0.131520918597656 -0.27470714881206 -0.115721280125463
-0.0759191466386869 -0.0595442676601703 -0.242888608391699 -0.00319453420362738
-0.129971957093238 0.00364789307603694 -0.165890221334358 0.0323998672982163
-0.147719142900887 0.0376831022250366 -0.106021514957797 0.0345723635199905
-0.147769584347509 0.0547194907835609 -0.0138319313389868 0.0151853362801213
-0.175631902463302 -0.00993424078010233 0.0693144284963679 0.0713936542859163
-0.166887012648681 -0.135725341045081 0.0819995799696214 0.107195534666329
0.033037632132491 -0.3059683190297 0.0147735835155356 0.0984926179712241
0.284952150582234 -0.118820319343705 0.049501835478516 0.0679232140921585
0.217755809391914 0.207023978266965 0.0995427917285735 0.0799177186902823
0.0308277779399803 0.379259722350523 -0.0313864511878944 -0.00170358455673703
0.0391034222288824 0.253802827261052 0.282278099491784 -0.350900043571765
0.125008537202791 0.112341992565576 0.185556593075281 -0.372659781083738
0.14213748638847 -0.00685355469523179 -0.0708280838029639 -0.383377906788828
0.0811486475546574 -0.104475049760964 -0.246043078020358 -0.255855444020397
-0.00905105338238774 -0.0874608517721043 -0.283397080747421 -0.100967015365645
-0.0372936153948208 -0.0412357958415145 -0.263503173365711 -0.00558343513618125
-0.0827904296329362 -0.00292894413856489 -0.205017448739873 0.034563114931536
-0.0978797904120332 0.018416156740221 -0.142957149106381 0.0481980607713417
-0.104468651103036 0.0302884468134694 -0.0589870286337392 0.0436434057654491
-0.126983177623437 -0.0270071921876496 0.00201795711579481 0.0842065332013664
-0.096009010945401 -0.122506598828296 0.00310244486199824 0.0685668435527404
0.0757809194568667 -0.204550566306452 0.00248771935591263 0.00590543319237925
0.214888283627903 -0.0289719996924148 0.125877583721905 0.0115581606331122
0.115149368169138 0.171275393486765 0.133387085030517 0.0991020634238039
0.0053992632459681 0.261821617548074 -0.0201183817237236 -0.0830448509257506
-0.0106044267931959 -0.0348380026844046 0.083149341220253 0.166545762716367
-0.0335077421829494 -0.0731739727016619 -0.0445313454237433 -0.0938342684457963
-0.0751920057259066 -0.0365577858904638 -0.170643079167784 -0.0303284574525729
-0.0667826695134456 0.0471122975678225 -0.0557308208249642 0.0275303964515049
0.00351500193136457 0.056197420292886 -0.00153789775587459 -0.0244735626408174
0.039520523484051 0.0112109651972457 0.0222800029192992 -0.0371822677478504
0.038937640925686 -0.011898062859254 0.0777724622114532 -0.0292054946767877
0.0259381153356634 -0.0109982202803034 0.147350104396274 -0.0272712766375963
0.0225993582774251 0.00623142776415489 0.22388280657232 -0.0376670909986827
-0.000879627829817239 0.0223064978988746 0.277472794993535 0.010251306932411
-0.0261084928115726 0.029046522956206 0.295224559075992 0.092504599503463
-0.0548405761112525 0.0144635789326526 0.255544387944245 0.233553175240453
-0.0585992797279471 -0.0130722786497478 0.100574575336285 0.370443641717019
-0.0624520373575199 -0.0862756220027845 -0.147412167931211 0.425192405211082
-0.00538723390106546 -0.125900164693735 -0.338424936471832 0.422618498724788
0.0217656056368173 0.14046217205502 0.0548063869975753 0.163002442080129
0.101656589374551 0.0450383126186037 -0.0478602343700022 -0.0741318757444902
0.0836281112926897 -0.0753413828813439 -0.167745611116204 -0.0225341013184072
-0.0277366222751266 -0.109338900876462 -0.0622914776334077 0.0295412843217621
-0.0805796517140956 -0.0281332136317025 -0.00537737684532566 -0.0264294628964047
-0.0453914151970652 0.00367577862972364 0.0193713546332164 -0.0304373767140493
-0.0376776613848481 0.0133087585679055 0.0790362483557214 -0.029141201652329
-0.0437841676032593 0.012835104799231 0.143090469146 -0.0273488830334839
-0.0344689195420917 0.016759052630523 0.216865846089714 -0.0450678264780169
-0.0399284328658052 0.000506640971609637 0.269314338291626 0.000482055906894399
-0.0445307555242903 -0.0123538114044394 0.296601250668979 0.0722476231297209
-0.0327823172514145 -0.0439509099740548 0.267942511390321 0.21377599814571
0.00224044841303047 -0.0332388373010452 0.127223026770491 0.371465918067889
-0.00750238503098447 -0.0228612972143033 -0.0965083987684627 0.424434023607993
-0.00143788784483824 0.0185838695139326 -0.294827641383282 0.443246795032455
0.0413496071735162 0.283869497787565 0.0377496759133872 0.120522452275542
0.207719174335423 0.138223032325923 -0.0352517500620368 -0.0385325820781982
0.213024425340947 -0.10113187905081 -0.110391876271646 -0.028918545359301
0.0136415144605634 -0.23204470065337 -0.0591027875107327 -0.0240951317788212
-0.137578567225679 -0.105024875218401 -0.0488690339840197 -0.0597706658610752
-0.111591481213628 -0.0133984815629421 -0.0256235546841696 -0.0238366629048704
-0.105915053619943 0.0275778774668181 0.0529641727733997 -0.0175828974062962
-0.106199543807904 0.0338316936854465 0.116759197273992 -0.0223163352881276
-0.0864037951785574 0.0314171156994226 0.188851016614567 -0.0540682576347944
-0.0779347839417924 -0.00847759399356293 0.25293864617115 -0.0144140607124119
-0.073021835679794 -0.0427174807883513 0.299978229881518 0.0542730012206343
-0.0284669526359588 -0.108192372588087 0.27448397675618 0.208270125963386
0.0637636506669931 -0.0729004711785108 0.130569099789304 0.366870356221419
0.067281848788529 0.0332701287086614 -0.0610785298490082 0.38859092789685
0.0149404768365398 0.163941214096097 -0.236009271462463 0.412621910937838
0.0458501529111461 0.375922291978623 0.0522809687128845 0.051249092170769
0.264034197936126 0.187581237369576 0.0222432442744038 -0.0235918040332317
0.279124574104628 -0.114820282964807 -0.0282258230266419 -0.0853745711141627
0.0394267493462159 -0.292219422202265 -0.0717221799652787 -0.118691709653436
-0.156293146395292 -0.152822756772049 -0.123097327954244 -0.100972581255677
-0.144631005400804 -0.0348709307302977 -0.0925986287344436 -0.015824639300936
-0.151743962485053 0.0296315959618986 0.00567059158410395 -9.77879678540401E-05
-0.152671319581399 0.0496105826405063 0.0715489468735384 -0.0111758950661851
-0.128093084235615 0.0479316257902904 0.145985803599726 -0.0571429038577424
-0.117158519365683 -0.0033229666711918 0.229963019040734 -0.0197192879388775
-0.115489036695381 -0.0614157823502449 0.295377799863834 0.0562406976702602
-0.0438264357556532 -0.183272068577496 0.253740773650877 0.219301947559408
0.128169628454337 -0.131338819720402 0.0991395502262018 0.349134691624984
0.155047923830306 0.0823103837752643 -0.0383793180239874 0.310694359133626
0.0367336523887496 0.292151573218292 -0.17300113050519 0.333200168756061
0.0412401119025958 0.416727363017553 0.101458918769618 -0.0388836826225253
0.265431393053698 0.200988106408785 0.108632044278424 -0.0666876313064815
0.283570124327358 -0.102304094814286 0.0212940160325821 -0.191771221205693
0.0600472334743837 -0.286048705705163 -0.118037174142966 -0.209482374475045
-0.13318720508809 -0.16858356397584 -0.199189629039436 -0.124016218582598
-0.141321516534081 -0.0546994787115081 -0.159379497784468 -0.0065811285788834
-0.170632952318619 0.0230435620381795 -0.0522616145071405 0.0172540914935958
-0.176960940712015 0.0569396358151434 0.0123585930259998 0.00341866412287339
-0.156053075782199 0.0625230413020663 0.0937855228647952 -0.0446917336303802
-0.155121502723597 0.00647186450946071 0.19460121801995 -0.00116375432423679
-0.164629179950399 -0.0816028091669301 0.261699354932606 0.0814306744908892
-0.0556743221655664 -0.263909049725323 0.186498469014571 0.224330197544332
0.19983123691357 -0.183301524743395 0.0449548172760459 0.287571363064244
0.232212762850567 0.1322702908848 -0.0117536141437253 0.204996031379168
0.0547046295035638 0.384044476921413 -0.110597306679554 0.221926944491232
0.0393088298623751 0.40725343671379 0.170221852117268 -0.147133504130676
0.231082236681521 0.189200568200878 0.175623090385506 -0.166062678560523
0.25071789927064 -0.0683516656801849 0.0124964422251527 -0.293916375018118
0.0801388062132683 -0.235929403968993 -0.177907330562484 -0.25865269739939
-0.0876633020301077 -0.160263571915476 -0.251065421263846 -0.123115219046644
-0.114177486157698 -0.0657474024835537 -0.209078720502285 -0.00118861707047536
-0.161521401567969 0.0132195408648054 -0.112807595090903 0.0294183599527107
-0.175537174143039 0.0547214744155786 -0.0510447930369914 0.0209377728537319
-0.16340502743581 0.0662502569081907 0.0384130581016912 -0.0176198973704006
-0.181298107953171 0.00679849807980566 0.142023401860509 0.0346038504755656
-0.191397024125955 -0.110413176817665 0.18394565788135 0.110455277265306
-0.0315674329198886 -0.320332611239457 0.088187254248625 0.187704082530143
0.266772246597538 -0.187578342129676 0.0140810170637369 0.178101685833814
0.264071552488628 0.181453334622715 0.0392874852325641 0.109226581586359
0.0560834811552283 0.418436923195458 -0.0597553983389422 0.102456300269092
0.0441882416275983 0.350362189738759 0.233057039786907 -0.259743222475602
0.181161996945481 0.157514295193266 0.194753675691699 -0.279216615606638
0.200833453869601 -0.0333020055909976 -0.030634712641418 -0.353306070395487
0.0902673844231285 -0.171690088166677 -0.222495325279501 -0.264500298802694
-0.041547153365952 -0.133220668242869 -0.274319658424868 -0.111609190604314
-0.0757160704639201 -0.062235218700668 -0.242068517775755 -0.000111980827502375
-0.129300616973223 0.00459809934305318 -0.166016899165401 0.0356994150271124
-0.148020908763382 0.0416742055078463 -0.107009749854984 0.0379019321104139
-0.147556254317856 0.0555115201051267 -0.0148103200990444 0.0160250683742509
-0.175913142923088 -0.00742043488230709 0.0732918718786189 0.0686492346725573
-0.169131163458911 -0.132764856775303 0.0838401996976511 0.107178345274876
0.0253559559810432 -0.306795690766503 0.0136431522887508 0.100771491032996
0.283109922594295 -0.125546298915321 0.0474168195414385 0.063468394135292
0.222087307411911 0.206094329484047 0.101942777666902 0.0694478412329353
0.0409006332353929 0.378453828994943 -0.0283022212119974 -0.00540461765035303
0.0461234288222137 0.253250130375876 0.273090019320165 -0.353911778252218
0.126623991889672 0.110018142133567 0.176444712038731 -0.36941973561887
0.142826248648313 -0.00971967947762341 -0.0762717276512035 -0.37435206745369
0.0794763407774842 -0.106720570178994 -0.245457061944532 -0.249316115031246
-0.00984999680179561 -0.0895972747374894 -0.281803563324737 -0.0981556513864759
-0.0364833441852184 -0.0443312618861837 -0.263030504133901 -0.00237240922166128
-0.0810942052943521 -0.00226291602627201 -0.205851280634094 0.037569687213445
-0.0984420965735392 0.0211295245692648 -0.143670831955455 0.0505727482102704
-0.103647255112497 0.0311925932421054 -0.0581852726574089 0.0443045491669994
-0.127214750180332 -0.0252880661329306 0.00700626476337647 0.0828068931505551
-0.0985049680565092 -0.120777761578008 0.00478183680915099 0.0703815008488406
0.0700147513552099 -0.206782264442064 -0.00127529709504889 0.00791656546639547
0.215414035796746 -0.0339089612231219 0.12119970407535 0.00395464732505934
0.119298317910781 0.171506666737355 0.135254458561713 0.0866664454990935
0.0124352683507483 0.262470618943634 -0.0182519800650627 -0.0875531495588773
-0.0108704963210595 -0.0351801890011174 0.0890157878933382 0.169494370638906
-0.0401904364972458 -0.0707584184420564 -0.047770815826024 -0.0817822434715131
-0.0795941677470932 -0.0315770125294263 -0.166165597076504 -0.0153539003558046
-0.0643783068636297 0.0521632219320767 -0.0484632728155471 0.0296235192337931
0.00787835434050495 0.0588860790767319 -0.00263213640925576 -0.0271153586720724
0.0404464634421985 0.00949645386840984 0.0176314593444243 -0.037800051876189
0.0381966740746387 -0.0143218339902976 0.0773671775380765 -0.0312610656177271
0.0252537856559197 -0.0124790153988676 0.150206499919736 -0.032329482995043
0.0230720138241256 0.00511564089118031 0.224750992490133 -0.0455070416638649
0.000130041273245644 0.0233028256786024 0.27933216963721 -0.000601400816617095
-0.0255517630607306 0.0314586321878574 0.298592564459395 0.0820259371429556
-0.0547077804681068 0.0178666307742498 0.262072949365958 0.220954273326696
-0.0583034098975876 -0.0116405804536562 0.114453726003035 0.36423408002521
-0.0663393856992952 -0.0825336177662591 -0.125696997318128 0.428300307981975
-0.0102617291434609 -0.125282496209238 -0.317935690944905 0.442188994314296
0.0298446485374402 0.139329377401035 0.0587576656859973 0.167967809179322
0.101455547942483 0.0413137527406646 -0.0493643534923849 -0.0617976818132742
0.0786588957966707 -0.0786881307073557 -0.16251238514385 -0.00706268410096744
-0.032992149659692 -0.107164504318137 -0.0550647265744471 0.0329517576074141
-0.0803946249972683 -0.0222023261943589 -0.00642769685386302 -0.027949539605
-0.0451541256199736 0.00530992670549292 0.0154457650070099 -0.0309862234191707
-0.0382014625373836 0.0135653197273114 0.0782282486548457 -0.0309198526774174
-0.0436098196405163 0.015369407987013 0.145067781830016 -0.0322517580924789
-0.0351963213149416 0.0176752747839498 0.216612569146623 -0.0523553820519259
-0.0406672614986681 0.00200286516148364 0.270826001315278 -0.00995516953615359
-0.0453972235030889 -0.0113179793456956 0.29810722844708 0.0604343457286796
-0.0347206772661935 -0.0417881823105962 0.273870988394849 0.201600736444923
0.00195209932660858 -0.0341004350804884 0.139419881304024 0.362285379766608
-0.00881248873427025 -0.0198291222160186 -0.0768183034350455 0.426025772579502
0.000598766842446915 0.0192799780383738 -0.273391107388853 0.457918671335657
0.0561839268211977 0.281664205976797 0.0400807006118989 0.12513235119159
0.211973633241135 0.130621274849903 -0.0352280290708829 -0.0275245232009052
0.207657982340527 -0.111239501247243 -0.106257465609998 -0.0154835731528945
0.00336202202395712 -0.23280214237022 -0.0543651608419136 -0.0204604914420708
-0.141432019631916 -0.0984974971458227 -0.0516955452721275 -0.0583740121319026
-0.112666108991097 -0.00970301343744899 -0.0289620663816644 -0.0219384214900003
-0.105659926823093 0.030958920124644 0.0517407910672182 -0.0186689329853562
-0.106238475475235 0.0396129318523412 0.118655380068517 -0.0253831178939623
-0.0867362980280344 0.0333524532988363 0.187380670845786 -0.0610135614331102
-0.0798150550854907 -0.00723294592845343 0.253031269999642 -0.0246614689033924
-0.0741529601909534 -0.0412648498046179 0.300903848699347 0.0431922683381745
-0.0327802168605228 -0.106813322781215 0.280376437090895 0.195839192126351
0.0612514434297668 -0.0748405576028823 0.144688822141088 0.359514354940488
0.0685572723061232 0.0343167828622905 -0.0434760695650868 0.386167513341502
0.0230277092338986 0.164971291791785 -0.214653478371533 0.424050437747205
0.0643010169083217 0.375149751787002 0.0509917172751593 0.0546863432923957
0.271045745608174 0.177733626075869 0.0224689799502193 -0.0152316502264741
0.2741431083088 -0.127174718019092 -0.0270523769819955 -0.0771823089779963
0.0266258528148878 -0.295450896022123 -0.0723416653337763 -0.114140334695206
-0.1618194239335 -0.145633757489186 -0.127503771908453 -0.0955395006459484
-0.14672857311678 -0.0307171877264603 -0.0949164659185039 -0.0113028444565671
-0.15185094771976 0.0353417025322007 0.0048161463743475 0.000982906261804361
-0.151957268932761 0.0577259806799152 0.0728000015744417 -0.0131202870370675
-0.128113495698941 0.0522376631512789 0.14406196922176 -0.0609335608171454
-0.117835601812743 -0.00147998959329917 0.229093437607521 -0.0288453892211141
-0.117944558691706 -0.0587906759302037 0.296767589331799 0.0442176279192048
-0.0517605192685423 -0.181246824669293 0.261403227875966 0.208142650983659
0.123544059200917 -0.136998890408085 0.113547622203546 0.342971547034357
0.158576256845863 0.079444860090671 -0.0245017089793112 0.307823250904505
0.0512901529364218 0.292791027367456 -0.154974571544624 0.340233878610801
0.0612634529370847 0.415298784170006 0.0969704263882131 -0.0391816380949701
0.272972458374415 0.190548099093418 0.106942666835131 -0.0638363527760479
0.280237055550068 -0.114246347168984 0.0163792771737332 -0.185814723260666
0.0478435937360139 -0.290489888481923 -0.123421797010396 -0.203595984515798
-0.140979303920862 -0.164194742492676 -0.204290759821907 -0.114703831306019
-0.144939724141361 -0.0515308964615576 -0.159949937198679 0.000455428612199746
-0.171127777611913 0.0291129695723734 -0.052378068866655 0.0205880094042844
-0.176553425545226 0.0665283063025576 0.0137662546884332 0.00482307139504665
-0.155229902381907 0.067543381207462 0.091520815027478 -0.0460950916377319
-0.155550505952292 0.010209468392234 0.195820487859311 -0.0101642053973268
-0.1680453974506 -0.0759217613865936 0.263880445362891 0.0717727415247613
-0.0682782715009027 -0.261750786079823 0.195527222845528 0.217216090757872
0.193079121089634 -0.192058524254634 0.0572966568710812 0.284102840581395
0.239418151058495 0.125561100890279 -0.00331294197968646 0.199640206694357
0.0732538562183 0.38312250533376 -0.0974924291432733 0.225780090759844
0.0601302933857466 0.40686249608463 0.161735732348079 -0.152653430212479
0.238174714147478 0.180976362368021 0.168925959798246 -0.167010165147993
0.249244538816852 -0.0793744674510592 0.00173170642619409 -0.28826332581478
0.0713215152030189 -0.241254722510998 -0.185735547553378 -0.249368593168007
-0.0941245759936371 -0.159481234120758 -0.255815933719341 -0.112049654350009
-0.11729413461265 -0.065116843243687 -0.209748465842573 0.00801820597151348
-0.161860743871488 0.0181938419062055 -0.112907227890702 0.0351790356520284
-0.175060622265327 0.0639105640192158 -0.0502151496116331 0.025258205770014
-0.162409798088161 0.0720574830707368 0.0368707699220764 -0.0167819917230625
-0.181419314101326 0.0124511094250349 0.145491440594616 0.0276101682726554
-0.19653037969068 -0.102914999105811 0.189129162303217 0.103442081952411
-0.0478441471039325 -0.320069529521471 0.0955949647664722 0.186232084646416
0.259830895210282 -0.201260518745996 0.0193501889664197 0.175298126580658
0.273212290818272 0.173745829894303 0.0439193495552736 0.0997912903545382
0.0769878759635499 0.417572228284893 -0.0521801181087008 0.101971315988663
0.0624117516293729 0.34908684390454 0.219601349254312 -0.268581533203612
0.187628344647012 0.150738980705075 0.182165053054728 -0.282230481796131
0.201033905430804 -0.0420293585813187 -0.0442387697382672 -0.346161667618555
0.083909252685329 -0.177547506792267 -0.229597542765975 -0.2536692642179
-0.0471816742715603 -0.134103276629965 -0.277630752056904 -0.101048421208999
-0.0788424702571757 -0.0638946391989511 -0.243350234931414 0.00981025483247281
-0.128976313576186 0.00876370977835499 -0.166857473584106 0.0429153756801673
-0.147903982658053 0.0497536727003862 -0.10594297287702 0.0440086288203053
-0.146273264004803 0.0610382838870069 -0.0149307767935176 0.0176367417991274
-0.176801956042749 -0.000939239782943795 0.0784907064271295 0.0639546842452089
-0.174944444886914 -0.125607311359415 0.0881265556762147 0.105153667903264
0.00935767989770954 -0.307796388350156 0.0159955824730524 0.103031920390138
0.279361199998131 -0.139981530711049 0.0463409902077619 0.0582590931299731
0.233552773588645 0.199723180361113 0.104794585693202 0.0564688841216354
0.0601514482423648 0.379629117556058 -0.0249833978049171 -0.00846074426175344
0.0607713245599812 0.251977474214996 0.257122374009261 -0.365812580119853
0.130902945472846 0.105227384979112 0.16110616348375 -0.372296369587597
0.143646947296989 -0.0166932668217995 -0.0896306543328808 -0.364818707031802
0.0753064841321007 -0.112912370820287 -0.252005289329302 -0.237929077510501
-0.0134849884201472 -0.091115065829439 -0.284301106926669 -0.0880397776670402
-0.0373283870961211 -0.046459500142491 -0.264684623368252 0.00765417505567315
-0.0810452131006036 0.000537234659038042 -0.206198196648298 0.047466768788993
-0.098427145363867 0.0271074070210598 -0.143709740392453 0.0577547106472571
-0.103541263834405 0.03413265429649 -0.0570300752952813 0.0468407355497271
-0.129032011327905 -0.0201291770636744 0.0135742969017777 0.0803888422482895
-0.104746142418132 -0.116197797140115 0.00748108651917154 0.0727641114164046
0.0594304471650332 -0.21084079620645 -0.00465409437319918 0.0107271456324049
0.215398194060294 -0.0454212226042553 0.117115489134836 -0.00647503263319817
0.128615344803963 0.168966117532957 0.14009890843104 0.071702291114258
0.0279225567477935 0.263990407189084 -0.0189589381806713 -0.0926534013459255
-0.0117139989681577 -0.0347699045804372 0.0966241996710228 0.166579136671392
-0.0457170223554372 -0.0657259032682132 -0.049782880681321 -0.0675801451077415
-0.0816163768044787 -0.0240082849935267 -0.156110193566301 0.000859028851340646
-0.0582643255107289 0.0572544070271598 -0.040717260983913 0.0310021756606229
0.01394343871814 0.0591930709456797 -0.00476550553649541 -0.0289481065595175
0.0400148183610684 0.00664858593374551 0.0127266679495338 -0.0376386739249457
0.0352456832040116 -0.0167011814198686 0.0744360575863533 -0.0342101424800358
0.0237130073841203 -0.0137989438378963 0.14835032101747 -0.0406971276016206
0.0225837823729175 0.00352991998665057 0.219009027681436 -0.0570790806776302
0.00111615691963445 0.023497718872329 0.27301987173829 -0.016289285827338
-0.0232235125839203 0.0333347474809146 0.295083589288269 0.0635773392916708
-0.0532222474711531 0.0216842252699081 0.266039018107857 0.197970101684379
-0.058207859617806 -0.00949953674514983 0.131366909804649 0.346363247588447
-0.06953798779796 -0.0752283428415629 -0.0955224076596334 0.421651306588978
-0.0165089581477244 -0.12157516220467 -0.279181432987395 0.451245103719445
0.0392910080677363 0.133319860005608 0.0667806322951435 0.16666768335727
0.0993808069501067 0.0354728149870321 -0.0503808454081388 -0.047310494406689
0.0705957869876323 -0.0817701602769415 -0.152553144639182 0.0099112162242192
-0.0385602072990104 -0.102022218365714 -0.0468851786861111 0.0352088849945436
-0.0784412991151451 -0.0147579947661647 -0.00818768154631522 -0.0291204099739124
-0.0435946595042734 0.00789638795402937 0.0107887183989518 -0.0310517243653684
-0.0365736302680138 0.0153804960651889 0.0745583775842921 -0.0336935919000673
-0.0428349523455704 0.0184183175392236 0.143491342623762 -0.0394902053035536
-0.0339693112159138 0.0183618975442915 0.210639906693526 -0.0626053862525926
-0.0403613027676446 0.00407050969749734 0.265022946055105 -0.0245060050109935
-0.0448812300501854 -0.00831439545142199 0.293162640848656 0.043678057379787
-0.0355298874036234 -0.0389403643191179 0.275273851843331 0.179144269934241
0.00028955121986788 -0.0334656547211219 0.157986861621953 0.342297622103541
-0.00964226988674017 -0.0166987789107373 -0.0478706830771002 0.416217680808047
0.00245958655126486 0.0188974016248651 -0.234935512504476 0.465943763834542
0.0738946377091603 0.271307645659284 0.0453024132370264 0.125666528378509
0.213357453136033 0.116574014285432 -0.033818715996442 -0.0151287224048317
0.194654059135472 -0.120883747448687 -0.0981479059775034 -0.0024199220319277
-0.0118230998443703 -0.227949955045032 -0.0494043492934906 -0.0166444540278965
-0.143219551629008 -0.0863815731919336 -0.0547479204861307 -0.0547152788970959
-0.111467679590733 -0.00355016029345193 -0.0313663066508667 -0.0192122822821777
-0.10236420992361 0.0361617534765727 0.0492061728068245 -0.0201321306569031
-0.10213426018668 0.0463541651577111 0.116864749160361 -0.0309471042378413
-0.0840832039345302 0.0367385853696922 0.180167565901159 -0.0691408429200134
-0.0793477836069622 -0.00399177668568305 0.246636496532212 -0.0388987042060567
-0.0751305435672521 -0.0370853763694246 0.295545126812659 0.0251362443652654
-0.0377809493555778 -0.102766274023859 0.282254831669785 0.173389290779467
0.0565657839162761 -0.0772589154083736 0.162377316138528 0.339021419348957
0.0687918038136613 0.0323983924663601 -0.0178213154495026 0.376555136983557
0.0344473867876714 0.15946527712302 -0.181078095335312 0.428231326808579
0.0876317725749501 0.361707436584917 0.0517776308986089 0.0549576817653
0.273410932153695 0.158080041261486 0.0235603312535183 -0.0071078088397862
0.259336859170408 -0.141734631055538 -0.0255882551239654 -0.0666619836888441
0.00717070975630386 -0.291393314895281 -0.073261081971366 -0.10589156087068
-0.166698961418377 -0.13252842797029 -0.129590906679965 -0.0859511842585943
-0.145462917350449 -0.0232877559725191 -0.0948561722342361 -0.00486130276710374
-0.148208418861469 0.0424230279259975 0.0045590549251487 0.00200710483802749
-0.145679660188697 0.0674160054081968 0.0722879423342634 -0.0160157474538366
-0.123815026623785 0.0572988703418292 0.136966721477782 -0.0661240155092649
-0.116379890466617 0.00337496552186268 0.222554861935623 -0.0421798082994126
-0.118936298202593 -0.0518444590656661 0.291164061744512 0.025719220519748
-0.060635700704275 -0.173804744672174 0.266283420970066 0.185912546894683
0.11319879332143 -0.141214401291996 0.131036339287769 0.324626034615231
0.160030048872586 0.0714621092031535 -0.00480292377858894 0.297649175989005
0.0704984189680668 0.282740098828636 -0.126704152502053 0.341885159680676
0.0876427580555355 0.401209744279685 0.0897631087470637 -0.0408183539602979
0.277293696226495 0.170964986244352 0.10316228788778 -0.0619967935430814
0.266269039875985 -0.129175390795705 0.00920438191581879 -0.176237300526992
0.0290851244492541 -0.288221575589073 -0.129668825531719 -0.189730535141156
-0.146788526885741 -0.153031009256325 -0.205898068843731 -0.0997594509919288
-0.145726445742336 -0.0447555097273572 -0.157109466690802 0.0102758467747427
-0.166575015574415 0.0373466900495938 -0.051273686016414 0.0247706205709567
-0.169202709787091 0.0775855754200336 0.013922645675647 0.00479040151296634
-0.149499936222493 0.0739699335615416 0.0857184658820952 -0.0495767817819688
-0.151693780583356 0.0172261769991026 0.191039808542444 -0.0225374265089245
-0.168510506595946 -0.0655398765597207 0.261833303966368 0.0537696091337576
-0.0831312812617046 -0.251115102000198 0.203584572451061 0.200323250103765
0.176779537937284 -0.201219757942134 0.0712637337353855 0.272040537928052
0.242672911893566 0.110901333178805 0.0090399905962028 0.189237460455457
0.0989285775007508 0.370828386929951 -0.0784492036660862 0.225139907996004
0.0867108582664542 0.393942213437707 0.146477439808399 -0.156251212698852
0.241650269277957 0.163906333249189 0.156382062004105 -0.167307051883967
0.238451447823293 -0.0928914562194246 -0.0123294429777052 -0.275367456317023
0.0542576973009582 -0.241427691010272 -0.193034993329011 -0.2308054157469
-0.100796029993463 -0.151687447372215 -0.25603361187438 -0.0948444975818248
-0.120196054617467 -0.0608305387869997 -0.204843340974202 0.0203741911249707
-0.158447118576691 0.0259628168921 -0.109216545078323 0.0422742918750606
-0.168024831210438 0.0751628672459228 -0.0473592756099191 0.0292490450013775
-0.15654929351123 0.079579786520654 0.0349592289341615 -0.0179548090755248
-0.17688405870787 0.0209526209380355 0.145012041844004 0.0169351227765341
-0.198793537672385 -0.0892786425336851 0.191801548781741 0.0899422334297319
-0.0675986103760353 -0.309336082171586 0.104494563241703 0.176466888599283
0.240900275360266 -0.21362812240603 0.0273930261613355 0.168196309775197
0.279164076251627 0.156117342154866 0.0490353751690109 0.088244475450119
0.105129330355191 0.403814688051176 -0.0418376451584145 0.0995621308383481
0.0853429920485203 0.337031578164835 0.195642142808975 -0.275041934655594
0.191010201783276 0.137253520265393 0.16212938824228 -0.281400266751611
0.194158042364429 -0.053711233876869 -0.0611976112353336 -0.330275505861901
0.071327929473832 -0.180349582443805 -0.236100039252742 -0.231471638444886
-0.0537413945368371 -0.13047023726997 -0.276096267449951 -0.083091344383466
-0.0817248162143203 -0.0617035360316813 -0.237186545069133 0.0237573562480208
-0.126420076890657 0.0141192702629772 -0.162108399998662 0.052780977918008
-0.142061282428736 0.0596242556140031 -0.101356383407169 0.0503852479176354
-0.140729515552127 0.0672526577669536 -0.0136041270689234 0.0189223884830483
-0.173486315998859 0.00874626604676958 0.0828563689576825 0.0560943396523819
-0.179196312040098 -0.112644827324637 0.0944933266664099 0.0988315433718039
-0.0121113883317906 -0.302833840569451 0.0204905363597158 0.101691934981081
0.264857838400818 -0.156715568189634 0.0450447125757892 0.0514583100156914
0.242095476286183 0.18314882884223 0.105630599201554 0.0401541170010371
0.0863125924416359 0.368426820659941 -0.0230134524685926 -0.0118490247027203
0.0784751345588583 0.242539676604787 0.225688047111871 -0.374029825980827
0.133912290696308 0.0952813494629619 0.1343456410972 -0.368697908724259
0.139968089246012 -0.0254801302600842 -0.107305102197582 -0.346136072632871
0.0666114838524114 -0.116177718948272 -0.256671870723768 -0.215919135765496
-0.0180936469089019 -0.0897197588613386 -0.281872606691504 -0.0707272958526839
-0.0398329484026657 -0.0467052308089305 -0.258307097378688 0.0230402470505792
-0.0790705709165622 0.00396523732175361 -0.200903974598776 0.0593683159696974
-0.0949645873128367 0.0329230681150249 -0.138858807264142 0.0657381448687033
-0.100327492877737 0.03906778129442 -0.0530181154207007 0.0486846532641098
-0.128301033014578 -0.0118541609838885 0.0212764762945484 0.0758576474466029
-0.110120139574724 -0.108364048304861 0.0122209863844424 0.0721396322617604
0.0433036012297752 -0.210834079225507 -0.00658838329388374 0.0132241515106874
0.207822251829661 -0.0589664152339581 0.10845335762076 -0.0171615392698917
0.137686809504077 0.159563099476537 0.140783838103921 0.0524695451842244
0.0472694863642088 0.255721728245954 -0.0224383104611626 -0.0949155923275188
-0.011959725308174 -0.0332786593828722 0.0991241115990735 0.157984519882585
-0.0485977457604752 -0.0586778342844776 -0.0476059066321431 -0.0529078900265131
-0.0789269821497252 -0.0163937206860788 -0.139925023154958 0.0131548371148753
-0.0514091549234059 0.0588994806893899 -0.0317256033788197 0.0297738269240504
0.0186083862542644 0.0559793312927324 -0.00757996370533857 -0.0296781982646855
0.0382945502894935 0.00473085731809615 0.00697446816691856 -0.0346440094387236
0.0322568133380828 -0.01787478178629 0.0689264305198196 -0.0357951505384961
0.0214951560998158 -0.0138599543518374 0.141419120071947 -0.045613430662235
0.0212204549707739 0.00155479881874872 0.20580941700875 -0.0642183772317792
0.00283892076389984 0.0231383647557152 0.257268852922267 -0.0285065911456127
-0.0208957904510863 0.033777640764454 0.280860489546178 0.0466712675234784
-0.0490925536928468 0.023575919943514 0.255993786739198 0.17251878740799
-0.0552247019931326 -0.00712710292287146 0.138532583541444 0.316584280929378
-0.068577139169332 -0.0666150431411125 -0.0684113011265019 0.398535859742427
-0.0216558845011944 -0.114080606764946 -0.237693224181498 0.441195557166132
0.0452116466262128 0.122733177433525 0.0702266271305849 0.160417266048336
0.093924880725447 0.0295186862942054 -0.0464008264739121 -0.0333861953937691
0.0604838911413614 -0.0788543138303376 -0.1363142637717 0.0225140674839958
-0.0414296431285853 -0.0934027690191188 -0.0370430973425897 0.0341513276900265
-0.0726523556412127 -0.00937357447596765 -0.0100256675497516 -0.0293194162654418
-0.0404266200378366 0.00923423641511657 0.0060852859811354 -0.0286259264018862
-0.0348445124582824 0.0160605818752459 0.0691560560791237 -0.03476148529534
-0.0398861966865496 0.0195242975481719 0.136579870454324 -0.0439740845817458
-0.0321277666811843 0.0184105928055422 0.1974397553372 -0.0685251232180871
-0.0382936294831744 0.00533647830345305 0.249391341659273 -0.035718388142467
-0.0433128532169185 -0.00621824286425495 0.278581698271399 0.0285586156243821
-0.0352443746146656 -0.0350420286576351 0.26455080469838 0.154955260040923
-0.00135288436681246 -0.0322111794559136 0.162925322019106 0.311893972751144
-0.0101044691516956 -0.0123834475334797 -0.0236806483552557 0.391588813333578
0.00392910196872745 0.017352242299177 -0.194666745537366 0.451353426869722
0.0855103589836616 0.251367642578994 0.0471601489628152 0.122281843547572
0.2063331408549 0.0999588825478209 -0.0299873560782647 -0.00387758301066767
0.176648687522064 -0.123259231390807 -0.0858410004052418 0.00861290374636585
-0.0237029561335202 -0.214287174848328 -0.0428174779845953 -0.0139839669664847
-0.138118528568905 -0.0728516437297559 -0.0547882670379517 -0.0503510998541648
-0.105228405283459 0.000886457160532475 -0.0323773492842957 -0.0158246179973063
-0.0959380750759959 0.0382746322321734 0.0455973573367429 -0.0197666654070199
-0.0945326068088055 0.0497768139751802 0.11182421292416 -0.0347459839777647
-0.0796105944563929 0.037848144525863 0.168637990281454 -0.0728093614177048
-0.07653098781909 -0.00146426477915214 0.231477623371952 -0.047950186283333
-0.073001135783366 -0.0321221837712741 0.27828975783217 0.00969877732860588
-0.0395121882980379 -0.0957682962399643 0.2717044449571 0.149698271531834
0.0501236936348045 -0.0755804108972333 0.168495089001171 0.309368672200638
0.0666203214261815 0.0300929140274757 0.00150935171628494 0.350257402397417
0.0415114639520972 0.147799093554929 -0.145707327454492 0.412862118384601
0.103297763918481 0.336524022315215 0.0491592122429283 0.0542623728745546
0.265082656333164 0.137093311670391 0.0248128615776848 -0.000785727684550002
0.237034387743661 -0.145733430860611 -0.0216110613287064 -0.0566736746408981
-0.00901317419399021 -0.276077344049271 -0.0702534193165803 -0.0963881493369627
-0.16291869853495 -0.116824543758479 -0.126677231715517 -0.0744886444200587
-0.139284591937623 -0.0163889547416127 -0.0912037507975624 0.00163201314090691
-0.138491371279003 0.0461816408278514 0.0036909922301967 0.00328291393145617
-0.135532935521785 0.0722039454217488 0.0693867098610325 -0.0185085189505008
-0.116018344430805 0.0594839235528847 0.126545757454273 -0.0682875929315521
-0.111219545592213 0.00649923310987528 0.207462448933702 -0.0506239192126191
-0.114717253163598 -0.0445008767479451 0.27481414892067 0.0107598695875242
-0.0650660022277398 -0.16097610510415 0.257244892324817 0.16194750900256
0.0999960497506966 -0.138838013047547 0.13913798436004 0.297273278073661
0.155041400045629 0.0629217593549389 0.010585243781496 0.275518243207978
0.0818248908566516 0.262317025333847 -0.100155441741198 0.328930214284544
0.105318520248794 0.373250508541148 0.0811027022211484 -0.038693064861209
0.268588533274361 0.149708048407182 0.0964579952485348 -0.0570541299675427
0.244371035766576 -0.134521335100237 0.00484921404032205 -0.161851760032195
0.0125025324979147 -0.273843075217189 -0.128367412327472 -0.172151751680852
-0.145461540898166 -0.138164145807638 -0.199263462853835 -0.0836827625741715
-0.141162738433519 -0.038242677682843 -0.149153731398322 0.0185251609332182
-0.157182141052886 0.0419374944157172 -0.0476258620443256 0.0272026681174905
-0.15669520238189 0.0825462150592562 0.0152245234502475 0.00455168960076141
-0.139261605487026 0.0770733388446533 0.0798082165731984 -0.0492882344332251
-0.143601839536745 0.0215614419703147 0.17912718706189 -0.0313445415244462
-0.162162302747399 -0.0545463052243922 0.249565731471392 0.0380020720531183
-0.0908289469087802 -0.231809995716988 0.200825694968498 0.178226330319228
0.156781250985986 -0.198377657351767 0.0798411028235932 0.25121229895655
0.234748184848239 0.0955970953250355 0.0177862558192088 0.172679493189214
0.114047629155379 0.344425418609423 -0.0605004029567129 0.213560727410261
0.103222368249882 0.366115103616634 0.128133221358704 -0.151837290114981
0.235316035379329 0.14461678178199 0.142281427392534 -0.16074792009642
0.220351474285292 -0.0989299559562174 -0.0206194255253745 -0.253933519630703
0.0398205620317522 -0.232199898421592 -0.190188150000751 -0.206912266217145
-0.102717034270046 -0.140409051429551 -0.244945628201625 -0.0777489092170509
-0.117863147623195 -0.0553157973648492 -0.192907766134519 0.0301204054741679
-0.149808042407438 0.0304768990294984 -0.101986913881186 0.0464127618497477
-0.154748315339553 0.0801211280373261 -0.0433343210996167 0.0302874268336038
-0.14577312633506 0.0821444221808015 0.0318867236049974 -0.0176045267254241
-0.165984648239272 0.027098934056376 0.138504924243475 0.00685378226743502
-0.191934653203685 -0.074676083745543 0.186270769321387 0.0759713147785872
-0.0810116877692502 -0.286957998574822 0.106738004938497 0.162840077193918
0.216661121215544 -0.215157610007426 0.0316945738147719 0.155747849720234
0.272877046857144 0.135123896925265 0.0491604652137121 0.0734827666568732
0.122255520126191 0.375262952080676 -0.0332667747373164 0.0923677998896912
0.0999039627939298 0.312240279948872 0.169011945521667 -0.267185565834095
0.186032351042136 0.121285282238716 0.140538043198605 -0.268458962986973
0.180835971171648 -0.0600844060906147 -0.0704516433686975 -0.303007578072859
0.0590116133546316 -0.175144948766691 -0.230065211285033 -0.205573295015426
-0.0572586482593587 -0.122765505701954 -0.263136989222419 -0.0661354163202014
-0.0817289959925393 -0.0585762574039455 -0.222811893436255 0.0338570739701276
-0.120274515364759 0.0183850544673716 -0.15115109836856 0.0588158499794056
-0.131690039952092 0.0642191027843899 -0.0935041057686304 0.0538202024299598
-0.130781868034101 0.0700866286629846 -0.0120057067199919 0.0179100342302811
-0.163405979387995 0.0157285171277033 0.0828451295313278 0.0465945525354282
-0.175574544929919 -0.0976626529682221 0.094511534350752 0.0896250638797352
-0.0279554855633972 -0.284852165754337 0.0236335181689026 0.096422923045532
0.242327794827064 -0.162843347384431 0.0402286123846447 0.0442059518368874
0.240361637794828 0.162361810315149 0.100342322671931 0.0249058569282122
0.103044615564286 0.341138434336368 -0.0210323734235373 -0.0146733180493382
0.0885583476695678 0.223434996824742 0.192271588938782 -0.36357462523739
0.130189365103739 0.0838261757299793 0.108475110367412 -0.349538688024687
0.13019196913326 -0.0308705166050728 -0.114981026243013 -0.316166512023135
0.056623227127862 -0.114092148000241 -0.248596839627408 -0.190419281753393
-0.0213639478485506 -0.0858175893008928 -0.267736481564065 -0.0553537501178424
-0.040339019877807 -0.0455067850462874 -0.243277615447061 0.0339293695419663
-0.0744477432648963 0.0054542872737185 -0.188339356407086 0.0670862848829563
-0.0884360457619383 0.0371008373350402 -0.128370673218753 0.0697920880712062
-0.0935534681209485 0.0417103147445346 -0.047442744378719 0.047374410512148
-0.121761156703359 -0.00557079756507492 0.0257866074609282 0.0681225278494477
-0.110666112726423 -0.0966148306199387 0.0159576218766123 0.0700064459430988
0.0290992215594316 -0.201744823451519 -0.00736800987495246 0.0146626871764865
0.194298029667979 -0.0684508860601036 0.0957159402185919 -0.0246713320840169
0.139406855223911 0.145574817810205 0.134559433293884 0.0336455260293886
0.0609847957089062 0.23861696665156 -0.0244963598634578 -0.0938952588907611
-0.0103071689579221 -0.0297537543871256 0.116408144329795 0.132313945393301
-0.0532341143734072 -0.0454281847345078 -0.0502461205217686 -0.0374728255330731
-0.0742735221486926 -0.00122259353746505 -0.125242231449584 0.0332352269120745
-0.0363967409085069 0.0620499001071637 -0.0260931066271605 0.0314955328449701
0.0259065123493777 0.0480806425128879 -0.0119246268802642 -0.0244802363787734
0.0353893746580393 -6.74851688696686E-05 0.0020355352145588 -0.032050107031167
0.0261727158297658 -0.0209800073959279 0.0628518893689597 -0.0423459014600756
0.0180722080728345 -0.0168073977025618 0.128445476898976 -0.0625745740099374
0.019418137051681 -0.0026223347400692 0.186626564877961 -0.0896568054337401
0.00674304398514641 0.0205761669890178 0.236050933747536 -0.0648031242472722
-0.0136242626728089 0.0333844810543774 0.267470750154362 0.00261577627184847
-0.039924474044673 0.0303316685267179 0.258321824269297 0.121565024341633
-0.0510525078217519 0.00104310331370059 0.172362287886587 0.26967291271653
-0.0735522425276647 -0.0464138460247096 0.000526689539647997 0.371614495423488
-0.0323942344148934 -0.0963655547523946 -0.155197944887976 0.43674465459032
0.0585417368327988 0.105947255766034 0.0916256070857202 0.146649054230775
0.0876907647216482 0.0164805487169216 -0.0410084859185569 -0.0150996784416321
0.0441992644396709 -0.0753703215318482 -0.110330034309478 0.0400417181935885
-0.0495145796853962 -0.076580819067386 -0.0236361951379745 0.0285231281623152
-0.0655475518823026 0.00132096089451594 -0.0192486372737788 -0.0280012897260554
-0.0367379131701987 0.012582828818017 -0.00202992982509332 -0.0257460872441685
-0.0304592410789644 0.0173463670153572 0.0594984849492286 -0.0408053460884737
-0.035035787341566 0.0217888195154822 0.124573802476055 -0.0596488411977668
-0.0285590673519551 0.0187696414992577 0.177658401103567 -0.0926410751643064
-0.034341887430082 0.00804634604621226 0.227973739844388 -0.0711423725255359
-0.0383809332612972 -0.00203597381715361 0.262171875537048 -0.0140652476480171
-0.0329135838686471 -0.0263455337544615 0.263935198108999 0.104637890289545
-0.00307321104285219 -0.026396884197163 0.196123548001371 0.261523703471407
-0.0118412216719879 -0.00321884546324594 0.0381660820104494 0.358137476161542
0.00578538574842747 0.0225678540244259 -0.116738701365854 0.440217123745899
0.107883453222191 0.218761645606112 0.0657499950174454 0.121178042401213
0.199010343639745 0.0667376560000287 -0.0172404324143667 0.012571214033743
0.14286238722848 -0.129771753603317 -0.0569697571975564 0.0192974538190324
-0.0507497920549325 -0.188323667878652 -0.0307741045039684 -0.0218033860025184
-0.13400343636923 -0.0484363572293085 -0.0675442995812189 -0.0458636319673776
-0.0972126301817015 0.0128408645807011 -0.0388827970979704 -0.0087749482277717
-0.0840807871218356 0.0461151987037153 0.0355136215897039 -0.0237573772205487
-0.0822020770993099 0.0560421045436046 0.10094360911435 -0.0483165941878158
-0.0708598584731554 0.0424565268227549 0.149967083941644 -0.0930737315080047
-0.0710062218009221 0.00558185846446569 0.209274622306974 -0.080845691627836
-0.0680765473870447 -0.0246431720829607 0.259642845744436 -0.0314856088121496
-0.0437882778565395 -0.0824560372817856 0.270937801499501 0.100139214983214
0.0389412038346268 -0.0710142648202135 0.202097473926854 0.257759764588207
0.0641828564902324 0.0274931237434206 0.0542641390180988 0.317484058688885
0.0552137797774821 0.139444298896651 -0.0789789954657879 0.397790774457324
0.133425617357 0.292951600958257 0.0571053873273381 0.0623853519833657
0.256609593099419 0.0925609445913189 0.0358049952017911 0.0086125187506964
0.194828788163715 -0.159955549353208 -0.00349527018703746 -0.0514248316052078
-0.0475474503229762 -0.245606598049287 -0.0658418243165069 -0.0978471738064419
-0.162465992136259 -0.0840451614783382 -0.139830501408865 -0.0606480082416432
-0.131154078363262 0.000264933634960955 -0.0926732808312958 0.0149028285697905
-0.122718290209008 0.0586324493129738 -0.00323966812590868 0.00285711932091549
-0.117265672972086 0.0816618441877039 0.0625368403046846 -0.0270042685410206
-0.102142899428658 0.0672026826046434 0.110896680263668 -0.0837602440348285
-0.103133605100123 0.0169901060152865 0.187527442415605 -0.0810631686380966
-0.107642071697988 -0.0321105614916158 0.256891516913014 -0.0304275449938066
-0.0758063922680298 -0.139920350819572 0.261996620226227 0.114871828684346
0.0776297675041549 -0.133310310469868 0.174815403384422 0.251744326014913
0.150339999918887 0.0456184633233768 0.0474490117334343 0.248662710063087
0.106625985408474 0.239127295932657 -0.0479118887243153 0.313588678822149
0.138804863708393 0.326169298998368 0.070875223590286 -0.0278794957967246
0.260295369763978 0.102102865285885 0.0941907768071053 -0.0556849570028861
0.201394910675293 -0.151840094266167 0.00454242291403178 -0.152415403426519
-0.0301090391812732 -0.247505974104427 -0.12924040874678 -0.158499242591781
-0.150294686894732 -0.105413667428028 -0.206309890361481 -0.0589161648981182
-0.135943171310753 -0.0194426093534863 -0.1433877978929 0.0374109084470085
-0.140247674707018 0.0574646301715276 -0.0496244490623889 0.031625770701466
-0.135608007280093 0.0939394969098508 0.0138166659017506 0.00192635077172171
-0.122129155883447 0.0862465114816092 0.0690319432737687 -0.0600375148951827
-0.130826880586744 0.0338331299601933 0.163108958109079 -0.0608764775979863
-0.152469838838529 -0.0359153526522231 0.239023950771009 -0.0023272655340303
-0.109658216753149 -0.201830669041945 0.213817411411507 0.139592812305784
0.122370353676181 -0.195184167772964 0.114374742349384 0.219227614436579
0.228178491075613 0.0638314688823789 0.035690456962409 0.152873347954153
0.145091348532038 0.309744302192359 -0.0290504085668157 0.202620553898061
0.135630266879449 0.316279391143645 0.0963135640383572 -0.140533400078739
0.227969493790523 0.100531122168289 0.117937049157306 -0.160165316590898
0.182812809495203 -0.116089998444472 -0.036058857981812 -0.231405410884202
-0.000519256692330966 -0.212463663444786 -0.192103350760407 -0.178114620505025
-0.112437767927833 -0.112176888093686 -0.244724395528817 -0.0468557277281107
-0.117249574279456 -0.037612324896684 -0.181347566999418 0.0524528754861526
-0.13490507817179 0.046278794780964 -0.0978135188297418 0.0562669408671863
-0.134452906565736 0.0921433142670642 -0.0373477701969453 0.033756234675624
-0.126456809893092 0.0926626008265116 0.0288476529741188 -0.0239180692844174
-0.15127700012373 0.0431638156177229 0.131496583366573 -0.0198702770034275
-0.182199349723517 -0.0506017128083531 0.186904367330142 0.0424964968498702
-0.108923033831685 -0.254125509306738 0.125440630920489 0.140200495714423
0.174666960920058 -0.218375387954302 0.0553875091230693 0.139079778812934
0.2689654236045 0.0928902252952359 0.0478996578515815 0.0571729510476237
0.156614731826092 0.335461934365063 -0.0211552804735248 0.0861114955303103
0.125559914505974 0.265024446339067 0.115368713527801 -0.256298406561691
0.178741055212101 0.0846450674559116 0.0980191367544325 -0.26309797880028
0.150629923789426 -0.0759805056038273 -0.0927179293539329 -0.267495590969696
0.0231116435366176 -0.162742305839708 -0.23053720076018 -0.167073544266536
-0.0689090471160942 -0.101395521700376 -0.255964082888337 -0.0333011328782322
-0.0840474592528977 -0.0448412865109238 -0.207598259072603 0.059690840375485
-0.10848608975711 0.0313890368418623 -0.14155460748799 0.0748514603734157
-0.1142593703405 0.0747320092464613 -0.0823037537293038 0.0625399732069074
-0.114042716423769 0.0800945487323224 -0.00782555537546317 0.0160756899515579
-0.149042235497917 0.0334511809738844 0.0859780274846146 0.0246290076338241
-0.170582581867804 -0.0719754883945832 0.104428536601886 0.0705147560740274
-0.0608054308922324 -0.259312129503484 0.0372297191477073 0.092868984500354
0.20355852190813 -0.175125614056805 0.044818415572987 0.0358415179558259
0.243792701218111 0.121541463245358 0.0871848272053131 0.00248203289039754
0.135717524993643 0.304369316859994 -0.0241315598091231 -0.0152500203670345
0.105100556491391 0.183493339405249 0.121824294678885 -0.35210494578067
0.12220974845072 0.0573055288270891 0.0535021263645558 -0.334652398576454
0.107742428392308 -0.0443974991472736 -0.139527399415846 -0.272169105207272
0.0296517972325217 -0.107054686674476 -0.247777531225644 -0.147054624917306
-0.0323969208897691 -0.0716475011265008 -0.256437908922833 -0.0198331754527236
-0.0436634458541034 -0.0371619862514213 -0.224241331471304 0.0625815330943797
-0.0678630663627926 0.0145662078633553 -0.173156092189327 0.0873913850843063
-0.0774169157305226 0.0451059054990234 -0.112174792613955 0.0825598213003939
-0.0821730736625162 0.0496908792138219 -0.0372479729705466 0.0482223116385972
-0.114043950600106 0.010100155457791 0.0373384152096898 0.0543360495992545
-0.11157005385421 -0.0776204554820668 0.0277768896344768 0.0636835851127856
0.00150432385029847 -0.190635475510987 -0.0062005510656247 0.0212526385974656
0.17028198972047 -0.0848005793695923 0.0829790266680498 -0.0368853903941936
0.149876418494077 0.118432428607614 0.121504573979135 0.00245890529383751
0.0850129948339434 0.213306673735585 -0.0371478732693206 -0.0882341959861718
-0.00928202117373437 -0.0297200028832051 0.107668747670159 0.132743239684655
-0.0501473744822067 -0.043452608109536 -0.0428707654124776 -0.0299366517379082
-0.0707449733189537 -0.0017916148064285 -0.113160474825029 0.0303718835037541
-0.0348559600725296 0.059556611282718 -0.0213224745428733 0.0264233518850608
0.0248332147530664 0.046339912200268 -0.0117878464655251 -0.0246989591366534
0.0337791688925462 0.000824704924788601 0.00015758499696342 -0.0286093201475349
0.024611795442156 -0.019573966344657 0.0607244702693596 -0.0379826468849457
0.0167663698337632 -0.0160217416819461 0.1267128054543 -0.0570969660438071
0.0180102219701953 -0.00264860437926664 0.181207332801113 -0.0801326338075806
0.0059008274586412 0.0202191587360748 0.226583046599175 -0.0540330174516519
-0.0137384526099489 0.0322414406875645 0.252686612591259 0.0105771443928148
-0.0389347916142389 0.0278291681844696 0.237915967185424 0.122632109735807
-0.0492265493971951 -0.00150119703904623 0.154743895638841 0.25721557028771
-0.0677505411631858 -0.0446278678015091 -0.00856034564872045 0.347117765495886
-0.028179577717743 -0.0923126497257808 -0.155925539947284 0.410128098829574
0.0534278312045585 0.100572381607872 0.0842273626900361 0.146120417555889
0.0821870517101996 0.0184949315744855 -0.034892844831673 -0.00883681078639326
0.0428835663394772 -0.0692716167700285 -0.0986037201642749 0.0379009656521736
-0.0447708063017087 -0.0726402790405509 -0.0190129751485177 0.0244949165843536
-0.0610689409247927 -0.000486120734310775 -0.0193049336176188 -0.0287808612802121
-0.0355028722950912 0.0110695934569429 -0.00284780012563977 -0.0228756860384625
-0.0308619765615258 0.0159622553109718 0.0577366756568552 -0.0361413432158097
-0.0343178143889704 0.0199364928226723 0.122175993758654 -0.0543702555938031
-0.029229585101268 0.0166192875620523 0.172720662433836 -0.0831530292404845
-0.0341064939846691 0.00647103324439146 0.219469051682745 -0.0610009009562963
-0.0373665511845529 -0.00271693354534094 0.247848838888796 -0.00503308583557077
-0.0305321162404978 -0.0266709966697161 0.243726392407945 0.106800016703285
-0.0026166660765337 -0.0254727660153952 0.177325088670399 0.250934385621528
-0.0104872200983067 -0.000418958888961095 0.0276869575649828 0.336229231099037
0.00559981118629015 0.0210741506068884 -0.118853638242405 0.415024053013841
0.0982130023359244 0.208282944705574 0.05925728924986 0.121283615736326
0.186426259025086 0.0688192843511515 -0.0122318961100458 0.0174495361823524
0.138010747122784 -0.119636184702701 -0.0478506225708908 0.0193535470259042
-0.0440694890585069 -0.179005346864891 -0.0244704412109091 -0.022957113928901
-0.124121745701571 -0.0490079801903469 -0.0640809437053154 -0.0460994898292011
-0.0932195267723949 0.00892086768679776 -0.0383883095848278 -0.00733665441617771
-0.0824466632378698 0.0414464438323189 0.0342251258205124 -0.0199376674517096
-0.0802471269833243 0.0517511038130935 0.0993043680096066 -0.0437074521339744
-0.0700655377686816 0.0378587551012069 0.146255864964294 -0.0844364784082281
-0.06916357205622 0.00249501477338906 0.201006028585918 -0.0708190652358197
-0.0647665812297712 -0.0253531798892768 0.245932765225435 -0.0218018491550352
-0.0387473105025176 -0.080349525493634 0.250704088236663 0.102313730144631
0.039751783046023 -0.0664865523911572 0.183290421487853 0.247351371329985
0.0611392885939442 0.0312757696985486 0.0437048050480249 0.298341326432886
0.0492015069267632 0.13203565311337 -0.0816615785515223 0.374911629674778
0.119364297418182 0.279254826921592 0.0525793291842729 0.0645421207771732
0.240513260396916 0.095551150074692 0.0375416975581009 0.0135222085033846
0.187778571915902 -0.146626473462369 0.00429513365627007 -0.0463907290054426
-0.0397904196743708 -0.234660743051225 -0.0567417936333645 -0.0953767154150055
-0.151295874148431 -0.0842987859248035 -0.131421578915497 -0.0614297055430687
-0.125749782102768 -0.00427121605417872 -0.0890979458257751 0.0130550173915108
-0.120157468914501 0.0521666518915655 -0.00320625037582877 0.00449152125859729
-0.114066815469852 0.0752818124975273 0.0615096278983243 -0.0242299848378183
-0.100915880001249 0.0605741472564165 0.108263140204188 -0.0764278442998407
-0.0995640045584174 0.0110515008287983 0.179422497340464 -0.0719105100708411
-0.101858333785242 -0.0346770774791523 0.243316142330145 -0.0222880021520951
-0.0678417580297183 -0.135496692085632 0.242875376491306 0.115284607164835
0.0778987952639204 -0.124640234825602 0.158234568731868 0.240677193378298
0.142252490027629 0.0500228275683345 0.0379591581336462 0.231856407842859
0.0957468604059123 0.228693580928581 -0.0518949991005571 0.294655477883501
0.125476687966356 0.31055942457667 0.0671996970360753 -0.0215446389948614
0.243672238070691 0.104920370054169 0.0934279304314812 -0.046512954792167
0.194800505839197 -0.137763446760748 0.0134506035352501 -0.141945409906076
-0.0222224204704671 -0.235220255837996 -0.116016854501653 -0.153805768835346
-0.139571741682239 -0.104907790397108 -0.194516523124287 -0.061785263700052
-0.129904814246278 -0.0241579110616156 -0.137067601178242 0.0329532297145413
-0.136573286135142 0.0501177618098527 -0.0476656322495153 0.0299740595247878
-0.131412762231671 0.0869175583820731 0.0133360514772999 0.00210261011979926
-0.119215614520416 0.0781397286663363 0.0671692875083998 -0.0550118752072999
-0.126134514439345 0.027392492781977 0.156427252320914 -0.0541429105331658
-0.144101775690929 -0.0389730769683298 0.226030856238148 0.00375505457389221
-0.0984928964764494 -0.193831506157423 0.197516129416477 0.137019386076637
0.121046545590324 -0.182807928936669 0.102911187648718 0.20890682648335
0.216274098654235 0.0685111172306368 0.0288282000400319 0.141325437394607
0.1305007988754 0.296727426787152 -0.0306468003062398 0.189492543976471
0.122193360103582 0.300613092418752 0.0938032072014771 -0.128758043383861
0.212812211612935 0.103025312630406 0.118373983236899 -0.145848915649283
0.176052186366863 -0.104966567460917 -0.0240023190071389 -0.218062235225079
0.00464221851869328 -0.201935871083178 -0.174892738101526 -0.173057455791208
-0.103620199680741 -0.11097010160186 -0.230247867974115 -0.0512686224967854
-0.112314318169549 -0.0416675886958209 -0.173854340312174 0.0454685919370091
-0.130546205476993 0.0394950361276033 -0.0943939319138218 0.0521874577177149
-0.130720419361703 0.085142968594509 -0.0367046868333334 0.031613106280252
-0.124026171826414 0.0842207664852188 0.0276640138342104 -0.0222809004455772
-0.144980763344139 0.0354951802363607 0.1257500561917 -0.0170232368697793
-0.172215367102789 -0.0527595362773776 0.177011248981817 0.0449420083186211
-0.0977662501893587 -0.243843825010626 0.114366472522674 0.136853467431103
0.170483043089031 -0.204244404206944 0.0477563173096106 0.132303747872706
0.254665931996726 0.0968558129590572 0.0413858587424078 0.0498329423303135
0.142483922953515 0.320546886434218 -0.0211220430638508 0.0780532237934426
0.114262641939357 0.252185005928088 0.114437151436999 -0.238205137509061
0.166248301451601 0.0870913284489822 0.101399376516854 -0.244380736489651
0.145197421763742 -0.067626688344798 -0.0778517622753313 -0.25273400023775
0.0258974279145489 -0.154831035698037 -0.211544595967682 -0.163172651478104
-0.063323554699543 -0.100398208180602 -0.24098176554341 -0.0392459707975061
-0.0806662029776753 -0.0471052761686042 -0.198634243738971 0.0504975783455956
-0.10553493071027 0.0261517109328151 -0.13679499173594 0.0688198966835707
-0.11064422079974 0.0692769797556675 -0.0797657582397166 0.057832013882744
-0.111219604366357 0.0732021968859343 -0.00836705635739692 0.0145079235936653
-0.143241333535803 0.0277024021545835 0.0822748787087297 0.0233108637733197
-0.161428253875918 -0.0721332668227964 0.099365900105197 0.0695568976590681
-0.0529758298388657 -0.248246285396419 0.0315032380459959 0.0907201622016429
0.196208176612319 -0.163033317252468 0.0390419409874209 0.0340590490356306
0.2301747251908 0.123123076825909 0.0799515437192018 -0.00207496490655252
0.123186088473829 0.29092325733295 -0.022199641495966 -0.019093273909701
0.0963843717689155 0.174659568551588 0.123129369589972 -0.329772809554662
0.113769811137749 0.058631453731985 0.060954150022154 -0.313293811697081
0.103250289709 -0.0384300287034959 -0.121894775794902 -0.258855902845171
0.0302634952996647 -0.101698668830747 -0.227336571192489 -0.144713570882011
-0.0288786398179471 -0.0701645359381302 -0.242099111414549 -0.0281484284441531
-0.0420671034483533 -0.0388476249555442 -0.21475580696384 0.0535042681190165
-0.0659427270028389 0.0114028580241619 -0.167025158765423 0.0802335484417864
-0.0748799853328854 0.0417807605779213 -0.10969341864777 0.076567051560439
-0.0804088205905386 0.0448735716913058 -0.0370131966485629 0.0438501330691808
-0.108766268448058 0.00653940094458921 0.0347649216710736 0.0498623670711738
-0.105482708365767 -0.0761274750191487 0.0266746204055603 0.0621423501558021
0.00497551569402085 -0.181729462554879 -0.0081535246306367 0.0215878811960294
0.163239262997453 -0.0777399743430431 0.0751580186633952 -0.0343398595996942
0.141320484836834 0.117674118044408 0.112622049510474 -0.00186290901984585
0.0774071637213812 0.20329035534894 -0.0330948963984322 -0.0895415286275015
-0.00776152379627434 -0.0318439482386662 0.101525688878795 0.139606261674034
-0.0492259059166301 -0.0448461016660023 -0.0371158649742879 -0.0252594752143355
-0.0697502184054854 -0.00326658262388644 -0.106225098378532 0.0270950863948699
-0.0354113658897971 0.0579710668322051 -0.0174431634886042 0.023164440391082
0.024182634264062 0.045620134366539 -0.0119998612119515 -0.0262784316404723
0.0334650960833452 0.00262286891728353 -0.000651207124702365 -0.0260784338818102
0.0243013813615747 -0.0180633718909402 0.0627432761541431 -0.0340316349780206
0.0163224776801382 -0.0153276278844414 0.129956976003325 -0.0518345712899252
0.0171791738202548 -0.0017362542671157 0.184966766636438 -0.0712242744362525
0.00532101772703528 0.0209250560818198 0.227310582303488 -0.0433588854784966
-0.015119556514835 0.0332154835344285 0.248568089141374 0.0219692890441654
-0.0395752249729949 0.025765243838546 0.225365250379597 0.132193859989654
-0.0491156196097742 -0.00451969611928434 0.140148373884558 0.257836667582416
-0.063463481051262 -0.0461229809261258 -0.0237517452978829 0.338259005960157
-0.0230608148356653 -0.0927839049598717 -0.167119056550744 0.398252075519079
0.0488860279298985 0.0989261777320024 0.0772455167691339 0.15212557956101
0.0799530649349447 0.0223942583706382 -0.0305692131292464 -0.00460292697713512
0.0444861515656331 -0.0659941539861078 -0.0920849889882249 0.0356232696741946
-0.0408712637808995 -0.0733247246853063 -0.0153162656877259 0.020614675520407
-0.058320274164472 -0.0036634041729435 -0.0190960917079851 -0.0302421395904934
-0.0355178579322355 0.00946795373964499 -0.00382377119751834 -0.0207495432182063
-0.0319522814241017 0.0143831957023801 0.0587694859096823 -0.0320371199384321
-0.0357321335357428 0.0189255559623236 0.12497860382206 -0.0498380300792442
-0.0304191381849314 0.0145281787591892 0.176973484736225 -0.0742948542002547
-0.0346202945723854 0.00460164596695538 0.220055279033394 -0.0492271925667154
-0.0365801605881515 -0.00406571810557859 0.243916845815276 0.00676272586576161
-0.0282775880726994 -0.0286852447733207 0.231953586616615 0.117531128947941
-0.00155093239333108 -0.0257671782268313 0.162367781672572 0.252229609316246
-0.00888702528878472 0.00140901897105502 0.0122449157464652 0.328234694437117
0.00482355314547689 0.020197410822708 -0.130489518149451 0.403384580497779
0.0890739362040133 0.207349037661455 0.054370064333319 0.12652284100588
0.180702430006861 0.0761032613521449 -0.00950157814227691 0.0221168044621349
0.140709988686353 -0.111500297439585 -0.0417579015745207 0.0194885708696567
-0.0373427235361166 -0.179597928437738 -0.0197154900027518 -0.0253597667107299
-0.119556204793022 -0.0539600687277538 -0.0627785387374322 -0.0492608973276781
-0.0932254808046157 0.00425278209697054 -0.0390092918206923 -0.00687173904710123
-0.084834725584888 0.0365990954688554 0.0347117714900996 -0.0161447394418928
-0.082694555302387 0.0484404153758597 0.101434352385115 -0.0394104028804147
-0.0727217993542247 0.0340931586420958 0.149218397466356 -0.0768084772486417
-0.0694575331231986 -0.0017281501541677 0.201966028666536 -0.0605570132150097
-0.0633319496743768 -0.0288136441240125 0.242645243906863 -0.00957561640941458
-0.0339648573041213 -0.0817649879003247 0.239949140368544 0.111837301366195
0.0422417969084572 -0.0635494172220602 0.169355710949084 0.249356145749936
0.0601138629055885 0.0360063354036672 0.0296653385503131 0.29171948407273
0.0435472796223025 0.132277918751187 -0.0926493797746797 0.366809869752515
0.107447039743649 0.278705820612169 0.049036749183355 0.0688303466618683
0.233025857060019 0.1053529880428 0.0400635577066294 0.0191737771014804
0.191261369369049 -0.136577362256659 0.011916568692275 -0.0435432805722059
-0.0303261511773454 -0.233240157636734 -0.0489395046294476 -0.0971913818647581
-0.145314606640847 -0.0901941430299368 -0.12867273224798 -0.0670172739175728
-0.125368451708428 -0.0110649108579915 -0.0899097749647805 0.0115549355293828
-0.121959182018107 0.0460911749323664 -0.00341048573118354 0.00602931334323458
-0.116980951448725 0.0705820812477636 0.0628622958688474 -0.0210543448857415
-0.104298450887579 0.0548292911392198 0.110523759245002 -0.0701755787169996
-0.100338545049859 0.00503949643610898 0.17996159487552 -0.0631366225842551
-0.0994323097972319 -0.0391283090171975 0.240291163678861 -0.0110018577844609
-0.0602865289704092 -0.137187904387866 0.232512466724934 0.124290728591407
0.0816614084359659 -0.119505541210126 0.145939926518136 0.242155160817576
0.139779126785133 0.0581504675479065 0.026100849436621 0.226354068878705
0.0855471577872374 0.22823091669015 -0.060418708199364 0.287554339831843
0.110745825461608 0.308973210224614 0.067428264831827 -0.01548279727326
0.235498479030788 0.115375759839726 0.0973286561555474 -0.0386153060404766
0.197540751058858 -0.127214739614427 0.0237370305285607 -0.137482809313207
-0.0129248853958409 -0.233234636652478 -0.105278087389509 -0.15621835647298
-0.132473815633048 -0.110479758580719 -0.19015376929665 -0.0690002477570858
-0.129628852670841 -0.0313064638813366 -0.138207432458686 0.0277011102749613
-0.138621001397683 0.0432749127480717 -0.048785192637988 0.0296636658525116
-0.135075492078482 0.0812792498367075 0.0136217553037744 0.00285043299132707
-0.122818210117537 0.071721007015908 0.0681329217891446 -0.050898267912441
-0.127528427835638 0.0194998714892291 0.156991780321578 -0.047444912055609
-0.140628795618678 -0.0450015555854194 0.222785917696327 0.0130324857016086
-0.0889417538705684 -0.196061777724467 0.188192977443914 0.143662120361752
0.126250058878239 -0.175293499703818 0.0924605151959236 0.208629713545518
0.2125009983468 0.0792850139902934 0.0200894037821442 0.134939561986804
0.118364663402756 0.295895062302754 -0.0372379898190219 0.183472218820957
0.108464660574037 0.29979164286007 0.0973741283215272 -0.12149727689028
0.204963098013907 0.113112279694308 0.125155863871548 -0.136073931726336
0.179263119693033 -0.09502563670017 -0.0110806895463275 -0.213638442458378
0.0125553355134885 -0.199730565218857 -0.163141679213627 -0.177905232100703
-0.0975958398553049 -0.116709071843572 -0.225793959213153 -0.0610425505634428
-0.11166033526753 -0.0482658913588071 -0.174129123529087 0.0379273473520695
-0.132270349480905 0.0328570317723351 -0.0957246436018645 0.0491564664074511
-0.133038160457299 0.0805195859045626 -0.0374136738200457 0.0297534022098005
-0.127766577237943 0.0779090091985515 0.0272545045821104 -0.0204275192440414
-0.14546911454563 0.0277664722559299 0.125255094152127 -0.0133890441792231
-0.168043659095809 -0.0588166319124469 0.173652748005999 0.0509114191943761
-0.0866170406272535 -0.245561990572304 0.106125204287711 0.140280989054431
0.175613672090732 -0.195830667188385 0.0408221103971093 0.132006018128548
0.248903017043626 0.107512953426329 0.0366140726502999 0.0447814667630329
0.12855162071417 0.321092976423984 -0.0236013174128478 0.0729739846170625
0.10230668918698 0.251323622618266 0.121715320792235 -0.229122449835223
0.159275330397698 0.094804910933637 0.111429529175335 -0.233955832971294
0.146879446778785 -0.0599136488203235 -0.0623137120117745 -0.249875562577796
0.0325927379233658 -0.152522591218237 -0.199116292365341 -0.169427953992761
-0.0583751793377953 -0.104095189979966 -0.236435690680896 -0.0509235798981057
-0.0802247503555102 -0.0522329220487528 -0.198638184391366 0.0405546904867585
-0.106770725625557 0.0198920089762461 -0.138242631980888 0.0629761692952108
-0.112906163881355 0.0651010390840037 -0.08214768423151 0.0547601079597763
-0.114606125592606 0.0667970383319558 -0.0094945908204422 0.0133036344174825
-0.143200812545482 0.0204842698264087 0.0808014968312532 0.0243293477116926
-0.157114641866862 -0.0773756761765253 0.0970321404734622 0.0732550603923111
-0.0434025113237218 -0.247713190924762 0.0259753062365361 0.0919264723077401
0.19945787431622 -0.153645458240816 0.0347664410497728 0.0341146669163538
0.224496797356793 0.132801393636428 0.0764185612007791 -0.00554389358125061
0.110562074520808 0.290806535267774 -0.0209958940968762 -0.0234411337683776
0.0885657157361652 0.174056078769004 0.133939331590529 -0.319297189066719
0.10911265375553 0.0643359826514694 0.0740358369524574 -0.304370109966657
0.103924582418276 -0.0338466371568672 -0.105611590165554 -0.256861170695687
0.0337329472831591 -0.0996273891197422 -0.21548384538831 -0.152269181788494
-0.025061279022774 -0.0725548177328164 -0.236679646726436 -0.0402006150030007
-0.0421610456094079 -0.042712163377203 -0.214496291869016 0.0422356748662265
-0.0664382103931265 0.00692005197678222 -0.169000505219445 0.0730766199164734
-0.0764088716039508 0.0390119090385666 -0.113567210585795 0.0714458494427199
-0.0824649490723015 0.0412558489729629 -0.0397823091001237 0.0409774345263149
-0.108388112917679 0.00244961696463413 0.0335072866877528 0.0474219435340658
-0.102362818928318 -0.0788561961512452 0.0263419190363329 0.0638970088325601
0.0111371216323257 -0.179945963613461 -0.0113449180391009 0.0230760147746313
0.164068124359992 -0.0721975837975983 0.0715781380705418 -0.0323474031141172
0.137614667951107 0.123635011386597 0.108766926852751 -0.00471692274596509
0.0699190086523221 0.202700784507042 -0.0296249807430903 -0.0938718228023891
-0.0074008970023228 -0.0346684456658929 0.10184703506076 0.150808725457235
-0.0513479636763984 -0.0472584215650727 -0.0340868022933786 -0.0206333465112083
-0.0731132841424894 -0.00460948204952635 -0.10447117135799 0.0270305450090968
-0.0371213561816116 0.0603949135035993 -0.014662348121596 0.0199166661411044
0.0249252803243003 0.0473730474110383 -0.0135531535220646 -0.0282648823169432
0.0346452045086341 0.00392646127219318 -0.00135125808361746 -0.0241335925644299
0.0244923682066237 -0.0184250152778974 0.0658647542375822 -0.0324966419158834
0.0162805450891929 -0.0154899044108548 0.137700696346632 -0.050983154673634
0.0167012304330887 -0.00188765731306264 0.195463274275766 -0.0679673620492372
0.00443204567800666 0.0222425840980316 0.23580447197135 -0.0368561590378903
-0.0162163261292787 0.0346232070261216 0.253883547159535 0.0323393871719633
-0.0423243323650598 0.0249813263397631 0.224874338801416 0.144378475832095
-0.0513014187490607 -0.00719827437325297 0.133386736015152 0.267156517075
-0.06285131311049 -0.0486296665574482 -0.0340053900940371 0.343421602157938
-0.0199813711119174 -0.096430829044223 -0.18028458543851 0.403363109206686
0.0474551840584503 0.101499862582688 0.0762799048207417 0.162923780044011
0.080030153296241 0.0257844530737873 -0.0276259824669325 0.00073231478017821
0.0472079919832709 -0.0656426685559663 -0.0898298154819187 0.036226746197612
-0.040168231130919 -0.0753407521230243 -0.0126786193027508 0.0187105059056652
-0.0588577638882367 -0.00520293865120346 -0.0208006317204739 -0.0324703070478981
-0.037379880953859 0.00809157152423787 -0.00538736869747334 -0.0188644346547982
-0.0345830136883465 0.0135397273620006 0.0616546026798404 -0.0292771127439867
-0.0382890455214989 0.0192017799772754 0.133101708577197 -0.0481882802653483
-0.0336361011940652 0.0136933800593295 0.187104661919179 -0.0716106202985998
-0.0365398453464566 0.00313674632451976 0.228696942967561 -0.0438306608257251
-0.0378261823976371 -0.00505901490665559 0.249720060164122 0.0165537320393236
-0.0286616064487581 -0.0307761733210172 0.231985500842053 0.129385160794655
-0.00103578334606263 -0.026357077083316 0.158043343398181 0.261524189451276
-0.0077295677056843 0.00334256149506841 0.00315248860453985 0.33320836252325
0.00498561787430512 0.0202314096204159 -0.144058428628044 0.410875835389686
0.0852584545850436 0.214138647145095 0.0521297285797764 0.135096165932695
0.18301048068926 0.0849264249201556 -0.00682620213404212 0.027376201796769
0.147342507183293 -0.11143392790611 -0.0376128655690153 0.0209699991448771
-0.0331998840194934 -0.184411106290463 -0.0157245276669934 -0.0287797594531254
-0.120138974191455 -0.0596546572956728 -0.0649932694095293 -0.0524499498220574
-0.0969013105619516 0.00100005093656882 -0.0417181168152663 -0.00544542525787962
-0.0897386948455038 0.0353149501251209 0.0366027056465526 -0.0136190244715704
-0.0878012881686675 0.0481524443748737 0.108043685294432 -0.0376783798504331
-0.0779876076376708 0.0320652875805502 0.157634924244453 -0.074239340500813
-0.0733816558982802 -0.00549763661359685 0.210656659154875 -0.0555350602945767
-0.0645585769771473 -0.0319522541852501 0.248153415522366 -0.00162346157988414
-0.0321342190792248 -0.0871878268395722 0.241180945173357 0.123635106626448
0.0454816626587213 -0.0634461346050718 0.165780477772782 0.257856050008143
0.0619208968556146 0.0414265961936104 0.0207452864154364 0.29634298354888
0.0412852862298701 0.135987958755431 -0.103942573330902 0.372688435079312
0.102751920002872 0.287956524616228 0.0483045184684252 0.0759422679859561
0.235436378649547 0.116175421787343 0.0434363387947222 0.0258201438036788
0.200027673935254 -0.135043070590948 0.0187702219526751 -0.0421189445668813
-0.0248834390716192 -0.240457883049318 -0.0439682263443558 -0.10288783340514
-0.145701114747966 -0.0982436012275534 -0.132526148628072 -0.0723361148451009
-0.130227226385503 -0.0164986957061218 -0.0940642879653217 0.0102999408738012
-0.128773982495616 0.0427470799915387 -0.00360290520321526 0.00904347858710052
-0.123534735057756 0.0705553289291942 0.0662682064899969 -0.0198846426885731
-0.111051599218817 0.0527132180426518 0.115870251951212 -0.0682306484504107
-0.105148058220923 0.000973728229254455 0.188149784244718 -0.0598255177881959
-0.101143379094161 -0.0438791691302971 0.24616184833776 -0.0037879107798528
-0.0567228813956043 -0.14415766237844 0.233096547680585 0.134702666596197
0.0869985747992479 -0.120201231234299 0.142424232629311 0.250834389047918
0.143426089825815 0.0668998637436113 0.0189013723771214 0.228487201531794
0.0816046993669132 0.236122685753647 -0.0690320322393014 0.292248138187979
0.104894833260152 0.319953456736699 0.0693420190332688 -0.0114864178141568
0.238091389607346 0.127825368102734 0.10393038182107 -0.0337600250028441
0.206893920545234 -0.124973232416366 0.0327042638433156 -0.138473281327741
-0.00605404738013278 -0.240257688972259 -0.101007233896625 -0.164645450590612
-0.133156095354448 -0.119676615805799 -0.194924508756411 -0.0769437724150644
-0.13430709948618 -0.0382891335198747 -0.144005626394222 0.0254167037250843
-0.146485312046937 0.0387873303384546 -0.0513362302358297 0.0310500216647601
-0.142174206753328 0.0819787858093417 0.0145560696375018 0.00430442629140918
-0.130990879750586 0.0698078837582555 0.0716902224509412 -0.0501835877804718
-0.132719841138981 0.0143898257464488 0.162875429600911 -0.0447894373363534
-0.143187562240081 -0.0496815225355974 0.22903301947904 0.0198587147765269
-0.0860317067294868 -0.205715593218703 0.187777763143704 0.154238257370183
0.133574057591008 -0.17545105836356 0.0896324360193107 0.215166370670928
0.218310070234549 0.0898444591135592 0.0144312435541582 0.134832602784398
0.11413735887099 0.306918776863895 -0.0415288412699752 0.18514428018714
0.102381951202535 0.309617100535786 0.103028160700442 -0.120070888295817
0.206254924541819 0.124633774059566 0.134874214014554 -0.134221102764575
0.187047697347802 -0.091954328280489 -0.00100052418656108 -0.218347024700926
0.0194338819794103 -0.205437938779454 -0.159906646493994 -0.187764281027314
-0.0969172557218279 -0.124523904478763 -0.231222011516527 -0.0701238034478627
-0.115834473457297 -0.0557565232635848 -0.181271074281444 0.0333612608166045
-0.140617896917968 0.028179060925997 -0.100262155760246 0.048901984762975
-0.140135608529262 0.0798888393933916 -0.0397471640592215 0.0302967464828468
-0.135460068434555 0.075715404755751 0.0285180955439805 -0.0201495894670199
-0.15224553950279 0.023330638178444 0.129645024379636 -0.0117029206628208
-0.17157541418735 -0.0648748842768826 0.177893016235268 0.0576340064197095
-0.083561527527422 -0.255274055469146 0.104032545732868 0.148228253235265
0.185008188893482 -0.19642516106292 0.0374544268524023 0.134586261902602
0.256173320845992 0.120327134816308 0.0335784228605564 0.0411862782275407
0.124358258619863 0.332182580428679 -0.0253435992881124 0.071549278882274
0.0980736675784593 0.259500789440705 0.131178647436487 -0.231397365880891
0.16010467004688 0.10473835329782 0.12324213139633 -0.235952585316979
0.15261693981838 -0.0569199465498288 -0.0529301360913951 -0.25666921100672
0.0385621607156419 -0.156931071160642 -0.195970336451072 -0.179120150709045
-0.0567189890290718 -0.1116120392539 -0.241512338153318 -0.0608617761763368
-0.0835120363318451 -0.0591247652147583 -0.206194133105022 0.0347982479891149
-0.113224901917303 0.0160036799187412 -0.144371040635423 0.0615059048929287
-0.1184369821855 0.0649120383537901 -0.0869432928903133 0.0551383742814785
-0.121705670235009 0.0658778595243719 -0.010713423468739 0.013044291199476
-0.148383026546326 0.0167046202877687 0.0831093413929629 0.0245801207583603
-0.159715597834777 -0.0826187308899801 0.0989376461650166 0.0785341062881228
-0.039139679671855 -0.256746362260361 0.022498354320699 0.0973960360146268
0.208828434230497 -0.153866484526594 0.0325471113940318 0.0342730456794616
0.229928358854461 0.144504557633285 0.0754225721086869 -0.010470332259833
0.10780290680106 0.300608668312444 -0.0214238237953404 -0.0286960706538174
0.0870446230478799 0.179314649399732 0.144358838785838 -0.324140016681853
0.109863201032264 0.0705373675680903 0.0854617631643126 -0.308918805645561
0.108191022402146 -0.031244203783827 -0.0977465295885166 -0.265107295231886
0.0379229623808977 -0.101654451770247 -0.21344183836678 -0.162241164187236
-0.0239781498091164 -0.0766303059505919 -0.241982669069237 -0.0508097370766986
-0.042972446557817 -0.0469810294483062 -0.222448402728656 0.0355320204052307
-0.0705156014038378 0.00395018995808905 -0.176705117533536 0.0709238683739219
-0.0802366436965117 0.0389487053207687 -0.1197513625456 0.0720052784089215
-0.0876748311307197 0.0393966142025197 -0.0432304873838859 0.0399692160374971
-0.111816906670676 -0.000989312936524823 0.0335500235311015 0.0468001393989543
-0.103525583113634 -0.0831832366755993 0.026390528492922 0.0674248439906806
0.0146615933376362 -0.186063823909734 -0.0146648356360828 0.0254558987969366
0.170206639590272 -0.0706154422406703 0.070596523221145 -0.0336242798081568
0.13962386516954 0.132451273044553 0.10879430457071 -0.00916670514968511
0.0678762816253566 0.20846850116379 -0.0287852297814075 -0.101659355646958
-0.00852322349633287 -0.038428690796533 0.109396115379649 0.160990147521764
-0.0566422727737978 -0.0485754044389616 -0.0327196004644364 -0.0148927512516614
-0.0775598127530848 -0.00254533140462849 -0.103128668205685 0.0315804723322722
-0.0371550577476943 0.0646919985899398 -0.0116695955242888 0.017842022162783
0.0273668072530423 0.048531813308045 -0.0164823758429746 -0.0307216147362356
0.0359627810197959 0.00387941537875962 -0.00280959102010054 -0.0228779686440139
0.0250811810460183 -0.019529610695988 0.0694939362437711 -0.0337721012243135
0.0160378330945633 -0.015718344757405 0.147626633188523 -0.0563502249146007
0.0174282832176448 -0.00182133123948794 0.208464935591544 -0.0740548717072279
0.00479036134476576 0.0236422458935314 0.250032575579314 -0.0403488637877864
-0.0171260705385887 0.0383441418697416 0.267645025306166 0.0330069923291414
-0.0448410914544748 0.0273518386265966 0.235320140208294 0.151457098712093
-0.0556691509814829 -0.00733551685342983 0.140947969880532 0.275861825348931
-0.0647890265356406 -0.0500691414109253 -0.0337700429416116 0.357631534999741
-0.0218378599885726 -0.102647460235761 -0.182681001178592 0.426630119496891
0.0502582401330409 0.104233108548761 0.082883571255933 0.174770765198371
0.0833872780660586 0.0261720614573133 -0.0258086212028117 0.00733305047486464
0.0473851540712682 -0.0699807855560105 -0.0884106735378363 0.041326817340875
-0.043339234253835 -0.0783568790322388 -0.00948141040941674 0.0161800310954987
-0.0617685701851451 -0.00563498636037758 -0.0238609919498182 -0.0350466927298115
-0.0401009784293564 0.00933771513578338 -0.007406677773721 -0.0162807059854293
-0.0376530640627302 0.0142749996370385 0.0649327530826915 -0.0296240905617004
-0.0416406132890166 0.0212885525162353 0.14187047311356 -0.0530719700736183
-0.0370490540257141 0.0145885912994723 0.198339592765642 -0.0775492267460954
-0.0391519050183736 0.00350262321657024 0.242086558981927 -0.0481840172483882
-0.0398465425551662 -0.00430639315001401 0.262317150643194 0.0165003865363645
-0.0304288990170401 -0.0329031460836942 0.243826439303644 0.135305617143371
-0.00172910975522844 -0.0276486026746648 0.166927456145067 0.270187626269996
-0.00616014810657793 0.00500995422892742 0.00475137001484682 0.346906005676022
0.00582857826573587 0.019584739485371 -0.143935374245304 0.433289241120624
0.0919276345136887 0.222972755673017 0.0577755548848604 0.145198642425053
0.192954075299612 0.0881727044826186 -0.00357858592499826 0.0344070083928412
0.152721819567708 -0.118746934617477 -0.0336789523859153 0.024645834840231
-0.0375927625695144 -0.193391246750516 -0.0147588987410176 -0.0323574694528268
-0.126727473592402 -0.0618036109251699 -0.0708531141195582 -0.0548439482116378
-0.102869516188081 0.00132310233901881 -0.0447062128972365 -0.0029809521531497
-0.0964840038926453 0.0371970594940913 0.0394593164728588 -0.012237095071592
-0.0931750976830704 0.0533159559645834 0.115266195529665 -0.0419980911853183
-0.084029961182362 0.0345005518002127 0.166860644783553 -0.0792100592795651
-0.0787478412131881 -0.00604302411854692 0.221553564578706 -0.060189370979562
-0.0677107632443192 -0.0335094000360705 0.260585655802159 -0.00245311827152094
-0.0341230284281234 -0.0920482645275265 0.252483973194877 0.128532092896718
0.0475520652871091 -0.0669252055883157 0.175496319731345 0.267344552952843
0.0682518647130804 0.0458520983087318 0.0234734857617903 0.306866453954888
0.0452121276526605 0.141082381052936 -0.101794588237524 0.391358647399837
0.110961746786668 0.300352119878343 0.0517357136486349 0.0828389103068776
0.249328918243153 0.121391650715879 0.0489840708196513 0.0305151466226402
0.208162015771007 -0.143954094597043 0.0248643184434575 -0.042958384991015
-0.0299249485144899 -0.252327030922634 -0.0450574381054622 -0.109518890695424
-0.153304492604793 -0.102238016341578 -0.142647472813252 -0.0744899597748957
-0.139351352365174 -0.0170802675002967 -0.0996977692239463 0.0149398369210665
-0.138280633098346 0.0459380211848213 -0.00290379506413782 0.0120547358831447
-0.130684416602491 0.0774349835117992 0.0709318183705221 -0.0224349499858847
-0.118985787975 0.0562706768634151 0.1222936754446 -0.0726456881208359
-0.112286909902871 3.42955319937287E-05 0.197423592360243 -0.064775435163776
-0.106070277475964 -0.0457024153667256 0.257984654637931 -0.00536248990942559
-0.0611362160096995 -0.152719188470058 0.244951668284271 0.139821894394226
0.0911048246015027 -0.126155686125477 0.152169605404273 0.258877033146611
0.15334400114716 0.0721344397654922 0.0207296461331689 0.235753703946836
0.0887977314075119 0.246503423869662 -0.0666493940003397 0.307094397474592
0.113448974094957 0.333520582111332 0.0718268720474571 -0.0106877722681294
0.251108002417025 0.134157136799889 0.110491395079181 -0.0335755929840337
0.21532841797156 -0.133116480278025 0.0375849395212474 -0.144368778954494
-0.00961915221460126 -0.25332283038803 -0.106396998275095 -0.173226105436595
-0.140914811885463 -0.125935007961439 -0.207597304952566 -0.0790013311282495
-0.144699160605201 -0.0409774946404995 -0.152541700142833 0.0305649744835777
-0.156657824530823 0.0424027708043921 -0.0531941344387122 0.0352303632426853
-0.149624321826319 0.0890559773293653 0.0160411320524373 0.00406726210560732
-0.139257149637052 0.0745177802521296 0.0745987955230162 -0.0524077325412395
-0.141357322051717 0.0149995794353872 0.170689668968295 -0.0502657268870866
-0.150961876927412 -0.0516503796789214 0.240312997410479 0.0184713945736898
-0.0927040977515667 -0.215654004341802 0.197681334391107 0.160861385505447
0.138679297814747 -0.186458126827176 0.0954074220042938 0.222208882907493
0.232409223653446 0.0944538831936103 0.0146026045418893 0.136652120294521
0.124166870987706 0.320686471625452 -0.0403389013699524 0.193847271719104
0.110574223757426 0.322405985759513 0.105776656540869 -0.126173421635244
0.217618269913793 0.131892104698977 0.141170937978369 -0.140984435246243
0.195609678212131 -0.0980252329404163 0.000364487641893807 -0.227565325324212
0.018675328390663 -0.216967894833704 -0.166564257822983 -0.195804406151609
-0.103324080386333 -0.132315898435459 -0.244808358481566 -0.0717060976880465
-0.125607958757942 -0.0595225855243989 -0.192113112368333 0.0377519292868821
-0.150102069850007 0.0302961030945927 -0.104996391266884 0.0546577675564257
-0.147363552957496 0.0869227837092904 -0.0411300196474842 0.0334795538618327
-0.144176785400535 0.081059753687841 0.0281371489701475 -0.0215557237978335
-0.160431447304251 0.0246331274197487 0.136118788116443 -0.0157779529423315
-0.180435340755458 -0.0646239093402814 0.18845257547638 0.0583993296778494
-0.0920976539974986 -0.267853054572706 0.110375340752099 0.156180297870001
0.191284430438117 -0.209331325630202 0.0397484843949416 0.13900465183909
0.273799537871041 0.124908977831691 0.0320568642972831 0.0373181351395307
0.136532954267995 0.347620291912867 -0.0248584657502303 0.0723872753122516
0.105240635424779 0.269498655963466 0.134437671965255 -0.243426978080883
0.169210322175378 0.110890772219558 0.127262633599128 -0.247180135916339
0.160535021335527 -0.0607562481574523 -0.0542985708679035 -0.267381971556056
0.0384966225863048 -0.166090521399387 -0.204966404730582 -0.187481958221568
-0.0615088649677451 -0.118505830186723 -0.255679907977949 -0.0631147765385136
-0.0916033118403694 -0.0637924710706885 -0.2179453417183 0.0376554914244454
-0.120900085275353 0.0173229897227352 -0.152115148853547 0.0679614856455758
-0.125411755436274 0.0707266013429434 -0.0914970678888536 0.0605008974075456
-0.129141090958637 0.0701114942088286 -0.01318100059111 0.0138915406807596
-0.156543169927276 0.0185884438991839 0.0879008735625674 0.021950322288093
-0.169515369220672 -0.0849836400785898 0.106457136956823 0.0820664284017594
-0.0463663994325817 -0.270871391576392 0.0233257092240986 0.104386590526228
0.217146327597309 -0.165873985734705 0.032081366446913 0.0338505579138328
0.246383247295537 0.150922031400888 0.0754463945135323 -0.01932246440126
0.118552446945727 0.313578618730593 -0.0228676510920797 -0.0336494583831178
0.092548693870911 0.185526703886048 0.148134363307273 -0.342363858858349
0.115262937177795 0.0746857162996463 0.0865708453213731 -0.323329879586582
0.113554143146077 -0.0339221846123075 -0.101660145196046 -0.275001338449571
0.038613438591047 -0.108292831588057 -0.221472750959731 -0.168529051449395
-0.0261412993199191 -0.0825482387341912 -0.255733723916174 -0.0535257248165894
-0.0481596150134771 -0.0509136997705968 -0.23519731442461 0.0383376225785744
-0.0755082442367735 0.00417814743439192 -0.186906630554936 0.077111015317195
-0.0844735303693758 0.0432268438365493 -0.12645590656005 0.0777241445424619
-0.0930204132615265 0.0427707525201782 -0.0466267330299683 0.041815623467716
-0.11845771470669 0.000907771896349715 0.036377300510141 0.0460931374446979
-0.111048575717615 -0.0853276989831513 0.0309661030356219 0.0715408639558799
0.0118894188200229 -0.19682362385846 -0.0172260432980973 0.0287076702383854
0.178318334507335 -0.0770608260900625 0.0701238297346648 -0.0383574360880295
0.152047174813267 0.139307846538971 0.110715147670936 -0.0193423445135431
0.0756181285524277 0.217504683175688 -0.0318865368133259 -0.111595127350787
0.0017679036072574 -0.0426844530155175 0.0843902745892838 0.183851453969782
-0.0509106608361717 -0.0577941756485312 -0.0297302831150733 -0.0153042430309116
-0.0791315929828712 -0.0140393902841617 -0.110555030383108 0.017847411957774
-0.046649020323641 0.0601502312948759 -0.0146400267828097 0.015593485388882
0.0191994311785127 0.0540825478302463 -0.0118924991524581 -0.032204447903639
0.0365401202471408 0.0103413954480785 -0.00020817388285372 -0.0208711389378826
0.0281987615691214 -0.0154082668227713 0.079116596284719 -0.0216636617993686
0.0198696186930197 -0.013682282032194 0.164936178316304 -0.0344169423039034
0.0168350900069266 0.00154385837541838 0.232555854165396 -0.0435733833868417
0.00207242674548704 0.0257940757880896 0.266934899034349 -0.00268077792889821
-0.02311212495609 0.0388569797720922 0.271243763494833 0.0764283399299205
-0.0505333551814416 0.023990682819847 0.215852658155024 0.193147532633144
-0.0574755161558044 -0.0162029447769827 0.100154059966961 0.303155696482799
-0.0584945738740996 -0.0589499612257042 -0.0917314945842723 0.358090456738259
-0.00253972044652483 -0.109280839380793 -0.262810726384258 0.411797028714954
0.035295589919453 0.114065714845187 0.0558179343220594 0.19957189489514
0.0781916772445146 0.0421398118377026 -0.0221309493032345 0.0113912060842111
0.0588542880804645 -0.0586280669579691 -0.0882519184705722 0.0271375965662154
-0.0293566776202584 -0.0846466172501188 -0.00979201599833537 0.00646590224102658
-0.0607918799645967 -0.0162567934638084 -0.0250821045561415 -0.040705020301476
-0.0422525749741502 0.0018691274191792 -0.00728348377090659 -0.0152577885907719
-0.0425458574563369 0.0073402810327304 0.0726904926509873 -0.019004286500644
-0.0470458177979595 0.0128174729573761 0.158995015280821 -0.0313038043545216
-0.042563891378848 0.00768158592075459 0.222230998904854 -0.0488721155296637
-0.0401319626461307 -0.00497704000119292 0.260310443075635 -0.0111206337927593
-0.0376584340827387 -0.0119617898293245 0.268214598622376 0.0605678799404028
-0.0238613057145167 -0.0366173673357261 0.226976128664494 0.18181272224044
0.00373273226387007 -0.0246564027473971 0.127003588990787 0.301895452704248
-0.00774941009678693 0.010579941782809 -0.0540212290093096 0.35053427342525
0.00123361109934552 0.0260269503164751 -0.223392893913086 0.417982847184556
0.0541787887613125 0.241457275310681 0.0354339261468031 0.170240004081102
0.178381308296463 0.123372774658632 -0.00143587875565771 0.0438859102552459
0.173093229904355 -0.0899416377713369 -0.0232646710542733 0.0158376646768043
-0.00676358635222587 -0.199734846618144 -0.00362690659535871 -0.0512563154627407
-0.11727940498427 -0.0839788188178262 -0.0748534688668202 -0.0708795149061384
-0.106511706644226 -0.0181116633259823 -0.0496630507100825 -0.0071996382877058
-0.106242499604757 0.0205890043347758 0.0411369822560533 -0.0054470233034288
-0.106790120203339 0.0366100463371003 0.128260734007385 -0.023899776644607
-0.0948300064014177 0.0195058072634132 0.188932422721035 -0.056776642827311
-0.079716803472877 -0.0224747495621475 0.242165823665816 -0.0280609021218841
-0.0603667287832096 -0.0495090696600265 0.269480898426017 0.0419998012358124
-0.0169875948704655 -0.0989838662727533 0.239990585102536 0.179216500585696
0.0625364052735307 -0.0533708883430135 0.136098430112514 0.299784523826842
0.0617640137316659 0.0674422761890209 -0.0317910875544065 0.311017294121299
0.0186674058136273 0.162390882464835 -0.172811071633149 0.376352732810628
0.0583622107638141 0.322541611125265 0.0393334893185965 0.107801681457905
0.228952620228003 0.166048362875915 0.0547295632546589 0.0480557281199753
0.233967216048126 -0.106610128219938 0.0494009215931773 -0.0458806254243254
0.010170791327606 -0.257875261412216 -0.0209597037913221 -0.139698541198326
-0.138128385448061 -0.129099129215135 -0.146251251557035 -0.103592568291036
-0.140734899861272 -0.0436723548698676 -0.110857082353326 0.00119972114577131
-0.151638743160304 0.0220901789725628 -0.00872420084544951 0.0116696481572084
-0.150260139456148 0.0537791553879133 0.0786445664556604 -0.0109573020643953
-0.135162242682206 0.0345701915653736 0.140923137680524 -0.0576617553139552
-0.11550031640721 -0.0235872774017519 0.21707916123122 -0.0377264284408919
-0.0972748217423769 -0.0698587521950777 0.268976206145998 0.0375820557196318
-0.0338420971000276 -0.166387608101616 0.233533631630837 0.191592229525906
0.119838126391653 -0.105785653437251 0.111790361439599 0.289719312292136
0.145325056469264 0.110124324097124 -0.0275807509810385 0.235435461781108
0.0438869681772175 0.281375165689498 -0.12074937117925 0.288136841577972
0.053510299838222 0.354395563052666 0.0745704949267886 0.0164367473707683
0.227237610045707 0.178511845834237 0.127973219991765 -0.00889280981962408
0.238826771069416 -0.0950907154055054 0.079549694411628 -0.146763370227383
0.0291105151405901 -0.253899303042509 -0.0735102872809545 -0.213825547912727
-0.121562553962539 -0.15065873809467 -0.212706587968925 -0.119838258828903
-0.14419531466023 -0.0689289040536014 -0.167573229228535 0.00600434559498227
-0.169377613259415 0.0149892335182407 -0.0656859430812225 0.0275370147287932
-0.172996152747932 0.0623366097899654 0.0157190091607977 0.00765593838594602
-0.15935162958408 0.0496580142128643 0.0865808654218996 -0.0449079860505449
-0.148528362565558 -0.0133349672608211 0.187388067198316 -0.0280839177839153
-0.141910316017316 -0.0846059093425867 0.24919087075899 0.0588408005049322
-0.0562394272747737 -0.23667229541461 0.185867498221699 0.207770823087438
0.179993345455186 -0.158866561430124 0.0586802211558119 0.244725933014827
0.22350549049745 0.147057228582322 -0.0208081396580638 0.131414565063424
0.0674429516524875 0.365451066931716 -0.0728766975700172 0.170258310985913
0.0502691727681987 0.340360813568133 0.127899676545883 -0.094870230087415
0.192351745264242 0.17010585900477 0.175234087984081 -0.115251400097816
0.211535459400995 -0.0629030274502008 0.0530933780853107 -0.236516333647236
0.0517347057696645 -0.212756773098553 -0.131660276049386 -0.244023853453602
-0.0822060871652047 -0.150789881151462 -0.250119548966229 -0.120504975725995
-0.121441615734626 -0.0847898248775922 -0.209248717969096 0.00594637800890623
-0.161033097105434 0.00417539659342467 -0.123377163798209 0.0374960289842358
-0.170680428450129 0.0609090696436414 -0.0489522468089819 0.0284959227446972
-0.165328870532052 0.0561065802491268 0.0336201513746556 -0.0198349415820899
-0.169332400656675 -0.00652139476423701 0.146062149887707 -0.000318961044774077
-0.171098220996923 -0.103980016938533 0.192714831415247 0.0931507101149249
-0.0482798552110316 -0.290326042347358 0.0977034395818714 0.192534353943795
0.239766816352371 -0.173911605187397 0.0125146060820518 0.150473844184261
0.261688550199026 0.184679733261389 0.0106923124374818 0.0303132315720015
0.0756078614260711 0.395905114325427 -0.0365417137472409 0.0458899748729796
0.0532785529537973 0.284323919998244 0.177069091590364 -0.212265116470501
0.14632697060043 0.140192161706706 0.175430226530012 -0.228397272288258
0.1684377025804 -0.0315203308496015 0.000671559984312212 -0.283302955541932
0.0624042876532403 -0.157953582274263 -0.170957383363124 -0.237580622978055
-0.0436205117268004 -0.128202335502025 -0.259111880176077 -0.113363370486076
-0.0854279889433519 -0.0827147784007559 -0.235352625931249 0.000837461110546991
-0.12871118412238 -0.00377189553572949 -0.173881734279286 0.0437211902710336
-0.143424616711137 0.0496274056337795 -0.105542267486384 0.0468982197050428
-0.14730772902845 0.0483521354996447 -0.0157575201920436 0.00964362285831215
-0.164130460348612 -0.0106591784703854 0.0903597479009226 0.0313820980592432
-0.156464955338512 -0.120913740350776 0.105058725989434 0.105284238326837
-0.0032689131608846 -0.287640712702201 0.0132398740226324 0.12726293358885
0.258482064524862 -0.125309247842647 0.0188731679657429 0.0397080797611109
0.230687087112582 0.205228694276225 0.0656220546505557 -0.0225189894421236
0.0629156218653929 0.355182109065987 -0.0156932162661903 -0.0606057437480473
0.0547487675904008 0.195053044307627 0.20720451849775 -0.312129482314846
0.0974955447527418 0.0941311468965655 0.144293224229404 -0.313175585964746
0.116056015427983 -0.0138264382101546 -0.0491280687473074 -0.298556616749145
0.0529188793418922 -0.0990665616922988 -0.192680523883116 -0.217487394015251
-0.0138045213094012 -0.0848254699694743 -0.256965723833563 -0.102555319970079
-0.0435657860561773 -0.0610695520508151 -0.252550001735654 -0.00250604971869141
-0.0798117972381654 -0.00928749546374552 -0.209586232278549 0.0473547603665093
-0.0960804222860193 0.0286561360473239 -0.14542558562418 0.0603498978929733
-0.104741778652336 0.0259859122051295 -0.0559691513074293 0.03389074235871
-0.121119985024575 -0.0214421784640211 0.0326902471476661 0.0483902855150654
-0.0969519633586059 -0.110558899631398 0.025801662148615 0.0839712615439294
0.044643804791578 -0.20243550985225 -0.0220434384162242 0.0409251065077908
0.201352277551152 -0.04300165615073 0.0702336832906381 -0.0311342942810055
0.135365259297119 0.175697970803937 0.107424947764499 -0.0171932527639484
0.03749613054282 0.243004174382963 -0.0117216776325107 -0.137262652590183
-0.00239429063746518 -0.043656788958679 0.0983976882598987 0.179915366719453
-0.0567839913991503 -0.052234436694973 -0.0279789744883784 -0.0059193295652874
-0.081272184166219 -0.0058558106671457 -0.102986104742551 0.0294396473762419
-0.0405483583005861 0.0636284625947629 -0.0103070098327255 0.0137401319487681
0.0238147945425578 0.052196859300587 -0.0161212211139983 -0.0327324548241743
0.0377120590754061 0.00764596748904101 -0.00318336363180443 -0.0179705098469699
0.0258375753799582 -0.0180838549654365 0.0788648468473389 -0.0264459696515474
0.0172459561163037 -0.0148826404165688 0.16421654955895 -0.0485659296759891
0.0163089919956355 3.46703882401454E-05 0.231789437387089 -0.0623432313454747
0.00416596412443893 0.0258468723011997 0.266842979527616 -0.0222835762277172
-0.0192878427085404 0.0418339765443809 0.276024276833937 0.0567260684874082
-0.0489226242958917 0.0283627145929627 0.228615398751402 0.176530030811816
-0.0592744290928485 -0.0120860311146625 0.119975856064674 0.291637879232325
-0.060991283510303 -0.0542480407749015 -0.0633662043955758 0.360514593068579
-0.0110941255177569 -0.109982874572567 -0.225191308589055 0.42898416196442
0.0437344544100788 0.109181439325002 0.0715541590802576 0.197565959932064
0.0800893832860774 0.0374227690964388 -0.0186038316146768 0.0195706536229208
0.0527490804072224 -0.0617447384640093 -0.08049496387798 0.036999218559313
-0.0363677004732127 -0.0821589896562332 -0.00553241051225139 0.00437035639733275
-0.0609458328790424 -0.0113298107521879 -0.0303434942157447 -0.0386225548485151
-0.0426494987015008 0.00469289478840275 -0.00998589834327441 -0.0118321472259949
-0.0437758461091888 0.0108784997582379 0.072727350991195 -0.022741767139473
-0.0473401103012344 0.0171180840989026 0.157558109521179 -0.0456405881969519
-0.0435255841640939 0.0112364238625319 0.220516196767283 -0.0675171628621151
-0.0411675588812342 -0.00219717295059331 0.26023933273802 -0.0310632755922721
-0.0378177886327279 -0.00884289363024199 0.271840377158984 0.0422751748026573
-0.0267791506560444 -0.0354376230644552 0.23796355871922 0.164826697516211
0.00172573221500178 -0.0241436922134355 0.147327346877738 0.286212024925599
-0.0044625565625492 0.0125263360518868 -0.0267822457188987 0.349389005819857
0.00320958486805498 0.024144898048423 -0.18649438858796 0.432854907581354
0.0732130015054905 0.235177555888407 0.0489749792417042 0.170722979162986
0.186524330340081 0.11004876063515 0.00454253730098861 0.0497781580836165
0.163980643717148 -0.102397128032143 -0.0166015778987714 0.0204792159447339
-0.0235416140287293 -0.198483954089319 -0.0047825623821334 -0.0543864034898011
-0.123017995308458 -0.0749360653920853 -0.0825833570497983 -0.0637267236174481
-0.108534279772776 -0.00980095624479667 -0.0518226406707944 -0.000487338482820082
-0.106725209441086 0.0290363449501679 0.0411793229786697 -0.00621431331080142
-0.105212800533856 0.0455602897294974 0.128139180233677 -0.0350432140626125
-0.0960315114481938 0.02649564429254 0.186013285096668 -0.0714642283162183
-0.083356944329092 -0.0180549288409542 0.239537368607343 -0.0467125371848683
-0.0631096742708621 -0.0448710998285097 0.270721375302896 0.0235001826240264
-0.0245728125771806 -0.0986075681964183 0.250227555589944 0.160327807641962
0.0592223407604096 -0.0569455107852166 0.156917948354763 0.283777713979362
0.068625144233136 0.0648895200261847 -0.0082366477308745 0.308300200494291
0.03023313701946 0.158330810695604 -0.139553233261292 0.388010623783163
0.0830440282757911 0.315276944253597 0.0471607521797852 0.106309174916758
0.240190475679841 0.149184689660328 0.0599089065384688 0.0483901305961144
0.222833477760226 -0.123591125380361 0.0507584262170936 -0.0471755525870186
-0.0109335990363833 -0.257077488563565 -0.0305238158361113 -0.139427234880691
-0.147332003546032 -0.119189912562225 -0.156790523735346 -0.0910194577880446
-0.146281294571906 -0.0337400888968685 -0.111710840457269 0.0121932573892027
-0.152031793976749 0.0341006605513723 -0.00658691437435644 0.0148627136551075
-0.147048735463031 0.0669705314821064 0.0788571896688103 -0.0173847450663292
-0.135192540350946 0.0453748547048807 0.136781485339203 -0.0677596503116647
-0.119439442084729 -0.0169361838264351 0.213419326651559 -0.0544175600086585
-0.101121831951681 -0.0637376701776066 0.270185596683713 0.0182993759707862
-0.0465003111591835 -0.163755490747447 0.2452656314738 0.173182525564223
0.111491077676431 -0.112548503442836 0.133004776892528 0.274514888521192
0.155433202338652 0.100912292166313 -0.0105758895894581 0.231787870913751
0.0660148641250155 0.27591890766834 -0.0948541541738143 0.294523063771119
0.0808298836511902 0.347558191345058 0.0742028052755691 0.0129337586773638
0.239266486010263 0.163030209382835 0.127829673741012 -0.0154403928306335
0.228963408004088 -0.112369473642997 0.0713412271227049 -0.150251693328591
0.00944815993718755 -0.255975706532902 -0.0875032688326301 -0.208202943061082
-0.132165464372278 -0.141812887787718 -0.223410226876575 -0.102585443789001
-0.151175643905334 -0.0591225401439363 -0.168193927059838 0.0219772592116917
-0.171845847163512 0.0274531956776753 -0.0629178217345704 0.0340205490976319
-0.168384040080704 0.0776483847270255 0.0171861370833549 0.00588981619119224
-0.158204091087831 0.0618297922855736 0.0838703901060375 -0.0506038223449025
-0.150116912947586 -0.00463367909390289 0.18388655551978 -0.0435721159711234
-0.146564034702443 -0.0740682407403603 0.253316628138259 0.0396273960398744
-0.0746255797432102 -0.231526411552849 0.199958190797903 0.192758823068485
0.167455732893237 -0.171207569349385 0.0767006041256089 0.23400545965397
0.236705257018245 0.130552414197799 -0.0137242890544723 0.127141628824233
0.0960596175587175 0.356884670586677 -0.0574585126884633 0.172802101295496
0.0764086941124719 0.334443565859657 0.117894813322049 -0.103880374705527
0.20383123128776 0.157689895684594 0.164785300673919 -0.125754104263635
0.205110715928739 -0.0773800886792396 0.0375123996921678 -0.237778564372799
0.0347941563782113 -0.21653621081295 -0.147634543074025 -0.233191301288153
-0.0940957003534489 -0.145763220222742 -0.260019525638643 -0.100620223601768
-0.131024382726965 -0.0774669332295234 -0.210542024069273 0.0238728482472335
-0.164204348331505 0.0164392745100929 -0.120009305174728 0.0482764431795364
-0.165643875123809 0.0761708870743062 -0.046545636063242 0.0324653491393202
-0.162752201274158 0.0693484065815922 0.0313908656511752 -0.0222592780922308
-0.169485293337317 0.00507629233089075 0.144865025673783 -0.0143759061274335
-0.177156788292982 -0.0899365514456589 0.19978534790347 0.0769558318595885
-0.0729849875991715 -0.285765792975485 0.111396769346594 0.185915776973334
0.224121674178779 -0.191234513731101 0.0226246728975139 0.144727237998387
0.278389519660748 0.164317621578574 0.0093361350269784 0.0231344277769571
0.107905146734111 0.38700453828957 -0.0320663946751914 0.0459903458844815
0.0748001307641125 0.277688569945961 0.157262973759319 -0.223885741145066
0.155515350572104 0.131687759430092 0.15650451134077 -0.238585689136109
0.165150388709922 -0.0432139617005315 -0.0183418392395501 -0.280016901722079
0.0501752172623065 -0.163360075754739 -0.18539960706097 -0.223215695075752
-0.0535817157217522 -0.127406128717669 -0.267344406144783 -0.0944264615096112
-0.0949162466544043 -0.0775065385022904 -0.236844838726699 0.0193478649886167
-0.132251759499043 0.0049155103574531 -0.17102857181027 0.0576902033190771
-0.139709689636461 0.0625028273877146 -0.102336752992295 0.0558502251218468
-0.145389335143713 0.0596806137419288 -0.0158669422585544 0.011065649720274
-0.164995166663833 0.000394435122066265 0.0912472286116422 0.0210104985595561
-0.165128798067242 -0.107563355837827 0.115261677474148 0.0973043648562861
-0.0272337398433709 -0.286743520555558 0.0217623915276589 0.128211412521907
0.246882308714064 -0.146250409846031 0.0185180983029912 0.0346759408686409
0.250081210208648 0.187147600761261 0.0587163918473426 -0.0348905507489372
0.09305191491992 0.34664905004795 -0.0210283474497358 -0.0629661490889106
0.0701823398917079 0.187983565923803 0.179908807355138 -0.327106163195298
0.104084180118198 0.088151589197095 0.118473173389743 -0.321662705015935
0.113857443376272 -0.0221649019336462 -0.0684661163902219 -0.290568292670498
0.0446528501244502 -0.103637118039617 -0.205026922942955 -0.202743788843146
-0.0205562428874587 -0.0854357017206268 -0.26471033060393 -0.0847448683351362
-0.0504459722246643 -0.0589347914055575 -0.25346455136047 0.0163481221352998
-0.0833617061528363 -0.00394105077041478 -0.206812308900291 0.06375791573916
-0.0938173542414135 0.037660329325114 -0.14094996799881 0.0720440713712141
-0.103867660331275 0.035321112613467 -0.0536828911950095 0.0373426297021789
-0.122444890902461 -0.012333088212199 0.0354156530103959 0.0422163465640292
-0.105429139137728 -0.102101256612473 0.0351841208199929 0.0821835487037051
0.0259969618208707 -0.206382928552334 -0.0203632863540018 0.0459795198813798
0.196482038787603 -0.0594419990514727 0.0620871171057253 -0.0401354549286947
0.153008122619857 0.164503450714996 0.100371034546692 -0.0331648281458622
0.0576064064206984 0.237546686725147 -0.0242895105629001 -0.140119567967228
-0.0059995339470221 -0.043451752858949 0.105020498930365 0.170047480515208
-0.0587620768265732 -0.0454819551051071 -0.0226981396734735 0.00297749875019435
-0.078846238537676 0.00072642706860657 -0.0909958253887575 0.0366459928260127
-0.0343525120293452 0.063851193835888 -0.00656578500421731 0.00915205337713303
0.0264468855845351 0.0488218421908752 -0.0195362468196839 -0.0310293141600198
0.0360057713189716 0.00539654003996099 -0.00474092488913865 -0.0136272830909325
0.02249001708412 -0.0177656521049009 0.0747973347490325 -0.0291206067439848
0.0145744187253824 -0.0148959967249259 0.157494683915523 -0.0579118076675206
0.0149293717447752 -0.000610756625223606 0.221142203476519 -0.0756414794306428
0.00563959922099121 0.025338764807968 0.25721950513228 -0.0370883168583268
-0.0155954578478242 0.0421990223761809 0.267977929376466 0.039508804984959
-0.0464020002682955 0.0302817968712076 0.227097664352606 0.15806933593293
-0.0590548666318892 -0.00810668340635187 0.128492474543288 0.269789231809416
-0.0598213465622884 -0.0490038089368438 -0.04131486210605 0.346155745861335
-0.0172769963373916 -0.10568860172768 -0.188510462094621 0.421650149129145
0.0474433870920346 0.101468069818904 0.0802571022524044 0.188347594143538
0.0781171528742758 0.031772350763275 -0.012550378576363 0.025920287541219
0.0459424690191187 -0.0610707125240763 -0.0689188866722257 0.042595019199003
-0.0397771938600597 -0.0759607333713834 -0.00296189204222082 0.000901972297100042
-0.0585461254678172 -0.00786434220556081 -0.0336036914391552 -0.0355331534899718
-0.0406362490199033 0.00701542714709397 -0.0109555715456896 -0.00744310287623264
-0.0432293010989696 0.0134865947121505 0.0699494319305682 -0.0239875331598316
-0.0448683133524819 0.0207012146252289 0.151478382286664 -0.0543330075071636
-0.043720389847931 0.0131237927755361 0.211117333903805 -0.0783266355370154
-0.0403806002646433 -1.5411932932639E-05 0.248829189646625 -0.0448684204498448
-0.0360307969823347 -0.00644928483666881 0.262807335729207 0.0261338112943947
-0.0281284970435099 -0.0327891007608412 0.236063227924514 0.145288337176489
0.000859831509243621 -0.0225432544874483 0.153695815314315 0.262080615033597
-0.00191665688381208 0.0128957394782801 -0.00735734608313194 0.332888620541016
0.00285400970608492 0.0217976620067975 -0.149667035056559 0.424446634291914
0.083766998087936 0.220135741614873 0.056657237694937 0.163656442531435
0.184779721534278 0.0958919673854642 0.0109292547467933 0.0531477553510611
0.15034230116962 -0.107047059616842 -0.00925307240293885 0.0231107889980833
-0.0353732699341125 -0.188936946971762 -0.00569965900320261 -0.0538184274555874
-0.121797834673634 -0.064837531107311 -0.0847944411466122 -0.0559264137131886
-0.105891876428094 -0.00385360436721527 -0.0500525520800315 0.00606729319021342
-0.103229614017567 0.0346358549555765 0.0407912573454051 -0.00643349074306726
-0.0986179827856055 0.0515398894866972 0.123177982845689 -0.0417280459503609
-0.0933966448145621 0.0312170528112186 0.176587172367704 -0.0796484085501216
-0.0821634752000309 -0.0139693157942404 0.227245244415319 -0.0577996480785579
-0.0628640494095575 -0.0408801105881173 0.261412316937487 0.00844655055780586
-0.0286884599942172 -0.0941559685393328 0.247539399614702 0.139415643481121
0.0546045704890816 -0.0568734791453413 0.163636426816979 0.258234430154981
0.0718486699293582 0.0592698765842127 0.00704107460720195 0.291967490464671
0.0373988904371408 0.14844751773205 -0.106790278719064 0.376811122344837
0.0979760424669993 0.296288164694594 0.0507850038474912 0.102325634685737
0.238859973770373 0.130448975713006 0.0624914580042107 0.047185741212934
0.205697182489387 -0.130598320659311 0.0508617853085787 -0.0463456349786855
-0.0266395483757937 -0.245770712933936 -0.0349694195974593 -0.134214403207327
-0.147822667009885 -0.106498581940896 -0.157209863512388 -0.0764177866459611
-0.143700958908199 -0.024301525903582 -0.107045077736689 0.0212127285843524
-0.147039743789819 0.0418694964323822 -0.00444176733626273 0.0165995567441154
-0.137472001453734 0.0750135619164798 0.0760831903542192 -0.021235586682036
-0.130255551674618 0.052015665412255 0.128875284017596 -0.0728649977667629
-0.117028677770708 -0.0114041100510997 0.20140773727988 -0.0646369601633534
-0.099902665937667 -0.0569810841700298 0.260491062980524 0.00299672472759955
-0.0539470053374307 -0.154880575763851 0.243850935164304 0.152324065428011
0.101594805919832 -0.112977267043872 0.141334696059557 0.250538940963307
0.157142359656278 0.0889079265131609 0.000419295922751527 0.219632085449605
0.0776940175415059 0.257994866277884 -0.0711030706610277 0.285670571739962
0.0975808387322246 0.327662038022518 0.0707430941418376 0.0103706973027249
0.238929330958108 0.144774202160288 0.122189288494424 -0.0186135066043303
0.212853400834395 -0.118657930328455 0.0640866611477171 -0.146916090696623
-0.00625111067451207 -0.245516277991375 -0.0940525064411103 -0.196104768340979
-0.13484215933885 -0.130044614108768 -0.221716125002945 -0.0835984309082418
-0.150712956217495 -0.0490424449126079 -0.16118150188881 0.0336316594458283
-0.166373754350966 0.0373154200431136 -0.0574802562627801 0.0379094613656294
-0.157581206455956 0.086396424616124 0.0173721038360833 0.00442516907934069
-0.151310232965559 0.0693476257237808 0.0777169448485782 -0.0526551003184135
-0.1463708518269 0.00162163971162519 0.17271826378115 -0.0535228970338292
-0.143958749162423 -0.0640339817025012 0.246099112769641 0.0238775974930021
-0.0859321744752468 -0.2176583261774 0.201708478111352 0.173329356711238
0.15046820202194 -0.172642755387397 0.0844233925898102 0.215748819197783
0.236803712840564 0.112575796580836 -0.00983514505761591 0.118368531790879
0.112171414322827 0.334337576649216 -0.043370734423161 0.165878503841568
0.0925449951490286 0.315001081306926 0.105478322249179 -0.104232992692768
0.20439115969758 0.14301384295363 0.151123108682672 -0.127292612537606
0.192297011467696 -0.0843202037360916 0.0258641185124736 -0.227267340708658
0.0212766381090413 -0.210112186093875 -0.153495328028441 -0.21638602333096
-0.0992340857435868 -0.136631784959575 -0.255759207419726 -0.080920140099676
-0.132682638572665 -0.0675854204315665 -0.201896029023062 0.0362725572057227
-0.160016838259114 0.0250868129441412 -0.112022521390366 0.054291473773456
-0.154422932769666 0.0848120646677574 -0.0435418117817346 0.0338482464082669
-0.154215355726435 0.0770599554551326 0.0286288670251786 -0.0225916437680305
-0.164051572420238 0.012636857002365 0.137401863940688 -0.0234101112501495
-0.174028703095464 -0.0765534054084543 0.198400035083799 0.0621268824881082
-0.0883588971626937 -0.269259011286853 0.116226407386753 0.172631506090639
0.203784028712835 -0.196015350736292 0.0264854647374932 0.133911219226107
0.279592917221471 0.140917132391114 0.00549057433714778 0.0164910808440905
0.126671834117223 0.361868302462905 -0.0279666624439329 0.0424828235111232
0.086760904182767 0.260826929806565 0.135629421830401 -0.222377180093258
0.156215943225711 0.120521341943167 0.136608099114427 -0.235392037217539
0.155906732551923 -0.0493101354766241 -0.0305960148835336 -0.265039447768949
0.0391104875838919 -0.160741357651395 -0.187957757050683 -0.204917448521959
-0.0589220708356377 -0.120959270541934 -0.262784150221352 -0.0754270006699192
-0.0982526403053254 -0.0705732381401114 -0.228243972857203 0.03215123077062
-0.12974788573278 0.0121392098438561 -0.161637001897111 0.0656964379618876
-0.130374492242487 0.0697451042673654 -0.0959076557478386 0.0602837067400847
-0.138023065020998 0.0668489056929933 -0.0155333897683941 0.0113457968948074
-0.158525529577504 0.00899526081527882 0.0880408512988142 0.0127343699617034
-0.163922612514556 -0.092947762738027 0.11897915149196 0.0861994269103845
-0.0451265406942844 -0.272461072127271 0.0269596883637087 0.123508835673391
0.227941270127627 -0.154653878962381 0.015083122056586 0.0286262469952995
0.253788696829152 0.164029272602103 0.0492008180219589 -0.0428195335010046
0.109139273154937 0.324360129824183 -0.0243354712566255 -0.0629316869705147
0.0769954244084279 0.17434998910659 0.150996955823087 -0.322451180308109
0.104484611968354 0.0801915799714101 0.0941702236312262 -0.31245472731607
0.108744253315865 -0.0269839984927558 -0.0794423531432232 -0.272587162486767
0.0367789810213689 -0.102895853182348 -0.205005986764438 -0.184041747241325
-0.0245264145975824 -0.0827721790985911 -0.258845192884393 -0.0680424019275883
-0.0538260108566918 -0.0554569486603196 -0.24381457830357 0.0296163872789804
-0.0818828025685497 0.000879977063930035 -0.196436663225114 0.0736808076067508
-0.0877477222136435 0.0431566326440794 -0.132849368029609 0.0778327897214506
-0.0998359959267366 0.040828798469453 -0.0509440840101965 0.0387423664862366
-0.118731521847683 -0.00562913266630263 0.0354108517898112 0.0359800563260434
-0.107191386983863 -0.0911645968137204 0.0419413389155013 0.0772665224746293
0.0105206369970309 -0.199485625836922 -0.0187283722010537 0.0475219360401541
0.185375774921556 -0.069246179159413 0.0509728462484539 -0.045489059898833
0.159455592961587 0.148631210532032 0.0892517850031787 -0.0450813283408052
0.0699382977497269 0.221982448540761 -0.0323822130503692 -0.136583720056835
-0.00758376656554155 -0.0422850873415506 0.104830177448154 0.161800286016849
-0.0582515661085922 -0.0406913159128404 -0.0177537650495059 0.00884087906761652
-0.0759135372940137 0.0046984967323538 -0.0796610279214505 0.0385605200279727
-0.0303523952017193 0.0618361218252608 -0.00459811448639056 0.005434459356438
0.0272273415849281 0.0453492602477505 -0.021039969695941 -0.0296009710308283
0.035268339381984 0.00474178064889635 -0.00530450433294354 -0.00993350102736753
0.0201890343515576 -0.0166899825639067 0.071390036041474 -0.0289235654046843
0.0127726330022913 -0.01370095388263 0.15008109893321 -0.0606879076862466
0.0135314610814385 -0.00084182426598722 0.21191696402677 -0.0790961659566723
0.00606168117322105 0.024389910829047 0.245198871380036 -0.0403682015892688
-0.0129771066387536 0.0412293748991486 0.255417517662849 0.0325351001576381
-0.0437629149054894 0.0298824196041028 0.21814987268135 0.147111424145666
-0.0569745632723609 -0.00691200387624214 0.124068211860504 0.252078268260991
-0.0564994130885275 -0.0460025441868212 -0.0326343619024322 0.326904330673777
-0.0192831615075189 -0.100294414369639 -0.167226943077005 0.405131675140117
0.0472783948602223 0.0939922931078589 0.0818404062933559 0.180490673461683
0.0746065348409959 0.0297576629589203 -0.00750964494379489 0.0309004226588279
0.0412124263784179 -0.0576283168695405 -0.0588044412447606 0.0441867480579296
-0.0400394255732818 -0.0708649774773852 -0.00116000537597452 -0.0020118265146815
-0.0552560911541646 -0.00629337325520488 -0.0351824435562012 -0.0323700613501667
-0.0388204658540763 0.00801409938343435 -0.0106422734262094 -0.00301791051058639
-0.0424855765869134 0.0154902768175094 0.0668098527224565 -0.0234610298081574
-0.0427891744476913 0.0217449232386138 0.144658976255193 -0.0563235020066439
-0.042618007086259 0.0141600112680814 0.201630323355957 -0.0815116073408982
-0.0403353628912858 0.000422921953717896 0.237493883878098 -0.0476360959822151
-0.0341223662462727 -0.00574880158546734 0.251332696036238 0.0203819016484368
-0.0274559157192705 -0.030653949567595 0.226047525852487 0.13359655713914
0.00109044787749464 -0.0206162878375202 0.148343986322637 0.243468414851428
0.000289910632748042 0.0126665505076248 -0.00102473639010188 0.314082137522803
0.00223637838786078 0.0199452126292224 -0.131172380973169 0.405528959691004
0.0842862784517096 0.206377945992468 0.0574860586784103 0.156561458976778
0.178445746733137 0.0875388065096674 0.0144409769404413 0.0543739688203603
0.139755698104508 -0.104576272778258 -0.0023031707499518 0.0235081926595246
-0.0384463514775273 -0.178095120850253 -0.00511367202798022 -0.0536236455775934
-0.116182746242593 -0.0593581176182627 -0.0844413998218607 -0.0501107039938961
-0.101220079550124 -0.00119623823060039 -0.0478994119009245 0.0102200213967862
-0.0998371068457489 0.0369127670392131 0.0402295196482485 -0.00538282359933517
-0.093542033850152 0.0531415038438516 0.117324680696893 -0.0438303416032493
-0.091075076504596 0.0325618830135167 0.16849116930191 -0.0804861776333009
-0.0808156063921281 -0.0130260231254267 0.21648197237907 -0.0603168740972922
-0.0609015644227664 -0.0391649850189669 0.249135697381841 0.00334683944801845
-0.0292366977079497 -0.0899191197048776 0.236884829345418 0.129021104735963
0.0520277625170321 -0.0542410829392496 0.157978864156282 0.239032452392845
0.071645252753846 0.0562743097790481 0.0112563493235497 0.27435648332213
0.0371962629618011 0.140026654719301 -0.0922542606559648 0.359923337193317
0.0994538706372348 0.279404406721081 0.0499353741347881 0.0982260950033065
0.230052944524827 0.121058761291704 0.0627312892039311 0.047718203033121
0.192157825099404 -0.127870210291306 0.0522546998573989 -0.043646335046308
-0.0316934856898069 -0.232687686764776 -0.0357103399630991 -0.128584262328074
-0.142357781926176 -0.0987337720864875 -0.153648064927671 -0.0676947583575524
-0.138555267532447 -0.0199274377620369 -0.101957203223286 0.0272405781207075
-0.142049381578363 0.0437558904579447 -0.00183275234935444 0.0177722684677575
-0.129838130102867 0.0763604325581875 0.0729358687130945 -0.0238545117044216
-0.125475195450777 0.0533040413546848 0.122549819318034 -0.0722879013308731
-0.114169177793638 -0.0103671140818322 0.190178562975347 -0.0659392866575305
-0.096355887702179 -0.0534513468381702 0.248665543576281 -0.00216244861338496
-0.054955906054243 -0.147162718897586 0.234086551710756 0.139224619232698
0.0958264072999074 -0.108665966881385 0.136925076983734 0.231263744564987
0.153695919681624 0.0823390978244677 0.00246200359828073 0.205508576885737
0.078930687217417 0.243302934132189 -0.0591407836297467 0.271023769683806
0.0996483855036973 0.309784827743904 0.0662882077779371 0.0100183885007959
0.230280028032518 0.135142040855633 0.117010033598184 -0.0163941723162087
0.199871741228006 -0.115927315114897 0.0607321670021417 -0.139278365244492
-0.0111938046927775 -0.234012573965698 -0.0939022127699928 -0.1862269638721
-0.131873420777377 -0.123278737539456 -0.215707245968323 -0.0722443847569158
-0.146275276449015 -0.0446472610988835 -0.152965710742044 0.0390117741193478
-0.161042555076399 0.040189300528094 -0.0526270950530696 0.0389913855831612
-0.148351962069207 0.0873908841948758 0.0172525026502331 0.00377830388599367
-0.145024007895215 0.0703150231936236 0.0732230378707956 -0.0519676001933672
-0.141333718517267 0.00240541484609096 0.162879003058117 -0.0552901852672925
-0.137443932152873 -0.0588240061754166 0.235443431195659 0.0161846670028336
-0.0866559405520729 -0.20549620241114 0.194594295974777 0.160915439022581
0.140532290458107 -0.16609285922863 0.0823717640377741 0.200148892564799
0.230308889628802 0.102193078559039 -0.010449235942117 0.109281103769663
0.113575264660999 0.314335219617903 -0.0366821180854258 0.156345022544421
0.094439135946098 0.296738116734527 0.0964007193321067 -0.0998454489229319
0.197688309580829 0.134283743961533 0.141398487065461 -0.121961876089381
0.181315742952901 -0.0826717432395543 0.0214375598696635 -0.215385649504055
0.0150020151391038 -0.201413378915339 -0.149249013860089 -0.202941660919377
-0.0977435939155918 -0.130004112969784 -0.247815510839866 -0.0702936555460099
-0.130508779302633 -0.0631541364395494 -0.192015915074625 0.0414577646392367
-0.155818375030148 0.0282481430058691 -0.10585343780908 0.0553096201963325
-0.145685675601594 0.0856319897337955 -0.0407311239741018 0.0338557521926295
-0.147565966222772 0.0772969299940138 0.0261246908408512 -0.022097410677742
-0.15725706405262 0.0132995204496109 0.129136825726254 -0.0261450174996437
-0.166727205824946 -0.0691630460759388 0.192429290242364 0.0537131523826807
-0.0914934608596548 -0.254360450540867 0.113540136803094 0.162839314824808
0.189586176784704 -0.190925371338294 0.0246718110668626 0.124330558632011
0.270978526411343 0.127903952655948 0.000670336777104658 0.0112742202780463
0.128146198020083 0.339085901919963 -0.0253646746767708 0.0376378312131435
0.0875555019538989 0.245266118495983 0.122562322672081 -0.213369421443009
0.151417715759277 0.114248199373039 0.12387927675001 -0.225217968185329
0.148310007209304 -0.0498323675867399 -0.0334015810452134 -0.250145399857942
0.0337511258727002 -0.154776465595241 -0.181899303044589 -0.191383608985403
-0.0588835072593473 -0.116417233508055 -0.253219846481868 -0.0663169523297678
-0.0980745144140782 -0.0660363720452738 -0.218282365693376 0.0369457946494011
-0.126230332945604 0.0155272961595749 -0.152877966414381 0.0665867479121498
-0.122604331965168 0.0711168875243053 -0.0910184355123946 0.0599665373545753
-0.131558546762784 0.0683925749150295 -0.0150500342482823 0.0112540735457553
-0.151746547502694 0.0104493797227477 0.0828906502725524 0.0084780817930777
-0.157964433214572 -0.0848180023375787 0.117872889155909 0.0788664923589877
-0.0512867542682105 -0.257851195431785 0.0276290619703619 0.119437830594579
0.213614060776675 -0.153038279774903 0.00990352332915782 0.0244912826382393
0.248375230449198 0.149852467086161 0.0402312428442483 -0.0466972007164559
0.111831650215184 0.304718257115775 -0.025681118786727 -0.0621999834502704
0.0766424824424165 0.163118710868173 0.134858735613119 -0.308973260753871
0.101233303588761 0.0755497560186163 0.0829719088761377 -0.296728895977929
0.10276127353163 -0.0266801997155365 -0.0791162009693747 -0.25605835650032
0.0323090959059841 -0.0994953697947511 -0.197089356482132 -0.171596002513421
-0.0257135303201104 -0.0803309282936022 -0.248918150193521 -0.0598827565654627
-0.0548125445291185 -0.0531364641990144 -0.233725812906172 0.0332956008076294
-0.0800849421591784 0.00300694264314009 -0.186853726469871 0.0749597162068202
-0.0828381130718293 0.0441024625124023 -0.126382135087559 0.0781366661474062
-0.0949795609574882 0.0425341998146945 -0.0488739549780268 0.0377380991293508
-0.11385577356823 -0.00371537427398861 0.0331578440854345 0.0318254803820701
-0.104809355659811 -0.0839008026061207 0.0449932401578608 0.0723004240573307
0.00344402683170674 -0.190235092346721 -0.0180828478893487 0.0484375565597437
0.175569133887818 -0.071859931788856 0.0416921002372258 -0.0465192860521637
0.158438952092695 0.137063228403405 0.077828961800986 -0.0511116003965971
0.0717763334956954 0.207998348099776 -0.0354172942715418 -0.132635932723521
-0.00838572258935607 -0.0417020002661153 0.102157583840489 0.160334150224885
-0.0573594917925971 -0.0380789332213992 -0.013139969600949 0.0144188371001244
-0.0737439332345446 0.00613266660525865 -0.0722693175837708 0.0386225027824614
-0.0292898488399214 0.0603635594704128 -0.00352668056811959 0.0015205090818501
0.0271730362750502 0.0444165019483227 -0.0231370158812064 -0.0290510913029814
0.0343288093530759 0.00429621281791604 -0.00500544406116829 -0.00632638082239776
0.0188445641003165 -0.0151311315022489 0.0708081996252203 -0.0270138901260212
0.0123960079953169 -0.0128393281886961 0.147622824691929 -0.060410568855788
0.0124902698458617 -0.000632097979022085 0.208043408602319 -0.0791552075382297
0.00582922870017161 0.0240801427123311 0.240367974849033 -0.0393368688259622
-0.0115108177185047 0.0412575245316873 0.249109722386496 0.0330710178073707
-0.0428233328579833 0.029898379279763 0.209311477198973 0.143571097154242
-0.0556404687013468 -0.00744914421621968 0.11606449903129 0.243213645225086
-0.0531465344193686 -0.046307398035766 -0.0340860105901549 0.314593390705605
-0.0192388883932753 -0.0982190952853097 -0.158441945481525 0.392125934581244
0.0448256381263597 0.0900693199859873 0.079316126082343 0.178090600756111
0.0716399878154811 0.0302163211338442 -0.00318862856689823 0.0349946291526498
0.0399926185523756 -0.0543225448391173 -0.0516772355021734 0.0449510480298246
-0.0395055155899003 -0.0687286142941768 0.000404639184221237 -0.00530033829584321
-0.0528847292782482 -0.00582264593742919 -0.0363431788446591 -0.0313344434559197
-0.0375779379426836 0.00718986035528381 -0.0103244689668746 0.000401886324127034
-0.0423122411286977 0.016097956122727 0.0663815698812203 -0.0218450878873739
-0.0422802400560584 0.022330935785963 0.142653358413356 -0.0567564352982876
-0.0435091993559244 0.0142193363345401 0.198519232202385 -0.0805751124527738
-0.0402425444986451 -9.31909780592169E-05 0.2319062408307 -0.0463501182628791
-0.0324925739968876 -0.0059748672916044 0.244850991345887 0.0218167288581152
-0.0267781548034839 -0.0308302536797384 0.217036684514349 0.131743967859501
0.00190563557326235 -0.0201464254108502 0.139874176525403 0.233918947215956
0.00208787733975635 0.0121725602260764 -0.00384184802475993 0.301970829091265
0.000915861356537071 0.0188768979152515 -0.124379494762292 0.392799469248049
0.0818956901834438 0.199921627562155 0.0558695349723318 0.154928084331415
0.173391327594562 0.0864394006021823 0.0170443554092212 0.0580839013653678
0.135280329215528 -0.0998174881895091 0.00309646719989001 0.0249126743101904
-0.038403619878112 -0.172311450173533 -0.00406792932009642 -0.0551491123649764
-0.112983858931929 -0.0580081102408261 -0.0846031119185457 -0.0474545004311608
-0.0985668717828828 -0.00157931666857401 -0.0459199524023851 0.0141619711622
-0.0991456585321725 0.0370842197072412 0.0412151337037772 -0.0041862248527705
-0.0911535408770445 0.053362728232246 0.116047183235443 -0.0439566448086218
-0.0909800873646263 0.0330676469805445 0.165909963947403 -0.0795155348082451
-0.0808918901966223 -0.0140268743841061 0.211332835336515 -0.0578271417675802
-0.0583058033238914 -0.0396464334325993 0.242496070311936 0.00447212818617271
-0.0286838263399208 -0.0884200189604857 0.227143884022175 0.126166787790866
0.0518317181158667 -0.0521519350646198 0.149962580172908 0.22964795460852
0.07115711357826 0.0554796574237707 0.00779817299064898 0.263996791445331
0.034668254516089 0.135476434389481 -0.0866797348213243 0.347716664843992
0.097288427377463 0.270435969558699 0.0479115118858136 0.0977913691054359
0.223356151604647 0.11932441800413 0.0633328924821202 0.0503697604978056
0.185793383383454 -0.12218904925781 0.0550887331229982 -0.0405161269915452
-0.0315877245740826 -0.225537700939117 -0.033492272069257 -0.126607000141539
-0.138003280670873 -0.0972560033644753 -0.151382911109606 -0.0637052098773454
-0.135993485455339 -0.0209432346501593 -0.0980533931289154 0.029260697720228
-0.140671442687063 0.0443667960459365 -8.71647759178601E-05 0.0185195347538939
-0.12678294540669 0.0762730135268215 0.0715081425526198 -0.0229864986425647
-0.125043352063551 0.053136835411191 0.120249990506222 -0.0710042006946538
-0.114268677466209 -0.012789074009297 0.184644826478604 -0.0635328971989376
-0.0929182215109954 -0.0541731454893162 0.241340027839927 -0.00139555612173111
-0.052647261082981 -0.143524457079827 0.225376351681264 0.135814406992343
0.0948305768915628 -0.104335447298051 0.128985338492302 0.221966719456747
0.150297665498948 0.0806727127305346 -0.00119385761009186 0.19682411152458
0.074819739172968 0.235281207954692 -0.0561173301285354 0.260726241424032
0.0966052170641582 0.29955821452066 0.0628839586109438 0.0120240541005028
0.223472221980789 0.133544696091989 0.114564924970907 -0.0132934762605935
0.193778358537041 -0.11103971899463 0.0620749969900443 -0.134451521962476
-0.0119702512428803 -0.22705815186608 -0.0898824151050135 -0.181612863246252
-0.127476498270073 -0.121116574843496 -0.210672219472068 -0.0688216147848156
-0.145122842287385 -0.0445779157360272 -0.148393356478068 0.0408292987928745
-0.159982370998871 0.0400380182566889 -0.0500855738312081 0.0385495246253153
-0.144169548770502 0.0867610864038713 0.016740787235108 0.00369335512053227
-0.143290626512875 0.0699531574577914 0.0714068913698119 -0.0508510363861916
-0.140315091929338 0.000293611992502463 0.157238468581184 -0.0536329948652091
-0.132848801388971 -0.0588340077180248 0.22952658562622 0.015606279751764
-0.0845210065769694 -0.199723965942391 0.187293865025194 0.156061711244012
0.137786886644429 -0.160262938666346 0.0761624084515021 0.191377098981069
0.224968079651723 0.0998286499145767 -0.0138963163293702 0.103337811383885
0.109234796353811 0.304832441842103 -0.0342062223134685 0.148831211305482
0.0903718630956551 0.287866293919963 0.0913574583230074 -0.0948435501559109
0.191919219252552 0.133760763775954 0.137139369912725 -0.115569230193326
0.176967729298071 -0.0783251079522234 0.0241216078321965 -0.207899623767916
0.0147714047484322 -0.195993433427538 -0.143304214453865 -0.197663390203772
-0.0951215757448749 -0.128616118924041 -0.241974982539388 -0.0669659198750257
-0.129634474031734 -0.0630702694658182 -0.186916453133872 0.0424129714101689
-0.154280768323424 0.0281819266935126 -0.102702309404782 0.0548081004321112
-0.141237923408996 0.085176400514482 -0.0412992556144599 0.0330971829382014
-0.145794976566225 0.076540639303156 0.0253697879709929 -0.0214912706844225
-0.155586012186981 0.0106837550271528 0.124234645953154 -0.0264640941929201
-0.160691572292294 -0.0678512969486629 0.187612912527755 0.0510663701865299
-0.0899564323357868 -0.246196290693853 0.109985937320423 0.159331783182782
0.184357356949778 -0.185183268114182 0.019825729825779 0.118493879392813
0.265818830041116 0.123513542878866 -0.00405834672524939 0.00773689910499031
0.12340685793003 0.328298383906855 -0.0246111154381918 0.034333523492933
0.0841488602891804 0.237194038155007 0.117002297575998 -0.205837918828075
0.147411232274701 0.114293108152098 0.119614210078341 -0.215466960590848
0.145178512822893 -0.045937385003095 -0.0295034165227059 -0.241201364671146
0.0322818673383512 -0.150913057143485 -0.174108577781106 -0.186435427753754
-0.0582503581316281 -0.115560844305705 -0.247363080417599 -0.06477471525431
-0.0977462671153229 -0.066363090676374 -0.212740112180793 0.0369661894051888
-0.125662019795924 0.0153024984719677 -0.149602860574263 0.0655660521765356
-0.118697333621164 0.0700109977850482 -0.0898655257822455 0.0586376995105782
-0.129413452318799 0.0678984521543039 -0.0155477324860921 0.0104505668544977
-0.148980538515281 0.00855463177308219 0.07937715610717 0.00702098613971093
-0.153087695558331 -0.0820649867607195 0.117647241877469 0.07516629637882
-0.0513045480976392 -0.250112375137476 0.0259224123909066 0.118220473161075
0.207658508427708 -0.149306993491756 0.00449435070378807 0.0219624692822754
0.243938245916542 0.143605917919712 0.033451986247202 -0.0493296028731924
0.108780944283368 0.295186299947695 -0.0259838422344861 -0.0640186203655835
0.0736879511671031 0.15726533561919 0.128856785007291 -0.298148155055431
0.0982438835929427 0.0763402918930367 0.0797287854491282 -0.285320484304056
0.100437250924334 -0.024733126120345 -0.0738093570432229 -0.246557069736784
0.0315977442616599 -0.0968283250779352 -0.188156796094927 -0.167541613811045
-0.0253973343537705 -0.0797784242158291 -0.242631667129377 -0.0602852078545315
-0.0549225261446756 -0.0527832414199385 -0.228575328328634 0.0324398425369599
-0.0797444419357403 0.00322554079692758 -0.183923616770977 0.0733329668156835
-0.0796656028300675 0.043899980995518 -0.124421999584359 0.0763615738445415
-0.0932712967945361 0.042711528411388 -0.0490687860273687 0.0361773375503979
-0.111343344633625 -0.00464498586415126 0.0310497235858847 0.0289851862387814
-0.101667218866401 -0.0810926003940723 0.0466460728294846 0.0692250345644461
0.00205001874791229 -0.185197458828728 -0.019223317874426 0.0503921952354629
0.171109553850726 -0.0706757491874248 0.0344386851102028 -0.0465120456469341
0.15666708752004 0.131582247167051 0.0700379255841236 -0.0547606292378553
0.0703892814844505 0.200543152564444 -0.0365816343496694 -0.131888780926713
-0.0240308586251557 -0.0384073850940542 0.158486601329007 0.106189105453434
-0.0660212413613351 -0.01039376110706 -0.00067818402027596 0.0227856006217778
-0.0618382593677606 0.0368523700995073 -0.0434786339461366 0.0676870302818669
-0.000290699684786933 0.0654557459605519 -0.00241337157668538 0.0031445586063608
0.0429759550167562 0.028485124651807 -0.033329163402769 -0.0149592513101108
0.0327971942571431 -0.0102887813887938 -0.00483286789345604 -0.00118190427870013
0.011302923027999 -0.019938127965254 0.0550196841851336 -0.0552291048708762
0.00557577383721193 -0.0160661782404678 0.108224160808028 -0.120409383831054
0.0117394708866274 -0.00502996042879926 0.154257871250444 -0.164534554763978
0.0160181091780048 0.0200151003599282 0.200124694610138 -0.139522570014612
0.00847089907583685 0.0422530636877813 0.235897925775209 -0.0754310607966661
-0.023047662705422 0.0467643106330716 0.245080880130046 0.0418323998531944
-0.0546737964470746 0.0197553294854008 0.201865305869399 0.166661293575403
-0.0689864848376176 -0.0174193019314208 0.0993953344421738 0.293793129793872
-0.0634527721563236 -0.0797888013181993 0.0253049308319891 0.419845472855349
0.0760976108751518 0.0606608576455375 0.150826494786066 0.131534352906658
0.0774213907009154 -0.00097837690514968 0.0183929256521921 0.0340614231537341
0.0160992945758169 -0.0630608463775012 -0.0233212271517076 0.0578200857739703
-0.0628546525177648 -0.0433638972647969 -0.00666247132517274 -0.00832219557806966
-0.0493685042189511 0.0156964215604002 -0.0486304980603153 -0.0084350857871012
-0.0306667573450702 0.0220418539244154 -0.00748489973818641 0.0080656179721198
-0.031840999251791 0.0335701841356363 0.0521004752936094 -0.046488280103509
-0.0308865255783296 0.0393358524689224 0.104921635530763 -0.114835794648993
-0.0341760637950459 0.0328932360008843 0.144279081597304 -0.162183236047684
-0.0377625905825989 0.0159878645369618 0.189550330278998 -0.143580274512477
-0.0318925391268743 0.00640233867792848 0.229747518892784 -0.0847121290244919
-0.0332954154453261 -0.0153232635894802 0.25129509536464 0.0261583715503511
-0.00527041059240302 -0.0160557796037839 0.22011809195037 0.150485796158252
0.0074485450820986 0.0137843636675524 0.118849959256923 0.27310152419118
0.00744580379805958 0.0209536428218884 0.0505424297900827 0.406374943398835
0.152617062532506 0.145972872810174 0.124319129685817 0.121088250352475
0.189881410905764 0.00877360185378082 0.0479809526309424 0.0438150619523274
0.0830802401844393 -0.142966558157063 0.0161000705070069 0.0124436744998892
-0.104238520861143 -0.13495887286628 -0.0348557101086599 -0.0543667225659441
-0.123653762111019 -0.00584927858788103 -0.101193727536052 -0.000322937836829387
-0.0906595215109085 0.039238575879944 -0.0349122570367375 0.0370920936457547
-0.0750794431563007 0.0763717274383058 0.0347088357585746 -0.01742765705181
-0.0634734414073972 0.0881554842919437 0.0852579731031102 -0.0908079100108141
-0.0711115866307719 0.0696484304812821 0.115059736898655 -0.146563286496732
-0.0823854447581849 0.0204679908421746 0.165343690773133 -0.145549360002697
-0.0704295816054945 -0.0144969131456463 0.222489186250682 -0.100412379172003
-0.0595046858291194 -0.0677572863342294 0.261185730982309 0.0148897248299892
0.029009917979175 -0.0667804626268854 0.227901886221785 0.144060206935836
0.0893883654172855 0.0238837232728009 0.111172084398 0.237851510585782
0.0915557035342896 0.113940203628033 0.0577838103367944 0.349591270791066
0.192900863607986 0.205615156375161 0.095530042025237 0.0740955079268138
0.247683717746527 0.0181719851992884 0.0860470205741525 0.0163310965367141
0.119001369252646 -0.182632754741892 0.0337700663915602 -0.0709295357519983
-0.119801741394781 -0.184278922828279 -0.094144434911798 -0.108268844563341
-0.161822827941331 -0.030115834417197 -0.170550976036764 0.0152298819177535
-0.13296218299991 0.0372378005350067 -0.0764340208009483 0.0738594798534064
-0.110292865848845 0.0995299394310411 0.00570739912167231 0.0215720306188918
-0.0874603738489039 0.123389541069326 0.0534078207980767 -0.0527546377745645
-0.0942948083303139 0.102227897096647 0.0767953085612679 -0.118408438983929
-0.113447214939254 0.0348359230961864 0.137878655222316 -0.139420688122568
-0.107857089439526 -0.0143608429755861 0.218092293403877 -0.10814468363685
-0.104902758958053 -0.106616365238212 0.266552393222476 0.0208472599350258
0.0468712149222767 -0.13278625468583 0.209569443409521 0.146091682430766
0.173565517236069 0.0130786580971212 0.0736575841821352 0.184778569572704
0.174088231497748 0.187753321246237 0.0432181834604928 0.258449943479337
0.202562921118321 0.232914823693419 0.0742675545336994 -0.00924968402301231
0.253063766313766 0.0328176319046598 0.104879503090811 -0.0627346515960032
0.130105629104069 -0.173972526570351 0.00170967134564086 -0.157818470622993
-0.10257046325677 -0.192397218683046 -0.167756749320253 -0.133119816248489
-0.161934404635481 -0.0557476274191957 -0.225897364500074 0.0352369619518799
-0.151063021548031 0.0194250526089023 -0.117697519114092 0.104751112777394
-0.129626636227694 0.103793514139725 -0.0324974413376932 0.0617695723981221
-0.0982371500514456 0.140434672941344 0.0152680259464568 -0.0037910462498265
-0.104213685193337 0.125472875565647 0.0401748451236262 -0.0788045731504268
-0.13193284963904 0.0572935928077855 0.115710843813996 -0.119456664126012
-0.146727781192765 -0.00199050582601523 0.214503089386289 -0.0902418018544976
-0.157122287610343 -0.142534803163019 0.243888507769722 0.0512122399269934
0.0619297272457624 -0.203375939392559 0.151537230339252 0.143133475440454
0.249077203175466 -0.00296429177295239 0.0216454389668155 0.109842636783176
0.237749781954957 0.235182962261504 0.011364073771428 0.149197351307732
0.190359236095484 0.225817625235385 0.0553781851538097 -0.118483372891758
0.223672636336338 0.0467042285940038 0.0809110804152151 -0.164140057258435
0.128025237415459 -0.13732569028235 -0.0633341169970532 -0.204688989976775
-0.0664941696716035 -0.175853298618304 -0.220618385916971 -0.125501424016005
-0.136349318759433 -0.0754074261100147 -0.25364236221253 0.0476786557707356
-0.144795044522552 -0.00307735341699656 -0.153285440747143 0.121581362853413
-0.129294179155474 0.0907906459703135 -0.0740672924693841 0.0981876972467652
-0.0958878095386127 0.137259737832009 -0.0244500167425984 0.0479419885009006
-0.103638674615147 0.132963818876618 0.0111449341442185 -0.0321889240361528
-0.140581973643651 0.0729147316729336 0.0965913901887401 -0.0806087954672142
-0.175831229187807 0.00226762084913632 0.193186639046335 -0.0437755175509267
-0.183000384762443 -0.181487111166341 0.178857528471763 0.0850748318873
0.0935589849862879 -0.247268315475004 0.0723623134390443 0.104338864730833
0.296028044791993 -0.00171119657467276 -0.0115100028513326 0.0215960627340663
0.261675867996222 0.249365875829896 -0.0296005360767229 0.0417012054797231
0.163062984838108 0.183677810782042 0.0306699846287043 -0.23029652580726
0.175568040698448 0.0481453067927861 0.0209585444989288 -0.24638393773145
0.112131153016809 -0.0950634384239064 -0.124438793848924 -0.210760682063439
-0.0318937546645153 -0.143114117661327 -0.240971840336206 -0.102074347162569
-0.097771198010315 -0.0780581893495906 -0.257254514009657 0.049529904777213
-0.117544112918259 -0.0184970386204312 -0.17988220191932 0.126305151250504
-0.108623397699038 0.0668618404771347 -0.112250062684953 0.127254476494804
-0.0799262030351797 0.113549976876274 -0.0584397309926359 0.0932351597871389
-0.0918369358333614 0.117809068128194 -0.0125899194665667 0.0151489068661282
-0.134959791794177 0.0689300140805473 0.0702723667601782 -0.0313645323322033
-0.174501875674286 -0.0130811506273925 0.140964832912021 0.00811218470837276
-0.152327680373484 -0.200902934822135 0.0874820513045294 0.0865959564525501
0.129754623947298 -0.226038724592902 0.0159769394802891 0.0263718978924567
0.285367628962267 0.0253288490415192 -0.0034863522099778 -0.0474024948707488
0.233559193649883 0.223948690388122 -0.070281394792077 -0.0470617806125728
0.121480231705107 0.11570944613799 0.00105608203846283 -0.321164030597096
0.116131980807397 0.0344293699748707 -0.0456022095007627 -0.291485223927468
0.0802004350985359 -0.0584948494264797 -0.166821978958461 -0.194884665995962
-0.0110491652574609 -0.0946118600243572 -0.244009415123877 -0.0780331299685033
-0.053178996586346 -0.0591474009566459 -0.25010403488897 0.0498852793171048
-0.072355080277737 -0.0242813963886613 -0.196120376673712 0.128047265167151
-0.0719056557533415 0.0366210964462625 -0.139152687691403 0.148120059778911
-0.0540120156061285 0.0735185848838409 -0.081925938758727 0.124646625638172
-0.0683402234979436 0.0791957498056101 -0.0315580213887337 0.0531116024117785
-0.10486595752021 0.0420365945361442 0.0377465076685824 0.00972441192765014
-0.128269827544741 -0.0325300526046578 0.0760175562638155 0.0356232046751393
-0.0771728531535894 -0.165896627838887 0.0158574204712995 0.0503994916764053
0.128958736475032 -0.139265645626202 0.00885820905107883 -0.0473484286267085
0.201792316234675 0.051424682535402 0.0272076482129459 -0.0720746697983929
0.155282253399699 0.152704885648778 -0.102243393967791 -0.105164459370906
-0.0269345188319255 -0.0387061146682916 0.163977206395079 0.105970166549161
-0.0670571705728072 -0.0076764774236867 0.00557295193409654 0.0259178927986792
-0.0604066212061793 0.0403017439261977 -0.0373441603900016 0.0677856601011342
0.00121124361266139 0.0664971387952294 -0.00348068143160896 -8.33262810960429E-05
0.0450915114269543 0.0272340489204877 -0.03570711845496 -0.0135732573223722
0.0336620266261868 -0.0113006412374687 -0.00322050818509598 0.00141899885505347
0.0110366723358204 -0.0190552560352916 0.0553537620652594 -0.0565441434141637
0.00519797937207996 -0.0154141706240344 0.107467565561156 -0.126396770210196
0.0111859779938612 -0.00456845816287521 0.152490974039502 -0.173091126308286
0.0169541636459274 0.020196246212426 0.200746662913993 -0.146303932661713
0.0113521963739099 0.0429269954236453 0.237026564128786 -0.0807525403022819
-0.0224625465199214 0.0484400033346258 0.248542369518163 0.0388458550702179
-0.0552033901599892 0.0215333516654767 0.203724104002032 0.164610861571632
-0.0699060152070169 -0.0176720084737847 0.104496450379469 0.293568808937584
-0.0663770590482971 -0.0790306914921454 0.0354681742719964 0.42091700204416
0.0773987764714814 0.0590531067259926 0.156790959526779 0.132189740349353
0.0788150272562955 -0.00196830648020778 0.0254640603661833 0.0369130875046723
0.015182921511759 -0.0632417420890994 -0.0168654072652837 0.0577261393957883
-0.0641590141627224 -0.0415161624255019 -0.00749961049860305 -0.0106975312973017
-0.0486903332383808 0.0168513655535393 -0.0507348283087026 -0.00530554273946814
-0.0311695331933591 0.0231035997130905 -0.00519149233581189 0.0111562938260058
-0.0314865202453417 0.0367741533344824 0.053631199304488 -0.0482301227070717
-0.0300523961026249 0.0417528161767722 0.104310292939368 -0.120703914192479
-0.0346618995545775 0.0359849473193968 0.14273848924694 -0.170273050163397
-0.0391929645246303 0.0177667247868139 0.190332897602854 -0.149388043528777
-0.0315993123063284 0.00636961991416243 0.231434619947449 -0.0899196307703009
-0.0348998640589948 -0.0149678169369022 0.253725400932176 0.023478095593889
-0.00521839857968586 -0.0167511769729957 0.221650616286537 0.148796734348631
0.00844912923469298 0.0133051603010882 0.124348320014444 0.272448512646449
0.00735337464933953 0.0216815908419443 0.0610964238953478 0.404748351687988
0.156725890607031 0.143674129895871 0.128779301539773 0.122539440031578
0.193253755018375 0.0053989310816571 0.0543873553106838 0.0458192356236758
0.0807293000018279 -0.145238910520599 0.0220604994609183 0.0112759970055978
-0.108718699385101 -0.132512399915542 -0.0367818119578078 -0.0561346851447094
-0.125002718170233 -0.00393000300663942 -0.102799150967641 0.00514280307059714
-0.0921195370109811 0.040942603399652 -0.0321298201301107 0.0405558214489747
-0.0748788341573884 0.0813885808744351 0.0369842163212387 -0.0184849024918694
-0.0618179929086213 0.0917406564227836 0.084865379908761 -0.0957773109349958
-0.0718515724603199 0.0745626825803643 0.112719103445375 -0.153549935425189
-0.0861135279433666 0.0223876094711231 0.165312167266122 -0.150271568699318
-0.0722668537984502 -0.0149949532956217 0.2233324713528 -0.105698422502496
-0.0624044970446003 -0.0676326319022371 0.264388056615104 0.0107400822089573
0.030128816233353 -0.0684711888789014 0.22995630299038 0.140625840579082
0.0928030202021263 0.0225091606708292 0.114571964769247 0.237061739144521
0.0936612977848017 0.113962439797322 0.0676860305765777 0.348243160536096
0.199660888824984 0.202075918093784 0.0986611753041397 0.0746148184261643
0.251549872424382 0.0137786564916764 0.0909412071898916 0.0175565087275303
0.116914004787943 -0.18591168811267 0.0377568088498273 -0.0729375309679978
-0.125630772285744 -0.182462990529854 -0.0978907055631317 -0.108807970004673
-0.164627905385984 -0.0278042426276409 -0.171224943258533 0.0228341874066005
-0.135443375655045 0.0398677281200232 -0.0727393354842845 0.078427252707265
-0.110078404382748 0.106521448547985 0.00832955232708994 0.0218620095136886
-0.0843939617233409 0.128306617598588 0.0533182994885471 -0.0549717326687747
-0.0949913378026683 0.108139740653012 0.0749159576982447 -0.1229555317232
-0.117448057082586 0.0380880303469893 0.137097530421823 -0.143603353612034
-0.110586581118428 -0.0149672186543092 0.21935951636077 -0.11406697494657
-0.108383096648603 -0.105934788937459 0.268442279494387 0.0160921076870703
0.0460868256688282 -0.13567826950371 0.211162415197844 0.143814550739971
0.176489206503955 0.00980148267975981 0.0754547967910201 0.184811557467458
0.179495035503779 0.186856285143827 0.0501726045504062 0.257332069150884
0.209360667068092 0.229924660690676 0.0744293767440493 -0.00843992829680119
0.258161459649306 0.0292305339231492 0.107177220295071 -0.0623535704695312
0.128844196796587 -0.177867205083975 0.00255796474454493 -0.158909864108357
-0.107611297587888 -0.191884641377848 -0.172320611585138 -0.13232900090273
-0.166347043127919 -0.0543703283570456 -0.226906929471356 0.0442317879500817
-0.154813502174687 0.0229323909302038 -0.115255009266756 0.111102740344208
-0.130787173067111 0.111041330123453 -0.0302127701513794 0.0641204230471192
-0.0953095173235638 0.145940157802373 0.0146665137781491 -0.00356138665527775
-0.10391735142619 0.132217963663383 0.0392214214207348 -0.0808179963383138
-0.136212197925701 0.0607614522990657 0.114458297522707 -0.123110399007693
-0.148301875822904 -0.0010296763922893 0.215056668136797 -0.0973258532400242
-0.162299583538465 -0.140685996305238 0.246770959185197 0.0479575962299535
0.0591000747563853 -0.206951236968681 0.152896461996647 0.141258637775262
0.252489989895826 -0.00929564038922634 0.0198322888889094 0.110571169055578
0.24534509542764 0.231835914136973 0.0137926185986921 0.148240933983236
0.197352904534495 0.22364466622154 0.0527466951543494 -0.11809109764061
0.229564042438049 0.0448043179133433 0.0790531272504609 -0.163671978944494
0.128375596481313 -0.140629977915867 -0.0644754497903042 -0.205537618292502
-0.0698191641137977 -0.176325092896646 -0.225162899370269 -0.122358887482022
-0.14077006733548 -0.0750101727781579 -0.255113197956887 0.0575058410820057
-0.1501405058377 0.000362861375335348 -0.151381883409572 0.127966316078557
-0.130525298734297 0.0971415190106372 -0.0724953305109997 0.101565163202538
-0.0928026479818649 0.141852487343448 -0.0247486174913101 0.0504420556485704
-0.101719502800965 0.139248097714662 0.00945092939057459 -0.0323169691147589
-0.143776726924948 0.0773290259078256 0.0954185790231505 -0.0839772687978667
-0.177501551826352 0.00456256063663864 0.195010942697155 -0.0503840061341803
-0.189890979753687 -0.178455123292489 0.182538054332653 0.084055527101102
0.0884156349207123 -0.252192711979989 0.0713874722619004 0.104210205983679
0.300216439206722 -0.00899083663341842 -0.0159159535592444 0.0221920590508044
0.269710768232643 0.245770945034592 -0.030698825473747 0.0411854637238223
0.16797188924601 0.181229362397891 0.0255896248387632 -0.231279872715073
0.180356709589248 0.0475372174897495 0.0163229166389581 -0.245781667090084
0.113119694871572 -0.0978910275851538 -0.127198804366989 -0.209979507801267
-0.0351224784375807 -0.144427397292477 -0.245690502074686 -0.0987905373477873
-0.102739081131889 -0.0785941004457151 -0.259508492954061 0.0578497232468411
-0.122450526407935 -0.0162295153668672 -0.179723707731617 0.133432362885591
-0.110001077249956 0.0722418501587797 -0.111650419450536 0.132824174777599
-0.0777283939880341 0.117878889722205 -0.0577291366687654 0.097647578175137
-0.0895830543722601 0.122909164378641 -0.0137964756496723 0.0161284398211737
-0.137341037494688 0.0731935786226897 0.0697200150250308 -0.0340694010156106
-0.176403114411869 -0.00991967775159197 0.144166511378307 0.00206364936073249
-0.159929503270074 -0.199293219493439 0.0911985972301677 0.0886060124366363
0.124600611348744 -0.232805166940715 0.0122520014046617 0.0284011935893675
0.290026386861384 0.0169983348577619 -0.0104891396197011 -0.0483250584090294
0.241249933079268 0.220008743251325 -0.0751777663358687 -0.0476889911016319
0.124511060689826 0.113808919224587 -0.00676296593578169 -0.323195796923019
0.119993263810272 0.0339155354101874 -0.0521551968961874 -0.289924939732493
0.0808827754790105 -0.0604358270701337 -0.168879509409016 -0.193089413426546
-0.0132361569502197 -0.0953220333500454 -0.247627198934035 -0.0744750055062435
-0.0563752523907625 -0.0599848518564472 -0.253530673893267 0.0566724950802297
-0.0762679155487906 -0.0232341851774279 -0.19724853112619 0.135570028626668
-0.0730302933743925 0.0402106883707362 -0.1394060993184 0.154933435475444
-0.0520066527201037 0.0755838309778238 -0.0813359844639376 0.130180780064209
-0.0666336673223853 0.0833140099543866 -0.0323032599408553 0.054866715275284
-0.107112805741699 0.0452453487553823 0.0372415298572506 0.00818635163558031
-0.129520627566938 -0.0306085135880153 0.0793328696516466 0.031622541901813
-0.0828674962398957 -0.165636831834532 0.0177125253793126 0.0546394933917728
0.125941909858125 -0.146188304467934 0.00298659002563327 -0.0457364511329096
0.206180545782048 0.0449842020738564 0.0193473717261298 -0.0749046432717936
0.160859001634091 0.150080274047621 -0.109075708501638 -0.105561080210351
-0.0298648904385308 -0.0375428931159294 0.16961042910244 0.0999544653614214
-0.0667897431105707 -0.00368909061540952 0.0135536402583086 0.0273945195122751
-0.0573295605370625 0.0444287748013377 -0.0280491665364107 0.0675261687915921
0.00555995288596283 0.0668791989938649 -0.00458029327716084 -0.00201785314750535
0.0464493920739477 0.0247592386220498 -0.0381613314883848 -0.0101568885657752
0.033441939342105 -0.0125267083044614 1.01947084630755E-05 0.00358194418864163
0.0117364353482029 -0.0184554683442361 0.0547171884269529 -0.0587688922803854
0.00446916142226665 -0.0148017595195178 0.101985098832292 -0.133591657173751
0.0111571388008698 -0.00392279128057837 0.143948925296242 -0.182728500768726
0.0188109618317732 0.0200883300776917 0.194709275998178 -0.156789767255318
0.0139115444874007 0.0417557387803027 0.233057828022133 -0.0901686687112002
-0.020621260098401 0.0499260992598762 0.248657074034281 0.030038797899257
-0.0547008103110527 0.0246422338276561 0.207143514621335 0.156651605287685
-0.0701460870128301 -0.016188121916767 0.115378269609939 0.286945772554324
-0.0699987692829255 -0.0754281672856153 0.0577557374248752 0.413376613023393
0.0791927430165932 0.0545989610367142 0.163631624538144 0.12676588808626
0.078576991253967 -0.00564883726423593 0.0333104464149289 0.0384675734734186
0.0126517077908076 -0.0627802594802504 -0.00809819995563101 0.0569019979289816
-0.0657872668880576 -0.0369256449341191 -0.00841272648024886 -0.0122508372633026
-0.0469932806343315 0.0183597913735681 -0.0508867495376259 -0.000770777933180882
-0.0305018538789587 0.0241257143215619 -0.00214318819163413 0.013229214503873
-0.0289964561164061 0.0397945794226261 0.0533313550883715 -0.0496439389342063
-0.0279697135670913 0.0442024345970814 0.0991352942312437 -0.126780137298119
-0.0334826778870498 0.0394176559829962 0.134091738229545 -0.179462587057752
-0.0399457414518085 0.0203812148481943 0.184543774872299 -0.159116623636601
-0.0311183912660509 0.00655061871256861 0.227821902444636 -0.099542878594713
-0.0359605449369583 -0.0131408520138788 0.253742916568095 0.0133642548477332
-0.00492617388112899 -0.0161942458779571 0.22366704326069 0.138895998968282
0.0102157862699915 0.0119939412795027 0.132950887678687 0.265691145344979
0.0074475805427626 0.0220020922697324 0.0816719726618593 0.397887280340608
0.16233531347322 0.134962425502763 0.135095493039604 0.118122709031372
0.193656343616108 -0.00317703083056985 0.0613185240451188 0.0465187351325155
0.0740972140026281 -0.147206542246525 0.0272521236391039 0.00882477011576148
-0.114891604806834 -0.125094677294921 -0.0395716177832553 -0.0557472617396592
-0.124699064180364 0.00124592541654243 -0.101453800848671 0.0131560630810867
-0.0913167489763883 0.0460855347876668 -0.0269012662668482 0.0442809803897421
-0.0704470639854936 0.0873592296766131 0.0388194001820844 -0.01957817019879
-0.0568866748756152 0.0960963843225204 0.0807946647126416 -0.100713042457871
-0.0691112533898832 0.0804637176815917 0.105367863013837 -0.16042416155842
-0.0873865394523854 0.0275825819125118 0.159259660040242 -0.158130581989498
-0.0738570689898748 -0.0132588600132008 0.21853909810084 -0.115795797365461
-0.0659692740668549 -0.0655675881958031 0.263488779860486 0.000839339546051493
0.0275687325700436 -0.0703768967470602 0.231586891772166 0.130728091040125
0.0947301685057403 0.0183918052748759 0.12306760331638 0.230783019272606
0.0980774930529453 0.1105890292454 0.0853172772895258 0.341997852987386
0.207723659574518 0.190870845732399 0.102220548625169 0.0727915044091753
0.252931598698126 0.00319636351171216 0.0955657177521495 0.0166974159211773
0.107905503214607 -0.189538733063317 0.038727397917926 -0.0753951972665614
-0.133381959882443 -0.174860842069218 -0.102577622046208 -0.104379639860183
-0.166254681760375 -0.0215405533632453 -0.169010158158109 0.0337485529275874
-0.135164514045354 0.0461712202956023 -0.066469318844647 0.0834429135934118
-0.105414478290362 0.11397009000334 0.0114116602307726 0.02200204663873
-0.0781190655970581 0.133067256347226 0.0509184456761199 -0.0576725531863924
-0.0905696458460152 0.11606552032144 0.0685257122974878 -0.127015989483692
-0.119492846163812 0.0446451150059743 0.131356653736964 -0.150490972485925
-0.112004119541387 -0.0119849816878831 0.213604551444846 -0.123735317721407
-0.113426758579582 -0.102112619015586 0.268230122995276 0.00532383920736106
0.040993761335682 -0.137978831806466 0.213775527453359 0.134504263283875
0.178104885259731 0.00210147954925949 0.0800188626491188 0.179993965601527
0.186441329573151 0.177752301656946 0.0621959833530802 0.25225260887696
0.21824395952152 0.218782140047418 0.0737894355641436 -0.00909399905097202
0.26047658610925 0.0187697151170546 0.10705372625069 -0.0640767448460151
0.121485492857577 -0.182352648083658 -0.000245945330239792 -0.159226789427567
-0.115640188119889 -0.185954704255595 -0.178395956663483 -0.124093489945432
-0.169810543453863 -0.0480295942413768 -0.223279701259178 0.0582569608879894
-0.156658742221284 0.0300450596749799 -0.107213729014883 0.117559198462567
-0.125675927723681 0.119719683262919 -0.0256368332695482 0.0660845860073416
-0.088057169045437 0.150921276602035 0.0146429397884934 -0.00402015424943131
-0.098051562508889 0.139550630253065 0.0342308153090254 -0.0827085853780443
-0.136897425729561 0.0682988708520976 0.108939953273222 -0.128333566128484
-0.148905919490029 0.00339471874282574 0.210245611270765 -0.10861793023333
-0.169324707824854 -0.133107721149651 0.248858498218435 0.0378107959255687
0.0504969384965518 -0.210194783180283 0.15528631075023 0.134647527137031
0.252297116692143 -0.0208931764327958 0.0213125691298282 0.109452019875191
0.254789168354668 0.219719915428989 0.0202734991167387 0.145273050519916
0.20565680992108 0.212762111501425 0.0460373486024185 -0.117689989806005
0.233605708003267 0.0363005268750439 0.0732650533315626 -0.163131254570258
0.123379392223771 -0.145358943015168 -0.0697921740868876 -0.20223428144434
-0.0774463291058833 -0.173443585519286 -0.229491849544832 -0.111949832344634
-0.145750766476756 -0.0706723957769873 -0.250347989297304 0.0720818670401766
-0.153132895650072 0.00738123219301352 -0.143877448180752 0.136644821444465
-0.127265021917825 0.106334799170211 -0.0673416387862829 0.106244611728129
-0.0854345086745659 0.146830705080141 -0.0225012355186389 0.0530870765186884
-0.0954016505069592 0.145852019202815 0.00679117230779359 -0.0321212669996017
-0.143371117452683 0.0847643216028962 0.0906151409975342 -0.0889159129233848
-0.176814434531546 0.0112352520310986 0.192135261959055 -0.0621454856987947
-0.198162386650675 -0.168438038109301 0.186671169924189 0.0769866505575515
0.0760259399354393 -0.25688766838128 0.0724266363148935 0.102900890194038
0.299525274727827 -0.0239999508759129 -0.0200584429498869 0.0227630596232954
0.280938942828486 0.230681024005204 -0.0305763096322973 0.0408620854257691
0.175214321060313 0.172661977477414 0.0135112542138863 -0.229693050873724
0.185112402645601 0.0410097570240039 0.0061594180071438 -0.241648181908063
0.110336563997922 -0.102402298068626 -0.132635435653969 -0.203249026352554
-0.0414902829005665 -0.142822331970128 -0.248751710332632 -0.0882397812942954
-0.107562629769123 -0.0756389855394001 -0.256672822961455 0.0716103380393065
-0.126373143385685 -0.0106930901704281 -0.17374657155314 0.142763097005851
-0.107400691369015 0.0795260612409049 -0.105814674090426 0.140043594948032
-0.0713411203064063 0.121936052841944 -0.0534342241171577 0.103093471120869
-0.0832953324400948 0.12928072007446 -0.0143361646584842 0.0174444888928196
-0.136338661588107 0.0802741408507322 0.0671282655363563 -0.0376850263053199
-0.176618582699014 -0.00257407490558519 0.144545559138665 -0.007571677625654
-0.170093439211384 -0.190021941731881 0.0963893990481655 0.0869838777281955
0.112286828520968 -0.239757207263931 0.00959530800093048 0.0302970779353656
0.291373469018868 0.0021712587276772 -0.0190089959496884 -0.048574609788418
0.250954566501915 0.206973931893004 -0.0791082636739112 -0.0449450069396882
0.127715177503845 0.106960841750568 -0.0225879092150099 -0.319521416799572
0.123274313987117 0.0294888641601906 -0.0648099810787851 -0.282743574477628
0.0791243269542934 -0.0635236686851434 -0.174505285481028 -0.184878095216285
-0.0166268022856938 -0.0948155088897134 -0.249703245397242 -0.0657147149487535
-0.0603204507623593 -0.0591894518014318 -0.251790783676288 0.0690225153554239
-0.0797879078598208 -0.0192960075888478 -0.192371683491915 0.145216882032811
-0.0718081157193173 0.045085286952382 -0.133337854128093 0.163919429723334
-0.0477109432408793 0.0779225218286145 -0.0761350840680946 0.137041196663159
-0.0615888030901239 0.0873153548318568 -0.0319895938904314 0.0571049038802973
-0.105957541599306 0.0510247939387704 0.036213642209073 0.00530185753129237
-0.129921421769963 -0.0238633859291921 0.0809280251610079 0.0246436649876861
-0.0920571521908597 -0.160924498737915 0.0216430499158301 0.0572170605341608
0.118039490615485 -0.153064971473682 -0.00384694998937511 -0.0430745869010411
0.209141428417011 0.0334219853865942 0.00859042181798768 -0.0766630788778497
0.168492033518718 0.140711229332754 -0.116577714959559 -0.101361965081416
-0.0324101624419427 -0.0344457630644381 0.170153805071879 0.0909392097908003
-0.0646015044533962 0.000299430324055256 0.0208344297415515 0.0272545045263316
-0.0519785902705667 0.0473199353591885 -0.0193969721240046 0.0650057602860689
0.00962529101448876 0.0649035353875498 -0.00546835451081238 -0.00374303581675532
0.0469596102041635 0.0209018387918908 -0.0392818318449547 -0.0062336300298948
0.0318927985836128 -0.0139466277978165 0.00257065666212704 0.00520259123624714
0.0114086898712215 -0.017547367453205 0.0521303087004156 -0.0596351705675579
0.00403464360828715 -0.0136349870458492 0.0924776788182687 -0.136627008987922
0.0107581453162237 -0.00352131473339118 0.130036855812089 -0.186847282264435
0.0200144105688975 0.0190769531253626 0.182415607406761 -0.162557376113103
0.0169986797515632 0.039315900189393 0.222258699557119 -0.0981268389978365
-0.0174480310941977 0.0501495621942738 0.242534979551724 0.0183360108621598
-0.052193831541128 0.0267898111552504 0.204776368800082 0.143369028279666
-0.0687218023040518 -0.0134956099831439 0.123241738385317 0.271983807628648
-0.0719623182742388 -0.0687179260960895 0.0766538027850648 0.393225993689068
0.0778952322320705 0.0488196969089262 0.166329885732175 0.117251826455955
0.0762080960781542 -0.00904163186720267 0.0402086445889363 0.0371997202828317
0.0100829287915273 -0.0605774780428294 -0.000208906062079983 0.0537738640492567
-0.0646627984881791 -0.0316894189452384 -0.00894257967583938 -0.0140897724817904
-0.0445436417391023 0.0190617388545141 -0.0498100925297191 0.00356998521510837
-0.028656358692655 0.0255532466847274 0.00181224518686217 0.0146496292942751
-0.0254181255465302 0.0418106867668029 0.0514012409254585 -0.0512611739017231
-0.0240630493918213 0.0456493794266574 0.0909575475814758 -0.1296491825926
-0.0309125162768277 0.0418037330019359 0.120685074279565 -0.182718741500545
-0.0385542889014014 0.0226009658785553 0.172290134745287 -0.163605898370521
-0.0302407292591861 0.00703295436145595 0.216709548025365 -0.106568120131157
-0.0357292229543114 -0.0117728801626553 0.247022296074871 0.00366563901285772
-0.00515260144611233 -0.0155960026593094 0.220045745852142 0.125915346749948
0.0115889390921596 0.0106642336198767 0.13939868001049 0.250413667943162
0.00709076867932292 0.0216828240303915 0.0981301050264264 0.377825541251164
0.163015445984367 0.121801213689906 0.137595817642283 0.110470223649738
0.187871433414917 -0.0126650245889751 0.0677165468753068 0.0442376842480903
0.0651406087158807 -0.145626402844541 0.0326563055155273 0.00507184289861489
-0.116855171616515 -0.114807193741325 -0.0416280442363586 -0.0539484870932374
-0.120613430883983 0.00640864321076295 -0.0970099778192696 0.0195469755217287
-0.0871153901777742 0.049354928436432 -0.0208688057498921 0.045369792551457
-0.0640542197142745 0.0900513266499344 0.0395945664862518 -0.0205889451191099
-0.050154379500309 0.0976741919970702 0.0745396451822409 -0.102583296501732
-0.063467766535306 0.0845015124153534 0.0944645535622969 -0.161989466488474
-0.0862181069615675 0.032235374932568 0.148033604963517 -0.161559052678903
-0.0737230209959265 -0.0112061831677695 0.207333385902303 -0.122656893025212
-0.0672561419840133 -0.0616732350257345 0.25474805661652 -0.00992332649464633
0.0247890056346399 -0.0699360630089054 0.227374979076029 0.116821513858272
0.0938588166957788 0.0136673160938668 0.12759174236104 0.21733202447137
0.0990544921458151 0.102650444402526 0.0990268608459398 0.323644748850689
0.209137733490424 0.174166702675181 0.102860136443808 0.0692884146007632
0.246435085339729 -0.00854530964741095 0.0982297345434468 0.0144002031988178
0.0955933867705399 -0.188461932577262 0.0387665791880273 -0.0766818138777253
-0.136993976211253 -0.161346877155401 -0.104442863691591 -0.0965513502166881
-0.163331320153193 -0.014226382306171 -0.159096279693266 0.0436074055500743
-0.130860273518035 0.0518151159160945 -0.0569411735463006 0.0852577474869045
-0.0967155676174158 0.118513561122428 0.0142225676214791 0.0211095998758367
-0.0683173897784243 0.134765941351536 0.0475130235553546 -0.0586647547097474
-0.0824668672160619 0.119462296426862 0.0600585137065411 -0.127298765858231
-0.116967355363463 0.0503264313400012 0.121257557577776 -0.152071994690229
-0.11144244519822 -0.00809376770848849 0.201523271763894 -0.131104130899863
-0.115392866753218 -0.0946094599758747 0.259859091928038 -0.00537761043826846
0.0347394941246304 -0.135981963961587 0.20915597402026 0.121144977886785
0.173594007806159 -0.00589044947735936 0.0841677635109574 0.17020041970332
0.189059712177664 0.163576861629429 0.0711586857752416 0.237985284920317
0.220597134961124 0.199927351099564 0.0707991718192409 -0.00892317389772006
0.255274838721257 0.00697902105046325 0.10454473917618 -0.0629226127075459
0.110553975982738 -0.18160710713765 -0.00350377824842789 -0.155109257672597
-0.119896562653173 -0.174655912513878 -0.177640141271466 -0.112145404991834
-0.167663708201089 -0.0403715672895714 -0.210783292715754 0.0697321056787462
-0.153577919236732 0.0370553854331512 -0.0950841264979936 0.11961484607136
-0.117296027266136 0.124844328926608 -0.0199154161039135 0.0659493645847159
-0.0775641135413308 0.152591850332315 0.0149665999182069 -0.00355176691994469
-0.0886630532693014 0.142911820566084 0.0285030808669633 -0.0813094487142572
-0.132956814392692 0.0736694638496288 0.0998639206257382 -0.129653564646007
-0.145364215808035 0.0083091120896678 0.198251168637164 -0.11615602048346
-0.16983744495635 -0.121033989712558 0.242611423275321 0.0266249681392171
0.039350881701067 -0.20604504761481 0.154003611219011 0.124459713861209
0.243815830575213 -0.0322237615088169 0.0226382307299918 0.104933607481311
0.257135641797029 0.200055829152338 0.0261750941822159 0.137992795882106
0.20784802257755 0.195036742715021 0.0391715926308258 -0.112164926902295
0.230122514865934 0.0246637013219146 0.0663429846482572 -0.157621551851439
0.114996897926836 -0.146134877105932 -0.073264305013644 -0.192481199964492
-0.082580748209315 -0.164684805852405 -0.227412486707097 -0.0978226637029382
-0.146681602327262 -0.0632750727643724 -0.236875482825601 0.0836993885507736
-0.152256679891725 0.0150464180162877 -0.131758271588345 0.140476924807779
-0.11890689124565 0.111052897866853 -0.0592656879470913 0.108006555902818
-0.0755625079948788 0.147520163934468 -0.0186543739578729 0.0548132691821631
-0.0853615638215407 0.148329252804565 0.00376900648287789 -0.0301811263694783
-0.137564443425468 0.0902619458665793 0.0829539235482968 -0.0906997020985042
-0.171363308405634 0.0176468745391994 0.182806476441517 -0.071228491813814
-0.200907109627909 -0.152980106725545 0.186115037270774 0.0677183311524203
0.061193278089263 -0.25276556201847 0.0719556274549913 0.0975537143848376
0.289844561828682 -0.0380925118690691 -0.0221881473367116 0.0231633056942211
0.282502940372331 0.208981474580277 -0.0292614591804645 0.0397927457556348
0.176280196392687 0.158284924734278 0.00234821295905488 -0.219101985810193
0.184071757617369 0.0317377734017679 -0.00242416355065651 -0.230374353559578
0.104098693131927 -0.104591679249725 -0.133687440607858 -0.190139458680145
-0.0462994986014418 -0.137353226189021 -0.244765227664981 -0.0742507895285399
-0.110120128139202 -0.0702577600655424 -0.244806062531827 0.0837986264992498
-0.12623700544086 -0.00349319481580965 -0.161528298314565 0.147960648519147
-0.10133520350319 0.0845732804749986 -0.0965095390154028 0.143352224147611
-0.0631259262293337 0.12161179876614 -0.0470634080363948 0.105091511408349
-0.0738735623945636 0.130529607705228 -0.0151605739638473 0.0186274777969441
-0.129970925591905 0.0849739334696695 0.0621199078070164 -0.0411109136736423
-0.170673269735066 0.00528012861999799 0.13912465181509 -0.0167131774259866
-0.175410665677975 -0.174961126502928 0.099483453827532 0.0823158366904715
0.0953968172706408 -0.238008086626974 0.0072555065623417 0.0313311865566314
0.282866291270893 -0.0140677443590129 -0.0265578224405971 -0.0455749533978841
0.253337311996469 0.185293780808546 -0.081349930599524 -0.0404153926211008
0.127382143787458 0.097541691084511 -0.0375040724150731 -0.305100181704605
0.122399538562753 0.0230995555631908 -0.0743555622966955 -0.26714927582966
0.0750506707808837 -0.0656496490767959 -0.17436136546504 -0.170463489685337
-0.0203673055253516 -0.0912583715434705 -0.24496917911885 -0.0527871490005819
-0.062837090901155 -0.0559837563968348 -0.240960905420047 0.079691136362748
-0.0809852868550625 -0.0140617953915936 -0.181311927499405 0.151873436354907
-0.0679768894187396 0.0483522351538085 -0.122206057046166 0.168420009952521
-0.0418639869602727 0.0779044659975831 -0.0678005272455395 0.139673545594041
-0.0551548059287717 0.0889684424984837 -0.0294798142348454 0.0577747908454522
-0.101841457218905 0.0557116885016409 0.0341099080550549 0.00277943361098308
-0.12762316904044 -0.0168152892109543 0.0800661683051575 0.017676076861693
-0.0985309080150515 -0.150864933198304 0.0257160136712944 0.0579437842566319
0.105476149427232 -0.155683781150406 -0.0102407276926476 -0.0385934899618246
0.204764863920091 0.02010276173195 -0.00195810471460193 -0.0747381324769297
0.170073319010211 0.126466770533672 -0.119972502083828 -0.0930903012303535
-0.0327282383845872 -0.0319414705950632 0.165183584756956 0.0838979932670965
-0.0607801372683678 0.00282729299021505 0.0266641500410485 0.0263558234064099
-0.0467344056771432 0.0464365542025549 -0.0120348277760466 0.0599824452374446
0.0118775632376197 0.0611693467448737 -0.006515387386451 -0.00538306012566867
0.0451214936905472 0.0177283023672165 -0.0385249051952642 -0.0033260183836045
0.0306585835713371 -0.0139820481467651 0.00506280393712127 0.0057197324351253
0.0121943308244071 -0.0172690462044008 0.0503324732958346 -0.0579865321748676
0.00413960448975088 -0.0123844074894733 0.0854899113662221 -0.134311200365987
0.010320180944881 -0.00244069494218408 0.11777029076645 -0.182743899451186
0.0203963498121949 0.0177277262066772 0.170015339912319 -0.160641893826964
0.0177813259937678 0.0361387021151646 0.209364755418981 -0.097900184159676
-0.0152333987589186 0.0485648795970225 0.23071353107337 0.0129631345187214
-0.0490959685526789 0.0273408764450122 0.194888098281707 0.132427162820669
-0.0658557983736096 -0.0123207580124765 0.12170353836003 0.25415991574779
-0.0701602457532438 -0.0629065004413283 0.0818911439563435 0.366829331010467
0.0741175154519694 0.0440560746452289 0.161986574992688 0.109391815894013
0.0728538934625563 -0.0103932002851001 0.0453454243813469 0.0350142236829714
0.00858214387694402 -0.0569859830661382 0.00675412815914998 0.0489120465899571
-0.0615720945340445 -0.027810419202803 -0.00940528575559711 -0.0143736112315404
-0.0416841923827509 0.0189885085761526 -0.0469541308874635 0.00660039334504933
-0.0265797326363709 0.0247794254012854 0.00484567527176648 0.0139906292183151
-0.0215805110123382 0.0412789545507606 0.050342211579862 -0.0499990286324281
-0.0212898299227686 0.0450993923431132 0.0837886113087638 -0.127354080683445
-0.0280268071018329 0.0428804837455522 0.109394154494967 -0.178789664739046
-0.0371955110194561 0.0235333539701645 0.160883964758692 -0.161214796121031
-0.0287664888428501 0.00679946866608824 0.204137212625914 -0.106514250459495
-0.0341992330928233 -0.0103036820961826 0.23458585651413 -0.000716801612112541
-0.00500003010818253 -0.0149670486133252 0.208899803724322 0.115426833387533
0.0118687380502385 0.00986804040757224 0.136828170430016 0.233668785568529
0.00715476048626355 0.0212318515501964 0.102492495823786 0.351369024943218
0.156146134321034 0.110316417830197 0.134507547668251 0.103981200884869
0.178992026980117 -0.0164199035946831 0.0708517226139224 0.0418224703989911
0.0583061995401976 -0.13894428030706 0.0360311179178539 0.00284680127348901
-0.113233930084163 -0.105024312526953 -0.0404412683355962 -0.0515102097171735
-0.114984212134422 0.00797036632981943 -0.0899801134578159 0.0233108802230161
-0.0832633098390999 0.0493069006021131 -0.0157494452788152 0.0440413117748123
-0.0575219881114316 0.0891681985295404 0.0393855664836952 -0.0213943209729569
-0.0442860729185894 0.095287767476063 0.0690930383910841 -0.10085639851626
-0.0587897630535349 0.0844349757905634 0.0847026577139903 -0.157511082838557
-0.0832867437507809 0.0341338747326869 0.137531853742034 -0.158262092963147
-0.0717976925239465 -0.00955470634567729 0.194650124409363 -0.121071238601954
-0.0659648995641049 -0.0573084705682441 0.242229166019824 -0.0141619317625282
0.0229785388586166 -0.0676034912560821 0.215095566768595 0.107030303313395
0.0912146519032275 0.0111510274951263 0.124896669200219 0.202276485660541
0.0957410583643649 0.0957385778719725 0.101360822251821 0.301032589730813
0.201163254744573 0.158682851063477 0.100185050141826 0.065712635175711
0.234297532062497 -0.0141291544781969 0.0984939486490815 0.013503586727069
0.0870223248169554 -0.17996516552139 0.0396158764884351 -0.0748562799849746
-0.133535947552676 -0.149785094195036 -0.101283000416275 -0.0899997797946398
-0.155963331555018 -0.0106188174238003 -0.147522759833505 0.0479566450730009
-0.125572981698389 0.0527049273121078 -0.0488924340969076 0.0826105637676846
-0.0887929217519245 0.117123925522571 0.0167209342141248 0.0192659606842605
-0.0609765783679988 0.131557275628761 0.0446419692625458 -0.0572915069458523
-0.0754579308769565 0.118465886211919 0.0534706087301688 -0.121990578184724
-0.112905152185372 0.0526793547932721 0.112097488254924 -0.148327095917042
-0.107543350737126 -0.00695280112030495 0.188642217015204 -0.129283480602226
-0.11188602923763 -0.0878405087612172 0.247018680621164 -0.00991100728075705
0.0310259728987454 -0.130458646070364 0.199318960980045 0.110569024634457
0.166054474054142 -0.0101026953076963 0.0819366389350343 0.159749537625064
0.182031633510056 0.151152286322804 0.0738580820208184 0.221577630185893
0.212958819005039 0.183399119995632 0.0675029331871239 -0.00653029493399476
0.244159576270866 0.00102718239635614 0.10182353124115 -0.0596469239086768
0.101767472148823 -0.1746117962128 -0.00277760168406006 -0.147366907945349
-0.117529000563855 -0.162736662528818 -0.170494779535495 -0.101965853743401
-0.162099383643458 -0.0355961234180539 -0.194532674135451 0.0742393820578924
-0.148079427603406 0.0394336074971577 -0.0855761626269681 0.117107221726482
-0.108653243757461 0.124122157336113 -0.0152616608907131 0.0635317975109788
-0.0695119558822857 0.148106986137653 0.0149028193365636 -0.00248740147910488
-0.080462417143604 0.140481796660647 0.0248483925695156 -0.077307516725873
-0.128021607927562 0.0749901878333872 0.0919354293436798 -0.126251227820515
-0.139332884799321 0.00946056777563641 0.184722236867462 -0.115840057500173
-0.16549088574102 -0.11128786907945 0.232260637768929 0.0204406768667297
0.0324007635075077 -0.196304127767953 0.146733469844372 0.115055296645327
0.231774798698998 -0.03618716139751 0.0210636669887759 0.0991110570940361
0.247429108952827 0.182682560347859 0.0267631848471005 0.127596177177069
0.200908313943454 0.179217764414113 0.0346585698919766 -0.103962010486558
0.221969023041954 0.018777885765141 0.0624317240170491 -0.147386648061751
0.106970008882325 -0.141428670826005 -0.0709926378990759 -0.180831339225935
-0.0819509981179214 -0.155222983897441 -0.217134306826926 -0.0874882784172498
-0.143446087828821 -0.0584763604359293 -0.22060588139667 0.0872866357274759
-0.147855639211721 0.0183498576832377 -0.120645060198834 0.137036269411135
-0.110534661311654 0.111417439419917 -0.0528328594454628 0.105204787887578
-0.0676138289406912 0.143305857112481 -0.0152142479495495 0.0543104447484637
-0.0760654090131821 0.14499626066043 0.00212450262994286 -0.0283485705016484
-0.13140613998434 0.0899212951086282 0.0760427952771774 -0.0882860939148868
-0.162631267647593 0.0193913266495746 0.170445493621179 -0.0744103504938872
-0.194658351329836 -0.13983636853106 0.180286598567372 0.0609116616122903
0.051209328302089 -0.24145385763864 0.0681680375807308 0.0920704178586125
0.274038976894212 -0.0439979523406096 -0.0248770159527846 0.023121175342999
0.272696969909223 0.189379929413269 -0.0280366975651869 0.0372702168277452
0.169405331979909 0.145568439805017 -0.00317655247541555 -0.204485460580674
0.177898072222284 0.0260615117787397 -0.00513981100217968 -0.214458780680371
0.0982028763696322 -0.102140739401474 -0.128017645038168 -0.177432992527542
-0.0470944579529081 -0.130149141644844 -0.232756803492341 -0.0647084007242679
-0.10914532927455 -0.0656061185874863 -0.228632887111176 0.0873076531081619
-0.123441244869803 0.000924530880683346 -0.149669188482612 0.14527359194012
-0.0946260803623194 0.0850258020986369 -0.0876726783992046 0.140407036535201
-0.0563327646513912 0.117474316866231 -0.0411503226294271 0.103796669850085
-0.0660822832285049 0.126776830349864 -0.0148570126559921 0.0197349264770303
-0.123111197092179 0.0853202016661375 0.057223942351337 -0.0412399794113439
-0.161845988355863 0.00852827016822822 0.130767112177246 -0.0219703078275873
-0.171950536024385 -0.160777723600503 0.0989920292344756 0.0773007240594729
0.0829021935399549 -0.229211720767339 0.00484553995605958 0.0316042960612766
0.268763604482482 -0.0215076062265571 -0.0309979305997542 -0.0422822005827595
0.244628585266161 0.16801335503773 -0.0800092121859868 -0.0369820921285488
0.122158468014843 0.0889383007541006 -0.0426754212093259 -0.285380124055344
0.118749987308864 0.0189241774103995 -0.0736732339726472 -0.248038090296109
0.0713850155245231 -0.0645269857389674 -0.166813829586791 -0.157965117482125
-0.0220087187972246 -0.0867786765083675 -0.233134095960609 -0.0452909190095043
-0.0632328279528155 -0.0526340222099866 -0.227178445774325 0.0825786014055142
-0.0798570272734229 -0.0107101845111331 -0.169804372739723 0.149588118638091
-0.0635029032152745 0.0483693667298854 -0.11283391164495 0.165368403689984
-0.0375057361015402 0.0747023415566753 -0.0608214943637437 0.137695305194451
-0.0486836454038457 0.0865225738122435 -0.0282364162954696 0.0573813257144288
-0.0957987649481604 0.055993696587818 0.0311935210318422 0.000794220926219613
-0.121795570679531 -0.0129609883973577 0.0759453657380238 0.0123736669502028
-0.0982612374166798 -0.140680777543127 0.0281004987394539 0.0571218077543462
0.0945934774792004 -0.150956489819243 -0.014178892974415 -0.0332168058480273
0.19584382600451 0.0116550701395271 -0.0103563249408456 -0.070310734239501
0.163755700378322 0.113646309087166 -0.118557224737749 -0.085684577488069
-0.0304835391179623 -0.0347931456950044 0.151198277060758 0.0930374227358178
-0.0586408466626898 -0.00213530990418264 0.0304763649275953 0.0287988855356301
-0.046123475891811 0.0418981095007799 -0.00814605536389652 0.0553979748848981
0.00836652815079379 0.0590148920077921 -0.00432259961460881 -0.00536356769213991
0.0426403172336487 0.0195783008334748 -0.0352887511601695 -0.00460149158341037
0.0307609558501993 -0.0117360163923324 0.00709342964519016 0.00521873587701389
0.0142414713890199 -0.0155610482742449 0.0523268110766424 -0.054628130922947
0.00562041893525285 -0.0109792703686047 0.0874568456990898 -0.127082755370357
0.0114711819842617 -0.00243486258947143 0.119241010928145 -0.171354783131864
0.0195850774356068 0.01731380483549 0.168696090976004 -0.146995110369201
0.0173397909921944 0.0346858293501658 0.20231326646687 -0.0818148600237856
-0.0123125413685941 0.0452673747497234 0.216252753560773 0.0266073802320274
-0.0464298069973041 0.0263950002835061 0.171807680954547 0.136686754068684
-0.0614097981095064 -0.0119922308218226 0.0984667067533589 0.244934897468048
-0.0621293958832908 -0.0600783329795464 0.0541914494943496 0.344584215426718
0.0672816108899277 0.0455630349437346 0.151767466754998 0.114121336204368
0.0705502446162666 -0.00553604734158422 0.0463694225421599 0.0353298683425404
0.0135900615045941 -0.0543153052062345 0.00642470230936597 0.0439813601613982
-0.0561065793572759 -0.0287555540646287 -0.0111435980864326 -0.0144980058294321
-0.0407263795955856 0.0149531411844136 -0.0447393563405644 0.00773109732290816
-0.0272322308950873 0.0224182091195002 0.00652918757144083 0.0149244040523838
-0.0219219731250576 0.0387679058832843 0.0530613215393487 -0.0445761778056038
-0.0225342854513779 0.0432499762050547 0.0858888983732667 -0.119103303162107
-0.0286469710081254 0.0403525019677722 0.110319458557225 -0.167900409007832
-0.0371659814877965 0.0203234414165932 0.160040695011792 -0.148943055427266
-0.0282554361068181 0.00284800109111508 0.198105565597835 -0.0916926558649491
-0.0290042886100016 -0.0129370285485117 0.221521962228761 0.010786097298527
-0.000314783898122973 -0.01246837800532 0.188116710266022 0.121608531189972
0.0126799936133107 0.0133256857490957 0.114300388592274 0.228485331239026
0.0083245582265413 0.0235794760245862 0.0728459117223602 0.334930184922797
0.141998400737697 0.115843748824623 0.129172816351556 0.105839155866649
0.172439450712385 -0.00486838372224183 0.0694506561640725 0.0399299743558811
0.0658011055178659 -0.12938014797837 0.0332560947696924 1.50473078024171E-05
-0.0998442997158628 -0.104833124925059 -0.041639420804521 -0.0514807617898996
-0.109064081502947 0.000168856924146342 -0.0866547355472911 0.0237266935458805
-0.0830556780753123 0.0422571084916202 -0.014629368640388 0.0434761378651998
-0.0595816171520664 0.0826522614458986 0.0415174873915784 -0.0161842539980794
-0.0485033695722732 0.0912246370674374 0.0701517858878652 -0.0933536644407632
-0.0599815856168255 0.0797687047255161 0.085491419628501 -0.147949263142898
-0.0840093776150288 0.0293137167338191 0.137315334509156 -0.147464656053301
-0.0697554415615379 -0.0159012817827268 0.18948518180575 -0.108152324919205
-0.0561792032651596 -0.0598755717071417 0.229854955244469 -0.00294824627833049
0.0297582775744529 -0.0619724897266293 0.196362850934754 0.113250157346955
0.0890033888769341 0.0188431300502453 0.104412478108997 0.200894118416046
0.0899059571304354 0.0971709001958422 0.0727926065076134 0.289191164577687
0.181255602402375 0.166849920923793 0.100895170868752 0.0667326039146412
0.225723184421262 0.00233695590861024 0.096886604994063 0.0138353624205163
0.0957118919938433 -0.166192518294231 0.0393055536516209 -0.073435748749576
-0.116399383019946 -0.147761677527344 -0.0990327355586803 -0.0912346214113172
-0.146465622794022 -0.0199691072280719 -0.14324766943377 0.0452939802958101
-0.124658867064653 0.0437702136393077 -0.0486061850718268 0.0797125830303275
-0.0918826444391196 0.108753694101019 0.0178953878060566 0.0228570443392417
-0.0667825977162623 0.125329636375375 0.0457811557343699 -0.0515335373046779
-0.0786901838325418 0.112389724653642 0.0534643965578013 -0.115223399067056
-0.114777570956212 0.0463645822618381 0.111132157323997 -0.138359159769406
-0.105103725141916 -0.014885434815528 0.182429538983891 -0.117100744990886
-0.0987119712347918 -0.0912136203114447 0.233519613223254 -0.00123880005831612
0.0400177195304989 -0.121871282581673 0.182868672361164 0.114918199066314
0.161733140917356 0.00160233604069763 0.066772676654421 0.16004176811924
0.169577698112121 0.151898024778288 0.0514561673016168 0.216527983541126
0.189781361024639 0.192353135880071 0.0757691634261767 -0.0043347572007185
0.233908419756044 0.0182216959392723 0.103355153910827 -0.0551848764650779
0.109526713324431 -0.159077958001133 0.0029623645037143 -0.144259882861617
-0.100174903488418 -0.159016740853028 -0.16350936694044 -0.10633992582722
-0.151250803211403 -0.0443536714283377 -0.189604532214028 0.0673503398203615
-0.145532664163541 0.0302973188498443 -0.0860086013241982 0.110116694218251
-0.11172997618701 0.114920877932355 -0.0159081165219074 0.0641351517895428
-0.0761478523651279 0.140911530080365 0.014899369605414 0.000644182543181198
-0.084541462343898 0.133130891954315 0.024227099068066 -0.0725166192322338
-0.129897032465631 0.0673077440062596 0.089996820873618 -0.118618883020897
-0.136365027001876 -0.00117171366044051 0.177441505420597 -0.106328491570789
-0.147729444257518 -0.114275736408764 0.217718831611537 0.0228465582145574
0.0439782817624349 -0.184599861581096 0.135370776629996 0.115220685380655
0.224704960834179 -0.0219565173388361 0.0131545580308361 0.101008330603515
0.230016401364898 0.183250600029948 0.0125688904071848 0.127557155894454
0.177935422445783 0.188588452214618 0.0495619295230038 -0.098898769201542
0.211177713323025 0.0350220155111153 0.072081714880979 -0.139955579165499
0.112852016924648 -0.126750925372 -0.0571600242460249 -0.179534279329901
-0.0668374523975508 -0.150377659459479 -0.20692532067857 -0.0957193724575487
-0.132408192749188 -0.0641265512924928 -0.215929169320735 0.0767712622333637
-0.144450475222077 0.0106190749787545 -0.121629779321977 0.126759319111979
-0.113711558193576 0.102516736940658 -0.0541420530581654 0.102574852963223
-0.0741441863251034 0.135799056631712 -0.0161262536201417 0.054906679644903
-0.0813482376638219 0.137856053525034 0.000411601227927874 -0.0260134170777618
-0.1332516763897 0.0817267422806846 0.0727422750452679 -0.0832460892145228
-0.15914679922008 0.0080079266843285 0.161080977648526 -0.069173814728955
-0.175160043040551 -0.140934418353522 0.166976042164797 0.0575344407249477
0.0620306844287107 -0.226993000595379 0.0643290123886791 0.0895938810451843
0.264806432766857 -0.0297091485583321 -0.0262270504074943 0.0283664142575456
0.253245355897431 0.189194068296163 -0.0337710926983476 0.0400860760898879
0.149641320232409 0.154307397770722 0.018460966874661 -0.196422184826357
0.168276991838177 0.0393866016266856 0.0107344989831229 -0.20661082955706
0.101914581026804 -0.0891193332260913 -0.110166394258511 -0.179468793457335
-0.0353032155205737 -0.124523468060127 -0.221620644819106 -0.0764007060216975
-0.0989193089863957 -0.0685358646200782 -0.223696083775614 0.0744849574675995
-0.119719543406274 -0.00484645183427972 -0.150428628078596 0.132918358317842
-0.0969699733323626 0.0776348094419087 -0.0901683185486988 0.13467191524661
-0.0616531854444059 0.11156998597297 -0.0429906177280917 0.101131008976412
-0.0699747467845332 0.121367578294098 -0.0178655403616826 0.0194818646522775
-0.124046569011483 0.0774719645059628 0.0520810381852995 -0.0388686633225694
-0.15744826712436 -0.00137359626158928 0.122069915912714 -0.0213171887025425
-0.154140399666223 -0.159446372494569 0.0907035827776373 0.068575621800087
0.0901651927412555 -0.215057382967088 0.00760413970374682 0.0311919513257364
0.258231024019854 -0.0102995515250386 -0.0305376511305402 -0.0337624445438542
0.226647116194546 0.16718916566336 -0.0777183176256141 -0.0334456900730653
0.107642803609726 0.097359717203311 -0.0172491065402334 -0.275953972362596
0.112086903550599 0.0293802047076292 -0.0527570750469054 -0.24052205839985
0.0727099470591007 -0.0550791659901248 -0.146028238408428 -0.162177113863417
-0.0141359237026901 -0.0818220502115009 -0.221343078449244 -0.0579341954458721
-0.0559196175309886 -0.0536445358312638 -0.22210088065313 0.0688564543202248
-0.0762638030498992 -0.0131020180084504 -0.170200792392522 0.135226578264658
-0.0651690639251865 0.0444121489097171 -0.115303567266625 0.156527254363897
-0.0408907400149034 0.0703214457222998 -0.0630985925968059 0.132264459516516
-0.0509940500925192 0.0818774645836761 -0.03186479810933 0.0551194907035797
-0.0957547126052681 0.0507635854102244 0.0259951984216851 -7.13863795544105E-05
-0.11711999884912 -0.0185564588533096 0.0700504632683044 0.00905591498291547
-0.0868939811274904 -0.136429086456446 0.027114929570301 0.0493076304788828
0.0962040899671739 -0.141715338411551 -0.00908912412049215 -0.0291037930547307
0.187890088300762 0.0176982415773494 -0.011229850023208 -0.0611147053444533
0.150797324373218 0.112076532433488 -0.110512097154521 -0.0838676155114168
-0.0302903370814717 -0.0347655904381793 0.146737560438654 0.0969112750394548
-0.0574967929162578 -0.00288755510306548 0.0347608863214932 0.0296612558776091
-0.0445484004369294 0.0400248091010223 -0.00413590340611458 0.0516868021101304
0.00748962499792607 0.0582057748274739 -0.00449510095934934 -0.00654779125000069
0.0409073724483413 0.0195321552840018 -0.0356783726751951 -0.00304091456443992
0.0306773334205672 -0.0106158539800446 0.00885268779698973 0.00605086028879702
0.0155904980732989 -0.0153098230187993 0.0546487098590973 -0.0527836299904141
0.00676590641471059 -0.0103619684395925 0.0890086901536207 -0.125115846320055
0.0119106139403066 -0.00112835553502404 0.120904686851795 -0.16644536098849
0.0196770492222839 0.0176237498027847 0.169133214250083 -0.140872382149585
0.0165618065670337 0.0336499506763045 0.200845846842279 -0.0737964974983547
-0.0137067920810827 0.0446123132928687 0.211071466291919 0.0326753030073845
-0.0467588726543563 0.0250477029737514 0.162308133964497 0.139694041729413
-0.0598784339452079 -0.0145516840764039 0.0890587089488232 0.24098563373952
-0.0597258971233786 -0.0595019116843804 0.0443836238056362 0.334754402708731
0.063388526118902 0.0462172709744029 0.14632978033061 0.117632189484175
0.0688008754905267 -0.00411073044247111 0.0501596901455296 0.0367453574380065
0.0148268874944218 -0.0522520257765883 0.0103067405339997 0.0406803759037931
-0.0533933626518335 -0.0288727171471639 -0.0104595163319074 -0.0158253114978655
-0.0400208800545909 0.0137929830883491 -0.0437156239305131 0.00751977601607252
-0.0276274867935735 0.0214198354773817 0.00790795521197758 0.0149928919291317
-0.0211301790777841 0.0377544336453292 0.0552728965343764 -0.0434367156117321
-0.0222912859572491 0.0423986534155978 0.0870252007181994 -0.117393440977745
-0.0283687306752704 0.0405343886391156 0.111549349126185 -0.163264336353215
-0.0380765770631893 0.0206298104511972 0.161179621105181 -0.143587491210633
-0.028414348796965 0.00134716889504422 0.197524434389506 -0.0838776234901982
-0.0278234045905009 -0.0139143508462514 0.217157530858502 0.0175134204726329
0.000560903719499904 -0.0123754853403487 0.178730715639904 0.125870185495509
0.0129884126760815 0.0129696500589579 0.104702410835021 0.225851606637588
0.00753526724395559 0.0242683967011306 0.0624265560281917 0.325085129672573
0.134330204669825 0.116362492625176 0.124917613720256 0.108999047377026
0.168372766838349 -0.000460188358778895 0.0725507276202947 0.0415267246246394
0.0673103974561425 -0.124271287143069 0.0376704352161064 -0.0010796425144801
-0.0948429284945604 -0.103888192186887 -0.0389070490624177 -0.0522889961006851
-0.107126300481988 -0.00274292898166014 -0.0841979398836218 0.0225209949395486
-0.0835085970484002 0.039435934859343 -0.0132971466418444 0.0427848389608576
-0.059860884121127 0.0807402101602109 0.0434966212634297 -0.0158302210658019
-0.0486544324788222 0.0893231212449238 0.0721292210737306 -0.0915458702589254
-0.0603195118366242 0.078981078264679 0.0872078997556189 -0.144502441569625
-0.0852886684546677 0.028796118778133 0.139125993337448 -0.14147812373938
-0.0694203311621219 -0.0185587930949487 0.189046379063237 -0.100224902236212
-0.0540610077704419 -0.060902477863281 0.225742088912877 0.00382918539755464
0.03170901478706 -0.0605462255755133 0.186915688499338 0.117278564936088
0.0882779408146847 0.0206958775712527 0.0957548495947014 0.197868095507191
0.0846571286571134 0.0979192135595782 0.06354369776513 0.281915565348749
0.171804080586608 0.167103150483112 0.0983309398819649 0.0698869720361591
0.220821121926814 0.00754201460917696 0.0998633968519919 0.0173434545067043
0.0978361918604647 -0.159869616948027 0.0456764239278668 -0.0722486631549922
-0.109573067600259 -0.146992444193384 -0.0935266826340793 -0.092191412123374
-0.144403182623487 -0.0237726740438747 -0.13912758605866 0.0421514485981083
-0.125550829616367 0.0407478210343288 -0.0476796493340234 0.0767457502724306
-0.0924372369433126 0.10617752333756 0.0191140773161668 0.0217792649533455
-0.0682279738851912 0.122518449928927 0.0473798585464428 -0.0497763763244535
-0.0794504991358732 0.110622370627119 0.0553617493158349 -0.111406281180086
-0.116242655485737 0.0444737061465069 0.113202305164307 -0.133880712762606
-0.105123842263796 -0.0192415040437189 0.182198688055597 -0.109916110616458
-0.0949940482138442 -0.0922318207037674 0.229634053590985 0.00513273152892896
0.043834316789169 -0.11856607348799 0.173606472641213 0.118404360706541
0.16020820045514 0.00681045298966822 0.0589732710110933 0.157529867392733
0.160643699087772 0.153761381727205 0.0439302656560972 0.21034288557334
0.179086659173986 0.192255157900514 0.0753581726266267 0.000369716558069059
0.228974116431385 0.0234991809213918 0.108062496244491 -0.0489592034008458
0.111751881551971 -0.15268808109999 0.0116911262075604 -0.142608143944469
-0.0933017000556226 -0.159234688277981 -0.156574643816506 -0.108763460099746
-0.149061421306643 -0.0480139429275377 -0.18445898852683 0.0613086829025227
-0.146614311333946 0.0266996375732007 -0.0857185703333758 0.105807860859863
-0.11262656548931 0.111856045578551 -0.0151697837451161 0.0624656501356664
-0.0776879064699087 0.137548141527773 0.016287047153928 0.00112074225846612
-0.0863896565075492 0.130271104464155 0.0252160460872224 -0.0692241047105222
-0.131618192246908 0.0645465150591561 0.0908688521848071 -0.114936671182118
-0.134958589180353 -0.0059976100046118 0.175843798721782 -0.100036087358097
-0.141521370824466 -0.116381792250164 0.213356153668208 0.0287607018097184
0.0482277360451518 -0.179348066316935 0.127482759802608 0.116813884697453
0.221239483890895 -0.0155559782832309 0.00786242031950211 0.0994173353634757
0.219464396484829 0.185380420256836 0.00797450821373578 0.123874325979546
0.167502456149005 0.188676119993762 0.0527138712494882 -0.0916087821679439
0.207207366195102 0.0404875787470148 0.0780620455436638 -0.132864943151576
0.114688026528839 -0.121203118963098 -0.0465233611299882 -0.177160049447668
-0.0605686242584283 -0.150025990612351 -0.198511387453901 -0.0992008505425278
-0.13063141149628 -0.0676127271907762 -0.209833137080892 0.0712805189811931
-0.145123307502929 0.00798700529491279 -0.121341101302178 0.121740213152509
-0.115051034811615 0.0997563437822372 -0.0543764133331836 0.10022949358278
-0.0754346511386204 0.132203914114939 -0.0156522018771317 0.0541285247445043
-0.0823217508483486 0.134624767813161 0.000516504434906256 -0.0237020879207505
-0.135051795618284 0.0781029540483142 0.0724079591704114 -0.0807379684462111
-0.156860499637327 0.00231622878412405 0.158842822503585 -0.0645090200376276
-0.168228430761511 -0.142146608539789 0.163676022160678 0.0609148577707152
0.0651919065933312 -0.219612038214772 0.0586345385024053 0.0906798894633528
0.260201423757547 -0.0227608704151819 -0.0300816214377612 0.0277839113551136
0.241499534524727 0.190627070090733 -0.0349850101038583 0.0373307418868654
0.140334154776654 0.154746220423572 0.024435744145074 -0.18812592333445
0.165718366827209 0.0434048180794866 0.0194654865886155 -0.198879263702373
0.103043266245778 -0.0859576720713714 -0.0999692774125666 -0.178172062406335
-0.0314401558438958 -0.124295236182702 -0.213564216787252 -0.0814831139663153
-0.0978731386146716 -0.0709744735056551 -0.218557017842722 0.0685510546982294
-0.120280727475084 -0.00658838855107674 -0.151710346188452 0.127422566229206
-0.0977289188216213 0.0756726916603967 -0.0907511411883168 0.131537233291125
-0.0629349218509759 0.107827824473191 -0.0428066937063877 0.0997334797414477
-0.0707439564150842 0.117687729200349 -0.0184664284443924 0.0201202001654843
-0.124861781157186 0.0740899341574873 0.0510155536058374 -0.0374338947964256
-0.154041875683046 -0.00641444927529699 0.119419229844962 -0.0199087333907631
-0.147463904693385 -0.158799217352083 0.0901833830272763 0.071060819234265
0.0919270836650922 -0.208414810571927 0.00383346648342165 0.032946135274937
0.253370273570929 -0.00501935915801928 -0.0335827124334965 -0.0330456100441807
0.216054054122836 0.167860134530912 -0.0769545664195915 -0.0357048192655549
0.101209150367473 0.097497362687156 -0.00920726461143349 -0.266685300932355
0.110672226374612 0.0315512367422328 -0.0425260569129037 -0.23403879036178
0.073992661334964 -0.0524661931630481 -0.135293442899136 -0.162671186628232
-0.0113450660948681 -0.0817918601220803 -0.213789726821741 -0.0630766003165288
-0.0552039503284894 -0.055007483370313 -0.219007768704887 0.0623977732809082
-0.0765696762956365 -0.0142043098265946 -0.171685462166583 0.129806930201878
-0.0657307683038409 0.0430607081261054 -0.116830695269751 0.153572079993898
-0.0412523036878401 0.068509045368013 -0.0634344582575767 0.130797896503644
-0.0508978163077637 0.0803022622314892 -0.0336231786781772 0.0546925469214417
-0.095399805946134 0.0481349848843483 0.0244591963348916 -2.1336283058877E-05
-0.114279544836594 -0.0218111781661253 0.0679902311694506 0.00925682694829035
-0.082868426368614 -0.135511757328255 0.0280858420616511 0.0505185407055053
0.0962871845934171 -0.136459607122727 -0.011921919140188 -0.0260323067858546
0.184198126414575 0.0203667863031943 -0.0147637592893049 -0.059409852572328
0.143928654708515 0.11114266775985 -0.107892882100549 -0.0848062776421373
-0.0306619584275445 -0.0354129362083167 0.147129085551543 0.10342226957024
-0.0580512239369238 -0.00430019873758207 0.0403078884010654 0.0313517511433279
-0.0452029284275674 0.0393026994329447 -0.000956432312910496 0.049501122500969
0.00724288745313862 0.0591386639008278 -0.00497870461764257 -0.00861122778025608
0.0411215094090951 0.0204213435977729 -0.0363192970149026 -0.0025842802410645
0.0317442462698615 -0.0104221119612543 0.0103047216308181 0.00692164897796635
0.017226756489547 -0.0152310141123232 0.0579085949816745 -0.0537212087956842
0.00788505105655343 -0.00960503335363635 0.0927145494540295 -0.127169089780833
0.0125755656286628 -0.000566045389685787 0.125327365993576 -0.167380554175831
0.0197743529158546 0.0184797049001282 0.175589181146019 -0.139908906030886
0.0160770001442266 0.0338386713468832 0.205330787660935 -0.0686424876784589
-0.0144821526915137 0.0454975251179598 0.212601305434898 0.0385521073319146
-0.047498889761991 0.0247884856988 0.15860878588083 0.14708578767783
-0.0603505301083624 -0.017184630232436 0.0820164183723282 0.243661000166804
-0.0585681236342359 -0.061123862000291 0.0349560137607555 0.334881538743534
0.0613160874959911 0.0478665937450737 0.146257256261236 0.123975708589653
0.0694700745198929 -0.00237905539763993 0.0563567934246765 0.0385943471628221
0.015920092063825 -0.0515031060337453 0.014755022173302 0.0386610444272609
-0.0523646660633594 -0.0296839157557403 -0.0101622691409561 -0.0178594641045361
-0.0408715232584226 0.0120779169597262 -0.0436325235934771 0.00771252843642297
-0.0285938469474818 0.0210686833002697 0.0100129101128296 0.0156821845510594
-0.0219279051998926 0.0377460303545305 0.059297464310168 -0.0438827379640072
-0.022387989289202 0.0436033130907055 0.0914905563885463 -0.119479534886402
-0.0292046616184053 0.0415601554795735 0.116615468252877 -0.163391859969981
-0.0397782226189565 0.0209381203409078 0.166976059394883 -0.142277373446053
-0.0296141993048584 -0.000550659094398195 0.201961713198807 -0.079146084409243
-0.0283949805363272 -0.0144337532919353 0.21906801693337 0.0237014770632497
0.00149456099245081 -0.0123028733223841 0.174459608329058 0.132175610749822
0.013777891608365 0.0134299760468821 0.0983906392580914 0.228762164923916
0.00611665188620781 0.0256208411804806 0.0539681063807695 0.325785586987358
0.130764543139361 0.120009726202845 0.124730657063064 0.115154258291125
0.169993016340633 0.00329378613077821 0.077582863601623 0.0451180537354808
0.0700440061115372 -0.122580538855095 0.043189974441514 -0.00230392615713945
-0.092749694937184 -0.106049357938626 -0.0379190021959058 -0.0549844064962848
-0.108689928228985 -0.00587715317935059 -0.0837903096401186 0.0217521924211278
-0.0866687607323348 0.0392382176036119 -0.0124797352907764 0.0428571513394059
-0.0619293142289516 0.0814297342906724 0.0464827093252831 -0.0160343858748913
-0.0507147229670789 0.090414007794877 0.0758181994683303 -0.0928012239169481
-0.0626625963709625 0.0809755863261018 0.0916409395907469 -0.144402762782058
-0.0887980963165989 0.0288908139491745 0.144724571333855 -0.140651686586408
-0.0717677694054503 -0.021839964703061 0.193362479459857 -0.0959855701331568
-0.0541233517937703 -0.0636548947956906 0.227937288932369 0.0105144480160504
0.0346637722860692 -0.0603221706583178 0.183177798635364 0.124370938422747
0.08981483977206 0.0236909986789019 0.0900849302595034 0.201233167487161
0.0821428064080869 0.102111036752403 0.0565923111510271 0.282798134552607
0.166678269385348 0.171051804953458 0.0986891194886296 0.0755982140076534
0.222438549421949 0.0126588668944485 0.105098097606993 0.0214363322386364
0.102101460977803 -0.157763259962996 0.052698773358742 -0.073827663203515
-0.106151441413698 -0.150929623721258 -0.0915624253243253 -0.0965776523744515
-0.146025108096488 -0.0282298072089924 -0.138443902932338 0.0390648431991795
-0.129397535337072 0.0388954970773567 -0.0481086573756742 0.0767777533076312
-0.095885899663119 0.106702391952362 0.0212952534026226 0.0218042837896341
-0.0704731892278911 0.123649785578337 0.0499267405918363 -0.0512281520290396
-0.0824211055241601 0.112116600900241 0.0587889055523224 -0.111051829853961
-0.121604010511834 0.0444096202672572 0.117869216871473 -0.133223300623624
-0.107554878051909 -0.0233349484337673 0.185818534914037 -0.106415415979656
-0.094120103709301 -0.0967645807545922 0.231945204420972 0.0113734101605315
0.04790082932293 -0.118278887414254 0.17048400003095 0.124385167415048
0.162108290142696 0.0115999902576174 0.0542718343838395 0.159771191985102
0.156997002915182 0.159641272377057 0.0385999965615042 0.210561135147597
0.173766614660152 0.19683777813277 0.0769707660828769 0.0050644513134844
0.231259007701216 0.0298564358540968 0.114989172870048 -0.0448998134938783
0.11679140412909 -0.150167976402255 0.0197630497156454 -0.14428524163985
-0.0896454833305097 -0.16305060021389 -0.153619280666667 -0.113695894334334
-0.150986890852508 -0.0532461341084272 -0.184029628810363 0.0576164578777817
-0.151756462932382 0.0254683029725239 -0.0870734234962388 0.105194714453136
-0.116949137931487 0.111881083262013 -0.0149647989491251 0.0625101606868331
-0.081270536129661 0.137979270588769 0.018400977733666 0.00125819128604
-0.0899565635386224 0.131594954391924 0.0273867793864865 -0.0682953193087399
-0.137579462959656 0.0638476759638647 0.0944151911634552 -0.114089990765524
-0.138493566635474 -0.0117174384093991 0.179081094336174 -0.0966834686244155
-0.141077291348699 -0.121454494023741 0.215897888374271 0.0354328953492719
0.0538010043817347 -0.179127796827234 0.123622292993399 0.121752746918307
0.224585223743341 -0.00959865177064702 0.00354887789630804 0.100381392907293
0.215114016925025 0.191886417551648 0.00415672838798747 0.122864374888982
0.161198452742648 0.193011728852423 0.0563051336596628 -0.0889409146071612
0.209609420219729 0.0460795146000049 0.0858821958595499 -0.129439187247907
0.119348952218398 -0.119369995146376 -0.0382308366280883 -0.181015275527131
-0.0572103148992485 -0.154281185182385 -0.196760991780831 -0.105648627002645
-0.132505437436383 -0.0724614147235072 -0.210668711861391 0.0668397468893278
-0.149985134455498 0.00613210511441383 -0.125042943074914 0.120620391218251
-0.11888978307707 0.0998146680912239 -0.0561994653029615 0.100431223145984
-0.0790932558695164 0.132940226345264 -0.0149895453398079 0.055309497903194
-0.0861750807531463 0.135470339612652 0.00129429280272652 -0.022340125044114
-0.139779328409378 0.0778434777721384 0.0745907263098774 -0.0805879336547866
-0.159275647558257 -0.00333941535926505 0.160578253169285 -0.0620759942149056
-0.166894661918926 -0.147599421374145 0.165202894564543 0.0657030118832923
0.0710065965433195 -0.220098810571108 0.054610949034464 0.0945626692318918
0.263215478008528 -0.0171700907575723 -0.0340597087664694 0.0274498115320366
0.237467066897013 0.197686461256722 -0.0376435795133999 0.0352736665632873
0.136232496266947 0.159116715860284 0.0298596845425671 -0.186793190630457
0.167922390876329 0.0481042252967092 0.0284231403694671 -0.197679368695798
0.106758063585499 -0.0836432046444425 -0.0917186940932292 -0.18245080036752
-0.0286711081812138 -0.128028318284086 -0.21210276318789 -0.0874920007001506
-0.0999256426959352 -0.0752874428426051 -0.220225628153538 0.0637383141921894
-0.124423590762395 -0.00763113993890891 -0.156404177634882 0.126834733356107
-0.101532748708546 0.075773846898815 -0.094366456332542 0.132619188440705
-0.0655761853860306 0.108184918964256 -0.0440800185345132 0.100917850105049
-0.0736215678206073 0.118098406774217 -0.0197904429350035 0.0221843816836714
-0.129293924760525 0.0728846850148231 0.0507632578585601 -0.0374894750141405
-0.155978710654583 -0.0110559887919151 0.120256245482049 -0.0188155410921848
-0.146068369404597 -0.162824463766999 0.0916880541133153 0.0743176131607384
0.0965748125053221 -0.207422138852077 0.000679212770308072 0.0357171103919915
0.255373963247681 -0.000531019143279207 -0.0374366291546176 -0.0334033470048929
0.212352080771245 0.173187354804878 -0.0777916539830701 -0.0385698344391438
0.0980728980870891 0.1007003994427 -0.00157917119572041 -0.266876977771209
0.112006508446 0.0341781752574528 -0.0331408868677394 -0.234303639325608
0.0762425073644376 -0.0515314696378449 -0.129217919671858 -0.167810641452255
-0.00992293838973586 -0.0833037420925744 -0.213318425215112 -0.0704597021024999
-0.0564090457314412 -0.0578666566488996 -0.220944564359954 0.0579660072755221
-0.0791506202148299 -0.0145758887329414 -0.177476522527531 0.128641227388362
-0.0678291732123815 0.0431191028796108 -0.121382600103006 0.154728453298054
-0.0432409243357053 0.067798356867156 -0.0655368258356699 0.132190421172159
-0.0528674927457024 0.0797229358163486 -0.0358180980149703 0.0565558863134202
-0.0979272547137281 0.0476339665026441 0.0228614658894188 -0.000349883328405791
-0.114858787013117 -0.0253769927190955 0.0680476882423022 0.00929961006361977
-0.0812973154270127 -0.137346119000758 0.0299046737770496 0.0528317233829018
0.0992119540041879 -0.135695382139474 -0.0139635683475336 -0.0236039829990626
0.185730819349366 0.0226538870021644 -0.0189402146961533 -0.0600330213388284
0.141366078593378 0.114640582502131 -0.108856334958002 -0.0892999649580025
-0.0328626907282293 -0.0353714412131038 0.152402741053053 0.109045298867994
-0.0605093362462564 -0.00403032354194042 0.0476430044810338 0.0324996089298579
-0.0454826090870863 0.0403332887952656 0.00366407812692154 0.0480464499992955
0.00889735495325808 0.0608940025217438 -0.00509558095284649 -0.0103356392452329
0.0424385437450183 0.0211206891022844 -0.0380846801391309 -0.000298848217453487
0.033257647568917 -0.0110564988143866 0.0131322486618491 0.00734001512450424
0.0186377237047427 -0.0162941191116679 0.0616507874444062 -0.0564310932602922
0.00877625921845835 -0.009488498721166 0.0947769650134407 -0.133665147093425
0.0136186649929941 0.000316346581311811 0.12853391102865 -0.174257420024122
0.0210888870558409 0.0200473426243559 0.180856669108542 -0.14475886860114
0.0165757329097174 0.0346709245884421 0.213003389628059 -0.0690355215180686
-0.0150002405137707 0.0474914060127607 0.218563287312934 0.0405922976711632
-0.0489464024020845 0.0257234833317937 0.161115079568918 0.15392317011365
-0.0624222646302881 -0.0189995587290849 0.0829096813020025 0.249312916531801
-0.0599311718723389 -0.062587902485759 0.0346376831679084 0.341378321100585
0.0607077988560908 0.0497834954693971 0.151230919810636 0.1303399708397
0.0706087481700349 -0.0026211106163231 0.0641628010739164 0.0392704789545598
0.0165744973004699 -0.0526870942502292 0.0206448085151507 0.0368611530011007
-0.0524673592315222 -0.0305852571976168 -0.0102026792226051 -0.0196606195394687
-0.0417945070025758 0.0124768423878141 -0.0446987382607956 0.0093422557149936
-0.0293381289557233 0.0218831735503399 0.0120840000374557 0.0165475726833016
-0.0213009289413235 0.0397559161196264 0.0631279561603513 -0.0469366610857301
-0.0222372995815479 0.0461188122232236 0.0939627028124789 -0.125997298098744
-0.0296245365043365 0.0447771070237664 0.119676661185864 -0.170226249112071
-0.0412523519646216 0.0230600413138753 0.173007075032258 -0.147593272288634
-0.0319160980660393 -0.000921512242427151 0.209324621179505 -0.080223220635069
-0.0293473291315641 -0.0149015561509378 0.226167577250145 0.0254749565449733
0.00245557476568382 -0.0131458417810294 0.177788732779666 0.139320879820091
0.0145176879330777 0.0137718398321341 0.0992560576636976 0.234985757965784
0.00580701703502556 0.0273311625523682 0.0540381730207978 0.332602047606934
0.131691624952348 0.123437024622963 0.129372778917883 0.120168627288091
0.174182206803114 0.00404662319123559 0.0858069863911535 0.0467058607537192
0.072002659151416 -0.125156465002539 0.0500132851013122 -0.00497010309396255
-0.0943493013121303 -0.108590993146993 -0.0385216826086123 -0.0583000394052865
-0.112206606111635 -0.00652555271040313 -0.0846113697582759 0.0220778278941723
-0.0901899325348771 0.0406923603216274 -0.0105340626023177 0.0444034242401644
-0.0635495274259803 0.0845703305465763 0.0503102918897815 -0.0181198923436946
-0.0513208670994983 0.0939126178371887 0.078614482752887 -0.0986293824293905
-0.0644886728390423 0.0853162726069788 0.0947204906872926 -0.149509162339559
-0.0937466170835494 0.0320851350856063 0.149943996915403 -0.146577724473161
-0.076043587157142 -0.0236192214480898 0.200333626571583 -0.0980355319903563
-0.0565915742988991 -0.0662128828037053 0.235588131650048 0.0115636722203472
0.037088746299314 -0.0619887828310411 0.1866693692989 0.129586206567668
0.0942592075387616 0.0249955050053206 0.0901151733742468 0.205982934851819
0.0832099495843835 0.106178610160335 0.0568365356524382 0.287688006127521
0.168069005557503 0.176307365257023 0.102604959658907 0.0809012810616073
0.228737464004257 0.0140659057869255 0.114017223659683 0.0228914699573098
0.104726562118323 -0.160875311252647 0.0594873748513014 -0.0787281780148847
-0.107923796971153 -0.155330889820223 -0.0930824453722842 -0.100116677045695
-0.151561022892749 -0.0300808177285542 -0.14017440966296 0.0402858559373836
-0.135605566772603 0.0416108154212719 -0.0479476472507181 0.0799244344745622
-0.098768352678594 0.111413453403933 0.0242310862419189 0.0218174584765283
-0.0724813604048269 0.128605158848198 0.0525096931617417 -0.0544626953820413
-0.0851879486823134 0.117834978852489 0.0608533297638563 -0.114490001761091
-0.127646619135009 0.0480569046857106 0.12188380883903 -0.138352051347659
-0.113512040736476 -0.0256411224351852 0.192631290599926 -0.108741087228876
-0.0978818991475601 -0.100427485887286 0.240384643733068 0.01290032577356
0.0514230263188367 -0.121597112100424 0.17299197397227 0.129513683096658
0.168596780574565 0.0124407161020106 0.0533650271367024 0.163678931822657
0.160118304302354 0.165561701294535 0.0380651505073108 0.213970045484485
0.175529062807586 0.202937770651748 0.0810046539913097 0.00785817985439888
0.238116250192151 0.0317371199175235 0.123337050502579 -0.0447283104895602
0.120751556176568 -0.153609486691382 0.02561931911816 -0.151086744853427
-0.0917627872133326 -0.169466543299695 -0.157119541946685 -0.118707256537592
-0.157429375448123 -0.0553429451385636 -0.186621166520913 0.0588696620015737
-0.159436474769324 0.0277349243135644 -0.0890462808118151 0.108575300865382
-0.121232409097354 0.117523415601795 -0.0137631787216855 0.0641421603758143
-0.0830895950116297 0.143414228785221 0.0201232852973608 0.000556552517101962
-0.0925051281568251 0.137646543586318 0.0287006017799782 -0.070087010441515
-0.143978766123968 0.0676174101244714 0.0974020808635577 -0.118101348233858
-0.145246888308404 -0.0136267830578807 0.183831100875987 -0.0996282980615692
-0.145693742733593 -0.126226070897562 0.223537967682625 0.0365010048548783
0.0570966365348303 -0.183726421448408 0.125526669057342 0.127586192709585
0.231871367284569 -0.00924735043026867 0.00109432482513871 0.102580316696383
0.219614066145478 0.198641569911576 0.00315080054492888 0.124427795212968
0.163095925708392 0.199647276931854 0.060447184933814 -0.0880279101144589
0.216505159325257 0.0483771090198938 0.0937295419693586 -0.131063799090587
0.1242654844208 -0.121846162336563 -0.0342976465604592 -0.18797685788186
-0.0586902783874424 -0.160038887983989 -0.200673517376607 -0.110427565459729
-0.1392716495514 -0.0754902864296087 -0.213712267209802 0.0678818112667942
-0.158004903381784 0.00823779637924212 -0.128538344151732 0.124928237827621
-0.123621693511972 0.104913906261877 -0.0567884823363768 0.104433371090033
-0.0812976529887669 0.13819101264979 -0.0137199087272296 0.0566988298284387
-0.0885993914001121 0.140999155633098 0.00133801099489399 -0.0217584753638722
-0.146117786009136 0.081314224656505 0.0762861348102095 -0.0832121627930991
-0.165567200979261 -0.00533758134900511 0.165144294135551 -0.0647824401519658
-0.171359864376858 -0.150950976942894 0.172135322963017 0.06805948132424
0.0730162007044615 -0.225163274462117 0.0546658133271881 0.0987822741621131
0.271089061234043 -0.0174405986603336 -0.0382822573114746 0.0286883059872692
0.242484501873521 0.203556068332355 -0.0401000686686922 0.0352260026397566
0.137496828089633 0.164433105180314 0.0326660570444493 -0.189937944391505
0.174072666738604 0.050312735999044 0.0337255252439823 -0.201197553748556
0.111504647306355 -0.086404113240406 -0.0898281434757474 -0.18947271787783
-0.0295564467373446 -0.133078063440828 -0.216461480958235 -0.0915742087312931
-0.105821536338698 -0.0784226797450627 -0.224792098984142 0.0645898851273443
-0.131118250447647 -0.00639064875642254 -0.161452567919129 0.131782954991523
-0.105439541247391 0.0799812925668016 -0.0968121961352082 0.13810434071278
-0.0677674145303672 0.111948329666565 -0.0435451432752557 0.105163553079713
-0.0756397665415957 0.122262043259889 -0.0203038890825697 0.0240930051906381
-0.134223743287625 0.0764732046251274 0.0513362303398006 -0.0387666672050238
-0.161319306698359 -0.0133267843276816 0.123368782469273 -0.0204142907472137
-0.150784646452267 -0.166424423277318 0.0964927946913661 0.077023379338222
0.098895812705615 -0.212461508710476 -0.00111978851163063 0.0389357219923462
0.263840001830643 -0.00117896663846413 -0.0427329522518195 -0.0338606301066017
0.216480455110393 0.178406860925691 -0.0814121427093289 -0.040380441215852
0.0985140462265441 0.103441269307114 0.000155380122989177 -0.273654910753618
0.116470847127643 0.0349553371915254 -0.0306911395103273 -0.239384486326905
0.07869309227408 -0.0534368958568728 -0.128569874480359 -0.174225318926382
-0.010143315944624 -0.087126576724218 -0.218407041698539 -0.0736936965877009
-0.0601654231199302 -0.0602962547658483 -0.227274590757931 0.0591269225792715
-0.0832092449734377 -0.0140256171845214 -0.184282068151585 0.134794542178839
-0.0705707898077623 0.045743920348897 -0.124739829692799 0.16194080845655
-0.0448603587792651 0.0696029570047018 -0.0663293871529185 0.137962933055071
-0.0536196588436674 0.0823780129570932 -0.0382333214515713 0.0598469241862622
-0.101099547700953 0.049416742404386 0.0217211812058842 -0.000480215705545089
-0.118801202390906 -0.0265874705767604 0.0693319910801697 0.00799278653246507
-0.0852589845158223 -0.141138586005867 0.0326396020763615 0.0553700180088254
0.101228964129644 -0.139648553259528 -0.0175309070463183 -0.0216748390518259
0.190996728910438 0.0211752724482393 -0.0248114122568708 -0.0603531033711527
0.144030808103598 0.117223688546814 -0.113892130373077 -0.0925358846063989
-0.0362816022601612 -0.0334598620421636 0.160790355477671 0.110298899989557
-0.0626242538859207 -0.00106134424669859 0.0562213388127609 0.0309982484849834
-0.0447352787407884 0.0431773584389649 0.00964667922938732 0.0460090775312191
0.0124664526630071 0.0616620602571573 -0.00607593253831282 -0.0117146271972186
0.0444899836411669 0.0197206712309568 -0.0401587479879318 0.00215482525697547
0.0343514644134186 -0.0125825916162878 0.0162540050023661 0.00762724893576739
0.0192145322710482 -0.0172991809832591 0.0640639246424001 -0.0617929768676673
0.00991277888157128 -0.00961348836139109 0.0927520836914592 -0.14209338952502
0.0148551645790883 0.000819374622086136 0.12597845628425 -0.185502656734786
0.0234592347940643 0.0204054325935149 0.182618133361963 -0.155802136606596
0.017898226246457 0.0350376836082911 0.217771441005186 -0.0765239467476623
-0.0134673079676681 0.0496476802516031 0.225995046096352 0.0365336271939272
-0.0490913132891357 0.0287226930356891 0.167715123222323 0.155584845828034
-0.0647746597459922 -0.0189755506950422 0.0905734386739415 0.252850253206241
-0.0634342372736365 -0.0623093916983286 0.0430293859667161 0.346452967050339
0.0624664859030855 0.0508146577984677 0.16107580605857 0.131370911189061
0.0715572263701806 -0.004322365512139 0.0737506568077855 0.0379223251768229
0.0158873040306673 -0.0530850875037793 0.0264307708515358 0.0342141934134012
-0.0544395208198201 -0.0291471960689142 -0.0103121314921182 -0.0218292108130756
-0.0427636754657762 0.0144346282107993 -0.045862452095447 0.0120084679249873
-0.0294442822207468 0.0227851840181693 0.0152829686341769 0.0165836015265044
-0.0199219464991286 0.0414190179139415 0.0659202234209657 -0.0519581048679945
-0.0203113616215777 0.0489964002392584 0.0921114963209272 -0.134655174257821
-0.0287021970466206 0.0487415966166556 0.117918976205276 -0.180910369104572
-0.0421748498193313 0.0267000186873887 0.174035966506753 -0.158974090734422
-0.0344276987210858 -0.000638841436264382 0.215214607841382 -0.088012039056277
-0.0315320911689612 -0.0147021610043845 0.233404891838482 0.0204160570929278
0.00303232709895293 -0.0129663086492695 0.184942696425737 0.138874788611764
0.0160306065491795 0.0130879999324641 0.107345099428991 0.23651451521582
0.00727727987596383 0.0292219982141614 0.0632194523163963 0.336385817015907
0.137220566623515 0.124500227769525 0.137900135658291 0.122571812183903
0.178024554691694 -0.000475250428541511 0.0955983631392658 0.0441661003489697
0.0699851099876953 -0.129042997990582 0.0560751009929138 -0.0101234338861744
-0.0996236589874078 -0.108685070628838 -0.040680420211791 -0.0600836486224849
-0.115626227559867 -0.00292010910829656 -0.0847996880916774 0.0257647081348078
-0.0922907783995504 0.0460106141175896 -0.00732187433101002 0.0469367358568787
-0.0625848324914923 0.0900590325789727 0.0536388194208961 -0.0218856347777797
-0.0488819725271395 0.100006889412861 0.0777089956764981 -0.105820378488971
-0.0628477408577971 0.0915882534257242 0.0932223201563395 -0.157740408703325
-0.0972864677768564 0.0369683870259033 0.151191301946812 -0.156434714035762
-0.081439324380845 -0.0220171007811522 0.204897589637709 -0.106235208700568
-0.0608795248011491 -0.0671447908148246 0.243575960699746 0.00520338805897836
0.0386662017720974 -0.0650158349623468 0.194093188853933 0.129731528535681
0.0990857486713708 0.0234336055378756 0.0969973787240687 0.20835392454106
0.088316477949761 0.108465741136156 0.0652720321105556 0.29123122014892
0.175317024749022 0.176899171605743 0.109274975769938 0.0818124074793678
0.235801260560397 0.00910173858159658 0.123038172915524 0.0200731722335906
0.102909316681841 -0.166196810311237 0.0629498644620361 -0.0856349861601672
-0.115740029820574 -0.156494179790375 -0.097953299113728 -0.101404062111492
-0.157745993438747 -0.0262579464806106 -0.140253358418218 0.0458163907265405
-0.139676680371086 0.0485515041330529 -0.0447164370780977 0.0829495712770048
-0.0984053019494344 0.119031581519529 0.0271132450798561 0.0200391584741582
-0.0698217390861098 0.136084030327179 0.0534995044094518 -0.0590625215616188
-0.0833396012133266 0.125993734500898 0.0593196276200266 -0.119741427617145
-0.131847951704784 0.0555255571926308 0.121401439080423 -0.147395623493665
-0.121081149760356 -0.024709642924615 0.19501379728702 -0.117143646969227
-0.105097688221487 -0.101598752182709 0.248173496396009 0.00642061393097447
0.0511648253368524 -0.126678452515916 0.179833789759981 0.129531795839414
0.175387222689015 0.00902403720491353 0.0569642616050254 0.166165911756391
0.168186970323714 0.166388511465386 0.0439238951487587 0.216372548849061
0.183139466931237 0.204045277688261 0.0851495990791444 0.00775973295482952
0.246117837437498 0.0268129692204801 0.131103293445822 -0.0493555153941993
0.120500287118229 -0.159448379335633 0.0263621246395216 -0.15827238024506
-0.0985672989288854 -0.17230930753018 -0.163241610589066 -0.117787052254265
-0.166375986546835 -0.0531666494469059 -0.187718898440348 0.0659066714259382
-0.166082286977828 0.0349215380785088 -0.0868978654004487 0.115113533195769
-0.121359751453796 0.127418756807176 -0.0109921618844472 0.0652602373417863
-0.0804905754944079 0.152222867345947 0.0223047590259038 -0.00185823810924779
-0.0906144818426466 0.146628071298107 0.0275534336771325 -0.0730042672522388
-0.148615759504181 0.0767706038010821 0.0959701777643632 -0.125014095554657
-0.151976536068882 -0.0117558272160782 0.186622443029458 -0.108737352890369
-0.15381233146786 -0.124798111513416 0.232505987064794 0.0303085476665781
0.05431348469372 -0.190396906518457 0.131184244942204 0.127458862199195
0.23961624345711 -0.0149409693446227 0.00158800153143817 0.104663754525589
0.229754165922237 0.198233506094859 0.00612615336866255 0.125855774207853
0.169536731051536 0.200509601534084 0.0595929947995424 -0.0901098951374067
0.225259017475522 0.0446144759690416 0.0973510005734006 -0.136369617083408
0.125414219033085 -0.127783571206536 -0.0357140487642853 -0.194511048713731
-0.0651070689886837 -0.164759603710726 -0.207640017360899 -0.108304508820248
-0.148509945799499 -0.0735757717134829 -0.215261821094422 0.0753249573529775
-0.165317149714418 0.0153692327287588 -0.128157426297171 0.132957696038119
-0.125120640108174 0.114410893207901 -0.0540814501627938 0.108928969696996
-0.0791501338131397 0.14547235830477 -0.0104467621834292 0.0590351429322146
-0.0864422548419546 0.149811532319845 0.00108765003188232 -0.0215849552758213
-0.149784130244873 0.0903236056133592 0.0744849696583687 -0.0881017339245596
-0.172655921039364 -0.00225443132461449 0.167029976868514 -0.0724177217892474
-0.181336168605796 -0.150598548589333 0.180735835737184 0.0646448702402772
0.0690571845709688 -0.23230384763964 0.0579613877507434 0.100684337060666
0.279044987773202 -0.025416585202535 -0.0418504115931089 0.0308902054360775
0.253484508438041 0.202155146367132 -0.0414101451805716 0.0359835074846805
0.143420291586116 0.165427319685733 0.028583393457384 -0.193379059987028
0.18219491255557 0.0473511813103407 0.0332019774865178 -0.206809877429326
0.11324494003555 -0.0923620751385821 -0.0944512305307607 -0.194153634237546
-0.0346327470098463 -0.137764123098731 -0.224036671811106 -0.0892076068653168
-0.114303797758416 -0.0776919296620648 -0.22750375663708 0.0716352442391387
-0.137283384352918 -0.000706502386277967 -0.162004350187522 0.141409385787411
-0.106768725478414 0.0880219644266613 -0.0941311764253616 0.146707752001557
-0.0662105950955935 0.118255092967724 -0.039951381431874 0.11000770798975
-0.0741140309413232 0.129471457546595 -0.0203195409583827 0.0274581941565227
-0.136527395303157 0.0840087017389018 0.0498917121136128 -0.0417174860991523
-0.168011304138369 -0.00965608997087488 0.12540900478076 -0.0259684972544672
-0.161290725026819 -0.165570951056256 0.10407280452388 0.0764298754374136
0.0944501982879027 -0.220911256847798 -0.0020634898899478 0.0419558681114288
0.270898653887385 -0.0100054186826103 -0.0487842281605734 -0.0325631126278006
0.226530699702678 0.176049595220608 -0.0867956528302615 -0.0393057115349669
0.102604831093843 0.104072332836028 -0.00675383956879788 -0.278527225542218
0.121767683909925 0.0331456388206441 -0.0343946847202314 -0.243268320965585
0.0802682872544039 -0.0574891135364085 -0.133885872795656 -0.177469339163846
-0.0135574277726522 -0.0903442422527274 -0.225957152139513 -0.0704806875103284
-0.066030355283314 -0.0604811403327117 -0.230484660737921 0.066371570855557
-0.0881027323845316 -0.0104157319475785 -0.186271026603284 0.146441311188969
-0.0720301702825162 0.0505612005830243 -0.12234233423014 0.172552296225165
-0.0444089566236887 0.0737116721167654 -0.0622743863048965 0.145473087122512
-0.0527999200750354 0.086976172157248 -0.0377892953157092 0.0646422523392006
-0.102917660042774 0.0548753995280981 0.0204427349808489 -0.00156589200050923
-0.12418779289097 -0.023898912240082 0.0715801148024552 0.00467161594803681
-0.0927616435586937 -0.141539161929593 0.0381516530339932 0.0563243399834995
0.0986364351359358 -0.146295283681971 -0.020789369726248 -0.0187808397107827
0.197030860846124 0.0145019116231839 -0.0323246564544956 -0.0604895529423317
0.149780687711828 0.116309050137126 -0.1209527223192 -0.0915761445222394
-0.0187390624850125 -0.0483791566976519 0.0955426738226522 0.178167089644043
-0.0578641526951931 -0.0298913528661749 0.0443237377885314 0.056286412971842
-0.0594408962721252 0.0190252256649627 -0.00402826419011247 0.0449306593942415
-0.0162496279679819 0.0604835046226509 0.00354797487562595 -0.0147318344018167
0.0313995683157981 0.0389025786804097 -0.0370446711655905 -0.0162292495433034
0.0372260915477171 0.00367005365784076 0.0119345640942759 0.0142243291662693
0.0271830719126076 -0.0078359516091679 0.0867754159738703 -0.0274645846671381
0.0140058045046117 -0.00443006879095361 0.146172022708887 -0.0886301952902982
0.0127437202118702 0.00683350269218784 0.196189423594855 -0.112007263752716
0.012617779033748 0.0271761061252069 0.231760434978815 -0.0589911047815111
0.00146051581240048 0.0386110421434942 0.22999777528745 0.0305441525904099
-0.0310705345233015 0.0377422834618405 0.183489749600651 0.136218056271281
-0.055696231109199 0.00567306207638552 0.0762363814331581 0.218617519792864
-0.0488446661754326 -0.0435179938502687 -0.0375117992897374 0.267710614471156
-0.0286439984192017 -0.0838971800018827 -0.129101778534288 0.327664232653333
0.031826027595761 0.0729117394701332 0.0887454553659647 0.195281266038681
0.0660526654987003 0.0277032229343629 0.0529538583133558 0.0673000327479483
0.0390019305911721 -0.0408673892687412 0.0125452906564161 0.04134869828066
-0.0348823705410971 -0.0495175068395452 0.000519864217535984 -0.0240708255174686
-0.0441536173214279 -0.00718874684439399 -0.0469133393440314 -0.00643507832681673
-0.0372307476547778 0.00731185749768948 0.00847858248913848 0.0243796596484288
-0.0363095794728532 0.0286483892981456 0.0851642371946911 -0.017064444628542
-0.0404044058659812 0.0350515022188162 0.142167834827418 -0.0812975451161586
-0.0479286653014112 0.0317397702392898 0.185371042733756 -0.112047641693807
-0.0514929009886388 0.00474724390273791 0.226309831320773 -0.0656186412049276
-0.0311894222856555 -0.018025203557589 0.232196802806912 0.0166356230568195
-0.0178603217459533 -0.0283570941897345 0.199176337860539 0.123374720568529
0.012552642554734 -0.00801027898008896 0.100085088193649 0.212506310056779
0.0111142479815572 0.0227327396711595 -0.0163158395938716 0.263573590363303
-0.00619128346810712 0.0294381565262925 -0.108464065935214 0.330398520158231
0.0648746616905603 0.173102329020739 0.0728906770400738 0.173393600917287
0.16134640557728 0.0783677659797697 0.0677065355844572 0.0815928856477843
0.121933287641633 -0.0849845680559877 0.0553815568951342 0.0155655774510909
-0.0404115911001302 -0.139883725839838 -0.0116765798217041 -0.0707263253752976
-0.101769590370027 -0.0549496657195128 -0.0888409278344061 -0.00863733898527891
-0.104857315939 -0.00022170763777738 -0.0244279554005846 0.0416932964566832
-0.0967072713052431 0.0548925605048212 0.0624504455718967 0.0043652497450012
-0.0896318919047021 0.0697027455407039 0.117295073352543 -0.0618646624464402
-0.0981117269535916 0.0563698956229687 0.151977931134425 -0.102682114953123
-0.105994290491035 -0.00808558546190063 0.202868072589037 -0.0755261288552653
-0.0653280865896887 -0.059656723090318 0.230885073862161 -0.00490407955821434
-0.0211301656130158 -0.0899724602622537 0.215265672989351 0.113458376386299
0.0681818769000953 -0.0382806772897306 0.114660871257944 0.206547326074421
0.0809429457822547 0.069298773137196 -0.0126770138584649 0.23436258257274
0.0306571702870692 0.137814110868761 -0.0864120947755491 0.290488182082778
0.0753375498337626 0.238472421092372 0.0669439156742527 0.123236576800542
0.207553017037413 0.113800003919141 0.101245170511246 0.0714589102387226
0.167592561560751 -0.101610142908885 0.0950457454411854 -0.0486585399442135
-0.032820095446548 -0.189554260355177 -0.0461115274237485 -0.134192891672955
-0.128750641429553 -0.0947586673075537 -0.147234835799453 -0.0142981669533321
-0.149909319461271 -0.0181058073230648 -0.0744277774495606 0.0592110744241795
-0.143950763633318 0.065342448823039 0.0187475504673609 0.0306528801580318
-0.125623993239475 0.0942327737141051 0.0749910173966103 -0.0299080389851094
-0.133199288768625 0.0783252561501385 0.106092514125404 -0.0826550328811983
-0.146410651074017 -0.00746650752904072 0.172728811936137 -0.0798764639613897
-0.100561062939206 -0.0794316669237676 0.226586754946919 -0.0205307838659066
-0.0449656286438381 -0.139630085126395 0.220437514640961 0.11438356709896
0.108400038315853 -0.0885134686372942 0.102595745265923 0.199732349497616
0.155773574504122 0.0903474209318026 -0.029462387174509 0.179315039701806
0.0772593962488083 0.226337299642865 -0.0692937320440178 0.21274174918594
0.0688934537641929 0.267695777318616 0.0792864169247195 0.0453860863569409
0.209561975131738 0.137305133370829 0.139181698572358 0.0115223938137991
0.180507778718659 -0.0867839654113775 0.0955109802592856 -0.131042757666105
-0.0108293952320157 -0.195546458363684 -0.0986353820992032 -0.178846186498411
-0.123571314864566 -0.122101210888903 -0.200252245719306 -0.018656154778954
-0.167320491874425 -0.0416305497266445 -0.128218042328782 0.0691678535501006
-0.168873817385017 0.0628719000917903 -0.037056951152816 0.0553663911309745
-0.143231308623705 0.103983302984788 0.0213815076140171 0.00877434957972442
-0.147628868829213 0.0948819917786419 0.0565234202301486 -0.0532694782721169
-0.171404624433753 0.0052250594912353 0.139548982236887 -0.0719427663048742
-0.135267859125458 -0.0819507935183935 0.214464652002221 -0.01818976569447
-0.0780320339589884 -0.18131424746386 0.194153598027393 0.127342776225412
0.139233298726616 -0.142368281852686 0.0617417825887529 0.174762101748785
0.222593494492685 0.0968710205132913 -0.0534455760356149 0.100316598071659
0.11804207151875 0.282076603375959 -0.0616717266237852 0.114559250998985
0.0570727146823686 0.260352345823918 0.101609775003703 -0.0563133009010766
0.182232897429476 0.144750710414689 0.148868265904695 -0.0815698248045778
0.172026191916117 -0.054544514489823 0.05460303053682 -0.193096209091318
0.0168098191622449 -0.17446914210742 -0.142971512627671 -0.191073064553041
-0.0999512958631682 -0.133637480687244 -0.230103239261841 -0.0230541927632584
-0.158912644876919 -0.0592506735403149 -0.174802007207818 0.0659668704846059
-0.167365026984114 0.0507833601417457 -0.096580329787839 0.0761434205856111
-0.139707730849962 0.0980365685340082 -0.0342484477954278 0.0492480176375796
-0.144713236910556 0.0982370931169365 0.0091447335975481 -0.0175326652705796
-0.177123863804379 0.0161580818098503 0.102788598924559 -0.0483198526578127
-0.156973820601085 -0.0814048847251882 0.180095200814955 0.0038286872670769
-0.0931450864906219 -0.213823674727495 0.134893444297205 0.133733904736599
0.169177641697289 -0.174649025856642 0.00980521189751185 0.117465864700434
0.261811148996732 0.103027503987865 -0.0575401189282875 0.0134638871687845
0.137122610474835 0.294968786275992 -0.0601448679480302 0.0117168572573502
0.0491635040412417 0.217406700174605 0.119923820539466 -0.163609649412167
0.141967896349691 0.128965545720649 0.123936894535489 -0.173956184540737
0.144790083963182 -0.0279417229908872 0.00364779495619081 -0.219674147555906
0.0320273626654258 -0.136907991867339 -0.164516404557219 -0.182611432779855
-0.0673316895722332 -0.120718147623703 -0.239590288525424 -0.0341920432038406
-0.126260239980338 -0.0594344594117224 -0.211047000202817 0.0566906912478174
-0.138784675318761 0.0350906866324244 -0.149646823761926 0.0911203889780036
-0.115293409214606 0.0791464224627855 -0.0834729991401553 0.0829036541845815
-0.123998087905386 0.0859898975119014 -0.0311285302408864 0.0159857412248774
-0.161356526697583 0.0166804495016794 0.0608556283997847 -0.0178927077024896
-0.149150272628996 -0.0844260231353578 0.122416578930897 0.0270159221944742
-0.0694872085193749 -0.217685637449164 0.0603997112080556 0.108919325569106
0.185169744468007 -0.153533903048897 -0.0174598952908316 0.0381715357355689
0.246984631766548 0.110848200967349 -0.0366669161127983 -0.0469688252885386
0.123790026152329 0.259671258056963 -0.0634839234020016 -0.0782974197752422
0.0398707459813781 0.144169541863671 0.123796213522249 -0.256833692558899
0.0943687187304729 0.089164692281923 0.079757431176141 -0.237470898666884
0.099662251085184 -0.0119542399312906 -0.0389591649774127 -0.220994132653903
0.0291081402692558 -0.0848411069043654 -0.173730314387838 -0.167562794406313
-0.030939853716011 -0.082637701476902 -0.240775409079231 -0.0416232061491343
-0.0762182827012532 -0.0467286968434451 -0.235550263658926 0.049250475393685
-0.0894185008125443 0.0164233477641858 -0.188769847890737 0.102255738599836
-0.0737174096585491 0.0477068601226294 -0.119010312777535 0.105843725242789
-0.0855624165110538 0.0561932119730929 -0.0634878293375212 0.0422068728991208
-0.118379751303917 0.00479589815179053 0.0161464237071814 0.00579043881954483
-0.101892242724841 -0.0780972256856987 0.0614850019445506 0.0310199490712332
-0.020625103585949 -0.166028927939952 0.0108790345613418 0.0641329153641953
0.154680120789134 -0.0862220753810988 -0.00931015523488048 -0.0246459534094624
0.171293083714775 0.0991236754228178 -0.00854929130622971 -0.067718619654033
0.0818597645106778 0.171636934542881 -0.0687670780119214 -0.142527563260808
-0.0203287292461828 -0.0458462112917365 0.103244737632909 0.174043117927683
-0.0583330957131875 -0.0258835867416715 0.0516373477436097 0.0549693668187386
-0.0572604751785729 0.0213096073842738 0.00348955360376692 0.0434072697919332
-0.0129949649995638 0.0610723485264191 0.00352462889906275 -0.0168246979892494
0.0328191131075494 0.0369580236885517 -0.038344744689276 -0.0123328249745723
0.0380611597972795 0.00181166005459072 0.0149217933421541 0.0142991192780734
0.0274377494223584 -0.0100900672137686 0.0870063609708447 -0.0323694040633782
0.0148537556197553 -0.00520680848687205 0.14026182152961 -0.0962139155576979
0.0139259295909328 0.00702975210236829 0.188683926154715 -0.120969180781145
0.014681187590771 0.027819736932258 0.228133269357844 -0.0687215642565283
0.00327292395985715 0.0383790877634452 0.230151744465408 0.0221532470239544
-0.028289998815182 0.0396211558986259 0.186281172539571 0.128227106334859
-0.0544206475157933 0.00793337252218862 0.0827365766143015 0.21277950173407
-0.0504211532107297 -0.0425206921507813 -0.0275330053186555 0.263490049829122
-0.0314697469691466 -0.0806558672671915 -0.114326409192379 0.325979014597863
0.033598831325746 0.0711032956086732 0.0956437898532206 0.191418632271006
0.0655978263138955 0.0251326377949947 0.0607510961936498 0.0657377128138593
0.0363738100972854 -0.0408338288046962 0.0198442209691231 0.0387851044239509
-0.0368683922747909 -0.046535109386783 0.000654619508894395 -0.0262374809039559
-0.0436229928396652 -0.00467350804412604 -0.0465487596591909 -0.00312246736038224
-0.0372863978766169 0.00952503952733486 0.0116778008150243 0.0239444990316207
-0.0335295851256453 0.0302474596106226 0.0862078815744979 -0.0223749926968607
-0.0370914778069089 0.0375730591551175 0.137624212465484 -0.0890127422854707
-0.0449246742232624 0.0350449755828525 0.177604030442392 -0.120297281310426
-0.050743171484926 0.00830079899621481 0.221973783272538 -0.0756387800264064
-0.0322519083770645 -0.0168550779554573 0.231119601782681 0.00697082944472317
-0.0191766926673764 -0.0273317220787834 0.201651238091847 0.114968805464889
0.0131112068383232 -0.00850502583804411 0.106033683536881 0.205826758850956
0.0125751138203788 0.0214018178791861 -0.00765112401057764 0.257757578629011
-0.00540080322286723 0.0307131629088831 -0.093660016819432 0.326812645092999
0.0698586694917581 0.167922750141962 0.0807875829986508 0.170417260466117
0.161778374303354 0.0711626795060227 0.074451529475435 0.0790238001575042
0.115940284280675 -0.0866441918811403 0.0613915131078171 0.0113223592162839
-0.0458357992418215 -0.135575476036539 -0.0137277666366408 -0.0717715407084683
-0.103174194328757 -0.0501980693807679 -0.0878404726930941 -0.00481512872805061
-0.104343619262026 0.00447478528585306 -0.0203071465313853 0.0427838792698568
-0.0933561862954395 0.0597834338742898 0.0634162826060165 0.0005190070766337
-0.0851758688849673 0.0740416878362348 0.114036782076345 -0.067870038533377
-0.0941459694914442 0.062084255460128 0.146172390167499 -0.108785008292558
-0.107174146815588 -0.00224379985476587 0.198766536635415 -0.0835391021297764
-0.0692616279912134 -0.0571817090872755 0.229067917489154 -0.0140954531904572
-0.0255475284413801 -0.0882515895005906 0.217481288632126 0.103569785531831
0.0681866084847473 -0.0422219266505784 0.118845396233575 0.19989055545141
0.0837269674681553 0.0654547534363429 -0.00529173681381282 0.230199538023695
0.03476926607073 0.135929097726219 -0.0734694866622613 0.286983492497507
0.0827509658523091 0.232731415987743 0.0722043491971041 0.120333566038507
0.209564039945557 0.104302656778758 0.107529768625035 0.0676273960142038
0.161343144662394 -0.104599783752723 0.0966325999412343 -0.053555918274476
-0.0401814807942214 -0.184837274389736 -0.0497987687733872 -0.131573248592767
-0.131901063210699 -0.0890179735211766 -0.145252912173055 -0.00800492974455874
-0.150977611399515 -0.0115725593143379 -0.0694939106928878 0.0622108090548781
-0.139810349913371 0.0727585334196424 0.021906970066902 0.0285312934335263
-0.119300138510672 0.0997099657474369 0.074211635689813 -0.0337353272670518
-0.127847807053666 0.086018739050427 0.101823910880366 -0.0861255562192941
-0.147454639213212 0.000926401928051357 0.167838772663881 -0.0863943594587341
-0.105146783611431 -0.0757982869855342 0.223995455815091 -0.029508815810657
-0.0509631157369833 -0.137191997580603 0.22268564586188 0.103692577676691
0.105408713478709 -0.0911258038280833 0.1078723219046 0.192137608085002
0.158774656573297 0.0841589944277454 -0.0248987051178992 0.175944865752323
0.0834263323769405 0.220557122610701 -0.060989977433314 0.211172608874693
0.0760352229223522 0.261743920064826 0.0807019477971437 0.0433128138137533
0.212476522825544 0.127474997673924 0.142619912290688 0.00774776161846667
0.176261935117934 -0.0902380729877661 0.0924534360950275 -0.134415725527374
-0.0181414332645491 -0.193445837915872 -0.102496887909189 -0.173319202224462
-0.129098696427867 -0.116546382545521 -0.196232854541201 -0.00991559177038866
-0.170525377605185 -0.0329345788631517 -0.121710220103458 0.0740524734826729
-0.165288575356282 0.0719595586335199 -0.0323987197099128 0.0552791237039564
-0.13659728781787 0.110748540379562 0.0223464584278193 0.00700064498860751
-0.142093527020948 0.101798391083422 0.0533040978838408 -0.0544278431876751
-0.170889279615424 0.013306056823761 0.134359519037229 -0.0769706629867345
-0.138488343899005 -0.0771526706952222 0.210068450509171 -0.0273963180960983
-0.0852084692875596 -0.176137620273399 0.198575347909664 0.116746143483737
0.132628313358574 -0.146195520363949 0.0665181956014959 0.169237820923252
0.225198225471325 0.0872923210426914 -0.0506116119996418 0.0997336791308275
0.125890506060936 0.273218040657729 -0.0563994534493077 0.113222301605677
0.0650638343760738 0.254964732337624 0.0994305224020909 -0.0563137869488346
0.186577410680914 0.137446219932062 0.14791575609079 -0.084914258264506
0.168906107041982 -0.0597711546957781 0.0502958801836271 -0.193647579656556
0.00935503191717895 -0.173867010272687 -0.146657548652754 -0.183581791208273
-0.10592503340685 -0.128848753358093 -0.225699428308836 -0.0154256233063778
-0.16185627979747 -0.0498937444020975 -0.168669095104385 0.0738063856603492
-0.164109368996314 0.059615885350403 -0.0910121298656689 0.0787966381727322
-0.133322263415818 0.10483709004756 -0.0303165099955222 0.0504052152372005
-0.13909532940123 0.105605992811006 0.00823098173402879 -0.0180667944295525
-0.176341868246247 0.0241744206997822 0.0997401210539817 -0.0528242092877348
-0.159158566649984 -0.075620982811751 0.177430055380008 -0.00401443852785188
-0.100781763511105 -0.207483046028824 0.13937609977118 0.125133568272781
0.160370488296915 -0.178097459767684 0.0120122988565513 0.114770241657729
0.263040947831486 0.0907989156894447 -0.060029132619559 0.015091815398393
0.146137056016733 0.285778422103501 -0.0598609283974394 0.0120683586831527
0.0547384801995435 0.212481255407476 0.112098952690422 -0.162765898987191
0.147058604456663 0.122726000474533 0.118615420005635 -0.174370652785845
0.142705728114858 -0.0326896747762895 -0.000718023497498467 -0.216628429708781
0.0253594372026878 -0.137432345626901 -0.168756879143422 -0.174014758084248
-0.0735243039461599 -0.117042267604631 -0.235774586764875 -0.0252319906181886
-0.129346248489225 -0.0523420804138106 -0.206785676568792 0.0666595019336949
-0.136400131525649 0.0424112767374441 -0.144550913017357 0.0974633855473417
-0.110155915127866 0.0846103082146459 -0.0775207933907268 0.0860087904622142
-0.118780873701663 0.0910520508256112 -0.0304142346270418 0.0178859713815637
-0.160622316376774 0.0235994316201425 0.0581636808690562 -0.0203687263196423
-0.151437385329901 -0.0783305091120031 0.121774684352072 0.0196196354295747
-0.0784286331516864 -0.2104901983727 0.0670453035461301 0.104794988631739
0.175819010489875 -0.159585792302193 -0.0179246696349062 0.0383180387853344
0.249240247892192 0.0985777248004233 -0.0422596424022057 -0.0455527943227169
0.131735883547768 0.250900173771945 -0.0677303554615878 -0.0755759722313177
0.043620650506619 0.141540008508708 0.111386072012293 -0.255775908080684
0.0978129777025309 0.0844105674440533 0.0713206648740542 -0.235373635947187
0.0987656760743884 -0.0154474384670829 -0.0433403911507836 -0.217838397028482
0.025556572573131 -0.0859212873023791 -0.176857336248648 -0.159039799483302
-0.0359065283693492 -0.0806570584345325 -0.238379693224202 -0.0322444403474347
-0.0781415251451866 -0.0412385900250051 -0.231146747215295 0.059684913073358
-0.0882405028242611 0.0217519475561373 -0.182497969835978 0.110917475279286
-0.0708098682314645 0.0509095123480122 -0.112506834244111 0.109414657464179
-0.0821795073221504 0.0598914643648771 -0.0611861884045158 0.0455107640801058
-0.117181161893044 0.00994882854643042 0.0149470372977496 0.00521371021532336
-0.104934534118547 -0.0726330704341205 0.0620073553314272 0.0260255773646405
-0.028661941018206 -0.162123838706454 0.0154428482876797 0.0631223514354372
0.148322718032596 -0.0920094911039342 -0.0137794628901494 -0.0235299925152752
0.17312915049378 0.0899243321896385 -0.0163288782505021 -0.0669278176776876
0.0869483392254298 0.164867276059641 -0.0748797167734311 -0.137950191801893
-0.0212982566088346 -0.0428855979867476 0.105834775670497 0.170012058321249
-0.0579578950563046 -0.0230111509707042 0.0575257561870526 0.0527908996816416
-0.0551670113509627 0.0225763479225222 0.00928416132921588 0.0392683392188429
-0.0104682448128453 0.0603140131674063 0.00350311196723398 -0.019068019107285
0.0334558095594302 0.0351915002801165 -0.0391424252021031 -0.00875297579937876
0.037429774754547 0.000173728934751336 0.0170509671184832 0.0140020976284189
0.0269726717718963 -0.0110167108928739 0.0862702803262562 -0.0348454745947878
0.015389366281917 -0.0049922295427091 0.134726501813786 -0.0998625449710815
0.0151615813399621 0.00780730611225819 0.181081918879653 -0.126157595152705
0.016044233113298 0.0273845975990496 0.222360955405654 -0.0753347881325979
0.00438500708669192 0.0379384759648797 0.227560967715567 0.0155609463813892
-0.0262331111788548 0.03938043631978 0.186514391016763 0.120961582744201
-0.0524990808541134 0.00928588162080353 0.0847439136895726 0.207317539058436
-0.0510333952869105 -0.0415447316750416 -0.0221663042262126 0.256370402965795
-0.0324336715992409 -0.0776277051021298 -0.104372790505018 0.31890770493783
0.0342572236283751 0.0698393972769779 0.100587256531785 0.186403722771114
0.0646843491078831 0.0231611971561031 0.0667052021958121 0.0633430064756538
0.0349294116594996 -0.040470871286552 0.0260392598058147 0.0353582408289661
-0.0368566322471911 -0.0439557123324328 0.000482120323903363 -0.0275643806284872
-0.0426617656174027 -0.00369564636707108 -0.0458382773787886 -0.00115305187333744
-0.0357933763068893 0.0101883899468156 0.0139601835726624 0.0240749021377474
-0.031809598980684 0.0309327639347562 0.0854459810470307 -0.0256601875621114
-0.0349434897019243 0.0387722825508606 0.131938395710489 -0.0929670829608584
-0.0421688885905483 0.0376740332483514 0.170963448279102 -0.124030978488294
-0.0499664394882269 0.0105046581245978 0.216538518618355 -0.0811841833585081
-0.0334455410196399 -0.0157704537333639 0.228586050489204 0.00227118617187649
-0.0195499381298023 -0.0268068067840648 0.200743988890355 0.108015713139928
0.0138193633217877 -0.0095524401934066 0.107172749127123 0.199689299691159
0.0134798215399056 0.0201486729082866 -0.00128455630635423 0.250673524717509
-0.00528562027159663 0.0304177848696772 -0.0844593678839486 0.319345573464272
0.0717575376156178 0.163692334885277 0.0845772469588916 0.167035264642173
0.159535265688898 0.0661306748888448 0.0803938770219286 0.0756340436947391
0.111257180650908 -0.0866663131147053 0.0658949330317439 0.00714387625713854
-0.0478717984742326 -0.130963031661075 -0.0140480645831529 -0.0715906839070459
-0.102370430996665 -0.0469931349437909 -0.0853358010468324 -0.00175494136945974
-0.102866424841427 0.00811921681190757 -0.0169286229218497 0.0429415927707183
-0.0896950293632731 0.0620154857413778 0.0641288988029758 -0.00256405677152545
-0.0803306190259174 0.0763099325153496 0.110614289926695 -0.0711834616696468
-0.0904718074317262 0.0658178884390392 0.140309197361477 -0.110631864464992
-0.106401328063625 0.00289700674552675 0.194048977611638 -0.0884725282874122
-0.0716365929233788 -0.054962865929628 0.225470624044871 -0.0192413638369572
-0.027361064190496 -0.0866767485728144 0.215864690103383 0.0960102407347672
0.0678291905407063 -0.0427739944683594 0.120176784654564 0.192833632722133
0.085494397629879 0.0626537405860826 -0.000791678052927082 0.223172476441189
0.0366490759538194 0.13265553871849 -0.0647600900567656 0.280169152591492
0.0843861085477062 0.226197954641667 0.074751849272166 0.118253175287558
0.207591178676917 0.0975238237002494 0.111501048322215 0.0639892543654716
0.156006943005457 -0.104716994781219 0.0979576518295522 -0.0567837469719982
-0.0434273911564914 -0.179521612773069 -0.05112407440483 -0.129239874251406
-0.132326470478192 -0.0838288274836497 -0.140834114033965 -0.00414607353308966
-0.149598793862294 -0.00608907424454876 -0.0648535927283165 0.0635328653354132
-0.135562618991579 0.0777240157630065 0.0238341609393558 0.0262088233643383
-0.113551204847193 0.102715153476563 0.0716062808878598 -0.036770615334539
-0.122264171736924 0.0903865396358755 0.0973729911240097 -0.087263017178657
-0.146650687695836 0.00654492578577722 0.162136184096912 -0.0897467150708572
-0.107512806792792 -0.0724826742680114 0.219772944326847 -0.0347294551912538
-0.0538587411992842 -0.133516583028599 0.221519748030178 0.0955640311282932
0.103196943971302 -0.0921746668036955 0.108214502769676 0.184863772619975
0.159123472874309 0.0789733147233857 -0.0211536890458951 0.17108182930549
0.0858816612747087 0.214116331820648 -0.0547314274834609 0.206256365289296
0.0790303606707132 0.25444528702789 0.0808346241713209 0.0423457571499781
0.212309164534279 0.120342037366032 0.143863405907066 0.00506776496015362
0.171004104760031 -0.090665837696327 0.0917993997479024 -0.135809075031125
-0.0223069110387928 -0.188688807061244 -0.103546909226949 -0.168546958276649
-0.131053760071247 -0.111896606304672 -0.189933543261161 -0.00540803598036266
-0.170222148008375 -0.0259893248991837 -0.116199298131759 0.0763991508867162
-0.160079346810636 0.0780710491281391 -0.0293704583483484 0.0549383683720469
-0.130022122702397 0.113580548948398 0.0233232034674162 0.00554837096300285
-0.137192288994866 0.105987670000661 0.0506609803054433 -0.0539711685606461
-0.169112180102601 0.0195263370679035 0.129805996698794 -0.0797018422402889
-0.140474548328223 -0.0732500932377301 0.205952453507336 -0.0324982797280148
-0.0882930693363379 -0.17077136707142 0.198179216050187 0.108871528783275
0.128189052607623 -0.145849228406977 0.0669877625648064 0.163151271211549
0.223780511433561 0.0807894093172925 -0.0499481180351504 0.0968821746383165
0.129586396825063 0.263994303271289 -0.0528044063353539 0.110843848158499
0.067972890868419 0.248089661167271 0.0963323945087822 -0.0548980144467636
0.187776480862362 0.130407149152745 0.146564073451438 -0.0858543960189672
0.165740915709893 -0.0614474280064616 0.0489807201816502 -0.192237732413561
0.00521942515623816 -0.171009427345963 -0.146856953624922 -0.177188733416834
-0.109238556954589 -0.123869629395948 -0.219513030756639 -0.0101951687968849
-0.162978763776236 -0.0425080870705661 -0.163188573206033 0.0772819500680988
-0.159834299115577 0.0661892246073304 -0.0866549530396117 0.0799960345722819
-0.127615795796016 0.107707773725324 -0.0272667348282894 0.0499050357508604
-0.133566546418573 0.108265518048691 0.00753447021813216 -0.0167961084231738
-0.174628455309548 0.0297504878136041 0.0955720208689647 -0.0549854352557721
-0.159892617016985 -0.0712364267119121 0.174263129662133 -0.0100560368289825
-0.104516830264856 -0.199635929993205 0.141653187273636 0.118464188409861
0.153403929329989 -0.178298274618517 0.012454403995215 0.111503003139616
0.260556685058097 0.0824204206786459 -0.0611657419610069 0.0153000055018462
0.149292563875103 0.275107028148704 -0.058461686903691 0.0127914467940552
0.056891149152835 0.208003190154692 0.10711213435062 -0.160090057107567
0.148346724716959 0.117057402000647 0.114777756675196 -0.172179708499727
0.141219153417942 -0.034852671232068 -0.00264609183424917 -0.213517716363567
0.0210136489574276 -0.136198025250045 -0.168434104236829 -0.166883777737745
-0.0775576481869886 -0.113798051780548 -0.231222718255321 -0.0195923789687827
-0.130741861231054 -0.0462948420830911 -0.20039535965869 0.0720432948342189
-0.133220338147645 0.0476800920844827 -0.138509150963903 0.101009252798861
-0.105754489783295 0.0868011229068106 -0.0721770868215015 0.0865719718126267
-0.113750799554517 0.0942662597456615 -0.0295694485406384 0.0200519020201161
-0.157980974032462 0.0283417547659768 0.055738812816292 -0.0218843676640262
-0.151712857243904 -0.0734413276008033 0.120217976438494 0.0145053802963956
-0.0831211975889013 -0.203528003978887 0.0705998106947065 0.10114831367727
0.167731659695847 -0.160210379382702 -0.0195709111008194 0.0382021404073159
0.247003308460689 0.0892581100885253 -0.0461070215128576 -0.0438856328528062
0.13469918394597 0.241357732531235 -0.0686260549277812 -0.072692816754484
0.0445943359983052 0.137850098749661 0.104194969109294 -0.250463654907041
0.0987366405786263 0.08005990259173 0.0665017075323109 -0.229938531153517
0.0976218855074971 -0.0173761511170567 -0.0452423976825557 -0.213265990225026
0.0229077194400433 -0.085088109312481 -0.176058163370648 -0.152033981114494
-0.0392564423065541 -0.0792036390027714 -0.234225458311678 -0.0268973732460549
-0.0784026635265718 -0.0374308882259361 -0.22576931331655 0.066489666134129
-0.0862682555673111 0.0254327900056893 -0.175808507827545 0.115424683561889
-0.0683793542480817 0.0522851745701821 -0.106228011281967 0.111319554894237
-0.078235380675592 0.0613228641073483 -0.0591938472533532 0.047659786121015
-0.115095783855491 0.0132637277380462 0.0135219199772184 0.004100848509174
-0.105486766581493 -0.0685329251229493 0.0611333120159529 0.0226488810444459
-0.0336417575590585 -0.157832780844034 0.0194572810737027 0.0612149053226967
0.142296167233541 -0.0940958557127006 -0.0172009246645857 -0.0213697550394187
0.172183516098495 0.0816716830599289 -0.02284729992114 -0.0646528337340073
0.0885892632474114 0.159065361242216 -0.077545959696979 -0.134420746037104
-0.0211625738938019 -0.0415553212645413 0.108109548159252 0.1675688808931
-0.0576910173352408 -0.0214617448203495 0.0629485896765794 0.0514825956844729
-0.0533337899961994 0.0230079388279909 0.0145497653035228 0.0355092205751721
-0.00825633770140228 0.059972503844635 0.00323974498793442 -0.0213588373255556
0.0334816112456877 0.033913910482239 -0.0395125859579181 -0.00588913388134398
0.0369826132930591 -0.000679113414331811 0.0188577690051389 0.0138073957327806
0.0269631400496881 -0.0119757403054971 0.0860757000689692 -0.0381305798082058
0.0157679567089759 -0.00601064088404758 0.131328511899225 -0.102063227932859
0.0160327181877342 0.00780778306087253 0.175859115150396 -0.128287614024999
0.0170734844543564 0.0276610945659469 0.218917469750985 -0.0785038812790431
0.00494806219436669 0.0371832722773906 0.225860339897452 0.0112871188092241
-0.0251872712802037 0.0398257282851103 0.185082529391979 0.116512428027027
-0.0509398058754586 0.0095164289640857 0.0854594868242841 0.203110163550332
-0.0515108821204985 -0.0418548611085162 -0.020010693066246 0.25050900384785
-0.0329615189522446 -0.0755575900375051 -0.0982696127978135 0.31190780764268
0.0346418667876861 0.0683760682168417 0.103122280304633 0.183825800246193
0.0634610561483096 0.0221075502617568 0.0723315782016598 0.060429879719713
0.0333831439300916 -0.0397136424002387 0.0312403691078687 0.0317895026978914
-0.0362423503452099 -0.0420332587235607 0.000761946706803834 -0.0298586360401785
-0.0417917203782526 -0.00315412721860507 -0.0451932606840783 0.000797180469933351
-0.0352413012984132 0.0105064950824313 0.0156048358393657 0.0236532600213799
-0.0302731497568513 0.0306681898676819 0.085028686955049 -0.0288368471504586
-0.0327428525630142 0.0390231834874358 0.128773119302311 -0.095453332780995
-0.0401069028983382 0.0389129440948214 0.166072137860838 -0.126336919526231
-0.049138431649353 0.01233698692037 0.212826135674175 -0.0851273154979311
-0.0347075225271011 -0.0156629743847623 0.227105255019304 -0.00104335974435924
-0.0202348228499106 -0.0262436523833106 0.200101592538521 0.102943273062472
0.0148954866098298 -0.0104615109486117 0.106937842481245 0.195722938160661
0.0141419537464069 0.0188803517282487 -8.90180501348543E-05 0.244457111469602
-0.00521911174077761 0.0306694712420287 -0.0778993176514727 0.313212765290038
0.0724245668183137 0.160681247040128 0.0872076863249251 0.164949012819907
0.15832429739051 0.0626611629093429 0.0853592376077917 0.0731907784539603
0.107850858892071 -0.0852959765974802 0.069772665940495 0.00327348838129223
-0.0485445003489588 -0.126942125366062 -0.0142062067596326 -0.0726575603742406
-0.101885732646267 -0.0449331127378668 -0.0830790427632619 0.000193624162151358
-0.1013373645637 0.00993768367217515 -0.0145424030106421 0.0426840315194058
-0.0867683773336631 0.0635185204276082 0.0647120478585452 -0.00562622749464995
-0.0768704176325935 0.0769794813434081 0.108010920568319 -0.0738004057904587
-0.0869181815794092 0.0685260685303374 0.136750182862687 -0.112752089395631
-0.106116602913108 0.00583615355680748 0.190419805877371 -0.0919440753636253
-0.0734897393958917 -0.0539440991232246 0.223387212906786 -0.0224735447254588
-0.0293175654936102 -0.0857453700508866 0.215614491332916 0.0912206695392183
0.0679397557913207 -0.0440171793673695 0.119117249036005 0.188426187511732
0.0867899964857212 0.060472073279455 0.000519542609780845 0.217441214008697
0.0374222074064698 0.130629883817815 -0.060475614076924 0.273807064098249
0.0856273224544489 0.221305762610032 0.0767337420829934 0.11706694179463
0.205478458038424 0.0928006220697796 0.115725030979014 0.0607984682790185
0.152219506926225 -0.10405741442905 0.0998779276971654 -0.0597332714079443
-0.0457169432349139 -0.175586518951598 -0.0516081322964296 -0.128248428235473
-0.132288647139977 -0.0809853584005962 -0.137654740348168 -0.00223103827558808
-0.14901837262888 -0.0023769916869032 -0.061685268459019 0.0640742823558412
-0.132062245067209 0.0805109056535269 0.0248371998384916 0.0243020351179566
-0.109698842392072 0.104059916526598 0.070550571928095 -0.038955828722078
-0.118260477401772 0.0928830373024176 0.0941351101997267 -0.0872866728031898
-0.14660282887287 0.0107573288646287 0.159418179539699 -0.0927983161764626
-0.110022948599681 -0.0709661848009255 0.217161577196256 -0.037935791584786
-0.0561196907886226 -0.131420722090661 0.220118765018328 0.0897433953733776
0.102453529728661 -0.0926239611305028 0.10761515597246 0.180112425766317
0.159091965063703 0.0767455865957558 -0.0204370637626493 0.167521609210965
0.0865384622892913 0.209956398408313 -0.0505044706943321 0.201056866004665
0.0801588593058645 0.249255019359989 0.0815944010331329 0.0426624677389441
0.211173748896893 0.116085506465496 0.145428975146786 0.00267114760625763
0.168211201123933 -0.0910105471813221 0.0927249642220442 -0.137452113422689
-0.0246559822949592 -0.185737626214125 -0.103772624516709 -0.165365248008973
-0.132370109243663 -0.108477800197932 -0.185599828666802 -0.00270092108836985
-0.169883615761328 -0.0213226326279201 -0.112396657524283 0.0776269738745646
-0.157018107541442 0.0817205740242119 -0.0273774831207532 0.0536574869254058
-0.125737670586392 0.115188149369584 0.0235125883418767 0.00378083914244568
-0.13219192813646 0.109078031587976 0.0494105794981202 -0.053361337903647
-0.168971286065566 0.0229967031200607 0.127097601185291 -0.0810779909407186
-0.141356483999328 -0.0711837124875189 0.203021395023896 -0.0364288234139567
-0.089932488126356 -0.167404723974828 0.198378866466296 0.103547804080866
0.125661759171354 -0.145587300382245 0.0661386822589143 0.158852448307312
0.222501384130681 0.0766989208384635 -0.0500438098803535 0.095050369594021
0.130036578646313 0.257970710596092 -0.0506742778972146 0.108184305256956
0.0686417178251716 0.243424154146786 0.0950360260478448 -0.0536249972244134
0.187939077839355 0.126370118660811 0.146850818249129 -0.0863792182214727
0.164453176406982 -0.0617759233817653 0.0493608166024937 -0.191865119577356
0.0018299186927397 -0.169418538824555 -0.146199532530877 -0.172612492241375
-0.11227884273596 -0.12119726794456 -0.215086025779651 -0.00798516642372672
-0.163258733733918 -0.0378380080707406 -0.159004959177188 0.0793565356241351
-0.156882980681611 0.0699590975524358 -0.0842218371328161 0.0807499740747455
-0.123497650305994 0.109526109068581 -0.025693073543178 0.0490240359490582
-0.128987917253692 0.111002283080257 0.00775684301521235 -0.0153763401087026
-0.173210400360463 0.0335717517713962 0.0926046401627733 -0.0562708137277758
-0.160353191766377 -0.068876061278689 0.171936320764726 -0.0142477067219661
-0.106805362522613 -0.194653216023143 0.143126183269975 0.113154724690283
0.148949840919203 -0.176667866414716 0.0114405307628685 0.109637650560019
0.257754079624488 0.0777214567686929 -0.062786739935667 0.0154560366837276
0.149756820606837 0.268305709586604 -0.0577679527613513 0.0122439164565397
0.0574622049420221 0.204091421254783 0.103881384461776 -0.156669892194642
0.149393133375074 0.113634736571471 0.114070957193329 -0.170115757344398
0.13988889839878 -0.0366099577031083 -0.0017129604730413 -0.211390854733463
0.0183759175082992 -0.135517493752633 -0.167572654154969 -0.162834943424507
-0.0804979883197938 -0.111522591572487 -0.226795003641046 -0.0165301773772679
-0.131697516682243 -0.0423328160400773 -0.196817795648635 0.0746887846442527
-0.130941782036666 0.0512736733109881 -0.134903363421346 0.103077419104187
-0.102310090549664 0.0875849690739768 -0.0694047014075943 0.0864384651052747
-0.109558870768196 0.0957252586520336 -0.0289697712753117 0.0213143731439067
-0.156833001905719 0.0305774706169117 0.0540744555754881 -0.0228681064187188
-0.151457820904118 -0.0703661099863796 0.118719733691437 0.011124948939113
-0.0857601162812348 -0.198322836125046 0.0730023541014005 0.097423466932947
0.162307999588883 -0.160016929829408 -0.0213056578678121 0.038197181463603
0.243848394306013 0.0833792731750276 -0.0498458293375021 -0.0421199367486569
0.135523237489695 0.234624431912846 -0.0692425424753078 -0.0713889197013174
0.0448834372170964 0.135571940169342 0.09942689347913 -0.245349214056609
0.0998027885494345 0.0777923089516021 0.0660543571715032 -0.225507140790007
0.0960088858849611 -0.0187948238744364 -0.0440328520372371 -0.210371578629627
0.0203137583570985 -0.084754691036521 -0.175492728040524 -0.147814487437594
-0.0416876898536009 -0.0784258910308321 -0.230361562414501 -0.0234367260228338
-0.0792574146793988 -0.0350829402859784 -0.222034154881064 0.0710829661448589
-0.0846538821748319 0.0277592977620749 -0.171239474778251 0.118190016533775
-0.0659990990608413 0.0527754660031357 -0.10189014949142 0.112096025964522
-0.0759457789288227 0.0628488509399917 -0.057959499527179 0.0493338448001702
-0.113587202334808 0.0152367203941174 0.0129110616206141 0.00356492245404709
-0.106141641270828 -0.0656993378970402 0.0611408203822997 0.0201866135074382
-0.0372456299248794 -0.153821482470619 0.0219482682543064 0.0601778209001369
0.138294047450226 -0.0950807797720197 -0.0205100238082469 -0.0189583992353586
0.171091832803019 0.0767867894262134 -0.0277662815703751 -0.0627066858590961
0.0889804157201992 0.154618919610268 -0.0789413311035542 -0.131599113682885
-0.0210048614848113 -0.0400871206727572 0.110818139387635 0.166582121099396
-0.0574887496944507 -0.0198499907660765 0.0685077161836485 0.0494462027863454
-0.0527526301874054 0.0242295585321811 0.0192480981408559 0.0313707921909033
-0.00666669614893826 0.0595920012608472 0.00275362344763565 -0.0234113507171442
0.034423326408565 0.0331199464950387 -0.0396185360530226 -0.00339009044610977
0.0364958674933522 -0.00167962441086326 0.0205693324568581 0.0137513226701831
0.0270755857581793 -0.0133677269827585 0.0861053288990993 -0.0417329769787634
0.0164609831038538 -0.00612388378618437 0.128752159776476 -0.105571215041698
0.0175359683536842 0.00785649016736676 0.172475180199168 -0.132721333796131
0.0185441287710852 0.0272419602472195 0.216757855556504 -0.083264509144592
0.0058335998375279 0.0366133859246171 0.225585225256513 0.00771552247989481
-0.0240785590887155 0.0402047690688174 0.18511057125308 0.112504202156483
-0.0506684846182396 0.0103377097702082 0.0868372337659484 0.200609781092908
-0.0525340206133582 -0.0416243735543671 -0.0177963973935515 0.247685894956699
-0.0340475979523376 -0.0742521367472061 -0.0933164479302258 0.308685388993442
0.0352761339992088 0.0670876456967845 0.106496991693253 0.182416917041665
0.0627751018251595 0.0209383684906824 0.0769822750564644 0.0579867830057394
0.0319422498998079 -0.0389553586941104 0.035721521933533 0.0275687808638828
-0.0361765168148384 -0.0400485687911701 0.000251122818332581 -0.0317706450371815
-0.0414933227418646 -0.0024444326130719 -0.0453143227285334 0.00289302986474544
-0.0352459519131012 0.0113097625651843 0.0176714212920081 0.0229301583749372
-0.0285185940725457 0.0311460379400359 0.0854739755885738 -0.0320290697647944
-0.0310565969694465 0.0396322716070057 0.126250817076508 -0.0990955064754893
-0.0379902337181145 0.0406315281407466 0.162734187868424 -0.129276249887595
-0.0487337848988178 0.014576383510614 0.210950993478812 -0.0896873600762415
-0.0355335202801778 -0.0149652731366086 0.22706896003925 -0.00509366445118937
-0.0205703197422232 -0.0264186396529802 0.199817576697682 0.0988249329209529
0.0155795398976738 -0.0109045950254838 0.107320765339018 0.192570641870988
0.0147054220019626 0.0179283095399749 0.0020105017666515 0.241198670831942
-0.0057354657507742 0.0315679143304319 -0.074140212223497 0.309053107875472
0.0737141776472986 0.157981351528829 0.0898459000615038 0.162920226998018
0.156814278700938 0.0585976202576761 0.0901495753790935 0.0704616528676757
0.105592535632505 -0.0850398801986966 0.0733273260252963 -0.000654063555090368
-0.0499265442428017 -0.124398988187989 -0.015391864401019 -0.0732749416324716
-0.101737473014809 -0.0429263952279382 -0.0820179895850851 0.00227442151429301
-0.101878245202051 0.0119875454975919 -0.0122880459062819 0.0428279219113736
-0.0847487422279101 0.0653309724921486 0.0652673234382806 -0.00776290070356225
-0.0740675548893379 0.0788232990693781 0.10596373212375 -0.0768412238725752
-0.0845378027703889 0.0711901660390098 0.133548314913071 -0.114578543814644
-0.10651535737982 0.00949064887481568 0.188687930212217 -0.0956252026684014
-0.076080917949482 -0.0533548433441502 0.22324550002749 -0.0249547062003827
-0.0316708878727432 -0.085442393441094 0.216201803249138 0.0861864281328739
0.0683068579094291 -0.0461019654896376 0.118862700029516 0.184736650628397
0.0881809714850111 0.0586403188917305 0.00161751578854813 0.214205305632703
0.0383861411509516 0.129436911087325 -0.055950065850877 0.270086512730508
0.0869095597639821 0.218345742019978 0.0792441213866302 0.115602089647314
0.205512774132075 0.0887587410524878 0.119067870215969 0.0574788808216456
0.149980926709619 -0.103131033900129 0.102797477229628 -0.0632764582162746
-0.0473015590545987 -0.172820232835941 -0.0534944503090165 -0.127399088046247
-0.133262219710827 -0.0791015148647941 -0.135301174199659 -0.000596308665183629
-0.149003677315761 0.000547197115366363 -0.0589422847469552 0.0649847223603669
-0.129606069126431 0.0839918015923687 0.0263347603306242 0.0224465733988416
-0.10606849830559 0.106409980357397 0.069344827087959 -0.0418420751824497
-0.115014416249924 0.0961844684259759 0.0928500327297495 -0.0879402557363249
-0.147761118715605 0.015287612310738 0.15760385388269 -0.0959239620925134
-0.113048803596564 -0.0697193355391179 0.21617925512892 -0.0415449017289294
-0.0584003770115077 -0.131158616762226 0.220828871234361 0.0848651754237765
0.102337760429094 -0.0944910927102928 0.107039016334317 0.176952996590755
0.161092798516914 0.0740379831162289 -0.019543647748893 0.164626717076859
0.0884558359128067 0.206650333061269 -0.0470247281161377 0.198679587063875
0.0822884039306074 0.246367428516818 0.0832158688991059 0.042227330680323
0.211526146394231 0.113010928273785 0.147760104497262 0.000159492607042455
0.167315134235099 -0.0908069740190614 0.0929334843781996 -0.139667576091301
-0.0267629599112853 -0.183770370192275 -0.104921989631655 -0.163357887879009
-0.134717689687706 -0.10648563093888 -0.182486372986401 -0.00108201409818755
-0.170624899296733 -0.0170938727087392 -0.109233652828695 0.0789234759883504
-0.154182056885098 0.0854000205732704 -0.0251221133973745 0.0539962631937823
-0.12243613117898 0.117716048877519 0.0236886170477316 0.00260446654535542
-0.128403463414427 0.112546726925328 0.0486171224288227 -0.0531169039996758
-0.169361037575328 0.0275188254616264 0.12514057314189 -0.0841595500895611
-0.143989762903225 -0.0698546910975688 0.201166663066853 -0.0393683391622671
-0.0922132480233247 -0.164857103614957 0.199441162658739 0.0976941478698295
0.124447188495181 -0.146367088281301 0.065689719498823 0.156536214337362
0.223400845649525 0.0737048576125792 -0.0493950442556913 0.0939178722048546
0.132047589685131 0.253973008649836 -0.0487314165174615 0.106085339177075
0.0701042622790997 0.241629398906049 0.095000159496982 -0.0528256459631058
0.189755700086293 0.122916311866855 0.147533943520276 -0.0875384663145932
0.163529583297817 -0.062891126368788 0.0494034874458731 -0.193296049147303
-0.000474945673434949 -0.169073275173926 -0.147316589990081 -0.169754623360054
-0.115743312094136 -0.118954207048062 -0.212198934475093 -0.00575144890029989
-0.164764151383572 -0.0332991326475413 -0.156372046809983 0.0825242939995593
-0.154604851249565 0.074294104419923 -0.0811414369715844 0.0820698769896128
-0.120295056842109 0.111797190744453 -0.0239921904987196 0.0479255942617495
-0.125804890870314 0.114043269769857 0.00767080480433266 -0.0141545668538629
-0.173338529964355 0.0378396703951456 0.0909837338190112 -0.0578713235364748
-0.16213041839345 -0.0665766771966624 0.170080598309196 -0.0181090797167322
-0.110204567802341 -0.191246610111354 0.145235326779421 0.108503203033333
0.144934695756146 -0.177561506097476 0.0107160582243 0.108385091471816
0.257792327890583 0.0722984853214519 -0.0645746097963302 0.0168202306707161
0.151373132461921 0.263376476593143 -0.0567874372200275 0.0113155729920367
0.0581260368730794 0.202361523336994 0.101966468532472 -0.154250247875196
0.15077066381708 0.110303738508512 0.113665644595218 -0.169889812040455
0.139969073022269 -0.038160036372436 -0.00282414468258432 -0.211800541282214
0.0159286392171412 -0.135422443798289 -0.167132168553802 -0.158965993210943
-0.0846158654376341 -0.109896351764145 -0.223968239662256 -0.0141104730902425
-0.132368110759193 -0.0388807240424941 -0.194566130211303 0.0782533548578228
-0.128828309938652 0.0552086518830089 -0.131850722787659 0.10683383352568
-0.100104590370863 0.0894491984771755 -0.0673674954487424 0.0871999317969103
-0.106388072152473 0.098293455732509 -0.0282901557888614 0.0232051508899613
-0.156445341906633 0.0346537976353939 0.0532828000194309 -0.0243903332598996
-0.152831223236146 -0.0678617406254971 0.118218317709643 0.00766045920079227
-0.0895230936869887 -0.194173503844151 0.0759470933098402 0.0945057459589496
0.158075970867686 -0.161051250330038 -0.0230797845363506 0.0392909827597539
0.243725475468321 0.0774612587689407 -0.0528108899461741 -0.0406054892952993
0.137419327241116 0.229962249701999 -0.0704293032605539 -0.0705599648276647
0.0449081223631707 0.134076833440722 0.0966981773699377 -0.241988082569959
0.100448372304755 0.075423684799461 0.0648761187754695 -0.224616890432542
0.0962103908547383 -0.0208585970130182 -0.0442994232470522 -0.209145084084881
0.0187640517121165 -0.0849301578584953 -0.175403380030625 -0.144857640887495
-0.045145229809186 -0.0778806732581105 -0.229087895754035 -0.0213735713482201
-0.0802905210723481 -0.0330756355786408 -0.219384377014549 0.0754768552356324
-0.0835577614072284 0.0301831571169867 -0.167499749388271 0.123082530354077
-0.0648127469709726 0.0536142049789387 -0.0985768541154688 0.113730854169051
-0.0735240062337703 0.0638590430123864 -0.0564727968378328 0.0513907700825452
-0.113723267419668 0.0180109022114361 0.0124621157519592 0.00282261902027852
-0.106723878742482 -0.0637929984519903 0.061069280148146 0.0176167485257573
-0.040146498528157 -0.150840793268175 0.0245026611316085 0.0588533091183357
0.13496044405479 -0.0971311283337568 -0.0237802496734446 -0.0174378107698867
0.170556579807783 0.0717994538886359 -0.0326939564328806 -0.0608942006263101
0.0904989212117241 0.15091994751852 -0.0819577875726299 -0.12964604117565
-0.0149469024776178 -0.042697921862428 0.0788382606229809 0.185175610755681
-0.0534639144878913 -0.0282076379406231 0.0640940485511047 0.058707506093877
-0.0551458958177249 0.013963331473344 0.0162368181111213 0.0303657358674236
-0.0162309335782508 0.0551174021196407 0.00573870116715651 -0.024591097338057
0.0276378295949086 0.0379772664113018 -0.0391549408283389 -0.00884296040194828
0.0354842175354747 0.00526753514287122 0.0177154104112134 0.0181049533134551
0.0289253071551199 -0.00872174556698354 0.0943180272571223 -0.0250624211738459
0.017329983787629 -0.00335007729887754 0.144873516656931 -0.0784310138347975
0.0154012406689591 0.0117325361185584 0.193403409753989 -0.0962570480155051
0.0124037475900784 0.0299779483317822 0.227027378791522 -0.0376736877889806
-0.00201332451798772 0.0370137654990319 0.217875169045754 0.0531338933030795
-0.0304329394111883 0.0318586838281154 0.15681422823111 0.149295807144731
-0.0497182788447558 -0.000442600820973206 0.0421679864770206 0.215482185078376
-0.041074999498189 -0.0518581970907736 -0.0683187907243372 0.238731820525063
-0.0178152261628252 -0.0795476008086334 -0.160685092376372 0.28472886033511
0.0176477945968371 0.070494538424708 0.0716263094262029 0.200122538362841
0.053692951456347 0.0317596460269018 0.0681493870421032 0.0720275177580327
0.0375173131390505 -0.0298684198923272 0.0347144601097433 0.0323714444212438
-0.0259127984742708 -0.0438785178619078 0.00737924437985199 -0.0334246822456771
-0.0386542090973321 -0.0107463021889109 -0.0439574837289989 -0.00430893634688317
-0.0364375953269248 0.00330485994786567 0.0137993221751472 0.0260448746615763
-0.0333702086287627 0.0244353908858706 0.0916449590357991 -0.0158044908669772
-0.0377807000248691 0.0327646851806927 0.141854321241797 -0.0721047217204704
-0.0448200829613072 0.0325678992060403 0.18351169052316 -0.0951203328194296
-0.0504882307936148 0.00484374537676604 0.222120223737118 -0.0460204996715877
-0.0323340940051335 -0.0225899630865586 0.220990417991946 0.0394601919783185
-0.0133837524169929 -0.0315195275620718 0.1745854945194 0.135670905615907
0.0200979350128285 -0.00680740174945564 0.0669187462695852 0.211013813880501
0.0121131081131637 0.0213094452760631 -0.0471907795466502 0.238463155353263
-0.012169472262837 0.0295067387454955 -0.140600523803689 0.289788469006524
0.0362712295433176 0.163911928068788 0.0591161051691086 0.18001541826983
0.136561596509721 0.0843631189079304 0.0758711220710682 0.0894543282416456
0.116517815448556 -0.0594770792805561 0.0768403287475567 0.0144819633875729
-0.0226355712049675 -0.124929649283633 0.00126078853030655 -0.0767493644065394
-0.0882469663305979 -0.0613658342204453 -0.0779597649872706 -0.0119373773380311
-0.101167020503929 -0.00856506301534657 -0.0175716293176189 0.0384118294498788
-0.0941660422900823 0.0480502270358783 0.0658898111113781 0.00313513887511102
-0.0880380288019223 0.0637971928774733 0.118624099034472 -0.0546747601738403
-0.0957669342303001 0.0534605745137744 0.152394125605009 -0.0854672515812287
-0.106546962669903 -0.0110408664641115 0.200673074010931 -0.056223507532285
-0.0647675743093403 -0.0685017266875937 0.220550697637071 0.0177803201302603
-0.0114034080962437 -0.0907857159247113 0.191947204409948 0.125043408027815
0.0803523918775579 -0.0295029414557081 0.0808022379502814 0.203685776717639
0.0757306711265156 0.0768644429591517 -0.0419032642318563 0.213479203184457
0.00843837910824099 0.133996279603235 -0.113970846939406 0.256086459477702
0.0372124565933455 0.224347581331175 0.0564141024320769 0.132111885936123
0.176826244311158 0.121982376591633 0.10421642569939 0.0841104226849038
0.162722094297416 -0.0675849877309101 0.117159529570155 -0.0382661076532904
-0.0103787108949839 -0.170017045481708 -0.0228216609395698 -0.135860479536357
-0.111536758339355 -0.102781024211805 -0.127959702465611 -0.0235483865217523
-0.144764318330609 -0.0277993136339593 -0.066656349304306 0.0497346729797181
-0.140382106204089 0.0586261412162109 0.0211938384024161 0.0256223427814161
-0.124879381210943 0.0842082111477207 0.0758428688493444 -0.0273914792606142
-0.131531255016967 0.0718469819156307 0.106956785978747 -0.0677821550752139
-0.147750961232392 -0.0142333814491514 0.16950759757297 -0.0621768822328652
-0.0981218254708273 -0.0918162107210663 0.214547234180827 0.000414978274279071
-0.0276207447743152 -0.139849368876168 0.196049595804816 0.123347939632563
0.124659084791128 -0.0692764265097572 0.0712618302598884 0.191723381216595
0.142661434190563 0.107418281499489 -0.0536653664434804 0.161305741661863
0.0409124796969008 0.2204462520521 -0.0895194961758603 0.186505447959042
0.0269642569634783 0.251549352578779 0.0736329104177673 0.0615683016247406
0.179855017398061 0.147057555539322 0.141401904782105 0.0342335057459054
0.178467395802942 -0.0516914630746312 0.122534497119598 -0.112963941157004
0.0114636891689995 -0.177355286204751 -0.0670615641883219 -0.179846647523372
-0.108487666963242 -0.130133855483863 -0.173620083389378 -0.033067830316794
-0.162134197514448 -0.0493386193622213 -0.119172638045758 0.0548339554975765
-0.164561906201903 0.0560539593987487 -0.037278088597892 0.0465264391832754
-0.143177093994713 0.0925359327930566 0.0231661115762023 0.00682044450336648
-0.147727221174978 0.0845171424443742 0.056929597403507 -0.0415029475673633
-0.17196763278623 -0.00563811130631563 0.134972812584964 -0.057460149054817
-0.127990236251823 -0.0985634553304612 0.198943317513571 -0.00112928973157703
-0.0524598790057484 -0.179384339015324 0.171871454062079 0.130483647376486
0.156746950870762 -0.114391155625132 0.0348146447479476 0.16198445677638
0.202235814129608 0.119969637565283 -0.0690623668609087 0.0863049699526214
0.0727743410850663 0.274655695845763 -0.0703318931471053 0.0946632720109834
0.0176208991616747 0.245380992378902 0.103110675023443 -0.028299063055573
0.158391028303132 0.153695620722454 0.157545912585855 -0.0529544470939397
0.171900302400963 -0.0269424751109703 0.0887784889496665 -0.173164395285036
0.0341891638248842 -0.159773902547692 -0.106471340806809 -0.193957849962448
-0.0878383788522051 -0.138439171513617 -0.202202890636476 -0.0436002312476705
-0.153773591690885 -0.0644225219868346 -0.165819115568652 0.0486444787351889
-0.163518528999409 0.0455588697925015 -0.0984566189954366 0.0645190245962255
-0.140108796706369 0.0866815079120919 -0.0324530836579987 0.041515593365456
-0.14436881981994 0.0865422007098608 0.00920266515274417 -0.0118521410555461
-0.176879023203981 0.00260666485728542 0.097007649020716 -0.0390992301084923
-0.145305974947068 -0.0993704271903034 0.163397307433501 0.0133701956729355
-0.0633696274086099 -0.206521445714251 0.116645560612036 0.128668232098884
0.182803795612025 -0.139875843664896 -0.0095967924561148 0.102971614686755
0.235332070808949 0.125130425266117 -0.0686897705565329 0.00688094508591189
0.0908951355676872 0.28773258398604 -0.0583812908902474 -0.00150450912655488
0.0150169782305702 0.206758270360297 0.128708512331159 -0.127563246047213
0.126082828885727 0.134759831315434 0.139551678552341 -0.139710716621279
0.145156342560096 -0.00844198660814705 0.0412212095088493 -0.201719947450503
0.0422326721740483 -0.125368136905263 -0.128636129684584 -0.186717677440166
-0.0598295393824588 -0.123340550453119 -0.212819628868218 -0.0546426302082495
-0.120910953480297 -0.0633549592788025 -0.203192674448409 0.0377662716778632
-0.135064306817732 0.0316787219509404 -0.152443350564613 0.0787345341325277
-0.115533561858872 0.0686266511754181 -0.0812457977073838 0.0719769560430365
-0.122440355180632 0.0743188087790381 -0.0328811259802136 0.0175438316338548
-0.159452476141699 0.00308343438954782 0.0537239181911694 -0.0142012769267685
-0.134979084643827 -0.0979930040490071 0.108155275723104 0.0264274448023666
-0.0435242603429197 -0.203866929624202 0.0531425691584231 0.101021137394433
0.189861768271767 -0.121385496567212 -0.0288518503968274 0.0294299820978479
0.218917737630769 0.126050990500758 -0.0466193409944931 -0.0467603318525164
0.0844857507607715 0.251852462691017 -0.0543565446582884 -0.0865563857872376
0.0172184303599205 0.140084123353217 0.139962432612489 -0.214833871514789
0.0855822924872478 0.0923702024876496 0.103477368785794 -0.202852715803971
0.0992154237662568 -0.00101196952594934 0.000985905682207089 -0.209537397112966
0.0366712704945462 -0.0771089092174383 -0.14070711049327 -0.173395135768763
-0.0272986092634507 -0.0844664764879098 -0.217428528588439 -0.0622459752867033
-0.0703152297806033 -0.0482823822765592 -0.227871175475158 0.0312937459431705
-0.0859664511865619 0.015345190303978 -0.190021366107187 0.0884628603114242
-0.074078930325691 0.0397976073927658 -0.117185336464794 0.0915809461028968
-0.0832785674969528 0.0464454903953918 -0.065967630601571 0.0394282618040876
-0.113764807558252 -0.00516286897229354 0.00890072202389803 0.00405014160546974
-0.0906159540126631 -0.0833360369869966 0.0525503844613615 0.0250645065766816
-0.00635962570508011 -0.15192616810173 0.0116654306445981 0.0582542208013631
0.151352571471587 -0.0652933772166462 -0.0195376036290055 -0.0237859596345194
0.150189926021838 0.103867588902849 -0.0241025611481538 -0.0638634084430568
0.0558002917015254 0.165886627103118 -0.0536923919624979 -0.148752121866989
-0.0151810065743858 -0.0414905626396654 0.0818503832007607 0.182002364860557
-0.05378126337631 -0.0257877682338495 0.0683390170340554 0.0551662622938285
-0.053488289907229 0.0152630308425858 0.0198826425602547 0.0264595220463745
-0.014120550497477 0.0545373137678901 0.0049759634235964 -0.0260106819452813
0.0284307914927472 0.0362713990203048 -0.0394795673598063 -0.00575795012034571
0.0349345345646578 0.00419174130553569 0.0191056063028996 0.0182714356605313
0.0285571904465308 -0.0101989477714518 0.0927140618276717 -0.0285771931963897
0.0176929891873003 -0.00436324880250162 0.141728225605328 -0.0818927206086086
0.0164830792826127 0.0108647160702611 0.188084580289852 -0.0999916730350735
0.0139634802504412 0.0295768804949739 0.22314382412629 -0.04235856439524
-0.00141938829071924 0.036045605846937 0.216711782303764 0.0481014917758058
-0.0294500909699373 0.0323269815670106 0.15746229464519 0.142487980161152
-0.0485472573904768 0.000124476075070919 0.0442778315162489 0.211240179604292
-0.0421823312628989 -0.0509731189007134 -0.0642128819955298 0.234660207212223
-0.019476061812813 -0.0766455425765747 -0.153066163018959 0.27915003424709
0.0183381016801628 0.0684517944653207 0.0747374939362553 0.196528435896347
0.0522251839122083 0.0298989592889731 0.0718434062500509 0.069003952321109
0.03606897763412 -0.0290855349224954 0.0383957736030631 0.0280176283210589
-0.0257691996822887 -0.0420488238062962 0.00603635536694915 -0.0347646291398546
-0.0377759300566589 -0.0100542904459778 -0.0439326022341319 -0.00204392611410346
-0.0363685376598002 0.00448252497505207 0.0154860431066377 0.0257436707020008
-0.0321201830962905 0.0241576362683729 0.0904196041838925 -0.019117953070275
-0.035819804940374 0.0330292762558243 0.138675817071964 -0.0757623216028545
-0.0421836580826986 0.0340089901898927 0.179091615391947 -0.0983121511862542
-0.0500097438550215 0.00673159258276914 0.218222987360046 -0.0508788403755854
-0.0337366683341313 -0.0218622528878904 0.219293930446212 0.034272107232781
-0.0142769430169676 -0.0309887128312861 0.174290460740388 0.12968524305239
0.0212233327893281 -0.00810194857675909 0.0680283641813043 0.205807299751388
0.0127668645669165 0.0201513506267091 -0.0438386512115105 0.233855622786445
-0.0127715994674834 0.0294681299964126 -0.13382749675152 0.285067415919464
0.0374970732875674 0.15975557719554 0.0620283074504346 0.176180939105829
0.134925164328735 0.0807751420710325 0.0786168646499432 0.0850499198161197
0.112262304586457 -0.0590097540068921 0.0797673939640364 0.0109634448429188
-0.0245885340258759 -0.121797288580601 -5.45631165811231E-05 -0.0769437030994976
-0.0878276025483331 -0.0588404515620596 -0.0763116222218634 -0.00932442160718667
-0.100597904499463 -0.00594140703501228 -0.0157392086800618 0.0396583072420309
-0.0913296684919869 0.0495406747589272 0.0659934730016491 0.000392059071302879
-0.0850052539853006 0.0644560548541353 0.115788244078068 -0.0578929305632892
-0.0925559407619817 0.0554169339558375 0.148443810356966 -0.0882349608684939
-0.10621223962099 -0.00701689979632281 0.197157072200563 -0.0609409610147517
-0.0678693122136467 -0.0667866367457372 0.218876403760561 0.0130265197667054
-0.0139294963208497 -0.0897720365818528 0.191164820110002 0.118062981995566
0.0797518769748102 -0.0317634063185504 0.0807683347521615 0.19884718794433
0.0764817560961062 0.0740742221139672 -0.0383041580975092 0.208508873675328
0.00932126048323851 0.132480332611808 -0.107503416438813 0.250110825138502
0.0391130571904039 0.219284531032746 0.0589853281551123 0.12979978076036
0.175442775893597 0.116892379127935 0.106682181012321 0.0801973884238755
0.158947019852692 -0.0679739375293707 0.118757132362257 -0.0423524724869818
-0.0130215747561731 -0.166471075568503 -0.0255262413984364 -0.133722351556125
-0.112540786334218 -0.0987813483544455 -0.12538723143249 -0.0210279728487158
-0.144461392018466 -0.0246511445327789 -0.0637432094998073 0.0519707068556185
-0.137231894565008 0.0609821944860562 0.0220774731231545 0.0248266616871352
-0.121000964812935 0.086377150394938 0.0745723320440407 -0.0294366328637125
-0.127115288283554 0.0748180617237724 0.104760701743274 -0.0689451654821912
-0.147294973633782 -0.00859385596812648 0.166736495406101 -0.0660605242475717
-0.100882104573132 -0.0899241479010678 0.212219347709651 -0.0038984910455241
-0.0304092143119836 -0.138123685602861 0.195460091713689 0.11619297914226
0.123055623225652 -0.0705080457566158 0.0712599647721977 0.186386788724288
0.143045560533199 0.103301075226422 -0.0510649533023352 0.157963624066302
0.042529586488092 0.215774641391924 -0.0837007115552939 0.182123444314721
0.0294877484933228 0.245819775728409 0.0740459732428806 0.0604061249243676
0.178538229496568 0.141667682991547 0.142082898560562 0.0303121235499492
0.176097990988003 -0.0529018488513943 0.121410482668644 -0.115290910587119
0.0082266256746887 -0.175089100445198 -0.0683561025566337 -0.176359918095767
-0.110520643482063 -0.126091967521855 -0.170219118778489 -0.0302767264096499
-0.162659839528128 -0.0448907542781048 -0.115523054498678 0.0565026952563951
-0.161694446586838 0.0596117417095385 -0.0343466738758619 0.0469184528376875
-0.138645170886033 0.0950669195772713 0.0231028658063104 0.00496548203602782
-0.143267832710457 0.0873537084125279 0.0564147642280059 -0.0416802079345402
-0.170541402432283 -0.000514591087191825 0.13244999278039 -0.0602346445822927
-0.130529266344243 -0.0960414136896714 0.196527309991057 -0.00561945487225513
-0.0561168435915003 -0.175305976498243 0.172669683898793 0.122815509728552
0.15367930627146 -0.115468940848745 0.0342726245398514 0.157522336118055
0.201152709006066 0.114258090311772 -0.0683050137914026 0.0847259518335035
0.0751461156860151 0.267385031720761 -0.0667622223159682 0.0920827531086549
0.019166076612641 0.240828306896266 0.100942302710709 -0.0289534069461064
0.159026080133162 0.148332377834771 0.156103766713751 -0.054089418942962
0.169762452930044 -0.0289651905698469 0.0872671467668506 -0.173040834513732
0.0305894325675217 -0.158200024644939 -0.107420585092957 -0.188654254190458
-0.0909704526058158 -0.134417944981594 -0.19828232538109 -0.0406125687720081
-0.155070611981948 -0.0592499802956565 -0.162169859502318 0.051841226258703
-0.160030057505981 0.0502885885073779 -0.0948702674402967 0.0660388349665722
-0.136311352753173 0.0888551512168609 -0.0305215215300257 0.0419928005932764
-0.140140177244106 0.0894316852077142 0.00963959174574063 -0.0112173404813749
-0.175588457917294 0.00755182106546782 0.0946142689267336 -0.0417526289850372
-0.146807231373223 -0.0955686110212078 0.161310666381345 0.00812778781054156
-0.0669458501901067 -0.201159644317717 0.118806237229887 0.122532045450284
0.177318052540539 -0.139880850211943 -0.0095332179190453 0.10064553095253
0.232242934855195 0.118123145127862 -0.0691679788499923 0.00732073134093964
0.0925354079063117 0.279476520618444 -0.0574067081433828 -0.00193484736651208
0.0167014136494076 0.203309228929735 0.124940471327179 -0.125627083940417
0.126913291219597 0.130731029550368 0.136768980501069 -0.139525007492133
0.143539372689608 -0.0114191372180897 0.040177013183885 -0.200168239857826
0.0398901749683332 -0.124850658851776 -0.128705738078938 -0.181264249884597
-0.0634188563471331 -0.120556236210021 -0.209531339595051 -0.0512114799035641
-0.122542262514972 -0.0593537096213225 -0.199644322128122 0.0426334882683356
-0.132352710092211 0.035300084304828 -0.147709688405798 0.0823926466911331
-0.112850839604224 0.0701811851413022 -0.0785743468388931 0.0719684794796125
-0.118670109164866 0.0758444151893155 -0.0312256577266154 0.0185938484643059
-0.157535484827701 0.00699464171068437 0.0515929562548513 -0.0165875917420694
-0.135540617980425 -0.0940485418217499 0.107217309312801 0.0226363491527133
-0.0476642762690665 -0.198235969463209 0.0557740823114948 0.0970269623056953
0.183782412822288 -0.121783411045993 -0.0307653566891526 0.0297522759855181
0.217252793048565 0.118708524705522 -0.0496039922682661 -0.0453569511956267
0.0865457504674298 0.244680488194844 -0.0554709915587826 -0.0849024106234709
0.0180512827608721 0.137419358284898 0.134185957324542 -0.211976344684489
0.0858057775291119 0.0891041972536646 0.0999316407009686 -0.200160267054533
0.0983562102675762 -0.00299821166850171 -0.00102339115195053 -0.206674334567587
0.0341801437975469 -0.0768485002131966 -0.14020842331966 -0.168190734240662
-0.0307752119788377 -0.0831579961741808 -0.214731261803176 -0.0583789586383005
-0.0720906457690088 -0.045938620737827 -0.225413633936005 0.0365325270873333
-0.083575732595498 0.0171974472385864 -0.184811147200947 0.093856394635187
-0.0724636166547651 0.0407682048938762 -0.113487159067534 0.0930812773783496
-0.0814780332937097 0.0477573990502155 -0.0634996470239155 0.040897546059574
-0.1129186046907 -0.00178854330910235 0.00806814331865172 0.00313070882152114
-0.0915353214302622 -0.0799897633393532 0.0523257423767413 0.0216756032358989
-0.0108198613553609 -0.148049083365849 0.0142707508966338 0.0560606596927206
0.147219679675918 -0.0669301932560652 -0.0228377065148637 -0.0221057228401169
0.149244027762244 0.0983174773519962 -0.0279498384909281 -0.0617333992598395
0.057749350205066 0.16072413417057 -0.056750964249659 -0.145602573892884
-0.0151123685606295 -0.040599482346186 0.0828500473370967 0.179260694349529
-0.053197689980829 -0.0237599674239089 0.0715322506325282 0.0526185981615622
-0.051511757372663 0.016266100600355 0.0230506877280924 0.0230864566203703
-0.0126884914656839 0.0537300284961516 0.0042225475832936 -0.0269687034708649
0.0284182505473296 0.0356839402701793 -0.0394853986487161 -0.00279494195442051
0.0344060837327202 0.00407746171564025 0.0199693831349267 0.0184565991022956
0.0274409770981082 -0.0114130536814464 0.0918053707135675 -0.0302675626089419
0.0173509918512486 -0.00457555371021853 0.138523146729541 -0.0832469433960851
0.0168641222596668 0.0106103948406501 0.18307491946393 -0.101349858408691
0.0150296314838236 0.0287568350670216 0.219053602586342 -0.0451995535752836
-0.000423191481281644 0.0354285962400727 0.213611800856165 0.0451249325162743
-0.0284125914839245 0.0325542870033252 0.154030145877069 0.137743383069328
-0.0469843132031644 0.000311644064105105 0.0431852392271998 0.20673089010715
-0.0424129022965274 -0.0502176311538815 -0.0624418594259453 0.228636370603009
-0.0191763568643305 -0.0738171993122015 -0.14906583036472 0.27106118985234
0.0177037690024098 0.0671409099119783 0.0757125932577312 0.193326446357769
0.0510571082031394 0.02977011291032 0.0745685416845769 0.0655262396531315
0.0355967437874097 -0.0274201239538372 0.0417238250846536 0.0252033859151578
-0.0250726163421786 -0.040576949189145 0.00570327486779452 -0.0353701028746611
-0.0372590990983376 -0.00957183864904904 -0.0434096971593703 0.000471417192820123
-0.0362945126193167 0.00496636028195248 0.0165330203081159 0.0261426752859068
-0.0317278759150093 0.0239285145207491 0.0892897526913896 -0.0211583953970332
-0.0351889435675047 0.0327295237990532 0.135807521204159 -0.0769617197816689
-0.0408686545486726 0.0341564741734318 0.175055336136511 -0.098818653536337
-0.0491055896975289 0.00774891152437642 0.213637269436695 -0.052989587113979
-0.0346530584580531 -0.0211034284591381 0.21726184178972 0.0319858828023064
-0.0149121365354431 -0.0303433488378119 0.171386638517973 0.124522953484979
0.0217248672121666 -0.00905094744153206 0.0658851642512935 0.201352240575798
0.0126897124180326 0.0193880254761431 -0.0426367492691274 0.226827445816917
-0.0130121523650147 0.0306268685675648 -0.129192486569582 0.275989325603013
0.036777746372533 0.156128273549462 0.0627134079759723 0.172535921604091
0.131613226138254 0.0776042900103886 0.080625797659331 0.0820984615865637
0.11006062383727 -0.0566265859235053 0.0816741902462238 0.00790614769898735
-0.0245494663844734 -0.118730256778351 0.000135091445411897 -0.0766807310583365
-0.0869480577252642 -0.0568219152831154 -0.0744730951050683 -0.0069744822293179
-0.0998837380628468 -0.00471998350650157 -0.0136947701792835 0.0402443051884768
-0.0895887971411472 0.049817495154904 0.0654438306859173 -0.00132882707089809
-0.0827244853995753 0.0652633419692425 0.112917022857706 -0.0594688712088087
-0.0892735321611857 0.0567600934311526 0.145564333151968 -0.0888348510767361
-0.105146039283099 -0.0049241228351294 0.193227063480264 -0.0627472866711369
-0.0688461845664775 -0.064999541431074 0.21584561482392 0.010348892979593
-0.0152602003185558 -0.0883754330941645 0.188420166480108 0.113037481977676
0.0796252823172247 -0.032152475511534 0.078970607067998 0.193936113722904
0.0766227032732699 0.0725321276508406 -0.0383228489784041 0.202283332720598
0.00817163872455503 0.130339381809784 -0.103313075818824 0.243353555651227
0.0381631338652165 0.214533678055734 0.0584840361348529 0.127118412257197
0.17147102267742 0.113507106168863 0.106534819959758 0.0772462586510872
0.155429607481637 -0.06575157317175 0.118755433679623 -0.0437309740032732
-0.0135861460716597 -0.162422278025701 -0.0251946962483623 -0.132556243501083
-0.111975868517612 -0.0962225345822234 -0.122505769400489 -0.0196625133017354
-0.143434236274144 -0.021596127373001 -0.0614269156630746 0.0529874824921734
-0.134245700855395 0.0615311032366139 0.0224155533846975 0.0231058973321535
-0.117995405048346 0.0866822097113991 0.0729066513680096 -0.0308777522277845
-0.123399191082697 0.0756961067892924 0.102916366499401 -0.0688732693000034
-0.146129163524123 -0.00595458878985453 0.162691256315087 -0.0678028895467566
-0.102155459998972 -0.0882489579732714 0.209213630398276 -0.00643068534613295
-0.0320958662713031 -0.13553664905503 0.192481244014157 0.110579157034836
0.121578741461674 -0.0711587023066227 0.0685244794355319 0.182202778966841
0.141899694169059 0.100362018061518 -0.0513081022371239 0.152965360443526
0.0409669542625914 0.211469075358508 -0.0807902621665416 0.175982601782843
0.0282878002142074 0.24057126241242 0.0734299133679595 0.0586945285756014
0.175512418512538 0.138037153537085 0.140990057270514 0.0276755522782017
0.172740012087538 -0.0515703110936136 0.121498964132083 -0.115277738494172
0.00754790800839969 -0.171541279153717 -0.0674867746422208 -0.172880976558029
-0.110665158339146 -0.122225488814554 -0.166348267930573 -0.028749698490171
-0.162211077844009 -0.0414928566479655 -0.112649003227242 0.0578234263375706
-0.158513479694566 0.0616314694889057 -0.0328769142700916 0.0467829620209941
-0.135498147098604 0.0954278558895014 0.0229421736393504 0.00455418485175368
-0.138746126052524 0.088696109641045 0.0557026373640384 -0.0409677610883491
-0.168824312923426 0.0027257102964602 0.12892536235851 -0.0619561004213445
-0.131347642365176 -0.0941171402670612 0.192549833889283 -0.00821409094652105
-0.0564305780046549 -0.171370472617615 0.169799407749541 0.116626746614609
0.15052010671739 -0.113183149865057 0.0326282192880322 0.153212929691623
0.197202900732154 0.110969199840729 -0.0684667619685035 0.0820804921486147
0.0736528007437154 0.260813666180339 -0.0646088736826115 0.0881914436534699
0.0183364070658287 0.236007880082673 0.0998285771081455 -0.0278074371597055
0.156974406922869 0.144720763775736 0.154167676492074 -0.0546218554733815
0.167764921466996 -0.0285739050061093 0.0876134746214485 -0.171867135787507
0.0284897449838289 -0.156536513781737 -0.105589391340905 -0.185423917585904
-0.0927180804494625 -0.131344006502837 -0.193706515942359 -0.0390916675314768
-0.155008806396509 -0.0555143052945869 -0.158367962611907 0.0532297603904751
-0.156774145353172 0.0517900581393455 -0.0912526712833616 0.0665384135137463
-0.133187207135755 0.0895779401100406 -0.0297617714060113 0.0410084812689262
-0.13602158575146 0.0897384036524524 0.0101474932457224 -0.0107287359150143
-0.173504165680952 0.0100442155696954 0.0912196773446189 -0.0437361913494777
-0.14599359257317 -0.0932466500832421 0.158965029228542 0.00540492459018903
-0.0678186267519956 -0.195371699266277 0.117771357079586 0.117302299559065
0.172872296115553 -0.13790651714273 -0.0116612092187972 0.0985280074027622
0.227885430292998 0.11419906726882 -0.0700162235801725 0.00701511598870685
0.0909830204443226 0.272180264539293 -0.0556127737442146 -0.00312909703272241
0.0158720450828434 0.199391452844948 0.122283335252391 -0.122502739723876
0.124879254348653 0.127979238190035 0.134965767280153 -0.137547281641428
0.141206668800159 -0.0118928263439361 0.0406071137302576 -0.197675884642204
0.0377851324219902 -0.123024670314291 -0.126229643888685 -0.17721182737588
-0.0657682931890904 -0.116854429921159 -0.205844113273246 -0.0491937672055575
-0.123108253640737 -0.0561911264071167 -0.196071119378238 0.0446236137038381
-0.129705723623573 0.0367271213248116 -0.143544459794908 0.0837849494388503
-0.111112127854864 0.0707733980114934 -0.076387045385329 0.071906780501313
-0.115336950093932 0.0755850285157908 -0.0301622455970864 0.0188767884960841
-0.155846129351984 0.00942650403598099 0.0499007119691558 -0.0177672536575993
-0.134505031039005 -0.0917121770879813 0.105262345055186 0.0196597085859619
-0.049849781331809 -0.192416301171289 0.0566965820363248 0.0933009425559171
0.178800372070392 -0.120343139268562 -0.0326232648227166 0.0301196528944348
0.212832797780606 0.11412923257577 -0.0516711514155023 -0.043936534696452
0.0846507640707934 0.237811101174732 -0.0552865670143367 -0.0836031355231847
0.0173562468310591 0.135263177179285 0.130983594771826 -0.205669687648135
0.084281985568316 0.0862982700323481 0.0995437086265203 -0.1959160498653
0.0967181986851284 -0.00431018083836874 7.1520478158015E-05 -0.203506130199056
0.0328318723954657 -0.0760368575795501 -0.137677435833709 -0.164587119779908
-0.0325492462633687 -0.0808035578230933 -0.211226779860919 -0.056610073857352
-0.0722545279449979 -0.0442403795030437 -0.221597712839493 0.0395451286942056
-0.081537312042374 0.0179593271836757 -0.180210397826433 0.0957997131639927
-0.0710973513404876 0.0408850953111077 -0.110806402436722 0.0930373688255911
-0.0785736996316176 0.0475806092772719 -0.0622335363196948 0.0416302951044944
-0.111629763080296 -0.00034030631885031 0.00743984094453906 0.00192947971792163
-0.0912595581158186 -0.077676638822112 0.0515507797734912 0.0197053181469615
-0.0124881706477594 -0.143968380660364 0.0156201292582239 0.0536514538903396
0.142762917386781 -0.0668122503771008 -0.0257738109292999 -0.0204642604319513
0.146030029256585 0.0937947700084091 -0.0309748165925235 -0.0596322027155732
0.0567366537170251 0.156064780015455 -0.057514254181621 -0.142369655752169
-0.0152834469369741 -0.0402487039688469 0.0817288036606861 0.178528417643625
-0.0522215194219236 -0.0225726696525806 0.0736663465331575 0.0516722652512824
-0.0498177954836397 0.0162478216815594 0.0257021251580423 0.0212312186007749
-0.0119920313005031 0.0520788501557521 0.0039396156955722 -0.0277753200015459
0.0281111558854669 0.0350861884548527 -0.0383178429820326 -5.70731683217413E-05
0.0338900558870877 0.0040123103962039 0.0210515955369081 0.0190027889841516
0.0270695270216299 -0.0110502085822635 0.0903230148486826 -0.0318612906074631
0.0169725982471343 -0.00436990657870085 0.137173445185493 -0.0835217985495913
0.0172001941348493 0.0102289161986215 0.181293396312016 -0.100312881735953
0.0157257848839011 0.0286837749371766 0.217134778805042 -0.0447311432507961
-0.000871138861358628 0.0346274164461318 0.211439732568714 0.0448475808116021
-0.0282812775243202 0.0323425880250047 0.1510218517157 0.136470954133095
-0.0456318543784832 -0.000302267007392805 0.0401849111338927 0.204797047145369
-0.0422331073528649 -0.0509294296292815 -0.0648308576473407 0.22335557510336
-0.0183635053171637 -0.0718495537635695 -0.149597299082125 0.262760044176773
0.0158323593898218 0.0660454070860101 0.0746123344318399 0.191792070538554
0.0492178864635948 0.0298485620885328 0.0753584101874453 0.0637829564038503
0.0354427178080681 -0.0262102119568748 0.0441267501558577 0.0230375332734888
-0.0240112349694442 -0.0389952936509727 0.00562403684591623 -0.0361054080650369
-0.0364057841404289 -0.00980627672120774 -0.0425386037790963 0.00209131922637794
-0.0363948870046733 0.00483134038082969 0.0175340571425439 0.0269877009201383
-0.0317412170113169 0.0237287834222941 0.0892265729711978 -0.022460083317067
-0.0348651058653189 0.0327199750776487 0.134347313286136 -0.077449130200836
-0.0394432431383438 0.0336005766234828 0.173155522132399 -0.0982697777052291
-0.0481144533789801 0.00837291317972057 0.212159652518658 -0.0537733147172938
-0.0348772401584537 -0.0216991651671963 0.21558397079804 0.0318453226855319
-0.0154573069458365 -0.0305591059259719 0.167626572889506 0.122699505419045
0.0223666116977229 -0.00982428762331123 0.0627318777530675 0.199754198329418
0.0123249363741118 0.0193039773179658 -0.0448707780630267 0.222108116005179
-0.0139549036523238 0.0317342942832276 -0.130096251853735 0.267751458062176
0.0338455644418337 0.154239976998022 0.0612838614344016 0.171119096190346
0.128406064431048 0.0779460126047324 0.0811359457420327 0.0804545793860058
0.109581173511617 -0.0536199208149011 0.0846718000041719 0.00548435036254471
-0.0231674743039833 -0.11618049344207 -0.000107155414454508 -0.0767241485022129
-0.0857585847224058 -0.0572016420553091 -0.073796442844176 -0.00701820263921623
-0.0996314238278617 -0.00468409672132115 -0.0121971812815031 0.0407321872661145
-0.0888371601079788 0.0493449465619173 0.0657167440162657 -0.00203643807792841
-0.0819366128009543 0.0639770771171812 0.111662167035118 -0.0593619652670666
-0.0883834187945533 0.0570341453610207 0.144669450663097 -0.0872598374170128
-0.104875600192171 -0.00380300785977535 0.191591439129957 -0.0627587471934565
-0.0704518411185974 -0.0649914015992293 0.214373287307583 0.0109999615440671
-0.0158304930243694 -0.0873350781103549 0.184764413037002 0.110697614167661
0.0801266180791394 -0.0328976217488677 0.0750425096457517 0.192547518134191
0.0755404045899662 0.0716738919387222 -0.040595835932563 0.197779131517559
0.00596991104707233 0.130082510574338 -0.104453180339278 0.236019682319869
0.0344657467678542 0.21195580303306 0.0570955443020151 0.126090499717005
0.168194009716237 0.113327509205381 0.106779746485389 0.0755793580946864
0.154251296498494 -0.0622326119999655 0.120529861576499 -0.0446520563283451
-0.0122358288343342 -0.159856783286695 -0.0241027585381496 -0.130941542979908
-0.110528025268059 -0.0961114426547852 -0.120862893023045 -0.0194974702873236
-0.143624039013616 -0.0219440574130824 -0.0592084996553776 0.0534775527425314
-0.133545734316938 0.0621558445463823 0.0234510972798382 0.0228906813796255
-0.116957567459939 0.0865337221625614 0.0722584347780745 -0.0310802298938531
-0.121506440120407 0.0757680577222042 0.102651315523333 -0.0675985640398755
-0.14548410101564 -0.00443827834762864 0.161102931436687 -0.0676983380274762
-0.103106382568285 -0.0876202458190151 0.208155463896702 -0.00629092332090593
-0.0322997361406487 -0.133677157383228 0.189125985584903 0.108108241930043
0.122135391356432 -0.0702508311080363 0.0646937180679597 0.180095514706274
0.140118922353771 0.100110183575329 -0.0530238145796478 0.149844984686516
0.0365637545959291 0.209232487905014 -0.0814010771084875 0.170571284103013
0.0247426909246611 0.238391048452795 0.0722405716105143 0.0592273704601405
0.172055245268389 0.137361495973049 0.140969079165641 0.0285689999526333
0.17212477018078 -0.0487949595788554 0.123671477633148 -0.114887739338539
0.00882278574514208 -0.169503891052306 -0.0657741981847082 -0.171324722256735
-0.109979373897975 -0.12177881884679 -0.163750899695824 -0.0301691082603685
-0.162736307041223 -0.0408678636271859 -0.110155157328617 0.0587308479532571
-0.156803938272991 0.061218719642062 -0.0317508379113565 0.0465924285433096
-0.134509249287334 0.0952035867540552 0.0226844456021163 0.00401645856515228
-0.137213000085024 0.0882925479864241 0.0562187234331507 -0.040254751832857
-0.168559205545373 0.0035746993916363 0.127105330907895 -0.0625375552042454
-0.131149133234743 -0.0936229990767729 0.191392525929013 -0.00824767584176282
-0.0557048167818009 -0.169153116561735 0.167159692821977 0.114773965332223
0.15111272741642 -0.111632420006566 0.0286395261599682 0.15214150324967
0.195487903098439 0.111270371540774 -0.0697480186347049 0.0790602379633785
0.0680748628649784 0.257249096756077 -0.0647066594715077 0.0847232514453849
0.0144173503063102 0.232951058330921 0.0986307010506845 -0.0262804913672858
0.154325508841938 0.144373500120541 0.153961055384086 -0.0529750973405707
0.167393464986908 -0.0263473094802564 0.0898814944151987 -0.170588664580671
0.0296988328556596 -0.154809781021464 -0.102065460175913 -0.183234447285289
-0.0927048139665366 -0.12993611110835 -0.190780888350426 -0.0397542194549923
-0.155137288900794 -0.0543101162323226 -0.156008673124507 0.0538536748323016
-0.156009986417655 0.0523279140234695 -0.0903933723934102 0.0666584953471089
-0.132074845472778 0.0892062896660786 -0.029494708157884 0.0406772571049863
-0.133880902187663 0.0887886905050165 0.0108864183529633 -0.00989015022206546
-0.173007357578768 0.0104754274203294 0.089468191775004 -0.0439537998265293
-0.145972297704465 -0.0939459527396421 0.156860691647425 0.0052036673389169
-0.0665097418268034 -0.192413893689971 0.116083848759703 0.114046795824006
0.172544362155584 -0.134756987978646 -0.013944518421772 0.0980326512068906
0.224073792122192 0.11445715686521 -0.0712072470537617 0.00630551082994733
0.0864293955635734 0.267515165546342 -0.0556253113982552 -0.00465429847523834
0.0127820815791043 0.197523439492662 0.121953494918883 -0.118575259470705
0.122810751716331 0.126541794668624 0.136050656017297 -0.135268302743071
0.140840903689403 -0.0108148394385472 0.0433392524244406 -0.196641018394653
0.0379004172238294 -0.122224034960697 -0.122833547032266 -0.175985261344629
-0.0668113459560484 -0.116075416830674 -0.202627178296511 -0.0508738806037225
-0.123175824062137 -0.0553842781694084 -0.194015228863192 0.0453139898771424
-0.128706763562852 0.0367709392212044 -0.141271075163357 0.0843214662544959
-0.110193755071737 0.0702039202260681 -0.0756124022048503 0.0716727961581563
-0.114041714094592 0.0750492641335651 -0.0293133568524571 0.0194365978865626
-0.154752282253893 0.00947247581793299 0.0477185258768465 -0.0188068253642177
-0.133760782551847 -0.0910168950744486 0.104651566279349 0.018917092253383
-0.0478509290351653 -0.188209250639524 0.0567558247215589 0.090362022459947
0.176516976726247 -0.117245763545746 -0.0353690064007402 0.0303005525924979
0.209168647494781 0.113193091316195 -0.0533295548463384 -0.0431853067525676
0.0807383593943039 0.233538891389218 -0.0548669013836967 -0.08316286862231
0.0151658371395021 0.133732556445778 0.131366396606961 -0.200273211095566
0.0823249176868289 0.0855240570856111 0.100703989798626 -0.192488919033568
0.0963459074047901 -0.00344704233774548 0.00234640451544312 -0.202155920746806
0.0331662794704533 -0.075369110956136 -0.13402490261915 -0.1630313838932
-0.033566670585736 -0.0799014785774124 -0.208262985868602 -0.057153256254878
-0.0729359804595869 -0.043354118918267 -0.219098329962982 0.0402289738577217
-0.0816044428510736 0.0181827678990569 -0.1768488038708 0.096589087557099
-0.071112634844046 0.0407968950582446 -0.109591010858398 0.0931079601894474
-0.0777118791608603 0.0472548818098352 -0.0614425706993722 0.0412417797676447
-0.110554178457576 -0.000463017745208193 0.00677362014085277 0.00109407625856134
-0.0896637820428064 -0.0771915096938876 0.0511258935368129 0.0184612749316718
-0.0131461309667932 -0.140537853096132 0.0169993921552311 0.0524639469151907
0.140436014609388 -0.0655771326486155 -0.0283869951892911 -0.0185569478176029
0.142958658388732 0.0922713678193828 -0.0337640469569481 -0.0585543210001946
0.0536355648961188 0.153440173158298 -0.0563487610075072 -0.141268510370992
-0.0152476434240696 -0.04035611376605 0.0818223912027393 0.181549204662269
-0.0526829165784903 -0.0225901278673676 0.0769410903458404 0.0515293394152213
-0.0488916827057224 0.0159443254888773 0.0283937527056936 0.0186587868474811
-0.0120225892824729 0.0527181395044123 0.00394204396953686 -0.0291736360996567
0.0279405618319446 0.0357327225183591 -0.0384822510078447 0.00222815012239095
0.0339789383611055 0.00453526182223256 0.0223240729471505 0.0203737331566004
0.0270030229373215 -0.0107400259695045 0.0906884508194164 -0.0335830134009384
0.0173079511842963 -0.00489794615289535 0.138421584895191 -0.0846519184760343
0.0179062160623443 0.0106243447632014 0.183563369099151 -0.101000350684891
0.0166149160435709 0.0292038622170477 0.21915806426663 -0.0442634210705759
-0.00115409070172072 0.0352075912512068 0.213047623155636 0.0469946345876052
-0.0288820839860252 0.0325405674481431 0.148821413704404 0.137348868694172
-0.045769091683116 -0.00103417019043993 0.0371824450693038 0.206092146041926
-0.0427493597853468 -0.0524514836001279 -0.0688007638731346 0.221637870404945
-0.017034242649518 -0.0710217322060359 -0.155585667768792 0.25901456345248
0.0146353348310071 0.0668270868405076 0.0736239236516966 0.193969193919897
0.0484268478024955 0.031259110634907 0.0778457963741083 0.063405435654188
0.0369331278706557 -0.0249260759134343 0.0477119852645676 0.0205507604638669
-0.0232044414444587 -0.0389757978089018 0.00544255091829029 -0.0375764000725638
-0.036387258535562 -0.0103456649755305 -0.0420958470514375 0.00370902546249322
-0.037176520113624 0.00523548929174979 0.0195484490229594 0.0284793036607464
-0.0322905427084491 0.0236974910077774 0.090088023957354 -0.0233662023983848
-0.035100266629567 0.033065804029228 0.135952653044857 -0.0787907185410766
-0.0395863147688209 0.0345357410577075 0.175349368879101 -0.0989074295003227
-0.0484729680736353 0.00909296102005122 0.213895410614887 -0.053163526362885
-0.0366686652414525 -0.0217015418116194 0.217727975393894 0.0343771322629291
-0.0153975613678437 -0.0302035506490687 0.166751471295368 0.123948711812757
0.0237947608119622 -0.0104310617468991 0.0599027588297272 0.202211709578809
0.0121415212985758 0.0186208925715122 -0.0479795821403959 0.221054128685279
-0.014756433065936 0.033062341458144 -0.134794388275357 0.264524672444804
0.0315009658235607 0.155930386719491 0.0599297508104562 0.172510394822219
0.127255194993071 0.0799270189180015 0.0822984777142944 0.0796815854758304
0.111494434038453 -0.0513847667367067 0.0878792310572733 0.00418140795900369
-0.0213788552873037 -0.115979955130993 0.000176045193452765 -0.0776238918184498
-0.086041818785681 -0.058592845893294 -0.0732955550390538 -0.0059344602004453
-0.101247443450679 -0.00497190783317074 -0.0109508575215403 0.0420536114983036
-0.0901710960294463 0.050056296989366 0.066632376421729 -0.00236039907049332
-0.0826670324608982 0.0654912664850671 0.113209134500355 -0.0603976123827332
-0.0888208187188836 0.05769338225952 0.146602903443644 -0.0875489658538075
-0.105775408492013 -0.00358794292737241 0.193283364499963 -0.0630653007197767
-0.072384613088366 -0.0653572693005675 0.217058576258353 0.0124241002685699
-0.0158059656342061 -0.0880807445472487 0.183476572788793 0.11198574039648
0.0825463597136549 -0.0333970155847159 0.0714025551060779 0.195154969553531
0.0760109518788512 0.0727418591120758 -0.0442162075057513 0.196788418937769
0.00305921532082516 0.131924736459031 -0.108120749333632 0.233138413422437
0.0305789003690866 0.213508777000181 0.0554458177791751 0.127057196827284
0.166898437034357 0.115935167994607 0.107557452178444 0.0761529440068757
0.157042013444917 -0.0592543784839489 0.124540189467208 -0.0454177037874912
-0.00949488383131815 -0.160105977937514 -0.02344924131727 -0.13252899399548
-0.110957432152878 -0.0983023671793865 -0.120106855884842 -0.0205458895451435
-0.145963678835586 -0.0219336771421233 -0.058132991491988 0.0544097550192644
-0.135215036849888 0.0627571677213867 0.0242679752415546 0.0228395711829192
-0.118771742722443 0.087242761660279 0.0732001394821582 -0.0317438197427377
-0.122664275334878 0.0768949412564087 0.105135548695695 -0.0680607623820371
-0.147081977896333 -0.00389610189892989 0.162565491050962 -0.0691193416015852
-0.105829268131524 -0.0894237807834951 0.210250688024873 -0.00475599314647158
-0.031356701706972 -0.134328178305321 0.188080920999589 0.108293190251696
0.125142908501223 -0.070124440001098 0.06065764433022 0.181900930115728
0.140673500184003 0.103465288318619 -0.0560778808640317 0.148209814136484
0.0331485122045083 0.210901504546413 -0.084306519110515 0.167918481647473
0.0201883861954907 0.240253204912655 0.0716898756192238 0.060399679216765
0.171243874517808 0.140546333418416 0.142129275361956 0.0299098057293974
0.175142503193618 -0.0457433273987683 0.128239156405921 -0.11617952666296
0.0109581573538288 -0.170159047740219 -0.0638300907396775 -0.172595641989664
-0.110845396680408 -0.12412228619527 -0.163725159354853 -0.0309949301516623
-0.165141380700079 -0.0418376483610244 -0.109615588592684 0.0598042336887645
-0.15917550815968 0.0625355447418133 -0.0315182147076296 0.0466635229574262
-0.136148098993515 0.096291321104674 0.023211936379161 0.00335709357194561
-0.138379388895266 0.0890023202401399 0.0577615001406859 -0.0406508058814868
-0.1711362289124 0.0033594825861029 0.127309137846244 -0.0629585312604557
-0.133903555318061 -0.0964112952673128 0.193401338688422 -0.00779846594859969
-0.0549870750945787 -0.170804824996169 0.166831479235983 0.114202921296233
0.154908731990003 -0.111000712249731 0.0249165034132983 0.15301444681991
0.195129656290666 0.114623150378958 -0.0724191511393533 0.077851581771797
0.0633731196296461 0.259364999962996 -0.0659678415828072 0.083245983704164
0.0103854357331319 0.235709509028154 0.0991450017824453 -0.0242655077384004
0.153178502968929 0.147964820566364 0.155902535972847 -0.0525245531376198
0.170079956575004 -0.0243596895050059 0.0941801534493469 -0.1722564082601
0.0311696822094859 -0.155875228651663 -0.100510850855207 -0.185553966389049
-0.0940463224312439 -0.131842113220753 -0.190755796217625 -0.0431171308154794
-0.158176631244564 -0.0546472056775231 -0.157114733585032 0.054255846909575
-0.157787884800754 0.0524351932167938 -0.089732539641419 0.0679460662580409
-0.134395402931452 0.0903331975901475 -0.0299570230543785 0.040943668711387
-0.135780746798856 0.0893434987259197 0.0118565907250803 -0.0099094013677056
-0.175545457876566 0.0103208855757051 0.0895778652590585 -0.0451244734207355
-0.147561405834251 -0.0964781332678938 0.157970989349784 0.00507399616323225
-0.0646572731404348 -0.193507712496496 0.115702402132729 0.1135262371474
0.175930063045451 -0.132899184141275 -0.0175585811105872 0.098089013965061
0.22361894549365 0.117586763630123 -0.0739464962978773 0.00497845779326083
0.0811709385694186 0.269126068134667 -0.0556548462385699 -0.00652536312273161
0.00918173240402381 0.199054514894032 0.12476068627388 -0.116766368754565
0.122310255887275 0.128918220809888 0.139228143318173 -0.134628973500161
0.143062776996597 -0.00933789385014701 0.0473498464908778 -0.198991579151268
0.0396453462771506 -0.123242222770877 -0.122223455095886 -0.178537509821505
-0.0675509965726459 -0.116896951653825 -0.203183342989632 -0.0538521781532059
-0.125538413058417 -0.0556935790152346 -0.195199453576913 0.0459912021396916
-0.130160449857567 0.0378370516962644 -0.142321269762537 0.0854466588111717
-0.111813719195175 0.0705554103945393 -0.0766899860987256 0.0718807704286746
-0.115261498050724 0.0750279709309286 -0.0294976624100414 0.0198695543185253
-0.156553185450525 0.00871726589486433 0.0471702489985222 -0.0200624316166994
-0.134800269103635 -0.0932376159405692 0.105421722689135 0.0183517961591192
-0.0469667622915465 -0.188432262797737 0.0561922297323323 0.0893947394827719
0.178427687967795 -0.116329698670499 -0.0387928344544146 0.0308860823320756
0.2074290132608 0.114730146761945 -0.0557179357752947 -0.0440382143949717
0.0773164218471272 0.235064997473172 -0.0535344684099522 -0.0851434501649659
0.012859493976535 0.13511480563583 0.134954773453847 -0.198477699503345
0.0819863681075391 0.0873188143023957 0.104481895881817 -0.19200394217691
0.0970595069202894 -0.0028423184385046 0.00630497015109274 -0.204323289466652
0.0336740582801102 -0.0765722681869932 -0.131695721883452 -0.165892708562667
-0.0345247668337391 -0.0804423148469006 -0.208708083915764 -0.0606360459926009
-0.0746613721358826 -0.0437436548366775 -0.220125622612172 0.0404045714574603
-0.0827690988488899 0.0178768455838584 -0.177811949136729 0.0972136699841815
-0.0718412156072034 0.0408854771245442 -0.110522917157811 0.0932074603936504
-0.0781192439130773 0.0464895949582698 -0.0620858495015111 0.0419602542515942
-0.111833642562181 -0.0011021742415453 0.00492840118908451 0.000254671872028213
-0.0896884032828507 -0.0782995978490597 0.0516157385062408 0.0174896047454794
-0.0124989197337105 -0.140416284247785 0.0163245547654423 0.0512535118338906
0.141690850813584 -0.0647229119874626 -0.0320889523893668 -0.0169958526664925
0.142515106181346 0.0929262917651796 -0.0362124828763448 -0.058195322366652
0.051432809554854 0.1543468182297 -0.0554436712821151 -0.143054498944467
-0.0346197149225251 -0.0244784984525429 0.175324664191622 0.0993465232106465
-0.0537812896171898 0.0119068221936509 0.0922935056246845 -0.00690103650542014
-0.0301086208341427 0.0405858589607228 0.0347949863587501 -0.00246051418900649
0.0207858647511127 0.0489839186460431 -0.0134105981964051 -0.0252788426806512
0.0439021178579919 0.0131569510419602 -0.0263071748593329 0.0263004916687855
0.0312077305463806 -0.0164228369312605 0.0328512259374922 0.00190197377238459
0.0142628367512404 -0.0252363994660462 0.0531462686968685 -0.0854381541475343
0.0114799270150803 -0.0145117645136884 0.0597297192010287 -0.15492290938877
0.0218907654223947 -0.00392170144965242 0.0862265290188652 -0.197236644511961
0.0324931661198878 0.0118264285308437 0.152406742471471 -0.171621572604115
0.0224284220810454 0.0290253941640142 0.202370265619619 -0.0940422315503582
-0.00153465442237277 0.0435396479923628 0.20634728540651 0.0208033190844555
-0.0371164019436678 0.0287113173879519 0.15948887037046 0.145626614720354
-0.0685474182726003 -0.0131106610264901 0.0843281637414193 0.22238242213645
-0.0596092378297142 -0.0448863019372401 0.0355952754663834 0.313102273981247
0.050878184095852 0.0488798784641704 0.18259515228146 0.110684816324938
0.0577711180415467 -0.00209290767088179 0.104630579500341 0.00151933932483251
0.0173535009264245 -0.0421182847768402 0.0520232453194536 -0.0173614029569211
-0.0398116717859081 -0.0188461415039595 -0.0202397302850776 -0.035141672905989
-0.0350396481933831 0.0130507137681148 -0.0300369618251073 0.0301111680382342
-0.0271064630983321 0.0263417836432626 0.0338668216414457 0.0115814121752714
-0.0125594862972782 0.038794153835421 0.0586467126363144 -0.074917777272932
-0.00840857085315356 0.048547179904042 0.0608580234383328 -0.148359549459012
-0.0106014651667251 0.051535117507245 0.081407540274493 -0.191781744383973
-0.0341039860172101 0.0367184091313884 0.142898065631412 -0.176451842067043
-0.0437612010663779 0.00449435719125989 0.197790001573205 -0.107484500830657
-0.030124684677323 -0.0167150032826101 0.211593353938497 -0.00105556242645349
0.0165197079946599 -0.0238977958200438 0.174051560357534 0.128382454840433
0.0238190959117328 0.0110576401797752 0.0983688549325581 0.210844127572694
0.00816591369088985 0.0425038411427042 0.0522524563200577 0.302397192768857
0.114229952906495 0.11385051221179 0.163422575383278 0.100719535748989
0.148070177574827 -0.00757352572041508 0.121216665955189 0.0118170241069117
0.0626059105757572 -0.106755311769472 0.0755981834937955 -0.0586242026851034
-0.0822914789230994 -0.0815384645321893 -0.0520060707805947 -0.0674303359463952
-0.103707709914563 0.00260900483776387 -0.0638421289459857 0.0408936654118616
-0.0853219640660533 0.0570277410152669 0.0161078623343518 0.0415449532531675
-0.0428713357658348 0.0950358795188638 0.0527588107362331 -0.0426304701277878
-0.0274113007273698 0.104631747156138 0.0541145901308562 -0.120563726210862
-0.0362323194043954 0.101651979442179 0.0649783716183581 -0.165325739505275
-0.0893306190910815 0.063106722594061 0.119219996045891 -0.172277160498121
-0.101346352334991 -0.00928136650178477 0.184549243292186 -0.123935425239654
-0.0664771915901862 -0.0654267998039348 0.218405081507022 -0.0211758364752613
0.0528456551896085 -0.081675834605478 0.178047941818555 0.115722357628107
0.111322412958459 0.0156386706698404 0.0849230635346874 0.190762055945491
0.0871378175152066 0.114542394749459 0.0492990367371457 0.257119875289906
0.146331771197613 0.162515961183337 0.136365780889774 0.0657580419104559
0.200443608222929 -0.000144025941546499 0.14227423075225 -0.00572449984857859
0.096113554081818 -0.139568845661769 0.0778137861730088 -0.12230605266034
-0.0982368667144598 -0.124717283858675 -0.105912591694117 -0.099312799640306
-0.147322651449503 -0.0150907837408048 -0.111817318890222 0.0559247648223265
-0.131981397786402 0.0702507796501019 -0.01589055224189 0.0806214322857075
-0.0709169742168386 0.133181145357256 0.0333988973723073 0.00546231894952447
-0.0426454095154285 0.145122469486639 0.0394401092120504 -0.0724476316824859
-0.0527355090569355 0.1390806711721 0.0431308693164857 -0.123496340888524
-0.124184329865846 0.0889230127021974 0.0911312138400073 -0.157681174664987
-0.144598212558088 -0.00828700364348018 0.168156141533334 -0.133291961800001
-0.108358854010117 -0.0954347653894153 0.219818572840684 -0.0261915365799883
0.0661966734170622 -0.140953271915629 0.16095160093405 0.112518365583829
0.185285031216021 5.60299686666894E-05 0.0435378630122895 0.160654007472485
0.161110914670968 0.162436632594891 0.0251870638314211 0.186843073652701
0.151580177522754 0.191504169911965 0.111029362669906 0.00311702382820854
0.218292564085361 0.0173426685837469 0.142706343061058 -0.0638116304094392
0.119322023657073 -0.140214283801009 0.0380765633791545 -0.182277414586736
-0.087856648526974 -0.145253510927347 -0.163559961218791 -0.108862758208985
-0.163068179133897 -0.0351719289680759 -0.154788005214825 0.0739176195044648
-0.159246964127465 0.0663074003120619 -0.0561178369076793 0.11567991752488
-0.089484208591843 0.147600706358395 0.00338432200960846 0.0608160063152626
-0.0518997832931001 0.163357488954147 0.0204043636537145 -0.0123927279467481
-0.0585891293624115 0.159227508162159 0.021715178520036 -0.0711262949761788
-0.139318259811375 0.109696735222011 0.0657149670196593 -0.131222396893214
-0.172647444206246 0.00309326016800075 0.152327534642475 -0.124733989838996
-0.14920453590454 -0.110864797003046 0.20640640650085 -0.00858394179953341
0.0652212146301941 -0.192978532596687 0.112885939350924 0.111959431217234
0.236375657641378 -0.0246757121469627 -0.0141439943650275 0.116602198167724
0.216920815102445 0.182578939402095 -0.0164636510896137 0.105218279254939
0.141219229510365 0.191974106395904 0.0820928972359782 -0.0827053903891719
0.207215959517971 0.0320714318518771 0.104646803553644 -0.137625641479773
0.126198819853592 -0.120480954773905 -0.0223276345685862 -0.207865666984045
-0.0639955869164557 -0.144688422294787 -0.200539920228622 -0.0975925935159703
-0.154192514992247 -0.050589593212703 -0.183825243862453 0.0802130338481575
-0.161375275762014 0.0517843290840726 -0.0975830079207771 0.141614655038546
-0.0941204410965524 0.139358304798133 -0.0314653441109866 0.114594239703565
-0.0539986122921141 0.157840116861868 0.000304351728987382 0.0506281600196635
-0.0566849073174866 0.158010155352692 0.00330784336197483 -0.0168382755494412
-0.138456349886131 0.117851480419323 0.045045562599496 -0.0932637031488569
-0.183718814529806 0.0117159722654516 0.131508910542304 -0.0925240169213532
-0.170613404631839 -0.122486581664546 0.164381042774658 0.0219955996529502
0.0672234419599018 -0.224354593542977 0.0437098742586989 0.0947517807374161
0.26077808453416 -0.0422850813464141 -0.0613856375216395 0.0592326382758024
0.238464757091228 0.176843659857734 -0.0651368870467385 0.0256811645563716
0.119413933368578 0.162182040678361 0.0452115855139007 -0.171683866808266
0.172163712504335 0.0348099212539383 0.0402269034062885 -0.194001169926906
0.111861159382405 -0.092883612541624 -0.076004997579257 -0.198934174073726
-0.0399352390788604 -0.12211040709804 -0.211350174052141 -0.0780604776664728
-0.124178035085231 -0.0536707838664512 -0.200730617218131 0.0785152789108133
-0.135573912551417 0.0317871355377938 -0.133933761811486 0.157688745503655
-0.0814871438758505 0.110091264874548 -0.06286627957644 0.160931800478407
-0.0479175009415161 0.128359140461002 -0.0180437001600649 0.105350889590379
-0.0487441901538086 0.132841904117777 -0.0120810155392126 0.0329457845642642
-0.12415249152741 0.105636849068882 0.0253418570337756 -0.0459678977856063
-0.170786495965763 0.00580461094628223 0.0961397737627373 -0.0497385233385537
-0.152735854779851 -0.12896731905549 0.100894087538289 0.0387222759469311
0.0785252513022835 -0.211341865704797 -0.0142637496365706 0.0537401352372718
0.244882470918437 -0.034652375847562 -0.0773627445755134 0.00809466103073137
0.212419853341784 0.149220702691162 -0.111688346584871 -0.039483130227293
0.0855869617667838 0.105084094992409 -0.000138707465188745 -0.244324934162333
0.114513329994352 0.0231467956101234 -0.0254695130085496 -0.2197356706849
0.077008413420184 -0.059685415000727 -0.114456714266925 -0.176947808654337
-0.0175580111316492 -0.080381543339439 -0.211579448562991 -0.0599303731877431
-0.0755106993201129 -0.0433571859492434 -0.208045469712071 0.0767184238478838
-0.0868690572959224 0.0104916115991961 -0.156495920225905 0.168495357723699
-0.0544574283761426 0.0656695681205344 -0.0844697488539176 0.192819631477644
-0.0344387973543723 0.0788410578366269 -0.0328113558842923 0.144675170698146
-0.0359577930328128 0.0869713769028127 -0.025182065003702 0.0712162693037248
-0.0924679252171472 0.0690702590436508 0.00308450397673228 -0.0033401564918383
-0.123671890951153 -0.0091889863985786 0.0512858725658318 -0.0171053524739438
-0.0948038472381968 -0.108623901737897 0.045081351422611 0.031964431773852
0.0781221708763227 -0.144335477515498 -0.0387800569622643 0.010943455752129
0.175846715103604 -0.0129458636678995 -0.0702645769363112 -0.01704304529187
0.139487091474809 0.095510584656482 -0.145721666229755 -0.0846837097887991
-0.0358363621253469 -0.0235313985349229 0.18351487986058 0.0974373320335812
-0.0545738986799747 0.0141277985934846 0.095074736568164 -0.0116056479931166
-0.0291743667086788 0.0415439798974838 0.0363595114350298 -0.00704527199331978
0.0228432008323443 0.0492074646214374 -0.0147461559540628 -0.0270583581250996
0.0463537542876848 0.0119785356438186 -0.0236596160728927 0.0284714594314258
0.0319625208325557 -0.0183654235951325 0.0355098149895648 0.000896969952276676
0.0138772205786531 -0.0267767606030855 0.050860807695153 -0.0895261419681819
0.0115597555558277 -0.015587214715229 0.0554986756080459 -0.161900088595518
0.0234794445496164 -0.00555783778215768 0.081473635414772 -0.206108601322378
0.034849925204866 0.0107480939976039 0.151492468783467 -0.182360304215911
0.0240729718326142 0.0296189466281909 0.20570395788485 -0.102954719092714
-0.000266131862538103 0.0455772043421448 0.210603310575995 0.0166317302979541
-0.0377791488425298 0.0301282083848082 0.167266987599167 0.147153500690027
-0.0719875515701053 -0.011338856630044 0.0897617645379011 0.225885935455473
-0.0611779667235602 -0.0443448511207322 0.0406912866009072 0.320564058834176
0.0533936793911846 0.0498872333139847 0.190142988870383 0.10985524597184
0.0591665733540708 -0.00299042349975315 0.107640304810171 -0.0028725104878479
0.0172572010948297 -0.0439063491962729 0.0532793294941711 -0.0229456161665615
-0.0409654160403057 -0.0186143052692395 -0.0219628469106346 -0.0365859738211183
-0.0359461482903028 0.0140715981001335 -0.0281714300305933 0.0320647552288516
-0.0268044794297842 0.0283462077776831 0.037191777908298 0.0103590247392699
-0.0112714739728025 0.040454994260846 0.0577112931054424 -0.0799536820472248
-0.00609380775162134 0.0505488134181189 0.0574840253828268 -0.155542333075754
-0.00792792534732289 0.0534151342456596 0.0768501165401625 -0.201426657957599
-0.0334353467284497 0.0390840692561005 0.141669954515741 -0.186708135250391
-0.0455840935865248 0.00687709720773836 0.201173998400548 -0.117430186895924
-0.0313980866725137 -0.0163088289407188 0.216058101626372 -0.00622485207097337
0.0157925227128534 -0.0265903779100519 0.181836287634044 0.128947380231333
0.0244565000367719 0.0111055991060327 0.103558087721581 0.213361405932038
0.0105140443649003 0.0450214848130945 0.0572230363834679 0.308497092849161
0.119667426033296 0.114820156143411 0.170134064155165 0.0999829656372156
0.151398295939523 -0.010295048098274 0.125547516558986 0.00821424047610268
0.0631299886761243 -0.11109575786139 0.0773041165226667 -0.0655922599729383
-0.0853648207686609 -0.082460622292899 -0.0549011048940778 -0.0685030021988803
-0.106875096309836 0.00531380433322265 -0.0625749359321205 0.0432061784702448
-0.0865172526069785 0.0623718023969621 0.0196176280892104 0.041975760716493
-0.0399207156057509 0.0999015081442761 0.0534985021062955 -0.0464733811883301
-0.0238338332476128 0.10968541741072 0.0509374380810297 -0.126230217712841
-0.0329839237043915 0.10610553046854 0.0613778683134255 -0.1736877965999
-0.0897726147388176 0.068845173566203 0.116988771060333 -0.181644483166742
-0.105797890067617 -0.00520983867496444 0.186329982362241 -0.13426675598486
-0.0703767937639202 -0.064969026042075 0.222310535339539 -0.0272782290789176
0.0521218877591192 -0.0870802916794312 0.185134205566356 0.116204122801576
0.116083507605128 0.0138603278406226 0.0895327549013554 0.192893811174571
0.0925001087676406 0.118030092237057 0.0539139181275117 0.262133945177975
0.15385544017513 0.165177357984288 0.141369255764243 0.0653350099132581
0.205758089431328 -0.00436434206969157 0.145486409511978 -0.00885382997204526
0.0975273030982985 -0.146012269039602 0.0770737014812705 -0.131936892109855
-0.103284508919102 -0.126111704017977 -0.11079410001272 -0.0997873580690841
-0.152921888299442 -0.0110141640060722 -0.112090696525899 0.0609082847203777
-0.134183618904658 0.0775654486430521 -0.012185715768223 0.0828862161791198
-0.0678095997429186 0.139820368219455 0.0351400441910355 0.00384586291978925
-0.0384835118886655 0.151789707153696 0.0372443833691272 -0.0762635570026529
-0.0486875678291206 0.14538347872865 0.0408380773537455 -0.130088477839947
-0.125875668796041 0.0965507747689315 0.0880528058721939 -0.16488975550544
-0.151168297311198 -0.00260586560994096 0.169550362470791 -0.142581624918984
-0.114985408316086 -0.0947933452963732 0.223480524029716 -0.0334775721039162
0.0644397155268364 -0.148299974456162 0.166550166170459 0.11406462673162
0.191051760300655 -0.00454536203044699 0.0460810298211576 0.164124958652645
0.168933326955639 0.165474306795802 0.0270173635220295 0.190786926395604
0.159928676593012 0.194453284700645 0.11375685671338 0.00156136088724985
0.224807960078933 0.0129921991493935 0.144733449800496 -0.0683827262784032
0.120460836532828 -0.147681161264875 0.0361971738324118 -0.191625291360128
-0.0934645976878675 -0.147420794719088 -0.170545866026337 -0.108347727644905
-0.170146216631252 -0.0315121346798095 -0.156850873729663 0.0782026531418725
-0.16271819480199 0.0749046005068806 -0.0523394087643233 0.120592313967372
-0.0870391629049823 0.155813137930932 0.00663101197986933 0.0614962112361147
-0.0471865589993284 0.171117175878979 0.0201989867793626 -0.0132578790454093
-0.0543374465669144 0.166381948519784 0.0199544252159354 -0.0750980240712232
-0.140394190006291 0.118842704108972 0.0622719892450617 -0.136931947938808
-0.179547355757995 0.00870259633951325 0.153336448118039 -0.133643660164308
-0.155973603350575 -0.109398240277597 0.209208612422565 -0.014525266743
0.06279127350351 -0.201832201197808 0.11728673982681 0.114354212038507
0.243086078071958 -0.0317329304012256 -0.0142948378642737 0.120308932706192
0.226143056221066 0.185088290208409 -0.0164410004269365 0.107025396852499
0.149335164169944 0.196017681068579 0.0832622880074645 -0.085571703754297
0.214583393236301 0.0285212529429092 0.104182121013305 -0.143649151355028
0.128616947708395 -0.127775340170706 -0.0269379064527772 -0.215723779439596
-0.0701682680903651 -0.14800354149944 -0.207337227608259 -0.0955761530360129
-0.161155919775648 -0.0470234669813728 -0.187492322789487 0.0863011669743934
-0.165592550766225 0.0604217566149611 -0.0946247215293391 0.147623248945229
-0.0915451378125996 0.147581422151119 -0.0273278799437528 0.118918930375118
-0.0500316684793499 0.164981064378778 0.00203039946880342 0.0526182680229061
-0.0527426197423653 0.1646286654571 0.00301494334236024 -0.0185290769660442
-0.139441770025218 0.126814914134476 0.0416274774083472 -0.0964781951018063
-0.189849926244997 0.0166413570190243 0.131818769381051 -0.0996388923795325
-0.17782321530452 -0.121200062676744 0.167258513309741 0.017449317602657
0.0647020489696313 -0.232685645328704 0.0457595484123538 0.098899084021755
0.267374635844524 -0.0485390008510665 -0.0633714374254187 0.0632250342969224
0.247597693517439 0.177774074229435 -0.0680085420658047 0.0267098664484772
0.126559890103036 0.165432066453327 0.0430940637695443 -0.177222514022933
0.177413828204529 0.0314269721000091 0.0364505221248128 -0.199961542553171
0.113581850812316 -0.0990343469712109 -0.0825608882823265 -0.205053647659725
-0.0446942547953047 -0.125070559650345 -0.218714621660529 -0.0759057015460697
-0.130519986299353 -0.05037068312853 -0.204896700979943 0.0848536043038847
-0.13958973113598 0.0390942818247732 -0.131876724661659 0.166410108456356
-0.0789983642491121 0.116264553584834 -0.0588194683667223 0.167173383765232
-0.0449456504382951 0.134130300147295 -0.0153334047439682 0.109747286236579
-0.0457811609727624 0.138564231149622 -0.0111228604568633 0.0338456777900987
-0.124793567760458 0.112234890076713 0.023045929904453 -0.0471007057333073
-0.176302245500752 0.0101848957613754 0.0959511183955217 -0.0546338098429102
-0.159657185698358 -0.127690573241734 0.103163189720059 0.0363201877006739
0.0759522941217357 -0.219121479766935 -0.0151264344294014 0.0585464290264766
0.249692527757491 -0.041147221496851 -0.0803974363159674 0.0121705433596144
0.220253510590255 0.149688055249459 -0.116675658573882 -0.0387710340703563
0.0906213917864614 0.107055861659042 -0.00380519468756664 -0.25092594655089
0.118544320781133 0.0217064459779754 -0.0304832960041316 -0.224750043052957
0.0783624885252259 -0.0639957748117403 -0.121799393341 -0.180682380731891
-0.0207875224414899 -0.0827331067700026 -0.217792574461971 -0.0572377666997567
-0.0796460435091041 -0.0411014333639674 -0.213580190463711 0.0839760214158456
-0.0899740717854397 0.0143419010569486 -0.155164022172434 0.178753390555531
-0.0534874859515327 0.0696471466068612 -0.0798986619685513 0.200789377454359
-0.0327272274919722 0.0833197418752195 -0.0291453089562314 0.150301641019283
-0.0345929824322188 0.0908064981527462 -0.023929141198139 0.0749507543189262
-0.0934235155194249 0.073993728043562 0.00182129283623069 -0.00258656985107382
-0.12777735998759 -0.00632850795025276 0.0513050390211614 -0.0198997162339741
-0.0991819912199783 -0.10856387722586 0.0465761054516862 0.0306199770924479
0.0760455683297182 -0.149905177958105 -0.0412367482180795 0.0153095076736545
0.178836442510314 -0.017689953094839 -0.0738288563146277 -0.013204010502993
0.144254931783083 0.0958791109478505 -0.153084653105595 -0.0840623734417129
-0.0369957431773046 -0.0218638151697849 0.190264672778919 0.0901678808326903
-0.0536453243020811 0.0168431600703556 0.0961845805563164 -0.0183068249255377
-0.0277023901723574 0.042300486075278 0.036167274209399 -0.0121057768271704
0.025622058089492 0.047771861760611 -0.0172949787149918 -0.02747838277054
0.0477122357009214 0.00910171505826229 -0.0201285951425648 0.029832000426001
0.0322084684574128 -0.0197964215201136 0.0380958981165751 -0.00146243915768881
0.0124243219588041 -0.0274294664775257 0.0457531340084488 -0.0931186050983631
0.0111237580303309 -0.0165216889196847 0.0464090031987551 -0.167414331068339
0.0237818286455507 -0.00676805445377709 0.0710747538415903 -0.214181952132767
0.0360151926155579 0.00815040456008584 0.144216208330626 -0.192494316183745
0.0258969196501697 0.0285470569668106 0.202973647866897 -0.114307605122292
0.00271156432873427 0.0460518913594406 0.21315324271406 0.00883420626511129
-0.0371622713992016 0.0314186531748121 0.17566101331093 0.14153222775944
-0.0740899840893164 -0.00733135693813972 0.0981767801339205 0.223714187146078
-0.0617613224187877 -0.0422464873010415 0.0519204754013114 0.322406890631345
0.0558360458839543 0.0482304088466015 0.197084150355077 0.102225730234583
0.0596167170871296 -0.00527215091724688 0.108765619678197 -0.00864283438703136
0.0162416913924319 -0.0452007493780304 0.0530975882555019 -0.0292959657278458
-0.0412883819395755 -0.0174079744673594 -0.0242185529126725 -0.0376205164483954
-0.0347765809483137 0.0157109376950927 -0.0248776741050142 0.0336280745804974
-0.0255459428390244 0.0305471261805434 0.0400331682591321 0.00798171031892679
-0.00899824442417479 0.0423625637941233 0.0543322305093037 -0.083733543333951
-0.00279493336792981 0.05227172530821 0.0485621046372809 -0.161355945811275
-0.00453629293881196 0.0543745492642339 0.0666218538310246 -0.20855754440284
-0.0319121655984957 0.0408908335845192 0.133619353017752 -0.196749884490239
-0.0456426357641605 0.0102566914889374 0.19796204085088 -0.12927581251135
-0.0326228408905722 -0.0149685159379102 0.216009327809256 -0.0147628629668593
0.0145124047532192 -0.0285363251457259 0.189200422663839 0.123531283203774
0.0247807841778463 0.0104270300246094 0.110936497572502 0.210328713575898
0.014486577997754 0.0458526328620951 0.0682256255060386 0.309133299153536
0.125990227877252 0.112123010682868 0.176388277087164 0.0939811133309591
0.152602537320478 -0.0160979083072014 0.126556128187137 0.00225245134574018
0.059947759487444 -0.114528743872354 0.0757418021244019 -0.0733880033776199
-0.0896284382206836 -0.0796092054814564 -0.058654408802216 -0.0678096023067642
-0.108396583219747 0.0101738590409496 -0.0599986551026812 0.0457324032916167
-0.0843172030069398 0.0685295689496092 0.0239784650971226 0.0402930314579724
-0.0347628323325219 0.103474475057594 0.0516266099884971 -0.0496259273448966
-0.0177605895043055 0.112430240209315 0.0440709714572171 -0.130684577828177
-0.0271800098055844 0.109234026969613 0.052401071732908 -0.180810396962703
-0.0876227822337282 0.0739536046901422 0.108732935557266 -0.189971606311112
-0.109020707423723 0.00105927284045918 0.182966929147569 -0.145396118946687
-0.0745851254069442 -0.0628122257880688 0.220990331442176 -0.0379031669460151
0.0482801370404638 -0.0923837274755901 0.191939718657038 0.109873583485904
0.117842745805213 0.00827508695025968 0.0960494755347226 0.191399403463419
0.0988870940156243 0.117367804426127 0.0629029931878856 0.262003647644504
0.162128948381823 0.161225091499132 0.145079391523622 0.060636770873413
0.207272485731771 -0.0120606655755535 0.147100836374943 -0.0151637368047708
0.0934231170856274 -0.151529571216222 0.0727152520405363 -0.140034593557303
-0.109336452801908 -0.123253964634328 -0.116272332908701 -0.0969416145711304
-0.155880610301659 -0.00375445137862335 -0.109958513538119 0.0652945465589894
-0.132667602896374 0.0866615302297707 -0.0063716801606327 0.0833576135348457
-0.0609663038716149 0.145569625191551 0.0368943780205299 0.000482614648175656
-0.0298176282354917 0.156420950454273 0.0332241294782688 -0.0798615764055006
-0.040661455382883 0.14984880136733 0.0341265833428327 -0.134656134506366
-0.122698516697956 0.105181702361749 0.0794748793847884 -0.171257891069114
-0.154466967716274 0.00606933546321948 0.164816805949851 -0.154537970638285
-0.120014044865684 -0.0906709455489768 0.222396857857065 -0.0443657004059437
0.0589500703180807 -0.155387249204516 0.172826926740864 0.109327460764231
0.193532290332723 -0.0131169078815419 0.0506611654675211 0.164207831109416
0.178914618777477 0.162265269325086 0.0332868722198285 0.189939522820224
0.170039477760837 0.191200997040455 0.114906780999948 -0.00244014258250019
0.228145747924057 0.00407591896123582 0.143696879168119 -0.0750417033105258
0.117139453596391 -0.155233421305429 0.0280040095412465 -0.198172277085468
-0.101435977391434 -0.14573233561662 -0.176727102890426 -0.102965169678335
-0.174355720503197 -0.022941184181793 -0.154952231586687 0.0853521810341954
-0.1616015758952 0.0860758615479322 -0.0453780215850478 0.124046393133977
-0.0787003480173672 0.162610426890521 0.0106869567404577 0.0612631653498524
-0.0383525421092597 0.176691399652301 0.0192917180142018 -0.01451721124635
-0.0456373775241345 0.171271288887498 0.0165454692735966 -0.0786796905647384
-0.136679758396539 0.127590187177343 0.0552283473920764 -0.140960279221425
-0.183043388528956 0.0186846981192058 0.148161022979042 -0.143766280926488
-0.16245305352191 -0.103531913612443 0.208489100813455 -0.0248866917823364
0.0548012558021639 -0.208287004683213 0.122220993671309 0.11274281568608
0.245449646578613 -0.0418586052832389 -0.0119245205227214 0.122735343320881
0.236351106175921 0.178874131959805 -0.0152034929493423 0.107759176844214
0.159273504546009 0.192856269661842 0.0805301946285147 -0.0891951865277008
0.21906897184048 0.0207981885141969 0.0990627463320989 -0.149054818071314
0.126118125805974 -0.135898641797513 -0.0366970433281073 -0.219041037157136
-0.0780650627139609 -0.147096723230908 -0.213571266455388 -0.0887557309149158
-0.166452773054024 -0.0383711395664629 -0.186584420168266 0.0948176516675149
-0.164952365636741 0.0717599626157161 -0.0875748963260127 0.154047954430227
-0.0842527234891555 0.154579878496335 -0.0204303910091517 0.120638737591477
-0.0415573094840119 0.17094997466612 0.00455842924632845 0.0534229346666113
-0.0437309353434273 0.169079833907477 0.00149501272108794 -0.0197147943517103
-0.135573403422812 0.135631162135777 0.0363340136265718 -0.0988218230141387
-0.193194462376466 0.0270357100685263 0.127945659746158 -0.108828413751755
-0.184474548156108 -0.114295924310987 0.167633235911463 0.00875492933107341
0.0553960917717397 -0.238667472346145 0.0491025105253551 0.10044679340588
0.268000828388757 -0.0603186592864624 -0.0634829338590344 0.0676835204933242
0.256989633942723 0.172499850786312 -0.0696923055312784 0.0293163672243229
0.134357581906267 0.162878323726615 0.0371160518559604 -0.180309073364628
0.181731570666332 0.0246271521980329 0.0292944801317557 -0.202957356722613
0.1112210219976 -0.106444143152108 -0.091864667085047 -0.205712607035708
-0.0521228583483506 -0.124837981790389 -0.223431302412439 -0.0683835286503047
-0.135515865854556 -0.0430136540981971 -0.20391950293127 0.094347970709272
-0.139726410364575 0.0485034620703095 -0.125355648418106 0.174932543348824
-0.0737373462831535 0.12282490844255 -0.0487846794908851 0.171716588907871
-0.0377015867209016 0.139633434876995 -0.00900273084072594 0.111654497138006
-0.0392969228309815 0.142875998368141 -0.0100769777319486 0.0347233160526658
-0.121705253949758 0.120466102821488 0.0198505450056474 -0.0481638270178052
-0.178442129279824 0.0192020146321845 0.0939633759371972 -0.0610969680937751
-0.165866967574972 -0.120472550855321 0.103846630906045 0.0307458097382237
0.0669941800186338 -0.224703280910387 -0.0136500502858778 0.0630903392155053
0.25016581376043 -0.051165574234912 -0.082243276266036 0.0170578925324764
0.228371825282341 0.142815183046803 -0.121271538858229 -0.0344920403090398
0.0955554188295972 0.105498173427984 -0.0129077235601439 -0.252971923178135
0.120935002517517 0.0168404424692174 -0.0395721950373566 -0.225342148521179
0.0767554418620191 -0.0688731303249203 -0.131054332073462 -0.179053425951743
-0.0255986479135093 -0.0831019859012501 -0.222213425497522 -0.049002809070129
-0.0835499800615078 -0.0360371905018694 -0.212912628070844 0.0942669563036966
-0.0911378755700678 0.0204869898704808 -0.148467908756847 0.188868518070839
-0.0506326498932256 0.0735904102954766 -0.0686768284260627 0.207379218004788
-0.028576578249833 0.0869784692326901 -0.0208934749606036 0.154796388792612
-0.0308754276860853 0.093256741312801 -0.0208433274662732 0.0773452857708792
-0.0912783361594289 0.0798179982340975 0.000485802584945021 -0.00235773804343555
-0.130176246475104 -0.000160189287760333 0.049855532038817 -0.0238098869363375
-0.104668116526322 -0.104142906808694 0.0472593019052326 0.0281883018642877
0.0700271812194333 -0.155122061941227 -0.0413302949893679 0.0209634583202069
0.17920807930392 -0.0253829151702089 -0.0765986459936216 -0.00856385477506305
0.149557156727544 0.0916519742802337 -0.159741862959581 -0.0780094286596763
-0.0374856878020607 -0.0188966508123775 0.192030292594058 0.0810236323996235
-0.0514029376668163 0.0193362722281052 0.0935156231902927 -0.0230776272219916
-0.0258388086032524 0.0422613907023916 0.0348723498034445 -0.0163736832696967
0.0272464668773251 0.0452615411629449 -0.0187205922698817 -0.0284241012359164
0.0475420345708067 0.00649315439538235 -0.0162443742339027 0.0300677985175846
0.0307660442069303 -0.021609350963744 0.0396741988644442 -0.00429947282085909
0.0110079267230846 -0.0278350678082289 0.0402468030196313 -0.0945345762179299
0.0110599720965936 -0.0166905820348783 0.0361440814801578 -0.167727519554795
0.0235086087321833 -0.00908666960271044 0.058296052134482 -0.216184112299083
0.0363108537540039 0.00500572346864737 0.132913065573855 -0.198359528109764
0.0273278397045882 0.0276416302656448 0.195259932980475 -0.123008513429765
0.00481844476889663 0.0448705301045455 0.209604971591728 0.00066757536764952
-0.0359121080825022 0.0323519415330994 0.179736450543846 0.133314240396744
-0.0743533007392654 -0.00314211210755487 0.103053714668885 0.215989982377791
-0.0609674431578339 -0.0397480467343832 0.0625046523020302 0.317237273022508
0.057824228059165 0.0460177355526515 0.199126664225091 0.0931592532010074
0.058865424999661 -0.00658670387743892 0.107130315094822 -0.0139774723862208
0.0137926636972762 -0.0459068484587667 0.0512282689747823 -0.034975627927571
-0.0411210460775814 -0.0159115729154737 -0.0261226680528269 -0.0376151024133682
-0.0339975682729555 0.0164375935104967 -0.0215865711400387 0.0338687036610735
-0.0232086830328873 0.0316906411498883 0.0417396318285094 0.00473315025604942
-0.00627219183664651 0.0419288511944763 0.0491351971366667 -0.0864323750494457
0.000572973534671118 0.0517441084396937 0.0384530975938707 -0.162220676497025
-0.000781219241571175 0.0534912613014843 0.0541046055119703 -0.210088194715468
-0.0293394069904049 0.0417921778833034 0.12224116940815 -0.202158246269672
-0.0450090741806706 0.0130148154503747 0.1899991711933 -0.138377301281511
-0.0324044732794044 -0.0138541896063088 0.211822215133953 -0.023692388394476
0.0128534583007405 -0.0303629447542145 0.192656417363947 0.114032864527247
0.0249650677468484 0.00983693202452291 0.116136775786214 0.202121366358142
0.0181740465460741 0.0452955638604979 0.0776605361406734 0.302972749231302
0.129571258991057 0.105813849239233 0.177619093263156 0.0860672471513611
0.149775097926681 -0.0219269926337567 0.125034970839073 -0.00290897780729818
0.0547603883307149 -0.116045240230095 0.0714895359963073 -0.0798353097462677
-0.0915992048746475 -0.0751869420989153 -0.0612532606625413 -0.0655622741482434
-0.106287854929029 0.0152715695714684 -0.0564016246882408 0.0468778420769787
-0.0795089527446532 0.0726960632184717 0.0278162960143858 0.0380514740026788
-0.0285088019092776 0.104217709992173 0.0483963849036778 -0.0533663749491123
-0.0109100540581907 0.112844741979152 0.0361563392741218 -0.131837943453731
-0.0198747460252314 0.108954735198021 0.0411283919845551 -0.182726035935563
-0.0827437709604503 0.0784334647273612 0.0974315375106716 -0.193632574258945
-0.107634609396187 0.00758868250075085 0.173849333377826 -0.153991965911293
-0.0765576008619399 -0.0585377376388292 0.214731923164905 -0.0457017233922637
0.0433492518146291 -0.0949388245714435 0.194813112379861 0.101173619341666
0.117942903977389 0.00389173681242985 0.0997718018106206 0.184551082329374
0.104651784774038 0.113126067250686 0.0699419985562467 0.256423520534433
0.166549513398919 0.153729109590683 0.145532886887128 0.0553511783651412
0.20483117580182 -0.0200883256004557 0.144134531865565 -0.0205748456495111
0.0869177936185176 -0.153974477369581 0.065670100855923 -0.145287954373082
-0.113518741807501 -0.117901215797734 -0.119384440354426 -0.092092908204353
-0.154524966548789 0.00401230736678249 -0.105621705323138 0.0690709672985955
-0.126830379229093 0.0940894589319441 -0.000285052368000523 0.0815584592597827
-0.05149921094478 0.146757279214028 0.0373077116699693 -0.00236627801027296
-0.0201282043951909 0.156316498379587 0.0275161380084597 -0.0805696284730857
-0.0310130661528627 0.150177300032792 0.0256407727334218 -0.13676063974138
-0.116209528808791 0.111110967732189 0.0696535623069521 -0.173018501287743
-0.153680441393043 0.014561328350481 0.155946337902885 -0.162384368383079
-0.123394910593122 -0.0835981816061651 0.215001176643148 -0.0528219376309109
0.0512638900040677 -0.157482038276835 0.174933152625194 0.101590161138636
0.192057077946333 -0.0201482522715846 0.0540728058889418 0.159231332337715
0.184644649700854 0.154550470776419 0.0380122963311193 0.186377564178034
0.175952597796552 0.182183570521051 0.112996224010878 -0.00568154440614051
0.226802228541254 -0.00412054880192813 0.139647381764771 -0.0791733910009096
0.110253838280958 -0.159156653323957 0.0193645521079403 -0.200571083575728
-0.106971075948971 -0.140407135791221 -0.178765878060596 -0.0952481221704036
-0.173615138093599 -0.0136952845162267 -0.149411917578755 0.0908687856569261
-0.155523590959702 0.0953461961554201 -0.0374525765504546 0.123427877837786
-0.0686793636912175 0.165770347830905 0.0146143413231561 0.0586742347985667
-0.0274223382135272 0.177420783570841 0.0175872353099654 -0.0153451527799958
-0.0343972200116186 0.17139199864579 0.011189732821037 -0.0791928518797075
-0.129261558806259 0.134755783101266 0.0464425147983863 -0.141685259493382
-0.181167815924184 0.0283269847266587 0.139099146388862 -0.150446473951064
-0.166029808641947 -0.0953089735371492 0.201917474372067 -0.0341389085727958
0.0454952901119315 -0.209196871320459 0.124652261331459 0.107212846537887
0.242024283208809 -0.0511382743882694 -0.00896403832429662 0.122045314466162
0.241449066585039 0.169839890772234 -0.0120214829159806 0.105897948892066
0.165791456292727 0.185169479200333 0.0759641709051711 -0.0905679427765223
0.217908816488238 0.0116600028738694 0.0930599107352992 -0.150337710378549
0.118853896060356 -0.14107830533263 -0.0452894142742498 -0.218034946449161
-0.084156980807249 -0.142541421340919 -0.214553295335554 -0.0790306907585015
-0.166659122659512 -0.0286130595748441 -0.180356935141654 0.101622224910548
-0.160119604517095 0.0812913045442888 -0.0779601336566921 0.155869187752853
-0.0739854399957383 0.157322408984141 -0.0135553922402067 0.119495280949127
-0.0301165461246362 0.171934986901769 0.00718404306314587 0.0523623614041108
-0.0343799965054309 0.169736098084581 -3.00051877925922E-05 -0.0197575183120486
-0.127819992507861 0.141887734807896 0.029898638995689 -0.0980354677152786
-0.190959238632218 0.0362187883373545 0.120457824942857 -0.114773243103186
-0.186712088216355 -0.104312708431533 0.162596742755185 0.00171059352177085
0.0447442603157531 -0.238699927209914 0.0513941735266661 0.0992447621983037
0.261990922233182 -0.0699615440191425 -0.061965039663351 0.0699364441930988
0.261157199483681 0.16121479273535 -0.069176049038184 0.0314278010888751
0.140157493088472 0.156671328209618 0.0295751395927432 -0.178942038518678
0.181553028753231 0.0165055582369262 0.0202083698987109 -0.201390839051528
0.105624265938336 -0.110842019095855 -0.0997965821688231 -0.201535146549398
-0.0575383196778213 -0.121492035245269 -0.222981348600805 -0.0583417182791153
-0.136024866616745 -0.0341938374275482 -0.198135204516876 0.102700730533752
-0.13686489370332 0.0572405938157533 -0.114623932898757 0.178789432949189
-0.0650590244615259 0.125254752265182 -0.038636648089063 0.17147578416561
-0.028562137501158 0.140092677127381 -0.00357525717848138 0.111793812443977
-0.0310871034900535 0.14271391973191 -0.00906948548923907 0.0349611820597469
-0.115001795514166 0.125771537358689 0.0159033006168457 -0.0474668224991869
-0.17641184769588 0.0276165319827083 0.0888493901184925 -0.0658045398698655
-0.167408905683569 -0.110886353666211 0.101718828254985 0.0263687015363468
0.0566947180559103 -0.224689793073092 -0.0112403657670644 0.0659977291595932
0.245142149609813 -0.0610203244265463 -0.0823236937921776 0.0216320928629688
0.231565937102638 0.133033338248576 -0.12299886273438 -0.0288936125156798
0.0987941237196205 0.100911596844761 -0.0222567424545079 -0.248844373073099
0.120586172977284 0.0121980505770853 -0.047592925733546 -0.22039810662837
0.0724815477174399 -0.0722177674796664 -0.136630851145629 -0.172729606112006
-0.0297331245948542 -0.0804729691223519 -0.220432685733222 -0.0394481787758529
-0.0843278649993012 -0.0300694790669845 -0.206550834233892 0.103072359139904
-0.0896209461230334 0.0264042898145609 -0.137265760963915 0.194373838993424
-0.0453392740050063 0.0749943519220522 -0.0563195069697433 0.207754526070859
-0.0230719602028729 0.0880086497310951 -0.0122372851538229 0.153620353043835
-0.0260615524678892 0.0932731859724093 -0.0171815505803206 0.0780103489738085
-0.0870334983464215 0.0833874642167016 -0.000236975086471501 -0.00112491200461838
-0.129013655821407 0.00553044087416438 0.0470532656557667 -0.026457996581927
-0.107257136124801 -0.0970402331371159 0.0461245787686325 0.0249963518889427
0.0614381069605559 -0.156263656540591 -0.0406701170193821 0.0272845345975622
0.174735906401696 -0.0328787309498546 -0.0772329179232512 -0.00299214579040433
0.151134423773042 0.0847559324880652 -0.162938587390167 -0.0695478736604275
-0.0362802107757789 -0.0169717056856358 0.189408390263332 0.0739469067499903
-0.0485529588494041 0.021099571923055 0.0908739516568911 -0.025117959894822
-0.0244698891303594 0.041332239516428 0.0332697190881024 -0.0202606706240905
0.0275441184191231 0.0426659742098479 -0.0203354052009019 -0.0286972455432582
0.0470148777280065 0.00453343719428155 -0.0130892376013705 0.0292100876472082
0.0304410232469123 -0.0225010228178957 0.0397888122524716 -0.00674666136296847
0.00969923623513452 -0.0271634036839683 0.0354471658089575 -0.092773797532127
0.0102230766201912 -0.0166860938179423 0.0284260266102728 -0.1647815443904
0.022931961273432 -0.00949876140005717 0.0484740203224433 -0.212432421692161
0.0357051786233809 0.0028823760618471 0.122867332826107 -0.198208774239072
0.0270531622531161 0.0260058152534807 0.186353201398209 -0.12537698091229
0.00655984363350331 0.0435934814775676 0.203507753212862 -0.00366453107038682
-0.0348571453669001 0.0319503677671314 0.178302840110548 0.124687783632372
-0.0723299368233811 0.00013361528132436 0.102990514380419 0.207684179406984
-0.0588740672774238 -0.0379135229703415 0.0659915808830928 0.308067890005314
0.0580021225978984 0.044244397169024 0.195690550732576 0.0862485203811312
0.0581135159306993 -0.00783743382917176 0.104012781072412 -0.0164913130569634
0.0123677875095731 -0.0451900685958245 0.0485853226365837 -0.0378611975426594
-0.0402718716402533 -0.0149151582592142 -0.027598468849788 -0.0378938496813349
-0.0323557335899135 0.0168591877016752 -0.0192078361814173 0.0324067692211325
-0.0212715563717765 0.0319188845515457 0.0425301235667725 0.00199818898712831
-0.00475102940764262 0.0413648066352567 0.0449519915010891 -0.086724286406749
0.00288172466819794 0.0502174455614449 0.0308894453712044 -0.159310861385846
0.0016994703595683 0.0516658021034288 0.0440435907669208 -0.207743087604047
-0.0274388187901017 0.0416235289564694 0.111915251863158 -0.20111067292093
-0.0436961692789988 0.0146371826772749 0.180449932485044 -0.141008664144446
-0.0319035894878558 -0.0122138317410952 0.203720460481893 -0.0264806052225319
0.0105696868563368 -0.0303912501459433 0.190028199523985 0.106221870491785
0.0254238722613298 0.0097769694549493 0.11470524859172 0.194054143135621
0.0205409966475821 0.0442216982763026 0.081057551812762 0.293288165368319
0.129135741453042 0.100477544926697 0.174082578251231 0.0804465862225711
0.144509758775014 -0.0236712666674296 0.122492487759401 -0.00520936042498697
0.0508437841422774 -0.113999747460647 0.0668002637440734 -0.0826721744759356
-0.0900365053647775 -0.0707732385464218 -0.0620750209947143 -0.0642944043861662
-0.103179080188122 0.0175719773575143 -0.053456303395598 0.0463127330310968
-0.0749096600173195 0.0737649423032957 0.0297450550354768 0.0343131214444629
-0.023919592686371 0.102520432514633 0.0457432660269294 -0.0547887714291222
-0.00517615356589972 0.11020495232395 0.0295322347232976 -0.129381414619804
-0.0147828884256336 0.106403360723408 0.0326114965394543 -0.180004149963601
-0.0785156693845744 0.0795297738430268 0.0887433818315194 -0.19168087320989
-0.105532172363772 0.0116734814056691 0.163584150929291 -0.157470823267401
-0.0770147124713886 -0.0547275266540589 0.205441808689251 -0.0494546298467285
0.0391651253709655 -0.0951004070040101 0.191432641216702 0.0941834735834452
0.115713127457303 0.00108312438466161 0.0983572078780984 0.176691328718364
0.106372086521102 0.109491543753512 0.0720730176260006 0.248035182265771
0.166578104624445 0.145900655718533 0.141815450642052 0.0512943569515192
0.198389713097767 -0.0230371595659199 0.140598628520458 -0.0229781474659912
0.081776839563416 -0.152399450872695 0.059870166676228 -0.146279164616623
-0.113117553837526 -0.112213074552685 -0.118630143346031 -0.0874798390679626
-0.150117890857473 0.0078554415353939 -0.100647759378447 0.068847167173429
-0.120358069627317 0.0971768938368416 0.00376096645792435 0.077816253021906
-0.0445919316547349 0.145396113600216 0.0360177511717224 -0.00485926752730327
-0.0134625876614689 0.153252227527675 0.0237401871195998 -0.0790296630769341
-0.0240031554948839 0.146674403166165 0.0197390287711057 -0.134290152480764
-0.110271922972007 0.113008357537923 0.0619985718458147 -0.170442025337711
-0.15028207172998 0.0203381151778044 0.145333632783801 -0.164133164430661
-0.122346806716129 -0.0789309243321928 0.205372793808383 -0.0562329438955936
0.0460145456215163 -0.156288517868629 0.17141434686337 0.0950444507508404
0.1875469740974 -0.0244952527760614 0.0532173202575103 0.154499662377758
0.184780705577834 0.147857285916612 0.0384504485013114 0.18026537390291
0.176246089042091 0.174422310671996 0.109686669129475 -0.00629659850220874
0.220503443215625 -0.00851375888570264 0.134520292917212 -0.0795344684784043
0.104791235537835 -0.158021263430377 0.0137343593290233 -0.198891568273911
-0.1078628917693 -0.134426268087697 -0.175943120415565 -0.0885638436595033
-0.169914138010464 -0.00785544949395862 -0.143391517168409 0.0913932628076761
-0.148357895271889 0.099553281462889 -0.0314651666435368 0.119864818253823
-0.0606513198415201 0.163234490560009 0.0162913993865649 0.0544675410633154
-0.0194083207033317 0.173980775109038 0.0163687490419988 -0.0150352430448527
-0.0275259628971222 0.167947924200918 0.00714366202242734 -0.0783541779334203
-0.12215922511419 0.13642691386128 0.0404022369674954 -0.137953924809789
-0.177215477162294 0.0338629989141424 0.130392668970741 -0.152257322723393
-0.163089156788794 -0.0882408329987064 0.193413792290268 -0.0370309642720649
0.0401392972206177 -0.206520695467825 0.122149812061637 0.103766475275971
0.235211153794297 -0.0550361806942256 -0.00880442367068802 0.12027290879826
0.239619389275609 0.162052927908518 -0.0112192523771879 0.103458828757122
0.166156024148398 0.177546848704091 0.0722042509404157 -0.088424192955289
0.213659994016405 0.00657910459893262 0.0874864098203195 -0.14775737487949
0.113562138140686 -0.141003405099781 -0.0503915379972191 -0.213528897891375
-0.0860935932746282 -0.136771924812711 -0.210250978192774 -0.0728753272330496
-0.163411062387242 -0.0221461896207847 -0.17342079630367 0.103317201357665
-0.153184639722467 0.0862698466302365 -0.0704323503489949 0.154198816823432
-0.0662123162819034 0.155708857593529 -0.00847424914229876 0.115024440300813
-0.0222394594347436 0.168493330953619 0.00847030444710343 0.0505956888255104
-0.0268768758482914 0.165747355708199 -0.00150507246442631 -0.0193842391822574
-0.121055112702347 0.143437869892748 0.0259425488816364 -0.0959358505637381
-0.185943869376329 0.0415674864165298 0.112123026045476 -0.116649357802026
-0.183415752058367 -0.0967687888823965 0.155677641187519 -0.00256967825690917
0.0376903184328981 -0.234228958022907 0.0518694711799626 0.0981040793038384
0.254123987475049 -0.0733409661026214 -0.0607746887149325 0.0716121023817038
0.258469727044416 0.152578467707114 -0.0681413410799023 0.0317062362713571
0.140132667311247 0.149977024514909 0.0252755843779558 -0.174141692440581
0.177959883526556 0.0123059807746567 0.0163689052249372 -0.194821189170617
0.100684984099067 -0.111220911937471 -0.102373850577187 -0.195441018581047
-0.0600621362251349 -0.11695278412647 -0.21921213553378 -0.0524392360534857
-0.133094159741445 -0.027675216071368 -0.191052908687871 0.104730265154898
-0.131246051961293 0.0618903709254178 -0.105430729626838 0.178262443352419
-0.0589617137185653 0.124344638338495 -0.0315148844083749 0.166489267277949
-0.0221270070705022 0.137997424211899 0.000504387844629443 0.109387412286835
-0.0256773590505527 0.139504677423816 -0.00785185394099461 0.0342147187836712
-0.108541727039936 0.126444107014325 0.0131340436196164 -0.0459086912829767
-0.171773662829801 0.0322439999498314 0.0824998012295901 -0.0682339311426734
-0.164507351402572 -0.102852834191932 0.097303127183483 0.0228492155057796
0.049043630812288 -0.219467144665686 -0.0101344086696043 0.0672873896050455
0.236469560797315 -0.0643052681375517 -0.0808345133849867 0.0251962113034691
0.228454250646686 0.125280179709177 -0.121938669561956 -0.0252151742544888
0.0986426527208873 0.0965911476118013 -0.0264246899103056 -0.241689399919809
0.118091271040441 0.00979420803598154 -0.0515184116866567 -0.212700072518013
0.0687948916529607 -0.0724004322531605 -0.138042464122798 -0.16586913086097
-0.0315963104746269 -0.0771596086139568 -0.215652310870961 -0.033772167274267
-0.0829396866688066 -0.0258584213389244 -0.19885726692881 0.106725519105083
-0.0866672066538242 0.0305049781343645 -0.127287667489843 0.194568473533283
-0.0421486230987892 0.074664253152947 -0.0472405359959945 0.203301451058785
-0.0195712106020896 0.087252196977169 -0.00643539207333558 0.150516509246438
-0.0219685947793963 0.0919571209339302 -0.0145590538492284 0.0764916581824673
-0.0830036246444572 0.0849731495896707 -0.00104454919029904 -0.000301017296205682
-0.12594057832304 0.00942605878909326 0.0436412972498306 -0.0285982477692325
-0.105731231630591 -0.09080676891186 0.0438781046692291 0.0239315069264593
0.0548212900937996 -0.153450995332677 -0.0385617581339426 0.0311189155593697
0.16901071434635 -0.0352624860552294 -0.075539102769278 0.000872531852023995
0.149913307206761 0.0792345011434948 -0.16127636908556 -0.0635812204891541
-0.0237661879536861 -0.0313491037140926 0.136319111935053 0.149364508555604
-0.0509416004996552 -0.00353777077577388 0.0930604000906852 0.0187141442694979
-0.0396631019820632 0.025284828577147 0.0418463295854953 -0.00442778311555996
0.00505171850640685 0.0487458266593256 -0.00388236934346664 -0.0374045326938586
0.0395948845696995 0.0231771565851502 -0.0221304753003047 0.0183390879021325
0.036162140142364 -0.00731137211880437 0.0406017726082007 0.00804555925124954
0.0201420322071864 -0.0191653843066091 0.0701611904064369 -0.0688676288547642
0.0162498356197732 -0.0110022147924074 0.0915649877920259 -0.13533385088529
0.0240355280130325 -0.00104258898230394 0.128403329423954 -0.169044418916851
0.0291118104462789 0.0145268133691342 0.191647902180615 -0.12612761550065
0.0147036431404622 0.0318548561381433 0.216219546904234 -0.0337551288396889
-0.0104141376248055 0.0386059080222954 0.180682135647443 0.0834749302190122
-0.0413527843160005 0.0145191580283928 0.104313300243336 0.183258946958735
-0.0613750225972223 -0.0249714648997576 0.00384380496572203 0.221524217505982
-0.0359911171748131 -0.0526105387207135 -0.0685396313374024 0.299874429886783
0.0328549986076347 0.0673005362288932 0.141390113666434 0.152179953381765
0.0532145395141659 0.0188924841773813 0.100699664529167 0.0263499578802747
0.0302327734090662 -0.0344361654939641 0.0577988149752372 -0.0178068832275236
-0.0287409063021889 -0.0302830703161728 -0.0116327955096122 -0.0456397405583266
-0.0352102098171957 0.000166392385813257 -0.0291881557501343 0.0225030229309227
-0.0317282831474949 0.0191116287442558 0.0394700598554232 0.020442248695994
-0.0206117677811611 0.0347791832210175 0.0758955804960486 -0.0585398536196285
-0.0168469093656531 0.0461065364278451 0.0921303366562418 -0.129305041546449
-0.0196073944162926 0.045468443169122 0.12163226076773 -0.166246451885835
-0.0423866791065607 0.0253465692319267 0.18213437648851 -0.13416956373413
-0.0453133497400933 -0.0062525229399012 0.216611830084259 -0.0506711403378285
-0.0228856445142482 -0.0257722114870561 0.190597055419299 0.0617872764295514
0.0247273872070876 -0.0252791803625639 0.123051400233617 0.172846324800763
0.0230520618417041 0.0201251315593529 0.0204993254011157 0.219315890269258
0.00574991752713933 0.0526728375600107 -0.0551197786635163 0.295401232268617
0.070900624086818 0.150625016632312 0.129351779050424 0.129760502542882
0.136752481534835 0.0440674818862835 0.111790342360865 0.0391112501441049
0.0949045297693426 -0.0787189394264087 0.0892510716896748 -0.053026432162923
-0.0469531342989142 -0.100508925454948 -0.0359124694490534 -0.082031879179843
-0.0967691771317746 -0.0296593223378469 -0.0666399409414313 0.0240388265064916
-0.0964960421227658 0.0341344520487144 0.0146732990503948 0.0459828161523593
-0.0622391519245325 0.0808241011340745 0.0643077762151218 -0.0292767903326875
-0.048256340856839 0.0959310767453436 0.0789277041419516 -0.103414442128436
-0.0555771435389664 0.0881722148299685 0.0997874027928428 -0.147067709490138
-0.102985468033124 0.0399100302857126 0.156500819058557 -0.136016080240506
-0.100708711187965 -0.0324797605060789 0.208323050581022 -0.0726305656950717
-0.0461373445901088 -0.0813255480712082 0.201172388852794 0.0419046468749537
0.0757632712412085 -0.0738183297257969 0.130442941030679 0.162289385489544
0.108018228503065 0.0478501478274886 0.0141336463326686 0.202035658091768
0.0591720130787999 0.144468223298722 -0.0485838002054369 0.254043607256323
0.0836279221688083 0.208927815417589 0.117099297117914 0.0864527066779485
0.182783355322957 0.0683358695262244 0.136552545527357 0.0293382974294221
0.139599029058448 -0.0991497923390297 0.107319796709126 -0.11537604235075
-0.0489551720166991 -0.145802068655399 -0.0793666213644734 -0.12561659881147
-0.134563589990754 -0.0577706589398485 -0.11971038855734 0.026365458150659
-0.145782286987967 0.036048623157651 -0.02753772568996 0.0761206121830726
-0.0983265742144516 0.109681499894831 0.0356318229852865 0.011631234701001
-0.0724408999168158 0.132129097546174 0.053344007905648 -0.0611127741017167
-0.0797271873636335 0.120718952849406 0.0677257117100817 -0.112083279020523
-0.144431314931715 0.0576413474268098 0.124057144385302 -0.128024730579556
-0.144676701102568 -0.0426375108452915 0.194706021310842 -0.0870935376858549
-0.0775861504903818 -0.121138622312806 0.203631556027206 0.0347088002937447
0.10576821906388 -0.127344755031009 0.112944133737212 0.155575254013054
0.181878663813255 0.0522456605018629 -0.015054651741518 0.167309054346787
0.114316073481404 0.209757447888737 -0.0528595194055367 0.182467975802499
0.0785003067925322 0.239533911727782 0.115422103423564 0.0190371623906256
0.196213196315764 0.0912276128869509 0.155379887569716 -0.0246031102195063
0.162249538344049 -0.0946024480995198 0.0875082116971883 -0.182889355247534
-0.0351868421330705 -0.163047641262562 -0.131380272626459 -0.1513981547843
-0.143705192632519 -0.0801263380919117 -0.168909893113639 0.0287508319925812
-0.17204213965478 0.0268477750198993 -0.0775355389904442 0.100159726593397
-0.119808578478243 0.119341560042063 -0.0064320016969663 0.0572412851463807
-0.0865590237723334 0.147749352817588 0.0209008030044345 -0.00738931745192871
-0.0907894376564925 0.138321330450233 0.0342826921257185 -0.0667423784021701
-0.164403246146333 0.0744115248419144 0.090114607879145 -0.108344052782597
-0.174047341165798 -0.0403833417379401 0.175180214468163 -0.0826252289563623
-0.109642171083297 -0.146346333019476 0.18360056812221 0.0445711236206012
0.11980884395952 -0.174340214737531 0.0666529975705053 0.142431735136209
0.234257540019787 0.042670408920519 -0.0539088041735327 0.113154811993549
0.158539474357674 0.240982752227296 -0.066982743517017 0.0955302698892018
0.0678139587503015 0.238304098468493 0.117658376888963 -0.0683887072387969
0.183898698930872 0.101699490729972 0.14268993512266 -0.105099645173297
0.162640471787022 -0.0761060814898543 0.0384040810669986 -0.223045265070886
-0.015020440694688 -0.15618691271183 -0.169109080414089 -0.15202653116763
-0.132022841107964 -0.0895501670293097 -0.2014872537093 0.0258665895462887
-0.171270294112157 0.013445547817341 -0.126694836048156 0.113743350461579
-0.121901809221312 0.109950271594881 -0.0539554839329823 0.100784420549517
-0.0878670765122798 0.142262559462387 -0.0128455752845406 0.0490035385770963
-0.0897706172093152 0.137256418580981 0.0023977174546999 -0.0180371848993862
-0.165446531295328 0.0810693720456671 0.0582415805854111 -0.0754187405143522
-0.184516995264488 -0.0376676914289815 0.144414109369159 -0.0587340403412949
-0.122981949094381 -0.161227358821983 0.136154321681078 0.0596785715409786
0.128174672925049 -0.199065713465065 0.00792140097563492 0.10804771833089
0.256168452612261 0.0338166454070187 -0.0787345064854204 0.0496826675674802
0.177389225855274 0.238694636269727 -0.0878599343945668 0.00851013947356243
0.0571876331856081 0.201446893598301 0.109960128459897 -0.161741130876783
0.150762795688268 0.0908904390739523 0.0995687406026471 -0.175224459774145
0.137262808599537 -0.0554865123747058 -0.0142301471909489 -0.228029804700304
-0.00112097903237741 -0.126879783019294 -0.183476594092851 -0.138447357966334
-0.102977771980515 -0.0810305151390843 -0.217751054256971 0.0189723784184257
-0.141171353852834 0.000934236445431896 -0.168377129746787 0.119659634331371
-0.102903221776004 0.0854061733721048 -0.0958512502898261 0.137794307613764
-0.0748842182223742 0.11507837223528 -0.0433711350632454 0.0969290747322953
-0.0780494812013938 0.115399813819279 -0.0248181182681535 0.0275173185802889
-0.147549334726876 0.0707871900851307 0.0273900749997123 -0.0360668378725813
-0.167207472282136 -0.0399584251080311 0.0985066903273509 -0.028224945636863
-0.104091042301723 -0.15853354845844 0.074830567668434 0.0575905042433222
0.130979353071804 -0.180894157015111 -0.0334861198469368 0.0566344352964539
0.235979056610735 0.0342214388814415 -0.0786359926116622 0.000219428916890957
0.158466917085471 0.201096465220027 -0.109711402489845 -0.0650005697441111
0.0439534595929465 0.133943235070847 0.0882926736075584 -0.238611988378207
0.0994440052489537 0.0621583268641706 0.0460723321639377 -0.217024226117208
0.0919435682862054 -0.0345968201844919 -0.0559077050192424 -0.213331551159676
0.0064969580462714 -0.0797084368780773 -0.18580988586047 -0.121162329048444
-0.0595031049959769 -0.0570739704705271 -0.224540058912518 0.0154822194079596
-0.0888953845551873 -0.00906701011897489 -0.195058754219118 0.123108766008746
-0.0674962465364402 0.0482541611283936 -0.12595524383322 0.162597972120011
-0.0520803804221032 0.0707373515122297 -0.0670006413797907 0.130777592034675
-0.0565299617385921 0.073311292795059 -0.0465467696057642 0.0624587591129679
-0.107425068406175 0.0433056227764233 -0.00302726693782003 -0.0012144034641973
-0.116615086285091 -0.0416128721180481 0.0483129178651597 -0.00932431763417888
-0.0563499327927857 -0.122662355280968 0.0278083969438785 0.0370652237395446
0.108273842434542 -0.117055659775072 -0.0443519334504842 0.0143465016454941
0.164018416938473 0.0334534778941138 -0.0663974142188315 -0.0217564978632854
0.104134054054908 0.128875918653874 -0.12584516087736 -0.117644052022313
-0.0229986186108408 -0.0310703379658965 0.136519259663042 0.149837995800489
-0.049784240449445 -0.00346827888779977 0.0944838455773167 0.0189780297678221
-0.0401258896063678 0.024797636739109 0.0425990129725426 -0.00700151974444309
0.00473988412276131 0.0487255085138275 -0.00606231298345783 -0.0393914168671818
0.0398605467080955 0.0231840474255104 -0.0201195183350005 0.0181090162660016
0.036864022329909 -0.00809386527805457 0.0423743080125963 0.00694362476253507
0.0204173833260977 -0.0194626384603561 0.0688826448928169 -0.0692168494829011
0.0170538512139369 -0.0111684641260464 0.0896719318607403 -0.136055154867228
0.0243339048521624 -0.00178803874590975 0.1262347136093 -0.170607477561408
0.0297856125352035 0.0139323039352575 0.190658727100198 -0.12810216973897
0.0149943846652084 0.0318694347438907 0.215642565750926 -0.0346431399808758
-0.00994789034317909 0.0385977092303298 0.179600995500701 0.0843182495411774
-0.0414245937811994 0.0146388976236239 0.104167125465286 0.183302103001711
-0.0617305489289088 -0.0242909888196707 0.0008516293411402 0.221491641974946
-0.0342822268179135 -0.0526452250502928 -0.0707270105104529 0.300161327888566
0.033575148193408 0.067394724725955 0.140858641533533 0.153270145145064
0.0534422127006725 0.0190575228683759 0.102038659391928 0.0272238557298887
0.0300545959250849 -0.0343123048080626 0.0590728555721621 -0.0207611824632093
-0.0285993586393401 -0.0298003759904825 -0.0128302536360474 -0.0471270784099082
-0.0350699230837813 -0.000252436012847056 -0.0282193723111815 0.0217254220343699
-0.0310876545469617 0.0200257320596858 0.0410694706570171 0.0184410621598852
-0.0196950536055625 0.0353461666859047 0.0750990873321624 -0.0595089995612073
-0.0157700829620831 0.046759264955923 0.0895916678221076 -0.129549164755613
-0.0183536265527654 0.0458006330478081 0.119356043301122 -0.167888750279497
-0.0422139471124207 0.0256624803739466 0.180817878675398 -0.136320886234643
-0.0458043360262948 -0.0053310342669499 0.215748684017191 -0.052732062190684
-0.0236357643881522 -0.0259616991977958 0.189290044352183 0.0623868472007176
0.0247301186858451 -0.0265681949031026 0.123075308195394 0.17211191980156
0.0240956676154057 0.0213049126667954 0.0175645972649572 0.218710063018822
0.007309384573144 0.0531627459077463 -0.0569018099242801 0.295527109352575
0.0714742338354876 0.150887230715608 0.127946406335132 0.130775587515626
0.136018208100483 0.0442707204684109 0.112280588063618 0.0403769398942361
0.094661690371563 -0.0776777386066668 0.0889171053964788 -0.0559312956138806
-0.0470265102715115 -0.0998069765239043 -0.036404856021816 -0.0831959433193536
-0.096556768555042 -0.0295560502022205 -0.0660079752291833 0.0231669649303868
-0.0960714330865766 0.0355113799711206 0.0169200288418856 0.0447992825816931
-0.0615458094250773 0.080990717487625 0.0643051556724579 -0.0309309280446379
-0.0461506589705817 0.0969129086132445 0.0772211133235401 -0.10468952845707
-0.0541088212029852 0.0883072757560148 0.0970766159168212 -0.148270683148746
-0.10315228105917 0.0415607871114164 0.155333411558277 -0.137731026614998
-0.101703107351907 -0.0308014561228056 0.207557591543927 -0.0750523189025847
-0.0469901194311977 -0.0813014771988065 0.199122700063753 0.0423106530213891
0.0759889634644432 -0.0748176300048178 0.129130776264155 0.163116102681101
0.109702167467102 0.0481437183695988 0.011466806113761 0.201695086719515
0.0604759002382153 0.145550555276533 -0.0507480267538148 0.253681033335522
0.0839468664397481 0.209153779656347 0.115779712109759 0.0879086151104781
0.182612950752681 0.0693408038177581 0.136757143666991 0.0306335607031127
0.140495973560501 -0.097628406479661 0.1074231709585 -0.118068672859588
-0.0483830810865412 -0.145765333604806 -0.0800136023565885 -0.126422266958608
-0.134221303603978 -0.0574365485606315 -0.120051193232856 0.0256359187484693
-0.145460557575367 0.0377542299132022 -0.02546134701753 0.0745019486541433
-0.0968683744460941 0.110695349883754 0.0358471105315079 0.0100043846241509
-0.0703815397421208 0.133156021087318 0.0521359801652853 -0.0614603481157728
-0.078227211582683 0.120898555581225 0.0658656486451775 -0.113120289396084
-0.143992546160284 0.0598427719400074 0.122451997955168 -0.129160470338393
-0.146095512362335 -0.0406044805247897 0.193480947827147 -0.0895606874255579
-0.0781075744879265 -0.120567194664645 0.200492137059799 0.0348058247608975
0.105958365208024 -0.129094881057817 0.111824473621205 0.156299695249982
0.182969683222046 0.0532762653951456 -0.0182828632933139 0.167041456366296
0.115607850394983 0.210832012265161 -0.055059572123813 0.181464196027206
0.0786650148324888 0.239726728586438 0.11451574181164 0.0206261727435235
0.195766263686294 0.0925061727624421 0.156542569028979 -0.0228049675209847
0.163700188221525 -0.0947527249584992 0.0881617347026712 -0.185249933407471
-0.0346968120427845 -0.163357006901626 -0.131664451789969 -0.151448492220035
-0.144693274577455 -0.0795191554066276 -0.16877017022813 0.028218568025306
-0.171674382535626 0.029186894365823 -0.0758328019928126 0.0996433402538897
-0.118468823377842 0.120766004729644 -0.00555176595539712 0.0555330463291037
-0.0840860105054587 0.149316659500573 0.020318521766242 -0.00750585726573901
-0.0890306259656028 0.138991606053712 0.0328981765628969 -0.0668514652100656
-0.165260375974347 0.0765004650674256 0.0885230976195212 -0.108939509881995
-0.175570986982664 -0.0390305837423831 0.173618592757101 -0.0848551329296364
-0.109622958407266 -0.145629553026483 0.181317121531608 0.0448330792830165
0.120173409195221 -0.175651586266192 0.0655884565963993 0.143994737840592
0.236322010211816 0.0446557249251774 -0.0563986562234915 0.113202198516675
0.159174079661957 0.243235737808965 -0.0693939177507068 0.0938643964034154
0.0676161939516439 0.238444810188377 0.11673812632237 -0.067358046441236
0.184432776513145 0.102348359167213 0.143978662786036 -0.103178436139395
0.163739068357432 -0.0769209664414502 0.0388754627408497 -0.225888650495328
-0.0158727039849948 -0.155806587780298 -0.168366681801434 -0.152185767179484
-0.132335416375156 -0.0885092853725231 -0.201891598363165 0.0256446202964108
-0.170538632485706 0.0164063273797131 -0.125320161982243 0.114190197908774
-0.120770086754302 0.110771638628491 -0.0529335519607102 0.0998567478911038
-0.0854804918282811 0.144042401169838 -0.0126202829051049 0.0488585204793566
-0.0886082865560659 0.137317216343045 0.00100013624807621 -0.0177610275386787
-0.166450461640591 0.0832503790898973 0.057547995690687 -0.075844248584433
-0.185711043855737 -0.0363546442163325 0.142847033623413 -0.0614014313759515
-0.122640752156298 -0.159874656243251 0.133533134026564 0.0597072504815716
0.128446638059198 -0.198964732269875 0.00649246479650842 0.109903248787754
0.257845734432826 0.0350795043512832 -0.0809601149855542 0.0506951227742427
0.176951331176531 0.239927896541706 -0.0893703513211424 0.00821239295782954
0.0573483012443537 0.201931646096686 0.109906553007123 -0.160478271738709
0.151460317633089 0.0909506545446824 0.100078358371161 -0.174182959830621
0.138375673401322 -0.0560841729433349 -0.0144753820612758 -0.229639392645763
-0.00189119546147751 -0.126316892397647 -0.181571636717059 -0.138375719297596
-0.103397246568986 -0.0795805071081833 -0.217762173405077 0.0185428568538973
-0.140929954553416 0.00386232545433044 -0.166911058738507 0.120853065401245
-0.102090674338703 0.0862872729936968 -0.0946541631797894 0.137255812497103
-0.0732965489240659 0.116249151834123 -0.042434013425813 0.0978263319839417
-0.0769976234352512 0.114884305549424 -0.0253122706321019 0.0278999499544619
-0.148035300254726 0.0723317357999482 0.0263978384540107 -0.0361960377060479
-0.167936808089445 -0.0393410067919346 0.0966269015249853 -0.0305946790596382
-0.102648933510053 -0.157328495283753 0.0723870388272986 0.0577313660018861
0.130139409818752 -0.17988795524843 -0.0351021363669438 0.0595689936139159
0.236300407132031 0.0354603644711263 -0.0806619522786323 0.0013045839106256
0.15890010674298 0.201758994428334 -0.110923479438069 -0.0649963650576636
0.0438099613254455 0.134039645655028 0.0886644470777644 -0.237337534144494
0.0996550282200697 0.0627595434966323 0.0471338432694526 -0.215387179566128
0.0925577188143171 -0.0348698083489082 -0.0557294741110527 -0.214881415611177
0.00572091766579965 -0.0796122473685066 -0.184432250627785 -0.121669226077877
-0.0596112608831755 -0.0561046356929652 -0.224857236549529 0.0153030370588778
-0.0893543738183587 -0.00637641312717779 -0.193035483571602 0.125530128324675
-0.0675589118549472 0.0490606113204276 -0.124409138679292 0.163272012514716
-0.0506163873881774 0.0714975848192967 -0.0648272309960205 0.131871228797258
-0.0561931239350473 0.0733247936571212 -0.0469212261733518 0.0632151020787552
-0.10830911901671 0.0450411033623075 -0.00375668297993867 -0.00127177516422204
-0.116173732964474 -0.0413069043792277 0.0460186619438504 -0.0109019040839175
-0.0556893137039831 -0.12230164736974 0.0267456980117953 0.0383012623604683
0.107761958093851 -0.117269648697441 -0.0451976354438412 0.0178434271366997
0.163984434760074 0.0340964990392905 -0.0681036905709603 -0.0201266226752858
0.103908222797655 0.128644326153815 -0.12676165799588 -0.117407447417995
-0.0228967105092504 -0.0311123739044674 0.140064689125215 0.15126666289864
-0.0500841171934226 -0.00246701960741947 0.0980455590045927 0.0181943672493225
-0.0409341504074241 0.0255978747033014 0.0443528562494521 -0.0099134715841094
0.00566222914484275 0.0487233457168876 -0.00857552262856194 -0.0414273135261137
0.0410024034938699 0.0224253027666243 -0.019211017688649 0.0187026638511438
0.0369545227766845 -0.00950438832460545 0.0439670310430496 0.00469559997801111
0.0199867350160182 -0.0197770856517211 0.068132505994675 -0.0711100005616987
0.0172531943976117 -0.0119173925646251 0.0867199491170379 -0.139654486068765
0.0251164374296094 -0.00267807809727932 0.123246134675477 -0.175298593749708
0.0304546196210168 0.0128023634725968 0.190021183712952 -0.134765027668899
0.0155245119604759 0.0319004733784311 0.217954459204932 -0.0399023716574366
-0.00887641443761233 0.0391621423516303 0.183014105972593 0.0828994608246608
-0.0422164281274524 0.0149688410826754 0.107808527571274 0.183159841891506
-0.0624392909070487 -0.0227658558092895 0.00159397082345096 0.223379668712168
-0.0338788247464643 -0.0538210878747221 -0.0688802853820747 0.305379854637778
0.0354909872149318 0.0675427966015766 0.144467965101521 0.154738054216217
0.0543236100591072 0.0192367429505207 0.104887891497579 0.0266143455510639
0.0295213404431095 -0.0347438637856934 0.0598625622261934 -0.0246616139757456
-0.0290848010059972 -0.0294777919623091 -0.0147891845087514 -0.0494970113717228
-0.0351042644006011 2.63871715174391E-06 -0.0278404551100654 0.0220921577298468
-0.0308831036245636 0.0203675035797093 0.0435173769093161 0.0161964245962411
-0.0189174070922073 0.0363832739280622 0.0744957740480746 -0.0627396378333003
-0.0139454462260382 0.0476813225406716 0.0876137266488688 -0.133730725096768
-0.0168008557675765 0.0457317015850077 0.115096296795864 -0.173364867171777
-0.0429102738928326 0.027199831639061 0.179964577983174 -0.142309340239651
-0.0466627322412946 -0.00388731478211324 0.217817409203035 -0.0582650912451078
-0.0241515535164026 -0.0255797525164594 0.192136474195558 0.061383523539049
0.0241698248043715 -0.0279674302359192 0.126377729625691 0.172481252852003
0.0254748227200299 0.0219850723127551 0.0174855971206993 0.220562488370707
0.00970792057914935 0.0541255149269001 -0.0554866603742583 0.300253065337301
0.0748431280297055 0.151228163837318 0.129858636537404 0.132512695456833
0.137708884534153 0.0434335723166867 0.116515100182693 0.040631563044304
0.0957047370234763 -0.0798008936118402 0.0903281666711464 -0.0611754780949707
-0.048511569458423 -0.099879877841058 -0.038680204877307 -0.0847244620009364
-0.0986930150345328 -0.0284089326795956 -0.0664420779270574 0.0243140365844795
-0.0960704788189319 0.0380006188232045 0.0194699389636984 0.0434809242223681
-0.0600578286745487 0.0837063263816818 0.0643864040163304 -0.0338389188829488
-0.0435693086948544 0.0990117879710559 0.0751459335664388 -0.107304115694689
-0.0521683960550686 0.0899340861146767 0.0929440107994108 -0.152749719662418
-0.104531171625045 0.0452418239873567 0.154275855099294 -0.143131231255429
-0.103900420746384 -0.0286320247256516 0.208294838215977 -0.081076712164789
-0.0489553029342902 -0.0810401631939512 0.200901956153317 0.0409794122005026
0.0755561431794966 -0.0785280889692278 0.131795890695348 0.163516750514024
0.113268306450912 0.0479414376342 0.0109713055796442 0.203949834182458
0.0651803478497022 0.147842107673104 -0.0496918475280126 0.257427225572424
0.0877590115554795 0.210888524624544 0.11712798215475 0.089811627212664
0.1853075119327 0.0690658479341654 0.140529774058434 0.0303941921497019
0.142365237517352 -0.101799728360217 0.107531407575084 -0.123928872288874
-0.0507594931933585 -0.146246434419412 -0.0824680772112937 -0.128232040313365
-0.137349228611949 -0.0561214700561465 -0.120918077364808 0.0271443653173533
-0.146330091850189 0.0420850312252684 -0.0229918463277298 0.0751204722295167
-0.095264953490266 0.114478268614793 0.0361479950572079 0.00738858489447186
-0.0672693409552304 0.136185253769892 0.0512226582372498 -0.0632975688344602
-0.0757147549081865 0.123424934301675 0.0623820064678951 -0.115737406604177
-0.145897182801828 0.0656935782298838 0.120915756109571 -0.134063902692161
-0.150032334991366 -0.0376659781576162 0.193534134470088 -0.0959368715304766
-0.0818440201960032 -0.121251975598155 0.201739033078404 0.0329380681083765
0.106071793556341 -0.133419208868 0.113683919784213 0.158320291457694
0.188455945212748 0.051989142561973 -0.0191554190359639 0.169384637252841
0.121521782545559 0.214108672111374 -0.0553894206235927 0.183986936495513
0.0834296049904237 0.242435533702625 0.115336366321669 0.0217548272014261
0.200251826800341 0.0919905389941282 0.159715454706695 -0.0240777194588703
0.166441833185612 -0.0988867015259944 0.0864427273449956 -0.192356949839591
-0.0374273905672653 -0.164951244883073 -0.135277850523122 -0.152419220577006
-0.148261310120291 -0.0777690862336588 -0.169906338232809 0.0306151278375009
-0.173537509564903 0.034620904784229 -0.073646451695876 0.101187624695022
-0.117139360229335 0.124633039383909 -0.00489102628416622 0.0548552421330225
-0.0808669661955693 0.153035957724933 0.0202550847827225 -0.00764169976930482
-0.0866892319984806 0.14162229077688 0.0306098880477407 -0.0687435781752141
-0.166279178633878 0.0826336514647348 0.0871659175821121 -0.112345256213504
-0.179789282649683 -0.0356626412801551 0.173012376557307 -0.0916021624426319
-0.113494830894263 -0.146027499718362 0.181859927021761 0.0437565574220644
0.11963367913698 -0.180816403353038 0.0668944034313202 0.146248392479049
0.241924166257164 0.0430445432089578 -0.0584071087040179 0.116080909389575
0.165586075862517 0.2461495381101 -0.0708565091900018 0.0959848091339652
0.0729066351895865 0.241490736235121 0.117275926486318 -0.0676358661855509
0.18912908969517 0.101943794214079 0.145508739328514 -0.105080487455394
0.166797861114459 -0.0810340100687395 0.0353314308360822 -0.231321217133832
-0.018137136460901 -0.157852892845174 -0.172214694369296 -0.152307514264802
-0.136309007349372 -0.0866597142542752 -0.204139917654115 0.0290235831034568
-0.172832840602832 0.0215460741416245 -0.123987917021661 0.116543066868369
-0.119533323393449 0.115269526690522 -0.0508657764697566 0.101053055642059
-0.0819767805347315 0.147350314026125 -0.0117768757358191 0.0503009465077174
-0.0859030380053249 0.140595163027971 0.000470761226253408 -0.0176032663245974
-0.16771280679117 0.0893546614113387 0.0560530285601942 -0.0780742261841783
-0.190061373054238 -0.0335208246421351 0.142074037129955 -0.0670864890334203
-0.125757202367877 -0.160807335791856 0.134110728630154 0.0596351909631902
0.127384349241016 -0.203360055378642 0.00686618500725317 0.113333401971663
0.262660666647975 0.0334679309761466 -0.0837473572446173 0.0531190080520783
0.183565845184035 0.241701589113212 -0.0919829808293092 0.00882795814120797
0.0614640559075191 0.204230183164266 0.109157917999287 -0.162646139987141
0.155774452924559 0.0913688229291065 0.100163949484524 -0.175851459264613
0.140375890893211 -0.0597146470895503 -0.0182713858374938 -0.234829452711881
-0.00417867661788917 -0.127790757249445 -0.185686290955804 -0.13829459658065
-0.105717774554283 -0.0782964606584137 -0.220871529528503 0.0228683557381752
-0.142847313783438 0.00852443941021857 -0.166145232109477 0.125299884585554
-0.101315463808398 0.0900039999474364 -0.0923359574662752 0.140342009093685
-0.0703994610673535 0.119266284946856 -0.0409379309699251 0.0995771048904058
-0.0755656077508525 0.118125833757171 -0.0257625290802417 0.0294620702588116
-0.14916673423958 0.0777476308949658 0.0258259282503124 -0.0374214469578547
-0.170825287944751 -0.03726037752144 0.0951191385058323 -0.0346486808439975
-0.105863781231572 -0.157567482131246 0.0726562210150727 0.0579758097131631
0.128984809976539 -0.183797089971954 -0.0351645725532688 0.0634857813023817
0.240673886592133 0.0331265242795889 -0.0832467087361572 0.0039367332117158
0.16413402705668 0.20332675049993 -0.114443692908853 -0.0647504635107877
0.0463530487995887 0.135731705666529 0.0870114965449759 -0.240697106265953
0.103020208776745 0.0629556840256039 0.0457239889312466 -0.218521265974843
0.0939250277717047 -0.037470057501355 -0.0599996815118889 -0.21795215572353
0.00504037417804194 -0.0803574277309091 -0.188053026667015 -0.121292040000572
-0.0607518445902647 -0.0548974217870128 -0.227753788924856 0.0190515610288742
-0.0905086792378966 -0.00372968760307307 -0.192543727879073 0.130497886823166
-0.067708685936587 0.0514980106396831 -0.122589170105728 0.167659882976654
-0.0489645721631996 0.0739787805757403 -0.062734749397761 0.135410134008315
-0.055223047278912 0.0757511572691377 -0.0465936064497567 0.0652825280152045
-0.108845361865704 0.0480751248859994 -0.00460013218967161 -0.00171551868272692
-0.118995829774615 -0.0399175223886678 0.0448568107406936 -0.0134104336316522
-0.057420130034339 -0.121838612682249 0.0259189779442752 0.0386624170129107
0.106219972759198 -0.119466340385141 -0.0456818242390749 0.0220431002081617
0.166558832236217 0.0326368876007911 -0.0709601668241946 -0.017956756052201
0.108319472492621 0.129012413167836 -0.131330329241795 -0.116890558025915
-0.0234389408138073 -0.030120725969244 0.146544726913418 0.147963658591843
-0.050176588736965 -0.00101535436516043 0.101435328973211 0.0147854518342415
-0.0406948541625877 0.0273713233678064 0.0453415806655881 -0.0137736516178728
0.00712774919396299 0.0495384837512489 -0.0114742063411444 -0.0425184459932699
0.0426881197056836 0.021000818851643 -0.0176607438342904 0.0191828795920287
0.0372067682026418 -0.0111030207446435 0.045364661026401 0.00191308843821182
0.0196450168135974 -0.0205857990475506 0.0647415300546571 -0.0739779909399213
0.0170600731800316 -0.0125661264512628 0.0798882757841481 -0.143220795238082
0.0252982958772872 -0.00389319057160565 0.114095864397981 -0.18208238494954
0.0306095142790134 0.0113136854241742 0.184807319564172 -0.143762155081472
0.0175691163791359 0.0316859000324957 0.216901262722316 -0.0487166602198353
-0.00699425151511049 0.0396748330886848 0.186736745240018 0.0770239401395352
-0.0423522208610372 0.0166397795723171 0.11444782109832 0.180279755035639
-0.0634904460262924 -0.0200327579398937 0.00663110521285845 0.224296876496869
-0.0348285718586784 -0.0534564214035985 -0.0589655766900703 0.30994154419369
0.038865843638041 0.0664529131156083 0.15014102481191 0.151764042006413
0.0553270074484989 0.0172396452335159 0.108621521385875 0.0232736353151249
0.0288525244741426 -0.0355336499082669 0.0599927674083416 -0.0297664766952886
-0.0300467977371062 -0.0280640866015805 -0.0183259813361002 -0.0501841855925979
-0.0349275470921818 0.000845521147088193 -0.0266426264125873 0.023204252592941
-0.0297613177319809 0.021725185479709 0.0458967520265147 0.0133960771134531
-0.0172712356300066 0.0378267807962035 0.0713134007313789 -0.0664876092947204
-0.0114211638987868 0.0479091537653627 0.0814637723801154 -0.138045015486871
-0.0149016438940603 0.0460920007756476 0.106620782309641 -0.179031906763367
-0.0423265243659396 0.0291813017161856 0.17400936734871 -0.150951113371282
-0.0477226420707403 -0.00116571109644354 0.216200546099642 -0.0683566401678017
-0.0252939962817117 -0.0250335658667857 0.194288260329691 0.054795683906558
0.0234112745221486 -0.0296471985216804 0.133041257957164 0.16862348469686
0.0277489398984668 0.0213000531099542 0.0226777641164761 0.221463665744621
0.0139946165142484 0.0538134199019768 -0.0458868787690953 0.303968576125015
0.0807720238762767 0.148587680203552 0.135092491711017 0.131304721934283
0.139699636674906 0.0395650598812661 0.120364456463539 0.0373648863844269
0.0934012493775843 -0.0831276548131472 0.08858745270464 -0.0675262717928229
-0.0516979706411432 -0.0982254908689201 -0.0427146007916914 -0.0853504807926234
-0.100480739572504 -0.025015508913256 -0.0656069160718981 0.0259310202550027
-0.0949556109761368 0.04283789211576 0.0221016824442761 0.0412866848412573
-0.0565525578890422 0.0871004356146757 0.062477514263891 -0.0375032011444878
-0.0384429140279499 0.101114430499351 0.0698136962330878 -0.11125612544275
-0.0477537995801463 0.0919350263624062 0.0853477307283395 -0.157362961130583
-0.103082528472005 0.0512482599656509 0.148090957497067 -0.151305167030498
-0.106640375067969 -0.0237591328943429 0.205420560650057 -0.0918879828968348
-0.052331380600548 -0.0800658212852941 0.202136211889591 0.0348923352713989
0.0727405565415109 -0.0834470556661244 0.138259473404396 0.159757671931982
0.11775806346735 0.0437993692303029 0.0153317951799647 0.204391685915377
0.0736654308092554 0.147007222345554 -0.042009236991582 0.260178154579663
0.0964052752789397 0.20851487904052 0.120445853970669 0.0882668118994178
0.188622650194721 0.0635037493119878 0.144709427911378 0.0267104914937843
0.14004963880137 -0.106950666804968 0.103129453868154 -0.131623890939627
-0.055457728166246 -0.145656034326136 -0.087849530703095 -0.12647408977063
-0.140472561549929 -0.0514350376541499 -0.120327457141991 0.0310946070726884
-0.145050717096112 0.0492354882570218 -0.0190915434131977 0.0751943561128329
-0.090682723294004 0.119654780336933 0.0364917998216333 0.00537154638721827
-0.0600354148661856 0.139798765656024 0.0484116803494974 -0.0657403854507227
-0.0699974426593244 0.126518593791741 0.0571412264838165 -0.119125246556624
-0.144231381157337 0.073132104144637 0.115253317699983 -0.140263813615749
-0.153147552246794 -0.0307480786032181 0.189427152128544 -0.10553335313298
-0.0871549075871718 -0.1180588941742 0.202142239101209 0.0273682555282451
0.101769794585124 -0.139454824807678 0.119269356885989 0.155802855685972
0.193735747712626 0.0453851298240928 -0.0157632735885151 0.171336534852961
0.13196948048984 0.211783803524968 -0.0508524609804731 0.186729933659678
0.0921930552790976 0.240800742652642 0.116038004809465 0.0206172756090347
0.204460514863888 0.0865345086234586 0.16121021721541 -0.0285735578943994
0.16511264956741 -0.105723714494072 0.0793158191602136 -0.198442283340352
-0.0428342535672534 -0.164324953329051 -0.140727673467852 -0.148807363868441
-0.15306782833859 -0.0723104207999034 -0.170297239294241 0.0364583056262286
-0.172270113099102 0.0431845886253696 -0.0695592489147031 0.10390055270766
-0.11191454449134 0.131092003461444 -0.0028616728140546 0.0540570797707394
-0.0728980956765933 0.157148963881371 0.0202275157270412 -0.00896537131197321
-0.0807868176956249 0.145278667494387 0.0274142830649117 -0.0702254529931838
-0.164219043472567 0.091816971994513 0.0827765549448093 -0.116791686101854
-0.183558829925425 -0.0280047665217068 0.168288770875296 -0.100963649005528
-0.119105403272272 -0.142846785604044 0.181727250787077 0.038988079612784
0.114355296964865 -0.187452648797811 0.0714312928906871 0.146555463333085
0.247032595293639 0.0346360106161396 -0.0572133943031589 0.119988765743002
0.176572932744934 0.242305020425532 -0.0696256226252743 0.0987555316180993
0.0812456077230129 0.240093074768374 0.114369391700992 -0.0696377858084235
0.194416635101323 0.0968884477546259 0.144563151253979 -0.109926222192965
0.16586791010573 -0.0886308787658559 0.026347886302527 -0.23590853155666
-0.023866197366149 -0.158128065344652 -0.177171269140047 -0.147674023562114
-0.140971196349072 -0.0813455029970509 -0.203504864843556 0.0356310430322666
-0.172557660089413 0.0306366923077992 -0.119534075042014 0.122122208897665
-0.114827776457985 0.12124321267076 -0.0471700939783043 0.102173873747639
-0.0742221912461135 0.152113957704904 -0.00913265631035964 0.0506061119865171
-0.0803722513996441 0.143929840732841 -0.00142820541038548 -0.0169797085808563
-0.165324644684946 0.0975444160545901 0.0518415677661088 -0.0810423996337341
-0.193353551833906 -0.025741902670305 0.137744176333215 -0.0741421240737731
-0.1321600847667 -0.157471197461084 0.134356697600664 0.0555353625610311
0.121537568819109 -0.209992983654281 0.00995988850953422 0.116122713291646
0.266711209701918 0.0246995105098623 -0.0844104935971605 0.0576119477530056
0.194643572842659 0.237214283121346 -0.0942499848141315 0.0121331296455757
0.0691773103385358 0.203795285811318 0.104234024101495 -0.165759305119591
0.16053614746115 0.0870317811686767 0.0952392187199144 -0.179982103999558
0.140041566983549 -0.066275079773124 -0.0270960951897098 -0.236531640704001
-0.00866376604145433 -0.128450891080596 -0.191232519731185 -0.133296628819012
-0.109624891972057 -0.0736729902162239 -0.221184691984037 0.0309298694542063
-0.14261549002023 0.0161624340981984 -0.161329380369077 0.132551232080706
-0.0981483887443279 0.0952373154082874 -0.0869398783922418 0.144153895737213
-0.064238709059007 0.123589622890613 -0.0364514983305088 0.102066093082361
-0.0706103897525288 0.121229360439146 -0.0250467713290855 0.0311708660216224
-0.147112010569936 0.0853571162406206 0.0224857672634379 -0.0387278332814183
-0.174280183509733 -0.0303399497851781 0.0925056322630907 -0.0398982896960002
-0.110693030312132 -0.153804864526783 0.0734789877572011 0.0568002484730105
0.122505244532851 -0.189164924709305 -0.0333475222014307 0.0674553174002286
0.243702791996067 0.0248216743134964 -0.0852108930615426 0.00775357130638799
0.172907959665588 0.198555164132389 -0.118724485777182 -0.0600703112037169
0.0514009620289624 0.13560015515445 0.0788691591384904 -0.244870896647621
0.106520576772993 0.060492510792312 0.0394317588215647 -0.219970563028808
0.0932062558107045 -0.0416642821628432 -0.0692154949777103 -0.218684042705666
0.00228275688812706 -0.0811574523870213 -0.192587113435503 -0.115771196968846
-0.0634660004690423 -0.052970772633957 -0.227651975528983 0.0271525913278295
-0.0905167499598561 0.00154461176014832 -0.18717498336521 0.13973370730949
-0.0657966580691297 0.0552546029829547 -0.115499764834048 0.173170405169567
-0.0457948008160462 0.0766514667713204 -0.0575514747819895 0.138235175253452
-0.0529879039544207 0.0782923015018049 -0.0445118808409681 0.0685111334724103
-0.107450674468554 0.0537614243701111 -0.00583704609244672 -0.00184253184690174
-0.120940904775005 -0.0353866057137547 0.0424054834566243 -0.0158945144362759
-0.0611509560018458 -0.120081026725927 0.0266121812604975 0.0392371052064669
0.101374118528053 -0.12370099307356 -0.0452144058596705 0.0275139429085612
0.168641047266943 0.0258800274339689 -0.0738175463141517 -0.0141469760779282
0.114068240567328 0.125977507753362 -0.13761664394308 -0.111950609850413
-0.0232906698354838 -0.0287212600356203 0.149510474053787 0.14028112604577
-0.0481167398652547 0.000624455160006303 0.102422414311763 0.0100494438977271
-0.0394507093859997 0.0283272961424113 0.0443401375957066 -0.0180591199340824
0.00884923294965264 0.0478539457343477 -0.0149642084051824 -0.0415569509202433
0.0428331837546428 0.0178773175530894 -0.0152859128511637 0.0191206460891434
0.0363181918426201 -0.0129533720495976 0.0450445380659828 -0.000793232116839103
0.0194540299185035 -0.0211367925190528 0.059462811747941 -0.0750168749951611
0.0167726517144479 -0.0132408959705694 0.0708811327944446 -0.143199962862118
0.0240920258503098 -0.00552921435554317 0.10233206895968 -0.182840520756183
0.0297131044219475 0.00921614336516559 0.173499747779254 -0.149462639699938
0.0187313628099718 0.0304116407433596 0.20995788690541 -0.0575457345363434
-0.00499905132552991 0.0384933626357697 0.185717689471191 0.0688914035357227
-0.0411932122850147 0.0176876348738676 0.118790201685465 0.171086956196451
-0.062528725598957 -0.0169420008249423 0.012303345965046 0.219842797477704
-0.035120862227342 -0.0519825989660627 -0.0456161777637608 0.30554842345791
0.0412128106979538 0.0629987274773591 0.153319216478468 0.144522324282923
0.0545456912857608 0.0153718394302817 0.109895444234148 0.0181848217464448
0.0262784610653344 -0.0352442831886982 0.0577272321523153 -0.0338992138466419
-0.030435227272916 -0.0260992634270407 -0.0215881436561933 -0.0493579681822479
-0.0345438939217588 0.001953516676173 -0.0249934200360083 0.02344241679697
-0.0281848277305234 0.022395073535299 0.0457000556765324 0.0100903414739025
-0.0146520697841816 0.0377295308902594 0.0663730846134174 -0.0680661527989467
-0.00794016438221397 0.0473223136416554 0.0723181622506761 -0.138422393687704
-0.0115735297408805 0.045334381101788 0.0944759539452909 -0.17913621658457
-0.0407542784955299 0.0311252778161266 0.162920251679347 -0.156449876603364
-0.0465988072351267 0.00137349802301618 0.20784341258467 -0.0773945435851403
-0.0259365066955936 -0.023730021073326 0.19162620435709 0.0468516974722198
0.0214387364924376 -0.0302968407223501 0.136934110169455 0.159354476657024
0.0295645668733899 0.0192012538906671 0.0278790913354308 0.215733246066899
0.0174596583209276 0.0514711790403923 -0.034181899713345 0.299677465260483
0.0854639677956744 0.142008520584924 0.137066891532319 0.125199702376278
0.138349890091014 0.0340085428646869 0.120618314408897 0.0316296762922009
0.0884069411608248 -0.0846111723656213 0.0838746331199245 -0.0720732838101963
-0.0539426471549443 -0.0938788288798314 -0.045500123511733 -0.081944610803438
-0.0996747525785155 -0.0210117606421526 -0.0632548113836373 0.0276926590232487
-0.0910951729442763 0.0456951048948605 0.0237198274452993 0.0382141993141087
-0.0505946620302712 0.0880136508806117 0.0586968515208621 -0.0403999516228528
-0.0322843916985706 0.100413040905045 0.0630891224164619 -0.111941618137189
-0.0420066612753503 0.0914013498652548 0.0751428577484529 -0.157314764412396
-0.0990733813225171 0.0553670740258235 0.137293491467124 -0.155150843486198
-0.106198051215795 -0.0171358724920446 0.195435360340725 -0.0998551986621846
-0.0546978950572943 -0.0762413803318132 0.19846402941444 0.0269541528225244
0.0676329200499372 -0.0859910059135781 0.141044888969077 0.151133268187378
0.11927194376702 0.0382108367608339 0.0198915413690122 0.199782377013267
0.0792083098156807 0.140939415526679 -0.0316503771030538 0.257207765400036
0.101598562630565 0.199853041965217 0.121200700588791 0.0848640376255548
0.187475924462406 0.0561237877430544 0.143736090861195 0.0208420169929135
0.133802825062738 -0.109521446291381 0.0950562975858722 -0.134609474755982
-0.0598997555370311 -0.139945965218776 -0.0910393126953879 -0.121004998396237
-0.139964879802113 -0.0444767357977836 -0.11679680530942 0.0350530749273223
-0.139668510915522 0.0552780861262198 -0.0151136174534651 0.0729851841653736
-0.0827653681139776 0.120976196481052 0.0351041869092781 0.00284222830331125
-0.0515557836682483 0.13937648553448 0.0437021224112032 -0.0668420767781711
-0.0621680312387178 0.12656264005245 0.0487172206336384 -0.11841687429944
-0.13806742916685 0.0793979308788146 0.105466346556115 -0.143147062659042
-0.152347431602438 -0.022518093798208 0.179007429807199 -0.11357984131116
-0.0902632050442353 -0.112333677640768 0.197528080726314 0.0201961183026781
0.0942997487095855 -0.142253170348988 0.122168503358696 0.149515699773832
0.194618525930368 0.0374379870380882 -0.0110805247772199 0.16964710239929
0.138987691150483 0.202882205747484 -0.0436295438959297 0.185168119637941
0.0993711534249683 0.231671255440541 0.114695363458899 0.0184301948130022
0.204896997411426 0.0786377784469173 0.15842466729588 -0.0333673267244427
0.158767538557286 -0.110046903588612 0.0689449955513894 -0.200183398382122
-0.048369391142937 -0.159841126267563 -0.14337291241381 -0.141041672216872
-0.15349135110809 -0.0644811896365672 -0.165462077516604 0.0424907107387659
-0.166885538285718 0.051079199032469 -0.0630549283120487 0.103631021576984
-0.103096087025168 0.133520036881625 -0.00103343814771147 0.0523871167692635
-0.0623692824043821 0.157261215941829 0.0196276807833083 -0.00976533529252424
-0.0716893366152043 0.145542726241538 0.0221995839810088 -0.0688958313168853
-0.15703096705703 0.0986725494335421 0.0747488221796131 -0.118784227293867
-0.181948344657732 -0.0189337529649121 0.158886922850239 -0.107509493906772
-0.122171592153312 -0.135053550311031 0.178214478133309 0.0321204150029179
0.104734848576926 -0.189213476554155 0.0745084021860324 0.142090955751479
0.245332276492961 0.0251965575640518 -0.053999747114394 0.120125294290718
0.183572666399898 0.230541420801913 -0.0654885459661918 0.099298472640109
0.0892702344243931 0.232765849989598 0.110287531468073 -0.0700899969581779
0.195374547627753 0.0889866471119908 0.138586991870287 -0.112533484502438
0.160545196440261 -0.0945675549167243 0.01547979286513 -0.23322994613729
-0.0300036451712481 -0.155156620194397 -0.179265765189487 -0.138598362861429
-0.141349668118391 -0.073774874108457 -0.198557963891839 0.043017827120105
-0.167071878889736 0.0387754680838547 -0.112049717610696 0.124304383913283
-0.106560346473319 0.124517276004468 -0.0416289297473152 0.101702342970025
-0.0643639785230874 0.151802206314741 -0.00680914779221681 0.0495702246899665
-0.0720591455882943 0.144190231704723 -0.00277476179408595 -0.016344307432511
-0.157305447899032 0.104101927875979 0.0461967063857031 -0.0813631367586208
-0.191671594624234 -0.0165218581229394 0.129593489660251 -0.0800425225658187
-0.134858440746813 -0.14852530985804 0.132615985113837 0.0507029017673063
0.110932452179271 -0.210109012094914 0.01382233447991 0.115355898570208
0.264301615483468 0.0137888473463986 -0.082419822803416 0.0601581573868744
0.200233042120145 0.225391303708325 -0.092592276609853 0.0154610589523004
0.0753461595685011 0.19750378487122 0.0962228574774334 -0.164998026335301
0.162152439553697 0.0801725242741486 0.088445844985378 -0.179378911082756
0.135184592309133 -0.0717927359998065 -0.0376613934617309 -0.231622366185194
-0.013468329562356 -0.12587462473634 -0.191511774228369 -0.1243871944327
-0.110502827559491 -0.0673108358467708 -0.215581643190483 0.0387203578105841
-0.138879443959454 0.0231455769599122 -0.151966464812591 0.137410123589878
-0.0909811887214479 0.0981146364916571 -0.0779256431276301 0.144074925856834
-0.0563526501790379 0.123341920926168 -0.0307052623169217 0.101381738025863
-0.0643546904201786 0.121565453300261 -0.0240120348266636 0.0326012284552256
-0.140190093377878 0.090974608911444 0.019657965065132 -0.0392214268242859
-0.172533212092365 -0.0226102291929528 0.0862832776135138 -0.0442466154567734
-0.113504194386592 -0.146748347226148 0.0729714089369465 0.0541521687751625
0.112679929547104 -0.189076301172124 -0.0294917775326118 0.0707480705293816
0.240398706353437 0.0151214562016591 -0.0845072792606112 0.0130048620899973
0.1783753236368 0.187549229389162 -0.119805026505177 -0.0532598863487306
0.0557825803384007 0.130976146316745 0.0690573732977016 -0.241983737653563
0.107967441447899 0.0562630455666112 0.0311090600230589 -0.217306470348673
0.0898304648190706 -0.0450368159972131 -0.076652411622428 -0.211728190052792
-0.00108795548770751 -0.0799890835499932 -0.192498763252888 -0.107462700556207
-0.0644043050514744 -0.0485859857429148 -0.22224642276164 0.0362524880398181
-0.0880148385274979 0.00598969492496059 -0.177695429642486 0.145348768374344
-0.0619494027702686 0.0573821035057683 -0.104875829193658 0.17462316824714
-0.0403755125807308 0.0765923686470765 -0.0496405070551036 0.137859875958645
-0.0485924002081307 0.0783949459066581 -0.0402076154101079 0.0701676261759131
-0.103439850223119 0.0574140109977966 -0.00706122648291857 -0.00196660837241545
-0.120081814097109 -0.0301147491691998 0.0395409408945348 -0.0185727900403132
-0.0641536082909212 -0.114485440960699 0.0274182120701393 0.0386421518244054
0.0935788198223098 -0.124190356270022 -0.0430595151949835 0.0313486803323169
0.166714708483742 0.0191887841949076 -0.0736106255967203 -0.00906630958346542
0.11680557985639 0.118538696912575 -0.140159507729612 -0.103151325290409
-0.0242150839016933 -0.0256536841350437 0.16219586809208 0.121559775310828
-0.044787770030246 0.00506989640591194 0.102660059636814 -0.00322232962671218
-0.0342855644079179 0.0314731123611821 0.0431730095997709 -0.0260949328623112
0.0130464611728029 0.0449333025795521 -0.0215894198994086 -0.0399050969985601
0.0424064088202985 0.0120081151727444 -0.0133101789664627 0.0186376945034339
0.0327991912749384 -0.0166553226626792 0.0423543189794642 -0.00803133650167761
0.0164360536841129 -0.0226119961121876 0.0486857986530914 -0.0792584797678238
0.0149699514600497 -0.01459050928221 0.0503356217389373 -0.143679297217603
0.0217314886273502 -0.00840807838911713 0.0760171838651256 -0.185525235185788
0.0278803683934517 0.00537756778945817 0.147999852228405 -0.164041202597275
0.0198165093819146 0.0262006797230171 0.195388951087596 -0.0782364737134357
-0.00136854365917732 0.0347130909320453 0.186675306391471 0.0468784853909531
-0.0363782063380488 0.0192851398568812 0.13142693724728 0.152881264119626
-0.0573557212689228 -0.0103809537029379 0.0321358470391908 0.210370133672542
-0.0346817228004798 -0.0449975290292228 -0.0111552296963398 0.297525365806751
0.0502281083403642 0.056321617906324 0.158686309175635 0.118032737845014
0.0548650562861129 0.00892217323069805 0.107321997269988 0.00376252590400145
0.0214526680432767 -0.0365934358694038 0.0499253241872307 -0.0410613008490961
-0.031106884582662 -0.0214884789158429 -0.0274464828140979 -0.0436286894536561
-0.0326006098771267 0.00533535583884795 -0.0195389441256689 0.0262604832901935
-0.0239024998972589 0.0237588754207558 0.0469060135098564 0.0039150690275152
-0.00932322586327527 0.0364266824267738 0.0575533748335949 -0.0722291264738333
-0.00165074913693331 0.0453952282574824 0.0518333425882145 -0.139555706851785
-0.00671647025231223 0.0439849129157532 0.0685906340725046 -0.180906578339958
-0.0358446820441565 0.0344824237183225 0.135854695874725 -0.168560568002495
-0.045940588261734 0.00678879983342187 0.188849480740771 -0.0957414985624681
-0.0277954298474931 -0.0217312392690133 0.1882884303753 0.0254325337502973
0.0162203195937506 -0.034515729265397 0.146932131953416 0.136722854296844
0.0329142720746905 0.0131263579164942 0.0512467657423847 0.20338681023886
0.0272469162262195 0.0457553397111884 0.000266530250157665 0.293495596965912
0.102309343354932 0.128345746041831 0.136981078096083 0.0962507079491257
0.136306786787013 0.0191566354015756 0.116656893066486 0.0154815287194635
0.0761056449584485 -0.0906660477141159 0.0672268141197397 -0.0782533832855438
-0.059772548983412 -0.0839975776358773 -0.0552208022319365 -0.0695001578785461
-0.0969577269405088 -0.010178141263557 -0.0540978115093887 0.0364816116382533
-0.0813383528801777 0.0535484140904397 0.0315013431069769 0.0345480211496102
-0.037731100762563 0.0876744057004663 0.0544335274092573 -0.0439002724960182
-0.0180697191671238 0.0986560434210943 0.0469473400979691 -0.11277357308244
-0.029992308180321 0.0914393481210441 0.0526133180407489 -0.156435011005818
-0.0880867482043823 0.0648607857660419 0.1108683724307 -0.162318013420826
-0.105021206341642 -0.00327398717376215 0.174210238808558 -0.114850072697571
-0.0614394222549765 -0.0674876639555471 0.19058763743326 0.0060566288200284
0.0539709183962217 -0.0929911218257869 0.14994177691002 0.126790178898343
0.119036358684444 0.020450414205837 0.0451344831978012 0.188310343180393
0.0952422875443884 0.121684826260804 -0.000633884897160936 0.25541382601147
0.125614836642734 0.183214906428724 0.114458862221312 0.0547465496199389
0.186151916541293 0.0364343741750948 0.13530464136954 0.00193421473524178
0.116633073710075 -0.120234979092408 0.0684062612441315 -0.138219355546334
-0.0697508135343865 -0.128051113749745 -0.10359461000656 -0.0988227368893211
-0.138756237829657 -0.0288420290819757 -0.103891630824413 0.0519481237870359
-0.126665084207677 0.0674633584549993 -0.000806616309815816 0.0736949697581978
-0.0647019095939159 0.12261988529451 0.037304641527454 0.0015788620854527
-0.0318492753665154 0.137658011956374 0.0335923196911233 -0.0670476395245903
-0.0444571187956921 0.12707522786316 0.032463044145877 -0.115611685770703
-0.122116156929522 0.0925808000710252 0.0816555326124868 -0.145290646915665
-0.149729331693972 -0.00255817783681316 0.155424106927231 -0.124791877703997
-0.0979818324326589 -0.098082971456401 0.187714180101847 -0.000107617725136331
0.0712223535955288 -0.148928195633419 0.130980614728804 0.125483204488795
0.189093226007309 0.0118234941480944 0.0152116902819972 0.160879447437468
0.157983978004228 0.172365133439259 -0.0182792960872303 0.190099931894998
0.127401481504274 0.214661760240312 0.100092084632146 -0.0111815968435836
0.205594804088349 0.0554260599507997 0.142467320365922 -0.0519897239703207
0.14074300325156 -0.12382159157868 0.034624313003955 -0.197279384377984
-0.0617272692457797 -0.148614730739775 -0.156835185631574 -0.111683418625811
-0.153088663882962 -0.0455743028695879 -0.15013671914175 0.0654477230906987
-0.152790227235358 0.067103649291036 -0.0430073991022689 0.110182133596189
-0.0830745461972104 0.137427965954966 0.00792572302713727 0.0543320042025473
-0.0406981105674531 0.156433267922672 0.0172255003661118 -0.0103355045351624
-0.051490634527873 0.146407589005708 0.0136335350113715 -0.0644940232155517
-0.137219918113899 0.112387817720429 0.0549532770207852 -0.117533523807868
-0.177308673625928 0.00450954820777895 0.136909680688706 -0.116059744053596
-0.130230128960145 -0.116419886990589 0.169449267365608 0.0142475439566745
0.076232617251006 -0.193746748434853 0.0840268692048637 0.122981365064715
0.235407538313202 -0.0037283281883507 -0.0289601764832146 0.116853128404961
0.202168726134902 0.193620302946945 -0.0476366153887934 0.110808481432677
0.116222761312309 0.216612842700312 0.0871362423443532 -0.0962829861482325
0.19824676055396 0.0655014824188185 0.114187204706658 -0.125652767948353
0.142393051056822 -0.109432480449734 -0.0207218123799553 -0.224229952216339
-0.0435745499850381 -0.14512953789744 -0.1916235965695 -0.104917732580204
-0.142907473634066 -0.0558470758608774 -0.182612130028901 0.0705289347348941
-0.154057824360414 0.0557234705615581 -0.0880527005531162 0.136475391910283
-0.0868169889195446 0.130062320403788 -0.0259662239196532 0.106929811159988
-0.0428161819268022 0.151719905222518 0.000214753158579992 0.0489585806224155
-0.0522304142844002 0.145518107846898 -0.00363115850283421 -0.0111863711155639
-0.137086128313565 0.117221709027247 0.0326544140995666 -0.0786819822827494
-0.18557053024693 0.00647245701375225 0.111016059789633 -0.085486677038951
-0.142513469229416 -0.128002551962503 0.126998933133037 0.037355208195533
0.0798279729769399 -0.213377197462801 0.0221453740586992 0.103081294143967
0.2508273654157 -0.0150681030149994 -0.0621996346339321 0.0624394203455009
0.214295745650211 0.186152101447348 -0.0828000141469386 0.0332225737785412
0.0985059172825985 0.183417766496851 0.0652328153633303 -0.182740312836094
0.164714724990725 0.0592461007807546 0.059283457272139 -0.183189060877464
0.120918001230647 -0.0845284493315001 -0.069345807748077 -0.216630918002809
-0.0258961602288024 -0.119461467144302 -0.201232016935516 -0.0908570817428485
-0.11316296824909 -0.0533037161344783 -0.200262303607926 0.0676348060355976
-0.129118794776081 0.0381530191694165 -0.126358254615485 0.152553055984445
-0.0749733197656085 0.103942342786694 -0.0571607308842699 0.152355701811709
-0.0385880816650813 0.123609511481677 -0.0170824637528891 0.100760975063411
-0.0471503652595262 0.123291798521206 -0.0186105886214389 0.0367024106021869
-0.122036564310644 0.101906860194771 0.0115483794190544 -0.0351540439305705
-0.167827268725032 -0.00174045956240714 0.0738535355945974 -0.0476206103042709
-0.120740712298114 -0.127129267215544 0.0711657311547264 0.0463616605579007
0.0838630669088347 -0.191938292871026 -0.0229370349696387 0.0651208008792769
0.227045537148578 -0.0113116941135316 -0.0703868154001113 0.0174907494853853
0.18831260327001 0.153844354850267 -0.117713751336366 -0.0313896121114313
0.0704347968251095 0.120400431012901 0.0327850447887081 -0.248994352817871
0.109975342118226 0.0420524543705444 0.0024871706636763 -0.212315124907398
0.0801020621201821 -0.0542951098333428 -0.103240717417217 -0.193234774136562
-0.00981717933754354 -0.075850531155186 -0.199277104488451 -0.0766067476088697
-0.0657730101606176 -0.0407813430702545 -0.207925877880025 0.0643649501577523
-0.0836988732805572 0.0157587664196432 -0.151500809539949 0.162331183075184
-0.0522518587574439 0.0625839254268341 -0.0799704312563818 0.183533690521916
-0.0286063379954801 0.0772245939057591 -0.0305699637380978 0.137206352779295
-0.0374608697141167 0.0806985604303124 -0.0305161498555822 0.0742560040434665
-0.0901095183214329 0.0660904290147235 -0.00890612580668476 0.00217671534084808
-0.118134342121561 -0.0151898579157748 0.0326054783400286 -0.0187564077795283
-0.0713487604059388 -0.101597807149993 0.0264419309887812 0.0348519392382801
0.0731318486881708 -0.127218178136592 -0.0380404337422303 0.0322046283755236
0.158606761264503 0.000405402179922127 -0.0652280016322797 -0.00246146651131399
0.122204697789414 0.0972443400211203 -0.144052949626534 -0.0787856974570529
-0.0221930816273458 -0.0263053048247184 0.154756443067633 0.120723419733546
-0.0436449058991975 0.00382524005188503 0.101366803501645 -0.00275776898472114
-0.0336431561614686 0.0299175175074758 0.0424257687284907 -0.0268908760781276
0.0120459299531095 0.0433490554113114 -0.0216956591346304 -0.0375552049816963
0.0408476163324946 0.0116949976889477 -0.0122617578852072 0.017389206955361
0.0318860453194378 -0.0159252969977297 0.0422791876698394 -0.00794408452433417
0.016387269547002 -0.0220860084955406 0.0480279932208459 -0.0755694499539456
0.0148048063086531 -0.0143118118065231 0.0492407678754567 -0.137501025554068
0.0211605957289633 -0.00858620871389662 0.073544893745364 -0.177119443765313
0.0266414509539812 0.00537440485780683 0.143207422252804 -0.157060802277562
0.0189081931134505 0.0257290890332143 0.188172799850361 -0.0727976213517142
-0.00163331399478604 0.0330132604095857 0.179087175462787 0.0492328865988912
-0.0360288427204322 0.0179315843540897 0.123408622422603 0.148634537336598
-0.0550676219289205 -0.0111155703687975 0.0261844729371704 0.20455875113241
-0.032185390287449 -0.0447692374149737 -0.0156910227532124 0.286806506456296
0.0474228517690383 0.0538068048830293 0.152196581876382 0.118212454982857
0.0527509979056718 0.00936969477764021 0.105012393831526 0.00395941483621387
0.0218104211783949 -0.0345858366046078 0.049106521599394 -0.0411943847131769
-0.0289543674390323 -0.0211615423898094 -0.0275812299209316 -0.0425929679399323
-0.0318108488739725 0.00427799215753064 -0.0188399090765883 0.0242174370332612
-0.0235395297186397 0.0228836241562675 0.0467492778198464 0.00337635993801522
-0.00880414789880943 0.0345719162881112 0.0563779087433519 -0.0687266588641338
-0.0010335059672548 0.0432552992032573 0.0510217203667102 -0.132682097806891
-0.00702843337411977 0.0422594389911514 0.0669383504955689 -0.172565479536076
-0.0349031917275053 0.0333063154797051 0.131726676528811 -0.161044997449607
-0.0447774048787134 0.00680121945019667 0.182318321563916 -0.0911953556868445
-0.0269190054759577 -0.0211441157174242 0.181188792585731 0.0280143811473198
0.0153818983983912 -0.0334078475633999 0.139092342557645 0.133964770148171
0.0326676649586903 0.0126472433117417 0.0437595191290234 0.198158185930982
0.0265312899553041 0.0436564597209763 -0.00378153685662566 0.283194864979259
0.0967174643939357 0.124880341578227 0.130745920135131 0.0971208834646296
0.131048166866705 0.0212028249960891 0.113253064963673 0.0162230073994785
0.0752136786674832 -0.0854423938518117 0.0654115517060477 -0.0757255660565586
-0.0554733912113706 -0.0822907571005794 -0.0532665149880382 -0.0679554359643551
-0.0934438291812348 -0.0111932964771889 -0.0526281901110026 0.0346424453495186
-0.0790654373908248 0.0509514765739054 0.0305013983360399 0.0327053975556508
-0.0374407304404856 0.0839583050405132 0.0521820825647874 -0.0416520727713086
-0.0171201590727337 0.0945515795258074 0.0457367984278965 -0.107686816129975
-0.0295969711400816 0.0873716198545288 0.0511979283326901 -0.149038721472228
-0.0860671858139886 0.0622453867801391 0.107636319414237 -0.155937237392966
-0.101602881914917 -0.00309912451701722 0.167552255007896 -0.109236632994877
-0.0581859008756825 -0.0658681708982336 0.183538349123861 0.0100672127874429
0.0522920860301005 -0.0898655040518072 0.14193528849333 0.124783112505245
0.116025766129272 0.0202957977574248 0.0388900810156412 0.183466287338968
0.0905656603713921 0.118507409555218 -0.00528623938661959 0.246048840685928
0.118715128075499 0.177542694409868 0.11066066968311 0.0569468525669114
0.179761797733165 0.0383867849604537 0.131892472108417 0.00451521322417903
0.1150811655111 -0.114348589488076 0.0674166505310654 -0.134011450540023
-0.0646450043760694 -0.12467257338025 -0.098652927606598 -0.0980489918746579
-0.133445658543496 -0.0296001940194433 -0.101725460524319 0.0484095966697736
-0.123374065874392 0.064461218120819 -0.00103103838422462 0.0707447691014207
-0.0636180673413672 0.117739220955246 0.0354411908960248 0.00116068950207377
-0.0306093309555925 0.131691705645991 0.0331355085563563 -0.064425082987178
-0.0449109688517211 0.121636580657593 0.0320060365662239 -0.109875888463536
-0.118591024943014 0.0886934061994466 0.0793746459958343 -0.139499700816684
-0.144636611126788 -0.00328572405720729 0.149377777793211 -0.119795389097667
-0.0934722449441237 -0.096073148777083 0.180573358533369 0.00425450908791226
0.0706517479139842 -0.143698671395658 0.123164688284498 0.12361860599658
0.184370798211348 0.0128915819403538 0.0104829438840842 0.156519312445904
0.150914421070885 0.168813326732925 -0.0215171048954636 0.182593448871492
0.119073296002406 0.208467105362043 0.0977459820299605 -0.0066333911895261
0.199165837056461 0.0574130818649707 0.139839645296897 -0.0474875807174201
0.138286298937048 -0.118104257100695 0.0351482608084868 -0.189979529131694
-0.0568781273126636 -0.144593007623407 -0.149619765570154 -0.11109618476579
-0.147747935562952 -0.0466340996263052 -0.146446529883904 0.0606556968829259
-0.148473123834255 0.0633770688442705 -0.0423801318486733 0.105606293103934
-0.0809564869131125 0.131972438641498 0.00705813783646951 0.0519880590100103
-0.0395448932921187 0.149835042586528 0.0163116229993534 -0.00976530837768548
-0.0512742340926476 0.139960784447685 0.0129326168944327 -0.0611345672327064
-0.133351316171197 0.108091302087442 0.0529325170449946 -0.112961052215379
-0.171462164123999 0.00308266365724289 0.130706516971524 -0.111006332721502
-0.12362956240804 -0.114143891404761 0.162202092214335 0.0178541744454626
0.0763988364979188 -0.186807596228772 0.0787724645041875 0.120691648966807
0.229307578721816 -0.00126766180103882 -0.0313218101188018 0.113483370218967
0.191882508442763 0.189433276685945 -0.0490564322398402 0.106757135259004
0.108408363726758 0.210511699431057 0.0864526290031983 -0.0890694108502539
0.191870150011292 0.0662377688833962 0.113935923736948 -0.118269841391294
0.140264916803742 -0.103876239029297 -0.0173805079575141 -0.216682817232598
-0.0405947250280038 -0.141144772828495 -0.183737278888116 -0.105750946236814
-0.138021812868215 -0.0555796416058487 -0.178302067107727 0.0650270668560768
-0.149234218796266 0.0529067127846938 -0.0854476923915292 0.130712077452216
-0.0851611692204847 0.12521450098911 -0.0260310937049996 0.102861044091676
-0.0421151947122659 0.144847982389386 -0.000260196188771208 0.0476858447726722
-0.052168256504259 0.139871631198035 -0.00375381539901401 -0.00950624407340986
-0.133155659638949 0.112261690875626 0.0307949611662091 -0.075232898557625
-0.180358770453553 0.0043426168011421 0.105594088553208 -0.08197561569584
-0.135055699632134 -0.125315047815303 0.121450759775732 0.0388876622075606
0.0802061098669283 -0.204771922677669 0.0202880009071333 0.101492876627202
0.243385910705338 -0.0110702373148113 -0.0619913776234807 0.0605897362999883
0.204645323893619 0.182467190955113 -0.0811962761488762 0.0306037030537868
0.0924064737367306 0.178702428077092 0.0664928715817626 -0.17382558759416
0.159838306417225 0.0600452191095297 0.0607613243029081 -0.175132219997202
0.117850955877016 -0.0811852178523187 -0.0654349128407525 -0.209641277204718
-0.024282426706489 -0.115943464994193 -0.192763821625718 -0.0918124006194921
-0.108601455485467 -0.0526160180207671 -0.194897056395869 0.0615677712880576
-0.125108626050188 0.0354954336799018 -0.123031576404221 0.146377277307972
-0.0730113762139834 0.0997552602891401 -0.056811227357748 0.146832343743698
-0.0373012835177434 0.118268563393594 -0.0177030834098485 0.0968207509866953
-0.0467439924321569 0.117710798395794 -0.0185303283536007 0.0362880495211681
-0.118791039010576 0.0974804083398502 0.0100737496835116 -0.0332000468173095
-0.162249207301227 -0.00398462520785242 0.0698608775550742 -0.045147910484945
-0.11377075155085 -0.124411364191796 0.0673466064328621 0.0468040642471369
0.0837897237022053 -0.182996298558323 -0.0228789991010267 0.0647696359296053
0.220364613634467 -0.00809479443079177 -0.0690750674145645 0.0173617884804822
0.179304308832561 0.150003975174834 -0.113314475941409 -0.0311879268577894
0.0661012705964966 0.11774330354089 0.0370604119402913 -0.239358873131831
0.107281081426344 0.0418791622955781 0.0064285194341335 -0.203389018465328
0.0777815968935196 -0.0515687814102353 -0.0970782035157313 -0.187395420113032
-0.00822890062089388 -0.0740810119034594 -0.191493153346347 -0.0780867682139898
-0.0632233818580195 -0.0398370442503853 -0.201134096514279 0.0590790815275706
-0.0801553265690935 0.0150610172479111 -0.147238432005143 0.155717196576644
-0.0508053791435364 0.060443018786416 -0.0787179625400099 0.176221632761282
-0.0279847763751087 0.0740338423744932 -0.0309993397538823 0.131810668470237
-0.0370557351641719 0.0774089235003369 -0.0298211197205517 0.0710434526990589
-0.0876288872657062 0.0633510599121713 -0.00994076314191342 0.00233551695480407
-0.114178674741765 -0.0165456502131766 0.0294257652099278 -0.018286273953823
-0.0661128766182346 -0.0991069914128457 0.0254435793858188 0.035334180419128
0.0723329452113037 -0.120777992484841 -0.0362772493096616 0.0324269081940075
0.152744949761202 0.0019498285297885 -0.0642898227475851 -0.00184765350273878
0.115291251197272 0.0938357902859629 -0.138125477083141 -0.0767359712502517
-0.0210836026572108 -0.0273891752230435 0.151043096848252 0.126156672261212
-0.0430835566408537 0.00148726935739253 0.102858706843117 -5.39393004627694E-05
-0.0341597566947714 0.0289517425906434 0.0433825675946632 -0.027843537068934
0.0101201694481716 0.0435977559583585 -0.0211854385525907 -0.0382092606411976
0.0397437343854922 0.0128419858512544 -0.011905193022343 0.016551460061103
0.0325747722499536 -0.0145206288126304 0.0430007069792668 -0.0073342046649275
0.0171666585816928 -0.0212967747835194 0.0503705289982031 -0.0721201592211613
0.0158088502529609 -0.0140870697215382 0.0527925322505205 -0.134307403512703
0.0213019850011434 -0.00771518864412189 0.077489835024544 -0.171927044287627
0.0256939217112869 0.0059960112859555 0.146271457642473 -0.151283156110261
0.0179230578497478 0.0258708701164275 0.188215435956418 -0.0661231254000338
-0.00323720504027761 0.0321971391761362 0.175905881706245 0.0552503262804418
-0.0362883309621466 0.0165201109872126 0.116528688961394 0.151936537475078
-0.0545763797938693 -0.012747472613874 0.0167422635237949 0.204411715307316
-0.0293213269506676 -0.0472478323197655 -0.0268386176371279 0.28340150489056
0.0451581589771569 0.0545669136443715 0.148026724979475 0.124979698463961
0.0517434281315513 0.0109690061759384 0.105454777088377 0.00743483239505381
0.0225020864166888 -0.032596829289305 0.0493885733771162 -0.0412231892418025
-0.0276093666966486 -0.0219271860924766 -0.0263784944787194 -0.0438165193745707
-0.0312743494775956 0.00232947049460958 -0.0192728049533205 0.0242120284650415
-0.0241406680627733 0.0215808861068392 0.0464675075436586 0.00418620986967578
-0.0096171710886837 0.0336855753973477 0.057843831248615 -0.0661457190520602
-0.00187225110838219 0.0421840185579249 0.0542563633515485 -0.129297911103328
-0.00807465604014608 0.0415167876767965 0.0706312409767416 -0.16771768839594
-0.0363031992931784 0.0327910317657056 0.134635090087612 -0.155551051798539
-0.0447490903725332 0.00585563970081331 0.182935561313658 -0.0844440783794759
-0.025728542797682 -0.0223260450099779 0.177648856691181 0.0355125709521988
0.0160325340383206 -0.0334957808544761 0.131949939413281 0.138018192358634
0.0323970144476189 0.0132617445651738 0.0344934985458039 0.199448069453388
0.0249747940807841 0.0436753593567104 -0.0152247925412747 0.280646402335988
0.0904274841557477 0.126187156945329 0.127821837159073 0.103598908350471
0.129075466701003 0.0259368518485904 0.113418229340308 0.0205238771979313
0.078385511350719 -0.0816646995677149 0.0670891488233369 -0.0751404049296771
-0.0515790969612464 -0.0832869625064028 -0.0501846995407485 -0.0698221851161784
-0.092684140609232 -0.0149512656673671 -0.0542431235591506 0.0325764107064521
-0.0797030025318688 0.0477779577617837 0.0304299948743643 0.0324560036312542
-0.0396976593343353 0.0824123015091104 0.0535042930837672 -0.0393614731581136
-0.019363606579468 0.0923241072036624 0.0481070279416053 -0.104556685730532
-0.0321675647843351 0.0855504396338523 0.0545694298730216 -0.144806749819983
-0.0874420555672593 0.0600417468261458 0.109791058227737 -0.151091473737137
-0.101055276807973 -0.00597980668703779 0.16810792887166 -0.103496199631671
-0.0557822045249309 -0.0672394599268555 0.180441595174705 0.0174670308747022
0.0543224357119061 -0.0879522798998523 0.135531791323657 0.129641245687801
0.115333182882618 0.0234471950676532 0.0298278779903513 0.184908302199069
0.0868816088576081 0.120147068977369 -0.0142882397692414 0.244552316795514
0.110307279160726 0.180305407099675 0.108894049821947 0.0627008131725273
0.176760592328927 0.0448517779966394 0.130967656516352 0.0103068265810352
0.119311863879256 -0.109136503294798 0.070819034178991 -0.131768198229968
-0.0596246616932358 -0.12640179363564 -0.0942375236868368 -0.10144447531555
-0.132236437231283 -0.0343729528088437 -0.102925394176839 0.0444922033493097
-0.124494789192006 0.0596864776640889 -0.00242432654526582 0.0691447415352614
-0.0667206815884456 0.115396594777181 0.0351111841671979 0.00250145807297679
-0.0335986456804241 0.129553704980604 0.0347324428060393 -0.0621744420285437
-0.0473965627612036 0.118943017942716 0.0344524086695262 -0.106822646291998
-0.120243113812908 0.0848877954817001 0.0812204315116096 -0.135836953803503
-0.144503620070585 -0.00730565314350455 0.15068949828688 -0.11397720576917
-0.0898603358177554 -0.0982612585777855 0.17881409349202 0.012236447325516
0.0748211502605099 -0.141893557440889 0.117600845660299 0.128461495755273
0.18412582633466 0.0187680644499193 0.00257112927142626 0.157129764656957
0.14381846191432 0.172180889850769 -0.0293782632126417 0.181082574286246
0.110109485739771 0.211256290498079 0.0990430147878051 -0.000260408845387487
0.196328735245799 0.0641237084671126 0.141583252481177 -0.0415047509623214
0.141830717270782 -0.113362741878047 0.0410297643352373 -0.188547453432612
-0.0515386010753962 -0.146063728819368 -0.144702048481391 -0.116744689038866
-0.145382473983773 -0.0517140995406477 -0.147971787928456 0.0550647484275111
-0.148980303395711 0.0585131984068988 -0.0440829781045675 0.102165339235675
-0.0839283622151209 0.128587540359719 0.00581910417196628 0.0513142353757039
-0.0431114520513849 0.146612720763561 0.0171565164695043 -0.00885500194723666
-0.0552816443177969 0.137580730829287 0.0142696322403231 -0.0590331540314497
-0.136068471343285 0.103531723971093 0.0551056800631796 -0.109705813436342
-0.172269000154718 -0.00235046982493838 0.130672641277512 -0.106314924869573
-0.118751438916535 -0.118099347462845 0.160635016780895 0.0249060122899539
0.0830460690719941 -0.184052457353639 0.0735083981156669 0.124455632484206
0.229049107585763 0.00591681823965428 -0.0367122915386746 0.113188618821872
0.183943707995237 0.194263079655194 -0.0526442664368062 0.104338580336004
0.100368005845912 0.212643763915742 0.0903080214917114 -0.0831373723153487
0.189779868334442 0.0723788564527275 0.118231321597713 -0.112535542950718
0.142583347792142 -0.0996468571111444 -0.0106809109624996 -0.215892751279276
-0.035299327159892 -0.141697726141286 -0.178245007072244 -0.112525642889733
-0.135531159619367 -0.0599188328465662 -0.179074215288875 0.0586720842615171
-0.149877438667975 0.0484913904635464 -0.0884429359955203 0.126296695276996
-0.0883037131665894 0.121975398210675 -0.0288920825587346 0.101144951490722
-0.0447242277799698 0.142134113889543 -0.00204840915393893 0.046769568507411
-0.0556712160690707 0.136765827953124 -0.00376705137981941 -0.00946732635230287
-0.136440262596358 0.108155253606146 0.0314583373392709 -0.0726476282353289
-0.180284542129684 -0.000996011020486287 0.105525404355506 -0.0781401115960736
-0.128470129170311 -0.129308754369056 0.118520341866125 0.0450781753981836
0.0874856694417327 -0.200437033849562 0.0157754004292905 0.103276588113047
0.243125234547875 -0.00317767995839752 -0.0647834407145462 0.0597449385369123
0.195621790489521 0.187813804195357 -0.0817512075348577 0.0283361292915822
0.0858617418832046 0.180293236387793 0.0732446035094705 -0.16874156431986
0.158411135890998 0.0643450190295403 0.0680581100379068 -0.169820631645183
0.119739475581293 -0.0772166026666861 -0.0572761199067755 -0.210118998438779
-0.0200112136240532 -0.116003273600531 -0.188087247168123 -0.100217796797218
-0.105857116319815 -0.0557231905334021 -0.19554806950487 0.0550287869143498
-0.124588497794793 0.0316053673976895 -0.126191558830378 0.141150628510227
-0.0756077333737153 0.0970756298857029 -0.060428708200674 0.142629020818391
-0.0399164973830764 0.115612673914021 -0.0199065000283858 0.0956464073080558
-0.050282392643998 0.115814820511359 -0.0190934821150815 0.0365079794101856
-0.121940022566217 0.0933567084076348 0.0102150907085331 -0.0319771484928436
-0.161911647624474 -0.00924275328342638 0.0679326632490371 -0.0424348543470428
-0.107475512243927 -0.127297420802661 0.0649419072097188 0.0498655606203785
0.0898428211347819 -0.178022320052061 -0.024886679425995 0.0649333751752044
0.219088315130759 -0.000149376645946602 -0.0701782591007439 0.0162675763064966
0.171822316699414 0.154473853688643 -0.111349353169079 -0.0338960262810792
0.0619354671423697 0.11860659429067 0.0460186361846254 -0.234039990732246
0.106752706433632 0.044648639013001 0.0150420583763921 -0.200305699769996
0.0786088691295408 -0.0489841185222403 -0.0901373246567792 -0.189398775868804
-0.00587146271027845 -0.0740426934119323 -0.187724301500714 -0.0862821688246099
-0.0614757002842181 -0.041580980164519 -0.202193579773251 0.0509831548499242
-0.0799611954754477 0.0122591448222934 -0.15045190430779 0.149696110782225
-0.0519912520625619 0.0590480278210574 -0.0829152126141006 0.172404080163547
-0.029044662219131 0.0720858155071171 -0.0352105034948097 0.129816323784493
-0.0388131273806488 0.0759985064384952 -0.0320601933322913 0.0706486897411093
-0.0895651605211372 0.0596135207800556 -0.0120638858304834 0.0032367372703743
-0.113567590129692 -0.0203029260287007 0.028297120950823 -0.0169961955976483
-0.0608217072531276 -0.100423629925946 0.0242087389566968 0.0365751398234926
0.0758350877086805 -0.116393628924673 -0.0365945015856624 0.0324359885986537
0.151820968900367 0.0069026622113315 -0.0646286324793416 -0.00228136238225754
0.111102757265916 0.0964863352425888 -0.134176986693142 -0.0797245311576664
-0.0206909966593101 -0.0295037927520462 0.152094182105902 0.13649366991664
-0.0437394670348306 -0.000589684298407331 0.106545292157946 0.00153158592133148
-0.0365016737402444 0.028569446397191 0.0454524787298995 -0.0300269040716784
0.00925865903430888 0.0449774191499622 -0.0212140233089873 -0.0397553625390654
0.0402491162734739 0.0140070170552985 -0.012649226538236 0.0168474934341117
0.0342612581909454 -0.0145150699237992 0.0453035027911419 -0.00810548469468983
0.0185518119971079 -0.0218225620112823 0.0543968250631722 -0.0717257858790669
0.0167963690167123 -0.0145553893136362 0.0584996174957852 -0.135665643454457
0.0222339148074209 -0.00769760685422716 0.084322007952715 -0.174114270323032
0.0263563033243355 0.00669608636991785 0.153442671989284 -0.151025898491008
0.0183745522794831 0.0267568655704989 0.194907094695543 -0.0623485315966893
-0.00453681094952978 0.0326626670547787 0.178662051118171 0.0633166686851834
-0.0387637506300053 0.0151971912545591 0.113044384235233 0.160245325141695
-0.0552913074279893 -0.0149042883922305 0.00820113937289117 0.211351304173384
-0.0283113641647859 -0.050168791727451 -0.0382298903470048 0.290639926624128
0.0440409215617231 0.0563758935238565 0.149053284957035 0.134804946648122
0.0531044009133938 0.0129995684498174 0.109726377763706 0.0111425762036691
0.025099950330874 -0.0329917859435133 0.0527618693311729 -0.042671462394324
-0.0272356122282896 -0.0230172006300338 -0.0265903487898069 -0.0460168961478009
-0.0329826060034188 0.000718370650893054 -0.0206903308095742 0.0240379582821986
-0.0252595479132231 0.0212667582660215 0.0490222306565957 0.00411301623961726
-0.0106148916982765 0.0344479409086434 0.0617783675607705 -0.0661140552580399
-0.00255601445568888 0.042398425231378 0.0599606441405386 -0.131115449089673
-0.00955786266300739 0.0419801139469757 0.0757974078391678 -0.169310353333694
-0.0386298227444179 0.0331500171758152 0.141713205123396 -0.156850538252381
-0.0459269038289475 0.00493192048822159 0.189251491817963 -0.0810013521106465
-0.025998554096598 -0.0235869148584618 0.182011012319646 0.0429164107160361
0.0168738870296878 -0.0344610723993937 0.130087895765145 0.146857274066131
0.0331633070322384 0.0138976878492458 0.026508209433926 0.206821026911529
0.0251337531531703 0.0447164656389996 -0.025754810105866 0.288073247786784
0.0888458281937642 0.131464501415117 0.129229422352234 0.113025501474024
0.131883907037355 0.0314837549268673 0.117205740507345 0.0250147632845502
0.0834638444097394 -0.0809123191076972 0.0714276827433625 -0.0761207077710973
-0.0493311477354738 -0.0873279531938844 -0.0501715512907662 -0.0745403967965101
-0.0951250420986347 -0.0187313794709659 -0.0571998712158297 0.0322310815733113
-0.0838243562148727 0.0470321213816248 0.0311936762321309 0.0334826765008718
-0.0430097980667276 0.0832114879570375 0.0561286782991724 -0.0395650230747675
-0.0216367418636787 0.0935477568338434 0.0521262411716924 -0.105902296775579
-0.0351908944750437 0.0865816857971318 0.0590385263918018 -0.145919223721497
-0.0914765751113669 0.0603936444556587 0.116348400252372 -0.152477193405308
-0.104406048488157 -0.00827573021366955 0.174153417308192 -0.101849280101969
-0.0555170030349815 -0.0705500118334795 0.185151700931375 0.0252311674184364
0.0582163338467954 -0.0897563756286298 0.134672903075242 0.138379772363263
0.11917214519162 0.0273701527212847 0.0231528678281005 0.192158171951688
0.086044385784966 0.125606441524629 -0.0244048252144901 0.250412389813905
0.106978937402645 0.188450989187231 0.111477269027049 0.0709743311136604
0.181548103189877 0.0530023437580257 0.136197317189956 0.0150089647789331
0.127308583684276 -0.10826637821662 0.076700446606074 -0.133860400079615
-0.0562637637000983 -0.132055276720032 -0.0941088728277036 -0.109106694986957
-0.135294023178343 -0.0403889339846093 -0.108326477966062 0.0428538660236668
-0.129535024940364 0.0582300287934808 -0.00351881878960215 0.0701673266624809
-0.0717090139907312 0.116929555999772 0.0357873108638332 0.00303541626483182
-0.0372698895071284 0.130913376331724 0.0370837267372418 -0.0634664518002601
-0.0530140922310887 0.12068506424938 0.0370192741151359 -0.107269180290639
-0.126618472244793 0.0853660646264012 0.0862206605484507 -0.136726074381974
-0.149337241658527 -0.0104591680793084 0.156504745092352 -0.113242738776037
-0.0888936762020951 -0.104762651006764 0.182597686678525 0.0193362884997873
0.0811216098364441 -0.144124327953557 0.116114880365583 0.136966352622183
0.190323235447846 0.0244814201485641 -0.00413844595498746 0.163587237630075
0.142859842552899 0.181988466126789 -0.036218749517219 0.18448090919269
0.10575750289546 0.220598222269434 0.103016499883552 0.00530414292656247
0.200777539361109 0.0724199299133611 0.148172304632839 -0.03613498562928
0.150829466661007 -0.111801134634358 0.0483117114256345 -0.193040437640877
-0.0477123928827912 -0.152312112257828 -0.144305885221604 -0.126469503134727
-0.148275067150652 -0.0580411832465784 -0.155495791205115 0.0524949407770168
-0.155099779266393 0.0563524754053764 -0.0479373060751138 0.103886904813153
-0.0900896818058093 0.130285792072175 0.0038619026815259 0.052961718794405
-0.0473637403770947 0.148456715562367 0.0172243755198228 -0.00827206865953897
-0.0610438354950481 0.139355981914282 0.0154596582083301 -0.0589318622747623
-0.143793852919352 0.10383896279281 0.0583594770670407 -0.110644931696152
-0.17755306516968 -0.00686151182890838 0.135568415163212 -0.10509454987397
-0.118055256243967 -0.125661003201422 0.163836287162874 0.0329060386803669
0.0914233507644593 -0.187411546175477 0.0703245932130329 0.131661526186392
0.23679654019376 0.0130193908146223 -0.0428781983844264 0.116724746481618
0.182934132494006 0.205457713892129 -0.0584091415125185 0.105280224971088
0.0960642719861467 0.222213158266679 0.096902655856955 -0.0801835386972753
0.194143273947113 0.080973811316619 0.12703352543969 -0.110159199857183
0.150672345328899 -0.0985735155486647 -0.00370377566986908 -0.222390138255329
-0.0320453699149002 -0.147565690986542 -0.179779290217347 -0.123115664868493
-0.137751723829964 -0.0662949053138003 -0.187815440464696 0.0543810352186379
-0.155473708453655 0.0453742965768666 -0.0939666083024767 0.126992901329327
-0.0939351958105421 0.123282284868966 -0.0324202002533911 0.102537789315082
-0.0491966911410774 0.143438511733665 -0.00357961392882549 0.0485290212738107
-0.0617006482726446 0.138791265096849 -0.00398523864737931 -0.0080627908796768
-0.144544257720856 0.108077507739406 0.0335219824436162 -0.0728612364754707
-0.186646496162794 -0.00614158481871419 0.108678580055434 -0.0779010758502332
-0.127655267565678 -0.137988929991089 0.120001935455312 0.0516647464945635
0.0975119407358167 -0.203242749456633 0.012783524696892 0.107645638278017
0.250724539089941 0.00449939973375662 -0.0694521776159217 0.0600650616450251
0.19385181603368 0.199245307272648 -0.0850395796768179 0.0270063233547362
0.0819614521828137 0.188326335746484 0.0821848386833631 -0.169347761734821
0.162635180364224 0.0710617358158243 0.0773820506563292 -0.170915785050289
0.125553796382467 -0.076004863390634 -0.0527648178938267 -0.218000441126307
-0.0168522489337757 -0.120151618137217 -0.191268086866829 -0.109709183224568
-0.107415965800064 -0.0610779817900033 -0.204350326991394 0.0496249929362776
-0.129676387002493 0.0296952093850667 -0.133295212712851 0.141373849482918
-0.0803883668956342 0.0979558233820719 -0.0660687818995177 0.1452547593662
-0.0436124573883507 0.11706228820647 -0.0234683407691231 0.0987073891602125
-0.0554497398759849 0.117275088102896 -0.0212260981799789 0.0379236280984303
-0.12850667589391 0.0920318107573537 0.00922228338695644 -0.0318289542211876
-0.167243930286839 -0.0147841357647233 0.069123680596085 -0.0417782748059016
-0.105889415806073 -0.135416477441283 0.0650489473687209 0.0549680761246178
0.0988214418189652 -0.178847460956998 -0.0270129523909348 0.0675146617336951
0.225518814072801 0.00652193151358519 -0.0736402289062903 0.0162342778241174
0.170102901319779 0.163919216869846 -0.112976460570742 -0.038311321593357
0.0601772783443938 0.124490268878855 0.056011274838135 -0.239004152422752
0.109824741595995 0.0484776787527836 0.0232316526751855 -0.204421343916866
0.0819088091729477 -0.0485056572674403 -0.0872605829112764 -0.196872102975247
-0.00328273683795566 -0.0757500299702477 -0.190295369056132 -0.0950586463902505
-0.0621293701906927 -0.045233598500501 -0.209845703170036 0.0461727852451064
-0.0829352011784833 0.0107735950584522 -0.158809420478245 0.150134420658603
-0.0549855478241243 0.0595468707263901 -0.0901243229564278 0.174792390177669
-0.031236922233038 0.0728910888012239 -0.0391530669099381 0.133279014137083
-0.0424290739787258 0.0773135383677907 -0.0356825291063096 0.0717939036486166
-0.0944549309737085 0.0586670454519356 -0.0134603785063155 0.00300770641849706
-0.116727185561217 -0.0252910052005687 0.027800726944185 -0.0169801677706479
-0.0581861294447579 -0.105711420765175 0.0237380637882518 0.0398616335513323
0.08139551018354 -0.115641164214503 -0.0377147997641027 0.0340188569635741
0.155546369973555 0.0118537212655599 -0.0669609909621456 -0.00319868446856884
0.110146435168184 0.101462915823109 -0.134450121050681 -0.0854784986479182
-0.022461095479185 -0.0322049554151107 0.162448783256768 0.146419482609045
-0.0467036049707931 -0.00136050074097863 0.115173426879944 0.00156963642533266
-0.0387688327085781 0.030021705733288 0.0482524167409477 -0.0339036996409479
0.00921233480128062 0.0483021289295623 -0.0237285971168044 -0.0419705246402199
0.0422210671059254 0.0148156018176764 -0.0123620070970819 0.0172441643443381
0.0361909980307755 -0.0150669214471325 0.0495381619280209 -0.00935827655876484
0.0193903540551688 -0.0236799518236171 0.0588970692786047 -0.0759550224754925
0.0182542096700843 -0.0163967642981988 0.0623511908094187 -0.142523313406644
0.0229138495603386 -0.00840722023021279 0.0881629706482581 -0.182850755966786
0.0274705699756148 0.00714389777425684 0.162264656579471 -0.160042053786355
0.0188921439455443 0.0285816853260242 0.206929917817312 -0.0651124880458868
-0.00510901457844238 0.0344417910512643 0.188546376448631 0.0680545671290764
-0.0414877475518179 0.0158367797417408 0.118373145652874 0.169906413715965
-0.0585333464349755 -0.0159472019326041 0.00636568175313799 0.224702716066666
-0.0290988807740127 -0.0538592422493791 -0.0429309526857941 0.306193392734824
0.0459888292260201 0.0595333451807322 0.159111763188624 0.145046718040133
0.055547333215232 0.0138902250148722 0.118220156639154 0.0117222255426146
0.0266908364571049 -0.033886911494349 0.0556662276218446 -0.0470318256605973
-0.0281186602388564 -0.0247643891373146 -0.029068801108653 -0.0487097590396129
-0.034993855885413 0.00101698507366645 -0.0223160262770643 0.0256414970563444
-0.0267552751773463 0.0221740878908803 0.0524748198288271 0.00299025287584255
-0.0108467887458314 0.0365561285321058 0.0662262457841424 -0.0699993008683208
-0.00200902248791992 0.0438834727089144 0.0636727774677243 -0.137938124646506
-0.0104678789252039 0.0435964057549914 0.0801066540551358 -0.177794292154437
-0.0409528673764474 0.0355437281677259 0.148855501445026 -0.165549310382803
-0.049044087764902 0.00559914065813903 0.199426896925792 -0.0855054725001786
-0.0274700991691362 -0.0252766735979811 0.191997935332536 0.0479197992489281
0.0169834099351516 -0.0369901476185138 0.13641221245365 0.156807924282262
0.0356599532522655 0.0144036022870002 0.0253471613856521 0.22119644936545
0.0273091264331866 0.0464952588142658 -0.0293843940512923 0.304426258580955
0.0923074341562413 0.139865203217679 0.138524286505585 0.122118579816753
0.138705087462121 0.0343443856571772 0.124790284927406 0.0274292172232423
0.0892102588325112 -0.0849562047852563 0.0754775400653283 -0.0816203402579431
-0.0510976279394239 -0.0931532929190025 -0.0535329053591361 -0.0795501780975972
-0.101070822244095 -0.0206394753449421 -0.0610341683775579 0.0340511459235254
-0.089208614742683 0.049143994804904 0.0337594882457042 0.0338141366792673
-0.0448758183136951 0.0883752366239036 0.0592628745846822 -0.041338717702013
-0.022660963490407 0.0983567616462433 0.0552144291593947 -0.111718208784179
-0.0376420832506126 0.0915314810827744 0.0623211837993199 -0.153243954783352
-0.0971623308154178 0.0649872808634297 0.122293455870133 -0.160584137895242
-0.110911300939649 -0.00808880336298144 0.18290480778039 -0.10786100443266
-0.0585481377818902 -0.075476592182879 0.196815972824434 0.0284405034222668
0.0614021117923376 -0.0954718201939564 0.140579064671564 0.148130896192518
0.126824135272294 0.0283262976473638 0.0209619692095542 0.204639617070024
0.0911306688766901 0.133903069072957 -0.02828899471629 0.264615969639816
0.111486978851107 0.199376271230726 0.119250699581644 0.0771828121678384
0.19192318172438 0.0576554385820532 0.145827527453259 0.0183184885171824
0.136207128778918 -0.113687336930138 0.0823458614554187 -0.141696378403447
-0.0582139318944413 -0.140723661582033 -0.0998075329112279 -0.116984682445515
-0.143834858180971 -0.0436092033589821 -0.115029888342925 0.0455425572742515
-0.137983024697969 0.0613164032162034 -0.00310306036715377 0.0730755870655965
-0.0752828206001247 0.123754640932068 0.0376404720280335 0.00271211563216056
-0.0390746852317865 0.137265635309957 0.0391449809261748 -0.0666614176923863
-0.056289413324893 0.127961830504229 0.0391560811432301 -0.112129647709172
-0.135173525222021 0.0912513816614386 0.0905809353709218 -0.144527882310576
-0.15911498166965 -0.0102295800749501 0.163737218822453 -0.119474887572219
-0.0930152156722821 -0.110854648643248 0.194077930472295 0.0237666713107103
0.0863248915198713 -0.153987459193456 0.121540762368934 0.146902328233857
0.202753044282252 0.0251634501789198 -0.00767579555119768 0.17467268668548
0.150503211495657 0.192725021932488 -0.0405285736712763 0.196302700001832
0.110321868095725 0.233486677215544 0.110892608687615 0.00850733199153452
0.213488702967207 0.0781769224464078 0.15842209267002 -0.036065948833554
0.161248246217044 -0.118352193065242 0.0512255113412942 -0.204678708704238
-0.049613096898646 -0.162124400636429 -0.15346675771124 -0.135945198889432
-0.157303332249925 -0.0617623240554344 -0.165859274200542 0.0551693394464461
-0.164731919702689 0.0598351645259902 -0.0506394813831161 0.108258744455264
-0.0947887578788757 0.13835132881369 0.00365077726800572 0.0551898076589578
-0.048552556766749 0.156538104841156 0.0180808115716397 -0.00842620780646674
-0.065085444874828 0.147837516428268 0.0160844750821334 -0.0605697451106036
-0.153053979305168 0.110998642997173 0.0610064571879872 -0.115785344114484
-0.189729114687201 -0.00684758818865167 0.141995249731442 -0.111464750071788
-0.124146309481738 -0.133915803220725 0.173318848449068 0.0370862116275079
0.097774675372137 -0.197965726487934 0.0735982810126684 0.141314602316689
0.252076546106401 0.0145059530331255 -0.0477052216254355 0.124993688700098
0.191782321640576 0.219131279583535 -0.0624288844756937 0.111282750096192
0.100616980962284 0.234860364260968 0.105401735330669 -0.082053103706001
0.206294002947716 0.0857962888853828 0.136849110378352 -0.11390625978631
0.160485574970546 -0.10440752695772 -0.00310305605175646 -0.234955085345246
-0.0332301953572109 -0.15656534575582 -0.190607608007137 -0.132536461407243
-0.146549433076048 -0.0703103904939862 -0.200227713507915 0.0566396110597518
-0.165793348151009 0.0487864135149344 -0.0987319826134974 0.133684628803388
-0.098923428855234 0.131762389045648 -0.035025228168977 0.108092026227169
-0.0505464784673032 0.150815707858881 -0.00370917905870176 0.0517538750832453
-0.0657937793589876 0.147200971042353 -0.00435805284924168 -0.00723757539463793
-0.154016326927281 0.115453434144536 0.0342388935504423 -0.0763020413578418
-0.199094382074059 -0.00699301656765074 0.112879969605164 -0.0814126845103872
-0.133964856403705 -0.147970855946766 0.127190703258333 0.0568604264768506
0.104477735840221 -0.215139531079622 0.0129253089955939 0.116111356855666
0.26706430136283 0.00532295973376523 -0.0751603122276811 0.065338874543684
0.203959255427818 0.211839298264306 -0.0908893564755507 0.0283932393184409
0.085371283964512 0.198920471006838 0.0892956340205331 -0.176983649103946
0.172895498544824 0.0751513484652062 0.0846606871042264 -0.180003707459263
0.13339833922121 -0.080478647544948 -0.054755018294616 -0.230555682242415
-0.01714880604316 -0.127318726265704 -0.202830308236639 -0.118122027014247
-0.114418313186683 -0.0654201148829312 -0.217874926039357 0.0519402261198645
-0.138081819320437 0.0316823240224742 -0.140269353244009 0.149715608629987
-0.0848210481816676 0.104867242438615 -0.0696461412966394 0.154034445499436
-0.0451255316169366 0.122830983461515 -0.0249967428546921 0.103913171009229
-0.0586057252647638 0.12482484150031 -0.0225820017045617 0.0413791750929113
-0.137390561474532 0.0989329466115284 0.00944164161079951 -0.031971915959386
-0.178255025545916 -0.0162172936509371 0.0712103932325158 -0.0439421313414323
-0.109364901467913 -0.144769850912453 0.0686172623798322 0.0593058048372261
0.106196800474674 -0.188387925407602 -0.0291368618817922 0.0725232855438578
0.239703807916246 0.00726564064323175 -0.078441350335529 0.0185730682974046
0.178164683784923 0.174544356824003 -0.119064221914695 -0.041363828270212
0.0629097245546298 0.131744685062287 0.0611857425901558 -0.251470180453122
0.116569841676864 0.0506266374445444 0.0275006867228055 -0.215201829070193
0.0873079614387638 -0.051086135357409 -0.0905833392290997 -0.209023616996067
-0.00320932411083172 -0.0805265997133462 -0.203040005681416 -0.102923526007078
-0.0656982120768571 -0.0485506948119172 -0.223511040138785 0.0483420806240599
-0.0887795980304048 0.0119608058377555 -0.167783501477603 0.15928293478684
-0.0574193210104148 0.0632150032271079 -0.0950991863986331 0.185185968386872
-0.033084577008758 0.0766009776667189 -0.0415089345436218 0.140979547409578
-0.045712913298067 0.0826530577512194 -0.0376699624593058 0.0773328439670868
-0.100741237359348 0.062674860297752 -0.0154164380301006 0.00424057132655214
-0.124463843674788 -0.0270045462476069 0.0279465828621057 -0.0176184242648932
-0.0594268832645513 -0.112945581947641 0.0249753239969526 0.0428302426160557
0.0874658679500492 -0.121067164969024 -0.0390954496085693 0.0378792084506648
0.164433668715033 0.0118918520416643 -0.0713694195128894 -0.00155448341842058
0.115087009579615 0.108059264277645 -0.142276962692114 -0.0908969180255067
-0.0318877707734113 -0.0305349880044082 0.202854750740337 0.127935833986946
-0.0515879137950116 0.00636069009054866 0.125908508227359 -0.0205111594253745
-0.0368053209518765 0.0382906510801424 0.0460907161996176 -0.0492805014141749
0.0176270642794182 0.0494335295632912 -0.0342083122503828 -0.0411016437463312
0.0459244414701505 0.0092639972957879 -0.012045181410968 0.0197860841734285
0.0356492797448808 -0.0215295611734665 0.0488188417608237 -0.0192628083237991
0.0179167625188661 -0.0268797502285432 0.0493078387247553 -0.0906300941204353
0.0172296664271936 -0.0195193506144601 0.0420861152928613 -0.158985144005156
0.023817712424326 -0.0125433650095993 0.0633287527878832 -0.206087442692011
0.0303114599547155 0.00511770621865451 0.143889146237506 -0.195073961728712
0.0239196320895904 0.0288333735003939 0.206673639872867 -0.101927726595488
-0.00152306861154102 0.0361669523482885 0.211533583558017 0.0427807610479723
-0.04200561730716 0.0226179994315798 0.152104809080401 0.161211694937362
-0.0634631908701895 -0.0093424968200668 0.0400965562162366 0.23801972023435
-0.0367910354531941 -0.0546472110916873 0.000849288928862026 0.33045618947737
0.0563014633785475 0.0554001210199939 0.189811735932783 0.126002838277777
0.0593236456392924 0.00740885451533169 0.126746440403741 -0.0077560181444341
0.0231465475016742 -0.0393275421982687 0.0502888348612838 -0.059222249177151
-0.0316628363863974 -0.0214197566749719 -0.0391877928391196 -0.0446453407269695
-0.0372928622749631 0.00562813231133222 -0.0171615106931234 0.0304309966397363
-0.0249661833977984 0.0283030621982402 0.0572920424333915 -0.00903263186913783
-0.00513566704347409 0.0400381526379558 0.0593364761262021 -0.0875144163470128
0.00550463486423413 0.0463125646101892 0.0441920295913593 -0.154457988340847
-0.00270959888326605 0.0475021895736172 0.0556810585292038 -0.199418362204111
-0.0366332497630656 0.0456754556959848 0.129069027316344 -0.197514611017464
-0.0502246517189829 0.0167673122290637 0.196628100658556 -0.121463517708391
-0.0339312241255724 -0.0228486230593916 0.211672707242504 0.0214550401458354
0.0103895954505417 -0.0417809971824689 0.167134226353925 0.143623072040258
0.0393313617758942 0.0071888001447853 0.0603614232729411 0.228136141100473
0.0371782618515784 0.0417514391288989 0.0144755769597726 0.326395151311711
0.120949021730306 0.132385327600149 0.155726581865529 0.102919410314925
0.152447305619227 0.0167044355290277 0.132663712049076 0.00970003975488885
0.0829526862157072 -0.102309823712876 0.0636955060521747 -0.0935426229433589
-0.0648061805326463 -0.0906561794539865 -0.0686547430237425 -0.0700282613842447
-0.11036872527842 -0.00805030071600868 -0.0537035606052644 0.0475965228848324
-0.0869853692512263 0.065884857863931 0.0456953067296677 0.0260432458208364
-0.0336380870617637 0.100348438408237 0.0590499538210796 -0.057516549386383
-0.00697467138703515 0.106546637443654 0.0399259830289375 -0.126140182068651
-0.0231810807895331 0.10117307076722 0.0405727480107241 -0.169537518716672
-0.0900514407157062 0.0853259073749768 0.102044353652212 -0.187328074795114
-0.116402334064078 0.0128781280835694 0.176594815345364 -0.142496476882802
-0.0736336517631139 -0.0701601420054184 0.213339537403419 0.0022767896341235
0.0462724449960361 -0.110328038884876 0.169185136646669 0.134620668978665
0.136415904380094 0.00709677820306255 0.0535444229268637 0.211025487658619
0.116142570900455 0.121659908998213 0.0110010458903129 0.285435516554087
0.152518358281218 0.193301165173359 0.122303856256835 0.0570944160310018
0.211308980970739 0.0336154275367384 0.150185903989856 -0.00228866985753817
0.128205123859805 -0.139803833162529 0.0587039825015177 -0.154834228364914
-0.0789119390667099 -0.140903007730913 -0.122990394862316 -0.0981921330967947
-0.15819857958667 -0.0262527448979658 -0.106291813704231 0.0702337106179138
-0.136359267767535 0.0857243239693949 0.0154101256358421 0.0727095111638151
-0.0603826831471931 0.141706546496937 0.0447349104545884 -0.0069178191698501
-0.0188940126468189 0.149643552861502 0.0297715025631472 -0.0759155140446714
-0.0367659464348649 0.142927308963346 0.023520433234704 -0.122885191127458
-0.12534965612078 0.118905654032435 0.0718239726316015 -0.164009689107286
-0.167484720321323 0.0182750874998343 0.153743055692598 -0.15144771958189
-0.115480376276711 -0.10230494249054 0.209858369772598 -0.00261760397830973
0.0633097741821132 -0.175341998870221 0.147862152081097 0.136688246839535
0.215003754793506 -0.00749658325653788 0.0187636052452933 0.181707126987399
0.187050981815465 0.17493302675382 -0.0121125071821699 0.213942651427245
0.157915807516968 0.230318259124776 0.0994125269733713 -0.0164764123634892
0.238764175376784 0.0531230160953103 0.153726770753975 -0.061745090943594
0.153630225614934 -0.14889557076394 0.0154531961795015 -0.214855388593347
-0.0728935711932205 -0.165123828361243 -0.183496492371537 -0.106959922461667
-0.17596048285932 -0.0447177203226179 -0.156934360044196 0.0904282891344356
-0.165049594911509 0.0881842557525906 -0.027010064472552 0.118393167615326
-0.0788275918552968 0.159803994845288 0.0183106464540181 0.0552504160627947
-0.0263173763585574 0.170277559837406 0.0172729598193631 -0.0124156986868247
-0.0429302130228772 0.164540718857526 0.00815280506599114 -0.0653364671065627
-0.140894386447847 0.142020476502392 0.0455534518845815 -0.129225817541192
-0.199018800763731 0.0267048388157635 0.132533710278531 -0.138899448931925
-0.150459369769611 -0.122571474697397 0.190800014109743 0.0170357445785973
0.0682245969355818 -0.224181298744868 0.095714883122989 0.139296201390081
0.265315222302387 -0.0262439400167655 -0.0313609691949167 0.13471288931357
0.232740558885801 0.1961770364804 -0.0484888166300071 0.127845457315649
0.14846246914607 0.235143994204103 0.0773466858082961 -0.113345677722849
0.233855038341018 0.062327069569692 0.118249478207403 -0.141748263580839
0.155184108600682 -0.134507903966084 -0.0487755849978896 -0.238534238024947
-0.0552562488646949 -0.162392528777476 -0.222505761093647 -0.0971816645881313
-0.165192782055517 -0.0556673424386487 -0.193245386802739 0.0994146820085223
-0.166993856746487 0.0762085451290726 -0.0737570465807507 0.154307944342991
-0.0834322814749251 0.153053642835498 -0.0129141979574695 0.119345628210487
-0.0295109017172461 0.165132218072568 0.00451876051650702 0.0540591665545028
-0.0434543606773131 0.164281450109308 -0.00490283201921632 -0.00596129046131092
-0.141743422730922 0.145825667484903 0.0243381502996402 -0.0833897323238545
-0.209100553053832 0.0270021671823077 0.106800570141984 -0.102731967922421
-0.161657439240149 -0.135940401759897 0.144490406352128 0.0457588712346106
0.0741324849995847 -0.241068025404237 0.0268797406708549 0.122785578652306
0.27910030189597 -0.0364954280558676 -0.0690801951689547 0.0750460143030328
0.242690344597685 0.187271797878754 -0.0905425527117106 0.0442894700052135
0.127759585102747 0.199272032677719 0.0471210827775083 -0.209152862063663
0.197046777732192 0.0543886762835866 0.0525210225049983 -0.202721676342495
0.130561876092049 -0.105802273102781 -0.101539705498516 -0.226205352954303
-0.0341909325845576 -0.133487943680349 -0.233354254849495 -0.0812916463701635
-0.130413028676588 -0.0550711408523841 -0.213808208466033 0.0971509514136849
-0.140524072662021 0.0539394856069301 -0.115687484734364 0.179204282180433
-0.0731712869026402 0.122358905971429 -0.0431037560130524 0.174319445735517
-0.0286060801293881 0.134864968408803 -0.00882206676624328 0.112732130132401
-0.041020071942285 0.13985296633006 -0.0161992932983265 0.0480584493922892
-0.128054721774393 0.125142063876387 0.00444005822418716 -0.0323474631652598
-0.188754199145466 0.0121218998314883 0.0684915080177604 -0.0560765274049768
-0.134927003375236 -0.13709358778386 0.0827280317160696 0.057140793920004
0.0799691058165611 -0.21264278484689 -0.0232921028610982 0.0835898003951933
0.249500118739761 -0.0297748026660407 -0.0796500730496066 0.0278335937276194
0.209894995147696 0.152815043234448 -0.131670871111701 -0.0245522828132865
0.092277138793728 0.131255309431113 0.010345011496855 -0.2811741452342
0.134184826584493 0.0370854605133562 -0.0113401926900599 -0.231568343015641
0.0860380823568438 -0.0666727784599318 -0.134238753493049 -0.199674786509305
-0.0131550567403004 -0.086621440838686 -0.231254257005347 -0.0666719070023426
-0.0771075543396622 -0.0444924341594687 -0.223143661060775 0.0931166699383025
-0.0919540315632737 0.024901970459169 -0.14536667852956 0.19508580812157
-0.0505860357545749 0.0748511483460567 -0.0644193958391292 0.213349236224319
-0.0230827831469692 0.0843150719874059 -0.0203756697500577 0.154133472282447
-0.0345459084698025 0.0937850233048754 -0.0265729546419135 0.0882448833342002
-0.0957529322816371 0.0819079061628819 -0.0155561106536632 0.00961196255857805
-0.134872855800637 -0.00878980566944365 0.0265123794144777 -0.0218119555981176
-0.0784420708897601 -0.11018312076476 0.0339408365697517 0.0439903787082608
0.0713362710872012 -0.139034166920145 -0.0379756425299939 0.0476675244842128
0.172461833021099 -0.0135076605038862 -0.0754966467165558 0.00726497899649606
0.134377628290607 0.0944075236943205 -0.163444642395116 -0.0741960387727395
-0.0360275124064139 -0.0285284221748876 0.219696788043133 0.112961395534052
-0.0520708007105971 0.010468645273151 0.128289988169486 -0.0334604184759453
-0.0343306130443344 0.0428663076679194 0.0416852371171308 -0.0569839774061028
0.0222610414556117 0.0490543885804207 -0.0393538472331208 -0.0382393572247458
0.0475157249887631 0.00575543085471513 -0.0102858382956086 0.0213516422930454
0.0347876565902908 -0.0255921392932783 0.0474115082784227 -0.025688034988445
0.0160543173695354 -0.0305245140165242 0.0432851084981313 -0.0978671307092558
0.0153589908273341 -0.0221285330817779 0.0292237314132237 -0.164739409839693
0.0226371799475485 -0.0148553331230167 0.0459869719654807 -0.214181462892389
0.0314304087909632 0.00274026018147541 0.128957469986484 -0.211607429290019
0.0275228678619648 0.0277276944779503 0.201950488860656 -0.121286813731083
0.00125194649275488 0.0368854756600902 0.218641156674281 0.0264240900343374
-0.04174087761899 0.0277237134614266 0.167965915823242 0.151611489683089
-0.0654371159280188 -0.00374186438885512 0.0597252082336652 0.239619759181544
-0.0420770334449089 -0.0539707088851056 0.0280490346448926 0.336100816463904
0.0612660378265128 0.0510857625373953 0.206263152201479 0.112179949082314
0.0602067939738346 0.00284363198275978 0.129450672286951 -0.019639203228456
0.0200965119221619 -0.0412217787780758 0.0454162371228709 -0.066224154672829
-0.0333495582711819 -0.0195450444772121 -0.0445655362525648 -0.0419920025155323
-0.0381551390617989 0.00860842765020954 -0.0142445944340439 0.0335563068264949
-0.0229248353018797 0.0308377459769739 0.0573991383474263 -0.015515004165341
-0.00093192129224897 0.0405811156403198 0.0531341126659397 -0.0952394317614596
0.00988123530935255 0.0462345504240334 0.0318571744379788 -0.160425057377174
0.00153541628373443 0.0491396973574968 0.0392375529350299 -0.206220070680009
-0.0329915774771791 0.0506294678896338 0.113296617347597 -0.212525974666842
-0.0493270721608109 0.0215358266287586 0.188360786685651 -0.141316161617753
-0.0368522516707575 -0.0198836472763366 0.218151857438165 0.00434532995289155
0.0056502762405432 -0.0433562963222955 0.182145421577516 0.132664561064972
0.0413382774490252 0.0031208568565195 0.0791480733950934 0.229175362053629
0.0418207593013996 0.0380593846588752 0.0423232964762871 0.331486272258797
0.133395643845865 0.124591876372984 0.169483469267231 0.0923651744278753
0.155954918324377 0.00505222608282439 0.137695130048445 -0.00152097719306646
0.0759006065896366 -0.110634818535324 0.0568812564205686 -0.102171850076905
-0.0725161673687178 -0.0874168418492936 -0.0766768899198033 -0.0655996367994679
-0.113813921067066 0.00129376996768982 -0.0501157763620578 0.0549998801731488
-0.083394654517347 0.075610355724685 0.0485207722134231 0.0210245796518669
-0.0241547266172483 0.104352857355815 0.0543041819234083 -0.0645519474447834
0.00196412288945153 0.107633852367957 0.0295823109293943 -0.130617736005562
-0.0157227861902416 0.105433763299238 0.0265960976836011 -0.174590669933144
-0.0840411001541729 0.0959221954787003 0.0862317571848419 -0.199137218215264
-0.118038814363761 0.0238977940132964 0.165992007201383 -0.159901252733221
-0.0810865299757197 -0.0653028654706353 0.217796890538569 -0.0147699430008438
0.0362802495083182 -0.116808799456979 0.183546738252817 0.12388141224584
0.140138485579419 -0.00607510990272297 0.071575685563289 0.212033482403162
0.129250062785075 0.11302102110461 0.0351626986952728 0.289893078170103
0.17034159723445 0.18391892273679 0.132075505264811 0.0489669614228198
0.219372772289158 0.0170020932818981 0.155261779854184 -0.014086206564981
0.119126603763554 -0.153666137374013 0.0468565293004172 -0.163533748378959
-0.0918814010044211 -0.138123899474609 -0.134282346186241 -0.090328904628605
-0.165062395657844 -0.0130581420255022 -0.102001119953377 0.0820773063085826
-0.132041688676337 0.100793865599972 0.0221218901039302 0.0713080260394381
-0.0482094256152225 0.149825197466626 0.0447102491762344 -0.0109226238668852
-0.00524520155246538 0.152799295575754 0.0240644834480728 -0.0792650688536927
-0.0246130225392914 0.148630553295933 0.0138301743823461 -0.125769175235157
-0.117512852712666 0.133970029936151 0.0578279140292462 -0.17233063780259
-0.169731507465318 0.034271067184669 0.141202371095866 -0.167574493090896
-0.12662970675116 -0.0945293404867391 0.214198709106156 -0.018605232596531
0.0485018504994921 -0.184027333796228 0.161895559616303 0.128836269419506
0.218792312620082 -0.02727188277791 0.0336266653318476 0.185125560441767
0.205293951819197 0.162687757125995 0.00604625315039078 0.218780438379584
0.179973275561567 0.221147096747769 0.102245616030012 -0.0243448257982377
0.248705247124999 0.0337475676283996 0.154461522476043 -0.0744988440436842
0.145054165837837 -0.165657230990753 -0.00226753252587656 -0.220414695510932
-0.08783525393901 -0.163480835775029 -0.197342614692265 -0.0938197281046158
-0.18441385445203 -0.0307974860140387 -0.152215447254035 0.107269969139024
-0.161042424207267 0.105737330197697 -0.0170578169814833 0.122352407352495
-0.0651114698036191 0.170113613509548 0.0236541668414058 0.0544508656764731
-0.0114186889280415 0.174070556236002 0.0171205241489529 -0.0133790220556274
-0.0288695088334187 0.171413304750678 0.00287113661446245 -0.0656304286969964
-0.132242749102729 0.158438143167794 0.0344465563885881 -0.134052785823699
-0.201887437514266 0.0453935557341275 0.120306048496568 -0.152608000238541
-0.163586553852509 -0.113183298540243 0.196587170360276 0.00224917820926173
0.0502232657296479 -0.234866961174321 0.109005569125917 0.135802507633291
0.268209268684098 -0.0508937557915277 -0.021233545630163 0.141468531726666
0.253924778648919 0.181075572242183 -0.0389866204252473 0.134017930813615
0.170563375624568 0.226061636930971 0.0717437706119387 -0.119350092928815
0.243986584773237 0.0421026794840002 0.110718019017739 -0.1538717444797
0.14777775367647 -0.150883832320635 -0.0690800322876634 -0.239158269355893
-0.0697079006185863 -0.161255661964492 -0.236011893713597 -0.0802739911855164
-0.174236927139251 -0.042445844375275 -0.188499781434424 0.118987309314071
-0.163833874353154 0.0940477386712063 -0.0611576940651248 0.164036314022421
-0.0710403952738047 0.163274119585879 -0.00239534127085816 0.122273932062058
-0.014971109827921 0.16974757842899 0.00947027058680439 0.055127509708714
-0.0305482065376414 0.171072272471547 -0.00498242082233317 -0.00354862947182169
-0.132145393088621 0.162930444031231 0.0165785519240706 -0.0856756676780283
-0.212236330338262 0.0462123546818247 0.09724535070989 -0.11337981847375
-0.176303752423489 -0.126651983299066 0.151692687989249 0.0350358530993141
0.0551874929186324 -0.252915675042828 0.0378433582109927 0.124913520088677
0.280671700355174 -0.0622989986499983 -0.0646577650985613 0.08434465704033
0.262896643627439 0.170471336545065 -0.0888453887226791 0.0525727508958072
0.146483829542022 0.191495127234063 0.0317876706181982 -0.215443241339051
0.206412212374396 0.0375640348833097 0.0391413150450783 -0.210353368330559
0.123398820668609 -0.118982601034156 -0.122330456382689 -0.221922523725164
-0.0466295208652738 -0.133657418081952 -0.245208357302198 -0.0633215611023498
-0.138376258010011 -0.0442963990715167 -0.209707917155535 0.118451188464206
-0.138653281088298 0.0688435817417758 -0.102031787488662 0.192918724047126
-0.0625593927626243 0.131694567229587 -0.027682468861903 0.181719930916975
-0.0165055347048196 0.138585935762027 0.00102634206833609 0.116183196296785
-0.029161613509386 0.146911861873076 -0.0119138672415361 0.0519973403109634
-0.12001749163545 0.140713348175639 0.000994725833119204 -0.0324308484093758
-0.193214573718371 0.0292460591269984 0.062499022395979 -0.0623805376644051
-0.149426374730224 -0.129577945411128 0.0903276427686855 0.0522643849397817
0.0639798342661557 -0.223208382069721 -0.0161552504255302 0.0887585185940002
0.250935537252825 -0.0523333808435033 -0.0784000311460175 0.036457838148481
0.226108271980616 0.139048530311941 -0.135915841671325 -0.013217268154086
0.104998215881573 0.124968541766716 -0.0115234717871336 -0.285504098463156
0.140551302591043 0.0247439421460851 -0.0290593503931644 -0.234794914840261
0.0814311703645786 -0.0750439499203917 -0.152400025319974 -0.191836845788933
-0.0206822429168931 -0.0876500256899882 -0.2421538605743 -0.0479011766913423
-0.0832871487045231 -0.038856074762339 -0.219596720460043 0.114244256695009
-0.0919754376832664 0.034754699960791 -0.130279101271761 0.211947670702737
-0.0445668186442491 0.0811711278944547 -0.0463942932303742 0.224415278352251
-0.0157853903354769 0.0864559801607047 -0.00674813771330995 0.158766328105163
-0.0258967382461018 0.0985103506298676 -0.0191309851544823 0.0936171709292736
-0.0908927383703509 0.0922230788785029 -0.0161010714354805 0.0120500959713588
-0.139381698725109 0.00308809124343665 0.023356314996105 -0.023970768966078
-0.0887992954870974 -0.107635034390748 0.0389757630790072 0.0433636847975193
0.0612787825508069 -0.147028162174974 -0.033230407308399 0.0540235455581907
0.173352021289476 -0.029065727032017 -0.0754711789131551 0.0158966945457521
0.14333173048015 0.0853382113313503 -0.172196282180516 -0.0605979399647553
-0.0371090827816673 -0.0251425162455667 0.222150603227885 0.091594824148686
-0.0507582401524817 0.0140694184362745 0.122378871504972 -0.0445031759238188
-0.0295333786910441 0.0440242126372471 0.035256694168072 -0.0602329689285791
0.0257335520538867 0.0458467697728415 -0.0411720189327766 -0.0334117060206606
0.0470708429396713 0.00230010846503738 -0.00812356117188469 0.0219229056069094
0.0317281041127974 -0.0276010899893228 0.0432496902225277 -0.0297715251005449
0.0135404481182355 -0.0315593892890378 0.0349443417668141 -0.0985003211437343
0.0130202577815048 -0.0232128866012932 0.0162545979268041 -0.161172600649615
0.0201297314708307 -0.0156739179546642 0.0282670358155405 -0.209853548271137
0.0305138914735728 0.000124500795189431 0.107322379072064 -0.213844335827469
0.0292938802514203 0.02361073147451 0.1852961612834 -0.132366047415063
0.00379982211769369 0.0356270629971909 0.214116009594003 0.00877876973326707
-0.0389401684907243 0.0305382567967701 0.172323234888065 0.134105668633722
-0.0630867550695274 0.00166156529001549 0.0737749926156434 0.229071215446931
-0.044796497722736 -0.0505132492206694 0.0516378293801187 0.322116976722194
0.0623142388395023 0.045351184690984 0.209725150594581 0.0920372198103396
0.0576461994148832 -0.000989018699966678 0.126301311141777 -0.0306023612662041
0.0173189351663975 -0.0409515416865683 0.0377626615906881 -0.0693953314738465
-0.0325401743744025 -0.0168891997964041 -0.0470279324286754 -0.0364415815557805
-0.0367263219476369 0.0116808605255587 -0.0111666075190317 0.0346312628459697
-0.0202778986127324 0.0315394690141719 0.0537654864463024 -0.0209994848766466
0.00236012423066282 0.0390708190735093 0.0440415561687641 -0.0959314127288353
0.0128624861640274 0.0429554290552387 0.0190339832224322 -0.157999284999875
0.00516053248242764 0.047051874403253 0.0218141742396559 -0.201136720422901
-0.0275163705182489 0.0517622173325281 0.0924542054917322 -0.21360339427689
-0.046014672879739 0.0256091682301126 0.17055238191013 -0.150312586017282
-0.0372917046829717 -0.0167970617602499 0.21112789469152 -0.010955626585549
0.00143229439201567 -0.0418552010426161 0.184477750636898 0.115844279132044
0.039796148071498 -0.000737446248078642 0.0919260037386444 0.217798301154888
0.0432927008560009 0.032808151598121 0.0651575905709297 0.316624987896924
0.137264691501888 0.110061543829203 0.173464662465105 0.0759743607296251
0.150416554967166 -0.00655384804146402 0.135299622543094 -0.0120331186791682
0.0662605998256381 -0.112491726168721 0.046822032802178 -0.104330778780133
-0.0760583466792962 -0.0803988792427162 -0.079885045759594 -0.0574099281547309
-0.110836883995071 0.00942739893450301 -0.0439059275701223 0.0576059443940363
-0.0745495852770208 0.0796928851046185 0.0481685509089991 0.0150447366058546
-0.0148557654181353 0.102675344029441 0.0481138234306505 -0.0668193835767697
0.0108950218538855 0.102587917375881 0.0199114823861873 -0.128024953167823
-0.00601980332194285 0.10332485196623 0.0129508024847747 -0.16937915666622
-0.0735107941381915 0.10047720894137 0.0677316802494413 -0.198683454889143
-0.111598381783959 0.0333054751490014 0.146313209799647 -0.16685965961657
-0.0832151365273558 -0.0576034327958097 0.210647616151418 -0.0301199718108967
0.0251256640021523 -0.115704117496159 0.186660771877798 0.107370342736316
0.134858083809276 -0.0172598056908979 0.0836845625287627 0.20168858234834
0.133556354406534 0.0995734320791163 0.0557302297497734 0.276900860268742
0.176934180257355 0.164164784329734 0.133059939917705 0.0377519339128105
0.212119225147008 0.000510746619490744 0.151953302773385 -0.0247951293373576
0.105209594771508 -0.157098875114655 0.0333082744513714 -0.162609351944031
-0.0983700388279798 -0.127363678201751 -0.137250769069805 -0.0777512603658668
-0.161837148520524 -0.000801791419740629 -0.0924407425531937 0.0878407115906069
-0.120709335908829 0.108275812571757 0.0270102088732732 0.0670560414976013
-0.0348027873712275 0.148353373597402 0.0416678648817792 -0.0147014784398655
0.00687174024725326 0.146842866845547 0.0177971429595148 -0.078364734030445
-0.0117347785404089 0.145081485295541 0.00410472025949236 -0.120261972819454
-0.10296103521245 0.139958898103212 0.0424583648765884 -0.170591498287621
-0.161679031282061 0.0471986456141968 0.122068770132928 -0.172097477786091
-0.129749343339244 -0.0832687592339787 0.207379170140396 -0.0336477578112429
0.0320890987034271 -0.182401461689535 0.166081770530706 0.114182826971274
0.209562338484277 -0.0444729778701263 0.0458930019313017 0.178368712461444
0.210149208006908 0.141847471924061 0.0219635351720265 0.21111832760932
0.189020888849231 0.199612170064114 0.0994152756167282 -0.0298934628818842
0.243014999231969 0.0140439942813788 0.146558746955448 -0.0834042668667655
0.128940016031173 -0.171227244125049 -0.0184802201981261 -0.213552011661888
-0.0970948283339736 -0.15233063819158 -0.19755657912382 -0.0770894192193901
-0.182451312315619 -0.0151340230146367 -0.138467497158953 0.115942184076885
-0.147966283099566 0.11641241852346 -0.00599944169995181 0.119231563606488
-0.0492320298660727 0.169511163133524 0.0263296478244524 0.0507592514875435
0.00259251674835767 0.168404921433734 0.0163914729287161 -0.0140599861483021
-0.0145711155450294 0.167809469257134 -0.00131306073842371 -0.0619019786385615
-0.115230517390711 0.165649453308012 0.0223067598113178 -0.131011235745696
-0.192046974930711 0.0609756374781884 0.102126313391039 -0.155968632020497
-0.167496526209328 -0.0986461923849519 0.191787866051505 -0.0111120330875747
0.0306087587379784 -0.230878947649755 0.115374952787745 0.125231252048083
0.255583768970131 -0.0695696451155541 -0.00964779274418338 0.140399638804683
0.258491153213149 0.155637009674925 -0.0273654874610525 0.132485130018467
0.18101487436637 0.204512201095167 0.0623562495826228 -0.119285719036167
0.240324974546625 0.0218270298102307 0.0980183472066439 -0.15591387655866
0.131792619388646 -0.157971311141943 -0.0845291111089641 -0.226320788361534
-0.0804591495751358 -0.152312181123167 -0.234208789260271 -0.0598373256562068
-0.17313165781326 -0.0275507586664087 -0.173191289489348 0.130843830759292
-0.151285761386888 0.105032594985205 -0.0460910398653686 0.1631469088844
-0.0551025617747957 0.163385723440593 0.00630266443947977 0.118662272524034
-0.00221975444995469 0.163356323650096 0.0139040271944992 0.0532147537027864
-0.0153592786300171 0.168508422618924 -0.00367307250284093 -0.00219825262249859
-0.115148681928362 0.169245153535322 0.00929060102264993 -0.0826075125406787
-0.202822667442153 0.0616990516849916 0.0820631274386507 -0.115795668044944
-0.179889298318961 -0.111572137920753 0.151103812267996 0.0239274413176205
0.0347282424261952 -0.248465128514584 0.0466346699327795 0.119469080134295
0.267171008420439 -0.0812945998943602 -0.0552144941057916 0.0875636699392875
0.265626383285252 0.146584906129214 -0.0817157551025391 0.0571405388111595
0.154814237593951 0.173423168774888 0.0172810303359318 -0.209063584459635
0.202190628326849 0.0194369273419628 0.0245861093003392 -0.205904648428161
0.109627210143134 -0.124953394368572 -0.133401616233235 -0.206043532622077
-0.0555953109139411 -0.126585849492528 -0.24226579709144 -0.0422923389758021
-0.138543073341643 -0.0325036018259669 -0.19402411879167 0.131211947020488
-0.129005288555954 0.0783374601391941 -0.083341540096055 0.19453769123116
-0.0496395879800265 0.131718597354777 -0.0120191620841155 0.177964206621225
-0.00541365806684395 0.133822716451272 0.010966712496964 0.112264868333288
-0.0165018340564434 0.144707370852553 -0.00635965462571478 0.0524613871281339
-0.105002255480081 0.14627515902824 -0.00147131210774142 -0.0295854065993408
-0.186067820205579 0.0436569992534461 0.054031432371126 -0.0645722531783848
-0.153946252478749 -0.11650220963984 0.0919986950196221 0.0437806545920216
0.0467874288314728 -0.220389788319598 -0.00764480333056602 0.0883627494568387
0.237907796206467 -0.0689129511185245 -0.0723110528654795 0.0423142559479993
0.227292251355728 0.118459282042655 -0.13232642127345 -0.00282074407638476
0.110020870288222 0.112224958315639 -0.0304573077534842 -0.273864785497994
0.13816401715817 0.0118727577575459 -0.0439727153035468 -0.224680011753303
0.073267539440834 -0.079113293950217 -0.161153166899648 -0.173435012901571
-0.0268395446078496 -0.0836310000221026 -0.238148755267641 -0.0277936817008153
-0.0840700278759463 -0.0315699182947185 -0.202949728894301 0.127526599418013
-0.0862667347751225 0.0417138024319082 -0.109175318725333 0.214732431308769
-0.0365894938445382 0.0811996518505203 -0.0266773571534897 0.21998123570083
-0.00859201848454461 0.0838985168675158 0.0064616842046039 0.154232492453189
-0.0172737826276682 0.0974410139051061 -0.0106734159072416 0.0930188268511745
-0.0814132022267933 0.0973282513734718 -0.0147025262563977 0.0142670851022062
-0.135436366163505 0.0140923374379693 0.0178280992026572 -0.0241642773952283
-0.0933770431238205 -0.0985437633579782 0.042263544968377 0.0387823804729984
0.049210939401577 -0.146245077057074 -0.0266847477038864 0.0556307924901366
0.164146371539908 -0.0408727475626214 -0.0707234030189631 0.0217648908353767
0.143844855922376 0.07238967438649 -0.171027349291347 -0.0452288259911431
-0.0358092093619049 -0.0217973878167031 0.213448739034362 0.0782630072005701
-0.0473776991802027 0.0152321150198598 0.114642183355972 -0.047993693800675
-0.026344170838693 0.0430740269272712 0.0298780677277774 -0.0597951577791365
0.0260636516208302 0.0424954238286313 -0.0397908251680917 -0.0294125076357217
0.0440508258767991 0.000847572035038743 -0.00661448235983255 0.0209677830617338
0.0296582268631941 -0.0271507509509729 0.0386555508253083 -0.0303181417024154
0.0117597154792285 -0.0307060912848832 0.029478796186694 -0.0946322819237325
0.0112714627863916 -0.0221199910739732 0.0106544313365414 -0.152580719752905
0.0187960247805514 -0.0156543339902666 0.0192662437764031 -0.197713631407913
0.0290315717911242 -0.000236181756975902 0.0932238285614611 -0.204899102708137
0.028374495706352 0.0211415179859905 0.169804129351248 -0.130567013472446
0.00461599435235798 0.0336641229061744 0.201946830616404 0.00137778246185293
-0.0360497308552509 0.0301978765396521 0.165470561012578 0.121367580814278
-0.0590469874028759 0.00383145420967057 0.0754347639364284 0.214881066614419
-0.0439614295148917 -0.0472080735443661 0.0582460898364416 0.300657069710865
0.0592880635981862 0.0401151851667366 0.202161674694713 0.0799948361333035
0.0537287181838893 -0.00196434302327682 0.119059049107962 -0.0332658146959441
0.0158473661640448 -0.0391651104653143 0.0327767149642257 -0.0682205594970898
-0.0308273421151893 -0.0150472094118464 -0.0453316320941598 -0.0329670502104026
-0.0340850551603702 0.0127321515147703 -0.00856961078748009 0.0329900335648914
-0.0177259942123533 0.0303383033967505 0.0492569350185047 -0.0223168826507306
0.00331395506427962 0.0359373896412443 0.0387293342624767 -0.0932314257722678
0.0135666255721884 0.039362176519871 0.0133595649955892 -0.149122098633527
0.00639959821439571 0.0442879680564523 0.0150766643183576 -0.188518954744703
-0.0237300747572654 0.0504935282269916 0.0790916087256093 -0.203844898774551
-0.041968893243776 0.0251341117373002 0.154228470984783 -0.146322363077102
-0.035548368395409 -0.0147166663859019 0.199219212795602 -0.0175552885311866
-0.000638693587905235 -0.0395036283781758 0.177089927207425 0.103314329139739
0.0374375422032552 -0.00229097868556128 0.0930368377503146 0.203630388323319
0.0414610616706253 0.0287200371057743 0.0711252947354851 0.295085440798755
0.130604965395033 0.0986298036353309 0.16724351310436 0.0665221922583115
0.141092552323174 -0.0103249474837594 0.129324217567281 -0.0159156069277808
0.0599960885980247 -0.10804509567135 0.0401594766766974 -0.100649876390318
-0.0735094192171729 -0.0735682763259975 -0.0775112012731424 -0.0514989024993408
-0.105647157364068 0.0126010253472433 -0.0390530938380357 0.0571157551162236
-0.0678149763290849 0.077808354734026 0.0459094287751809 0.0126581972194919
-0.0106689850716068 0.096578590834887 0.0429000201181797 -0.0655316213964578
0.0134113018237881 0.0957891159612927 0.014156055388796 -0.122042281243627
-0.00212416768496347 0.0973375257586919 0.00674787014299594 -0.158569230603893
-0.0657927521173741 0.09832841260761 0.0561184369735726 -0.189322307620335
-0.104141841137137 0.0356474447865878 0.130327214378453 -0.161266994034554
-0.0806488564612384 -0.0518545717595546 0.198544379225593 -0.035069152206713
0.019522951934419 -0.109174641648525 0.178841597489482 0.0965080544987899
0.126489117032727 -0.0212028911635532 0.0846443643326023 0.189423464258514
0.128953842507714 0.0890506284657617 0.0607999884967559 0.258519327411606
0.17014340865341 0.148670195770661 0.128564716160866 0.0325627472585731
0.200312787898405 -0.00552747794708839 0.144539815537493 -0.0279302748326001
0.095090263718423 -0.151814525462864 0.025849292891044 -0.155022570233951
-0.0960145011637042 -0.118318585267715 -0.132057337991618 -0.0689348402286374
-0.153681447526309 0.00518008364202762 -0.0836657164516563 0.0872394905969576
-0.110142081042217 0.106920013330196 0.0283151395393132 0.0617272997477874
-0.0264228770456008 0.14113106695878 0.0392039595596766 -0.0151730043258659
0.0110000345448522 0.137005547686248 0.0143991161058772 -0.0740394042280675
-0.00633381874468968 0.137985141413055 0.00116565919536823 -0.112290295986162
-0.0914477339482655 0.137039679202267 0.033629578228208 -0.160898093306685
-0.15068861189374 0.0519264458110498 0.10697053774129 -0.165823257593502
-0.12490309438518 -0.0750791351097424 0.195592499862583 -0.0375418918688895
0.023650645464462 -0.172640795175532 0.160289639074005 0.103849585965378
0.195847708813872 -0.0489528863000688 0.0486973884977861 0.168536541689982
0.202294671737811 0.126930825654943 0.0258302287421928 0.197464629476214
0.182214818482087 0.180775859338303 0.0952664811203292 -0.0299534764435629
0.229911355074318 0.00545812735517175 0.138312438600254 -0.0823875252557302
0.117449628700789 -0.166140587237795 -0.023312260358174 -0.201833080258802
-0.0967172304624633 -0.142071524169586 -0.188819449909857 -0.0666977761192653
-0.173790428058231 -0.00775327619395455 -0.125910837548294 0.115565195746919
-0.135597718120244 0.115551832444508 -0.00163049451965844 0.112638633883237
-0.0398937758560059 0.161515064968943 0.0269385703613674 0.0463414822011497
0.00796223943573754 0.157144438980074 0.0150180579233595 -0.0139747603452148
-0.00721510344291562 0.159051912504374 -0.00170574895973797 -0.0563168539622137
-0.101979646234955 0.161343355258708 0.0157966648811202 -0.122747118818279
-0.180311835144225 0.065665335845185 0.088701806765403 -0.14942139001549
-0.161743733781379 -0.0884775973326344 0.181492050738261 -0.0170360876280156
0.0219495548396315 -0.219271005846161 0.113991504409444 0.116392973479089
0.238721508038927 -0.0746747869413135 -0.00481502271304283 0.133249276613421
0.247675010730181 0.139722421236947 -0.0224931317953593 0.12489043320587
0.175636981422161 0.186294310271169 0.0571252512777014 -0.113291618807722
0.22753913051902 0.0114839980673674 0.0902049950687448 -0.1492507220707
0.119488184825885 -0.153837289952579 -0.0861209982526204 -0.211487685682791
-0.0810645673430374 -0.141300304862765 -0.222422231647543 -0.0490752533485902
-0.165492118152318 -0.0197546966919176 -0.158161545066076 0.129562955740634
-0.139386392365105 0.105428865038371 -0.0372345436147184 0.15526105192537
-0.0461034848626879 0.156329609890027 0.0105616944573417 0.110807212472721
0.00329441828237081 0.152987425395984 0.0155026107759041 0.0490760081186654
-0.0081581590419342 0.159099333655781 -0.00208604635404286 -0.000208166242949523
-0.102972825163789 0.165382726636724 0.00513368405941943 -0.0764864856755765
-0.19019419792705 0.0663433415843609 0.0711772062547051 -0.11070862244659
-0.173927903890878 -0.100540830936601 0.143501536677851 0.0180336995634702
0.0259909133041601 -0.235454762397167 0.0483295263599684 0.112718507698366
0.248343445500302 -0.085117645896751 -0.0490686048579164 0.0846497554734382
0.254625368053407 0.13140159909039 -0.0754524028184047 0.0568963239441291
0.149923727049903 0.158303419155274 0.0119075569984223 -0.196265161107432
0.191634241059304 0.010633691826681 0.0195578307396752 -0.19400170901319
0.100203848468016 -0.121778152350331 -0.131667763109569 -0.189798059172923
-0.0569324860800738 -0.117957230922067 -0.229637657102718 -0.0320991523880194
-0.13313033696323 -0.0259042612307875 -0.178154676621167 0.13102499785433
-0.118674377817751 0.0804684658635991 -0.070931315240862 0.186788404415686
-0.0424005431251872 0.1265193735481 -0.00511408465714064 0.167675184015266
-0.000735132897151034 0.125078207868788 0.0145054856941402 0.105478793612529
-0.00992833550850756 0.136102175601802 -0.0028800585919161 0.0509242108948006
-0.0943195576429905 0.143528327948849 -0.00298672483055652 -0.026796293646901
-0.174827056650288 0.0482775067789733 0.0455701417251112 -0.0612251696038465
-0.148849866605922 -0.10641600182721 0.088918932837124 0.0386576225503268
0.0379491897512703 -0.209046124024743 -0.00319655088663192 0.0855065487515033
0.221161754973074 -0.0719173592360085 -0.0659662822180829 0.0426089548025979
0.217083638202988 0.105502694231641 -0.124182298083313 0.00176953071048036
0.106039154855127 0.101457790566782 -0.0352216765737277 -0.255614792291288
0.130228288119583 0.00548421602087349 -0.0468658995531719 -0.209289926382043
0.0663183942394708 -0.0770760171045239 -0.156793791122064 -0.159190239157685
-0.028494620087914 -0.0782360100107303 -0.225192184288847 -0.0182105282403577
-0.0814736008266803 -0.0269188831235006 -0.187377504037586 0.128150339475599
-0.0793756505441377 0.0440267827183303 -0.0943520400601949 0.207326826896098
-0.0310900461892819 0.0779472254582942 -0.0166704066922467 0.208077000707905
-0.00586453576411671 0.0784948475405445 0.0113957560323242 0.144708539807281
-0.0117525331412878 0.092769434846589 -0.00633904040195943 0.0890968291166772
-0.0734452251110643 0.0953422115557809 -0.0132954249742264 0.015270352611988
-0.128313227437997 0.0178030524769929 0.0140661178426364 -0.0225809979424171
-0.090977134846056 -0.0914460862467248 0.041197738945589 0.0357546993653465
0.0425100022066668 -0.138315668382618 -0.0215177458881156 0.0550319675636032
0.151825664386968 -0.0433779964621075 -0.0657233691775731 0.0234593809806769
0.136485989007419 0.0643323486539264 -0.161945228912559 -0.0361875772704597
-0.0342841241585745 -0.0213952416677321 0.204265847568087 0.0760673780591309
-0.0461545413191432 0.014521855931217 0.110953544961681 -0.0466688729013742
-0.0258970010984779 0.0407350894977146 0.0284086444470369 -0.0583465067955715
0.0248936415993118 0.0412294103367651 -0.0382172781996513 -0.0283323820145349
0.0430329897573187 0.00119734723507751 -0.00620936065951995 0.0202237978349822
0.0290114058403187 -0.0262097153446426 0.0363808409263873 -0.0305758538481258
0.0112820616016471 -0.0300550886738534 0.0292859463607885 -0.090878263400506
0.0109178740422022 -0.0220972565472768 0.0122958042225402 -0.146129077263258
0.0179954090551495 -0.0145584423419428 0.0208060855867668 -0.188661167145321
0.028308047677799 0.000113426286960533 0.0900527663340996 -0.195626415872307
0.026755853091716 0.0198744706755527 0.163387582877905 -0.122835493179772
0.00372845022361885 0.0317205735924437 0.193130067255749 0.00417762418801374
-0.0349129374684428 0.0293640694230614 0.15545325603145 0.118326448917119
-0.056105430906489 0.00287097553915312 0.0689907895453784 0.208114370397327
-0.0420606169836126 -0.0471972684224363 0.0513823163247655 0.286850376139262
0.0555202711836947 0.0386765751499435 0.193792179959036 0.0773281374652557
0.0514594410868446 -0.000272557781602368 0.115824708721479 -0.0333640993476123
0.0158283404112793 -0.037285212532618 0.0309787034078606 -0.066676476103916
-0.0287582828470769 -0.0155478449799412 -0.0436650025037734 -0.030896959477637
-0.0335450539827072 0.0119258522539102 -0.00788656392165478 0.032298783781183
-0.0168748937088712 0.028993400608877 0.0473905888235534 -0.0213291342242214
0.00329659299116139 0.0338166857618397 0.037241494013481 -0.088944702796602
0.0127138447933368 0.0376787442211033 0.0148535431052295 -0.143325107247007
0.00592595224720018 0.0428781813756223 0.0166482934233836 -0.179703250727191
-0.0226260025438706 0.0491916232973291 0.0760432017907121 -0.194157477983941
-0.0404417828574395 0.0239722613726535 0.148569719654524 -0.138562823688527
-0.0345709329298653 -0.0145724253676575 0.191359936719822 -0.0144507557998812
-0.000844179989865819 -0.0372168826999737 0.167126580433791 0.101534945469769
0.0359036876170349 -0.00212189200230474 0.0860204697423932 0.196994380776945
0.0397316190579594 0.0268156831840891 0.0637647389493951 0.28237925316456
0.123081812012551 0.0961480397778579 0.160771468176906 0.0644729527098976
0.134836230959083 -0.00657602873637229 0.126036415310814 -0.0149858735710879
0.059162833373801 -0.102234975952039 0.038869537430474 -0.0974754254035718
-0.0691572813413071 -0.0721142837395932 -0.0737669234359798 -0.0501890148992558
-0.101509194693201 0.0116130691355196 -0.0365270151887911 0.0542869865103349
-0.0656698004715595 0.0747075627622638 0.0441071086719881 0.0111196286147531
-0.0105344375467287 0.0922555461315384 0.0411835204330807 -0.0619893392667801
0.0116395361150281 0.0910152935876366 0.0156179402905179 -0.116209258870954
-0.0029493984624777 0.093472560333601 0.00865047695512489 -0.150648752531389
-0.0630922073674705 0.094773695559339 0.0545409092181417 -0.17944186431249
-0.100094909243883 0.0342992914149756 0.124647391708282 -0.152574902966182
-0.0765093384455634 -0.0507954984237731 0.19027133781327 -0.0315725405507098
0.019359626853952 -0.104275632663711 0.169579120612611 0.0950941890763047
0.121252003013371 -0.0196350438900693 0.0783451365717956 0.1836777734564
0.123049444845973 0.0860604902981358 0.0547106081490173 0.246281721791037
0.159657616571094 0.143448918027844 0.124684809729378 0.0328063241941015
0.191951481978611 -0.002431757896676 0.141426374376983 -0.0250196431586771
0.0939255021769313 -0.143921059417138 0.0269934132409915 -0.149489009107246
-0.0912309796718686 -0.115335775811136 -0.125903194508892 -0.0676294741546393
-0.148409405549575 0.00353268838848325 -0.0798072632749462 0.0838215632211527
-0.105741860566315 0.102900746699914 0.0266614346137479 0.058526578876164
-0.026213508917731 0.134462172370368 0.0367283475957532 -0.0150694446353352
0.00944584126136249 0.130522755333546 0.0150664163100208 -0.0708593671255041
-0.00705745108679291 0.131381052644928 0.00266658125534028 -0.106052226488596
-0.0881352031339552 0.132170480957891 0.0326552920357456 -0.152993897117691
-0.144727298493265 0.048770451884468 0.101618246759626 -0.156136191616107
-0.119709958793872 -0.0738683760705277 0.187832717392889 -0.0345214669952264
0.0247814303352623 -0.165135717841329 0.153295999945529 0.101894949316199
0.18848298011453 -0.0458542040141101 0.0447901330200019 0.162788120485184
0.192573890720109 0.123458063623014 0.0233608225681367 0.188387027222005
0.17073670362168 0.174760456928722 0.0932893452003674 -0.0266803848299456
0.220559048311427 0.00790773136899016 0.13632711833223 -0.0766911946844084
0.115312681985656 -0.158004198871133 -0.019759087330611 -0.193916365119574
-0.0914931993357029 -0.137279289081249 -0.180509592314488 -0.066568887335611
-0.168090269391679 -0.00892415400639181 -0.120268883825544 0.11029203754189
-0.130534931688009 0.111169858150228 -0.00135674543810106 0.107129698137381
-0.0393738617049609 0.154569567900879 0.0245300946066766 0.044613247785118
0.00600461028884061 0.149715705516252 0.0155416639382194 -0.0131495248273237
-0.00811137013938687 0.151606849243178 0.000157963598521204 -0.0530820700356686
-0.0987189113384075 0.155574866020694 0.0164915655366886 -0.116919326300577
-0.17331844005499 0.0623177323005691 0.0836680803734576 -0.141581386707299
-0.15469349130695 -0.0873778372649698 0.174548382433858 -0.0141513648001583
0.0234986325243955 -0.209148445100918 0.108835205501191 0.113982096387547
0.229193930917143 -0.0687539587051173 -0.00567983394332547 0.128380273156696
0.235735781815508 0.136630627908049 -0.022440935253039 0.118625914014269
0.163357556163998 0.180023409665926 0.0588667167538827 -0.106488089260962
0.217566993566481 0.0132169589792986 0.0907859475282043 -0.141629322299863
0.116400502779895 -0.146411992854513 -0.0796086323012814 -0.203648390452989
-0.0768835628415627 -0.136926828036193 -0.212902980560901 -0.0496924760987429
-0.160012154099951 -0.019778899378311 -0.152336109063552 0.123080751463678
-0.134039582622894 0.102008587787122 -0.0360622991192581 0.148026974962004
-0.0443975698665827 0.149137272463881 0.00894493748286504 0.106456141130673
0.00212228102064949 0.145251045160313 0.0156023936182104 0.0481514975080015
-0.00905984434069825 0.151904105108202 -0.000881703888740126 0.000887087889961454
-0.0992005739358506 0.159656326432679 0.00593727770961043 -0.0718233641355103
-0.18365573025748 0.0631410595460377 0.0667934457400994 -0.103381976528078
-0.166770056965201 -0.0993105484808581 0.138401746978627 0.0183296864491473
0.0283017557359717 -0.224405526128901 0.0465740351062488 0.109810379691055
0.238584696695851 -0.0785902143237782 -0.0472817798222024 0.0812861398512803
0.242464571543847 0.129567729034675 -0.0724344910793827 0.052571604093626
0.139923871735816 0.152178660313731 0.0163924456099972 -0.186202933912152
0.183547436960958 0.0117156940777449 0.0235156777338498 -0.185530974962042
0.0973657728456277 -0.116025065274444 -0.123537103263162 -0.182850808939648
-0.0540995776016227 -0.113982331469163 -0.219212716624923 -0.0326217128318632
-0.12806542410655 -0.025217148883361 -0.17159081100836 0.124398671321025
-0.114054482042801 0.0775371001344145 -0.0682396647169798 0.178295332765578
-0.0408178874744351 0.120711350636475 -0.00572870094266984 0.160477974005981
-0.00150894714954775 0.119269150902835 0.0137027161388682 0.100846040680257
-0.00995902508859734 0.130304794339537 -0.00196692717999995 0.0494427078626903
-0.0913414755057183 0.137888734850688 -0.00234726315953023 -0.0241515088596506
-0.169335693586465 0.0458511315752428 0.0421110146410131 -0.0564788465042068
-0.142352841690856 -0.10568277451218 0.0851103770027008 0.0384410281041385
0.039917277633151 -0.199375347947597 -0.00250712250486771 0.082737028406111
0.211429140836832 -0.0666350183944945 -0.0628407844600989 0.0401246496961429
0.206295360581717 0.104146834528279 -0.119026921589183 0.000452746821976445
0.0988554520733543 0.0980441237934372 -0.0289030101378156 -0.243801623269317
0.124873639441797 0.00563350660855907 -0.0400229210178243 -0.200088391437091
0.0642880661651151 -0.0727364673923358 -0.147454548429759 -0.154204861158384
-0.0271490071436516 -0.0751677035288016 -0.215666633541293 -0.0194484511435538
-0.0784641697319523 -0.0262866235936238 -0.179956548511948 0.12078015731541
-0.0755937832893007 0.0430198564990825 -0.0906561423272504 0.197062480638401
-0.0297183036526035 0.0744089163973192 -0.0174146821109998 0.199258201855201
-0.00646328341620359 0.0745256997690379 0.0104865864325589 0.138973731563512
-0.0118697872222457 0.0885100852917531 -0.00560762269291439 0.0862017903890411
-0.0710296153691411 0.0921572279409507 -0.0135262607506744 0.0157190810657762
-0.124244339739901 0.0167326866854282 0.0119457008156556 -0.0194090995275936
-0.0876940754953956 -0.0899255508114312 0.0400435291266153 0.0348530912834666
0.0435263360566027 -0.131778187181227 -0.0197578368094685 0.0527348610439401
0.145078141710516 -0.0390468931858488 -0.06240434333055 0.0223779484836287
0.129621874737034 0.0638938752909072 -0.154036125113939 -0.0359388881346842
-0.0305916483848091 -0.0257401019006567 0.192628626302059 0.102189397602725
-0.0475271842568736 0.0077694877198274 0.11862962849013 -0.0336663649822584
-0.0313276087816769 0.0353952693356426 0.0349067781470175 -0.0576789829522048
0.0172398623459467 0.0443578196216294 -0.0349580187845804 -0.0338387475283443
0.0409552267435763 0.00890088236652374 -0.0103736147920967 0.0202650694970597
0.0323029284492913 -0.0212619281336203 0.0399101692177081 -0.0231133051461258
0.0157502190143619 -0.0286393549812683 0.0416185844646055 -0.0852284018922545
0.0143703896382107 -0.0205501996100691 0.037828889314806 -0.141173360353652
0.0187916426041516 -0.0125970294012907 0.0530606793353323 -0.181599078612701
0.0262196378122121 0.00273824815134019 0.120369696954579 -0.176412527284149
0.0229840702630065 0.0210449704436133 0.181929595934427 -0.092696960341329
-0.00124367708782308 0.0288691378074421 0.189733691863226 0.0369147993185829
-0.0349763369443385 0.0219606312387499 0.131319698267017 0.143602921561704
-0.0513531074187605 -0.00740491218357179 0.0305272788459705 0.218777489158306
-0.0286840131047521 -0.0540058588909457 -0.0028575028658816 0.294003514128373
0.046864849999583 0.0463943214170533 0.175433801898151 0.105991581694233
0.0495415079487492 0.00944075269560989 0.11967034815608 -0.0146179184301054
0.0219337861923257 -0.0329506404678308 0.041466264214551 -0.0595843516438501
-0.0241180117378513 -0.0200226116530107 -0.0360179114887888 -0.0377398177106207
-0.0344108944076666 0.00551340431201866 -0.0104370956974414 0.0301535740865338
-0.0216692555091145 0.0252752504478013 0.0492001565459837 -0.0164593908651248
-0.00297364263247138 0.0325335888992947 0.0507729420165504 -0.0831836050714299
0.00538268122363879 0.036843039584316 0.0386970198483748 -0.137150873961573
-0.00268302565328924 0.0407438929518316 0.047416125746215 -0.173343924730916
-0.0307274935287089 0.0423108369426568 0.107808808919628 -0.176406337473069
-0.0433712001369866 0.0135971002555824 0.168677297633633 -0.109218941091339
-0.0301786648025862 -0.0230260882597289 0.191178472077256 0.0196278873663254
0.00860019281151126 -0.0377459521136696 0.145020960329978 0.129620852992105
0.0381760999247612 0.00359542254144588 0.0484510280212044 0.209220027512197
0.0370758671886429 0.032546986337036 0.0108963619755906 0.289486533038299
0.103908035022819 0.110981666093419 0.139127709451534 0.0912982024660484
0.132326766672632 0.0175716466474998 0.124239225578606 0.00929928847896283
0.0753507387601987 -0.0893681371067182 0.0559382638188799 -0.084684745722721
-0.0530305278154282 -0.0830331095242251 -0.059571464624041 -0.0585511387161427
-0.101019459700912 -0.00700220952828573 -0.0383406130066234 0.0462809405639097
-0.0766811566963154 0.0616653119417204 0.0423345855009892 0.0125704673321434
-0.0261644172545098 0.0878251657348137 0.0503579465263032 -0.0578912879569967
-0.00405909006330246 0.0898286765637249 0.0349930811827015 -0.111332185042993
-0.0192357552336317 0.088940983474178 0.0360972584703744 -0.144955421184546
-0.0769906317983497 0.080647537697619 0.0846114065938956 -0.164741400423401
-0.103100591350549 0.0142880459425037 0.147726258832409 -0.125980635937407
-0.0661153976176608 -0.0663761727242719 0.194207526376247 0.00360269101251788
0.0394262301243803 -0.0993809245518795 0.147707739110696 0.124130591382146
0.123478956616794 0.00148272221399589 0.0429452267077857 0.19173292362885
0.106762880031285 0.10536759409129 0.00893568475066246 0.251152289319682
0.131781316014989 0.162996039994966 0.104128586047954 0.0556570552886992
0.187834856425083 0.0305014165356562 0.140631016198164 0.00503070302837105
0.116415980462604 -0.124173371408938 0.0532503633390983 -0.133516495466555
-0.0671436497332427 -0.129675462471607 -0.106801320998599 -0.0825443116489714
-0.145301955712182 -0.0233318462326931 -0.0828549760468514 0.0681376050401315
-0.120689452411976 0.0828884311879651 0.018931298230836 0.0545081346580772
-0.0489009317933462 0.127640597814573 0.040196929976825 -0.0129481692706021
-0.0132635611405191 0.127902116197511 0.026738807037712 -0.0662047874325517
-0.0297109082050289 0.12518218818054 0.0228791393555665 -0.102560793852089
-0.107288945102353 0.113447154573755 0.0598042228592646 -0.141623521093866
-0.149483939366975 0.0213540061695723 0.126306502362734 -0.132720005028094
-0.10441027029402 -0.0967583575459917 0.192503925016927 0.000962639636732655
0.0548881215662575 -0.157476542405344 0.129430373214424 0.128052918220908
0.192777023680205 -0.0110138590894806 0.0114588340152929 0.164035356099486
0.16763362054497 0.154904783698867 -0.0122387249983393 0.186446675997378
0.138031820783641 0.195861461101582 0.0800253764414025 -0.00709663720645107
0.213904372964021 0.0445839586782914 0.142170018582426 -0.0466063552984488
0.139090788288008 -0.135177339562479 0.0140480993345419 -0.183626157245593
-0.064336624779968 -0.151434994373437 -0.159158595363568 -0.0875782432904833
-0.162197935862687 -0.0387967945896624 -0.12639794391511 0.0883049556085062
-0.145591774706008 0.086760217608021 -0.0158561081583002 0.0967949398668643
-0.0644110813356991 0.145209918438854 0.0196660340815348 0.0447683580145039
-0.0193464063655785 0.14638603194315 0.0170645293570379 -0.00977908642685502
-0.0333909914824738 0.144903408701902 0.0121531195105681 -0.0508288627794738
-0.121980188433871 0.134081169773297 0.0379250320501794 -0.108835059170955
-0.178965939938035 0.0296344025978347 0.105594188025324 -0.119688764647747
-0.135458911957388 -0.115988181661686 0.176419319460792 0.0189887856563371
0.0611653577510686 -0.199887179472893 0.0833536979161797 0.133070869577447
0.23559052326804 -0.0259047120539008 -0.0324042584297991 0.120101539117465
0.205609146632409 0.176668456515395 -0.0455768702162481 0.109141659934568
0.130716474672987 0.199759749471799 0.0586807794483699 -0.0915831998282442
0.210948834056804 0.0485409378423311 0.108187428868837 -0.117798083302549
0.138516073059117 -0.124289594686327 -0.0432629235644325 -0.201644065440779
-0.0502470076886302 -0.147618338383891 -0.193733230083915 -0.0763165772921352
-0.152792019604792 -0.0480273279528713 -0.15905689214859 0.0969258528883762
-0.146548747671424 0.077730175468942 -0.0555555678739991 0.132637944173491
-0.068448637753525 0.140196721709212 -0.00487457474265703 0.102577381898262
-0.0236433176523834 0.142031310019409 0.00721601131469489 0.0495701594746444
-0.0331523187490424 0.145150714447039 0.00191264760819152 0.00198053545000874
-0.123363557764017 0.138164547771706 0.0200570085792324 -0.0660161626084427
-0.189325918186993 0.0288316144020718 0.0827493364025278 -0.086194326803998
-0.144453421650509 -0.129353954518993 0.135301483582751 0.0454420769970089
0.0684575478911484 -0.212856750032711 0.0226686398012641 0.118303631114574
0.245372281816529 -0.032503331017554 -0.0653262199133391 0.0659054488037244
0.211972572866985 0.170361733694098 -0.0827209073508705 0.0351790578143803
0.112028961908204 0.17000441298478 0.031105993302277 -0.176593957495536
0.177879263364141 0.040774835338512 0.0476885662846067 -0.172585765566668
0.114966056546929 -0.0966777373507134 -0.090348935283158 -0.190516648977465
-0.0321621419981805 -0.120657295095247 -0.204590522471783 -0.0606545607490931
-0.121383978486781 -0.0476311570426094 -0.179491531715929 0.0950336697242859
-0.122555719899409 0.0573946250229121 -0.0924546911895459 0.158443050567062
-0.0597549869066163 0.112308535725716 -0.0272011904615662 0.15491392147786
-0.0226625399184894 0.115448824511816 -0.00403344909909818 0.100952079732898
-0.0311086883088506 0.124134574833127 -0.00880366922067202 0.04914263877001
-0.111479968147119 0.118963008665131 0.00332379023129277 -0.0207419968258924
-0.172026726559261 0.0142524091810942 0.0498387472996215 -0.0436738884920224
-0.119888896084939 -0.130038103231866 0.0786530615970057 0.0552823832859504
0.0749459404524981 -0.184658676056571 -0.0196723144180388 0.0820569802586614
0.216443723627699 -0.0249264262309653 -0.0726429571324105 0.0233888918466729
0.180832754617128 0.140294937209444 -0.118402893115488 -0.0236221165355435
0.0807002772370045 0.110759037631926 0.00040519490013972 -0.24033935540103
0.121298136440098 0.0251883271742543 -0.00965383219518499 -0.198855942090326
0.0753617433921318 -0.0605080340534946 -0.119284047575014 -0.168580360154353
-0.013054798626365 -0.0789556920743041 -0.203607314991088 -0.0477670323246818
-0.0729490290543054 -0.0403645043029806 -0.189948747771618 0.0908736224139438
-0.0793197618153403 0.0296573870837715 -0.117703891155442 0.176729119098065
-0.0412151212768444 0.0689622584661984 -0.0444056947216774 0.192347702549749
-0.0189272076933847 0.0718025867804592 -0.014005767047856 0.137301660188291
-0.0252809036401336 0.0841099572520123 -0.0184297013092397 0.0845646521649875
-0.0839939310797595 0.0775847147691322 -0.015086174518742 0.0156081583471928
-0.123698144001638 -0.00520024475099064 0.0140165243011902 -0.0139839840271864
-0.0688002683936461 -0.104733486784936 0.0340127928406624 0.0425012044029906
0.0656516125865311 -0.118252312816544 -0.0295518725982161 0.0492589073519438
0.146511409186687 -0.0111284853159132 -0.0678153638211199 0.00772079510775957
0.113215106768184 0.0873578427956438 -0.147510678120273 -0.0643651164344489
-0.0303971440227182 -0.0266749072304497 0.195412796317916 0.10616724476933
-0.0489289162506756 0.00739348555733477 0.121739441243696 -0.0349208485713666
-0.0329530265570381 0.0358125994708531 0.0357496625269179 -0.0600919097827575
0.0175688825995765 0.045818332366996 -0.0353194499283052 -0.0347960475866801
0.0425719326518033 0.00985082474362172 -0.00957979832404582 0.0210189261342876
0.0338933774454636 -0.0217476461567906 0.0399732607730475 -0.0236130448490363
0.0167185998095956 -0.0299719720363971 0.0433467258758503 -0.0865989985710372
0.0144138121985904 -0.0207709873783517 0.0404866501511072 -0.144877396763397
0.0192848198183135 -0.012695469370989 0.0561470481377964 -0.185376364447844
0.0275361560678534 0.00323301815228726 0.124451118273097 -0.179548542989268
0.0232540765592107 0.0216230013758895 0.186758345486665 -0.0917367546594823
-0.00175878876186235 0.0297395375660969 0.193642413917039 0.0404022643667772
-0.0366132017427283 0.0222850846882678 0.131577383242455 0.149434090532588
-0.0520187931182267 -0.00804729565165338 0.0275987493783807 0.225411069547124
-0.0291702497622462 -0.0568186283311241 -0.00800342347353231 0.30003471990148
0.047583180474849 0.0479183297328706 0.177697486808329 0.10992153867417
0.0507483059796141 0.0108625271313725 0.123279260422828 -0.0148474648967579
0.0229834259834094 -0.0329547402872737 0.0429973841470802 -0.0626321010308287
-0.0241937683587654 -0.0211891772490115 -0.0369551948147946 -0.0388642477356699
-0.0356177248520898 0.00542748161137209 -0.00981010654723003 0.0314520064146011
-0.022246372914633 0.0255119214164505 0.0501120841660574 -0.0172079514488792
-0.00293266859324748 0.0330828298077014 0.0522346312059542 -0.0853729477112952
0.00531851350751793 0.0376260094198091 0.0414180110046292 -0.140910908549389
-0.00281131973658617 0.0417857276419823 0.0510678881023452 -0.176366067774022
-0.0314613501379495 0.0438093950371802 0.111390524708033 -0.178546928266487
-0.0449293904677524 0.0139941543858403 0.173076293506688 -0.109204531171403
-0.0308937386013772 -0.0244736129560632 0.195619171445933 0.0221389755603834
0.00953917119308735 -0.037831192374947 0.145692467406686 0.134931844414646
0.0399061903395959 0.0042042116091289 0.0454991101952549 0.216065400425552
0.0377571477860392 0.0327474724130488 0.00693702457224402 0.294975470989763
0.103377645864842 0.115937605530886 0.14127670314841 0.0945865802370416
0.13559175438447 0.0202451281859023 0.128939362748736 0.00985121249230225
0.0794648648211238 -0.08974978215784 0.0585333396305222 -0.0869064248610203
-0.0524738683587909 -0.0866516622753553 -0.0609640344047366 -0.0618754142898121
-0.10388459007942 -0.00814108019866657 -0.0393836574326299 0.0475676080258955
-0.079223240146407 0.0630761181867665 0.0433041699488409 0.0120491386754112
-0.026393816945076 0.0898454108431568 0.0526954175752936 -0.0591159307911161
-0.00573139599720728 0.0907848307884543 0.0371149408159815 -0.114144100191497
-0.0204495722942493 0.0908519651107794 0.0398017984771645 -0.147813490582598
-0.0790111322959171 0.0830921675733436 0.0880700731790723 -0.166543837197133
-0.105416826262457 0.0139011648012216 0.151105808647356 -0.1260035220416
-0.0674125179475647 -0.0690774827528079 0.198402771329895 0.00604111571458512
0.0417427933147779 -0.100815725900734 0.150105774477485 0.130196639328554
0.127027285048115 0.00246298910598068 0.0400338119709108 0.198257301829983
0.108399617462373 0.108670722638445 0.00410445421008132 0.255446185568984
0.130918947377613 0.168955678736251 0.107916733252333 0.0579553348707842
0.191343714747484 0.0347803919781034 0.145067491973409 0.00659703114574331
0.122052454191317 -0.126350746768669 0.0571821546241411 -0.136719489201218
-0.0670095688982855 -0.134570435560505 -0.108265046548447 -0.0867657701510259
-0.149959988301338 -0.0249008171972283 -0.0854282128020615 0.0690797557177753
-0.124326774247177 0.0841386725070218 0.019560692582327 0.0548536270980176
-0.0503940224912294 0.130730293164046 0.0407480602629807 -0.0125385517240017
-0.0153477434242006 0.129520024602218 0.028472736376553 -0.0679168067650786
-0.0312384548957497 0.127386632392056 0.0263369222435841 -0.103446412416547
-0.111219839176337 0.116180825526084 0.0620234120074723 -0.143477217518887
-0.153657903779125 0.0212176374628727 0.128291946154252 -0.133170781579582
-0.106827889833429 -0.100464299605163 0.197851325930313 0.00373971275290869
0.0581978245188113 -0.159807292337931 0.131230343077047 0.134104890317975
0.198256989338755 -0.00885159707830179 0.0090201108155757 0.169380003000737
0.170094811601567 0.160284095467957 -0.0161869089193448 0.189101848026591
0.136526678549799 0.202010147749552 0.0844856373761309 -0.00614739303276096
0.219343697853056 0.0486617251507878 0.149071670751716 -0.0463273777826267
0.144302620182002 -0.138005387785735 0.0185293450919636 -0.187578524398922
-0.0641447013056964 -0.156066823662213 -0.161772522779774 -0.0927553276733185
-0.166906375207608 -0.0409038860007709 -0.13010303922705 0.0890074530956599
-0.149816076086756 0.0891617221648884 -0.0160644895092618 0.0985509343564697
-0.0664576441455207 0.148465481417099 0.0189218132660724 0.0454149993482579
-0.0223325706160054 0.148692388179741 0.0178439600207872 -0.00986229310348917
-0.0352583518914306 0.147854461416094 0.0144319936663787 -0.051229896806766
-0.126474412213176 0.138128898399893 0.0401890969121662 -0.109221358994836
-0.184513161470436 0.0299897908287084 0.107138958959429 -0.120393422297702
-0.138589884363227 -0.12177066829849 0.180256509194493 0.0218644142426481
0.0661031124436045 -0.204466776498001 0.0841472652293915 0.138367043921633
0.241813741569932 -0.0227787534181298 -0.0353214710279093 0.122379091175907
0.209548001920987 0.183789389604609 -0.0488697471887066 0.109885359442716
0.128000191148978 0.206031796075291 0.0645585792027704 -0.0915863404025121
0.215027957545741 0.0520414964083673 0.115407612928945 -0.119133666363684
0.144438322225229 -0.125554434523029 -0.0408816298542576 -0.208353414353251
-0.0500008080151366 -0.152399290954089 -0.197127210663037 -0.0808197069928877
-0.157521917125173 -0.0503310901994168 -0.163538288030464 0.0980556726116104
-0.150468291867832 0.0795945487834609 -0.0573113528202434 0.134375947014925
-0.0705760571089371 0.14246381993147 -0.00564106520826147 0.10535242368847
-0.0256755407518283 0.144264244986408 0.00685956135280996 0.0507375552936183
-0.0354642165892337 0.148514235748904 0.00325557100594789 0.00251186192625754
-0.127827183307062 0.141961388435455 0.021397557031101 -0.0661920597055399
-0.195910543581096 0.0283923992289893 0.0833283279619499 -0.08482071925433
-0.147631970183699 -0.136278622183495 0.137935209397749 0.0486628117523324
0.074690618275595 -0.21725630703461 0.022667703098887 0.121757627449361
0.251684292864345 -0.029227849120539 -0.0676982199263878 0.0661749623416086
0.215041762707557 0.178032780495451 -0.0851743534327357 0.0341612849145986
0.10990699870637 0.17541454901619 0.0371833723174351 -0.179294503813671
0.181926310682727 0.0426140178423045 0.0547372348198559 -0.175876891562287
0.119506913150652 -0.0983867806752563 -0.0893578485022008 -0.19648014831865
-0.0322510085920254 -0.124400603286641 -0.207889253252307 -0.0650441164923563
-0.125014136609062 -0.0497340209887174 -0.184417175900524 0.0951158902637221
-0.125527877183138 0.05880941577206 -0.0952040807819226 0.160740157756254
-0.0616525690318573 0.114865093060792 -0.0295160309561143 0.157951004557447
-0.0254172799394328 0.116637396412171 -0.00478167902382383 0.103428037510771
-0.0318491363051806 0.126611664937433 -0.00772511415660054 0.0510869537868415
-0.115483259347957 0.122264859136331 0.00355111284896109 -0.0201183899267716
-0.177886417310613 0.013937342973768 0.0493012656465646 -0.0427201214510981
-0.121678547943715 -0.135734189381801 0.0800021504429492 0.0578192414612302
0.0809452934370104 -0.187838835578035 -0.0197919122498293 0.084389317423399
0.222342042183234 -0.0213419746330375 -0.0749386915744097 0.0221294757838665
0.183710371969399 0.146724621630607 -0.120802738472494 -0.0265533637307926
0.0789439757418574 0.114408091477799 0.00680524799217566 -0.244913309672392
0.123712521599319 0.0260414531226276 -0.00511633038406735 -0.203311766243578
0.0786309144635054 -0.0611364516249649 -0.118696606600565 -0.174804851953426
-0.0133589681441515 -0.0805838138252566 -0.207691484687604 -0.0517523474553032
-0.0751128089183612 -0.0409643231537725 -0.195400203604235 0.0905617542822351
-0.0812414992157343 0.0306370299858983 -0.121292745900643 0.179033256556394
-0.0422656846399456 0.0706881945759039 -0.0471587876288724 0.195832688010248
-0.0209759736334987 0.0724748092657247 -0.0152108218582501 0.14115696111254
-0.0260759927296417 0.0853368699616418 -0.0194448170831102 0.0864889113698632
-0.0875384039539554 0.0800695925207673 -0.0157993757569849 0.0171483076885265
-0.128129359379261 -0.00572424144129487 0.0122009679891881 -0.0124359358527412
-0.0690559434771169 -0.10906682996445 0.0349399432605045 0.0440852800364266
0.0701524067476787 -0.119780861675822 -0.0291716560540904 0.0506976322713562
0.149561573295598 -0.00794308422975421 -0.0695268555157508 0.00647506734557099
0.114183847072795 0.092292317512704 -0.148230513119905 -0.0675300455456397
-0.0312005933838476 -0.0268054735553155 0.203818293007915 0.104040216037752
-0.0496580056477056 0.00917531080757194 0.124984626932297 -0.0405255740209026
-0.0332063844751959 0.0379078866246025 0.0345391529051183 -0.0646399298382605
0.0197029784656333 0.0472828822759896 -0.0372456138287297 -0.0363396258258893
0.0447236579029211 0.00956768123491692 -0.00823425963198182 0.0221546243588394
0.0341543717939345 -0.0240332489191 0.0399397947069132 -0.0258134927907072
0.0169389234078926 -0.0315436589052206 0.043060783942232 -0.0906485452661497
0.0144224582269393 -0.0226498462705121 0.0383286652235962 -0.15135928836284
0.0195078817750743 -0.0135676599832337 0.0535217636748712 -0.192457396768743
0.0286086180639828 0.00313129341082366 0.123919407495187 -0.187523835340082
0.0235945323203644 0.0216927725642788 0.190032719147724 -0.099144290920699
-0.000927734448499276 0.0310334511250481 0.200096453622205 0.0369696063877289
-0.0370890920915524 0.0239706354662515 0.137443682015365 0.151498387115226
-0.053201580983866 -0.00756015539636655 0.0321249646992126 0.233644674559942
-0.0320917286318531 -0.0583712272059209 -0.00318094685436358 0.307898275727445
0.0493959060827283 0.0488572234437129 0.185811947886475 0.108228255109572
0.0527922840959076 0.0111826655412203 0.128005481006957 -0.0206225737384656
0.0234537826593548 -0.0344549562486843 0.0420081826641009 -0.0671024145289306
-0.0249336150559778 -0.021614557809082 -0.0392607102950288 -0.0394186797987361
-0.0366376895931947 0.00657457316630602 -0.0081242599505342 0.032399714876453
-0.0221713635840802 0.0268073312605488 0.0509999985735903 -0.0197790401552537
-0.0017425630025536 0.0336907072372582 0.050893771737777 -0.0889998557328857
0.00570248069092408 0.0383381686757594 0.0404254792396078 -0.146881832579979
-0.00184928445016552 0.0427620926476925 0.0481789984249924 -0.183153594584155
-0.0309791871673518 0.0466793185496896 0.110531719259182 -0.186220826537339
-0.0457851513937014 0.0155387899348979 0.174544287894532 -0.11586072525381
-0.0329257207868598 -0.0241277543349357 0.201770014816371 0.0181189933591899
0.00875567847224196 -0.0390584401900634 0.152273837215407 0.137010688736833
0.0416244449008936 0.00278648251865026 0.0514250636194149 0.223178082215694
0.0390792441821045 0.0318353466258837 0.0119942481117305 0.302501395455387
0.107891635289299 0.116304210719946 0.148531797580457 0.093892309666222
0.139809315593218 0.0185854193603996 0.135035071353048 0.00587861898449259
0.0806446517193843 -0.0946546340022764 0.0579447210458974 -0.0920942759457906
-0.0562195905362969 -0.0882945256505475 -0.0648153194415628 -0.0631369873231392
-0.108063016989428 -0.00579396436536386 -0.0379457762413997 0.0500998262258161
-0.0801337556817655 0.0674375366283352 0.0446624981886139 0.0103019643564844
-0.0246951656783561 0.0930035664549327 0.0521590469315357 -0.0623963300756447
-0.00408038793315334 0.093666406108812 0.0361429086465444 -0.119466632149692
-0.018220551527547 0.0937726111726683 0.037975734902695 -0.152902866971552
-0.0791638716487822 0.0885097703924523 0.0861769771660542 -0.173500071972394
-0.109096310717807 0.0172254900540696 0.15081299043308 -0.132965795112565
-0.0720167852917418 -0.0694513745039861 0.204863466728879 0.00161692776455867
0.0409790999618404 -0.105038316283521 0.157710946267116 0.130605779378894
0.131587141571303 -2.89746761173004E-05 0.0450162578456824 0.204217146718611
0.114828712874867 0.109475482373982 0.00890545763018333 0.261343018160873
0.136364268325775 0.171679639799338 0.113435684553596 0.057848277910702
0.197887245430213 0.0317736581272808 0.152662509892175 0.00201429548273043
0.123477135910776 -0.133183423592389 0.0561165601303594 -0.14392235537814
-0.0720495266868685 -0.137520987624503 -0.114174331235188 -0.0882685851197202
-0.156714448885329 -0.0217426975013017 -0.0849108734998517 0.0727407069733348
-0.125843615436824 0.0916234831276732 0.0209254455524311 0.0547407131121467
-0.047916476860489 0.136005347655266 0.0413334531398119 -0.0143661073210218
-0.013222867918894 0.133452935140405 0.0278546420593034 -0.0713114094993283
-0.02792542495363 0.132326130510747 0.0264373348731482 -0.107264327124912
-0.110772766889875 0.124056334161408 0.0604830846655125 -0.148070050909249
-0.15846297192741 0.0269353695000952 0.126880140624141 -0.138095779547139
-0.113849710120009 -0.101104861771973 0.203732202025247 -0.00136287237549863
0.0571150059856564 -0.167522215954373 0.138652631039519 0.13606098207374
0.204342561063131 -0.0140809562596426 0.0124107175514207 0.174694305469912
0.17962826372653 0.161813819027559 -0.0129994881022452 0.193838694705853
0.142219914324747 0.205886110127958 0.0893277655173916 -0.00738740177093452
0.226730453655332 0.0445376196651397 0.156106860782987 -0.0503978287045873
0.14695273000267 -0.145080232842589 0.0149678412837027 -0.195285779093823
-0.0705073722673616 -0.160966689840201 -0.169386874792776 -0.0928255904345964
-0.175338174432028 -0.0373106843479238 -0.130592441138077 0.0943589948058272
-0.151967699919783 0.0970582945181338 -0.014007359860332 0.100227314366985
-0.063381287908852 0.15521807964352 0.0212436520877354 0.0461855404036161
-0.0192334035133549 0.152727208121366 0.0183116779555743 -0.0108524013276137
-0.0323698937897138 0.153001680940635 0.0160020804834977 -0.0526471630580832
-0.12572759139329 0.147717361772009 0.0382909689827567 -0.112383090846532
-0.190398197247026 0.0361630838538911 0.105320322760297 -0.123926070924918
-0.147354559443587 -0.121839024273844 0.187204553365124 0.01855300418928
0.0650367055464386 -0.212347306341499 0.0905607488342033 0.140736459271184
0.250196363127935 -0.0292021628898039 -0.0343075239112408 0.126808903133905
0.221033274611852 0.184444494239283 -0.0484274998943628 0.113128325752118
0.133943094753104 0.210514223360106 0.0670108588956862 -0.0952414249047954
0.222891297496684 0.0473806128542391 0.119537282038937 -0.125068585676818
0.146492924582986 -0.13450356489159 -0.0455069985659206 -0.21491917219748
-0.0560982187777124 -0.156226579037192 -0.205817560859767 -0.0803762594748059
-0.164853509189234 -0.0465794641718076 -0.165903367239627 0.104758020660465
-0.152432893949629 0.0869726412035323 -0.0550964377292538 0.138357197124009
-0.0679097877385036 0.14995724261013 -0.00351999228537371 0.108625683133842
-0.0237489993778863 0.148019939549055 0.00861969930859736 0.0519789689759433
-0.0321254856270222 0.15344947078718 0.00495044924078641 0.00280279421799922
-0.127611425418938 0.151919489997129 0.0206779580437407 -0.0668546749338059
-0.202115880798396 0.0352686049352438 0.0814040157643736 -0.0869091062726906
-0.15703704321215 -0.137237848131935 0.143285193827107 0.0474169805107185
0.0744002976656761 -0.22611693733709 0.0272651059022093 0.125268211410038
0.260654433000744 -0.0352624199624284 -0.0692992322332938 0.0684623673059262
0.226325099942728 0.179307963326206 -0.0871927443787861 0.0359372780587989
0.115149655916046 0.178643353056436 0.0380015347955721 -0.18464969742633
0.188161630555133 0.0379285648506922 0.055185781218209 -0.182537697387123
0.120831852027063 -0.105679119033989 -0.0955184777945483 -0.201483730026574
-0.0366231314696692 -0.127264306994987 -0.216405862995832 -0.0625583547622941
-0.131217766676503 -0.0469802409138179 -0.187862158806992 0.10225257717965
-0.126721949757307 0.0652448893634307 -0.0931745182278581 0.167139485594226
-0.0593276258730578 0.120352891848518 -0.026151704557928 0.164028075826126
-0.0241983397503588 0.120541067248443 -0.00259538231855944 0.107203476058099
-0.0298377161184891 0.130949524832365 -0.00553996820163163 0.0531191463775991
-0.115654873501937 0.130974587959673 0.00249636876835489 -0.0187575498627473
-0.184429036792448 0.0196993361306408 0.047849958130654 -0.04255153749277
-0.129841665703989 -0.138032315367747 0.0839484994347224 0.0576703190776042
0.0812937082478957 -0.195959695826322 -0.0174509981387008 0.0868896108601502
0.22872957344556 -0.0259847309368512 -0.0770923161456398 0.0241453084957226
0.192450651107889 0.147352337883445 -0.125187493850333 -0.0251078729661202
0.0817628800829269 0.116836453799074 0.00484225684109762 -0.252444423957519
0.127623493311235 0.0221765566775871 -0.00745827605686233 -0.209981121109786
0.0792632748869227 -0.0661384855549084 -0.125285578453092 -0.177294272315946
-0.0162880297975109 -0.0828687987168465 -0.215403332706737 -0.0490262069522014
-0.0802399212084282 -0.0404614535005835 -0.199872558338807 0.0979161178091037
-0.0814765696858827 0.0342968678570642 -0.119869679663483 0.187149125471167
-0.0415031531728641 0.0743524554186668 -0.043105246704438 0.203495789213312
-0.0212794557413605 0.0746860461082326 -0.012477382642176 0.146523619620023
-0.0236991566697936 0.08840011149506 -0.0167935750037033 0.0896966088775338
-0.0876863756033243 0.0858526082013178 -0.016054737136905 0.0196545951796809
-0.133329601582266 -0.00254139464642093 0.0104367342466916 -0.0109732695313113
-0.0749813041134529 -0.111174348674168 0.0375768951095693 0.0443192405870329
0.0714593408340248 -0.125037981159475 -0.027443780017704 0.0526820494279452
0.15359734438103 -0.0108285879609111 -0.0723960006093501 0.00850038237930443
0.119638465220787 0.0920490799863995 -0.154390350368338 -0.0649714446620547
-0.0321328055079949 -0.0261440137057016 0.208707598674652 0.0946684466895659
-0.0493415160902775 0.0121917586978765 0.124351314975092 -0.0489470340072895
-0.0316875405774606 0.0404597517878042 0.0309000680400863 -0.068868144181729
0.0227442429619796 0.0463557366644778 -0.039170624260526 -0.0339127554116849
0.0459678708655914 0.00722089797527505 -0.00603162278119835 0.0223715555060348
0.0334974362658759 -0.0262671414630166 0.0382163839340395 -0.0282460316188487
0.0150159530855444 -0.0335715785601346 0.0391783051168083 -0.0931852868274018
0.0131913194114874 -0.0235977066371066 0.0313825921358715 -0.15454134105889
0.0192213157786558 -0.0145143721321674 0.0440158526179601 -0.196378719222663
0.029568767771256 0.00164827526089177 0.115092439653753 -0.194179446646129
0.0251643976722151 0.02050229583758 0.186547641508338 -0.108547524051995
0.000793699106064702 0.0309117257510129 0.202189236427908 0.0282297777577195
-0.0358194106209523 0.0264579759257729 0.144129202934999 0.147169043907856
-0.0533356170438448 -0.00557104680132458 0.0422740909594525 0.234286375864196
-0.0355618360421792 -0.058289688363229 0.0100038050597619 0.308609543115171
0.0514403064489969 0.0467050923404117 0.191881258608554 0.0998386552029855
0.0535910008003054 0.00939883847737614 0.127562909239437 -0.0281748458783665
0.022172811229549 -0.0354272564739813 0.038462880213023 -0.0702319859679594
-0.0252866589235729 -0.021677896254444 -0.0417358976604792 -0.038299960165416
-0.0362074488190209 0.00889177035121128 -0.00534520488418862 0.0324274875998339
-0.0214946548616558 0.0285144070862998 0.0492057813656757 -0.0232710137582847
0.000217026176937609 0.0329792938330915 0.0477114565587072 -0.0928891048789067
0.00778282267074024 0.0380222511871766 0.0330562796279041 -0.150289103439888
0.00025343886573366 0.0435717110360627 0.0403677832563608 -0.186960742363256
-0.027902418637598 0.048521694863892 0.101729871848979 -0.191831167003903
-0.0456063257215451 0.0183596825795197 0.170319632664853 -0.124336582587665
-0.0341952933444637 -0.0229544476867583 0.203115573465384 0.00894496385263118
0.00723171781638268 -0.0394639756282832 0.159443390492499 0.130464083734057
0.0421048149861072 0.000362351759665831 0.0612365601190268 0.222643479477943
0.0408800225736265 0.0300688481072238 0.0244509852162684 0.301657473808989
0.112015793462292 0.113130641767255 0.154536172553645 0.0872416656927566
0.141463359841916 0.013136171532426 0.137057483176526 -0.00160246838380977
0.0772459296195893 -0.0979238751812763 0.0538918881266268 -0.0959656536403159
-0.060151716230814 -0.0870680079729229 -0.0683130922232775 -0.0611081396352671
-0.109406848139832 -0.000210598509087861 -0.0349576270911634 0.0514590177204619
-0.0772131876112242 0.0730154771674795 0.0452778831915448 0.00694639194456395
-0.0200939052398298 0.0943536238940797 0.0492278753007669 -0.0654029784099147
0.00013309847438804 0.0940937904356691 0.0301894783971711 -0.122302405093871
-0.013617209697872 0.0954393916196178 0.0320762218015917 -0.15583669868554
-0.0746696954971067 0.0940824491074353 0.078307941234989 -0.177648090810537
-0.109354252476952 0.0236369077691297 0.144294505737842 -0.139139839988918
-0.0762128704680946 -0.066344528775401 0.205756222687566 -0.00884105207559948
0.0361656460065652 -0.107087866750729 0.164122300733071 0.124323304168475
0.132927471214491 -0.00688728350132026 0.0541154585736621 0.204531038734512
0.12054147997491 0.10337319632016 0.0203656071379113 0.260365971599127
0.142431311011755 0.1673264364312 0.11853380513672 0.0523171072733612
0.201038127349336 0.0232373435810965 0.156286483860759 -0.00617663934853093
0.118953202308489 -0.139920599884716 0.0510288008852444 -0.147807912620248
-0.0789529145275899 -0.135935299389509 -0.119519347139013 -0.0837436567308506
-0.159395397331996 -0.0133514795013905 -0.0811390831318078 0.0767430558958143
-0.122138405666046 0.0996993610532316 0.023753902108823 0.0523764749855761
-0.0404610901209679 0.138237377374947 0.0403273255703286 -0.016550359621707
-0.00687703772143845 0.134335051492027 0.024836357655817 -0.0733894363365154
-0.0214912462495948 0.133970685960776 0.0222685050738553 -0.109250579454438
-0.105135596976779 0.131865134270945 0.0535409453991251 -0.151080347599751
-0.158570887048388 0.0361069897581424 0.11970479807693 -0.142953396865837
-0.120047373522392 -0.0957464468904423 0.204715625823143 -0.0107631722473248
0.0498369571805557 -0.171001384610891 0.146334186508891 0.13026277105966
0.205478993964463 -0.0241320976073735 0.0201277083952841 0.174597244378953
0.188503472165796 0.153639572014437 -0.00552487581292814 0.192649129109645
0.149526757789843 0.201969973429255 0.0919344548790049 -0.0113358042838446
0.230734863746114 0.0338670247339796 0.156877262998962 -0.0590205388810753
0.142175277538282 -0.154300544212633 0.00763781187583375 -0.198334592378049
-0.0787108849978215 -0.159019522905953 -0.175812788083635 -0.08664546683657
-0.179022485383646 -0.0276614053281304 -0.126864190156271 0.100625283572457
-0.14736275241936 0.106532753448962 -0.00911873522075247 0.0995281288761292
-0.0548029119414309 0.159274340018173 0.022543433345215 0.0458938132325545
-0.0124378881612293 0.154066260053478 0.0183546538316591 -0.0119191236669361
-0.0239821185935459 0.155052894760865 0.0144539266872894 -0.0536829831361539
-0.118778023675654 0.156519889959289 0.033099381864419 -0.113654570662046
-0.191456046647225 0.047722012214193 0.0978248362748052 -0.126931580203257
-0.155796375508473 -0.116270782349223 0.189010470529079 0.00954470311439517
0.056464046055788 -0.217841665992129 0.0983043841962502 0.137502381529709
0.250834977179789 -0.0408254224831801 -0.0299296228670843 0.128601047453164
0.230721428044056 0.175181590256746 -0.0442981907119615 0.11375509739572
0.14156524299224 0.206624700113779 0.0660920716080019 -0.0985898441028471
0.226279399703609 0.0367185146923002 0.116397501619704 -0.132220967141698
0.140570688773349 -0.142578335944788 -0.0550855152481563 -0.214568060043232
-0.0647847757827634 -0.15467533547307 -0.211320436218201 -0.0719887816673384
-0.169116634290803 -0.0378759246585624 -0.161269928112281 0.112633122190646
-0.147803345979273 0.0968172400835009 -0.0483807821213078 0.140350191063024
-0.05998848501006 0.153343927364089 0.00126765132384929 0.10932717186752
-0.0178520748794648 0.149733305083214 0.0116657926370846 0.0521408619915053
-0.0243909020207213 0.154720674618271 0.00712577869863574 0.00251156350954577
-0.120688747211171 0.160511118538638 0.0177589674294121 -0.0670401202446831
-0.202905023288454 0.0469989790374613 0.0760640271516057 -0.0884000579588052
-0.165623354130782 -0.1311293162327 0.146310649835979 0.0404702650205483
0.0652453236211465 -0.232174857246998 0.0336398828879483 0.123298755445393
0.260792116399672 -0.0465046543945656 -0.068255429164583 0.0716564560906509
0.236186133893793 0.168931432928031 -0.0871631067206397 0.0386579161151179
0.12159932488216 0.175546822840657 0.0333584037953543 -0.187428547958028
0.189315532701448 0.0283144522497381 0.0496239621722937 -0.186429569166581
0.115968504064251 -0.112749956537434 -0.104478061481745 -0.198801898038313
-0.0437435289876771 -0.12604591078024 -0.22075850388303 -0.0532983093483846
-0.135457625806003 -0.0400369588818579 -0.184086282118136 0.111348026118216
-0.123245247246006 0.0723956423380058 -0.0849796305756629 0.172142164096971
-0.0522209127078979 0.123936451581326 -0.0181597849369345 0.16637543452045
-0.0194221227713341 0.121781733635271 0.0031034885401885 0.107951050478441
-0.0232408920314785 0.131864064003811 -0.0016267717632574 0.0534769612007411
-0.109935898874997 0.139532956116036 0.00256845024497902 -0.0176291311631181
-0.185600876393586 0.0295639677323216 0.0440762375315913 -0.0416068978930688
-0.138513473567079 -0.133384600463513 0.0868609346484589 0.0539375814039905
0.0739988280108454 -0.200496202426546 -0.0123129764968592 0.087154929713497
0.22866738847618 -0.0358035671547627 -0.0771681142709946 0.0276935337906552
0.199989389764898 0.138906610338225 -0.126606458315482 -0.0201412347286736
0.0855564250325419 0.114884326491765 -0.00330515943735252 -0.253697376502565
0.12841246338045 0.0152653452668056 -0.0143503553999039 -0.210961121330202
0.0761215220104082 -0.0710551177421714 -0.133315431144118 -0.173598058186947
-0.0200832347017486 -0.0819206277938627 -0.218845889733701 -0.0392872134900836
-0.0833228727135844 -0.0355369755414598 -0.196650047630132 0.107775802124467
-0.0790289649000961 0.0391502840306626 -0.110894263178665 0.192631569149639
-0.0366873739319286 0.0767969653638239 -0.032918856048384 0.206489001680829
-0.0188557046704061 0.0755976245892548 -0.00571134662127053 0.148071679309033
-0.0197513160116065 0.0888364263737982 -0.0112634497024533 0.0919128097106131
-0.083611479598566 0.0921697789540169 -0.0150242734508632 0.021896464409553
-0.13550467436616 0.00440334612527932 0.00862347239225625 -0.00935138370223347
-0.0816149899462241 -0.108832266423128 0.0391896204277703 0.0424691938357859
0.0673144454420089 -0.128991318323567 -0.0241460669346592 0.053868283375131
0.154203703923136 -0.0168787126475733 -0.0727789450081489 0.0121693521332483
0.12469294001135 0.0868420787495638 -0.157033860612228 -0.0585590571034518
-0.0316145753326296 -0.0246444257895085 0.205228022954422 0.083222649517651
-0.0472203794485325 0.0141623158535866 0.117772669880229 -0.0543094333684963
-0.0290183152673117 0.040628201897449 0.0264524593773278 -0.0688894945768736
0.0244371086193083 0.0439291268292344 -0.0392827839012926 -0.0322704464972084
0.0455132644444411 0.00481177077250664 -0.00429206474222963 0.0217373257866098
0.0314546919622552 -0.0267926215535833 0.0348173951928982 -0.0294115437956696
0.0130979302881705 -0.0343247987534914 0.0339601643802806 -0.0928841456197403
0.0124311205792852 -0.0238608365379069 0.0244439009311129 -0.152387314196409
0.018495887239722 -0.0144337867412653 0.0347260917984162 -0.192475061662461
0.0285759164070569 0.000346582636956475 0.102752598071601 -0.19357605470461
0.025006990531708 0.0187051243237072 0.176589126724698 -0.111815157496365
0.00177169617573909 0.0298419827752495 0.196944311024779 0.0196764801815204
-0.0337794164804908 0.0273138552326485 0.144606405577228 0.138229450184869
-0.0517905717559263 -0.00419397697107282 0.0495762974893161 0.226848546046742
-0.0377024079466217 -0.0557103863359107 0.0199108911552826 0.297511597238766
0.0508575371237729 0.0433377743360554 0.189458826385863 0.0884465787199596
0.0527849677683779 0.00827444193601885 0.123168514559529 -0.0347312209890269
0.0213424648202405 -0.0347527461473527 0.0337174414203823 -0.0709827213048056
-0.0251051866479498 -0.0193715582294904 -0.0424816117649953 -0.0359461695451058
-0.0347419580814919 0.00984944720016799 -0.00323008738134377 0.0314089003460234
-0.018999280595024 0.028901421167889 0.0465846200197242 -0.0247300421855866
0.00153051707084509 0.0314295910622505 0.042248440971141 -0.0915663972511157
0.00895367775059953 0.0358398591563497 0.0266622358308401 -0.148315218793304
0.00268021697549946 0.0418115885885949 0.0321965346555319 -0.182084608584362
-0.0248728477298469 0.0492257527784944 0.0901942622190285 -0.19044780534411
-0.0436124222456731 0.0202867816871249 0.159326669531215 -0.126378083343617
-0.0341660777991437 -0.0209441597976224 0.196975519596848 0.00104293296887316
0.0061253520735622 -0.0383815681754989 0.158699246359658 0.120767629986072
0.041211110908765 -0.0016165675541301 0.0677211210238482 0.215189623844932
0.0403344785403832 0.0266453926163402 0.0329496483798769 0.289805752638585
0.112077373929418 0.10567535767939 0.153477762827448 0.0783744619089339
0.137332014130265 0.00820842385908452 0.133642453808932 -0.00860434205536038
0.0723776474151552 -0.0977816592967704 0.0493881600698627 -0.0968039836579004
-0.0616495171068769 -0.0825939913830255 -0.0693032369968752 -0.0575020161990615
-0.106548677393918 0.00492903128202863 -0.0310709432523939 0.0512377834288426
-0.0719552742591385 0.0743203935793965 0.0431681516893569 0.00394651569754345
-0.0150803450040598 0.0910842600248944 0.0447545049760668 -0.0657197908067487
0.0038295217919965 0.0905134465551391 0.0252890587617708 -0.119615333526525
-0.00932635007030348 0.0929212342299715 0.0256331075237659 -0.152658762097092
-0.0680032061430974 0.0958199004578235 0.0679413197222519 -0.175306562290717
-0.10539098252661 0.0284897163469408 0.134162109497169 -0.139309330386155
-0.0763586963596248 -0.0609458344123362 0.199167428894634 -0.0160828805344596
0.0313640650949571 -0.105978914618142 0.163149426324932 0.114111092859387
0.128898207279915 -0.0122540407973463 0.0591568770113279 0.196559705062303
0.119963174630881 0.095258010474311 0.0271266175826516 0.249505024956365
0.142205720817424 0.157488484177068 0.118823042604071 0.0459989808247454
0.195054862762153 0.0157248141350945 0.152997354454579 -0.0125645549285501
0.111375842903683 -0.140383443908046 0.0438457923275089 -0.1463221073525
-0.0822425802085287 -0.129710570871027 -0.119976615152977 -0.077854372372156
-0.155761198553335 -0.00591562938925502 -0.0754385247579294 0.0775253344431471
-0.114229145241229 0.102368329191814 0.02444664349646 0.0485145179482397
-0.0329711782389211 0.135187752025327 0.0380184183843133 -0.0176059447635348
-0.00157064298779831 0.130546774138907 0.021432919607581 -0.0728181498648991
-0.0154329172769667 0.130782119810468 0.0187341541913182 -0.106733863149173
-0.0952051184862315 0.134146131748948 0.046406215819643 -0.147898213945303
-0.153680282618372 0.042586127786369 0.109249708815388 -0.141124889092504
-0.120066684926868 -0.0881240055634746 0.198391695774849 -0.0185189474263008
0.0430680623737177 -0.168435776291832 0.146833619461377 0.120603710591553
0.199948255948344 -0.0318696657542937 0.0237827230351799 0.16896307042365
0.187604401877271 0.140567341065472 -0.000495131230880504 0.185817502227523
0.150285881929009 0.191695956144569 0.0909682431327722 -0.0153662022309597
0.224210187101334 0.0252291855447907 0.152340238740724 -0.0646799259704826
0.132283510524512 -0.155394567323278 0.000313725763825914 -0.194223863061916
-0.0824588847214198 -0.150746378463364 -0.174720450332753 -0.0780119860945096
-0.175540913368179 -0.0184128889049191 -0.118778788922145 0.102585405714074
-0.138180903110423 0.110739186977736 -0.00511592916609867 0.0956117833887023
-0.0457766793256623 0.155924137822856 0.0233867670924224 0.0433626533957438
-0.0071563617169361 0.150041445379863 0.0172950070261015 -0.0130558340601007
-0.0177349329486717 0.151046913406753 0.0139656052056172 -0.0533719769336422
-0.108044459652541 0.15867702089453 0.0284333808153245 -0.111407110904576
-0.184644413293504 0.0554773224433697 0.0892751972460487 -0.124142922558537
-0.156436176560169 -0.10597709482328 0.18375824408695 0.00225663245467871
0.0481394034515791 -0.214336730700644 0.10005205679216 0.128616460043127
0.24309846155213 -0.0488393253364735 -0.0258751842919215 0.125758798589994
0.229790780687152 0.159960509549745 -0.0406973288093854 0.110667286978999
0.143447785487538 0.197223308886679 0.0628846272023194 -0.0989882924675056
0.220226075941092 0.0270389641974851 0.111403645664053 -0.133706379867291
0.130997259775751 -0.143785833604657 -0.0606834599183834 -0.207369068768009
-0.069094624258748 -0.14731530524758 -0.2084798343031 -0.0620348141075413
-0.166844353152543 -0.0287918593684859 -0.152440346106627 0.115913764451953
-0.138690022616564 0.100627169737322 -0.0416955154795457 0.137389943788621
-0.0505259307502749 0.150976458360936 0.00571263089803004 0.105745299023039
-0.0117038549294391 0.145966284832265 0.0136585105786907 0.0498642478679571
-0.0182890943310445 0.150664203519567 0.00824145051917784 0.00212431573867307
-0.109275819194938 0.162992127435554 0.0154193755137349 -0.0648382516508469
-0.196301953566481 0.0549689796708731 0.0698993200565339 -0.0854164389009757
-0.166816315611786 -0.120218739477972 0.143511267022558 0.0334180758667034
0.0566701402218271 -0.228755879224527 0.0376166716837452 0.117658577859036
0.252032322603544 -0.0543271462931464 -0.0642216654551097 0.0717150900529057
0.235116953775451 0.154703678187207 -0.0838248706803463 0.039621840435865
0.122588428173182 0.167882690522839 0.028133716040385 -0.18328978294102
0.183596402519151 0.0191758194880518 0.044424596590228 -0.183825909259422
0.10806142181402 -0.114099989759437 -0.108633762449142 -0.190445749691434
-0.0470787595361491 -0.120351492365653 -0.216710653634038 -0.0434609290549869
-0.134293857156865 -0.0316288282605124 -0.17469948519851 0.115655163465189
-0.115320635815985 0.0757604178005333 -0.0762279341316957 0.168644543391303
-0.0446761502712442 0.121810167585165 -0.0114529827105059 0.161549692617098
-0.0152394072368864 0.119532922596204 0.00726166309937275 0.10443531584286
-0.0170195312612067 0.128514452842318 0.00195191981042439 0.0522472737747552
-0.10023599549664 0.140783177369845 0.00252184264928711 -0.0160473210475844
-0.18068036574754 0.0375065705520508 0.0408855842271453 -0.039282803461215
-0.140032200958325 -0.124510715753493 0.0862229800172502 0.0494939090528135
0.0665454444511322 -0.199136895394702 -0.0085802474422905 0.0840239226123867
0.221453888290703 -0.0417587615563814 -0.0755706891318595 0.0288096611863012
0.199238948539799 0.126968003387119 -0.124632847460562 -0.0151904225626113
0.0855289170112369 0.109336541580875 -0.0102298737915235 -0.24607962025937
0.123341913686992 0.00913942198378863 -0.0199558069125919 -0.20493568938311
0.0706108723721359 -0.0719310784173867 -0.135897716751905 -0.164451385187818
-0.0225507014118658 -0.0778961431239805 -0.213694181748893 -0.0305024694491672
-0.0827745444964701 -0.0302005586774052 -0.186112902282098 0.112137201173923
-0.0742517873217945 0.0414449004851316 -0.0999005340285431 0.191361503962132
-0.0313895036701835 0.0751686433992201 -0.0228658166696633 0.201436729953884
-0.0160174092549647 0.0742519098630377 0.000920740106936526 0.14419837889947
-0.0154092353970962 0.0863102179296745 -0.00713408525537142 0.0894865153622456
-0.0768649185603598 0.0939453657764023 -0.0138516798991072 0.0234130431182282
-0.132281308018327 0.0107180059605838 0.00699773996989677 -0.00657952692505998
-0.0838809115299283 -0.102890248675742 0.0395823631969767 0.0401227913686495
0.0616295709633695 -0.128242580490551 -0.0208760280161214 0.052433364774894
0.149036888893032 -0.0212998240528625 -0.0710450771762971 0.014645237604193
0.124335941414184 0.0797658497073835 -0.154305790438265 -0.0513207717361412
-0.0258821599256639 -0.0274362317714706 0.181955206916805 0.0988445702812029
-0.0452559027425726 0.00707029621572323 0.115650315311182 -0.0404068097475477
-0.0322224653938154 0.0337847336526919 0.030057281219665 -0.0632428748876911
0.0157325443004022 0.0447595044477095 -0.034459919221926 -0.0339818550633172
0.042227481350277 0.0120709409293138 -0.00671211451033298 0.0210630824280219
0.0331067112022209 -0.0206600429564283 0.036891135751514 -0.021892090675286
0.0161457782370365 -0.0315213160869928 0.0443610973218018 -0.082805116959092
0.0145290885718248 -0.0217052801529437 0.0432010583134422 -0.142035558378244
0.0182131780663343 -0.0108356072307914 0.0584449079393982 -0.179690366633299
0.0261135483519857 0.00424259839167015 0.122473856338864 -0.172295333787623
0.0191394854640736 0.0212351926626819 0.184711306177312 -0.0861198294060505
-0.00487135770006287 0.0274211561882354 0.187549363061183 0.0448474196822021
-0.0347386226024793 0.0196438806622286 0.121178861571664 0.152849768458309
-0.0483245759100537 -0.0126847442639688 0.0208822381183384 0.226754556733335
-0.0284457038829013 -0.0601931829511688 -0.0185973184468798 0.293901779522764
0.0415139070635512 0.0467594971679603 0.164325144205968 0.109122127344961
0.0474392922833699 0.0156889120535627 0.121108703595105 -0.0165206374818974
0.0250547129641111 -0.0286145152374977 0.0431656576773709 -0.0637963986065278
-0.0196693056017732 -0.0226989495416492 -0.0341426963766602 -0.0400375977118775
-0.0340702922975255 0.00355382285462091 -0.00633509307583135 0.0267839038317716
-0.0222738449503766 0.0248764311033141 0.0446245275752023 -0.0189103386065025
-0.00337767670301339 0.0292360320622509 0.0514797314522517 -0.082175967996706
0.00339424439651397 0.034898973225748 0.0451983039175578 -0.137905775033009
-0.00405837878246859 0.0412485310046818 0.0552337672817205 -0.170189155016945
-0.0311494555601279 0.0440756314547272 0.11224993607978 -0.171168539706398
-0.0465637463271044 0.0139857928020562 0.172286478314046 -0.0996395662199704
-0.0333432363883031 -0.0265897397210954 0.192391381178789 0.0273192661351182
0.0109066517908137 -0.0387146349133528 0.13561077499401 0.139905699330558
0.0404516471155116 0.00182709330354262 0.0349515537012812 0.217139781613671
0.035602790024243 0.028592151104798 -0.00995101904761571 0.286062722893185
0.0879496498171904 0.113776963639776 0.129807833642175 0.100823386644107
0.126033570321149 0.0289079812517851 0.130917779409194 0.0130844863072924
0.0830024990314305 -0.0796112862741087 0.0650278176326497 -0.083947756968267
-0.0437685170306076 -0.0878947339269888 -0.0537608876714505 -0.0641744811237083
-0.101808135969267 -0.0122079078867662 -0.032850389822206 0.039104877583305
-0.0782245107720562 0.0602103204305988 0.0365173013866289 0.00658390381234962
-0.0270426550155209 0.0835122803799149 0.0499286709733646 -0.057745393475422
-0.00871320246714904 0.086816557300452 0.0410286948979731 -0.11143262592762
-0.0225442624850232 0.087205809769059 0.0468601713148107 -0.143713192202848
-0.0780133226809285 0.0824024044633967 0.0920309567839592 -0.159835710910483
-0.106370216445586 0.0134339482688102 0.150774198303075 -0.113900822553138
-0.0687294054005865 -0.070045600330701 0.197313336829823 0.0117495114147121
0.043525254572395 -0.100673523517118 0.140175133092113 0.135999427126787
0.126025678913145 0.00310072858862499 0.0252750124063855 0.199157764047345
0.104113553374028 0.104966011154494 -0.0156861315304803 0.244802357477638
0.109002474913392 0.166636114597863 0.0991923940681883 0.0695031448375544
0.178430840952971 0.0440170215520553 0.150920170537471 0.0149403741699412
0.125251785260073 -0.113923740178545 0.0702287407915515 -0.129886054753261
-0.0560099165058328 -0.134775888186646 -0.0957203083393781 -0.0904420791572728
-0.147025376606711 -0.0296117002301671 -0.0763033152732786 0.0561588601871104
-0.121601055611021 0.0806445417903089 0.0119924217672601 0.0441064572050801
-0.0485028773640923 0.123532599518392 0.0378825534797466 -0.0140878655135476
-0.0197907285096751 0.123843987624736 0.0312912964565327 -0.0662552896381957
-0.0328615918944754 0.122123769400917 0.0352124933125757 -0.101170106319182
-0.108941867947682 0.116217159642235 0.0686720025980399 -0.136940314098114
-0.154038768382205 0.0214179689411787 0.12933637420325 -0.118788251737765
-0.107791227970665 -0.101848339587581 0.197941719081731 0.0102065762107569
0.0633404891471517 -0.159843522145346 0.121623068177326 0.141371352630958
0.196696422018456 -0.00591438399473105 -0.00810604355883019 0.169253098718311
0.163865935966652 0.157703674824002 -0.0374246334372093 0.178338467359073
0.111459503226694 0.199199085084116 0.0799079725948714 0.0111117851956265
0.20400266002524 0.0563343391103926 0.158456020606295 -0.0320732453040243
0.146740245416533 -0.125319070103515 0.0367426788197081 -0.179334650420754
-0.0538428946553754 -0.155571927033434 -0.145643620174166 -0.0978580554743405
-0.163594017384689 -0.0450450506826227 -0.11889986986066 0.0734588124688081
-0.145447363917604 0.0841134866591827 -0.0223748076718831 0.0844550373469166
-0.0637343843982463 0.141233111893822 0.0164872021339001 0.0415559695943609
-0.0277954810602979 0.142466672481332 0.0197360256354436 -0.00909281762839535
-0.0373922264281949 0.140483736228555 0.0232126873652169 -0.0513195460755445
-0.123999849445325 0.138593721870555 0.0478424384283243 -0.10420799204702
-0.185537315042971 0.0289451707780086 0.108736448818209 -0.104553380371921
-0.139240326718052 -0.124637309319391 0.18247643664244 0.0293463764230572
0.0747028419739469 -0.203401822946044 0.0760759372408127 0.144215741134237
0.241594716517726 -0.0163330315181227 -0.0540332253617623 0.120946053843316
0.201071047486253 0.183367269678306 -0.0682368522420507 0.099779606214658
0.103925593808714 0.203491071468464 0.0644161933037109 -0.0705941756289729
0.199587324752571 0.0569342968997076 0.128996762582517 -0.103114708456861
0.143786008067255 -0.115391604091267 -0.0197588245439383 -0.199422874286255
-0.0405816894908435 -0.149960627438043 -0.179373448848448 -0.0861267362924203
-0.153391511698931 -0.0530632512063852 -0.151769952416904 0.0820859525549232
-0.14372402828009 0.0739352042015945 -0.0615929222844651 0.118182520100176
-0.066153930961473 0.136014017970325 -0.00786912879947854 0.0986231161004462
-0.0318307011391253 0.138513811428552 0.00754893231887113 0.0498475551340405
-0.037576866757815 0.140525214139574 0.0110774391840278 0.00124102100320623
-0.126304204984472 0.142421912451376 0.0295097438433996 -0.0611100435295888
-0.197505347422808 0.0268157077898589 0.0851114621210093 -0.0691617709673792
-0.146393349657158 -0.140340482597921 0.13925310078687 0.0553350398548087
0.0857565610106752 -0.214733935708579 0.0153277735026886 0.125016990124468
0.250597818203164 -0.0193191811110113 -0.0848961880531402 0.0639224221823371
0.206879141233604 0.178694854288082 -0.100933771409352 0.025531871311822
0.0891545817834331 0.173291702694755 0.0437401349501665 -0.156248969289269
0.166713844286282 0.0443469882080693 0.069849681531542 -0.160180833743022
0.117213985949441 -0.0905502026892311 -0.0688894485664258 -0.189611659536243
-0.0247404069131938 -0.120838399118315 -0.190327956343291 -0.0693071131624761
-0.121880771277688 -0.0510532250581233 -0.173160911212999 0.0812308483890014
-0.118061727028526 0.0534479157565543 -0.0963700248439989 0.1450351323347
-0.0571689751460983 0.109125153671621 -0.0303749935112631 0.149419214154922
-0.031510728383937 0.113039870321956 -0.00589439611424406 0.10186673486871
-0.0338309101191942 0.11943037412061 -0.00224975475992357 0.0489391141639407
-0.113817301376373 0.122023749143492 0.0100242572896671 -0.0154259916180773
-0.178988037535685 0.0116823462715849 0.0507815072051336 -0.0282736265876915
-0.119096727311193 -0.13997446446979 0.0808725921114652 0.0625927257690998
0.0917583076989397 -0.183408010345693 -0.0243714165235232 0.085147934884934
0.218596276889384 -0.0113019922473588 -0.0877999975859021 0.0205615141188802
0.175963749652849 0.148306180538089 -0.130052644029116 -0.0318289526055355
0.0629945390129916 0.114256743533943 0.0183401103940269 -0.223142197158452
0.111508740927616 0.0255639175506606 0.0112738451913892 -0.190138675630175
0.0755629212316625 -0.0567569335621118 -0.100659010625317 -0.169689167532508
-0.0084902329091022 -0.0772513841452247 -0.190396664415576 -0.0551043235980878
-0.0741600590033813 -0.0416312727130718 -0.184786056872225 0.0781528240556546
-0.0747028680656186 0.0265226693861317 -0.120078899528255 0.164772564945909
-0.0385801802730156 0.0672436945814401 -0.045839917604143 0.186206153727622
-0.0263791936837315 0.069875681599162 -0.0176985108391041 0.138313917734576
-0.0263942381280492 0.0787629772093875 -0.0161955720341839 0.0835961476882104
-0.0858116571349049 0.0798379776834804 -0.0120385084298189 0.020499326029
-0.128253682389505 -0.00744834945711884 0.01216140098102 -0.0010038164734432
-0.0671476088796322 -0.110944211798412 0.0357577173528181 0.0466289392838286
0.0774279353000931 -0.116048352384887 -0.0303241278206243 0.050887462081257
0.146685720270099 -0.000223263460373688 -0.0776814567833851 0.0061566570843032
0.110061123691781 0.0935756332108487 -0.15043396899873 -0.0708289041036299
-0.024757602770839 -0.0284500087334532 0.173867873144047 0.102995955327804
-0.0440687071804777 0.00562261704633996 0.113691640761881 -0.0372470030013063
-0.0325133060522402 0.0318996864384633 0.0307931356740013 -0.0629662842465835
0.0147464366951639 0.0443218041946344 -0.03246256427025 -0.0355286380609538
0.0415642213336008 0.0126234571931184 -0.00594740486404505 0.0203007926269805
0.0333390233567075 -0.0196430147858364 0.0364324445637608 -0.0199248344692091
0.0158257210663509 -0.0314669970755055 0.0459416763348759 -0.0805736383086746
0.0150802964434333 -0.0213116172861268 0.04690841798274 -0.139671813246972
0.0187581318440161 -0.00979019503382651 0.0629784799150384 -0.174391816816089
0.0258372736291244 0.00523811496442662 0.124838925593102 -0.165613923662901
0.017919436199058 0.0213114889971965 0.183265171276899 -0.0790019405747841
-0.00526820555456672 0.0263749328727734 0.182156354357008 0.0497928620096999
-0.0350668924872071 0.0183288991175489 0.113119349298551 0.155159079975945
-0.0469290605578571 -0.0147552143501 0.0123055644903678 0.224213540212335
-0.026335333563678 -0.0604000311037761 -0.0297495271738209 0.285630426657183
0.0375694966081014 0.0475221282391575 0.157062392908079 0.111274737238298
0.0464195626128645 0.0177843614761629 0.119247554124928 -0.0142454136433215
0.026263360238048 -0.0273977613259781 0.043270097417196 -0.0625817150464684
-0.0184475941826968 -0.0233450911400142 -0.0326981138918056 -0.0406207520801835
-0.0340280284109621 0.00300679325505721 -0.00615386842372173 0.0263490850525103
-0.022798411947881 0.0236686598507981 0.0437417783104671 -0.016892345495858
-0.00467807136918178 0.027284360149587 0.0529056566923276 -0.0792179313007734
0.00204308670195318 0.0343043623558215 0.0485903919840598 -0.134804308366741
-0.00527022224041805 0.0403328067228911 0.0599629219214161 -0.16603533587447
-0.0316090950357101 0.0427263558780769 0.114908734744856 -0.16490181663319
-0.0462900228301549 0.0122488301732502 0.17151989768909 -0.0920891428681593
-0.0319741403533431 -0.0266763682570132 0.186797704464818 0.033139292101585
0.011865090454432 -0.0377318850553403 0.127870129960189 0.142415222060832
0.03981919435645 0.00216569780414981 0.0261392552130565 0.215017802648932
0.0337739481858073 0.0282321847746669 -0.0215301982727932 0.278427997810971
0.0814665497792404 0.11480687671343 0.124337843241565 0.10193660043231
0.122914446380238 0.0335191281267511 0.129153873944363 0.0158103800408198
0.0848184856376048 -0.0760802697909301 0.0672391852754047 -0.0813194402574619
-0.0400777102216444 -0.0879759923054225 -0.0507835777328327 -0.0650352888966106
-0.0999307635469307 -0.0148406010890105 -0.0331607526884886 0.0367727252209427
-0.0778853188964318 0.0575397958087649 0.0350435549836737 0.0067274733684058
-0.0287465463002155 0.0806982295665402 0.0507503039910583 -0.0548377873490146
-0.0119875306398927 0.0842181544557792 0.0439850756250651 -0.108839142371207
-0.0243628712218427 0.0849087375751116 0.0513332737789556 -0.13915677114548
-0.0784313648624255 0.0792504753523101 0.0946506143776365 -0.154121256846328
-0.105238761063785 0.0113176314859991 0.151162735429522 -0.10648387799412
-0.0655176427053375 -0.0709355541246752 0.192711932046729 0.0178128644616161
0.046004173168745 -0.0982631666317766 0.132669198622523 0.137847346006649
0.123993387086854 0.00633365839122992 0.0172151899941627 0.197134119457706
0.0981421653621115 0.105494108461232 -0.0257274525554584 0.238873036277199
0.099591597642763 0.167560305384881 0.0954989803456165 0.0712184935887855
0.173751174370764 0.05002393932241 0.149551621733396 0.0185348238032903
0.127116221592437 -0.107772832645923 0.0739808251688382 -0.1269222165361
-0.0500133386044342 -0.134607963183427 -0.0917602725083532 -0.092723580969961
-0.143801881836738 -0.0332367459285318 -0.0760431084772702 0.0526353390502256
-0.121098779113965 0.0765576005643919 0.00978881879115681 0.042815045301622
-0.0514043678529349 0.118895863694921 0.0373485435392403 -0.012094712265119
-0.0238805401950382 0.121190044686599 0.0330496219955777 -0.0643783734320773
-0.0360261014214722 0.118350077371237 0.0379496692146612 -0.0985357085993418
-0.109596908649919 0.112616396555457 0.0712125901050974 -0.132137865716849
-0.152741460366098 0.0172817777685632 0.130289169771839 -0.110964203885335
-0.102303295525082 -0.103230224292384 0.194245696966256 0.016698323220049
0.0673877860294215 -0.156503416469419 0.113727773742728 0.142309598580353
0.194007011108117 -0.000252485319400869 -0.0151256846960528 0.165769363111434
0.155247102459471 0.159905745882267 -0.0453864445578752 0.172619094441733
0.100821398637095 0.200153926368795 0.0799711530345264 0.013187208874006
0.197186775695926 0.0622644266104776 0.158765541205332 -0.0273415142004934
0.149196113892009 -0.119151573960071 0.0425488313977301 -0.175934314811772
-0.0476409496474492 -0.154642331532694 -0.140929069067532 -0.101176574522237
-0.160475366947832 -0.0479078350705731 -0.119067871560095 0.0683640321849075
-0.144256490972818 0.0796141417699555 -0.025408408712373 0.0813415942295148
-0.0665425312779296 0.136486486193594 0.0151945578868237 0.0407411645870037
-0.0322414278573939 0.139204225386273 0.020200757339617 -0.00919273791982326
-0.0412898164536809 0.136696120517827 0.0262155466745459 -0.0498142143653579
-0.124938649901579 0.134129311345125 0.0505254888945563 -0.100584276176844
-0.183904895413924 0.0247073662281474 0.110248324951821 -0.0970926774493051
-0.13255949867507 -0.125662925696532 0.177403343874594 0.0348125050214862
0.0810295390651191 -0.198898551380881 0.0685415552740858 0.143807357488864
0.238355456066189 -0.00830097255569965 -0.0591847740820747 0.117198990317925
0.191214168547719 0.184908957349305 -0.0729520802838813 0.09486502377166
0.0937666640679536 0.204674651390491 0.0673416473649511 -0.0679059439573832
0.192795280032502 0.0620560114983641 0.131569922449962 -0.0976671018049009
0.144915889658236 -0.109165207443777 -0.0123901040269966 -0.196675159307465
-0.0353905492687844 -0.148312143078639 -0.173484073136544 -0.0905764918957006
-0.149427666608478 -0.0555760140518431 -0.151719859921611 0.07601206851004
-0.142781306148313 0.0690321825967862 -0.0646381596109188 0.113926397718462
-0.068505053805067 0.130920970877191 -0.0107263479608063 0.096713415354487
-0.0369090477934346 0.134935296324415 0.00612807489496081 0.0489988207874433
-0.0413213252056519 0.135909286132207 0.0122283276195925 0.000910478440220973
-0.126854635334331 0.136820964284874 0.0319447790647585 -0.0590040456717257
-0.194894497156195 0.0226289935384419 0.0861879485366705 -0.0627919155568721
-0.139975180929013 -0.142098266858647 0.13514209918484 0.0591512751135404
0.0921571068762271 -0.210355859036851 0.00978742082451155 0.12365285893258
0.24731731540906 -0.0105267090345856 -0.0869610496353638 0.0593448225004807
0.196143713167566 0.181901826786722 -0.101633522727734 0.0211268566354882
0.0804872183905863 0.174698651320347 0.051214318614041 -0.152348061760231
0.160483555529335 0.0485468306735142 0.0764899880252481 -0.155995279524656
0.118089246834795 -0.0850749867689617 -0.060973535014015 -0.189227729006189
-0.0206951664144947 -0.119131181050174 -0.184254809028285 -0.0738790810685756
-0.118301337529401 -0.0522107381073293 -0.172711522153833 0.0736456277220841
-0.117098174077907 0.0494982302761853 -0.0995861840509381 0.138897990840677
-0.0585587943419889 0.104578305597999 -0.0339075143107928 0.146079809189527
-0.035502284928917 0.10984293304864 -0.00820752176331573 0.0997596109750505
-0.0368369495131405 0.115578705329674 -0.0023219361214236 0.0474158357112381
-0.115058966458385 0.117545187627586 0.0109569054711047 -0.0143685734214088
-0.17738878421664 0.00776923470139556 0.0508600717956544 -0.0232989144324787
-0.112872893092667 -0.141204719845785 0.0771710594743333 0.063863765237241
0.0974284792303219 -0.178414719588711 -0.0274705053892269 0.0825048038722196
0.216294880037921 -0.00307499231792144 -0.0883713593477697 0.0171112571790098
0.166373476182279 0.150672724943231 -0.127126026654919 -0.0355853035790938
0.0571626387063702 0.116176663684227 0.0281803922195259 -0.218560595679468
0.107293725876248 0.0289906920129219 0.0195682282750528 -0.187329307786606
0.0765943231561955 -0.0530989973361094 -0.092949736891589 -0.170373161733413
-0.0056907551103275 -0.0757356294558793 -0.185192404781137 -0.0603802866296846
-0.0716232169557355 -0.0417974054262834 -0.184282671872571 0.071407565149308
-0.0736093555001025 0.0238507497796941 -0.122789701119609 0.157212906463206
-0.0389872665383003 0.0641672940926608 -0.0503633487562418 0.181534590024811
-0.0292349982877972 0.0681844962825052 -0.021331743256873 0.135928771108994
-0.0285133143187729 0.0764307250532409 -0.0180273880277271 0.0816436372452168
-0.0865105398519901 0.0765238691820294 -0.0113362213823769 0.0206603486069326
-0.126828370902921 -0.00979120052505254 0.0121646838946188 0.00146601379181474
-0.0625222438565426 -0.111045896094475 0.0325407339498669 0.0470714594221084
0.0803437775317289 -0.111182189446526 -0.0309667275537144 0.0484154506323657
0.144269851500782 0.00516084630753982 -0.0778638295405472 0.00481189185480332
0.104176181006789 0.0946854645132152 -0.144619332516813 -0.0730164910087212
-0.0241082464792062 -0.0303607721424016 0.172707454821721 0.11190770875069
-0.0450460457610726 0.00400622886850323 0.117014379113372 -0.0349993607578147
-0.0346476956762567 0.0308553048734934 0.0332596535130021 -0.0642345620999824
0.0135171807665165 0.0455519505806645 -0.0319102475368361 -0.0382984981070277
0.0419038193347643 0.0146484186959526 -0.006127885168683 0.0205174017534073
0.034661005149354 -0.0183317821025228 0.0370135675598278 -0.0189850751364445
0.0164983411336434 -0.0318207461046019 0.0504760871522871 -0.0798799376990747
0.0160012587376079 -0.0218759704044474 0.0537331970257195 -0.141402851209953
0.019910321623408 -0.00928869148882277 0.0713962034337555 -0.17517872473986
0.0260140644297294 0.00572205885249104 0.13292961829317 -0.164079623488002
0.0173062029407278 0.0224405654398425 0.190067955697968 -0.0733989947778975
-0.00664403615317571 0.0265087231820557 0.183340445912478 0.0582171069037235
-0.035930705116782 0.0179144941032999 0.108079832306718 0.163720848541004
-0.047293515507867 -0.0165076902068212 0.00296830205927148 0.23006588376245
-0.0248192853203006 -0.0627722875776312 -0.0441183796116346 0.289064162585655
0.0356316039243884 0.0497772329613927 0.154938567736445 0.119613445297791
0.0464610321960751 0.0208025840645163 0.122271535785916 -0.0109509205169397
0.0288925984119023 -0.026926182937121 0.0470182294527868 -0.0637335917135061
-0.0170926098827141 -0.0245495625316813 -0.0318097497178541 -0.0431823439461966
-0.0345594514525968 0.00158359167605201 -0.00657548925186283 0.0264493743147252
-0.0234391382580649 0.0238468039540808 0.0447856849210584 -0.0153576881758518
-0.0065420891890733 0.0267524456846397 0.0574775936230724 -0.0789184052097918
7.56824720870557E-05 0.0343089452545281 0.0554340655928253 -0.136460940178709
-0.00681241651852835 0.0409681006845294 0.0692657024981544 -0.167321383669347
-0.0338723306278889 0.0429915417633257 0.123241527065076 -0.16373370991752
-0.0474968171454781 0.0113786281785393 0.178502417711581 -0.0869439432001397
-0.0316477055833154 -0.0286283849606174 0.188565089854308 0.0415576635600975
0.0138094583157921 -0.0387295086355143 0.12357563018362 0.150934416730608
0.0404550108411222 0.00373327997757986 0.0176161578197669 0.221245489752439
0.0322601572181234 0.0296184207174031 -0.0356317488977191 0.281986648897071
0.0770063800644976 0.120607224047011 0.122086103601309 0.109027919953012
0.123647721322358 0.0397265687501159 0.131023781355583 0.020335591666436
0.0904907396681441 -0.0742062749270637 0.0718467896954667 -0.0823813363933232
-0.036523709381514 -0.0916408778194717 -0.0495490368356701 -0.0693812508440463
-0.102111631322185 -0.0185632214463401 -0.0347115307394704 0.0363346169106745
-0.0817486826531409 0.0566374200469185 0.0342131282670236 0.00761430502031587
-0.0331900479087618 0.0801105968672898 0.0541604052322086 -0.054189760239128
-0.0160275089098711 0.085232081167757 0.0488562001487465 -0.110636477813744
-0.0279743004985037 0.0852102649088604 0.0589106546543949 -0.140299884203703
-0.0823950397694139 0.0797614027247609 0.101937586820502 -0.153508210023553
-0.107749078087382 0.0085287387108219 0.158378506810856 -0.101493246290967
-0.0643366073377404 -0.0745233152751792 0.195453326296263 0.0264690589622372
0.0518152512548188 -0.0991566561604957 0.128334720975051 0.146567148519254
0.126583704165587 0.0111220025880729 0.0078910776364671 0.203076521900721
0.0953602228603777 0.110807373492519 -0.0387626443561599 0.240706384101631
0.0932746616253839 0.176050543947754 0.0949562308165437 0.0759400889209289
0.175091933540473 0.0586927358690578 0.153101533263106 0.024923276825884
0.135598686760749 -0.105414341533538 0.080916368998003 -0.127262872759797
-0.0453658436937422 -0.139488568953008 -0.089960668779793 -0.098630378761662
-0.146378702638297 -0.0388972203718663 -0.080203827232372 0.0508481196944004
-0.126428446430164 0.0742881461988823 0.00736206604224477 0.0437367079788668
-0.0572289804002592 0.118143926096569 0.038512709872264 -0.0110302704352237
-0.0299670987644073 0.122473090114598 0.0360169611380166 -0.0649350127439856
-0.0414003218919971 0.119024043682425 0.0446345732312687 -0.0997438993600839
-0.115945039067255 0.11188050654724 0.078206153174136 -0.131654052544439
-0.15662198493803 0.0139636454989718 0.137274665154656 -0.106719099784195
-0.101099579327333 -0.108802974370657 0.197262249584139 0.0247008772487714
0.0756932407095606 -0.15774855314582 0.109331604355487 0.15040586870141
0.198890888685751 0.00770677605629821 -0.0246562929267183 0.170107703119911
0.150824421726915 0.168553641360222 -0.0564464194289073 0.173386881838695
0.0928254224734122 0.210023717719918 0.0818139369765085 0.0167773802226954
0.198633482020415 0.0727771335093369 0.165416354099984 -0.0216132402812459
0.157514591026367 -0.115792259491261 0.0516720727048877 -0.17895758260866
-0.0422102139863023 -0.160347400783937 -0.140001638908168 -0.109438436388004
-0.162362034015154 -0.05439291319244 -0.124380523883737 0.065259782436691
-0.150198483901575 0.0763476031577518 -0.029692098862924 0.0817629476966365
-0.0731391280716639 0.135384378787521 0.0135905778282895 0.0428665937318325
-0.0392913727064401 0.140751620678668 0.0214580716058798 -0.0088570456810445
-0.0473934048677526 0.137241598532383 0.029603753318156 -0.0499004454140005
-0.13127391134364 0.133357261144289 0.0560275009599205 -0.0999386946485736
-0.189283621151152 0.0204981046395166 0.116716856950299 -0.0930686519425945
-0.130905518846245 -0.133928902069616 0.179594974610149 0.0421543976313504
0.0907471224149207 -0.201623452667596 0.0625925794958418 0.150025854361847
0.2447186739694 0.000695862977150419 -0.0676858647839868 0.118714895278612
0.186554500247816 0.196645573676468 -0.0810123620170995 0.0931247312164308
0.0856882003925609 0.214659180489177 0.0740848044690715 -0.0667408710953676
0.193587910072573 0.0721911606716626 0.141026681324376 -0.0952097288366038
0.15327439217228 -0.105818714501326 -0.00427176887798488 -0.203551469901904
-0.0298719939809282 -0.153437255819031 -0.173605335207816 -0.0997598525200942
-0.151431233317211 -0.0610594779546117 -0.158331463768378 0.0716890767845974
-0.147439610283206 0.065787746167458 -0.0710109822218403 0.113358082282048
-0.0746713503917796 0.129886507704877 -0.0147752585092921 0.0986768830445771
-0.0434388472275976 0.136654182103938 0.004743181753843 0.0499485514849964
-0.0475140789998854 0.136405667341062 0.0136060732742842 0.000869767652559512
-0.134006076448066 0.136940944953132 0.034844585270989 -0.0582784586361973
-0.201268481048484 0.0172428124449646 0.0905790060103928 -0.0589353595009692
-0.137001685955599 -0.150669890951144 0.134466171345253 0.0654764007833837
0.103418179824273 -0.212153339090812 0.00341966228669093 0.126272271324558
0.254032107849454 -0.000195564114377867 -0.0939895052113056 0.0575806935265822
0.191847125639054 0.193414177134411 -0.106388704740389 0.0169794474033123
0.0733409438879847 0.183337174162666 0.0607487119897009 -0.153666256887263
0.161074089651885 0.0564958753586873 0.0867022943718522 -0.156477073154464
0.123769248537672 -0.082362543142767 -0.054510923912372 -0.196614184255287
-0.0155497882766743 -0.122518395271903 -0.1852343999329 -0.0831878590734912
-0.1197258902029 -0.0575373204076154 -0.180220809173066 0.068268338748213
-0.12054785021313 0.0460632551755963 -0.107601875326635 0.137205636720981
-0.0633661311846804 0.104189558333126 -0.0398387484889441 0.147776500454201
-0.0412230466114624 0.110995142493432 -0.011889462589036 0.101367413395752
-0.043026307648695 0.11609625958084 -0.00314384250358569 0.047939116381112
-0.121165106047388 0.117211787844251 0.012873600192241 -0.0138531573435286
-0.182136516620101 0.0025931214314302 0.0529061391465676 -0.0195648121285376
-0.109820602961779 -0.14849253403049 0.07581666116644 0.0688609875299955
0.107646737114826 -0.179664185264 -0.0319989423175315 0.0823001665322097
0.22168269102047 0.00593554140899192 -0.0926772444467652 0.0141592978796915
0.162611512675821 0.159998835358472 -0.129691786696464 -0.0408767334119612
0.0525051585675148 0.122103439263052 0.0408211281590514 -0.223543592230946
0.10694599034132 0.0338894477394674 0.0295007050308716 -0.190241116390413
0.0797195356036558 -0.0511507719422328 -0.0878857420258353 -0.178723867656434
-0.00257608135700478 -0.077245343034894 -0.186592241670698 -0.068563768602929
-0.0721235229650304 -0.0444180854853364 -0.191607107239948 0.0649050112592214
-0.075354758508224 0.0216301430861922 -0.131687227029547 0.154847542641111
-0.0415897688980687 0.0628054073376655 -0.0582124995702492 0.1832087750513
-0.0322765792192149 0.0689054646629054 -0.0271575684583848 0.138184652284217
-0.0320715972509403 0.0766687259738044 -0.0211337064989175 0.0825458826924154
-0.089651529845793 0.0755579034435515 -0.0123803959952616 0.0214794708125615
-0.130032960678797 -0.0141242924490577 0.012696520841261 0.00348741342315478
-0.0592225912199883 -0.115917591907901 0.0317791406144042 0.0491474198965961
0.0873622482990484 -0.111235771061372 -0.0348828422542911 0.0477223204314199
0.148152712086921 0.0114181438660536 -0.0810236018217704 0.00223113138920086
0.101556205963684 0.10033127172757 -0.144930097828052 -0.0809925261170939
