TRXV5
3
4
4
9
string Extension=J
integer IsArchMeasurement=1
integer IsSpherical=1
string Generator=SPM
string GeneratorVersion=1.3.1 Dev
double ArchRadius=0.449999988079071
integer FrequencyAxisIndex=0
integer AzimuthAxisIndex=1
integer ElevationAxisIndex=2
Frequency
5 136 690000000 960000000 LIN
Azimuth
7 8 0 2.74889357189107 LIN
Elevation
7 15 -2.74889357189107 2.74889357189107 LIN
Polar H Real Part
13
Polar H Imaginary Part
14
Polar V Real Part
13
Polar V Imaginary Part
14
Polar H Magnitude (dB)
12 0xC0000002 0 1
Polar H Phase
7 0xC0000003 0 1
Polar V Magnitude (dB)
12 0xC0000002 2 3
Polar V Phase
7 0xC0000003 2 3
0.0600738525390625 -0.0160560607910156 0.0194358825683594 -0.0374259948730469
0.0385093688964844 -0.0422096252441406 0.13983154296875 -0.340576171875
-0.0222969055175781 -0.0510063171386719 -0.112884521484375 -0.44012451171875
-0.0471534729003906 -0.0123291015625 -0.31500244140625 -0.227630615234375
-0.0301189422607422 0.0122852325439453 -0.269500732421875 0.031829833984375
-0.0170230865478516 0.0240859985351562 -0.111663818359375 0.1636962890625
-0.0027618408203125 0.0215435028076172 0.0529098510742188 0.125717163085938
0.00119304656982422 0.0152883529663086 0.141586303710938 0.028045654296875
0.00330924987792969 0.0224056243896484 0.197250366210938 -0.0475921630859375
-0.0010833740234375 0.0277099609375 0.25189208984375 -0.028350830078125
-0.0124397277832031 0.0216751098632813 0.292236328125 0.03375244140625
-0.0147905349731445 0.0157623291015625 0.262435913085938 0.161880493164063
-0.016413688659668 -0.00582695007324218 0.1307373046875 0.33160400390625
0.000100135803222656 -0.00800466537475586 -0.015716552734375 0.302154541015625
0.0189037322998047 -0.00547599792480469 -0.0995025634765625 0.0930099487304688
0.124862670898437 -0.0507125854492187 0.0351715087890625 -0.0389595031738281
0.0821151733398437 -0.105270385742187 0.155303955078125 -0.331512451171875
-0.0376358032226563 -0.108772277832031 -0.0847473144531249 -0.4306640625
-0.0990142822265625 -0.0233230590820313 -0.282745361328125 -0.23468017578125
-0.0658645629882813 0.0455703735351563 -0.249404907226562 0.00953674316406247
-0.00955963134765625 0.0791473388671875 -0.106613159179688 0.14337158203125
0.0349006652832031 0.0551414489746094 0.0471267700195313 0.109054565429687
0.0384521484375 0.0338401794433594 0.13226318359375 0.0165328979492188
0.0465164184570313 0.0422744750976562 0.1895751953125 -0.0577239990234375
0.0393714904785156 0.0637283325195313 0.245361328125 -0.0428466796875
0.00635147094726562 0.0694084167480469 0.28765869140625 0.011810302734375
-0.0306663513183594 0.0661697387695313 0.271942138671875 0.139007568359375
-0.072296142578125 0.00144958496093749 0.152801513671875 0.318267822265625
-0.0328750610351562 -0.0556716918945313 -0.000885009765625013 0.2923583984375
0.0358734130859375 -0.0643501281738281 -0.0933761596679688 0.0845794677734375
0.1634521484375 -0.0889129638671875 0.058502197265625 -0.0430755615234375
0.089111328125 -0.163421630859375 0.156524658203125 -0.31884765625
-0.07440185546875 -0.141082763671875 -0.0728759765625 -0.40277099609375
-0.142562866210938 -0.011383056640625 -0.2470703125 -0.224990844726563
-0.0827255249023438 0.0819778442382812 -0.221633911132812 -0.014373779296875
0.00942230224609375 0.121337890625 -0.105117797851563 0.109237670898438
0.0691680908203125 0.0769271850585937 0.0250701904296875 0.0825576782226563
0.0704345703125 0.0474777221679688 0.104377746582031 0.002166748046875
0.083892822265625 0.0599136352539062 0.163742065429688 -0.0650787353515625
0.071533203125 0.0968017578125 0.222885131835937 -0.0547943115234375
0.0150527954101563 0.111480712890625 0.27313232421875 -0.00555419921874999
-0.05340576171875 0.105690002441406 0.275238037109375 0.120330810546875
-0.120475769042969 -0.00410461425781252 0.16497802734375 0.30963134765625
-0.0515670776367188 -0.102714538574219 0.000122070312499979 0.283935546875
0.0586700439453125 -0.113189697265625 -0.0877914428710938 0.06298828125
0.1639404296875 -0.126998901367188 0.0850143432617188 -0.0522537231445313
0.05157470703125 -0.200363159179687 0.148651123046875 -0.30438232421875
-0.123497009277344 -0.133338928222656 -0.066009521484375 -0.370330810546875
-0.162551879882813 0.0274200439453125 -0.214706420898437 -0.216705322265625
-0.071746826171875 0.116218566894531 -0.2021484375 -0.0429229736328125
0.040924072265625 0.1429443359375 -0.115455627441406 0.0696792602539063
0.0973739624023438 0.082794189453125 -0.0120277404785156 0.0538787841796875
0.0921630859375 0.0534744262695313 0.061737060546875 -0.0127296447753906
0.110176086425781 0.0749130249023438 0.125511169433594 -0.0731735229492188
0.0865325927734375 0.122657775878906 0.19097900390625 -0.067626953125
0.00700378417968751 0.141525268554688 0.25616455078125 -0.0233001708984375
-0.08416748046875 0.122100830078125 0.276931762695313 0.107711791992188
-0.149856567382813 -0.0303955078125 0.16815185546875 0.308013916015625
-0.0462799072265625 -0.145599365234375 -0.00845336914062503 0.273727416992188
0.088287353515625 -0.140609741210938 -0.0725250244140625 0.0368881225585937
0.134063720703125 -0.146804809570313 0.105316162109375 -0.07220458984375
-0.00482177734375 -0.197174072265625 0.130950927734375 -0.298431396484375
-0.154373168945313 -0.0900268554687501 -0.069244384765625 -0.347747802734375
-0.146942138671875 0.070526123046875 -0.1981201171875 -0.217483520507813
-0.038482666015625 0.132308959960938 -0.201095581054688 -0.0704498291015625
0.072509765625 0.137069702148437 -0.141738891601563 0.0342559814453125
0.110145568847656 0.0726242065429688 -0.0588569641113281 0.0315361022949219
0.100440979003906 0.0512924194335937 0.0112590789794922 -0.0262527465820312
0.117988586425781 0.0817184448242188 0.0801467895507813 -0.0846023559570313
0.080078125 0.1343994140625 0.157440185546875 -0.0879364013671875
-0.0162200927734375 0.149261474609375 0.244277954101563 -0.0434417724609375
-0.112274169921875 0.106369018554688 0.28369140625 0.100921630859375
-0.144851684570313 -0.0706787109375 0.16949462890625 0.317169189453125
-0.0132598876953125 -0.168212890625 -0.01904296875 0.2711181640625
0.117828369140625 -0.139732360839844 -0.0475502014160156 0.01348876953125
0.0875701904296875 -0.142105102539063 0.113578796386719 -0.0978469848632813
-0.048980712890625 -0.156753540039063 0.103668212890625 -0.29925537109375
-0.149063110351562 -0.036102294921875 -0.0841064453125 -0.333221435546875
-0.103981018066406 0.0927734375 -0.202972412109375 -0.2198486328125
-0.00011444091796876 0.121284484863281 -0.219772338867188 -0.085235595703125
0.0906753540039063 0.108604431152344 -0.179229736328125 0.0164947509765625
0.105789184570313 0.0514297485351563 -0.108932495117188 0.0224533081054687
0.09521484375 0.0397720336914062 -0.0384140014648437 -0.03472900390625
0.109725952148438 0.07598876953125 0.0379486083984375 -0.0999069213867188
0.0610427856445313 0.125251770019531 0.1322021484375 -0.114151000976562
-0.037445068359375 0.128822326660156 0.246994018554688 -0.059234619140625
-0.116744995117188 0.0669021606445313 0.29840087890625 0.111236572265625
-0.105171203613281 -0.0979080200195312 0.162078857421875 0.346099853515625
0.0281829833984375 -0.157058715820313 -0.0338592529296875 0.277557373046875
0.13006591796875 -0.113426208496094 -0.0142993927001953 0.00187206268310546
0.0443038940429687 -0.109138488769531 0.109695434570313 -0.122138977050781
-0.0590438842773437 -0.0970230102539063 0.0697021484375 -0.3006591796875
-0.110298156738281 -4.57763671875072E-05 -0.113250732421875 -0.320831298828125
-0.0537872314453125 0.0810623168945313 -0.22540283203125 -0.212814331054688
0.023834228515625 0.0851593017578125 -0.24676513671875 -0.0817413330078125
0.08355712890625 0.0660324096679688 -0.217300415039063 0.0186309814453125
0.08184814453125 0.0267257690429688 -0.151779174804688 0.0261688232421875
0.0759506225585937 0.02099609375 -0.0801544189453125 -0.0372467041015625
0.0875473022460938 0.0542373657226563 0.00384521484375001 -0.114341735839844
0.0426101684570313 0.0924835205078125 0.120338439941406 -0.135566711425781
-0.0380935668945312 0.0884475708007813 0.261398315429688 -0.062164306640625
-0.0863723754882812 0.0282745361328125 0.31146240234375 0.140625
-0.0492706298828125 -0.0887374877929688 0.141571044921875 0.39276123046875
0.0516357421875 -0.1087646484375 -0.05596923828125 0.296875
0.112648010253906 -0.0711669921875 0.0172243118286133 0.00472259521484375
0.0124855041503906 -0.0564041137695312 0.0996017456054688 -0.136039733886719
-0.0374794006347656 -0.0380821228027344 0.035125732421875 -0.298736572265625
-0.0544357299804688 0.00985336303710937 -0.14361572265625 -0.303314208984375
-0.013580322265625 0.0425567626953125 -0.25048828125 -0.192611694335938
0.0256156921386719 0.0368576049804688 -0.26995849609375 -0.0633087158203124
0.0531578063964844 0.0217323303222656 -0.24493408203125 0.0325164794921875
0.0428810119628906 0.00299453735351563 -0.179336547851562 0.0377655029296875
0.0455665588378906 -0.00159835815429688 -0.106758117675781 -0.0345840454101563
0.0564727783203125 0.0192527770996094 -0.0172042846679688 -0.121307373046875
0.0335350036621094 0.0437965393066406 0.118728637695313 -0.144058227539063
-0.0129051208496094 0.0444602966308594 0.273590087890625 -0.0480194091796875
-0.0331897735595703 0.0128231048583984 0.311248779296875 0.182281494140625
-0.0099945068359375 -0.0395545959472656 0.10308837890625 0.434783935546875
0.0332183837890625 -0.04144287109375 -0.087188720703125 0.313812255859375
0.0619087219238281 -0.0294570922851563 0.0358734130859375 0.0143623352050781
0.0588150024414063 -0.0205116271972656 0.0164718627929688 -0.04071044921875
0.0344886779785156 -0.0456199645996094 0.115692138671875 -0.355560302734375
-0.0267715454101563 -0.0510597229003906 -0.14691162109375 -0.437408447265625
-0.0481452941894531 -0.00907516479492188 -0.334442138671875 -0.204925537109375
-0.0290641784667969 0.0152721405029297 -0.269393920898438 0.0559844970703125
-0.0144367218017578 0.02618408203125 -0.0963134765625 0.176467895507812
-0.00165748596191406 0.02337646484375 0.0666122436523438 0.1229248046875
0.00094318389892578 0.0147008895874023 0.147125244140625 0.01531982421875
0.00448036193847656 0.0212268829345703 0.194976806640625 -0.0649566650390625
0.000574111938476563 0.0288162231445313 0.250778198242188 -0.0495147705078125
-0.0111579895019531 0.0230064392089844 0.298065185546875 0.00921630859375
-0.0139942169189453 0.0166168212890625 0.280075073242188 0.142333984375
-0.0162715911865234 -0.00476932525634766 0.16046142578125 0.32708740234375
0.000621795654296876 -0.00811624526977539 0.00717163085937502 0.310791015625
0.0179290771484375 -0.00839614868164063 -0.0958023071289062 0.104690551757813
0.121864318847656 -0.06085205078125 0.0315818786621094 -0.0432586669921875
0.07391357421875 -0.113410949707031 0.13330078125 -0.3489990234375
-0.0472564697265625 -0.108734130859375 -0.117523193359375 -0.430511474609375
-0.102767944335938 -0.016082763671875 -0.30279541015625 -0.2154541015625
-0.0629425048828125 0.0515480041503906 -0.250564575195312 0.0313262939453125
-0.00209808349609376 0.0810317993164063 -0.0936126708984375 0.155975341796875
0.0398826599121094 0.0533828735351563 0.0596542358398438 0.106781005859375
0.0401420593261719 0.0299949645996094 0.136924743652344 0.0041351318359375
0.0501594543457031 0.0373764038085938 0.186264038085938 -0.074920654296875
0.0455589294433594 0.0619926452636719 0.243453979492188 -0.063385009765625
0.0108146667480469 0.0700798034667969 0.292083740234375 -0.01251220703125
-0.0255775451660156 0.0691413879394531 0.287750244140625 0.11865234375
-0.0727996826171875 0.00686645507812499 0.181549072265625 0.31097412109375
-0.0370445251464844 -0.0551681518554687 0.021942138671875 0.299468994140625
0.0306243896484375 -0.07049560546875 -0.091094970703125 0.09552001953125
0.157882690429688 -0.103805541992188 0.055572509765625 -0.0486488342285156
0.0755767822265625 -0.172744750976563 0.135711669921875 -0.334625244140625
-0.0870437622070313 -0.138877868652344 -0.1041259765625 -0.40142822265625
-0.145660400390625 -0.00103759765625001 -0.266098022460938 -0.208236694335937
-0.0762786865234375 0.09033203125 -0.224197387695313 0.00468444824218748
0.0209732055664063 0.122406005859375 -0.0945205688476562 0.120376586914063
0.0774002075195312 0.0726089477539063 0.0351943969726563 0.0808181762695313
0.0736465454101562 0.0412445068359375 0.107383728027344 -0.0079803466796875
0.0898208618164063 0.0521392822265625 0.1597900390625 -0.0803680419921875
0.081329345703125 0.0914306640625 0.219757080078125 -0.073638916015625
0.0232696533203125 0.1121826171875 0.276443481445313 -0.0298614501953125
-0.0456390380859375 0.111236572265625 0.2901611328125 0.098785400390625
-0.122085571289063 0.00501251220703124 0.194091796875 0.30133056640625
-0.060577392578125 -0.101974487304688 0.02081298828125 0.290130615234375
0.050811767578125 -0.122703552246094 -0.0866851806640625 0.07379150390625
0.155960083007813 -0.141860961914063 0.0821685791015625 -0.0604705810546875
0.033843994140625 -0.2083740234375 0.127960205078125 -0.319091796875
-0.136558532714844 -0.126190185546875 -0.093505859375 -0.3692626953125
-0.1629638671875 0.0404510498046875 -0.233078002929687 -0.202682495117187
-0.0634307861328125 0.124290466308594 -0.205337524414063 -0.025909423828125
0.0543365478515625 0.140869140625 -0.107559204101562 0.0808639526367188
0.1058349609375 0.0752639770507813 -0.00537109374999999 0.0555305480957031
0.0970382690429688 0.045989990234375 0.0621833801269531 -0.0190238952636719
0.118003845214844 0.0642166137695312 0.119903564453125 -0.0850372314453125
0.0985794067382813 0.116798400878906 0.186538696289063 -0.084014892578125
0.0179595947265625 0.143447875976562 0.257308959960938 -0.045928955078125
-0.0754928588867187 0.130607604980469 0.289703369140625 0.085784912109375
-0.154037475585938 -0.0186004638671875 0.196014404296875 0.2994384765625
-0.0592041015625 -0.145904541015625 0.0114288330078125 0.280853271484375
0.078277587890625 -0.152679443359375 -0.0735397338867188 0.0449066162109375
0.124679565429688 -0.159881591796875 0.101058959960938 -0.0818252563476563
-0.02252197265625 -0.200332641601563 0.111419677734375 -0.31201171875
-0.165130615234375 -0.07958984375 -0.095306396484375 -0.3472900390625
-0.143798828125 0.083770751953125 -0.215621948242187 -0.20538330078125
-0.0277023315429688 0.137435913085938 -0.207077026367188 -0.0546112060546875
0.085784912109375 0.131858825683594 -0.137199401855469 0.04718017578125
0.118453979492188 0.0632095336914063 -0.0556297302246094 0.0372505187988281
0.105201721191406 0.042816162109375 0.00981330871582032 -0.0284557342529297
0.126876831054688 0.07049560546875 0.0735321044921875 -0.092559814453125
0.093505859375 0.130546569824219 0.150527954101563 -0.100875854492188
-0.004669189453125 0.153076171875 0.243270874023437 -0.0648193359375
-0.105117797851563 0.116989135742188 0.295013427734375 0.078216552734375
-0.151824951171875 -0.0603485107421875 0.198028564453125 0.309356689453125
-0.0271148681640625 -0.1712646484375 -0.000869750976562514 0.27862548828125
0.107940673828125 -0.154159545898438 -0.0492744445800781 0.0189285278320313
0.0780181884765625 -0.151229858398438 0.108078002929688 -0.108573913574219
-0.06402587890625 -0.155838012695313 0.083526611328125 -0.3109130859375
-0.155624389648438 -0.0245361328125 -0.108428955078125 -0.332183837890625
-0.0976181030273438 0.102287292480469 -0.221649169921875 -0.207550048828125
0.0100326538085937 0.123153686523438 -0.227447509765625 -0.068817138671875
0.101791381835938 0.101097106933594 -0.17742919921875 0.0312957763671875
0.111686706542969 0.043121337890625 -0.107749938964844 0.0320968627929687
0.0994644165039063 0.031158447265625 -0.0415611267089844 -0.0321769714355469
0.118179321289063 0.0653915405273438 0.0290374755859375 -0.104400634765625
0.0733261108398438 0.121856689453125 0.123558044433594 -0.125045776367188
-0.0277938842773437 0.13433837890625 0.2447509765625 -0.0818634033203125
-0.112724304199219 0.0777130126953125 0.310272216796875 0.08648681640625
-0.113967895507812 -0.0909957885742188 0.192474365234375 0.33837890625
0.0156097412109375 -0.163253784179688 -0.01470947265625 0.287353515625
0.122550964355469 -0.127998352050781 -0.016087532043457 0.00431442260742187
0.0362548828125 -0.113494873046875 0.103118896484375 -0.132568359375
-0.0691299438476562 -0.093475341796875 0.048492431640625 -0.310302734375
-0.112442016601563 0.00905609130859376 -0.13775634765625 -0.316925048828125
-0.0478286743164063 0.086578369140625 -0.24444580078125 -0.198104858398437
0.0313339233398438 0.0843734741210938 -0.255126953125 -0.0623321533203125
0.091064453125 0.0589523315429688 -0.2164306640625 0.036651611328125
0.0855255126953125 0.0194015502929688 -0.150650024414063 0.0403289794921875
0.077392578125 0.0142593383789063 -0.0845870971679688 -0.0322036743164062
0.0931777954101562 0.0457992553710937 -0.00748443603515624 -0.115951538085938
0.05120849609375 0.0902328491210937 0.108612060546875 -0.14642333984375
-0.031494140625 0.0937347412109375 0.258880615234375 -0.0861663818359375
-0.0856857299804688 0.0358123779296875 0.326934814453125 0.11517333984375
-0.0568084716796875 -0.0866622924804688 0.175323486328125 0.387451171875
0.043548583984375 -0.115440368652344 -0.035064697265625 0.308868408203125
0.107810974121094 -0.0829315185546875 0.0162572860717774 0.00432014465332031
0.00841522216796875 -0.0581016540527344 0.091400146484375 -0.14697265625
-0.0413856506347656 -0.0348663330078125 0.013275146484375 -0.305938720703125
-0.0554389953613281 0.0149421691894531 -0.16986083984375 -0.29583740234375
-0.0119247436523437 0.04425048828125 -0.269119262695312 -0.17633056640625
0.0295085906982422 0.0350723266601563 -0.276779174804688 -0.0413970947265625
0.0562705993652344 0.0172157287597656 -0.24383544921875 0.0544891357421875
0.0440216064453125 -0.00146865844726562 -0.177566528320313 0.0544586181640625
0.0458908081054687 -0.0063323974609375 -0.111610412597656 -0.0257644653320313
0.0585670471191406 0.0126266479492188 -0.029754638671875 -0.120941162109375
0.0377006530761719 0.0413551330566406 0.105209350585938 -0.154586791992188
-0.0102806091308594 0.0471687316894531 0.271041870117188 -0.0718994140625
-0.0333595275878906 0.0160713195800781 0.328765869140625 0.157928466796875
-0.0128746032714844 -0.03997802734375 0.137939453125 0.434173583984375
0.0300674438476563 -0.0460128784179688 -0.0667724609375 0.328521728515625
0.0594711303710938 -0.0364532470703125 0.0351524353027344 0.01324462890625
0.0559196472167969 -0.0242042541503906 0.0116081237792969 -0.04150390625
0.0302314758300781 -0.0456428527832031 0.091339111328125 -0.35699462890625
-0.0306892395019531 -0.0481147766113281 -0.173126220703125 -0.418548583984375
-0.0487632751464844 -0.00576782226562499 -0.339996337890625 -0.177825927734375
-0.0270900726318359 0.016937255859375 -0.258193969726563 0.0757598876953125
-0.0114231109619141 0.0272808074951172 -0.0783843994140625 0.18133544921875
-0.000427246093750002 0.0234203338623047 0.07666015625 0.113975524902344
-7.62939453124914E-06 0.0146265029907227 0.1461181640625 0.0013885498046875
0.00487518310546875 0.0195484161376953 0.184860229492188 -0.0781707763671875
0.00271034240722656 0.0282611846923828 0.24029541015625 -0.0664825439453125
-0.0105323791503906 0.0243091583251953 0.292572021484375 -0.014862060546875
-0.0132408142089844 0.0161304473876953 0.28631591796875 0.118194580078125
-0.0157995223999023 -0.00478172302246094 0.183563232421875 0.309051513671875
0.000619888305664062 -0.00959682464599609 0.02935791015625 0.306732177734375
0.0165443420410156 -0.0116138458251953 -0.0890274047851563 0.112884521484375
0.114967346191406 -0.0678863525390625 0.026702880859375 -0.0446434020996094
0.0634765625 -0.115409851074219 0.108306884765625 -0.35003662109375
-0.0549163818359375 -0.104148864746094 -0.14404296875 -0.41326904296875
-0.102226257324219 -0.00958251953125001 -0.3096923828125 -0.189605712890625
-0.0574493408203125 0.0550804138183594 -0.239883422851563 0.050018310546875
0.00500488281250001 0.0791168212890625 -0.0763092041015625 0.160354614257813
0.0430984497070313 0.0503997802734375 0.0688858032226563 0.0984725952148438
0.0398902893066406 0.0261383056640625 0.135658264160156 -0.0088348388671875
0.0514869689941406 0.0317726135253906 0.176528930664062 -0.087921142578125
0.0488548278808594 0.0570716857910156 0.232192993164063 -0.0799102783203125
0.0149116516113281 0.0685043334960938 0.285308837890625 -0.03582763671875
-0.0206718444824219 0.0695228576660156 0.29083251953125 0.092864990234375
-0.0703277587890625 0.0115509033203125 0.20220947265625 0.29254150390625
-0.0399856567382812 -0.0528182983398438 0.042816162109375 0.294281005859375
0.0242843627929688 -0.0736083984375 -0.0845184326171875 0.102828979492188
0.147018432617188 -0.11212158203125 0.0498313903808594 -0.0514640808105469
0.0599212646484375 -0.174407958984375 0.111907958984375 -0.33673095703125
-0.0960617065429687 -0.130691528320313 -0.1280517578125 -0.3865966796875
-0.143569946289062 0.00912475585937497 -0.272064208984375 -0.18487548828125
-0.0683212280273438 0.0940933227539062 -0.216018676757813 0.021697998046875
0.0311050415039062 0.117897033691406 -0.0793533325195313 0.125328063964844
0.0811004638671875 0.0654067993164063 0.0424652099609375 0.076202392578125
0.0737075805664063 0.03466796875 0.106025695800781 -0.0179824829101562
0.0917816162109375 0.0420379638671875 0.149017333984375 -0.0916748046875
0.0873794555664063 0.0834503173828125 0.209503173828125 -0.087493896484375
0.0302276611328125 0.108848571777344 0.268020629882812 -0.05126953125
-0.0365829467773437 0.112655639648438 0.290618896484375 0.07403564453125
-0.118858337402344 0.012847900390625 0.212738037109375 0.282623291015625
-0.0671005249023438 -0.0969772338867187 0.041015625 0.28509521484375
0.0398025512695313 -0.126167297363281 -0.0826263427734375 0.0814590454101562
0.1429443359375 -0.15045166015625 0.0763473510742188 -0.0642852783203125
0.01666259765625 -0.206451416015625 0.104583740234375 -0.321563720703125
-0.144683837890625 -0.114547729492188 -0.11614990234375 -0.35418701171875
-0.15802001953125 0.0511016845703125 -0.239669799804688 -0.182388305664062
-0.0527801513671875 0.127227783203125 -0.2003173828125 -0.0102996826171875
0.0652389526367188 0.133354187011719 -0.0955352783203125 0.0871505737304688
0.109375 0.0653762817382813 0.00145339965820313 0.0534515380859375
0.0968475341796875 0.0369873046875 0.0601348876953125 -0.0260887145996094
0.120201110839844 0.0527420043945313 0.109718322753906 -0.0931320190429688
0.107063293457031 0.107200622558594 0.17559814453125 -0.094818115234375
0.027557373046875 0.140792846679688 0.247970581054688 -0.0656280517578125
-0.0651016235351562 0.133621215820313 0.2894287109375 0.061309814453125
-0.152542114257813 -0.0077972412109375 0.215133666992188 0.279403686523438
-0.0698089599609375 -0.141128540039062 0.0301361083984375 0.277725219726563
0.06439208984375 -0.15850830078125 -0.0711212158203125 0.0517959594726562
0.110946655273438 -0.166275024414063 0.0933074951171875 -0.0867538452148438
-0.0388641357421875 -0.19439697265625 0.08978271484375 -0.312713623046875
-0.168792724609375 -0.0667572021484375 -0.115570068359375 -0.333160400390625
-0.135116577148438 0.0917816162109375 -0.224044799804687 -0.186126708984375
-0.0173416137695312 0.137710571289063 -0.203643798828125 -0.0382843017578125
0.0950469970703125 0.121711730957031 -0.127525329589844 0.0557174682617188
0.121246337890625 0.052825927734375 -0.0491294860839844 0.0397682189941406
0.104690551757813 0.0335540771484375 0.00790405273437501 -0.0296802520751953
0.12969970703125 0.0579376220703125 0.0630035400390625 -0.096832275390625
0.102371215820313 0.120712280273438 0.139274597167969 -0.108406066894531
0.00642395019531249 0.151824951171875 0.23309326171875 -0.0834503173828125
-0.0947799682617188 0.122879028320313 0.294403076171875 0.05426025390625
-0.153884887695313 -0.04864501953125 0.21728515625 0.289306640625
-0.0405120849609375 -0.169509887695313 0.018798828125 0.276443481445313
0.0931243896484375 -0.161956787109375 -0.0495834350585937 0.0239143371582031
0.0658416748046875 -0.154510498046875 0.0998458862304687 -0.114280700683594
-0.07568359375 -0.147201538085938 0.061004638671875 -0.3106689453125
-0.155563354492188 -0.0125579833984375 -0.1285400390625 -0.31805419921875
-0.0891647338867188 0.107490539550781 -0.2303466796875 -0.18817138671875
0.0193252563476562 0.119781494140625 -0.225509643554688 -0.0513763427734375
0.107704162597656 0.09027099609375 -0.168487548828125 0.0441131591796875
0.113029479980469 0.0326461791992187 -0.10101318359375 0.0393447875976563
0.0982742309570313 0.0226898193359375 -0.0437965393066406 -0.0294151306152344
0.120925903320312 0.0535202026367188 0.0182571411132812 -0.104232788085938
0.083099365234375 0.113983154296875 0.109230041503906 -0.129920959472656
-0.0175399780273438 0.1357421875 0.233200073242188 -0.099090576171875
-0.105812072753906 0.0841827392578125 0.308929443359375 0.061309814453125
-0.118942260742188 -0.08245849609375 0.214111328125 0.319183349609375
0.00262451171874999 -0.163406372070313 0.00479125976562498 0.285736083984375
0.109527587890625 -0.136573791503906 -0.0179557800292969 0.00646781921386718
0.02813720703125 -0.114608764648438 0.0921096801757812 -0.138664245605469
-0.0749359130859375 -0.0859603881835937 0.0263671875 -0.307525634765625
-0.110511779785156 0.0181655883789063 -0.156219482421875 -0.300567626953125
-0.0415115356445313 0.0884017944335938 -0.252639770507813 -0.177520751953125
0.0366973876953125 0.0805511474609375 -0.253387451171875 -0.0425872802734375
0.0941696166992187 0.0500640869140625 -0.206985473632813 0.0523529052734375
0.0853805541992188 0.0120620727539063 -0.143325805664063 0.050079345703125
0.076080322265625 0.0077667236328125 -0.0857772827148438 -0.0243911743164063
0.0944061279296875 0.0357131958007813 -0.017913818359375 -0.113365173339844
0.058746337890625 0.0847930908203125 0.09393310546875 -0.149856567382813
-0.0244522094726562 0.0951690673828125 0.2457275390625 -0.105224609375
-0.0823287963867188 0.0411529541015625 0.32794189453125 0.08685302734375
-0.0619888305664063 -0.0816192626953125 0.1993408203125 0.368255615234375
0.0338363647460937 -0.117630004882812 -0.01519775390625 0.308135986328125
0.0979690551757813 -0.0914230346679688 0.0137519836425781 0.00528717041015624
0.0043487548828125 -0.0578880310058594 0.08026123046875 -0.151382446289063
-0.0435714721679687 -0.0296134948730469 -0.00823974609375004 -0.301116943359375
-0.0532569885253906 0.0194244384765625 -0.185684204101562 -0.278884887695313
-0.00882720947265625 0.0429954528808594 -0.27569580078125 -0.154403686523438
0.0314311981201172 0.0320663452148437 -0.273529052734375 -0.020538330078125
0.0569725036621094 0.0117950439453125 -0.232894897460937 0.0719451904296875
0.0436439514160156 -0.00448226928710938 -0.169204711914062 0.0670318603515625
0.0437278747558594 -0.0100212097167969 -0.111785888671875 -0.01751708984375
0.0576553344726563 0.00623321533203125 -0.0401687622070312 -0.116310119628906
0.0411567687988281 0.0376815795898437 0.0896759033203125 -0.158355712890625
-0.00667572021484375 0.0477294921875 0.259109497070313 -0.0932464599609375
-0.0323238372802734 0.0179214477539063 0.3319091796875 0.12835693359375
-0.0158729553222656 -0.0386695861816406 0.166107177734375 0.416107177734375
0.0263099670410156 -0.0476341247558594 -0.044219970703125 0.3299560546875
0.0539360046386719 -0.0408210754394531 0.0347175598144531 0.0112285614013672
0.0536308288574219 -0.0252456665039063 0.00823974609375 -0.04058837890625
0.0280380249023438 -0.0439796447753906 0.07452392578125 -0.34735107421875
-0.0323982238769531 -0.0452537536621094 -0.182708740234375 -0.395751953125
-0.0475082397460937 -0.00399398803710938 -0.33441162109375 -0.1566162109375
-0.024566650390625 0.0167579650878906 -0.243087768554688 0.08514404296875
-0.00927925109863281 0.0263023376464844 -0.06353759765625 0.179779052734375
0.000307083129882815 0.0233726501464844 0.08135986328125 0.105125427246094
-0.000944137573242188 0.0145931243896484 0.14080810546875 -0.008209228515625
0.00481605529785156 0.018524169921875 0.173629760742188 -0.084808349609375
0.00372886657714844 0.0282535552978516 0.227920532226563 -0.07476806640625
-0.0101203918457031 0.0248031616210938 0.280563354492188 -0.0291900634765625
-0.0130710601806641 0.0163078308105469 0.281707763671875 0.100250244140625
-0.0155124664306641 -0.00464630126953125 0.191925048828125 0.290771484375
0.000709533691406249 -0.0105352401733398 0.041229248046875 0.29852294921875
0.0146732330322266 -0.0126743316650391 -0.0835189819335938 0.116012573242188
0.10919189453125 -0.0703506469726562 0.0229644775390625 -0.0440750122070313
0.0564498901367188 -0.113525390625 0.092254638671875 -0.342376708984375
-0.0581741333007813 -0.0979080200195313 -0.1534423828125 -0.392730712890625
-0.10040283203125 -0.00490570068359377 -0.303924560546875 -0.17022705078125
-0.0530204772949219 0.0553550720214844 -0.227279663085938 0.0597381591796875
0.009765625 0.076446533203125 -0.0625 0.158981323242188
0.04339599609375 0.0461692810058594 0.0730438232421875 0.0900344848632813
0.0385894775390625 0.0239410400390625 0.130874633789063 -0.0182876586914063
0.0498390197753906 0.0269889831542969 0.1649169921875 -0.093719482421875
0.0510330200195313 0.05279541015625 0.219757080078125 -0.0870819091796875
0.0168228149414063 0.0664787292480469 0.272842407226563 -0.04864501953125
-0.01806640625 0.0678939819335938 0.284332275390625 0.076019287109375
-0.0671768188476563 0.0131263732910156 0.210525512695313 0.273178100585938
-0.0419540405273438 -0.0510520935058594 0.0537109375 0.285980224609375
0.0193328857421875 -0.0739517211914063 -0.0797653198242188 0.106369018554688
0.138633728027344 -0.11419677734375 0.0453948974609375 -0.0512580871582031
0.0500640869140625 -0.17047119140625 0.095306396484375 -0.329071044921875
-0.0997695922851563 -0.123420715332031 -0.13739013671875 -0.366973876953125
-0.139785766601562 0.0147857666015625 -0.26922607421875 -0.167510986328125
-0.0623931884765625 0.0947265625 -0.204803466796875 0.030517578125
0.0365066528320313 0.112838745117188 -0.0675277709960938 0.124549865722656
0.0813827514648438 0.0592041015625 0.0465431213378906 0.0687065124511719
0.0709457397460938 0.0302276611328125 0.100898742675781 -0.0256729125976562
0.0895156860351563 0.035888671875 0.138641357421875 -0.0960006713867188
0.0888900756835938 0.0765609741210938 0.197219848632813 -0.0936126708984375
0.0342559814453125 0.105964660644531 0.255874633789063 -0.0631866455078125
-0.03131103515625 0.110458374023437 0.28369140625 0.05792236328125
-0.114967346191406 0.017486572265625 0.220474243164063 0.262054443359375
-0.070892333984375 -0.0936126708984375 0.0506439208984375 0.27685546875
0.0311126708984375 -0.125602722167969 -0.0785446166992188 0.0841293334960937
0.133316040039063 -0.15142822265625 0.0704574584960938 -0.0646209716796875
0.00627136230468748 -0.199462890625 0.08868408203125 -0.31280517578125
-0.146331787109375 -0.105300903320312 -0.124786376953125 -0.338958740234375
-0.152130126953125 0.0567474365234375 -0.237350463867188 -0.166030883789063
-0.045562744140625 0.125770568847656 -0.19085693359375 -0.00106811523437499
0.069976806640625 0.125808715820312 -0.0849151611328125 0.0872955322265625
0.109092712402344 0.05780029296875 0.00501251220703126 0.049591064453125
0.0936126708984375 0.0318222045898438 0.0570259094238281 -0.0295906066894531
0.11785888671875 0.04412841796875 0.100379943847656 -0.09515380859375
0.109519958496094 0.098602294921875 0.164520263671875 -0.098419189453125
0.032806396484375 0.1368408203125 0.235565185546875 -0.0760040283203125
-0.0570297241210938 0.132461547851563 0.281097412109375 0.0451812744140625
-0.147659301757813 -0.0018768310546875 0.220855712890625 0.260574340820313
-0.075408935546875 -0.136024475097656 0.0403900146484375 0.269454956054688
0.0536651611328125 -0.1585693359375 -0.0694046020507812 0.056060791015625
0.101303100585937 -0.166275024414062 0.0875473022460938 -0.0873260498046875
-0.046875 -0.1851806640625 0.07513427734375 -0.30584716796875
-0.167343139648438 -0.056884765625 -0.123199462890625 -0.317901611328125
-0.127944946289063 0.0953598022460937 -0.22198486328125 -0.170578002929687
-0.0103836059570312 0.134407043457031 -0.196060180664062 -0.0291595458984375
0.0986251831054688 0.112632751464844 -0.116989135742188 0.0586318969726562
0.11962890625 0.04510498046875 -0.0447235107421875 0.0391082763671875
0.101463317871094 0.0271835327148438 0.00592994689941407 -0.0302295684814453
0.127296447753906 0.0487213134765625 0.0552139282226563 -0.0962371826171875
0.106376647949219 0.111503601074219 0.128105163574219 -0.109779357910156
0.0127105712890625 0.148117065429688 0.219406127929688 -0.0918121337890625
-0.0874710083007813 0.123130798339844 0.28448486328125 0.03802490234375
-0.15130615234375 -0.041473388671875 0.221542358398437 0.270095825195313
-0.04840087890625 -0.164398193359375 0.0281829833984375 0.268447875976563
0.081024169921875 -0.161956787109375 -0.0496711730957031 0.0273780822753906
0.058746337890625 -0.152755737304688 0.0918197631835938 -0.114761352539063
-0.0807723999023437 -0.137954711914063 0.0484619140625 -0.3021240234375
-0.151260375976563 -0.00538635253906249 -0.135040283203125 -0.302398681640625
-0.0817794799804687 0.108467102050781 -0.228988647460937 -0.172348022460938
0.023712158203125 0.11505126953125 -0.218704223632813 -0.0404510498046875
0.109611511230469 0.0813522338867188 -0.158340454101562 0.0493621826171875
0.111312866210938 0.0258407592773438 -0.09527587890625 0.0412826538085938
0.0943374633789063 0.017822265625 -0.0443000793457031 -0.0274124145507812
0.118583679199219 0.044921875 0.0108795166015625 -0.101119995117188
0.0871047973632813 0.106849670410156 0.098785400390625 -0.129547119140625
-0.0109634399414063 0.134185791015625 0.21856689453125 -0.108062744140625
-0.0988998413085937 0.086700439453125 0.298583984375 0.04345703125
-0.118782043457031 -0.0756149291992188 0.220184326171875 0.298583984375
-0.00640869140625 -0.160385131835938 0.0155792236328125 0.278472900390625
0.0975494384765625 -0.138252258300781 -0.0187740325927734 0.00906181335449218
0.0234527587890625 -0.111618041992188 0.0843658447265625 -0.138168334960937
-0.0773162841796875 -0.0785064697265625 0.013946533203125 -0.29840087890625
-0.106376647949219 0.0227584838867187 -0.16229248046875 -0.2845458984375
-0.036773681640625 0.087432861328125 -0.250015258789063 -0.160964965820312
0.0392913818359375 0.076202392578125 -0.244735717773438 -0.0303192138671875
0.0941009521484375 0.0429000854492188 -0.195968627929688 0.05950927734375
0.0836105346679688 0.00724029541015625 -0.135475158691406 0.0550537109375
0.0733871459960938 0.00348663330078125 -0.0852432250976563 -0.0208663940429687
0.0919036865234375 0.029022216796875 -0.0251083374023437 -0.107292175292969
0.061431884765625 0.0796661376953125 0.0814208984375 -0.147979736328125
-0.0198211669921875 0.094970703125 0.230392456054688 -0.1138916015625
-0.0790557861328125 0.0432281494140625 0.317962646484375 0.067230224609375
-0.0633316040039063 -0.0772247314453125 0.208404541015625 0.346710205078125
0.026153564453125 -0.116546630859375 -0.00280761718750001 0.30126953125
0.0890960693359375 -0.0930557250976563 0.0121746063232422 0.00500297546386718
0.00232696533203124 -0.0556755065917969 0.0733489990234375 -0.151321411132813
-0.0434646606445313 -0.0252265930175781 -0.018768310546875 -0.290557861328125
-0.050567626953125 0.0218276977539063 -0.190902709960938 -0.260772705078125
-0.0067901611328125 0.0432586669921875 -0.271942138671875 -0.13751220703125
0.03131103515625 0.0295524597167969 -0.263641357421875 -0.00743103027343749
0.0557861328125 0.00859451293945313 -0.219924926757813 0.08111572265625
0.0416374206542969 -0.00718307495117188 -0.16015625 0.072113037109375
0.0401878356933594 -0.0110740661621094 -0.110595703125 -0.0121002197265625
0.055450439453125 0.00222396850585938 -0.046630859375 -0.108749389648437
0.041961669921875 0.0338897705078125 0.077392578125 -0.15655517578125
-0.00481414794921875 0.0472335815429688 0.244430541992188 -0.103317260742188
-0.0322284698486328 0.0182685852050781 0.324127197265625 0.108123779296875
-0.0165824890136719 -0.0377769470214844 0.178466796875 0.39569091796875
0.0216102600097656 -0.0488319396972656 -0.029876708984375 0.3238525390625
0.0476493835449219 -0.0421028137207031 0.0324916839599609 0.0117092132568359
0.053253173828125 -0.0255813598632812 0.00606918334960938 -0.0395736694335938
0.0275650024414063 -0.0421524047851563 0.06988525390625 -0.34149169921875
-0.0328483581542969 -0.0430450439453125 -0.1810302734375 -0.387054443359375
-0.0469436645507812 -0.00323486328125 -0.326416015625 -0.15045166015625
-0.0241718292236328 0.0164852142333984 -0.234298706054688 0.0877532958984375
-0.0083465576171875 0.0257015228271484 -0.0560760498046875 0.177841186523437
0.000749588012695312 0.0233345031738281 0.08258056640625 0.100509643554688
-0.00266742706298828 0.015167236328125 0.137504577636719 -0.0127029418945312
0.00368309020996094 0.0178699493408203 0.1671142578125 -0.08575439453125
0.00470352172851562 0.0277271270751953 0.221054077148438 -0.0761566162109375
-0.00996017456054688 0.0262680053710938 0.272674560546875 -0.033782958984375
-0.0134134292602539 0.0160427093505859 0.276687622070313 0.0929107666015625
-0.0151710510253906 -0.00498771667480468 0.194366455078125 0.282196044921875
0.000275611877441407 -0.011505126953125 0.045135498046875 0.294677734375
0.0130910873413086 -0.0137643814086914 -0.082305908203125 0.11798095703125
0.107177734375 -0.0704498291015625 0.0210533142089844 -0.0429458618164063
0.0541534423828125 -0.1104736328125 0.087188720703125 -0.337005615234375
-0.0600662231445312 -0.09576416015625 -0.152740478515625 -0.383514404296875
-0.0993194580078125 -0.00299835205078123 -0.29791259765625 -0.165069580078125
-0.0511894226074219 0.0553169250488281 -0.218460083007813 0.0617828369140625
0.0107803344726563 0.0739593505859375 -0.0550537109375 0.156295776367188
0.0429878234863281 0.04510498046875 0.07440185546875 0.0856170654296875
0.0358657836914062 0.0239830017089844 0.126968383789063 -0.022613525390625
0.0482292175292969 0.0258216857910156 0.158309936523438 -0.095062255859375
0.0512123107910156 0.0514678955078125 0.212692260742187 -0.08837890625
0.0169258117675781 0.0665092468261719 0.26446533203125 -0.0529632568359375
-0.016815185546875 0.0663337707519531 0.279800415039063 0.0688934326171875
-0.0661125183105469 0.0129165649414063 0.21197509765625 0.26434326171875
-0.0429611206054688 -0.0514869689941406 0.056396484375 0.28125
0.0166854858398438 -0.0736923217773438 -0.0789108276367188 0.107864379882812
0.136466979980469 -0.114875793457031 0.0432205200195313 -0.049591064453125
0.047210693359375 -0.166305541992188 0.092315673828125 -0.322601318359375
-0.100471496582031 -0.120063781738281 -0.13470458984375 -0.359466552734375
-0.138221740722656 0.0167160034179688 -0.263351440429688 -0.1611328125
-0.0599365234375 0.0933303833007813 -0.19720458984375 0.0329437255859375
0.037811279296875 0.109184265136719 -0.0594100952148438 0.122573852539062
0.0804901123046875 0.0567169189453125 0.0478897094726563 0.0648460388183594
0.0687370300292969 0.0291061401367188 0.0969161987304688 -0.0289306640625
0.0867538452148438 0.0327377319335938 0.133338928222656 -0.0967788696289063
0.0897140502929688 0.0735244750976563 0.191085815429688 -0.09429931640625
0.0349349975585938 0.104682922363281 0.247543334960938 -0.06683349609375
-0.0297317504882813 0.108688354492188 0.277069091796875 0.051361083984375
-0.112037658691406 0.0173873901367187 0.220993041992188 0.252975463867188
-0.0727996826171875 -0.0932769775390625 0.053466796875 0.273361206054688
0.0267333984375 -0.125137329101563 -0.07855224609375 0.0868682861328125
0.1300048828125 -0.151412963867188 0.0677986145019531 -0.0630531311035156
0.00277709960937499 -0.194900512695313 0.086151123046875 -0.3070068359375
-0.146286010742187 -0.10223388671875 -0.12274169921875 -0.33013916015625
-0.14935302734375 0.058074951171875 -0.232192993164062 -0.160537719726563
-0.042999267578125 0.124435424804687 -0.18487548828125 0.00122070312500002
0.0716629028320312 0.121284484863281 -0.078155517578125 0.0861358642578125
0.108200073242188 0.0547943115234375 0.00677108764648438 0.0466384887695313
0.0906219482421875 0.0300979614257813 0.0539588928222656 -0.0320968627929688
0.115585327148438 0.0399551391601563 0.095245361328125 -0.09515380859375
0.110343933105469 0.0942916870117188 0.158584594726563 -0.0984039306640625
0.0346298217773438 0.135818481445313 0.227523803710938 -0.07904052734375
-0.0548171997070313 0.131263732910156 0.274017333984375 0.038848876953125
-0.145980834960938 -0.000411987304687477 0.220626831054688 0.2525634765625
-0.078369140625 -0.13470458984375 0.042633056640625 0.265884399414063
0.048370361328125 -0.157485961914063 -0.0693130493164063 0.057952880859375
0.0989532470703125 -0.164337158203125 0.0846633911132813 -0.0855484008789063
-0.0489501953125 -0.18048095703125 0.0723876953125 -0.299652099609375
-0.166152954101563 -0.053375244140625 -0.12158203125 -0.3101806640625
-0.124961853027344 0.0964889526367188 -0.217575073242188 -0.165145874023438
-0.00858306884765625 0.132820129394531 -0.189926147460937 -0.0267791748046875
0.0995941162109375 0.108177185058594 -0.111381530761719 0.0580520629882813
0.117828369140625 0.041595458984375 -0.0430526733398437 0.0376091003417969
0.0987625122070313 0.0262680053710938 0.00302696228027344 -0.0303554534912109
0.124908447265625 0.0443191528320312 0.0508956909179687 -0.0944976806640625
0.108177185058594 0.107536315917969 0.122596740722656 -0.108917236328125
0.0149688720703125 0.148178100585938 0.2117919921875 -0.09442138671875
-0.0850677490234375 0.122787475585937 0.2777099609375 0.0317840576171875
-0.149688720703125 -0.0396881103515625 0.22216796875 0.261474609375
-0.0521087646484375 -0.162841796875 0.03009033203125 0.265304565429688
0.074859619140625 -0.161392211914063 -0.050262451171875 0.029449462890625
0.0568695068359375 -0.1512451171875 0.0893325805664063 -0.112998962402344
-0.0815200805664062 -0.133865356445313 0.046356201171875 -0.296173095703125
-0.149810791015625 -0.00253295898437502 -0.13421630859375 -0.295257568359375
-0.079132080078125 0.108039855957031 -0.2252197265625 -0.167373657226563
0.0257949829101563 0.113716125488281 -0.212844848632812 -0.03729248046875
0.109970092773438 0.0769119262695313 -0.152191162109375 0.0500335693359375
0.109710693359375 0.0228652954101563 -0.091888427734375 0.0421142578125
0.0919113159179688 0.0164337158203125 -0.0454330444335937 -0.0260276794433594
0.115699768066406 0.0406723022460938 0.00761413574218752 -0.0980300903320312
0.08868408203125 0.103530883789063 0.093048095703125 -0.1260986328125
-0.00831604003906249 0.133293151855469 0.209259033203125 -0.110382080078125
-0.0973587036132813 0.087646484375 0.2916259765625 0.037322998046875
-0.118980407714844 -0.0733642578125 0.22100830078125 0.28887939453125
-0.00994873046874999 -0.157928466796875 0.0177001953125 0.27459716796875
0.0921554565429687 -0.137474060058594 -0.0206756591796875 0.0108718872070312
0.0226669311523437 -0.111099243164063 0.08270263671875 -0.136802673339844
-0.0762100219726563 -0.0749130249023437 0.0126953125 -0.2921142578125
-0.104385375976563 0.024658203125 -0.161224365234375 -0.278335571289063
-0.0349502563476563 0.0869522094726563 -0.246932983398438 -0.155288696289063
0.0398330688476563 0.074615478515625 -0.239532470703125 -0.0267486572265625
0.0933685302734375 0.0395355224609375 -0.1890869140625 0.06085205078125
0.0816879272460938 0.0048980712890625 -0.131301879882813 0.0562820434570312
0.0702972412109375 0.0029296875 -0.0851593017578125 -0.0178298950195313
0.090301513671875 0.0259552001953125 -0.0283966064453125 -0.103225708007813
0.06292724609375 0.0772476196289063 0.075531005859375 -0.144943237304687
-0.0179061889648437 0.0953216552734375 0.220916748046875 -0.115707397460938
-0.0780181884765625 0.045013427734375 0.309417724609375 0.061279296875
-0.0636444091796875 -0.0761642456054688 0.21038818359375 0.33685302734375
0.0218582153320313 -0.116256713867188 3.0517578124995E-05 0.29730224609375
0.0837326049804688 -0.0924224853515625 0.0107250213623047 0.00693893432617187
0.00281143188476563 -0.055694580078125 0.0707244873046875 -0.149749755859375
-0.041534423828125 -0.0228080749511719 -0.0206298828125 -0.285064697265625
-0.0487747192382812 0.0234184265136719 -0.188705444335937 -0.254150390625
-0.00616836547851563 0.0431327819824219 -0.267227172851563 -0.132659912109375
0.0315799713134766 0.02850341796875 -0.25726318359375 -0.0034027099609375
0.056304931640625 0.00640869140625 -0.212539672851563 0.0832061767578125
0.0414199829101563 -0.0080108642578125 -0.155197143554688 0.0732879638671875
0.0380363464355469 -0.0114250183105469 -0.110511779785156 -0.00926208496093751
0.0534095764160156 0.00127410888671875 -0.0496673583984375 -0.104911804199219
0.0420951843261719 0.032806396484375 0.0704498291015625 -0.152435302734375
-0.00358963012695312 0.0484733581542969 0.2342529296875 -0.106475830078125
-0.0319576263427734 0.0186500549316406 0.316650390625 0.100067138671875
-0.01751708984375 -0.0372695922851562 0.179290771484375 0.384979248046875
0.0195579528808594 -0.0487747192382813 -0.026580810546875 0.32061767578125
0.0440673828125 -0.0415992736816406 0.0312099456787109 0.0119705200195312
0.0540695190429687 -0.0263900756835937 0.00576019287109376 -0.0394020080566406
0.0280647277832031 -0.0416717529296875 0.07183837890625 -0.344482421875
-0.0328750610351563 -0.0422706604003906 -0.182159423828125 -0.389923095703125
-0.0481948852539062 -0.00206375122070313 -0.3282470703125 -0.151397705078125
-0.0245018005371094 0.0158195495605469 -0.232513427734375 0.090362548828125
-0.00848197937011719 0.0248622894287109 -0.0504913330078125 0.179718017578125
0.000251770019531248 0.0244407653808594 0.086273193359375 0.0994110107421875
-0.00391960144042969 0.0172615051269531 0.136810302734375 -0.0152435302734375
0.00255966186523438 0.0183181762695313 0.166976928710938 -0.087738037109375
0.005096435546875 0.0288314819335938 0.221282958984375 -0.078369140625
-0.00921630859375 0.0281429290771484 0.271881103515625 -0.0367431640625
-0.0142583847045898 0.0161857604980469 0.27825927734375 0.090301513671875
-0.0155124664306641 -0.00656795501708984 0.198211669921875 0.282562255859375
-0.000176429748535158 -0.0120382308959961 0.047882080078125 0.298736572265625
0.0118675231933594 -0.01361083984375 -0.0853042602539063 0.121833801269531
0.109054565429687 -0.0727691650390625 0.020050048828125 -0.0425834655761719
0.0548019409179688 -0.111106872558594 0.08941650390625 -0.339447021484375
-0.0606155395507812 -0.0964508056640625 -0.15277099609375 -0.38726806640625
-0.100776672363281 -0.00228118896484376 -0.300140380859375 -0.1651611328125
-0.0522384643554688 0.0555953979492188 -0.217559814453125 0.0633087158203125
0.0111312866210938 0.0741729736328125 -0.04925537109375 0.15728759765625
0.0434837341308594 0.0451240539550781 0.07647705078125 0.08355712890625
0.034637451171875 0.0248203277587891 0.126213073730469 -0.0261917114257812
0.0468177795410156 0.0255889892578125 0.1571044921875 -0.0972442626953125
0.0533065795898438 0.0507164001464844 0.213088989257813 -0.0908050537109375
0.0183982849121094 0.0687217712402344 0.264862060546875 -0.0564117431640625
-0.018310546875 0.0677299499511719 0.2811279296875 0.0671844482421875
-0.0677528381347656 0.0124092102050781 0.216506958007813 0.264190673828125
-0.0452613830566406 -0.0527610778808594 0.058685302734375 0.286346435546875
0.0145721435546875 -0.0758132934570313 -0.0821609497070313 0.113121032714844
0.138587951660156 -0.1175537109375 0.0431480407714844 -0.0489921569824219
0.0471954345703125 -0.16876220703125 0.0943603515625 -0.32489013671875
-0.103034973144531 -0.120407104492188 -0.13531494140625 -0.3616943359375
-0.14068603515625 0.017974853515625 -0.264602661132812 -0.162033081054688
-0.0597991943359375 0.095245361328125 -0.196014404296875 0.0342864990234375
0.0395431518554687 0.109642028808594 -0.0548629760742188 0.123031616210938
0.08135986328125 0.056640625 0.049407958984375 0.0630149841308594
0.067474365234375 0.030242919921875 0.0958251953125 -0.0327911376953125
0.087127685546875 0.0320968627929688 0.131706237792969 -0.0987319946289063
0.091888427734375 0.0733413696289063 0.190841674804688 -0.095855712890625
0.0366287231445312 0.107467651367188 0.247940063476563 -0.070465087890625
-0.0302658081054687 0.110504150390625 0.278976440429687 0.0498046875
-0.11468505859375 0.017364501953125 0.224533081054688 0.25390625
-0.0767898559570313 -0.0948638916015625 0.0545654296875 0.277755737304688
0.0251007080078125 -0.127494812011719 -0.0810546875 0.0918197631835937
0.1322021484375 -0.15521240234375 0.0686721801757813 -0.0626411437988281
0.00140380859375 -0.196701049804688 0.088592529296875 -0.3096923828125
-0.14947509765625 -0.101654052734375 -0.122344970703125 -0.33416748046875
-0.151779174804688 0.060791015625 -0.232711791992188 -0.161331176757813
-0.0421218872070313 0.127120971679687 -0.183700561523438 0.00183105468750001
0.0741195678710937 0.121475219726563 -0.074951171875 0.0863494873046875
0.1092529296875 0.0540237426757813 0.00794219970703125 0.0458450317382812
0.0901641845703125 0.0306320190429688 0.0524101257324219 -0.0343666076660156
0.115608215332031 0.0391159057617188 0.0938568115234375 -0.0963897705078125
0.113922119140625 0.0941314697265625 0.158004760742187 -0.0994415283203125
0.0364227294921875 0.139274597167969 0.227081298828125 -0.0818328857421875
-0.055755615234375 0.133674621582031 0.275375366210938 0.0371551513671875
-0.149307250976562 -0.000671386718750004 0.224853515625 0.252182006835938
-0.083282470703125 -0.136787414550781 0.04351806640625 0.270126342773438
0.0460357666015625 -0.160491943359375 -0.0724945068359375 0.0622100830078125
0.100448608398437 -0.169097900390625 0.0865554809570313 -0.08587646484375
-0.0509033203125 -0.181243896484375 0.074951171875 -0.301910400390625
-0.169326782226563 -0.0529022216796875 -0.12261962890625 -0.314666748046875
-0.12652587890625 0.0992965698242187 -0.21856689453125 -0.166839599609375
-0.00701904296875001 0.134941101074219 -0.190322875976563 -0.02618408203125
0.102203369140625 0.107795715332031 -0.109413146972656 0.057891845703125
0.119125366210938 0.04132080078125 -0.0424346923828125 0.0380592346191406
0.0979843139648437 0.0263214111328125 0.00171852111816407 -0.0316314697265625
0.12548828125 0.042877197265625 0.0489654541015625 -0.0951080322265625
0.111335754394531 0.107162475585938 0.1217041015625 -0.108772277832031
0.016937255859375 0.151718139648438 0.210372924804688 -0.09716796875
-0.08563232421875 0.125991821289063 0.277862548828125 0.0294189453125
-0.153518676757813 -0.0403594970703125 0.225936889648438 0.262725830078125
-0.0570526123046875 -0.164901733398438 0.03173828125 0.269317626953125
0.073883056640625 -0.1639404296875 -0.0528717041015625 0.0321578979492188
0.0579833984375 -0.155364990234375 0.09161376953125 -0.114051818847656
-0.0832595825195313 -0.133644104003906 0.04766845703125 -0.2989501953125
-0.1512451171875 -0.00082397460937498 -0.1351318359375 -0.29913330078125
-0.0799102783203125 0.110908508300781 -0.226821899414063 -0.168609619140625
0.026611328125 0.115165710449219 -0.213729858398438 -0.0370025634765625
0.112464904785156 0.0760955810546875 -0.151657104492188 0.050872802734375
0.1107177734375 0.021331787109375 -0.0921707153320313 0.04351806640625
0.0919723510742188 0.0163803100585938 -0.0475120544433594 -0.0260543823242187
0.116645812988281 0.0394363403320313 0.00520324707031252 -0.0971832275390625
0.0923614501953125 0.1029052734375 0.0908355712890625 -0.126449584960938
-0.00708007812499999 0.137413024902344 0.20806884765625 -0.112655639648437
-0.0988235473632813 0.0899658203125 0.29150390625 0.035125732421875
-0.121963500976563 -0.0750350952148437 0.225494384765625 0.290740966796875
-0.0143280029296875 -0.16143798828125 0.0186767578125 0.279541015625
0.0907058715820313 -0.139701843261719 -0.0228710174560547 0.0127849578857422
0.0233078002929688 -0.114128112792969 0.0842666625976563 -0.138412475585938
-0.0769882202148438 -0.0745162963867188 0.014068603515625 -0.2950439453125
-0.104721069335938 0.0261306762695312 -0.162521362304688 -0.28076171875
-0.0347442626953125 0.0887832641601563 -0.248306274414063 -0.156097412109375
0.0406951904296875 0.076019287109375 -0.240509033203125 -0.0256500244140625
0.0954132080078125 0.039031982421875 -0.189239501953125 0.0631866455078124
0.0827560424804688 0.0037994384765625 -0.132797241210937 0.0582504272460938
0.0702476501464844 0.00326156616210938 -0.088653564453125 -0.0171356201171875
0.0899658203125 0.0250778198242187 -0.0311660766601562 -0.101890563964844
0.0652999877929688 0.0771484375 0.072845458984375 -0.144775390625
-0.0164566040039063 0.098602294921875 0.218719482421875 -0.11962890625
-0.0797576904296875 0.0461502075195312 0.3094482421875 0.05889892578125
-0.0666732788085937 -0.077728271484375 0.2142333984375 0.33856201171875
0.0196456909179687 -0.118156433105469 0.001220703125 0.302093505859375
0.08251953125 -0.0933837890625 0.00922012329101563 0.00723457336425781
0.0030517578125 -0.0568161010742188 0.0719757080078125 -0.15289306640625
-0.0412673950195313 -0.0229072570800781 -0.01947021484375 -0.288116455078125
-0.0480918884277344 0.0243721008300781 -0.190383911132812 -0.25640869140625
-0.0061187744140625 0.0434761047363281 -0.270004272460938 -0.132568359375
0.0319557189941406 0.0290298461914063 -0.258819580078125 -0.00146484374999995
0.0564498901367187 0.00632858276367187 -0.212310791015625 0.0859222412109375
0.0414848327636719 -0.0085296630859375 -0.156539916992187 0.0769805908203125
0.0377273559570313 -0.0116462707519531 -0.114158630371094 -0.00705718994140623
0.0525131225585938 -4.57763671875E-05 -0.052886962890625 -0.102500915527344
0.0439720153808594 0.032623291015625 0.0679168701171875 -0.153106689453125
-0.002899169921875 0.050079345703125 0.232162475585938 -0.10931396484375
-0.0335826873779297 0.0196571350097656 0.317230224609375 0.09771728515625
-0.0186538696289063 -0.0388755798339844 0.18353271484375 0.387664794921875
0.0178794860839844 -0.0488014221191406 -0.02606201171875 0.326202392578125
0.0424995422363281 -0.0411796569824219 0.0305671691894531 0.0136260986328125
0.055755615234375 -0.02947998046875 0.00358581542968751 -0.039764404296875
0.0299873352050781 -0.0431938171386719 0.069976806640625 -0.358306884765625
-0.0344886779785156 -0.0424003601074219 -0.194671630859375 -0.400421142578125
-0.0500297546386719 -0.000549316406250001 -0.341796875 -0.15087890625
-0.0257606506347656 0.0163803100585938 -0.236297607421875 0.0983734130859375
-0.00811576843261719 0.0257167816162109 -0.0436248779296875 0.18634033203125
0.00021171569824219 0.0257244110107422 0.0927810668945313 0.09954833984375
-0.00467681884765625 0.0191822052001953 0.1397705078125 -0.0211563110351562
0.00145339965820312 0.0199069976806641 0.168991088867188 -0.0943450927734375
0.00592231750488281 0.0295467376708984 0.22601318359375 -0.0851898193359375
-0.00833892822265625 0.0301952362060547 0.279647827148438 -0.0446929931640625
-0.0153636932373047 0.0173940658569336 0.28948974609375 0.087005615234375
-0.0172872543334961 -0.007110595703125 0.212493896484375 0.2877197265625
-0.00171852111816406 -0.0130453109741211 0.056243896484375 0.310577392578125
0.0110311508178711 -0.0145902633666992 -0.0880889892578125 0.132125854492187
0.112159729003906 -0.0786819458007813 0.0187339782714844 -0.0430870056152344
0.0559768676757813 -0.116111755371094 0.086669921875 -0.352813720703125
-0.0645904541015625 -0.0985107421875 -0.16448974609375 -0.3985595703125
-0.105087280273438 -0.0004730224609375 -0.3126220703125 -0.1651611328125
-0.0534210205078125 0.0589561462402344 -0.220474243164063 0.070953369140625
0.0142440795898438 0.0763778686523438 -0.0426483154296875 0.163131713867188
0.0459480285644531 0.0465965270996094 0.0827484130859375 0.0828323364257813
0.03521728515625 0.0269432067871094 0.127540588378906 -0.0313796997070313
0.0482139587402344 0.0257339477539063 0.158920288085938 -0.104568481445313
0.056396484375 0.0515289306640625 0.217315673828125 -0.0979156494140625
0.021453857421875 0.0723342895507813 0.270339965820312 -0.0644073486328125
-0.0184555053710937 0.0708999633789063 0.2911376953125 0.062835693359375
-0.071380615234375 0.012969970703125 0.230987548828125 0.269317626953125
-0.0503883361816406 -0.0541000366210937 0.066802978515625 0.297271728515625
0.0121002197265625 -0.078857421875 -0.0850830078125 0.122604370117187
0.141647338867188 -0.126708984375 0.0427818298339844 -0.0496749877929688
0.0452728271484375 -0.175155639648438 0.0933837890625 -0.3372802734375
-0.109375 -0.123764038085938 -0.145660400390625 -0.373443603515625
-0.145751953125 0.0224761962890625 -0.275299072265625 -0.163177490234375
-0.0618820190429688 0.100486755371094 -0.199432373046875 0.038909912109375
0.0439071655273438 0.112167358398438 -0.0500106811523437 0.126983642578125
0.0856170654296875 0.056640625 0.0531349182128906 0.0623359680175781
0.0688400268554688 0.0313796997070313 0.0964126586914063 -0.0370941162109375
0.0896759033203125 0.0320587158203125 0.1319580078125 -0.105354309082031
0.0979537963867188 0.0726470947265625 0.193878173828125 -0.102783203125
0.0416641235351563 0.112083435058594 0.251678466796875 -0.0789031982421875
-0.0294113159179687 0.116256713867188 0.287750244140625 0.044708251953125
-0.12042236328125 0.0198745727539062 0.238510131835937 0.257476806640625
-0.0843124389648437 -0.0972747802734375 0.062469482421875 0.2882080078125
0.021240234375 -0.132965087890625 -0.0848159790039062 0.0996322631835937
0.134918212890625 -0.166168212890625 0.0695343017578125 -0.0644111633300781
-0.00286865234375001 -0.204132080078125 0.08831787109375 -0.321563720703125
-0.1578369140625 -0.102920532226562 -0.13214111328125 -0.344573974609375
-0.156982421875 0.0670013427734375 -0.242401123046875 -0.162933349609375
-0.04150390625 0.133132934570313 -0.187469482421875 0.00500488281249998
0.0802764892578125 0.123542785644531 -0.0717926025390625 0.0887298583984375
0.1142578125 0.05322265625 0.00933837890625001 0.0458831787109375
0.0924301147460937 0.031890869140625 0.0506477355957031 -0.0375442504882812
0.118980407714844 0.0378189086914063 0.0933303833007813 -0.101181030273438
0.121223449707031 0.0934295654296875 0.160797119140625 -0.105392456054688
0.0423583984375 0.145004272460938 0.230300903320313 -0.089691162109375
-0.0559234619140625 0.140823364257813 0.283233642578125 0.032562255859375
-0.156661987304688 0.00193786621093748 0.237564086914062 0.256057739257813
-0.0930099487304687 -0.140312194824219 0.0500335693359375 0.281097412109375
0.04278564453125 -0.167739868164063 -0.0765609741210938 0.0687713623046875
0.101318359375 -0.180465698242187 0.088775634765625 -0.08856201171875
-0.057342529296875 -0.186904907226563 0.073974609375 -0.31402587890625
-0.177459716796875 -0.0513763427734375 -0.129791259765625 -0.325042724609375
-0.130218505859375 0.106941223144531 -0.229232788085938 -0.168899536132813
-0.00428771972656251 0.140853881835938 -0.195602416992187 -0.0236358642578125
0.108848571777344 0.107879638671875 -0.109458923339844 0.0609283447265625
0.124794006347656 0.0391998291015625 -0.0433616638183594 0.0395660400390625
0.100921630859375 0.0267868041992188 -0.00138473510742187 -0.032867431640625
0.129623413085938 0.0415878295898438 0.0467758178710938 -0.0977935791015625
0.119674682617187 0.106956481933594 0.122184753417969 -0.113899230957031
0.022705078125 0.158859252929688 0.213027954101563 -0.10467529296875
-0.0876998901367188 0.133712768554688 0.28466796875 0.024169921875
-0.1622314453125 -0.0388946533203125 0.23968505859375 0.26544189453125
-0.066314697265625 -0.170516967773438 0.03656005859375 0.280166625976563
0.07061767578125 -0.172119140625 -0.0573387145996094 0.0369300842285156
0.0576019287109375 -0.164520263671875 0.0936660766601562 -0.11956787109375
-0.0889053344726563 -0.135490417480469 0.04644775390625 -0.310791015625
-0.158584594726563 0.00259399414062502 -0.143890380859375 -0.30914306640625
-0.0807113647460938 0.117668151855469 -0.237152099609375 -0.170440673828125
0.0304031372070312 0.1201171875 -0.221084594726563 -0.0344696044921875
0.1187744140625 0.07537841796875 -0.154083251953125 0.05511474609375
0.11553955078125 0.0195999145507813 -0.0951461791992187 0.04718017578125
0.0943069458007813 0.0166168212890625 -0.0516891479492187 -0.0246162414550781
0.121070861816406 0.0382080078125 0.00173187255859376 -0.0988082885742188
0.0992660522460938 0.103805541992188 0.0897293090820313 -0.13134765625
-0.00247192382812499 0.144927978515625 0.20947265625 -0.121139526367187
-0.101943969726562 0.0972442626953125 0.29962158203125 0.02899169921875
-0.130073547363281 -0.075927734375 0.2391357421875 0.296112060546875
-0.021026611328125 -0.166885375976563 0.024383544921875 0.290771484375
0.0889129638671875 -0.146621704101563 -0.0257015228271484 0.0151615142822266
0.0230026245117188 -0.121253967285156 0.08636474609375 -0.145858764648438
-0.0807647705078125 -0.0750732421875 0.0113525390625 -0.3070068359375
-0.108383178710938 0.03021240234375 -0.1727294921875 -0.2896728515625
-0.0342330932617188 0.0938034057617188 -0.25994873046875 -0.15716552734375
0.0446701049804687 0.0787582397460938 -0.248336791992187 -0.022125244140625
0.100296020507813 0.0373153686523438 -0.193023681640625 0.0694732666015625
0.0855941772460938 0.002410888671875 -0.136154174804688 0.0643844604492187
0.0721588134765625 0.00295257568359375 -0.0936508178710937 -0.013763427734375
0.0935287475585938 0.0239028930664063 -0.0357742309570312 -0.102287292480469
0.070709228515625 0.0776824951171875 0.0703887939453125 -0.149444580078125
-0.0136032104492188 0.104438781738281 0.220550537109375 -0.129425048828125
-0.0825347900390625 0.0511856079101563 0.319091796875 0.053558349609375
-0.0720672607421875 -0.079986572265625 0.228851318359375 0.3447265625
0.0159072875976563 -0.122055053710937 0.00729370117187503 0.315338134765625
0.0822906494140625 -0.0982666015625 0.00802612304687501 0.00929260253906249
0.00297927856445313 -0.0607032775878906 0.0733642578125 -0.160812377929688
-0.0410652160644531 -0.0216560363769531 -0.02374267578125 -0.299407958984375
-0.0490531921386719 0.0266342163085937 -0.201934814453125 -0.263397216796875
-0.00570297241210937 0.0455360412597656 -0.281768798828125 -0.13140869140625
0.0344104766845703 0.02972412109375 -0.266586303710938 0.00410461425781245
0.0599441528320313 0.00437164306640625 -0.215927124023438 0.0940093994140625
0.0433692932128906 -0.00995254516601563 -0.160537719726563 0.0843353271484375
0.0380706787109375 -0.0114212036132813 -0.120185852050781 -0.00222778320312503
0.0532188415527344 -0.00067901611328125 -0.0591201782226562 -0.102989196777344
0.0469322204589844 0.0312957763671875 0.0643768310546875 -0.1583251953125
-0.000816345214843748 0.0528602600097656 0.234359741210938 -0.119064331054688
-0.0350914001464844 0.0232486724853516 0.32763671875 0.094146728515625
-0.0218887329101562 -0.0404205322265625 0.198150634765625 0.39752197265625
0.0161476135253906 -0.0500755310058594 -0.02142333984375 0.34027099609375
0.0415802001953125 -0.0426483154296875 0.0307521820068359 0.0143508911132812
0.0558891296386719 -0.03472900390625 0.000381469726562502 -0.0400466918945313
0.0301780700683594 -0.0459747314453125 0.0540771484375 -0.375823974609375
-0.0364608764648437 -0.0419273376464844 -0.22174072265625 -0.40765380859375
-0.0520439147949219 0.00263977050781251 -0.362213134765625 -0.138702392578125
-0.0266628265380859 0.0189609527587891 -0.23687744140625 0.115982055664062
-0.00744247436523438 0.0272216796875 -0.0301361083984375 0.193954467773438
0.000907897949218753 0.0284252166748047 0.103096008300781 0.0961837768554688
-0.00445175170898437 0.0231227874755859 0.142166137695313 -0.030181884765625
0.0017852783203125 0.0218181610107422 0.170303344726563 -0.107009887695312
0.00834465026855469 0.0305004119873047 0.229263305664062 -0.10040283203125
-0.00573348999023437 0.0324001312255859 0.286407470703125 -0.06207275390625
-0.016326904296875 0.0200977325439453 0.3046875 0.074981689453125
-0.0203037261962891 -0.00664138793945312 0.23760986328125 0.28729248046875
-0.00300025939941406 -0.0133543014526367 0.075836181640625 0.322784423828125
0.0103263854980469 -0.0156736373901367 -0.0868072509765625 0.146224975585938
0.113227844238281 -0.08990478515625 0.0167236328125 -0.0438346862792969
0.05279541015625 -0.123428344726562 0.07379150390625 -0.371185302734375
-0.0721817016601563 -0.099212646484375 -0.19183349609375 -0.406494140625
-0.109931945800781 0.00646209716796876 -0.332305908203125 -0.15478515625
-0.0528488159179688 0.0643386840820313 -0.223190307617187 0.0855712890625
0.0189743041992188 0.0788345336914063 -0.030364990234375 0.169570922851563
0.0495986938476563 0.0456008911132813 0.092193603515625 0.0798797607421875
0.0364646911621094 0.0284614562988281 0.128883361816406 -0.0410232543945313
0.0508308410644531 0.0256729125976563 0.159149169921875 -0.116806030273438
0.0626716613769531 0.0503311157226563 0.220321655273437 -0.113235473632812
0.027557373046875 0.075653076171875 0.275924682617188 -0.082183837890625
-0.0154647827148437 0.0760726928710937 0.304595947265625 0.0498046875
-0.0756301879882813 0.0178375244140625 0.254470825195313 0.265960693359375
-0.0576820373535156 -0.0541496276855469 0.086181640625 0.307220458984375
0.00707244873046875 -0.08282470703125 -0.0847549438476562 0.136589050292969
0.141494750976563 -0.142105102539063 0.0417060852050781 -0.052093505859375
0.039031982421875 -0.185958862304688 0.080352783203125 -0.35552978515625
-0.121315002441406 -0.122833251953125 -0.168792724609375 -0.382171630859375
-0.1513671875 0.0325469970703125 -0.294525146484375 -0.155029296875
-0.0586318969726563 0.10858154296875 -0.202484130859375 0.0514373779296875
0.0529403686523437 0.113594055175781 -0.040130615234375 0.132217407226563
0.0919647216796875 0.0543594360351563 0.0597610473632813 0.0605201721191406
0.0723190307617188 0.0324172973632813 0.095703125 -0.04522705078125
0.09405517578125 0.0289154052734375 0.130416870117187 -0.116493225097656
0.106903076171875 0.0688858032226563 0.195724487304688 -0.115982055664062
0.0516281127929687 0.115028381347656 0.255462646484375 -0.0944671630859375
-0.0259857177734375 0.123756408691406 0.29974365234375 0.030853271484375
-0.126998901367188 0.0269927978515625 0.262863159179688 0.254791259765625
-0.0951995849609375 -0.09625244140625 0.080413818359375 0.298095703125
0.0144805908203125 -0.140701293945313 -0.0859222412109375 0.112480163574219
0.13189697265625 -0.182785034179688 0.0702438354492188 -0.0683135986328125
-0.01434326171875 -0.212982177734375 0.07757568359375 -0.338775634765625
-0.170974731445313 -0.0986175537109375 -0.153076171875 -0.35400390625
-0.16094970703125 0.080230712890625 -0.2593994140625 -0.1573486328125
-0.03594970703125 0.1422119140625 -0.192367553710938 0.0150604248046875
0.0916748046875 0.123626708984375 -0.0660171508789063 0.0933761596679688
0.121803283691406 0.0487289428710937 0.01220703125 0.045989990234375
0.0969772338867188 0.0301895141601563 0.0480422973632813 -0.0415687561035156
0.125411987304688 0.0331344604492188 0.0908966064453125 -0.109657287597656
0.133079528808594 0.089385986328125 0.161087036132813 -0.117477416992187
0.05413818359375 0.150039672851563 0.231918334960937 -0.104598999023437
-0.0510711669921875 0.151779174804688 0.293701171875 0.0186767578125
-0.165802001953125 0.0103302001953125 0.261627197265625 0.252349853515625
-0.108352661132813 -0.14068603515625 0.06671142578125 0.2918701171875
0.034393310546875 -0.1768798828125 -0.0781478881835938 0.0794525146484375
0.0961761474609375 -0.19610595703125 0.0898208618164062 -0.0957565307617188
-0.069183349609375 -0.191787719726562 0.06396484375 -0.330963134765625
-0.189651489257813 -0.0438690185546875 -0.151519775390625 -0.33343505859375
-0.1297607421875 0.119880676269531 -0.245269775390625 -0.1644287109375
0.00360107421875001 0.147705078125 -0.202255249023437 -0.014556884765625
0.121696472167969 0.10614013671875 -0.108024597167969 0.067626953125
0.132026672363281 0.0331573486328125 -0.0438957214355469 0.0442543029785156
0.106376647949219 0.0246658325195312 -0.00534820556640624 -0.0330944061279297
0.137657165527344 0.0355987548828125 0.0426406860351563 -0.10333251953125
0.131370544433594 0.10321044921875 0.120246887207031 -0.123970031738281
0.0342254638671875 0.165786743164063 0.212142944335938 -0.120071411132812
-0.0850677490234375 0.146759033203125 0.294921875 0.010009765625
-0.173797607421875 -0.0325164794921875 0.262771606445313 0.263290405273438
-0.081024169921875 -0.1724853515625 0.05352783203125 0.29107666015625
0.0627593994140625 -0.1834716796875 -0.0599517822265625 0.04541015625
0.05169677734375 -0.177566528320313 0.0935592651367187 -0.128875732421875
-0.0995941162109375 -0.1375732421875 0.03521728515625 -0.327545166015625
-0.164520263671875 0.0119781494140625 -0.1671142578125 -0.31591796875
-0.077880859375 0.127830505371094 -0.254364013671875 -0.166244506835938
0.0384445190429688 0.123687744140625 -0.230743408203125 -0.0244140625
0.129119873046875 0.0705413818359375 -0.154937744140625 0.0641326904296875
0.121208190917969 0.013763427734375 -0.0965194702148437 0.05487060546875
0.098297119140625 0.0136871337890625 -0.0571784973144531 -0.0211753845214844
0.127433776855469 0.0328598022460937 -0.00518035888671875 -0.101593017578125
0.111122131347656 0.100982666015625 0.0842514038085937 -0.13922119140625
0.00709533691406251 0.152297973632813 0.208236694335938 -0.136917114257813
-0.102020263671875 0.107963562011719 0.30963134765625 0.014190673828125
-0.1422119140625 -0.071502685546875 0.264251708984375 0.292938232421875
-0.0335235595703125 -0.172988891601563 0.040008544921875 0.303009033203125
0.0836181640625 -0.157333374023438 -0.0285243988037109 0.0206680297851562
0.0175933837890625 -0.1302490234375 0.0843048095703125 -0.15667724609375
-0.0879592895507813 -0.073272705078125 -0.00271606445312503 -0.322509765625
-0.111076354980469 0.0370864868164063 -0.195037841796875 -0.29376220703125
-0.029876708984375 0.101051330566406 -0.277694702148438 -0.151123046875
0.051300048828125 0.079864501953125 -0.258987426757812 -0.00979614257812496
0.107749938964844 0.0323867797851563 -0.194412231445313 0.08258056640625
0.0897979736328125 -0.00388336181640625 -0.1383056640625 0.0765304565429688
0.0742340087890625 0.00031280517578125 -0.0993194580078125 -0.00592041015625002
0.0970916748046875 0.0199432373046875 -0.0442733764648437 -0.10235595703125
0.079010009765625 0.0755462646484375 0.0639801025390625 -0.156402587890625
-0.00738525390625 0.110359191894531 0.219100952148437 -0.146743774414063
-0.0832443237304688 0.0597305297851562 0.33197021484375 0.0374755859375
-0.0811538696289063 -0.0794448852539062 0.258209228515625 0.346282958984375
0.00830078125 -0.127403259277344 0.023468017578125 0.329559326171875
0.0796890258789063 -0.105361938476562 0.00812244415283203 0.0117034912109375
0.000247955322265629 -0.0650405883789063 0.0689544677734375 -0.172271728515625
-0.0430030822753906 -0.0206642150878906 -0.037994384765625 -0.3125
-0.0492324829101562 0.0295372009277344 -0.224929809570312 -0.264129638671875
-0.00363540649414063 0.0489921569824219 -0.29931640625 -0.1219482421875
0.0380096435546875 0.0300865173339844 -0.276321411132813 0.019256591796875
0.0622406005859375 0.000759124755859375 -0.216598510742188 0.109405517578125
0.0442008972167969 -0.0133628845214844 -0.161956787109375 0.0987396240234375
0.0387992858886719 -0.0118179321289063 -0.126014709472656 0.00678253173828124
0.055511474609375 -0.0028533935546875 -0.067352294921875 -0.101539611816406
0.0513076782226562 0.0290718078613281 0.05670166015625 -0.165847778320313
0.0032806396484375 0.0561485290527344 0.233154296875 -0.136306762695313
-0.0360298156738281 0.0277137756347656 0.342437744140625 0.07952880859375
-0.0261421203613281 -0.0397224426269531 0.227325439453125 0.402374267578125
0.01348876953125 -0.0520553588867188 -0.00427246093750002 0.35626220703125
0.0399856567382813 -0.0457115173339844 0.0318489074707031 0.0146255493164062
0.052886962890625 -0.0399894714355469 -0.00342178344726562 -0.0382232666015625
0.0275077819824219 -0.0502433776855469 0.027008056640625 -0.386627197265625
-0.0400924682617187 -0.0399208068847656 -0.256591796875 -0.39794921875
-0.051727294921875 0.00694274902343751 -0.3778076171875 -0.112945556640625
-0.0253086090087891 0.0207157135009766 -0.227569580078125 0.137359619140625
-0.0053558349609375 0.0284004211425781 -0.010833740234375 0.19580078125
0.00297355651855469 0.028350830078125 0.114517211914062 0.0875015258789063
-0.00336456298828125 0.0251140594482422 0.140701293945313 -0.042083740234375
0.00308036804199219 0.0233268737792969 0.163345336914063 -0.12237548828125
0.0117530822753906 0.0292205810546875 0.224685668945313 -0.119903564453125
-0.00166511535644531 0.0341835021972656 0.283538818359375 -0.0863037109375
-0.0156612396240234 0.02203369140625 0.3138427734375 0.0521240234375
-0.0212192535400391 -0.00608444213867188 0.266204833984375 0.270355224609375
-0.00518512725830078 -0.0137138366699219 0.104156494140625 0.3212890625
0.00836658477783203 -0.0163764953613281 -0.0802001953125 0.160079956054688
0.107841491699219 -0.101707458496094 0.0118446350097656 -0.0436859130859375
0.045196533203125 -0.129745483398438 0.04833984375 -0.38232421875
-0.0807952880859375 -0.0954360961914063 -0.224395751953125 -0.399017333984375
-0.111122131347656 0.0167388916015625 -0.347747802734375 -0.133056640625
-0.048431396484375 0.0704421997070313 -0.216201782226563 0.103790283203125
0.0258331298828125 0.077728271484375 -0.015716552734375 0.170623779296875
0.05322265625 0.044158935546875 0.099395751953125 0.069915771484375
0.0402870178222656 0.0295753479003906 0.125663757324219 -0.0524368286132812
0.0539321899414063 0.0235214233398438 0.152542114257813 -0.13262939453125
0.0669631958007813 0.0448951721191406 0.213592529296875 -0.131622314453125
0.035797119140625 0.0749588012695313 0.270660400390625 -0.105575561523438
-0.0120391845703125 0.0802154541015625 0.3128662109375 0.02490234375
-0.078338623046875 0.0248184204101563 0.279373168945313 0.246414184570313
-0.0642127990722656 -0.0503807067871094 0.112335205078125 0.3070068359375
0.000556945800781258 -0.0855026245117188 -0.0783538818359375 0.148117065429688
0.133453369140625 -0.156875610351563 0.0387611389160156 -0.0538253784179688
0.0245208740234375 -0.193862915039063 0.055419921875 -0.366973876953125
-0.134292602539063 -0.11700439453125 -0.20220947265625 -0.375152587890625
-0.152313232421875 0.04693603515625 -0.307708740234375 -0.13458251953125
-0.0506668090820313 0.116813659667969 -0.197006225585937 0.0684661865234376
0.0647506713867188 0.109603881835937 -0.0278701782226562 0.132919311523438
0.0983352661132813 0.04949951171875 0.06695556640625 0.0549468994140625
0.0749893188476563 0.0280685424804687 0.0904998779296875 -0.0539932250976562
0.0964889526367188 0.023193359375 0.123825073242188 -0.127937316894531
0.114303588867188 0.0600738525390625 0.189956665039062 -0.132232666015625
0.06439208984375 0.115119934082031 0.248077392578125 -0.11712646484375
-0.0167388916015625 0.129066467285156 0.3050537109375 0.00805664062500001
-0.128875732421875 0.0399398803710937 0.285186767578125 0.23590087890625
-0.106956481933594 -0.0896759033203125 0.104766845703125 0.2982177734375
0.00187683105468749 -0.145248413085938 -0.0808563232421875 0.127243041992188
0.12005615234375 -0.200607299804688 0.0675430297851563 -0.0745697021484375
-0.031646728515625 -0.215652465820313 0.0545654296875 -0.350616455078125
-0.182571411132813 -0.0879058837890625 -0.1829833984375 -0.347869873046875
-0.156387329101563 0.096954345703125 -0.2720947265625 -0.140151977539063
-0.0242919921875 0.150177001953125 -0.190765380859375 0.029266357421875
0.104545593261719 0.117233276367188 -0.0559844970703125 0.0957489013671875
0.127731323242188 0.04022216796875 0.0162849426269531 0.0452537536621094
0.10150146484375 0.0253219604492188 0.0440177917480469 -0.0452194213867187
0.129669189453125 0.0237960815429688 0.0824356079101563 -0.118804931640625
0.143081665039063 0.0783843994140625 0.15338134765625 -0.130630493164063
0.0696868896484375 0.148956298828125 0.225234985351563 -0.124969482421875
-0.0399017333984375 0.160308837890625 0.29754638671875 -0.00408935546874999
-0.17041015625 0.0243988037109375 0.284393310546875 0.234832763671875
-0.123504638671875 -0.135002136230469 0.0899658203125 0.2935791015625
0.019287109375 -0.182968139648438 -0.075927734375 0.0919647216796875
0.0811767578125 -0.2115478515625 0.0864028930664063 -0.103622436523438
-0.08538818359375 -0.19061279296875 0.04107666015625 -0.341217041015625
-0.196578979492188 -0.0284271240234375 -0.1793212890625 -0.329742431640625
-0.123001098632813 0.133132934570313 -0.2593994140625 -0.146392822265625
0.0157928466796875 0.152252197265625 -0.205413818359375 0.000595092773437469
0.132476806640625 0.0970993041992188 -0.101531982421875 0.073272705078125
0.135498046875 0.0231781005859375 -0.0382881164550781 0.0474586486816406
0.109039306640625 0.0196533203125 -0.00895690917968749 -0.0312252044677734
0.142364501953125 0.02557373046875 0.0339279174804688 -0.109504699707031
0.14447021484375 0.0915985107421875 0.111824035644531 -0.133552551269531
0.0501556396484375 0.166122436523438 0.205032348632813 -0.135726928710938
-0.074462890625 0.157150268554688 0.297943115234375 -0.01171875
-0.181915283203125 -0.017852783203125 0.2855224609375 0.24444580078125
-0.09967041015625 -0.169601440429688 0.075958251953125 0.2933349609375
0.04791259765625 -0.191970825195313 -0.0599899291992188 0.0543556213378906
0.03802490234375 -0.188507080078125 0.0868682861328125 -0.138381958007813
-0.111434936523438 -0.131858825683594 0.01104736328125 -0.335205078125
-0.168624877929688 0.0241851806640625 -0.194671630859375 -0.310028076171875
-0.068145751953125 0.138252258300781 -0.2694091796875 -0.148468017578125
0.0495834350585938 0.123863220214844 -0.234161376953125 -0.00749206542968749
0.137908935546875 0.0592422485351563 -0.149871826171875 0.074310302734375
0.125564575195313 0.003753662109375 -0.0917587280273437 0.0660934448242187
0.102951049804687 0.00992584228515625 -0.0609626770019531 -0.0155220031738281
0.131881713867188 0.0249099731445313 -0.01446533203125 -0.102790832519531
0.122474670410156 0.0912322998046875 0.0747222900390625 -0.144790649414063
0.023101806640625 0.155868530273438 0.197540283203125 -0.155853271484375
-0.0947723388671875 0.120208740234375 0.31201171875 -0.00958251953124999
-0.151962280273438 -0.0617218017578125 0.290069580078125 0.276702880859375
-0.049285888671875 -0.172897338867188 0.062957763671875 0.306915283203125
0.0726776123046875 -0.1661376953125 -0.0291423797607422 0.0248165130615234
0.00794219970703124 -0.135696411132813 0.0767822265625 -0.166519165039063
-0.0944137573242187 -0.0674285888671875 -0.025238037109375 -0.329833984375
-0.112617492675781 0.0465087890625 -0.223785400390625 -0.2847900390625
-0.020660400390625 0.107025146484375 -0.29229736328125 -0.132049560546875
0.0584030151367188 0.078460693359375 -0.261383056640625 0.00885009765625004
0.11199951171875 0.02252197265625 -0.190948486328125 0.0988616943359375
0.0916900634765625 -0.009063720703125 -0.132789611816406 0.08984375
0.0769577026367188 -0.00397491455078125 -0.104087829589844 0.0037841796875
0.100898742675781 0.0123443603515625 -0.0518951416015625 -0.0982666015625
0.0870285034179688 0.068206787109375 0.0514984130859375 -0.161392211914063
0.00458526611328124 0.113334655761719 0.2064208984375 -0.165084838867188
-0.0806808471679687 0.0679244995117188 0.335906982421875 0.01068115234375
-0.0905914306640625 -0.0750503540039063 0.28662109375 0.3306884765625
-0.00396728515625001 -0.130279541015625 0.049530029296875 0.333770751953125
0.0711746215820313 -0.113212585449219 0.00714492797851563 0.0113334655761719
-0.00563430786132813 -0.0694046020507813 0.058746337890625 -0.181808471679688
-0.0463218688964844 -0.0176010131835937 -0.060882568359375 -0.31591796875
-0.0481529235839844 0.03619384765625 -0.2506103515625 -0.25372314453125
-0.000186920166015621 0.0501060485839844 -0.31280517578125 -0.099639892578125
0.0428276062011719 0.0278778076171875 -0.277923583984375 0.04083251953125
0.0652732849121094 -0.00525283813476562 -0.210372924804687 0.128585815429687
0.0443496704101563 -0.0155906677246094 -0.155715942382813 0.114700317382812
0.0377044677734375 -0.01336669921875 -0.128242492675781 0.020172119140625
0.0557632446289062 -0.00834274291992187 -0.0782089233398437 -0.0947952270507813
0.0556144714355469 0.0238113403320313 0.0431060791015625 -0.171066284179688
0.0111198425292969 0.0568733215332031 0.222885131835938 -0.157302856445312
-0.0351181030273438 0.0343112945556641 0.350799560546875 0.051513671875
-0.03021240234375 -0.0390586853027344 0.26275634765625 0.387481689453125
0.00798416137695313 -0.0521011352539063 0.02362060546875 0.3653564453125
0.0368576049804688 -0.0470924377441406 0.0346508026123047 0.0133094787597656
0.0490036010742188 -0.0436477661132813 -0.00609970092773437 -0.0353889465332031
0.0253105163574219 -0.0517311096191406 -0.000640869140625 -0.38153076171875
-0.0416603088378906 -0.037200927734375 -0.282501220703125 -0.370361328125
-0.0497512817382813 0.0106773376464844 -0.376373291015625 -0.08380126953125
-0.0235633850097656 0.0229206085205078 -0.210220336914063 0.149124145507812
-0.00270462036132812 0.027099609375 0.00692749023437499 0.189620971679688
0.00562477111816406 0.02996826171875 0.119110107421875 0.0744171142578125
-0.000520706176757815 0.0278263092041016 0.134140014648438 -0.0525741577148438
0.00490379333496094 0.0240287780761719 0.152374267578125 -0.133087158203125
0.0135021209716797 0.0281829833984375 0.210922241210938 -0.134719848632813
0.00159263610839844 0.0335769653320313 0.270278930664063 -0.104263305664063
-0.0141201019287109 0.0234546661376953 0.310546875 0.028076171875
-0.0234565734863281 -0.00356101989746093 0.2791748046875 0.24493408203125
-0.00625038146972656 -0.0136070251464844 0.12640380859375 0.310455322265625
0.00713253021240234 -0.0161609649658203 -0.0675811767578125 0.16754150390625
0.099395751953125 -0.109825134277344 0.00868606567382813 -0.0400314331054688
0.0352401733398437 -0.133148193359375 0.020294189453125 -0.379241943359375
-0.0867691040039063 -0.0908355712890625 -0.251861572265625 -0.37615966796875
-0.106857299804688 0.0242080688476562 -0.34954833984375 -0.10345458984375
-0.043121337890625 0.0722198486328125 -0.20098876953125 0.117034912109375
0.0336532592773438 0.0730972290039062 0.00309753417968752 0.164535522460938
0.057525634765625 0.0399742126464844 0.103309631347656 0.0600357055664062
0.0412406921386719 0.0283126831054688 0.117485046386719 -0.060699462890625
0.0536842346191406 0.0197181701660156 0.138168334960938 -0.142120361328125
0.0706939697265625 0.0385818481445312 0.198272705078125 -0.146408081054688
0.0408706665039063 0.0707321166992188 0.2569580078125 -0.123291015625
-0.00463867187500001 0.0814666748046875 0.30718994140625 0.00207519531250001
-0.0750885009765625 0.0303115844726563 0.29229736328125 0.22198486328125
-0.0672492980957031 -0.0440254211425781 0.1326904296875 0.295196533203125
-0.00600433349609376 -0.0846939086914063 -0.0670013427734375 0.15863037109375
0.118011474609375 -0.170074462890625 0.0351982116699219 -0.0531539916992188
0.01043701171875 -0.193832397460938 0.029266357421875 -0.36505126953125
-0.141448974609375 -0.105438232421875 -0.22528076171875 -0.354461669921875
-0.145217895507813 0.057281494140625 -0.310546875 -0.109893798828125
-0.0416259765625 0.118568420410156 -0.185211181640625 0.07855224609375
0.0733184814453125 0.103233337402344 -0.0140457153320312 0.127601623535156
0.100387573242187 0.0406723022460937 0.0686378479003906 0.0470733642578125
0.0786285400390625 0.025146484375 0.0846786499023438 -0.0590972900390625
0.0978927612304688 0.0158615112304687 0.110321044921875 -0.136131286621094
0.118507385253906 0.049713134765625 0.175552368164063 -0.146316528320313
0.072021484375 0.108139038085937 0.234954833984375 -0.13201904296875
-0.00688171386718749 0.130729675292969 0.297882080078125 -0.014984130859375
-0.125541687011719 0.0473480224609375 0.298431396484375 0.2109375
-0.115715026855469 -0.0805282592773437 0.12542724609375 0.28717041015625
-0.00953674316406251 -0.14300537109375 -0.0714187622070313 0.135734558105469
0.10174560546875 -0.209686279296875 0.0629348754882813 -0.075714111328125
-0.048919677734375 -0.211318969726563 0.029083251953125 -0.348175048828125
-0.188461303710937 -0.073638916015625 -0.205413818359375 -0.328033447265625
-0.147201538085938 0.107620239257813 -0.27685546875 -0.118789672851562
-0.01275634765625 0.14886474609375 -0.183364868164063 0.040313720703125
0.112983703613281 0.105133056640625 -0.04693603515625 0.0944900512695313
0.128929138183594 0.029296875 0.0190544128417969 0.0420722961425781
0.102912902832031 0.0204315185546875 0.0382614135742188 -0.0470619201660156
0.129425048828125 0.014190673828125 0.0718841552734375 -0.123428344726563
0.1470947265625 0.06378173828125 0.141204833984375 -0.139862060546875
0.081939697265625 0.141693115234375 0.2109375 -0.138626098632813
-0.0275421142578125 0.162307739257812 0.28948974609375 -0.025360107421875
-0.168045043945313 0.0377655029296875 0.295806884765625 0.20794677734375
-0.134078979492187 -0.122627258300781 0.10980224609375 0.282928466796875
0.004791259765625 -0.183364868164063 -0.0698623657226563 0.100479125976562
0.063385009765625 -0.2166748046875 0.0780181884765625 -0.107826232910156
-0.102325439453125 -0.181365966796875 0.017120361328125 -0.339019775390625
-0.198760986328125 -0.014373779296875 -0.199432373046875 -0.30987548828125
-0.110031127929688 0.14215087890625 -0.264724731445313 -0.128158569335938
0.027679443359375 0.148162841796875 -0.200057983398438 0.012359619140625
0.139244079589844 0.0814285278320312 -0.0927276611328125 0.0764007568359375
0.136505126953125 0.0120620727539063 -0.0349235534667969 0.0492134094238281
0.111892700195313 0.0131301879882813 -0.01318359375 -0.0280017852783203
0.141494750976563 0.0141143798828125 0.0244293212890625 -0.108535766601563
0.148895263671875 0.0785980224609375 0.100578308105469 -0.137519836425781
0.06549072265625 0.16180419921875 0.188919067382813 -0.148147583007813
-0.0609283447265625 0.161834716796875 0.28875732421875 -0.0340576171875
-0.182540893554688 -0.00338745117187499 0.298858642578125 0.21881103515625
-0.114273071289062 -0.15875244140625 0.09521484375 0.2835693359375
0.0325775146484375 -0.193023681640625 -0.0547103881835938 0.0609283447265625
0.0203094482421875 -0.193740844726562 0.0774993896484375 -0.141921997070313
-0.121673583984375 -0.122505187988281 -0.0123291015625 -0.33258056640625
-0.1649169921875 0.037384033203125 -0.2135009765625 -0.290863037109375
-0.0562744140625 0.143569946289063 -0.2757568359375 -0.128082275390625
0.0597381591796875 0.11968994140625 -0.229782104492188 0.00842285156249997
0.141677856445312 0.0463409423828125 -0.141372680664063 0.0821685791015625
0.122802734375 -0.00640106201171875 -0.0851058959960938 0.0714187622070313
0.101913452148438 0.00220489501953125 -0.0606460571289062 -0.00701522827148439
0.130790710449219 0.012908935546875 -0.0211639404296875 -0.0975799560546875
0.126502990722656 0.0807647705078125 0.061767578125 -0.1458740234375
0.035369873046875 0.151138305664063 0.181243896484375 -0.164382934570312
-0.0846710205078125 0.126434326171875 0.303375244140625 -0.033172607421875
-0.156539916992188 -0.048919677734375 0.30438232421875 0.248291015625
-0.0648956298828125 -0.165863037109375 0.084320068359375 0.295257568359375
0.0587615966796875 -0.16876220703125 -0.0275363922119141 0.0292720794677734
-0.00564575195312499 -0.137680053710938 0.0640106201171875 -0.17169189453125
-0.0981597900390625 -0.0612869262695312 -0.0498046875 -0.32275390625
-0.105865478515625 0.0545196533203125 -0.240142822265625 -0.262924194335938
-0.0135421752929688 0.107902526855469 -0.2972412109375 -0.109588623046875
0.0654144287109375 0.0710525512695313 -0.2559814453125 0.0291290283203125
0.112884521484375 0.0116348266601563 -0.176284790039063 0.109237670898437
0.08917236328125 -0.0171890258789063 -0.122459411621094 0.100135803222656
0.0759124755859375 -0.0073699951171875 -0.0999984741210937 0.0145950317382813
0.10076904296875 0.0043487548828125 -0.0602569580078125 -0.0922012329101562
0.0900192260742188 0.060211181640625 0.0381622314453125 -0.16168212890625
0.013824462890625 0.112358093261719 0.188751220703125 -0.17510986328125
-0.0745162963867188 0.0757522583007813 0.328399658203125 -0.013397216796875
-0.0967788696289063 -0.0652389526367188 0.307281494140625 0.29974365234375
-0.0147933959960938 -0.126716613769531 0.07269287109375 0.324493408203125
0.061798095703125 -0.116790771484375 0.00738811492919922 0.0138092041015625
-0.0124664306640625 -0.0682907104492188 0.04718017578125 -0.18731689453125
-0.0448112487792969 -0.0163612365722656 -0.082855224609375 -0.308990478515625
-0.0446662902832031 0.0378684997558594 -0.26507568359375 -0.229293823242188
0.00639724731445313 0.0509185791015625 -0.314422607421875 -0.076904296875
0.04248046875 0.0228347778320313 -0.26715087890625 0.0605926513671875
0.0619087219238281 -0.0135269165039063 -0.194259643554688 0.141082763671875
0.0429801940917969 -0.0203742980957031 -0.142410278320313 0.128204345703125
0.0376129150390625 -0.0147628784179688 -0.124366760253906 0.0334548950195313
0.0534591674804687 -0.0107879638671875 -0.08477783203125 -0.08734130859375
0.0554351806640625 0.0187339782714844 0.0277099609375 -0.169952392578125
0.0148429870605469 0.0554924011230469 0.203643798828125 -0.168975830078125
-0.0300483703613281 0.0367012023925781 0.346038818359375 0.026397705078125
-0.0340995788574219 -0.0361900329589844 0.287017822265625 0.359619140625
0.00499343872070312 -0.0521697998046875 0.050323486328125 0.356658935546875
0.0327224731445313 -0.0477333068847656 0.0331935882568359 0.0122814178466797
0.0450859069824219 -0.0457420349121094 -0.00861549377441406 -0.0309925079345703
0.0227317810058594 -0.051971435546875 -0.019073486328125 -0.369232177734375
-0.0415611267089844 -0.0351715087890625 -0.289764404296875 -0.34417724609375
-0.0463371276855469 0.0129432678222656 -0.366668701171875 -0.062042236328125
-0.0215950012207031 0.0228347778320313 -0.19134521484375 0.153610229492188
-0.00183296203613281 0.0250225067138672 0.0188446044921875 0.178878784179688
0.00689125061035156 0.0295028686523438 0.118537902832031 0.06488037109375
0.00177001953125 0.0300483703613281 0.126129150390625 -0.0584564208984375
0.00560951232910156 0.0244941711425781 0.13970947265625 -0.137748718261719
0.0147686004638672 0.0265769958496094 0.196578979492188 -0.140411376953125
0.00391197204589844 0.0315532684326172 0.254348754882813 -0.114013671875
-0.0125961303710937 0.0249767303466797 0.300811767578125 0.011688232421875
-0.0231552124023438 -0.00182914733886719 0.282867431640625 0.22210693359375
-0.00697612762451172 -0.0125570297241211 0.137451171875 0.2958984375
0.00565433502197266 -0.0155668258666992 -0.058929443359375 0.16998291015625
0.0889968872070313 -0.113410949707031 0.00701141357421876 -0.0378799438476563
0.0273895263671875 -0.131866455078125 0.00128173828125003 -0.36767578125
-0.0893707275390625 -0.08355712890625 -0.260009765625 -0.35003662109375
-0.102287292480469 0.0288543701171875 -0.340850830078125 -0.085052490234375
-0.0376815795898438 0.072601318359375 -0.1854248046875 0.12042236328125
0.0358352661132812 0.0681228637695313 0.0126953125 0.153411865234375
0.0575714111328125 0.0359725952148438 0.102951049804688 0.0521697998046875
0.0431175231933594 0.0277175903320313 0.1099853515625 -0.064697265625
0.0527725219726563 0.0174560546875 0.126388549804688 -0.144973754882813
0.070404052734375 0.0324935913085937 0.186019897460938 -0.1505126953125
0.0455589294433594 0.0665283203125 0.240280151367188 -0.131698608398438
-0.0015869140625 0.0802841186523438 0.295928955078125 -0.012451171875
-0.073089599609375 0.0333404541015625 0.293914794921875 0.199462890625
-0.069091796875 -0.0396080017089844 0.14263916015625 0.281158447265625
-0.0110321044921875 -0.082061767578125 -0.0582122802734375 0.161392211914063
0.105377197265625 -0.171340942382812 0.032470703125 -0.0510902404785156
-0.000961303710937498 -0.188507080078125 0.012725830078125 -0.3546142578125
-0.144256591796875 -0.097015380859375 -0.234344482421875 -0.331390380859375
-0.137580871582031 0.0637054443359375 -0.303253173828125 -0.092498779296875
-0.0338592529296875 0.117355346679687 -0.172714233398438 0.082550048828125
0.0758056640625 0.0934219360351563 -0.00526428222656251 0.119041442871094
0.100326538085938 0.0341262817382813 0.0686607360839844 0.0418167114257813
0.07855224609375 0.02276611328125 0.0773544311523438 -0.060455322265625
0.095306396484375 0.0116424560546875 0.100044250488281 -0.138351440429688
0.116439819335938 0.040557861328125 0.162994384765625 -0.14935302734375
0.0770492553710938 0.100425720214844 0.219573974609375 -0.139328002929688
-7.62939453124983E-05 0.128105163574219 0.286590576171875 -0.02789306640625
-0.120872497558594 0.0530776977539063 0.297637939453125 0.187591552734375
-0.117561340332031 -0.0722427368164063 0.134017944335938 0.274017333984375
-0.0164642333984375 -0.139129638671875 -0.0632553100585937 0.139190673828125
0.086029052734375 -0.211532592773438 0.0589447021484375 -0.0741653442382813
-0.058685302734375 -0.20416259765625 0.01336669921875 -0.338134765625
-0.188888549804688 -0.062225341796875 -0.213623046875 -0.3082275390625
-0.136207580566406 0.112342834472656 -0.270584106445313 -0.102920532226563
-0.00428771972656249 0.145416259765625 -0.173324584960938 0.04510498046875
0.115531921386719 0.0939102172851563 -0.03900146484375 0.08819580078125
0.127914428710938 0.0216903686523438 0.0212745666503906 0.0393829345703125
0.102874755859375 0.0161514282226562 0.0335235595703125 -0.046630859375
0.126625061035156 0.00760650634765625 0.0619964599609375 -0.123199462890625
0.145645141601563 0.0534210205078125 0.130294799804688 -0.141494750976563
0.0886764526367188 0.133331298828125 0.196014404296875 -0.14288330078125
-0.0181427001953125 0.160690307617188 0.276718139648438 -0.0378875732421875
-0.163055419921875 0.0460205078125 0.295013427734375 0.18603515625
-0.13836669921875 -0.111747741699219 0.118820190429687 0.27008056640625
-0.00518798828124999 -0.178482055664063 -0.0628433227539062 0.105262756347656
0.0482635498046875 -0.217300415039063 0.0734481811523438 -0.107467651367188
-0.109130859375 -0.172607421875 0.00173950195312497 -0.32977294921875
-0.19549560546875 -0.00376892089843749 -0.208160400390625 -0.289337158203125
-0.0990142822265625 0.144577026367188 -0.260269165039063 -0.113372802734375
0.035919189453125 0.142715454101563 -0.191299438476563 0.019287109375
0.139617919921875 0.0698623657226563 -0.0860519409179687 0.074371337890625
0.134262084960937 0.00423431396484375 -0.0310554504394531 0.049652099609375
0.110366821289063 0.00843048095703125 -0.0140933990478516 -0.0261573791503906
0.1387939453125 0.0072784423828125 0.0174407958984375 -0.106613159179687
0.147781372070313 0.0672760009765625 0.0904159545898438 -0.137535095214844
0.072662353515625 0.152374267578125 0.173416137695313 -0.152603149414063
-0.0505218505859375 0.161972045898438 0.274200439453125 -0.04522705078125
-0.179336547851563 0.00691223144531252 0.298187255859375 0.1951904296875
-0.118972778320313 -0.147232055664063 0.104278564453125 0.271331787109375
0.0224456787109375 -0.188812255859375 -0.0517425537109375 0.0652885437011719
0.0083465576171875 -0.19061279296875 0.0712127685546875 -0.143905639648438
-0.126480102539062 -0.113693237304687 -0.025665283203125 -0.322601318359375
-0.159530639648438 0.0443572998046875 -0.221511840820312 -0.270217895507813
-0.04632568359375 0.14178466796875 -0.271453857421875 -0.112457275390625
0.0643997192382813 0.111068725585938 -0.221282958984375 0.0179595947265626
0.139007568359375 0.0342559814453125 -0.13238525390625 0.0845413208007813
0.119346618652344 -0.013214111328125 -0.0773086547851563 0.0738525390625
0.100723266601563 -0.00102996826171875 -0.0591354370117187 -0.00193405151367187
0.128089904785156 0.00591278076171875 -0.0268402099609375 -0.0939407348632813
0.126686096191406 0.0706405639648438 0.05389404296875 -0.143951416015625
0.0438690185546875 0.145797729492187 0.164154052734375 -0.167388916015625
-0.0749130249023438 0.129959106445313 0.28759765625 -0.045074462890625
-0.156051635742188 -0.03851318359375 0.30548095703125 0.223724365234375
-0.071014404296875 -0.155853271484375 0.095062255859375 0.28302001953125
0.0484161376953125 -0.167282104492188 -0.0256462097167969 0.0320701599121094
-0.0145111083984375 -0.136268615722656 0.0560760498046875 -0.171096801757812
-0.0999755859375 -0.0559463500976562 -0.063079833984375 -0.3121337890625
-0.101165771484375 0.0580978393554687 -0.246231079101562 -0.2427978515625
-0.00723266601562501 0.1043701171875 -0.291839599609375 -0.092987060546875
0.0671806335449219 0.0652847290039063 -0.245010375976562 0.0385284423828125
0.109603881835938 0.00209808349609375 -0.165298461914062 0.112152099609375
0.0864410400390625 -0.0222930908203125 -0.111007690429688 0.103897094726563
0.0747756958007812 -0.00934600830078125 -0.0954437255859375 0.0208053588867187
0.0976104736328125 8.392333984375E-05 -0.06439208984375 -0.0856399536132813
0.0905838012695312 0.0532989501953125 0.027984619140625 -0.15545654296875
0.0205154418945312 0.10870361328125 0.170867919921875 -0.177597045898438
-0.0677871704101563 0.0787353515625 0.31341552734375 -0.02783203125
-0.0984115600585938 -0.0591659545898437 0.309295654296875 0.273651123046875
-0.020172119140625 -0.121299743652344 0.084747314453125 0.310272216796875
0.0542755126953125 -0.115432739257812 0.00712013244628907 0.013850212097168
-0.01617431640625 -0.0678672790527344 0.0393524169921875 -0.18548583984375
-0.0451164245605469 -0.0140724182128906 -0.0960693359375 -0.2962646484375
-0.0409317016601563 0.0382080078125 -0.268203735351563 -0.208740234375
0.00885391235351563 0.04791259765625 -0.30731201171875 -0.061126708984375
0.0445289611816406 0.0191230773925781 -0.254623413085938 0.07049560546875
0.0609512329101563 -0.0181655883789063 -0.179840087890625 0.145370483398438
0.0415992736816406 -0.0222816467285156 -0.129241943359375 0.131172180175781
0.0378189086914063 -0.01556396484375 -0.117439270019531 0.041046142578125
0.0516510009765625 -0.012451171875 -0.0869369506835938 -0.07818603515625
0.0543174743652344 0.0160369873046875 0.0172119140625 -0.163284301757813
0.0185050964355469 0.0531196594238281 0.18597412109375 -0.172576904296875
-0.0285301208496094 0.0377883911132813 0.333648681640625 0.00860595703125
-0.0352745056152344 -0.0331649780273437 0.293243408203125 0.3309326171875
0.00123214721679688 -0.050079345703125 0.065704345703125 0.342742919921875
0.028717041015625 -0.0479164123535156 0.0328102111816406 0.009979248046875
0.0422439575195313 -0.0468559265136719 -0.00841522216796875 -0.0272293090820313
0.0213050842285156 -0.0524711608886719 -0.025787353515625 -0.358978271484375
-0.0417976379394531 -0.0340156555175781 -0.289306640625 -0.32843017578125
-0.0439949035644531 0.0124740600585937 -0.3585205078125 -0.054718017578125
-0.0210494995117188 0.0214366912841797 -0.180557250976562 0.151870727539063
-0.00150871276855469 0.0228919982910156 0.02496337890625 0.170944213867188
0.00849342346191406 0.0288124084472656 0.118415832519531 0.0589447021484375
0.00465583801269531 0.0307369232177734 0.121284484863281 -0.059722900390625
0.00648117065429688 0.0245704650878906 0.132286071777344 -0.1387939453125
0.0148506164550781 0.0254917144775391 0.189300537109375 -0.141159057617188
0.00526237487792969 0.0307044982910156 0.244781494140625 -0.116348266601563
-0.0117893218994141 0.0260486602783203 0.292694091796875 0.004669189453125
-0.0234966278076172 -0.00127983093261719 0.280441284179688 0.2103271484375
-0.00706386566162109 -0.0120773315429688 0.1405029296875 0.287994384765625
0.00563335418701172 -0.0161581039428711 -0.0553741455078125 0.172256469726562
0.0833206176757813 -0.114753723144531 0.0067596435546875 -0.0342311859130859
0.0240402221679688 -0.130752563476563 -0.0054931640625 -0.357025146484375
-0.0902862548828125 -0.0809173583984375 -0.2608642578125 -0.33563232421875
-0.0987396240234375 0.0299835205078125 -0.33245849609375 -0.075958251953125
-0.0359954833984375 0.0712432861328125 -0.175125122070312 0.118743896484375
0.0362892150878906 0.0630149841308594 0.0176239013671875 0.14501953125
0.0582771301269531 0.0339813232421875 0.102516174316406 0.0467529296875
0.0457687377929688 0.0272789001464844 0.105430603027344 -0.065826416015625
0.0525665283203125 0.0167465209960938 0.118850708007813 -0.1455078125
0.0692138671875 0.0295333862304688 0.177734375 -0.151626586914063
0.0472526550292969 0.0631675720214844 0.230941772460938 -0.132720947265625
0.000953674316406251 0.0792160034179688 0.28717041015625 -0.0179443359375
-0.0711288452148438 0.03448486328125 0.28985595703125 0.18890380859375
-0.0696945190429688 -0.0374794006347656 0.1448974609375 0.273284912109375
-0.0126800537109375 -0.0805587768554687 -0.0549163818359375 0.164199829101562
0.0977325439453125 -0.1732177734375 0.0324325561523438 -0.048370361328125
-0.0059967041015625 -0.185714721679687 0.005340576171875 -0.34454345703125
-0.144973754882813 -0.092132568359375 -0.233978271484375 -0.31695556640625
-0.132667541503906 0.0646591186523437 -0.2960205078125 -0.084930419921875
-0.0300979614257812 0.115127563476562 -0.164627075195313 0.081268310546875
0.0756759643554688 0.0873184204101563 -0.00151824951171874 0.111671447753906
0.100074768066406 0.0305023193359375 0.0689506530761719 0.0377120971679687
0.080322265625 0.021759033203125 0.0737075805664063 -0.0600128173828125
0.0936508178710937 0.00966644287109375 0.0918121337890625 -0.138580322265625
0.115028381347656 0.0355987548828125 0.155746459960938 -0.149261474609375
0.0791168212890625 0.0957794189453125 0.209701538085938 -0.139755249023438
0.00328826904296875 0.126220703125 0.277496337890625 -0.03240966796875
-0.119064331054688 0.0555267333984375 0.2933349609375 0.17645263671875
-0.117835998535156 -0.0676727294921875 0.136550903320313 0.266494750976563
-0.0198745727539062 -0.136703491210938 -0.059661865234375 0.141937255859375
0.0775146484375 -0.211273193359375 0.0585708618164063 -0.0725173950195313
-0.0639190673828125 -0.198577880859375 0.00695800781250002 -0.329498291015625
-0.188629150390625 -0.05682373046875 -0.213775634765625 -0.294586181640625
-0.130561828613281 0.112472534179688 -0.264419555664062 -0.0953369140625
-0.000717163085937505 0.142044067382813 -0.166732788085938 0.0446624755859375
0.11468505859375 0.0861968994140625 -0.036376953125 0.0833740234375
0.12664794921875 0.0170440673828125 0.0226707458496094 0.0370216369628906
0.103759765625 0.014495849609375 0.0318527221679688 -0.0449600219726562
0.124259948730469 0.004669189453125 0.0565719604492188 -0.122756958007813
0.144180297851563 0.0476226806640625 0.124923706054688 -0.140914916992188
0.091033935546875 0.127159118652344 0.186874389648438 -0.143447875976563
-0.0132598876953125 0.158843994140625 0.2674560546875 -0.0415802001953125
-0.15966796875 0.0493621826171875 0.290985107421875 0.17437744140625
-0.140121459960937 -0.105934143066406 0.120635986328125 0.262298583984375
-0.00975036621093749 -0.17578125 -0.0601119995117188 0.107864379882813
0.039764404296875 -0.217147827148438 0.0722198486328125 -0.106475830078125
-0.112747192382813 -0.167068481445313 -0.00405883789062504 -0.32098388671875
-0.193374633789062 0.000625610351562461 -0.208587646484375 -0.277206420898437
-0.09271240234375 0.14337158203125 -0.254470825195313 -0.106338500976562
0.0386276245117187 0.138259887695313 -0.1849365234375 0.02044677734375
0.137428283691406 0.06292724609375 -0.0824737548828125 0.0710067749023438
0.132133483886719 -0.00034332275390625 -0.0271644592285156 0.0489845275878906
0.111045837402344 0.005859375 -0.0140132904052734 -0.0239906311035156
0.136093139648438 0.0041656494140625 0.013458251953125 -0.104415893554688
0.14666748046875 0.0609130859375 0.0866851806640625 -0.135383605957031
0.0770111083984375 0.146682739257813 0.164535522460938 -0.151458740234375
-0.0453643798828125 0.160903930664063 0.264663696289063 -0.04901123046875
-0.1776123046875 0.0112762451171875 0.293731689453125 0.18365478515625
-0.121673583984375 -0.141998291015625 0.107009887695312 0.264068603515625
0.017364501953125 -0.186996459960938 -0.0501670837402344 0.0674247741699219
0.00085449218749999 -0.189422607421875 0.06890869140625 -0.143112182617187
-0.128059387207031 -0.108932495117187 -0.030670166015625 -0.314483642578125
-0.15704345703125 0.04791259765625 -0.220901489257813 -0.257522583007813
-0.0415420532226562 0.13958740234375 -0.266250610351563 -0.1058349609375
0.0664520263671875 0.10675048828125 -0.215194702148438 0.0203399658203125
0.13580322265625 0.0279541015625 -0.127311706542969 0.0827102661132813
0.117713928222656 -0.0174179077148438 -0.0718994140625 0.0737380981445313
0.101310729980469 -0.00319671630859375 -0.0576972961425781 0.00040817260742188
0.125984191894531 0.00341033935546875 -0.0294647216796875 -0.0902481079101563
0.125709533691406 0.0653228759765625 0.0491790771484375 -0.140403747558594
0.0479888916015625 0.1407470703125 0.1539306640625 -0.166107177734375
-0.070159912109375 0.129653930664063 0.277420043945312 -0.0488739013671875
-0.155288696289062 -0.0335845947265625 0.301025390625 0.209228515625
-0.0742034912109375 -0.151107788085937 0.0972900390625 0.275405883789063
0.0431365966796875 -0.165283203125 -0.0253162384033203 0.0336894989013672
-0.0195465087890625 -0.134658813476563 0.053863525390625 -0.170684814453125
-0.100189208984375 -0.0531463623046875 -0.06622314453125 -0.3043212890625
-0.09893798828125 0.0598068237304687 -0.245010375976563 -0.230819702148437
-0.00362396240234374 0.102302551269531 -0.287200927734375 -0.08599853515625
0.0678596496582031 0.0613365173339844 -0.237625122070312 0.0425872802734375
0.106857299804688 -0.00290679931640625 -0.158401489257813 0.112167358398437
0.0849609375 -0.0249862670898438 -0.103523254394531 0.104652404785156
0.0758209228515625 -0.0111236572265625 -0.0909652709960938 0.0251922607421875
0.09625244140625 -0.0018463134765625 -0.0660400390625 -0.0805130004882813
0.09033203125 0.049957275390625 0.02349853515625 -0.151412963867187
0.024200439453125 0.104461669921875 0.1597900390625 -0.176406860351563
-0.0647048950195313 0.080078125 0.302734375 -0.033294677734375
-0.0988082885742188 -0.0555877685546875 0.305694580078125 0.2591552734375
-0.0232925415039062 -0.118499755859375 0.0887451171875 0.30145263671875
0.0507736206054688 -0.11444091796875 0.00614643096923828 0.0141000747680664
-0.0199394226074219 -0.0674514770507813 0.0366668701171875 -0.184463500976563
-0.0439262390136719 -0.0136184692382813 -0.099029541015625 -0.289093017578125
-0.0396080017089844 0.0380096435546875 -0.266586303710938 -0.19720458984375
0.0105056762695313 0.0462722778320312 -0.301513671875 -0.05462646484375
0.0441055297851562 0.0165596008300781 -0.245742797851563 0.07373046875
0.0577964782714844 -0.0208015441894531 -0.1708984375 0.144378662109375
0.0408096313476563 -0.0236968994140625 -0.12030029296875 0.132591247558594
0.0388450622558594 -0.0153732299804688 -0.112739562988281 0.0451278686523437
0.0509567260742188 -0.0126380920410156 -0.0874786376953125 -0.0732498168945313
0.0525131225585938 0.0133819580078125 0.0125579833984375 -0.158843994140625
0.0202903747558594 0.0512123107910156 0.174453735351563 -0.171401977539063
-0.0260162353515625 0.0386543273925781 0.3231201171875 0.00177001953125
-0.0360603332519531 -0.0319442749023437 0.292510986328125 0.315582275390625
0.000965118408203122 -0.048309326171875 0.0711669921875 0.33447265625
0.0269966125488281 -0.0471343994140625 0.0320949554443359 0.00951385498046875
0.0407142639160156 -0.0474472045898437 -0.00797080993652343 -0.0244598388671875
0.0211715698242188 -0.0531806945800781 -0.030975341796875 -0.3580322265625
-0.0420303344726562 -0.0338134765625 -0.292388916015625 -0.32501220703125
-0.0431098937988281 0.0121917724609375 -0.358184814453125 -0.050323486328125
-0.0216598510742188 0.0210151672363281 -0.175735473632812 0.151412963867188
-0.00233650207519531 0.0218582153320313 0.0286102294921875 0.1661376953125
0.00996971130371094 0.0289878845214844 0.120857238769531 0.0552978515625
0.00716972351074218 0.0311489105224609 0.120048522949219 -0.0621566772460938
0.0069732666015625 0.0254173278808594 0.129196166992188 -0.141311645507813
0.0149364471435547 0.0249614715576172 0.188186645507813 -0.144012451171875
0.006622314453125 0.0294151306152344 0.242172241210938 -0.1190185546875
-0.0109310150146484 0.0269813537597656 0.291961669921875 0.001556396484375
-0.0244503021240234 -0.000860214233398439 0.282257080078125 0.206573486328125
-0.00721263885498047 -0.012603759765625 0.14404296875 0.287506103515625
0.00513553619384766 -0.0163106918334961 -0.05438232421875 0.178787231445313
0.0818557739257813 -0.117103576660156 0.00736045837402344 -0.0311813354492188
0.0218124389648438 -0.132438659667969 -0.00994873046874997 -0.35577392578125
-0.09246826171875 -0.0803298950195313 -0.263519287109375 -0.331634521484375
-0.0984725952148438 0.0305862426757813 -0.332305908203125 -0.072601318359375
-0.0353012084960937 0.0715179443359375 -0.171920776367188 0.118545532226562
0.0360794067382813 0.0611381530761719 0.02032470703125 0.140205383300781
0.0600242614746094 0.0325164794921875 0.105018615722656 0.0440750122070313
0.0489387512207031 0.0272903442382813 0.104118347167969 -0.0677947998046875
0.05340576171875 0.0178718566894531 0.11474609375 -0.148269653320312
0.0691452026367188 0.028167724609375 0.176345825195313 -0.154312133789063
0.0490837097167969 0.0614051818847656 0.228179931640625 -0.135467529296875
0.00263214111328125 0.0803680419921875 0.28570556640625 -0.021148681640625
-0.0723495483398437 0.0358505249023438 0.292633056640625 0.18475341796875
-0.0717239379882812 -0.0371246337890625 0.14874267578125 0.2742919921875
-0.0145721435546875 -0.0814056396484375 -0.0541534423828125 0.171157836914062
0.094573974609375 -0.176544189453125 0.0344123840332031 -0.0472831726074219
-0.0096893310546875 -0.186965942382813 0.00253295898437497 -0.342987060546875
-0.148422241210938 -0.090484619140625 -0.237091064453125 -0.312469482421875
-0.132469177246094 0.0665664672851563 -0.29498291015625 -0.082275390625
-0.028533935546875 0.1163330078125 -0.161972045898438 0.081146240234375
0.0766754150390625 0.0839767456054688 0.000205993652343758 0.106857299804688
0.101272583007813 0.0278167724609375 0.0704193115234375 0.0351943969726563
0.083831787109375 0.0208663940429688 0.0727691650390625 -0.0608901977539063
0.0948867797851563 0.00885009765625 0.0887451171875 -0.140373229980469
0.1158447265625 0.0334854125976563 0.154464721679687 -0.151718139648437
0.0819168090820313 0.0934600830078125 0.20703125 -0.142013549804687
0.00586700439453125 0.127647399902344 0.275924682617187 -0.0350189208984375
-0.119979858398437 0.0578384399414063 0.29486083984375 0.1728515625
-0.121070861816406 -0.0666961669921875 0.139389038085938 0.267608642578125
-0.0224990844726562 -0.138542175292969 -0.05926513671875 0.14788818359375
0.0726470947265625 -0.214859008789063 0.0606536865234375 -0.0716094970703125
-0.068389892578125 -0.199142456054688 0.00601196289062497 -0.328887939453125
-0.192672729492188 -0.0537567138671875 -0.2154541015625 -0.290771484375
-0.1292724609375 0.114776611328125 -0.26348876953125 -0.09381103515625
0.00131225585937501 0.142974853515625 -0.165267944335938 0.0440826416015625
0.1151123046875 0.0823822021484375 -0.0359115600585938 0.0790176391601563
0.127784729003906 0.0138931274414062 0.0247535705566406 0.0355415344238281
0.10784912109375 0.01226806640625 0.0320281982421875 -0.0454139709472656
0.125755310058594 0.00391387939453125 0.0533676147460937 -0.123519897460937
0.14495849609375 0.0443115234375 0.12371826171875 -0.143035888671875
0.094451904296875 0.125335693359375 0.183746337890625 -0.144683837890625
-0.010345458984375 0.161026000976563 0.265914916992188 -0.043212890625
-0.161468505859375 0.0524749755859375 0.292633056640625 0.171630859375
-0.14373779296875 -0.104568481445313 0.123046875 0.263458251953125
-0.013275146484375 -0.177764892578125 -0.0597152709960938 0.112922668457031
0.0342864990234375 -0.21942138671875 0.0737380981445313 -0.107772827148438
-0.117355346679687 -0.166168212890625 -0.00515747070312501 -0.3211669921875
-0.196380615234375 0.00511169433593748 -0.209747314453125 -0.273117065429687
-0.090179443359375 0.144729614257813 -0.254257202148438 -0.1055908203125
0.0413589477539063 0.138664245605469 -0.185104370117188 0.0207977294921875
0.137687683105469 0.0587997436523438 -0.0821990966796875 0.0684432983398437
0.133651733398438 -0.0042877197265625 -0.0250473022460937 0.0491371154785156
0.114837646484375 0.00399017333984375 -0.0132904052734375 -0.02252197265625
0.137825012207031 0.00238037109375 0.0105133056640625 -0.104560852050781
0.148239135742187 0.058349609375 0.0854263305664063 -0.136604309082031
0.080322265625 0.14556884765625 0.16119384765625 -0.152755737304688
-0.0426788330078125 0.163986206054688 0.262237548828125 -0.0501556396484375
-0.1793212890625 0.014251708984375 0.294342041015625 0.179229736328125
-0.125228881835938 -0.141128540039062 0.108688354492187 0.263809204101563
0.0137176513671875 -0.188247680664063 -0.0506820678710938 0.0715713500976562
-0.0041656494140625 -0.190872192382813 0.0691375732421875 -0.14569091796875
-0.131874084472656 -0.107765197753906 -0.032562255859375 -0.31512451171875
-0.158294677734375 0.0515594482421875 -0.222442626953125 -0.254287719726562
-0.0390777587890625 0.140792846679688 -0.266128540039063 -0.103668212890625
0.0688858032226562 0.1060791015625 -0.214859008789062 0.0213775634765625
0.134681701660156 0.0240478515625 -0.126747131347656 0.0820770263671875
0.117683410644531 -0.0201873779296875 -0.0689926147460937 0.074005126953125
0.104179382324219 -0.00518798828125 -0.0555267333984375 0.00275802612304688
0.127761840820313 0.00154876708984375 -0.03228759765625 -0.0892181396484375
0.128028869628906 0.0629653930664063 0.047882080078125 -0.140625
0.0516204833984375 0.139968872070313 0.149826049804688 -0.16656494140625
-0.0678024291992188 0.13299560546875 0.274398803710937 -0.0507965087890625
-0.158294677734375 -0.032135009765625 0.30145263671875 0.204681396484375
-0.07745361328125 -0.15081787109375 0.100250244140625 0.275009155273438
0.040771484375 -0.167068481445313 -0.026153564453125 0.0353507995605469
-0.0242462158203125 -0.135772705078125 0.054229736328125 -0.174362182617188
-0.102554321289063 -0.0518798828125 -0.06878662109375 -0.3048095703125
-0.099212646484375 0.0618820190429688 -0.246337890625 -0.227066040039063
-0.00189208984375 0.102081298828125 -0.28753662109375 -0.084259033203125
0.068817138671875 0.0602874755859375 -0.237228393554688 0.0441741943359375
0.105140686035156 -0.0061492919921875 -0.1568603515625 0.112258911132813
0.085540771484375 -0.0282516479492188 -0.100326538085938 0.10626220703125
0.0786972045898438 -0.0123748779296875 -0.0897140502929688 0.0276870727539063
0.097320556640625 -0.00323486328125 -0.0688552856445313 -0.0789031982421875
0.0909347534179688 0.0480575561523438 0.0211944580078125 -0.150970458984375
0.0272750854492187 0.104042053222656 0.155868530273438 -0.17730712890625
-0.0630722045898437 0.0817642211914063 0.2989501953125 -0.036529541015625
-0.101211547851563 -0.0541610717773438 0.3072509765625 0.25372314453125
-0.024993896484375 -0.118804931640625 0.092132568359375 0.3021240234375
0.0489654541015625 -0.115211486816406 0.0062713623046875 0.0148401260375976
-0.0229568481445313 -0.0677413940429687 0.0369720458984375 -0.189361572265625
-0.0449638366699219 -0.0136032104492187 -0.101837158203125 -0.28948974609375
-0.0395698547363281 0.038604736328125 -0.268402099609375 -0.192428588867188
0.0114326477050781 0.0460166931152344 -0.302703857421875 -0.051605224609375
0.0445404052734375 0.0149345397949219 -0.2451171875 0.0754547119140625
0.0564079284667969 -0.0234031677246094 -0.168106079101563 0.14581298828125
0.0409049987792969 -0.0260696411132813 -0.116477966308594 0.134590148925781
0.0410423278808594 -0.0168647766113281 -0.110099792480469 0.0482101440429688
0.0519180297851563 -0.0125541687011719 -0.0905532836914063 -0.07080078125
0.0526657104492188 0.0133094787597656 0.00975036621093752 -0.15826416015625
0.022247314453125 0.050140380859375 0.16943359375 -0.17333984375
-0.0252876281738281 0.039764404296875 0.32000732421875 -0.002716064453125
-0.0370216369628906 -0.0315361022949219 0.29443359375 0.3092041015625
-3.43322753906287E-05 -0.0483016967773438 0.074310302734375 0.332977294921875
0.0264320373535156 -0.0468063354492188 0.0315113067626953 0.00955390930175781
0.0399971008300781 -0.0494766235351562 -0.0070648193359375 -0.0214500427246094
0.0207061767578125 -0.05615234375 -0.04058837890625 -0.361572265625
-0.0434913635253906 -0.0333709716796875 -0.305572509765625 -0.322052001953125
-0.043212890625 0.0125045776367187 -0.364410400390625 -0.04290771484375
-0.0213661193847656 0.0218963623046875 -0.173263549804687 0.156951904296875
-0.00375556945800781 0.0215091705322266 0.0350189208984375 0.164398193359375
0.0114250183105469 0.0291099548339844 0.125770568847656 0.0507965087890625
0.0100746154785156 0.0319061279296875 0.121223449707031 -0.0678787231445313
0.00872421264648437 0.0275783538818359 0.126815795898438 -0.149032592773438
0.0158157348632812 0.0251808166503906 0.188018798828125 -0.1531982421875
0.00759696960449219 0.0287342071533203 0.243011474609375 -0.127655029296875
-0.00974082946777344 0.0278396606445313 0.297515869140625 -0.005706787109375
-0.0250797271728516 6.6757202148434E-05 0.293365478515625 0.202667236328125
-0.0082712173461914 -0.0133190155029297 0.155517578125 0.292022705078125
0.00464248657226563 -0.0170755386352539 -0.05230712890625 0.190475463867188
0.0788650512695312 -0.123306274414063 0.00928497314453125 -0.0291805267333984
0.0181350708007813 -0.137191772460937 -0.017669677734375 -0.36126708984375
-0.0980911254882813 -0.0797348022460938 -0.275970458984375 -0.329193115234375
-0.0990371704101563 0.0332260131835938 -0.339996337890625 -0.0656127929687499
-0.0344009399414062 0.0746307373046875 -0.170059204101563 0.1231689453125
0.0366134643554687 0.0603485107421875 0.0250091552734375 0.137939453125
0.0627479553222656 0.0311622619628906 0.109489440917969 0.0394515991210938
0.0528984069824219 0.0263290405273438 0.104537963867187 -0.0728378295898437
0.056243896484375 0.01678466796875 0.11151123046875 -0.155609130859375
0.071990966796875 0.0259780883789063 0.176223754882813 -0.16339111328125
0.0523948669433594 0.0609817504882813 0.2281494140625 -0.143569946289063
0.00534057617187501 0.0832061767578125 0.290618896484375 -0.0284423828125
-0.07440185546875 0.039215087890625 0.30352783203125 0.1807861328125
-0.0758819580078125 -0.0362091064453125 0.159149169921875 0.278518676757812
-0.017974853515625 -0.0846176147460938 -0.0514068603515625 0.182525634765625
0.0903472900390625 -0.185623168945312 0.0358467102050781 -0.0468063354492188
-0.0162811279296875 -0.191574096679688 -0.004608154296875 -0.349578857421875
-0.156173706054688 -0.0881195068359375 -0.248382568359375 -0.310455322265625
-0.134124755859375 0.0706939697265625 -0.30145263671875 -0.0767517089843751
-0.02655029296875 0.119979858398438 -0.162811279296875 0.084686279296875
0.0796890258789063 0.08245849609375 0.00235748291015625 0.104423522949219
0.105056762695313 0.0246353149414063 0.0747451782226563 0.0323715209960937
0.08892822265625 0.0185623168945312 0.0731353759765625 -0.0650253295898438
0.0988082885742188 0.00719451904296875 0.0850830078125 -0.146652221679688
0.119590759277344 0.0298614501953125 0.154693603515625 -0.160263061523438
0.0873336791992188 0.0924301147460938 0.20684814453125 -0.149642944335938
0.0101547241210938 0.13140869140625 0.280288696289063 -0.04217529296875
-0.122550964355469 0.06329345703125 0.306121826171875 0.168304443359375
-0.127815246582031 -0.065032958984375 0.149490356445312 0.271987915039063
-0.027587890625 -0.142410278320313 -0.0571441650390625 0.158523559570313
0.066253662109375 -0.224929809570312 0.0630569458007813 -0.0742568969726563
-0.077545166015625 -0.202880859375 -0.000396728515625007 -0.334259033203125
-0.201065063476563 -0.04888916015625 -0.224151611328125 -0.288970947265625
-0.128829956054687 0.120590209960938 -0.268753051757813 -0.0904083251953124
0.00572204589843751 0.146499633789063 -0.166244506835937 0.0466156005859375
0.118560791015625 0.079803466796875 -0.0358200073242188 0.0777130126953125
0.131477355957031 0.0088043212890625 0.0270805358886719 0.0337142944335938
0.112983703613281 0.0086822509765625 0.0315055847167969 -0.0471572875976562
0.129966735839844 0.0001220703125 0.04931640625 -0.127822875976563
0.150070190429688 0.04022216796875 0.123367309570313 -0.150360107421875
0.100807189941406 0.124855041503906 0.1829833984375 -0.152664184570313
-0.004974365234375 0.165878295898438 0.26947021484375 -0.0495452880859375
-0.16595458984375 0.0586090087890625 0.30145263671875 0.166412353515625
-0.15252685546875 -0.103652954101563 0.1317138671875 0.267822265625
-0.0192718505859375 -0.18316650390625 -0.0591888427734375 0.121414184570312
0.0267333984375 -0.2276611328125 0.0754776000976563 -0.112762451171875
-0.126251220703125 -0.166839599609375 -0.0113525390625 -0.3275146484375
-0.202911376953125 0.0120391845703125 -0.218673706054687 -0.271743774414063
-0.088592529296875 0.151092529296875 -0.260009765625 -0.102691650390625
0.04656982421875 0.140792846679688 -0.188003540039063 0.0240325927734375
0.140548706054687 0.0545730590820312 -0.0841140747070312 0.0705032348632813
0.13653564453125 -0.010009765625 -0.0228042602539063 0.0491104125976563
0.120231628417969 -0.0001220703125 -0.0132236480712891 -0.0229721069335938
0.142532348632813 -0.001434326171875 0.00635528564453125 -0.106048583984375
0.153518676757813 0.0546112060546875 0.0841217041015625 -0.142532348632813
0.0883331298828125 0.14605712890625 0.158767700195313 -0.160003662109375
-0.03778076171875 0.170562744140625 0.2645263671875 -0.05615234375
-0.185562133789063 0.02044677734375 0.30230712890625 0.174285888671875
-0.134613037109375 -0.14129638671875 0.116806030273437 0.268218994140625
0.00891113281250001 -0.195159912109375 -0.0509872436523438 0.07720947265625
-0.0117034912109375 -0.1971435546875 0.0703125 -0.152603149414063
-0.139266967773437 -0.106178283691406 -0.0390625 -0.321533203125
-0.162567138671875 0.059600830078125 -0.23223876953125 -0.252700805664063
-0.035858154296875 0.145263671875 -0.273651123046875 -0.10162353515625
0.0735855102539062 0.106742858886719 -0.218856811523438 0.0259552001953126
0.137733459472656 0.0191650390625 -0.128608703613281 0.0861740112304688
0.120391845703125 -0.025787353515625 -0.0669631958007812 0.0764007568359375
0.109390258789062 -0.009613037109375 -0.055511474609375 0.00478744506835937
0.132392883300781 -0.002410888671875 -0.0370864868164062 -0.0885086059570313
0.133255004882813 0.05987548828125 0.045745849609375 -0.144866943359375
0.0584716796875 0.14129638671875 0.14654541015625 -0.174163818359375
-0.0649032592773438 0.13909912109375 0.276748657226563 -0.05816650390625
-0.165176391601563 -0.0279083251953125 0.310516357421875 0.199310302734375
-0.0853729248046875 -0.15277099609375 0.107513427734375 0.279083251953125
0.0369720458984375 -0.172821044921875 -0.0270957946777344 0.0386314392089844
-0.0304412841796875 -0.139595031738281 0.0534820556640625 -0.182769775390625
-0.107933044433594 -0.0504150390625 -0.07598876953125 -0.311279296875
-0.101219177246094 0.067626953125 -0.255950927734375 -0.2242431640625
0.00103759765625001 0.104019165039063 -0.295379638671875 -0.078887939453125
0.0726776123046875 0.0592422485351562 -0.2406005859375 0.0503082275390625
0.105941772460938 -0.010528564453125 -0.157135009765625 0.117446899414062
0.0860595703125 -0.0327301025390625 -0.096954345703125 0.110160827636719
0.0817718505859375 -0.016143798828125 -0.0894775390625 0.0318145751953125
0.101242065429688 -0.00545501708984375 -0.0737380981445313 -0.0766754150390625
0.0955963134765625 0.046600341796875 0.017181396484375 -0.154434204101563
0.0313644409179688 0.105575561523437 0.151641845703125 -0.184829711914063
-0.0612335205078125 0.0866470336914063 0.30242919921875 -0.043701171875
-0.10650634765625 -0.0529251098632813 0.317413330078125 0.24945068359375
-0.0298843383789063 -0.120956420898437 0.100616455078125 0.30584716796875
0.0472946166992188 -0.11932373046875 0.00535774230957032 0.0154542922973633
-0.0270347595214844 -0.0687217712402344 0.035186767578125 -0.198211669921875
-0.0470542907714844 -0.0127792358398437 -0.110382080078125 -0.295196533203125
-0.0393562316894531 0.0417900085449219 -0.276641845703125 -0.188201904296875
0.0128746032714844 0.0457534790039063 -0.30999755859375 -0.046112060546875
0.0459938049316406 0.0139694213867188 -0.246826171875 0.0825195312499999
0.0561790466308594 -0.0263290405273438 -0.166015625 0.152236938476562
0.0411033630371094 -0.0290870666503906 -0.112518310546875 0.139823913574219
0.0435295104980469 -0.0194129943847656 -0.109832763671875 0.0535125732421875
0.0536041259765625 -0.0146293640136719 -0.09613037109375 -0.0676956176757813
0.0544624328613281 0.0122337341308594 0.0046844482421875 -0.161529541015625
0.024505615234375 0.0503959655761719 0.165878295898438 -0.180877685546875
-0.0236625671386719 0.0417289733886719 0.324951171875 -0.010650634765625
-0.0396156311035156 -0.0321044921875 0.306121826171875 0.305908203125
-0.00146102905273438 -0.0494270324707031 0.0849609375 0.33843994140625
0.026336669921875 -0.0471725463867188 0.0318164825439453 0.00838279724121093
0.0379447937011719 -0.0533981323242188 -0.00633811950683593 -0.0185775756835938
0.0181770324707031 -0.0591659545898437 -0.059112548828125 -0.365386962890625
-0.0458183288574219 -0.031890869140625 -0.3267822265625 -0.310089111328125
-0.0430717468261719 0.0142555236816406 -0.373870849609375 -0.02337646484375
-0.0216312408447266 0.0227737426757813 -0.166213989257812 0.167404174804688
-0.005218505859375 0.0216598510742188 0.045074462890625 0.162689208984375
0.0130500793457031 0.0285167694091797 0.13201904296875 0.0434036254882813
0.0140552520751953 0.0315284729003906 0.119758605957031 -0.0769271850585938
0.0112285614013672 0.0281581878662109 0.1199951171875 -0.159912109375
0.0175762176513672 0.0248451232910156 0.183502197265625 -0.16766357421875
0.00908851623535156 0.0281543731689453 0.24053955078125 -0.1427001953125
-0.0079498291015625 0.0300617218017578 0.302459716796875 -0.02117919921875
-0.0272750854492187 0.00206184387207032 0.309478759765625 0.19036865234375
-0.0103092193603516 -0.0137157440185547 0.175018310546875 0.29248046875
0.0040130615234375 -0.01849365234375 -0.044036865234375 0.204391479492187
0.0734710693359375 -0.132331848144531 0.0100631713867188 -0.0277481079101563
0.0102081298828125 -0.141998291015625 -0.03521728515625 -0.36541748046875
-0.10455322265625 -0.0761337280273438 -0.2960205078125 -0.318817138671875
-0.100273132324219 0.0386581420898438 -0.34869384765625 -0.0490722656250001
-0.0315704345703125 0.078216552734375 -0.165359497070313 0.13336181640625
0.038726806640625 0.0591659545898437 0.032806396484375 0.136009216308594
0.066070556640625 0.0273323059082031 0.114509582519531 0.0319442749023438
0.0576858520507812 0.0236396789550781 0.1029052734375 -0.081146240234375
0.0598640441894531 0.0150146484375 0.103775024414062 -0.165328979492188
0.074493408203125 0.022308349609375 0.171051025390625 -0.177688598632813
0.057220458984375 0.0580902099609375 0.2249755859375 -0.1588134765625
0.0109634399414062 0.08544921875 0.2945556640625 -0.043853759765625
-0.0753860473632813 0.044830322265625 0.318878173828125 0.167694091796875
-0.0809249877929688 -0.033111572265625 0.178054809570312 0.278305053710937
-0.022857666015625 -0.0863876342773438 -0.0429229736328125 0.196212768554688
0.08111572265625 -0.196609497070313 0.0375747680664063 -0.047943115234375
-0.0285186767578125 -0.1956787109375 -0.019775390625 -0.354522705078125
-0.165618896484375 -0.0811767578125 -0.265289306640625 -0.302001953125
-0.133438110351563 0.0791397094726562 -0.308685302734375 -0.063140869140625
-0.0210189819335937 0.12445068359375 -0.160049438476563 0.092987060546875
0.0831756591796875 0.0797195434570313 0.00638580322265624 0.103233337402344
0.108650207519531 0.0179443359375 0.07879638671875 0.0266647338867188
0.0945968627929688 0.012481689453125 0.0712127685546875 -0.0712814331054688
0.102813720703125 0.00188446044921875 0.0768585205078125 -0.154754638671875
0.123573303222656 0.0230331420898438 0.1500244140625 -0.174163818359375
0.0947113037109375 0.0889968872070313 0.202957153320313 -0.164031982421875
0.0185394287109375 0.135162353515625 0.282989501953125 -0.0560302734375
-0.123786926269531 0.072540283203125 0.319183349609375 0.1552734375
-0.137283325195313 -0.0598831176757813 0.167236328125 0.273147583007813
-0.0374908447265625 -0.145858764648438 -0.049835205078125 0.171844482421875
0.05413818359375 -0.236038208007813 0.0640411376953125 -0.0790481567382813
-0.0919647216796875 -0.203155517578125 -0.015472412109375 -0.340606689453125
-0.209854125976563 -0.0373077392578125 -0.240478515625 -0.28179931640625
-0.126533508300781 0.130332946777344 -0.276931762695313 -0.0797882080078125
0.0141448974609375 0.150161743164062 -0.1666259765625 0.0547637939453125
0.1240234375 0.0746002197265625 -0.0347137451171875 0.0786361694335938
0.134628295898438 0.0005035400390625 0.0306453704833984 0.0315227508544922
0.118484497070313 0.00087738037109375 0.0301399230957031 -0.0510101318359375
0.135101318359375 -0.0072479248046875 0.0414962768554688 -0.132347106933594
0.156051635742188 0.03179931640625 0.118637084960938 -0.16156005859375
0.111396789550781 0.121284484863281 0.177719116210938 -0.164993286132813
0.0048065185546875 0.171661376953125 0.27081298828125 -0.0634918212890625
-0.169113159179688 0.07086181640625 0.31365966796875 0.153533935546875
-0.164794921875 -0.0976409912109375 0.148681640625 0.269500732421875
-0.030303955078125 -0.188262939453125 -0.0544204711914062 0.132553100585938
0.01251220703125 -0.237548828125 0.0744094848632813 -0.120429992675781
-0.140716552734375 -0.163589477539062 -0.02545166015625 -0.33331298828125
-0.208038330078125 0.025482177734375 -0.2332763671875 -0.2652587890625
-0.0829925537109375 0.159378051757813 -0.269210815429688 -0.0929870605468749
0.05535888671875 0.141876220703125 -0.190399169921875 0.03253173828125
0.145431518554688 0.04779052734375 -0.0840988159179687 0.0743484497070313
0.138282775878906 -0.0192337036132813 -0.0196685791015625 0.0497627258300781
0.124855041503906 -0.00849151611328125 -0.0143604278564453 -0.0226631164550781
0.146881103515625 -0.009613037109375 -0.000885009765624983 -0.1077880859375
0.161361694335938 0.0463714599609375 0.0790252685546875 -0.1510009765625
0.099517822265625 0.143829345703125 0.152175903320313 -0.170547485351563
-0.0290985107421875 0.177536010742188 0.265396118164063 -0.0704498291015625
-0.192214965820313 0.0318145751953125 0.313812255859375 0.16290283203125
-0.147933959960938 -0.13787841796875 0.131637573242188 0.269973754882813
-0.002044677734375 -0.202346801757812 -0.0484619140625 0.0852203369140625
-0.025604248046875 -0.2030029296875 0.06646728515625 -0.162017822265625
-0.14984130859375 -0.100967407226563 -0.055084228515625 -0.327789306640625
-0.163925170898438 0.071197509765625 -0.245758056640625 -0.245223999023437
-0.029632568359375 0.15081787109375 -0.283294677734375 -0.0906982421874999
0.0818252563476563 0.105186462402344 -0.221694946289062 0.0368499755859375
0.140106201171875 0.0119247436523437 -0.128128051757813 0.0934829711914063
0.121086120605469 -0.0341567993164063 -0.0621490478515625 0.0801849365234375
0.113365173339844 -0.0167083740234375 -0.0556526184082031 0.00806045532226563
0.136764526367188 -0.0102920532226563 -0.0438766479492188 -0.0870361328125
0.140205383300781 0.0536346435546875 0.0388946533203125 -0.150466918945313
0.068328857421875 0.141220092773438 0.138214111328125 -0.184066772460938
-0.0581512451171875 0.146759033203125 0.27679443359375 -0.0720672607421875
-0.17364501953125 -0.0194549560546875 0.324310302734375 0.187530517578125
-0.0975494384765625 -0.152862548828125 0.123153686523437 0.280227661132813
0.029083251953125 -0.18035888671875 -0.0263557434082031 0.0433158874511719
-0.0412750244140625 -0.14208984375 0.0470733642578125 -0.1943359375
-0.114242553710938 -0.0445404052734375 -0.092315673828125 -0.315826416015625
-0.0995101928710938 0.0764694213867187 -0.2698974609375 -0.214859008789062
0.0068206787109375 0.106414794921875 -0.30511474609375 -0.0673828125000001
0.0782699584960938 0.0562362670898438 -0.242568969726563 0.063507080078125
0.105964660644531 -0.016998291015625 -0.154541015625 0.128189086914063
0.08563232421875 -0.0392684936523438 -0.0913314819335937 0.117156982421875
0.08416748046875 -0.0222091674804688 -0.0883560180664062 0.0379867553710938
0.104194641113281 -0.0114364624023437 -0.0803756713867188 -0.0721511840820313
0.10052490234375 0.0424575805664063 0.00930786132812502 -0.1583251953125
0.0392074584960938 0.105438232421875 0.142074584960938 -0.196319580078125
-0.0582733154296875 0.0931320190429688 0.303466796875 -0.060028076171875
-0.114265441894531 -0.048797607421875 0.33447265625 0.236175537109375
-0.0378494262695312 -0.122795104980469 0.118255615234375 0.306915283203125
0.042755126953125 -0.125167846679688 0.00574684143066407 0.0164422988891601
-0.0330543518066406 -0.0683250427246094 0.02728271484375 -0.2099609375
-0.0493888854980469 -0.010711669921875 -0.12689208984375 -0.2978515625
-0.0381622314453125 0.0457992553710938 -0.289886474609375 -0.17724609375
0.0156288146972656 0.0464401245117188 -0.31854248046875 -0.03143310546875
0.0470962524414063 0.0113487243652344 -0.247909545898437 0.0964050292968749
0.0540122985839844 -0.030181884765625 -0.161666870117188 0.163497924804687
0.0400009155273438 -0.0332908630371094 -0.105422973632813 0.148712158203125
0.0444984436035156 -0.0234870910644531 -0.107887268066406 0.0618743896484375
0.0548782348632813 -0.017303466796875 -0.102973937988281 -0.0614852905273438
0.0565223693847656 0.0094146728515625 -0.0052947998046875 -0.164505004882813
0.0278587341308594 0.0491752624511719 0.156585693359375 -0.193191528320313
-0.0215225219726563 0.0442237854003906 0.328155517578125 -0.028289794921875
-0.0441207885742187 -0.0306663513183594 0.326080322265625 0.29449462890625
-0.0045166015625 -0.0505294799804687 0.103851318359375 0.340972900390625
0.0250396728515625 -0.0490798950195313 0.0330467224121094 0.00673866271972656
0.0335044860839844 -0.056182861328125 -0.00539112091064453 -0.0150680541992188
0.014190673828125 -0.0613021850585938 -0.08074951171875 -0.357940673828125
-0.0470428466796875 -0.0289726257324219 -0.344146728515625 -0.285400390625
-0.0414390563964844 0.0161705017089844 -0.37176513671875 0.00140380859375005
-0.0208892822265625 0.0238437652587891 -0.1522216796875 0.176177978515625
-0.00578498840332031 0.0218868255615234 0.0557403564453125 0.15533447265625
0.015045166015625 0.0277976989746094 0.135299682617188 0.0315322875976563
0.0171051025390625 0.0299034118652344 0.113677978515625 -0.0867156982421875
0.0141239166259766 0.0280342102050781 0.107406616210937 -0.168441772460938
0.0190296173095703 0.0235462188720703 0.170989990234375 -0.181365966796875
0.0106048583984375 0.0268840789794922 0.229263305664063 -0.158096313476563
-0.00536727905273437 0.03076171875 0.29852294921875 -0.04266357421875
-0.0272865295410156 0.004608154296875 0.320831298828125 0.168487548828125
-0.0118618011474609 -0.0129928588867188 0.196075439453125 0.281829833984375
0.00270652770996094 -0.0192527770996094 -0.0294647216796875 0.214813232421875
0.0631790161132813 -0.138648986816406 0.0109500885009766 -0.0257701873779297
-0.00054931640625001 -0.143341064453125 -0.057586669921875 -0.359405517578125
-0.110420227050781 -0.0688934326171875 -0.313568115234375 -0.297210693359375
-0.0976104736328125 0.044464111328125 -0.34832763671875 -0.0250549316406249
-0.0266571044921875 0.0806350708007813 -0.1541748046875 0.142196655273437
0.0405349731445313 0.0565872192382812 0.040557861328125 0.130447387695313
0.0671920776367188 0.02197265625 0.116981506347656 0.0219802856445312
0.0608711242675781 0.0179786682128906 0.0958175659179687 -0.089447021484375
0.0624275207519531 0.0109939575195313 0.0897979736328125 -0.17279052734375
0.0761184692382813 0.0169525146484375 0.15789794921875 -0.19140625
0.0607643127441406 0.0535545349121094 0.212265014648438 -0.173248291015625
0.01739501953125 0.0849380493164063 0.288787841796875 -0.06353759765625
-0.07391357421875 0.0517196655273438 0.327301025390625 0.144683837890625
-0.085693359375 -0.0274124145507813 0.1978759765625 0.268524169921875
-0.029998779296875 -0.0862579345703125 -0.0284576416015625 0.206405639648438
0.0648193359375 -0.204971313476563 0.0373420715332031 -0.0486106872558594
-0.0438995361328125 -0.194580078125 -0.04083251953125 -0.349029541015625
-0.172409057617188 -0.069122314453125 -0.280548095703125 -0.28192138671875
-0.128959655761719 0.0885467529296875 -0.30999755859375 -0.042327880859375
-0.0124435424804688 0.126441955566406 -0.15191650390625 0.101852416992188
0.0868148803710938 0.0743408203125 0.0119781494140625 0.100494384765625
0.109451293945313 0.00916290283203125 0.0811080932617188 0.0186614990234375
0.0970687866210937 0.0045013427734375 0.0653762817382813 -0.0770645141601563
0.104400634765625 -0.00504302978515625 0.0641937255859375 -0.159133911132812
0.125114440917969 0.0137710571289062 0.136962890625 -0.18572998046875
0.101058959960938 0.0819168090820313 0.189743041992188 -0.1768798828125
0.028350830078125 0.134536743164063 0.276718139648438 -0.07452392578125
-0.120819091796875 0.0828781127929687 0.32696533203125 0.13385009765625
-0.143722534179688 -0.050689697265625 0.186187744140625 0.264190673828125
-0.0487213134765625 -0.145355224609375 -0.03680419921875 0.18121337890625
0.034393310546875 -0.242218017578125 0.06207275390625 -0.083740234375
-0.107864379882813 -0.19696044921875 -0.034515380859375 -0.337646484375
-0.213531494140625 -0.021148681640625 -0.253799438476563 -0.264251708984375
-0.118110656738281 0.139503479003906 -0.279464721679688 -0.0623626708984375
0.0248260498046875 0.14971923828125 -0.161773681640625 0.0643310546875
0.127433776855469 0.0665740966796875 -0.0308914184570312 0.0796279907226562
0.134323120117188 -0.0103836059570313 0.0327835083007813 0.0269203186035156
0.120079040527344 -0.0088958740234375 0.0261917114257813 -0.0538063049316406
0.135734558105469 -0.016845703125 0.0306167602539063 -0.134330749511719
0.158111572265625 0.0197601318359375 0.107223510742188 -0.17120361328125
0.12066650390625 0.113357543945312 0.164291381835938 -0.175735473632813
0.017730712890625 0.171844482421875 0.264312744140625 -0.0800933837890625
-0.167083740234375 0.0843048095703125 0.320953369140625 0.131439208984375
-0.174362182617187 -0.086334228515625 0.166366577148438 0.26165771484375
-0.0448150634765625 -0.188339233398437 -0.0448150634765625 0.141204833984375
-0.00714111328124999 -0.240280151367188 0.0691986083984375 -0.126686096191406
-0.153915405273438 -0.153335571289063 -0.04534912109375 -0.33056640625
-0.207000732421875 0.042083740234375 -0.245773315429688 -0.248916625976562
-0.07269287109375 0.166213989257812 -0.273193359375 -0.0766143798828125
0.0658340454101563 0.137664794921875 -0.187911987304688 0.0444793701171875
0.147018432617188 0.0377044677734375 -0.0800857543945313 0.0794601440429687
0.136383056640625 -0.0298614501953125 -0.0154190063476562 0.0491256713867187
0.125633239746094 -0.0191726684570313 -0.0158767700195312 -0.0225696563720703
0.14801025390625 -0.0208587646484375 -0.00903320312499999 -0.105697631835938
0.164779663085938 0.0341033935546875 0.068572998046875 -0.157608032226563
0.11016845703125 0.136528015136719 0.138046264648438 -0.17938232421875
-0.015655517578125 0.180740356445312 0.258209228515625 -0.086456298828125
-0.192901611328125 0.0467529296875 0.322113037109375 0.1405029296875
-0.161102294921875 -0.127716064453125 0.149826049804687 0.262680053710938
-0.0171661376953125 -0.203811645507813 -0.0429534912109375 0.0922393798828125
-0.0430908203125 -0.202774047851562 0.0580596923828125 -0.170074462890625
-0.15887451171875 -0.0898284912109375 -0.07440185546875 -0.32427978515625
-0.158782958984375 0.0850067138671875 -0.258209228515625 -0.228317260742187
-0.0190887451171875 0.152603149414063 -0.288909912109375 -0.073486328125
0.0894012451171875 0.099609375 -0.218902587890625 0.0510101318359375
0.139106750488281 0.00213623046875 -0.122016906738281 0.102554321289063
0.11834716796875 -0.043914794921875 -0.0557098388671875 0.0833587646484375
0.11328125 -0.0267410278320313 -0.054779052734375 0.0119972229003906
0.137771606445313 -0.0207138061523438 -0.0501785278320312 -0.0813980102539063
0.14447021484375 0.0432586669921875 0.028106689453125 -0.15374755859375
0.0797958374023438 0.136283874511719 0.122406005859375 -0.19171142578125
-0.047607421875 0.152511596679688 0.2685546875 -0.089630126953125
-0.178070068359375 -0.00601196289062498 0.333343505859375 0.163055419921875
-0.110748291015625 -0.146438598632813 0.141036987304687 0.272506713867188
0.0160064697265625 -0.1842041015625 -0.0243148803710937 0.0476150512695313
-0.0537872314453125 -0.139617919921875 0.035400390625 -0.201461791992188
-0.118003845214844 -0.0367965698242188 -0.11187744140625 -0.311187744140625
-0.09326171875 0.0846786499023437 -0.280426025390625 -0.196029663085937
0.0137481689453125 0.106224060058594 -0.30828857421875 -0.04705810546875
0.0821075439453125 0.0506210327148438 -0.23779296875 0.0790863037109375
0.103691101074219 -0.0240249633789063 -0.145736694335938 0.138565063476563
0.0819320678710938 -0.0460739135742187 -0.081756591796875 0.121627807617188
0.08380126953125 -0.0296554565429688 -0.0849609375 0.04461669921875
0.105270385742188 -0.0199050903320313 -0.086273193359375 -0.0643234252929687
0.1043701171875 0.0357589721679688 -0.00325012207031251 -0.1588134765625
0.0466842651367188 0.103340148925781 0.12481689453125 -0.203582763671875
-0.051177978515625 0.0974273681640625 0.2950439453125 -0.080169677734375
-0.120712280273438 -0.0401153564453125 0.34613037109375 0.21240234375
-0.0475921630859375 -0.120834350585938 0.138580322265625 0.2984619140625
0.0339889526367187 -0.129005432128906 0.00588035583496094 0.0165920257568359
-0.0400314331054687 -0.0657501220703125 0.014404296875 -0.216964721679687
-0.0503044128417969 -0.00680923461914062 -0.1455078125 -0.290802001953125
-0.0338478088378906 0.048828125 -0.298797607421875 -0.1571044921875
0.0186843872070313 0.0452651977539063 -0.319122314453125 -0.01031494140625
0.0479888916015625 0.00728988647460937 -0.240127563476563 0.11309814453125
0.0507278442382813 -0.0342521667480469 -0.14959716796875 0.174118041992188
0.0371971130371094 -0.0367507934570313 -0.092559814453125 0.155044555664062
0.0436668395996094 -0.0275192260742188 -0.102287292480469 0.0699996948242188
0.0549659729003906 -0.0213279724121094 -0.107322692871094 -0.0517501831054688
0.0570755004882813 0.00604629516601563 -0.018310546875 -0.16339111328125
0.031280517578125 0.0469818115234375 0.139236450195313 -0.201980590820313
-0.0179939270019531 0.0467910766601563 0.321441650390625 -0.05078125
-0.0478935241699219 -0.0270347595214844 0.34271240234375 0.26934814453125
-0.00792694091796875 -0.0504417419433594 0.12701416015625 0.3326416015625
0.0229148864746094 -0.0508499145507813 0.0323104858398438 0.00326347351074218
0.0280647277832031 -0.0567665100097656 -0.00289440155029297 -0.011993408203125
0.00991439819335938 -0.06072998046875 -0.0970458984375 -0.339447021484375
-0.046051025390625 -0.0264358520507812 -0.345703125 -0.2562255859375
-0.0387649536132813 0.0168876647949219 -0.359222412109375 0.02276611328125
-0.0201187133789062 0.0240135192871094 -0.136001586914062 0.177993774414063
-0.00649642944335937 0.0227184295654297 0.0636138916015625 0.144790649414063
0.0161991119384766 0.0260162353515625 0.13409423828125 0.0206985473632813
0.0193538665771484 0.0274124145507813 0.10369873046875 -0.0915145874023437
0.0169410705566406 0.0269775390625 0.0920867919921875 -0.170181274414063
0.0199851989746094 0.0221595764160156 0.154342651367188 -0.187225341796875
0.0117321014404297 0.0249347686767578 0.212051391601563 -0.166275024414063
-0.00352287292480468 0.0306301116943359 0.28558349609375 -0.05712890625
-0.0274639129638672 0.00711822509765625 0.31976318359375 0.14459228515625
-0.0129489898681641 -0.0117950439453125 0.20831298828125 0.264114379882813
0.00107002258300781 -0.0194168090820313 -0.0145111083984375 0.2176513671875
0.0509414672851563 -0.139877319335937 0.0123157501220703 -0.0236759185791016
-0.01007080078125 -0.139945983886719 -0.07440185546875 -0.342041015625
-0.111282348632813 -0.060882568359375 -0.3165283203125 -0.26806640625
-0.0922698974609375 0.0483932495117188 -0.3375244140625 -0.00473022460937503
-0.0224227905273438 0.0799102783203125 -0.139801025390625 0.145004272460938
0.0407905578613281 0.0539131164550781 0.04638671875 0.12213134765625
0.06640625 0.0172004699707031 0.115028381347656 0.0121688842773438
0.0610694885253906 0.0127105712890625 0.0871124267578125 -0.0931015014648437
0.0623321533203125 0.00686264038085937 0.0753173828125 -0.172698974609375
0.0745925903320313 0.0120849609375 0.140884399414063 -0.196121215820313
0.0621223449707031 0.048187255859375 0.194564819335938 -0.1798095703125
0.0220947265625 0.0820541381835938 0.274459838867188 -0.077301025390625
-0.0697097778320313 0.0560073852539063 0.323974609375 0.121551513671875
-0.0870437622070313 -0.0212326049804687 0.20867919921875 0.251953125
-0.0354461669921875 -0.08331298828125 -0.01385498046875 0.209564208984375
0.0482635498046875 -0.204437255859375 0.0371780395507813 -0.0484962463378906
-0.0554656982421875 -0.18682861328125 -0.057220458984375 -0.335418701171875
-0.172576904296875 -0.057403564453125 -0.28375244140625 -0.256744384765625
-0.120941162109375 0.0931549072265625 -0.30072021484375 -0.024322509765625
-0.0059661865234375 0.124176025390625 -0.140129089355469 0.105270385742188
0.0876083374023438 0.0682373046875 0.016357421875 0.0953750610351563
0.106437683105469 0.00205230712890625 0.0791549682617188 0.0113143920898438
0.0952377319335937 -0.00299835205078125 0.0578079223632813 -0.0796661376953125
0.102516174316406 -0.0116119384765625 0.0511932373046875 -0.157302856445313
0.122276306152344 0.005462646484375 0.120895385742188 -0.189987182617188
0.103240966796875 0.07330322265625 0.1724853515625 -0.181777954101563
0.0361862182617187 0.129806518554688 0.262466430664063 -0.0868072509765625
-0.114883422851563 0.0894088745117188 0.323516845703125 0.111297607421875
-0.145950317382813 -0.039520263671875 0.196945190429688 0.247116088867187
-0.0577392578125 -0.140625 -0.0238494873046875 0.184982299804688
0.01605224609375 -0.24005126953125 0.0588150024414063 -0.0848617553710938
-0.118667602539063 -0.1854248046875 -0.049713134765625 -0.3251953125
-0.209030151367188 -0.00714111328125003 -0.256484985351562 -0.241790771484375
-0.10784912109375 0.143295288085938 -0.2733154296875 -0.046142578125
0.0327911376953125 0.144195556640625 -0.152923583984375 0.0700836181640625
0.126548767089844 0.0578384399414062 -0.0262680053710938 0.0784835815429688
0.129325866699219 -0.018707275390625 0.0341339111328125 0.0227031707763672
0.117118835449219 -0.0179443359375 0.0215377807617188 -0.05413818359375
0.13262939453125 -0.0255355834960938 0.0204925537109375 -0.131118774414063
0.155426025390625 0.0095367431640625 0.092681884765625 -0.174575805664062
0.124076843261719 0.102325439453125 0.148147583007813 -0.179641723632813
0.027862548828125 0.167404174804688 0.249588012695312 -0.091064453125
-0.159439086914063 0.0941619873046875 0.31719970703125 0.11065673828125
-0.178436279296875 -0.07354736328125 0.17681884765625 0.24664306640625
-0.0560150146484375 -0.182785034179688 -0.0341339111328125 0.144378662109375
-0.024688720703125 -0.2352294921875 0.0625839233398437 -0.129676818847656
-0.159713745117188 -0.140426635742188 -0.059661865234375 -0.31939697265625
-0.198822021484375 0.0545806884765625 -0.248626708984375 -0.229034423828125
-0.061798095703125 0.166961669921875 -0.268478393554688 -0.060791015625
0.0723495483398438 0.130912780761719 -0.179046630859375 0.052459716796875
0.144287109375 0.0287933349609375 -0.0740585327148437 0.0815200805664062
0.130523681640625 -0.0379104614257813 -0.0118370056152344 0.0470542907714844
0.122474670410156 -0.0276718139648438 -0.0167980194091797 -0.0207271575927734
0.144485473632813 -0.0302886962890625 -0.0158157348632812 -0.100898742675781
0.1624755859375 0.0227508544921875 0.0563812255859375 -0.158370971679688
0.115821838378906 0.126640319824219 0.1219482421875 -0.180633544921875
-0.00447082519531249 0.177810668945313 0.242965698242187 -0.09619140625
-0.187774658203125 0.059783935546875 0.317535400390625 0.118927001953125
-0.167526245117188 -0.114242553710937 0.159042358398438 0.24725341796875
-0.0293731689453125 -0.200042724609375 -0.0361328125 0.095611572265625
-0.0569305419921875 -0.1954345703125 0.0482940673828125 -0.171737670898438
-0.160995483398437 -0.07757568359375 -0.087646484375 -0.3121337890625
-0.14886474609375 0.0933990478515625 -0.259841918945312 -0.208892822265625
-0.010711669921875 0.150665283203125 -0.283935546875 -0.05657958984375
0.0932693481445313 0.0920028686523438 -0.2088623046875 0.061370849609375
0.134819030761719 -0.00585174560546875 -0.112625122070312 0.106910705566406
0.111457824707031 -0.050323486328125 -0.0485305786132813 0.0828933715820312
0.109703063964844 -0.0345382690429688 -0.0517845153808594 0.01507568359375
0.134353637695313 -0.0294570922851563 -0.0542068481445312 -0.0750579833984375
0.143524169921875 0.0337066650390625 0.0177154541015625 -0.15155029296875
0.0861740112304688 0.127792358398438 0.105072021484375 -0.191543579101563
-0.0367889404296875 0.151687622070313 0.252487182617187 -0.100311279296875
-0.176895141601563 0.00672912597656253 0.32904052734375 0.14013671875
-0.118995666503906 -0.136268615722656 0.151763916015625 0.256927490234375
0.0042877197265625 -0.182205200195313 -0.0219879150390625 0.0489997863769531
-0.0634002685546875 -0.132415771484375 0.023712158203125 -0.202285766601562
-0.118339538574219 -0.027862548828125 -0.12493896484375 -0.297882080078125
-0.0854644775390625 0.0888671875 -0.280380249023438 -0.176376342773438
0.019744873046875 0.103256225585938 -0.302215576171875 -0.029022216796875
0.0824203491210937 0.0443267822265625 -0.226104736328125 0.0899200439453125
0.0980911254882813 -0.0286712646484375 -0.133163452148438 0.143310546875
0.0760116577148438 -0.0506210327148438 -0.071014404296875 0.122276306152344
0.0811386108398437 -0.0352096557617187 -0.0788726806640625 0.0486831665039062
0.102088928222656 -0.0262069702148437 -0.087554931640625 -0.0545883178710937
0.104866027832031 0.02862548828125 -0.013916015625 -0.1536865234375
0.0520248413085938 0.0975570678710937 0.105499267578125 -0.202545166015625
-0.0441513061523437 0.0989990234375 0.278900146484375 -0.0931854248046875
-0.121932983398438 -0.03076171875 0.344451904296875 0.184417724609375
-0.055450439453125 -0.115043640136719 0.150390625 0.28167724609375
0.0265655517578125 -0.128738403320313 0.00553989410400391 0.0155706405639648
-0.0443305969238281 -0.059967041015625 0.0019683837890625 -0.216903686523438
-0.0494346618652344 -0.00307083129882813 -0.157394409179688 -0.277023315429687
-0.0292167663574219 0.0502662658691406 -0.29608154296875 -0.137115478515625
0.0205726623535156 0.0434303283691406 -0.3101806640625 0.00772094726562498
0.0459823608398438 0.004669189453125 -0.22564697265625 0.122467041015625
0.0458755493164063 -0.0350799560546875 -0.134353637695313 0.177215576171875
0.0329818725585938 -0.0382728576660156 -0.0792083740234375 0.155319213867188
0.0418243408203125 -0.0316047668457031 -0.0938796997070313 0.0750961303710937
0.0536880493164063 -0.024627685546875 -0.107444763183594 -0.0411453247070312
0.0564994812011719 0.0031890869140625 -0.02960205078125 -0.157150268554688
0.0332527160644531 0.0441703796386719 0.118759155273438 -0.20196533203125
-0.01513671875 0.0467529296875 0.30645751953125 -0.067047119140625
-0.0504379272460937 -0.0227012634277344 0.344329833984375 0.241729736328125
-0.0111236572265625 -0.0482902526855469 0.14166259765625 0.313873291015625
0.0202484130859375 -0.0511550903320313 0.0307483673095703 0.000997543334960934
0.0242538452148437 -0.0554122924804688 -0.000400543212890624 -0.00911903381347656
0.00640106201171875 -0.0591812133789063 -0.100799560546875 -0.3223876953125
-0.0449447631835938 -0.0249824523925781 -0.335174560546875 -0.2352294921875
-0.0365409851074219 0.0161170959472656 -0.342132568359375 0.032379150390625
-0.0192241668701172 0.0237007141113281 -0.1240234375 0.172119140625
-0.0076904296875 0.0237102508544922 0.0652999877929687 0.1357421875
0.0157718658447266 0.0252056121826172 0.130279541015625 0.0137405395507813
0.0204505920410156 0.0246486663818359 0.096160888671875 -0.091827392578125
0.0180454254150391 0.0254802703857422 0.0820465087890625 -0.165847778320313
0.019622802734375 0.0209026336669922 0.14129638671875 -0.185409545898438
0.0114402770996094 0.0240573883056641 0.198135375976563 -0.164154052734375
-0.00211334228515625 0.0300941467285156 0.271377563476563 -0.06109619140625
-0.0264053344726563 0.00902175903320313 0.309783935546875 0.130218505859375
-0.0139379501342773 -0.0109004974365234 0.208465576171875 0.250152587890625
4.95910644531233E-05 -0.0188617706298828 -0.0057525634765625 0.217208862304688
0.0431365966796875 -0.136848449707031 0.0141506195068359 -0.0216770172119141
-0.014556884765625 -0.135345458984375 -0.078399658203125 -0.32501220703125
-0.109336853027344 -0.0564041137695313 -0.307586669921875 -0.248291015625
-0.0884857177734375 0.0484848022460938 -0.3211669921875 0.00476074218750001
-0.0199432373046875 0.0777435302734375 -0.129379272460938 0.14154052734375
0.0394515991210937 0.0528450012207031 0.0481643676757813 0.114646911621094
0.0640830993652344 0.0149383544921875 0.111862182617188 0.00722503662109375
0.0601158142089844 0.00999832153320313 0.08001708984375 -0.092864990234375
0.0620918273925781 0.004974365234375 0.0652923583984375 -0.167327880859375
0.071685791015625 0.00965118408203125 0.127883911132813 -0.194183349609375
0.0606842041015625 0.04522705078125 0.18121337890625 -0.17742919921875
0.0236892700195312 0.0796356201171875 0.2607421875 -0.08038330078125
-0.0672187805175781 0.0575141906738281 0.314544677734375 0.108428955078125
-0.086517333984375 -0.0181350708007813 0.210098266601563 0.238601684570313
-0.0373687744140625 -0.08099365234375 -0.00485229492187498 0.2088623046875
0.0386962890625 -0.200958251953125 0.0373802185058594 -0.0470352172851563
-0.0606842041015625 -0.179443359375 -0.0606689453125 -0.318359375
-0.16876220703125 -0.050506591796875 -0.27532958984375 -0.24017333984375
-0.115531921386719 0.0939254760742187 -0.287841796875 -0.0157470703125
-0.00254058837890624 0.120719909667969 -0.130752563476562 0.10357666015625
0.0853958129882813 0.0652542114257813 0.0183639526367188 0.0903778076171875
0.102500915527344 -0.00098419189453125 0.0774993896484375 0.00678253173828125
0.0931320190429687 -0.0064849853515625 0.0528640747070313 -0.0779876708984375
0.100349426269531 -0.0146713256835938 0.0430450439453125 -0.152053833007813
0.11785888671875 0.00164031982421875 0.109481811523437 -0.187530517578125
0.101554870605469 0.068115234375 0.160079956054688 -0.178558349609375
0.03887939453125 0.125999450683594 0.249038696289063 -0.0885772705078125
-0.110122680664063 0.0925140380859375 0.312286376953125 0.099334716796875
-0.145126342773438 -0.033203125 0.19775390625 0.235336303710938
-0.0613937377929687 -0.135719299316406 -0.014984130859375 0.183929443359375
0.00518798828125001 -0.233810424804688 0.0569686889648438 -0.0845489501953125
-0.121902465820313 -0.17559814453125 -0.053741455078125 -0.310760498046875
-0.203201293945313 -0.000823974609374983 -0.24920654296875 -0.227157592773438
-0.101058959960938 0.141998291015625 -0.261856079101563 -0.0383758544921875
0.035064697265625 0.139389038085938 -0.14385986328125 0.06951904296875
0.123519897460937 0.0540390014648438 -0.0233993530273437 0.0759811401367188
0.123832702636719 -0.0223388671875 0.0337562561035156 0.0191059112548828
0.113784790039063 -0.0217056274414063 0.0184860229492188 -0.0531158447265625
0.12908935546875 -0.0292434692382813 0.0145950317382812 -0.126083374023437
0.149932861328125 0.004302978515625 0.0830078125 -0.172454833984375
0.1240234375 0.0954360961914063 0.136566162109375 -0.174713134765625
0.0324554443359375 0.162017822265625 0.2364501953125 -0.09185791015625
-0.15374755859375 0.0983428955078125 0.306182861328125 0.098876953125
-0.17791748046875 -0.0648040771484375 0.177169799804688 0.234771728515625
-0.0617523193359375 -0.1771240234375 -0.027618408203125 0.144775390625
-0.03485107421875 -0.227554321289063 0.0588836669921875 -0.128562927246094
-0.160995483398438 -0.130783081054688 -0.063140869140625 -0.3067626953125
-0.190765380859375 0.0590362548828125 -0.241867065429688 -0.214920043945313
-0.0545654296875 0.163864135742187 -0.259384155273438 -0.0533294677734375
0.0735321044921875 0.124893188476563 -0.170272827148438 0.0535736083984375
0.139503479003906 0.0254058837890625 -0.068817138671875 0.08026123046875
0.124259948730469 -0.04107666015625 -0.0101661682128906 0.043792724609375
0.11822509765625 -0.0322036743164063 -0.017059326171875 -0.01953125
0.139961242675781 -0.034423828125 -0.018951416015625 -0.0957183837890625
0.158004760742188 0.0164947509765625 0.04864501953125 -0.15533447265625
0.116111755371094 0.118797302246094 0.110687255859375 -0.174850463867187
0.0017547607421875 0.173629760742188 0.229583740234375 -0.0955657958984375
-0.181610107421875 0.066070556640625 0.306488037109375 0.106536865234375
-0.168319702148437 -0.105377197265625 0.159774780273438 0.235061645507813
-0.035888671875 -0.194931030273438 -0.0318145751953125 0.0960769653320312
-0.063995361328125 -0.1873779296875 0.0430450439453125 -0.1702880859375
-0.159103393554688 -0.069732666015625 -0.091400146484375 -0.299774169921875
-0.141708374023438 0.095123291015625 -0.25238037109375 -0.195465087890625
-0.00555419921875 0.14691162109375 -0.274200439453125 -0.048431396484375
0.0923080444335938 0.0857620239257812 -0.199020385742188 0.0639801025390625
0.129402160644531 -0.0081939697265625 -0.105201721191406 0.106460571289062
0.10540771484375 -0.0524215698242188 -0.043670654296875 0.0800704956054688
0.105484008789063 -0.0375823974609375 -0.0492744445800781 0.0162315368652344
0.130126953125 -0.0335693359375 -0.05450439453125 -0.06854248046875
0.1412353515625 0.027801513671875 0.0108184814453125 -0.147003173828125
0.0873260498046875 0.121383666992188 0.0937957763671875 -0.18438720703125
-0.0306396484375 0.1495361328125 0.23760986328125 -0.101242065429687
-0.172805786132813 0.0139312744140625 0.3167724609375 0.12774658203125
-0.12139892578125 -0.127586364746094 0.152099609375 0.243331909179688
-0.00178527832031249 -0.178329467773438 -0.0194854736328125 0.0490951538085937
-0.0676040649414063 -0.125946044921875 0.017578125 -0.200332641601563
-0.115829467773437 -0.02301025390625 -0.127685546875 -0.2864990234375
-0.0789031982421875 0.0888748168945313 -0.27197265625 -0.164138793945313
0.0217971801757813 0.0998916625976563 -0.291534423828125 -0.021240234375
0.080535888671875 0.0409088134765625 -0.214523315429688 0.09197998046875
0.0931625366210938 -0.0294647216796875 -0.12322998046875 0.14129638671875
0.071746826171875 -0.0512847900390625 -0.06390380859375 0.117935180664063
0.0774917602539063 -0.0383224487304688 -0.0740737915039062 0.0498199462890625
0.0995635986328125 -0.029296875 -0.0858383178710938 -0.049041748046875
0.101966857910156 0.0244140625 -0.0198516845703125 -0.148117065429688
0.0530471801757812 0.0936431884765625 0.09307861328125 -0.194854736328125
-0.039337158203125 0.0983657836914063 0.262344360351563 -0.095062255859375
-0.121238708496094 -0.0239791870117188 0.333526611328125 0.1685791015625
-0.0584640502929687 -0.109451293945312 0.151535034179687 0.265823364257813
0.0214920043945313 -0.127105712890625 0.00520706176757813 0.0155506134033203
-0.0464973449707031 -0.0560646057128906 -0.00456237792968751 -0.2154541015625
-0.0479087829589844 -0.00177764892578125 -0.158660888671875 -0.265228271484375
-0.0263404846191406 0.0498275756835937 -0.286865234375 -0.12579345703125
0.0214080810546875 0.0417404174804688 -0.298736572265625 0.01422119140625
0.0442886352539063 0.002899169921875 -0.214096069335937 0.123199462890625
0.0424118041992187 -0.0339851379394531 -0.123703002929688 0.173797607421875
0.0298652648925781 -0.0378189086914063 -0.07086181640625 0.150634765625
0.0394515991210938 -0.0327415466308594 -0.0876846313476562 0.0755615234375
0.0525588989257812 -0.025848388671875 -0.106086730957031 -0.0345993041992187
0.0548286437988281 0.00208282470703125 -0.0363006591796875 -0.149734497070312
0.0329437255859375 0.0419158935546875 0.105865478515625 -0.195327758789063
-0.012786865234375 0.0461349487304688 0.2886962890625 -0.072235107421875
-0.0510673522949219 -0.0192527770996094 0.334808349609375 0.222991943359375
-0.0130500793457031 -0.0463027954101563 0.144775390625 0.296875
0.0193214416503906 -0.0509490966796875 0.0286922454833984 -0.000473022460937503
0.0221786499023437 -0.0544013977050781 0.00235319137573242 -0.00698232650756836
0.00543975830078125 -0.058837890625 -0.096527099609375 -0.31195068359375
-0.04376220703125 -0.0256423950195313 -0.3262939453125 -0.227935791015625
-0.0360031127929688 0.0144767761230469 -0.332305908203125 0.03363037109375
-0.0196495056152344 0.0228271484375 -0.119094848632812 0.167526245117188
-0.00909423828125 0.0248470306396484 0.0653457641601563 0.129806518554688
0.0152072906494141 0.0242691040039063 0.128387451171875 0.0111312866210938
0.0204029083251953 0.0234451293945313 0.0934829711914063 -0.0905838012695313
0.0187168121337891 0.0245914459228516 0.0782470703125 -0.162307739257813
0.019073486328125 0.0211563110351563 0.135711669921875 -0.18310546875
0.0104961395263672 0.0234031677246094 0.192703247070313 -0.160659790039063
-0.00158119201660157 0.0302829742431641 0.264389038085938 -0.0585784912109375
-0.0259017944335938 0.0101203918457031 0.302032470703125 0.12823486328125
-0.0146799087524414 -0.0111293792724609 0.20697021484375 0.246490478515625
-0.000667572021484373 -0.0195331573486328 -0.00199890136718752 0.219100952148438
0.0401763916015625 -0.135368347167969 0.0164718627929688 -0.0196914672851563
-0.0171585083007813 -0.132965087890625 -0.0748291015625 -0.315277099609375
-0.108451843261719 -0.05584716796875 -0.297943115234375 -0.241546630859375
-0.0874786376953125 0.047943115234375 -0.312896728515625 0.00717163085937499
-0.0200119018554688 0.0769882202148438 -0.123985290527344 0.137466430664063
0.0379219055175781 0.0533256530761719 0.0482101440429687 0.110237121582031
0.0628738403320313 0.0141067504882813 0.111000061035156 0.003875732421875
0.0595970153808594 0.00809478759765625 0.0775222778320313 -0.0912933349609375
0.0624656677246094 0.00419235229492188 0.0616455078125 -0.163772583007813
0.0707244873046875 0.009368896484375 0.122222900390625 -0.191848754882813
0.0600700378417969 0.0440673828125 0.175796508789063 -0.173187255859375
0.02410888671875 0.0790939331054688 0.253829956054688 -0.0774078369140625
-0.0665740966796875 0.0590629577636719 0.306396484375 0.106475830078125
-0.0870513916015625 -0.0167617797851562 0.208328247070312 0.235366821289063
-0.0392837524414063 -0.0804214477539063 -0.00169372558593753 0.21063232421875
0.0339508056640625 -0.198562622070313 0.0395317077636719 -0.0461845397949219
-0.0626068115234375 -0.176422119140625 -0.057220458984375 -0.310302734375
-0.167572021484375 -0.049072265625 -0.266464233398438 -0.234085083007812
-0.113876342773438 0.0928192138671875 -0.279266357421875 -0.0147247314453125
-0.00247192382812501 0.119277954101563 -0.125900268554688 0.100051879882813
0.08416748046875 0.0655364990234375 0.0188140869140625 0.0869140625
0.1004638671875 -0.00183868408203125 0.0769195556640625 0.00443267822265625
0.091644287109375 -0.00843048095703125 0.0505447387695313 -0.0771713256835938
0.0999679565429687 -0.0157241821289063 0.039581298828125 -0.148300170898438
0.115669250488281 0.001190185546875 0.103729248046875 -0.185638427734375
0.100601196289062 0.0667953491210937 0.155532836914063 -0.174057006835938
0.039764404296875 0.124290466308594 0.242080688476562 -0.084930419921875
-0.108734130859375 0.093292236328125 0.30426025390625 0.096710205078125
-0.145797729492188 -0.031097412109375 0.195556640625 0.231491088867188
-0.0634231567382813 -0.13519287109375 -0.0120697021484375 0.185546875
0.000183105468750017 -0.2308349609375 0.0578231811523437 -0.083984375
-0.123001098632813 -0.172561645507812 -0.050537109375 -0.3035888671875
-0.200531005859375 0.000381469726562472 -0.240188598632812 -0.222686767578125
-0.0997314453125 0.14117431640625 -0.254364013671875 -0.03753662109375
0.0348663330078125 0.137702941894531 -0.13983154296875 0.0667572021484375
0.122062683105469 0.0539093017578125 -0.0223312377929688 0.0735855102539063
0.121131896972656 -0.0223541259765625 0.0337638854980469 0.016876220703125
0.112335205078125 -0.0233917236328125 0.0176963806152344 -0.0515022277832031
0.127983093261719 -0.03070068359375 0.012908935546875 -0.122566223144531
0.147903442382813 0.00238037109375 0.0783233642578125 -0.1702880859375
0.122329711914063 0.0933990478515625 0.132217407226562 -0.1708984375
0.0328216552734375 0.160308837890625 0.230133056640625 -0.0874481201171875
-0.152114868164063 0.0999298095703125 0.297882080078125 0.09765625
-0.178359985351563 -0.0615997314453125 0.175064086914063 0.231216430664063
-0.063812255859375 -0.17657470703125 -0.0247802734375 0.14599609375
-0.0385589599609375 -0.22393798828125 0.0592727661132813 -0.128440856933594
-0.161041259765625 -0.127593994140625 -0.060394287109375 -0.301361083984375
-0.187835693359375 0.0590972900390625 -0.232894897460938 -0.211868286132813
-0.0544281005859375 0.16241455078125 -0.252487182617188 -0.0532684326171875
0.0726394653320312 0.122718811035156 -0.165771484375 0.0514984130859375
0.138290405273438 0.0251541137695313 -0.0665359497070312 0.0786895751953125
0.12158203125 -0.0409164428710938 -0.00879287719726561 0.0417289733886719
0.1168212890625 -0.0338668823242188 -0.0167407989501953 -0.0186958312988281
0.138656616210938 -0.0363693237304687 -0.019195556640625 -0.0923995971679687
0.156402587890625 0.0148468017578125 0.044891357421875 -0.153610229492188
0.115715026855469 0.1160888671875 0.106521606445313 -0.170272827148438
0.00372314453125 0.171600341796875 0.222503662109375 -0.0918426513671875
-0.1805419921875 0.068878173828125 0.296722412109375 0.10516357421875
-0.16912841796875 -0.101425170898438 0.156768798828125 0.231002807617188
-0.03790283203125 -0.193954467773437 -0.0303878784179688 0.0969314575195312
-0.066741943359375 -0.184112548828125 0.0430450439453125 -0.170089721679688
-0.158233642578125 -0.06744384765625 -0.088897705078125 -0.295379638671875
-0.138351440429688 0.094635009765625 -0.24591064453125 -0.193817138671875
-0.005218505859375 0.145095825195312 -0.267898559570313 -0.0475921630859375
0.091339111328125 0.084625244140625 -0.194122314453125 0.0622711181640625
0.127304077148438 -0.00707244873046875 -0.101524353027344 0.104095458984375
0.102806091308594 -0.0521011352539063 -0.0414047241210937 0.0772323608398438
0.104133605957031 -0.0392608642578125 -0.0479583740234375 0.0169715881347656
0.12957763671875 -0.035247802734375 -0.0542411804199219 -0.0656585693359375
0.139518737792969 0.0256576538085937 0.00799560546874999 -0.144668579101563
0.0869979858398438 0.119224548339844 0.0890655517578125 -0.178634643554688
-0.02880859375 0.148651123046875 0.229934692382812 -0.0968475341796875
-0.172607421875 0.01763916015625 0.30804443359375 0.1236572265625
-0.123184204101562 -0.124603271484375 0.149368286132813 0.237380981445313
-0.003692626953125 -0.178024291992188 -0.0200538635253906 0.0497055053710937
-0.069427490234375 -0.122779846191406 0.016876220703125 -0.201385498046875
-0.114761352539063 -0.0218582153320312 -0.1256103515625 -0.282196044921875
-0.0774917602539063 0.0878143310546875 -0.265289306640625 -0.161819458007813
0.0221023559570313 0.0987625122070313 -0.28521728515625 -0.02117919921875
0.0795211791992188 0.0399093627929688 -0.20916748046875 0.08978271484375
0.0911712646484375 -0.0283660888671875 -0.118942260742187 0.138694763183594
0.0693435668945313 -0.05035400390625 -0.060699462890625 0.1153564453125
0.077178955078125 -0.0392913818359375 -0.0714950561523437 0.0498275756835938
0.0987091064453125 -0.0304336547851563 -0.0851364135742188 -0.0453948974609375
0.101783752441406 0.0236282348632812 -0.0225830078125 -0.144210815429688
0.0537109375 0.0921554565429688 0.0879364013671875 -0.189208984375
-0.0379638671875 0.0982666015625 0.2532958984375 -0.0922698974609375
-0.121627807617188 -0.02130126953125 0.322845458984375 0.1629638671875
-0.060089111328125 -0.107597351074219 0.147979736328125 0.258636474609375
0.0206222534179687 -0.127418518066406 0.00350475311279297 0.0141935348510742
-0.0467071533203125 -0.0536842346191406 -0.00550842285156251 -0.216781616210938
-0.0472335815429688 -0.00126266479492187 -0.156478881835938 -0.263214111328125
-0.0247611999511719 0.0481834411621094 -0.279922485351563 -0.124420166015625
0.0207977294921875 0.0411148071289063 -0.291778564453125 0.014678955078125
0.043670654296875 0.00329971313476562 -0.208831787109375 0.12017822265625
0.0409736633300781 -0.032867431640625 -0.119110107421875 0.169540405273438
0.0282745361328125 -0.036956787109375 -0.0670013427734375 0.1468505859375
0.0389556884765625 -0.0336341857910156 -0.083404541015625 0.0756988525390625
0.0529937744140625 -0.0261878967285156 -0.103759765625 -0.0308761596679688
0.0546989440917969 0.00219345092773438 -0.039154052734375 -0.145645141601563
0.0326080322265625 0.0415534973144531 0.0995330810546875 -0.189300537109375
-0.012420654296875 0.0461082458496094 0.27947998046875 -0.0702056884765625
-0.0514183044433594 -0.0171051025390625 0.325958251953125 0.215423583984375
-0.0141372680664062 -0.045318603515625 0.142333984375 0.28826904296875
0.0195159912109375 -0.0507965087890625 0.0267562866210938 -0.00292205810546875
0.0217361450195313 -0.0538787841796875 0.00525283813476563 -0.0045466423034668
0.00493621826171875 -0.0591926574707031 -0.09307861328125 -0.311279296875
-0.0441703796386719 -0.02679443359375 -0.322540283203125 -0.22998046875
-0.0359878540039063 0.0127105712890625 -0.331512451171875 0.0339660644531249
-0.0207672119140625 0.0228347778320313 -0.118499755859375 0.166885375976563
-0.0101604461669922 0.0277290344238281 0.0662384033203125 0.128509521484375
0.0148830413818359 0.0252342224121094 0.13140869140625 0.0089111328125
0.0203475952148438 0.0228309631347656 0.0939483642578125 -0.0912094116210938
0.0198402404785156 0.0245456695556641 0.0770111083984375 -0.162811279296875
0.0190982818603516 0.0220317840576172 0.134246826171875 -0.183395385742187
0.0101547241210937 0.0239162445068359 0.193893432617188 -0.160049438476563
-0.00162506103515625 0.0303916931152344 0.26507568359375 -0.05633544921875
-0.02618408203125 0.011474609375 0.302978515625 0.131011962890625
-0.0153331756591797 -0.0106172561645508 0.209579467773438 0.249588012695312
-0.00196075439453125 -0.0204715728759766 0.000213623046875017 0.227554321289063
0.03851318359375 -0.137680053710937 0.0193634033203125 -0.0176868438720703
-0.0182876586914063 -0.134765625 -0.071258544921875 -0.31646728515625
-0.110397338867188 -0.0574264526367187 -0.29583740234375 -0.244384765625
-0.0895309448242188 0.04766845703125 -0.311981201171875 0.00726318359375001
-0.0210418701171875 0.0785675048828125 -0.123565673828125 0.137413024902344
0.0380058288574219 0.0562934875488281 0.049041748046875 0.109230041503906
0.0634994506835938 0.0149803161621094 0.113197326660156 0.0014190673828125
0.0603752136230469 0.00712966918945313 0.0775909423828125 -0.0923233032226563
0.0644569396972656 0.0038604736328125 0.0606231689453125 -0.164138793945313
0.0712738037109375 0.00983428955078125 0.120803833007812 -0.192840576171875
0.0604476928710938 0.0453758239746094 0.17742919921875 -0.17333984375
0.0249710083007812 0.0809555053710938 0.255386352539063 -0.074127197265625
-0.068023681640625 0.0620346069335938 0.307769775390625 0.108245849609375
-0.0901260375976563 -0.0161285400390625 0.210830688476563 0.23907470703125
-0.0423202514648437 -0.0826568603515625 0.00112915039062498 0.21832275390625
0.0315399169921875 -0.201904296875 0.0423851013183594 -0.0457382202148438
-0.065277099609375 -0.17901611328125 -0.0533447265625 -0.31109619140625
-0.171310424804688 -0.0500946044921875 -0.263229370117188 -0.235748291015625
-0.116447448730469 0.0949249267578125 -0.278167724609375 -0.0156555175781249
-0.00348663330078125 0.121620178222656 -0.126068115234375 0.0988082885742188
0.0849761962890625 0.0684127807617187 0.019134521484375 0.085968017578125
0.10137939453125 -0.00113677978515625 0.0785293579101562 0.0025482177734375
0.0935592651367188 -0.0097198486328125 0.0509490966796875 -0.07763671875
0.1026611328125 -0.0164566040039062 0.0388031005859375 -0.148223876953125
0.117660522460937 0.00150299072265625 0.102325439453125 -0.1871337890625
0.1021728515625 0.0687179565429688 0.156051635742187 -0.174163818359375
0.0404739379882813 0.127044677734375 0.24407958984375 -0.0830078125
-0.111686706542969 0.0972976684570313 0.30535888671875 0.10009765625
-0.150558471679688 -0.030517578125 0.197921752929688 0.235565185546875
-0.0656890869140625 -0.139366149902344 -0.0102691650390625 0.192367553710938
-0.0028228759765625 -0.234619140625 0.0612716674804688 -0.0855331420898438
-0.12646484375 -0.174758911132813 -0.047088623046875 -0.305999755859375
-0.204635620117188 0.000396728515624996 -0.236953735351562 -0.22576904296875
-0.10101318359375 0.14398193359375 -0.253173828125 -0.040374755859375
0.0348358154296875 0.140625 -0.139785766601563 0.0649642944335938
0.124015808105469 0.0565567016601563 -0.0217514038085937 0.0729217529296875
0.122413635253906 -0.0222015380859375 0.0349960327148438 0.0148353576660156
0.114303588867188 -0.0252914428710938 0.01788330078125 -0.0520744323730469
0.130905151367188 -0.0324859619140625 0.0121002197265625 -0.122398376464844
0.14990234375 0.0024566650390625 0.0770721435546875 -0.1722412109375
0.125045776367188 0.0952835083007812 0.13287353515625 -0.170562744140625
0.0344085693359375 0.163665771484375 0.23175048828125 -0.085296630859375
-0.155517578125 0.104476928710937 0.2984619140625 0.101165771484375
-0.183685302734375 -0.061309814453125 0.175857543945313 0.234207153320312
-0.0666656494140625 -0.18145751953125 -0.0245361328125 0.150802612304688
-0.0424957275390625 -0.227066040039063 0.0619659423828125 -0.131973266601563
-0.16485595703125 -0.12841796875 -0.056884765625 -0.304840087890625
-0.191421508789063 0.0598907470703125 -0.230636596679687 -0.216049194335937
-0.0554351806640625 0.1654052734375 -0.252822875976563 -0.0554656982421875
0.0731353759765625 0.126335144042969 -0.166259765625 0.04986572265625
0.13983154296875 0.0268630981445313 -0.0669326782226562 0.0782623291015625
0.122573852539063 -0.0412216186523438 -0.00799942016601562 0.0404891967773438
0.11834716796875 -0.0359115600585938 -0.0157718658447266 -0.019195556640625
0.141998291015625 -0.0377349853515625 -0.0203094482421875 -0.0920867919921875
0.159820556640625 0.015045166015625 0.04339599609375 -0.154525756835938
0.118316650390625 0.118194580078125 0.106781005859375 -0.170150756835938
0.004241943359375 0.175765991210937 0.222991943359375 -0.0891265869140625
-0.184127807617187 0.072357177734375 0.2969970703125 0.10772705078125
-0.175094604492188 -0.101593017578125 0.156936645507813 0.234146118164063
-0.0409698486328125 -0.198989868164063 -0.0309295654296875 0.100265502929687
-0.0710296630859375 -0.186767578125 0.04443359375 -0.175872802734375
-0.161270141601563 -0.067901611328125 -0.08734130859375 -0.300201416015625
-0.140899658203125 0.0953216552734375 -0.243682861328125 -0.197540283203125
-0.005462646484375 0.148681640625 -0.268707275390625 -0.0505218505859375
0.091705322265625 0.0866928100585938 -0.194900512695313 0.0607757568359375
0.1292724609375 -0.00603485107421875 -0.101470947265625 0.104179382324219
0.103851318359375 -0.0521774291992188 -0.0412445068359375 0.0763320922851563
0.106536865234375 -0.0414581298828125 -0.0472564697265625 0.0171432495117188
0.1328125 -0.0372085571289063 -0.0552711486816406 -0.0651321411132813
0.142807006835937 0.0259857177734375 0.00561523437500002 -0.145462036132813
0.0889968872070313 0.121734619140625 0.0880889892578125 -0.17730712890625
-0.028656005859375 0.151992797851563 0.23046875 -0.09405517578125
-0.176589965820312 0.019989013671875 0.306304931640625 0.126190185546875
-0.127899169921875 -0.125953674316406 0.147918701171875 0.2392578125
-0.0054931640625 -0.183441162109375 -0.0214958190917969 0.0506439208984375
-0.0723495483398438 -0.123947143554687 0.0168304443359375 -0.207916259765625
-0.116844177246094 -0.0220565795898438 -0.12542724609375 -0.288116455078125
-0.0782318115234375 0.0876388549804687 -0.265045166015625 -0.165847778320313
0.021697998046875 0.100921630859375 -0.28619384765625 -0.022918701171875
0.0802764892578125 0.0413131713867187 -0.210418701171875 0.0885162353515625
0.0926437377929688 -0.02783203125 -0.119407653808594 0.138458251953125
0.0696907043457031 -0.0507698059082031 -0.0602798461914063 0.1141357421875
0.078125 -0.0416336059570312 -0.0708236694335937 0.0505294799804688
0.101036071777344 -0.0326995849609375 -0.0865859985351563 -0.0448150634765625
0.104217529296875 0.0244064331054688 -0.025299072265625 -0.144027709960938
0.0548553466796875 0.0942001342773438 0.085906982421875 -0.188613891601563
-0.0381851196289063 0.100624084472656 0.252334594726563 -0.0906829833984375
-0.125022888183594 -0.019134521484375 0.321929931640625 0.16497802734375
-0.0627899169921875 -0.108383178710938 0.147781372070313 0.258819580078125
0.0206069946289063 -0.131492614746094 0.00181293487548828 0.0134134292602539
-0.0489120483398438 -0.0528144836425781 -0.00679016113281252 -0.223968505859375
-0.0479660034179688 -0.00178527832031251 -0.1578369140625 -0.269149780273438
-0.0257797241210937 0.0481224060058594 -0.280563354492188 -0.1273193359375
0.0212669372558594 0.0419044494628906 -0.293701171875 0.012908935546875
0.0433387756347656 0.00294876098632812 -0.209823608398437 0.119537353515625
0.0413589477539063 -0.0321426391601563 -0.119964599609375 0.170578002929688
0.028045654296875 -0.0373115539550781 -0.0669708251953125 0.1461181640625
0.0392074584960938 -0.0345497131347656 -0.0830459594726562 0.0765380859375
0.0541534423828125 -0.0279998779296875 -0.105758666992188 -0.0300140380859375
0.0559463500976563 0.0034332275390625 -0.0424346923828125 -0.145111083984375
0.0335884094238281 0.0426826477050781 0.09735107421875 -0.189178466796875
-0.0124588012695313 0.0474586486816406 0.278411865234375 -0.0697021484375
-0.0538139343261719 -0.0158615112304688 0.32476806640625 0.217315673828125
-0.0149612426757813 -0.0464134216308594 0.14141845703125 0.28802490234375
0.0196762084960938 -0.0534210205078125 0.0250225067138672 -0.00443077087402344
0.0203285217285156 -0.0556831359863281 0.00866937637329102 -0.00268840789794922
0.00322341918945312 -0.060760498046875 -0.097015380859375 -0.31707763671875
-0.0465354919433594 -0.0279464721679688 -0.332366943359375 -0.232666015625
-0.0370597839355469 0.0120697021484375 -0.337188720703125 0.04193115234375
-0.0226211547851563 0.0241222381591797 -0.118362426757812 0.171661376953125
-0.0103836059570313 0.0308094024658203 0.0716018676757813 0.12890625
0.0155010223388672 0.0267162322998047 0.136665344238281 0.003326416015625
0.0218276977539063 0.0225429534912109 0.0948257446289063 -0.0970993041992188
0.0219669342041016 0.0244331359863281 0.075286865234375 -0.168319702148437
0.0209121704101563 0.0229434967041016 0.13385009765625 -0.191238403320313
0.0106906890869141 0.0247173309326172 0.19732666015625 -0.1668701171875
-0.000144958496093753 0.0322380065917969 0.272109985351563 -0.05987548828125
-0.0261020660400391 0.0132560729980469 0.313262939453125 0.13128662109375
-0.016972541809082 -0.0108270645141602 0.220733642578125 0.25567626953125
-0.00366020202636719 -0.0212516784667969 0.00622558593749998 0.24151611328125
0.035736083984375 -0.144088745117188 0.0229892730712891 -0.0165538787841797
-0.0230865478515625 -0.140037536621094 -0.075439453125 -0.3226318359375
-0.117378234863281 -0.05816650390625 -0.302459716796875 -0.246002197265625
-0.0924072265625 0.0496749877929688 -0.31756591796875 0.012847900390625
-0.0215301513671875 0.0826187133789062 -0.123703002929687 0.141265869140625
0.0409393310546875 0.0599555969238281 0.0530166625976563 0.1097412109375
0.0654563903808594 0.0152702331542969 0.117362976074219 -0.003326416015625
0.0633430480957031 0.0052490234375 0.0779647827148438 -0.0968093872070313
0.0678596496582031 0.00208282470703125 0.0585479736328125 -0.169479370117188
0.0752182006835938 0.0096893310546875 0.119781494140625 -0.200180053710938
0.0636215209960938 0.046142578125 0.179595947265625 -0.179962158203125
0.028106689453125 0.0842742919921875 0.262283325195313 -0.078094482421875
-0.0697708129882813 0.0668792724609375 0.318145751953125 0.108062744140625
-0.095916748046875 -0.014404296875 0.222885131835938 0.244705200195313
-0.046844482421875 -0.0869827270507812 0.00674438476562502 0.231216430664062
0.025634765625 -0.2105712890625 0.0465621948242188 -0.0468292236328125
-0.07330322265625 -0.184310913085938 -0.057586669921875 -0.318450927734375
-0.180282592773438 -0.0493316650390625 -0.270706176757813 -0.240142822265625
-0.119880676269531 0.101081848144531 -0.283203125 -0.012451171875
-0.00189208984375 0.128242492675781 -0.127281188964844 0.101829528808594
0.0911636352539063 0.0715484619140625 0.0225982666015625 0.0873031616210938
0.105422973632813 -0.0024566650390625 0.0819854736328125 -0.00185394287109375
0.0973663330078125 -0.01251220703125 0.051361083984375 -0.0811538696289063
0.107475280761719 -0.0201797485351563 0.0367279052734375 -0.152572631835938
0.122856140136719 -2.288818359375E-05 0.100204467773438 -0.194778442382813
0.107170104980469 0.0697860717773438 0.157638549804688 -0.181900024414063
0.0447998046875 0.132339477539062 0.250732421875 -0.0860443115234375
-0.114654541015625 0.105232238769531 0.3154296875 0.100006103515625
-0.159500122070313 -0.02783203125 0.20947265625 0.242263793945312
-0.0740966796875 -0.145187377929688 -0.00619506835937502 0.203826904296875
-0.00994873046874998 -0.243942260742188 0.0646514892578125 -0.08978271484375
-0.136810302734375 -0.178482055664062 -0.049530029296875 -0.314788818359375
-0.214508056640625 0.00419616699218748 -0.242721557617188 -0.231033325195313
-0.103591918945313 0.152725219726563 -0.258575439453125 -0.0378265380859375
0.037933349609375 0.146896362304688 -0.142120361328125 0.06756591796875
0.130874633789062 0.0577850341796875 -0.0203094482421875 0.074066162109375
0.1268310546875 -0.02459716796875 0.0370140075683594 0.0121345520019531
0.118553161621094 -0.0290679931640625 0.0183181762695313 -0.05438232421875
0.136489868164063 -0.0373611450195313 0.009796142578125 -0.124732971191406
0.156661987304688 -0.00042724609375 0.0741119384765625 -0.17889404296875
0.132049560546875 0.0969390869140625 0.133285522460938 -0.1768798828125
0.0393524169921875 0.170394897460938 0.237869262695313 -0.087799072265625
-0.16033935546875 0.114334106445313 0.308685302734375 0.1009521484375
-0.194595336914063 -0.0585479736328125 0.185134887695312 0.240692138671875
-0.0756988525390625 -0.189834594726563 -0.02276611328125 0.159866333007813
-0.0507659912109375 -0.235580444335937 0.0635604858398438 -0.139572143554688
-0.175186157226563 -0.130157470703125 -0.061492919921875 -0.31402587890625
-0.199020385742188 0.065643310546875 -0.237228393554688 -0.221694946289062
-0.0547637939453125 0.174163818359375 -0.259185791015625 -0.054840087890625
0.0783233642578125 0.131546020507812 -0.170486450195312 0.0526885986328125
0.147445678710938 0.02679443359375 -0.0664138793945313 0.080841064453125
0.1268310546875 -0.0436782836914063 -0.00703430175781249 0.0397834777832031
0.122627258300781 -0.0401535034179688 -0.0168228149414063 -0.0194301605224609
0.148025512695313 -0.044189453125 -0.0233154296875 -0.0934982299804687
0.1666259765625 0.0117034912109375 0.0393829345703125 -0.160400390625
0.126190185546875 0.121009826660156 0.106475830078125 -0.174942016601563
0.00912475585937499 0.183242797851563 0.228347778320312 -0.0921173095703125
-0.191207885742188 0.08160400390625 0.30572509765625 0.10784912109375
-0.186203002929687 -0.10186767578125 0.164688110351562 0.239044189453125
-0.048675537109375 -0.20953369140625 -0.0315628051757812 0.10614013671875
-0.0795135498046875 -0.192352294921875 0.04400634765625 -0.186019897460938
-0.1700439453125 -0.068084716796875 -0.093658447265625 -0.310699462890625
-0.145187377929688 0.1014404296875 -0.252197265625 -0.202987670898437
-0.00326538085937499 0.155059814453125 -0.27685546875 -0.0495452880859375
0.0968017578125 0.08929443359375 -0.200225830078125 0.0635528564453125
0.13494873046875 -0.0080718994140625 -0.102409362792969 0.107673645019531
0.107147216796875 -0.0552902221679688 -0.041168212890625 0.0774612426757812
0.109550476074219 -0.045379638671875 -0.0475883483886719 0.0182037353515625
0.137725830078125 -0.0424041748046875 -0.0585823059082031 -0.0650177001953125
0.149658203125 0.0237579345703125 0.000534057617187499 -0.149642944335938
0.0963897705078125 0.124839782714844 0.0861968994140625 -0.182662963867188
-0.026580810546875 0.159622192382812 0.233505249023438 -0.09814453125
-0.183975219726563 0.0269775390625 0.314544677734375 0.12530517578125
-0.137107849121094 -0.127891540527344 0.15496826171875 0.243927001953125
-0.0106201171875 -0.193313598632813 -0.0233955383300781 0.0539474487304687
-0.0790863037109375 -0.126846313476563 0.0144195556640625 -0.219711303710937
-0.122123718261719 -0.0213241577148437 -0.133636474609375 -0.29791259765625
-0.0805206298828125 0.0925674438476563 -0.274185180664062 -0.16973876953125
0.0244674682617188 0.104934692382813 -0.2945556640625 -0.021087646484375
0.0832748413085937 0.0418243408203125 -0.2156982421875 0.09393310546875
0.0964202880859375 -0.0294647216796875 -0.120010375976562 0.14453125
0.0719985961914063 -0.0527496337890625 -0.0605392456054688 0.116348266601562
0.0804824829101563 -0.045074462890625 -0.0714797973632813 0.0530548095703125
0.105445861816406 -0.03704833984375 -0.0904922485351563 -0.043426513671875
0.110298156738281 0.02313232421875 -0.031707763671875 -0.147384643554688
0.0590438842773438 0.0975418090820313 0.0831298828125 -0.193603515625
-0.0373306274414062 0.106315612792969 0.256378173828125 -0.0954132080078125
-0.131950378417969 -0.0150070190429687 0.3321533203125 0.1641845703125
-0.0691375732421875 -0.111869812011719 0.154251098632813 0.262130737304688
0.0182571411132812 -0.139205932617188 -0.000523567199707031 0.0133590698242187
-0.051727294921875 -0.0529060363769531 -0.0112762451171875 -0.237838745117187
-0.0494804382324219 -0.000942230224609369 -0.167694091796875 -0.27825927734375
-0.0255317687988281 0.0500602722167969 -0.289306640625 -0.129425048828125
0.0223503112792969 0.0429306030273438 -0.301910400390625 0.01702880859375
0.0440330505371094 0.00310134887695313 -0.214691162109375 0.125930786132813
0.0431900024414063 -0.0327835083007813 -0.120285034179688 0.176162719726562
0.0285987854003906 -0.0380668640136719 -0.0655059814453125 0.150344848632813
0.03961181640625 -0.0380592346191406 -0.08367919921875 0.0803070068359375
0.0559234619140625 -0.0307846069335937 -0.110359191894531 -0.0275115966796875
0.0588340759277344 0.003204345703125 -0.04998779296875 -0.147018432617188
0.0360145568847656 0.0445137023925781 0.093994140625 -0.195083618164062
-0.0108375549316406 0.0504646301269531 0.282501220703125 -0.075531005859375
-0.0570106506347656 -0.0137519836425781 0.335052490234375 0.21673583984375
-0.0169868469238281 -0.04779052734375 0.149383544921875 0.2916259765625
0.0201072692871094 -0.0575637817382813 0.0231609344482422 -0.00787734985351563
0.0182533264160156 -0.0576133728027344 0.0124664306640625 -0.000253677368164066
0.000427246093749998 -0.06219482421875 -0.11114501953125 -0.320159912109375
-0.0495338439941406 -0.0278549194335938 -0.3487548828125 -0.224700927734375
-0.0384368896484375 0.0124626159667969 -0.3416748046875 0.058807373046875
-0.0229892730712891 0.0261325836181641 -0.112152099609375 0.1817626953125
-0.00921440124511719 0.0345096588134766 0.0814208984375 0.127166748046875
0.0169239044189453 0.0280570983886719 0.142715454101563 -0.006011962890625
0.0225639343261719 0.0216255187988281 0.0941314697265625 -0.104103088378906
0.0245800018310547 0.024261474609375 0.069305419921875 -0.176132202148437
0.0231170654296875 0.0237903594970703 0.128463745117187 -0.202285766601562
0.0115623474121094 0.0257778167724609 0.195175170898438 -0.1798095703125
0.00204849243164062 0.0333290100097656 0.278472900390625 -0.0715789794921875
-0.0262050628662109 0.0159645080566406 0.32830810546875 0.121795654296875
-0.0191249847412109 -0.0101089477539063 0.241561889648438 0.255462646484375
-0.00626754760742187 -0.0223960876464844 0.019622802734375 0.2562255859375
0.0283966064453125 -0.150924682617188 0.0260639190673828 -0.0160617828369141
-0.0319366455078125 -0.143814086914063 -0.08892822265625 -0.326995849609375
-0.125259399414063 -0.05535888671875 -0.32012939453125 -0.2415771484375
-0.0945510864257812 0.055816650390625 -0.322235107421875 0.027984619140625
-0.0195388793945312 0.0881576538085938 -0.118820190429688 0.150543212890625
0.0464553833007813 0.0621223449707031 0.062042236328125 0.108489990234375
0.0695724487304687 0.0135726928710937 0.123092651367188 -0.0120925903320313
0.0654869079589844 0.0020294189453125 0.0764999389648438 -0.104255676269531
0.0716781616210938 -0.0019378662109375 0.0521392822265625 -0.175369262695312
0.0793380737304687 0.00675201416015625 0.112380981445313 -0.2113037109375
0.0687599182128906 0.0461807250976563 0.17681884765625 -0.192962646484375
0.03424072265625 0.0869674682617188 0.26727294921875 -0.0900726318359375
-0.0690231323242188 0.0747146606445313 0.3323974609375 0.097686767578125
-0.102981567382813 -0.00930023193359374 0.242645263671875 0.244674682617188
-0.055145263671875 -0.0892791748046875 0.0205230712890625 0.245895385742188
0.0143890380859375 -0.220794677734375 0.0490341186523437 -0.0498847961425781
-0.08740234375 -0.187210083007813 -0.0699462890625 -0.32415771484375
-0.192123413085938 -0.042877197265625 -0.28515625 -0.236419677734375
-0.120841979980469 0.110679626464844 -0.288970947265625 0.000122070312499982
0.00386810302734375 0.134780883789063 -0.124420166015625 0.109611511230469
0.099365234375 0.07208251953125 0.028656005859375 0.08746337890625
0.110679626464844 -0.00612640380859375 0.085479736328125 -0.0084991455078125
0.100288391113281 -0.0182571411132813 0.0496063232421875 -0.08697509765625
0.112785339355469 -0.0268936157226563 0.0306854248046875 -0.157485961914062
0.128273010253906 -0.00601959228515625 0.0928955078125 -0.205123901367187
0.1158447265625 0.067596435546875 0.154052734375 -0.193084716796875
0.0544052124023438 0.136199951171875 0.255645751953125 -0.097412109375
-0.114707946777344 0.118377685546875 0.3292236328125 0.089691162109375
-0.170089721679688 -0.0194549560546875 0.227920532226563 0.242080688476563
-0.0870513916015625 -0.149642944335938 0.00514221191406249 0.216339111328125
-0.0259857177734375 -0.253265380859375 0.0654067993164062 -0.0965042114257813
-0.153335571289063 -0.178314208984375 -0.0625 -0.322113037109375
-0.224853515625 0.014068603515625 -0.257247924804688 -0.228439331054687
-0.1011962890625 0.164474487304687 -0.2650146484375 -0.029083251953125
0.0471649169921875 0.153396606445313 -0.142425537109375 0.0744476318359375
0.14111328125 0.0557403564453125 -0.016204833984375 0.07586669921875
0.13226318359375 -0.03057861328125 0.03955078125 0.00853729248046875
0.1221923828125 -0.0362930297851563 0.0166358947753906 -0.0576057434082031
0.141616821289063 -0.0467987060546875 0.00403594970703125 -0.127906799316406
0.163238525390625 -0.00787353515625 0.0662078857421875 -0.1878662109375
0.142547607421875 0.0951995849609375 0.129043579101563 -0.187347412109375
0.0499267578125 0.176742553710937 0.241622924804688 -0.0985260009765625
-0.16217041015625 0.129135131835938 0.321136474609375 0.092010498046875
-0.208404541015625 -0.0504608154296875 0.202102661132812 0.240798950195312
-0.091461181640625 -0.196319580078125 -0.015625 0.171371459960938
-0.067626953125 -0.24212646484375 0.06170654296875 -0.148956298828125
-0.190841674804688 -0.126205444335938 -0.0748291015625 -0.322662353515625
-0.2061767578125 0.078704833984375 -0.251266479492188 -0.22064208984375
-0.0491180419921875 0.185028076171875 -0.266952514648438 -0.0470581054687499
0.0880813598632813 0.135238647460938 -0.173309326171875 0.06005859375
0.1561279296875 0.02130126953125 -0.0630950927734375 0.0853118896484375
0.130996704101563 -0.050750732421875 -0.00530624389648437 0.0394477844238281
0.126449584960938 -0.0477981567382813 -0.0173301696777344 -0.0196628570556641
0.152664184570312 -0.05419921875 -0.0286636352539062 -0.0936965942382813
0.1751708984375 0.004364013671875 0.0308074951171875 -0.166549682617188
0.137557983398438 0.120407104492187 0.100051879882813 -0.183502197265625
0.0184173583984375 0.191726684570313 0.231170654296875 -0.101181030273437
-0.195968627929688 0.097442626953125 0.318206787109375 0.099365234375
-0.201492309570313 -0.0952606201171875 0.178390502929688 0.239761352539062
-0.0640869140625 -0.218338012695313 -0.0291748046875 0.113945007324219
-0.094329833984375 -0.196243286132813 0.0382843017578125 -0.197738647460938
-0.182266235351563 -0.0620880126953125 -0.1099853515625 -0.31829833984375
-0.148101806640625 0.112167358398438 -0.267288208007813 -0.201217651367188
0.00424194335937498 0.162490844726563 -0.286468505859375 -0.0407104492187499
0.105300903320313 0.0900955200195313 -0.203353881835938 0.0740814208984375
0.141326904296875 -0.01324462890625 -0.0996322631835937 0.114891052246094
0.110160827636719 -0.0610809326171875 -0.038818359375 0.0797348022460937
0.112251281738281 -0.0534133911132813 -0.0485687255859375 0.0202484130859375
0.141876220703125 -0.05255126953125 -0.0640716552734375 -0.0626754760742188
0.158660888671875 0.01708984375 -0.00839233398437499 -0.153289794921875
0.10693359375 0.12579345703125 0.0782928466796875 -0.189407348632813
-0.018890380859375 0.168685913085937 0.234771728515625 -0.1085205078125
-0.19171142578125 0.0400390625 0.327056884765625 0.11669921875
-0.151199340820313 -0.126113891601562 0.167816162109375 0.2432861328125
-0.022674560546875 -0.20361328125 -0.024322509765625 0.0575141906738281
-0.0901107788085938 -0.127716064453125 0.0036773681640625 -0.232833862304688
-0.129112243652344 -0.0166549682617188 -0.152099609375 -0.304962158203125
-0.07977294921875 0.0998611450195313 -0.289520263671875 -0.1661376953125
0.0308990478515625 0.107826232910156 -0.304595947265625 -0.01031494140625
0.088592529296875 0.0414581298828125 -0.218185424804688 0.105087280273438
0.100044250488281 -0.034088134765625 -0.116119384765625 0.153106689453125
0.0733489990234375 -0.0577545166015625 -0.0569839477539062 0.121482849121094
0.0813751220703125 -0.05072021484375 -0.07073974609375 0.05718994140625
0.10894775390625 -0.04473876953125 -0.0962600708007813 -0.0387802124023438
0.116935729980469 0.0184783935546875 -0.042449951171875 -0.147491455078125
0.0677337646484375 0.098876953125 0.073455810546875 -0.200531005859375
-0.0329742431640625 0.112808227539063 0.25775146484375 -0.108383178710938
-0.138923645019531 -0.00693511962890628 0.34478759765625 0.154510498046875
-0.0792694091796875 -0.113059997558594 0.167678833007813 0.260955810546875
0.0103759765625 -0.148773193359375 -0.00365257263183594 0.0129022598266601
-0.0567817687988281 -0.0507659912109375 -0.0244598388671875 -0.251876831054688
-0.0518798828125 0.000949859619140633 -0.1875 -0.283416748046875
-0.0244216918945312 0.0523605346679688 -0.303924560546875 -0.123504638671875
0.025665283203125 0.0440254211425781 -0.3104248046875 0.02911376953125
0.0458221435546875 0.00206756591796875 -0.21600341796875 0.138137817382813
0.0437278747558594 -0.0350570678710938 -0.11468505859375 0.186859130859375
0.028564453125 -0.039764404296875 -0.061370849609375 0.156570434570313
0.0394210815429688 -0.0423965454101562 -0.0820770263671875 0.0864105224609375
0.0580368041992188 -0.0358657836914063 -0.1163330078125 -0.0210113525390625
0.0629653930664062 -1.1444091796875E-05 -0.062591552734375 -0.146087646484375
0.039459228515625 0.0445365905761719 0.0844268798828125 -0.203475952148438
-0.00897979736328124 0.0536537170410156 0.284820556640625 -0.089385986328125
-0.0608062744140625 -0.009552001953125 0.3516845703125 0.205474853515625
-0.0217170715332031 -0.0489921569824219 0.164276123046875 0.28948974609375
0.0174217224121094 -0.0629844665527344 0.0200538635253906 -0.0110569000244141
0.0146369934082031 -0.0581130981445312 0.0167922973632813 0.00151443481445312
-0.00391769409179688 -0.0620269775390625 -0.129974365234375 -0.31414794921875
-0.0523147583007813 -0.0253677368164062 -0.362152099609375 -0.20574951171875
-0.0391998291015625 0.011993408203125 -0.33636474609375 0.080780029296875
-0.0232868194580078 0.0275287628173828 -0.099029541015625 0.1898193359375
-0.00630569458007813 0.0365638732910156 0.0916748046875 0.120826721191406
0.01995849609375 0.0288848876953125 0.144989013671875 -0.019866943359375
0.0242824554443359 0.0204620361328125 0.0889053344726563 -0.113014221191406
0.0272121429443359 0.0213527679443359 0.058685302734375 -0.181350708007813
0.0260238647460938 0.022430419921875 0.116790771484375 -0.21038818359375
0.0137386322021484 0.0258293151855469 0.18597412109375 -0.193084716796875
0.00461387634277344 0.0337562561035156 0.27764892578125 -0.08746337890625
-0.0244808197021484 0.0186939239501953 0.33819580078125 0.10333251953125
-0.0221595764160156 -0.00903511047363281 0.261001586914063 0.243759155273438
-0.00941276550292969 -0.0219097137451172 0.0396881103515625 0.26654052734375
0.01702880859375 -0.155380249023438 0.0289802551269531 -0.0152187347412109
-0.0438079833984375 -0.1429443359375 -0.107757568359375 -0.32281494140625
-0.132194519042969 -0.0483551025390625 -0.335174560546875 -0.22320556640625
-0.0934524536132813 0.0621185302734375 -0.31842041015625 0.048187255859375
-0.0143508911132812 0.0923004150390625 -0.107025146484375 0.159622192382813
0.0526771545410156 0.0618438720703125 0.0717391967773438 0.104232788085937
0.0729751586914063 0.010284423828125 0.123443603515625 -0.0240325927734375
0.0672454833984375 -0.00218963623046875 0.0719528198242188 -0.11175537109375
0.0743560791015625 -0.00763702392578125 0.041168212890625 -0.179336547851562
0.0832061767578125 0.00191497802734375 0.0989837646484375 -0.219772338867187
0.0735626220703125 0.0438232421875 0.166183471679687 -0.205337524414063
0.041107177734375 0.0877609252929688 0.266525268554687 -0.10565185546875
-0.0649185180664063 0.08245849609375 0.3419189453125 0.079376220703125
-0.108222961425781 -0.00160217285156252 0.26287841796875 0.233566284179688
-0.0649032592773438 -0.0885009765625 0.0394439697265625 0.254608154296875
-0.00291442871093749 -0.22613525390625 0.0497360229492188 -0.0534248352050781
-0.103836059570313 -0.184127807617187 -0.087890625 -0.321746826171875
-0.20147705078125 -0.030609130859375 -0.297882080078125 -0.22119140625
-0.116607666015625 0.120826721191406 -0.286376953125 0.01629638671875
0.0129776000976562 0.139900207519531 -0.115898132324219 0.117576599121094
0.108818054199219 0.0681381225585938 0.0371322631835938 0.0840835571289063
0.114730834960938 -0.0122146606445313 0.0869064331054688 -0.0177383422851563
0.10150146484375 -0.0254592895507813 0.0455703735351563 -0.0917434692382813
0.114540100097656 -0.0365447998046875 0.021026611328125 -0.159683227539063
0.131546020507813 -0.0145797729492188 0.0791778564453125 -0.21209716796875
0.123077392578125 0.0630111694335938 0.1424560546875 -0.20355224609375
0.0655670166015625 0.137336730957031 0.253768920898438 -0.111862182617188
-0.109397888183594 0.130012512207031 0.337890625 0.072662353515625
-0.178131103515625 -0.00770568847656249 0.24664306640625 0.232315063476562
-0.102630615234375 -0.148757934570313 0.0213165283203125 0.224853515625
-0.046173095703125 -0.256546020507813 0.063934326171875 -0.102592468261719
-0.170623779296875 -0.170150756835937 -0.08026123046875 -0.3204345703125
-0.230575561523437 0.0303192138671875 -0.26995849609375 -0.215988159179687
-0.0926666259765625 0.175567626953125 -0.265975952148437 -0.014984130859375
0.0594482421875 0.155258178710938 -0.136802673339844 0.082733154296875
0.150802612304688 0.0486907958984375 -0.0100250244140625 0.0758438110351563
0.135429382324219 -0.0391311645507813 0.0406303405761719 0.00308990478515625
0.122390747070312 -0.044952392578125 0.0134239196777344 -0.0596466064453125
0.142669677734375 -0.0582275390625 -0.00422668457031248 -0.128166198730469
0.16827392578125 -0.0185546875 0.05377197265625 -0.192855834960937
0.153182983398438 0.08837890625 0.11767578125 -0.19537353515625
0.0636749267578125 0.178176879882813 0.238998413085938 -0.111083984375
-0.156951904296875 0.145004272460938 0.32879638671875 0.074920654296875
-0.219451904296875 -0.036163330078125 0.218887329101562 0.23333740234375
-0.110687255859375 -0.196762084960938 -0.00405883789062502 0.1795654296875
-0.088226318359375 -0.242095947265625 0.05535888671875 -0.156890869140625
-0.204421997070312 -0.115142822265625 -0.093597412109375 -0.32086181640625
-0.2071533203125 0.093841552734375 -0.26434326171875 -0.209991455078125
-0.037628173828125 0.193771362304688 -0.269699096679688 -0.0332794189453125
0.099884033203125 0.133476257324219 -0.170608520507813 0.0707244873046876
0.164093017578125 0.0127410888671875 -0.0565643310546875 0.0882568359375
0.132423400878906 -0.0593109130859375 -0.00368118286132812 0.0379257202148438
0.125640869140625 -0.057586669921875 -0.0180435180664062 -0.0197315216064453
0.153289794921875 -0.06695556640625 -0.034332275390625 -0.0917282104492188
0.179275512695313 -0.007354736328125 0.0193634033203125 -0.16943359375
0.150405883789062 0.114883422851562 0.0879669189453125 -0.188812255859375
0.032989501953125 0.19622802734375 0.227020263671875 -0.114349365234375
-0.19415283203125 0.116363525390625 0.32415771484375 0.082366943359375
-0.215438842773438 -0.0832977294921874 0.193695068359375 0.232772827148438
-0.0840606689453125 -0.221298217773437 -0.0233688354492188 0.121444702148437
-0.111785888671875 -0.193771362304688 0.0263519287109375 -0.206314086914063
-0.191558837890625 -0.0506439208984375 -0.1298828125 -0.31744384765625
-0.145431518554687 0.12554931640625 -0.280715942382813 -0.189346313476563
0.01513671875 0.1666259765625 -0.290924072265625 -0.02581787109375
0.114585876464844 0.0862274169921875 -0.200515747070313 0.08563232421875
0.146163940429688 -0.0221405029296875 -0.0923309326171875 0.120834350585938
0.110267639160156 -0.0691146850585938 -0.0345382690429687 0.08062744140625
0.111557006835938 -0.061370849609375 -0.0470466613769531 0.0232048034667969
0.143753051757813 -0.064361572265625 -0.0692100524902344 -0.0571823120117188
0.164703369140625 0.0063934326171875 -0.0210113525390625 -0.153411865234375
0.11859130859375 0.122688293457031 0.0648040771484375 -0.193008422851563
-0.00721740722656249 0.175399780273437 0.228164672851563 -0.120849609375
-0.193771362304688 0.0560150146484375 0.333740234375 0.09832763671875
-0.166152954101563 -0.117523193359375 0.18304443359375 0.234512329101563
-0.0398101806640625 -0.208831787109375 -0.0238113403320313 0.0616950988769531
-0.101478576660156 -0.123336791992188 -0.01092529296875 -0.242050170898437
-0.134933471679688 -0.00797271728515625 -0.17413330078125 -0.301971435546875
-0.0758514404296875 0.106979370117187 -0.301666259765625 -0.151458740234375
0.038421630859375 0.109123229980469 -0.307525634765625 0.00689697265624995
0.0936965942382813 0.0372467041015625 -0.2137451171875 0.118881225585937
0.101760864257813 -0.0405654907226563 -0.107040405273438 0.16064453125
0.0725555419921875 -0.0629730224609375 -0.0512924194335937 0.124176025390625
0.08062744140625 -0.0570526123046875 -0.0681838989257813 0.0618972778320313
0.109046936035156 -0.0544662475585938 -0.10137939453125 -0.0311050415039062
0.122268676757813 0.00992584228515625 -0.0560455322265625 -0.145339965820313
0.0757293701171875 0.0965499877929688 0.057861328125 -0.20489501953125
-0.0261077880859375 0.118743896484375 0.248641967773438 -0.123367309570312
-0.14276123046875 0.00379943847656253 0.3544921875 0.133056640625
-0.0914535522460938 -0.109687805175781 0.183090209960938 0.249710083007813
-0.00166320800781251 -0.155563354492188 -0.0053253173828125 0.0130891799926758
-0.0617103576660156 -0.0463294982910156 -0.0427703857421875 -0.261016845703125
-0.05377197265625 0.00440979003906251 -0.210494995117188 -0.278915405273438
-0.0229377746582031 0.0545768737792969 -0.315277099609375 -0.1082763671875
0.0292434692382813 0.0435371398925781 -0.31097412109375 0.048095703125
0.0466270446777344 9.1552734375E-05 -0.209884643554688 0.15301513671875
0.0436325073242187 -0.0376625061035156 -0.1036376953125 0.193572998046875
0.0285072326660156 -0.0417747497558594 -0.0521392822265625 0.159652709960938
0.0377082824707031 -0.0451850891113281 -0.0777740478515625 0.0914382934570312
0.0574111938476563 -0.0410270690917969 -0.120323181152344 -0.0119094848632812
0.0651664733886719 -0.00433731079101563 -0.0762481689453125 -0.14056396484375
0.0438423156738281 0.0442848205566406 0.068603515625 -0.208145141601563
-0.00506973266601562 0.0560150146484375 0.278656005859375 -0.107818603515625
-0.06298828125 -0.00455474853515624 0.363372802734375 0.184844970703125
-0.0268669128417969 -0.0487747192382812 0.180648803710938 0.278579711914063
0.011810302734375 -0.0676765441894531 0.0155124664306641 -0.0149831771850586
0.0114631652832031 -0.0562858581542969 0.0210762023925781 0.00403213500976562
-0.00820159912109375 -0.0598983764648438 -0.14337158203125 -0.30023193359375
-0.0532951354980469 -0.0212249755859375 -0.365142822265625 -0.182037353515625
-0.0378532409667969 0.0124435424804687 -0.319793701171875 0.0986633300781251
-0.0219898223876953 0.0288047790527344 -0.083160400390625 0.19287109375
-0.0043487548828125 0.0384407043457031 0.0987777709960938 0.110252380371094
0.0225429534912109 0.0270252227783203 0.141571044921875 -0.0323028564453125
0.0242748260498047 0.0190830230712891 0.0822677612304688 -0.117599487304688
0.0291042327880859 0.0198764801025391 0.047943115234375 -0.18194580078125
0.027374267578125 0.0198535919189453 0.10162353515625 -0.21258544921875
0.0155315399169922 0.0254306793212891 0.172592163085938 -0.200302124023437
0.00726890563964844 0.0327911376953125 0.269775390625 -0.0998687744140625
-0.0220432281494141 0.0197067260742188 0.3382568359375 0.084320068359375
-0.0218906402587891 -0.00604820251464844 0.272384643554688 0.228500366210938
-0.0128250122070312 -0.0210647583007813 0.0599365234375 0.269699096679688
0.00659179687500001 -0.155014038085938 0.0339107513427734 -0.0157241821289063
-0.0532989501953125 -0.136947631835938 -0.120697021484375 -0.3094482421875
-0.137260437011719 -0.0381698608398438 -0.33709716796875 -0.20111083984375
-0.09124755859375 0.06842041015625 -0.30474853515625 0.0645751953125
-0.00901031494140624 0.0947036743164062 -0.0922698974609375 0.161712646484375
0.06048583984375 0.0593986511230469 0.0778427124023438 0.0963134765625
0.0758895874023438 0.0069732666015625 0.121284484863281 -0.0355911254882813
0.0649566650390625 -0.00689315795898437 0.0639572143554688 -0.115249633789063
0.0736007690429687 -0.0132904052734375 0.029693603515625 -0.179153442382813
0.0844955444335937 -0.00322723388671875 0.0847625732421875 -0.220138549804688
0.0760726928710938 0.0390243530273438 0.1517333984375 -0.21026611328125
0.0483016967773438 0.0859909057617188 0.256942749023438 -0.118820190429688
-0.0584335327148438 0.0878372192382813 0.34027099609375 0.0594482421875
-0.109489440917969 0.00606536865234375 0.273178100585938 0.218551635742187
-0.0729827880859375 -0.0836334228515625 0.05694580078125 0.25628662109375
-0.0196380615234375 -0.222946166992188 0.0491409301757812 -0.0542716979980469
-0.1160888671875 -0.174911499023438 -0.10137939453125 -0.30908203125
-0.203018188476562 -0.0184326171875 -0.3006591796875 -0.202239990234375
-0.109825134277344 0.130760192871094 -0.275909423828125 0.0315093994140625
0.023284912109375 0.140342712402344 -0.10498046875 0.120803833007813
0.114097595214844 0.061737060546875 0.0441970825195313 0.0782318115234375
0.114395141601563 -0.018707275390625 0.0844879150390625 -0.026458740234375
0.101913452148438 -0.0309677124023437 0.04058837890625 -0.0949020385742187
0.114631652832031 -0.0421829223632812 0.0115509033203125 -0.157363891601563
0.133056640625 -0.0235595703125 0.0635528564453125 -0.212265014648438
0.12847900390625 0.0560379028320312 0.129806518554687 -0.207717895507813
0.0745925903320312 0.134315490722656 0.245620727539063 -0.120391845703125
-0.101020812988281 0.139122009277344 0.336517333984375 0.053741455078125
-0.181915283203125 0.00593566894531253 0.257415771484375 0.2178955078125
-0.11602783203125 -0.143539428710938 0.0360565185546875 0.230300903320312
-0.0631561279296875 -0.252471923828125 0.0597457885742187 -0.106254577636719
-0.182327270507813 -0.156982421875 -0.092742919921875 -0.31024169921875
-0.231002807617188 0.0454559326171875 -0.273880004882812 -0.199844360351563
-0.083160400390625 0.18255615234375 -0.258163452148438 -0.00230407714843755
0.070220947265625 0.154037475585937 -0.128883361816406 0.087860107421875
0.156051635742188 0.0388946533203125 -0.004241943359375 0.07208251953125
0.135421752929688 -0.0470962524414063 0.0404472351074219 -0.00190353393554688
0.121536254882813 -0.0532608032226563 0.0102081298828125 -0.0608367919921875
0.140174865722656 -0.0687026977539063 -0.01141357421875 -0.125709533691406
0.167800903320313 -0.0291748046875 0.040496826171875 -0.191787719726563
0.1590576171875 0.079376220703125 0.104461669921875 -0.196502685546875
0.0745697021484375 0.176040649414062 0.23016357421875 -0.1209716796875
-0.147705078125 0.157623291015625 0.326812744140625 0.05767822265625
-0.225173950195312 -0.0207672119140625 0.229339599609375 0.219802856445313
-0.126953125 -0.189849853515625 0.00706481933593751 0.1834716796875
-0.104782104492187 -0.237716674804687 0.046722412109375 -0.161895751953125
-0.214141845703125 -0.100006103515625 -0.108978271484375 -0.310760498046875
-0.204086303710938 0.108016967773437 -0.269882202148438 -0.195526123046875
-0.0269622802734375 0.195297241210937 -0.26544189453125 -0.019134521484375
0.110511779785156 0.128982543945313 -0.16143798828125 0.0770721435546875
0.1678466796875 0.00286865234375 -0.0504379272460937 0.0870590209960938
0.133270263671875 -0.06640625 -0.00179672241210936 0.0352210998535156
0.124961853027344 -0.0642242431640625 -0.0201683044433594 -0.0199375152587891
0.151046752929688 -0.076690673828125 -0.0390548706054688 -0.0877838134765625
0.17950439453125 -0.020111083984375 0.00669860839843753 -0.166946411132813
0.158462524414063 0.10650634765625 0.0739898681640625 -0.189056396484375
0.04534912109375 0.195724487304687 0.214889526367188 -0.122695922851562
-0.189407348632813 0.13079833984375 0.322113037109375 0.0660400390625
-0.223281860351563 -0.06756591796875 0.20111083984375 0.221023559570313
-0.101287841796875 -0.21759033203125 -0.01678466796875 0.127555847167969
-0.125213623046875 -0.1849365234375 0.0151214599609375 -0.212112426757813
-0.195083618164062 -0.0393218994140625 -0.143951416015625 -0.306610107421875
-0.137771606445313 0.134147644042969 -0.28509521484375 -0.174041748046875
0.0239715576171875 0.16552734375 -0.284454345703125 -0.0103759765625
0.120742797851563 0.0809860229492188 -0.192230224609375 0.09375
0.145355224609375 -0.0298004150390625 -0.0825042724609375 0.121604919433594
0.108123779296875 -0.0756759643554688 -0.03033447265625 0.080963134765625
0.108734130859375 -0.0687332153320313 -0.0447731018066406 0.0241165161132812
0.139045715332031 -0.0732803344726563 -0.0720977783203125 -0.0517578125
0.167007446289063 -0.0048065185546875 -0.0324859619140625 -0.147186279296875
0.1268310546875 0.114730834960938 0.05029296875 -0.192337036132812
0.00363159179687499 0.1768798828125 0.217056274414062 -0.129196166992187
-0.192047119140625 0.0702972412109375 0.331695556640625 0.0782470703125
-0.176467895507813 -0.10687255859375 0.188522338867188 0.221160888671875
-0.0586395263671875 -0.210037231445312 -0.0214424133300781 0.0637626647949219
-0.109634399414063 -0.113761901855469 -0.026824951171875 -0.243820190429688
-0.134719848632813 0.000953674316406271 -0.19110107421875 -0.28985595703125
-0.0697402954101562 0.110816955566406 -0.305389404296875 -0.137542724609375
0.0444564819335937 0.106674194335938 -0.3018798828125 0.0210876464843749
0.0974044799804688 0.03369140625 -0.204299926757813 0.126953125
0.102149963378906 -0.0468368530273438 -0.095306396484375 0.16290283203125
0.0706710815429688 -0.0667495727539062 -0.0430755615234375 0.124168395996094
0.0772323608398438 -0.0619277954101562 -0.0619697570800781 0.0643081665039063
0.107711791992187 -0.0618515014648437 -0.102027893066406 -0.0222625732421875
0.124168395996094 0.0019378662109375 -0.06695556640625 -0.135841369628906
0.0814666748046875 0.0920867919921875 0.0451812744140625 -0.201751708984375
-0.0185470581054688 0.120811462402344 0.237396240234375 -0.134414672851563
-0.144271850585937 0.0163116455078125 0.35028076171875 0.111175537109375
-0.100578308105469 -0.103263854980469 0.190521240234375 0.234390258789063
-0.0151824951171875 -0.157196044921875 -0.00919532775878907 0.0136728286743164
-0.0624465942382813 -0.0406265258789063 -0.060577392578125 -0.262893676757813
-0.0514106750488281 0.00607681274414064 -0.22576904296875 -0.264801025390625
-0.0194969177246094 0.0549583435058594 -0.31585693359375 -0.091400146484375
0.0335121154785156 0.0411186218261719 -0.302764892578125 0.06390380859375
0.0461463928222656 -8.392333984375E-05 -0.195968627929688 0.161514282226563
0.0429801940917969 -0.0395774841308594 -0.090240478515625 0.1951904296875
0.0260429382324219 -0.04266357421875 -0.04345703125 0.159393310546875
0.0343399047851563 -0.0467262268066406 -0.072601318359375 0.0958023071289063
0.0547027587890625 -0.0462532043457031 -0.119667053222656 -0.00142669677734373
0.0673599243164063 -0.00780105590820313 -0.0864105224609375 -0.131553649902344
0.0457878112792969 0.0419158935546875 0.04962158203125 -0.207199096679688
-0.0008544921875 0.0579910278320313 0.264205932617187 -0.121871948242187
-0.0642738342285156 0.00346374511718751 0.363555908203125 0.15887451171875
-0.031707763671875 -0.0450706481933594 0.189834594726562 0.260604858398438
0.0052032470703125 -0.0700607299804688 0.00854778289794922 -0.0164813995361328
0.0109939575195313 -0.0557327270507813 0.0254592895507813 0.00565528869628906
-0.00746154785156251 -0.0574951171875 -0.145538330078125 -0.28387451171875
-0.0531349182128906 -0.0210418701171875 -0.360321044921875 -0.1641845703125
-0.0384483337402344 0.0122184753417969 -0.30511474609375 0.109130859375
-0.0202007293701172 0.0299320220947266 -0.070465087890625 0.18994140625
-0.000297546386718751 0.0391616821289063 0.102699279785156 0.102188110351562
0.0246391296386719 0.0272045135498047 0.138961791992188 -0.0403594970703125
0.0253658294677734 0.0188064575195313 0.0767288208007813 -0.120460510253906
0.0288848876953125 0.0177631378173828 0.0410308837890625 -0.179641723632812
0.029083251953125 0.0191078186035156 0.0924835205078125 -0.211776733398437
0.0161056518554688 0.0246410369873047 0.162307739257813 -0.200653076171875
0.00958061218261719 0.0330486297607422 0.260208129882813 -0.105987548828125
-0.0210380554199219 0.0223598480224609 0.3336181640625 0.072174072265625
-0.0259342193603516 -0.00524711608886719 0.2784423828125 0.217666625976563
-0.0148658752441406 -0.0195732116699219 0.0733489990234375 0.270156860351563
-0.000778198242187514 -0.154388427734375 0.0358238220214844 -0.0128746032714844
-0.0601272583007812 -0.133926391601562 -0.126129150390625 -0.293487548828125
-0.13848876953125 -0.0328750610351562 -0.33416748046875 -0.183624267578125
-0.0881118774414062 0.0700149536132813 -0.2901611328125 0.0750732421874999
-0.0039520263671875 0.09466552734375 -0.0805206298828125 0.160247802734375
0.063018798828125 0.0568885803222656 0.083038330078125 0.08734130859375
0.0771865844726563 0.00234222412109375 0.1180419921875 -0.0433502197265625
0.0654830932617187 -0.00865554809570312 0.0600738525390625 -0.116790771484375
0.0734176635742188 -0.0169601440429688 0.0250091552734375 -0.175918579101563
0.0840835571289062 -0.006805419921875 0.0742950439453125 -0.21929931640625
0.0787429809570313 0.036285400390625 0.14068603515625 -0.20941162109375
0.0519256591796875 0.08343505859375 0.249191284179688 -0.121780395507813
-0.0557174682617188 0.090911865234375 0.334320068359375 0.049407958984375
-0.1112060546875 0.0127105712890625 0.280227661132813 0.2059326171875
-0.079376220703125 -0.0791473388671875 0.0709381103515625 0.258682250976562
-0.0301971435546875 -0.22271728515625 0.0510520935058594 -0.0546913146972656
-0.124557495117187 -0.167205810546875 -0.106719970703125 -0.296539306640625
-0.204666137695313 -0.00747680664062502 -0.298675537109375 -0.18719482421875
-0.105911254882812 0.134254455566406 -0.262802124023438 0.0396728515625
0.02960205078125 0.1392822265625 -0.094482421875 0.120094299316406
0.120170593261719 0.0565185546875 0.04656982421875 0.0715560913085937
0.117263793945312 -0.0249481201171875 0.0823822021484375 -0.0327301025390625
0.100204467773438 -0.0361862182617188 0.0352859497070313 -0.096649169921875
0.112419128417969 -0.0501022338867188 0.00643920898437501 -0.153854370117188
0.131904602050781 -0.0288009643554687 0.0548095703125 -0.20977783203125
0.131477355957031 0.0515899658203125 0.11932373046875 -0.20550537109375
0.080352783203125 0.130516052246094 0.237442016601562 -0.125473022460938
-0.095367431640625 0.144744873046875 0.329833984375 0.043426513671875
-0.18353271484375 0.0161590576171875 0.261383056640625 0.207183837890625
-0.125167846679687 -0.137489318847656 0.048004150390625 0.2305908203125
-0.07672119140625 -0.248489379882813 0.0583267211914062 -0.106712341308594
-0.188812255859375 -0.147171020507813 -0.098907470703125 -0.29840087890625
-0.229339599609375 0.0564727783203125 -0.270050048828125 -0.187103271484375
-0.0755767822265625 0.18597412109375 -0.247512817382813 0.00453186035156252
0.0770263671875 0.15081787109375 -0.119720458984375 0.087249755859375
0.15960693359375 0.031463623046875 0.000724792480468753 0.0686798095703125
0.135772705078125 -0.0529022216796875 0.0395240783691406 -0.006622314453125
0.119895935058594 -0.0575332641601563 0.00871658325195313 -0.0618667602539063
0.138046264648438 -0.0747909545898438 -0.014739990234375 -0.12103271484375
0.166305541992188 -0.0366058349609375 0.0308685302734375 -0.188140869140625
0.16351318359375 0.0740814208984375 0.0941009521484375 -0.194625854492188
0.0837554931640625 0.172500610351563 0.22357177734375 -0.123336791992188
-0.141647338867188 0.164474487304687 0.32110595703125 0.048370361328125
-0.227737426757813 -0.00917053222656255 0.232177734375 0.210830688476563
-0.139190673828125 -0.185836791992187 0.0139007568359375 0.186843872070313
-0.116775512695312 -0.229034423828125 0.0425872802734375 -0.162734985351563
-0.21759033203125 -0.090179443359375 -0.114349365234375 -0.3017578125
-0.198699951171875 0.116973876953125 -0.267166137695313 -0.183212280273438
-0.0186309814453125 0.197769165039063 -0.25738525390625 -0.0145111083984374
0.116165161132813 0.125282287597656 -0.154205322265625 0.0776824951171875
0.168228149414063 -0.00360107421875 -0.0444183349609375 0.0860214233398437
0.131187438964844 -0.0729598999023438 -0.000444412231445308 0.0320072174072266
0.122817993164063 -0.070343017578125 -0.0195636749267578 -0.0195121765136719
0.148513793945313 -0.08349609375 -0.0409774780273437 -0.0819778442382813
0.179656982421875 -0.0277862548828125 -0.00250244140625 -0.162216186523437
0.16400146484375 0.100997924804688 0.0656890869140625 -0.183685302734375
0.05474853515625 0.193344116210938 0.208709716796875 -0.123077392578125
-0.180801391601563 0.139907836914062 0.314849853515625 0.055267333984375
-0.228805541992188 -0.0561370849609375 0.203109741210937 0.20947265625
-0.11541748046875 -0.212890625 -0.0135574340820313 0.128456115722656
-0.132980346679688 -0.179183959960938 0.00732421875 -0.211837768554687
-0.196502685546875 -0.029144287109375 -0.150848388671875 -0.29742431640625
-0.134811401367187 0.139663696289062 -0.284515380859375 -0.162506103515625
0.03179931640625 0.165481567382813 -0.279190063476562 -0.00465393066406253
0.124038696289063 0.0761642456054688 -0.18463134765625 0.0966949462890625
0.147552490234375 -0.036956787109375 -0.0761642456054687 0.11981201171875
0.108642578125 -0.081085205078125 -0.0283660888671875 0.0779953002929688
0.107101440429688 -0.0729522705078125 -0.0431671142578125 0.0259132385253906
0.136886596679688 -0.0803985595703125 -0.07379150390625 -0.0445480346679688
0.166839599609375 -0.0122222900390625 -0.0391387939453125 -0.141448974609375
0.133636474609375 0.111915588378906 0.0412750244140625 -0.184402465820312
0.012359619140625 0.176406860351563 0.205780029296875 -0.130447387695313
-0.186676025390625 0.08203125 0.3214111328125 0.068145751953125
-0.183029174804688 -0.09539794921875 0.187545776367188 0.209625244140625
-0.0700531005859375 -0.20684814453125 -0.0236930847167969 0.0671348571777344
-0.114654541015625 -0.108840942382812 -0.037200927734375 -0.246597290039062
-0.134269714355469 0.00599670410156248 -0.19769287109375 -0.279251098632813
-0.0673751831054687 0.115333557128906 -0.303009033203125 -0.123626708984375
0.0500335693359375 0.105819702148438 -0.294281005859375 0.0294799804687501
0.0988998413085937 0.0291748046875 -0.195236206054688 0.130081176757813
0.100532531738281 -0.0518722534179688 -0.0875701904296875 0.16156005859375
0.0704498291015625 -0.0700531005859375 -0.0408935546875 0.123481750488281
0.0757522583007813 -0.0659103393554688 -0.0609779357910156 0.0655975341796875
0.104377746582031 -0.0676116943359375 -0.102813720703125 -0.0155563354492188
0.125877380371094 -0.00270843505859375 -0.0731277465820312 -0.127517700195312
0.0878143310546875 0.0905685424804687 0.0303497314453125 -0.194564819335938
-0.0133209228515625 0.12261962890625 0.223129272460938 -0.13531494140625
-0.142807006835938 0.0239105224609375 0.342987060546875 0.095123291015625
-0.106521606445313 -0.0975265502929688 0.187744140625 0.220291137695313
-0.0247650146484375 -0.158004760742188 -0.0134410858154297 0.0148134231567383
-0.0640983581542969 -0.0363845825195312 -0.0736541748046875 -0.264083862304688
-0.0529212951660156 0.00863265991210938 -0.235275268554687 -0.2545166015625
-0.0174217224121094 0.0561027526855469 -0.314239501953125 -0.0804748535156249
0.0336837768554688 0.0413703918457031 -0.294464111328125 0.0706787109375
0.0488319396972656 -0.00262832641601563 -0.187515258789063 0.163665771484375
0.0435714721679688 -0.0422401428222656 -0.082611083984375 0.192367553710938
0.0263252258300781 -0.0452690124511719 -0.0382080078125 0.157791137695313
0.0325393676757812 -0.048431396484375 -0.067718505859375 0.0970535278320312
0.0542106628417969 -0.0483856201171875 -0.121269226074219 0.00602722167968752
0.0674781799316406 -0.0116043090820312 -0.0941619873046875 -0.121391296386719
0.049774169921875 0.0425071716308594 0.0390625 -0.198974609375
0.00050735473632813 0.0572319030761719 0.248733520507813 -0.127395629882813
-0.0651473999023438 0.00744628906250001 0.35662841796875 0.1405029296875
-0.0348663330078125 -0.045379638671875 0.190841674804688 0.243988037109375
0.000530242919921882 -0.0701484680175781 0.0023345947265625 -0.0180835723876953
0.00900650024414062 -0.0560836791992188 0.0314750671386719 0.00835418701171875
-0.00957489013671875 -0.0566482543945313 -0.147872924804688 -0.273162841796875
-0.0525588989257813 -0.0187873840332031 -0.35540771484375 -0.152862548828125
-0.0402488708496094 0.0114479064941406 -0.293853759765625 0.112762451171875
-0.019989013671875 0.02978515625 -0.060272216796875 0.187484741210937
-7.62939453124738E-06 0.0386848449707031 0.107131958007812 0.0951614379882812
0.0258102416992187 0.0270042419433594 0.136985778808594 -0.0481414794921875
0.0254421234130859 0.0180091857910156 0.0735397338867188 -0.122795104980469
0.0290660858154297 0.0168247222900391 0.0376739501953125 -0.1787109375
0.0304412841796875 0.0173969268798828 0.08746337890625 -0.210159301757813
0.0169315338134766 0.0248031616210938 0.15728759765625 -0.200119018554688
0.0108604431152344 0.032135009765625 0.256591796875 -0.10784912109375
-0.0198154449462891 0.0230140686035156 0.33148193359375 0.067291259765625
-0.0265693664550781 -0.00247955322265625 0.284027099609375 0.212188720703125
-0.0161352157592773 -0.0160417556762695 0.08404541015625 0.277618408203125
-0.00694274902343751 -0.154571533203125 0.0410423278808594 -0.0109634399414063
-0.063323974609375 -0.131507873535156 -0.127227783203125 -0.282989501953125
-0.140640258789063 -0.02813720703125 -0.331207275390625 -0.17364501953125
-0.0885543823242188 0.0733718872070313 -0.280227661132813 0.0800933837890625
-0.00071716308593751 0.095550537109375 -0.0719146728515625 0.158157348632813
0.0659713745117188 0.0552864074707031 0.0866241455078125 0.0814895629882813
0.0797119140625 0.00031280517578125 0.117439270019531 -0.0501251220703125
0.0678672790527344 -0.0107841491699219 0.05767822265625 -0.119537353515625
0.0750885009765625 -0.02032470703125 0.0208740234375 -0.1741943359375
0.0850372314453125 -0.010162353515625 0.06903076171875 -0.218154907226562
0.0811386108398438 0.0362930297851563 0.136215209960938 -0.208892822265625
0.0554351806640625 0.0831222534179687 0.245513916015625 -0.123779296875
-0.0541305541992188 0.0951461791992188 0.33306884765625 0.044403076171875
-0.113822937011719 0.018310546875 0.284423828125 0.201751708984375
-0.085357666015625 -0.0769195556640625 0.080657958984375 0.265426635742188
-0.0393524169921875 -0.22412109375 0.05438232421875 -0.0528755187988281
-0.13140869140625 -0.16314697265625 -0.108154296875 -0.286590576171875
-0.208908081054688 0.000671386718749998 -0.295257568359375 -0.17889404296875
-0.103599548339844 0.13916015625 -0.253570556640625 0.0423583984375
0.0339813232421875 0.141098022460938 -0.0862884521484375 0.118194580078125
0.123977661132813 0.053192138671875 0.0507659912109375 0.0665321350097656
0.119857788085938 -0.02874755859375 0.081268310546875 -0.0377044677734375
0.101371765136719 -0.0388870239257812 0.0334625244140625 -0.0976028442382813
0.113121032714844 -0.055023193359375 0.00418090820312499 -0.152557373046875
0.132720947265625 -0.0326309204101563 0.0498199462890625 -0.208160400390625
0.135971069335938 0.04949951171875 0.114547729492188 -0.204315185546875
0.0854949951171875 0.130744934082031 0.234588623046875 -0.1278076171875
-0.091949462890625 0.15087890625 0.328369140625 0.03900146484375
-0.186126708984375 0.0236053466796875 0.266525268554688 0.202285766601563
-0.134681701660156 -0.133682250976563 0.05560302734375 0.2376708984375
-0.0867919921875 -0.248489379882812 0.0585784912109375 -0.1082763671875
-0.195648193359375 -0.14093017578125 -0.09967041015625 -0.29150390625
-0.231765747070313 0.0654144287109376 -0.2669677734375 -0.181167602539063
-0.0717315673828125 0.191299438476563 -0.240158081054688 0.00601196289062499
0.0834503173828125 0.151641845703125 -0.114784240722656 0.0854949951171875
0.163406372070313 0.026519775390625 0.00380325317382814 0.0648002624511719
0.137435913085938 -0.058197021484375 0.038604736328125 -0.0109024047851563
0.120811462402344 -0.0618972778320312 0.00648880004882813 -0.062713623046875
0.138961791992188 -0.080841064453125 -0.0166473388671875 -0.118194580078125
0.168380737304688 -0.0419464111328125 0.02520751953125 -0.186248779296875
0.169387817382813 0.0709228515625 0.089935302734375 -0.19171142578125
0.0897369384765625 0.172607421875 0.22003173828125 -0.123886108398438
-0.138275146484375 0.173599243164063 0.31805419921875 0.0445556640625
-0.23309326171875 0.000320434570312534 0.233718872070312 0.207382202148438
-0.149978637695313 -0.182846069335938 0.019561767578125 0.1929931640625
-0.125213623046875 -0.228103637695313 0.040557861328125 -0.166488647460938
-0.222198486328125 -0.083343505859375 -0.115447998046875 -0.29644775390625
-0.199630737304687 0.12481689453125 -0.26513671875 -0.178115844726562
-0.013641357421875 0.2022705078125 -0.252151489257813 -0.0121002197265625
0.121170043945313 0.123870849609375 -0.1507568359375 0.0780029296875
0.171463012695313 -0.0102996826171875 -0.0417556762695313 0.0821685791015625
0.13336181640625 -0.0785064697265625 -0.000589370727539054 0.0295181274414063
0.123405456542969 -0.0753250122070313 -0.0200672149658203 -0.0195827484130859
0.148712158203125 -0.0907745361328125 -0.0431976318359375 -0.0788345336914063
0.182235717773438 -0.0341339111328125 -0.00677490234374997 -0.1591796875
0.170913696289063 0.097381591796875 0.0598602294921875 -0.180023193359375
0.061248779296875 0.1949462890625 0.204635620117188 -0.122634887695313
-0.179367065429688 0.14935302734375 0.309417724609375 0.05145263671875
-0.236251831054687 -0.046783447265625 0.202926635742187 0.205947875976563
-0.12713623046875 -0.212448120117187 -0.0116653442382813 0.134803771972656
-0.1400146484375 -0.175613403320313 0.00173950195312497 -0.216400146484375
-0.199874877929687 -0.02276611328125 -0.155609130859375 -0.293121337890625
-0.133270263671875 0.145431518554688 -0.282928466796875 -0.157440185546875
0.035614013671875 0.16796875 -0.27496337890625 -0.00224304199218754
0.129478454589844 0.0747528076171875 -0.180709838867188 0.0966339111328125
0.148910522460938 -0.0428009033203125 -0.0726470947265625 0.117645263671875
0.108551025390625 -0.0855789184570313 -0.027801513671875 0.0766143798828125
0.1080322265625 -0.0778274536132813 -0.0440254211425781 0.0259895324707031
0.13787841796875 -0.0868988037109375 -0.0739593505859375 -0.0408172607421875
0.169647216796875 -0.0173187255859375 -0.044830322265625 -0.136222839355469
0.140052795410156 0.109687805175781 0.0347747802734375 -0.179107666015625
0.01776123046875 0.17864990234375 0.200241088867188 -0.129486083984375
-0.186767578125 0.0909271240234375 0.3148193359375 0.06219482421875
-0.190994262695313 -0.090087890625 0.185089111328125 0.20416259765625
-0.08148193359375 -0.207778930664063 -0.02508544921875 0.0703353881835937
-0.118896484375 -0.1063232421875 -0.0456695556640625 -0.250930786132813
-0.136466979980469 0.00990295410156249 -0.203460693359375 -0.275360107421875
-0.0658187866210937 0.118057250976563 -0.303192138671875 -0.1192626953125
0.0519256591796875 0.106170654296875 -0.29046630859375 0.03228759765625
0.101768493652344 0.0281448364257812 -0.191680908203125 0.131072998046875
0.101188659667969 -0.0548553466796875 -0.0836944580078125 0.158233642578125
0.0708160400390625 -0.0741043090820313 -0.0386428833007813 0.121879577636719
0.07647705078125 -0.0688552856445313 -0.0600051879882812 0.0671882629394531
0.105484008789063 -0.0718917846679688 -0.103477478027344 -0.00888824462890628
0.128341674804688 -0.006622314453125 -0.0787811279296875 -0.121780395507812
0.092864990234375 0.0902099609375 0.0229034423828125 -0.189346313476563
-0.00904846191406249 0.125801086425781 0.213455200195312 -0.136123657226563
-0.144393920898438 0.0316009521484375 0.3349609375 0.086273193359375
-0.114410400390625 -0.0936431884765625 0.185195922851563 0.212677001953125
-0.0338287353515625 -0.158706665039063 -0.0177993774414063 0.0155544281005859
-0.0635643005371094 -0.0335197448730469 -0.084228515625 -0.268478393554688
-0.0531539916992188 0.0089263916015625 -0.24188232421875 -0.250686645507812
-0.017181396484375 0.0568809509277344 -0.31292724609375 -0.074005126953125
0.0348358154296875 0.0403175354003906 -0.291473388671875 0.073211669921875
0.0494308471679688 -0.003082275390625 -0.182769775390625 0.163238525390625
0.0424003601074219 -0.0442771911621094 -0.078887939453125 0.191131591796875
0.0266227722167969 -0.0470504760742187 -0.03680419921875 0.157821655273438
0.0332183837890625 -0.0505905151367188 -0.06591796875 0.0993728637695312
0.054901123046875 -0.0508995056152344 -0.12225341796875 0.0134811401367188
0.0701866149902344 -0.0128364562988281 -0.100173950195313 -0.112861633300781
0.05279541015625 0.0413589477539063 0.0283660888671875 -0.194473266601563
0.00194931030273437 0.0593795776367188 0.238250732421875 -0.12896728515625
-0.0651969909667969 0.0110397338867188 0.350799560546875 0.129364013671875
-0.0382041931152344 -0.0432052612304688 0.187301635742188 0.234115600585938
-0.00391387939453126 -0.0723724365234375 -0.00337409973144531 -0.0191650390625
0.00828933715820313 -0.0574417114257813 0.0388298034667969 0.0109481811523437
-0.00967788696289063 -0.0570640563964844 -0.149932861328125 -0.265228271484375
-0.0527610778808594 -0.0185317993164063 -0.35699462890625 -0.144012451171875
-0.0422592163085938 0.0112571716308594 -0.28643798828125 0.120513916015625
-0.0207862854003906 0.0300121307373047 -0.05029296875 0.187423706054688
0.0013427734375 0.0401763916015625 0.113395690917969 0.088348388671875
0.027984619140625 0.0269126892089844 0.138206481933594 -0.056915283203125
0.0268669128417969 0.0176792144775391 0.0719833374023438 -0.128028869628906
0.0302848815917969 0.0157833099365234 0.03448486328125 -0.18121337890625
0.0314102172851563 0.0167179107666016 0.0840301513671875 -0.21319580078125
0.0189285278320313 0.0253658294677734 0.15478515625 -0.204055786132812
0.0121955871582031 0.0330848693847656 0.257644653320313 -0.112380981445313
-0.0192909240722656 0.0246620178222656 0.3360595703125 0.06268310546875
-0.0285530090332031 0.000831604003906252 0.29559326171875 0.210479736328125
-0.0178642272949219 -0.01434326171875 0.099090576171875 0.289215087890625
-0.014068603515625 -0.159072875976563 0.0470657348632812 -0.00907897949218751
-0.0700607299804688 -0.130851745605469 -0.129669189453125 -0.276046752929688
-0.145553588867188 -0.02337646484375 -0.33197021484375 -0.1649169921875
-0.090087890625 0.0781784057617187 -0.273208618164063 0.0862731933593751
0.00151062011718749 0.0981597900390625 -0.0631256103515625 0.157882690429688
0.0700874328613281 0.0538444519042969 0.092681884765625 0.0758743286132813
0.0834884643554687 -0.002899169921875 0.117111206054688 -0.0577926635742188
0.0699462890625 -0.0138816833496094 0.0553054809570313 -0.124984741210938
0.0770416259765625 -0.023956298828125 0.018157958984375 -0.176361083984375
0.088043212890625 -0.0133056640625 0.0646820068359375 -0.2198486328125
0.0865249633789063 0.0347137451171875 0.133560180664062 -0.212173461914062
0.059539794921875 0.0836563110351563 0.24658203125 -0.128173828125
-0.0521621704101562 0.10113525390625 0.337432861328125 0.039947509765625
-0.118560791015625 0.026153564453125 0.29693603515625 0.200103759765625
-0.0930557250976563 -0.0749130249023437 0.09521484375 0.276840209960937
-0.0498199462890625 -0.2293701171875 0.0590629577636719 -0.0533790588378906
-0.141815185546875 -0.16168212890625 -0.109786987304687 -0.280914306640625
-0.215591430664062 0.00997924804687501 -0.295654296875 -0.17236328125
-0.103240966796875 0.148635864257813 -0.2481689453125 0.04669189453125
0.039947509765625 0.145263671875 -0.0799560546875 0.117362976074219
0.130882263183594 0.0498199462890625 0.0558891296386719 0.0619010925292969
0.124298095703125 -0.0352935791015625 0.08087158203125 -0.0444183349609375
0.104278564453125 -0.0438461303710938 0.031524658203125 -0.102104187011719
0.115631103515625 -0.0613174438476563 0.001800537109375 -0.15325927734375
0.136962890625 -0.0385589599609375 0.0443572998046875 -0.209320068359375
0.143157958984375 0.046600341796875 0.111083984375 -0.206390380859375
0.0936050415039063 0.132392883300781 0.235076904296875 -0.131668090820313
-0.0906219482421875 0.161056518554687 0.332000732421875 0.03497314453125
-0.19366455078125 0.03460693359375 0.276275634765625 0.202301025390625
-0.147064208984375 -0.1328125 0.0673065185546875 0.248764038085938
-0.09991455078125 -0.25274658203125 0.06097412109375 -0.111618041992188
-0.207061767578125 -0.13739013671875 -0.10247802734375 -0.2886962890625
-0.238113403320313 0.077392578125 -0.268234252929688 -0.177169799804688
-0.067901611328125 0.201675415039063 -0.237136840820313 0.0081329345703125
0.091522216796875 0.1546630859375 -0.110923767089844 0.0850143432617188
0.17041015625 0.02166748046875 0.00751113891601564 0.0607376098632812
0.142135620117188 -0.06622314453125 0.0383377075195313 -0.0150985717773438
0.123703002929687 -0.0689315795898438 0.00474548339843751 -0.0652084350585938
0.141799926757813 -0.089111328125 -0.018524169921875 -0.118667602539063
0.173126220703125 -0.049835205078125 0.0194244384765625 -0.186630249023438
0.179611206054687 0.0685882568359375 0.086334228515625 -0.191818237304688
0.0994873046875 0.176055908203125 0.221099853515625 -0.126922607421875
-0.136978149414063 0.18634033203125 0.320709228515625 0.041412353515625
-0.242721557617188 0.0118408203125 0.241592407226562 0.207046508789063
-0.16534423828125 -0.183151245117188 0.02728271484375 0.203750610351563
-0.138671875 -0.23187255859375 0.0390167236328125 -0.172683715820313
-0.232269287109375 -0.0776824951171876 -0.119354248046875 -0.296783447265625
-0.203292846679688 0.136810302734375 -0.267929077148438 -0.176483154296875
-0.00738525390624998 0.21087646484375 -0.251358032226563 -0.0112152099609375
0.129875183105469 0.125038146972656 -0.149337768554688 0.0774383544921875
0.178009033203125 -0.0172119140625 -0.0391311645507812 0.0805587768554687
0.137008666992188 -0.0877609252929688 -0.000711441040039054 0.0277805328369141
0.126510620117188 -0.0822601318359375 -0.0221042633056641 -0.0201282501220703
0.151748657226563 -0.100265502929688 -0.045013427734375 -0.0769500732421875
0.187957763671875 -0.04119873046875 -0.0127410888671875 -0.157119750976563
0.18121337890625 0.0954437255859375 0.05615234375 -0.178375244140625
0.07061767578125 0.19927978515625 0.20361328125 -0.12469482421875
-0.179977416992188 0.16326904296875 0.31048583984375 0.0489501953125
-0.247604370117188 -0.03704833984375 0.2056884765625 0.206069946289063
-0.143096923828125 -0.215301513671875 -0.008880615234375 0.143585205078125
-0.151824951171875 -0.176361083984375 -0.00364685058593753 -0.22467041015625
-0.207412719726563 -0.01666259765625 -0.16339111328125 -0.293609619140625
-0.134521484375 0.155517578125 -0.287506103515625 -0.155303955078125
0.0417938232421875 0.173126220703125 -0.276046752929687 0.000228881835937454
0.13629150390625 0.0743331909179688 -0.180908203125 0.098907470703125
0.153152465820313 -0.0496978759765625 -0.0711441040039062 0.117500305175781
0.111549377441406 -0.0929336547851562 -0.0275955200195312 0.0771560668945312
0.110443115234375 -0.08441162109375 -0.0452728271484375 0.0270118713378906
0.141159057617188 -0.0957183837890625 -0.0766372680664062 -0.03668212890625
0.175430297851563 -0.0240478515625 -0.051177978515625 -0.131866455078125
0.150161743164062 0.108642578125 0.028656005859375 -0.176177978515625
0.024688720703125 0.18597412109375 0.196365356445313 -0.130783081054688
-0.189468383789063 0.10321044921875 0.313629150390625 0.05767822265625
-0.2032470703125 -0.083740234375 0.185928344726562 0.2022705078125
-0.0963897705078125 -0.211898803710938 -0.0267333984375 0.0769195556640625
-0.125358581542969 -0.105400085449219 -0.055450439453125 -0.260009765625
-0.140838623046875 0.014404296875 -0.214019775390625 -0.275466918945313
-0.0653610229492188 0.123886108398438 -0.30853271484375 -0.11395263671875
0.0573577880859375 0.109130859375 -0.292083740234375 0.036102294921875
0.106048583984375 0.0270462036132813 -0.190689086914062 0.134185791015625
0.103141784667969 -0.0598907470703125 -0.0823822021484375 0.158706665039063
0.07220458984375 -0.079803466796875 -0.0380859375 0.123954772949219
0.07818603515625 -0.0743331909179688 -0.0602798461914062 0.0700950622558594
0.107765197753906 -0.0790023803710938 -0.106430053710938 -0.00285339355468749
0.134330749511719 -0.0119094848632813 -0.0867233276367188 -0.115432739257812
0.101242065429688 0.0912857055664063 0.013916015625 -0.18511962890625
-0.00505828857421875 0.13214111328125 0.20745849609375 -0.13958740234375
-0.148468017578125 0.0404510498046875 0.333953857421875 0.0797119140625
-0.124183654785156 -0.0902328491210938 0.1849365234375 0.208236694335938
-0.044525146484375 -0.16363525390625 -0.0232067108154297 0.0182056427001953
-0.0652618408203125 -0.0318641662597656 -0.098419189453125 -0.277389526367188
-0.0546531677246094 0.01019287109375 -0.254928588867188 -0.249359130859375
-0.0167884826660156 0.0594711303710937 -0.318328857421875 -0.068511962890625
0.0367355346679688 0.0406913757324219 -0.29241943359375 0.07818603515625
0.0513038635253906 -0.004638671875 -0.182205200195313 0.16705322265625
0.04302978515625 -0.046722412109375 -0.0760345458984375 0.193023681640625
0.0267410278320312 -0.0502433776855469 -0.03497314453125 0.159896850585937
0.0335693359375 -0.0535697937011719 -0.06591796875 0.103561401367187
0.0557289123535156 -0.055206298828125 -0.124725341796875 0.021728515625
0.073699951171875 -0.0152435302734375 -0.108818054199219 -0.105278015136719
0.056549072265625 0.0422935485839844 0.018096923828125 -0.191726684570313
0.00381851196289062 0.0626296997070312 0.2313232421875 -0.13427734375
-0.0672874450683594 0.0161705017089844 0.349273681640625 0.1204833984375
-0.0424995422363281 -0.0424118041992188 0.187576293945313 0.22760009765625
-0.00945281982421875 -0.0739974975585938 -0.0103530883789063 -0.0201320648193359
0.00526046752929688 -0.0599632263183594 0.0485458374023438 0.0132293701171875
-0.0118675231933594 -0.0581855773925781 -0.157394409179688 -0.256790161132813
-0.0536651611328125 -0.0173454284667969 -0.3634033203125 -0.1268310546875
-0.0451202392578125 0.0124702453613281 -0.277572631835937 0.134613037109375
-0.0219326019287109 0.0316963195800781 -0.0365447998046875 0.189056396484375
0.00334930419921875 0.0415763854980469 0.122207641601563 0.0796356201171875
0.0309276580810547 0.0255355834960938 0.138160705566406 -0.0698928833007813
0.0279903411865234 0.0164966583251953 0.0689010620117187 -0.137130737304688
0.0315799713134766 0.0148906707763672 0.028472900390625 -0.186935424804688
0.0335273742675781 0.0146389007568359 0.0775146484375 -0.219329833984375
0.0215587615966797 0.025543212890625 0.149765014648438 -0.212265014648437
0.0149021148681641 0.0327739715576172 0.258071899414063 -0.122512817382813
-0.0181617736816406 0.0280513763427734 0.3450927734375 0.052215576171875
-0.0297641754150391 0.00450706481933593 0.316192626953125 0.2037353515625
-0.0194873809814453 -0.0124549865722656 0.123260498046875 0.30279541015625
-0.02532958984375 -0.164520263671875 0.0559883117675781 -0.00759887695312501
-0.0806350708007812 -0.130859375 -0.136688232421875 -0.268173217773438
-0.152267456054687 -0.015655517578125 -0.338134765625 -0.15069580078125
-0.0907440185546875 0.086181640625 -0.266586303710938 0.0980377197265624
0.00618743896484375 0.102340698242188 -0.050567626953125 0.1588134765625
0.0767822265625 0.0519485473632813 0.101295471191406 0.0676422119140625
0.0875778198242188 -0.00917816162109375 0.118019104003906 -0.0703201293945313
0.07244873046875 -0.0189056396484375 0.0513763427734375 -0.133049011230469
0.0794601440429688 -0.03033447265625 0.012237548828125 -0.180679321289063
0.0913772583007813 -0.01910400390625 0.0574951171875 -0.225418090820313
0.09295654296875 0.0311279296875 0.128173828125 -0.219589233398438
0.0668106079101563 0.08441162109375 0.24713134765625 -0.138931274414063
-0.0483779907226563 0.109809875488281 0.345428466796875 0.02923583984375
-0.123481750488281 0.0367507934570312 0.31634521484375 0.19378662109375
-0.103401184082031 -0.0721206665039063 0.1185302734375 0.290374755859375
-0.0687408447265625 -0.235931396484375 0.064208984375 -0.0551948547363281
-0.157501220703125 -0.158935546875 -0.116180419921875 -0.276077270507813
-0.2244873046875 0.0238800048828125 -0.299774169921875 -0.16046142578125
-0.10009765625 0.161422729492188 -0.242568969726563 0.05548095703125
0.0498809814453125 0.149627685546875 -0.0721588134765625 0.117919921875
0.139762878417969 0.0437240600585937 0.0624580383300781 0.0546226501464844
0.128860473632813 -0.045440673828125 0.0807647705078125 -0.0544815063476562
0.10699462890625 -0.0528411865234375 0.0267791748046875 -0.108253479003906
0.118186950683594 -0.0719757080078125 -0.00355529785156249 -0.15618896484375
0.141006469726563 -0.048553466796875 0.0360870361328125 -0.214279174804688
0.15350341796875 0.0406646728515625 0.105850219726563 -0.212493896484375
0.105133056640625 0.133392333984375 0.236358642578125 -0.14190673828125
-0.0850982666015625 0.174957275390625 0.340057373046875 0.025177001953125
-0.202423095703125 0.0500946044921875 0.29388427734375 0.196502685546875
-0.164535522460938 -0.129241943359375 0.0858001708984375 0.261947631835938
-0.121536254882813 -0.2586669921875 0.0611724853515625 -0.118255615234375
-0.22454833984375 -0.129318237304687 -0.110443115234375 -0.286376953125
-0.245162963867187 0.09588623046875 -0.2744140625 -0.169967651367188
-0.0600738525390625 0.215835571289063 -0.234603881835937 0.0138092041015625
0.104248046875 0.157196044921875 -0.107170104980469 0.08648681640625
0.179931640625 0.012176513671875 0.0118522644042969 0.0560073852539062
0.147171020507813 -0.0785675048828125 0.0378379821777344 -0.0209541320800781
0.127105712890625 -0.079132080078125 0.000831604003906262 -0.0687675476074219
0.1444091796875 -0.1024169921875 -0.0229415893554688 -0.11883544921875
0.177978515625 -0.0613861083984375 0.010955810546875 -0.188323974609375
0.192703247070313 0.0616302490234375 0.080780029296875 -0.195892333984375
0.1138916015625 0.179031372070313 0.221038818359375 -0.135787963867188
-0.132431030273438 0.204879760742188 0.3270263671875 0.03253173828125
-0.255859375 0.0302734375 0.254898071289063 0.204452514648438
-0.187835693359375 -0.181488037109375 0.0402069091796875 0.217071533203125
-0.160232543945313 -0.234771728515625 0.033966064453125 -0.182083129882813
-0.247512817382813 -0.0669097900390625 -0.13037109375 -0.2958984375
-0.205978393554688 0.156005859375 -0.275436401367188 -0.169998168945313
0.00309753417968749 0.221893310546875 -0.253036499023438 -0.00584411621093751
0.142547607421875 0.124237060546875 -0.148727416992188 0.081695556640625
0.185745239257812 -0.0283050537109375 -0.0364761352539063 0.0787506103515625
0.139999389648438 -0.100601196289062 -0.00105667114257811 0.0256576538085937
0.129005432128906 -0.0940017700195312 -0.0248355865478516 -0.0204219818115234
0.15423583984375 -0.114822387695313 -0.0486373901367188 -0.0746231079101563
0.19476318359375 -0.0543670654296875 -0.021087646484375 -0.155517578125
0.196578979492187 0.089691162109375 0.050018310546875 -0.178619384765625
0.0851287841796875 0.205459594726563 0.202346801757813 -0.131103515625
-0.178695678710938 0.183639526367188 0.3135986328125 0.041107177734375
-0.26385498046875 -0.0208587646484375 0.21514892578125 0.20428466796875
-0.167144775390625 -0.215713500976563 -0.00303649902343749 0.155380249023438
-0.169326782226563 -0.177017211914062 -0.0151824951171875 -0.23602294921875
-0.21856689453125 -0.00654602050781255 -0.17767333984375 -0.293182373046875
-0.1334228515625 0.171279907226563 -0.29736328125 -0.14825439453125
0.0528106689453125 0.179779052734375 -0.279891967773438 0.00761413574218756
0.146392822265625 0.0716400146484375 -0.18084716796875 0.105239868164063
0.15765380859375 -0.0598602294921875 -0.0692138671875 0.118515014648438
0.11273193359375 -0.104843139648438 -0.0269699096679687 0.07891845703125
0.111686706542969 -0.0953598022460938 -0.0463066101074219 0.0295562744140625
0.143142700195312 -0.10931396484375 -0.0799407958984375 -0.0306320190429688
0.182998657226562 -0.035308837890625 -0.060791015625 -0.126358032226563
0.165115356445312 0.105499267578125 0.0198211669921875 -0.1744384765625
0.036956787109375 0.194168090820313 0.19171142578125 -0.136795043945313
-0.192474365234375 0.121902465820312 0.314239501953125 0.048736572265625
-0.220901489257813 -0.0715789794921875 0.190155029296875 0.199615478515625
-0.117721557617187 -0.215621948242188 -0.0268325805664062 0.0855484008789062
-0.13616943359375 -0.103630065917969 -0.0727386474609375 -0.2725830078125
-0.147323608398438 0.0220489501953125 -0.23321533203125 -0.273712158203125
-0.06304931640625 0.133888244628906 -0.318572998046875 -0.105926513671875
0.0649337768554688 0.111122131347656 -0.295806884765625 0.04620361328125
0.112289428710938 0.023101806640625 -0.190292358398438 0.141860961914063
0.10565185546875 -0.0685958862304688 -0.0788421630859375 0.161941528320313
0.0723800659179688 -0.0885772705078125 -0.03558349609375 0.128227233886719
0.07818603515625 -0.082794189453125 -0.0603713989257813 0.0750579833984375
0.109580993652344 -0.0898284912109375 -0.109931945800781 0.00645446777343748
0.141143798828125 -0.0205078125 -0.0968551635742187 -0.107101440429687
0.112815856933594 0.09063720703125 0.00292968750000002 -0.182662963867187
0.00260925292968749 0.140190124511719 0.199661254882813 -0.146469116210938
-0.152420043945313 0.054473876953125 0.33392333984375 0.066131591796875
-0.137649536132813 -0.0845947265625 0.188308715820313 0.202713012695313
-0.0602264404296875 -0.168289184570312 -0.0283222198486328 0.0218563079833984
-0.0677833557128906 -0.0304756164550781 -0.120269775390625 -0.287628173828125
-0.0569572448730469 0.0126991271972656 -0.275131225585938 -0.245086669921875
-0.0150527954101563 0.0627784729003906 -0.32769775390625 -0.0576477050781249
0.0398979187011719 0.0404930114746094 -0.294189453125 0.08953857421875
0.0531578063964844 -0.00679397583007813 -0.180526733398438 0.175308227539063
0.0433845520019531 -0.0510063171386719 -0.0722808837890625 0.197402954101563
0.0259933471679688 -0.0546607971191406 -0.03106689453125 0.16571044921875
0.0328559875488281 -0.0575103759765625 -0.0646209716796875 0.11053466796875
0.0559120178222656 -0.0617294311523438 -0.128334045410156 0.0342254638671875
0.0777816772460938 -0.0201644897460937 -0.119392395019531 -0.0949859619140625
0.0628623962402344 0.0421676635742188 0.00430297851562498 -0.189682006835938
0.00719833374023437 0.0673027038574219 0.221466064453125 -0.144271850585938
-0.0694999694824219 0.0236167907714844 0.35272216796875 0.104522705078125
-0.0493431091308594 -0.040313720703125 0.191574096679688 0.218460083007813
-0.0167312622070313 -0.0766830444335938 -0.01910400390625 -0.0201816558837891
0.000720977783203127 -0.0620536804199219 0.06011962890625 0.0126266479492187
-0.0154838562011719 -0.0586471557617188 -0.1650390625 -0.23919677734375
-0.0543632507324219 -0.0152435302734375 -0.363494873046875 -0.1014404296875
-0.0469818115234375 0.0149955749511719 -0.259963989257813 0.150802612304688
-0.0224876403808594 0.0335788726806641 -0.0178070068359375 0.185684204101563
0.00594329833984375 0.0422325134277344 0.130882263183594 0.0645751953125
0.0337409973144531 0.0225543975830078 0.134353637695313 -0.0865402221679688
0.0295009613037109 0.0142059326171875 0.0599365234375 -0.146331787109375
0.0326042175292969 0.0124073028564453 0.017791748046875 -0.190109252929688
0.0354461669921875 0.0118446350097656 0.06591796875 -0.224014282226563
0.0245838165283203 0.0241165161132813 0.138671875 -0.221466064453125
0.0182037353515625 0.0321521759033203 0.252593994140625 -0.136505126953125
-0.0155086517333984 0.0307388305664063 0.35064697265625 0.033111572265625
-0.0300674438476563 0.00989151000976563 0.336944580078125 0.185546875
-0.0219306945800781 -0.00964927673339844 0.156097412109375 0.3092041015625
-0.042724609375 -0.167388916015625 0.0650100708007813 -0.00899505615234376
-0.0944671630859375 -0.125938415527344 -0.145278930664063 -0.25262451171875
-0.157028198242188 -0.00329589843749999 -0.33978271484375 -0.125335693359375
-0.0865478515625 0.0963592529296875 -0.2498779296875 0.113662719726562
0.013824462890625 0.10491943359375 -0.034423828125 0.156982421875
0.0835952758789063 0.0468292236328125 0.109222412109375 0.0534210205078125
0.09051513671875 -0.0185317993164063 0.113365173339844 -0.0854263305664063
0.0734329223632813 -0.0261917114257813 0.0417938232421875 -0.140449523925781
0.0792999267578125 -0.0386886596679688 0.0022430419921875 -0.183517456054687
0.0927581787109375 -0.0280990600585938 0.043975830078125 -0.228973388671875
0.0992279052734375 0.0239105224609375 0.116653442382813 -0.227447509765625
0.07586669921875 0.0815658569335938 0.241058349609375 -0.152130126953125
-0.04071044921875 0.119155883789063 0.350006103515625 0.00936889648437501
-0.124656677246094 0.0513076782226562 0.33587646484375 0.174835205078125
-0.114891052246094 -0.0645523071289062 0.150177001953125 0.296661376953125
-0.094879150390625 -0.237289428710938 0.0689849853515625 -0.0594215393066406
-0.177413940429688 -0.147293090820313 -0.125808715820313 -0.263031005859375
-0.229812622070313 0.0444793701171875 -0.302001953125 -0.138763427734375
-0.089385986328125 0.17547607421875 -0.229965209960937 0.0675048828125001
0.0634307861328125 0.15087890625 -0.0603866577148437 0.116935729980469
0.14892578125 0.032867431640625 0.0682029724121094 0.0431022644042969
0.129928588867188 -0.0600509643554687 0.0767974853515625 -0.0655364990234375
0.106559753417969 -0.0638504028320313 0.018768310546875 -0.113525390625
0.116668701171875 -0.0857315063476563 -0.0121612548828125 -0.156951904296875
0.141754150390625 -0.0613861083984375 0.023406982421875 -0.215484619140625
0.162857055664063 0.02899169921875 0.09393310546875 -0.2176513671875
0.119651794433594 0.1298828125 0.229202270507813 -0.154342651367188
-0.072723388671875 0.189971923828125 0.343597412109375 0.00698852539062501
-0.205337524414063 0.0719757080078125 0.31195068359375 0.18109130859375
-0.184356689453125 -0.118896484375 0.113327026367188 0.269851684570313
-0.151077270507813 -0.256576538085938 0.0591888427734375 -0.125091552734375
-0.243881225585937 -0.113311767578125 -0.121017456054688 -0.276458740234375
-0.246170043945313 0.120574951171875 -0.277145385742188 -0.15350341796875
-0.0445709228515625 0.228408813476563 -0.228302001953125 0.0232086181640625
0.120376586914063 0.15472412109375 -0.0999755859375 0.0880126953125
0.1878662109375 -0.00238037109375 0.0158576965332031 0.0490798950195313
0.14617919921875 -0.0952606201171875 0.0351276397705078 -0.0281829833984375
0.125503540039063 -0.09307861328125 -0.00553131103515624 -0.0707855224609375
0.141494750976562 -0.11968994140625 -0.02947998046875 -0.117576599121094
0.179901123046875 -0.0784759521484375 -0.000717163085937485 -0.186965942382812
0.20526123046875 0.0476837158203125 0.070159912109375 -0.198211669921875
0.13189697265625 0.176284790039063 0.214569091796875 -0.146408081054688
-0.119522094726563 0.225555419921875 0.329254150390625 0.017181396484375
-0.263275146484375 0.05615234375 0.27001953125 0.193328857421875
-0.214004516601563 -0.171401977539062 0.0604248046875 0.226776123046875
-0.188079833984375 -0.229400634765625 0.0237274169921875 -0.191162109375
-0.262954711914063 -0.0478668212890625 -0.144989013671875 -0.2886962890625
-0.201629638671875 0.178863525390625 -0.28192138671875 -0.1556396484375
0.0204925537109375 0.229766845703125 -0.250076293945313 0.0042724609375
0.157485961914063 0.118072509765625 -0.14459228515625 0.0864410400390625
0.18994140625 -0.04443359375 -0.0332107543945312 0.0757827758789063
0.137466430664063 -0.116493225097656 -0.00164222717285155 0.0228652954101562
0.126312255859375 -0.108390808105469 -0.0285701751708984 -0.0193729400634766
0.15057373046875 -0.133148193359375 -0.0528831481933593 -0.0702247619628907
0.19781494140625 -0.0721282958984375 -0.032135009765625 -0.150375366210938
0.211624145507813 0.07574462890625 0.039337158203125 -0.17742919921875
0.105056762695312 0.206344604492188 0.194656372070312 -0.139358520507813
-0.168594360351563 0.207290649414063 0.3131103515625 0.026641845703125
-0.276748657226563 0.0045166015625 0.22467041015625 0.196151733398438
-0.196868896484375 -0.209457397460937 0.00906372070312498 0.165252685546875
-0.191787719726563 -0.1693115234375 -0.0335845947265625 -0.245040893554688
-0.227645874023438 0.01031494140625 -0.196258544921875 -0.28466796875
-0.1265869140625 0.188827514648438 -0.304534912109375 -0.132537841796875
0.0681610107421875 0.182510375976562 -0.278518676757813 0.0196685791015625
0.157241821289063 0.0630645751953125 -0.176864624023438 0.113372802734375
0.158462524414063 -0.0747222900390625 -0.0639190673828125 0.119552612304688
0.109291076660156 -0.11895751953125 -0.0246963500976562 0.0798416137695312
0.109031677246094 -0.108070373535156 -0.0476608276367187 0.0337142944335938
0.139549255371094 -0.127456665039063 -0.082122802734375 -0.0219497680664063
0.187667846679688 -0.0526885986328125 -0.0707321166992188 -0.116989135742187
0.180572509765625 0.0949249267578125 0.00779724121093752 -0.169219970703125
0.0546417236328125 0.19873046875 0.17987060546875 -0.143310546875
-0.188262939453125 0.1455078125 0.311065673828125 0.032623291015625
-0.2364501953125 -0.05194091796875 0.19635009765625 0.190582275390625
-0.144561767578125 -0.21295166015625 -0.0241775512695313 0.093994140625
-0.150772094726563 -0.0960235595703125 -0.0986785888671875 -0.27838134765625
-0.151824951171875 0.0335693359375 -0.25433349609375 -0.260818481445312
-0.0568389892578125 0.143890380859375 -0.324371337890625 -0.08721923828125
0.0751800537109375 0.110511779785156 -0.293548583984375 0.060760498046875
0.11822509765625 0.016082763671875 -0.184219360351563 0.15185546875
0.104095458984375 -0.0789260864257813 -0.0726470947265625 0.165390014648438
0.0690689086914063 -0.0979156494140625 -0.0308609008789062 0.131538391113281
0.0753402709960938 -0.0922317504882812 -0.05828857421875 0.08184814453125
0.106803894042969 -0.103515625 -0.110099792480469 0.0198516845703125
0.145675659179688 -0.033447265625 -0.107101440429687 -0.0930252075195312
0.125541687011719 0.0842056274414063 -0.0129547119140625 -0.174972534179687
0.01531982421875 0.1470947265625 0.184036254882812 -0.154373168945313
-0.152816772460937 0.0726318359375 0.328369140625 0.04693603515625
-0.152206420898438 -0.0725250244140625 0.19158935546875 0.190155029296875
-0.0807952880859375 -0.16802978515625 -0.0332508087158203 0.0272541046142578
-0.0709762573242187 -0.0271377563476562 -0.1497802734375 -0.291778564453125
-0.0597915649414063 0.01580810546875 -0.298004150390625 -0.228515625
-0.0120353698730469 0.066131591796875 -0.331512451171875 -0.0364379882812499
0.0439491271972656 0.0394058227539062 -0.2896728515625 0.10552978515625
0.054656982421875 -0.0105247497558594 -0.171554565429687 0.18603515625
0.040863037109375 -0.0562515258789063 -0.06317138671875 0.201309204101563
0.023468017578125 -0.058563232421875 -0.02374267578125 0.169769287109375
0.0300636291503906 -0.062591552734375 -0.0596084594726563 0.117843627929688
0.0538482666015625 -0.069976806640625 -0.127647399902344 0.0497283935546875
0.0807723999023438 -0.027557373046875 -0.12982177734375 -0.0777511596679687
0.0702018737792969 0.0396614074707031 -0.01409912109375 -0.182632446289062
0.013702392578125 0.0710372924804688 0.2032470703125 -0.155181884765625
-0.0698432922363281 0.0328826904296875 0.34814453125 0.080108642578125
-0.0566864013671875 -0.0357627868652344 0.19537353515625 0.203582763671875
-0.0259170532226563 -0.0772781372070313 -0.0285358428955078 -0.0185317993164062
-0.00484085083007813 -0.0613441467285156 0.0709991455078125 0.00955963134765625
-0.0193061828613281 -0.0569229125976563 -0.16448974609375 -0.215255737304688
-0.0536689758300781 -0.0131187438964844 -0.348541259765625 -0.0711669921874999
-0.0471839904785156 0.0170631408691406 -0.231689453125 0.159393310546875
-0.0217361450195313 0.035308837890625 0.00271606445312501 0.173583984375
0.00904083251953125 0.04241943359375 0.134620666503906 0.0456161499023438
0.0347690582275391 0.0190811157226563 0.124382019042969 -0.101364135742188
0.0298252105712891 0.0117397308349609 0.0478973388671875 -0.151687622070313
0.0330238342285156 0.00947380065917969 0.00601196289062502 -0.188919067382813
0.0356674194335938 0.0089874267578125 0.0518798828125 -0.223602294921875
0.0262947082519531 0.0209827423095703 0.122695922851562 -0.22418212890625
0.0209903717041016 0.0304336547851563 0.240158081054688 -0.146987915039063
-0.0116310119628906 0.0329570770263672 0.34527587890625 0.011749267578125
-0.0288276672363281 0.0142135620117188 0.348388671875 0.158447265625
-0.02313232421875 -0.00617408752441406 0.189544677734375 0.3028564453125
-0.0615997314453125 -0.1630859375 0.0742721557617188 -0.0122299194335938
-0.106956481933594 -0.115882873535156 -0.14678955078125 -0.2291259765625
-0.156478881835938 0.0103759765625 -0.326934814453125 -0.09661865234375
-0.0794906616210938 0.104019165039063 -0.224166870117188 0.1229248046875
0.0218353271484375 0.103904724121094 -0.016815185546875 0.147369384765625
0.0876922607421875 0.0393295288085938 0.112419128417969 0.0358428955078125
0.0888137817382813 -0.0282745361328125 0.103347778320313 -0.0987014770507813
0.0710220336914062 -0.0331954956054687 0.0300445556640625 -0.14495849609375
0.0761947631835937 -0.0472030639648437 -0.00848388671874998 -0.181015014648438
0.0908660888671875 -0.036651611328125 0.0298309326171875 -0.226699829101562
0.102302551269531 0.0151824951171875 0.100204467773438 -0.2275390625
0.0837860107421875 0.0752716064453125 0.227096557617187 -0.162582397460938
-0.029327392578125 0.124893188476563 0.34368896484375 -0.01141357421875
-0.121055603027344 0.0659408569335937 0.34576416015625 0.148406982421875
-0.124664306640625 -0.0529251098632812 0.181884765625 0.29132080078125
-0.121261596679687 -0.22894287109375 0.0716476440429687 -0.0635757446289063
-0.192733764648437 -0.129806518554688 -0.128738403320313 -0.242202758789062
-0.22662353515625 0.0673065185546874 -0.291259765625 -0.1153564453125
-0.074676513671875 0.1846923828125 -0.209396362304687 0.074798583984375
0.0770416259765625 0.1473388671875 -0.0466690063476563 0.110260009765625
0.152801513671875 0.01934814453125 0.0702972412109375 0.02960205078125
0.125846862792969 -0.0741348266601563 0.0685958862304688 -0.0759353637695313
0.1021728515625 -0.0742111206054688 0.00919342041015625 -0.115127563476563
0.109832763671875 -0.0984344482421875 -0.02056884765625 -0.1539306640625
0.13818359375 -0.0745773315429688 0.0101318359375 -0.211318969726563
0.167572021484375 0.0147552490234375 0.0797882080078125 -0.216751098632813
0.131278991699219 0.12066650390625 0.215621948242187 -0.163131713867188
-0.0558929443359375 0.2003173828125 0.33660888671875 -0.012939453125
-0.201446533203125 0.094970703125 0.321563720703125 0.15869140625
-0.20086669921875 -0.102264404296875 0.141952514648438 0.267288208007813
-0.1800537109375 -0.24407958984375 0.0539321899414062 -0.130104064941406
-0.25701904296875 -0.0896453857421875 -0.126708984375 -0.258956909179688
-0.236404418945312 0.145721435546875 -0.270492553710938 -0.13360595703125
-0.024810791015625 0.235015869140625 -0.21343994140625 0.029815673828125
0.134918212890625 0.146743774414063 -0.0904769897460937 0.0853042602539063
0.189208984375 -0.0193023681640625 0.0180892944335938 0.0393447875976562
0.139663696289063 -0.111236572265625 0.0296096801757813 -0.0343265533447266
0.119438171386719 -0.105201721191406 -0.0118331909179687 -0.070037841796875
0.132156372070313 -0.135322570800781 -0.0349273681640625 -0.112922668457031
0.174530029296875 -0.095245361328125 -0.0123748779296875 -0.18017578125
0.211502075195313 0.0299530029296875 0.0568695068359375 -0.195022583007812
0.148208618164063 0.166534423828125 0.201644897460938 -0.152481079101563
-0.099945068359375 0.2396240234375 0.321990966796875 -0.000213623046874985
-0.261322021484375 0.0845642089843749 0.277603149414063 0.175628662109375
-0.236557006835938 -0.151504516601562 0.0830841064453125 0.228836059570313
-0.214447021484375 -0.213821411132813 0.0103302001953125 -0.194961547851563
-0.270004272460938 -0.0236816406250001 -0.155303955078125 -0.271682739257813
-0.18865966796875 0.200271606445312 -0.277053833007813 -0.137405395507813
0.0407257080078125 0.23052978515625 -0.239837646484375 0.0118408203125
0.168716430664062 0.10693359375 -0.136466979980469 0.0887985229492187
0.1885986328125 -0.061126708984375 -0.030029296875 0.07086181640625
0.129806518554688 -0.131828308105469 -0.00336265563964843 0.0203495025634766
0.119148254394531 -0.120597839355469 -0.03179931640625 -0.0168609619140625
0.14031982421875 -0.149856567382813 -0.0551071166992187 -0.0631141662597656
0.193283081054688 -0.0908660888671875 -0.0410232543945312 -0.140174865722656
0.220413208007813 0.0570526123046875 0.028045654296875 -0.169952392578125
0.12408447265625 0.199462890625 0.180694580078125 -0.142364501953125
-0.15020751953125 0.226699829101563 0.303070068359375 0.01220703125
-0.28009033203125 0.0340576171874999 0.228927612304688 0.181259155273438
-0.222198486328125 -0.191818237304688 0.0236358642578125 0.170684814453125
-0.211517333984375 -0.154067993164063 -0.0546112060546875 -0.246139526367188
-0.230682373046875 0.030731201171875 -0.210037231445313 -0.26580810546875
-0.112518310546875 0.2027587890625 -0.301513671875 -0.112335205078125
0.083892822265625 0.178192138671875 -0.269851684570313 0.0310821533203126
0.163482666015625 0.0518798828125 -0.167327880859375 0.118896484375
0.154647827148438 -0.0886993408203125 -0.05859375 0.117912292480469
0.101692199707031 -0.130661010742188 -0.0223159790039062 0.0794677734375
0.101852416992188 -0.118972778320313 -0.0464859008789062 0.0379676818847656
0.130661010742188 -0.1424560546875 -0.0810699462890625 -0.0119094848632812
0.185516357421875 -0.0704498291015625 -0.0776443481445312 -0.102508544921875
0.192001342773438 0.07958984375 -0.0041656494140625 -0.15740966796875
0.073333740234375 0.196334838867188 0.162872314453125 -0.143997192382813
-0.175033569335937 0.1661376953125 0.296173095703125 0.017791748046875
-0.2451171875 -0.026336669921875 0.196136474609375 0.177352905273438
-0.17095947265625 -0.2000732421875 -0.0188827514648438 0.100250244140625
-0.1610107421875 -0.08465576171875 -0.125686645507813 -0.275054931640625
-0.152694702148438 0.046234130859375 -0.269454956054688 -0.237747192382812
-0.0461578369140625 0.15142822265625 -0.321075439453125 -0.065673828125
0.0841751098632813 0.105422973632813 -0.2825927734375 0.0736083984375
0.120193481445313 0.00792694091796875 -0.172744750976563 0.158187866210938
0.098968505859375 -0.0873870849609375 -0.064453125 0.164657592773437
0.0624237060546875 -0.105461120605469 -0.024658203125 0.13232421875
0.0690765380859375 -0.0997085571289063 -0.0542221069335937 0.0868988037109375
0.098785400390625 -0.115921020507812 -0.106239318847656 0.0328903198242188
0.145477294921875 -0.047698974609375 -0.112380981445312 -0.0745849609375
0.135810852050781 0.0741653442382813 -0.0276947021484375 -0.160293579101563
0.0296173095703125 0.14910888671875 0.162521362304688 -0.154815673828125
-0.146530151367188 0.0903472900390625 0.31085205078125 0.02685546875
-0.162796020507813 -0.055084228515625 0.1881103515625 0.1732177734375
-0.10150146484375 -0.160934448242188 -0.0367240905761719 0.0324630737304687
-0.0734176635742187 -0.0220108032226563 -0.180419921875 -0.284881591796875
-0.0616645812988281 0.0199813842773438 -0.313751220703125 -0.202362060546875
-0.00852203369140625 0.0684432983398438 -0.324462890625 -0.0150756835937499
0.0468521118164063 0.0356903076171875 -0.27642822265625 0.117691040039062
0.0539665222167969 -0.0142364501953125 -0.158538818359375 0.190093994140625
0.0374183654785156 -0.0591926574707031 -0.052734375 0.199951171875
0.0192108154296875 -0.0611915588378906 -0.0150909423828125 0.1702880859375
0.0260162353515625 -0.0653800964355469 -0.0522308349609375 0.123329162597656
0.0484695434570312 -0.0765533447265625 -0.121452331542969 0.0651931762695313
0.0811920166015625 -0.035736083984375 -0.134681701660156 -0.0567855834960938
0.0759658813476563 0.0343856811523438 -0.0323333740234375 -0.1663818359375
0.020904541015625 0.0724411010742188 0.177688598632812 -0.158340454101563
-0.0674247741699219 0.0424537658691406 0.332244873046875 0.053741455078125
-0.0624961853027344 -0.0284843444824219 0.191635131835938 0.18218994140625
-0.03619384765625 -0.0750350952148438 -0.0388717651367188 -0.0152435302734375
-0.00918960571289063 -0.0590362548828125 0.0814285278320313 0.00531005859375
-0.0215415954589844 -0.0540733337402344 -0.152435302734375 -0.191421508789062
-0.052276611328125 -0.0127792358398438 -0.322235107421875 -0.05126953125
-0.0473251342773438 0.0174942016601562 -0.199752807617188 0.156387329101562
-0.0217781066894531 0.0357170104980469 0.0173187255859375 0.1553955078125
0.0105438232421875 0.0403518676757813 0.1314697265625 0.0265274047851563
0.0343494415283203 0.0152854919433594 0.112319946289062 -0.111763000488281
0.0288543701171875 0.00941848754882813 0.0382537841796875 -0.152496337890625
0.0322742462158203 0.00686264038085938 -0.0018310546875 -0.18316650390625
0.0348720550537109 0.005706787109375 0.0426177978515625 -0.217117309570313
0.0275039672851563 0.0185203552246094 0.109695434570313 -0.217971801757812
0.0231037139892578 0.0277366638183594 0.22509765625 -0.148101806640625
-0.00733566284179688 0.0339717864990234 0.33160400390625 -0.002197265625
-0.0267391204833984 0.0181446075439453 0.346771240234375 0.13360595703125
-0.0237960815429688 -0.00259590148925781 0.21484375 0.29168701171875
-0.0759124755859375 -0.154205322265625 0.0820541381835938 -0.0156173706054688
-0.113777160644531 -0.103218078613281 -0.13604736328125 -0.20526123046875
-0.152114868164063 0.0216522216796875 -0.30096435546875 -0.0770263671875
-0.07122802734375 0.107337951660156 -0.195144653320313 0.120819091796875
0.0278472900390625 0.10101318359375 -0.00331878662109376 0.131950378417969
0.0892105102539062 0.0314102172851563 0.110748291015625 0.0184326171875
0.0848007202148438 -0.0360107421875 0.0920028686523438 -0.107658386230469
0.0672111511230469 -0.0382080078125 0.0200042724609375 -0.1436767578125
0.0711746215820313 -0.0534133911132813 -0.014373779296875 -0.175048828125
0.0867538452148437 -0.043121337890625 0.02093505859375 -0.218002319335937
0.102516174316406 0.0067901611328125 0.087554931640625 -0.221267700195313
0.0881423950195313 0.0689010620117188 0.21270751953125 -0.162094116210938
-0.019256591796875 0.127288818359375 0.32891845703125 -0.023895263671875
-0.114585876464844 0.0764083862304688 0.34521484375 0.12518310546875
-0.1290283203125 -0.0414581298828125 0.206222534179688 0.28033447265625
-0.141510009765625 -0.214523315429688 0.0743560791015625 -0.0664520263671875
-0.200958251953125 -0.109039306640625 -0.120193481445313 -0.219818115234375
-0.218368530273437 0.08489990234375 -0.268966674804688 -0.0982818603515626
-0.0607757568359375 0.188232421875 -0.185684204101562 0.0713348388671875
0.085693359375 0.140655517578125 -0.035797119140625 0.0983505249023438
0.152389526367188 0.00732421875 0.0685615539550781 0.0151634216308594
0.118919372558594 -0.0845184326171875 0.0593109130859375 -0.0828018188476563
0.0962982177734375 -0.0813522338867188 0.00139617919921875 -0.113204956054688
0.101547241210938 -0.106521606445313 -0.024871826171875 -0.147933959960938
0.13189697265625 -0.0842132568359375 0.00166320800781249 -0.201339721679688
0.166259765625 0.002349853515625 0.0686187744140625 -0.208251953125
0.138053894042969 0.110610961914063 0.202102661132813 -0.162338256835938
-0.039886474609375 0.203170776367188 0.32196044921875 -0.023529052734375
-0.192855834960938 0.11187744140625 0.31939697265625 0.138336181640625
-0.210723876953125 -0.083740234375 0.16424560546875 0.26068115234375
-0.200958251953125 -0.225448608398438 0.0496902465820312 -0.131484985351563
-0.261474609375 -0.0659942626953125 -0.121200561523438 -0.237838745117188
-0.22314453125 0.1629638671875 -0.25201416015625 -0.120407104492187
-0.00827026367187501 0.234542846679688 -0.194961547851563 0.0275421142578125
0.143203735351563 0.136978149414063 -0.0817794799804687 0.0781707763671875
0.18670654296875 -0.0328369140625 0.016845703125 0.0290851593017578
0.130599975585938 -0.122703552246094 0.0232696533203125 -0.0389404296875
0.111671447753906 -0.113273620605469 -0.0170249938964844 -0.0677299499511719
0.121292114257812 -0.145401000976563 -0.0369720458984375 -0.106857299804688
0.166961669921875 -0.106765747070313 -0.0179290771484375 -0.169677734375
0.211563110351562 0.014190673828125 0.0487518310546875 -0.184661865234375
0.158340454101562 0.155776977539062 0.188232421875 -0.150009155273438
-0.080230712890625 0.24658203125 0.3067626953125 -0.00814819335937498
-0.253265380859375 0.106643676757813 0.274810791015625 0.158721923828125
-0.250839233398437 -0.130355834960938 0.100753784179688 0.225570678710938
-0.232498168945313 -0.194580078125 -0.000762939453125021 -0.194290161132812
-0.270523071289063 -0.00141906738281256 -0.15362548828125 -0.25152587890625
-0.172500610351562 0.213165283203125 -0.2628173828125 -0.1243896484375
0.054962158203125 0.225982666015625 -0.225479125976563 0.012969970703125
0.17376708984375 0.0966644287109375 -0.128486633300781 0.0850753784179688
0.18310546875 -0.0736846923828125 -0.0287437438964844 0.0643348693847656
0.120361328125 -0.14111328125 -0.00572776794433593 0.0182666778564453
0.111122131347656 -0.12847900390625 -0.0334815979003906 -0.0141506195068359
0.128433227539062 -0.16046142578125 -0.0543136596679687 -0.0563545227050781
0.185546875 -0.104263305664063 -0.0444869995117187 -0.127487182617188
0.22308349609375 0.040496826171875 0.021209716796875 -0.157058715820313
0.137786865234375 0.189407348632813 0.167449951171875 -0.136123657226563
-0.130447387695313 0.238037109375 0.285888671875 0.00610351562500001
-0.276199340820313 0.0593719482421875 0.2235107421875 0.16925048828125
-0.241409301757813 -0.171005249023437 0.035430908203125 0.171707153320312
-0.2236328125 -0.1370849609375 -0.0714874267578125 -0.240814208984375
-0.227676391601563 0.0478973388671875 -0.211318969726563 -0.243667602539063
-0.0980682373046875 0.2098388671875 -0.287841796875 -0.098907470703125
0.0936431884765625 0.171966552734375 -0.255706787109375 0.0339660644531251
0.165359497070313 0.0424041748046875 -0.157669067382813 0.117294311523438
0.147918701171875 -0.097564697265625 -0.05535888671875 0.112289428710937
0.09332275390625 -0.137847900390625 -0.0217132568359375 0.0780563354492187
0.0943374633789062 -0.125740051269531 -0.0457572937011719 0.0410346984863281
0.118927001953125 -0.151885986328125 -0.0767135620117188 -0.00362396240234376
0.179840087890625 -0.08416748046875 -0.0774612426757813 -0.0866165161132813
0.197036743164062 0.0646209716796875 -0.010589599609375 -0.140853881835938
0.0880584716796875 0.190567016601563 0.1473388671875 -0.134262084960938
-0.1600341796875 0.180389404296875 0.274734497070312 0.0112457275390625
-0.246444702148438 -0.00163269042968746 0.186172485351563 0.165054321289063
-0.190963745117187 -0.183334350585938 -0.014434814453125 0.104156494140625
-0.16729736328125 -0.0729217529296875 -0.1456298828125 -0.266525268554688
-0.150253295898437 0.057159423828125 -0.271835327148438 -0.214141845703125
-0.0365753173828125 0.153900146484375 -0.306182861328125 -0.051239013671875
0.0889968872070312 0.0998687744140625 -0.267288208007813 0.0772857666015625
0.119277954101563 0.00153350830078125 -0.161163330078125 0.156463623046875
0.092987060546875 -0.0927886962890625 -0.058868408203125 0.160232543945313
0.0560684204101563 -0.110145568847656 -0.0212249755859375 0.130821228027344
0.0632476806640625 -0.104377746582031 -0.0504989624023437 0.08953857421875
0.0901947021484375 -0.123222351074219 -0.0986862182617188 0.0430984497070312
0.142318725585938 -0.0591888427734375 -0.110862731933594 -0.0560379028320312
0.142074584960938 0.064605712890625 -0.0352096557617187 -0.13970947265625
0.04107666015625 0.147064208984375 0.14117431640625 -0.145004272460938
-0.137435913085938 0.104049682617187 0.28460693359375 0.016632080078125
-0.16766357421875 -0.037506103515625 0.174392700195313 0.15838623046875
-0.117813110351563 -0.149490356445313 -0.0404701232910156 0.037506103515625
-0.0731430053710938 -0.0174484252929688 -0.204971313476563 -0.272903442382813
-0.0618362426757813 0.0239486694335938 -0.31494140625 -0.176513671875
-0.00479125976562501 0.068756103515625 -0.309478759765625 -0.001953125
0.0477790832519531 0.0332527160644531 -0.26043701171875 0.120025634765625
0.0521507263183594 -0.0165519714355469 -0.146087646484375 0.18701171875
0.0338363647460938 -0.0605812072753906 -0.046417236328125 0.194793701171875
0.0165672302246094 -0.0627517700195313 -0.00933837890624998 0.167083740234375
0.0222206115722656 -0.0668373107910156 -0.0457534790039063 0.125343322753906
0.0427932739257812 -0.0806961059570313 -0.111862182617188 0.077117919921875
0.079925537109375 -0.0423507690429688 -0.132911682128906 -0.0354385375976562
0.0799789428710938 0.0295028686523438 -0.043975830078125 -0.145263671875
0.0276565551757812 0.0727157592773438 0.1510009765625 -0.150588989257813
-0.0628623962402344 0.05023193359375 0.302734375 0.03704833984375
-0.0665016174316406 -0.02099609375 0.176773071289063 0.163589477539063
-0.0447463989257812 -0.0703811645507813 -0.0480308532714844 -0.0108070373535156
-0.0122642517089844 -0.0566825866699219 0.0920181274414063 0.0016937255859375
-0.0221786499023438 -0.0513801574707031 -0.1318359375 -0.174331665039063
-0.050262451171875 -0.0142669677734375 -0.28955078125 -0.044158935546875
-0.0482254028320313 0.0168228149414063 -0.173538208007813 0.142898559570312
-0.0228729248046875 0.0365028381347656 0.0255584716796875 0.13525390625
0.0106735229492188 0.0398635864257812 0.12640380859375 0.01092529296875
0.0330677032470703 0.0130805969238281 0.101959228515625 -0.1185302734375
0.0270862579345703 0.00850677490234375 0.031890869140625 -0.151931762695313
0.0308704376220703 0.00514793395996094 -0.00306701660156251 -0.178817749023438
0.0339546203613281 0.00332260131835938 0.0398712158203125 -0.209335327148438
0.0273303985595703 0.0159931182861328 0.103683471679688 -0.209365844726562
0.0245399475097656 0.0251960754394531 0.215576171875 -0.142181396484375
-0.00406074523925781 0.0338840484619141 0.317596435546875 -0.005096435546875
-0.0241832733154297 0.0215072631835937 0.341583251953125 0.11871337890625
-0.0236282348632813 0.000587463378906254 0.233642578125 0.28302001953125
-0.086395263671875 -0.14569091796875 0.0907745361328125 -0.0186996459960938
-0.117218017578125 -0.0918960571289063 -0.116104125976563 -0.186859130859375
-0.148284912109375 0.0278167724609375 -0.271133422851563 -0.0688934326171875
-0.066741943359375 0.108627319335938 -0.169662475585938 0.108734130859375
0.0305709838867188 0.0993423461914063 0.0046844482421875 0.113731384277344
0.0884933471679688 0.0262603759765625 0.105422973632812 0.0030975341796875
0.0805130004882813 -0.0413055419921875 0.082366943359375 -0.113746643066406
0.0646171569824219 -0.0416793823242188 0.01470947265625 -0.142593383789063
0.0672149658203125 -0.0573005676269531 -0.015350341796875 -0.169677734375
0.0836029052734375 -0.0477371215820313 0.01922607421875 -0.2100830078125
0.10162353515625 0.0011749267578125 0.083465576171875 -0.211456298828125
0.09039306640625 0.0638656616210938 0.203872680664063 -0.155197143554688
-0.0107192993164063 0.128021240234375 0.31524658203125 -0.026123046875
-0.109245300292969 0.0847930908203125 0.33837890625 0.111297607421875
-0.132553100585938 -0.0318145751953125 0.22491455078125 0.272857666015625
-0.157470703125 -0.2008056640625 0.0793533325195312 -0.0681076049804688
-0.204833984375 -0.0926971435546875 -0.102127075195313 -0.202560424804688
-0.210739135742188 0.095550537109375 -0.241729736328125 -0.09368896484375
-0.0510406494140625 0.189361572265625 -0.164382934570313 0.059600830078125
0.0914764404296875 0.136199951171875 -0.0293960571289063 0.0837860107421875
0.151214599609375 -0.0010986328125 0.064666748046875 0.00242233276367188
0.112777709960938 -0.0917816162109375 0.0516815185546875 -0.0872039794921875
0.0919418334960938 -0.0863265991210938 -0.00265502929687499 -0.111541748046875
0.0954666137695313 -0.112480163574219 -0.024658203125 -0.143402099609375
0.126617431640625 -0.09063720703125 0.000930786132812501 -0.1927490234375
0.16571044921875 -0.00616455078125 0.0657196044921875 -0.19805908203125
0.141921997070313 0.104049682617188 0.194137573242188 -0.154678344726563
-0.0281829833984375 0.205368041992188 0.308441162109375 -0.02374267578125
-0.185150146484375 0.124847412109375 0.313934326171875 0.12689208984375
-0.217742919921875 -0.069427490234375 0.1807861328125 0.255630493164063
-0.216476440429688 -0.210311889648437 0.0487594604492187 -0.131866455078125
-0.263107299804688 -0.047882080078125 -0.105606079101562 -0.223556518554688
-0.21295166015625 0.174041748046875 -0.22900390625 -0.117477416992187
0.0031890869140625 0.233627319335937 -0.1790771484375 0.01708984375
0.1480712890625 0.131057739257812 -0.0768661499023437 0.0674819946289063
0.184112548828125 -0.0421600341796875 0.0135574340820313 0.0194091796875
0.123634338378906 -0.130332946777344 0.0179672241210938 -0.0415573120117188
0.107048034667969 -0.118736267089844 -0.0200233459472656 -0.0652198791503906
0.113052368164063 -0.15142822265625 -0.0353240966796875 -0.102851867675781
0.160858154296875 -0.114578247070313 -0.0179595947265625 -0.159927368164063
0.210647583007813 0.00390625 0.04705810546875 -0.1732177734375
0.164352416992188 0.147506713867188 0.181228637695313 -0.14056396484375
-0.0663299560546875 0.250396728515625 0.292816162109375 -0.00592041015624998
-0.245590209960938 0.122833251953125 0.26776123046875 0.15118408203125
-0.261703491210938 -0.113311767578125 0.114471435546875 0.223648071289063
-0.24591064453125 -0.178512573242188 -0.00679016113281253 -0.192062377929688
-0.26934814453125 0.01446533203125 -0.141525268554688 -0.237762451171875
-0.1612548828125 0.221542358398437 -0.244049072265625 -0.122756958007812
0.064697265625 0.222747802734375 -0.21295166015625 0.00486755371093748
0.177215576171875 0.0909881591796875 -0.12359619140625 0.0774612426757812
0.179351806640625 -0.08184814453125 -0.0308761596679687 0.0567550659179687
0.113540649414062 -0.148345947265625 -0.00926589965820312 0.016535758972168
0.106697082519531 -0.133827209472656 -0.0342884063720703 -0.0113983154296875
0.120025634765625 -0.16668701171875 -0.0514068603515625 -0.0516204833984375
0.17974853515625 -0.113784790039063 -0.04180908203125 -0.116996765136719
0.224197387695313 0.0294036865234375 0.0214996337890625 -0.143569946289063
0.145675659179688 0.1822509765625 0.160079956054688 -0.123336791992188
-0.115966796875 0.2451171875 0.269485473632813 0.0115203857421875
-0.27191162109375 0.07891845703125 0.213424682617187 0.164825439453125
-0.255142211914063 -0.153564453125 0.043853759765625 0.173614501953125
-0.23272705078125 -0.123611450195313 -0.0825042724609375 -0.236862182617188
-0.22552490234375 0.0601806640625 -0.202865600585937 -0.229019165039063
-0.08880615234375 0.21417236328125 -0.27178955078125 -0.0957489013671875
0.09942626953125 0.168365478515625 -0.244552612304688 0.0283813476562501
0.165817260742188 0.038116455078125 -0.152328491210937 0.111557006835938
0.143753051757813 -0.103652954101563 -0.0564498901367188 0.106460571289062
0.0879364013671875 -0.143447875976563 -0.0225677490234375 0.0772323608398438
0.0905838012695313 -0.129898071289063 -0.045013427734375 0.0436592102050781
0.111068725585938 -0.158187866210938 -0.0717697143554688 0.00210571289062499
0.1754150390625 -0.093902587890625 -0.0735549926757812 -0.0742111206054688
0.20037841796875 0.0543670654296875 -0.00936889648437499 -0.123466491699219
0.098297119140625 0.186355590820312 0.137046813964844 -0.118576049804687
-0.147262573242188 0.190948486328125 0.252670288085937 0.0174560546875
-0.245925903320313 0.016876220703125 0.170730590820312 0.1612548828125
-0.205047607421875 -0.168502807617188 -0.0125198364257813 0.108810424804687
-0.171859741210938 -0.0637664794921875 -0.161087036132813 -0.25848388671875
-0.148971557617188 0.06463623046875 -0.265487670898438 -0.197372436523438
-0.0310211181640625 0.156097412109375 -0.290618896484375 -0.0475158691406249
0.091094970703125 0.096435546875 -0.256591796875 0.071502685546875
0.118751525878906 -0.00078582763671875 -0.155471801757813 0.1497802734375
0.0899810791015625 -0.0956192016601562 -0.059417724609375 0.154693603515625
0.0523757934570313 -0.113349914550781 -0.0210418701171875 0.129592895507813
0.0605010986328125 -0.107139587402344 -0.0482559204101563 0.092315673828125
0.0841827392578125 -0.128311157226563 -0.0917510986328125 0.0497283935546875
0.140129089355469 -0.0671539306640625 -0.105278015136719 -0.0406494140625
0.1466064453125 0.05670166015625 -0.0367202758789063 -0.119239807128906
0.0506591796875 0.145965576171875 0.125869750976563 -0.127090454101563
-0.129310607910156 0.114433288574219 0.256454467773438 0.0193023681640625
-0.170684814453125 -0.022705078125 0.15484619140625 0.152084350585938
-0.130645751953125 -0.13983154296875 -0.0443077087402344 0.0424156188964844
-0.074188232421875 -0.01495361328125 -0.220916748046875 -0.262481689453125
-0.0630531311035156 0.0278663635253906 -0.309661865234375 -0.158538818359375
-0.0025634765625 0.0690689086914063 -0.29296875 0.000396728515625031
0.0471000671386719 0.0316390991210937 -0.24945068359375 0.113800048828125
0.0511207580566406 -0.0166358947753906 -0.140960693359375 0.179275512695313
0.0320854187011719 -0.0607948303222656 -0.0460357666015625 0.189010620117188
0.0152359008789063 -0.063690185546875 -0.00872802734375 0.166168212890625
0.0209770202636719 -0.067626953125 -0.04254150390625 0.127494812011719
0.0394287109375 -0.0827102661132813 -0.103622436523438 0.0848922729492188
0.0789794921875 -0.0472259521484375 -0.126655578613281 -0.018463134765625
0.083038330078125 0.0263214111328125 -0.0480117797851563 -0.122650146484375
0.0323638916015625 0.0731887817382813 0.130287170410156 -0.133743286132813
-0.0588340759277344 0.0561141967773437 0.271499633789063 0.03350830078125
-0.0695953369140625 -0.01361083984375 0.155044555664063 0.152359008789063
-0.0512199401855469 -0.0665969848632813 -0.0578994750976563 -0.00629043579101562
-0.0144729614257813 -0.0554008483886719 0.104660034179688 -0.001922607421875
-0.0225715637207031 -0.0500144958496094 -0.107620239257813 -0.166046142578125
-0.0504341125488281 -0.0177764892578125 -0.262039184570312 -0.0472869873046875
-0.051116943359375 0.0166358947753906 -0.153274536132812 0.125595092773438
-0.0248832702636719 0.0382347106933594 0.0300750732421875 0.115699768066406
0.0104446411132812 0.0405616760253906 0.120872497558594 -0.00301361083984375
0.0312747955322266 0.0119819641113281 0.0948486328125 -0.126876831054688
0.0261039733886719 0.00816154479980469 0.029144287109375 -0.154953002929688
0.0296058654785156 0.00447845458984375 -0.000579833984374983 -0.178237915039063
0.0328350067138672 0.00140380859375 0.0425567626953125 -0.207107543945313
0.0274486541748047 0.0139789581298828 0.106277465820313 -0.201980590820312
0.0258541107177734 0.0235538482666016 0.21514892578125 -0.134353637695313
-0.000314712524414065 0.0344829559326172 0.31109619140625 -0.002105712890625
-0.0226955413818359 0.0241031646728516 0.33941650390625 0.111541748046875
-0.0234031677246094 0.00365447998046875 0.25531005859375 0.282806396484375
-0.0968246459960938 -0.140266418457031 0.102462768554687 -0.0215911865234375
-0.120903015136719 -0.0841064453125 -0.091278076171875 -0.17718505859375
-0.147064208984375 0.0330963134765625 -0.243728637695313 -0.0724639892578125
-0.0643844604492187 0.111587524414063 -0.150283813476563 0.09173583984375
0.0325393676757812 0.100288391113281 0.00896453857421875 0.0962677001953125
0.0891876220703125 0.0231704711914063 0.101356506347656 -0.0103607177734375
0.0783233642578125 -0.0461196899414063 0.0750808715820313 -0.1207275390625
0.0632476806640625 -0.0446052551269531 0.0121612548828125 -0.144088745117187
0.0646286010742188 -0.0612106323242188 -0.0126495361328125 -0.170303344726563
0.082733154296875 -0.0513992309570313 0.0223388671875 -0.2066650390625
0.10260009765625 -0.0027008056640625 0.0864105224609375 -0.204116821289063
0.0936431884765625 0.061279296875 0.203170776367187 -0.148101806640625
-0.00440216064453125 0.13031005859375 0.308624267578125 -0.022064208984375
-0.106170654296875 0.0928955078125 0.337493896484375 0.10552978515625
-0.13751220703125 -0.0240020751953125 0.24505615234375 0.27362060546875
-0.17303466796875 -0.192550659179687 0.0869979858398437 -0.0707931518554688
-0.209793090820313 -0.080047607421875 -0.078216552734375 -0.194381713867188
-0.207870483398438 0.105545043945312 -0.216461181640625 -0.099395751953125
-0.04449462890625 0.193435668945313 -0.148468017578125 0.042327880859375
0.0972976684570313 0.136566162109375 -0.0267524719238281 0.069091796875
0.15313720703125 -0.007293701171875 0.0598602294921875 -0.00928878784179688
0.109886169433594 -0.0991058349609375 0.045013427734375 -0.0924835205078125
0.0910415649414063 -0.091339111328125 -0.0051727294921875 -0.111854553222656
0.0921249389648438 -0.118904113769531 -0.0221405029296875 -0.143585205078125
0.125038146972656 -0.0968093872070313 0.00476074218750003 -0.18902587890625
0.167388916015625 -0.0123138427734375 0.0688629150390625 -0.191162109375
0.14739990234375 0.100753784179687 0.1949462890625 -0.145675659179688
-0.0194244384765625 0.209991455078125 0.30230712890625 -0.0172119140625
-0.182266235351563 0.137863159179687 0.31146240234375 0.1239013671875
-0.227691650390625 -0.0579071044921875 0.1983642578125 0.257583618164063
-0.234100341796875 -0.199462890625 0.0513839721679687 -0.133995056152344
-0.26739501953125 -0.0324554443359375 -0.0852813720703125 -0.217681884765625
-0.207977294921875 0.185760498046875 -0.208404541015625 -0.12542724609375
0.0107574462890625 0.237518310546875 -0.168624877929687 0.000503540039062501
0.155044555664063 0.130630493164063 -0.0762939453125 0.0557861328125
0.185546875 -0.0496368408203125 0.00851535797119142 0.0100011825561523
0.121170043945313 -0.1390380859375 0.0127105712890625 -0.0450019836425781
0.106056213378906 -0.125473022460937 -0.0211639404296875 -0.0646591186523438
0.109542846679687 -0.159805297851562 -0.0325088500976562 -0.10186767578125
0.158859252929688 -0.12261962890625 -0.01373291015625 -0.155563354492188
0.213897705078125 -0.003997802734375 0.0515899658203125 -0.16497802734375
0.171249389648438 0.14501953125 0.182723999023438 -0.129989624023438
-0.0558929443359375 0.258148193359375 0.2860107421875 0.00408935546875002
-0.2442626953125 0.140106201171875 0.263259887695313 0.15277099609375
-0.276382446289062 -0.099517822265625 0.127792358398437 0.2279052734375
-0.261184692382813 -0.16851806640625 -0.0106964111328125 -0.194412231445313
-0.272964477539063 0.0281982421875 -0.125961303710938 -0.232818603515625
-0.155792236328125 0.23162841796875 -0.22845458984375 -0.130828857421875
0.0721893310546875 0.225448608398437 -0.206207275390625 -0.00958251953124998
0.183731079101562 0.0894622802734375 -0.124000549316406 0.0689010620117187
0.180770874023438 -0.0890350341796875 -0.0356559753417969 0.0499763488769531
0.111007690429688 -0.157150268554688 -0.0131158828735351 0.0151739120483398
0.106033325195312 -0.141448974609375 -0.0353202819824219 -0.00910949707031251
0.115692138671875 -0.175186157226562 -0.0477447509765625 -0.0494346618652344
0.179092407226563 -0.123077392578125 -0.0366897583007812 -0.109855651855469
0.229644775390625 0.0209503173828125 0.027130126953125 -0.132293701171875
0.155593872070312 0.180221557617187 0.16131591796875 -0.109481811523437
-0.106216430664063 0.255020141601562 0.259613037109375 0.0241546630859375
-0.272537231445313 0.0969390869140625 0.20361328125 0.169586181640625
-0.272384643554688 -0.140335083007813 0.0506439208984375 0.17901611328125
-0.245040893554688 -0.1146240234375 -0.09228515625 -0.2376708984375
-0.22845458984375 0.071014404296875 -0.191787719726563 -0.223648071289063
-0.0838775634765625 0.222198486328125 -0.259552001953125 -0.102706909179687
0.105331420898438 0.169723510742188 -0.24017333984375 0.0160064697265625
0.170257568359375 0.0371551513671875 -0.1534423828125 0.104141235351562
0.144607543945313 -0.109512329101563 -0.06109619140625 0.102531433105469
0.0859375 -0.151290893554688 -0.0255508422851563 0.0780563354492187
0.0899505615234375 -0.136962890625 -0.0455741882324219 0.0471763610839844
0.107559204101563 -0.166488647460938 -0.0677757263183594 0.006561279296875
0.174819946289062 -0.103240966796875 -0.0672492980957031 -0.0646896362304688
0.206817626953125 0.0469818115234375 -0.00409698486328124 -0.108795166015625
0.108245849609375 0.18609619140625 0.134902954101563 -0.100669860839844
-0.139923095703125 0.203369140625 0.23590087890625 0.0315093994140625
-0.24969482421875 0.0341339111328125 0.155364990234375 0.165451049804688
-0.222915649414063 -0.15704345703125 -0.0125045776367188 0.114646911621094
-0.17877197265625 -0.0577392578125 -0.17572021484375 -0.257217407226563
-0.1512451171875 0.072052001953125 -0.258621215820313 -0.19049072265625
-0.027679443359375 0.1611328125 -0.28009033203125 -0.0534820556640625
0.0942535400390625 0.098114013671875 -0.253311157226563 0.0615692138671875
0.121101379394531 -0.00141143798828125 -0.157012939453125 0.144027709960937
0.0902862548828125 -0.0993576049804688 -0.063629150390625 0.151687622070313
0.0518112182617188 -0.11895751953125 -0.0233612060546875 0.131484985351563
0.0600433349609375 -0.112030029296875 -0.0479736328125 0.0968399047851563
0.0812759399414063 -0.134620666503906 -0.0865936279296875 0.0563278198242188
0.140823364257813 -0.075164794921875 -0.099395751953125 -0.028411865234375
0.153533935546875 0.0517578125 -0.0331497192382813 -0.10107421875
0.059967041015625 0.148147583007812 0.117225646972656 -0.107383728027344
-0.124252319335938 0.125564575195313 0.233535766601563 0.0309600830078125
-0.175521850585938 -0.0089111328125 0.134628295898438 0.153350830078125
-0.144500732421875 -0.132278442382813 -0.0509262084960937 0.0484161376953125
-0.0753936767578125 -0.013641357421875 -0.239044189453125 -0.259353637695313
-0.0659408569335937 0.0314788818359375 -0.30596923828125 -0.149871826171875
-0.001953125 0.07147216796875 -0.283782958984375 -0.00424194335937496
0.048187255859375 0.0331077575683594 -0.246810913085937 0.105056762695313
0.052520751953125 -0.0155487060546875 -0.142669677734375 0.172882080078125
0.0325050354003906 -0.0620079040527344 -0.050445556640625 0.186569213867188
0.0153083801269531 -0.0660858154296875 -0.010101318359375 0.169204711914063
0.0210113525390625 -0.0704803466796875 -0.0419235229492188 0.132179260253906
0.0378875732421875 -0.0862960815429688 -0.0973663330078125 0.0928802490234375
0.0796279907226563 -0.0524673461914063 -0.121337890625 -0.00388336181640626
0.0885696411132813 0.0236968994140625 -0.0482864379882813 -0.101890563964844
0.0379409790039062 0.0752716064453125 0.116569519042969 -0.114189147949219
-0.0564079284667969 0.0629806518554687 0.24359130859375 0.03973388671875
-0.0735931396484375 -0.00686645507812499 0.1314697265625 0.14892578125
-0.0579566955566406 -0.0638847351074219 -0.0693244934082031 -0.00118255615234374
-0.0181617736816406 -0.0544700622558594 0.121635437011719 -0.00867462158203125
-0.0227775573730469 -0.0499114990234375 -0.082366943359375 -0.163360595703125
-0.0527076721191406 -0.0206756591796875 -0.237518310546875 -0.05560302734375
-0.0553970336914062 0.0172157287597656 -0.137840270996094 0.105842590332031
-0.0277137756347656 0.0417366027832031 0.03271484375 0.0960540771484375
0.0106277465820313 0.0425071716308594 0.1163330078125 -0.0188446044921875
0.0303764343261719 0.0109729766845703 0.087066650390625 -0.137855529785156
0.0255718231201172 0.00833511352539063 0.0252532958984375 -0.162353515625
0.0290184020996094 0.00391006469726563 0.000885009765625001 -0.184890747070313
0.032135009765625 -0.000102996826171875 0.0474700927734375 -0.210601806640625
0.0279693603515625 0.0120143890380859 0.111236572265625 -0.2005615234375
0.0270347595214844 0.0215015411376953 0.219955444335937 -0.130218505859375
0.00423431396484375 0.0344314575195312 0.311614990234375 0.0013427734375
-0.0203132629394531 0.0283298492431641 0.345794677734375 0.104705810546875
-0.0231227874755859 0.00712776184082031 0.287933349609375 0.28497314453125
-0.111778259277344 -0.135421752929687 0.117782592773438 -0.0278778076171875
-0.127723693847656 -0.0752944946289062 -0.0652923583984375 -0.1746826171875
-0.149703979492188 0.040283203125 -0.219757080078125 -0.0810546875
-0.0622024536132813 0.117912292480469 -0.13458251953125 0.0719528198242188
0.0376052856445313 0.104110717773438 0.0120925903320313 0.0780487060546875
0.0928726196289063 0.0203475952148438 0.0968704223632813 -0.0260162353515625
0.076385498046875 -0.0522689819335938 0.0681381225585938 -0.131935119628906
0.0626335144042969 -0.0496292114257813 0.00830078124999999 -0.150177001953125
0.0629653930664063 -0.0675086975097656 -0.0111236572265625 -0.176239013671875
0.082427978515625 -0.058197021484375 0.0261993408203125 -0.209823608398437
0.105720520019531 -0.008331298828125 0.091522216796875 -0.203292846679688
0.0990371704101563 0.058990478515625 0.208984375 -0.144287109375
0.00424957275390624 0.135490417480469 0.31048583984375 -0.0189208984375
-0.104042053222656 0.104812622070313 0.343994140625 0.09979248046875
-0.1461181640625 -0.01361083984375 0.27740478515625 0.276168823242188
-0.195556640625 -0.183624267578125 0.09698486328125 -0.0769119262695313
-0.219879150390625 -0.0655975341796875 -0.0533447265625 -0.19354248046875
-0.208297729492188 0.120742797851563 -0.19573974609375 -0.111587524414063
-0.0370635986328125 0.203521728515625 -0.136886596679687 0.0220718383789063
0.108055114746094 0.139335632324219 -0.0262985229492187 0.0530433654785156
0.158920288085938 -0.0153961181640625 0.054473876953125 -0.0231704711914062
0.108108520507813 -0.109786987304688 0.0389251708984375 -0.101127624511719
0.0906219482421875 -0.1009521484375 -0.00798034667968749 -0.115875244140625
0.088714599609375 -0.129280090332031 -0.020294189453125 -0.148162841796875
0.124748229980469 -0.107040405273438 0.00811767578125002 -0.191268920898438
0.173110961914063 -0.0206451416015625 0.0751800537109375 -0.189254760742188
0.157058715820313 0.0984649658203125 0.20208740234375 -0.141326904296875
-0.00807189941406248 0.220077514648437 0.30517578125 -0.01171875
-0.181045532226563 0.156814575195312 0.316650390625 0.122589111328125
-0.24383544921875 -0.0429840087890625 0.226882934570313 0.262222290039063
-0.259735107421875 -0.188583374023438 0.0539093017578125 -0.14129638671875
-0.277908325195313 -0.0150604248046875 -0.064056396484375 -0.219711303710938
-0.206008911132813 0.204605102539062 -0.1925048828125 -0.139724731445313
0.0228729248046875 0.247024536132813 -0.1632080078125 -0.018646240234375
0.1685791015625 0.131881713867188 -0.0793991088867187 0.0433807373046875
0.191741943359375 -0.0605010986328125 0.00179541110992433 3.95774841308557E-05
0.118972778320312 -0.152374267578125 0.00705718994140625 -0.049957275390625
0.105712890625 -0.13787841796875 -0.0234909057617187 -0.0653915405273438
0.105743408203125 -0.172714233398438 -0.0303115844726562 -0.10455322265625
0.159698486328125 -0.13580322265625 -0.00926208496093748 -0.155136108398438
0.222366333007813 -0.01416015625 0.0587615966796875 -0.161697387695313
0.18463134765625 0.143142700195313 0.190170288085938 -0.12213134765625
-0.0430908203125 0.272201538085938 0.287567138671875 0.01422119140625
-0.245285034179687 0.16339111328125 0.26580810546875 0.157073974609375
-0.298553466796875 -0.082794189453125 0.148773193359375 0.235748291015625
-0.286346435546875 -0.15679931640625 -0.01690673828125 -0.2005615234375
-0.281829833984375 0.04632568359375 -0.111495971679687 -0.236679077148438
-0.150848388671875 0.249252319335938 -0.218597412109375 -0.145004272460937
0.0852813720703125 0.232864379882813 -0.207382202148438 -0.025726318359375
0.197311401367188 0.089263916015625 -0.129249572753906 0.0610198974609375
0.185867309570312 -0.101470947265625 -0.0433311462402344 0.0445365905761719
0.108734130859375 -0.172164916992187 -0.0174646377563476 0.0148448944091797
0.10552978515625 -0.1546630859375 -0.03729248046875 -0.00648498535156252
0.112808227539063 -0.190139770507813 -0.0449028015136719 -0.0484848022460938
0.18023681640625 -0.13787841796875 -0.0316543579101562 -0.106849670410156
0.240264892578125 0.0103759765625 0.035736083984375 -0.125312805175781
0.170028686523438 0.180755615234375 0.167510986328125 -0.0973358154296875
-0.0941314697265625 0.2730712890625 0.257110595703125 0.040374755859375
-0.27734375 0.12176513671875 0.199966430664062 0.179306030273438
-0.297576904296875 -0.124847412109375 0.0624542236328125 0.18951416015625
-0.264495849609375 -0.103836059570312 -0.107711791992187 -0.242538452148437
-0.234756469726563 0.0877227783203125 -0.1854248046875 -0.225006103515625
-0.07843017578125 0.236373901367187 -0.254379272460938 -0.114425659179687
0.116119384765625 0.174392700195313 -0.2435302734375 0.00382995605468755
0.181137084960938 0.0355682373046875 -0.159286499023438 0.10015869140625
0.147918701171875 -0.120162963867188 -0.0677719116210938 0.101631164550781
0.083740234375 -0.163970947265625 -0.02862548828125 0.0812225341796875
0.0901336669921875 -0.14935302734375 -0.0462112426757812 0.0528488159179688
0.104583740234375 -0.1805419921875 -0.0635948181152344 0.0111885070800781
0.177871704101563 -0.1177978515625 -0.0620040893554687 -0.0573348999023438
0.219589233398438 0.038055419921875 0.00356292724609376 -0.0961074829101563
0.123703002929688 0.18951416015625 0.138015747070313 -0.08270263671875
-0.131118774414063 0.222000122070312 0.22723388671875 0.050506591796875
-0.257186889648438 0.0570068359375 0.144119262695312 0.17681884765625
-0.248092651367188 -0.14508056640625 -0.0110702514648438 0.125289916992188
-0.191329956054688 -0.0515289306640625 -0.199249267578125 -0.259017944335938
-0.155517578125 0.0838623046875 -0.258865356445313 -0.187957763671875
-0.02349853515625 0.170272827148437 -0.276748657226563 -0.061248779296875
0.101554870605469 0.10107421875 -0.257980346679688 0.0531158447265625
0.127815246582031 -0.00225067138671875 -0.16278076171875 0.141799926757813
0.0927352905273438 -0.107315063476563 -0.069610595703125 0.153945922851563
0.050384521484375 -0.128768920898438 -0.0252456665039063 0.13818359375
0.0603713989257812 -0.121963500976562 -0.04791259765625 0.104843139648437
0.079132080078125 -0.14593505859375 -0.08184814453125 0.0652542114257813
0.144195556640625 -0.086883544921875 -0.0939559936523437 -0.0163726806640625
0.164566040039063 0.045745849609375 -0.0276870727539062 -0.0834121704101563
0.07183837890625 0.152252197265625 0.114463806152344 -0.0866241455078125
-0.119186401367188 0.142318725585938 0.215652465820312 0.0480804443359375
-0.184234619140625 0.0078582763671875 0.11541748046875 0.1617431640625
-0.163894653320313 -0.124740600585937 -0.0590057373046875 0.0574951171875
-0.07928466796875 -0.0114364624023437 -0.267852783203125 -0.257583618164063
-0.0688133239746094 0.0375823974609375 -0.30914306640625 -0.1434326171875
-0.000778198242187492 0.0762863159179688 -0.281768798828125 -0.00973510742187497
0.0502891540527344 0.0346031188964844 -0.25103759765625 0.098388671875
0.0546646118164063 -0.0156593322753906 -0.149566650390625 0.172027587890625
0.033843994140625 -0.06573486328125 -0.0556488037109375 0.190872192382813
0.0148773193359375 -0.0712738037109375 -0.01080322265625 0.176300048828125
0.0211944580078125 -0.0755691528320313 -0.040679931640625 0.141143798828125
0.0367279052734375 -0.0931930541992188 -0.0917892456054687 0.104591369628906
0.082183837890625 -0.0603256225585938 -0.116424560546875 0.0122146606445313
0.096435546875 0.0207138061523438 -0.0464935302734375 -0.081024169921875
0.045562744140625 0.078521728515625 0.106285095214844 -0.0930862426757812
-0.0537567138671875 0.0730361938476562 0.219863891601562 0.0518798828125
-0.0785675048828125 0.00232696533203123 0.1080322265625 0.152908325195313
-0.0682563781738281 -0.060302734375 -0.0840911865234375 0.006011962890625
-0.0233879089355469 -0.0530853271484375 0.141067504882813 -0.0219268798828125
-0.0242805480957031 -0.0492134094238281 -0.0554351806640625 -0.16693115234375
-0.057220458984375 -0.0228462219238281 -0.215469360351563 -0.067169189453125
-0.0605087280273437 0.0201454162597656 -0.122528076171875 0.0822982788085938
-0.0283470153808594 0.0471839904785156 0.0338592529296875 0.0731201171875
0.0121688842773437 0.04571533203125 0.108375549316406 -0.0378646850585938
0.0299739837646484 0.0113525390625 0.074798583984375 -0.153701782226563
0.0253829956054688 0.00871849060058594 0.0166168212890625 -0.173583984375
0.0287075042724609 0.00272178649902344 -0.00148010253906249 -0.195159912109375
0.0317249298095703 -0.00235748291015625 0.0487060546875 -0.219497680664063
0.0286674499511719 0.0090789794921875 0.115875244140625 -0.205245971679688
0.0288505554199219 0.0189456939697266 0.22601318359375 -0.131790161132813
0.0100727081298828 0.0340900421142578 0.316070556640625 -0.000762939453124998
-0.0165081024169922 0.0327873229980469 0.355682373046875 0.0908203125
-0.0223007202148438 0.0123424530029297 0.333892822265625 0.277862548828125
-0.13165283203125 -0.125205993652344 0.134536743164063 -0.0398025512695313
-0.136428833007812 -0.0633087158203125 -0.03826904296875 -0.177871704101563
-0.151611328125 0.0521240234375 -0.198532104492188 -0.0936126708984375
-0.0570297241210938 0.126823425292969 -0.121139526367187 0.0484542846679688
0.046661376953125 0.107795715332031 0.0127792358398438 0.0571746826171875
0.0977783203125 0.0140457153320312 0.088653564453125 -0.0452728271484375
0.0737152099609375 -0.0607986450195313 0.0555572509765625 -0.145797729492188
0.0606880187988281 -0.0567398071289063 0.000320434570312505 -0.159194946289063
0.0593109130859375 -0.0757904052734375 -0.014068603515625 -0.186187744140625
0.0807266235351563 -0.0673065185546875 0.0271759033203125 -0.218429565429688
0.109474182128906 -0.0174484252929688 0.0960845947265625 -0.20751953125
0.107208251953125 0.0537185668945313 0.216964721679688 -0.146347045898438
0.017333984375 0.140975952148437 0.315399169921875 -0.02020263671875
-0.0984878540039063 0.120536804199219 0.354705810546875 0.0872802734375
-0.155227661132813 0.00172424316406249 0.32171630859375 0.270050048828125
-0.225936889648438 -0.166213989257813 0.107086181640625 -0.08843994140625
-0.231765747070313 -0.042999267578125 -0.027923583984375 -0.199508666992188
-0.206146240234375 0.143661499023437 -0.17742919921875 -0.128326416015625
-0.022979736328125 0.215484619140625 -0.1297607421875 -0.00157165527343747
0.124900817871094 0.140060424804688 -0.0285072326660156 0.036163330078125
0.165313720703125 -0.0289764404296875 0.0453300476074219 -0.0386962890625
0.103340148925781 -0.125053405761719 0.0272598266601563 -0.111557006835938
0.0869903564453125 -0.11444091796875 -0.0150070190429688 -0.121574401855469
0.0821533203125 -0.144058227539063 -0.0225982666015625 -0.156478881835938
0.122390747070313 -0.122390747070313 0.00874328613281249 -0.197738647460937
0.1796875 -0.0344696044921875 0.0802001953125 -0.192886352539063
0.171295166015625 0.0924072265625 0.210708618164063 -0.143096923828125
0.0106353759765625 0.231002807617188 0.3114013671875 -0.00988769531249999
-0.174407958984375 0.182693481445313 0.327789306640625 0.115234375
-0.262680053710938 -0.018646240234375 0.266860961914063 0.260665893554688
-0.29351806640625 -0.166900634765625 0.053680419921875 -0.150970458984375
-0.2896728515625 0.012664794921875 -0.043914794921875 -0.228134155273437
-0.198638916015625 0.231781005859375 -0.181976318359375 -0.158843994140625
0.043121337890625 0.25823974609375 -0.163864135742187 -0.040313720703125
0.189682006835937 0.1282958984375 -0.0850372314453125 0.0318450927734375
0.197952270507813 -0.07965087890625 -0.00811290740966796 -0.0100698471069336
0.112823486328125 -0.171829223632813 -0.00181198120117187 -0.0547218322753906
0.101486206054688 -0.155380249023438 -0.0279502868652344 -0.0670280456542969
0.097076416015625 -0.19171142578125 -0.0307083129882812 -0.109428405761719
0.156997680664063 -0.1558837890625 -0.0076904296875 -0.158447265625
0.232513427734375 -0.031585693359375 0.06549072265625 -0.161880493164063
0.203689575195312 0.137313842773437 0.201446533203125 -0.12042236328125
-0.021148681640625 0.28973388671875 0.295654296875 0.021820068359375
-0.241867065429688 0.196807861328125 0.274765014648438 0.1591796875
-0.324981689453125 -0.0549621582031251 0.180328369140625 0.239425659179688
-0.318572998046875 -0.133544921875 -0.0292816162109375 -0.208358764648438
-0.290496826171875 0.0760192871093751 -0.10125732421875 -0.244796752929688
-0.139739990234375 0.274215698242188 -0.216354370117188 -0.1614990234375
0.106369018554687 0.240478515625 -0.214157104492188 -0.0415191650390625
0.21636962890625 0.0821380615234375 -0.137397766113281 0.0558395385742188
0.189682006835938 -0.121353149414063 -0.0527572631835938 0.0417938232421875
0.102127075195312 -0.192138671875 -0.0231266021728516 0.0156478881835937
0.101211547851563 -0.17364501953125 -0.0391349792480469 -0.00333404541015626
0.103317260742187 -0.21063232421875 -0.042724609375 -0.0487289428710938
0.178680419921875 -0.159561157226563 -0.0278472900390625 -0.105087280273438
0.253585815429688 -0.0080413818359375 0.0450515747070313 -0.121337890625
0.1929931640625 0.177154541015625 0.180252075195313 -0.088836669921875
-0.072723388671875 0.294891357421875 0.262283325195313 0.0555877685546875
-0.27777099609375 0.1578369140625 0.20306396484375 0.189361572265625
-0.329620361328125 -0.0967102050781249 0.0815582275390625 0.1990966796875
-0.29095458984375 -0.083404541015625 -0.1319580078125 -0.245468139648438
-0.240081787109375 0.112869262695312 -0.183700561523438 -0.228927612304688
-0.0666046142578125 0.255462646484375 -0.256103515625 -0.125961303710938
0.134262084960937 0.177658081054688 -0.254058837890625 -0.00511169433593744
0.196304321289062 0.028289794921875 -0.16754150390625 0.100112915039062
0.1497802734375 -0.138412475585938 -0.07550048828125 0.104637145996094
0.077423095703125 -0.182846069335938 -0.0311279296875 0.087738037109375
0.08575439453125 -0.16766357421875 -0.0458450317382813 0.0602073669433594
0.096435546875 -0.200271606445312 -0.0589408874511719 0.0160484313964844
0.178146362304688 -0.139144897460938 -0.0552635192871094 -0.0491676330566406
0.234909057617188 0.0218048095703125 0.013336181640625 -0.085479736328125
0.14605712890625 0.189224243164063 0.1466064453125 -0.0667266845703125
-0.114578247070312 0.246826171875 0.223281860351563 0.071258544921875
-0.262939453125 0.0904998779296875 0.13677978515625 0.191970825195313
-0.2796630859375 -0.122116088867188 -0.00563812255859377 0.13836669921875
-0.208084106445313 -0.03607177734375 -0.232666015625 -0.255706787109375
-0.15838623046875 0.102340698242188 -0.262374877929688 -0.183425903320313
-0.0142059326171875 0.182403564453125 -0.280105590820313 -0.0673980712890625
0.113639831542969 0.101478576660156 -0.26666259765625 0.048797607421875
0.137428283691406 -0.00788116455078125 -0.170516967773437 0.144943237304688
0.0924301147460938 -0.120437622070313 -0.0744781494140625 0.160888671875
0.0449981689453125 -0.142303466796875 -0.024200439453125 0.148162841796875
0.055908203125 -0.135993957519531 -0.0452194213867187 0.116485595703125
0.0722503662109375 -0.162704467773438 -0.0745468139648438 0.0758438110351563
0.146255493164063 -0.105499267578125 -0.0856857299804687 -0.00214385986328125
0.1796875 0.033538818359375 -0.0195999145507813 -0.0655479431152344
0.090789794921875 0.1552734375 0.116050720214844 -0.0638809204101562
-0.108383178710938 0.16424560546875 0.201278686523437 0.0687713623046875
-0.19146728515625 0.03350830078125 0.0987701416015625 0.174636840820312
-0.189346313476562 -0.109542846679688 -0.0660018920898438 0.0714340209960937
-0.084991455078125 -0.00746917724609374 -0.307525634765625 -0.248046875
-0.0718460083007813 0.0467453002929688 -0.31689453125 -0.133087158203125
0.00314331054687501 0.0817718505859375 -0.2835693359375 -0.01263427734375
0.0548248291015625 0.0355796813964844 -0.259506225585937 0.097412109375
0.058990478515625 -0.0171127319335938 -0.15631103515625 0.176422119140625
0.0330886840820312 -0.0722503662109375 -0.058349609375 0.199874877929688
0.0120849609375 -0.0788040161132813 -0.00765991210937498 0.188690185546875
0.0183334350585937 -0.0833587646484375 -0.0352783203125 0.154251098632813
0.0320968627929688 -0.102981567382813 -0.0823822021484375 0.11956787109375
0.083465576171875 -0.072021484375 -0.108757019042969 0.0318984985351563
0.106536865234375 0.01336669921875 -0.0428199768066406 -0.0581893920898437
0.0574417114257813 0.0806198120117187 0.0992431640625 -0.0685882568359375
-0.0472412109375 0.0858688354492187 0.197860717773438 0.0684967041015625
-0.0841064453125 0.015594482421875 0.084991455078125 0.161865234375
-0.08099365234375 -0.054168701171875 -0.100387573242188 0.019439697265625
-0.0295639038085938 -0.049560546875 0.157623291015625 -0.0435943603515625
-0.0264778137207031 -0.0480690002441406 -0.027557373046875 -0.17596435546875
-0.063140869140625 -0.0230903625488281 -0.192886352539063 -0.083770751953125
-0.0646286010742188 0.0258293151855469 -0.1114501953125 0.0525054931640625
-0.0272293090820313 0.053466796875 0.0292243957519531 0.0459403991699219
0.016021728515625 0.047210693359375 0.0932083129882813 -0.059112548828125
0.0300254821777344 0.0108375549316406 0.0536346435546875 -0.167633056640625
0.0246353149414062 0.00902938842773437 0.00143432617187499 -0.182769775390625
0.027618408203125 0.00185966491699219 -0.0104827880859375 -0.205978393554688
0.0297813415527344 -0.00510406494140625 0.044158935546875 -0.230575561523437
0.0280818939208984 0.005218505859375 0.116973876953125 -0.212432861328125
0.0295753479003906 0.014678955078125 0.230972290039063 -0.13800048828125
0.01617431640625 0.0312747955322266 0.3187255859375 -0.008392333984375
-0.0103378295898437 0.0370140075683594 0.3626708984375 0.067626953125
-0.0200634002685547 0.0173587799072266 0.38555908203125 0.25
-0.152389526367188 -0.10443115234375 0.1494140625 -0.0599822998046875
-0.142715454101563 -0.0442962646484375 -0.00996398925781252 -0.187652587890625
-0.149276733398438 0.0679931640625 -0.177581787109375 -0.110794067382813
-0.0465621948242187 0.135536193847656 -0.111686706542969 0.019073486328125
0.0594558715820313 0.107551574707031 0.00869369506835938 0.0323028564453125
0.101356506347656 0.00373077392578125 0.0727615356445313 -0.0658721923828125
0.0669059753417969 -0.0702667236328125 0.0348358154296875 -0.15838623046875
0.0553245544433594 -0.0650062561035156 -0.013702392578125 -0.166183471679687
0.050445556640625 -0.0851287841796875 -0.022369384765625 -0.196182250976562
0.0743942260742188 -0.0780563354492188 0.0217132568359375 -0.227783203125
0.109512329101562 -0.029510498046875 0.0962066650390625 -0.21429443359375
0.115226745605469 0.0447998046875 0.221343994140625 -0.153305053710937
0.0351409912109375 0.1417236328125 0.319305419921875 -0.0274658203125
-0.08453369140625 0.138069152832031 0.36224365234375 0.065460205078125
-0.160491943359375 0.0245513916015625 0.373046875 0.243988037109375
-0.256256103515625 -0.133804321289062 0.113937377929687 -0.104438781738281
-0.238510131835938 -0.0109405517578125 -0.0027618408203125 -0.212615966796875
-0.194320678710938 0.171234130859375 -0.162811279296875 -0.148910522460938
-0.000122070312500015 0.224624633789062 -0.128005981445313 -0.0288467407226563
0.145858764648438 0.13262939453125 -0.0360603332519531 0.0169792175292969
0.167587280273438 -0.0486602783203125 0.029266357421875 -0.0548744201660156
0.091339111328125 -0.142120361328125 0.00971984863281252 -0.120010375976563
0.0773849487304688 -0.129104614257813 -0.0258102416992187 -0.125480651855469
0.0675811767578125 -0.158859252929687 -0.0291595458984375 -0.164764404296875
0.112922668457031 -0.139938354492188 0.00474548339843749 -0.204849243164063
0.181411743164063 -0.05462646484375 0.0821380615234375 -0.198440551757813
0.185333251953125 0.078521728515625 0.2174072265625 -0.14825439453125
0.038482666015625 0.23614501953125 0.3170166015625 -0.014739990234375
-0.156158447265625 0.211654663085938 0.33807373046875 0.1009521484375
-0.275466918945313 0.0183868408203125 0.313751220703125 0.24041748046875
-0.3265380859375 -0.127685546875 0.04827880859375 -0.161712646484375
-0.293060302734375 0.05218505859375 -0.0271453857421875 -0.242584228515625
-0.177658081054687 0.261154174804688 -0.177200317382813 -0.180206298828125
0.072296142578125 0.26275634765625 -0.17095947265625 -0.06170654296875
0.213531494140625 0.115219116210938 -0.0947647094726562 0.0210342407226563
0.1976318359375 -0.104644775390625 -0.0231571197509766 -0.0180072784423828
0.0971527099609375 -0.193283081054687 -0.0142135620117188 -0.0576515197753906
0.0886077880859375 -0.174713134765625 -0.0345306396484375 -0.0669364929199219
0.0787200927734375 -0.21099853515625 -0.0344390869140625 -0.114570617675781
0.14605712890625 -0.177993774414062 -0.00912475585937499 -0.1622314453125
0.23663330078125 -0.05706787109375 0.07098388671875 -0.165390014648438
0.224685668945312 0.12200927734375 0.212417602539063 -0.123336791992187
0.012451171875 0.301300048828125 0.30462646484375 0.02423095703125
-0.22320556640625 0.235824584960937 0.285919189453125 0.15411376953125
-0.3455810546875 -0.00888061523437507 0.218521118164062 0.231399536132813
-0.348602294921875 -0.093414306640625 -0.048370361328125 -0.21063232421875
-0.289093017578125 0.11480712890625 -0.09423828125 -0.25531005859375
-0.114959716796875 0.299774169921875 -0.218734741210938 -0.178054809570312
0.135391235351563 0.239303588867188 -0.22576904296875 -0.054290771484375
0.237869262695313 0.0660552978515625 -0.147079467773437 0.0535125732421875
0.185623168945313 -0.147613525390625 -0.0637969970703125 0.0416793823242188
0.085174560546875 -0.21441650390625 -0.0295639038085938 0.0188159942626953
0.0871124267578125 -0.194732666015625 -0.0407676696777344 0.00138854980468748
0.0838623046875 -0.232666015625 -0.0415382385253906 -0.0497207641601563
0.167709350585937 -0.185577392578125 -0.0247116088867188 -0.104354858398438
0.262100219726563 -0.036224365234375 0.0548477172851563 -0.119827270507813
0.219268798828125 0.163986206054688 0.194183349609375 -0.084808349609375
-0.0384521484375 0.313720703125 0.271224975585938 0.0678863525390625
-0.264205932617187 0.202423095703125 0.20965576171875 0.19720458984375
-0.3572998046875 -0.0504150390625001 0.108779907226562 0.201431274414063
-0.31414794921875 -0.04766845703125 -0.162353515625 -0.237442016601562
-0.23602294921875 0.1458740234375 -0.185546875 -0.229995727539063
-0.043121337890625 0.273529052734375 -0.2623291015625 -0.134490966796875
0.15704345703125 0.173797607421875 -0.266250610351563 -0.00892639160156245
0.211441040039062 0.01263427734375 -0.174835205078125 0.104827880859375
0.14361572265625 -0.160934448242188 -0.0812835693359375 0.110374450683594
0.061279296875 -0.202423095703125 -0.0310592651367187 0.0960922241210937
0.0723724365234375 -0.1871337890625 -0.0420417785644531 0.0702285766601563
0.07830810546875 -0.22100830078125 -0.0520477294921875 0.0218315124511719
0.169296264648438 -0.166046142578125 -0.0469970703125 -0.0419692993164063
0.247268676757813 -0.0048828125 0.0269699096679688 -0.0760650634765625
0.17431640625 0.180740356445312 0.159774780273438 -0.052276611328125
-0.084014892578125 0.269500732421875 0.225067138671875 0.0930023193359375
-0.25653076171875 0.13360595703125 0.133773803710938 0.207366943359375
-0.309783935546875 -0.08203125 0.00610351562499997 0.150238037109375
-0.222381591796875 -0.0125885009765625 -0.272232055664063 -0.236083984375
-0.154754638671875 0.125747680664063 -0.267852783203125 -0.173797607421875
0.00263977050781252 0.192428588867188 -0.284423828125 -0.069915771484375
0.128074645996094 0.0978164672851563 -0.277328491210937 0.0497283935546875
0.1458740234375 -0.01849365234375 -0.175628662109375 0.152862548828125
0.086669921875 -0.1356201171875 -0.0765228271484375 0.170974731445312
0.032867431640625 -0.157180786132813 -0.018585205078125 0.159820556640625
0.04547119140625 -0.150711059570313 -0.0360260009765625 0.128257751464844
0.0575714111328125 -0.178802490234375 -0.061981201171875 0.0869216918945312
0.139503479003906 -0.128021240234375 -0.0736618041992187 0.0128860473632812
0.193084716796875 0.0127105712890625 -0.00662612915039061 -0.0463333129882813
0.114990234375 0.15179443359375 0.122581481933594 -0.0405120849609375
-0.08697509765625 0.186126708984375 0.191131591796875 0.093505859375
-0.190933227539063 0.06671142578125 0.084503173828125 0.19317626953125
-0.213897705078125 -0.0816802978515625 -0.06951904296875 0.0897445678710938
-0.0905075073242187 0.000724792480468751 -0.352996826171875 -0.218780517578125
-0.0712051391601563 0.0587692260742188 -0.32257080078125 -0.113861083984375
0.0102920532226563 0.0863800048828125 -0.2860107421875 -0.011077880859375
0.0608329772949219 0.0350227355957031 -0.266464233398438 0.100677490234375
0.0625343322753906 -0.0204963684082031 -0.159439086914062 0.185562133789063
0.02972412109375 -0.0796279907226563 -0.056488037109375 0.211135864257813
0.00495910644531251 -0.0863113403320313 0.0029754638671875 0.20159912109375
0.011688232421875 -0.0910415649414063 -0.0226593017578125 0.16748046875
0.0225830078125 -0.112693786621094 -0.0658798217773438 0.134635925292969
0.0796356201171875 -0.0867462158203125 -0.09356689453125 0.053314208984375
0.115554809570313 0.00084686279296875 -0.0319995880126953 -0.0318393707275391
0.0712890625 0.079254150390625 0.0969009399414063 -0.039886474609375
-0.035491943359375 0.0986785888671875 0.177032470703125 0.0901641845703125
-0.0853729248046875 0.0332870483398438 0.06201171875 0.176803588867188
-0.0943069458007812 -0.0410995483398438 -0.115303039550781 0.0410003662109375
-0.0339736938476563 -0.0422019958496094 0.167221069335938 -0.070556640625
-0.02777099609375 -0.0456314086914063 0.000213623046874986 -0.19268798828125
-0.0681381225585938 -0.0219345092773437 -0.1717529296875 -0.109207153320312
-0.0662574768066406 0.0315780639648437 -0.109161376953125 0.0155715942382813
-0.0237770080566406 0.0587310791015625 0.0136032104492187 0.0176010131835938
0.0201530456542969 0.0477142333984375 0.0679244995117188 -0.0759429931640625
0.0290279388427734 0.0103797912597656 0.0263824462890625 -0.173583984375
0.0247135162353516 0.00863838195800781 -0.0169830322265625 -0.18560791015625
0.0259227752685547 0.00197410583496094 -0.0230865478515625 -0.212905883789063
0.027252197265625 -0.006866455078125 0.0365447998046875 -0.238815307617188
0.0251140594482422 0.00153350830078125 0.114974975585938 -0.217666625976563
0.0290470123291016 0.00962257385253906 0.231216430664062 -0.142547607421875
0.0214061737060547 0.0255355834960938 0.31524658203125 -0.01495361328125
-0.0020904541015625 0.0387802124023438 0.356109619140625 0.04193115234375
-0.0152301788330078 0.0218238830566406 0.424957275390625 0.200958251953125
-0.1650390625 -0.074859619140625 0.1575927734375 -0.0840911865234375
-0.140380859375 -0.0220565795898438 0.017669677734375 -0.205551147460937
-0.139167785644531 0.083709716796875 -0.158416748046875 -0.135452270507813
-0.0322799682617188 0.13836669921875 -0.110076904296875 -0.01593017578125
0.07220458984375 0.100799560546875 -0.00455999374389648 0.0067739486694336
0.100944519042969 -0.0075531005859375 0.04815673828125 -0.0821609497070313
0.056427001953125 -0.077545166015625 0.00924682617187501 -0.162887573242187
0.0462875366210937 -0.0705947875976562 -0.0306854248046875 -0.167724609375
0.0391159057617188 -0.0897674560546875 -0.034881591796875 -0.20208740234375
0.064727783203125 -0.0861740112304688 0.013580322265625 -0.234039306640625
0.104957580566406 -0.042327880859375 0.09405517578125 -0.219100952148438
0.118499755859375 0.0322113037109375 0.22216796875 -0.158645629882813
0.0527267456054687 0.134956359863281 0.31549072265625 -0.033477783203125
-0.064056396484375 0.149612426757812 0.358154296875 0.040191650390625
-0.156463623046875 0.0492706298828125 0.41162109375 0.197021484375
-0.272750854492188 -0.0883026123046875 0.115043640136719 -0.121467590332031
-0.232131958007813 0.025604248046875 0.0204010009765625 -0.231658935546875
-0.170852661132813 0.193374633789062 -0.15179443359375 -0.174911499023438
0.026275634765625 0.223342895507813 -0.132743835449219 -0.0592041015625
0.16424560546875 0.116485595703125 -0.0492668151855469 -0.00140380859375
0.161865234375 -0.0699615478515625 0.00603866577148439 -0.0654869079589844
0.0723114013671875 -0.154159545898438 -0.0112152099609375 -0.12158203125
0.06121826171875 -0.139595031738281 -0.0384750366210937 -0.124626159667969
0.0475616455078125 -0.168121337890625 -0.038848876953125 -0.170028686523438
0.096343994140625 -0.153472900390625 -0.00219726562500001 -0.209320068359375
0.1748046875 -0.0751800537109375 0.081817626953125 -0.202468872070313
0.193069458007813 0.0597991943359375 0.2208251953125 -0.154769897460938
0.06719970703125 0.230316162109375 0.31866455078125 -0.01898193359375
-0.126708984375 0.232589721679688 0.33831787109375 0.080780029296875
-0.273284912109375 0.0610961914062501 0.351165771484375 0.201904296875
-0.343475341796875 -0.073944091796875 0.0391998291015625 -0.167770385742188
-0.280166625976563 0.0926818847656251 -0.0130462646484375 -0.260955810546875
-0.145477294921875 0.282196044921875 -0.175888061523437 -0.203414916992188
0.102981567382813 0.255233764648438 -0.182907104492187 -0.08251953125
0.231674194335937 0.0912628173828125 -0.107566833496094 0.0125579833984375
0.186386108398438 -0.130996704101563 -0.0415534973144531 -0.0217094421386719
0.072174072265625 -0.208938598632813 -0.0281791687011719 -0.055511474609375
0.0680084228515625 -0.189056396484375 -0.0411567687988281 -0.0638427734375
0.053253173828125 -0.222976684570313 -0.0399856567382813 -0.117881774902344
0.12481689453125 -0.196731567382813 -0.0110321044921875 -0.164520263671875
0.230697631835938 -0.08441162109375 0.074859619140625 -0.16864013671875
0.237899780273438 0.0978546142578125 0.220550537109375 -0.128509521484375
0.050628662109375 0.29791259765625 0.311248779296875 0.024322509765625
-0.188995361328125 0.266616821289062 0.29083251953125 0.145477294921875
-0.348114013671875 0.045379638671875 0.252822875976563 0.205856323242188
-0.362152099609375 -0.04071044921875 -0.0675048828125 -0.203399658203125
-0.271804809570312 0.153091430664062 -0.0884246826171875 -0.266372680664063
-0.080657958984375 0.315032958984375 -0.224212646484375 -0.193695068359375
0.162979125976563 0.226455688476563 -0.240707397460938 -0.0650634765625
0.251998901367188 0.0407867431640625 -0.156600952148437 0.0532989501953125
0.171539306640625 -0.172760009765625 -0.075469970703125 0.0448074340820312
0.05877685546875 -0.23040771484375 -0.0344772338867187 0.0245952606201172
0.0651397705078125 -0.210433959960938 -0.0399627685546875 0.00737762451171874
0.0565643310546875 -0.24609375 -0.0406265258789062 -0.0501480102539063
0.145645141601563 -0.207107543945313 -0.0204544067382812 -0.103874206542969
0.258895874023437 -0.06787109375 0.065032958984375 -0.119064331054688
0.2393798828125 0.139251708984375 0.208023071289063 -0.08306884765625
0.00317382812499998 0.317108154296875 0.280593872070313 0.0782318115234375
-0.233016967773437 0.241180419921875 0.21563720703125 0.201263427734375
-0.3651123046875 0.00860595703125 0.135055541992187 0.193115234375
-0.3228759765625 -0.00277709960937503 -0.1893310546875 -0.214523315429688
-0.218643188476563 0.177001953125 -0.18426513671875 -0.229019165039062
-0.013885498046875 0.281829833984375 -0.268234252929687 -0.142044067382813
0.177215576171875 0.160568237304687 -0.277877807617187 -0.0113983154296875
0.21954345703125 -0.0083770751953125 -0.180618286132813 0.109771728515625
0.128097534179688 -0.18060302734375 -0.0866928100585937 0.11767578125
0.0373687744140625 -0.216278076171875 -0.0271759033203125 0.104171752929687
0.0514068603515625 -0.201187133789063 -0.0348052978515625 0.078125
0.0514373779296875 -0.234649658203125 -0.0427169799804688 0.0240821838378906
0.149673461914062 -0.188873291015625 -0.03485107421875 -0.0370559692382813
0.248046875 -0.0364532470703125 0.0440025329589844 -0.0690269470214844
0.198501586914062 0.160232543945313 0.177276611328125 -0.0408782958984375
-0.044586181640625 0.28094482421875 0.231048583984375 0.11492919921875
-0.2327880859375 0.17376708984375 0.133285522460937 0.224227905273438
-0.322662353515625 -0.02862548828125 0.0218048095703125 0.156829833984375
-0.226394653320313 0.0176544189453125 -0.302490234375 -0.19805908203125
-0.1417236328125 0.146942138671875 -0.266281127929688 -0.161514282226563
0.0222015380859375 0.196487426757813 -0.28643798828125 -0.071075439453125
0.139900207519531 0.0878677368164063 -0.2835693359375 0.05157470703125
0.150680541992188 -0.03204345703125 -0.177322387695313 0.15960693359375
0.0742034912109375 -0.14892578125 -0.074951171875 0.179351806640625
0.0142822265625 -0.16705322265625 -0.00865173339843748 0.169265747070313
0.02880859375 -0.161239624023438 -0.0227737426757812 0.137435913085938
0.036041259765625 -0.189956665039063 -0.0449142456054688 0.0925369262695312
0.12457275390625 -0.148269653320313 -0.0546417236328125 0.0235443115234375
0.1973876953125 -0.0131378173828125 0.0139598846435547 -0.0302886962890625
0.137908935546875 0.137969970703125 0.136337280273438 -0.0164947509765625
-0.056915283203125 0.1993408203125 0.185531616210937 0.123321533203125
-0.17730712890625 0.100845336914062 0.0721282958984375 0.214523315429688
-0.227828979492187 -0.041961669921875 -0.0665969848632813 0.108375549316406
-0.092987060546875 0.0106887817382813 -0.383544921875 -0.170867919921875
-0.0659294128417969 0.070220947265625 -0.318572998046875 -0.0932617187500001
0.018585205078125 0.0881271362304688 -0.284881591796875 -0.010772705078125
0.0657310485839844 0.0315895080566406 -0.2706298828125 0.10418701171875
0.064666748046875 -0.0255508422851563 -0.159469604492188 0.192733764648437
0.0230560302734375 -0.0851364135742188 -0.0511932373046875 0.219619750976563
-0.00421905517578124 -0.0917892456054688 0.017120361328125 0.209381103515625
0.00189208984374999 -0.0962753295898438 -0.00552368164062499 0.17626953125
0.00945281982421875 -0.118309020996094 -0.0426483154296875 0.142379760742188
0.0697250366210938 -0.099395751953125 -0.0696220397949219 0.0693168640136719
0.119483947753906 -0.0159225463867188 -0.0113849639892578 -0.00687026977539063
0.0854110717773438 0.071685791015625 0.103507995605469 -0.00708770751953124
-0.018096923828125 0.107177734375 0.160003662109375 0.120574951171875
-0.0799331665039063 0.0517807006835938 0.040374755859375 0.197860717773438
-0.103248596191406 -0.0229873657226563 -0.122283935546875 0.067169189453125
-0.035186767578125 -0.0347251892089844 0.170501708984375 -0.0973052978515625
-0.0271072387695312 -0.0435829162597656 0.0268402099609375 -0.218475341796875
-0.07232666015625 -0.0191192626953125 -0.15625 -0.14501953125
-0.0670509338378906 0.0373153686523437 -0.118095397949219 -0.024658203125
-0.0201187133789063 0.0623931884765625 -0.0106573104858398 -0.00558090209960937
0.0237541198730469 0.0470314025878906 0.0383834838867188 -0.0838699340820313
0.0279083251953125 0.010772705078125 0.000396728515625009 -0.170562744140625
0.0235214233398438 0.00946235656738281 -0.0333404541015625 -0.184463500976563
0.0242099761962891 0.0023651123046875 -0.0346527099609375 -0.217208862304688
0.0235061645507813 -0.0070953369140625 0.0302581787109375 -0.243942260742188
0.0214138031005859 -0.0006866455078125 0.115219116210937 -0.221099853515625
0.0265102386474609 0.00609207153320312 0.2337646484375 -0.142120361328125
0.0248355865478516 0.0186748504638672 0.30975341796875 -0.01239013671875
0.00565338134765625 0.0375900268554688 0.34100341796875 0.026092529296875
-0.0100250244140625 0.0247707366943359 0.444854736328125 0.147491455078125
-0.166351318359375 -0.04443359375 0.159988403320313 -0.1072998046875
-0.131332397460938 -0.00342559814453123 0.0442047119140625 -0.231369018554688
-0.126304626464844 0.0930252075195312 -0.14404296875 -0.169647216796875
-0.0196304321289063 0.137565612792969 -0.119461059570312 -0.0541229248046875
0.0804595947265625 0.0914993286132813 -0.0262088775634766 -0.0153827667236328
0.0958175659179688 -0.018096923828125 0.0193557739257813 -0.0887908935546875
0.0448150634765625 -0.0805206298828125 -0.014892578125 -0.159393310546875
0.0371551513671875 -0.072662353515625 -0.0447998046875 -0.165328979492188
0.027496337890625 -0.0905914306640625 -0.04541015625 -0.206771850585938
0.052703857421875 -0.0899734497070312 0.00726318359374998 -0.238815307617188
0.0967178344726563 -0.0507125854492188 0.09478759765625 -0.221893310546875
0.117820739746094 0.0211868286132812 0.2252197265625 -0.160263061523438
0.0657196044921875 0.123283386230469 0.31146240234375 -0.032012939453125
-0.04254150390625 0.15252685546875 0.3450927734375 0.02471923828125
-0.1453857421875 0.07080078125 0.43133544921875 0.1453857421875
-0.273193359375 -0.041015625 0.113288879394531 -0.13580322265625
-0.2142333984375 0.05535888671875 0.0419769287109375 -0.258407592773438
-0.143875122070312 0.20587158203125 -0.145431518554688 -0.206619262695313
0.047515869140625 0.21441650390625 -0.147171020507813 -0.0907897949218749
0.1751708984375 0.09759521484375 -0.0686492919921875 -0.0169525146484375
0.150161743164063 -0.086944580078125 -0.019256591796875 -0.0691871643066406
0.0519256591796875 -0.160186767578125 -0.029937744140625 -0.116912841796875
0.044769287109375 -0.144393920898438 -0.048065185546875 -0.121292114257813
0.027557373046875 -0.170120239257813 -0.0478973388671875 -0.173538208007812
0.0778961181640625 -0.159698486328125 -0.00614929199218749 -0.212753295898438
0.163345336914063 -0.0901336669921875 0.083587646484375 -0.205429077148438
0.194381713867188 0.0413818359375 0.225753784179688 -0.15753173828125
0.089935302734375 0.215545654296875 0.318145751953125 -0.01751708984375
-0.09381103515625 0.241668701171875 0.330718994140625 0.06854248046875
-0.258255004882813 0.097930908203125 0.371673583984375 0.157806396484375
-0.342193603515625 -0.020721435546875 0.03240966796875 -0.170166015625
-0.254898071289063 0.124725341796875 0.000793457031249975 -0.28363037109375
-0.110992431640625 0.291900634765625 -0.178497314453125 -0.229812622070312
0.126296997070312 0.239654541015625 -0.200881958007813 -0.10406494140625
0.24102783203125 0.066070556640625 -0.123733520507812 0.00492858886718752
0.169509887695313 -0.150344848632813 -0.0608177185058594 -0.0197181701660156
0.0460205078125 -0.215713500976562 -0.03924560546875 -0.0492973327636719
0.04681396484375 -0.195465087890625 -0.0455398559570312 -0.0599746704101563
0.02783203125 -0.226547241210938 -0.0446395874023438 -0.120918273925781
0.10174560546875 -0.205978393554688 -0.0120849609375 -0.16741943359375
0.217514038085938 -0.105728149414063 0.0814666748046875 -0.171600341796875
0.242752075195313 0.0741729736328125 0.23077392578125 -0.131027221679687
0.081451416015625 0.2835693359375 0.31756591796875 0.02911376953125
-0.149932861328125 0.2833251953125 0.290130615234375 0.140472412109375
-0.333343505859375 0.0940551757812499 0.27423095703125 0.17486572265625
-0.358123779296875 0.011932373046875 -0.0794219970703125 -0.190750122070313
-0.24493408203125 0.181640625 -0.0812225341796875 -0.280349731445312
-0.0477294921875 0.31939697265625 -0.230987548828125 -0.2110595703125
0.182266235351562 0.2086181640625 -0.257736206054688 -0.0755310058593749
0.257644653320313 0.0151214599609375 -0.168563842773437 0.0531158447265625
0.15179443359375 -0.18975830078125 -0.087799072265625 0.0505905151367187
0.031341552734375 -0.237258911132813 -0.0374183654785156 0.0317230224609375
0.0415802001953125 -0.218048095703125 -0.0379371643066406 0.0120697021484375
0.028533935546875 -0.250595092773437 -0.0391349792480469 -0.052215576171875
0.1209716796875 -0.219680786132812 -0.014892578125 -0.105911254882813
0.2470703125 -0.093414306640625 0.0780868530273438 -0.122177124023438
0.248870849609375 0.11260986328125 0.225296020507813 -0.0828094482421875
0.040374755859375 0.307586669921875 0.29296875 0.09112548828125
-0.193267822265625 0.2652587890625 0.218719482421875 0.208282470703125
-0.355682373046875 0.063079833984375 0.154205322265625 0.178390502929688
-0.317138671875 0.0394592285156249 -0.204208374023438 -0.186477661132813
-0.19451904296875 0.198348999023438 -0.178787231445313 -0.232589721679687
0.011993408203125 0.281585693359375 -0.274185180664063 -0.15142822265625
0.190536499023438 0.14471435546875 -0.2911376953125 -0.0153198242187499
0.22247314453125 -0.0282745361328125 -0.1871337890625 0.112884521484375
0.11004638671875 -0.19354248046875 -0.0915908813476562 0.125228881835938
0.0121307373046875 -0.222198486328125 -0.022735595703125 0.110565185546875
0.0295562744140625 -0.208282470703125 -0.0258331298828125 0.0836334228515625
0.0250701904296875 -0.239608764648438 -0.0333747863769531 0.0232982635498047
0.125503540039063 -0.203079223632813 -0.02142333984375 -0.0372505187988281
0.240386962890625 -0.0642242431640625 0.0650749206542969 -0.0667533874511719
0.2132568359375 0.135467529296875 0.199630737304688 -0.0305633544921875
-0.00753784179687502 0.27752685546875 0.241851806640625 0.139633178710938
-0.199447631835937 0.202865600585938 0.132217407226563 0.244033813476563
-0.318084716796875 0.02362060546875 0.035430908203125 0.159393310546875
-0.222610473632813 0.0453338623046875 -0.317840576171875 -0.15740966796875
-0.1241455078125 0.16168212890625 -0.25799560546875 -0.154464721679688
0.039276123046875 0.194976806640625 -0.28912353515625 -0.0773010253906249
0.147598266601563 0.0773162841796875 -0.29266357421875 0.051055908203125
0.151763916015625 -0.0447845458984375 -0.180511474609375 0.164337158203125
0.0608367919921875 -0.156784057617188 -0.074951171875 0.187164306640625
-0.00463867187499998 -0.171035766601563 0.00207519531250001 0.175125122070313
0.0115203857421875 -0.16656494140625 -0.00906372070312501 0.142837524414063
0.014892578125 -0.193862915039063 -0.0286483764648438 0.0925445556640625
0.105850219726563 -0.161895751953125 -0.0329685211181641 0.0269451141357422
0.193984985351563 -0.0377044677734375 0.0410728454589844 -0.0208168029785156
0.153778076171875 0.119888305664063 0.158859252929687 0.00556945800781251
-0.0261383056640625 0.202499389648438 0.187240600585938 0.158721923828125
-0.154464721679688 0.126556396484375 0.0622406005859375 0.242218017578125
-0.228927612304688 -0.00286865234375002 -0.0606842041015625 0.1253662109375
-0.0930938720703125 0.0206069946289062 -0.39593505859375 -0.119720458984375
-0.0584945678710938 0.0785751342773438 -0.306365966796875 -0.0792846679687501
0.0255126953125 0.0886077880859375 -0.284423828125 -0.0152282714843751
0.0693283081054688 0.0285568237304688 -0.276611328125 0.103347778320313
0.0671958923339844 -0.0299453735351563 -0.16143798828125 0.197128295898438
0.0166091918945312 -0.0889968872070313 -0.047943115234375 0.226364135742187
-0.0151138305664063 -0.0939254760742188 0.031036376953125 0.21429443359375
-0.00693511962890625 -0.0984954833984375 0.0118560791015625 0.180084228515625
-0.00341796875 -0.120353698730469 -0.0202178955078125 0.143081665039063
0.0581512451171875 -0.108146667480469 -0.0424346923828125 0.0768661499023438
0.118736267089844 -0.0315475463867188 0.0176734924316406 0.0107498168945312
0.0958099365234375 0.0618133544921875 0.121185302734375 0.0256271362304688
-0.000480651855468757 0.109725952148438 0.148895263671875 0.16021728515625
-0.0683708190917969 0.066650390625 0.0204010009765625 0.227188110351562
-0.105796813964844 -0.00429534912109373 -0.124092102050781 0.093902587890625
-0.0341529846191406 -0.0280952453613281 0.170379638671875 -0.122650146484375
-0.025970458984375 -0.0429611206054688 0.0502777099609375 -0.254501342773438
-0.0765304565429688 -0.0174636840820313 -0.151199340820313 -0.189437866210938
-0.0685577392578125 0.0420494079589844 -0.1412353515625 -0.0632171630859375
-0.0165557861328125 0.0650863647460938 -0.0415191650390625 -0.0215797424316406
0.0258140563964844 0.0460319519042969 0.0092620849609375 -0.0827789306640625
0.0267982482910156 0.0119647979736328 -0.020660400390625 -0.162918090820312
0.0239009857177734 0.0111198425292969 -0.046844482421875 -0.182388305664063
0.0237598419189453 0.00419998168945313 -0.045074462890625 -0.223297119140625
0.0205821990966797 -0.00609779357910156 0.0265045166015625 -0.252304077148438
0.0169734954833984 -0.000700950622558594 0.120223999023438 -0.226303100585938
0.023223876953125 0.00311088562011719 0.2427978515625 -0.141403198242188
0.0256614685058594 0.0109901428222656 0.310791015625 -0.003204345703125
0.012664794921875 0.0348739624023438 0.32666015625 0.020477294921875
-0.00455093383789063 0.0267810821533203 0.451934814453125 0.099884033203125
-0.161056518554688 -0.017852783203125 0.161087036132813 -0.12969970703125
-0.1195068359375 0.0102386474609375 0.067779541015625 -0.266830444335938
-0.114402770996094 0.098175048828125 -0.138900756835938 -0.212448120117188
-0.0108795166015625 0.134193420410156 -0.140090942382813 -0.0920181274414063
0.0858840942382813 0.083221435546875 -0.0542030334472656 -0.0314064025878906
0.0901031494140625 -0.025909423828125 -0.00932312011718749 -0.0885848999023438
0.034576416015625 -0.0808868408203125 -0.034576416015625 -0.152236938476563
0.0286178588867188 -0.0727767944335938 -0.0569000244140625 -0.162551879882813
0.01800537109375 -0.0893402099609375 -0.0556640625 -0.21173095703125
0.0430526733398437 -0.09063720703125 0.00354003906249999 -0.245834350585938
0.088470458984375 -0.0563125610351563 0.0990142822265625 -0.227020263671875
0.115127563476563 0.0130462646484375 0.234115600585938 -0.161056518554688
0.0731048583984375 0.111297607421875 0.314544677734375 -0.02435302734375
-0.0246429443359375 0.151321411132812 0.332672119140625 0.019561767578125
-0.131622314453125 0.0863571166992188 0.438812255859375 0.098846435546875
-0.264617919921875 -0.00137329101562501 0.11297607421875 -0.150222778320313
-0.192977905273438 0.07611083984375 0.061309814453125 -0.29278564453125
-0.119949340820313 0.211441040039063 -0.146591186523438 -0.245391845703125
0.062896728515625 0.204635620117187 -0.170425415039063 -0.12225341796875
0.181640625 0.078826904296875 -0.09344482421875 -0.0281753540039062
0.137603759765625 -0.099334716796875 -0.0448379516601562 -0.0656471252441406
0.0332183837890625 -0.16162109375 -0.0455703735351562 -0.109428405761719
0.0301055908203125 -0.146560668945313 -0.0562973022460938 -0.118698120117188
0.01116943359375 -0.1690673828125 -0.0561981201171875 -0.178466796875
0.062347412109375 -0.162429809570313 -0.00816345214843749 -0.219314575195313
0.151947021484375 -0.100173950195313 0.090118408203125 -0.211883544921875
0.193344116210938 0.027496337890625 0.236038208007813 -0.16094970703125
0.104629516601562 0.199630737304687 0.32501220703125 -0.0111083984375
-0.065338134765625 0.243484497070313 0.3238525390625 0.066009521484375
-0.2392578125 0.126312255859375 0.381866455078125 0.118560791015625
-0.330902099609375 0.024871826171875 0.0292816162109375 -0.172286987304688
-0.228958129882813 0.146713256835938 0.01336669921875 -0.313873291015625
-0.083404541015625 0.294189453125 -0.18707275390625 -0.260818481445313
0.143280029296875 0.224319458007813 -0.225357055664063 -0.125778198242188
0.245925903320313 0.0435791015625 -0.143646240234375 0.000656127929687526
0.152877807617188 -0.164535522460938 -0.080230712890625 -0.0133514404296875
0.0225982666015625 -0.217605590820312 -0.0487060546875 -0.0421829223632813
0.028045654296875 -0.199111938476563 -0.0483932495117188 -0.0566635131835938
0.00570678710937499 -0.226531982421875 -0.0494537353515625 -0.124824523925781
0.0819244384765625 -0.210342407226563 -0.0109710693359375 -0.173263549804688
0.204879760742188 -0.120697021484375 0.0903778076171875 -0.17877197265625
0.24371337890625 0.055328369140625 0.2451171875 -0.13592529296875
0.102691650390625 0.267669677734375 0.329925537109375 0.0374755859375
-0.114501953125 0.28985595703125 0.290069580078125 0.1436767578125
-0.313140869140625 0.13323974609375 0.28643798828125 0.1458740234375
-0.345947265625 0.05499267578125 -0.084564208984375 -0.179122924804688
-0.218124389648438 0.200408935546875 -0.07513427734375 -0.30181884765625
-0.020782470703125 0.318328857421875 -0.243743896484375 -0.233444213867187
0.196212768554688 0.1925048828125 -0.280853271484375 -0.0870361328124999
0.259796142578125 -0.0068359375 -0.183090209960937 0.0540618896484375
0.133560180664063 -0.202667236328125 -0.100700378417969 0.0590744018554688
0.00531005859375 -0.239013671875 -0.0394287109375 0.0386848449707031
0.0205535888671875 -0.221725463867188 -0.035186767578125 0.0155487060546875
0.00483703613281249 -0.25067138671875 -0.038909912109375 -0.0557708740234375
0.0987396240234375 -0.22607421875 -0.00858306884765623 -0.111190795898438
0.23358154296875 -0.11248779296875 0.0933074951171875 -0.128921508789062
0.253936767578125 0.0905303955078125 0.247100830078125 -0.0851287841796875
0.067718505859375 0.293701171875 0.310699462890625 0.1072998046875
-0.155181884765625 0.278244018554688 0.222518920898438 0.22259521484375
-0.336669921875 0.1072998046875 0.167129516601562 0.163894653320313
-0.30609130859375 0.074676513671875 -0.209136962890625 -0.160751342773438
-0.171371459960938 0.21295166015625 -0.173797607421875 -0.243240356445312
0.0334625244140625 0.278854370117188 -0.2845458984375 -0.165802001953125
0.19952392578125 0.131088256835938 -0.309661865234375 -0.02044677734375
0.223388671875 -0.0464935302734375 -0.196945190429688 0.117202758789062
0.093048095703125 -0.2034912109375 -0.0979080200195313 0.135169982910156
-0.01116943359375 -0.223464965820313 -0.0184478759765625 0.118011474609375
0.00978088378906252 -0.211837768554688 -0.0171661376953125 0.0871429443359375
0.0022735595703125 -0.240280151367188 -0.0267620086669922 0.0200634002685547
0.10418701171875 -0.211822509765625 -0.0080108642578125 -0.0420913696289063
0.229263305664063 -0.0856170654296875 0.0876922607421875 -0.07135009765625
0.222000122070313 0.112564086914063 0.228225708007812 -0.0249786376953125
0.0229644775390625 0.269287109375 0.26068115234375 0.16876220703125
-0.165008544921875 0.220443725585938 0.134490966796875 0.269271850585938
-0.304779052734375 0.06689453125 0.0465850830078125 0.160659790039063
-0.215072631835937 0.0680389404296875 -0.32025146484375 -0.119964599609375
-0.107757568359375 0.171768188476563 -0.250396728515625 -0.156585693359375
0.0523223876953125 0.192520141601563 -0.2967529296875 -0.087799072265625
0.152816772460938 0.069122314453125 -0.307373046875 0.048614501953125
0.152984619140625 -0.05621337890625 -0.188262939453125 0.169708251953125
0.0486602783203125 -0.16265869140625 -0.076873779296875 0.197189331054688
-0.0224609375 -0.172286987304687 0.0118408203125 0.1812744140625
-0.00320434570312499 -0.169403076171875 0.00444030761718749 0.145858764648438
-0.00366210937500001 -0.194778442382813 -0.0143966674804687 0.0896835327148437
0.0878143310546875 -0.170501708984375 -0.0121726989746094 0.0241355895996094
0.186920166015625 -0.057952880859375 0.0703964233398438 -0.0186309814453125
0.164749145507813 0.10162353515625 0.189559936523438 0.0234222412109375
7.62939453124916E-05 0.199066162109375 0.198989868164063 0.198501586914063
-0.129425048828125 0.144775390625 0.0565338134765625 0.276992797851563
-0.220947265625 0.0313720703125 -0.0542449951171875 0.140701293945313
-0.0925216674804688 0.0292587280273437 -0.396209716796875 -0.0743103027343751
-0.050628662109375 0.08575439453125 -0.294830322265625 -0.075714111328125
0.0317764282226563 0.0880966186523438 -0.289276123046875 -0.0250549316406249
0.0723648071289063 0.0263748168945313 -0.288543701171875 0.10198974609375
0.0693511962890625 -0.0351295471191406 -0.168411254882813 0.203781127929688
0.0112228393554688 -0.0911941528320312 -0.0467987060546875 0.235916137695312
-0.0244216918945312 -0.0954742431640625 0.0431671142578125 0.21929931640625
-0.015594482421875 -0.100105285644531 0.02740478515625 0.182266235351563
-0.014312744140625 -0.12060546875 -0.000892639160156236 0.139755249023438
0.0465545654296875 -0.11395263671875 -0.0153350830078125 0.0765838623046875
0.115211486816406 -0.0450897216796875 0.0507888793945313 0.0204238891601562
0.1044921875 0.0519256591796875 0.149093627929688 0.05487060546875
0.01556396484375 0.109359741210938 0.14990234375 0.207672119140625
-0.0560531616210938 0.0784225463867188 0.00559997558593747 0.26556396484375
-0.104705810546875 0.0136337280273437 -0.122207641601562 0.118820190429688
-0.0324420928955078 -0.0228099822998047 0.169952392578125 -0.149429321289063
-0.0253829956054688 -0.0439262390136719 0.067657470703125 -0.30120849609375
-0.08221435546875 -0.015380859375 -0.160125732421875 -0.238906860351563
-0.0701332092285156 0.0482101440429688 -0.176589965820313 -0.098236083984375
-0.0140190124511719 0.068084716796875 -0.0770797729492187 -0.0303573608398438
0.0277595520019531 0.04638671875 -0.0180206298828125 -0.07635498046875
0.0274753570556641 0.0141563415527344 -0.0389862060546875 -0.155120849609375
0.0243892669677734 0.0135841369628906 -0.0601654052734375 -0.182937622070312
0.0240859985351563 0.00561141967773438 -0.057464599609375 -0.233322143554688
0.0180797576904297 -0.0048828125 0.02203369140625 -0.266189575195313
0.0134410858154297 0.00092315673828125 0.1287841796875 -0.237991333007813
0.0206756591796875 0.00228500366210937 0.260391235351562 -0.144363403320312
0.0251197814941406 0.0041046142578125 0.323883056640625 0.00689697265625
0.0193347930908203 0.0306434631347656 0.320648193359375 0.022491455078125
0.00212669372558594 0.026824951171875 0.456390380859375 0.056671142578125
-0.153045654296875 0.00564575195312497 0.16131591796875 -0.155029296875
-0.107337951660156 0.0202407836914063 0.08587646484375 -0.314544677734375
-0.104682922363281 0.101959228515625 -0.146835327148437 -0.260772705078125
-0.00331878662109374 0.132911682128906 -0.1741943359375 -0.127471923828125
0.0902328491210938 0.0753021240234375 -0.086761474609375 -0.0418548583984375
0.084686279296875 -0.0313491821289062 -0.037261962890625 -0.083038330078125
0.0253143310546875 -0.0804061889648438 -0.0520172119140625 -0.144424438476563
0.0226211547851563 -0.07318115234375 -0.067626953125 -0.162002563476563
0.01019287109375 -0.0880203247070313 -0.068328857421875 -0.220916748046875
0.0349960327148438 -0.0909576416015625 -0.000518798828124973 -0.258651733398438
0.0823898315429688 -0.0596466064453125 0.107177734375 -0.239456176757813
0.11395263671875 0.006561279296875 0.250152587890625 -0.167327880859375
0.0781707763671875 0.101486206054688 0.3277587890625 -0.01580810546875
-0.00897216796875 0.148788452148438 0.32769775390625 0.0203857421875
-0.117462158203125 0.0992507934570313 0.445465087890625 0.057220458984375
-0.252197265625 0.034515380859375 0.113571166992187 -0.167098999023437
-0.171829223632813 0.09283447265625 0.074676513671875 -0.3387451171875
-0.0991363525390625 0.215927124023438 -0.159271240234375 -0.289337158203125
0.0769195556640625 0.196640014648438 -0.2054443359375 -0.152023315429688
0.186996459960938 0.062255859375 -0.123123168945312 -0.0350494384765625
0.12579345703125 -0.110282897949219 -0.0696792602539062 -0.0582084655761719
0.017181396484375 -0.162643432617188 -0.05914306640625 -0.101875305175781
0.0173187255859375 -0.148208618164063 -0.06353759765625 -0.11749267578125
-0.00363159179687501 -0.168426513671875 -0.067779541015625 -0.18646240234375
0.04949951171875 -0.164505004882813 -0.01214599609375 -0.231063842773438
0.143203735351563 -0.108978271484375 0.098052978515625 -0.224807739257813
0.1934814453125 0.016326904296875 0.253646850585938 -0.170013427734375
0.116531372070313 0.187164306640625 0.341766357421875 -0.00296020507812499
-0.0409393310546875 0.243438720703125 0.32489013671875 0.069488525390625
-0.219955444335937 0.150726318359375 0.389556884765625 0.082000732421875
-0.316192626953125 0.0655212402343749 0.0289154052734375 -0.177719116210938
-0.204437255859375 0.1629638671875 0.020263671875 -0.354736328125
-0.05718994140625 0.297088623046875 -0.20635986328125 -0.297027587890625
0.158111572265625 0.21240234375 -0.261459350585938 -0.145431518554687
0.250961303710938 0.0218353271484375 -0.169387817382812 -0.000122070312500003
0.13690185546875 -0.177581787109375 -0.0998153686523438 -0.00221252441406252
0.000869750976562481 -0.218643188476563 -0.0558967590332031 -0.0341529846191406
0.00997924804687501 -0.202392578125 -0.0512275695800781 -0.055328369140625
-0.01397705078125 -0.226593017578125 -0.0562286376953125 -0.132087707519531
0.0649871826171875 -0.214736938476563 -0.0113983154296875 -0.184249877929688
0.194351196289063 -0.134536743164063 0.101318359375 -0.192108154296875
0.245956420898438 0.0399169921875 0.266937255859375 -0.146011352539063
0.120468139648438 0.253570556640625 0.3536376953125 0.046783447265625
-0.0828857421875 0.293853759765625 0.29736328125 0.15350341796875
-0.29095458984375 0.166778564453125 0.296783447265625 0.12042236328125
-0.331634521484375 0.094482421875 -0.0863037109375 -0.17169189453125
-0.194290161132813 0.215377807617187 -0.073394775390625 -0.333038330078125
0.00326538085937503 0.31866455078125 -0.265182495117187 -0.258987426757813
0.209152221679688 0.179840087890625 -0.3125 -0.097320556640625
0.263412475585938 -0.028350830078125 -0.202850341796875 0.0587158203125
0.11669921875 -0.214767456054688 -0.113533020019531 0.072296142578125
-0.0182342529296875 -0.241119384765625 -0.0404319763183594 0.0468635559082031
0.000640869140624982 -0.226211547851563 -0.0321884155273438 0.0178279876708984
-0.017547607421875 -0.252243041992187 -0.0396995544433594 -0.0609512329101563
0.079345703125 -0.232574462890625 -0.004302978515625 -0.121849060058594
0.222854614257812 -0.130386352539063 0.109771728515625 -0.142684936523438
0.257980346679687 0.071533203125 0.275543212890625 -0.0933837890625
0.091827392578125 0.280624389648438 0.340667724609375 0.123046875
-0.120391845703125 0.28656005859375 0.2344970703125 0.242446899414063
-0.315765380859375 0.146759033203125 0.178634643554687 0.152084350585938
-0.294342041015625 0.106781005859375 -0.210174560546875 -0.140472412109375
-0.15081787109375 0.224716186523438 -0.17340087890625 -0.262969970703125
0.052978515625 0.278427124023438 -0.304595947265625 -0.182861328125
0.209915161132813 0.120086669921875 -0.336669921875 -0.023040771484375
0.225784301757813 -0.065093994140625 -0.21209716796875 0.12603759765625
0.0781402587890625 -0.213272094726562 -0.105010986328125 0.1505126953125
-0.0332794189453125 -0.225265502929687 -0.0119400024414062 0.126144409179688
-0.00898742675781252 -0.216384887695312 -0.00832366943359375 0.0906982421875
-0.0193939208984375 -0.241943359375 -0.0210781097412109 0.0150089263916015
0.08477783203125 -0.218948364257813 0.00274276733398437 -0.0515327453613281
0.21978759765625 -0.10528564453125 0.111953735351563 -0.083038330078125
0.229995727539063 0.0926666259765625 0.26385498046875 -0.0262908935546875
0.048980712890625 0.259628295898438 0.291259765625 0.19677734375
-0.1328125 0.233139038085938 0.145172119140625 0.30279541015625
-0.288116455078125 0.105621337890625 0.056732177734375 0.163467407226563
-0.208023071289063 0.0901641845703125 -0.319610595703125 -0.0882263183593751
-0.093719482421875 0.180953979492187 -0.248397827148437 -0.166671752929688
0.0657958984375 0.192626953125 -0.313629150390625 -0.100067138671875
0.1600341796875 0.06201171875 -0.330718994140625 0.048919677734375
0.155303955078125 -0.0694732666015625 -0.200042724609375 0.180938720703125
0.037628173828125 -0.169952392578125 -0.078948974609375 0.2130126953125
-0.039825439453125 -0.173110961914063 0.0232696533203125 0.189285278320313
-0.0182037353515625 -0.173004150390625 0.0182952880859375 0.15045166015625
-0.020965576171875 -0.196990966796875 -0.002227783203125 0.084625244140625
0.0714111328125 -0.177886962890625 0.00620269775390625 0.0165805816650391
0.180496215820313 -0.0764617919921875 0.102203369140625 -0.0250701904296875
0.174423217773438 0.084442138671875 0.22955322265625 0.03448486328125
0.0248565673828125 0.194717407226563 0.224578857421875 0.242156982421875
-0.104476928710938 0.158416748046875 0.05914306640625 0.321136474609375
-0.212020874023438 0.062469482421875 -0.0465240478515625 0.15716552734375
-0.0927581787109375 0.03814697265625 -0.39227294921875 -0.03509521484375
-0.0435028076171875 0.0914764404296875 -0.289398193359375 -0.0798034667968751
0.0380630493164063 0.0893630981445312 -0.3037109375 -0.034912109375
0.077178955078125 0.0238876342773438 -0.309661865234375 0.105010986328125
0.0720901489257813 -0.0417633056640625 -0.179061889648438 0.216384887695313
0.00498199462890625 -0.0955657958984375 -0.0462493896484375 0.25115966796875
-0.0346908569335937 -0.0962982177734375 0.0569305419921875 0.226608276367188
-0.0242919921875 -0.10205078125 0.0431365966796875 0.18524169921875
-0.02459716796875 -0.121383666992188 0.0161895751953125 0.135848999023438
0.035888671875 -0.119804382324219 0.00884246826171875 0.0717620849609375
0.110977172851562 -0.058349609375 0.0880279541015625 0.0219955444335937
0.112236022949219 0.0412826538085938 0.188003540039062 0.077880859375
0.0310592651367188 0.107376098632812 0.166275024414062 0.259613037109375
-0.0429229736328125 0.08770751953125 -0.000915527343750026 0.315032958984375
-0.102348327636719 0.029754638671875 -0.117630004882813 0.1453857421875
-0.0304355621337891 -0.0183696746826172 0.165847778320313 -0.182403564453125
-0.0263290405273437 -0.0453834533691406 0.071746826171875 -0.36041259765625
-0.0893936157226563 -0.0111923217773437 -0.188629150390625 -0.2908935546875
-0.0713043212890625 0.0564041137695313 -0.226425170898438 -0.124557495117187
-0.0102691650390625 0.072540283203125 -0.116790771484375 -0.02978515625
0.0304336547851563 0.0467147827148438 -0.0442428588867187 -0.064605712890625
0.0292778015136719 0.0156383514404297 -0.05712890625 -0.146484375
0.0271663665771484 0.0154285430908203 -0.07708740234375 -0.183914184570313
0.0253238677978516 0.0069122314453125 -0.077423095703125 -0.24560546875
0.0171432495117188 -0.00253009796142578 0.01171875 -0.286590576171875
0.0105304718017578 0.00318145751953125 0.133865356445312 -0.260025024414063
0.0176773071289063 0.00182533264160156 0.281829833984375 -0.159820556640625
0.0228939056396484 -0.00290870666503906 0.348175048828125 0.01116943359375
0.0248088836669922 0.0252857208251953 0.32257080078125 0.02410888671875
0.00945663452148437 0.0266475677490234 0.4613037109375 0.010406494140625
-0.142181396484375 0.02850341796875 0.158554077148438 -0.184967041015625
-0.0950927734375 0.0291290283203125 0.090667724609375 -0.37451171875
-0.0945892333984375 0.106887817382813 -0.172607421875 -0.31243896484375
0.00501251220703124 0.132835388183594 -0.222610473632813 -0.155120849609375
0.095794677734375 0.06689453125 -0.125999450683594 -0.0432510375976563
0.0796737670898438 -0.0377120971679688 -0.064483642578125 -0.0713577270507812
0.0167694091796875 -0.0791473388671875 -0.0694580078125 -0.136184692382813
0.0158233642578125 -0.07318115234375 -0.0826263427734375 -0.16259765625
0.00230407714843749 -0.0876617431640625 -0.087738037109375 -0.2320556640625
0.0271987915039063 -0.092498779296875 -0.012298583984375 -0.277481079101563
0.0766983032226563 -0.0641708374023438 0.111679077148437 -0.261398315429688
0.113639831542969 -0.00057220458984375 0.2698974609375 -0.18548583984375
0.0845718383789062 0.0923080444335937 0.351898193359375 -0.01458740234375
0.00765991210937501 0.145645141601563 0.3328857421875 0.020782470703125
-0.102294921875 0.111442565917969 0.45220947265625 0.011383056640625
-0.236099243164063 0.0703125 0.1116943359375 -0.189712524414063
-0.150131225585938 0.107574462890625 0.076507568359375 -0.397979736328125
-0.07684326171875 0.220687866210938 -0.189666748046875 -0.337249755859375
0.0928497314453125 0.188980102539063 -0.254608154296875 -0.17364501953125
0.192779541015625 0.0430908203125 -0.158676147460937 -0.0333099365234375
0.113548278808594 -0.122108459472656 -0.0935897827148437 -0.0445556640625
-0.00160217285156249 -0.162872314453125 -0.0728988647460937 -0.0934829711914063
0.00250244140625001 -0.15020751953125 -0.074615478515625 -0.117790222167969
-0.0198974609375 -0.169204711914063 -0.0840911865234375 -0.195709228515625
0.03533935546875 -0.16851806640625 -0.0218658447265625 -0.24786376953125
0.135009765625 -0.119613647460938 0.102752685546875 -0.24609375
0.195968627929688 0.0035247802734375 0.273712158203125 -0.190765380859375
0.129241943359375 0.175155639648438 0.3695068359375 -0.00436401367187499
-0.014862060546875 0.242996215820313 0.335052490234375 0.0718994140625
-0.197830200195312 0.175262451171875 0.398468017578125 0.04290771484375
-0.298065185546875 0.107421875 0.0263824462890625 -0.187774658203125
-0.179107666015625 0.180130004882812 0.01385498046875 -0.405853271484375
-0.028533935546875 0.30023193359375 -0.241790771484375 -0.33355712890625
0.176742553710938 0.199554443359375 -0.310455322265625 -0.155548095703125
0.256301879882813 -0.0030517578125 -0.199478149414062 0.00750732421875003
0.119277954101563 -0.19183349609375 -0.118156433105469 0.0149078369140625
-0.0233612060546875 -0.219512939453125 -0.0629196166992187 -0.0257339477539063
-0.0105133056640625 -0.205978393554688 -0.055633544921875 -0.0544204711914063
-0.036163330078125 -0.227432250976563 -0.0688247680664062 -0.139389038085938
0.0468902587890625 -0.220504760742187 -0.0179901123046875 -0.199264526367188
0.184616088867188 -0.150161743164063 0.109176635742188 -0.214584350585937
0.250289916992187 0.021759033203125 0.290283203125 -0.168853759765625
0.140487670898437 0.241043090820313 0.38922119140625 0.047271728515625
-0.0499267578125 0.29693603515625 0.3167724609375 0.16229248046875
-0.265579223632813 0.201629638671875 0.30780029296875 0.09283447265625
-0.313995361328125 0.13568115234375 -0.0880126953125 -0.16778564453125
-0.1695556640625 0.230819702148438 -0.08477783203125 -0.37152099609375
0.0316162109375 0.320648193359375 -0.30133056640625 -0.281768798828125
0.226730346679688 0.1658935546875 -0.3572998046875 -0.096405029296875
0.267410278320313 -0.054779052734375 -0.225921630859375 0.072845458984375
0.096832275390625 -0.229537963867188 -0.124038696289063 0.09307861328125
-0.0450592041015625 -0.241241455078125 -0.038787841796875 0.0555915832519531
-0.0223388671875 -0.230850219726563 -0.0286273956298828 0.0199069976806641
-0.0436859130859375 -0.254364013671875 -0.04486083984375 -0.0673789978027344
0.0579681396484375 -0.240737915039063 -0.00457000732421874 -0.136375427246094
0.21124267578125 -0.149612426757813 0.123794555664063 -0.165908813476563
0.265548706054688 0.0496063232421875 0.307586669921875 -0.115386962890625
0.11676025390625 0.268218994140625 0.384979248046875 0.132110595703125
-0.083953857421875 0.29412841796875 0.2601318359375 0.264236450195313
-0.291351318359375 0.187469482421875 0.193252563476562 0.138946533203125
-0.280548095703125 0.142532348632812 -0.211761474609375 -0.122100830078125
-0.128463745117187 0.238433837890625 -0.18572998046875 -0.28717041015625
0.0770416259765625 0.280471801757813 -0.337646484375 -0.19549560546875
0.224380493164063 0.1077880859375 -0.3734130859375 -0.015350341796875
0.228378295898438 -0.088226318359375 -0.22869873046875 0.143447875976563
0.0593109130859375 -0.2247314453125 -0.10772705078125 0.17242431640625
-0.0591583251953125 -0.224716186523438 -0.00235748291015625 0.135162353515625
-0.0310821533203125 -0.22149658203125 0.00289916992187501 0.0931320190429687
-0.0448455810546875 -0.24456787109375 -0.0176239013671875 0.00942802429199217
0.063690185546875 -0.22821044921875 0.0103988647460938 -0.0647621154785156
0.209457397460938 -0.127044677734375 0.134712219238281 -0.105003356933594
0.239730834960938 0.0702667236328125 0.305572509765625 -0.040740966796875
0.077362060546875 0.249557495117188 0.34002685546875 0.220306396484375
-0.09814453125 0.244216918945313 0.1707763671875 0.33953857421875
-0.2677001953125 0.145065307617188 0.0709228515625 0.167922973632813
-0.199111938476563 0.114547729492188 -0.318695068359375 -0.05706787109375
-0.077056884765625 0.19134521484375 -0.256301879882812 -0.178680419921875
0.0832672119140625 0.193710327148438 -0.34088134765625 -0.107177734375
0.171096801757813 0.05328369140625 -0.36163330078125 0.0618896484375
0.157424926757813 -0.0867919921875 -0.212493896484375 0.202178955078125
0.02294921875 -0.17816162109375 -0.0765228271484375 0.2353515625
-0.0599365234375 -0.173019409179688 0.0395965576171875 0.198150634765625
-0.0360870361328125 -0.176910400390625 0.0353851318359375 0.15240478515625
-0.041351318359375 -0.19873046875 0.00949859619140624 0.0798416137695312
0.053436279296875 -0.187286376953125 0.0222492218017578 0.00446128845214843
0.173141479492188 -0.0967254638671875 0.134994506835938 -0.0415725708007813
0.185470581054688 0.0653533935546875 0.278549194335938 0.0327301025390625
0.049896240234375 0.189071655273438 0.270233154296875 0.281494140625
-0.0767669677734375 0.170486450195313 0.078765869140625 0.37103271484375
-0.19866943359375 0.0952606201171875 -0.034698486328125 0.176681518554688
-0.0910797119140625 0.0489578247070313 -0.38836669921875 0.00466918945312499
-0.0346832275390625 0.0986251831054688 -0.292388916015625 -0.083892822265625
0.0471115112304688 0.0909423828125 -0.328765869140625 -0.0387878417968749
0.0842742919921875 0.020660400390625 -0.335906982421875 0.1197509765625
0.0751419067382813 -0.0514297485351563 -0.188522338867187 0.238845825195313
-0.00230407714843749 -0.100898742675781 -0.039215087890625 0.274154663085938
-0.0467758178710938 -0.0959930419921875 0.077117919921875 0.234970092773438
-0.0351486206054687 -0.104515075683594 0.0634918212890625 0.187576293945312
-0.0374679565429688 -0.123077392578125 0.0339279174804688 0.130485534667969
0.0236892700195312 -0.125946044921875 0.032989501953125 0.0615577697753906
0.106643676757812 -0.0733642578125 0.12664794921875 0.0122299194335937
0.120803833007813 0.0282974243164062 0.238311767578125 0.0902252197265625
0.0474777221679688 0.104347229003906 0.202362060546875 0.31268310546875
-0.0269393920898438 0.095855712890625 0.00842285156249998 0.373138427734375
-0.0972671508789063 0.0475616455078125 -0.108718872070313 0.174835205078125
-0.0277576446533203 -0.0129261016845703 0.150161743164063 -0.217864990234375
-0.0287322998046875 -0.0461235046386719 0.052093505859375 -0.425140380859375
-0.0959548950195313 -0.00332641601562501 -0.239471435546875 -0.33160400390625
-0.0691146850585938 0.067779541015625 -0.28802490234375 -0.131591796875
-0.0032958984375 0.0765609741210938 -0.1580810546875 -0.014678955078125
0.0353012084960938 0.0461692810058594 -0.0682029724121094 -0.0445137023925781
0.0323562622070313 0.0166969299316406 -0.0766525268554687 -0.133529663085938
0.0309047698974609 0.0159664154052734 -0.10009765625 -0.180511474609375
0.0282154083251953 0.00790214538574219 -0.108612060546875 -0.252365112304688
0.017186164855957 -0.000737190246582031 -0.012115478515625 -0.307281494140625
0.00958347320556641 0.005828857421875 0.128997802734375 -0.288848876953125
0.0151214599609375 0.000965118408203125 0.29913330078125 -0.189361572265625
0.0190677642822266 -0.0097503662109375 0.3779296875 0.000701904296874999
0.029815673828125 0.0173435211181641 0.3304443359375 0.018798828125
0.0170669555664063 0.0236549377441406 0.457733154296875 -0.045654296875
-0.125999450683594 0.0512313842773438 0.145294189453125 -0.219436645507812
-0.0808868408203125 0.0367660522460938 0.07177734375 -0.441558837890625
-0.0819473266601563 0.112968444824219 -0.221954345703125 -0.354888916015625
0.0167312622070313 0.131484985351563 -0.284698486328125 -0.164398193359375
0.100822448730469 0.0558853149414063 -0.166961669921875 -0.0309295654296875
0.0721282958984375 -0.0445022583007813 -0.0894851684570313 -0.0513153076171875
0.00694274902343749 -0.077545166015625 -0.0881423950195313 -0.123565673828125
0.00748443603515625 -0.0727005004882812 -0.103118896484375 -0.159439086914062
-0.00782012939453126 -0.0856170654296875 -0.11798095703125 -0.237564086914063
0.0177001953125 -0.0927276611328125 -0.03515625 -0.295867919921875
0.0700836181640625 -0.0696220397949219 0.104248046875 -0.289764404296875
0.113357543945313 -0.009429931640625 0.2825927734375 -0.21759033203125
0.0898284912109375 0.0809783935546875 0.381011962890625 -0.028167724609375
0.0255889892578125 0.138328552246094 0.341888427734375 0.013641357421875
-0.08184814453125 0.122268676757812 0.44921875 -0.04449462890625
-0.210556030273438 0.106781005859375 0.10040283203125 -0.215805053710938
-0.124053955078125 0.120368957519531 0.0537109375 -0.461212158203125
-0.0490570068359375 0.223480224609375 -0.242218017578125 -0.373779296875
0.111831665039063 0.17706298828125 -0.316619873046875 -0.176422119140625
0.196334838867187 0.0186767578125 -0.195693969726562 -0.017120361328125
0.09613037109375 -0.133842468261719 -0.115127563476563 -0.0220184326171875
-0.0226287841796875 -0.15875244140625 -0.086761474609375 -0.0816192626953125
-0.0153045654296875 -0.15057373046875 -0.0887985229492188 -0.1143798828125
-0.040313720703125 -0.16595458984375 -0.109771728515625 -0.19970703125
0.018035888671875 -0.170974731445313 -0.0421905517578125 -0.264190673828125
0.123687744140625 -0.131965637207031 0.0961151123046875 -0.274276733398438
0.196884155273438 -0.01446533203125 0.286102294921875 -0.22625732421875
0.143936157226563 0.159774780273438 0.4022216796875 -0.021331787109375
0.015228271484375 0.237548828125 0.351898193359375 0.064727783203125
-0.167800903320313 0.198898315429688 0.400177001953125 -0.00540161132812499
-0.268692016601563 0.150634765625 0.0186004638671875 -0.200820922851563
-0.146408081054687 0.194793701171875 -0.014923095703125 -0.46087646484375
0.006622314453125 0.2991943359375 -0.29608154296875 -0.356964111328125
0.198562622070312 0.180816650390625 -0.36737060546875 -0.147247314453125
0.256210327148438 -0.0357513427734375 -0.228744506835937 0.030120849609375
0.093780517578125 -0.205886840820313 -0.131072998046875 0.0400466918945312
-0.0529327392578125 -0.215438842773438 -0.0684242248535156 -0.0145034790039063
-0.0355682373046875 -0.2059326171875 -0.061370849609375 -0.0522537231445313
-0.064361572265625 -0.223907470703125 -0.08697509765625 -0.143463134765625
0.02301025390625 -0.225143432617188 -0.0332489013671875 -0.214706420898438
0.168548583984375 -0.168441772460938 0.106353759765625 -0.244277954101563
0.253555297851563 -0.00262451171875 0.30682373046875 -0.207763671875
0.162765502929688 0.222381591796875 0.42987060546875 0.029693603515625
-0.010711669921875 0.29388427734375 0.34527587890625 0.16168212890625
-0.2294921875 0.235061645507813 0.316986083984375 0.0577392578125
-0.285003662109375 0.178863525390625 -0.093414306640625 -0.1639404296875
-0.135879516601562 0.245773315429688 -0.11529541015625 -0.40948486328125
0.067779541015625 0.31768798828125 -0.352874755859375 -0.291534423828125
0.246871948242188 0.1439208984375 -0.404998779296875 -0.076690673828125
0.264907836914063 -0.088897705078125 -0.24566650390625 0.0994873046875
0.0694732666015625 -0.242523193359375 -0.127243041992188 0.119941711425781
-0.076995849609375 -0.235641479492188 -0.0343475341796875 0.0650787353515625
-0.051513671875 -0.231216430664062 -0.0247993469238281 0.0204811096191406
-0.0757293701171875 -0.250961303710938 -0.05364990234375 -0.0723190307617188
0.0313262939453125 -0.24700927734375 -0.0128173828125 -0.151718139648438
0.193923950195313 -0.172943115234375 0.128021240234375 -0.197647094726562
0.269973754882813 0.02081298828125 0.33306884765625 -0.155364990234375
0.144989013671875 0.249435424804688 0.438201904296875 0.120697021484375
-0.04156494140625 0.295806884765625 0.300262451171875 0.27587890625
-0.254730224609375 0.227752685546875 0.207855224609375 0.120498657226563
-0.2552490234375 0.179489135742187 -0.2122802734375 -0.101531982421875
-0.100021362304688 0.251007080078125 -0.21209716796875 -0.3074951171875
0.1082763671875 0.275680541992188 -0.3812255859375 -0.19415283203125
0.241195678710938 0.0878143310546875 -0.4112548828125 0.0111083984375
0.224563598632813 -0.117889404296875 -0.239883422851562 0.173309326171875
0.0338134765625 -0.235549926757813 -0.101119995117188 0.200363159179687
-0.08917236328125 -0.219223022460937 0.0128326416015625 0.14263916015625
-0.0599365234375 -0.22119140625 0.016326904296875 0.0931930541992187
-0.0758819580078125 -0.241561889648438 -0.0157852172851563 0.0034961700439453
0.0364837646484375 -0.23590087890625 0.012451171875 -0.08160400390625
0.192535400390625 -0.152145385742188 0.150283813476563 -0.137603759765625
0.246719360351562 0.040313720703125 0.3448486328125 -0.0750732421875
0.10772705078125 0.232666015625 0.404449462890625 0.2236328125
-0.0571136474609375 0.2493896484375 0.21722412109375 0.369873046875
-0.236160278320313 0.185623168945313 0.089599609375 0.168304443359375
-0.183273315429688 0.142181396484375 -0.312469482421875 -0.022369384765625
-0.0547637939453125 0.200576782226563 -0.274246215820312 -0.18511962890625
0.105377197265625 0.189468383789063 -0.375579833984375 -0.100494384765625
0.183074951171875 0.0378265380859375 -0.390716552734375 0.0900573730468749
0.154388427734375 -0.108871459960938 -0.216094970703125 0.233200073242187
0.00277709960937499 -0.185134887695313 -0.06134033203125 0.26226806640625
-0.0841827392578125 -0.167587280273438 0.063446044921875 0.203948974609375
-0.059600830078125 -0.176742553710938 0.0570068359375 0.151138305664063
-0.0671844482421875 -0.19708251953125 0.021453857421875 0.0717391967773437
0.030364990234375 -0.194503784179688 0.0353775024414063 -0.0124244689941406
0.159759521484375 -0.120086669921875 0.162307739257813 -0.07122802734375
0.193634033203125 0.0394134521484375 0.329376220703125 0.01116943359375
0.077301025390625 0.176467895507813 0.33624267578125 0.305145263671875
-0.044097900390625 0.17742919921875 0.12152099609375 0.41912841796875
-0.176483154296875 0.128021240234375 -0.0147857666015625 0.195404052734375
-0.087249755859375 0.0635223388671875 -0.37591552734375 0.0484619140624999
-0.0221328735351563 0.105026245117187 -0.3026123046875 -0.082489013671875
0.0590744018554688 0.0892257690429688 -0.3580322265625 -0.029144287109375
0.0922470092773438 0.0128860473632813 -0.358978271484375 0.150238037109375
0.0745620727539062 -0.064239501953125 -0.186935424804688 0.271499633789063
-0.014434814453125 -0.105239868164063 -0.019134521484375 0.2987060546875
-0.0613250732421875 -0.091949462890625 0.106613159179688 0.238327026367187
-0.0488662719726563 -0.104347229003906 0.089691162109375 0.183792114257813
-0.0529708862304687 -0.121795654296875 0.0537872314453125 0.120635986328125
0.00800323486328125 -0.130424499511719 0.0550689697265625 0.0458259582519531
0.09765625 -0.08966064453125 0.164154052734375 -0.011322021484375
0.12762451171875 0.0104141235351563 0.296356201171875 0.08404541015625
0.0658645629882812 0.096649169921875 0.263458251953125 0.35321044921875
-0.00788116455078125 0.100830078125 0.043487548828125 0.433135986328125
-0.0875930786132812 0.066192626953125 -0.0884552001953125 0.206512451171875
-0.0234756469726563 -0.00765609741210938 0.120437622070312 -0.2489013671875
-0.03204345703125 -0.0448379516601563 0.00585937499999995 -0.48065185546875
-0.098541259765625 0.00817108154296876 -0.304840087890625 -0.348541259765625
-0.0618133544921875 0.0782089233398438 -0.350128173828125 -0.11187744140625
0.00545501708984376 0.077880859375 -0.191741943359375 0.0154266357421875
0.0395278930664063 0.0440444946289063 -0.0837478637695313 -0.0166168212890625
0.0362586975097656 0.0159149169921875 -0.0931396484375 -0.11419677734375
0.0347423553466797 0.0147819519042969 -0.124465942382813 -0.167999267578125
0.0313339233398438 0.00696372985839844 -0.1448974609375 -0.244781494140625
0.018341064453125 0.000675201416015625 -0.046600341796875 -0.317840576171875
0.00997638702392578 0.00853252410888672 0.109130859375 -0.317352294921875
0.0118646621704102 0.00155067443847656 0.301239013671875 -0.228302001953125
0.0126094818115234 -0.0151128768920898 0.403533935546875 -0.02716064453125
0.0323047637939453 0.00736236572265625 0.335723876953125 0.005462646484375
0.0232696533203125 0.016693115234375 0.433685302734375 -0.103515625
-0.102264404296875 0.0712890625 0.118118286132813 -0.2496337890625
-0.0638961791992188 0.0411529541015625 0.024810791015625 -0.49908447265625
-0.0658721923828125 0.115524291992188 -0.2860107421875 -0.375274658203125
0.0306549072265625 0.126007080078125 -0.347991943359375 -0.148193359375
0.103202819824219 0.0418624877929687 -0.202011108398438 -0.0021514892578125
0.0621452331542969 -0.0493240356445313 -0.106697082519531 -0.022430419921875
-0.00301361083984374 -0.0723800659179688 -0.104522705078125 -0.103965759277344
-0.000564575195312493 -0.0701980590820313 -0.12359619140625 -0.147109985351563
-0.0178451538085938 -0.0800857543945313 -0.1519775390625 -0.229598999023438
0.00717926025390624 -0.0911178588867187 -0.07012939453125 -0.304290771484375
0.0615386962890625 -0.0737075805664063 0.08306884765625 -0.315704345703125
0.109481811523438 -0.0200424194335937 0.280426025390625 -0.256637573242188
0.09326171875 0.0668563842773438 0.402618408203125 -0.0587158203125
0.0427780151367188 0.125213623046875 0.348236083984375 -0.00262451171874999
-0.0577774047851563 0.126556396484375 0.4266357421875 -0.1015625
-0.172073364257813 0.137176513671875 0.0782928466796875 -0.238632202148438
-0.0919189453125 0.126678466796875 0.00366210937499998 -0.51470947265625
-0.016571044921875 0.216751098632813 -0.308319091796875 -0.387176513671875
0.129974365234375 0.156982421875 -0.377288818359375 -0.1533203125
0.191360473632813 -0.008758544921875 -0.224472045898437 0.01336669921875
0.073211669921875 -0.140853881835938 -0.126998901367188 0.00837707519531248
-0.04412841796875 -0.148727416992188 -0.097808837890625 -0.0645980834960938
-0.0349578857421875 -0.14373779296875 -0.10418701171875 -0.105453491210937
-0.0616455078125 -0.155303955078125 -0.139389038085938 -0.19256591796875
-0.00283813476562501 -0.168701171875 -0.0730743408203125 -0.271270751953125
0.1063232421875 -0.142440795898438 0.075653076171875 -0.300537109375
0.19146728515625 -0.0345611572265625 0.281143188476563 -0.267578125
0.1551513671875 0.138168334960938 0.4266357421875 -0.054962158203125
0.04571533203125 0.221649169921875 0.366973876953125 0.04669189453125
-0.12847900390625 0.213836669921875 0.384765625 -0.057464599609375
-0.22308349609375 0.187362670898438 0.00317382812499999 -0.21063232421875
-0.107177734375 0.200592041015625 -0.067230224609375 -0.501129150390625
0.04541015625 0.2862548828125 -0.360595703125 -0.35791015625
0.2159423828125 0.151077270507813 -0.421234130859375 -0.113006591796875
0.245361328125 -0.07037353515625 -0.248031616210938 0.0643157958984375
0.0627593994140625 -0.212310791015625 -0.133781433105469 0.0701751708984375
-0.08203125 -0.200576782226563 -0.070709228515625 -0.00173187255859377
-0.0632781982421875 -0.19732666015625 -0.0679473876953125 -0.0469970703125
-0.093597412109375 -0.21026611328125 -0.108505249023437 -0.138832092285156
-0.00465393066406248 -0.222824096679687 -0.05767822265625 -0.22283935546875
0.1446533203125 -0.184356689453125 0.089202880859375 -0.272796630859375
0.248062133789063 -0.030609130859375 0.304840087890625 -0.254119873046875
0.182479858398438 0.195587158203125 0.462432861328125 -0.00866699218749999
0.0295867919921875 0.277847290039063 0.3751220703125 0.145538330078125
-0.1810302734375 0.25921630859375 0.312896728515625 0.015594482421875
-0.239410400390625 0.215484619140625 -0.0995330810546876 -0.158035278320313
-0.096649169921875 0.250900268554688 -0.163299560546875 -0.433135986328125
0.1063232421875 0.3009033203125 -0.40802001953125 -0.278900146484375
0.261810302734375 0.111328125 -0.44580078125 -0.0350341796874999
0.249435424804688 -0.124191284179688 -0.253204345703125 0.136245727539063
0.0339813232421875 -0.247100830078125 -0.118026733398438 0.14764404296875
-0.10943603515625 -0.218490600585938 -0.0253677368164063 0.0725250244140625
-0.083282470703125 -0.221160888671875 -0.0209255218505859 0.0207653045654297
-0.109375 -0.235687255859375 -0.0649490356445313 -0.0717620849609375
-0.000503540039062507 -0.244766235351562 -0.028472900390625 -0.163604736328125
0.166702270507812 -0.193069458007813 0.117385864257813 -0.23150634765625
0.265518188476563 -0.01226806640625 0.3408203125 -0.206756591796875
0.169876098632813 0.220489501953125 0.487060546875 0.083740234375
0.00463867187500001 0.282989501953125 0.347015380859375 0.2679443359375
-0.202880859375 0.257110595703125 0.217376708984375 0.0949554443359375
-0.215576171875 0.21234130859375 -0.206619262695313 -0.079010009765625
-0.063934326171875 0.255111694335938 -0.2486572265625 -0.314483642578125
0.14129638671875 0.25921630859375 -0.423095703125 -0.173065185546875
0.251922607421875 0.058380126953125 -0.43792724609375 0.055084228515625
0.208770751953125 -0.149520874023438 -0.235885620117188 0.208663940429688
0.00141906738281252 -0.237625122070313 -0.0809326171875 0.224609375
-0.1190185546875 -0.20135498046875 0.031524658203125 0.143569946289063
-0.0907440185546875 -0.211349487304688 0.030517578125 0.087646484375
-0.108917236328125 -0.22760009765625 -0.0157604217529297 -0.00232696533203126
0.00428771972656249 -0.2357177734375 0.0068817138671875 -0.0976638793945313
0.16607666015625 -0.173690795898438 0.150802612304688 -0.176010131835938
0.244415283203125 0.0062408447265625 0.369049072265625 -0.12567138671875
0.135711669921875 0.205841064453125 0.46978759765625 0.198333740234375
-0.0123138427734375 0.2413330078125 0.2763671875 0.377899169921875
-0.190231323242188 0.217315673828125 0.109756469726562 0.161453247070312
-0.15521240234375 0.166061401367187 -0.294830322265625 0.0133361816406251
-0.0272674560546875 0.203170776367188 -0.2965087890625 -0.181732177734375
0.129150390625 0.176727294921875 -0.407440185546875 -0.07623291015625
0.190216064453125 0.0167999267578125 -0.406585693359375 0.13372802734375
0.1419677734375 -0.13201904296875 -0.20361328125 0.267364501953125
-0.0220794677734375 -0.185287475585938 -0.0323486328125 0.28302001953125
-0.107940673828125 -0.153076171875 0.0909576416015625 0.199005126953125
-0.084075927734375 -0.16802978515625 0.079315185546875 0.141036987304687
-0.0944976806640625 -0.185577392578125 0.0317115783691406 0.0603141784667969
0.0025177001953125 -0.1943359375 0.0416984558105469 -0.0329093933105469
0.136802673339844 -0.140228271484375 0.176132202148438 -0.110809326171875
0.194427490234375 0.00860595703125 0.369903564453125 -0.0322265625
0.10345458984375 0.154647827148438 0.411865234375 0.299591064453125
-0.00788879394531249 0.173843383789062 0.1849365234375 0.446258544921875
-0.142684936523437 0.1544189453125 0.01336669921875 0.205322265625
-0.0759811401367188 0.0775070190429688 -0.348480224609375 0.09161376953125
-0.00704193115234376 0.107139587402344 -0.3125 -0.07232666015625
0.0713272094726562 0.08349609375 -0.382568359375 -0.00399780273437494
0.0978546142578125 0.00070953369140625 -0.366302490234375 0.192138671875
0.06854248046875 -0.0782852172851563 -0.16937255859375 0.304107666015625
-0.0283126831054688 -0.104583740234375 0.01434326171875 0.315032958984375
-0.07470703125 -0.0828170776367187 0.139984130859375 0.229400634765625
-0.0635604858398437 -0.0987319946289063 0.116683959960938 0.171005249023438
-0.0700912475585938 -0.114433288574219 0.0708084106445312 0.103828430175781
-0.0110092163085938 -0.130378723144531 0.0718002319335938 0.0227279663085937
0.0822372436523438 -0.103782653808594 0.190032958984375 -0.04840087890625
0.128532409667969 -0.0106964111328125 0.3494873046875 0.052154541015625
0.0829391479492187 0.082366943359375 0.339569091796875 0.366180419921875
0.0131149291992187 0.09912109375 0.103302001953125 0.476043701171875
-0.071990966796875 0.0819931030273438 -0.056488037109375 0.230148315429687
-0.0163850784301758 -0.00444221496582031 0.0828399658203125 -0.265472412109375
-0.0334701538085937 -0.0421066284179688 -0.05487060546875 -0.508148193359375
-0.095428466796875 0.0191268920898438 -0.365142822265625 -0.33636474609375
-0.0499114990234375 0.083892822265625 -0.3936767578125 -0.07171630859375
0.0139236450195312 0.0753402709960938 -0.207839965820312 0.05450439453125
0.0424995422363281 0.0404434204101563 -0.0874252319335938 0.0122833251953125
0.0387802124023438 0.0137252807617187 -0.101768493652344 -0.090301513671875
0.0378303527832031 0.0116081237792969 -0.14227294921875 -0.14569091796875
0.0331077575683594 0.00548171997070313 -0.175537109375 -0.22332763671875
0.0192012786865234 0.000852584838867187 -0.08380126953125 -0.31256103515625
0.0106801986694336 0.0102767944335938 0.078216552734375 -0.332122802734375
0.00953102111816406 0.00313758850097656 0.28564453125 -0.261871337890625
0.00502586364746094 -0.0172157287597656 0.4117431640625 -0.0614013671875
0.0308418273925781 -0.00312614440917969 0.3330078125 -0.0103759765625
0.0254955291748047 0.00849151611328125 0.388763427734375 -0.14617919921875
-0.0719680786132812 0.080108642578125 0.082489013671875 -0.265289306640625
-0.0452957153320312 0.039337158203125 -0.03680419921875 -0.528411865234375
-0.0483627319335937 0.109916687011719 -0.347320556640625 -0.3660888671875
0.0416412353515625 0.114234924316406 -0.39453125 -0.1094970703125
0.0991134643554688 0.0278854370117188 -0.219528198242188 0.0353240966796875
0.0506248474121094 -0.0500907897949219 -0.110763549804688 0.00848388671875001
-0.0108489990234375 -0.0637969970703125 -0.112602233886719 -0.079986572265625
-0.00749969482421875 -0.0639495849609375 -0.139198303222656 -0.127235412597656
-0.0250167846679688 -0.0709457397460938 -0.180877685546875 -0.207305908203125
-0.0020904541015625 -0.0854263305664063 -0.104278564453125 -0.29571533203125
0.0508499145507813 -0.0749893188476563 0.0526123046875 -0.328216552734375
0.101486206054688 -0.0281524658203125 0.2603759765625 -0.28875732421875
0.08984375 0.0522537231445313 0.40692138671875 -0.094268798828125
0.0533370971679687 0.105575561523438 0.34478759765625 -0.02117919921875
-0.03485107421875 0.120429992675781 0.3826904296875 -0.145721435546875
-0.125381469726563 0.15087890625 0.0503387451171875 -0.249359130859375
-0.0591812133789062 0.121147155761719 -0.05987548828125 -0.5396728515625
0.0105743408203125 0.19775390625 -0.368499755859375 -0.371856689453125
0.139617919921875 0.130073547363281 -0.41998291015625 -0.109649658203125
0.1761474609375 -0.0329742431640625 -0.23681640625 0.0513916015625
0.0490036010742188 -0.13800048828125 -0.125968933105469 0.0377578735351563
-0.0601348876953125 -0.130516052246094 -0.101905822753906 -0.0448760986328125
-0.0511398315429688 -0.130882263183594 -0.114532470703125 -0.0902786254882812
-0.0776138305664062 -0.137092590332031 -0.162811279296875 -0.173080444335938
-0.020965576171875 -0.15887451171875 -0.103912353515625 -0.263641357421875
0.0853118896484375 -0.145462036132813 0.046234130859375 -0.31353759765625
0.178756713867188 -0.051483154296875 0.259033203125 -0.30133056640625
0.158065795898438 0.113052368164062 0.43145751953125 -0.095672607421875
0.066864013671875 0.195114135742188 0.370513916015625 0.022674560546875
-0.0870208740234375 0.211883544921875 0.350555419921875 -0.09906005859375
-0.166671752929688 0.203445434570313 -0.0137481689453125 -0.212310791015625
-0.068023681640625 0.19256591796875 -0.128326416015625 -0.5145263671875
0.0770111083984375 0.258377075195313 -0.414642333984375 -0.3316650390625
0.22149658203125 0.115478515625 -0.453125 -0.0626831054687499
0.220855712890625 -0.09857177734375 -0.250167846679688 0.10186767578125
0.0306549072265625 -0.205978393554688 -0.123573303222656 0.0970306396484375
-0.103515625 -0.175582885742188 -0.0682144165039063 0.0104598999023437
-0.0855560302734375 -0.178497314453125 -0.0717239379882813 -0.0392684936523438
-0.115554809570313 -0.185775756835938 -0.125350952148438 -0.12542724609375
-0.030609130859375 -0.209686279296875 -0.083221435546875 -0.219924926757813
0.115737915039063 -0.189849853515625 0.061492919921875 -0.289886474609375
0.232315063476562 -0.0547027587890625 0.28338623046875 -0.292938232421875
0.189544677734375 0.161849975585938 0.474578857421875 -0.055694580078125
0.060760498046875 0.248443603515625 0.39202880859375 0.11651611328125
-0.1273193359375 0.2630615234375 0.293975830078125 -0.02032470703125
-0.1824951171875 0.23211669921875 -0.101898193359375 -0.14849853515625
-0.0567474365234375 0.240875244140625 -0.21319580078125 -0.43231201171875
0.135421752929688 0.269821166992188 -0.44903564453125 -0.2440185546875
0.262710571289063 0.07440185546875 -0.46295166015625 0.0171508789062501
0.220596313476563 -0.151458740234375 -0.243118286132813 0.169998168945312
-9.15527343749819E-05 -0.237045288085938 -0.097808837890625 0.168411254882812
-0.132431030273438 -0.19036865234375 -0.0147018432617188 0.0750885009765625
-0.108383178710937 -0.199295043945313 -0.0170345306396484 0.0196342468261719
-0.135116577148438 -0.20831298828125 -0.074432373046875 -0.0675735473632813
-0.0307159423828125 -0.230712890625 -0.047088623046875 -0.166488647460938
0.133010864257813 -0.200576782226563 0.094482421875 -0.255523681640625
0.24755859375 -0.0413360595703125 0.32623291015625 -0.253082275390625
0.182296752929688 0.183151245117188 0.514190673828125 0.031219482421875
0.0408477783203125 0.254013061523438 0.3836669921875 0.239959716796875
-0.145126342773438 0.26605224609375 0.2147216796875 0.067840576171875
-0.165969848632812 0.226699829101563 -0.19287109375 -0.0596466064453125
-0.028778076171875 0.244781494140625 -0.281005859375 -0.3038330078125
0.16448974609375 0.229812622070313 -0.449554443359375 -0.136260986328125
0.249923706054687 0.0263824462890625 -0.441802978515625 0.10455322265625
0.181228637695313 -0.1707763671875 -0.217041015625 0.238479614257813
-0.029083251953125 -0.22540283203125 -0.0522003173828125 0.236373901367187
-0.140243530273438 -0.173934936523438 0.0501708984375 0.136466979980469
-0.114944458007813 -0.190231323242187 0.0414505004882812 0.077239990234375
-0.134552001953125 -0.201263427734375 -0.0175151824951172 -0.0072460174560547
-0.0260009765625 -0.22235107421875 -0.00356292724609375 -0.109573364257813
0.132614135742188 -0.183639526367188 0.135467529296875 -0.207778930664063
0.229019165039063 -0.02484130859375 0.367919921875 -0.178558349609375
0.15155029296875 0.1697998046875 0.515167236328125 0.149169921875
0.02484130859375 0.217208862304687 0.330352783203125 0.359588623046875
-0.137420654296875 0.229400634765625 0.12506103515625 0.146484375
-0.119338989257812 0.177398681640625 -0.265182495117188 0.039276123046875
-0.000381469726562496 0.194595336914063 -0.312286376953125 -0.16748046875
0.145278930664062 0.154800415039063 -0.422332763671875 -0.0419006347656249
0.188018798828125 -0.007110595703125 -0.400177001953125 0.177398681640625
0.120681762695313 -0.14801025390625 -0.17742919921875 0.291717529296875
-0.0445556640625 -0.17474365234375 0.00241088867187498 0.28759765625
-0.12298583984375 -0.131065368652344 0.115020751953125 0.183319091796875
-0.103515625 -0.150909423828125 0.095489501953125 0.122749328613281
-0.115814208984375 -0.16400146484375 0.0367469787597656 0.0452308654785156
-0.0234222412109375 -0.183929443359375 0.0394744873046875 -0.0522575378417969
0.108154296875 -0.150375366210938 0.172683715820313 -0.1492919921875
0.18304443359375 -0.0198516845703125 0.386871337890625 -0.08502197265625
0.119468688964844 0.125228881835938 0.47161865234375 0.262725830078125
0.0231781005859375 0.156845092773438 0.249664306640625 0.445098876953125
-0.102691650390625 0.167037963867188 0.0424346923828125 0.203689575195313
-0.060333251953125 0.0858154296875 -0.30694580078125 0.121368408203125
0.00850677490234375 0.102981567382812 -0.314544677734375 -0.058685302734375
0.0797805786132813 0.0721206665039063 -0.391876220703125 0.027252197265625
0.0977554321289063 -0.0127029418945313 -0.3544921875 0.231689453125
0.0572357177734375 -0.0882034301757813 -0.13916015625 0.324615478515625
-0.0416793823242188 -0.0973739624023437 0.05194091796875 0.315338134765625
-0.0827102661132812 -0.0686492919921875 0.166244506835938 0.20751953125
-0.0751953125 -0.0880355834960938 0.13604736328125 0.147720336914063
-0.0828781127929688 -0.101524353027344 0.0817413330078125 0.0820770263671875
-0.02862548828125 -0.122879028320313 0.07794189453125 -0.00382995605468751
0.0619125366210938 -0.111289978027344 0.199111938476563 -0.08953857421875
0.121086120605469 -0.0306625366210938 0.3819580078125 0.005126953125
0.09326171875 0.0627212524414063 0.409759521484375 0.34576416015625
0.0311431884765625 0.0895233154296875 0.1708984375 0.486541748046875
-0.0518646240234375 0.0905838012695312 -0.019317626953125 0.23883056640625
-0.00894355773925781 -0.00312042236328125 0.0494537353515625 -0.266998291015625
-0.0330734252929688 -0.0396690368652344 -0.106597900390625 -0.513519287109375
-0.0900039672851563 0.0263137817382813 -0.40460205078125 -0.313385009765625
-0.0386962890625 0.0840911865234375 -0.4156494140625 -0.0314941406249999
0.0183944702148438 0.070953369140625 -0.210281372070313 0.08746337890625
0.0433578491210938 0.0373306274414063 -0.0820388793945313 0.0359725952148438
0.0399055480957031 0.012176513671875 -0.101799011230469 -0.0696563720703125
0.038909912109375 0.00955963134765625 -0.148895263671875 -0.122772216796875
0.0342521667480469 0.00364875793457031 -0.191696166992187 -0.1964111328125
0.0192909240722656 0.00123214721679688 -0.11053466796875 -0.295989990234375
0.0110626220703125 0.0110206604003906 0.05157470703125 -0.33319091796875
0.00818586349487305 0.0051732063293457 0.2646484375 -0.281890869140625
-0.00166797637939453 -0.0172510147094727 0.406585693359375 -0.0888671875
0.0250968933105469 -0.0108184814453125 0.325347900390625 -0.020416259765625
0.0238800048828125 0.001983642578125 0.340484619140625 -0.165283203125
-0.0434951782226562 0.0781784057617187 0.0512237548828125 -0.267105102539063
-0.0303363800048828 0.0327777862548828 -0.0899658203125 -0.53521728515625
-0.036529541015625 0.100807189941406 -0.388427734375 -0.34454345703125
0.0466461181640625 0.10052490234375 -0.418365478515625 -0.0690002441406251
0.090667724609375 0.0176315307617188 -0.223297119140625 0.0684356689453125
0.0413284301757813 -0.0462722778320313 -0.105453491210938 0.0330657958984375
-0.0140838623046875 -0.0545425415039063 -0.111557006835938 -0.0593414306640625
-0.0115013122558594 -0.0569496154785156 -0.144134521484375 -0.10662841796875
-0.027587890625 -0.0615196228027344 -0.194854736328125 -0.180770874023438
-0.00808715820312499 -0.078155517578125 -0.12860107421875 -0.278717041015625
0.0419921875 -0.0725250244140625 0.02691650390625 -0.32745361328125
0.09271240234375 -0.0318603515625 0.236419677734375 -0.305633544921875
0.0836868286132813 0.041961669921875 0.400421142578125 -0.121063232421875
0.0538864135742187 0.0867385864257813 0.3359375 -0.03216552734375
-0.0194931030273438 0.110206604003906 0.334930419921875 -0.16583251953125
-0.08209228515625 0.146942138671875 0.026885986328125 -0.248519897460938
-0.0340423583984375 0.107040405273437 -0.114715576171875 -0.541168212890625
0.0264892578125 0.17425537109375 -0.408721923828125 -0.3460693359375
0.138046264648438 0.104827880859375 -0.43994140625 -0.0653991699218749
0.155471801757812 -0.0467987060546875 -0.2364501953125 0.0827178955078125
0.0303497314453125 -0.127998352050781 -0.116531372070312 0.0606765747070312
-0.0672607421875 -0.1112060546875 -0.0990753173828125 -0.028564453125
-0.059417724609375 -0.114891052246094 -0.117820739746094 -0.0755844116210938
-0.0834426879882812 -0.118499755859375 -0.17425537109375 -0.151336669921875
-0.0326690673828125 -0.144973754882813 -0.125473022460938 -0.249359130859375
0.0676422119140625 -0.1412353515625 0.021087646484375 -0.313140869140625
0.16302490234375 -0.05987548828125 0.233367919921875 -0.31927490234375
0.151107788085938 0.0926055908203125 0.4237060546875 -0.126312255859375
0.0752716064453125 0.16644287109375 0.3648681640625 0.00607299804687501
-0.055755615234375 0.199264526367188 0.31097412109375 -0.11944580078125
-0.115814208984375 0.198287963867188 -0.0253448486328125 -0.208694458007813
-0.0393524169921875 0.173934936523438 -0.1756591796875 -0.50787353515625
0.092864990234375 0.226470947265625 -0.447723388671875 -0.299530029296875
0.214385986328125 0.085906982421875 -0.46240234375 -0.0159912109375
0.192657470703125 -0.113265991210937 -0.241134643554687 0.129989624023438
0.0073089599609375 -0.190383911132813 -0.107818603515625 0.11370849609375
-0.112319946289063 -0.149368286132812 -0.0623817443847656 0.0190582275390625
-0.09747314453125 -0.156967163085938 -0.0718536376953125 -0.03216552734375
-0.124771118164063 -0.159988403320312 -0.13458251953125 -0.10986328125
-0.04656982421875 -0.191757202148438 -0.10089111328125 -0.208969116210937
0.091094970703125 -0.18475341796875 0.03729248046875 -0.2938232421875
0.211639404296875 -0.068145751953125 0.2567138671875 -0.314971923828125
0.1856689453125 0.134002685546875 0.470123291015625 -0.093597412109375
0.0749359130859375 0.215133666992188 0.396575927734375 0.091705322265625
-0.0840911865234375 0.250106811523438 0.266555786132813 -0.0415802001953125
-0.132247924804687 0.22711181640625 -0.099578857421875 -0.141326904296875
-0.0288543701171875 0.220626831054688 -0.249908447265625 -0.418426513671875
0.14837646484375 0.235824584960937 -0.46820068359375 -0.20880126953125
0.251190185546875 0.045379638671875 -0.460601806640625 0.0603942871093751
0.1903076171875 -0.1629638671875 -0.226821899414063 0.19189453125
-0.02325439453125 -0.218154907226563 -0.076263427734375 0.17730712890625
-0.141265869140625 -0.160614013671875 -0.00574493408203125 0.073333740234375
-0.121383666992188 -0.174713134765625 -0.0144119262695313 0.0173540115356445
-0.146347045898438 -0.17889404296875 -0.0799560546875 -0.0607452392578125
-0.0497894287109375 -0.210845947265625 -0.061798095703125 -0.163360595703125
0.104507446289062 -0.196395874023437 0.0711212158203125 -0.265899658203125
0.225296020507812 -0.05841064453125 0.30279541015625 -0.28363037109375
0.180450439453125 0.149765014648438 0.517333984375 -0.014923095703125
0.0606842041015625 0.220108032226562 0.401611328125 0.210662841796875
-0.0970916748046875 0.256057739257813 0.20428466796875 0.0480804443359375
-0.121490478515625 0.221649169921875 -0.175537109375 -0.0497589111328125
-0.00477600097656252 0.226028442382813 -0.302581787109375 -0.287139892578125
0.173858642578125 0.200424194335937 -0.458770751953125 -0.103607177734375
0.238494873046875 0.00189208984375 -0.4305419921875 0.141357421875
0.15338134765625 -0.179763793945313 -0.193954467773438 0.253616333007813
-0.0490875244140625 -0.207382202148437 -0.0265045166015625 0.236724853515625
-0.147430419921875 -0.14617919921875 0.0619659423828125 0.125022888183594
-0.126998901367188 -0.166458129882813 0.0473480224609375 0.0660247802734375
-0.145797729492187 -0.173248291015625 -0.0203571319580078 -0.0106983184814453
-0.045867919921875 -0.20294189453125 -0.014801025390625 -0.115081787109375
0.1026611328125 -0.181137084960937 0.116165161132812 -0.228118896484375
0.20709228515625 -0.0442962646484375 0.353515625 -0.21868896484375
0.153182983398438 0.1363525390625 0.5345458984375 0.100799560546875
0.0460357666015625 0.187301635742188 0.36474609375 0.33203125
-0.0918121337890625 0.223403930664063 0.131561279296875 0.130989074707031
-0.087646484375 0.174148559570313 -0.2332763671875 0.0498199462890625
0.0173797607421875 0.180023193359375 -0.318267822265625 -0.153411865234375
0.150665283203125 0.133255004882813 -0.42364501953125 -0.0135498046875
0.179550170898438 -0.024658203125 -0.384307861328125 0.207763671875
0.0998077392578125 -0.153778076171875 -0.1524658203125 0.3006591796875
-0.0591888427734375 -0.159500122070312 0.029998779296875 0.280990600585938
-0.127639770507813 -0.108665466308594 0.1285400390625 0.163131713867188
-0.11260986328125 -0.1319580078125 0.103240966796875 0.103523254394531
-0.125396728515625 -0.141464233398437 0.0368728637695312 0.03265380859375
-0.0406646728515625 -0.167755126953125 0.0329322814941406 -0.0674781799316406
0.0819549560546875 -0.149978637695313 0.160903930664063 -0.177444458007813
0.16510009765625 -0.038848876953125 0.38525390625 -0.1290283203125
0.123199462890625 0.096771240234375 0.508453369140625 0.220245361328125
0.0424957275390625 0.135078430175781 0.296112060546875 0.423797607421875
-0.0677337646484375 0.165756225585937 0.0625762939453125 0.194305419921875
-0.04345703125 0.0867996215820313 -0.264678955078125 0.131103515625
0.0189590454101563 0.0954666137695313 -0.311309814453125 -0.048492431640625
0.0831985473632813 0.0616989135742188 -0.38861083984375 0.052276611328125
0.09381103515625 -0.0229568481445313 -0.33441162109375 0.25750732421875
0.0456390380859375 -0.0925140380859375 -0.11175537109375 0.33050537109375
-0.0487136840820313 -0.088470458984375 0.08099365234375 0.302642822265625
-0.0847396850585937 -0.0551910400390625 0.1802978515625 0.181976318359375
-0.0805740356445313 -0.0762939453125 0.1439208984375 0.124298095703125
-0.0889358520507813 -0.0873870849609375 0.0838241577148438 0.0619964599609375
-0.0392913818359375 -0.112106323242188 0.0761032104492188 -0.0257568359375
0.0443267822265625 -0.110275268554687 0.195205688476563 -0.123092651367188
0.109352111816406 -0.0439529418945313 0.394622802734375 -0.037689208984375
0.0962295532226563 0.0442581176757812 0.455169677734375 0.3123779296875
0.0425186157226563 0.0772933959960938 0.222747802734375 0.47723388671875
-0.0338134765625 0.0926589965820313 0.00994873046874999 0.234771728515625
-0.00195074081420898 -0.00502395629882813 0.0257720947265625 -0.262481689453125
-0.0314064025878906 -0.0389518737792969 -0.143310546875 -0.51300048828125
-0.0855178833007813 0.0294876098632813 -0.431182861328125 -0.29541015625
-0.0319671630859375 0.0808258056640625 -0.426727294921875 0.000488281249999957
0.0202980041503906 0.0666122436523437 -0.208221435546875 0.112442016601563
0.0431022644042969 0.0359725952148438 -0.07415771484375 0.0527114868164063
0.0407943725585938 0.0110893249511719 -0.0981292724609375 -0.052734375
0.0396728515625 0.00795745849609375 -0.150100708007813 -0.1048583984375
0.0352516174316406 0.0025634765625 -0.198928833007812 -0.174285888671875
0.0194549560546875 0.00140571594238281 -0.126449584960937 -0.280044555664063
0.0113439559936523 0.0120353698730469 0.033477783203125 -0.331085205078125
0.00738668441772461 0.00724601745605469 0.249176025390625 -0.29278564453125
-0.00633430480957031 -0.015873908996582 0.401123046875 -0.106964111328125
0.0187225341796875 -0.0157279968261719 0.319091796875 -0.022430419921875
0.0219345092773438 -0.00225639343261719 0.3023681640625 -0.166473388671875
-0.0225753784179687 0.0698356628417969 0.029296875 -0.263595581054688
-0.0195541381835938 0.0237445831298828 -0.12884521484375 -0.53369140625
-0.02978515625 0.089813232421875 -0.417144775390625 -0.326934814453125
0.046661376953125 0.0886688232421875 -0.432373046875 -0.036773681640625
0.0819625854492188 0.0123138427734375 -0.22210693359375 0.093780517578125
0.0355072021484375 -0.0402488708496094 -0.0971908569335938 0.0507431030273438
-0.0143013000488281 -0.0461196899414063 -0.108184814453125 -0.04412841796875
-0.01220703125 -0.0507316589355469 -0.144668579101563 -0.091064453125
-0.0274581909179688 -0.053985595703125 -0.201065063476562 -0.160263061523438
-0.011077880859375 -0.0714950561523438 -0.143051147460938 -0.262939453125
0.0359306335449219 -0.0683059692382813 0.00955200195312497 -0.323974609375
0.0867385864257812 -0.0321121215820313 0.219818115234375 -0.315277099609375
0.076812744140625 0.0359573364257813 0.392791748046875 -0.137939453125
0.0496902465820313 0.0739593505859375 0.329833984375 -0.03607177734375
-0.00972747802734374 0.100021362304688 0.297576904296875 -0.16717529296875
-0.0504150390625 0.134780883789063 0.01068115234375 -0.245849609375
-0.0178146362304688 0.0896987915039062 -0.150054931640625 -0.53765869140625
0.0330657958984375 0.152801513671875 -0.4339599609375 -0.325164794921875
0.130668640136719 0.0864715576171875 -0.449493408203125 -0.0316162109375
0.13739013671875 -0.0522842407226562 -0.2314453125 0.10565185546875
0.020111083984375 -0.115882873535156 -0.105491638183594 0.0755538940429687
-0.068389892578125 -0.09527587890625 -0.0945053100585938 -0.0171661376953125
-0.0623550415039062 -0.101524353027344 -0.117477416992188 -0.0640335083007813
-0.0838088989257813 -0.103019714355469 -0.179061889648437 -0.134124755859375
-0.038421630859375 -0.133125305175781 -0.137588500976562 -0.234939575195312
0.056488037109375 -0.134529113769531 0.00439453125 -0.309967041015625
0.151275634765625 -0.06207275390625 0.21392822265625 -0.329071044921875
0.142410278320313 0.07958984375 0.4151611328125 -0.14593505859375
0.073089599609375 0.145614624023438 0.3603515625 -0.00354003906249999
-0.0352020263671875 0.183334350585938 0.277755737304688 -0.12396240234375
-0.0789794921875 0.183135986328125 -0.03216552734375 -0.205459594726562
-0.0212249755859375 0.153060913085938 -0.207794189453125 -0.498809814453125
0.0967559814453125 0.199798583984375 -0.464630126953125 -0.273345947265625
0.202713012695313 0.0649261474609375 -0.462738037109375 0.0175170898437501
0.169296264648438 -0.117233276367188 -0.230941772460937 0.148696899414062
-0.00512695312500001 -0.1741943359375 -0.0934677124023438 0.122474670410156
-0.113533020019531 -0.127853393554688 -0.0571937561035156 0.0239295959472656
-0.10150146484375 -0.139511108398437 -0.071502685546875 -0.0271835327148438
-0.126129150390625 -0.139053344726563 -0.13873291015625 -0.0982513427734375
-0.0552978515625 -0.175857543945313 -0.11279296875 -0.19879150390625
0.074371337890625 -0.17620849609375 0.019744873046875 -0.2930908203125
0.194732666015625 -0.0733795166015625 0.235565185546875 -0.32830810546875
0.175888061523438 0.114212036132813 0.462371826171875 -0.11883544921875
0.0769805908203125 0.188003540039063 0.395843505859375 0.075592041015625
-0.054962158203125 0.232513427734375 0.243362426757813 -0.050140380859375
-0.095428466796875 0.2108154296875 -0.09539794921875 -0.138084411621094
-0.0120849609375 0.199234008789063 -0.273284912109375 -0.405303955078125
0.15081787109375 0.209915161132813 -0.47918701171875 -0.182861328125
0.237380981445313 0.0259246826171875 -0.453948974609375 0.090484619140625
0.166091918945313 -0.16510009765625 -0.212478637695313 0.205230712890625
-0.0347900390625 -0.200164794921875 -0.059112548828125 0.179595947265625
-0.141845703125 -0.13751220703125 -0.000343322753906263 0.0708465576171875
-0.126312255859375 -0.155349731445312 -0.0131015777587891 0.0152883529663086
-0.148544311523438 -0.155990600585937 -0.08319091796875 -0.0551681518554688
-0.0601806640625 -0.192489624023438 -0.0726470947265625 -0.158843994140625
0.0841064453125 -0.186569213867188 0.052642822265625 -0.270767211914063
0.205474853515625 -0.06640625 0.282379150390625 -0.30316162109375
0.171890258789063 0.12591552734375 0.51641845703125 -0.0478515625
0.0674285888671875 0.191390991210938 0.41131591796875 0.187957763671875
-0.0628662109375 0.2396240234375 0.192535400390625 0.037139892578125
-0.0900115966796875 0.208343505859375 -0.159500122070312 -0.0483551025390625
0.00971984863281251 0.206817626953125 -0.31402587890625 -0.275177001953125
0.174575805664063 0.177993774414063 -0.460968017578125 -0.0817871093749999
0.2255859375 -0.0135955810546875 -0.41888427734375 0.164886474609375
0.132400512695313 -0.18035888671875 -0.17742919921875 0.260528564453125
-0.0585479736328125 -0.19000244140625 -0.00827026367187502 0.232177734375
-0.14752197265625 -0.1248779296875 0.0680694580078125 0.114021301269531
-0.131668090820312 -0.147903442382812 0.0489158630371094 0.0564727783203125
-0.148605346679688 -0.151290893554687 -0.0227622985839844 -0.013763427734375
-0.0570526123046875 -0.18487548828125 -0.0240554809570313 -0.117919921875
0.0817413330078125 -0.1728515625 0.0998077392578125 -0.240386962890625
0.187240600585938 -0.0546112060546875 0.33819580078125 -0.245330810546875
0.147750854492188 0.110610961914063 0.544708251953125 0.064727783203125
0.05596923828125 0.161346435546875 0.385833740234375 0.309173583984375
-0.05841064453125 0.211151123046875 0.132659912109375 0.119941711425781
-0.0642852783203125 0.164016723632813 -0.207901000976562 0.049346923828125
0.028350830078125 0.165206909179688 -0.321044921875 -0.14520263671875
0.150588989257813 0.1177978515625 -0.421722412109375 0.00390624999999996
0.16961669921875 -0.0361175537109375 -0.369720458984375 0.226898193359375
0.0840606689453125 -0.154449462890625 -0.1334228515625 0.303802490234375
-0.064910888671875 -0.145462036132812 0.049163818359375 0.270599365234375
-0.126266479492188 -0.0920181274414062 0.134292602539063 0.14593505859375
-0.116447448730469 -0.116889953613281 0.105369567871094 0.088348388671875
-0.128349304199219 -0.123138427734375 0.0341777801513672 0.0227031707763672
-0.0510101318359375 -0.153106689453125 0.025421142578125 -0.077789306640625
0.062896728515625 -0.143844604492187 0.14794921875 -0.19775390625
0.149002075195313 -0.0492401123046875 0.380218505859375 -0.16107177734375
0.12091064453125 0.0746994018554688 0.528717041015625 0.18597412109375
0.0517196655273438 0.115776062011719 0.3258056640625 0.404998779296875
-0.04119873046875 0.158462524414063 0.0758514404296875 0.184768676757813
-0.0312576293945313 0.0834503173828125 -0.233245849609375 0.127365112304688
0.0261993408203125 0.0887298583984375 -0.30889892578125 -0.04534912109375
0.084075927734375 0.0542144775390625 -0.383575439453125 0.0675354003906251
0.0888748168945313 -0.0305862426757813 -0.318572998046875 0.271026611328125
0.036224365234375 -0.093109130859375 -0.0926513671875 0.329559326171875
-0.0519943237304687 -0.0799636840820313 0.09881591796875 0.2894287109375
-0.0828857421875 -0.0462799072265625 0.185775756835938 0.160629272460937
-0.082244873046875 -0.0681304931640625 0.145828247070313 0.105682373046875
-0.090545654296875 -0.0761871337890625 0.0809402465820313 0.0465545654296875
-0.0458221435546875 -0.1024169921875 0.0708770751953125 -0.0430526733398438
0.0307083129882812 -0.106765747070312 0.188644409179688 -0.148406982421875
0.0984878540039062 -0.0515899658203125 0.39874267578125 -0.07196044921875
0.0947723388671875 0.0299224853515625 0.485260009765625 0.282012939453125
0.0479011535644531 0.0669403076171875 0.259765625 0.463897705078125
-0.0200347900390625 0.0915374755859375 0.0311431884765625 0.2281494140625
0.00351810455322266 -0.008544921875 0.0086212158203125 -0.260574340820313
-0.0302200317382812 -0.0394859313964844 -0.175262451171875 -0.516326904296875
-0.082489013671875 0.03076171875 -0.456390380859375 -0.284576416015625
-0.0284194946289063 0.0779342651367188 -0.440277099609375 0.0263671875
0.0211677551269531 0.0660133361816406 -0.207183837890625 0.133529663085937
0.0445365905761719 0.0364875793457031 -0.0679893493652344 0.06488037109375
0.0428848266601563 0.010833740234375 -0.0940704345703125 -0.0420989990234375
0.0410842895507813 0.00744247436523438 -0.150238037109375 -0.0924072265625
0.0366058349609375 0.00243759155273438 -0.20391845703125 -0.159347534179688
0.0196914672851563 0.00242233276367188 -0.138290405273438 -0.269012451171875
0.0119562149047852 0.0133543014526367 0.022003173828125 -0.33099365234375
0.00779819488525391 0.00925064086914063 0.240966796875 -0.304473876953125
-0.0112581253051758 -0.0143032073974609 0.401336669921875 -0.120574951171875
0.0122814178466797 -0.0178661346435547 0.319610595703125 -0.022216796875
0.0206298828125 -0.00422859191894531 0.278778076171875 -0.162796020507813
-0.00643539428710937 0.0605926513671875 0.013641357421875 -0.2620849609375
-0.0122909545898438 0.0146780014038086 -0.159088134765625 -0.5386962890625
-0.027587890625 0.0814056396484375 -0.442596435546875 -0.317901611328125
0.044586181640625 0.079620361328125 -0.446563720703125 -0.01019287109375
0.0745315551757813 0.0108642578125 -0.222000122070313 0.113845825195313
0.0326881408691406 -0.0354270935058594 -0.0905609130859375 0.0631790161132812
-0.01263427734375 -0.0401687622070313 -0.104301452636719 -0.0334930419921875
-0.0121688842773437 -0.04608154296875 -0.145278930664062 -0.0808563232421875
-0.0257453918457031 -0.0486106872558594 -0.205825805664063 -0.146072387695312
-0.0129547119140625 -0.0665435791015625 -0.154159545898438 -0.252578735351563
0.0320167541503906 -0.0646896362304688 -0.00173950195312502 -0.32354736328125
0.0827178955078125 -0.031494140625 0.20965576171875 -0.32501220703125
0.0706024169921875 0.0333099365234375 0.392059326171875 -0.151702880859375
0.0438117980957031 0.0657196044921875 0.32916259765625 -0.036529541015625
-0.00334930419921875 0.09210205078125 0.273468017578125 -0.164260864257813
-0.0271148681640625 0.12017822265625 -0.000122070312500016 -0.245269775390625
-0.0075531005859375 0.0748748779296875 -0.18084716796875 -0.5396728515625
0.0348587036132813 0.136749267578125 -0.45849609375 -0.31158447265625
0.123321533203125 0.0734405517578125 -0.4598388671875 -0.00479125976562507
0.124237060546875 -0.0535049438476563 -0.229278564453125 0.124908447265625
0.0135269165039063 -0.106468200683594 -0.09716796875 0.0860595703125
-0.066802978515625 -0.0843658447265625 -0.0908660888671875 -0.00878143310546877
-0.062835693359375 -0.0925521850585937 -0.117507934570313 -0.0570297241210938
-0.0831680297851562 -0.0931777954101562 -0.183395385742187 -0.121978759765625
-0.0421218872070313 -0.124069213867188 -0.14801025390625 -0.225372314453125
0.0494308471679688 -0.128593444824219 -0.00689697265624999 -0.310577392578125
0.143661499023438 -0.06353759765625 0.20166015625 -0.33892822265625
0.134712219238281 0.072509765625 0.41259765625 -0.16094970703125
0.0680770874023438 0.131683349609375 0.36065673828125 -0.00765991210937499
-0.021270751953125 0.1710205078125 0.256805419921875 -0.123550415039062
-0.05340576171875 0.166122436523437 -0.036407470703125 -0.206390380859375
-0.010223388671875 0.135498046875 -0.2347412109375 -0.496124267578125
0.09771728515625 0.181060791015625 -0.486175537109375 -0.25823974609375
0.192031860351563 0.050994873046875 -0.466796875 0.0433959960937499
0.15240478515625 -0.118453979492188 -0.224533081054687 0.164306640625
-0.0124053955078125 -0.162124633789063 -0.0831146240234375 0.129379272460938
-0.112152099609375 -0.11383056640625 -0.05377197265625 0.0272712707519531
-0.103691101074219 -0.126945495605469 -0.0714492797851562 -0.0243911743164063
-0.126174926757813 -0.125205993652344 -0.1417236328125 -0.089813232421875
-0.0603790283203125 -0.163726806640625 -0.121841430664063 -0.19219970703125
0.064605712890625 -0.168777465820313 0.00778198242187503 -0.295867919921875
0.183624267578125 -0.0756378173828125 0.221954345703125 -0.341156005859375
0.16741943359375 0.10235595703125 0.46136474609375 -0.139129638671875
0.0748138427734375 0.170654296875 0.400299072265625 0.0655517578125
-0.034759521484375 0.217025756835938 0.227127075195312 -0.052337646484375
-0.0701751708984375 0.19476318359375 -0.0919876098632813 -0.1395263671875
-0.00231933593749998 0.182815551757813 -0.292205810546875 -0.401397705078125
0.151031494140625 0.192291259765625 -0.49151611328125 -0.16705322265625
0.226715087890625 0.0134735107421875 -0.451812744140625 0.113494873046875
0.14892578125 -0.166015625 -0.203536987304687 0.216323852539063
-0.041900634765625 -0.1873779296875 -0.04742431640625 0.180923461914062
-0.140640258789063 -0.122573852539062 0.00341796874999999 0.0683212280273437
-0.1287841796875 -0.141189575195312 -0.0130739212036133 0.0128459930419922
-0.149002075195312 -0.140060424804688 -0.0866241455078125 -0.0529251098632813
-0.0666351318359375 -0.178390502929688 -0.08111572265625 -0.15625
0.0720977783203125 -0.17822265625 0.0402069091796875 -0.277313232421875
0.191757202148438 -0.070220947265625 0.268524169921875 -0.320709228515625
0.16339111328125 0.110244750976563 0.51885986328125 -0.0723876953125
0.068450927734375 0.171279907226563 0.421142578125 0.174468994140625
-0.0390472412109375 0.224746704101563 0.185165405273438 0.0325469970703125
-0.069091796875 0.193389892578125 -0.149658203125 -0.051177978515625
0.0175933837890625 0.193084716796875 -0.3258056640625 -0.270294189453125
0.175048828125 0.1644287109375 -0.467254638671875 -0.0664367675781249
0.216278076171875 -0.02423095703125 -0.41351318359375 0.184295654296875
0.117462158203125 -0.180694580078125 -0.166183471679687 0.267669677734375
-0.06439208984375 -0.178573608398438 0.004913330078125 0.229461669921875
-0.145370483398437 -0.1112060546875 0.07183837890625 0.106491088867188
-0.134475708007813 -0.135002136230469 0.0500564575195312 0.0486106872558594
-0.150009155273438 -0.134933471679687 -0.0257625579833984 -0.0157909393310547
-0.0642242431640625 -0.1715087890625 -0.0322418212890625 -0.12078857421875
0.068115234375 -0.164840698242188 0.087005615234375 -0.251968383789063
0.172760009765625 -0.0605010986328125 0.327850341796875 -0.26800537109375
0.141433715820313 0.0930328369140625 0.55462646484375 0.036712646484375
0.0598602294921875 0.142196655273437 0.403778076171875 0.292816162109375
-0.0335235595703125 0.198822021484375 0.133827209472656 0.1142578125
-0.0493316650390625 0.154312133789063 -0.191268920898437 0.043426513671875
0.03436279296875 0.155258178710938 -0.32672119140625 -0.142852783203125
0.151336669921875 0.10833740234375 -0.424530029296875 0.016143798828125
0.163116455078125 -0.044189453125 -0.361663818359375 0.241668701171875
0.072723388671875 -0.154464721679688 -0.121124267578125 0.307830810546875
-0.0685806274414063 -0.136863708496094 0.06231689453125 0.263763427734375
-0.12445068359375 -0.080810546875 0.138557434082031 0.133560180664063
-0.118568420410156 -0.106689453125 0.106193542480469 0.0765380859375
-0.128997802734375 -0.110176086425781 0.0316352844238281 0.0154533386230469
-0.05755615234375 -0.142288208007813 0.0187225341796875 -0.0857925415039063
0.0507736206054688 -0.137840270996094 0.138336181640625 -0.215072631835937
0.135818481445313 -0.0566329956054688 0.37811279296875 -0.188140869140625
0.117179870605469 0.058502197265625 0.548980712890625 0.15936279296875
0.0574264526367188 0.100830078125 0.352203369140625 0.392730712890625
-0.0211029052734375 0.151214599609375 0.0849609375 0.179519653320313
-0.0236129760742188 0.0787200927734375 -0.211990356445313 0.120346069335938
0.03033447265625 0.0826339721679688 -0.310821533203125 -0.04541015625
0.0856170654296875 0.0492095947265625 -0.38446044921875 0.0777587890625
0.0857009887695313 -0.0362091064453125 -0.309722900390625 0.284088134765625
0.0293350219726562 -0.0945281982421875 -0.079986572265625 0.33258056640625
-0.053070068359375 -0.0748977661132812 0.112503051757813 0.280014038085937
-0.0814208984375 -0.0393218994140625 0.190048217773438 0.145614624023437
-0.0834884643554688 -0.0616836547851562 0.146942138671875 0.0919342041015625
-0.0911331176757812 -0.0685043334960938 0.0782012939453125 0.03515625
-0.0507278442382813 -0.094573974609375 0.0650253295898438 -0.0557060241699219
0.0217056274414063 -0.102729797363281 0.183349609375 -0.169967651367188
0.0901260375976563 -0.0565414428710937 0.404144287109375 -0.10040283203125
0.0930252075195313 0.0189437866210938 0.511199951171875 0.261260986328125
0.0510826110839844 0.0597763061523438 0.2896728515625 0.4581298828125
-0.00835418701171876 0.0898971557617188 0.0458984375 0.2242431640625
0.00761985778808594 -0.0128583908081055 -0.00822448730468753 -0.262527465820313
-0.0303878784179688 -0.0411224365234375 -0.21051025390625 -0.525238037109375
-0.0818557739257813 0.0339813232421875 -0.4903564453125 -0.2738037109375
-0.0263442993164063 0.0764846801757813 -0.457916259765625 0.0548706054687501
0.0232658386230469 0.0662574768066406 -0.207870483398437 0.15692138671875
0.0469589233398438 0.0364418029785156 -0.0614852905273437 0.0766677856445312
0.0457954406738281 0.00931549072265625 -0.0920639038085938 -0.0324935913085937
0.0438804626464844 0.00603103637695313 -0.153457641601563 -0.0819244384765625
0.0387458801269531 0.000629425048828125 -0.21429443359375 -0.145904541015625
0.0201396942138672 0.00282859802246094 -0.153778076171875 -0.261856079101563
0.0126438140869141 0.015690803527832 0.00854492187499997 -0.337005615234375
0.00817108154296875 0.0112066268920898 0.23394775390625 -0.323394775390625
-0.015873908996582 -0.0119142532348633 0.4073486328125 -0.139617919921875
0.00612640380859375 -0.0184230804443359 0.32733154296875 -0.026336669921875
0.0196037292480469 -0.00640869140625 0.26336669921875 -0.162124633789063
0.00582122802734375 0.0505714416503906 -0.00180053710937498 -0.2650146484375
-0.00781154632568359 0.00577831268310547 -0.196319580078125 -0.54949951171875
-0.02655029296875 0.0758056640625 -0.4791259765625 -0.30645751953125
0.04193115234375 0.0737152099609375 -0.466033935546875 0.017120361328125
0.07073974609375 0.0103912353515625 -0.22314453125 0.136932373046875
0.0314464569091797 -0.0319042205810547 -0.0850448608398438 0.0759506225585937
-0.0114021301269531 -0.0364418029785156 -0.102630615234375 -0.0240097045898438
-0.0116348266601563 -0.0428276062011719 -0.148788452148438 -0.0712738037109375
-0.0253639221191406 -0.0455360412597656 -0.215255737304687 -0.134231567382813
-0.0150260925292969 -0.0628929138183594 -0.168548583984375 -0.244277954101563
0.0300025939941406 -0.0621261596679688 -0.01519775390625 -0.328857421875
0.0807952880859375 -0.032440185546875 0.200531005859375 -0.342010498046875
0.0666885375976563 0.0318717956542969 0.396026611328125 -0.171142578125
0.03936767578125 0.0612831115722656 0.33599853515625 -0.04150390625
0.00235748291015625 0.0863189697265625 0.257537841796875 -0.1646728515625
-0.00955963134765626 0.107307434082031 -0.0120391845703125 -0.249725341796875
0.000469207763671881 0.0617561340332031 -0.2164306640625 -0.548309326171875
0.0361709594726562 0.124794006347656 -0.4930419921875 -0.300567626953125
0.117942810058594 0.0641860961914062 -0.475616455078125 0.0242004394531251
0.114120483398438 -0.0550994873046875 -0.228500366210937 0.145370483398438
0.00923919677734375 -0.10015869140625 -0.0903091430664063 0.096405029296875
-0.0664901733398437 -0.076080322265625 -0.0889739990234375 -0.00074005126953126
-0.0644683837890625 -0.08587646484375 -0.120437622070312 -0.0503921508789063
-0.0838165283203125 -0.0849456787109375 -0.19183349609375 -0.111846923828125
-0.0465469360351562 -0.117744445800781 -0.161285400390625 -0.218887329101562
0.0436019897460937 -0.125961303710938 -0.02044677734375 -0.3160400390625
0.139915466308594 -0.0660476684570313 0.190399169921875 -0.35638427734375
0.131401062011719 0.0672454833984375 0.416595458984375 -0.182952880859375
0.065582275390625 0.123733520507812 0.36846923828125 -0.014404296875
-0.00924682617187499 0.162017822265625 0.2431640625 -0.126022338867187
-0.03399658203125 0.152801513671875 -0.0440216064453125 -0.210586547851563
-0.00241088867187499 0.121513366699219 -0.266937255859375 -0.4996337890625
0.0999298095703125 0.167724609375 -0.51226806640625 -0.243560791015625
0.185073852539063 0.0392303466796875 -0.476531982421875 0.0718994140624999
0.139984130859375 -0.121170043945313 -0.221054077148438 0.183059692382812
-0.0195465087890625 -0.154373168945312 -0.0742034912109375 0.13677978515625
-0.112937927246094 -0.103187561035156 -0.0510711669921875 0.0312423706054687
-0.107635498046875 -0.118217468261719 -0.073333740234375 -0.0216217041015625
-0.1290283203125 -0.11517333984375 -0.148895263671875 -0.08319091796875
-0.066619873046875 -0.1552734375 -0.13397216796875 -0.187469482421875
0.056488037109375 -0.1654052734375 -0.00683593749999998 -0.3035888671875
0.17669677734375 -0.079986572265625 0.208892822265625 -0.36053466796875
0.1629638671875 0.0938873291015625 0.46533203125 -0.163848876953125
0.07379150390625 0.159347534179688 0.412017822265625 0.055938720703125
-0.017333984375 0.206085205078125 0.21881103515625 -0.0556488037109375
-0.0520172119140625 0.182281494140625 -0.093597412109375 -0.1444091796875
0.00601196289062502 0.171279907226563 -0.320068359375 -0.400604248046875
0.154769897460937 0.178756713867187 -0.51312255859375 -0.149383544921875
0.219924926757813 0.0019989013671875 -0.45513916015625 0.1405029296875
0.136016845703125 -0.168930053710938 -0.196258544921875 0.231842041015625
-0.0494537353515625 -0.1798095703125 -0.0367279052734375 0.184555053710938
-0.14166259765625 -0.11065673828125 0.00678634643554687 0.0680923461914063
-0.134109497070312 -0.131240844726563 -0.013519287109375 0.0110540390014648
-0.152069091796875 -0.127853393554688 -0.0918655395507813 -0.0497207641601563
-0.073699951171875 -0.169631958007813 -0.0923309326171875 -0.15478515625
0.0619354248046875 -0.174057006835938 0.0262451171875 -0.28857421875
0.18328857421875 -0.075408935546875 0.256134033203125 -0.343597412109375
0.15887451171875 0.09808349609375 0.528594970703125 -0.101409912109375
0.0700836181640625 0.15753173828125 0.440032958984375 0.16162109375
-0.0178985595703125 0.213638305664063 0.1824951171875 0.0284423828125
-0.0534820556640625 0.183700561523438 -0.1453857421875 -0.055267333984375
0.02557373046875 0.183502197265625 -0.346160888671875 -0.267791748046875
0.179168701171875 0.153121948242188 -0.4820556640625 -0.0502014160156249
0.209808349609375 -0.034759521484375 -0.41290283203125 0.20745849609375
0.105743408203125 -0.18377685546875 -0.15679931640625 0.280410766601563
-0.070770263671875 -0.17120361328125 0.017791748046875 0.22900390625
-0.14691162109375 -0.100433349609375 0.07659912109375 0.100898742675781
-0.139701843261719 -0.124702453613281 0.0513801574707031 0.0423736572265625
-0.154373168945313 -0.123458862304688 -0.0298004150390625 -0.0177764892578125
-0.071990966796875 -0.16204833984375 -0.0417098999023438 -0.123321533203125
0.0570526123046875 -0.161300659179688 0.07427978515625 -0.267349243164063
0.162673950195312 -0.06695556640625 0.320953369140625 -0.2965087890625
0.137619018554688 0.0789337158203125 0.5723876953125 0.00665283203125001
0.064208984375 0.127998352050781 0.430511474609375 0.28082275390625
-0.0120697021484375 0.18927001953125 0.138595581054688 0.1097412109375
-0.038238525390625 0.146896362304688 -0.181869506835938 0.0392913818359375
0.0409393310546875 0.148208618164063 -0.340667724609375 -0.1400146484375
0.15570068359375 0.0998992919921875 -0.435089111328125 0.0310363769531249
0.158187866210938 -0.0531158447265625 -0.35791015625 0.2635498046875
0.063507080078125 -0.157363891601563 -0.110260009765625 0.3179931640625
-0.0734100341796875 -0.132026672363281 0.07708740234375 0.260726928710938
-0.125091552734375 -0.0726089477539063 0.144577026367188 0.123764038085938
-0.123519897460938 -0.0987091064453125 0.109085083007812 0.0669174194335938
-0.133399963378906 -0.100997924804687 0.0287017822265625 0.00874137878417968
-0.064483642578125 -0.133956909179687 0.0112075805664063 -0.09393310546875
0.0396957397460938 -0.134727478027344 0.128616333007813 -0.235076904296875
0.126663208007813 -0.0629806518554688 0.378570556640625 -0.220489501953125
0.115280151367188 0.0440444946289063 0.5758056640625 0.13140869140625
0.0630874633789063 0.0893707275390625 0.385711669921875 0.38525390625
-0.00241088867187502 0.145309448242188 0.0960693359375 0.17669677734375
-0.0173873901367188 0.0754318237304688 -0.198928833007813 0.116302490234375
0.0352859497070313 0.0784072875976563 -0.319793701171875 -0.043548583984375
0.0889129638671875 0.0448532104492188 -0.391632080078125 0.09295654296875
0.0825347900390625 -0.0423431396484375 -0.3040771484375 0.30364990234375
0.0232086181640625 -0.095977783203125 -0.066314697265625 0.341400146484375
-0.0554046630859375 -0.0722579956054688 0.128326416015625 0.274276733398438
-0.080902099609375 -0.0351104736328125 0.197616577148437 0.133651733398437
-0.0868759155273437 -0.0565414428710938 0.150985717773438 0.07965087890625
-0.0939865112304688 -0.063018798828125 0.0760421752929687 0.0257492065429687
-0.0548934936523438 -0.0893478393554688 0.059783935546875 -0.0687217712402344
0.0143814086914062 -0.100410461425781 0.177520751953125 -0.1943359375
0.083984375 -0.0621109008789063 0.414031982421875 -0.132232666015625
0.0920562744140625 0.0088653564453125 0.54547119140625 0.239837646484375
0.0553169250488281 0.0537452697753906 0.32525634765625 0.4561767578125
0.0027618408203125 0.0890350341796875 0.062225341796875 0.223480224609375
0.00975608825683594 -0.0190048217773438 -0.029571533203125 -0.263748168945313
-0.0318870544433594 -0.0430564880371094 -0.25970458984375 -0.52783203125
-0.0811920166015625 0.03802490234375 -0.529449462890625 -0.24908447265625
-0.0239334106445313 0.077056884765625 -0.47247314453125 0.09326171875
0.0268669128417969 0.0671615600585938 -0.20318603515625 0.183670043945312
0.0510978698730469 0.0359382629394531 -0.05426025390625 0.0884017944335938
0.0490646362304688 0.00597381591796875 -0.0902786254882813 -0.0224838256835937
0.0472908020019531 0.00319671630859375 -0.158523559570313 -0.0683441162109375
0.0412406921386719 -0.0013580322265625 -0.22613525390625 -0.128768920898438
0.0216407775878906 0.00332832336425781 -0.173782348632813 -0.25164794921875
0.0142183303833008 0.016932487487793 -0.011627197265625 -0.344268798828125
0.00939559936523438 0.012516975402832 0.219146728515625 -0.345947265625
-0.0203819274902344 -0.00922584533691407 0.4085693359375 -0.16766357421875
0.000881195068359376 -0.0185222625732422 0.33551025390625 -0.03680419921875
0.0196304321289062 -0.009185791015625 0.24896240234375 -0.167633056640625
0.0164108276367188 0.0402679443359375 -0.0216064453125 -0.26812744140625
-0.00445413589477539 -0.00278377532958984 -0.2451171875 -0.552337646484375
-0.0251235961914062 0.07159423828125 -0.51904296875 -0.287445068359375
0.0400772094726563 0.0688972473144531 -0.4814453125 0.0556945800781249
0.0677299499511719 0.00907516479492188 -0.220428466796875 0.163177490234375
0.0305023193359375 -0.0296669006347656 -0.0780029296875 0.0880966186523438
-0.0102806091308594 -0.0342273712158203 -0.101181030273438 -0.0134201049804688
-0.0118293762207031 -0.0408363342285156 -0.153610229492188 -0.05889892578125
-0.0254974365234375 -0.0425910949707031 -0.227432250976563 -0.11663818359375
-0.0181312561035156 -0.0588531494140625 -0.187301635742188 -0.233261108398437
0.0268707275390625 -0.0611457824707031 -0.03564453125 -0.334381103515625
0.079742431640625 -0.0352783203125 0.182708740234375 -0.364044189453125
0.0640296936035156 0.0299911499023438 0.39483642578125 -0.19903564453125
0.0365562438964844 0.0588455200195313 0.343231201171875 -0.054534912109375
0.00899505615234374 0.0804901123046875 0.243026733398438 -0.1702880859375
0.006134033203125 0.0946502685546875 -0.0288543701171875 -0.253341674804687
0.00725936889648437 0.04864501953125 -0.265350341796875 -0.549224853515625
0.0386276245117188 0.114730834960938 -0.531646728515625 -0.27587890625
0.113456726074219 0.0538558959960938 -0.48944091796875 0.062591552734375
0.105850219726563 -0.058502197265625 -0.224334716796875 0.170684814453125
0.00426483154296875 -0.09527587890625 -0.08203125 0.107833862304687
-0.0680503845214844 -0.0688209533691406 -0.0875015258789063 0.00696563720703124
-0.068115234375 -0.0794448852539063 -0.124542236328125 -0.0410308837890625
-0.0863723754882812 -0.0772552490234375 -0.202865600585938 -0.097412109375
-0.051788330078125 -0.1109619140625 -0.178207397460938 -0.207778930664063
0.0372314453125 -0.124900817871094 -0.041107177734375 -0.321685791015625
0.135871887207031 -0.0717620849609375 0.170806884765625 -0.37750244140625
0.129104614257813 0.0616912841796875 0.414337158203125 -0.213226318359375
0.06561279296875 0.117012023925781 0.376922607421875 -0.0302734375
0.00361633300781249 0.153518676757813 0.231414794921875 -0.132339477539063
-0.0165863037109375 0.14007568359375 -0.05615234375 -0.2147216796875
0.00622558593749999 0.109123229980469 -0.3118896484375 -0.49786376953125
0.104843139648437 0.15411376953125 -0.546661376953125 -0.21453857421875
0.179244995117188 0.027435302734375 -0.483795166015625 0.110015869140625
0.126884460449219 -0.125740051269531 -0.212738037109375 0.205352783203125
-0.0281982421875 -0.1478271484375 -0.0634918212890625 0.144927978515625
-0.115928649902344 -0.0923004150390625 -0.0484809875488281 0.0364036560058594
-0.113502502441406 -0.108047485351562 -0.0763778686523438 -0.0170745849609375
-0.133537292480469 -0.103111267089844 -0.157684326171875 -0.0726776123046875
-0.074554443359375 -0.146377563476563 -0.149383544921875 -0.17877197265625
0.046478271484375 -0.163482666015625 -0.026275634765625 -0.310760498046875
0.17047119140625 -0.0875396728515625 0.187774658203125 -0.3829345703125
0.161331176757813 0.08380126953125 0.4652099609375 -0.19903564453125
0.0764923095703125 0.1490478515625 0.425537109375 0.034942626953125
0.00126647949218749 0.19537353515625 0.210922241210937 -0.0638580322265625
-0.03485107421875 0.17181396484375 -0.10015869140625 -0.146865844726563
0.01568603515625 0.1602783203125 -0.356170654296875 -0.392852783203125
0.161865234375 0.164413452148437 -0.536712646484375 -0.119720458984375
0.213348388671875 -0.0116729736328125 -0.45574951171875 0.17626953125
0.120758056640625 -0.174713134765625 -0.184112548828125 0.2508544921875
-0.0595550537109375 -0.1722412109375 -0.023193359375 0.18914794921875
-0.14520263671875 -0.097930908203125 0.0111961364746094 0.0671272277832031
-0.141494750976562 -0.119400024414063 -0.0142230987548828 0.00996208190917968
-0.158050537109375 -0.113494873046875 -0.0987777709960938 -0.043914794921875
-0.083404541015625 -0.1591796875 -0.105438232421875 -0.150238037109375
0.05029296875 -0.1719970703125 0.00518798828125003 -0.298675537109375
0.174880981445313 -0.0833587646484375 0.235931396484375 -0.371185302734375
0.1563720703125 0.0858917236328125 0.533966064453125 -0.1412353515625
0.0746002197265625 0.144927978515625 0.460418701171875 0.1380615234375
0.0041351318359375 0.20147705078125 0.181991577148438 0.020416259765625
-0.0386505126953125 0.175567626953125 -0.144805908203125 -0.0555267333984375
0.0365447998046875 0.174789428710938 -0.373321533203125 -0.25738525390625
0.187118530273437 0.139358520507813 -0.498687744140625 -0.0226745605468749
0.203964233398437 -0.048309326171875 -0.407501220703125 0.240753173828125
0.0909271240234375 -0.189376831054688 -0.141357421875 0.29638671875
-0.0805511474609375 -0.1649169921875 0.033477783203125 0.2288818359375
-0.149383544921875 -0.0877685546875 0.0826339721679687 0.0944976806640625
-0.147659301757813 -0.11248779296875 0.0525970458984375 0.0359764099121094
-0.160507202148438 -0.109222412109375 -0.0344676971435547 -0.0177726745605469
-0.08172607421875 -0.151275634765625 -0.05389404296875 -0.124771118164063
0.044586181640625 -0.159149169921875 0.054840087890625 -0.282867431640625
0.15240478515625 -0.0748748779296875 0.305755615234375 -0.330047607421875
0.134605407714844 0.0647659301757813 0.58782958984375 -0.03692626953125
0.0703659057617188 0.115653991699219 0.46099853515625 0.25885009765625
0.0104217529296875 0.179168701171875 0.146240234375 0.103012084960937
-0.0265350341796875 0.141754150390625 -0.175857543945313 0.039520263671875
0.0507659912109375 0.14117431640625 -0.3587646484375 -0.12945556640625
0.162582397460938 0.0889739990234375 -0.44647216796875 0.05645751953125
0.152999877929688 -0.06329345703125 -0.348785400390625 0.291900634765625
0.0514068603515625 -0.161087036132813 -0.09295654296875 0.330902099609375
-0.0809249877929688 -0.126548767089844 0.0953216552734375 0.256332397460938
-0.12750244140625 -0.0632095336914063 0.15283203125 0.111557006835938
-0.130210876464844 -0.088775634765625 0.1124267578125 0.0548171997070312
-0.139503479003906 -0.0892410278320313 0.0252857208251953 0.00312614440917968
-0.07330322265625 -0.1259765625 0.00146484374999999 -0.101181030273438
0.028594970703125 -0.13250732421875 0.11224365234375 -0.257354736328125
0.117118835449219 -0.071075439453125 0.371185302734375 -0.259246826171875
0.112632751464844 0.029693603515625 0.60345458984375 0.0909423828125
0.0695953369140625 0.0783462524414063 0.423736572265625 0.368133544921875
0.0163650512695313 0.138824462890625 0.111190795898438 0.171630859375
-0.0112686157226563 0.0727157592773438 -0.188140869140625 0.116256713867188
0.0425033569335937 0.0734100341796875 -0.332000732421875 -0.03326416015625
0.0942306518554687 0.0386734008789062 -0.39752197265625 0.116546630859375
0.07891845703125 -0.0490493774414063 -0.291107177734375 0.329315185546875
0.014984130859375 -0.0987014770507813 -0.046783447265625 0.3514404296875
-0.0596847534179688 -0.0692520141601563 0.14776611328125 0.266510009765625
-0.0816726684570313 -0.0295486450195312 0.206497192382813 0.11700439453125
-0.0908584594726563 -0.050994873046875 0.1551513671875 0.064971923828125
-0.0984954833984375 -0.0553817749023437 0.0741500854492188 0.0156631469726563
-0.0609893798828125 -0.0832290649414063 0.0527496337890625 -0.0799942016601563
0.00572967529296875 -0.0991973876953125 0.166305541992188 -0.219406127929688
0.0768966674804688 -0.0687713623046875 0.415740966796875 -0.172637939453125
0.0905380249023437 -0.00156402587890625 0.5816650390625 0.20745849609375
0.0602607727050781 0.0477333068847656 0.369964599609375 0.44549560546875
0.0146865844726563 0.087432861328125 0.082000732421875 0.220489501953125
0.0102939605712891 -0.0244598388671875 -0.054168701171875 -0.2593994140625
-0.0343513488769531 -0.0433082580566406 -0.3095703125 -0.511871337890625
-0.0785598754882813 0.0435409545898438 -0.56109619140625 -0.2100830078125
-0.0202789306640625 0.0775985717773438 -0.472930908203125 0.139801025390625
0.0317535400390625 0.0659294128417969 -0.189041137695313 0.209442138671875
0.0545463562011719 0.032623291015625 -0.0441131591796875 0.0985031127929687
0.0504341125488281 0.00142669677734375 -0.08746337890625 -0.0119781494140625
0.0488815307617188 -0.00106430053710938 -0.160781860351563 -0.051422119140625
0.0423660278320313 -0.00448989868164063 -0.234588623046875 -0.10406494140625
0.0220355987548828 0.00393867492675781 -0.193130493164063 -0.232376098632812
0.0163955688476562 0.0175142288208008 -0.037109375 -0.34381103515625
0.0105018615722656 0.0131196975708008 0.19244384765625 -0.366119384765625
-0.0241241455078125 -0.0050048828125 0.397308349609375 -0.199615478515625
-0.00464630126953125 -0.0167093276977539 0.3372802734375 -0.055450439453125
0.0186710357666016 -0.0124492645263672 0.230819702148438 -0.173599243164063
0.0229511260986328 0.0285739898681641 -0.045318603515625 -0.264556884765625
-0.00339889526367187 -0.0110292434692383 -0.29827880859375 -0.536346435546875
-0.0225448608398438 0.0683479309082031 -0.5531005859375 -0.24725341796875
0.0386734008789063 0.0642356872558594 -0.485382080078125 0.102325439453125
0.0648384094238281 0.00755691528320313 -0.208450317382813 0.189498901367187
0.0292453765869141 -0.0276031494140625 -0.0676651000976562 0.09967041015625
-0.00996208190917969 -0.0316143035888672 -0.0979461669921875 -0.00231933593750002
-0.0125160217285156 -0.0390243530273438 -0.15618896484375 -0.04339599609375
-0.0258102416992188 -0.0385780334472656 -0.235321044921875 -0.0927886962890625
-0.0207099914550781 -0.053863525390625 -0.205612182617188 -0.213653564453125
0.0229682922363281 -0.0597000122070313 -0.060211181640625 -0.33245849609375
0.0765457153320312 -0.0386505126953125 0.154266357421875 -0.379852294921875
0.0612068176269531 0.027923583984375 0.38189697265625 -0.230133056640625
0.0350608825683594 0.0556640625 0.344146728515625 -0.0736083984375
0.0152511596679688 0.0733108520507813 0.224273681640625 -0.176864624023437
0.0191879272460938 0.0796279907226562 -0.049957275390625 -0.251205444335938
0.0117835998535156 0.0357742309570313 -0.316802978515625 -0.5318603515625
0.0419998168945312 0.103439331054688 -0.5625 -0.23443603515625
0.107612609863281 0.0446243286132812 -0.4898681640625 0.10882568359375
0.0958404541015625 -0.06182861328125 -0.210784912109375 0.196273803710938
-0.00255584716796876 -0.0893630981445313 -0.0703887939453125 0.117935180664063
-0.069122314453125 -0.0601425170898437 -0.0833511352539063 0.0166091918945313
-0.0710983276367188 -0.0719528198242188 -0.127006530761719 -0.0291900634765625
-0.0884933471679688 -0.0674819946289062 -0.210342407226562 -0.0766754150390625
-0.05841064453125 -0.10150146484375 -0.194000244140625 -0.188949584960937
0.0280380249023437 -0.122207641601563 -0.066070556640625 -0.319671630859375
0.128654479980469 -0.0783920288085938 0.139434814453125 -0.392364501953125
0.126022338867188 0.0535049438476562 0.400146484375 -0.246063232421875
0.0659713745117187 0.110298156738281 0.380126953125 -0.053558349609375
0.016754150390625 0.141693115234375 0.214385986328125 -0.140167236328125
-0.00059509277343749 0.125526428222656 -0.071014404296875 -0.21270751953125
0.013397216796875 0.0950088500976563 -0.35736083984375 -0.475433349609375
0.10931396484375 0.138069152832031 -0.5699462890625 -0.17279052734375
0.170867919921875 0.01361083984375 -0.477691650390625 0.154388427734375
0.111320495605469 -0.129753112792969 -0.19580078125 0.227584838867188
-0.0380477905273437 -0.138458251953125 -0.0496978759765625 0.151016235351562
-0.118072509765625 -0.078643798828125 -0.0441017150878906 0.0405616760253906
-0.118927001953125 -0.0953369140625 -0.077850341796875 -0.0107192993164063
-0.137008666992188 -0.087860107421875 -0.164291381835937 -0.05657958984375
-0.0830459594726563 -0.133522033691406 -0.163497924804687 -0.1636962890625
0.0343780517578125 -0.16033935546875 -0.052032470703125 -0.309722900390625
0.160079956054688 -0.0958404541015625 0.1546630859375 -0.39910888671875
0.158309936523437 0.0720062255859375 0.451416015625 -0.236541748046875
0.0796127319335938 0.138214111328125 0.43145751953125 0.00598144531250001
0.019287109375 0.1806640625 0.19970703125 -0.072784423828125
-0.0173797607421875 0.159011840820313 -0.107772827148437 -0.144287109375
0.0263671875 0.146804809570313 -0.39202880859375 -0.368011474609375
0.167770385742188 0.14569091796875 -0.550994873046875 -0.08026123046875
0.203994750976562 -0.026702880859375 -0.4425048828125 0.21624755859375
0.102371215820312 -0.1785888671875 -0.163192749023437 0.268280029296875
-0.0713043212890625 -0.161636352539063 -0.00694274902343749 0.189743041992187
-0.147735595703125 -0.0827789306640625 0.0163803100585937 0.0653038024902344
-0.148025512695313 -0.104141235351563 -0.0145015716552734 0.00963878631591796
-0.1624755859375 -0.0958709716796875 -0.104393005371094 -0.0350494384765625
-0.0928497314453125 -0.145278930664063 -0.118736267089844 -0.140182495117188
0.036529541015625 -0.168014526367188 -0.020263671875 -0.30133056640625
0.162551879882813 -0.0919647216796875 0.2032470703125 -0.392913818359375
0.15216064453125 0.0713958740234375 0.524383544921875 -0.1871337890625
0.0790176391601562 0.131172180175781 0.47589111328125 0.102813720703125
0.02532958984375 0.18560791015625 0.178634643554688 0.00973510742187501
-0.0229644775390625 0.166122436523438 -0.144821166992188 -0.0532379150390625
0.0473175048828125 0.162322998046875 -0.398040771484375 -0.232208251953125
0.193145751953125 0.119659423828125 -0.5052490234375 0.0156249999999999
0.193939208984375 -0.062255859375 -0.387908935546875 0.2747802734375
0.072479248046875 -0.19171142578125 -0.117950439453125 0.308502197265625
-0.091064453125 -0.154190063476563 0.0520477294921875 0.223861694335937
-0.151748657226563 -0.0735931396484375 0.0886383056640625 0.0843505859375
-0.154129028320313 -0.0970306396484375 0.0525894165039062 0.02783203125
-0.165206909179687 -0.0907745361328125 -0.0396842956542969 -0.015838623046875
-0.0913162231445313 -0.138252258300781 -0.0662307739257813 -0.120590209960938
0.0308074951171875 -0.154266357421875 0.028289794921875 -0.29193115234375
0.139602661132813 -0.0829238891601562 0.2757568359375 -0.359954833984375
0.129623413085938 0.0492095947265625 0.588623046875 -0.09039306640625
0.0759506225585938 0.10076904296875 0.486968994140625 0.222381591796875
0.03131103515625 0.164016723632813 0.151382446289063 0.091552734375
-0.0155181884765625 0.135223388671875 -0.167800903320313 0.04266357421875
0.05999755859375 0.130805969238281 -0.373138427734375 -0.106231689453125
0.167617797851563 0.072784423828125 -0.44580078125 0.0891723632812499
0.143630981445313 -0.0747528076171875 -0.32666015625 0.32000732421875
0.0361480712890625 -0.162734985351563 -0.066680908203125 0.33819580078125
-0.0889129638671875 -0.118179321289062 0.114822387695313 0.244766235351563
-0.129074096679688 -0.0518951416015625 0.158859252929688 0.094818115234375
-0.135658264160156 -0.0755767822265625 0.1134033203125 0.0409774780273437
-0.144180297851563 -0.073638916015625 0.0216789245605469 -0.00140953063964844
-0.0819854736328125 -0.11328125 -0.0101089477539063 -0.10345458984375
0.0159530639648438 -0.128570556640625 0.0885772705078125 -0.272918701171875
0.104682922363281 -0.07928466796875 0.34906005859375 -0.295867919921875
0.107719421386719 0.0157318115234375 0.6173095703125 0.03790283203125
0.0755615234375 0.0663528442382813 0.460601806640625 0.334503173828125
0.0347824096679688 0.127517700195312 0.124862670898438 0.161178588867188
-0.00544357299804687 0.0697593688964844 -0.174224853515625 0.1181640625
0.0488624572753906 0.0659523010253906 -0.338531494140625 -0.0144042968749999
0.0977630615234375 0.028778076171875 -0.392242431640625 0.14483642578125
0.0726547241210938 -0.055694580078125 -0.266510009765625 0.35260009765625
0.00609588623046875 -0.09893798828125 -0.019378662109375 0.355621337890625
-0.06378173828125 -0.0640335083007812 0.16802978515625 0.251556396484375
-0.08209228515625 -0.0236968994140625 0.212539672851563 0.0961151123046875
-0.0941619873046875 -0.042816162109375 0.156768798828125 0.047210693359375
-0.101631164550781 -0.0454483032226563 0.0703125 0.00579071044921875
-0.0668411254882813 -0.0750885009765625 0.0428314208984375 -0.0894393920898437
-0.0027618408203125 -0.0957794189453125 0.146270751953125 -0.2418212890625
0.0678863525390625 -0.0752487182617188 0.404296875 -0.21441650390625
0.0865402221679688 -0.01190185546875 0.60650634765625 0.156982421875
0.0642929077148437 0.041107177734375 0.412384033203125 0.417572021484375
0.026824951171875 0.0819320678710938 0.1021728515625 0.211441040039063
0.00823974609375 -0.0294361114501953 -0.07403564453125 -0.246444702148437
-0.0365791320800781 -0.042327880859375 -0.347747802734375 -0.479278564453125
-0.0739288330078125 0.0474090576171875 -0.5709228515625 -0.16448974609375
-0.016632080078125 0.0767440795898438 -0.45721435546875 0.1778564453125
0.0358772277832031 0.0623931884765625 -0.169464111328125 0.227264404296875
0.0571136474609375 0.0293464660644531 -0.0330123901367187 0.103973388671875
0.0494194030761719 -0.002685546875 -0.0823898315429688 -0.00286865234375
0.0486793518066406 -0.00616073608398437 -0.157424926757813 -0.034271240234375
0.0422592163085938 -0.00797653198242188 -0.233749389648437 -0.077301025390625
0.0228252410888672 0.00415229797363281 -0.203842163085938 -0.207275390625
0.0184955596923828 0.0180339813232422 -0.0601806640625 -0.33331298828125
0.0118064880371094 0.0129413604736328 0.161651611328125 -0.373382568359375
-0.0264739990234375 -0.000156402587890626 0.3751220703125 -0.222137451171875
-0.00846672058105469 -0.0140113830566406 0.330657958984375 -0.072265625
0.0162591934204102 -0.0152549743652344 0.209152221679688 -0.1741943359375
0.0266685485839844 0.0168437957763672 -0.06463623046875 -0.252960205078125
-0.0037384033203125 -0.0178298950195312 -0.33636474609375 -0.5040283203125
-0.0203018188476563 0.063446044921875 -0.56658935546875 -0.20208740234375
0.0363578796386719 0.0589370727539063 -0.46978759765625 0.1409912109375
0.0615272521972656 0.00531005859375 -0.189285278320312 0.20806884765625
0.0281410217285156 -0.0254650115966797 -0.0555801391601563 0.107048034667969
-0.0102748870849609 -0.0285472869873047 -0.0918731689453125 0.00753784179687501
-0.013580322265625 -0.0364799499511719 -0.153213500976563 -0.0272979736328125
-0.0253238677978516 -0.0348663330078125 -0.234970092773438 -0.0669708251953125
-0.0221748352050781 -0.047271728515625 -0.2138671875 -0.188247680664063
0.01947021484375 -0.0567665100097656 -0.0823974609375 -0.3211669921875
0.0711898803710938 -0.0413894653320313 0.12188720703125 -0.38348388671875
0.057373046875 0.025970458984375 0.357452392578125 -0.25103759765625
0.032806396484375 0.0526046752929687 0.335693359375 -0.09112548828125
0.0190048217773438 0.064300537109375 0.202011108398437 -0.177261352539063
0.0267829895019531 0.0639877319335938 -0.066680908203125 -0.241424560546875
0.0126018524169922 0.0231056213378906 -0.35430908203125 -0.49676513671875
0.0428924560546875 0.0912017822265625 -0.57415771484375 -0.1878662109375
0.0997238159179688 0.0356826782226563 -0.47222900390625 0.148162841796875
0.0841827392578125 -0.0626449584960938 -0.190353393554688 0.212570190429688
-0.0070343017578125 -0.081024169921875 -0.057647705078125 0.123428344726562
-0.0688858032226563 -0.0504417419433594 -0.0776519775390625 0.023590087890625
-0.0724716186523438 -0.0625 -0.124595642089844 -0.0169219970703125
-0.0877685546875 -0.0564727783203125 -0.209869384765625 -0.0540313720703125
-0.0610198974609375 -0.0898590087890625 -0.201766967773438 -0.165557861328125
0.0201339721679688 -0.117202758789063 -0.087127685546875 -0.308197021484375
0.118316650390625 -0.0825729370117188 0.10595703125 -0.3935546875
0.1212158203125 0.0465164184570313 0.3734130859375 -0.268402099609375
0.066253662109375 0.101318359375 0.371063232421875 -0.0750732421875
0.0257339477539062 0.126777648925781 0.19415283203125 -0.142318725585938
0.0103378295898438 0.108482360839844 -0.083160400390625 -0.2044677734375
0.017578125 0.08001708984375 -0.3887939453125 -0.438751220703125
0.109504699707031 0.119705200195313 -0.5745849609375 -0.1246337890625
0.158584594726563 0.0028076171875 -0.455322265625 0.189300537109375
0.0941162109375 -0.128768920898438 -0.173019409179688 0.239486694335937
-0.0455322265625 -0.126136779785156 -0.035003662109375 0.152450561523438
-0.116897583007813 -0.0640945434570313 -0.038787841796875 0.0430908203125
-0.120903015136719 -0.0805816650390625 -0.07708740234375 -0.00402069091796874
-0.135040283203125 -0.072357177734375 -0.164840698242188 -0.0392913818359375
-0.087493896484375 -0.118515014648438 -0.170867919921875 -0.144485473632812
0.023193359375 -0.152450561523437 -0.074676513671875 -0.299102783203125
0.146026611328125 -0.1007080078125 0.119384765625 -0.4014892578125
0.151107788085938 0.060882568359375 0.424285888671875 -0.264312744140625
0.0805206298828125 0.12548828125 0.42510986328125 -0.022247314453125
0.0326080322265625 0.161712646484375 0.185150146484375 -0.0783233642578125
-0.00482177734374999 0.143402099609375 -0.112373352050781 -0.137702941894531
0.0325088500976563 0.130882263183594 -0.41339111328125 -0.33197021484375
0.167160034179688 0.12451171875 -0.548797607421875 -0.0379638671875
0.1898193359375 -0.0378875732421875 -0.41595458984375 0.244598388671875
0.083282470703125 -0.176528930664062 -0.13848876953125 0.275680541992187
-0.078948974609375 -0.147186279296875 0.00871276855468747 0.184722900390625
-0.145172119140625 -0.0661468505859375 0.0208473205566406 0.0611724853515625
-0.149551391601563 -0.0865936279296875 -0.0155191421508789 0.00931739807128906
-0.16143798828125 -0.076690673828125 -0.105743408203125 -0.0244827270507813
-0.0974044799804688 -0.12786865234375 -0.126060485839844 -0.126327514648438
0.0238800048828125 -0.159393310546875 -0.04449462890625 -0.29449462890625
0.146240234375 -0.09710693359375 0.165679931640625 -0.3988037109375
0.1446533203125 0.05780029296875 0.497802734375 -0.223388671875
0.0805511474609375 0.116058349609375 0.474029541015625 0.067138671875
0.0403900146484375 0.165328979492188 0.17041015625 3.05175781250101E-05
-0.0106353759765625 0.153213500976562 -0.14117431640625 -0.0491180419921875
0.0537872314453125 0.147003173828125 -0.4075927734375 -0.2003173828125
0.19195556640625 0.0991058349609375 -0.494659423828125 0.0500488281250001
0.179611206054688 -0.07275390625 -0.358856201171875 0.296600341796875
0.0541839599609375 -0.188430786132813 -0.091644287109375 0.310699462890625
-0.0976333618164062 -0.139488220214844 0.06707763671875 0.212387084960938
-0.149856567382813 -0.0576171875 0.0908279418945312 0.0733718872070313
-0.155517578125 -0.079833984375 0.0499343872070312 0.0209007263183594
-0.163848876953125 -0.0719451904296875 -0.0424461364746094 -0.0123138427734375
-0.0963973999023437 -0.120674133300781 -0.0742721557617188 -0.112579345703125
0.0173797607421875 -0.145736694335938 0.00381469726562503 -0.290435791015625
0.124114990234375 -0.0881271362304688 0.23828125 -0.37432861328125
0.121437072753906 0.0357894897460938 0.569091796875 -0.13427734375
0.07781982421875 0.085418701171875 0.49462890625 0.18096923828125
0.046905517578125 0.1455078125 0.151519775390625 0.078948974609375
-0.005950927734375 0.126350402832031 -0.156936645507813 0.0436248779296875
0.0661468505859375 0.117416381835938 -0.375 -0.0813598632812499
0.16632080078125 0.055755615234375 -0.431427001953125 0.11773681640625
0.132011413574219 -0.0815658569335937 -0.295257568359375 0.33551025390625
0.0215911865234375 -0.1590576171875 -0.0396728515625 0.3355712890625
-0.0934219360351563 -0.106376647949219 0.129425048828125 0.228118896484375
-0.126663208007813 -0.0400619506835937 0.15899658203125 0.07763671875
-0.13671875 -0.06121826171875 0.109565734863281 0.0279922485351562
-0.142440795898437 -0.0571136474609375 0.0166702270507812 -0.00459384918212891
-0.0863037109375 -0.098785400390625 -0.0196075439453125 -0.102531433105469
0.00418853759765624 -0.121070861816406 0.0628204345703125 -0.278228759765625
0.0907821655273438 -0.0829925537109375 0.3170166015625 -0.320068359375
0.100051879882812 0.003570556640625 0.60870361328125 -0.01287841796875
0.0779266357421875 0.0537643432617188 0.478271484375 0.29168701171875
0.0481109619140625 0.112869262695312 0.132797241210938 0.146270751953125
-0.00107574462890625 0.0658187866210937 -0.158065795898438 0.116439819335938
0.0516586303710937 0.0570564270019531 -0.33551025390625 0.00640869140624994
0.0978546142578125 0.018096923828125 -0.376495361328125 0.167755126953125
0.0649833679199219 -0.0592308044433594 -0.234619140625 0.363311767578125
-0.0029296875 -0.0960464477539063 0.00735473632812497 0.34881591796875
-0.0661888122558594 -0.0574226379394531 0.181427001953125 0.230514526367188
-0.080718994140625 -0.0170211791992187 0.210891723632812 0.0739898681640625
-0.09454345703125 -0.0344009399414063 0.151885986328125 0.0298614501953125
-0.101615905761719 -0.034515380859375 0.0640602111816406 -0.00230026245117188
-0.0695953369140625 -0.064453125 0.0322418212890625 -0.093963623046875
-0.0106353759765625 -0.0903396606445313 0.122650146484375 -0.254837036132813
0.0573806762695313 -0.077880859375 0.37701416015625 -0.245513916015625
0.0799942016601562 -0.0198135375976562 0.6083984375 0.1068115234375
0.0669174194335938 0.0335464477539063 0.43817138671875 0.377197265625
0.035614013671875 0.07421875 0.116455078125 0.196563720703125
0.00558280944824219 -0.0321254730224609 -0.0845794677734375 -0.23162841796875
-0.0379142761230469 -0.0411720275878906 -0.363189697265625 -0.445831298828125
-0.0689620971679688 0.0488166809082031 -0.56561279296875 -0.13201904296875
-0.01458740234375 0.0748672485351563 -0.4351806640625 0.199798583984375
0.0370292663574219 0.05859375 -0.151824951171875 0.2340087890625
0.0581588745117188 0.025665283203125 -0.0238189697265625 0.106681823730469
0.047454833984375 -0.00457763671875 -0.0766983032226562 0.00282287597656251
0.0468406677246094 -0.0089111328125 -0.150192260742187 -0.02166748046875
0.0413169860839844 -0.0102729797363281 -0.22650146484375 -0.0569000244140625
0.0237903594970703 0.00538444519042969 -0.204177856445312 -0.185317993164063
0.0192813873291016 0.0180244445800781 -0.0736083984375 -0.31964111328125
0.0118141174316406 0.0129604339599609 0.136505126953125 -0.368927001953125
-0.027252197265625 0.00475883483886719 0.35107421875 -0.2303466796875
-0.0107326507568359 -0.0108795166015625 0.32012939453125 -0.0802001953125
0.014190673828125 -0.0177955627441406 0.191482543945312 -0.167694091796875
0.0268745422363281 0.00741958618164062 -0.076171875 -0.238525390625
-0.00530052185058594 -0.0232944488525391 -0.354888916015625 -0.4696044921875
-0.0189743041992188 0.0582542419433594 -0.561737060546875 -0.166839599609375
0.032928466796875 0.0551109313964844 -0.44903564453125 0.1650390625
0.0568771362304688 0.00429916381835938 -0.171661376953125 0.216354370117188
0.0276699066162109 -0.0226802825927734 -0.0459823608398438 0.109519958496094
-0.00973892211914062 -0.0251522064208984 -0.0857620239257813 0.0135879516601562
-0.0138740539550781 -0.0336761474609375 -0.146621704101563 -0.0160980224609375
-0.0237407684326172 -0.0315532684326172 -0.22760009765625 -0.047271728515625
-0.0211105346679688 -0.0417823791503906 -0.213211059570313 -0.16668701171875
0.0169486999511719 -0.0529403686523438 -0.094329833984375 -0.306610107421875
0.0662117004394531 -0.0415458679199219 0.098052978515625 -0.37615966796875
0.053375244140625 0.0257453918457031 0.333404541015625 -0.2578125
0.0302772521972656 0.0507049560546875 0.3238525390625 -0.098785400390625
0.0198631286621094 0.0557708740234375 0.184356689453125 -0.17041015625
0.0297813415527344 0.0498466491699219 -0.07562255859375 -0.228912353515625
0.0116844177246094 0.0124711990356445 -0.370330810546875 -0.462249755859375
0.0401229858398438 0.0802536010742188 -0.568603515625 -0.15374755859375
0.0909271240234375 0.0306549072265625 -0.449951171875 0.170806884765625
0.0743331909179688 -0.0603866577148438 -0.172088623046875 0.219619750976563
-0.009185791015625 -0.0733795166015625 -0.0465621948242187 0.124618530273438
-0.0654945373535156 -0.0419654846191406 -0.0719375610351562 0.0276336669921875
-0.0715713500976563 -0.0545883178710937 -0.119911193847656 -0.00761413574218752
-0.08331298828125 -0.0486068725585937 -0.203842163085938 -0.0364227294921875
-0.0599136352539062 -0.079498291015625 -0.201095581054688 -0.145965576171875
0.01513671875 -0.109687805175781 -0.0987548828125 -0.294036865234375
0.108985900878906 -0.0822601318359375 0.08203125 -0.3836669921875
0.114601135253906 0.0421600341796875 0.347747802734375 -0.2757568359375
0.0627670288085938 0.0948867797851563 0.357330322265625 -0.08673095703125
0.0288619995117187 0.112228393554688 0.177703857421875 -0.13751220703125
0.016265869140625 0.0933685302734375 -0.088287353515625 -0.195068359375
0.0179290771484375 0.066558837890625 -0.398406982421875 -0.402587890625
0.104598999023437 0.104377746582031 -0.564208984375 -0.09246826171875
0.145889282226563 -0.0026092529296875 -0.42962646484375 0.20855712890625
0.080169677734375 -0.124382019042969 -0.153244018554687 0.243194580078125
-0.0472564697265625 -0.113975524902344 -0.024139404296875 0.1495361328125
-0.111885070800781 -0.0527191162109375 -0.0342826843261719 0.0431022644042969
-0.11859130859375 -0.068115234375 -0.074371337890625 0.001007080078125
-0.129920959472656 -0.059356689453125 -0.1605224609375 -0.025390625
-0.0861434936523438 -0.10443115234375 -0.170166015625 -0.127365112304688
0.0159759521484375 -0.143157958984375 -0.08709716796875 -0.286163330078125
0.133514404296875 -0.100418090820313 0.0931396484375 -0.39190673828125
0.142379760742188 0.0533905029296875 0.39605712890625 -0.274993896484375
0.0778121948242188 0.114471435546875 0.411224365234375 -0.03961181640625
0.03826904296875 0.1434326171875 0.170211791992188 -0.07757568359375
0.001800537109375 0.128868103027344 -0.112205505371094 -0.131637573242188
0.0333099365234375 0.115493774414063 -0.416778564453125 -0.30120849609375
0.160629272460937 0.107681274414063 -0.533294677734375 -0.010284423828125
0.17510986328125 -0.043060302734375 -0.387908935546875 0.258544921875
0.067901611328125 -0.169113159179687 -0.1181640625 0.273513793945313
-0.0809326171875 -0.133064270019531 0.0184173583984375 0.177703857421875
-0.139091491699219 -0.0531005859375 0.022216796875 0.0571327209472656
-0.146636962890625 -0.0723724365234375 -0.0162067413330078 0.00914955139160156
-0.155044555664063 -0.062255859375 -0.103874206542969 -0.0153274536132812
-0.096527099609375 -0.112335205078125 -0.127235412597656 -0.113105773925781
0.0156707763671875 -0.148727416992188 -0.059051513671875 -0.283416748046875
0.132705688476563 -0.096588134765625 0.1370849609375 -0.392303466796875
0.134559631347656 0.050079345703125 0.470489501953125 -0.24114990234375
0.078338623046875 0.103645324707031 0.461761474609375 0.040924072265625
0.0473175048828125 0.145660400390625 0.160324096679688 -0.00416564941406249
-0.003814697265625 0.1407470703125 -0.135421752929688 -0.046844482421875
0.0554656982421875 0.132308959960938 -0.405120849609375 -0.175323486328125
0.185272216796875 0.0829620361328125 -0.478546142578125 0.071533203125
0.16583251953125 -0.07537841796875 -0.330810546875 0.303253173828125
0.04052734375 -0.180816650390625 -0.07293701171875 0.304168701171875
-0.0986785888671875 -0.125953674316406 0.0760040283203125 0.20001220703125
-0.143218994140625 -0.045928955078125 0.089385986328125 0.06396484375
-0.152740478515625 -0.066131591796875 0.0468215942382812 0.0156402587890625
-0.157394409179687 -0.0572509765625 -0.04327392578125 -0.00864410400390626
-0.0952301025390625 -0.105812072753906 -0.0779953002929688 -0.104217529296875
0.0096282958984375 -0.135307312011719 -0.013824462890625 -0.282958984375
0.110069274902344 -0.08758544921875 0.2086181640625 -0.373809814453125
0.111251831054688 0.0269012451171875 0.542938232421875 -0.159759521484375
0.07647705078125 0.0730667114257813 0.487762451171875 0.148529052734375
0.0544357299804687 0.126754760742188 0.146652221679688 0.0701141357421875
-0.00122070312499999 0.117958068847656 -0.146316528320313 0.0407562255859375
0.06671142578125 0.105148315429688 -0.367279052734375 -0.063140869140625
0.160232543945313 0.04296875 -0.414093017578125 0.132965087890625
0.120941162109375 -0.082916259765625 -0.268310546875 0.337677001953125
0.0114593505859375 -0.152236938476563 -0.02178955078125 0.325225830078125
-0.0936355590820313 -0.0960006713867187 0.13592529296875 0.211334228515625
-0.121452331542969 -0.0306625366210938 0.154144287109375 0.0635833740234375
-0.134170532226563 -0.0493011474609375 0.103279113769531 0.0186004638671875
-0.137565612792969 -0.0448684692382812 0.0127038955688476 -0.00558757781982422
-0.0855636596679687 -0.085540771484375 -0.02545166015625 -0.099273681640625
-0.00260162353515625 -0.111915588378906 0.043670654296875 -0.276321411132812
0.0782470703125 -0.0826492309570313 0.2869873046875 -0.3267822265625
0.0912094116210938 -0.003631591796875 0.58892822265625 -0.045654296875
0.0774002075195313 0.0432357788085938 0.476806640625 0.257568359375
0.0547637939453125 0.0987396240234375 0.133209228515625 0.133590698242188
0.000774383544921871 0.0623130798339844 -0.144943237304688 0.110000610351562
0.0521240234375 0.0488204956054688 -0.325897216796875 0.0187683105468749
0.094390869140625 0.00994110107421875 -0.35748291015625 0.178802490234375
0.0586318969726563 -0.0595817565917969 -0.20849609375 0.360870361328125
-0.00864410400390624 -0.091796875 0.02410888671875 0.3350830078125
-0.0656356811523438 -0.0516204833984375 0.185409545898437 0.210418701171875
-0.0776901245117188 -0.0119552612304688 0.203903198242187 0.0570220947265625
-0.0930709838867188 -0.0269699096679688 0.144515991210938 0.01800537109375
-0.0981216430664063 -0.0259475708007812 0.0578727722167969 -0.00667190551757813
-0.068603515625 -0.0550956726074219 0.0241165161132813 -0.0955581665039063
-0.0154647827148437 -0.083740234375 0.102462768554687 -0.257797241210937
0.0486221313476562 -0.077301025390625 0.35186767578125 -0.259368896484375
0.0738677978515625 -0.0237808227539063 0.5948486328125 0.0699462890625
0.067657470703125 0.0276603698730469 0.44561767578125 0.341705322265625
0.0403099060058594 0.0661087036132812 0.1214599609375 0.182464599609375
0.00254058837890625 -0.0331954956054688 -0.0892486572265625 -0.22088623046875
-0.0383834838867188 -0.0404090881347656 -0.3675537109375 -0.42510986328125
-0.0660285949707031 0.0485763549804688 -0.55938720703125 -0.114166259765625
-0.0132522583007813 0.072906494140625 -0.42108154296875 0.20947265625
0.0370635986328125 0.0557518005371094 -0.140777587890625 0.238250732421875
0.0584983825683594 0.0233650207519531 -0.01849365234375 0.108551025390625
0.0462188720703125 -0.00528335571289063 -0.07257080078125 0.00683593749999999
0.0450592041015625 -0.0105323791503906 -0.143386840820312 -0.0142974853515625
0.041107177734375 -0.0119247436523438 -0.218292236328125 -0.0435638427734375
0.0246620178222656 0.00579452514648438 -0.2010498046875 -0.170242309570312
0.0201816558837891 0.018280029296875 -0.07952880859375 -0.309295654296875
0.0111083984375 0.0128965377807617 0.123016357421875 -0.36273193359375
-0.0278377532958984 0.00861167907714844 0.336700439453125 -0.23114013671875
-0.0122098922729492 -0.00789928436279297 0.313751220703125 -0.081756591796875
0.0116004943847656 -0.0189876556396484 0.181411743164063 -0.159042358398438
0.0261096954345703 0.00144004821777344 -0.0803680419921875 -0.22906494140625
-0.00632476806640625 -0.0278453826904297 -0.3590087890625 -0.448822021484375
-0.0197525024414063 0.054046630859375 -0.5560302734375 -0.149566650390625
0.0295295715332031 0.0533447265625 -0.434967041015625 0.176025390625
0.0525093078613281 0.00452804565429688 -0.161575317382813 0.220779418945313
0.0278034210205078 -0.0207939147949219 -0.0392990112304687 0.111534118652344
-0.00850677490234375 -0.021942138671875 -0.081085205078125 0.016998291015625
-0.0142784118652344 -0.0312023162841797 -0.141021728515625 -0.00886535644531253
-0.0223274230957031 -0.0297813415527344 -0.219772338867188 -0.0342559814453125
-0.0192680358886719 -0.0373115539550781 -0.2093505859375 -0.152206420898437
0.0166702270507813 -0.0496406555175781 -0.098968505859375 -0.297027587890625
0.0621223449707031 -0.0404739379882813 0.084869384765625 -0.367156982421875
0.0503578186035156 0.0272445678710938 0.318603515625 -0.257171630859375
0.0277824401855469 0.0497703552246094 0.316619873046875 -0.100830078125
0.018218994140625 0.0492324829101562 0.173538208007813 -0.161819458007813
0.0307655334472656 0.0405235290527344 -0.078460693359375 -0.221237182617187
0.0102624893188477 0.00450801849365234 -0.373992919921875 -0.441741943359375
0.0362625122070312 0.0720062255859375 -0.561553955078125 -0.13531494140625
0.0839080810546875 0.0284576416015625 -0.43389892578125 0.181060791015625
0.0669937133789063 -0.0567779541015625 -0.16046142578125 0.222412109375
-0.00907516479492187 -0.0671577453613281 -0.0400314331054688 0.125045776367188
-0.0620079040527344 -0.0359573364257813 -0.0680351257324219 0.0304756164550781
-0.0697822570800781 -0.0486602783203125 -0.115760803222656 -0.00232696533203125
-0.0799331665039063 -0.0433120727539062 -0.19708251953125 -0.02508544921875
-0.0568008422851563 -0.07196044921875 -0.196365356445313 -0.133087158203125
0.0133590698242188 -0.103767395019531 -0.1046142578125 -0.284210205078125
0.102378845214844 -0.0802993774414063 0.0682373046875 -0.374237060546875
0.108299255371094 0.0415878295898437 0.332733154296875 -0.275482177734375
0.0594711303710938 0.0905303955078125 0.349212646484375 -0.09002685546875
0.0284347534179688 0.10150146484375 0.167327880859375 -0.130462646484375
0.0185546875 0.0819015502929688 -0.088348388671875 -0.190200805664063
0.01580810546875 0.0558967590332031 -0.400421142578125 -0.3831787109375
0.0980911254882813 0.0942916870117188 -0.555450439453125 -0.0771179199218749
0.136192321777344 -0.00457000732421875 -0.41290283203125 0.216400146484375
0.071380615234375 -0.118217468261719 -0.141525268554687 0.242691040039063
-0.0477066040039062 -0.105270385742188 -0.0175323486328125 0.147232055664063
-0.106094360351562 -0.0448150634765625 -0.0323028564453125 0.0435714721679688
-0.115463256835938 -0.0598907470703125 -0.0727767944335938 0.0041961669921875
-0.124412536621094 -0.0519180297851563 -0.155242919921875 -0.0163116455078125
-0.082427978515625 -0.0950927734375 -0.167068481445312 -0.116378784179688
0.01300048828125 -0.135116577148437 -0.093475341796875 -0.277252197265625
0.125442504882813 -0.097320556640625 0.078643798828125 -0.3819580078125
0.13421630859375 0.0513153076171875 0.377685546875 -0.2763671875
0.0738449096679688 0.107940673828125 0.401458740234375 -0.047454833984375
0.0387802124023438 0.129348754882813 0.160797119140625 -0.0735015869140625
0.00475311279296874 0.117416381835938 -0.109695434570313 -0.129730224609375
0.0312347412109375 0.104164123535156 -0.41326904296875 -0.283538818359375
0.15277099609375 0.096893310546875 -0.5218505859375 0.00317382812500007
0.164779663085938 -0.044036865234375 -0.369537353515625 0.262237548828125
0.0587310791015625 -0.161895751953125 -0.10693359375 0.270401000976563
-0.07958984375 -0.123023986816406 0.02435302734375 0.171234130859375
-0.132575988769531 -0.0450286865234375 0.0227890014648437 0.0536384582519531
-0.143295288085938 -0.0621185302734375 -0.0166730880737305 0.00910091400146484
-0.14837646484375 -0.0529022216796875 -0.101127624511719 -0.00937652587890627
-0.0928192138671875 -0.101638793945313 -0.125885009765625 -0.10455322265625
0.0114822387695312 -0.139633178710938 -0.06683349609375 -0.275466918945313
0.12286376953125 -0.0937423706054688 0.12109375 -0.384185791015625
0.1256103515625 0.04571533203125 0.4490966796875 -0.24615478515625
0.075408935546875 0.0948486328125 0.4522705078125 0.029754638671875
0.0495529174804688 0.130096435546875 0.152542114257813 -0.00346374511718749
-0.000831604003906253 0.131278991699219 -0.130157470703125 -0.0487518310546875
0.0535202026367187 0.121299743652344 -0.399505615234375 -0.162994384765625
0.177871704101563 0.07318115234375 -0.464447021484375 0.080322265625
0.156448364257812 -0.0753631591796875 -0.314178466796875 0.30364990234375
0.0326385498046875 -0.17352294921875 -0.061798095703125 0.29815673828125
-0.0970687866210938 -0.117271423339844 0.079132080078125 0.191146850585938
-0.136604309082031 -0.0380935668945312 0.0866775512695312 0.0577926635742188
-0.148941040039063 -0.0566253662109375 0.0430450439453125 0.0125198364257812
-0.151657104492188 -0.0476226806640625 -0.04400634765625 -0.00572586059570312
-0.0922622680664063 -0.0942916870117187 -0.07867431640625 -0.0992050170898438
0.0053253173828125 -0.125946044921875 -0.02337646484375 -0.277359008789063
0.0999374389648438 -0.0849151611328125 0.19195556640625 -0.36865234375
0.102493286132812 0.0230484008789063 0.524993896484375 -0.170684814453125
0.0744552612304688 0.064178466796875 0.478546142578125 0.13275146484375
0.0573577880859375 0.113113403320313 0.141357421875 0.0672149658203125
0.00127410888671875 0.111358642578125 -0.139015197753906 0.035430908203125
0.0645294189453125 0.096832275390625 -0.36083984375 -0.055328369140625
0.154403686523438 0.0355682373046875 -0.40203857421875 0.137664794921875
0.113784790039063 -0.0823287963867188 -0.253173828125 0.3341064453125
0.00561523437499999 -0.146194458007813 -0.012237548828125 0.31646728515625
-0.0924530029296875 -0.0893020629882812 0.137435913085938 0.199676513671875
-0.116477966308594 -0.0254287719726562 0.1488037109375 0.0545654296875
-0.130905151367187 -0.0419998168945312 0.0978469848632813 0.012908935546875
-0.132492065429688 -0.0364151000976562 0.00990962982177734 -0.00585651397705078
-0.0828475952148438 -0.076446533203125 -0.0282135009765625 -0.0971755981445313
-0.0066375732421875 -0.104934692382813 0.032684326171875 -0.273788452148438
0.0693511962890625 -0.0806427001953125 0.270233154296875 -0.326995849609375
0.0843887329101563 -0.00765228271484375 0.57293701171875 -0.06072998046875
0.0770797729492187 0.035980224609375 0.470947265625 0.2373046875
0.0571975708007813 0.0879974365234375 0.131141662597656 0.127906799316406
0.00258255004882812 0.0606422424316406 -0.136260986328125 0.101875305175781
0.0508613586425781 0.04315185546875 -0.31866455078125 0.021575927734375
0.0910873413085938 0.00513458251953125 -0.3460693359375 0.180419921875
0.0543479919433594 -0.0590896606445313 -0.195098876953125 0.354888916015625
-0.0121383666992188 -0.0885238647460938 0.0325927734375 0.325286865234375
-0.0646171569824219 -0.0479812622070313 0.185699462890625 0.197952270507813
-0.0748291015625 -0.00919342041015625 0.196258544921875 0.046478271484375
-0.0912551879882813 -0.022064208984375 0.137054443359375 0.0106430053710937
-0.0946884155273438 -0.0208358764648437 0.05352783203125 -0.00893402099609375
-0.0662879943847656 -0.0492401123046875 0.0193634033203125 -0.0960540771484375
-0.017669677734375 -0.0786285400390625 0.0909881591796875 -0.258621215820313
0.0420455932617187 -0.075897216796875 0.335357666015625 -0.264923095703125
0.0692672729492188 -0.025177001953125 0.5833740234375 0.0521240234375
0.0682754516601563 0.023651123046875 0.444671630859375 0.320648193359375
0.0425529479980469 0.0609855651855469 0.12188720703125 0.174819946289063
0.00117301940917969 -0.0344047546386719 -0.0926055908203125 -0.217071533203125
-0.03924560546875 -0.04058837890625 -0.373809814453125 -0.4183349609375
-0.0648918151855469 0.0487861633300781 -0.5609130859375 -0.10693359375
-0.0141067504882812 0.0728225708007813 -0.41778564453125 0.218109130859375
0.0369300842285156 0.0555038452148438 -0.136062622070312 0.244979858398438
0.0593185424804688 0.0225372314453125 -0.0145492553710938 0.112220764160156
0.0463905334472656 -0.00565719604492188 -0.0712814331054688 0.0113601684570312
0.0444183349609375 -0.0114707946777344 -0.140388488769531 -0.00932312011718747
0.0404815673828125 -0.0131568908691406 -0.21368408203125 -0.0348663330078125
0.0265064239501953 0.00709724426269531 -0.19921875 -0.161880493164063
0.0214500427246094 0.0194549560546875 -0.084259033203125 -0.307769775390625
0.0107860565185547 0.0132570266723633 0.1158447265625 -0.361785888671875
-0.0279979705810547 0.0121002197265625 0.33233642578125 -0.231353759765625
-0.0132894515991211 -0.00578117370605469 0.313934326171875 -0.08282470703125
0.00995635986328125 -0.0206489562988281 0.1781005859375 -0.153076171875
0.0261211395263672 -0.00293350219726562 -0.0829925537109375 -0.226150512695313
-0.00702095031738282 -0.0318851470947266 -0.364776611328125 -0.441314697265625
-0.0211982727050781 0.0504684448242188 -0.56097412109375 -0.141387939453125
0.02618408203125 0.0522651672363281 -0.43170166015625 0.18524169921875
0.0497093200683594 0.00637054443359375 -0.155929565429688 0.227127075195313
0.0284614562988281 -0.0188217163085938 -0.0353622436523438 0.115165710449219
-0.00691413879394531 -0.0197105407714844 -0.0795364379882813 0.0210342407226563
-0.0140628814697266 -0.0292606353759766 -0.138191223144531 -0.00439453125000002
-0.0209484100341797 -0.0286178588867187 -0.215652465820313 -0.0257415771484375
-0.0170860290527344 -0.0343761444091797 -0.20697021484375 -0.144424438476562
0.0170402526855469 -0.0473365783691406 -0.104217529296875 -0.2945556640625
0.060516357421875 -0.0398406982421875 0.077178955078125 -0.365631103515625
0.0489120483398438 0.0300102233886719 0.314544677734375 -0.2578125
0.025787353515625 0.0504226684570313 0.316986083984375 -0.100982666015625
0.0165863037109375 0.0443954467773438 0.169876098632813 -0.15570068359375
0.0317001342773438 0.0340576171875 -0.0799102783203125 -0.218841552734375
0.00834798812866211 -0.00254106521606445 -0.3797607421875 -0.43328857421875
0.0321273803710938 0.0665740966796875 -0.563720703125 -0.1265869140625
0.0783615112304688 0.0274734497070312 -0.430633544921875 0.18975830078125
0.0614776611328125 -0.0535888671875 -0.1551513671875 0.22796630859375
-0.00806808471679687 -0.0632781982421875 -0.035247802734375 0.127021789550781
-0.0590553283691406 -0.0319404602050781 -0.0661048889160156 0.0328941345214844
-0.0687294006347656 -0.04437255859375 -0.113967895507813 0.00152587890625001
-0.0773086547851563 -0.0403366088867188 -0.193695068359375 -0.016754150390625
-0.0544548034667969 -0.0679435729980469 -0.194564819335938 -0.126373291015625
0.0128860473632812 -0.100265502929688 -0.108917236328125 -0.281829833984375
0.0993270874023438 -0.0792922973632813 0.061676025390625 -0.37054443359375
0.105552673339844 0.0425338745117188 0.32769775390625 -0.275909423828125
0.0566558837890625 0.0894699096679688 0.348388671875 -0.092864990234375
0.0265121459960937 0.0947647094726563 0.163070678710938 -0.125640869140625
0.0200271606445313 0.0746078491210938 -0.088287353515625 -0.189987182617187
0.0138626098632813 0.0482330322265625 -0.40423583984375 -0.376373291015625
0.0931549072265625 0.0881576538085938 -0.5548095703125 -0.06744384765625
0.129844665527344 -0.00508880615234375 -0.4075927734375 0.222198486328125
0.064971923828125 -0.114082336425781 -0.13458251953125 0.245407104492187
-0.046905517578125 -0.0996170043945313 -0.012969970703125 0.146926879882813
-0.10205078125 -0.0395736694335937 -0.0311088562011719 0.0440750122070313
-0.114028930664062 -0.0538330078125 -0.0726165771484375 0.0059661865234375
-0.120872497558594 -0.0462265014648438 -0.153305053710938 -0.00955200195312501
-0.0793991088867188 -0.0890579223632812 -0.165359497070312 -0.110671997070313
0.0121231079101563 -0.1300048828125 -0.098480224609375 -0.274765014648438
0.120498657226562 -0.095306396484375 0.071502685546875 -0.37823486328125
0.129829406738281 0.0515670776367188 0.372161865234375 -0.278900146484375
0.0710983276367188 0.104019165039063 0.39971923828125 -0.050933837890625
0.03790283203125 0.120635986328125 0.156646728515625 -0.0693206787109375
0.0069122314453125 0.110427856445313 -0.10821533203125 -0.132026672363281
0.028717041015625 0.0968399047851562 -0.415740966796875 -0.277374267578125
0.14788818359375 0.0914459228515625 -0.520721435546875 0.00979614257812503
0.159011840820313 -0.0434112548828125 -0.364013671875 0.2666015625
0.0524444580078125 -0.157989501953125 -0.100296020507813 0.270980834960938
-0.0787353515625 -0.117202758789062 0.028228759765625 0.169387817382813
-0.127891540527344 -0.0400238037109375 0.0218887329101562 0.0522994995117187
-0.140914916992188 -0.05560302734375 -0.0178451538085938 0.00966262817382812
-0.144729614257813 -0.0467376708984375 -0.100173950195313 -0.00473785400390627
-0.0896987915039063 -0.0948562622070313 -0.124931335449219 -0.100746154785156
0.01019287109375 -0.134086608886719 -0.0731964111328125 -0.273681640625
0.117118835449219 -0.091217041015625 0.11358642578125 -0.38153076171875
0.120452880859375 0.0451431274414063 0.443572998046875 -0.2508544921875
0.0730133056640625 0.0892333984375 0.45025634765625 0.023651123046875
0.0497589111328125 0.120857238769531 0.1484375 -0.00128173828124999
0.000999450683593744 0.126220703125 -0.127487182617187 -0.05328369140625
0.0508499145507812 0.115028381347656 -0.400604248046875 -0.1583251953125
0.173080444335938 0.0687103271484375 -0.464141845703125 0.0843505859375001
0.15167236328125 -0.0754852294921875 -0.30780029296875 0.306182861328125
0.02740478515625 -0.1695556640625 -0.055694580078125 0.297027587890625
-0.0964279174804687 -0.112258911132813 0.0821685791015625 0.186752319335938
-0.132644653320312 -0.0338363647460938 0.0849456787109375 0.05450439453125
-0.1474609375 -0.0496368408203125 0.0403900146484375 0.0108528137207031
-0.147705078125 -0.0414886474609375 -0.0437965393066406 -0.00312042236328124
-0.0896682739257813 -0.088043212890625 -0.0789337158203125 -0.0970001220703125
0.00269317626953125 -0.120506286621094 -0.030609130859375 -0.277252197265625
0.0931167602539063 -0.082489013671875 0.18365478515625 -0.368682861328125
0.0977020263671875 0.0205001831054688 0.51873779296875 -0.175689697265625
0.0737457275390625 0.0575027465820312 0.478240966796875 0.125152587890625
0.0587692260742187 0.104385375976563 0.138740539550781 0.06805419921875
0.0029449462890625 0.108879089355469 -0.136032104492188 0.0297698974609375
0.0623931884765625 0.0912322998046875 -0.360595703125 -0.053741455078125
0.151458740234375 0.031463623046875 -0.400177001953125 0.141326904296875
0.1104736328125 -0.0825576782226563 -0.24713134765625 0.335418701171875
0.00151062011718752 -0.14361572265625 -0.00747680664062502 0.31475830078125
-0.0916748046875 -0.0853500366210938 0.13946533203125 0.194427490234375
-0.113250732421875 -0.0216751098632812 0.145233154296875 0.0496673583984375
-0.130416870117188 -0.0363235473632812 0.0938262939453125 0.00959014892578125
-0.130096435546875 -0.0309371948242187 0.00834035873413085 -0.00516176223754883
-0.081207275390625 -0.070709228515625 -0.0301513671875 -0.0974349975585938
-0.00910186767578125 -0.100212097167969 0.0250244140625 -0.27587890625
0.0634994506835938 -0.0795669555664062 0.26275634765625 -0.3291015625
0.0813446044921875 -0.0102767944335938 0.5701904296875 -0.068359375
0.0777435302734375 0.0299606323242187 0.4722900390625 0.22833251953125
0.059844970703125 0.0818099975585938 0.130340576171875 0.126785278320313
0.00429534912109374 0.0608329772949219 -0.133201599121094 0.0948638916015625
0.0497589111328125 0.0389747619628906 -0.3187255859375 0.0224914550781249
0.0893783569335938 0.00225830078125 -0.34442138671875 0.183135986328125
0.0528106689453125 -0.0590095520019531 -0.18951416015625 0.3551025390625
-0.0144119262695313 -0.0873641967773438 0.0379638671875 0.322967529296875
-0.0647315979003906 -0.045745849609375 0.1873779296875 0.19189453125
-0.0735015869140625 -0.00775909423828124 0.192474365234375 0.040252685546875
-0.091278076171875 -0.0189590454101563 0.13262939453125 0.00540924072265625
-0.092987060546875 -0.0177459716796875 0.0508918762207031 -0.0105781555175781
-0.0647048950195313 -0.0453605651855469 0.0167160034179687 -0.0983352661132812
-0.018646240234375 -0.0754547119140625 0.0837554931640625 -0.263717651367187
0.0381240844726563 -0.0753631591796875 0.328948974609375 -0.269073486328125
0.0676803588867188 -0.0262603759765625 0.58233642578125 0.04193115234375
0.0705032348632813 0.0205001831054688 0.445526123046875 0.312347412109375
0.0441856384277344 0.0580215454101563 0.123031616210937 0.1729736328125
-0.000881195068359373 -0.0357894897460938 -0.09918212890625 -0.216751098632813
-0.0404815673828125 -0.0418624877929688 -0.39105224609375 -0.415374755859375
-0.0643463134765625 0.05010986328125 -0.57568359375 -0.0973510742187501
-0.0137100219726563 0.073822021484375 -0.419921875 0.232269287109375
0.0373306274414063 0.0559234619140625 -0.131072998046875 0.257293701171875
0.0611228942871094 0.0211181640625 -0.0100936889648437 0.118431091308594
0.0481834411621094 -0.00611495971679687 -0.070556640625 0.0162582397460937
0.0445671081542969 -0.01287841796875 -0.140159606933594 -0.00248718261718751
0.041229248046875 -0.0153312683105469 -0.213333129882813 -0.02593994140625
0.0290622711181641 0.007598876953125 -0.202499389648438 -0.155502319335938
0.0232124328613281 0.0205173492431641 -0.093597412109375 -0.310150146484375
0.00991439819335938 0.0147113800048828 0.107208251953125 -0.367523193359375
-0.0281200408935547 0.0160617828369141 0.332763671875 -0.239898681640625
-0.0142993927001953 -0.00394344329833985 0.31951904296875 -0.0882568359375
0.00719070434570312 -0.0220375061035156 0.177230834960938 -0.152496337890625
0.0261325836181641 -0.00731658935546875 -0.0897369384765625 -0.226898193359375
-0.00838088989257813 -0.0364265441894531 -0.38226318359375 -0.44000244140625
-0.0224189758300781 0.0491561889648438 -0.576904296875 -0.129638671875
0.0241546630859375 0.0525093078613281 -0.435638427734375 0.200836181640625
0.0471992492675781 0.00748443603515625 -0.151092529296875 0.238494873046875
0.0295467376708984 -0.0184459686279297 -0.0303878784179687 0.121383666992188
-0.00520896911621094 -0.0184535980224609 -0.0790634155273437 0.0263595581054688
-0.0141448974609375 -0.0283279418945312 -0.138442993164063 0.00202178955078127
-0.0205841064453125 -0.0277214050292969 -0.215789794921875 -0.015777587890625
-0.0154457092285156 -0.0323944091796875 -0.210128784179687 -0.137741088867187
0.0168685913085938 -0.0457801818847656 -0.11334228515625 -0.296356201171875
0.0591659545898438 -0.0401725769042969 0.06964111328125 -0.370208740234375
0.0487709045410156 0.0323257446289062 0.31414794921875 -0.266693115234375
0.0252151489257813 0.0513534545898438 0.321441650390625 -0.107879638671875
0.0147743225097656 0.0423965454101563 0.168563842773438 -0.155532836914063
0.0339069366455078 0.0282535552978516 -0.08544921875 -0.221694946289062
0.00713825225830078 -0.00904655456542969 -0.395660400390625 -0.4306640625
0.0305709838867187 0.0622062683105469 -0.57891845703125 -0.1156005859375
0.0748748779296875 0.0264739990234375 -0.4324951171875 0.205322265625
0.0574073791503906 -0.0518264770507813 -0.14984130859375 0.238021850585937
-0.00848007202148437 -0.0604515075683594 -0.030120849609375 0.132125854492188
-0.0571823120117188 -0.0284690856933594 -0.0655136108398438 0.03692626953125
-0.0696182250976562 -0.0402717590332031 -0.11480712890625 0.00635528564453125
-0.0772781372070313 -0.037750244140625 -0.193588256835938 -0.0077362060546875
-0.0532722473144531 -0.0645675659179688 -0.197006225585938 -0.119827270507812
0.0117340087890625 -0.0988006591796875 -0.11907958984375 -0.28350830078125
0.097015380859375 -0.0797500610351562 0.05322265625 -0.374603271484375
0.105300903320313 0.0438461303710938 0.326995849609375 -0.28521728515625
0.056732177734375 0.0888595581054688 0.352264404296875 -0.100250244140625
0.0258712768554687 0.0907440185546875 0.160858154296875 -0.124557495117187
0.0228996276855469 0.0691490173339844 -0.0924835205078125 -0.193557739257813
0.0121955871582031 0.0424270629882812 -0.4197998046875 -0.372802734375
0.0909271240234375 0.0832138061523438 -0.56781005859375 -0.0554199218749999
0.126457214355469 -0.00679779052734375 -0.4075927734375 0.237335205078125
0.0593795776367188 -0.112434387207031 -0.12811279296875 0.25469970703125
-0.04779052734375 -0.0959320068359375 -0.00723266601562501 0.150375366210937
-0.100387573242187 -0.0353851318359375 -0.0303001403808594 0.0463600158691406
-0.114898681640625 -0.0482559204101563 -0.0737457275390625 0.00962066650390625
-0.121162414550781 -0.041473388671875 -0.153091430664062 -0.00196838378906252
-0.0782394409179688 -0.0846023559570313 -0.1676025390625 -0.105789184570313
0.00982666015625001 -0.128173828125 -0.108627319335938 -0.2767333984375
0.117279052734375 -0.0960235595703125 0.062652587890625 -0.38226318359375
0.129226684570313 0.0510711669921875 0.372406005859375 -0.28961181640625
0.0714569091796875 0.101432800292969 0.40435791015625 -0.06036376953125
0.0387954711914063 0.115509033203125 0.155715942382813 -0.06842041015625
0.0106277465820312 0.106857299804687 -0.111778259277344 -0.135749816894531
0.0275802612304688 0.092254638671875 -0.42767333984375 -0.271881103515625
0.146865844726563 0.08648681640625 -0.529205322265625 0.02264404296875
0.156051635742188 -0.0458526611328125 -0.362945556640625 0.279815673828125
0.046417236328125 -0.156600952148438 -0.0924072265625 0.277679443359375
-0.0806808471679687 -0.11370849609375 0.034637451171875 0.169647216796875
-0.12677001953125 -0.03533935546875 0.0225143432617187 0.0517654418945313
-0.142669677734375 -0.0488433837890625 -0.0196056365966797 0.0103740692138672
-0.14459228515625 -0.040252685546875 -0.100204467773438 0.000839233398437486
-0.089447021484375 -0.0894088745117187 -0.127792358398438 -0.0977096557617187
0.00733947753906251 -0.131362915039063 -0.0832977294921875 -0.276641845703125
0.1131591796875 -0.0912094116210938 0.105804443359375 -0.38726806640625
0.118827819824219 0.0434646606445312 0.445037841796875 -0.263275146484375
0.0730514526367188 0.084716796875 0.455413818359375 0.01397705078125
0.05194091796875 0.114540100097656 0.148635864257812 0.000259399414062507
0.00499725341796876 0.123680114746094 -0.128959655761719 -0.0572586059570312
0.05078125 0.110977172851563 -0.409423828125 -0.1524658203125
0.172821044921875 0.0632171630859375 -0.469879150390625 0.0968017578125001
0.150131225585938 -0.0777435302734375 -0.304656982421875 0.31689453125
0.02166748046875 -0.169387817382813 -0.04718017578125 0.3013916015625
-0.0987472534179687 -0.108901977539063 0.0894012451171875 0.185516357421875
-0.131919860839844 -0.029327392578125 0.0854415893554687 0.0510330200195313
-0.1494140625 -0.0427398681640625 0.0387306213378906 0.00878524780273437
-0.147781372070313 -0.0345306396484375 -0.0447273254394531 -0.000713348388671881
-0.0895538330078125 -0.0822296142578125 -0.0818023681640625 -0.0968551635742187
-0.000404357910156259 -0.117820739746094 -0.0406494140625 -0.282012939453125
0.0884323120117188 -0.0828475952148438 0.17718505859375 -0.376617431640625
0.0951919555664063 0.0176315307617188 0.522979736328125 -0.1912841796875
0.0752716064453125 0.0512619018554688 0.486083984375 0.11529541015625
0.062408447265625 0.0986404418945313 0.140609741210938 0.068572998046875
0.00717926025390626 0.108123779296875 -0.136436462402344 0.0256195068359375
0.0626678466796875 0.0882034301757813 -0.368438720703125 -0.0469970703125001
0.151397705078125 0.0263671875 -0.404754638671875 0.151824951171875
0.109397888183594 -0.0849456787109375 -0.24383544921875 0.344573974609375
-0.0042572021484375 -0.143081665039063 0.00177001953125002 0.318206787109375
-0.0939712524414063 -0.0834503173828125 0.146575927734375 0.191146850585938
-0.113449096679687 -0.0186233520507812 0.145492553710938 0.0445709228515625
-0.131866455078125 -0.0304107666015625 0.0918960571289063 0.0051727294921875
-0.129798889160156 -0.0254745483398437 0.00778198242187499 -0.00574684143066406
-0.0814666748046875 -0.0658950805664063 -0.03326416015625 -0.099945068359375
-0.0118331909179688 -0.0972442626953125 0.016204833984375 -0.283203125
0.0581130981445312 -0.0801162719726562 0.259002685546875 -0.34027099609375
0.0796890258789063 -0.0137786865234375 0.57830810546875 -0.08233642578125
0.0801544189453125 0.0240249633789063 0.483245849609375 0.22088623046875
0.0638961791992188 0.0775375366210938 0.133956909179688 0.128211975097656
0.0078582763671875 0.0617713928222656 -0.131591796875 0.0912017822265625
0.0498619079589844 0.0359649658203125 -0.32421875 0.026763916015625
0.089263916015625 -0.00078582763671875 -0.3472900390625 0.192413330078125
0.0519256591796875 -0.0606422424316406 -0.185272216796875 0.362823486328125
-0.0189971923828125 -0.0867385864257813 0.047332763671875 0.325836181640625
-0.0658149719238281 -0.0447120666503906 0.194427490234375 0.186553955078125
-0.0733642578125 -0.00616455078125 0.1923828125 0.0333251953125
-0.093109130859375 -0.0146331787109375 0.131134033203125 0.000175476074218749
-0.0935592651367188 -0.0140228271484375 0.0504570007324219 -0.0127487182617188
-0.0645256042480469 -0.0427131652832031 0.01373291015625 -0.103652954101563
-0.0214920043945312 -0.07379150390625 0.0752716064453125 -0.272796630859375
0.0343017578125 -0.0760040283203125 0.327880859375 -0.281524658203125
0.0676231384277344 -0.0289268493652344 0.5919189453125 0.03009033203125
0.0737457275390625 0.01678466796875 0.458282470703125 0.306304931640625
0.0469894409179687 0.0564384460449219 0.128524780273438 0.174896240234375
-0.0139376004274091 0.043324215115165 0.132997277671198 -0.206021490043371
0.039029859950639 0.0911000837466259 0.207329202738994 -0.578246964083563
0.135727818472017 0.0162123254584246 -0.224843186537111 -0.621311516443936
0.107240204901765 -0.0660322716377637 -0.446248752645818 -0.277858296866791
0.0237188984915975 -0.0971738275752587 -0.326633496353379 0.0325717559764136
-0.0214556440003729 -0.0737170662283299 -0.120294908039853 0.0570693929455622
-0.0278884847278687 -0.0418650067038705 -0.0499426299092914 -0.0526107514820734
-0.0279507893451229 -0.0253913015567793 -0.0682238860210687 -0.129353171342196
-0.023831537819907 -0.0205198071462129 -0.0706842669404754 -0.199646540005962
0.000123642040326426 -0.0247219779003626 0.0301989760606079 -0.240637969327368
0.00155493312790562 -0.0174980926638362 0.236867243723082 -0.242189853041182
0.00157201916788301 0.00337720103766554 0.390334535864727 -0.085948601718657
0.00508476507953101 0.0153480719631385 0.38308975429787 0.139220540039981
-0.0102929430673163 0.0159258758939414 0.238174881086153 0.23662929406496
-0.0274721233273613 0.0159222027373355 0.218632091948446 0.0499542859317849
-0.00848509879862478 0.00794649689375281 0.142717532246782 -0.202512499291306
0.0201381826600322 0.0664743703955079 0.231134112721953 -0.577598715373537
0.109664410682704 -0.0120274418679511 -0.198924974544891 -0.628730532240975
0.0647885173767607 -0.0782086284536893 -0.422165387417744 -0.294144318323506
-0.0146345557633141 -0.067249925383861 -0.314005092586977 0.00561815215728733
-0.0274309647548106 -0.0250351051330557 -0.123738540597234 0.037397985961172
-0.00937064516476426 0.010012144129441 -0.0536259458059009 -0.0608558967921035
-0.00110325890363228 0.0252896641267317 -0.0687635980740011 -0.130517726272805
0.00164275997912676 0.0384908057930885 -0.0750900430464237 -0.202575755681337
-0.0022602608751528 0.0344279890906505 0.0201148064122953 -0.239272719330749
-0.041922253570326 0.0317076625743287 0.221944171686532 -0.248153286789365
-0.0733702518431548 -0.0051704084265557 0.373062905006665 -0.107812147903803
-0.038454592867854 -0.0450066490454464 0.388763251953488 0.114606455205324
0.00787012523708176 -0.0447909531333812 0.249206300490936 0.2236563805781
0.0181513228639021 -0.0205330575426503 0.21393256744125 0.0347723724431904
0.0139213860061985 -0.0170590833425109 0.137319761653434 -0.197512953479324
0.0331452876853932 0.0365899455724763 0.210706263150068 -0.585774179392634
0.0898581044486695 -0.0638065735742431 -0.223633155367562 -0.612052743045138
0.0071068499138683 -0.103350848957931 -0.424535054572 -0.272441938511346
-0.0638344444863046 -0.0303296855393451 -0.301698750518833 0.00992302853136454
-0.0354697444631344 0.0287653570963232 -0.123265581370933 0.0387873833070718
0.00834564408606885 0.0603362453387513 -0.0506425934510363 -0.0490619160813666
0.0244413445357991 0.0724329856671904 -0.0576299797612366 -0.110961971385133
0.0261367105164478 0.090616130956555 -0.0678399133416503 -0.182481023493682
-0.00398874619865052 0.0830209141068884 0.0184157934345045 -0.21936761390412
-0.0757086612593645 0.0707434290844192 0.21218904016996 -0.241353921515838
-0.129280450527624 -0.0126579109736212 0.367740359370382 -0.115888754873934
-0.0713391576487644 -0.0894612617719511 0.406032483681534 0.116399608039337
0.0151868086735937 -0.0896844661457562 0.252369819741617 0.252222810834701
0.0490506587065482 -0.0546626550836408 0.184201895502384 0.0417674187730436
0.0523506695385906 -0.0329692267792118 0.106551159091777 -0.193019297830964
0.0729680411161429 -0.00516926464940142 0.133124591361687 -0.584856212662904
0.0687929984746133 -0.131874655557888 -0.286513461402312 -0.555875235807671
-0.0604863064110184 -0.126765136765727 -0.437540093207849 -0.214979336332025
-0.111292474609607 0.0113457229456912 -0.293300320344163 0.0403226398009153
-0.039426924026946 0.079464415480077 -0.120151202732276 0.0628473037865757
0.0237911876309963 0.101791360899859 -0.0399508978899234 -0.0172544915226549
0.0456714235429859 0.109429567726025 -0.0377369274766881 -0.0743501802138608
0.0458668422104749 0.128175899806208 -0.0511449902974307 -0.146324809170798
-0.00445155396281012 0.114889512572338 0.0258110038593532 -0.18833442541355
-0.0958203996176144 0.0912675876976859 0.213482745567843 -0.226559367386127
-0.155045498178557 -0.0200867719956324 0.378535405533951 -0.106745719562846
-0.086962286008503 -0.109394259974378 0.433081086956981 0.152439795531505
0.0128027413190259 -0.109049995095771 0.241985060661852 0.314605720642404
0.0608059423120641 -0.0792027110524931 0.136730362888072 0.0681170356375403
0.0908986036503392 -0.0497883289537946 0.0441021659727888 -0.18238652987516
0.103536150934017 -0.0598217175993444 0.0260583739534158 -0.547889407756553
0.0331410358258693 -0.18688534638366 -0.345464920415973 -0.464206302761107
-0.121059841502053 -0.12800497533468 -0.445339513071648 -0.139785088089754
-0.138881743857495 0.0519430369979134 -0.285762359756254 0.0847787491164186
-0.0355404205817541 0.113291868594629 -0.113164458877603 0.104904534127267
0.0342699779010551 0.125110767675609 -0.0218618312328552 0.0313312276622391
0.0598930115847017 0.130430483146235 -0.0105147017885261 -0.0260790774205166
0.0577005841729841 0.146483202908266 -0.0287212788038629 -0.0993333186159559
-0.00321154891472698 0.126546122357507 0.0397152231203181 -0.151767383397456
-0.096553420285408 0.0956310425123642 0.226452600217002 -0.203337893129816
-0.150489211940856 -0.0180076922436275 0.404940464127681 -0.0715255265502157
-0.0894989103843606 -0.0983413762632107 0.455209931661766 0.226876713584869
-0.00494754863277018 -0.103974751697991 0.204258576396275 0.397919549275479
0.0526542026755928 -0.0934518336385585 0.0789617072611691 0.103523575466542
0.109607602766094 -0.0633606761508845 -0.0343812155014157 -0.15609400811467
0.10081339584193 -0.102662169624569 -0.0823895222639806 -0.470562966491293
-0.00897964955563144 -0.201359951800803 -0.380154039343784 -0.359307830078465
-0.15089999152531 -0.103300882479395 -0.440363603653203 -0.0662622876824878
-0.135152383065273 0.0773913975373781 -0.279670670756096 0.136847948080612
-0.0263724641465104 0.122490725278188 -0.10216230349414 0.157494903578622
0.0386077627775946 0.127320922259509 0.00147396706800078 0.087878742074865
0.0645809110486354 0.131736205972302 0.0190496818939063 0.0275394047269996
0.0607663439933937 0.144856163152696 -0.00348244818341792 -0.0498877608223627
0.000721600781860732 0.123254478737985 0.0612555302603419 -0.115227385658173
-0.0822406862299907 0.092790377301106 0.253191308915391 -0.169588705539947
-0.132343720542723 -0.00133842115351708 0.434787381691315 -0.00504447194168736
-0.095123304202801 -0.0695640125238635 0.443509848335341 0.331229797238568
-0.0342330478871035 -0.0916074661846965 0.131850980358933 0.477848037909526
0.0345012374869684 -0.0984775071851927 0.0205264827722051 0.139713722936075
0.0967275224778187 -0.0677327257142344 -0.108183080907463 -0.114276036496424
0.0682225872651237 -0.108234498264462 -0.160352904462278 -0.37507488760915
-0.0352121401427282 -0.166574558325528 -0.386135327806371 -0.269946607375237
-0.134561597395139 -0.065765136511713 -0.427523574180338 -0.00761151767358769
-0.103518298023271 0.0766792663510102 -0.269747307789054 0.18662251571885
-0.0161415736516633 0.101682308663026 -0.0848141156070998 0.209128434746125
0.0345703385976337 0.105951022485795 0.0277372151033516 0.142490413542655
0.058877124825551 0.113247293983028 0.0472927992491376 0.0771434589287185
0.0547446368035593 0.124088158726942 0.0222714205586881 -0.00436539874433447
0.00529355485069105 0.108536466190389 0.0861120731638065 -0.0774942478545335
-0.0632145024764553 0.0876563726324693 0.283504595713719 -0.12116905836641
-0.117248959712918 0.0211266182367412 0.44604810917449 0.0861483299226762
-0.108363844732874 -0.0455833959799707 0.387392188267614 0.43966881038231
-0.058174888419361 -0.0862208706147179 0.041149537363839 0.531819495167245
0.0186545729480852 -0.0928440030295354 -0.0275607986677228 0.172351248737573
0.0585421256359235 -0.0526791358768572 -0.156878625728923 -0.0691624295242306
0.0283211550424327 -0.0714625572376769 -0.198687181051807 -0.29269385147947
-0.0286453125935573 -0.100778123085986 -0.380497816678186 -0.205132910097421
-0.0784415702381413 -0.0346046705699991 -0.413452649727274 0.0365846475168851
-0.0577128267854775 0.0453821484956188 -0.259134043492528 0.229556172509323
-0.00941536916292391 0.056549853473354 -0.0666205220883945 0.251695800029843
0.0222739615072451 0.0660811764497217 0.0484561312667118 0.183804864375545
0.0419803058577612 0.0773524027864673 0.0688855322610148 0.114332443773386
0.0394766727060242 0.0870466293754828 0.0432087561973017 0.033720406789702
0.0097832540031561 0.0826562023215573 0.107992262899348 -0.0404567672441472
-0.0438000224377488 0.0781528007964053 0.303147318320769 -0.0634288631302833
-0.104253491356604 0.0346989533302656 0.430150590824179 0.176978338695414
-0.109372476923157 -0.0370117293863773 0.304614641532265 0.515831740288968
-0.0571960915216029 -0.0831037063505273 -0.0457917041862216 0.55392823373214
0.0120836447252723 -0.0727537587560204 -0.0633404048413992 0.19872776457864
-0.0117976032317711 0.0448962753034008 0.121031631390318 -0.215332845991088
0.0430526710188387 0.0912833658632985 0.178887416377221 -0.594476999689962
0.136768746317108 0.00967533017822753 -0.26061083789674 -0.615361029577969
0.10511343188136 -0.0711009384403319 -0.465597332039185 -0.256049414434174
0.0194254359378707 -0.100156896725691 -0.329293950862628 0.0539333995456719
-0.0270551504577452 -0.0728886470920507 -0.118901000668689 0.0682427768860631
-0.0311401182982529 -0.0412996391252314 -0.0561223707458433 -0.0457816545456012
-0.0298943614465683 -0.0247780542264194 -0.0785736698395151 -0.122618848301283
-0.0260752798660808 -0.0192396815874 -0.0848899476738385 -0.19075013271311
-0.00247315160934834 -0.0266969714979303 0.0158089016376292 -0.240076256837255
0.000426321112094638 -0.0190599180876087 0.222936473702294 -0.258484742265092
0.00363187355127797 0.00268869234233846 0.386320943693365 -0.107087212989863
0.00750752509861522 0.0133428330143842 0.392595528342047 0.12147275097198
-0.00823740271527754 0.0163430901110737 0.252578242984413 0.227000698312919
-0.0261099793517101 0.0189053068330525 0.219309337960815 0.0414714333293379
-0.010842066640403 0.00922033347789484 0.13286022005262 -0.211406817017535
0.0210458576027122 0.0687130718732953 0.201753686754258 -0.593893658093483
0.108278596689046 -0.0145542920990421 -0.23325154533416 -0.623872540479134
0.0628582034922444 -0.0800303728524887 -0.443940698885554 -0.275686427268735
-0.014603994709654 -0.0678081473006402 -0.317622416736285 0.026221394536892
-0.0293670894666769 -0.0251411458905669 -0.123116681709 0.0483172568799929
-0.0100038178481943 0.00819726520707165 -0.0604017026075847 -0.0545800909109412
0.000539348135337181 0.0235720330655641 -0.0788623529578716 -0.124221920440087
0.00357218734197601 0.0369547482810644 -0.0894602263937695 -0.193281085681718
-0.00217036826910366 0.0314291347143376 0.0053909674445413 -0.237792480945329
-0.0395757202735488 0.0325490479923974 0.207224945133752 -0.263237680635112
-0.0714377247005413 -0.00178434698889661 0.367310644077052 -0.128333734461407
-0.0387695806798216 -0.0445486639772101 0.396449940386036 0.0966226820233543
0.00664373054648485 -0.0447029718172439 0.263304207499583 0.213410265602937
0.0169129014189905 -0.0197057520765216 0.213480857959838 0.025377307157191
0.00847087865106773 -0.0162626486355264 0.129242043589112 -0.206660819503728
0.0320130235533012 0.0396103478924838 0.179490832858192 -0.601303089416969
0.0847625647474772 -0.0632954345022328 -0.257479556562547 -0.60433779152353
0.00459485711582009 -0.10019771293959 -0.443199895889892 -0.253127024222075
-0.0606838679617502 -0.0283274822393276 -0.303794045872144 0.0286376120108598
-0.0326480157033774 0.0287618018768493 -0.121406165214085 0.0486114478124302
0.0111784528594402 0.0568455060174692 -0.0562264443560392 -0.0443380171644864
0.0298266207617816 0.0683110696998444 -0.0671749530250465 -0.105753437215607
0.0319317183573869 0.0864509260945108 -0.0806867736848992 -0.17455081722905
-0.000279281853172867 0.0801451078096327 0.00552714199855282 -0.218235283145685
-0.0705042747699634 0.0728972411355329 0.197202877404321 -0.256378629563334
-0.12720024416903 -0.00658503527890746 0.361141758666467 -0.136400986267355
-0.0745417232837354 -0.0866150961373956 0.41513089797884 0.0967601388089581
0.0118810021538505 -0.0893206359833999 0.26668456360652 0.240944990284774
0.0456227687080747 -0.0549740587448295 0.183811728994602 0.0350236358848276
0.0460851960926234 -0.0342564829129742 0.0995125963985518 -0.200861286415152
0.0705445763907392 -0.00355761901171221 0.10565891442403 -0.595437220777109
0.0613927333141752 -0.129290637702864 -0.316928173162703 -0.546420412767963
-0.0639796408739412 -0.120756420205949 -0.453817899564809 -0.19386257967028
-0.105737812997406 0.0163009962939645 -0.292224567058645 0.0579328269493273
-0.0339441323034749 0.0797209515198282 -0.115482662196039 0.0715010939160214
0.0291674421517154 0.096978511269034 -0.043019413869981 -0.0141230763843962
0.0539143698907609 0.103428220487599 -0.0448029380586742 -0.0714050311143268
0.0540324892656455 0.122499348679837 -0.0617632181433276 -0.13979757613258
0.00142975611902245 0.111390665616044 0.0139523688465091 -0.188379208298513
-0.0887315840720635 0.0944771962047065 0.199078099583875 -0.241832345683498
-0.152837322039316 -0.0115780864549667 0.372508709576625 -0.127400578500193
-0.0907748621012946 -0.104498311907357 0.445598430777819 0.129694060421643
0.0074838409080666 -0.106959560613501 0.258556836929851 0.303876198085086
0.0547334735756466 -0.0803099067737604 0.136732564527237 0.063153245318124
0.0842428280834987 -0.0529299494102081 0.0387835463372611 -0.187250876159409
0.0996751796528513 -0.0600327083609412 -0.00171494317641831 -0.552852255234561
0.0231883642304985 -0.183620162046775 -0.371591207760025 -0.448777236005966
-0.125555306279567 -0.120446002516872 -0.455465990751578 -0.116315487702308
-0.13161010143701 0.0585443796161869 -0.281119269271113 0.102025947447456
-0.0286055863024761 0.113857484868282 -0.105354607737978 0.111434740796356
0.0411195650555728 0.120333768940289 -0.0213301512613713 0.0316639595911557
0.0692138262680997 0.123514022791986 -0.0143820329592973 -0.025002035606852
0.067597511650699 0.139438465279123 -0.0361107632767558 -0.0953565414721933
0.00372901478161403 0.122839646067782 0.0307888009307903 -0.154040708879951
-0.0884645479010762 0.0985048770486853 0.214509632170623 -0.220003706523546
-0.147485207909487 -0.00930585970411197 0.401203094576237 -0.0943612116935085
-0.0925680092663829 -0.0914753648920296 0.470503069633938 0.202613572408233
-0.0124635463046487 -0.100256835987836 0.224763636462753 0.388521360429219
0.0446543177928655 -0.0947540817484974 0.0808167589887997 0.101611739890812
0.102754208208069 -0.0688879576916815 -0.0386191822949558 -0.157608027848946
0.0955008716101332 -0.103510508431278 -0.10708078942897 -0.469973721339059
-0.0201105299819996 -0.197531458202353 -0.402671960276336 -0.341027802602656
-0.155691112998566 -0.095205270970769 -0.446105924778907 -0.0437607444429079
-0.127502840004099 0.0846732482939523 -0.270653921267937 0.151710517656857
-0.019424001536072 0.123129881908958 -0.0897004018087617 0.162819033938046
0.045327259053836 0.123486500076419 0.00638512892487976 0.0859757674768093
0.0741885755566242 0.124827063334937 0.0197857269494979 0.0245363761904487
0.0705442295967876 0.137678828805921 -0.0069496345176568 -0.0487325126259063
0.00785677572524583 0.119988505844538 0.0550540960110768 -0.119001139550206
-0.0738367183449207 0.0953035242113902 0.24395147747504 -0.188595864433923
-0.127858784542976 0.00678688489827444 0.435985716676682 -0.0283474716572502
-0.0986371326704414 -0.0616427065909255 0.464313142119465 0.309412138945757
-0.0422322381998553 -0.0854491089017499 0.15688141067022 0.47244743093301
0.0259330154428037 -0.100134993888064 0.0250733845563025 0.141065318438906
0.090740414408282 -0.0729889241668341 -0.110446648161142 -0.112623512208008
0.062366327566701 -0.108439429395653 -0.179490730010518 -0.370038912044228
-0.0442842400014568 -0.162495369087697 -0.403148114768513 -0.252314378243655
-0.138223446710172 -0.0582945197476816 -0.430511765758669 0.0141181859092521
-0.0966868159725614 0.0822527117392935 -0.257979322966646 0.201262484940245
-0.0103356099684706 0.102682079163303 -0.0698790570780017 0.213425304229768
0.0406483066382562 0.103715728585682 0.035884560380742 0.13823944808636
0.0672337026865806 0.10795379523289 0.0516998473943565 0.071674831544965
0.0630993653690254 0.118502260918437 0.0222457250341304 -0.0061149645016814
0.0122796680591857 0.106037012150082 0.0828676121311619 -0.0848303595436846
-0.055353024660983 0.0907053459458674 0.278126529311188 -0.142106813734119
-0.113167182299976 0.0295348886666732 0.45405586557402 0.0628261466541155
-0.11136611189447 -0.0369478092230675 0.414539903935979 0.421194022146837
-0.0666164067692852 -0.0808024202383634 0.0670473517995421 0.531599537583525
0.0109552315639694 -0.0951367283669045 -0.021184205122292 0.177175344162794
0.0541017919510307 -0.0564611182556197 -0.156684559720491 -0.0657319724367993
0.0241478026808723 -0.0706157848823479 -0.214007348336186 -0.286522980358913
-0.0345377751423534 -0.0983709655051435 -0.393625023898317 -0.187580934999783
-0.0809973957609418 -0.0298523579400185 -0.413850683677398 0.0574102081217141
-0.0532677947329292 0.0489305910497159 -0.244353786210052 0.244176152213894
-0.00665384340605303 0.058296282400224 -0.048825264690755 0.254855849514669
0.0260410832920319 0.0658023817786474 0.0601810197042728 0.178163698427721
0.0484341014658163 0.0737798182713515 0.0756557289411726 0.107266197388302
0.0456615321219467 0.0836919110939955 0.0467573870580338 0.0294574632230811
0.0141258382038818 0.081151366220955 0.108880133672926 -0.049811533274067
-0.0385102206018962 0.080451397725854 0.302324803892757 -0.0853500165503445
-0.100958312180408 0.0412002610436548 0.44341647798761 0.155572965749751
-0.112723266723029 -0.0304991779799041 0.333888689465539 0.503709876476685
-0.0644321740365208 -0.0787659790592395 -0.0194642809689517 0.558754313873066
0.00735843948065105 -0.0747933772028924 -0.0555418459360734 0.205780210456573
-0.00994176835608036 0.0458977142818108 0.108663892101926 -0.218982002401293
0.0453984205753257 0.089663381291187 0.147392741472298 -0.594837870196214
0.134373565662798 0.00422847186200753 -0.285787666696971 -0.598821569540214
0.101368687368318 -0.0745866036512608 -0.475410845854322 -0.233320043866893
0.01503574424189 -0.101244702436943 -0.324214376236741 0.0736284137114149
-0.0317629406692911 -0.07059948640161 -0.114198973527122 0.0777150525750119
-0.0347162222133279 -0.0393645615403085 -0.0600287527809114 -0.0384480933990997
-0.0309065561922339 -0.0235674001482661 -0.0862646366617304 -0.112378437586928
-0.0275111027396428 -0.0178359328829242 -0.0957046942425713 -0.177937829335463
-0.00617062791267909 -0.0278857208347236 0.00236907498738412 -0.233934833491528
-0.00105026594222992 -0.0203322007007977 0.204237604633017 -0.267537248755372
0.00536568805469127 0.00126132879530534 0.374771970568694 -0.125322139590203
0.00923073435624967 0.0105048181252776 0.392769702132982 0.103040024016457
-0.0060420462121729 0.0163923731873794 0.260151499204522 0.212775804634911
-0.0238360748641371 0.0216354241189599 0.215891687741671 0.0322438623721337
-0.0128428384248778 0.0111723029935465 0.121063763260558 -0.215243408937658
0.0216363217332964 0.0699308818552398 0.171464667499235 -0.596295648932153
0.104290520612862 -0.0157476543121161 -0.259944357240981 -0.608432033247655
0.0602948991275774 -0.0786887070009439 -0.454084352512943 -0.253094952121347
-0.0150281894460759 -0.067483335134492 -0.31388309181427 0.0439758004228021
-0.0302274889653779 -0.0244685799188795 -0.118719487953643 0.0566911913478558
-0.00989755667836689 0.00707270137674225 -0.0647728776938628 -0.0475987967638822
0.00214138638460622 0.021101368831435 -0.0867855070125493 -0.114478513082231
0.00514639092958645 0.0351696351602866 -0.100012042568665 -0.180853469324535
-0.00160553528939613 0.0284569276568614 -0.00781810465069726 -0.231957037317462
-0.0373435614927106 0.0322086583631152 0.187985496418823 -0.271650744306002
-0.0682224813815409 0.00082912327125656 0.355738743063475 -0.144578108253912
-0.039145838001762 -0.0436743675349446 0.39632654337644 0.0776440946018063
0.00587863131854342 -0.043645388673691 0.269751882108599 0.199525614543029
0.0159001916976037 -0.0181951847810667 0.209245437242403 0.0172474189653895
0.00347411059654186 -0.0148194767822037 0.119475665597704 -0.211064415029027
0.0300347425240479 0.0420848014319469 0.150056719539391 -0.599740505267758
0.0791875443823964 -0.0608157326246559 -0.28329876939245 -0.587130102146396
0.00207093616475571 -0.0957917608767213 -0.452165458006729 -0.228690449127107
-0.056999186314526 -0.0258797189347647 -0.298930992155554 0.0450366773888546
-0.0301673477481782 0.0287006260603623 -0.116063933123096 0.0557272803658992
0.0136414208063837 0.0532031357894565 -0.0594540125832637 -0.0382363762461963
0.0335888030509961 0.0633311363910773 -0.0742021531214568 -0.0982477224375991
0.0359961428588495 0.081125349402095 -0.0907416928722062 -0.162763291589006
0.00257693471728804 0.0761376892271535 -0.00676409133953973 -0.212996778189039
-0.0651838757758543 0.0732957049671816 0.178635582246265 -0.264175012476762
-0.123534073469797 -0.000472984814636524 0.349549576408403 -0.151258953975284
-0.0761076969130671 -0.0825340031385365 0.415373643232297 0.0768313081562322
0.00870653750059771 -0.0870878808382464 0.274465502944962 0.225074466835622
0.0421018565811318 -0.0543609855463876 0.17949092928106 0.0271362241249651
0.0390884047176994 -0.0341871291846483 0.0913520969093565 -0.205056654864858
0.066892806529475 -0.00144252456542462 0.0772977395642825 -0.590429642830702
0.0535135326534807 -0.124200815942156 -0.338132540135449 -0.524350722019669
-0.0663698752947277 -0.112648675795719 -0.457473448075006 -0.168773399650107
-0.098780953147819 0.0199974827874014 -0.284049966815545 0.0723058094755023
-0.0284554470194168 0.0787869206387446 -0.107991793823768 0.0769512631622438
0.0329170719680039 0.0919383065130012 -0.0446883681124918 -0.0108752326279093
0.0593419599619539 0.0956093641905901 -0.0504800709363562 -0.066851514159346
0.0602345817034673 0.114090937360074 -0.0699633707646571 -0.130776549950554
0.00606248409385164 0.106391462791575 0.00293159186568614 -0.184739803498099
-0.0807124956553566 0.0950065168999505 0.181039751784543 -0.250084469268617
-0.148348897762764 -0.00483651396074957 0.361079419354687 -0.143021832572873
-0.0919364274490897 -0.0980847286907071 0.445305823059995 0.107472824943452
0.00239412774614367 -0.10261547238351 0.268590219029793 0.288071450443748
0.0483319200431927 -0.0802991419929989 0.1346968429786 0.057877020269312
0.0764242962730538 -0.0542748416358726 0.0328224549595135 -0.188933242805873
0.0946858059898383 -0.0589320889552804 -0.0267592127129277 -0.545200499696436
0.0142448596459357 -0.177049346626856 -0.388308238509956 -0.425927096597251
-0.127558019484983 -0.110297544182441 -0.455843951924699 -0.0936335498418192
-0.122345295668218 0.0625083525477459 -0.270338041015794 0.113913057292965
-0.0222015104742831 0.112308744453174 -0.0951731239906813 0.114869054750757
0.0464571530975079 0.114454553371634 -0.0203192095675488 0.0315384100395473
0.0759328962540572 0.113871633100309 -0.0170860233707914 -0.024594798729311
0.074755144443538 0.129961276386562 -0.0413971663271052 -0.0897997006891732
0.0100367080607643 0.117308867784334 0.0220427474042975 -0.152912782681298
-0.0790645602190213 0.098984513646746 0.197630857887321 -0.230959097512151
-0.14107438941351 -0.00208373992307581 0.391787899045422 -0.112398735164602
-0.0939430581983343 -0.0839028157723592 0.474462153881764 0.177436190576052
-0.0178128280506456 -0.0937694357544167 0.239577065577468 0.371583589569433
0.0366637200817756 -0.0955418301336041 0.0811974221244351 0.0986675199743899
0.0947548250199552 -0.0717061577644931 -0.0424591576192866 -0.157152795026297
0.0892370087431503 -0.102347021578761 -0.127428993305274 -0.45932251527879
-0.0295307090299933 -0.189274802301564 -0.413276101494562 -0.318041049155429
-0.156662853997454 -0.0840201951861388 -0.443312247385176 -0.021575437935448
-0.118068647428999 0.0881740160900218 -0.25775586323102 0.162329005241544
-0.0126233031706624 0.121355383036934 -0.0772879143177234 0.163180200991676
0.0506605006573721 0.117705154970884 0.0105049246734466 0.0823722661023758
0.0812179148112192 0.116165848325778 0.0196082840121916 0.0221729980552431
0.0776692116846147 0.128437035030659 -0.00960365221841152 -0.046623002329839
0.0145470928053557 0.114478399866504 0.0479800030316952 -0.12176160469383
-0.0645139428550571 0.0958686742315619 0.229170679490393 -0.201879929484646
-0.121586442573848 0.0147287175701406 0.429982340946888 -0.0497355434464959
-0.0995026287104971 -0.0526317506904534 0.473947930454116 0.281414518817942
-0.0484165090411359 -0.0787784035104557 0.176684547143436 0.458186984603411
0.0177871634654134 -0.100301861958763 0.0285316521908024 0.140364604858944
0.0832137716105422 -0.0757367187921988 -0.11094100009837 -0.109572625859659
0.0569102806158564 -0.106214534484976 -0.194393215728323 -0.358325097088297
-0.052336602928228 -0.15464752949416 -0.410120743092355 -0.229566939386977
-0.13830384409871 -0.0492325942861428 -0.424627434979015 0.0345631259488903
-0.0896783550713116 0.0846852029236239 -0.241959491224986 0.211097404343011
-0.00498438611498194 0.101641037619455 -0.0543380687475163 0.212153139046331
0.0449330157234017 0.0997802030166094 0.0428036175355397 0.130910252129815
0.0735715966277811 0.0999737666329635 0.0537158444348508 0.065215429408804
0.0693492937301155 0.110944591970229 0.0221951640771883 -0.00792192218093669
0.0180714712943919 0.101704593984321 0.0787229780577317 -0.0898491885478627
-0.046989530768925 0.0912247287392503 0.266906179184367 -0.15839907713689
-0.107098449142542 0.0357986872353333 0.45393701052256 0.0399350742713481
-0.112792706916434 -0.0283031773265299 0.429222993085749 0.396553839092707
-0.0723115000808486 -0.0740063750332257 0.0885356482153032 0.521761960315942
0.00388718535774965 -0.0956811107476367 -0.0143297008949429 0.178346659759382
0.0488811516114611 -0.0586392384621203 -0.15496851543105 -0.061347062668378
0.0206319336029627 -0.0683672096230334 -0.225837721945688 -0.274434606247386
-0.0400094729199148 -0.0933609472333416 -0.398840827130898 -0.167305261871868
-0.0819395190382801 -0.0240813602945637 -0.405451363779995 0.075813128153005
-0.0486995135949035 0.0504686283552361 -0.226534194030071 0.251315792475471
-0.00340697853363979 0.057929672832901 -0.0316509697390338 0.251439452023449
0.0290572143308475 0.063700020588517 0.0691281803133659 0.169035539306157
0.0533910149176791 0.0692403120482916 0.0798934216439541 0.0979023584788151
0.0502183566546554 0.0794781337362402 0.0491935542792911 0.0250594173662925
0.018174689240058 0.0782233379260611 0.106921872590924 -0.0578865067816771
-0.0324987573768186 0.0811034787892716 0.294867753476607 -0.103541045545049
-0.0964290327883258 0.0464573812214496 0.448330435771394 0.131959296482367
-0.114686647413885 -0.0237330959047749 0.354164765607132 0.482651884186898
-0.0690205468412352 -0.0738171124219703 0.00497991957907156 0.552433405165354
0.00342882651289945 -0.0758336235795945 -0.0455841406786993 0.208731957097144
0.00521000720466511 0.046136466165552 0.0278987252499113 -0.241689902059802
0.070491793495523 0.0649082764682703 -0.0612047653088846 -0.604469656645451
0.12100746830857 -0.0408570985715963 -0.466294616773746 -0.459582163187441
0.0642187227834808 -0.103780921197628 -0.520882480348483 -0.0568666096374593
-0.0236445563885851 -0.0978372729547515 -0.274915876159525 0.178539742133788
-0.0550654228897132 -0.0525476018517338 -0.0752217848341158 0.11249917604065
-0.0470440606680071 -0.0255053028120284 -0.0677652303239147 -0.00935998839196389
-0.037547311923178 -0.0119510317398066 -0.116859352793978 -0.0693399821627297
-0.0317573120511153 -0.00695271765970494 -0.14525329533727 -0.126872092666902
-0.0179888647614841 -0.0239269210944601 -0.0724452374699414 -0.213548137176204
-0.00775123894118936 -0.01880616199911 0.0974623558649668 -0.311702145044554
0.00609166463631518 -0.00176862600537904 0.304559040223274 -0.234019541324666
0.011943311110926 0.00375019945221963 0.396497188579165 -0.0300370465116944
-0.00151870093126908 0.0149613169679188 0.310252156675797 0.116508425068458
-0.0155450234827065 0.0282541433553212 0.207739210111081 -0.0333965265339276
-0.0113139767387169 0.0144033781030494 0.0420065522886205 -0.242801466262791
0.0401828338193473 0.0563132672313079 -0.0361183801211386 -0.613301860132282
0.0866703708666562 -0.0467777437467973 -0.441669079464561 -0.479429320571155
0.0268295654056294 -0.0921852269534736 -0.506309214309212 -0.0839666814436968
-0.0376644661184855 -0.057932411031543 -0.275758078302549 0.145805598949966
-0.0374225580428802 -0.0124014144093962 -0.0885454968354796 0.093360511469523
-0.00861482463531213 0.00909975274641856 -0.0767365150770018 -0.0180341659978362
0.00730679106468603 0.0167438332192994 -0.119954273388535 -0.0709159285952956
0.0158508521374375 0.0294859369840864 -0.151790053047181 -0.12804493592112
0.00493352450802655 0.026425189340314 -0.0823349719293107 -0.208747083983733
-0.0232598257384005 0.0407214257777423 0.0802432584699409 -0.311395152823936
-0.0613988943067507 0.0217026563057791 0.282516849895875 -0.246260001369596
-0.0499381887749939 -0.0306574204796712 0.393785742270434 -0.0533106524965447
-0.00993935494721974 -0.0441580879726922 0.3124701117849 0.101732527574152
0.0087856814846276 -0.0207286565737629 0.195164700665722 -0.04532791806263
-0.00611936030996435 -0.0153884259541537 0.0437289839015432 -0.236817756490155
0.0382855075760868 0.028775472270133 -0.0552424633751019 -0.609106833210991
0.0484694803789139 -0.0780721398768558 -0.452531073490337 -0.450721680669377
-0.0315538621195848 -0.0854811683506035 -0.494664011005001 -0.0651645135781676
-0.0607867145816132 -0.00617847319313133 -0.261706289949453 0.138866479296718
-0.0190258365185906 0.0357031256556936 -0.0877344404466756 0.0900489836613115
0.0295552149114218 0.0437783956615515 -0.0700690037957741 -0.0137744197294659
0.0497236998378252 0.0430418786435617 -0.104500372037201 -0.0606315738337023
0.0588444253306691 0.0600727307854936 -0.137948439353105 -0.115138190565877
0.0248157011915791 0.0677549573984407 -0.0762014495071762 -0.193033437933394
-0.0346348127514095 0.0872179469580839 0.0739108856525609 -0.30320129566127
-0.112753821426321 0.0383750031504618 0.276431358981755 -0.250234773367962
-0.0949585385401062 -0.0540260584787191 0.410976744508461 -0.0591225662312564
-0.0217759747594124 -0.0839256798614872 0.323975162329213 0.123779807960103
0.0209337201431278 -0.0626222921279911 0.169428040557746 -0.0268180746919762
0.0203482716363493 -0.0450639522221042 0.0202706125595885 -0.221023527574909
0.0576260855322894 -0.0241015672685018 -0.12169826294411 -0.575781738298375
0.00380477407804334 -0.127633278150817 -0.480682984672553 -0.374417444849878
-0.100624663888557 -0.0769813796403895 -0.476901997391045 -0.0092782541946358
-0.0833140529514011 0.0506032157519877 -0.23964758956186 0.156223559306278
-0.000314086366458335 0.0807455629635756 -0.0750961372410449 0.104457532880213
0.0610998629876012 0.0728227691683083 -0.0479230019661991 0.00381273189747374
0.0847791265429247 0.0641145914874423 -0.0726821188915111 -0.0411908196771033
0.0923518193660643 0.0816036345410733 -0.108773190908566 -0.0930539703376855
0.0378846560913399 0.0935638270996792 -0.0580875014715584 -0.170831424833809
-0.0411779632248326 0.11141690779711 0.080352076749454 -0.291951894277405
-0.136431624444009 0.0425567930694413 0.290201400116853 -0.247268540239631
-0.114582989381936 -0.0622649800939797 0.449621543202208 -0.0413711023423435
-0.0326749871866573 -0.0960638601121224 0.337460517231564 0.184017693193916
0.0177119413716457 -0.0893036111237765 0.136307220248221 0.0151693234354975
0.0481385726717026 -0.0767250730750272 -0.0293305368771798 -0.186202709302541
0.0639141062236038 -0.0871182254940334 -0.201592236530516 -0.495027923533143
-0.0507634749148568 -0.162553330188149 -0.490684636584661 -0.267036838937282
-0.156764842853918 -0.0521854388815098 -0.448226730496913 0.0578354033749817
-0.0910445689234511 0.0976849761399506 -0.213823977268601 0.186899931714584
0.0164756261096337 0.110129363631251 -0.0515640219521384 0.133903132813801
0.0816992300446426 0.0905149732791337 -0.0109383334974986 0.0326068713309394
0.106603508874338 0.0761313139748124 -0.0285769954531575 -0.0156220636677454
0.111111425225445 0.0904415293320845 -0.0695911711237161 -0.0660127704751566
0.0457118587512111 0.102007856957435 -0.0311692367501891 -0.149048841566951
-0.0378247729337028 0.114172457648087 0.101375986050734 -0.279659630876161
-0.128562364011583 0.0438435382362929 0.329135455209464 -0.229045611684744
-0.111565762947325 -0.0468505608756483 0.498513211068491 0.0133207045124497
-0.0491387333536812 -0.0810959903555906 0.335759661548541 0.271953549521277
0.000821598988113648 -0.100360492629365 0.0996602203602851 0.0695110696343341
0.0598629243875848 -0.0991284127900002 -0.0889862693175984 -0.130855886678065
0.0444712237917241 -0.12565219573941 -0.266079219893817 -0.381662456591648
-0.0952911350350044 -0.159588715568665 -0.475970656369761 -0.160768270114794
-0.174605600902462 -0.017976391971185 -0.413489932325716 0.117160807916886
-0.0793946195865494 0.121449017254262 -0.187282563260998 0.227212082456241
0.0284903501079714 0.116641669500509 -0.0186429118552558 0.171249359053216
0.087544237552301 0.0930066386734136 0.0348074715477441 0.0675680295927204
0.112299591847074 0.0763218183052742 0.0210441168115586 0.0131601902462078
0.114128298254846 0.0884199961878478 -0.0253488201555461 -0.0392530778376496
0.0498672927921243 0.098054989474632 0.00350190120669316 -0.130063852095829
-0.024430232952907 0.106979882966901 0.140656066959013 -0.265122804685785
-0.104704977556575 0.0537900181774969 0.384768883012471 -0.184259080511089
-0.107586633675607 -0.0147282779933362 0.533571931955203 0.110523172505113
-0.0729971353330151 -0.0578237883736157 0.305044871336592 0.37147268456516
-0.0190351937044752 -0.100608454599188 0.064817440765188 0.124928340008183
0.0479611673076838 -0.0990735507272566 -0.137584362606698 -0.0642741952193975
0.0131393736130833 -0.117972426886143 -0.295504920982831 -0.265972396675385
-0.103954708917889 -0.120466827305921 -0.447326550720176 -0.0811999303671051
-0.146692798644796 0.00786611787612444 -0.380435497373364 0.164491824788566
-0.0544932258776518 0.109636339288808 -0.156961021014494 0.267307957023464
0.0292302005166189 0.0974299834036899 0.0195241461150738 0.208581832316198
0.0766438229469191 0.0786774200410959 0.0820458368147473 0.100791848880325
0.100918610191338 0.0653144465917987 0.0679924236939485 0.0396668808216867
0.100786958749473 0.0762177460053814 0.0172987599504096 -0.0149637835157919
0.0494840501033306 0.0855874660875135 0.0426780572979567 -0.112244908865921
-0.00966665217796938 0.0978779245035674 0.19004844818972 -0.238181223842629
-0.0852243752387364 0.0696729439845276 0.435687036139056 -0.110075111052888
-0.112695112513933 0.0116365521880182 0.52729955256926 0.230818719124594
-0.0934501261199674 -0.0465048790761294 0.2436300983279 0.457964966220468
-0.0301454405685884 -0.0932217593088838 0.0379240787043812 0.172983321588411
0.0223194534989175 -0.0712201613831591 -0.163358483233675 -0.00717697780794394
-0.00705826507166837 -0.0688565839909191 -0.298502630885462 -0.18115918017427
-0.0718868621429943 -0.0682966584265897 -0.421396982719173 -0.0266305975947185
-0.0860666352214495 0.0100280515701284 -0.352229386737004 0.198915755324933
-0.0286889650297961 0.0656273461517324 -0.127942209727963 0.302036148167083
0.0163638023854173 0.0582472922187926 0.0553865614947296 0.237591392662013
0.0504930917114341 0.0514546038385149 0.120433419998694 0.126670523724532
0.0722781425208677 0.0446322969197479 0.103617935807227 0.0599556894377895
0.0728301735186713 0.0555469942898853 0.0539531962044404 0.0042149559539036
0.041995564312337 0.0655332675693389 0.0796525455025911 -0.092551337066414
-0.00151860743852497 0.0854156905440339 0.234703960453861 -0.197608064334979
-0.0737152663306643 0.0757617247941134 0.459682703865565 -0.0228384378802193
-0.113304763762108 0.0151480883893333 0.485870856982845 0.336324573277993
-0.0896820609530553 -0.0490836016689205 0.175347529303048 0.513165240678737
-0.0229877402244484 -0.0757567698747203 0.0189478083284349 0.210811934894714
0.00606264364193385 0.0467350771838571 0.0225017162057353 -0.241318215797032
0.0709779921938927 0.0655449669737945 -0.069197270206336 -0.599662567200874
0.119744613024183 -0.0410729942423218 -0.472447988255845 -0.451192809646871
0.0636149162364808 -0.103328518709608 -0.523331991712386 -0.0476463931935695
-0.0265144819852616 -0.0980132293125094 -0.270526530990995 0.185504412589631
-0.0563867390642733 -0.0500925739031224 -0.0713462439522907 0.114780945850653
-0.0482026102424859 -0.0235740430217226 -0.0672516872786107 -0.00336196134370649
-0.038622464710763 -0.0114222626630884 -0.11719265440369 -0.0609782708098463
-0.0324015748723328 -0.00568171039588578 -0.146518490087961 -0.117868589837675
-0.0200727073206799 -0.0232960789394253 -0.0769007132682689 -0.206684390495871
-0.00904784512995586 -0.0195452982895497 0.0875592215796584 -0.310362615883864
0.00721353766992846 -0.00382321908360872 0.297521463563732 -0.239002680618067
0.0112438126845394 0.00200920306940862 0.396031739191989 -0.0369384958493336
-0.00102040472859531 0.0140017570502695 0.310481062514951 0.111145206428596
-0.0139492666157098 0.0287209420837135 0.204984010700858 -0.036181057676445
-0.0126459840164165 0.0159018775165808 0.0373618916034445 -0.242581973620747
0.0399170126154907 0.0587526368921599 -0.0445417394678442 -0.60851603618347
0.0862798572894246 -0.0437754403817894 -0.448856435204591 -0.471145912026018
0.0283048824050929 -0.0888478543002649 -0.507891606773375 -0.0752434611416162
-0.0369235866939698 -0.0586189221808761 -0.272734888376868 0.15261153718944
-0.0367585064547243 -0.0117775532844812 -0.0856840444358106 0.0956552572763644
-0.00924087820641496 0.00802367743957021 -0.0766970946673274 -0.0120865655824045
0.0068251663523763 0.0144053479031007 -0.121038964505869 -0.063141987921842
0.0159565435066932 0.0273084834752814 -0.153167671440888 -0.117731646810333
0.00321456679600041 0.0248377497760424 -0.0864263163335234 -0.201947733537241
-0.022682948966213 0.0391603461201361 0.0714841699708966 -0.310164087619522
-0.0597370640577287 0.0210766112495395 0.276430579219166 -0.249899014530519
-0.0497471342007729 -0.0307964864620822 0.392382375745375 -0.0609111888599987
-0.00991414441877988 -0.0442081034018065 0.312935944608683 0.0958178572616643
0.00850421178277537 -0.0196925049414788 0.192004407250481 -0.0473046168710394
-0.00949163321121926 -0.0128235348454904 0.0398401536512874 -0.237983891196285
0.0377149845834759 0.0325948975997053 -0.0640024680983576 -0.606253437428135
0.0478508269600455 -0.0729811701167255 -0.457643556784068 -0.442664049512397
-0.0284875030565715 -0.0810986933240085 -0.495481023096857 -0.0556892778090367
-0.057179109345565 -0.00690129723756535 -0.258613939385302 0.144442607154388
-0.0167115619795756 0.0343512371941179 -0.0846097024382559 0.0910435593783661
0.0299155147721368 0.040677276853936 -0.0702670090728329 -0.00912387970757799
0.0499386816102722 0.0394648879948858 -0.105467244530379 -0.0542421170364213
0.0600053177337262 0.0561925648687459 -0.139297420580478 -0.106486028449321
0.0238905639497394 0.0650800088092036 -0.0799719767950793 -0.186594884369573
-0.0327210275074827 0.0848560886654384 0.0647018563938909 -0.301529254789412
-0.1096168823662 0.0381418884206522 0.270399888341178 -0.254705113075461
-0.0951956175551417 -0.0527557999213232 0.408638106371075 -0.0672190689130954
-0.0223411320726032 -0.0825000306838014 0.323418658205154 0.118331743581814
0.0184336483347389 -0.061762838647445 0.166803431572242 -0.0273202540660839
0.015913848346039 -0.043014851177956 0.0174847574810371 -0.22168159703556
0.0568716072252647 -0.0208607114217339 -0.129117058996857 -0.570592390154963
0.00303670647406937 -0.120810006936706 -0.483893733070868 -0.364910700303921
-0.0969085645958811 -0.0708173265751633 -0.473640329515781 -4.32875139642118E-05
-0.0783403856191462 0.0492493995416425 -0.235101746158748 0.159676884271521
0.00272779852013227 0.0784868466160832 -0.0713902741561907 0.103590145618916
0.0623964268079539 0.0691681945169606 -0.0475849796441774 0.00633884974664808
0.085166300621009 0.0582790724325585 -0.0740378328217258 -0.0372334906861708
0.093691313286222 0.0755212460509451 -0.109850057448101 -0.0861646851579689
0.038395881336176 0.0901539515398337 -0.0615368182112354 -0.165965051599583
-0.0381083865733154 0.108491969031451 0.0703988191439911 -0.290754363506346
-0.132114290619594 0.0433662453402845 0.283903087450045 -0.251327567104511
-0.113812209919052 -0.0590151221259457 0.446834672146423 -0.0503896923011974
-0.0336245729326136 -0.0932309796258839 0.337145352455759 0.177700447994535
0.0135113486968535 -0.0880521191486637 0.133679531245213 0.0151609093410575
0.0432700721936302 -0.0747724134867744 -0.031331721036272 -0.186632010490169
0.0629050138889383 -0.0842324009013157 -0.210435380179355 -0.487782426533449
-0.0513266543864866 -0.155499855282635 -0.491387517211481 -0.258041229005147
-0.152407328682408 -0.0466615009228241 -0.444924939764228 0.0658876234368082
-0.0854139928693309 0.0969218087361615 -0.208253211527764 0.189440321610285
0.0205014983768082 0.107725411697471 -0.0470496880648226 0.130890249894211
0.0830282348811224 0.0864147758615439 -0.0103781818953732 0.0321225805866905
0.107296207231509 0.0694495830019258 -0.0291921457850313 -0.0138712116569214
0.112633802317414 0.0834435983777311 -0.0692829995613058 -0.0617626237043627
0.0469964236858825 0.097501591515921 -0.0342681989981657 -0.146127043286227
-0.0329427809124327 0.110640374441948 0.0921004155050197 -0.280376048444566
-0.123673046498846 0.0450660071731157 0.322017177707222 -0.235119282265131
-0.110338890960521 -0.0422609315986726 0.496039570379526 0.00358211477487509
-0.0504755890525504 -0.0769672299395804 0.337295478368475 0.265674899237424
-0.00470918560627102 -0.0993056537321034 0.0984237378876458 0.0699908276063093
0.0547989236395881 -0.0974480462188991 -0.089812688869135 -0.13121809691964
0.0439592876011441 -0.12230010647072 -0.270909289194758 -0.375092112741584
-0.095557130727562 -0.152421692802628 -0.475198985015239 -0.152241848519849
-0.171961384779723 -0.0128732225686998 -0.408847591965584 0.125270494063251
-0.0739456743519121 0.120849270265153 -0.179771780003348 0.227271416881459
0.0321662779713109 0.11447459737665 -0.0143335310780338 0.166419841536983
0.0896425616774659 0.0887730270799794 0.0359942832399722 0.0643890592321545
0.11410474204305 0.0695071195147165 0.0203307989717071 0.0118651402345618
0.115588222239721 0.0815854395202714 -0.02488748265729 -0.0376975111048144
0.0514403348145508 0.0935979029507492 0.000416470135621006 -0.129721986202547
-0.0196062144784034 0.10365748730417 0.131142289283132 -0.267540261736982
-0.0997937874206175 0.0554433079435066 0.38064432713824 -0.19285461366969
-0.10632956394651 -0.0094765674468427 0.532027726569147 0.0987297612791866
-0.0748237747145924 -0.0532409588418524 0.306565961943782 0.36575362386137
-0.0250185573317123 -0.0999791174303524 0.0658663774022759 0.125508387722125
0.0432294508667702 -0.0975485782147339 -0.137325305623434 -0.0638632001482724
0.0126061491535866 -0.115187439531003 -0.298443999836554 -0.259779349167915
-0.104792086983207 -0.114370108218543 -0.446107307149143 -0.0724082212412306
-0.144225309342749 0.0123632357510398 -0.374508461558179 0.170607531349227
-0.0504136876663807 0.109010966527609 -0.149949157798799 0.26603157873366
0.0320883365027696 0.0962984913342695 0.0245264334097763 0.202262333042262
0.078361891274971 0.0754233038400606 0.0832786465906439 0.0956370110507908
0.10235701483105 0.0596203470388777 0.0674903761691835 0.0360148952302882
0.102510746403387 0.0704093243887243 0.0181153670942579 -0.0171095056541105
0.0513301935617653 0.0817237625115994 0.0397365638347707 -0.114392390606995
-0.00539090738284815 0.0958388627166212 0.183377782978687 -0.242553364665246
-0.0813793598869328 0.0724593883797113 0.433667523603297 -0.119605091809579
-0.112370726074476 0.0172627072211326 0.531900059931171 0.220131067416727
-0.0957018771249872 -0.0428066862974933 0.248000410038753 0.453785430356996
-0.0355363773582316 -0.0937141224683526 0.0407660101446981 0.174589929326341
0.0186181469242303 -0.0695962717282878 -0.161534267996604 -0.00662905559941902
-0.00743886907447084 -0.0663947690986315 -0.300546323214616 -0.17426279016243
-0.0727121558846042 -0.0636412090248607 -0.418967115320847 -0.0191562512677892
-0.084659922280664 0.014260001927182 -0.345679880415511 0.203518358553332
-0.0262518561215203 0.0653967697772427 -0.11953906862443 0.300342745186364
0.0186503531105588 0.0586399969012768 0.0616865395973399 0.230070318332811
0.0516627084060611 0.0497386539152936 0.121909877645593 0.119545927965771
0.0736801128130791 0.0410902586416284 0.104127527481559 0.0541262722778019
0.0742290078151118 0.0525622457155578 0.0551409800081781 -3.39899779177625E-05
0.0429353711835892 0.0639908309409767 0.0782326145836813 -0.0972565001005597
0.00131659574569818 0.0846229629150866 0.229152136654219 -0.203384283342483
-0.0717080180025767 0.077797034955601 0.459241880536959 -0.0317723836821901
-0.114004263354953 0.0187579518308188 0.49082253162966 0.327261809326337
-0.0909523853127717 -0.0469427372747063 0.179089782680073 0.509603805257842
-0.026428881323316 -0.0769294454724708 0.0232950974023321 0.212375913280705
0.00728783274306171 0.048557715683984 0.0175974111656943 -0.246861470182923
0.0736044174116335 0.0676979715186749 -0.0792154976226548 -0.606368427464387
0.121360826915747 -0.042269320611487 -0.48715956113364 -0.451002193558838
0.064510502259737 -0.105265072741649 -0.534767224664305 -0.0398569218939148
-0.0291728767562348 -0.0998326921040604 -0.271651902626627 0.19648516741472
-0.0587508787156314 -0.0487574482383356 -0.0702143211671384 0.118822924759008
-0.0510071563880403 -0.0224553769631922 -0.0678670510174 0.00264727019216855
-0.0405254554966334 -0.0108085093974287 -0.119475112618481 -0.053873132693226
-0.0329793330910833 -0.00443106547919658 -0.149255390973623 -0.109902777166788
-0.0231009339281974 -0.0231601871789868 -0.0825315875919903 -0.203924980621255
-0.0113258068285616 -0.0208189827249062 0.078994257085175 -0.313751261158288
0.00765924982865424 -0.00575083792655864 0.295856022394351 -0.248999181581619
0.0111977537767504 -0.00016264971968535 0.400234359781079 -0.0454733824499858
4.42188899979733E-05 0.0130192003215367 0.317198779355671 0.106622926726194
-0.0130709097234486 0.0304970659420798 0.206575909298602 -0.0398401661714086
-0.0139374882402018 0.0184682397558737 0.033088414131041 -0.247931844552752
0.0404438888707656 0.0625592852636609 -0.0537107493707902 -0.616782464117011
0.0875446513349579 -0.0414041437669214 -0.462163958862177 -0.472980269167631
0.0302644763984253 -0.0885790012226524 -0.51892730782286 -0.0675347476092093
-0.0372309672554144 -0.0603220180418016 -0.2748185148762 0.161654886094847
-0.0372599034267902 -0.0117760516665773 -0.0845375517955656 0.0992617725420929
-0.00958163447913108 0.00735947891702531 -0.07776553290069 -0.00678838959616668
0.00593393916303919 0.0131740201189795 -0.1239884281584 -0.0559232401903865
0.0166570072119026 0.0261297206496652 -0.157166223280469 -0.110842398211788
0.00198542509847131 0.02502127794693 -0.0919486237202739 -0.198657404221836
-0.022765246103118 0.0382807931935848 0.0619397508567609 -0.314383165807986
-0.0588060302758284 0.0210453617894937 0.273168407432409 -0.259753910242863
-0.0510280926798909 -0.0311688296087519 0.395858026200836 -0.069842399036594
-0.0101818216973199 -0.0446631656207819 0.317541981961156 0.0908882750992145
0.0078425271812542 -0.0195412623761966 0.19256210274867 -0.0504461517104068
-0.0129908112799567 -0.0110917400372831 0.0361061812030934 -0.24249321450712
0.0379575794196237 0.0363864334246353 -0.0735088328555011 -0.61383626801246
0.048812502948574 -0.0692352306916288 -0.472855084166939 -0.443124547674389
-0.0257821931768728 -0.0782993424625352 -0.504449064328568 -0.0475903579947284
-0.0556927902354073 -0.00798949241908086 -0.259583268191368 0.152801036293987
-0.0150755439475629 0.0332173913271675 -0.0838682916581602 0.0941618896803256
0.0312603698532532 0.0391364665081811 -0.0713856376631408 -0.00534037210011156
0.0504793418612044 0.0354931543764757 -0.10845196259968 -0.048920396950472
0.0619048635321578 0.0524649802787964 -0.143056123993945 -0.0992922782016116
0.0236222786221178 0.0640259557620803 -0.0853803299823559 -0.183770014605915
-0.0318289872948022 0.0845361006797016 0.0556815399146459 -0.305416216746406
-0.108683286944235 0.0396781746591747 0.26745182816627 -0.264079228630817
-0.0974586925218987 -0.0510990414218298 0.412755683719433 -0.0771047875747535
-0.0235314494421588 -0.0830211209549853 0.32896625395542 0.114367705046536
0.0157392584577296 -0.0618017347000365 0.167099146021851 -0.0299425310881933
0.0116353628937726 -0.0413065134568103 0.0146886007925057 -0.226668739705328
0.0566072969755745 -0.018142924634011 -0.138333124699024 -0.576721065572441
0.00316166193836315 -0.116723655290125 -0.496118310962948 -0.362539699602984
-0.0948604731519538 -0.0672007258206527 -0.482986715015517 0.00958125515782739
-0.0750324476227612 0.0491919292679702 -0.23514357968526 0.167022021498644
0.00633851197326372 0.0773071247962608 -0.0696856010480798 0.105000259333616
0.0648784390872886 0.0664495860631095 -0.0487601346240482 0.00909262275194518
0.0872075232657662 0.0538475244982172 -0.0763700366292579 -0.0336342118236802
0.0962510866820421 0.0700894654952842 -0.112344536251149 -0.0813612088843079
0.0395259333370461 0.0882092526789669 -0.0661059751928603 -0.163591666632042
-0.0356535804023527 0.107854053791332 0.0623832775408005 -0.295012475312776
-0.130535721434569 0.0459475714501085 0.281724237737081 -0.26202246689786
-0.115657169011309 -0.0563003001762711 0.452661721818666 -0.0609704149366504
-0.0363230349994901 -0.0920095438237159 0.344367014903561 0.174353905378823
0.00852839466568616 -0.0885053899674407 0.134930698263554 0.0148156857173678
0.0395073118902141 -0.074052322498617 -0.0338542675592506 -0.190293065801832
0.0632181853090627 -0.0833637331164705 -0.21797141992628 -0.492943878509135
-0.0523013742386835 -0.15225752982645 -0.503467683609756 -0.252671956644155
-0.152258365119378 -0.041486949448439 -0.44960270219003 0.0766037050795551
-0.0813877027413734 0.098806240418183 -0.206584061596748 0.195055842094622
0.0250778097938754 0.107017442216029 -0.0444024789393235 0.130806347470328
0.0864697352598419 0.0832599024827642 -0.0103955221731505 0.0326599017857956
0.110898632155324 0.0631045923704421 -0.0311033253450734 -0.0130852617629215
0.116272143726418 0.0776989110066378 -0.0712826752239699 -0.0590446516031544
0.0495392700129486 0.0953054831299579 -0.0378372119757832 -0.145533177067536
-0.029632929963444 0.110169520581717 0.08444246640005 -0.28625245617291
-0.121359340087217 0.0483926170479984 0.322212330877671 -0.247376735011472
-0.111529675900208 -0.0377208709904228 0.503442352117662 -0.00788590476646339
-0.0535264083053186 -0.0743106259551714 0.344906863909892 0.264432287638254
-0.010942180310632 -0.100415254574592 0.100214110003455 0.0716017129930261
0.0509071550845778 -0.0970686409165393 -0.0920589413646524 -0.132819157385833
0.0434971915337848 -0.122614678758005 -0.279937645992288 -0.37487341455297
-0.0982492423537388 -0.149360825288916 -0.484171687099197 -0.145239040746392
-0.171904005446785 -0.0069722413069554 -0.410441056905787 0.134678128347262
-0.0701054248867223 0.122925661270012 -0.176728423672603 0.231463805878255
0.0371032619422764 0.114805124696175 -0.0102500897559331 0.165241171615648
0.0929281247470456 0.0865739086293411 0.0374689956502514 0.0620259516044334
0.117170917780494 0.0635962584512086 0.0201818986325822 0.0103107131645476
0.120163308927463 0.07562066419796 -0.0255835240151914 -0.0381865448177679
0.0544783567760001 0.0909546871979595 -0.00282396770284012 -0.131973840127581
-0.0153825936043287 0.102963847606889 0.125886516274514 -0.27518097453686
-0.0968137790547883 0.0595746041528032 0.382811309147763 -0.205294562797091
-0.107517850630527 -0.00349105474787735 0.541804700114482 0.0896290848812344
-0.0786206600349228 -0.0499001646350946 0.315957993019976 0.367222490415454
-0.0327028965070651 -0.101697650403778 0.0683378575080796 0.128818583850475
0.0404237563659947 -0.0980915787935657 -0.139217236974923 -0.0637313783675726
0.0122133334497186 -0.115016630821648 -0.307378704223689 -0.256903883273532
-0.107233301753429 -0.110987536297905 -0.4525459511437 -0.0649622436264722
-0.144384884015431 0.0177422690028777 -0.374580346279936 0.179869016455755
-0.0474058101761832 0.110737301880349 -0.145551167914075 0.270197935455985
0.0361012444047872 0.0969118713117499 0.0308843629075715 0.199725610451466
0.0817690312362941 0.0737506242053857 0.0867284648594129 0.0918967894248478
0.105899376944917 0.0546524841589683 0.0681930079815771 0.0323257526978081
0.106793237399001 0.0661090094866622 0.018676198044884 -0.0201262654769439
0.0544209740688785 0.0800863095102756 0.0377735738553984 -0.118922700589355
-0.00164720132072824 0.0955659907789956 0.179205807157124 -0.252529633619449
-0.0785954462697318 0.076727867032457 0.437908541242146 -0.131432044845744
-0.114408628899175 0.0237538936250745 0.542832081652459 0.213413471445831
-0.0999676642860521 -0.0396915357821912 0.257476779519551 0.457380085899475
-0.0427033212958614 -0.0955310332257765 0.0449988371907156 0.17951404716587
0.0154772739217737 -0.0694864260098271 -0.163666385464233 -0.00440895952971828
-0.00739315874539098 -0.0662294794166532 -0.30704036761229 -0.169965977265681
-0.0747011414916693 -0.0604727783806113 -0.424787932482123 -0.011297611657526
-0.0852454566525667 0.0180042949627215 -0.345963843213115 0.21313753932537
-0.0245530500706459 0.066920809267413 -0.114116604485806 0.303061928251093
0.0213160992762481 0.0596437815962769 0.0690057916735674 0.227430706548206
0.054502265751822 0.0493730610140121 0.126418751763985 0.114624906389615
0.0764934465100532 0.0376906280827693 0.105553850052394 0.0489325302412665
0.0777900899802531 0.0501998531600963 0.0568539604347658 -0.00553676808459655
0.0452191279800408 0.0630924197890825 0.0774208092139867 -0.1029705718539
0.00432864929284507 0.085590736283569 0.228493782773248 -0.214358965044298
-0.07092124842591 0.0817692277710733 0.466931068189295 -0.0435329412184549
-0.116936617174935 0.0236688122716674 0.503274231517215 0.324391027743698
-0.0940523942621663 -0.0458064088883978 0.188707444762082 0.515747578831401
-0.0316116230400673 -0.0790533686767509 0.029179751149773 0.218713255778384
0.0097910317943326 0.0501070251920031 0.00713743319883176 -0.252990651681591
0.0794494791148625 0.0682219375107432 -0.10111005274905 -0.617903230084669
0.123543245950862 -0.0461687040254011 -0.516069384334559 -0.445938133793694
0.06434502013106 -0.109487267285763 -0.551713987444635 -0.0199689736609523
-0.0350426597991395 -0.101775503120015 -0.271405032015226 0.214159781810003
-0.0624244534663944 -0.0466036320708966 -0.0666180097312487 0.12598855563294
-0.0538153097806351 -0.0200253012876327 -0.0679565190563928 0.00991193048636028
-0.0433289198243919 -0.00911546473511804 -0.123171011575558 -0.0447717522961227
-0.0341136317558256 -0.0033361546489066 -0.156254786511966 -0.10023223526609
-0.0265255045435297 -0.0218511696365817 -0.0926837994693776 -0.200300160201161
-0.0137006577812837 -0.0213095926205588 0.0655117426953213 -0.322237909474553
0.00811003312949988 -0.00851977407456095 0.290227364551799 -0.266790284426792
0.0107672891977525 -0.00231845869836406 0.408708301914544 -0.0632176247719246
0.000763362052335043 0.0124677355427142 0.327793728930298 0.0966081306638282
-0.0118603218920909 0.0325508082381817 0.209233994211719 -0.0478539536837662
-0.0153455952454078 0.020553497247024 0.0245271840839118 -0.255959205573648
0.0432332739787392 0.0657036846023988 -0.0739227388928353 -0.629754311423335
0.0884674494847451 -0.0423407420029831 -0.490595148283564 -0.468471246151271
0.0315750484261631 -0.0897337677534582 -0.537636457675733 -0.0490248972624002
-0.0390926110860585 -0.0617047929234062 -0.275707235907764 0.178134431261316
-0.0382939825582309 -0.0115774201248544 -0.0834990630723939 0.105996748385638
-0.00981473893616958 0.00721024497663485 -0.0791945181099674 9.36545742718713E-05
0.00554629282750395 0.0113932856892989 -0.12814641528466 -0.0466563898737036
0.0176653302868032 0.0238955211652382 -0.163832945585816 -0.100420094505019
0.00146527521971502 0.0245929312437899 -0.102131564952623 -0.19488755378325
-0.0226850585169236 0.0392131907412795 0.0481142121365219 -0.32101372290885
-0.0582765880440589 0.0218338739326959 0.267133190228455 -0.277364478319566
-0.0534257154398026 -0.0307334632326115 0.402472466200824 -0.0881909896332618
-0.0124790500648419 -0.0456183710719005 0.328039822125113 0.0816625976743563
0.00662336027944011 -0.0188301624611831 0.193777314462401 -0.0576951882046165
-0.0162638842766129 -0.00872505741721232 0.0283621144379511 -0.251014124897078
0.0392393669336633 0.0391979525354619 -0.0944709093724654 -0.625648131585312
0.0487412861230015 -0.0675825921201788 -0.499694974901691 -0.437654396457362
-0.0244371270329798 -0.0760787891125559 -0.519782850731179 -0.0286590140245743
-0.0541795054714749 -0.00761124622950616 -0.260719864788305 0.167973917662486
-0.0122028629926519 0.0326038817696972 -0.0826454691516253 0.0989951899255129
0.0331265911463228 0.0363303053931061 -0.072830458944198 0.000435618998111127
0.0521876939681634 0.0313760560216565 -0.112255225966644 -0.0410505956971674
0.0647546004634767 0.0472006247105708 -0.149068031761843 -0.0906778803905203
0.0256163270894333 0.0631379300232713 -0.0949161359301653 -0.180083585195854
-0.0290131939960891 0.0856621442856743 0.0421384919858257 -0.312526555254565
-0.108095086771038 0.0435668314495529 0.261064766875113 -0.280500441311356
-0.101019041446466 -0.0486746091382736 0.419364653642786 -0.0965877191227062
-0.0273265125636896 -0.0830966276513497 0.340392730813326 0.104852254532613
0.0120396410563895 -0.0626448025799095 0.168143896812742 -0.0354423332415731
0.007136866741497 -0.0401780105817654 0.0072211991239756 -0.233691291675835
0.0566183988597435 -0.0169838652551652 -0.16039559775667 -0.58516735738631
0.000676732395739225 -0.114553678359378 -0.520562780850074 -0.353861474506699
-0.0945531917816267 -0.0614372693272892 -0.493200378511127 0.0278976788949966
-0.071348128198417 0.0515765820326664 -0.234015917892619 0.180374949801702
0.0119781061293851 0.0761287295870378 -0.0670451901360706 0.108817618589364
0.0693406416511931 0.0625124079432143 -0.0489220553677418 0.0122418810038095
0.090288207024222 0.0467669989742522 -0.0791645235988618 -0.0280248347885935
0.101436547733427 0.0627666503540358 -0.117767851804238 -0.0745331337276774
0.0425245205738717 0.0864631257017541 -0.0742437446676648 -0.161483813658402
-0.0312440350946435 0.108735488492669 0.0486499201123132 -0.302385705851366
-0.129593635168393 0.0508757714619659 0.276236344286761 -0.280133018292313
-0.11905651263991 -0.0512843326239891 0.459925058281057 -0.0820137986134344
-0.0410388531445819 -0.0907517657020639 0.357234076288263 0.16716407399747
0.00226315194776503 -0.0897663461700729 0.136835877253015 0.0116274334484101
0.0337618672836896 -0.075028014150269 -0.0405609898961655 -0.194996639748014
0.0614997688158289 -0.0844327436065062 -0.239270641822505 -0.495247158911828
-0.0572035680362163 -0.148394317706916 -0.522373732973151 -0.238815228996758
-0.1526083230883 -0.0337002773754126 -0.45577389566278 0.0954163396931886
-0.0764159158114805 0.102083127114194 -0.202808269935919 0.206945272080511
0.0326470994611817 0.106181731173431 -0.0401778288433189 0.132551283089341
0.0924644763522268 0.079596782737401 -0.00930601234512849 0.0334322990032175
0.115384774216006 0.0555698235551208 -0.0325245063553139 -0.0110680897526128
0.121933380742281 0.068869944594012 -0.074635787105824 -0.0560299902252876
0.0540324519655323 0.0925567004687763 -0.0456643665217042 -0.145138744438285
-0.0239561392088101 0.110087470717563 0.0711732157933706 -0.295782972991517
-0.119155925270685 0.0534746848379549 0.31813151824949 -0.267752937481369
-0.113985924313627 -0.0309939396415338 0.514399017910108 -0.029111135368579
-0.0588019751348428 -0.0716218649564726 0.36100787321047 0.259904914517072
-0.0200345110507822 -0.101207789874891 0.104364333567169 0.0713825621247779
0.0457435649268601 -0.0996301585976604 -0.0979281639189784 -0.132808115177145
0.0402706100662723 -0.125700551027811 -0.298251495539776 -0.37150308235848
-0.103472545656446 -0.145506857237625 -0.500055089088409 -0.131559183270822
-0.172897485091651 0.00194815144680033 -0.413896954790378 0.154160374716917
-0.0640343146919982 0.127198650643751 -0.171200193112607 0.24225811489267
0.0455078405393259 0.113853420590617 -0.00329238814837966 0.165408869841106
0.0997234009589816 0.0827213037166002 0.041030680790044 0.0598098475395255
0.122560703608498 0.055925751659318 0.0203075205599012 0.00939954307900138
0.126183047557206 0.0669740097275014 -0.0274746210699659 -0.0385757769891542
0.0600498312335333 0.0879042021027492 -0.00888765128097106 -0.134643586625746
-0.00924022575150038 0.103187942044395 0.115392653138183 -0.288042171823794
-0.0930526812188863 0.0658129233602077 0.38256559340001 -0.22722133755424
-0.109186138116413 0.00528549076287035 0.558277875883879 0.0697985579865732
-0.0849281600274775 -0.0454771416552595 0.335320906803399 0.366861661091073
-0.0427960302073629 -0.10222442825426 0.074811568317108 0.132110485859198
0.0354166228603499 -0.0998699037177807 -0.143847413218592 -0.0604264471296681
0.00963159352894299 -0.117255768055555 -0.322331434059353 -0.249367967309303
-0.112153016889297 -0.106590355263469 -0.46428515266466 -0.0491938056881441
-0.14569720396381 0.0256825969279285 -0.376167044872121 0.198664281575825
-0.0419977346180912 0.11483771665473 -0.13743832564178 0.278944096417734
0.0432932959561826 0.0965036634805934 0.0399353862958472 0.198216274261992
0.0876969322066619 0.0717234480276732 0.0927775965894758 0.0865918987030107
0.110595311318752 0.0476936082063496 0.0702552164160325 0.0280283745742353
0.112557795940349 0.0591860839585362 0.0183487887812478 -0.0242648093936693
0.0598977412552425 0.0773071097185208 0.0334175490604627 -0.12517239534439
0.00520653571649739 0.0965953147996613 0.171929555673791 -0.268161574667997
-0.074734817721937 0.0836052049203635 0.444594794618203 -0.155147787245873
-0.116018022820259 0.0328511485966672 0.563259593298207 0.198329490586112
-0.106680988648165 -0.0355333081956452 0.276242792645576 0.460654999051939
-0.052782077602637 -0.0963696116678962 0.0536493395899789 0.184684833981875
0.0129742160216449 -0.0706220509236444 -0.166236572224943 0.00112595728074445
-0.00868548236573729 -0.0663755811315096 -0.320042872593728 -0.159815307907836
-0.0778741637004782 -0.056925242092954 -0.433674323160574 0.00472567729324069
-0.0853695548877693 0.0234856304807873 -0.345255586983697 0.230349996310397
-0.0211789086480714 0.0693014161791365 -0.103419895715118 0.310765392014886
0.0261145186993983 0.0604800648283022 0.0808148247325016 0.223505115900651
0.0592106173931538 0.0481744673980164 0.133627569511507 0.107783573345563
0.0805695558029397 0.0333884949895146 0.109455749996647 0.0422515070697782
0.0832075136923523 0.0462586413685012 0.0582084598866722 -0.0123645643222571
0.0497166280527812 0.0623667841777277 0.0751993527122776 -0.112446141565697
0.0086299255247862 0.0875531535074121 0.224671708834715 -0.230896998171813
-0.0683273369670955 0.0877191036040642 0.47785989068073 -0.063999113935927
-0.119957963812396 0.0308636159635721 0.526991005219856 0.315308687014274
-0.100187037381192 -0.0440959912369855 0.209395650606288 0.523667687602184
-0.0392647141375615 -0.0814883583761035 0.0390987818645709 0.225478313978253
0.0135170184133682 0.05061019390706 -0.00888655617426853 -0.256757225395794
0.0854579596782662 0.0665234423534714 -0.13372956613133 -0.620701784762113
0.12395315289577 -0.0528470116388029 -0.547181848261939 -0.423899764100667
0.0620139239832417 -0.114285124642094 -0.5637470216054 0.0105526507677171
-0.0423578832749114 -0.101224881202995 -0.263244494754513 0.234877800193729
-0.0659176496209056 -0.0432784732831934 -0.0614295236674923 0.131772527458663
-0.0561239221570565 -0.0166549254927868 -0.0669661139859263 0.0181144788550275
-0.0451206940669732 -0.00596297001229825 -0.125419399810917 -0.0324824849277061
-0.0347496394522385 -0.00134870479857092 -0.161928362784452 -0.086283848515077
-0.029706780030432 -0.0201904290933946 -0.105634249336528 -0.192204767940072
-0.016838113820234 -0.021195740138902 0.0442972034556838 -0.32632029876021
0.00807602131507532 -0.0118826267055631 0.275188422830678 -0.286694065891264
0.0105243984734186 -0.00430726114239415 0.408232232761859 -0.0877715787348832
0.00154346300175554 0.0118312887615507 0.336192649367761 0.0791921474087879
-0.00869353657215821 0.0345492050409232 0.207674436056089 -0.0603461595540611
-0.0157989906293254 0.0224660743762975 0.00947832121423505 -0.260971918778586
0.0475875215455726 0.0672387715489698 -0.108730107991956 -0.633770300325262
0.0889326884180367 -0.044253273786746 -0.521199139739021 -0.449488801208299
0.0321123527883639 -0.0907537718469703 -0.549954554802945 -0.021361568485923
-0.0424407483345231 -0.0616745592318213 -0.270789241807113 0.199602013508987
-0.0377941837631896 -0.0107795790156348 -0.0794508253095443 0.112419837158846
-0.00985221194363705 0.00623074869748156 -0.0796100522863673 0.00872725280125214
0.00580774993399373 0.0104823950030826 -0.130869094999435 -0.0344464363598462
0.0188904191473577 0.0211180659174606 -0.170621255303029 -0.0855365796072686
0.0013821019330189 0.024132185783907 -0.114870560753644 -0.185987522072689
-0.0211573816957963 0.0394190835757716 0.0274606847059672 -0.324773429166689
-0.057126138954035 0.0235991943768995 0.251853812802705 -0.295858379434991
-0.0556039184667376 -0.0287400545878408 0.401520625093575 -0.112840805463142
-0.014956706503356 -0.0457089057821168 0.335808649756913 0.0637148303054605
0.00564688289622521 -0.0181760821762469 0.191458192791141 -0.0698115952342551
-0.0193221519332163 -0.0067717547529138 0.0154912642229703 -0.256667524571738
0.0406337263110132 0.0409971169433808 -0.127017972484592 -0.628509718804656
0.0471645414930513 -0.0658962867838147 -0.52669744419419 -0.416903624993393
-0.0231957427601825 -0.0731531730725875 -0.529955052733786 -0.00043061806241813
-0.052466368400557 -0.00671285559934464 -0.255082246891638 0.186316561488694
-0.00849471056055304 0.0309412902804085 -0.0790509458776372 0.105113580307617
0.0365340410271825 0.032093344030249 -0.0738074741405107 0.00692535466810981
0.0540216717354933 0.0256599897447107 -0.115316863540905 -0.0303012165021432
0.0677828103977123 0.040316352006876 -0.155531517178014 -0.0771911952672524
0.0287260247378273 0.0609842695717216 -0.106070211466027 -0.172430681946558
-0.0244693841736961 0.0861380868907151 0.021412591995055 -0.316119327595789
-0.105418339956089 0.0487650980999121 0.244984333405505 -0.298977173311605
-0.104226120870433 -0.0426336657185034 0.41737988318131 -0.12230383445853
-0.0322422365852459 -0.0818557331298138 0.349212617931991 0.0877614289989117
0.00655458743235801 -0.0621086756623958 0.166760727582815 -0.0448838791759046
0.00169904866915285 -0.0395142510845737 -0.00437602269041707 -0.23784413366524
0.0559787647405179 -0.0176207729838119 -0.192439470112281 -0.585003129206832
-0.00353712631295963 -0.110482740860514 -0.546860669755118 -0.329388988327209
-0.0932526273383553 -0.0546215976456226 -0.49839143246788 0.0574469775644023
-0.0652839493105808 0.0539805870776836 -0.226809297766861 0.196849022877566
0.0191314391568019 0.0733104553449873 -0.0626856188106544 0.112734284257448
0.0751322351307299 0.05649134260686 -0.0487238510045716 0.0157505886000539
0.0940062693662225 0.0383168224873327 -0.0814499740988306 -0.0208422564075434
0.105197832349873 0.0521706453746603 -0.123021406449018 -0.0643904294385674
0.0475739997301268 0.0822215573425066 -0.0847228241028961 -0.155155190554509
-0.0241107956152062 0.109110024211178 0.0292588654918135 -0.307210044830701
-0.125341484461562 0.0576292608105475 0.260601772382776 -0.300078674003955
-0.121946702060646 -0.0435680916926628 0.45926584230701 -0.109479944537542
-0.0475591657385332 -0.0875302428245572 0.369826981811295 0.149993384892859
-0.00680441959594829 -0.0888950943351626 0.137944914636227 0.00469825168637369
0.027491611116551 -0.0757840199279657 -0.0510699026607969 -0.195015849635895
0.0571920171125344 -0.0864621376874755 -0.267567377830243 -0.488485957288881
-0.0634760108632593 -0.142302546291909 -0.541265799056108 -0.214283156369214
-0.151845984272944 -0.0235982277303567 -0.456630459480087 0.12360753947883
-0.0676252263894743 0.105835012337943 -0.19331030304258 0.220158526256337
0.0415588305963607 0.102390658050893 -0.0330124834215405 0.134301069503473
0.0999188925011275 0.0720126363574579 -0.00756735628109103 0.0330400611234904
0.119165368984129 0.0443170627875948 -0.033658091489243 -0.00740172297792122
0.126814524227146 0.0566155421134043 -0.0784155618891709 -0.0499079781068008
0.059266407951872 0.0871477286080193 -0.0547575651080348 -0.142348618118785
-0.0158257317698919 0.10969148858741 0.0520869237341769 -0.303024680476395
-0.113522993838667 0.0608992819154247 0.304026626723178 -0.2900849644105
-0.115025781093357 -0.0218272143609058 0.516746212918562 -0.0602583747934602
-0.0657226891114222 -0.0658724518593505 0.378651606582383 0.244198046560357
-0.0312643205484899 -0.0991403511289101 0.108711498172584 0.0679269248401613
0.0390486355271437 -0.101726097641911 -0.105270752070372 -0.129627446261352
0.0342658334921795 -0.128166691657297 -0.321639631093072 -0.357762502618064
-0.111029515032556 -0.137606031859454 -0.511671941127509 -0.103163944700387
-0.171907588025251 0.0141713542698736 -0.40835045428302 0.180346156184181
-0.0543546590731186 0.131255992333322 -0.159026410388595 0.252764748383144
0.0542255754605551 0.110049031082154 0.00621162695369545 0.163669528098418
0.107017272592918 0.0755925907997686 0.0443102797050219 0.0557130863107537
0.127378837529508 0.0444296696285784 0.0204818969554447 0.0074741366022403
0.131888557729741 0.0542125690034626 -0.0302861311677798 -0.0375760212013004
0.0664439932124619 0.0817526056953861 -0.0171635689020321 -0.135464925595918
-0.000425315228455478 0.102591902762365 0.0961157222112373 -0.298822711911672
-0.0864038101786675 0.0734434990019158 0.372151235917582 -0.253494939819052
-0.108270875028809 0.016600410832002 0.569223063450006 0.0385737212559895
-0.0916972680847689 -0.0383339449190745 0.356904325174404 0.354715971492425
-0.0551926051547338 -0.0996729315657713 0.083131361434833 0.131055375474549
0.0289748133542704 -0.102054867290386 -0.147267932001716 -0.0535738512334691
0.00361891208461161 -0.11862841296999 -0.337829286244693 -0.233057312611824
-0.117748824325381 -0.0990659225186244 -0.471420450611057 -0.0231644504391498
-0.143444599578253 0.0366023127308352 -0.367934101691624 0.222700050044064
-0.0336411720752309 0.118065029032754 -0.122102830060011 0.287364885528587
0.0515069228955304 0.093961319920449 0.0520332624011933 0.193883918943177
0.0949163133315193 0.0652864750481898 0.0983074107333927 0.0778729637811579
0.114857265257858 0.0381194778527068 0.0721927369433994 0.0213323655836283
0.118100535718022 0.0481856053234685 0.0168594833812335 -0.0279580665083971
0.0662457998824674 0.0726767136280696 0.0263428386559992 -0.130235469450256
0.0133378413148984 0.0958327567104435 0.15596011976789 -0.283682798022516
-0.0675425370763284 0.0915747981075568 0.439874248653827 -0.183523754932954
-0.115778961506538 0.0444527506965623 0.581331092996957 0.170750502797866
-0.113849636618254 -0.027818161857444 0.30516831875551 0.454599693925829
-0.0640887292422495 -0.0939460792720018 0.0657950852003492 0.185675678097754
0.00880714089465451 -0.0722458596175479 -0.166865097240359 0.0114133460288299
-0.0111641002744568 -0.066744314786954 -0.330293353597895 -0.141293034765935
-0.0811445031268351 -0.0504660863337166 -0.43753580578518 0.0305827440269448
-0.0836272975571296 0.0312472816140054 -0.33467385272265 0.252206413585206
-0.016556534206347 0.071286534142971 -0.0852418492973724 0.317383513553648
0.0321539217270578 0.0593642167783629 0.0945051162174614 0.216167196547463
0.0644648942028076 0.044627260243047 0.141856959447363 0.0966196731071217
0.0837806079776683 0.0268246550549758 0.112768523070936 0.0330264077895827
0.0881850326800057 0.0395705831917679 0.0576899729357631 -0.0201604326973045
0.0551112890447722 0.0594275658556421 0.069090270022211 -0.121350677510622
0.0159083978170529 0.0880515880333106 0.212703369055821 -0.250916102210899
-0.0629005022103655 0.0951367674284717 0.480236876024863 -0.0940728642696832
-0.120779824091068 0.0407611918932943 0.550591467890499 0.290910006602234
-0.107273104089009 -0.0384968062178088 0.239243225936956 0.521336439658326
-0.0474703809092144 -0.0807323433170116 0.0546095559253849 0.22787615222469
0.0200920614913947 0.0428585907312731 -0.0534972115847746 -0.248073169077941
0.0865286640866707 0.0400946891886296 -0.234803219887547 -0.581447560932042
0.0998459069181319 -0.0741533547244186 -0.601721259890221 -0.318598357290955
0.0310249040977706 -0.11932396139105 -0.548732474756564 0.11023428484352
-0.0630451840547908 -0.0834082194730441 -0.215912772335107 0.276254212576665
-0.0707517650830434 -0.0267836325369496 -0.0372716986067504 0.137937802131542
-0.0597497577614939 -0.00465919947272911 -0.0581699532039006 0.0316218197965649
-0.047335962227772 0.00294815610832661 -0.124167459088374 -0.00722985454912198
-0.0366658965885933 0.00544388332282309 -0.168266642212109 -0.0553007967020513
-0.0359981885924655 -0.013391444893236 -0.129435256461214 -0.170115582850182
-0.023879682137462 -0.0183688203248436 -0.00413726605064519 -0.3221912168183
0.000218224293034634 -0.0176357668894202 0.227774361502334 -0.317809488015765
0.00485500414924754 -0.0124191200657377 0.386246391440155 -0.144036260937347
0.000686250274441615 0.00689699798449544 0.34277650530896 0.0311015316902723
-0.00349240628871959 0.0347618098762637 0.194527465366106 -0.0868511685179762
-0.0153666020290069 0.0206898328010451 -0.0351476782742077 -0.255697564193491
0.0481341846567049 0.0477006120088751 -0.209702486637228 -0.599191481070123
0.0677808039195522 -0.0578178118688086 -0.580210501220326 -0.348620664557815
0.00862183672927118 -0.0895762553420675 -0.539636551188327 0.0758727202715164
-0.0541455287603655 -0.0469114854268054 -0.230846781191398 0.241677697495415
-0.0376990334040743 -0.00244214838719282 -0.0598308976266442 0.122484013348118
-0.00928337060589047 0.00783653605268504 -0.0747263053261552 0.0235346907975617
0.00382885166819569 0.00897317209169889 -0.130148045834532 -0.00769324979092791
0.0184427347506127 0.0168018623796033 -0.176991310462178 -0.0529017619145401
0.00160178934234344 0.0250390214819261 -0.137754661879337 -0.162986840016202
-0.0182376355159427 0.0406364468927778 -0.0210457239617069 -0.318888491104751
-0.0570831685170992 0.0284229103873974 0.205854046252026 -0.323302203581103
-0.0633808126529323 -0.0247883779561667 0.377365987469343 -0.165422511421596
-0.0247474900477787 -0.0456114031224847 0.339058432598474 0.0171142171864899
0.00160489909534458 -0.0187072606159418 0.175756501872945 -0.0923188399652616
-0.0253694561683246 -0.00608157097580522 -0.0262856086579734 -0.252137979877801
0.0356428407565755 0.0247439920017581 -0.227558257250319 -0.59271831484554
0.0240692779855397 -0.0692749269292044 -0.5798559148433 -0.316253318883963
-0.0401466612076426 -0.0613300192420147 -0.515046604779491 0.0895981697142202
-0.0524307870936634 0.00708246020770881 -0.218817306763488 0.225386588190721
-0.0025456640285642 0.0314547054886419 -0.0615706250221131 0.115031683560335
0.0414053082142091 0.0232212627391649 -0.0724526756549013 0.0205291335312407
0.0530197962424444 0.01444369764311 -0.115148640705209 -0.00607455912178357
0.0695915092975603 0.0252045335451538 -0.162240695160798 -0.0471751260878765
0.0345129527122821 0.0548934302726373 -0.12827811656031 -0.150701953009462
-0.0128264869348028 0.0854302739724166 -0.0267196211697995 -0.310510223626497
-0.0989524943646828 0.0620532395664232 0.199706214638255 -0.328049789994287
-0.111793282897101 -0.0298896607287749 0.393865356377316 -0.176189507605404
-0.0473067729225448 -0.0771197305305744 0.354789262189461 0.0405141005511131
-0.00497832787786082 -0.0622168159772381 0.153707174610296 -0.0642243171745299
-0.0109493481049009 -0.0415232563755377 -0.0408274898453761 -0.229419255284082
0.0383089302402734 -0.0326555439607527 -0.279798416858384 -0.535242845541171
-0.0320287139324376 -0.101394086824334 -0.578263927110707 -0.229812832430825
-0.103299983031367 -0.0287941021504602 -0.472642161171336 0.137768387781184
-0.0531868199325828 0.0676744789031415 -0.191307863255688 0.228082771995497
0.0322311948781999 0.0670216358003979 -0.046158928820174 0.118940551002531
0.0843588692969547 0.0388722762428853 -0.0487728180025442 0.0227964806926868
0.0940309199044193 0.0189981256285115 -0.0817054189907031 -0.00315516534957086
0.109087407561009 0.0292969211538185 -0.128897241535708 -0.0403029507419349
0.0576371553159005 0.0711086724068446 -0.105364209221084 -0.138459072659379
-0.00831622722847942 0.106529350597078 -0.018101361198202 -0.303138844642069
-0.116415586805534 0.0747741749280756 0.215870437784368 -0.331273811644309
-0.128541603998385 -0.0270947023380682 0.437183051397642 -0.170066387365867
-0.0624447650389172 -0.0801065329032044 0.383192116719843 0.100525182473326
-0.0224129093500822 -0.0856350317430814 0.132136624082934 -0.0106240003576736
0.00729146184350263 -0.0801498759387077 -0.076348640912587 -0.178414743038779
0.0274492102122374 -0.0984786608538014 -0.33512915773515 -0.427004808103832
-0.0959260436755446 -0.120761596256352 -0.551927803341615 -0.117884820708877
-0.153881313641472 0.013049409068383 -0.417198919048524 0.190195146772936
-0.0457833385850269 0.118276328452917 -0.156652884161609 0.243307894988773
0.060247105676845 0.0916466665945183 -0.015958450832836 0.133748750722927
0.112434149159884 0.0497930622823771 -0.00747455214651645 0.0309789335258472
0.12013650932945 0.0206621468727311 -0.0345238874925474 0.000767018887415951
0.13141980478052 0.0288237592097986 -0.0844856106261028 -0.0342203319386479
0.070683607815176 0.0730163921525925 -0.0746239150827698 -0.131200591443637
0.000644466223953992 0.104685109503716 0.00460527619027122 -0.303865111959536
-0.103047107407989 0.0762168263948364 0.260314651151701 -0.327992355594562
-0.11759587949136 -0.00597852021008625 0.502612345722328 -0.130302664591721
-0.0771066927147118 -0.0561736680708374 0.406262827478578 0.193242748766435
-0.0492347149361658 -0.0920803915720842 0.112437031528401 0.0562280166491694
0.0141454897809383 -0.106123595273052 -0.117968389797008 -0.105511437744365
-0.00158128340921736 -0.132115954648108 -0.364043587607872 -0.291433820611527
-0.139165122848358 -0.107360838709435 -0.503767838626897 -0.0200027094059796
-0.165989294041468 0.0539355205868306 -0.36380448164533 0.236356240117186
-0.0284188532133277 0.141657096173447 -0.119108583650333 0.269214065674651
0.0749323251476489 0.0977762543167838 0.0272431012539812 0.155162986486293
0.121798380625527 0.0526068675736654 0.0465564665816843 0.0422494892602835
0.12929816767398 0.0188647664892662 0.0196398684929743 0.00463131138295105
0.136962885558368 0.0258500730536247 -0.0366494238369429 -0.0314225328479716
0.0773144016151624 0.0662560391020443 -0.0371903488470992 -0.132050544576945
0.0156637695407968 0.0946981511310578 0.0479850056980944 -0.30796450163189
-0.0729943145540493 0.0835033032845406 0.332966334667091 -0.303401239794734
-0.105032926627148 0.0296608464363673 0.568037148015108 -0.0390904913641764
-0.0983052943126735 -0.0253746185662074 0.401403374269537 0.305989346506551
-0.0729714589857307 -0.0891765451655247 0.0962669863223607 0.121944730492184
0.00447500184267781 -0.103607184395471 -0.145805937943525 -0.0247557525791614
-0.0279594101904967 -0.115566963799801 -0.359208729116563 -0.167315829513473
-0.138487277567886 -0.0680440478086236 -0.453061602069241 0.0517763926163498
-0.134720060856558 0.0713106373000057 -0.319142755096055 0.270486299181827
-0.0100098309544251 0.126119024096564 -0.0773604845580677 0.296619201919118
0.0706290361758442 0.0836918576664179 0.0768415839119249 0.175474707689993
0.108944744120743 0.044868464701834 0.102796558177162 0.0539700591563529
0.117309452800982 0.0147921935208636 0.0716834996769728 0.00875527353413398
0.123871355326989 0.0221688994902521 0.0106935436296824 -0.0311337648966327
0.0761974370104439 0.056849265865412 0.00592534167391233 -0.134541622920767
0.0284543468280853 0.0876137967341478 0.10949915898693 -0.3032859380117
-0.0521632294635017 0.0980923549201734 0.409072744298197 -0.243076297502658
-0.107871320058346 0.056701165571503 0.598048248288172 0.0881800823054141
-0.118097381504958 -0.0135833728132516 0.362973647965542 0.414444984852801
-0.0801348042672813 -0.083536251899633 0.0876179509442191 0.177882102039526
-0.0081811441117415 -0.0700168707503081 -0.154657269595798 0.0399299333820655
-0.030750925598769 -0.0614091096199036 -0.338746877881046 -0.0811172387355747
-0.0930003045308578 -0.028354292550157 -0.413805530438588 0.0991221922730905
-0.0777240864047729 0.0551458835767614 -0.283691463062329 0.29786778451894
-0.00130084374653614 0.0795153337232158 -0.0352723701061504 0.320279105189578
0.0476392548907669 0.0543715259303072 0.123750301038604 0.188429673007612
0.0757011367915005 0.0307595489008377 0.149989175902804 0.0646680882100294
0.0862421184546606 0.00914421539381265 0.112735215284325 0.0124524135609802
0.0939222956309227 0.0197651763485924 0.0516564531272338 -0.0306762729505934
0.0637947900957434 0.0470781940343676 0.0496221862006529 -0.132640131721625
0.0288206066825345 0.0806834142467676 0.170458021726853 -0.278747666459668
-0.0478367302598854 0.100138679721356 0.461412164110215 -0.159896188542856
-0.112866856501786 0.0522445851165176 0.585000035557258 0.213091754004155
-0.111329561014221 -0.0267055366521245 0.30670468780504 0.488121883782188
-0.0593926543832434 -0.0733293514687903 0.0830214327238581 0.220034106789954
0.0225708696651909 0.0405679658710746 -0.0635055760482225 -0.238921729873858
0.0869729858522403 0.0356449196875953 -0.246829034488051 -0.556130989736637
0.0954474850476538 -0.0757834543153421 -0.596897252378766 -0.287565063984827
0.0277755696606827 -0.118967373530696 -0.532510804094015 0.13213213875925
-0.0651631995547809 -0.0787284949385973 -0.19905810872403 0.281587676928939
-0.0697130325933583 -0.022801236403714 -0.0315728954296849 0.138613960562694
-0.0581856040261501 -0.00137908316408849 -0.0537253825738571 0.0360836517387781
-0.0463863832053206 0.00567028438303578 -0.117476664904448 0.00279861345030243
-0.0354942523419462 0.00691761477705548 -0.162749877727346 -0.0411432862752683
-0.0365371587254411 -0.0103084225168572 -0.131341178994235 -0.15427532458154
-0.0247678320999965 -0.0172509426313711 -0.0205684991023003 -0.308854711485545
-0.000962610948030823 -0.0199222892671517 0.204738199701298 -0.316264671795027
0.00334603828512386 -0.0136303040502914 0.366777336447709 -0.156283355260228
0.000833938131518634 0.00637370790242751 0.332608977814077 0.0147056145135671
-0.00042425338070977 0.0347268632039054 0.183321199362306 -0.0925313424499504
-0.0149979408465744 0.0217429149505303 -0.0450675551726122 -0.247553934321525
0.048753330540567 0.046247559913672 -0.225710875558932 -0.576280703792288
0.0654636500578815 -0.0566614701725234 -0.577237853521772 -0.317943950105205
0.00890381203320449 -0.0881388574168975 -0.524897928313927 0.0991049893208338
-0.0530508618825668 -0.0448618646176691 -0.214725781265294 0.248518417159185
-0.0365829906270361 -0.0023552485820791 -0.0537906745158636 0.124990218496365
-0.00942764438154225 0.00590863227804584 -0.0711829429134299 0.0299178129928308
0.00282432581688989 0.00704887549487609 -0.124312214718807 0.00248002138502036
0.0179520497831602 0.0133104476810597 -0.171389315006478 -0.0377752236110077
0.00162840798292618 0.0238806623389424 -0.139493270438357 -0.146775787093102
-0.0160325954616346 0.039057938447572 -0.0362965936150833 -0.304800733664985
-0.0534878223989329 0.0280546720124151 0.182844288635665 -0.321190204069146
-0.062995782465664 -0.0218516992582788 0.358138796531671 -0.177003178385904
-0.0260950735924246 -0.0426464485471128 0.328611352468898 0.00285258065004701
0.00138518644977001 -0.017197854769025 0.165073910625568 -0.0974284995110848
-0.0271488220367063 -0.00388348445439163 -0.0354098850704572 -0.244789098300834
0.0345677305452131 0.0251860746236775 -0.240872631710264 -0.568806810448332
0.0227010018429441 -0.0647945826576272 -0.575895976940876 -0.288019726059331
-0.0356576920288152 -0.0573677733758526 -0.499364262501372 0.111690211337556
-0.0478908999013573 0.00662271186215206 -0.203703749083159 0.231753136683747
7.10040274935105E-05 0.0273676653403195 -0.0562214069173313 0.116392513603457
0.0408659330528478 0.017513002632017 -0.0691667637504737 0.0259839396136219
0.0507178605012095 0.00913647416343728 -0.110676444296602 0.00222964082043317
0.0666728471399122 0.0175792688758233 -0.156389944064248 -0.0330663579061221
0.034834881621052 0.0503320476507028 -0.129484933160201 -0.13628654569654
-0.00837893719409701 0.0810950642974684 -0.0412274839211986 -0.295910385943205
-0.0922371679317921 0.0626356754977023 0.177076939904299 -0.324594978526665
-0.108820911296957 -0.0243324871307969 0.37307844153307 -0.188057664064847
-0.0493695215853644 -0.0712101303477511 0.345097366324589 0.0243831477921116
-0.00825516412165547 -0.0580983788858043 0.144762827189345 -0.0687431081917435
-0.0151791980366563 -0.0382863592260852 -0.0475283109595803 -0.222362035994085
0.0341431268494249 -0.0302648049386479 -0.290737557724018 -0.509769618793191
-0.0326314919512355 -0.0932582420837342 -0.571900868501202 -0.202554319178008
-0.0956122334969511 -0.0229462055959894 -0.453622959212036 0.155619800905519
-0.0454180945934876 0.0645860412066191 -0.176144398106681 0.232715474641678
0.0355201924477426 0.0594287317954504 -0.0405730328857577 0.118280036351664
0.0838289718764278 0.0299798564028988 -0.047307507340111 0.0258641678720928
0.0903423730206346 0.0102624292923033 -0.0786727775572384 0.00283757491786165
0.10411016495822 0.0186203825185729 -0.125011627477583 -0.0290862779660305
0.058275880663703 0.0638923795563006 -0.10673045530955 -0.126270046443889
-0.00304478215457997 0.0999145945804825 -0.0338671890591891 -0.290736628356533
-0.107070490647947 0.0760051932896913 0.192280826751835 -0.328684780379997
-0.123979821917648 -0.0192652757028164 0.416146876765794 -0.183838513341832
-0.064544816596294 -0.0717587263216654 0.376050688507018 0.0817795032422913
-0.0276128762406909 -0.0800642889773795 0.125980515084614 -0.0146339298258186
0.00105091974117471 -0.0774338700827884 -0.0803476867002501 -0.17128456775719
0.0213733370346994 -0.0943158947587267 -0.339090766096537 -0.401762600662336
-0.095139153511995 -0.110422249246273 -0.540194501658848 -0.0929374338951067
-0.143687815057605 0.0204237511189663 -0.396812422253407 0.205411154238741
-0.0359098644664258 0.113623497681285 -0.141560370312549 0.244589099063267
0.0637486703276795 0.0819341342220263 -0.00960406923537645 0.130099990601191
0.111984372942771 0.0390925612532608 -0.00738642307767159 0.0299522725237302
0.11654951916236 0.0100335431180623 -0.0335086064728129 0.00311479502459509
0.126457394980679 0.0159073553729159 -0.0828062256250545 -0.0273094225031013
0.071279270495094 0.0643137730865307 -0.0778118073385958 -0.122039905054267
0.00708168124679072 0.0979597639330757 -0.0120380652569731 -0.293260437198273
-0.0925252486766922 0.0775140634636315 0.235623368383022 -0.329250099280509
-0.112098835965959 0.00161811667130337 0.482076665674671 -0.14517347661142
-0.0785666141377885 -0.0461367266011483 0.402276449806461 0.172921002900322
-0.0549975758447182 -0.0852294959194302 0.110026934844752 0.0515924722914594
0.00694693229705511 -0.10353946970164 -0.116994650166768 -0.097640018761242
-0.0083576822015468 -0.127511746553463 -0.362379995124121 -0.267238190736244
-0.137270344614734 -0.0961841432793022 -0.489301096211263 0.00153318034153702
-0.154928172764113 0.0604000270648028 -0.340930169033301 0.246129283772747
-0.0185717659192799 0.136135542826521 -0.10361488099415 0.266778353108361
0.0781175511870139 0.0882598325285093 0.0323846930685316 0.147477389822609
0.121330430992251 0.0417864061275066 0.0450871346267008 0.0368816278209768
0.124985391116677 0.00829628054188288 0.0185813723523546 0.0025324360112317
0.131589727937721 0.0124599011419882 -0.0363984775593172 -0.02882871801419
0.0784046142969115 0.0567957627878567 -0.0418089556427193 -0.125691790188553
0.0217393517481801 0.0873307150950683 0.0307856674017004 -0.301279784892897
-0.06278189348837 0.0846977262176855 0.308857240087699 -0.308758914897988
-0.0985963856466701 0.0370409901202986 0.550668844520804 -0.0605489015022841
-0.0989733032664345 -0.0155624406166257 0.402576946584127 0.284851910240007
-0.0790321379565987 -0.0817413832361905 0.0980533394268334 0.116055529198558
-0.000864290667799007 -0.100930340112709 -0.140396846095702 -0.0180367979551323
-0.0329704378186953 -0.11090510432624 -0.352328016760156 -0.146959994380412
-0.134824419192902 -0.058828478431001 -0.43598762806886 0.0686246767833184
-0.12448614422515 0.0765982996342965 -0.297055824093206 0.277923970693762
-0.00246556533694469 0.121909595558991 -0.0624243492043174 0.291762367009186
0.0739715827796336 0.07547629187975 0.0808719525500599 0.162927113337626
0.108776794285978 0.0357872360367224 0.100316159334724 0.0450466604292967
0.113758393917501 0.00518612068012318 0.0691488996089104 0.00273793110450111
0.120423821988397 0.0109143746294073 0.00829770108637222 -0.0322114427760125
0.0775754928110458 0.0486651783089329 -0.000952152007104127 -0.132092554807004
0.0345460814622372 0.0813391502049479 0.0902538953593125 -0.300184950404259
-0.0419303383137085 0.0991420049540459 0.386952161693362 -0.253641902754185
-0.101441459510378 0.0636366071623206 0.586461012263976 0.0635594994026686
-0.118230011119896 -0.00425278701307261 0.368587544604469 0.390209377027513
-0.0853341991100056 -0.0767664306627361 0.0927497667079154 0.171403204679042
-0.0120937773608801 -0.0683484396716707 -0.146260523434709 0.0453842466366557
-0.0336109589983996 -0.0592400904753663 -0.328562815042237 -0.0636109913192735
-0.0903221860685554 -0.022407473863884 -0.395496719315052 0.113916546607074
-0.0707619829498953 0.0584864695933737 -0.261665969084733 0.30138366073895
0.0034118252842421 0.0762954437796136 -0.0207966087936274 0.310814877262457
0.0501940146594057 0.0493336431025386 0.127209857203865 0.17303684934724
0.076202679255096 0.0245310919671281 0.147456576582486 0.0511541621360579
0.0838754714335649 0.00282348154143407 0.109091543446929 0.00312469455992135
0.0920033256008715 0.0121870357717962 0.0472404765170261 -0.0355266634057978
0.0651647522011436 0.0411210447142706 0.041526392625002 -0.133781545997801
0.0338524677377997 0.0766969773781116 0.151577453717414 -0.280497501028739
-0.0399488342126621 0.100913387913967 0.441981457954976 -0.174283584918813
-0.108596165634281 0.0579624198982529 0.578642049704831 0.184538270980735
-0.11226374990271 -0.0188431057278754 0.315859514809715 0.465204021248888
-0.0637986588870861 -0.0688693543193497 0.0916836572376729 0.212802935259919
0.0233096391654665 0.0389216232602908 -0.0675064582021845 -0.23212339812819
0.0871008300237877 0.0332436111695806 -0.247107069284346 -0.540160003621267
0.0930201131037401 -0.075829226535418 -0.587311543995272 -0.275411666026362
0.0267235129141369 -0.118713115796272 -0.520654674584586 0.140392212106383
-0.0657837205767522 -0.0760150156057743 -0.188624588489255 0.28310125427236
-0.0684223543174702 -0.0211479258454645 -0.0290621993730653 0.139014312346472
-0.0576855601300517 0.00012018670916657 -0.0507811013027714 0.03975451217122
-0.0456056326816326 0.00685831998930633 -0.111881938488153 0.00878379445654127
-0.0352060678151994 0.00674701026262753 -0.15616094290971 -0.0314348010380972
-0.0365164622017478 -0.00911640938257199 -0.129702088754086 -0.142964668314923
-0.0254633170615035 -0.0167720140402356 -0.0263241795407925 -0.297014383871079
-0.00222037937385345 -0.0217771016573117 0.190166282022744 -0.309774269096481
0.00217935972390311 -0.0144128038339353 0.352597299055738 -0.158311755070683
0.00126107641694284 0.00664890463370414 0.323110987435598 0.00769183710288916
0.00264484804144362 0.0342134956478497 0.174935441022709 -0.0944070634212758
-0.015350787964677 0.0213708826003693 -0.0484834486377383 -0.24141733568413
0.0476240454448454 0.0461382895566961 -0.226721128515047 -0.561956844124491
0.0639178805031102 -0.0539449105054158 -0.567959595332473 -0.305487379928614
0.0115110074638711 -0.0873522978727163 -0.514175105267391 0.107791561099541
-0.0511987230979167 -0.0444166781981893 -0.205216680388592 0.251663567830516
-0.0352004652435825 -0.00373952785336183 -0.0517335586625861 0.125724152282576
-0.00947451877260584 0.00442723302765159 -0.0680572623390753 0.034454158708626
0.00207722289605151 0.00573390750185481 -0.118665997949637 0.00878730866925299
0.0157046499435072 0.0107015572466694 -0.164217747375616 -0.0279266842375971
0.00114887314165216 0.0222625712525727 -0.136863778988764 -0.135675408139491
-0.0151726816694793 0.0371733673164632 -0.0429257343195199 -0.292236837895775
-0.0511898011325338 0.0261436968698417 0.169555787201846 -0.313819298226458
-0.0617285765775894 -0.0208595541078747 0.343558906887388 -0.178529373199197
-0.0256455600101631 -0.0396488645738396 0.319146359556365 -0.0035234901405399
0.00174850855431772 -0.015907105919656 0.156541740854118 -0.0981166768842475
-0.0290330146192734 -0.00278146066437758 -0.0388074155026402 -0.239078465379679
0.0323321143225943 0.0270575064582608 -0.242611563329655 -0.552514959850378
0.023113404803925 -0.0596514686473308 -0.566590733646331 -0.275531616976436
-0.0304095592663843 -0.0548310549055953 -0.485422951356487 0.120773822631313
-0.0439821510925121 0.00436979365726929 -0.194215290453674 0.234049373227455
0.00123340960485752 0.0232542964779919 -0.0533478278382334 0.1170233873585
0.0391916212856385 0.0127403323477763 -0.0669531312366879 0.029516431869368
0.0481444988650663 0.00466384404195351 -0.106010783765888 0.00773688335993376
0.0627305341794353 0.0122361211525842 -0.150502693961183 -0.0240193317685156
0.0337610615319531 0.0459980444931018 -0.127065842878726 -0.125815692433539
-0.00694545056350978 0.0769915497172364 -0.0473309757978928 -0.283913865456712
-0.0872896690943519 0.0608516661244965 0.16427463535903 -0.316966057830987
-0.105889032737855 -0.0212102064135989 0.358649975722293 -0.189898820876792
-0.0491743603624733 -0.0663365654600952 0.335785599424626 0.0184593766253133
-0.00903056121656221 -0.0554224433646457 0.137866398158628 -0.0685555727341641
-0.0180578628146608 -0.0364414760291486 -0.0491958905312045 -0.217207047537708
0.0310468722303712 -0.0272614656387703 -0.289042361476591 -0.495931739544321
-0.0312014498975651 -0.0864833841734354 -0.560172892667761 -0.188662824754455
-0.0883946782772673 -0.0198734690294256 -0.439476892140362 0.163650933813822
-0.0398363998383651 0.0601069848762637 -0.165936744133469 0.233182889531374
0.0370649108155941 0.0528414707935578 -0.0375050263944562 0.116874827269825
0.081757591956437 0.0235680572086289 -0.0460473600853957 0.0279660135966386
0.0864897707448365 0.00450154014662492 -0.0753061487854603 0.00618113203087305
0.0988841823842402 0.0110418090743648 -0.120521615850742 -0.0213216747938355
0.056686489769686 0.0578763443477903 -0.105255778166042 -0.11747068977622
-0.000458480745921424 0.0940281139903694 -0.0409542522255521 -0.279961897937388
-0.100048414048633 0.0742698802366682 0.178947751614741 -0.322576561765737
-0.118838709201708 -0.0149475332202508 0.400657991038172 -0.185776200893912
-0.0642375113090585 -0.0655848112570365 0.366656353135023 0.0747224294693018
-0.0304360633208255 -0.0754354680565108 0.121032327537127 -0.0150637437643929
-0.00262172868756655 -0.0745677383513231 -0.0793343674741968 -0.167476368546716
0.0172286806842487 -0.0899835307923261 -0.335542051029951 -0.387099138671582
-0.0925623227126748 -0.102553448913165 -0.528747804007398 -0.0821291814406356
-0.134563512879177 0.0231828218527591 -0.381977273805459 0.210083058485775
-0.0303471077343068 0.108037730187481 -0.131687133120158 0.2431246032278
0.064473629587189 0.0748278462168634 -0.00765552314441337 0.125851299941304
0.109931878845187 0.0313412595391573 -0.00742862223679232 0.0295394569367678
0.112098843643401 0.00317484805956393 -0.0323623037315382 0.0036926505334898
0.120307230113546 0.00751042053766465 -0.0802442703696917 -0.0221814062668035
0.0705259379586175 0.0572140717103992 -0.0770609351955943 -0.115408147823316
0.0100999605695389 0.0911208246079849 -0.0196851464560547 -0.283364768339566
-0.0843022309891909 0.076305098602921 0.222512605504447 -0.324226988576164
-0.10638938911991 0.00719564965055848 0.467725327010983 -0.151990656515304
-0.0780210255220974 -0.0392255908325213 0.394708251545571 0.162780003145111
-0.0584286204237016 -0.0805471860260327 0.107073164861513 0.049865598462946
0.00249032125059553 -0.0997034995994898 -0.113513121593137 -0.0949855831797254
-0.0119684014988216 -0.122213929750727 -0.355549440639705 -0.256015810477413
-0.133592997586318 -0.0888985069728574 -0.475649626039477 0.00956711917862395
-0.145737045033456 0.0630085835326539 -0.326319130963986 0.248294839797039
-0.0133273053633512 0.130533848326056 -0.0943249681398663 0.262804357387767
0.0790487621971445 0.0807386393149515 0.034193760227977 0.140069993295934
0.119346618392937 0.0342259274185329 0.0435282810421008 0.0335063382268143
0.120603389716035 0.00103132886592683 0.018058717384625 0.000802342155409065
0.125874749375693 0.004401336102673 -0.0361455876831698 -0.0266175795221104
0.0774551467188844 0.0493433204236782 -0.0435209489301898 -0.121649173088456
0.0256855980871718 0.0813775427378557 0.0213438651901733 -0.293460270146096
-0.0547186741007886 0.0841519375332683 0.294922630789399 -0.30586542727876
-0.0932353729416087 0.0422112718645484 0.537393615163441 -0.0689919134393063
-0.0984931515652757 -0.00814818393695159 0.395760312691536 0.272414106966463
-0.0819857862252127 -0.0773672690115536 0.0973563913040875 0.113720434924822
-0.00470635499994018 -0.0978965800265065 -0.134375403708736 -0.0159447591167498
-0.0353742837129185 -0.10697625334651 -0.341943241977665 -0.137731142442376
-0.132059549128685 -0.0535220647867025 -0.42187400152908 0.0751398646670528
-0.11733727921175 0.0783244064694206 -0.281542675109913 0.277757607063866
0.00161206071887977 0.117248919189153 -0.0550328543804063 0.284754383123468
0.0747424017026615 0.0690232030038915 0.08122832717401 0.153960457901801
0.107212682807545 0.0294769247429303 0.0971987063702375 0.0380840967231645
0.110557006219194 -0.000870570101824079 0.0663855224872483 -0.00228721832945987
0.116138242136756 0.00349857268758304 0.00642705477180777 -0.0330278543093244
0.077145137903384 0.0424869645157344 -0.00390889353994305 -0.13088753891214
0.0377444386242538 0.0765058493537972 0.0800078359674768 -0.2955234637152
-0.0347371067113845 0.0986408968813789 0.372264816114297 -0.254219398731943
-0.0974560723853977 0.068528458969714 0.574935170343476 0.0522683825063224
-0.117933508190457 0.00204403384324787 0.365001535399537 0.377168746001651
-0.088476057609391 -0.0733928849621317 0.0940600849874397 0.168134633630796
-0.0144238366739728 -0.0670879946436371 -0.139469174285376 0.0468253402065049
-0.0352389829296824 -0.0573640096984985 -0.316977728130071 -0.055684134913253
-0.087567194244597 -0.0194520182846311 -0.381853444162587 0.117616529345313
-0.0659361919855555 0.0595924087323182 -0.247823847783402 0.300398904729928
0.00619420702975747 0.0736611816407556 -0.0143244493935651 0.302381348395358
0.0513768313552182 0.0453093782438766 0.12643760183208 0.160908986193824
0.0758251728564909 0.0204238944476259 0.142811222757542 0.0424809176415955
0.0817038851520914 -0.00112226183874592 0.104860466480673 -0.00310258874387869
0.0895659171500649 0.00653908688428642 0.0439357753998862 -0.0382769842737463
0.0654008685510181 0.037214721045882 0.0379120505311672 -0.135013666758524
0.0366341041415804 0.0741406857816771 0.140851058605388 -0.278261523373233
-0.0347933598567282 0.101027451723065 0.428741063075111 -0.177280298507726
-0.10604084373939 0.0605817369870464 0.568486944116014 0.174589683153863
-0.111319890824485 -0.0142794492895223 0.314503415205851 0.450868163871104
-0.0656425162731798 -0.0664157913630832 0.0939882527111973 0.208708384627587
0.0240353956639662 0.0382731541517291 -0.0694837588138436 -0.23069973027911
0.0876637346079544 0.0331286000667554 -0.246096940280778 -0.541080709836049
0.093697822038469 -0.0762975832724366 -0.586089032889467 -0.276834109811824
0.0278905800699457 -0.120857865818787 -0.519723143639978 0.146011413698669
-0.0670132752542498 -0.0750402712225048 -0.186231656880371 0.286732018795052
-0.0683527028016788 -0.020697429397496 -0.0290839082311945 0.142018564110861
-0.0579827808915842 0.00138102822124056 -0.0483754298358537 0.0434456249264107
-0.0458008736703369 0.00768280405282034 -0.108658958707612 0.0137993844511421
-0.0351790710397343 0.00702895261157572 -0.151736980857306 -0.0251578484308519
-0.0371313675239396 -0.00850048426629579 -0.127280635377629 -0.136856550125089
-0.0261827374700079 -0.0165564829869242 -0.0297899658503795 -0.290797512845249
-0.00296875914395188 -0.0236151256971812 0.183880218480459 -0.305996217035874
0.00129026495514164 -0.0158541787693536 0.347730406934346 -0.158179479225088
0.00151727300590213 0.00708232770561887 0.319051645945477 0.00494007566302564
0.00461253273925792 0.0343961080743135 0.171457033426097 -0.0954071751626342
-0.0164087145611313 0.0211767944887526 -0.0507814875407902 -0.240860421298276
0.047065164203708 0.0477667971477687 -0.225290969017638 -0.560408508909629
0.0654391995025736 -0.0511635842245041 -0.567329650840688 -0.307475303990031
0.0150257766301912 -0.0878635006841055 -0.512766702291892 0.11156803255528
-0.0505109022808435 -0.0459340803278595 -0.202765418917291 0.255897166602386
-0.0354494214677308 -0.00569062616101937 -0.0512512437901215 0.129323972655602
-0.0100037546039554 0.00299989685356606 -0.0667878263658079 0.0381798980154773
0.000715225985548365 0.00408550229816626 -0.115247142193006 0.0132090946114339
0.0141213460501558 0.00847654787598669 -0.160252716811836 -0.0213145907423594
8.71353106863381E-05 0.0216328575064049 -0.134249289523392 -0.129552428914676
-0.0158576533967985 0.0356602148989189 -0.0457824606230384 -0.286117606974068
-0.0506705637750157 0.0243941933543291 0.164450563058018 -0.310300394814811
-0.0612864035735741 -0.0207689805633496 0.338836108166974 -0.179079465255058
-0.0253610934388309 -0.0383334526252446 0.31503000545013 -0.00579798596186918
0.003017507127367 -0.0152499021822749 0.152286622967276 -0.0986338966598007
-0.0313849313133416 -0.00186468461598586 -0.0396437916069963 -0.239219280261256
0.0306663707361318 0.0302254246826822 -0.240336545000449 -0.552477097685331
0.0248465983406831 -0.055702018658317 -0.566228404763801 -0.273432132630408
-0.0248633028214232 -0.0540653524033831 -0.483231492230208 0.124235030991207
-0.0412666930220361 0.00127577626922132 -0.190588652363977 0.237837528886074
0.00202570444199552 0.0197170473204694 -0.0531643511715998 0.11854224333196
0.038898870174785 0.00859022742709708 -0.0661803342692685 0.0331286227497139
0.0462103358863922 0.00163320765796472 -0.103350920834001 0.0120445617411384
0.0594226111360799 0.00871320071894729 -0.146980044122742 -0.0177348564544912
0.0325933089739424 0.0434683351108814 -0.123940153879392 -0.120949685393065
-0.00671713830500998 0.0739382904246107 -0.0497830504175239 -0.277768134996353
-0.0848569450286172 0.0587433223002962 0.159329708564816 -0.313565220239639
-0.104428762086867 -0.020403961377719 0.354793293445736 -0.190059106684512
-0.0487823812694578 -0.0633433421602253 0.332228640333069 0.016210451994248
-0.0100324150598357 -0.0537005756505613 0.134338182487934 -0.0683284162390454
-0.0213940987120044 -0.0353938347834004 -0.0493066374074038 -0.217963019626935
0.0289187793733299 -0.0231491806160687 -0.287183618834027 -0.494342669051878
-0.028859830060416 -0.081293181905198 -0.559045905558221 -0.188103251960733
-0.0813876860703494 -0.0191176441606006 -0.434986727746881 0.167046984113707
-0.0363097505922859 0.0569229516089281 -0.161149933194551 0.235322193778014
0.0371170130486714 0.0479256308534401 -0.0375437371538836 0.117001219547279
0.0810714372369953 0.0179823432470816 -0.0458686181991939 0.0296876697587358
0.0841742716618664 -0.00041287823243485 -0.0739028158741674 0.00842920100754773
0.0947128408096728 0.00607891787302949 -0.117209254003512 -0.0168053024550978
0.0553596719030057 0.0542128619230555 -0.103643913680177 -0.113225582653266
0.000155843426543383 0.0903079513803603 -0.0440478569595774 -0.273677985799094
-0.0961371362586958 0.0727596743274672 0.174983922123039 -0.319570447604212
-0.11623183162869 -0.0129762288984261 0.396315875750498 -0.186933920648366
-0.0641997269911036 -0.0603708562936782 0.363845760793646 0.0735684482984021
-0.0325458563077996 -0.0737997188219714 0.118705896661493 -0.0146199804225785
-0.00607078175324788 -0.0735037238293785 -0.0780954668370567 -0.167986754410691
0.0147348541663723 -0.0859229688544008 -0.332235293804742 -0.386614187073569
-0.0897463791441414 -0.0980943608985009 -0.524471182634516 -0.0810625767572267
-0.128534478302108 0.0243839550654339 -0.375433973810683 0.212574440658183
-0.0267438492278552 0.104737230019601 -0.127318580352024 0.243306507989092
0.0652383781015638 0.0694873736999582 -0.00703918051598644 0.123645303470217
0.109321698516616 0.0259947522673751 -0.00847768397761304 0.0290308018466387
0.109484988654196 -0.00249199898480098 -0.0317454284538692 0.0041633019870018
0.115895544210775 0.00161213013722062 -0.0784801545262355 -0.0192168257569994
0.0689283870236768 0.0520420375805368 -0.0763507131281247 -0.112771171369732
0.0113698609391237 0.0863535270725104 -0.0239748492368248 -0.279329801801374
-0.0790389166327853 0.0749104542855488 0.218718846826015 -0.322838676865177
-0.10311019979615 0.0102914245907863 0.462594127739969 -0.153797085758796
-0.0783040627473755 -0.0337387935122959 0.391538451736829 0.160987533962447
-0.0616734303008697 -0.0785321167654648 0.105897085251131 0.0509981684239919
-0.000222256164177998 -0.0993487585807428 -0.111443211521601 -0.095269894448446
-0.0139848950250045 -0.119728659895314 -0.351338516339885 -0.254104563015043
-0.131832953769509 -0.0852183453370266 -0.471511205656246 0.0115494157552386
-0.140821775621259 0.0642800347685431 -0.318948788952444 0.25009975360778
-0.0103555273506753 0.12742527185084 -0.0905818834576166 0.261805975533323
0.0795399357874197 0.0758458194408225 0.0336767148603309 0.135948674961965
0.118807211531154 0.0289008240285784 0.0416783268458509 0.030884398296365
0.117948000139162 -0.00467221864290721 0.0170927426623763 -0.000679988225772403
0.122884641517732 -0.00214037777893249 -0.036734123351132 -0.0258136017133533
0.0766845359954372 0.0443298962155105 -0.0438059658950367 -0.121282570676575
0.0281458915554269 0.0764854632755867 0.016422653619084 -0.291316590645514
-0.0485941350165716 0.0837748105424542 0.291819877373408 -0.306037517217052
-0.090467472365857 0.0469832685457806 0.53450266066058 -0.0704100955306602
-0.0992316085244055 -0.00234655836854694 0.393176027978713 0.271918333346356
-0.0865926167222482 -0.0753621322272909 0.0968307765467702 0.1155711333656
-0.00728837440685298 -0.0975408980574745 -0.131693200484054 -0.0158819543169203
-0.0374182635048034 -0.104616473678338 -0.337089414934587 -0.136030345647174
-0.13055120261915 -0.0505573068301322 -0.416260996453558 0.0765355942065367
-0.112925248846202 0.0794941038916884 -0.275543426444438 0.278258460379564
0.00409726528778931 0.115221886181955 -0.0509795806472847 0.282682544015423
0.0748063740430081 0.06530452747921 0.0807153731775081 0.148195513044589
0.107043249305946 0.0254566488793475 0.0950169370438609 0.0339476155475839
0.107970003133565 -0.00551764775185454 0.0648413585763582 -0.00510755545656496
0.113362726355549 -0.00209308909517318 0.00489203547797537 -0.0340861873562375
0.0774324925428778 0.0379809077760753 -0.00461892825387405 -0.131890099058034
0.0414203651251351 0.0729079725489525 0.0757068888348133 -0.295684214656948
-0.0297761539501529 0.099864422614003 0.370740994679188 -0.255035695954838
-0.0957981375172446 0.072941490047406 0.573800124110351 0.0517757919365888
-0.119296666909023 0.00635661731561072 0.36179225379022 0.377413452569026
-0.0921477947206301 -0.072267962966707 0.0951719955061213 0.169543409756777
-0.0163072940675617 -0.0667687361873428 -0.135582301038251 0.0467086960926019
-0.036398952492988 -0.055855083208128 -0.310191442279668 -0.0543411221150435
-0.0872969016733586 -0.0176184288531375 -0.376499613502449 0.11872628143113
-0.0629954258244417 0.0603323719421011 -0.241043737246964 0.300489591253523
0.00749609397331347 0.0730199715870798 -0.0112500092158953 0.299239533679316
0.0517018788574229 0.042335496572011 0.124667657337326 0.154152290628297
0.0756839606397732 0.0177429749568365 0.140607146693894 0.0360917504498846
0.0807001008821542 -0.00434759882043855 0.102742834928928 -0.00783153166919589
0.0882575809934526 0.00256272199711242 0.042051940952358 -0.0408528463246459
0.0656522860364079 0.0347924233242349 0.036207121767661 -0.137675353564003
0.03918791004263 0.0723616966531089 0.136570051856557 -0.277924118429555
-0.0324809334248474 0.101879898911749 0.427572132681803 -0.17745537961699
-0.106365988005763 0.0640103404792244 0.568599925502426 0.174682141370328
-0.112175745390831 -0.0111572554866984 0.311052433074875 0.451312004255212
-0.0681118119814601 -0.0669521001679873 0.096089521892962 0.209705520428139
0.0255231099770816 0.0386985218540365 -0.0747639632252468 -0.235369943195028
0.0912345843298732 0.0340141313004587 -0.253005602609833 -0.552024248665906
0.0958922860954234 -0.0785176877187977 -0.600731482104975 -0.281620756547395
0.0285152571851631 -0.125809857203859 -0.53127668530425 0.157222288155572
-0.0703086552930507 -0.0760006147531553 -0.185372682287879 0.298375793841741
-0.0702962335308362 -0.0200808551329595 -0.0286944487919774 0.148543184418621
-0.0587148836165944 0.00296333618899981 -0.0481763685541409 0.0479660288462387
-0.0472344086203446 0.00929262859907473 -0.107402273653403 0.0196261127931549
-0.0364813529749508 0.00666412669161753 -0.151621968156671 -0.0192778194290332
-0.0392900881646407 -0.00775600862465307 -0.128563699396206 -0.133240793622764
-0.0277359351813431 -0.0171182253686566 -0.0346156774108534 -0.291767426908622
-0.00438625779254324 -0.026300957998751 0.18222051502966 -0.310716293999288
0.000597333560980264 -0.0167729792729112 0.349736465667052 -0.164280203178166
0.00277200373941645 0.00802415093903044 0.321709404053027 0.00141231025005873
0.00768082726116029 0.0350436885193526 0.170997902763946 -0.0997581142052923
-0.0179153276017008 0.0224296515918176 -0.0546137175153509 -0.245984670565523
0.047913151023861 0.0511468954033805 -0.231176297532043 -0.572927780706163
0.0682946887888264 -0.0504658885806934 -0.582595761079189 -0.312513462921074
0.0183481010346993 -0.0904710189892957 -0.522703121165342 0.119541120930121
-0.0506522913005868 -0.0476209121943586 -0.201532883692868 0.267037373719738
-0.0361294709469913 -0.00723698663523032 -0.051501261917149 0.135285466492729
-0.0107115297662957 0.000918169857486005 -0.0662222837694376 0.0433940177937143
-0.0010665351110666 0.00302374479197871 -0.114509624213579 0.0190106334290025
0.0120084933413243 0.00717007484087662 -0.159639132381405 -0.0147900262624663
-0.000978099824885802 0.0211093569055698 -0.135466407932354 -0.12601954220627
-0.0163339967763349 0.0350543138843093 -0.0506030339223906 -0.286717882726533
-0.0517234549003164 0.0230601521613565 0.162391710547577 -0.314083749161194
-0.0623571118247209 -0.020838413392309 0.341153409373596 -0.184404960288959
-0.0249735956318825 -0.0369800292266547 0.317609864110935 -0.00956424543829972
0.00366584996666543 -0.0151131233437261 0.152304323483922 -0.102493419402676
-0.0349499117442717 -0.00176343287658291 -0.0427129997892918 -0.244410476663091
0.0296315029228636 0.0350326935003758 -0.247096153061718 -0.565015898144173
0.0268371263978898 -0.0520421200293812 -0.580304910284273 -0.276958717816828
-0.0199175221571646 -0.0549792319684195 -0.490407949750241 0.13333315109487
-0.0399995608608592 -0.000916393775576077 -0.189621893372298 0.247451248198087
0.00268772491432991 0.0163229934987958 -0.0532651427492849 0.12403156254567
0.0386546619148994 0.00502837323900367 -0.0664056271765108 0.0377070161045531
0.0447940743542279 -0.00177357355621945 -0.102989489152851 0.0165020060789654
0.0574929929417568 0.00519885724421538 -0.146009237104114 -0.0114702312637652
0.0320602134052391 0.0422412458402069 -0.125424785707744 -0.117487160387629
-0.0058508068988592 0.0730827225612563 -0.0559099811003281 -0.278538578758292
-0.084528020276413 0.058955883672842 0.156875292896693 -0.318413885738501
-0.104494145046321 -0.0189341615105018 0.356929170692521 -0.197226220900408
-0.0491454112320101 -0.061560839516158 0.335825798587325 0.013554429136814
-0.0114471032619651 -0.0540918411810354 0.134275982387669 -0.0706595486731554
-0.0254973065607717 -0.0355187075830499 -0.0515341880229481 -0.223422841960621
0.0273098336720249 -0.0189892969387275 -0.295257243544337 -0.50506171970073
-0.0279076788732807 -0.0780690516121134 -0.570899642361495 -0.187275778110908
-0.0771668099453022 -0.017748940035377 -0.438524157098581 0.175479873871276
-0.0336782377647164 0.0550532484595203 -0.15897313188442 0.243260251986402
0.0386051861330179 0.0439906334743776 -0.0365984933163135 0.119619433640511
0.0816202982864292 0.0130255592991591 -0.0460279043941339 0.0325497377898969
0.0834052733452821 -0.00537261391346481 -0.0743291014783016 0.0113832329930578
0.0923766130832801 0.0012873187268747 -0.11683000479581 -0.0121094684670258
0.0550254646627857 0.051529850350422 -0.104436751966488 -0.11113489769975
0.00160158793937477 0.0887450251405283 -0.0495771937305389 -0.275241889709372
-0.0942059561317224 0.0729404979080505 0.172662658551839 -0.325604803527947
-0.11617168302865 -0.0100111233212217 0.400893909254395 -0.195298477944264
-0.0648379496348037 -0.057497564097983 0.368928031889438 0.0718253684019951
-0.0362633250502634 -0.0740004890970651 0.119001794403079 -0.0145361734011224
-0.00994205248304779 -0.0746711852066227 -0.0799550003307389 -0.171886708651237
0.012707318260358 -0.0835177822194968 -0.340035884712926 -0.393957013809127
-0.0897019458521988 -0.0948393638857328 -0.534632209370458 -0.0783879993306363
-0.124797393469177 0.0270929192586343 -0.375329327610562 0.220867332901719
-0.0233809222858791 0.104136327027456 -0.123858063383586 0.249556835178725
0.0673980333676479 0.0660339035633273 -0.00644585109128816 0.124441391219832
0.111149850594773 0.020121480770239 -0.00877027129367726 0.029692818725088
0.109069384005903 -0.00869087941324419 -0.0328265611399956 0.00525228356592573
0.114115069812419 -0.00480483648686431 -0.0785143613968575 -0.0162534649783863
0.068859643357362 0.0485009093707302 -0.0781186916469128 -0.112692267070328
0.0142461145437668 0.0836645940024825 -0.0306503709936026 -0.282051354166843
-0.0749851323356589 0.0760370515868147 0.218140843147271 -0.33006052714339
-0.101861089601133 0.0156683206711012 0.471410130863757 -0.163317934309918
-0.0795561024114566 -0.028503521767688 0.399152144592443 0.163577427212784
-0.0672825590479546 -0.0779049564454492 0.107911550986855 0.0530277039983093
-0.00436845639589678 -0.101283630068257 -0.113088875630046 -0.097151908993691
-0.0168400859096527 -0.118700152352158 -0.35765721383452 -0.258048746299551
-0.132967274666387 -0.0824878653835692 -0.478276231814164 0.0161211875472284
-0.13849608903861 0.0680437547137666 -0.317149725220008 0.25813241851825
-0.00672066900791998 0.127834301151616 -0.086470873574672 0.266352230875097
0.0820750114029011 0.0730739414301078 0.0347855036991538 0.135127200454856
0.12089412344091 0.0235356378758267 0.0411291263353808 0.0293502827552463
0.118024585163383 -0.0104708549924793 0.0164464615931852 -0.00234944191433611
0.121091937245565 -0.00891973973365796 -0.0369003643086968 -0.0251885405374791
0.0781953273874631 0.0395321125404504 -0.0460327164027714 -0.123201170935264
0.0316264835994752 0.0735795596630773 0.0103616047619828 -0.296439308177851
-0.0430240074492576 0.085810334823614 0.293732429436666 -0.315464694826806
-0.0893538664959378 0.0539352504720143 0.545428874941587 -0.0772735606087337
-0.101535975300116 0.00362682088965508 0.401752035153339 0.276460316402436
-0.0937455242552326 -0.075551389674327 0.100239852405303 0.119060183669049
-0.0107292620102985 -0.100197652318495 -0.132564167602558 -0.015071302987853
-0.0402189643107652 -0.104071567032707 -0.341164028810197 -0.137097098738207
-0.132030509475212 -0.048031431538104 -0.42111066343844 0.0812697860795905
-0.111241525805541 0.0832606490802233 -0.271934582207146 0.286517208444572
0.00651937813957792 0.115812264795846 -0.0466324217841464 0.286545980069628
0.0775299238641966 0.0631530877837231 0.0821401625018554 0.145497880048319
0.109430345360521 0.0210199832100202 0.0954098558921981 0.02938115675067
0.108349925859268 -0.0109348566699684 0.0638237817727791 -0.0089836879400767
0.11288208984532 -0.00763231798045696 0.00373385044462854 -0.0365478205635593
0.0794825523485822 0.0344481847216029 -0.00700584938573832 -0.136878371297262
0.0457117285071223 0.0709400203373469 0.0719348411025225 -0.30265625034312
-0.0249831698943547 0.103278065499436 0.377811038044047 -0.263402296980801
-0.0959310439020536 0.0809562506802659 0.587732314638159 0.0472295256362241
-0.122173810418508 0.0122123293104466 0.370270077367145 0.384442594955473
-0.0990281369084663 -0.0731036068812954 0.0992741150499961 0.174368194636123
-0.0187592466173019 -0.0682661049516521 -0.135659763218731 0.0497041145346265
-0.0383954166077887 -0.0551993226256149 -0.313108964121136 -0.0540839080065001
-0.0888148345801936 -0.0150426924720178 -0.379809791087879 0.124326407146102
-0.0609589332851595 0.0633262059468845 -0.238334716467842 0.308150535082573
0.0089492118173197 0.07402683887004 -0.00625255491957276 0.302875072838738
0.054021967535921 0.0409254069128954 0.125993401403042 0.150254022503354
0.0780951746961359 0.0148374145488125 0.141228114903186 0.0302349022720868
0.0813223595395506 -0.00807400875312287 0.101996425726934 -0.013008093659129
0.0892117688235093 -0.00102608360532491 0.0405767330371835 -0.0452375562901252
0.0681466489012426 0.0331358472597344 0.0343666301297687 -0.143939072649491
0.0433906810826182 0.0722172445357316 0.134885270084358 -0.286953318553321
-0.0295013038067446 0.105429745917262 0.436182235519165 -0.184331098354292
-0.108764189447676 0.0703004732468392 0.582339452607995 0.175279956689646
-0.115571091237491 -0.00802500606045891 0.318438479735077 0.460749016776445
-0.0726865993332013 -0.0680307593609249 0.101969576149859 0.215339360802742
0.0272674212087559 0.0353659255292246 -0.0963768090507226 -0.235426548672657
0.0860837200872798 0.0238917687878573 -0.301648524274011 -0.543986996633177
0.0809762655365706 -0.0853854551950859 -0.632749971323573 -0.234523488493493
0.00781408257055206 -0.12607353908495 -0.520010201166841 0.20981333660237
-0.0784451367166892 -0.0615551980324654 -0.15650834628898 0.320459739179101
-0.0717171476726696 -0.0106572717878322 -0.0152494210501054 0.154686509439337
-0.0596918418426583 0.0117095921596159 -0.0389817215368402 0.0534269273242567
-0.0478986082701673 0.0147038039368832 -0.104951546061516 0.033380413617798
-0.0369509845566425 0.0109843590597706 -0.155804646984554 -0.00178785765529432
-0.0400311400843957 -0.00259185238833857 -0.143001291060811 -0.124355720570076
-0.0271483096455899 -0.0133490503316346 -0.0613293968553568 -0.299303974221285
-0.00540135441632971 -0.0228863455550653 0.163159349811334 -0.338220640770634
-0.00130144335336998 -0.0113752733127115 0.350920822018595 -0.200378918146979
0.00253851588339083 0.0146539884871742 0.336170620523072 -0.0276502313227339
0.0149028227242895 0.038225741586539 0.169985564810172 -0.119166884406196
-0.0204161034660345 0.02477811505865 -0.0751166319560696 -0.251567858879146
0.0425039080942399 0.048195379143832 -0.281576062833934 -0.571598176734042
0.0566815547961622 -0.0517588268199912 -0.616835660237297 -0.26752507708551
0.0049876505589109 -0.0881633981891533 -0.515549249280859 0.170706845114894
-0.0551000039894588 -0.0374631486308847 -0.177384578781602 0.290668512854545
-0.0360921964396836 -0.00357263619960136 -0.040599523515289 0.145031484908147
-0.0121130756425876 0.00140347410214629 -0.0609318453957065 0.0534386644447615
-0.00251204413389574 0.00256608790615581 -0.112632361210545 0.0340633381925608
0.0107089690942963 0.00430698715322478 -0.163206743824385 0.00406257541863634
0.00188761187549862 0.020792441240458 -0.15027586974486 -0.116970496686042
-0.0101458516000069 0.0367368274611002 -0.0792849994204129 -0.292617227744142
-0.046291841560519 0.0321312570989027 0.142521521907818 -0.343456093341533
-0.0646797401608973 -0.00808097652027092 0.342718666301715 -0.222810389585464
-0.0302049364244681 -0.0289420684463272 0.331715211724155 -0.0349806362639449
0.00468265137126969 -0.0140601761005706 0.148271086037416 -0.117244238940168
-0.0414063849550975 0.00312339462198289 -0.0604271539243395 -0.253082361215711
0.0219439856809049 0.0354367295873085 -0.296687715151179 -0.56240357380618
0.0158779108936903 -0.045982209012632 -0.610590494211725 -0.234388574978013
-0.0266276307510829 -0.046627823887198 -0.482534850296934 0.176375800084627
-0.0376333215543323 0.00715044246932731 -0.168042954772142 0.269126425366147
0.00534364142574052 0.0151697777604569 -0.0447712237669966 0.133077802101756
0.0381504315330658 -0.00297794000567706 -0.0645165631888833 0.0488472076379643
0.0423451371014453 -0.0079422224537807 -0.10122188857679 0.030441812521957
0.0549746951145253 -0.00365977417265697 -0.149520846520276 0.00600406658082292
0.0367713792727081 0.03770977213559 -0.140635738833994 -0.10977852166739
0.00436153033292153 0.0725252469602668 -0.0843494787044439 -0.28377431763702
-0.0741307926727634 0.072445502510017 0.137375931618527 -0.350042803100057
-0.10644867947178 -0.000943189471009846 0.360186220894805 -0.238326948487752
-0.0581389533903848 -0.050698448406369 0.352770321162063 -0.00952931850014655
-0.0166787838291358 -0.0534232321267647 0.130692911856167 -0.0801480417703689
-0.0370699655390979 -0.0317098826007102 -0.0645136223959167 -0.229259658838854
0.0136648543410647 -0.0164698111331675 -0.338274603728068 -0.49599293974599
-0.0404416006691063 -0.0647700652147044 -0.590041192162568 -0.146768299689826
-0.0775700960904032 -0.00152687629045117 -0.426898027487109 0.210399593617026
-0.0246673866943347 0.0616515055451547 -0.141487336742829 0.261119436787294
0.0447756759254812 0.0384153844845417 -0.0304152742893252 0.127725524131042
0.0829857679571013 -0.00144577560632993 -0.0482601162244202 0.0426421449990106
0.0799808181683039 -0.0160814246534626 -0.0727944864949918 0.0217154164437072
0.0892666011125733 -0.0129621908969248 -0.120030802413485 0.00218032153465777
0.0605795946018276 0.0435236939083029 -0.118875832422351 -0.105832786318694
0.0146825491280044 0.0857333235857639 -0.079560688302019 -0.28101050562999
-0.0800695532213592 0.0877778346849729 0.152776837197101 -0.360255706625364
-0.115332522007671 0.0115618678537321 0.407321213718189 -0.241492179140102
-0.0752841152817893 -0.0436619246135965 0.395450518928916 0.0502172745591407
-0.0473508339452632 -0.0716274167426672 0.12097092317201 -0.0177201915703926
-0.0259536851760679 -0.0719501021930708 -0.0873027776913361 -0.173112290315549
-0.00735248864103135 -0.0784032777233979 -0.37148391146013 -0.378153291474003
-0.104152399121014 -0.0742921601645237 -0.541102204238277 -0.0424186451571296
-0.119475348220513 0.0499759317667914 -0.359715687202175 0.244961799455923
-0.00769052142900278 0.109325280952844 -0.108133299024346 0.2640296635175
0.0765928786576031 0.0572775441584146 -0.000510438413984819 0.129254314482267
0.114107041113048 0.0022239006147103 -0.0130910903495371 0.0363990902117696
0.106038025466763 -0.0221198350944525 -0.0313874252354168 0.00997796813287987
0.110766506707708 -0.0220058710861453 -0.0816772572396135 -0.00779752332499194
0.0750905952851645 0.0377722542699258 -0.0926970510343414 -0.111070744405867
0.0274569773377587 0.0786791182176217 -0.0615078814474731 -0.291172228531857
-0.0591479857168953 0.0896984351142721 0.199711469793009 -0.369773531856434
-0.098287817428402 0.0386556395225602 0.483998802144926 -0.213591832319172
-0.0910362567281574 -0.0111122153047287 0.4370820180864 0.143918025192357
-0.0832794512774567 -0.0734341815488485 0.11628693006658 0.0557128646889805
-0.022298144282947 -0.0985783496991208 -0.113414947282288 -0.0927402301984193
-0.0386458742774441 -0.109648420539423 -0.376208111346372 -0.239273427734284
-0.144886210557336 -0.0574197703150438 -0.475562377516221 0.0457156363978944
-0.126687102446981 0.0935881596527398 -0.299500014272368 0.274585032903539
0.011590991674748 0.131660871790951 -0.0709431235105656 0.277928250391644
0.0923086987302554 0.062907812401312 0.041075400535761 0.136302686619277
0.126288432026643 0.00442150703179495 0.0362809987158177 0.0292187173009246
0.11523417612554 -0.0255088299585961 0.0162768834526918 -0.0038107355479737
0.117582600425603 -0.0268367804174357 -0.0407678945258003 -0.0224209336950018
0.0839229909477933 0.0278576634742047 -0.0622268193031047 -0.126256994246742
0.0455438184970581 0.0679953337616493 -0.0198325354033069 -0.310990971646145
-0.0253960105926101 0.0987598258230869 0.280560412285313 -0.362699681304356
-0.0836041392197052 0.0794044754261345 0.568389348017086 -0.131512378061838
-0.113552637738037 0.0241336275152801 0.452277994760179 0.263332677818058
-0.112322055794382 -0.0687549797606318 0.115993907452118 0.126683690027192
-0.0273121336585576 -0.0963838305744947 -0.127344964907955 -0.00770511921548182
-0.058257164289981 -0.0927320217953477 -0.350425440891404 -0.11737078929478
-0.139601314863935 -0.0239334324672945 -0.413763284782358 0.106348750331719
-0.0982441306660649 0.104985920432769 -0.253243359521929 0.301991256633094
0.0242598582056558 0.11895944039261 -0.0284791974627537 0.294577102074183
0.0875577211104517 0.0543417843910873 0.0897523852529439 0.141210652326006
0.114914233657175 0.00429960644477335 0.0907904759876474 0.0223028820940553
0.106431977447624 -0.0242312203993194 0.0638112487471915 -0.0168777263100883
0.110405471981954 -0.0250120147762724 -0.000108185506479661 -0.0396377274391256
0.0851689148024205 0.02240693804948 -0.0225533845129952 -0.145592270179477
0.0600050861022442 0.0655293366312937 0.0439489280253329 -0.324007495235222
-0.00695323725564544 0.117299383191554 0.374306004934547 -0.316135063233322
-0.0919704181957307 0.10872161495489 0.625812577093932 -0.00406538843630225
-0.137672060094891 0.0323994242468201 0.429394539011368 0.381875113029442
-0.118207305288576 -0.0669732555501195 0.120209849448298 0.185558874813974
-0.0297375448327352 -0.0649141294316391 -0.127518175851733 0.0587851071590504
-0.049145544726466 -0.0439864942372112 -0.317034137576295 -0.0352313898735329
-0.0914465110529378 0.00296572603579035 -0.371406884168124 0.149369786697292
-0.0509787530973841 0.0791758645700675 -0.216887023315836 0.325212979300189
0.0218280501638823 0.0776329399759504 0.0167326866045212 0.3073965823856
0.0614832673376127 0.0345538710090997 0.135731629392497 0.140686013345464
0.082839156678878 0.00263590887289032 0.138804516442389 0.0152930328318548
0.0802828136241467 -0.0175409714511888 0.102002953755367 -0.0264455267548599
0.088975235666223 -0.0142589508605102 0.0358997776682426 -0.054281269993987
0.0749358846018341 0.0254094938712593 0.0200279811384631 -0.159005252892383
0.0568645427478564 0.0698074474760016 0.113089761097321 -0.314711870462284
-0.0161008645951752 0.12166015712838 0.445272147344482 -0.236806968218524
-0.110425995594243 0.0964198734005062 0.632641955399066 0.132080557343102
-0.13241460192559 0.00722652996222015 0.378666373396222 0.468165831877363
-0.0895285139249352 -0.0649373985559243 0.125547730092875 0.227275647076487
0.031197330813071 0.0345286689373643 -0.113827004734056 -0.235064024732762
0.0910247142203928 0.0198278756497418 -0.336602166344267 -0.53945500502636
0.0789247897156465 -0.0925706234206294 -0.656953635106071 -0.205723746017626
0.000234128559629489 -0.131297065875099 -0.516139909480091 0.245221568580866
-0.0840879989808346 -0.0562836909046001 -0.137101437887908 0.33720062288233
-0.0742433855779349 -0.00622193266631 -0.00509881086868556 0.162814367221607
-0.0597538980137559 0.0159453849274098 -0.0341281608781604 0.059684484781066
-0.0487305876061398 0.0192410236126143 -0.09992257787636 0.0433325182665103
-0.038216288994847 0.0142653415680505 -0.152890463784952 0.0121437904234868
-0.0416476417178276 0.00039446306538835 -0.14886761708915 -0.115041925674086
-0.0294636019114637 -0.0123975933454498 -0.0812109099337428 -0.295624037482381
-0.00886140624540175 -0.0246874313702574 0.142986676917679 -0.35095119491552
-0.00290581093910679 -0.0118981172425717 0.342929232170844 -0.223703146405779
0.00551710771158265 0.0146349052824389 0.336020358698265 -0.0482497077765279
0.0193555508595258 0.0373477195216443 0.16255535500591 -0.132870132976867
-0.0208779275096029 0.0267297773883957 -0.0925126522849268 -0.25279567385143
0.0474693336554818 0.0492409597037538 -0.317557675564087 -0.567434019333614
0.0564998411486268 -0.0532347895344336 -0.643951259428545 -0.240285358656743
0.00330760828318214 -0.0917116594241319 -0.514465734880716 0.204451850190758
-0.0573487596092864 -0.0357728862052098 -0.16044421418659 0.308216282668548
-0.0373900676459749 -0.002889227333112 -0.0319950019307825 0.153516129204969
-0.0137439085281535 0.000810281776670986 -0.0561830428524054 0.0611360505722927
-0.00475982384712031 0.00252218184851351 -0.108225204877365 0.0445801542621802
0.0086194500058577 0.00347670863862798 -0.160708593536388 0.0189584527904506
0.00147311249321603 0.0212912174214548 -0.156265469470763 -0.106340766317424
-0.00893355443875546 0.0370017795197599 -0.0985625065299233 -0.288221297880138
-0.0462543061887894 0.0333783265726069 0.122832303852242 -0.354326521211699
-0.0662024868713629 -0.0045891547602156 0.33390560778009 -0.245754162486502
-0.0299403656205356 -0.0270242991491148 0.330997716393012 -0.0544027021808601
0.00435511400988401 -0.0142515141286223 0.140750037508064 -0.129360475377943
-0.0452623633738658 0.00656068945411212 -0.0768668927440626 -0.255822619350432
0.0236688948783261 0.0391863904967577 -0.3329722507319 -0.557077686056589
0.0165535016832883 -0.0437690784735062 -0.635358588817226 -0.205585741045644
-0.0242058567597773 -0.0465375991545236 -0.479836862032248 0.208793829663657
-0.0353737096421252 0.00645299296862182 -0.151678815175558 0.285602775621464
0.00576950876385221 0.0113898274339168 -0.0367086631550123 0.140718492649852
0.0367188807155463 -0.00835004269712387 -0.0604990353366744 0.0557485827431595
0.0391022757961115 -0.0127076414500653 -0.0976291645086527 0.0391711955702424
0.0521150275389616 -0.00853144755784682 -0.146615618286479 0.019767382981678
0.0372428475774516 0.0344542606539832 -0.145833887746042 -0.0995754326549356
0.00799120916216888 0.0707361614627293 -0.103916563277745 -0.278157569345532
-0.0708097434351969 0.0753026229723826 0.11788847497474 -0.359348985995439
-0.106922260753293 0.00596306635770043 0.350245872021584 -0.263349287888279
-0.0598588867638018 -0.0456341496397054 0.355661903301602 -0.0286641236589386
-0.0212140234178448 -0.052282534627161 0.126706872577639 -0.0892093704368054
-0.0435632357014403 -0.0291026521565241 -0.0790819831380051 -0.231574953856958
0.0124112265218752 -0.0129155932356993 -0.372040491005477 -0.487995802096408
-0.0417254070879814 -0.0583370296465798 -0.609074630985277 -0.116247138971173
-0.0724146763900108 0.00205905303136189 -0.417873370359386 0.238526458916073
-0.0181017148667224 0.0605285173986137 -0.124562930688824 0.273418156982027
0.0474078541760565 0.0320192667387976 -0.0225818225872805 0.13200508645708
0.0821083090562505 -0.0113348526771647 -0.0452680369123397 0.0475271120614549
0.0768137501952667 -0.0244831822436027 -0.0707258648398614 0.0283103398262993
0.0854649137971757 -0.0210446062913682 -0.117477650766342 0.0128583167153091
0.0621524397445883 0.0378775846294253 -0.124865364107511 -0.0984397455133203
0.0192811526253212 0.0825921920400891 -0.098547593347808 -0.275960729238825
-0.0742675765979915 0.0914297346943098 0.133042778192558 -0.373262413950513
-0.113191247336536 0.0202018706978725 0.398821028740478 -0.270236547172129
-0.0769891084188299 -0.0363190056703971 0.402390408491906 0.0300099529146603
-0.0554588918901514 -0.0688472641076833 0.120358665633969 -0.0247372979051365
-0.0345340718980338 -0.0715177855807575 -0.0979092345674753 -0.172577968377617
-0.0122087085352613 -0.0752330176455146 -0.398927075158538 -0.364488651818251
-0.107071018252247 -0.06562788732482 -0.550803412174338 -0.0121907461322936
-0.112185409380904 0.0571759763699304 -0.346933759557829 0.268987669070544
0.00163852187329341 0.108238500749585 -0.090359791758439 0.272777260877164
0.0803981413956871 0.0489781449192713 0.0066809938024034 0.130170939842268
0.114161291130281 -0.00944355711090741 -0.0115935183791173 0.0365126202290733
0.102250953532537 -0.0325783981924718 -0.0310585349398059 0.0123952683606979
0.105943581721341 -0.0322979193821904 -0.0811083407200236 -0.000725866577203105
0.0764421166776177 0.0299782633811497 -0.0999335162426491 -0.105752294611394
0.0329096330597372 0.0739743212674803 -0.0808234515923398 -0.288626669719039
-0.0498861573424615 0.0922472195368284 0.180005334478831 -0.387890920038452
-0.0929182117551882 0.0486896621938698 0.477964986237217 -0.245994741737493
-0.0914846775537745 -0.00139605769685244 0.450620248168684 0.124247118897805
-0.0942542485003281 -0.0678518928878144 0.12126265964468 0.0515773852727268
-0.032196482946089 -0.0991605784126573 -0.119483320481974 -0.0886576171791789
-0.0455361194520895 -0.105243661280544 -0.394358899254718 -0.22241842237169
-0.148424955287089 -0.0466672973672169 -0.477002483024191 0.073292943141096
-0.118630727282582 0.102634771139086 -0.283726868937955 0.295233923014816
0.0221926292086869 0.130983611922992 -0.0521663431358469 0.283950325208567
0.0972611167979264 0.0555557345335929 0.0484198128208173 0.133359989089441
0.126482441837306 -0.00737949876454958 0.0374135422077853 0.0252028279933223
0.111989071532937 -0.0362990629946277 0.0152997534033996 -0.00619430718434212
0.113348617197806 -0.038336484047758 -0.0423992216163201 -0.0202637299561247
0.0850383106482559 0.0188953254952099 -0.0714235608022624 -0.124797406394385
0.0519920348719196 0.0608349757703324 -0.0409696092146022 -0.313336156742384
-0.0139386269724298 0.101108699086815 0.264606039575081 -0.386088277287575
-0.0759352650822617 0.0910879661072608 0.570984688904073 -0.169355481486384
-0.114309230410544 0.035600345592072 0.473670004145518 0.246836375899572
-0.124322782472371 -0.0619494416198413 0.126582731155098 0.124068356158298
-0.0360940875819411 -0.097377181633825 -0.127546015404392 -0.000470487376762241
-0.064766450933878 -0.088051340560893 -0.361070620396076 -0.100682319833588
-0.141450874666562 -0.013084594952631 -0.410361539747566 0.131511958349551
-0.0898686475035665 0.113425417363148 -0.234432250351598 0.317876107950036
0.0334772139287587 0.118931640846594 -0.00958571982924272 0.29773976970784
0.0918585458692402 0.0472472901517836 0.0967425428836554 0.134505301865326
0.115624556258623 -0.00629737821916814 0.0912313559892855 0.0131217796168678
0.10379302723538 -0.0344626332502252 0.06160647667718 -0.0238090711963587
0.107854220231269 -0.0353924564442557 -0.00375480724428636 -0.0412820471365197
0.0874886830778562 0.014226111474546 -0.034640955909377 -0.149200402113025
0.0674709797579101 0.0591577572629667 0.0240208344813661 -0.332533210811358
0.00473535704911245 0.120136281894307 0.364111299669015 -0.344325535757384
-0.0847452338165685 0.121537881255647 0.639322495798275 -0.0406603602126306
-0.13807515862896 0.0441171145056448 0.456616308177813 0.368510099890821
-0.129972248031594 -0.0599386158197295 0.136006184099548 0.183345830684549
-0.0359522954984676 -0.064519034393455 -0.122819683206296 0.06819984235683
-0.0525272350585813 -0.0407382318215164 -0.320428196434363 -0.0189550429084012
-0.0921433992904903 0.0108541611907002 -0.364261896960443 0.173368309436766
-0.0444808631219046 0.0840758898352401 -0.196113237415481 0.340769664637473
0.0280960555084443 0.0779265264741678 0.0361503759277707 0.307879046353605
0.0646779801383206 0.0296529616802894 0.142650979828016 0.1305682943464
0.0843606542870302 -0.00444546855775165 0.139158762238781 0.00191717497613055
0.0789381884980366 -0.025082602316214 0.0994034238982156 -0.0364747065577192
0.087804549282353 -0.0218646101509701 0.0303693122004746 -0.0596494856598281
0.0780002523152889 0.0186790604031088 0.00810991170142571 -0.165623540597219
0.064705943280524 0.0663037178899742 0.0947529015501274 -0.328392100259986
-0.00656938478357554 0.126826415586682 0.442645533849643 -0.26721422872351
-0.106113433559991 0.108975637582476 0.653003407031031 0.0982018721626459
-0.134787756563245 0.0157359744825955 0.409054362682032 0.459519145901514
-0.0987355131120426 -0.0611774149902945 0.144299489560122 0.22624718571794
0.0346450622952086 0.0315471925362975 -0.129935795639015 -0.226134075200607
0.0938937655921592 0.013596358941268 -0.365387795153097 -0.515591514495685
0.0726765466750308 -0.096552263472852 -0.664531638213001 -0.167242051569603
-0.00804603007563761 -0.132622310499191 -0.495252126340035 0.274790852831966
-0.0864279679876979 -0.0498063542172625 -0.112150055921462 0.343099236081551
-0.0741917011077953 -0.000524499506900988 0.00698554525802186 0.165897271982861
-0.0582828629721376 0.0204193691825189 -0.0272978097531756 0.0633218556593217
-0.0473461901138079 0.0242505923350754 -0.0916867541297415 0.0514460416668581
-0.0385185091541742 0.0172468586858842 -0.144921330133556 0.0257719202564391
-0.0420028946630058 0.00440194302917516 -0.150602498594632 -0.100502749751059
-0.0310160512904317 -0.0104021087642513 -0.0981268572848993 -0.2823363904574
-0.0131886032406784 -0.0251461983013507 0.118407974506927 -0.35135029974561
-0.00529928434476484 -0.0122920692020628 0.321461573852209 -0.241615647471258
0.00851012268702931 0.013572043632128 0.324630166094507 -0.0673413491541905
0.0238719752036191 0.0346934245114737 0.148545855185339 -0.142937347945601
-0.0204134254360498 0.0279446119336411 -0.110021844681922 -0.246013611047784
0.0508917763456425 0.0478316528650905 -0.347288058943868 -0.544300660012211
0.0553279581892417 -0.0537744103149977 -0.651869639094379 -0.204053368128993
0.000285050489689857 -0.0925314606259461 -0.495418769627631 0.234643067876943
-0.0568714297208026 -0.0329267292264882 -0.136411357891764 0.315699001984266
-0.0379995834444842 -0.00201272688258969 -0.0201806393436287 0.157911427508132
-0.0148590018593374 0.000413777197292277 -0.0488234120074939 0.0664128264307899
-0.00621556425217021 0.00282681691885092 -0.0998477377756568 0.0533900947664127
0.00588580962170676 0.00287822836933922 -0.151591807976918 0.0331469232178256
0.0011019253498411 0.0209967729910718 -0.156831970686986 -0.0917042206740456
-0.00741673897937013 0.035895427202066 -0.114296183968105 -0.273297812268338
-0.045027003033882 0.0343983715015675 0.0984077522921185 -0.354428109627645
-0.0656286302999181 -0.00036933422593426 0.310692995776872 -0.26276312302105
-0.0293404252446453 -0.0241603363544858 0.320570977590456 -0.0735955171084407
0.00377873052654503 -0.01476451829414 0.127799000636809 -0.13770997806077
-0.0479550703340343 0.0101792568465519 -0.0932131795852492 -0.250612625293955
0.0261626404179298 0.0413023406233509 -0.362493895885284 -0.533567113086953
0.0171325503897785 -0.0403355074405426 -0.641294443654983 -0.168912064375225
-0.0212676556691584 -0.046509851888989 -0.459668622199996 0.235599184627748
-0.0316659890119843 0.00538409796962393 -0.128449017869292 0.291331864694822
0.00585031662279611 0.00750601164956194 -0.0257933519067668 0.143950385750119
0.0329957386957171 -0.0136214292060662 -0.0535674694714946 0.0610608609862196
0.0349587855858561 -0.0164968231026445 -0.0908453181005806 0.0475082981940432
0.0465698203135021 -0.0127376762746192 -0.137758086723188 0.0324550954696937
0.0372594948911567 0.030923749349973 -0.147157295822249 -0.0865525893072376
0.010943899739295 0.0675896451528708 -0.119720928631077 -0.263522358111606
-0.0641317871877895 0.0768789818317869 0.0930764161856099 -0.360065016833799
-0.103187181658561 0.0131459663866271 0.326842007086353 -0.282022027824386
-0.0595758993022002 -0.0409756902451842 0.346158979217601 -0.048851276390192
-0.0262446473880423 -0.0497752997994505 0.116047324095689 -0.0965054372930971
-0.0489980095394108 -0.0252778944761312 -0.092798235401881 -0.226721984722987
0.0115831742585832 -0.00877836317615818 -0.396650483208685 -0.462821055777469
-0.0410860000428698 -0.0505205160151406 -0.609053705955327 -0.0786118820962619
-0.065243332328256 0.00530563167334866 -0.396055447361151 0.260420155152167
-0.0107882220807319 0.0566158381926858 -0.102061911590882 0.277110019546389
0.0484207517943483 0.0241730772952261 -0.0138342278530756 0.132113414096545
0.0773871882263608 -0.0199367291777797 -0.0404445657934621 0.0499849035771038
0.0708925079410102 -0.0316365647277749 -0.0663885666428139 0.0334752748247987
0.0781190606025524 -0.0283819991414325 -0.110740875173679 0.0234380223045459
0.0607360157808465 0.0310833393443015 -0.12791849072619 -0.0867333362157796
0.0232386408371072 0.0771435784167666 -0.115000084658731 -0.261905935130882
-0.0648747785016569 0.0920626275052162 0.106506451459811 -0.374800739581779
-0.106804932357321 0.0284971633052202 0.37400761405195 -0.292071624947212
-0.0761027641866013 -0.0287025291398576 0.397208312120969 0.00709914509838534
-0.062829974952451 -0.0624989375502987 0.11561227158075 -0.0315459001715807
-0.0433150516389476 -0.0681384091758097 -0.106935333582004 -0.166817254731926
-0.0168340287896368 -0.0696086787493979 -0.417312652766904 -0.338539003703288
-0.106233210700266 -0.0534575115511023 -0.541934422106586 0.0200372093084811
-0.101424335552036 0.0621839665818203 -0.32221594421247 0.286136798264656
0.0109580562702485 0.102702687684993 -0.0686923008280532 0.272816785409927
0.0819586973397161 0.0393474894176719 0.0141616866784433 0.127093160713675
0.109394950675933 -0.021318451295641 -0.00892592295839762 0.0358636269772085
0.0949896498321646 -0.0424439350541342 -0.0297542079283074 0.01397237855395
0.0977445619697059 -0.042296544466456 -0.0777583749852322 0.00635038740760075
0.0744350985150787 0.0212860725828022 -0.10516805662558 -0.0971629938488645
0.0367189394822524 0.0658916949707388 -0.0997786025044386 -0.276368299355423
-0.0392298256289103 0.0914962688595373 0.152047263013392 -0.39397271971334
-0.0837616493841823 0.0575694087465287 0.455947333085319 -0.274801007380522
-0.0888241381686531 0.00792058171716898 0.45228929051085 0.0979282009097263
-0.102319882863203 -0.0589524608128561 0.122584568213952 0.0441778710762861
-0.0423142351852684 -0.0959640044501188 -0.121825705570333 -0.0814820394550051
-0.0518331720676299 -0.0981698928398299 -0.401984366554524 -0.196529666935348
-0.147242415682607 -0.0328850128876539 -0.462655145449592 0.102261134987341
-0.106201948655873 0.10785948849002 -0.257000651810587 0.305483253175141
0.0330374058141567 0.125614717903932 -0.031278556433955 0.279621759780118
0.0992134370733603 0.0450281627593024 0.0544317547667801 0.12567103150984
0.122147673641869 -0.0195425529718858 0.0368768708567751 0.020179991147335
0.10496577271654 -0.046896120748681 0.0136330711883455 -0.00862344125942783
0.104849871838441 -0.0490149024319374 -0.0425854923382053 -0.0168779120484811
0.0826379306607023 0.00883234522440458 -0.0800522102401657 -0.119012979716261
0.0566603447193599 0.0513388842613342 -0.0625052192053322 -0.30533629383188
-0.00148512195088557 0.0987990038348773 0.237003095218568 -0.399474121009687
-0.0641696449149611 0.100265443325612 0.554502410735777 -0.20299190527741
-0.110339934725368 0.0462605059203206 0.483747323782484 0.2179465721149
-0.132744937664311 -0.0510289061153951 0.133305292407127 0.116338456896604
-0.0453742214473506 -0.0938648632673089 -0.1233770178946 0.00775470255722763
-0.0695407138605686 -0.0807656131300118 -0.359474676519908 -0.0777171616505733
-0.139219652526649 -0.0015737194466051 -0.393447526105881 0.154762125724906
-0.0783542104247624 0.1181911849275 -0.207017857749276 0.324091824044651
0.0425007867327379 0.114215774556689 0.0107538014514807 0.290970786176806
0.0930396068796119 0.03822591967539 0.10123646218633 0.123401722765265
0.113150093535724 -0.0173151519940501 0.0873885625868064 0.00256319495994065
0.0977327755313302 -0.0432438207657191 0.0563693255797397 -0.0301800285551946
0.100287254247264 -0.0459101481587208 -0.00841038909473562 -0.0417795281921498
0.0865119633906502 0.00486091627736473 -0.0462193933671041 -0.147067895350933
0.072732462977626 0.0499576494683133 0.000325626059722568 -0.330300331560592
0.0176469312630951 0.11893713053205 0.340382464236094 -0.365241071308957
-0.0730180324836129 0.131565561852959 0.628682095672659 -0.0787413756443474
-0.134982179629907 0.0552566807786933 0.473007788706308 0.342560461515171
-0.137716443423372 -0.0496654596311247 0.148065756039297 0.174635727812209
-0.0418333358582731 -0.0623237773745874 -0.113371264308893 0.0750645847100249
-0.054118103845614 -0.0350712803377893 -0.314416679224264 -6.4897212016858E-05
-0.0902425480211551 0.0185082912908238 -0.344822535417291 0.191708591961795
-0.0364543312460429 0.0863339699506803 -0.169349108919617 0.344011918074999
0.0345680316630884 0.0753679219230795 0.054960760521787 0.296780084306081
0.0655857029578334 0.0237901168946174 0.145284062375839 0.116641924563879
0.0831977517462954 -0.0124711837943116 0.132905674485785 -0.0117393844599468
0.0750787668474329 -0.0311331656288688 0.0919399894433052 -0.0462862675218275
0.0835665063234713 -0.0298397566061287 0.0236500139750849 -0.0629167990783515
0.0787300313114108 0.0111921493266518 -0.00540018546452125 -0.167475816483598
0.0703812960615256 0.059517466206763 0.0726563110548291 -0.33228430630487
0.00398232510802595 0.127284054735536 0.424650302011692 -0.293356375242674
-0.0975150878115817 0.118961410513814 0.652818135768561 0.0596240003308103
-0.132543129300169 0.0252634253444834 0.430308348303196 0.434670136772337
-0.105597682236107 -0.0542425636274467 0.16024567303558 0.215885351934206
0.0358777459413099 0.0276725772195996 -0.137541076784914 -0.214200431361356
0.0938140988285749 0.00838168517532465 -0.372960006457873 -0.487756273587835
0.0676204350663959 -0.0973150020668636 -0.65213112051087 -0.140416794612144
-0.014335802434969 -0.130608315949388 -0.470410914577456 0.286320393605869
-0.085249870358535 -0.0442811627629882 -0.09308262803545 0.337692673849362
-0.072150212178552 0.00369886517463179 0.0159933749008609 0.16477498258161
-0.0558627362334289 0.0228034570142502 -0.0210501666873093 0.0648749287270398
-0.045305244659527 0.0270997511672291 -0.0820752809899775 0.0559404702295699
-0.0377690779910342 0.0194572433935619 -0.133368232916722 0.0351302283308818
-0.0412623611880979 0.00696405436077198 -0.146178537212361 -0.0881100188848511
-0.0313034231736405 -0.00848360277347164 -0.106422242407357 -0.264985888668959
-0.016925605941551 -0.0247210470889701 0.0993591583865301 -0.340897146567606
-0.00657118162434346 -0.0115018312816855 0.299433883152454 -0.246000072537427
0.0115213283141703 0.0117580287237547 0.30794319497261 -0.077952127142833
0.0267480325245425 0.0317129422671278 0.134316855192014 -0.147075616173649
-0.0196886169812883 0.0275255143183864 -0.118545426787504 -0.235307456489256
0.0518851491881483 0.0455883048875913 -0.356780014395128 -0.518782553206214
0.0536059386357716 -0.0516748527595217 -0.641861235762144 -0.176257760253805
-0.000493444824823202 -0.0919826126977226 -0.471836985763502 0.245996255187673
-0.0545744948238851 -0.03150511145631 -0.117228803960763 0.311450660165303
-0.0371330282717174 -0.0018631957747654 -0.0103220145495014 0.157151073387123
-0.0161478015474294 1.21523619113001E-05 -0.0416533595406425 0.0687396586533921
-0.00769428600805821 0.00313828782879393 -0.0902397455117627 0.0579267475029332
0.00309002974370568 0.00265109473841791 -0.138537496815955 0.0420888154154565
0.000665517161055409 0.0200108728397104 -0.152644231505217 -0.0798987035980594
-0.00680328779246004 0.03459029762031 -0.120996189213016 -0.255474734304122
-0.0437272496811197 0.0339639891988413 0.0802189632224231 -0.343326920038222
-0.0629962512782515 0.00271808627048052 0.287497728426423 -0.267364740659033
-0.0272461037130928 -0.0233504942124982 0.303037042041828 -0.082164556536588
0.00336478353072936 -0.0146442933331102 0.1145086972303 -0.13934323809445
-0.0496020000829355 0.0123412984274841 -0.101487070432009 -0.241101785118107
0.0266941557177889 0.0420002489763366 -0.371638934501611 -0.506816494822606
0.0183748075343336 -0.0344442602189995 -0.629738119667072 -0.141312511455647
-0.0167508254700213 -0.0455303401806395 -0.435921979284269 0.244798537273019
-0.0275455547555322 0.00312901624516898 -0.110122094041993 0.287001899681547
0.00519678422849199 0.00404683480095789 -0.0174518881442383 0.141871295555783
0.0283757738027143 -0.0174445176773664 -0.0475234109592418 0.0626756902925714
0.03049417873631 -0.0187929767276736 -0.082978725466425 0.0512848399695072
0.040564339234295 -0.0149857872420526 -0.126256940596862 0.0410092913686608
0.0350092752886979 0.0272322597596054 -0.142652471215197 -0.0749450350973601
0.0127355156865401 0.0635368097664512 -0.125706645574386 -0.24586411103709
-0.0595974826852378 0.0754271865475879 0.0746835339566061 -0.3504629164684
-0.0972095159996299 0.0178693539857572 0.301121136904611 -0.286196323293803
-0.0571318784841847 -0.0362135344343744 0.330676090512113 -0.0594128993841751
-0.0292470666130774 -0.0458686719360299 0.105766706589744 -0.0990843559962919
-0.0531690154167295 -0.0220451586177027 -0.10000337206919 -0.217620791304446
0.0105226155858034 -0.00571403820546467 -0.402590007560875 -0.434343726220778
-0.0376011077951891 -0.042482037115863 -0.592855610460054 -0.0554278640066071
-0.0563825482895116 0.00613492249751999 -0.370979080869523 0.267626722581692
-0.00528594142240459 0.0511125022249237 -0.0841362538467335 0.270061289229795
0.0465921841372198 0.0172852966846076 -0.00671126475579472 0.128772053278591
0.0708308755164294 -0.0267981322764351 -0.0363285518176083 0.050821050590266
0.0629799196426537 -0.0360308276181028 -0.0611945498320787 0.0364503331605665
0.069671578650132 -0.0328270864722615 -0.101574869535223 0.0302461254670712
0.0571926764752055 0.0259812675403061 -0.124961366432842 -0.0760015066261716
0.0245045015354207 0.0702307411372656 -0.122320727767353 -0.244960666605898
-0.0573702687168446 0.0895511746787005 0.0867994750191921 -0.365638949869768
-0.0984990696732647 0.0333388473379998 0.346894680624375 -0.298915288223295
-0.0725878047495797 -0.0227509473320143 0.383609290236698 -0.00687390894938651
-0.0669238343886716 -0.0563845263273113 0.108851353318304 -0.0352953245849785
-0.0501173934365139 -0.0639173985902311 -0.110099357786626 -0.158361486214796
-0.019403384999854 -0.0637414784698282 -0.416709277710037 -0.314247243223812
-0.101254533619734 -0.043387811285929 -0.522508647170304 0.0395877795261135
-0.0897336274038631 0.0635340043374707 -0.29777385233415 0.285487660672134
0.0177304632946193 0.0956473865819676 -0.0531841209396967 0.263315251278528
0.0801460474740177 0.0306621877721665 0.0187089516430458 0.120482743280503
0.10225434778449 -0.0298524429468178 -0.0082767909260427 0.0339756833587685
0.08670279524999 -0.048058952919431 -0.0279230949666901 0.0146005465270758
0.0877274432932469 -0.0475395557712941 -0.0721104606684622 0.0110507869948554
0.0699637995222051 0.0142771417671209 -0.105611112201794 -0.0881070870364114
0.0380305491308972 0.0574685498781164 -0.109538552576069 -0.261002769572845
-0.0295965104124538 0.0879401132586389 0.130687948375826 -0.388400006391972
-0.0731609081765008 0.0621480497785453 0.428678648279017 -0.286630885216476
-0.0849181462978119 0.0147686022214305 0.441326042423586 0.081352750988291
-0.106346965762997 -0.0505432242814221 0.119728167065711 0.0380576992120823
-0.0501200099450362 -0.0916637106316756 -0.119467741517575 -0.0747376276502625
-0.0542911465064933 -0.0904521483968066 -0.395284016129713 -0.175673326290635
-0.140774293356266 -0.0227824689490331 -0.441507997753606 0.114815793712124
-0.0931515735566551 0.108445188622102 -0.233048300498126 0.301445547287012
0.0389122884360663 0.117273560988922 -0.0168271100545512 0.26848174552235
0.0973372989518347 0.0364833573810505 0.0561726794616 0.11734816701762
0.114915259296935 -0.0281987321987068 0.0342648897052249 0.0155033010845306
0.0961995761033809 -0.0531200702129481 0.0111858075756207 -0.0103587494135703
0.0951620603487778 -0.0554101796628971 -0.0413937732517036 -0.0141181080181151
0.0781107145076521 0.00145071620184819 -0.0832913666449791 -0.112069365143155
0.0576370319173962 0.0425343784829613 -0.0751835965191082 -0.291871923116748
0.00869049123050273 0.0942168221238867 0.213853983219645 -0.397936396030756
-0.0526328086291762 0.104752543278769 0.528401465291481 -0.221187334670481
-0.105503262401649 0.0531142665766642 0.477198884862859 0.198253352405435
-0.136714005352689 -0.0410292555654967 0.135502864525631 0.108536819027176
-0.0524326060931528 -0.0893406749082091 -0.116166852827315 0.0123972978680979
-0.0704448791551519 -0.0736684618659297 -0.349511663543328 -0.0623571073713474
-0.132886375815945 0.00727564352495172 -0.370513409969207 0.16313158376307
-0.0670848901692352 0.11771545820585 -0.184618898328304 0.317360042173083
0.0477933787854551 0.107103907944032 0.0229133850950368 0.276322462538629
0.0912171977162346 0.0310858439767227 0.100460873792279 0.112601012971623
0.1065820853575 -0.0251943777632477 0.080988679671565 -0.00434334444640678
0.0896812088296423 -0.0489705614664839 0.0506730895858241 -0.0341763937585063
0.0919223824496249 -0.0516508819864465 -0.0111570082009961 -0.0403548821217532
0.082584059623368 -0.00327631038814585 -0.0533018991987179 -0.141581830909364
0.0745245305164542 0.0415439473291348 -0.0151616731122454 -0.32099227084026
0.0279629145901788 0.114768538008397 0.316656272427246 -0.370884780078299
-0.0616851170158137 0.136386376158298 0.607484551025673 -0.101351486622921
-0.129633689471628 0.0616327045796113 0.471394333688496 0.319413858583223
-0.141521519372837 -0.0406253944954934 0.152715807280483 0.164806934566982
-0.0464558707546622 -0.0594659706268988 -0.102741155540236 0.0783310804010869
-0.0540301075362004 -0.0311499753842568 -0.301593459083447 0.0108983019702012
-0.085248247742263 0.0238293562202576 -0.322416987130258 0.196164181492659
-0.0290887265285579 0.0860282440618739 -0.145648716308175 0.334545902753252
0.038174918921799 0.0715058782861813 0.0652385991970106 0.281064371251458
0.0645499869328171 0.0190803057753185 0.141700218162892 0.103734603920748
0.0791275073659309 -0.018146448082234 0.12386769517402 -0.0213058751631981
0.0697898394077884 -0.0354321251300951 0.0840369712049604 -0.0521034219034011
0.0778128339213122 -0.0349193195898371 0.0176435398006027 -0.0636835149101093
0.0764548757250581 0.00514492977649686 -0.0159610764787308 -0.165302640801912
0.0730671563517852 0.0527330940100029 0.0554248294466745 -0.327138824999578
0.012479562246686 0.125156624630734 0.402412270340483 -0.303582555192572
-0.0890708166114828 0.124326539108878 0.638623353983093 0.0347605393216812
-0.128851966516222 0.0299016015656057 0.433439429597994 0.41207535680095
-0.1087314036303 -0.0475712032539188 0.168004244629046 0.204677703939772
0.0360817291081482 0.0244053188275038 -0.139527911906122 -0.207424145097292
0.0936960997503076 0.00558557093637447 -0.368125040105589 -0.475665231330525
0.0655719988098372 -0.0963254402622549 -0.640270713494227 -0.132632905695248
-0.0164715604707811 -0.128800742712031 -0.455336395196414 0.28655266958615
-0.0830361002264911 -0.0417319264727711 -0.0844283302428758 0.331574766775781
-0.0703733343421722 0.00547446450868878 0.0211822330195606 0.163209627974746
-0.053944085825128 0.0243533829102888 -0.0166762230388584 0.0655483364816489
-0.0434978188928066 0.0289991077388984 -0.0751714403870197 0.0571141612965977
-0.0369887736188445 0.021205439647746 -0.123239633141024 0.0393476129634242
-0.0407214650441124 0.00830448318998342 -0.139735101031138 -0.0802845967240492
-0.03184230988778 -0.00721856157008803 -0.106675870804153 -0.252007151425183
-0.0195354283830844 -0.0238982999530677 0.0912896162550053 -0.330013572737393
-0.00695154539805259 -0.0109416830446219 0.284726720896522 -0.242475900061283
0.0129906870744257 0.00963755706656131 0.295111322403324 -0.0788828016937562
0.0286846125211961 0.0292900976940607 0.124477302459318 -0.147304534272934
-0.021317091868698 0.0264045148837529 -0.121367836929871 -0.22895207854781
0.051216362820283 0.0453740249151863 -0.353715960798493 -0.503218156997417
0.053825919344542 -0.0490382618619268 -0.630787849659502 -0.168119503892276
0.000921225381983786 -0.0909425831065681 -0.457511662346163 0.245436989534787
-0.0518295640883057 -0.0326343659256986 -0.108383027027112 0.305798581658684
-0.0367430745343953 -0.00302200112858641 -0.0056527387316509 0.15650788788563
-0.0178370389293342 -0.000657815268239697 -0.0368347169527886 0.0695577547750172
-0.00905548414475293 0.00338958213131028 -0.0834095093800021 0.0590123426375011
0.000819069528336794 0.00358649910193592 -0.128345048334427 0.0464280298500503
-0.000375926803235106 0.0201799098023587 -0.145562261470079 -0.0721568592057752
-0.00731603893267094 0.0328073386523317 -0.121207106502567 -0.243010694313735
-0.042856633560154 0.0329286015572229 0.0731288568184837 -0.332859765617054
-0.0613641498901795 0.00365821281943276 0.273119722535895 -0.262539532983733
-0.024606488645363 -0.0229050992042916 0.290735796063697 -0.0832144494599038
0.00336265258774113 -0.0146802486784782 0.105593136578788 -0.139363792112872
-0.0530694501198812 0.0124387918367472 -0.104903473429546 -0.235540936283549
0.0263978534166461 0.0438065838059617 -0.36726190566458 -0.494239240239895
0.0214973965035873 -0.0297054764443079 -0.617178053280043 -0.134566322659802
-0.0117318235133043 -0.0459625254685073 -0.423031271723456 0.243428102022437
-0.0246228546970021 -0.00103799939295507 -0.101320998216244 0.281101013449261
0.00404423976260989 0.000105964835729329 -0.012969417424954 0.140412293619571
0.024350540876307 -0.0206444775361882 -0.0435457253302428 0.0628489776683055
0.0264334031789764 -0.0199094437485036 -0.0771027992623581 0.0526568755440185
0.0358337789998259 -0.0157728595951283 -0.115919013040583 0.0443347541812214
0.0323477582219624 0.0256970676328781 -0.136763458138526 -0.0682564865285647
0.0116180860007673 0.0596161618929433 -0.125195799083473 -0.233620080265441
-0.0561445011235146 0.0723490929437591 0.0672254932304143 -0.339676351577239
-0.0924474139302303 0.019500716010394 0.286651878208064 -0.282006636173675
-0.0542002383877979 -0.0342182448013071 0.319355581960914 -0.0601334301827345
-0.0310310082633156 -0.043562075494067 0.0982646962374996 -0.0986363101053343
-0.0578018100172818 -0.0199854960545414 -0.101848518046727 -0.212956676033868
0.00958261177073138 -0.00145696201717566 -0.397497865176355 -0.422576980236211
-0.0325145835126172 -0.0358132081366878 -0.578758240403159 -0.0503600390593904
-0.0484662590641938 0.00543501803437497 -0.356541583901905 0.262751379564616
-0.00177320004177686 0.0453174916402436 -0.0763104970527608 0.262718770558198
0.0446852692042904 0.0119910690360951 -0.0045407415337131 0.125406539587801
0.0653396707112972 -0.0310811552736066 -0.0342068558410322 0.0493653791732643
0.0576456801416083 -0.0387792634476322 -0.0577276494767588 0.0369967201224077
0.06262866746731 -0.0341538679676259 -0.0933839270806035 0.0321685412344833
0.0535572552712704 0.0223686066421463 -0.120184111890765 -0.0703237330889547
0.0237051799515865 0.064984989076364 -0.122719508051701 -0.23290808580968
-0.0518604631167221 0.0848852240295781 0.0780819177134019 -0.356391154288297
-0.0911026407357388 0.0352735750158541 0.330462122897331 -0.29629990848279
-0.0695301740702878 -0.0192115387885081 0.37328603807595 -0.00856581161588455
-0.0696245414182329 -0.05197022091194 0.103155066457805 -0.0359729669362201
-0.0552506685244318 -0.0608832723929347 -0.109608108364809 -0.15503142791492
-0.0208739053449276 -0.0582946960066601 -0.409281323350269 -0.302039281269802
-0.0948071367045221 -0.036626814487622 -0.508061315363406 0.0418911192448669
-0.0800939304836282 0.0620016739752107 -0.28368500839252 0.278908669167672
0.0215515269237435 0.0885044039246688 -0.0460329290343596 0.25416196643715
0.0771748414056934 0.0248224921163218 0.0192724062600339 0.115535297035182
0.0959501226089733 -0.0346681646107749 -0.0086095378200977 0.0317750839251603
0.079718974741167 -0.0512789971075698 -0.0270872728729187 0.0145920765559423
0.0794735351152118 -0.0505209115310914 -0.0666379633026279 0.0130965631363872
0.0647269359252233 0.0100419047653018 -0.103427223667028 -0.0826429973820443
0.0369392990634783 0.0505888297307573 -0.111262601838498 -0.248997493463181
-0.0232297982052392 0.082623655082694 0.119817606580985 -0.380073921232964
-0.0645389534921468 0.0646078044456421 0.411109137259668 -0.285412843112558
-0.0813453808308167 0.0185420170104449 0.432206969778247 0.076384371090434
-0.110240098234242 -0.0447979464482139 0.116306365097337 0.0364310788851982
-0.0557191923767736 -0.0884126500773787 -0.116229676980513 -0.0720710534900936
-0.0553015475040277 -0.0851663115879509 -0.386802559385472 -0.167222945973416
-0.134331447744533 -0.0164666815015104 -0.425168042904628 0.114969425235478
-0.0839142773397811 0.10688110031421 -0.220236744929418 0.292004774762759
0.0418733223767727 0.110831792653609 -0.0118571559943326 0.257644790999764
0.0943972616367143 0.0311284467276684 0.0541941880989712 0.110478901844588
0.109025160493568 -0.0337966507049206 0.0306759991468566 0.0116954953742342
0.0893830792007911 -0.0565491579811077 0.00938041330761575 -0.0119278674930757
0.0864663478777152 -0.0583770307638168 -0.0395932470956183 -0.0126578892774948
0.073436516706187 -0.00389696393330709 -0.0839756828005948 -0.107678694569159
0.0573847136055921 0.0351474752884802 -0.080235733288491 -0.282349350251682
0.0161473873967981 0.0900595426659171 0.202000861384312 -0.393797354022549
-0.0434891766815471 0.107461358723517 0.511727271321965 -0.22233114861673
-0.102190268961248 0.05677394341791 0.46882291487412 0.1929100442119
-0.139692350656692 -0.035428514260295 0.133975603112038 0.104797844137965
-0.0572469481817691 -0.0866570264082719 -0.11019798219007 0.0139871790644571
-0.070663323526878 -0.0698442634905628 -0.338096758667058 -0.0574444401102839
-0.126910477604201 0.0112388694907324 -0.355392563041656 0.159777827667743
-0.0595293722402954 0.116022843190187 -0.174113316234817 0.306266192553625
0.0506258586364023 0.102491903458785 0.0264510324723883 0.265172193238534
0.0887331941781972 0.0270198667505362 0.0961337555356444 0.105366845058488
0.101362990681332 -0.0293717130052062 0.0748393332005193 -0.00888215748998578
0.0843358683939543 -0.0516833818560809 0.0463382667665942 -0.0368089067812027
0.0850767575140651 -0.0546064664607304 -0.0125181979361406 -0.0403424406200085
0.0789554820648903 -0.00788828473329268 -0.0575881148081831 -0.139212706643383
0.0755881441382207 0.0347752199304551 -0.0216886408729866 -0.314438743996855
0.0347935483566517 0.11203700517585 0.30490951989421 -0.369045930279248
-0.0536063603586187 0.13977834021337 0.593386907466857 -0.106971857676683
-0.127319557063995 0.0651125966889448 0.464575729541804 0.312438814592806
-0.144553297912623 -0.0353294359092202 0.15332981524142 0.159452967763132
-0.0504348144591256 -0.0574591559881502 -0.0948834778473734 0.0781415045173384
-0.0535767064350163 -0.0290785136344529 -0.289566899651902 0.0133555400411815
-0.0815012666421809 0.0266797414691008 -0.30850287634877 0.191586857339072
-0.0236296328240567 0.0854977318951752 -0.137085346223605 0.322322922467053
0.0406644885047472 0.0688336856088802 0.0660487968797917 0.268966302225016
0.0634932713737381 0.0167643717129761 0.136187087057971 0.0960262079942864
0.0760731541545526 -0.0217455385207189 0.115416072017344 -0.0265690373018361
0.06661475849238 -0.0371418596951234 0.0773498680213592 -0.0557387152844597
0.0733078716923359 -0.0377472550250823 0.0137223624732455 -0.0637994192949764
0.0742648411876325 0.00115415904492697 -0.0217002188744317 -0.162750663495693
0.074281595027416 0.0481955086954938 0.0483421806430729 -0.323090529671758
0.0169815702487924 0.123735557600312 0.391541450435817 -0.304823322957912
-0.0833200334026152 0.127538747053546 0.623742367230748 0.0277508313582086
-0.126713464390905 0.0315663653947897 0.427990307580913 0.404210273793251
-0.110741751387013 -0.0442968973197835 0.169762813202346 0.197599149056227
0.0378436096586952 0.0137305822634906 -0.185655516901773 -0.181164636432754
0.0866822156340418 -0.0121233695403025 -0.459517331920022 -0.4122677980323
0.0396863649561771 -0.101331378607921 -0.660000154754723 -0.0180335181558618
-0.0444840445775075 -0.113504683292037 -0.398589089138288 0.36458128299102
-0.0836599550245035 -0.0211730783118088 -0.0224135454159128 0.342434351922819
-0.064361766855653 0.0189383720001348 0.0520714597325296 0.158210875434204
-0.0462943776843338 0.0358381262196076 -0.00459159661140735 0.0653206399148323
-0.036366674180398 0.0373269951594966 -0.0589789853634189 0.0700962432750621
-0.0330802520935208 0.0291959979746435 -0.107913724033936 0.0640361028042699
-0.0396503354142216 0.0155566326460231 -0.151555568560036 -0.0515942740407978
-0.0329937556857962 -0.00423247322896979 -0.154514683313562 -0.227800159493457
-0.0201424418047498 -0.0220983369742137 0.0250173881311819 -0.346157420464665
-0.00453147113048121 -0.00882664487340237 0.235064028321981 -0.299226795875465
0.0199338415343104 0.0071785489314786 0.275385601044917 -0.139384734411935
0.037954118525585 0.0197317384814802 0.089240110786603 -0.172669890510113
-0.018372090044515 0.0278775259709463 -0.174019159938516 -0.210292312514397
0.0527442145085094 0.0369925625878209 -0.453231913643612 -0.446245218287195
0.0406660404545404 -0.0517181209724328 -0.661177199830613 -0.0546535302508386
-0.0168507513338671 -0.0820679331268353 -0.408592692379919 0.327180834521636
-0.0515324028164424 -0.0206957734815374 -0.0506827317613907 0.322675207916817
-0.0349515799467102 0.00278532595901845 0.025463749451052 0.15657521373779
-0.019135171189274 0.00314303045717849 -0.0213431151338753 0.0750267598949544
-0.00951583483822259 0.0065087111217501 -0.0671976726434687 0.0745111636168614
-0.00120722720256481 0.00492510874577174 -0.112487791715067 0.0717643068315627
0.000119755767371233 0.0184660992356426 -0.156974083440694 -0.0420664136825626
-0.00333653263959533 0.0288092806166642 -0.167934531111545 -0.215565296601477
-0.0317627739196703 0.035485872235592 0.00575698789336563 -0.34669731728009
-0.0516473056143324 0.0146151526894246 0.219084253539574 -0.320411788038498
-0.0236757033418329 -0.0159683262913427 0.273806861323033 -0.141980648211878
0.00247755701283692 -0.016460753039414 0.0742012108776258 -0.159701512417341
-0.052393390198592 0.0217049064113104 -0.15777285707537 -0.221952152936989
0.0280030823055692 0.0432730976559428 -0.466629021603745 -0.432982735721861
0.0157174963694467 -0.0256516985318716 -0.644626262213541 -0.0244923063505435
-0.0167459730587218 -0.0375515626445807 -0.377426330467699 0.319716087481517
-0.0186902350453365 0.00262754473164102 -0.0479812246191155 0.298240853696001
0.00416101715325843 -0.00331942768795997 0.0145315014575397 0.143422563209123
0.0157910861411484 -0.0253695422351976 -0.0282101290273668 0.0716455013597887
0.0189712666100786 -0.0240983713339242 -0.0632883533897293 0.0668139638375331
0.0271128631884333 -0.020575268146727 -0.101403285039808 0.0674620822276669
0.0323275762899852 0.0179445863607068 -0.148248532944551 -0.0395203209057829
0.01912935892916 0.0496378228572728 -0.171372735070391 -0.205169092819614
-0.0359548226528336 0.0743408432504978 -0.00269924387519596 -0.353385115967024
-0.076555553759487 0.0349946754542221 0.227756356953963 -0.343491755062476
-0.054017299087756 -0.0195011219953421 0.309604554271187 -0.124673688964939
-0.0385976212011298 -0.0362855779221682 0.0784449016205121 -0.11696359960356
-0.0643587343438568 -0.00753168300446827 -0.147442258015128 -0.201955122012012
0.003391385578749 0.00458368744649065 -0.482721832378461 -0.357082626858071
-0.0349538414582595 -0.0205875457100437 -0.590589433376071 0.0506397067450775
-0.0389863364768264 0.0176070694807096 -0.310864956025295 0.32486412903829
0.0115991773959863 0.0406601600680597 -0.027311697610935 0.27656424869069
0.0448659724443177 6.67931480071663E-06 0.0197227319112776 0.127575373418384
0.0512300760493796 -0.0452346356850703 -0.0208122630586326 0.0590524133204067
0.0448628353405806 -0.0482126327161947 -0.047827999771421 0.0475250171042023
0.0486309979389265 -0.0435557089142359 -0.0830046777951417 0.051348022594622
0.0514035681520425 0.0102991789262971 -0.133827015934804 -0.0449024507413528
0.0306567717398231 0.0510913671172995 -0.169647287820851 -0.20388168662626
-0.0274515714972135 0.0841915164760193 0.00364942957918924 -0.372703169905165
-0.0696180015783683 0.0503886074177136 0.268348167261507 -0.367784029934173
-0.0660201438903317 0.00104351700219308 0.376550319407024 -0.0849139701246701
-0.0800915423156363 -0.03452578347308 0.0987303327301377 -0.0555562866035195
-0.0697052994842989 -0.0465637668798295 -0.141819547454769 -0.143103785697268
-0.0348041804868474 -0.0442802619523742 -0.469873741556411 -0.234557068871321
-0.0940913974313946 -0.009610171351418 -0.50240541337197 0.126746669368508
-0.0570907244034601 0.0773890588646289 -0.239651783769527 0.325157806569894
0.0414187828354223 0.07818021764399 -0.000236205522969963 0.264386300547613
0.0786836261567111 0.00622678760763667 0.0401640286200749 0.114368305601186
0.0796513871673641 -0.0554460540680936 0.000262945337565061 0.0386479602339152
0.0636203206792809 -0.065119556813751 -0.0237612072050542 0.018916047432815
0.0610587601854623 -0.0631654777110087 -0.0624400809524541 0.0265480512300506
0.0601449920708919 -0.0054287937810703 -0.120935376877113 -0.06025926369353
0.0421780447239213 0.0333579214263177 -0.163351675733487 -0.222728804944075
0.00301844363414219 0.0762573550040551 0.0399901600072195 -0.406825792037739
-0.0363473464191194 0.0750825115036374 0.352292654178544 -0.372436763734834
-0.0713737114174472 0.0439298773336042 0.455761812707716 -0.0124090503635836
-0.120087842777058 -0.0178486856706638 0.129645880710054 0.0132860179101014
-0.0752804260067406 -0.0720295417252786 -0.129516108480803 -0.0576998260264787
-0.0718955657657368 -0.0634990864128813 -0.420770637112706 -0.103354660515525
-0.127293494346711 0.0160795204193542 -0.408161963069208 0.181662358228553
-0.0514649229745972 0.121198417627217 -0.177230946980652 0.326257611312107
0.0659947151992146 0.0961969126562749 0.0341102226156508 0.262362627136212
0.0966517436512662 0.00933700856855434 0.0732567136555663 0.103185116623412
0.0935242631028065 -0.0573129650343477 0.0334634607514131 0.012306497915591
0.0717502193280729 -0.0721848479732736 0.00502920680581186 -0.0145599524134959
0.0673892571424014 -0.0730306850794722 -0.0421719327325677 -0.00482354012939874
0.0662945486237006 -0.0212393618652782 -0.109334193910527 -0.0888308580664786
0.0602165134987477 0.014008329424364 -0.139928168006352 -0.264465976882806
0.0448080634418319 0.0772431247384762 0.119024592237203 -0.437427624613906
-0.00753508594926973 0.115729003414165 0.465057597728633 -0.330812677104723
-0.086463732881099 0.0880020918934011 0.517909714103108 0.0956394997264819
-0.14871428323604 -0.00191315571297632 0.163184493822425 0.0771812527835926
-0.0758493701251441 -0.0702099598587842 -0.1043792615757 0.0277175504698807
-0.0826327171629004 -0.0477098380859021 -0.350409983785992 -0.00122522083016464
-0.116081036586505 0.041021686804994 -0.330827726332749 0.214348818613909
-0.0263370653724745 0.125569136457191 -0.127672696300553 0.333001833949985
0.0740961983337156 0.0874086781263279 0.0735573328569579 0.263226726729124
0.0915784138746461 0.00707566043806496 0.112958223482717 0.0898273456308313
0.0880198198264987 -0.0517284822291183 0.071626383355854 -0.0174970633232618
0.069165328113164 -0.0668573779819861 0.034899482975133 -0.0463640486329659
0.067223370497838 -0.0691945277947772 -0.0225290327284564 -0.0379695666577843
0.0720856336244811 -0.0268272429593475 -0.0894229909435927 -0.126850538198501
0.079169577091613 0.011385925621638 -0.088309215423916 -0.310139614420288
0.0679773376107806 0.098579016517802 0.227804913565405 -0.436014315137076
-0.0130591434567446 0.15138638199303 0.57102761318588 -0.23054582874923
-0.112625745455137 0.100369865276187 0.540218047144483 0.21820123417255
-0.152789876700049 -0.000698407270495799 0.19451427951666 0.128053007003576
-0.0631777281852494 -0.0448136555081772 -0.0751806985005049 0.0921999007180052
-0.0583869061769463 -0.0132994477190727 -0.28792298533366 0.0621507872879872
-0.0700963082489896 0.0459877787847448 -0.276195177767628 0.24063541389903
0.00103633505058586 0.0898529187630143 -0.0851799121777261 0.343659259262493
0.0585113322630106 0.0581678923611512 0.114030335120696 0.256977624068761
0.064971608269781 0.00250997260873606 0.149584586031005 0.0711623073860811
0.0667475940569973 -0.0394763673722288 0.105484132484096 -0.0446412340059094
0.0559869609906119 -0.0496097682188901 0.0612846519723321 -0.0716230215682256
0.0612997572344131 -0.0518881648059975 -0.00204264156324453 -0.0671084601046873
0.0715416398225497 -0.0162425724259161 -0.0593975675440702 -0.15972641627666
0.0824763257944934 0.0261242741309238 -0.0195648520423134 -0.333744121284606
0.0514440941252991 0.117764228511954 0.330531102569384 -0.389475769890397
-0.0468601241661612 0.146111128802561 0.630517546890367 -0.101174479953435
-0.12014256484337 0.0654505660945419 0.521314243904295 0.320089390127206
-0.119903253606345 -0.0174389301107951 0.218071398683152 0.164508122703457
0.0381269950067659 0.0114276714483986 -0.195937505634803 -0.182400128342915
0.0889993151447206 -0.015599215908951 -0.473884415575586 -0.42129793585421
0.0401211401794139 -0.104867206101491 -0.678688747123463 -0.0146440188706357
-0.0487554540422974 -0.117021458761435 -0.40421011952534 0.379348728386077
-0.0865096154803372 -0.0217744443786478 -0.0175419314616072 0.352139793577394
-0.0646993231861671 0.0209329526579788 0.059097137216268 0.162738932944361
-0.0468458197754664 0.03773886827913 -0.00085858115977273 0.0685007506111083
-0.0358966627241667 0.0407819590941396 -0.0552724665884123 0.0729867450687988
-0.0336711089160255 0.0321991169439086 -0.102239046662445 0.0674959567762473
-0.0409742054695448 0.0173544711736811 -0.149988050090301 -0.0482276321473193
-0.034839929363498 -0.00306571466144985 -0.159379243173315 -0.226824980964266
-0.0237227036776568 -0.0221598357598135 0.0217902193340407 -0.348824761029111
-0.00505268384835997 -0.00943079399741221 0.232799249660559 -0.304938326323994
0.0216653508640255 0.00423785270043014 0.274735322304146 -0.142999140260056
0.0402282641218361 0.0177762424182421 0.0826952539279534 -0.179000809122399
-0.0219558470685939 0.0287802847906206 -0.183812455630424 -0.212501101225464
0.0539711889745457 0.0389918453416819 -0.468322605904226 -0.455822905339549
0.0443812504820986 -0.052048986286897 -0.680275881059466 -0.0532428471440355
-0.0158464600624142 -0.0867850757277069 -0.416788347325826 0.339956006799824
-0.0530480868891881 -0.0241050809709038 -0.0466332274754647 0.331832876834746
-0.0366194942541671 0.00155081458399915 0.0312354004709357 0.162070028219265
-0.0220316539970854 0.00280632404115268 -0.0181575589546859 0.0778734362446981
-0.0112023947942897 0.00695097559141948 -0.0640194257877421 0.0776255064837998
-0.00316634183835592 0.0065981026337959 -0.106133947131217 0.0757723937036164
-0.00101848068695572 0.02006960930187 -0.155402301587637 -0.0387553407415038
-0.00393718962583799 0.0289035287504191 -0.172061461275491 -0.213869877102651
-0.0331022559788543 0.0357330620801077 0.00170864561560128 -0.350924664063418
-0.0520387631906168 0.0155513129839921 0.216721976936551 -0.32639483997753
-0.022781883414535 -0.0177635789543142 0.274830511157023 -0.144996105817308
0.00196969434069956 -0.0172834825020513 0.067809576803932 -0.16495556143703
-0.0589807559262648 0.0249117985566067 -0.167450759893162 -0.225725563908323
0.0282864002133185 0.0479294725993191 -0.484458195176387 -0.444532574416506
0.02076169315755 -0.0229639495040044 -0.663588935122909 -0.0205899458713317
-0.0121106979314435 -0.0416781395590227 -0.382697981833985 0.330333859077894
-0.0188197745240246 -0.00305820237267159 -0.0444675193822767 0.30481905438731
0.00212575282305272 -0.00696752612051222 0.0183269788580948 0.147625745815214
0.0118340534001765 -0.0276513017761227 -0.0258871798736547 0.0745479326626086
0.0158540216918478 -0.025304206715488 -0.0611188933300103 0.0693280769858452
0.0241352649133348 -0.0204702181044263 -0.0965699682212364 0.0706519130190111
0.030658793800664 0.0181064567587961 -0.147248071654379 -0.0364005264370587
0.0181845041769409 0.0490276939405494 -0.175100535814611 -0.202675047606347
-0.035252578366748 0.0743268718320332 -0.00827646098248478 -0.358288888951186
-0.0753054976827623 0.0365501350551687 0.225338591459949 -0.351020883606092
-0.0541361511181565 -0.019241831096976 0.31259901520397 -0.128787299284499
-0.042724014508056 -0.0349951915772591 0.0734669377077598 -0.120831671667672
-0.0724781407129142 -0.00426393211797504 -0.155404473866647 -0.206466295629962
0.00298844031187181 0.00962522648541609 -0.499712126601807 -0.36256241373515
-0.0298475021486809 -0.0167070830526034 -0.605185699587304 0.0564793428069182
-0.0329525733847311 0.0145179761301695 -0.314135782095633 0.335056265939983
0.0137780540771427 0.0356821884166777 -0.0232789641346327 0.281320424565402
0.0432504202431095 -0.00445328402756728 0.0224342932741695 0.130241342853721
0.0469751428018702 -0.0491902619459425 -0.020849031562894 0.0609306282497671
0.0405441770389469 -0.0512489178676688 -0.0476804828360274 0.049017576711224
0.044109089024704 -0.0452397181489285 -0.0787203142990297 0.0534531567956707
0.04954072750259 0.00884290549167599 -0.134019039892232 -0.0420663016462324
0.02968422660048 0.0486395988079685 -0.175190842756941 -0.202283592894486
-0.0248797340802657 0.0825260839881137 -0.00228447277878536 -0.378886053752693
-0.0656085626198591 0.0522796637109935 0.266605939685498 -0.37594250078768
-0.0661508568400517 0.00342458975241234 0.384100691669929 -0.0885104755623991
-0.0869109830128906 -0.0308891764852822 0.0971301866823166 -0.0574007966708274
-0.0793740626904561 -0.0435896456255372 -0.146881476092462 -0.145813424292903
-0.0366890258028563 -0.0397460444151951 -0.483723076624397 -0.236871869333793
-0.0901793599272131 -0.00550499302207847 -0.513217057433167 0.132361345265568
-0.0511816533625167 0.0763323772167115 -0.240988582858569 0.332672626017535
0.0455301271580066 0.0738088439248128 0.00370888780949637 0.267107119718611
0.0783586936590117 0.0017063255217027 0.0408319949206113 0.115401031663119
0.07623381686591 -0.0610725750205349 -0.00149594221919365 0.0390298483484793
0.0586507040228795 -0.0697853996680426 -0.0247674471619285 0.0194005709815769
0.0562006633003349 -0.0662993670406497 -0.0599124478645106 0.027523760332
0.0577432695787624 -0.00836936657047209 -0.123460844121798 -0.0583862592416323
0.0414610735242223 0.0289830486391852 -0.170347202724085 -0.222620045751959
0.00822102875009863 0.0725563786331373 0.0332801469682109 -0.416362169813665
-0.0292208625065078 0.0779186099881001 0.352739706080631 -0.384862703828472
-0.0711657287733999 0.049369212779605 0.467892874711872 -0.0160030146412497
-0.128121057398885 -0.0122671547371824 0.130661018606666 0.0126708105749942
-0.0850443261068884 -0.0695059954437442 -0.131298196566918 -0.0588869308909271
-0.0754073715764764 -0.0603637612707386 -0.429281259800509 -0.102834594185149
-0.125469922774749 0.0207569178960996 -0.413666578335959 0.186442033087495
-0.0459740696468007 0.121529699001888 -0.176051341456863 0.331628416652461
0.0710188872021215 0.0932387812232482 0.0376253728980872 0.264144956801313
0.0976247141051109 0.00530991955598413 0.0730928273643234 0.103284481599766
0.0904351961406112 -0.0625935508550985 0.029912943108596 0.0105000495834484
0.0680564662074125 -0.0771624739874116 0.00254290293026127 -0.0159123145704234
0.0619196361251779 -0.0772453454862927 -0.0423060932950324 -0.00462342673708628
0.0637951161123666 -0.0255621763512151 -0.113718411844165 -0.0888012125512225
0.0604444406295774 0.00770129876636854 -0.148478168932811 -0.26633657777147
0.0533072022134873 0.073871392463055 0.113694750183808 -0.450953023010128
0.0017093962904261 0.120837700237068 0.470908497347785 -0.343086647586022
-0.0875474902566855 0.0958453578144375 0.533791791942645 0.0946367215614728
-0.157870987713116 0.00462690879994221 0.167859658017179 0.0773874883069471
-0.0850582263047174 -0.068547807797073 -0.103024039804398 0.0288718252553464
-0.0858839773636585 -0.044103101266122 -0.354901024015763 0.00034263656202733
-0.11466742031408 0.0456984345078355 -0.332902515981561 0.219426774184284
-0.0206017991119429 0.126635359692622 -0.126572795556224 0.337048514008226
0.0790486363987581 0.0852935853697332 0.0764700764091096 0.263829692918321
0.092727380108072 0.00422240156558078 0.112513373216501 0.0880144273943031
0.0856514309918244 -0.0567835359466346 0.067302081646903 -0.0211727506447295
0.0662538940498203 -0.0716182989609902 0.0305696949111707 -0.0501582223237882
0.0635867517599635 -0.0736617181747035 -0.0249476784082853 -0.03935118682235
0.0710755374109883 -0.0315609423950626 -0.0959143245666735 -0.128340343594348
0.0819220738628378 0.00548743375888606 -0.0978146703160159 -0.315656416976669
0.0777928395812427 0.0979081133945986 0.227444248627562 -0.452669271414036
-0.00539871100994525 0.158811865240125 0.582842784714004 -0.240704534526083
-0.115512697315703 0.108115553961805 0.557639039522285 0.221964537561073
-0.161957095094904 0.00454357916976585 0.202740799209229 0.128926080682229
-0.0701253659830837 -0.0431500212979713 -0.0711212807344605 0.0934245877724546
-0.0601110253709151 -0.0106765752365679 -0.290100254106101 0.0642272723907024
-0.0687709631043429 0.0503940695297481 -0.276093711980619 0.24480115102813
0.00586583213513342 0.0907303757559912 -0.0836863813801231 0.347232075213737
0.0635514987570661 0.0566968941617114 0.117327010987946 0.258038478577729
0.0662113180206455 0.000718723128896178 0.149148705478797 0.0695237051616629
0.0651126179915216 -0.042797341191042 0.100695246672397 -0.0498514008527249
0.0549212106510062 -0.0527254562273791 0.0563859185338272 -0.0770745955217423
0.0593186164158953 -0.0546893296518934 -0.00529320264480669 -0.0698832491348748
0.0720416603659994 -0.0197644757476425 -0.0668800986674933 -0.163441720838791
0.0865893000312357 0.0223868686213887 -0.0278988433275281 -0.343499493157075
0.0592304273871609 0.120175230953959 0.333920854075558 -0.406972496799148
-0.0427745264744667 0.15378694872573 0.64735237623331 -0.107508212713463
-0.124493905546014 0.0699382883628465 0.53970766160648 0.328300569217307
-0.126844765536558 -0.0145362562266202 0.228623334434209 0.165921560971156
0.0380515884723445 0.00815394413969409 -0.212879082103339 -0.177163870762134
0.0907139240057697 -0.0212643428668353 -0.503783809108803 -0.415970137563301
0.0372888201133752 -0.110614776237368 -0.704473958317011 0.00772189504483667
-0.0566933361226301 -0.120162533688073 -0.401345217240641 0.405755741042957
-0.0907017435804922 -0.0196334886214661 -0.00171534426052598 0.364939055796514
-0.0656936549782729 0.0247553825969284 0.0718787216844176 0.166560841338437
-0.0466467496816535 0.0421450766177008 0.00544337657068274 0.07146158177049
-0.0339708385486259 0.0447776361528884 -0.0500889943484883 0.078471741426164
-0.0324289697713383 0.0360538172150179 -0.0945181689210123 0.0741101215575093
-0.0420720073923316 0.021094563407354 -0.151199740539034 -0.0414408869097052
-0.0368082324593193 -0.00144464354412584 -0.170358006668064 -0.221132675009127
-0.0269194707503339 -0.0212482672332367 0.00713759514974909 -0.355970795645495
-0.00574124079488843 -0.00986586850417332 0.222760887546161 -0.319757358172908
0.0226847146941839 0.000406224504006604 0.272720161781098 -0.155905259762845
0.0434515770999722 0.0137267760687806 0.0695140327983704 -0.187877753948636
-0.0255104276155535 0.0315569879056852 -0.202534166058161 -0.20976958599135
0.0568857265705715 0.0396381351460054 -0.50057707262244 -0.45291364249605
0.0468222379525937 -0.0534657976184137 -0.70697197234653 -0.0310550077825084
-0.0177064728550519 -0.0916293897985689 -0.417287923157475 0.367270919880975
-0.0563297842566615 -0.0266294229750372 -0.0324112321752395 0.345443542756027
-0.039014012761805 0.00170360263931329 0.0422989970357145 0.167048775204641
-0.0244579266645128 0.00398024250663628 -0.0123837871236533 0.0821405677831246
-0.0126153206247888 0.00801272131000335 -0.0593413709124635 0.0837150448385086
-0.00504515186570284 0.00835832245111125 -0.0986411947725424 0.0827037663007298
-0.00165820157705475 0.0218813117794991 -0.155503311028233 -0.0316978323629087
-0.00471221674126709 0.0297092671255996 -0.182976807333234 -0.20794922763916
-0.0333202572106622 0.0375483166785154 -0.0138516789361344 -0.35568085617892
-0.0516862125900334 0.0174106215306169 0.205027963072086 -0.340858195737502
-0.0239310331100315 -0.0187820694266018 0.2729288260816 -0.15767808882924
5.35119696952035E-05 -0.0184646910187987 0.055397074024565 -0.172425219914427
-0.0656678145507605 0.0307087841045971 -0.184884999033224 -0.22637411159746
0.0308898975692563 0.0533295028613364 -0.517240413378252 -0.43946790812051
0.0266973942823363 -0.0211565144095145 -0.687442363029752 0.00256630319562443
-0.00912129011312213 -0.0467461223369872 -0.382258377025322 0.357291489846688
-0.0189240188735967 -0.00820250279512665 -0.0309178350135454 0.316006051711786
-0.000193045714463903 -0.0102362898179288 0.0276161214233963 0.152024086703765
0.00646025804693278 -0.0303986571642639 -0.0220888118337971 0.0788577174862674
0.0115148059488175 -0.0267783700777663 -0.057696143250997 0.0751014628407813
0.020397643485568 -0.020884569915732 -0.0890456934694539 0.0765296374981537
0.0303759539993536 0.0173970609066491 -0.14796701650916 -0.0300548006207289
0.0181730199925882 0.0478004968687977 -0.185843965991478 -0.196383038544991
-0.0328705168051778 0.0751409523568769 -0.0242156352256462 -0.363799771622603
-0.0730792077326848 0.0396800174522394 0.212691839871488 -0.366557055741985
-0.0556435301357593 -0.0176133990565864 0.314180544033887 -0.141919617551029
-0.0479396409498451 -0.0326253039379 0.0638618391029689 -0.126698062520881
-0.0823435080399063 0.00300097801178053 -0.170896664164391 -0.206723298347579
0.00336275142036232 0.0157012950483604 -0.530147878794943 -0.355926157382021
-0.0244135392062202 -0.012314294411496 -0.623959559825597 0.082174409491308
-0.0270825027778331 0.0108454514648188 -0.310086818975676 0.35695498491766
0.0160178292102785 0.0292337913183225 -0.0104541105568054 0.288879414286079
0.0415383065045313 -0.0100009266739859 0.0286135732430807 0.133167781590664
0.0408718923826739 -0.054787338754701 -0.0191454362588696 0.0636396885646735
0.0346802213094126 -0.055984099987261 -0.0461486476657516 0.0534725264173494
0.0384896513879871 -0.0481924746663412 -0.0737538359170135 0.0582423210544993
0.0475497229301696 0.00662826966094229 -0.136098631871898 -0.0358080395773833
0.0300414876800918 0.0456395268511784 -0.186109905198611 -0.195252681439725
-0.0204544244077605 0.0807498841839523 -0.0215080811389174 -0.386359010744927
-0.0602548414675716 0.0555356153018081 0.25500757015718 -0.395615522108939
-0.0659950378145911 0.00851677901792212 0.390663765129944 -0.105128437418556
-0.0948199503540234 -0.0241217375302802 0.0924781621622262 -0.0624058182003217
-0.0914803628943526 -0.0370431216927317 -0.157320940195398 -0.145440409677176
-0.0398416985845658 -0.0335695766463828 -0.507871506315454 -0.224954605084778
-0.0863700233840291 0.000919828315124417 -0.522682562085546 0.154968806169863
-0.043011168898357 0.075180603154843 -0.233122065693065 0.34941977929825
0.0503766827163898 0.0682385098578619 0.0165052248637478 0.270716480620331
0.0785789533166834 -0.00508788803195534 0.0457748283583555 0.11625942075573
0.0700159106258188 -0.0682416228679173 -0.00223334084572168 0.0395555418993565
0.0521279078932915 -0.0758309098616132 -0.0263216654736687 0.0208484131081536
0.0487504853914588 -0.070771917514933 -0.0573153929955305 0.0306916794584163
0.054850329141754 -0.0132075410166178 -0.128472860606781 -0.0530924645044302
0.0402907733787741 0.0226980878158674 -0.18504901182895 -0.215964033275493
0.0149934730399855 0.0682667468697213 0.0133801929378627 -0.42769879699131
-0.0193368895676769 0.0812695339061937 0.344071504112944 -0.409094321476583
-0.0693907939017123 0.0582356334411535 0.481937442546718 -0.0324295433237981
-0.138413198195929 -0.00193913665460013 0.132892908627352 0.00797468497071144
-0.0982580934750168 -0.0635502594623457 -0.135747170391188 -0.0566055044920214
-0.0806007126002304 -0.0540560209675109 -0.444490203027819 -0.089557987267412
-0.122710933172765 0.0293375817152528 -0.417690570342771 0.204077546277998
-0.036850464649318 0.122837458314926 -0.166900286662 0.343619714684476
0.078855871851301 0.0877369038540853 0.0497858532353429 0.265874028427955
0.0985121949269607 -0.00175775506017454 0.0763405501448156 0.101551167076703
0.0856749902084505 -0.0708490897338773 0.0265249140343912 0.00866570022576737
0.0609589332213396 -0.0842079817004446 -0.00181845803441027 -0.0169836633566474
0.0544617611472121 -0.0833905247808029 -0.0432680645137614 -0.00381282065548159
0.0607020092708058 -0.0323252945919683 -0.122047928256815 -0.0845589639517145
0.0612875817866256 -0.000707362413944313 -0.167026162420841 -0.264300576066291
0.0643982090814447 0.0682166638767442 0.0944864240025197 -0.471373219217577
0.0151871802867827 0.126325664261357 0.47012962042057 -0.372382381461685
-0.0857109862291401 0.108282730049304 0.55656639048214 0.0782776655836513
-0.168841497290847 0.016897542101764 0.1759812645342 0.0730460076658725
-0.0975058031749575 -0.062406557800237 -0.100864103858065 0.0320656225547272
-0.0910272342421777 -0.0386039792117645 -0.361235791123191 0.0146396496159226
-0.111692769924752 0.0545189706670125 -0.331570398363675 0.234582213472788
-0.0113048787170977 0.128270819788163 -0.115621825188922 0.346371043575853
0.0875282681862991 0.0809370346902476 0.0882235123426755 0.26369868523476
0.0953905964776188 -0.0016552333802639 0.114810615740888 0.08385737914064
0.0820071295765753 -0.0640910761068446 0.0613156568886309 -0.0262371025955437
0.0605896670443882 -0.07840764771093 0.0241769016531239 -0.0543604464357669
0.0569180299553825 -0.0805589491516254 -0.0285283476099813 -0.0405230570126843
0.068790029997144 -0.038412964506664 -0.107532878401554 -0.127115255076498
0.0848636541517926 -0.00392857683770177 -0.117550122748394 -0.320465341100023
0.0911203783191563 0.0940111827527368 0.212746941612125 -0.478008098698903
0.00792135276439545 0.167630420932447 0.59198499489854 -0.270653879668575
-0.115544180734161 0.120922579868478 0.586592755952092 0.209558053006102
-0.17221420228145 0.0157265524776233 0.216258757104621 0.124565664433351
-0.0803616639215109 -0.0385978613437005 -0.0633469602115308 0.0969889467508584
-0.0632686469464726 -0.00625644181298595 -0.290837636034837 0.0750716813588214
-0.0658486861469339 0.0569155109689065 -0.272375907444144 0.257958544291372
0.0136319922087434 0.0912704258841068 -0.0718977515109551 0.355372913745991
0.0703546691508061 0.0530457511668065 0.128608447282219 0.255454192603962
0.0684986874463525 -0.00293072536598001 0.150694158843819 0.0633160861116396
0.0628945573807265 -0.0480548816640502 0.0939526913696136 -0.0575493672295531
0.0517582161714925 -0.0581124276106272 0.0478513248942425 -0.0837449563926924
0.0558924506434856 -0.0602107122107431 -0.0113856320861061 -0.0733945753978507
0.0722277553404589 -0.0256973016397884 -0.0801227527380265 -0.165748320491272
0.0913123116507361 0.0157628715665463 -0.0468436797420004 -0.353443293103999
0.0713718489719735 0.120924406470014 0.326265985650109 -0.436283513707495
-0.0336557014118644 0.163957834873739 0.665543417912926 -0.13607485726719
-0.127661289669984 0.0791438623395299 0.571908388303089 0.322099071204942
-0.1356385071829 -0.00741096751044212 0.245813216144318 0.159954072935554
0.0362885179611562 0.00399118161615852 -0.229119010077432 -0.160378565592501
0.0889980053417508 -0.0292269344239062 -0.532671398657449 -0.390447755904275
0.0302144260925763 -0.114982135489182 -0.711812709821142 0.0487451948534435
-0.0668784161468479 -0.118478158254593 -0.379034312791316 0.435929730755125
-0.0938620414351199 -0.0141834711583404 0.0248889564554471 0.368811848543438
-0.0640711546497755 0.0293016745188629 0.086917295060909 0.163687542344634
-0.0437083741325705 0.0463535042107344 0.0135297818689611 0.0728536278171655
-0.029556805133109 0.0487455326058591 -0.0413668588195193 0.0828951778436777
-0.0302727846043742 0.0400323819956702 -0.0828660977524798 0.0804487407742825
-0.0411544625660384 0.0258536543314565 -0.148466244269997 -0.0306700202540717
-0.0385519857618733 0.00191762615887384 -0.181862799818712 -0.205904638727631
-0.0312948982204774 -0.0189728104678468 -0.0153586524408008 -0.351255334010125
-0.00700341676487933 -0.00983754682081705 0.199402726721595 -0.330490932885353
0.0222679143121673 -0.00399544105585174 0.2594477165721 -0.169943727356814
0.0449560195777899 0.00843828876589659 0.0486798424427668 -0.192090799632428
-0.028121817591284 0.0348971873123542 -0.221373255002152 -0.195640781310408
0.0587888667624146 0.0387251662311332 -0.532261581774446 -0.428235564417498
0.0469938089542653 -0.0561737139954213 -0.719203536436475 0.0125631943779951
-0.0220463121110581 -0.0947585086277362 -0.398548672160973 0.396902291520599
-0.0593340556934315 -0.0266844285812549 -0.00746702096577302 0.350434639521485
-0.0401879150523666 0.00286907278014199 0.0571503713867906 0.166423991443997
-0.0267851678911988 0.00597099202697461 -0.00406076323220468 0.0848159709496471
-0.0131875262312324 0.01006231066907 -0.0503387816443827 0.0890558030686921
-0.00508867409088756 0.0102917738310028 -0.0862146692024666 0.0885504926714836
-0.00144245240471323 0.0233167657908417 -0.15312892499144 -0.0202797614266652
-0.0043747820791037 0.0301198929409969 -0.193322688902809 -0.191853914700752
-0.0322344521401131 0.0388123459573085 -0.0368563342892631 -0.352048914271517
-0.0495677516083675 0.0199977952988109 0.180475924095818 -0.350774566510102
-0.0248287457408608 -0.0191532799857337 0.260002551161497 -0.172091686718082
-0.0021669830863508 -0.018212318166078 0.0359426389339411 -0.175163552512506
-0.0701462990609348 0.0389324828953937 -0.204615248168101 -0.214002141426418
0.0339663585692834 0.056604574868075 -0.549792034723331 -0.413390627203173
0.0317239480945887 -0.0205479765685625 -0.694325410411475 0.0453633493195087
-0.00722481841342039 -0.0520540080876797 -0.361333960794332 0.383144574215716
-0.0208261927108596 -0.013251834422591 -0.00761800387531902 0.319782620939864
-0.00380552944572892 -0.0128393307137953 0.0400873999138263 0.15133544882281
-0.000129263288181536 -0.0316381078320219 -0.0152873206278233 0.0814600253642293
0.00634270895683696 -0.0273494178433371 -0.0509052947538307 0.0807347411884787
0.016577802942249 -0.0211155434516507 -0.0779022723471859 0.0817433954430257
0.0291281616667374 0.0163153730881901 -0.146024702971673 -0.0188839641195743
0.0185529146684934 0.0450434599423598 -0.195607368137077 -0.180340046746492
-0.0283763574904914 0.0749562322634082 -0.0493056316440658 -0.359450658781993
-0.0680794471161057 0.043357440097448 0.186649918198791 -0.377688600030022
-0.0556980885402977 -0.0138362003091556 0.303705623984344 -0.160554331816014
-0.0525748583945729 -0.0267821223089652 0.0490549758863529 -0.129603283859719
-0.0898523836511939 0.0134514221748389 -0.187409652819609 -0.197042683286004
0.00502565421146755 0.0224289986798239 -0.556904938468346 -0.325851573410285
-0.0171594832015596 -0.00866260535927316 -0.625394225154419 0.118992735877218
-0.0202910356115855 0.00631444850247617 -0.28763050447417 0.377137726079539
0.0177287688965021 0.0211749995676847 0.00964908148747295 0.288588947731731
0.0379243632233801 -0.0168640146706151 0.0380563236841891 0.131153141625466
0.0320753979075674 -0.05922546004054 -0.0152130523123077 0.0658071819158724
0.0260128896556782 -0.0587098539465019 -0.0424402451847165 0.0575175473074885
0.0306992052413482 -0.0500752333114554 -0.0650914502551275 0.0622764312792099
0.0448897815607296 0.00302643757810313 -0.13546778121714 -0.0257107279030505
0.0294688656942579 0.0407066519204466 -0.197759324245122 -0.178579515023618
-0.0141377681819336 0.077393394870057 -0.0486514625206896 -0.382340171333507
-0.0514752604398565 0.0579883619351178 0.22807575312965 -0.411165461569761
-0.0639027361607482 0.0154579545639003 0.385695589890933 -0.127859073813634
-0.101158005060731 -0.0130426604422368 0.0839544638872824 -0.0673090102626718
-0.101944867533431 -0.0252074991018152 -0.168631898070708 -0.136769768315457
-0.0418080093954962 -0.0249499296177575 -0.525351608494511 -0.193965228084667
-0.0789585319694617 0.00954084690591682 -0.515146562866809 0.187661519238092
-0.0325988176072953 0.0726551150491256 -0.208751344552143 0.363321999679602
0.0551067458177482 0.0581592725934464 0.03475463933547 0.267440449164191
0.0755818072378958 -0.0140796849695303 0.0518512607827451 0.112927818300839
0.060072994929947 -0.0746047357985738 -0.00198553325556785 0.0402036508067158
0.0409722032549329 -0.0806905514764471 -0.0266294403134764 0.0232590215727009
0.0384885405052941 -0.0740825742004186 -0.0526475427647115 0.0336768077182094
0.0501653121667459 -0.018280777194873 -0.130608503075998 -0.0427598601941733
0.0390380028144613 0.0154968021680221 -0.199613204658201 -0.200388803033422
0.0234801633477604 0.0601914966014913 -0.0181411714401192 -0.427618243794645
-0.00599862041735108 0.0819162445291179 0.316133264769883 -0.431219981990559
-0.0642052309096744 0.0674335125734888 0.484260716868202 -0.0617061519804972
-0.144294055956736 0.013555329883214 0.131667534305217 0.000392290822418644
-0.110507645285178 -0.0511463854862897 -0.138703565063981 -0.0496505002363763
-0.0839042268079028 -0.0440354849142964 -0.450805302815948 -0.0620199598579674
-0.114566119653521 0.0399192119223763 -0.404735080099717 0.227804247251038
-0.0234439959100677 0.120838920536345 -0.143921497186824 0.351515993517932
0.0853608492181369 0.0770958650495831 0.0659251826644714 0.25971989184427
0.0973730979272062 -0.01099624627166 0.0800559972839605 0.0960388260989875
0.0758005070163104 -0.0782918198498063 0.0232186592401653 0.00674484023691514
0.049986958452206 -0.0898092129767565 -0.0070045803741742 -0.0166434901213798
0.0430758369239661 -0.0873754622817308 -0.0429697737243544 -0.00190275005200904
0.054463335682887 -0.0388908977527146 -0.129012245237483 -0.0753787433636578
0.0587976703012396 -0.0110543012941527 -0.186691860045743 -0.250844194614546
0.0745815800641558 0.0567748086681734 0.0594100690195061 -0.478694713323246
0.0322141690620278 0.126989148263742 0.44717827225025 -0.402119994489363
-0.0786991863637567 0.120137732306816 0.570198303520877 0.046659317423901
-0.174495996912947 0.0350231461702735 0.181761161733329 0.0629547604634414
-0.108805238218204 -0.0505312128572633 -0.096016219588602 0.0364818076195549
-0.093696733067111 -0.028630618097549 -0.359077019666285 0.0350959408755958
-0.103565869536136 0.0637760894051734 -0.316974165292834 0.251607471366604
0.00174599998836255 0.126021997284326 -0.0935239836941073 0.350153306813754
0.094253588743903 0.0703208068981917 0.104439912586235 0.254989816847129
0.0948583275369125 -0.00982062767635224 0.116148567638407 0.0762831431364612
0.0737762063516247 -0.0705458942236381 0.0537728595977527 -0.0306956118943677
0.051022466271269 -0.0842331085716814 0.0147852700511611 -0.0564483377143783
0.0473457759021021 -0.085452910003344 -0.0338935173654437 -0.0395872667193329
0.0629684915009018 -0.0465894222929861 -0.119614341014039 -0.119263356729685
0.0842652962977105 -0.0152251451375427 -0.143160998664537 -0.31238538399675
0.104537971278353 0.0841232482748357 0.179347054022406 -0.496304027486831
0.0265419332762353 0.170589330281211 0.579190383730336 -0.310417127172473
-0.109121517635268 0.133880082250782 0.608047958423998 0.177194602966726
-0.17808376881624 0.0325969013254972 0.226972298369602 0.110661513166919
-0.0883959916312839 -0.0290278117724345 -0.0522614080811321 0.0988575110403715
-0.0638748559046421 0.000752968371081627 -0.283403930048193 0.0910943053213833
-0.0585289218628655 0.063448260953875 -0.255737302536708 0.270646617703109
0.0232202900414156 0.0883218978731247 -0.0502685933089568 0.355362146946984
0.0753450336903692 0.04514040777222 0.142963691848393 0.244632557416629
0.069524395592523 -0.00816439531560304 0.15027372814016 0.0520713657933937
0.0568243002988804 -0.0534823696140777 0.0821478352541183 -0.0655105312193486
0.0453159166364933 -0.0632267841519543 0.0352845768264542 -0.0882382641946581
0.0490029716262966 -0.0653110881369029 -0.020239186324586 -0.0738123673690415
0.0693892507060085 -0.0333183915944366 -0.0961982302313112 -0.161473107351121
0.0936075999646693 0.00649643074712754 -0.0743443474705329 -0.352909217709759
0.085115608250195 0.115431584312046 0.298822301325418 -0.462921233657907
-0.0188136941175125 0.169639212205401 0.663055863927019 -0.177133135162451
-0.12505857598563 0.0899389598445806 0.59825328260821 0.293733759912563
-0.141498290080641 0.00433736796151259 0.260810545663613 0.144021546849992
0.0327746581840661 0.00184781682852322 -0.234153557406402 -0.138990308257425
0.0837841467958777 -0.0341310047369712 -0.539377566338115 -0.352843958497643
0.022681374532037 -0.113994805371403 -0.692631036955345 0.0835382444939475
-0.074442051759033 -0.111805541685469 -0.345904518388996 0.446544726357324
-0.093856408451991 -0.0082522817889183 0.0480327274911595 0.357698719265377
-0.0602319997940609 0.0324888995621399 0.098020333190794 0.154688879957049
-0.0389766268400006 0.0486349980312765 0.0212631140989321 0.0708007920433364
-0.024289074613888 0.0501967839841487 -0.0310128246645192 0.0834687483102302
-0.0258920935207672 0.0420000179916779 -0.0687020551303325 0.0816898460609278
-0.0385405598677755 0.029128868623668 -0.139968507207348 -0.0203568172464567
-0.0383138152648801 0.00486196527374889 -0.183984629470021 -0.184367988817061
-0.0334344799052287 -0.0157435919120518 -0.0326705755268129 -0.333796088277687
-0.00823236566569169 -0.00959084048012672 0.172228455570665 -0.325562190159037
0.0211851771157459 -0.00787593200817725 0.23746167446702 -0.17417925167377
0.0439230740528242 0.00294645659380478 0.0271790190526679 -0.18599400222691
-0.029607997558035 0.0381291446505564 -0.228767563098852 -0.174391382617171
0.0586863109277189 0.0365116512638072 -0.540124215864771 -0.387900635868965
0.0458863220050807 -0.0556879608425023 -0.701139367925522 0.0491332591302143
-0.0250748391885042 -0.0937724407263315 -0.365262726960633 0.408829270067016
-0.0607440815498155 -0.0252606551402632 0.0153523924947388 0.34124099131247
-0.0410615464100912 0.00350041183783417 0.0690658185317796 0.158867802937557
-0.0273270940036928 0.00810633506533262 0.0045216400353259 0.0829853539821483
-0.0139838477651026 0.0114438715053398 -0.0397084713652517 0.090705587957732
-0.00561885952237493 0.0118416141202649 -0.0716823102359136 0.0895662076694403
-0.00114203244508182 0.024011118317706 -0.143707277699678 -0.0103832285496348
-0.00459491897869974 0.0289209347986065 -0.193546106257979 -0.170371288258552
-0.0309630181393869 0.0387933718902873 -0.0549081411730981 -0.333082448737215
-0.0458726729912605 0.0213394703903639 0.152500215337701 -0.344165484181513
-0.0253518119425615 -0.0181562806824349 0.239178521318992 -0.176968510490352
-0.00426669146570417 -0.0175334751139014 0.0165764508341335 -0.16869237746277
-0.0717011329312463 0.0474523469980365 -0.213417060543538 -0.194509108193596
0.0363431636551792 0.0586396515121284 -0.554971366896619 -0.371384263776556
0.0362609713144492 -0.02018778217029 -0.675367202689882 0.080521676349115
-0.00555275162165968 -0.0553182691416641 -0.329257741568311 0.392972167178112
-0.0221928110169039 -0.0169554342375321 0.0122386949711564 0.309545553856748
-0.00777889104595348 -0.015365983027973 0.0503385244477208 0.14497772772581
-0.00599973713292895 -0.0303891923195954 -0.00777767428551173 0.0807173176535027
0.000821144823016754 -0.0264109481055057 -0.0418770153639896 0.0822704843196211
0.0118237746789051 -0.0194621994516104 -0.0645602831097627 0.0819294477780912
0.0270665475286102 0.0149523983969858 -0.13666515370819 -0.00923113150562334
0.0182006174790544 0.0419840072644127 -0.195648222125788 -0.159503950937419
-0.0242727082005157 0.0709084295501342 -0.0674177803154736 -0.339341884977162
-0.0604993857298701 0.0439848975656205 0.156487380088077 -0.370748889969337
-0.0538438757974784 -0.0102209565198827 0.283693011378758 -0.167991613292143
-0.0548582132944724 -0.0195631920303511 0.0335252557218098 -0.125575727508583
-0.0931874336748652 0.0251805722216515 -0.195490764302876 -0.179889350422699
0.0067274102523509 0.0280432391035257 -0.559050197924624 -0.286914787583658
-0.00935862347814006 -0.00544657739025874 -0.600878284991767 0.150201535284651
-0.0141304612845927 0.00102888167435393 -0.257753504011546 0.380366435771036
0.0165895725048159 0.0127656378350091 0.0271897166515577 0.276269086079175
0.0321974491545175 -0.0218198445636613 0.045523559300101 0.124752632825575
0.0218851266580232 -0.0593150480492961 -0.0106797093320662 0.0656519917489089
0.0163221955431592 -0.0581232549683418 -0.0367353008668231 0.0597237959215809
0.0223573321730905 -0.0490174662981032 -0.0546996232995753 0.0623313253507329
0.0397884048123848 0.000555577679761891 -0.128602462571693 -0.0154822526094039
0.0271684097851942 0.0358056442804214 -0.197949562318519 -0.157549585449197
-0.00904600352015304 0.070157148029417 -0.07016606300251 -0.361789484888357
-0.04136559290868 0.0568495465631009 0.193738302925353 -0.406625352049383
-0.0590042772064661 0.0205043454298698 0.365930778749162 -0.142686200106774
-0.101978119606169 -0.00131798895424659 0.072298108499371 -0.0673160785685558
-0.107252802931765 -0.0107749718134656 -0.171807453330505 -0.12321838707105
-0.0406307418070742 -0.0152632438245127 -0.518791064245612 -0.159942491270464
-0.0679482708605747 0.014613048290865 -0.488349429189296 0.208847717266919
-0.022433471247767 0.0655857471427729 -0.180809839528303 0.360982663391774
0.0561858935605492 0.0462765244755297 0.0486265623593034 0.253418353695231
0.0694152268380108 -0.0211600706179995 0.0560483301048254 0.105593781489621
0.0483328115179742 -0.0766905595294611 -0.00177208257064814 0.0401501367204497
0.0292265145967107 -0.0808181167801959 -0.0257333385179835 0.0254105630169511
0.02692988592481 -0.0736056527659672 -0.0465097198560634 0.0347728282910098
0.0428717678208129 -0.0212929357853002 -0.127458992911309 -0.0322636966516505
0.0347341627329247 0.00844964485026889 -0.203687492326495 -0.177660631685713
0.0286735641125669 0.049665736155918 -0.0458799106342071 -0.408945204361219
0.00624060126278596 0.0781848027021385 0.279605798039955 -0.432546878092895
-0.0561962697327594 0.0735353438080601 0.467313648580735 -0.0849842689925473
-0.143735277566109 0.0286151348831808 0.12501031789243 -0.00473599084288976
-0.116601136738309 -0.0353910691780762 -0.135507077425785 -0.0417092973444007
-0.0827972706804744 -0.0319819556846982 -0.437945162771332 -0.0362059132012395
-0.1022348448549 0.0460236132050417 -0.377639821617482 0.24150705974802
-0.0112785766460332 0.112563512273631 -0.120316866145676 0.342765915358133
0.086852744535927 0.0637622010105232 0.0766070654025886 0.243149364850636
0.0920570734053544 -0.0190726712693894 0.0799245329342451 0.0879928419766455
0.0636031158877136 -0.0811185464809468 0.0180238350623479 0.00598251857447824
0.0370552122105495 -0.090344103532948 -0.011021840785754 -0.0150435128351101
0.0304738682240569 -0.0871946265685339 -0.0416619127131227 0.00031112165655546
0.0457804612473561 -0.0427304571341606 -0.130117865538755 -0.0634727803995907
0.053215290631998 -0.019791682276913 -0.196701817787157 -0.228119419508572
0.0800901988823886 0.0436797041932835 0.0272799556082249 -0.465378292546768
0.0476555818696743 0.121270507280683 0.409686737440256 -0.416673243490468
-0.0677054743734803 0.126855557328282 0.556884814088655 0.0161434689362611
-0.172188199778572 0.0511093520703973 0.179712231037963 0.0513408536396993
-0.113756736097562 -0.0354322085318373 -0.0870928103150307 0.0384988297525366
-0.0917631893875179 -0.0179691490675427 -0.342604801738935 0.0509983719769736
-0.0912248660957111 0.0689471597470417 -0.290758126611662 0.255246777222344
0.0126494818842352 0.117577922576506 -0.0721338875974344 0.337834796507207
0.0954833349516418 0.0579801348108366 0.112447339267472 0.23710744354707
0.0905792886370662 -0.0171374002117542 0.112493789515869 0.0660222077322243
0.063848277366937 -0.0735496286039537 0.0442218753514387 -0.032674027655316
0.0398915157855265 -0.0852013610916213 0.00555660626532799 -0.054969992745065
0.0356836119727692 -0.0864307562377824 -0.036665357123814 -0.0367051307933928
0.0550522407350408 -0.0514680736934601 -0.12604667134934 -0.107401744149698
0.079531476039186 -0.0256333780917699 -0.159867278670269 -0.292487229456427
0.11272036825204 0.0702842733756662 0.142733602199801 -0.492045635825143
0.0431141455821898 0.165720744998825 0.546395187988899 -0.331575522890765
-0.0987275089244803 0.142462771220893 0.604416416344588 0.140672330866304
-0.175452310167809 0.0483037159077325 0.228128833440476 0.0938055059483392
-0.0922157338944535 -0.0171750826217928 -0.0394874574674686 0.0954198424518499
-0.0618285635611422 0.00751153366994367 -0.265509781565051 0.0998162431413897
-0.0494094279287535 0.0659251140397293 -0.23215159329816 0.270252001756633
0.0306276677425802 0.0813460389020646 -0.0309872004816733 0.341770008436393
0.0766051559621382 0.0357990501258987 0.148631920613646 0.225406381855528
0.0670061750007168 -0.0136523127673913 0.142652471689956 0.0412763985279397
0.0503036591889143 -0.0552270639962812 0.0681983005951194 -0.0679095773636016
0.0375391833255712 -0.0649275003422921 0.0219900105435237 -0.0871499519662942
0.0410573245798068 -0.0671904792107795 -0.0275737700535456 -0.0710140085881621
0.0640477065932468 -0.0385702347292786 -0.106796343172179 -0.149528936721745
0.0916770704892143 -0.00323090346100794 -0.0958076725456646 -0.337510630804497
0.0941757407922082 0.105310196972408 0.262244990694386 -0.467588101939727
-0.0042386520911432 0.168122749768618 0.636595990702998 -0.209587037233009
-0.118265451826586 0.0970833671595827 0.600196250052732 0.257398771306763
-0.141128179755883 0.0161589981583016 0.264009914759851 0.122987446910161
0.0231062819404192 -0.000987234658363626 -0.243436202343915 -0.0867128232561893
0.0638196376305049 -0.0371002699703209 -0.568433089498804 -0.25235173544393
0.00183161816918068 -0.0969541642875199 -0.645083933087571 0.181441117590625
-0.0801745911646412 -0.0822352985306336 -0.26282312492888 0.472436339956749
-0.0817693641480454 0.00627228215366134 0.0988428814123305 0.332504544363073
-0.050895375491806 0.0369975993362515 0.118961648413731 0.134410665476802
-0.0279866318737318 0.051729501478377 0.0317239429464649 0.066658523219207
-0.0150567662003499 0.0511134772078289 -0.0129833030642746 0.0845875229009209
-0.0168991331975093 0.0451795065327796 -0.0469265563373898 0.0853378878645847
-0.0331052646915901 0.0348749157994604 -0.132145820498817 0.00192465102087732
-0.0390306721455466 0.0095238255935331 -0.199426268314038 -0.141919058153308
-0.0359758392905364 -0.013514609714758 -0.0803661430770206 -0.3042894922879
-0.00742346569717673 -0.010753405613944 0.108945455915231 -0.330172780953485
0.0219124772765713 -0.0144162653973148 0.19027758825456 -0.197302063518333
0.0409955081076268 -0.00805066280607968 -0.00878829091984565 -0.173877416570494
-0.0326066997490562 0.0434490616802714 -0.248367963982837 -0.120204449417791
0.0505267980850642 0.0363633749268056 -0.578463117301814 -0.283334999595509
0.0340299720834561 -0.0458455235213206 -0.659205897356511 0.15397510948121
-0.0304938324546653 -0.0759370518728094 -0.28344422013001 0.442763203183437
-0.0554946234677947 -0.0165299453133539 0.0674807490899531 0.32099205026196
-0.0382214004569822 0.00641870114854267 0.0922365239617011 0.141666029953961
-0.0258052094644294 0.0125907040825828 0.0184413044615316 0.0796606351118659
-0.0119651770805783 0.0137704917688454 -0.0207734613550937 0.0927324966705776
-0.00357737963594075 0.0144240396840185 -0.0481749450675344 0.093918696056475
0.00054018329218308 0.0247837865864918 -0.133678612159819 0.0128440445069191
-0.00536937183684958 0.0281802146919823 -0.206095148410287 -0.127051823089482
-0.0261958901154597 0.0357980653447568 -0.101105025059305 -0.302108034047013
-0.0384781748187911 0.0212750949715989 0.0871323802246148 -0.344494886612623
-0.0226096987258355 -0.0165329150127361 0.193316497667921 -0.201069505708763
-0.00820308513542044 -0.0179388517057183 -0.0159681445691473 -0.155908929186371
-0.0720938460768302 0.0593588422826304 -0.239280948581285 -0.142247357192136
0.0341355848654042 0.0622728896131073 -0.591813353784977 -0.261755326346031
0.0334590157902019 -0.0108449602646827 -0.629652714080856 0.183909714227737
-0.00497637548753653 -0.0465902481452301 -0.251111894421217 0.423651589183304
-0.0196603168881381 -0.0162204484997352 0.0625852725109475 0.290485630936941
-0.0113264808650676 -0.0160204523730884 0.0721223250876503 0.129906407120621
-0.0128140798004614 -0.0263202633220644 0.00629317190663402 0.0780037230502567
-0.00511754535798031 -0.0229935275764952 -0.0242039045900554 0.0860733194713435
0.00666793368799542 -0.0178701515500906 -0.0436891961727992 0.0866832040552513
0.0248392246107145 0.0127414214680118 -0.127844634295627 0.0140761648945419
0.0167215627858943 0.0370073574076733 -0.206596013455036 -0.116224972535376
-0.0155312280264042 0.0634952937925694 -0.115624548782194 -0.30661935290723
-0.0472606654721468 0.0430098283371958 0.0860313249425756 -0.37131409338365
-0.0464132403030135 -0.00313161734146544 0.237227283214778 -0.201139135832984
-0.0568748381023588 -0.0101687369948627 0.00748048882818315 -0.119098010109576
-0.0941547953664347 0.0429870107921658 -0.220095841880573 -0.133863637857803
0.00449717663234783 0.0397256528448886 -0.581821189073812 -0.18166172443877
-0.00339565316435005 0.00749282644561049 -0.548914563573594 0.237781342277832
-0.00339921624772788 0.00340774378066474 -0.187111309289758 0.402161788839681
0.0202773637261105 0.00455908674882623 0.0723137303532799 0.257259654744981
0.0249687042520063 -0.0280406765816597 0.0643270739428665 0.110933559209722
0.0078315956795063 -0.0577138364016021 0.00154203437122866 0.0637021342296607
0.00376621820226159 -0.0550308817160175 -0.0236275851365527 0.0636522579183957
0.0104055324791822 -0.0463379362067469 -0.038079558812752 0.0679683178793367
0.0343538794067 -0.00382899445293059 -0.122068359352239 0.00776455052364311
0.0234721103911965 0.0286431048892547 -0.210045039387896 -0.112989950539061
-0.000694325563809862 0.057995170787678 -0.123486662790196 -0.327648920748412
-0.0251346322453037 0.0517204826627934 0.115762823519608 -0.412942713036271
-0.044726252603055 0.0289912045103933 0.320511062953442 -0.192971577595385
-0.098903311473769 0.0162136605012114 0.054793157001397 -0.0713372745234639
-0.110958646108055 0.012464728474451 -0.187505681037189 -0.0881771414186216
-0.0432784885401129 0.0058279875740802 -0.523444470920513 -0.0694410690994887
-0.0535703798350034 0.031829072748548 -0.43677768223412 0.274470207935745
-0.00208788557763889 0.0621671347718679 -0.120699175766225 0.371009384056063
0.0608945938941604 0.0299254595054992 0.0897057280636286 0.232345381099536
0.0601567436283206 -0.0327363243311434 0.0710614116821169 0.0914052303359877
0.0294584615288371 -0.0778450232309216 0.00617330789814567 0.0379932348012837
0.0120649244660326 -0.0784764773109134 -0.0201594168234994 0.0297734656144523
0.0106423977840427 -0.0707789468719714 -0.0361459264138204 0.0409786890934585
0.0320371215771705 -0.0260486381150465 -0.124895628874997 -0.00701159964213755
0.0267845318223479 0.00016600788948769 -0.220218564289893 -0.131185695715426
0.0340232712043774 0.0306629475644957 -0.110547751697834 -0.376623808220367
0.0250757451240898 0.0663163914369898 0.192198045538897 -0.452792873353548
-0.0330027007710473 0.0811944408502927 0.426094852059116 -0.15687261988701
-0.134623247828796 0.0516095099922462 0.114864091907495 -0.0213915997786268
-0.119772163145224 -0.00842729472676125 -0.138721567526804 -0.0191907369022331
-0.0818504821791392 -0.00551969830700978 -0.424477431131075 0.0343777518066131
-0.0804558345728517 0.063529713863274 -0.327538173527807 0.28724407405588
0.014643205999937 0.10398362665902 -0.0663008465811984 0.347962390053848
0.0926500464566372 0.0421639203936894 0.115517204953018 0.219725951895346
0.0823933154391882 -0.0333962726743616 0.0910082990479878 0.0708433945637205
0.0440182896467202 -0.0846351378361261 0.019056678903811 0.00280907652152933
0.018433136867652 -0.0892855823341287 -0.0145735531650161 -0.0109758588843835
0.0115132709037817 -0.0851033975189587 -0.0391124246177863 0.00806240810699373
0.0318016270022409 -0.047966101016615 -0.134266123061341 -0.0352239799914518
0.0412948198785018 -0.0305871316000792 -0.224998296400626 -0.180228887151938
0.0861179396383746 0.016625474266987 -0.0529591900845856 -0.44309044529795
0.0708347436697572 0.103529687740291 0.320423969923071 -0.457870948751878
-0.0368126312507577 0.13589249047449 0.529526146567374 -0.076771713076375
-0.158959370382026 0.0780096037164804 0.176393434197265 0.0217151325217869
-0.11465685320353 -0.0095874506919161 -0.0775967065566256 0.0466042112344568
-0.0867564917584237 0.00598359381325061 -0.318684970378836 0.101605170796802
-0.068471185259095 0.0818952892809641 -0.243018275700689 0.287611300379706
0.0366843556345557 0.105350144964419 -0.0218625087581462 0.336688774695274
0.100522714317525 0.0359856242317041 0.147220963408662 0.209660676446718
0.0828035850534589 -0.0316975580474736 0.117185088209562 0.0462435315056951
0.045749777920029 -0.0777299901546679 0.0361847541216545 -0.0377695567453066
0.0218265662639225 -0.085134963666411 -0.00690640132566078 -0.0512799271685236
0.0170889647195623 -0.0861533037876062 -0.042309026314323 -0.0276528812918077
0.0402435822918271 -0.0581510441135775 -0.139497791741388 -0.0774571133217143
0.0670198772586916 -0.0391616404207453 -0.202909306669331 -0.248706617789584
0.122881659944376 0.0394507294070191 0.0527632729810809 -0.489967155209535
0.0721354127563712 0.148695653985303 0.464120793872795 -0.400912375812583
-0.0652100280727527 0.156622827657877 0.594885045950806 0.0342412891053152
-0.162321086418111 0.0745709110406785 0.230304513424397 0.0532531616402077
-0.0901967710743016 0.00316042615659253 -0.0202651879707283 0.0910413471124958
-0.0551576652319951 0.0227504016880381 -0.235270881040111 0.133800635572794
-0.0308724231938815 0.0729860856765813 -0.182018444368873 0.291267589519198
0.04854972203345 0.0701042137200213 0.0200123716815739 0.33196618841911
0.0805569445795336 0.017347532401069 0.177846003225235 0.191327099863183
0.0617418533955338 -0.0252957360783118 0.140117465635429 0.0176063956264698
0.0363438726919812 -0.0592760087040471 0.0516140350919748 -0.074723442899209
0.0243223341119659 -0.0664427447165231 0.00264103563456437 -0.0847862730154677
0.0260984954857486 -0.0696359514294834 -0.0408030634154394 -0.0618651392379826
0.0524772244583964 -0.0475210250063873 -0.130139489061384 -0.121672441143159
0.0833505273173531 -0.0189948151179424 -0.149744454398487 -0.303742271087554
0.111911879651805 0.078768967095067 0.170399700808029 -0.487541736130972
0.0258818947186595 0.158445122065953 0.568713573905984 -0.298730237705521
-0.0919706128275712 0.116271033020157 0.610634210127633 0.143356452130142
-0.131184734115484 0.0373157005246272 0.268968817366768 0.0752364949881618
0.0198142601410497 0.000126514781527261 -0.236467077917944 -0.0827671235142944
0.0620425417156507 -0.035410515566155 -0.547321137581902 -0.257075323303154
0.00258619159110226 -0.09416686086131 -0.633882928631549 0.164516687910056
-0.0796588608849729 -0.0811455557095213 -0.262836626647767 0.455692441320176
-0.0812029576174959 0.00646205989173637 0.093976561952282 0.324465419304204
-0.0502989725450026 0.035371832484981 0.11801987346821 0.131626329333101
-0.0271100001500824 0.0506656955836417 0.0336684172270676 0.0654602796461248
-0.0136731477639864 0.0498470243071198 -0.00916336175279386 0.0826300248560564
-0.0158581342250112 0.0441404546031957 -0.040581351481174 0.0798048599641491
-0.032019536874456 0.0354260655082465 -0.12211018127895 -0.000602239919227342
-0.0388649785376016 0.0103048628715629 -0.185523323180679 -0.137002384799761
-0.0367943515364502 -0.0125508355064342 -0.0696281969731125 -0.292022349716993
-0.0080056439693173 -0.0113874969308267 0.110013016541736 -0.311878030965768
0.0199464934390098 -0.0159970671502916 0.184305180908924 -0.182471636531088
0.0388632997402942 -0.00940764853545626 -0.01415053544762 -0.163303170404591
-0.0357606332360054 0.0458843205252646 -0.241759063596656 -0.115527034289769
0.0484940850344483 0.0386933398281668 -0.55899567170526 -0.284610102937985
0.036709590568697 -0.0436020128044653 -0.646541293490988 0.139366126636999
-0.0281713929276737 -0.0774699800255529 -0.283092612687963 0.428070514080102
-0.055941732130219 -0.0185463207177604 0.0642963336078456 0.312117236832182
-0.0401410501242367 0.00479771322397654 0.0917930172099715 0.138482686310452
-0.0269008841511743 0.0124521158124017 0.0204271393008797 0.0780181906211275
-0.0127277475030168 0.0145175912003521 -0.0160948726830468 0.0910882703172757
-0.00421856246233771 0.0147555469498435 -0.0418700207319872 0.0886360217101037
-0.000475201738243838 0.0257422010050987 -0.12421544322912 0.0108019128426067
-0.00770886725624459 0.0281771479396444 -0.192752666095361 -0.123499858736554
-0.0277561337082315 0.033977732359037 -0.0899568220320063 -0.288961941075608
-0.0364502355260813 0.0189041107263417 0.0887358977017094 -0.327192805053094
-0.0221709194827209 -0.0176882800249144 0.188026231491758 -0.186707479407503
-0.00883847646740307 -0.0170081787669453 -0.0206263971671436 -0.145941481042338
-0.0750052045154381 0.0636277278631658 -0.232765931592585 -0.13774561370815
0.0340368715493259 0.0667265465778576 -0.571617500526601 -0.265279154461615
0.0389699919236023 -0.00935658369949102 -0.616993769260754 0.169368607053701
-0.00152965566726629 -0.0518074998466201 -0.250239484179463 0.408847361103859
-0.0217961219069128 -0.0205789506570551 0.0592231060823715 0.281576234906276
-0.014714214187034 -0.0177897174884931 0.0709370843578422 0.126313663648378
-0.0158454314548053 -0.0245974976503177 0.00759289717500015 0.076279444429743
-0.00781885279589593 -0.0212768580674523 -0.0207374909547409 0.0840650225058257
0.00420982807544523 -0.0150871861151379 -0.0380459678788041 0.0812291282979558
0.0220446411813132 0.0138628673624943 -0.118466254498472 0.0114704505827863
0.0127579397614281 0.0359227945821465 -0.193242366619563 -0.11242136725203
-0.0181427804235151 0.0584367507271097 -0.105522828915696 -0.293112372079679
-0.0439303826215036 0.0389046115733093 0.0872750675301703 -0.353435962150118
-0.0445047191621608 -0.00338737912578687 0.232403841630073 -0.187544534525862
-0.056560881116512 -0.00734918996125785 0.0030401012659104 -0.109882491207243
-0.0968953280278081 0.0493785896212672 -0.21346447151788 -0.130941159142519
0.00609275151142086 0.0456402413444828 -0.56217635071292 -0.184619609204623
0.00453813192348808 0.00748691840804648 -0.538121795435384 0.223867285709097
-0.000234722560617868 -0.00453877808186338 -0.185220722324403 0.386429903982557
0.0163318557146923 -0.00131080496231676 0.0686793936150859 0.246835052266802
0.0199662098041271 -0.0294176504909651 0.0619850817022093 0.107507450498694
0.00341236422697938 -0.0554190957186893 0.00117294455350962 0.0625939949405056
-0.000334993480219179 -0.0518518850108775 -0.0214702544243643 0.0631921450122972
0.00704361999497737 -0.0429283027157273 -0.0338374498277238 0.0629408205339451
0.0298261740257563 -0.00263069275599405 -0.114082486572421 0.00643055297303672
0.0183984963256747 0.0267299656217745 -0.197003952886937 -0.109168676356925
-0.00274661804024592 0.0507318119919985 -0.114027972049771 -0.31407753894912
-0.0203196414712354 0.0468404910937688 0.116069610162838 -0.393720311816949
-0.0418644956563842 0.0293723326861035 0.313349752454226 -0.17895481608587
-0.0986231350559149 0.0201724078742055 0.0496508822707289 -0.0639598289234
-0.112207804787373 0.020052342592626 -0.181299583221069 -0.0871281390564128
-0.0393009635139613 0.0121032092398583 -0.505750700584795 -0.0743525727754649
-0.0447578476107415 0.0299332896629629 -0.426846213612221 0.260158329789757
-3.37602217565514E-05 0.0530992442869828 -0.121606177208851 0.356005644562138
0.0561694834455488 0.0236606314808976 0.0832379074437048 0.222531619027463
0.0548535743188265 -0.0332783562946418 0.0668867722359699 0.0884243963087893
0.0244888586016211 -0.0749488844786424 0.00413453109741738 0.037714150748133
0.00723219313279855 -0.0744215843718493 -0.0200116174770715 0.0304057475778926
0.00569445792374377 -0.0665156094531615 -0.0333755764999977 0.0376545891135406
0.0273289537032476 -0.0248117570492853 -0.118029543088021 -0.00615634525558791
0.0204980197851336 -0.00296073338094644 -0.208733574279271 -0.125142216780262
0.0320858621437521 0.0227628129311519 -0.101749368726714 -0.361389831501261
0.0302567647096596 0.061450990881914 0.191218076673002 -0.433383984042505
-0.0300467621617529 0.082498938376452 0.417393295540223 -0.145071601557929
-0.134626597768734 0.0562479038533318 0.109783536147464 -0.0160310771911739
-0.120586529085582 -0.000238086748073773 -0.132497921573216 -0.0213397841929649
-0.0769898217575402 -0.0011783950531902 -0.410636839457964 0.0257225833935014
-0.0727289242243441 0.060113164462439 -0.319969277059101 0.271182700571908
0.0152553898299496 0.0946739466416865 -0.0698863732475759 0.332209026519492
0.0869212512746894 0.0364934876072128 0.107390575724061 0.2102781072406
0.0775062562050548 -0.0341340091785871 0.084364042782096 0.0699300983434936
0.038988615929062 -0.0812620877094067 0.0147142160181114 0.00442223994549494
0.013132093249425 -0.084889080681661 -0.0163608200535855 -0.00860322168793944
0.00590272172902097 -0.0810119871451602 -0.037677549205292 0.00732502306263637
0.0267957138775929 -0.0471252750993059 -0.128933144643226 -0.0332541640543017
0.0361059699958492 -0.0340103769538677 -0.215640419823658 -0.173371991848724
0.0856074088680975 0.00906146885865933 -0.0464216901842066 -0.428257732594357
0.0759076090813861 0.099802409886414 0.316331305298747 -0.43866723498548
-0.0352159886743762 0.136908412048519 0.518981440691693 -0.0657568976429656
-0.158977085576922 0.080859303013478 0.170445753955299 0.0251117204128953
-0.114397292979172 -0.00226404358845389 -0.0728368377500032 0.0421381722939181
-0.0822216267206698 0.00871039330609597 -0.307236681777297 0.0900943305480134
-0.0628152861824797 0.078339670838641 -0.239686778139178 0.270767779400355
0.036541779518622 0.0980924642617507 -0.0280726074325353 0.320987181918649
0.0957946644743218 0.0319716732811938 0.136438385866819 0.201596391588633
0.0788650589494265 -0.0320067737727254 0.108799175004918 0.0468283081002792
0.0419366774352612 -0.0749672573685204 0.0293952186838652 -0.0337524151256264
0.0176762379765453 -0.081867566449434 -0.0103757455420167 -0.0475405284884991
0.0118673328458795 -0.0829397168631475 -0.0427446068778146 -0.027058338223926
0.035879571123388 -0.058170391695916 -0.135915684207737 -0.0747241925780514
0.0633348066592688 -0.0427084928152168 -0.195899371508162 -0.240797260902066
0.122844068101625 0.0332461294711827 0.0567133764352625 -0.474214764799002
0.07576718246422 0.145382067680909 0.457498873908937 -0.38206578596046
-0.0649253683156756 0.155708190556717 0.580833387993623 0.0454562558799068
-0.161695071580363 0.0766413692311402 0.22432986972115 0.054300424858932
-0.0896646808520873 0.00894086970827027 -0.016797908325939 0.0841771068784069
-0.0525126785291224 0.0243919151133041 -0.227948868307057 0.122012777000895
-0.0273441799593679 0.0705838052694492 -0.180591926136253 0.274101340962959
0.0477027827483835 0.0646655280644966 0.011383124040052 0.317157912859146
0.0775083103359031 0.0147677899980453 0.165281672252102 0.185617389189172
0.0593281594277914 -0.0259465498519122 0.130450557640936 0.0204415433914538
0.0339783248552728 -0.0571281612857492 0.0440469654438053 -0.0693042059444925
0.0212986589014798 -0.0644482624789682 -0.00224741552066227 -0.0800094425871415
0.0225156068875623 -0.0679157795100301 -0.0423164962365418 -0.0601783988345819
0.0492320292665278 -0.0475563443694924 -0.127303447519517 -0.117908931512787
0.0803745393291706 -0.0212812660806594 -0.145587620976295 -0.29552347368674
0.110992265944454 0.0750614487666827 0.171540759025287 -0.472160417954793
0.0277947476297486 0.155493680389502 0.560453294885934 -0.282464437460199
-0.0920025073158575 0.11400676518588 0.594517195354463 0.152477301963012
-0.130852339155121 0.0384278848857966 0.26214375750371 0.0746251421014752
0.018074838342601 0.00207469822782817 -0.236558212952111 -0.0850327138077809
0.0626053049938675 -0.0346633098407369 -0.544276738107933 -0.27997250336318
0.00495014293272306 -0.095239206158469 -0.648751817939654 0.145962541631554
-0.080637211304131 -0.0836572104249147 -0.278871866541146 0.453655105353845
-0.082976993176596 0.00483762892498651 0.0884468624623596 0.330480227612698
-0.0521250206407469 0.0347116025619247 0.119127453551811 0.135140366466706
-0.0275347442121745 0.0510251796695579 0.0361497306713365 0.0671148148751361
-0.0134563045839469 0.0498494080420212 -0.00599775922299518 0.0833965653351385
-0.0159955818659755 0.0445064158414214 -0.036984806793135 0.0773923100699878
-0.0326563090859845 0.036739128851125 -0.116851235991714 -0.00436348057479273
-0.0404312441326584 0.0105809480027935 -0.176796601805372 -0.139841552618849
-0.0392197585457055 -0.012204331532558 -0.0571985426864996 -0.290462554778817
-0.00873859821632032 -0.0120663385426907 0.118845586108171 -0.304255280668794
0.0188788445197487 -0.0181067196542834 0.187582239682049 -0.172521059542396
0.0387423623077599 -0.0111477598142316 -0.0181218517263375 -0.158828804121777
-0.0402523306529054 0.0500371206640973 -0.24139205601551 -0.118020709611211
0.0490930756558727 0.0437970135233064 -0.552962079133506 -0.306694666181048
0.0421371439569395 -0.0420667816130071 -0.65948205795679 0.121638877934164
-0.0261370596342624 -0.0827312370604947 -0.297928560667385 0.424748908702751
-0.0584714602243012 -0.0221631685213462 0.0581366363088627 0.316184570746901
-0.0432507799972723 0.00294872506495486 0.091980799121894 0.141508394252939
-0.028801237481713 0.0129724882152529 0.0219450333992679 0.0794150870077457
-0.0137173024475273 0.0153710834064938 -0.0137573689076498 0.0922809820832346
-0.00526725375707585 0.0160233323570799 -0.0384501124137761 0.0851650071415043
-0.00102948049589883 0.027357858823643 -0.119350990396378 0.00607386803059096
-0.00973868819687266 0.0286304693578565 -0.183424009978848 -0.127021896998453
-0.0311775250404662 0.0323590888931488 -0.078778037593783 -0.288389678296008
-0.0374915011489568 0.0165553719922457 0.0986201103141802 -0.319579317725466
-0.0226802111864683 -0.0197763261151726 0.191882167801728 -0.176270287125623
-0.00975893137376493 -0.0168952960430444 -0.0241369060712574 -0.140905599936676
-0.0808547353317259 0.0695661953050664 -0.232085386724458 -0.142075025292208
0.0341919887932226 0.0744247249381034 -0.569371083736757 -0.285692221892606
0.0461568033649615 -0.00807684616201866 -0.631003818806729 0.155337359695249
0.00169669779465854 -0.0582910861811675 -0.262282110192153 0.406204831522658
-0.0244293635211545 -0.0261281428043227 0.0535960637377862 0.283133633808066
-0.0185298809192243 -0.0201798634458837 0.0703510096121652 0.128226399743359
-0.0191327801394344 -0.0248996324629805 0.00802161108889614 0.0773912748849498
-0.0105105581296588 -0.0202157349936101 -0.0182575734026203 0.085467351987001
0.00205723735275405 -0.0134143084752892 -0.0347695820338892 0.0785579619146159
0.0204704542211534 0.0153705811379193 -0.114665726744687 0.00808771381577532
0.00886692146559163 0.0366579784935147 -0.18465011280083 -0.116175738553349
-0.0218709923034192 0.055852442241579 -0.0940633330366435 -0.292317596787454
-0.0433588193072155 0.0356361733054356 0.09749271691701 -0.346491091837276
-0.0436497224366059 -0.0046411914237309 0.237390780673979 -0.177160560878527
-0.058794093401477 -0.00527633436439571 -0.000114549385431492 -0.104508248006507
-0.103150468046906 0.0561962614230885 -0.212564352833086 -0.135553736945468
0.00787772359186822 0.0536752859805613 -0.56167516120434 -0.203729575339715
0.0128008698861427 0.00766511434712486 -0.550290954292372 0.208427979759621
0.00237775882681841 -0.012635711352477 -0.196748847465312 0.383802797448523
0.0127714446829013 -0.0065497122535736 0.0627380834562686 0.246805119241681
0.0166446498267552 -0.0313565492850718 0.059994373340038 0.10810408394612
0.000187339833701665 -0.0549835091660028 -0.000274234059718896 0.0636078188397975
-0.0034995285849977 -0.0507688919604722 -0.0210475821093104 0.0645347585262712
0.00358156641472227 -0.0407913996180517 -0.0312067991830586 0.0608098855548918
0.0271837916798523 -0.00118346527802083 -0.110556142249307 0.00412423291999411
0.0134234822479779 0.0258803483717348 -0.189426863322832 -0.111371694428318
-0.00637042974397794 0.0452894739081768 -0.103458634124809 -0.313283452829194
-0.0175388635474702 0.0428534672766354 0.126717392802088 -0.387703926366026
-0.0404064476347359 0.0306213135412665 0.320079536137617 -0.168969344581088
-0.102926039166889 0.0240413635331936 0.0474997446148268 -0.0581569530871724
-0.117680047264078 0.0277495823082805 -0.179500469452013 -0.092125070141824
-0.0364998653974713 0.0180389124325532 -0.506394169033021 -0.090333676040375
-0.0379264687811192 0.028426636017223 -0.436870839179196 0.247576086949103
0.000546687703055472 0.0452241544628382 -0.131411536512478 0.351223516865268
0.0526388940346051 0.0200581701116987 0.0771113405896642 0.22204229100091
0.0515600951408376 -0.0348339092076296 0.0632562669850827 0.0898169676329512
0.0214006490641941 -0.0747050338682704 0.00114096477675353 0.039562801840938
0.00347316222673976 -0.0730743217324178 -0.0204737721044368 0.0319563705634128
0.0014441351575204 -0.0645513053203681 -0.0320954470999228 0.036136731036895
0.0236573764243082 -0.0242049227158371 -0.11547701245311 -0.00792158454143607
0.0158117325344036 -0.00529459291320384 -0.203069507366547 -0.127397038102425
0.0322184799127975 0.0151682228464759 -0.0927867970085519 -0.362737648617916
0.0358106210865346 0.0589709257942299 0.203110436808476 -0.427175247869941
-0.0298999777320341 0.0863274767501406 0.426240744841431 -0.13083841785859
-0.140453446516302 0.0608680785438136 0.108767828033252 -0.0102349833467496
-0.124593068264644 0.00675612236362864 -0.130749138362003 -0.0258550382780517
-0.0743204785289638 0.00277666421322745 -0.411097833818176 0.0123760495489525
-0.0677924379471593 0.0580607177088975 -0.330264049688875 0.26029599372326
0.0139795686553338 0.0889205894116207 -0.0813295750325635 0.327129957827638
0.084376857532288 0.0346234662143566 0.0997499334859754 0.210637226512368
0.0757075643123796 -0.0346464020476526 0.0800046118096887 0.0717514882134649
0.0364575932009785 -0.0811460064395288 0.010699006062323 0.00701894225907569
0.0100543442567665 -0.0841198500481475 -0.0181099119690647 -0.00655401922992025
0.0019771194925794 -0.0804089462115632 -0.0381289359750026 0.00588788202752077
0.0231597157630738 -0.0481694243323386 -0.12811286786407 -0.0343345967390013
0.03226178278969 -0.0381002591669889 -0.211935811168935 -0.175934443191409
0.0885177350383225 0.00287181240322957 -0.0359996044763637 -0.430336750377127
0.0822661299651192 0.100900699480093 0.33073905878069 -0.43123736472947
-0.0371000326292268 0.142557626543894 0.526820461335918 -0.0507869619611272
-0.166329023048944 0.085839108698895 0.17114103387328 0.0312714680909702
-0.117130944629304 0.0037608350291809 -0.0707551539847865 0.0376738864404249
-0.0809164707117939 0.0109005013128357 -0.308501489068044 0.0787580262962999
-0.0598059171464606 0.0765971436766211 -0.249335997183789 0.260162264884878
0.0353772255575279 0.0947319171650665 -0.0403141797851389 0.317440246095517
0.0940400478318612 0.0309371372417511 0.128340981005871 0.203081696854727
0.0783423460578516 -0.0323490883663744 0.104503002474179 0.0510144374274558
0.0406325968164597 -0.074453807826799 0.0248987786212358 -0.0304672503380231
0.015427024143396 -0.0810866100033631 -0.0134505770789934 -0.0453155914937667
0.00829081423914625 -0.0827910147690974 -0.043658478439215 -0.0279032250382978
0.0335946687422927 -0.0592659639250782 -0.136508274452421 -0.0759346336156889
0.0617577500387287 -0.0464919415113331 -0.191597806996046 -0.245179817601793
0.126951558595444 0.0307179072006613 0.0695710225638291 -0.47679115567111
0.0795325959926771 0.149049849279762 0.473820817583028 -0.37127984263791
-0.0694441900387343 0.160904218744547 0.587790637570092 0.065286779145017
-0.169061145966408 0.0799678166469364 0.225359775169011 0.0612001311487912
-0.0924629216100759 0.0137827310007297 -0.0143829005606114 0.0803037745766335
-0.0523160625153035 0.0257391134785322 -0.22953452115325 0.110594077086011
-0.0257794181157189 0.0700735891787963 -0.191235198933555 0.264571158068646
0.0466157983861772 0.0629603215510472 -0.00102763583002451 0.313960994685035
0.0763266397472499 0.0147341959185378 0.157310103890101 0.189384660782184
0.0594813296627597 -0.0261931591447707 0.125763700779496 0.0257744706978829
0.0336419960014164 -0.0569451909607685 0.0388963527495081 -0.0658495381598048
0.0202913689284525 -0.06419903973383 -0.00629845791371468 -0.0779169182286698
0.021020955557984 -0.0676736679508051 -0.0440153570203588 -0.0613188625151789
0.0484999212452418 -0.0482012437214502 -0.128335102423268 -0.120008856052593
0.0807563220883003 -0.0234364930980949 -0.140309992127498 -0.300267299621884
0.113717167231482 0.0752563026305695 0.186020089169591 -0.472190948405639
0.0280103172978468 0.158155519634829 0.575558726213857 -0.266642078908319
-0.0976348689194954 0.115528550643142 0.598339197407789 0.175258403763713
-0.136554607231749 0.0398244292058373 0.263820706672487 0.0811061412851259
0.0173132349858622 0.0039814002259841 -0.245761913937944 -0.0871747625071355
0.0661650084686914 -0.0355069429251231 -0.564789657302744 -0.304602502512484
0.00681972723133213 -0.0999284278948527 -0.68472179861321 0.141345709034184
-0.0857287345583767 -0.08912125050873 -0.300662941261616 0.473898034783632
-0.0881595279095393 0.00539289734705378 0.0897103744634041 0.347578214769355
-0.0557022620037738 0.0364082010085032 0.126728465886134 0.142787104454162
-0.0287649337216854 0.0529439189339354 0.0420065193617219 0.0705000000727644
-0.0123217150867065 0.0522503292849145 -0.00144914381075454 0.0872403849281324
-0.0159993580882229 0.0467116453511467 -0.0335480567361496 0.0784756511067162
-0.0333136151812692 0.0394373620433977 -0.116097595129425 -0.00690252466289508
-0.043328517598493 0.0122541982540621 -0.17454501574106 -0.145627980801011
-0.043328301511066 -0.0117183051798237 -0.0505703243645652 -0.30004032551043
-0.0100385182885081 -0.0133295956255825 0.129716677096904 -0.307753805275309
0.0180273805682323 -0.021530235395456 0.195023957774641 -0.169831876474757
0.0390755654177847 -0.0132255996793985 -0.0245177884818273 -0.158413807696594
-0.0452679645203064 0.0569970027947441 -0.251986358162507 -0.122087930946537
0.0519770759764174 0.0498620292507935 -0.573730155690622 -0.333061662177483
0.0492041727549917 -0.0433367834859636 -0.696562939067625 0.116815581670991
-0.0259912369678948 -0.0905006089201184 -0.31892888120482 0.441759644034452
-0.0629491352986535 -0.0259317570492226 0.05889858180977 0.331216413834198
-0.0483709649828598 0.0023990791010983 0.0975890460060415 0.148238863506204
-0.0323900874458859 0.0138652033844197 0.0261176130090824 0.0833032490745606
-0.0154250515526992 0.0165995826916405 -0.0099455158186504 0.0969252568724574
-0.00650400500280969 0.0178795833740478 -0.0350655439089371 0.086457166849124
-0.00189373631458757 0.0298231124807509 -0.118573588345912 0.00380955805920974
-0.0127175064694771 0.0306041385512516 -0.182484935323542 -0.132962440889059
-0.0357558867876278 0.0331667230231212 -0.0725074381926855 -0.297801325662734
-0.0393628296167719 0.0150345709382094 0.107566602209746 -0.324255884714351
-0.0240541948967203 -0.0221346795026449 0.200911652941608 -0.17497180158793
-0.0117653068508064 -0.016584358098433 -0.0305968557886148 -0.140080777990896
-0.0893219609164548 0.0799794804664098 -0.24156500229179 -0.148034094607381
0.0374391931944398 0.085200130467452 -0.591035675821308 -0.310205643772307
0.0564409527906975 -0.00740912718824707 -0.666543122388992 0.150057399255966
0.00447267628842092 -0.0680746730289676 -0.281111494475105 0.422095525623847
-0.0285803696209163 -0.0316884729858541 0.054467978040569 0.295427994390985
-0.0234849667536064 -0.0227222572049841 0.0737585475502335 0.133744305476055
-0.0236501891896123 -0.0254373088269143 0.00956027584675973 0.0817178939789606
-0.01343453602541 -0.0195042847024293 -0.0157171165432393 0.0899741617218938
-0.000288097442944032 -0.0118808320312089 -0.0315883249526046 0.0796178738381272
0.0197814496470331 0.0177293938517564 -0.11366752786531 0.00632418226737672
0.00587052786833978 0.038486857047441 -0.184255678869172 -0.121134941178871
-0.0264805470206074 0.054316913813529 -0.0891855636453092 -0.302096598754842
-0.0436249511827719 0.0329628131624231 0.106867495933352 -0.352949248228471
-0.0450502745407876 -0.00503867872529343 0.249892457319657 -0.176714961101194
-0.0640778993318673 -0.0018570791129169 -0.00436932596276155 -0.101824128620724
-0.112663378759483 0.067984028810543 -0.220746063980693 -0.142643405337495
0.011687578984824 0.0635876018317787 -0.583963632000031 -0.223328698661998
0.0225715308986263 0.00836040451384935 -0.579663593617883 0.210847947538706
0.00486212215741482 -0.0222285040270437 -0.209674617826649 0.396559861697886
0.00959166884652173 -0.0119891064747452 0.0625288720909335 0.255412004700087
0.0122543746351327 -0.0346628779209642 0.0614945312206128 0.112738888740091
-0.00471069460880104 -0.056744114089224 -0.000825063451953373 0.0677540162085236
-0.00805268209440272 -0.0513698930216896 -0.0192617733632849 0.0684823610038269
9.02197705944889E-05 -0.039730498723672 -0.0293434575544315 0.0613990573532998
0.0249290222180164 3.11914871856545E-05 -0.110165129613536 0.00277004104621987
0.00901190290995439 0.0262783979258268 -0.190391553740503 -0.115905630873225
-0.00945017478171462 0.0414076641626635 -0.100894244157247 -0.323801019605426
-0.014089665471573 0.0403202003137281 0.136245891582156 -0.396540901883739
-0.040790925381898 0.0339085879597146 0.337538586171404 -0.167219095470295
-0.110643660984878 0.0308991049669471 0.0467634315782484 -0.0543846439953716
-0.126782725309592 0.0381164570894248 -0.185462681815801 -0.0974695163535885
-0.0339674240169295 0.0254077737045019 -0.528394642593242 -0.102574592877662
-0.0307376547510198 0.0281931183355516 -0.459856729685658 0.250485376663999
0.00173567005536231 0.0391573284703639 -0.141751612939988 0.362034271671936
0.0504103286274541 0.0156241226785899 0.0766261129439124 0.22796862815222
0.050283852101175 -0.037839931622388 0.0633300582330971 0.0934817191194144
0.0174635840761706 -0.076724181158479 -0.00144950057971649 0.0427603844331238
-0.00109346927260615 -0.0749644555614964 -0.0211245390719468 0.0354449761120526
-0.00328533139045107 -0.064773345221547 -0.030781580652619 0.0364857306421413
0.0203018823216196 -0.0249107381755972 -0.116931676940463 -0.00785094724284047
0.0104723657990825 -0.00838837288181432 -0.206351930782671 -0.1319786419251
0.0322536635043597 0.00776150901800004 -0.0908552693218678 -0.376138354402295
0.0441862176595085 0.0580261954504094 0.218194317859866 -0.439889840134689
-0.0292683352841959 0.0941054359847899 0.449130305937264 -0.128157424453317
-0.151600475370634 0.0712571905858682 0.112244222645563 -0.00466766175470242
-0.132670326729911 0.0160842189258977 -0.133505187409452 -0.0293915161146064
-0.0739622594597652 0.00746450384480931 -0.427206312393031 0.00493525113107726
-0.0645014192544465 0.0584347292073813 -0.347640454041947 0.264613922280265
0.0150354916085839 0.086166447717745 -0.0906494029051555 0.335568672569601
0.0846568517306606 0.0322894789918406 0.0980589594927813 0.217170677606877
0.075630884539114 -0.0378426343524089 0.0797173559092964 0.0761824622402932
0.0345464679494298 -0.0838118218559429 0.00753555043845673 0.00955828978661797
0.00620379876908413 -0.0869066111514222 -0.0207636119498213 -0.00459036209134879
-0.00357967075578337 -0.0815423839872889 -0.0384134452729678 0.00619259446769542
0.019201338749691 -0.0512683367734867 -0.132385542477936 -0.034614383144567
0.0289156511936989 -0.0442461102105629 -0.216994354365583 -0.182206588606962
0.094300325135028 -0.00522849030050694 -0.0322689613428924 -0.448630616913222
0.0935994796000581 0.103573265821968 0.352895796058137 -0.444341348399348
-0.0385399455835499 0.155001304586101 0.556675490836344 -0.040845137380242
-0.179147724325397 0.0968356988360677 0.178408362408135 0.0374233179998629
-0.124039780296589 0.0123811456291666 -0.0700465476278321 0.0355589683719256
-0.0814434613059535 0.0148617490952447 -0.320183428588423 0.0742494935103022
-0.0583236354887452 0.0788844728701392 -0.263974138171022 0.26307034300261
0.0368983016857178 0.0940110564248835 -0.0495604468147867 0.325253684234701
0.0957230360212411 0.0301493048955592 0.126540573722873 0.210757356133409
0.079834711492649 -0.0345978704626098 0.103995660224448 0.0551491056328138
0.0393843334447211 -0.0772004609776235 0.0213623942801714 -0.0291118992970223
0.0123561877806207 -0.084058717955243 -0.0173180501230807 -0.0448330915060396
0.00446039024005901 -0.0851466693642115 -0.0470786282885089 -0.0287610253734533
0.0315751051847723 -0.0633537988146201 -0.142638862736884 -0.0781833901255758
0.0614152387918032 -0.0533022887292248 -0.198413203477407 -0.254794501615748
0.136224642123178 0.0263786917346498 0.0787436834779009 -0.499303403980403
0.0892922615948972 0.156632479116182 0.502611624988541 -0.380072490281587
-0.0750648868427153 0.172681051125109 0.619713055005077 0.081417716013973
-0.182262330990122 0.0898706535922878 0.236246777472475 0.0667176743684262
-0.0971320196762901 0.0209417886783158 -0.0105464315164088 0.0790781107311412
-0.0527980903024241 0.0293610309947259 -0.238540432896944 0.106741767269641
-0.0237197123289269 0.0728531122840251 -0.20451814083522 0.26735140170619
0.0489455024730326 0.0636638319264928 -0.0112194188877861 0.323539842963486
0.0784912143432203 0.0128814501772742 0.156067562613585 0.199071571442973
0.0612394473332358 -0.0281629091436519 0.125704627450018 0.030095020652382
0.0338244905654942 -0.0594047905285097 0.0345283334801922 -0.0642611888969632
0.0184188503114958 -0.0671614187946953 -0.0107584651972636 -0.0781651262849788
0.0191800580583648 -0.0707922659605336 -0.0484446337557749 -0.0635703224299822
0.0490347519023967 -0.0521947840949428 -0.135237318297401 -0.124392695732653
0.0835548932245498 -0.0273524366434451 -0.14495382719409 -0.314413581240705
0.121756560421338 0.0773894436079268 0.202827930002364 -0.494361066746489
0.0314049460934633 0.167405662915785 0.609396276644054 -0.268972782242289
-0.105985989762882 0.122589160015467 0.627825308601137 0.198289360564031
-0.146294906560446 0.0448326111878595 0.277011093011432 0.0863483139480461
0.0179353871485491 0.00565948819318594 -0.264322067327556 -0.0808925978622872
0.0697838206812545 -0.0405228886132596 -0.609757992558602 -0.31660149317179
0.00509582556068248 -0.107370136956067 -0.733798028233907 0.166577082437528
-0.0963653112475922 -0.0922562594181664 -0.308969813122673 0.516479397538259
-0.0946968259107287 0.00901219725632897 0.106454116494501 0.36985381086362
-0.0589943452911342 0.0412583709867167 0.14326921834039 0.147804620623559
-0.0282387084491674 0.0575481341639104 0.0508428829635274 0.0741016658653382
-0.00999285562456897 0.0548808295344407 0.0077061517494597 0.0928062603291036
-0.0148485373279127 0.0502276489175503 -0.0267306103262996 0.0818261334135389
-0.0331490227549544 0.0438923629064251 -0.116822649543783 -0.00543691155754562
-0.0465361549369625 0.0151567175104257 -0.181616898545558 -0.148580648444043
-0.0485952677952768 -0.00984761033081515 -0.0554546246907733 -0.314360652040621
-0.0124196558909995 -0.01529190930283 0.131042931445117 -0.323083767342088
0.0165789670045209 -0.0261527321461212 0.200638100721921 -0.17800510176605
0.0400392080142595 -0.0170918929857084 -0.0377164945960489 -0.158800025816168
-0.0487623672496391 0.0681921375217664 -0.273043747051683 -0.119001278465712
0.0585363907272333 0.0559565259339378 -0.62281162072116 -0.34554810063718
0.0561431207894474 -0.0476964342349036 -0.744906609185977 0.139846345347282
-0.0307627481149794 -0.0995406077947529 -0.32963284528641 0.48220074718073
-0.070480184749452 -0.0284942111581825 0.073576492107195 0.351972720936252
-0.0541678860004645 0.00391986364382554 0.111051438795785 0.154272611689244
-0.035987989705149 0.0165612372530595 0.0337397842399435 0.0881630382117179
-0.0167248749878571 0.0187905406164456 -0.00117296123103372 0.103077878338773
-0.00674967804853731 0.0208932793222222 -0.0281583344286835 0.09017001123245
-0.000830656084036343 0.0331253627718672 -0.119637865588638 0.00583290829568308
-0.0142146425351824 0.0345548770025774 -0.190039012919053 -0.135704869476631
-0.040324889830898 0.0360856837177114 -0.0796149451714914 -0.311173135830615
-0.0409483166857741 0.0150351703465585 0.108088057786351 -0.340517777390451
-0.0272584824683303 -0.0242835116340146 0.208122385092251 -0.183738207713623
-0.0144694684862459 -0.01558782672055 -0.0430334066584736 -0.139390146224837
-0.0958949993258015 0.0969463910937987 -0.262821143162025 -0.147579710142189
0.0457838575641634 0.0962807050654804 -0.638751585329369 -0.318940603087655
0.0686595502950534 -0.00923564292175631 -0.709106154923306 0.178530976727021
0.00445886138626822 -0.0806961357874618 -0.288646390754399 0.458025069185716
-0.0354393967718048 -0.0379811191137569 0.0670748016480155 0.310358958646014
-0.0304096642757817 -0.0245103150943233 0.0840534629266721 0.139644655660764
-0.0302374221010997 -0.0251070029963997 0.014749925450855 0.0871429377981113
-0.0186051555099871 -0.0191348739627998 -0.00869306200041003 0.0969616055496864
-0.00319082292174438 -0.00993751379050887 -0.0256473575725608 0.0822007408160814
0.0201309134298829 0.0196375348217197 -0.11414835707334 0.00888680521994636
0.00370580148308353 0.0413737932549444 -0.191193062866133 -0.122510990609127
-0.0294641459245317 0.0565378962629184 -0.0980607663803021 -0.314210765074467
-0.0436578932422765 0.0326771411216515 0.105543402198055 -0.370738651848341
-0.0471857217601267 -0.00375543123739086 0.260293707421849 -0.188105711223633
-0.0699043092672465 0.00486552798234165 -0.0130825608811232 -0.100379651793195
-0.120804451951084 0.0866977785274676 -0.238702055049643 -0.143095859486764
0.0189795187458317 0.0759321871768578 -0.629300357172693 -0.223051365210487
0.0345063218103561 0.00691403326668913 -0.613498243015249 0.24043861799693
0.00616082851989733 -0.0329498647340235 -0.212095166937136 0.426834520777025
0.00506803043017244 -0.0197491441650889 0.0733106023878118 0.266660590133727
0.00673644585941163 -0.0389407606775661 0.0681712980094392 0.116595685642923
-0.0125179807254003 -0.0591278118895353 0.00179371913756903 0.0730212428624485
-0.0149347768297316 -0.0525840277448579 -0.0149521988576555 0.0747776015257557
-0.00512742954412395 -0.0390413266448265 -0.0243768700021005 0.0634801673605309
0.0230839016081135 0.00040828575888158 -0.111636727574119 0.00633733946653379
0.00489498461106578 0.0268495817449646 -0.19860742059224 -0.116109873073351
-0.0120194777818554 0.0380779848540698 -0.112695870030309 -0.33681809168031
-0.00968198017996386 0.0379440348961971 0.136555940192234 -0.419286861993688
-0.0397175631036698 0.0397596567551786 0.356692341602689 -0.183004090607049
-0.119568809476851 0.0443848711091842 0.0445097638612804 -0.0522293161067947
-0.136705487340292 0.0566579564959886 -0.198550044797891 -0.0983932083020333
-0.0300768428319661 0.0354212446480891 -0.561398206597673 -0.0974832200931828
-0.0225576731281421 0.0291537236632533 -0.481975893936678 0.278538205141453
0.00342372376140382 0.0322861229170217 -0.140515199177081 0.385914269029549
0.0497909457459957 0.00946034285059041 0.0853320772952986 0.236539026154894
0.0473022846989386 -0.0439776953199013 0.0677403062992975 0.0966663027748471
0.0105495276560462 -0.0814499300962625 -0.00166342222548412 0.0478514137515485
-0.00960561497836954 -0.0776179612949385 -0.0203674061026624 0.0402584020537971
-0.0113448431436139 -0.0651808884229247 -0.0290334841817522 0.038282802059939
0.0154595015136348 -0.0271946723087553 -0.120377631661943 -0.00339908440843901
0.00402973833219978 -0.0119588811637696 -0.217351202922636 -0.131442389085455
0.0329400512646961 -0.00177648268964304 -0.105058484808678 -0.394740097890814
0.0561546251961228 0.0553666023559625 0.220654176952616 -0.469993562474488
-0.0253412975577144 0.106288586147222 0.478256231945388 -0.145003614919336
-0.163004124552985 0.090094414437047 0.118135116246246 -0.00365736822386154
-0.142357513658114 0.0322391371040481 -0.13985546582266 -0.029338269872727
-0.0733269589706543 0.0160305149604138 -0.45168917178743 0.0148938437551323
-0.0592486430601527 0.061784200407665 -0.362793189878915 0.285542513004405
0.0184522104097674 0.0834860757421862 -0.0898690853524629 0.355226628514829
0.0874937264880976 0.0272336370440092 0.105966212720507 0.224529127857121
0.0759641924224018 -0.0445399559840961 0.0836418406676488 0.0788528273642574
0.0283712300125241 -0.0894667847065095 0.00433268086349261 0.0129373606172501
-0.00249525513385917 -0.0908616061246736 -0.0233981215633728 -0.00163218891673759
-0.0128286438799427 -0.0845175466983122 -0.040614455496511 0.00736818257700992
0.0134198979945083 -0.0560937078087277 -0.139851919826426 -0.0304398723987679
0.0230791649649983 -0.0533383845334079 -0.234381540080611 -0.184674725129231
0.101661850367592 -0.0185598107193794 -0.0478351449876449 -0.476360239330913
0.112499516490149 0.104551201125063 0.365086766125172 -0.480783499732459
-0.0349490136523079 0.173259305870545 0.596945284662708 -0.0558465128315981
-0.192550495172524 0.119178018326158 0.192147146884107 0.0372200154357336
-0.132615576983633 0.0269690576079091 -0.0684297994425072 0.0365211445671254
-0.0825548886146413 0.022469085237717 -0.335118572751939 0.0829491565997947
-0.0539543967042557 0.0836750253016073 -0.274581956300587 0.281719806839796
0.0415461921814261 0.0937499373710133 -0.0490919841148342 0.343134422464953
0.100605051853994 0.0252155462169168 0.135782675747303 0.218871098311726
0.0817608112537363 -0.0414468864464487 0.108015456583728 0.0569757389534369
0.0354860678611468 -0.083268626355032 0.0163979466633602 -0.0272965907099468
0.00560986411071591 -0.0888619712074377 -0.0230924968038571 -0.0434025986668508
-0.00338959610964889 -0.089064956322977 -0.0521835669537467 -0.0285773340922508
0.0262938467816832 -0.070822835187595 -0.155161342926401 -0.0757189756548176
0.0600175067826634 -0.0641523683203146 -0.219168240106467 -0.263604431490131
0.150176558221228 0.0162212992259877 0.0700672051109159 -0.536503689368269
0.108199542262881 0.164079714847691 0.528783607904589 -0.418315243181992
-0.0756258775409013 0.193407101085067 0.667967956196267 0.0762374560861043
-0.195930477082009 0.109479359031328 0.255615287527014 0.0653563610274045
-0.102669256119494 0.0331239282685404 -0.00362231472115661 0.0794826112420157
-0.0527809533156361 0.0362175996399965 -0.247862505273727 0.113264186365211
-0.0186968160996796 0.078092759324386 -0.212934899308729 0.283595959318851
0.0535104253813466 0.0627660551631832 -0.00896754927332173 0.341008554244415
0.0829525053458896 0.0095728059486714 0.165971668250038 0.207308996506212
0.063882773209087 -0.033715288184485 0.130110395648301 0.0310101918688204
0.03205206976214 -0.0646133421919396 0.0285253747739902 -0.0648056778236018
0.01460364328027 -0.0722737679572895 -0.019317432023816 -0.0791867917572951
0.0141877214185706 -0.0759300985381795 -0.0569275564327759 -0.0646272316193724
0.0478197284056225 -0.0587786434404166 -0.150108601041397 -0.125849800666743
0.0872572933755913 -0.0360318256436959 -0.165168856316061 -0.329882083108712
0.136295788098267 0.0750665108885493 0.203718549220224 -0.535723022357489
0.042915866459989 0.178897089450959 0.647323050416149 -0.299602894231805
-0.112443802205191 0.137628535316845 0.680685040522814 0.200525477490048
-0.158368444150817 0.0579431549202815 0.300507613847224 0.082640634817812
0.0115755692319595 0.01378860057585 -0.257460139090401 -0.119091000115338
0.0700071982658831 -0.023137187498811 -0.58526410052893 -0.428708760579171
0.0213396760200924 -0.0982004359613741 -0.791893334818293 0.0510003293482985
-0.0788304830765145 -0.100116074441582 -0.411021924064624 0.488817337357062
-0.0918984062412013 -0.0062942497568237 0.0527765816565724 0.405647602816527
-0.0664516774183112 0.0333352766795475 0.130537789506451 0.17701240455648
-0.0369650538506037 0.0552130224267571 0.0456114735701614 0.086397850505723
-0.0183509846496422 0.0551936339398741 0.000493324680329255 0.0982505324746414
-0.0232804996311264 0.0505504864881338 -0.03311706715117 0.0791273359106986
-0.0415497276105529 0.0409480235592102 -0.114837691765992 -0.0252654123666887
-0.0544625676099002 0.00691985167499617 -0.157309910062157 -0.180033979441028
-0.0500447664393598 -0.0207924602340969 -0.000930122314706082 -0.33065608557872
-0.0068557322592503 -0.0218015173369667 0.184963007246465 -0.307526852550293
0.023923485007526 -0.0292637590091081 0.229551704831919 -0.142989818914137
0.0443984119266797 -0.0140264902553535 -0.0227583397952551 -0.163803281113823
-0.0694088499829645 0.0698625514896452 -0.263667184361389 -0.156816462071089
0.0438044204159486 0.0786302086365038 -0.593680723729909 -0.454977191759104
0.067324358078498 -0.0276903001751758 -0.79694701229786 0.0266381166254259
-0.00858863700166945 -0.101947579879233 -0.420440028571138 0.451613601438144
-0.0621330712952091 -0.0436408537215459 0.0221699574768288 0.37833570632302
-0.0576361050959275 -0.00577722644030227 0.0959411899075602 0.177768819248525
-0.0416556731467407 0.0122988658688782 0.0254840630502942 0.0980236762626494
-0.0218005372949876 0.0176100604171022 -0.0100561137190724 0.108177536206074
-0.0113010489769841 0.0221769829658503 -0.0353351188878225 0.0875825069694898
-0.00751969650596128 0.0357972589772803 -0.118980956802987 -0.0128681159356946
-0.0254091306488448 0.0325627688739636 -0.168786092469233 -0.169167328141083
-0.0491354606349464 0.0263382389159955 -0.0266973048617491 -0.333659054709727
-0.0414242733650913 0.00243780983047593 0.164475872519566 -0.329610952982969
-0.0211095541067161 -0.0327877964112923 0.241380889966824 -0.148678419408907
-0.0151557274521143 -0.0193506255783522 -0.0285884988015373 -0.142068582552654
-0.123854640654321 0.0940818064551633 -0.252071260144281 -0.185445034603
0.0259730592953719 0.121475658841909 -0.616117252069807 -0.428245735445986
0.0778372310801358 0.013298996443972 -0.762524152128087 0.075928081935556
0.0258466472083926 -0.0811275357473875 -0.370985557630748 0.433299616720324
-0.0267477071228655 -0.0500641635696613 0.0217999049301388 0.331058830953764
-0.0301736789957236 -0.0325598580413788 0.0681907806827613 0.157202562465911
-0.0314623185289136 -0.0292919609818375 0.00480400046956401 0.0933368967302947
-0.018590648025835 -0.0213662673401333 -0.0185399660588646 0.100841775344639
-0.00354798908037987 -0.0088183930460024 -0.0320423489241554 0.0801808616241397
0.0142351033795975 0.024840443684888 -0.114581819095406 -0.00810550495006738
-0.00938877936706598 0.043303604114909 -0.172487417995359 -0.156296730952079
-0.0421440660131352 0.0458289766134095 -0.0476321705020705 -0.339650806507421
-0.0454012680821388 0.0186885839366814 0.166644937916959 -0.362411768161733
-0.0433044101096068 -0.0122977026090442 0.298807392471202 -0.146952206931316
-0.0794432451179397 -0.00284862874356581 0.00119909231203703 -0.097847183834045
-0.148383072450401 0.081477885769408 -0.227718886782472 -0.179541680530909
0.00557594922284737 0.0976927485113796 -0.618326945897981 -0.327462901552511
0.0439628782056173 0.0222198910971647 -0.670748038786918 0.154968602556457
0.0202147027702484 -0.0361748399815139 -0.286119802708212 0.411682515249304
0.00996345422050594 -0.0263788301854211 0.0372074696216767 0.284399362795478
0.00990346058459123 -0.0418413431547305 0.0535702985660607 0.130364276999977
-0.00921097197793864 -0.0617174247241151 -0.00798242614024415 0.0765460767346401
-0.011012541390007 -0.0550246137084966 -0.0234528309396089 0.0780095605244266
-0.00324528041673778 -0.0387186037396278 -0.0291871146122473 0.0614207797534853
0.0191157604439109 0.00521778065514662 -0.111705313806362 -0.00860775348253331
-0.00734121187192062 0.026345737263458 -0.182317171067849 -0.147578173773267
-0.0207438865488314 0.0260079103457587 -0.0616073700337661 -0.364111648703551
-0.00692076044438672 0.0290570697758234 0.202636775201368 -0.409789881992681
-0.0398399022655959 0.0376594642010212 0.39809993160936 -0.130789293372692
-0.140639444804183 0.0333452976551562 0.0588740862130527 -0.0399094907399005
-0.157390796196108 0.0482780540859383 -0.192788082448095 -0.12996032190763
-0.0353201058389022 0.0475521746560395 -0.568051867194316 -0.185292132901048
-0.0164936510625821 0.0326369337279242 -0.543712998145792 0.213067258812758
0.00655850696722021 0.0283168841127202 -0.208177448538643 0.380605823341078
0.0501350184893746 0.0101085183853765 0.0547765633234969 0.254199359101834
0.0531980053144643 -0.0405903918999567 0.0554155136009959 0.108735958627965
0.0175769770975108 -0.0814371322976068 -0.0093918396652616 0.0503662765035417
-0.00222785577412093 -0.0809738426878169 -0.0257417801098487 0.0409730005138357
-0.00682243379617587 -0.0666631399209011 -0.0315156620944361 0.0356493407645192
0.0141728991278322 -0.0258092543502501 -0.120945677281258 -0.018257111846535
-0.00237423494650646 -0.0170678426306231 -0.203358330112193 -0.163511161722258
0.0355995237818349 -0.0126017670000963 -0.0500891097964735 -0.420382124935091
0.0629546654281869 0.0607789724525985 0.297911192917987 -0.45109579679485
-0.0349592166655932 0.114701879523177 0.520556777158775 -0.0775732596388523
-0.195909666966046 0.0769087741441946 0.132415261834852 0.01988656184514
-0.156337118829218 0.0221738933755001 -0.140777075107835 -0.0530696254653595
-0.0740558067468658 0.0180157524572879 -0.470466766432533 -0.0550813837913131
-0.0605920110328549 0.0577480504637455 -0.421970956332998 0.240362213903534
0.01253184985999 0.0837313052363301 -0.150229781514959 0.358280950068466
0.0867581846774643 0.0356475152769222 0.0785327145931712 0.246068930948599
0.0841227464278439 -0.0361401552956542 0.0731922611675463 0.0935576284935938
0.0383117166392094 -0.0873564679935788 0.00137300934987983 0.0157600581100279
0.00793846679661979 -0.0932490443464282 -0.0253548494752273 -0.00316559608835821
-0.00573510057742254 -0.0872272871694688 -0.0412645482617176 0.00222964830392564
0.0159775024468248 -0.0583582487077201 -0.139839065807371 -0.0475542280228847
0.0260773993721678 -0.0588749063074587 -0.216331178870574 -0.219955065656273
0.115069634147202 -0.0201880106711434 0.0175042459165316 -0.498076172998672
0.114658561322127 0.127438098667496 0.449497395842864 -0.445590501460723
-0.0572750793444466 0.186864808520049 0.631695520724501 0.0308466027337177
-0.233347198579218 0.103094376347102 0.207586186472999 0.0719999777185495
-0.14150226698556 0.0166319137525955 -0.075894155395886 0.0239293278078611
-0.0841715356776078 0.019570558979074 -0.35975030217319 0.0323101711473275
-0.0601088817934044 0.080508505862853 -0.330653431021298 0.249505030467873
0.0343604935208573 0.0986745547431827 -0.106687723394365 0.354097868660442
0.101257694472623 0.0366011240955183 0.110348185245886 0.24607030965874
0.0902063894369921 -0.0318329048034936 0.101277804746563 0.0759262836497269
0.046257502346977 -0.0798471043136332 0.0179883262150352 -0.0244891519106034
0.0166694744800785 -0.0906123727029284 -0.0208987723405607 -0.0459912056052788
0.00582202375660502 -0.0920122582101078 -0.0511344122485279 -0.0362409830313026
0.0337597567925242 -0.0726181894465042 -0.151461437165316 -0.0972532718291896
0.0703769953426709 -0.064724921191157 -0.19356006119546 -0.301728849961793
0.164515238978432 0.0264254164590018 0.144746857038789 -0.546435444582931
0.0982645842863583 0.193928218259673 0.614260872895711 -0.358390512777788
-0.106966123826386 0.202749726874421 0.690152547305434 0.178000318857338
-0.234348469837027 0.0905246494529936 0.27020979592939 0.110069590403944
-0.109529881631163 0.0254143726736783 -0.0140959887206259 0.0757428342877709
-0.05675383712535 0.0350898593195964 -0.273051680128031 0.0750504912664653
-0.0250435282211242 0.0810441591486333 -0.266097992570385 0.260463114361143
0.0513857648635452 0.0702773062373887 -0.0659330510745411 0.357369277786592
0.0868034219567126 0.0185207071821085 0.141218727672535 0.239756267034343
0.0714346712634097 -0.0264525321563746 0.127173819450572 0.0535180891532493
0.0409610300154812 -0.0617868348700895 0.0347724163608473 -0.0606329205320405
0.0245623963468156 -0.0726855454491002 -0.0132499495100693 -0.0819872291915943
0.0236123221247254 -0.0762904637736895 -0.0527169194136302 -0.074876865371703
0.0566316202704456 -0.0564142626076323 -0.141588334000569 -0.149559538981865
0.0958774684025338 -0.0282034471125993 -0.129768812236245 -0.365149521533263
0.142133458921932 0.0915964681230394 0.286087284339456 -0.531195523865025
0.0231175499848996 0.199706531167433 0.72442002755174 -0.218973016231983
-0.138561368399334 0.135617502790326 0.682626910788358 0.314482480100626
-0.182480602115852 0.0391340590696769 0.3122357012815 0.13669666675359
0.0135366782797418 0.0141343281522607 -0.268985600997604 -0.0903824636440633
0.0687261204676112 -0.031153169864553 -0.626763097289504 -0.382956343621929
0.0132514278141482 -0.101958116825957 -0.79962867027305 0.120534104179848
-0.0905251801931089 -0.0920813138320487 -0.372128856894443 0.531952684275189
-0.0937568770652316 0.00264888456826885 0.0924393951680442 0.405296928572904
-0.0630926409827089 0.0410328206454783 0.150626769422181 0.165603828407308
-0.0308117984288344 0.0597295988664121 0.0577565380503321 0.0816215478106243
-0.0115367020221583 0.0564296815485597 0.0168361598281305 0.097554922311121
-0.017287184971935 0.0533188638808539 -0.0181953572201582 0.0783619866648351
-0.0363633738443022 0.0458265731421144 -0.110146388681208 -0.0167052361268668
-0.0545400693642854 0.0137052028547653 -0.165135005657715 -0.165873318990278
-0.0541987170446487 -0.014092105559226 -0.0236526675396688 -0.328047122402321
-0.010746617509766 -0.0226523674122948 0.159279166599254 -0.316051834585457
0.0184773345408039 -0.0341974159925258 0.214808007969425 -0.153696939001706
0.042100407619306 -0.0196869718573093 -0.0455181393475775 -0.152115245516824
-0.0645437185426634 0.0821777943705989 -0.280208178603104 -0.127871734371684
0.0537311942386386 0.0780464084053761 -0.637388566637259 -0.409716259646514
0.0710660787043714 -0.0345957099422016 -0.804146040926584 0.0980982253378853
-0.0174883443656652 -0.105532782145799 -0.383258108980165 0.494149846287761
-0.0694103580292767 -0.0409776125048035 0.0584388955988 0.379022868985854
-0.0612221454976758 -0.000440023672858302 0.115887035696517 0.169770363061061
-0.0426544131929838 0.0175116397700099 0.0382238255456392 0.0956363133129355
-0.0211776878166231 0.0203243301093826 0.00644164494991368 0.109157131155764
-0.00954619659082305 0.0243829254702494 -0.0205242674539543 0.087871784510886
-0.00400947588304517 0.0373608783555033 -0.112984280989129 -0.00456369548823174
-0.0241000915243711 0.036432541310175 -0.175888406680963 -0.154552101435319
-0.0498238877881942 0.0307106054817365 -0.0502738075465156 -0.328204679284159
-0.0415331736383165 0.00309992321318569 0.137344360793656 -0.335030952556302
-0.0251735910426047 -0.0319229278647219 0.227020094250467 -0.161371179199865
-0.0178550087787805 -0.0149849011431731 -0.048253041624472 -0.130407207716536
-0.118007113218856 0.115010421116413 -0.269785304215992 -0.158378519611193
0.0420505134971773 0.126148853644277 -0.658663068715906 -0.376760162715886
0.0894593654310918 0.00516744919213054 -0.762622684292716 0.144481779432241
0.0200129934197749 -0.090976859467633 -0.333462383899413 0.468930089572042
-0.0358157988822557 -0.053505362517357 0.0532159060976024 0.329549156509767
-0.0380862769580214 -0.0307438202181153 0.0845326727577451 0.150408337097303
-0.0383859410766647 -0.0248393707569679 0.0156929101702416 0.094180553977012
-0.0246694950253809 -0.0180208287031087 -0.00351602433261145 0.103487667216071
-0.00675101506481636 -0.00537776087265864 -0.0182224325508627 0.0795510034614198
0.0155064578901622 0.025022781278307 -0.108535277036471 0.000164376121077143
-0.00889759363264013 0.0447359397520086 -0.179223411813738 -0.140442496918061
-0.042205865030309 0.0462488756847806 -0.0726019692955769 -0.331912850245285
-0.0421772833448827 0.0180866414941006 0.136801056946471 -0.369405693225696
-0.0441190223318494 -0.00797129782744028 0.285873044277015 -0.166835447596484
-0.0811300018248239 0.010325107036624 -0.0129964836628056 -0.0887323672654878
-0.14401979375891 0.107152694833168 -0.245039241707656 -0.156455635805796
0.0208146792006558 0.105612958709454 -0.651568435692923 -0.273908710467482
0.0576271039589916 0.0156333599266919 -0.661269923495934 0.216743502713653
0.0180940685548759 -0.0477428938362982 -0.250253015226111 0.436892089935604
0.00247647358855454 -0.0336972343690169 0.061765908138204 0.277940643968544
9.37142311758007E-05 -0.0446115438686399 0.064724276376865 0.124566902829552
-0.0204239685859969 -0.0590317073726989 -0.000642273237625627 0.0794351199043404
-0.0221263968667927 -0.0520742767534836 -0.0125887621335795 0.0810643766863832
-0.0112688194122979 -0.0347386415638088 -0.0185168744825829 0.0608627736883644
0.0161645821661297 0.00480838314096552 -0.106517862507916 0.00119609635858413
-0.0112243835410376 0.0271148278687867 -0.188739461562907 -0.130879137090127
-0.0225740776391862 0.0208494381819537 -0.089308730975659 -0.35417684228542
0.000346268469365495 0.0235912881531665 0.168863146104423 -0.420790566168139
-0.0339168513116266 0.04466376510037 0.389099112267675 -0.16122288746331
-0.140204617176064 0.0567825925862897 0.052347858651235 -0.0384494416301213
-0.155638587935577 0.0750248933054381 -0.203351671194514 -0.112766106582482
-0.0239321863700183 0.0585854075472164 -0.586128727228965 -0.138896192591976
-0.00275480841280535 0.0305334407322114 -0.525508566617539 0.26057959941568
0.00909979899503573 0.0183784740501494 -0.174096152790147 0.396540621562631
0.046454138777308 -0.000500062779257392 0.0737691448435717 0.245013758285788
0.0438754865625495 -0.0478216193993585 0.0623950504695433 0.103315067129304
0.00407686178554652 -0.0819708628416413 -0.00665883816736861 0.0539441983861921
-0.0162667467447846 -0.0781037076299154 -0.0213566970910593 0.0452675397341136
-0.0189271537391588 -0.0622901941576928 -0.0254540753772608 0.0365159084403803
0.0061036483141496 -0.0271020732436347 -0.117972782762026 -0.00627121094728886
-0.0116891244027764 -0.0190942948599063 -0.213462489674544 -0.142609781904327
0.0322646863091233 -0.0269479546854806 -0.0866484327399155 -0.413139279526494
0.0770559896420163 0.0487514629074412 0.259056305458676 -0.474674013473416
-0.0209340028840656 0.125081425001418 0.51903263917395 -0.121502623817842
-0.19275909451319 0.108509157604502 0.134268392884724 0.0119119676675658
-0.155752525961248 0.0483232625460257 -0.14220461578223 -0.0420553434734511
-0.0670643962817882 0.0304000079407879 -0.472795583345707 -0.0165802803309259
-0.0464502078716973 0.0599765004974328 -0.401967767702941 0.273990656231815
0.0194497765825284 0.0747110516334355 -0.121284769191909 0.367402283414612
0.0858030787539111 0.0227476319092954 0.096049572821935 0.235870624636721
0.076742353885054 -0.0463505189300835 0.0777426855430153 0.0871542806742608
0.0251869767970923 -0.0899702072180653 -0.00155930614502683 0.0191822142192887
-0.00785810897607867 -0.0920056586239734 -0.0270324076750007 0.0024184676059366
-0.0201725649398124 -0.0836111884578551 -0.040920461808218 0.00560450264651324
0.00398160496570972 -0.0606938767890329 -0.141675790078359 -0.0322200372313134
0.0134598281020752 -0.0664375544266344 -0.234545411245321 -0.197567237598811
0.114807444184657 -0.0430815713147208 -0.0286191162582304 -0.499975289541284
0.137656388542139 0.113269084423775 0.413207482104959 -0.485433972802004
-0.0375549270568454 0.20203817575811 0.642265512228332 -0.021380845905607
-0.22833312993521 0.138180187796323 0.215582133935439 0.054464243427023
-0.140278369318137 0.0388334917853381 -0.0687020943233479 0.0266977987098467
-0.0782095770080658 0.030421978922405 -0.352893333448912 0.0593669111066339
-0.0466217985786767 0.0834997205867597 -0.309292784005613 0.273958368508538
0.0428480596205055 0.0903428434485961 -0.0801788273552035 0.360414751923783
0.102363783125937 0.0238959210304618 0.126332185480121 0.235235305127109
0.0850788770546581 -0.0421928164093062 0.103840667636778 0.068831987503914
0.0346656090791828 -0.0840083107207365 0.010350506316203 -0.0214524955201237
0.00246255834971589 -0.091275763858741 -0.0286400454110595 -0.0403884058435271
-0.00946216533145236 -0.0911879049744624 -0.0570027274548193 -0.0309739445742141
0.0214024676714886 -0.0778912923170744 -0.161007915594944 -0.0801006794825207
0.0596446135816612 -0.0771310226848075 -0.221996696599052 -0.282267573085043
0.171708938483438 0.00183225579429119 0.0943969553792662 -0.563140705665826
0.125378948420559 0.184946451886456 0.589827877091678 -0.413283574752155
-0.088946254709896 0.222665141005788 0.714429147214202 0.120967473857091
-0.230532669725999 0.123216830746781 0.283737273125927 0.0849865942568118
-0.106376920859853 0.0431370530976153 -0.000945442562495558 0.0711665561805153
-0.0508532768005305 0.0428503193375815 -0.263227567205899 0.0930821428054752
-0.0129145454646628 0.081418236456335 -0.245731065929588 0.27879902456456
0.0576428073999689 0.0632033310819531 -0.0396656316837403 0.36075858923895
0.0875361713297002 0.00794332979622899 0.157521406754392 0.228042440834449
0.0686023591119125 -0.0353057206853173 0.126899578291318 0.0452213333281417
0.0329993648386693 -0.0659541639267149 0.0227020726202637 -0.0590435950012458
0.0142109802706092 -0.0754718290331793 -0.02576414944322 -0.0767919956411827
0.0126385635507542 -0.0780365824358353 -0.0641544477593668 -0.0689287249743745
0.0484504763418433 -0.0641677484421665 -0.158144304150626 -0.13437800232996
0.0926874807056542 -0.0415306699395633 -0.16654029236195 -0.354585230784061
0.155945796543375 0.073683118225937 0.239317181741999 -0.564172704222922
0.0470337264254663 0.199442911725094 0.712784157266945 -0.282076120216534
-0.12975109809194 0.154588864892266 0.720626578247879 0.260920604039954
-0.182420480406619 0.063180960449571 0.328159904437692 0.105145011194573
0.0147192844225498 0.0137661508756419 -0.264514316599632 -0.0640089721641257
0.0643530141862965 -0.0364740730184963 -0.632876526950157 -0.332825216606544
0.00714715867602164 -0.10119660596593 -0.771947747464628 0.169503182615696
-0.0957347364483531 -0.0816465228918127 -0.326803633144173 0.542266497110512
-0.0914205425957965 0.00994958697861732 0.11948500651294 0.388483065275999
-0.0576315145654325 0.0450822565324565 0.161148417616345 0.149449410395721
-0.0242598077124433 0.0603690158701794 0.0658606365826552 0.0730803995307716
-0.00594679465129525 0.0543570482420257 0.0290627754367208 0.0906069009253167
-0.0111505522492713 0.0529007481565706 -0.00566721608715546 0.0727937218957964
-0.030700302501604 0.0471618298247927 -0.10161527350394 -0.0117482307253911
-0.0521496484835423 0.0188963923203974 -0.16201917372193 -0.150398970552972
-0.0552839339246591 -0.00743101044840301 -0.0377268598730902 -0.312504430806884
-0.0134106796614602 -0.0222199800260511 0.135664689810619 -0.306379811316756
0.0125235258239322 -0.0363080579549246 0.195416082943417 -0.152674287757299
0.0386187876347557 -0.0228812682445475 -0.0603578895036677 -0.133456072663054
-0.0570321284432405 0.0893655771813553 -0.279121411242275 -0.0990057602569292
0.0603502243556161 0.0746197983514082 -0.64389119744858 -0.358366075785675
0.0720554205155813 -0.0409001409160294 -0.776939531965375 0.147224415898507
-0.0242942702575187 -0.103934847298852 -0.339080733187136 0.506913823945542
-0.073054808333568 -0.0369247045115936 0.0838214726192691 0.363595505885654
-0.0613571484325544 0.00394608231678856 0.126586943276084 0.155282224565606
-0.0410079115131575 0.0214464903909386 0.0471836952250945 0.0888246048367745
-0.0199101947669395 0.0217164894917293 0.0202907314184 0.102811906494829
-0.00734595288522282 0.0257758271646218 -0.00760138618865579 0.0811192299425016
-0.00125410602501878 0.0373689930760733 -0.102898805018122 0.000690149201628629
-0.0224447403329241 0.0389124319645894 -0.172292605358528 -0.139559316795881
-0.0486205686715918 0.0340686528696534 -0.0642492571507867 -0.310445305066778
-0.0406781009393127 0.00338916806092509 0.114610248729431 -0.324349083825464
-0.0278040565775577 -0.0298620418100975 0.20754814962206 -0.161477607560934
-0.0190009470693513 -0.0107797067772034 -0.0609888841547891 -0.112317627487533
-0.107563176621758 0.129062350098971 -0.271418868397978 -0.13044242214652
0.0544822707296167 0.12525651625754 -0.664840493049397 -0.323383762307496
0.0963141459359435 -0.0041114357238414 -0.732358438718947 0.191061010103452
0.014088222476121 -0.097209418574625 -0.291245986549792 0.477152321252053
-0.0434547413037622 -0.0535394014849754 0.0738691146497378 0.313140155090505
-0.0439605431909843 -0.0277846013667698 0.0933188293647425 0.138953035586388
-0.0428256558933777 -0.0192289671991085 0.0234509986368759 0.0897748244737513
-0.0278820238855496 -0.0132541447628911 0.00930294899536146 0.0988273968139688
-0.0085759329591455 -0.00197443730767013 -0.00697070951430332 0.0733710152271962
0.0154899803962296 0.0243409792363591 -0.0980091561158732 0.00488252085757823
-0.00848278820672498 0.0453096228742753 -0.174721044114379 -0.124928032013491
-0.0413149232286526 0.0458814307841841 -0.0849500671345354 -0.312375596545547
-0.0385515427738029 0.0154160305257991 0.111228589672336 -0.356960783208839
-0.0412365828310954 -0.00310454145416604 0.265307813537046 -0.172129182247357
-0.0777374662225577 0.0229683294632653 -0.0222993302614216 -0.0757094810875248
-0.132815433013429 0.124877739531732 -0.246050304327672 -0.132285250899768
0.0345770182272009 0.107604262625442 -0.647393036205346 -0.223619921431127
0.0676041823453844 0.00700052422438597 -0.62719477386112 0.253518981077946
0.0145317806779275 -0.0568195331701813 -0.211594272516889 0.43889227000871
-0.00664770607255771 -0.0386573144379864 0.0771596178525006 0.260967897101516
-0.00840255632533971 -0.044928245385212 0.0702283676080637 0.114675934650705
-0.0283199003392061 -0.0535883164926749 0.00459360382164245 0.0780566155566405
-0.0300062248451858 -0.0451518826707088 -0.00249637621343232 0.0789931269260041
-0.0164502923924036 -0.0286331238972185 -0.00962898226423024 0.0564392853218731
0.0127668921369191 0.00552620371607528 -0.0959420437522201 0.00624153010272246
-0.0144262746877437 0.0277302809679237 -0.18389164348208 -0.113193350344871
-0.0254043573772034 0.0155429551631392 -0.105451725904001 -0.332061118984861
0.0052763486489884 0.0157546778115627 0.137620942110979 -0.410179602642319
-0.0255039130730046 0.0491504436035301 0.365925577494623 -0.17684094373525
-0.131752608835696 0.0750934299546166 0.0455726837119459 -0.0337789296563207
-0.145422201757811 0.0960480770934786 -0.201349078494356 -0.0947551598226316
-0.0120453808677625 0.0642882807165316 -0.573234404328716 -0.0967435992446089
0.00917040352557053 0.0243949942491938 -0.489871564216174 0.284207521073568
0.009791130559242 0.00802113025383112 -0.142500722504829 0.389884607372715
0.0383410107651229 -0.00870169372670296 0.0843432118341114 0.22723560100824
0.033907245674385 -0.0510062630775032 0.0639091621021859 0.0952124665808663
-0.00707481668099944 -0.0772330458959825 -0.00462834518186912 0.0553789658067854
-0.0277434017154603 -0.0707933206529558 -0.0152985658768658 0.0465239803102978
-0.0277492539338339 -0.0547801718890558 -0.0200247065314461 0.0344612015829874
-0.00136731512551269 -0.0253521526059002 -0.109049049521169 0.00241832413618789
-0.020042192262752 -0.0185542491912517 -0.210381847241225 -0.12167436427598
0.0249079742319043 -0.038206294867695 -0.109059841810359 -0.388707116565456
0.0848666833726516 0.0343005965325197 0.2207321735692 -0.471096488984211
-0.0057521185725239 0.1283443208776 0.496085467546017 -0.148351839199419
-0.178765916739964 0.130368946198471 0.129757938718491 0.00666720136754229
-0.146228131018766 0.0690904225189392 -0.136464761467504 -0.0331819908226072
-0.0563187489118247 0.0385029458440904 -0.454319051695971 0.0110431433625969
-0.0328465956358866 0.0555438740771932 -0.369308097250794 0.286386196317474
0.0234634113349562 0.0638144072808494 -0.0957087559798264 0.358592325953473
0.0795487335646587 0.0117700831211171 0.103067368455787 0.217317945073155
0.0665914791891571 -0.0517360595179771 0.0768892886987101 0.0800624804514987
0.013486333288994 -0.0870435170598467 -0.0033190643313166 0.0225265093283532
-0.0205806778085081 -0.0851931270712657 -0.0263772480915107 0.00695083822863484
-0.0312464436201854 -0.0750138386539127 -0.0387185428622525 0.00763659870409058
-0.00676607586194587 -0.0587883234228452 -0.136506856546595 -0.0189617248834485
0.000845471198062825 -0.0681899413880529 -0.238959364117251 -0.170841173252895
0.106660816100687 -0.0618476737209958 -0.0613906759920971 -0.479011701735114
0.150253924903818 0.0944961645393696 0.370995598667196 -0.494637228720567
-0.0175927935993485 0.206885262961338 0.625637639144629 -0.0623647979165397
-0.212924121694382 0.162555741499927 0.213315568756671 0.0389100024247952
-0.131116983627039 0.0569488576116381 -0.05982686191057 0.025741208332085
-0.0690256869582011 0.0374318519797589 -0.333372529051157 0.0748406782970876
-0.0327490282695698 0.0792640480001112 -0.281194645132652 0.278064864777071
0.0474413291762072 0.0794962750841352 -0.0582819639848824 0.34881201484188
0.0977716045355656 0.0124528655611855 0.132353924626281 0.217592017691375
0.0761604442368327 -0.0488011645900321 0.100247395169614 0.0620932179139961
0.0247009263649595 -0.0825969901821774 0.00317418297085502 -0.0163866121208644
-0.00965600075909221 -0.0859973424588086 -0.0331932683493971 -0.0334022983930572
-0.021054690472199 -0.0845143779042962 -0.0590584001923683 -0.0249425620834424
0.00918989672228702 -0.077712005442633 -0.160549636896425 -0.0633279565773587
0.0471651834319663 -0.0838717888156372 -0.235677013573657 -0.254747876510914
0.168787015814272 -0.0205999841981027 0.050476020755305 -0.553757056214354
0.143357508092295 0.16849814700802 0.54659369392512 -0.437175443109846
-0.0690987383469245 0.230382677121489 0.705899301386268 0.0719750428540409
-0.216212808971311 0.146469413038649 0.281460715761991 0.0609204480246195
-0.0977279210427361 0.055571299198405 0.00977386089901937 0.0621903146965161
-0.0433530849423593 0.0462106912702871 -0.245576648814708 0.10035904957724
-0.00187003208214046 0.0771399698955097 -0.220337287418838 0.278550259523922
0.0600712000927235 0.0539896373265839 -0.0195385739648087 0.348488019971448
0.0835998462377292 -0.000771568927401944 0.160934464654212 0.210556166216454
0.0621237000390549 -0.0406555227782134 0.120684205617583 0.0390390735271529
0.0249004626785406 -0.0655702703196068 0.0114146718241297 -0.053085693447906
0.00457146331399954 -0.072871877702789 -0.0341365830529844 -0.0686268378130936
0.00297150131650881 -0.0752882136147871 -0.0701592094705055 -0.060505985973508
0.0389278689217632 -0.0672062972920714 -0.163618535852566 -0.117292924752541
0.0841993813247953 -0.0506353498539361 -0.187993177170818 -0.329740233122775
0.159211992116646 0.0554381832101644 0.191425781859954 -0.564873675363549
0.0640222942688965 0.190973620453879 0.678318040735133 -0.318208748263556
-0.117012733752407 0.164830833565669 0.721119416176251 0.209096752733165
-0.173218245677813 0.0809981668889081 0.325769283192758 0.0756451001189107
0.0153980614447305 0.0134278537574568 -0.254141862172367 -0.0483139531052793
0.060713732342908 -0.0395855633593019 -0.619556731767856 -0.308626625280828
0.00420172486898676 -0.100060304873708 -0.744932655052475 0.184393079635835
-0.0960013106763691 -0.0741671929927923 -0.298656306643589 0.535577709262191
-0.0884790235295232 0.0136320413783253 0.129714027378618 0.371934868689893
-0.0528744360942696 0.0460381618652581 0.163420375218307 0.137455675444057
-0.0200093286619115 0.0589394020443828 0.0693461511736933 0.0667786124277227
-0.00249929231763017 0.0510013596741579 0.0367955929614834 0.0832540346024708
-0.00729582873645258 0.0514684238444832 0.00287959172042004 0.065244535124187
-0.0267958592327511 0.0466073055857709 -0.0913888463260186 -0.011388829031152
-0.0490977124817134 0.0219908059648338 -0.152475217036082 -0.142658855231411
-0.0544636198604136 -0.00300920112368593 -0.0384594129005616 -0.296506151645976
-0.0153853406372447 -0.021909094409693 0.125267831622647 -0.289053780269527
0.00804903088735362 -0.0370716009400831 0.182609992251094 -0.142250012100277
0.0359043060216231 -0.0245825025723329 -0.0675788130011117 -0.115920904644409
-0.0515315133894897 0.093164668049941 -0.269280746771402 -0.0815369061002777
0.0626753544553978 0.0717975124219919 -0.632052458875787 -0.328434711466857
0.0727747516891374 -0.0437843077677605 -0.747154487125875 0.164182980738142
-0.0265585324494723 -0.103079082397131 -0.31088354070232 0.500297840604687
-0.0750040946091034 -0.0344791274668087 0.0936962482478482 0.347866412560738
-0.0613484936664083 0.00616250210501829 0.130065882655288 0.144397702604891
-0.0395114304301368 0.0233822300824606 0.0515557975770887 0.0830100993116328
-0.0192706815262887 0.0226874485094024 0.0286595951475952 0.096010192102854
-0.00580470488164079 0.0266286429391904 0.000677706448410103 0.0734980990218692
0.000780160667783502 0.0370934798393318 -0.0927970546215782 -0.000628554625960371
-0.0212031163247288 0.0396464626418273 -0.162420723569406 -0.130648021085984
-0.048451561973714 0.0346466600132955 -0.063525479489178 -0.294045725915535
-0.0403010108188752 0.00224131419068841 0.105936841080997 -0.306076384663821
-0.0285582675032193 -0.0280606352562024 0.19524395297062 -0.15136734488137
-0.0183531555858337 -0.00733759788186347 -0.0663351878210307 -0.0958026645687868
-0.0990793944217472 0.135858966175619 -0.26386827816234 -0.112789736245356
0.061601615364846 0.123761795014928 -0.648684824193224 -0.293974923166959
0.100651591092595 -0.0104731223787165 -0.702580062899339 0.206073401333429
0.0108256981693059 -0.101162602582407 -0.264861271439382 0.468448106492927
-0.0489990131341564 -0.054266173267581 0.0810971739671239 0.297991804776782
-0.047542256430213 -0.025858756028466 0.0950878005405659 0.129479911149666
-0.044749489697777 -0.0155389145348957 0.0272689306004875 0.0855378191760983
-0.0304697571453072 -0.00880124337421467 0.017326777639635 0.0931736433886107
-0.00906317187068425 0.00132015436709536 0.000473891895808817 0.0661431278141578
0.0140085531204704 0.024362464115514 -0.0877442078921473 0.00398473108093946
-0.00991908222503038 0.0461934487542372 -0.164036490729883 -0.117138650397183
-0.0426530213775358 0.0430953693203648 -0.0840972192616842 -0.294814454798739
-0.0359803899164324 0.0116834043068607 0.100962850269346 -0.337711722349734
-0.0382675284949744 -0.00086877489296475 0.250520523420603 -0.165962406475746
-0.0731957421395873 0.0307687879393296 -0.0277602475022521 -0.0630373860676907
-0.123553682494853 0.1357852793049 -0.238910393440703 -0.117316660015005
0.0437528324518193 0.108217580263522 -0.6298227835486 -0.197922853583469
0.0755730200208608 -0.000925239925756015 -0.597178062284889 0.261350651626205
0.0122601746798471 -0.0646332522529564 -0.189258576794661 0.425071925881011
-0.0137528518346772 -0.0414459698314325 0.0799039520852458 0.245132724770856
-0.0150171721631129 -0.0431897019372086 0.0697738039979385 0.107117516429847
-0.0336989779660057 -0.0484790344520524 0.00724618329909221 0.076902707949505
-0.0347567157436191 -0.0385572974510634 0.00395052862099462 0.0756997835479668
-0.0194352055871711 -0.0231545694473397 -0.00399157749737079 0.0505688700203999
0.00921549865294902 0.00652259354494415 -0.0862814526574365 0.00643765847196853
-0.0178716336907125 0.0286262304311657 -0.173937069124661 -0.103632502963268
-0.0291789350242345 0.0104220594721165 -0.105506722992174 -0.311860244933325
0.00834112926716057 0.00812059570024484 0.125131458176248 -0.390615829380655
-0.019123956600557 0.0512727935554514 0.348141752280101 -0.175274249655465
-0.124097959362213 0.0861643036906889 0.0409937571334313 -0.0271083496202246
-0.13595205212383 0.108941477886462 -0.194438221647237 -0.0852076820897078
-0.00179545327383085 0.0669438063578378 -0.551426077549045 -0.0783733012501019
0.0185555624705024 0.0162823531954699 -0.463001164707505 0.284376049255559
0.00840848906401151 -0.0016548376575731 -0.125736408879847 0.374505857455056
0.0303551356044062 -0.0142401799444891 0.0836419638400729 0.211824464369375
0.0253726579178546 -0.0511497090635657 0.0611733000150093 0.0894200063461137
-0.0139866765846642 -0.0718432135483277 -0.00429783104001045 0.0562973386154942
-0.0341310475167056 -0.0626566576830731 -0.0119048101117869 0.0464184843184705
-0.0324531275241777 -0.0465271932391143 -0.016038566309233 0.0310001299637869
-0.00755901307099966 -0.0218005944235829 -0.0991597986051765 0.00529203916408752
-0.0269881775235109 -0.0176398190388506 -0.200176040540608 -0.108067912316169
0.0177143291943494 -0.0468947132627517 -0.113964212061298 -0.367212693439821
0.0891437557726634 0.0226307152785291 0.201039948176946 -0.453103785905512
0.00426113465358718 0.12930478104387 0.475931956718135 -0.154070274643902
-0.16825344359632 0.143266105060229 0.124274859983029 0.00617718408277466
-0.136956610065448 0.0818837964416431 -0.128578138648587 -0.0305596472736322
-0.0464386325957728 0.0423410579861762 -0.432740060196311 0.020171199580595
-0.0229447481701085 0.048374052212909 -0.346379719930589 0.280529407664553
0.0228606361726621 0.0533173979630342 -0.0835972912316113 0.341508080314226
0.0717993969460798 0.00511416582622673 0.0998099813713659 0.202879293810376
0.0581784106161059 -0.0532933084388066 0.0722884463350858 0.0751671087784189
0.00594380513807384 -0.0819917897280293 -0.00601022836734054 0.0266431778165376
-0.028152333856157 -0.0762644090641417 -0.0253753117305422 0.00987679641389149
-0.0377483281214657 -0.0664853124499118 -0.0365777707971763 0.0079415060380242
-0.0147655246965039 -0.0554132024887994 -0.128357131435076 -0.0126918614403008
-0.00876120775514847 -0.0684359084977164 -0.232199858031125 -0.154034283573922
0.0988175621330522 -0.0745289587212811 -0.074976394481164 -0.456954368962907
0.156354053611382 0.0804438065638224 0.344515984967578 -0.483118363737533
-0.00486334465563022 0.208079174353535 0.604362811491397 -0.0776810790710105
-0.199110216959661 0.1755374493311 0.20626212814564 0.0316340098651114
-0.121559540905852 0.067901338979248 -0.0517342708466017 0.0208155302734893
-0.0601636889094289 0.0409042451052109 -0.315024026806715 0.075685297706584
-0.0239166823378229 0.0721393133524322 -0.263822997301168 0.269307233221954
0.0473066593895771 0.070387063289647 -0.0500181342198626 0.332276125452521
0.0908288184084296 0.00629990431136612 0.127733131808082 0.203267480420123
0.0692453499269203 -0.0507484586816712 0.0936743594677102 0.0581934071736131
0.0173199250204813 -0.0792235289121841 -0.00151226793107683 -0.0101924832043571
-0.0167593039009886 -0.0793603951400513 -0.0353770875481008 -0.0277049771402438
-0.0278349071624455 -0.0770658421751116 -0.0595143964878301 -0.0211354215653465
0.000948351351260461 -0.076111247630634 -0.156237138152889 -0.054045738621084
0.0367708051637095 -0.0862918791239486 -0.235095971533488 -0.23478634908075
0.16354318080036 -0.0353673131680946 0.0296493718720853 -0.534959730708912
0.151599281083512 0.155349908219626 0.519975655627 -0.436790543113109
-0.0564238703998689 0.232640551746495 0.687796165653666 0.0520157864596308
-0.203790424555391 0.158344546473329 0.273503922664289 0.048433036674093
-0.0891779091283532 0.0630922267887281 0.0158605241059131 0.0525819056625558
-0.0374590000631584 0.0468470598092886 -0.231105728638857 0.0957785418085024
0.00485606444205676 0.0704212418748712 -0.20711582178365 0.266920950667414
0.0598231150427033 0.0477707343959089 -0.0147003825236713 0.332831305457165
0.0785035046355711 -0.0056147763606035 0.156185124010367 0.19857961938608
0.057361484719486 -0.0426669735036667 0.113716959242535 0.0373834868818038
0.0198396120131967 -0.0637233425034076 0.0045364107117272 -0.0448231440569903
-0.00183942865482376 -0.068652421450379 -0.0383904599416232 -0.0599923336163165
-0.0034337329565767 -0.0710315180869804 -0.0729298544875469 -0.0542133690419681
0.0320847857276702 -0.0679483309342447 -0.162691675750154 -0.104914519109687
0.0774539513349664 -0.0550444053322117 -0.193127146722482 -0.310064773517894
0.15820578478265 0.0421822956406196 0.16560978904401 -0.552232783009643
0.0721320829289697 0.181974024734203 0.648201127741765 -0.326344994554395
-0.108021599946173 0.168791643643672 0.705628567997289 0.184306129190912
-0.164240068645744 0.0899514109866615 0.316034405971296 0.0595007160613293
0.0160888767130075 0.0133445723745049 -0.247381993916533 -0.0407470112935634
0.058137532386031 -0.0410469002427456 -0.613107984706593 -0.302541953461138
0.00326725637484405 -0.10022774827253 -0.737771367944595 0.184333073444028
-0.0955027132126104 -0.0702393698405578 -0.29033478286445 0.531274677828483
-0.0874288294413323 0.0156428646030486 0.133466827532204 0.366443122541691
-0.0508244960757191 0.0461932056604306 0.165032142876067 0.131904352602929
-0.017206767486892 0.0582949567253726 0.0719961301120205 0.0629410524406485
-0.000351799817075767 0.0491574410538885 0.0418247415285897 0.078076445142728
-0.00445351254948597 0.0507733765422333 0.00823573631205503 0.0587818623026712
-0.0244807831612941 0.0463371458084604 -0.0834275983018442 -0.0149414210708956
-0.0479778161450162 0.0239010860866538 -0.142984118179071 -0.141859149535013
-0.0542106103424017 0.000159510152366529 -0.0324167072519851 -0.289799086702772
-0.0173508808817071 -0.0222139054814865 0.126900748474039 -0.275627515190856
0.00411344823907355 -0.0376117771273791 0.178924149223458 -0.129045820052789
0.0349964981032386 -0.0252113553986395 -0.0721661304947676 -0.102864531039044
-0.0496639082802324 0.0965843742560467 -0.263714628290544 -0.0729191448979598
0.064205244480727 0.072693920500619 -0.6239820669882 -0.324245522403971
0.0755994028902336 -0.0466392652333792 -0.74147268880139 0.16595905582123
-0.0268284226798058 -0.104998052281743 -0.304257029876171 0.496583501101083
-0.0775790534083424 -0.0344720295500824 0.0968928993542974 0.341664810690518
-0.0623188356094566 0.00689893837340392 0.131200121723617 0.139673201453703
-0.0398403083996358 0.0244584283235701 0.0543262817176688 0.0799956709746715
-0.0190351241334331 0.0235464992224475 0.034322326011492 0.091036832103581
-0.00450900681968789 0.0273455547429165 0.00665287394701291 0.0668024344621047
0.00145859351512881 0.0364448330917167 -0.0851967549740331 -0.00435775545119965
-0.021175379244048 0.0413202423573906 -0.152445526168849 -0.1312422278838
-0.0495842620358687 0.0352118343456857 -0.056258315236735 -0.287471195281957
-0.0402798263501505 -0.000327457579901463 0.107313708046537 -0.293214556408358
-0.0289358164077062 -0.0276157875269202 0.191482564152957 -0.140340801577587
-0.0175416460666561 -0.0043435618094078 -0.0700340329098905 -0.0827773115462518
-0.0960315658977819 0.143540837497467 -0.258462821519272 -0.105197411391034
0.0667726588731458 0.126506888505756 -0.638946040414534 -0.288303496110169
0.107275082552521 -0.0155277538395172 -0.691836663357563 0.204455280988812
0.0103774719183495 -0.107242342129988 -0.25760032052185 0.46187241148129
-0.0537290896098777 -0.0562627634599423 0.0826350735297015 0.290405861112783
-0.051677085217855 -0.024853594815547 0.0953462417646459 0.124562007991915
-0.0470089805869147 -0.012102781065792 0.0293317867799212 0.084270865795825
-0.0324183615710634 -0.00572667678432406 0.0226140908066307 0.0891820417839332
-0.00973321700289318 0.00402035028955919 0.00524092815557953 0.0604648399573261
0.0135315305005518 0.0254655129398322 -0.080134876366318 0.000640316723825371
-0.0119297175665437 0.0475233414750558 -0.154628472295079 -0.116110080607935
-0.0463120943416265 0.0414777962309037 -0.0763376957736928 -0.2867550488454
-0.0350060824430115 0.00714691509852065 0.103014217752132 -0.324658796033957
-0.0355540342595282 0.000781630690485181 0.246825265687295 -0.155976616002228
-0.0705629763918421 0.0370521318626342 -0.0308067328025681 -0.052634771313776
-0.119901792574651 0.145258422472231 -0.233899608854848 -0.111796138640763
0.051338080720379 0.111459936735625 -0.618574502518446 -0.192592532641214
0.0835747162322813 -0.00728466381002741 -0.584787552161085 0.258387138558441
0.0109514588845124 -0.0731167230425753 -0.183128325966837 0.416722067914157
-0.0205516212158381 -0.04484094414764 0.0776067968506925 0.237125994563743
-0.0210718167775047 -0.0429247157595423 0.0671201310638614 0.103859271390903
-0.0382181618635074 -0.0445250763790936 0.00792433696603778 0.0765780254574987
-0.0383073063465137 -0.0332458211070267 0.00802614263892203 0.0738887151424388
-0.0212123234947258 -0.0181570472980888 -2.2827707508138E-05 0.0458922034049763
0.00626490715968581 0.00865037113030534 -0.0787400615004809 0.00390364337894457
-0.022158522722896 0.0294041070118191 -0.164310913495456 -0.101486643857082
-0.0349364874842789 0.00551915003892896 -0.0991615127462976 -0.302268525096781
0.0105945904205662 0.000950425935948223 0.125417794465041 -0.377072442504397
-0.0133978494175569 0.0536537075117999 0.343266447762453 -0.168262516354225
-0.119159168635057 0.095564405292195 0.0377882099429232 -0.0202105701791255
-0.13122895089478 0.119584695425386 -0.188410579131108 -0.082184785292311
0.00672578886915136 0.0709297599003689 -0.540302477758877 -0.0770199778168327
0.0267930070053893 0.00927697276877439 -0.452076564812047 0.279420255591648
0.00669411621813827 -0.0112320943527356 -0.122767429770211 0.363767429387177
0.023151966370698 -0.0178223674074685 0.0786193587016236 0.204223864962737
0.0190445977008767 -0.0509679893015461 0.0568315096908458 0.0879018669927375
-0.0190497998288114 -0.0677759293884504 -0.00443214479730649 0.0585206684128601
-0.0388289365639088 -0.0564044461785965 -0.00930394879736778 0.0463480320143586
-0.0356398321200265 -0.0407801976486707 -0.0134534597651111 0.0285104576438595
-0.0123205411268936 -0.0191494196039037 -0.092525302758003 0.00465662950944272
-0.0336458407101616 -0.0168897693635849 -0.192205425759609 -0.103478660167487
0.0110666279005633 -0.0553833961361871 -0.111439314070598 -0.3556950838854
0.0931448003334629 0.0136920385021282 0.198733217627797 -0.440839023455352
0.0120290894617336 0.132923181062653 0.470144999390124 -0.151332866732524
-0.162833552934931 0.154573697272529 0.12169527460574 0.00877474422224853
-0.131477434388546 0.0924401977474672 -0.123221508497464 -0.0323971116055208
-0.0387937130671317 0.0452041280798734 -0.421924857410295 0.0177039320160253
-0.015985691417233 0.0407194321148936 -0.339504543578717 0.271492575514608
0.0209718544125903 0.0454859702166906 -0.0836845247503593 0.330659691326409
0.0651381698745303 0.00136196158300371 0.0932187072181554 0.196392714395624
0.052290734658729 -0.0536031742035439 0.0665387400010557 0.0749732710205404
0.00104034944793298 -0.0788722003683919 -0.00794530665962261 0.0303934313657866
-0.0330563312174562 -0.0706079426562541 -0.025260806785987 0.0126822770993008
-0.0423751958262392 -0.0603674340261278 -0.0360581154799231 0.00772740292631118
-0.0211710896816429 -0.0532702456723474 -0.123305525502781 -0.0103479985529575
-0.0166862272873732 -0.0695244221007073 -0.226247228699288 -0.146188703602854
0.0929173488830762 -0.0853064629104489 -0.0766732866916702 -0.446463744155085
0.162703842779311 0.0713448715424646 0.340576364683943 -0.474530360888813
0.00324181642639311 0.212584192877446 0.599065422153535 -0.0766413407146572
-0.19459508024601 0.18575190384397 0.202802952724909 0.0306279454833558
-0.116251951329809 0.0763205563692704 -0.0466415789491085 0.01537801096897
-0.0544935473787139 0.0426627366625323 -0.305670749224832 0.06894655497967
-0.0185550648145712 0.0656826410711841 -0.260223768977299 0.257721924691503
0.0460723737972293 0.0645653461061283 -0.0528730914203016 0.322869049173898
0.0853315582799187 0.00320316500995946 0.120413199744617 0.198953719045971
0.0644750645946967 -0.0516390550543971 0.0879361409528835 0.0594523256941642
0.0134188248926429 -0.0765081265321451 -0.00523114278952449 -0.00406292974954937
-0.0215481003444005 -0.0740843067058168 -0.0372497079717126 -0.0227419721313242
-0.03264140212629 -0.0720050211487513 -0.0601807729085123 -0.0189814979067581
-0.00502035600637188 -0.0753585407783331 -0.153390560073794 -0.0492663377839942
0.0301072821487411 -0.0886526779422665 -0.233239773422492 -0.225243019813556
0.160790884162606 -0.0458409781824405 0.0242199644660535 -0.527566566585362
0.158761857815294 0.148821871304527 0.514377781671463 -0.43153217715077
-0.0500657870323564 0.238624803834574 0.682216576950263 0.0505871717374318
-0.198715392939602 0.166838206696338 0.268486780409127 0.0440829850265158
-0.0844782157867602 0.0684175581805184 0.0202751597881577 0.0430719904618048
-0.0338249821315314 0.0468900025134835 -0.224299165312683 0.0868977656832456
0.00866776607467898 0.0650629476004995 -0.205839479322461 0.256180822476968
0.0597906223062814 0.0438941523673093 -0.01827253899311 0.324495310642063
0.0748187888257182 -0.00795249781858383 0.150296125049741 0.195713221522378
0.0544748381886153 -0.0437803488342846 0.108328567844085 0.039232513575697
0.0173669481672993 -0.0624136234944972 -0.000535385968890391 -0.0375460474272548
-0.00557378348021632 -0.0657503762073432 -0.0421148220408412 -0.0545138076405909
-0.00689150208129491 -0.0681680042362506 -0.0759800734917168 -0.0498725511794736
0.0274999803685634 -0.0682223294277079 -0.162464136267186 -0.0993928878149876
0.0733497629496607 -0.0582802438621863 -0.194146653402495 -0.300676908069601
0.157784757602684 0.034722888790666 0.158980977985462 -0.547952870046223
0.077309464921399 0.178651973933096 0.642540400863379 -0.321950801768
-0.105212960145185 0.173714480845473 0.700584389797341 0.182514783789802
-0.160685846865694 0.0964802932855329 0.311268701539599 0.0531268304565914
0.0232939515199714 0.00918968286786955 -0.239484222607037 0.0700106125456165
0.0401782024138723 -0.051648912745955 -0.696017395395853 -0.0170556044748688
-0.0292481844638678 -0.0885247445576115 -0.602385995353547 0.485520198700586
-0.105183658366349 -0.025336567921943 -0.0378860754469645 0.618708795849074
-0.0698970788787879 0.0459048123077185 0.287462463606252 0.276890583857444
-0.0260709694723611 0.0621611485190446 0.211225343094931 0.0463003491184547
0.0103289905623797 0.0594057584892165 0.096118502844608 0.0248187821830394
0.0205927227140672 0.0438098664784023 0.0760833031093059 0.0476444576059056
0.019140347722269 0.0479696058531988 0.0349562958922781 0.0426936873318461
-0.00186520516716948 0.0533300091578857 -0.0809701508881729 0.0168018637777614
-0.0344678646413894 0.0442141455852158 -0.188325503472766 -0.0755585573630888
-0.0497750139962072 0.0229319662333507 -0.15013645446948 -0.25579461673902
-0.0255308491575842 -0.0158953750313443 0.00508831860906302 -0.300241254611223
-0.0126491954791772 -0.0372150993270872 0.11579018959787 -0.185040205733007
0.02019978396931 -0.0418191993412382 -0.108855385712378 -0.0490699464492309
-0.0025587330145661 0.116738526654255 -0.266509212705704 0.0511564605147836
0.0967176561365658 0.0516230089478993 -0.71113756648123 -0.0302570020794825
0.0625278854860595 -0.0713888611238222 -0.608600627303006 0.466511201419144
-0.059620386022238 -0.0889215557967567 -0.0639808020118575 0.586768930793028
-0.0849871802231678 -0.00413333267946063 0.239083840320587 0.269278666502466
-0.0556673679288757 0.0326519106175734 0.181649261594746 0.0674603773763426
-0.0257876180836367 0.0407687715176107 0.0861191085767627 0.0483196386993089
-0.00774749958232104 0.0307080826829053 0.0746634721305578 0.0619089234137179
0.00893030365289594 0.0279959851413874 0.0369360044871437 0.0509616043521439
0.0173792488053093 0.0344182001680134 -0.0772455193727547 0.0269392700543291
-0.00274257006710301 0.0498989870263077 -0.192976046310536 -0.0594989538490327
-0.0331207542487071 0.0515884066238562 -0.171765736138032 -0.241762959230594
-0.0376376281194077 0.0123766189066409 -0.0206585646385395 -0.308828718254374
-0.0363148188735998 -0.013467333082272 0.122087258266929 -0.203286310390151
-0.0168752813585087 0.00545416245206913 -0.098792533617243 -0.0357888949473416
-0.0250398366524503 0.182086701875792 -0.275422036247519 0.0218660342789255
0.125510469947915 0.0999952854015059 -0.707376830195734 0.0108559357133923
0.106175125760093 -0.0595519877566671 -0.541513611465101 0.481904308114689
-0.0306523693606098 -0.110220072140825 -0.0365964873690309 0.532161210364378
-0.0760781843121783 -0.0334330615226097 0.199729856466521 0.227512461797149
-0.0612328642036452 -6.68253298260939E-05 0.139773896230392 0.070947137509962
-0.0496236330982653 0.011803037431728 0.0639582136572165 0.0637855060732924
-0.0328553306637961 0.0118398125592468 0.0634413892094222 0.0670481040247742
-0.00600412665839634 0.0103374982216672 0.032785953991785 0.045796967655592
0.0235580962641227 0.0200818521175764 -0.0703655423762439 0.029438052142863
0.00759100670246938 0.0521843903592769 -0.188496585588503 -0.0440477970968054
-0.030623560365972 0.0549690580127524 -0.190485011501395 -0.231662534013501
-0.029949108996466 0.0138833797278117 -0.0385924569569763 -0.336360875152019
-0.0263062020533559 0.0153574340792978 0.163270047828771 -0.242680424281372
-0.0447228811781542 0.0728466502121909 -0.0504144583139123 -0.0296636163937302
-0.044685054034313 0.195897747927039 -0.256757245915397 0.00488186374625153
0.107774621220173 0.0908883283200646 -0.647226024326064 0.0894216450501895
0.0873620118702644 -0.0465710368307402 -0.420711803518231 0.482707794678305
-0.0193685988612743 -0.0816527775470735 0.011716949244043 0.45586504676149
-0.0433292688280457 -0.0358680706936022 0.169557303146866 0.179451113347512
-0.0418477090240094 -0.0289694282322197 0.103619083688072 0.0644427305574122
-0.0557696434381958 -0.0203021471134653 0.0402917836077626 0.0673217916597365
-0.0509509390172545 -0.00950271946138779 0.0426385124551559 0.0608965026399942
-0.0274430309216907 -0.00305942246139482 0.0213118177821545 0.0363388823081147
0.00816693766415102 0.0088584993153757 -0.0666166894921421 0.0332758770208148
-0.0125650729708739 0.0415368113747234 -0.188859604110016 -0.0250543885269555
-0.0401516820946008 0.0147139700043462 -0.215612135603481 -0.234856585945906
0.0119227700821598 -0.0153907518898884 -0.0430744209512769 -0.391291819404607
0.0218784343392961 0.0546910818052136 0.242455364377727 -0.297029709584127
-0.060577531021298 0.153268146145145 0.0230518611968607 -0.0354848178336771
-0.06464320733978 0.1759206729116 -0.204158603814941 0.0102193210567873
0.0509944770700646 0.0690088564442737 -0.525098276670644 0.160649595930109
0.0397314700756087 -0.0108993986589009 -0.291090402965354 0.443717035155706
0.000605528219578114 -0.0227789986106974 0.0435248151809242 0.381897324732674
0.00727433685999484 -0.0289411816822712 0.155121844099377 0.148385739992885
-0.0087773276764425 -0.0534039230857368 0.086509497991968 0.0547963020622963
-0.0483669683898293 -0.0491644334931432 0.0204952303774416 0.0572201098882052
-0.061344987520708 -0.0298639523215911 0.0142508480077997 0.045658038714824
-0.0512024721383936 -0.0163716542976347 0.00109727657062106 0.0282728832387923
-0.0233043856689299 -0.00804283784326083 -0.0780314111194553 0.0416219892886614
-0.045752674218086 0.00276107264547776 -0.213390620722497 -0.0135671330824925
-0.0265073124901886 -0.0642073363586042 -0.246914474406505 -0.276318949673874
0.098671636567402 -0.0422686633459421 -0.00625316488376501 -0.480147449275133
0.0846164602776584 0.119029848008313 0.36295182200924 -0.336674290152996
-0.0720680665711107 0.230912732724938 0.109180168275757 -0.0509937648710809
-0.0757514215805671 0.148625984948563 -0.124148620024349 0.0244026600218382
-0.00284628753376242 0.0611590576181517 -0.376076733138078 0.194775514778945
0.0107851674064556 0.0358751406694421 -0.192922323111765 0.387864450072337
0.0373339401390947 0.0236127478867559 0.0651282145355054 0.336403591996599
0.0546383963919865 -0.0287409517542837 0.165510057339052 0.135166786153576
0.0206255461851728 -0.070447809845292 0.089972099738047 0.0406535275341723
-0.0349057483681569 -0.0678294313507239 0.00518021697353013 0.0339652210874027
-0.062046231530923 -0.0458189145334334 -0.0166621233806951 0.0237057867193551
-0.066245273727458 -0.0318471038676695 -0.0287583657771295 0.0219131564611022
-0.0478577585404295 -0.0365020498382883 -0.112279286193492 0.0431188165298209
-0.05418656783278 -0.0557243468272809 -0.262304995702753 -0.0343782580143885
0.0370459468408084 -0.132557766924895 -0.252876446163812 -0.368837318265984
0.19334970917511 -0.0172015633248747 0.103963193017619 -0.570886956722886
0.114201465461799 0.200462307454469 0.508278954896311 -0.325089601420435
-0.0870318419724693 0.27604457060493 0.191016960162957 -0.07070680214109
-0.0692107552879197 0.123286481437783 -0.0346647529886844 0.032520435124807
-0.0221208517037905 0.062468114910588 -0.248237965225475 0.189997452333211
0.0164188141993541 0.0606799600764871 -0.127006752029368 0.341865362953478
0.0686591970281464 0.0314632189634679 0.0905100854622466 0.317101389883322
0.0753196810194924 -0.0362865130865755 0.193252334565149 0.126141480408343
0.033717738024064 -0.075314742290937 0.103322714653738 0.0175802705982533
-0.0220156914358801 -0.0722027595302555 -0.00795989219525408 0.0022583036751147
-0.0529547793853192 -0.0546061755766854 -0.0439736943543015 -0.00137108204394532
-0.0633865438085328 -0.0475321428677921 -0.0629952600272377 0.0109667368485577
-0.0428594528288333 -0.0648331134219553 -0.158512973468716 0.0232711591583824
-0.0188705507165144 -0.0968050507802179 -0.304315635399338 -0.0990008177814074
0.120231721524222 -0.128071607894942 -0.198050853252597 -0.481646622971955
0.226382850962322 0.0611253478376803 0.279170317754151 -0.607856611365944
0.0745953320588731 0.250895986526356 0.637881912649545 -0.24695933513789
-0.10093589647669 0.258284954295058 0.257243768218854 -0.0888375430137755
-0.0442745517375358 0.0990601833762628 0.0387571604702453 0.0262384013656254
-0.00459117430402134 0.0571171170111643 -0.168371772530763 0.170931706191871
0.0402947269129349 0.0505923448687077 -0.0801107296583119 0.316283762514644
0.074333386871269 0.00874996063852207 0.122481514029037 0.304620032454943
0.0625844965069575 -0.0427217711623071 0.219310248074159 0.111684279230053
0.0282682942580482 -0.0645893702498872 0.113680040225202 -0.00872858091848308
-0.0121547785817106 -0.0632958246502506 -0.0176620195233949 -0.029123562119429
-0.034227627113986 -0.055384492970124 -0.0628170835815568 -0.0262524535030804
-0.0377112414101572 -0.0575270922318931 -0.0917250132775507 -0.00826943393501623
-0.00815124343538945 -0.0744197397210879 -0.190252023166973 -0.0159080183851117
0.0376922783729837 -0.0883436491105122 -0.305829987703761 -0.182683611939368
0.158234833928807 -0.0507666778812144 -0.0920716873907079 -0.557542567819091
0.163343290303757 0.129764561127708 0.442628353302003 -0.569209949223839
-0.0093120422102483 0.217314761304741 0.717176426476346 -0.134562864865643
-0.0989750097976606 0.170869601328767 0.302098052262986 -0.0967708410931699
0.0246855287426412 0.00822961758959083 -0.238801276509357 0.0817373655063832
0.0378188266780805 -0.0547758028060952 -0.718375217309999 -0.000357836360880159
-0.0342410481503952 -0.0912924289031024 -0.61141310371879 0.519043414249488
-0.108665304569754 -0.0223240653727869 -0.0175459378783739 0.641385703730359
-0.0696275466646348 0.0509909982140192 0.309046463796943 0.273937938862429
-0.0233365456553322 0.0650406947775513 0.220526491706652 0.0366910396254918
0.0142244208202685 0.0598666642993511 0.101173374023477 0.0187753249441944
0.0232264983949246 0.0431097569157812 0.081854576164097 0.0399756370527067
0.0231611593722512 0.0466164456390841 0.0389624272762007 0.0346472523246727
0.000755693471065411 0.0545686661683971 -0.0801684625602868 0.011961966127398
-0.0320250235019991 0.0477815491501414 -0.191650111338162 -0.0787330571274286
-0.0496588164023019 0.0279045428523282 -0.153416286758389 -0.260938447557997
-0.0291212725998924 -0.0145133114109906 0.00688014738872175 -0.303978356836349
-0.0167480984163688 -0.0368272282198555 0.120057746196566 -0.185024553342583
0.0188778934457204 -0.0450426902313141 -0.111586962545405 -0.0343111186468395
0.00398295589133571 0.124836207747972 -0.267761257803844 0.0650529282356875
0.104350367680108 0.0516136220052692 -0.732981530157209 -0.0120110556901075
0.0645218046662128 -0.0796741678485376 -0.616257502741587 0.499222762172598
-0.0662960317934527 -0.0936510310917771 -0.0474040365566974 0.606722511921534
-0.0910209179204502 -0.000798105489727675 0.256315951311143 0.268615024855892
-0.0579774681323505 0.03711271292441 0.189987678368017 0.0609207476527528
-0.0251586028824118 0.0445623674655712 0.0916769745985951 0.0439420969361264
-0.00702602761840209 0.033036016829577 0.0821899034806597 0.0557071557411807
0.0113865273376064 0.0288674871204263 0.041662835522579 0.0429733026838596
0.0200810472428845 0.0351479371396944 -0.0760697627283702 0.0226785475611306
-0.000663689326293048 0.053275739185248 -0.196189436786963 -0.062888307856807
-0.0338913267739065 0.0567254959993974 -0.175502079557193 -0.247047942457325
-0.0410343166079104 0.0125915133316244 -0.0199165999707471 -0.313976992000698
-0.0376476203734221 -0.0121082641941362 0.125818946387151 -0.205083683151542
-0.0148101714923331 0.00728606467865963 -0.100556254512641 -0.021430449896788
-0.0144084842870374 0.195902092601348 -0.277929867444896 0.0340000704134914
0.139811927544663 0.100750908660436 -0.725631746817952 0.029022008998678
0.111837851631435 -0.07247001064015 -0.545717125459361 0.511224986889608
-0.039409848451267 -0.120212511802923 -0.0214620368350656 0.546249239846986
-0.0856747942259227 -0.0315700910161933 0.211491445076014 0.22615300706229
-0.0667930151513714 0.00462090776492606 0.145519146319575 0.0674454764728527
-0.0518414386805065 0.0178860616497425 0.0695198949122633 0.0624161735039933
-0.033553325792939 0.0170298767912275 0.070458116776084 0.0620820644655033
-0.00495650299748787 0.0131749197409973 0.0362533550413789 0.0389352491875793
0.0248882780638215 0.0214085224772439 -0.0691293244537399 0.0249617279694115
0.00834508404995117 0.0561701809017118 -0.190840793523542 -0.0459702703652788
-0.0342773748329557 0.0589000893669486 -0.194086059181024 -0.235511601487078
-0.0329741066806824 0.0108607264377491 -0.0405856687093879 -0.341833158622562
-0.0236525465749202 0.0164219226464015 0.166472689759626 -0.248802440535186
-0.0385064040998098 0.0808499405176213 -0.050712521877705 -0.0185003466419535
-0.0328961378497542 0.211965687327337 -0.260134312316153 0.0136845962593476
0.123650941546431 0.0915018731466606 -0.660936740249317 0.106558694556481
0.0932107552703776 -0.0603858043225814 -0.41900706567528 0.506761710975879
-0.0288384095589203 -0.0913937772564299 0.0231786681269782 0.465661380073183
-0.0537091531907468 -0.0347906265065501 0.175512805228729 0.178434279844488
-0.0489405599139928 -0.0253321366592912 0.106485803451396 0.0640453581425117
-0.0598208747832635 -0.0140221428674754 0.0449710597316113 0.068741854748994
-0.0529148687009791 -0.00235784219529737 0.0479102358585222 0.057891127670179
-0.0274649223638068 0.00190663198610028 0.0238745032055891 0.0310725597137412
0.00754719293580306 0.0119165395450746 -0.0646372825032082 0.0293860395808875
-0.0144892422648879 0.046931519494539 -0.189525339996402 -0.0254451357707889
-0.0486902491302238 0.0163911225438868 -0.221090349529579 -0.236577126079117
0.0099848089947339 -0.0236426236402742 -0.0480655230932952 -0.399704454322904
0.0312545596320174 0.0547392095201093 0.245192469827037 -0.308019528866956
-0.0490315179007508 0.167014127195517 0.0239918388040943 -0.0297461564798826
-0.0523846340423224 0.193163656775518 -0.207516822835622 0.0146494905181503
0.0645267818758883 0.0697793557585889 -0.530679948470759 0.175462667356291
0.043050246049216 -0.0227277732624822 -0.28878866059501 0.45881156082119
-0.0070248600246845 -0.0306877492746904 0.051455258771518 0.387867132246576
-0.0011015268312795 -0.0287701693089071 0.157423336439686 0.148504614927839
-0.015677123568454 -0.0517012546549939 0.0877955228545227 0.0565165788883043
-0.0539067840726956 -0.0438466141834675 0.0242635562103778 0.0613494351811269
-0.0646441402516085 -0.0216426414172322 0.0178933780480656 0.0457853643895854
-0.0530715829451124 -0.00894266167444376 0.00250665394422905 0.026187395094076
-0.0272846733884012 -0.00300988583766708 -0.0756920193636978 0.0402416770816606
-0.0529180606498251 0.00838641429083316 -0.213803964802657 -0.0092983130096661
-0.0398523926815505 -0.0690216773895482 -0.256712643913293 -0.276055638118919
0.100334455387758 -0.0568683658177698 -0.013901130765916 -0.492629771638074
0.101071839729488 0.119968180636661 0.366375754130347 -0.355344246641757
-0.0571848178825581 0.249788706517755 0.110415253881099 -0.0517745484238126
-0.0644989908866471 0.163958486221692 -0.125151860024778 0.023197809711174
0.0063413494342399 0.0626946414034009 -0.379138047401779 0.203621668470984
0.0132937802892577 0.0272105939004471 -0.190178180952859 0.398726444050042
0.0330718551208817 0.0176739315346788 0.0693983470583654 0.340117110028301
0.049503157332264 -0.0299662069897248 0.166386650695368 0.135931296498606
0.0150853309753631 -0.0711325441824892 0.0905631932371698 0.0426901068674215
-0.0408238325556152 -0.0644299940239778 0.00674099624621638 0.039931608453632
-0.0659238267489529 -0.037894461903765 -0.0152739518901124 0.026683773068293
-0.070896315999529 -0.0235305663045636 -0.0285186678074099 0.0231203739492482
-0.0550261342185997 -0.0307179333509061 -0.111089765744273 0.0472375498305384
-0.0656033878082593 -0.0530360066010007 -0.265793527898771 -0.0258856935066477
0.023957441087083 -0.144653000583079 -0.270277270020258 -0.369550559063389
0.202614777468259 -0.0352230689186692 0.0956757763872681 -0.591574812160798
0.135066386115595 0.205465282744477 0.516374714602648 -0.350232898016695
-0.0711500163275963 0.296968293025387 0.192589908911576 -0.0781607977681495
-0.0597911860404089 0.135441483253353 -0.0336338907737037 0.0260143649664842
-0.0156412250958336 0.0645618063625148 -0.250595026526594 0.192702142527008
0.0187747724104105 0.0550198025002802 -0.127015153406466 0.348795002827488
0.0679084495301706 0.0260843103140708 0.0951239881277576 0.321368357976813
0.0726300366406639 -0.0389447545849102 0.1958348203317 0.126526679135497
0.0289441975496259 -0.0774474727836588 0.104040709277942 0.0197940747292843
-0.0271920510801681 -0.0707938056135105 -0.00754860732577814 0.00908040539619925
-0.0572977996943948 -0.0484696588971666 -0.0449703386611993 0.0039160478681293
-0.0685454777142965 -0.0411515581823351 -0.064622106923137 0.0155856054942443
-0.0521472372756617 -0.0622937504313635 -0.159840532640083 0.0307385049444283
-0.0292180257944204 -0.0986911179423416 -0.313641083496558 -0.0909582852422559
0.114031013873782 -0.143902651728949 -0.220739973700421 -0.489829636411783
0.241196786043647 0.0482154397594601 0.272373391395979 -0.637567667657614
0.0940644453810699 0.261146811820976 0.656262839796759 -0.273393770302828
-0.0879845202796473 0.278189715299966 0.259266502462798 -0.100991350608226
-0.0368937227317738 0.106958877176654 0.0409287043313935 0.0156394916192542
-0.000491709180719951 0.0590891328321884 -0.169805893010639 0.170849403823005
0.0429522603278281 0.0460675342008805 -0.0805587226455627 0.321374295967359
0.0752557566552712 0.00342314382744124 0.127287163153892 0.309605379723424
0.0604769441930362 -0.0455588611851536 0.225225282549816 0.111982842967723
0.0251060676339407 -0.0674979090675353 0.114259975768289 -0.00708487652978603
-0.0161973858804695 -0.0633533566885618 -0.0197489165985685 -0.0213624853936937
-0.0385380116952944 -0.052382252361015 -0.0658276462081221 -0.0189356869631047
-0.0424408371426282 -0.054386410119575 -0.0958275943760695 -0.00193516044262124
-0.0148772271462559 -0.0753234230373705 -0.196730346166723 -0.00753362208667034
0.0315119238818729 -0.0936947080638091 -0.31982042796364 -0.175958064197893
0.159609600974883 -0.0632582556431433 -0.11514736796535 -0.572125113045857
0.177295421136847 0.125176336987794 0.444491799287286 -0.601975589534731
0.0017364900566264 0.22957827239817 0.739641439566587 -0.160068145694409
-0.0914457576086259 0.184699432750993 0.303819544245779 -0.111452399895307
0.0253791778294785 0.00685107026483689 -0.232158469895495 0.0999709879386313
0.0334480663048642 -0.0576868823280859 -0.7317253490235 0.0331217953944163
-0.0426319167950292 -0.0912271832761181 -0.60062034602534 0.563816636373058
-0.111539472023835 -0.0157711119156791 0.017986042752172 0.655420725571582
-0.0668395137133975 0.0575043967495396 0.333983929537807 0.25829982670552
-0.0189992989394205 0.067324964474287 0.227466302822085 0.0207669977357006
0.0195870978908892 0.0584550585199385 0.105024523081229 0.00875939239926321
0.0262629112336243 0.0405100586975547 0.0874614205041534 0.029286383447024
0.0274817247513688 0.0440368009730606 0.0424767185519575 0.0243760542792244
0.00562024234113799 0.0550877455462287 -0.0793130616015488 0.0087333083951498
-0.0283709811374015 0.0519817048646579 -0.196581826318963 -0.0772062275574922
-0.0479790974286538 0.0340285445356849 -0.16404976750614 -0.259425073599672
-0.0328086558776663 -0.0117949736986023 0.000492632495464376 -0.306180217453662
-0.0221041614715905 -0.0352821026423568 0.118575624545673 -0.186574686944955
0.0159339033423369 -0.0488036326849206 -0.112129244040353 -0.0154437598230005
0.0145995562748681 0.130197097047699 -0.262851108675961 0.0839246754971105
0.112639546551971 0.0474130549317931 -0.745668109981587 0.0239380805275326
0.0623162556550044 -0.0894664528067666 -0.60446728543447 0.544284473714779
-0.0757266759270222 -0.0955179044675767 -0.0139679226739379 0.621300359556187
-0.0955674601088404 0.00588696005219234 0.278221462548516 0.256579584444636
-0.0582962633977235 0.042809646117824 0.19815038559125 0.0479929615468358
-0.0230098518416431 0.0478259580443349 0.0970879059601634 0.0361541196612502
-0.00440531373777047 0.0354608432259771 0.0883400673106944 0.0454113507389845
0.0143373545032465 0.0284381704863163 0.0451293825538555 0.0325446293280142
0.0237475960110318 0.0354046021083045 -0.0747374677437177 0.0184886521575677
0.00342089126740735 0.0559787795552086 -0.199863087212896 -0.0602128464904952
-0.0324750134927772 0.0623265582520507 -0.185170070864264 -0.244700653142888
-0.0435991009587598 0.0147329731539458 -0.0269188947548844 -0.31582111472487
-0.0394724861113948 -0.00956163508452589 0.123199798048545 -0.208310251818211
-0.0121178155035299 0.00958781921928355 -0.0997615953036915 -0.00331882814704718
0.00303829928316942 0.20689396740381 -0.275705834170557 0.0524370460319758
0.155894875927177 0.0954207107183813 -0.737524204616605 0.0658414462454164
0.112787523884166 -0.0884507275251511 -0.529666134940378 0.551141949912052
-0.0526586944894115 -0.126648746199585 0.0100723388401287 0.557350068149767
-0.0954632763246577 -0.0256289332069884 0.22755847351442 0.216100148805975
-0.0709227908442648 0.011872794917337 0.151235874652962 0.058760095166297
-0.0524025634138271 0.0248710378278928 0.0759231697285159 0.0577832260317534
-0.0325162636575005 0.0231942966494939 0.0774468734449925 0.053567834114947
-0.0031679017482092 0.0159639125688094 0.0397144181788931 0.0299310576224979
0.0271161308411762 0.0222518291389812 -0.0668493409437868 0.0211427088094455
0.0118682792281485 0.0596725128412754 -0.1926066412078 -0.0431634913340066
-0.0360135819474183 0.0646019789549213 -0.202893436082908 -0.231978224219607
-0.0364383404578095 0.00908975587175673 -0.0504193545855776 -0.343120938519914
-0.0195363690992775 0.0172872316186593 0.160230936812585 -0.256615936759897
-0.0280460003543949 0.0882179069473493 -0.0498283932136979 -0.00514338049849421
-0.0117718036778781 0.226318438357399 -0.259746067115132 0.0294538986823027
0.141746834363464 0.0861711404898599 -0.665116879815981 0.142608515172955
0.0941795002340371 -0.0777940171521879 -0.400284773072897 0.535339143757881
-0.0427763835582295 -0.098824483986993 0.0490647976543289 0.469541484395489
-0.0648962019982616 -0.030667089448817 0.183900182984051 0.170961246585345
-0.0557030938488975 -0.0189472748168393 0.109914979961224 0.059914846171319
-0.0635167664823586 -0.00573187158233519 0.0512552850648335 0.0683020856165118
-0.0536036168094206 0.0068305759172563 0.0544037702672088 0.0531353023809742
-0.0265941725674284 0.00795206983734924 0.026150141967223 0.0244411383021673
0.00763375337091447 0.0153110227609412 -0.0616025979066266 0.0272852478995606
-0.0144811314941548 0.0530516151606144 -0.188930067241844 -0.0204654872918942
-0.0564890396032632 0.0209353344276837 -0.230460749686877 -0.230520344428826
0.00591216274043457 -0.0325516171757652 -0.0624165730419903 -0.40159538194429
0.0416920898209681 0.0525398567976399 0.236416705144578 -0.32391641491078
-0.0312452663010287 0.179502366138609 0.0244391924736714 -0.0238145533406407
-0.0321808303934846 0.208000837583062 -0.207630784579885 0.0243534012724867
0.0798971216690639 0.0660989211401371 -0.530975022295597 0.203784100400667
0.044090089702841 -0.0360667518626782 -0.269861416718814 0.478470431874714
-0.0176149070905731 -0.0367611176558547 0.0686147302990812 0.387163487049029
-0.0103052899696138 -0.0272856653707634 0.160762204539018 0.1425932681406
-0.0234974105533315 -0.0481465733229664 0.0891866715247286 0.0557211810480802
-0.0592439808564046 -0.0366725746324436 0.0292852453233272 0.0641403951359626
-0.0668286705918098 -0.0111202231400835 0.0220574359805726 0.044797031169568
-0.0538006096608996 0.000372834638343873 0.00434533579946184 0.0227142152867411
-0.0304713247744817 0.00356425173395971 -0.0710800790815568 0.0412212392369324
-0.0590692175336992 0.0164441572326366 -0.212186892286752 -0.000541602201721055
-0.0556910511552404 -0.0702216603881819 -0.271452011779104 -0.265852156786178
0.0983123657691254 -0.0750347051928875 -0.0363876301031971 -0.499958100217517
0.120111046270259 0.115349144654114 0.356776283505681 -0.382260168933937
-0.0328637160468492 0.264963934221484 0.109564567144623 -0.0544309389610108
-0.0461822577885445 0.177564436587469 -0.124510231452985 0.0262555119168809
0.0188458034109226 0.0619424573958985 -0.374141694164451 0.220653441369801
0.0148659546308177 0.0180331555808666 -0.176870136382414 0.409112553536555
0.0276775292489598 0.0112459565739554 0.0821081017056681 0.339913875105863
0.0427820059876569 -0.0321037057020354 0.168889561900195 0.130741368701646
0.00736385450956748 -0.0713732849088382 0.0919273487788866 0.0429786958310048
-0.0469860194105449 -0.0587548895704135 0.0105673561160414 0.0449382409764946
-0.069742330135676 -0.0275191026176148 -0.0128903736903661 0.0296321350078508
-0.07342102478257 -0.0126892582431437 -0.0271220804554812 0.0243024651355911
-0.0626077806116617 -0.0228387750585587 -0.106276751760544 0.0523007022644289
-0.0768683958821607 -0.0463276037184406 -0.266572845780987 -0.0117334287571855
0.00456078352498737 -0.154215130463614 -0.294215462881565 -0.35874339739398
0.20719565714083 -0.0593571230307949 0.0666635046340173 -0.608952486697009
0.161059233448854 0.202281983105986 0.51165876715594 -0.386029115847144
-0.044279077563357 0.315302653939314 0.189237606580573 -0.0886933045966474
-0.043889970526505 0.146537965779168 -0.0330344525241034 0.0202128039086166
-0.00659491152263445 0.0658967057028768 -0.245506414663101 0.20146295466787
0.0217716008945081 0.0482962072212712 -0.117470070871016 0.355920967597769
0.0658893083218399 0.0189222440160465 0.105772754642347 0.32000671075127
0.0674311866334883 -0.043185978217386 0.199526129998178 0.120989498994312
0.0218685357721161 -0.0792320622350208 0.104855723794547 0.0197891506386552
-0.0335000442305477 -0.0673873522774711 -0.00600392651059863 0.01627170696198
-0.0614962169024429 -0.0402463287212651 -0.044601015650158 0.010889661502559
-0.0732169002284672 -0.031506774439799 -0.0644387612658966 0.0220243214659429
-0.0618604805356854 -0.0558691029261335 -0.15903269639622 0.0421058546541874
-0.0433849141952359 -0.0980920053606279 -0.32105646863919 -0.0716826715681185
0.100415038234866 -0.161168112185768 -0.252932535748059 -0.483137809335203
0.253791429301172 0.025624786194353 0.245986951618982 -0.666807739556365
0.120874609750056 0.264260992370708 0.658367419049041 -0.316278981662602
-0.0649531952184518 0.295703119128537 0.254381232887726 -0.117584758083149
-0.0248726989133157 0.113626355552767 0.0407916891661079 0.00340271314183347
0.00557146022828096 0.0599971500279714 -0.16662377580671 0.173578094629939
0.0456437587422065 0.0393388676421458 -0.0735619732138873 0.326352573630095
0.0748535698055182 -0.00447822356442086 0.139128131901885 0.308847747449049
0.0567588924793881 -0.0494661822059687 0.231278001322296 0.104598567829497
0.0187661658427728 -0.0701691413279845 0.11470864056121 -0.00857214806880568
-0.021690981954977 -0.0616637498124007 -0.02034547819833 -0.0131522347607898
-0.0430520448963042 -0.0470619449382526 -0.0683052525820362 -0.00993849271829509
-0.0476343153827773 -0.0485129512605348 -0.0973431930135787 0.00796363001666638
-0.0238102512602143 -0.0741873641093921 -0.199532749464087 0.00673686259095093
0.0214581128504696 -0.0986595533780383 -0.335120196875595 -0.157628906509231
0.157350319889047 -0.0795001402682761 -0.153303553835281 -0.576044433364767
0.192491803977179 0.113035666764323 0.423613430213438 -0.642098079882058
0.0202617018693593 0.238077956358649 0.751231083682588 -0.203372077536359
-0.0763729802466044 0.197718898195639 0.298031405328111 -0.131790780932591
0.0258976659276859 0.00496034410213163 -0.215969209387382 0.113916858481301
0.0281324702862499 -0.0586092477795785 -0.722236187805221 0.0724924963513431
-0.0496633951172858 -0.0881469405100791 -0.563527601313328 0.597587774952264
-0.111450265466753 -0.00838689968735142 0.0600106133747277 0.648279499785299
-0.0621218324098561 0.0625752533749104 0.349044606105428 0.230738128095036
-0.0135415220743014 0.0678797749707597 0.226760108235121 0.00166522075199581
0.0239905500426214 0.0551175186892423 0.105114614544532 -0.00200765922705361
0.02855083026142 0.0367063091162696 0.0891170882660574 0.0166855929190329
0.0310731464958805 0.0396711499700961 0.0436561817134055 0.0124697459575177
0.0105528545720335 0.0537306155558338 -0.0769676366887239 0.00495868864279148
-0.0226844906382234 0.0534123279170942 -0.197232208097303 -0.0721494673728511
-0.0432334694783997 0.0387870460333577 -0.170969032799211 -0.25117971503515
-0.0352977857006516 -0.00752925727584367 -0.00666987578891837 -0.300826777024016
-0.0260045378678344 -0.0318747027371383 0.113719386136626 -0.184416537982626
0.0111569809452183 -0.0510556821050272 -0.106838747337763 0.0045979978894021
0.0267127352436391 0.130938944696393 -0.247623720758214 0.101611824357534
0.118559416511656 0.0405538522410548 -0.736211676745559 0.0652373577264743
0.0565350500141667 -0.0967755729956618 -0.569991984263258 0.576132478022956
-0.0846174997145722 -0.0930713135532237 0.0263132329364989 0.615633348392043
-0.0975922238662012 0.0136118902161217 0.292789884702868 0.232670136644752
-0.0562620217217025 0.0483694149509144 0.199121733337994 0.0319353291560324
-0.019230915345765 0.0504620243840713 0.0993643125755869 0.0263494501394236
-0.00178758104491382 0.036553849784191 0.0920469703262794 0.0325754063405446
0.016995019511581 0.0272286341936842 0.0467330524006529 0.0205234525637397
0.0265355843770327 0.0336722627198674 -0.0725914049600007 0.0144929279794045
0.00804271724992785 0.0563524972762163 -0.199659942574457 -0.0549583777349546
-0.0289011596202895 0.0661768637598089 -0.190586929233106 -0.236081611954234
-0.0454008135679235 0.0168682354555882 -0.0352820996820178 -0.308789020734638
-0.0389911201458594 -0.00658701184652063 0.116965672140961 -0.206558164399497
-0.00850882449774217 0.0108182175731801 -0.0932116276238983 0.0151710782931038
0.022579382132508 0.210322727652301 -0.262644014406426 0.0706670055412515
0.168249801921435 0.0846312145134134 -0.723181907059652 0.105759076954158
0.108122157529205 -0.102978895919096 -0.493469363993487 0.577877192743501
-0.0669086939341571 -0.128584861707293 0.0435676711069089 0.548914953410364
-0.102592716126708 -0.0177257698855493 0.23716459721485 0.197765305053359
-0.073065790360299 0.0199688965994901 0.152601438843746 0.046924815663495
-0.0502489452219841 0.0319528533043566 0.0794456374988504 0.050749831428881
-0.0294529489833357 0.0287408343071155 0.0817751309150973 0.0425931205099392
-0.000742753537030817 0.0184029111648597 0.0402967760320308 0.0191360507023077
0.0290884282319212 0.0217103470680747 -0.0649857691146886 0.0164971663609918
0.0153949808328073 0.0611632848761381 -0.190040250295179 -0.0385286310472366
-0.0357005268189662 0.0686400407319285 -0.207320346486865 -0.222005390158371
-0.0391991659338916 0.00746728379558445 -0.0609509949686418 -0.334703940256243
-0.0148315116087801 0.0170877562520256 0.149498837274902 -0.257665976221586
-0.0161128610708102 0.0918898432940494 -0.0449218583212432 0.00839323363612646
0.0116864001689977 0.231619301107415 -0.250691541053807 0.0454203700539329
0.155769328854828 0.0754564622783942 -0.64812927203008 0.175752182610932
0.0901344761896471 -0.0937678863619305 -0.363746568874444 0.552139781448194
-0.057642966967064 -0.101497533564126 0.0729816524410516 0.458114735680929
-0.0735559295697838 -0.0233993266380661 0.188452296954309 0.157036623320637
-0.0602620237974981 -0.0111393572259555 0.110211649611866 0.0531745790730052
-0.0641279943647551 0.00351575583731243 0.0565739668270939 0.0646744860554309
-0.0510865324279667 0.0156168992144665 0.0585537819356941 0.0453493681669887
-0.0241828527100531 0.0140335014527593 0.027033091048219 0.0167250142372624
0.00827215557102303 0.0181471040121781 -0.0575337560461598 0.0234079412015869
-0.0129675940458885 0.0575601540586207 -0.183677892028074 -0.0150059080567545
-0.0631114711035224 0.026180365118248 -0.234212308663742 -0.216981817959323
0.000203415034901164 -0.039687812224701 -0.0787865235894832 -0.392548156589416
0.0512571445944404 0.0464274939792533 0.218023149875525 -0.330494013129028
-0.01019174857485 0.183979511490717 0.025222574552876 -0.0171508712444361
-0.00772669245319033 0.214691496812067 -0.200547509979541 0.0343626972973507
0.0932368735382384 0.058681424656438 -0.510883213084356 0.226541514380067
0.0415293850042738 -0.0489500005866687 -0.241952688079853 0.484761699381399
-0.0292930334450166 -0.040279203392137 0.0861618297280142 0.375438591938266
-0.0189187625466207 -0.0233842944018971 0.160885545931536 0.133165738388187
-0.0302918480738377 -0.0425224707858272 0.0888520840118782 0.0533143431292907
-0.0626851870669139 -0.026550664909439 0.0344811520057294 0.0638585196850578
-0.0653463398870838 0.000317507107482884 0.0266740988031376 0.0411879096771516
-0.0514971198531068 0.00989244289677375 0.00537889878665152 0.018660973761619
-0.0317014080507058 0.0105090554691131 -0.0654186089184869 0.0403845744149739
-0.0616149549649748 0.02545976930344 -0.204309482899549 0.00863221194044718
-0.0711641150773535 -0.0658063254907897 -0.277756526375782 -0.245752561961199
0.0901347424011339 -0.091371585919215 -0.0619537669809594 -0.490455124630195
0.136040734136509 0.103942900233519 0.33242092193835 -0.396958613530719
-0.00388028123485495 0.270860065503517 0.105260987673057 -0.0557930564064762
-0.0239657541878341 0.18492326614295 -0.120773416630466 0.0278239694689146
0.0302235364995223 0.0584292777666077 -0.357370422291407 0.23186348894276
0.0143615537375614 0.0082499833440375 -0.155649998870038 0.409057484996511
0.0200248893232699 0.00576919962187851 0.0932964450987699 0.328379606646902
0.0346026423099623 -0.031943626172525 0.167980823937618 0.122250048383928
-0.000607872955884081 -0.0681742292441922 0.0907737118135828 0.0420843805037616
-0.051335981103523 -0.050273445890931 0.0151570919463815 0.048508338362616
-0.0697083416702966 -0.0161365998846355 -0.0100556644608572 0.0321179161779073
-0.0725780539720567 -0.000721698038565999 -0.0244723503716072 0.02506958420999
-0.0666983494571393 -0.0123813006227401 -0.0991270793165708 0.056026724424675
-0.0861231888143242 -0.0363679450458156 -0.259397353546957 0.00479341508749788
-0.016302537292755 -0.157426243397434 -0.310016010614542 -0.334394816791288
0.202657069994594 -0.0836444054605571 0.0308630442388683 -0.608412995168367
0.183460021026194 0.189532571790242 0.48595433765044 -0.414253899006087
-0.0128256019023372 0.321192890886354 0.180331924943989 -0.0962983812340185
-0.0252161432906058 0.151106791078797 -0.0324415998106755 0.0136792545530312
0.00317936521456698 0.0645236836332594 -0.233157224733083 0.203670534039112
0.0227270481571144 0.0402221261175698 -0.103216101853381 0.35368889211905
0.0611733770334425 0.0118413479220121 0.114778862280473 0.310043435325785
0.0608251784588466 -0.0452771831603259 0.198347116297304 0.111646646595627
0.0134840797920388 -0.0783247976538147 0.102754278014245 0.0182866329976731
-0.0386380058569509 -0.0607821576049892 -0.00356170968254931 0.0226997255094593
-0.0628325454042206 -0.0300745070460883 -0.0432585509237514 0.017614430908104
-0.0741674271282599 -0.0202066170655362 -0.061716207395344 0.0277114119021711
-0.0691916263020047 -0.0467879134424044 -0.151709143025959 0.052426235548966
-0.0558778493928535 -0.0918770417776457 -0.319317399766712 -0.0494725136042746
0.0817728222991059 -0.172462628863454 -0.281333036038432 -0.460468222849432
0.256911578583371 0.000217950398205262 0.205605690358363 -0.678985769792447
0.146315360529127 0.256450911457628 0.637129938560956 -0.3541195738143
-0.0361898232392429 0.302463280973655 0.240925029378478 -0.130636005922036
-0.0103402576442911 0.115828473098004 0.038109838523922 -0.00995912540978278
0.0124293689958811 0.058953772337785 -0.159574187926182 0.171950120099465
0.0460692139777334 0.0319103524840843 -0.0623176427230705 0.323755083818573
0.0711792205351762 -0.0112046741467171 0.148440852520942 0.298235007552548
0.0511039780047453 -0.0515563556197734 0.229711771481215 0.0938899780176835
0.0118068769525599 -0.0699594698501482 0.112108965592719 -0.00974156665608081
-0.0266744490476797 -0.0575159936759274 -0.0190799336774376 -0.00468174663943639
-0.0450370586663612 -0.0401097762948627 -0.0672727018026888 0.000350013417337957
-0.0513813761804251 -0.0415646408535464 -0.0952139305072042 0.0180666103117634
-0.0324268327380945 -0.069810196566693 -0.19558277242273 0.0224199228270031
0.0104700421664708 -0.0990371578031995 -0.340357566530918 -0.132667638144802
0.14750628070021 -0.0939363784455438 -0.187925075116776 -0.559608631955974
0.201838289503028 0.0957198027824884 0.383983395490625 -0.666338067018533
0.0408949960189405 0.23749862888368 0.734943858888856 -0.246362731782347
-0.0569010972423522 0.203674487697027 0.281611828634588 -0.148306144999938
0.0250260968606397 0.00340095506298788 -0.197443163689575 0.12001578466547
0.0234411520866177 -0.0571564798670187 -0.699277472491922 0.0954091457557188
-0.0533106786101737 -0.0823225100503311 -0.52851093663819 0.604057117380516
-0.108767458824146 -0.00292107665398013 0.0865548929567682 0.625895572292102
-0.0559555899839443 0.0644751148870587 0.35008885487742 0.204285255246064
-0.00926733026617528 0.0662901929888458 0.219717619785345 -0.0118796674947281
0.0263417421075237 0.0509163810426306 0.101423215890775 -0.0106963937931596
0.029249762044358 0.032823754594687 0.0873081750806146 0.00557668985362321
0.0321830081366366 0.0349226329016698 0.0408800847824621 0.00158160699523006
0.013933383675304 0.0509176355394231 -0.0754876017946377 -0.000180855543113541
-0.0176722083784982 0.0533236470141255 -0.192813209397784 -0.0694760116191364
-0.038548551724819 0.0413870088372171 -0.169879968589414 -0.240759765236987
-0.0361671392098691 -0.00391649824803744 -0.00877358578094018 -0.290264157568217
-0.0287474843707008 -0.0281903969399015 0.111222708733059 -0.176375533457707
0.00684589236492731 -0.0514687698386612 -0.0969466193977736 0.0205537027429896
0.0350133956408071 0.128162463347675 -0.228817168131118 0.110266684983095
0.120047827397262 0.0344619439226857 -0.711864736293473 0.0876621603738562
0.0510587283878021 -0.100391869879107 -0.532845614294543 0.584040006945789
-0.0903621505458092 -0.0896573024584059 0.0532657177630988 0.5955110990961
-0.0966658015876283 0.0193287321968609 0.294804590117457 0.20970848731233
-0.0534405854259481 0.0512566181168586 0.193521012334962 0.019461606642783
-0.015944744118037 0.0514290859492553 0.0980460609969891 0.0180116545141045
0.000808456363382684 0.036627911039961 0.0906734180935567 0.0211363778773263
0.0183210958759556 0.0254655766393584 0.0444565576721499 0.00965755838065469
0.0283720034904655 0.0313212762417846 -0.0705771432965062 0.009052680578539
0.0114048799768312 0.0552028226500487 -0.194724377269621 -0.0527440343374827
-0.0256546373730958 0.0682508897921246 -0.18846452828809 -0.226032190983265
-0.0456651158464834 0.0180039094302904 -0.0369530841094652 -0.29742204174516
-0.0376935305722139 -0.00491012870997324 0.112809659403178 -0.198503305180881
-0.00635046070541655 0.0109840954075332 -0.0832801101466124 0.0300658990518874
0.0384906009911977 0.207239060649677 -0.245583076214962 0.0813590331953981
0.174657694870641 0.0743700603245236 -0.698122647344078 0.127342826119216
0.101920373657575 -0.112397429902471 -0.458202837411596 0.579583276707279
-0.0777947920108907 -0.126546436722267 0.0650928664658853 0.528792515802017
-0.105891937366913 -0.00935948479423743 0.236943827544064 0.179296394194171
-0.0724753165333037 0.0261295777112805 0.148858949679484 0.0380174492385886
-0.0477187527664098 0.0366838718128674 0.0801301702420114 0.0443091367047447
-0.025357844893914 0.0326041235271294 0.0814368030634425 0.0319854766550208
0.00135794921050318 0.0195248545542348 0.0384704999032777 0.00959012639058592
0.0295390387954946 0.0211077335113329 -0.0622044988701692 0.0113339461554786
0.0178710825815353 0.0611893752384932 -0.184090064148753 -0.0369226708204336
-0.0351683445340103 0.0716397233083457 -0.202991297910789 -0.211996379199746
-0.0411982326857868 0.00632607555801528 -0.0629251291329305 -0.321312777344618
-0.0109297369858041 0.0157396523431979 0.141312232881015 -0.249910541277665
-0.00519943160977297 0.0915185107586532 -0.037987205997288 0.0196851137888362
0.0317002862446046 0.228936668788625 -0.235617089291659 0.0539800513389041
0.163996952789421 0.0644450736104338 -0.620283718101165 0.190785470794315
0.0836645096402415 -0.10450568431666 -0.333726342077719 0.547734398471161
-0.0703221072102213 -0.101258960073306 0.0878094156089593 0.43689668303512
-0.0795639086366333 -0.0158585076649178 0.184821228791912 0.144129338947071
-0.0625932503527816 -0.00371011572558795 0.106934551839669 0.0484077490510808
-0.0624920129244585 0.0114766750971418 0.0591698638068722 0.0606668749813661
-0.046646159438311 0.0227758757499482 0.0597108242293019 0.0374477812009266
-0.0206978440257444 0.0182785616405795 0.0251866544532397 0.00912876096931271
0.00918964204330966 0.0202315624763293 -0.0545009736036568 0.0180064947268595
-0.0113558564741347 0.0605967611455918 -0.175109668648505 -0.0139972534242516
-0.0670347803273258 0.0312810432621824 -0.22921240924658 -0.204041271345032
-0.00586930306330764 -0.0452568141391992 -0.0843333582528038 -0.376131341678866
0.0581619237146762 0.0396958613553398 0.203037902216235 -0.324806983467101
0.00766343319309625 0.1822764386548 0.0275556067374151 -0.00990090556814396
0.0126208796995225 0.213847073358618 -0.190505789857934 0.0395965410180059
0.102705469214494 0.0499452214620409 -0.485030390193224 0.233574349685695
0.0370908237641642 -0.0591746113506287 -0.217204577937145 0.474736298838877
-0.0398538325235053 -0.0413593330664899 0.0925039532565055 0.357061004762518
-0.0259059808474713 -0.0181379722958629 0.155019276821083 0.124716442923702
-0.0344861341921942 -0.0356466344973466 0.0860621873230957 0.0514914377818011
-0.062303390738619 -0.0176842418527555 0.0382458514732609 0.0631375520118025
-0.0610775489772798 0.00888685834049809 0.0284820767104978 0.0377845738509561
-0.0471560338370701 0.0170930904790781 0.00544953270374848 0.0144177190086287
-0.0313176599667374 0.0168251935265 -0.0594978475961598 0.0367043517485595
-0.0621115895942741 0.0331056164545092 -0.192608363244149 0.0121296812204469
-0.0818961828338697 -0.060310319077555 -0.274366143199391 -0.227697747910702
0.0805613854011786 -0.102881159590654 -0.0753369873073142 -0.473222037360501
0.145675881947845 0.0912579175528349 0.307758184892972 -0.397153903571663
0.0183743993750696 0.267333796475553 0.100628817401873 -0.0528223002859772
-0.00405487738131022 0.183771989937129 -0.115109127950857 0.0269185067392479
0.0400095859540201 0.0523990727184451 -0.338382353518685 0.230959436667967
0.0123359157760139 -0.000229120020283568 -0.141041426894516 0.398561328398948
0.011299784105129 0.00247266284178166 0.0953370661220501 0.313241424013199
0.0278505483437516 -0.0295586489371288 0.160670213876588 0.116413732591561
-0.0068255529009175 -0.0628942688289146 0.0881743719867916 0.0421758384592906
-0.0527750345176734 -0.0417574510452516 0.0186044899354116 0.0503773223970344
-0.0663215328914988 -0.00683232565571942 -0.00679819991851183 0.0329659200522822
-0.0686444511807649 0.00834117249829444 -0.0231360320199248 0.0243897117283523
-0.0681927179995711 -0.00327169563558146 -0.0907006797048725 0.0567304144607581
-0.091104473712904 -0.0269748789506165 -0.246076457814857 0.0135786246469839
-0.033860660428506 -0.154950734612128 -0.311541590083996 -0.309505223328162
0.192573334478299 -0.101459504111428 0.00884536362098875 -0.591589863691353
0.197322062394838 0.17456585936438 0.456469511278915 -0.420801233565914
0.012100448399543 0.316583404051758 0.16931478303633 -0.0973752638812231
-0.00793406688908172 0.150326113352224 -0.0328535170703466 0.0070344530118142
0.0112664785166123 0.0605518121514083 -0.220972025190381 0.198473741980402
0.0213479304831618 0.032322175203218 -0.0946501765942627 0.342132793084657
0.0541709526722204 0.00676119143198254 0.115721569935756 0.29657818558424
0.053588528081622 -0.0448888524671693 0.190851954409889 0.105136026203652
0.00694151848624349 -0.0745503692499686 0.0994744489540642 0.0193780471373241
-0.0412143965609956 -0.0533536868721882 -0.000209287580400226 0.0277255177877662
-0.0612169646549915 -0.0215639862451872 -0.0396933659187555 0.0229839825729362
-0.0726253969362804 -0.0105110480245544 -0.0575290802379154 0.0307431739821405
-0.0731837711976064 -0.0370354728400767 -0.14235515641845 0.0581214307182383
-0.0642333302226484 -0.0840798420809429 -0.307909454107686 -0.0335731464184417
0.0636024582703518 -0.176060407228588 -0.292161174745362 -0.433127666088404
0.251994946226783 -0.0207206749895777 0.171584773500209 -0.670894301346634
0.162734916027239 0.243066682204575 0.606919955706157 -0.37014964657211
-0.0131213313059288 0.298945539116033 0.224761107674223 -0.134937964360244
0.00127612310010961 0.113391298843015 0.0332329390024006 -0.0204948298881473
0.017850194259449 0.0559855708482443 -0.152279430196299 0.164407108933671
0.04416804555423 0.0255411341904572 -0.0571077875447898 0.313297513755169
0.0650586757295148 -0.016397893175323 0.148509073577697 0.285085835646114
0.0453226009259237 -0.0515483530327502 0.222304484375754 0.0862015501607271
0.00550583857451433 -0.0671077783603678 0.107139911600456 -0.00863403663141703
-0.0302184836486183 -0.0527280973342238 -0.0165598956961655 0.00291880070710663
-0.0455321926952001 -0.0334818848824507 -0.0648089548670874 0.0087482367567811
-0.0519882237027039 -0.0344947364056158 -0.090683991221933 0.024913813355635
-0.0378187334772522 -0.0627708437683821 -0.187150350214924 0.0325842240441804
0.000921510385367237 -0.0962581920004102 -0.334682116940187 -0.11187265440147
0.135962944089643 -0.102393884412737 -0.207569090633108 -0.533071920830719
0.203581767613266 0.0787890991920288 0.34594170932879 -0.665842244095887
0.0554369561891903 0.232114317477514 0.708028251117183 -0.270026510480941
-0.0406568098690508 0.201159552831265 0.262250904614869 -0.154596335873571
0.0266852829829827 0.00570979003707467 -0.18970665164696 0.106787092280989
0.0307178167054125 -0.0481356835658267 -0.684598009890522 0.0574840397742146
-0.0403041800136214 -0.0782435713271862 -0.54139228336713 0.562970194489016
-0.0999384330624656 -0.0094739782695375 0.0583506051799259 0.614306382095824
-0.0562511848719725 0.0558387412086538 0.332224509265569 0.205622924172065
-0.0111102781824949 0.0626029093783011 0.212303291654285 -0.00699814990515841
0.0254993223456139 0.0486452195789276 0.0998605340704845 -0.0104304685174174
0.0272854309353157 0.0323688191735917 0.0844416177030843 0.000697010382814929
0.0312127681210495 0.0328631792120807 0.0371432007546569 -0.00515423681806986
0.0132228687163647 0.0498165761041528 -0.0746952423405226 -0.00869004050040265
-0.0188348612842147 0.0524797109177492 -0.185696768482628 -0.0790596838255351
-0.0405402202424358 0.037772091478373 -0.151605499191384 -0.243556214545808
-0.0363390544337537 -0.00730401156447752 0.0127153437964159 -0.28038487275886
-0.0270601052072822 -0.0296448675343181 0.122924922340643 -0.159203673590009
0.00516846711595838 -0.0507641687090688 -0.0864314583861409 0.0259711908659924
0.0331632217691752 0.132869721289132 -0.214356440464348 0.0976787157937819
0.125134956282784 0.0460200604142019 -0.692076606419471 0.0458550614186413
0.0644657597230563 -0.0943409226359119 -0.544763742402274 0.536875972452484
-0.0823056268049956 -0.0950887654746084 0.0233644284818793 0.579303059646546
-0.0966375557749698 0.011665457415331 0.276504027379638 0.212449803218447
-0.0552594463277629 0.0487708719756301 0.185367835154151 0.0241634579368043
-0.0166161173797296 0.0508251075445772 0.0952310040540519 0.0185031197407901
5.63418909928171E-05 0.0373199882007196 0.0877163210090533 0.016065817289165
0.0184734296722654 0.025600478128502 0.0407628492965415 0.00225748828814968
0.0274569214362437 0.0319154831784974 -0.069697227623526 0.000496910581842246
0.00921119639066867 0.0566094979454694 -0.187069989453638 -0.0625471010627047
-0.0320167196077954 0.0652007085086189 -0.171371045481478 -0.228958879453653
-0.0478627869086238 0.0116165646161012 -0.0148423059124191 -0.288434170937483
-0.0339705566565674 -0.00861815791204961 0.124239740830562 -0.18159078103548
-0.00436521424704729 0.0113427186541412 -0.0750930224555151 0.0353867885921166
0.0352121706130551 0.213261505144274 -0.226552992670116 0.0689256261286901
0.180735363157966 0.0866577597890859 -0.678715685369771 0.0834735382275902
0.116049254672432 -0.108199823373601 -0.471429023397599 0.531483677753051
-0.0724304642489196 -0.131918521822488 0.037276733066599 0.510924707136924
-0.106973545512093 -0.0150514702463859 0.218259674512853 0.182198634673587
-0.0739804156648849 0.0258311028707339 0.140215613263061 0.0427305739709385
-0.0478553956481401 0.0380951176031353 0.07763795750457 0.0457957127630908
-0.0253071336218187 0.0347864618468467 0.0785816294851622 0.0278943902429849
0.00275992156940768 0.0211939965605723 0.0354321966585781 0.00286633470043936
0.0290035539322774 0.0232025998742597 -0.061346166435579 0.00294185112329022
0.0146210663823733 0.0640079996018792 -0.176475801931405 -0.0472313701838679
-0.0440531514525752 0.0688241275548818 -0.186437114836522 -0.215620076164386
-0.0445705024706684 -0.00333390266133119 -0.0398977361347264 -0.312407287523791
-0.00530717301156327 0.00937605334295201 0.15306841747024 -0.230587115993982
-0.000682305574712068 0.0910750695511774 -0.0342551713413384 0.0270487465479514
0.0291628408435106 0.235663377852429 -0.217551566168498 0.0423059076807186
0.172800712667739 0.0732171327964988 -0.604301096684652 0.148680665812966
0.0959409114389125 -0.105353127024955 -0.350290371680156 0.505127539665685
-0.069008769950991 -0.106657152812155 0.0612247600531186 0.422928449858077
-0.0822619979137245 -0.0184308554529391 0.166998561763749 0.147178680793538
-0.0641992232123321 -0.00247067003749598 0.098413488477912 0.0531481227140437
-0.0613244213809933 0.0138461745704314 0.0560925886580464 0.0624921078859159
-0.0451673982981048 0.0254589861547439 0.0574047940925406 0.0343103905936109
-0.0188076852299094 0.0210257462855481 0.0229011185108776 0.00346709437027317
0.00795407951182563 0.02344384418779 -0.0529113718401337 0.0107018007127169
-0.015942699240558 0.0651210379512932 -0.168113288617641 -0.0245152624362097
-0.0780379943105171 0.0293197728257742 -0.211733534593374 -0.209210029814835
-0.00957419733855279 -0.0568845249955744 -0.0576788845948703 -0.364732248006003
0.0655279237847251 0.0320115435807517 0.21345965572613 -0.299407095027168
0.0138473085112625 0.181109280538404 0.0257016847511088 0.000759522852756674
0.0127777179685487 0.218665511115185 -0.175080746291049 0.0286085114930136
0.113296259167321 0.05341352571861 -0.477563461888594 0.196022854837124
0.0450018649328011 -0.0643157652656961 -0.236340133879592 0.44080361764251
-0.0435702523550176 -0.046328181524303 0.0680036913193597 0.345397308443925
-0.0299289688441126 -0.0174007993608638 0.138419185315827 0.127991335810229
-0.035359738211409 -0.0327493326546804 0.0774593248968334 0.0564597089748729
-0.0602563792873876 -0.0141568621906679 0.0358948468734392 0.0651552933452266
-0.058499002698337 0.0122309900753392 0.0268428279669276 0.0363995880465668
-0.0445433432404055 0.0211421088675358 0.00378411159174579 0.0102046921729372
-0.0332420204350381 0.0213907246101049 -0.0567713008932246 0.0292805367500087
-0.0676130861685876 0.0373711693988539 -0.184022631753746 0.00038028061171379
-0.0944966220235473 -0.0621973633884579 -0.253792734896216 -0.234674186615028
0.0780988035574118 -0.115148937017585 -0.0452166163084749 -0.455459327198579
0.155048520588102 0.0840572082789044 0.317392363678472 -0.363206627257312
0.0252046009119022 0.263758208411803 0.0934545624969583 -0.0383071451066289
-0.00301451269808763 0.1868696175133 -0.105999032568167 0.0177452681025949
0.0487090214903093 0.0514822441664572 -0.336631732036519 0.200272258222655
0.0153741440754924 -0.00670932095513595 -0.1584003822016 0.369686256676187
0.0050288667734476 -0.000839235600387872 0.073124885686308 0.30479382842516
0.02414454586174 -0.027063890811899 0.144355229556237 0.11993990513021
-0.00695980837904942 -0.0590663601724896 0.0802228865861381 0.0480094691898675
-0.0504114584617382 -0.0377089625533119 0.0173415689977938 0.053847401972996
-0.0631924662632516 -0.00380784323984659 -0.00744326511674639 0.033440717582294
-0.066147689554728 0.01303550536068 -0.0227349087712264 0.021314872439594
-0.0705106182363469 0.00155376282781156 -0.0864982595720984 0.0495487865691844
-0.0967706925416864 -0.0226427606045248 -0.233898474308731 0.00166131925259047
-0.0462821424993059 -0.157422171308173 -0.284989904247166 -0.315476836166247
0.19314029175759 -0.113816774250185 0.0395263395066361 -0.565921823030651
0.206922715886495 0.167955707868829 0.457686202527042 -0.380835349727177
0.0187295429915127 0.3118509711688 0.158014452375933 -0.0799541864743368
-0.00788686632187316 0.150616167143588 -0.0278003966949276 -0.000414726590304908
0.0166052792233685 0.0581512916977382 -0.223941774871692 0.172657323391112
0.021426156476469 0.0278400149292038 -0.112582191334479 0.319236143228278
0.0484932092799561 0.00541904522957755 0.0938622119446074 0.290111194513684
0.0512087479937308 -0.0419097150824877 0.174446602605135 0.109654070062707
0.0072265944982578 -0.0707472784681998 0.0923523370814418 0.0262451706302036
-0.0390389147547561 -0.050125922376813 -0.000352113389044288 0.0316878309524956
-0.0583692933398938 -0.0192883416925833 -0.0384920339045412 0.0247237731492563
-0.0707364029370984 -0.00676615288100345 -0.056321666534777 0.0291087175297832
-0.0754003999371841 -0.0320879683924981 -0.136594848858984 0.0527391827171929
-0.069627629152507 -0.0817035631764104 -0.292244339278729 -0.0428614727400711
0.0512499649634119 -0.180386723102826 -0.261059694219653 -0.431531159792061
0.254076174551138 -0.0306640427866772 0.197493400433241 -0.635870203101455
0.172787574631694 0.238391313739679 0.600500867677141 -0.327886401854653
-0.00707615677984538 0.292275545845676 0.211248919092796 -0.115050568921717
0.000922948028090164 0.112591605745119 0.0340016010276282 -0.0269326674667777
0.0207377785443277 0.0552892102860392 -0.158075202646902 0.14318252718395
0.0439002245777886 0.0239115238369689 -0.0772962451985986 0.293798494393472
0.062600066517468 -0.0170401266692808 0.126006853288767 0.281090746970784
0.0445573894786281 -0.049923219549455 0.206019321019603 0.0917448106595498
0.0053289414170973 -0.0650138276709315 0.101368164122129 4.78618528599933E-05
-0.0287858382377746 -0.0501984494598846 -0.0151793572661997 0.00869423381810562
-0.0434426866317181 -0.0322912819815962 -0.0620647720505982 0.0124270533175789
-0.0513554304266864 -0.0314387459318578 -0.0873865963474259 0.0249681313590046
-0.0397926362405863 -0.059667443652729 -0.180092152255799 0.0294605949396136
-0.00336658628711375 -0.0945449945658263 -0.315989817489912 -0.116154844514959
0.124882000090084 -0.108585544726653 -0.17748135823835 -0.520363668711824
0.205983478755348 0.0697962059315933 0.363431605074854 -0.624922145954259
0.0664320628604226 0.22825704100072 0.694078260630939 -0.227531504910718
-0.0352368596149048 0.194539687317546 0.249731329264871 -0.133584988195391
0.026447381508315 0.00508273525097542 -0.181780064810732 0.104523303615847
0.0296454356248286 -0.0471269390774182 -0.683142928631278 0.0467144264485477
-0.041064941482767 -0.0765045791603559 -0.546944814849478 0.56126467525179
-0.100360910460511 -0.00852816990398929 0.057931688008491 0.611778062992958
-0.0545026887675734 0.0562018152592256 0.330979476818607 0.201716792849341
-0.00987268756211415 0.0624723438228204 0.210939716982825 -0.00997590788363662
0.0258723898874817 0.0474062910686479 0.099100850900036 -0.0138410561077181
0.0264580122885538 0.0309434398486779 0.0834205806146417 -0.00586452025821133
0.0308219388791305 0.0303163915508948 0.0351946507464577 -0.0125918895120103
0.0141232831702356 0.0486552842030898 -0.0758015161228637 -0.0165163525704565
-0.0173672168305958 0.0524116900416567 -0.184237235053302 -0.086183608697998
-0.0387216081412296 0.0393385803174828 -0.144232249689372 -0.24803726321574
-0.0375198432396014 -0.00482272240117289 0.0248298043473718 -0.278542490492578
-0.0285813605454439 -0.0283157467409508 0.131759102328104 -0.151098670766808
0.00263398150574422 -0.0517122336076016 -0.079239408512818 0.0361132572571248
0.0359838432834214 0.134390133610652 -0.205957297806909 0.0967380343841378
0.128676533541665 0.0463136354253991 -0.689794091113168 0.0349988525507601
0.0652752744944473 -0.0970259789414687 -0.548447440385256 0.534994375760966
-0.0864707255858424 -0.0965593424097683 0.0227596586832615 0.576256096721979
-0.0985786057723827 0.0135939348601871 0.274768048659954 0.208412216865965
-0.0561676467406721 0.0512945299783966 0.184035361567987 0.0214520112122469
-0.015818040502488 0.0522207542791949 0.0954500288214465 0.0155813417324334
0.000671135700056279 0.0381577868699701 0.0870340152843776 0.00989450264769294
0.019006160919618 0.024913578214653 0.0375359677574459 -0.0053684155416317
0.0282593812824357 0.031141361649218 -0.0708535585890949 -0.00752997184872534
0.00981748421851451 0.0573809327209596 -0.185820044731221 -0.0707658766703024
-0.0319600692925584 0.0672347569541422 -0.163938341978755 -0.234782730187743
-0.0498385302700604 0.0119191898087357 -0.00332777584593199 -0.288234048993059
-0.033333051021023 -0.00909617179828708 0.132785647382699 -0.174105340318324
-0.00251608505801962 0.0118849370840458 -0.0682180262610654 0.0449517468440911
0.041327445797462 0.216551861133887 -0.219085802411128 0.0675740955455776
0.187674343277717 0.0858619695116138 -0.675308501935566 0.0744804889243705
0.11730295845197 -0.114787280654222 -0.474407047508732 0.527676683873547
-0.0799415143752197 -0.135070560956152 0.0354015315664317 0.507202440469671
-0.1115687418252 -0.0120139116621767 0.215373634282868 0.179686997883906
-0.0762244986780684 0.0295266560057257 0.138413767802384 0.042005579403215
-0.0466021255760518 0.0416421512823746 0.0781072609128607 0.0443187316200649
-0.0233928140332549 0.037362634515571 0.0786383515826623 0.0227615833446274
0.00449802885440867 0.0228285474404302 0.0325890594168694 -0.00403373922459941
0.0296429894027577 0.0239261062367248 -0.0620860294081031 -0.00414791877475819
0.014726942375346 0.0662851725137297 -0.174691194946549 -0.0548586294220272
-0.0470622294509858 0.0723347581209636 -0.179436113617005 -0.22113765531763
-0.0483476563381336 -0.00568102571942247 -0.028888008060277 -0.311808661483875
-0.0025088838267879 0.00741172340677235 0.160596841651501 -0.223600896795319
0.00489694534685883 0.0924117638520735 -0.0283456446388395 0.0358748700129941
0.0379147725767487 0.239802569134039 -0.210984275300482 0.0407430489850671
0.181964710390323 0.0708809611035152 -0.603724183347095 0.140998912961548
0.0964886781451896 -0.114187354491555 -0.352298695335566 0.499174035717789
-0.078280675287836 -0.109633106216774 0.0557404348799184 0.417320856895999
-0.0881422930386431 -0.0139906909947769 0.161523895161576 0.147303425920804
-0.0663594237053679 0.00252623062523133 0.0961571544721675 0.0548582567615218
-0.0609279633265177 0.0188528486167991 0.0572774358201219 0.0627260892416626
-0.0425795505295023 0.029968921559385 0.0576097547848595 0.0307136835322802
-0.0160142293116615 0.0242661684233379 0.0206906927109451 -0.00178370007625724
0.00794608701742276 0.0265784350423775 -0.0523547018722435 0.00351423991393565
-0.0168969236164315 0.069282298780927 -0.164397285634629 -0.031869409966132
-0.0843801941763117 0.0326597460338022 -0.203858020477319 -0.213494364643041
-0.014099399247601 -0.0632014696149124 -0.0486972584202338 -0.36304061287614
0.0706919795558228 0.0285576459843485 0.219316664987213 -0.293220118272116
0.0224425338952257 0.183130215226722 0.0294069671616866 0.00832962047529883
0.0225527945685095 0.222280999726624 -0.171296823543047 0.0250666239521225
0.121958891645941 0.0502833669635878 -0.475702812594046 0.186600032943507
0.0436646406514866 -0.0728143491335568 -0.240203349143443 0.432745661084228
-0.0530901929750953 -0.0484121511327926 0.0592388589149026 0.341420700211083
-0.0350845417220058 -0.0132709950590013 0.131288651690376 0.130948188011376
-0.0382809197861189 -0.0285432319063255 0.0758936314942333 0.0607883882190181
-0.0601376084576193 -0.00883959325412403 0.0378384870068126 0.06684316968489
-0.0557707282959148 0.0171357525475462 0.027603506467987 0.0354036992934786
-0.042031203884861 0.0254187781129555 0.00305937365406617 0.00702438228581714
-0.0339089740433449 0.0264157647409604 -0.0553352746167532 0.0235877654402193
-0.0706613044226864 0.0427152545093874 -0.178975020614485 -0.00532006511528565
-0.104187522891748 -0.0602299678583023 -0.246735160931904 -0.235856345681846
0.0742428138221094 -0.124896833884959 -0.0376964447291011 -0.454154147578061
0.16307787024263 0.079848396486894 0.320096461070812 -0.358669502215345
0.0352558012287694 0.266396166769654 0.0949891558924689 -0.0322857000563238
0.00691595438538891 0.188877143308553 -0.104932978898564 0.0120311394865279
0.0564807687146031 0.0482698156241656 -0.337386723391352 0.189163156987288
0.0129350479920917 -0.0138672261188673 -0.166768836101982 0.362057101198562
-0.00303245800572614 -0.00172763636668438 0.0627076213774585 0.303222052046855
0.0195587689252861 -0.0237496215000405 0.137615065418971 0.125617083897909
-0.00921662509959929 -0.0554387051562768 0.0789819809083882 0.0531598783970326
-0.0509273392755692 -0.0328276472395437 0.0198411155288243 0.0571836508239681
-0.061303095219711 0.00180338036663213 -0.00616903890665596 0.035000366947304
-0.064020287216694 0.0182544462365992 -0.0227710040035218 0.0205396717650875
-0.0723330403591116 0.00829352642003755 -0.0838290359168842 0.0464728956394731
-0.10142034119036 -0.0178532402115055 -0.22906292694284 -0.00112987332850491
-0.0572955192321156 -0.158967444017873 -0.280299972182305 -0.313900362693574
0.191213090846197 -0.124892935814099 0.0438350532139178 -0.564418930424878
0.216395906735072 0.164882419224493 0.460736274861697 -0.377465523881223
0.0278272180602774 0.314282548099322 0.156667495504288 -0.0750172082354163
0.00113955480028894 0.151500139567317 -0.0298102433421728 -0.00825028396388178
0.0224183753349863 0.0558532728176332 -0.227195262864365 0.161913999611122
0.0191322259525209 0.0230680288954334 -0.123219067682217 0.313372034198818
0.0423231402213811 0.00470766292517719 0.0828439788150186 0.290745562678308
0.0484774033879844 -0.0398518317519167 0.168252868862945 0.115929990712898
0.00501531187110926 -0.0679752337980634 0.0915391698009119 0.0324511841559487
-0.0394396434714425 -0.0462689172847975 0.00219188305598981 0.0367826099449073
-0.0569318556901368 -0.0146845185682738 -0.0370501515276702 0.0288843648554014
-0.0693832232759306 -0.00123311199438913 -0.0549999051621463 0.0300916996881845
-0.0786653878516747 -0.0269457672941554 -0.133422278136268 0.0523173205665225
-0.0749867833188928 -0.0782240217646348 -0.288323367917475 -0.0429129226836841
0.0431378551767225 -0.183868826207467 -0.257846577587312 -0.427035442376067
0.254949902837814 -0.0405782906885087 0.20015175732412 -0.634275295194919
0.180824215983459 0.23771667103185 0.602624159237664 -0.322004013010119
0.000587450977295746 0.293332213972695 0.2076236751395 -0.111434965092738
0.00647098023879294 0.111990491610059 0.0298956558808652 -0.03606192407906
0.0240140212474464 0.0545757071042377 -0.163842600184685 0.132669986892195
0.0420756561077672 0.0211534679565324 -0.0875874279954313 0.289679485024315
0.0586574703273374 -0.0184146049788854 0.115597566011481 0.28307363770438
0.0431521358637875 -0.0486558228772614 0.20093935959792 0.0985329527997393
0.00324240814023094 -0.062669604507613 0.100843619840772 0.00606942013285482
-0.0296707027010718 -0.0472915713076285 -0.0127495490083293 0.014303331441443
-0.042892216922581 -0.0293140127890699 -0.0598567949233047 0.0179564322121463
-0.0511744368541736 -0.0280519411043515 -0.085979735357565 0.0279656075719619
-0.0426622338106365 -0.0563161164945818 -0.177841724668453 0.0308244210682285
-0.00723875441148701 -0.0932419241754104 -0.313728394579815 -0.114905401743867
0.121100922118457 -0.112888425226431 -0.175689754937371 -0.518033848450855
0.208120720348354 0.0647186792273361 0.36574631079041 -0.6258400117516
0.0714800402951525 0.22979870914469 0.69727816506164 -0.223592507622391
-0.030280036596446 0.19469452539443 0.245433267097458 -0.130880275933318
0.0262724736265723 0.00508912553675305 -0.17743141270276 0.105656985946886
0.0293651843198978 -0.04713396778146 -0.701954802578611 0.0405867370199835
-0.0423251501610061 -0.0769915288173299 -0.565604270653831 0.577516724866597
-0.103543988848484 -0.00769386929083558 0.0598887788895969 0.628101479969809
-0.054084179056687 0.0588357992115114 0.338068297669832 0.20162626142821
-0.00888329647935332 0.0646527111674343 0.215340080553428 -0.014613294814092
0.02680071867276 0.0469456951964285 0.100524866390612 -0.0181860204678394
0.0270985846322986 0.0307978867412708 0.0839599086574153 -0.0128083153104355
0.0315722183009304 0.0289792075267507 0.0327370753744838 -0.0206971818746094
0.01575773011889 0.0487977963883533 -0.0789773954796057 -0.0245607477818111
-0.0163754164421338 0.0536182975275463 -0.18864151929195 -0.0954787561752896
-0.0373791831765132 0.0420552506181455 -0.141511612382144 -0.259934672182923
-0.0390698267421867 -0.0029869941812874 0.035665956049767 -0.285186354404859
-0.0313393753186971 -0.0274036626364037 0.144731011299974 -0.147863478301985
0.000484974685689539 -0.0540156591839243 -0.0738793876522317 0.047251931108167
0.0395512567899686 0.139420011303277 -0.202367952007995 0.0984072703194186
0.135310394580763 0.0474489669602998 -0.70656091215094 0.0290385339295332
0.0675979082640007 -0.102771074299154 -0.564163500435702 0.5483073383962
-0.0933053766769443 -0.0999708507685701 0.023907475034232 0.588548712460269
-0.103059451351156 0.0166090070066861 0.280959645300856 0.209251046631368
-0.0575294013058679 0.0552993693406793 0.188390744787806 0.0188752864437074
-0.0155033742627688 0.0552816002139087 0.0975826714766545 0.0134585794830337
0.00171008187062165 0.0399368536878717 0.0883663533144211 0.00332132202451042
0.0203015691213435 0.0251332723581272 0.0360538497224086 -0.0133318865215566
0.0298504153490992 0.0319350946889938 -0.0743731822314881 -0.0155963668890802
0.0117315894108038 0.0597224673097776 -0.190176449342586 -0.079122090543818
-0.0326601668272595 0.0716915562832624 -0.162782365133567 -0.246061920026368
-0.0530152667605466 0.0122270265592566 0.00682683300009609 -0.296158306233679
-0.0339288295587227 -0.00907256238263272 0.14565643166156 -0.171663023089536
-0.0010143445430526 0.0127446258234158 -0.0618060874069255 0.0558406058374788
0.049281722520277 0.224955514931681 -0.215861494486274 0.0680390227800994
0.199938570024313 0.0857791182766114 -0.690675031147687 0.067804559493805
0.12084121544221 -0.125666550362188 -0.48772611640695 0.539381128203027
-0.090324022233506 -0.140887638137146 0.03521040456107 0.516837056729139
-0.119479132575531 -0.00796635424595473 0.218749426372566 0.18116439234094
-0.0796696325726103 0.0347895953975307 0.140853826100992 0.0422401152487992
-0.0471894106591851 0.0467063915035642 0.0816360175229074 0.0439353852215967
-0.0220378076088479 0.0417648315267608 0.0801331267063475 0.0171989290243779
0.00640463217525523 0.0244827532606968 0.0303728838382927 -0.0114180129740743
0.0305328979906278 0.025661442144176 -0.0642683273707004 -0.0122808499195308
0.015573486295401 0.0703318071575879 -0.178559093676562 -0.0637081933350221
-0.0512035160054472 0.0779232609583999 -0.177939168926898 -0.232454752218494
-0.0535139575422553 -0.00830939731987227 -0.019242573666335 -0.320418577230223
0.000116983233323063 0.00556485397577836 0.173015824711352 -0.223149096687542
0.0108301183377088 0.0963790720414932 -0.0222285840103414 0.0459489105355801
0.0484782169660716 0.249179672465209 -0.209434103652143 0.0396057117964717
0.196103416589834 0.0690776353852499 -0.615624682540849 0.137459898039513
0.098456070917514 -0.126811175103886 -0.363308131744309 0.506911074125572
-0.0906388206634474 -0.114772092454735 0.0539931680189592 0.422703753695214
-0.0965777161272655 -0.00950242978443964 0.161400377084852 0.150974088738111
-0.0706411254191282 0.00795890798185091 0.0973922017519597 0.0578288436723475
-0.0617058988017537 0.0245717677034531 0.0614403788106494 0.0647343306891365
-0.0408708153120345 0.0351526589654715 0.059539543696481 0.0277400019962815
-0.013792828468725 0.0284039591757059 0.0188055643712293 -0.00754161029757121
0.00828643248690865 0.0305498557243462 -0.0537149410336369 -0.00361461174637662
-0.0180149234086873 0.0756445634355252 -0.166304698857873 -0.0397264838283719
-0.0933194523344142 0.0374678360122567 -0.203227540633102 -0.223260643606804
-0.0196474085816012 -0.0705103327821285 -0.0410071083240093 -0.371396687375828
0.0779644090010307 0.0252116560481756 0.230390268133941 -0.295526049356044
0.0324283628727244 0.190068472182578 0.0345604531654819 0.0155014578454422
0.034441470405455 0.230415717874063 -0.171512672540397 0.0222803405136421
0.134569100820964 0.0467126564858423 -0.487892754860305 0.181932765427132
0.0431015166047255 -0.0844864558589338 -0.250781874698449 0.437515391553384
-0.0644701777043089 -0.0501715656625904 0.0543157682565192 0.34643473859318
-0.0419782528781254 -0.00870333204945797 0.129136478985001 0.137829783948975
-0.0418355861571345 -0.024337505833602 0.0768500893695199 0.0658792891883012
-0.06124438497716 -0.00338792199391085 0.0418490520514972 0.0709480752925678
-0.054244281414877 0.0234356102730613 0.0296986272033627 0.0353555069320962
-0.0399186742865399 0.0309122896477481 0.00214909767997939 0.00339489123129361
-0.0350437723838862 0.0326356657061194 -0.0544976717816897 0.0188236989909323
-0.0753605762580871 0.0504636850138963 -0.179878020753564 -0.0105315750132928
-0.117356889118557 -0.0585414822102497 -0.246660683571444 -0.243370767121633
0.0706751614405553 -0.137914742322415 -0.0332614156205627 -0.463808500284229
0.175626946205204 0.0766192133845422 0.332181835239515 -0.364456670398401
0.0470819404356437 0.27665380944345 0.0986767513841995 -0.0274460724352653
0.0182910923680817 0.195150755092284 -0.106033698901088 0.0069478403045022
0.0656150446035477 0.0448102764460254 -0.347290134281439 0.184011151612316
0.0109090879915888 -0.0212669649888537 -0.177957413825758 0.366257372879075
-0.0117261379902976 -0.0017887034030313 0.0544473222753726 0.309448521625544
0.0159448662891408 -0.0205385294699881 0.13560365122036 0.134225035375038
-0.0122002209235346 -0.0526753871407061 0.0805293809980846 0.0598192262993552
-0.0520454098509079 -0.0289562747995452 0.0236839088554307 0.0620925270986271
-0.0601357472751874 0.00682194388725314 -0.00407337725188878 0.0374369808222115
-0.0631630815779864 0.024333133680472 -0.0226890605691401 0.0198144322737869
-0.0763008052521514 0.0153260938331584 -0.0827236662960084 0.0445381110879383
-0.108801769656395 -0.0120734339954945 -0.230675360089042 -0.00319856657140602
-0.0705546765660466 -0.163111627046965 -0.282697624746352 -0.319658434453873
0.193583182201382 -0.140358619746703 0.0460989658874247 -0.578431497917387
0.232707990786737 0.165316877346073 0.475189632926971 -0.38415798604038
0.0398990778222131 0.325624773537839 0.159945001282189 -0.0731787431060793
0.00994135624324837 0.156203510799849 -0.0326910608043145 -0.0165115197526017
0.0290758777615181 0.0543191409723682 -0.237537536658088 0.155893639494619
0.0171823704460461 0.0193411565475808 -0.135676004100479 0.317205564362347
0.0372308518037541 0.00413784108628671 0.0747442989266384 0.299590564253703
0.0473843648275717 -0.0392350257969723 0.167422935409587 0.125937085043334
0.00269452539159667 -0.0672512387174249 0.0941341862968959 0.0394242426366255
-0.041298481479554 -0.0431415601213345 0.00559763729723797 0.0427518779527536
-0.0565462035664839 -0.0107782201008394 -0.0352124906957441 0.033715851118885
-0.069982880984387 0.00423736844077858 -0.055026993935346 0.0324292676265603
-0.0834352294631526 -0.021664518463342 -0.132809632544014 0.0537473506602444
-0.0826707819810847 -0.0764325189856167 -0.292220629241188 -0.0436354166428828
0.0342255411710096 -0.192318014407484 -0.263592067071883 -0.435643519269321
0.262568951591435 -0.0518741259752449 0.206473932630832 -0.651364242454515
0.195743642478174 0.242430944752216 0.620128382993345 -0.330267379635206
0.00907896830130451 0.303572344966183 0.210827774173802 -0.11154574232708
0.0133099299806953 0.114115398131413 0.0264421295185756 -0.0467337223805536
0.0283945647842602 0.0551267391922818 -0.173692778645834 0.126567465722807
0.0415531258284906 0.0191384794506284 -0.101095384026775 0.294305960707928
0.0559234035155709 -0.0203317982938409 0.109534956157945 0.292697952149607
0.042685995372623 -0.0494455642410976 0.201724621406051 0.107911888871426
0.00126459892834905 -0.0626429841461659 0.104105911708655 0.0126518709377733
-0.0313609393618431 -0.0456432356223538 -0.00966933760173726 0.0214068647203138
-0.0432719750759835 -0.0267706866098697 -0.0586093993341937 0.0241124455480773
-0.0524053600203493 -0.0244816302326287 -0.0855922188595248 0.0314822947086327
-0.0467568584534825 -0.0543521165533288 -0.179657666176625 0.0338063293988624
-0.0114196787765259 -0.0942238751678126 -0.320109623597368 -0.116566506345311
0.118800139692693 -0.120215476131438 -0.181452003106963 -0.527736319279069
0.21556641103989 0.0603324394495497 0.375351291153421 -0.643249566970828
0.0795728066227154 0.236341179760722 0.717914099227642 -0.225928119288138
-0.0259499016983583 0.199282952757143 0.246887134014366 -0.13141053445559
0.026690230896636 0.00535656015597256 -0.174803612684696 0.11190641413519
0.0288758113583369 -0.0486440921591045 -0.730348203963962 0.0511697443771548
-0.0455478033214177 -0.0780695139117228 -0.578188004877026 0.616573187693802
-0.108444173405967 -0.00390413773179687 0.0781223914167083 0.651971472895733
-0.053593628785577 0.0634986619105307 0.356753752385721 0.196943465635341
-0.00597292166178432 0.0669987190366664 0.223299983534245 -0.0246274909072549
0.0295619053868286 0.0469176261855788 0.103300847363871 -0.0251281572801559
0.0284500727350639 0.0299652180276824 0.0849666332122252 -0.0217876618591706
0.0327288090480612 0.0274288249108704 0.0299443082918112 -0.0308028370456771
0.0184402682751114 0.0492994448596114 -0.0854514607439036 -0.0316404913319843
-0.0135756189907056 0.056858319323813 -0.198905787580468 -0.102255893628542
-0.0362754556489331 0.0464579864545818 -0.147556134679671 -0.274806027019606
-0.0415247874456093 0.000296217791294376 0.0408851969008321 -0.299027957131179
-0.0351385954761963 -0.0258706484742577 0.15804032733883 -0.151209878925254
-0.00289875337095711 -0.056657659708973 -0.0672489803265034 0.0612410320111375
0.0483108197974106 0.146484452815419 -0.199179749289238 0.105417554697181
0.146497349667447 0.0458355927716651 -0.734809723882787 0.0385275321239831
0.0694300547721267 -0.112657992980548 -0.578533056373033 0.582792519387582
-0.104788276918265 -0.102224480674888 0.0398784289799462 0.611478547817958
-0.109150588660329 0.0229507811799429 0.296351419358875 0.207193901605449
-0.0580299369817616 0.0620955119165789 0.195213506544868 0.0119290757454294
-0.0134384222571871 0.0593436517593874 0.102410016607943 0.00835747156640062
0.00399474564675055 0.0423746526533274 0.0909896438843755 -0.00640219340393812
0.0222529486264088 0.0257063783709389 0.0332172694721764 -0.0226023751409274
0.0322495123059269 0.0320465063746765 -0.0798537034551174 -0.0224597269362504
0.0148280212546758 0.0633022091623647 -0.200662879520737 -0.0860680132389564
-0.0320571244674308 0.0784201860390414 -0.169131325044791 -0.2606967076767
-0.0575161237653975 0.0145647454575077 0.0104424297863233 -0.3106472214151
-0.0356127124100602 -0.00867888507129737 0.158210585093995 -0.177060182390333
0.00168217881183183 0.0135025067782637 -0.0546347320229392 0.0692287852189581
0.0634227026409617 0.236825941434873 -0.215788791663266 0.0743212070737193
0.217793367092336 0.0824953148999826 -0.716714910143135 0.0802695773176671
0.123747428337546 -0.141552939659528 -0.495242650496939 0.57250120650618
-0.106399769678629 -0.145928749713846 0.0469796181209646 0.534753635613113
-0.128723960373497 -0.000414244283874423 0.229490160942992 0.180793597032845
-0.0830319693049422 0.0433074887562413 0.146671515910826 0.0393419038486895
-0.047035082861243 0.0537756469270859 0.087525706792632 0.0417791538748293
-0.0192120136023656 0.046569647594348 0.0837398040120982 0.00983252528154291
0.00930256312341115 0.0267036737700461 0.0278142685270212 -0.019356681562339
0.0333349694016397 0.0275190966174133 -0.069525429006278 -0.0191698504384246
0.0186414247617032 0.0757853494156847 -0.18731030396278 -0.069798844046367
-0.0543452736219351 0.0869772393075358 -0.184752914539007 -0.245425804296087
-0.0606009378562711 -0.00938352382055642 -0.0176295911082794 -0.33479132916078
0.00297562574533555 0.00309856766156223 0.184394167429237 -0.231756752798326
0.020321731575714 0.101256017275986 -0.0147361231002455 0.0568154643256331
0.0665039629561299 0.261947120098607 -0.210978010333518 0.043146778491727
0.215953842641931 0.0629192197787518 -0.637797083782995 0.147430105468408
0.0988567633595931 -0.144490425607064 -0.368563599212363 0.533068574506213
-0.10814171228743 -0.11782233040599 0.060533645115 0.434803825813542
-0.106332874303103 -0.00147392411084526 0.167584776487067 0.153180259531986
-0.0754343142429099 0.0154391669180259 0.10194507522673 0.0594556906637303
-0.0624486724809138 0.0323419176425031 0.0679018939520518 0.0658342206648219
-0.038530457779949 0.0420521660593207 0.062910741651038 0.023582850179028
-0.0102911311080187 0.0329348167403056 0.0168624966585026 -0.0137203344513848
0.0097143536807069 0.0351822249243512 -0.0568964111378185 -0.0103302935386142
-0.0174202327768118 0.0840327458747574 -0.172997833116972 -0.045108336399957
-0.103033999298126 0.0466375034775049 -0.210141463953596 -0.233822239951261
-0.0291315250437044 -0.0784033768629891 -0.0426169495900068 -0.386527795750508
0.0874885720784694 0.019598408623783 0.240959165991069 -0.309494663547411
0.0483567822728093 0.199507712855156 0.0414492310868342 0.0227242444611279
0.0524011733233281 0.242600473818096 -0.173987243523617 0.0228403680294337
0.151448468152996 0.0394245505700826 -0.503486322379956 0.192306553739489
0.0400820275522375 -0.0987307857558973 -0.255442532588479 0.456422832836815
-0.0791011062995653 -0.0497164961226107 0.056326743150787 0.358046348158098
-0.0482836245384274 -0.00199352666142356 0.132948131861211 0.143325071772133
-0.046199551876749 -0.019116140439683 0.0811787079275979 0.0706948915319911
-0.0629378456883635 0.00359170570143887 0.0486666698098775 0.0736227682030424
-0.0521715535324272 0.0305775049308621 0.0330474103181512 0.0339532091164308
-0.0377794214274854 0.0381276476276822 0.00120418855672627 -0.000302656077771772
-0.036463732462884 0.0408417094109587 -0.0551328750680923 0.0141827995367315
-0.0794669347499702 0.0611470947995952 -0.184235844527296 -0.0130408459189744
-0.134297859347712 -0.0543664330996056 -0.256841162894464 -0.250255873447041
0.0635501337434999 -0.155495054066922 -0.0399235770631675 -0.482163079603787
0.193372556616359 0.0694785236900958 0.34107960590703 -0.383308593703153
0.0672579762974966 0.28995928622615 0.104596276214604 -0.0252494993992148
0.0348467240957972 0.204384929595228 -0.110308663015839 0.00320695079832628
0.0779921128347341 0.039782588005311 -0.359867289455554 0.18978674223089
0.00770195005308431 -0.0294329190859956 -0.18356636361699 0.380452839651313
-0.0211396831670188 -0.000144656945946602 0.0541242385558451 0.321977732839606
0.0125493251204687 -0.0178381945848485 0.139869790571389 0.143255318165801
-0.0162154729065433 -0.0509910573937291 0.0857941236439798 0.0661130884531328
-0.0542378343526108 -0.0234262864736203 0.0296543127493264 0.0674760986859391
-0.0591704684371833 0.0141150634566123 -0.000308511564775765 0.0402284275529028
-0.062038515886458 0.0326905889645725 -0.0226831071174811 0.0196685095216466
-0.0805546742253687 0.0246303719656244 -0.0819760517919436 0.0450370766894994
-0.118600762912688 -0.00347244615320844 -0.236501769768018 -0.000523238980289966
-0.0898456340891714 -0.167396081835181 -0.298318363507437 -0.326681531850974
0.194594111492987 -0.16291703280286 0.0371866402218128 -0.602383748697987
0.256313909840293 0.16194884743907 0.489606918970594 -0.410473131420338
0.0604902675435888 0.341311692229989 0.1640028341557 -0.0756347554031472
0.0238247060640828 0.162007148412093 -0.0369442381455787 -0.0242904378577248
0.037997701947938 0.0525063738144246 -0.248435947687301 0.157154655829595
0.0160244468251397 0.014854260107298 -0.143560865951511 0.329511281532182
0.0322178556057378 0.0039977641151943 0.0744237646221711 0.313592810187616
0.0458727209569332 -0.0399186972051762 0.174152697351695 0.13517470662345
-0.0009235621528601 -0.0668241611436363 0.100074631432552 0.0450328013341856
-0.0440001776468631 -0.039949739454819 0.0107694451626568 0.048920693856309
-0.0577226378563115 -0.00526887593513212 -0.0322425416688339 0.039234465233166
-0.0707930395456267 0.011502498066638 -0.0537437083980376 0.0358029927734547
-0.0898746454202611 -0.0139288935487199 -0.134352078446561 0.0580694762147523
-0.093506366679428 -0.0734240716886375 -0.302481143614966 -0.0378129189847021
0.021015970032807 -0.204580340282591 -0.282843940364017 -0.445455879320765
0.271653910102814 -0.0710860617141562 0.200435445473882 -0.685978175250616
0.22013858546296 0.246006001467178 0.643404147884813 -0.357806652343791
0.0249061749582042 0.317980223968316 0.213923459133076 -0.117659925048861
0.0229572552329815 0.117693090514928 0.0208946754913238 -0.0585987321961106
0.0350162710573997 0.0547377859471352 -0.184782610035424 0.12725519381898
0.0421624501440439 0.0165482562945784 -0.109053165893711 0.307615235248199
0.0532609531205565 -0.0229297026561537 0.11147610760499 0.307306784053605
0.0420555028697333 -0.0518495852176982 0.210106973276621 0.115273876868925
-0.00168582264087284 -0.0625565188876648 0.110237320563032 0.0172241326559627
-0.0349395589176802 -0.0433361641896668 -0.00596202354686339 0.0277789817985192
-0.0457332920498336 -0.0236848968260996 -0.0567940437653116 0.0316918338400307
-0.0548816432420808 -0.0206278344384887 -0.086904808071637 0.0381916266116512
-0.0526495403682701 -0.0515881904977246 -0.183713788561587 0.0416001596120023
-0.0180932323702359 -0.0964638113414652 -0.334819114680711 -0.110622710900666
0.115455808674682 -0.131938300300235 -0.201860222526754 -0.544589371154436
0.227830399252349 0.0512795197365483 0.377483294511642 -0.680865684631275
0.0954336665742287 0.245320255352761 0.748068694066012 -0.252352443758591
-0.0174233255772938 0.207838367839192 0.250091345285004 -0.140475626748684
0.0274977835221658 0.00415152171780244 -0.165967826294055 0.121678885731526
0.0262492201654325 -0.0511990611189838 -0.756363542558161 0.082872215574363
-0.051365659163162 -0.0775492788948382 -0.570281534189758 0.673535976658147
-0.112968423234001 0.00433226841415711 0.116748332792531 0.670764197184138
-0.0497617866371989 0.069828220087239 0.377848155793136 0.179704009555355
-0.000735288882665848 0.0694390665651621 0.227984173580737 -0.0416476200235175
0.0333236743124591 0.0455260460718575 0.104421797190394 -0.0347054361995485
0.0308061209404132 0.0282278534913549 0.0842009907033469 -0.034008681115763
0.0344347096484485 0.0244605114592981 0.0244613686559301 -0.0405152707817529
0.0223210250815677 0.0481609992242529 -0.093559059132036 -0.0366081832374807
-0.0096741594417388 0.0592188544903739 -0.2130638293831 -0.102343372065327
-0.0318330172614441 0.0512180375798542 -0.163732868505942 -0.283642198744333
-0.0433761725187587 0.00528898424268363 0.0371977596604813 -0.314746227895027
-0.0397610902016045 -0.0230798768439136 0.16645669841545 -0.160483500560598
-0.00892633395563615 -0.0594277342886724 -0.0565649677823988 0.0761797062864448
0.0621342425673536 0.150978953312554 -0.191996383191032 0.116461721451965
0.1590904418486 0.0380574851859417 -0.761620765843849 0.0721166316860082
0.0654926466618524 -0.124842266034902 -0.57080854904971 0.636862939406036
-0.118736122256393 -0.0999677981039499 0.0730613556426226 0.631291525477988
-0.113083162918629 0.0332160086625889 0.316735156992537 0.194217749260566
-0.0557242560216536 0.0704401229375789 0.202126406256511 -0.001719283085435
-0.00940693248092203 0.0636305610123407 0.105957027706786 -0.000480798618429684
0.00818550755113159 0.0447296242745993 0.0915934576373148 -0.0183159445151763
0.0256630768264268 0.0248848407840873 0.0277918967383456 -0.0327753240489469
0.0364285537476451 0.0314927100775968 -0.0878611725160107 -0.0270544725861308
0.0200799169920512 0.0661713058648441 -0.214886918241097 -0.0856779539261713
-0.0286942578872335 0.085993955411469 -0.185457544427726 -0.268619839631782
-0.061302546202453 0.0194166289680539 0.00501401894205906 -0.325534043045141
-0.0370307107463191 -0.00740443813368932 0.166288819998395 -0.187257273819403
0.0035315614846979 0.0139881065168384 -0.0427427214657709 0.0839778033948015
0.0868983211734284 0.244469197544451 -0.210340499168613 0.0847552464169426
0.238943578652971 0.0699629047594606 -0.737958519829036 0.11226186346383
0.120172058940801 -0.161964316765135 -0.486514074891271 0.6183426413073
-0.127254169575666 -0.145410153898541 0.0772437965701233 0.547873324193418
-0.137222081217964 0.0120937507756752 0.244173460427231 0.17143571615042
-0.0840953455502739 0.0543316343097996 0.152547331160439 0.0314432609165694
-0.0437805071148704 0.0620458737744195 0.0941690266420885 0.0360645441603997
-0.0141266920709477 0.051620453967178 0.0853216702503838 -0.000732535318019455
0.0131376286403813 0.0280212167972919 0.0234095127995832 -0.0286850126685413
0.0370903501586388 0.027779204557794 -0.0765675582951177 -0.0241885537618751
0.024811964766587 0.0803384957265702 -0.199075706450513 -0.0702818931430316
-0.0538901031041596 0.0988165395801233 -0.200422833733409 -0.252694573731361
-0.068834503752525 -0.00787958157018661 -0.0266159364855245 -0.348371185704202
0.00592458620104875 0.000294890493838093 0.188634241435811 -0.246542056118186
0.033712806661723 0.104293079921691 -0.00322646388709726 0.0669651748529298
0.0940578217165642 0.26987972485995 -0.209912991359988 0.0526852000861274
0.236552553118781 0.0472831590555004 -0.652800226057362 0.178162551568228
0.0925878830608955 -0.165591983473366 -0.355560406762973 0.567487790472155
-0.129679897654635 -0.114981164221485 0.0827750236214491 0.445078464292196
-0.114222430164337 0.0109866827557589 0.177484081304755 0.149610873454517
-0.0782296233123151 0.0261824545697113 0.107978645922398 0.0573986994897708
-0.0616025445182817 0.0425733154499458 0.0768247968585953 0.0630503802131982
-0.0335729315941683 0.0499734250170364 0.0660856425380984 0.0160129649546464
-0.00553895041205079 0.0375698774407728 0.0135984929455288 -0.0209846263816184
0.0132084423502195 0.0396465170586267 -0.0609457704045275 -0.0155465954970532
-0.0129522193678747 0.0930925430164541 -0.181316166635408 -0.0449880172795258
-0.110407347931541 0.0611607255423156 -0.225327602834872 -0.237226996781639
-0.0419755384550299 -0.0849670174557638 -0.0562908078113019 -0.399825737900174
0.0967443192695479 0.00953598394793501 0.240245371359188 -0.329925128345196
0.0719372846733895 0.205690898053196 0.050387356828762 0.0277825476967395
0.0798085451890931 0.249879673602189 -0.175345885424737 0.0279532087698756
0.168051647446223 0.0251036340851012 -0.512377427447922 0.216831502192409
0.0328497926257834 -0.114171688976626 -0.245333302436091 0.480390855951928
-0.0958500191435873 -0.044960765362754 0.069699197557124 0.3660001738089
-0.054488608226102 0.00739092473914427 0.140781609867342 0.145572057950148
-0.0504782687904238 -0.0120919554815511 0.0885534293486717 0.0730291927639696
-0.0632619357668197 0.0128828409482674 0.0579483628443308 0.07454520509675
-0.0486355875781007 0.0398651720476845 0.0376983364789194 0.0313989763827083
-0.032679878599658 0.0454697799603787 -0.000429658647980305 -0.00385785665070102
-0.0348037322154861 0.0509285495962599 -0.0556087646772974 0.01021003204727
-0.0806004350464679 0.0749078031901136 -0.188863062470409 -0.00887359951020875
-0.152870116434329 -0.0421757978969969 -0.273625502923109 -0.248688213780438
0.0497327581694152 -0.173406257532606 -0.0614228259330678 -0.498393671740347
0.212186376236046 0.0543068936172521 0.339607469073565 -0.416157673360121
0.0979284326991991 0.298369261117269 0.109752066437922 -0.0267391048011103
0.0587901798726697 0.209956950835319 -0.112799724487967 0.00262782928981532
0.0906271081914249 0.0300781239924681 -0.365323721258285 0.205554956733695
0.00220574858423967 -0.0380313469708976 -0.180077353662154 0.399546237615968
-0.0299916623347919 0.00400325181116461 0.0638806265476896 0.332081625371766
0.00920992764403564 -0.0145480319935251 0.148414385752468 0.146818854232883
-0.0212343694635074 -0.0476401405078334 0.0936490933371581 0.0693137801449166
-0.0562714347453741 -0.0152410685669429 0.0388042737483082 0.0707921710058538
-0.0573479320051472 0.022850699600165 0.0040271396393921 0.0424131967895085
-0.0583421992058299 0.0427074875037584 -0.0222163048155716 0.0200005457179672
-0.0822832533066122 0.0375849852345318 -0.0800419331608989 0.0463858178242443
-0.127342986530592 0.00951368732351323 -0.241364793788705 0.00919811574175409
-0.114606093345055 -0.166691186964578 -0.322705590449276 -0.321872833449682
0.187078801604854 -0.191975326536877 0.0093577352491494 -0.627421859099156
0.285627684172559 0.147333934222303 0.489402937044004 -0.452223793842905
0.0923646063796077 0.351981039654592 0.165220082897188 -0.0831626006674902
0.0430195006459061 0.164934904040614 -0.0430578306823712 -0.0311706884790469
0.0475328907036423 0.0471288846115236 -0.255020139426914 0.167122407787192
0.0138225735428996 0.0105470689597397 -0.141714565189223 0.346552464227846
0.027185462544748 0.00480456200547651 0.084621088050431 0.324897411028834
0.0427425332697608 -0.0415877871527824 0.184875744239452 0.138656257426564
-0.00514002164019366 -0.0663627734150245 0.108337461983664 0.0474503570628376
-0.0470807865607822 -0.0337871875914057 0.0182346170261381 0.0545733367702646
-0.0576770735917948 0.00221960502723686 -0.0277239581793413 0.0453887120899466
-0.0695612367091706 0.0209017063501374 -0.0528650643342869 0.0404873863852463
-0.0958461647658108 -0.0027942952031396 -0.13194409216042 0.0666689912897473
-0.105874696721071 -0.0667435589740183 -0.3131212945264 -0.0216991908210137
-0.000892470114911094 -0.214205433098272 -0.316556628823128 -0.444325057823889
0.276713006398976 -0.100370804919997 0.170049758188769 -0.721420282689745
0.251354935466505 0.240220875180646 0.653257382972003 -0.405884986189359
0.0509973581819947 0.328754875187066 0.21281374332183 -0.129993417695447
0.0360357233389361 0.117597463511736 0.011227658776006 -0.0707443879871927
0.0440344857911358 0.0519999738974202 -0.192297787427227 0.132621856803731
0.0421220168189513 0.0121736604478664 -0.108367782009331 0.324017874862224
0.0486928289292969 -0.0259077381567197 0.123434646595616 0.318528547002761
0.0389656315267472 -0.0548817660727795 0.222496306867469 0.116673041555879
-0.00674564126685204 -0.0618580855842208 0.116847109270625 0.0181840627962284
-0.038893455478912 -0.0398201203509848 0.000135850656009141 0.0344688288683942
-0.0482675466544053 -0.0189085202008178 -0.0528219650960788 0.0399454090421343
-0.0570775501152141 -0.0147954537803237 -0.0852038356547498 0.0454896689984739
-0.0600862604670105 -0.0459723643948215 -0.185389818570863 0.0545323774251171
-0.0285780860427169 -0.0977792426571343 -0.352346181513304 -0.0943678391396749
0.106283364711956 -0.146601201749246 -0.239535892130388 -0.55170113260215
0.239731888811202 0.0341645735392522 0.353898713838515 -0.72891425271308
0.119141206245465 0.248587913263889 0.766868303739671 -0.301063387680588
-0.00191811982408667 0.215762470826054 0.247466847561644 -0.155483011078991
0.0258379536172918 0.0168310413304414 -0.197621611201547 0.0389363414313655
0.0566334316908446 -0.0297359813495413 -0.733021004711859 -0.262481548912405
2.64545776365961E-05 -0.0948705674867554 -0.822753631752002 0.367947599668927
-0.0996668225524161 -0.0490703932143213 -0.181400126581798 0.67201806086621
-0.0742126311472768 0.037057168777434 0.27193513947051 0.327214762714949
-0.0289307393899332 0.062364370321482 0.228113610217501 0.0571435244657356
0.0132771648580518 0.0546538990917504 0.110965284782528 0.00903974109241795
0.0165629875116022 0.0381245532016703 0.090475852032894 -0.00237512290810882
0.0208296119057567 0.0344303837862582 0.0371242311206356 -0.0356555402393753
0.00128500488444848 0.0536316907403665 -0.0703851128807447 -0.0803014922673851
-0.0339760920793613 0.0513335829032671 -0.150073137943835 -0.190099518732606
-0.0537141819409056 0.0316181831684337 -0.0181311868473783 -0.335037968954823
-0.0424775396721118 -0.0155015887454987 0.184326819763297 -0.269904731416814
-0.0266492002417546 -0.039435949092294 0.236791271254067 -0.0635754912636379
0.0145389273020907 -0.0591610666018456 -0.0818856271522057 0.0570817643198541
-0.00360707014682971 0.170568970428511 -0.215181713252819 0.0218303476162562
0.144693071181595 0.110108464986673 -0.734981428150176 -0.279106527250894
0.130294112114057 -0.0910930152184905 -0.80857071613741 0.331434985791939
-0.0645277563346838 -0.1486142199903 -0.208991842850627 0.613886843797979
-0.120178100092153 -0.0216988264075574 0.20706740920915 0.31566951239973
-0.0820269738302619 0.0412775159306732 0.187162695196444 0.084790380132914
-0.0344482058552146 0.0555218514518592 0.0989568734517284 0.0425754721810462
-0.0105000966511168 0.0458966439976211 0.0906585294889234 0.0155556109494447
0.0134552433312383 0.0325921143406804 0.0372604356099461 -0.0274337106762084
0.0199584663652247 0.0446239060718236 -0.0692842352979092 -0.0703733147293226
-0.00978914108428887 0.0710909239950435 -0.159263680661986 -0.174772075427663
-0.0672337076394782 0.0660618050857401 -0.0471000982362144 -0.33143739592481
-0.066910767340209 -0.0135225296501589 0.159326517257708 -0.29619496058122
-0.0270384504376843 -0.0253286420892751 0.248299098967488 -0.0899351622965391
0.000585680274615983 0.0153948151406062 -0.0735076604300819 0.0688064614791243
-0.0185806745307068 0.27070560890303 -0.21605630538746 -0.0164673668598443
0.209036613322018 0.17232848267372 -0.731772079067122 -0.234270760141748
0.196511643253557 -0.10752135674584 -0.722873842132851 0.350153898013499
-0.0562401949031008 -0.195050335619467 -0.171696461111995 0.538436884475347
-0.135013335947018 -0.0488109487761856 0.147565879102315 0.265958699911634
-0.102881768807374 0.0167550497322336 0.126243894233041 0.0967052929983104
-0.0663193924951835 0.04256714209268 0.0726569592280256 0.0727654016522564
-0.0338478059729769 0.0451867278277826 0.0791500087790988 0.0301238858893548
0.00189496091059657 0.0325124266541885 0.0314023216051077 -0.0242000713630837
0.0224407996358152 0.0435172834417212 -0.0587666783396046 -0.0624966901684778
-0.0120909336626943 0.0885391689041182 -0.151410100968789 -0.154525769994378
-0.0995515844437117 0.0675725984252867 -0.0678199956133544 -0.32212304805626
-0.063647301314428 -0.0435145188810664 0.140617841381187 -0.332496131491411
0.0120589789913443 -0.00304656368654182 0.293908653019232 -0.134242617380658
-0.00700369416778841 0.112417728270134 -0.031966084913627 0.0706933120357179
-0.0209218178384599 0.299035756155663 -0.20179511376104 -0.0476448110672901
0.220376254577886 0.147995525088716 -0.682560035639602 -0.134478328301715
0.169899915277167 -0.126279241197469 -0.581666716958241 0.359175958869561
-0.0738948049540331 -0.167841622819516 -0.124347628890736 0.443618377499967
-0.114655351300202 -0.0379159865149251 0.093497516168875 0.218500803150653
-0.085740232285523 -0.00554572484110739 0.0725732968543043 0.103133183245943
-0.0742939112540597 0.0184844874271335 0.0450797224253786 0.0913324358197258
-0.0500559969458817 0.0367949347144127 0.0549585453786018 0.0392357318860428
-0.0192034642559703 0.035039516369478 0.0198924796748935 -0.0197289963561667
-0.00518249520078238 0.0462132161257326 -0.0486061774633671 -0.0478173746165038
-0.0543032259330122 0.086548103816539 -0.14538665523624 -0.124241736216427
-0.138564035048704 0.0100832168280535 -0.0978001753103577 -0.320632206499914
-0.00627911310063818 -0.107374901252999 0.136697498739393 -0.39121017620053
0.095478342239162 0.0429030804327779 0.376577496540745 -0.187231279614591
-0.0122418169161955 0.223168388873358 0.0321352126073041 0.0573332081849101
-0.0234710156469361 0.273160511514894 -0.161872033629654 -0.0566380656309237
0.163827529393956 0.0950200252064261 -0.567632937817041 -0.0383238397535289
0.0877005239958562 -0.103665686020005 -0.442984919260901 0.326816315476801
-0.0747066189609361 -0.0863958364382295 -0.102468842722706 0.365863089701611
-0.0572259382818682 -0.0154452017528962 0.0611534589203319 0.197760101249555
-0.0443512112767913 -0.0291756537111256 0.0465003931469282 0.110581478223785
-0.0639676798332502 -0.0094505994440472 0.0229054722960697 0.0946861822034472
-0.0602853888677345 0.0214622017208904 0.0226747213054417 0.0425925940988582
-0.0467744356683885 0.0334219730036119 0.00184176884172308 -0.00861415530831143
-0.0557937297422536 0.0386373161111472 -0.0533018591847239 -0.020203806484438
-0.111745641076998 0.0420922597959999 -0.167256887895811 -0.09463231042703
-0.137580372396348 -0.103738301439145 -0.137253924554065 -0.351678591407374
0.117101336157896 -0.153481458754975 0.174527009842947 -0.481149305634096
0.186424461320281 0.131642294086159 0.503033276906116 -0.221025396253175
-0.0263090538473403 0.321881656308963 0.108617529429599 0.0318387251239678
-0.0268783778627856 0.224920904858604 -0.0971520892983184 -0.055358086376429
0.086582337376916 0.0635668628815065 -0.428582193812078 0.0163576880002511
0.0243962510765655 -0.0445132382852926 -0.345712734373486 0.280005820496808
-0.0357072083847478 -0.0131360355351571 -0.0955905460907109 0.333378923874272
0.0108747493399296 -0.00910217924330337 0.0671792741635182 0.202757713916772
-0.00109589727398278 -0.0506670436607829 0.0533237978240534 0.110922765488331
-0.0452728717673293 -0.0334115534359477 0.00639779139335205 0.0848339403486795
-0.061059828868441 0.00210006708510887 -0.012293424619301 0.0414773789007557
-0.0694816995614603 0.0205080848445307 -0.0274222282751123 0.00578751589354911
-0.095928416097279 0.00840559938605035 -0.0890464878256995 0.00382159917760219
-0.128670181324721 -0.0386716362750643 -0.221677774352932 -0.09984046141189
-0.0534591653084918 -0.204772337992806 -0.148526756555579 -0.439588593524835
0.254817573306495 -0.113331801886069 0.295755064282314 -0.565337637822469
0.21696570489907 0.2499942791159 0.65427967479727 -0.186281748398293
-0.0565721641228234 0.36882374673834 0.183045233788526 0.00384191842718691
-0.0241887440441013 0.173210820332451 -0.0221022117508781 -0.0582360872609547
0.0354398339130927 0.0613689776741893 -0.309704818421813 0.0287848825150739
0.0116701767894434 0.00797200156044426 -0.290867526043576 0.246603541947308
0.0193479195345627 0.0120047131083699 -0.0728840011933934 0.337384542617777
0.0547888780680936 -0.0211956315416316 0.103769075976765 0.211704853205469
0.0217381613618412 -0.0613539485514155 0.0752632018574251 0.0974346031077557
-0.0302336455285098 -0.0464693666180598 -0.00476734708343359 0.0635096535687882
-0.0532688247396331 -0.0175462848426021 -0.0408604199118863 0.0332490437020824
-0.0723283216828246 -0.00414247044197198 -0.0625685456105597 0.0143294955154818
-0.0923669633970838 -0.0351747029937229 -0.145535985827875 0.00276737907621034
-0.0778781591374193 -0.103086344242309 -0.2722982164149 -0.156652896704354
0.0739412137078041 -0.205163494814655 -0.0891726790446567 -0.54680806929643
0.302395558363305 0.0120033590128952 0.483489045290001 -0.581642145450445
0.14746505258593 0.32273307544474 0.783461036974638 -0.0717036696025804
-0.0854608270173433 0.327463369908156 0.246588627222743 -0.0188760672590294
-0.0133035498599642 0.124396815489205 0.0432755688473994 -0.072678254572241
0.0258918972012807 0.0657396101742839 -0.239930208234138 0.023371489832202
0.0375320721208191 0.0245782603474185 -0.250692509547906 0.242624492151853
0.0535352861606436 -0.00759657823539175 -0.0358733163064206 0.347952414864742
0.0590991448605195 -0.0361808820939229 0.148321752410648 0.208129765199498
0.0196447979277295 -0.0582669905946787 0.0971292832841522 0.0758369758507158
-0.0202057311090516 -0.0492753378646788 -0.0133264755771509 0.0380219371665632
-0.0372314626201338 -0.0357011508809791 -0.0623486918293075 0.0204004792048574
-0.0479972262240852 -0.0337283993271147 -0.0943755708680647 0.00866233133454738
-0.0398935342034408 -0.0625074427054149 -0.188774491949662 -0.0268451054910623
0.00922627961172032 -0.101787050816191 -0.277911917778393 -0.236195796901642
0.147462529189597 -0.0999366506115432 0.0274137487545517 -0.607029612646186
0.212991813477745 0.123470855761585 0.651078735157949 -0.506491344663798
0.0201400929681149 0.277015918462376 0.840804017476014 0.0741105304288976
-0.0902961770913163 0.197647649890103 0.292003478490097 -0.0278932259924419
0.0257239799093534 0.0151658685332851 -0.183225701397266 0.0483051625167064
0.0528577056271516 -0.0322957248190775 -0.741501351154756 -0.222092642623632
-0.00637987467392333 -0.0934435507630924 -0.793256490201517 0.41560386856113
-0.101662488302689 -0.039850702213619 -0.135928073132454 0.675222427108618
-0.0697803595950626 0.042391182557404 0.288040633806498 0.300289461797469
-0.0223264520131657 0.0623656118950644 0.227660355379815 0.0363617056752765
0.0172271167150757 0.0509063939207139 0.109190303801759 -0.00160284629822523
0.0180745594951101 0.0348625640699052 0.0874822649820697 -0.0151674254287842
0.0222201173939973 0.0307496164373526 0.0316393383156099 -0.0464223336086368
0.00573207923453675 0.0517470294201161 -0.0769754828091622 -0.0835957044789318
-0.0283513500523913 0.0531135059565558 -0.15997942587095 -0.1859435341063
-0.0490227174546383 0.0370208213373534 -0.0330601937882831 -0.336798001079632
-0.0447240091417844 -0.0103944597831611 0.176215748177391 -0.27638825398025
-0.0311391954751457 -0.0355247966328737 0.239912454915915 -0.0698366138770436
0.00789325681239176 -0.0612738316090638 -0.0706220255632646 0.0729375955092073
0.0105804057810785 0.172267692512049 -0.200785318489185 0.0348772147346302
0.154613845532924 0.0997379413859875 -0.740668371919322 -0.241053539404857
0.124847293471194 -0.103171654315867 -0.780635547595079 0.379058510026507
-0.0774842627826551 -0.143443388650639 -0.165760878208356 0.618260748631612
-0.121364302454219 -0.0111363439796717 0.22355830769955 0.293879401037528
-0.0780494176950906 0.0485280383034629 0.188732660661523 0.0677121271639978
-0.0291380562312512 0.0590544055643102 0.100563855646668 0.0319449213414623
-0.00648734228249694 0.0467065005717046 0.0894530529467353 0.00255994805991036
0.0161108964647132 0.0311935399239592 0.0315232988153621 -0.0375015039477658
0.0241948993016072 0.0426154863568663 -0.0751085093699422 -0.0738931326998811
-0.00385068958370266 0.071533413799563 -0.168101853788339 -0.170307161492998
-0.0628155922579172 0.0735092614023248 -0.0606733342014241 -0.330800069663583
-0.0699186649983954 -0.00813828514260353 0.149654902237664 -0.301703912243419
-0.0282648339898676 -0.0236858174124253 0.249758665644556 -0.0977004768066676
0.0031445144790731 0.0154686103792992 -0.0612358957456774 0.0838044544011683
0.00605627811572682 0.273678247983275 -0.204602761305427 -0.0039739296788721
0.227137567367382 0.155554188490826 -0.736780212433447 -0.19688231673088
0.189231280598209 -0.127455381412437 -0.693972708506593 0.389112050546593
-0.0759678264921706 -0.191073538286915 -0.137393424190378 0.539490058866214
-0.141154373568704 -0.0355646360398662 0.159749769818819 0.250255818048429
-0.101602482310791 0.0276506501735343 0.129856846563612 0.0850340240461066
-0.0614839167645504 0.0503208000944838 0.0777646337123199 0.064567700130808
-0.027819027090434 0.0492440712148704 0.0788897729168302 0.0182828435287561
0.00565080188512018 0.0341588817637507 0.0259386081323265 -0.0335925421214689
0.0251894589912195 0.0424101477418512 -0.0641697762612051 -0.0667689382744188
-0.0057735863791992 0.0905245737718549 -0.158088876127576 -0.150497023153228
-0.0971583590293244 0.0784071227609065 -0.0813525747435983 -0.321446591870046
-0.0698445757571944 -0.0421989402405213 0.129040618427799 -0.336356920251658
0.01523216700837 -0.00530645535169111 0.291258905302039 -0.14492482106489
0.00663429451843641 0.113693350376729 -0.0215050594969042 0.0821203500934437
0.00789001394309303 0.302144845757359 -0.193647149961792 -0.037265361827485
0.237297246618559 0.128115250005972 -0.681403687855253 -0.101314071618225
0.159992809703564 -0.146046363350834 -0.553766586517768 0.386887660376061
-0.0940028788283243 -0.162259415308883 -0.0976898391217497 0.443499404080262
-0.121069921441278 -0.0258006399344687 0.101625466946235 0.207769413642078
-0.0881150248320445 0.00445026778226756 0.076738238098416 0.0990126019144296
-0.0713534669892801 0.0287718703308806 0.0525133256433947 0.0864440354524574
-0.0440258912286679 0.0438295093241022 0.0570114014384768 0.0307464352557631
-0.0138842274756213 0.0387929572139005 0.0161620617665213 -0.0272772844090939
-0.00217228265469318 0.0499129573753533 -0.050468032314905 -0.0522040098483803
-0.0488846855450904 0.0936421244634933 -0.148796136229812 -0.119992555895021
-0.143761093419082 0.0242233548553039 -0.110798223997181 -0.31570598646182
-0.0190738108411544 -0.112229042355127 0.119034738963359 -0.394205514026682
0.103319840027409 0.0324162689052769 0.368019210459324 -0.20333560746094
0.0122939858775217 0.22498584185194 0.0383231144938104 0.0633219940941771
0.00358958554006268 0.274989330245433 -0.157611832985103 -0.0509198315440187
0.178246488493279 0.0777543000795348 -0.563057087554711 -0.012645485841436
0.0789012900571307 -0.118430682561785 -0.420388854952402 0.342622947213977
-0.089386592441471 -0.0805547213690394 -0.0857820564039598 0.365382757636899
-0.0630494218802065 -0.00680377990675727 0.0667144691259243 0.19392516343682
-0.0484872141227035 -0.0219217912113335 0.0523644213318095 0.110241170313039
-0.063473565173008 0.00112676868144815 0.0310850709003207 0.0932068877686417
-0.0542809093437439 0.03051869688383 0.027243427357815 0.0392298279166477
-0.0415492719247313 0.0402184910036516 -3.75957807734706E-05 -0.0127996565810008
-0.0534895258687668 0.0482364714032809 -0.0519119353144869 -0.0235947588587657
-0.110970208383011 0.0545381717579103 -0.167057494638826 -0.0877371155325866
-0.153805154836234 -0.0897732854724786 -0.151716167787538 -0.341926897082688
0.100704698498183 -0.169826103318561 0.149185590511488 -0.485305366145866
0.202175520768969 0.113702396312803 0.489135060445161 -0.244983207985129
0.00534232708937163 0.324372090932161 0.109498118520204 0.0319753014384773
-0.00229569435858143 0.226612338219154 -0.0976107809824776 -0.0550083622179674
0.0983512282565814 0.0526422630920885 -0.424003712729065 0.0312703955458403
0.0185467783973459 -0.0534862004439427 -0.333243353041829 0.289680977189389
-0.0437727825063633 -0.00911938661811334 -0.0816280776518402 0.334829563471004
0.00665906409021517 -0.00669781717291232 0.0737905062705588 0.200995434964687
-0.0074632178764253 -0.0465452502239909 0.0589315033445699 0.111545955762952
-0.0466785800157328 -0.024143859883054 0.0148508424580454 0.0867531298559441
-0.058003719282312 0.0114449244166059 -0.00648728824542309 0.0429170568097343
-0.0654564544146581 0.0302916731076568 -0.025389911982526 0.00625170564074998
-0.0960954479856501 0.0220604034781703 -0.084482288257569 0.00535996606435657
-0.135738214881721 -0.0243797049472936 -0.220863934521863 -0.0855653937637571
-0.07816172419702 -0.199145993866024 -0.171987164848066 -0.424868237836441
0.242780141627769 -0.140267343014021 0.259774568707496 -0.57763737170508
0.241524846116996 0.229278989914378 0.638930789179075 -0.222297218375856
-0.0214695593447089 0.372762396142277 0.178991872863871 -0.00323079593429737
-0.00541936093922409 0.174316228666618 -0.0261700300951944 -0.0643882470188247
0.0452344273339963 0.0535961413941383 -0.30900240770903 0.0343544569273261
0.0107747052433443 0.00246674348592645 -0.28170760392504 0.256814895977704
0.0139730822105975 0.012493544622218 -0.0623119869735485 0.339993531942966
0.0507234834269979 -0.0226331392820639 0.111788341506086 0.208426654361876
0.0152635075673871 -0.0601998255008992 0.0810282627292135 0.0978703722262868
-0.0322654857955446 -0.0400703072122496 0.00173059116441825 0.0678827589685453
-0.0532543634658074 -0.00974293659740842 -0.0357684839513981 0.0388469785566044
-0.0713836382183056 0.0052680364043319 -0.059044910940017 0.0185518442779716
-0.0970792168648373 -0.0232024223091442 -0.14017251727918 0.0119080678655829
-0.0907514410775674 -0.0941823864490371 -0.276981809717653 -0.136034225191181
0.050364978489059 -0.210908720225378 -0.121624957364487 -0.534419320195252
0.299998787951062 -0.0186609158837501 0.442565740857356 -0.604308691467306
0.176159286101765 0.308583518679948 0.772684141973204 -0.11862678573593
-0.0571931547895043 0.333668950298394 0.239101725039533 -0.0312511639051851
-0.000343107867819248 0.123192141044308 0.0335796441887363 -0.0845718093049364
0.0342271425740069 0.0601125046368123 -0.241680587882849 0.0260513962377609
0.037923706074627 0.0195579018550012 -0.245043116115119 0.251068587482529
0.049581127537915 -0.0100574911839171 -0.0232560625154677 0.351436345388418
0.054091581926583 -0.0399926375302864 0.155794187485213 0.204048075182355
0.0143683183263874 -0.0572700684099027 0.101851860709357 0.0751516045764271
-0.0232313067802221 -0.0436555730156851 -0.008223467461013 0.0447288777701493
-0.0395532017081277 -0.0293796245743265 -0.0571229509244221 0.0281592635696891
-0.0492715808395554 -0.0263797631549441 -0.0906734707926419 0.0157039121704353
-0.0469372546039081 -0.0564596793534027 -0.185962498767943 -0.013765398448462
-0.00266674249889634 -0.101300105258289 -0.28976878269026 -0.212459243944085
0.13396490075453 -0.112066318390387 -0.0125982903981464 -0.600829203361389
0.220533255322387 0.102974029383372 0.612457753828171 -0.542267499665234
0.042999218945964 0.274788141238674 0.840544380849951 0.0224567132214581
-0.0731991863457981 0.201881541658495 0.281487705217227 -0.042531054441017
0.0253374972908444 0.0139117969339358 -0.168285167298943 0.0535085432741221
0.0488164462449498 -0.0339566780762174 -0.737373533965666 -0.194001098263696
-0.0106544505448753 -0.0909235907925892 -0.762066251301837 0.445684141560559
-0.101015354602549 -0.0323004047292145 -0.100045519634803 0.666814919660378
-0.064863955990937 0.0451662125576878 0.295202606444649 0.276766897690688
-0.0178829499915052 0.0613452256470989 0.222501348488899 0.0212085778738718
0.0202411802280597 0.0476428157779652 0.105527003142209 -0.0101604464010051
0.0188427443655986 0.0321405192407624 0.0822811145621931 -0.0247502033441343
0.0224022991007672 0.027081399260349 0.0249646834244829 -0.0543565513613006
0.00874373225806812 0.0493428979476935 -0.0824019457279158 -0.0866374406488019
-0.0239017875147574 0.053379907595991 -0.164991553764772 -0.18113635119286
-0.0443443892378006 0.0399001427273334 -0.0432583514021073 -0.334781050081026
-0.0452095773474913 -0.00662477106641175 0.171389234771826 -0.278069985406254
-0.0338341261140762 -0.0323317119900551 0.241882961819477 -0.072797994226766
0.00185930990491406 -0.0611273895056116 -0.0584343247119538 0.0856807208640278
0.0217134890825998 0.170498377519106 -0.184956702476948 0.0408314467591807
0.159172760769554 0.088860858242638 -0.738587399001726 -0.214648415742322
0.118372735191803 -0.111253986908936 -0.750447956130505 0.405972096577136
-0.0860276081316028 -0.136896607127112 -0.132468657882068 0.612290721724273
-0.120471876334629 -0.00251538248505677 0.230368913322176 0.274141808320918
-0.0742060036703686 0.05327252479968 0.186593965425891 0.0546032806015341
-0.0247550838748626 0.0607635439693573 0.0997505896300668 0.0234997368577216
-0.00288365913113654 0.0463312392977664 0.0849951774432382 -0.00827644486320382
0.017909278534864 0.0289574018994666 0.0246971392617096 -0.0458609567083956
0.0262320786566206 0.0399438388463291 -0.0798853991644761 -0.0768413440087209
0.000759119327783078 0.0717174814655316 -0.17275291529237 -0.165636557243862
-0.0579603315588875 0.0775996555590124 -0.0702309976912053 -0.32942372573346
-0.0712299864989325 -0.00485981026353599 0.143852086565696 -0.302969417798847
-0.0283448072280667 -0.02246409959936 0.249792357551336 -0.101126694110054
0.00551891792483342 0.0150489073029206 -0.0490792412447754 0.0953721281413027
0.0246618164922927 0.27135859263004 -0.191437781450432 0.00287750570825235
0.237320814090051 0.139052602248779 -0.729690231703022 -0.169482386608865
0.180376618913837 -0.141284164220676 -0.665559426513676 0.41101359455444
-0.0902627220806933 -0.184921510650429 -0.110197535486039 0.531221300921273
-0.143628689187847 -0.0238987495183669 0.164518632704235 0.235378109192054
-0.0994674917935547 0.035873290029159 0.128956703637553 0.0768027816412337
-0.0563179735320885 0.0555942185575299 0.0802884830805983 0.057674230908499
-0.0221781761086143 0.0521012564593399 0.0769140483144064 0.00860120530826484
0.00910740281806637 0.0335621613245403 0.019965511991674 -0.0413516596490166
0.0282393624760606 0.0416312516927447 -0.0681758517717037 -0.071394110567603
-0.000831042717980392 0.0917905707340717 -0.161761230697636 -0.147105556787546
-0.0937048338166842 0.0863466714197079 -0.0902187513560951 -0.317724935409715
-0.0754463296011781 -0.0399510507231723 0.121448458414537 -0.335929414147543
0.0177486173295889 -0.00921161119295304 0.28804001703129 -0.14984480021761
0.0181444076369145 0.112429606962119 -0.0114354334915827 0.0910718275560105
0.0307008582849028 0.299267157149038 -0.183003324299192 -0.0316553248364143
0.247789462670754 0.109424822732981 -0.671580707219502 -0.0791050225756336
0.150199656792522 -0.160819350683531 -0.527187588994545 0.399951551662428
-0.10880283832221 -0.154891570274761 -0.0795618028474103 0.43412404870829
-0.124475894959803 -0.0139865649474495 0.103820451529992 0.198976236461746
-0.0873653290451477 0.01332676535631 0.0779732563877835 0.094741862865873
-0.0674122079751793 0.0363006252202237 0.0568135595388243 0.0816000492509214
-0.0377595072391865 0.0482711981903704 0.0569137573769495 0.0226339015731835
-0.00867591732723474 0.0412235324370955 0.0112675973284771 -0.0336891866096449
0.000928451625194495 0.0521456304178721 -0.0534053020642692 -0.0570319062399363
-0.0441272722280102 0.0990734704514561 -0.149579369047255 -0.117057292449713
-0.146251123154307 0.0368547255296698 -0.118234773915846 -0.309273045496807
-0.0307444633959773 -0.114674311921801 0.107697578031916 -0.390947902600366
0.108526344893975 0.0215246132844288 0.358382951411185 -0.211356717085485
0.0318274883529107 0.222147396589122 0.0445957852579982 0.0682456823693704
0.0273090362780759 0.273058529567126 -0.151203224614625 -0.0480284136731852
0.187848754959365 0.0617234876788585 -0.553236677708741 0.00184478969423431
0.0695561418896684 -0.129367653202102 -0.400761504155985 0.348596747829603
-0.10003954813814 -0.0736958490144843 -0.0745049254482138 0.359831816681333
-0.0659625009619248 0.0014577003441163 0.0694155132913492 0.189048709571605
-0.0503084059501411 -0.0151186938877204 0.0551949976842583 0.109384276312717
-0.0604960295308324 0.00936166834174019 0.0374582416344533 0.0911237558092375
-0.0484655734899274 0.0368135203982742 0.0287003122746195 0.0350313085548341
-0.0354295463195204 0.0454003199753114 -0.00215836249189628 -0.0172373794305463
-0.0492004904208646 0.0557511742304654 -0.050984270333714 -0.0280088928213776
-0.108876625704337 0.0656813780197481 -0.16429299692499 -0.0823704960017251
-0.164808478479757 -0.0759464849396825 -0.161143115351983 -0.330768083784312
0.0843205018300027 -0.180018863066267 0.131759660221174 -0.481294897758924
0.211942089056824 0.0967306118162649 0.472569741878976 -0.260891658315601
0.0312219163666534 0.321418586321264 0.109676996095313 0.0331314636290657
0.0173672788010261 0.223886258223071 -0.0960685868773014 -0.0560899278091993
0.106058849767062 0.0405956318102323 -0.416836717583045 0.0381621051442716
0.012888390453991 -0.0601087480312055 -0.320347882757851 0.292333875392594
-0.0503528452134023 -0.00486720550832043 -0.0742386933936524 0.332316604066745
0.00240015495125078 -0.00297765013596416 0.0770359848007443 0.198735093684702
-0.0111144398289233 -0.0424213631620008 0.0632404372461323 0.112028139887084
-0.0458199224434235 -0.0159087345645183 0.0215761771167899 0.0866823146724207
-0.0531815177761848 0.018474414781761 -0.00242778079041914 0.0423668023600874
-0.059965184145243 0.0375411747784821 -0.0246752760370695 0.00384488568820372
-0.0945363356472189 0.0329644624815013 -0.0798307205678099 0.00510837292685615
-0.13953613782673 -0.0110718494460808 -0.216568213322174 -0.0753049251568645
-0.097060114198791 -0.190020370994817 -0.185579733737 -0.409320290372496
0.227006047217064 -0.160621619923344 0.231323805699783 -0.575261370682169
0.257187186360906 0.209391423051814 0.621963668295545 -0.246659200650069
0.00563741230478815 0.370186902123204 0.173344780313673 -0.00585283315252278
0.00986024232346244 0.17109246310195 -0.030179008318932 -0.0698939226664191
0.0517697527943318 0.0460804975155382 -0.306515295338978 0.0368501213055728
0.0084395267219455 -0.00249015885118764 -0.274370662598232 0.260135806956938
0.00877296402711827 0.0130022137185116 -0.0543913824328529 0.339011275838123
0.0462009893991965 -0.0235048825134959 0.117139985767556 0.205935060236716
0.01114604318492 -0.0574463339991925 0.0860055736101786 0.099025737979729
-0.0327303802986401 -0.0326775736140216 0.00824190083201519 0.0707688659393745
-0.0511750837284626 -0.00229648698532382 -0.0303410641889712 0.0420292711628033
-0.0686997442317123 0.0137613814988042 -0.0552389442062619 0.0203477769886186
-0.0981418125214171 -0.0115691856509861 -0.133538657329808 0.0172908559280408
-0.0995681833063767 -0.0842890535259549 -0.274645320137314 -0.118623004830604
0.0293010415401694 -0.210730832548836 -0.145302619004168 -0.516574594748388
0.29294415852515 -0.0426260663029202 0.407089602947619 -0.611963602597282
0.195769174446893 0.292920573449887 0.755404113466471 -0.150305417059295
-0.0339408569078909 0.332816173859389 0.227987950689439 -0.0374664196321307
0.00957963386924283 0.119323276428959 0.0246490021833607 -0.0941206227479996
0.0392090928482002 0.0545042367960649 -0.242761113783364 0.0257562611218527
0.0370278343261562 0.014886392793246 -0.24105250574448 0.254205041265241
0.0446085774205699 -0.0114331363316535 -0.0159068456424107 0.35101283647825
0.0500651100958984 -0.0414793100585611 0.160266029430853 0.198894864129992
0.0111780962094929 -0.0552837123307547 0.104399580312292 0.0756533949790937
-0.0247060413169073 -0.038294111464413 -0.00322986841597398 0.0503885597359812
-0.0398123130643497 -0.0231588840724402 -0.0507027558143548 0.034649751089311
-0.0500180017472671 -0.019695477589411 -0.0861694558686327 0.0210645219615318
-0.0511454872227136 -0.0495528833053199 -0.180868667011541 -0.00230571670155066
-0.0120029540233935 -0.0983320125231155 -0.292870172580949 -0.191764699442688
0.121113112250496 -0.119393049453292 -0.0407384061876193 -0.587801767442213
0.221870627370223 0.0841105676759835 0.576150331805416 -0.558871333252364
0.0612391990146653 0.267823379408732 0.830199409286479 -0.0129313299322142
-0.0593909866434013 0.202200778386853 0.267893504403288 -0.0509860120963218
0.0252632504408232 0.0132749056042509 -0.154873833824701 0.0549366067198959
0.0453798379040469 -0.034837888218142 -0.735827688619422 -0.177131964884203
-0.0135698478810861 -0.0900016063287777 -0.73892391265963 0.464773989641083
-0.0999779612159652 -0.0262901208036124 -0.0747482641453973 0.659063774331888
-0.0607968300141181 0.0470989332166534 0.297289982561863 0.258727956224455
-0.0142758708774295 0.0599097356710292 0.217387742127444 0.0102169127025876
0.0223305702571348 0.0442515113017507 0.101451226227346 -0.0164898316019321
0.018938911344717 0.0299304298449917 0.0767760601764482 -0.0318759361030619
0.0211946793274924 0.0238089745814019 0.0177738640683711 -0.0611435544272596
0.0109605766323455 0.046761496039238 -0.0879416170225803 -0.0894902508289946
-0.0200804198080255 0.0534211531810149 -0.169355424318073 -0.178650351607021
-0.0403031541339408 0.0424385814539815 -0.0495185756592989 -0.334324835252533
-0.0458490021650987 -0.00230294679404436 0.170956774363151 -0.279914694182887
-0.0361410862580688 -0.0285328544673726 0.245884172630096 -0.0744284821472261
-0.00323657507320398 -0.0606561505720145 -0.047072685291273 0.0964643797692341
0.030413655576245 0.168660587237545 -0.17061756143456 0.0429407410554494
0.163468215195589 0.0811562615596392 -0.736007318207113 -0.195642469723412
0.112649625496358 -0.118370382427411 -0.729159299653238 0.42475996596317
-0.0935189260200164 -0.131513750166478 -0.11040662501498 0.605619599086856
-0.120497384217922 0.00473694248204352 0.233174458728547 0.258874295393551
-0.0712157888575262 0.0568152779484842 0.183223168239008 0.045268031252793
-0.0203273724366458 0.0608931368818882 0.0984163998722626 0.0175879378862528
0.000194712502015446 0.0463468506402755 0.0807401583333011 -0.0161139542165309
0.0186954504786969 0.0267082954721127 0.0176895856966771 -0.0527279104406961
0.0285173590442241 0.0377552965815731 -0.0849786397700553 -0.0804686845698126
0.00454081414205845 0.0710052687417583 -0.175884613021904 -0.164274717491584
-0.0541110388450997 0.0819400997301744 -0.0768728787190692 -0.329001853225901
-0.0722415251875541 -0.00198916785417741 0.142333221300258 -0.304568883091427
-0.0285927876526483 -0.0218596638957168 0.253288388489961 -0.102677786285187
0.00719206620995567 0.0148655928263843 -0.0370607047332091 0.105081052146075
0.04083941651281 0.268921609231 -0.179155927217683 0.00502608976331549
0.245090846882731 0.125228103550255 -0.725658248679942 -0.153273420547788
0.172573414735352 -0.154147009673389 -0.644270760140114 0.423784112645251
-0.101767753308293 -0.179315057152122 -0.0923190778317312 0.524554554495261
-0.145231445833953 -0.0142046166669935 0.166074338962583 0.224297085730499
-0.0971955737148232 0.0427870596490896 0.127091299752342 0.071062430297806
-0.0518110921274941 0.0596293035072839 0.0810152042025523 0.0521516880515389
-0.0175769486459503 0.0536932002563839 0.0738388096413238 0.000942661235429382
0.011866184596408 0.0326120851112284 0.0133592023833073 -0.0475741141682518
0.0303292189319422 0.0407531710734514 -0.0728827756028281 -0.0751401138890094
0.00337491534223507 0.0923747143777261 -0.164369324984396 -0.145647989431342
-0.0911252415129167 0.0935568095440966 -0.0958959493077915 -0.317216530908596
-0.0803658193726426 -0.0385477189227794 0.118695247341144 -0.336964855906314
0.0194812690336378 -0.012754412133414 0.287582299823272 -0.152960468754173
0.0276524477502428 0.11081069996521 -0.00154508029079081 0.0987246805981808
0.0493940926091248 0.297086124645565 -0.173864586078524 -0.0291243600374589
0.255946156041989 0.0938885040204125 -0.66497643977552 -0.0658960169868371
0.140266706136273 -0.17351407663608 -0.509825878474256 0.407148856307568
-0.121005477676715 -0.148108929717192 -0.0687743769870583 0.426522031206555
-0.127038772404244 -0.00335224648025119 0.104055824629999 0.192880221106719
-0.0877098947875965 0.0208079342619812 0.0781287473319341 0.0929417785911434
-0.0628751189304074 0.0424829123122248 0.0602458191421836 0.0779048615933968
-0.0319797086499412 0.0522890597040563 0.0558682072937384 0.0166795573770399
-0.00434710642347275 0.0424793647774892 0.00617835883546269 -0.0385062603878685
0.004067786068406 0.0547322558255921 -0.0565295108301102 -0.0617014072663357
-0.040418361042128 0.103557543402023 -0.149801757753 -0.116946622899214
-0.147568852963507 0.0476243106986256 -0.123460076775422 -0.305821330347603
-0.0409638733443652 -0.1165964672293 0.103169581921104 -0.388518396667413
0.112843254463591 0.0125389993505063 0.352474560455473 -0.216954766611028
0.0479185083520224 0.219577440516631 0.0502827792245898 0.0740097520712639
0.0457453242969631 0.270139206997202 -0.145286101448069 -0.0478203027756231
0.194607273850035 0.0477179551877832 -0.54652184219416 0.00892192972332368
0.0612521958456784 -0.139139987851987 -0.390195251370882 0.351244510168115
-0.10966416798179 -0.066947041308522 -0.0678731956106868 0.354019319840059
-0.0689262830322482 0.00907540344846705 0.0690719363341837 0.186835234742305
-0.0524845779399754 -0.00885264752147263 0.0575855983914436 0.109893611836026
-0.057113409779933 0.0158912849342979 0.0425861658243267 0.0896567081910816
-0.0428639666729344 0.0416755062321732 0.0296877160477023 0.0316272064896132
-0.0297330307686772 0.0490995518105599 -0.0049720658595527 -0.0209338132787345
-0.045919405503447 0.0623182585048992 -0.0511046599213421 -0.0324542209454092
-0.106406641554937 0.0751247780238556 -0.161243829651973 -0.0800904793508122
-0.17440183011127 -0.0632776661409465 -0.165901101474931 -0.322983976004897
0.0690870375584982 -0.189116779203675 0.119159866318885 -0.474945743661003
0.220356666422574 0.0814152968116 0.461892103017384 -0.269974404965178
0.0526078012657949 0.317841746815676 0.110655839292957 0.0359683108227937
0.0336354312011448 0.221517087590841 -0.0944677441450349 -0.0591943639318472
0.111665963483424 0.0303135275478349 -0.412945706334644 0.0406011180596496
0.00716010105441641 -0.0663730627844985 -0.314086875797986 0.294365806563448
-0.0564011107693311 0.000177879040898016 -0.0701772032524354 0.330394641188899
-0.00053964172245147 0.000850767148792805 0.0785239395107425 0.198723693756324
-0.0141559769768049 -0.0384798528947267 0.0671202246364923 0.11361569444972
-0.0443192495294688 -0.00998188174220909 0.0272973956333091 0.0873601484619526
-0.0486133650468663 0.0246371406599762 0.00136337461618043 0.0420996072653569
-0.0551434118589455 0.0434610384929302 -0.0242381292672149 0.00219037498916318
-0.0926307820523261 0.042805693024935 -0.0763559579120105 0.00330069678120169
-0.142225680657616 0.00027118848507999 -0.212301188583599 -0.0685254368755157
-0.113686036762706 -0.181184958410757 -0.194289820765796 -0.396997743685867
0.213441524559372 -0.176630117276037 0.212049592057084 -0.572743775712891
0.270265165223653 0.19274137189692 0.606643293062858 -0.262749170805434
0.0286347000390223 0.368001313912254 0.168921718756774 -0.00546578533392252
0.0222760692598876 0.168315308701441 -0.0339257810009565 -0.075702762158311
0.0566543939460836 0.0389399276776803 -0.307084604538864 0.0357747785243533
0.0059394637073236 -0.0072655848217749 -0.273422197205353 0.26203132703477
0.00455602848160651 0.0143820375572086 -0.050264229269746 0.340117658085641
0.042166768777427 -0.0227823656106248 0.11930222877819 0.205698838451583
0.00754292633452496 -0.0552717254805957 0.0899281770409795 0.101173980640231
-0.0321408278319348 -0.0278130824448436 0.0138105635269611 0.0740916172418668
-0.0482977368738299 0.00373230663580806 -0.0250587159213394 0.0445857275694172
-0.0650008216159085 0.0207616506664214 -0.0533215232654291 0.0209381220342669
-0.0986784769184004 -0.00171227104427961 -0.127873015373559 0.0201390490200955
-0.106545502374141 -0.0750400920713884 -0.271300342715691 -0.106084496279924
0.0120380711797893 -0.210067323926398 -0.160528090357005 -0.502841086354592
0.285002771172056 -0.0620951989522187 0.382803098475118 -0.616343436243417
0.211086061554007 0.279762805515655 0.745403122602841 -0.170992765930615
-0.0142742424421939 0.331768571690769 0.220007814817861 -0.0391809609523573
0.0167632572047488 0.116144746450969 0.016578190399884 -0.102235304741691
0.0433510131961709 0.0498016407810277 -0.247343811394286 0.0231663110278044
0.0358816379759262 0.0107921579368749 -0.241118607579378 0.257754418054365
0.0408127601451044 -0.0125639323765811 -0.0115649059913725 0.35167913912812
0.0462801282690945 -0.0423480640064132 0.164016140299233 0.198579517574951
0.00798895618639326 -0.0533887494461445 0.107239661593846 0.0777915750137912
-0.0248882518939268 -0.0338500564096069 0.00233183582824525 0.0552874130816538
-0.0398692101364242 -0.0181947028474105 -0.0451630803612011 0.0392980193152771
-0.0506446972538549 -0.0143888887200028 -0.0826028450601215 0.0243715745673138
-0.0541624500752602 -0.0433292695235929 -0.176198540667235 0.00525106899315349
-0.0197770934742655 -0.095342345151367 -0.292952925718377 -0.175851639953681
0.109905294942478 -0.12412254951732 -0.0618402496958811 -0.574924815790275
0.221615953447149 0.0697996003086526 0.549340778247246 -0.567935786479768
0.0757949603827244 0.261604452292607 0.821589382336232 -0.0384463660515976
-0.0477402397425491 0.2017863542857 0.257676218814334 -0.0545289851389479
0.0250252795381145 0.0126092226899632 -0.14260803561677 0.0549871038514856
0.0426131883607285 -0.0349135286871674 -0.737018067542078 -0.161357416466326
-0.016498173051982 -0.0887674445509501 -0.720395090164075 0.484238121776907
-0.0995209447862161 -0.0220953333796722 -0.0509885274986413 0.653607157154567
-0.0575237616401175 0.0500801612216206 0.300729535602958 0.24679195995786
-0.0114894583105152 0.0586075361542283 0.213055572414329 0.000978488801798853
0.0242619278959167 0.040760113341932 0.0982016211698843 -0.0211921728479675
0.0189093537547494 0.0276820095602414 0.0729662896845958 -0.0384614407347968
0.020395821484229 0.0210948508036855 0.0102238947281434 -0.0679099075795647
0.0131438102136814 0.0443068403990275 -0.0946924126089096 -0.093029210061144
-0.0169965926244708 0.0527735194682208 -0.173347905827518 -0.17782970334975
-0.0368840911827239 0.0442440319476327 -0.0544498730794759 -0.336096314630101
-0.0462601577201337 0.00139035355659633 0.171613689228497 -0.284283743283327
-0.0386194978862899 -0.0260665307485729 0.251413350002454 -0.0777527207064316
-0.008551720566313 -0.0602106572361944 -0.0352228122131688 0.105806338363594
0.0391491284559326 0.168846312087988 -0.158652363991923 0.0437820765434726
0.167504767548979 0.0740775169960438 -0.737161469842498 -0.183300810672429
0.107994701711597 -0.125770755438286 -0.712457106856512 0.44268613115815
-0.100204880014526 -0.127186556505497 -0.0912465682095176 0.601177044234878
-0.120149333347893 0.0116715399181738 0.236440927272486 0.246777516810379
-0.0682160328765796 0.0605378330030518 0.180510431513094 0.037736109589019
-0.0166193100769461 0.0612296477216426 0.0968787383905148 0.0121369371799169
0.00231358775971111 0.0454410097994872 0.07660113138214 -0.0229102362236469
0.0194348739505017 0.0247772947216375 0.0103706066135963 -0.0584186527534076
0.0296455854383275 0.0353244504045452 -0.0912402728456309 -0.084042841768878
0.00834437821202651 0.0705757900395978 -0.180886242263231 -0.16313344502576
-0.049522815802465 0.0858465590867032 -0.0829887701148656 -0.330973448540934
-0.0749325019493749 0.00113260379729372 0.14158221570064 -0.308731591600849
-0.0288458065612208 -0.0214381958327004 0.258700763277125 -0.105608344290908
0.00972531306972484 0.0144392068875415 -0.0251898397619796 0.114485668538099
0.0560127384396388 0.26841254866847 -0.1686869737222 0.00527279022027513
0.253512518938407 0.112973975494483 -0.725492273183279 -0.139476579862615
0.165151246900962 -0.16746687731896 -0.628177070849296 0.437752995030437
-0.113392067387626 -0.174354341435413 -0.0758341056831479 0.518549896336717
-0.146421200037555 -0.00436454235602014 0.167302476876246 0.216254261825335
-0.0957270736180322 0.0492448277986846 0.126663408020418 0.067098511834121
-0.0473869716688156 0.0629281594410498 0.0821470012103088 0.0479822031802044
-0.0134727906648562 0.0549700842168781 0.0708862842987392 -0.00615950402055031
0.0144748619373483 0.0324090850030959 0.00663583970920355 -0.0524328018312208
0.032351578007386 0.0395546383276382 -0.079277026302546 -0.079245170183432
0.00776794249143534 0.0939502036061324 -0.167884966922765 -0.145458690995011
-0.0887943278434903 0.100503822867534 -0.102223595042511 -0.317294084379983
-0.0854476788128568 -0.0372314287738847 0.116312918084902 -0.33921504463094
0.0212459854466418 -0.0165846648688542 0.289563243917395 -0.157725698900848
0.0371693514705423 0.109100318066013 0.00864433171333938 0.106699856008366
0.0677677980043581 0.295074430572052 -0.166256684880256 -0.0296862121555389
0.264403848017767 0.0793721688749592 -0.66335818530888 -0.0543043736592419
0.131738310756628 -0.186641395605669 -0.495824497570885 0.415132951574682
-0.133283119836011 -0.142536602628956 -0.0578389234059577 0.422064644734135
-0.128485429726422 0.00724391062740197 0.105026384886228 0.189532779539341
-0.0873171322187584 0.0288135050413396 0.0795144289971295 0.0924724596863524
-0.058416608885981 0.0474533333996686 0.0639868555580026 0.0753110822050385
-0.0267223873406243 0.0550841432190679 0.054788188867618 0.0123311293968286
-0.000389324904455186 0.0427776352690534 0.00139991825999767 -0.0420221954303645
0.00688326436060126 0.0573868170027121 -0.0606729744086773 -0.0672790389562402
-0.0355720589090567 0.108694302164263 -0.151552552991143 -0.117387675109777
-0.149092115821741 0.0591081891124441 -0.127981967149678 -0.304460731369307
-0.0508924833231023 -0.117711241326897 0.0982112774828297 -0.391371898741473
0.116908942793709 0.00239163040856871 0.349775991872834 -0.225218744089769
0.0648199418758719 0.217252059258455 0.0581342391811175 0.0790818511152054
0.0635242502542066 0.268720002760508 -0.141085755638655 -0.0499765018100872
0.201937529551798 0.0343783122767692 -0.545689278662149 0.0178106474928574
0.0528762534543308 -0.148704733430212 -0.380554294747811 0.354710139450855
-0.118029791877438 -0.0591790179325499 -0.0634896657544088 0.35202665706405
-0.0698397037774317 0.0174344433190983 0.0703515090572238 0.187084002041206
-0.0550237202064564 -0.0024424549118287 0.0606856273196248 0.111743539170986
-0.0539601055073787 0.022010702025123 0.0474281824262661 0.0880312833903434
-0.0379922887785572 0.0459378920111185 0.0306502978413347 0.0281851559070387
-0.0248970342587686 0.0519757524832157 -0.0092607910113938 -0.0239516476671546
-0.0426500667174257 0.0688295798433146 -0.0521980757949505 -0.0376147052259605
-0.104365443566051 0.0849157766353729 -0.159671283039092 -0.0794168974426085
-0.182310829720515 -0.0505356582732771 -0.170555240822389 -0.317867037329592
0.0545139427813636 -0.196911937359237 0.111133697354091 -0.475493436474022
0.227894787909378 0.0663329740818691 0.454517152336012 -0.278958483244553
0.0732621691775859 0.314433390968783 0.112758904477488 0.0392903887048323
0.0487668921578978 0.220156635646922 -0.0945234356734731 -0.0619475353505866
0.116674529196864 0.0203658680241675 -0.412888595412039 0.0426548516450828
0.00142533905340785 -0.0731666832670834 -0.311342724893452 0.29657604085636
-0.0623171102022151 0.00490634410784582 -0.0673758472226606 0.332090265296047
-0.00324154001019889 0.00512486386950116 0.0811402757936804 0.199981810377377
-0.0177233602294102 -0.0341650091123961 0.0726793715505587 0.116290315011142
-0.0423496676014573 -0.00489724665061716 0.0328117922735565 0.0881057438570522
-0.0445867079880324 0.0302862594621159 0.00504690872766202 0.0412695800006031
-0.0506490168410047 0.0484380483810607 -0.0251534152264614 0.000914966606566864
-0.0906880083684129 0.0529715026103285 -0.0738416401270204 0.00127197821401179
-0.144512570913049 0.0114884500032705 -0.209060678780141 -0.0635913574494617
-0.12894144563243 -0.172548830708675 -0.20463725398631 -0.387016079121064
0.200490022761025 -0.192321354483386 0.197812144841312 -0.575766229254035
0.284502378925507 0.175738482133909 0.59763229592057 -0.278634105720921
0.0506519365174515 0.365931206530829 0.168031951381917 -0.004503394511781
0.034134547278765 0.166234796488748 -0.0378996771689775 -0.082282561482466
0.0613707178243111 0.0326338176635725 -0.310275289809907 0.0350998025973689
0.00268608141980785 -0.0116910629820398 -0.272995597517416 0.267497959336793
0.000688071001250451 0.0170772442572624 -0.0481313999370765 0.344063527689717
0.0391964420202515 -0.0209348525996141 0.123920201541878 0.206246068257366
0.0050058513442374 -0.0533214335130357 0.095206839392667 0.103261393451184
-0.0309337653203011 -0.0230479018566291 0.0195224398933099 0.0778123115117005
-0.045819172853391 0.00870821911158822 -0.0201944153171963 0.0468604867465481
-0.063035234089758 0.0263505120832821 -0.0504706606168019 0.0218156153755611
-0.0991445070482086 0.00766222540453209 -0.123564569626206 0.0224963959270399
-0.112763872001578 -0.0664170081891018 -0.269365406675547 -0.0956605194397571
-0.00400849291248718 -0.209219030968837 -0.174431688262476 -0.49167181065899
0.279340156375044 -0.0795374882493675 0.36324324760951 -0.623281026043331
0.228467415283111 0.267193394957909 0.737209745631212 -0.193995859028406
0.00366835341841435 0.331734126714907 0.214096004215211 -0.0401058849981403
0.0234647030161804 0.114818391784648 0.00891539451614503 -0.110268822435764
0.0461866849472185 0.0461083353965667 -0.253638594949349 0.0209562696305064
0.0347894570291076 0.00645447813901345 -0.242728464665155 0.263941788824341
0.0373547350068032 -0.0131589593457112 -0.00741292299567224 0.356097688683935
0.0429922998827798 -0.0428558049759784 0.16857294500121 0.19993178583231
0.00568935363772997 -0.0523828239564806 0.113252519942162 0.0808380400453578
-0.0246093616706523 -0.0309143877468344 0.0083275400108538 0.0597051433128986
-0.0395950441309796 -0.0137390768351865 -0.0399570516056831 0.0434238382754922
-0.0499215618869733 -0.00919626344943416 -0.0796085177163239 0.0271430109051617
-0.0568948086684943 -0.0380413657625306 -0.172347750117585 0.0122234063122047
-0.0280922503540506 -0.0921216134614404 -0.294219756043682 -0.161666744852753
0.100253926948155 -0.127736953261424 -0.0816190293374469 -0.567120279395824
0.222553886200451 0.0559481207161918 0.529512029009351 -0.582423073464261
0.0890236102459145 0.256480702149914 0.816414009423724 -0.062413986155729
-0.0375463434735905 0.202878816493133 0.249164671207201 -0.0566918045991288
0.0213321486616653 0.0151785273203687 -0.140677621590209 0.0269791919076628
0.053835418830604 -0.0329837248751893 -0.697082000499546 -0.293152924969646
-0.000292236891289253 -0.100984977503897 -0.784961176284645 0.343620385309009
-0.0946504534589158 -0.0438919187726677 -0.163719588776566 0.625647836509256
-0.0677482386607122 0.0364589343449202 0.249299919094994 0.288018755901181
-0.0227951305420527 0.0545413003570531 0.205487860264964 0.03674332078314
0.0163724279598538 0.0402491701278077 0.0984784106445486 -0.00323357246628951
0.0125447804662264 0.0295466044691543 0.0747823585852245 -0.0284833868912324
0.0140926456358388 0.0231918738997047 0.0170246408417716 -0.0696012624141042
0.00470108445603796 0.0440185088892143 -0.0777423068956665 -0.113802409360468
-0.0255069335385903 0.0484952825882295 -0.13650992214348 -0.209689812048759
-0.0454003183058468 0.0361892989817278 0.0139462089751396 -0.34417429684703
-0.0472756181808851 -0.00898890305803616 0.231692640559023 -0.248317449129513
-0.0342490706908507 -0.0336396966368073 0.274569379655441 -0.0249878065714213
0.00063121242744969 -0.0603286673309171 -0.0500377320841812 0.109526142870123
0.0113382492617084 0.168347395851637 -0.154770839767442 0.0151104574009481
0.16017489811859 0.090188744027212 -0.695378639036063 -0.309412765401931
0.127001220967523 -0.119476887803951 -0.769437984064433 0.306344118997112
-0.0805308488076229 -0.144616469916814 -0.189868115500859 0.564351862712899
-0.122201952135423 -0.00963593806149597 0.187801293043253 0.278948304663083
-0.0783091154086268 0.0483469238867886 0.168797820560193 0.0665762799863255
-0.0257630406354989 0.0567818888954731 0.0921261849804541 0.0291103778255655
-0.00460286437716645 0.0453033508537483 0.0761934530560608 -0.0124602218976683
0.0139567286254581 0.0269769127387656 0.015540918387066 -0.0606779989786883
0.0229828794768965 0.0393925175321379 -0.0765986411977835 -0.105315093104352
-0.00401244436998439 0.070937877609889 -0.146120102484683 -0.195085614586973
-0.067659594352266 0.0755327205311043 -0.0149330251769502 -0.343070951188561
-0.0767009320009738 -0.0170529846520167 0.204499972176333 -0.27954493779701
-0.0237414522978692 -0.029811279753034 0.287554031599134 -0.052719527475108
0.0080589838493028 0.0162769323871558 -0.0409523424892225 0.120194821292778
0.0128511623439242 0.268054188873498 -0.158014730439742 -0.0237944133444939
0.238680179237814 0.139081321733508 -0.694707655618187 -0.260332929178105
0.188305328539475 -0.151609566832309 -0.683474535540593 0.317631330277314
-0.0878857955349249 -0.191690021709049 -0.162399339471768 0.487149308504453
-0.146071559255734 -0.0274456188367829 0.124718293164805 0.238100212472325
-0.103670749587542 0.0341236965316922 0.111109642821623 0.0875182730745129
-0.0547780395353561 0.0546916390965149 0.0717696906151745 0.0618449583879248
-0.0212823798043509 0.0534135661529721 0.0685501987958256 0.00316108148320018
0.0092354215492858 0.0337137508461489 0.0114909673962749 -0.0550919704522604
0.024964437751732 0.0452983246467169 -0.0646077755686905 -0.0985510444489774
-0.0101232300939869 0.0950123093649364 -0.136093238990924 -0.17560540458451
-0.109510277509729 0.0843601447518284 -0.0373947592121056 -0.332402885231414
-0.0815182607188154 -0.058428333341555 0.184588915194727 -0.314979506121841
0.0263200286224258 -0.0179961873678376 0.327854956109191 -0.0987680904898742
0.0208383767955359 0.115148218212862 -0.00669444878916247 0.118928957192917
0.0218971877307292 0.297595989929644 -0.151590816953105 -0.058114961119644
0.254900224310878 0.106409125816455 -0.647694617563877 -0.165978962163372
0.156795996471127 -0.177210235199936 -0.554333041806786 0.3152998575909
-0.112868901447527 -0.16166699321518 -0.130508677439453 0.394873694797601
-0.13089624262954 -0.0125316588558242 0.0674185479393989 0.202706563205454
-0.0914371420023856 0.0160864941626731 0.0616384645713453 0.10639003177406
-0.0635603973232069 0.0389930759678937 0.0495871544779325 0.0862822902002804
-0.0326199505833231 0.0521476254491153 0.0504498996299868 0.0188472992604797
-0.00661353132535505 0.0432480555080735 0.00502587947204663 -0.0454909351915957
-0.00264705554747422 0.0591948229568705 -0.0486354752997036 -0.0826931884166817
-0.0551055356421223 0.103215539046012 -0.124907372426279 -0.145340975562401
-0.162154494833901 0.0333346828361875 -0.0667909570801535 -0.324654608986312
-0.0335350590943075 -0.134534451791799 0.175307180894693 -0.371446396538972
0.11878222453138 0.0172831701304302 0.398553850173373 -0.15437440361754
0.0293929222694729 0.227210564305047 0.0468939167108619 0.100852297291148
0.0236092029177286 0.271711681520315 -0.125702998208599 -0.0752712408451469
0.199568412551982 0.0541387821772958 -0.541067552920378 -0.0788581493224079
0.0726594031589272 -0.150120169352661 -0.432001450439499 0.272485759602
-0.11120097472001 -0.0792322632225959 -0.128805961884543 0.326856183480923
-0.0756511519440604 0.00719861460141009 0.0329320420064228 0.196396492824169
-0.0547085330461085 -0.0083363280566931 0.0406346469759375 0.124248834460256
-0.0547190957035548 0.0146128830887871 0.0318990266783427 0.0961634471896442
-0.0418432328085319 0.0419500091984151 0.0262711199798796 0.0323060341391853
-0.0311881153063006 0.0490996833756151 -0.0065001263811743 -0.0282012219135892
-0.0542413721975301 0.0637072652246513 -0.0460327933109239 -0.0516859010013982
-0.119039422999303 0.0688783025543738 -0.141131279362598 -0.10824574971475
-0.17683265593994 -0.0789115360947022 -0.10886797405457 -0.345452013417087
0.0865450968942964 -0.193030807798774 0.204829709612999 -0.454254698669367
0.216843253911381 0.0993302156933766 0.51150739614162 -0.186894883546757
0.0206371976752508 0.324605371134393 0.108004559663799 0.0710501773816733
0.0178698374539375 0.221448030262976 -0.0805572335886134 -0.0816378751103455
0.117122294953629 0.0277819408205549 -0.417584434994671 -0.0327098641415072
0.010198388081292 -0.0827957239309947 -0.360509874993443 0.227797724559262
-0.0673830917041458 -0.00759142263386038 -0.132262699369133 0.309960010847245
-0.00818606348888921 0.00553286371052383 0.0411705960897859 0.213031001094374
-0.0135344824557677 -0.0348584548513802 0.0529236996729941 0.132513654373977
-0.0386423258327189 -0.00972055607910138 0.019648843576073 0.0962991885030816
-0.0460728236571831 0.0256944096797203 -0.00147623565887288 0.0419645197178713
-0.0559280229169053 0.0422616424873407 -0.0271081096673015 -0.00575356695844691
-0.0979660541827004 0.0403835342533646 -0.0717837654316591 -0.0169848477452203
-0.146373756107238 -0.0100617068378893 -0.191877551638171 -0.100535407044783
-0.103276349941844 -0.188141911122372 -0.128329092613527 -0.421534236160601
0.230723428726072 -0.161074908603715 0.310061919220676 -0.537498166016395
0.251688714551177 0.218180563905554 0.653200649195152 -0.161119560976623
-0.0131667895971255 0.372535457669478 0.169584017721018 0.0366485329306334
0.0107295001993013 0.167262995557518 -0.0251603353490977 -0.0923763080993627
0.0591630416722516 0.0325426708181544 -0.3172545815743 -0.0259418588891887
0.00164094109885522 -0.0204583137780295 -0.322040543972478 0.208374568057442
-0.00858648369539504 0.0136773913047351 -0.114769218020173 0.330137746314178
0.0366224286309335 -0.0142702815330583 0.0826192016620521 0.229493908106013
0.0114043059239211 -0.0500864431531498 0.0796564377227507 0.125478673040393
-0.0247935843755987 -0.0259121565630959 0.00982918634853797 0.0835598398162811
-0.0445120513635832 0.00438220324148061 -0.0252473495311779 0.0431368180332038
-0.0636970491430821 0.018476915761954 -0.0543821312105786 0.0112996530515607
-0.0996160500434435 -0.00496786672614072 -0.12300079100901 -0.00406820060527434
-0.101889198942596 -0.0814803573510628 -0.244541577471134 -0.144108558397128
0.0255209168907274 -0.202329772171187 -0.0775623897443584 -0.51986843445335
0.288265299355117 -0.0343373306034444 0.481630355246624 -0.549861021448951
0.179736191511378 0.297176545779258 0.773319509875751 -0.048363755482527
-0.054532992286533 0.328935466661207 0.221298159188257 0.00894270260813622
0.00640304940749716 0.11541427445394 0.0228428036973912 -0.113586602182934
0.0412670045625571 0.0452881172185984 -0.262191618080584 -0.0293204192388154
0.0305043294089424 0.00392065550108898 -0.291923692793827 0.212715455552084
0.0317377694254684 -0.00965454905139904 -0.077136869772018 0.351388855751717
0.0439505020674125 -0.0350754987066194 0.128854147885341 0.230495190190547
0.0129234468109699 -0.048993091172044 0.100892937974495 0.107263567964591
-0.0178827119978105 -0.0323677531498813 6.55347582130935E-05 0.0668408162082926
-0.0358954477671087 -0.0162472905926951 -0.042089312162738 0.038685110586745
-0.047376631781566 -0.016143461364773 -0.0823976090073749 0.0135481479522934
-0.0507704349467125 -0.0440697223919402 -0.166703998067681 -0.0200470019833015
-0.0132729562320419 -0.0939362301170453 -0.255659932449122 -0.21227845492467
0.112169301938359 -0.106732186083785 0.0301294576992849 -0.572252345253834
0.207937403184976 0.0899329848000484 0.636540529771281 -0.476910021765865
0.0442442236635802 0.261946349644677 0.828682231366015 0.099815033431193
-0.0735620229223123 0.192541779495223 0.257708162121039 -0.000660481507361999
0.0219706939522156 0.0138791700986552 -0.12966861391839 0.0263268839335755
0.0512717923885288 -0.03367407767037 -0.696579641221811 -0.275264411667846
-0.00457321426010692 -0.100784462182851 -0.765976856032244 0.363271427578841
-0.0944177318618821 -0.0385962053151902 -0.139522416085643 0.618875088037861
-0.0633898535297691 0.0387023614013158 0.253117492005957 0.273546438387769
-0.0199344850974081 0.0527378138542425 0.202257618295543 0.0285473751110068
0.0171446832370481 0.0368026582218377 0.0951331140744603 -0.00808420422680124
0.0134994250263276 0.0271794308814179 0.0698678864099652 -0.0332969879350996
0.012742286834298 0.0202668425975966 0.00889673357998938 -0.074701295989172
0.00654777503959147 0.041415807632585 -0.08548793280738 -0.115481032113758
-0.0218336606982499 0.0483290453342343 -0.140981299991141 -0.207320953465147
-0.0413408277437737 0.0381313670332418 0.00677175201353762 -0.345301247140488
-0.047801056755201 -0.00563463990015065 0.230023774651504 -0.252403520446875
-0.0371432637011248 -0.0318042863726118 0.278734367342813 -0.0280256856868304
-0.00426692243752432 -0.0592075313890146 -0.0392051742574291 0.118635033679599
0.0206132415820569 0.167303765386396 -0.142384675026278 0.0150495216244644
0.163460664843282 0.082717190400704 -0.696548379112622 -0.292112964849652
0.12045908256468 -0.126019775017596 -0.748273597837548 0.323997398880643
-0.0871533203918857 -0.13989979468765 -0.169195535699631 0.561528141803147
-0.120377867897157 -0.00217466663968883 0.191123720740401 0.266838485920826
-0.0749790728831369 0.0524293976038654 0.166696580516196 0.0594306759016282
-0.022498047496086 0.0557152511690691 0.0910642328495485 0.0237696992549125
-0.00259415689241223 0.0449084399695787 0.0719084657412799 -0.0192311672714282
0.0144158876451287 0.0252424068918086 0.00807568267562039 -0.0653882238286472
0.0246459919243107 0.0368701373947358 -0.0837818409249863 -0.10710320866423
-0.000764704835447517 0.0703969949776288 -0.149971334189932 -0.193644768625424
-0.0629548181270297 0.0786447427539082 -0.0222614169433752 -0.342934959631045
-0.0783685102402446 -0.0140327508647373 0.202146397518581 -0.282825954518846
-0.023836503096664 -0.0294779219212148 0.28970916864034 -0.0568320386868219
0.0104731357350101 0.0163395705823903 -0.0290954973026028 0.12813511564287
0.0282276556777764 0.267226979387223 -0.147938508674348 -0.0233941674276108
0.245588107946469 0.126754469361191 -0.694764845024085 -0.242594406510473
0.179275003310625 -0.163347229934113 -0.665916526023392 0.332337421301872
-0.0980868985494934 -0.185422641677334 -0.144779134304019 0.480242811069929
-0.145722210774601 -0.017845087272275 0.127503146378631 0.229751838524878
-0.101345941610138 0.0410669570131669 0.111000947770785 0.0833520975724275
-0.0507654739618117 0.0579197488416701 0.0735914071242735 0.0577111200477944
-0.0163234769376326 0.0545525515165209 0.0651563379541484 -0.0031675650815596
0.0114161874088375 0.032988078410329 0.00473667353219988 -0.0589205300094025
0.0264250054275889 0.0432749322598339 -0.0709083687894706 -0.101967270118323
-0.00502169937787633 0.0964321855198166 -0.139315049817571 -0.174676232013101
-0.105818984798746 0.0911990174036944 -0.0434478550707858 -0.331837193080556
-0.0870621214967755 -0.056622697132839 0.180707807477004 -0.317593126235259
0.0276824438982174 -0.0216849257740978 0.32720438340775 -0.10348039882156
0.0291991159404533 0.113230145386501 0.00449702530367652 0.125675268305027
0.0400117664343804 0.294550258914944 -0.144305685113142 -0.0581823098074238
0.262362698342123 0.0920231718946317 -0.644186677900065 -0.151077698277549
0.145915572866194 -0.188087653844667 -0.537180455674151 0.323350297873249
-0.123445556267524 -0.154586193922076 -0.119884940124342 0.389179058339622
-0.130779790279293 -0.00299337276476151 0.0684596923369718 0.197327642695644
-0.0908360367942709 0.0230544658401831 0.0640833855744634 0.105152164445644
-0.0598643252615885 0.0432260723705201 0.0537176347974597 0.0827711355894684
-0.027567040102424 0.054697106346915 0.0496955341183148 0.0139978280342701
-0.00241302230634477 0.0444088288532969 -0.000544571940358813 -0.049232908893366
0.000570357743384244 0.0608405985934166 -0.053806562210888 -0.0872141372543775
-0.050249496785284 0.108060801120191 -0.126831078100511 -0.143640214080909
-0.16252115806632 0.044532067955676 -0.0723891579665086 -0.320942893803572
-0.0439649903918598 -0.135773778531807 0.168866040000552 -0.372662787287309
0.121438440097923 0.00811057590561891 0.393694374862198 -0.15939148297688
0.0454760411114449 0.223147091979175 0.0539367470995012 0.106434699712227
0.0417608170110933 0.268994093845853 -0.122466630345622 -0.0770973634607417
0.205121244796912 0.0401309226424573 -0.537160417331266 -0.0685559170284744
0.0623174183676838 -0.159014928273884 -0.4227933901859 0.277173574970783
-0.120155184884328 -0.0719066695395454 -0.12321462348492 0.32341809666703
-0.0766152584630595 0.0146462276481937 0.0338106660091896 0.195322599109184
-0.0557454925326254 -0.00278734938568176 0.0463468405032769 0.125497753050203
-0.0521717651494086 0.0200569617461298 0.0382525208910758 0.0966534862284128
-0.0362338426421046 0.0454052922740868 0.0270733493512019 0.0290849752225552
-0.025613519100339 0.0519499838010981 -0.010098891444456 -0.0300488847280288
-0.050266100670159 0.0693369581870211 -0.0462054315441949 -0.0558573081565476
-0.115864390947976 0.0779349045823438 -0.138821318510542 -0.107109232552976
-0.183471039875267 -0.0660298441454995 -0.114438505709009 -0.336982816572331
0.0727640894174851 -0.200729995052462 0.192883360493791 -0.452689893386559
0.223372254746497 0.0835133436127646 0.500800860429286 -0.197875415617318
0.0416164107119344 0.320818589586952 0.110838248612686 0.0739720572328956
0.0335656215100054 0.219209045572704 -0.0797518482262857 -0.0851370372757924
0.122656186725835 0.018291864179763 -0.416724595515254 -0.0296339164652696
0.00311187768945048 -0.08776260672684 -0.353498052131528 0.230170816458221
-0.0719430931639269 -0.00227382782709532 -0.128353215729743 0.310592409770689
-0.00958167272107188 0.0103356452880981 0.0441339839349924 0.214027330462941
-0.0161921563074737 -0.030941878773213 0.0593230723039944 0.133163216182283
-0.0366664819773008 -0.005106880069053 0.0262941316166855 0.0969268605759153
-0.0406808113633378 0.0299875330463191 0.00239441655659214 0.0402574665380299
-0.0508814300221953 0.0471119457498844 -0.0264633246782995 -0.00648281331337483
-0.0949237994566632 0.0490593987856746 -0.0700304177290726 -0.0190797337993944
-0.148126865775424 0.00150745073575561 -0.187685176698307 -0.0948903786561138
-0.116260059514856 -0.179799782095069 -0.138032331702312 -0.409269149919349
0.217086181784183 -0.176574807593786 0.290682866323727 -0.538422742755033
0.263587513829968 0.200280656824264 0.6437872241462 -0.176699723885038
0.00985202988345909 0.369007901255567 0.16596475531329 0.0385959627631883
0.0229265962803751 0.165538544616199 -0.0291893302278607 -0.0986812904774148
0.0627793478090715 0.0264758969215999 -0.319825640268475 -0.0235193438445961
-0.00248489017021578 -0.0256445077527361 -0.318872815102522 0.211578811598729
-0.0121521090054514 0.0162477910332113 -0.110576089573789 0.330376841655334
0.0337827586716882 -0.0138351539558041 0.0874815924686503 0.229074778959427
0.00816529559828055 -0.0484768840546864 0.086256361719368 0.126178263959964
-0.0235880936367963 -0.0227701253859524 0.0159914389123802 0.0865482874124667
-0.0411851228723908 0.0101316806167551 -0.0203884432071657 0.0448945132647413
-0.0605657331426246 0.0249260506891789 -0.0529312150448906 0.0132484949789465
-0.0992955665462662 0.00492972244086971 -0.117950948418405 -0.000311555895986953
-0.108649561429676 -0.0735771358391042 -0.241394938330089 -0.132835826607748
0.00938942797514 -0.200735074291404 -0.0924518572558367 -0.505777031300397
0.280892019760219 -0.0527549814562966 0.45893718176134 -0.557559392200604
0.19447957315673 0.283267960617743 0.763556922445447 -0.0705135380819955
-0.0352998690823351 0.326772080277291 0.214890183649816 0.00781414101720311
0.0136852184501677 0.113863687648872 0.0140260237598961 -0.12127417093527
0.0442971911804973 0.041637576715982 -0.266715327336633 -0.0275691679119895
0.0285198025103825 -0.000149030917919483 -0.290413833626788 0.218590724270492
0.0284005512269248 -0.00963198681630474 -0.0708510802372155 0.353252266091704
0.0409228053691815 -0.0358123227708246 0.13500711111284 0.229434932503503
0.00994935737780856 -0.0486425221775986 0.107579408696745 0.107746805777368
-0.0183931600001386 -0.0288655116672993 0.00760925321561882 0.071612496818988
-0.0348786863810914 -0.0116697084825734 -0.0365184237138611 0.042014395816084
-0.0468298575026339 -0.0101517027614101 -0.0805503028415795 0.0170066523039401
-0.0533047721597754 -0.038415522698035 -0.16346583879367 -0.012534867763062
-0.0202132289740302 -0.0898935108856989 -0.256697573637984 -0.197328627145574
0.103179208233132 -0.111101566594155 0.00962004488753358 -0.562305904311712
0.207087319054597 0.0764697358896867 0.613541418237627 -0.487566582767554
0.0571236855961985 0.255278305952851 0.823213245048224 0.0742018231739612
-0.0629468962913812 0.191524004681953 0.249104051672622 -0.00441882482168344
0.0225255356114773 0.0138075977237684 -0.118383273995594 0.023324254593112
0.0489322885957275 -0.0326051187879811 -0.692803020935566 -0.263699242989813
-0.00712100181176993 -0.0982572903843377 -0.747902867527929 0.37334268910057
-0.0933303090821118 -0.0351908968613275 -0.12494047392687 0.609049365760815
-0.0592668595069376 0.0400321660700471 0.25280740578467 0.262152571438257
-0.0165448707432207 0.0528170112154162 0.197815615190745 0.0214995619713491
0.0173072586305637 0.0338180865272072 0.0913688569828246 -0.0119519985829063
0.0129631537693693 0.0250406556481572 0.0658895843413302 -0.0378664561972456
0.0119570381814964 0.0190420057241205 0.00237811924328308 -0.0780127294413778
0.00688001640246564 0.0384133302513897 -0.0915162168692374 -0.11749438818124
-0.0193305415934421 0.0472755889895693 -0.144045901787222 -0.207476984187956
-0.0378399862889875 0.0389235522767508 0.00343667477142299 -0.344864515576806
-0.0477745630117932 -0.00234462369867036 0.230972407717401 -0.254657170734371
-0.0388550188908852 -0.0289639920091739 0.281947088015087 -0.0284333475177998
-0.00705053293305521 -0.057103367834966 -0.0283383478519212 0.125939016213662
0.0271298583253107 0.16513819850485 -0.131612564460201 0.0124730904125487
0.165662446134668 0.0766099283075028 -0.694067774655932 -0.28098977092718
0.114815690330628 -0.131502925225845 -0.73309414655207 0.333483487035648
-0.0911329262844857 -0.135639066694854 -0.155687256251655 0.552482368510346
-0.117832715544629 0.00207353605435539 0.191766428688064 0.256770368426306
-0.0716034593230232 0.0545526098496432 0.163913157811878 0.054369344827469
-0.0201677903124809 0.0551592373303387 0.0895960417217446 0.0203205490191065
-0.00019510920739309 0.0439142216472638 0.0674587741252363 -0.0236694970836702
0.0138283992628226 0.0243029644770446 0.00188672325482693 -0.0683590199465058
0.025200051335758 0.0338901205831122 -0.0893166502112766 -0.109253268396257
0.00236897248744798 0.0697143119361017 -0.15285610896604 -0.192537891324611
-0.0588005981243644 0.0813031695136413 -0.0262263834931903 -0.342666820797084
-0.0796747817649283 -0.0115157667366979 0.201963068598134 -0.284497180186615
-0.0241655049765158 -0.0293642935452124 0.292363219763157 -0.0571870711975383
0.0116012474733243 0.0158791895443053 -0.0184859294926701 0.135729412643982
0.0398141880567086 0.263089372132576 -0.138714930070352 -0.0256345746319423
0.250060986682838 0.115971591996458 -0.690361120689402 -0.232293470085743
0.170352956935504 -0.171329534382545 -0.649185876658196 0.337614463489419
-0.106424469348685 -0.180049538443496 -0.13541438346773 0.472011931088197
-0.144702646092895 -0.0111614133233083 0.127059006146313 0.222061898453276
-0.0983650515848115 0.0460992815669761 0.111042847692492 0.0806716405138684
-0.047182410502701 0.0592575463556939 0.0745803426469627 0.0546074171562608
-0.0124842704540337 0.0537473658721981 0.0624630749157157 -0.00678763693412056
0.01280235419015 0.0322408778971433 -0.00118959691191403 -0.0613974883901313
0.0279945216736058 0.0416487108520252 -0.0769764021940774 -0.104430862852254
-0.00136238515022591 0.0968769645351934 -0.140655107732602 -0.175237365785327
-0.102540310645162 0.0967515399145913 -0.0476771384849069 -0.33054485770637
-0.0913530113283271 -0.0554336896863147 0.179881030949689 -0.317516817614463
0.0283441145378452 -0.0250693892014058 0.327039117958595 -0.103739360411699
0.0373501644763623 0.110561533576052 0.0131269270064718 0.131468843464388
0.0536092050199654 0.290153406753433 -0.137064816782819 -0.0607934920847578
0.267011040486068 0.0793433047384137 -0.639267692866501 -0.143820441567146
0.135987019831953 -0.196579896120925 -0.522986617508089 0.326663594495835
-0.131386571766121 -0.148391124256886 -0.115826392508337 0.381671403953862
-0.129736726129592 0.00486654902018578 0.0671539301358445 0.194069475169149
-0.0899752862311447 0.0289243434907106 0.0650001473871778 0.104229396913953
-0.0560593895321797 0.0468352738253141 0.0560290230342309 0.0806560509873592
-0.0217418303661713 0.0559306712699259 0.0472766704760932 0.0104357489530005
0.00162509051132426 0.0437781126397022 -0.00473601976140511 -0.051536813528803
0.00321185969552267 0.0612003867481359 -0.0578136061036116 -0.090645330599456
-0.0463124051433561 0.11207586153257 -0.12595954404156 -0.144310893235001
-0.161928090088805 0.0533823514821523 -0.0737945416266 -0.317968256765699
-0.0527847406181046 -0.136317409609489 0.166027153443303 -0.370132042197571
0.123468537449833 0.000207519965336002 0.390341182296708 -0.161731985122702
0.0579315267370025 0.218860044391088 0.0597861326675637 0.111392847357386
0.0559590930178491 0.26505606002508 -0.11746381862988 -0.0791380691995056
0.209290578579348 0.0288455471724142 -0.533843268922068 -0.0644130377892756
0.0542081826665397 -0.165317912882591 -0.413599583500901 0.277042473770026
-0.125206667326488 -0.0661846511332176 -0.121014286046967 0.318143975670971
-0.0757939361361878 0.0201034816686203 0.0325681172067746 0.193448194280913
-0.0563440957049129 0.0033238952972575 0.0485423633204246 0.125622846873494
-0.0492683183499711 0.0239017757388322 0.0427694903425304 0.0937112638796033
-0.0298515411948542 0.0476195795342155 0.0269851753919535 0.0264057172110291
-0.0217112967979047 0.0535827395874305 -0.0127768967103099 -0.031788811893703
-0.0459953871367194 0.0731862095174761 -0.0491137943865865 -0.0596659508576423
-0.11306826753601 0.0847296826009907 -0.136387040012004 -0.106758578710853
-0.18832031803112 -0.0552312326011461 -0.117005175183473 -0.330576700059266
0.0601590353786501 -0.206913102322885 0.185416156555946 -0.447921336381699
0.227836061369195 0.0719043205529047 0.493891780604362 -0.202978240122341
0.0578319448225431 0.315570705075036 0.112912784187754 0.0765649417791684
0.0465882591364888 0.214934913780978 -0.0798001236047274 -0.0890912338194222
0.125680536972515 0.0092890608137523 -0.414160844711684 -0.0277389813991294
-0.00337538416999343 -0.0924495623712569 -0.351630454520975 0.229214785616947
-0.0753033792616624 0.00196961966962626 -0.127631111633542 0.309377580753412
-0.0107893338835958 0.0132768759623234 0.0450086681142721 0.212496454479839
-0.0177692212998989 -0.0266710962656821 0.0640450984762509 0.133828473553607
-0.035335029501332 -0.000958863112237467 0.0311973362476238 0.0959677669122137
-0.0357774344181333 0.0335343944985067 0.00453950147687682 0.0397700759623951
-0.0461698176785861 0.0504443051152174 -0.0271369243006502 -0.00686833789229141
-0.0911026604517911 0.057147018307949 -0.0692282242048667 -0.0209543275718228
-0.148417248734976 0.0108059957822028 -0.183087590618572 -0.0917867217562292
-0.126682604756928 -0.170619676373997 -0.142709924895542 -0.399654204376865
0.203713228739012 -0.187210270643873 0.27942806895368 -0.534624962592228
0.270181973010977 0.18603253661661 0.631782285640334 -0.183150389750099
0.0268188211143305 0.362874748699318 0.164485102239215 0.0396741508203818
0.0322584210365783 0.16164182542288 -0.0326751644714192 -0.102693081317949
0.0664542385008064 0.0200394401657129 -0.321451596529042 -0.0240864591571272
-0.00586743768929654 -0.0281403145299484 -0.31776247127633 0.211213529921378
-0.0138208673101825 0.0183200740921425 -0.10863119308231 0.332183115451448
0.0314571199991341 -0.0130419425976476 0.0891220286566686 0.228113715084174
0.00532049795037766 -0.0452001458952448 0.091164296708655 0.125624158726331
-0.0236810672024088 -0.0191361989005573 0.0233296125763858 0.0875958146206885
-0.0377926189177433 0.013986850974789 -0.0156225566575917 0.0459564202017021
-0.0578691448107732 0.0290196767326877 -0.0511485251915757 0.0137407822366679
-0.0987071506911988 0.0125091743319725 -0.113545303926826 -0.0008885573918352
-0.112706074253763 -0.0649488851749345 -0.23721627219222 -0.125565192905501
-0.00315437984131681 -0.197129715340468 -0.102791750377937 -0.492475903966629
0.272325292603831 -0.0655713369684946 0.443071248001684 -0.55660224127656
0.204008664164669 0.272310567719662 0.754490702541538 -0.0812602555611868
-0.0222114397296661 0.323125451871328 0.209085972397003 0.0102969893706062
0.0198670854267093 0.111474349046823 0.0065609228054332 -0.126896989627791
0.0471134638759074 0.0372524444240148 -0.271261758803807 -0.0278871578927917
0.025442005413744 -0.00286769837139394 -0.291032782946183 0.219914242322423
0.0251995353383768 -0.00903804209054792 -0.0687039134303192 0.35463191874992
0.0389519422934768 -0.0366269148604456 0.138348547469157 0.228581823911683
0.0082732045532316 -0.0463731110930076 0.113154789777654 0.107918621099029
-0.0177840634236022 -0.0271586559124722 0.0142607934366044 0.0744219209091177
-0.0336742679555559 -0.00827685031506892 -0.032131021092658 0.0435278520643213
-0.0465087008934834 -0.00612260505306314 -0.0770354664070868 0.0202959833332017
-0.0554789258335911 -0.0333940097815369 -0.157499833586223 -0.00866057191620767
-0.0249290312359215 -0.0867617403813582 -0.254656672584055 -0.187006632785623
0.0938404667835126 -0.113028045449282 -0.00304659051201959 -0.549721196263619
0.204591964139892 0.0647227108558631 0.594290925449916 -0.490632620788539
0.0662603663798883 0.24920058684745 0.813164865472532 0.0587384956401361
-0.0546342845558849 0.190471620573379 0.240736085170525 -0.00297511592708983
0.0220806298535984 0.0132405510221993 -0.110112492256638 0.0190334295437052
0.0481111753535122 -0.0322221622733536 -0.69397997416834 -0.265171923819941
-0.00872678063542809 -0.0983324311491602 -0.741133074699273 0.375871097618749
-0.0922455317084553 -0.0325818403982202 -0.118610897784507 0.604538717372837
-0.0564929173262728 0.0395879687189351 0.252554953746746 0.257208518567845
-0.0150920233495202 0.0520532667718988 0.194616756446665 0.018157822349284
0.0172193137211514 0.031085224529198 0.0900487803761771 -0.0128052206079826
0.0124112958283367 0.023146919163215 0.0604549378608298 -0.0415066559115001
0.00973296899023623 0.0181171802342375 -0.00455569110890038 -0.0811883857775277
0.00729176934402392 0.0361867662132959 -0.0968935071685132 -0.119106600205085
-0.0168470638884144 0.0458844973270266 -0.146280972156193 -0.209475561687382
-0.0346951144554083 0.0393775523039721 0.00260088951376856 -0.347185516436627
-0.0476810579762966 -0.000482568079338398 0.237003433205835 -0.255222770176482
-0.0406123696353159 -0.0270924707793056 0.289341022001993 -0.025288790356779
-0.00980465326666252 -0.0558256093360404 -0.0194899295390843 0.133053898011099
0.0318598251937157 0.164427203567475 -0.122570073370989 0.00802147071387428
0.167695369575735 0.0730767011474691 -0.693129363832695 -0.281343336277275
0.111423727129106 -0.134758775300878 -0.724315476958298 0.338007039374177
-0.0948513579564959 -0.133224712825173 -0.150259110091739 0.546111982635678
-0.116661863441298 0.00487159938896424 0.191178946626279 0.252076651348933
-0.070079647021932 0.0569170854063622 0.162301813931462 0.0518108797546041
-0.0188553365400743 0.0546222890183956 0.088715300425006 0.0181896014771935
0.00184788018124487 0.0432718142815933 0.0643106530554488 -0.0269961384588212
0.0145224572086228 0.0231603690574505 -0.00446276215902418 -0.0717087472582947
0.0248450627992714 0.0319542763802196 -0.0951128114577682 -0.112023699298496
0.00418691279557049 0.0691491653168495 -0.154184626302588 -0.195855615494643
-0.0564916558343048 0.083399616030782 -0.0266692525954881 -0.345077992421605
-0.0819167488240948 -0.0107270541240324 0.207840150777943 -0.285217529991855
-0.0246546858116837 -0.030021116686306 0.298914309561275 -0.0553117331971074
0.0135515618071574 0.0160064729458121 -0.0093015073371098 0.142008871596334
0.0487798527286449 0.2617306093102 -0.131369568232413 -0.0309454616723516
0.254713738268831 0.109577907167679 -0.689498051574193 -0.233646439037322
0.164642209396576 -0.178056808662651 -0.640922827472345 0.339343075034836
-0.113063893562517 -0.177398418917047 -0.132448041582246 0.466823859830912
-0.144159892238323 -0.00601333812842029 0.125253745004057 0.219205529391695
-0.0967867833729658 0.0502927790791226 0.110773614228973 0.0791863873328189
-0.0445772886283649 0.0604736153991035 0.0754048699153296 0.0526413771308682
-0.00911716398196097 0.0545414977533592 0.0593786089020957 -0.0105433246317009
0.0140423723439897 0.0313558356663296 -0.00670851268588902 -0.0647056483001294
0.0288809984261813 0.0406500552960342 -0.0825593749442192 -0.107806366272015
0.00106361219212995 0.0971233151304216 -0.141889505602911 -0.178275974376437
-0.100522886426455 0.100490232342819 -0.0466233378518311 -0.332508080108837
-0.0963859700027977 -0.0550312361651205 0.184061778057925 -0.318153899617805
0.0298177009370162 -0.0287799566345204 0.331845600315756 -0.102776351655804
0.043554550011644 0.108703878748439 0.0218878076095656 0.13773163898074
0.0646176125437693 0.288932146879854 -0.131391151056508 -0.0660554323009953
0.271963111059776 0.0712560051304496 -0.637331334322241 -0.143502935227588
0.129659701375625 -0.204374050787144 -0.518954630560174 0.325096519506935
-0.138317255722834 -0.143992422801164 -0.115502840069775 0.37563951803311
-0.129779966431893 0.0106443676765011 0.0645271285830778 0.193079296704095
-0.0892851918638012 0.0345481924718202 0.0665318807159053 0.105633646397533
-0.0532278065147225 0.0497950372028871 0.0591023240550871 0.079659719930295
-0.0176957058048327 0.0573865558821891 0.0463755809194569 0.00710766255192243
0.00328729981288255 0.0436605432676429 -0.00914540926120223 -0.0544362368622954
0.00435626925249001 0.0629867579843174 -0.0620428119431776 -0.0948007807500218
-0.0426221440667267 0.11558970330021 -0.125239734106586 -0.149408944833851
-0.162304409515284 0.060593826160206 -0.0744131618785084 -0.318309717902555
-0.061231401853951 -0.137632802028585 0.168865099271367 -0.36920923203691
0.125637288822096 -0.00695330310182861 0.393310838459753 -0.160645630216099
0.0683162294577999 0.216077842301777 0.0656455098070266 0.116101983282553
0.0671263367058167 0.262167058236076 -0.114345992022427 -0.0850986172408425
0.214317369459326 0.0201139864395865 -0.532825321279623 -0.0677383967794426
0.0478902381257991 -0.171909505521152 -0.411283932364684 0.274433208745217
-0.130675031383161 -0.0614068115801068 -0.125624904521068 0.315811307272737
-0.0753173285294401 0.026313586464903 0.0301549706739013 0.194626584001076
-0.0560932150491298 0.00779513517043557 0.0516965176475796 0.127353132108302
-0.0466670791171026 0.0268023882724898 0.045266264086958 0.0937622171064494
-0.0250222890038467 0.0505622857823208 0.028037695814209 0.0246928167721414
-0.0186043400578054 0.0553033097490509 -0.0149948358221426 -0.0333168171877482
-0.0435173165676894 0.0774639123367784 -0.050666525101691 -0.0645495365799443
-0.110456114342719 0.0910549184982619 -0.133095126006989 -0.110185000585086
-0.19248825565368 -0.0465022265193129 -0.114790559652417 -0.328148666433214
0.0489068523092979 -0.210834200933881 0.186909232517082 -0.446060558617213
0.231689113427903 0.0632697119274368 0.493333567771506 -0.203095295370324
0.0697088531293893 0.311687699175917 0.114456222204268 0.0820457410497802
0.0569422806456665 0.212046079546669 -0.0786782909656709 -0.0945077739354952
0.129218226606713 0.00173017339391762 -0.416040032108572 -0.0312637813418365
-0.00753854114749108 -0.0961488682962406 -0.352538275872769 0.225727578038868
-0.0785808747258079 0.00651097337197915 -0.133116024835534 0.308187446406775
-0.0116530988930431 0.0168602449591669 0.0434462170500637 0.215670791223525
-0.0195599091645629 -0.0234893000710087 0.0674917383820987 0.13510212880247
-0.0332507261653894 0.00205160444829838 0.0369101351231228 0.0958765964924761
-0.0317540505585411 0.0359805945287793 0.00689094062431301 0.0386631560972062
-0.0430486537761251 0.0533062167072008 -0.028155800999286 -0.00806137275218764
-0.0899246069708697 0.0623431112129271 -0.0676278358386842 -0.0255589573567496
-0.148580980261463 0.0186807127758227 -0.178687874839069 -0.0923899376074689
-0.134702605708182 -0.163670523775155 -0.14281991500284 -0.392027662553006
0.193669778602921 -0.195557856980984 0.276169924755419 -0.530621264751994
0.277241044570326 0.176180662955222 0.628841316202619 -0.187254294609025
0.0392445254307352 0.361482138738976 0.163984114932105 0.0451236068252514
0.0398495162724359 0.16011039809438 -0.0348637547871443 -0.108511729039311
0.0694536426461186 0.0152544947768815 -0.325102703681931 -0.0277082596495783
-0.00964189338867771 -0.0315990476668736 -0.322199850840495 0.211117339680792
-0.0172013176155224 0.021291046022737 -0.113192316745693 0.333528659233139
0.0296276741326325 -0.0116826611102543 0.0898014362345818 0.230040313431821
0.00338318861921016 -0.0439159334596899 0.0961545935836629 0.126498317197292
-0.0228147393623818 -0.016464625585686 0.0282266819357666 0.0888702506014242
-0.0346053636021678 0.0162802049841642 -0.0125413550856925 0.0461649200089047
-0.0546075354637555 0.0338098562367227 -0.0506379988931516 0.0147163185117698
-0.0994796439077197 0.0185914781786866 -0.111785459464888 -0.00136354097988984
-0.115034096421305 -0.0596264822266448 -0.233307902514492 -0.122453378272229
-0.0116603867773369 -0.194998340120608 -0.104822930206338 -0.485714683501249
0.265897670984652 -0.076197341486048 0.436734068416982 -0.553326936179716
0.211537570443481 0.264356924155057 0.750880373122147 -0.0857877811076049
-0.0115548001834545 0.321408010444942 0.205399170663087 0.0143362481200636
0.0246823005117636 0.109639528817544 6.90729536257371E-05 -0.133593457512036
0.0481367398243902 0.0339100915897261 -0.277384195833614 -0.0323531092421924
0.0230247643027183 -0.00562269700057467 -0.296020222625111 0.221378687960341
0.0227694955854523 -0.00795856785281002 -0.0722308172874248 0.358787164883894
0.0366255770922084 -0.0360232696233445 0.140178714482261 0.229872615290636
0.00592434729728216 -0.0457950203048179 0.118362504896247 0.108965028850008
-0.0182574440656648 -0.0240905196521784 0.0201457152800988 0.0782539482809111
-0.0318290958332378 -0.00417724569890726 -0.0275095773768685 0.045524600675223
-0.0453950911261276 -0.000949077224532927 -0.0760577520564139 0.0222663852367593
-0.057399771086949 -0.0278722125778605 -0.154637000047032 -0.00691092249672727
-0.0289489472942668 -0.0842761638090285 -0.251729722126907 -0.181151043451274
0.0872747930554424 -0.114432094893491 -0.00753175538649178 -0.542865983520163
0.201753327574214 0.057444546528507 0.586748239156516 -0.489488963782602
0.0719973698645455 0.244911711704769 0.812793328126751 0.0562087339035082
-0.0488565579974926 0.189169004730718 0.235367514389804 0.000917101540701912
0.0228239242957213 0.0131009381570589 -0.104440394374615 0.0133015498336625
0.047704959283722 -0.0319534256193671 -0.706076434890831 -0.269453324501923
-0.00976470742308587 -0.099679125670073 -0.749383860227062 0.385936804290873
-0.0924477047790683 -0.0321444784656703 -0.116247527695044 0.609502163999432
-0.0555548141341045 0.0405036208522043 0.25466339858679 0.25754552776516
-0.0135156618813274 0.052441466857078 0.195716970302576 0.0157413902303663
0.0166719594227842 0.0292365712279827 0.0891091130410737 -0.0145832973229241
0.0127223263322652 0.0228019927103706 0.0581581855899866 -0.0448927286089622
0.00859434423545571 0.018263903200942 -0.0109116729165758 -0.0858124628666373
0.0076206259953772 0.0350700841077906 -0.10423406891599 -0.123824022873036
-0.0153860723367363 0.0460597896713569 -0.15048807652407 -0.217417465898628
-0.0329577081924954 0.0408954118517683 0.00365825973394547 -0.35636977377955
-0.0492043964612017 0.00177996535759054 0.248522268094541 -0.260498897161728
-0.0426915067466692 -0.0256349611567598 0.300219736547001 -0.0226056699190889
-0.0118058852434008 -0.0554499385083318 -0.0113945226362356 0.141787576484775
0.0367736136174847 0.166204658233925 -0.117076515861708 0.00235721638905441
0.172848015832117 0.0714039500028801 -0.705709050507921 -0.289006383071879
0.109576177869862 -0.140803280163751 -0.731302041459741 0.343355469539711
-0.0992116862485968 -0.133339339269526 -0.149515112132574 0.550716675057682
-0.117739956576047 0.00758819821977537 0.192738529579025 0.252890612256484
-0.0690375954422912 0.0598041226757673 0.164375496782746 0.049698909868602
-0.0176841325195856 0.0554808494848779 0.0893665858143668 0.0168517167422887
0.00308810620213278 0.0433003300733229 0.0613538091246252 -0.0306336240095701
0.0151653905554754 0.0231061483457437 -0.0108388398784676 -0.075603626931123
0.0253843861004253 0.0309504554238459 -0.102834407129445 -0.117085115114507
0.00633172036852334 0.0697433570573658 -0.159289069971932 -0.202608223289925
-0.0545617075105897 0.0869163380604378 -0.0269244543243326 -0.35348933760893
-0.0862158631784977 -0.00966045287745075 0.217026775738948 -0.29065133034152
-0.0251337610411279 -0.0307327832297 0.310718739723435 -0.0535942212889109
0.0162134478174336 0.0159897631679031 -0.00170991058379835 0.151153823342834
0.056886986092158 0.264897424579596 -0.126158754016093 -0.03706768281896
0.263066177744987 0.104680404713541 -0.700316900513047 -0.239634498976579
0.163458163717989 -0.187442346679607 -0.648172492799363 0.345895753197508
-0.120925202889304 -0.17823659537854 -0.134281819318934 0.468238464940839
-0.14574719262868 -0.00148704958729818 0.125009777087515 0.219679498992413
-0.0973187961174919 0.055276271115805 0.112896295469 0.0795110537001331
-0.0434830142977202 0.0633529473287523 0.0774921761368649 0.0519863276108379
-0.00619144033196544 0.0553225209816782 0.0577601905884503 -0.0136648093805784
0.0156510029667596 0.0314048727326119 -0.0119095381678312 -0.0677895446430686
0.0295642178914768 0.0405527330261319 -0.0894676721436548 -0.113442850292555
0.00333439391141558 0.0998189068939008 -0.145809647563525 -0.18538539559593
-0.100233047542708 0.107620040251703 -0.0474695789919843 -0.340703307127388
-0.10282339198228 -0.0557029855511981 0.19238731391535 -0.324774136207558
0.0307583118514662 -0.0329251128496392 0.343877742835123 -0.102168761222712
0.0506867545378548 0.109223019813642 0.0288389736338091 0.146182055002706
0.0754686853324558 0.292496771561775 -0.128541743297299 -0.0734021154526803
0.28160894049979 0.0643479299171342 -0.648852071268059 -0.148235657864011
0.126201663258826 -0.213990993203231 -0.52358134727308 0.325727496650009
-0.147053225814519 -0.142063239622355 -0.120381463240453 0.377738618258843
-0.130999968059877 0.0153713513646386 0.0632851591913956 0.19596018144162
-0.0895720437543232 0.0400510435045559 0.0692080759403773 0.107942607650969
-0.0509131996853285 0.0527884117092919 0.0618141331513807 0.0790944173392352
-0.013602635018812 0.0585824076942168 0.0455993888003963 0.00531330281962472
0.00622741262205503 0.0456573986401231 -0.0141260901199449 -0.0566239306006056
0.00592475687311098 0.0645467687997308 -0.0676907526525063 -0.101254719119246
-0.0412126181974579 0.120370026329987 -0.127247438129705 -0.156489634744972
-0.165606375665148 0.0679753550250112 -0.0743686166077297 -0.325729082666327
-0.069469611177561 -0.140895725103147 0.177335078978598 -0.37640191638668
0.130447140766312 -0.0133957563662236 0.402079110707422 -0.162258468876047
0.0779288018903056 0.217557660107319 0.0713732656491744 0.124191545466635
0.0786022654534783 0.264662487097963 -0.113993755592249 -0.0919183323123799
0.222102024844321 0.011508606258069 -0.540112132512899 -0.0702254408483037
0.0419461105903793 -0.18016445548744 -0.417920187729604 0.273987710798319
-0.137869294579692 -0.0580006245222477 -0.131510178514728 0.318264418063426
-0.0770207136201877 0.0315711530358519 0.0290241962535519 0.199773921780301
-0.0573942435679762 0.0127847521833978 0.0546215255810663 0.130954478840824
-0.0447768848695074 0.0306943225576096 0.0507510976881625 0.093966536163293
-0.0213516673085231 0.0525041221479883 0.0280167303363036 0.0235270117459087
-0.0157423088600226 0.0570244753029495 -0.0170776983966507 -0.0357785088655638
-0.0417961080532608 0.0832727726333863 -0.0538167770261046 -0.0706179800995747
-0.110826206053116 0.0982296635998324 -0.13370260492224 -0.116780591384958
-0.20021248767159 -0.0391298250403124 -0.115314856394973 -0.334157626474901
0.0407455458563739 -0.218609129786509 0.192829267137427 -0.452652255691185
0.239272525938628 0.0557416433044378 0.503040468974226 -0.205789314890377
0.0812102918145076 0.314997409082215 0.119826273757269 0.0885834838039982
0.06604826716989 0.214078516305036 -0.0799894692785703 -0.101788771619678
0.135167851626421 -0.00445328267313435 -0.423406935234292 -0.0377172535497621
-0.012326151238191 -0.102014815617901 -0.362730517506749 0.226910182345858
-0.0826867927805442 0.0109613606915865 -0.140330809045211 0.313711451712665
-0.0115938840141645 0.0198463728842041 0.04271108275647 0.221005480023167
-0.0215402787510523 -0.0198610056652162 0.0722038369124025 0.138323130401771
-0.0319441342343903 0.00551171591582582 0.0407796364230384 0.0987918519065183
-0.0280458205310426 0.0386225854336126 0.00839410712270666 0.0389945541657822
-0.0398611819001396 0.057350347275284 -0.0296062973793116 -0.0100316252432668
-0.0894014113333303 0.0699528742587185 -0.068407555364238 -0.028949488398454
-0.152220320864542 0.025159571764864 -0.178127756929429 -0.095620859021101
-0.146025519444324 -0.161048095702419 -0.143495342473929 -0.393830992195289
0.188837371190515 -0.20664782760442 0.280543413686653 -0.538185895253152
0.287924635786629 0.171165314328904 0.638144598896017 -0.191459134250272
0.049753872151009 0.364418562821613 0.166009310173154 0.0514492569418528
0.0484098288373167 0.160159740385861 -0.0392517666794114 -0.116050819242556
0.0726207622428126 0.0110552166891555 -0.334258636528298 -0.0336585588207182
-0.0132928006536024 -0.0347259790747435 -0.33262737395409 0.213548931386009
-0.0203740898831673 0.0236493809013567 -0.119567051713545 0.341565627709624
0.0289012917531455 -0.0101874397054733 0.0909376087680278 0.237836461458133
0.00192567970647098 -0.0421456878981613 0.102715834723817 0.129103236908717
-0.0221344085428834 -0.0137992320775641 0.0350674314355287 0.091482347878137
-0.0318092858195118 0.0205940425342935 -0.00911300849965111 0.0466799314540363
-0.0524458520340763 0.0378173117935948 -0.0500226842084538 0.0148468792585272
-0.0997592584889848 0.0252381810353331 -0.110902419036576 -0.00328538867747661
-0.119909062889155 -0.0538533206099353 -0.233744370362731 -0.12173608409701
-0.0208270660204127 -0.195743056444204 -0.107353724065082 -0.487490951762193
0.264938518343397 -0.0857685662724887 0.438945939346847 -0.561517547486915
0.22246791870973 0.261950464662771 0.76303249778373 -0.0881862166961858
-0.00404922108127021 0.325025309324264 0.205762974086559 0.0202710532608527
0.0293744023486169 0.109366867539929 -0.00594891297019253 -0.141636012548674
0.0504689863925912 0.0316636776591145 -0.288130467158331 -0.0358716571797966
0.0209073954109262 -0.0067938582548171 -0.307395023857291 0.224784907354394
0.0209057916293134 -0.00755503953349279 -0.0774789116191629 0.368044572650039
0.0346833299054566 -0.0363824774235459 0.143824712791269 0.236672483392782
0.00511838079128766 -0.044783485289008 0.125831414556927 0.11148502486408
-0.0177569303514324 -0.0222325012509587 0.0283272074130941 0.0806548096014957
-0.0308572706003776 -0.00149315549561133 -0.0230076279223368 0.0475057452777639
-0.0441833739354192 0.0032071080716353 -0.076139906989649 0.0234495791183779
-0.0595049143844191 -0.0245660654965631 -0.153816617137116 -0.00600184951268267
-0.0329437953866885 -0.083447071821517 -0.253548698341047 -0.179400467308722
0.0838832388216383 -0.117180955325071 -0.011804208341168 -0.545118822071961
0.203312144745316 0.0518864824268829 0.591431661844673 -0.495713479178745
0.0784946476115576 0.246596814425423 0.825347217583831 0.0552485696908989
-0.0453260849403384 0.19152359376014 0.234825670161206 0.00565484624071257
0.0255303566947245 -0.00235538222287154 -0.0732080219950067 0.0654468726373631
0.017476492178012 -0.0495648830750643 -0.745841481465431 0.213211139536094
-0.069980820166843 -0.0682137317697738 -0.382376362336682 0.775529636184507
-0.0888712428546058 0.0297186061576097 0.281854326033118 0.571335730760742
-0.0198133274430616 0.0619978875462837 0.364927013312071 0.0492282919151646
0.0201876477589838 0.0480252175731131 0.165323821538351 -0.107819787052849
0.028946455147901 0.0110980083025507 0.0628613721539758 -0.0671658605405881
0.0225692674776761 0.0101815310119724 0.0142896451255513 -0.0724080881285207
0.0166831021764228 0.00897219694012234 -0.0699725243732769 -0.0598466750399511
0.0256346326034185 0.0232733609169205 -0.16961849562261 -0.0340873644649349
0.0139286292047099 0.0463553272694666 -0.263110473898083 -0.0829509418500007
-0.00428583683100619 0.0522806921796377 -0.224742152078321 -0.298251720733956
-0.0412703194387634 0.0304943076587801 0.0398725502066262 -0.376889165207655
-0.0501248854835991 0.00605035673383921 0.238001774078437 -0.219598040728107
-0.0468252867557034 -0.0358529463537329 0.096348750170681 0.126905786761523
0.129187980719149 0.115272216721989 -0.0804062102605638 0.0619314519820287
0.17875514598393 -0.0428313358495384 -0.749087121030545 0.198068878434263
-2.23347168631545E-05 -0.175226217326262 -0.391436744937962 0.723319805500517
-0.156404775194437 -0.0460703742513439 0.210441936876668 0.54254017005409
-0.0888010732436967 0.0751300059034116 0.309117383778607 0.0857945285064762
-0.0184983485950912 0.0897943717049089 0.161056969688915 -0.0607568992519224
0.0193418850460887 0.0545317332662591 0.0835864780296869 -0.0420882947522246
0.02989531832059 0.0316851471290682 0.0268296381493563 -0.0632768759713905
0.0253894306307198 0.00877884933084858 -0.0633144077232348 -0.0525603532882007
0.0387203643641982 0.00791595059501542 -0.16426572557131 -0.0302585465550441
0.0485942669319764 0.0527735089305886 -0.260972463605772 -0.0672475330660862
0.00793661658230368 0.106802729276799 -0.24804155433026 -0.277889465551327
-0.0821114730005939 0.0450138635185815 -0.00534919566331379 -0.381881446398954
-0.0390987982715647 -0.0134051368784175 0.226699955576335 -0.251117458364682
0.0261915051835448 0.00332999315021112 0.106987990811893 0.12633286596328
0.206173367762786 0.184297095304334 -0.107612155073343 0.0328711244278039
0.271259246156921 -0.0726891258977917 -0.710031131654649 0.233429160923369
0.0129348245022552 -0.247062988062836 -0.322461537131422 0.668424405787229
-0.201138363131503 -0.0674937385620017 0.168680338285363 0.465638624817946
-0.116382450495912 0.0871605844282402 0.23288222851089 0.103541550381894
-0.0424622838000987 0.10485649034637 0.138896538153567 -0.00311310579632295
0.00590484136054061 0.0766851994565137 0.096925338415409 -0.00661655731332125
0.032034496006454 0.0471570429200488 0.0354201181653956 -0.0476578962859112
0.03295798274475 0.0142004332129255 -0.0594642725293464 -0.0462811674182508
0.0500799217090951 0.0137602654563201 -0.151949967971727 -0.0356103035594283
0.0664720398065781 0.0799812862324012 -0.238791385695286 -0.0628313776006132
-0.0166139837806118 0.15500767396894 -0.255448163232201 -0.2544788628299
-0.130129764788083 0.0176815415917111 -0.0473978580083625 -0.392926771931854
0.00587167824621036 -0.0554133370980827 0.221059914880414 -0.308862714128515
0.119038476065258 0.0565094149841136 0.123098407026411 0.101890618983036
0.23831552301864 0.194569738358592 -0.130771992007076 0.0043393679503182
0.261921534172951 -0.118154292230497 -0.612020339190629 0.273339969533386
-0.0343594140312505 -0.247390641947851 -0.236615544926015 0.576401437310966
-0.202671361446748 -0.022588351600128 0.122924743545839 0.386794976377592
-0.0934041566034968 0.0934788210775678 0.168170447179421 0.124760367617349
-0.0446862437998417 0.0893815030287912 0.122944202588393 0.0471075603640095
-0.00510763113473001 0.0741245576866068 0.102337842446042 0.0249756150765764
0.0296989618814545 0.0544515056020825 0.037490034677033 -0.0261319487875864
0.0351181276391751 0.0321204009183925 -0.0526649846534139 -0.0365504655137544
0.048175721613358 0.0502267928504223 -0.126025342704024 -0.0409174820332967
0.0439828059723856 0.127614716899935 -0.203322584019137 -0.0512890416675651
-0.095536071220273 0.166829542929364 -0.264973626395754 -0.224163618787256
-0.161511211211745 -0.0775143836105705 -0.0922534204552165 -0.422062110149641
0.101864607549489 -0.107834735627697 0.227088708686063 -0.392206119783651
0.216238372118522 0.125837222671278 0.136890564367253 0.0555554724836277
0.225328717846755 0.169931656149808 -0.134163789168123 -0.0184304849744443
0.183962695568431 -0.126079376352857 -0.480918905341024 0.26934940993751
-0.0816527856536473 -0.169755559956258 -0.186875955149418 0.474203736584881
-0.144516923189018 0.0409487568944931 0.0784865812676943 0.349948507454475
-0.040038928911676 0.0737063097353247 0.14458523950884 0.150846709599024
-0.0359217920637408 0.04727178756483 0.12668809502912 0.0723583152733652
-0.0133228146874157 0.0513950871680476 0.103470365611415 0.0446832057090569
0.0198934771069667 0.0543183270382512 0.0362203301935481 3.62143079950769E-05
0.0267972831030219 0.0563215844016143 -0.0415299446139676 -0.0181794008004406
0.0219429111749896 0.0966790865460192 -0.0941296161506423 -0.0259712506104468
-0.0258493633104203 0.156790206429445 -0.182037617140149 -0.0151494859049713
-0.194272015576176 0.101001836093257 -0.301681615094667 -0.201163915334723
-0.121870700484601 -0.217738015848511 -0.130346496023645 -0.490265162119231
0.238498218634108 -0.125431759822246 0.275125610930956 -0.48749269107016
0.285818070602233 0.205209693662238 0.147334971980091 -0.00470540190359506
0.185941790128257 0.133630607773749 -0.118586309589321 -0.0452451013875447
0.103821487081532 -0.0875713234730126 -0.367895516584116 0.226996340794013
-0.0788592978533211 -0.0724267238268515 -0.169675207198562 0.407658687449407
-0.0599810888185417 0.0635635110747725 0.0741654532053726 0.354234117469615
0.00474696629503013 0.0257289349736033 0.173063155493793 0.157707510917593
-0.0279834052686345 -0.000624313536402502 0.147967224452651 0.0665980453874891
-0.0188308283082415 0.0238782458770432 0.0992388192036735 0.0519182761133959
0.00619205728538722 0.0480570086373711 0.0317959231933055 0.02472370603561
0.00768700419979352 0.0729464955087411 -0.0320569856735528 0.00988938638430629
-0.0241299511739221 0.117951535648369 -0.0786796592558479 0.0153687187040869
-0.107968550710963 0.123507790686191 -0.202729390267933 0.0320329820956
-0.229448564715897 -0.0342229106764432 -0.364326545141457 -0.229219212801723
0.0106189582653509 -0.306769237412318 -0.115314433962424 -0.61197830162224
0.357333170234217 -0.0623828785815925 0.391110981509306 -0.564108563567676
0.291096993720854 0.267946292439157 0.157052095427105 -0.0672259653585475
0.137584242768239 0.100309705517246 -0.0996790961478509 -0.0785900912158459
0.0636663349028417 -0.0368911670805143 -0.295629665040545 0.177399756982709
-0.0362520845832462 -0.0165794825127774 -0.150890359280934 0.382242165887216
-0.00102689469412491 0.035432788547873 0.113957565920195 0.363352420634261
0.0186030023996732 -0.0235679844116067 0.222412004021553 0.138502099714612
-0.0238544642740499 -0.0327181679319836 0.167452605899293 0.0384402398209686
-0.0236005680757434 0.0024616404376886 0.0909267364277003 0.0510674599682353
-0.00879727004958178 0.035617844715247 0.023787398116774 0.0421797943751243
-0.0156037305003943 0.0662467119532152 -0.0321077380793713 0.0428432816618808
-0.0620695811434715 0.0892746205160539 -0.0927654565131662 0.0652079001721361
-0.136458401709943 0.0374101058263366 -0.262449191314444 0.0478743902802927
-0.150335436956987 -0.145487773621152 -0.394163205252567 -0.324433720819174
0.157628191872372 -0.259564842263057 -0.00453876232348093 -0.732228412549119
0.36470490150127 0.0583352138555447 0.556299822455519 -0.565092836804618
0.219508825567924 0.272442027672683 0.171307831243087 -0.120035390331038
0.0892976323234351 0.0709723319400708 -0.092602981277165 -0.115484335075016
0.0588512697950263 -0.00516742006441655 -0.261094024281625 0.14974803903639
0.0098140834445071 -0.0147634555287946 -0.119503003143235 0.37742748236232
0.0135472593481224 -0.014907712782999 0.166791153108471 0.356668179044312
0.00627073530309034 -0.0493881198885513 0.265778194711898 0.103161330773764
-0.0232619514317364 -0.0383751026298734 0.174860761633868 0.00777276327991979
-0.0266186919624965 -0.00663503612623802 0.0798488858206237 0.0463972315429176
-0.0225448871085262 0.0186703315087795 0.0137289309796418 0.0513951916526278
-0.0325274182316025 0.0333147811887049 -0.0444367299392779 0.067025569457744
-0.0626697944577223 0.0227666345049472 -0.127949545589843 0.0907348632609304
-0.084263224400962 -0.0430295736742392 -0.314577525588291 0.0175445461257105
-0.0141816226093376 -0.14888037043659 -0.354822970708105 -0.432995835002638
0.20154162003453 -0.102329814763005 0.157127063863947 -0.779643252912208
0.236842553700295 0.14254489514337 0.701412780296168 -0.492377321995127
0.0927910572427909 0.187695457098012 0.19078483521174 -0.147940315927371
0.0257211176210996 -0.00393934167765028 -0.072778638815975 0.0615791980004941
0.0155501912177631 -0.0510031594457574 -0.768621842208557 0.248390691167864
-0.0768768671243336 -0.0668752552559928 -0.3609583268278 0.815742030316651
-0.0896038823359198 0.0354365193350795 0.311845368637087 0.578575749726814
-0.0164522970304672 0.062844978874731 0.376201254610675 0.0333214166049682
0.0247162588904703 0.0470377419980264 0.164541896104836 -0.119354433584793
0.0281753222596499 0.0097091074671925 0.0607790585327701 -0.0712228275529258
0.0232658517420099 0.00934118148676936 0.00854687761855954 -0.0741305046105572
0.0165507968086587 0.00896085899543071 -0.0807816654359187 -0.0557438073630004
0.0259506300254879 0.0212767390747544 -0.183711225938996 -0.0254626801157666
0.0162223249030712 0.0453901513259422 -0.280962792304417 -0.0762462769325805
0.000586468057534571 0.0528480620528057 -0.245246218658577 -0.304097200506829
-0.0399015130258082 0.035563121379599 0.0310538170249869 -0.400330063764419
-0.0512549010020512 0.0121178222609614 0.246018374198635 -0.240444664689254
-0.0510057569745635 -0.0334679947871772 0.115961183259939 0.127733388802925
0.140631934220063 0.111844708742102 -0.0801025156928764 0.0583009351522208
0.183017591845932 -0.0553616678529322 -0.770900596450992 0.234218871743571
-0.0115473785918069 -0.182260151847254 -0.375468176994325 0.764211989805744
-0.165144106388098 -0.0379782429298327 0.238474583920237 0.549825144972387
-0.0864677287221697 0.0819722023722672 0.320654215011918 0.0741546422086164
-0.0124150410981206 0.093666775032706 0.162077266401298 -0.0697822646873164
0.0232870691390526 0.0543671591669711 0.0840964561268499 -0.047986012173401
0.0327260442222407 0.030458030280768 0.0212915979417202 -0.066165015305363
0.0261347182340336 0.00710470724715099 -0.0745721159151657 -0.0491725997608724
0.039299948753311 0.00532731985648972 -0.178052847148376 -0.0213779887570856
0.0534829838722626 0.0509089542579041 -0.277591409324431 -0.0604010226783102
0.0157888433208462 0.110204465921733 -0.269990331037009 -0.282456711212809
-0.0842010866458573 0.053680488653658 -0.0165793426606847 -0.403239501966996
-0.0411619432922437 -0.0119314372693111 0.232600633743598 -0.273108272560802
0.0288697508204661 0.000807969925635421 0.127438201191683 0.126841737311281
0.225733475371064 0.176903229959418 -0.109935576296908 0.0301886662094046
0.277787562389139 -0.0938604599867723 -0.729863171785359 0.268873999125526
-0.00426741431671263 -0.25808595579393 -0.307984982861565 0.700404927568412
-0.214419698313256 -0.0566055073827376 0.189208296898246 0.473063239975627
-0.11413740350974 0.0973895443043989 0.241920229509582 0.0977235274907544
-0.0353563717302418 0.11189117568721 0.143438881555223 -0.0093687367916939
0.0115681788027853 0.0778780322799361 0.0996633721957481 -0.0126682431066863
0.037227322482577 0.0449717975957189 0.0307750140158185 -0.0508428163218677
0.0352083166267957 0.0118710296968702 -0.0694259410707247 -0.0430350221480097
0.0522541566009584 0.011231836825994 -0.165400453791784 -0.0292243090222116
0.0745233551175301 0.0786717640648659 -0.254834864457152 -0.057765729784879
-0.00613994608673667 0.163240128169634 -0.277439279415051 -0.257567311518301
-0.13765801382871 0.0277932858400314 -0.0610319778327123 -0.412651903793979
0.00242770197053593 -0.0605719805638523 0.22211209212605 -0.332781523941016
0.129558418786728 0.0481361623209255 0.141665070813095 0.101258218194621
0.261167441444956 0.185523405053639 -0.137395897317503 0.00251633032152673
0.265064474926872 -0.14252605835462 -0.626102215929501 0.304024852252684
-0.0544026588087654 -0.255888576267153 -0.224648780399713 0.602439922017884
-0.213083007776526 -0.00920610416068873 0.137688481359574 0.395287655581127
-0.0890898837015756 0.104012907461154 0.175671417654973 0.125391272242228
-0.0390650824142569 0.0966119398353511 0.130628532392015 0.0434630020075895
0.00081545497073929 0.076570868978398 0.108384303711613 0.018938708501274
0.0364364283154825 0.052071565813236 0.0354127702774022 -0.0291115908781095
0.0393064158951185 0.0301516553041688 -0.0611607182633458 -0.0336361672893811
0.0532977085828025 0.0496252958148085 -0.138045954868622 -0.0366013106881839
0.055054967882705 0.130435301549813 -0.217656549810479 -0.0488781145520062
-0.0878241476731813 0.182365777760861 -0.283857597690246 -0.22501873730044
-0.177061381980208 -0.0676535971893127 -0.109352815710651 -0.439367701225697
0.0983673107246333 -0.123334956519295 0.223776621234485 -0.416716892059706
0.235419938037442 0.113085229656162 0.152921030727779 0.0534683708700491
0.246782258378787 0.15932521508262 -0.143035919902023 -0.0209610253040219
0.183693328554219 -0.147223990948468 -0.491068031208322 0.294275298213416
-0.0993116506394786 -0.172220139947445 -0.179575151637397 0.496652348893979
-0.148072040526961 0.0542763226467414 0.0892351070933347 0.362226570933054
-0.0347183394598225 0.0801664679567231 0.154097550515695 0.15440069682088
-0.0322979525849587 0.0537965361520442 0.137744389734502 0.0699880751682894
-0.00872361558040719 0.0543965037662795 0.110745749546611 0.0385901834610045
0.0272077570769713 0.0524772463135008 0.036117861156008 -0.00239249821510305
0.0334887271149705 0.0559380125974365 -0.0477288594215423 -0.0161196414603927
0.0308039543952904 0.100422823070535 -0.104650093850387 -0.0242875571300512
-0.0154398191430484 0.165604547869044 -0.191170083081171 -0.0131976221282016
-0.195256709811424 0.121374472305659 -0.31884827022067 -0.197312202472849
-0.144748080945792 -0.216087583153262 -0.151218394376888 -0.505333606861314
0.240419291000873 -0.149752224727664 0.268321027933773 -0.517199189209837
0.310894242199349 0.191487137664415 0.159228481076255 -0.00739815153640473
0.203039850266063 0.124662104232456 -0.128878180635794 -0.0469693104951029
0.102208397260602 -0.102022241259908 -0.375417517395655 0.246930014711482
-0.0907543619521791 -0.0705934084312672 -0.165169158254474 0.429469038824125
-0.0585215967635169 0.0736737071332171 0.0871161764366699 0.369588703445733
0.00858855115744856 0.0293358638864457 0.185681120494326 0.162038039116324
-0.0274098847190906 0.00377458966175104 0.158953556229782 0.0615889802661007
-0.0156968277774785 0.0257948786186846 0.107287065159947 0.0459220079639432
0.0127605829777959 0.047792981083838 0.0343100520599682 0.021816916914716
0.0148091574118752 0.0749264292323485 -0.0347795529558579 0.0121868331138851
-0.0146161376989627 0.127040359181376 -0.0837961425776757 0.016736290932664
-0.102605349598636 0.137794631931878 -0.208014690944191 0.0369521675059395
-0.240257027233432 -0.0166705373220311 -0.382476540264451 -0.221190874366678
-0.0130130875877816 -0.317973962184181 -0.143153645913783 -0.628993965109291
0.367452548322214 -0.088707713406785 0.381989269017447 -0.600979161588857
0.320775408466865 0.258227337530032 0.165254645052305 -0.0720833424007522
0.149927955406203 0.0932295739415279 -0.11108452341732 -0.0799686775846304
0.0633241862942176 -0.0454095164761027 -0.305240341776906 0.194864819967184
-0.0422299918465369 -0.0148884131536032 -0.147329986976581 0.405371362995658
0.00120284336478846 0.040384226717282 0.130230951108568 0.37913139941404
0.0195466351779311 -0.0228328208080728 0.238267312324902 0.137793818037398
-0.0255907159869086 -0.0305311460584101 0.178159435864328 0.0309014047675859
-0.0220307951644435 0.00410239213853015 0.100275570060073 0.0453879867055706
-0.00414250074314775 0.0373811035491167 0.0290939660626599 0.0404860757861626
-0.00973466493424771 0.0702302340746209 -0.0314314953072242 0.0461816580795182
-0.0557859892959026 0.099081036397405 -0.0939378277863 0.0690797754423976
-0.137560652447085 0.0506281881041082 -0.266985861440937 0.0585661525312652
-0.165950936739302 -0.136365445798733 -0.419461442343205 -0.317119632824032
0.144047122596696 -0.276916735966545 -0.0350088844656342 -0.758976764233832
0.382305038687369 0.0367499492745137 0.552806808754526 -0.608704007725142
0.244628847208148 0.267076979055064 0.175347472157053 -0.124527638444892
0.0981469291290067 0.0666094613054373 -0.108696467460803 -0.116616630412134
0.0603594374251232 -0.010604803237163 -0.271532613353382 0.166179358173001
0.00690321880005016 -0.0149036993743039 -0.113475152736133 0.400723150291498
0.0135798300040576 -0.0132380622859123 0.18680481169479 0.369388530490662
0.00394830374385674 -0.0501942195034501 0.281599654389595 0.0988307655806254
-0.024922294945685 -0.0372987292355199 0.18429858061796 -0.00135378529906954
-0.0261076289194085 -0.00486419390560873 0.0898478315509395 0.0414204999245895
-0.0190515069910361 0.0209228873229182 0.0189153180168296 0.050466879828833
-0.0291623228041394 0.0370252888162031 -0.0409682152080175 0.0715147852714832
-0.0619347465915559 0.0297052363845232 -0.126521197219083 0.0991088956897932
-0.0908457214684904 -0.0357930625638349 -0.321821139932157 0.0305863217092997
-0.0247700452739679 -0.150553018614909 -0.383106188177203 -0.431285347066102
0.19978745437745 -0.116607225738996 0.132696798638147 -0.812925678909669
0.252515547741108 0.132732905876493 0.709275397589236 -0.540979298957137
0.106685069548541 0.188040889958254 0.193692908385894 -0.153261273054057
0.0262231971445802 -0.00540402081682232 -0.0699656250669505 0.0589572275361723
0.0126181263251602 -0.0525765381265643 -0.770242753488587 0.299093868656674
-0.0824030760297533 -0.0619615163781332 -0.314842855171375 0.852579075261158
-0.0875890416070391 0.0419915358044787 0.349436226821034 0.563853518931887
-0.0113407686580127 0.0631987893657233 0.381519987456764 0.0082795126313919
0.0283953886007968 0.044665504611324 0.156957327512461 -0.132147384611253
0.0272427372954516 0.00773683748211206 0.0563547367891142 -0.0764175559489394
0.0226700823845044 0.00703102514934607 0.000380955518633321 -0.0746285507186376
0.0163931707277238 0.00822433116837313 -0.0925060068404974 -0.0464775715410222
0.0265788306832155 0.0197620826090036 -0.193024288646215 -0.0119029644684261
0.0199172736201377 0.0437047431631772 -0.296129467370257 -0.0617108087485258
0.00557091094743233 0.0518366526828083 -0.271086631063911 -0.298577140912263
-0.0360550023462184 0.0405885893191528 0.00946571322068564 -0.417917106573811
-0.050373069370855 0.0184027874934887 0.24278521629783 -0.263976589661092
-0.0533944280602946 -0.0296963484155771 0.137672891266398 0.122183753671997
0.152965242901127 0.102677701267793 -0.077991694197795 0.0555090519987324
0.182548678851569 -0.0718029136978945 -0.774473443443089 0.283055991557389
-0.0279523888033829 -0.184597845303489 -0.333494220990556 0.797818277229685
-0.170989245309018 -0.0251297411899411 0.273857268017065 0.541129492712922
-0.0810172111965249 0.0892731244801219 0.326650473433792 0.0557775854161881
-0.00412797695384068 0.0961164972002197 0.158946025629989 -0.0821386954364365
0.0268476069407419 0.0525832371516178 0.0809447502644696 -0.0552794982569479
0.0354639074825535 0.0268352541886837 0.0140668923145037 -0.0676558078964636
0.0263797854984737 0.00442096229582399 -0.0842325813628108 -0.0402554418758039
0.0385651434816335 0.00234819390833284 -0.188417788569434 -0.00811222721969429
0.0579798310202094 0.0466924871409973 -0.292816415035993 -0.0452654251045083
0.0261151315766322 0.110679369249407 -0.296012130206935 -0.273719888587767
-0.0821854389071289 0.0630410996431895 -0.0391709219642766 -0.418179448752921
-0.0424838121522454 -0.00978798297803939 0.226549129904447 -0.29606845015482
0.0309673704497907 -0.00360946420145717 0.148597739556153 0.118873758120815
0.24494697092163 0.161321137857436 -0.110888616442039 0.0297294390467791
0.275315976345033 -0.119746069142866 -0.729264679808464 0.317201813547631
-0.0275827681336862 -0.262588609582988 -0.270734636049932 0.727230558904019
-0.222708625717604 -0.0384462412924054 0.217487374973438 0.468571485482193
-0.107032448465357 0.107743566170012 0.248978957429443 0.0856016010304197
-0.0250149359671284 0.116801793310396 0.144568685044236 -0.0185020230423038
0.0187419657461986 0.0783368468679605 0.100489121913707 -0.0217795568647921
0.0420663044628947 0.0407079773277006 0.0246634870119535 -0.0537495813472876
0.0366599780345486 0.00883906612095398 -0.0789870736917364 -0.0361929100690734
0.05319972499331 0.00734379530553291 -0.176352282954307 -0.0165596061309845
0.0832393687918448 0.0743991753426796 -0.26891458470932 -0.0451948918469315
0.00858223577228586 0.167718162239068 -0.300040835698288 -0.248504404540372
-0.140464496445099 0.0424123256635217 -0.0855616128122283 -0.42387113030755
-0.00291199854042473 -0.0651585090292858 0.210809984895327 -0.355500803185707
0.138601710608317 0.0339652718346031 0.160988686037733 0.0928008948998586
0.282880708180578 0.165312248572052 -0.140975188889603 0.00374552104041475
0.258528776766007 -0.169707465413507 -0.620772594859681 0.345631992056806
-0.0802917601952292 -0.256858983544084 -0.196024109665873 0.623090059833428
-0.218400631501373 0.0119034621781675 0.157702465441004 0.393741066327824
-0.080683699240656 0.113511905991866 0.184138998980737 0.120081392829218
-0.0283517086089725 0.10244892605688 0.136813907736064 0.0361445468221415
0.00890790479518956 0.0771679196728022 0.111701357266007 0.00959026972056401
0.0425655465931339 0.0473636968905976 0.0317593497318666 -0.0324426699666551
0.0433364007718139 0.0254915270601138 -0.0687317344557358 -0.0278353596123407
0.05957658326329 0.0468744718601642 -0.149864761864565 -0.0275562227087256
0.0688595090781228 0.129023034575963 -0.230230527561683 -0.0397273171750272
-0.0724250418396258 0.195499469707046 -0.302808799859317 -0.213916745651864
-0.190496457430291 -0.0536167856023038 -0.135746964203559 -0.445631663390598
0.0899346985057007 -0.138257919029244 0.205702500931434 -0.440368068528983
0.251183684621291 0.0919265289869175 0.16726853271075 0.0458871523936095
0.266427004242362 0.139094054991639 -0.149782662888187 -0.0189621530986979
0.174486433623943 -0.169191292612376 -0.483517949117512 0.328099526849754
-0.119917737519956 -0.167525709194666 -0.158069215082569 0.514756942042886
-0.146946221366425 0.0705283033020012 0.107914417788056 0.367160588355084
-0.0263553788258954 0.0864729780276223 0.166177913946844 0.153326527063843
-0.0249844941139664 0.0597706515478103 0.146542728931248 0.0625545596212487
-0.00112992543163141 0.0552492131327807 0.116316656184804 0.028839283831012
0.034512718664857 0.0483974508107204 0.0354687684067037 -0.00606964541097676
0.0410166057504373 0.0528064842469151 -0.052229681806082 -0.0116046826190175
0.0424984992244893 0.10091754890694 -0.113496699687515 -0.0184885142625105
9.74106437560199E-05 0.172422216184015 -0.199586847394231 -0.00567152822999869
-0.187605595751421 0.143907464618365 -0.335340929370545 -0.182611085498637
-0.169394002102057 -0.206440000680534 -0.183766133718186 -0.509729332207634
0.233200534570188 -0.176364071350368 0.24207686078516 -0.543897658890386
0.334352329715786 0.165176799431963 0.168324617753989 -0.0146120115675051
0.219235022346847 0.105747891584283 -0.138410106323153 -0.0445340729505288
0.095762419689064 -0.117036289602323 -0.373596018260367 0.272080826203553
-0.102688930259011 -0.0646855616012528 -0.150886057124552 0.447477941730857
-0.0530267873251145 0.0834692963440059 0.108044138544284 0.376821962530483
0.0134047119392228 0.0303509419740397 0.201398256355936 0.158335497353227
-0.02430963571734 0.00779616242777431 0.168992140198608 0.0520380545672049
-0.0118461475387382 0.0268135124207375 0.114979167857872 0.0366091820597018
0.0204348825964115 0.0454850660371609 0.0368797583847038 0.0188431381112478
0.0247599772476681 0.0741771841492094 -0.0361561602725702 0.0147292236827213
-0.00126369914308946 0.132178968409783 -0.0872606634382163 0.0201416663763626
-0.0907846083239145 0.151804287897221 -0.21019431377106 0.046575280128852
-0.245061238829534 0.00782483881919568 -0.399892212930846 -0.202031568990477
-0.0434171031219579 -0.320962264657393 -0.18352766333366 -0.634272374098357
0.367574418249329 -0.124776691609847 0.35096069804154 -0.634423972724961
0.349192473568545 0.232970351789632 0.168615844455178 -0.0782355357092174
0.162077458861957 0.0795329444542988 -0.124515711794214 -0.0775474448226016
0.0601143536198931 -0.0550271955851659 -0.30525201508518 0.214819282601129
-0.0475953386992058 -0.0110718685064242 -0.132675423996564 0.426513579002753
0.00477960145313114 0.0443767906635224 0.154300628259648 0.385215422760392
0.0194979315314436 -0.0230214082151478 0.253981860400391 0.129905800891592
-0.0259768066387662 -0.0271634823304972 0.185747145964695 0.01826615788516
-0.0193197854040134 0.00591767502619021 0.107635358259718 0.0353119131049456
0.00251706267799586 0.0366364766973359 0.0332001327548567 0.0368492075405606
-0.000337450633913909 0.0710621949187609 -0.0278429021356479 0.0481968257562292
-0.0459208662967225 0.107806094425806 -0.0914000981617128 0.0733722958892861
-0.134914960681065 0.0663814121133798 -0.266709812358167 0.0743479098129387
-0.179753702255329 -0.12179252183949 -0.44352173985075 -0.293597234303719
0.119480240416275 -0.291750577829835 -0.0806681186452185 -0.768904098204868
0.392948334222114 0.00454657595690863 0.523428046214117 -0.655601652472421
0.270827720190073 0.250070399232825 0.175069073896409 -0.130933583398345
0.105744214411717 0.05779856025261 -0.125470701198682 -0.113687062506415
0.0609184932603586 -0.0166663649433881 -0.272465833918326 0.185525427348199
0.00445420400640752 -0.0138951292130707 -0.0975417616880635 0.421113833534198
0.012956306703494 -0.0122618344629563 0.213669723831447 0.371890877809656
0.00130187398449532 -0.0494376675026336 0.295584215291318 0.0850702363972075
-0.027092433030968 -0.033876221631695 0.191327169827476 -0.0149716845105836
-0.0253470957016571 -0.00287565553923099 0.0988487502509633 0.0321952990889773
-0.0151713964891502 0.022160476395311 0.0252294918098928 0.0478254078167882
-0.0237617411218123 0.0402892691190997 -0.0354191722215609 0.07572722343241
-0.0590918847409496 0.0382752935383539 -0.120886654023991 0.107131221700576
-0.0947074070436262 -0.026609788138577 -0.323014853222551 0.0514094052444962
-0.0378122616543585 -0.146989983059493 -0.413898858452703 -0.409506430076787
0.191318771115736 -0.132827886150613 0.0842258768499065 -0.833491443379599
0.267535928474931 0.114504805413642 0.689021596265574 -0.595788902650088
0.123212297772328 0.182203891415934 0.190667408632032 -0.161105370602585
0.0255896972739937 -0.00730167320948765 -0.0662138022755769 0.0545519790618925
0.010020882500653 -0.0524242545327979 -0.749636593500396 0.342185275849088
-0.0856377615130149 -0.0539309579060014 -0.259774593752367 0.862544622211673
-0.0825452300694661 0.0479243598381527 0.380017969969377 0.535059807763957
-0.00692628424714047 0.0614049787669108 0.374683167446071 -0.0159748359435479
0.0315695673794972 0.039523831788444 0.143620709107054 -0.141164458456687
0.0257893012697257 0.00582870784906532 0.0488920560563474 -0.078802740080113
0.0213243201259176 0.0052801396327098 -0.00742528125840708 -0.0716492324209609
0.015900531464539 0.00693129184966618 -0.0988924132089421 -0.0351221095117521
0.0250347165669429 0.017208535328401 -0.197687871306377 0.00377720713677026
0.0218918568891667 0.0403416020907522 -0.303182062740339 -0.0417556448231612
0.0104893252744349 0.0491654691173107 -0.290692501826643 -0.283047965159561
-0.0307382198381724 0.0440726346266311 -0.0155208294774312 -0.423375324292679
-0.0465658405825687 0.0232182716632559 0.231042545376375 -0.281409505873966
-0.0551409372129091 -0.0249817089459982 0.155112545598151 0.110316099519033
0.160411182175408 0.0885591901183145 -0.0741912880086678 0.051643049460978
0.176448730789104 -0.0855224246212949 -0.754581035318761 0.327197848253521
-0.0422581663000097 -0.180371230832557 -0.281457041612809 0.810334734678654
-0.17121955481029 -0.0115198255117895 0.302389282971768 0.517670732065369
-0.0725285839088193 0.0928856541126663 0.323614908725059 0.0335768113978309
0.00488645860455977 0.0944750469603332 0.149891596780105 -0.0913855397920386
0.0305301700041177 0.0499378255822106 0.0754247339859676 -0.0607420337171401
0.0368311682512103 0.0226096579570186 0.00620460458982449 -0.0666458651370189
0.0258193876658247 0.00184708098852401 -0.0909249659817548 -0.0306271044204215
0.0367062208297728 -0.000303048598581737 -0.192456268790779 0.00806463535479762
0.0608397382344567 0.0412183060443794 -0.299246542492205 -0.0266637735211092
0.036695205694893 0.106959147642716 -0.31406131320491 -0.256072142804501
-0.0769500426321621 0.0705840443911898 -0.0641427905440585 -0.419858203421617
-0.0430854564003151 -0.00760452726483457 0.212624610312033 -0.313010840380267
0.0323542274436821 -0.00873452066471379 0.165030656901957 0.10677025837149
0.256929714505891 0.138497950575248 -0.10942001119603 0.0284758480405807
0.264213544414094 -0.142643869405088 -0.705190013399853 0.358755111798131
-0.0505608687098238 -0.258203407332126 -0.224387988313063 0.735844924418797
-0.224439665788596 -0.0186885244812076 0.239680644143334 0.44905894192384
-0.0967824238647955 0.114417076682353 0.248243643242995 0.0709750368148806
-0.0135391761973276 0.117801827402155 0.141611462414624 -0.0281270393147884
0.025572211881521 0.0754968207938905 0.0971980618353241 -0.0301958550863944
0.0454459357990005 0.0346891226694895 0.0176503665486295 -0.0541522069405717
0.0369334579584877 0.00412561287834458 -0.0850283006334062 -0.0261823483707105
0.0519966795913801 0.00380060604638474 -0.181372978528593 -0.00220434091831627
0.0883188308260672 0.0668435395138769 -0.275728731597615 -0.0288487936966101
0.0237245043567076 0.166130984975394 -0.31574069141495 -0.230224841652712
-0.138758802048472 0.0553014442142921 -0.111172668275708 -0.422228706356265
-0.00844547551653264 -0.0677893022651406 0.192910133323881 -0.369551787525307
0.141930980622594 0.0186692870127526 0.175145262332694 0.0800095148055272
0.29609017771795 0.138412637824484 -0.142144814277928 0.00559009962600827
0.242631756733389 -0.194195475344573 -0.59730458225821 0.381206662192223
-0.103423602146351 -0.248211400390919 -0.159588084093311 0.628455670615457
-0.21549315769886 0.0317926126416535 0.175787580305274 0.383078308829019
-0.0698510760461416 0.119056497548255 0.188565991988882 0.111333721897804
-0.0173872361538161 0.104824965174412 0.138840780564325 0.0271179109536528
0.0168249176513381 0.0754902197800146 0.110414235559992 -0.000729259599215559
0.0473034379807686 0.040749546080978 0.0270194674814297 -0.0348168379298804
0.0463570371419449 0.020311593860429 -0.0744610018635254 -0.020489806040147
0.0637212400480978 0.0423738003149609 -0.155794189510216 -0.0158758622270931
0.0801758685271938 0.123148691536812 -0.236812549607613 -0.0269537265415635
-0.0542771096338468 0.201615761918046 -0.315316028336686 -0.196317961369542
-0.196401757981798 -0.0353497511083255 -0.162414408342675 -0.441136455700067
0.0774382604688699 -0.149289713818718 0.181657671626105 -0.450073382619487
0.259774344808312 0.0659767621181889 0.17746719735851 0.0341417976925914
0.277947483193599 0.112475882203838 -0.153361001075123 -0.0146343795381675
0.159175165440383 -0.186991906746657 -0.46307408374196 0.352840855787021
-0.137029352271944 -0.157663539829427 -0.133110021301157 0.519508093199832
-0.139420042146919 0.0856761980747527 0.123709910904629 0.362213530366859
-0.0179482749180729 0.0882732132821366 0.175514537970433 0.147086805329269
-0.0172968423504217 0.0623481663720725 0.152178072713743 0.0516529759770368
0.00473027788503712 0.0545576639428981 0.116959943874028 0.0179796556752662
0.0397725030129435 0.0427056375408027 0.0330679468423322 -0.00917106967655023
0.0473035350711002 0.0474781060132912 -0.0556836834171361 -0.00651690613212821
0.0525311723226652 0.0978804028474784 -0.119350481005566 -0.0109191700813983
0.0160166925917513 0.172562395214226 -0.202106267981441 0.00382391880529455
-0.171358916488625 0.160239169493919 -0.342491691895042 -0.161982061141058
-0.188556963069566 -0.188905294895156 -0.213335023380839 -0.496539697917339
0.216964234793438 -0.199500653794248 0.206958770903933 -0.552972407734687
0.347150625057611 0.132814712674423 0.173713018028402 -0.0233491599794049
0.229284138852224 0.0833905665688431 -0.145999176547401 -0.0403645397431973
0.0849204217426927 -0.129069986256397 -0.358260457056826 0.289407177386443
-0.110005714423964 -0.0552195783725285 -0.12778182395677 0.455900544082695
-0.0454524119654136 0.0906371281693455 0.126877025699502 0.374861679166637
0.0183005991934893 0.0301304669412114 0.211000689806149 0.149551071608558
-0.0205926036030025 0.0109193795260052 0.173233353284566 0.0393204894398806
-0.00660544458112905 0.0274963993303952 0.116818677394471 0.0255492825730545
0.0260641098911089 0.0408415599859586 0.0367593024152494 0.0139737461032939
0.0336380249290698 0.0702508837268988 -0.0358234549336374 0.0171805402051889
0.0133141332353752 0.133228413770731 -0.0890923939812126 0.024162353098763
-0.0756199755149923 0.160735081557794 -0.207760765977766 0.0562496085809762
-0.240691932945104 0.0315179182166397 -0.405602416824156 -0.173968206200252
-0.0718964924290488 -0.312845073245386 -0.220712824163812 -0.617334828332116
0.35488270373627 -0.157110527589975 0.308295648522489 -0.651306914966083
0.365693934597388 0.199678372783681 0.169111964918443 -0.0851819376835946
0.168388086985142 0.0626990481174518 -0.134897599060041 -0.0722446105569893
0.0542233541071053 -0.0635470524449902 -0.295328050198996 0.229985300580753
-0.0506286236820767 -0.00589484501482306 -0.112721604534847 0.435614510837179
0.0103167226658347 0.0460695833542978 0.17690323279796 0.379981278385311
0.019552721440644 -0.0232290864495502 0.263067809687268 0.117172976271266
-0.0256065427530038 -0.0229879649080026 0.188053013770553 0.00420926136976871
-0.0166770827465365 0.00736128870706096 0.111253294982736 0.0246098986305576
0.00824159554630483 0.0337632979990312 0.0358744378851679 0.0323397002131471
0.00953928731291599 0.071093070905126 -0.0250253124324529 0.0492999941314061
-0.0327507254458976 0.11336379219656 -0.0874521392251855 0.0765817799878707
-0.126514561249111 0.0791379065575117 -0.258779572349938 0.0887582695383882
-0.187921788431986 -0.102605741829326 -0.454794732706964 -0.261264619532647
0.0923212370402487 -0.296172476083125 -0.128853372680013 -0.757034376868698
0.390227558305599 -0.0288997889086871 0.477444485256577 -0.681895474815637
0.288940182689471 0.223777075084087 0.17016812081374 -0.135828681561456
0.110718749569443 0.0471918330785608 -0.138334923963697 -0.105395415086641
0.0586043090050686 -0.0233470840808791 -0.26546432087822 0.200340252848148
0.0016235953178004 -0.0130622948174968 -0.0756577389018703 0.428954528938252
0.0133206543477167 -0.0112315276037929 0.237144982687512 0.363407378991086
-0.0020080983727428 -0.0476670501961431 0.301916944211082 0.0689087408459256
-0.0279676434392948 -0.0305773367912563 0.191463837836027 -0.0303851584170592
-0.0231603102665525 -0.000168145392762688 0.103293774253449 0.0210506257398649
-0.010199655847202 0.0223315232705116 0.0305325912092707 0.0429878611647379
-0.0174221684587242 0.043317040101214 -0.0282283143543083 0.0760085449489723
-0.0527925397476521 0.0449219707719634 -0.112567805303721 0.112125866035325
-0.09554051347994 -0.0156958283264459 -0.313627679110916 0.0710949679578536
-0.0499428357054065 -0.139586228005271 -0.434127465586668 -0.37647765305482
0.176094410043519 -0.144339220617382 0.0307470701788875 -0.831498397830722
0.273696116730593 0.0911834542077635 0.645104261084576 -0.634197001649066
0.13590169883663 0.170349865895155 0.182691668852661 -0.165619212445094
0.0244939991370431 -0.00879408873017602 -0.064183336331371 0.0477887699885682
0.00801877535686841 -0.0509053053092106 -0.723214953147667 0.36633001914127
-0.0862141274152599 -0.0473290991124487 -0.215406422209689 0.852836908320169
-0.0763946443373627 0.0503776441590807 0.389577456464281 0.502989826564728
-0.0035265484298308 0.0584429836850897 0.360763254787463 -0.0327877625731521
0.0326867608062984 0.0348027750953108 0.130201615942557 -0.144412968404968
0.0239716938817473 0.00473133510984354 0.0428645538531804 -0.0776596067198741
0.0201229222467978 0.00403735788377158 -0.012603849796322 -0.0681470068919933
0.014241757984403 0.00562440688558307 -0.102071377191477 -0.0235876311775776
0.0237836296289958 0.0160892029703286 -0.198151768302736 0.017335590705295
0.0233789029980286 0.0373626634908968 -0.303875283167994 -0.0258180019616727
0.013511775389318 0.0458062120176747 -0.29918878932879 -0.265767255117004
-0.0260686117463429 0.0459844971832122 -0.0321288614375653 -0.420738173766698
-0.0428434695184314 0.0264430238787304 0.219177015365804 -0.288553881114724
-0.0544798759087939 -0.0212394645738647 0.165906122523466 0.0971591973258894
0.162461317637766 0.075090936295844 -0.0713292326626592 0.044626733353646
0.167451674103164 -0.0949028776989917 -0.724948847998774 0.349697407687562
-0.0526310383143491 -0.172872586192459 -0.240048413553668 0.800803598462938
-0.167208650165223 -0.000467418829231629 0.315331136738899 0.490741225885743
-0.0656657547678599 0.0935433469332695 0.313291235437838 0.0194430724191093
0.0113791894896115 0.0904193942493441 0.13910652411288 -0.0967718023460742
0.0324477797294154 0.0469489367334959 0.0694954557908835 -0.0628878512327706
0.0367232010049708 0.0186136955192216 -0.000103211866488708 -0.0634437127235878
0.0242297277002243 -0.000276533565364963 -0.0938738802963328 -0.0202804138422534
0.034280813895196 -0.00242751636456962 -0.192383965368451 0.0207665107848411
0.0613673701198045 0.0354098578043947 -0.298756520098827 -0.0117224684023386
0.0432262122334459 0.10139162396122 -0.320431692543412 -0.238745151142895
-0.0709298604343341 0.07546964533744 -0.0816557316385663 -0.41432361502081
-0.042046302898119 -0.00611579960401037 0.199602873686825 -0.319833478224902
0.0318375676823739 -0.0124466093862219 0.175432834818034 0.0929578030574418
0.260192004565954 0.117151491254995 -0.106568901361827 0.0245183769766609
0.248190987761859 -0.1574348063875 -0.676252110895736 0.37809011262394
-0.0656009480222674 -0.248536330809445 -0.188615235467926 0.725320216826055
-0.219834401133766 -0.00257041162700921 0.249037964901583 0.426696617610983
-0.0867576097973183 0.116971980679305 0.24337684543076 0.0609428906389012
-0.00347640091126748 0.115279309347055 0.135823655442922 -0.033835409744655
0.0305784438634296 0.0718737617975261 0.092130889128839 -0.0348095762057411
0.0463101939418829 0.028343216295227 0.0119994777057399 -0.0528289215186751
0.0360409938699427 0.000788631821984529 -0.0874661366825715 -0.01735386643733
0.0511219743028161 0.00124324625476807 -0.181962825813199 0.00935238476904825
0.0911902259076943 0.0593029914868917 -0.277203322367236 -0.0155864844618243
0.0350773609886288 0.160804614493792 -0.320475140796088 -0.213363354363431
-0.133266240721118 0.0647888778399706 -0.126420288640115 -0.413728190921135
-0.0129939550571259 -0.0688446936002915 0.177109325941658 -0.373282167925865
0.139997309310921 0.00557080053566878 0.183853945997685 0.067756643984262
0.297992809680303 0.113498333048525 -0.141232534004828 0.00617923998346862
0.224789699154933 -0.207668213210922 -0.567883535468356 0.393951172778829
-0.118909273766304 -0.236207136615304 -0.132528686850226 0.616503346742303
-0.207802320263773 0.046678955311794 0.180946564066553 0.36806542985864
-0.0596799820590648 0.119871127662187 0.187441567955011 0.104174722799808
-0.00762220400276283 0.103871147253181 0.137286714644738 0.0200059655532718
0.0232595934573435 0.0723640148747684 0.107751747689445 -0.0083257764134133
0.0491997243818919 0.0338859290901114 0.0224956848296683 -0.0346990828722115
0.0471299926769986 0.0149188830682339 -0.0761671368210545 -0.0127518399633645
0.0652400323249015 0.037807816904648 -0.15852021238392 -0.00593420549791286
0.0869323415434979 0.115000079060864 -0.238758598676119 -0.0168643577413628
-0.0381993878492081 0.202177517639085 -0.316718961427408 -0.180574887346169
-0.197638474640056 -0.0196070839444597 -0.177131500034031 -0.426757697151912
0.0655972933933208 -0.155148606183765 0.16303128186045 -0.450253977619665
0.258398441655041 0.0432576724631587 0.183122500669396 0.0237822791450991
0.280010894417152 0.0889558647704693 -0.154572181131734 -0.0121967303661332
0.141263336758549 -0.19605944893104 -0.439789328683101 0.36062932201271
-0.145681955295036 -0.144652397097566 -0.11287365899471 0.512852538611508
-0.13097558975347 0.0958810158608724 0.132813970675958 0.353861755271497
-0.00949287253147101 0.0870491300457062 0.177902520216776 0.141162501421923
-0.010169403156461 0.0620548939050331 0.1525217807166 0.042208174493116
0.00968803312360291 0.0524228027877339 0.114878903824515 0.00951104896821226
0.0433772966356979 0.0356268686531215 0.0300391308284183 -0.0114078874711562
0.0499966767044997 0.041206430041445 -0.0569951257222591 -0.00161393535275357
0.0605631703690133 0.0932356863375903 -0.122163012640409 -0.00420153247960984
0.0296782926780739 0.167838477091576 -0.202172627854821 0.00989653542982723
-0.15628770049767 0.16943415141017 -0.33951285458947 -0.144215002382035
-0.199165535671683 -0.170453104990188 -0.227907654516604 -0.477878787506354
0.197964086773512 -0.212978978949974 0.180636767190076 -0.548087035745604
0.347988700416845 0.103752397147331 0.174960876770526 -0.0302372304117856
0.230008477838069 0.0636513250289278 -0.147971907996874 -0.0357754193576437
0.0736743140445366 -0.135957297694312 -0.341795389087695 0.296787539566425
-0.114188064678149 -0.0470031775546693 -0.112539886630865 0.454710555062736
-0.037727085448581 0.093881750776725 0.137389414204145 0.367711102945345
0.0211793948699593 0.0287383745575237 0.214811847890305 0.141826026514031
-0.0162200816988437 0.0121660532099517 0.172164450785575 0.0283070153103074
-0.00209942083254622 0.0265515417896534 0.115975883473577 0.0164480768724292
0.0303464883410543 0.0352410311627172 0.0352220614792536 0.0113974226307285
0.0393240684370146 0.0649703659179012 -0.0362944167598796 0.0187297418978523
0.0251529640612633 0.129898346238856 -0.0897619247932082 0.0271775970183084
-0.061153260398525 0.163345043530043 -0.201090064125601 0.0623564637192029
-0.231517987585343 0.049296170737893 -0.399616025074464 -0.151013930261927
-0.0937247758490753 -0.298624377554574 -0.241634320104722 -0.592370057701187
0.33627083435865 -0.179419840805604 0.271927605096073 -0.647008772053416
0.368320085787548 0.168786612388772 0.168206103486256 -0.0882436904849334
0.169631122081637 0.047033823975189 -0.141068639936994 -0.0672035246776623
0.0487269895748329 -0.0683467711607343 -0.285948899420072 0.236867081762706
-0.0514824462223265 -0.00239290432636074 -0.0990503380935163 0.435584336320816
0.0143981602461917 0.0470237822838832 0.189825814204926 0.37134444860343
0.0186518097986688 -0.0225404796275004 0.266118763812929 0.105356591586775
-0.0237813935953091 -0.0203188102070066 0.185249220997583 -0.00667297632000804
-0.0134722719268471 0.00791776112635979 0.11070734207563 0.0153591471735154
0.0126211803514933 0.0306685828135076 0.0361864821382924 0.0280389958165394
0.0164481167128696 0.0686908479496183 -0.0219324797504246 0.0480645399568969
-0.0220815505235946 0.113927392959525 -0.0833701600409554 0.07645624034091
-0.116585822846319 0.0880042816510415 -0.248215346471138 0.0963076722369686
-0.188573041508892 -0.08456137517664 -0.454057527533332 -0.231904289666015
0.0682513160391729 -0.29243886501501 -0.159498786202983 -0.731303766305309
0.378162808133971 -0.0552203022123396 0.435587667604846 -0.68665167732053
0.295525799626579 0.199287227991389 0.165342785778268 -0.13576787642996
0.111603539896244 0.036858079630997 -0.146380693520605 -0.0967655864249474
0.0560798735791961 -0.0289629909124872 -0.258247681564035 0.207025594304638
0.000864577162578689 -0.0118122791560284 -0.0600809755772178 0.429204684363419
0.0134508582148007 -0.00956942703747133 0.249580033177917 0.35282795517934
-0.00315047968343598 -0.0460244115966923 0.301591301811969 0.0549326196664444
-0.0281237525686927 -0.027280418998033 0.186701226948845 -0.0401966217925535
-0.020306808038688 0.00152881752604824 0.103736651466182 0.0119463691072216
-0.00508023789143084 0.0210121233765026 0.0322802259282742 0.0373100442572839
-0.0108206413779265 0.0431448826861988 -0.0209072600761972 0.0745302025673824
-0.0459086228235588 0.0486764559465798 -0.103771838509925 0.11321130308579
-0.0938858449474406 -0.00752858603907456 -0.300267227876916 0.0837998195469164
-0.0570449493018376 -0.13036107224032 -0.437696552844908 -0.344743726022565
0.161117597613268 -0.148917477656352 -0.00642256781612896 -0.810735888298708
0.27168884342292 0.0715313880841294 0.600995884708015 -0.647964451037058
0.142352914000025 0.1563757672315 0.173791015401659 -0.163490499676025
0.0266345132187418 0.00251738134270323 -0.0756107679329808 0.00705756073123814
0.030676873598318 -0.0401170767804114 -0.804229364689746 0.0335797695372947
-0.0559353984337368 -0.0734898009153736 -0.546206568385384 0.686486477875093
-0.0860970248482988 0.0103064222675257 0.153726869807018 0.617613977143794
-0.0301344975121433 0.047434821606664 0.33635704954609 0.115699754674309
0.0146032082131424 0.0422005964424423 0.172587465441703 -0.0770990697629033
0.0180741176086024 0.0135493562053537 0.0695966503067849 -0.0525948422727962
0.015755632836245 0.0115714815993534 0.0111372577359003 -0.0644859468756796
0.00842001857694571 0.0115556396501833 -0.0864082652321747 -0.0573792187637704
0.0145097712653966 0.0247509565020865 -0.189707823763195 -0.0605354039583396
0.00469417894662762 0.0443950111618551 -0.264517984473176 -0.14516770130173
-0.00795184476329398 0.0471641162453004 -0.160943559108938 -0.362256757808163
-0.0443753849375577 0.0304547556957035 0.141107474870732 -0.391489168418243
-0.0472062910899256 0.00338895868251839 0.314429212082754 -0.178154233298548
-0.0396722203451313 -0.0370631068741095 0.122240307127868 0.15210390486755
0.117338795681089 0.137537746550667 -0.0763498302474107 -0.0156626542079041
0.19015272253638 -0.0149544233017896 -0.801727504147857 0.00889960064077497
0.0228610664442296 -0.17332376303403 -0.554956960444955 0.625901205416344
-0.146321764493074 -0.069414884734359 0.0834453824083099 0.579432859556233
-0.0977460181499952 0.0545979989089034 0.274004743739286 0.148019172455345
-0.0243530940996453 0.0838258056787546 0.163689671736336 -0.028964899054191
0.0102675999593952 0.0544518118373492 0.0874236668364616 -0.0293926809558392
0.0259928385448222 0.0297309379368458 0.0218841391560222 -0.0569159523658188
0.0203401163159658 0.00926856383332553 -0.0807759992198299 -0.0517283294610061
0.0303943111398843 0.0120022437976909 -0.186307911851656 -0.0556975125909464
0.0407037420702005 0.0570874320327254 -0.26606427868642 -0.130290218530935
-0.00137058271134677 0.109535872060854 -0.192521444404222 -0.345316698617229
-0.0990228269751762 0.0422033742861675 0.0941250724790178 -0.407493849219437
-0.0358884352012349 -0.0277027009852964 0.310187566153442 -0.213477657443526
0.0387658339887357 -0.00260931431741525 0.131287439222892 0.156220396315877
0.189713592194083 0.217072468789638 -0.0984760826213629 -0.0588105911221915
0.288546970347274 -0.0395989265139424 -0.768530349427165 0.0484913795533496
0.0401062335872566 -0.248055761436496 -0.485040835257507 0.578177121754002
-0.192134116286899 -0.0925791374165936 0.0463480256919152 0.500597430437203
-0.125302489538452 0.0672784876083529 0.194898697999938 0.160243004574687
-0.046866901529135 0.100785363848228 0.137456656644669 0.0261413626034873
0.000545877528033859 0.0755653281931092 0.0975443736280283 0.00391702775240936
0.0321724265517462 0.0417413707697735 0.0290210507104677 -0.0433148775372894
0.0316354122568377 0.0130705022815559 -0.0749266299292969 -0.0472160119823136
0.0443661161425675 0.0215425568730364 -0.172820829498244 -0.0620693412509361
0.0597618324129163 0.0901310509513535 -0.244708374211134 -0.125444495681377
-0.0308592923276382 0.162283011854127 -0.204368298057213 -0.322440305573665
-0.154918979012003 0.0112339578198614 0.0529606334644919 -0.425517828474536
0.0103987084677276 -0.0777620609949123 0.313677958023538 -0.268841994792952
0.133634615410373 0.0496434876706126 0.144653521739272 0.142143824793944
0.22696230087656 0.229663703227832 -0.123617998343744 -0.0930735978495234
0.287474199965861 -0.0956507169692695 -0.68068056223646 0.108653603253093
-0.0135350797859623 -0.259072737784667 -0.391153935884393 0.506642568169792
-0.203199558018144 -0.0431123609640106 0.0112403864199473 0.42279483567669
-0.100902583685937 0.081390492992889 0.127994730029207 0.178161242185298
-0.045804002306813 0.089438093804519 0.117978323079301 0.0749345566200835
-0.00515189513247133 0.0731243021796348 0.100028918776717 0.0344020247890801
0.0335119053175741 0.0466733171400334 0.031123065175628 -0.0231857008791177
0.0372099296783787 0.0307144251272036 -0.0674399693253167 -0.0391075977625636
0.0461864206419047 0.0602568965836488 -0.146492350571144 -0.067449555202798
0.0370328352406696 0.139343314009099 -0.210327656992873 -0.112216471894085
-0.111511397959162 0.173669932181007 -0.213971924187491 -0.291485523980793
-0.185237294340655 -0.0898254902235378 0.014784530892475 -0.457047226079025
0.111054006258411 -0.130647083924367 0.331064785245138 -0.34061432164146
0.228787625484855 0.124118383626531 0.156570573443056 0.108214887128167
0.22273754431072 0.19793111623075 -0.13333576471307 -0.11193374859841
0.208965095601206 -0.121062155798666 -0.554440318807669 0.132738360424845
-0.0756675876177147 -0.189076356384783 -0.328449615390652 0.42239954822155
-0.152781614596957 0.0326131210824305 -0.0253238899894553 0.387582648354641
-0.0437966999754102 0.0723319151019766 0.105490135750333 0.204336047097221
-0.031766523970724 0.0525435553437604 0.121102170871767 0.100531202726709
-0.00836567152151167 0.0512866966778556 0.100325064085056 0.0524644879125538
0.0287572315989478 0.0462547218582056 0.0303435766739681 0.00086430864234127
0.0313620972955796 0.0554538931084705 -0.0532688138334865 -0.0228394423331643
0.0226814480967495 0.109334855528537 -0.113849470014285 -0.0533826806544198
-0.0344681871096177 0.16648134439055 -0.187602419575726 -0.0733850270137979
-0.207301002837957 0.102352170308744 -0.24781562679494 -0.269221328266471
-0.136974101850008 -0.229707114827272 -0.00810047961372943 -0.52294139573932
0.252145689129815 -0.139480126726163 0.390430285465438 -0.415560174299949
0.29138493860128 0.209793343170888 0.165705736879823 0.0601831456278074
0.18751295263718 0.153402276008428 -0.121434651969927 -0.124743393795016
0.122789482441749 -0.0953495007660192 -0.439157846742164 0.118356146305407
-0.0863296903980042 -0.0876914133265652 -0.299049355194678 0.372029270345613
-0.070054021001646 0.0689061941748362 -0.0209529559300206 0.399914678365749
0.00723441485601104 0.0332647457828865 0.138249959059847 0.218491194169683
-0.0183386944729746 0.00649627430876516 0.144327782507953 0.09490723867457
-0.0100217567230891 0.0231143710211567 0.0994860648863612 0.058623706099112
0.0169528386941955 0.0411100833893182 0.0274654919380047 0.0222883007233452
0.0143994346571541 0.0739483519582824 -0.0413768856023684 0.00437287344048276
-0.0216965845078257 0.12993331948708 -0.0969542504645594 -0.0127350608674026
-0.113900786433334 0.130537205939789 -0.206647517772043 -0.026135846169456
-0.231672794386937 -0.0337208750833131 -0.297507201712564 -0.298974890856145
0.0053034460339743 -0.311433311291171 0.0274774440382877 -0.628216201489677
0.36632090012731 -0.0620042059051938 0.509717032038266 -0.461001593604634
0.289606962779023 0.277597179530943 0.175633489374815 0.00621270661852169
0.138700178074389 0.112937458902395 -0.10405126753492 -0.141496016171664
0.0732971068500127 -0.044783858795031 -0.362785877628133 0.0893501978069799
-0.0477489887838861 -0.0219538681580767 -0.275233775579616 0.359964492251658
-0.00447133741633475 0.0484094047152772 0.0239759867498882 0.421243882092693
0.0248550148271677 -0.0129117796020514 0.198194854775342 0.205800936729736
-0.0126606237598644 -0.0260732516086376 0.169022639888863 0.0678834293445921
-0.0129579384844127 0.00307367866606915 0.0949107543435702 0.0561990427087178
0.00264301493660087 0.0320079637149601 0.022469258182545 0.0368871147214711
-0.00688914872215875 0.0690260761550975 -0.0391367072947529 0.0339135120539311
-0.0572030768916895 0.0993657969265457 -0.109313448788125 0.0339297551050503
-0.13698231441228 0.0433805619560226 -0.25873347236571 -0.0147219194387231
-0.145134716365434 -0.138376585544694 -0.309318853808427 -0.389795564961726
0.153492973723139 -0.250132726315316 0.15474632720028 -0.711882665814015
0.362261997598555 0.0653004167519592 0.664863143743981 -0.431798389617305
0.207697115051033 0.279660717377269 0.191554076291275 -0.0404505117070643
0.0872486238866769 0.0800646719737884 -0.098437688511645 -0.161567456470624
0.0629888568773135 -0.00421587021074424 -0.32433952844589 0.0753970716330591
0.00521070431365736 -0.00956589911775614 -0.236801579656672 0.367143063333199
0.0169907955412421 -0.00331421148440544 0.0852446020392167 0.428167016293983
0.013211084575271 -0.0425970905001825 0.25047233585328 0.17483530319939
-0.0127548460938992 -0.0339272087562626 0.184205512264291 0.0378334312974566
-0.0168707798377156 -0.00480684282608215 0.0911053180921477 0.0494269750265275
-0.0103413708053763 0.0175868626988559 0.0168345598060145 0.0448057076336155
-0.0230391017127694 0.0369653634038135 -0.0475001133717665 0.0578028854004
-0.0563431543870625 0.031484691542146 -0.137898837147765 0.0592718503251413
-0.0824416430446343 -0.0342900851834475 -0.299347760308304 -0.0439647344875821
-0.0100382053896149 -0.133809803776517 -0.250753871778977 -0.482815625725167
0.188998158323539 -0.0874206783679151 0.321782246910115 -0.71748834448083
0.223592213131205 0.142578137094127 0.792246310236846 -0.336099238361853
0.079442381637907 0.188435550902401 0.214299634238126 -0.0683368809555991
0.0262613611274835 0.00136810744636733 -0.0739417999753226 0.000103651581154927
0.0300951558056679 -0.040158755895093 -0.804319972221868 0.0467365222927856
-0.0580609879484961 -0.0706486749853576 -0.53224512861166 0.694294534985634
-0.0835768929656754 0.0124289071569328 0.162176117379685 0.611680412658008
-0.0284236892077644 0.0468029732593898 0.334563381472707 0.107065897990936
0.0155345664186684 0.0394516711539529 0.166829194737511 -0.0817258447002106
0.0181875857517854 0.0132388523483859 0.0672752779411946 -0.0534985863518708
0.0156267571568471 0.0103850327936893 0.00689407113145545 -0.0635994872181634
0.00841336924612385 0.0122466236264836 -0.0907654163452455 -0.0517457593490693
0.0136544486459891 0.0247227151116887 -0.197175244780491 -0.0547101253765905
0.00621542127095808 0.0431725717652971 -0.27231267260921 -0.139499006247291
-0.00529939434441043 0.0456018319400306 -0.169316876072544 -0.363278589548945
-0.0417300108901769 0.0333213977170024 0.136695857976925 -0.399692037850237
-0.0456800523589778 0.00614312880051617 0.318445476004932 -0.185449799027742
-0.0406591829887256 -0.0369697753495568 0.134229263005148 0.150283330984505
0.122001186541874 0.131988430216717 -0.0747240842511302 -0.0220272295351564
0.189093475026084 -0.0218668285761509 -0.802111597814381 0.0207537524839044
0.0164521963515848 -0.173887096613642 -0.542596485641071 0.631628439026858
-0.14770793306639 -0.0633823179375856 0.0910612914891408 0.576298124622047
-0.0952581413787991 0.0570451848663943 0.273566499445707 0.140632195890159
-0.0205184491790191 0.0829163250312732 0.160590746484771 -0.0334864306541556
0.0124299282408285 0.0529847671541559 0.0848885686437887 -0.0320548127911532
0.0267303854586686 0.0274984679597148 0.0173827040499113 -0.0569002320399266
0.0202670758911029 0.00776583752598271 -0.0857503397758205 -0.046431077869009
0.0289365940232198 0.0110507992905493 -0.192478087377561 -0.0491611761153387
0.042220351842708 0.0549452835893292 -0.273833300816547 -0.125043772118617
0.00300786428096227 0.10850543190818 -0.201547025825541 -0.343724706727243
-0.097171643792164 0.046525325389102 0.0882404215665037 -0.413628738342719
-0.0359919398388507 -0.028048174790025 0.312074557602747 -0.221820668128485
0.0398744941004509 -0.00551796284751369 0.142704562257242 0.15313881514786
0.197327052023127 0.207331949536954 -0.0990670798451875 -0.0636020896130501
0.286316164468442 -0.0508276744474177 -0.768973368580241 0.0588229663972872
0.0303727721311164 -0.249029845868314 -0.473564211973137 0.583249761133505
-0.19420280006101 -0.0842956994291103 0.0522049381382126 0.498498198817116
-0.12210967724831 0.0708484971400674 0.193912159995888 0.157197171463772
-0.0413713031198607 0.101596618927707 0.136362121914532 0.0225265213507297
0.00445341439359386 0.0752251682494254 0.0966726066163311 0.000553510904638577
0.0341307438161589 0.037392900645659 0.0246587266082736 -0.0442006840174831
0.0312761559051918 0.0111736108531583 -0.0799936412543366 -0.0427949134023517
0.0448957541792151 0.0205877383899421 -0.17928252810323 -0.0567959222636581
0.062914369285069 0.0870408780475202 -0.25288737762041 -0.121697932888185
-0.0231736211331414 0.163467988912425 -0.210535644658673 -0.320472794559476
-0.156339095013492 0.0184541095657753 0.0455949134030193 -0.430379670705575
0.00796915507416692 -0.0814891417138064 0.313325121478184 -0.278372291832377
0.137366195273394 0.0404337529645679 0.155049611055799 0.13854271415795
0.235976096972835 0.218147817595418 -0.125941466570692 -0.0972301068111487
0.283417982339687 -0.109090271356939 -0.679233637158562 0.115093203031704
-0.0245300636432482 -0.259890477891476 -0.383212832968089 0.509426786793579
-0.203135240269689 -0.0341036667384079 0.0134186122416707 0.421964108297796
-0.0972588031608835 0.0847691755646563 0.129230448175956 0.177537601386778
-0.0403160083517059 0.0905121536718025 0.119924898337153 0.0714286646915853
-0.000322295841147808 0.0723771496674718 0.101130943681158 0.0304665812814281
0.0364282174698551 0.0427882458315303 0.0275870266789408 -0.0240435022424875
0.0386872930486516 0.0284377517775486 -0.0715354740398795 -0.0359322155806891
0.0503569034874293 0.0599022060777392 -0.152930021688287 -0.0633484555834273
0.0434763963218169 0.138391087477965 -0.217833051335387 -0.108399827900869
-0.104158213007976 0.17860729239132 -0.219398951778163 -0.289333046853949
-0.190640172963136 -0.0812632436568709 0.00624144678668513 -0.460781399398337
0.105283996107302 -0.139969379570369 0.329192578282676 -0.34682523450285
0.235576228704751 0.110071596657113 0.166350974449942 0.105962335613549
0.231950418952505 0.185484945089004 -0.137480887766906 -0.115215687861684
0.205991740686688 -0.131887553108723 -0.553809102728725 0.138690401964504
-0.085364770383112 -0.187156363566025 -0.326195628098563 0.429184824853478
-0.150776206523594 0.0392297893725245 -0.0230047268648782 0.390598532967623
-0.0398384472805814 0.0736512815853353 0.109865362670623 0.207517703683992
-0.0272333574631355 0.054597601574433 0.125253876963712 0.0970111310190553
-0.00413645174616435 0.0512490302409173 0.100982645883383 0.0475901138664929
0.0323428732862991 0.0428607514582674 0.0292190333061283 -0.00247765521109097
0.0349545276337861 0.0530722866907946 -0.0559034500848447 -0.0208097222927989
0.0285371787103562 0.109280803897294 -0.119575448412192 -0.0507856206986597
-0.0261434274280445 0.168086037048951 -0.192311339394591 -0.0715791445550025
-0.201106515148833 0.11323936539632 -0.249364194821746 -0.264305690987219
-0.14747667168918 -0.223296640187341 -0.0181491441469058 -0.52374647390938
0.246149890171732 -0.153313701600237 0.384211239633609 -0.421199812903349
0.300042405357899 0.194619561177161 0.172513988774057 0.060003176057742
0.194953452713638 0.1429637173064 -0.128699820074251 -0.127594449862518
0.120040644965418 -0.103901341782029 -0.442809285771357 0.119342209114897
-0.0918790163041941 -0.0862283009182269 -0.300065008609357 0.378687924498058
-0.0666202126222322 0.0724890471089203 -0.0178615754745672 0.404861526636277
0.00916641970954618 0.0344265447578864 0.144617880116867 0.221145564988537
-0.0163404572834282 0.00777027932668172 0.148417583514821 0.0908095188984935
-0.00658151280120545 0.0234601201038841 0.100861246854954 0.0551051912844069
0.0209836095043362 0.0385602621614634 0.0266573198107698 0.0196006459711201
0.0196066581746627 0.072478004027023 -0.0431941446991 0.00466461551579553
-0.0125089028389056 0.132350287163102 -0.100140650515383 -0.0131528196946186
-0.107308023455721 0.137025707125235 -0.206971381585688 -0.0240060741411275
-0.232377021797716 -0.0233143713637931 -0.300260798874777 -0.290945337987999
-0.00824884145967816 -0.309266563857074 0.0164076299128663 -0.626145118886568
0.36263086804966 -0.0801210658733705 0.501671071901157 -0.469594870209048
0.298630157006063 0.26341188296212 0.180920123524243 0.00730234304819266
0.143796080654123 0.104212908673076 -0.113025827112117 -0.142519963160394
0.0718391758857388 -0.0511514826958964 -0.367793044996585 0.0918603073801894
-0.0498077388319448 -0.020720764176763 -0.275883447577313 0.368442000334559
-0.00218956437992798 0.050021454372444 0.0302770294028614 0.427420330477415
0.0257897446320417 -0.0126508501901809 0.203819921099067 0.205794100992741
-0.0120886236833089 -0.0246354816377316 0.172388045245283 0.0620303583830114
-0.00962804683586149 0.00355725248695594 0.09746578087033 0.0513106453374205
0.0078208537755465 0.0303226489215053 0.0230178037931794 0.0345204500194659
-0.00117267776503134 0.0687406222965341 -0.0392228220407889 0.0350860000960604
-0.0497075418435152 0.104421128856076 -0.109929752297422 0.0346637207376531
-0.133248447309111 0.0510662812272428 -0.25778772220821 -0.00947511712984466
-0.150078201424848 -0.130939776587795 -0.314910629153245 -0.380041199939178
0.141515076280634 -0.253367016993468 0.140356034169726 -0.713034991829936
0.36350053781533 0.0490414608650638 0.655167274056257 -0.441874846685903
0.217926891878294 0.269840048869078 0.192431383840561 -0.0382167493647962
0.0915765450151727 0.0741865845099086 -0.108420839207348 -0.162198578155769
0.0632039702184843 -0.00904735835268567 -0.331346275806647 0.07790328991338
0.00443941390859859 -0.00991942732035054 -0.238163060212897 0.375356628023422
0.0174326509281174 -0.0027490856712077 0.092523418192261 0.433017997838099
0.0117771031761636 -0.0428657855077543 0.255953605566444 0.173250809043969
-0.0127111535883257 -0.033141122666201 0.187687395417795 0.0314895502058759
-0.015593431855037 -0.00383790043594459 0.0946496263682378 0.044989798370802
-0.00709618158529992 0.0172671003357658 0.0189662845384433 0.0416800076505297
-0.0194898465910345 0.0388838201107659 -0.0437653089914699 0.0580456805205161
-0.0529759194614769 0.0367257969372222 -0.135739371644089 0.0608104466665458
-0.0830624878094839 -0.0285829162659016 -0.296390753711162 -0.0369746705035868
-0.0154252447101202 -0.130563288873482 -0.257725765275342 -0.472131930024177
0.183595220957084 -0.0927027139275853 0.304945346288596 -0.722258500448027
0.227211103331545 0.132888330978979 0.784628113748221 -0.349792260927479
0.0851729116623416 0.183666285443112 0.214666258247814 -0.0648567452017571
0.0260553885851715 -0.000219454647539835 -0.0738598730624456 -0.00610855071346813
0.0291235426717361 -0.0411103645835778 -0.814984491358442 0.064802667267162
-0.0602309544242622 -0.0673707845896975 -0.515960158770312 0.716099190202354
-0.0824994102402261 0.016190229844607 0.181483945435291 0.610306818004995
-0.0265204750126418 0.047232221471114 0.337785508344276 0.0957961108735293
0.0177082526959243 0.0375417062906366 0.16166995349948 -0.0886249406533877
0.0178948116306183 0.0118886774406779 0.0648599117424334 -0.0563134557479755
0.014982764802578 0.00999016490750262 0.00288752739486611 -0.0634843054084629
0.00735197911823001 0.0123883142134509 -0.0966426553001086 -0.044686831557911
0.0138612933189156 0.0240091357003194 -0.205590610761002 -0.0451555493216449
0.00726776629140318 0.0422041382461879 -0.284180528205644 -0.131122192781286
-0.00299297436556362 0.0450612578434422 -0.185037909783807 -0.365472375873046
-0.0390605390271096 0.0359948707133125 0.128375763522252 -0.413666784280432
-0.0449923932343915 0.00880092371843386 0.321488312896839 -0.199129527765844
-0.0419959344317233 -0.035465290597908 0.149233697198021 0.146110396774222
0.128733081929614 0.12542672087619 -0.0753452598556139 -0.0281099738604267
0.189738424402952 -0.0304903423619919 -0.81278489217351 0.0404243259418413
0.00891736911827013 -0.175327283086347 -0.528004518972062 0.652496537877737
-0.151220350945129 -0.0571759099681483 0.106694381911211 0.575215042497708
-0.0939323261441019 0.0613252748392414 0.277386395530336 0.13292126057039
-0.0159848919255651 0.0835453267319745 0.15692974643643 -0.0403239078927442
0.0153099985628669 0.0533548744848082 0.0832880941937483 -0.0366321153955256
0.0277532430647176 0.0251579386836388 0.0127593601222331 -0.0573444291944367
0.0198081609532336 0.00711161244199687 -0.0914806436895499 -0.0400585461235055
0.0289977502898439 0.0111276552512575 -0.202064348543339 -0.0409163780731345
0.0452252615283954 0.0528125986197382 -0.286142552737837 -0.116964984633191
0.00943267692862066 0.108396790880752 -0.216849271564366 -0.344666934591059
-0.0963906731902926 0.0533470664766918 0.0777357210701574 -0.426735463644256
-0.0378549466733441 -0.0281831184687702 0.314681189017646 -0.237928621066807
0.0411298760958756 -0.0104386136136386 0.158616404942289 0.148945842539735
0.208148841408325 0.19836001148444 -0.101891566374688 -0.0687951516115172
0.285854995351565 -0.0667060096678664 -0.77639907192364 0.0772578666960747
0.017020695631528 -0.252345745696694 -0.463387408138131 0.6004576844309
-0.199886880103748 -0.0744942770780708 0.0640710397434849 0.499787506512429
-0.119929335658505 0.0770724562634802 0.198546830337175 0.153121850221397
-0.0353733463402736 0.103533176692525 0.137027872537049 0.0177709901559327
0.00950730202029294 0.0757709841557306 0.0965151049853263 -0.00476317109538928
0.0370958556755229 0.0350412093889553 0.0206785758621393 -0.0449447953645815
0.0315905618377548 0.00907365290766122 -0.0860330506029026 -0.0374520542518765
0.0463602514589603 0.0195775969893666 -0.188921302305188 -0.0490551304491058
0.0677983214394241 0.0846858534441944 -0.264664759109172 -0.113969815913555
-0.0140839131279173 0.166250990103847 -0.224656272334295 -0.320457226323688
-0.158602686695554 0.0266969284552042 0.0343392987847604 -0.440924096052158
0.00357291207749301 -0.0866116141711094 0.313011535749015 -0.293442030398486
0.142040272240525 0.0300347879322718 0.170239229263624 0.134530646280622
0.24999324533192 0.205770457981829 -0.131625938020766 -0.101265243106875
0.280437869221148 -0.126917248632875 -0.683979542547936 0.133040922360528
-0.0391004995306314 -0.26089236350935 -0.375443246097312 0.524284465520814
-0.206188405431397 -0.0237565098694399 0.0213712491501181 0.426621823740212
-0.0936745788743176 0.0907843886436982 0.135072062393159 0.179683039067334
-0.0338120247516931 0.0932414855278258 0.123014552830648 0.0677143144815888
0.00475168269920567 0.0730032119084754 0.10195222981886 0.0246463219642517
0.0398436645315185 0.0381824232002913 0.0249984378880147 -0.0267904236639275
0.0406855859476574 0.0242243954917644 -0.0762727329718274 -0.0311744472426304
0.0543842051348846 0.0589862445252261 -0.161972527244332 -0.057949413208398
0.0507676845883106 0.137845678188965 -0.227750305318888 -0.104018012850291
-0.0951692035310135 0.18684127401846 -0.230474895139753 -0.287528538815627
-0.19947519859125 -0.0715693456424909 -0.00713202339726456 -0.469408302586994
0.0986071089403452 -0.151224632636697 0.326126049045694 -0.361945054122239
0.245385607675006 0.0948585421539635 0.178655351699588 0.102773984352512
0.243511772499619 0.17289888353644 -0.144296894670958 -0.117207810882445
0.200208611144787 -0.147804145399006 -0.557655874127682 0.15064183950261
-0.0972735400461043 -0.185679835873767 -0.32234940653309 0.440876938681691
-0.150247392819237 0.0490199393608434 -0.0148470013820457 0.399318915147484
-0.0361981868520388 0.0780291756626988 0.11836559603396 0.211085754979523
-0.0226190381235377 0.0565695450614511 0.130718506414096 0.0926825083580352
0.0015141146498383 0.050973450851465 0.104621496052914 0.0430667588003114
0.036049067800911 0.0374262785303352 0.0266269810693839 -0.00271920119411132
0.0399732432787143 0.0510488404809009 -0.0601969613257909 -0.0179580764854155
0.0386058798538675 0.110454063113475 -0.128345322911937 -0.0474972425639428
-0.0170339644165155 0.172285671732901 -0.199019791096553 -0.0682792822423139
-0.196276786700299 0.125232939687925 -0.257654798449563 -0.260290142330522
-0.163062483161967 -0.216860894520585 -0.0326399849984547 -0.53093448860486
0.240667786513033 -0.171598071491252 0.376577011539791 -0.438010568345413
0.313787905419089 0.176978380107066 0.182573628062647 0.0569462284478712
0.204682866694457 0.13094592547199 -0.137325809520906 -0.129505415822046
0.115257886337738 -0.115353232245409 -0.448117212193976 0.130203187635825
-0.0998889773398965 -0.083326882433619 -0.298649138692066 0.394226595765706
-0.062704575488791 0.0790687173072024 -0.00870659128455082 0.415458982929605
0.0115447666806342 0.034480412668096 0.154901840886661 0.223194606589601
-0.0143175009487907 0.0100395963339592 0.153981944880987 0.0849969515327144
-0.00263313389319651 0.023754720878479 0.105045907905902 0.0491689896803506
0.0253102490683867 0.0346443077480325 0.0274250330986053 0.018801277393313
0.0260456224219378 0.0717316020510392 -0.044269842372612 0.00645008462341878
-0.00259760748631897 0.135667756233748 -0.106036691939393 -0.0102301091957364
-0.0990794227996998 0.144932740783528 -0.211051532245418 -0.0200896900215322
-0.234051054245615 -0.00877652718141734 -0.309055981059092 -0.282771378451393
-0.0265567896039322 -0.310108645745851 -0.0028950306376677 -0.633618444513988
0.362091195667559 -0.10244122561378 0.490705970344663 -0.48722196774826
0.314455861906635 0.247482244186539 0.187269471879065 0.0059011153810308
0.150874341440276 0.0953760592125419 -0.123785826913909 -0.144352609792508
0.069680112254703 -0.058303291436725 -0.376902239503575 0.100006360135583
-0.0532220625784739 -0.0191398517560129 -0.275213369065401 0.385999593441172
0.000991340356443293 0.0522303331296555 0.0433099571246917 0.437057436000776
0.0254499628724077 -0.0135102444288187 0.216784812912154 0.204344078765819
-0.01167840821202 -0.0237031414657831 0.176833910105189 0.0558839178612642
-0.00695470027299379 0.00469228922710113 0.102955698150178 0.0461727351207334
0.0108583994767316 0.0287092066646605 0.0247145092471124 0.0325116855721159
0.00545980528202045 0.069941383084933 -0.0373442934578114 0.0349615709514229
-0.0418649332336594 0.108353048841495 -0.110598298937783 0.0369111072646638
-0.131852425929881 0.0602174070079551 -0.259265963503153 -0.000790304194512851
-0.157683017541902 -0.121841965004977 -0.326444316778006 -0.369516617363555
0.127884950122306 -0.261177836620703 0.120307552105513 -0.722686609929342
0.36912369202003 0.02913369590088 0.649346443487141 -0.466727979594368
0.232648284659928 0.258416633008864 0.198511292706336 -0.0383907748551992
0.096334204278403 0.0685628548054461 -0.121167859863659 -0.162859161426142
0.0630791441186934 -0.013936831290347 -0.341382717794853 0.0867670681411663
0.00312104714027101 -0.0106663133507585 -0.235405408418736 0.391670205732546
0.0189470607465937 -0.00318966772991441 0.110471530006992 0.442024577391252
0.01022978490881 -0.0425128809483318 0.268791449017981 0.169146331985905
-0.0137952244322012 -0.0314664883636438 0.191328702748306 0.0242480990307605
-0.0126628342758521 -0.0021324101181437 0.100063314874412 0.0387032230489856
-0.0028328653407276 0.0180380500833447 0.0208459247636019 0.0388764202045734
-0.0143094095314875 0.041106252670414 -0.0409850901486072 0.0580356488615293
-0.0495314196059435 0.0412202516131882 -0.13357234541912 0.0648026682619228
-0.0850633470992581 -0.0229569921154538 -0.299340390286351 -0.0263003773692569
-0.0217412808630209 -0.128014231629282 -0.272823370996347 -0.464530532601896
0.177900631598997 -0.100219431735048 0.28489301277135 -0.735657890167628
0.235246570207466 0.121542213833156 0.781850382032677 -0.377565593750149
0.0944679250922097 0.179763659679311 0.216878612667037 -0.0664520107852941
0.0249787248763397 -0.00219640615373919 -0.07268411813496 -0.0110579177560641
0.0272563175995131 -0.0412972020527926 -0.817016001056006 0.104395348581342
-0.0634190886856934 -0.0619983659483114 -0.478404376031661 0.740968473508612
-0.0799207461948821 0.0208108574436849 0.21001653918631 0.598203182837941
-0.0236024615281052 0.0482314360186223 0.338842414856811 0.0774340771924184
0.0188367992333232 0.0341953333414359 0.151957153481068 -0.0968142755076975
0.0177987436937795 0.0105196235804418 0.0612836937513306 -0.058297653288183
0.0145156735381935 0.00860258876701528 -0.0028111954146645 -0.0612763206202368
0.0076186308116355 0.0130589990114013 -0.101458852229909 -0.0351091871151966
0.0140463168889641 0.0237980363819675 -0.211616665633218 -0.0290939005182936
0.00988140234316297 0.0409706181097926 -0.295806453955969 -0.114636030860274
0.000472293224696285 0.0441190803223416 -0.206484655468072 -0.359491342520317
-0.0353277825283592 0.0392449195480806 0.1093394068657 -0.426873478936295
-0.0442931672654136 0.0116839260666629 0.317837248422915 -0.22100185532986
-0.0442317844406564 -0.0333050971717847 0.165802040686212 0.137038420993277
0.136528151707353 0.115907565159094 -0.0765021576310961 -0.0328006069647671
0.187472979111729 -0.0439059487088975 -0.814972838389409 0.0786900523340245
-0.0028038967304581 -0.174289490740625 -0.495573447930123 0.6781572817458
-0.154492158104045 -0.0464989476357925 0.135556290176578 0.56878821111809
-0.0897363574146066 0.067045383475964 0.28163058034691 0.117923446742017
-0.0102666257304806 0.0824640004172725 0.151915448150375 -0.0485942457706496
0.0193230330264209 0.0518532668089963 0.0811034887739892 -0.0415804181947019
0.0291946971773128 0.0220116917789813 0.0075443956446511 -0.0561871528605555
0.0186823274409631 0.00577031162319972 -0.0955279336340192 -0.0312796158775682
0.0284872748202066 0.00938357556658114 -0.207767352489676 -0.0254496953574127
0.048094527082672 0.0491139137651406 -0.297360260962548 -0.100466440503809
0.0179321514256608 0.107029558067078 -0.23586814086678 -0.3372493043665
-0.0926919661775875 0.0608907184432764 0.0568301521535028 -0.436753555932184
-0.039718125101449 -0.0273462863101728 0.309359178948898 -0.257123603590368
0.0410463687822264 -0.016423044274786 0.175001549335362 0.139161268383027
0.220585931938606 0.181375507963997 -0.105133998674727 -0.0715348025630774
0.279911380368373 -0.0868052649402808 -0.776173555272484 0.113990848063472
-0.000573914673624798 -0.25224502211362 -0.434408173679181 0.620250706563145
-0.205146748763508 -0.0603177169527944 0.0859772884778986 0.495750904002575
-0.113511897784367 0.084745997729841 0.204352096283033 0.143824449988102
-0.0267841747800484 0.105058183652645 0.136609847284376 0.0105754760917574
0.0158948802477868 0.0738511719594995 0.0954628196256218 -0.0114743835546653
0.0382956461632118 0.0295976027411925 0.0154250155235153 -0.0457030737883063
0.0317526556509904 0.00640897957515328 -0.0899522166911878 -0.0296256674251055
0.0469431059578087 0.0174751532794021 -0.196097014230883 -0.035621752343426
0.0736844581352639 0.0795086434398864 -0.276757846565526 -0.0998039349934188
-0.00192451405716649 0.166983371559784 -0.242712656938886 -0.311927676774862
-0.157645348427137 0.0392118685538504 0.0123435977310768 -0.447774244094751
-0.00306455610559745 -0.0899820596911565 0.30316076691632 -0.312762733506928
0.14368987630067 0.0161383278455701 0.186295137401314 0.124744540455868
0.26255086175997 0.185896078289966 -0.138199496595402 -0.100147171284451
0.270504883604163 -0.147631157898901 -0.681189273798173 0.1627727380082
-0.0587981351314337 -0.25834514360421 -0.353504298852115 0.54124886824014
-0.208528736691874 -0.00793854930124783 0.0393838001319707 0.42732256988001
-0.0865146891413833 0.0965707673765263 0.143785988283167 0.17578691297841
-0.0263640490637562 0.0958030819485553 0.127114509135171 0.0617130786158403
0.0115114658876984 0.071400901088361 0.102991546610855 0.0172491710193059
0.0419703924755977 0.0321358444368627 0.0211036061886751 -0.0274561554789199
0.0420318287973274 0.0216955435368035 -0.0796254546607915 -0.0250433491570574
0.0594301887379712 0.0559039142714471 -0.169980584238634 -0.0477099992305491
0.0608391333158327 0.134107756993851 -0.239340255204649 -0.0923058840149028
-0.0798291845507203 0.194162446217163 -0.245376868992934 -0.278455207310238
-0.206891677434186 -0.0562636168042135 -0.0296783794729644 -0.470865298989261
0.0873277757486354 -0.162210063032884 0.311762037645016 -0.380089422384324
0.251733484135142 0.0725120987605847 0.191445541128415 0.0932377773462918
0.254957270941891 0.153474326493999 -0.153811264809989 -0.115270549442135
0.189011816823016 -0.165248727520504 -0.55475850905721 0.174574868952612
-0.113157885111801 -0.18010610123014 -0.306065005071318 0.457832797269601
-0.147378798581244 0.0610555909913156 0.00165091527413956 0.404441650402953
-0.0306934155154628 0.0807072426477188 0.130176978001808 0.209819090718886
-0.0181672042424467 0.058096561114536 0.137276797565371 0.0853094104515134
0.00754788673141443 0.0501780654492565 0.107236697930558 0.0347908886572287
0.0390041359595062 0.0321196345284157 0.0256198040233138 -0.00497795514920928
0.0441812505631234 0.0465630903684751 -0.0633070124269365 -0.0130066720848904
0.0480315105134692 0.107885495952863 -0.136139491496299 -0.0395648935779409
-0.00301569863349387 0.173964997631474 -0.206139954450312 -0.0585882708596585
-0.1869879087727 0.141180644598268 -0.268922892780868 -0.248741708957385
-0.180623187547252 -0.203254216090387 -0.0609768965467482 -0.530813042310575
0.226380313237554 -0.192823017854858 0.356821754252601 -0.456040208387513
0.325797055638376 0.150457610536307 0.191246410746266 0.0485123067300715
0.21413411417887 0.112165016082431 -0.148943474117507 -0.126770761573008
0.106456603264478 -0.127153457298785 -0.447404828064803 0.150590806555936
-0.108551956596333 -0.076730952550016 -0.286178172592085 0.412029130918736
-0.0568916534714711 0.0849518064171502 0.0100778123155958 0.422528863853443
0.0143995971183663 0.034994807993736 0.16946688684136 0.219767344807996
-0.0121426220878266 0.0106544376713494 0.159378258062625 0.0764922697939828
0.00223289540323665 0.0231096233451626 0.109874852359997 0.0412219102251244
0.0290095099568643 0.0295946827155779 0.0276631836900185 0.0156118437522263
0.0330984921344542 0.068948008451567 -0.0455025952601001 0.00956447897617027
0.0105771146148528 0.135894700942853 -0.110462889912271 -0.0056887603075856
-0.0873057514882134 0.15207456830306 -0.212558446399335 -0.0101780845405282
-0.233559730145095 0.0097417642689554 -0.320723955605011 -0.267379877453112
-0.0500912076829511 -0.307050922566737 -0.037402179797805 -0.632737893099367
0.353241870565324 -0.130664520180604 0.466217389413656 -0.513255418399942
0.331054232586934 0.22107804491432 0.193761331768046 -0.00145908217293646
0.158752780289171 0.0822998787133272 -0.136630673623497 -0.140251046614148
0.0652879527676301 -0.06659526162806 -0.380414650342939 0.116563755909699
-0.0574723915568008 -0.0152271110632332 -0.262276888861176 0.405847736034544
0.00452792414553523 0.0531163413179555 0.0660251371180024 0.442686287874868
0.0246824367044643 -0.0138893725713257 0.231580544392667 0.19518340746865
-0.0122947705850939 -0.0223197498659131 0.181466850822261 0.0441161816331036
-0.00418993737969589 0.00553963506104459 0.106690054223572 0.0372910575435514
0.0158793457276665 0.0257744712327957 0.0260090138723453 0.0295178676868777
0.0126391547556591 0.068757629946681 -0.0349969030040653 0.0359901371649002
-0.0297570329617619 0.11262365439363 -0.110188687613894 0.0423050473834784
-0.1254138640903 0.0708291518200967 -0.257534723860121 0.01297163664829
-0.164754223469724 -0.108702055737672 -0.34108027540942 -0.349868015421417
0.107768443193147 -0.267644036942552 0.0835288518502468 -0.728208058796947
0.368927903763989 0.00180147760715724 0.623057002033817 -0.498735043759734
0.249904956322242 0.239859142238581 0.199880307506575 -0.0451916751021572
0.10064439735805 0.0601233206618824 -0.136599647648532 -0.158543065449194
0.0623608083662525 -0.0203955551617758 -0.346334960649535 0.101882115798026
0.000720818078987791 -0.0109798828113794 -0.221116933525914 0.410974245420008
0.0183864081250116 -0.00314165121713372 0.13464112115506 0.441644535169057
0.00751181028162624 -0.0417327304260213 0.28248030651102 0.156156400015291
-0.0145261371590747 -0.0305243563037893 0.193485371343155 0.0126250268300058
-0.01008323969762 -0.000889764501764753 0.105000897478132 0.0301444379888025
0.000266154181363277 0.0166932916622819 0.023786068874309 0.0367161800773741
-0.0078691492777894 0.0431971162993341 -0.0363421487486042 0.0584803606292822
-0.0431929847599627 0.0465148861660182 -0.130410743954062 0.0717355665288853
-0.0850749198258471 -0.0143124608979252 -0.297219557343564 -0.0088067454632271
-0.0313904629241922 -0.124468216854094 -0.294717052204934 -0.445877730058473
0.169166027969251 -0.110420833611405 0.246161017048457 -0.74922063404006
0.241341883233946 0.104693329861088 0.759616101616897 -0.418734732192615
0.106101782129611 0.171472877740874 0.216417050391479 -0.071961324628394
0.0240425515139805 -0.00328273270265409 -0.0719021412336958 -0.0149737988582599
0.0241737842205598 -0.0414903159562884 -0.795195355350028 0.139469995235801
-0.0641620729113668 -0.0553360386225785 -0.426063832846224 0.747323846586066
-0.075071066453605 0.0244879753198972 0.233340241320207 0.568661428088802
-0.0196779299920985 0.0475623269091985 0.330487687975598 0.0563760600049965
0.0194228911700787 0.0302808391821131 0.140008880398558 -0.101163508073278
0.0173723088485807 0.00978407762312915 0.0555807214726393 -0.0608615197307256
0.0139342412361518 0.00794429993364099 -0.00689700356796173 -0.0574868443819513
0.00707272674122528 0.0129166919897928 -0.101196324694411 -0.0239016268964414
0.0140192619940278 0.0225564143952788 -0.210039477652112 -0.0121011386359946
0.0123166544282522 0.0391193620822255 -0.298411192520693 -0.0934051122619136
0.00383896772638243 0.0420462365769278 -0.221335251656837 -0.342289137114334
-0.0295878911573047 0.041324616914747 0.0850735469435221 -0.428445086112404
-0.0416634078681134 0.0151934441923984 0.303017362467851 -0.234977435173868
-0.0457630610511304 -0.0302539930346248 0.176792749650131 0.12202753518487
0.138984029005573 0.103039125262266 -0.0758545766127256 -0.0361615444696517
0.179504293958591 -0.0550776269726994 -0.793251002959615 0.115300924532157
-0.0138573996360398 -0.168608562184077 -0.448550594351483 0.682948653141667
-0.152031615627648 -0.035059746247167 0.15830953832128 0.543915114484963
-0.0818523926062259 0.0701909920001475 0.277807489914771 0.0995795001397101
-0.00374689002178482 0.0799235119775874 0.142380493519449 -0.0548144486253988
0.0224304750619798 0.0482261822321011 0.0755994243384678 -0.0449962906982647
0.0288174966623808 0.0181868452720161 0.00233728865566443 -0.0545230519673104
0.0181471346904553 0.00417795917814393 -0.096639477456364 -0.0217784524090471
0.0271976023600491 0.00800326368118629 -0.207474897199778 -0.0102865522596915
0.050128345722786 0.0442370319827604 -0.300006284075666 -0.079707376745058
0.0250873033461002 0.102833104747814 -0.24940885284018 -0.318102640409536
-0.0859536034900903 0.0663879444830557 0.0331814132738243 -0.433255843828848
-0.0411258074281106 -0.025301725061861 0.291129789203984 -0.27116200680875
0.0379847543846122 -0.0208095453967464 0.18604506751709 0.123775272260633
0.226266664962425 0.159651800550068 -0.1072575020043 -0.0709530460882279
0.265945938546018 -0.104855095426399 -0.753821998452841 0.146996297804071
-0.0177860866070996 -0.245444038306527 -0.392687702383728 0.624752204326988
-0.202670312625617 -0.0432255683644779 0.107303622356563 0.47776170117841
-0.104354153205644 0.0902386637971632 0.204915360963653 0.130292348144695
-0.0182572295472141 0.10305255524159 0.132264241918762 0.00276530188221868
0.0211136270916516 0.0696090855454306 0.0915657817218913 -0.0172876294875357
0.0387374622600247 0.0245866098726592 0.010728158357017 -0.0441624465938031
0.0306079990515858 0.00405504932293444 -0.0913005991180547 -0.0207337665695929
0.0461746875216576 0.0133792153494954 -0.196402152732779 -0.0208602091696399
0.0772973675918048 0.0720957551322026 -0.278888724672354 -0.0803559791884279
0.0106076711251146 0.163070077780459 -0.25384710159279 -0.294195722987989
-0.151949463572241 0.0502779278536149 -0.0104925192446123 -0.441759826230099
-0.0111086843822011 -0.0902264185034558 0.282972600596405 -0.322686997654352
0.14040667781729 0.0020346070784843 0.19583288114868 0.109607814889114
0.267170675553747 0.160473574235975 -0.141074181001265 -0.0966884174280587
0.251575594204842 -0.164861380177496 -0.658117459891974 0.188209318874818
-0.0766202210507264 -0.246775961959034 -0.318179285501679 0.543077797365728
-0.202697828609373 0.00784869514192844 0.0557742893364589 0.417166207901451
-0.0778295035893008 0.0998371688582038 0.149193039630019 0.166697355401627
-0.0172257024464623 0.094777874920946 0.127779928056248 0.0523474697478618
0.0180352137450525 0.0673360880710959 0.101567634237484 0.00957068049493273
0.0424542653569134 0.0251752357372252 0.0176790379130762 -0.0271447341192461
0.0427231216806364 0.0165706612328419 -0.0805655696780883 -0.0171318424199745
0.0624548431051217 0.0504013123257377 -0.173298269354799 -0.0328645128597188
0.0696700632301524 0.126181969969011 -0.241859208058549 -0.0771733476034339
-0.0635502144254922 0.195218731843464 -0.252711339087014 -0.261844090999896
-0.207373459311863 -0.0386761528169491 -0.0533662955595939 -0.460641911909665
0.0715535860626233 -0.168233322132353 0.287846594487101 -0.3882294604116
0.248309930442366 0.0492870861464805 0.199031250170758 0.0799307224037421
0.2584801039016 0.128434721717527 -0.15789935724052 -0.108691272202809
0.171616818385508 -0.176655819226444 -0.535716147025446 0.194192830896431
-0.124482371939167 -0.167244065315565 -0.278916404053767 0.462950017808563
-0.138168587850782 0.0697140471176946 0.0183938715689429 0.398599761018941
-0.0232034285722901 0.0807071988931535 0.139816968006912 0.201826275457985
-0.0120477022163356 0.0581799847199851 0.138992853314719 0.0751916795854057
0.0115022566845899 0.0467410941558963 0.107108486220502 0.026031764491844
0.0400774953100709 0.0254610533856709 0.0236679158626086 -0.00593354970211982
0.0477746799207171 0.04150447048811 -0.0632011907558125 -0.00711302330704776
0.0573512476083409 0.101976839498816 -0.138360142590744 -0.0292601121555123
0.00993543685631803 0.169635271564205 -0.206640979840459 -0.0465374854077361
-0.170715920348592 0.150610663748675 -0.273935447133806 -0.229649732280933
-0.191431541614756 -0.18381170352477 -0.0865989039649757 -0.514764354359435
0.204441300500676 -0.207413754498627 0.325464039022047 -0.461937002001492
0.325912581154504 0.119788412604786 0.195856979836354 0.0377344755804726
0.216727746558359 0.0922410712229025 -0.155693332317907 -0.118965675948865
0.0935250747588698 -0.134887441929262 -0.435877883002328 0.167482351935085
-0.114146400911829 -0.0675379257026581 -0.26235913740603 0.420286778906518
-0.0497305670928044 0.0873476531758303 0.0308488664840141 0.417434449753275
0.0171561563082369 0.0331999171059456 0.180936858546609 0.207061577368718
-0.0102644845863947 0.0130751831689343 0.160306357912743 0.0644671446544402
0.00534940043960896 0.0216012796079222 0.10887239614737 0.032049831731678
0.0309154539769489 0.0247300014592774 0.0271303956819766 0.0136437067810987
0.0396227127551016 0.0636192714327818 -0.0449025583350953 0.0112541611057534
0.0231476795413942 0.132889835097451 -0.110238780588299 0.00194141622301165
-0.0728052745520755 0.155004785455023 -0.20826928976052 0.00103406202758729
-0.225186584758262 0.0275207519315546 -0.321147710565115 -0.242063559640504
-0.0712187207274418 -0.293143974219185 -0.0696113669516896 -0.613433909522211
0.332550865938242 -0.154335574542723 0.428923573695124 -0.520706140431353
0.334956997687544 0.189510325816514 0.193639536410499 -0.00929775179437491
0.160900955194359 0.0659833222356497 -0.145726621694616 -0.132747611052165
0.0576771120660575 -0.0721408544527851 -0.373615279499719 0.132251309865887
-0.0592856126219012 -0.0120420480276591 -0.239130915447368 0.414557092082478
0.00865830670071418 0.0529549089776256 0.0885745989775464 0.43401037687015
0.0239409459584371 -0.0148752619849223 0.240279832092264 0.181034210882357
-0.0122534592934146 -0.0195959868281051 0.180666800907202 0.0324661358879574
-0.00113913673037184 0.00523162538121808 0.106945183495736 0.0285367759627429
0.0182501621334648 0.0215708793203345 0.0274085617809492 0.0274284799268666
0.0203669888649818 0.0654656994327582 -0.0318853745558629 0.0369232655500825
-0.017922026272665 0.112423966799932 -0.106172446578136 0.0464331958939876
-0.115257871023674 0.0793242414465215 -0.248222000476396 0.0253061832027937
-0.166440164023774 -0.09192279575762 -0.348310183654885 -0.319176492951417
0.0843711175497263 -0.264984205142321 0.0424331607761031 -0.711960063901236
0.356757359564637 -0.0255884893546119 0.578829816784696 -0.515992392711411
0.257425227690701 0.213477257838681 0.197036017288523 -0.0503458116690056
0.102347374752144 0.0499996178027642 -0.147091726752876 -0.148232162959663
0.0587689242101095 -0.0258495288511224 -0.342755621151488 0.117631254636325
-0.00172302352571156 -0.010915416532161 -0.1992102606231 0.42108664993987
0.0185175803315248 -0.00359749311619207 0.15614158658319 0.429155751186119
0.004265061421375 -0.0405633318683446 0.287985264831516 0.138231083595975
-0.0150949281403022 -0.028912536530803 0.190977249151432 -0.000236393919831525
-0.00740756538369393 4.59068568455403E-05 0.105705522935371 0.0213345737696922
0.00321140349394056 0.0146472712319164 0.0252789585146002 0.0324860747421354
-0.00157229711871418 0.041881910702713 -0.03045891308128 0.0576305350966706
-0.0361541465385932 0.049058203146497 -0.122269434078979 0.0767746393102375
-0.0830445402845826 -0.00649897336276658 -0.287040322103543 0.00733806509737764
-0.0384834337666581 -0.11710511953685 -0.30749052915798 -0.415258322768842
0.155370648999776 -0.115738619952606 0.20092746437578 -0.740949696860783
0.240449842351779 0.0845319482414361 0.718566663014939 -0.447362495519688
0.112684993382967 0.157757723377052 0.20988706329695 -0.0759589967065007
0.0215841240960731 -0.00685990271164809 -0.0737498372226227 -0.0132761556305863
0.0150153219691246 -0.0389288636213132 -0.742407884745509 0.232515879203105
-0.064188395663116 -0.0395354379675808 -0.312592645877453 0.767515913653211
-0.0653379862465413 0.0322706883729259 0.303145527688029 0.509287923298234
-0.0122694281393579 0.0478202651495584 0.320383804514646 0.00823248303902328
0.0209868016444598 0.0249122206768262 0.119148089276458 -0.112641831435518
0.0163627385079619 0.00535144317106796 0.0468267370961185 -0.0647771147152976
0.0129498540380872 0.0052785535750982 -0.0138775673026723 -0.0522557319945865
0.00832278811959794 0.0121771163137843 -0.0988001803430201 -0.00674685795074963
0.0173212429187766 0.0204767059148989 -0.201605867370616 0.0187488127613009
0.0182180746219936 0.0367642553124878 -0.29656550506907 -0.0510473076705684
0.00878049414030053 0.0411883144732938 -0.255255292845432 -0.303393331557603
-0.0247408784115997 0.0443030514029913 0.0310016421666168 -0.421157648075597
-0.0407028798581807 0.0173385669010936 0.260449003990109 -0.263323457688459
-0.0467504468726382 -0.0241432713858484 0.18995397307528 0.0909126540014176
0.148507243641071 0.0783414615013848 -0.0914802102269826 -0.0387296904138494
0.159445913510494 -0.0725084985388126 -0.748246393159544 0.209004831806218
-0.0320410317375932 -0.152691302795163 -0.343836142489329 0.716111074725477
-0.145808828650874 -0.0134810968901964 0.229134796133727 0.500012896062285
-0.0687797159237097 0.0771775247422723 0.278380450948024 0.0572324731387072
0.00609900930064554 0.0744226322039688 0.129653599808988 -0.0707528765391282
0.026497551423078 0.0414303272541472 0.0680945940004752 -0.0529718017331587
0.0283759082256613 0.0117625159602162 -0.00563200426910848 -0.0502338291950194
0.0172254439145091 0.0018622970023534 -0.0937926300405267 -0.00486098635180255
0.0265867493484465 0.00497501287527313 -0.198895724169086 0.0209974075608819
0.0540091949159117 0.036146598888739 -0.296096152097366 -0.0387714094765083
0.0353881547028786 0.0953717797450539 -0.276268054812182 -0.276554747792469
-0.0744431778885521 0.077219305605404 -0.0193109263643808 -0.419184963340248
-0.0472472731369102 -0.0210815343885039 0.24324247292568 -0.297979113868102
0.0316220989658712 -0.0293193373887415 0.201411895662938 0.0920173995190444
0.241608848872513 0.120667722750624 -0.134392411601406 -0.0709845352232799
0.23435561659332 -0.131172920269704 -0.709161722716688 0.235619965736555
-0.0478701046288308 -0.224891040922251 -0.298687626643262 0.654615641484677
-0.194803879382615 -0.0150286736048978 0.170944177309012 0.445713135670322
-0.0874383395810739 0.0983835745512392 0.216356784383112 0.0982396068086302
-0.00352841298966319 0.0982081240509499 0.12875055627939 -0.0153819426987142
0.029351104339508 0.0609864996534305 0.0878693247125256 -0.0301065314811678
0.0383757404794987 0.0158556085554399 0.00413874439414034 -0.0422385622581552
0.028479454935554 -0.00064443935217461 -0.0890431511626404 -0.00575954372019428
0.0459638854388955 0.00799822452625035 -0.191046219086327 0.00931528806053832
0.0839967496897934 0.0585689377383198 -0.27636351731053 -0.0435919938546203
0.0309257801841143 0.154531924524352 -0.276286326647723 -0.252038699723417
-0.138271789052264 0.0728951429485262 -0.064711686888174 -0.418594377538128
-0.0295537595604252 -0.085381786895852 0.227606484145131 -0.349536584137576
0.128874235588292 -0.0245240690469478 0.211312808307871 0.0776182050293044
0.281266303798678 0.112820979242204 -0.174564696556238 -0.0894240059432049
0.214714223727981 -0.186407590400336 -0.614289105684783 0.264173509605952
-0.104132641166398 -0.219419472457686 -0.238049544292163 0.569360450412632
-0.188642146125815 0.0339375604983416 0.114503506268566 0.394299176610898
-0.0605124697220743 0.105828436402282 0.169062954770352 0.13988051509362
-0.00358954941745863 0.0904477828143955 0.131440298709594 0.0323503830926539
0.0265474644520193 0.0591614975893232 0.10086706077388 -0.00502648756996497
0.0424979078346103 0.0164095046598368 0.0123872153196636 -0.0274097432452316
0.0424268707896718 0.00953013818861685 -0.0781378304868852 -0.00470037799449346
0.0663856836812425 0.0403888547682771 -0.169551853297436 -0.00654561672499916
0.0841556977400532 0.11022842632515 -0.238227420078728 -0.0447884652479917
-0.0342598816949354 0.194402534597971 -0.269380497309493 -0.218579180282892
-0.204345647072024 -0.000997299925201933 -0.111879377318477 -0.431582822731884
0.0343803324417489 -0.168580386196531 0.222570491240127 -0.416174069564664
0.235541196782969 0.00298833053283194 0.213581342682888 0.050372096398406
0.268375085249245 0.0823381028169195 -0.191902999917835 -0.0951395590961887
0.136908098167338 -0.189536018846859 -0.494203390457927 0.254765605472066
-0.141388699419001 -0.139049811458746 -0.209063952881837 0.486831505772094
-0.121453672959454 0.0856904086346187 0.0769279231291424 0.381152981947267
-0.0118732529922497 0.0804955202083417 0.164493115048549 0.17506728397016
-0.0027704457017701 0.0564891475386332 0.144301534738989 0.05343194742448
0.0191095060163392 0.0407580188142203 0.108041927479229 0.0104310171694399
0.0404226887672394 0.0155686351730387 0.0207370443544072 -0.00881216857564195
0.0502947441639267 0.0312610536875319 -0.0604606129984019 0.00207880540375873
0.0698375048036954 0.0878025283708701 -0.135486870107351 -0.00741289866296188
0.0356771500902395 0.159060189987302 -0.200054228947087 -0.0194964962648804
-0.138203861161753 0.167929663274095 -0.28640791960421 -0.18359835312436
-0.210452454790656 -0.139511919719006 -0.153804897334795 -0.47891379620842
0.150498814131886 -0.224029282854489 0.253604020126092 -0.492512391305145
0.316021908867311 0.0574927893773957 0.207355924601157 0.0153982747566411
0.222796638919551 0.0541514674702447 -0.187262343442569 -0.101756043325452
0.068018038044078 -0.141006177441106 -0.401821027871153 0.214642105281032
-0.118497511012995 -0.045630039595598 -0.197533490866153 0.442882076573716
-0.034623436491371 0.0905238769183579 0.0904896072344643 0.397369584421314
0.020298940577068 0.0315099834441939 0.202401812463594 0.175445623581206
-0.00582449988994154 0.01363485154641 0.162970989517461 0.0399596325037425
0.00977519755065235 0.0173573816712165 0.110092883745939 0.0146238323911413
0.0328476816079108 0.0161818315386654 0.0281322313990611 0.00920665065607807
0.0474465357607342 0.0523504686834459 -0.0400718409223681 0.0166915937242039
0.0436788243673374 0.119907920857691 -0.104226452205758 0.0190788363280726
-0.0442979802687644 0.156584165716387 -0.195306378693798 0.0271785148186037
-0.205587084920835 0.0595190257762472 -0.335854488702283 -0.18637113771977
-0.116261457054214 -0.257754578555293 -0.149026538474885 -0.579918358946745
0.273802636248063 -0.192405898667974 0.349680217147141 -0.562251550387752
0.335121364217069 0.120534621075959 0.199150930742811 -0.0250126551234387
0.163483140949172 0.0375744148760629 -0.175793017927008 -0.112111293164455
0.0434838649428816 -0.0777416105819004 -0.348574526620182 0.175983531513102
-0.0583892863347048 -0.00101222739615725 -0.177625349888896 0.43404390818266
0.0157430255578892 0.0507720902591583 0.145731471618498 0.404412025625619
0.021536789854193 -0.0142932262098372 0.254411574315625 0.14035651869884
-0.0134924192275592 -0.016925663697762 0.176225870293121 0.00772015088857881
0.00181159373305239 0.0024635504855305 0.107787760021854 0.0116653793124316
0.0207058240471842 0.0160220198662204 0.0295225212900326 0.0206040616364307
0.0303784713275275 0.0568854392123299 -0.0246925658335553 0.0383986831298963
0.00237248136487598 0.107657513891668 -0.09329420456624 0.0593273611792402
-0.0935816442379877 0.0912100277116765 -0.230204329222732 0.0564778209911741
-0.166946957122569 -0.0572048877795793 -0.371113056761687 -0.259018490447424
0.0328833333543795 -0.254253350555739 -0.052513639682602 -0.690008850874
0.31367805711952 -0.0772474691212083 0.496560719946803 -0.573908328492598
0.265606822427211 0.155129955856054 0.194950218192871 -0.0632064755119574
0.105464695774083 0.0320802715907536 -0.172904100672028 -0.125558660530249
0.0498569031156967 -0.0318468637385134 -0.32153647916473 0.158253999903608
-0.00275635057995995 -0.00752705679029636 -0.140937837621521 0.434565365383506
0.0176585932320983 -0.00380553434379214 0.212207675471457 0.391311691169
-0.000686515330283558 -0.0362716768587534 0.295227378001175 0.0950595533391884
-0.0174543787049652 -0.0243551190757279 0.182751623268554 -0.0247783532582538
-0.00471473653503689 2.51349420378013E-05 0.105201152272687 0.00367374971877749
0.00659544657083751 0.0118162208447818 0.0291109285182838 0.0261257879131424
0.00716724265109425 0.0394216048770135 -0.0210369418666019 0.0571427407848335
-0.0240557110678341 0.0512270946105816 -0.104969974927454 0.0888803079538098
-0.0757442784470936 0.00754443195382206 -0.268606969683104 0.0437641349005124
-0.0510081263804819 -0.097225457747963 -0.345212983967692 -0.358479982958735
0.11964541662872 -0.127199231880482 0.103225132299394 -0.735053936823043
0.221712160722909 0.0387096908716168 0.635622840824802 -0.515592184726401
0.124706049264796 0.124027303391302 0.198222068297618 -0.0898534344056179
0.0197056681361974 -0.00717151126704208 -0.0722152075677387 -0.0207490162802684
0.0145766305619599 -0.03679145287788 -0.717081193432994 0.217683909023494
-0.0600868747247937 -0.0364710290987765 -0.302620615333561 0.733254831415383
-0.0616826168662128 0.0302195221718195 0.285700352538137 0.488258093596196
-0.011706067544342 0.0444433779033397 0.304763619884884 0.00957588807575593
0.0192265479540593 0.0223971669625031 0.111349142873908 -0.105740816212758
0.0145464100205304 0.00509065061746425 0.0448298952689539 -0.0618145207358554
0.0120481282530853 0.00449001282783539 -0.0136257553594401 -0.0486675326116059
0.00768975865617608 0.0124684999051076 -0.0935700978701599 -0.00253173927468778
0.0146518381539674 0.019534165745636 -0.194585771025601 0.0229368539701841
0.0165022410421456 0.0336915944663375 -0.28719670068292 -0.0474465579783693
0.0077862323971052 0.0387574821643038 -0.246694905457183 -0.294035354185576
-0.0224428068393444 0.0433519594067005 0.0320646191891535 -0.409035677293997
-0.0387953237381732 0.0176595967239211 0.256551189433378 -0.25490040479973
-0.0447992644822302 -0.0225074470666202 0.187984748796119 0.0856976440064138
0.141570775651735 0.0731886820108948 -0.0896172635532081 -0.0455419240589017
0.151335220718421 -0.0701980736617569 -0.725308205016799 0.194186438514744
-0.0315870390110037 -0.145359134621435 -0.334041346866894 0.68406307926799
-0.138799164917415 -0.0117825760030192 0.215081505152776 0.47979527765049
-0.0652832332212517 0.0736699371241383 0.265300611512866 0.0574123639824596
0.0060603795331604 0.0703169118629449 0.122029326771956 -0.0670312597794075
0.0254343398399487 0.0388974214127798 0.0647461336201301 -0.0514261683780198
0.0256949182022165 0.00995263303597152 -0.00571502024180048 -0.0467307698976933
0.0153935838262947 0.00233814304932529 -0.0900330686686048 -0.00174032750062371
0.0244264454978946 0.00599644114036125 -0.192488454705886 0.0240223918156914
0.0517186706725313 0.0341295795712804 -0.286070543311256 -0.0351156708684957
0.035541619490612 0.0901967621577173 -0.266624554551801 -0.268377040810815
-0.0704144755194325 0.0763536447493477 -0.0159181680887044 -0.406324072455262
-0.0465579189986658 -0.0205272203842215 0.239252875453816 -0.289817052148283
0.0292746098780119 -0.0295159746328275 0.198691780524436 0.0855514286288686
0.230398061342025 0.111772954650037 -0.129961840404741 -0.0749577202031897
0.22203712909022 -0.127470673886681 -0.685661454447237 0.220395765706157
-0.0477804207371842 -0.214461165177208 -0.291411941638922 0.626910262295542
-0.186132661419825 -0.0118561128509805 0.160040518908429 0.428754254504732
-0.082760917244592 0.0946506462525242 0.206085324534434 0.0967707615322826
-0.0022263860676223 0.0934438576548703 0.122029442248137 -0.0141721425122216
0.028471653396572 0.0578035020910204 0.0837053519258781 -0.0299484184635485
0.0353709629651505 0.0123265255555816 0.00301613217838284 -0.0393307239007199
0.0267101896947649 -0.00153213186481778 -0.0853066825743726 -0.00281744840487813
0.0430744854269877 0.00787402292208204 -0.185047292782095 0.0123912965854542
0.0803650802987193 0.0550351262905256 -0.268484291325859 -0.0408647848449294
0.0314929056488672 0.146926493171991 -0.264685472101923 -0.24523119016173
-0.133131975533709 0.072767274955283 -0.0603613516369533 -0.405015650486859
-0.0311653269838771 -0.0836781751168888 0.223006998672038 -0.336375477311115
0.121662275505093 -0.0270095945589234 0.208228406223059 0.0726981299513975
0.268816017636197 0.103961849597674 -0.169325684804097 -0.0912458978817897
0.200891935744826 -0.181927713052196 -0.593485503536279 0.249667494213111
-0.103430333595514 -0.20940222341767 -0.233437823311819 0.545884183593916
-0.179150004829295 0.0352199361935838 0.105435751887605 0.381099216617591
-0.0571500994526952 0.100916751900138 0.161878048517402 0.136828808944361
-0.00220530758376601 0.0870363817988577 0.126014421125289 0.0307347618504886
0.0262658353015657 0.0554703482551932 0.0967797194913937 -0.00751895144105644
0.0390935764664033 0.0130910772925846 0.0113990244729026 -0.0253784956598847
0.0402965591867721 0.00751494644521866 -0.0756105025969133 -0.00181628529674051
0.0649739574234798 0.0380136958184819 -0.165521702869909 -0.00333730149714509
0.0829197275574532 0.104581738374244 -0.231972217116784 -0.0438265266449104
-0.0294108331447455 0.186284210821316 -0.257916123126833 -0.214083439092794
-0.196947938915346 0.00217752319757733 -0.104471546308547 -0.416275551024594
0.0286180640859324 -0.164415777435047 0.219180242357112 -0.397287403951532
0.223496814934226 -0.00183975019503379 0.210403737901925 0.0486237848109993
0.256597520573802 0.0737736329594731 -0.186316279083932 -0.0954780639348783
0.126483776332357 -0.186260006352483 -0.481634289663668 0.241172009512504
-0.139017783581884 -0.131766670033694 -0.205263506075959 0.46783150552541
-0.114557529475661 0.0835104333449381 0.0697587770712774 0.372400345295209
-0.0106550469773496 0.0777752077685546 0.158898630682979 0.170949449513028
-0.000904107845067789 0.054103064123853 0.139263512143465 0.0501557293522896
0.0191159870925666 0.0365776860716675 0.103337227726858 0.00733121102770268
0.0369776380249867 0.0122201799108875 0.0202819428717766 -0.00816116949757867
0.0500413445824268 0.0272982721391057 -0.0591980427788598 0.00318462172486103
0.0688139081310499 0.0828208482233622 -0.132732814395678 -0.00468292699781622
0.0365166860366463 0.152091202987268 -0.193822988503028 -0.0199003358416942
-0.130153254835788 0.163235788582143 -0.272756591121066 -0.179433086268208
-0.205532855902746 -0.128936180851142 -0.144887491121603 -0.459031366491099
0.139827101223822 -0.218141883651297 0.248824337023549 -0.47222710067353
0.301455443544452 0.0487617020787049 0.204158944006248 0.0152126091159885
0.212327795396702 0.0463258146572533 -0.18387590474875 -0.10089003830846
0.0615589862083245 -0.139109135431468 -0.392728030579262 0.204411422247907
-0.115893779955404 -0.0428360624829703 -0.196588711289206 0.428371225317498
-0.0315840010612276 0.088084827108499 0.083087360873428 0.387577339403027
0.0199669900114043 0.0302296986453032 0.198485109755273 0.170848317549136
-0.00515038310787982 0.0133900229791642 0.157877623795892 0.0376145574691008
0.010129521657697 0.0153979154601873 0.105852843599176 0.0125634978030563
0.0315369314791225 0.0130440976880029 0.0263918189728076 0.00787260394837885
0.0477268652712314 0.0486737160109232 -0.0390384959012589 0.0159471910690026
0.0443035360535444 0.113007247435573 -0.101395295762762 0.018585712724148
-0.0389103089679747 0.150828865525073 -0.186912736375514 0.0250266759820153
-0.195539047961403 0.0607772738576577 -0.317604146738331 -0.181845534976765
-0.115057191220776 -0.243616564586673 -0.138937791147539 -0.555041940981043
0.258203926107441 -0.188558988161473 0.338178188805986 -0.536133126354971
0.319707772052031 0.111347740043996 0.196441224142113 -0.0222799145305399
0.156518977276042 0.0322760141664548 -0.172220773045233 -0.11026950462389
0.0389495443313089 -0.0769192471532738 -0.342054947537379 0.168315177178912
-0.0581783815780276 0.000630910435167342 -0.174637715056514 0.421549844369035
0.0159354905768334 0.0498407447992555 0.139475305326907 0.393849928120589
0.0204527609569895 -0.0136005556527935 0.247858634811078 0.138123607437044
-0.0122065842869173 -0.0159379680682305 0.170446645747979 0.00694166266109581
0.00341938027811269 0.00215500654643991 0.103566027418667 0.0084903875831461
0.0203419501620528 0.0127470920091429 0.0288070658364846 0.0189641639667896
0.0318449443148028 0.0528876799859303 -0.0246188088194577 0.035869330878053
0.00520002463718054 0.101792949850624 -0.0909122036685308 0.0572019392124968
-0.0873541311452338 0.0900934257380748 -0.218942437595702 0.0537443420973335
-0.159836795714022 -0.0517648077202008 -0.351775843291925 -0.247891395630891
0.0279330515607458 -0.242162838737382 -0.0459632294131637 -0.659727382019555
0.297267794550723 -0.0775546144670169 0.480772248129676 -0.544695119190689
0.253956411785303 0.144132658391736 0.191068139294101 -0.0566024476112092
0.0995095389845245 0.0279010166972116 -0.17075343120779 -0.121000083974439
0.0466363273042204 -0.0325673864304546 -0.317443452815628 0.15270641461192
-0.00409934676438009 -0.00631874969449687 -0.139542299650723 0.424558199528471
0.016690033631571 -0.00251612227671987 0.20605704430329 0.382487454358464
-0.000306643890981971 -0.034091074443942 0.286522000305548 0.0923600956466665
-0.016058362304007 -0.0232699720905934 0.176009789720437 -0.0250901806478931
-0.00262315912774601 -0.00092375042295872 0.10248785087609 0.000755949880293176
0.007232078864319 0.00986217511460404 0.0277948582617098 0.0236412710137613
0.00988405656272911 0.0360870452479808 -0.0203294013183353 0.0538432248321259
-0.0205005477785343 0.0486269556786098 -0.0993593852246368 0.0852538380609385
-0.0720164953553482 0.00938921391501369 -0.254887736047138 0.0410469016704264
-0.0499054985458213 -0.0918427934695863 -0.325372026842151 -0.343107263357343
0.112181706087477 -0.120792218593521 0.103259097538229 -0.700670348704628
0.210478880948585 0.0346653525690363 0.611852801415511 -0.49083716241335
0.119365682589061 0.116736382369743 0.194926282044408 -0.0795726672984995
0.0188930643278722 -0.00707970793419188 -0.0720631187981789 -0.0309483865010344
0.0143148106904929 -0.0352518003090364 -0.717747121407977 0.194513989836929
-0.0569996017132716 -0.0373754868380306 -0.317643661965601 0.715411877866211
-0.0601164420037482 0.0289608429489674 0.2685612545498 0.489124066434493
-0.012942529308913 0.0427247708935245 0.2977544874809 0.0183175113990683
0.0169715225134788 0.0217061144225616 0.110366120520556 -0.0998875531563839
0.0135584496073547 0.00623258001532651 0.0458700564060558 -0.0592944031003207
0.010652249077617 0.00369698453865999 -0.0114988987065334 -0.0471003965087641
0.00691646197649648 0.0122761383327713 -0.0915962095133335 -0.00175099760832872
0.0134353984714915 0.020517353517187 -0.193485722820997 0.0213104221800541
0.0156113336451448 0.0323760645936746 -0.284180067670798 -0.0509314652603106
0.00632463204140559 0.0363662589918341 -0.236233725478476 -0.29985757854066
-0.0213898588758751 0.0426671445546458 0.0445427373563476 -0.408220680724599
-0.0386257727460424 0.0184344141762309 0.264380030194341 -0.248271661188006
-0.0459055869250579 -0.0231535733446899 0.189825874507029 0.0871429841048196
0.136745305153369 0.0734282539831647 -0.0886627256134511 -0.0550120222614476
0.149230526560281 -0.0666590260551944 -0.723484181457482 0.170582418412442
-0.0281251885137529 -0.143180195881366 -0.348764338812788 0.665402058049122
-0.13533854920623 -0.0132005130687388 0.196871020740841 0.478668007393481
-0.0654894265886753 0.0710144158475366 0.257120608120003 0.0647547878040988
0.00475338948071958 0.0679443748831332 0.120459690661637 -0.0626478531552953
0.0243151414676983 0.0376712673905345 0.0643606700547246 -0.0505183964839708
0.0239643558345491 0.00879138760039068 -0.00445278372538356 -0.045515214492209
0.0141054430622857 0.00277459474892589 -0.0876202050505106 -0.00102257040056216
0.0228457910892529 0.00677272831421036 -0.190728979972778 0.0231880483350158
0.0495991276122758 0.0334971696834169 -0.284092513906977 -0.0394539470182914
0.0342573866249146 0.0887878012764495 -0.25752529905711 -0.274424129297044
-0.0708105073405066 0.074784966736199 -0.00537164766811752 -0.40678688570952
-0.0468771420082699 -0.0219590483853818 0.24780166692265 -0.282958112905081
0.0278999102392746 -0.0304473734490518 0.200026073173779 0.0868102819650787
0.223705060282482 0.111835983536435 -0.128202183851215 -0.0845227662069194
0.218364949031624 -0.122929363004991 -0.686461565452674 0.197251859319943
-0.0440268101929711 -0.211380748845726 -0.305825504548359 0.610160010471904
-0.182004557013805 -0.0136089213746712 0.143189395069814 0.428726949842816
-0.0834600111474013 0.0920715804117181 0.19966241845942 0.102109489766241
-0.00309005634649643 0.0915460998548826 0.12001851785316 -0.0111378662971011
0.027873235239668 0.0563702953433466 0.0827223520270819 -0.028552217786753
0.0326138337520725 0.0115341015474925 0.00302438607867077 -0.0379772577927052
0.0254607208033729 -0.00139408772625612 -0.0841068077665767 -0.00277712111225589
0.0422029872296692 0.00950101220186014 -0.183605487580606 0.0112638919028524
0.0782388548198205 0.0549916794858868 -0.266000094476758 -0.0453085909029763
0.0299589621608877 0.1451853507108 -0.257288946342938 -0.252916575323082
-0.133009173384518 0.0718015527293108 -0.0470249941901713 -0.404851832483449
-0.0321567804860637 -0.0849093071209455 0.232776918601664 -0.32927423625603
0.119202494399715 -0.0268007039049302 0.209275661163885 0.074719886189034
0.262207031579218 0.104488818628009 -0.167479639630803 -0.100677556535685
0.199223923764743 -0.178576527075932 -0.597252481214362 0.227720448984621
-0.100369281107433 -0.207982176231384 -0.247991546814583 0.533161003268833
-0.177329697072044 0.0334523938158147 0.0908244454278169 0.382159087841037
-0.0571527220302467 0.0984705754563564 0.156784388900144 0.142357672918859
-0.00217173097613508 0.0852368472127712 0.123068051491617 0.0328676286574601
0.0258710126228826 0.0534310111006987 0.09551209969279 -0.00710250358801067
0.0362695706354015 0.0112734143687353 0.0113539367244844 -0.0244765569252169
0.0394079288570996 0.00660227580888868 -0.0753527997800807 -0.00204820301869467
0.063667196878199 0.038704319455062 -0.164581227476791 -0.00445297775400188
0.0794050134273069 0.104526034472674 -0.230496742558746 -0.0478082996091729
-0.0305987702284439 0.184204935322984 -0.250290747002068 -0.220910685190276
-0.19526082173674 0.00153406691423056 -0.0904851121869516 -0.415644484399858
0.0279272354354941 -0.163835769021988 0.230328292818359 -0.389663183428624
0.217288764394039 -0.00110970932532654 0.213046178771139 0.0516890315352317
0.250108654748404 0.0742817305335159 -0.18457721167693 -0.103074795808184
0.124399560109135 -0.183706276485781 -0.486516429874472 0.221534223175795
-0.137683499750255 -0.131406551853745 -0.217936207775925 0.459941763355428
-0.112873115478505 0.0817438070726405 0.0568581345140333 0.374810582761873
-0.0108907242266164 0.0762366889290796 0.15592820609999 0.175405744701955
-0.000299320145594573 0.0536867512287374 0.136771285524028 0.0524486384173793
0.0190731649517241 0.0354293227906902 0.102510278040309 0.00759627334751758
0.0349222118515818 0.010789442410382 0.020281234313402 -0.00755811045022504
0.048768719461448 0.0270569339631003 -0.0580572429299722 0.00295117014860977
0.0685134588511018 0.0826393425897902 -0.133422400495422 -0.00512155794357345
0.03462661393388 0.150182376946835 -0.193152744885639 -0.0238944795004513
-0.129902865987944 0.160297650068533 -0.261365313658652 -0.186544533059117
-0.202872456510596 -0.128946493088493 -0.127207828699615 -0.458285829003157
0.137300536823084 -0.215611511146121 0.261722774753076 -0.459652979295853
0.294058833789591 0.0502231488859543 0.206619011288486 0.0210858604059846
0.207654346435833 0.0463240672988007 -0.180992886829499 -0.106990885391338
0.0605613593096842 -0.1386466586974 -0.399287630695374 0.189989385452134
-0.116013334833548 -0.0442141406076996 -0.209045463321986 0.422714212269529
-0.0317614280399503 0.0878894461697264 0.072947346885753 0.391720431309326
0.0193752486061396 0.0300978327210212 0.194762667225798 0.175698812552538
-0.00459760667728529 0.0140078141986977 0.155512766732051 0.0401699390781315
0.0115178650680314 0.012720089445655 0.103873041084158 0.0127990182614886
0.0297240396214887 0.0105997992036746 0.0256835156386677 0.00740005346788928
0.0476742637894061 0.0460881568675696 -0.0388922253863819 0.0156058818324489
0.045063100797044 0.112231721763821 -0.102476955392526 0.0169454719337035
-0.0395444985836504 0.148760173562278 -0.184907397344377 0.0192227749557298
-0.193700132016127 0.0577668193366241 -0.306201973377561 -0.18876822671969
-0.111816958219286 -0.239951363095834 -0.118386371299207 -0.550446368446986
0.254314326089155 -0.184976279194703 0.349932478650855 -0.518328469994377
0.310348806861154 0.111526621783885 0.199489671953872 -0.0161540579993828
0.153422276039715 0.0317084584452745 -0.17234944833788 -0.115321544988256
0.0370602739043413 -0.0782535392049852 -0.3488326820764 0.157994968862032
-0.0590490057266118 0.00058082334639894 -0.186479577101483 0.418437034955191
0.0155388535557128 0.0507834307757544 0.129036924141907 0.400652007649264
0.0206150426631434 -0.0129634825924362 0.244981583123588 0.143724449504165
-0.0110540314049331 -0.0149865032698411 0.169820387632074 0.00921015933038231
0.00450946766884183 -0.000447664652532129 0.102547971658077 0.00873157009348102
0.0200881043106314 0.0108769740626526 0.0278095233226317 0.0187951412219499
0.0340624616456123 0.05039975312094 -0.0249328391324808 0.0337135141860005
0.00625432930605026 0.100420983086149 -0.0912779754842972 0.0547048541040492
-0.0874752076379809 0.0889426570962239 -0.215687697702588 0.046890155213111
-0.15644649998893 -0.0520486304416241 -0.337099635191683 -0.255557205948234
0.0293866089370308 -0.235413265820656 -0.0258196355138908 -0.649400813471662
0.292704041280121 -0.0729191482929197 0.490374095755246 -0.523694070028821
0.24501765045666 0.144299493855668 0.195809160115669 -0.0477368680829896
0.098229267904978 0.0273166069500152 -0.170364915881157 -0.124777686466984
0.0456866969926387 -0.0327487542144772 -0.324644108550751 0.14426846801216
-0.00528854288853775 -0.00599385927023073 -0.150539991895612 0.422624750299716
0.0169512182633492 -0.000691861560593104 0.195974301736459 0.388327070015173
0.000592078582432457 -0.0328861411082423 0.284064689687692 0.0985095588255712
-0.0153172767071055 -0.022558903986471 0.175672520558871 -0.0210677691620088
-0.000198920460898882 -0.00172812678929784 0.100718562535818 -0.000362086540872664
0.00805382802364119 0.00853557124590292 0.0272855370943707 0.0224173439906988
0.0122284432957168 0.0333753146626649 -0.0200260702588462 0.0506496823821032
-0.0187952692058949 0.0491689425974111 -0.0993304788559007 0.0812691784363171
-0.0702730705151954 0.0102518215288091 -0.250267809249216 0.0345253415720072
-0.048352005813098 -0.0891145834408025 -0.309351166344196 -0.345642783888529
0.111123737852932 -0.115265744002973 0.122530189468482 -0.687644177383819
0.205594300570103 0.0367925745182949 0.616824898473802 -0.465284247854229
0.114217352963596 0.116740708698284 0.199640956371826 -0.0706362137245549
0.0178163782239843 -0.00578136980779041 -0.0744068245142068 -0.0420705464029029
0.0157583427483553 -0.0356228708745416 -0.744984755274121 0.178268262585213
-0.0563628149504719 -0.0379680870912493 -0.344541224117925 0.723863660134216
-0.0608808260944178 0.0274567109087177 0.258834042623381 0.509210126582201
-0.014747622450076 0.0422071307602732 0.302319985927473 0.027171034236391
0.0167587998237727 0.0219605718299121 0.112671839869297 -0.0976982901454461
0.0123941267762905 0.0060802315164358 0.049221287652685 -0.0590387087267139
0.009554923171652 0.0041785785427546 -0.0098932850734352 -0.0470799483750187
0.00612723206274026 0.0129868068002189 -0.0917842337025414 -0.000906198416281488
0.012274083814719 0.0210275490493082 -0.198400615626556 0.0218993972849779
0.0141098981184155 0.0325676220601255 -0.291513397866076 -0.057824957998674
0.00584827124572069 0.0369141846386969 -0.236884183471066 -0.316022167675581
-0.0220547787029988 0.0442227523184294 0.0564561946155558 -0.421526017833891
-0.0399431814758304 0.0181409239992286 0.281167552326559 -0.250121065447613
-0.0477737614728509 -0.0242623113004141 0.198509305537285 0.092017618000017
0.136739669570696 0.0767341093620661 -0.0911145560243613 -0.0662957217160413
0.151827201115422 -0.0661395773440039 -0.749414713446269 0.154012320172676
-0.0264831955986541 -0.146929507044955 -0.374931569774979 0.672791470812949
-0.13772880544125 -0.0153752244914472 0.187992135246803 0.496716901851325
-0.0682548641849178 0.0714112453225625 0.260260081930095 0.0736497507476488
0.00339034957353546 0.068806302402286 0.122660975673099 -0.0597064895921175
0.0234289179585693 0.0386404918678403 0.0667897297046219 -0.0499309817980632
0.0218213575237 0.0085852121145774 -0.00362908586644545 -0.045703047911976
0.013252487175552 0.00199097974135217 -0.0896215255007375 -0.000331543263636458
0.0228154334054913 0.0082020382941054 -0.196501385484359 0.0231979285132825
0.0492852758462931 0.0343475327161737 -0.292541817996549 -0.045093325391848
0.0335999925213777 0.090309471870856 -0.259123345958559 -0.290729109563954
-0.0719546050755171 0.0762031490722201 0.00690319753979059 -0.42072368644355
-0.0483916513871032 -0.023919109454941 0.265277470689801 -0.28610892336673
0.0273232672674686 -0.0319095949846482 0.208570874819512 0.0926277365799244
0.225071710887818 0.117359068858553 -0.131583872818529 -0.0963725729092528
0.223563218424256 -0.122955693313153 -0.711641260055893 0.181136400218822
-0.0434773902917446 -0.216616639326893 -0.329359390213918 0.614459780504765
-0.185118997974525 -0.0160936743747015 0.132680885430514 0.444064513876924
-0.0864846673017055 0.0932883941557415 0.201045623233983 0.113068829811941
-0.00432191433473973 0.0925565818894956 0.121776010096193 -0.00778992979720083
0.0277385137379648 0.0563923362457532 0.0842536862793182 -0.0287869394959874
0.0307041480924633 0.0101396818111709 0.00409717750499963 -0.0383035485001026
0.0249944545312204 -0.00209008138635412 -0.0863527542420263 -0.00175123137214285
0.0426379839525762 0.0108228925070085 -0.189256384897984 0.0109003686201293
0.0783280166438255 0.056761806095319 -0.274637319324414 -0.0503488011839717
0.0300319750833571 0.147701667055239 -0.258546538923086 -0.268271870921406
-0.136803388968691 0.0725351921488379 -0.0372358209646799 -0.419421371190615
-0.0335649628517424 -0.0890053015314322 0.251103188789057 -0.334735093467079
0.120199763221166 -0.0275357731338286 0.218872809767526 0.079449471738352
0.264242650264875 0.10931220746117 -0.171557496192129 -0.112522420101341
0.203444705573576 -0.180247129737193 -0.621504428657789 0.21333567762345
-0.101599376595029 -0.213196363731782 -0.271014891207045 0.539730007939053
-0.180471458124608 0.03245909347858 0.0813884508713034 0.397571847805463
-0.0595448547358884 0.100706366426923 0.158070537958776 0.153422836088208
-0.00219875047646976 0.0859311923256475 0.124742076414715 0.0371549971747881
0.0262314843187947 0.0540503782980895 0.0972446185792826 -0.00647333722510686
0.0345879361044083 0.00951283669847426 0.0114440655619948 -0.0254430279312581
0.0393010097706019 0.00658920597904632 -0.0776797186025497 -0.00293037917443185
0.0656638668036888 0.0398496872967112 -0.170724921969906 -0.00520684066258481
0.0803305719877795 0.106591609522664 -0.23789117871414 -0.0525265783133087
-0.0329802367801748 0.187049221270739 -0.249119968975654 -0.23567067997745
-0.201053734070007 -6.92364766347459E-05 -0.0803239472490557 -0.430164027753978
0.0280773890434354 -0.169856753889032 0.249277941508919 -0.393933672369198
0.220537253190057 -0.000715802175433865 0.220788629125427 0.0571194702934168
0.252342348270851 0.0760335480892322 -0.189434265900943 -0.114303052593947
0.127578217289534 -0.188159621061441 -0.507848362315856 0.21091091531946
-0.141801506431412 -0.134801682601477 -0.240666422368852 0.466474909129549
-0.115614136111823 0.0833587289160667 0.0456639132984084 0.39061005026428
-0.0119840874975277 0.0778658205291102 0.15832575319758 0.186569810700313
-0.000566340910611003 0.0555005849766133 0.139177169687458 0.0569027565750002
0.0201379298946455 0.0352680562894067 0.105038438242687 0.00831829088166163
0.03399454333543 0.00873097245169472 0.0196624348055592 -0.0092148763202511
0.0497861830885656 0.0261552552118984 -0.0594846800950289 0.00191855534221962
0.0700910176617614 0.0849499168185213 -0.137920502042229 -0.00774765209648919
0.0340054061677164 0.154810120664103 -0.199124400580297 -0.0301604988219995
-0.13426005994075 0.161111812046179 -0.262498426737739 -0.201436445512679
-0.20780862762809 -0.133078022160271 -0.116401719556708 -0.472668247955262
0.139943364738486 -0.220630593782091 0.283567348551507 -0.462144221061181
0.297228421740341 0.054051250706442 0.216709381625808 0.02525394895612
0.211049116113496 0.0465274883011581 -0.188452254937434 -0.116626235624484
0.0612139192214099 -0.143061039562192 -0.418842401051032 0.182637581911819
-0.120718074493213 -0.0452020043149982 -0.227348208548342 0.431304163644909
-0.0338761165463317 0.0901996655447283 0.0636988943938869 0.411965432918106
0.0201029796873928 0.0318414997569522 0.200571380058636 0.187508913728797
-0.00404085434150844 0.0148674374159277 0.159049123925047 0.0445380826442478
0.0119258141680103 0.012563775048857 0.10688701169858 0.0132051197628847
0.0287586645107547 0.00937472100985081 0.0261365212485028 0.00711502547654944
0.0490823074457027 0.0466040649105491 -0.0406030906339067 0.0144000020854689
0.0465726611837823 0.115086591619678 -0.105993090128387 0.0171554391934799
-0.0413966279392223 0.151706576129803 -0.189549929954118 0.0141753122090325
-0.197714279888753 0.0575963727952185 -0.304574857285924 -0.202235277599446
-0.11278625543877 -0.245421503427268 -0.108698149545705 -0.567403444921712
0.259464418584248 -0.186268914398021 0.37597560016472 -0.521113819079361
0.313935690700515 0.117213229214769 0.209870881459291 -0.0104911228768748
0.155941924268376 0.0318319514329398 -0.178961678860985 -0.123943601405582
0.0368345602998425 -0.0819179809964784 -0.367756211724199 0.153562869478633
-0.0629243769863777 0.000676811942818198 -0.204574865826237 0.429698860697324
0.0160295291917604 0.0525374374806833 0.124161910397037 0.420307182117071
0.0204441842134243 -0.01216613927513 0.252741442804824 0.153672362849259
-0.0102074063809277 -0.0144800542370011 0.174410684715386 0.0134191897148026
0.00586434131208925 -0.00205149724501037 0.105988972249163 0.00855232413358049
0.020011494868408 0.00930367431694873 0.0287113203780227 0.0180128344685174
0.0345330815637605 0.0506931191630047 -0.0255528649447242 0.0339364328275668
0.00644041111754318 0.10300553483883 -0.0945329779969726 0.0538410703262267
-0.0889710683128664 0.091100044489678 -0.219166448843491 0.0416510310478877
-0.160157906300156 -0.054730713638888 -0.33436429635227 -0.2682534686135
0.0318212168687803 -0.238124250848496 -0.00823297585449878 -0.663631761959719
0.297277182389878 -0.0728863900089806 0.516649404395152 -0.521654558082953
0.247027534028153 0.150730117552111 0.206294864576565 -0.0417207107552901
0.0994221990119702 0.0282387255270654 -0.176168813201453 -0.133165273064709
0.0459595649911734 -0.0346133477921965 -0.34379918900323 0.144056984906785
-0.00680160419616964 -0.00522582307169476 -0.165298308479254 0.4367161642633
0.0179377813208864 -0.000343793284020289 0.193729363935169 0.408614954740605
0.00120251989408289 -0.0333106866308997 0.293402924292436 0.109690169833987
-0.0141515230523049 -0.0224533135986757 0.18090611583382 -0.018980593396558
0.000760961255349341 -0.00338601790933093 0.10370332202575 -0.000870327636705919
0.0088317355517629 0.00703859419894416 0.0276228807081663 0.0221811620075401
0.0132560034000317 0.033802447408652 -0.0218309702325769 0.0499162797843564
-0.0190621174513665 0.0502088827573607 -0.102630661108146 0.080083485679642
-0.0721517517140295 0.0114714786810252 -0.252257274320437 0.0302962216732351
-0.0480171405454236 -0.0916979343588611 -0.303934890653208 -0.360457527611204
0.114134367192343 -0.113862162806157 0.144147903845114 -0.69752511034908
0.208739369073729 0.040273124190956 0.647140209136758 -0.460088530968764
0.11364029378193 0.120126327454057 0.210340298364303 -0.0626071069295257
0.0180152324951777 -0.00703666980132211 -0.0827620217138602 -0.0520465758496589
0.0159327059547098 -0.0356541212377512 -0.79320422859024 0.186625876178561
-0.0587576142690322 -0.0404095634560893 -0.363103469427929 0.763576847177446
-0.0634300882048437 0.0282925497373751 0.272952387825258 0.537214330235509
-0.015078520214049 0.0448195909820237 0.317276455203989 0.0286731212011513
0.0161001052579426 0.0219095014932788 0.116749948977224 -0.100219486078723
0.0122794090502768 0.00562401862616106 0.0516529912370594 -0.0618830576148774
0.0079926278203957 0.00416567200649894 -0.0101593985816344 -0.0490651161628473
0.0063963496862548 0.0140456956664589 -0.0949028537677765 0.0023403798751459
0.0126403324979813 0.0232027243664786 -0.209005770440651 0.0282886631141566
0.0135172586172371 0.0334274301325083 -0.309552287166693 -0.0556359636853554
0.00720272836420745 0.0374683632614722 -0.253165514446294 -0.336261291032889
-0.0211191709823233 0.046893805935565 0.0620819808187613 -0.451192968107179
-0.0422959152096538 0.0204292605978244 0.302026392238209 -0.268205220889229
-0.0524228755694751 -0.0247825066893046 0.215803278988227 0.0948564144527648
0.14394839347518 0.0784779946579861 -0.0992053916439333 -0.0775833980015853
0.158148352524163 -0.0706496124346796 -0.796876719938153 0.162154633432927
-0.0293512783771214 -0.153724611117867 -0.393529796876309 0.708810803812194
-0.144561705238827 -0.0145699727980982 0.195324596154843 0.52628987172393
-0.071307136766202 0.0753296971391104 0.273173585863223 0.0794364807313983
0.00442151985658257 0.0714260178533155 0.127280039998146 -0.0612245339732495
0.0255620449016583 0.0390036471387794 0.0698468750273559 -0.0531586830461052
0.021664157435543 0.00766481547356808 -0.00356044940980098 -0.0477040769998432
0.0134871582362521 0.00202155132900929 -0.0937878130754465 0.00199339530559941
0.0233785539907385 0.00908920714605027 -0.207748361184191 0.0289173708789923
0.0509091680062937 0.0350147278370371 -0.311528083068982 -0.0447976745556858
0.0368812326286542 0.0935422548503994 -0.276353990373357 -0.309954731284348
-0.075470550061876 0.0824848741380511 0.00822052771641475 -0.448686256681648
-0.0530455055675856 -0.0246924444065448 0.283622079261245 -0.307176537624578
0.0263924595189629 -0.0343204743270452 0.226855614876068 0.0950656609705826
0.236892553469381 0.119387157764283 -0.14185424653596 -0.108304512000249
0.231944701075912 -0.132168310352844 -0.755270305772781 0.189091336639764
-0.0485868637239897 -0.227974118133883 -0.350263868670338 0.649078603412027
-0.194726077834532 -0.0139078553063294 0.13945343301687 0.470804030625707
-0.0893293556116007 0.0987424526722456 0.21239036208393 0.120787691039697
-0.00298621284755433 0.0970641303497386 0.126624639141688 -0.00755251715020592
0.030533935500793 0.0576159311494509 0.087927316309349 -0.0316086074018113
0.0302092536537072 0.00962879061652445 0.00402305366866058 -0.0404439317433661
0.0249155209077609 -0.00303190695579568 -0.0914078713063437 0.000600038687693015
0.0456086796662838 0.011935051412538 -0.201391066292386 0.0157920032121959
0.0827259064951945 0.0585485255688645 -0.29224048946991 -0.0503281795185758
0.0335333792295615 0.155010843024273 -0.275498978987088 -0.28565365324762
-0.143913586851497 0.0797147398904196 -0.0388471564474219 -0.446035696855842
-0.0390153282248979 -0.0940554261276816 0.26794701851788 -0.357028294086745
0.124224532691953 -0.0318754509962057 0.237181787691993 0.0815513599551416
0.277670881415814 0.110074748594681 -0.183981208128474 -0.123859035344072
0.209747462753764 -0.193605885778516 -0.660179186442566 0.227198797648647
-0.110764589307977 -0.223601284579822 -0.288437678029666 0.569103302563779
-0.189384745125232 0.036492164017759 0.0848513364620375 0.423664581876895
-0.0611197852204814 0.107272104820168 0.169449808832726 0.164578220158678
-0.00036754371593378 0.0909442610706966 0.132316452490574 0.0399804501795934
0.0290160098695289 0.0542870357520154 0.102315238169659 -0.00960792364330374
0.0351501877995662 0.00846968791229554 0.0120395800435415 -0.0276361650935189
0.0405503063162764 0.00512281756296335 -0.0826666266107972 -0.000549241553551918
0.0710130231139878 0.0414512448057403 -0.181036008175432 -0.00159358645888206
0.0867301569075802 0.112008910542222 -0.253810703925487 -0.0543912669480465
-0.0309702627356426 0.198080485480924 -0.265707888114382 -0.253196869132326
-0.213546682108094 0.00442280617031857 -0.083073863985098 -0.455531620604234
0.0234729768974105 -0.180910626300335 0.267397200254584 -0.41886135084963
0.23153547234387 -0.00466524422206087 0.239511360904017 0.0582975121926346
0.266313339528064 0.0752228500922086 -0.20347539728976 -0.123963420758316
0.128839001360618 -0.20133802413002 -0.541341882319561 0.222084214461703
-0.152431903496389 -0.141043631590256 -0.255983539281556 0.492504543182392
-0.119848183353037 0.0897280412527042 0.0489942807081534 0.419174741647475
-0.0114281708988166 0.0841814313009326 0.170804274004715 0.200092648972987
0.00158692715791131 0.0586024783972185 0.148457585856252 0.0602365553346993
0.020819128260908 0.0341184226870609 0.109986810296237 0.00598816986327827
0.0336939267772502 0.00701728192215346 0.0202603596689864 -0.00954485096654165
0.0529430478609778 0.025500931376382 -0.0638557310121183 0.00329552035170211
0.0779106374226969 0.0879633627564067 -0.14777419344242 -0.00484244198505422
0.0393769957115809 0.163292203334051 -0.211542936821722 -0.0310133884936015
-0.138738479039769 0.1727129474213 -0.275369611270367 -0.213915621074676
-0.222115156725576 -0.135690424992016 -0.121928310350847 -0.499886484114807
0.14074080591859 -0.235550345279497 0.303982882707345 -0.489244035875057
0.311814489892329 0.0518172298419263 0.234098524065159 0.0264360217312102
0.221261371588036 0.0440843314994592 -0.202408963722657 -0.126350710516006
0.0603140454917855 -0.153367437162124 -0.449865381467003 0.192945374565457
-0.129576179787207 -0.0449710319439655 -0.240621982815589 0.459901436507759
-0.0333129379050299 0.0959803530749896 0.0701191426036243 0.442559002560852
0.0213524577090948 0.0337390298884267 0.216048262511686 0.198548629036769
-0.00243915219899708 0.0166736905297454 0.169559645291019 0.0464148381012572
0.0128273789116548 0.0110077491574627 0.113011230586736 0.00970751660001074
0.0290628049158314 0.00715548345037016 0.0278141516988096 0.00638021360988543
0.0526481664262104 0.0450988902729129 -0.0425598525385495 0.015525541411039
0.0529677994396556 0.121194070435494 -0.11392186953488 0.017670168618678
-0.0407443567184987 0.162047383479755 -0.200822225072054 0.0154935028633066
-0.207759494556852 0.0647691126743588 -0.319857565769202 -0.215632265708696
-0.124043716224942 -0.255915677721103 -0.112977033142295 -0.596822217217954
0.268891516287406 -0.202561958951727 0.398194712186181 -0.549338211987284
0.330541950685385 0.118448588617682 0.22762141216715 -0.0106939491458733
0.163109927435711 0.0287523682128242 -0.194653787794502 -0.132794473344662
0.035957912939512 -0.0887013184536887 -0.396140718000637 0.164174356162064
-0.068472076373159 0.00177627008364652 -0.216224271720433 0.459831349581486
0.0180909466473518 0.0550063236238246 0.135077071100513 0.451879549134651
0.0218435013428607 -0.0125668819318421 0.273505721282439 0.162227196890418
-0.0104108595633615 -0.014170905143745 0.185245336678491 0.0124275767180519
0.00614684328250891 -0.00366786014611998 0.1117631839841 0.00642253743238236
0.0207711792545598 0.00768987777511386 0.0303399665374624 0.0175487425190894
0.0383228465880284 0.0513158823172148 -0.0273572608206745 0.034745739030651
0.0121399610670221 0.108770757479687 -0.0993918365445767 0.0576598887348426
-0.0922501865205071 0.0974181661445288 -0.22996921481886 0.0446119623869971
-0.168952959450552 -0.0541821639396339 -0.349299254890141 -0.284762194343331
0.0293029522544175 -0.249949696315464 -0.00889470802030241 -0.698637520612061
0.308447584471715 -0.0813696736614932 0.548533528335401 -0.548948580509435
0.260566400498172 0.153787062355563 0.223953916938045 -0.0416121940630352
0.104347002584461 0.0264488522953695 -0.191068302306767 -0.141915685472165
0.0466352099894888 -0.0382094921485562 -0.370890520213484 0.15527613607618
-0.00893142588731451 -0.00397514023385119 -0.175702496810821 0.469276952711589
0.019112504588152 0.000434545214386033 0.21146329772426 0.436760574806491
0.00108277029557815 -0.0343172007413795 0.316210542087719 0.113338469158843
-0.0147218040379424 -0.0223574053399191 0.192926311325608 -0.0219506243428422
0.00247686949448864 -0.00573402265466065 0.108954149859767 -0.00433771906600589
0.00959866399254572 0.00572305935313277 0.0293113246539717 0.0220434924802007
0.0157524410295555 0.0343162102604042 -0.0229444744367359 0.0521820370122278
-0.017310745534016 0.05390139856813 -0.106902061338439 0.0838851541266715
-0.0758275404526538 0.0136666332677631 -0.263649891604566 0.0315132967376443
-0.0515121915355326 -0.0944201505484668 -0.317818598878617 -0.379233116503098
0.117931648499005 -0.120145396029546 0.15292019325023 -0.735467402349058
0.218625890587164 0.0392459523718975 0.684720272194534 -0.482759510509385
0.119024856681128 0.124244902385237 0.226932649037644 -0.0623337837724904
0.0169338393728878 -0.0113599504107489 -0.102574063142997 -0.0469605688440471
0.0141391384633621 -0.047819759292481 -0.808485117484131 0.335575240819811
-0.0694203413220524 -0.0412236265560379 -0.247907135734817 0.87083832650801
-0.0683196942002874 0.0386122420707528 0.389500507199567 0.509950907174947
-0.0103510419352386 0.0527004334184986 0.338482251863982 -0.0275864402007808
0.0201594229446612 0.020552295818607 0.103504672790458 -0.124351496802085
0.0123386242787692 0.00395024523985723 0.0431474829398603 -0.0754957478742914
0.00723338863048159 0.00230414649345391 -0.0177019398584367 -0.049343588250788
0.00709674715339719 0.0131708939525632 -0.0978282122655681 0.019728184593775
0.0155759882848346 0.0214804312150733 -0.212150805566215 0.0685043546850541
0.0210581614150789 0.0288815745134694 -0.336157020635681 -0.00619494033789661
0.0147949458024335 0.038847089113539 -0.325543742469158 -0.317606051422346
-0.0113520734666314 0.0539577225818105 -0.00904289305012998 -0.491558526496532
-0.0421307102249354 0.0307894740048974 0.277839003497542 -0.333902906562221
-0.0600612723013878 -0.0171658792812137 0.248615495291485 0.0623580720392416
0.168077258674327 0.0554870572633487 -0.138713605500407 -0.067978755235996
0.158234989306529 -0.108330179096429 -0.821609107466506 0.31543005649989
-0.0588294276558562 -0.166006984214515 -0.287436943129213 0.825184177725454
-0.15838220381415 0.0062476349057477 0.310017304473594 0.512692281153463
-0.0635403901611775 0.0931467882930291 0.304135863838403 0.0302901324160596
0.0157579821940887 0.0738223096911799 0.121298996542175 -0.0881045778969945
0.0319441222428806 0.0356477078030225 0.0635724816389796 -0.0713140601012674
0.0209627071746651 0.00369340289275846 -0.011367954363776 -0.0486802082448496
0.0126311996432377 -0.0011709501648972 -0.0971356818149214 0.0204945210219545
0.0249842612767787 0.00516641438059253 -0.212722249655692 0.0686014608111255
0.0596811456083386 0.0245051467636262 -0.336739557463369 0.00754744523883934
0.0557625685456419 0.0921033511740857 -0.347181367146382 -0.286923532793133
-0.0611843317355161 0.100743706104181 -0.0650278106534865 -0.479440909812887
-0.0621979081971842 -0.0149124043379258 0.248936775482768 -0.372350564782666
0.0194860102664477 -0.041530709714746 0.260780315087909 0.0603970861443111
0.274388440236736 0.080496830810848 -0.196920321074137 -0.0877010777739407
0.22485185795381 -0.185919782428919 -0.777670801202748 0.344004179785189
-0.0928845263541261 -0.238622485041428 -0.248130920229037 0.758271699313152
-0.210667594971046 0.015054634706632 0.242702715491126 0.467675780222817
-0.0789316585459089 0.119539446474879 0.249781569313995 0.0844868360493897
0.012793713174671 0.101134728952204 0.13140177296289 -0.0327478489189897
0.0400357213738767 0.0534294931561295 0.0867148217634308 -0.0532568530983215
0.0299616983855426 0.00387651240251096 -0.00273761734633047 -0.0427659429947651
0.0238216760373381 -0.00941889804066829 -0.0945867410047055 0.0173249040021509
0.0491207974302377 0.00435471148474231 -0.209570553664663 0.0533521905749001
0.0965693332405217 0.0436953628228242 -0.320202639649656 -0.0032052660842144
0.0623511763775867 0.156455487346105 -0.339610377022553 -0.26226351949749
-0.1329332310225 0.110743876348336 -0.111468248641764 -0.465438532292794
-0.0605598094935783 -0.0890377240424055 0.221941351166889 -0.420664802275333
0.119772762976841 -0.0568079270872108 0.269258181682342 0.0451934048003298
0.316023821713801 0.0615122356573379 -0.246437841813352 -0.0909401414068891
0.188969401890914 -0.246258184811303 -0.665093186963899 0.36571309870239
-0.158345076987296 -0.221508507873781 -0.194410081303675 0.661832166368582
-0.196105731771586 0.0676324348518029 0.175595043445827 0.427546777875272
-0.0486363947824095 0.123336903097016 0.213665808806921 0.137845104733255
0.0148851442240304 0.0949698393975326 0.146205147576977 0.0152976515807801
0.0375129075273442 0.0507619744644485 0.105929216197418 -0.0326800125804307
0.0347851709034571 0.00204755157284114 0.00716506218584438 -0.0301122515540566
0.041072857587316 -0.0041079252532171 -0.0859240506407933 0.0134995841207873
0.0818151199737061 0.0296721957867395 -0.192422342591147 0.0305933902552612
0.109921876846605 0.0980173483995659 -0.280150338242971 -0.0154691422262887
0.00255596065460969 0.212241812070988 -0.32213302258399 -0.229052046969912
-0.220116929768264 0.0460827804052681 -0.159391435830687 -0.463722141891777
-0.0116657236132066 -0.189095367527753 0.209909116194988 -0.485508136056641
0.233528249945396 -0.0480517678152659 0.267383590567188 0.0207313915225781
0.297448303767811 0.0260180216835634 -0.264564393977451 -0.0867346193229931
0.101444170005931 -0.241230012317737 -0.539212465364776 0.338719552558061
-0.187755201361813 -0.126285752058161 -0.174746292148497 0.572488059536978
-0.115269591968209 0.11130106806828 0.137075984836468 0.429110749676447
-0.000324834707002322 0.0904566121397335 0.219703040765204 0.175095242249687
0.0118010790090032 0.0617012922630768 0.167976531465817 0.0342209243955479
0.0265763606136138 0.031455596249201 0.116676680880392 -0.0177818625172641
0.0339231953679153 0.000627947456111556 0.0191463762821964 -0.0144115060146389
0.0579161117093983 0.0141303962405805 -0.0670139033421442 0.0144201792137329
0.0972706385137151 0.0770017558830289 -0.155953230392485 0.0213247465589513
0.0700953808242048 0.159649421139241 -0.230148200456675 -0.000595604285238753
-0.113066601711156 0.203934313611358 -0.322251505509059 -0.186190355539149
-0.254759126819254 -0.0979343169487961 -0.208911130540264 -0.501036740906967
0.0999321102316899 -0.265273062941649 0.234252421191223 -0.567252645811396
0.326566089178674 -0.00316846199417127 0.258714070297356 -0.0116743884661063
0.244718824644411 0.000830610368858438 -0.259385546299015 -0.0879428740094614
0.0356315976178838 -0.17972319740738 -0.445136591751124 0.291167408205523
-0.147891375946833 -0.0287373311960304 -0.168808682746813 0.530459447675366
-0.0230944783831297 0.103718574318601 0.159838027886419 0.451177787166723
0.0250939336266744 0.0348324937696494 0.267196908162582 0.167992962586809
-0.000372497189237717 0.0191299877714343 0.188818830137955 0.01783587376905
0.0137579990856526 0.0071716507102151 0.121124776910616 -0.0130480470985503
0.0297852936521546 0.00131562358395335 0.0305576805081101 0.00127727214330216
0.062175455236479 0.036053121343319 -0.0423594854963204 0.0226298936115063
0.0779094050152631 0.113425077896488 -0.116152378244372 0.0390547342906452
-0.0123661019124787 0.173685891985617 -0.20698930679125 0.0453684915039654
-0.202649973719378 0.10422605671735 -0.366587363972691 -0.175541710701211
-0.17404594010123 -0.238839533263553 -0.217153410373391 -0.602884584449008
0.235372119570968 -0.250784133749594 0.324074523570561 -0.647148556746342
0.357067873307307 0.06234203833343 0.246063679813031 -0.0470553132298749
0.17923665565731 -0.00446311403690114 -0.247149769197174 -0.0983084699240039
0.0207681089040371 -0.106024507803306 -0.394846823051752 0.25134718744702
-0.0749650829351115 0.0102337116069267 -0.144998428849049 0.529465925238289
0.0231687716115031 0.0543610087379876 0.230821379706297 0.449659114237773
0.0177138456629619 -0.011797366829372 0.320962161174068 0.120797395830387
-0.0128742070315923 -0.0107718052601469 0.199769998373468 -0.0201859478442119
0.0059249457313898 -0.00653307335708899 0.120544720815161 -0.0166693222568271
0.02173673996672 0.00368994386913465 0.0343247547890161 0.0117277239058236
0.0494690292710996 0.0427011081983893 -0.0224214649190396 0.0394914326991949
0.0321761974267812 0.109482768176722 -0.0943095411841937 0.07649342785305
-0.0770035656108194 0.115573323197912 -0.231333252802127 0.0818974935294136
-0.181826396538373 -0.0250439532652131 -0.409215340434832 -0.240552885931877
-0.0147711849183486 -0.260718266760308 -0.126654422366099 -0.730966567483901
0.298794915835774 -0.133122528493494 0.483592033251865 -0.670943873596876
0.29157179718584 0.112637693762656 0.23719742871258 -0.0794046112775468
0.116906157108995 0.00671427075393278 -0.243139805560445 -0.111513078163226
0.042696741196141 -0.0534610457160056 -0.372182758719179 0.237745610552921
-0.0126059067239959 -0.00748652065709768 -0.101841844969762 0.533202500623273
0.0143813071534186 -0.00287916991693302 0.308590423775064 0.42371882312541
-0.00671035928428281 -0.0307859465544317 0.358348039898933 0.0617595236985331
-0.0194210915690384 -0.019606758667519 0.202473794546977 -0.0563347597594421
0.00213673581621564 -0.00706877544186175 0.114986329186278 -0.0268149933669858
0.011241737458381 0.00435389044796568 0.0345047881710974 0.0147816533125688
0.0240839812047354 0.0302186795854615 -0.0152275272813391 0.0564671695051128
-0.00620567184746927 0.0580976119630228 -0.0966313227512227 0.104680381224323
-0.0739490745625212 0.0268654320507419 -0.267378812545356 0.0767060756282166
-0.0663428705580417 -0.0856831108347537 -0.394216649497654 -0.345560998093609
0.101573649756696 -0.141107235963385 0.0391355713792091 -0.797620170993621
0.224149346648327 0.00602274226847494 0.638632339460044 -0.623674814750594
0.141434779687847 0.107393165228842 0.237590530210571 -0.0991739457239034
0.0149115783858359 -0.0125494667813565 -0.115017257188196 -0.0456545296797605
0.0107508640261937 -0.048646627073898 -0.799000603379299 0.41659612300014
-0.0734794584975061 -0.0355213745146162 -0.173463970943547 0.906892775389583
-0.0650254931700427 0.0436651915889139 0.442147972300616 0.485188794156883
-0.00598944124115362 0.0526114145973785 0.340740698111897 -0.0582814789705377
0.0210533111475804 0.0187253505781791 0.0938413702407659 -0.132114121089628
0.0114437446127816 0.00217743778841955 0.0371424705900393 -0.0809133189300003
0.00507158395597274 0.00213372058682083 -0.0219480426657149 -0.0492277539899187
0.00765644250978798 0.0126000965446997 -0.0947698338203482 0.0317017301182011
0.0184510917669514 0.0207956292198464 -0.208721114629496 0.0931199960364866
0.0229671309403681 0.027798143063507 -0.343535357704975 0.027688421508302
0.017843591143188 0.0367710933404957 -0.364596634965318 -0.29608072630998
-0.00491744325389764 0.0558224654785314 -0.0549580449950019 -0.505685912223846
-0.0392375160222818 0.0370760657581492 0.255931173886293 -0.370379040362845
-0.0629711712801108 -0.0112887148347611 0.265424112452307 0.038033803176546
0.174082286685716 0.0396207941622622 -0.153326471914182 -0.062681193976846
0.149605001317088 -0.125330144153109 -0.817042877733811 0.397877827691395
-0.0756826685295142 -0.162728362348256 -0.219410085852282 0.865653091566976
-0.160500065660843 0.021344191259507 0.361987488262894 0.494777768030019
-0.0551482029690876 0.099968656031767 0.314033261796102 0.00400920838756175
0.0230849130609285 0.072980742469991 0.114385678972459 -0.0978117326390151
0.034698625912455 0.0320727510104463 0.057523327688852 -0.0782278071355542
0.0189974390848639 0.00194955912658329 -0.0159864373780345 -0.0487251407259457
0.0107798639560863 -0.00267681573181395 -0.0942601025138375 0.0309038879388556
0.0257118963266464 0.00374870052504063 -0.209357154377934 0.0932192183458923
0.0609968665490392 0.0190338110107348 -0.34336939222188 0.0423212815191437
0.0650902317578097 0.0866326874806701 -0.383173094202438 -0.261968291042732
-0.0508794228276057 0.109042029246506 -0.109675054229395 -0.486714445428736
-0.0654134380191842 -0.0086094828700714 0.222900488690469 -0.405706535259403
0.013820460785261 -0.0443299767886714 0.277207122168424 0.0339063161034878
0.283509996781031 0.0543005480442739 -0.21332195423509 -0.0764356758050932
0.208319659965431 -0.210590068251987 -0.76419362097941 0.421025646141829
-0.118334476461165 -0.232627439091345 -0.186328110031329 0.793186655959505
-0.211756461836246 0.0361437050170939 0.290480444023636 0.456042349324285
-0.0675721235658411 0.129381502873208 0.264754264595616 0.0637836146473219
0.023935964701404 0.100634845226259 0.131347367758353 -0.0433676417541075
0.0452270456281798 0.0482640628922943 0.0819256263087755 -0.0633621448119221
0.0280392735755248 0.000263562443975117 -0.00774236660596563 -0.0440818090754722
0.0207507599835633 -0.0123951976607728 -0.0939822361936471 0.0278087206547061
0.0508764998564459 -0.000945987945699907 -0.208200671074955 0.0773961649513884
0.101815527025219 0.0349868719781808 -0.3270795983186 0.0293332023803045
0.0795175670812578 0.151950866184518 -0.374039246815339 -0.239369800712693
-0.124120589805426 0.126542102273892 -0.155486778304303 -0.469092728446315
-0.0731580906138108 -0.0841337529191368 0.190972776169675 -0.454104429628734
0.114052760578649 -0.0707614763207813 0.283893023591249 0.0185554861291826
0.32511507690069 0.0300049256019077 -0.263064116299894 -0.0741602593635685
0.164736001248493 -0.269425481693663 -0.650330066975957 0.431474306477972
-0.184039314206403 -0.208681637102109 -0.140718166328859 0.691559491681979
-0.19224146341175 0.0873750365888586 0.218955337397691 0.423071299504779
-0.0360986173096842 0.130534382046282 0.233180744306042 0.121138670251709
0.0260447849408728 0.0943948266239238 0.150793509094528 0.00267050844148438
0.042330615122567 0.0458862666383914 0.102910448223198 -0.0445939546942033
0.0323161688618672 -0.00255674609048707 0.00378856994869978 -0.0329340776605389
0.0393051772478507 -0.00913167155715489 -0.0853622309217776 0.0237165631589166
0.0870322581759789 0.0213678722401988 -0.192715154949726 0.0525723581164792
0.120996464514603 0.0888960112055399 -0.288873905803925 0.0124518355191872
0.0251044038635748 0.215435799648184 -0.350863097114986 -0.207912420356214
-0.219180830827121 0.0704969678169224 -0.203133934231288 -0.461771875864994
-0.0349375893438554 -0.191289835136893 0.173151360099084 -0.516705018213322
0.230712241025146 -0.0730161791344205 0.2800564639506 -0.00706928743161665
0.302482605915394 -0.00452004731247942 -0.281843299146853 -0.0674355615826551
0.0766545531281976 -0.256706252818197 -0.523512610767391 0.396276172423383
-0.204228192055506 -0.108010826033022 -0.128555020036745 0.600305365853534
-0.106111063153038 0.125062991816742 0.181312389411808 0.430918046138594
0.00807098686213961 0.0925294867551607 0.246631337660173 0.158305238117807
0.0200568168454144 0.0609803316860841 0.175210430628422 0.0182250481873109
0.0291042208071848 0.0269578632337109 0.116025060697212 -0.0315106530193546
0.032147751339118 -0.00392618578458659 0.0177990019956552 -0.0183377185815861
0.058533361915082 0.00705932553269037 -0.0664876547118026 0.0207218764547269
0.109035245437283 0.0663489935383559 -0.158333094188031 0.0389412977116333
0.0877023890644437 0.155651713273209 -0.236202436312003 0.0213485779141976
-0.0930174469138218 0.219457705254727 -0.346353639934331 -0.164461825123544
-0.269940747201012 -0.0707759643435419 -0.25611742863077 -0.493856915782449
0.0707602126845863 -0.279942935324995 0.189551785448294 -0.600546053000736
0.329983782489054 -0.0374149029723181 0.267877893017877 -0.0368661072536243
0.245652460585141 -0.0242162157024244 -0.277228294986369 -0.0682438185983481
0.0151606984680325 -0.186635268544125 -0.433498875523205 0.338798558097049
-0.155220148530987 -0.0133756690121692 -0.125840631317514 0.561580521171333
-0.012371957428774 0.107309886592288 0.210323988136496 0.450403483439681
0.0294793417884526 0.0335763393593335 0.2941484713055 0.144532848910251
0.00353612407848277 0.0195512711454927 0.195223261780756 -0.00163721634408586
0.0140950657872489 0.00475187303357531 0.122194481520362 -0.0266884987726396
0.027266340008785 -0.0024339707680059 0.0295259929524534 -0.00328749773308762
0.0667700622445409 0.0268261173444708 -0.0425266112674012 0.0268948873429939
0.0930910832386734 0.106152798937518 -0.116110276308849 0.051755153312691
0.00581960295378099 0.177644107909951 -0.207897269978556 0.06527273024704
-0.195539242897095 0.127303309307497 -0.387937374975051 -0.148297135212157
-0.202320949847632 -0.22325486464064 -0.273863562855861 -0.594296338198603
0.209701796237888 -0.278069828447005 0.276080591083444 -0.68914181071801
0.366356030095451 0.0274700450954652 0.252287572091814 -0.0711273481543261
0.180733513716635 -0.023680611083756 -0.26692961987008 -0.0790287925832493
0.00829758456139173 -0.1113247772282 -0.385767516564488 0.295691195269026
-0.0761739508381021 0.0188812215770108 -0.101032534569996 0.559091873516065
0.029326937957419 0.0524744917554651 0.284255608026137 0.443001845827769
0.0171035919671354 -0.0130023383346156 0.343756356816605 0.0896483716767113
-0.0132747764123258 -0.00896281024937322 0.203151793230502 -0.0410497188302682
0.00455169094796003 -0.00781949264852479 0.119437222460136 -0.0309775842703436
0.0202393648833915 0.000622001749605885 0.0352258558943464 0.00644390049267043
0.0548020445658551 0.0369708451309463 -0.0209678789812003 0.0411652194308565
0.0471055574414122 0.106368951419239 -0.0899212260710358 0.086564723968395
-0.065479171709441 0.126712069703486 -0.225289785286127 0.103338691759549
-0.186843187471433 -0.00553556923845325 -0.436120995845758 -0.210183464015952
-0.0417431071582693 -0.259793308969989 -0.192826690805159 -0.732429334912398
0.285846166888134 -0.165702901735518 0.435635479199243 -0.728565035184847
0.30672346904733 0.0843557020084938 0.24048110674419 -0.101749017302724
0.117803687843688 -0.00672782241255943 -0.264732811595226 -0.0910206715048552
0.0366387229185409 -0.0605922906662916 -0.363212485496745 0.284338286019394
-0.0138082206360683 -0.00590530102098351 -0.0534448598552873 0.561174180268115
0.013981732562354 -0.00452214096257545 0.36201605283835 0.405843552539202
-0.00976723529865431 -0.030368910622735 0.37611805623024 0.0257342856242704
-0.0195134009938891 -0.0174536349823987 0.202084314214406 -0.0791363261893799
0.0019000784984619 -0.00861247382830811 0.114007595414763 -0.0402309861997922
0.0110827076138896 0.00107537400276553 0.0353239589084198 0.011165404287676
0.0282406296920066 0.0269627212473141 -0.0106390327172193 0.0567687608976214
0.00186095076950509 0.0595960713797563 -0.0866359773049956 0.115243539962601
-0.0717373024234208 0.0367808113837286 -0.262417700197483 0.100872569552804
-0.0772871322064586 -0.079358466985361 -0.431121656373221 -0.317221629164217
0.0884395500255813 -0.151790369395509 -0.0294051605503104 -0.817081395485511
0.226211186010125 -0.0147024250091685 0.598928533838796 -0.692334621103775
0.151982059466523 0.0947601977339023 0.238999120567721 -0.120814072006404
0.0123220754936709 -0.0123623394352977 -0.122676138676905 -0.0404756564400064
0.00746239517775734 -0.0482561805697736 -0.745718201022057 0.471858038703772
-0.0728954156889014 -0.0292630240385723 -0.0951535073197661 0.892164794665236
-0.0594450741144166 0.0469740449519189 0.466591141330913 0.432957313617693
-0.00152949126273685 0.050393952869315 0.324460512940732 -0.0845721368305864
0.0212630643270339 0.0151000472163673 0.0812859005004313 -0.133120097255142
0.00943319092105457 0.00117753604788562 0.0298293703566128 -0.0799650990335317
0.00288125839790781 0.00207387533467875 -0.0257637746451483 -0.0463973007698989
0.00791010555631155 0.0113343649586569 -0.0870780015170911 0.0376176460972483
0.0183199192276353 0.0195274845525228 -0.190989096486524 0.109694364515315
0.0231580363836208 0.0246609308638384 -0.329042014815889 0.0589578702945572
0.0200944776825965 0.0324816786598628 -0.382502185991776 -0.258941322300313
0.0018064092900284 0.0530119768604566 -0.0946159789144893 -0.489553260432203
-0.0338274829265302 0.0397141696196777 0.220779444809169 -0.385065232115487
-0.0626376559485173 -0.00473641139889764 0.266159827190822 0.0106063541207346
0.169995659418209 0.0234967037127554 -0.159279276425333 -0.0529404495897752
0.13293289658466 -0.133432735082968 -0.759905145582631 0.449957431970998
-0.0866346022471614 -0.149923554659353 -0.14244424051012 0.853448167258829
-0.152394528922929 0.0344652616839974 0.390231550423614 0.449145009022355
-0.0447481895339141 0.100819884923049 0.303362085547395 -0.0215670603929462
0.0284659840241019 0.0668740246905093 0.103689126710424 -0.102074039674374
0.0353373488266751 0.0270075719968132 0.0490524080924047 -0.0795867723516822
0.0164639997610161 0.000661863815322214 -0.0200876768710782 -0.0468829880038864
0.00908399575376131 -0.00324883528070007 -0.0871410916719348 0.0381910646606792
0.0256810158814605 0.00141465173328143 -0.192951752485017 0.111726680654368
0.0598644062092264 0.0127627764135918 -0.328883504404108 0.0725440416506295
0.0710009427994122 0.0764561785911127 -0.396304390810818 -0.223353032586749
-0.0384358536057439 0.109757326813428 -0.146046374110706 -0.466861671361747
-0.0650153952502795 -0.00181927117058849 0.185343821899335 -0.415546254295729
0.00823916129340768 -0.0447035170113048 0.275575269496786 0.00607612674342457
0.277080734788161 0.0270573868116043 -0.218341567909768 -0.0601089611061472
0.18101796758145 -0.222085577735104 -0.710058172309879 0.470022788970596
-0.135025668359796 -0.213611467327571 -0.115677671385312 0.78279984947212
-0.200770781879393 0.0539410100563877 0.316494359242809 0.418104371526268
-0.0537996132772952 0.130335942720404 0.262363565693683 0.0401897744529148
0.0324549640596836 0.0937505257651518 0.124525597608875 -0.0520300217095185
0.0471303369354865 0.0417639753075955 0.0727877222449212 -0.0676743921488877
0.0243199203398121 -0.00212168473324381 -0.0121786922119712 -0.0422463993529984
0.0168126019701858 -0.0135998061976349 -0.0879387424559324 0.0361392298004
0.0490234459128477 -0.00539100532376343 -0.193951983786145 0.0960564784755907
0.100569213616464 0.024557116770189 -0.314926122118568 0.0582841261274929
0.0902208565551633 0.137676989790384 -0.385761512452367 -0.202588362681633
-0.107967513850944 0.134246153075127 -0.1876997145623 -0.444658118263696
-0.0804808354675946 -0.0748346802855672 0.149812585746795 -0.458649985873922
0.102155846692919 -0.0796775497301565 0.280907571302121 -0.00846820290791759
0.313872487441867 -0.000558405410890488 -0.265385026242935 -0.0534214017594103
0.134278060923123 -0.27479613901502 -0.598486930064021 0.470726322945768
-0.196807805634119 -0.184295436923282 -0.0826200930759045 0.680825984710274
-0.177233350790883 0.101718191300059 0.247119373687977 0.394106965158627
-0.0233749532393094 0.128448349262864 0.239443975793139 0.0973915243687607
0.0340646144231599 0.0873514344976645 0.147772102288899 -0.0101515348776942
0.0448560660436374 0.0388657479398659 0.094083837461204 -0.0532325943795098
0.0283277990319133 -0.00513283579488892 -0.00120168472084989 -0.0320023627199407
0.035409035160383 -0.0128827810223332 -0.0818486700432729 0.0311699134684623
0.0874849834117283 0.0116589701707174 -0.182508905181043 0.0707917350827593
0.126276944921806 0.0753172808732571 -0.279677289226365 0.0377319212229328
0.0441738070253415 0.205395340798952 -0.359191943601222 -0.175954198947993
-0.205879695916988 0.0884370317716011 -0.231449436795171 -0.433039098727117
-0.0530408915485924 -0.180724562009714 0.126715977267843 -0.517799453474404
0.214112162683361 -0.091709419465185 0.275883653375616 -0.0327804608192456
0.28959165191834 -0.0311492308493943 -0.282930108770515 -0.0446133157710388
0.0479543884066261 -0.255273819567607 -0.479193536008479 0.427618572371911
-0.208467360351692 -0.0851389178570286 -0.0766125638378849 0.594204918335306
-0.0908023798100533 0.129705435682841 0.213212144401149 0.405963751983491
0.0161288444282624 0.0890754813079471 0.255529095002662 0.130459752654361
0.0265125759663875 0.0562372849853278 0.17205112472794 0.000987758347466941
0.0301614778613165 0.0220111409333998 0.108431704676167 -0.0432993887488671
0.0266957222172491 -0.0070801925596968 0.0138987149404642 -0.0187477657166604
0.0556965533358434 -0.000154673077599761 -0.0639361070375789 0.026125178156234
0.112901310790805 0.0524415656572415 -0.1502071312397 0.0530304008899781
0.100304473881021 0.14140723737222 -0.227711597676512 0.0416563645278589
-0.0688329106238579 0.222057821885648 -0.349004293547115 -0.134571378960176
-0.267025522311816 -0.0425212640021806 -0.285185407230429 -0.456391145934421
0.0397012041195265 -0.274442762118649 0.137058048241341 -0.597319247305232
0.314468440938731 -0.0672797800117893 0.260358369394307 -0.0599365156206096
0.233714510750168 -0.045067314813759 -0.27889857080035 -0.0438499204334022
-0.0048057169197452 -0.183068213785523 -0.397240949769033 0.365282594545384
-0.151205268705548 0.00162477360868086 -0.077694116980739 0.558068248646103
-0.0023318569465396 0.104458364903288 0.245418215323212 0.424210566744615
0.0305518545702121 0.0303499729634694 0.301433442744295 0.114258304438354
0.0063675753968496 0.0186822905375945 0.190214142635534 -0.0205968493356471
0.0132723876592097 0.00248250490992996 0.113398859721165 -0.0391799440207477
0.0241724343991847 -0.00489365494197324 0.0269946907303934 -0.00619874190234836
0.0657762518875221 0.0189164012226142 -0.0397587129249467 0.0299168211949217
0.102260961678475 0.0917940299932562 -0.107860258895895 0.0611767854214462
0.0234363337236962 0.172193677451404 -0.196033669956305 0.0792533497316807
-0.175660332502782 0.142074334616334 -0.386422999639452 -0.115480688660839
-0.214951593662454 -0.195513549081634 -0.310200030266268 -0.553047858368858
0.174228723957797 -0.286321164234803 0.213371957768939 -0.690607163771392
0.355184625229627 -0.00786155303567219 0.2431990541032 -0.0904164094291432
0.169590355442373 -0.04018573638233 -0.270773206338844 -0.0541611174600415
-0.00444800630526591 -0.109150361964965 -0.353738125049179 0.322022351502292
-0.0718061410563852 0.0257130771129371 -0.0498992171704226 0.554220603652824
0.0331085089923014 0.0479866798055161 0.318293349119421 0.409197701177901
0.0155790234420407 -0.013305032463325 0.344548812265922 0.0550296577874657
-0.0119410455768009 -0.00793245120529903 0.194792115405011 -0.0605249319908608
0.00332550607235861 -0.00880634836239467 0.112489242952609 -0.0422558420500232
0.0187672921000567 -0.00225940632679429 0.0326293601731988 0.0018225081044766
0.0566073734158208 0.0278635009388914 -0.0178962585204736 0.0405911310659004
0.0568798103533443 0.0965471426674802 -0.0803239783618996 0.0919863942701843
-0.0506186625122825 0.129919684633123 -0.209381716697342 0.117689224940017
-0.18165787872307 0.0124989480431029 -0.439528520475771 -0.169006580789862
-0.0643703847186229 -0.245813402719646 -0.242309737512504 -0.691772714935052
0.258345488204491 -0.184399762810709 0.36444836820311 -0.739766688108119
0.300855613880218 0.0539004000409745 0.231523862168841 -0.11783770578276
0.111788443821906 -0.0171294706251781 -0.270202100175443 -0.0653113098912687
0.0278762831504775 -0.062494357053844 -0.331100664059401 0.310764345993598
-0.0141195461934709 -0.00299436315650937 -0.00348632286523691 0.555538315301067
0.0141915673832047 -0.00473791563119422 0.390677530090046 0.367177658891191
-0.0124831724073687 -0.0272719084830663 0.370800767140379 -0.0105069648052657
-0.0192980323919003 -0.0152637968211893 0.191339656105634 -0.0964097218046698
0.000850718952636024 -0.0093194511490765 0.107151739886267 -0.0517557312641293
0.0102704013216612 -0.000685685215260177 0.0334709268491842 0.00636329081433409
0.0300749073905998 0.0204947754584378 -0.00655634655638417 0.0546485168854278
0.00843731511920823 0.0569830988247852 -0.0738327476695363 0.118135832863787
-0.0639731388012552 0.0440795475458166 -0.241820152875952 0.117581491706305
-0.0811562889594178 -0.0677004508777865 -0.440174963261621 -0.271896760079613
0.0718157133109436 -0.152065901729407 -0.0908370270432182 -0.783944326478489
0.214585088687992 -0.0338075536819959 0.525479671164869 -0.718583162067983
0.154884703870234 0.0765653697842997 0.227623526016308 -0.134982082245983
0.0107068750898281 -0.011369962083447 -0.124605860359865 -0.0378889548337058
0.0050710932108697 -0.0455384457047202 -0.688119220502108 0.473147204576916
-0.0673415106466692 -0.024992187794983 -0.0543421838468562 0.845346605247547
-0.0534062417025992 0.0457808536902086 0.455818175767862 0.391248308109965
-0.000231024500117158 0.0471858350388114 0.303126612689424 -0.0936523333686995
0.0199329511063715 0.0125288738613911 0.0719602502375749 -0.126650533808114
0.00766467062467668 0.000629250026195116 0.0260829316753689 -0.0772533653593387
0.000799612652757536 0.00246876651298223 -0.0259900516392988 -0.0434649123943683
0.00670859677575099 0.0108585405043432 -0.0782707122614714 0.0405062834606627
0.018658035609735 0.0174466727448958 -0.173701337597744 0.114047326873712
0.0225315604567339 0.0221608989199267 -0.308647528010518 0.0721472725105493
0.0195767822489322 0.0285998908465648 -0.375468247856674 -0.228943091596567
0.00568699237512318 0.0501881876443593 -0.109189302331368 -0.46364099361517
-0.0295110809289146 0.0394060020353332 0.195638620008004 -0.37685537446905
-0.0593342044419626 -0.00110071555504479 0.256337633338624 -0.00367423954030106
0.159504130549944 0.0142668402447687 -0.15876337749215 -0.0465340233688827
0.118981703876499 -0.131978541155134 -0.703801791863204 0.455994514851071
-0.0876681273819348 -0.138420920474316 -0.102965424839174 0.809924367137123
-0.141188502046677 0.0385298110441261 0.385648231603068 0.40806155396127
-0.0374803330350548 0.0967635422173083 0.286309121230836 -0.0339412559429149
0.0297810427049554 0.0600970093137279 0.0942105552835418 -0.0987771135286847
0.0333603145386088 0.0230718837865292 0.0420962913515967 -0.077499074359448
0.0122476430376893 0.000676922969020118 -0.0213817737047786 -0.0430871324376631
0.00644549812587361 -0.00262292166136044 -0.0795764164129019 0.0406541307590067
0.0244001973067752 0.000838467743273711 -0.175546207595303 0.11603242091252
0.0561635133782597 0.0101218661748458 -0.307834925140768 0.0850064087972532
0.0695122029953988 0.067955293207071 -0.387641701696152 -0.195453821929101
-0.0300933137108854 0.10494482829903 -0.156207957635484 -0.44005537447797
-0.061985714104569 0.00115898689314835 0.160282418252953 -0.404718950486525
0.00512770205890296 -0.0426795029453231 0.26494862496125 -0.00886694122853067
0.259550312808584 0.0127690267663147 -0.213041260595639 -0.0512412096439361
0.158840844549319 -0.217146856224763 -0.654012003136569 0.470108532386059
-0.136971786757038 -0.1952109106742 -0.0817864579892579 0.741936552887084
-0.186182830395909 0.0595145517107644 0.314746001591308 0.383054189208912
-0.0450700137547074 0.125155781114799 0.249749173592638 0.0258572490002009
0.035287549409338 0.0845160362220226 0.115715422195524 -0.0537395101229848
0.0447277265829405 0.0357611697843789 0.0651064980184184 -0.0679902921237261
0.0195456308274948 -0.00172759237399214 -0.0145439376693164 -0.0393806509068305
0.0138307454126802 -0.0139209260971343 -0.0808663334111027 0.0384729950869208
0.0468192800012761 -0.00753865029030597 -0.178200687992049 0.102114808489282
0.0953606084863099 0.0184371164235122 -0.295624240679708 0.0718944311506751
0.0916067222461805 0.12478853107645 -0.377456817336154 -0.176324899282212
-0.0952651219713243 0.131297508197046 -0.195456608124298 -0.416002386070589
-0.0809319909289494 -0.0666231230993624 0.12535491749887 -0.44251177491544
0.0905166764545656 -0.0803563093044761 0.2694889302133 -0.0238742531509575
0.293534642954 -0.0140817774478502 -0.256717825657659 -0.0425435032216143
0.111355356105126 -0.264981159991008 -0.548802798995848 0.469047987416111
-0.194996308671415 -0.164694916752565 -0.0540718525664079 0.645578306089622
-0.161760210896306 0.104101045431083 0.249047358976921 0.364661493916267
-0.016095557425548 0.122041751513461 0.232234789644909 0.0821266594787236
0.0363309504964037 0.079035232172606 0.140224513780492 -0.0164931011285316
0.0431361041787074 0.0337151268992004 0.0851165387498825 -0.0544095276765615
0.0226152503362944 -0.00548859105709199 -0.0031981370422205 -0.0305171139610847
0.0301657188442878 -0.0148594383714632 -0.0756576812573459 0.0332543861182305
0.0822539926162041 0.00624744445885819 -0.167805964342454 0.0777897188070118
0.122203609307437 0.065011636549306 -0.263709160258559 0.0498977188853784
0.0514514142587951 0.190580379375398 -0.349666061966986 -0.153647515500112
-0.18880316031619 0.0936990964907258 -0.235877666852159 -0.403291223354425
-0.0612468044650992 -0.166958915307305 0.101215541463537 -0.494733112108915
0.196053118284694 -0.0986940656274572 0.263005088185866 -0.0447386590897612
0.269704388542595 -0.0437868174989105 -0.273516905932986 -0.0324403670259608
0.03094186768015 -0.243178588673532 -0.439547189460162 0.42228714313556
-0.200514753255575 -0.069612722209779 -0.0533636196420985 0.564313592432907
-0.0787364144625551 0.12694430246201 0.219161391607801 0.37781826663883
0.0203350792973218 0.0821031980282339 0.248700357996748 0.111826728913973
0.0274666301447729 0.0508742011256809 0.164547833490019 -0.00600830491984147
0.0287332824072821 0.0191656761478024 0.0981373976901683 -0.0450996806714242
0.0225212382127555 -0.00755496551770214 0.011296400405198 -0.0191391601310001
0.0502437652218601 -0.00329250023146406 -0.0592336791299179 0.0286411653371952
0.110002065888555 0.0421321697921795 -0.139534181427824 0.0591234660588458
0.10312167561198 0.128900669340911 -0.214959023938527 0.0498100527142361
-0.0546955292512114 0.213122662741071 -0.336901860786752 -0.115989495711641
-0.254551671064241 -0.0254458179785849 -0.284744817508778 -0.423463041352694
0.0215374337491294 -0.260207634346005 0.109054018554258 -0.570461503169254
0.291241113198856 -0.0794594882619403 0.248139514039878 -0.068961599068424
0.215853590963007 -0.055164833730341 -0.271353014528371 -0.0301297550467587
-0.0154285242935722 -0.173195564116026 -0.364900495025315 0.361625704679691
-0.14363196232271 0.00951890794583871 -0.0535768060282264 0.533054549171976
0.00252601228035603 0.0979060728601322 0.253940056760127 0.392812388298398
0.030759893009504 0.0276911300231668 0.292408935868092 0.0927397738458343
0.00805240867260788 0.0170898931217471 0.180350002873236 -0.0296609410237217
0.0115495909082162 0.00143118560152216 0.105152973296856 -0.0432255598508528
0.0199198870977289 -0.00635921133802394 0.0227555206014244 -0.0076500521982124
0.0619868001028427 0.0118733491323467 -0.0384219365302854 0.0292103267821766
0.102278257709907 0.0791819944922696 -0.100195687947039 0.0637807831103513
0.0322634025782663 0.162466906129367 -0.181827726077071 0.0829808758426711
-0.158546055703515 0.143839368911558 -0.368094215571053 -0.0957871371515322
-0.213131040453959 -0.171100911283495 -0.311935051363162 -0.510502894829666
0.147565144401182 -0.276866903442776 0.17672203059035 -0.66249683587525
0.332997749764184 -0.0252825599597018 0.232308748292739 -0.0974458803359867
0.156636427269725 -0.046625291579765 -0.263860599768411 -0.0398957092155576
-0.0116948928637612 -0.103974125476701 -0.324840724423612 0.321638136380467
-0.0674017511504149 0.0290130501645281 -0.0260513435073488 0.531309302211245
0.0341592121210214 0.0436920918178539 0.321105286118123 0.374656726094435
0.0139806698512328 -0.0127459175807754 0.329768683516195 0.0335783777301049
-0.00970012043878185 -0.006789189361342 0.182181502746803 -0.0683530122402985
0.00299566447378272 -0.00897155799878122 0.104359847693943 -0.0467413980233509
0.0160326547661361 -0.0036387648151019 0.0294597810445842 1.69964378969478E-05
0.0540347285562396 0.0208261796986002 -0.0160248903613754 0.038456275631028
0.0602208231798065 0.0863096365478913 -0.0706689027919311 0.0898450888145867
-0.0391302508290929 0.12611864167187 -0.190921545074666 0.118457846492926
-0.169292450128579 0.0225527230929666 -0.418459153807149 -0.142911620921027
-0.0732339026124399 -0.22636252916989 -0.251522489183995 -0.642540413268293
0.232060216791711 -0.184154228861532 0.318157857058241 -0.711744551597742
0.28455811897721 0.0343406809151718 0.218820731183676 -0.122366397261157
0.102689561249826 -0.022081285811982 -0.264049588942853 -0.0491284744633634
0.0213449804166778 -0.0615735111801953 -0.303060641456098 0.312568770686524
-0.0136876727808624 -0.00254468595794285 0.0200022892025409 0.529620605719368
0.0132853167393845 -0.00439200262210086 0.389387124296322 0.330939561710983
-0.0129982939369093 -0.0237635040855471 0.352199994577713 -0.031191807634504
-0.0175491140299188 -0.0137327682697338 0.177329392009517 -0.103915356416017
0.00048662716477996 -0.0092397506767104 0.0990527834972444 -0.0537798586468665
0.00838045202644432 -0.00158797590303321 0.0306000156661823 0.00397465583004431
0.0285095659208545 0.0166644202177188 -0.00454520966362023 0.0504148138018392
0.0124737841072753 0.0526271871984979 -0.0641939450391815 0.113556391161325
-0.0575349539600999 0.0459360301774999 -0.221655899507605 0.119817830063522
-0.0799648871338042 -0.0588653777712735 -0.422136043511709 -0.238372745837594
0.0599614329885936 -0.146127728519964 -0.114533267176384 -0.736653561279274
0.198675884667912 -0.0424728656108743 0.469246670192873 -0.697379207530381
0.14946665140201 0.0643586156207495 0.216176746909976 -0.13617058116692
0.00851215093736538 -0.0100527491405173 -0.126257900612089 -0.0385143817720108
0.0068198537491911 -0.0435849452931368 -0.663665365955449 0.453372896781056
-0.0641518375995793 -0.0254210049238136 -0.0570922760231859 0.808023056648887
-0.051019761070571 0.0427726588949748 0.435919922968606 0.374071271930514
-0.000687994718015334 0.0447413386029568 0.288706572286577 -0.0894177529886796
0.0181798030835855 0.0109055953361818 0.0691372559509319 -0.11936419061702
0.00578538699101556 0.000563238293140788 0.0257105339802637 -0.0739723788540941
-0.00130082569801582 0.00418465645085781 -0.0252263523234821 -0.0417252342385607
0.00603816039341585 0.0108848599522837 -0.0728287823883737 0.0385447230202952
0.0184149191783329 0.0170988301376137 -0.163404354989398 0.112688158917859
0.0194428974013678 0.0218603637798069 -0.294111354415457 0.0721796906728713
0.0185228722777667 0.0268493022408688 -0.363763156640438 -0.220732325887835
0.00665749134182616 0.0469014770817609 -0.104249449977179 -0.449674809329743
-0.0277703079169255 0.0381946627175036 0.189534104847422 -0.364204649365113
-0.0588607652702717 0.000109684531184939 0.249505077683139 -0.00705673468382679
0.151425434351741 0.0133150756767155 -0.156971661468194 -0.0482278855142689
0.112969016655713 -0.125989008458875 -0.678319915537169 0.434552816842216
-0.0846828173244276 -0.132585193352638 -0.101910488303681 0.774599552427124
-0.135106158689241 0.0368519078143672 0.367055737671605 0.390650402923121
-0.0360190137146108 0.0920874261716529 0.272863550983026 -0.0330948768135657
0.0280001274086905 0.0560181905211081 0.0904440538049002 -0.0936361467262411
0.0307686044210237 0.0210634582679549 0.0407412340246052 -0.0742560633755486
0.00984821493508867 0.00164944533466437 -0.021599308834412 -0.0416000563708662
0.00391123506799104 -0.00291309403239183 -0.0749326454271269 0.0391702593101076
0.0236601517240756 0.00122144028291117 -0.167038079773738 0.113722384164868
0.0530629953404965 0.0091156479590673 -0.294393232527748 0.0845930576774415
0.0663959324912448 0.0637795069586041 -0.376797505980394 -0.18824196272622
-0.027660760188815 0.100148235858597 -0.149696340375933 -0.425543656052413
-0.0606137392061062 0.00178910532691661 0.156116443805161 -0.390622319165395
0.00302211762972319 -0.0427116367118319 0.258591097826538 -0.0114122372501211
0.246813157264319 0.011552733893188 -0.208602566600449 -0.0518036046014236
0.149853823945832 -0.208373631072187 -0.631065419647147 0.451031218199276
-0.132715483758192 -0.186470426589843 -0.0816881924837555 0.710993604731524
-0.177460432018599 0.058003118952016 0.29884169033499 0.368082709802013
-0.0427224271370729 0.119911723015999 0.239783555176073 0.0242240541765916
0.0340272346964663 0.0795784783407856 0.111507325830563 -0.0516147518356155
0.0426681610536432 0.0330328306340471 0.0615487931844225 -0.0652447891717851
0.0161805348530876 -0.00100920078272725 -0.0150309678482288 -0.0374402947847721
0.0102902815661565 -0.0130101967180861 -0.0768417985137621 0.037974289255227
0.0448140507180321 -0.00778272467558636 -0.169595066819833 0.100932992677976
0.0911858697429315 0.0175644641322836 -0.283397386424027 0.0717036550221008
0.0887709267939072 0.118005339324869 -0.364518210107307 -0.169999467162148
-0.0901500979950977 0.1267980043536 -0.185561135890252 -0.404349409484254
-0.0794058534316453 -0.0638456422297104 0.123065342269739 -0.426507277678712
0.0851655948992345 -0.078840322953195 0.262321979443146 -0.0257329893315883
0.279766058687952 -0.0153508462865104 -0.250423352714807 -0.0426565215995408
0.102687950526101 -0.254250944239162 -0.530518738682519 0.448955541536727
-0.188730314505835 -0.156154142344737 -0.0551922558301253 0.618820444409315
-0.154497140954315 0.100981635794256 0.237144222031768 0.351999999243476
-0.0151809947442827 0.117124207783375 0.223303761810761 0.0770076590186397
0.0363486450513013 0.0740895597935608 0.134611458909001 -0.0165521814555388
0.0404392811065262 0.0308683758853933 0.0805890296198572 -0.0534137434784484
0.0194036392576716 -0.00385387167672547 -0.00457183809179819 -0.0287315959780514
0.0271185874906109 -0.0141112396994581 -0.0736228239754111 0.0332771500991039
0.0791866124675139 0.00389137243332911 -0.160783991990053 0.0776622654743558
0.11728370936962 0.0609702484675188 -0.25372779254333 0.0506057972538963
0.0515184838125266 0.181996850679525 -0.338602985285162 -0.148309623450059
-0.180178791089465 0.0932500997240047 -0.224136203607442 -0.391295829058895
-0.0614311840676089 -0.16045912007717 0.100369925419654 -0.47696588955515
0.185218032801492 -0.0960893395505312 0.256643580019008 -0.0450674878261259
0.255658163394313 -0.0433653188242058 -0.266234662455739 -0.0322564212332533
0.0250626037972068 -0.233085456966746 -0.423601676844166 0.404745355227699
-0.193533007551496 -0.0651952966406661 -0.0553295644319664 0.542245107387538
-0.0736819461892759 0.121177145230333 0.211977067148106 0.36537748263258
0.019673764059662 0.0798013177392452 0.241865947353028 0.105247215774618
0.028190862209761 0.0469708844481679 0.157500750130935 -0.00892931776611322
0.0272906248418933 0.0172622564837948 0.0925042612920976 -0.0454011969438101
0.0188221454984499 -0.00692414497824054 0.00708962960435673 -0.0182903055819431
0.0462674468524002 -0.00427559293986362 -0.0587034323263952 0.0289292498991785
0.105628109817694 0.0376386059721706 -0.133983214002735 0.059917952875282
0.0998590841188879 0.122530600064425 -0.206907168333299 0.0494372909401023
-0.0500640462357759 0.204638275568785 -0.323918680704313 -0.112892841067298
-0.24354449306082 -0.021256977384016 -0.271042847687812 -0.40822949519791
0.0166895469041209 -0.249384234064232 0.105120334931622 -0.54976496255705
0.276684667929003 -0.0796104842751209 0.241979954178749 -0.0698663460272123
0.203541382365874 -0.0545685706781207 -0.264319118628056 -0.0299666937478266
-0.0178117390213354 -0.166263726162355 -0.35256244064597 0.346771396618125
-0.138512639413032 0.0106583525939313 -0.0533520113277202 0.514133680088608
0.00346973628707361 0.0937132258703248 0.246365685679398 0.379927428996781
0.030163176249605 0.0270861011594641 0.283392277348698 0.0860991055651302
0.0094800468533133 0.0153705322238088 0.172034004496519 -0.030568920127003
0.0109299895208131 0.000197639976805218 0.0990210530767699 -0.0436460180258184
0.0172931560821752 -0.00541358683960058 0.0205706742818845 -0.00734013490309699
0.0582636768908585 0.00961540508311659 -0.0372538791815585 0.0293648068411644
0.0986777905593942 0.0730133506537031 -0.0963943991482074 0.0630275758022856
0.0329946152070426 0.155434894559185 -0.175291974215515 0.0798668231612841
-0.149183652108388 0.140833866896719 -0.352130989155106 -0.094918096056361
-0.206366508579346 -0.160802750634126 -0.294861679532317 -0.491226635979133
0.138576303318393 -0.265324859433347 0.173928026105788 -0.633886755529687
0.317558879954851 -0.0271211443686119 0.226266409406563 -0.0954517620070832
0.148190892455504 -0.0448615917949703 -0.258329227589864 -0.0379183167657628
-0.0140085054798651 -0.100900918173802 -0.314339752921521 0.31001398697029
-0.0652476186108669 0.0283248801502901 -0.0247847268948473 0.512765177743457
0.0329242558297445 0.0420500629747368 0.314462335790848 0.363050496115418
0.0134734742122335 -0.0102644339843616 0.320041331712156 0.0285522015541885
-0.00847944719076348 -0.00674258024834897 0.17386842521098 -0.069005993947344
0.00215003718484119 -0.00998376883692883 0.0988461047955501 -0.0470794004247621
0.014778358284217 -0.0038070895134171 0.0269990853280798 0.00103737351226326
0.0505256459126777 0.0182780204904368 -0.017322813397184 0.0363844312286348
0.0597059981261832 0.0813742170101555 -0.0673571927407541 0.0873035434788165
-0.0353186823584905 0.121737146740044 -0.181758456838753 0.113636315496556
-0.161527283689281 0.0246715264366696 -0.398441760614623 -0.137643938481319
-0.0715891641211124 -0.214666214769511 -0.238470232078122 -0.617322681817295
0.219775408572588 -0.177170178430663 0.307729358170758 -0.682854984043549
0.271599248251297 0.0307400736109092 0.215875149041867 -0.117327035464736
0.0971604270448849 -0.0219165524919267 -0.25893659878739 -0.0444862096337973
0.0186848463891025 -0.0601599060070465 -0.293317984400599 0.30304318335265
-0.0140720835304006 -0.00191138258841108 0.0204150156597718 0.511619781985905
0.0136060797210211 -0.00412597575002153 0.380548135892613 0.318328426596721
-0.0120765931485656 -0.0214855630070832 0.33949559563744 -0.0351009828705319
-0.0168688331882038 -0.0134455379692205 0.168723211513841 -0.103839872282874
0.00208868026132781 -0.0104347998186899 0.093676581159702 -0.0531255214130444
0.00808532030571215 -0.00163697899322875 0.0272363728309884 0.00406507801792061
0.0277355914300716 0.0135108093591711 -0.00675324217670464 0.0474918142587877
0.0144711299135792 0.0491531251018433 -0.0605146757411319 0.107690055732469
-0.05261252356056 0.0456643008037858 -0.210958516849782 0.112775891035672
-0.0762636678005159 -0.0535532530516318 -0.403223964141315 -0.230462455755558
0.0561964126161526 -0.138051659032761 -0.104385378584223 -0.705070276795859
0.188139248343941 -0.0404579669875873 0.453988170275702 -0.667007720474867
0.141910236738957 0.0597827115938439 0.213506697569181 -0.12954749477955
0.010224536830647 -0.0079643684869881 -0.124461184669362 -0.0590945790705642
0.013353947448476 -0.0444008950936962 -0.725850884273395 0.353890337327427
-0.0603383617364817 -0.0390251514478867 -0.169510631683363 0.787412636620019
-0.0573328054713579 0.0329514598455511 0.375149415659307 0.421008268164591
-0.00697684797299099 0.042811477576342 0.29339319537445 -0.050389534306151
0.0134608292381726 0.0115058000223796 0.0863056271191824 -0.106055757611563
0.0053274955560355 0.00129693116463049 0.0359500414060584 -0.0707904722835373
-0.00331577542508225 0.00520824516683126 -0.0186887813460126 -0.0452315757167927
0.00306849939257828 0.0119924762093146 -0.0772807053481896 0.0258011877445916
0.0145429279698089 0.0213941529819493 -0.176294573430516 0.0862616020558948
0.0133174471104421 0.0274490338027908 -0.300118011228731 0.024956813347233
0.00874971779852783 0.0320323089223109 -0.327959720127273 -0.2786255089162
-0.00833357909616251 0.0423518060573563 -0.0275654019098145 -0.463466872430147
-0.036051839765202 0.0293263826371417 0.251747833289326 -0.331386048694216
-0.0568726667475779 -0.0138003443292865 0.254890825804203 0.0326110963795694
0.145073006594838 0.0334499993871196 -0.160541542610311 -0.0639926390669759
0.128116575770907 -0.10938095990143 -0.736654257508553 0.341286303476554
-0.0646090588938525 -0.145338713959904 -0.204126079083881 0.751105966774207
-0.13844379900295 0.0141741430132292 0.309067112392427 0.425626780439866
-0.0498185118811182 0.0840745635221682 0.27120599276768 0.00133780219458954
0.0173942991695723 0.056852881276605 0.100582420309805 -0.0787740974218868
0.0256854516533224 0.0243370239864049 0.0502116364518878 -0.0683581171953074
0.00614608759696487 0.00387595379254556 -0.0150680299224294 -0.0443999227836735
0.00321140282265341 -0.000163121089056507 -0.080012964225505 0.0265065787250817
0.0224140271242083 0.00628586250350557 -0.180055298769733 0.0875906938113717
0.0472893853190369 0.0209234991848404 -0.303037451754612 0.036819106744872
0.0498622426178864 0.0758889344684937 -0.345516742386892 -0.249543966867584
-0.0505377528962921 0.0908787174149479 -0.0746263264305355 -0.448462759639675
-0.0632650835652986 -0.0120143877738245 0.220692673280026 -0.361419527282153
0.00861691315918381 -0.0449274260150221 0.263871617879961 0.0296911574750733
0.239572902003143 0.0447614359944042 -0.213067355463706 -0.0686594153746944
0.176300661778246 -0.183808921690809 -0.688996846030371 0.366617495923285
-0.104022715889228 -0.203730020380414 -0.170205307137299 0.689731895609304
-0.182612352282185 0.0283928463500823 0.246360054995072 0.393208443806685
-0.0609573359927335 0.110080590745041 0.231493501735326 0.0510068478647238
0.0202932294651103 0.0806717296682684 0.114309158118996 -0.035257507998601
0.0356543393786025 0.0371199510760128 0.0682423617288698 -0.057864879529691
0.0134605349900249 0.00265372072781081 -0.00977930981522446 -0.0390466164850267
0.00968546618935049 -0.00938762169161457 -0.0815695015003509 0.025506199727496
0.0448300250193845 0.000749807054306639 -0.18148117001907 0.0737899446209539
0.0833219242520227 0.0346104654229414 -0.291333542117514 0.0259681139641708
0.0635075976433282 0.132561566718029 -0.33717656726836 -0.231295055741281
-0.115109240071929 0.109006169541574 -0.111927019805992 -0.43086762989347
-0.073372081585499 -0.0778470190524257 0.192636173554312 -0.399399613000876
0.0948242481522822 -0.0675040350889296 0.269219636734628 0.0174114929166532
0.274044305305905 0.0214712646877634 -0.25493368998375 -0.0610280211786573
0.136205436510127 -0.235868224276571 -0.585064105239554 0.377272949960415
-0.163540452718849 -0.181601782153712 -0.131496934173221 0.599082521891811
-0.165839802463449 0.0731202910193041 0.186724132007696 0.368378108962003
-0.0328401600049354 0.11241255272629 0.207580471074178 0.100745841376134
0.0240146810187588 0.075539726319595 0.132140166041401 0.00107905552579616
0.0338726961589884 0.034681589899868 0.0843497768304009 -0.0434148640218959
0.0174318942325559 -0.000359468882265087 -0.00197052549734089 -0.0283784258285596
0.0258582330856918 -0.00874474969842646 -0.0782968578686942 0.0221819141690262
0.0766011306872376 0.0170364172968545 -0.170523624751983 0.0521419196892894
0.102641925501175 0.0798015468357 -0.258445967073692 0.00804663564326201
0.017619024489782 0.189568147883055 -0.311472086203722 -0.207337987150237
-0.200190934888989 0.0627142204670697 -0.15123427015594 -0.421522924075364
-0.0427243437745134 -0.168420738375282 0.176720529030119 -0.450800092379077
0.194020310719711 -0.0685926895732687 0.264686479839024 -0.00492859044418847
0.255137825650661 -0.0090586557113438 -0.269590056076966 -0.0521416012318134
0.0585601754455754 -0.226479495896577 -0.474593621391247 0.346656042064581
-0.182242135519862 -0.094445338997375 -0.123770994422343 0.52390283940522
-0.0923153424882838 0.104969818498701 0.157400572609835 0.3805331498518
0.00628677739176886 0.0815610995241001 0.221908649910918 0.132878179450624
0.0193437910389883 0.0487334464996602 0.155307486313023 0.0123932679856505
0.0235376307129802 0.0187552357281 0.0949851500955639 -0.0346223540483366
0.017395350804869 -0.00221231417598722 0.00986157463318407 -0.0159919515813537
0.0434649848844999 0.00306706138317271 -0.0627721222077061 0.0194266273680028
0.0979061733797443 0.0518948653244041 -0.140489301016455 0.0375960375882009
0.076653741127488 0.137393071421228 -0.210805998200045 0.0135020231827542
-0.0830162401690437 0.195830645303666 -0.301166244411945 -0.169409341313183
-0.245100483186555 -0.0566763288195014 -0.192482549376387 -0.444062514286276
0.0468999433578297 -0.242819451501027 0.192882364780261 -0.521842919151444
0.280116218925889 -0.0376226188711996 0.253409675560061 -0.0314380707929334
0.206414374881426 -0.0258810884531524 -0.264853476085053 -0.0523711475727221
0.00408359348993687 -0.168193961567722 -0.395128361654026 0.297309014439383
-0.139310012936493 -0.0113682435152027 -0.123936684556829 0.496457639516347
-0.012634289278086 0.092031434186852 0.189359215817829 0.402867448545845
0.0246368174659109 0.0344192909540864 0.265224232712081 0.120417911901834
0.00684638839677155 0.0147620397505308 0.173244098620386 -0.00770836820208646
0.010476614706452 0.000558099483399091 0.101684131992284 -0.0322887307890696
0.0161370132616322 -0.00170829415681609 0.019570518872354 -0.00344518468036376
0.0530184483619615 0.0177473838359756 -0.0412698042189391 0.0222463120592715
0.0860609859543916 0.0847257715899572 -0.10218513589661 0.0465904480316189
0.00842363598529072 0.157483140408428 -0.181996210001982 0.0493010609153467
-0.170642491201345 0.119362269952306 -0.329317141424464 -0.153645718383807
-0.188013840261153 -0.186632570000809 -0.206118653542942 -0.526547298929754
0.166955260884437 -0.239845540210154 0.269655361366234 -0.594717223654872
0.31117711753606 0.0198441799179932 0.243061478650288 -0.0607764482203566
0.151069413350916 -0.0258166988746672 -0.258000508880244 -0.060011890996457
-0.00202684629514837 -0.10344311334775 -0.354782129589609 0.266109257415291
-0.070151352173514 0.0163433085184984 -0.0974223201621496 0.505088187723335
0.022833197058657 0.0468501182870054 0.261002111834388 0.397095345019263
0.0157754647750296 -0.00440848686770726 0.309341471471067 0.0692853740014584
-0.00709790069450986 -0.00933633304857322 0.181310940803399 -0.0452053859783816
0.00498203932716934 -0.0110898128646761 0.102311624430423 -0.036399157392759
0.0138532499583112 -0.00177428636229957 0.0251089010362056 0.00480877839562537
0.04654842904516 0.0238808080112717 -0.0244463116729612 0.0331543578394295
0.0481144282531012 0.0864774657221445 -0.0780072070414051 0.0730294353059655
-0.0512906248887851 0.116299871776648 -0.194427365965185 0.0804196778574254
-0.165310774934916 0.0048462287449503 -0.36629536723845 -0.202344053130167
-0.0506573229243484 -0.220051147014397 -0.130716332925043 -0.642334570469068
0.231261898107567 -0.143469858901539 0.411783119505031 -0.623869782847959
0.257239183169883 0.0688662728529231 0.237229327133814 -0.0833611551401785
0.0982398933846041 -0.00840286145864958 -0.258230364135825 -0.0714944337198601
0.02514714931074 -0.0590856531995383 -0.334995591540524 0.264074655360069
-0.015348002633862 -0.00549681526841211 -0.0528911231602721 0.514914216656199
0.0110542248048013 -0.000463156604423653 0.332973673226367 0.36357739386895
-0.00716644854421016 -0.0201398531253752 0.339673839653451 0.00864064887536205
-0.0136895365076986 -0.0167395163261579 0.183310045956006 -0.08119098912717
0.00315727682371776 -0.0122532805139714 0.0987616642931524 -0.0431902988749998
0.00800558252654624 -0.000985928297057388 0.0256870843984742 0.00762034989172897
0.0250485313994746 0.0165101519751311 -0.0151116628961228 0.0452456185470786
0.00830937479122536 0.0498963216573587 -0.0749282763607925 0.0950369826268685
-0.0572273868913721 0.0408614971204521 -0.223091901954227 0.0771479774503876
-0.0699188452368732 -0.0588905319519963 -0.356363366813905 -0.291333054459123
0.0624401796008215 -0.130166871006361 0.0137892262960394 -0.70987935522771
0.180645752104348 -0.0169012050566098 0.5563820786944 -0.585013331567662
0.125770874517585 0.0762275632545389 0.239880553209969 -0.0937461433049534
0.00894256676732363 -0.00723356247109346 -0.133041884377548 -0.0640749043968788
0.0143379503307655 -0.0450105918813822 -0.746960720827843 0.359328147684378
-0.0608905959970902 -0.0404418844457019 -0.177620503488384 0.805828074219337
-0.0586115977865359 0.032179525119942 0.381301804659692 0.431798979552509
-0.00755175597834116 0.0440250455715444 0.2995597027561 -0.0511091115916973
0.0132067813398508 0.0118653785356739 0.0883825310477949 -0.107575544273049
0.00348041409884363 0.000669513735203445 0.037652651957181 -0.0727199884474965
-0.00466845088424327 0.00553481486277247 -0.0188010986403239 -0.0463140275834764
0.00195918979615407 0.0126696891339792 -0.0782404752621362 0.025866787903565
0.0154839966722312 0.0215950743135984 -0.178710789851397 0.0903272503765357
0.0137008374847036 0.0279670205951469 -0.307189515010638 0.0276299864585281
0.00862139909424737 0.0319056013041693 -0.339163560395292 -0.286876047208408
-0.00732275327466708 0.0428355637549103 -0.026751756447468 -0.48089784524412
-0.036275982623891 0.0298635431922765 0.263254604622241 -0.341522155436686
-0.0599885350354663 -0.0135516381719451 0.266251081403328 0.0305139321518427
0.147249780560636 0.0349615927228296 -0.168210086646072 -0.0699106498570336
0.130712232713419 -0.111637194725477 -0.757430432958915 0.345013861477248
-0.0666626658200735 -0.148670056204237 -0.213826580365969 0.768844965712706
-0.140459266459359 0.0144780582737169 0.312399939531205 0.437454962164292
-0.0505554258214571 0.0860473935772904 0.27607004618637 -0.000163756632347608
0.0174025706605945 0.0565726834666996 0.102664726821853 -0.0798814631893235
0.0257243055748942 0.0231107651672763 0.0508641885754197 -0.0710768313953094
0.00461117787448692 0.00488155443700459 -0.0168625113150974 -0.045333935680635
0.0010263694600029 -0.00041775900640758 -0.0810388304502664 0.027892607703104
0.0229059200416402 0.00687201667350566 -0.183096789570303 0.0922077298946542
0.0475942344414871 0.0224192438920277 -0.310264724962347 0.040884660715058
0.0513018888980092 0.0763958403132599 -0.357207673044449 -0.256235317425811
-0.0507415081301538 0.0920239174325682 -0.0750072423254765 -0.464461336521261
-0.065996875304884 -0.012268402858036 0.229431153718391 -0.37255948766121
0.00671757944565231 -0.0461174139367096 0.274462603668519 0.0274815902330664
0.243591181745293 0.0448953116270195 -0.222115437430991 -0.0736695983326838
0.178205147960967 -0.188032277883712 -0.708464262065296 0.371029269140247
-0.108264682458864 -0.20869553196526 -0.180366020113731 0.704686843366729
-0.18584383015223 0.0292085721301608 0.249199702345778 0.404032852083672
-0.0607892497539449 0.112247637182477 0.236031657122436 0.0518207061993748
0.020782168641701 0.0805968999433634 0.116364359479457 -0.0365436648263673
0.0354442856235221 0.0356751298182293 0.0688024585843074 -0.0604306764558398
0.0115291505040244 0.00369639050816152 -0.0119179231784857 -0.0397727651659023
0.00777520786195203 -0.00898052758959765 -0.0839933704251371 0.027212477601575
0.0453694081191972 0.000192323139541879 -0.185149368152652 0.0780212149442259
0.0856011086269834 0.035726478546536 -0.298807526407716 0.0283934076940258
0.0656960823832057 0.134762736072501 -0.34825525265325 -0.238517547759507
-0.117939874817925 0.111702411043367 -0.113348771721808 -0.445550662871779
-0.0770097992838804 -0.0795227981436413 0.200556581277896 -0.411167359368958
0.0946812596251474 -0.0706691734939954 0.280475513190273 0.0144423757850361
0.279318293572605 0.0221941843701967 -0.263754359851818 -0.0651044324011541
0.137118433736248 -0.241541498664971 -0.604216672411046 0.383680023112921
-0.169390488111471 -0.184614946884615 -0.138773986210177 0.614329161908605
-0.169660538835865 0.0759058251747037 0.188743748625265 0.380699847333273
-0.0326152457555114 0.115889661662013 0.212548721310786 0.102762931764916
0.024417248252579 0.0758404220149855 0.135069159599539 0.0012154413839698
0.0344055558366748 0.0328792484076123 0.0843590660912491 -0.0457184305979853
0.0151174218216691 0.000521501726272938 -0.00368268515447419 -0.0284108576018425
0.0236337316304856 -0.00858504841723057 -0.0787961857940278 0.0232872509304013
0.0789713114342545 0.0156770548223196 -0.174159308557244 0.0549017237587429
0.106980512099032 0.0812103881285014 -0.265076769667561 0.00999448327864617
0.019096318726457 0.193489853677441 -0.322083642252586 -0.213240266219366
-0.20443292009218 0.0665149416931421 -0.151034457007401 -0.4361702931083
-0.0461163109576821 -0.17247705602268 0.185000340009163 -0.462469974322333
0.197029874788305 -0.0731935441676013 0.275776775023234 -0.00685898351093001
0.260139912375668 -0.00936429058450775 -0.278860267313802 -0.0551177815259527
0.0553236094094311 -0.231726500550371 -0.491022682474228 0.351349055331965
-0.188779256712636 -0.094208092321022 -0.132309156029944 0.535169199163197
-0.0936481192333386 0.108034790378027 0.160808572460023 0.394219205640376
0.00789776471522889 0.0843562985534729 0.228011232369298 0.1345279713997
0.0212774280301475 0.0483681021988418 0.157912288330031 0.0115155660454424
0.0229298917453883 0.0179081707335355 0.095519148946062 -0.0369205250633741
0.0152500194133855 -0.00131065378582839 0.00819227757621696 -0.0167915916450849
0.0428560369574201 0.00137390895342499 -0.065272312965216 0.0203585506538796
0.100107817137143 0.0511895885472265 -0.143373172030396 0.0404113207149299
0.0817057042840045 0.139797806642029 -0.216037476836455 0.0149801579034145
-0.083433217766291 0.201711891190477 -0.310381033361718 -0.176099441258171
-0.251435290991462 -0.0550217535032825 -0.193119441828013 -0.458980853893653
0.0451212319410957 -0.249303729693547 0.198964402222951 -0.534241923027625
0.285281313752932 -0.0412822351725039 0.263791395202874 -0.0341342386137969
0.210462528536507 -0.02826981274731 -0.276257268616321 -0.0544244222102513
0.000766492812421225 -0.172183382854662 -0.410931754021895 0.302627390113791
-0.144773016739364 -0.0113070111126879 -0.130494679023309 0.509683073028257
-0.0131871936331081 0.0935672514662423 0.195418920291609 0.416778281338036
0.0265455656708506 0.0354144252536001 0.272966556053333 0.121947201249967
0.00798319633976002 0.0141811112692296 0.176124207027478 -0.00922623020780224
0.0109660590742736 -0.000751399448742243 0.102856087219407 -0.035522479257643
0.0145731459497844 -0.0017864332104402 0.0195947865756384 -0.00393095761037389
0.053275491761834 0.0168385491418264 -0.0443322938623902 0.022011793107509
0.0897219066774645 0.0856723577139729 -0.105240971614258 0.0479953425140663
0.0122642369204257 0.1615964330716 -0.186741467551375 0.0501855025437036
-0.172278777993682 0.124625681815887 -0.336968101682603 -0.159597527760951
-0.193912704091758 -0.18756184739899 -0.207021224403579 -0.542234655988081
0.167971834147938 -0.245434259734581 0.280165014389529 -0.610533753899144
0.316474142591063 0.0162998758353973 0.252916720145938 -0.0629895811474205
0.153182054095401 -0.0268368638943025 -0.268570420622977 -0.061922262751822
-0.00489071672893524 -0.106835753869249 -0.368247820071136 0.273191293970582
-0.0737304255515191 0.0177625781249917 -0.101838660488865 0.520241673106734
0.0237419279745762 0.0474451145529284 0.269779123772244 0.409264701912799
0.0172379530324555 -0.00440412512704899 0.319186854772551 0.0679077876701127
-0.00611242084887088 -0.00929117440881348 0.18433586088362 -0.0489557668702586
0.00398706338953584 -0.0127266826559683 0.104051333878284 -0.038954367840724
0.0130791447993317 -0.00116140560216437 0.0238333880330953 0.00423314416232786
0.0463891830993883 0.0228657159635669 -0.0260429245772279 0.0339112905881894
0.0509482178747958 0.0867610442666445 -0.0795901591568004 0.0749151493050235
-0.0501870619941688 0.120683001844982 -0.197703729176096 0.0820607225384514
-0.167391006207447 0.00762868133258163 -0.372396225242651 -0.20797966905121
-0.0521024973986593 -0.22386537136409 -0.127657705557768 -0.660211834704337
0.234612636078886 -0.147311439228494 0.426431190238692 -0.639448614353192
0.261037562509401 0.0682233684063847 0.24881606811526 -0.0856836026067342
0.0987363473883498 -0.00879891013478944 -0.268730355106709 -0.0725872023759578
0.023514377880029 -0.0608238480862416 -0.347303745042902 0.273541720781422
-0.0166329730442074 -0.00566527658616393 -0.0534255399391974 0.53155367289653
0.0122529408006403 -0.000419954679716535 0.344174488324391 0.374168632693482
-0.00636976529481825 -0.0192435860533921 0.349531772845173 0.00554876508260294
-0.0133922565372638 -0.0163623894600425 0.185954002486373 -0.085559945273888
0.00479634818354055 -0.0142726091604188 0.100150849634291 -0.0465147356551577
0.0088086400755255 -0.000917367151150739 0.0252065394106006 0.00879512238854565
0.0255669858150356 0.0148037834550416 -0.0173588625038226 0.0454421559369761
0.0115122414638037 0.0503391063612821 -0.0763900684849535 0.0975762988816914
-0.0571065743852622 0.0429528784724046 -0.225393123235051 0.0779998131686125
-0.0720716825590359 -0.0592697179883375 -0.363609018644996 -0.299915851714582
0.0630660207990425 -0.131757439923858 0.020626422361281 -0.729557950310199
0.184241905761758 -0.0188635745315448 0.573861186691054 -0.595446781183943
0.127373688882166 0.0765182478474313 0.251380576451288 -0.0969958966049678
0.0091770044987124 -0.00719624028918256 -0.145126494858376 -0.0650683156930262
0.013618271792985 -0.0468590675341081 -0.761838793402241 0.394015585211561
-0.0639613811394632 -0.0403946358077871 -0.158966002987998 0.834023526750428
-0.0585328936209088 0.0347487100005092 0.405784591690122 0.432302493427224
-0.00605115040795643 0.0451018139802246 0.30370911100479 -0.0644116584117078
0.0127155855665208 0.0101670234665845 0.0874128073225597 -0.111583632419875
0.00294850421618283 0.000211771508640622 0.0368624265438844 -0.0773010472257863
-0.00634818058430658 0.0070427817640606 -0.0215791926509808 -0.0469857187455044
0.00138067954235609 0.0140308131165756 -0.0789553865911426 0.0293680291184361
0.0166290698752717 0.0211947422685661 -0.178760203219814 0.10120293934829
0.0143097255053594 0.0294420430122414 -0.315471248754187 0.0408977369240692
0.0097520534853307 0.0317255909172225 -0.364243636955698 -0.283122780735572
-0.00417573500953665 0.0420117816535054 -0.0452432470574109 -0.500767315506514
-0.0355566407119055 0.0327209328623985 0.261068475312677 -0.365116580940362
-0.0637273893167392 -0.0110681834444041 0.279893161186679 0.0192201684563779
0.152001247342035 0.0306798745924038 -0.180406014161411 -0.069482063145155
0.128938016178337 -0.119132308460088 -0.773733627261162 0.381891360594147
-0.0744686233108389 -0.150941099409959 -0.195843242410367 0.798489723039519
-0.143503327670248 0.0199843149513604 0.335291586096308 0.440140524261013
-0.0484148353750662 0.0902036923025558 0.282276067303579 -0.0107771017645013
0.0194516275638502 0.0558118266073826 0.103083383659832 -0.0848884684390913
0.025527639285559 0.0215320503124964 0.0498785716717796 -0.0762529444535019
0.00333531356570979 0.00649193565911301 -0.019979980359873 -0.0464146357908458
-0.000982793550515806 0.000525016354141674 -0.0828657449646873 0.0316861547700383
0.0237759605999798 0.0054028126130017 -0.183543457289867 0.103253256786108
0.0497932218413031 0.021937300640337 -0.318275893872107 0.0546904984394269
0.0558709214138326 0.0754316821144398 -0.381377942840698 -0.251825072404165
-0.0480796576859118 0.0961961368371614 -0.0945667559927743 -0.482029381479727
-0.0690922014075824 -0.00973186387873607 0.225884984271227 -0.394680901222669
0.00376865482978636 -0.0475705634985174 0.288676537518142 0.0151867379635022
0.251056414697409 0.0375088964267785 -0.234330176616393 -0.0717466340666595
0.174030507445132 -0.198937386560886 -0.720955797213802 0.405197786969812
-0.119770735888545 -0.209383893185336 -0.164079280954404 0.73145023633732
-0.189271983044707 0.0377101987890387 0.268813358647208 0.40904484271132
-0.0579253007680772 0.118468716469357 0.243030249531608 0.0436504144604478
0.0240645774759447 0.0802032003607572 0.118796972245543 -0.0413604720967774
0.036411736091637 0.0341414181016376 0.06725536776149 -0.0652906836564946
0.0102473928586129 0.00507753592228428 -0.0150020359273116 -0.0401512172305189
0.00560868663999392 -0.0089399796126854 -0.0854260298194819 0.0320672711178983
0.0466472265885697 -0.00214722602865491 -0.186389475955917 0.0899615525021788
0.0900883076807926 0.0337737990100842 -0.307273892993322 0.0424395173010597
0.0734035433760089 0.134869242951876 -0.371316504613673 -0.232945544071734
-0.117744490284596 0.119516799568409 -0.131875458882686 -0.461294164891736
-0.0844385216239279 -0.0793241936769019 0.195298390200197 -0.433239370678293
0.0922133728732466 -0.0771481404902769 0.292673633784449 0.00141358721061915
0.28684379716583 0.0120337160770761 -0.277408653832125 -0.0603007185088046
0.129832393355047 -0.2531184001924 -0.613586736694069 0.414183757927824
-0.182894014905375 -0.18293378706598 -0.126922551386399 0.637331869300414
-0.171433253766287 0.0846814527115168 0.206415668784345 0.387629571072753
-0.0283152825564304 0.119789567762135 0.221793046306354 0.0974090550040343
0.0291012805467179 0.075390928690474 0.139509832769832 -0.00427227539994567
0.0347476080566425 0.0308018842690784 0.0838923198724301 -0.0516794727038868
0.0131412159864391 0.00154515511763128 -0.00563942029648569 -0.0294192615768885
0.0223285712875858 -0.00955619336338421 -0.0813484075680673 0.0286146867216878
0.0815057650827711 0.0113809008249784 -0.176804213476796 0.0651278085327297
0.113661562645476 0.0791901568651976 -0.272062965231508 0.0224351092487608
0.028434442354337 0.197994490715235 -0.342647559061731 -0.210895216301946
-0.209397467870369 0.0774608472469487 -0.170288685703723 -0.449888072083618
-0.0560859428237849 -0.175916414726203 0.177087971944896 -0.485075844707864
0.198480206904808 -0.0847933542149301 0.287140744894812 -0.0201263380409611
0.266592771691794 -0.0199135020741473 -0.293382206259564 -0.0483676794962519
0.0455298710851766 -0.239829325822004 -0.495415568102152 0.377577003141885
-0.199156292014085 -0.0886913594252701 -0.12230787967123 0.560728984294872
-0.0919043339733249 0.114647551599571 0.180051217910624 0.4028283781019
0.0119195895346463 0.0866593573573902 0.240783468779118 0.129661556623282
0.024292525480717 0.0474225019505624 0.163531258223144 0.00561487999953455
0.0240754970398777 0.0158522488260519 0.0959754043032462 -0.0412939107770527
0.0144842373727032 -0.000825107658301511 0.00677228562331366 -0.0172115611103037
0.0421911113384604 0.000666257917055531 -0.0671481497245068 0.024039651490147
0.106229627298669 0.0474397772601631 -0.146192729989651 0.0476166686098994
0.0905599328746225 0.139855500474369 -0.222450000172545 0.0241684644748813
-0.0756041902388491 0.210957199447764 -0.326035195440414 -0.17182022805409
-0.261737815512819 -0.0460023839942237 -0.213880561651069 -0.470468227366671
0.0341827618748822 -0.257782324443318 0.19166577733696 -0.5582497875846
0.28975729086625 -0.0558813088361925 0.273730984693142 -0.0473287393533799
0.215261314400616 -0.0364590061287268 -0.290574369077065 -0.0469529757530508
-0.00918555634845016 -0.177527333796507 -0.418544911152357 0.325466467755247
-0.150708904560439 -0.00387701443362904 -0.120058635174511 0.534675810836485
-0.00819630749678278 0.0962283378904212 0.217726406013937 0.425811309914883
0.0303670880468952 0.0365089755436898 0.287068925853167 0.112795501074522
0.00961851976863129 0.0141119510625674 0.180518621812264 -0.0174685224557637
0.0103021489106169 -0.00232069809267265 0.10244011927418 -0.0411057311696432
0.0145655693371834 -0.000781769661284885 0.018350384065842 -0.00442024534386365
0.0539574537829512 0.0139508560796466 -0.046524989598992 0.026263842550819
0.0968732686461054 0.0803944844126842 -0.106882826986427 0.05388410061272
0.0214062378377438 0.165675983196827 -0.189717202398301 0.0588190297018833
-0.171964839898437 0.136227535412482 -0.352504975985093 -0.153908488961278
-0.207914489898555 -0.184463152723705 -0.227489188623059 -0.555226763353852
0.160337193383175 -0.259296293655251 0.272074442100648 -0.638967063707054
0.324102029836694 0.00162943427991298 0.261797869739713 -0.0763455004251912
0.156469376477146 -0.0316452424151132 -0.284674438980518 -0.053616738556177
-0.0118830040957284 -0.109807711466165 -0.374305153916447 0.294771760073242
-0.0763427501782791 0.0216165998496883 -0.0887641492034311 0.54421528067395
0.0277103593209637 0.0476320135710202 0.297674073774048 0.413845118797108
0.0179439638290655 -0.00308815562333281 0.332020033684514 0.055267171451259
-0.0061383878468501 -0.010827702537125 0.185768130764399 -0.0602246856652025
0.00372458479927413 -0.0159606591244623 0.10299500000129 -0.0458130770280092
0.0126730800964271 -0.00107479124918897 0.024358051586024 0.00328678074053377
0.0476015511565219 0.0214498175523292 -0.0279139266758496 0.0357741260975923
0.0567394410719272 0.0854178103480372 -0.0790832990072528 0.0804502824463741
-0.0437614610702804 0.12644227017848 -0.197388437311284 0.0912048943920177
-0.171759383153339 0.0162503082665373 -0.390207112625402 -0.202376845108604
-0.0640252986574117 -0.225812074894685 -0.151972421556538 -0.677366523295741
0.234551397989493 -0.160370225486686 0.419570592865953 -0.672757299899857
0.270522696864105 0.0586311195934036 0.255681547967903 -0.10057278259407
0.10080780631538 -0.0134369601438861 -0.285341099237949 -0.062432847595686
0.0188351560537015 -0.0639434556635253 -0.350531449412654 0.295353816963377
-0.018429773825556 -0.00397976045716974 -0.0358862972123376 0.554318476968266
0.013042622412759 -0.00051303852083465 0.373124076263088 0.375597748997464
-0.0072816974723148 -0.0176036552566398 0.360908157157255 -0.0100647208747392
-0.0137371554619539 -0.0174364833086359 0.18641695307555 -0.098602821590215
0.00488432645436748 -0.0160108108153981 0.0993307814157317 -0.0536460358807016
0.00873182930384122 -0.00105240052646403 0.0254631410067546 0.00783431735999197
0.0260711449214597 0.0138409883276593 -0.0183906222358474 0.0473987828018551
0.0148721036052054 0.0504734220942 -0.0743522722127602 0.101365355988874
-0.0551866577586482 0.0483195489456056 -0.2264841503631 0.0882733737247772
-0.0762441765553477 -0.056236655917986 -0.382573284133753 -0.29530227192046
0.0595347232587648 -0.137659065949984 -0.00282578324318422 -0.753771027862111
0.187221263019693 -0.0268724827500112 0.574421493628562 -0.632982097171209
0.132731561823993 0.0720177934656046 0.260157757699649 -0.109290885756773
0.00871566239036082 -0.00581597633344884 -0.155807202605239 -0.0600421919480765
0.0114983483545504 -0.047593712000442 -0.748662032391312 0.44115507225753
-0.066940460136121 -0.0379955819245259 -0.11319717677777 0.848984727352509
-0.0561787402025103 0.0370847542083612 0.430668931777807 0.410956230728938
-0.00297116475625942 0.0450425751576412 0.298077933974713 -0.0829517097248691
0.0122984678825536 0.00810021479281577 0.0815813437797634 -0.115864754999794
0.000923911610898225 -9.02213056163679E-05 0.0334127599237825 -0.0803920277752299
-0.00701631393695468 0.00992773405390674 -0.0250953723725062 -0.0468470632210128
0.00083988823037471 0.0139504690564517 -0.0773284320777604 0.0344778191130145
0.0173305233597936 0.0209563861675832 -0.170564429464217 0.113420064767441
0.0162335526276006 0.0290269528624687 -0.312204631041339 0.0605102007305809
0.011292885315198 0.0296339532382414 -0.38661226958247 -0.263357168540749
-0.00199831951588979 0.0414350776055587 -0.0763528813914451 -0.505290900850678
-0.0325152427551775 0.0360100753156621 0.243388743982984 -0.386657699462438
-0.0660798619466181 -0.00566953769782633 0.286375084350887 -0.00044419069949884
0.153392484356703 0.0225036462939105 -0.190324460838041 -0.0632708045771576
0.12137016246464 -0.12712297089559 -0.758984580930585 0.423789111452477
-0.0850582247576867 -0.146241139134774 -0.154021558068063 0.812997295473807
-0.142299675609168 0.02873795790838 0.35963077042388 0.425079305353351
-0.0423350614405794 0.0941034959949363 0.279424047900178 -0.0277347772055691
0.0217471832110512 0.0535885160533133 0.0974210257905643 -0.0899955575914338
0.0249933302907481 0.019497840157039 0.0448953901989619 -0.079710284646214
0.00239314611638474 0.00851939103474475 -0.0234788167783074 -0.0451516609894044
-0.0023437050651283 0.00260455753152322 -0.0810360380908043 0.037451583897345
0.0238953416672735 0.00427769825762857 -0.176351893607059 0.116804704330688
0.0519086662453044 0.019473042954827 -0.314521123387148 0.0763930408241963
0.0601647108985935 0.0706996539443912 -0.400742493020795 -0.229867210358345
-0.0421511639673777 0.0984845348536624 -0.124069100479738 -0.483744553749027
-0.0702113440911541 -0.00514691899958257 0.205792966419577 -0.412966124471638
-0.00117362208059255 -0.0477578010269225 0.294601353853382 -0.00571644805412511
0.253086094954864 0.023039654520317 -0.243502362941028 -0.0616049440853346
0.160750083135962 -0.209122016444289 -0.704571776884867 0.447442180602185
-0.135018402846856 -0.20198209258123 -0.125634406824696 0.745235133239914
-0.18682694614297 0.0495488759679883 0.291322594918882 0.397411146959575
-0.0496394365694807 0.121995222305655 0.243535869529663 0.0296901429849073
0.0284290877162145 0.0778386070426284 0.116467941556249 -0.0478329090367927
0.0364180368579952 0.0306745330516159 0.0619867049223929 -0.0699686726535008
0.00849274693104904 0.0063553050815138 -0.0187661722880097 -0.038577564589298
0.00303113678679395 -0.00743459422724898 -0.0847708942755198 0.0374672201528172
0.0467657689877317 -0.00577536006439261 -0.180569436823969 0.103852552491613
0.0920126514789571 0.0285936489216019 -0.304638223276792 0.0630942661584966
0.0821800126803607 0.129191763620333 -0.389577313037894 -0.212233226127537
-0.110542572439323 0.127551743780232 -0.160274536816556 -0.46115793924507
-0.0907239907361866 -0.0741010478681457 0.172527366192625 -0.448827722291504
0.0859942174508552 -0.0834203786677144 0.297747474977634 -0.0192750146183285
0.288431977148764 -0.00448244263552237 -0.285699410953397 -0.0477250362983652
0.112876646562401 -0.260388891526319 -0.593863039035498 0.448446040685207
-0.195793147924517 -0.170639661331476 -0.0930694709492899 0.648212950019536
-0.165341630321718 0.0954372760465808 0.228190160787117 0.380036805586612
-0.0197753049179018 0.122766880462747 0.227983010506459 0.0842929989345559
0.0331138102643992 0.0722915558041807 0.139698468385344 -0.0126635657722382
0.0350157554630757 0.0279389638641715 0.0795133887910278 -0.0566491388884254
0.0118178285325318 0.0024725869887569 -0.00894858690325903 -0.0287586524904283
0.0193447375109074 -0.00954605351885662 -0.0801861155369797 0.0345567544257567
0.0831817230805512 0.00433225689656979 -0.172096486686479 0.0776674921661942
0.120309836253717 0.0715506514704836 -0.27261368590022 0.0396098041109519
0.0421240300382303 0.195419265767184 -0.358389041906385 -0.190770240112298
-0.205765870364396 0.0924679172479784 -0.197229143474257 -0.444151916992505
-0.0699696186889345 -0.173582470918244 0.151331655431412 -0.499077360769246
0.190796726470756 -0.0989100878056557 0.290091658548981 -0.0394910651103492
0.265224089757384 -0.0353010385362707 -0.300932031854452 -0.0343425014324392
0.0291568019481906 -0.243086012135048 -0.481539945001757 0.407642642915837
-0.205805826223743 -0.0749804129572314 -0.0936387607779428 0.571546902853299
-0.0844749324272113 0.120481994015006 0.20447102860587 0.397566904427567
0.0199973158084481 0.0860943816981189 0.248719149928604 0.114212737286001
0.0274345488904492 0.0451479991163234 0.164297264046849 -0.0048987831612927
0.0227063125107402 0.0137925056818387 0.0909350229455915 -0.0497755549125695
0.0132587740825617 -0.000643699361354099 0.00516597728422816 -0.0180235520626469
0.0404687735088903 -0.00258377941442195 -0.0676659252279652 0.0288331606801555
0.110278257805459 0.0371960625242634 -0.143648322735871 0.0580888441920916
0.101130961171339 0.133644190059046 -0.222019452902765 0.0389088022281186
-0.0611209068808879 0.217145202389366 -0.337743995417592 -0.154475399624354
-0.267419578466357 -0.0283924970525013 -0.242598664349109 -0.462068694989706
0.0159979303978381 -0.260563201726321 0.160039132005096 -0.572615438324198
0.283803916069554 -0.0760217735098619 0.273444016918323 -0.0655452897049391
0.212229609176713 -0.0497493695670809 -0.298914042679039 -0.0306483222659059
-0.0234529911919979 -0.176542930615096 -0.404263234890485 0.351869951766629
-0.152462035612954 0.00671916442686843 -0.0916979109950716 0.546671130746166
-0.00203711332383714 0.0969917727574848 0.248149239551181 0.418236062993994
0.0341014921890659 0.0348035681055479 0.295192016227162 0.09412998402587
0.0100481248960873 0.0127318486893378 0.178852571516215 -0.0292671277453311
0.00811109273682013 -0.00463146829198995 0.0981352038619441 -0.048934859655953
0.0133840569155922 -0.00144766052151478 0.0173964690444933 -0.00614597021936212
0.0539263566499012 0.0101034000109378 -0.0465973235603015 0.0289672501333121
0.103076675082135 0.0728534494411187 -0.103402037002096 0.0613283134810989
0.0344345331694715 0.164157252134822 -0.184920669920596 0.069817214374099
-0.162033977002132 0.148729911719801 -0.361822801042221 -0.134557925021745
-0.221070259814321 -0.169063582939758 -0.259664727706905 -0.545829273978787
0.142817770559983 -0.270056194304621 0.236959696978999 -0.659070261578217
0.322425446615972 -0.02023138071377 0.25978673828065 -0.0950151908872044
0.153888045065768 -0.0423087161753955 -0.292593593262171 -0.0361220713051752
-0.021792302772343 -0.108193008856509 -0.363017540189821 0.319062925363653
-0.0768580936389033 0.0275732446781046 -0.0586036451368515 0.557162824141342
0.0315141704209761 0.0462088462524672 0.325861703310098 0.401179825530132
0.0191122223288454 -0.00303104981930835 0.335829295418185 0.0330722683540382
-0.00634232828176701 -0.0111607710293868 0.182424581351326 -0.0726520813697683
0.000657890752448577 -0.0171884766973103 0.0988812276871249 -0.0544592504535299
0.0125939851978212 -0.000825494086453668 0.0245113714926225 0.00208086192522505
0.0488427494669258 0.016759083790665 -0.027958585422881 0.0375663656858202
0.0646311609108556 0.0812813174390616 -0.073724113682843 0.0852152746190465
-0.0339889709490383 0.130690405532287 -0.191200706831359 0.102965073647594
-0.170159363990803 0.0296801939498743 -0.401686210980858 -0.180192161098876
-0.0792381394827441 -0.22154307923948 -0.191051415041818 -0.674428293331082
0.222725477229916 -0.174594365467248 0.385283564485113 -0.69931900314068
0.271758795124098 0.0386748465095041 0.253654424583936 -0.11874151893141
0.100502060733156 -0.0182855107136824 -0.294083882686245 -0.0443836912234398
0.0128167485191717 -0.0646868452796297 -0.337663797242431 0.318980756008177
-0.0205774098265631 -0.00230178072874917 -0.00201244656698226 0.564410817236213
0.0133423827632993 -0.00160176701968615 0.401803879084953 0.355581788377884
-0.00744718254919758 -0.0158234901641665 0.359981482020482 -0.0366675714957465
-0.0132746060042405 -0.0175261281572153 0.178501452219807 -0.112260488669198
0.00222027131078581 -0.0184904427732512 0.0950366281264152 -0.0624823200115269
0.00974827686437526 -0.00105933217637517 0.0246895152243897 0.00644224807087817
0.0272371967219527 0.0109819263770337 -0.0169305800955605 0.0486657223205187
0.0197390317485548 0.0489862476448576 -0.0676404833398384 0.105282346923425
-0.0493983191610592 0.0532462025443477 -0.218891541798672 0.100053011719044
-0.0802107876429157 -0.050006839104192 -0.399875668870338 -0.274045107784452
0.0499290730711012 -0.14102320265957 -0.041758840740447 -0.757108746006543
0.185182380904887 -0.0376884306616324 0.540949204656344 -0.668226691915091
0.136430721901955 0.0626142796179401 0.258325983336164 -0.125543479636003
0.00759310163307454 -0.00520740419499562 -0.159935060523033 -0.0533592677736357
0.00890095002854355 -0.0467206779324226 -0.705802623131499 0.461039272578044
-0.0659345892457702 -0.0338538231863042 -0.0692243284066122 0.826759908144376
-0.0525327328224294 0.0366830859400314 0.434881172760816 0.377473320420174
-0.000231637476751494 0.0437112738793857 0.281567987353314 -0.0950968566973247
0.010987078585229 0.00691948175694326 0.0731970408009514 -0.114703270602907
-0.00144984540287902 0.000448209664517895 0.0284116894053964 -0.0803075019615352
-0.00667349093171444 0.0115322865553611 -0.02738349528741 -0.0441440002060509
0.00149246071623635 0.0150788215536508 -0.0723516212513783 0.0373581275509446
0.0181535509171516 0.0195630563846112 -0.157272167863185 0.119115952667259
0.0178086932299669 0.0283342193799659 -0.297865404778232 0.0759015572494205
0.0114357078804838 0.0270492135606821 -0.389699461842684 -0.233936961203853
0.000825348350753243 0.0394454920634757 -0.0994282049749119 -0.490982169853178
-0.0292440186171059 0.0363558251807184 0.218518623244921 -0.38942411611205
-0.065957887391681 -0.00153743374284266 0.280456149371519 -0.0191853939283756
0.149027271524513 0.0146165198082305 -0.192383077835082 -0.0541127243130345
0.111210757386544 -0.127997215296515 -0.717747458570195 0.445725303914313
-0.0902371561358957 -0.136705826004053 -0.111056162375619 0.793350289502304
-0.135409702953568 0.0343272398773325 0.366432204253772 0.393712476325036
-0.0354982411452233 0.0923770929044185 0.266701601234607 -0.040371923058618
0.0227822162565647 0.0500747873755133 0.0906627565071232 -0.0906412475293794
0.0231718230109842 0.0172283895099734 0.038867685811608 -0.080182394851764
0.00137930828094578 0.00979858214241953 -0.0264621694628292 -0.0421752094266248
-0.0032933862531947 0.00407047138516795 -0.0760265483667432 0.0403024594121185
0.0233751583181324 0.00294773089929016 -0.163050002111834 0.123072615309769
0.0514729612292088 0.0165013660123412 -0.29945837278669 0.091240661044545
0.061710213455911 0.0635322961375973 -0.402636165795377 -0.201834149738195
-0.0356272507901369 0.097182218085064 -0.145829158890714 -0.46721842997871
-0.0689236643739392 -0.000432358197065129 0.179647603682876 -0.413275076806322
-0.00514292825386234 -0.0459279532665227 0.288259152816132 -0.0237595002685252
0.245626064647864 0.0102758813074094 -0.243306241899064 -0.0505703800195628
0.144217356700826 -0.20976524306783 -0.662732099470941 0.465314348174561
-0.141626589379784 -0.186650016853899 -0.0866649549600317 0.727760817881715
-0.177362097023788 0.0567968890002868 0.299819270666001 0.372713368590726
-0.0411204275944819 0.121522458063395 0.23581467634721 0.0170178113455773
0.0305990818865794 0.0716007617949222 0.109996295602178 -0.0513407562197227
0.0349665505692292 0.0270088446911396 0.0557322253120683 -0.0716815820233639
0.00792387764892501 0.00634941876130441 -0.0211584745726332 -0.0365635640149175
0.000982230587715041 -0.00539221535368203 -0.0793850257427284 0.0416832572487947
0.0443883940237352 -0.00861067345874228 -0.168536285301223 0.111110394315144
0.0917932602174785 0.0224920928701515 -0.290266194669662 0.077719834145687
0.0854679687454773 0.119498529791551 -0.390380878057241 -0.186052749513301
-0.100405690017648 0.130056450520042 -0.179501997505229 -0.442162699603616
-0.0930278637852446 -0.0665066118547264 0.146964133112773 -0.445079813938538
0.0762681028271463 -0.0848415478219748 0.289955047624332 -0.0369479833202095
0.278569165422678 -0.018377548234208 -0.282152177881314 -0.0352077045577368
0.0947751656812332 -0.256179964465215 -0.555508626225908 0.464214567982743
-0.19882420367461 -0.152984215983107 -0.0623600579465894 0.63315443175037
-0.154225805441276 0.100481796830735 0.238053162284247 0.358836619145533
-0.0110204259363299 0.11889029060212 0.222846913024268 0.070537399850728
0.0355839186680789 0.0674679603493506 0.135057869098513 -0.0203294433324917
0.0336795812439184 0.0241905322252126 0.0719484381609223 -0.0592959029201211
0.0108449809908679 0.00258833318236273 -0.0112052709948626 -0.0264328080278349
0.0165173859670516 -0.00969685781203883 -0.0769494529901338 0.0383289071915098
0.0806672844568975 -0.000345982660739516 -0.162216304479798 0.08628980166926
0.121179846956749 0.0613867985274906 -0.260847542689131 0.0540564938681864
0.0523999979608037 0.186464028329838 -0.358196921542325 -0.167769596712535
-0.194313870664074 0.100597768052401 -0.213516658860471 -0.425649567173024
-0.0777897346550506 -0.163648353771129 0.123924311423787 -0.491258051912793
0.177163737722753 -0.10615310483282 0.280483329315302 -0.0555815929556966
0.256205898723101 -0.0478605272338213 -0.296819621818061 -0.0210772558382782
0.0137791972737181 -0.234589445601675 -0.450283598004695 0.418228888280198
-0.203802931720966 -0.060305620922958 -0.065800624653559 0.56047415857321
-0.0744365461847835 0.120166454163044 0.219227117781212 0.378793284463273
0.0254979011982724 0.0827707405723773 0.246139614648033 0.0968140482280365
0.0293365221430003 0.0415581107006375 0.158203009557293 -0.0142564440268445
0.0211999702291564 0.0111213017969811 0.0838969874494244 -0.0522641349861335
0.0117189287231104 0.000387589884911609 0.0033538104890167 -0.0159721791570754
0.0372136786670883 -0.0038590864940914 -0.0644555989626358 0.0319031584799597
0.107932832814272 0.028633255106938 -0.135454384399948 0.0643942846918694
0.106802629301056 0.123444502484946 -0.210990954032974 0.0476698771808567
-0.0461033825787646 0.214110609081517 -0.335364196056045 -0.13346376438968
-0.260208996214967 -0.0110130668258457 -0.255789428968272 -0.438540555789287
0.00126850207151255 -0.252449399898817 0.128986709337022 -0.563832112213349
0.267152761335369 -0.0894866357996869 0.263424127765144 -0.0789680010176424
0.202579536822114 -0.0592376492655662 -0.294797080167659 -0.0152193933541254
-0.0337372513640864 -0.167731200063128 -0.378956579607199 0.360142721141563
-0.146580231313716 0.0169309649048512 -0.0636694876956818 0.539618683742383
0.00264867164800309 0.092361643432964 0.262423334077526 0.395008697617373
0.0372384621899784 0.0326904926286237 0.290926100301645 0.0741609067702976
0.0115047592378816 0.0110545442434184 0.170630939702322 -0.0383674422909552
0.00619743919284176 -0.0046706371905109 0.0913331840240361 -0.0537438008231382
0.0122220133396472 -0.000579881431545999 0.0156012045748801 -0.00694122645848631
0.0512417092986011 0.00684921970354103 -0.0447538865297961 0.0303670939179532
0.104142388383836 0.0625560030662799 -0.0965798692946479 0.0643388315989678
0.0427880977845441 0.15752339683046 -0.173526668363198 0.0764499079698094
-0.146432633035458 0.154147566659171 -0.355050330193831 -0.112597221137178
-0.223079209863802 -0.150627441921327 -0.277328152776848 -0.519005873726204
0.121608871390312 -0.26824269750403 0.197833369842614 -0.648832498482138
0.306350234375727 -0.0388951993402193 0.247692232393871 -0.10598167822485
0.148009136642843 -0.0476543998347767 -0.288646196876663 -0.0197412264312117
-0.0288442271353504 -0.102083477684076 -0.340042294602218 0.328452269436673
-0.0736906233576986 0.0332924816930371 -0.0294839231269102 0.545645264938966
0.0331135841893965 0.0419867921010759 0.341682625022456 0.373163511393734
0.0197143133218092 -0.00364386140689491 0.327018227953678 0.0117816213393728
-0.00617053626451477 -0.0107671461134151 0.170488984009054 -0.0810642795091151
-0.0009181022279236 -0.0165369672061036 0.0914591902585814 -0.0587630173606983
0.012280767209757 -0.000607595005559703 0.0225844422488982 0.00227743375415003
0.0470541431580938 0.0135312232382468 -0.0271604540464677 0.0379106538412154
0.0679220324900831 0.0735946592286681 -0.0676027093392516 0.0846903889463206
-0.0239920067985234 0.127050401984579 -0.177996902111679 0.108590058224015
-0.161978591890681 0.0393422115106411 -0.394885018093506 -0.154541645888767
-0.0884568524298421 -0.208466959591304 -0.215901774776788 -0.646648602478043
0.204303202072849 -0.181538856006404 0.341218875067616 -0.696095530508317
0.261971559906034 0.022020025675373 0.24116641334249 -0.127972137120623
0.097921518044346 -0.0228933215295127 -0.292162927061617 -0.0250050074357106
0.00731621401893533 -0.061993773431998 -0.315518395223954 0.327259701472978
-0.0210064186337942 -0.000333891010584566 0.0269572257857326 0.552302472453716
0.0135993904781036 -0.00170200832980604 0.411104318174727 0.323433176918815
-0.00582260681374726 -0.0134425360193856 0.346559569377862 -0.056652063386172
-0.0141265944195555 -0.016720296374799 0.165232368212202 -0.119539516039419
0.000599727840886157 -0.0182287631980612 0.0865326596537214 -0.0673636484180163
0.00948709748533436 -0.00118829040763028 0.0234082041202801 0.00514423835653845
0.0272404541370643 0.00880155428640019 -0.0157930067739412 0.0474935164898285
0.0220489688272763 0.0457933035741107 -0.0595900303980217 0.102935153708267
-0.0424446663191127 0.0553472765218358 -0.203324248813822 0.105900430466756
-0.079797614053071 -0.0430457200910078 -0.397311297985353 -0.246745716044558
0.0406904166807566 -0.138813964911755 -0.0768399406660798 -0.73302580076766
0.17770801570852 -0.0464898517566169 0.493048492733426 -0.674106497620032
0.132140208797058 0.0522423529830579 0.246678709243707 -0.136585173677822
0.00855006111783661 -0.0029428507164208 -0.147907270103293 -0.0679410224263009
0.014860342351045 -0.0418371555238189 -0.716694110597682 0.355437427673439
-0.0585405491041121 -0.0417512533931395 -0.160233015764478 0.76089414293071
-0.0554306733042786 0.027787214611137 0.355680505394074 0.397311778523444
-0.00667892717799144 0.0415243822181659 0.267273634286576 -0.057252214281185
0.00786980993747169 0.00798768246149608 0.0830555473008394 -0.0981470302744854
-0.003951234949163 0.000957808439022502 0.0363426963575905 -0.07364607090755
-0.00899126019143206 0.0114286544290455 -0.0202597108417389 -0.0456378015038091
-0.000946782307845701 0.0158633939489788 -0.0728679077614313 0.0260605267955374
0.0157391349152689 0.0207410975164746 -0.163268636426688 0.0961759322450613
0.0158406962421653 0.030030469488681 -0.295389776738868 0.0365018957133482
0.0104066296148105 0.0323290552263452 -0.353245803629803 -0.272711867728576
-0.00825094818295091 0.0430245144825879 -0.0376243835548031 -0.491978782913878
-0.0350282831865944 0.0332419842066198 0.259495069349833 -0.356683017320327
-0.0653910429568756 -0.00755556103867334 0.281497362081642 0.00945152015502614
0.136538731465629 0.0334326404119865 -0.174552848575466 -0.0646104606298032
0.118856865880194 -0.104300321425357 -0.72087538309207 0.34186011551613
-0.0675473038033314 -0.139801396842776 -0.191980662197574 0.720398161494164
-0.132288675718147 0.0136428465017215 0.29072395646482 0.400563464633709
-0.0459002745225807 0.0824743257568078 0.246449415506237 -0.010328418693778
0.0140498006961925 0.0495574623541221 0.0941798705066491 -0.0723570053621208
0.017159587964225 0.0192208628456045 0.0453463446955664 -0.07172154992725
-0.000752900031549226 0.0111780738316176 -0.0204273975348487 -0.0439301217590087
-0.00425951741367348 0.00489753233090312 -0.0779065416978496 0.0297351798672662
0.0224968910648383 0.00588387504239506 -0.169059916133586 0.0994575515655121
0.0499791977883127 0.0233184611244526 -0.298924617403256 0.0513086478440255
0.0543792641257111 0.0727044805544942 -0.370334145222194 -0.243911489865899
-0.0495095931140877 0.0957699163763744 -0.0828287085290276 -0.475895913629909
-0.069576858717914 -0.00696387404441397 0.228237707165503 -0.382207627386395
-0.00312192531114831 -0.0442156731253206 0.288967719237559 0.00959910748270434
0.226072235371349 0.0393784588405891 -0.219105247924282 -0.0603997041317152
0.160307085991071 -0.175064238979746 -0.666118308931725 0.363390709759553
-0.109168651938951 -0.192323882969285 -0.159088473244518 0.656140605561755
-0.174936761059952 0.0298737905200681 0.23100437890494 0.370967378832657
-0.0547131360382801 0.108435820712675 0.211045926803441 0.0391524638838554
0.0189021441175568 0.0710289579266487 0.107406016238937 -0.0333183851987683
0.0273048607711122 0.0296226674207091 0.0590011162913943 -0.0623695619492767
0.00523051492494783 0.00903508988421346 -0.0170707148171746 -0.037123696233376
0.00032919729179947 -0.0038378193949203 -0.0819485187858149 0.0304564165518094
0.0435265542702073 -0.00262107017792138 -0.174389869860988 0.0863631998916194
0.0875565492093957 0.0335091313985863 -0.291012073808276 0.0385885778841877
0.0713741115441997 0.129187870310766 -0.361142362077619 -0.229596481941535
-0.11486856050877 0.12026015981957 -0.114711855851049 -0.455951896950403
-0.0860166593597747 -0.0725468517274969 0.199935929130971 -0.413217594714058
0.0799812387347688 -0.0744512598700064 0.289409633247677 0.000365169341518313
0.260159116712381 0.0168307871422421 -0.253792520576641 -0.0481481510674206
0.118827124051962 -0.225338761585816 -0.564585226084464 0.369135796410217
-0.166357458059239 -0.168666678643969 -0.129456550766361 0.571763399015703
-0.159802132236434 0.0729958204774058 0.174488992057639 0.355112856767823
-0.0266629609172784 0.110679658747434 0.194383997729066 0.088349610130477
0.0232255185395617 0.0674287399706773 0.127236846169363 -0.00110023232984538
0.0265083133029496 0.0271478578950068 0.0729541839800253 -0.0499338904433217
0.00960078532697458 0.0057813854823007 -0.00852799271389542 -0.0263976048136384
0.0151650463601257 -0.00536245315557146 -0.079053740475824 0.0277149191032276
0.0761690426410245 0.0086371426566406 -0.16687098715855 0.0632979964559119
0.10944079011365 0.0749869145674766 -0.260249000654381 0.0173959122039547
0.0311178574292156 0.188388777074404 -0.331098107446614 -0.212089985305208
-0.200331098903569 0.0829119584846115 -0.145394223815545 -0.441574353856453
-0.0615504361783389 -0.163276982177462 0.183698782181307 -0.456567431871429
0.177597839369878 -0.0837652133710973 0.278968566474851 -0.0149949562191752
0.243066176044301 -0.0135187813547704 -0.268040513385826 -0.0373171783692736
0.0426731345786584 -0.216005754333813 -0.463314654722114 0.336501909212937
-0.182728128824736 -0.0830272679523432 -0.128795886727914 0.506825421940376
-0.0886369351300219 0.101971821101804 0.1546535884165 0.374053036581844
0.0125891046552301 0.0819000021276717 0.214193114771827 0.11781623364141
0.0202968207459176 0.0424561013564418 0.148545621451983 0.00565247852651999
0.0157713395169301 0.0124803122630251 0.0819495889301386 -0.0414672333348953
0.00985372591409527 0.00299262830739767 0.00394443524511852 -0.0152719222020032
0.0354154463748967 0.00261929851573248 -0.0668245695417199 0.0225426863248445
0.0999355041525014 0.0394623030751047 -0.13881184316106 0.0437200841554766
0.0893339180091999 0.131953731490079 -0.210960580520721 0.0150365527290446
-0.0651842428935079 0.202589904283947 -0.307778110234782 -0.177117833980868
-0.251622507037633 -0.0297876541797242 -0.182448086853349 -0.454176584579792
0.0235985922274829 -0.23830567736818 0.194569187170981 -0.518199007970922
0.263634675527199 -0.0584889829404343 0.261157911247115 -0.0377222039917458
0.197176481853466 -0.0298971065275396 -0.267929076335284 -0.0346567344592478
-0.0104106946136742 -0.159268741092664 -0.395461120286945 0.290312390722327
-0.140609164639966 -0.00443331719873489 -0.128832665185149 0.491378215805139
-0.0118265002613524 0.0878009206989284 0.196095244429 0.397840153203132
0.03080733323237 0.0360212303530284 0.260311583272452 0.101999926821124
0.00796325572328254 0.0119838695834116 0.164648025580292 -0.0176056367695101
0.00511811748685406 -0.00510753658451995 0.0890820488284184 -0.0414948401914654
0.0116219774040159 0.00165125402760674 0.0143214884153209 -0.00500976412565651
0.0468612840422535 0.0132120415793284 -0.0497681267550006 0.0239901064663212
0.0921682398386128 0.0710398868594664 -0.102963355742842 0.0468662227937135
0.0258181290229171 0.154116845800519 -0.174688343907608 0.0456765254877173
-0.154235959186798 0.134624263185121 -0.325425359120357 -0.159510244593597
-0.200985238000617 -0.159022328978697 -0.196911557288301 -0.531788311015367
0.140404264069716 -0.239426280026045 0.264434543516768 -0.591471161100745
0.29565180826153 -0.00344302792185417 0.245022131105592 -0.067404052438882
0.143025601439796 -0.0269666280619087 -0.265619365659913 -0.0408203042495495
-0.0149350072808833 -0.0982478204002573 -0.357174770314969 0.266546281908309
-0.0742684009012099 0.0214362400815904 -0.0926724229065607 0.507723529152309
0.0234725789713576 0.0446684931991957 0.27288242148988 0.387267251002668
0.0214421566206453 0.00145820042036625 0.301582719269867 0.0461889936696887
-0.00485189527421534 -0.0101583430895034 0.16821532329092 -0.0579033291824185
-0.000815524773779738 -0.0169662553577901 0.0908097553637791 -0.0475707298953366
0.0119701454667761 0.00122236992469061 0.0210674097518485 0.00419276035687404
0.0433119822472224 0.0180684710685741 -0.0331838632366161 0.033740366133433
0.0568128952514696 0.0753488910509006 -0.0750856626485033 0.0689842616465347
-0.034818599750126 0.119695264796249 -0.177735297479894 0.0767867728475791
-0.154215180338261 0.0240452565017969 -0.357228874928798 -0.199525488272764
-0.0675533995935493 -0.198507978282815 -0.126894495613142 -0.64253632445911
0.208823984101317 -0.147709969650887 0.404275125491449 -0.624581238109428
0.244807522278066 0.0496509289737811 0.242959805585882 -0.0923211459785736
0.0927271840310902 -0.00910548921834799 -0.269506845028651 -0.0488554358702288
0.0127085908116718 -0.0560602404114749 -0.33413017100731 0.273309121527634
-0.020613333967018 -0.00241606014904744 -0.0370676347512109 0.523280517271227
0.0120829572660711 0.00149536797663952 0.347403660269242 0.34692851088594
-0.00226489261874062 -0.0120935543813882 0.327877908054224 -0.0171792588535888
-0.0117587432413489 -0.0172473165310615 0.166646063244004 -0.0959904605449116
0.00155673396356991 -0.0190145489576585 0.0886523514589005 -0.0552409004010286
0.0102979327128442 0.000676485136061784 0.0212615754094527 0.00739860522233484
0.0241405102033171 0.0110335098615896 -0.0239395676604206 0.0445805813166538
0.0180330692963567 0.0445023109097178 -0.0698652078324708 0.089358151002695
-0.0439180351511785 0.0480984204741291 -0.203356224991966 0.0739955846890432
-0.0678974858498543 -0.0438112614414814 -0.351000871614396 -0.284019630532832
0.0458641875436499 -0.118044666642139 0.0149239183764243 -0.714049262534304
0.166837545286825 -0.0221726210919511 0.549588790826304 -0.588420825318053
0.117129590064925 0.0641450839947226 0.254362132587219 -0.104408610554041
0.00861304303260385 -0.00124663683066825 -0.1469513644156 -0.0717317983938355
0.0156793643699843 -0.0408465448225176 -0.712207731600384 0.330706195660932
-0.0571533385767821 -0.042058335028276 -0.17678513041716 0.737968760876167
-0.0546895992662064 0.0249300470782231 0.337389505016822 0.395125352375141
-0.00581379426401592 0.0398853335299066 0.259625167427924 -0.0501105982729668
0.00604160024598143 0.0078191680208315 0.0843711293124352 -0.0933050067608996
-0.00485234663089265 0.00149699511396346 0.0374565912007504 -0.0731424333493053
-0.00927486177632437 0.012705054730087 -0.0198726551818676 -0.0456703352380871
-0.00139537803472609 0.0159591508251743 -0.0710374121919032 0.0239919086198885
0.0144687389925011 0.0206043790552272 -0.158847381401514 0.0914559339401943
0.0154582274869515 0.0308331290731851 -0.287990984119585 0.0306301029046549
0.00827036224747145 0.031170897174293 -0.341148324259006 -0.273060877437779
-0.00843750114619093 0.0420269842350355 -0.0255920274123171 -0.486483521411683
-0.0345079148047221 0.0325287282497809 0.265124349719736 -0.345402938448376
-0.0657725743558745 -0.00638170966689343 0.277480658595545 0.0116306273600857
0.132440601517482 0.0352747547346281 -0.17305472221861 -0.0700969084685238
0.117457862278843 -0.0988200966110919 -0.714420520196631 0.3174065356306
-0.0643938460196833 -0.137797715460025 -0.202379825806266 0.699910415329152
-0.129611051772631 0.0110315085679395 0.275055391869933 0.397635233416695
-0.0452815428928757 0.0798611135465789 0.237226195779833 -0.00431339147029741
0.0116871337471084 0.0478972171991103 0.0945921992015871 -0.0685784607326758
0.0142207042165809 0.0194074190880706 0.0454084678023988 -0.0708258068615935
-0.00288101400088996 0.0124417571110067 -0.0204043630265714 -0.0432171614805791
-0.00542926594610989 0.00634102019687786 -0.0762315262658914 0.0274596612794098
0.0215405786853777 0.00610650384586906 -0.166014545835733 0.0947976542189012
0.0489515921197318 0.0233878513433491 -0.293137350831181 0.0448388614313798
0.0511942039605258 0.0717226417720437 -0.359359693664569 -0.246213988041265
-0.0502187536929801 0.0928255400545448 -0.0713496737443535 -0.471477890712764
-0.067858336251228 -0.00703055138664026 0.233431234981344 -0.370505619831835
-0.00387645645261694 -0.042260722313867 0.285159004688507 0.0121508205705372
0.219782825345619 0.042688136799534 -0.215769438504931 -0.0663961180252275
0.15829673817575 -0.166778660915661 -0.66308940105338 0.338422304128946
-0.103589320223994 -0.188201461772839 -0.172626422607223 0.636324770195194
-0.171189059355358 0.0256605278742531 0.215294456968773 0.369983259966818
-0.0544147688197471 0.104955320417432 0.203634407327635 0.0430122848533052
0.0165493883488659 0.0689870106210553 0.106301252260322 -0.0299872306875716
0.0235177374614261 0.0292218734153477 0.0583285930657937 -0.0606232074815447
0.00365303755072568 0.0103927543438279 -0.0171208357980928 -0.0364498261973064
-0.000233868566663189 -0.00183211408686711 -0.0806601400602631 0.028107913072322
0.0423359326080153 -0.0021532636752683 -0.171582854546341 0.0823893375914609
0.0854499099417087 0.0335906530605066 -0.285468224071544 0.0337865648176818
0.0668212815853277 0.126090310014251 -0.349590736006845 -0.231292715990411
-0.11443692730447 0.116755118150297 -0.102376296093836 -0.452819547834134
-0.0841953188452639 -0.0713098618067712 0.20745040124274 -0.400521949146903
0.0775239600310064 -0.0707372590204424 0.286045357945961 0.00399037778907984
0.253380714107031 0.0206254416183922 -0.249761693027472 -0.055156559482836
0.120579970532985 -0.215783770050132 -0.560845101121847 0.347093755647754
-0.160214772628405 -0.166688279869201 -0.140928161843594 0.555224083841773
-0.15784609406909 0.0686558071449391 0.161525856129263 0.35330140241353
-0.0263100894891323 0.107730369513183 0.187562916635821 0.0908410244264747
0.0210403654438694 0.0650025976937349 0.125130996271153 0.000352665109903451
0.0236813662976109 0.0260805308155865 0.0700361597579523 -0.0480533992800212
0.00745167926969881 0.00692855261466774 -0.00867934496040362 -0.0266250125599731
0.0131464970925479 -0.00316301577229317 -0.0791510358649022 0.0267289858849452
0.0740991379769778 0.00814827255592586 -0.164178541408924 0.0599514871093216
0.108285778279628 0.0741476187978888 -0.254332785198968 0.0124811596854033
0.0281217728970081 0.184505913755413 -0.320520723934669 -0.214081652755653
-0.198176462931023 0.0792794946793905 -0.133247362718134 -0.438324436650322
-0.0589108954050312 -0.160509202693784 0.191672132338847 -0.441937432355471
0.172662078491442 -0.0784482390053769 0.274351775989002 -0.0104583416066034
0.238596539360451 -0.00783360839450249 -0.263277025326399 -0.0431875706695327
0.0451486979431791 -0.208607639088868 -0.463468793383169 0.317429158133924
-0.178083994929066 -0.0828648934369447 -0.140826509227759 0.493507393615491
-0.0882311244183549 0.098750408446045 0.143962444834506 0.371981579099562
0.012632467149808 0.08020042419687 0.206681855553591 0.119064626991006
0.0190925825576863 0.0407924665362776 0.145592348326595 0.00813468167356152
0.0141484795449174 0.0121750779394221 0.0805021907557219 -0.0412150470983904
0.00898001173861663 0.00503575918219472 0.00159842565487406 -0.01585158588428
0.0335125301384606 0.00341707793646761 -0.0673349579528234 0.0219351579263229
0.0969760201223551 0.0379659372132952 -0.136882965005693 0.0405833303626798
0.0864026331623934 0.128401033486188 -0.205772343219556 0.00989629378420809
-0.0670816577982585 0.197989515218562 -0.298581932034729 -0.180584475675214
-0.24654172448065 -0.0313702371799594 -0.170092345756372 -0.451569594745843
0.0251659138181788 -0.232704497134659 0.203377157177775 -0.502309857363152
0.255634086730923 -0.0526506172330544 0.256919035401904 -0.0320368967250376
0.193960678454428 -0.0259678765011936 -0.264761866373091 -0.0401360925900362
-0.0091189902650186 -0.15554698347274 -0.396511696123096 0.27424223037059
-0.137645591894593 -0.00498527097867538 -0.138110937757812 0.481404259876606
-0.0135970272651915 0.0848986678579386 0.186544748045972 0.394539813208779
0.0311028288195084 0.0363176457487393 0.252238908557789 0.102687655558925
0.00802156988587911 0.0112200496919275 0.161217096169604 -0.0155009667123838
0.00360871899379027 -0.00467773561946924 0.0868622282853098 -0.0410853826061425
0.0113126591446618 0.00346535834795182 0.0128388794915384 -0.00429451855293727
0.0455126069737101 0.014428875577174 -0.0508726183226394 0.024169725941811
0.0893754402329201 0.0696196338260126 -0.100446386515132 0.0444940502122972
0.0245285904905595 0.150927275356561 -0.170291923864032 0.0394111218261022
-0.151264718870007 0.129064540667921 -0.31373582428376 -0.163870428075682
-0.19406222998296 -0.156086193914176 -0.180664169204712 -0.524232061853924
0.139927617824898 -0.231944996673337 0.271754067001494 -0.571336087536153
0.285479495693298 0.00164513146457765 0.242311608447071 -0.0597586782191428
0.140807323204389 -0.024402367221783 -0.261285349274779 -0.0447469014079539
-0.0142901838216142 -0.0960330722535472 -0.359568935387914 0.253990527211483
-0.0725719640890825 0.0208651975179544 -0.103928321209985 0.498718962082763
0.0218853899113383 0.0436805046878839 0.263008760838995 0.385873077536787
0.0225053034979085 0.00279540599590413 0.295452850672287 0.0484361850911414
-0.00484222369663949 -0.0100649165705122 0.164696421582822 -0.0549291675232291
-0.000901300432312729 -0.0163737694395245 0.0879414966704675 -0.046344835810173
0.011341672478643 0.00183240186861369 0.0187617936592455 0.00373277719106366
0.0417652324082724 0.0172706525913675 -0.0337459584876643 0.03256400617904
0.0553649765274181 0.0737423310115543 -0.0746566909922735 0.0662997604382448
-0.0329672985348053 0.115280513489995 -0.173203905190148 0.0690019879989053
-0.150569439615599 0.0217416814890674 -0.343523776498968 -0.202268459101778
-0.0634788650112808 -0.193171248556359 -0.109108648070708 -0.632637388897272
0.205868294203249 -0.141207432396896 0.410120008562322 -0.59956657705261
0.234663316140617 0.0529292417344651 0.240821666772037 -0.0843725680421016
0.0915013696884619 -0.00712544384755259 -0.266573549995544 -0.0523886216081193
0.0126737055708318 -0.0541598812268566 -0.335778924031576 0.261337383428504
-0.0209768184560284 -0.00167137688793279 -0.0468464237313572 0.514955756244374
0.0112655405538981 0.00220808411977692 0.337168329812646 0.347508340101726
-2.77342281595197E-05 -0.0108183216034596 0.320104468934623 -0.0137433087256805
-0.0104191040732528 -0.0161526459848615 0.163608834789839 -0.0919995712361379
0.0019716401422422 -0.0192330525941777 0.0863164320747346 -0.0553819933518511
0.00969255090628845 0.000851552070398245 0.0198885634342353 0.00799441991313436
0.0231966754918402 0.0113542794059822 -0.0245822202517773 0.0428332225836669
0.0186627929740788 0.0438469813735974 -0.0684531012240026 0.0848388375498645
-0.0415885216303834 0.0467238345369139 -0.197381348190923 0.0665080932758885
-0.0654462639926504 -0.0416870728160395 -0.334143746409789 -0.284667721969669
0.0458115103265712 -0.113386390215693 0.031754084913596 -0.697303087022775
0.161537117890312 -0.0196319214530474 0.551248017259667 -0.56248896564589
0.111646021253342 0.0653381728037296 0.251738439757198 -0.0965252649254165
0.00948810306544351 -0.00104796074632041 -0.15155712130287 -0.0796933430982793
0.018069504248288 -0.0402244413719658 -0.74077326570965 0.311951855584511
-0.0560968921813059 -0.0448080832400306 -0.202539104182928 0.745494700363588
-0.0566553261727471 0.0233503295136551 0.32937147631736 0.413574477835365
-0.00721487481353659 0.039814578685325 0.262917456909749 -0.0427957088737595
0.00555345791589633 0.00695302296363844 0.0889209355203588 -0.0918371328619075
-0.00696840378475978 0.00310652146866675 0.0411285055622227 -0.0743958443852087
-0.0109535453855641 0.0153339209082937 -0.0200343627185612 -0.0485978944629528
-0.00299177718998929 0.0168844619090786 -0.0729824318096407 0.0208881411035088
0.0145002558653451 0.0214540914834946 -0.161486343759325 0.0889527224272677
0.015232735418207 0.0317923852051321 -0.29362599047478 0.0241497161387961
0.00655196706561235 0.0310238556481139 -0.341101112209578 -0.287623510451664
-0.00965264007271074 0.0422854313319571 -0.0127772872014877 -0.49979950764949
-0.0347734322852969 0.0326971778147751 0.28194157932287 -0.34650111881007
-0.0672512534689552 -0.0061453548813716 0.28592184180232 0.017238143234133
0.133502148426174 0.0397976683823243 -0.177011138963299 -0.0788097700404288
0.121863800316627 -0.0962339914788689 -0.738308256781535 0.298498548580859
-0.06179603102509 -0.14037704774924 -0.228731750834948 0.703716053772548
-0.132000236515853 0.00713362883934877 0.265226862709156 0.414609205758848
-0.0468548950697837 0.0791776192849679 0.239556396988909 0.00359668658371365
0.00939618040721441 0.0477664213418081 0.0989246083437439 -0.0658747792802186
0.0117399059413175 0.020520568216422 0.0485369980338323 -0.0725438221396049
-0.00371371546254291 0.0148933487576973 -0.0201069639738597 -0.0448984879810243
-0.00655598877446576 0.00737124816228682 -0.0790156527791977 0.0257950519502454
0.0212231248132394 0.00722153865536755 -0.168885347980361 0.0926634491981796
0.0491571500659547 0.0248844968516242 -0.298671047109926 0.038006218631965
0.0485486189807276 0.0729312478885775 -0.358929994977551 -0.260963206816223
-0.0536606214877614 0.0938400037727068 -0.0588911305418263 -0.486396607421962
-0.0691188629985048 -0.00856992145493808 0.25151922206776 -0.371468290919337
-0.0035768188205004 -0.0414371722643946 0.291753685585632 0.0178874545322327
0.222143220735403 0.0495282777598496 -0.220651109760351 -0.0769293813525911
0.165011288023632 -0.164291570825023 -0.686430463603904 0.32238284036695
-0.0998363568963065 -0.19328032353103 -0.193723367969405 0.641606293792229
-0.174825578378548 0.0220849126555957 0.206983695762206 0.383756309464563
-0.0566249552001242 0.104784139949204 0.2040447541481 0.0500698418337311
0.0137678566884574 0.06958272478799 0.110674808841797 -0.0276285162143128
0.0212215494945132 0.0314773916890208 0.0605020827261024 -0.0624862087518908
0.00247618458202262 0.0125192062392338 -0.0171469002479793 -0.0378908929170364
-0.00192062953383692 -0.000661975095679319 -0.084025695345397 0.0271239548826831
0.0426145798694112 -0.000467750531298298 -0.175317662601884 0.0799712732804259
0.0865511513879218 0.0362981000574709 -0.289890123396818 0.0266719525590819
0.0639619086171465 0.128713176588362 -0.350625101253273 -0.245945544419155
-0.119575851932805 0.116971061688441 -0.0908169658543176 -0.467197210193178
-0.0846604803678378 -0.0750445387429645 0.225863895753981 -0.402480728545744
0.0785226249121087 -0.0691955227823771 0.292905747603816 0.0102687587705472
0.257856570159553 0.0279318366698933 -0.254307292561151 -0.0655503555972669
0.12708390298357 -0.215498775166952 -0.586363554404153 0.333311948384533
-0.158924414996454 -0.171918842720451 -0.161729383478709 0.560498873098003
-0.161689314932325 0.0659699302893096 0.152979671359703 0.367491602765922
-0.0281770181796762 0.107461540971966 0.187666436525027 0.0980284754134441
0.0194151563107865 0.0651160444541549 0.127957089903457 0.00354927719334628
0.0206619959670676 0.0282431993930778 0.0724401438525585 -0.0491703712971051
0.00613493861944587 0.00894442264672527 -0.00922411918502923 -0.0273043539293578
0.0133121111443607 -0.00172481052304079 -0.0822888133363179 0.0251413278240997
0.0748827182674634 0.00969047661080535 -0.168715674310084 0.0564799453559251
0.108255456668789 0.0773049984730496 -0.259797721564529 0.00550160714684168
0.0239315656210382 0.18708426884927 -0.320174010599751 -0.227725350239593
-0.203853518123682 0.077565848029936 -0.120967561298173 -0.451225977403209
-0.0576880746426108 -0.163754320339223 0.211953821946525 -0.444050373674865
0.175385056143038 -0.0751417069401489 0.28189224478878 -0.00284372012800987
0.243310252881628 -0.00264817114953698 -0.268742934388768 -0.0538240327449128
0.0501141778226885 -0.211009879892946 -0.484731423098028 0.30557867925914
-0.179546883949849 -0.0877367175127001 -0.15992373218408 0.498853686555556
-0.0925759378088308 0.0979626102579785 0.135930094747064 0.385295738415093
0.0122717984181712 0.0801169574924889 0.208088174898367 0.126570464972955
0.0187508582572988 0.0420406888377369 0.148350541353713 0.0102939404818132
0.0130629333987343 0.0131100140643187 0.0806044322536724 -0.0410140567884839
0.0081120289641621 0.00682471840681749 0.00166042381220188 -0.0160886814855419
0.0322785099981153 0.00492836259881384 -0.071205242636132 0.0211621405951317
0.0986514822209926 0.0401099670451571 -0.140681096530489 0.0369203974887394
0.0860055353052517 0.132056495748819 -0.208642192659883 0.00369244555284373
-0.0716120333458349 0.198898735147526 -0.297116145758937 -0.195852816291852
-0.249420179620738 -0.0366186120259618 -0.157566202028781 -0.465113770534082
0.0295314303383808 -0.23615170742357 0.223076712727919 -0.50465055824321
0.258106732776302 -0.0464967166362915 0.263725607011179 -0.0261786275445761
0.198582893430931 -0.021991416007931 -0.270076257526972 -0.0504481809879549
-0.00505484775572888 -0.157640984585357 -0.41656422553255 0.267205493981189
-0.139758574252726 -0.00805863447791875 -0.15867487638278 0.488448582656127
-0.0163707569249087 0.0858873732215226 0.180544790870707 0.409761646439505
0.032569892190001 0.036921557002885 0.254738591134983 0.111558582087184
0.00754126240700374 0.0118781777475572 0.164037507985156 -0.0114400815096516
0.00228481199139507 -0.00484618876284195 0.0866158921120404 -0.0413146213777953
0.0102837313689704 0.0047890339679154 0.0126891110286929 -0.00507989008082893
0.0440101930890487 0.0145750198383892 -0.0546340618617308 0.0235182431848135
0.0906708370295646 0.0713656084851373 -0.104255882392918 0.0415392677694574
0.0219055015215746 0.153379902753155 -0.173558471723683 0.0341620742934452
-0.156209515813177 0.128025498615732 -0.312828021296798 -0.177397963463078
-0.195496687486412 -0.161970797170458 -0.167474497892841 -0.539074492911118
0.146647770181864 -0.23236947301581 0.297296565250869 -0.572702978232438
0.287009515350966 0.00857215359905001 0.249426696455598 -0.0549837302710464
0.145022359648864 -0.0212692897495633 -0.268572149397534 -0.0536483373595704
-0.0120672730362718 -0.0971824059224248 -0.378133310796458 0.248363357745895
-0.0751427576271076 0.0205541075104404 -0.120732507577642 0.508663508730701
0.0203174283033756 0.0457191340614674 0.259645734786315 0.400752822559519
0.0245660175429427 0.00260376781584932 0.297332956866483 0.0571418808513098
-0.00450403729567654 -0.0109611232545495 0.167675778032248 -0.0523470654410627
-0.00103832559410272 -0.0169990438930895 0.0899267707749056 -0.0479212854357567
0.0119318206267318 0.00315560136978503 0.0195429319694599 0.00466787599903951
0.0401312796948508 0.0187959547086946 -0.0377599949470841 0.0331206124663962
0.0554455190227897 0.0754176419160226 -0.0775250830514199 0.0638121947259633
-0.0346594538489512 0.11710287570592 -0.176285879018484 0.0634324227975001
-0.152582302217016 0.0200922143907722 -0.338430500165703 -0.218564232002028
-0.0608577628826214 -0.195597816134253 -0.0904197016369974 -0.646979912633059
0.210912189803385 -0.13796577566362 0.436022566466846 -0.594820140887758
0.233673394710185 0.0593271776765613 0.24784545034007 -0.0792430373017801
0.0939296685905091 -0.00529748417808452 -0.273019827056871 -0.058714262980793
0.0141599494328284 -0.0536077211365361 -0.354731648226151 0.257006633046768
-0.0214501754054867 -0.00153471400000925 -0.0620553691976564 0.525601961133636
0.0111187474613577 0.0026117832617738 0.337549155255224 0.36403851327289
0.00256832306394225 -0.0101940830296787 0.324759774917569 -0.00583253185656702
-0.0107863245635764 -0.0179236662654419 0.167995448751718 -0.0908993583442561
0.00144483676809049 -0.0195113836327216 0.0863838964558356 -0.0566565655120943
0.0107940743711112 0.00116594595517561 0.0192043012511616 0.00888428883458287
0.0234014281546639 0.0112027980503821 -0.0297790737350919 0.0438948256053436
0.0187809320432314 0.0438264724843787 -0.0716151164986043 0.0828091789170762
-0.0412100828036686 0.0463991812919681 -0.199528201642808 0.0598767756634455
-0.0651506387253576 -0.0431495699396267 -0.328387920977971 -0.300207307985695
0.0493284548054059 -0.112375426007235 0.0542097655121698 -0.708009261159314
0.164104172231643 -0.0165055742129785 0.579838957531133 -0.552638494104287
0.107758729485721 0.0697454305542997 0.259760834526635 -0.09003665864247
