TRXV5
3
4
4
9
string Extension=J
integer IsArchMeasurement=1
integer IsSpherical=1
string Generator=SPM
string GeneratorVersion=1.3.1 Dev
double ArchRadius=0.449999988079071
integer FrequencyAxisIndex=0
integer AzimuthAxisIndex=1
integer ElevationAxisIndex=2
Frequency
5 136 690000000 960000000 LIN
Azimuth
7 8 0 2.74889357189107 LIN
Elevation
7 15 -2.74889357189107 2.74889357189107 LIN
Polar H Real Part
13
Polar H Imaginary Part
14
Polar V Real Part
13
Polar V Imaginary Part
14
Polar H Magnitude (dB)
12 0xC0000002 0 1
Polar H Phase
7 0xC0000003 0 1
Polar V Magnitude (dB)
12 0xC0000002 2 3
Polar V Phase
7 0xC0000003 2 3
0.00184440612792969 -0.00937652587890625 -0.146209716796875 -0.0449066162109375
-0.00276947021484375 -0.0125522613525391 -0.147613525390625 0.109100341796875
-0.00070875883102417 0.000138342380523682 -0.010498046875 0.169937133789063
-0.00369668006896973 0.000203847885131836 0.060516357421875 0.090545654296875
-0.00329303741455078 0.00767803192138672 0.0417213439941406 0.0194168090820313
0.0113258361816406 0.0162134170532227 -0.00307321548461914 0.00156545639038086
0.0175647735595703 0.0118570327758789 -0.0538063049316406 0.015716552734375
0.0115222930908203 0.003448486328125 -0.100914001464844 0.0320663452148437
0.0129909515380859 -0.000168800354003906 -0.149658203125 0.026336669921875
0.0108413696289063 0.00164699554443359 -0.187973022460938 -0.0384368896484375
0.00815868377685547 0.00687122344970703 -0.181900024414063 -0.124359130859375
-0.003143310546875 0.00843477249145508 -0.0936737060546875 -0.213165283203125
-0.0213623046875 -0.00205802917480468 0.0648956298828125 -0.246429443359375
-0.0159053802490234 -0.0347995758056641 0.122161865234375 -0.173171997070313
0.00318527221679687 -0.0474281311035156 0.129051208496094 -0.0994796752929688
0.00567245483398437 0.0452690124511719 -0.136299133300781 -0.052703857421875
0.0301609039306641 0.0345134735107422 -0.149444580078125 0.096435546875
0.0489082336425781 0.00654983520507813 -0.0263671875 0.167205810546875
0.0301132202148437 -0.0359992980957031 0.0493240356445313 0.0967864990234375
-0.0071258544921875 -0.0378494262695313 0.0407829284667969 0.0264434814453125
-0.0301589965820313 -0.0152359008789063 -0.00520944595336914 0.00341510772705078
-0.0273780822753906 0.0087890625 -0.0518531799316406 0.0149650573730469
-0.0230712890625 0.00576019287109375 -0.0990982055664063 0.03253173828125
-0.0263347625732422 -0.00174903869628906 -0.148880004882813 0.028656005859375
-0.0262641906738281 -0.0155105590820312 -0.189544677734375 -0.03204345703125
-0.0110282897949219 -0.0236454010009766 -0.1875 -0.115570068359375
0.00253105163574218 -0.0302162170410156 -0.107223510742188 -0.205551147460937
0.020843505859375 -0.0151138305664062 0.04510498046875 -0.250595092773438
0.0250682830810547 -0.00104141235351563 0.111343383789063 -0.183029174804688
0.0177631378173828 0.00720787048339844 0.131507873535156 -0.107948303222656
0.0081787109375 0.0956802368164063 -0.127830505371094 -0.0528488159179687
0.0628738403320313 0.079681396484375 -0.147293090820313 0.0796966552734375
0.0950469970703125 0.0122451782226563 -0.047821044921875 0.158248901367188
0.0598564147949219 -0.0695610046386719 0.03106689453125 0.1112060546875
-0.0108413696289062 -0.0788345336914063 0.0455856323242188 0.0476570129394531
-0.0678024291992188 -0.0443344116210937 0.0104389190673828 0.0112743377685547
-0.0684623718261719 0.00457382202148436 -0.0337905883789063 0.0139198303222656
-0.054443359375 0.00712966918945313 -0.0830001831054688 0.0274810791015625
-0.0635337829589844 -0.00319671630859374 -0.137611389160156 0.0268096923828125
-0.0624313354492187 -0.0298500061035156 -0.18048095703125 -0.02862548828125
-0.0314483642578125 -0.0528755187988281 -0.18145751953125 -0.106475830078125
0.00635910034179688 -0.0687103271484375 -0.111099243164063 -0.194427490234375
0.0614356994628906 -0.0287246704101563 0.033966064453125 -0.247039794921875
0.0643386840820313 0.030731201171875 0.107879638671875 -0.181838989257813
0.0310516357421875 0.0592079162597656 0.136489868164063 -0.100326538085938
0.0119171142578125 0.135673522949219 -0.121131896972656 -0.0409469604492187
0.0948715209960937 0.108566284179687 -0.149063110351563 0.0676116943359375
0.130294799804688 0.00661468505859375 -0.0748748779296875 0.157699584960937
0.0757598876953125 -0.0971603393554688 0.0144882202148438 0.138259887695313
-0.018646240234375 -0.10693359375 0.0594329833984375 0.0778350830078125
-0.0965576171875 -0.0621261596679687 0.0423240661621094 0.0244865417480469
-0.0966720581054688 0.00200653076171874 0.000591278076171868 0.00922298431396484
-0.079315185546875 0.00778961181640624 -0.0546493530273438 0.016845703125
-0.0936203002929688 -0.00409698486328124 -0.113937377929688 0.0177764892578125
-0.0916976928710938 -0.0427780151367187 -0.156997680664063 -0.030487060546875
-0.046661376953125 -0.078765869140625 -0.163131713867188 -0.0995635986328125
0.0126724243164062 -0.100433349609375 -0.103057861328125 -0.181655883789063
0.0960540771484375 -0.0373077392578125 0.03350830078125 -0.233993530273438
0.094512939453125 0.0590133666992188 0.112655639648438 -0.168380737304688
0.0384521484375 0.101722717285156 0.139137268066406 -0.0764083862304688
0.016632080078125 0.156524658203125 -0.12005615234375 -0.016510009765625
0.114845275878906 0.11798095703125 -0.154861450195313 0.0705413818359375
0.142822265625 -0.0033111572265625 -0.093841552734375 0.17236328125
0.0746002197265625 -0.111099243164063 0.011383056640625 0.175094604492188
-0.0279541015625 -0.115028381347656 0.0843505859375 0.109825134277344
-0.1104736328125 -0.0658645629882812 0.083953857421875 0.0349578857421875
-0.109268188476562 0.00113677978515627 0.0421676635742187 0.000988006591796875
-0.091461181640625 0.00775146484375001 -0.0186557769775391 0.00276756286621093
-0.111305236816406 -0.006103515625 -0.0808334350585938 0.00552368164062501
-0.107940673828125 -0.0546875 -0.122489929199219 -0.0326919555664063
-0.05181884765625 -0.09906005859375 -0.133399963378906 -0.0913772583007812
0.02496337890625 -0.119148254394531 -0.0861968994140625 -0.162765502929688
0.120841979980469 -0.0334091186523438 0.0368804931640625 -0.212844848632813
0.106582641601563 0.082305908203125 0.120712280273437 -0.147445678710938
0.0375289916992187 0.127967834472656 0.14129638671875 -0.043487548828125
0.019561767578125 0.153793334960937 -0.120887756347656 0.017791748046875
0.113960266113281 0.105827331542969 -0.157760620117187 0.0901031494140625
0.130279541015625 -0.010955810546875 -0.0949249267578125 0.19708251953125
0.0612030029296875 -0.10302734375 0.02520751953125 0.20770263671875
-0.0323486328125 -0.102157592773438 0.117156982421875 0.132331848144531
-0.10693359375 -0.05731201171875 0.127769470214844 0.0385971069335937
-0.104156494140625 0.00145721435546875 0.0842742919921875 -0.0101699829101563
-0.0901718139648438 0.00605773925781249 0.0190296173095703 -0.0136890411376953
-0.112968444824219 -0.00986480712890624 -0.0417098999023438 -0.00667190551757813
-0.104965209960937 -0.0624618530273438 -0.08038330078125 -0.0310134887695312
-0.0428085327148438 -0.107032775878906 -0.0994186401367187 -0.076019287109375
0.0401458740234375 -0.115776062011719 -0.068603515625 -0.137039184570312
0.124038696289063 -0.014984130859375 0.038726806640625 -0.1890869140625
0.0964889526367188 0.0947647094726563 0.127517700195313 -0.127098083496094
0.0268783569335937 0.131088256835938 0.137840270996094 -0.00534820556640624
0.0168304443359375 0.128868103027344 -0.122589111328125 0.0549545288085938
0.093017578125 0.0818710327148438 -0.15362548828125 0.118255615234375
0.100181579589844 -0.00978851318359375 -0.07806396484375 0.221466064453125
0.0426559448242188 -0.0773086547851563 0.050048828125 0.227828979492187
-0.0295028686523438 -0.0765457153320313 0.14642333984375 0.140487670898438
-0.087493896484375 -0.0419921875 0.163772583007812 0.0367431640625
-0.08404541015625 -0.000465393066406261 0.118621826171875 -0.022491455078125
-0.075897216796875 0.00376129150390627 0.0529098510742187 -0.0270843505859375
-0.0966262817382813 -0.0136642456054688 -0.00391674041748047 -0.0148458480834961
-0.0836105346679687 -0.060760498046875 -0.0394401550292969 -0.0243072509765625
-0.0236358642578125 -0.0947265625 -0.069061279296875 -0.0552177429199219
0.0479965209960938 -0.08941650390625 -0.059295654296875 -0.111679077148438
0.101531982421875 0.007904052734375 0.035186767578125 -0.172012329101563
0.0665206909179688 0.0902786254882813 0.133277893066406 -0.113304138183594
0.0109939575195312 0.111923217773438 0.130355834960937 0.0274200439453125
0.0101242065429688 0.0881729125976563 -0.123214721679688 0.08782958984375
0.0575294494628906 0.0530128479003906 -0.143051147460937 0.145233154296875
0.0627212524414063 -0.0007476806640625 -0.0532379150390625 0.236953735351562
0.0264434814453125 -0.0428504943847656 0.0765838623046875 0.232421875
-0.0188636779785156 -0.0448036193847656 0.168563842773438 0.137802124023438
-0.0555000305175781 -0.0258102416992188 0.18914794921875 0.0281829833984375
-0.0522308349609375 -0.00182342529296874 0.142181396484375 -0.0351409912109375
-0.0499420166015625 0.00113296508789062 0.0772476196289063 -0.0382614135742188
-0.0646591186523438 -0.0134048461914062 0.0269412994384766 -0.0192279815673828
-0.0505027770996094 -0.0444869995117188 -0.0089254379272461 -0.0140600204467773
-0.0056610107421875 -0.0625877380371094 -0.0503501892089844 -0.0367469787597656
0.040191650390625 -0.04888916015625 -0.0565185546875 -0.0947494506835938
0.0594024658203125 0.0204887390136719 0.0349884033203125 -0.166030883789063
0.0287971496582031 0.0645065307617188 0.140037536621094 -0.105865478515625
-0.00273895263671874 0.0736083984375 0.121711730957031 0.0526504516601563
0.00347328186035156 -0.0109834671020508 -0.151596069335938 -0.0360870361328125
-0.00332069396972656 -0.0136394500732422 -0.142379760742187 0.122085571289063
-0.000400155782699585 -7.96318054199218E-05 0.00302124023437501 0.174224853515625
-0.0041961669921875 0.000275373458862305 0.0694046020507813 0.08734130859375
-0.00407791137695312 0.00885963439941406 0.04327392578125 0.0149917602539063
0.0125904083251953 0.0155096054077148 -0.00345754623413086 0.00110387802124023
0.0192031860351563 0.0104560852050781 -0.0551261901855469 0.0192337036132812
0.0135250091552734 0.00342750549316406 -0.101158142089844 0.042205810546875
0.0134048461914063 -0.00139999389648438 -0.151229858398437 0.0381011962890625
0.0108613967895508 0.000269889831542969 -0.194610595703125 -0.024566650390625
0.00921058654785156 0.00714111328125 -0.196807861328125 -0.113082885742187
-0.00305747985839844 0.00853395462036133 -0.113037109375 -0.212600708007813
-0.0217952728271484 -0.000528335571289063 0.0483551025390625 -0.258438110351563
-0.0200138092041016 -0.0350856781005859 0.114700317382813 -0.185928344726563
0.000198364257812497 -0.0495414733886719 0.127792358398438 -0.110923767089844
0.00965118408203125 0.044647216796875 -0.1434326171875 -0.045166015625
0.0340175628662109 0.0336246490478516 -0.145111083984375 0.109481811523438
0.0518798828125 0.00388336181640625 -0.0142822265625 0.172088623046875
0.0284500122070313 -0.0397834777832031 0.0582733154296875 0.09375
-0.0111618041992187 -0.0386085510253906 0.0429840087890625 0.0223655700683594
-0.032257080078125 -0.0137405395507813 -0.00478363037109375 0.00147247314453125
-0.0278701782226563 0.0102634429931641 -0.0538101196289063 0.0192451477050781
-0.0222053527832031 0.00769233703613281 -0.0996322631835937 0.0422210693359375
-0.0270347595214844 0.000604629516601562 -0.15020751953125 0.04119873046875
-0.0273170471191406 -0.0135383605957031 -0.195159912109375 -0.0175018310546875
-0.0130023956298828 -0.0228290557861328 -0.200424194335937 -0.103302001953125
-2.2888183593751E-05 -0.0316810607910156 -0.125289916992187 -0.202560424804688
0.020263671875 -0.0170841217041016 0.027587890625 -0.26123046875
0.0242214202880859 -0.00176620483398438 0.101715087890625 -0.19708251953125
0.0174436569213867 0.00703716278076172 0.130340576171875 -0.120071411132813
0.0159149169921875 0.0979995727539063 -0.133071899414063 -0.046417236328125
0.0714492797851563 0.0778045654296875 -0.144805908203125 0.09173583984375
0.100288391113281 0.0068359375 -0.037017822265625 0.164810180664063
0.0570449829101562 -0.0759811401367188 0.0398330688476563 0.11065673828125
-0.0178909301757813 -0.0808563232421875 0.0486946105957031 0.0435218811035156
-0.07342529296875 -0.0407180786132812 0.0105810165405273 0.00970077514648437
-0.0692481994628906 0.00998687744140624 -0.0343780517578125 0.0159320831298828
-0.0546226501464844 0.0123825073242187 -0.0839385986328125 0.035400390625
-0.0651092529296875 0.00243759155273438 -0.138381958007813 0.0384368896484375
-0.0667495727539063 -0.0251617431640625 -0.185653686523438 -0.015655517578125
-0.0354499816894531 -0.0518875122070312 -0.194656372070312 -0.0948028564453125
0.00112152099609376 -0.0708236694335938 -0.129150390625 -0.190994262695312
0.0613632202148438 -0.0337066650390625 0.016082763671875 -0.256118774414063
0.0676460266113281 0.0276298522949219 0.098388671875 -0.195602416992188
0.0354385375976563 0.0601463317871094 0.135704040527344 -0.11358642578125
0.0225601196289063 0.138725280761719 -0.126754760742187 -0.0343399047851562
0.106544494628906 0.105888366699219 -0.147842407226563 0.079376220703125
0.136192321777344 -0.0005950927734375 -0.0649871826171875 0.166061401367187
0.0720977783203125 -0.105621337890625 0.0248947143554688 0.140411376953125
-0.0272445678710937 -0.109298706054687 0.065704345703125 0.0746612548828125
-0.103828430175781 -0.0559844970703125 0.0445442199707031 0.0206108093261719
-0.0983657836914063 0.0101470947265625 0.00100708007812499 0.00867128372192383
-0.0795135498046875 0.0140151977539063 -0.0558929443359375 0.0226211547851562
-0.096221923828125 0.00469970703125 -0.114959716796875 0.0269546508789062
-0.0972442626953125 -0.0363235473632812 -0.162384033203125 -0.018402099609375
-0.0530014038085938 -0.0777969360351562 -0.175735473632813 -0.08892822265625
0.00564575195312499 -0.104385375976563 -0.119827270507813 -0.17877197265625
0.0963516235351563 -0.0445022583007813 0.0162200927734375 -0.2432861328125
0.101051330566406 0.0551223754882813 0.104583740234375 -0.181747436523438
0.046905517578125 0.103836059570313 0.141433715820313 -0.0886383056640625
0.0289459228515625 0.160919189453125 -0.123672485351562 -0.00951385498046872
0.12799072265625 0.113327026367188 -0.153976440429688 0.0818328857421875
0.148452758789063 -0.01385498046875 -0.0838775634765625 0.182479858398438
0.0684280395507813 -0.120559692382813 0.0239715576171875 0.177352905273438
-0.0372695922851563 -0.116264343261719 0.09429931640625 0.105888366699219
-0.118583679199219 -0.0583114624023438 0.0876617431640625 0.0288925170898437
-0.111274719238281 0.00943756103515625 0.0426445007324219 -0.00258255004882813
-0.0928955078125 0.0147857666015625 -0.0200710296630859 0.00494384765625
-0.115669250488281 0.00312042236328126 -0.081390380859375 0.0120162963867188
-0.115509033203125 -0.0476913452148438 -0.128288269042969 -0.0240478515625
-0.0602798461914063 -0.098236083984375 -0.143905639648438 -0.0827484130859375
0.0163726806640625 -0.124435424804688 -0.10076904296875 -0.159454345703125
0.122772216796875 -0.0421524047851563 0.0214080810546875 -0.220626831054688
0.117210388183594 0.0792922973632813 0.113021850585938 -0.160293579101563
0.0471649169921875 0.130378723144531 0.144851684570313 -0.0549163818359375
0.0301513671875 0.157211303710938 -0.122817993164063 0.027313232421875
0.125114440917969 0.100830078125 -0.15509033203125 0.102447509765625
0.13372802734375 -0.0200424194335938 -0.0838623046875 0.208908081054687
0.0550537109375 -0.1094970703125 0.0402984619140625 0.211471557617188
-0.04046630859375 -0.102882385253906 0.129081726074219 0.126060485839844
-0.11444091796875 -0.0499343872070313 0.133232116699219 0.0293045043945313
-0.106269836425781 0.00894927978515624 0.0857620239257813 -0.0177764892578125
-0.0916976928710938 0.0132904052734375 0.0176219940185547 -0.0146751403808594
-0.117507934570313 -0.000640869140624983 -0.0426063537597656 -0.00313186645507812
-0.113555908203125 -0.0565567016601563 -0.084259033203125 -0.026580810546875
-0.0514450073242188 -0.107559204101563 -0.107666015625 -0.0690994262695313
0.0329055786132813 -0.122962951660156 -0.0809249877929688 -0.135551452636719
0.12762451171875 -0.0243911743164062 0.024871826171875 -0.195404052734375
0.106559753417969 0.0926513671875 0.121269226074219 -0.139617919921875
0.0371170043945313 0.134841918945313 0.143600463867188 -0.01629638671875
0.0257034301757812 0.132026672363281 -0.12237548828125 0.0645599365234375
0.101577758789063 0.0777740478515625 -0.1497802734375 0.131271362304688
0.102447509765625 -0.0164871215820312 -0.065185546875 0.232406616210938
0.0378341674804688 -0.0821151733398438 0.068328857421875 0.229156494140625
-0.0354080200195312 -0.07611083984375 0.160064697265625 0.132431030273438
-0.0931243896484375 -0.0359954833984375 0.170654296875 0.02374267578125
-0.0855484008789062 0.00604248046875 0.119804382324219 -0.0336532592773438
-0.0770416259765625 0.00991821289062499 0.0516014099121094 -0.0327568054199219
-0.10028076171875 -0.00510406494140626 -0.00426578521728516 -0.0145673751831055
-0.092071533203125 -0.05615234375 -0.0411911010742188 -0.0214881896972656
-0.0311279296875 -0.0969467163085938 -0.0755081176757812 -0.0497970581054688
0.0438079833984375 -0.0959091186523438 -0.0682449340820313 -0.108200073242188
0.105644226074219 0.00152587890625 0.0217437744140625 -0.178619384765625
0.0751571655273438 0.0899810791015625 0.128143310546875 -0.126777648925781
0.01934814453125 0.116050720214844 0.136917114257812 0.0186767578125
0.0168914794921875 0.0905303955078125 -0.121574401855469 0.098602294921875
0.0632896423339844 0.0507240295410156 -0.1365966796875 0.158111572265625
0.0640182495117188 -0.00503921508789063 -0.039337158203125 0.245590209960938
0.0254478454589844 -0.0456581115722656 0.094757080078125 0.232162475585938
-0.0227088928222656 -0.0439567565917969 0.182815551757813 0.1280517578125
-0.0589981079101563 -0.0219497680664062 0.195724487304688 0.0142669677734375
-0.0525398254394531 0.002227783203125 0.142440795898438 -0.0478057861328125
-0.0503005981445313 0.00476455688476563 0.0759124755859375 -0.04522705078125
-0.0676460266113281 -0.00793838500976562 0.0275249481201172 -0.0214481353759766
-0.0565299987792969 -0.0423316955566406 -0.00803089141845703 -0.0130949020385742
-0.00976943969726563 -0.0653228759765625 -0.0546226501464844 -0.0316925048828125
0.0385208129882813 -0.0534286499023438 -0.0646896362304688 -0.091033935546875
0.0633544921875 0.0177574157714844 0.02239990234375 -0.171966552734375
0.0352706909179688 0.06640625 0.135032653808594 -0.120491027832031
0.00252532958984374 0.0781478881835938 0.128738403320313 0.04541015625
0.00287914276123047 -0.0120954513549805 -0.151336669921875 -0.0279998779296875
-0.00409793853759766 -0.0141401290893555 -0.133087158203125 0.130569458007813
0.000919342041015625 -0.00075143575668335 0.01544189453125 0.171279907226562
-0.00453567504882813 0.000351428985595704 0.0743942260742188 0.0802841186523438
-0.00376987457275391 0.00995254516601563 0.0435981750488281 0.0101203918457031
0.0133495330810547 0.0150146484375 -0.00536394119262695 -0.000821590423583985
0.0207405090332031 0.00800514221191406 -0.054046630859375 0.0229225158691406
0.0152196884155273 0.00293827056884766 -0.098358154296875 0.0491256713867188
0.0130109786987305 -0.00131893157958984 -0.1466064453125 0.04815673828125
0.0121831893920898 -0.00116348266601563 -0.193893432617187 -0.011322021484375
0.00922393798828125 0.00569343566894531 -0.202377319335937 -0.0989532470703125
-0.00227642059326172 0.00819826126098633 -0.12664794921875 -0.202468872070312
-0.0219402313232422 0.00022506713867188 0.0303955078125 -0.259719848632813
-0.0221385955810547 -0.0329933166503906 0.101638793945313 -0.192962646484375
-0.0032958984375 -0.0488471984863281 0.122665405273438 -0.119407653808594
0.0139389038085938 0.0432319641113281 -0.143020629882813 -0.036865234375
0.0375938415527344 0.03021240234375 -0.136367797851563 0.117607116699219
0.0531730651855469 0.00135040283203125 -0.00154113769531251 0.169998168945313
0.0264320373535156 -0.0410842895507813 0.063323974609375 0.0875244140625
-0.0134849548339844 -0.0369682312011719 0.043304443359375 0.0167236328125
-0.0332469940185547 -0.0108222961425781 -0.00684261322021484 0.000630378723144532
-0.0258998870849609 0.0113754272460937 -0.0529365539550781 0.0222969055175781
-0.0207881927490234 0.00942802429199219 -0.0967483520507813 0.0496978759765625
-0.0270347595214844 0.0029449462890625 -0.145736694335938 0.0522003173828125
-0.0283164978027344 -0.0115566253662109 -0.194610595703125 -0.00531005859375
-0.0141620635986328 -0.0231666564941406 -0.205474853515625 -0.0885314941406249
-0.00195884704589843 -0.0306034088134766 -0.13818359375 -0.192001342773438
0.018463134765625 -0.0179367065429687 0.00885009765625002 -0.260406494140625
0.0247783660888672 -0.00378036499023437 0.08966064453125 -0.201522827148438
0.0171270370483398 0.00592422485351563 0.125640869140625 -0.128250122070313
0.0218353271484375 0.095855712890625 -0.133613586425781 -0.039459228515625
0.076629638671875 0.0734176635742187 -0.137130737304687 0.100212097167969
0.102317810058594 0.00110626220703125 -0.0259857177734375 0.16424560546875
0.0525970458984375 -0.0796661376953125 0.0466842651367188 0.105064392089844
-0.0237503051757813 -0.0793304443359375 0.0501213073730469 0.0382919311523437
-0.0757522583007813 -0.0348968505859375 0.00979232788085937 0.00805568695068359
-0.0673866271972656 0.0140647888183594 -0.0343647003173828 0.0184822082519531
-0.0526924133300781 0.015625 -0.0814056396484375 0.0430526733398438
-0.0647354125976563 0.00815963745117188 -0.133941650390625 0.0480270385742188
-0.0677299499511719 -0.0205650329589844 -0.184402465820313 -0.00306701660156247
-0.0386924743652344 -0.0493087768554688 -0.199295043945313 -0.080657958984375
-0.00313186645507812 -0.0697822570800781 -0.141677856445313 -0.180282592773438
0.0584220886230469 -0.0371856689453125 -0.00230407714843749 -0.254684448242188
0.0694313049316406 0.0240859985351562 0.085479736328125 -0.201004028320313
0.0395317077636719 0.0584373474121094 0.130897521972656 -0.1224365234375
0.0304107666015625 0.136466979980469 -0.126762390136719 -0.0268478393554688
0.113731384277344 0.0998306274414063 -0.140090942382813 0.086761474609375
0.137847900390625 -0.00936126708984375 -0.0535125732421875 0.167999267578125
0.06597900390625 -0.110519409179688 0.0326004028320312 0.136367797851563
-0.0354843139648438 -0.106201171875 0.0689888000488281 0.069244384765625
-0.107536315917969 -0.0489654541015625 0.0435028076171875 0.0172843933105469
-0.0961685180664063 0.015594482421875 0.000254631042480463 0.00946044921875
-0.0767745971679688 0.019775390625 -0.054107666015625 0.0268669128417969
-0.0954360961914063 0.012237548828125 -0.111007690429687 0.0357666015625
-0.10003662109375 -0.0291290283203125 -0.161575317382812 -0.00817871093750003
-0.0575103759765625 -0.0748291015625 -0.179733276367188 -0.07574462890625
-0.00107574462890625 -0.103363037109375 -0.130538940429688 -0.168441772460938
0.0926132202148438 -0.0497665405273438 -0.00167846679687499 -0.241104125976563
0.103935241699219 0.050018310546875 0.093017578125 -0.18792724609375
0.0533905029296875 0.101936340332031 0.137252807617187 -0.09912109375
0.0382843017578125 0.158004760742188 -0.123298645019531 -0.00236511230468752
0.135490417480469 0.105682373046875 -0.1461181640625 0.08984375
0.149322509765625 -0.021728515625 -0.0709228515625 0.185394287109375
0.061309814453125 -0.124176025390625 0.035125732421875 0.173294067382813
-0.0448074340820312 -0.113494873046875 0.099365234375 0.0988006591796875
-0.122627258300781 -0.0487594604492188 0.0877609252929687 0.0222396850585937
-0.109756469726563 0.0179214477539062 0.0425643920898437 -0.00635147094726562
-0.0903701782226563 0.0212860107421875 -0.0201148986816406 0.00653648376464844
-0.114303588867187 0.0124588012695312 -0.0795059204101563 0.01763916015625
-0.118659973144531 -0.0390243530273438 -0.128013610839844 -0.0152435302734375
-0.0664215087890625 -0.0953292846679688 -0.148941040039062 -0.07098388671875
0.00865936279296875 -0.125091552734375 -0.110671997070313 -0.150482177734375
0.119384765625 -0.0501480102539063 0.00590515136718751 -0.2196044921875
0.121559143066406 0.0724105834960938 0.102264404296875 -0.167266845703125
0.0562744140625 0.129135131835938 0.142303466796875 -0.0645904541015625
0.039459228515625 0.154541015625 -0.120529174804687 0.0331573486328125
0.132331848144531 0.0922470092773438 -0.147354125976562 0.11041259765625
0.133857727050781 -0.0280838012695313 -0.069488525390625 0.210647583007813
0.0489501953125 -0.112449645996094 0.0543670654296875 0.20550537109375
-0.0474014282226563 -0.0996627807617187 0.135978698730469 0.116043090820313
-0.116180419921875 -0.04083251953125 0.132606506347656 0.0200576782226562
-0.105010986328125 0.0161361694335938 0.0826492309570313 -0.024017333984375
-0.0892486572265625 0.0192184448242188 0.0164394378662109 -0.0154552459716797
-0.116294860839844 0.00841522216796877 -0.0418014526367188 0.000240325927734375
-0.116554260253906 -0.0482406616210938 -0.08428955078125 -0.0206451416015625
-0.0579452514648438 -0.104393005371094 -0.111549377441406 -0.0598526000976563
0.0248336791992188 -0.124565124511719 -0.0883865356445313 -0.127243041992188
0.125900268554688 -0.031036376953125 0.009857177734375 -0.19500732421875
0.113021850585938 0.0874862670898438 0.111892700195313 -0.147491455078125
0.0460968017578125 0.134719848632813 0.142791748046875 -0.02606201171875
0.0337677001953125 0.129890441894531 -0.117752075195313 0.0717544555664063
0.106559753417969 0.0704345703125 -0.140396118164062 0.138809204101563
0.101905822753906 -0.02252197265625 -0.04998779296875 0.233978271484375
0.03338623046875 -0.0832290649414062 0.0822296142578125 0.222946166992188
-0.03997802734375 -0.0729598999023438 0.1676025390625 0.12066650390625
-0.0936813354492187 -0.0286178588867188 0.169769287109375 0.0110931396484375
-0.0831680297851563 0.0117034912109375 0.115226745605469 -0.0426406860351563
-0.0747146606445313 0.0148239135742188 0.047821044921875 -0.0347900390625
-0.100685119628906 0.00215148925781252 -0.00389671325683595 -0.0140523910522461
-0.0954360961914063 -0.0501022338867187 -0.0409774780273438 -0.0187454223632813
-0.0363693237304688 -0.09539794921875 -0.0768814086914063 -0.04290771484375
0.0373916625976563 -0.097869873046875 -0.0747528076171875 -0.100830078125
0.106697082519531 -0.0041351318359375 0.0088348388671875 -0.178237915039063
0.0804901123046875 0.0868301391601563 0.117912292480469 -0.134788513183594
0.0273666381835938 0.115867614746094 0.138664245605469 0.00928497314453126
0.0223846435546875 0.087799072265625 -0.115470886230469 0.105766296386719
0.0661811828613281 0.0460128784179688 -0.12615966796875 0.164810180664063
0.0648384094238281 -0.008209228515625 -0.02276611328125 0.24530029296875
0.0222206115722656 -0.0467376708984375 0.109100341796875 0.224838256835938
-0.0245513916015625 -0.0433387756347656 0.189483642578125 0.11529541015625
-0.0584297180175781 -0.0175056457519531 0.194564819335937 -0.000671386718750001
-0.0516128540039063 0.00654983520507814 0.137107849121094 -0.0577011108398438
-0.0486640930175781 0.00868606567382812 0.0729293823242188 -0.0497512817382813
-0.06695556640625 -0.00244903564453127 0.0264835357666016 -0.0232715606689453
-0.0582160949707031 -0.0387382507324219 -0.00679588317871094 -0.0130014419555664
-0.0144271850585938 -0.06451416015625 -0.0543975830078125 -0.0260810852050781
0.0354957580566406 -0.0548439025878906 -0.0703201293945312 -0.0843658447265625
0.0640602111816406 0.015380859375 0.00822448730468752 -0.17242431640625
0.0386428833007813 0.0652427673339844 0.125495910644531 -0.129081726074219
0.008270263671875 0.0781478881835938 0.131576538085937 0.0369644165039063
0.00285530090332031 -0.0140810012817383 -0.1485595703125 -0.0240020751953125
-0.00491142272949219 -0.0155715942382812 -0.125076293945313 0.132179260253906
0.00270700454711914 -0.000983476638793945 0.021484375 0.166122436523437
-0.0048527717590332 0.000429153442382813 0.0748062133789063 0.0743255615234375
-0.00369358062744141 0.0105600357055664 0.0412712097167969 0.00634384155273438
0.0143642425537109 0.0144290924072266 -0.00676155090332031 -0.00205516815185547
0.0206127166748047 0.00636100769042969 -0.0536003112792969 0.0256500244140625
0.0156488418579102 0.00177097320556641 -0.0939865112304687 0.0540084838867188
0.0129489898681641 -0.00123405456542969 -0.1409912109375 0.0534515380859375
0.0111913681030273 -0.00160408020019531 -0.189498901367188 -0.00390625000000004
0.00963878631591797 0.0048370361328125 -0.201278686523438 -0.0883331298828125
-0.00209712982177734 0.00891590118408203 -0.131805419921875 -0.1927490234375
-0.0215854644775391 0.00168418884277343 0.02044677734375 -0.254653930664063
-0.0239906311035156 -0.0312004089355469 0.0936431884765625 -0.19219970703125
-0.00397491455078125 -0.0469779968261719 0.11798095703125 -0.122055053710938
0.0142135620117188 0.0416603088378906 -0.1397705078125 -0.0337677001953125
0.0376853942871094 0.0287513732910156 -0.129188537597656 0.119865417480469
0.0532722473144531 -0.00038909912109375 0.0056610107421875 0.165695190429688
0.0243568420410156 -0.0411453247070313 0.0645828247070312 0.0821685791015625
-0.0155906677246094 -0.0359077453613281 0.0421218872070313 0.0143203735351562
-0.0332546234130859 -0.00900840759277344 -0.00797748565673828 0.000525951385498045
-0.0236434936523438 0.0127544403076172 -0.0527305603027344 0.0255393981933594
-0.0185680389404297 0.00996589660644531 -0.0930557250976563 0.0547561645507813
-0.0263462066650391 0.00498390197753906 -0.140007019042969 0.0570297241210937
-0.0287818908691406 -0.0101909637451172 -0.189895629882813 0.00291442871093749
-0.0140628814697266 -0.0226039886474609 -0.204559326171875 -0.0767059326171875
-0.00317001342773437 -0.0298500061035156 -0.144119262695312 -0.18157958984375
0.0175600051879883 -0.0172748565673828 -0.00128173828125002 -0.254867553710938
0.0242271423339844 -0.00263595581054688 0.0815277099609375 -0.201202392578125
0.0184974670410156 0.00604248046875 0.121429443359375 -0.131561279296875
0.0239639282226562 0.0928268432617188 -0.131271362304688 -0.03515625
0.0780181884765625 0.0688629150390625 -0.129981994628906 0.101821899414063
0.103118896484375 -0.0026092529296875 -0.018157958984375 0.160629272460938
0.0496444702148438 -0.0805587768554688 0.0491256713867188 0.0992889404296875
-0.0262603759765625 -0.0771484375 0.0487098693847656 0.03448486328125
-0.0759353637695312 -0.0304946899414063 0.00842285156249999 0.00731229782104492
-0.0650596618652344 0.0163230895996094 -0.0339756011962891 0.0198078155517578
-0.0495796203613281 0.0173912048339844 -0.0776519775390625 0.0471420288085937
-0.0630760192871094 0.0109519958496094 -0.128471374511719 0.0529937744140625
-0.067626953125 -0.0177841186523437 -0.180557250976563 0.00418090820312497
-0.0387420654296875 -0.0480422973632812 -0.198074340820313 -0.069580078125
-0.00532913208007812 -0.0676536560058594 -0.1453857421875 -0.170425415039063
0.0563926696777344 -0.0375518798828125 -0.01190185546875 -0.248855590820313
0.0692901611328125 0.0230140686035156 0.0774688720703125 -0.199844360351563
0.0409049987792969 0.05743408203125 0.126480102539063 -0.126480102539063
0.0341873168945313 0.132972717285156 -0.124298095703125 -0.024139404296875
0.115699768066406 0.0926666259765625 -0.134162902832031 0.08868408203125
0.136528015136719 -0.0134811401367187 -0.046539306640625 0.165130615234375
0.0613632202148438 -0.110641479492188 0.0362548828125 0.129966735839844
-0.0383758544921875 -0.103630065917969 0.0691604614257813 0.0643730163574219
-0.106719970703125 -0.0425643920898437 0.0420570373535156 0.0152549743652344
-0.0936279296875 0.0201263427734375 0.000331878662109369 0.00890064239501953
-0.073486328125 0.022003173828125 -0.0510940551757813 0.0301895141601562
-0.0926284790039063 0.01605224609375 -0.106552124023437 0.040069580078125
-0.0994186401367187 -0.024658203125 -0.157211303710938 -0.001739501953125
-0.0591201782226563 -0.0723190307617188 -0.17889404296875 -0.0653076171875
-0.00409698486328125 -0.101051330566406 -0.134063720703125 -0.1585693359375
0.0903244018554688 -0.0511322021484375 -0.01080322265625 -0.235809326171875
0.105278015136719 0.046417236328125 0.0842742919921875 -0.18804931640625
0.0565719604492188 0.0996551513671875 0.133186340332031 -0.102592468261719
0.041473388671875 0.154251098632813 -0.119537353515625 0.000679016113281252
0.137954711914063 0.0973968505859375 -0.140167236328125 0.0918502807617188
0.146499633789063 -0.0268096923828125 -0.0631103515625 0.182586669921875
0.0560760498046875 -0.123802185058594 0.039520263671875 0.167861938476563
-0.048126220703125 -0.109428405761719 0.10028076171875 0.0917205810546875
-0.120643615722656 -0.043701171875 0.0858612060546875 0.0182113647460937
-0.105918884277344 0.0209121704101563 0.0401420593261719 -0.0071258544921875
-0.0868301391601563 0.02410888671875 -0.0186519622802734 0.00894355773925781
-0.111610412597656 0.0176162719726562 -0.076080322265625 0.0211868286132813
-0.118370056152344 -0.0334396362304688 -0.125152587890625 -0.0102310180664063
-0.0682296752929687 -0.0918502807617188 -0.147048950195313 -0.06256103515625
0.00421905517578124 -0.122581481933594 -0.11285400390625 -0.141815185546875
0.115234375 -0.05194091796875 -0.00341796874999999 -0.214385986328125
0.123176574707031 0.0688858032226563 0.0952606201171875 -0.168914794921875
0.0606765747070312 0.126113891601563 0.139427185058594 -0.0696945190429687
0.0433502197265625 0.150711059570313 -0.116584777832031 0.0362548828125
0.1334228515625 0.08551025390625 -0.14105224609375 0.112045288085938
0.131172180175781 -0.032867431640625 -0.0615081787109375 0.208099365234375
0.04364013671875 -0.111946105957031 0.0601959228515625 0.1990966796875
-0.0495147705078125 -0.0955352783203125 0.136634826660156 0.108711242675781
-0.11474609375 -0.0354843139648437 0.131355285644531 0.014373779296875
-0.10052490234375 0.0201416015625 0.078765869140625 -0.0270004272460938
-0.08514404296875 0.0222015380859375 0.0156345367431641 -0.0151576995849609
-0.112968444824219 0.0141143798828125 -0.0395851135253906 0.00231552124023438
-0.117538452148438 -0.0423660278320312 -0.08245849609375 -0.0167999267578125
-0.060302734375 -0.102317810058594 -0.110313415527344 -0.0529556274414063
0.020111083984375 -0.123519897460938 -0.0911636352539063 -0.119941711425781
0.123069763183594 -0.0335540771484375 0.00213623046875003 -0.191131591796875
0.115104675292969 0.0842666625976563 0.103515625 -0.149856567382813
0.0502853393554688 0.131645202636719 0.141250610351563 -0.031005859375
0.037078857421875 0.126121520996094 -0.113693237304688 0.0739059448242188
0.107589721679688 0.0652618408203125 -0.1337890625 0.138992309570313
0.100563049316406 -0.0250930786132813 -0.0417327880859375 0.228805541992188
0.0313034057617188 -0.0831985473632813 0.08795166015625 0.2144775390625
-0.0414352416992187 -0.0702362060546875 0.167251586914063 0.111068725585938
-0.09228515625 -0.0248565673828125 0.166397094726562 0.004150390625
-0.0811920166015625 0.0153961181640625 0.110877990722656 -0.0460739135742188
-0.071258544921875 0.0174407958984375 0.0464096069335937 -0.0353622436523437
-0.0974044799804688 0.00635528564453125 -0.00261974334716797 -0.0135679244995117
-0.0954818725585938 -0.0453872680664063 -0.0394363403320313 -0.0168571472167969
-0.0390243530273438 -0.0935745239257813 -0.0759811401367188 -0.0374069213867187
0.0349502563476563 -0.0978469848632812 -0.0756759643554688 -0.094512939453125
0.104942321777344 -0.0069122314453125 0.000915527343750004 -0.174072265625
0.0830001831054688 0.0849227905273438 0.110336303710938 -0.138084411621094
0.0316925048828125 0.114128112792969 0.13787841796875 0.00424194335937501
0.0247268676757813 0.0850601196289063 -0.110076904296875 0.107963562011719
0.0668487548828125 0.0413627624511719 -0.119094848632813 0.164321899414063
0.0631904602050781 -0.0106430053710938 -0.013916015625 0.239028930664063
0.0206756591796875 -0.0465431213378906 0.115127563476562 0.215011596679687
-0.0255012512207031 -0.0406646728515625 0.188888549804688 0.1048583984375
-0.05804443359375 -0.0148696899414063 0.189697265625 -0.0091705322265625
-0.0501518249511719 0.00772857666015624 0.13165283203125 -0.06207275390625
-0.0461006164550781 0.0108146667480469 0.06951904296875 -0.0516624450683594
-0.0660057067871094 0.000694274902343759 0.0268669128417969 -0.0244979858398438
-0.0588607788085938 -0.0360755920410156 -0.00540256500244141 -0.0121393203735352
-0.0153579711914063 -0.0643997192382813 -0.0530166625976562 -0.0220527648925781
0.0336799621582031 -0.0557060241699219 -0.0717849731445313 -0.0776824951171875
0.06390380859375 0.0128707885742188 0.000869750976562495 -0.168319702148438
0.0410385131835938 0.0646286010742188 0.117240905761719 -0.133049011230469
0.0115127563476562 0.0769424438476563 0.130439758300781 0.0317535400390625
0.0023956298828125 -0.0158519744873047 -0.145462036132813 -0.023223876953125
-0.00575828552246094 -0.0160913467407227 -0.122718811035156 0.132369995117188
0.00171279907226563 -0.00299715995788574 0.0228271484375 0.1636962890625
-0.00509166717529297 -1.66893005371083E-05 0.0738601684570313 0.0721893310546875
-0.00342750549316406 0.0108709335327148 0.0392837524414063 0.00449752807617188
0.0150260925292969 0.0144929885864258 -0.00858259201049805 -0.00244760513305664
0.0218658447265625 0.00550460815429688 -0.0542106628417969 0.02679443359375
0.016453742980957 0.00149345397949219 -0.0922622680664063 0.0565109252929687
0.0129384994506836 -0.000576019287109375 -0.139503479003906 0.0551300048828125
0.0106697082519531 -0.00258445739746094 -0.1881103515625 -0.00201416015625002
0.00978851318359375 0.00463962554931641 -0.199691772460938 -0.085296630859375
-0.00199127197265625 0.00924777984619141 -0.13299560546875 -0.188629150390625
-0.0217914581298828 0.00189018249511718 0.018035888671875 -0.252471923828125
-0.0241870880126953 -0.0299835205078125 0.0930023193359375 -0.192214965820313
-0.0052947998046875 -0.0466957092285156 0.119834899902344 -0.123245239257813
0.013427734375 0.0397071838378906 -0.138053894042969 -0.0325851440429688
0.0378074645996094 0.0277786254882813 -0.127059936523437 0.119178771972656
0.0557403564453125 -0.001434326171875 0.00643920898437501 0.1629638671875
0.023590087890625 -0.0418205261230469 0.064239501953125 0.07916259765625
-0.0150241851806641 -0.0349540710449219 0.0396766662597656 0.0121345520019531
-0.03289794921875 -0.00732040405273437 -0.010615348815918 -3.33786010742215E-05
-0.0232467651367188 0.0125846862792969 -0.0514945983886719 0.0268707275390625
-0.0176010131835938 0.0093994140625 -0.0901641845703125 0.057281494140625
-0.0258331298828125 0.00531959533691407 -0.137992858886719 0.0585556030273437
-0.0294647216796875 -0.00987625122070313 -0.188186645507812 0.00424194335937502
-0.0134525299072266 -0.0239734649658203 -0.202850341796875 -0.07452392578125
-0.00254249572753906 -0.0300064086914063 -0.1439208984375 -0.178192138671875
0.017216682434082 -0.0161285400390625 -0.0027923583984375 -0.252105712890625
0.0231094360351563 -0.0020294189453125 0.080810546875 -0.2008056640625
0.0192413330078125 0.00587081909179688 0.122627258300781 -0.132476806640625
0.02288818359375 0.09222412109375 -0.129058837890625 -0.0352096557617188
0.0787582397460938 0.0681228637695313 -0.12786865234375 0.101104736328125
0.104515075683594 -0.0033721923828125 -0.01678466796875 0.158187866210938
0.0492401123046875 -0.0813980102539063 0.04791259765625 0.09674072265625
-0.0268478393554687 -0.0769119262695313 0.0476303100585938 0.0334281921386719
-0.07562255859375 -0.0297927856445312 0.00637340545654297 0.00694561004638672
-0.0638084411621094 0.0171966552734375 -0.0333461761474609 0.0209636688232422
-0.0482177734375 0.0167961120605469 -0.0761260986328125 0.0490188598632813
-0.0615081787109375 0.0127449035644531 -0.126487731933594 0.0545120239257812
-0.0676727294921875 -0.0167694091796875 -0.178604125976563 0.00624084472656247
-0.0389480590820313 -0.0482025146484375 -0.196365356445313 -0.066436767578125
-0.00574111938476563 -0.0670394897460938 -0.145431518554688 -0.16680908203125
0.0561561584472656 -0.036834716796875 -0.01446533203125 -0.2459716796875
0.0702438354492188 0.0235710144042969 0.0768890380859375 -0.199615478515625
0.0418205261230469 0.0579452514648437 0.127708435058594 -0.127304077148438
0.0337753295898438 0.132011413574219 -0.122566223144531 -0.0239944458007812
0.115798950195312 0.0910491943359375 -0.13275146484375 0.0879669189453125
0.139358520507813 -0.015380859375 -0.0454559326171875 0.163131713867187
0.0604705810546875 -0.112030029296875 0.0371856689453125 0.127853393554688
-0.0386123657226563 -0.102973937988281 0.0676918029785156 0.0628242492675781
-0.105979919433594 -0.0409011840820312 0.0411529541015625 0.0150108337402344
-0.0926971435546875 0.0195541381835938 -0.000730514526367192 0.00932693481445313
-0.0709457397460938 0.0226364135742187 -0.0501060485839844 0.0322456359863281
-0.0912857055664063 0.0180587768554687 -0.103607177734375 0.0414810180664063
-0.0999221801757812 -0.0230712890625 -0.156570434570313 0.00106811523437498
-0.05926513671875 -0.0720443725585938 -0.177154541015625 -0.0625762939453125
-0.0047607421875 -0.100532531738281 -0.134353637695313 -0.155715942382813
0.0897979736328125 -0.0509719848632813 -0.012939453125 -0.234176635742188
0.106369018554688 0.0468673706054688 0.0833282470703125 -0.188323974609375
0.057098388671875 0.099090576171875 0.133460998535156 -0.10546875
0.0412445068359375 0.153396606445313 -0.119544982910156 -4.57763671874766E-05
0.137916564941406 0.0959091186523438 -0.138862609863281 0.0914764404296875
0.1480712890625 -0.0267486572265625 -0.0625457763671875 0.181060791015625
0.05584716796875 -0.124313354492188 0.039947509765625 0.165664672851563
-0.048553466796875 -0.109451293945313 0.0990982055664063 0.0911483764648438
-0.120063781738281 -0.0409927368164062 0.0854415893554688 0.017486572265625
-0.103446960449219 0.022125244140625 0.0391845703125 -0.00722122192382812
-0.084442138671875 0.0243606567382812 -0.0180778503417969 0.0104351043701172
-0.109634399414063 0.0188140869140625 -0.0732421875 0.0228118896484375
-0.118484497070313 -0.0317764282226563 -0.123908996582031 -0.00952148437500002
-0.0686721801757812 -0.0919189453125 -0.14703369140625 -0.0581512451171875
0.00280761718749999 -0.122535705566406 -0.11279296875 -0.139213562011719
0.115562438964844 -0.0505523681640625 -0.00570678710937499 -0.2120361328125
0.124313354492188 0.070068359375 0.09210205078125 -0.168655395507813
0.061767578125 0.127159118652344 0.140716552734375 -0.0709075927734375
0.0423736572265625 0.149246215820312 -0.11529541015625 0.0357666015625
0.133193969726563 0.0841064453125 -0.140701293945313 0.1097412109375
0.131736755371094 -0.0319442749023437 -0.060821533203125 0.206771850585938
0.04327392578125 -0.112632751464844 0.0604705810546875 0.197174072265625
-0.0498809814453125 -0.0944061279296875 0.135673522949219 0.10614013671875
-0.114097595214844 -0.0343399047851562 0.129341125488281 0.0128326416015625
-0.0997848510742187 0.02044677734375 0.0784835815429688 -0.027557373046875
-0.0835723876953125 0.02252197265625 0.0152673721313477 -0.0134201049804688
-0.112068176269531 0.0152206420898438 -0.0381011962890625 0.00261688232421875
-0.117301940917969 -0.040985107421875 -0.0815658569335938 -0.0164794921875
-0.060272216796875 -0.102607727050781 -0.10870361328125 -0.0507049560546875
0.0193939208984375 -0.122955322265625 -0.0908203125 -0.117431640625
0.123428344726563 -0.0331039428710938 -0.000274658203124989 -0.18963623046875
0.115776062011719 0.08538818359375 0.102142333984375 -0.149795532226563
0.0509872436523437 0.131080627441406 0.141632080078125 -0.0337066650390625
0.0364837646484375 0.12481689453125 -0.112380981445313 0.0727920532226563
0.107086181640625 0.0632171630859375 -0.133712768554687 0.138076782226563
0.101081848144531 -0.0253448486328125 -0.0407562255859375 0.22662353515625
0.0311737060546875 -0.0828170776367188 0.08837890625 0.211639404296875
-0.041107177734375 -0.0703125 0.166976928710938 0.109024047851563
-0.0909347534179687 -0.024017333984375 0.165679931640625 0.0018310546875
-0.0790786743164063 0.01654052734375 0.109260559082031 -0.0473785400390625
-0.0701637268066406 0.0173835754394531 0.0452804565429687 -0.0349922180175781
-0.0958023071289063 0.00882720947265623 -0.00210380554199219 -0.0147829055786133
-0.0963211059570313 -0.0438766479492187 -0.038116455078125 -0.0168495178222656
-0.0396270751953125 -0.094085693359375 -0.0734024047851563 -0.0343399047851563
0.0333480834960938 -0.0984420776367187 -0.0754470825195313 -0.0919265747070312
0.105300903320313 -0.005340576171875 -0.00216674804687498 -0.17132568359375
0.085113525390625 0.08563232421875 0.107635498046875 -0.138984680175781
0.0335540771484375 0.114555358886719 0.1385498046875 0.00210571289062501
0.023895263671875 0.08447265625 -0.10980224609375 0.1055908203125
0.0665473937988281 0.040740966796875 -0.119033813476562 0.163558959960938
0.0633430480957031 -0.0110702514648437 -0.0139923095703125 0.236785888671875
0.020263671875 -0.0461082458496094 0.115859985351563 0.212692260742188
-0.0253372192382813 -0.0399589538574219 0.188446044921875 0.101898193359375
-0.0566902160644531 -0.014007568359375 0.188308715820313 -0.0104827880859375
-0.0501480102539063 0.00900268554687501 0.129730224609375 -0.0639266967773438
-0.045074462890625 0.0102500915527344 0.0685882568359375 -0.0508689880371094
-0.064178466796875 0.00130844116210939 0.0275249481201172 -0.0251293182373047
-0.0596504211425781 -0.0357551574707031 -0.00487899780273438 -0.0123348236083984
-0.0152702331542969 -0.0649642944335938 -0.0515289306640625 -0.0193061828613281
0.0333671569824219 -0.0554962158203125 -0.0708084106445313 -0.0733795166015625
0.0642127990722656 0.0141792297363281 -0.00228881835937498 -0.166290283203125
0.0425224304199219 0.0654716491699219 0.114822387695313 -0.133918762207031
0.0125808715820313 0.076904296875 0.130485534667969 0.0302200317382813
0.00193405151367187 -0.0166645050048828 -0.148574829101563 -0.0255584716796875
-0.00611495971679688 -0.0179424285888672 -0.125732421875 0.13525390625
0.00328826904296875 -0.00394701957702637 0.0234832763671875 0.166061401367188
-0.00592660903930664 -5.72204589843856E-06 0.074920654296875 0.0728836059570313
-0.00435256958007812 0.0122079849243164 0.0386734008789062 0.00386810302734375
0.0164813995361328 0.0155525207519531 -0.0112018585205078 -0.00231838226318359
0.0225276947021484 0.00553512573242188 -0.0556373596191406 0.0284004211425781
0.0171213150024414 0.000437736511230469 -0.0929718017578125 0.0594558715820313
0.0141105651855469 -0.000506401062011719 -0.141708374023438 0.0567779541015625
0.0112371444702148 -0.00230789184570313 -0.191192626953125 -0.00125122070312503
0.00945663452148438 0.00416946411132813 -0.204803466796875 -0.0859375
-0.00178718566894531 0.00941658020019531 -0.135528564453125 -0.192520141601563
-0.0221443176269531 0.00206565856933594 0.0180816650390625 -0.25787353515625
-0.0248661041259766 -0.0304679870605469 0.09613037109375 -0.197677612304688
-0.00345611572265625 -0.0481643676757813 0.125801086425781 -0.126304626464844
0.0123748779296875 0.0404739379882813 -0.139190673828125 -0.0363693237304687
0.0370941162109375 0.0275917053222656 -0.130073547363281 0.12249755859375
0.0574760437011719 -0.00323486328125 0.00700378417968751 0.166152954101562
0.0240287780761719 -0.0439796447753906 0.0656661987304688 0.0799179077148437
-0.0152397155761719 -0.0358085632324219 0.0389442443847656 0.0106163024902344
-0.0337371826171875 -0.00793075561523438 -0.0120601654052734 1.33514404296869E-05
-0.0230960845947266 0.0121803283691406 -0.0540542602539063 0.0281791687011719
-0.0168380737304687 0.0101985931396484 -0.0914230346679688 0.060302734375
-0.0256786346435547 0.00685882568359375 -0.138961791992187 0.059722900390625
-0.0300998687744141 -0.0108833312988281 -0.191864013671875 0.00566101074218746
-0.0146007537841797 -0.0246372222900391 -0.207382202148438 -0.0746917724609375
-0.00268936157226563 -0.0292568206787109 -0.147491455078125 -0.182464599609375
0.0183506011962891 -0.0167903900146484 -0.00448608398437501 -0.257797241210938
0.0245742797851562 -0.00171470642089844 0.083251953125 -0.206222534179688
0.0200595855712891 0.00698661804199219 0.129158020019531 -0.136474609375
0.02203369140625 0.0952301025390625 -0.130760192871094 -0.0381088256835937
0.0799331665039063 0.0695571899414063 -0.130508422851563 0.102493286132812
0.108833312988281 -0.00397491455078125 -0.017974853515625 0.161331176757812
0.0514984130859375 -0.0844955444335938 0.0488662719726563 0.0980377197265625
-0.02734375 -0.0783309936523438 0.0472259521484375 0.033477783203125
-0.0769424438476563 -0.0296859741210937 0.00553369522094726 0.00703859329223633
-0.0650596618652344 0.0167312622070313 -0.0344982147216797 0.0224151611328125
-0.0475120544433594 0.0171165466308594 -0.075592041015625 0.0520706176757813
-0.062591552734375 0.0139999389648438 -0.128288269042969 0.0559158325195313
-0.0696144104003906 -0.0162353515625 -0.181915283203125 0.00660705566406247
-0.0402336120605469 -0.0507621765136719 -0.199798583984375 -0.06634521484375
-0.0053558349609375 -0.0691947937011719 -0.148269653320313 -0.170318603515625
0.0575027465820313 -0.0367927551269531 -0.015411376953125 -0.251312255859375
0.0728378295898438 0.02508544921875 0.0782470703125 -0.205856323242187
0.0436935424804688 0.0594062805175781 0.133621215820313 -0.131752014160156
0.0317611694335938 0.136611938476563 -0.125648498535156 -0.0263671875
0.118377685546875 0.0934295654296875 -0.135856628417969 0.0895462036132813
0.1439208984375 -0.0144195556640625 -0.04736328125 0.166595458984375
0.06329345703125 -0.115707397460938 0.0355300903320313 0.130714416503906
-0.0396652221679688 -0.106063842773438 0.0680503845214844 0.0641021728515625
-0.109115600585938 -0.0416259765625 0.0409393310546875 0.0150794982910156
-0.0937118530273438 0.02117919921875 -0.000279426574707038 0.0106287002563477
-0.0723342895507813 0.0212326049804687 -0.04962158203125 0.0347747802734375
-0.0922088623046875 0.0196685791015625 -0.105499267578125 0.0424423217773437
-0.102104187011719 -0.0226058959960938 -0.159332275390625 0.000762939453125012
-0.0615692138671875 -0.0752334594726563 -0.180587768554688 -0.0631561279296875
-0.00479888916015625 -0.102607727050781 -0.1368408203125 -0.158279418945313
0.0930328369140625 -0.051300048828125 -0.013153076171875 -0.237884521484375
0.110565185546875 0.0496673583984375 0.086578369140625 -0.193923950195313
0.0598678588867188 0.102729797363281 0.139877319335938 -0.109230041503906
0.03955078125 0.158157348632813 -0.121253967285156 -0.00115203857421876
0.141616821289062 0.097930908203125 -0.1439208984375 0.09234619140625
0.154327392578125 -0.0283966064453125 -0.06561279296875 0.185409545898438
0.05859375 -0.128807067871094 0.0398101806640625 0.168991088867188
-0.0498428344726563 -0.111747741699219 0.100593566894531 0.0924072265625
-0.123085021972656 -0.0416488647460938 0.0873870849609375 0.0182266235351563
-0.106155395507813 0.023223876953125 0.0405769348144531 -0.00766754150390625
-0.084747314453125 0.0240859985351562 -0.0162582397460938 0.0120372772216797
-0.111091613769531 0.0214691162109375 -0.0752639770507813 0.0229263305664062
-0.121627807617187 -0.03179931640625 -0.126243591308594 -0.00856018066406248
-0.071014404296875 -0.0962142944335938 -0.14837646484375 -0.0590362548828125
0.00458526611328126 -0.125740051269531 -0.114364624023438 -0.142181396484375
0.119842529296875 -0.0513916015625 -0.00640869140624997 -0.216537475585938
0.129753112792969 0.0726165771484375 0.0946807861328125 -0.174468994140625
0.0634231567382813 0.128524780273438 0.14532470703125 -0.0757904052734375
0.0420379638671875 0.154373168945312 -0.118743896484375 0.0351486206054688
0.137046813964844 0.0852813720703125 -0.145401000976562 0.111663818359375
0.137245178222656 -0.0331954956054688 -0.06390380859375 0.21173095703125
0.0450439453125 -0.114837646484375 0.060943603515625 0.200576782226562
-0.0504379272460937 -0.0971221923828125 0.138526916503906 0.109184265136719
-0.11627197265625 -0.0346221923828125 0.132400512695313 0.0133132934570312
-0.101219177246094 0.0214080810546875 0.0794830322265625 -0.028228759765625
-0.0842056274414063 0.0226593017578125 0.0171098709106445 -0.0132637023925781
-0.114028930664062 0.0164260864257813 -0.0381546020507813 0.0014495849609375
-0.122123718261719 -0.0411300659179688 -0.0834197998046875 -0.0159149169921875
-0.0627899169921875 -0.106666564941406 -0.109580993652344 -0.0499801635742188
0.0212860107421875 -0.127288818359375 -0.0910873413085937 -0.117897033691406
0.128509521484375 -0.0331192016601563 -0.00114440917968747 -0.191436767578125
0.122451782226562 0.0897140502929687 0.1036376953125 -0.155548095703125
0.0538864135742188 0.135185241699219 0.146072387695313 -0.03497314453125
0.0352706909179688 0.129112243652344 -0.117263793945312 0.0743408203125
0.108543395996094 0.0645980834960938 -0.138931274414063 0.140655517578125
0.104629516601563 -0.0256576538085938 -0.0435028076171875 0.232574462890625
0.032318115234375 -0.0851821899414063 0.0896148681640625 0.215972900390625
-0.0414886474609375 -0.0711822509765625 0.170700073242188 0.111709594726563
-0.0931777954101562 -0.0247802734375 0.168685913085938 0.002227783203125
-0.0799636840820313 0.0162506103515625 0.111785888671875 -0.0484619140625
-0.070037841796875 0.0173835754394531 0.0480575561523437 -0.0357246398925781
-0.0978240966796875 0.00930786132812501 -0.00180435180664063 -0.015162467956543
-0.0995559692382813 -0.0445098876953125 -0.0384750366210938 -0.0176048278808594
-0.0415802001953125 -0.0979537963867188 -0.0735397338867187 -0.0346145629882813
0.0353622436523438 -0.102218627929688 -0.0763702392578125 -0.0927200317382812
0.110466003417969 -0.0052947998046875 -0.00384521484375 -0.174224853515625
0.0890045166015625 0.089691162109375 0.109298706054688 -0.142471313476563
0.034423828125 0.117881774902344 0.142135620117188 0.00178527832031251
0.0231704711914063 0.088958740234375 -0.114654541015625 0.109397888183594
0.0665283203125 0.0423126220703125 -0.123184204101562 0.167068481445313
0.0660667419433594 -0.0106620788574219 -0.01617431640625 0.242172241210937
0.0211982727050781 -0.0471115112304688 0.117889404296875 0.216476440429688
-0.0252571105957031 -0.0410652160644531 0.19281005859375 0.104507446289063
-0.0586471557617188 -0.0144386291503906 0.19317626953125 -0.0126495361328125
-0.0495948791503906 0.00800323486328124 0.13372802734375 -0.0660858154296875
-0.0445899963378906 0.00997924804687501 0.0704193115234375 -0.0520095825195312
-0.0652313232421875 0.00162887573242186 0.0291385650634766 -0.0266208648681641
-0.0613136291503906 -0.0361900329589844 -0.00265884399414063 -0.0133247375488281
-0.0165138244628906 -0.0679779052734375 -0.0508308410644531 -0.0178413391113281
0.0353279113769531 -0.057647705078125 -0.071380615234375 -0.07470703125
0.0675544738769531 0.0160598754882813 -0.00457763671875 -0.169326782226563
0.0448493957519531 0.0691375732421875 0.116165161132813 -0.13800048828125
0.012603759765625 0.0794296264648437 0.133026123046875 0.0307769775390625
0.00166130065917969 -0.0187797546386719 -0.153289794921875 -0.026123046875
-0.00815963745117188 -0.0189476013183594 -0.129409790039062 0.144027709960938
0.00292301177978516 -0.00583982467651367 0.0274200439453125 0.174072265625
-0.00644540786743164 -0.000401973724365233 0.079193115234375 0.0747222900390625
-0.00275897979736328 0.0138378143310547 0.0390968322753906 0.00243759155273438
0.0180988311767578 0.0150527954101563 -0.0138339996337891 -0.00275039672851562
0.0239753723144531 0.00430870056152344 -0.0575294494628906 0.0319099426269531
0.0192222595214844 -0.000188827514648438 -0.0953216552734375 0.0652999877929688
0.0152387619018555 -0.000429153442382813 -0.147247314453125 0.0623779296875
0.0103702545166016 -0.00242805480957031 -0.200180053710937 0.00231933593749996
0.00951099395751953 0.00335884094238281 -0.215576171875 -0.085784912109375
-0.00184154510498047 0.0105295181274414 -0.14605712890625 -0.198989868164063
-0.0228252410888672 0.00246238708496093 0.0146331787109375 -0.269927978515625
-0.0263614654541016 -0.0308666229248047 0.098876953125 -0.20928955078125
-0.003387451171875 -0.0514907836914062 0.133255004882813 -0.136062622070313
0.0125770568847656 0.0425949096679688 -0.145584106445313 -0.0369720458984375
0.0389213562011719 0.0289955139160156 -0.133934020996094 0.129478454589844
0.0609817504882812 -0.00458526611328125 0.0100555419921875 0.174591064453125
0.0251617431640625 -0.0472869873046875 0.0696563720703125 0.081085205078125
-0.0174713134765625 -0.0373992919921875 0.0392417907714844 0.0105514526367187
-0.0343036651611328 -0.00734710693359374 -0.0152521133422852 0.000112533569335937
-0.0233612060546875 0.0127296447753906 -0.056640625 0.030517578125
-0.0167818069458008 0.00979137420654297 -0.0933990478515625 0.0655746459960938
-0.0254459381103516 0.00724792480468751 -0.143768310546875 0.065277099609375
-0.0315608978271484 -0.0101966857910156 -0.199676513671875 0.00964355468749997
-0.0165767669677734 -0.025634765625 -0.218536376953125 -0.0731201171875
-0.00304412841796875 -0.0308952331542969 -0.158309936523438 -0.187774658203125
0.0205955505371094 -0.01763916015625 -0.00776672363281249 -0.269546508789063
0.0265350341796875 -0.00181388854980469 0.0856781005859375 -0.219161987304688
0.0222015380859375 0.00608634948730469 0.135833740234375 -0.146820068359375
0.0227584838867188 0.100906372070313 -0.136154174804688 -0.0399093627929688
0.0846023559570313 0.0720138549804688 -0.13555908203125 0.10968017578125
0.115890502929688 -0.0068817138671875 -0.01654052734375 0.169418334960938
0.0528945922851563 -0.0905914306640625 0.0522079467773438 0.101150512695313
-0.0292434692382813 -0.0826416015625 0.0481109619140625 0.0347328186035156
-0.080780029296875 -0.0300140380859375 0.0040440559387207 0.00736856460571289
-0.0674171447753906 0.01904296875 -0.0359764099121094 0.0244712829589844
-0.0488014221191406 0.016876220703125 -0.0766448974609375 0.0567169189453125
-0.064239501953125 0.0163612365722656 -0.131996154785156 0.0611190795898437
-0.0739974975585938 -0.0151519775390625 -0.190200805664063 0.011383056640625
-0.0442008972167969 -0.0530204772949219 -0.209793090820313 -0.065460205078125
-0.0062408447265625 -0.071990966796875 -0.158447265625 -0.17462158203125
0.0614776611328125 -0.0386886596679688 -0.0204620361328125 -0.262557983398438
0.0791702270507813 0.0259933471679688 0.0801544189453125 -0.217941284179688
0.046844482421875 0.0614700317382813 0.14080810546875 -0.142730712890625
0.033660888671875 0.14447021484375 -0.130928039550781 -0.0270919799804688
0.125442504882813 0.0960845947265625 -0.141937255859375 0.093994140625
0.153457641601563 -0.0187835693359375 -0.046844482421875 0.17523193359375
0.06549072265625 -0.124114990234375 0.0392532348632813 0.136299133300781
-0.0437774658203125 -0.111717224121094 0.071746826171875 0.0662689208984375
-0.114761352539063 -0.0416641235351562 0.0425834655761719 0.0151214599609375
-0.0975799560546875 0.024017333984375 -0.000157356262207037 0.0107355117797852
-0.0742340087890625 0.022979736328125 -0.0499076843261719 0.0382804870605469
-0.0953369140625 0.022705078125 -0.108924865722656 0.0464859008789063
-0.108375549316406 -0.0205459594726562 -0.167205810546875 0.00386047363281248
-0.0664291381835938 -0.0793838500976563 -0.189453125 -0.0622406005859375
-0.006317138671875 -0.108024597167969 -0.14556884765625 -0.163314819335938
0.0986862182617188 -0.0535888671875 -0.01837158203125 -0.248992919921875
0.119842529296875 0.0513763427734375 0.087738037109375 -0.205352783203125
0.06439208984375 0.106552124023438 0.14727783203125 -0.119094848632813
0.04180908203125 0.167190551757813 -0.127273559570313 -0.000358581542968729
0.149063110351562 0.100723266601562 -0.14910888671875 0.097808837890625
0.163543701171875 -0.0329132080078125 -0.0667572021484375 0.195968627929687
0.0605697631835938 -0.136802673339844 0.043243408203125 0.177444458007813
-0.0542144775390625 -0.116630554199219 0.107048034667969 0.0960617065429687
-0.129898071289063 -0.0414047241210937 0.09100341796875 0.0170135498046875
-0.110763549804688 0.0255126953125 0.04296875 -0.00885391235351562
-0.087860107421875 0.0245819091796875 -0.0156269073486328 0.0132617950439453
-0.114883422851562 0.0246658325195312 -0.0770187377929688 0.025390625
-0.130043029785156 -0.0293807983398438 -0.131980895996094 -0.00717163085937503
-0.0781631469726562 -0.101531982421875 -0.155899047851563 -0.0591278076171875
0.00273895263671874 -0.134117126464844 -0.122024536132813 -0.146087646484375
0.127418518066406 -0.054962158203125 -0.0101318359375 -0.22607421875
0.14093017578125 0.0746307373046875 0.097900390625 -0.185501098632813
0.0697479248046875 0.135162353515625 0.153610229492188 -0.08349609375
0.0443115234375 0.163955688476563 -0.124969482421875 0.0385971069335938
0.144683837890625 0.087432861328125 -0.151809692382812 0.118804931640625
0.14471435546875 -0.0365753173828125 -0.0639190673828125 0.223648071289063
0.0465087890625 -0.122787475585937 0.06597900390625 0.209762573242187
-0.054962158203125 -0.102005004882813 0.146133422851563 0.112136840820313
-0.122276306152344 -0.0334701538085938 0.138084411621094 0.01116943359375
-0.104927062988281 0.024871826171875 0.0832443237304688 -0.0321578979492187
-0.086822509765625 0.0229949951171875 0.0193195343017578 -0.0141353607177734
-0.118789672851563 0.020751953125 -0.0387954711914063 0.00294876098632813
-0.129440307617188 -0.0399398803710937 -0.0865707397460938 -0.0166397094726563
-0.0689926147460937 -0.113113403320312 -0.114738464355469 -0.0499649047851563
0.0216140747070313 -0.134559631347656 -0.0972518920898438 -0.121208190917969
0.136199951171875 -0.03509521484375 -0.00573730468750001 -0.199050903320313
0.13214111328125 0.0925827026367188 0.106643676757813 -0.165451049804688
0.0594329833984375 0.141921997070313 0.154693603515625 -0.04150390625
0.0369720458984375 0.13702392578125 -0.122482299804688 0.0788497924804688
0.115127563476563 0.065826416015625 -0.145263671875 0.149703979492188
0.110633850097656 -0.0281753540039063 -0.0423126220703125 0.245635986328125
0.0325164794921875 -0.0905532836914062 0.0976104736328125 0.22479248046875
-0.0448074340820312 -0.074188232421875 0.181228637695313 0.1131591796875
-0.0975112915039063 -0.0235443115234375 0.176315307617188 -0.00238037109375
-0.0834121704101563 0.01824951171875 0.116531372070313 -0.0538787841796875
-0.072540283203125 0.0181655883789063 0.0510940551757812 -0.0380516052246094
-0.102256774902344 0.012298583984375 -0.000490188598632817 -0.0163307189941406
-0.106605529785156 -0.04449462890625 -0.0395965576171875 -0.0195121765136719
-0.0460357666015625 -0.103950500488281 -0.0758285522460938 -0.0338821411132813
0.0371475219726563 -0.108589172363281 -0.0804672241210938 -0.0938949584960937
0.117668151855469 -0.0046234130859375 -0.00773620605468749 -0.181533813476563
0.0971450805664063 0.0933990478515625 0.111572265625 -0.153289794921875
0.0382003784179688 0.122856140136719 0.149703979492188 -0.00190734863281249
0.02362060546875 0.0930328369140625 -0.120277404785156 0.115859985351562
0.069915771484375 0.0427093505859375 -0.129562377929688 0.177734375
0.0696983337402344 -0.0120201110839844 -0.0139007568359375 0.255020141601562
0.0236968994140625 -0.0505409240722656 0.127044677734375 0.225128173828125
-0.0264472961425781 -0.0434799194335938 0.202972412109375 0.105072021484375
-0.0616226196289063 -0.0146522521972656 0.200271606445313 -0.0174713134765625
-0.0510368347167969 0.00964355468750001 0.137542724609375 -0.072418212890625
-0.0461387634277344 0.0104484558105469 0.0746994018554688 -0.0564651489257813
-0.0687294006347656 0.00354385375976562 0.0311260223388672 -0.0295047760009766
-0.0654449462890625 -0.0359878540039063 -0.00212383270263672 -0.014988899230957
-0.0180206298828125 -0.071868896484375 -0.05126953125 -0.0172576904296875
0.0368423461914062 -0.0618553161621094 -0.0750198364257813 -0.074676513671875
0.0725021362304688 0.0172348022460938 -0.00981140136718749 -0.176361083984375
0.0495681762695313 0.0719757080078125 0.11871337890625 -0.148651123046875
0.0149459838867187 0.0822982788085938 0.1409912109375 0.0293731689453125
0.00109291076660156 -0.0195255279541016 -0.162063598632813 -0.021331787109375
-0.0102043151855469 -0.0209770202636719 -0.129379272460937 0.1610107421875
0.00149631500244141 -0.00880718231201172 0.0383148193359375 0.182968139648438
-0.00800371170043945 -0.000149726867675781 0.0877914428710938 0.0732345581054688
-0.00221443176269531 0.0142536163330078 0.0404396057128906 -0.00130462646484375
0.0218086242675781 0.0149612426757812 -0.0165557861328125 -0.00154018402099609
0.0263614654541016 0.00345802307128906 -0.0603523254394531 0.03765869140625
0.0219650268554688 -0.00136184692382813 -0.0954666137695313 0.0749969482421875
0.0169429779052734 -0.00200176239013672 -0.151092529296875 0.0731201171875
0.0111761093139648 -0.00103378295898438 -0.210159301757812 0.013641357421875
0.00893497467041016 0.00264930725097656 -0.231903076171875 -0.0809326171875
-0.00111484527587891 0.0102605819702148 -0.162185668945312 -0.202499389648438
-0.0231208801269531 0.00432395935058593 0.00109863281249997 -0.28497314453125
-0.0291690826416016 -0.0325832366943359 0.0949859619140625 -0.226272583007813
-0.00543594360351562 -0.055084228515625 0.1351318359375 -0.152847290039063
0.0132331848144531 0.0447616577148438 -0.152496337890625 -0.0348968505859375
0.0402145385742188 0.0269279479980469 -0.134536743164062 0.143218994140625
0.0646018981933594 -0.00857925415039063 0.0196380615234375 0.183639526367188
0.0240516662597656 -0.0529708862304688 0.0774459838867187 0.0825881958007812
-0.0203933715820312 -0.0408210754394531 0.0397758483886719 0.0071868896484375
-0.0349636077880859 -0.00702476501464843 -0.0172357559204102 0.000589370727539059
-0.0228500366210938 0.0148124694824219 -0.0577430725097656 0.0368919372558594
-0.0136814117431641 0.00944709777832031 -0.0927963256835937 0.0731658935546875
-0.0252304077148438 0.00883102416992188 -0.147842407226562 0.0756378173828125
-0.0345821380615234 -0.00774002075195312 -0.209854125976563 0.0205230712890625
-0.0202598571777344 -0.0271453857421875 -0.23291015625 -0.0648040771484375
-0.00395393371582032 -0.0333671569824219 -0.17578125 -0.1890869140625
0.0201225280761719 -0.0192966461181641 -0.02178955078125 -0.28277587890625
0.0288181304931641 -0.00461006164550781 0.07904052734375 -0.235824584960937
0.0240917205810547 0.00604820251464844 0.139297485351563 -0.164230346679688
0.0275192260742187 0.107131958007813 -0.145095825195312 -0.036376953125
0.0929489135742188 0.0720672607421875 -0.137283325195313 0.12310791015625
0.123001098632812 -0.0146560668945312 -0.00776672363281251 0.18060302734375
0.0511703491210937 -0.09991455078125 0.0589675903320313 0.103042602539063
-0.0352935791015625 -0.0865097045898438 0.0517082214355469 0.0326919555664062
-0.0871810913085938 -0.0274734497070313 0.00326347351074218 0.00830984115600586
-0.0692901611328125 0.0235137939453125 -0.0369033813476563 0.0275611877441406
-0.0498161315917969 0.0188484191894531 -0.0760574340820313 0.0645523071289062
-0.0664901733398437 0.0209312438964844 -0.134811401367187 0.0706253051757813
-0.07916259765625 -0.0110702514648438 -0.200149536132813 0.0207672119140625
-0.0505256652832031 -0.0545768737792969 -0.223770141601563 -0.0577239990234375
-0.0104751586914063 -0.0766067504882813 -0.175262451171875 -0.176162719726563
0.0646438598632813 -0.0430717468261719 -0.0344696044921875 -0.274566650390625
0.085235595703125 0.0237503051757813 0.0741424560546875 -0.234954833984375
0.05303955078125 0.0624809265136719 0.14385986328125 -0.159912109375
0.0399017333984375 0.154464721679687 -0.138748168945313 -0.0244064331054687
0.138389587402344 0.096466064453125 -0.146194458007813 0.107131958007813
0.161697387695312 -0.0277252197265625 -0.0393524169921875 0.187393188476563
0.0636215209960938 -0.136871337890625 0.0479049682617188 0.139854431152344
-0.0512771606445313 -0.115303039550781 0.077789306640625 0.0654678344726562
-0.12384033203125 -0.0385360717773438 0.0452842712402344 0.0144195556640625
-0.100227355957031 0.0293197631835938 0.00166320800781249 0.0114068984985352
-0.0760498046875 0.02630615234375 -0.04925537109375 0.0420989990234375
-0.0984039306640625 0.0290908813476562 -0.112411499023438 0.053955078125
-0.115135192871094 -0.0163726806640625 -0.176742553710938 0.0121002197265625
-0.0755844116210937 -0.080352783203125 -0.203353881835937 -0.055419921875
-0.01104736328125 -0.114463806152344 -0.162124633789062 -0.163864135742188
0.103897094726563 -0.061279296875 -0.0328826904296875 -0.259841918945313
0.129585266113281 0.04791259765625 0.082244873046875 -0.222549438476562
0.0736007690429688 0.110008239746094 0.152374267578125 -0.136322021484375
0.050018310546875 0.177352905273438 -0.1351318359375 0.00461578369140625
0.163284301757813 0.0982666015625 -0.153182983398438 0.109359741210938
0.172637939453125 -0.0419769287109375 -0.0611114501953125 0.2115478515625
0.0557098388671875 -0.147735595703125 0.05413818359375 0.183685302734375
-0.0626678466796875 -0.122772216796875 0.116813659667969 0.0953445434570312
-0.138999938964844 -0.0368423461914063 0.0949554443359375 0.0130233764648437
-0.114616394042969 0.0326080322265625 0.0447273254394531 -0.0117454528808594
-0.0908126831054688 0.0277023315429688 -0.014674186706543 0.0159492492675781
-0.119644165039063 0.031707763671875 -0.0793380737304688 0.0296554565429687
-0.138137817382813 -0.0240402221679688 -0.1397705078125 -0.00183868408203128
-0.0875930786132812 -0.103836059570313 -0.165390014648438 -0.0542144775390625
-0.0037994384765625 -0.142303466796875 -0.134201049804688 -0.146072387695312
0.133354187011719 -0.0636062622070313 -0.0232391357421875 -0.236038208007812
0.154876708984375 0.0727386474609375 0.0924835205078125 -0.200302124023438
0.078216552734375 0.13946533203125 0.159133911132813 -0.0986785888671875
0.0518646240234375 0.173431396484375 -0.130401611328125 0.0447463989257813
0.156295776367188 0.0843048095703125 -0.154937744140625 0.13232421875
0.152862548828125 -0.0465087890625 -0.0558929443359375 0.239791870117188
0.0430908203125 -0.1318359375 0.0789337158203125 0.217681884765625
-0.0628204345703125 -0.104034423828125 0.160415649414063 0.110763549804688
-0.131195068359375 -0.0298385620117188 0.146087646484375 0.003509521484375
-0.10736083984375 0.0307083129882813 0.0872802734375 -0.0391464233398438
-0.09002685546875 0.0276565551757812 0.0211677551269531 -0.0164470672607422
-0.123291015625 0.0282135009765625 -0.0410423278808594 0.00250625610351562
-0.139213562011719 -0.0336227416992188 -0.09173583984375 -0.0142135620117188
-0.0808792114257813 -0.117012023925781 -0.121452331542969 -0.0456924438476563
0.01776123046875 -0.14385986328125 -0.106712341308594 -0.122940063476563
0.144332885742188 -0.0438690185546875 -0.016265869140625 -0.209030151367188
0.14617919921875 0.0899200439453125 0.102569580078125 -0.181167602539063
0.070159912109375 0.147857666015625 0.162841796875 -0.0537109375
0.0433502197265625 0.1461181640625 -0.127151489257812 0.0908889770507813
0.123786926269531 0.0645828247070313 -0.147247314453125 0.166534423828125
0.1162109375 -0.0361175537109375 -0.0319671630859375 0.26220703125
0.0297775268554688 -0.09783935546875 0.112594604492187 0.231903076171875
-0.0501251220703125 -0.075775146484375 0.19573974609375 0.110153198242188
-0.103057861328125 -0.0199203491210938 0.184280395507813 -0.01239013671875
-0.0865936279296875 0.0245819091796875 0.119071960449219 -0.0644378662109375
-0.0746002197265625 0.021087646484375 0.0529594421386719 -0.0440406799316406
-0.106658935546875 0.017425537109375 -0.00310516357421875 -0.0194644927978516
-0.114913940429688 -0.0407028198242188 -0.0426979064941406 -0.01995849609375
-0.0557022094726562 -0.108871459960938 -0.0802688598632813 -0.0323410034179687
0.0340576171875 -0.117019653320313 -0.08843994140625 -0.0947952270507813
0.126716613769531 -0.010040283203125 -0.01898193359375 -0.189163208007813
0.109153747558594 0.0959625244140625 0.107803344726562 -0.169143676757813
0.0462265014648438 0.126861572265625 0.158157348632813 -0.01141357421875
0.0284881591796875 0.0988082885742188 -0.122879028320313 0.128349304199219
0.07318115234375 0.041229248046875 -0.130767822265625 0.193939208984375
0.073699951171875 -0.01708984375 -0.00238037109374999 0.272079467773437
0.0220489501953125 -0.0542488098144531 0.144332885742188 0.230056762695313
-0.0301551818847656 -0.0452690124511719 0.219207763671875 0.100372314453125
-0.0657386779785156 -0.0119209289550781 0.209152221679688 -0.030426025390625
-0.0523262023925781 0.0135765075683594 0.140609741210938 -0.0862884521484375
-0.0475082397460938 0.0112380981445312 0.075408935546875 -0.0642166137695313
-0.0705337524414062 0.00679779052734376 0.0317420959472656 -0.0344085693359375
-0.0711288452148438 -0.0349197387695312 -0.00320816040039063 -0.015904426574707
-0.0254364013671875 -0.0765838623046875 -0.0530586242675781 -0.0160713195800781
0.0372543334960938 -0.068572998046875 -0.0825881958007813 -0.0736923217773438
0.079498291015625 0.0138473510742188 -0.0214996337890625 -0.18426513671875
0.0566864013671875 0.0746536254882812 0.115631103515625 -0.16241455078125
0.0200729370117187 0.085968017578125 0.150787353515625 0.024658203125
-0.00231361389160156 -0.0228538513183594 -0.167816162109375 -0.00955200195312502
-0.0145320892333984 -0.0234470367431641 -0.11749267578125 0.174148559570313
0.000567436218261719 -0.0116825103759766 0.0540008544921875 0.185226440429688
-0.0109567642211914 0.00382328033447265 0.0933074951171875 0.0642471313476563
-0.000113487243652343 0.0172920227050781 0.0398635864257813 -0.00396347045898437
0.0203056335449219 0.0138893127441406 -0.0207004547119141 -0.00179481506347656
0.0291252136230469 0.00114822387695313 -0.0575599670410156 0.046630859375
0.0208930969238281 -0.00534248352050781 -0.0911026000976563 0.08599853515625
0.0159273147583008 -0.00402069091796875 -0.15081787109375 0.0862884521484375
0.00953578948974609 -0.00124073028564453 -0.216934204101563 0.029052734375
0.0104513168334961 0.00397586822509766 -0.243011474609375 -0.0604705810546875
0.000553131103515626 0.0125913619995117 -0.183151245117187 -0.19464111328125
-0.0239048004150391 0.00587844848632813 -0.0174560546875 -0.291015625
-0.0308189392089844 -0.0313491821289063 0.078460693359375 -0.239089965820313
-0.00848388671875 -0.0562553405761719 0.1322021484375 -0.1710205078125
0.0200080871582031 0.0461158752441406 -0.161270141601563 -0.0242767333984375
0.0456390380859375 0.0242576599121094 -0.125289916992187 0.159439086914063
0.0648765563964844 -0.0126533508300781 0.03546142578125 0.191085815429688
0.0190963745117188 -0.0580482482910156 0.083221435546875 0.0733108520507813
-0.0206680297851563 -0.0404434204101563 0.0433387756347656 0.00410842895507812
-0.0388679504394531 -0.00748825073242187 -0.0194377899169922 0.00407981872558594
-0.0235214233398438 0.0172080993652344 -0.0573768615722656 0.0437240600585938
-0.0144405364990234 0.00802326202392578 -0.0836029052734375 0.0813980102539063
-0.0243930816650391 0.0143203735351563 -0.14520263671875 0.0921478271484375
-0.0355567932128906 -0.00374221801757813 -0.215423583984375 0.0372314453125
-0.0215320587158203 -0.0286521911621094 -0.242599487304688 -0.0502166748046875
-0.00643157958984375 -0.0336036682128906 -0.192825317382813 -0.180526733398437
0.019622802734375 -0.0240898132324219 -0.04693603515625 -0.2890625
0.0299358367919922 -0.00791549682617188 0.0659332275390625 -0.2501220703125
0.0251541137695313 0.00292587280273438 0.131698608398438 -0.180908203125
0.0352859497070312 0.112030029296875 -0.151336669921875 -0.0292510986328125
0.099365234375 0.066131591796875 -0.131690979003906 0.137092590332031
0.126693725585938 -0.0247955322265625 0.00613403320312503 0.18798828125
0.0454254150390625 -0.109764099121094 0.0665435791015625 0.101112365722656
-0.0450820922851563 -0.0894088745117188 0.0543251037597656 0.0291519165039062
-0.0927047729492188 -0.0225143432617187 0.00223064422607421 0.0106678009033203
-0.0679092407226563 0.0275421142578125 -0.0347270965576172 0.0327091217041016
-0.0499305725097656 0.0225067138671875 -0.0702133178710938 0.07257080078125
-0.0638771057128906 0.0256576538085938 -0.134574890136719 0.0846633911132812
-0.083740234375 -0.00304412841796877 -0.202804565429688 0.03704833984375
-0.059326171875 -0.0519256591796875 -0.234451293945313 -0.04022216796875
-0.017120361328125 -0.078369140625 -0.193374633789063 -0.166946411132812
0.0648040771484375 -0.0502281188964844 -0.0587158203125 -0.279281616210938
0.09039306640625 0.0183258056640625 0.0582122802734375 -0.249374389648438
0.0576057434082031 0.0616798400878906 0.137420654296875 -0.178573608398437
0.0523223876953125 0.155471801757813 -0.145294189453125 -0.019500732421875
0.146087646484375 0.09173583984375 -0.144622802734375 0.118698120117188
0.165664672851563 -0.043670654296875 -0.0246734619140625 0.197738647460938
0.0541534423828125 -0.146865844726563 0.0540618896484375 0.140167236328125
-0.0612564086914063 -0.114097595214844 0.083282470703125 0.0600662231445313
-0.132026672363281 -0.0304718017578125 0.0469970703125 0.00996780395507813
-0.09796142578125 0.035797119140625 0.00103950500488281 0.0119352340698242
-0.0764846801757813 0.0330276489257813 -0.0435752868652344 0.04925537109375
-0.0991287231445313 0.0367660522460937 -0.110450744628906 0.0658721923828125
-0.120002746582031 -0.00424194335937498 -0.178436279296875 0.0271148681640625
-0.0843048095703125 -0.0766448974609375 -0.210006713867188 -0.0415496826171875
-0.0213699340820313 -0.119132995605469 -0.178543090820313 -0.158035278320313
0.102165222167969 -0.0710601806640625 -0.053924560546875 -0.266448974609375
0.14178466796875 0.035919189453125 0.0673370361328125 -0.23663330078125
0.0855712890625 0.107429504394531 0.150283813476563 -0.152542114257813
0.0674285888671875 0.181655883789063 -0.137489318847656 0.0160293579101563
0.173873901367188 0.0898590087890625 -0.148483276367188 0.123748779296875
0.17669677734375 -0.0595703125 -0.0410003662109375 0.220321655273438
0.0444488525390625 -0.160476684570313 0.0670318603515625 0.181427001953125
-0.0751419067382813 -0.122505187988281 0.126266479492188 0.0873565673828125
-0.146682739257812 -0.027801513671875 0.0973129272460937 0.00550079345703125
-0.112205505371094 0.0401229858398438 0.0463600158691406 -0.01531982421875
-0.0923538208007812 0.0321502685546875 -0.0136203765869141 0.0139198303222656
-0.118568420410156 0.04248046875 -0.0795516967773438 0.0393905639648437
-0.1458740234375 -0.01348876953125 -0.142745971679688 0.00709533691406252
-0.102706909179687 -0.1019287109375 -0.17645263671875 -0.04217529296875
-0.0158233642578125 -0.14825439453125 -0.1490478515625 -0.140670776367188
0.132980346679687 -0.07861328125 -0.04119873046875 -0.241363525390625
0.168701171875 0.0619049072265625 0.0775146484375 -0.214004516601562
0.0923309326171875 0.137451171875 0.157806396484375 -0.114105224609375
0.065155029296875 0.175689697265625 -0.131324768066406 0.0552215576171875
0.16705322265625 0.0761566162109375 -0.155181884765625 0.15045166015625
0.152297973632812 -0.059661865234375 -0.03619384765625 0.251571655273438
0.0334625244140625 -0.142410278320313 0.0960235595703125 0.21710205078125
-0.0742111206054688 -0.102363586425781 0.173873901367188 0.104019165039063
-0.136360168457031 -0.0183792114257812 0.151351928710938 -0.007843017578125
-0.110809326171875 0.0388336181640625 0.08624267578125 -0.0491180419921875
-0.092254638671875 0.0336761474609375 0.0196571350097656 -0.0174560546875
-0.121421813964844 0.040069580078125 -0.041900634765625 0.00529479980468751
-0.144622802734375 -0.0225067138671875 -0.0981369018554688 -0.007415771484375
-0.0915756225585937 -0.113418579101563 -0.12408447265625 -0.0408096313476562
0.0059814453125 -0.152328491210938 -0.118186950683594 -0.115402221679688
0.151718139648438 -0.05718994140625 -0.03143310546875 -0.214019775390625
0.1591796875 0.08197021484375 0.0909576416015625 -0.194412231445312
0.07952880859375 0.147933959960937 0.163681030273437 -0.0683441162109375
0.0535736083984375 0.150299072265625 -0.126197814941406 0.10186767578125
0.129531860351563 0.0563812255859375 -0.139724731445313 0.183563232421875
0.118255615234375 -0.045806884765625 -0.01080322265625 0.27197265625
0.0230255126953125 -0.105171203613281 0.136428833007812 0.229766845703125
-0.05450439453125 -0.07623291015625 0.2108154296875 0.099365234375
-0.110496520996094 -0.0109786987304688 0.188751220703125 -0.0294952392578125
-0.0860443115234375 0.0334091186523438 0.117660522460938 -0.0786209106445313
-0.076171875 0.0248641967773438 0.0517578125 -0.0496749877929687
-0.108612060546875 0.0262985229492188 -0.00347900390625001 -0.0217342376708984
-0.12335205078125 -0.0310440063476563 -0.0444374084472656 -0.0171546936035156
-0.0645599365234375 -0.106552124023438 -0.0815887451171875 -0.0285263061523438
0.0250396728515625 -0.126014709472656 -0.0978927612304688 -0.0899581909179688
0.135353088378906 -0.0231781005859375 -0.0346832275390625 -0.193328857421875
0.122291564941406 0.0891952514648438 0.095306396484375 -0.179840087890625
0.055023193359375 0.126029968261719 0.162628173828125 -0.02294921875
0.037567138671875 0.101692199707031 -0.117584228515625 0.139694213867188
0.0780487060546875 0.037445068359375 -0.1226806640625 0.21124267578125
0.077484130859375 -0.0216598510742188 0.0203857421875 0.2801513671875
0.0179290771484375 -0.0590171813964844 0.164993286132813 0.226181030273438
-0.0346183776855469 -0.0408554077148437 0.23291015625 0.084716796875
-0.0698013305664063 -0.00812149047851564 0.211517333984375 -0.048309326171875
-0.0530548095703125 0.0177879333496094 0.137847900390625 -0.100379943847656
-0.0455894470214844 0.0121383666992187 0.0712051391601563 -0.0714797973632813
-0.0710601806640625 0.0111770629882813 0.0305900573730469 -0.0395126342773438
-0.0793914794921875 -0.0302276611328125 -0.000583648681640628 -0.0193634033203125
-0.0327301025390625 -0.0800247192382812 -0.0538749694824219 -0.013916015625
0.0343093872070313 -0.0768280029296875 -0.0891876220703125 -0.0673828125
0.0861740112304688 0.00835418701171875 -0.0376129150390625 -0.187103271484375
0.064971923828125 0.0763626098632813 0.104522705078125 -0.177017211914063
0.0272293090820312 0.08544921875 0.1600341796875 0.01214599609375
-0.00507926940917969 -0.0207996368408203 -0.165496826171875 -0.003509521484375
-0.0167026519775391 -0.0206031799316406 -0.104782104492187 0.184173583984375
-0.00221157073974609 -0.0110082626342773 0.0695037841796875 0.179183959960938
-0.0102443695068359 -0.000144004821777342 0.0985794067382813 0.0571746826171875
-0.00151348114013672 0.0162715911865234 0.0365638732910156 -0.006591796875
0.0216407775878906 0.0109882354736328 -0.0206031799316406 0.000762939453125001
0.0272369384765625 -0.00510787963867188 -0.0542716979980469 0.0514144897460938
0.0206642150878906 -0.00734519958496094 -0.0835342407226563 0.0915069580078125
0.0197086334228516 -0.00399017333984375 -0.143798828125 0.098907470703125
0.0102109909057617 -0.00411033630371094 -0.211029052734375 0.0453338623046875
0.00931358337402344 0.00195693969726563 -0.245208740234375 -0.0442352294921876
0.00166416168212891 0.00779342651367187 -0.197708129882813 -0.181686401367187
-0.0215263366699219 0.00832366943359375 -0.041412353515625 -0.291046142578125
-0.0337295532226563 -0.0292987823486328 0.06329345703125 -0.24774169921875
-0.0135574340820312 -0.0572586059570313 0.121871948242188 -0.178421020507813
0.0190544128417969 0.0467262268066406 -0.15789794921875 -0.015838623046875
0.0450477600097656 0.0237503051757813 -0.1119384765625 0.164627075195313
0.066009521484375 -0.0221939086914063 0.0509490966796875 0.182510375976563
0.0151519775390625 -0.0604057312011719 0.0875778198242188 0.0697174072265625
-0.0264129638671875 -0.0382652282714844 0.0379219055175781 0.00168991088867187
-0.0391006469726563 -0.00246810913085937 -0.0217189788818359 0.00560760498046875
-0.0237655639648438 0.0176181793212891 -0.052093505859375 0.0475959777832031
-0.0150060653686523 0.00683403015136719 -0.0799484252929688 0.0896453857421875
-0.0242691040039063 0.011962890625 -0.140029907226563 0.101547241210938
-0.0383529663085938 -0.000621795654296877 -0.209915161132813 0.05462646484375
-0.0270328521728516 -0.0244903564453125 -0.242874145507813 -0.03369140625
-0.00777244567871093 -0.034942626953125 -0.206283569335938 -0.16522216796875
0.0211811065673828 -0.0240745544433594 -0.065093994140625 -0.284454345703125
0.0315952301025391 -0.00951385498046875 0.046722412109375 -0.254730224609375
0.0244274139404297 0.00102424621582031 0.12176513671875 -0.192962646484375
0.0426559448242187 0.111053466796875 -0.151473999023438 -0.0200653076171875
0.104362487792969 0.0625381469726563 -0.120681762695312 0.145858764648438
0.126739501953125 -0.0345916748046875 0.0222625732421875 0.184097290039063
0.0373611450195313 -0.112350463867188 0.0726394653320313 0.0949935913085938
-0.051025390625 -0.08544921875 0.0533218383789063 0.0253829956054687
-0.0943679809570312 -0.0139389038085938 0.00376129150390624 0.0110635757446289
-0.06732177734375 0.0315742492675781 -0.0324516296386719 0.0352935791015625
-0.0493354797363281 0.0241470336914062 -0.0649642944335938 0.0761642456054688
-0.0632781982421875 0.0305709838867188 -0.125648498535156 0.0940933227539063
-0.0818710327148438 0.00325775146484376 -0.198974609375 0.0518341064453125
-0.063751220703125 -0.0484199523925781 -0.236572265625 -0.023193359375
-0.0205459594726563 -0.0779571533203125 -0.204986572265625 -0.150894165039063
0.0611801147460938 -0.054656982421875 -0.0762176513671875 -0.274749755859375
0.0929489135742188 0.0084075927734375 0.04058837890625 -0.25262451171875
0.0620651245117188 0.0557899475097656 0.126815795898438 -0.189895629882812
0.065155029296875 0.157058715820313 -0.142120361328125 -0.00662231445312501
0.152252197265625 0.0796661376953125 -0.131599426269531 0.128425598144531
0.163742065429688 -0.0551910400390625 -0.00941467285156249 0.198837280273438
0.0434417724609375 -0.149871826171875 0.0667800903320313 0.135894775390625
-0.0709228515625 -0.112274169921875 0.0867156982421875 0.0565414428710938
-0.132766723632812 -0.0194931030273438 0.0429344177246094 0.0117645263671875
-0.0994949340820313 0.042816162109375 0.00189685821533202 0.0136928558349609
-0.0730209350585938 0.0351333618164063 -0.0404396057128906 0.0496711730957031
-0.0960922241210938 0.0428390502929688 -0.103317260742188 0.0726089477539063
-0.120048522949219 0.00503540039062502 -0.17767333984375 0.0380859375
-0.0926666259765625 -0.0709762573242187 -0.214279174804688 -0.0249176025390625
-0.0297088623046875 -0.11810302734375 -0.189987182617188 -0.143020629882812
0.0992965698242188 -0.0790634155273438 -0.071441650390625 -0.259689331054688
0.143142700195312 0.0279083251953125 0.0477447509765625 -0.240631103515625
0.0915145874023438 0.1016845703125 0.137451171875 -0.168350219726563
0.0782470703125 0.18115234375 -0.139007568359375 0.0226211547851562
0.180328369140625 0.0787200927734375 -0.1402587890625 0.137611389160156
0.174972534179688 -0.071441650390625 -0.026824951171875 0.223175048828125
0.0345611572265625 -0.164398193359375 0.0800323486328125 0.180267333984375
-0.0829696655273438 -0.118392944335938 0.130661010742188 0.080596923828125
-0.148452758789063 -0.0158233642578125 0.0997695922851562 0.00162506103515625
-0.109237670898438 0.0483016967773437 0.0432167053222656 -0.0216598510742187
-0.0895233154296875 0.0392074584960938 -0.0118598937988281 0.0129642486572266
-0.116584777832031 0.0498504638671875 -0.0765380859375 0.0439453125
-0.144058227539063 0.000122070312499996 -0.141799926757813 0.0188446044921875
-0.109703063964844 -0.09375 -0.175567626953125 -0.0297088623046875
-0.0244903564453125 -0.145828247070313 -0.157821655273438 -0.130355834960938
0.131668090820313 -0.08734130859375 -0.0583953857421875 -0.235153198242187
0.172149658203125 0.04876708984375 0.062591552734375 -0.220352172851563
0.100746154785156 0.132537841796875 0.149215698242188 -0.129837036132812
0.0794677734375 0.176742553710938 -0.127609252929687 0.0649337768554688
0.170135498046875 0.0654449462890625 -0.141098022460937 0.160507202148438
0.152496337890625 -0.0723419189453125 -0.0227508544921875 0.254074096679688
0.023590087890625 -0.145950317382813 0.1107177734375 0.210540771484375
-0.0814208984375 -0.0998687744140625 0.179733276367188 0.0879058837890625
-0.136001586914062 -0.0100631713867187 0.147003173828125 -0.016937255859375
-0.105636596679688 0.04608154296875 0.0795364379882813 -0.0532455444335938
-0.0860366821289063 0.035888671875 0.0194778442382812 -0.0210418701171875
-0.11822509765625 0.0461502075195313 -0.0417900085449219 0.0078125
-0.147354125976562 -0.0108642578125 -0.0970077514648438 -0.00366210937499999
-0.10333251953125 -0.108932495117187 -0.127410888671875 -0.0292739868164062
-0.00497436523437501 -0.152252197265625 -0.125251770019531 -0.107879638671875
0.148269653320312 -0.067291259765625 -0.049285888671875 -0.207550048828125
0.16693115234375 0.0697174072265625 0.0753936767578125 -0.200698852539063
0.0925750732421875 0.1402587890625 0.15789794921875 -0.083465576171875
0.0691680908203125 0.150436401367188 -0.119659423828125 0.111709594726563
0.133407592773438 0.0506439208984375 -0.127838134765625 0.194122314453125
0.116035461425781 -0.0550994873046875 0.00810241699218751 0.273178100585938
0.01702880859375 -0.105949401855469 0.149765014648438 0.220748901367188
-0.0626983642578125 -0.0705413818359375 0.215103149414062 0.081878662109375
-0.111213684082031 -0.00390624999999998 0.18511962890625 -0.0412750244140625
-0.0830917358398437 0.03509521484375 0.110198974609375 -0.0862579345703125
-0.075408935546875 0.0274734497070313 0.0474128723144531 -0.0531425476074219
-0.104331970214844 0.0327606201171875 -0.00327682495117188 -0.0195274353027344
-0.124237060546875 -0.02276611328125 -0.0443344116210938 -0.0138587951660156
-0.07794189453125 -0.104324340820312 -0.08306884765625 -0.0219497680664062
0.0178604125976563 -0.127433776855469 -0.0999984741210937 -0.0816116333007813
0.132720947265625 -0.0308456420898438 -0.0480194091796875 -0.185638427734375
0.129379272460938 0.0810089111328125 0.08123779296875 -0.188552856445313
0.0642547607421875 0.123016357421875 0.159896850585938 -0.0396881103515625
0.0443191528320312 0.104240417480469 -0.108474731445312 0.15093994140625
0.0816192626953125 0.0323333740234375 -0.103195190429688 0.219696044921875
0.0723419189453125 -0.0281524658203125 0.0414276123046875 0.278030395507813
0.0162315368652344 -0.0589523315429688 0.18133544921875 0.212478637695313
-0.0378036499023437 -0.0419692993164063 0.237686157226563 0.06707763671875
-0.06793212890625 -0.00252151489257813 0.20513916015625 -0.06256103515625
-0.0521965026855469 0.0185432434082031 0.128822326660156 -0.110198974609375
-0.04730224609375 0.0156936645507812 0.067047119140625 -0.0781784057617188
-0.0701065063476563 0.0158462524414063 0.02532958984375 -0.0406417846679688
-0.0789031982421875 -0.0242843627929688 -0.00385284423828125 -0.01904296875
-0.0363922119140625 -0.0764389038085938 -0.0529441833496094 -0.00746154785156251
0.02899169921875 -0.078155517578125 -0.093505859375 -0.0599899291992187
0.0868988037109375 0.0038299560546875 -0.050689697265625 -0.179122924804687
0.07244873046875 0.0675735473632813 0.0878753662109375 -0.185653686523438
0.0313796997070313 0.082611083984375 0.157135009765625 0.000457763671875005
-0.00571632385253906 -0.0203151702880859 -0.161209106445313 0.00207519531249997
-0.0188865661621094 -0.0173454284667969 -0.0928497314453125 0.185256958007813
-0.00295829772949219 -0.0116128921508789 0.077606201171875 0.171646118164062
-0.0114507675170898 0.000719070434570314 0.0971450805664063 0.0508956909179687
-0.000488281250000001 0.0152978897094727 0.0306377410888672 -0.00947952270507813
0.0226802825927734 0.00905418395996094 -0.0223369598388672 0.00443649291992188
0.0269832611083984 -0.00592994689941406 -0.0504417419433594 0.0521659851074219
0.0200977325439453 -0.0104923248291016 -0.0754318237304688 0.0931320190429687
0.0178127288818359 -0.00584793090820313 -0.135147094726562 0.103385925292969
0.00937175750732422 -0.00411415100097656 -0.204238891601563 0.053955078125
0.00753450393676758 0.00201511383056641 -0.242111206054688 -0.0318756103515625
0.00171279907226562 0.00818109512329102 -0.203109741210938 -0.165817260742188
-0.0215339660644531 0.007598876953125 -0.0531005859375 -0.28302001953125
-0.0351829528808594 -0.0263938903808594 0.0511932373046875 -0.245330810546875
-0.0155448913574219 -0.0546493530273438 0.113189697265625 -0.184585571289063
0.0224723815917969 0.04656982421875 -0.156158447265625 -0.01275634765625
0.0442771911621094 0.0225601196289063 -0.100677490234375 0.17034912109375
0.0632400512695313 -0.0249099731445312 0.06109619140625 0.17742919921875
0.0111961364746094 -0.059356689453125 0.0881195068359375 0.0622329711914063
-0.0277214050292969 -0.0361480712890625 0.0355567932128906 0.000709533691406248
-0.0389633178710938 -0.000297546386718745 -0.0210056304931641 0.0100212097167969
-0.0220680236816406 0.0163345336914063 -0.049102783203125 0.0496673583984375
-0.0138216018676758 0.00808048248291016 -0.0725555419921875 0.092010498046875
-0.0219211578369141 0.013519287109375 -0.131050109863281 0.107452392578125
-0.0367050170898438 0.00126647949218749 -0.202301025390625 0.0616912841796875
-0.0282840728759766 -0.0227260589599609 -0.242385864257813 -0.01953125
-0.011260986328125 -0.0337371826171875 -0.211380004882812 -0.150955200195313
0.0200634002685547 -0.0242176055908203 -0.0766143798828125 -0.274673461914063
0.0298271179199219 -0.00940513610839844 0.03466796875 -0.253128051757813
0.0243129730224609 -0.000957489013671875 0.1116943359375 -0.198974609375
0.04705810546875 0.109527587890625 -0.147933959960937 -0.0151519775390625
0.104759216308594 0.057525634765625 -0.1092529296875 0.148208618164063
0.123924255371094 -0.0405426025390625 0.0321807861328125 0.178421020507813
0.0305099487304688 -0.113517761230469 0.07464599609375 0.089202880859375
-0.0544967651367188 -0.081390380859375 0.0518646240234375 0.0233078002929688
-0.0944747924804688 -0.00910186767578123 0.0029153823852539 0.012364387512207
-0.06500244140625 0.0337791442871094 -0.0296745300292969 0.0357894897460938
-0.0469589233398438 0.0235748291015625 -0.0578231811523437 0.0763702392578125
-0.0599517822265625 0.032379150390625 -0.118988037109375 0.0983200073242188
-0.08050537109375 0.0079193115234375 -0.192413330078125 0.060272216796875
-0.0653724670410156 -0.0434722900390625 -0.23175048828125 -0.01275634765625
-0.0246810913085938 -0.0758819580078125 -0.207687377929687 -0.138702392578125
0.0588264465332031 -0.0572700500488281 -0.0874786376953125 -0.264724731445313
0.09185791015625 0.00476837158203125 0.0284423828125 -0.250289916992188
0.06329345703125 0.0526313781738281 0.11767578125 -0.195465087890625
0.070587158203125 0.15472412109375 -0.141555786132813 -0.00244140624999998
0.154037475585938 0.0722503662109375 -0.121536254882813 0.134132385253906
0.162567138671875 -0.0624847412109375 0.00100708007812501 0.193405151367188
0.034942626953125 -0.152420043945313 0.0689010620117187 0.129608154296875
-0.07550048828125 -0.108627319335938 0.08673095703125 0.0507583618164062
-0.132186889648438 -0.01104736328125 0.0456504821777344 0.00986862182617188
-0.0948333740234375 0.04705810546875 0.00337505340576171 0.0101737976074219
-0.0723114013671875 0.0356674194335938 -0.0355377197265625 0.0486793518066406
-0.0895614624023437 0.0475311279296875 -0.100440979003906 0.0756759643554688
-0.117378234863281 0.0117874145507813 -0.172561645507813 0.046417236328125
-0.096649169921875 -0.0648880004882813 -0.20947265625 -0.0145721435546875
-0.0339202880859375 -0.114997863769531 -0.190261840820313 -0.130889892578125
0.0949935913085937 -0.0830612182617187 -0.0828704833984375 -0.249237060546875
0.142959594726562 0.019775390625 0.037811279296875 -0.239151000976563
0.092926025390625 0.095672607421875 0.128128051757812 -0.173263549804688
0.0856475830078125 0.177108764648438 -0.132652282714844 0.0281143188476563
0.180267333984375 0.0707855224609375 -0.129745483398438 0.13848876953125
0.169082641601563 -0.0797576904296875 -0.014892578125 0.220138549804688
0.0256195068359375 -0.163558959960938 0.08447265625 0.17364501953125
-0.0884017944335938 -0.111213684082031 0.132972717285156 0.0730056762695313
-0.1470947265625 -0.00709533691406248 0.097259521484375 -0.002899169921875
-0.106735229492188 0.0524978637695312 0.0410537719726562 -0.0227127075195312
-0.086273193359375 0.0410842895507813 -0.00913619995117188 0.0130825042724609
-0.109848022460938 0.0541152954101562 -0.0728073120117188 0.044952392578125
-0.14190673828125 0.00909423828125002 -0.139533996582031 0.0253219604492188
-0.114402770996094 -0.0857315063476563 -0.174346923828125 -0.02166748046875
-0.0312347412109375 -0.143600463867188 -0.161056518554688 -0.119293212890625
0.127761840820313 -0.0923995971679688 -0.068878173828125 -0.227493286132813
0.17254638671875 0.0398406982421875 0.0508575439453125 -0.220138549804687
0.104232788085937 0.125267028808594 0.14056396484375 -0.13653564453125
0.0870513916015625 0.173110961914063 -0.123397827148438 0.06939697265625
0.169326782226563 0.057647705078125 -0.129959106445313 0.164016723632813
0.145980834960938 -0.0783538818359375 -0.00514221191406249 0.2493896484375
0.0153656005859375 -0.144088745117187 0.117965698242188 0.202789306640625
-0.084716796875 -0.0935516357421875 0.18011474609375 0.0780029296875
-0.136573791503906 -0.000534057617187518 0.143280029296875 -0.0237274169921875
-0.101669311523437 0.0497055053710938 0.074554443359375 -0.058746337890625
-0.0849456787109375 0.0384597778320312 0.0185375213623047 -0.0242042541503906
-0.115097045898437 0.051300048828125 -0.03997802734375 0.0103225708007812
-0.144317626953125 -0.00233459472656251 -0.0952072143554688 0.0024871826171875
-0.110427856445313 -0.101058959960938 -0.127059936523438 -0.0243453979492188
-0.0119476318359375 -0.151718139648438 -0.126113891601563 -0.0996170043945313
0.143325805664063 -0.07379150390625 -0.05731201171875 -0.199127197265625
0.168380737304688 0.060882568359375 0.0636444091796875 -0.20135498046875
0.0941696166992188 0.134719848632813 0.150604248046875 -0.090240478515625
0.074462890625 0.146041870117188 -0.112960815429687 0.114059448242188
0.133308410644531 0.043670654296875 -0.115676879882813 0.1951904296875
0.110984802246094 -0.0598373413085938 0.020599365234375 0.266357421875
0.010284423828125 -0.10589599609375 0.154998779296875 0.20947265625
-0.0666847229003906 -0.0670089721679687 0.21484375 0.0691375732421875
-0.107566833496094 0.0030059814453125 0.178482055664063 -0.0491180419921875
-0.0812911987304688 0.0390777587890625 0.10205078125 -0.0900802612304687
-0.0725326538085937 0.029571533203125 0.0435867309570312 -0.0570869445800781
-0.101394653320312 0.0377197265625 -0.00597190856933594 -0.0209827423095703
-0.123756408691406 -0.015289306640625 -0.0470123291015625 -0.0135269165039063
-0.08135986328125 -0.0989456176757813 -0.0815048217773437 -0.0167388916015625
0.0119705200195313 -0.127120971679688 -0.101005554199219 -0.073822021484375
0.131439208984375 -0.03558349609375 -0.057373046875 -0.17816162109375
0.131629943847656 0.0731658935546875 0.0695648193359375 -0.188995361328125
0.0670318603515625 0.119796752929687 0.154632568359375 -0.0455322265625
0.0486526489257813 0.102386474609375 -0.10235595703125 0.154327392578125
0.0790939331054688 0.0307235717773438 -0.0924224853515625 0.221511840820313
0.0721893310546875 -0.031707763671875 0.053253173828125 0.270370483398438
0.0107955932617187 -0.0601692199707031 0.185470581054688 0.201416015625
-0.0393753051757812 -0.038177490234375 0.236343383789063 0.0550537109375
-0.0667495727539063 0.00315093994140625 0.196990966796875 -0.072418212890625
-0.0504150390625 0.0211181640625 0.117713928222656 -0.115150451660156
-0.0466537475585938 0.0158653259277344 0.06195068359375 -0.0828628540039063
-0.0685806274414062 0.0190658569335938 0.0242767333984375 -0.04193115234375
-0.0784530639648438 -0.0198974609375 -0.00586318969726563 -0.0190906524658203
-0.0435562133789063 -0.0732040405273438 -0.0504035949707031 -0.00510406494140624
0.024200439453125 -0.0771331787109375 -0.0915679931640625 -0.0538330078125
0.0875396728515625 0.00093841552734375 -0.060394287109375 -0.171981811523438
0.0748443603515625 0.0630950927734375 0.0758056640625 -0.1866455078125
0.0330657958984375 0.0814666748046875 0.151840209960938 -0.00796508789062499
-0.00467300415039062 -0.0203895568847656 -0.1588134765625 0.00193786621093747
-0.0198993682861328 -0.0171718597412109 -0.0859375 0.184814453125
-0.003662109375 -0.0118017196655273 0.082244873046875 0.167083740234375
-0.0124034881591797 0.000297546386718748 0.0962982177734375 0.048492431640625
0.000173568725585936 0.015533447265625 0.0275325775146484 -0.00894355773925781
0.0215835571289063 0.0090179443359375 -0.0231685638427734 0.00563812255859375
0.025177001953125 -0.00699234008789062 -0.0490303039550781 0.0522537231445312
0.0193824768066406 -0.0116558074951172 -0.07147216796875 0.0930252075195313
0.0177974700927734 -0.00589179992675781 -0.130119323730469 0.106941223144531
0.00943183898925781 -0.00389766693115234 -0.200927734375 0.057830810546875
0.00657558441162109 0.00246524810791016 -0.240341186523438 -0.026885986328125
0.00139665603637695 0.00792264938354492 -0.203887939453125 -0.159393310546875
-0.0209674835205078 0.00665092468261719 -0.058319091796875 -0.277847290039063
-0.0349178314208984 -0.0252971649169922 0.047149658203125 -0.244918823242188
-0.0172615051269531 -0.0544052124023437 0.110595703125 -0.187332153320312
0.0221939086914063 0.0469741821289063 -0.15374755859375 -0.012908935546875
0.043304443359375 0.0230903625488281 -0.0957183837890625 0.169662475585938
0.0631065368652344 -0.02630615234375 0.0660400390625 0.172286987304687
0.00864410400390624 -0.0593338012695312 0.087066650390625 0.0590744018554687
-0.0294532775878906 -0.0357704162597656 0.0326786041259766 0.000350952148437498
-0.0399436950683594 0.001800537109375 -0.0204429626464844 0.0104961395263672
-0.0219306945800781 0.0155830383300781 -0.0468826293945313 0.0507431030273438
-0.0148468017578125 0.00619792938232422 -0.0686798095703125 0.0916671752929688
-0.0210800170898438 0.0135116577148437 -0.126136779785156 0.109413146972656
-0.0354461669921875 0.0028533935546875 -0.199127197265625 0.0650177001953125
-0.02911376953125 -0.0203056335449219 -0.2386474609375 -0.0139312744140625
-0.0111103057861328 -0.0337276458740234 -0.21099853515625 -0.144638061523437
0.0199756622314453 -0.0258407592773438 -0.0811767578125 -0.271102905273438
0.0291557312011719 -0.0105361938476563 0.030426025390625 -0.252304077148438
0.0237178802490234 -0.000652313232421875 0.108444213867188 -0.20196533203125
0.0494232177734375 0.10894775390625 -0.14593505859375 -0.0146331787109375
0.104751586914063 0.0568923950195313 -0.103530883789063 0.148422241210937
0.123283386230469 -0.0431365966796875 0.037322998046875 0.1741943359375
0.0268325805664063 -0.113456726074219 0.0739593505859375 0.0865936279296875
-0.0562286376953125 -0.0801239013671875 0.0506057739257813 0.0228614807128906
-0.0938949584960938 -0.00585174560546875 0.00324535369873046 0.0135707855224609
-0.0640296936035156 0.0345344543457031 -0.0285682678222656 0.0357284545898437
-0.0475387573242188 0.0228805541992188 -0.0551071166992188 0.0758514404296875
-0.0572776794433594 0.0327377319335938 -0.115028381347656 0.100318908691406
-0.0779190063476563 0.0107345581054688 -0.189437866210938 0.0630035400390625
-0.0665817260742187 -0.0410881042480469 -0.229080200195313 -0.00746154785156255
-0.0258712768554687 -0.0750732421875 -0.2076416015625 -0.132781982421875
0.0584564208984375 -0.0590934753417969 -0.091522216796875 -0.259292602539063
0.0912628173828125 0.001800537109375 0.02386474609375 -0.249465942382813
0.0636405944824219 0.0514068603515625 0.112884521484375 -0.198532104492188
0.0736236572265625 0.154739379882813 -0.138526916503906 -0.000839233398437507
0.154998779296875 0.0711517333984375 -0.115921020507812 0.134475708007812
0.160995483398438 -0.0661163330078125 0.0069427490234375 0.188400268554688
0.0310211181640625 -0.151702880859375 0.0698394775390625 0.128082275390625
-0.0787124633789063 -0.106330871582031 0.085418701171875 0.0505905151367187
-0.1314697265625 -0.00676727294921873 0.0464134216308594 0.00949478149414062
-0.0931549072265625 0.0485763549804688 0.00341415405273437 0.00913524627685547
-0.073577880859375 0.0353775024414063 -0.0337638854980469 0.0483970642089844
-0.0871734619140625 0.0481033325195312 -0.0963287353515625 0.077880859375
-0.114715576171875 0.0152053833007812 -0.170120239257813 0.0491180419921875
-0.0987396240234375 -0.0610733032226563 -0.207489013671875 -0.0103759765625
-0.0366134643554688 -0.113021850585937 -0.190109252929687 -0.125564575195313
0.0942840576171875 -0.0854949951171875 -0.086029052734375 -0.244644165039063
0.142623901367188 0.0155181884765625 0.0328826904296875 -0.237762451171875
0.0925521850585938 0.0945663452148438 0.124038696289063 -0.176193237304688
0.089202880859375 0.175979614257813 -0.130683898925781 0.028778076171875
0.179183959960938 0.06756591796875 -0.125602722167969 0.140144348144531
0.1669921875 -0.0830078125 -0.00912475585937497 0.21673583984375
0.021636962890625 -0.162384033203125 0.086029052734375 0.1707763671875
-0.0909194946289062 -0.1087646484375 0.132766723632813 0.0702133178710938
-0.145431518554688 -0.00207519531249998 0.0971145629882812 -0.0049896240234375
-0.104255676269531 0.054595947265625 0.0392684936523437 -0.0241737365722656
-0.0866851806640625 0.0412445068359375 -0.0085134506225586 0.0122785568237305
-0.107345581054687 0.0558547973632813 -0.0709686279296875 0.046844482421875
-0.139152526855469 0.0125503540039062 -0.138107299804688 0.02825927734375
-0.116737365722656 -0.0819244384765625 -0.171539306640625 -0.017578125
-0.0340576171875 -0.142669677734375 -0.160171508789063 -0.114852905273438
0.125473022460938 -0.0947189331054688 -0.07244873046875 -0.222244262695312
0.1727294921875 0.0353240966796875 0.04595947265625 -0.21917724609375
0.104415893554688 0.12335205078125 0.135833740234375 -0.139930725097656
0.0913848876953125 0.17169189453125 -0.121932983398438 0.0705947875976563
0.169723510742188 0.0547332763671875 -0.12518310546875 0.164154052734375
0.145431518554688 -0.08087158203125 -0.000686645507812478 0.245086669921875
0.0120697021484375 -0.14300537109375 0.11981201171875 0.1982421875
-0.0860061645507812 -0.0913848876953125 0.178543090820313 0.0732879638671875
-0.134796142578125 0.00318145751953128 0.142669677734375 -0.0261993408203125
-0.09942626953125 0.0514450073242187 0.0715103149414063 -0.0603179931640625
-0.0868301391601563 0.038360595703125 0.0173301696777344 -0.0256996154785156
-0.111854553222656 0.0525894165039062 -0.0396270751953125 0.0113182067871094
-0.143951416015625 0.000961303710937479 -0.0955734252929688 0.00408172607421875
-0.112625122070313 -0.0973281860351563 -0.125350952148438 -0.0205841064453125
-0.0156402587890625 -0.1510009765625 -0.124908447265625 -0.0960693359375
0.142135620117188 -0.0767364501953125 -0.0611572265625 -0.194381713867188
0.16851806640625 0.0573272705078125 0.0567169189453125 -0.199569702148438
0.0948028564453125 0.133041381835938 0.14666748046875 -0.09417724609375
0.0780792236328125 0.145339965820313 -0.110328674316406 0.115631103515625
0.133346557617187 0.04168701171875 -0.110443115234375 0.196701049804688
0.110549926757813 -0.0615692138671875 0.0267333984375 0.261505126953125
0.00796508789062499 -0.103713989257813 0.157623291015625 0.204986572265625
-0.0672721862792969 -0.0651473999023437 0.213104248046875 0.064483642578125
-0.105567932128906 0.00606536865234376 0.175338745117187 -0.052703857421875
-0.0793914794921875 0.0401077270507813 0.0970458984375 -0.0914382934570312
-0.0728530883789063 0.0294265747070312 0.0409393310546875 -0.059539794921875
-0.0994491577148438 0.0388031005859375 -0.00641822814941407 -0.0200138092041016
-0.122116088867188 -0.01165771484375 -0.0472755432128906 -0.0129661560058594
-0.0852508544921875 -0.0963287353515625 -0.0797576904296875 -0.0149993896484375
0.00921630859375 -0.12774658203125 -0.0998764038085937 -0.0706939697265625
0.1317138671875 -0.0388336181640625 -0.059539794921875 -0.172897338867188
0.132850646972656 0.0691604614257813 0.06317138671875 -0.188613891601563
0.0675201416015625 0.118461608886719 0.151535034179688 -0.0480499267578125
0.0529098510742188 0.101173400878906 -0.099639892578125 0.155593872070312
0.0804672241210938 0.0302047729492188 -0.0868682861328125 0.222549438476563
0.0714263916015625 -0.032440185546875 0.05780029296875 0.263885498046875
0.00919723510742188 -0.059906005859375 0.187973022460938 0.19586181640625
-0.0389862060546875 -0.0367584228515625 0.23394775390625 0.0485687255859375
-0.06658935546875 0.00480270385742188 0.1929931640625 -0.0756988525390625
-0.0486946105957031 0.021575927734375 0.111343383789062 -0.116943359375
-0.0474929809570313 0.0156478881835938 0.0581512451171875 -0.0845794677734375
-0.067962646484375 0.0197677612304688 0.02325439453125 -0.0430107116699219
-0.0785293579101562 -0.017578125 -0.00558853149414063 -0.0199451446533203
-0.0454177856445312 -0.0708847045898438 -0.0480804443359375 -0.00344467163085937
0.022705078125 -0.0785751342773438 -0.0903854370117188 -0.04949951171875
0.08831787109375 -0.00081634521484375 -0.0639190673828125 -0.167587280273438
0.0749893188476563 0.060638427734375 0.0678558349609375 -0.185333251953125
0.033477783203125 0.0804901123046875 0.148910522460938 -0.01007080078125
-0.00540733337402344 -0.0206317901611328 -0.160568237304688 -0.000183105468749968
-0.020233154296875 -0.0163669586181641 -0.082733154296875 0.1871337890625
-0.0047760009765625 -0.0118589401245117 0.0872344970703125 0.167373657226563
-0.0134353637695312 0.00161838531494141 0.0980300903320312 0.047576904296875
-0.000682830810546876 0.0162734985351563 0.0262241363525391 -0.00910758972167969
0.0218791961669922 0.0100364685058594 -0.0248088836669922 0.00696754455566407
0.02532958984375 -0.00823974609375 -0.048583984375 0.0537452697753906
0.0188751220703125 -0.0136814117431641 -0.069976806640625 0.0950469970703125
0.0186939239501953 -0.00774002075195312 -0.130027770996094 0.110313415527344
0.00959205627441406 -0.00289249420166016 -0.202407836914062 0.06103515625
0.00671529769897461 0.00324487686157227 -0.243133544921875 -0.0247802734375
0.000704765319824218 0.00731801986694336 -0.206329345703125 -0.159149169921875
-0.0206413269042969 0.006011962890625 -0.061676025390625 -0.28118896484375
-0.0355987548828125 -0.0264854431152344 0.0457000732421875 -0.24896240234375
-0.0176467895507812 -0.0550384521484375 0.112228393554687 -0.193634033203125
0.0235977172851563 0.0476455688476563 -0.1551513671875 -0.0145721435546875
0.0442581176757813 0.0242500305175781 -0.0926971435546875 0.172958374023438
0.0642433166503906 -0.0284385681152344 0.071197509765625 0.17193603515625
0.00830459594726563 -0.0600967407226563 0.08868408203125 0.0587539672851563
-0.0307693481445312 -0.0355949401855469 0.0314426422119141 0.00104141235351562
-0.0402984619140625 0.00286865234375001 -0.0223789215087891 0.0117607116699219
-0.0224742889404297 0.0157661437988281 -0.047637939453125 0.0519523620605469
-0.0164861679077148 0.00575542449951172 -0.0670242309570312 0.0934066772460938
-0.0205039978027344 0.0135574340820313 -0.125167846679688 0.113502502441406
-0.035552978515625 0.0035858154296875 -0.200851440429688 0.0680694580078125
-0.0304679870605469 -0.0196609497070313 -0.242294311523438 -0.011932373046875
-0.0117912292480469 -0.0348682403564453 -0.214675903320313 -0.14385986328125
0.0201568603515625 -0.0276012420654297 -0.084808349609375 -0.273635864257813
0.0295619964599609 -0.0121135711669922 0.0288543701171875 -0.256149291992188
0.0241317749023438 -0.000108718872070313 0.110061645507812 -0.20819091796875
0.05169677734375 0.112579345703125 -0.147323608398438 -0.016632080078125
0.107383728027344 0.0580978393554688 -0.1009521484375 0.150604248046875
0.126251220703125 -0.0457992553710938 0.0418701171875 0.173568725585938
0.0259475708007812 -0.115943908691406 0.0744247436523438 0.0871353149414062
-0.0587081909179688 -0.0806121826171875 0.0506248474121094 0.0239448547363281
-0.0953369140625 -0.00299835205078126 0.00393009185791015 0.0148754119873047
-0.0651283264160156 0.0358009338378906 -0.0283775329589844 0.03643798828125
-0.0497360229492188 0.0232810974121094 -0.054443359375 0.0770950317382813
-0.0573272705078125 0.03302001953125 -0.11395263671875 0.104179382324219
-0.0786361694335938 0.0122451782226562 -0.191864013671875 0.06671142578125
-0.0684127807617188 -0.0402679443359375 -0.231796264648438 -0.00474548339843749
-0.0276565551757813 -0.07647705078125 -0.210983276367187 -0.131515502929688
0.05926513671875 -0.0612831115722656 -0.0948486328125 -0.261367797851563
0.0933990478515625 0.000823974609375 0.0216217041015625 -0.254257202148438
0.0641212463378906 0.0522232055664063 0.114273071289062 -0.205291748046875
0.0763092041015625 0.158233642578125 -0.140037536621094 -0.00100708007812498
0.15863037109375 0.071624755859375 -0.114654541015625 0.136962890625
0.164154052734375 -0.07000732421875 0.00917053222656251 0.188690185546875
0.0287322998046875 -0.154067993164063 0.0717239379882813 0.129859924316406
-0.0819091796875 -0.106727600097656 0.0873641967773438 0.0505828857421875
-0.132514953613281 -0.00366210937499998 0.0481338500976562 0.00983810424804688
-0.0940399169921875 0.0503005981445313 0.00184822082519531 0.00983142852783203
-0.0753250122070313 0.0360031127929688 -0.0339088439941406 0.0482139587402344
-0.0875091552734375 0.04833984375 -0.0953445434570313 0.080810546875
-0.115257263183594 0.017578125 -0.17242431640625 0.0526580810546875
-0.101287841796875 -0.0597457885742187 -0.21038818359375 -0.00738525390624996
-0.0382919311523437 -0.114540100097656 -0.1934814453125 -0.12493896484375
0.09478759765625 -0.0891952514648438 -0.0892333984375 -0.246109008789063
0.14495849609375 0.014129638671875 0.0312652587890625 -0.243331909179687
0.094329833984375 0.096343994140625 0.124130249023438 -0.182174682617188
0.09405517578125 0.179977416992188 -0.132354736328125 0.0290908813476563
0.183502197265625 0.0673065185546875 -0.125015258789062 0.142745971679688
0.170257568359375 -0.086822509765625 -0.00653076171874997 0.217041015625
0.0194244384765625 -0.16473388671875 0.0883941650390625 0.173263549804687
-0.0943069458007812 -0.108749389648438 0.134513854980469 0.0711517333984375
-0.146636962890625 0.00195312499999998 0.0988311767578125 -0.00496673583984375
-0.105804443359375 0.0566482543945312 0.0385169982910156 -0.0254592895507812
-0.089385986328125 0.04180908203125 -0.00927162170410157 0.0109443664550781
-0.107696533203125 0.0571060180664063 -0.0708694458007813 0.04803466796875
-0.141281127929688 0.014923095703125 -0.141983032226563 0.0306854248046875
-0.120826721191406 -0.0805587768554687 -0.174972534179688 -0.015350341796875
-0.0374755859375 -0.14501953125 -0.162887573242188 -0.115249633789063
0.127944946289063 -0.0983734130859375 -0.07489013671875 -0.223709106445313
0.176040649414063 0.0331878662109375 0.043792724609375 -0.223770141601563
0.107025146484375 0.12591552734375 0.137344360351563 -0.144561767578125
0.095672607421875 0.174942016601563 -0.122901916503906 0.0721054077148438
0.17364501953125 0.0545501708984375 -0.1253662109375 0.168167114257813
0.147674560546875 -0.0844879150390625 0.00236511230468749 0.245803833007812
0.00978088378906248 -0.145187377929687 0.122817993164063 0.201065063476563
-0.0885848999023438 -0.0913162231445313 0.182235717773438 0.07281494140625
-0.136245727539063 0.00731658935546875 0.14410400390625 -0.02880859375
-0.100387573242188 0.0537033081054688 0.0710067749023438 -0.0611419677734375
-0.0890121459960938 0.0405731201171875 0.0165977478027344 -0.0269699096679687
-0.113502502441406 0.053924560546875 -0.0399818420410156 0.0122642517089844
-0.145401000976563 0.00369262695312502 -0.0980072021484375 0.00538635253906249
-0.116500854492188 -0.095977783203125 -0.126747131347656 -0.0193557739257813
-0.0183563232421875 -0.154022216796875 -0.126548767089844 -0.0955429077148438
0.146591186523438 -0.0799713134765625 -0.063720703125 -0.195999145507812
0.173187255859375 0.0560455322265625 0.054656982421875 -0.202987670898438
0.0969009399414063 0.135818481445313 0.147445678710938 -0.09783935546875
0.0821685791015625 0.148208618164063 -0.111625671386719 0.1180419921875
0.136459350585938 0.0416793823242188 -0.10980224609375 0.200393676757813
0.112632751464844 -0.0647964477539063 0.029632568359375 0.262649536132813
0.00592803955078125 -0.10589599609375 0.161788940429688 0.206817626953125
-0.0690994262695312 -0.0640983581542969 0.216812133789062 0.062713623046875
-0.106643676757813 0.00929260253906248 0.176483154296875 -0.0551910400390625
-0.0797805786132813 0.0413970947265625 0.09503173828125 -0.09429931640625
-0.0750350952148438 0.0305862426757813 0.0395545959472656 -0.0622444152832031
-0.100967407226563 0.0396041870117188 -0.00681114196777344 -0.0207958221435547
-0.123977661132813 -0.0107879638671875 -0.0489006042480469 -0.0134010314941406
-0.089202880859375 -0.0959091186523438 -0.0795135498046875 -0.0138168334960938
0.00772857666015624 -0.130905151367187 -0.101158142089844 -0.0693740844726563
0.135040283203125 -0.0407638549804688 -0.0631866455078125 -0.17340087890625
0.136077880859375 0.0701522827148438 0.0600738525390625 -0.191360473632813
0.0686111450195312 0.121025085449219 0.151596069335937 -0.0513458251953125
0.0562591552734375 0.102897644042969 -0.1009521484375 0.16033935546875
0.0826263427734375 0.0298843383789063 -0.087310791015625 0.22705078125
0.0732421875 -0.0341796875 0.061676025390625 0.265716552734375
0.00840377807617188 -0.0605430603027344 0.191055297851563 0.195770263671875
-0.0408782958984375 -0.0368881225585938 0.236831665039062 0.0469512939453125
-0.0669937133789063 0.00690460205078126 0.19293212890625 -0.07879638671875
-0.049591064453125 0.0218124389648438 0.109893798828125 -0.119796752929687
-0.0492095947265625 0.0160903930664063 0.0563430786132812 -0.0872039794921875
-0.0694808959960938 0.0201988220214844 0.0223655700683594 -0.0436210632324219
-0.0803146362304688 -0.0171966552734375 -0.00628852844238282 -0.0197544097900391
-0.0475616455078125 -0.0720367431640625 -0.0469284057617188 -0.00276565551757813
0.022247314453125 -0.0806121826171875 -0.0905227661132813 -0.0483627319335938
0.0913543701171875 -0.00135040283203125 -0.06787109375 -0.166702270507813
0.07659912109375 0.061065673828125 0.0654296875 -0.188446044921875
0.0345230102539062 0.0815887451171875 0.150222778320313 -0.011077880859375
-0.00546073913574219 -0.0210895538330078 -0.165390014648438 0.000656127929687484
-0.0216903686523437 -0.0155391693115234 -0.079010009765625 0.194976806640625
-0.00628185272216797 -0.0133638381958008 0.095916748046875 0.168472290039062
-0.014348030090332 0.00207901000976562 0.101966857910156 0.045867919921875
0.000408172607421876 0.0177478790283203 0.0247611999511719 -0.00857925415039062
0.0233249664306641 0.0102329254150391 -0.0263080596923828 0.010589599609375
0.0250911712646484 -0.00880050659179688 -0.048309326171875 0.0577011108398438
0.017308235168457 -0.0148534774780273 -0.0684967041015625 0.100242614746094
0.019989013671875 -0.00894355773925781 -0.129844665527344 0.118667602539063
0.0100774765014648 -0.00324153900146484 -0.207809448242187 0.0690460205078125
0.0064539909362793 0.00374221801757813 -0.251998901367187 -0.018218994140625
-7.96318054199219E-05 0.00770425796508789 -0.217269897460938 -0.157577514648438
-0.0213584899902344 0.00605964660644531 -0.069915771484375 -0.28863525390625
-0.0375709533691406 -0.0257759094238281 0.0419769287109375 -0.259979248046875
-0.0198287963867187 -0.0568046569824219 0.112716674804688 -0.206375122070313
0.02606201171875 0.0510749816894531 -0.159744262695313 -0.0138397216796875
0.0468559265136719 0.0248985290527344 -0.088836669921875 0.17901611328125
0.06610107421875 -0.0315284729003906 0.0796051025390625 0.1729736328125
0.00626754760742188 -0.0626602172851563 0.0931777954101563 0.0581817626953125
-0.0333061218261719 -0.0354156494140625 0.0309906005859375 0.000850677490234373
-0.0411491394042969 0.00558090209960938 -0.0225543975830078 0.0146827697753906
-0.0224418640136719 0.0175209045410156 -0.0475311279296875 0.0553398132324219
-0.0182857513427734 0.00639533996582031 -0.0650482177734375 0.0984268188476563
-0.0203456878662109 0.0134220123291016 -0.125358581542969 0.121482849121094
-0.03570556640625 0.00577163696289062 -0.206451416015625 0.07666015625
-0.0329799652099609 -0.0190277099609375 -0.250106811523438 -0.00408935546874998
-0.0143394470214844 -0.0358467102050781 -0.2252197265625 -0.142181396484375
0.02044677734375 -0.0298099517822266 -0.0940399169921875 -0.280242919921875
0.030731201171875 -0.0131034851074219 0.0240936279296875 -0.267364501953125
0.0254039764404297 -0.000776290893554687 0.11029052734375 -0.221633911132813
0.05712890625 0.116706848144531 -0.152511596679688 -0.015869140625
0.112991333007812 0.0588912963867187 -0.0992889404296875 0.157119750976563
0.130851745605469 -0.0521087646484375 0.048553466796875 0.176742553710938
0.0234146118164063 -0.120140075683594 0.0793609619140625 0.0885467529296875
-0.0631637573242187 -0.0821609497070313 0.0519905090332031 0.0243453979492187
-0.0980987548828125 0.000984191894531241 0.00517845153808593 0.0158348083496094
-0.0672111511230469 0.0399131774902344 -0.0293655395507813 0.0394134521484375
-0.0523872375488281 0.0257949829101563 -0.0539321899414063 0.0813217163085937
-0.0586509704589844 0.0352745056152344 -0.113845825195312 0.111343383789063
-0.0792999267578125 0.0154800415039062 -0.197189331054688 0.0745697021484375
-0.0724563598632813 -0.0381317138671875 -0.239608764648438 0.00183105468749996
-0.0316696166992188 -0.0784454345703125 -0.221755981445313 -0.130218505859375
0.059906005859375 -0.0657806396484375 -0.104522705078125 -0.267501831054688
0.0969009399414063 -0.00164031982421875 0.0176239013671875 -0.26458740234375
0.0683403015136719 0.0533447265625 0.113525390625 -0.217880249023438
0.08465576171875 0.163726806640625 -0.145126342773438 6.10351562499968E-05
0.166839599609375 0.0709991455078125 -0.114151000976562 0.143264770507813
0.170272827148437 -0.077880859375 0.0149688720703125 0.192626953125
0.0254364013671875 -0.16070556640625 0.0769500732421875 0.133224487304688
-0.0886459350585937 -0.108779907226563 0.0908279418945313 0.051300048828125
-0.136611938476563 0.00162506103515627 0.0506401062011719 0.00954818725585938
-0.0962295532226563 0.0555801391601562 0.00273036956787109 0.0108823776245117
-0.0788040161132812 0.0391159057617188 -0.0332565307617188 0.0505294799804687
-0.0894393920898438 0.0525588989257812 -0.0953598022460938 0.0867538452148437
-0.118064880371094 0.022125244140625 -0.177703857421875 0.0602874755859375
-0.107345581054688 -0.0575485229492187 -0.217330932617188 -0.00161743164062504
-0.043975830078125 -0.118057250976563 -0.202896118164062 -0.123336791992188
0.0967788696289063 -0.0949249267578125 -0.0984649658203125 -0.252273559570312
0.151092529296875 0.011016845703125 0.025909423828125 -0.252960205078125
0.0999298095703125 0.098846435546875 0.124710083007813 -0.193954467773438
0.10272216796875 0.18524169921875 -0.136810302734375 0.0325546264648438
0.192657470703125 0.0659637451171875 -0.126052856445313 0.14996337890625
0.17584228515625 -0.09588623046875 -0.00177001953124998 0.222366333007813
0.0157928466796875 -0.17120361328125 0.095245361328125 0.178070068359375
-0.10101318359375 -0.109527587890625 0.141433715820313 0.0698699951171875
-0.150634765625 0.00755310058593751 0.103752136230469 -0.006805419921875
-0.107833862304687 0.062591552734375 0.037872314453125 -0.0261764526367187
-0.092926025390625 0.0465545654296875 -0.0099468231201172 0.0122900009155273
-0.110252380371094 0.061859130859375 -0.071319580078125 0.0527191162109375
-0.14385986328125 0.020538330078125 -0.14691162109375 0.036224365234375
-0.128227233886719 -0.0782318115234375 -0.179794311523438 -0.010894775390625
-0.042877197265625 -0.149078369140625 -0.170700073242188 -0.11444091796875
0.131050109863281 -0.106071472167969 -0.0824127197265625 -0.228378295898437
0.183181762695313 0.030181884765625 0.03955078125 -0.232131958007813
0.112663269042969 0.129043579101563 0.138763427734375 -0.154953002929688
0.10443115234375 0.180389404296875 -0.125480651855469 0.0781784057617188
0.181533813476562 0.052459716796875 -0.124969482421875 0.17620849609375
0.152999877929688 -0.0931854248046875 0.00862121582031252 0.252334594726563
0.00642395019531249 -0.149688720703125 0.132598876953125 0.20574951171875
-0.0953216552734375 -0.0915985107421875 0.190032958984375 0.0706787109375
-0.139152526855469 0.0128250122070313 0.1488037109375 -0.0333709716796875
-0.101768493652344 0.0588607788085937 0.0700302124023437 -0.0648994445800781
-0.0930328369140625 0.04412841796875 0.0150432586669922 -0.0281906127929688
-0.115493774414063 0.0587692260742187 -0.0404891967773438 0.0136756896972656
-0.150146484375 0.00904846191406249 -0.102668762207031 0.00879669189453126
-0.124923706054688 -0.0951766967773438 -0.1307373046875 -0.0166473388671875
-0.023101806640625 -0.159469604492188 -0.133071899414062 -0.0966873168945313
0.15093994140625 -0.0866241455078125 -0.07000732421875 -0.198684692382813
0.181900024414062 0.05419921875 0.0506439208984375 -0.212295532226562
0.102523803710938 0.139564514160156 0.1495361328125 -0.1051025390625
0.0897369384765625 0.1524658203125 -0.113121032714844 0.125778198242188
0.142135620117188 0.0401611328125 -0.10906982421875 0.210357666015625
0.115806579589844 -0.0709381103515625 0.036773681640625 0.27020263671875
0.00398254394531251 -0.108299255371094 0.171539306640625 0.209671020507813
-0.0730972290039063 -0.0647964477539063 0.225021362304688 0.0587310791015625
-0.108840942382813 0.013427734375 0.1802978515625 -0.0616455078125
-0.081695556640625 0.04510498046875 0.0944442749023438 -0.0998916625976563
-0.0784454345703125 0.0335693359375 0.0372734069824219 -0.0643424987792969
-0.103652954101563 0.0443878173828125 -0.006622314453125 -0.0211982727050781
-0.128890991210938 -0.00644683837890624 -0.0516738891601563 -0.0119400024414062
-0.0956878662109375 -0.0966415405273437 -0.08160400390625 -0.0125198364257812
0.00443267822265625 -0.135818481445312 -0.105293273925781 -0.0692520141601563
0.140899658203125 -0.0460205078125 -0.0699615478515625 -0.175186157226563
0.142791748046875 0.0698699951171875 0.0552825927734375 -0.198883056640625
0.0737152099609375 0.12481689453125 0.15484619140625 -0.056884765625
0.0615615844726563 0.106300354003906 -0.100875854492188 0.169784545898438
0.0861663818359375 0.0289535522460938 -0.0843048095703125 0.237686157226563
0.0753326416015625 -0.038238525390625 0.0695953369140625 0.271743774414063
0.00800323486328126 -0.0621109008789063 0.20269775390625 0.199005126953125
-0.0432701110839844 -0.0363693237304688 0.244918823242188 0.0416107177734375
-0.0684394836425781 0.0097808837890625 0.196563720703125 -0.0868682861328125
-0.0507469177246094 0.0251007080078125 0.109031677246094 -0.125770568847656
-0.0516204833984375 0.0174713134765625 0.0539932250976562 -0.0919570922851563
-0.0720062255859375 0.0223464965820312 0.0223007202148437 -0.0467453002929688
-0.0830001831054688 -0.0150604248046875 -0.00758552551269532 -0.0216712951660156
-0.0525131225585937 -0.072418212890625 -0.0465545654296875 -0.00155258178710938
0.0210113525390625 -0.0847702026367188 -0.0938796997070313 -0.04718017578125
0.0966262817382813 -0.00391387939453125 -0.0748138427734375 -0.168167114257812
0.0813217163085938 0.0623626708984375 0.060821533203125 -0.19610595703125
0.0367355346679687 0.0849761962890625 0.154327392578125 -0.014739990234375
-0.00747871398925781 -0.0214996337890625 -0.171951293945313 0.00617980957031246
-0.0233230590820312 -0.0141544342041016 -0.0689544677734375 0.203826904296875
-0.00760650634765625 -0.0139713287353516 0.109878540039062 0.166305541992187
-0.0154209136962891 0.00373649597167969 0.107162475585938 0.0411148071289063
0.00101089477539063 0.019134521484375 0.0244483947753906 -0.00860214233398437
0.0254688262939453 0.0105609893798828 -0.0272579193115234 0.0135898590087891
0.0252361297607422 -0.0107002258300781 -0.0463523864746094 0.0626945495605469
0.0173234939575195 -0.0164127349853516 -0.0639495849609375 0.1072998046875
0.0199508666992188 -0.0107746124267578 -0.126113891601563 0.130134582519531
0.0111007690429688 -0.00298404693603516 -0.211715698242188 0.0838775634765625
0.00605583190917969 0.00535154342651367 -0.260910034179688 -0.00466918945312503
0.000440120697021485 0.00787067413330078 -0.232452392578125 -0.151153564453125
-0.0220565795898437 0.00693893432617188 -0.086944580078125 -0.29541015625
-0.040618896484375 -0.0253143310546875 0.030914306640625 -0.272552490234375
-0.0226898193359375 -0.0583534240722656 0.10723876953125 -0.221923828125
0.03009033203125 0.0525703430175781 -0.165969848632813 -0.00979614257812497
0.0494499206542969 0.0239295959472656 -0.079803466796875 0.188385009765625
0.0675773620605469 -0.0377998352050781 0.092529296875 0.172286987304688
0.00270843505859375 -0.065155029296875 0.0980987548828125 0.0548095703125
-0.0367431640625 -0.034759521484375 0.0313339233398438 0.000698089599609373
-0.0406875610351563 0.009063720703125 -0.0219001770019531 0.0178909301757813
-0.0229930877685547 0.0196208953857422 -0.0452613830566406 0.0606040954589844
-0.0197334289550781 0.00728416442871093 -0.0615692138671875 0.1055908203125
-0.0207977294921875 0.013916015625 -0.12139892578125 0.132980346679688
-0.0353240966796875 0.00814437866210938 -0.209457397460938 0.0912322998046875
-0.0347270965576172 -0.0163860321044922 -0.258758544921875 0.00978088378906251
-0.0165557861328125 -0.0365104675292969 -0.240036010742188 -0.134033203125
0.0198955535888672 -0.0325508117675781 -0.11114501953125 -0.284454345703125
0.0310821533203125 -0.0155658721923828 0.0110931396484375 -0.279754638671875
0.0256729125976562 -0.00199508666992187 0.10406494140625 -0.2381591796875
0.0655364990234375 0.119895935058594 -0.158538818359375 -0.0113677978515625
0.120384216308594 0.0560150146484375 -0.0925445556640625 0.165802001953125
0.134468078613281 -0.0623550415039063 0.059844970703125 0.17645263671875
0.0179290771484375 -0.1258544921875 0.0858917236328125 0.0867385864257812
-0.0703811645507812 -0.0814971923828125 0.0546226501464844 0.0236015319824219
-0.0996780395507813 0.00723266601562498 0.00655555725097656 0.0171976089477539
-0.0666465759277344 0.0453948974609375 -0.0274772644042969 0.0430946350097656
-0.0540618896484375 0.0296897888183594 -0.0505599975585937 0.0875701904296875
-0.0591239929199219 0.0392189025878906 -0.109786987304688 0.121322631835937
-0.0798721313476563 0.021270751953125 -0.200347900390625 0.0894012451171875
-0.0771331787109375 -0.0336456298828125 -0.24786376953125 0.0157470703125
-0.0370101928710937 -0.0794296264648438 -0.235443115234375 -0.122787475585938
0.0591812133789063 -0.0716934204101563 -0.121917724609375 -0.270919799804687
0.101119995117187 -0.00685882568359375 0.00408935546875001 -0.275848388671875
0.0728225708007813 0.0527725219726563 0.107498168945313 -0.234588623046875
0.0969696044921875 0.167648315429687 -0.150131225585938 0.00585937499999998
0.176605224609375 0.06640625 -0.108596801757813 0.152587890625
0.173492431640625 -0.090911865234375 0.024993896484375 0.1956787109375
0.018463134765625 -0.168319702148438 0.086151123046875 0.134498596191406
-0.0980072021484375 -0.106903076171875 0.0965423583984375 0.05010986328125
-0.139572143554688 0.010284423828125 0.05419921875 0.00740814208984375
-0.0960159301757813 0.0633392333984375 0.00312519073486327 0.0108938217163086
-0.0803298950195313 0.0454177856445312 -0.0319328308105469 0.0547294616699219
-0.0897750854492187 0.0586395263671875 -0.093292236328125 0.0954208374023437
-0.119300842285156 0.0304412841796875 -0.181777954101563 0.073333740234375
-0.114601135253906 -0.0520782470703125 -0.224868774414063 0.0105438232421875
-0.0521087646484375 -0.120040893554688 -0.216567993164063 -0.116973876953125
0.0969314575195313 -0.104118347167969 -0.114227294921875 -0.255386352539063
0.157470703125 0.00311279296875 0.013641357421875 -0.264114379882813
0.108039855957031 0.097747802734375 0.120147705078125 -0.210098266601563
0.116867065429688 0.189193725585938 -0.139373779296875 0.0398635864257812
0.202896118164063 0.059844970703125 -0.122314453125 0.160675048828125
0.177825927734375 -0.1104736328125 0.008697509765625 0.2279052734375
0.0076904296875 -0.17791748046875 0.107437133789063 0.180572509765625
-0.110794067382813 -0.107826232910156 0.149429321289063 0.0653076171875
-0.15301513671875 0.017059326171875 0.106979370117188 -0.0135955810546875
-0.106857299804688 0.0709228515625 0.037445068359375 -0.0284080505371094
-0.0946502685546875 0.0535049438476563 -0.0101051330566406 0.0135898590087891
-0.110862731933594 0.0697860717773438 -0.07061767578125 0.05853271484375
-0.147003173828125 0.03033447265625 -0.150970458984375 0.046783447265625
-0.137588500976563 -0.0727996826171875 -0.186752319335938 -0.00163269042968747
-0.05279541015625 -0.152435302734375 -0.181961059570313 -0.109024047851563
0.132255554199219 -0.117462158203125 -0.097076416015625 -0.230667114257813
0.192428588867188 0.0218963623046875 0.028411865234375 -0.243270874023438
0.123062133789063 0.129524230957031 0.135635375976563 -0.16888427734375
0.118362426757813 0.1834716796875 -0.126289367675781 0.086700439453125
0.190643310546875 0.0460662841796875 -0.120468139648437 0.188323974609375
0.15338134765625 -0.105316162109375 0.020050048828125 0.25921630859375
-0.00054931640625001 -0.154541015625 0.147247314453125 0.207305908203125
-0.103675842285156 -0.088836669921875 0.1995849609375 0.0638275146484375
-0.141494750976563 0.021942138671875 0.152603149414063 -0.0429229736328125
-0.101776123046875 0.066925048828125 0.0678253173828125 -0.0696487426757813
-0.0948867797851563 0.0511398315429688 0.0128669738769531 -0.0299606323242187
-0.117164611816406 0.0672378540039063 -0.0404243469238281 0.0169830322265625
-0.154266357421875 0.0181121826171875 -0.106796264648438 0.0161590576171875
-0.134536743164063 -0.0906829833984375 -0.134849548339844 -0.00993347167968751
-0.0330047607421875 -0.16412353515625 -0.141571044921875 -0.092193603515625
0.15380859375 -0.0990142822265625 -0.0817413330078125 -0.19989013671875
0.1915283203125 0.047027587890625 0.0404815673828125 -0.222412109375
0.112518310546875 0.140594482421875 0.149337768554688 -0.118927001953125
0.1016845703125 0.154006958007813 -0.11151123046875 0.137115478515625
0.149002075195313 0.03460693359375 -0.10186767578125 0.22320556640625
0.116500854492188 -0.0801315307617188 0.050811767578125 0.27569580078125
-0.00182342529296876 -0.112525939941406 0.18853759765625 0.209304809570312
-0.0795364379882812 -0.0615310668945313 0.235076904296875 0.0490264892578125
-0.110069274902344 0.0214004516601563 0.18304443359375 -0.0737762451171875
-0.0814285278320313 0.051849365234375 0.091278076171875 -0.106414794921875
-0.0809478759765625 0.0401840209960938 0.0340499877929687 -0.0687637329101562
-0.104881286621094 0.0515899658203125 -0.00820159912109376 -0.0213966369628906
-0.134101867675781 0.000808715820312498 -0.0552864074707031 -0.00911712646484375
-0.105110168457031 -0.0934295654296875 -0.0837020874023438 -0.00849151611328125
-0.00244140624999998 -0.142196655273438 -0.110618591308594 -0.064971923828125
0.146194458007813 -0.05517578125 -0.08099365234375 -0.175155639648438
0.152618408203125 0.065277099609375 0.0457611083984375 -0.208526611328125
0.081817626953125 0.127128601074219 0.15673828125 -0.06689453125
0.071136474609375 0.107810974121094 -0.09796142578125 0.181167602539063
0.0904998779296875 0.025726318359375 -0.0751800537109375 0.251190185546875
0.076995849609375 -0.0441207885742188 0.0847015380859375 0.2762451171875
0.00484466552734375 -0.0652046203613281 0.219512939453125 0.19580078125
-0.0460014343261719 -0.0348701477050781 0.254623413085938 0.0296478271484375
-0.0685653686523437 0.0148773193359375 0.197158813476563 -0.100143432617188
-0.051177978515625 0.0290069580078125 0.103721618652344 -0.135482788085938
-0.0542030334472656 0.0216827392578125 0.0492782592773438 -0.0977783203125
-0.0731735229492188 0.0273284912109375 0.0202751159667969 -0.0493850708007813
-0.0864715576171875 -0.0107269287109375 -0.00959968566894532 -0.0225257873535156
-0.0584716796875 -0.0716171264648437 -0.0465660095214844 0.00101470947265625
0.0174331665039062 -0.0886459350585938 -0.0976409912109375 -0.0428314208984375
0.101364135742187 -0.009307861328125 -0.0867919921875 -0.16754150390625
0.0872955322265625 0.0608673095703125 0.0503082275390625 -0.205551147460938
0.0406646728515625 0.0872268676757813 0.157760620117187 -0.0226898193359375
-0.00794792175292969 -0.0208740234375 -0.174087524414063 0.0148468017578125
-0.0244007110595703 -0.0123367309570313 -0.05419921875 0.208755493164063
-0.00910377502441406 -0.0140953063964844 0.122955322265625 0.1573486328125
-0.0165090560913086 0.00514507293701172 0.109603881835937 0.03350830078125
0.00293731689453125 0.0201454162597656 0.0228271484375 -0.00845909118652344
0.0277080535888672 0.00982093811035156 -0.0268955230712891 0.0179882049560547
0.024932861328125 -0.0122966766357422 -0.0419883728027344 0.0671272277832031
0.0146141052246094 -0.0176296234130859 -0.0552825927734375 0.112136840820312
0.0188941955566406 -0.0132732391357422 -0.116287231445312 0.140792846679688
0.0108528137207031 -0.00399971008300781 -0.207443237304688 0.100753784179688
0.00695037841796875 0.00508880615234375 -0.26385498046875 0.0142669677734375
9.10758972167961E-05 0.0078577995300293 -0.244186401367188 -0.1348876953125
-0.0220470428466797 0.00760841369628907 -0.10748291015625 -0.291534423828125
-0.04254150390625 -0.0230751037597656 0.0129241943359375 -0.278762817382813
-0.0261650085449219 -0.0574455261230469 0.0941314697265625 -0.234664916992188
0.0345840454101563 0.0523948669433594 -0.169189453125 -0.00177001953124997
0.0526771545410156 0.0231361389160156 -0.067047119140625 0.193283081054688
0.0651817321777344 -0.0438423156738281 0.105422973632812 0.1646728515625
-0.00183486938476562 -0.0657844543457031 0.102943420410156 0.0477523803710938
-0.0400543212890625 -0.0323982238769531 0.0296211242675781 -0.000286102294921877
-0.0397567749023438 0.0127830505371094 -0.0206756591796875 0.0205078125
-0.0213031768798828 0.0218315124511719 -0.0414848327636719 0.0647201538085938
-0.0201148986816406 0.00935935974121094 -0.0534591674804688 0.1103515625
-0.0197105407714844 0.0148124694824219 -0.110809326171875 0.142410278320313
-0.0343475341796875 0.0111141204833984 -0.204574584960938 0.108444213867188
-0.0361175537109375 -0.0121078491210937 -0.259811401367188 0.0285186767578125
-0.0205650329589844 -0.0356369018554687 -0.250335693359375 -0.118377685546875
0.0178794860839844 -0.0345478057861328 -0.13165283203125 -0.278793334960938
0.0303821563720703 -0.0180492401123047 -0.00817871093750003 -0.284515380859375
0.0264320373535156 -0.00282478332519531 0.0888824462890625 -0.25067138671875
0.0753631591796875 0.119117736816406 -0.161239624023438 -0.00340270996093747
0.125938415527344 0.0496826171875 -0.0811614990234375 0.171096801757813
0.130775451660156 -0.0733489990234375 0.071807861328125 0.172210693359375
0.00961303710937499 -0.129112243652344 0.0923080444335938 0.0823440551757812
-0.0774688720703125 -0.076690673828125 0.0563697814941406 0.0214385986328125
-0.0989227294921875 0.0152206420898438 0.00856685638427734 0.0173254013061523
-0.0635871887207031 0.05126953125 -0.0243415832519531 0.0462646484375
-0.0531387329101562 0.0345726013183594 -0.0436325073242187 0.0918960571289062
-0.0563812255859375 0.0433845520019531 -0.100608825683594 0.130393981933594
-0.0789031982421875 0.0272979736328125 -0.195846557617188 0.106536865234375
-0.0799102783203125 -0.0274887084960938 -0.24835205078125 0.0343780517578125
-0.043914794921875 -0.0772323608398438 -0.2452392578125 -0.106613159179687
0.0552902221679688 -0.0767135620117187 -0.140792846679687 -0.264572143554688
0.101234436035156 -0.0148162841796875 -0.0146484375 -0.281051635742187
0.0771484375 0.049468994140625 0.0923919677734375 -0.2469482421875
0.11053466796875 0.164901733398438 -0.1513671875 0.01397705078125
0.183059692382813 0.0565185546875 -0.0994415283203125 0.159408569335937
0.169784545898438 -0.105865478515625 0.0374908447265625 0.194320678710938
0.00761413574218749 -0.171295166015625 0.0960845947265625 0.131584167480469
-0.107757568359375 -0.10076904296875 0.100631713867188 0.0448226928710938
-0.138603210449219 0.0211105346679687 0.0558624267578125 0.0035858154296875
-0.0916519165039063 0.0720062255859375 0.00400257110595703 0.0120487213134766
-0.0785980224609375 0.0527572631835938 -0.0274658203125 0.0573539733886719
-0.0861892700195312 0.06597900390625 -0.0861892700195313 0.103256225585938
-0.117515563964844 0.0399017333984375 -0.178695678710938 0.08929443359375
-0.118789672851562 -0.042938232421875 -0.225189208984375 0.0279388427734374
-0.0613555908203125 -0.117095947265625 -0.225723266601563 -0.102157592773438
0.0914382934570313 -0.112998962402344 -0.132492065429688 -0.249252319335937
0.15948486328125 -0.0073089599609375 -0.00540161132812499 -0.268905639648438
0.115608215332031 0.0935134887695312 0.105499267578125 -0.222564697265625
0.132186889648438 0.184982299804688 -0.138572692871094 0.049102783203125
0.208404541015625 0.04730224609375 -0.112258911132813 0.168792724609375
0.17218017578125 -0.125381469726562 0.0222625732421875 0.228607177734375
-0.0045318603515625 -0.1805419921875 0.120742797851562 0.1767578125
-0.119804382324219 -0.0998153686523438 0.1558837890625 0.0568084716796875
-0.151596069335938 0.028106689453125 0.108222961425781 -0.0222244262695313
-0.102317810058594 0.0801620483398438 0.0357208251953125 -0.031494140625
-0.0929718017578125 0.06219482421875 -0.00865459442138673 0.0150213241577148
-0.107353210449219 0.0790328979492188 -0.0661888122558594 0.0644149780273438
-0.145248413085937 0.0417022705078125 -0.150360107421875 0.060455322265625
-0.143936157226563 -0.0618896484375 -0.187164306640625 0.0124359130859375
-0.064697265625 -0.150802612304688 -0.190383911132812 -0.097259521484375
0.12677001953125 -0.128822326660156 -0.112472534179687 -0.225433349609375
0.19635009765625 0.009368896484375 0.0111236572265625 -0.248916625976563
0.133087158203125 0.124588012695312 0.124221801757813 -0.181976318359375
0.134201049804688 0.178909301757813 -0.122726440429687 0.0958786010742188
0.19500732421875 0.0345001220703125 -0.108291625976563 0.197601318359375
0.148223876953125 -0.118026733398438 0.0359344482421875 0.259445190429688
-0.01068115234375 -0.15625 0.163055419921875 0.20062255859375
-0.110992431640625 -0.0818099975585937 0.205810546875 0.0513763427734375
-0.138763427734375 0.0327682495117188 0.150543212890625 -0.05419921875
-0.0962753295898438 0.0752487182617188 0.0635528564453125 -0.0750579833984375
-0.0938949584960938 0.0593490600585937 0.0106601715087891 -0.0295982360839844
-0.11346435546875 0.0761871337890625 -0.040130615234375 0.0196990966796875
-0.153427124023438 0.0300445556640625 -0.107925415039063 0.0262527465820313
-0.143173217773437 -0.0807647705078125 -0.135955810546875 -0.000167846679687529
-0.04510498046875 -0.163833618164063 -0.147903442382813 -0.082427978515625
0.151031494140625 -0.111663818359375 -0.0958099365234375 -0.195465087890625
0.197067260742188 0.0348358154296875 0.024169921875 -0.227203369140625
0.122230529785156 0.137184143066406 0.142196655273437 -0.13116455078125
0.11505126953125 0.150543212890625 -0.104080200195312 0.146774291992188
0.152664184570313 0.0255126953125 -0.0886688232421875 0.232101440429688
0.111785888671875 -0.0907440185546875 0.0684661865234375 0.27545166015625
-0.00879669189453124 -0.113632202148438 0.203384399414062 0.200149536132812
-0.0846939086914063 -0.0559921264648438 0.24017333984375 0.033599853515625
-0.108047485351563 0.0298690795898438 0.178863525390625 -0.0874786376953125
-0.07757568359375 0.0586090087890625 0.083465576171875 -0.113212585449219
-0.0797882080078125 0.046417236328125 0.0282135009765625 -0.0707015991210937
-0.102981567382813 0.0591506958007812 -0.0106296539306641 -0.0215702056884766
-0.134651184082031 0.0108261108398437 -0.0575027465820313 -0.00406646728515624
-0.113327026367188 -0.0863418579101563 -0.0832366943359375 -0.00318145751953127
-0.0126495361328125 -0.143661499023437 -0.114891052246094 -0.0575485229492188
0.145919799804688 -0.0659332275390625 -0.09332275390625 -0.169677734375
0.159515380859375 0.0564727783203125 0.0295562744140625 -0.213531494140625
0.0895767211914063 0.125038146972656 0.153335571289062 -0.078094482421875
0.08026123046875 0.104507446289062 -0.08624267578125 0.191696166992187
0.0927200317382813 0.0212860107421875 -0.0592498779296875 0.259384155273438
0.0742721557617188 -0.0507354736328125 0.1026611328125 0.273284912109375
0.000762939453125005 -0.0657196044921875 0.235076904296875 0.182785034179688
-0.049285888671875 -0.0316543579101563 0.258560180664063 0.013397216796875
-0.0665969848632813 0.0202789306640625 0.190765380859375 -0.114044189453125
-0.0491104125976563 0.0324974060058594 0.0936737060546875 -0.142608642578125
-0.05389404296875 0.0263328552246094 0.0421218872070313 -0.100837707519531
-0.0727767944335937 0.0326080322265625 0.0161361694335938 -0.0521697998046875
-0.0883102416992188 -0.00598907470703127 -0.0123271942138672 -0.0210685729980469
-0.0638198852539063 -0.0665245056152344 -0.0447959899902344 0.00408172607421874
0.0114974975585937 -0.0911788940429688 -0.0997085571289062 -0.0351715087890625
0.104110717773438 -0.0157928466796875 -0.0992279052734375 -0.161148071289063
0.0926589965820313 0.0567550659179688 0.0344696044921875 -0.20941162109375
0.045654296875 0.0862197875976563 0.157699584960938 -0.0327606201171875
-0.0088653564453125 -0.0200119018554688 -0.171112060546875 0.020904541015625
-0.0247116088867188 -0.0097808837890625 -0.040496826171875 0.204635620117188
-0.0109090805053711 -0.0140228271484375 0.129547119140625 0.14495849609375
-0.0165042877197266 0.00667762756347656 0.109237670898437 0.0254669189453125
0.00435256958007813 0.0195674896240234 0.0212306976318359 -0.00778579711914062
0.0283527374267578 0.00808525085449219 -0.0248832702636719 0.0206851959228516
0.0236663818359375 -0.0139045715332031 -0.0358619689941406 0.0682334899902344
0.0128393173217773 -0.0171422958374023 -0.0457534790039063 0.1134033203125
0.0174655914306641 -0.014399528503418 -0.103668212890625 0.14544677734375
0.0106716156005859 -0.00469493865966797 -0.196319580078125 0.112594604492187
0.00751543045043945 0.00575351715087891 -0.257736206054688 0.0302581787109374
-0.000130653381347657 0.00835609436035156 -0.246322631835938 -0.11785888671875
-0.0215091705322266 0.00813865661621094 -0.121810913085937 -0.279403686523438
-0.04364013671875 -0.0208587646484375 -0.00361633300781248 -0.275482177734375
-0.0290451049804687 -0.0553474426269531 0.0797271728515625 -0.238555908203125
0.0377388000488281 0.0509986877441406 -0.167465209960938 0.00585937500000002
0.0543098449707031 0.0201034545898437 -0.054931640625 0.19171142578125
0.0610313415527344 -0.0465736389160156 0.111541748046875 0.153060913085938
-0.00572204589843749 -0.0642738342285156 0.102096557617188 0.0410003662109375
-0.0408248901367188 -0.0282859802246094 0.0290794372558594 0.000556945800781248
-0.0357398986816406 0.0156974792480469 -0.0193271636962891 0.0225353240966797
-0.0195255279541016 0.0224323272705078 -0.0359306335449219 0.0659751892089844
-0.0197429656982422 0.0110130310058594 -0.043975830078125 0.111564636230469
-0.0190467834472656 0.0153255462646484 -0.098358154296875 0.146636962890625
-0.0321292877197266 0.0136642456054688 -0.193130493164063 0.120635986328125
-0.0360488891601563 -0.00939178466796876 -0.2520751953125 0.0441131591796875
-0.0221443176269531 -0.0330867767333984 -0.250930786132813 -0.100967407226563
0.0154685974121094 -0.0353240966796875 -0.144561767578125 -0.265853881835937
0.0285472869873047 -0.01934814453125 -0.0250091552734375 -0.280364990234375
0.0256118774414063 -0.00387763977050781 0.072906494140625 -0.253311157226563
0.0823287963867188 0.114738464355469 -0.158935546875 0.00347900390624999
0.127296447753906 0.0438079833984375 -0.0700531005859375 0.171371459960938
0.124969482421875 -0.0801849365234375 0.079620361328125 0.163055419921875
0.001800537109375 -0.128341674804688 0.0947189331054688 0.0760955810546875
-0.0805282592773437 -0.0704498291015625 0.055572509765625 0.0192947387695312
-0.0944290161132813 0.021636962890625 0.00992107391357421 0.0162792205810547
-0.0592041015625 0.0548896789550781 -0.0206718444824219 0.0464096069335937
-0.0509033203125 0.0371246337890625 -0.0358810424804688 0.0926513671875
-0.0537528991699219 0.045806884765625 -0.0893325805664063 0.134033203125
-0.0742340087890625 0.0315399169921875 -0.18572998046875 0.118194580078125
-0.0796585083007813 -0.0208587646484375 -0.240478515625 0.0492706298828125
-0.0475692749023437 -0.07269287109375 -0.245941162109375 -0.0899505615234375
0.0501785278320312 -0.0797500610351563 -0.15277099609375 -0.251327514648438
0.0984573364257813 -0.0201568603515625 -0.031494140625 -0.275985717773438
0.0787582397460938 0.0455551147460938 0.0760345458984375 -0.25048828125
0.119232177734375 0.157867431640625 -0.148269653320313 0.021240234375
0.183761596679688 0.0469207763671875 -0.088836669921875 0.161331176757813
0.160552978515625 -0.114501953125 0.04608154296875 0.187469482421875
-0.00257873535156251 -0.169097900390625 0.101455688476563 0.124435424804687
-0.111053466796875 -0.092071533203125 0.10162353515625 0.0390625
-0.132675170898438 0.0293731689453125 0.0548439025878906 -0.000232696533203123
-0.0853347778320312 0.0761184692382813 0.00467681884765624 0.0112361907958984
-0.0752716064453125 0.0575332641601563 -0.0225677490234375 0.0588798522949219
-0.0813140869140625 0.06982421875 -0.0773086547851562 0.10614013671875
-0.111328125 0.0467453002929688 -0.170257568359375 0.100860595703125
-0.119590759277344 -0.0341796875 -0.219528198242187 0.0412139892578125
-0.0677337646484375 -0.111053466796875 -0.226425170898437 -0.0875244140625
0.08404541015625 -0.117462158203125 -0.143997192382812 -0.23675537109375
0.156661987304688 -0.0170135498046875 -0.022186279296875 -0.265121459960938
0.118843078613281 0.0872802734375 0.0897979736328125 -0.226364135742188
0.142852783203125 0.176010131835938 -0.134033203125 0.0553741455078125
0.207870483398438 0.035491943359375 -0.100570678710938 0.171661376953125
0.161895751953125 -0.134231567382813 0.0333099365234375 0.22222900390625
-0.0151214599609375 -0.17730712890625 0.12969970703125 0.168136596679688
-0.123077392578125 -0.09130859375 0.1558837890625 0.04803466796875
-0.145584106445313 0.03753662109375 0.104598999023437 -0.0283432006835937
-0.094451904296875 0.0845413208007813 0.0335025787353516 -0.0317420959472656
-0.0883712768554688 0.0675277709960938 -0.00712394714355469 0.0157356262207031
-0.100975036621094 0.0836105346679687 -0.0609931945800781 0.0671348571777344
-0.140052795410156 0.0500869750976562 -0.143692016601563 0.0712738037109375
-0.145095825195312 -0.0517425537109375 -0.182525634765625 0.02392578125
-0.0728759765625 -0.14385986328125 -0.19146728515625 -0.0847625732421875
0.117568969726563 -0.135002136230469 -0.122879028320313 -0.214141845703125
0.19439697265625 -0.0024261474609375 -0.00500488281249999 -0.244964599609375
0.136734008789063 0.116920471191406 0.110427856445313 -0.187698364257813
0.142807006835938 0.168731689453125 -0.116050720214844 0.101089477539063
0.193832397460938 0.0234375 -0.0962677001953125 0.2010498046875
0.137710571289063 -0.12664794921875 0.0489044189453125 0.2525634765625
-0.019622802734375 -0.153305053710938 0.171875 0.188949584960938
-0.113716125488281 -0.0723419189453125 0.204818725585937 0.038726806640625
-0.132743835449219 0.0398483276367187 0.145065307617188 -0.06182861328125
-0.0893936157226562 0.0791854858398438 0.0574874877929687 -0.0763626098632812
-0.0894927978515625 0.064910888671875 0.00819015502929687 -0.0290660858154297
-0.107223510742188 0.0818023681640625 -0.0383377075195313 0.0225181579589844
-0.148773193359375 0.03973388671875 -0.104972839355469 0.0339508056640625
-0.145523071289063 -0.0696868896484375 -0.132415771484375 0.00723266601562498
-0.0542144775390625 -0.158660888671875 -0.149017333984375 -0.072845458984375
0.143218994140625 -0.119415283203125 -0.104415893554687 -0.184707641601563
0.196182250976562 0.0236663818359375 0.00909423828125001 -0.224227905273438
0.128120422363281 0.130378723144531 0.13092041015625 -0.137687683105469
0.123275756835937 0.1416015625 -0.0946197509765625 0.150222778320313
0.150985717773437 0.0167694091796875 -0.0743408203125 0.233688354492188
0.103500366210938 -0.09613037109375 0.0807952880859375 0.266555786132813
-0.014739990234375 -0.111000061035156 0.212188720703125 0.1861572265625
-0.08575439453125 -0.0490875244140625 0.236907958984375 0.0192718505859375
-0.101470947265625 0.0354156494140625 0.168655395507813 -0.0965118408203125
-0.0720062255859375 0.0620040893554688 0.0747909545898437 -0.115211486816406
-0.0771560668945312 0.0513229370117188 0.0230560302734375 -0.0705490112304688
-0.0979995727539063 0.0643692016601562 -0.0119647979736328 -0.0201740264892578
-0.130996704101563 0.018768310546875 -0.0581741333007813 0.00169754028320313
-0.116134643554687 -0.0772171020507813 -0.0805816650390625 0.00163269042968749
-0.0211334228515625 -0.140869140625 -0.114501953125 -0.049652099609375
0.142486572265625 -0.07470703125 -0.100982666015625 -0.15887451171875
0.160247802734375 0.0477294921875 0.01519775390625 -0.209716796875
0.0943603515625 0.120185852050781 0.145309448242188 -0.0859527587890625
0.0864639282226563 0.0983200073242188 -0.0753631591796875 0.194229125976563
0.0913314819335938 0.016021728515625 -0.0435028076171875 0.259292602539063
0.0691757202148438 -0.0547943115234375 0.114471435546875 0.262985229492187
-0.0021820068359375 -0.0646553039550781 0.240982055664063 0.166610717773437
-0.0502357482910156 -0.0274581909179688 0.252731323242188 -0.00213623046875
-0.0621604919433594 0.0236358642578125 0.17962646484375 -0.123138427734375
-0.04608154296875 0.0351829528808594 0.0830535888671875 -0.143417358398438
-0.0529975891113281 0.030059814453125 0.0339813232421875 -0.1002197265625
-0.0702896118164063 0.0364151000976562 0.011444091796875 -0.0521659851074219
-0.0874786376953125 -0.000114440917968748 -0.0138359069824219 -0.0190162658691406
-0.0664558410644531 -0.0617752075195312 -0.0419235229492188 0.0057525634765625
0.0067138671875 -0.0906829833984375 -0.0982894897460937 -0.0275955200195312
0.103363037109375 -0.0224075317382812 -0.106689453125 -0.150100708007813
0.0941848754882813 0.0513381958007813 0.019561767578125 -0.2073974609375
0.0484390258789062 0.0836715698242188 0.151641845703125 -0.0394134521484375
-0.00777053833007812 -0.0191364288330078 -0.167755126953125 0.0224151611328125
-0.0234241485595703 -0.008209228515625 -0.0343475341796875 0.199142456054687
-0.0121364593505859 -0.013275146484375 0.1292724609375 0.135635375976563
-0.0168924331665039 0.00774955749511719 0.107231140136719 0.0213088989257813
0.00536155700683594 0.0209579467773437 0.0194358825683594 -0.00673484802246094
0.0302848815917969 0.00600051879882813 -0.0232334136962891 0.02276611328125
0.0220794677734375 -0.0134105682373047 -0.0334358215332031 0.0668144226074219
0.0110864639282227 -0.0171270370483398 -0.0398941040039063 0.1104736328125
0.0163707733154297 -0.0154685974121094 -0.09478759765625 0.144393920898438
0.0110750198364258 -0.00484466552734375 -0.186080932617187 0.115921020507813
0.0092172622680664 0.00607681274414062 -0.24859619140625 0.0367431640625
-0.000581741333007813 0.0076298713684082 -0.240646362304688 -0.108078002929688
-0.0211753845214844 0.00847816467285156 -0.124710083007813 -0.269805908203125
-0.0440597534179688 -0.01824951171875 -0.010894775390625 -0.268936157226562
-0.0288505554199219 -0.0530662536621094 0.0714111328125 -0.236602783203125
0.0400772094726563 0.049530029296875 -0.164642333984375 0.00650024414062502
0.0535659790039063 0.0198822021484375 -0.0476837158203125 0.185821533203125
0.0582695007324219 -0.0475311279296875 0.112014770507813 0.1444091796875
-0.007965087890625 -0.0627937316894531 0.100128173828125 0.0367050170898437
-0.0406913757324219 -0.0261993408203125 0.0279293060302734 0.000755310058593748
-0.0329036712646484 0.0155315399169922 -0.0174407958984375 0.023712158203125
-0.0187473297119141 0.0238723754882812 -0.0338935852050781 0.0652389526367187
-0.0194568634033203 0.0114803314208984 -0.0384750366210938 0.109291076660156
-0.0187263488769531 0.0158119201660156 -0.0900726318359375 0.145553588867188
-0.0303745269775391 0.0139904022216797 -0.184478759765625 0.124252319335937
-0.0349273681640625 -0.00638198852539062 -0.243743896484375 0.0512237548828125
-0.0225543975830078 -0.0314216613769531 -0.245712280273437 -0.0913238525390625
0.0139541625976563 -0.036224365234375 -0.1474609375 -0.255294799804688
0.0274162292480469 -0.0199375152587891 -0.0312042236328125 -0.273193359375
0.0254459381103516 -0.00380897521972656 0.06439208984375 -0.250808715820313
0.0847320556640625 0.111328125 -0.15606689453125 0.00570678710937499
0.126380920410156 0.040618896484375 -0.0628814697265625 0.167190551757813
0.119880676269531 -0.082275390625 0.08056640625 0.154937744140625
-0.00222015380859375 -0.125114440917969 0.093994140625 0.0716781616210937
-0.08056640625 -0.06622314453125 0.0550003051757813 0.0188102722167969
-0.0900115966796875 0.0226058959960937 0.00945186614990234 0.0162820816040039
-0.0552711486816406 0.0554389953613281 -0.0193557739257813 0.0460472106933594
-0.049163818359375 0.0381622314453125 -0.0309219360351563 0.0902023315429687
-0.0510368347167969 0.0452842712402344 -0.081695556640625 0.132705688476562
-0.0705108642578125 0.0331192016601563 -0.177047729492188 0.122970581054688
-0.0779190063476563 -0.0175018310546875 -0.2320556640625 0.0549163818359375
-0.0482025146484375 -0.0692901611328125 -0.240768432617187 -0.0811309814453125
0.0469207763671875 -0.0797958374023438 -0.154800415039063 -0.240386962890625
0.0956344604492188 -0.0225677490234375 -0.038482666015625 -0.269073486328125
0.0780868530273438 0.0438156127929688 0.06671142578125 -0.247390747070313
0.121871948242188 0.151947021484375 -0.144012451171875 0.0219879150390625
0.181045532226563 0.0421142578125 -0.08154296875 0.157821655273438
0.153167724609375 -0.116729736328125 0.0489959716796875 0.1802978515625
-0.0072021484375 -0.165618896484375 0.101448059082031 0.119232177734375
-0.110321044921875 -0.0867385864257813 0.0995254516601563 0.0367050170898437
-0.127174377441406 0.0318527221679688 0.0533561706542969 -0.00209426879882812
-0.080047607421875 0.0764236450195312 0.00510311126708984 0.0101394653320313
-0.0714645385742187 0.0584030151367188 -0.0192642211914063 0.0570716857910156
-0.0776824951171875 0.0699081420898438 -0.0711593627929687 0.105735778808594
-0.106712341308594 0.04864501953125 -0.161880493164062 0.10614013671875
-0.116867065429688 -0.0292892456054687 -0.210922241210937 0.047271728515625
-0.068695068359375 -0.10662841796875 -0.221145629882813 -0.0792694091796875
0.0794906616210938 -0.117050170898438 -0.145248413085937 -0.225387573242188
0.152938842773438 -0.02020263671875 -0.028533935546875 -0.258224487304688
0.117500305175781 0.0830535888671875 0.0804901123046875 -0.22454833984375
0.144912719726563 0.169052124023438 -0.130386352539063 0.0556716918945313
0.204055786132813 0.0304107666015625 -0.0941314697265624 0.169204711914063
0.153915405273438 -0.135482788085938 0.03692626953125 0.2152099609375
-0.0184783935546875 -0.1729736328125 0.131072998046875 0.16162109375
-0.122467041015625 -0.084014892578125 0.153656005859375 0.0435791015625
-0.138626098632812 0.0401535034179688 0.100196838378906 -0.0305023193359375
-0.0887832641601563 0.0851821899414062 0.0312271118164062 -0.0320510864257812
-0.0849380493164062 0.0688934326171875 -0.00631713867187501 0.0153560638427734
-0.0957183837890625 0.0842819213867187 -0.0570945739746094 0.0673637390136719
-0.13360595703125 0.05279541015625 -0.137779235839844 0.076263427734375
-0.14276123046875 -0.0443878173828125 -0.176605224609375 0.028106689453125
-0.0747909545898438 -0.138137817382813 -0.18804931640625 -0.07745361328125
0.112037658691406 -0.13641357421875 -0.12445068359375 -0.20489501953125
0.189453125 -0.0076141357421875 -0.012939453125 -0.238494873046875
0.1357421875 0.112312316894531 0.101211547851562 -0.185714721679688
0.145706176757813 0.161834716796875 -0.110877990722656 0.101524353027344
0.188568115234375 0.019134521484375 -0.0894622802734375 0.197052001953125
0.130928039550781 -0.127059936523438 0.0526275634765625 0.245391845703125
-0.0235137939453125 -0.149063110351563 0.173309326171875 0.180755615234375
-0.112136840820313 -0.0674285888671875 0.199966430664063 0.03240966796875
-0.12579345703125 0.0414505004882813 0.137931823730469 -0.0648193359375
-0.0847702026367188 0.080291748046875 0.0535125732421875 -0.0753250122070313
-0.0858383178710938 0.0654296875 0.00802230834960937 -0.0281867980957031
-0.1033935546875 0.0831069946289062 -0.0370826721191406 0.02313232421875
-0.144088745117188 0.0434417724609375 -0.100875854492188 0.03857421875
-0.143829345703125 -0.0628509521484375 -0.127113342285156 0.010101318359375
-0.05706787109375 -0.153854370117187 -0.145416259765625 -0.0671844482421875
0.13836669921875 -0.122360229492188 -0.105422973632812 -0.176193237304688
0.19287109375 0.0186614990234375 0.00180053710937501 -0.218231201171875
0.126693725585938 0.125839233398438 0.123512268066406 -0.137672424316406
0.125556945800781 0.135902404785156 -0.089599609375 0.149124145507812
0.14715576171875 0.013519287109375 -0.06671142578125 0.229827880859375
0.0982818603515625 -0.0965652465820313 0.0845184326171875 0.257705688476563
-0.0169601440429688 -0.108650207519531 0.211929321289062 0.176467895507812
-0.083740234375 -0.0457229614257813 0.229782104492188 0.01287841796875
-0.0968475341796875 0.03692626953125 0.160110473632812 -0.09881591796875
-0.0677223205566406 0.06219482421875 0.068756103515625 -0.113334655761719
-0.0743331909179688 0.0527801513671875 0.01971435546875 -0.0681037902832031
-0.0945892333984375 0.066162109375 -0.0133056640625 -0.0185012817382812
-0.127304077148438 0.0220565795898438 -0.0557594299316406 0.00504684448242188
-0.11572265625 -0.0718002319335937 -0.0769577026367188 0.00297546386718749
-0.0231857299804687 -0.138099670410156 -0.110748291015625 -0.0450973510742188
0.138236999511719 -0.078125 -0.1014404296875 -0.151275634765625
0.158218383789063 0.0434112548828125 0.00659179687500002 -0.203628540039063
0.0944137573242188 0.117073059082031 0.137718200683594 -0.0864334106445312
0.0880584716796875 0.0936279296875 -0.068267822265625 0.191574096679688
0.0895156860351563 0.0135650634765625 -0.0363006591796875 0.253921508789062
0.0642318725585938 -0.055511474609375 0.117034912109375 0.252899169921875
-0.004364013671875 -0.0631980895996094 0.23876953125 0.156829833984375
-0.0489616394042969 -0.0243911743164062 0.24530029296875 -0.0081787109375
-0.0589408874511719 0.0247611999511719 0.1690673828125 -0.124359130859375
-0.0429267883300781 0.0347938537597656 0.075531005859375 -0.140838623046875
-0.0506591796875 0.0309410095214844 0.0293502807617188 -0.0978164672851563
-0.0690956115722656 0.0373077392578125 0.00997543334960937 -0.0508995056152344
-0.0857315063476563 0.00282287597656251 -0.0145092010498047 -0.0161666870117188
-0.0666999816894531 -0.0582427978515625 -0.0400047302246094 0.00620651245117188
0.00452423095703126 -0.0896530151367188 -0.0937957763671875 -0.0247268676757813
0.1019287109375 -0.0251235961914063 -0.107757568359375 -0.14178466796875
0.093017578125 0.0479278564453125 0.011505126953125 -0.200531005859375
0.0484848022460937 0.0830078125 0.146133422851563 -0.04180908203125
-0.0061798095703125 -0.0198307037353516 -0.168243408203125 0.0211639404296875
-0.0228290557861328 -0.0079193115234375 -0.033721923828125 0.195556640625
-0.0133047103881836 -0.0132770538330078 0.127334594726563 0.132400512695313
-0.0175714492797852 0.00814342498779297 0.104957580566406 0.0201950073242188
0.00478172302246094 0.0207653045654297 0.0195732116699219 -0.00516128540039062
0.0311756134033203 0.00617218017578125 -0.0234088897705078 0.0239601135253906
0.0222225189208984 -0.0134067535400391 -0.0324554443359375 0.06640625
0.0103616714477539 -0.0169286727905273 -0.0374069213867187 0.108482360839844
0.0143775939941406 -0.0154094696044922 -0.092041015625 0.143447875976563
0.0109691619873047 -0.0043182373046875 -0.1832275390625 0.117385864257813
0.00845623016357422 0.00640392303466797 -0.244979858398438 0.037994384765625
-0.000583171844482421 0.00749683380126953 -0.238082885742188 -0.106948852539062
-0.0213108062744141 0.00738525390625 -0.124313354492187 -0.267471313476563
-0.0433349609375 -0.0177764892578125 -0.0114593505859375 -0.267684936523438
-0.0274124145507813 -0.0535240173339844 0.069427490234375 -0.23638916015625
0.0415229797363281 0.0493850708007812 -0.164337158203125 0.00462341308593754
0.054229736328125 0.0201034545898438 -0.0471038818359375 0.182830810546875
0.0575332641601563 -0.0478286743164063 0.110809326171875 0.140853881835937
-0.0087890625 -0.0627326965332031 0.0989303588867188 0.0363845825195312
-0.0410346984863281 -0.0251426696777344 0.0276031494140625 0.00185585021972656
-0.0327663421630859 0.0148677825927734 -0.0178375244140625 0.024261474609375
-0.0174522399902344 0.0228538513183594 -0.0328330993652344 0.06549072265625
-0.0204544067382813 0.0118026733398438 -0.0353851318359375 0.107147216796875
-0.0191211700439453 0.0149879455566406 -0.0863037109375 0.143814086914063
-0.0300884246826172 0.0136489868164062 -0.179885864257812 0.125411987304687
-0.0338954925537109 -0.005615234375 -0.239532470703125 0.051910400390625
-0.0231475830078125 -0.0316047668457031 -0.243209838867188 -0.090087890625
0.0127105712890625 -0.0355110168457031 -0.145675659179688 -0.253341674804688
0.0270786285400391 -0.019287109375 -0.031982421875 -0.27142333984375
0.0258769989013672 -0.00345802307128906 0.06158447265625 -0.250839233398438
0.0859375 0.110519409179687 -0.15576171875 0.00349426269531251
0.126197814941406 0.0413055419921875 -0.0622711181640625 0.164306640625
0.11846923828125 -0.0823822021484375 0.079010009765625 0.152084350585938
-0.002899169921875 -0.125381469726563 0.0930938720703125 0.0707168579101562
-0.0798568725585938 -0.0651473999023438 0.0545310974121094 0.0192718505859375
-0.0881195068359375 0.0219650268554687 0.00922107696533203 0.0162019729614258
-0.0539169311523437 0.0546493530273438 -0.0186996459960938 0.0458564758300781
-0.0491294860839844 0.0387077331542969 -0.0289077758789062 0.0892715454101562
-0.0513153076171875 0.0457992553710938 -0.07867431640625 0.131622314453125
-0.06903076171875 0.0326347351074219 -0.172195434570313 0.124755859375
-0.0766830444335938 -0.0158920288085937 -0.228515625 0.0557861328125
-0.0482368469238281 -0.0683975219726563 -0.237411499023438 -0.0797882080078125
0.0457992553710937 -0.080596923828125 -0.153549194335938 -0.238876342773437
0.0939865112304687 -0.0223541259765625 -0.0397491455078125 -0.267135620117188
0.0777130126953125 0.0437393188476563 0.0646820068359375 -0.246246337890625
0.123092651367188 0.15130615234375 -0.143936157226563 0.0211029052734375
0.18109130859375 0.042938232421875 -0.0810089111328125 0.15594482421875
0.151473999023438 -0.115951538085938 0.0476837158203125 0.177963256835938
-0.00863647460937499 -0.164947509765625 0.101219177246094 0.118659973144531
-0.109992980957031 -0.0856094360351563 0.09869384765625 0.0376510620117187
-0.124496459960937 0.0311126708984375 0.0532455444335937 -0.001953125
-0.0786285400390625 0.0762176513671875 0.0046854019165039 0.0110502243041992
-0.0715408325195312 0.05908203125 -0.0181808471679687 0.0560302734375
-0.077362060546875 0.0698928833007813 -0.0689620971679687 0.105125427246094
-0.104179382324219 0.0486831665039062 -0.158538818359375 0.10833740234375
-0.115127563476563 -0.027374267578125 -0.208038330078125 0.047210693359375
-0.0687255859375 -0.105461120605469 -0.219146728515625 -0.0776519775390624
0.07843017578125 -0.117576599121094 -0.143936157226563 -0.224136352539063
0.15106201171875 -0.020843505859375 -0.029754638671875 -0.256301879882813
0.116432189941406 0.0840835571289063 0.0779571533203125 -0.223495483398438
0.144744873046875 0.168121337890625 -0.129646301269531 0.0550460815429687
0.202285766601563 0.031158447265625 -0.094085693359375 0.16741943359375
0.1517333984375 -0.135238647460938 0.035552978515625 0.213165283203125
-0.019073486328125 -0.171859741210938 0.130950927734375 0.160430908203125
-0.121170043945312 -0.0831069946289063 0.151580810546875 0.0433197021484375
-0.136154174804688 0.0389862060546875 0.0980453491210937 -0.0311737060546875
-0.0868988037109375 0.0845718383789062 0.0303211212158203 -0.0312690734863281
-0.0848846435546875 0.0691299438476563 -0.00550174713134766 0.0149383544921875
-0.0957870483398438 0.0846099853515625 -0.0549964904785156 0.0675086975097656
-0.131065368652344 0.0535125732421875 -0.134849548339844 0.0794219970703125
-0.141571044921875 -0.0428466796875 -0.173187255859375 0.0283966064453125
-0.0746612548828125 -0.137428283691406 -0.185501098632813 -0.0764007568359375
0.111846923828125 -0.136795043945313 -0.123565673828125 -0.202835083007813
0.187469482421875 -0.007720947265625 -0.0145721435546875 -0.236526489257813
0.134567260742188 0.112663269042969 0.0985870361328125 -0.185821533203125
0.14556884765625 0.160659790039063 -0.111541748046875 0.0998764038085938
0.187347412109375 0.0193023681640625 -0.0885009765625 0.196136474609375
0.12847900390625 -0.126495361328125 0.051849365234375 0.2431640625
-0.0236968994140625 -0.148605346679687 0.1715087890625 0.179351806640625
-0.110527038574219 -0.0659408569335937 0.197723388671875 0.0327301025390625
-0.122772216796875 0.0412216186523438 0.135765075683594 -0.064971923828125
-0.0823135375976563 0.0795059204101563 0.0517044067382812 -0.0744781494140625
-0.0855178833007813 0.0664749145507812 0.00681304931640624 -0.0283241271972656
-0.102851867675781 0.0832138061523438 -0.037384033203125 0.0243988037109375
-0.141387939453125 0.0438232421875 -0.09893798828125 0.0414657592773438
-0.143295288085938 -0.0614471435546875 -0.126319885253906 0.010345458984375
-0.0578765869140625 -0.152801513671875 -0.143783569335937 -0.0672149658203125
0.137802124023438 -0.123008728027344 -0.10467529296875 -0.174575805664063
0.191909790039063 0.0180816650390625 -0.000137329101562491 -0.215499877929688
0.12554931640625 0.127265930175781 0.120155334472656 -0.136459350585938
0.125633239746094 0.133529663085938 -0.08966064453125 0.148284912109375
0.14501953125 0.0139617919921875 -0.067047119140625 0.228668212890625
0.0955734252929688 -0.0962905883789063 0.083099365234375 0.255966186523438
-0.01739501953125 -0.107444763183594 0.211105346679688 0.174636840820313
-0.0829544067382812 -0.0446319580078125 0.22705078125 0.0134735107421875
-0.0939865112304688 0.0359344482421875 0.157379150390625 -0.098052978515625
-0.0662765502929687 0.061676025390625 0.0663833618164063 -0.111427307128906
-0.073699951171875 0.053680419921875 0.0184669494628906 -0.0669326782226563
-0.0948562622070313 0.066375732421875 -0.0142269134521484 -0.0185317993164063
-0.127822875976563 0.0238723754882813 -0.0550155639648438 0.0079345703125
-0.115615844726563 -0.0699081420898437 -0.0751266479492188 0.00189208984374998
-0.0244522094726562 -0.136955261230469 -0.108146667480469 -0.0459976196289063
0.138671875 -0.0789871215820313 -0.10040283203125 -0.148223876953125
0.157318115234375 0.042327880859375 0.00460815429687501 -0.201126098632813
0.0929946899414063 0.118499755859375 0.136116027832031 -0.08551025390625
0.0887603759765625 0.0926513671875 -0.0685882568359375 0.19073486328125
0.0879058837890625 0.0149765014648438 -0.0356597900390625 0.2525634765625
0.0637130737304688 -0.0549087524414062 0.115921020507812 0.250823974609375
-0.00405502319335937 -0.0632362365722656 0.238067626953125 0.155364990234375
-0.0475273132324219 -0.0238265991210937 0.242034912109375 -0.007965087890625
-0.0571975708007813 0.023590087890625 0.165847778320313 -0.122528076171875
-0.0418815612792969 0.0345535278320312 0.0735244750976562 -0.138992309570313
-0.0512504577636719 0.031585693359375 0.0284423828125 -0.0963287353515625
-0.0689315795898437 0.0372467041015625 0.0077667236328125 -0.0492515563964844
-0.084808349609375 0.0029296875 -0.013615608215332 -0.0153284072875977
-0.0665435791015625 -0.0574417114257813 -0.0378646850585938 0.00545120239257812
0.00414276123046876 -0.089080810546875 -0.0916290283203125 -0.0234375
0.102401733398438 -0.0258102416992188 -0.106842041015625 -0.139366149902344
0.092803955078125 0.0490493774414063 0.00842285156250002 -0.19805908203125
0.0473403930664063 0.0838088989257812 0.14410400390625 -0.04010009765625
-0.00525665283203125 -0.0215721130371094 -0.17327880859375 0.0189361572265625
-0.0218315124511719 -0.00794601440429688 -0.0358123779296875 0.197174072265625
-0.0151453018188477 -0.0137557983398437 0.128326416015625 0.133514404296875
-0.019866943359375 0.00860023498535156 0.105438232421875 0.020111083984375
0.00587844848632812 0.0213737487792969 0.0193214416503906 -0.0036163330078125
0.0331401824951172 0.00510978698730469 -0.0237636566162109 0.0251255035400391
0.0233650207519531 -0.0143547058105469 -0.0337142944335938 0.0682029724121094
0.0100526809692383 -0.0170259475708008 -0.0366058349609375 0.108390808105469
0.014094352722168 -0.0150966644287109 -0.0899505615234375 0.145004272460938
0.0122509002685547 -0.00515556335449219 -0.184371948242187 0.11981201171875
0.00964260101318359 0.00736904144287109 -0.249420166015625 0.038177490234375
-0.00207090377807617 0.00738382339477539 -0.240447998046875 -0.110916137695313
-0.0228366851806641 0.00756454467773438 -0.125137329101563 -0.2740478515625
-0.0440330505371094 -0.01885986328125 -0.011138916015625 -0.273773193359375
-0.0274276733398437 -0.0548057556152344 0.0712738037109375 -0.242324829101562
0.04327392578125 0.0503883361816406 -0.169647216796875 0.00167846679687502
0.0562858581542969 0.0219268798828125 -0.0483551025390625 0.185836791992188
0.0585441589355469 -0.0492630004882813 0.111068725585938 0.14288330078125
-0.00991439819335938 -0.0626373291015625 0.10009765625 0.0361709594726562
-0.04132080078125 -0.02679443359375 0.0274868011474609 0.00284194946289062
-0.0315647125244141 0.0139274597167969 -0.0177898406982422 0.0254116058349609
-0.0178794860839844 0.0238723754882812 -0.0340576171875 0.065887451171875
-0.0213146209716797 0.0120525360107422 -0.0363388061523438 0.107093811035156
-0.0207614898681641 0.0152683258056641 -0.087066650390625 0.145492553710938
-0.0305862426757812 0.0135459899902344 -0.181915283203125 0.129074096679688
-0.0338096618652344 -0.00538253784179688 -0.244216918945313 0.05157470703125
-0.0242481231689453 -0.0320281982421875 -0.246109008789062 -0.0933074951171875
0.0131492614746094 -0.0378913879394531 -0.146240234375 -0.258743286132813
0.0268383026123047 -0.020294189453125 -0.032867431640625 -0.278213500976563
0.0269622802734375 -0.00260162353515625 0.06341552734375 -0.256301879882813
0.08843994140625 0.113853454589844 -0.159988403320313 0.00227355957031249
0.130599975585938 0.0442428588867188 -0.0648193359375 0.166183471679687
0.12188720703125 -0.084136962890625 0.0784149169921875 0.155044555664063
-0.00321197509765624 -0.128326416015625 0.0937957763671875 0.0722274780273437
-0.0821151733398437 -0.067291259765625 0.0554275512695312 0.0215415954589844
-0.0894393920898438 0.0210723876953125 0.00963211059570312 0.0169219970703125
-0.0547599792480469 0.0555076599121094 -0.0199966430664063 0.0464744567871094
-0.0506057739257812 0.0393791198730469 -0.028656005859375 0.0892257690429688
-0.0536003112792969 0.0459785461425781 -0.0790023803710937 0.133102416992188
-0.0703811645507813 0.0333633422851563 -0.173370361328125 0.128311157226562
-0.077056884765625 -0.0158233642578125 -0.232452392578125 0.056365966796875
-0.0495529174804687 -0.0699958801269531 -0.241226196289062 -0.0830841064453125
0.0472259521484375 -0.0826797485351563 -0.155426025390625 -0.2445068359375
0.095794677734375 -0.0236358642578125 -0.0405731201171875 -0.272994995117188
0.0793533325195313 0.04638671875 0.0662994384765625 -0.252685546875
0.126602172851563 0.155197143554688 -0.147811889648438 0.0204010009765625
0.184341430664063 0.045867919921875 -0.0834197998046875 0.1568603515625
0.155471801757813 -0.119476318359375 0.04644775390625 0.1810302734375
-0.00857543945312499 -0.168869018554688 0.103286743164063 0.120986938476563
-0.111915588378906 -0.0877456665039062 0.100967407226562 0.0389862060546875
-0.126609802246094 0.0307464599609375 0.053497314453125 -0.00165557861328125
-0.078948974609375 0.0765762329101563 0.00408840179443359 0.0110530853271484
-0.0742034912109375 0.0598678588867188 -0.018829345703125 0.0564918518066406
-0.0796890258789063 0.0711822509765625 -0.0699920654296875 0.10614013671875
-0.106315612792969 0.0487213134765625 -0.16009521484375 0.111221313476563
-0.117233276367188 -0.0279083251953125 -0.211929321289062 0.0478515625
-0.0710906982421875 -0.106590270996094 -0.223739624023437 -0.080841064453125
0.08062744140625 -0.121566772460938 -0.146087646484375 -0.22998046875
0.153945922851563 -0.0213775634765625 -0.03143310546875 -0.261398315429688
0.118194580078125 0.0865631103515625 0.0805816650390625 -0.227859497070313
0.1483154296875 0.170608520507813 -0.134254455566406 0.0559234619140625
0.20623779296875 0.0341949462890625 -0.095611572265625 0.169845581054688
0.155105590820313 -0.137542724609375 0.03460693359375 0.217788696289062
-0.0206298828125 -0.176300048828125 0.133163452148438 0.164642333984375
-0.123916625976563 -0.08587646484375 0.154830932617188 0.0460205078125
-0.137527465820313 0.0383453369140625 0.0994949340820312 -0.0322036743164063
-0.08758544921875 0.0854110717773438 0.0300979614257812 -0.0319595336914062
-0.0870513916015625 0.0712738037109375 -0.0068492889404297 0.0147390365600586
-0.09906005859375 0.0855484008789062 -0.0557594299316406 0.0696029663085938
-0.133369445800781 0.0541000366210938 -0.136947631835938 0.0830001831054688
-0.144500732421875 -0.0433349609375 -0.176788330078125 0.0283355712890625
-0.0768508911132812 -0.140205383300781 -0.188278198242188 -0.080108642578125
0.115310668945313 -0.140838623046875 -0.124160766601563 -0.2071533203125
0.192169189453125 -0.007537841796875 -0.014373779296875 -0.24078369140625
0.137161254882813 0.118461608886719 0.100051879882813 -0.188934326171875
0.149002075195313 0.16436767578125 -0.114128112792969 0.101936340332031
0.19091796875 0.02154541015625 -0.0911712646484375 0.199722290039063
0.130538940429688 -0.128166198730469 0.049346923828125 0.249481201171875
-0.025146484375 -0.151123046875 0.175735473632813 0.184051513671875
-0.112007141113281 -0.06781005859375 0.202163696289063 0.0352935791015625
-0.124313354492188 0.0413665771484375 0.1365966796875 -0.0661773681640625
-0.0834579467773437 0.0799942016601563 0.0522003173828125 -0.0753097534179688
-0.0875930786132813 0.0682830810546875 0.00738906860351562 -0.0286426544189453
-0.10577392578125 0.085968017578125 -0.0379104614257813 0.0254669189453125
-0.14471435546875 0.04449462890625 -0.0989303588867188 0.0447845458984375
-0.146530151367188 -0.0630950927734375 -0.128486633300781 0.010467529296875
-0.0583343505859375 -0.156524658203125 -0.145828247070313 -0.069427490234375
0.1419677734375 -0.127334594726563 -0.10479736328125 -0.176849365234375
0.196975708007813 0.018310546875 -0.001983642578125 -0.219940185546875
0.127220153808594 0.133171081542969 0.122596740722656 -0.138404846191406
0.12841796875 0.137535095214844 -0.0928497314453125 0.151214599609375
0.147201538085938 0.016143798828125 -0.0685577392578125 0.232894897460938
0.097991943359375 -0.096527099609375 0.0828857421875 0.261993408203125
-0.0181045532226563 -0.109939575195313 0.214279174804688 0.178726196289063
-0.0843582153320313 -0.0445022583007813 0.23126220703125 0.015289306640625
-0.0948028564453125 0.0359573364257812 0.159683227539063 -0.0981292724609375
-0.0668373107910156 0.0617637634277344 0.0672225952148438 -0.112136840820313
-0.076202392578125 0.0553512573242188 0.0176963806152344 -0.0682563781738281
-0.09844970703125 0.0681076049804687 -0.0142765045166016 -0.0176944732666016
-0.129867553710938 0.0242919921875 -0.0551986694335938 0.00938034057617188
-0.117263793945312 -0.0721282958984375 -0.0766830444335938 0.00177764892578125
-0.0247955322265625 -0.141571044921875 -0.110130310058594 -0.04815673828125
0.142974853515625 -0.082244873046875 -0.102310180664062 -0.1507568359375
0.16070556640625 0.04498291015625 0.00320434570312499 -0.204315185546875
0.0939788818359375 0.123870849609375 0.137596130371094 -0.087188720703125
0.0913848876953125 0.0933456420898438 -0.07220458984375 0.195953369140625
0.0903854370117187 0.0164108276367187 -0.036956787109375 0.258056640625
0.0642051696777344 -0.0556678771972656 0.116165161132813 0.257781982421875
-0.00522994995117188 -0.0647697448730469 0.2425537109375 0.160202026367188
-0.0478553771972656 -0.0246162414550781 0.246871948242187 -0.00628662109375
-0.0570068359375 0.0227088928222656 0.168075561523438 -0.123947143554687
-0.0416793823242187 0.0347175598144531 0.0744094848632812 -0.140342712402344
-0.0532379150390625 0.032745361328125 0.0269546508789062 -0.0965118408203125
-0.071319580078125 0.0392913818359375 0.00825881958007812 -0.0507011413574219
-0.0869827270507813 0.00272369384765624 -0.0134687423706055 -0.0152597427368164
-0.0687446594238281 -0.0584602355957031 -0.0390968322753906 0.00367355346679688
0.00440216064453124 -0.0913314819335938 -0.0923233032226562 -0.0246429443359375
0.105659484863281 -0.0277175903320313 -0.108993530273438 -0.141571044921875
0.094696044921875 0.0511093139648438 0.00706481933593753 -0.2003173828125
0.0465774536132813 0.0879898071289063 0.147048950195312 -0.039794921875
-0.00432205200195312 -0.0236778259277344 -0.18267822265625 0.02008056640625
-0.0234870910644531 -0.00872993469238281 -0.0347137451171875 0.206085205078125
-0.0162162780761719 -0.0146446228027344 0.135185241699219 0.136932373046875
-0.0217819213867188 0.0107784271240234 0.109397888183594 0.0190277099609375
0.00640106201171875 0.0226154327392578 0.0205478668212891 -0.00314903259277344
0.0349025726318359 0.00305557250976563 -0.0239734649658203 0.027801513671875
0.0239830017089844 -0.0154495239257813 -0.034088134765625 0.0717620849609375
0.00984954833984375 -0.0175838470458984 -0.0362625122070313 0.112403869628906
0.0125093460083008 -0.0162782669067383 -0.091033935546875 0.152023315429687
0.0124855041503906 -0.00571346282958984 -0.188751220703125 0.128067016601563
0.00975704193115234 0.00728034973144531 -0.258697509765625 0.043853759765625
-0.00206661224365234 0.00748825073242188 -0.253280639648438 -0.11224365234375
-0.0245399475097656 0.00800704956054687 -0.13519287109375 -0.284759521484375
-0.0465507507324219 -0.018402099609375 -0.015106201171875 -0.28729248046875
-0.0289192199707031 -0.057861328125 0.0711822509765625 -0.2550048828125
0.0473594665527344 0.051971435546875 -0.178604125976562 0.00265502929687497
0.0597953796386719 0.0223159790039063 -0.04864501953125 0.192459106445313
0.0610580444335937 -0.0528335571289062 0.11859130859375 0.14703369140625
-0.01214599609375 -0.0661888122558594 0.103561401367188 0.03662109375
-0.0440521240234375 -0.0268592834472656 0.0293846130371094 0.00428962707519531
-0.0329208374023438 0.0134868621826172 -0.0184898376464844 0.0267906188964844
-0.0175971984863281 0.0243206024169922 -0.0345726013183594 0.0696372985839844
-0.0227718353271484 0.0146713256835938 -0.0342788696289063 0.111396789550781
-0.0217075347900391 0.0169811248779297 -0.086395263671875 0.15252685546875
-0.0306358337402344 0.0138759613037109 -0.184661865234375 0.137924194335938
-0.0352935791015625 -0.005401611328125 -0.25335693359375 0.0581512451171875
-0.0262432098388672 -0.0326786041259766 -0.2589111328125 -0.09454345703125
0.0127143859863281 -0.0400390625 -0.158279418945313 -0.270065307617188
0.0274581909179688 -0.0214500427246094 -0.0391845703125 -0.2900390625
0.0282649993896484 -0.00395393371582031 0.06207275390625 -0.269439697265625
0.095855712890625 0.118392944335938 -0.168075561523437 0.00228881835937498
0.1373291015625 0.0443878173828125 -0.0651092529296875 0.173416137695312
0.12640380859375 -0.0898971557617188 0.0838470458984375 0.159622192382812
-0.0063323974609375 -0.134239196777344 0.0982589721679687 0.0738067626953125
-0.0871810913085938 -0.069305419921875 0.0590057373046875 0.0223960876464844
-0.09283447265625 0.0227203369140625 0.00988197326660156 0.0181331634521484
-0.0554771423339844 0.0578575134277344 -0.020538330078125 0.049713134765625
-0.0528335571289063 0.043121337890625 -0.0281143188476563 0.0919647216796875
-0.0556144714355469 0.0492897033691406 -0.0789718627929688 0.139724731445313
-0.072296142578125 0.035552978515625 -0.176544189453125 0.13720703125
-0.0810928344726562 -0.0149078369140625 -0.24139404296875 0.0634307861328125
-0.0535507202148437 -0.0720901489257813 -0.253585815429688 -0.0849151611328125
0.0471343994140625 -0.0880355834960938 -0.166213989257813 -0.253082275390625
0.0983810424804688 -0.0252609252929688 -0.047210693359375 -0.28546142578125
0.083099365234375 0.0477828979492188 0.0651092529296875 -0.265106201171875
0.1346435546875 0.1605224609375 -0.155227661132813 0.02252197265625
0.194732666015625 0.0455169677734375 -0.0848388671875 0.164047241210937
0.16107177734375 -0.126876831054688 0.050140380859375 0.188323974609375
-0.0126190185546875 -0.176971435546875 0.108123779296875 0.124923706054687
-0.11871337890625 -0.0904312133789063 0.10699462890625 0.0411911010742187
-0.131950378417969 0.0328292846679687 0.0547637939453125 -0.00224685668945312
-0.080169677734375 0.0805206298828125 0.00371837615966796 0.0119447708129883
-0.0767059326171875 0.0652999877929688 -0.0180854797363281 0.0581436157226563
-0.0830535888671875 0.0761566162109375 -0.0701751708984375 0.11212158203125
-0.108932495117188 0.0526123046875 -0.162567138671875 0.120697021484375
-0.122611999511719 -0.0260391235351562 -0.220138549804688 0.05450439453125
-0.0760498046875 -0.111419677734375 -0.234786987304688 -0.0833587646484375
0.0814895629882813 -0.129081726074219 -0.156845092773437 -0.238250732421875
0.159225463867188 -0.0241546630859375 -0.0379638671875 -0.272354125976563
0.125068664550781 0.09100341796875 0.0792999267578125 -0.238494873046875
0.15814208984375 0.178298950195313 -0.1396484375 0.058868408203125
0.21697998046875 0.03375244140625 -0.0982666015625 0.178482055664062
0.160415649414063 -0.1451416015625 0.037933349609375 0.227401733398437
-0.0242767333984375 -0.184188842773438 0.140548706054688 0.170394897460938
-0.13037109375 -0.08734130859375 0.163345336914063 0.0464324951171875
-0.142562866210938 0.0413970947265625 0.103164672851562 -0.0341949462890625
-0.0897293090820313 0.0891494750976563 0.029541015625 -0.0336723327636719
-0.090057373046875 0.0761184692382812 -0.00685977935791016 0.0151290893554688
-0.102470397949219 0.0927810668945313 -0.056854248046875 0.0724411010742188
-0.137603759765625 0.058837890625 -0.138427734375 0.0895843505859375
-0.151107788085938 -0.043121337890625 -0.184326171875 0.0328521728515625
-0.083343505859375 -0.146209716796875 -0.198455810546875 -0.0824127197265626
0.1175537109375 -0.15093994140625 -0.132476806640625 -0.214828491210938
0.199661254882813 -0.0102691650390625 -0.020904541015625 -0.252029418945313
0.142974853515625 0.124343872070313 0.101806640625 -0.197463989257813
0.158767700195313 0.16925048828125 -0.1192626953125 0.106430053710938
0.199722290039062 0.02130126953125 -0.0940093994140625 0.2100830078125
0.134246826171875 -0.135444641113281 0.054931640625 0.259109497070313
-0.0287322998046875 -0.157821655273438 0.186431884765625 0.190597534179688
-0.117950439453125 -0.0692367553710938 0.211151123046875 0.034881591796875
-0.128822326660156 0.0432586669921875 0.1417236328125 -0.0702972412109375
-0.084625244140625 0.0834808349609375 0.0520706176757812 -0.078948974609375
-0.0908355712890625 0.074066162109375 0.0048980712890625 -0.0290164947509766
-0.1102294921875 0.0912933349609375 -0.0381088256835938 0.0276412963867188
-0.150039672851563 0.0489501953125 -0.100608825683594 0.0493621826171875
-0.154251098632812 -0.06292724609375 -0.133201599121094 0.01165771484375
-0.0656585693359375 -0.163681030273438 -0.151748657226563 -0.0718841552734375
0.146713256835938 -0.13677978515625 -0.11334228515625 -0.183624267578125
0.205886840820313 0.0180816650390625 -0.00700378417968749 -0.228469848632812
0.134117126464844 0.139595031738281 0.124969482421875 -0.145004272460938
0.1370849609375 0.14068603515625 -0.0966033935546875 0.159072875976563
0.15533447265625 0.0162811279296875 -0.069183349609375 0.243728637695313
0.100433349609375 -0.1016845703125 0.0888824462890625 0.272186279296875
-0.020904541015625 -0.115936279296875 0.227783203125 0.184112548828125
-0.0881805419921875 -0.045654296875 0.241897583007813 0.01312255859375
-0.0977554321289062 0.0368728637695313 0.164276123046875 -0.104751586914063
-0.0686798095703125 0.0638809204101563 0.0664215087890625 -0.117744445800781
-0.0793380737304688 0.0597763061523437 0.0167999267578125 -0.0702629089355469
-0.101188659667969 0.073944091796875 -0.0148811340332031 -0.0171670913696289
-0.13470458984375 0.02685546875 -0.0549049377441406 0.0121383666992187
-0.12554931640625 -0.0726165771484375 -0.0794677734375 0.00225067138671876
-0.028472900390625 -0.148452758789063 -0.114463806152344 -0.049041748046875
0.148849487304688 -0.089599609375 -0.10919189453125 -0.15576171875
0.169403076171875 0.046173095703125 -0.000869750976562473 -0.210708618164063
0.0980072021484375 0.131088256835938 0.141830444335938 -0.0911102294921875
0.0970916748046875 0.0968475341796875 -0.073333740234375 0.206207275390625
0.094207763671875 0.01678466796875 -0.0359039306640625 0.271652221679688
0.0658416748046875 -0.0580329895019531 0.123825073242187 0.26739501953125
-0.00744247436523438 -0.0685310363769531 0.255599975585938 0.163589477539063
-0.0489540100097656 -0.0245552062988281 0.255889892578125 -0.009979248046875
-0.0587234497070313 0.0240631103515625 0.172286987304688 -0.131591796875
-0.0433349609375 0.0357742309570312 0.0738983154296875 -0.146530151367188
-0.0557899475097656 0.0360870361328125 0.0251922607421875 -0.100128173828125
-0.0749893188476562 0.0423965454101563 0.00676727294921875 -0.0512847900390625
-0.0916976928710938 0.00443267822265625 -0.0124502182006836 -0.014653205871582
-0.0725860595703125 -0.0600662231445312 -0.0393600463867188 0.00434494018554686
0.00302886962890625 -0.096099853515625 -0.0957183837890625 -0.0245208740234375
0.111167907714844 -0.032318115234375 -0.116455078125 -0.144363403320313
0.0993499755859375 0.05218505859375 0.00314331054687502 -0.20648193359375
0.0494308471679687 0.0933761596679688 0.152801513671875 -0.04217529296875
-0.00497055053710938 -0.026458740234375 -0.191314697265625 0.028656005859375
-0.0241546630859375 -0.00935745239257812 -0.028656005859375 0.216888427734375
-0.0183601379394531 -0.0143947601318359 0.14593505859375 0.135848999023438
-0.0226516723632813 0.0138397216796875 0.114707946777344 0.0147628784179687
0.00753211975097656 0.0238418579101563 0.0225276947021484 -0.00252532958984375
0.0366363525390625 0.0003662109375 -0.0234127044677734 0.0316753387451172
0.0246753692626953 -0.0188083648681641 -0.0324554443359375 0.0775680541992188
0.00945091247558593 -0.0181541442871094 -0.03240966796875 0.11749267578125
0.0127315521240234 -0.0173044204711914 -0.086944580078125 0.160751342773438
0.0124397277832031 -0.00704288482666016 -0.1893310546875 0.142410278320313
0.0116500854492188 0.00779342651367187 -0.26763916015625 0.0574493408203124
-0.00265932083129883 0.00843048095703125 -0.26959228515625 -0.106475830078125
-0.0261039733886719 0.00863075256347657 -0.15399169921875 -0.2913818359375
-0.0496253967285156 -0.01715087890625 -0.029449462890625 -0.2991943359375
-0.0322761535644531 -0.0605049133300781 0.0626068115234375 -0.270553588867188
0.0537071228027344 0.0513496398925781 -0.1876220703125 0.00802612304687497
0.0653038024902344 0.0206298828125 -0.0434112548828125 0.203048706054688
0.0610923767089844 -0.0583343505859375 0.12847900390625 0.147232055664062
-0.0171241760253906 -0.0690040588378906 0.109443664550781 0.0329437255859375
-0.0477066040039063 -0.0259170532226562 0.0310020446777344 0.00384902954101562
-0.0340118408203125 0.015106201171875 -0.018819808959961 0.0307655334472656
-0.0174617767333984 0.0249977111816406 -0.0326919555664062 0.0760879516601563
-0.0228786468505859 0.0165252685546875 -0.030731201171875 0.115867614746094
-0.0239830017089844 0.0190563201904297 -0.081207275390625 0.161880493164063
-0.0316810607910156 0.0157222747802734 -0.184967041015625 0.15228271484375
-0.0368804931640625 -0.00389480590820312 -0.260818481445313 0.07354736328125
-0.0296287536621094 -0.0338535308837891 -0.275497436523438 -0.0877990722656249
0.0104560852050781 -0.0427742004394531 -0.177658081054687 -0.275115966796875
0.0274009704589844 -0.0229568481445313 -0.054931640625 -0.30267333984375
0.0293197631835938 -0.00566864013671875 0.053680419921875 -0.28631591796875
0.106094360351563 0.1187744140625 -0.177536010742188 0.00805664062499999
0.147018432617188 0.0416259765625 -0.060760498046875 0.183197021484375
0.128997802734375 -0.100051879882813 0.093048095703125 0.163436889648438
-0.013153076171875 -0.13946533203125 0.105056762695313 0.0728530883789062
-0.0952301025390625 -0.0689773559570313 0.0630416870117188 0.0222816467285156
-0.0961685180664063 0.02655029296875 0.0110282897949219 0.0197429656982422
-0.0551605224609375 0.0613327026367188 -0.0194664001464844 0.0537109375
-0.0534133911132813 0.0482368469238281 -0.0246353149414062 0.096435546875
-0.0566749572753906 0.0552520751953125 -0.07537841796875 0.147689819335937
-0.073638916015625 0.0392227172851563 -0.175994873046875 0.151763916015625
-0.0856170654296875 -0.01190185546875 -0.248382568359375 0.07781982421875
-0.0602188110351563 -0.0733108520507813 -0.269638061523438 -0.0777740478515626
0.0444107055664063 -0.0946578979492188 -0.18499755859375 -0.257583618164063
0.101875305175781 -0.03076171875 -0.06298828125 -0.296234130859375
0.0892333984375 0.0467147827148438 0.0569000244140625 -0.280364990234375
0.14886474609375 0.16180419921875 -0.162460327148438 0.0289764404296875
0.206634521484375 0.0402069091796875 -0.0820159912109375 0.174728393554687
0.16357421875 -0.140350341796875 0.05902099609375 0.194534301757812
-0.021697998046875 -0.18438720703125 0.118118286132813 0.126304626464844
-0.128692626953125 -0.08929443359375 0.114707946777344 0.0389862060546875
-0.135848999023438 0.0381317138671875 0.0563392639160156 -0.00463104248046875
-0.0805206298828125 0.0861587524414063 0.00338363647460937 0.0132217407226563
-0.076995849609375 0.0714492797851563 -0.0166091918945313 0.0605964660644531
-0.0839385986328125 0.0843353271484375 -0.066864013671875 0.119590759277344
-0.111007690429687 0.0596923828125 -0.161483764648438 0.1341552734375
-0.129325866699219 -0.0214309692382813 -0.226593017578125 0.0669250488281251
-0.0853805541992187 -0.113250732421875 -0.249618530273438 -0.0775604248046875
0.077972412109375 -0.140113830566406 -0.174240112304688 -0.242385864257813
0.16510009765625 -0.0320587158203125 -0.052215576171875 -0.28289794921875
0.133926391601562 0.0914154052734375 0.072845458984375 -0.25421142578125
0.173049926757813 0.177825927734375 -0.145050048828125 0.067169189453125
0.228790283203125 0.02569580078125 -0.095947265625 0.189834594726563
0.1622314453125 -0.159469604492188 0.047607421875 0.236312866210938
-0.035552978515625 -0.190933227539063 0.153961181640625 0.1728515625
-0.140884399414063 -0.0859375 0.173171997070313 0.0423126220703125
-0.1466064453125 0.048797607421875 0.104942321777344 -0.0396652221679688
-0.0904693603515625 0.0944976806640625 0.0283126831054687 -0.0358734130859375
-0.0905532836914063 0.083770751953125 -0.00662994384765626 0.0158863067626953
-0.103233337402344 0.101715087890625 -0.055694580078125 0.078765869140625
-0.140823364257813 0.06756591796875 -0.137870788574219 0.101997375488281
-0.161041259765625 -0.0374298095703125 -0.189743041992188 0.0434722900390625
-0.0941009521484375 -0.149276733398438 -0.211929321289063 -0.0784759521484375
0.115676879882813 -0.164077758789063 -0.148788452148438 -0.219009399414063
0.20855712890625 -0.0190582275390625 -0.0332794189453125 -0.26104736328125
0.154983520507813 0.125244140625 0.09820556640625 -0.211257934570313
0.172454833984375 0.170944213867188 -0.12109375 0.116828918457031
0.2103271484375 0.0148162841796875 -0.0891876220703125 0.221725463867188
0.135055541992187 -0.146194458007812 0.0679931640625 0.269882202148438
-0.0381927490234375 -0.164932250976563 0.202835083007813 0.190475463867188
-0.1258544921875 -0.0668716430664063 0.22381591796875 0.0280914306640625
-0.132102966308594 0.0494537353515625 0.14337158203125 -0.080108642578125
-0.0847396850585937 0.0887222290039063 0.0495529174804688 -0.0844879150390625
-0.0918350219726563 0.0825958251953125 0.003448486328125 -0.0297374725341797
-0.111236572265625 0.102218627929687 -0.0381736755371094 0.0302276611328125
-0.153839111328125 0.0583648681640625 -0.101226806640625 0.0577545166015625
-0.164291381835938 -0.05853271484375 -0.137657165527344 0.018280029296875
-0.075714111328125 -0.169403076171875 -0.163116455078125 -0.0692138671875
0.148025512695312 -0.150787353515625 -0.12652587890625 -0.186599731445313
0.2154541015625 0.0103759765625 -0.0178375244140625 -0.236373901367188
0.145492553710938 0.1436767578125 0.123016357421875 -0.157135009765625
0.150360107421875 0.140106201171875 -0.095672607421875 0.170516967773438
0.162612915039063 0.0106353759765625 -0.0616912841796875 0.258148193359375
0.100448608398438 -0.110252380371094 0.103759765625 0.281646728515625
-0.0278472900390625 -0.119224548339844 0.245407104492188 0.183380126953125
-0.09295654296875 -0.0438003540039062 0.25360107421875 0.0041351318359375
-0.100608825683594 0.04266357421875 0.1649169921875 -0.116119384765625
-0.0689926147460938 0.0675811767578125 0.0638427734375 -0.12469482421875
-0.0800323486328125 0.06707763671875 0.013275146484375 -0.07305908203125
-0.103118896484375 0.0827178955078125 -0.0159826278686524 -0.0167007446289062
-0.14080810546875 0.0347747802734375 -0.0561180114746094 0.0158843994140625
-0.134056091308594 -0.0706558227539062 -0.0818252563476563 0.00614929199218749
-0.0364532470703125 -0.153762817382813 -0.121849060058594 -0.0469970703125
0.152984619140625 -0.102279663085938 -0.12158203125 -0.15673828125
0.178909301757813 0.040618896484375 -0.011627197265625 -0.2193603515625
0.107917785644531 0.135536193847656 0.144882202148437 -0.1005859375
0.106498718261719 0.0957260131835938 -0.0701141357421875 0.21868896484375
0.098846435546875 0.0155563354492188 -0.0262451171875 0.28558349609375
0.0659751892089844 -0.062957763671875 0.140579223632812 0.274276733398438
-0.0115623474121094 -0.0699501037597656 0.273971557617188 0.15924072265625
-0.0515632629394531 -0.0238723754882813 0.267059326171875 -0.021881103515625
-0.0600128173828125 0.026031494140625 0.173080444335938 -0.144607543945312
-0.0440406799316406 0.0379257202148438 0.0693359375 -0.155181884765625
-0.0563430786132813 0.0396881103515625 0.0214080810546875 -0.104347229003906
-0.0766754150390625 0.0490493774414062 0.00477218627929687 -0.0532493591308594
-0.0968780517578125 0.00850677490234377 -0.012455940246582 -0.014155387878418
-0.0778579711914062 -0.0593948364257813 -0.0394821166992188 0.00589752197265625
-0.001190185546875 -0.101470947265625 -0.100738525390625 -0.0224609375
0.115135192871094 -0.0398406982421875 -0.12860107421875 -0.144363403320312
0.106712341308594 0.0521240234375 -0.00735473632812499 -0.2139892578125
0.0559234619140625 0.0984649658203125 0.158035278320312 -0.048858642578125
-0.00634002685546875 -0.0291767120361328 -0.197525024414063 0.0402984619140625
-0.0244617462158203 -0.00968551635742187 -0.0152587890625 0.223541259765625
-0.0197257995605469 -0.0146579742431641 0.155685424804688 0.13006591796875
-0.0234584808349609 0.0177249908447266 0.117286682128906 0.0074615478515625
0.00934600830078125 0.0257644653320313 0.0235881805419922 -0.00314903259277344
0.0375404357910156 -0.00402069091796875 -0.0200481414794922 0.0347232818603516
0.0238590240478516 -0.0234775543212891 -0.0266494750976563 0.0823593139648438
0.00819778442382813 -0.0180702209472656 -0.024139404296875 0.1209716796875
0.0126247406005859 -0.0193748474121094 -0.0762786865234375 0.169525146484375
0.0115690231323242 -0.0101432800292969 -0.18157958984375 0.157791137695313
0.0126543045043945 0.00697803497314453 -0.269546508789063 0.0761871337890624
-0.00323820114135742 0.00848674774169922 -0.28314208984375 -0.09295654296875
-0.0287284851074219 0.00980758666992188 -0.17559814453125 -0.2889404296875
-0.0523872375488281 -0.0138740539550781 -0.048004150390625 -0.305267333984375
-0.0358657836914063 -0.0616645812988281 0.048248291015625 -0.282257080078125
0.0585784912109375 0.0475692749023438 -0.192642211914063 0.01922607421875
0.0700263977050781 0.0168266296386719 -0.0316925048828125 0.21173095703125
0.0577239990234375 -0.0645980834960937 0.139175415039063 0.144012451171875
-0.0218391418457031 -0.0671768188476563 0.113014221191406 0.02685546875
-0.050445556640625 -0.0223731994628906 0.0319786071777344 0.00203323364257812
-0.0355339050292969 0.0173225402832031 -0.0159568786621094 0.0337276458740234
-0.0150947570800781 0.0238361358642578 -0.0288619995117187 0.0809097290039063
-0.0212993621826172 0.0173892974853516 -0.023345947265625 0.11907958984375
-0.0243339538574219 0.0206146240234375 -0.07293701171875 0.168701171875
-0.0315818786621094 0.0183677673339844 -0.178543090820313 0.166839599609375
-0.0364494323730469 -0.00169754028320312 -0.261245727539063 0.0903320312500001
-0.0335845947265625 -0.0317325592041016 -0.287200927734375 -0.074951171875
0.00795364379882813 -0.0438003540039062 -0.198532104492188 -0.270065307617188
0.0266437530517578 -0.0250396728515625 -0.073272705078125 -0.307037353515625
0.0283470153808594 -0.0067596435546875 0.038421630859375 -0.29632568359375
0.116493225097656 0.114540100097656 -0.1820068359375 0.01861572265625
0.154022216796875 0.032470703125 -0.0517425537109375 0.191741943359375
0.1259765625 -0.111068725585938 0.105377197265625 0.161422729492188
-0.0233001708984375 -0.142349243164063 0.1112060546875 0.068634033203125
-0.102462768554688 -0.0647048950195312 0.0664634704589844 0.0191307067871094
-0.0983047485351563 0.0316009521484375 0.0128402709960937 0.0204048156738281
-0.0539894104003906 0.0651626586914063 -0.0165214538574219 0.0567550659179688
-0.0513916015625 0.0530166625976563 -0.0190811157226563 0.098907470703125
-0.0557060241699219 0.0614662170410156 -0.0667266845703125 0.154632568359375
-0.073333740234375 0.0450897216796875 -0.168075561523438 0.165863037109375
-0.0880203247070313 -0.006744384765625 -0.2484130859375 0.0951538085937501
-0.0667572021484375 -0.0717926025390625 -0.281402587890625 -0.06317138671875
0.0388107299804688 -0.0996780395507813 -0.20599365234375 -0.252883911132812
0.102333068847656 -0.037567138671875 -0.083404541015625 -0.300201416015625
0.0943679809570312 0.0431365966796875 0.04156494140625 -0.2901611328125
0.162109375 0.156967163085938 -0.164764404296875 0.03790283203125
0.215988159179688 0.028289794921875 -0.0737152099609375 0.183303833007813
0.158859252929688 -0.153228759765625 0.07135009765625 0.19573974609375
-0.034515380859375 -0.187759399414063 0.127464294433594 0.124679565429687
-0.138031005859375 -0.08367919921875 0.120506286621094 0.0330734252929687
-0.138175964355469 0.0473785400390625 0.0560989379882812 -0.010162353515625
-0.07940673828125 0.0913467407226563 0.00449943542480468 0.0156412124633789
-0.0748443603515625 0.0797958374023438 -0.0138053894042969 0.0623397827148438
-0.0813446044921875 0.0927658081054688 -0.0608901977539063 0.125129699707031
-0.109718322753906 0.0671844482421875 -0.155426025390625 0.148773193359375
-0.133506774902344 -0.0136260986328125 -0.227218627929688 0.0827178955078125
-0.0962448120117188 -0.111198425292969 -0.26275634765625 -0.063323974609375
0.0713958740234375 -0.148651123046875 -0.191802978515625 -0.237396240234375
0.16802978515625 -0.042449951171875 -0.072723388671875 -0.287322998046875
0.144012451171875 0.0867767333984375 0.059051513671875 -0.264053344726563
0.188568115234375 0.170745849609375 -0.144729614257813 0.0764923095703125
0.236007690429688 0.0145111083984375 -0.087066650390625 0.200164794921875
0.157455444335938 -0.172454833984375 0.0635986328125 0.23968505859375
-0.0472564697265625 -0.193069458007813 0.167800903320313 0.16778564453125
-0.149795532226562 -0.0781707763671875 0.181243896484375 0.03265380859375
-0.14764404296875 0.0577850341796875 0.104042053222656 -0.0468597412109375
-0.087066650390625 0.102546691894531 0.0267486572265625 -0.0375328063964844
-0.0865859985351563 0.09210205078125 -0.00687980651855469 0.0173397064208984
-0.0988616943359375 0.112991333007812 -0.0524444580078125 0.0824432373046875
-0.139251708984375 0.0793838500976562 -0.132667541503906 0.113143920898437
-0.167236328125 -0.0301055908203125 -0.19183349609375 0.0553436279296875
-0.107391357421875 -0.145858764648437 -0.223220825195312 -0.0669555664062501
0.1077880859375 -0.175643920898438 -0.166793823242187 -0.214691162109375
0.211776733398438 -0.0311279296875 -0.051239013671875 -0.263702392578125
0.166412353515625 0.12164306640625 0.0882568359375 -0.22320556640625
0.188858032226563 0.16192626953125 -0.119796752929688 0.127593994140625
0.21685791015625 0.0012969970703125 -0.078369140625 0.232803344726562
0.12908935546875 -0.157546997070313 0.0843658447265625 0.273193359375
-0.0487823486328125 -0.1658935546875 0.22027587890625 0.183135986328125
-0.134071350097656 -0.0602951049804688 0.231536865234375 0.0150299072265625
-0.134765625 0.0587158203125 0.140495300292969 -0.0887298583984375
-0.0837020874023437 0.0955581665039063 0.0439987182617187 -0.0872039794921875
-0.0907516479492188 0.0900726318359375 0.00149726867675781 -0.0318641662597656
-0.108634948730469 0.112174987792969 -0.0379219055175781 0.0341529846191406
-0.153656005859375 0.070526123046875 -0.0981292724609375 0.0659713745117187
-0.172531127929688 -0.0495758056640625 -0.140274047851562 0.0271835327148438
-0.0904083251953125 -0.170379638671875 -0.171524047851562 -0.0617218017578125
0.140975952148438 -0.165267944335938 -0.140304565429687 -0.17999267578125
0.221511840820313 -0.00140380859375 -0.035736083984375 -0.23974609375
0.157882690429688 0.139999389648438 0.117523193359375 -0.166351318359375
0.162490844726563 0.1336669921875 -0.0890045166015625 0.182723999023438
0.168411254882813 0.0029449462890625 -0.04718017578125 0.269622802734375
0.096343994140625 -0.118446350097656 0.12188720703125 0.2828369140625
-0.0387725830078125 -0.117904663085938 0.262710571289063 0.172775268554688
-0.0995407104492187 -0.040191650390625 0.260879516601563 -0.01116943359375
-0.100265502929688 0.0487899780273438 0.159927368164062 -0.12884521484375
-0.068206787109375 0.0722808837890625 0.0570831298828125 -0.13079833984375
-0.0789794921875 0.07244873046875 0.00895690917968749 -0.0728683471679688
-0.10107421875 0.0919647216796875 -0.017425537109375 -0.0163793563842773
-0.140945434570312 0.0445404052734375 -0.0543098449707031 0.0206108093261719
-0.1429443359375 -0.0649871826171875 -0.08331298828125 0.0104446411132813
-0.048828125 -0.1578369140625 -0.127243041992188 -0.0407943725585937
0.151611328125 -0.11572265625 -0.133514404296875 -0.151077270507812
0.187713623046875 0.0326080322265625 -0.027252197265625 -0.220870971679688
0.1195068359375 0.136192321777344 0.14251708984375 -0.1099853515625
0.114334106445312 0.08966064453125 -0.0590057373046875 0.231216430664063
0.1021728515625 0.0107498168945313 -0.00961303710937501 0.295135498046875
0.0636634826660156 -0.067840576171875 0.159622192382813 0.273635864257813
-0.016845703125 -0.070037841796875 0.290679931640625 0.14666748046875
-0.0535163879394531 -0.0207901000976563 0.27203369140625 -0.0373687744140625
-0.0598373413085938 0.0291404724121094 0.16705322265625 -0.156585693359375
-0.0457649230957031 0.0399322509765625 0.0604705810546875 -0.161773681640625
-0.0559654235839844 0.0447845458984375 0.0137939453125 -0.105270385742188
-0.0772171020507813 0.0542755126953125 0.00231552124023437 -0.0548019409179688
-0.0987777709960938 0.014556884765625 -0.0127344131469727 -0.0141515731811523
-0.08349609375 -0.0553817749023437 -0.03857421875 0.00685501098632812
-0.00738525390625 -0.105133056640625 -0.105499267578125 -0.0157089233398438
0.116500854492188 -0.049224853515625 -0.140899658203125 -0.138580322265625
0.112777709960938 0.047698974609375 -0.0222625732421875 -0.217803955078125
0.0627899169921875 0.101921081542969 0.158111572265625 -0.0586395263671875
-0.00621986389160156 -0.0322513580322266 -0.19818115234375 0.0514068603515625
-0.0256404876708984 -0.00991630554199219 -0.00260925292968751 0.224868774414063
-0.0219516754150391 -0.0158672332763672 0.165176391601563 0.122726440429688
-0.0232772827148438 0.0208644866943359 0.117668151855469 -0.00135040283203125
0.00972747802734375 0.0249748229980469 0.0219039916992188 -0.00387191772460937
0.0355072021484375 -0.00597000122070312 -0.0147666931152344 0.0352783203125
0.019622802734375 -0.0239505767822266 -0.0218887329101563 0.0857162475585938
0.00603485107421875 -0.0184001922607422 -0.0187301635742187 0.120948791503906
0.0122623443603516 -0.0186710357666016 -0.064056396484375 0.169708251953125
0.0143041610717773 -0.00862884521484375 -0.170761108398438 0.165679931640625
0.0137882232666016 0.00665283203125 -0.265213012695313 0.0907745361328125
-0.00350570678710937 0.0101776123046875 -0.2884521484375 -0.07720947265625
-0.0276660919189453 0.01055908203125 -0.191925048828125 -0.281280517578125
-0.0537872314453125 -0.0122642517089844 -0.064453125 -0.30303955078125
-0.0407905578613281 -0.0604362487792969 0.036712646484375 -0.286102294921875
0.0605316162109375 0.0427017211914062 -0.1932373046875 0.0292816162109375
0.0714111328125 0.00850677490234375 -0.01812744140625 0.214065551757813
0.0554771423339844 -0.0663528442382812 0.1470947265625 0.137130737304688
-0.0279541015625 -0.0670356750488281 0.114128112792969 0.0184249877929687
-0.0547904968261719 -0.0203399658203125 0.0342254638671875 0.00237274169921875
-0.0337753295898438 0.0194816589355469 -0.015899658203125 0.0370407104492188
-0.0140552520751953 0.0265960693359375 -0.0220184326171875 0.0856552124023438
-0.02349853515625 0.017974853515625 -0.0179443359375 0.116432189941406
-0.0220870971679688 0.0253810882568359 -0.0647430419921875 0.17169189453125
-0.0326747894287109 0.0209178924560547 -0.163330078125 0.175460815429687
-0.037689208984375 -0.000427246093749995 -0.25579833984375 0.102615356445313
-0.0389785766601563 -0.0269927978515625 -0.293914794921875 -0.059539794921875
0.0059051513671875 -0.044830322265625 -0.2120361328125 -0.256332397460937
0.0255012512207031 -0.0296611785888672 -0.0911865234375 -0.304229736328125
0.0312690734863281 -0.0117626190185547 0.02252197265625 -0.296295166015625
0.12371826171875 0.108055114746094 -0.182632446289062 0.0265960693359375
0.158950805664063 0.023284912109375 -0.0404510498046875 0.194183349609375
0.121139526367187 -0.119712829589844 0.113479614257813 0.15643310546875
-0.0310821533203125 -0.141677856445312 0.114578247070312 0.0630111694335937
-0.105537414550781 -0.0596389770507813 0.0682945251464844 0.0158004760742187
-0.0974807739257812 0.0372085571289063 0.0149345397949219 0.0212116241455078
-0.0516471862792969 0.0657920837402344 -0.0133857727050781 0.0587387084960938
-0.0501251220703125 0.0561637878417969 -0.0139999389648437 0.101104736328125
-0.0510215759277344 0.0643882751464844 -0.0580596923828125 0.157455444335938
-0.0695419311523438 0.0497169494628906 -0.157058715820312 0.175949096679688
-0.0876922607421875 2.2888183593737E-05 -0.242462158203125 0.109344482421875
-0.0717849731445313 -0.0661468505859375 -0.286651611328125 -0.0474853515625
0.0318222045898438 -0.10357666015625 -0.217819213867188 -0.241744995117187
0.0996246337890625 -0.0406494140625 -0.09912109375 -0.295379638671875
0.0974960327148438 0.0389785766601563 0.02606201171875 -0.291900634765625
0.172317504882813 0.145980834960938 -0.161422729492188 0.0468292236328125
0.218658447265625 0.0193634033203125 -0.0625 0.188446044921875
0.155960083007813 -0.164794921875 0.0808563232421875 0.193023681640625
-0.0446014404296875 -0.186798095703125 0.137855529785156 0.116867065429687
-0.145828247070313 -0.07586669921875 0.122688293457031 0.0258560180664062
-0.135398864746094 0.0532608032226562 0.0586776733398437 -0.00968170166015625
-0.0755996704101563 0.0952835083007813 0.00734806060791015 0.0156517028808594
-0.071075439453125 0.0840377807617187 -0.00988388061523438 0.0631752014160156
-0.0755081176757813 0.09490966796875 -0.0537567138671875 0.1297607421875
-0.106697082519531 0.0734405517578125 -0.146087646484375 0.156051635742188
-0.137504577636719 -0.00659179687499998 -0.222900390625 0.0937347412109375
-0.102676391601563 -0.103706359863281 -0.264617919921875 -0.0500640869140626
0.0642547607421875 -0.151641845703125 -0.206741333007812 -0.224929809570313
0.164993286132813 -0.0523529052734375 -0.089324951171875 -0.283721923828125
0.1483154296875 0.079803466796875 0.0428466796875 -0.268600463867188
0.194686889648438 0.1610107421875 -0.1407470703125 0.0881500244140625
0.237030029296875 0.000518798828125 -0.07586669921875 0.20294189453125
0.15106201171875 -0.183731079101562 0.0756988525390625 0.236114501953125
-0.0574798583984375 -0.190521240234375 0.178985595703125 0.158355712890625
-0.155838012695313 -0.069305419921875 0.184295654296875 0.02294921875
-0.141632080078125 0.0632781982421875 0.101081848144531 -0.0552520751953125
-0.0848922729492187 0.103874206542969 0.023223876953125 -0.0378875732421875
-0.081939697265625 0.0976104736328125 -0.00475692749023438 0.0195388793945313
-0.094879150390625 0.119705200195312 -0.0443115234375 0.0864105224609375
-0.134086608886719 0.0853347778320313 -0.121902465820313 0.119216918945312
-0.166046142578125 -0.017486572265625 -0.189361572265625 0.0665740966796875
-0.11529541015625 -0.141845703125 -0.226531982421875 -0.0544281005859375
0.0992584228515625 -0.185760498046875 -0.17877197265625 -0.205123901367188
0.208587646484375 -0.04345703125 -0.068206787109375 -0.259231567382813
0.174560546875 0.113037109375 0.07403564453125 -0.2247314453125
0.197280883789062 0.150238037109375 -0.114517211914063 0.135612487792969
0.215728759765625 -0.008392333984375 -0.063873291015625 0.2391357421875
0.124832153320313 -0.163467407226563 0.0971832275390625 0.267669677734375
-0.058349609375 -0.162765502929688 0.231277465820312 0.1712646484375
-0.139167785644531 -0.0542068481445312 0.230377197265625 0.0037994384765625
-0.132255554199219 0.0642471313476563 0.132843017578125 -0.0982437133789063
-0.0781173706054688 0.098907470703125 0.0404129028320312 -0.0930252075195313
-0.0889434814453125 0.0981903076171875 0.00140762329101562 -0.0283908843994141
-0.103179931640625 0.120254516601562 -0.0357666015625 0.0358085632324219
-0.150955200195313 0.0787353515625 -0.0915908813476563 0.0744171142578125
-0.179275512695313 -0.0389862060546875 -0.136650085449219 0.03240966796875
-0.0992279052734375 -0.16595458984375 -0.177993774414063 -0.049652099609375
0.13165283203125 -0.174957275390625 -0.148162841796875 -0.174652099609375
0.224609375 -0.01226806640625 -0.0477294921875 -0.237808227539063
0.166961669921875 0.138412475585938 0.108749389648438 -0.17327880859375
0.169830322265625 0.124557495117187 -0.079833984375 0.188735961914062
0.170272827148437 -0.0047454833984375 -0.0323028564453125 0.272491455078125
0.0893325805664063 -0.125839233398438 0.135177612304688 0.275360107421875
-0.043426513671875 -0.11370849609375 0.272140502929688 0.156875610351563
-0.100883483886719 -0.0345077514648437 0.25927734375 -0.025421142578125
-0.098785400390625 0.0549545288085938 0.153778076171875 -0.1373291015625
-0.0634918212890625 0.0762481689453125 0.048583984375 -0.132637023925781
-0.0720977783203125 0.0777435302734375 0.00288391113281249 -0.0707473754882813
-0.094696044921875 0.0972900390625 -0.0199127197265625 -0.0129795074462891
-0.141571044921875 0.053436279296875 -0.052215576171875 0.0244102478027344
-0.14813232421875 -0.057342529296875 -0.083221435546875 0.0113601684570312
-0.056976318359375 -0.1556396484375 -0.12969970703125 -0.0364456176757812
0.14404296875 -0.127151489257813 -0.1416015625 -0.145004272460938
0.1920166015625 0.024078369140625 -0.0406036376953125 -0.2171630859375
0.128738403320313 0.131324768066406 0.136146545410156 -0.118095397949219
0.121246337890625 0.0801239013671875 -0.0486907958984375 0.23455810546875
0.10528564453125 0.00439453125 0.00573730468749998 0.298980712890625
0.0580596923828125 -0.0743560791015625 0.17529296875 0.2637939453125
-0.0207977294921875 -0.0720977783203125 0.297149658203125 0.13128662109375
-0.0569534301757813 -0.0170326232910156 0.270782470703125 -0.0537261962890625
-0.0584869384765625 0.0294456481933594 0.158737182617187 -0.164962768554688
-0.0445022583007813 0.0426025390625 0.0487518310546875 -0.1627197265625
-0.054290771484375 0.0473709106445313 0.00510406494140624 -0.103660583496094
-0.0764236450195313 0.0608901977539063 4.19616699218742E-05 -0.0554656982421875
-0.0981597900390625 0.0220260620117188 -0.0127353668212891 -0.0151729583740234
-0.085723876953125 -0.0524520874023438 -0.0372467041015625 0.00857925415039063
-0.01531982421875 -0.105316162109375 -0.104209899902344 -0.00897979736328124
0.114219665527344 -0.0582656860351562 -0.150238037109375 -0.125823974609375
0.1177978515625 0.0440826416015625 -0.036407470703125 -0.21435546875
0.0688552856445313 0.0964279174804688 0.154022216796875 -0.0674896240234375
-0.00819206237792969 -0.0339069366455078 -0.194290161132813 0.0575103759765625
-0.0276985168457031 -0.00851249694824218 0.00590515136718749 0.224868774414063
-0.0239505767822266 -0.0132122039794922 0.169403076171875 0.114364624023438
-0.0222873687744141 0.0205593109130859 0.114410400390625 -0.00185394287109375
0.0102176666259766 0.0244731903076172 0.0238990783691406 -0.00564765930175781
0.0356903076171875 -0.00857162475585938 -0.0147514343261719 0.0388526916503906
0.021484375 -0.0256843566894531 -0.0167083740234375 0.0857086181640625
0.00667190551757813 -0.0192756652832031 -0.01251220703125 0.120742797851563
0.00889492034912109 -0.0171880722045898 -0.0583038330078125 0.170318603515625
0.0094146728515625 -0.00745010375976563 -0.163345336914062 0.1715087890625
0.0144548416137695 0.00473594665527344 -0.258468627929688 0.099273681640625
-0.00248527526855469 0.0117692947387695 -0.2891845703125 -0.068389892578125
-0.0271968841552734 0.0143413543701172 -0.201309204101563 -0.274246215820313
-0.0524978637695313 -0.00887680053710937 -0.07659912109375 -0.302032470703125
-0.040618896484375 -0.05926513671875 0.02587890625 -0.28533935546875
0.0599632263183594 0.0411758422851563 -0.194610595703125 0.0356597900390625
0.0687789916992188 0.00858306884765625 -0.0155029296875 0.210372924804688
0.0538787841796875 -0.072174072265625 0.151565551757813 0.130142211914063
-0.0277023315429688 -0.0651359558105469 0.112815856933594 0.0173187255859375
-0.0519638061523438 -0.0180511474609375 0.0335884094238281 0.00107955932617187
-0.0376548767089844 0.0197944641113281 -0.0109062194824219 0.0376548767089844
-0.0152072906494141 0.0241260528564453 -0.0179443359375 0.0846023559570313
-0.0218105316162109 0.0220928192138672 -0.0113983154296875 0.117874145507813
-0.0206146240234375 0.0244235992431641 -0.052490234375 0.172760009765625
-0.0316047668457031 0.0208301544189453 -0.1568603515625 0.179824829101563
-0.0376396179199219 0.00193405151367188 -0.250045776367187 0.11322021484375
-0.0376319885253906 -0.02374267578125 -0.293548583984375 -0.0470886230468749
0.00121688842773437 -0.0445594787597656 -0.22296142578125 -0.252777099609375
0.0233173370361328 -0.0271320343017578 -0.099700927734375 -0.30029296875
0.0291652679443359 -0.00987625122070313 0.014373779296875 -0.299530029296875
0.125167846679688 0.101921081542969 -0.1820068359375 0.033966064453125
0.157516479492188 0.018524169921875 -0.0326690673828125 0.193313598632813
0.117835998535156 -0.124984741210938 0.118087768554688 0.150955200195313
-0.0363616943359375 -0.139839172363281 0.115638732910156 0.0590362548828125
-0.109710693359375 -0.0552444458007813 0.0688972473144531 0.01153564453125
-0.0972976684570312 0.0403213500976563 0.0144729614257812 0.0211315155029297
-0.050079345703125 0.0685462951660156 -0.009063720703125 0.0597457885742188
-0.0474929809570312 0.0583229064941406 -0.00801086425781251 0.0980300903320312
-0.0487480163574219 0.06683349609375 -0.0508880615234375 0.158279418945313
-0.068572998046875 0.0514183044433594 -0.147506713867188 0.179244995117188
-0.0872573852539063 0.002960205078125 -0.236648559570313 0.11529541015625
-0.0736846923828125 -0.0627059936523438 -0.286346435546875 -0.037628173828125
0.0280838012695313 -0.102676391601562 -0.226394653320313 -0.233505249023437
0.0992584228515625 -0.0460052490234375 -0.10943603515625 -0.2901611328125
0.0994033813476563 0.0354461669921875 0.01776123046875 -0.294219970703125
0.1734619140625 0.139114379882813 -0.16436767578125 0.05303955078125
0.21624755859375 0.012908935546875 -0.055572509765625 0.188980102539063
0.147552490234375 -0.17095947265625 0.0887603759765625 0.19134521484375
-0.0515289306640625 -0.184112548828125 0.136024475097656 0.112052917480469
-0.148284912109375 -0.070709228515625 0.123695373535156 0.020599365234375
-0.134223937988281 0.0582427978515625 0.0578689575195312 -0.010009765625
-0.0742568969726563 0.096893310546875 0.00389575958251953 0.0152826309204102
-0.0691375732421875 0.0851669311523437 -0.00684738159179688 0.0616188049316406
-0.0713577270507813 0.102645874023438 -0.0470733642578125 0.128288269042969
-0.103607177734375 0.0774307250976563 -0.134857177734375 0.16015625
-0.135231018066406 0.000785827636718726 -0.217147827148438 0.10198974609375
-0.106330871582031 -0.0988845825195313 -0.26885986328125 -0.039825439453125
0.0551910400390625 -0.156204223632813 -0.212600708007812 -0.217544555664063
0.163467407226563 -0.0551910400390625 -0.098541259765625 -0.278793334960938
0.151046752929688 0.0752716064453125 0.0358428955078125 -0.267623901367188
0.199813842773438 0.153060913085938 -0.141433715820313 0.088348388671875
0.234725952148438 -0.0067901611328125 -0.067901611328125 0.207290649414063
0.142440795898438 -0.188873291015625 0.0808563232421875 0.235763549804688
-0.065765380859375 -0.187835693359375 0.1826171875 0.153167724609375
-0.159759521484375 -0.0655517578125 0.184661865234375 0.0154571533203125
-0.143722534179688 0.0704345703125 0.0981063842773437 -0.0524749755859375
-0.0813064575195313 0.105888366699219 0.0222320556640625 -0.0381546020507812
-0.080108642578125 0.101028442382812 -0.00554656982421875 0.0192356109619141
-0.0871124267578125 0.122726440429688 -0.0430374145507813 0.0875244140625
-0.132469177246094 0.0902099609375 -0.115257263183594 0.124137878417969
-0.170989990234375 -0.0133209228515625 -0.183578491210937 0.07293701171875
-0.123085021972656 -0.134994506835938 -0.22906494140625 -0.0486297607421875
0.0922698974609375 -0.187240600585938 -0.183212280273438 -0.19769287109375
0.206985473632813 -0.0498809814453125 -0.07421875 -0.255279541015625
0.176025390625 0.111068725585938 0.0668487548828125 -0.228591918945313
0.198822021484375 0.141983032226563 -0.109649658203125 0.137161254882813
0.215438842773438 -0.01507568359375 -0.05950927734375 0.239532470703125
0.117813110351563 -0.17083740234375 0.106735229492188 0.268051147460938
-0.0646209716796875 -0.157760620117188 0.236175537109375 0.163055419921875
-0.140495300292969 -0.0504226684570313 0.234588623046875 -0.00738525390625
-0.129692077636719 0.0690460205078125 0.132118225097656 -0.0989456176757813
-0.075836181640625 0.0987548828125 0.0365982055664062 -0.0896530151367188
-0.0818405151367187 0.100898742675781 -0.00123405456542969 -0.026519775390625
-0.0973358154296875 0.1226806640625 -0.033447265625 0.0377006530761719
-0.14801025390625 0.0833587646484375 -0.087188720703125 0.0743637084960938
-0.177688598632813 -0.0334625244140625 -0.134994506835938 0.0361557006835937
-0.1053466796875 -0.161544799804688 -0.176864624023438 -0.0468597412109375
0.12738037109375 -0.178115844726563 -0.154281616210938 -0.166549682617188
0.222396850585938 -0.019989013671875 -0.0559234619140625 -0.231918334960938
0.171371459960938 0.132797241210938 0.103164672851563 -0.177581787109375
0.169189453125 0.116226196289063 -0.077545166015625 0.191635131835938
0.16827392578125 -0.0118865966796875 -0.02532958984375 0.274566650390625
0.0871353149414063 -0.127639770507813 0.147689819335937 0.274765014648438
-0.0487213134765625 -0.112030029296875 0.277786254882813 0.146942138671875
-0.101234436035156 -0.0289077758789062 0.257827758789063 -0.0370330810546875
-0.0968856811523438 0.0556259155273438 0.14556884765625 -0.139205932617188
-0.0654449462890625 0.076751708984375 0.0429611206054687 -0.132347106933594
-0.0718612670898438 0.0819473266601562 0.00157165527343749 -0.0709381103515625
-0.091705322265625 0.103866577148438 -0.0184478759765625 -0.0136890411376953
-0.138236999511719 0.05810546875 -0.0487060546875 0.0262107849121094
-0.147979736328125 -0.0517578125 -0.0777740478515625 0.0147933959960937
-0.064208984375 -0.151260375976563 -0.1304931640625 -0.0293350219726563
0.140594482421875 -0.131118774414063 -0.146011352539062 -0.13690185546875
0.190505981445313 0.018463134765625 -0.0469512939453125 -0.2166748046875
0.131507873535156 0.131454467773438 0.132469177246094 -0.124183654785156
0.119598388671875 0.07666015625 -0.0435638427734375 0.237838745117188
0.105209350585937 0.00262451171875 0.017913818359375 0.29541015625
0.0593185424804688 -0.0714569091796875 0.18170166015625 0.260025024414063
-0.0241584777832031 -0.0662994384765625 0.301483154296875 0.119720458984375
-0.0553779602050781 -0.0163841247558594 0.267364501953125 -0.0631103515625
-0.0606575012207031 0.03326416015625 0.1495361328125 -0.167098999023438
-0.0433883666992188 0.0439414978027344 0.04290771484375 -0.162872314453125
-0.0522689819335938 0.0494384765625 0.00257110595703125 -0.105278015136719
-0.070556640625 0.065704345703125 -0.00268173217773438 -0.0551338195800781
-0.0987472534179687 0.0245895385742187 -0.0127038955688477 -0.0117988586425781
-0.089569091796875 -0.0496673583984375 -0.0384368896484375 0.00883865356445313
-0.017333984375 -0.104209899902344 -0.102790832519531 -0.00727081298828128
0.111465454101562 -0.0618896484375 -0.15533447265625 -0.119369506835938
0.116592407226563 0.0413589477539063 -0.042327880859375 -0.210418701171875
0.0733718872070313 0.099884033203125 0.155380249023437 -0.07171630859375
-0.0117626190185547 -0.034942626953125 -0.194595336914063 0.0604705810546875
-0.0262031555175781 -0.00913429260253907 0.011444091796875 0.227096557617188
-0.0256786346435547 -0.0147838592529297 0.17315673828125 0.1126708984375
-0.0206680297851563 0.0239467620849609 0.114677429199219 -0.00478363037109375
0.0132122039794922 0.0250511169433594 0.0231876373291016 -0.00629425048828125
0.035491943359375 -0.0104179382324219 -0.0129432678222656 0.0399436950683594
0.0179309844970703 -0.0265159606933594 -0.0148162841796875 0.0861053466796875
0.00588226318359375 -0.0180263519287109 -0.009796142578125 0.11920166015625
0.00989913940429688 -0.0179595947265625 -0.054107666015625 0.172500610351562
0.00914764404296875 -0.00901126861572266 -0.15997314453125 0.174087524414063
0.0149650573730469 0.00534439086914063 -0.257949829101563 0.105697631835937
-0.00451564788818359 0.0111026763916016 -0.292816162109375 -0.062042236328125
-0.0274085998535156 0.0139598846435547 -0.20697021484375 -0.273834228515625
-0.0533218383789063 -0.00780487060546875 -0.08203125 -0.303863525390625
-0.0430374145507813 -0.0612907409667969 0.023345947265625 -0.289459228515625
0.06182861328125 0.03826904296875 -0.194580078125 0.039276123046875
0.0712432861328125 0.00669097900390625 -0.00688171386718748 0.214508056640625
0.0515670776367188 -0.0756912231445313 0.157257080078125 0.12823486328125
-0.0298728942871094 -0.0627593994140625 0.113731384277344 0.0150527954101562
-0.0541877746582031 -0.016845703125 0.0342178344726563 -0.001495361328125
-0.0361061096191406 0.0190353393554688 -0.0098724365234375 0.0379409790039063
-0.0176277160644531 0.0247879028320313 -0.0165939331054687 0.0853347778320313
-0.0208511352539063 0.0225753784179687 -0.008270263671875 0.11724853515625
-0.0198249816894531 0.0267848968505859 -0.04962158203125 0.171905517578125
-0.0301380157470703 0.0217342376708984 -0.151809692382813 0.184906005859375
-0.0370521545410156 0.00290298461914062 -0.248382568359375 0.119964599609375
-0.039337158203125 -0.0250663757324219 -0.2967529296875 -0.042449951171875
-0.000118255615234378 -0.045562744140625 -0.227447509765625 -0.251113891601563
0.0229511260986328 -0.0274982452392578 -0.108154296875 -0.30084228515625
0.0297813415527344 -0.0119762420654297 0.010284423828125 -0.305023193359375
0.127105712890625 0.0998001098632813 -0.183258056640625 0.036956787109375
0.159286499023438 0.0154876708984375 -0.028289794921875 0.195663452148438
0.116508483886719 -0.130706787109375 0.123138427734375 0.150924682617188
-0.0395660400390625 -0.139671325683594 0.118003845214844 0.0584945678710937
-0.113258361816406 -0.0524139404296875 0.0706329345703125 0.011199951171875
-0.0982589721679688 0.0439605712890625 0.0159645080566406 0.0210590362548828
-0.0511093139648437 0.0701751708984375 -0.0076904296875 0.0602531433105469
-0.0469093322753906 0.0592155456542969 -0.00670623779296876 0.0985107421875
-0.0476799011230469 0.0694084167480469 -0.0472412109375 0.158477783203125
-0.0676727294921875 0.0532608032226562 -0.142822265625 0.183563232421875
-0.0883407592773438 0.00437927246093749 -0.2354736328125 0.12176513671875
-0.077545166015625 -0.0607528686523437 -0.29046630859375 -0.0316467285156251
0.0253982543945312 -0.104934692382813 -0.2330322265625 -0.23193359375
0.0976409912109375 -0.0477294921875 -0.116485595703125 -0.29290771484375
0.0999755859375 0.0334014892578125 0.013946533203125 -0.298065185546875
0.176223754882813 0.137039184570313 -0.163665771484375 0.055694580078125
0.219573974609375 0.005462646484375 -0.0527801513671875 0.190200805664062
0.145553588867188 -0.17706298828125 0.092010498046875 0.190521240234375
-0.05621337890625 -0.184555053710938 0.142471313476563 0.111404418945312
-0.15069580078125 -0.066864013671875 0.127235412597656 0.019805908203125
-0.136604309082031 0.0641021728515625 0.0565910339355469 -0.0115585327148437
-0.0731430053710937 0.100173950195313 0.00700569152832031 0.0166053771972656
-0.0669479370117188 0.0889739990234375 -0.0058135986328125 0.0637779235839844
-0.07012939453125 0.105514526367188 -0.0447311401367188 0.130378723144531
-0.101593017578125 0.0815658569335938 -0.13067626953125 0.164993286132813
-0.136749267578125 0.00366210937499999 -0.216018676757813 0.106704711914062
-0.110694885253906 -0.0967864990234375 -0.27130126953125 -0.034393310546875
0.0532989501953125 -0.158157348632813 -0.21905517578125 -0.216415405273438
0.163314819335938 -0.0598602294921875 -0.1044921875 -0.279190063476563
0.153564453125 0.075408935546875 0.0342254638671875 -0.27325439453125
0.201568603515625 0.1500244140625 -0.139938354492187 0.0923995971679688
0.238784790039062 -0.0109405517578125 -0.0650482177734375 0.209930419921875
0.140472412109375 -0.19439697265625 0.0879364013671875 0.237289428710938
-0.072357177734375 -0.188079833984375 0.18817138671875 0.151748657226563
-0.161544799804688 -0.0609893798828125 0.186569213867188 0.0117034912109375
-0.144546508789063 0.074432373046875 0.0978851318359375 -0.054901123046875
-0.0816650390625 0.109962463378906 0.0224113464355469 -0.0372428894042969
-0.0797119140625 0.103904724121094 -0.00366401672363282 0.0191078186035156
-0.0870285034179688 0.127143859863281 -0.0406951904296875 0.0886077880859375
-0.132133483886719 0.095672607421875 -0.112007141113281 0.1285400390625
-0.172409057617187 -0.00698852539062504 -0.18359375 0.0753173828125
-0.127105712890625 -0.134490966796875 -0.232894897460938 -0.0431365966796875
0.0876312255859375 -0.19219970703125 -0.188995361328125 -0.194442749023438
0.210952758789063 -0.05279541015625 -0.0821533203125 -0.258163452148438
0.181060791015625 0.110870361328125 0.06500244140625 -0.2333984375
0.198760986328125 0.139938354492188 -0.10943603515625 0.141754150390625
0.216278076171875 -0.019989013671875 -0.0528564453125 0.2435302734375
0.11456298828125 -0.174774169921875 0.112594604492188 0.269073486328125
-0.07012939453125 -0.157608032226563 0.242233276367188 0.161514282226563
-0.141372680664063 -0.0445404052734375 0.235061645507812 -0.0113983154296875
-0.128562927246094 0.0737228393554688 0.128807067871094 -0.101158142089844
-0.078338623046875 0.103965759277344 0.033203125 -0.0885238647460938
-0.0802154541015625 0.102684020996094 -0.00388717651367188 -0.0266551971435547
-0.0947265625 0.128639221191406 -0.032806396484375 0.0390052795410156
-0.146774291992188 0.090850830078125 -0.0844573974609375 0.0780487060546875
-0.180908203125 -0.0287017822265625 -0.135398864746094 0.0395584106445312
-0.111648559570313 -0.159469604492187 -0.179946899414063 -0.043121337890625
0.124435424804688 -0.185348510742188 -0.159774780273438 -0.163955688476563
0.224319458007813 -0.0229949951171875 -0.06182861328125 -0.233230590820313
0.174591064453125 0.132064819335938 0.100799560546875 -0.181243896484375
0.171585083007813 0.112380981445313 -0.0749969482421875 0.19488525390625
0.167800903320313 -0.014495849609375 -0.0198516845703125 0.276657104492188
0.0858383178710937 -0.129859924316406 0.151870727539063 0.274566650390625
-0.0522079467773438 -0.112625122070313 0.283111572265625 0.144378662109375
-0.102348327636719 -0.0284881591796875 0.259353637695312 -0.0409393310546875
-0.0966644287109375 0.059478759765625 0.14361572265625 -0.141845703125
-0.0650482177734375 0.0795440673828125 0.04010009765625 -0.132438659667969
-0.0721435546875 0.0848617553710937 -0.000999450683593747 -0.0696983337402344
-0.0908737182617188 0.108200073242188 -0.0197811126708984 -0.0129470825195312
-0.138671875 0.0625762939453125 -0.0469932556152344 0.0260581970214844
-0.151748657226563 -0.0484466552734375 -0.0790481567382813 0.0163726806640625
-0.0680084228515625 -0.153091430664063 -0.131538391113281 -0.0270919799804688
0.138473510742188 -0.136032104492188 -0.149505615234375 -0.132522583007812
0.194351196289063 0.0159149169921875 -0.0525665283203125 -0.214553833007813
0.137802124023438 0.131256103515625 0.132652282714844 -0.126411437988281
0.120124816894531 0.0723419189453125 -0.0395660400390625 0.2415771484375
0.105361938476562 0.0003509521484375 0.0225830078125 0.30035400390625
0.0594253540039062 -0.0741500854492187 0.189361572265625 0.261016845703125
-0.0264472961425781 -0.0660629272460938 0.307891845703125 0.1153564453125
-0.0574226379394531 -0.0159912109375 0.267959594726563 -0.068206787109375
-0.0587348937988281 0.0361366271972656 0.145675659179688 -0.1693115234375
-0.04425048828125 0.0453643798828125 0.0401153564453125 -0.163360595703125
-0.0523567199707031 0.0534400939941406 0.000747680664062498 -0.102577209472656
-0.0724258422851563 0.067901611328125 -0.00437164306640625 -0.0527420043945312
-0.0999526977539063 0.0279312133789063 -0.00967502593994141 -0.0135498046875
-0.0918502807617188 -0.0480422973632813 -0.0357589721679688 0.00758743286132813
-0.0196151733398438 -0.10357666015625 -0.104324340820313 -0.00431823730468751
0.111595153808594 -0.064666748046875 -0.156875610351563 -0.116668701171875
0.120498657226562 0.0402908325195312 -0.0470733642578125 -0.2091064453125
0.0775146484375 0.100593566894531 0.15521240234375 -0.0753326416015625
-0.0144577026367188 -0.0380516052246094 -0.199325561523438 0.066802978515625
-0.0290718078613281 -0.0103015899658203 0.01861572265625 0.232681274414063
-0.0291423797607422 -0.0161247253417969 0.181625366210938 0.111190795898438
-0.02069091796875 0.0263996124267578 0.117561340332031 -0.00746917724609375
0.0154743194580078 0.0268344879150391 0.023712158203125 -0.00737380981445313
0.0354194641113281 -0.0117874145507813 -0.0108299255371094 0.0403938293457031
0.0152587890625 -0.0283164978027344 -0.0124053955078125 0.087921142578125
0.00587081909179688 -0.0189075469970703 -0.00711822509765625 0.120376586914063
0.0102825164794922 -0.0184707641601563 -0.049560546875 0.176849365234375
0.0099954605102539 -0.00974750518798828 -0.158172607421875 0.182968139648438
0.0147886276245117 0.00464630126953125 -0.262298583984375 0.115264892578125
-0.00407886505126953 0.0134458541870117 -0.302703857421875 -0.05804443359375
-0.0270099639892578 0.0144443511962891 -0.219711303710938 -0.278350830078125
-0.0538215637207031 -0.00771713256835938 -0.092376708984375 -0.310791015625
-0.0453987121582031 -0.0620231628417969 0.0185546875 -0.299713134765625
0.0634574890136719 0.0366783142089844 -0.199005126953125 0.0432586669921875
0.073638916015625 0.00518798828125 -0.000244140625000009 0.219650268554688
0.0496292114257813 -0.0808868408203125 0.166122436523438 0.128402709960938
-0.0322685241699219 -0.0645332336425781 0.116165161132813 0.0134429931640625
-0.0564956665039063 -0.0148811340332031 0.0347099304199219 -0.00188636779785156
-0.0371475219726563 0.0207481384277344 -0.00856781005859375 0.0396842956542969
-0.0199317932128906 0.02740478515625 -0.0128631591796875 0.087646484375
-0.0221023559570313 0.0242710113525391 -0.00480651855468751 0.119758605957031
-0.0199375152587891 0.0279178619384766 -0.0456390380859375 0.176055908203125
-0.0293674468994141 0.0229015350341797 -0.149490356445313 0.19189453125
-0.0374908447265625 0.00444793701171875 -0.251327514648438 0.128463745117188
-0.0416946411132813 -0.02374267578125 -0.30535888671875 -0.0372314453125001
-0.000869750976562496 -0.0463638305664063 -0.240707397460938 -0.253372192382813
0.0241069793701172 -0.0300502777099609 -0.119354248046875 -0.30828857421875
0.0305366516113281 -0.0145416259765625 0.00558471679687502 -0.31378173828125
0.131378173828125 0.0999069213867187 -0.187286376953125 0.0414276123046875
0.16387939453125 0.0129547119140625 -0.02337646484375 0.200912475585938
0.1160888671875 -0.138900756835937 0.131576538085938 0.152252197265625
-0.0447998046875 -0.142898559570313 0.122894287109375 0.0578994750976562
-0.11712646484375 -0.0510330200195312 0.0735626220703125 0.00988006591796875
-0.09991455078125 0.048553466796875 0.0173587799072266 0.0215167999267578
-0.0519866943359375 0.07440185546875 -0.0045318603515625 0.0622749328613281
-0.0472488403320313 0.0629425048828125 -0.00428009033203125 0.09991455078125
-0.0471343994140625 0.0733795166015625 -0.044464111328125 0.162689208984375
-0.068023681640625 0.0567512512207031 -0.140640258789062 0.191116333007813
-0.0911331176757813 0.00787353515625002 -0.238723754882812 0.130691528320313
-0.0810012817382813 -0.0587615966796875 -0.300262451171875 -0.0262451171875
0.023406982421875 -0.10906982421875 -0.2452392578125 -0.23358154296875
0.0998306274414062 -0.05218505859375 -0.127197265625 -0.29888916015625
0.102653503417969 0.0331649780273438 0.008880615234375 -0.308013916015625
0.18109130859375 0.138427734375 -0.16748046875 0.06048583984375
0.224945068359375 0.00177001953125 -0.0480194091796875 0.195724487304688
0.145172119140625 -0.187774658203125 0.10052490234375 0.19512939453125
-0.063018798828125 -0.187789916992188 0.149322509765625 0.112594604492187
-0.157485961914063 -0.065032958984375 0.130943298339844 0.0161895751953125
-0.13836669921875 0.0700302124023437 0.0582466125488281 -0.0126228332519531
-0.073883056640625 0.105690002441406 0.00834178924560546 0.0169525146484375
-0.0679702758789062 0.0932540893554688 -0.00374221801757813 0.0645751953125
-0.069854736328125 0.11053466796875 -0.042572021484375 0.133529663085937
-0.102851867675781 0.0861968994140625 -0.127914428710938 0.171768188476563
-0.141311645507812 0.0076904296875 -0.21954345703125 0.114715576171875
-0.11676025390625 -0.09576416015625 -0.280075073242188 -0.0288238525390626
0.050933837890625 -0.164535522460938 -0.229629516601563 -0.217376708984375
0.166351318359375 -0.065643310546875 -0.114471435546875 -0.284393310546875
0.159423828125 0.0760040283203125 0.03033447265625 -0.282928466796875
0.207916259765625 0.15093994140625 -0.141921997070313 0.098419189453125
0.24322509765625 -0.016021728515625 -0.0614471435546875 0.216384887695312
0.139755249023438 -0.205429077148438 0.0964202880859376 0.24267578125
-0.078826904296875 -0.190582275390625 0.197372436523437 0.152816772460938
-0.166824340820313 -0.058624267578125 0.194168090820313 0.0075225830078125
-0.147079467773438 0.0816497802734375 0.0993194580078125 -0.0581283569335937
-0.0826263427734375 0.117149353027344 0.0219192504882812 -0.0380210876464844
-0.0792388916015625 0.110153198242187 -0.00362396240234376 0.0205917358398438
-0.0854644775390625 0.133392333984375 -0.0401840209960938 0.092132568359375
-0.133316040039063 0.102333068847656 -0.108940124511719 0.133522033691406
-0.177978515625 -0.00218200683593749 -0.186737060546875 0.0816802978515625
-0.134437561035156 -0.1336669921875 -0.241226196289063 -0.038116455078125
0.08544921875 -0.19970703125 -0.198699951171875 -0.196792602539063
0.215789794921875 -0.0586700439453125 -0.091094970703125 -0.2620849609375
0.188522338867188 0.111129760742188 0.062591552734375 -0.2423095703125
0.203964233398438 0.140396118164063 -0.110488891601563 0.14971923828125
0.220474243164063 -0.02435302734375 -0.04876708984375 0.252395629882813
0.113983154296875 -0.18359375 0.123336791992188 0.275588989257813
-0.0758514404296875 -0.159347534179688 0.253463745117188 0.161956787109375
-0.145843505859375 -0.0415802001953125 0.241485595703125 -0.0173187255859375
-0.129287719726563 0.0794754028320312 0.129653930664063 -0.106063842773438
-0.0788116455078125 0.109031677246094 0.0328292846679687 -0.0914535522460938
-0.080413818359375 0.108367919921875 -0.00307464599609376 -0.0261325836181641
-0.0932464599609375 0.13629150390625 -0.0322189331054688 0.0401573181152344
-0.149566650390625 0.0967254638671875 -0.0811843872070313 0.0804443359375
-0.187881469726563 -0.02392578125 -0.138442993164063 0.0429458618164063
-0.119293212890625 -0.161453247070313 -0.187850952148438 -0.0399169921875
0.123611450195313 -0.194442749023438 -0.168045043945313 -0.164886474609375
0.230819702148438 -0.027801513671875 -0.06890869140625 -0.236907958984375
0.183792114257813 0.134353637695313 0.099090576171875 -0.189437866210938
0.174911499023437 0.111709594726562 -0.073516845703125 0.20361328125
0.170806884765625 -0.0179443359375 -0.013885498046875 0.286590576171875
0.0844879150390625 -0.135963439941406 0.1640625 0.2808837890625
-0.0560226440429687 -0.113456726074219 0.295623779296875 0.141754150390625
-0.105979919433594 -0.0255889892578125 0.26678466796875 -0.0480194091796875
-0.0974578857421875 0.0632247924804688 0.144073486328125 -0.146453857421875
-0.0656051635742188 0.0846481323242188 0.0364990234375 -0.136123657226563
-0.0716400146484375 0.0900650024414063 -0.00258636474609375 -0.0693130493164062
-0.0903167724609375 0.114921569824219 -0.019500732421875 -0.0122032165527344
-0.141311645507813 0.0691070556640625 -0.0455513000488281 0.0276527404785156
-0.159286499023437 -0.0448150634765625 -0.0814208984375 0.0169830322265625
-0.074249267578125 -0.155654907226563 -0.136573791503906 -0.0243606567382813
0.140335083007813 -0.144332885742188 -0.15692138671875 -0.13153076171875
0.200469970703125 0.0120086669921875 -0.0596160888671875 -0.217742919921875
0.145263671875 0.1341552734375 0.132888793945313 -0.132881164550781
0.12274169921875 0.0707015991210938 -0.03680419921875 0.25006103515625
0.108039855957031 -0.0013885498046875 0.032012939453125 0.309417724609375
0.0579147338867188 -0.0784759521484375 0.201004028320313 0.265640258789063
-0.028594970703125 -0.0665779113769531 0.3194580078125 0.111328125
-0.058685302734375 -0.0142288208007812 0.273468017578125 -0.076202392578125
-0.0591354370117188 0.038421630859375 0.144866943359375 -0.175445556640625
-0.0459022521972656 0.0478134155273437 0.0365753173828125 -0.167266845703125
-0.0525131225585937 0.0574760437011719 -0.00218200683593749 -0.103401184082031
-0.0725173950195313 0.0734100341796875 -0.00581741333007812 -0.0553092956542969
-0.103279113769531 0.031829833984375 -0.00870704650878907 -0.0143203735351562
-0.0960311889648437 -0.0480117797851563 -0.0357627868652344 0.0086669921875
-0.022735595703125 -0.107109069824219 -0.107460021972656 -0.0022430419921875
0.113983154296875 -0.0696258544921875 -0.165054321289063 -0.115081787109375
0.126235961914063 0.0392608642578125 -0.053741455078125 -0.2135009765625
0.0821533203125 0.101768493652344 0.158218383789063 -0.08111572265625
-0.0181694030761719 -0.0403327941894531 -0.203582763671875 0.076934814453125
-0.0319690704345703 -0.0101165771484375 0.0311279296875 0.239166259765625
-0.0332298278808594 -0.0150432586669922 0.195541381835938 0.10675048828125
-0.0196495056152344 0.0293006896972656 0.122406005859375 -0.0124969482421875
0.0184268951416016 0.0271949768066406 0.0239467620849609 -0.00802421569824218
0.0352363586425781 -0.0141792297363281 -0.00867080688476563 0.0425910949707031
0.0129356384277344 -0.0291252136230469 -0.00739288330078124 0.0911865234375
0.0042877197265625 -0.01885986328125 -0.000984191894531247 0.122657775878906
0.00868034362792969 -0.0195522308349609 -0.0427398681640625 0.182723999023438
0.00934123992919922 -0.0108041763305664 -0.154525756835938 0.1951904296875
0.0157995223999023 0.00363349914550781 -0.265518188476563 0.1322021484375
-0.00363922119140625 0.0139265060424805 -0.31719970703125 -0.047607421875
-0.0282154083251953 0.0159034729003906 -0.241226196289062 -0.28009033203125
-0.0561981201171875 -0.00632476806640624 -0.109222412109375 -0.319732666015625
-0.0497283935546875 -0.0649299621582031 0.00851440429687502 -0.3145751953125
0.0653800964355469 0.03521728515625 -0.205902099609375 0.052642822265625
0.074920654296875 0.00257110595703125 0.00991821289062501 0.22650146484375
0.0459365844726562 -0.0877761840820313 0.180374145507813 0.12493896484375
-0.0366134643554688 -0.0657424926757812 0.122756958007813 0.0090789794921875
-0.0586128234863281 -0.0129814147949219 0.0363311767578125 -0.00386428833007813
-0.0384559631347656 0.0235366821289063 -0.00706100463867188 0.0420494079589844
-0.0205154418945313 0.0297183990478516 -0.00773620605468749 0.090789794921875
-0.022216796875 0.0261993408203125 0.000587463378906249 0.121810913085938
-0.0198593139648438 0.0300025939941406 -0.0388946533203125 0.182052612304687
-0.0293750762939453 0.0251235961914062 -0.145065307617187 0.20452880859375
-0.038818359375 0.00690078735351563 -0.255508422851563 0.144744873046875
-0.0436248779296875 -0.0214691162109375 -0.318389892578125 -0.0256652832031249
-0.00306320190429687 -0.0491943359375 -0.261444091796875 -0.254226684570313
0.0228996276855469 -0.0332183837890625 -0.137237548828125 -0.316253662109375
0.0296154022216797 -0.0166301727294922 -0.00610351562500001 -0.328369140625
0.139129638671875 0.0995864868164063 -0.192947387695313 0.0497589111328125
0.169784545898438 0.006683349609375 -0.0144195556640625 0.208358764648437
0.113113403320313 -0.152130126953125 0.145843505859375 0.151641845703125
-0.053070068359375 -0.146011352539063 0.131294250488281 0.0548782348632812
-0.124168395996094 -0.0465240478515625 0.0771102905273437 0.006561279296875
-0.1019287109375 0.0552215576171875 0.0190792083740234 0.0220413208007813
-0.052093505859375 0.0803985595703125 -0.00114822387695313 0.06402587890625
-0.046844482421875 0.0683555603027344 0.000518798828124999 0.102523803710937
-0.044769287109375 0.0788497924804688 -0.0376434326171875 0.168838500976563
-0.06756591796875 0.06195068359375 -0.135025024414063 0.2030029296875
-0.09375 0.0126419067382813 -0.241485595703125 0.146316528320312
-0.0864715576171875 -0.056793212890625 -0.312530517578125 -0.013458251953125
0.0192184448242188 -0.114753723144531 -0.266006469726563 -0.232681274414062
0.100784301757813 -0.0587310791015625 -0.145294189453125 -0.305877685546875
0.107467651367188 0.0299606323242187 -0.00234985351562499 -0.32318115234375
0.192718505859375 0.13812255859375 -0.171768188476563 0.0693511962890625
0.232559204101563 -0.007171630859375 -0.040863037109375 0.204879760742188
0.14263916015625 -0.202880859375 0.114761352539063 0.196975708007812
-0.07525634765625 -0.19183349609375 0.161529541015625 0.11102294921875
-0.166244506835938 -0.059844970703125 0.137733459472656 0.0107421875
-0.140945434570313 0.079925537109375 0.0603523254394531 -0.0145072937011719
-0.0728302001953125 0.113578796386719 0.0107078552246094 0.0179786682128906
-0.0661392211914063 0.100868225097656 -0.000423431396484376 0.0661544799804688
-0.0663986206054687 0.118270874023438 -0.03814697265625 0.140541076660156
-0.102165222167969 0.0944976806640625 -0.122573852539062 0.182342529296875
-0.145599365234375 0.01605224609375 -0.223175048828125 0.12847900390625
-0.125450134277344 -0.0930023193359375 -0.293548583984375 -0.01715087890625
0.043853759765625 -0.174301147460937 -0.248321533203125 -0.218170166015625
0.170028686523438 -0.0756378173828125 -0.1314697265625 -0.29205322265625
0.16748046875 0.07269287109375 0.0196533203125 -0.298065185546875
0.218597412109375 0.150634765625 -0.14324951171875 0.108230590820313
0.250381469726563 -0.0252685546875 -0.0531005859375 0.226882934570313
0.13653564453125 -0.220550537109375 0.112808227539063 0.248336791992188
-0.0903778076171875 -0.193771362304687 0.214126586914063 0.150390625
-0.176254272460938 -0.0523681640625 0.201995849609375 -0.001983642578125
-0.147964477539063 0.091339111328125 0.101829528808594 -0.064056396484375
-0.0819473266601562 0.126571655273438 0.0225601196289062 -0.0402259826660156
-0.0775070190429687 0.118057250976563 -0.00203323364257813 0.0215167999267578
-0.0822296142578125 0.144729614257813 -0.0360488891601563 0.096343994140625
-0.13189697265625 0.112495422363281 -0.106369018554688 0.142242431640625
-0.1856689453125 0.00704956054687501 -0.19134521484375 0.0922698974609375
-0.145401000976562 -0.132064819335938 -0.252609252929688 -0.028076171875
0.0799560546875 -0.212631225585938 -0.215728759765625 -0.196273803710938
0.221511840820313 -0.070648193359375 -0.105850219726562 -0.269241333007813
0.19976806640625 0.1087646484375 0.0551300048828125 -0.255294799804688
0.215316772460938 0.140151977539063 -0.109054565429687 0.160934448242188
0.227127075195312 -0.032684326171875 -0.0398406982421875 0.263931274414063
0.110519409179688 -0.197189331054688 0.141571044921875 0.2813720703125
-0.0857696533203125 -0.161087036132813 0.271316528320313 0.15655517578125
-0.1529541015625 -0.036163330078125 0.250717163085937 -0.02935791015625
-0.1304931640625 0.0889968872070313 0.13031005859375 -0.115165710449219
-0.0782546997070313 0.117721557617187 0.0296478271484375 -0.0954360961914062
-0.0784912109375 0.117424011230469 -0.00341033935546876 -0.0259933471679687
-0.090789794921875 0.146453857421875 -0.0317649841308594 0.043701171875
-0.150375366210938 0.107650756835938 -0.0791473388671875 0.0850448608398437
-0.197265625 -0.01611328125 -0.1416015625 0.050689697265625
-0.131149291992188 -0.161758422851563 -0.195785522460937 -0.032928466796875
0.119857788085937 -0.208908081054688 -0.1810302734375 -0.1639404296875
0.24017333984375 -0.0395355224609375 -0.082733154296875 -0.2431640625
0.196685791015625 0.134246826171875 0.0955810546875 -0.202850341796875
0.18280029296875 0.110610961914063 -0.069244384765625 0.21588134765625
0.176010131835937 -0.025146484375 -0.000762939453125 0.298187255859375
0.081787109375 -0.145797729492188 0.184722900390625 0.285491943359375
-0.0634841918945312 -0.114349365234375 0.314239501953125 0.1346435546875
-0.110679626464844 -0.0220108032226562 0.275543212890625 -0.0623626708984375
-0.0976715087890625 0.0705718994140625 0.142059326171875 -0.156997680664063
-0.0650100708007812 0.091461181640625 0.031951904296875 -0.141342163085938
-0.0699386596679688 0.0975875854492188 -0.00468826293945314 -0.0701942443847656
-0.0895004272460937 0.125007629394531 -0.0204677581787109 -0.0118961334228516
-0.143402099609375 0.07989501953125 -0.0431938171386719 0.0278129577636719
-0.167800903320312 -0.0392608642578125 -0.0839080810546875 0.019866943359375
-0.0834197998046875 -0.158660888671875 -0.142974853515625 -0.018768310546875
0.139434814453125 -0.157989501953125 -0.16864013671875 -0.128921508789063
0.210952758789063 0.0052337646484375 -0.07196044921875 -0.223785400390625
0.155731201171875 0.134628295898438 0.132598876953125 -0.145523071289063
0.126976013183594 0.0683746337890625 -0.0296630859375 0.263336181640625
0.1112060546875 -0.00518035888671875 0.047149658203125 0.319793701171875
0.0568923950195313 -0.0846023559570313 0.22149658203125 0.267349243164063
-0.0324668884277344 -0.0663299560546875 0.337005615234375 0.101654052734375
-0.0611228942871094 -0.0118637084960937 0.280685424804688 -0.0907135009765625
-0.0594749450683594 0.0418739318847656 0.142990112304688 -0.186935424804688
-0.0464859008789062 0.05303955078125 0.02972412109375 -0.172607421875
-0.05267333984375 0.0628662109375 -0.00638580322265626 -0.105384826660156
-0.0709228515625 0.0816574096679688 -0.00852584838867188 -0.0573196411132812
-0.106460571289063 0.0385665893554688 -0.00877094268798829 -0.0161924362182617
-0.101753234863281 -0.0450820922851562 -0.0367240905761719 0.00882720947265625
-0.027984619140625 -0.110923767089844 -0.110946655273438 0.00379180908203125
0.114166259765625 -0.0782546997070313 -0.176483154296875 -0.110565185546875
0.133621215820312 0.0358428955078125 -0.066192626953125 -0.218780517578125
0.09075927734375 0.102859497070313 0.160568237304688 -0.091949462890625
-0.0231437683105469 -0.0408973693847656 -0.203811645507813 0.0909881591796875
-0.0341720581054688 -0.00874519348144531 0.049468994140625 0.241943359375
-0.0387153625488281 -0.01348876953125 0.209060668945313 0.0942840576171875
-0.0173473358154297 0.0321559906005859 0.124557495117188 -0.0221328735351562
0.0214614868164063 0.0263042449951172 0.0229225158691406 -0.00911903381347656
0.0345268249511719 -0.0173625946044922 -0.005126953125 0.0443992614746094
0.0104808807373047 -0.0294818878173828 -0.000358581542968753 0.0938644409179688
0.00329208374023437 -0.01885986328125 0.00780487060546874 0.123512268066406
0.00768661499023438 -0.0209884643554688 -0.0294189453125 0.18707275390625
0.00852012634277344 -0.0116539001464844 -0.143569946289063 0.207717895507813
0.0168085098266602 0.00275993347167969 -0.261764526367188 0.153076171875
-0.00232696533203125 0.0153484344482422 -0.328704833984375 -0.0280456542968751
-0.0282974243164062 0.0168819427490234 -0.2677001953125 -0.272720336914062
-0.0582923889160156 -0.00363159179687501 -0.134185791015625 -0.321044921875
-0.0565071105957031 -0.0642051696777344 -0.01068115234375 -0.324859619140625
0.0681343078613281 0.03228759765625 -0.207748413085938 0.0661773681640625
0.0762405395507813 -0.00186920166015625 0.026763916015625 0.22955322265625
0.0394668579101563 -0.09271240234375 0.195022583007813 0.113815307617187
-0.0411529541015625 -0.0642204284667969 0.127639770507812 -9.91821289062539E-05
-0.0602035522460938 -0.00907897949218751 0.0371017456054687 -0.00606918334960938
-0.0371856689453125 0.0270233154296875 -0.00331497192382812 0.0431404113769531
-0.0195426940917969 0.0327987670898438 -0.000793457031250003 0.0930328369140625
-0.02081298828125 0.0291175842285156 0.0100631713867187 0.122665405273437
-0.0177707672119141 0.0328636169433594 -0.026458740234375 0.186538696289063
-0.0287628173828125 0.0273609161376953 -0.132904052734375 0.217071533203125
-0.0389823913574219 0.0108070373535156 -0.250961303710938 0.166259765625
-0.0453071594238281 -0.0185890197753906 -0.32867431640625 -0.00448608398437507
-0.0073089599609375 -0.0510978698730469 -0.28656005859375 -0.244415283203125
0.0206317901611328 -0.0350437164306641 -0.1627197265625 -0.314605712890625
0.0283336639404297 -0.0196685791015625 -0.027740478515625 -0.339599609375
0.147979736328125 0.094146728515625 -0.19482421875 0.0622711181640625
0.174484252929688 -0.0026702880859375 0.000747680664062502 0.21270751953125
0.10418701171875 -0.164840698242187 0.1619873046875 0.144119262695313
-0.064422607421875 -0.146560668945313 0.139755249023438 0.0466766357421875
-0.130264282226563 -0.0394439697265625 0.07989501953125 0.00115203857421875
-0.100814819335938 0.064239501953125 0.0217323303222656 0.0218982696533203
-0.0478515625 0.0871353149414063 0.00444412231445313 0.0657882690429688
-0.042816162109375 0.0740890502929687 0.00828552246093749 0.103118896484375
-0.0406494140625 0.08447265625 -0.0264434814453125 0.173507690429687
-0.0641670227050781 0.0678787231445313 -0.122100830078125 0.214508056640625
-0.0945663452148438 0.0211029052734375 -0.2369384765625 0.166748046875
-0.0915069580078125 -0.0508346557617187 -0.321563720703125 0.00781250000000001
0.0109939575195313 -0.119895935058594 -0.28900146484375 -0.222442626953125
0.0984954833984375 -0.0676193237304687 -0.17047119140625 -0.304290771484375
0.111198425292969 0.0239334106445313 -0.023223876953125 -0.33380126953125
0.204330444335938 0.131805419921875 -0.172012329101563 0.080718994140625
0.23779296875 -0.020843505859375 -0.0258331298828125 0.210403442382813
0.1322021484375 -0.21954345703125 0.133575439453125 0.192779541015625
-0.0897216796875 -0.192138671875 0.174591064453125 0.101654052734375
-0.174575805664063 -0.050811767578125 0.143020629882813 0.000717163085937497
-0.138511657714844 0.0920639038085938 0.06097412109375 -0.0193367004394531
-0.0671844482421875 0.123519897460937 0.0130167007446289 0.0166759490966797
-0.0603713989257813 0.108535766601562 0.00533676147460937 0.0666275024414063
-0.0584640502929687 0.127456665039063 -0.02911376953125 0.144790649414063
-0.0973739624023438 0.103691101074219 -0.111495971679688 0.192947387695312
-0.147430419921875 0.02752685546875 -0.21905517578125 0.147842407226562
-0.133941650390625 -0.0856475830078125 -0.30078125 0.00265502929687504
0.0334014892578125 -0.182403564453125 -0.2701416015625 -0.207199096679687
0.168350219726562 -0.0892181396484375 -0.15545654296875 -0.2906494140625
0.176116943359375 0.064910888671875 0.001068115234375 -0.30914306640625
0.231887817382813 0.143402099609375 -0.141815185546875 0.120452880859375
0.254531860351563 -0.04095458984375 -0.03851318359375 0.234359741210937
0.124008178710937 -0.2373046875 0.134719848632813 0.245590209960938
-0.105682373046875 -0.192123413085938 0.230712890625 0.1395263671875
-0.183807373046875 -0.0419921875 0.207305908203125 -0.016876220703125
-0.144744873046875 0.104522705078125 0.0992279052734375 -0.0715255737304688
-0.0746841430664063 0.136863708496094 0.0207443237304688 -0.0414276123046875
-0.0701065063476563 0.126739501953125 0.000495910644531246 0.0223255157470703
-0.0729522705078125 0.154586791992188 -0.0306320190429688 0.101768493652344
-0.127143859863281 0.124870300292969 -0.0969085693359375 0.150665283203125
-0.189605712890625 0.02166748046875 -0.189483642578125 0.107833862304688
-0.15814208984375 -0.12445068359375 -0.26025390625 -0.011383056640625
0.06707763671875 -0.224960327148438 -0.233596801757812 -0.187210083007813
0.222335815429688 -0.0869293212890625 -0.128219604492187 -0.268463134765625
0.211959838867188 0.101089477539063 0.0394134521484375 -0.267623901367188
0.227188110351563 0.133224487304688 -0.102401733398438 0.172286987304687
0.229751586914062 -0.0469512939453125 -0.02154541015625 0.27227783203125
0.099273681640625 -0.210067749023438 0.166519165039063 0.278121948242188
-0.09808349609375 -0.158889770507813 0.290283203125 0.1419677734375
-0.158950805664062 -0.027191162109375 0.25579833984375 -0.048919677734375
-0.126724243164063 0.0990753173828125 0.125350952148438 -0.12451171875
-0.0722885131835937 0.127059936523438 0.024139404296875 -0.0986557006835937
-0.071868896484375 0.126266479492187 -0.00370979309082032 -0.0258655548095703
-0.08184814453125 0.157913208007813 -0.0292434692382813 0.0466842651367188
-0.147003173828125 0.121231079101563 -0.0746688842773438 0.091461181640625
-0.203369140625 -0.00102233886718747 -0.141921997070313 0.06146240234375
-0.1455078125 -0.156448364257813 -0.202178955078125 -0.0196685791015625
0.10797119140625 -0.224395751953125 -0.196014404296875 -0.15570068359375
0.244491577148438 -0.0560150146484375 -0.101882934570313 -0.24322509765625
0.209640502929688 0.126007080078125 0.083526611328125 -0.21527099609375
0.192031860351563 0.104095458984375 -0.05828857421875 0.227340698242188
0.178192138671875 -0.035675048828125 0.0201416015625 0.306182861328125
0.0738525390625 -0.155776977539063 0.209136962890625 0.279266357421875
-0.0721588134765625 -0.111259460449219 0.332672119140625 0.116241455078125
-0.113571166992187 -0.0145339965820312 0.277877807617187 -0.0838775634765625
-0.094757080078125 0.07867431640625 0.135726928710938 -0.168609619140625
-0.0604629516601562 0.0989303588867188 0.0235748291015625 -0.14501953125
-0.0640945434570313 0.105857849121094 -0.0088043212890625 -0.0699653625488281
-0.0813827514648438 0.135879516601562 -0.022186279296875 -0.0106925964355469
-0.14190673828125 0.092041015625 -0.0417442321777344 0.0295829772949219
-0.174896240234375 -0.0275115966796875 -0.0847015380859375 0.0252914428710938
-0.09552001953125 -0.157455444335938 -0.146759033203125 -0.00993347167968753
0.132461547851563 -0.172149658203125 -0.18145751953125 -0.118927001953125
0.217376708984375 -0.0085296630859375 -0.089599609375 -0.2237548828125
0.169326782226563 0.129638671875 0.124755859375 -0.15899658203125
0.131904602050781 0.0643539428710938 -0.013946533203125 0.274154663085938
0.11346435546875 -0.0116119384765625 0.071136474609375 0.32470703125
0.052886962890625 -0.0911712646484375 0.246810913085938 0.259140014648438
-0.0371551513671875 -0.0652389526367188 0.35394287109375 0.079620361328125
-0.0626449584960938 -0.00798797607421875 0.2811279296875 -0.113204956054688
-0.0578804016113281 0.0477561950683594 0.133529663085938 -0.199005126953125
-0.0433807373046875 0.0576744079589844 0.018280029296875 -0.176422119140625
-0.0480079650878906 0.06927490234375 -0.0132369995117187 -0.104759216308594
-0.06622314453125 0.0896835327148437 -0.0122451782226563 -0.057403564453125
-0.106285095214844 0.0475234985351562 -0.00937652587890626 -0.0173730850219727
-0.108245849609375 -0.039337158203125 -0.0361557006835938 0.0103912353515625
-0.0351943969726563 -0.112762451171875 -0.112327575683594 0.0123443603515625
0.112335205078125 -0.0877838134765625 -0.188339233398437 -0.09942626953125
0.14013671875 0.0284881591796875 -0.0830841064453125 -0.219696044921875
0.0994873046875 0.101409912109375 0.158294677734375 -0.105850219726563
-0.0277671813964844 -0.0397834777832031 -0.197158813476563 0.103958129882813
-0.035919189453125 -0.00555419921875 0.0675811767578125 0.236587524414062
-0.041839599609375 -0.0096282958984375 0.216583251953125 0.076171875
-0.0139064788818359 0.0331745147705078 0.12274169921875 -0.0322189331054688
0.0243587493896484 0.0244731903076172 0.0220508575439453 -0.0107784271240234
0.0321865081787109 -0.0197238922119141 -0.00107192993164063 0.0448226928710938
0.00676727294921875 -0.0290679931640625 0.00774383544921875 0.0924758911132812
0.00251007080078125 -0.0187301635742188 0.0165863037109375 0.120079040527344
0.0057830810546875 -0.0209522247314453 -0.0152435302734375 0.185714721679688
0.00737380981445313 -0.0127010345458984 -0.126220703125 0.21539306640625
0.0172605514526367 0.00152873992919922 -0.249008178710938 0.172592163085937
-0.000843048095703124 0.0153656005859375 -0.32965087890625 -0.00436401367187504
-0.0274600982666016 0.0179729461669922 -0.287841796875 -0.25347900390625
-0.058349609375 -0.00014877319335937 -0.1572265625 -0.310546875
-0.0616035461425781 -0.0609207153320312 -0.03216552734375 -0.325714111328125
0.0691413879394531 0.0278816223144531 -0.202255249023438 0.07940673828125
0.0755767822265625 -0.00658416748046875 0.0445098876953125 0.225494384765625
0.030792236328125 -0.0950546264648438 0.204193115234375 0.096588134765625
-0.0458984375 -0.0611457824707031 0.127632141113281 -0.0102920532226563
-0.0602073669433594 -0.00490951538085938 0.0364875793457031 -0.0087738037109375
-0.0355644226074219 0.029754638671875 0.00144577026367187 0.0436019897460938
-0.0177230834960938 0.035552978515625 0.00678253173828125 0.0922012329101563
-0.0180797576904297 0.0312995910644531 0.0184783935546875 0.118682861328125
-0.0149402618408203 0.033966064453125 -0.0126953125 0.184799194335938
-0.0261383056640625 0.0286006927490234 -0.115493774414062 0.22430419921875
-0.0369148254394531 0.0140800476074219 -0.236831665039062 0.184249877929688
-0.0458946228027344 -0.014129638671875 -0.32928466796875 0.0189208984375
-0.0121078491210937 -0.0510139465332031 -0.303802490234375 -0.224334716796875
0.017364501953125 -0.0380439758300781 -0.185394287109375 -0.303497314453125
0.0263423919677734 -0.0216655731201172 -0.04962158203125 -0.339630126953125
0.153427124023438 0.08599853515625 -0.191253662109375 0.0745391845703125
0.17376708984375 -0.0137939453125 0.017242431640625 0.209671020507812
0.091522216796875 -0.173294067382813 0.17303466796875 0.129150390625
-0.0748291015625 -0.141998291015625 0.143142700195312 0.0348663330078125
-0.132408142089844 -0.0301132202148438 0.0799484252929688 -0.0054931640625
-0.096099853515625 0.07232666015625 0.0245018005371094 0.0211105346679688
-0.0413589477539063 0.0920639038085938 0.0100555419921875 0.0647239685058594
-0.0364761352539062 0.0771102905273438 0.016387939453125 0.0993423461914063
-0.0330429077148437 0.0875930786132813 -0.01318359375 0.172439575195312
-0.05865478515625 0.0717544555664063 -0.104660034179687 0.22076416015625
-0.0913314819335938 0.02862548828125 -0.2227783203125 0.1837158203125
-0.0939788818359375 -0.0433120727539062 -0.32061767578125 0.0304870605468751
0.000228881835937488 -0.12139892578125 -0.305206298828125 -0.201934814453125
0.092498779296875 -0.0746383666992187 -0.19317626953125 -0.2923583984375
0.112060546875 0.0171890258789063 -0.045745849609375 -0.33428955078125
0.212432861328125 0.120101928710937 -0.166915893554688 0.0925140380859376
0.23651123046875 -0.0349273681640625 -0.010345458984375 0.209793090820313
0.114593505859375 -0.2303466796875 0.14776611328125 0.179977416992187
-0.103591918945313 -0.185623168945313 0.18206787109375 0.087677001953125
-0.177703857421875 -0.0373687744140625 0.142959594726563 -0.0108489990234375
-0.131195068359375 0.102249145507813 0.0602073669433594 -0.0223388671875
-0.0580291748046875 0.129234313964844 0.015655517578125 0.0156173706054688
-0.05157470703125 0.112419128417969 0.0105361938476562 0.0643043518066406
-0.0480575561523438 0.131965637207031 -0.017791748046875 0.145050048828125
-0.0890045166015625 0.109931945800781 -0.09588623046875 0.198516845703125
-0.144134521484375 0.0390777587890625 -0.207305908203125 0.16363525390625
-0.13897705078125 -0.0753631591796875 -0.2998046875 0.0242919921875
0.01873779296875 -0.185653686523438 -0.284423828125 -0.1876220703125
0.160903930664062 -0.100540161132812 -0.1768798828125 -0.278976440429688
0.179916381835938 0.0547637939453125 -0.020660400390625 -0.310089111328125
0.240646362304687 0.13043212890625 -0.133712768554687 0.129920959472656
0.251174926757812 -0.0554351806640625 -0.0207061767578125 0.23431396484375
0.105575561523438 -0.246734619140625 0.153228759765625 0.233551025390625
-0.118743896484375 -0.183578491210938 0.241180419921875 0.120697021484375
-0.1856689453125 -0.0279998779296875 0.20660400390625 -0.0326080322265625
-0.136573791503906 0.1148681640625 0.0949935913085937 -0.0774078369140625
-0.064483642578125 0.142486572265625 0.0187034606933594 -0.0421218872070312
-0.0600662231445313 0.13116455078125 0.00317192077636718 0.0209484100341797
-0.05975341796875 0.160049438476563 -0.0222320556640625 0.10302734375
-0.116928100585937 0.133743286132813 -0.0849609375 0.155197143554688
-0.186965942382813 0.0367431640625 -0.180343627929688 0.121307373046875
-0.165359497070312 -0.112579345703125 -0.259979248046875 0.00643920898437503
0.0493011474609375 -0.2298583984375 -0.246292114257812 -0.169570922851563
0.215927124023437 -0.102523803710937 -0.147445678710937 -0.259307861328125
0.218963623046875 0.0892486572265625 0.0201263427734375 -0.271209716796875
0.234970092773438 0.11962890625 -0.091217041015625 0.180496215820313
0.224945068359375 -0.060150146484375 -0.000518798828124959 0.271774291992188
0.08306884765625 -0.217849731445312 0.186798095703125 0.263916015625
-0.109222412109375 -0.150558471679688 0.3006591796875 0.119659423828125
-0.159332275390625 -0.015045166015625 0.25164794921875 -0.068511962890625
-0.118843078613281 0.108406066894531 0.117424011230469 -0.132965087890625
-0.062469482421875 0.133064270019531 0.0181427001953125 -0.099029541015625
-0.0618667602539063 0.130821228027344 -0.00467109680175782 -0.0258312225341797
-0.068359375 0.164642333984375 -0.0249481201171875 0.04852294921875
-0.137405395507812 0.131988525390625 -0.0667953491210938 0.094207763671875
-0.202362060546875 0.0152130126953125 -0.136985778808594 0.0704803466796875
-0.155364990234375 -0.14642333984375 -0.203216552734375 -0.00608825683593754
0.091888427734375 -0.233291625976563 -0.206100463867187 -0.140914916992188
0.240158081054688 -0.0732269287109375 -0.120040893554687 -0.235305786132813
0.218719482421875 0.115219116210938 0.067047119140625 -0.222000122070313
0.197601318359375 0.093597412109375 -0.0432586669921875 0.233154296875
0.175445556640625 -0.0460968017578125 0.043182373046875 0.30267333984375
0.062042236328125 -0.161209106445313 0.23016357421875 0.263015747070313
-0.0790939331054687 -0.105110168457031 0.34014892578125 0.091033935546875
-0.113235473632812 -0.00577545166015627 0.271331787109375 -0.1046142578125
-0.0880279541015625 0.0846099853515625 0.123565673828125 -0.176300048828125
-0.053314208984375 0.104286193847656 0.013580322265625 -0.144866943359375
-0.0557174682617187 0.10943603515625 -0.0122718811035156 -0.0678520202636719
-0.0693206787109375 0.141998291015625 -0.0226726531982422 -0.00861358642578124
-0.134895324707031 0.102951049804688 -0.0390243530273438 0.0304603576660156
-0.177169799804688 -0.0151519775390625 -0.0817794799804688 0.0300827026367188
-0.107070922851563 -0.151229858398438 -0.145217895507813 0.000961303710937519
0.119598388671875 -0.182144165039063 -0.188888549804688 -0.10528564453125
0.216949462890625 -0.023773193359375 -0.106430053710937 -0.216888427734375
0.179061889648438 0.120223999023438 0.11212158203125 -0.168045043945312
0.134719848632813 0.0570144653320313 0.00375366210937502 0.276992797851563
0.112716674804687 -0.01763916015625 0.0953369140625 0.317962646484375
0.0456466674804687 -0.0953826904296875 0.2647705078125 0.239303588867188
-0.0413017272949219 -0.0613670349121094 0.358489990234375 0.05322265625
-0.0622825622558594 -0.00331497192382812 0.271926879882813 -0.133712768554688
-0.0538749694824219 0.0510330200195312 0.119537353515625 -0.206893920898438
-0.0399551391601563 0.0616798400878906 0.0062255859375 -0.175262451171875
-0.042449951171875 0.0722198486328125 -0.0185470581054688 -0.10162353515625
-0.0588912963867188 0.0956649780273438 -0.0167007446289063 -0.0561180114746094
-0.103111267089844 0.0557937622070312 -0.0103092193603516 -0.0197525024414063
-0.11083984375 -0.0316162109375 -0.0352210998535156 0.012420654296875
-0.043609619140625 -0.110610961914063 -0.109725952148438 0.0199966430664062
0.106307983398438 -0.0966873168945312 -0.194900512695313 -0.08465576171875
0.142715454101563 0.0193023681640625 -0.100479125976563 -0.213333129882812
0.106643676757813 0.095428466796875 0.148117065429688 -0.116958618164062
-0.0306243896484375 -0.0378608703613281 -0.188140869140625 0.110992431640625
-0.0363044738769531 -0.00421905517578125 0.0801849365234375 0.225814819335937
-0.0439720153808594 -0.00587081909179687 0.216094970703125 0.0615997314453125
-0.0120048522949219 0.0341167449951172 0.117904663085937 -0.039031982421875
0.0259742736816406 0.0220146179199219 0.0209617614746094 -0.0109710693359375
0.0296249389648437 -0.0213909149169922 0.00245285034179688 0.0439491271972656
0.00531196594238281 -0.0277557373046875 0.0135650634765625 0.0886077880859375
0.00222015380859375 -0.0180683135986328 0.0224227905273438 0.113128662109375
0.00429916381835938 -0.0206108093261719 -0.0047760009765625 0.177993774414063
0.00592803955078125 -0.0128412246704102 -0.1107177734375 0.214767456054688
0.0170068740844727 7.2479248046875E-05 -0.231964111328125 0.181503295898438
0.000247955322265626 0.0150642395019531 -0.323272705078125 0.0128784179687501
-0.0270957946777344 0.0180759429931641 -0.2955322265625 -0.233001708984375
-0.0574874877929688 0.00253677368164063 -0.169647216796875 -0.29656982421875
-0.063934326171875 -0.0570640563964844 -0.047027587890625 -0.31951904296875
0.0686492919921875 0.024383544921875 -0.194808959960937 0.0865478515625
0.07427978515625 -0.00910186767578125 0.0571746826171875 0.21588134765625
0.023468017578125 -0.095306396484375 0.206085205078125 0.0811920166015625
-0.048248291015625 -0.0576095581054688 0.123764038085937 -0.0186309814453125
-0.0588645935058594 -0.001983642578125 0.0353240966796875 -0.0106620788574219
-0.0343513488769531 0.0319843292236328 0.00451278686523437 0.043426513671875
-0.0150222778320313 0.0370330810546875 0.0128173828125 0.0881118774414063
-0.0143814086914062 0.0315589904785156 0.0245208740234375 0.112007141113281
-0.0121269226074219 0.0340633392333984 -0.00248718261718751 0.177291870117188
-0.0242671966552734 0.0293922424316406 -0.099395751953125 0.2227783203125
-0.0340766906738281 0.0150108337402344 -0.220016479492188 0.192184448242188
-0.0447845458984375 -0.0115852355957031 -0.32037353515625 0.0359497070312499
-0.016754150390625 -0.0499382019042969 -0.310333251953125 -0.20361328125
0.0146903991699219 -0.0380058288574219 -0.19708251953125 -0.286865234375
0.0236797332763672 -0.022674560546875 -0.065185546875 -0.332611083984375
0.154266357421875 0.0778656005859375 -0.184051513671875 0.08203125
0.170425415039063 -0.021087646484375 0.0290069580078125 0.20166015625
0.0792388916015625 -0.174240112304688 0.176589965820313 0.114288330078125
-0.0804672241210938 -0.134963989257812 0.142242431640625 0.025177001953125
-0.130744934082031 -0.0224227905273437 0.0780410766601562 -0.0101470947265625
-0.0901947021484375 0.075958251953125 0.0263900756835937 0.0191726684570313
-0.03485107421875 0.093231201171875 0.0147972106933594 0.0608634948730469
-0.0308685302734375 0.0775604248046875 0.0212860107421875 0.0936813354492188
-0.0261993408203125 0.0872650146484375 -0.00379943847656248 0.166824340820313
-0.0530929565429687 0.0731048583984375 -0.089630126953125 0.21942138671875
-0.0858840942382813 0.0331497192382812 -0.206939697265625 0.191802978515625
-0.093292236328125 -0.0373077392578125 -0.311859130859375 0.0460510253906249
-0.00670623779296875 -0.119010925292969 -0.309478759765625 -0.18243408203125
0.085540771484375 -0.0776901245117188 -0.204269409179688 -0.276351928710937
0.109771728515625 0.01202392578125 -0.060791015625 -0.3267822265625
0.214126586914063 0.109420776367188 -0.159500122070313 0.0987701416015625
0.229904174804688 -0.044677734375 0.00186157226562503 0.202682495117187
0.09912109375 -0.232391357421875 0.153945922851563 0.165283203125
-0.110855102539063 -0.1751708984375 0.182785034179688 0.0756988525390625
-0.174896240234375 -0.0270233154296875 0.139503479003906 -0.01910400390625
-0.122238159179688 0.107223510742187 0.0596542358398437 -0.0241012573242187
-0.0485153198242188 0.130485534667969 0.0170860290527344 0.0131940841674805
-0.0440673828125 0.112342834472656 0.0138282775878906 0.0605659484863281
-0.0380325317382813 0.131355285644531 -0.00984191894531249 0.141845703125
-0.0799102783203125 0.111953735351563 -0.082427978515625 0.197006225585938
-0.136444091796875 0.0471267700195312 -0.192108154296875 0.170639038085938
-0.13861083984375 -0.0659866333007813 -0.291961669921875 0.0381469726562499
0.00709533691406249 -0.182861328125 -0.288970947265625 -0.169342041015625
0.151260375976563 -0.106246948242188 -0.1875 -0.26385498046875
0.178985595703125 0.0456695556640625 -0.03509521484375 -0.305419921875
0.241058349609375 0.118972778320313 -0.125083923339844 0.1341552734375
0.243499755859375 -0.0649871826171875 -0.00769042968749999 0.2274169921875
0.0888519287109375 -0.247940063476563 0.162109375 0.218109130859375
-0.126113891601563 -0.172988891601562 0.243026733398437 0.10418701171875
-0.18182373046875 -0.01727294921875 0.200210571289063 -0.0437164306640625
-0.126419067382813 0.120002746582031 0.0903396606445312 -0.0802993774414062
-0.0548858642578125 0.143661499023438 0.0171165466308594 -0.0434188842773437
-0.05096435546875 0.131271362304687 0.00458145141601562 0.0190773010253906
-0.0476531982421875 0.159591674804688 -0.0161514282226563 0.101303100585938
-0.106658935546875 0.1370849609375 -0.0737152099609375 0.1536865234375
-0.178756713867188 0.046722412109375 -0.16925048828125 0.127960205078125
-0.16705322265625 -0.102020263671875 -0.253341674804688 0.018951416015625
0.0352020263671875 -0.229446411132813 -0.249832153320312 -0.15484619140625
0.20574951171875 -0.111495971679687 -0.158523559570313 -0.246185302734375
0.218887329101563 0.078582763671875 0.00465393066406249 -0.26824951171875
0.234848022460938 0.109130859375 -0.0817718505859375 0.181869506835937
0.218048095703125 -0.069091796875 0.014068603515625 0.262954711914063
0.0680999755859375 -0.218429565429688 0.19708251953125 0.246444702148437
-0.113861083984375 -0.140525817871094 0.300384521484375 0.099884033203125
-0.155059814453125 -0.00651550292968749 0.241790771484375 -0.0810699462890625
-0.109268188476563 0.112319946289062 0.108688354492188 -0.13494873046875
-0.0533447265625 0.133598327636719 0.013031005859375 -0.0973587036132812
-0.0526885986328125 0.130653381347656 -0.00496673583984375 -0.0248813629150391
-0.056060791015625 0.164840698242188 -0.0213737487792969 0.0485267639160156
-0.126083374023437 0.137313842773438 -0.0600051879882813 0.09320068359375
-0.196517944335938 0.0261077880859375 -0.130073547363281 0.0756454467773437
-0.159744262695313 -0.135879516601563 -0.197784423828125 0.00381469726562501
0.076873779296875 -0.233840942382812 -0.208709716796875 -0.126846313476563
0.231918334960938 -0.08367919921875 -0.13092041015625 -0.22332763671875
0.2205810546875 0.103713989257812 0.0535888671875 -0.221115112304688
0.19677734375 0.0849151611328125 -0.0313720703125 0.231842041015625
0.169448852539062 -0.0524139404296875 0.05828857421875 0.29150390625
0.05108642578125 -0.161819458007813 0.23907470703125 0.243011474609375
-0.0814971923828125 -0.0977325439453125 0.33856201171875 0.06927490234375
-0.109550476074219 -0.000389099121093763 0.259170532226563 -0.117752075195313
-0.0809097290039062 0.0873184204101563 0.112411499023437 -0.17803955078125
-0.0467071533203125 0.104904174804688 0.00631713867187499 -0.140914916992188
-0.0477066040039063 0.109962463378906 -0.0140914916992187 -0.0659332275390625
-0.057891845703125 0.143798828125 -0.0223655700683594 -0.00680732727050781
-0.126312255859375 0.108917236328125 -0.0369377136230469 0.0293998718261719
-0.173233032226563 -0.00444030761718751 -0.0778732299804688 0.033050537109375
-0.112213134765625 -0.144149780273438 -0.14044189453125 0.00751495361328123
0.107711791992188 -0.186355590820313 -0.190139770507813 -0.0920867919921875
0.212127685546875 -0.0341033935546875 -0.1168212890625 -0.206436157226563
0.18170166015625 0.111572265625 0.0998382568359375 -0.170181274414062
0.133598327636719 0.0511856079101563 0.016937255859375 0.272567749023438
0.109779357910156 -0.022735595703125 0.110748291015625 0.30389404296875
0.039154052734375 -0.09661865234375 0.272735595703125 0.219268798828125
-0.0426712036132813 -0.0573616027832031 0.353485107421875 0.032257080078125
-0.0597496032714844 -0.000404357910156242 0.2586669921875 -0.145858764648438
-0.0494880676269531 0.0520133972167969 0.106857299804687 -0.2069091796875
-0.0357666015625 0.0633888244628906 -0.00218200683593749 -0.170700073242188
-0.0367279052734375 0.0729598999023438 -0.0224075317382813 -0.0967254638671875
-0.0511398315429687 0.0970382690429688 -0.0190849304199219 -0.0533370971679687
-0.0979232788085937 0.0611572265625 -0.0118999481201172 -0.0209236145019531
-0.109886169433594 -0.0255966186523437 -0.0330371856689453 0.0124530792236328
-0.0477523803710938 -0.107376098632813 -0.104408264160156 0.0249557495117188
0.0991897583007812 -0.100601196289062 -0.195144653320313 -0.0707550048828125
0.14227294921875 0.0119171142578125 -0.110061645507812 -0.203414916992187
0.108970642089844 0.0901870727539063 0.138435363769531 -0.122367858886719
-0.0318603515625 -0.0370101928710938 -0.180572509765625 0.112503051757813
-0.0359458923339844 -0.00273513793945313 0.0859527587890625 0.217056274414063
-0.0450248718261719 -0.00304412841796875 0.214126586914063 0.05194091796875
-0.0104713439941406 0.0340080261230469 0.113960266113281 -0.0420379638671875
0.0265426635742187 0.020416259765625 0.0202960968017578 -0.01123046875
0.0280799865722656 -0.0208187103271484 0.00530242919921875 0.0422782897949219
0.00454521179199219 -0.0258560180664063 0.0165023803710938 0.084686279296875
0.00220108032226562 -0.0172405242919922 0.0240402221679687 0.107551574707031
0.00385284423828125 -0.0202789306640625 -0.000579833984374988 0.170181274414063
0.00552272796630859 -0.0124282836914062 -0.101516723632813 0.210052490234375
0.0169734954833984 -0.00127029418945313 -0.219039916992188 0.181976318359375
0.000258445739746095 0.0148334503173828 -0.31500244140625 0.021026611328125
-0.0272960662841797 0.0177764892578125 -0.296630859375 -0.220977783203125
-0.0570259094238281 0.00335311889648436 -0.1746826171875 -0.28631591796875
-0.0644187927246094 -0.0552177429199219 -0.05279541015625 -0.3148193359375
0.0668601989746094 0.0234489440917969 -0.189712524414063 0.0891876220703125
0.0730361938476563 -0.0102691650390625 0.06231689453125 0.208267211914063
0.0186309814453125 -0.0926589965820313 0.204025268554688 0.07135009765625
-0.0483551025390625 -0.0546150207519531 0.120613098144531 -0.0232925415039063
-0.0571403503417969 -0.000671386718749992 0.0344104766845703 -0.0118293762207031
-0.0316925048828125 0.0326347351074219 0.00769805908203125 0.0418663024902344
-0.0122528076171875 0.0378494262695313 0.0163650512695312 0.0837478637695313
-0.0127582550048828 0.0315074920654297 0.02581787109375 0.105613708496094
-0.010650634765625 0.0337619781494141 0.00250244140625001 0.170547485351562
-0.0230369567871094 0.0292911529541016 -0.090301513671875 0.217864990234375
-0.0318965911865234 0.0158481597900391 -0.206771850585937 0.193115234375
-0.04400634765625 -0.0101394653320312 -0.312469482421875 0.042877197265625
-0.0190620422363281 -0.0486679077148438 -0.31011962890625 -0.191741943359375
0.0122642517089844 -0.037353515625 -0.201019287109375 -0.27606201171875
0.0223445892333984 -0.0225830078125 -0.071533203125 -0.32635498046875
0.152877807617187 0.074798583984375 -0.1787109375 0.084564208984375
0.167098999023438 -0.0231475830078125 0.034271240234375 0.193191528320313
0.0710601806640625 -0.172927856445313 0.175811767578125 0.104705810546875
-0.0818023681640625 -0.129684448242188 0.139808654785156 0.019500732421875
-0.127952575683594 -0.0193252563476562 0.076263427734375 -0.0130538940429688
-0.0851516723632813 0.0777053833007812 0.0283412933349609 0.0185604095458984
-0.0305557250976562 0.0934219360351563 0.0171699523925781 0.0573616027832031
-0.027587890625 0.0767669677734375 0.02313232421875 0.087554931640625
-0.0217742919921875 0.0860824584960938 0.000534057617187501 0.160675048828125
-0.0491104125976563 0.0727005004882812 -0.080841064453125 0.21441650390625
-0.0816192626953125 0.0348052978515625 -0.195159912109375 0.192184448242188
-0.091094970703125 -0.0341873168945312 -0.30352783203125 0.0526123046875
-0.0119094848632812 -0.115966796875 -0.30853271484375 -0.170684814453125
0.0803298950195313 -0.0773391723632812 -0.207855224609375 -0.265655517578125
0.107902526855469 0.010223388671875 -0.067779541015625 -0.321197509765625
0.212265014648437 0.1055908203125 -0.153915405273437 0.10052490234375
0.224624633789062 -0.0481719970703125 0.00733947753906252 0.194503784179688
0.0893402099609375 -0.22979736328125 0.15570068359375 0.155868530273437
-0.112106323242187 -0.168914794921875 0.181686401367188 0.067413330078125
-0.170455932617188 -0.0233154296875 0.136093139648438 -0.0232162475585938
-0.115562438964844 0.108879089355469 0.0593452453613281 -0.025146484375
-0.0427780151367187 0.129554748535156 0.0181102752685547 0.0108222961425781
-0.0393524169921875 0.110816955566406 0.0153694152832031 0.0560073852539063
-0.0318984985351563 0.128562927246094 -0.00498199462890624 0.136436462402344
-0.0746536254882812 0.112220764160156 -0.07379150390625 0.193222045898438
-0.130027770996094 0.0502243041992187 -0.18182373046875 0.171493530273438
-0.137382507324219 -0.0613479614257813 -0.28472900390625 0.0447998046874999
0.000427246093749987 -0.179519653320312 -0.287261962890625 -0.1583251953125
0.144760131835938 -0.107025146484375 -0.191299438476563 -0.254135131835938
0.176162719726563 0.043121337890625 -0.04241943359375 -0.299407958984375
0.239471435546875 0.113677978515625 -0.119430541992187 0.135482788085938
0.237411499023437 -0.0684051513671875 -0.00184631347656249 0.219085693359375
0.079315185546875 -0.244918823242188 0.163192749023438 0.207687377929687
-0.126922607421875 -0.165069580078125 0.24114990234375 0.0951385498046875
-0.176864624023437 -0.0137939453125 0.194351196289063 -0.0496978759765625
-0.119056701660156 0.1204833984375 0.0875473022460937 -0.0804214477539062
-0.047943115234375 0.142730712890625 0.0164413452148437 -0.0436286926269531
-0.045745849609375 0.129180908203125 0.00587177276611328 0.016566276550293
-0.040130615234375 0.156875610351563 -0.0124053955078125 0.09869384765625
-0.099761962890625 0.137405395507813 -0.06787109375 0.150390625
-0.1722412109375 0.0512237548828125 -0.160888671875 0.128952026367188
-0.166259765625 -0.0948638916015625 -0.247833251953125 0.0242919921875
0.027587890625 -0.225357055664063 -0.248397827148438 -0.145004272460937
0.198516845703125 -0.112762451171875 -0.162124633789062 -0.236770629882813
0.217269897460937 0.0741729736328125 -0.00123596191406248 -0.264556884765625
0.233200073242188 0.104263305664062 -0.0754852294921875 0.181655883789063
0.212753295898438 -0.071075439453125 0.0198516845703125 0.255035400390625
0.059417724609375 -0.215316772460937 0.198577880859375 0.234664916992188
-0.113739013671875 -0.133590698242188 0.297454833984375 0.088775634765625
-0.15008544921875 -0.0032958984375 0.234176635742188 -0.08782958984375
-0.102798461914063 0.112800598144531 0.104354858398438 -0.134498596191406
-0.0467910766601562 0.132942199707031 0.0109939575195312 -0.09625244140625
-0.0475616455078125 0.127922058105469 -0.00468826293945313 -0.0248241424560547
-0.0474700927734375 0.162506103515625 -0.0193138122558594 0.0478286743164063
-0.11871337890625 0.138511657714844 -0.0562820434570312 0.091064453125
-0.190231323242188 0.031280517578125 -0.124488830566406 0.0762710571289062
-0.159835815429688 -0.129318237304688 -0.192779541015625 0.00770568847656247
0.0688018798828125 -0.231521606445313 -0.207901000976563 -0.118392944335938
0.225067138671875 -0.08721923828125 -0.135238647460938 -0.215316772460937
0.219940185546875 0.0989532470703125 0.04681396484375 -0.21856689453125
0.194839477539063 0.0807342529296875 -0.025634765625 0.229202270507813
0.164749145507813 -0.053741455078125 0.063873291015625 0.281082153320313
0.04400634765625 -0.1591796875 0.24017333984375 0.231353759765625
-0.08111572265625 -0.0930252075195313 0.332916259765625 0.058380126953125
-0.105979919433594 0.0014190673828125 0.24920654296875 -0.121841430664062
-0.0762939453125 0.0873794555664063 0.106719970703125 -0.177032470703125
-0.0422592163085938 0.104904174804687 0.00308990478515624 -0.137710571289063
-0.0433578491210938 0.108482360839844 -0.0142440795898438 -0.063690185546875
-0.05096435546875 0.14208984375 -0.0214614868164063 -0.00617599487304687
-0.119377136230469 0.110786437988281 -0.0357170104980469 0.0278053283691406
-0.169921875 0.000656127929687508 -0.0747909545898438 0.0327529907226562
-0.114028930664063 -0.138473510742187 -0.136131286621094 0.00997161865234373
0.100341796875 -0.185928344726563 -0.187942504882812 -0.08453369140625
0.207931518554688 -0.037445068359375 -0.121673583984375 -0.198989868164063
0.181625366210938 0.106857299804687 0.0928192138671875 -0.169281005859375
0.131431579589844 0.0488510131835938 0.0230865478515625 0.268829345703125
0.108055114746094 -0.0240554809570313 0.115447998046875 0.292266845703125
0.0341339111328125 -0.0953140258789063 0.2720947265625 0.207550048828125
-0.0421524047851562 -0.0541954040527344 0.346282958984375 0.0213623046875
-0.0564002990722656 -8.01086425781322E-05 0.247665405273438 -0.150131225585938
-0.0466537475585938 0.0523567199707031 0.0995635986328125 -0.20355224609375
-0.033172607421875 0.0637283325195312 -0.00654602050781252 -0.165191650390625
-0.0336761474609375 0.0714340209960938 -0.0231170654296875 -0.0933609008789063
-0.0454559326171875 0.0962142944335938 -0.019195556640625 -0.0513687133789062
-0.0938262939453125 0.0634841918945313 -0.0128002166748047 -0.0214805603027344
-0.1080322265625 -0.02215576171875 -0.0313358306884766 0.0110607147216797
-0.0491409301757813 -0.10479736328125 -0.100509643554688 0.02642822265625
0.0947647094726563 -0.101158142089844 -0.19268798828125 -0.063323974609375
0.139533996582031 0.00933074951171875 -0.115097045898438 -0.195770263671875
0.109474182128906 0.08721923828125 0.131011962890625 -0.122596740722656
-0.0326423645019531 -0.0362625122070312 -0.179397583007813 0.112564086914062
-0.0360145568847656 -0.002471923828125 0.0883026123046875 0.21295166015625
-0.0467567443847656 -0.000267028808593751 0.214599609375 0.0479583740234375
-0.00846099853515625 0.0340251922607422 0.113136291503906 -0.0448379516601563
0.0276603698730469 0.0197849273681641 0.0201988220214844 -0.0114822387695312
0.0275001525878906 -0.0206489562988281 0.00721359252929687 0.0414314270019531
0.00506591796875 -0.0244865417480469 0.0184860229492188 0.0819320678710938
0.00333118438720703 -0.0170793533325195 0.0236053466796875 0.103897094726563
0.00345993041992187 -0.0195751190185547 1.52587890624969E-05 0.1656494140625
0.00423240661621094 -0.0125083923339844 -0.09918212890625 0.208221435546875
0.0170125961303711 -0.00209140777587891 -0.214996337890625 0.182968139648437
0.000403404235839844 0.0146865844726563 -0.315277099609375 0.023284912109375
-0.0281829833984375 0.0170936584472656 -0.30029296875 -0.2174072265625
-0.0573348999023438 0.00385284423828126 -0.176910400390625 -0.283294677734375
-0.06549072265625 -0.05499267578125 -0.054443359375 -0.31561279296875
0.0676994323730469 0.0241546630859375 -0.188385009765625 0.089691162109375
0.0728912353515625 -0.010040283203125 0.0650482177734375 0.203826904296875
0.0164031982421875 -0.0914764404296875 0.204635620117188 0.067352294921875
-0.0479087829589844 -0.0537033081054688 0.119766235351563 -0.0257415771484375
-0.0564460754394531 -0.000865936279296867 0.0341320037841797 -0.0126705169677734
-0.0312442779541016 0.0331535339355469 0.00954818725585937 0.0409393310546875
-0.0109367370605469 0.0387916564941406 0.018585205078125 0.0811386108398438
-0.011566162109375 0.0310020446777344 0.0258407592773438 0.101936340332031
-0.00857353210449218 0.0340099334716797 0.00285339355468749 0.166213989257813
-0.0227012634277344 0.029937744140625 -0.0870513916015625 0.215286254882812
-0.0304718017578125 0.0151233673095703 -0.202362060546875 0.19317626953125
-0.0436973571777344 -0.00934600830078125 -0.3115234375 0.0452880859375
-0.0204734802246094 -0.0484733581542969 -0.312255859375 -0.18865966796875
0.010955810546875 -0.0370140075683594 -0.2034912109375 -0.2742919921875
0.0215187072753906 -0.0220832824707031 -0.073150634765625 -0.328033447265625
0.154205322265625 0.075775146484375 -0.178085327148438 0.0854339599609375
0.167404174804688 -0.0231781005859375 0.0363616943359375 0.18994140625
0.0684661865234375 -0.172454833984375 0.177597045898437 0.1007080078125
-0.0819168090820313 -0.128829956054688 0.139579772949219 0.0166091918945312
-0.127388000488281 -0.0187225341796875 0.075714111328125 -0.0141754150390625
-0.0832595825195313 0.0787582397460937 0.0301914215087891 0.0179882049560547
-0.0277099609375 0.0943756103515625 0.0188369750976563 0.05474853515625
-0.0258407592773437 0.0761184692382813 0.0226669311523437 0.0841445922851563
-0.019195556640625 0.0854721069335938 0.00134277343750001 0.158157348632813
-0.0473785400390625 0.0732650756835938 -0.0782623291015625 0.212295532226562
-0.079071044921875 0.0354232788085937 -0.190765380859375 0.192367553710937
-0.0910110473632813 -0.0326995849609375 -0.303131103515625 0.05517578125
-0.014801025390625 -0.115242004394531 -0.310333251953125 -0.168731689453125
0.0784683227539062 -0.0772857666015625 -0.210311889648437 -0.262680053710938
0.107040405273437 0.010406494140625 -0.0697021484375 -0.323272705078125
0.214324951171875 0.106231689453125 -0.153091430664062 0.1016845703125
0.225372314453125 -0.04803466796875 0.00856018066406252 0.1912841796875
0.08599853515625 -0.230056762695313 0.156539916992188 0.151504516601562
-0.113113403320312 -0.167282104492188 0.181686401367188 0.064422607421875
-0.169601440429688 -0.02099609375 0.135360717773438 -0.0255813598632813
-0.112503051757812 0.110137939453125 0.0614433288574219 -0.0255699157714844
-0.0397109985351563 0.130119323730469 0.018341064453125 0.0089092254638672
-0.0376510620117187 0.110603332519531 0.0152015686035156 0.0534858703613281
-0.027862548828125 0.127876281738281 -0.0042266845703125 0.135383605957031
-0.0718154907226562 0.112510681152344 -0.0715484619140625 0.191070556640625
-0.12725830078125 0.0513229370117188 -0.178497314453125 0.171127319335937
-0.136222839355469 -0.0594940185546875 -0.284271240234375 0.046051025390625
-0.00262451171874999 -0.179183959960937 -0.2889404296875 -0.156463623046875
0.14288330078125 -0.107421875 -0.19366455078125 -0.252532958984375
0.176223754882813 0.043304443359375 -0.0445556640625 -0.301727294921875
0.240859985351563 0.114852905273438 -0.118064880371094 0.137702941894531
0.2376708984375 -0.0681304931640625 -0.000167846679687469 0.215377807617188
0.0751495361328125 -0.245101928710938 0.165481567382813 0.203964233398437
-0.127426147460938 -0.1639404296875 0.242111206054687 0.091278076171875
-0.175506591796875 -0.0129852294921875 0.193252563476563 -0.052490234375
-0.115928649902344 0.121223449707031 0.0888595581054687 -0.081298828125
-0.0443572998046875 0.143280029296875 0.01593017578125 -0.0445632934570312
-0.0444717407226563 0.12884521484375 0.00556087493896484 0.0149545669555664
-0.03668212890625 0.155914306640625 -0.01153564453125 0.0974273681640625
-0.0964584350585938 0.138893127441406 -0.065673828125 0.149261474609375
-0.169525146484375 0.05316162109375 -0.158370971679687 0.128753662109375
-0.166046142578125 -0.0938873291015625 -0.247146606445313 0.0255126953125
0.023162841796875 -0.225799560546875 -0.249679565429688 -0.143341064453125
0.196487426757812 -0.113357543945313 -0.165512084960937 -0.235031127929688
0.218048095703125 0.074798583984375 -0.00387573242187501 -0.265487670898437
0.233383178710937 0.105300903320313 -0.0747222900390625 0.183761596679688
0.211837768554688 -0.0711517333984375 0.0208892822265625 0.250473022460938
0.0557403564453125 -0.21502685546875 0.200454711914063 0.231521606445313
-0.113624572753906 -0.132179260253906 0.298309326171875 0.085113525390625
-0.148452758789063 -0.00282287597656252 0.232284545898438 -0.0902252197265625
-0.0992279052734375 0.113067626953125 0.104141235351563 -0.134780883789063
-0.044189453125 0.13397216796875 0.010711669921875 -0.09625244140625
-0.0461044311523438 0.128105163574219 -0.00374412536621094 -0.0252418518066406
-0.0434112548828125 0.161285400390625 -0.017852783203125 0.0477218627929688
-0.115470886230469 0.140426635742188 -0.0553207397460937 0.0895919799804688
-0.188827514648438 0.0337677001953125 -0.122535705566406 0.0755767822265625
-0.160385131835938 -0.12811279296875 -0.192276000976563 0.00758361816406247
0.0655670166015625 -0.233642578125 -0.20855712890625 -0.116851806640625
0.22491455078125 -0.0877685546875 -0.1378173828125 -0.212570190429688
0.221633911132813 0.10003662109375 0.04364013671875 -0.219757080078125
0.194717407226563 0.082183837890625 -0.0249176025390625 0.231857299804688
0.164520263671875 -0.0537567138671875 0.0652008056640625 0.278167724609375
0.0416107177734375 -0.158538818359375 0.241241455078125 0.227294921875
-0.0806427001953125 -0.0910568237304688 0.332611083984375 0.05352783203125
-0.103935241699219 0.00103759765624998 0.247055053710938 -0.125137329101563
-0.0732574462890625 0.0869293212890625 0.105545043945313 -0.176925659179688
-0.0394744873046875 0.105712890625 0.00279235839843751 -0.136962890625
-0.0419692993164063 0.107383728027344 -0.0141448974609375 -0.0633659362792969
-0.0467376708984375 0.141067504882813 -0.020965576171875 -0.00563049316406249
-0.117355346679688 0.113059997558594 -0.0359268188476563 0.0274620056152344
-0.168350219726563 0.00187683105468753 -0.0737380981445313 0.031890869140625
-0.114334106445313 -0.13897705078125 -0.135581970214844 0.0095977783203125
0.0988311767578125 -0.187454223632813 -0.18841552734375 -0.08209228515625
0.207794189453125 -0.0384674072265625 -0.124908447265625 -0.196456909179688
0.18304443359375 0.108413696289062 0.090911865234375 -0.169998168945313
0.130859375 0.0500946044921875 0.024627685546875 0.270675659179688
0.1075439453125 -0.0240554809570313 0.1168212890625 0.288909912109375
0.0325164794921875 -0.0949172973632813 0.2733154296875 0.20355224609375
-0.0407028198242187 -0.0538368225097656 0.346343994140625 0.01708984375
-0.0556831359863281 -0.000690460205078127 0.244354248046875 -0.152191162109375
-0.0447425842285156 0.0526847839355469 0.0988616943359375 -0.203781127929688
-0.0318870544433594 0.0645980834960938 -0.00701904296874999 -0.163253784179688
-0.0324783325195312 0.0716323852539063 -0.0226364135742188 -0.091705322265625
-0.0424346923828125 0.0965194702148438 -0.0192642211914062 -0.0503501892089844
-0.0924453735351563 0.0656661987304687 -0.0133380889892578 -0.0222930908203125
-0.107658386230469 -0.0218429565429687 -0.0302410125732422 0.0095367431640625
-0.04974365234375 -0.105728149414062 -0.0991363525390625 0.025970458984375
0.0940017700195313 -0.102287292480469 -0.193099975585938 -0.0601348876953125
0.140869140625 0.008697509765625 -0.1190185546875 -0.193634033203125
0.1112060546875 0.0883331298828125 0.129478454589844 -0.122970581054688
-0.034912109375 -0.0369186401367188 -0.18157958984375 0.116317749023438
-0.0376167297363281 -0.00155639648437499 0.0948486328125 0.21539306640625
-0.048797607421875 0.00278854370117188 0.220687866210938 0.042938232421875
-0.00779533386230469 0.0349521636962891 0.11395263671875 -0.0487594604492188
0.0287685394287109 0.0185394287109375 0.0205860137939453 -0.01104736328125
0.0279045104980469 -0.0212383270263672 0.00996017456054688 0.0408134460449219
0.00592231750488281 -0.0248546600341797 0.0206680297851563 0.0806503295898438
0.00386428833007812 -0.0176982879638672 0.0241165161132813 0.102729797363281
0.00421142578125 -0.0197372436523438 0.00109863281249999 0.165252685546875
0.00401210784912109 -0.0109014511108398 -0.0971221923828125 0.211593627929688
0.0172567367553711 -0.00290584564208984 -0.214401245117187 0.188430786132812
-0.000538825988769533 0.0152091979980469 -0.322509765625 0.0283203125
-0.0307445526123047 0.0179309844970703 -0.3109130859375 -0.217529296875
-0.0581474304199219 0.00488281250000001 -0.185028076171875 -0.2879638671875
-0.068115234375 -0.0555686950683594 -0.05902099609375 -0.324798583984375
0.069793701171875 0.0249824523925781 -0.19140625 0.093994140625
0.0749130249023438 -0.0106201171875 0.069580078125 0.205902099609375
0.0143051147460937 -0.09259033203125 0.2113037109375 0.0624847412109375
-0.0492668151855469 -0.0546875 0.120635986328125 -0.029998779296875
-0.0575408935546875 -0.00158309936523437 0.0344314575195312 -0.0132713317871094
-0.0307464599609375 0.0347385406494141 0.012451171875 0.0408210754394531
-0.00912094116210937 0.0405006408691406 0.0202102661132812 0.079986572265625
-0.0111865997314453 0.0314216613769531 0.0263519287109375 0.100387573242188
-0.00714874267578125 0.0348758697509766 0.00358581542968748 0.167144775390625
-0.0215206146240234 0.0311660766601563 -0.0854339599609375 0.218002319335938
-0.0298061370849609 0.01531982421875 -0.2015380859375 0.198776245117188
-0.0443496704101563 -0.00789260864257812 -0.318328857421875 0.050567626953125
-0.0242576599121094 -0.0479621887207031 -0.323272705078125 -0.188140869140625
0.00959014892578125 -0.0364494323730469 -0.212051391601563 -0.277755737304687
0.0212764739990234 -0.0225429534912109 -0.07763671875 -0.337615966796875
0.160110473632813 0.077117919921875 -0.18035888671875 0.08917236328125
0.172119140625 -0.024505615234375 0.0397491455078125 0.1904296875
0.066925048828125 -0.176559448242188 0.18365478515625 0.097412109375
-0.0853958129882813 -0.130928039550781 0.14263916015625 0.0135040283203125
-0.130317687988281 -0.01873779296875 0.0771484375 -0.0165786743164063
-0.082550048828125 0.0820541381835938 0.0333747863769531 0.0170707702636719
-0.0253067016601563 0.0968475341796875 0.0198440551757813 0.053863525390625
-0.0243301391601562 0.0774154663085938 0.0225677490234375 0.0826644897460938
-0.0171127319335937 0.086517333984375 0.00286865234374999 0.158843994140625
-0.0461807250976563 0.0757522583007813 -0.0758209228515625 0.215713500976563
-0.07861328125 0.036407470703125 -0.18988037109375 0.197677612304688
-0.092132568359375 -0.0314788818359375 -0.30908203125 0.0606689453125
-0.01885986328125 -0.116584777832031 -0.321685791015625 -0.166717529296875
0.0787200927734375 -0.0787124633789063 -0.21844482421875 -0.266448974609375
0.109573364257813 0.010833740234375 -0.075408935546875 -0.332611083984375
0.221893310546875 0.108856201171875 -0.155044555664063 0.106857299804687
0.230850219726563 -0.0495147705078125 0.0110321044921875 0.19195556640625
0.083343505859375 -0.23541259765625 0.162765502929688 0.150466918945312
-0.117446899414063 -0.16986083984375 0.186676025390625 0.06121826171875
-0.173843383789063 -0.0211944580078125 0.137626647949219 -0.029083251953125
-0.112098693847656 0.114097595214844 0.0643310546875 -0.0280952453613281
-0.036346435546875 0.133201599121094 0.019012451171875 0.00728416442871095
-0.035736083984375 0.112472534179687 0.0150794982910156 0.051910400390625
-0.0247039794921875 0.130340576171875 -0.00270080566406249 0.135719299316406
-0.06976318359375 0.1162109375 -0.069915771484375 0.1944580078125
-0.127403259277344 0.0533981323242188 -0.178924560546875 0.176284790039063
-0.139854431152344 -0.0580596923828125 -0.290771484375 0.0511169433593749
-0.0076904296875 -0.182113647460938 -0.29876708984375 -0.156280517578125
0.143798828125 -0.110198974609375 -0.202499389648437 -0.254684448242188
0.181716918945312 0.04473876953125 -0.049468994140625 -0.309967041015625
0.249176025390625 0.11761474609375 -0.118865966796875 0.142578125
0.2430419921875 -0.0704498291015625 0.00100708007812502 0.21807861328125
0.0720977783203125 -0.249755859375 0.172119140625 0.204147338867187
-0.1309814453125 -0.165145874023438 0.248397827148438 0.0882720947265625
-0.178482055664063 -0.011962890625 0.196868896484375 -0.0577239990234375
-0.114219665527344 0.12518310546875 0.0920486450195312 -0.084503173828125
-0.0420379638671875 0.1466064453125 0.0153694152832031 -0.0471992492675781
-0.04266357421875 0.131683349609375 0.00585174560546875 0.0140666961669922
-0.0321044921875 0.15863037109375 -0.0102996826171875 0.0990753173828125
-0.09393310546875 0.143341064453125 -0.0652618408203125 0.152618408203125
-0.170913696289063 0.0568389892578125 -0.159088134765625 0.132736206054688
-0.170913696289063 -0.093536376953125 -0.253372192382812 0.028717041015625
0.0194549560546875 -0.230880737304687 -0.258071899414062 -0.1431884765625
0.199691772460938 -0.117431640625 -0.17327880859375 -0.236846923828125
0.2252197265625 0.0766143798828125 -0.00868225097656251 -0.273513793945313
0.2410888671875 0.107925415039063 -0.0732421875 0.191009521484375
0.215789794921875 -0.0733642578125 0.02288818359375 0.254547119140625
0.0527191162109375 -0.219207763671875 0.207809448242188 0.23297119140625
-0.116233825683594 -0.132972717285156 0.3062744140625 0.0802001953125
-0.150558471679688 -0.00274658203125001 0.235809326171875 -0.096832275390625
-0.097808837890625 0.116012573242188 0.105278015136719 -0.139625549316406
-0.0419921875 0.137588500976563 0.0097808837890625 -0.09765625
-0.043975830078125 0.130813598632813 -0.00445365905761719 -0.0266227722167969
-0.039703369140625 0.163909912109375 -0.0177955627441406 0.0491561889648438
-0.114395141601562 0.145553588867188 -0.0552291870117188 0.0918807983398438
-0.191360473632813 0.0369415283203125 -0.123565673828125 0.0775222778320312
-0.166351318359375 -0.1287841796875 -0.1976318359375 0.00936889648437497
0.0626678466796875 -0.239837646484375 -0.214691162109375 -0.1163330078125
0.229522705078125 -0.092529296875 -0.145263671875 -0.2142333984375
0.229644775390625 0.101638793945313 0.0407562255859375 -0.226654052734375
0.200180053710938 0.0838775634765625 -0.021636962890625 0.2398681640625
0.167922973632813 -0.05596923828125 0.0679931640625 0.281402587890625
0.0389862060546875 -0.16107177734375 0.250076293945313 0.228103637695313
-0.0819778442382813 -0.0921096801757813 0.341827392578125 0.048828125
-0.104278564453125 0.00082397460937499 0.249237060546875 -0.132568359375
-0.0717620849609375 0.0895767211914063 0.107559204101563 -0.181732177734375
-0.037811279296875 0.108375549316406 0.00117492675781251 -0.138557434082031
-0.040802001953125 0.110389709472656 -0.013885498046875 -0.0637702941894531
-0.0435638427734375 0.143829345703125 -0.0205726623535156 -0.00523757934570312
-0.116783142089844 0.118400573730469 -0.0370941162109375 0.0273857116699219
-0.171737670898438 0.00410461425781249 -0.074676513671875 0.0315399169921875
-0.12017822265625 -0.141036987304688 -0.138694763183594 0.0109939575195313
0.09832763671875 -0.193435668945312 -0.193710327148438 -0.0809173583984376
0.213775634765625 -0.0411224365234375 -0.13238525390625 -0.197341918945313
0.190383911132813 0.110504150390625 0.0894622802734375 -0.175262451171875
0.134185791015625 0.0514297485351563 0.0289764404296875 0.27960205078125
0.109870910644531 -0.025238037109375 0.121246337890625 0.29229736328125
0.03033447265625 -0.0959548950195313 0.28302001953125 0.203948974609375
-0.0415611267089844 -0.0543479919433594 0.353668212890625 0.01043701171875
-0.0552253723144531 -0.00132369995117187 0.246627807617188 -0.159805297851563
-0.0439033508300781 0.0533256530761719 0.099090576171875 -0.208908081054687
-0.0308341979980469 0.067047119140625 -0.0089569091796875 -0.165069580078125
-0.0323715209960938 0.0735549926757813 -0.0221939086914063 -0.092193603515625
-0.0404586791992188 0.0982208251953125 -0.0202178955078125 -0.0510406494140625
-0.0924911499023437 0.0700836181640625 -0.0149688720703125 -0.0233745574951172
-0.111473083496094 -0.0211334228515625 -0.03033447265625 0.00829696655273437
-0.0526046752929688 -0.108261108398437 -0.100227355957031 0.026947021484375
0.0943222045898438 -0.106170654296875 -0.19879150390625 -0.0573883056640625
0.145156860351563 0.0084075927734375 -0.126602172851563 -0.195098876953125
0.11553955078125 0.0906143188476563 0.129547119140625 -0.127685546875
-0.0376930236816406 -0.0376358032226563 -0.183197021484375 0.125946044921875
-0.0381813049316406 -9.15527343749968E-05 0.106582641601563 0.2156982421875
-0.0502281188964844 0.00699234008789064 0.231063842773437 0.03363037109375
-0.0059967041015625 0.0366439819335938 0.115707397460937 -0.0553817749023437
0.0303249359130859 0.0166301727294922 0.0210380554199219 -0.0122241973876953
0.0285453796386719 -0.0226459503173828 0.0127792358398438 0.0408210754394531
0.00577545166015625 -0.0245304107666016 0.0243377685546875 0.0796661376953125
0.00444793701171875 -0.0191364288330078 0.0267715454101562 0.102561950683594
0.00437355041503906 -0.0200214385986328 0.004180908203125 0.167236328125
0.00509071350097656 -0.0106039047241211 -0.092041015625 0.218795776367188
0.0176506042480469 -0.00394821166992188 -0.21270751953125 0.199752807617187
0.000173568725585936 0.0161294937133789 -0.3316650390625 0.0413818359375001
-0.0326786041259766 0.0203151702880859 -0.3294677734375 -0.212249755859375
-0.0597457885742188 0.00739669799804688 -0.1998291015625 -0.290191650390625
-0.0724563598632813 -0.0550994873046875 -0.071685791015625 -0.336151123046875
0.0740432739257813 0.0231857299804688 -0.1942138671875 0.102737426757812
0.077117919921875 -0.0123748779296875 0.07904052734375 0.207199096679687
0.0118942260742187 -0.0941314697265625 0.2222900390625 0.05413818359375
-0.0529327392578125 -0.0550117492675781 0.123588562011719 -0.0357742309570312
-0.0590591430664062 -0.000751495361328127 0.0351009368896484 -0.0153255462646484
-0.029541015625 0.0370216369628906 0.0162010192871094 0.0403976440429688
-0.0068206787109375 0.0428848266601563 0.0234146118164063 0.0793991088867188
-0.00913429260253906 0.0324554443359375 0.0283432006835938 0.0998764038085938
-0.00489616394042969 0.0348262786865234 0.00794982910156249 0.169204711914063
-0.019989013671875 0.0328598022460938 -0.079498291015625 0.2257080078125
-0.0297451019287109 0.0164051055908203 -0.199127197265625 0.209762573242187
-0.0449295043945312 -0.00637054443359376 -0.3277587890625 0.0640869140625
-0.0285263061523438 -0.0471572875976562 -0.3414306640625 -0.181610107421875
0.009063720703125 -0.0368423461914063 -0.229110717773438 -0.278732299804688
0.0206985473632813 -0.0233974456787109 -0.09173583984375 -0.34808349609375
0.169952392578125 0.0759124755859375 -0.182708740234375 0.0988616943359375
0.177825927734375 -0.0294952392578125 0.0471649169921875 0.192657470703125
0.0625152587890625 -0.182968139648438 0.193771362304688 0.09027099609375
-0.0926971435546875 -0.133056640625 0.146987915039063 0.00683593749999999
-0.135269165039063 -0.0160140991210937 0.0785903930664062 -0.01959228515625
-0.0811767578125 0.0876922607421875 0.0371360778808594 0.0154571533203125
-0.0208816528320312 0.100311279296875 0.0223884582519531 0.052886962890625
-0.021942138671875 0.08013916015625 0.0244827270507812 0.0822830200195313
-0.01312255859375 0.0889358520507813 0.00723266601562499 0.161453247070313
-0.0430526733398437 0.0799026489257813 -0.0697174072265625 0.222747802734375
-0.078033447265625 0.0401229858398438 -0.187652587890625 0.209365844726562
-0.0953140258789063 -0.0283279418945313 -0.317901611328125 0.07366943359375
-0.0253524780273438 -0.118064880371094 -0.33880615234375 -0.160186767578125
0.0779495239257813 -0.0817794799804688 -0.235198974609375 -0.266647338867188
0.113540649414063 0.00847625732421875 -0.08953857421875 -0.343505859375
0.234817504882813 0.10675048828125 -0.155364990234375 0.11602783203125
0.238510131835938 -0.057708740234375 0.0159759521484375 0.19573974609375
0.077545166015625 -0.244842529296875 0.17340087890625 0.14703369140625
-0.1263427734375 -0.171875 0.194595336914063 0.055511474609375
-0.1802978515625 -0.017059326171875 0.140945434570313 -0.0351715087890625
-0.109382629394531 0.121315002441406 0.0676651000976563 -0.0318717956542969
-0.0310745239257813 0.138458251953125 0.0200214385986328 0.00580215454101563
-0.0324859619140625 0.116523742675781 0.0162429809570312 0.0521278381347656
-0.0192413330078125 0.133316040039063 0.00151824951171876 0.139289855957031
-0.065826416015625 0.122413635253906 -0.0648651123046875 0.201522827148437
-0.127670288085937 0.0594024658203125 -0.177215576171875 0.186981201171875
-0.14471435546875 -0.0544891357421875 -0.298919677734375 0.062835693359375
-0.0161285400390625 -0.185562133789063 -0.31536865234375 -0.150054931640625
0.144989013671875 -0.116973876953125 -0.218719482421875 -0.25506591796875
0.18963623046875 0.041412353515625 -0.063140869140625 -0.3209228515625
0.263107299804688 0.115127563476563 -0.116806030273437 0.152847290039063
0.249740600585937 -0.0792694091796875 0.00724792480468752 0.223007202148438
0.064971923828125 -0.259048461914063 0.184555053710938 0.202560424804687
-0.140960693359375 -0.16632080078125 0.259490966796875 0.0806732177734375
-0.183883666992188 -0.00755310058593752 0.199722290039063 -0.067291259765625
-0.112091064453125 0.132461547851563 0.093780517578125 -0.0913543701171875
-0.0364532470703125 0.151931762695313 0.0146217346191406 -0.0497474670410156
-0.0386428833007813 0.136398315429688 0.00569820404052734 0.0130815505981445
-0.026336669921875 0.163055419921875 -0.0072784423828125 0.102104187011719
-0.0899200439453125 0.151641845703125 -0.060638427734375 0.158172607421875
-0.17230224609375 0.0643463134765625 -0.159088134765625 0.1417236328125
-0.178573608398438 -0.08953857421875 -0.261795043945313 0.038238525390625
0.0104522705078125 -0.23822021484375 -0.272171020507813 -0.137954711914063
0.202774047851563 -0.126739501953125 -0.187942504882813 -0.2373046875
0.236785888671875 0.07415771484375 -0.019378662109375 -0.28369140625
0.253646850585938 0.105224609375 -0.06781005859375 0.201934814453125
0.222381591796875 -0.0810546875 0.0295257568359375 0.260528564453125
0.04638671875 -0.225860595703125 0.22357177734375 0.23211669921875
-0.12384033203125 -0.1328125 0.318603515625 0.07073974609375
-0.154296875 0.000991821289062495 0.239105224609375 -0.10906982421875
-0.0946807861328125 0.122154235839844 0.106216430664063 -0.147857666015625
-0.0372772216796875 0.142532348632812 0.00659942626953125 -0.100807189941406
-0.04052734375 0.136009216308594 -0.00535011291503907 -0.0269813537597656
-0.034027099609375 0.169403076171875 -0.0156059265136719 0.051177978515625
-0.110214233398437 0.154647827148438 -0.0531234741210938 0.0954208374023438
-0.194534301757812 0.0450286865234375 -0.124801635742188 0.0822525024414062
-0.175735473632812 -0.126815795898438 -0.203765869140625 0.015838623046875
0.0550384521484375 -0.249069213867187 -0.22711181640625 -0.111648559570313
0.2347412109375 -0.101150512695313 -0.159622192382812 -0.214584350585938
0.242767333984375 0.0999908447265625 0.0339202880859375 -0.235794067382813
0.21142578125 0.08245849609375 -0.0135040283203125 0.250991821289062
0.1729736328125 -0.0609130859375 0.07745361328125 0.28729248046875
0.0338134765625 -0.165298461914063 0.26690673828125 0.226272583007813
-0.0863723754882813 -0.0922317504882813 0.35308837890625 0.036590576171875
-0.106895446777344 0.00359344482421874 0.252227783203125 -0.146072387695313
-0.06951904296875 0.093902587890625 0.105545043945313 -0.191131591796875
-0.0340576171875 0.112846374511719 -0.003631591796875 -0.1409912109375
-0.0375213623046875 0.115371704101563 -0.0153274536132813 -0.0644378662109375
-0.0384063720703125 0.148712158203125 -0.0212249755859375 -0.00433540344238281
-0.114082336425781 0.127128601074219 -0.0371360778808594 0.0288314819335938
-0.177169799804688 0.01068115234375 -0.0759506225585938 0.033477783203125
-0.1285400390625 -0.14166259765625 -0.14276123046875 0.01495361328125
0.0939483642578125 -0.202774047851563 -0.203689575195313 -0.0746002197265625
0.220596313476563 -0.048492431640625 -0.145614624023438 -0.19720458984375
0.202423095703125 0.110321044921875 0.08544921875 -0.183975219726563
0.140960693359375 0.0503387451171875 0.038726806640625 0.2896728515625
0.113418579101563 -0.0285797119140625 0.1334228515625 0.297698974609375
0.028594970703125 -0.0980148315429688 0.2989501953125 0.20001220703125
-0.0437088012695313 -0.0549507141113281 0.3643798828125 -0.003173828125
-0.0567398071289063 -0.000705718994140632 0.247268676757813 -0.173202514648438
-0.0426445007324219 0.0559883117675781 0.095672607421875 -0.2178955078125
-0.0291900634765625 0.0705108642578125 -0.0144805908203125 -0.1676025390625
-0.0301132202148437 0.076812744140625 -0.0244979858398438 -0.0925521850585938
-0.0364608764648438 0.10247802734375 -0.021575927734375 -0.0511550903320312
-0.091064453125 0.0755691528320313 -0.0165729522705078 -0.0238113403320312
-0.1153564453125 -0.01885986328125 -0.0311756134033203 0.00806617736816407
-0.0573806762695312 -0.110282897949219 -0.102577209472656 0.0316162109375
0.0934066772460938 -0.11199951171875 -0.208145141601562 -0.0496826171875
0.151565551757813 0.004913330078125 -0.14056396484375 -0.19464111328125
0.123306274414063 0.091400146484375 0.128196716308594 -0.135757446289063
-0.041717529296875 -0.0367393493652344 -0.179946899414063 0.137939453125
-0.0391960144042969 0.00208282470703124 0.122451782226562 0.211883544921875
-0.0508003234863281 0.0121498107910156 0.238723754882813 0.018157958984375
-0.00411224365234375 0.037322998046875 0.113670349121094 -0.064910888671875
0.0316276550292969 0.0146141052246094 0.0213851928710938 -0.0133419036865234
0.0271930694580078 -0.0245132446289063 0.0162734985351563 0.0380477905273438
0.00542259216308594 -0.0253429412841797 0.0286178588867188 0.0776443481445313
0.00392532348632813 -0.0200557708740234 0.03076171875 0.100479125976563
0.00385665893554688 -0.0214481353759766 0.01129150390625 0.167739868164063
0.00467777252197266 -0.0109329223632812 -0.081329345703125 0.225830078125
0.016937255859375 -0.00486373901367188 -0.204605102539062 0.213592529296875
0.00143814086914062 0.0176334381103516 -0.33599853515625 0.0626220703125001
-0.0332622528076172 0.0240097045898437 -0.3494873046875 -0.1961669921875
-0.059234619140625 0.0115165710449219 -0.220672607421875 -0.2845458984375
-0.0775222778320312 -0.052764892578125 -0.091827392578125 -0.34136962890625
0.07720947265625 0.0197296142578125 -0.191909790039063 0.11474609375
0.0793609619140625 -0.0157470703125 0.09295654296875 0.204559326171875
0.00695037841796874 -0.0945816040039063 0.231002807617187 0.0382537841796875
-0.056732177734375 -0.0537223815917969 0.122894287109375 -0.0458450317382813
-0.0613670349121094 0.00229263305664062 0.035104751586914 -0.0175685882568359
-0.0276145935058594 0.0401458740234375 0.0202789306640625 0.0380020141601563
-0.00286483764648438 0.0430831909179688 0.028411865234375 0.0776901245117188
-0.0068359375 0.0328845977783203 0.0320587158203125 0.09783935546875
-0.00230026245117187 0.0348873138427734 0.0154571533203125 0.170394897460937
-0.0172691345214844 0.0354881286621094 -0.0677032470703125 0.231491088867187
-0.0285854339599609 0.0179443359375 -0.189987182617187 0.22369384765625
-0.045684814453125 -0.00346374511718751 -0.330902099609375 0.0855712890625
-0.0335235595703125 -0.0445327758789063 -0.3599853515625 -0.164520263671875
0.0074310302734375 -0.0368804931640625 -0.249237060546875 -0.270797729492188
0.0197296142578125 -0.0241260528564453 -0.113800048828125 -0.35302734375
0.179092407226563 0.0683135986328125 -0.1793212890625 0.110809326171875
0.181991577148438 -0.0384521484375 0.0587005615234375 0.191864013671875
0.053924560546875 -0.188827514648438 0.203323364257813 0.0778656005859375
-0.102310180664063 -0.130683898925781 0.149703979492187 -0.00292968750000001
-0.140052795410156 -0.00930786132812499 0.078826904296875 -0.0257034301757813
-0.0765304565429688 0.0936279296875 0.040618896484375 0.0116691589355469
-0.01373291015625 0.102699279785156 0.0256004333496094 0.0510177612304688
-0.017425537109375 0.08197021484375 0.0274505615234375 0.080902099609375
-0.00672149658203126 0.0896987915039063 0.0151824951171875 0.162765502929688
-0.0371170043945313 0.0834426879882812 -0.05767822265625 0.228790283203125
-0.075439453125 0.0440826416015625 -0.178543090820312 0.221923828125
-0.0972366333007813 -0.0228652954101563 -0.320343017578125 0.09442138671875
-0.0344696044921875 -0.115928649902344 -0.35540771484375 -0.143463134765625
0.0752716064453125 -0.0858001708984375 -0.256088256835938 -0.258056640625
0.116386413574219 0.00362396240234375 -0.111602783203125 -0.34722900390625
0.247589111328125 0.096527099609375 -0.14959716796875 0.128036499023437
0.242050170898438 -0.069915771484375 0.026611328125 0.19671630859375
0.0656280517578125 -0.2530517578125 0.185455322265625 0.13671875
-0.139007568359375 -0.168411254882813 0.201278686523438 0.0440826416015625
-0.185775756835938 -0.00825500488281254 0.141372680664063 -0.0449371337890625
-0.10272216796875 0.129875183105469 0.0689773559570313 -0.0386238098144531
-0.0220794677734375 0.142059326171875 0.0202407836914063 0.0039043426513672
-0.0259933471679687 0.11993408203125 0.0182228088378906 0.0509910583496094
-0.0108413696289063 0.134986877441406 0.00910949707031251 0.14129638671875
-0.057403564453125 0.127845764160156 -0.05328369140625 0.20751953125
-0.124801635742188 0.0674057006835938 -0.169052124023437 0.200042724609375
-0.14898681640625 -0.0465240478515625 -0.30255126953125 0.08209228515625
-0.028656005859375 -0.185775756835938 -0.330596923828125 -0.13433837890625
0.141632080078125 -0.125595092773438 -0.2381591796875 -0.24737548828125
0.1968994140625 0.032867431640625 -0.083160400390625 -0.3265380859375
0.277297973632812 0.103683471679687 -0.108108520507812 0.164016723632813
0.252334594726563 -0.0927276611328125 0.017425537109375 0.2257080078125
0.052001953125 -0.26593017578125 0.200653076171875 0.193588256835937
-0.152557373046875 -0.161361694335938 0.268768310546875 0.06640625
-0.189590454101562 0.00193786621093751 0.19976806640625 -0.0807342529296875
-0.104324340820312 0.140914916992188 0.0911941528320313 -0.100357055664063
-0.0263214111328125 0.156829833984375 0.0123405456542969 -0.0516929626464844
-0.0321273803710938 0.140350341796875 0.00627517700195313 0.0130214691162109
-0.01568603515625 0.165496826171875 -0.000625610351562511 0.104766845703125
-0.0794219970703125 0.15869140625 -0.05218505859375 0.163253784179688
-0.170486450195313 0.0750732421875 -0.154159545898438 0.151473999023437
-0.186492919921875 -0.08026123046875 -0.266128540039063 0.054534912109375
-0.00469970703124998 -0.241958618164062 -0.286895751953125 -0.124176025390625
0.200653076171875 -0.138900756835938 -0.206283569335937 -0.229995727539063
0.246673583984375 0.064056396484375 -0.03680419921875 -0.290374755859375
0.266036987304688 0.0948638916015625 -0.0561370849609375 0.211257934570313
0.223800659179688 -0.0930023193359375 0.0439300537109375 0.264053344726563
0.0344696044921875 -0.231216430664063 0.240447998046875 0.221694946289062
-0.133499145507813 -0.127220153808594 0.32855224609375 0.052276611328125
-0.157119750976563 0.0084075927734375 0.236557006835938 -0.125274658203125
-0.087799072265625 0.128555297851563 0.101547241210938 -0.157760620117188
-0.027587890625 0.147171020507813 0.00147247314453125 -0.102912902832031
-0.0336990356445312 0.140380859375 -0.00549888610839844 -0.0271682739257812
-0.022430419921875 0.172576904296875 -0.0121078491210937 0.0538711547851563
-0.0997772216796875 0.16424560546875 -0.049102783203125 0.09930419921875
-0.19476318359375 0.05718994140625 -0.123153686523438 0.09002685546875
-0.186264038085938 -0.120040893554687 -0.208755493164063 0.02825927734375
0.04132080078125 -0.256362915039063 -0.238662719726562 -0.098602294921875
0.235733032226563 -0.115585327148438 -0.17578125 -0.207443237304688
0.254837036132812 0.0914154052734375 0.019561767578125 -0.24334716796875
0.221206665039063 0.0736846923828125 0.0023345947265625 0.259384155273437
0.173736572265625 -0.0703125 0.093780517578125 0.289886474609375
0.025238037109375 -0.167938232421875 0.2845458984375 0.215240478515625
-0.0931167602539062 -0.0883255004882813 0.361968994140625 0.0155029296875
-0.108940124511719 0.00772857666015626 0.247238159179688 -0.163955688476563
-0.063507080078125 0.098541259765625 0.0976715087890625 -0.200881958007813
-0.0264816284179688 0.117630004882813 -0.00991821289062501 -0.142303466796875
-0.0322494506835938 0.118759155273438 -0.0171623229980469 -0.0639228820800781
-0.0294647216796875 0.15228271484375 -0.0212020874023438 -0.00163078308105468
-0.106719970703125 0.136955261230469 -0.0365142822265625 0.0307235717773438
-0.179763793945313 0.020538330078125 -0.07537841796875 0.036651611328125
-0.138519287109375 -0.137893676757813 -0.14501953125 0.023590087890625
0.0844573974609375 -0.211700439453125 -0.213134765625 -0.0611724853515625
0.224365234375 -0.0608978271484375 -0.162933349609375 -0.189651489257813
0.215255737304687 0.103256225585938 0.07568359375 -0.192108154296875
0.147079467773437 0.045166015625 0.058380126953125 0.296356201171875
0.115432739257812 -0.0341415405273437 0.150421142578125 0.296600341796875
0.023284912109375 -0.0998611450195313 0.31658935546875 0.185516357421875
-0.0472564697265625 -0.0528640747070313 0.370269775390625 -0.025421142578125
-0.0574913024902344 0.000980377197265616 0.241348266601563 -0.191177368164063
-0.0390129089355469 0.0591888427734375 0.08599853515625 -0.22723388671875
-0.0242233276367188 0.0748748779296875 -0.022552490234375 -0.166854858398438
-0.0260162353515625 0.0796737670898438 -0.0273208618164062 -0.091156005859375
-0.030120849609375 0.105484008789063 -0.0240211486816406 -0.0496978759765625
-0.0866470336914063 0.0832901000976563 -0.0190677642822266 -0.0242176055908203
-0.119117736816406 -0.0130233764648437 -0.0313625335693359 0.00818061828613282
-0.0647659301757813 -0.110107421875 -0.1021728515625 0.03826904296875
0.0894851684570313 -0.119552612304688 -0.216323852539063 -0.0354461669921875
0.156585693359375 -0.00250244140625 -0.157089233398437 -0.188156127929688
0.132720947265625 0.0879058837890625 0.1224365234375 -0.145523071289063
-0.044891357421875 -0.0342025756835938 -0.169342041015625 0.146652221679688
-0.0391311645507813 0.00520324707031249 0.134628295898438 0.20001220703125
-0.0492630004882812 0.0175056457519531 0.238021850585938 -0.000167846679687499
-0.00140380859375 0.037384033203125 0.10845947265625 -0.0727767944335938
0.031951904296875 0.0118865966796875 0.0208892822265625 -0.0146522521972656
0.0253219604492188 -0.0257034301757813 0.0187110900878906 0.0351829528808594
0.00416183471679687 -0.0250473022460938 0.0330276489257813 0.0735397338867188
0.00242996215820313 -0.0206108093261719 0.0338287353515625 0.095947265625
0.00239753723144531 -0.0217399597167969 0.0181427001953125 0.163894653320313
0.00506305694580078 -0.0103721618652344 -0.067169189453125 0.22576904296875
0.0170011520385742 -0.00601863861083984 -0.188369750976562 0.221908569335938
0.00221633911132813 0.0179347991943359 -0.329559326171875 0.08233642578125
-0.0330181121826172 0.0269756317138672 -0.3583984375 -0.172576904296875
-0.0565299987792969 0.014862060546875 -0.235198974609375 -0.269119262695313
-0.07989501953125 -0.04876708984375 -0.11114501953125 -0.334747314453125
0.0775222778320313 0.0152740478515625 -0.18182373046875 0.12481689453125
0.0797042846679688 -0.0195388793945313 0.104248046875 0.195343017578125
0.00203704833984376 -0.09246826171875 0.232177734375 0.0198211669921875
-0.0596160888671875 -0.0496292114257813 0.118698120117188 -0.0543441772460938
-0.0622024536132813 0.00521087646484375 0.0336647033691406 -0.0196952819824219
-0.0246047973632812 0.0420761108398438 0.0230674743652344 0.0350151062011719
0.000133514404296876 0.0427474975585938 0.0319061279296875 0.0731124877929688
-0.00522422790527344 0.0321674346923828 0.0353240966796875 0.093475341796875
-5.7220458984378E-05 0.0334815979003906 0.0227508544921875 0.166259765625
-0.0133132934570313 0.0357322692871094 -0.053680419921875 0.23150634765625
-0.0255794525146484 0.0189189910888672 -0.174407958984375 0.23114013671875
-0.0442543029785156 -0.00020980834960938 -0.322845458984375 0.10540771484375
-0.0362014770507813 -0.0395469665527344 -0.367706298828125 -0.1405029296875
0.0056915283203125 -0.0359039306640625 -0.263580322265625 -0.254364013671875
0.01800537109375 -0.0256729125976563 -0.13458251953125 -0.345703125
0.182525634765625 0.0575714111328125 -0.169723510742188 0.120346069335938
0.180938720703125 -0.0477294921875 0.0698699951171875 0.18505859375
0.04315185546875 -0.189193725585937 0.206634521484375 0.0609283447265625
-0.109138488769531 -0.123397827148438 0.14752197265625 -0.0128021240234375
-0.141220092773438 -0.00109863281249998 0.0764007568359375 -0.0304183959960938
-0.0695114135742188 0.0976943969726563 0.0422325134277344 0.00704193115234376
-0.006195068359375 0.102531433105469 0.027801513671875 0.0473556518554688
-0.012786865234375 0.0813674926757812 0.0304641723632812 0.0774612426757813
-0.00115203857421875 0.0873794555664063 0.0234527587890625 0.15972900390625
-0.0299758911132813 0.0839157104492188 -0.04339599609375 0.228469848632813
-0.0706558227539062 0.0472564697265625 -0.162582397460938 0.229812622070312
-0.0965118408203125 -0.0164413452148438 -0.313262939453125 0.113922119140625
-0.0408782958984375 -0.109306335449219 -0.362518310546875 -0.12005615234375
0.070465087890625 -0.0884246826171875 -0.269515991210938 -0.240707397460937
0.115806579589844 -0.00167083740234375 -0.132354736328125 -0.339324951171875
0.252166748046875 0.0824432373046875 -0.139297485351562 0.135910034179687
0.23876953125 -0.0823974609375 0.0374908447265625 0.191802978515625
0.0512847900390625 -0.253311157226563 0.191497802734375 0.121200561523437
-0.147552490234375 -0.157928466796875 0.201919555664063 0.030914306640625
-0.186004638671875 0.00283813476562499 0.137382507324219 -0.0536270141601563
-0.0931320190429688 0.134353637695312 0.0671234130859375 -0.0447883605957031
-0.0120849609375 0.142105102539063 0.0206851959228516 0.000970840454101571
-0.0189743041992188 0.119903564453125 0.0197219848632813 0.0486640930175781
-0.0020294189453125 0.132270812988281 0.017181396484375 0.139572143554688
-0.0465927124023437 0.128974914550781 -0.0400238037109375 0.20733642578125
-0.1173095703125 0.0738983154296875 -0.155517578125 0.20623779296875
-0.149169921875 -0.0366973876953125 -0.2962646484375 0.100341796875
-0.0397796630859375 -0.180206298828125 -0.336883544921875 -0.112396240234375
0.134323120117188 -0.13134765625 -0.251754760742188 -0.229690551757812
0.197906494140625 0.023406982421875 -0.10308837890625 -0.319976806640625
0.28131103515625 0.088897705078125 -0.0954742431640625 0.169876098632813
0.246597290039062 -0.105133056640625 0.0301666259765625 0.222885131835937
0.036712646484375 -0.26617431640625 0.209197998046875 0.178726196289062
-0.159942626953125 -0.150527954101563 0.270309448242188 0.048736572265625
-0.18829345703125 0.012054443359375 0.192916870117188 -0.0923614501953125
-0.093505859375 0.14556884765625 0.0865707397460938 -0.106666564941406
-0.0157623291015625 0.156021118164063 0.0096588134765625 -0.0525093078613281
-0.02294921875 0.140792846679688 0.00685024261474609 0.0123472213745117
-0.00477600097656251 0.162948608398438 0.00620269775390626 0.104629516601563
-0.0663604736328125 0.161422729492188 -0.04217529296875 0.164779663085938
-0.162399291992187 0.0839385986328125 -0.1439208984375 0.15850830078125
-0.188888549804688 -0.069000244140625 -0.26226806640625 0.07073974609375
-0.019439697265625 -0.237503051757813 -0.291839599609375 -0.1044921875
0.192703247070313 -0.148345947265625 -0.2186279296875 -0.214126586914063
0.250259399414063 0.051055908203125 -0.0548095703125 -0.28607177734375
0.270950317382813 0.0796051025390625 -0.040863037109375 0.214263916015625
0.218307495117188 -0.103744506835938 0.05731201171875 0.259017944335938
0.021484375 -0.228759765625 0.251785278320313 0.204940795898438
-0.138626098632813 -0.117996215820312 0.328765869140625 0.03167724609375
-0.1556396484375 0.0164337158203125 0.226104736328125 -0.138916015625
-0.0779571533203125 0.13177490234375 0.09234619140625 -0.164260864257812
-0.0169830322265625 0.147140502929688 -0.00243377685546876 -0.1015625
-0.0252304077148437 0.140525817871094 -0.00603485107421875 -0.0265979766845703
-0.01153564453125 0.170089721679687 -0.00802993774414063 0.0550575256347656
-0.0863800048828125 0.167816162109375 -0.0424957275390625 0.101409912109375
-0.189285278320313 0.0677032470703125 -0.1175537109375 0.0950851440429688
-0.19189453125 -0.108322143554688 -0.206192016601562 0.0404205322265625
0.0254669189453125 -0.255813598632813 -0.242568969726563 -0.0825958251953126
0.2294921875 -0.126556396484375 -0.1881103515625 -0.192886352539063
0.26031494140625 0.077667236328125 0.00389099121093751 -0.242416381835938
0.22393798828125 0.062469482421875 0.019622802734375 0.259170532226563
0.1697998046875 -0.078704833984375 0.10870361328125 0.282501220703125
0.0164642333984375 -0.166244506835938 0.295196533203125 0.195648193359375
-0.095672607421875 -0.081207275390625 0.35882568359375 -0.00695800781250001
-0.106918334960938 0.01251220703125 0.234100341796875 -0.177230834960938
-0.0558013916015625 0.100265502929688 0.085540771484375 -0.206283569335938
-0.0182418823242187 0.118217468261719 -0.0170516967773437 -0.139137268066406
-0.0245742797851563 0.118927001953125 -0.0186920166015625 -0.0620079040527344
-0.0189056396484375 0.151153564453125 -0.0192070007324219 0.000232696533203131
-0.09454345703125 0.141860961914063 -0.0347461700439453 0.0330772399902344
-0.17633056640625 0.03094482421875 -0.073333740234375 0.039093017578125
-0.1456298828125 -0.129837036132813 -0.142852783203125 0.032501220703125
0.07196044921875 -0.214706420898438 -0.214599609375 -0.0456542968750001
0.22198486328125 -0.0720977783203125 -0.17425537109375 -0.175872802734375
0.221450805664063 0.0915374755859375 0.062164306640625 -0.194992065429688
0.14959716796875 0.037628173828125 0.076507568359375 0.29327392578125
0.114639282226563 -0.0390167236328125 0.16522216796875 0.287139892578125
0.0181427001953125 -0.0985641479492188 0.325225830078125 0.164886474609375
-0.0482826232910156 -0.0489425659179688 0.364959716796875 -0.04840087890625
-0.0577163696289063 0.0031585693359375 0.226974487304688 -0.203353881835938
-0.0341262817382813 0.0601577758789062 0.0727081298828125 -0.230331420898438
-0.018646240234375 0.0758285522460938 -0.02996826171875 -0.162155151367188
-0.0212326049804688 0.0810089111328125 -0.029052734375 -0.0882492065429687
-0.0228958129882813 0.104988098144531 -0.0252952575683594 -0.047149658203125
-0.0790939331054688 0.0881729125976562 -0.0203170776367187 -0.0222816467285156
-0.118888854980469 -0.00617980957031252 -0.0308132171630859 0.00791740417480469
-0.0704269409179688 -0.106864929199219 -0.0989837646484375 0.0440521240234375
0.0834274291992188 -0.122184753417969 -0.216949462890625 -0.0185699462890625
0.157882690429688 -0.010406494140625 -0.169540405273437 -0.1734619140625
0.138046264648438 0.0807876586914063 0.111557006835938 -0.150787353515625
-0.0468826293945313 -0.0321426391601562 -0.159988403320312 0.147964477539063
-0.0373497009277344 0.00693893432617187 0.138809204101563 0.188751220703125
-0.0462532043457031 0.0207176208496094 0.233062744140625 -0.012451171875
0.000335693359374997 0.03765869140625 0.102104187011719 -0.0765151977539062
0.0300121307373047 0.0108432769775391 0.0198192596435547 -0.0157432556152344
0.0234432220458984 -0.0248565673828125 0.0187664031982422 0.0314235687255859
0.00419425964355469 -0.023956298828125 0.0327415466308594 0.06842041015625
0.00149345397949219 -0.0197467803955078 0.0338592529296875 0.0909271240234375
0.000661849975585937 -0.0214214324951172 0.020904541015625 0.15753173828125
0.00516605377197266 -0.0100717544555664 -0.058135986328125 0.220382690429687
0.0159988403320313 -0.00649070739746094 -0.1761474609375 0.221450805664062
0.00346946716308594 0.01812744140625 -0.318267822265625 0.093841552734375
-0.0317859649658203 0.0294113159179687 -0.357330322265625 -0.154632568359375
-0.0538139343261719 0.0160789489746094 -0.239700317382813 -0.254745483398438
-0.0806350708007813 -0.0450439453125 -0.120849609375 -0.325225830078125
0.0765228271484375 0.0116806030273438 -0.172637939453125 0.127365112304688
0.0779266357421875 -0.0208053588867187 0.109619140625 0.185287475585938
-0.000137329101562504 -0.0895919799804688 0.227508544921875 0.00720214843749999
-0.059417724609375 -0.0458602905273438 0.112777709960938 -0.0592193603515625
-0.0620498657226563 0.00739669799804688 0.0318717956542969 -0.0213489532470703
-0.0218658447265625 0.0418128967285156 0.0238094329833984 0.0308723449707031
0.00307464599609375 0.04193115234375 0.0330963134765625 0.0680694580078125
-0.00402450561523438 0.0313682556152344 0.0354461669921875 0.0888519287109375
0.000457763671875001 0.0322170257568359 0.026031494140625 0.160659790039063
-0.0108280181884766 0.0343666076660156 -0.0447235107421875 0.225448608398437
-0.0243911743164063 0.0187397003173828 -0.16217041015625 0.230224609375
-0.042266845703125 0.00188446044921874 -0.311859130859375 0.11572265625
-0.0371894836425781 -0.0341377258300781 -0.364410400390625 -0.1234130859375
0.00559806823730468 -0.0351028442382812 -0.265716552734375 -0.2386474609375
0.0160369873046875 -0.0248756408691406 -0.143646240234375 -0.335113525390625
0.1812744140625 0.05035400390625 -0.160507202148438 0.1224365234375
0.177337646484375 -0.0515899658203125 0.07464599609375 0.17718505859375
0.03704833984375 -0.186447143554688 0.204208374023438 0.047943115234375
-0.110755920410156 -0.116859436035156 0.142791748046875 -0.0200653076171875
-0.139625549316406 0.00404357910156248 0.0735015869140625 -0.0327606201171875
-0.0632095336914062 0.0981979370117188 0.0421562194824219 0.00305557250976563
-0.00106048583984375 0.0998992919921875 0.0285224914550781 0.0432777404785156
-0.00959014892578125 0.0799331665039063 0.0300369262695312 0.073486328125
0.00183868408203125 0.0838699340820313 0.0272979736328125 0.154083251953125
-0.024505615234375 0.0811920166015625 -0.034210205078125 0.222946166992187
-0.0656318664550781 0.0478172302246094 -0.150543212890625 0.22821044921875
-0.0929641723632813 -0.011962890625 -0.302581787109375 0.123779296875
-0.0438385009765625 -0.102706909179687 -0.35833740234375 -0.102783203125
0.0662841796875 -0.0878448486328125 -0.272216796875 -0.225616455078125
0.112831115722656 -0.00438690185546875 -0.141448974609375 -0.3292236328125
0.250823974609375 0.0730438232421875 -0.129341125488281 0.136283874511719
0.233657836914063 -0.08697509765625 0.0429840087890625 0.185546875
0.042816162109375 -0.249008178710938 0.19110107421875 0.1083984375
-0.149688720703125 -0.148757934570313 0.196945190429688 0.021697998046875
-0.183441162109375 0.0093994140625 0.1319580078125 -0.0579452514648438
-0.0843276977539063 0.1348876953125 0.0647850036621094 -0.0484733581542969
-0.00504302978515625 0.1387939453125 0.0202159881591797 -0.00102233886718749
-0.0146484375 0.117713928222656 0.020172119140625 0.0457534790039063
0.00322723388671875 0.127838134765625 0.0222396850585938 0.135055541992188
-0.038787841796875 0.125648498535156 -0.030517578125 0.202301025390625
-0.110076904296875 0.074920654296875 -0.144882202148437 0.2061767578125
-0.1458740234375 -0.0304412841796875 -0.286590576171875 0.110565185546875
-0.0448455810546875 -0.1708984375 -0.334259033203125 -0.09686279296875
0.127784729003906 -0.13165283203125 -0.25421142578125 -0.215103149414062
0.1947021484375 0.0174407958984375 -0.113372802734375 -0.31048583984375
0.279159545898438 0.0782928466796875 -0.0848388671875 0.168472290039063
0.240859985351563 -0.110305786132813 0.03619384765625 0.216537475585937
0.0278167724609375 -0.259918212890625 0.210464477539063 0.165725708007813
-0.160491943359375 -0.140518188476563 0.265625 0.03692626953125
-0.184417724609375 0.018402099609375 0.184844970703125 -0.098052978515625
-0.084320068359375 0.144195556640625 0.0816650390625 -0.109375
-0.00817871093749999 0.152450561523437 0.00816726684570312 -0.0523414611816406
-0.0178909301757813 0.137916564941406 0.00785732269287109 0.0107660293579102
0.000762939453124988 0.157577514648438 0.0114974975585938 0.101615905761719
-0.057159423828125 0.1583251953125 -0.034088134765625 0.16107177734375
-0.154052734375 0.0874786376953125 -0.135787963867188 0.15911865234375
-0.185775756835938 -0.0602569580078125 -0.253936767578125 0.0793304443359375
-0.0269622802734375 -0.228561401367188 -0.289398193359375 -0.09027099609375
0.184829711914063 -0.150863647460938 -0.22174072265625 -0.199920654296875
0.247467041015625 0.043182373046875 -0.06524658203125 -0.278228759765625
0.26788330078125 0.0708465576171875 -0.0299835205078125 0.2109375
0.211990356445313 -0.107437133789063 0.0638580322265625 0.252975463867188
0.01458740234375 -0.222091674804687 0.253128051757813 0.190628051757812
-0.137931823730469 -0.1094970703125 0.32147216796875 0.0181884765625
-0.151962280273438 0.0216217041015625 0.215072631835938 -0.144393920898438
-0.06951904296875 0.129981994628906 0.0844268798828125 -0.164810180664062
-0.00956726074218751 0.14398193359375 -0.00583648681640624 -0.0990066528320312
-0.0198745727539062 0.137985229492188 -0.0053863525390625 -0.0261745452880859
-0.00483703613281249 0.16522216796875 -0.00371170043945313 0.0541725158691406
-0.0760345458984375 0.166122436523438 -0.0375823974609375 0.100257873535156
-0.181320190429688 0.0733489990234375 -0.111862182617188 0.0959930419921875
-0.190933227539063 -0.09912109375 -0.200393676757813 0.0478973388671875
0.016815185546875 -0.250152587890625 -0.239730834960937 -0.069488525390625
0.222824096679688 -0.131927490234375 -0.191650390625 -0.18011474609375
0.259109497070313 0.0690155029296875 -0.00680541992187499 -0.23748779296875
0.2216796875 0.0540008544921875 0.030426025390625 0.253570556640625
0.165512084960937 -0.0813751220703125 0.115615844726563 0.27496337890625
0.012176513671875 -0.161483764648438 0.29620361328125 0.179779052734375
-0.0947418212890625 -0.0756607055664063 0.350067138671875 -0.02069091796875
-0.105339050292969 0.0157699584960937 0.221694946289063 -0.181686401367188
-0.0495758056640625 0.0985260009765625 0.076324462890625 -0.20465087890625
-0.0117874145507813 0.116195678710937 -0.0204696655273437 -0.134994506835937
-0.0202484130859375 0.117874145507812 -0.0178108215332031 -0.0602493286132812
-0.01275634765625 0.146804809570313 -0.0168972015380859 0.0012187957763672
-0.0853424072265625 0.141159057617188 -0.0326652526855469 0.0331020355224609
-0.171478271484375 0.0365142822265625 -0.0713043212890625 0.0393905639648437
-0.146560668945313 -0.1220703125 -0.138870239257813 0.036834716796875
0.0636749267578125 -0.2115478515625 -0.21063232421875 -0.0337066650390625
0.217071533203125 -0.077880859375 -0.1771240234375 -0.162368774414063
0.221221923828125 0.0845184326171875 0.0518341064453125 -0.192535400390625
0.147735595703125 0.0331268310546875 0.0870361328125 0.285980224609375
0.11260986328125 -0.0416030883789063 0.171600341796875 0.277145385742188
0.0162353515625 -0.0957412719726562 0.32537841796875 0.149658203125
-0.0480804443359375 -0.0457572937011719 0.35443115234375 -0.06085205078125
-0.0559768676757812 0.00458908081054687 0.213287353515625 -0.2064208984375
-0.0300979614257812 0.0592994689941406 0.0618743896484375 -0.22637939453125
-0.0133895874023437 0.0750885009765625 -0.032379150390625 -0.156875610351562
-0.0179061889648438 0.0798187255859375 -0.0278778076171875 -0.0852813720703125
-0.0184173583984375 0.102684020996094 -0.0242385864257812 -0.0445823669433594
-0.0724639892578125 0.0882415771484375 -0.0203971862792969 -0.0209236145019531
-0.116981506347656 -0.00189208984375001 -0.0302524566650391 0.00757026672363281
-0.0722427368164063 -0.102973937988281 -0.0943374633789063 0.04779052734375
0.0792999267578125 -0.122428894042969 -0.212905883789062 -0.00636291503906248
0.156707763671875 -0.01483154296875 -0.173416137695313 -0.159912109375
0.139228820800781 0.0765609741210938 0.102584838867188 -0.150543212890625
-0.0478973388671875 -0.0309371948242188 -0.155471801757813 0.145965576171875
-0.0366363525390625 0.00813674926757813 0.139404296875 0.182479858398438
-0.0437088012695313 0.0224533081054687 0.22991943359375 -0.01947021484375
0.00116348266601562 0.0371780395507813 0.0976715087890625 -0.0779647827148438
0.0295295715332031 0.0113162994384766 0.0184116363525391 -0.0161037445068359
0.0234794616699219 -0.0238227844238281 0.0178146362304688 0.0293922424316406
0.00430488586425781 -0.0235042572021484 0.0317344665527344 0.0647926330566406
0.000776290893554687 -0.0191078186035156 0.03131103515625 0.0875244140625
0.00072479248046875 -0.0208930969238281 0.019317626953125 0.153854370117188
0.00560760498046875 -0.0102596282958984 -0.05523681640625 0.21575927734375
0.0154218673706055 -0.00671768188476563 -0.17181396484375 0.218246459960938
0.00404167175292969 0.0185260772705078 -0.312347412109375 0.09686279296875
-0.031097412109375 0.030487060546875 -0.353912353515625 -0.14764404296875
-0.0521125793457031 0.0157356262207031 -0.237289428710937 -0.248336791992188
-0.0802688598632813 -0.0433731079101563 -0.120941162109375 -0.3204345703125
0.074371337890625 0.0122528076171875 -0.168228149414063 0.126312255859375
0.0785369873046875 -0.0203628540039063 0.110595703125 0.18048095703125
0.00109863281250001 -0.0878524780273437 0.2237548828125 -6.10351562500054E-05
-0.0585823059082031 -0.0450668334960938 0.108383178710938 -0.0611495971679688
-0.0626945495605469 0.00897216796875001 0.0302276611328125 -0.0213413238525391
-0.0204200744628906 0.0426559448242188 0.0237979888916016 0.0281219482421875
0.0045623779296875 0.0413436889648438 0.0315933227539063 0.0648918151855469
-0.00348091125488281 0.0306854248046875 0.032745361328125 0.0852813720703125
0.000469207763671873 0.0308628082275391 0.0251007080078125 0.156600952148438
-0.00905418395996093 0.0325832366943359 -0.0424652099609375 0.220291137695313
-0.0229644775390625 0.0176334381103516 -0.157440185546875 0.227188110351563
-0.0399703979492188 0.00249099731445312 -0.30572509765625 0.119110107421875
-0.0366477966308594 -0.0311393737792969 -0.36004638671875 -0.1162109375
0.0057525634765625 -0.0340366363525391 -0.26361083984375 -0.232955932617187
0.0150356292724609 -0.0232658386230469 -0.144378662109375 -0.33038330078125
0.178680419921875 0.0491943359375 -0.156158447265625 0.121063232421875
0.176742553710938 -0.051788330078125 0.075164794921875 0.172592163085937
0.0362091064453125 -0.18389892578125 0.200531005859375 0.0403900146484375
-0.1094970703125 -0.113624572753906 0.138214111328125 -0.0223541259765625
-0.138870239257812 0.00684356689453125 0.0709457397460937 -0.033416748046875
-0.0595855712890625 0.0975570678710938 0.0416908264160156 0.000480651855468756
0.00191497802734376 0.0979766845703125 0.0274124145507813 0.0403175354003906
-0.00897979736328125 0.078765869140625 0.0283164978027344 0.0700874328613281
0.00241851806640624 0.081878662109375 0.0276947021484375 0.150802612304688
-0.0218887329101563 0.0781784057617188 -0.0307464599609375 0.21759033203125
-0.0629005432128906 0.0463066101074219 -0.146453857421875 0.2252197265625
-0.089630126953125 -0.0109939575195312 -0.296295166015625 0.1265869140625
-0.0433120727539063 -0.0973358154296875 -0.354644775390625 -0.096435546875
0.065216064453125 -0.0862655639648438 -0.270034790039063 -0.2186279296875
0.110603332519531 -0.0037689208984375 -0.142913818359375 -0.324798583984375
0.248092651367188 0.07098388671875 -0.124244689941406 0.134757995605469
0.232086181640625 -0.08709716796875 0.044769287109375 0.181076049804688
0.0413360595703125 -0.245895385742188 0.189132690429687 0.100967407226562
-0.147842407226563 -0.14501953125 0.192581176757813 0.01849365234375
-0.18109130859375 0.0124053955078125 0.128120422363281 -0.0582199096679688
-0.08013916015625 0.133056640625 0.0643501281738281 -0.0504837036132812
-0.00127410888671875 0.135284423828125 0.0187015533447266 -0.0026111602783203
-0.0133514404296875 0.11578369140625 0.0191459655761719 0.0437202453613281
0.00408935546875001 0.124565124511719 0.023651123046875 0.132110595703125
-0.0342483520507813 0.121543884277344 -0.027618408203125 0.198593139648437
-0.106277465820313 0.0737457275390625 -0.140670776367188 0.204376220703125
-0.141693115234375 -0.028228759765625 -0.28179931640625 0.11285400390625
-0.045135498046875 -0.164947509765625 -0.32940673828125 -0.090179443359375
0.12579345703125 -0.130630493164063 -0.252166748046875 -0.207778930664062
0.192184448242188 0.0177764892578125 -0.115509033203125 -0.305511474609375
0.276107788085938 0.0765380859375 -0.080078125 0.165863037109375
0.238067626953125 -0.109634399414062 0.0378265380859375 0.21258544921875
0.0269622802734375 -0.255813598632813 0.208480834960938 0.157135009765625
-0.158462524414063 -0.135879516601562 0.260879516601563 0.0325164794921875
-0.182342529296875 0.021087646484375 0.179580688476563 -0.0986785888671875
-0.07928466796875 0.141586303710937 0.079071044921875 -0.110748291015625
-0.00347900390625 0.1488037109375 0.00687026977539062 -0.0524253845214844
-0.0162811279296875 0.1361083984375 0.007720947265625 0.00957965850830079
0.0028533935546875 0.154067993164063 0.0132369995117187 0.099365234375
-0.051971435546875 0.15411376953125 -0.0311431884765625 0.158538818359375
-0.149124145507813 0.087310791015625 -0.1322021484375 0.157608032226563
-0.18255615234375 -0.0576324462890625 -0.250228881835938 0.081085205078125
-0.0274810791015625 -0.222915649414062 -0.285491943359375 -0.0841064453125001
0.18243408203125 -0.150039672851563 -0.22027587890625 -0.192779541015625
0.244918823242188 0.043853759765625 -0.068084716796875 -0.273910522460938
0.265029907226563 0.069000244140625 -0.0259857177734375 0.207839965820313
0.209716796875 -0.107498168945313 0.0655517578125 0.248428344726563
0.014007568359375 -0.218048095703125 0.25177001953125 0.18280029296875
-0.134552001953125 -0.105270385742188 0.31622314453125 0.013427734375
-0.149887084960938 0.023162841796875 0.209243774414062 -0.14385986328125
-0.0648040771484375 0.127311706542969 0.0817108154296875 -0.164627075195313
-0.0056915283203125 0.140914916992188 -0.00603485107421876 -0.0979843139648437
-0.0177383422851562 0.136627197265625 -0.004119873046875 -0.0264892578125
-0.00296020507812498 0.161590576171875 -0.0012359619140625 0.0527305603027344
-0.0704803466796875 0.162490844726563 -0.034698486328125 0.0980758666992188
-0.176925659179688 0.0740509033203125 -0.110519409179688 0.0946426391601563
-0.188766479492188 -0.0957183837890625 -0.197357177734375 0.050048828125
0.015106201171875 -0.244918823242188 -0.2349853515625 -0.063568115234375
0.219558715820312 -0.131515502929688 -0.190460205078125 -0.172027587890625
0.257064819335938 0.068359375 -0.00988769531249996 -0.233551025390625
0.219619750976563 0.0532073974609375 0.03326416015625 0.24951171875
0.163848876953125 -0.0812835693359375 0.11688232421875 0.270553588867188
0.0125732421875 -0.157485961914063 0.29376220703125 0.1728515625
-0.0916213989257813 -0.072296142578125 0.343109130859375 -0.024200439453125
-0.103073120117188 0.0163955688476563 0.215469360351563 -0.180862426757813
-0.0461196899414062 0.0963058471679688 0.0736236572265625 -0.201934814453125
-0.00779724121093751 0.114265441894531 -0.0193557739257812 -0.132240295410156
-0.0181121826171875 0.1160888671875 -0.0161361694335937 -0.0598869323730469
-0.0107269287109375 0.143310546875 -0.0144901275634766 0.00137042999267579
-0.07977294921875 0.138496398925781 -0.0310707092285156 0.0325393676757813
-0.168319702148438 0.037750244140625 -0.0710372924804688 0.0382537841796875
-0.146102905273438 -0.119781494140625 -0.135627746582031 0.0383224487304687
0.062530517578125 -0.208740234375 -0.206573486328125 -0.02703857421875
0.215866088867188 -0.0787353515625 -0.176315307617188 -0.15447998046875
0.219863891601562 0.0836944580078125 0.0480194091796875 -0.189239501953125
0.146270751953125 0.0327301025390625 0.0894775390625 0.28106689453125
0.112136840820313 -0.0421066284179688 0.171707153320313 0.273452758789063
0.0167999267578125 -0.0936126708984375 0.321807861328125 0.143157958984375
-0.0464210510253906 -0.0437965393066406 0.34674072265625 -0.063873291015625
-0.05548095703125 0.00500106811523438 0.20660400390625 -0.205047607421875
-0.028076171875 0.0574150085449219 0.0591583251953125 -0.222213745117188
-0.0103530883789062 0.0746688842773438 -0.0318603515625 -0.152297973632813
-0.01580810546875 0.07958984375 -0.025482177734375 -0.0847396850585938
-0.0169601440429687 0.100845336914063 -0.0225715637207031 -0.0437164306640625
-0.068389892578125 0.0870513916015625 -0.0205059051513672 -0.0209693908691406
-0.115882873535156 -0.00104522705078126 -0.030517578125 0.00666999816894531
-0.0715713500976562 -0.101768493652344 -0.091461181640625 0.0486526489257812
0.07855224609375 -0.120796203613281 -0.208755493164063 4.57763671875318E-05
0.156707763671875 -0.0163726806640625 -0.173995971679688 -0.152374267578125
0.138465881347656 0.07623291015625 0.0977325439453125 -0.148590087890625
-0.0497894287109375 -0.0301361083984375 -0.157485961914063 0.145584106445313
-0.0359992980957031 0.00865936279296875 0.142059326171875 0.182342529296875
-0.0431365966796875 0.0229454040527344 0.231414794921875 -0.024017333984375
0.00171279907226562 0.0376434326171875 0.0965576171875 -0.0797042846679687
0.0290813446044922 0.0122890472412109 0.0183563232421875 -0.015350341796875
0.0238418579101562 -0.0225391387939453 0.0171527862548828 0.0288219451904297
0.00593376159667969 -0.0235347747802734 0.0293121337890625 0.0636672973632813
0.0021514892578125 -0.0185165405273438 0.027374267578125 0.08782958984375
0.000289916992187501 -0.0201339721679687 0.0166015625 0.154815673828125
0.00600433349609375 -0.0109977722167969 -0.0583343505859375 0.21429443359375
0.0152626037597656 -0.00683689117431641 -0.173477172851562 0.218826293945313
0.00431060791015625 0.0189971923828125 -0.315704345703125 0.0976562500000001
-0.0313835144042969 0.0321750640869141 -0.356536865234375 -0.149383544921875
-0.0525894165039063 0.0141105651855469 -0.238876342773437 -0.251571655273438
-0.0811767578125 -0.04443359375 -0.11932373046875 -0.326019287109375
0.0748291015625 0.0137786865234375 -0.1700439453125 0.125259399414062
0.08154296875 -0.019805908203125 0.11181640625 0.18017578125
0.00239562988281251 -0.08935546875 0.22528076171875 -0.0053558349609375
-0.0586280822753906 -0.0455818176269531 0.107650756835938 -0.0621795654296875
-0.0638961791992188 0.0104942321777344 0.030242919921875 -0.0207138061523438
-0.0194358825683594 0.0427398681640625 0.0230522155761719 0.0273933410644531
0.0057830810546875 0.0408210754394531 0.0295372009277344 0.0634803771972656
-0.00406455993652344 0.0317668914794922 0.029754638671875 0.0844955444335938
0.000213623046874998 0.0316448211669922 0.0229949951171875 0.156936645507813
-0.008453369140625 0.0313549041748047 -0.0431976318359375 0.219436645507813
-0.0224761962890625 0.0161705017089844 -0.159286499023438 0.227157592773438
-0.038970947265625 0.00244903564453124 -0.30963134765625 0.119384765625
-0.0358657836914063 -0.0293159484863281 -0.3634033203125 -0.117401123046875
0.0064239501953125 -0.0344696044921875 -0.265029907226563 -0.236495971679688
0.0149726867675781 -0.0229415893554688 -0.143951416015625 -0.335174560546875
0.180999755859375 0.0518035888671875 -0.157089233398437 0.120330810546875
0.181793212890625 -0.051177978515625 0.0765838623046875 0.172637939453125
0.0380401611328125 -0.186569213867188 0.200881958007813 0.0360870361328125
-0.109649658203125 -0.11529541015625 0.137588500976563 -0.0229721069335938
-0.141311645507813 0.00781249999999997 0.0712432861328125 -0.0334854125976563
-0.0587158203125 0.0981369018554688 0.0416450500488281 -0.00147247314453124
0.00306701660156249 0.0976333618164063 0.0253257751464844 0.0391197204589844
-0.00887298583984374 0.0796432495117187 0.0254287719726563 0.0699195861816406
0.00183868408203125 0.081878662109375 0.026947021484375 0.151275634765625
-0.0209426879882812 0.076171875 -0.03204345703125 0.217391967773437
-0.0626640319824219 0.0451202392578125 -0.148544311523437 0.225997924804687
-0.0885772705078125 -0.0110321044921875 -0.3009033203125 0.128387451171875
-0.0423202514648438 -0.0957412719726563 -0.357330322265625 -0.097930908203125
0.066925048828125 -0.0862884521484375 -0.270950317382813 -0.221710205078125
0.111679077148438 -0.00122833251953125 -0.142822265625 -0.329833984375
0.25103759765625 0.0746917724609375 -0.124595642089844 0.134765625
0.237472534179688 -0.0864410400390625 0.0447845458984375 0.182174682617188
0.0435791015625 -0.248580932617188 0.188644409179688 0.098480224609375
-0.147323608398438 -0.1466064453125 0.193557739257813 0.018951416015625
-0.1834716796875 0.0134735107421875 0.129058837890625 -0.0587234497070313
-0.078826904296875 0.133125305175781 0.0647010803222656 -0.0522079467773438
0.000816345214843761 0.13482666015625 0.0172290802001953 -0.00344276428222655
-0.0129013061523437 0.117034912109375 0.0175628662109375 0.0425872802734375
0.00376129150390625 0.12445068359375 0.0237503051757813 0.132476806640625
-0.0339889526367188 0.119766235351562 -0.02777099609375 0.197952270507813
-0.106101989746094 0.0727386474609375 -0.142318725585937 0.205459594726563
-0.140945434570313 -0.0289459228515625 -0.285797119140625 0.114288330078125
-0.0434112548828125 -0.164215087890625 -0.3331298828125 -0.0909423828125
0.128349304199219 -0.130630493164063 -0.254196166992188 -0.2099609375
0.1939697265625 0.021728515625 -0.116180419921875 -0.309783935546875
0.279205322265625 0.0795440673828125 -0.079376220703125 0.166366577148438
0.243667602539063 -0.109848022460938 0.0377044677734375 0.2137451171875
0.0294189453125 -0.257766723632813 0.208847045898437 0.156219482421875
-0.156936645507813 -0.13775634765625 0.262741088867187 0.03350830078125
-0.184127807617187 0.0214385986328125 0.180572509765625 -0.09918212890625
-0.078399658203125 0.141983032226562 0.0796661376953125 -0.113006591796875
-0.00170898437499999 0.149261474609375 0.00591278076171875 -0.0533256530761719
-0.0159683227539062 0.137588500976563 0.00736045837402344 0.00908088684082032
0.00241088867187499 0.153411865234375 0.0146713256835937 0.0996551513671875
-0.0509796142578125 0.152191162109375 -0.0316314697265625 0.158706665039063
-0.14971923828125 0.0870513916015625 -0.135086059570313 0.159072875976562
-0.182586669921875 -0.0585174560546875 -0.2529296875 0.083465576171875
-0.02606201171875 -0.2235107421875 -0.287017822265625 -0.084320068359375
0.185455322265625 -0.149551391601563 -0.22149658203125 -0.193954467773438
0.24755859375 0.047882080078125 -0.0682220458984375 -0.277572631835938
0.268157958984375 0.07293701171875 -0.0257568359375 0.20867919921875
0.213729858398438 -0.106842041015625 0.0652313232421875 0.251785278320313
0.0167388916015625 -0.21966552734375 0.253128051757813 0.183013916015625
-0.132957458496094 -0.106971740722656 0.317474365234375 0.013702392578125
-0.15081787109375 0.0236358642578125 0.210662841796875 -0.14453125
-0.0639572143554688 0.126228332519531 0.0829925537109375 -0.166641235351563
-0.00344085693359375 0.1405029296875 -0.00621032714843751 -0.0983200073242187
-0.017913818359375 0.137504577636719 -0.00432586669921875 -0.0279750823974609
-0.00337219238281251 0.161865234375 -4.95910644531211E-05 0.0527801513671875
-0.06915283203125 0.16131591796875 -0.0356826782226563 0.0984268188476563
-0.178024291992188 0.0738067626953125 -0.112869262695313 0.0952224731445313
-0.189010620117188 -0.097991943359375 -0.199020385742188 0.050811767578125
0.0174713134765625 -0.2464599609375 -0.235153198242187 -0.0623626708984375
0.22454833984375 -0.131683349609375 -0.191848754882812 -0.172531127929688
0.260482788085938 0.073883056640625 -0.01068115234375 -0.235504150390625
0.221908569335938 0.0566558837890625 0.033966064453125 0.252059936523438
0.16717529296875 -0.08087158203125 0.116607666015625 0.274658203125
0.01434326171875 -0.158843994140625 0.29638671875 0.17413330078125
-0.090179443359375 -0.0724716186523438 0.345367431640625 -0.024566650390625
-0.103500366210938 0.0167083740234375 0.21649169921875 -0.181381225585938
-0.045257568359375 0.0953216552734375 0.07440185546875 -0.20404052734375
-0.00585174560546876 0.11395263671875 -0.01898193359375 -0.132926940917969
-0.0178680419921875 0.117973327636719 -0.0145263671875 -0.0614700317382813
-0.0111236572265625 0.144302368164063 -0.0126543045043945 9.53674316406347E-05
-0.07940673828125 0.137519836425781 -0.0309085845947266 0.0322322845458984
-0.169876098632812 0.0371551513671875 -0.0724411010742188 0.0380172729492188
-0.14654541015625 -0.122329711914062 -0.136741638183594 0.0391159057617187
0.06646728515625 -0.209945678710937 -0.206008911132813 -0.02459716796875
0.2205810546875 -0.078582763671875 -0.178543090820313 -0.153793334960938
0.223831176757813 0.0885009765625 0.0474395751953125 -0.190689086914062
0.14837646484375 0.0357666015625 0.089874267578125 0.28521728515625
0.114433288574219 -0.0425033569335938 0.172775268554688 0.278030395507813
0.0183792114257812 -0.0944137573242188 0.324188232421875 0.144195556640625
-0.0444793701171875 -0.044036865234375 0.349945068359375 -0.0634765625
-0.0567245483398437 0.00524139404296875 0.20806884765625 -0.204757690429688
-0.0264930725097656 0.0572280883789063 0.06097412109375 -0.2230224609375
-0.00832366943359376 0.075042724609375 -0.029754638671875 -0.153060913085937
-0.0155181884765625 0.0802459716796875 -0.023162841796875 -0.086273193359375
-0.016876220703125 0.102043151855469 -0.0201988220214844 -0.0448684692382812
-0.0681610107421875 0.0862579345703125 -0.0202808380126953 -0.0213756561279297
-0.117294311523438 -0.00103759765625 -0.0315799713134766 0.00553894042968751
-0.0716094970703125 -0.103797912597656 -0.0911483764648438 0.0500411987304688
0.0821380615234375 -0.121826171875 -0.209060668945313 0.00407409667968745
0.160659790039063 -0.0156097412109375 -0.176284790039062 -0.15130615234375
0.141098022460938 0.0804595947265625 0.0977630615234375 -0.148422241210938
-0.0527572631835938 -0.0295982360839844 -0.161056518554688 0.149887084960938
-0.0360984802246094 0.00862884521484376 0.149185180664063 0.185455322265625
-0.0436058044433594 0.0231552124023438 0.238357543945313 -0.0320281982421875
0.00255584716796875 0.0385513305664063 0.0976028442382813 -0.084320068359375
0.0300273895263672 0.0134105682373047 0.0184421539306641 -0.01544189453125
0.025665283203125 -0.0232830047607422 0.0167293548583984 0.0292644500732422
0.00662422180175781 -0.0244255065917969 0.0277900695800781 0.0648765563964844
0.00226020812988281 -0.0193347930908203 0.0255661010742188 0.0901641845703125
-0.000444412231445314 -0.019622802734375 0.0150146484375 0.159393310546875
0.00593376159667969 -0.0114574432373047 -0.060577392578125 0.219833374023438
0.0158395767211914 -0.00837135314941406 -0.178497314453125 0.22735595703125
0.00531768798828125 0.0200080871582031 -0.326568603515625 0.10528564453125
-0.0319805145263672 0.0339679718017578 -0.37286376953125 -0.15142822265625
-0.0547676086425781 0.0135002136230469 -0.248504638671875 -0.25994873046875
-0.084991455078125 -0.0452117919921875 -0.125457763671875 -0.34063720703125
0.077423095703125 0.0152053833007813 -0.1749267578125 0.129959106445313
0.0875091552734375 -0.02099609375 0.118179321289063 0.183624267578125
0.00261688232421876 -0.0934371948242188 0.231964111328125 -0.012603759765625
-0.0599098205566406 -0.0472259521484375 0.108367919921875 -0.0664443969726563
-0.0664482116699219 0.0125961303710937 0.0302963256835937 -0.0213909149169922
-0.0187187194824219 0.0452041625976562 0.0235309600830078 0.0273342132568359
0.0078125 0.0420036315917969 0.0284347534179688 0.0645980834960938
-0.00306320190429687 0.0333213806152344 0.026824951171875 0.0873565673828125
3.81469726562484E-05 0.0325984954833984 0.02252197265625 0.161346435546875
-0.00816154479980469 0.03070068359375 -0.0445556640625 0.226287841796875
-0.0229225158691406 0.015960693359375 -0.163314819335937 0.236358642578125
-0.0392951965332031 0.00312805175781251 -0.31976318359375 0.12701416015625
-0.0364532470703125 -0.0281028747558594 -0.379119873046875 -0.118438720703125
0.00640869140625 -0.0367813110351563 -0.276290893554688 -0.2430419921875
0.0139446258544922 -0.0219058990478516 -0.150390625 -0.349273681640625
0.188385009765625 0.054534912109375 -0.160629272460938 0.12420654296875
0.191070556640625 -0.05364990234375 0.08148193359375 0.176284790039063
0.039276123046875 -0.194503784179687 0.206649780273438 0.0304412841796875
-0.113510131835938 -0.119194030761719 0.140838623046875 -0.0254974365234375
-0.146865844726563 0.010467529296875 0.0733261108398438 -0.03460693359375
-0.0584564208984375 0.101997375488281 0.04327392578125 -0.00324630737304687
0.00531768798828126 0.0996551513671875 0.0240669250488281 0.0397109985351563
-0.00785827636718749 0.0822372436523438 0.0236434936523437 0.0718536376953125
0.00263214111328126 0.0839309692382813 0.027740478515625 0.155349731445313
-0.0209503173828125 0.0769805908203125 -0.0321502685546875 0.2232666015625
-0.0637550354003906 0.0458641052246094 -0.152679443359375 0.234970092773438
-0.0896072387695313 -0.0113449096679687 -0.309661865234375 0.137420654296875
-0.042816162109375 -0.0964431762695312 -0.371856689453125 -0.09765625
0.0694351196289063 -0.0895309448242187 -0.282440185546875 -0.227996826171875
0.115028381347656 0.000732421875 -0.149993896484375 -0.342559814453125
0.261474609375 0.0774993896484375 -0.127281188964844 0.139320373535156
0.248672485351562 -0.0910491943359375 0.047882080078125 0.1864013671875
0.0441436767578125 -0.25946044921875 0.193771362304687 0.0964508056640625
-0.152633666992188 -0.151824951171875 0.199203491210938 0.017913818359375
-0.189926147460938 0.0170745849609375 0.132240295410156 -0.0614166259765625
-0.0781936645507813 0.137168884277344 0.0666465759277344 -0.0566024780273438
0.00299835205078125 0.137321472167969 0.0158348083496094 -0.00464248657226562
-0.0126800537109375 0.1207275390625 0.0157890319824219 0.043731689453125
0.00486755371093749 0.12860107421875 0.0259475708007812 0.135673522949219
-0.0334320068359375 0.120994567871094 -0.027313232421875 0.203948974609375
-0.10772705078125 0.074371337890625 -0.146743774414063 0.213394165039062
-0.14453125 -0.0296630859375 -0.295013427734375 0.1234130859375
-0.0439453125 -0.167526245117188 -0.345458984375 -0.09136962890625
0.132736206054688 -0.13525390625 -0.26470947265625 -0.216552734375
0.2015380859375 0.0253143310546875 -0.122283935546875 -0.322662353515625
0.290802001953125 0.0836181640625 -0.0799560546875 0.172256469726563
0.254867553710938 -0.113555908203125 0.0408782958984375 0.220062255859375
0.02960205078125 -0.26812744140625 0.216110229492187 0.158172607421875
-0.161422729492187 -0.14190673828125 0.2713623046875 0.0334014892578125
-0.189926147460938 0.0248870849609375 0.186126708984375 -0.102752685546875
-0.077972412109375 0.145355224609375 0.0815505981445312 -0.119064331054687
0.000915527343749986 0.151611328125 0.00489044189453125 -0.0557174682617187
-0.0147705078125 0.141555786132813 0.00649118423461914 0.00833320617675782
0.0047607421875 0.158920288085938 0.016326904296875 0.101837158203125
-0.0501556396484375 0.155364990234375 -0.0310211181640625 0.162933349609375
-0.153274536132813 0.0899200439453125 -0.139373779296875 0.165634155273438
-0.188064575195313 -0.0602264404296875 -0.2625732421875 0.0893096923828125
-0.026824951171875 -0.22967529296875 -0.296600341796875 -0.0858459472656251
0.192977905273438 -0.156814575195313 -0.231002807617188 -0.198043823242187
0.259002685546875 0.052001953125 -0.073944091796875 -0.288421630859375
0.27880859375 0.075836181640625 -0.0247039794921875 0.216949462890625
0.222366333007813 -0.111083984375 0.0699920654296875 0.2608642578125
0.0173187255859375 -0.227523803710938 0.26263427734375 0.186019897460937
-0.135971069335938 -0.109329223632812 0.329254150390625 0.01318359375
-0.155471801757812 0.0263519287109375 0.217147827148437 -0.1512451171875
-0.063140869140625 0.128837585449219 0.0846099853515625 -0.173797607421875
-0.000717163085937499 0.143417358398438 -0.00756072998046874 -0.101806640625
-0.016082763671875 0.143234252929688 -0.00410842895507813 -0.0299243927001953
-0.001373291015625 0.167190551757813 0.00230789184570312 0.0536346435546875
-0.069488525390625 0.164901733398438 -0.03558349609375 0.101287841796875
-0.182876586914063 0.07769775390625 -0.117408752441406 0.0996017456054688
-0.196075439453125 -0.101593017578125 -0.206680297851562 0.0550537109375
0.01861572265625 -0.255294799804688 -0.242568969726563 -0.0618438720703125
0.23370361328125 -0.13800048828125 -0.199691772460937 -0.174560546875
0.272720336914063 0.0784149169921875 -0.0138092041015625 -0.243682861328125
0.230667114257813 0.059783935546875 0.037017822265625 0.261688232421875
0.174957275390625 -0.0849609375 0.123046875 0.2850341796875
0.015594482421875 -0.16387939453125 0.308013916015625 0.176544189453125
-0.09149169921875 -0.0745925903320313 0.35748291015625 -0.0281982421875
-0.106239318847656 0.0183944702148438 0.222030639648437 -0.188796997070312
-0.0446395874023438 0.0968704223632813 0.075897216796875 -0.211273193359375
-0.00247955322265626 0.116157531738281 -0.0197372436523438 -0.13592529296875
-0.0159835815429687 0.121650695800781 -0.0143775939941406 -0.0646553039550781
-0.0101318359375 0.149581909179688 -0.012089729309082 -0.000106811523437488
-0.0794830322265625 0.141159057617188 -0.0313148498535156 0.0326309204101563
-0.175582885742188 0.0400390625 -0.0768814086914063 0.0390396118164062
-0.152587890625 -0.127365112304688 -0.140899658203125 0.042999267578125
0.06915283203125 -0.218917846679688 -0.211212158203125 -0.02130126953125
0.23052978515625 -0.0829620361328125 -0.18585205078125 -0.155349731445313
0.234710693359375 0.0936737060546875 0.0465545654296875 -0.196807861328125
0.154129028320313 0.0371856689453125 0.0944824218750001 0.29681396484375
0.120384216308594 -0.045074462890625 0.181304931640625 0.28875732421875
0.019775390625 -0.0971527099609375 0.337371826171875 0.146392822265625
-0.0443153381347656 -0.0448417663574219 0.36029052734375 -0.069000244140625
-0.0581817626953125 0.00605392456054689 0.213119506835938 -0.212722778320313
-0.0265007019042969 0.0581779479980469 0.062103271484375 -0.230056762695313
-0.00605773925781251 0.0761184692382813 -0.03082275390625 -0.156936645507813
-0.0148696899414062 0.0836639404296875 -0.0231246948242188 -0.0908737182617188
-0.0164871215820313 0.105781555175781 -0.02008056640625 -0.047271728515625
-0.0693817138671875 0.0891799926757812 -0.0207424163818359 -0.0225067138671875
-0.12188720703125 -0.000389099121093736 -0.0333175659179688 0.00557136535644531
-0.074554443359375 -0.108726501464844 -0.0935897827148438 0.0528564453125
0.0861740112304688 -0.127006530761719 -0.214263916015625 0.00950622558593745
0.168365478515625 -0.0174713134765625 -0.184799194335937 -0.151519775390625
0.148300170898438 0.08526611328125 0.0989990234375 -0.153488159179688
-0.05633544921875 -0.02825927734375 -0.163040161132813 0.162368774414063
-0.0357666015625 0.00960922241210937 0.163787841796875 0.185226440429688
-0.0450706481933594 0.0255393981933594 0.24566650390625 -0.0481719970703125
0.00386428833007812 0.0397567749023438 0.0967788696289063 -0.0923309326171875
0.0322933197021484 0.0137691497802734 0.0187549591064453 -0.0157432556152344
0.0268955230712891 -0.0240077972412109 0.0181522369384766 0.0293254852294922
0.00714874267578125 -0.0257949829101563 0.0283012390136719 0.066802978515625
0.00246620178222656 -0.0199451446533203 0.026123046875 0.0935440063476563
-0.000686645507812501 -0.0200653076171875 0.0186309814453125 0.165359497070313
0.00562667846679688 -0.0124292373657227 -0.0567779541015625 0.23077392578125
0.0149736404418945 -0.00926113128662109 -0.17889404296875 0.242889404296875
0.00653648376464844 0.0203876495361328 -0.33807373046875 0.123016357421875
-0.0325355529785156 0.0379676818847656 -0.3963623046875 -0.144012451171875
-0.0568695068359375 0.0147247314453125 -0.269622802734375 -0.262588500976563
-0.0915908813476562 -0.043914794921875 -0.1419677734375 -0.35321044921875
0.0823822021484375 0.0137710571289062 -0.17724609375 0.141082763671875
0.0933074951171875 -0.0261001586914063 0.131240844726563 0.185333251953125
-0.000167846679687491 -0.098785400390625 0.238037109375 -0.027679443359375
-0.0645332336425781 -0.0483360290527344 0.109245300292969 -0.074127197265625
-0.0691909790039063 0.0171279907226563 0.0312442779541016 -0.02325439453125
-0.0167732238769531 0.0478172302246094 0.0252666473388672 0.0259475708007813
0.0101661682128906 0.0412139892578125 0.029144287109375 0.0664291381835938
-0.00136375427246093 0.0347537994384766 0.028106689453125 0.0906143188476563
0.00174331665039062 0.0341434478759766 0.0275421142578125 0.16754150390625
-0.0081329345703125 0.0314617156982422 -0.03985595703125 0.235458374023437
-0.0240898132324219 0.0161991119384766 -0.162216186523437 0.252090454101563
-0.0389633178710937 0.00390243530273438 -0.32940673828125 0.1480712890625
-0.0377044677734375 -0.0269927978515625 -0.4022216796875 -0.1092529296875
0.00475692749023437 -0.0379905700683594 -0.29815673828125 -0.245849609375
0.014068603515625 -0.0211315155029297 -0.169342041015625 -0.362884521484375
0.200424194335938 0.0518951416015625 -0.162506103515625 0.13525390625
0.202392578125 -0.063873291015625 0.09185791015625 0.179840087890625
0.03460693359375 -0.207168579101563 0.213760375976563 0.0194549560546875
-0.123054504394531 -0.121681213378906 0.145004272460938 -0.0319061279296875
-0.15313720703125 0.01800537109375 0.0748748779296875 -0.0384750366210938
-0.0551910400390625 0.107933044433594 0.0450325012207031 -0.00687789916992187
0.0103988647460937 0.102066040039062 0.0244026184082031 0.0404777526855469
-0.00490570068359375 0.0857696533203125 0.0242156982421875 0.07440185546875
0.00587463378906249 0.0878372192382813 0.0331878662109375 0.160659790039063
-0.0194320678710938 0.0781784057617188 -0.0261688232421875 0.231918334960937
-0.0647163391113281 0.048004150390625 -0.150588989257812 0.251876831054688
-0.0918960571289063 -0.01007080078125 -0.319793701171875 0.157257080078125
-0.0464324951171875 -0.0972976684570313 -0.39337158203125 -0.08929443359375
0.0692367553710937 -0.0955123901367188 -0.303802490234375 -0.229217529296875
0.120758056640625 0.00037384033203125 -0.16912841796875 -0.356048583984375
0.277755737304688 0.0732879638671875 -0.126220703125 0.149154663085938
0.260726928710938 -0.104766845703125 0.0580902099609375 0.191635131835937
0.0373077392578125 -0.274215698242188 0.202560424804688 0.089599609375
-0.16424560546875 -0.153854370117187 0.207183837890625 0.0118408203125
-0.1982421875 0.0249481201171875 0.136833190917969 -0.06817626953125
-0.075347900390625 0.14471435546875 0.0676116943359375 -0.0631942749023437
0.00968933105468751 0.14129638671875 0.0151987075805664 -0.00496387481689452
-0.00836181640625 0.125587463378906 0.016265869140625 0.0453567504882813
0.010223388671875 0.132614135742188 0.0317230224609375 0.14007568359375
-0.0308380126953125 0.124717712402344 -0.021942138671875 0.212020874023437
-0.109245300292969 0.081085205078125 -0.146926879882813 0.229476928710938
-0.149459838867187 -0.0266265869140625 -0.305023193359375 0.141693115234375
-0.049835205078125 -0.172439575195313 -0.365142822265625 -0.0827331542968751
0.13482666015625 -0.144882202148438 -0.28399658203125 -0.216064453125
0.21319580078125 0.02362060546875 -0.1400146484375 -0.334747314453125
0.308990478515625 0.079498291015625 -0.0771484375 0.182159423828125
0.264724731445313 -0.128509521484375 0.050628662109375 0.228363037109375
0.022735595703125 -0.281494140625 0.228713989257813 0.154449462890625
-0.172531127929687 -0.142898559570313 0.28363037109375 0.02496337890625
-0.19610595703125 0.034027099609375 0.1907958984375 -0.114898681640625
-0.074188232421875 0.152618408203125 0.0811920166015625 -0.129135131835938
0.00843811035156249 0.15533447265625 0.00244903564453125 -0.0576057434082031
-0.0104217529296875 0.147674560546875 0.00515270233154297 0.00818395614624024
0.0107574462890625 0.164138793945313 0.0210418701171875 0.104621887207031
-0.0472259521484375 0.161407470703125 -0.02642822265625 0.169921875
-0.156402587890625 0.0991668701171875 -0.14080810546875 0.178558349609375
-0.197555541992188 -0.056854248046875 -0.271240234375 0.104598999023437
-0.03314208984375 -0.23931884765625 -0.313140869140625 -0.07708740234375
0.198028564453125 -0.169815063476563 -0.249038696289063 -0.199264526367187
0.275527954101563 0.0502471923828125 -0.088836669921875 -0.29986572265625
0.295135498046875 0.07159423828125 -0.0171661376953125 0.227371215820313
0.231643676757813 -0.124176025390625 0.0820770263671875 0.270294189453125
0.0107574462890625 -0.238876342773437 0.2801513671875 0.183380126953125
-0.143142700195313 -0.110366821289063 0.344635009765625 0.00106811523437499
-0.160125732421875 0.0338134765625 0.220916748046875 -0.164718627929687
-0.0596389770507812 0.134429931640625 0.0821685791015625 -0.185394287109375
0.00572204589843752 0.146484375 -0.0115203857421875 -0.104927062988281
-0.0116424560546875 0.148529052734375 -0.00538063049316406 -0.031351089477539
0.00489807128906249 0.174560546875 0.0047607421875 0.0550346374511719
-0.0660400390625 0.17303466796875 -0.0330963134765625 0.106452941894531
-0.188796997070313 0.087677001953125 -0.120559692382812 0.108818054199219
-0.208908081054688 -0.100311279296875 -0.214401245117188 0.066680908203125
0.01263427734375 -0.267868041992188 -0.254562377929687 -0.0542449951171875
0.241592407226563 -0.152542114257813 -0.21533203125 -0.173934936523437
0.291534423828125 0.076995849609375 -0.0251617431640625 -0.2537841796875
0.2440185546875 0.0564727783203125 0.04803466796875 0.2735595703125
0.181488037109375 -0.094573974609375 0.13897705078125 0.2955322265625
0.011688232421875 -0.171279907226563 0.3277587890625 0.17266845703125
-0.0956039428710938 -0.0752410888671875 0.372314453125 -0.042327880859375
-0.109100341796875 0.0228652954101563 0.225662231445313 -0.205001831054687
-0.0410919189453125 0.100868225097656 0.072265625 -0.223236083984375
0.00276184082031251 0.118949890136719 -0.0241470336914063 -0.140525817871094
-0.0123138427734375 0.12762451171875 -0.0157661437988281 -0.0680618286132812
-0.00494384765624999 0.156463623046875 -0.0108833312988281 -0.00095939636230468
-0.0789337158203125 0.148605346679687 -0.0317420959472656 0.0348911285400391
-0.1827392578125 0.0486297607421875 -0.0798568725585938 0.0432357788085938
-0.164535522460938 -0.129547119140625 -0.14520263671875 0.050201416015625
0.0668487548828125 -0.232681274414063 -0.21966552734375 -0.0125274658203125
0.241073608398438 -0.0948028564453125 -0.201065063476563 -0.1527099609375
0.251937866210938 0.0951080322265625 0.039306640625 -0.2061767578125
0.163345336914063 0.0351104736328125 0.1092529296875 0.30877685546875
0.124916076660156 -0.0513381958007812 0.200714111328125 0.29754638671875
0.0177001953125 -0.101875305175781 0.358154296875 0.1395263671875
-0.0461502075195313 -0.0450820922851563 0.37310791015625 -0.08599853515625
-0.0598945617675781 0.00870132446289062 0.21453857421875 -0.229095458984375
-0.0241279602050781 0.0601310729980469 0.057586669921875 -0.24176025390625
-0.00119781494140626 0.0782089233398438 -0.035552978515625 -0.16156005859375
-0.0111770629882812 0.0882492065429687 -0.025604248046875 -0.094970703125
-0.0130233764648438 0.110496520996094 -0.0208511352539062 -0.049163818359375
-0.06915283203125 0.094573974609375 -0.0220851898193359 -0.0237312316894531
-0.128173828125 0.00373077392578123 -0.035614013671875 0.00571441650390625
-0.0820693969726563 -0.112991333007813 -0.0943603515625 0.0592803955078125
0.0879898071289062 -0.137054443359375 -0.2220458984375 0.0215301513671875
0.178054809570313 -0.02435302734375 -0.199966430664063 -0.149124145507813
0.160064697265625 0.08734130859375 0.095550537109375 -0.16259765625
-0.0606803894042969 -0.0256004333496094 -0.157608032226562 0.176132202148438
-0.0353050231933594 0.0103797912597656 0.180587768554688 0.177627563476563
-0.045379638671875 0.0294113159179688 0.246627807617188 -0.071044921875
0.00581741333007813 0.0401573181152344 0.09197998046875 -0.102195739746094
0.0345287322998047 0.0139274597167969 0.0188808441162109 -0.0172576904296875
0.027618408203125 -0.0268440246582031 0.0194683074951172 0.0281753540039063
0.00656700134277344 -0.0274257659912109 0.0304069519042969 0.0673294067382813
0.00211906433105469 -0.0208969116210938 0.0294113159179688 0.0962371826171875
-0.00140190124511719 -0.0198268890380859 0.0264892578125 0.169586181640625
0.00432491302490234 -0.0130786895751953 -0.04620361328125 0.240188598632812
0.0135688781738281 -0.0110759735107422 -0.169387817382813 0.261825561523438
0.00882339477539063 0.0208816528320313 -0.340576171875 0.14984130859375
-0.0313796997070312 0.04217529296875 -0.42108154296875 -0.123077392578125
-0.0587806701660156 0.0179710388183594 -0.2939453125 -0.255401611328125
-0.0970687866210938 -0.039306640625 -0.167144775390625 -0.359619140625
0.0866622924804688 0.0106048583984375 -0.17431640625 0.155410766601563
0.0971755981445313 -0.0343246459960938 0.147857666015625 0.180068969726563
-0.00704956054687499 -0.102943420410156 0.240310668945313 -0.0492095947265625
-0.0710296630859375 -0.0465621948242188 0.105850219726562 -0.0839691162109375
-0.0702095031738281 0.0234489440917969 0.0307140350341797 -0.0256328582763672
-0.0123023986816406 0.0499153137207031 0.0271453857421875 0.0239696502685547
0.0139007568359375 0.0418777465820313 0.0311927795410156 0.0675468444824219
0.000667572021484377 0.0354385375976563 0.0310745239257812 0.0927886962890625
0.00403213500976563 0.035369873046875 0.0362396240234375 0.170394897460938
-0.00794410705566406 0.0314826965332031 -0.02862548828125 0.243988037109375
-0.024444580078125 0.016876220703125 -0.151901245117188 0.270736694335937
-0.0383872985839844 0.00561523437500001 -0.33001708984375 0.17572021484375
-0.0400543212890625 -0.0236396789550781 -0.424560546875 -0.0872497558593751
0.00140380859375 -0.0396270751953125 -0.323455810546875 -0.23565673828125
0.0138168334960937 -0.0203227996826172 -0.19647216796875 -0.368072509765625
0.211471557617187 0.042022705078125 -0.1583251953125 0.14849853515625
0.208099365234375 -0.0806121826171875 0.107269287109375 0.176864624023438
0.022003173828125 -0.216629028320312 0.217086791992188 0.00161743164062499
-0.135093688964844 -0.119483947753906 0.1456298828125 -0.041961669921875
-0.156585693359375 0.02972412109375 0.0754623413085937 -0.0441741943359375
-0.0481491088867188 0.113380432128906 0.0453414916992188 -0.0119438171386719
0.017669677734375 0.102287292480469 0.0253677368164063 0.0413436889648438
8.39233398437473E-05 0.0883026123046875 0.02716064453125 0.0763702392578125
0.0112686157226563 0.0893630981445313 0.0422210693359375 0.162490844726563
-0.0163803100585938 0.0799636840820313 -0.013397216796875 0.23974609375
-0.0636940002441406 0.0524787902832031 -0.139663696289063 0.26885986328125
-0.093719482421875 -0.00550079345703124 -0.320098876953125 0.184967041015625
-0.0518035888671875 -0.0962371826171875 -0.41400146484375 -0.065765380859375
0.0648269653320313 -0.101760864257813 -0.3291015625 -0.2186279296875
0.126113891601563 -0.00331878662109375 -0.196533203125 -0.3599853515625
0.29254150390625 0.060272216796875 -0.119766235351563 0.160934448242187
0.265716552734375 -0.125717163085938 0.0720367431640625 0.192092895507812
0.02105712890625 -0.286224365234375 0.209915161132813 0.0762939453125
-0.179656982421875 -0.1494140625 0.214385986328125 -0.000610351562500009
-0.201492309570313 0.0401611328125 0.137504577636719 -0.0789794921875
-0.0667572021484375 0.152191162109375 0.06500244140625 -0.071502685546875
0.01873779296875 0.142379760742188 0.014042854309082 -0.0049600601196289
-0.000419616699218752 0.1290283203125 0.0174942016601563 0.0468330383300781
0.0190811157226562 0.13531494140625 0.0401763916015625 0.141342163085938
-0.02496337890625 0.128288269042969 -0.00984191894531251 0.21942138671875
-0.107887268066406 0.0884475708007813 -0.13629150390625 0.246612548828125
-0.154525756835938 -0.019134521484375 -0.305267333984375 0.167755126953125
-0.060546875 -0.1728515625 -0.3831787109375 -0.0620117187500001
0.13043212890625 -0.157333374023438 -0.307861328125 -0.20611572265625
0.223709106445312 0.0156707763671875 -0.16632080078125 -0.339202880859375
0.32373046875 0.064453125 -0.0665740966796875 0.192214965820313
0.267471313476563 -0.150192260742188 0.06695556640625 0.231231689453125
0.00436401367187501 -0.29266357421875 0.24249267578125 0.142578125
-0.18572998046875 -0.137939453125 0.2940673828125 0.00875854492187499
-0.199600219726563 0.0482177734375 0.190231323242188 -0.129470825195313
-0.0650634765625 0.158859252929688 0.0755386352539063 -0.139175415039063
0.0181427001953125 0.156478881835938 -0.00215530395507812 -0.0582733154296875
-0.000564575195312512 0.151962280273438 0.00542259216308594 0.00866889953613282
0.02154541015625 0.167984008789062 0.02862548828125 0.105461120605469
-0.0384674072265625 0.16729736328125 -0.0169219970703125 0.176361083984375
-0.154541015625 0.110916137695312 -0.134490966796875 0.194564819335938
-0.205963134765625 -0.04779052734375 -0.273757934570313 0.127288818359375
-0.0478515625 -0.243850708007813 -0.328460693359375 -0.0599365234375
0.194412231445313 -0.187026977539063 -0.2701416015625 -0.188339233398437
0.2904052734375 0.0400390625 -0.111175537109375 -0.30438232421875
0.309539794921875 0.057830810546875 -0.00234985351562497 0.236480712890625
0.232528686523438 -0.142044067382813 0.102157592773438 0.273788452148438
-0.00334167480468747 -0.246353149414062 0.297576904296875 0.170013427734375
-0.152938842773438 -0.1053466796875 0.35601806640625 -0.020172119140625
-0.1612548828125 0.0449676513671875 0.2171630859375 -0.183929443359375
-0.0521011352539063 0.138916015625 0.0728759765625 -0.1976318359375
0.0162506103515625 0.147750854492188 -0.0180435180664063 -0.106460571289062
-0.002532958984375 0.153167724609375 -0.00742912292480469 -0.0323123931884766
0.0160369873046875 0.178268432617188 0.00907897949218751 0.0551681518554688
-0.0583343505859375 0.18048095703125 -0.0282058715820313 0.110702514648438
-0.188888549804688 0.102188110351563 -0.118972778320312 0.119537353515625
-0.221328735351562 -0.09222412109375 -0.217132568359375 0.083404541015625
-0.00234985351562501 -0.27825927734375 -0.264450073242188 -0.039398193359375
0.242111206054687 -0.172103881835938 -0.233535766601562 -0.163497924804688
0.309600830078125 0.066619873046875 -0.04327392578125 -0.260543823242187
0.256317138671875 0.044342041015625 0.067138671875 0.281768798828125
0.181716918945313 -0.108535766601563 0.162200927734375 0.2972412109375
0.00215148925781249 -0.176589965820313 0.347991943359375 0.15594482421875
-0.100990295410156 -0.0724105834960937 0.381011962890625 -0.06640625
-0.110061645507813 0.0307235717773437 0.218185424804688 -0.2242431640625
-0.0354690551757813 0.103012084960938 0.061248779296875 -0.234268188476563
0.0110244750976562 0.119415283203125 -0.0322113037109375 -0.141937255859375
-0.00380706787109374 0.132209777832031 -0.0201873779296875 -0.0695915222167968
0.0056304931640625 0.160980224609375 -0.0109395980834961 -0.00138664245605468
-0.071807861328125 0.157333374023438 -0.0312385559082031 0.0376663208007813
-0.185714721679688 0.0616302490234375 -0.0809707641601563 0.0497894287109375
-0.178314208984375 -0.124908447265625 -0.145828247070313 0.06195068359375
0.056304931640625 -0.245956420898437 -0.225387573242188 0.00331115722656252
0.245391845703125 -0.11273193359375 -0.218582153320312 -0.141448974609375
0.27056884765625 0.0856781005859375 0.02630615234375 -0.213943481445313
0.17083740234375 0.0276947021484375 0.1312255859375 0.315155029296875
0.12652587890625 -0.0612945556640625 0.226959228515625 0.29656982421875
0.0126571655273438 -0.106056213378906 0.37823486328125 0.1204833984375
-0.0489349365234375 -0.04443359375 0.37896728515625 -0.11199951171875
-0.0602607727050781 0.0124740600585937 0.205581665039063 -0.248077392578125
-0.0201148986816406 0.06201171875 0.0450439453125 -0.252288818359375
0.00493621826171874 0.0791244506835938 -0.044189453125 -0.163101196289063
-0.00525665283203124 0.0912246704101563 -0.0304183959960937 -0.0970840454101563
-0.006011962890625 0.115074157714844 -0.0244636535644531 -0.051361083984375
-0.0656204223632813 0.101654052734375 -0.0249691009521484 -0.0234489440917969
-0.133468627929688 0.0128936767578125 -0.0379714965820313 0.00794601440429687
-0.0922470092773438 -0.113143920898438 -0.0927200317382813 0.0683975219726563
0.0842132568359375 -0.147720336914063 -0.226119995117188 0.0386810302734375
0.183547973632813 -0.0356903076171875 -0.218063354492188 -0.136978149414062
0.174453735351563 0.0835418701171875 0.0866546630859375 -0.171859741210938
-0.062744140625 -0.0215606689453125 -0.145706176757813 0.185897827148437
-0.0346908569335937 0.0102100372314453 0.192703247070313 0.16259765625
-0.0446548461914063 0.0326080322265625 0.236724853515625 -0.091888427734375
0.00745391845703125 0.03955078125 0.0825576782226562 -0.109710693359375
0.0362472534179688 0.0124893188476563 0.0173053741455078 -0.0184898376464844
0.0276889801025391 -0.0287799835205078 0.0200862884521484 0.0260887145996094
0.00497817993164063 -0.0284461975097656 0.0330772399902344 0.0662345886230469
0.00168228149414063 -0.0212249755859375 0.0331954956054688 0.0952301025390625
-0.00203895568847656 -0.01934814453125 0.0350189208984375 0.168441772460938
0.00274276733398438 -0.0126094818115234 -0.0321807861328125 0.2423095703125
0.0112504959106445 -0.0114269256591797 -0.150482177734375 0.273208618164063
0.0112342834472656 0.0195827484130859 -0.329742431640625 0.17584228515625
-0.0289154052734375 0.0452919006347656 -0.432525634765625 -0.0911865234374999
-0.0590858459472656 0.0216941833496094 -0.31280517578125 -0.235687255859375
-0.099395751953125 -0.0316085815429688 -0.1912841796875 -0.3515625
0.0878524780273438 0.00470733642578125 -0.163314819335937 0.1666259765625
0.096832275390625 -0.0435409545898438 0.161102294921875 0.16778564453125
-0.0149993896484375 -0.102653503417969 0.231369018554688 -0.0695648193359375
-0.0754165649414063 -0.0423583984375 0.0981826782226563 -0.0920867919921875
-0.0676994323730469 0.0296974182128906 0.0291271209716797 -0.0273952484130859
-0.0070953369140625 0.0499305725097656 0.0273342132568359 0.0206718444824219
0.0171127319335938 0.0391464233398438 0.0341148376464844 0.0663948059082031
0.00364494323730468 0.0345115661621094 0.0345001220703125 0.0923309326171875
0.00694656372070313 0.0350017547607422 0.044525146484375 0.167999267578125
-0.00630378723144531 0.0323886871337891 -0.014495849609375 0.24560546875
-0.0234260559082031 0.0182304382324219 -0.13372802734375 0.2808837890625
-0.0372657775878906 0.007232666015625 -0.317626953125 0.200347900390625
-0.0405921936035156 -0.0199317932128906 -0.43267822265625 -0.05560302734375
-0.0017852783203125 -0.0386734008789063 -0.3394775390625 -0.21484375
0.0136184692382813 -0.0189208984375 -0.22216796875 -0.358673095703125
0.215118408203125 0.029144287109375 -0.1470947265625 0.158309936523437
0.205123901367188 -0.096435546875 0.11981201171875 0.16748046875
0.00674438476562502 -0.219161987304688 0.211395263671875 -0.0160980224609375
-0.14434814453125 -0.110946655273438 0.141326904296875 -0.052337646484375
-0.153900146484375 0.041473388671875 0.072845458984375 -0.0490493774414063
-0.039337158203125 0.115097045898438 0.0431137084960938 -0.0166397094726562
0.0246200561523437 0.0988693237304688 0.0269355773925781 0.0406455993652344
0.0059661865234375 0.0872116088867187 0.0296630859375 0.0755615234375
0.0178070068359375 0.0877609252929688 0.050811767578125 0.159194946289063
-0.0114364624023437 0.0805130004882813 0.00115966796874998 0.239883422851563
-0.0604972839355469 0.0555305480957031 -0.120956420898438 0.2791748046875
-0.09228515625 -0.0010833740234375 -0.30712890625 0.20855712890625
-0.0567550659179687 -0.0913848876953125 -0.420867919921875 -0.035797119140625
0.058074951171875 -0.104240417480469 -0.344482421875 -0.196502685546875
0.128929138183594 -0.00824737548828125 -0.221710205078125 -0.350067138671875
0.2969970703125 0.042327880859375 -0.107528686523438 0.168014526367187
0.259765625 -0.144927978515625 0.0849609375 0.185272216796875
0.00115966796875003 -0.28790283203125 0.210296630859375 0.060089111328125
-0.190032958984375 -0.138656616210938 0.2135009765625 -0.0151824951171875
-0.198837280273438 0.0548400878906251 0.132118225097656 -0.0885162353515625
-0.054901123046875 0.15386962890625 0.0595245361328125 -0.07843017578125
0.0284881591796875 0.138328552246094 0.0127038955688477 -0.00504970550537109
0.007904052734375 0.128067016601563 0.0187416076660156 0.0464057922363281
0.0280227661132813 0.132926940917969 0.0490036010742188 0.137809753417969
-0.0168838500976562 0.128890991210938 0.004638671875 0.21917724609375
-0.10125732421875 0.0949325561523437 -0.119735717773437 0.256515502929687
-0.153961181640625 -0.010986328125 -0.294219970703125 0.19146728515625
-0.0707244873046875 -0.168289184570313 -0.389495849609375 -0.03485107421875
0.120498657226562 -0.163864135742188 -0.323028564453125 -0.184600830078125
0.229476928710937 0.0047149658203125 -0.190887451171875 -0.33038330078125
0.32928466796875 0.044891357421875 -0.0521392822265625 0.196640014648438
0.25909423828125 -0.168441772460938 0.082763671875 0.226119995117188
-0.014862060546875 -0.292724609375 0.247833251953125 0.125823974609375
-0.194183349609375 -0.126220703125 0.2958984375 -0.01080322265625
-0.194534301757812 0.0615234375 0.181594848632813 -0.142471313476563
-0.0535125732421875 0.160140991210938 0.0652008056640625 -0.146591186523438
0.0281829833984375 0.152359008789063 -0.0054779052734375 -0.0571861267089844
0.00851440429687499 0.15142822265625 0.00523757934570313 0.00865745544433595
0.033538818359375 0.165328979492188 0.035400390625 0.102333068847656
-0.0278167724609375 0.168197631835938 -0.005859375 0.17706298828125
-0.146270751953125 0.121475219726562 -0.121963500976563 0.204483032226563
-0.209121704101563 -0.0356903076171875 -0.266067504882813 0.1483154296875
-0.06329345703125 -0.240646362304688 -0.333709716796875 -0.036407470703125
0.184097290039062 -0.198989868164062 -0.28424072265625 -0.168701171875
0.298797607421875 0.024871826171875 -0.133880615234375 -0.29833984375
0.314208984375 0.039825439453125 0.0140380859375 0.237274169921875
0.224517822265625 -0.158248901367188 0.120468139648438 0.26715087890625
-0.01910400390625 -0.245864868164062 0.306915283203125 0.14959716796875
-0.159088134765625 -0.0963287353515625 0.35443115234375 -0.043914794921875
-0.15673828125 0.05523681640625 0.204757690429688 -0.197509765625
-0.0414962768554687 0.138931274414063 0.059051513671875 -0.203216552734375
0.025421142578125 0.142990112304687 -0.0241622924804687 -0.104293823242188
0.00767517089843749 0.152572631835938 -0.0100917816162109 -0.0315074920654297
0.029449462890625 0.176254272460937 0.0136528015136719 0.053466796875
-0.0462188720703125 0.18408203125 -0.0205612182617188 0.112991333007813
-0.181838989257812 0.115402221679688 -0.111480712890625 0.12939453125
-0.228912353515625 -0.078399658203125 -0.21148681640625 0.099517822265625
-0.0197906494140625 -0.280075073242188 -0.26678466796875 -0.0199584960937501
0.23370361328125 -0.188201904296875 -0.24603271484375 -0.1456298828125
0.320465087890625 0.049224853515625 -0.062347412109375 -0.257461547851563
0.259033203125 0.0297393798828125 0.0871429443359375 0.2794189453125
0.1759033203125 -0.120361328125 0.184326171875 0.288116455078125
-0.00900268554687499 -0.176467895507812 0.3577880859375 0.13226318359375
-0.1041259765625 -0.0664749145507813 0.37701416015625 -0.092376708984375
-0.105979919433594 0.0379562377929688 0.203094482421875 -0.238616943359375
-0.0274505615234375 0.101730346679688 0.0451202392578125 -0.23919677734375
0.0194015502929688 0.115943908691406 -0.0400924682617187 -0.139190673828125
0.00502014160156249 0.130706787109375 -0.0244712829589844 -0.069244384765625
0.0172576904296875 0.1602783203125 -0.0104093551635742 -0.00150299072265624
-0.0611419677734375 0.161895751953125 -0.0293388366699219 0.0396499633789063
-0.182296752929688 0.0750732421875 -0.079132080078125 0.0558395385742188
-0.189224243164063 -0.1146240234375 -0.14178466796875 0.072906494140625
0.04119873046875 -0.252029418945313 -0.22357177734375 0.020843505859375
0.241058349609375 -0.129287719726562 -0.228805541992187 -0.122512817382813
0.28179931640625 0.071136474609375 0.00975036621093751 -0.215194702148437
0.172409057617188 0.017486572265625 0.1539306640625 0.309478759765625
0.123046875 -0.0699310302734375 0.2490234375 0.282684326171875
0.00620269775390626 -0.106056213378906 0.385772705078125 0.09429931640625
-0.0502700805664062 -0.0416679382324219 0.371429443359375 -0.13739013671875
-0.0582351684570313 0.0166168212890625 0.188552856445313 -0.261474609375
-0.0153160095214844 0.0604286193847656 0.0293426513671875 -0.255203247070313
0.0109481811523437 0.0761795043945313 -0.0525054931640625 -0.159500122070313
0.0012054443359375 0.0907516479492188 -0.0360260009765625 -0.0963592529296875
0.0023193359375 0.11541748046875 -0.0273933410644531 -0.0505294799804687
-0.0593109130859375 0.105278015136719 -0.0271663665771484 -0.0216941833496094
-0.132400512695313 0.0225982666015625 -0.037841796875 0.0105171203613281
-0.101295471191406 -0.109260559082031 -0.0862045288085937 0.0754623413085938
0.0761260986328125 -0.155838012695313 -0.221664428710938 0.058349609375
0.184432983398438 -0.047454833984375 -0.2288818359375 -0.118453979492187
0.18426513671875 0.0740509033203125 0.07318115234375 -0.174957275390625
-0.0637054443359375 -0.0176849365234375 -0.134140014648438 0.188522338867188
-0.0345344543457031 0.00992012023925781 0.197402954101563 0.147567749023438
-0.0428657531738281 0.0344772338867187 0.223556518554688 -0.105056762695313
0.00761032104492188 0.0395851135253906 0.0729598999023438 -0.112075805664063
0.0370559692382813 0.0112228393554688 0.0167598724365234 -0.0187854766845703
0.0268077850341797 -0.0308361053466797 0.01910400390625 0.0242729187011719
0.00479507446289062 -0.0289268493652344 0.0333290100097656 0.0647315979003906
0.00148582458496094 -0.0212917327880859 0.0342330932617188 0.0936660766601563
-0.00180244445800781 -0.0190849304199219 0.039581298828125 0.164520263671875
0.00161361694335938 -0.0121698379516602 -0.022064208984375 0.239044189453125
0.00971794128417969 -0.011103630065918 -0.13580322265625 0.274826049804688
0.0117588043212891 0.0177898406982422 -0.31500244140625 0.19073486328125
-0.0265045166015625 0.0468101501464844 -0.431365966796875 -0.0655517578125
-0.0576095581054687 0.0244979858398438 -0.3179931640625 -0.217987060546875
-0.0974807739257813 -0.0269699096679688 -0.204254150390625 -0.34088134765625
0.0863265991210938 0.0016937255859375 -0.151107788085937 0.170516967773438
0.0936737060546875 -0.050048828125 0.165939331054688 0.154937744140625
-0.02020263671875 -0.100914001464844 0.218795776367188 -0.0817718505859375
-0.0774078369140625 -0.0380630493164063 0.0899276733398438 -0.095703125
-0.0645484924316406 0.0330314636230469 0.0276851654052734 -0.0286865234375
-0.00328445434570313 0.0475273132324219 0.026123046875 0.0177078247070313
0.0194664001464844 0.0362548828125 0.0347213745117188 0.0642318725585938
0.00563812255859375 0.0334129333496094 0.0352554321289063 0.0901031494140625
0.00854110717773438 0.0333938598632813 0.0489349365234375 0.163467407226562
-0.00550460815429687 0.0322322845458984 -0.00370788574218748 0.2410888671875
-0.0231056213378906 0.0191364288330078 -0.11700439453125 0.282073974609375
-0.0356521606445313 0.0066680908203125 -0.302825927734375 0.21392822265625
-0.0402030944824219 -0.0163993835449219 -0.429779052734375 -0.0313110351562499
-0.00349044799804688 -0.035736083984375 -0.34466552734375 -0.195526123046875
0.0148086547851563 -0.0181427001953125 -0.235198974609375 -0.34649658203125
0.213119506835937 0.02008056640625 -0.13580322265625 0.161880493164063
0.198760986328125 -0.106033325195313 0.125762939453125 0.156585693359375
-0.00437927246093748 -0.2156982421875 0.201217651367188 -0.0277557373046875
-0.14801025390625 -0.1025390625 0.134757995605469 -0.0578536987304688
-0.14837646484375 0.048583984375 0.0689697265625 -0.0518379211425781
-0.0319976806640625 0.112358093261719 0.0397109985351563 -0.0201835632324219
0.0284500122070313 0.0940093994140625 0.0271797180175781 0.0397453308105469
0.00898742675781249 0.0851211547851563 0.0304794311523438 0.0740814208984375
0.0214462280273438 0.0848464965820313 0.0555572509765625 0.154037475585938
-0.008880615234375 0.0788345336914062 0.011444091796875 0.2349853515625
-0.0566139221191406 0.0566329956054688 -0.10498046875 0.280044555664062
-0.0898208618164063 0.000823974609375011 -0.29180908203125 0.222198486328125
-0.0587921142578125 -0.085693359375 -0.41796875 -0.012451171875
0.052978515625 -0.102622985839844 -0.34881591796875 -0.176910400390625
0.130165100097656 -0.0118484497070313 -0.2352294921875 -0.3380126953125
0.29400634765625 0.02996826171875 -0.0958251953125 0.169097900390625
0.25006103515625 -0.156005859375 0.0925750732421875 0.175979614257812
-0.012725830078125 -0.283111572265625 0.204238891601563 0.0484619140625
-0.193710327148438 -0.1275634765625 0.20892333984375 -0.02447509765625
-0.191604614257813 0.0633697509765625 0.126205444335938 -0.0928955078125
-0.0462799072265625 0.150527954101563 0.0533523559570313 -0.0813522338867187
0.0336380004882813 0.131698608398438 0.0116405487060547 -0.00451660156249999
0.0128326416015625 0.124923706054687 0.0194892883300781 0.0457916259765625
0.0336532592773438 0.127792358398438 0.0530548095703125 0.132850646972656
-0.011383056640625 0.126602172851563 0.01336669921875 0.214874267578125
-0.0944747924804688 0.0976715087890625 -0.105270385742187 0.258331298828125
-0.1510009765625 -0.00564575195312502 -0.2802734375 0.20477294921875
-0.0760650634765625 -0.161392211914063 -0.38568115234375 -0.0136108398437501
0.112258911132813 -0.164627075195313 -0.32708740234375 -0.1658935546875
0.229827880859375 -0.003631591796875 -0.204498291015625 -0.31817626953125
0.32537841796875 0.031768798828125 -0.041015625 0.194992065429688
0.248611450195313 -0.178695678710937 0.0918426513671875 0.217315673828125
-0.02783203125 -0.286224365234375 0.245956420898437 0.1119384765625
-0.196182250976563 -0.115951538085938 0.29034423828125 -0.024200439453125
-0.186553955078125 0.0695648193359375 0.1719970703125 -0.148849487304688
-0.0448150634765625 0.15496826171875 0.05523681640625 -0.148345947265625
0.0339508056640625 0.14508056640625 -0.00804519653320313 -0.0548439025878906
0.01446533203125 0.147293090820313 0.00486850738525391 0.00891208648681641
0.0404510498046875 0.1588134765625 0.039093017578125 0.0976638793945313
-0.020416259765625 0.165725708007813 0.00250244140625001 0.174148559570313
-0.137016296386719 0.125831604003906 -0.110443115234375 0.207061767578125
-0.207489013671875 -0.0264739990234375 -0.255035400390625 0.160446166992188
-0.0718536376953125 -0.23358154296875 -0.330108642578125 -0.01910400390625
0.174057006835937 -0.202728271484375 -0.28741455078125 -0.15093994140625
0.300445556640625 0.012298583984375 -0.147552490234375 -0.287750244140625
0.30975341796875 0.027618408203125 0.0264129638671875 0.232940673828125
0.2138671875 -0.1654052734375 0.131805419921875 0.256927490234375
-0.029449462890625 -0.239151000976563 0.306549072265625 0.133087158203125
-0.158889770507813 -0.0875396728515625 0.34747314453125 -0.060699462890625
-0.149383544921875 0.0607757568359375 0.1925048828125 -0.204025268554688
-0.034912109375 0.13433837890625 0.047119140625 -0.2034912109375
0.0307388305664062 0.135765075683594 -0.0279693603515625 -0.100669860839844
0.0135650634765625 0.147735595703125 -0.0112533569335938 -0.0313358306884766
0.037200927734375 0.1707763671875 0.0158004760742188 0.0514068603515625
-0.037017822265625 0.182327270507813 -0.0153961181640625 0.111724853515625
-0.172195434570312 0.121963500976563 -0.105209350585937 0.132469177246094
-0.229843139648438 -0.0673675537109375 -0.204147338867188 0.1094970703125
-0.0314483642578125 -0.275238037109375 -0.261993408203125 -0.00512695312500004
0.223419189453125 -0.195236206054688 -0.250045776367188 -0.128646850585938
0.323822021484375 0.03485107421875 -0.0753021240234375 -0.249343872070313
0.255203247070313 0.0195770263671875 0.0988616943359375 0.271881103515625
0.167648315429688 -0.12646484375 0.195541381835937 0.27532958984375
-0.015350341796875 -0.171920776367188 0.356231689453125 0.11322021484375
-0.103416442871094 -0.0609588623046875 0.366546630859375 -0.10888671875
-0.100807189941406 0.0414352416992187 0.188461303710938 -0.2432861328125
-0.0230484008789063 0.0973892211914063 0.0329742431640625 -0.237350463867188
0.0239028930664062 0.1099853515625 -0.0442123413085937 -0.133857727050781
0.0105438232421875 0.127632141113281 -0.0265884399414063 -0.0675811767578125
0.024658203125 0.155014038085938 -0.0101652145385742 -0.00171566009521483
-0.0527496337890625 0.161865234375 -0.0275650024414063 0.0402793884277344
-0.175857543945313 0.0831298828125 -0.0761871337890625 0.05816650390625
-0.192214965820312 -0.105209350585938 -0.135414123535156 0.0792999267578125
0.0295867919921875 -0.25079345703125 -0.217376708984375 0.0340576171875
0.234588623046875 -0.138580322265625 -0.232437133789062 -0.106704711914063
0.28656005859375 0.05841064453125 -0.0026397705078125 -0.209686279296875
0.169570922851563 0.0107879638671875 0.16680908203125 0.30023193359375
0.117424011230469 -0.074676513671875 0.259307861328125 0.267776489257813
0.00283050537109375 -0.104469299316406 0.38336181640625 0.074249267578125
-0.0495758056640625 -0.0386848449707031 0.35894775390625 -0.1529541015625
-0.0546073913574219 0.01922607421875 0.172821044921875 -0.26483154296875
-0.0123405456542969 0.0562515258789063 0.018218994140625 -0.250946044921875
0.01416015625 0.071990966796875 -0.056640625 -0.153411865234375
0.00599670410156249 0.08843994140625 -0.0394363403320313 -0.0946884155273438
0.00855255126953126 0.112770080566406 -0.0290336608886719 -0.0489234924316406
-0.0531234741210937 0.106887817382813 -0.0280609130859375 -0.0201225280761719
-0.129981994628906 0.0281524658203125 -0.0376472473144531 0.012298583984375
-0.10614013671875 -0.104560852050781 -0.080413818359375 0.0788955688476563
0.069000244140625 -0.158432006835938 -0.2132568359375 0.0722808837890625
0.182220458984375 -0.0552978515625 -0.232620239257813 -0.101119995117188
0.189559936523437 0.065826416015625 0.0618133544921875 -0.173141479492188
-0.0638847351074219 -0.0158653259277344 -0.126480102539063 0.18731689453125
-0.034698486328125 0.00799942016601562 0.198104858398438 0.138275146484375
-0.0422248840332031 0.0357246398925781 0.212539672851563 -0.110733032226563
0.00818634033203125 0.0397415161132813 0.0659637451171875 -0.112899780273438
0.0377960205078125 0.0104179382324219 0.0160713195800781 -0.0195598602294922
0.0263195037841797 -0.0325813293457031 0.0176734924316406 0.0235595703125
0.00450897216796875 -0.0296916961669922 0.033355712890625 0.0645179748535156
0.00209617614746094 -0.0219993591308594 0.033172607421875 0.092681884765625
-0.00179100036621094 -0.0184783935546875 0.0399169921875 0.161834716796875
0.00161075592041016 -0.0113554000854492 -0.017181396484375 0.235763549804688
0.00841903686523438 -0.00980758666992188 -0.126632690429688 0.273452758789063
0.0120096206665039 0.0166158676147461 -0.305328369140625 0.196441650390625
-0.0247993469238281 0.0481681823730469 -0.427978515625 -0.05035400390625
-0.0565032958984375 0.0260124206542969 -0.319000244140625 -0.208465576171875
-0.0962371826171875 -0.025726318359375 -0.208740234375 -0.336395263671875
0.0843505859375 0.0011138916015625 -0.144180297851563 0.17010498046875
0.091400146484375 -0.053619384765625 0.168060302734375 0.146713256835938
-0.0232620239257812 -0.0988693237304688 0.208709716796875 -0.0877227783203125
-0.0789260864257813 -0.0355911254882812 0.0831985473632812 -0.0969009399414062
-0.0619316101074219 0.0347747802734375 0.0267200469970703 -0.029693603515625
-0.0015869140625 0.0450439453125 0.0236797332763672 0.0162143707275391
0.0195064544677734 0.033599853515625 0.034637451171875 0.0643463134765625
0.00626373291015625 0.0313529968261719 0.0340194702148437 0.0901412963867188
0.00913238525390625 0.0324897766113281 0.0489654541015625 0.160888671875
-0.00520896911621094 0.0312767028808594 0.00064086914062502 0.236068725585938
-0.0224227905273438 0.0185470581054688 -0.108657836914063 0.279541015625
-0.0348243713378906 0.00615119934082032 -0.29193115234375 0.220489501953125
-0.0384750366210938 -0.013275146484375 -0.4256591796875 -0.0162048339843749
-0.00342369079589844 -0.0343055725097656 -0.345367431640625 -0.185394287109375
0.0162067413330078 -0.0185794830322266 -0.24078369140625 -0.3408203125
0.210357666015625 0.0168304443359375 -0.127944946289063 0.160552978515625
0.193832397460938 -0.111801147460938 0.128509521484375 0.148880004882813
-0.00984191894531248 -0.212966918945313 0.19281005859375 -0.0330810546875
-0.149139404296875 -0.0970611572265625 0.130020141601563 -0.0607757568359375
-0.144485473632813 0.0518951416015625 0.0674171447753906 -0.0533447265625
-0.0291748046875 0.108985900878906 0.0364418029785156 -0.0219688415527344
0.0292739868164063 0.08953857421875 0.0264129638671875 0.0395393371582031
0.0105056762695312 0.0824432373046875 0.0291213989257813 0.0739212036132813
0.0226058959960938 0.0816497802734375 0.05621337890625 0.150894165039063
-0.00737762451171875 0.0774383544921875 0.015716552734375 0.230514526367187
-0.0543251037597656 0.0557861328125 -0.0968780517578125 0.27838134765625
-0.0877456665039063 0.00155639648437498 -0.28179931640625 0.228302001953125
-0.0584030151367188 -0.0813674926757813 -0.41241455078125 0.000518798828124958
0.0514984130859375 -0.100814819335937 -0.349273681640625 -0.166595458984375
0.130615234375 -0.0136260986328125 -0.24200439453125 -0.33154296875
0.2913818359375 0.02490234375 -0.0894012451171875 0.1671142578125
0.243881225585938 -0.161224365234375 0.0953369140625 0.169036865234375
-0.019134521484375 -0.278488159179688 0.19793701171875 0.043304443359375
-0.194259643554687 -0.120681762695313 0.204620361328125 -0.0296173095703125
-0.186203002929688 0.0667877197265625 0.123184204101562 -0.09539794921875
-0.042236328125 0.146286010742188 0.0479354858398438 -0.0826416015625
0.0351181030273437 0.126388549804688 0.0107049942016602 -0.00352859497070312
0.0141830444335938 0.122146606445313 0.0180473327636719 0.0450897216796875
0.03564453125 0.123825073242187 0.0540237426757813 0.129348754882813
-0.00861358642578126 0.123359680175781 0.01849365234375 0.210601806640625
-0.090240478515625 0.0965805053710938 -0.097412109375 0.25762939453125
-0.148788452148438 -0.00354003906250001 -0.27197265625 0.210647583007812
-0.0771331787109375 -0.155868530273438 -0.381439208984375 -0.00091552734375008
0.108856201171875 -0.163803100585938 -0.32757568359375 -0.155029296875
0.2310791015625 -0.0073089599609375 -0.210784912109375 -0.311614990234375
0.32147216796875 0.02667236328125 -0.0341033935546875 0.1925048828125
0.240921020507812 -0.181732177734375 0.0955657958984375 0.210205078125
-0.033782958984375 -0.28155517578125 0.241180419921875 0.105499267578125
-0.195709228515625 -0.109115600585937 0.2860107421875 -0.0316162109375
-0.180816650390625 0.072296142578125 0.167022705078125 -0.151107788085938
-0.0416107177734375 0.150711059570313 0.0498046875 -0.148162841796875
0.0358200073242188 0.138916015625 -0.00907516479492187 -0.0531692504882812
0.0164642333984375 0.143966674804688 0.00377559661865234 0.00889587402343751
0.0434112548828125 0.154312133789063 0.0404434204101562 0.0957107543945313
-0.016326904296875 0.163345336914062 0.0064239501953125 0.171493530273438
-0.131431579589844 0.125984191894531 -0.104660034179688 0.20782470703125
-0.205413818359375 -0.0221710205078125 -0.247711181640625 0.167282104492188
-0.0752105712890625 -0.227859497070313 -0.325592041015625 -0.00833129882812499
0.169296264648438 -0.20361328125 -0.288299560546875 -0.14044189453125
0.30078125 0.006103515625 -0.15460205078125 -0.281219482421875
0.30615234375 0.02337646484375 0.0322265625 0.230316162109375
0.20733642578125 -0.16796875 0.135726928710938 0.250045776367187
-0.0330963134765625 -0.23486328125 0.302947998046875 0.1243896484375
-0.156982421875 -0.0828399658203125 0.34075927734375 -0.068328857421875
-0.144454956054688 0.0617218017578125 0.184906005859375 -0.20587158203125
-0.03271484375 0.12860107421875 0.041015625 -0.201828002929687
0.0317230224609375 0.130203247070313 -0.0291519165039062 -0.0970001220703125
0.016021728515625 0.144851684570313 -0.0121631622314453 -0.0306777954101562
0.039947509765625 0.16558837890625 0.0163345336914063 0.049468994140625
-0.03192138671875 0.1790771484375 -0.0128402709960938 0.110809326171875
-0.166107177734375 0.124374389648437 -0.101066589355469 0.133842468261719
-0.229217529296875 -0.0617523193359375 -0.199127197265625 0.11456298828125
-0.03668212890625 -0.270523071289063 -0.257644653320313 0.00320434570312496
0.218765258789063 -0.198410034179688 -0.249786376953125 -0.1175537109375
0.325836181640625 0.028228759765625 -0.0824432373046875 -0.243484497070313
0.251022338867188 0.016845703125 0.105484008789063 0.268478393554687
0.162445068359375 -0.127731323242188 0.199951171875 0.26727294921875
-0.01800537109375 -0.168792724609375 0.3536376953125 0.103118896484375
-0.101081848144531 -0.058074951171875 0.358612060546875 -0.1175537109375
-0.096160888671875 0.0415267944335938 0.179595947265625 -0.243728637695313
-0.021881103515625 0.09246826171875 0.0268707275390625 -0.234039306640625
0.02508544921875 0.104621887207031 -0.0449066162109375 -0.130348205566406
0.0122222900390625 0.124229431152344 -0.0276947021484375 -0.0665092468261719
0.0280609130859375 0.152084350585938 -0.0100069046020508 -0.00211524963378905
-0.0477142333984375 0.16033935546875 -0.0262680053710938 0.0408592224121094
-0.170852661132813 0.08624267578125 -0.0757980346679688 0.0595169067382813
-0.193984985351562 -0.100234985351563 -0.131744384765625 0.0825729370117187
0.0240478515625 -0.249649047851563 -0.210861206054688 0.04107666015625
0.231277465820313 -0.143218994140625 -0.231857299804688 -0.094696044921875
0.288787841796875 0.051361083984375 -0.00891113281249999 -0.204452514648438
0.166885375976562 0.0101318359375 0.1728515625 0.295928955078125
0.114013671875 -0.0759201049804688 0.264572143554688 0.257858276367188
0.00189971923828126 -0.1025390625 0.379791259765625 0.06268310546875
-0.0484275817871094 -0.0376815795898438 0.35064697265625 -0.16070556640625
-0.0522422790527344 0.0198020935058594 0.1649169921875 -0.264022827148438
-0.0122642517089844 0.0527381896972656 0.0120086669921875 -0.246551513671875
0.0147171020507813 0.06829833984375 -0.05645751953125 -0.14990234375
0.00745391845703124 0.0862045288085938 -0.0396728515625 -0.0935821533203125
0.0112380981445312 0.110313415527344 -0.0296096801757812 -0.0487060546875
-0.0489273071289063 0.106422424316406 -0.0279197692871094 -0.0188350677490234
-0.126998901367188 0.0309906005859375 -0.038116455078125 0.0124626159667969
-0.107933044433594 -0.10150146484375 -0.0767135620117188 0.0810012817382813
0.065032958984375 -0.158477783203125 -0.205810546875 0.0806884765624999
0.181411743164063 -0.059722900390625 -0.232818603515625 -0.0887908935546875
0.191741943359375 0.0602569580078125 0.054412841796875 -0.168716430664063
-0.065582275390625 -0.0141487121582031 -0.123489379882812 0.188720703125
-0.0367622375488281 0.00714492797851563 0.200775146484375 0.133926391601563
-0.0435409545898437 0.0373191833496094 0.207168579101563 -0.1162109375
0.00774383544921875 0.040985107421875 0.062042236328125 -0.114303588867187
0.0394859313964844 0.00984954833984375 0.0158634185791016 -0.0205593109130859
0.0262508392333984 -0.0341835021972656 0.0159244537353516 0.0240325927734375
0.00386810302734375 -0.0314579010009766 0.0326576232910156 0.0651664733886719
0.00228309631347656 -0.0233612060546875 0.0311737060546875 0.0946197509765625
-0.00119400024414063 -0.018402099609375 0.0389251708984375 0.163665771484375
0.00153923034667969 -0.0102529525756836 -0.0162200927734375 0.235427856445312
0.00822162628173828 -0.00973129272460938 -0.123214721679688 0.275192260742188
0.011627197265625 0.015843391418457 -0.302459716796875 0.20404052734375
-0.0240211486816406 0.0496978759765625 -0.430755615234375 -0.0412902832031251
-0.0555191040039063 0.0261497497558594 -0.323333740234375 -0.2056884765625
-0.096588134765625 -0.0262985229492188 -0.214202880859375 -0.340972900390625
0.084808349609375 0.00128936767578125 -0.140884399414062 0.17083740234375
0.0906143188476563 -0.0562515258789063 0.171234130859375 0.1427001953125
-0.0250396728515625 -0.0985641479492187 0.203216552734375 -0.0924530029296875
-0.0797653198242188 -0.0330276489257812 0.0799484252929688 -0.0980224609375
-0.0606613159179688 0.0360107421875 0.0260658264160156 -0.0303592681884766
-0.00154495239257813 0.0430374145507813 0.021728515625 0.0161666870117188
0.0194435119628906 0.0312099456787109 0.0342903137207031 0.065032958984375
0.00615310668945313 0.0301647186279297 0.0325927734375 0.0914382934570313
0.00959014892578125 0.0317630767822266 0.04840087890625 0.161544799804688
-0.00481414794921875 0.0313644409179688 0.00247192382812499 0.236404418945312
-0.0229129791259766 0.0179862976074219 -0.105010986328125 0.281524658203125
-0.0348548889160156 0.00507926940917968 -0.2889404296875 0.22705078125
-0.0376625061035156 -0.0117073059082031 -0.4290771484375 -0.00756835937499995
-0.00256538391113282 -0.0337028503417969 -0.349578857421875 -0.18267822265625
0.0173873901367188 -0.0194377899169922 -0.24652099609375 -0.344940185546875
0.212173461914063 0.0169677734375 -0.124755859375 0.161102294921875
0.194168090820313 -0.11614990234375 0.131027221679688 0.145401000976563
-0.0125579833984375 -0.213882446289063 0.188247680664063 -0.0360870361328125
-0.151702880859375 -0.095306396484375 0.128036499023438 -0.0631027221679687
-0.143447875976562 0.053802490234375 0.066864013671875 -0.0553741455078125
-0.0286483764648438 0.106971740722656 0.0335369110107422 -0.0228958129882812
0.0292282104492187 0.0875091552734375 0.0266036987304688 0.0403671264648438
0.0108489990234375 0.082122802734375 0.028106689453125 0.0752029418945313
0.022796630859375 0.0806808471679687 0.0556488037109375 0.151702880859375
-0.0066070556640625 0.0763626098632813 0.017730712890625 0.230499267578125
-0.0535087585449219 0.054779052734375 -0.09320068359375 0.280075073242188
-0.0880813598632812 0.000518798828125009 -0.279052734375 0.236236572265625
-0.0576553344726562 -0.0795440673828125 -0.414886474609375 0.00930786132812503
0.0522003173828125 -0.100822448730469 -0.3536376953125 -0.16375732421875
0.133308410644531 -0.0152435302734375 -0.2489013671875 -0.3338623046875
0.292877197265625 0.025299072265625 -0.08489990234375 0.167816162109375
0.24383544921875 -0.165771484375 0.0981292724609375 0.166229248046875
-0.02276611328125 -0.280670166015625 0.1951904296875 0.0404510498046875
-0.196563720703125 -0.119216918945313 0.204086303710938 -0.0321044921875
-0.184829711914063 0.06890869140625 0.122116088867187 -0.0983047485351563
-0.0423583984375 0.14404296875 0.0452423095703125 -0.0843582153320312
0.0349578857421875 0.124069213867188 0.0105390548706055 -0.00314903259277343
0.0146331787109375 0.12127685546875 0.016754150390625 0.0461463928222656
0.0362701416015625 0.122100830078125 0.0540771484375 0.129508972167969
-0.0074310302734375 0.122787475585938 0.021240234375 0.210769653320313
-0.0883255004882813 0.09649658203125 -0.094024658203125 0.259750366210937
-0.149002075195313 -0.00373840332031253 -0.269622802734375 0.218582153320313
-0.07708740234375 -0.153762817382813 -0.3837890625 0.00656127929687502
0.10968017578125 -0.165145874023438 -0.33197021484375 -0.1510009765625
0.235671997070313 -0.0099029541015625 -0.217926025390625 -0.31365966796875
0.323577880859375 0.027862548828125 -0.029693603515625 0.193206787109375
0.240554809570313 -0.185623168945313 0.0980377197265625 0.208786010742188
-0.0367431640625 -0.281524658203125 0.241622924804688 0.103500366210938
-0.19622802734375 -0.108016967773437 0.286529541015625 -0.03558349609375
-0.179962158203125 0.0736541748046875 0.166030883789063 -0.154159545898438
-0.04217529296875 0.147750854492188 0.0457000732421875 -0.149734497070313
0.0357894897460938 0.136093139648438 -0.00904083251953125 -0.0522041320800781
0.01690673828125 0.14324951171875 0.00254535675048828 0.0092916488647461
0.0436553955078125 0.152633666992188 0.040863037109375 0.094635009765625
-0.0139923095703125 0.162384033203125 0.00863647460937501 0.171615600585938
-0.129173278808594 0.126815795898438 -0.10302734375 0.210189819335938
-0.206619262695313 -0.021942138671875 -0.246810913085938 0.174224853515625
-0.076995849609375 -0.22723388671875 -0.327362060546875 -0.00183105468749996
0.169937133789062 -0.2064208984375 -0.291748046875 -0.135162353515625
0.306793212890625 0.00323486328125 -0.16058349609375 -0.280685424804688
0.307647705078125 0.02471923828125 0.0372467041015625 0.231033325195313
0.206497192382813 -0.170623779296875 0.139923095703125 0.249282836914063
-0.034820556640625 -0.235397338867188 0.30401611328125 0.1224365234375
-0.156112670898438 -0.0824737548828125 0.341766357421875 -0.073638916015625
-0.142410278320313 0.061920166015625 0.183441162109375 -0.209136962890625
-0.033660888671875 0.125686645507813 0.0373992919921875 -0.203140258789063
0.03131103515625 0.12774658203125 -0.029022216796875 -0.09698486328125
0.01611328125 0.144546508789063 -0.0129909515380859 -0.0302448272705078
0.04180908203125 0.164764404296875 0.0169448852539063 0.0487403869628906
-0.0290374755859375 0.17938232421875 -0.0108566284179688 0.110603332519531
-0.164398193359375 0.126174926757813 -0.101234436035156 0.136138916015625
-0.231918334960938 -0.0595550537109375 -0.19781494140625 0.119918823242187
-0.04010009765625 -0.272201538085937 -0.257431030273438 0.00834655761718745
0.219879150390625 -0.204071044921875 -0.252365112304688 -0.111587524414063
0.331512451171875 0.024444580078125 -0.0883636474609375 -0.242660522460938
0.252151489257813 0.0185546875 0.110260009765625 0.2701416015625
0.1614990234375 -0.129547119140625 0.204986572265625 0.266448974609375
-0.018646240234375 -0.1690673828125 0.35516357421875 0.098663330078125
-0.10009765625 -0.0581893920898438 0.3580322265625 -0.12457275390625
-0.0950241088867188 0.0410385131835938 0.177383422851563 -0.24688720703125
-0.0235595703125 0.08929443359375 0.023529052734375 -0.2344970703125
0.0242462158203125 0.102310180664063 -0.0446624755859375 -0.129676818847656
0.013153076171875 0.123855590820313 -0.0282936096191406 -0.067474365234375
0.0290679931640625 0.151077270507813 -0.0103321075439453 -0.00310993194580077
-0.045318603515625 0.16107177734375 -0.0260505676269531 0.0412139892578125
-0.170120239257812 0.08837890625 -0.076629638671875 0.0608749389648438
-0.19842529296875 -0.0993499755859376 -0.130218505859375 0.0867538452148438
0.0218353271484375 -0.25262451171875 -0.20880126953125 0.0471038818359375
0.23388671875 -0.148239135742188 -0.234848022460938 -0.0878448486328125
0.29498291015625 0.04742431640625 -0.013763427734375 -0.20306396484375
0.167190551757812 0.01177978515625 0.1783447265625 0.297607421875
0.113777160644531 -0.077972412109375 0.269134521484375 0.257095336914063
0.002288818359375 -0.102828979492188 0.3824462890625 0.057159423828125
-0.0471229553222656 -0.0372161865234375 0.3492431640625 -0.167236328125
-0.0509719848632813 0.0183906555175781 0.161880493164062 -0.26654052734375
-0.0135498046875 0.0503463745117188 0.00979614257812498 -0.246780395507813
0.0147209167480469 0.0661735534667969 -0.056488037109375 -0.149002075195313
0.0084381103515625 0.0853805541992188 -0.0402679443359375 -0.0948486328125
0.012176513671875 0.110153198242187 -0.0299911499023438 -0.0494003295898437
-0.04754638671875 0.107681274414063 -0.0286712646484375 -0.0189743041992187
-0.127113342285156 0.0328216552734375 -0.039520263671875 0.0131492614746094
-0.111793518066406 -0.101303100585938 -0.07440185546875 0.0838699340820312
0.064453125 -0.161575317382813 -0.203201293945313 0.0877838134765625
0.184585571289063 -0.0641021728515625 -0.235794067382813 -0.08111572265625
0.196502685546875 0.0583038330078125 0.0509490966796875 -0.167068481445313
-0.0684394836425781 -0.0125198364257812 -0.120498657226563 0.1934814453125
-0.0390090942382813 0.00603866577148438 0.209579467773438 0.1300048828125
-0.044586181640625 0.0396080017089844 0.205520629882812 -0.124435424804687
0.0084381103515625 0.0423126220703125 0.0579452514648438 -0.118423461914063
0.0418014526367188 0.00953292846679688 0.0145225524902344 -0.0220165252685547
0.0259895324707031 -0.0368690490722656 0.015228271484375 0.024932861328125
0.00272178649902344 -0.0330028533935547 0.0329017639160156 0.0672416687011719
0.00117111206054688 -0.0258197784423828 0.0314254760742188 0.0983123779296875
-0.00132369995117187 -0.0190258026123047 0.0404205322265625 0.16839599609375
0.001983642578125 -0.0102739334106445 -0.0135650634765625 0.241424560546875
0.00714778900146484 -0.00995254516601563 -0.121124267578125 0.28338623046875
0.0113182067871094 0.015049934387207 -0.303955078125 0.21728515625
-0.0234756469726563 0.0526924133300781 -0.44268798828125 -0.028961181640625
-0.0562515258789063 0.0272254943847656 -0.33563232421875 -0.20623779296875
-0.100456237792969 -0.0276565551757812 -0.227569580078125 -0.350738525390625
0.0866622924804688 0.0016326904296875 -0.13873291015625 0.17633056640625
0.0909271240234375 -0.0620803833007813 0.179412841796875 0.139450073242188
-0.0290451049804688 -0.101020812988281 0.202239990234375 -0.0999298095703125
-0.0824356079101563 -0.0317611694335937 0.077667236328125 -0.103279113769531
-0.0608177185058594 0.03765869140625 0.0251579284667969 -0.0326709747314453
-0.00130081176757813 0.0429000854492187 0.020172119140625 0.0165252685546875
0.0188484191894531 0.0306453704833984 0.0357742309570313 0.0673103332519531
0.0059356689453125 0.0302658081054688 0.0325241088867188 0.0956268310546875
0.00958824157714843 0.0317821502685547 0.0500946044921875 0.16668701171875
-0.00408744812011719 0.0320014953613281 0.00593566894531249 0.240768432617188
-0.0233058929443359 0.0176315307617188 -0.102020263671875 0.289581298828125
-0.0358734130859375 0.0039215087890625 -0.2900390625 0.242156982421875
-0.0372505187988281 -0.00877380371093751 -0.439300537109375 0.00601196289062498
-0.00225639343261719 -0.0346851348876953 -0.363861083984375 -0.180206298828125
0.0179615020751953 -0.0210227966308594 -0.26220703125 -0.354248046875
0.219009399414062 0.016143798828125 -0.122207641601562 0.166091918945313
0.196853637695313 -0.125015258789063 0.138458251953125 0.143310546875
-0.0182952880859375 -0.219955444335938 0.188018798828125 -0.04095458984375
-0.1578369140625 -0.0940399169921875 0.127983093261719 -0.0672225952148437
-0.145904541015625 0.0571136474609375 0.06707763671875 -0.0592689514160156
-0.0286178588867187 0.108451843261719 0.0323143005371094 -0.0240993499755859
0.030029296875 0.0876312255859375 0.0273399353027344 0.0416297912597656
0.0103759765625 0.0827865600585938 0.0280914306640625 0.0785751342773437
0.0244674682617187 0.0814971923828125 0.0581512451171875 0.155181884765625
-0.00573730468749999 0.077484130859375 0.021881103515625 0.234207153320312
-0.0547599792480469 0.0552482604980469 -0.089141845703125 0.288818359375
-0.0905380249023438 0.000213623046874995 -0.279434204101563 0.251144409179687
-0.0582504272460938 -0.078765869140625 -0.426177978515625 0.022430419921875
0.0532379150390625 -0.104087829589844 -0.367462158203125 -0.160552978515625
0.137825012207031 -0.017822265625 -0.265411376953125 -0.341644287109375
0.302459716796875 0.024200439453125 -0.081268310546875 0.17181396484375
0.246917724609375 -0.176284790039063 0.103851318359375 0.165435791015625
-0.029541015625 -0.287322998046875 0.196731567382813 0.0388336181640625
-0.202926635742188 -0.117446899414063 0.20794677734375 -0.0378570556640625
-0.18731689453125 0.0736236572265625 0.123504638671875 -0.10455322265625
-0.0422515869140625 0.145950317382813 0.0424957275390625 -0.08648681640625
0.036041259765625 0.124267578125 0.0105991363525391 -0.00235939025878906
0.0156097412109375 0.123680114746094 0.016632080078125 0.04864501953125
0.0379104614257813 0.123077392578125 0.0565185546875 0.132392883300781
-0.00494384765625001 0.124267578125 0.025421142578125 0.214553833007813
-0.0883026123046875 0.0977783203125 -0.0908966064453125 0.268600463867188
-0.153305053710938 -0.00251770019531248 -0.271713256835938 0.233489990234375
-0.0803070068359375 -0.155364990234375 -0.393768310546875 0.017822265625
0.11083984375 -0.1717529296875 -0.34527587890625 -0.1483154296875
0.244033813476562 -0.0138397216796875 -0.234039306640625 -0.3184814453125
0.3331298828125 0.0262451171875 -0.0248870849609375 0.1973876953125
0.24298095703125 -0.1959228515625 0.104904174804687 0.210647583007813
-0.043426513671875 -0.2879638671875 0.246002197265625 0.102371215820313
-0.201690673828125 -0.10638427734375 0.292877197265625 -0.04388427734375
-0.181381225585938 0.07659912109375 0.16705322265625 -0.162918090820313
-0.0427093505859375 0.1492919921875 0.042510986328125 -0.154098510742188
0.036285400390625 0.136825561523438 -0.0104637145996094 -0.0520477294921875
0.0177154541015625 0.146087646484375 0.00166130065917969 0.0104274749755859
0.0464324951171875 0.154403686523438 0.0429458618164062 0.0969161987304688
-0.011260986328125 0.164276123046875 0.01226806640625 0.174591064453125
-0.129180908203125 0.130538940429687 -0.10186767578125 0.218505859375
-0.212799072265625 -0.0186309814453125 -0.249053955078125 0.18756103515625
-0.082305908203125 -0.2310791015625 -0.334808349609375 0.00762939453125006
0.173019409179687 -0.216842651367187 -0.301788330078125 -0.130889892578125
0.318084716796875 -0.00238037109375 -0.17486572265625 -0.2860107421875
0.316864013671875 0.024383544921875 0.0447235107421875 0.23590087890625
0.208648681640625 -0.178298950195313 0.148208618164063 0.252517700195313
-0.0399169921875 -0.240005493164063 0.31414794921875 0.118499755859375
-0.16021728515625 -0.082366943359375 0.348907470703125 -0.084716796875
-0.1431884765625 0.0641021728515625 0.183517456054688 -0.21929931640625
-0.0355758666992188 0.126350402832031 0.032989501953125 -0.208389282226562
0.0315704345703125 0.128257751464844 -0.0303726196289062 -0.097808837890625
0.0177459716796875 0.147384643554688 -0.0140132904052734 -0.0305347442626953
0.0450439453125 0.166976928710938 0.0172996520996094 0.0500717163085938
-0.025360107421875 0.182937622070313 -0.00962066650390625 0.113395690917969
-0.16571044921875 0.131378173828125 -0.10272216796875 0.142807006835937
-0.24029541015625 -0.0574493408203124 -0.200332641601563 0.130599975585938
-0.045196533203125 -0.278961181640625 -0.26171875 0.0162811279296874
0.224227905273438 -0.215011596679688 -0.26104736328125 -0.106155395507813
0.34381103515625 0.01910400390625 -0.0993804931640625 -0.245407104492187
0.259918212890625 0.0185394287109375 0.121200561523438 0.276885986328125
0.163665771484375 -0.135574340820313 0.21697998046875 0.269744873046875
-0.0209808349609375 -0.173660278320313 0.3656005859375 0.093353271484375
-0.101127624511719 -0.0591201782226562 0.364898681640625 -0.135955810546875
-0.0955810546875 0.0413131713867188 0.1768798828125 -0.256759643554688
-0.0256881713867187 0.0898208618164063 0.0192413330078125 -0.239715576171875
0.0243759155273438 0.102073669433594 -0.0455169677734375 -0.1317138671875
0.013427734375 0.126319885253906 -0.0308761596679687 -0.0685005187988281
0.032989501953125 0.153640747070313 -0.0107851028442383 -0.00337123870849609
-0.042877197265625 0.164932250976563 -0.0252647399902344 0.0415153503417969
-0.173019409179688 0.0936279296875 -0.0792617797851563 0.0648574829101562
-0.206451416015625 -0.0975494384765625 -0.130729675292969 0.093597412109375
0.01806640625 -0.260971069335938 -0.208740234375 0.0557861328125
0.239089965820313 -0.159255981445312 -0.243133544921875 -0.0806427001953125
0.307098388671875 0.04327392578125 -0.0214080810546875 -0.205291748046875
0.171432495117188 0.0133209228515625 0.191558837890625 0.30535888671875
0.115242004394531 -0.081634521484375 0.28424072265625 0.258880615234375
0.00104522705078125 -0.106864929199219 0.392669677734375 0.049468994140625
-0.0463523864746094 -0.03857421875 0.353363037109375 -0.18035888671875
-0.0511627197265625 0.0180816650390625 0.160888671875 -0.276641845703125
-0.0155181884765625 0.0497894287109375 0.00576782226562501 -0.25164794921875
0.01507568359375 0.0659713745117188 -0.057373046875 -0.151840209960938
0.00907897949218749 0.08709716796875 -0.0429763793945313 -0.0972442626953125
0.015045166015625 0.112403869628906 -0.0321044921875 -0.0507240295410156
-0.0460433959960938 0.110328674316406 -0.0301551818847656 -0.0195980072021484
-0.130828857421875 0.0354537963867188 -0.0413551330566406 0.0144767761230469
-0.117317199707031 -0.102859497070313 -0.07244873046875 0.0897064208984375
0.0647735595703125 -0.168365478515625 -0.2022705078125 0.0979461669921874
0.190185546875 -0.071929931640625 -0.24334716796875 -0.0723419189453124
0.2044677734375 0.0561370849609375 0.0465545654296875 -0.168899536132813
-0.07208251953125 -0.0089111328125 -0.113494873046875 0.201095581054688
-0.0425033569335938 0.00689697265625 0.222305297851562 0.121322631835938
-0.0449028015136719 0.0443763732910156 0.201690673828125 -0.138015747070313
0.0107345581054688 0.044952392578125 0.051727294921875 -0.124702453613281
0.0432777404785156 0.00664520263671875 0.0132904052734375 -0.0236701965332031
0.0242843627929688 -0.0401115417480469 0.0158843994140625 0.0265693664550781
0.00119972229003906 -0.0350723266601563 0.0357475280761719 0.0692062377929688
-0.000598907470703127 -0.02801513671875 0.0346527099609375 0.102615356445313
-0.00137138366699219 -0.0202445983886719 0.0467376708984375 0.173629760742188
0.00290203094482422 -0.0101547241210938 -0.00611877441406247 0.247604370117188
0.00550365447998047 -0.0101547241210938 -0.112518310546875 0.295654296875
0.011103630065918 0.0145320892333984 -0.301544189453125 0.238555908203125
-0.0206871032714844 0.0567283630371094 -0.455657958984375 -0.00579833984374997
-0.0571479797363281 0.0291557312011719 -0.35528564453125 -0.19891357421875
-0.105506896972656 -0.025970458984375 -0.251983642578125 -0.35748291015625
0.0906524658203125 0.00038909912109375 -0.132064819335938 0.183380126953125
0.0899124145507813 -0.0692367553710938 0.192657470703125 0.132354736328125
-0.0348129272460938 -0.102294921875 0.199127197265625 -0.111984252929687
-0.0866241455078125 -0.02862548828125 0.0724258422851563 -0.10919189453125
-0.0610313415527344 0.0405769348144531 0.0235137939453125 -0.0356826782226563
-0.00130081176757812 0.0427932739257813 0.0199985504150391 0.0172252655029297
0.0195121765136719 0.0293941497802734 0.0385398864746094 0.0689010620117188
0.00542259216308594 0.0292072296142578 0.0359725952148437 0.0993194580078125
0.0110931396484375 0.0313587188720703 0.056732177734375 0.170867919921875
-0.00281906127929688 0.0316181182861328 0.0145721435546875 0.247055053710938
-0.0242195129394531 0.0181217193603516 -0.09173583984375 0.301544189453125
-0.0371665954589844 0.00449371337890626 -0.2855224609375 0.263641357421875
-0.0362777709960938 -0.00627136230468749 -0.449920654296875 0.0289611816406249
-0.00316238403320313 -0.0358657836914063 -0.383575439453125 -0.171905517578125
0.0171012878417969 -0.0230236053466797 -0.288848876953125 -0.358642578125
0.227920532226563 0.009979248046875 -0.115982055664063 0.172607421875
0.197479248046875 -0.13800048828125 0.149810791015625 0.137863159179688
-0.0292205810546875 -0.225494384765625 0.187637329101563 -0.0503692626953125
-0.165618896484375 -0.0904388427734375 0.126838684082031 -0.0751876831054688
-0.147796630859375 0.0643157958984375 0.0655403137207031 -0.0648193359375
-0.0268020629882812 0.111419677734375 0.0306015014648438 -0.0251789093017578
0.0325088500976562 0.0873031616210938 0.0297813415527344 0.0424156188964844
0.0123291015625 0.0842514038085938 0.0304718017578125 0.081787109375
0.026763916015625 0.0815887451171875 0.0648040771484375 0.158859252929688
-0.00270080566406251 0.0782089233398437 0.0315704345703125 0.239303588867188
-0.0542564392089844 0.0570716857910156 -0.07989501953125 0.300506591796875
-0.0935211181640625 0.00218200683593748 -0.274444580078125 0.274215698242188
-0.0605010986328125 -0.0769882202148438 -0.43585205078125 0.04571533203125
0.0517501831054687 -0.109901428222656 -0.386627197265625 -0.1502685546875
0.1424560546875 -0.023773193359375 -0.291290283203125 -0.343902587890625
0.314422607421875 0.01641845703125 -0.073944091796875 0.177383422851563
0.246505737304688 -0.192779541015625 0.115478515625 0.163238525390625
-0.04327392578125 -0.294464111328125 0.201034545898438 0.0318603515625
-0.212692260742187 -0.113204956054688 0.211776733398437 -0.0486602783203125
-0.190643310546875 0.0812835693359375 0.122032165527344 -0.114448547363281
-0.039825439453125 0.150054931640625 0.038421630859375 -0.0914840698242187
0.0394287109375 0.12506103515625 0.0110578536987305 -0.00272941589355468
0.0180206298828125 0.126319885253906 0.0180587768554687 0.0508880615234375
0.0435867309570313 0.124305725097656 0.0631027221679688 0.134742736816406
-0.000633239746093739 0.125160217285156 0.0351104736328125 0.21832275390625
-0.087310791015625 0.102378845214844 -0.0821685791015625 0.280609130859375
-0.158126831054688 0.00207519531249999 -0.266525268554688 0.25506591796875
-0.086029052734375 -0.154876708984375 -0.402923583984375 0.0393981933593749
0.108474731445313 -0.182113647460938 -0.36322021484375 -0.136016845703125
0.25177001953125 -0.023681640625 -0.25885009765625 -0.319549560546875
0.346099853515625 0.018463134765625 -0.01385498046875 0.2027587890625
0.242080688476563 -0.211288452148437 0.1170654296875 0.210968017578125
-0.05706787109375 -0.295196533203125 0.255828857421875 0.0953216552734375
-0.210769653320313 -0.10284423828125 0.2989501953125 -0.05889892578125
-0.183395385742188 0.0848541259765625 0.164749145507813 -0.17620849609375
-0.04071044921875 0.153778076171875 0.0364837646484375 -0.159912109375
0.0402603149414063 0.1375732421875 -0.0111427307128906 -0.0537300109863281
0.0217742919921875 0.149673461914063 0.00171184539794922 0.0116367340087891
0.0527191162109375 0.156082153320313 0.0472869873046875 0.0983810424804688
-0.00474548339843749 0.167678833007813 0.0204925537109375 0.178268432617188
-0.127281188964844 0.137313842773438 -0.0958251953125 0.231155395507813
-0.220062255859375 -0.011322021484375 -0.246353149414063 0.206344604492187
-0.09210205078125 -0.234024047851563 -0.34259033203125 0.0244750976562501
0.170211791992187 -0.230926513671875 -0.317596435546875 -0.120452880859375
0.329803466796875 -0.014556884765625 -0.196136474609375 -0.285888671875
0.32818603515625 0.016204833984375 0.0592193603515625 0.240615844726562
0.207046508789063 -0.191146850585937 0.164382934570313 0.253219604492188
-0.0512542724609375 -0.245407104492188 0.325927734375 0.109100341796875
-0.1656494140625 -0.079864501953125 0.3546142578125 -0.103515625
-0.144912719726563 0.0686187744140625 0.179306030273438 -0.23492431640625
-0.0343475341796875 0.129844665527344 0.02410888671875 -0.214859008789063
0.0355606079101563 0.12921142578125 -0.0334930419921875 -0.0992889404296875
0.02191162109375 0.151107788085938 -0.0161170959472656 -0.0303764343261719
0.0521087646484375 0.168914794921875 0.0196762084960938 0.0503082275390625
-0.0191802978515625 0.186996459960938 -0.00450897216796874 0.11639404296875
-0.165191650390625 0.141265869140625 -0.101089477539063 0.152633666992188
-0.250228881835938 -0.04876708984375 -0.198211669921875 0.144851684570312
-0.056884765625 -0.28533935546875 -0.265304565429687 0.02960205078125
0.22357177734375 -0.23260498046875 -0.272796630859375 -0.09417724609375
0.357666015625 0.005828857421875 -0.115646362304688 -0.247406005859375
0.269500732421875 0.014068603515625 0.139511108398437 0.280502319335938
0.162155151367188 -0.14544677734375 0.23651123046875 0.268325805664063
-0.028839111328125 -0.177719116210937 0.3787841796875 0.078948974609375
-0.104019165039062 -0.0588912963867188 0.3685302734375 -0.158294677734375
-0.0960464477539062 0.043548583984375 0.170364379882812 -0.272232055664063
-0.0254669189453125 0.091583251953125 0.00962829589843751 -0.24609375
0.0268630981445313 0.102607727050781 -0.050140380859375 -0.133277893066406
0.0177688598632812 0.129257202148438 -0.0347251892089844 -0.0691070556640625
0.0393218994140625 0.156112670898438 -0.0115699768066406 -0.00275135040283202
-0.0364532470703125 0.169784545898438 -0.0247573852539062 0.0435562133789063
-0.174041748046875 0.102279663085938 -0.0799331665039063 0.0706634521484375
-0.218048095703125 -0.09259033203125 -0.128372192382813 0.103935241699219
0.00926208496093752 -0.270492553710938 -0.208465576171875 0.0690155029296875
0.241012573242188 -0.176834106445313 -0.25262451171875 -0.0671539306640625
0.320770263671875 0.032073974609375 -0.033050537109375 -0.207275390625
0.178695678710938 0.01116943359375 0.213226318359375 0.308807373046875
0.114479064941406 -0.0887832641601563 0.30535888671875 0.25531005859375
-0.00380706787109375 -0.11016845703125 0.4051513671875 0.032135009765625
-0.0468597412109375 -0.0398788452148438 0.3533935546875 -0.203643798828125
-0.0508575439453125 0.0190391540527344 0.153076171875 -0.2918701171875
-0.0171127319335937 0.0506973266601562 -0.00202941894531248 -0.258712768554687
0.016876220703125 0.0659294128417969 -0.061859130859375 -0.154098510742188
0.0117950439453125 0.0886688232421875 -0.0480804443359375 -0.0990219116210938
0.019287109375 0.114822387695313 -0.0359725952148437 -0.05145263671875
-0.0427627563476563 0.114036560058594 -0.0316295623779297 -0.0195579528808594
-0.133468627929688 0.0408706665039063 -0.0428733825683594 0.0169029235839844
-0.127067565917969 -0.101585388183594 -0.0679779052734375 0.0968551635742187
0.0605316162109375 -0.1771240234375 -0.1990966796875 0.113525390625
0.194549560546875 -0.0836181640625 -0.253372192382813 -0.05877685546875
0.215301513671875 0.0498199462890625 0.038726806640625 -0.171432495117187
-0.0736465454101563 -0.00342559814453125 -0.100906372070313 0.207183837890625
-0.0448150634765625 0.00859069824218749 0.233489990234375 0.104904174804688
-0.0435600280761719 0.0487518310546875 0.191909790039063 -0.1529541015625
0.0137977600097656 0.0459022521972656 0.041748046875 -0.128974914550781
0.0441932678222656 0.0037841796875 0.0107440948486328 -0.0252761840820312
0.021728515625 -0.0427284240722656 0.0169506072998047 0.0274543762207031
-0.00188064575195313 -0.0352973937988281 0.039947509765625 0.0696868896484375
-0.00322341918945312 -0.0292434692382813 0.0393295288085937 0.104438781738281
-0.00226974487304687 -0.0213050842285156 0.0558929443359375 0.17498779296875
0.0019683837890625 -0.0104055404663086 0.00648498535156251 0.249542236328125
0.00388145446777344 -0.0103645324707031 -0.095794677734375 0.3045654296875
0.010920524597168 0.0140390396118164 -0.287689208984375 0.261444091796875
-0.0160293579101562 0.0594673156738281 -0.45965576171875 0.0261230468750001
-0.0561561584472656 0.031402587890625 -0.372802734375 -0.18115234375
-0.110725402832031 -0.0207977294921875 -0.280517578125 -0.351654052734375
0.0927200317382813 -0.00379180908203125 -0.120025634765625 0.189529418945312
0.0852813720703125 -0.0763320922851563 0.2052001953125 0.118026733398438
-0.0423126220703125 -0.100425720214844 0.190902709960937 -0.126312255859375
-0.0887374877929687 -0.0233688354492187 0.0640411376953125 -0.115318298339844
-0.0603752136230469 0.0436668395996094 0.0191230773925781 -0.0384979248046875
-0.000186920166015628 0.0427627563476563 0.0205879211425781 0.0177955627441406
0.0199928283691406 0.0282802581787109 0.0424995422363281 0.0679550170898438
0.00552749633789062 0.0294647216796875 0.0401229858398438 0.100784301757813
0.0125522613525391 0.0300712585449219 0.0659637451171875 0.171051025390625
-0.00176239013671875 0.0314617156982422 0.0277099609375 0.247344970703125
-0.0253753662109375 0.0187644958496094 -0.0750732421875 0.309295654296875
-0.0388221740722656 0.00549697875976562 -0.269775390625 0.285980224609375
-0.0343971252441406 -0.0030975341796875 -0.451446533203125 0.0613403320312501
-0.0045318603515625 -0.0372352600097656 -0.399932861328125 -0.151824951171875
0.0155620574951172 -0.0236110687255859 -0.318267822265625 -0.349151611328125
0.233612060546875 -0.0007476806640625 -0.103729248046875 0.1771240234375
0.191207885742188 -0.152801513671875 0.161376953125 0.126235961914063
-0.043487548828125 -0.22625732421875 0.183517456054688 -0.062744140625
-0.172836303710938 -0.0822296142578125 0.121940612792969 -0.0837783813476563
-0.14654541015625 0.073394775390625 0.0609283447265625 -0.0714874267578125
-0.0220870971679688 0.113456726074219 0.028350830078125 -0.0266017913818359
0.0359878540039062 0.0864105224609375 0.0323066711425781 0.0420989990234375
0.0150909423828125 0.0849380493164062 0.0341796875 0.0834197998046875
0.0307235717773437 0.0798568725585938 0.073699951171875 0.158187866210938
0.000968933105468752 0.077545166015625 0.044708251953125 0.239181518554688
-0.0528106689453125 0.0592384338378906 -0.06231689453125 0.30865478515625
-0.095245361328125 0.00627136230468752 -0.25787353515625 0.29644775390625
-0.0619354248046875 -0.0737152099609375 -0.436798095703125 0.0765380859375001
0.04681396484375 -0.114433288574219 -0.403076171875 -0.129425048828125
0.143157958984375 -0.030792236328125 -0.3199462890625 -0.3338623046875
0.3223876953125 0.00128173828125 -0.0606842041015625 0.179855346679688
0.238616943359375 -0.209518432617188 0.12750244140625 0.154769897460938
-0.061981201171875 -0.294464111328125 0.203170776367187 0.02032470703125
-0.22125244140625 -0.10333251953125 0.209609985351562 -0.0624237060546875
-0.187774658203125 0.0928497314453125 0.115806579589844 -0.124237060546875
-0.033355712890625 0.153427124023437 0.033203125 -0.0943679809570312
0.0448760986328125 0.123329162597656 0.0117626190185547 -0.0031137466430664
0.023895263671875 0.127342224121094 0.0203437805175781 0.0525360107421875
0.0491714477539063 0.121467590332031 0.0710372924804688 0.133453369140625
0.00576019287109374 0.124778747558594 0.0469970703125 0.218063354492187
-0.08343505859375 0.106094360351563 -0.06597900390625 0.28973388671875
-0.160079956054688 0.0107269287109375 -0.251358032226562 0.277755737304688
-0.092315673828125 -0.151443481445313 -0.404296875 0.06610107421875
0.100234985351562 -0.191390991210938 -0.37664794921875 -0.11505126953125
0.256362915039063 -0.0374298095703125 -0.285369873046875 -0.3079833984375
0.354400634765625 0.001678466796875 0.001434326171875 0.202713012695313
0.232406616210938 -0.227294921875 0.13189697265625 0.203140258789062
-0.074859619140625 -0.293914794921875 0.263412475585938 0.0813751220703125
-0.2177734375 -0.0930023193359375 0.297821044921875 -0.07818603515625
-0.181045532226563 0.0949554443359375 0.154815673828125 -0.190200805664063
-0.0345916748046875 0.15655517578125 0.0261383056640625 -0.164321899414063
0.0458450317382813 0.136863708496094 -0.0136871337890625 -0.0536231994628906
0.0288848876953125 0.150680541992188 0.00203227996826172 0.0131549835205078
0.061370849609375 0.153182983398437 0.0538330078125 0.0970611572265625
0.00437927246093749 0.166885375976562 0.0303802490234375 0.17791748046875
-0.1214599609375 0.145431518554688 -0.083343505859375 0.240066528320313
-0.223861694335938 0.000534057617187524 -0.2352294921875 0.2271728515625
-0.104034423828125 -0.231948852539063 -0.34246826171875 0.046966552734375
0.158706665039063 -0.245773315429688 -0.329010009765625 -0.100128173828125
0.336151123046875 -0.0330810546875 -0.219009399414063 -0.276473999023437
0.336822509765625 0.00244140625 0.0771942138671875 0.239334106445313
0.19830322265625 -0.204360961914062 0.183120727539063 0.245147705078125
-0.065704345703125 -0.24444580078125 0.33599853515625 0.090545654296875
-0.170303344726563 -0.0731353759765625 0.35125732421875 -0.128173828125
-0.142562866210938 0.07574462890625 0.165863037109375 -0.249649047851563
-0.0300369262695313 0.132164001464844 0.0123443603515625 -0.21856689453125
0.0408248901367188 0.127243041992188 -0.0375595092773437 -0.0985946655273437
0.0292205810546875 0.151626586914063 -0.0181140899658203 -0.029550552368164
0.0619354248046875 0.165695190429687 0.0233688354492188 0.0499687194824219
-0.00836181640624998 0.188690185546875 0.00241851806640625 0.116897583007813
-0.158721923828125 0.151535034179688 -0.093475341796875 0.162872314453125
-0.258071899414062 -0.0357208251953125 -0.189453125 0.161575317382813
-0.072998046875 -0.286651611328125 -0.263565063476563 0.0467987060546875
0.213211059570313 -0.251068115234375 -0.2822265625 -0.07537841796875
0.3663330078125 -0.014984130859375 -0.135528564453125 -0.239654541015625
0.276840209960938 0.0029144287109375 0.161605834960938 0.276275634765625
0.155166625976563 -0.1556396484375 0.257156372070313 0.256805419921875
-0.0395050048828125 -0.177154541015625 0.3873291015625 0.05645751953125
-0.106155395507812 -0.0556488037109375 0.360687255859375 -0.184173583984375
-0.0949172973632812 0.0468521118164063 0.1549072265625 -0.287109375
-0.0238494873046875 0.0938720703125 -0.0034637451171875 -0.249740600585938
0.031524658203125 0.100761413574219 -0.054962158203125 -0.133102416992188
0.024200439453125 0.130378723144531 -0.0380592346191406 -0.0682868957519531
0.0482635498046875 0.154022216796875 -0.011530876159668 -0.00238609313964843
-0.02716064453125 0.172470092773438 -0.022796630859375 0.0446701049804688
-0.170974731445313 0.11358642578125 -0.0779266357421875 0.0779571533203125
-0.227630615234375 -0.08154296875 -0.120475769042969 0.114616394042969
-0.00520324707031252 -0.276382446289063 -0.203033447265625 0.0839691162109375
0.235671997070312 -0.196441650390625 -0.260345458984375 -0.0474090576171875
0.33038330078125 0.014404296875 -0.04815673828125 -0.2034912109375
0.183563232421875 0.0045928955078125 0.238311767578125 0.30157470703125
0.110519409179688 -0.0960922241210938 0.3267822265625 0.239105224609375
-0.0102691650390625 -0.1112060546875 0.410491943359375 0.00607299804687499
-0.048614501953125 -0.0397834777832031 0.342498779296875 -0.228790283203125
-0.0507316589355469 0.0198173522949219 0.136138916015625 -0.304168701171875
-0.0167121887207031 0.0525665283203125 -0.0166778564453125 -0.261077880859375
0.0195808410644531 0.0639076232910156 -0.0679931640625 -0.153762817382813
0.0160751342773438 0.08917236328125 -0.053985595703125 -0.0978546142578125
0.0262680053710938 0.114242553710938 -0.0397987365722656 -0.0503196716308594
-0.0370407104492187 0.116981506347656 -0.0337486267089844 -0.0191879272460937
-0.133552551269531 0.0488052368164062 -0.0432281494140625 0.0198249816894531
-0.135818481445313 -0.0962753295898438 -0.0593643188476562 0.10235595703125
0.0529937744140625 -0.185012817382812 -0.19036865234375 0.1304931640625
0.193099975585938 -0.100341796875 -0.261062622070312 -0.037933349609375
0.223800659179688 0.0379486083984375 0.0274200439453125 -0.170562744140625
-0.0725860595703125 0.00194549560546874 -0.08636474609375 0.20513916015625
-0.0461158752441406 0.0106887817382812 0.237701416015625 0.0848236083984375
-0.0404205322265625 0.0516242980957031 0.177703857421875 -0.163543701171875
0.0166358947753906 0.04522705078125 0.0302505493164062 -0.129592895507812
0.04339599609375 0.00101089477539062 0.00722885131835938 -0.0251407623291016
0.0182685852050781 -0.0438194274902344 0.0184555053710938 0.0275173187255859
-0.00388717651367188 -0.0354118347167969 0.042388916015625 0.0675773620605469
-0.0058746337890625 -0.0285987854003906 0.0433731079101562 0.103668212890625
-0.00385856628417969 -0.0214576721191406 0.0638427734375 0.171371459960938
0.00205135345458984 -0.0107250213623047 0.017730712890625 0.24542236328125
0.00217723846435547 -0.0093841552734375 -0.078338623046875 0.305450439453125
0.00980186462402344 0.0139188766479492 -0.2662353515625 0.274932861328125
-0.0115547180175781 0.0601692199707031 -0.449493408203125 0.05572509765625
-0.0542869567871094 0.0322914123535156 -0.3798828125 -0.15911865234375
-0.11224365234375 -0.01495361328125 -0.29974365234375 -0.335479736328125
0.0932159423828125 -0.0071563720703125 -0.106109619140625 0.1881103515625
0.079010009765625 -0.0807037353515625 0.210617065429688 0.0988616943359375
-0.0480499267578125 -0.0959091186523437 0.178359985351563 -0.13671875
-0.0888900756835938 -0.0183029174804687 0.0533065795898438 -0.117256164550781
-0.05743408203125 0.0459480285644531 0.0153083801269531 -0.0392875671386719
0.00165557861328125 0.0418167114257812 0.0210533142089844 0.0172786712646484
0.0201129913330078 0.0266857147216797 0.0458335876464844 0.0659408569335938
0.00572586059570313 0.0293121337890625 0.044525146484375 0.100395202636719
0.0129203796386719 0.0287914276123047 0.0736083984375 0.167892456054688
3.05175781250007E-05 0.0302410125732422 0.0377044677734375 0.242019653320312
-0.0257892608642578 0.0197505950927734 -0.056976318359375 0.30865478515625
-0.0390434265136719 0.00708770751953125 -0.246826171875 0.29937744140625
-0.0310173034667969 -0.00134468078613282 -0.44012451171875 0.0889892578125
-0.00677490234375 -0.0368804931640625 -0.406005859375 -0.127716064453125
0.0133762359619141 -0.0227909088134766 -0.338134765625 -0.330169677734375
0.233901977539063 -0.0117034912109375 -0.0905914306640624 0.17510986328125
0.1798095703125 -0.161636352539063 0.1680908203125 0.109634399414062
-0.055389404296875 -0.220611572265625 0.174530029296875 -0.0727691650390625
-0.174942016601563 -0.07196044921875 0.112617492675781 -0.0904006958007812
-0.1414794921875 0.0802764892578125 0.0542068481445312 -0.0748443603515625
-0.016876220703125 0.113327026367188 0.0263214111328125 -0.0277538299560547
0.0393142700195312 0.0823745727539063 0.0345039367675781 0.0400047302246094
0.0180892944335938 0.08404541015625 0.03802490234375 0.0828628540039062
0.0334320068359375 0.0766448974609375 0.0809173583984375 0.153839111328125
0.00446319580078124 0.0746994018554687 0.055419921875 0.231643676757813
-0.0501441955566406 0.0597267150878906 -0.044342041015625 0.307525634765625
-0.094390869140625 0.00981140136718748 -0.2340087890625 0.3092041015625
-0.06134033203125 -0.0697135925292969 -0.424285888671875 0.102783203125
0.04052734375 -0.116477966308594 -0.4072265625 -0.1036376953125
0.141448974609375 -0.0374908447265625 -0.33929443359375 -0.3123779296875
0.32220458984375 -0.01397705078125 -0.04754638671875 0.175399780273438
0.2237548828125 -0.219940185546875 0.134773254394531 0.140464782714844
-0.07745361328125 -0.28692626953125 0.198776245117188 0.00889587402343748
-0.2237548828125 -0.0919342041015625 0.201934814453125 -0.0738983154296875
-0.181884765625 0.101791381835937 0.105850219726562 -0.131263732910156
-0.026031494140625 0.152633666992188 0.026702880859375 -0.0950698852539063
0.048797607421875 0.11846923828125 0.0119915008544922 -0.00375938415527343
0.0283279418945312 0.125923156738281 0.023040771484375 0.052520751953125
0.0535430908203125 0.11712646484375 0.0771942138671875 0.128242492675781
0.011932373046875 0.120254516601562 0.0573577880859375 0.2108154296875
-0.0772781372070313 0.107124328613281 -0.048248291015625 0.28997802734375
-0.157974243164063 0.0178680419921875 -0.229034423828125 0.291168212890625
-0.0964508056640625 -0.145248413085938 -0.392852783203125 0.09063720703125
0.0890960693359375 -0.194961547851562 -0.380279541015625 -0.091278076171875
0.253494262695313 -0.0494537353515625 -0.3026123046875 -0.287994384765625
0.354583740234375 -0.014617919921875 0.014434814453125 0.195297241210938
0.2178955078125 -0.235092163085938 0.1419677734375 0.189971923828125
-0.090179443359375 -0.285247802734375 0.2618408203125 0.0659332275390625
-0.21905517578125 -0.08251953125 0.28851318359375 -0.09521484375
-0.173965454101563 0.10235595703125 0.141311645507813 -0.197433471679688
-0.0271453857421875 0.155487060546875 0.016387939453125 -0.164321899414062
0.050567626953125 0.130752563476562 -0.0155143737792969 -0.0527267456054688
0.034393310546875 0.148788452148438 0.00358390808105469 0.0142784118652344
0.0673675537109375 0.14678955078125 0.0587844848632813 0.0931854248046875
0.012786865234375 0.162460327148438 0.03936767578125 0.172698974609375
-0.113296508789062 0.14788818359375 -0.068695068359375 0.242782592773438
-0.221176147460938 0.011749267578125 -0.2152099609375 0.239700317382812
-0.1131591796875 -0.224014282226562 -0.333221435546875 0.066192626953125
0.14385986328125 -0.251998901367188 -0.331634521484375 -0.078033447265625
0.3336181640625 -0.049652099609375 -0.234115600585937 -0.258468627929687
0.336456298828125 -0.012359619140625 0.09197998046875 0.228973388671875
0.18475341796875 -0.210952758789063 0.195068359375 0.230392456054688
-0.0777587890625 -0.236251831054688 0.335113525390625 0.070465087890625
-0.170150756835938 -0.0656280517578125 0.337615966796875 -0.14691162109375
-0.136856079101563 0.08038330078125 0.148513793945312 -0.256362915039063
-0.0247879028320312 0.131195068359375 0.000427246093749989 -0.216812133789063
0.0442886352539063 0.122085571289063 -0.0404434204101563 -0.0963516235351563
0.034912109375 0.149612426757813 -0.0187435150146484 -0.0272369384765625
0.06878662109375 0.159881591796875 0.0262374877929688 0.0482864379882813
0.00177001953124998 0.184371948242188 0.00828552246093751 0.114646911621094
-0.1494140625 0.1563720703125 -0.0840148925781251 0.167404174804688
-0.25701904296875 -0.0213165283203125 -0.175048828125 0.171600341796875
-0.086761474609375 -0.2816162109375 -0.254074096679688 0.0616607666015625
0.196945190429688 -0.262451171875 -0.282806396484375 -0.05413818359375
0.364776611328125 -0.034088134765625 -0.147933959960938 -0.225326538085937
0.277816772460938 -0.0086212158203125 0.177230834960938 0.261978149414063
0.144866943359375 -0.160385131835938 0.269485473632813 0.237472534179688
-0.0479736328125 -0.171539306640625 0.384033203125 0.033782958984375
-0.106529235839844 -0.052764892578125 0.342315673828125 -0.20294189453125
-0.0914306640625 0.0487213134765625 0.135162353515625 -0.292205810546875
-0.0212020874023438 0.0930938720703125 -0.0164337158203125 -0.2462158203125
0.03387451171875 0.09637451171875 -0.0591201782226563 -0.129997253417969
0.0300445556640625 0.128219604492188 -0.0406455993652344 -0.06512451171875
0.05572509765625 0.149322509765625 -0.0113916397094727 -0.00177192687988281
-0.0180511474609375 0.169967651367188 -0.020599365234375 0.0446243286132813
-0.163589477539063 0.120574951171875 -0.0734100341796875 0.08270263671875
-0.230682373046875 -0.068206787109375 -0.108848571777344 0.120170593261719
-0.019317626953125 -0.2757568359375 -0.19073486328125 0.0949707031249999
0.221893310546875 -0.20977783203125 -0.258438110351563 -0.026885986328125
0.330413818359375 -0.003936767578125 -0.0599365234375 -0.193435668945313
0.186065673828125 -0.0023651123046875 0.255462646484375 0.283966064453125
0.103248596191406 -0.100608825683594 0.338348388671875 0.216552734375
-0.0164337158203125 -0.108306884765625 0.4039306640625 -0.017669677734375
-0.0486831665039063 -0.0395431518554688 0.322235107421875 -0.24639892578125
-0.0490341186523438 0.0203094482421875 0.116241455078125 -0.307586669921875
-0.0160865783691406 0.0524787902832031 -0.0281829833984375 -0.257354736328125
0.0209159851074219 0.0609664916992188 -0.072784423828125 -0.1505126953125
0.0201568603515625 0.0872116088867187 -0.0579452514648438 -0.0945205688476562
0.0323410034179687 0.111167907714844 -0.0420074462890625 -0.0474967956542969
-0.0300827026367187 0.116371154785156 -0.0350914001464844 -0.0172443389892578
-0.130653381347656 0.0556869506835938 -0.0421600341796875 0.0224418640136719
-0.141220092773437 -0.0885162353515625 -0.0487594604492188 0.1048583984375
0.043426513671875 -0.188247680664062 -0.174163818359375 0.141632080078125
0.186538696289063 -0.111953735351562 -0.259445190429688 -0.01611328125
0.225677490234375 0.0258331298828125 0.0172882080078125 -0.164321899414063
-0.0703887939453125 0.00551605224609374 -0.076873779296875 0.197311401367188
-0.0468254089355469 0.0119705200195313 0.235260009765625 0.0683135986328125
-0.0379371643066406 0.0531196594238281 0.164138793945313 -0.166290283203125
0.0180397033691406 0.0437965393066406 0.0216064453125 -0.126762390136719
0.0422248840332031 -0.0001068115234375 0.00431251525878907 -0.0245723724365234
0.0162734985351562 -0.0438117980957031 0.0193099975585937 0.0270175933837891
-0.00510025024414062 -0.0346832275390625 0.0431327819824219 0.0660285949707031
-0.00705718994140625 -0.0274524688720703 0.0451278686523437 0.102531433105469
-0.00477981567382812 -0.021331787109375 0.0668487548828125 0.167266845703125
0.00135326385498047 -0.0110187530517578 0.0230865478515625 0.238861083984375
0.000754356384277344 -0.00802326202392578 -0.06683349609375 0.30035400390625
0.0085592269897461 0.0131616592407227 -0.246566772460938 0.277801513671875
-0.0071868896484375 0.0595169067382813 -0.432586669921875 0.0729980468749999
-0.053863525390625 0.0321006774902344 -0.378082275390625 -0.143524169921875
-0.111442565917969 -0.00968170166015627 -0.307281494140625 -0.32086181640625
0.0931854248046875 -0.00901031494140625 -0.0967254638671875 0.181060791015625
0.0733642578125 -0.0815505981445313 0.209243774414063 0.082489013671875
-0.0497970581054687 -0.0912857055664063 0.165878295898438 -0.140365600585938
-0.0874557495117188 -0.0153121948242188 0.0442352294921875 -0.116722106933594
-0.0554580688476562 0.0477981567382813 0.0114402770996094 -0.0386466979980469
0.00171279907226562 0.0404090881347656 0.0208206176757813 0.0162849426269531
0.0202274322509766 0.0247783660888672 0.046173095703125 0.0641593933105469
0.00572967529296875 0.0295429229736328 0.0462875366210938 0.099212646484375
0.0124645233154297 0.0270137786865234 0.0758819580078125 0.162765502929688
0.000152587890624997 0.0283260345458984 0.0425262451171875 0.234542846679687
-0.0258045196533203 0.0207443237304687 -0.04595947265625 0.30377197265625
-0.0388069152832031 0.00786590576171876 -0.22613525390625 0.30133056640625
-0.0274848937988281 -0.000385284423828127 -0.42254638671875 0.104400634765625
-0.00804519653320313 -0.0367698669433594 -0.402801513671875 -0.111083984375
0.0129547119140625 -0.0214996337890625 -0.344024658203125 -0.3143310546875
0.232009887695313 -0.018157958984375 -0.081787109375 0.167160034179688
0.170242309570313 -0.164077758789063 0.16766357421875 0.094879150390625
-0.0616302490234375 -0.212860107421875 0.16424560546875 -0.07763671875
-0.173538208007812 -0.0657958984375 0.104591369628906 -0.0917892456054688
-0.136459350585937 0.0836181640625 0.0480499267578125 -0.0751953125
-0.0138473510742188 0.109939575195313 0.0240020751953125 -0.0281181335449219
0.039093017578125 0.078399658203125 0.0353202819824219 0.0380859375
0.0189361572265625 0.0826873779296875 0.0393829345703125 0.08160400390625
0.0332870483398438 0.0734481811523438 0.0832061767578125 0.148590087890625
0.004913330078125 0.0706939697265625 0.06005859375 0.223983764648437
-0.0491409301757812 0.0587272644042969 -0.032257080078125 0.301483154296875
-0.0924148559570313 0.0114669799804687 -0.214141845703125 0.31103515625
-0.0586128234863281 -0.066619873046875 -0.40777587890625 0.116912841796875
0.03564453125 -0.114997863769531 -0.402618408203125 -0.0860900878906251
0.1383056640625 -0.0391006469726563 -0.344146728515625 -0.295135498046875
0.318359375 -0.022674560546875 -0.0394439697265625 0.1669921875
0.212051391601563 -0.2218017578125 0.136322021484375 0.126800537109375
-0.08441162109375 -0.276992797851563 0.19140625 0.00259399414062498
-0.221084594726563 -0.0840911865234375 0.191879272460938 -0.0795135498046875
-0.175125122070313 0.104324340820312 0.0971908569335937 -0.13201904296875
-0.02178955078125 0.1490478515625 0.02288818359375 -0.0938644409179687
0.04949951171875 0.11309814453125 0.0118312835693359 -0.00438785552978515
0.0307998657226563 0.122833251953125 0.024169921875 0.0519180297851563
0.0537643432617188 0.111640930175781 0.079864501953125 0.123153686523438
0.0134048461914062 0.114517211914063 0.0617218017578125 0.20281982421875
-0.073333740234375 0.105552673339844 -0.038116455078125 0.2850341796875
-0.153854370117188 0.0208892822265625 -0.209625244140625 0.292877197265625
-0.094879150390625 -0.13909912109375 -0.37738037109375 0.102630615234375
0.081146240234375 -0.193450927734375 -0.37518310546875 -0.07440185546875
0.248703002929688 -0.054718017578125 -0.3082275390625 -0.271331787109375
0.348968505859375 -0.022369384765625 0.0217742919921875 0.18536376953125
0.20550537109375 -0.235977172851563 0.144500732421875 0.177017211914062
-0.09539794921875 -0.273971557617188 0.255874633789062 0.0566253662109375
-0.21466064453125 -0.0757293701171875 0.276596069335938 -0.102676391601563
-0.166885375976562 0.103652954101563 0.1287841796875 -0.198944091796875
-0.0241241455078125 0.15130615234375 0.0106964111328125 -0.1612548828125
0.0511016845703125 0.125083923339844 -0.0158615112304688 -0.0520973205566406
0.0372314453125 0.145095825195312 0.0037679672241211 0.014195442199707
0.0689468383789062 0.140350341796875 0.0609054565429688 0.0895919799804688
0.0173187255859375 0.15521240234375 0.043731689453125 0.166412353515625
-0.106414794921875 0.147003173828125 -0.0580596923828125 0.241378784179688
-0.21527099609375 0.0177154541015625 -0.198455810546875 0.242889404296875
-0.11492919921875 -0.216339111328125 -0.319671630859375 0.0768127441406249
0.132858276367188 -0.25244140625 -0.325531005859375 -0.06134033203125
0.327667236328125 -0.05731201171875 -0.239593505859375 -0.242446899414063
0.332855224609375 -0.019500732421875 0.098907470703125 0.217208862304687
0.174072265625 -0.209762573242188 0.197769165039063 0.215621948242188
-0.082275390625 -0.226531982421875 0.326904296875 0.05877685546875
-0.167022705078125 -0.0618896484375 0.3223876953125 -0.154937744140625
-0.131072998046875 0.080780029296875 0.134780883789063 -0.255645751953125
-0.0221786499023438 0.127784729003906 -0.0070037841796875 -0.212081909179688
0.0444793701171875 0.116622924804688 -0.0406036376953125 -0.0944900512695312
0.037750244140625 0.145965576171875 -0.0182285308837891 -0.0256690979003906
0.071136474609375 0.153060913085938 0.0278396606445313 0.046142578125
0.00697326660156249 0.177291870117188 0.0115509033203125 0.110771179199219
-0.142059326171875 0.1571044921875 -0.07623291015625 0.167343139648438
-0.252105712890625 -0.0132904052734375 -0.161102294921875 0.173721313476563
-0.0915374755859375 -0.273941040039063 -0.242202758789062 0.068878173828125
0.18377685546875 -0.26416015625 -0.276596069335937 -0.039337158203125
0.358154296875 -0.043121337890625 -0.1536865234375 -0.210617065429688
0.274688720703125 -0.0146484375 0.18341064453125 0.24847412109375
0.136123657226563 -0.159225463867188 0.27154541015625 0.220932006835937
-0.050994873046875 -0.164566040039063 0.373992919921875 0.019378662109375
-0.104194641113281 -0.0506210327148437 0.32513427734375 -0.210418701171875
-0.08795166015625 0.04815673828125 0.120941162109375 -0.289886474609375
-0.0190811157226563 0.0911026000976563 -0.0235137939453125 -0.240814208984375
0.0336456298828125 0.0924530029296875 -0.0598526000976563 -0.127357482910156
0.0319976806640625 0.124443054199219 -0.0403327941894531 -0.0626792907714844
0.0588531494140625 0.143524169921875 -0.0104551315307617 -0.00154781341552733
-0.0125274658203125 0.164825439453125 -0.0196914672851563 0.0435295104980469
-0.156875610351562 0.123077392578125 -0.0695114135742188 0.0842437744140625
-0.228546142578125 -0.05950927734375 -0.0986099243164063 0.121345520019531
-0.027191162109375 -0.271682739257813 -0.17822265625 0.0991058349609375
0.210174560546875 -0.214584350585938 -0.252410888671875 -0.0125885009765626
0.326141357421875 -0.013519287109375 -0.065399169921875 -0.181427001953125
0.185745239257812 -0.0063934326171875 0.26141357421875 0.268661499023438
0.0970077514648438 -0.100349426269531 0.338104248046875 0.198211669921875
-0.0189743041992187 -0.104118347167969 0.391387939453125 -0.032073974609375
-0.0476531982421875 -0.0399513244628906 0.30340576171875 -0.25128173828125
-0.0472946166992187 0.0194244384765625 0.10107421875 -0.3043212890625
-0.0153999328613281 0.0522499084472656 -0.0343780517578125 -0.251190185546875
0.0207176208496094 0.0576286315917969 -0.0727996826171875 -0.147369384765625
0.02203369140625 0.0850906372070312 -0.0587844848632813 -0.0910720825195313
0.0355987548828125 0.106918334960937 -0.0420684814453125 -0.0453987121582031
-0.0262451171875 0.113189697265625 -0.0355033874511719 -0.0167961120605469
-0.126808166503906 0.0586929321289062 -0.0403861999511719 0.024017333984375
-0.141357421875 -0.0829925537109375 -0.039642333984375 0.102706909179688
0.037109375 -0.188400268554688 -0.159805297851562 0.1455078125
0.178451538085938 -0.11785888671875 -0.252655029296875 -0.000244140624999988
0.224090576171875 0.0185546875 0.0120849609375 -0.155746459960938
-0.0682258605957031 0.00627899169921876 -0.073822021484375 0.18902587890625
-0.0478591918945312 0.0123825073242188 0.231231689453125 0.05816650390625
-0.0373611450195312 0.0537033081054687 0.155227661132813 -0.167007446289063
0.0179977416992187 0.043975830078125 0.0157470703125 -0.1241455078125
0.0419998168945313 0.000385284423828125 0.00273513793945313 -0.0228366851806641
0.0151557922363281 -0.0432243347167969 0.0201663970947266 0.0272579193115234
-0.004608154296875 -0.0352134704589844 0.0435562133789062 0.0656547546386719
-0.00732803344726562 -0.0269260406494141 0.0446624755859375 0.102920532226562
-0.00497627258300781 -0.0212268829345703 0.0660552978515625 0.165328979492188
0.00171279907226563 -0.0114536285400391 0.0219879150390625 0.234970092773438
0.000297069549560546 -0.00615024566650391 -0.06201171875 0.295684814453125
0.00811672210693359 0.0139141082763672 -0.236328125 0.276565551757813
-0.00493621826171874 0.0577774047851563 -0.421234130859375 0.0794677734375
-0.0537948608398438 0.0309791564941406 -0.3743896484375 -0.13739013671875
-0.110374450683594 -0.00842285156250001 -0.308990478515625 -0.31658935546875
0.0944595336914063 -0.008880615234375 -0.0930023193359375 0.173004150390625
0.070587158203125 -0.0813140869140625 0.2059326171875 0.07183837890625
-0.0497970581054688 -0.0890121459960937 0.15826416015625 -0.141494750976563
-0.0869216918945313 -0.0144729614257813 0.0389404296875 -0.113746643066406
-0.0542182922363281 0.0488967895507812 0.00859832763671874 -0.0373344421386719
0.00164031982421875 0.0399322509765625 0.0207405090332031 0.0164279937744141
0.0198459625244141 0.0237464904785156 0.0464935302734375 0.0630760192871094
0.00535011291503906 0.0295543670654297 0.0462493896484375 0.09930419921875
0.0118751525878906 0.0266799926757812 0.075592041015625 0.16058349609375
-0.00050544738769531 0.0269527435302734 0.0416717529296875 0.2301025390625
-0.0260410308837891 0.0201225280761719 -0.04156494140625 0.298095703125
-0.03857421875 0.00810241699218751 -0.21539306640625 0.29931640625
-0.024017333984375 -0.00138473510742187 -0.411865234375 0.1094970703125
-0.0090179443359375 -0.036224365234375 -0.39923095703125 -0.10467529296875
0.0134429931640625 -0.0200710296630859 -0.346649169921875 -0.308349609375
0.231246948242188 -0.0197296142578125 -0.0785217285156249 0.159133911132813
0.166015625 -0.163375854492188 0.165481567382813 0.0845794677734375
-0.062469482421875 -0.208724975585938 0.157562255859375 -0.078277587890625
-0.171676635742188 -0.064483642578125 0.0991744995117187 -0.0904312133789062
-0.134437561035156 0.0840072631835938 0.0443038940429687 -0.0744171142578125
-0.0132675170898438 0.108100891113281 0.0230121612548828 -0.0284175872802734
0.0383834838867188 0.07611083984375 0.0353317260742188 0.0372200012207031
0.0191879272460937 0.0822067260742188 0.039520263671875 0.0817489624023438
0.0323486328125 0.0716094970703125 0.0833587646484375 0.146286010742188
0.00432205200195312 0.067718505859375 0.0589447021484375 0.21917724609375
-0.048828125 0.0575485229492187 -0.0277099609375 0.297576904296875
-0.0912094116210938 0.0114669799804687 -0.202423095703125 0.308746337890625
-0.0551567077636719 -0.06610107421875 -0.39678955078125 0.1204833984375
0.033935546875 -0.113899230957031 -0.39935302734375 -0.07952880859375
0.138458251953125 -0.0381546020507812 -0.346099853515625 -0.28851318359375
0.317352294921875 -0.02447509765625 -0.037384033203125 0.158340454101563
0.20733642578125 -0.220504760742188 0.134567260742188 0.117561340332031
-0.08489990234375 -0.27105712890625 0.185562133789062 0.000366210937499983
-0.218460083007813 -0.082122802734375 0.186386108398438 -0.0797576904296875
-0.171875 0.104415893554687 0.0922164916992187 -0.132232666015625
-0.0215911865234375 0.146270751953125 0.0199966430664063 -0.0943450927734375
0.0478515625 0.109519958496094 0.0119667053222656 -0.00544643402099609
0.0303421020507812 0.121780395507813 0.0244064331054688 0.0519599914550781
0.0525436401367188 0.108924865722656 0.0797805786132813 0.12109375
0.0124435424804687 0.110481262207031 0.0614166259765625 0.198135375976563
-0.0723876953125 0.103317260742188 -0.033111572265625 0.2823486328125
-0.151092529296875 0.020660400390625 -0.1986083984375 0.29156494140625
-0.0918807983398437 -0.137748718261719 -0.368560791015625 0.105621337890625
0.078369140625 -0.191482543945313 -0.37127685546875 -0.0669555664062499
0.247970581054687 -0.0542449951171875 -0.30828857421875 -0.264312744140625
0.349273681640625 -0.023712158203125 0.0235595703125 0.177001953125
0.200927734375 -0.233566284179688 0.143142700195313 0.168487548828125
-0.0956878662109375 -0.267791748046875 0.250961303710938 0.052886962890625
-0.211654663085938 -0.07476806640625 0.269439697265625 -0.104904174804688
-0.163894653320313 0.102264404296875 0.124069213867187 -0.19781494140625
-0.0234222412109375 0.14794921875 0.0081024169921875 -0.15997314453125
0.0487899780273437 0.121322631835937 -0.0154647827148437 -0.052459716796875
0.0372161865234375 0.143463134765625 0.00495243072509766 0.0146827697753906
0.0675811767578125 0.136711120605469 0.0616378784179688 0.0867919921875
0.0157470703125 0.14996337890625 0.0434417724609375 0.162384033203125
-0.1041259765625 0.144119262695313 -0.054168701171875 0.240066528320313
-0.212890625 0.017852783203125 -0.188735961914063 0.241607666015625
-0.11322021484375 -0.213958740234375 -0.31201171875 0.0785827636718749
0.127975463867188 -0.249755859375 -0.321441650390625 -0.053680419921875
0.32635498046875 -0.05841064453125 -0.239608764648437 -0.233901977539063
0.330780029296875 -0.02044677734375 0.0998077392578125 0.209716796875
0.169937133789062 -0.205947875976563 0.197189331054688 0.20745849609375
-0.080902099609375 -0.2208251953125 0.32220458984375 0.053436279296875
-0.164077758789063 -0.0623931884765625 0.31329345703125 -0.15618896484375
-0.129035949707031 0.0781478881835938 0.128662109375 -0.253082275390625
-0.0228652954101562 0.125282287597656 -0.0093536376953125 -0.209259033203125
0.042022705078125 0.113372802734375 -0.0402603149414063 -0.0948028564453125
0.0380706787109375 0.144119262695313 -0.0167942047119141 -0.0251808166503906
0.07049560546875 0.149093627929688 0.0289459228515625 0.0447654724121094
0.00706481933593751 0.1717529296875 0.0113143920898438 0.108619689941406
-0.13922119140625 0.1552734375 -0.07275390625 0.167404174804688
-0.249343872070313 -0.0115509033203124 -0.152908325195313 0.17291259765625
-0.0922088623046875 -0.27142333984375 -0.234603881835938 0.0690612792968749
0.179000854492187 -0.263504028320312 -0.271530151367188 -0.0316314697265625
0.357574462890625 -0.044708251953125 -0.1539306640625 -0.203262329101563
0.274520874023438 -0.014984130859375 0.184341430664063 0.240646362304688
0.133346557617188 -0.15679931640625 0.270904541015625 0.213851928710938
-0.0496826171875 -0.160354614257813 0.367584228515625 0.01495361328125
-0.101760864257813 -0.0528335571289063 0.31494140625 -0.210693359375
-0.0867843627929687 0.0458221435546875 0.1143798828125 -0.286224365234375
-0.019805908203125 0.0892791748046875 -0.0249176025390625 -0.2373046875
0.0314712524414062 0.0895538330078125 -0.0582427978515625 -0.127723693847656
0.0324020385742187 0.123046875 -0.0391807556152344 -0.0621376037597656
0.0589370727539062 0.139625549316406 -0.00978946685791015 -0.00184822082519531
-0.0118255615234375 0.15997314453125 -0.0193710327148438 0.0418586730957031
-0.154617309570313 0.122314453125 -0.067413330078125 0.0848541259765625
-0.227264404296875 -0.05792236328125 -0.0920639038085938 0.118698120117188
-0.0287322998046875 -0.2691650390625 -0.169815063476563 0.099212646484375
0.204559326171875 -0.215606689453125 -0.246414184570313 -0.00291442871093749
0.3258056640625 -0.016143798828125 -0.06536865234375 -0.172897338867188
0.186721801757813 -0.0065765380859375 0.262603759765625 0.261459350585938
0.0949172973632812 -0.0979995727539062 0.336395263671875 0.191314697265625
-0.01824951171875 -0.101516723632813 0.38348388671875 -0.03607177734375
-0.046722412109375 -0.0414924621582031 0.292388916015625 -0.250518798828125
-0.0466842651367188 0.0175132751464844 0.096038818359375 -0.300079345703125
-0.0151557922363281 0.0515022277832031 -0.0345916748046875 -0.247039794921875
0.0189743041992188 0.0552635192871094 -0.0708160400390625 -0.147552490234375
0.0227737426757813 0.0837631225585938 -0.0576553344726562 -0.0904083251953125
0.0354537963867188 0.104270935058594 -0.0423049926757813 -0.0449371337890625
-0.025604248046875 0.110198974609375 -0.0363388061523437 -0.0172691345214844
-0.126007080078125 0.0585708618164062 -0.0397682189941406 0.0240135192871094
-0.140777587890625 -0.0811004638671875 -0.033721923828125 0.10015869140625
0.0355377197265625 -0.188751220703125 -0.150253295898438 0.145431518554688
0.174484252929688 -0.120376586914063 -0.246841430664063 0.00941467285156246
0.224884033203125 0.0173187255859375 0.01190185546875 -0.147735595703125
-0.0681991577148438 0.00631332397460937 -0.0750274658203125 0.184524536132812
-0.0499801635742188 0.0126876831054688 0.23101806640625 0.0509490966796875
-0.0374870300292969 0.0546646118164063 0.15277099609375 -0.169662475585938
0.0179252624511719 0.0450782775878906 0.0123367309570313 -0.123123168945313
0.0428962707519531 0.000942230224609375 0.00144386291503906 -0.0215644836425781
0.0150909423828125 -0.0437202453613281 0.0218791961669922 0.0276088714599609
-0.004638671875 -0.0359687805175781 0.0443496704101562 0.0675697326660156
-0.00717544555664063 -0.0270099639892578 0.0446853637695313 0.10614013671875
-0.0056304931640625 -0.0212726593017578 0.0654144287109375 0.168075561523438
0.0018768310546875 -0.0111856460571289 0.019317626953125 0.237197875976563
0.000212907791137695 -0.00410676002502441 -0.062408447265625 0.297454833984375
0.0074615478515625 0.0156078338623047 -0.233779907226563 0.278152465820312
-0.00366592407226562 0.0571517944335938 -0.42034912109375 0.0816345214843751
-0.0555152893066406 0.0304031372070312 -0.3790283203125 -0.137664794921875
-0.111709594726563 -0.00782775878906249 -0.315704345703125 -0.322723388671875
0.09698486328125 -0.00904083251953125 -0.094635009765625 0.167953491210938
0.0703659057617188 -0.0826187133789063 0.207122802734375 0.0655975341796875
-0.050323486328125 -0.0898361206054688 0.156036376953125 -0.143951416015625
-0.087890625 -0.0150527954101562 0.0355072021484375 -0.113815307617188
-0.0545310974121094 0.0501289367675781 0.0072479248046875 -0.0360679626464844
0.00167083740234375 0.0395355224609375 0.0215911865234375 0.0164737701416016
0.018798828125 0.0226898193359375 0.0471000671386719 0.0641708374023438
0.00500297546386719 0.0300941467285156 0.0461349487304688 0.102424621582031
0.010894775390625 0.0272235870361328 0.0754547119140625 0.163177490234375
-0.00173568725585937 0.02618408203125 0.0390777587890625 0.231704711914063
-0.0270862579345703 0.0207996368408203 -0.041778564453125 0.30047607421875
-0.0392684936523438 0.007904052734375 -0.213165283203125 0.30023193359375
-0.0214595794677734 -0.00322341918945312 -0.410400390625 0.112030029296875
-0.0100173950195312 -0.0367317199707031 -0.40380859375 -0.103790283203125
0.014678955078125 -0.0185928344726563 -0.352691650390625 -0.312530517578125
0.236099243164063 -0.0196533203125 -0.07989501953125 0.153961181640625
0.1678466796875 -0.164810180664063 0.164993286132813 0.078033447265625
-0.0623016357421875 -0.210784912109375 0.155960083007812 -0.080169677734375
-0.173507690429688 -0.0660552978515625 0.0967864990234375 -0.0902252197265625
-0.135292053222656 0.0852127075195312 0.0432586669921875 -0.0743637084960937
-0.0139999389648438 0.108612060546875 0.0225257873535156 -0.0288410186767578
0.03680419921875 0.0751571655273438 0.0353279113769531 0.0377388000488281
0.0186843872070312 0.0835494995117188 0.0400772094726563 0.0841064453125
0.030670166015625 0.0727157592773438 0.083343505859375 0.147903442382813
0.002197265625 0.0669708251953125 0.0573883056640625 0.220382690429687
-0.0505027770996094 0.0572738647460937 -0.027099609375 0.299591064453125
-0.0918807983398438 0.0104141235351562 -0.199371337890625 0.311004638671875
-0.0525169372558594 -0.0683212280273437 -0.39703369140625 0.12213134765625
0.0337371826171875 -0.113815307617188 -0.403472900390625 -0.0776367187499999
0.14251708984375 -0.0372161865234375 -0.351837158203125 -0.291656494140625
0.321868896484375 -0.024017333984375 -0.0384521484375 0.154098510742188
0.208602905273438 -0.220947265625 0.133705139160156 0.112297058105469
-0.0845184326171875 -0.273681640625 0.18438720703125 9.15527343749832E-05
-0.2196044921875 -0.084716796875 0.1854248046875 -0.07977294921875
-0.173324584960937 0.105316162109375 0.091094970703125 -0.13299560546875
-0.0230255126953125 0.14556884765625 0.0195770263671875 -0.0956497192382812
0.045928955078125 0.109092712402344 0.011958122253418 -0.00660419464111327
0.029052734375 0.124031066894531 0.025238037109375 0.0534133911132813
0.0514297485351562 0.109764099121094 0.0803375244140625 0.122138977050781
0.0100479125976563 0.109130859375 0.0601806640625 0.199249267578125
-0.0743026733398438 0.102645874023437 -0.03167724609375 0.284759521484375
-0.152252197265625 0.018951416015625 -0.1959228515625 0.293701171875
-0.08941650390625 -0.140853881835938 -0.367919921875 0.106719970703125
0.0781402587890625 -0.192413330078125 -0.374481201171875 -0.064483642578125
0.254104614257813 -0.0537567138671875 -0.31317138671875 -0.26556396484375
0.3536376953125 -0.02264404296875 0.02294921875 0.174118041992188
0.202682495117187 -0.233108520507813 0.143295288085938 0.165679931640625
-0.0946044921875 -0.270095825195313 0.2515869140625 0.0535125732421875
-0.212753295898438 -0.07763671875 0.2694091796875 -0.104827880859375
-0.165237426757813 0.101547241210937 0.121994018554687 -0.200454711914063
-0.0253753662109375 0.1488037109375 0.00738525390624999 -0.162155151367188
0.0454635620117187 0.120880126953125 -0.0154762268066406 -0.0542221069335937
0.0363311767578125 0.14544677734375 0.00571250915527344 0.0146684646606445
0.0663909912109375 0.137466430664063 0.0628585815429688 0.0869674682617188
0.0142364501953125 0.148361206054687 0.0428314208984375 0.1629638671875
-0.105941772460938 0.143951416015625 -0.053253173828125 0.242279052734375
-0.21392822265625 0.017364501953125 -0.186126708984375 0.242996215820313
-0.111404418945313 -0.217361450195313 -0.3118896484375 0.078765869140625
0.128402709960938 -0.251541137695313 -0.323333740234375 -0.050628662109375
0.333984375 -0.057586669921875 -0.243133544921875 -0.2342529296875
0.3369140625 -0.0186767578125 0.100570678710938 0.2078857421875
0.172653198242188 -0.205154418945312 0.19830322265625 0.206756591796875
-0.07867431640625 -0.221694946289063 0.322662353515625 0.054290771484375
-0.164154052734375 -0.06597900390625 0.31402587890625 -0.15826416015625
-0.130119323730469 0.0766830444335937 0.12744140625 -0.255844116210938
-0.0244827270507812 0.125 -0.00994873046875002 -0.211715698242188
0.0391616821289062 0.112823486328125 -0.0396881103515625 -0.0979156494140625
0.03753662109375 0.145706176757813 -0.0160999298095703 -0.02545166015625
0.0691375732421875 0.149734497070313 0.02996826171875 0.0446815490722656
0.00541687011718749 0.171539306640625 0.0104446411132812 0.10882568359375
-0.1412353515625 0.1561279296875 -0.0732879638671875 0.17034912109375
-0.25115966796875 -0.01275634765625 -0.150527954101563 0.1734619140625
-0.091827392578125 -0.27606201171875 -0.23419189453125 0.0677642822265625
0.178802490234375 -0.266937255859375 -0.271270751953125 -0.026397705078125
0.364776611328125 -0.04388427734375 -0.154891967773437 -0.201126098632813
0.280059814453125 -0.0140380859375 0.1864013671875 0.241302490234375
0.134963989257813 -0.155242919921875 0.273666381835938 0.213973999023438
-0.046844482421875 -0.1611328125 0.369110107421875 0.014556884765625
-0.101417541503906 -0.056854248046875 0.313995361328125 -0.21221923828125
-0.087554931640625 0.0432205200195313 0.113494873046875 -0.28826904296875
-0.022216796875 0.089202880859375 -0.0249176025390625 -0.239974975585938
0.0287017822265625 0.0897674560546875 -0.0571746826171875 -0.131080627441406
0.0322036743164063 0.124443054199219 -0.0380020141601562 -0.0635452270507812
0.057830810546875 0.139877319335938 -0.00878143310546875 -0.00283622741699218
-0.0133209228515625 0.160003662109375 -0.0209541320800781 0.0423088073730469
-0.156845092773438 0.123062133789063 -0.0682525634765625 0.0872726440429688
-0.22967529296875 -0.0589599609375 -0.0884933471679687 0.118385314941406
-0.02813720703125 -0.274307250976562 -0.167434692382813 0.0996246337890625
0.2054443359375 -0.218551635742188 -0.2457275390625 0.00372314453125003
0.332611083984375 -0.0155029296875 -0.0644989013671875 -0.17047119140625
0.19140625 -0.0060882568359375 0.265853881835938 0.263015747070313
0.0950851440429688 -0.0973281860351563 0.340301513671875 0.191131591796875
-0.01654052734375 -0.101318359375 0.384857177734375 -0.036590576171875
-0.0471153259277344 -0.0441780090332031 0.291046142578125 -0.251708984375
-0.0471038818359375 0.0156288146972656 0.094879150390625 -0.301055908203125
-0.0167160034179688 0.0515022277832031 -0.034149169921875 -0.250381469726563
0.017120361328125 0.0550804138183594 -0.0696258544921875 -0.152175903320313
0.0222244262695313 0.084320068359375 -0.0568771362304687 -0.0919876098632813
0.0362548828125 0.104217529296875 -0.0420036315917969 -0.0462417602539063
-0.0269927978515625 0.1103515625 -0.0371780395507813 -0.0178375244140625
-0.127830505371094 0.0582962036132813 -0.0399703979492188 0.0244140625
-0.142547607421875 -0.08306884765625 -0.0298309326171875 0.0987091064453125
0.0368194580078125 -0.192962646484375 -0.14654541015625 0.147323608398438
0.174789428710938 -0.12274169921875 -0.2459716796875 0.017486572265625
0.230239868164063 0.0173492431640625 0.0129547119140625 -0.144134521484375
-0.0697250366210937 0.00697326660156251 -0.0760650634765625 0.184417724609375
-0.0528602600097656 0.0135040283203125 0.235687255859375 0.0438995361328125
-0.0381126403808594 0.0574989318847656 0.149795532226563 -0.177032470703125
0.0187187194824219 0.0465164184570312 0.00743865966796876 -0.124114990234375
0.045440673828125 0.00117111206054688 0.00096702575683594 -0.0203132629394531
0.0155525207519531 -0.0448875427246094 0.0230064392089844 0.0272369384765625
-0.00590896606445313 -0.0388755798339844 0.0465507507324219 0.0701179504394531
-0.00763511657714844 -0.0282993316650391 0.0476455688476563 0.111595153808594
-0.00507545471191406 -0.0214691162109375 0.067474365234375 0.174484252929688
0.00171089172363281 -0.0118417739868164 0.0194854736328125 0.244674682617188
-0.000271081924438476 -0.00266265869140625 -0.060028076171875 0.30615234375
0.00804996490478516 0.0168008804321289 -0.232635498046875 0.287200927734375
-0.00243377685546875 0.0583534240722656 -0.42694091796875 0.090179443359375
-0.0583610534667969 0.0317840576171875 -0.392364501953125 -0.13671875
-0.114418029785156 -0.00634765625 -0.33148193359375 -0.330810546875
0.100921630859375 -0.0111312866210938 -0.096343994140625 0.168075561523438
0.0710983276367188 -0.0855178833007813 0.21148681640625 0.0571136474609375
-0.0531997680664063 -0.0902862548828125 0.15472412109375 -0.151107788085938
-0.091339111328125 -0.0149154663085937 0.0319137573242187 -0.115196228027344
-0.0550537109375 0.0524826049804688 0.00512313842773438 -0.03594970703125
0.00109481811523437 0.04022216796875 0.0222339630126953 0.0158367156982422
0.018035888671875 0.0218734741210938 0.0496482849121094 0.0654563903808594
0.00525093078613281 0.0310440063476562 0.049346923828125 0.106559753417969
0.0107917785644531 0.0275840759277344 0.0785980224609375 0.168472290039063
-0.00251960754394531 0.0265216827392578 0.039947509765625 0.237960815429688
-0.0290088653564453 0.0220222473144531 -0.03912353515625 0.30926513671875
-0.0405540466308594 0.00798416137695312 -0.209320068359375 0.31060791015625
-0.020263671875 -0.00407028198242187 -0.4173583984375 0.121185302734375
-0.0112380981445313 -0.0371627807617187 -0.417755126953125 -0.100128173828125
0.0169563293457031 -0.0186519622802734 -0.370330810546875 -0.32037353515625
0.244369506835937 -0.0222930908203125 -0.0819549560546875 0.1529541015625
0.171127319335938 -0.171401977539063 0.168807983398438 0.0712890625
-0.0661773681640625 -0.215545654296875 0.155807495117188 -0.08526611328125
-0.179306030273438 -0.0668182373046875 0.0955276489257812 -0.0928268432617188
-0.13800048828125 0.0902328491210937 0.0409011840820313 -0.0767440795898438
-0.0144195556640625 0.110382080078125 0.0219497680664062 -0.0312328338623047
0.0366134643554688 0.0757827758789062 0.0367279052734375 0.0375289916992188
0.0192337036132812 0.0868682861328125 0.04217529296875 0.087554931640625
0.0310516357421875 0.0741195678710937 0.0866241455078125 0.151824951171875
0.000537872314453128 0.0669784545898438 0.0592193603515625 0.225860595703125
-0.0528030395507813 0.0585594177246094 -0.023956298828125 0.30780029296875
-0.0947799682617188 0.0100250244140625 -0.196563720703125 0.320526123046875
-0.0513916015625 -0.0717620849609375 -0.40423583984375 0.131195068359375
0.033447265625 -0.116851806640625 -0.416168212890625 -0.0731506347656249
0.149887084960938 -0.0384979248046875 -0.369781494140625 -0.2967529296875
0.333770751953125 -0.02667236328125 -0.038604736328125 0.153411865234375
0.213348388671875 -0.228546142578125 0.136955261230469 0.108024597167969
-0.089202880859375 -0.280029296875 0.187545776367188 -0.00224304199218752
-0.226974487304688 -0.0861663818359375 0.187530517578125 -0.082855224609375
-0.176681518554688 0.108596801757812 0.0888900756835938 -0.137771606445313
-0.023345947265625 0.148727416992188 0.0172500610351562 -0.10003662109375
0.0447311401367188 0.110984802246094 0.0123844146728516 -0.00771522521972656
0.0309677124023437 0.12725830078125 0.0265007019042969 0.0551071166992188
0.0519943237304687 0.112548828125 0.0845794677734375 0.124427795410156
0.00882720947265626 0.1097412109375 0.0628814697265625 0.2037353515625
-0.0765304565429687 0.104141235351563 -0.02716064453125 0.293426513671875
-0.156845092773437 0.01910400390625 -0.19384765625 0.30328369140625
-0.091278076171875 -0.145034790039063 -0.37530517578125 0.113983154296875
0.0787353515625 -0.197540283203125 -0.3858642578125 -0.058929443359375
0.265426635742188 -0.0566864013671875 -0.32794189453125 -0.268524169921875
0.366485595703125 -0.0255126953125 0.0243682861328125 0.173995971679688
0.2073974609375 -0.239822387695312 0.147918701171875 0.164474487304687
-0.0982513427734375 -0.276092529296875 0.257110595703125 0.05194091796875
-0.21929931640625 -0.0808563232421874 0.274246215820313 -0.110687255859375
-0.169387817382812 0.104324340820313 0.121658325195313 -0.207366943359375
-0.026214599609375 0.151077270507812 0.00399780273437502 -0.16754150390625
0.0445327758789063 0.12286376953125 -0.0166854858398438 -0.0566215515136719
0.0380401611328125 0.15008544921875 0.00697994232177735 0.0158042907714844
0.0675888061523438 0.14044189453125 0.06610107421875 0.0883331298828125
0.0137481689453125 0.15008544921875 0.0444793701171875 0.166580200195313
-0.1083984375 0.147979736328125 -0.0511016845703125 0.251373291015625
-0.220474243164063 0.017730712890625 -0.184249877929688 0.250595092773438
-0.115188598632812 -0.224349975585938 -0.3177490234375 0.083892822265625
0.12945556640625 -0.259445190429688 -0.331390380859375 -0.0438537597656251
0.3485107421875 -0.062286376953125 -0.253952026367188 -0.23583984375
0.349090576171875 -0.02130126953125 0.1041259765625 0.209732055664062
0.176513671875 -0.210174560546875 0.205780029296875 0.20703125
-0.080963134765625 -0.226348876953125 0.33251953125 0.05181884765625
-0.169174194335938 -0.0697021484375 0.317962646484375 -0.166534423828125
-0.133476257324219 0.076904296875 0.125534057617187 -0.264541625976563
-0.0259170532226563 0.127166748046875 -0.013427734375 -0.21832275390625
0.0368270874023437 0.115615844726563 -0.0418701171875 -0.10113525390625
0.03924560546875 0.150375366210938 -0.016082763671875 -0.0272960662841797
0.0706024169921875 0.152145385742188 0.0324668884277344 0.0442733764648438
0.00488281249999999 0.174163818359375 0.0110931396484375 0.111228942871094
-0.1444091796875 0.16070556640625 -0.0716705322265625 0.177566528320313
-0.258819580078125 -0.0121307373046875 -0.149337768554688 0.1783447265625
-0.096221923828125 -0.285186767578125 -0.2369384765625 0.0719146728515624
0.1807861328125 -0.275527954101563 -0.276336669921875 -0.0181732177734375
0.380950927734375 -0.049530029296875 -0.1611328125 -0.201431274414063
0.289825439453125 -0.015777587890625 0.194244384765625 0.24493408203125
0.13812255859375 -0.157943725585938 0.28424072265625 0.215087890625
-0.047607421875 -0.164474487304688 0.379364013671875 0.0103759765625
-0.105110168457031 -0.0604629516601563 0.3173828125 -0.22064208984375
-0.0894775390625 0.0429611206054688 0.111175537109375 -0.296539306640625
-0.0233383178710937 0.0908432006835937 -0.028411865234375 -0.246444702148438
0.027069091796875 0.0907821655273438 -0.0594482421875 -0.136878967285156
0.0332183837890625 0.127578735351563 -0.0386466979980469 -0.0656700134277344
0.060455322265625 0.14239501953125 -0.00880336761474609 -0.00305843353271484
-0.0131072998046875 0.163360595703125 -0.0219459533691406 0.0438461303710938
-0.160903930664063 0.128768920898438 -0.0691146850585938 0.09130859375
-0.236541748046875 -0.0599212646484375 -0.0860748291015625 0.1204833984375
-0.03228759765625 -0.284423828125 -0.166519165039063 0.103179931640625
0.208221435546875 -0.227493286132813 -0.248672485351562 0.01324462890625
0.34759521484375 -0.019775390625 -0.067779541015625 -0.170562744140625
0.199066162109375 -0.007476806640625 0.277053833007813 0.266448974609375
0.0970230102539063 -0.0981292724609375 0.353515625 0.190887451171875
-0.0165557861328125 -0.103660583496094 0.39288330078125 -0.04278564453125
-0.0485076904296875 -0.0481643676757813 0.292938232421875 -0.260711669921875
-0.0492324829101563 0.0143165588378906 0.092132568359375 -0.309600830078125
-0.0172958374023438 0.0531654357910156 -0.037811279296875 -0.258071899414063
0.0151290893554687 0.0559425354003906 -0.0720367431640625 -0.158309936523438
0.0234146118164063 0.0858688354492188 -0.0584640502929688 -0.0949325561523438
0.0380477905273438 0.105926513671875 -0.0436439514160156 -0.0479240417480469
-0.0276031494140625 0.113067626953125 -0.0404777526855469 -0.017913818359375
-0.132331848144531 0.0626449584960937 -0.0407524108886719 0.0259552001953125
-0.148757934570313 -0.0856781005859375 -0.0260162353515625 0.0996780395507813
0.035797119140625 -0.200698852539062 -0.144058227539063 0.154052734375
0.177276611328125 -0.129348754882813 -0.24884033203125 0.0285339355468749
0.240936279296875 0.01519775390625 0.014739990234375 -0.14373779296875
0.0488868035160014 0.0314944057515612 -0.195909375749195 0.024092946704136
0.0229586197392961 0.0379375210280423 0.0860303200714274 0.232109567582063
0.0650704613727734 0.0186592271286292 0.241335706479592 0.0283549174434949
0.0301238494367644 -0.0395095356994217 0.0990894335427596 -0.0590000120886568
-0.0332156633200317 -0.0341852671810366 0.0154937584301834 -0.00358801574415594
-0.0473531685794594 0.0136406764719819 -0.00831505162673838 0.0381088799305022
-0.0348797781713448 0.0221975642440481 -0.0468469093910775 0.0756229034523853
-0.0207092182146841 0.0160580425542695 -0.0860763216785462 0.10325095324652
-0.0162648589999463 0.00350245519347932 -0.138403186285008 0.138694978738159
-0.0153204469367237 -0.00776622182306929 -0.205800779797706 0.133290024919043
0.00439132491658138 -0.0134676733228034 -0.319386324308367 0.0941207336444093
0.0242793479905477 -0.0336261347135056 -0.386462149262665 -0.0765040037967705
0.0718029294348259 -0.0387748827915814 -0.317454879634253 -0.308837918212559
0.0804385785802031 0.0364102372959353 -0.0714464126842734 -0.422217785928485
0.0700925127179866 0.107656767120568 0.0704888303905309 -0.462020379291538
-0.0541441113351012 -0.0990160248339492 -0.20620849786688 0.0206394462153281
-0.138450109182002 -0.00372003727829565 0.0607710291966729 0.248202990266777
-0.0557046421891755 0.117635807034386 0.255005161336467 0.060097048865314
0.0526017580512492 0.102167403166181 0.134886766219166 -0.0531757491170711
0.0803048473342209 0.00452190202489365 0.0276943576963862 -0.0264573853100993
0.0283540445717601 -0.0278200993987881 -0.00976269721995485 0.0234085507631485
0.00705136035972066 -0.0301660756413568 -0.0506217500535573 0.0701076617002466
0.016189218390515 -0.0315260130467197 -0.0868219031946668 0.0997571075779203
0.017737450808168 -0.0386056104145903 -0.133537905231159 0.142845359644147
0.0168028703882495 -0.0260720846569429 -0.192797065792251 0.143452878845292
0.0414304454248436 -0.00758372913643654 -0.309843992875968 0.111516673138964
0.044530820869103 0.0135575710354154 -0.390188034758406 -0.046625689643762
0.0405932546861507 0.0165997582653818 -0.331178631364451 -0.281555816478881
0.000828485003371179 0.0378773524400915 -0.118814969529817 -0.416909344220814
-0.00353323259475798 0.00719169503079329 0.0254027596922284 -0.483723081673926
-0.141829418254515 -0.21122460444355 -0.196293781704799 0.0451689877685922
-0.271396757968071 -0.0349575843660985 0.0260473794951482 0.242777940932907
-0.156770214286223 0.197548584758281 0.223606268519164 0.108767312087797
0.0621383785994705 0.217325221078051 0.172192784314986 0.00069765724131833
0.167135186296981 0.0450409692079369 0.0838014312985271 -0.0302850191862433
0.0936199996513625 -0.0545600943440511 0.0239272745532684 -0.0057495085965036
0.0486583597256685 -0.0725795961207806 -0.0347776284725351 0.041931572870242
0.0493508463311741 -0.0759389647521847 -0.0763596922889458 0.0827990123662928
0.0467067651965148 -0.0821543547976381 -0.119071936221263 0.141598088269676
0.0479354602548975 -0.053473130347207 -0.175767530480423 0.149083606287627
0.0842291007287503 -0.0133435380933373 -0.30299967906315 0.119209084125705
0.0784492645387698 0.0598880365936291 -0.386039257332104 -0.0358290798276579
0.0154783750479195 0.0860777294623234 -0.325282322497521 -0.262948299182519
-0.0871356570691927 0.0487386763006229 -0.143029003770575 -0.390515139038021
-0.085751169916766 -0.0903624798183657 -0.00711708045228979 -0.465466909708601
-0.197786811792577 -0.282964945228334 -0.180259008219073 0.0949353218727758
-0.344886515607739 -0.0396609120578444 -0.0233922443679225 0.244788919471427
-0.204472479526433 0.248540636458256 0.17852493922693 0.187112078215408
0.0700931308525738 0.274006173070825 0.222611936176999 0.0813701959646124
0.206226285037138 0.0678844813590753 0.168178201718188 -0.0269873807123596
0.129094578492073 -0.0634170278886625 0.0796012398694843 -0.0445145961158204
0.0780049413666016 -0.0961471865735689 -0.00405677648194909 -0.00220916816667511
0.0745276946515378 -0.108897679485128 -0.0554172433178819 0.0509634813135869
0.0679058552930515 -0.119648277308316 -0.0977052184578288 0.126067635173453
0.0762417526650397 -0.0862045697181173 -0.15911321331464 0.138052848593212
0.135437436574314 -0.0256741600751715 -0.293879557502074 0.100526604402079
0.12406422496552 0.110600609303339 -0.360888693728802 -0.0487905878821529
-0.00907026743635589 0.167135540264055 -0.287073897311728 -0.247896258693644
-0.177471144967186 0.0609287179979479 -0.14135693911007 -0.344601204888218
-0.160376447278673 -0.175318613676141 -0.0163412100702056 -0.41262897407438
-0.219953753452854 -0.313152759634024 -0.167574012995751 0.167368760548261
-0.35215769586609 -0.0343960171622508 -0.0713693653741814 0.285195341161676
-0.204165651620012 0.248191722816981 0.162705905322797 0.283835496561671
0.061375557838673 0.266669504345084 0.289506332224135 0.148643895405885
0.193781170402906 0.0747611204733004 0.253056304003016 -0.0342836658088516
0.132795718006599 -0.054471702338888 0.135645417397911 -0.0880461924170177
0.091661734005305 -0.0981984230077154 0.0331808243177977 -0.0483195562356119
0.0879617206102741 -0.12518286454672 -0.0271271829757067 0.011055197216953
0.0842616432084973 -0.146316940247085 -0.0733209508814979 0.0920865521046264
0.107566757603414 -0.114300204343351 -0.139613296814021 0.100700851163304
0.190750636934551 -0.0297767047196191 -0.266586372123539 0.0503268699264284
0.162196520935833 0.170345841056527 -0.299209486302217 -0.072889865369557
-0.0497075567059824 0.242975500508552 -0.221021449464032 -0.21310786725723
-0.258922181279205 0.0578757309075412 -0.129834965293345 -0.278608665951598
-0.21028581886461 -0.239617501054572 -0.00700635143193318 -0.331760947624992
-0.217579715705669 -0.30315677476172 -0.153221879008868 0.256980577482942
-0.3137650992976 -0.0312783316121186 -0.0856691371090612 0.355710820913261
-0.180150387468653 0.206655400937917 0.191226767779607 0.354496124440206
0.0308945249250292 0.219591058334812 0.354526727427696 0.173848965872082
0.147304344909696 0.0745908659628267 0.312976107001111 -0.0567252257595662
0.114918599204537 -0.0349075752656719 0.17722852459547 -0.124457177348724
0.0896810380409487 -0.0855165235991913 0.0703497552934825 -0.088260879993176
0.0891306047319085 -0.123618423032977 0.00490694044200325 -0.0311089087458718
0.0933790646752913 -0.15327747993486 -0.0465747914105771 0.041124874553619
0.134748284528972 -0.121069840461062 -0.108654402471402 0.0416984226107672
0.226213753283451 -0.00858746213887598 -0.205830081729099 -0.0110858407006608
0.158547163457486 0.227102113829051 -0.204135941888238 -0.0767611509271166
-0.110670097305982 0.273043592002911 -0.162793436167629 -0.144686077706798
-0.305118678718223 0.0263722322374719 -0.129733004148959 -0.21112321540333
-0.221981466774056 -0.272496934166861 0.0177037307516807 -0.239073871386666
-0.192594308866717 -0.260779116001005 -0.129215965234693 0.348335236453789
-0.25218450137592 -0.0315399146591866 -0.0574001262839755 0.422847804267242
-0.149508018325417 0.146957443896059 0.239048400552635 0.377301384863946
-0.00557727731527328 0.161431094376502 0.393609412567008 0.160984437094582
0.0910351438133546 0.0703511985401369 0.33826399809949 -0.0800898844024652
0.0857916525913063 -0.0110363585392847 0.202280986788448 -0.147602039639731
0.0739750985744425 -0.0610682731327319 0.101827927788433 -0.115961929982049
0.0775528145203998 -0.102595065283829 0.0350639657533883 -0.0724202994669432
0.0916521814044007 -0.134186434421089 -0.0168944471698479 -0.0176401118189711
0.141492990353282 -0.0965713892264845 -0.0621607675366431 -0.0202129743078066
0.212928101635378 0.0305487717388174 -0.116746534551301 -0.0495157018814754
0.0992330710299061 0.241235114125631 -0.114964165531799 -0.0379505260551042
-0.161293439266012 0.226631795569805 -0.153461070822009 -0.0626522094313832
-0.286230700418412 -0.0237371544528397 -0.150467433683857 -0.172581702972901
-0.186284095967465 -0.261550189229541 0.0529980802130701 -0.148452567230269
-0.148856563561294 -0.190405090836316 -0.0949918185315006 0.42180447374408
-0.182916155457803 -0.030903175834203 -0.00438017620090396 0.463649675194092
-0.115206253042151 0.0893427609272974 0.279508106805789 0.362526511484559
-0.0315094758935241 0.104781207352081 0.406677010142551 0.131253920893244
0.0417425035752829 0.0606314546240536 0.342209062475054 -0.097396774675468
0.0533861449182344 0.00854797790949222 0.213244728708467 -0.156482140802998
0.048808611755665 -0.0309674333679646 0.123937305041313 -0.131627632016389
0.0541914007995173 -0.0660140732298232 0.0595180767597909 -0.105241477489127
0.0733600297244375 -0.0898356802743615 0.0159275697412457 -0.068813122733752
0.112682654660996 -0.0493762388774166 -0.010677506425391 -0.0616294627045031
0.141177680746588 0.0573911493122272 -0.0366301647449368 -0.0456795799759366
0.0170755314107836 0.180353408786194 -0.0743053373083667 0.0221386866718923
-0.153734908343277 0.115388834243972 -0.196004736231844 -0.0133711330834104
-0.192137273550819 -0.0598212013410877 -0.166892378241194 -0.177265396383389
-0.109635748872573 -0.194760187954378 0.0931455173821117 -0.0715788693560567
0.0516495535929608 0.0303017455609556 -0.19543456148094 0.0294001768994572
0.0273122999604955 0.0398970666217563 0.103890937661528 0.226045042467939
0.0692442710112751 0.0157929636538626 0.246538042030273 0.0121352311156142
0.0303876738586131 -0.0423614456158666 0.0934860513365489 -0.0659414429266592
-0.0368351462057866 -0.0344738745021382 0.0136345295658709 -0.00371365790985449
-0.0477829919686057 0.0163679332034564 -0.00633908757237251 0.0380495429762759
-0.0352347799575562 0.0256038250220419 -0.0437274569397726 0.0793583955257351
-0.021262318858865 0.0173125068752449 -0.0837992269634676 0.111236228475805
-0.0165417500961335 0.00414123942618245 -0.136811303414744 0.14792131952838
-0.0160052026949517 -0.00730356557886067 -0.206273241184736 0.145638462981557
0.00539411004834936 -0.0152299407702352 -0.320376876624881 0.111304341755657
0.024193938543864 -0.0355845487921423 -0.395166733478932 -0.0579401075968352
0.0700141119934855 -0.0424506217110945 -0.33734651971739 -0.296301647683105
0.0848174412882867 0.0345131989541856 -0.0928670854255962 -0.428530276758457
0.0771103081590453 0.106681711547914 0.0491122867951852 -0.479183336717584
-0.0603270093181106 -0.0993841982750506 -0.205559270904294 0.0256832840157087
-0.140998934646553 0.00292787722035696 0.0789579956652739 0.243874887753897
-0.0498734232761344 0.122999544895314 0.26210514047452 0.0442487075265225
0.0588010567563787 0.102062494633483 0.131405724593958 -0.0618221310062689
0.0824944279305049 -6.16370740572046E-05 0.024318399552725 -0.0282879539467559
0.028597109705582 -0.0289068098772162 -0.00947983669151339 0.0231522017310098
0.00661182876059536 -0.0284147338883884 -0.0474459375278116 0.0739365571304546
0.0150884846805751 -0.0328007943831191 -0.0849959482882607 0.107714475359595
0.0171240798118601 -0.0404538136449915 -0.131782245630442 0.151910255875105
0.0174029767326853 -0.0261520883819579 -0.191982340838596 0.154216594666365
0.0434192270813188 -0.00923408672627635 -0.309642880691533 0.128095775273253
0.0457522472651595 0.0123967671610082 -0.395875085555053 -0.0278181028008969
0.0399629023176236 0.0150602444640591 -0.350728434704193 -0.269007818237815
0.00361637186336439 0.0381401506012374 -0.142755122440975 -0.42045499332537
-0.00466936846937873 0.00589666856698113 0.00242521339455357 -0.499507248796063
-0.155127390513514 -0.209979007951955 -0.194377365933504 0.0508323722336056
-0.278642887307132 -0.0237719190388359 0.0438358350442399 0.238976007453243
-0.150186118108048 0.209105185312064 0.23214569480363 0.096325182328597
0.0741595543340406 0.220667224440059 0.173350589322252 -0.00799097346328149
0.172273169531325 0.0377181878559313 0.0811731696358392 -0.0358915377805454
0.0944552221852732 -0.0585369385751035 0.0231629803995499 -0.00916995719343574
0.0481595103264917 -0.0733311251842571 -0.0327934322171501 0.0428408838815314
0.0475462550045836 -0.0793790960920653 -0.0749776419911096 0.0885427678070377
0.0451996025782102 -0.0856459701367088 -0.115817919996797 0.14992006034929
0.0467224462154828 -0.0545000181824433 -0.173656648354991 0.159565165883324
0.0866731166137599 -0.0161227055417989 -0.302195307686112 0.136576984112569
0.0816182410960563 0.0592152497160866 -0.391882237850816 -0.0152717440458596
0.016260242466369 0.0868530601166843 -0.343728684497753 -0.25046066033905
-0.0859725933936273 0.0524191130756068 -0.16692525326404 -0.391488434237967
-0.0936436992235228 -0.091383421777197 -0.031504900167931 -0.477284663526574
-0.214786628914566 -0.282478695812743 -0.176243446102048 0.102067488406194
-0.353238187560822 -0.0257072962012535 -0.00796310501602393 0.244642576941883
-0.197372623693654 0.261679991890471 0.189046238105099 0.179617602902496
0.0830669621983186 0.278915031341107 0.229767215867057 0.0722766950793796
0.213642267635735 0.0601377523260595 0.168168670336514 -0.0367342349069123
0.130287169864458 -0.0682648795114613 0.0786446886726481 -0.051942479547129
0.0777527007437969 -0.0974829408274091 -0.00320425881588663 -0.00381326300449872
0.0723984763632817 -0.113854733943626 -0.054852831637949 0.0549034222872275
0.0658047496479634 -0.124577621922475 -0.0943539991238008 0.132446212052565
0.0759226056280791 -0.0881164982142543 -0.156150487787166 0.146923476034776
0.137815367681238 -0.0309405488610066 -0.293553435853185 0.117646674514026
0.129836955170028 0.109068943448673 -0.366682609422774 -0.0306127731932723
-0.00583326689599566 0.17092088170242 -0.303674584955161 -0.237472815794763
-0.177701804465181 0.0685384639489466 -0.163290197089379 -0.342777553161497
-0.174718092973389 -0.174701472810045 -0.0398108001828546 -0.421476236229739
-0.239823676221607 -0.312846510867784 -0.161407811877349 0.176333411130103
-0.359836976951975 -0.0215922844798155 -0.0556461629536645 0.289144148174736
-0.197492765783228 0.262147648362137 0.179498669036835 0.279458208762415
0.0725738111229989 0.271454771667215 0.303063120362861 0.138139833652489
0.200812044948032 0.0685587727871908 0.254465783426795 -0.0484229596988074
0.135031976650032 -0.0595446660656331 0.133024780117023 -0.0985837363446951
0.0920664605169353 -0.101050915191554 0.0330597735646324 -0.0528998669271313
0.0861162967549247 -0.13099223788327 -0.0267668547652967 0.0129770026016849
0.081156830480979 -0.15240164252688 -0.0707157825675749 0.0973507310340472
0.106269450200993 -0.118373740847825 -0.138260735714387 0.108160573677447
0.193424845089231 -0.037112910264951 -0.268876338727641 0.0660778046778085
0.172003341850136 0.16886235133681 -0.305317427395511 -0.0585997075305431
-0.0429780201662217 0.25027184839081 -0.235150789678559 -0.205954646364242
-0.26125915100191 0.0694425010859982 -0.147665520737725 -0.274571718211475
-0.229445964412195 -0.237853964152974 -0.0255548980688668 -0.338079100353545
-0.235520668608319 -0.304170872075982 -0.144320279961314 0.26836007644951
-0.319828278799662 -0.0211097558957907 -0.0682108885901927 0.36415902369736
-0.175647170059102 0.216782015829583 0.211100051240097 0.350873255137824
0.0391364041892383 0.225430577735295 0.369500875277189 0.16048617307875
0.152585009384826 0.0717395616369516 0.31403162065348 -0.0733473541850322
0.117103425676727 -0.0381564864851777 0.173439371603949 -0.137254512271155
0.0907785327682332 -0.0873592209403413 0.0699436493222622 -0.0949225483830813
0.0869972501205389 -0.129015631147407 0.00454820589332797 -0.0321761033690679
0.0900768634987001 -0.159907583932538 -0.0451255502378907 0.0440247594492269
0.133296660998917 -0.127579888190527 -0.109376506799475 0.0466619954386394
0.23106736081781 -0.0178874870462625 -0.210086373548206 -0.000253098121267005
0.171389536142356 0.228738595454788 -0.207582107103217 -0.0680185193209125
-0.102557198287427 0.284964399284095 -0.170859653663353 -0.139325308077285
-0.310228667294085 0.0403066589775447 -0.144663469065925 -0.20244224353311
-0.243030123730358 -0.271671793199401 0.00414512201566638 -0.242242976264367
-0.209046958702285 -0.261075196935809 -0.116182056963105 0.362363642062362
-0.258081043673267 -0.0244170546927213 -0.0367765149064307 0.434038391739985
-0.146045910567266 0.15413791797037 0.260247631016613 0.372266218536485
-0.000677129095944536 0.167084502273889 0.408065106363134 0.145948733033853
0.0946778014517723 0.0702675741521629 0.338488626640787 -0.098612303473061
0.0886532801500802 -0.0138866994079376 0.19837301032632 -0.160301834813545
0.0756449682845851 -0.0621834694408868 0.102250114395339 -0.124165180862899
0.076071249622866 -0.107119635614144 0.0341785530836032 -0.0752141519942605
0.0887349131439787 -0.139917798589084 -0.0167004139032358 -0.0172930369130935
0.140993089496812 -0.103261519942229 -0.0648691038491309 -0.0184551152686973
0.219785781481043 0.0221263813749058 -0.121492808525836 -0.0439263067206596
0.111479804870279 0.244767258216642 -0.114700869343867 -0.0328425799496114
-0.156961273727008 0.240095321164806 -0.157982385380717 -0.0533007381777589
-0.294146826467718 -0.0118882036040038 -0.165318850130014 -0.161228554128838
-0.206323893636181 -0.261466075141152 0.0450373261185272 -0.150603498246169
-0.16136193593193 -0.189840618473166 -0.0781112308775333 0.437615681074944
-0.187150667363556 -0.0260002912444955 0.0184632960483628 0.473163745150617
-0.11409821284295 0.0946673334858923 0.301685493465263 0.354931561813189
-0.0287801279282253 0.110900097934188 0.419650551655795 0.113397856113071
0.0443644473074017 0.0621299013825139 0.34269912233835 -0.11602065907655
0.0553159582603122 0.00701316996059487 0.210234402836195 -0.169909572765142
0.0499044976109069 -0.0317676489037734 0.124056134047677 -0.141421794020421
0.0529472004053807 -0.0692062967351669 0.057654850474244 -0.110200868600626
0.0714980995735742 -0.0942943359622165 0.0133749745145991 -0.0715137919330776
0.114187762836751 -0.0542932778923774 -0.0143906559707213 -0.0632178253600409
0.148621576862101 0.0526199158934962 -0.0388428923311674 -0.0453351217043535
0.0253275886424234 0.186368649461843 -0.069677621752471 0.0267489315573264
-0.155361665937438 0.126677773622074 -0.198599209331213 0.000782965802920929
-0.198915711868016 -0.0521469043433675 -0.181676207119794 -0.16398501373259
-0.124608279177001 -0.196727821295009 0.0897802474709978 -0.0718481010049518
0.0536040121017915 0.0286809961496098 -0.190667870970289 0.0328221839047306
0.0312757261453779 0.0407886467225299 0.119796567775321 0.213564651571212
0.0720634541955844 0.0117048262194345 0.24521305731662 -0.00320952376549411
0.0310003153323369 -0.045280114245583 0.0860449217637293 -0.0708735952893234
-0.038695798250807 -0.0334416471391186 0.0108685659854479 -0.00282328569762048
-0.0462902039892015 0.0194605191017684 -0.00516434842126747 0.0370648281293701
-0.0340876633413894 0.0289334292440653 -0.0397809854051332 0.0811632555720133
-0.0211132561568573 0.019055706027468 -0.079695447866083 0.116282916141634
-0.0170143039951866 0.00372276258317478 -0.134092328169718 0.15510232322765
-0.0160880344078329 -0.00693444748382869 -0.203804369131731 0.154822852480368
0.00560902284886259 -0.0171246346813279 -0.314837924953469 0.126373172784725
0.0230300025238665 -0.0365706769104511 -0.39445031523515 -0.0401766802449333
0.0672916243758813 -0.0458301792984508 -0.348672599499743 -0.279235501038221
0.0869729425341879 0.0312124466896393 -0.112433676435609 -0.426164051552916
0.0810030161281533 0.104134558810305 0.0263541420884239 -0.487811744516261
-0.0646480340494511 -0.0979864652259822 -0.20140684003664 0.029723497312198
-0.140291385758369 0.0096151393563467 0.0954456695303531 0.23320971512919
-0.0437798484419542 0.125485292544623 0.264788699456624 0.0276022258173319
0.0653098420804762 0.10049491972682 0.125731486523883 -0.0684756356675082
0.0821436060104399 -0.0038653495831732 0.0201427614838462 -0.0284386268316333
0.0283571734653576 -0.0294887464041588 -0.0102998699769573 0.0215554259568872
0.00769715330094394 -0.0271612816436788 -0.0439277278502252 0.0747176567484533
0.0138089523700424 -0.034010284124018 -0.0808760793628145 0.113258668140515
0.0164881357047791 -0.0414101227073157 -0.127455610135714 0.158476341163019
0.0173201662465303 -0.0260443489076716 -0.188639739936061 0.16198678178165
0.0441468520392761 -0.0113325987205647 -0.303276063500216 0.142186680113829
0.0456152386640288 0.0115088433485767 -0.394883459682213 -0.00895284728273912
0.0378045881706619 0.0131903226418514 -0.36198477169215 -0.251526612683297
0.00602436403834871 0.0373278175763598 -0.162100208474856 -0.414797295040831
-0.00539514192120557 0.00460750115493915 -0.0217200365610256 -0.504783826582434
-0.164957272543249 -0.205799066952546 -0.189485898079333 0.054713745426708
-0.28035294197325 -0.0123934108531807 0.0590298155766574 0.22991983207356
-0.141199574801314 0.215219252919613 0.235362262393139 0.0808309272441235
0.0849454725606563 0.219668228188929 0.171904861378881 -0.0166860512430832
0.174936506361341 0.030634877050715 0.07656036993223 -0.0394260789984959
0.09367854157328 -0.0616196679752584 0.0209808286556204 -0.0125314607987629
0.0476611782764268 -0.0732679462072913 -0.030841120043713 0.0432761300282195
0.0459883003156202 -0.0818044475919176 -0.0719555567686643 0.0926962965100419
0.0431460168202483 -0.0874001146440606 -0.111225923586201 0.15488191633787
0.0465898680850001 -0.0543765689251636 -0.169034836026638 0.16683694239476
0.0867315735919136 -0.018861844252644 -0.294681402528319 0.150792492056729
0.0830930888583313 0.0578398533797789 -0.390156362055369 0.00318736801923345
0.0165293383201703 0.0870239333336271 -0.354688104204234 -0.234271820446993
-0.0832789243331293 0.0544443165257846 -0.185469152070983 -0.384140898901041
-0.100282501927571 -0.0891719885556388 -0.0535472129989693 -0.480313448946011
-0.228017894116016 -0.277523285385249 -0.169798144129187 0.105802385950975
-0.354815067162952 -0.013044044704513 0.0062833950734922 0.238030259629749
-0.186639030479255 0.269104659050058 0.196226972450021 0.167958298460436
0.0953121778127619 0.278172411160895 0.232689865121185 0.0621080016431033
0.216646060587324 0.0524414233308368 0.163989711818009 -0.044112499318227
0.129512177694373 -0.072654380353389 0.0743245644924765 -0.057639861652697
0.0772438377197874 -0.0982109020037617 -0.00242857407869569 -0.00516551944974106
0.0698393979257246 -0.117244917029459 -0.0526352239002531 0.0576220072268058
0.0629057408980201 -0.126871211704133 -0.0889621626982071 0.13615013457953
0.0740893781724099 -0.0887233784687585 -0.150995883741184 0.153748586419161
0.137035753361722 -0.0357508834043052 -0.287450202088693 0.132134791345615
0.133861053471281 0.106106334136281 -0.366220243691365 -0.0129856227184575
-0.00187151463531132 0.172413103614611 -0.314784758908743 -0.224193719359141
-0.175311989067376 0.0737626564316523 -0.179921183464894 -0.333661540740423
-0.185369125599577 -0.170306318670551 -0.0594180163714759 -0.422087571471279
-0.253280643073519 -0.307091657120574 -0.152597324730449 0.181679785302043
-0.361336677004943 -0.0104150068834294 -0.04116261552162 0.287338573960828
-0.188094029782475 0.268247745914759 0.190559591942818 0.269937896409513
0.0834830277680552 0.272637061651755 0.310113783076176 0.125446005439494
0.204018778948475 0.0629878854498026 0.249840266034955 -0.0606463289191615
0.134382217692547 -0.0636278991246104 0.127762656758475 -0.10605401781327
0.0922262861736758 -0.102018246284451 0.0321245434128521 -0.0568088254638398
0.0830450960690631 -0.134848677478008 -0.0258141204963146 0.0143537074287169
0.0770365805768914 -0.155553870167775 -0.0660884074976665 0.0999827887664549
0.102647112016599 -0.120203407871197 -0.133819490455909 0.114104797427711
0.19306276742841 -0.0446211085977592 -0.266331561371113 0.0798019476125208
0.178598092516781 0.16486365737663 -0.305294868916416 -0.04534993239841
-0.0355598058883871 0.254037712973194 -0.244189338871056 -0.19570075868444
-0.259485664401383 0.0780397761533432 -0.16077105170966 -0.263952002496457
-0.244268492431102 -0.232775350734553 -0.0429545832527129 -0.336793166461641
-0.248760513667327 -0.299789573508861 -0.133019470924858 0.274882385231161
-0.321951304687266 -0.0126018608730636 -0.0508625813033154 0.364714730655986
-0.167848144985593 0.222443328081057 0.225977441505449 0.34127695781197
0.0467288565035169 0.227081749818022 0.377395528053221 0.145427052199936
0.155183787580145 0.0688763938468638 0.308098452971408 -0.0883565449490425
0.117496465726542 -0.0407739654612987 0.167062573618419 -0.145532635707953
0.0908902341136074 -0.0885705529099242 0.0677172532125938 -0.0996566205319673
0.0838364304612002 -0.132870598826454 0.00500248681599785 -0.032214779765016
0.0855544434803766 -0.163123999471708 -0.0424663803158927 0.0458844749948102
0.129713182644374 -0.131229059065659 -0.108422606072348 0.0512525505736998
0.232078284664078 -0.0272345182047346 -0.210584698056815 0.0105273033572466
0.180705824957378 0.224606544633021 -0.208315799181813 -0.0592523547228561
-0.0939057116820845 0.291903752268768 -0.17545572121264 -0.130784177192382
-0.310064066286162 0.0509887650990156 -0.155079716840496 -0.190784637804432
-0.259808415024525 -0.26559658569879 -0.00851041153744697 -0.240694426150912
-0.22058384342552 -0.257017741892812 -0.101776426972548 0.369744457064393
-0.259723911399957 -0.0180760469735844 -0.0172682293412759 0.435761131438964
-0.141997753683275 0.158539757704795 0.276523455187247 0.361071995812925
0.00453049353250996 0.170034475572603 0.414127498325069 0.128657837804945
0.0974030045232499 0.0699468312681401 0.331723787354325 -0.113655421107026
0.0895785570792751 -0.015689060495187 0.191068676866331 -0.169201180048548
0.0765079862364488 -0.0639149595160064 0.0988246156763166 -0.13001757292586
0.0732900629964514 -0.109940910610454 0.0328413622773543 -0.0770289593686327
0.0847588225355904 -0.14412889261569 -0.0172636334909583 -0.0171634497039891
0.138606044107091 -0.107453892207731 -0.0668173467770127 -0.0161055983447018
0.222417103291386 0.0125718399063529 -0.123448782293185 -0.0381168991383045
0.122550309840937 0.245543967957296 -0.111837734212508 -0.0285587137714926
-0.15032571870409 0.250200512623211 -0.158014528078183 -0.043120414710961
-0.295632865310806 -0.00152915592792599 -0.174519755513052 -0.145279741247085
-0.222918033001155 -0.256755081582105 0.0367280754031067 -0.148901944272987
-0.170190099717533 -0.18643294577997 -0.0603160819470547 0.444241801332978
-0.189311563943783 -0.021682683822849 0.0408795213785998 0.474574211558923
-0.111328237684062 0.0979797584628346 0.317519845535402 0.341852597963441
-0.0252279411633581 0.114085550208166 0.424333726243324 0.094963892821014
0.0465872867337048 0.0623229832251687 0.334820968553333 -0.131322251045562
0.0564663025805415 0.00522058434418742 0.202913379028286 -0.17841621898788
0.0516157030089729 -0.0324139975400581 0.120907394245699 -0.148213382096417
0.0508336235905042 -0.0704290363341036 0.0549052960114573 -0.112597542592935
0.0681414251847166 -0.0970656311399309 0.0106796264660217 -0.0728915727481274
0.113561386969874 -0.0582180020603109 -0.0176298462095891 -0.0632721429497112
0.152093691061512 0.0471398152546738 -0.0405045591835001 -0.0437846273339907
0.0323971902405513 0.189533388525754 -0.0636531962738006 0.0303537651886777
-0.152195282672977 0.135018504872264 -0.197074818317614 0.0149910044388661
-0.201982006361648 -0.04516479500543 -0.192554170213294 -0.147161173607651
-0.136248498002777 -0.194299806539144 0.0857193054967821 -0.0717648335640738
0.061580175860841 0.0108662215306242 -0.170453011718247 0.0884385777396475
0.0492307782126997 0.0284865375321418 0.182870025624714 0.153994986434064
0.0751550701927356 -0.0175831800965669 0.225953365677435 -0.08441722918998
0.0144135152957117 -0.0564665076981551 0.0567516452651442 -0.0919073177224053
-0.0487647383080022 -0.0181776916600962 0.0100580036227986 -0.00454652946039168
-0.037010385862343 0.0333422984139386 0.00558754414742967 0.0346849631130285
-0.0219620744695499 0.0400350692264786 -0.00863865470599647 0.0884251364194441
-0.0145945268632139 0.0252986842504732 -0.0352653801191877 0.136283704116449
-0.0152682480923907 0.00878243623772015 -0.0774024668409371 0.190051581767842
-0.0156549778548965 -0.00096878187943511 -0.143744335690114 0.211427808302108
-0.000393205486250193 -0.0202933538859832 -0.250230800446096 0.219213148622337
0.010651788965305 -0.0428493752427971 -0.380482456340968 0.0887030476447047
0.046900013954396 -0.0628259451349994 -0.41768170601643 -0.147530742861213
0.0945184093671951 0.00507223743672514 -0.242562315545301 -0.368231840965432
0.110829771877392 0.0775989990022014 -0.123658153165287 -0.471679236571617
-0.0983605780742879 -0.0711001394770652 -0.174574319786632 0.088632541671094
-0.12750322218401 0.0601279853745882 0.173257496757564 0.173219603797984
0.00466881664648865 0.130578448494053 0.249425957372042 -0.0709208695852173
0.0995377464103224 0.0682164710863533 0.0862849723571944 -0.10460423203242
0.075579758528414 -0.0317333437215982 0.00615794938450657 -0.028105564821757
0.0177100009896466 -0.0369588378428951 -0.00368232292909445 0.0246226523950422
-0.00014353003442809 -0.026874930390822 -0.0154235952715373 0.0851487587917126
0.00266489263320813 -0.0345187784025476 -0.0369781739455299 0.134381740713914
0.00174517697491877 -0.0445351802377189 -0.0697232254765591 0.191942646011243
0.010491937172285 -0.0291451341591392 -0.127118417775239 0.214058444438187
0.0370973422168064 -0.0261231214922274 -0.234587701550525 0.232249619825452
0.0474320841066731 -0.00332034329411768 -0.370572175220435 0.116460156024451
0.0369413064816654 0.00231229584211606 -0.420808338309885 -0.118553212845555
0.0196085095716078 0.0361223711072994 -0.285916368115496 -0.339534546081603
-0.00332301538987854 0.0094349737950552 -0.176293833142194 -0.468692426167825
-0.233084109498246 -0.141148006149141 -0.149193699789973 0.108360622934603
-0.270171675457892 0.0883526242022497 0.142209469027074 0.176388327572261
-0.0569854107277086 0.250619672092662 0.237205289574943 -0.0175348632942535
0.160627637264531 0.17486195476197 0.141232931874193 -0.0715967867146181
0.175291890081836 -0.0306586644051038 0.0530619683622574 -0.0535497370389966
0.0688716789612634 -0.0884878884264833 0.0141051321198932 -0.0146575991431033
0.0243764916973522 -0.0850052609616522 -0.0152783031016439 0.0523940879465892
0.0174860669063905 -0.0907600079720228 -0.0346949316762224 0.113852857602623
0.0128886503176105 -0.0959959046965607 -0.0543053782136358 0.183212000760987
0.0296637391585683 -0.0651413619556857 -0.107209619207727 0.212117798474116
0.0753084084366368 -0.0463521889804051 -0.224292743297523 0.238685605123832
0.0973146080736067 0.0292235555290409 -0.363943243349891 0.126744351945306
0.0404503214817723 0.0792295171121067 -0.407817932139522 -0.10577594746603
-0.0599561744300851 0.0802722214794225 -0.296838351363358 -0.300574960052466
-0.124984221881441 -0.0519172434498345 -0.199658740965325 -0.430155929574745
-0.31776538794011 -0.187945433578758 -0.109544092046524 0.151122247241845
-0.342742433981381 0.113647119049663 0.0964366382222668 0.199590256421778
-0.0814043477422858 0.317800233387384 0.225504553186341 0.0748614768267589
0.192010315963549 0.226539901818965 0.222604838045657 -0.0170418998669102
0.223350156428177 -0.0229559549804864 0.132501083435678 -0.0859013776265885
0.0997153274214434 -0.110163943085266 0.0489088020161638 -0.0740114220815365
0.0454548679315565 -0.119691105487736 -0.00633238152023257 -0.00252397521140265
0.0287717067042875 -0.131500179311239 -0.0278683229368468 0.0750836122982444
0.0187543126647888 -0.139552958733002 -0.0379530362261552 0.158835688443287
0.0439939102218417 -0.105677204470709 -0.0942995543742907 0.195298496648447
0.117268437824148 -0.0778097993572548 -0.224710188317008 0.220846163291732
0.161644809952026 0.0593345506042117 -0.348122185900274 0.103503381727846
0.0502209582389285 0.165829453894583 -0.366280581132977 -0.111306331681472
-0.140806943300681 0.128452598220463 -0.272542083488723 -0.252935403239043
-0.233455035198868 -0.103332569227301 -0.187868407671583 -0.36824290216152
-0.352011556590216 -0.209568419487377 -0.067800934070624 0.218070063724363
-0.347625017556578 0.118279049588494 0.0666529272192596 0.263616424858848
-0.0825501747209147 0.317459969060749 0.254582649176816 0.175118229682339
0.178389536601227 0.226892223941098 0.318278570085347 0.0168967752207548
0.215908181926516 -0.00824527814067361 0.208607622404683 -0.130338456378316
0.108155242741178 -0.103600641924208 0.0828645812575257 -0.136645221994629
0.0583835110953918 -0.127961186207038 0.00916841568131577 -0.0621132244009959
0.0353865665491956 -0.152437669844731 -0.0162760825643972 0.0255802253473795
0.0229675262343974 -0.170161385610459 -0.0269880017538455 0.117000902842321
0.0607763411886724 -0.144816268822917 -0.0903718073107855 0.153814437853631
0.166538190725439 -0.104605684291099 -0.223403281656241 0.166252085983824
0.223325563414106 0.100535038711054 -0.303166103077132 0.0524115938043856
0.045225340284638 0.25286457471456 -0.289140117006483 -0.109167968733983
-0.218868270117831 0.160192152201696 -0.230693608746557 -0.189819658166938
-0.309433640510709 -0.144960884416834 -0.145879836025493 -0.289650355478673
-0.344106760078526 -0.203258429478256 -0.0194735887788615 0.302838621484812
-0.310211908446305 0.100741147817982 0.0818347860606011 0.346119657577024
-0.0803553237687269 0.266558073217876 0.315626644857656 0.234392200680705
0.127296315338872 0.198593149850755 0.392610687960431 0.0122199437864286
0.172967980881214 0.0139493443539648 0.254568274946302 -0.177628832917374
0.100436376525523 -0.0770759645154657 0.107044198810434 -0.187735490776674
0.0623822605667989 -0.115753055317188 0.0278801208594033 -0.115728516756392
0.037904690539646 -0.151295410943847 -0.00286611826734811 -0.0292546192797439
0.0283054644077821 -0.180379639832584 -0.0225987866777417 0.0587088144360073
0.0820294728367869 -0.164149740555695 -0.0866527791236844 0.0872321391130708
0.20932914784355 -0.101916194625276 -0.195932969172441 0.0848915875226006
0.245415172518982 0.156265217051919 -0.216631540444361 0.00563013476682144
0.00370927356828463 0.307693993060589 -0.201491222998938 -0.0705573928015288
-0.275817637177861 0.15051087146702 -0.201147097122409 -0.119325477408695
-0.336053145779364 -0.172151274723472 -0.0846442992341152 -0.207914620825077
-0.302134881129964 -0.171303236765237 0.0390900442469991 0.384277672256986
-0.253547943490037 0.0740545560901355 0.136591864115334 0.407388250159015
-0.0778217100578228 0.197086801738205 0.373361153827412 0.238992147851822
0.0676379582225327 0.160030297094056 0.425997760695327 -0.0177256022689133
0.11854800251998 0.0346366472167617 0.270024357840667 -0.211006607363002
0.082261697115604 -0.0445639190826988 0.121644923478213 -0.218448083581737
0.056462730706967 -0.0875506844455267 0.0484029748918024 -0.156279189167563
0.0343844830281775 -0.126739109147057 0.00849833834139466 -0.0808607647380199
0.0332213937441748 -0.16235558298632 -0.020103544794774 -0.00915074226523759
0.0968969149345775 -0.145851001538631 -0.0697890007067284 0.00989065421840776
0.214161097393201 -0.0616881217242636 -0.131715343822124 0.00832264728333989
0.196976314465593 0.194733065893658 -0.114777154127416 0.00287391193621834
-0.0615991995295847 0.28678639236759 -0.154303373947304 0.00917014539933094
-0.279914827697181 0.0967656489071006 -0.206328848830327 -0.0693448859826416
-0.297274242177661 -0.175354458853985 -0.0142191465065309 -0.136198142217183
-0.227696006841233 -0.119361422872758 0.0992443484823591 0.443529730075351
-0.185194561543996 0.0464449316237011 0.201806386674267 0.430253683067026
-0.0701655071756672 0.12843662715473 0.40840568807788 0.209796914266796
0.0198443845556494 0.116960981084571 0.426233964631537 -0.0531827674848038
0.0685956364593391 0.0430012224648927 0.268400442110691 -0.230433955516483
0.0578153178662653 -0.0149863692149472 0.130894049621356 -0.232318872371283
0.0422856963950612 -0.0492230653264405 0.0638167002489332 -0.181847106056867
0.026204524711486 -0.0823124331525489 0.0159988591210807 -0.122965492646471
0.0330722625143733 -0.113198144198048 -0.0135080567124714 -0.0710996722250842
0.0885727656211484 -0.0917213558238857 -0.0396125197877871 -0.0522743931112013
0.159745869278768 -0.00648837708345327 -0.0551128583239642 -0.0260657190722444
0.0939414856687388 0.172238904920449 -0.0477481979975682 0.0429720514752451
-0.101494823388547 0.179544617111495 -0.172392622653242 0.0815676023377561
-0.205590324995084 0.0246510683863188 -0.226293779768407 -0.0644870401348108
-0.195627381883327 -0.142411109545982 0.0557617136040659 -0.0809518425671581
0.0628167840986416 0.00957074676979727 -0.169201442285407 0.0851525615414799
0.0526131036047128 0.0291112267327543 0.188142974193054 0.141833315287726
0.0773404402783395 -0.0206057230365088 0.222769926900302 -0.0947414669822261
0.0143749179486003 -0.0602323119058496 0.0520026285150526 -0.0927575274087558
-0.0503849918205757 -0.0184425302422028 0.0090775544575035 -0.00221311776188579
-0.0365148727543155 0.033675828933927 0.00452146346097985 0.0349960478994692
-0.0199502980077559 0.0410723909269601 -0.00776893592117984 0.0883372222759312
-0.0143380454290323 0.0272378286410728 -0.0332871956505445 0.138447403097552
-0.0158119564609122 0.00862477509515735 -0.0772031541995399 0.19456316760534
-0.015506826086502 -0.00143705360849962 -0.143887498026625 0.217394544363354
-0.000897598423837993 -0.0223122009511898 -0.247716595556365 0.225126072071064
0.0108074853234533 -0.0433668823125196 -0.380295133082731 0.0959050714625618
0.0455061867814864 -0.063705639884702 -0.421557300008063 -0.138276705395931
0.0963234460170938 0.00397019361514116 -0.252591067075138 -0.367956439682974
0.113810818291574 0.0782450225403574 -0.134057423342992 -0.479079651253499
-0.101139773109959 -0.0709815765169443 -0.173164595243634 0.0853444597642961
-0.127221923358696 0.0633972284826103 0.179250268382289 0.160878897318233
0.00750857851264136 0.130953832523674 0.247361460108872 -0.0813523998683414
0.103192653581421 0.0662706676958128 0.0819825121306712 -0.107134340097578
0.0755068231262189 -0.0339846239879826 0.00398707762046895 -0.0260553521524132
0.0179968869556273 -0.0381611055027822 -0.0059978581834716 0.0257532236672478
0.00155153617771313 -0.0274985362623938 -0.015295659794624 0.0851686595791888
0.00238375835764989 -0.0352019111495233 -0.035616040842036 0.137195672119685
0.0010227458307687 -0.0455912767648919 -0.0694936010762784 0.196022440540092
0.0117394830425969 -0.0298130543935134 -0.127047531777261 0.218692541212453
0.0381668207059264 -0.0271718712567416 -0.231502829602085 0.236311756269743
0.0482307385481178 -0.00224599647790544 -0.369698090238956 0.12427436817735
0.0357406323673695 0.00389223426121042 -0.424935285087822 -0.109595420315333
0.0202634245005896 0.0358756006112953 -0.295500625774356 -0.337336980098642
-0.00430792224393336 0.0105581129778487 -0.188285572551195 -0.473394231834022
-0.239108279007483 -0.14121736580539 -0.146797078021522 0.106019795966058
-0.272837226468839 0.0936560976099677 0.147344904050058 0.16526053106843
-0.0539618205140857 0.252769221499904 0.235315602908873 -0.0270272455737918
0.167152548221993 0.174378876803933 0.139095395516814 -0.075259967526187
0.177267950376024 -0.0339018491253969 0.0501646104929113 -0.0526294853732204
0.0692954568912393 -0.0909494209495655 0.0117181061544944 -0.0141608533452983
0.026955842698081 -0.0858774640813624 -0.015269527333612 0.0508875975521632
0.0173432453131751 -0.0921984441324733 -0.0334926709300825 0.116085912079648
0.0125767157810564 -0.0979671931940214 -0.0532140171831707 0.186252228459478
0.0313168297481171 -0.0652151093336259 -0.106134899662865 0.216103476556541
0.0758756629957285 -0.0464506471068447 -0.220674591511433 0.243748783666768
0.0990170712337108 0.0305950974941623 -0.361502344778355 0.13401621646908
0.0396668900665089 0.0809940325635338 -0.412476409802244 -0.0985093013079746
-0.0597519392618569 0.0807514718301615 -0.30612819078874 -0.296317947226126
-0.128929065075801 -0.0505853888224187 -0.212815681386952 -0.433490023793052
-0.326235125698776 -0.188403921322701 -0.106232172546144 0.149061395491322
-0.346596360439264 0.118064719043024 0.100631645236447 0.190527258775379
-0.0790581810859353 0.32135739667958 0.225550602595662 0.0684062379081916
0.197834703467419 0.227603440874599 0.223727338125939 -0.0217520462206504
0.226423370600675 -0.0261776786391879 0.130329353333508 -0.0870756925403966
0.101267964165174 -0.112770471769245 0.0463609026707514 -0.0746218440586982
0.0486399518178931 -0.120877646874214 -0.00726355110561272 -0.00459381665319532
0.0287691063458544 -0.134376718815487 -0.0276751100660029 0.0770073369419468
0.0182992769878588 -0.141786914973717 -0.0363960630648907 0.161215353223457
0.0454425117566227 -0.106041697680552 -0.092092371728571 0.198380031958102
0.117525633131037 -0.0791392224699167 -0.221341902629596 0.226242010652954
0.164012109103524 0.0606065510406841 -0.347088777321846 0.111030787153487
0.0509151277858573 0.169219205208956 -0.37147599537461 -0.103874959936797
-0.141564425047081 0.130543841690822 -0.280184823319208 -0.247818918205857
-0.240601118936972 -0.101735463408047 -0.198472732929517 -0.369732217165066
-0.360660644707754 -0.210107446593889 -0.0636847288803698 0.218765569091722
-0.35201844664717 0.120705797089426 0.0709968606778745 0.2585653565653
-0.0807319731052384 0.319789536026986 0.256568719252912 0.170076782133509
0.182755181767186 0.228703876483185 0.321486118569427 0.0120041563426073
0.219727121873798 -0.0101125911368099 0.20585255002368 -0.133335801608186
0.109760048223629 -0.105468660922687 0.0800638893913594 -0.138168088971497
0.0618115464764702 -0.130343979521863 0.00775325319469698 -0.0653710885915923
0.036256910282992 -0.156049747879396 -0.015484433226127 0.0261052183989715
0.0220840537445005 -0.173030205028431 -0.0255108465958976 0.118663388896191
0.0613257891855854 -0.145692904045244 -0.0889094881505015 0.156528679254163
0.167734233726355 -0.107099632660264 -0.221728689912323 0.171856559024364
0.228630683198879 0.101256037131399 -0.3039138050739 0.0581160957644203
0.0474255544920517 0.258347277402094 -0.293160129377863 -0.103790431045373
-0.221079925685402 0.163338498591895 -0.234494080183635 -0.183028034524526
-0.319195240131247 -0.142364724166124 -0.153286298828982 -0.289503239016309
-0.353177433437347 -0.204496888215837 -0.0135658512114845 0.305463650606333
-0.314839541424229 0.103237157256568 0.0889233270356429 0.344423610645568
-0.0797463610626248 0.268496161555423 0.320565924218972 0.229975083618125
0.130407844484772 0.201415134669526 0.396849630601142 0.00611867166618106
0.176408569287724 0.0150376147532206 0.253067389069471 -0.181871648649713
0.102080797245809 -0.0783619008379978 0.104448900486698 -0.189469805080434
0.0659608009229128 -0.117751039167304 0.0267053086159698 -0.119874244565758
0.0380671224524161 -0.15438914923605 -0.00230738906867061 -0.0296976714780411
0.0276283911039928 -0.183206179234604 -0.0214890426398764 0.058777991335983
0.08243282652237 -0.165446769197882 -0.0865625202545974 0.0888307877950895
0.210688198284123 -0.106440590062583 -0.196381411576294 0.0891227093921166
0.252567033086351 0.157248605336199 -0.217431045510565 0.0085154519086173
0.00670947305685792 0.315166144272299 -0.201966796180054 -0.0654295464801831
-0.278525996572354 0.155752704833272 -0.202953956972033 -0.110563762350572
-0.346412213835014 -0.170005380461036 -0.0899648142544882 -0.205926003511822
-0.309165526074043 -0.172318822954204 0.045743712098536 0.389304567306763
-0.256602992332833 0.0751677210101008 0.145628201488521 0.408091306035487
-0.0791836747251329 0.19836973785831 0.379265431499239 0.234156873425975
0.0693473342426298 0.163194945928397 0.428155333880093 -0.0255284263847588
0.121951479177377 0.0360770233770478 0.266268077863744 -0.215917687315246
0.0835354311798385 -0.0452619429331717 0.120051356448366 -0.220314211576692
0.0595569679720334 -0.0894579729895365 0.0470423783256344 -0.160884982172591
0.0351378465191027 -0.129007984228304 0.00861122816599203 -0.0823071300705539
0.0316249869419644 -0.164754996922201 -0.0201908209403705 -0.00874763154429243
0.0976808025835401 -0.148587833369934 -0.0713433106432894 0.0109086690558096
0.216490090707972 -0.0658630384646426 -0.132620316464798 0.0108295542830987
0.205068767982443 0.197961013608158 -0.113300883644002 0.00297332852511196
-0.0597849827124248 0.294203108432883 -0.152002705121672 0.0154038976756662
-0.283831932934611 0.101078604551261 -0.20631319976119 -0.0578556327341315
-0.30786326750589 -0.17226643466921 -0.0173281757165832 -0.13282677352555
-0.233312884504733 -0.120511196225545 0.10890188487502 0.449707958617872
-0.188394529330266 0.0473167211550005 0.21336167604845 0.431040618283938
-0.0711071054396699 0.129185993452971 0.414747709707424 0.20424751639501
0.0210361844478514 0.120095288602015 0.427225163122521 -0.061354524754183
0.0710591215510738 0.0449675823051075 0.264188733766424 -0.235005452808621
0.0593186445684572 -0.0158964624034236 0.128993598978093 -0.234939366062241
0.0444714067372094 -0.0498080749069378 0.0632962312389296 -0.186609405510655
0.0257901049729814 -0.0838294987104166 0.0156804245885499 -0.124387388062468
0.0328147804225966 -0.115218046091264 -0.0157821524656942 -0.0711712385997017
0.0898503279478678 -0.0946274417869088 -0.0418950030263747 -0.0523364070278187
0.16309230928984 -0.00888163558798367 -0.0559120362863213 -0.0268905051996273
0.0991484493101148 0.176441939950711 -0.043206791088731 0.0435092324712396
-0.101608220964776 0.186263309711524 -0.167895131391257 0.0906325790487064
-0.209060558307478 0.0273581155113152 -0.227230487109529 -0.0520258314887
-0.203971391938398 -0.141306976686013 0.0542780176422397 -0.0779401385492665
0.0648354308690168 0.00927501092973116 -0.171329204275029 0.0830752378478804
0.0579039996996795 0.0293413457291924 0.196195616085625 0.129839599626658
0.0803619417828281 -0.0254134135618431 0.222638271182586 -0.107619472228551
0.0144594144722393 -0.0659665527388648 0.0469275172746137 -0.0950323944533136
-0.0527324837109614 -0.0180319704788944 0.00857398857207181 0.00036601050965698
-0.0377313507812287 0.0354679076428536 0.00300925940856414 0.0369617325151665
-0.0191160104223321 0.0426299083322609 -0.00759625701877213 0.0903073644231295
-0.0141532202410551 0.0290595658977617 -0.0325200766697301 0.142437644394977
-0.0166774287879248 0.00951113214795721 -0.0778835454343458 0.204131872504667
-0.0153457716065506 -0.0021607229617382 -0.146163932870501 0.227289807949739
-0.000974564685802997 -0.0239084232066271 -0.248854825130265 0.234409472303411
0.0111801819058487 -0.045562237610953 -0.387183111713439 0.106219218514549
0.0448340136724478 -0.0652599846606683 -0.43338662275016 -0.131346961377472
0.100365688719128 0.00352473127435044 -0.267735220362493 -0.373350892574893
0.119522184021962 0.0802344761209191 -0.151346577345378 -0.494310696439261
-0.10649045437771 -0.0726141878077098 -0.175413231294389 0.0830938810020179
-0.129643909298676 0.0681544383630003 0.187465735293317 0.150018278753467
0.0106672257052526 0.133126016652439 0.247625111880463 -0.0944296146698163
0.109000512469293 0.065029785000381 0.078145876112513 -0.111710341215726
0.0774478562317249 -0.0367589157203694 0.00167916284008349 -0.0238042302758146
0.0179891693102809 -0.0407743798922592 -0.00769151110653524 0.0274091370222466
0.00368404313414815 -0.0286853953902634 -0.0154945129802133 0.0862931307905841
0.00261679161229101 -0.0361705588512451 -0.0346776840486824 0.141995492472322
0.00046129809540716 -0.0473271002713793 -0.0694192857456987 0.204333699626773
0.0135348144170899 -0.0307828487957903 -0.128722404135088 0.22767882664518
0.0398863935702654 -0.0286885826891663 -0.231708386282212 0.246459120264148
0.0502324256440072 -0.00273581412095606 -0.37497559936417 0.13531405258845
0.0352936640336824 0.00444441257500394 -0.436885202896096 -0.102343075530617
0.0219196135337022 0.0365119775063603 -0.312307570149702 -0.340982314132535
-0.00423464147905851 0.0117999205868187 -0.206097206734875 -0.487335286234904
-0.251424099108579 -0.14311510446808 -0.146845600839437 0.105171666442717
-0.280636116750525 0.101494009065547 0.154041098890162 0.156015550498912
-0.0517908796057994 0.260736051790129 0.236395680603648 -0.0377237839933976
0.175916333671481 0.176312294934947 0.13877720986937 -0.08015380181737
0.183508022195472 -0.0381450215620215 0.0489773764300238 -0.0521962953656435
0.0698943907317857 -0.0956375648750864 0.0101698669717797 -0.0135401288579065
0.0299514908739443 -0.0894196372840228 -0.0165549539337041 0.0508833095887888
0.0172179438478368 -0.0959927991196349 -0.0328343298535542 0.1204052979796
0.0119114382134029 -0.101316704853907 -0.0526187263920293 0.194303228021491
0.0338408241935681 -0.0669458351842455 -0.105421592038485 0.224420021215147
0.078363391020243 -0.0485868139311337 -0.220518523512845 0.252938918698002
0.10317007944424 0.0319752889588149 -0.367333161196064 0.146422669920833
0.0394600729404139 0.0851874673983238 -0.42496986368421 -0.0895713501327182
-0.0606980173935215 0.0834114576949845 -0.31989925663961 -0.296998721298747
-0.135036406786609 -0.049600160662656 -0.230026758639312 -0.444281337433896
-0.342228125037804 -0.191414620619912 -0.104739769360709 0.150316252963276
-0.356956206904738 0.127616480150419 0.106208769021287 0.183803551153243
-0.077255832796753 0.330760555629367 0.229199220890139 0.0628437343124918
0.208896904230202 0.232173154866582 0.228397214991949 -0.0264203791322044
0.234700832955848 -0.0305327992094309 0.130431108573097 -0.0900215445221793
0.102621471163185 -0.118961717065048 0.0453085200442229 -0.0765153754604137
0.0520708738742599 -0.125997023830567 -0.00863749853211976 -0.00649331900918392
0.0291666898327121 -0.140142769578451 -0.0262448310823654 0.0799598550415303
0.0176344907303845 -0.147228554428006 -0.0357732391976067 0.16765672716591
0.0478403637851287 -0.109039420464629 -0.091596917099372 0.205465831519047
0.121157772504015 -0.0818725838536278 -0.221516436454478 0.237273437397143
0.170233031636754 0.0621340742945673 -0.353406787019062 0.121870945501886
0.0528776242641169 0.175963817180961 -0.38255125366893 -0.0969465394703603
-0.144505901559706 0.135604075537319 -0.292101789680805 -0.246558394864215
-0.252241673525858 -0.101167431380651 -0.214322440402103 -0.377641566089198
-0.377734988200687 -0.214280694133749 -0.0597197402550095 0.22317550454133
-0.363784623881744 0.128892240082962 0.0773517264539551 0.25721365309849
-0.0811846904863659 0.329703109363859 0.264353769957077 0.168477393022447
0.192067675919252 0.234956043216476 0.331082872149281 0.00632844434498481
0.227740733565779 -0.0116894978609156 0.208354629141076 -0.139492319452567
0.113078111150538 -0.109807238200251 0.0795592657178488 -0.143157358456036
0.0664597914689276 -0.135415810702136 0.00631345665659278 -0.0694923535101645
0.0359173767996386 -0.162687970363215 -0.0146373246559398 0.027885212171156
0.0215790605011504 -0.179239895268888 -0.0244717867589703 0.123025106037655
0.0635954286957426 -0.150304600847657 -0.0886841341699141 0.162738175996726
0.171295517302691 -0.112831902174703 -0.223562478264503 0.181935600776164
0.238509064103211 0.10272465849241 -0.309351634886299 0.0657002654441712
0.0515590298310831 0.2681599138486 -0.302145052053649 -0.0991377084023783
-0.226052096724454 0.171735406951348 -0.242851748521558 -0.179440642037361
-0.33441472662023 -0.142160335181076 -0.166685668925156 -0.293291239108843
-0.369672257802704 -0.209421280737713 -0.00722756563961615 0.314731262699624
-0.326557782673765 0.108125603766375 0.0978704620131249 0.347851596944288
-0.081874642110428 0.276472203317455 0.332093016325329 0.229923928275484
0.136904545255445 0.20747432234426 0.407855136193667 -0.00170304848932427
0.183970537642421 0.0149516872247269 0.254358772348703 -0.190158665095384
0.105366990680565 -0.0814836221077713 0.103717064574117 -0.195304034161572
0.0707349616212146 -0.123102441527291 0.0257382358621784 -0.125840141701368
0.0380249317919163 -0.160772681168903 -0.00116789791835913 -0.0300735925735786
0.025273036876943 -0.189699764768068 -0.020728888560425 0.061846398896095
0.0841976268364539 -0.171551130676262 -0.0874686306853403 0.0929226131973917
0.21594130412111 -0.112537428144698 -0.200067880849802 0.0953732861605927
0.266090655573821 0.160520986871588 -0.221653296303026 0.0119116262064099
0.0111252351912738 0.327917147949027 -0.205892368574419 -0.0613086967778644
-0.287190548466053 0.164566233933458 -0.2076146545385 -0.10277236240628
-0.363636453137158 -0.16882361539917 -0.0981242118873809 -0.206608484947278
-0.323083886789871 -0.17663534758139 0.0561253715208705 0.401669443390843
-0.266554233667847 0.0782612643415965 0.159920775959213 0.414472517894515
-0.0820484351888838 0.204170272466659 0.393715261578828 0.233220753335887
0.0726634677816815 0.168959233913927 0.438898013856789 -0.0340740770779621
0.128078952896156 0.0376166532522743 0.267882035361821 -0.22472852446974
0.0867232457437048 -0.0477507120426856 0.120407601360525 -0.227763339989259
0.0636749067258514 -0.093323207399854 0.0469172820966014 -0.168096258586277
0.0351014705582039 -0.134291850343395 0.00955816867388773 -0.0850433262365812
0.0309426820524591 -0.171099887353333 -0.0212678258816152 -0.00793723356491676
0.100484203379395 -0.154426639355487 -0.0736613262970874 0.0117830022285612
0.223286934824686 -0.0720851999014326 -0.13697101541342 0.0131997762122887
0.217187252869056 0.202492766051592 -0.113815053226697 0.00443714836408367
-0.0571804909967948 0.30900928718575 -0.150984720831719 0.022339277197843
-0.293066633110853 0.109328725729471 -0.20971321148066 -0.0467697609256334
-0.324434425373957 -0.172971128342547 -0.0207937659039671 -0.131832961956623
-0.244420115573752 -0.12355437124436 0.121642780027996 0.464039440546189
-0.195801245727554 0.0499510789572044 0.230885722571757 0.439218794010777
-0.074025203676861 0.133664402485205 0.429489956451134 0.201119336969253
0.0231264650276464 0.124485312730787 0.436576102358165 -0.0715094232438646
0.0753566602632152 0.0469049528636859 0.264486137738715 -0.243973534693156
0.0613133553474313 -0.0173954893424492 0.130278527457882 -0.242306501503138
0.0478961868374233 -0.0531127821170328 0.0630695332056223 -0.195160732220745
0.0271958797058224 -0.086660890809337 0.0155557644913392 -0.12866554446847
0.0312889352191156 -0.119949045694707 -0.0184190787399571 -0.0722327257995198
0.0918891730747796 -0.0991967943581853 -0.045295698596644 -0.0536835188622772
0.169171936929251 -0.012727809390264 -0.0581765892745086 -0.0282254722681573
0.108092050211735 0.183321850555342 -0.0402912879663136 0.0436884883824492
-0.102868875473434 0.197326715640778 -0.164650421920749 0.10224115021731
-0.216403787111515 0.0314849508902872 -0.231630623609198 -0.0394093908799707
-0.21597810044899 -0.142514509572678 0.0541709375590377 -0.076596420043329
0.0674056843487337 0.00667166136618276 -0.174893452200039 0.085267464156295
0.0645122142483893 0.0293126788447839 0.206351167920005 0.114016923149327
0.0840548319574921 -0.0316043896831073 0.219960825884197 -0.126281779127692
0.0129320486904291 -0.0727718133343617 0.0408202323293827 -0.0985989391919639
-0.0570237625302632 -0.0168074698929206 0.00932877168802349 0.00354241465727658
-0.0380393982061665 0.0377443857520655 0.00365064968783708 0.04013158286257
-0.0174997478463543 0.0453489454980383 -0.00582663655561296 0.0929778037831021
-0.0132088598283462 0.0316316034027944 -0.028949609744538 0.148439116243504
-0.0173800263548919 0.0104082390383889 -0.0735991303762664 0.217433366308509
-0.0155026531576709 -0.00229515737699452 -0.143795439172745 0.242744520612274
-0.00158211873953321 -0.0269279019396631 -0.248190217637721 0.250391398378366
0.0103278353637762 -0.0477455346243003 -0.393950390832708 0.127439942046985
0.0427883027685673 -0.0687699897927424 -0.451003621995381 -0.115387618028142
0.106200734927515 0.000298858161850384 -0.294545310263417 -0.377049467642465
0.128693841900373 0.0792322305768924 -0.180996819848616 -0.510011157285356
-0.115412194197672 -0.0717913987615347 -0.177426073214499 0.0860355915692292
-0.130431976954169 0.0766826853683732 0.197713886172617 0.13520997886408
0.0167186703971768 0.1362642689044 0.246704431667772 -0.11441282298148
0.116209237842899 0.0612309748552478 0.0728008120874188 -0.11778232955786
0.0791121708956927 -0.0427341652127971 -0.00048621870228535 -0.0206577309572698
0.01638875738069 -0.0430976538694284 -0.00703980400430047 0.0315037625574478
0.00497888018410543 -0.0315563952610162 -0.014846761132108 0.0889785941080868
0.00224269786466523 -0.0378640595407602 -0.0314548948848207 0.148674991839195
-0.00173290147746631 -0.0498237264903328 -0.0658565146062404 0.217842820443582
0.0143957183475961 -0.0327387860300545 -0.125363246494061 0.242201348366354
0.0406783927801511 -0.0315528248323512 -0.229094581431639 0.262233668520405
0.0523091368461602 -0.00389715770358252 -0.380642799002104 0.15755301779927
0.0353124195174711 0.00499808968108153 -0.454261985972721 -0.0856341148757711
0.0250186399804664 0.0364885356511958 -0.33793667600624 -0.340430506978785
-0.00376426089418409 0.0122425214985179 -0.238335052894543 -0.501035930056976
-0.26913733116965 -0.140667785102076 -0.147306700634566 0.107781870557069
-0.287944468023053 0.116767598558564 0.163870475070976 0.142985431665174
-0.0447090438714001 0.272019601877339 0.237502082005851 -0.0521008905502417
0.19076822323448 0.175908659881492 0.138029756860845 -0.0881473736622113
0.189228451730855 -0.0482499748972978 0.0475541434560738 -0.0524063878243284
0.0692385236974835 -0.102333945483315 0.00886752164270223 -0.0128077454572216
0.0305287416931943 -0.0958155814298371 -0.0178448121427733 0.0524496061200823
0.0157515714636342 -0.101066051494272 -0.0297420173989566 0.126358512284619
0.00830636677209658 -0.106605473564124 -0.0483956411898826 0.205379403504889
0.0347469959231109 -0.0706927992537887 -0.10127962559253 0.236830378173072
0.0809635116760405 -0.0529893671452933 -0.217118404140707 0.270453844454688
0.108673787440693 0.0312835220904124 -0.371084066319768 0.167560767889466
0.0426627620043425 0.0889200012198982 -0.441702089629525 -0.0738059226862589
-0.0602267694968651 0.0879758177857822 -0.345385950677069 -0.293238139238185
-0.142983872850404 -0.0464893594678997 -0.259740500064589 -0.454250914812695
-0.366216944337163 -0.187768679832243 -0.1014692797801 0.154351681677457
-0.367785277342261 0.14580170612353 0.114792380619143 0.176625299887274
-0.0689857480151516 0.34512870093373 0.234192541976702 0.0529050895542796
0.225911029323298 0.23401563508184 0.234365891588855 -0.0361882671536101
0.243640649964655 -0.0407103745323389 0.1315023550866 -0.0953044117261865
0.103480199969971 -0.126170110094226 0.0434297023196662 -0.079869701156342
0.0535281071855211 -0.134644759345822 -0.0118915002653189 -0.00813680581442811
0.0272373242673397 -0.147461346815931 -0.0240401926587396 0.0842066572500512
0.0130377744351121 -0.153674576390849 -0.0299455147475766 0.176706427968114
0.0485506766825376 -0.114249587284168 -0.0873119469360188 0.216847717171112
0.123344845834269 -0.0885985440392412 -0.219550614013737 0.254518377555882
0.180668099986684 0.0600945868521632 -0.357725002835856 0.141163436644255
0.0605895615686016 0.183434038329867 -0.39873610722213 -0.0830382078881699
-0.146097164362659 0.145222814526969 -0.3116916386013 -0.241482813013828
-0.268155573623813 -0.0954475220572601 -0.240107238157813 -0.383735381555318
-0.40417903415845 -0.212389929015729 -0.0514938199029623 0.230245189086605
-0.375915699099108 0.145404759010901 0.0882510488101224 0.255976883332969
-0.0746367316221337 0.343864571793921 0.277335036692549 0.163767347306021
0.208329036649584 0.238837055413421 0.343778639383923 -0.00730813148401888
0.237443403068764 -0.0206096787903883 0.210426179341803 -0.150212914810647
0.114040343503716 -0.116946566177399 0.0770979174596791 -0.150362200030779
0.0683238760317323 -0.145164700056398 0.0016557812958548 -0.0745905609139593
0.0335986879813047 -0.171661903119806 -0.0124907820050596 0.0287046005380108
0.0158451576310605 -0.187328860016937 -0.0188393445110349 0.129735677939311
0.0622999220082642 -0.157674183730588 -0.0856586985635821 0.172291967850778
0.173755082193629 -0.122208163820014 -0.223624763905184 0.198131499447403
0.254191463605028 0.100678314994484 -0.315688245398765 0.0808572302024492
0.0625672756833912 0.279101832968813 -0.31408440341227 -0.0889451619454321
-0.230881250771221 0.18658575402117 -0.256737019616213 -0.172575288664008
-0.356431539561835 -0.134940165698613 -0.186555165193551 -0.295958495069097
-0.395037034904484 -0.207558335649955 0.00644343329900509 0.325042099817089
-0.338886382303115 0.121277080001462 0.114023568977496 0.351987521568632
-0.0779386983477894 0.288656430961384 0.350865186819377 0.223795956010277
0.148972898136037 0.213526630225706 0.423850625275785 -0.0183760050367844
0.194126605237297 0.00998623463002328 0.255650132263764 -0.204751325210203
0.107633083804404 -0.087193392200019 0.10139062981546 -0.205682918207731
0.073159922882537 -0.131528384013935 0.0207930342354075 -0.133715978905279
0.0356349032115331 -0.170216864492658 -0.000352995619637426 -0.0324926661562754
0.0199290301822372 -0.198853033397289 -0.0178385772837144 0.0659340648866889
0.0829963764575692 -0.180997483057417 -0.0877042309198617 0.100352558458845
0.220926708030527 -0.125390717501013 -0.20355559172905 0.107500950351617
0.285895610703434 0.158536282275996 -0.227160258667547 0.0207382684898059
0.0234774731956266 0.343669658154252 -0.212812325895095 -0.0536364381264807
-0.293998122437124 0.181792890957096 -0.215121938251538 -0.092791135687884
-0.388847127319867 -0.16272472670934 -0.112425714972683 -0.207572895745353
-0.345490678689562 -0.17563278484492 0.0760125860713605 0.416950752238153
-0.277615893680724 0.0888055382884953 0.182396137987643 0.420467916948744
-0.0811180681759463 0.214135799634836 0.415484600304713 0.225287833738014
0.0805427528871708 0.176085486631495 0.453753591168089 -0.0530969735838553
0.136798204615046 0.0361573275568876 0.267158077269094 -0.240406820681037
0.0894879551730888 -0.0514674941541308 0.118029048651223 -0.239388418795398
0.0670263126705817 -0.100360808853702 0.042525703576914 -0.178943239057441
0.0333498067415604 -0.141391411378637 0.00954060107192338 -0.0894856220340307
0.0254574308233169 -0.179599417679325 -0.0219874727944676 -0.00624537084480795
0.0992478157886729 -0.164523971864453 -0.0767847128028642 0.0154510184891592
0.230010165183159 -0.0838991713330203 -0.141968255849292 0.0190054850344846
0.237380340858248 0.205397700013988 -0.114996643488965 0.00768075037706427
-0.048084585366826 0.326738632953982 -0.149877013070509 0.0320810718534282
-0.302533009862925 0.124928914564997 -0.214467372542014 -0.0322162228892222
-0.347372758661808 -0.166959215302201 -0.0276755450836098 -0.131351289821967
-0.26041759084717 -0.121561222207758 0.147627477548561 0.479401501678096
-0.204530818100527 0.0577259407104134 0.260552877222426 0.445090680637815
-0.0749375222270404 0.140309846474616 0.451391933913114 0.191245099942842
0.0275707101520889 0.130870664680115 0.447921745257691 -0.091207783398733
0.0813140968940205 0.0469971358618353 0.263010709810489 -0.260312660997463
0.0627326465925163 -0.0195648067168203 0.128320413295567 -0.255849294091574
0.0496098420237678 -0.0577193261821202 0.060261055037873 -0.206410320727125
0.0256600303888304 -0.0919068747270053 0.0137261380035871 -0.135745222348414
0.0276947299686334 -0.126511420420046 -0.0216226236863355 -0.0732502821492625
0.0933395929928063 -0.107183238897172 -0.0507621622652948 -0.0547155760063096
0.177016623688771 -0.0203593622472855 -0.062761273297741 -0.0282143885857458
0.123310342292235 0.189422897447062 -0.0364734142684014 0.0456927990262594
-0.099966939875048 0.211912865096239 -0.158801681926422 0.117170075271121
-0.225747413110142 0.0418528901658163 -0.237633156682214 -0.0221665779974928
-0.232257392275005 -0.139530452584193 0.0534581915590969 -0.0763083213316032
0.0700443994638556 0.00393869986445436 -0.174319126267554 0.0883864814162734
0.0710760710602049 0.0266122169205102 0.214585175619124 0.0922548040988787
0.0857521636823625 -0.0404244559904063 0.210579393847062 -0.147218009444602
0.00822925174609113 -0.0802392438640572 0.0321240663678321 -0.1009644874276
-0.0599084231861251 -0.0142555258950253 0.0105003029623879 0.00660227980071729
-0.0373926277541446 0.0410880598216435 0.00649333910214484 0.0438071917768189
-0.0149693294567522 0.046836412226245 -0.00220878304146757 0.095832378246921
-0.0111111358537503 0.0342169986811476 -0.0223094658269821 0.153996536420345
-0.0183948812051809 0.0113056752080638 -0.0637976863965944 0.229273229034112
-0.0159321656448579 -0.00257230813998175 -0.134423028064392 0.258676677333353
-0.00336049115459735 -0.0294015368741098 -0.238877778154082 0.269433231061607
0.00889399823442893 -0.0511118286577029 -0.392171849773369 0.154267673079615
0.0391662096181161 -0.0716177053548423 -0.464625144487733 -0.0904989542462065
0.111877658073098 -0.00571985459030538 -0.325352030969885 -0.367977711923743
0.138846375062706 0.0736008826771591 -0.221385230768317 -0.516481719177895
-0.124521743945739 -0.0666483339072385 -0.177015220771233 0.0895342603392367
-0.128867012319591 0.088231617947162 0.207144764720508 0.114113718725513
0.0254615289395322 0.13732488822166 0.238642820948595 -0.136097790534476
0.123415192314499 0.0533998508220463 0.0644406446451885 -0.123926831213779
0.0784039090420416 -0.0499165495598113 -0.00107034980062077 -0.017031039610174
0.0136858445012334 -0.0454166004515167 -0.00678645841960156 0.0353110835786896
0.0051141248172023 -0.0333604645840345 -0.0122040455405176 0.0916245578988233
0.000904804674131647 -0.0384284827159529 -0.0245745469654546 0.153999256642052
-0.00477092937626972 -0.0506969202259909 -0.0549428405927773 0.229085801011815
0.0143194991981779 -0.0351322840445267 -0.114994177792783 0.256151729967403
0.0404289494668167 -0.035708866291836 -0.218923747353589 0.280479408115951
0.0543672825027673 -0.00581908380582674 -0.376509843847034 0.183094821860176
0.0350074779914051 0.00496158104401278 -0.466950033376883 -0.0576291205511368
0.0290749909699667 0.0350953739943421 -0.369420394170185 -0.327058282635474
-0.00233996070914477 0.0125875140857892 -0.278764768297403 -0.501315838086616
-0.287639908264306 -0.129507578161022 -0.144266602445833 0.110778441029147
-0.290161086344146 0.137719226386864 0.17304114207127 0.125171416512362
-0.0310336240657745 0.281321162447078 0.23360417205226 -0.071792823990399
0.206545810497332 0.169613817194862 0.133824309001156 -0.0976461254082692
0.192681695771178 -0.0618352844043395 0.0455597762295726 -0.0533081610686929
0.0645931212129411 -0.108681800680581 0.00822418923650693 -0.011566108593728
0.0286025989903483 -0.101889379400242 -0.0177525888745208 0.0545731811530167
0.0118321608898875 -0.10586301291868 -0.0240273960011885 0.13151977635981
0.00229910308208835 -0.109957156258539 -0.0369266246245758 0.215341065149966
0.0339496975577579 -0.0751146525810422 -0.0910859012666892 0.249329699291569
0.0809111800981936 -0.0584209979370753 -0.204720350703363 0.288784230737228
0.114141024830388 0.0274330866336012 -0.366349940214174 0.194377668802881
0.0474219743525707 0.091101764706659 -0.454650711713601 -0.0464328793396311
-0.0558195096657341 0.0929165933717633 -0.371892599119391 -0.279011179382983
-0.150420658170267 -0.0396881992143629 -0.297727270716728 -0.451003384272262
-0.390747517694659 -0.174334229147339 -0.094007141445785 0.157427651863626
-0.371654106856705 0.171054814731626 0.125040725506742 0.163897370372356
-0.0533664400612587 0.358241483483465 0.237405905667883 0.039073207874403
0.245791968594164 0.229213404490291 0.238438248964589 -0.0512055367974636
0.249057696953515 -0.0576161823389322 0.129427152018113 -0.103142324384345
0.098341776334673 -0.135112763092538 0.0399205398583066 -0.0831691252696521
0.0504921926154498 -0.143829821789903 -0.015106521834161 -0.00845302372206426
0.0208291531754876 -0.155150955145099 -0.0198439080596864 0.0874853238354461
0.00533200811232498 -0.159267835965676 -0.0196913618555959 0.184766079588428
0.0455621111652171 -0.120177244158427 -0.0769590648710909 0.226382621848144
0.122597546955281 -0.0969214786081256 -0.207786855668061 0.273179679173935
0.19140073216113 0.053177407417798 -0.355696349795381 0.167508490616887
0.0710425987941314 0.187809950254546 -0.41027655427744 -0.0587913540453522
-0.141897306528155 0.1568547884384 -0.33371371636312 -0.226510703648119
-0.283046490289023 -0.0828487207240459 -0.273268011925668 -0.37766479189535
-0.431309461922127 -0.198287810124791 -0.0381148055390736 0.235137503271433
-0.380153048009476 0.171400639702936 0.102806430138595 0.249852863512472
-0.0600677753065586 0.356511268088567 0.28936630815343 0.150620989137383
0.22772681770709 0.235344679161095 0.35260473263646 -0.0278089864526086
0.244717226701166 -0.0352503871280876 0.206399845504639 -0.16409316441875
0.111222182725578 -0.125579787735288 0.0711788584391557 -0.157774124326695
0.0656450368580732 -0.155076856246926 -0.00534817486891958 -0.077666463288149
0.026324660447105 -0.180542484373724 -0.0102360352550114 0.0296230717099197
0.00594900073267575 -0.193374124637015 -0.0100119861282834 0.134759431149578
0.0573809653842968 -0.165438960821294 -0.077545572950261 0.181546640936801
0.172410289708863 -0.13568638096034 -0.217178059541213 0.216948690663642
0.269023971753404 0.0899831597921334 -0.316329934960685 0.103202335232569
0.0802771766238083 0.285936086555743 -0.323663227230204 -0.0707050189357205
-0.226477887082644 0.204053285576965 -0.27059782969985 -0.158255581238462
-0.376916633879975 -0.11851186623322 -0.21189828095251 -0.290082854235598
-0.422747927406173 -0.195095159170264 0.0279379802237753 0.331670739977719
-0.3447472033162 0.14299722698071 0.136769278515816 0.350164362416231
-0.0680059850168638 0.30011475936883 0.37067646664457 0.209536636638804
0.164787680637732 0.214153289178289 0.434077328747507 -0.0438038835369687
0.201691959303754 -6.25231800211942E-06 0.249034656054291 -0.222591556775635
0.106629247626592 -0.0941150337219984 0.0939380503065015 -0.216153749113347
0.0713546129806759 -0.141513025209631 0.0121364121444131 -0.139882803640873
0.0293354018005519 -0.178417547212056 -0.000164810297587439 -0.0349920041136988
0.00924548786606257 -0.205492182630035 -0.0124937428225745 0.0697927604279086
0.0761351604334488 -0.190689486563312 -0.0836343904011225 0.107669104978495
0.219906886131535 -0.141663982596015 -0.202203085688839 0.123152999392649
0.306221378717233 0.148264369621735 -0.229043312178197 0.0338674193739681
0.044461428615562 0.355883565580021 -0.215683074795356 -0.0408161197476262
-0.292610331110527 0.203695103836417 -0.22153085606549 -0.0768839652852662
-0.412202414687736 -0.143483873973524 -0.128350948197862 -0.20198808855652
-0.369047804985396 -0.164094065366594 0.105567352599602 0.423733110233742
-0.284467857323353 0.105645788282109 0.214346475309794 0.418301468450825
-0.0752381183423113 0.223982554806478 0.438145429630623 0.205835850716676
0.0922806182896693 0.179967493414957 0.462363479370386 -0.0819782891728148
0.144261275469285 0.0307197422801137 0.25854905087458 -0.259460911434085
0.0897675093943485 -0.0563839656816036 0.108456244078893 -0.252495431789961
0.0654611985071781 -0.108712994425554 0.0335378481352041 -0.187867194718004
0.0281707576562326 -0.148927114354143 0.00653049591567706 -0.094540239753313
0.0157659443223833 -0.18605155646755 -0.0208718757115928 -0.00417590251257823
0.0937116162349309 -0.175314392292945 -0.0791445087915157 0.0200721156931666
0.233048522574169 -0.100411852299437 -0.145430152521643 0.0280563961860381
0.260942018101919 0.198914618761502 -0.114462584358603 0.0129118392567511
-0.0303552761347572 0.343055174461209 -0.144371474397755 0.0437978501857432
-0.304713196568872 0.146518390223185 -0.216849295201546 -0.0129809077421773
-0.371247444958031 -0.15200396395142 -0.0368954597928498 -0.127822653223952
-0.278135569057374 -0.112979801943768 0.18273147305687 0.485402464221949
-0.210062373603329 0.0703459414345972 0.296382447947253 0.438544361337155
-0.0717315787682613 0.148500348968445 0.473080821907378 0.169346548524787
0.0345293634702262 0.135572964524196 0.452156329506023 -0.118459916301437
0.0871651804315641 0.0439806861454616 0.253279755388668 -0.279472045182282
0.0635467574403712 -0.0226116353152554 0.11969869438577 -0.269475029648278
0.05007333662532 -0.0635036291007111 0.050583906104939 -0.217283877704141
0.0220251637262659 -0.0959419580527551 0.0092299243638639 -0.141528744770075
0.0213293745958351 -0.131972527977483 -0.0257499006645125 -0.0720778239212658
0.0910470549857952 -0.117234489533454 -0.0570332059489873 -0.0536641866250201
0.181937665461196 -0.0319333382758192 -0.0665012855066586 -0.0257182449898478
0.141795331966869 0.190751038496168 -0.0298222486860957 0.0468756103960747
-0.0908035979626649 0.227868625143897 -0.146553059121736 0.132683447723584
-0.231000510231306 0.0569159793927474 -0.240414183699257 -0.000428652903129333
-0.250192149488228 -0.12911023025766 0.0504382527280208 -0.0749490155823491
0.0677978977406055 -0.00546674914695307 -0.161262070782647 0.110121036198716
0.0841702267098734 0.0105470040312796 0.216264926810845 0.0456778206368178
0.078389916939296 -0.0636972058606049 0.173929249358024 -0.178825304683932
-0.0099132833052578 -0.0856456307758408 0.0151748838846765 -0.0993335355382125
-0.0622157053257213 -0.00409311983078268 0.0146098222029925 0.00512756891140456
-0.0292592804243711 0.0481683532798539 0.0128589449115923 0.0417601275050347
-0.00428691845027154 0.0509294276267777 0.0118372343572497 0.0934740382547383
-0.00320064354600994 0.0377398443158857 -3.19936180747336E-05 0.15390928075826
-0.0144746900824789 0.0174155180741879 -0.0306788150188854 0.238247965594945
-0.0130690902800495 0.000460850908629623 -0.0985933338900742 0.27857801339091
-0.00645042881988982 -0.0276270500455617 -0.196771519673712 0.299859815830255
0.0046122995448025 -0.0479823897999711 -0.36512146062435 0.208007538097493
0.029151307815327 -0.0691831764678416 -0.472488803762044 -0.020426484394475
0.11142394335829 -0.0181418811942111 -0.38059064262754 -0.323760209157068
0.147791024974919 0.055560523054002 -0.292316139779504 -0.488788437944674
-0.138744512181674 -0.039458978767276 -0.155673369195879 0.105077356235994
-0.101756714311607 0.111143404676408 0.215111882767456 0.0584494665006411
0.05219665638922 0.125734505038297 0.195673178040132 -0.179783993413412
0.131145820695333 0.0242874615653428 0.0327057099748619 -0.126572487277836
0.0673614666364739 -0.064024255895086 -0.000477386515164504 -0.00897883558731873
0.00525129857768189 -0.0452037917554169 0.00189301256466598 0.0385483639773212
0.00106785217605904 -0.034716989247919 0.000827047108249294 0.0956921257623506
-0.0021475687194576 -0.0368219962864763 -0.00120472457238379 0.155352541562247
-0.0115026909514988 -0.0471742849393516 -0.021602146338193 0.237655857881448
0.012731539373346 -0.0373200935793581 -0.0799828340304973 0.273475311575436
0.0377067148176778 -0.0400892357358136 -0.175915713791456 0.308989793429512
0.0589877227325327 -0.0109343224716065 -0.345398142560495 0.234325949119276
0.037212148315096 0.00762837811941219 -0.469375488203207 0.0107263886176886
0.0360489690084472 0.0350552795681145 -0.417504021825134 -0.274648552611554
-0.00379571204607875 0.0160129438678099 -0.348349621658434 -0.461474447595889
-0.312356668112363 -0.0704340208964634 -0.112286850986705 0.115765831503259
-0.253578094106592 0.193130803416537 0.183507253629544 0.0672112090762402
0.024190274786677 0.280238747830769 0.195486013142152 -0.120694724311934
0.237908049204243 0.123990132237795 0.0995178089085871 -0.113334502681721
0.17850141201849 -0.097941349002368 0.038602304098047 -0.0478876345370932
0.0456779893380439 -0.116756838423391 0.0100912510992275 -0.00795262010095083
0.0123419821045044 -0.109697600624337 -0.0107256781306296 0.0618831025529284
-0.00224030345593888 -0.105536497533993 -0.00155162470378364 0.133803126942863
-0.0137391186872355 -0.108395467228164 -0.00410933631366322 0.220950584522505
0.026919118307319 -0.0803277989593928 -0.0571002562851207 0.262779961499616
0.0744798874900853 -0.068771996552536 -0.161303382365958 0.315377534974007
0.125198479835447 0.0132404096922864 -0.336165791486122 0.243475715118856
0.063611181481187 0.0913565554419939 -0.456165406475745 0.0176671424879839
-0.0397260208091268 0.10501692648793 -0.40991787588539 -0.223233887976566
-0.161646080457218 -0.0137535663295932 -0.358019542226488 -0.403836556662713
-0.421874112186016 -0.0959283775031914 -0.0506888163831143 0.151219864229571
-0.328958545569876 0.240917938433636 0.142678071283625 0.111397236312643
0.0156617947533269 0.362593191509324 0.217326690523509 -0.0142219093628582
0.291829533249227 0.177050262130854 0.20779318618079 -0.0859325891956912
0.237358914097682 -0.104084594723558 0.112605003914256 -0.109749893049345
0.0751414450282542 -0.150764823143562 0.0294134891842297 -0.0829543338061235
0.0272643986497478 -0.156806609257727 -0.019513512486824 0.00138184423291837
-0.00145909530241146 -0.156530635133946 -0.00264446629298135 0.0901894263051101
-0.0189824724835251 -0.15843458431087 0.0099589976904029 0.18628143126233
0.0309625977309065 -0.127445798080027 -0.0445586476736767 0.239879884660115
0.109006401246117 -0.112748136316559 -0.165891097112332 0.3017977686922
0.2061878398812 0.0266654468221473 -0.331871323679148 0.21493180715925
0.10213282133783 0.183221678855651 -0.414825650502839 -0.00472597946023583
-0.115720205321168 0.181907724785904 -0.359904236536317 -0.174251716706517
-0.301196802533666 -0.0369240909305709 -0.32096261641579 -0.329659084176116
-0.466384499777444 -0.112014269392741 0.0195054308676435 0.21894520506295
-0.338699668512623 0.244442057112328 0.137390769036304 0.201750016250638
0.00979105874175017 0.364616694081385 0.289604882290139 0.0872904988064145
0.276008055917302 0.187802651062168 0.325993239497336 -0.0852866429524603
0.238479442268801 -0.0825125462646242 0.177425233487189 -0.184909667359549
0.0897411835910706 -0.144945152047233 0.0478566643194429 -0.161832761478345
0.0399343879469691 -0.172487310165661 -0.0210159493774993 -0.0690368647448493
0.000146156770721615 -0.183117197360188 -0.0023148651669739 0.0313076506896087
-0.0257004153821624 -0.194336951906258 0.012621964772843 0.136000310917295
0.0339169180129875 -0.174300638541893 -0.051775085727971 0.194986932456068
0.150429959900827 -0.159608600165712 -0.183718000757443 0.249994133501662
0.289932883015767 0.0488386899833363 -0.304673621473986 0.144759566266836
0.127337231328364 0.279282203569664 -0.329777891496567 -0.0325425111697504
-0.192582029542552 0.240826993119528 -0.284392258993642 -0.112209621513203
-0.401571727787517 -0.0593393096694042 -0.246806054435932 -0.244703062591791
-0.454854764039668 -0.110576973742135 0.100625748064609 0.305944303598558
-0.307851764559082 0.210879951384049 0.191334206697135 0.298655783011943
-0.00745890534507721 0.309675989360016 0.385208396823219 0.132377604937634
0.210978358502044 0.178339795095585 0.406935926448473 -0.117144153139584
0.203359476700229 -0.0419068271716928 0.208193454036757 -0.25164655707335
0.0901010620124094 -0.1147161594038 0.0592598759820237 -0.223107783915079
0.0477432568764162 -0.160928130840584 -0.0134993616521764 -0.134170870369863
0.00222060335046832 -0.182169130206239 -0.00146105031715054 -0.0344514237982836
-0.0255308188592395 -0.206992010259366 0.00134773332477001 0.0712990470137267
0.0471561398573411 -0.202468322000318 -0.0690746049596404 0.122707452618488
0.195921676108841 -0.175232382792286 -0.184606125259001 0.15583691897374
0.336778366076897 0.098785053202332 -0.229769865447764 0.061396676586323
0.103514479640907 0.352011202720275 -0.213685814595252 -0.0198712304352965
-0.258408904734034 0.251422996543265 -0.219833664958326 -0.0355002027880357
-0.440009793247004 -0.0793870298967241 -0.150682387206129 -0.165645979870541
-0.394258097353289 -0.089718076546327 0.190455800080381 0.386348534901774
-0.253592036601178 0.163622239612443 0.283005863818597 0.357414676356564
-0.0275342609111022 0.234704235125669 0.455963064075027 0.118661268736387
0.132835181391111 0.157860034449384 0.431487352911591 -0.161136428984779
0.152136287630416 -0.00192554693848159 0.210065586860786 -0.292721260052889
0.0788158900831303 -0.0773655207396522 0.0677499519909209 -0.261543636429163
0.0473225921808469 -0.126750249494635 0.000328336372661025 -0.186960821993468
0.00452359633393073 -0.153137585814766 -0.00441264377902493 -0.0952716432155215
-0.0165013923274372 -0.188976950669622 -0.0177525535357182 -0.00074162883652777
0.0646691019026254 -0.191102746847558 -0.0775554144923942 0.0345560958451372
0.214202668896537 -0.138298715364998 -0.143510045993489 0.053074702775911
0.300884257454006 0.157113360767642 -0.116260155617186 0.0210750022251968
0.0279852294085956 0.350295907177843 -0.126475167173234 0.0550689126422781
-0.278094963651501 0.196732708578051 -0.206251982063045 0.0303876965450875
-0.400152026772504 -0.0952517150745319 -0.0508378373957044 -0.104350107727596
-0.291870249089692 -0.0549568396537509 0.27423015802146 0.438147248335779
-0.184106011015743 0.114466315222594 0.369964260396819 0.367255350394102
-0.0371438873123782 0.158673591675374 0.486789331661693 0.0777143595703347
0.066782103896549 0.12367223832018 0.418468634979987 -0.19596162827848
0.0976389965900942 0.0205956879486534 0.200739916864786 -0.312393485914896
0.0576576141995073 -0.0403697529751226 0.0750947726871853 -0.28173873875166
0.0386246151638453 -0.0784074209019838 0.0128585682944188 -0.221818221738175
0.00650409609549992 -0.0995976771963301 -0.0100220612500932 -0.141682554187717
-0.00313830089526072 -0.135596377553683 -0.0344292769187377 -0.067105365050192
0.0706719590689208 -0.132089044728137 -0.0666117150559852 -0.043182920469464
0.175247363093075 -0.0628950146005119 -0.0730943098316919 -0.0139421001538387
0.180006120144709 0.167230526730914 -0.0234233201839061 0.0428503444981115
-0.0503197441974029 0.245365888292759 -0.11293465552225 0.149936621767087
-0.218612433710585 0.0960113511823765 -0.230242813215223 0.047147006455568
-0.274492768397988 -0.0922773632328748 0.0429546764448062 -0.0667919415275599
0.0673970972099821 -0.00791417123358069 -0.158148083386934 0.107722643791126
0.0871715124743845 0.00557598365599974 0.205719155170439 0.0251957622968269
0.0742769670458276 -0.0686185966141767 0.153853228481133 -0.186753329052984
-0.0162798293642896 -0.086375892701433 0.00683963487439947 -0.0963677647966952
-0.0627720132302596 -0.000776953838060235 0.0178356037157343 0.00599122388513657
-0.0268351838504959 0.0494018197642437 0.0167310861099891 0.0423145474323657
-0.0023923254238754 0.0503031313050387 0.0145647005385056 0.0933547434794915
-0.00056725345758092 0.0380332251795184 0.00376396411693159 0.152969605873983
-0.0137230049929304 0.0188990983022472 -0.0197959636384359 0.237483843485608
-0.0127950309885861 -0.000381249153033373 -0.0852690859724361 0.279456065941415
-0.00827408035602535 -0.028131652972367 -0.180163225934864 0.301455481384464
0.00245849367738449 -0.0487556940506874 -0.34528670317063 0.218553808176986
0.0255720660740271 -0.0674987235834969 -0.461205035800491 0.00217839558882377
0.110017091754683 -0.0238246328987528 -0.391409088125504 -0.299608177394627
0.148870889360587 0.0476830650330644 -0.314207450068006 -0.46812594336277
-0.139914483538201 -0.0318794670025077 -0.152767748920799 0.10199484459506
-0.092816681795322 0.115071109889843 0.205014098639619 0.0365898132829304
0.0564879612582048 0.120710684028648 0.17594674348717 -0.188672641707068
0.129842600777333 0.0162946336308345 0.023643780095047 -0.124931799740365
0.0622142183763219 -0.0670960946016007 0.00137178012656995 -0.00617201703966626
0.00382331710947594 -0.0442845789756735 0.00515367073930916 0.0391792997014706
3.38562664196126E-06 -0.0356166827862925 0.00437828477017391 0.095579368912071
-0.00264427271678633 -0.0371689571678033 0.00450439844998619 0.153551338259375
-0.0130533671504753 -0.0451405182927475 -0.010498079744977 0.235382093632644
0.01182695257188 -0.038471381919461 -0.0673322641887319 0.273271558099509
0.0355395715631798 -0.0420723754537553 -0.158754486262542 0.309495047488281
0.0580686921001341 -0.0130489109696146 -0.324179020752639 0.243856911067545
0.0365151075476269 0.00823865799987954 -0.457306935879417 0.0317625866577875
0.0379439615345649 0.0313443789475085 -0.423236511158387 -0.2484705464062
-0.00313365834032208 0.0149672341512817 -0.367991134676014 -0.438111963133019
-0.313345172083036 -0.0555929401068116 -0.108904177320917 0.110955229601177
-0.239295320383034 0.202713084263915 0.174904937996677 0.0473130328863445
0.0354231442023489 0.275422627950811 0.179582753595639 -0.129324425714069
0.241572096877578 0.111624404582772 0.0902456140495443 -0.116467604803865
0.170842322071222 -0.105289832228697 0.0379190176967601 -0.0468995391611585
0.0404789927308609 -0.11635084242364 0.0104750670295594 -0.00789065785531003
0.00889526220374094 -0.11106155336237 -0.00925926164943491 0.0632642527970591
-0.00554871149354213 -0.105432865908949 0.00336180068669887 0.132323785704568
-0.0176425831908805 -0.105687412449252 0.00628939583164264 0.218364266454949
0.0246735212073873 -0.0810445844601688 -0.0448436933205293 0.260830342742906
0.0716471017260764 -0.0709762172488029 -0.144258391952645 0.315540345364166
0.125379086340542 0.0086333383389421 -0.314598637611348 0.252972951033376
0.0660846155502098 0.089476018404985 -0.444002435439469 0.0384855928222763
-0.0339793579354194 0.102777009324124 -0.4138665941679 -0.198484068504169
-0.160761225738112 -0.00700782051813837 -0.375384447345851 -0.379525628717387
-0.423346683366045 -0.076264426836416 -0.0458844432475514 0.144137842755527
-0.314477649230889 0.25438387697846 0.137857519011204 0.0943660025584942
0.0296952782450146 0.358090405538217 0.207177363394604 -0.0243020554179729
0.296627959347225 0.162405667873239 0.199444448953777 -0.0953073677443729
0.229403394412575 -0.114871176758496 0.107081153923003 -0.111518699293705
0.0684188193346281 -0.150061877286515 0.0265521824158237 -0.0834694984559136
0.0212971774284504 -0.158704066542599 -0.0207440235438199 0.00370532328525191
-0.00746555158852268 -0.15666775285414 0.000669222596480565 0.0882283609821218
-0.0256724177081033 -0.155002809699452 0.0185327062188578 0.182936935304582
0.0263197875414097 -0.126936385408322 -0.0343536554747792 0.237305227619658
0.104085557126655 -0.11561765253985 -0.149019657654744 0.30402505845339
0.20581851166749 0.0182360792496746 -0.31241489353347 0.225248942292562
0.108606536577781 0.178616739186079 -0.405174507568403 0.0143670872898347
-0.106384970602799 0.181883593984475 -0.361458105560718 -0.152429027361335
-0.301142059468829 -0.0232350650807919 -0.333935188723771 -0.305870751977913
-0.467988762081571 -0.0913320500825345 0.0280037482523798 0.20975090282587
-0.325623780101424 0.256262832233057 0.138604859058258 0.18568944304154
0.0226920338825191 0.359230118895572 0.285528519521746 0.07276294031981
0.281461672231482 0.175467589417487 0.317332565626485 -0.101035330615761
0.233168151824159 -0.0920718930549203 0.167532569709718 -0.188914731175426
0.0832688598517202 -0.145182315667828 0.0405468922608554 -0.161546435502659
0.0343377349934883 -0.17508422264743 -0.0250614671157557 -0.0655496952268594
-0.00651803105060748 -0.183287128269731 -0.000556682169141352 0.0293553666385644
-0.0322791655247208 -0.189662878820653 0.0203623976526142 0.133042562553751
0.027394062154334 -0.1729438977546 -0.0424056411361755 0.193849987737592
0.142333573092477 -0.163458202004667 -0.167482083396362 0.254858647220819
0.290663003829833 0.0352878743715769 -0.29069058163349 0.155097397797351
0.13843321665492 0.272407331231735 -0.32311931278688 -0.0171941379507826
-0.179508086878754 0.244636656377385 -0.281299080846963 -0.0946157976822618
-0.402077320623614 -0.0401120235246773 -0.2542106259915 -0.226591828200624
-0.458039889200978 -0.0912143021584239 0.113359485060844 0.293502373904822
-0.297004397757954 0.221834563435764 0.19835387175733 0.279234865315469
0.00264284384551557 0.306515437156015 0.383303715160636 0.112448624791393
0.216988586831199 0.170547962109416 0.395153396396749 -0.137705031140895
0.200512111140017 -0.0487893573309967 0.194865697181382 -0.256072398135118
0.0860971019219886 -0.115537485253977 0.0500398082069413 -0.223238241229475
0.0423719705484124 -0.16367382830702 -0.0202866393166489 -0.132221163791117
-0.00458784966195423 -0.182696416067507 -0.00171302441865587 -0.0363587335055636
-0.0333422797203928 -0.202417467629189 0.00683185005282827 0.0692602755213597
0.0380001987021074 -0.202155805865358 -0.0631770814863184 0.123859893797207
0.185426914175554 -0.181962021689746 -0.174702181851837 0.16276315135714
0.340440627179236 0.0824625230785282 -0.22020962039028 0.0688496321786695
0.118811097952597 0.345865155557581 -0.206232198608019 -0.0121624071953435
-0.243628047494942 0.259107547168228 -0.213075199318927 -0.0210943887141204
-0.441706087152739 -0.0593618869731844 -0.155535459580546 -0.151977330008911
-0.397925128443335 -0.0724631615943058 0.206792876918035 0.371365895339966
-0.245187628791583 0.172663827747504 0.293805567873709 0.333042852302166
-0.0208810264348355 0.233690436690928 0.453533353808415 0.0955514537011001
0.13849732053535 0.153601729699214 0.417033346146003 -0.179328340916093
0.151257561454168 -0.00762915005514236 0.194202677266626 -0.294428344244895
0.0758567961187226 -0.0773922445134179 0.0566565372025085 -0.261823633372243
0.0421634130359439 -0.129477880480214 -0.00830968552174129 -0.185732330847457
-0.000792079695955948 -0.153164180633126 -0.00665754479582358 -0.09650731311206
-0.0247924646976278 -0.184845270938854 -0.0155253485907414 -9.24380999509523E-05
0.0557856859363345 -0.192229745086922 -0.0762635652976204 0.0375854654612311
0.205819669639648 -0.147583893317973 -0.139696549049506 0.0587428517758581
0.307640600079537 0.140851797678958 -0.110290773631467 0.0228362221768374
0.0441281495736444 0.347121431690008 -0.114091736207036 0.0581329518158559
-0.265951262594339 0.206348391415582 -0.195524998877167 0.0450578947983947
-0.40262477035263 -0.0751407860500509 -0.052796202210849 -0.0952597211471099
-0.293767106179017 -0.0423631983882421 0.292528359138282 0.419444511890135
-0.177610956834166 0.121322368099705 0.38227672776023 0.340290310358466
-0.0329603437620521 0.15914580311697 0.482099800844523 0.0530754461493619
0.0719974042748709 0.121531041790419 0.400544993792959 -0.212299748415722
0.0976283215373126 0.0175714291794668 0.183243702843267 -0.313612767584798
0.0553047719669414 -0.0409033163720906 0.0634029812986004 -0.281971530260997
0.0352798635044935 -0.0806446666161006 0.00392194186040756 -0.221471401977899
0.00375247666029415 -0.0996859367213655 -0.0145752685787583 -0.141819430922627
-0.00971521393291895 -0.132145332850091 -0.0344890376424136 -0.063970025029232
0.0643238411466346 -0.133789800064421 -0.0694218211807891 -0.0394818677222069
0.171226524239469 -0.0708123846182707 -0.0741099366035855 -0.0112698501720352
0.189482133591681 0.157988730981688 -0.0169769071398084 0.0391849591472214
-0.0371323671378183 0.248241938848427 -0.0946939041154688 0.151819932941838
-0.210705744065207 0.104991297961938 -0.217983583365895 0.0634147917781916
-0.278731814286577 -0.0785010896510961 0.0419404356694217 -0.0622004282882042
0.0674634048056203 -0.00924680617433976 -0.158903867589756 0.102739038974215
0.0907077307213764 0.00231293274428835 0.193914357831311 0.0116919008647172
0.0718884478877826 -0.071280518688862 0.138571342437797 -0.189898123040898
-0.0208499733312981 -0.087234917296409 0.00159025949516196 -0.0926201130731593
-0.0630196046656193 0.000202429170058854 0.0199056033973134 0.00642063740689197
-0.0248007821835065 0.0502200563798037 0.0188063210890548 0.0430636302495984
-0.000438935466177285 0.0499619817966375 0.0157244456732785 0.0926625358140981
0.00170125949870233 0.0376795966614064 0.00454389159796505 0.152475148364482
-0.013348306584161 0.0195128235685459 -0.0155030324352936 0.236607444106481
-0.013093196338868 -0.00127422216974077 -0.0787373447582082 0.278138252006927
-0.00990113924259005 -0.0287635483581164 -0.171476726391051 0.299521605601158
0.00218352719812551 -0.0490020917300284 -0.33276024420889 0.221830381686774
0.0244023541706924 -0.0658642132247178 -0.451041056620754 0.012111305099679
0.109724760660184 -0.0273002680838912 -0.39557473178687 -0.286230792292873
0.149335104458449 0.0429001569777798 -0.326266402375148 -0.456713462468674
-0.14012782232921 -0.0285908243923543 -0.153392042184024 0.0969336199493308
-0.0863483408654296 0.11551300141466 0.193700270491456 0.0225232266984522
0.0582713646956965 0.117857331528995 0.160443936896629 -0.19183566978312
0.12851747643752 0.0117347668463789 0.0167125478443158 -0.122877744619425
0.059344159540836 -0.0681088864399453 0.00279401933547723 -0.00523759728261397
0.00346417391078115 -0.042544299622343 0.00717642996977174 0.0393435205010682
-7.95464829560864E-05 -0.0363876194437592 0.00613112784565564 0.0957169427390299
-0.00242099896061216 -0.0371488477817199 0.00546153791738119 0.152775369241195
-0.0132404589603296 -0.0443037130722039 -0.00532358139879496 0.234155686050315
0.0116937054753731 -0.0389494422451698 -0.062152237554379 0.270684778467694
0.034978410753306 -0.0425875862903633 -0.150047424705032 0.306249295027267
0.0578867000473084 -0.0135515646743886 -0.310238234140482 0.246226851491143
0.0364392558644472 0.00940804302138801 -0.446947199760034 0.0437349611648571
0.0388037203403491 0.0272069304078018 -0.425697712449416 -0.235110418600612
-0.00310121940371718 0.0141044241726973 -0.378832752463747 -0.425466512617388
-0.313786299743777 -0.0480085064191015 -0.109429357333258 0.104359293996323
-0.231236378170983 0.206485920158049 0.164237548058164 0.0344631620360914
0.0394703185156521 0.272871857349264 0.167330470407984 -0.132859943424182
0.241907160662302 0.104497699120862 0.0836032904005754 -0.116961752561667
0.166612374769646 -0.108836024553524 0.0386829543741244 -0.0458882442560738
0.0389804589849466 -0.115428804663792 0.0106712912763932 -0.00798044221727221
0.00716674580245984 -0.112535928855299 -0.00856289732633802 0.0641844098194774
-0.00691798811349293 -0.106678408398656 0.00481010694799526 0.13101204057794
-0.0185918767513682 -0.103959673228209 0.0108718407112931 0.216255065410861
0.0240660793176526 -0.081026314434432 -0.0401597025260346 0.258638684145204
0.0703386055768518 -0.0713192237900804 -0.134634027639895 0.312908520581729
0.125289455302148 0.00712425381076487 -0.300885305820001 0.254435104887885
0.0671769491177063 0.0893927866885381 -0.43509439121227 0.0489733805939261
-0.0316192247093054 0.0992685445405514 -0.414434568178278 -0.184122447828919
-0.160423057616392 -0.00434442703482144 -0.382781436609784 -0.367994490878109
-0.424010673016442 -0.0682796581932899 -0.0446859883815322 0.137120165920253
-0.304879468337874 0.258976223320898 0.129262102004894 0.0828817696587823
0.0349213712851697 0.354966288728429 0.198079969466524 -0.0286808957202714
0.298570651599908 0.155818448950609 0.192868209099011 -0.100644554713233
0.224577181896928 -0.117956337413179 0.105786311946775 -0.112584353978723
0.066950033775885 -0.149107611064829 0.0246855420209099 -0.08413490440879
0.0193896701351814 -0.161274773158068 -0.0209305054528205 0.00525893702220953
-0.00889029222613175 -0.157709031166001 0.00226178454446537 0.0870215978024112
-0.0264362991933989 -0.152721269804589 0.0241012104710552 0.179922491596664
0.0256154452093169 -0.126359567750907 -0.0297179277323521 0.234103894199411
0.101491700605659 -0.116425644181562 -0.139208799127537 0.302754250432358
0.206095422364602 0.0146221015637569 -0.299930066973422 0.227775307130163
0.111170669127176 0.176296374695508 -0.397477915112656 0.0234996629843683
-0.101805567083792 0.178909635730225 -0.360663032813663 -0.139298729824178
-0.300768515522963 -0.0170092642626129 -0.338308977213333 -0.294835702568831
-0.470114496192723 -0.0820812744055206 0.0302040673685651 0.202259406172852
-0.31820031904707 0.260803310668973 0.13388114614062 0.175081303551167
0.0267605484642561 0.35690799460578 0.280799580976328 0.0658945982704932
0.284015459886741 0.169014045300681 0.310233384095506 -0.109799284257236
0.228965426761199 -0.0945415602014078 0.163324696469046 -0.190384965048217
0.0824841779075307 -0.143967353354591 0.0368067500464625 -0.162141902828522
0.0322933995036016 -0.17708312398779 -0.026680285310639 -0.0637956560989571
-0.00956812715821593 -0.184247681151555 0.000842432943224695 0.0274179958610383
-0.0349944531274198 -0.186796606078327 0.0245143352670876 0.129428013788468
0.0249703842021747 -0.171530211775716 -0.0392476886898465 0.19214710056255
0.138187848100531 -0.164582242278453 -0.160030042071638 0.255518297139062
0.290928053377809 0.0306258218728767 -0.280041768118726 0.157293628851254
0.14326717259869 0.269426743567792 -0.316588252479651 -0.0112237357332518
-0.173341059613035 0.244005842668214 -0.278664462665853 -0.0841123278379493
-0.402242529311848 -0.0313395468396174 -0.257775251867925 -0.215859868493489
-0.460251624929553 -0.0821637267834975 0.118365354659007 0.285839117749893
-0.291139073667928 0.226297370510035 0.198371649862889 0.26762485138448
0.00541216725944169 0.305290312846973 0.379035924798407 0.102925901869818
0.219485153955901 0.167570778850005 0.387034555272514 -0.14682179668514
0.198601399008458 -0.0511003839325919 0.187936406766634 -0.256128484983575
0.0850734823220697 -0.114223341457151 0.045265252818783 -0.222600440463472
0.0397125324127314 -0.166139466257255 -0.0226275965017426 -0.130090124127859
-0.00691736596192858 -0.183248144726704 -0.00221785245431162 -0.0377919277158413
-0.0366383444528508 -0.199359865891602 0.0102752612880863 0.0668229024675074
0.0341537695380219 -0.200591380264074 -0.0611035606226491 0.123693454919409
0.180068870231022 -0.184979195072634 -0.168867515050127 0.166054043822185
0.342440009490849 0.0741814315054079 -0.21418248383721 0.0696672922052263
0.126699171700387 0.343150012901689 -0.200727917048573 -0.00993814354585003
-0.23587960703422 0.259916331698751 -0.207006754668259 -0.0127197869461933
-0.443483777587657 -0.0483381587028179 -0.156028764712324 -0.14332612358963
-0.399958926616347 -0.0651483753041513 0.214553864564257 0.361620776252867
-0.24135763723182 0.176504935128518 0.295711997907329 0.318698552750048
-0.0189327811605019 0.233710919979424 0.449639859797733 0.0834366031154017
0.140945331710676 0.152314318424946 0.406557995482603 -0.188707928062845
0.151228767840134 -0.00879957618935871 0.186025462918551 -0.293674061789968
0.0750099985790325 -0.0765126227945298 0.0519818955301555 -0.261369972389374
0.0408670857207979 -0.131360629951946 -0.0116124193679304 -0.18456603047147
-0.00208670466269559 -0.153912263685337 -0.00751649343248829 -0.0984327766249621
-0.0280264234575136 -0.181931830886713 -0.012335697631026 -0.000677981497299253
0.051745586158408 -0.191009775369112 -0.0765439023468238 0.0387047138346097
0.201271980623625 -0.151723503385812 -0.137556650370715 0.062720542342486
0.311521745001272 0.132659908323717 -0.105792316870104 0.020855918483188
0.0531434078659639 0.346732408583654 -0.105353717217336 0.0572946492104525
-0.260251985937536 0.20925521513104 -0.186267907327308 0.0536598416799497
-0.4045944489229 -0.0657473877286118 -0.0518228810935054 -0.0882804552295975
-0.29646347855694 -0.0363404874097019 0.300566577650211 0.408986560688543
-0.174540023705558 0.124949208749495 0.385257290091891 0.322560657962432
-0.0316819056437753 0.160138934512382 0.477370321871601 0.0407745548369128
0.0742101072042601 0.121806344031418 0.389366417950552 -0.220488401487623
0.09867191162971 0.0162229595330431 0.174789175693489 -0.311191381151152
0.0542929854202687 -0.0400140335605175 0.0584419491077761 -0.280828058634788
0.0339012012374643 -0.0825517827277438 -6.90329803838936E-05 -0.221792442434861
0.00250527371866568 -0.100140204306869 -0.01512670671802 -0.142476406077931
-0.0117591361989948 -0.13048717029434 -0.0337403970732037 -0.0620156348982638
0.0614522957511481 -0.134806166230436 -0.0720379610141312 -0.0374143365116635
0.169620311090033 -0.0758323992071927 -0.0748843817377636 -0.00954645857166876
0.195502484195666 0.152576900152764 -0.0125774532306666 0.034874091786978
-0.0303362445466091 0.250557685910597 -0.0819215434616412 0.150175948231823
-0.206794502949809 0.107250201825603 -0.208281795313034 0.0737390963679115
-0.281241530120506 -0.0716401340378299 0.0431434676772844 -0.0575738106357193
0.0685986016929186 -0.00882318605588051 -0.164394989015471 0.0980906349092888
0.0958282593357873 -0.000691851945039068 0.18522704159081 0.00302968218593644
0.0722654458489717 -0.0750476547797511 0.127413527502018 -0.192519361642102
-0.0240930410244105 -0.0899843330706357 -0.0035386769033245 -0.0907996742896436
-0.0644011444894689 0.00144462012474883 0.0220938692602549 0.00651987474755728
-0.0243326393007185 0.0512684968040885 0.021419563847793 0.0435812511022964
0.000263310865643945 0.0504515909161307 0.0168135892362332 0.0943907185594178
0.00327061119661175 0.0381405132370234 0.0040922776359932 0.154964385408261
-0.013260254063552 0.0203084663141541 -0.0146796083220778 0.239936013234504
-0.0139238739746079 -0.0021035449280842 -0.0788662285910978 0.281638687220541
-0.0108614018031288 -0.0306255005302486 -0.170736481416347 0.300762807337377
0.00158077510165534 -0.0505034544680916 -0.33074524623685 0.223688998517732
0.0245703419575338 -0.065694324617265 -0.449853798837655 0.0171971045457957
0.111269031544029 -0.0296823620149501 -0.40146147023486 -0.282223393339228
0.151379895917162 0.0415180236115097 -0.337763302295898 -0.457710104476291
-0.143605260730837 -0.0272795098521974 -0.158519140809293 0.0923135907007814
-0.0824260644654603 0.116802188220196 0.18472738399981 0.0124852440934391
0.0604800555218504 0.117645680356531 0.151449338652229 -0.195762905040166
0.129176693893275 0.00973794050503187 0.0107285820068389 -0.123053835868251
0.0583310603152394 -0.0690554775075261 0.00520531174133403 -0.00435220088204249
0.0037990472335716 -0.0427811470927429 0.00891031071332719 0.040076574426503
-0.000199382541852137 -0.0385460262764162 0.0065566572443879 0.0975795729089999
-0.00195991010463992 -0.0390895343763844 0.00540475964997173 0.15527933201413
-0.0127727336389034 -0.0438436851290223 -0.00441919992642419 0.236972468077102
0.0117584853948398 -0.0402127543875416 -0.0620431591714585 0.274461187769771
0.034680201655103 -0.0438645767665864 -0.149075146734614 0.307087857586964
0.0594179198070315 -0.013642752656723 -0.307724188601499 0.247528106846787
0.0365922494153 0.0104062152952963 -0.446126599806233 0.0475247887465901
0.0392654878961341 0.0240769473238159 -0.432406024271739 -0.229545613919262
-0.00337962112603958 0.0133901831714522 -0.389014453479147 -0.426320258661816
-0.320090052362068 -0.045886897067015 -0.113737369062446 0.0995941538437448
-0.228640486846311 0.209993594554657 0.155358176734103 0.0255069872572601
0.0425683687542888 0.275035377081126 0.159038866577171 -0.135240268294637
0.246163396550862 0.103969791280991 0.0795478971420747 -0.119229724547519
0.166401438898765 -0.111683240603724 0.0405405797222342 -0.0457031934317733
0.0394576982904409 -0.116285790554389 0.0114203263043953 -0.00828317118523873
0.00683055021813838 -0.115690977409986 -0.00818729927301723 0.065780100157226
-0.00707016731244486 -0.10958337285036 0.00496251265077686 0.132471873976431
-0.0184816361269191 -0.104272046189629 0.0132730062532531 0.218047034173348
0.0255274214431834 -0.0822824591356463 -0.0396592965134496 0.260607546030271
0.0717877709350432 -0.0725302508898226 -0.132723520159318 0.314327907086879
0.127408419274635 0.00722101131700651 -0.297562464348918 0.256458303084701
0.0683184158180419 0.0912949786845036 -0.433886499780509 0.053186901397446
-0.0320976479777239 0.0970231437806529 -0.419547369460947 -0.178676385643047
-0.163496480500333 -0.00360687105158745 -0.3930580546615 -0.366328993933277
-0.432472032262281 -0.0657639597768685 -0.0475128062532692 0.132801993342946
-0.304389751011868 0.262945336281905 0.121051824020989 0.0754412637359109
0.0374160129151801 0.358920364385625 0.194259928594338 -0.0300341681288971
0.303930556280642 0.155251280514759 0.190393278471698 -0.104323760538139
0.225859809957422 -0.121626270528744 0.107529121241797 -0.113842799197068
0.0689229290482502 -0.150298512064133 0.0244653394301013 -0.0855482074472366
0.0189588052764398 -0.16591140320937 -0.0215103689896905 0.0065783502496202
-0.00913587596819455 -0.16197216283277 0.00248802135191843 0.0870495274484575
-0.0266380022001716 -0.153707336942984 0.0261620624941662 0.181016584443716
0.0272587259385551 -0.12749414857589 -0.0297248298193279 0.236191346439853
0.102471227750102 -0.11760290834125 -0.136473294063674 0.30557756117578
0.209866618909769 0.0139246560566605 -0.296822533218173 0.229957357800522
0.113372289824104 0.17945169323578 -0.398145728186343 0.0273931629717595
-0.10198093463291 0.177585552124718 -0.363986053878673 -0.133989945587669
-0.306462384618798 -0.0159875500890954 -0.347960341451617 -0.292626035159417
-0.478813446465113 -0.0808939028376141 0.0306350787644895 0.199176212041921
-0.319400037769233 0.265328413604452 0.129184184983454 0.170350157426946
0.0282605411892386 0.360901181535774 0.280170242515974 0.0647693800546471
0.289122112682911 0.17140093591286 0.309048946315251 -0.11652251002194
0.231263141298213 -0.0971662177041461 0.164374812434772 -0.193497641205915
0.0851673819031103 -0.144192881341286 0.0360047055151786 -0.16521482994961
0.0321446701197663 -0.182439921680539 -0.0276805074173542 -0.0635494784062353
-0.0100245609448952 -0.189389852118276 0.00107140205071971 0.0260853160656411
-0.035239603694388 -0.188022397958436 0.0271245970301022 0.129047642755389
0.0256322430907667 -0.173077220181764 -0.039270422983176 0.193706564420851
0.138843800316228 -0.16662674560958 -0.157964599377885 0.259240994153906
0.295934989325452 0.0280743113802512 -0.278893468181007 0.158548316913531
0.147952531580546 0.271995954790501 -0.3170908104925 -0.00972298425880939
-0.174312442271685 0.244502090697552 -0.27871755001327 -0.0791317056537522
-0.409528800004413 -0.0282831923849068 -0.262843133401917 -0.212845250090077
-0.470076864486427 -0.0812249648598752 0.121275466217725 0.285312203640459
-0.293415300576169 0.230286570902747 0.197464852132539 0.263820135567571
0.00479889857527762 0.310645860980974 0.381955264485151 0.0996225838244933
0.223048665473685 0.170175031377425 0.386022555708578 -0.155457020797505
0.20164329643248 -0.0518445667155355 0.188602429810426 -0.259314133696563
0.0882610397312773 -0.113918564314882 0.0445476723022903 -0.225883749323369
0.0401765118065337 -0.170818799648189 -0.0244721857095226 -0.130943814289587
-0.00745138759862934 -0.188148897335156 -0.00241964578520944 -0.0412088398593604
-0.0370404005513456 -0.200076674423883 0.0125943864521184 0.0655842866084761
0.0341491045181738 -0.202656773925421 -0.0624073158170417 0.125246046712473
0.180137650560605 -0.188439567902987 -0.168091823006512 0.169205090428568
0.349616372065691 0.0713572784607139 -0.212646639908671 0.0692152007879853
0.132526536517333 0.347631002919602 -0.198761165174973 -0.0103837057666864
-0.238207942522396 0.261816043595892 -0.204388659912867 -0.00591560003177202
-0.451972196686109 -0.0438591817368369 -0.158223144136933 -0.139255474181786
-0.409007244543445 -0.0635145343889593 0.220069566403247 0.363150676492379
-0.242587308545725 0.179987104531121 0.298641465564393 0.314413686959002
-0.020280246831692 0.238126664313837 0.453355659036582 0.0791314844739422
0.14515184037183 0.156675973426323 0.405664956769112 -0.197941255156867
0.154229734982852 -0.00796633464896336 0.185945064378833 -0.295662627499399
0.0778709788334998 -0.0751960938459866 0.0506015443994695 -0.26484077611074
0.0407310413303401 -0.135896701525652 -0.0132041087215586 -0.187160961698849
-0.00231212007299296 -0.157859006544094 -0.00762035937399976 -0.101856503961811
-0.0286513010128819 -0.18272187000122 -0.0110898733600065 -0.00169173132987196
0.0511922506548946 -0.193492079962768 -0.0792700047963024 0.0409389869507633
0.201645808666881 -0.156168258405531 -0.138127958108756 0.0646400118580494
0.320697170303995 0.131094638166568 -0.10442186136286 0.0174168224722671
0.0584702505735162 0.353214636557195 -0.0989643395368829 0.0563523874477022
-0.261362948735617 0.21121153163542 -0.181087368183083 0.060648720129231
-0.413306285100878 -0.0611996471070388 -0.0512467015402726 -0.0844296202556329
-0.304403295971389 -0.0348076057885368 0.309517699955997 0.410722479017562
-0.175867466210449 0.127345025731395 0.390180671215374 0.316720402006016
-0.0330604090643194 0.163603736647145 0.480332429627144 0.0350922592651017
0.0766168555056537 0.12520208193884 0.387728862410822 -0.227265888811576
0.100711704221094 0.016478225519446 0.172707256578188 -0.312831128905989
0.0550431946387698 -0.0390936793575596 0.0575996534113667 -0.284638324651104
0.0339359840710908 -0.0844914888509992 -0.00208651419922893 -0.224708432703602
0.00350279428852011 -0.102779620361497 -0.0158329985560169 -0.147106289504874
-0.0124186737250614 -0.130807453875052 -0.032863939850997 -0.0630465796049123
0.0607915203652287 -0.136780771713851 -0.0762697991245361 -0.0355538298567781
0.171260080289523 -0.0794010984724735 -0.0759922534433161 -0.00880707191732964
0.202787227159327 0.152228735966944 -0.00838047390679971 0.0302731209858691
-0.0261524921663578 0.256025757204346 -0.073331878083407 0.149637199878479
-0.208535730568059 0.10889984306486 -0.202573282864928 0.0827523285162304
-0.288181112895319 -0.0685001132299728 0.0454448441695667 -0.0536329453914927
0.0705388085463815 -0.0100499770534813 -0.173976655991107 0.0971172920627138
0.102636523073562 -0.00492816854199865 0.180283608818889 -0.00619222001034411
0.0733966277172346 -0.0807708297702009 0.118896479771341 -0.200733671963931
-0.0291742840063761 -0.0943434219813208 -0.00918980096146768 -0.0904029215897504
-0.0670985408051925 0.00268404318464559 0.0245705580869373 0.00696656612534468
-0.0238643632838246 0.0537345665721892 0.0258007358945056 0.0452668796650381
0.00153662911188876 0.0521860778717494 0.0188175087921235 0.0977873936509214
0.00442816690895204 0.0397342236696227 0.00432722174780734 0.161610425041258
-0.0124233067354678 0.0215703501953739 -0.0125109245105158 0.250172996821175
-0.0148517139180008 -0.0030206229259744 -0.0777507277390526 0.293118649008996
-0.0126268714845897 -0.0329324029105756 -0.173029857355207 0.310721252090809
0.00179284781524645 -0.0528985716233809 -0.33375581770767 0.232949850935536
0.0253219764881868 -0.0668192446593116 -0.45992088303158 0.0251348356059621
0.115665929421231 -0.0341490488959271 -0.419674238040362 -0.28171887769721
0.157400121240778 0.0394897591509268 -0.360712847404887 -0.46912177176277
-0.149701026448627 -0.0250074976188876 -0.167713692275592 0.0905718474917947
-0.081031928366741 0.120327359320962 0.180141300489842 0.00357910967777495
0.0644248346707702 0.118976358277548 0.143923580103616 -0.204505775427654
0.132810588111742 0.00740605297066288 0.00508468498246301 -0.124808382508991
0.0585469358413751 -0.0728279063950096 0.00699378382168044 -0.00297149611082289
0.00421716186464712 -0.0440881172766269 0.0119592436504662 0.0417831979372609
-0.000179863730200496 -0.0403708039592961 0.00843931143899654 0.100913561722972
-0.00194767861388437 -0.0417495182728822 0.00529923776640782 0.161150191230694
-0.0126549355043111 -0.0451228362928607 -0.00136381969461081 0.245658732395976
0.0121928869140005 -0.0423133859452971 -0.0616493488550104 0.28428819587877
0.0353268097433924 -0.0468229205455517 -0.149084150438464 0.316869416098734
0.062001536741549 -0.0147572567667067 -0.310088977573986 0.256744775601089
0.0383594290630374 0.0117735815583716 -0.455520516050965 0.0557657028964988
0.0402880848994634 0.0215193254814341 -0.450311501594973 -0.225948485681662
-0.00401825573543893 0.0127924048623762 -0.414531016985233 -0.43413311186314
-0.334359402927942 -0.042363182977634 -0.120488106057894 0.0982219333026944
-0.231235055734334 0.21870749146544 0.150135734569908 0.0178005467594546
0.0475282139471361 0.284726485522077 0.155465051480477 -0.142925387781281
0.256386422289331 0.103589892682196 0.0751357704735679 -0.123608664699682
0.169787729234987 -0.118296320967566 0.0431771747137077 -0.0472948154419166
0.0410752119763321 -0.12016961038438 0.013035741591931 -0.00857165756713063
0.0053997375557727 -0.121674349811767 -0.0066168048778581 0.0686362299864555
-0.00807404092037256 -0.115733331773784 0.00580990289736773 0.137786338352617
-0.0182766936778956 -0.107574196820213 0.016766003345316 0.225514677276716
0.026515743875588 -0.0856284456654423 -0.0390599701736643 0.270353692967243
0.0731275435570246 -0.0756443541692007 -0.131243445999913 0.325022843355958
0.133307741794964 0.00651428065817064 -0.298920452475224 0.26590114211145
0.0715523562396346 0.0951195867709446 -0.444148736259083 0.0618917284338804
-0.0331445209860905 0.0967081208029766 -0.434692373452232 -0.174874455815463
-0.170777816196646 -0.00220884784492522 -0.415666644103658 -0.371455357635355
-0.452115711173714 -0.062259205460665 -0.0506828578554407 0.132629494543547
-0.3105825154706 0.275815196304264 0.116409923484871 0.0708774732678119
0.0423832181133944 0.37188240126906 0.195123865391553 -0.0342850653056853
0.317768705452233 0.157685087594262 0.191368612792987 -0.112235272619074
0.231897202053456 -0.129359584706651 0.110229747340212 -0.119479175936436
0.0717986326943071 -0.155380635593642 0.0244912652776576 -0.0898783421048676
0.018153475834642 -0.17408078375724 -0.0210960365049723 0.00766877551897014
-0.0115847020015222 -0.170437415494644 0.00311377661178942 0.0897183732237201
-0.0274651951133607 -0.158362416515904 0.0302832919460361 0.185668358766103
0.0283776762621285 -0.132474482699647 -0.0274661314349001 0.244207035896191
0.104752789814997 -0.122414298652012 -0.135919261594663 0.316363277122859
0.219453200033938 0.0129633084381128 -0.299267767929666 0.239450539604978
0.120220640954702 0.185643240222897 -0.40777749918063 0.033985044268028
-0.105564739721199 0.181818357382349 -0.376268722328576 -0.129329677962215
-0.320582659903984 -0.0113365057609277 -0.365156545305396 -0.294742719754279
-0.502042502795846 -0.0780924647010389 0.0323957049558325 0.201893798304292
-0.327203389979753 0.277335362226743 0.127927615682431 0.169889073184307
0.0311649885011245 0.375169404845851 0.287643516529075 0.0621631334014641
0.303471123773887 0.175054405908822 0.313744800938956 -0.127588349276236
0.238765272408905 -0.103070096769858 0.167900687381873 -0.202834269201564
0.0893655912224504 -0.149125818914915 0.0354557666979856 -0.171877614400531
0.0312723113014117 -0.192603870595038 -0.0290074789220539 -0.0649085197062374
-0.0125233660504077 -0.198919395703014 0.000698030711008054 0.025478802443205
-0.0368723690759631 -0.193901521277736 0.0314967887431876 0.1309987598067
0.0269267909711973 -0.178854451198872 -0.0385517640550654 0.200739609942945
0.141368705250404 -0.173896061066235 -0.157912623920718 0.270007842503713
0.309415782960455 0.0245101304983744 -0.282898794709903 0.165141093232449
0.158087881088373 0.281792662740039 -0.325331910823636 -0.00620357405311983
-0.178931467653626 0.251973234270633 -0.285621113760285 -0.0732791866763877
-0.429743166664287 -0.023289461192479 -0.276314622040223 -0.213268357743459
-0.493393820477227 -0.0773650957034781 0.130062198998247 0.290699582992111
-0.301396019601621 0.241213770804587 0.202851925417391 0.266688120806225
0.00594808397633743 0.322539646240568 0.394605544885641 0.0958316405806853
0.236421638677055 0.176387278206577 0.392885421291653 -0.170436133804528
0.209804476699702 -0.0551612653256543 0.190913698574715 -0.270902929826546
0.0933519477259842 -0.117948845694606 0.0431673621939381 -0.235352346348432
0.0397867811285931 -0.18028086222411 -0.0263388251526078 -0.135301088098879
-0.0103068943829604 -0.198039972683024 -0.00282886639900525 -0.0450798319844441
-0.0394951713687305 -0.20612917525552 0.0163381491012262 0.0648591260540782
0.03367581735284 -0.210052055754343 -0.0638856885247467 0.131456340245336
0.18327168947567 -0.197971538328464 -0.170702863676353 0.178939381529353
0.366048061989921 0.0677943869572148 -0.217509584151076 0.0705901828106936
0.143698996271662 0.360417085125015 -0.201243302637002 -0.0106347464765851
-0.244273170168146 0.272402850951002 -0.205510506404647 0.000688610338795508
-0.473382216398937 -0.0383919388853795 -0.164896545763842 -0.137897158561613
-0.429420362522049 -0.0606500125593247 0.234952161469336 0.370544042612479
-0.249852867549945 0.188455437616237 0.310241382733031 0.315787277067258
-0.020839448433564 0.248709209131685 0.468125398463296 0.0721500600146627
0.1535273060094 0.163127453181959 0.411431020264959 -0.213255385217656
0.161542082493593 -0.00916871568402115 0.188155183780736 -0.306954107582894
0.082197694517704 -0.0775811334092475 0.0500712685471285 -0.274720388146453
0.040962952047378 -0.143067989282405 -0.0155913886308091 -0.194461630377958
-0.00391541804480365 -0.166004895748037 -0.00898274815955059 -0.109057452831496
-0.0310958927144801 -0.187685930351942 -0.0091492515653795 -0.0033977590995368
0.0512920325529569 -0.201231142590805 -0.0837750758332275 0.0446075223743751
0.206604189021364 -0.165480772642658 -0.141842034943451 0.0694103326690457
0.336712840140285 0.129848524238053 -0.105479853298545 0.0145346472758035
0.0678180919256971 0.367607477419732 -0.0959943320182999 0.0566542626657714
-0.268979140416123 0.22031826109586 -0.17949619884217 0.0711465460128768
-0.432532508596688 -0.0564039739364057 -0.0521790201541653 -0.0825423393399332
-0.319560812303306 -0.0318413395676319 0.32905508532639 0.419995676384543
-0.180156467600871 0.133554799554306 0.406994964176747 0.317194661225627
-0.0337483626876189 0.171833171139274 0.496190946875563 0.0254045366151998
0.0823793024797494 0.130980679483746 0.392227402936249 -0.242042425180168
0.105028127904498 0.0169324821038747 0.174807135991828 -0.32246250695251
0.058040764287736 -0.0391433335819468 0.0569811770387677 -0.296018755045794
0.0345734496978785 -0.0903482714441522 -0.00417490549517016 -0.235066975278001
0.00358805191050327 -0.108405648201221 -0.0178388653301442 -0.15525848923809
-0.0139201616323844 -0.134271224817128 -0.0329786166882049 -0.0657047977325375
0.0614136005273367 -0.142753142329368 -0.0824282722950195 -0.0342380187966937
0.176231390006705 -0.0852845408213245 -0.0790826909041228 -0.007554223538102
0.216274493574314 0.154452399212052 -0.00555503113069477 0.0261801131701324
-0.0216775431570105 0.269037798517596 -0.0648200585766719 0.153796664544766
-0.215712288230025 0.113556060294228 -0.200655387927416 0.0951787140811151
-0.303719830705636 -0.065005488786938 0.0491583440815227 -0.0512107631995381
0.0715744984135245 -0.015342959575158 -0.179381191085113 0.112799552805283
0.108666033923721 -0.0242666529671489 0.174703265180936 -0.0209530560221723
0.0612081742745287 -0.0977500371846989 0.101563400838833 -0.209451055230948
-0.0465673347471975 -0.0950899805151654 -0.0131627451007786 -0.088741706918376
-0.0681533875809607 0.0106781184474296 0.0281903536822687 0.000312087273494116
-0.017635461391978 0.0576302278756467 0.031113313731433 0.0425265485909023
0.00951643178695855 0.054112110930733 0.0257835144882026 0.0967512530186535
0.0102881223738308 0.041132481058337 0.0184959819011102 0.169458702632989
-0.0105331170253324 0.023836116961891 0.0103553543818115 0.267246655759688
-0.0185622962296122 -0.00356388617734687 -0.0566433172465375 0.320061798138366
-0.0211399294811547 -0.0368153512161486 -0.154341931416312 0.344874838975578
-0.00604865402805608 -0.062834244750087 -0.331205534938574 0.27895060607466
0.0210844688416905 -0.0795043649179387 -0.481636758890885 0.0732545102958052
0.127321007801107 -0.0554906242282712 -0.484010553741399 -0.260514350085755
0.178597884341415 0.0225027262843892 -0.430663539581041 -0.476413519235144
-0.155879870592122 -0.00218224373997056 -0.170709328725459 0.0897750888365424
-0.0628978091342924 0.127075109694282 0.167716932268897 -0.0221440794122467
0.0796518771864904 0.109722672067333 0.110276277784209 -0.219292775575823
0.134162762397746 -0.0136505758825687 -0.0144188769405868 -0.115705847017632
0.0504240001301127 -0.0812374530407164 0.014945821952425 0.00101066266207839
0.00128880358526355 -0.0453393320287725 0.0212444672935973 0.0417939105549855
-0.00585607092256885 -0.0429820711655509 0.0214456672921881 0.106367403166872
-0.0041436972262174 -0.0432203568309385 0.0212735066830174 0.167972340165885
-0.0182382317954009 -0.0452008386247707 0.0212237923307337 0.26139873871668
0.00675436051786605 -0.0473674994832496 -0.0406244430234884 0.310764114078692
0.0274107405243614 -0.0549807873560774 -0.128792986756734 0.349825857181895
0.0612101546873304 -0.0303240297102264 -0.304425455853995 0.302017264317077
0.0418101137024032 0.00117891593550688 -0.476865405690449 0.101732174858385
0.051422458991521 0.00920456990504967 -0.503554087390503 -0.198942480999289
0.00221336095551793 0.00781781606278551 -0.477807218177525 -0.427169160184746
-0.346706865456173 0.00393671239176197 -0.117959638206071 0.0805737960881102
-0.205542607185892 0.24865792019269 0.133324003681024 -0.0146684273891215
0.0859014717503138 0.282397810953971 0.114211816899351 -0.159756277043538
0.277295811046416 0.0682194346531315 0.0475155350349656 -0.113345333728617
0.15898638770853 -0.14345272727236 0.0509960898456005 -0.0411434228020444
0.0315628186095425 -0.128211019708429 0.0208747699602867 -0.00891631451747407
-0.010134931982449 -0.128603869344097 0.00626215621642894 0.0785373245888734
-0.017743028832388 -0.119822932688554 0.0200213542641675 0.141062843421376
-0.0305147545104516 -0.108899484490208 0.0394967973172271 0.236634572478521
0.0173134991140899 -0.0937422394593447 -0.0171191845149394 0.294340578060515
0.0635372426983571 -0.0884216403709043 -0.108966889071085 0.358011482187252
0.137649099967558 -0.0161732775059116 -0.295318689744556 0.311095892822133
0.0859158776479381 0.0849699732466419 -0.467374665270286 0.104162707869541
-0.0208495984345736 0.0952258079507931 -0.476045706284664 -0.14542109410438
-0.17849461388573 0.00828687962618582 -0.463486848514821 -0.353034630268843
-0.469350543359298 -0.00190987475985148 -0.0394679580040799 0.102984578199936
-0.27957615263148 0.316755706034249 0.100936698455275 0.0390662900662485
0.0932932686074802 0.373999260658234 0.158728554947162 -0.0525460545158465
0.349064067935608 0.11474905303225 0.162490812877305 -0.10943525199783
0.222297168258388 -0.163163239201922 0.115395567713038 -0.118554003755903
0.0589794206578022 -0.168105339572935 0.0259629251016328 -0.0918204682358374
-0.00447040339699071 -0.185833298503103 -0.0126656933995747 0.0205461049218147
-0.0269265099072895 -0.17698517795371 0.0134974221647698 0.0903521099450035
-0.0454822321555498 -0.160325636204973 0.0506179531380126 0.192032196813025
0.014139786638879 -0.141586306498898 -0.00677121814917047 0.266571140455146
0.0907605059768219 -0.139079470684229 -0.111983923117609 0.351632196770278
0.227792117558126 -0.0201205154949581 -0.301216972352567 0.28462155658947
0.146667566819268 0.174591778314824 -0.435789461576305 0.0672717356050759
-0.090844584826377 0.193247658588287 -0.400234837008229 -0.105072833820982
-0.340853589425437 0.013697811362443 -0.395576713842101 -0.268941117774492
-0.522135459778753 -0.0119854286049769 0.0556864971266294 0.166010420871909
-0.295107717990088 0.322250786536426 0.123575205285721 0.140756075408908
0.0827499953188256 0.379035795173799 0.266458582347401 0.0364360072848887
0.337894483720903 0.13568600890529 0.287591544715662 -0.139484652093467
0.232235538335397 -0.138606143601133 0.163276331132857 -0.211206598272721
0.077318692554236 -0.164615965391688 0.0296491140553224 -0.176844489523373
0.00634247630521924 -0.206877228003457 -0.0259053106698484 -0.0528210183012084
-0.0312618625261813 -0.206172244433953 0.00548260538631155 0.0224000645851895
-0.0593130668748215 -0.194867956146854 0.0465374489282269 0.133455453334808
0.00707918436843155 -0.188844381189405 -0.0217218035053612 0.222366033475119
0.121985667973407 -0.196716045397666 -0.139404449814679 0.307602936261289
0.324693316837389 -0.0186130462076655 -0.294028686114679 0.206029035806064
0.198267218355218 0.271377067386637 -0.355226305687016 0.0114566871040065
-0.162667339113826 0.277098760690439 -0.289884477184424 -0.0552870057342997
-0.459672376153949 0.0138102407016577 -0.287222663387682 -0.183871673633539
-0.510420008637142 -0.0151314891790459 0.164873013940685 0.252681670800515
-0.273250031136618 0.280083002252309 0.212548390508165 0.236736390996107
0.050305010602021 0.327656527849303 0.385180981090234 0.0573684871038701
0.270748042050467 0.145078259069187 0.366578567842159 -0.197071755400695
0.208711254014306 -0.0855254209962104 0.177682158402194 -0.283479429129173
0.0839835674372121 -0.133033066687341 0.0301486608847062 -0.243023631051569
0.0180709351332495 -0.196573111260908 -0.0321900824009477 -0.127351890356308
-0.028394538738637 -0.20635319600747 -0.00551670096720847 -0.0510248605285053
-0.064151524961191 -0.20735137677863 0.0251069604378723 0.0646580758250077
0.0119062853291359 -0.221378545155938 -0.0560865551809315 0.152098883188313
0.162719816953093 -0.22634854152545 -0.162329746663928 0.213065331125525
0.390933395055168 0.0205796673789786 -0.237156697715869 0.0980392302834706
0.193736300884211 0.357678360085752 -0.223959227428903 -0.0100118333603595
-0.23268868997324 0.308252937612721 -0.190386174424165 0.0178731307486881
-0.511031548162451 0.00389992810350754 -0.158994661004779 -0.108564533818153
-0.442649063499988 -0.0055413135028395 0.280536377741126 0.334983417795354
-0.224890722214576 0.219245397431515 0.333190713378097 0.281465511638771
0.0137047369709694 0.255000775891585 0.466438472796464 0.0236144210784697
0.184519066966259 0.141862032068283 0.383997068557991 -0.248052611771583
0.164652083228594 -0.0336378508210921 0.167612142358865 -0.322824090883017
0.0758226321210856 -0.0902998112044046 0.0326390194774042 -0.285695332991793
0.0230722799505154 -0.157521426170706 -0.0286527124595398 -0.191845500907335
-0.0201363553530613 -0.173380046607909 -0.0180952092207111 -0.116721997465868
-0.0533927043222536 -0.189029445245619 -0.008712179239511 -0.00501225459654714
0.0302654650657217 -0.214435195039179 -0.0858265160669718 0.0624845658951833
0.192284176962523 -0.196111932229581 -0.14436452133767 0.0940332484338281
0.370174050467694 0.0892512696326802 -0.123965551532328 0.0223844969354166
0.113961494693706 0.374710374387289 -0.0983920386545482 0.048946620910346
-0.265015184142339 0.255647860881918 -0.15430172930921 0.0947141999537802
-0.471401488062102 -0.016800397298204 -0.0376022276539195 -0.0586943946751221
-0.325979411134195 0.0077676804691361 0.38014694768579 0.387327764508515
-0.159707515544428 0.153005280233415 0.437577218721107 0.277853746935749
-0.00946896760386508 0.176839162472393 0.496279373421963 -0.0266827041592311
0.106165506473273 0.117681817247207 0.366480484673778 -0.279593172915229
0.109270248998185 -0.00106041094576188 0.150343783668728 -0.340515835517761
0.0530295514674439 -0.0473653203612056 0.0356700837051723 -0.308511894731948
0.0224620997656735 -0.101429509933048 -0.0240653633172776 -0.237224733623392
-0.00686108020718122 -0.11455382923289 -0.03192476866596 -0.163586499325529
-0.0295963401794768 -0.135848972927765 -0.0403326900456092 -0.0672624025059013
0.0472924856534773 -0.155794928409902 -0.0927201711500707 -0.0219154197332233
0.170545986452987 -0.110731993910711 -0.0864631312934311 0.00346150133892137
0.245930710775814 0.130990453371212 -0.0119531298801944 0.0214218818314755
0.0082090672113439 0.28325559332384 -0.0479168439977061 0.15278093906818
-0.218870760036078 0.136444175404133 -0.180785199269114 0.127210331305908
-0.334230250468356 -0.0375919564632448 0.0661215019436453 -0.0378163189218851
0.0735289692150647 -0.0209204285381231 -0.184243381434235 0.12286274148781
0.112172657303487 -0.0371436346807156 0.167008801303316 -0.0374107789348721
0.0556490727493948 -0.107338244013754 0.0809978369528923 -0.220509198548858
-0.0580085463096546 -0.0954815710756893 -0.0227895914344553 -0.0855287226702689
-0.0701492300510018 0.0155666622936208 0.0309025079457545 -0.00207577304071788
-0.0145407581210585 0.0609823556386922 0.0382524494752029 0.0393899788045731
0.0138702077812999 0.0555936794485954 0.0333573858967763 0.0972668993247336
0.0144300317482931 0.040751841709639 0.0277059930284305 0.175136680539178
-0.00987372120316288 0.026351435479005 0.0287586743002173 0.276563563216976
-0.0202725100708104 -0.00367395516818335 -0.0377880617576544 0.334419692928407
-0.0261321131899154 -0.0367787224564623 -0.137082218055171 0.362851804990912
-0.0102646405489593 -0.0649114069944408 -0.320432739908026 0.305879987597173
0.0173447019597288 -0.0815353293347035 -0.486182801533681 0.105509160130656
0.12687288623666 -0.0677024385196371 -0.513793961845127 -0.232444941997674
0.185447983925338 0.0102928327803688 -0.481480206840704 -0.460640112367193
-0.162568625915282 0.00899471809773284 -0.176972696034313 0.098002378494713
-0.0557809275699177 0.13213992280899 0.160297472856447 -0.038442067863464
0.090194870230434 0.106938189249299 0.0889744595885533 -0.232541061991385
0.137106249711881 -0.0243191623025445 -0.026844812688484 -0.113502005844459
0.0462004750030232 -0.0883741563689016 0.0171861796229393 -0.000890238522498714
-0.000686365151126862 -0.0473766732286714 0.0267504309916875 0.0402505814830543
-0.00877364991844453 -0.0441247412313254 0.0297144384176335 0.106875444010567
-0.00668443616604353 -0.0456712583294036 0.0310380908368331 0.172917109918037
-0.0203417570744281 -0.0453455847730307 0.0392261233956605 0.269935216865081
0.00440450306437225 -0.0507413098796251 -0.0218210760420406 0.323824363660445
0.0243209779696706 -0.0588636493055579 -0.109948161728182 0.366949253193965
0.0616600623820069 -0.0345378280626805 -0.290570009028334 0.326709989023094
0.0435613493659241 0.000151105129576994 -0.479867990346337 0.135997637757894
0.0507020570185747 0.00349200862200139 -0.529902577942925 -0.166341701786511
0.0024013837283406 0.0079517196513018 -0.524048822114657 -0.406094442686897
-0.361212382266817 0.028683926046544 -0.121936891355589 0.0847443994168747
-0.195185852382931 0.267395919654005 0.124860851209623 -0.0281680243406258
0.107507974833179 0.286404813160947 0.0985878612115361 -0.172150480359423
0.29203696283382 0.0512553306990289 0.036894818950273 -0.116566593768933
0.15362791611536 -0.159298416277257 0.0524841605635019 -0.0462951480151339
0.0252508466878991 -0.134928476693082 0.0218633351165889 -0.012141154738072
-0.0193355800278667 -0.133965689506854 0.0122027119099078 0.0798070229505477
-0.0263622436570354 -0.125107117910716 0.0282780910606128 0.145513121550201
-0.0371055687168263 -0.111125123619207 0.0565782924159204 0.241157654184825
0.01339691076062 -0.0989749668157378 0.000484171192643636 0.305463204253971
0.0606683165602899 -0.0947701561285668 -0.087501504023356 0.373185651767315
0.143056565458776 -0.0250054535905055 -0.280319257792822 0.337105954293728
0.0941193059967181 0.0835593427874064 -0.471369498033588 0.137416208797957
-0.0188281528441058 0.0965355394448667 -0.498392543919908 -0.113502498211585
-0.185956697336895 0.0204098569052156 -0.504820522194166 -0.329207619711452
-0.488162246746315 0.0300822100384602 -0.0375753045953241 0.10388378522667
-0.268324410944348 0.343754675708281 0.0965288702382973 0.0299761257792778
0.120304994563691 0.381675931052021 0.154265408654727 -0.0652032189495165
0.369945697423846 0.0958758720488438 0.155895649194109 -0.121447544810693
0.217736551535861 -0.182879766020096 0.112666602100031 -0.131274645818947
0.0523237041630711 -0.178413608142297 0.021313983777515 -0.098548178215194
-0.0170249440980339 -0.193520701900261 -0.0107526941157854 0.0206537638666318
-0.0400137802865177 -0.183933014625072 0.0184528093110705 0.0922307757956129
-0.0553347539276997 -0.163691330313778 0.0653196457032128 0.193453251100503
0.00763600554051467 -0.146937081210987 0.00947809564196569 0.275844449097238
0.0856370292391114 -0.14854115909145 -0.0905252157855452 0.367756916999258
0.236032018632521 -0.0358606899476074 -0.288546288191259 0.310343642810781
0.162922376183623 0.171583156864325 -0.44303972489214 0.0981499155840075
-0.0849492989438443 0.203082605005717 -0.415475661086244 -0.0759666073405822
-0.353462438933664 0.0373983901959489 -0.428589367621394 -0.247160619104115
-0.544743407897098 0.0222223912488784 0.0661670187565292 0.162988382134459
-0.285763233281314 0.349046040992576 0.127333051299522 0.133719365588773
0.108604477360799 0.387882282297095 0.271746946897203 0.018488966294326
0.361257035126872 0.118807656031808 0.2815503147042 -0.162059072188462
0.232572610013016 -0.157159487874829 0.156196322058796 -0.229255524432591
0.0729166370067643 -0.174925594338207 0.0185760467173172 -0.187407364977161
-0.00658692511508093 -0.216753544884737 -0.0305011802066186 -0.054039556153244
-0.0462174898459398 -0.214544352641137 0.00532047021336864 0.0213240251807095
-0.0724606784605277 -0.198673095487253 0.0581776473913336 0.131813087327066
-0.00307271901286006 -0.195679097562243 -0.00762446593564134 0.231391147116652
0.113734832762423 -0.209549075839907 -0.120841970709358 0.325108213327051
0.335902413708574 -0.041832225395042 -0.288383040083118 0.228944896015354
0.223715003925345 0.268701293203069 -0.364297604500899 0.033595149154982
-0.15449323030959 0.295365106300176 -0.297147984680957 -0.0338282331489111
-0.47798948929692 0.0471159961079377 -0.307846435576701 -0.166172588178762
-0.534554882585132 0.0195467720473656 0.186569020236797 0.2468346442791
-0.265982333374078 0.305966924054336 0.229500414449086 0.22577695654437
0.0712727870728266 0.338130563624566 0.397826116692669 0.0314906802631253
0.29146824156984 0.134710869064624 0.358889658328857 -0.227355434776863
0.211286067892109 -0.101563950725755 0.165209049479793 -0.304196223002876
0.0827324943675974 -0.142097593678988 0.0145578970855466 -0.255004232031878
0.0051277290487767 -0.20617864048262 -0.040859904304888 -0.130133713037656
-0.0438204151582413 -0.214603279073409 -0.0103209883495345 -0.0552894190915848
-0.078249899167804 -0.210655299483134 0.0305611015219772 0.0623165443611577
-0.00160537999910902 -0.230037063469733 -0.0476747731442596 0.162608359431841
0.153546216824275 -0.244579138754037 -0.15199649530659 0.230755581515457
0.408055183536795 -0.00708087925227588 -0.238310233035006 0.111991263662284
0.225355013726033 0.357475639721727 -0.229138121852275 0.00124900612149096
-0.224269512200265 0.332027444386549 -0.187537153981519 0.0350637318569924
-0.531130954061451 0.041677137759773 -0.170798929413674 -0.0972464511567696
-0.462919748114543 0.0245475339277658 0.313419022962903 0.323848953685313
-0.219951425685182 0.240392553028605 0.359170467594419 0.263888330753506
0.028816439760118 0.265133034194696 0.477598845976698 -0.00938957693037035
0.202433892559928 0.138408944438393 0.373905608417377 -0.280673693024598
0.169476567325151 -0.0439479221524356 0.151443088490097 -0.342034123854746
0.0758871132388974 -0.0966283248550257 0.0152500014382491 -0.298339846510652
0.0132057570138593 -0.166206976715041 -0.0424680842802042 -0.197472416027958
-0.0316679032426708 -0.181227275349406 -0.026785411324584 -0.122781474171555
-0.0658379501484204 -0.192436152394686 -0.0086767572454136 -0.00686434555449316
0.0177538962873624 -0.223824140937257 -0.0846107752785932 0.0730984510401174
0.184453305807117 -0.215291501747632 -0.142194465696231 0.106212871931709
0.392347458487142 0.0651211758879396 -0.125662653626204 0.0258703265060671
0.146416040785255 0.38269581942912 -0.093606015926532 0.0527916170402368
-0.261317776592344 0.282549503762816 -0.143031065540285 0.112641562625132
-0.491073204358435 0.0188374186850872 -0.0383302115441948 -0.0528852260258994
-0.340151491431711 0.0325734572477535 0.422577099214935 0.371918404643101
-0.155791681626087 0.168031503648073 0.467763875483822 0.25213575907207
0.000329267022141502 0.185895181778672 0.506272040929631 -0.064300942823359
0.119097475653117 0.118036385073301 0.352286489793588 -0.311884415633415
0.113376378412042 -0.00655760816163701 0.133296257404119 -0.356823180844355
0.0532536696271894 -0.0513956840103646 0.0179366945269394 -0.32192795476872
0.016097739851213 -0.10626527096408 -0.0394918874496394 -0.245813296667004
-0.0147619104834032 -0.119949845720957 -0.0438956954532761 -0.169737007447559
-0.03863050279592 -0.13853957339466 -0.0445472962112449 -0.0677726960921475
0.0391921240834099 -0.164991804884575 -0.0988928304697021 -0.013124392655492
0.169078913662249 -0.126741702645178 -0.0895601742432407 0.00817738740739341
0.267283742010758 0.118284224472858 -0.0093326227287174 0.0148854480813366
0.0299658087665964 0.294258127654522 -0.0327427630555357 0.156341205846928
-0.221967099093021 0.155136578303663 -0.167397507739011 0.149544822426326
-0.350527958038037 -0.0126957497550923 0.0700878669536027 -0.0379739445890226
0.0727256794933908 -0.0253167509417201 -0.183252335244038 0.130956162659164
0.111192716733978 -0.0485551985659886 0.152742884029652 -0.052458995409302
0.0471137898903134 -0.113791351336747 0.0553674669981307 -0.222818058980764
-0.0683315561608387 -0.0924039641804405 -0.0318691685862174 -0.0782548672277872
-0.0707111005506342 0.0198348811988876 0.0320266086063098 -0.00438993434848318
-0.009655686954459 0.0621747456957794 0.0429820177090589 0.0335302577791524
0.0169184564772675 0.0549896515801364 0.0402976517392027 0.0950551493258062
0.0179906591132036 0.0390628883732127 0.038659006743464 0.175687372938937
-0.00771756813343672 0.0275687419937975 0.0478046812259383 0.276091379799452
-0.0223720096327812 -0.00259590133051142 -0.0146668309824197 0.339058123015099
-0.0304381569795528 -0.03606642184253 -0.112388813824096 0.371025395761518
-0.0145973589664725 -0.0659411815150225 -0.295919576849683 0.324774507935599
0.0125128694859811 -0.0815400895375532 -0.474083290314196 0.13761735193993
0.121567126430701 -0.0772944873032228 -0.529793768429833 -0.194744984087618
0.185696338438774 -0.00363770736694297 -0.519268080178895 -0.425206778929529
-0.164235693244832 0.0228027712082045 -0.176626498768999 0.104983065195384
-0.0452979276808919 0.133530430451509 0.144979869407661 -0.0536818276054707
0.0971984530760684 0.100255294940632 0.0624003884348612 -0.237469280759889
0.13398735279204 -0.0352681724253242 -0.039376848300742 -0.105785238003015
0.0382954387465642 -0.0925728765014613 0.0191049486545773 -0.0023230392500327
-0.00372894513319538 -0.0476346049558422 0.0315069173245778 0.0358133223112437
-0.0125743705042788 -0.043869142999653 0.0365679908022158 0.103849490790993
-0.0103003399488852 -0.0473988803062103 0.0415532233024366 0.172419501956307
-0.0228913871846838 -0.044515837831673 0.058971296915554 0.268185405956216
0.00128143706880761 -0.0515297025147784 8.31611407991025E-05 0.327474432823389
0.0206395025624215 -0.0608288609684215 -0.0850462961020001 0.371967938890019
0.0603975038846153 -0.0389294141569513 -0.266059617939673 0.343022411768332
0.0440066673483474 -0.000677707338824773 -0.467400038976245 0.168256845560756
0.0484226822663062 -0.00238082060728131 -0.539745081128099 -0.12510177428864
0.00062226260356027 0.00745061452726022 -0.559522700463504 -0.366225926494271
-0.363410872439689 0.0566159364752716 -0.121939636019303 0.0885191655044398
-0.177557424698458 0.280086848770903 0.110599459860605 -0.0408454460399622
0.127557073190759 0.279918465323618 0.0774191640692444 -0.17843790804748
0.297133020358739 0.0287887115907683 0.023599996359038 -0.114476038186832
0.141861425194014 -0.170842838143057 0.050833221181336 -0.0511908594333507
0.0172008365661224 -0.137566007708482 0.0214292929838014 -0.0159507329875679
-0.0295178561935839 -0.133734539889964 0.017653720221923 0.0778322641886075
-0.0363968841382279 -0.1260176307141 0.0364908742517494 0.143802048949202
-0.0438498545879185 -0.109939183981025 0.0735630885345729 0.237449007615226
0.00840972519748773 -0.100894171435519 0.0215124270284661 0.306261260698262
0.0554488119274507 -0.098773613331258 -0.0615402708492576 0.377391586481349
0.142914168069685 -0.0348132128608313 -0.254290958915375 0.352987301789483
0.100150708984938 0.0791032325345505 -0.458461091182838 0.171080303484253
-0.0168443615348867 0.0963167716516046 -0.502041888318906 -0.0747889106611288
-0.187374347684909 0.0338264094946802 -0.532936679586226 -0.291358451672769
-0.493574432374474 0.0674416843215378 -0.0345615239413435 0.100644966321947
-0.246890605434801 0.361995757104613 0.0879647600071718 0.0201812902120078
0.147894471174662 0.375805150103807 0.141702981006843 -0.0761291905562799
0.38094104517222 0.0699834496409354 0.142599751067568 -0.129765320115006
0.204843070935838 -0.198540816511516 0.104196747232411 -0.141134034954684
0.0419404493126361 -0.183071438928922 0.0134606753690801 -0.102919295974137
-0.0313481413605774 -0.194894480005009 -0.00947545734000081 0.0199488732623856
-0.0543711663235954 -0.185319640799244 0.0230699236123835 0.0911844759421583
-0.0652720566616063 -0.161396977424333 0.0791605048511396 0.186969459620456
-0.000468686374651726 -0.148848850977277 0.028562414989996 0.276492846763571
0.0775131338779006 -0.153380094245232 -0.0635017760620197 0.372421814500453
0.236580131212731 -0.0527995442460649 -0.265173253743136 0.327040119627366
0.175993187100789 0.161872434042978 -0.434616407861848 0.129869506109848
-0.0765892409845491 0.207692011038086 -0.416862629335791 -0.0436521177740189
-0.354488104812041 0.0638558474083104 -0.449178208630158 -0.213966152280346
-0.550051044003179 0.063571167786271 0.0760548637204108 0.154425297702685
-0.26488975631572 0.369735288365388 0.128200117095539 0.12331992609212
0.135765064470108 0.384124835415785 0.267749691137001 -0.00135044268152102
0.373664651624474 0.0946117742860309 0.265104199909872 -0.180830515260621
0.221736239339397 -0.17377818341584 0.140292831834397 -0.241482685929677
0.0642475192133318 -0.181447756626129 0.00399960366483908 -0.190528334675952
-0.0218573434038729 -0.218855364428326 -0.0338985519328942 -0.0531087767198839
-0.0628907726667041 -0.215988256183129 0.00548641237541932 0.0201886502164099
-0.0846047941394808 -0.195454190123746 0.0675078895440195 0.124661764468174
-0.0142253508986696 -0.195437086754845 0.00861238998165871 0.23381634249881
0.100665728598893 -0.217353580781671 -0.097723317894983 0.33364100099885
0.336614474682898 -0.0667754700169013 -0.2716254768565 0.246392936987584
0.245428556780967 0.255064822866937 -0.361490005726375 0.0590208748442067
-0.140267930235472 0.306709794533254 -0.29325179918087 -0.0099673656501817
-0.477648514309096 0.0848323860504737 -0.320247579936456 -0.14063768151738
-0.540531984814703 0.0585986354510464 0.204868412924254 0.231280330568059
-0.248238340287149 0.325285366232182 0.239809852195887 0.208041110034668
0.0945598472074124 0.337492816968132 0.396819490127331 0.000821600057000112
0.304885827474294 0.116870992535425 0.337774218035341 -0.252357883556437
0.207055235950971 -0.11525392567775 0.144090110323248 -0.317150996132543
0.076684105137576 -0.148104017303406 -0.00373915225573959 -0.258547132462369
-0.00985997636801813 -0.208497270738607 -0.0494691403196748 -0.129791546127929
-0.0604874421325764 -0.21664991044287 -0.0156319427465398 -0.0568640958838811
-0.0911710568760967 -0.207245964754748 0.0356689592124263 0.0567436370998069
-0.0158426586768828 -0.230742335540701 -0.0361735677664548 0.168507346098971
0.136570822811891 -0.255304833901181 -0.135292317062157 0.241521618070652
0.411716290357476 -0.0390217642191853 -0.231019663358344 0.124880113576442
0.254505803279551 0.34479590562052 -0.228257603167765 0.0154858126625234
-0.20544171874012 0.349663127993424 -0.176669569160485 0.0504163394736897
-0.532936253094226 0.083533808717014 -0.174923506702536 -0.0803477687233355
-0.467704376547087 0.0604209109085826 0.338203963632386 0.300520272576858
-0.20724002967398 0.255447422125897 0.373128624279049 0.236928464430493
0.0465415316076704 0.266929953712253 0.473615871085673 -0.0461331675961004
0.216736235948645 0.128031272899086 0.347938213543648 -0.306805991399422
0.169105936296647 -0.0544951981557314 0.128717665674884 -0.352090112570478
0.0733095138708264 -0.101248823127377 -0.0055585389531723 -0.301518952118682
0.00069450301817036 -0.169198772218488 -0.055689230390909 -0.197732889617943
-0.0462115966604581 -0.182699364354018 -0.0368423402919289 -0.1240777164078
-0.0784663605242944 -0.187974099283001 -0.00805102856004456 -0.00884091664319134
0.00251250578326434 -0.226606570455508 -0.0801751692751946 0.0826613162477566
0.170378619972533 -0.229841406127812 -0.1348852629044 0.116199012836909
0.40170801570327 0.0344321997918755 -0.12560333682271 0.0287601707831655
0.177096535501989 0.374970498128235 -0.0874418327161448 0.0552275050726009
-0.246570561283393 0.301612666578037 -0.125395260447354 0.127025542708018
-0.493930202720924 0.0584773704807609 -0.0385236895989214 -0.0456843856602029
-0.342828396997536 0.0592975776523108 0.451412426059915 0.340966818890099
-0.1471116558505 0.178806802558427 0.482592093382134 0.214530638130078
0.0127239541734285 0.188173241138438 0.497099569123012 -0.103273990177929
0.131295426526312 0.112855904981331 0.325466523325842 -0.334387184377078
0.113748608572035 -0.0131374701523022 0.11035994402469 -0.363608144489588
0.0523669618857596 -0.0533288644547232 -0.00314508319400708 -0.326534965913983
0.00766955483320587 -0.108549077274756 -0.0558403415199619 -0.246693962634196
-0.0236859358112387 -0.122142952571787 -0.0563891501934829 -0.170649775567857
-0.0477849733027144 -0.136153020056198 -0.0482460025028848 -0.066313563753608
0.027594348416806 -0.168384862723761 -0.100683193301977 -0.00209027467412427
0.160668202091203 -0.139929830042133 -0.0895257809834978 0.0134101053043075
0.280536028848527 0.0967399052513859 -0.00861635483022182 0.0088853470571893
0.0535157385218314 0.296224027958426 -0.0146220400877462 0.153917191988266
-0.215446009464195 0.171842494716541 -0.145881528595889 0.167110442808783
-0.355923315074614 0.0167622292676589 0.0727771834631174 -0.0385566889906207
0.0703382353970172 -0.0281235814372707 -0.181597279555786 0.13336807668777
0.107740489561048 -0.058109714673281 0.13462827062849 -0.0612029860646053
0.0390974269420651 -0.116052733961478 0.0340592431979333 -0.217758555871536
-0.0757971140747685 -0.0870038909768 -0.0370003600501045 -0.0687959205629443
-0.0704495159425761 0.0229575608979668 0.0324326950811564 -0.00599367943319104
-0.00664040148137675 0.0622129813911347 0.0460120798239001 0.0276562130209387
0.0197324363252934 0.0534215973642839 0.0431120007992655 0.0910099082672302
0.0202027612458482 0.0368341424465886 0.0451964580660885 0.172699104691033
-0.00581130708651755 0.0281008300748866 0.060727432829532 0.269666366303341
-0.023344462355075 -0.00194288130210079 0.00238809779833922 0.335399197548849
-0.0334385442121578 -0.0347019414072568 -0.0941287918159608 0.367333067590454
-0.0173734233418206 -0.0650110587073592 -0.273954506691181 0.33084643029378
0.00974450425103706 -0.079329057389322 -0.453561943850398 0.156240322391552
0.113935295668401 -0.0828444355169313 -0.527748135519711 -0.160454877702038
0.18115327587307 -0.0130504494663586 -0.535577360654578 -0.387703098614578
-0.16236500930462 0.0332866595093808 -0.175857017750601 0.107977463070563
-0.0377258867911794 0.131246571769278 0.126723949470556 -0.0627312708888362
0.101437277373164 0.0927579223735149 0.0386024277671147 -0.233606581214815
0.129163823064068 -0.0424465846418815 -0.0470421724226288 -0.0960241389851511
0.0310595121872725 -0.0935258104767108 0.0206954010869403 -0.003665558052152
-0.00545030086359541 -0.0465047764615839 0.033882966264131 0.0304273799415597
-0.0144687724344062 -0.0429116867327862 0.0399756128377764 0.0994214741677081
-0.0120552094706512 -0.0477996992377527 0.0469254874818135 0.169129823865433
-0.0241227445030427 -0.0425315837435529 0.0699150362687764 0.260600796331032
-0.00111595418049652 -0.051657378584076 0.0156916316179494 0.322382603159202
0.0173231117398061 -0.0611507855179455 -0.0661480812424575 0.366981205511966
0.0581738942911694 -0.0418851137253849 -0.241870922425093 0.347036867540117
0.0438716364543569 -0.00142561053667675 -0.446497160008562 0.188544506345087
0.0441140875765009 -0.00593092356639225 -0.534422089003124 -0.0921933535837341
-0.000435718383053972 0.00733832330133944 -0.572390109545694 -0.329301026518164
-0.357749684131676 0.077728041624763 -0.121679011880803 0.087979729485092
-0.1614813362176 0.283126402806895 0.0948080360514418 -0.0479900971882125
0.14098404524697 0.269518032345278 0.0575206605920542 -0.176852964483979
0.294234390097036 0.0126119849344402 0.0139277577636887 -0.108461382010329
0.129347749412789 -0.175828738584932 0.0482756746978567 -0.0542862452888187
0.0109894985630106 -0.136997555163175 0.0201527598521539 -0.0187850863080783
-0.0362787702779873 -0.13108749859182 0.0203390072253834 0.0746360036332765
-0.0432353427840256 -0.125125568181119 0.041372219328333 0.140982577215831
-0.0472376907390656 -0.107254347318996 0.0840998997879 0.228817333455381
0.00522696547599302 -0.100389307920366 0.0353812572162951 0.300507795263813
0.0512606862308817 -0.0996403349142174 -0.0422965436188592 0.371072688254565
0.140232306341909 -0.0418166292261597 -0.230890835310281 0.354769718523622
0.102219552297389 0.0745638130000538 -0.439128399235802 0.190370430986359
-0.0164400452980663 0.0937473201414561 -0.493500537427726 -0.043994319578711
-0.184588331285479 0.0440873292003192 -0.540400988082924 -0.255760465231406
-0.485335513693814 0.0954840782897064 -0.0340260685659022 0.096245015999279
-0.227077917213474 0.368262178432697 0.0761267509186482 0.0138783448035027
0.164610202429827 0.363391641528649 0.127189466690758 -0.0804063993572995
0.380031587791409 0.0487454169695794 0.129353489625596 -0.130118109281527
0.191098744102688 -0.205385491956199 0.0957801736886133 -0.146034164270245
0.034411998011693 -0.183663884626655 0.00681928235794957 -0.103261627085988
-0.0408561314988422 -0.19203111003369 -0.00951570102164269 0.0191715062650279
-0.0642034673757079 -0.182840643780745 0.025130465459599 0.0879784806827068
-0.0709892727121164 -0.157489623735541 0.0867473590343944 0.1780170791759
-0.00509329995546717 -0.14676253237876 0.0422188134420221 0.271035596829662
0.0706854640145645 -0.154548306749637 -0.0444124184393846 0.367565666412358
0.231486592941213 -0.063357762409041 -0.243151228808424 0.331904692675682
0.181911250297008 0.152369555393698 -0.418109956297908 0.14991207294012
-0.0699103645656657 0.207505456061187 -0.406812652676804 -0.0189153565332763
-0.348680225222879 0.0822867237605517 -0.453825523434742 -0.183572041693154
-0.543383229453873 0.0936392093396566 0.0793407766630319 0.143901573888344
-0.245174453257001 0.37660583731128 0.123490992308174 0.112540278881821
0.152771546187173 0.37381591580861 0.25613394985356 -0.0157427477153005
0.375027136126409 0.0747779497485115 0.247459607588507 -0.187926949258879
0.210731850128905 -0.1814405491596 0.125733908735322 -0.246098067665708
0.0575697508307903 -0.182972096348049 -0.0074891940476626 -0.190051840267075
-0.0323539395164964 -0.216338984373448 -0.0368898624242615 -0.0526691657177491
-0.0742915617750378 -0.212850196133918 0.00501892208470362 0.0186115591898125
-0.0912041079857292 -0.190156593319807 0.0718116456544608 0.116411416904216
-0.0217570431385533 -0.192521147333945 0.0203162278035429 0.23065427941376
0.0895188224177575 -0.217669634342379 -0.077904754011425 0.331442338619707
0.329715311282028 -0.0855967302212355 -0.25590080078778 0.253387992144586
0.255550929088183 0.240109404113416 -0.351383582598928 0.0757576912772289
-0.127406396032876 0.309340697802072 -0.281641833610325 0.00818350308082172
-0.469146190176734 0.109801510146853 -0.321670599267706 -0.117410294568395
-0.533911660071416 0.0890715026939052 0.211982242559459 0.21367333778779
-0.231422755232494 0.331362248706368 0.238859441555818 0.190467879009474
0.108442782970118 0.330034104364094 0.384216506228229 -0.0201181802730197
0.309101581753783 0.101318121873446 0.314752836353096 -0.261788528819444
0.200335699364426 -0.122433839029949 0.126281018760278 -0.319180367630062
0.0717199516185432 -0.150268119584617 -0.0177882371142269 -0.255448901800414
-0.0199366262173691 -0.206568627206048 -0.0559228636601941 -0.126991552710151
-0.0721494399944744 -0.213029094756364 -0.0201698155798745 -0.0567585047041772
-0.0985110121482911 -0.200737840102451 0.0365776012423424 0.0511706834510912
-0.0260786294107206 -0.225594503352263 -0.0258975586736776 0.169495312844239
0.123028195274186 -0.257304961707531 -0.120303392263441 0.24314942671066
0.40588250531166 -0.0631394380576763 -0.223155233026232 0.130963359208877
0.271124004243969 0.326915706757231 -0.222987620278272 0.0244061276734435
-0.190370170601304 0.355557751966143 -0.162499084891231 0.0611717523502489
-0.522925465712632 0.112890518141093 -0.172840242572333 -0.066802428743517
-0.463108846990357 0.087489077036308 0.350022121228093 0.275764276453071
-0.194618137143387 0.261893443312344 0.373517349598349 0.210204750286545
0.0577184817416143 0.263366156024405 0.456638828645946 -0.0722319358800802
0.223136055983452 0.116465260997077 0.321099722309782 -0.31547883419671
0.166650268993517 -0.0604198680243915 0.110403189376165 -0.350726141093398
0.0704599754739608 -0.10238453157064 -0.0199368741979168 -0.298453729596345
-0.00803552321442057 -0.167516031680237 -0.0648182090293663 -0.193987822886312
-0.0564068129913773 -0.180589449966878 -0.0440366587401418 -0.123616412669815
-0.0855085519383593 -0.182437864727476 -0.0083413836847598 -0.011256293877208
-0.00834346567981249 -0.222938690121414 -0.0742725451972357 0.0880657774286111
0.155411042891864 -0.235273973771443 -0.127268140592235 0.121529844762607
0.399585992006786 0.00978463301687747 -0.124366902986712 0.0288748739724227
0.196010174982328 0.360973139118297 -0.0794857479326326 0.0547220878865771
-0.232699099983321 0.311496806410121 -0.106651618900342 0.133029327362975
-0.486907576468887 0.0861827083081892 -0.0352705707456055 -0.0382630923228865
-0.338220174070662 0.0803658127524272 0.464921376037047 0.310474870429048
-0.138036562392429 0.184191132836666 0.480062798261225 0.183209104359487
0.0213848637245924 0.187639817524381 0.476861832725481 -0.129302965795201
0.137912781370296 0.105858813269832 0.298529773539299 -0.340781733188044
0.112770623878169 -0.0163811379819979 0.0915161188707214 -0.36004997182969
0.0516574427330248 -0.0532132021124953 -0.0190710373574901 -0.322643122615285
0.00163778670107021 -0.107612818047244 -0.0670557949569839 -0.242731106685332
-0.0306627045019391 -0.121175293998134 -0.0647156378778344 -0.168235310916332
-0.0534787017633698 -0.131993818127016 -0.0499068215655862 -0.0641895774332283
0.0188048695917251 -0.167794503177312 -0.0985905413976017 0.00695609905354036
0.151688868146171 -0.147185160787364 -0.0889634998279528 0.0168803245354546
0.284019859546135 0.0779430825990765 -0.00942287626860711 0.0025163024469272
0.0707240946422781 0.289988117420021 -0.000780660251113704 0.147206404415129
-0.207151664068246 0.181198858377299 -0.123778315511078 0.174069782317201
-0.352015408391117 0.0383539299872251 0.0749336446265309 -0.0376357427416982
0.0692579999637145 -0.0286176895707091 -0.184282961277684 0.133287851579268
0.106195900276718 -0.0640919525843666 0.118842487481954 -0.0646122250757165
0.0337105102045068 -0.117857629993128 0.0180986350285101 -0.210666218842462
-0.0812127944295478 -0.0842041150895109 -0.0390974386988698 -0.0600976985869617
-0.0712925538737559 0.0239259900266192 0.0335263418041999 -0.00655579708042668
-0.00482301332884682 0.0609913988971338 0.0468667751148702 0.0225346124627423
0.0216791797505793 0.0528726937746377 0.0437473341148335 0.0883826513143746
0.0204294330589461 0.0351597369701286 0.0462135060368899 0.17328604675545
-0.00490292690781714 0.0286408688126233 0.0659093548933863 0.266089273511975
-0.024680697261015 -0.00207069011054568 0.00945702167427898 0.333064715405069
-0.0358030054559897 -0.0335313818641938 -0.0848133819123695 0.364218708902358
-0.0190816293408722 -0.0648503391008801 -0.25947033305408 0.330051309520663
0.00903143335345537 -0.077112894283594 -0.439493954782519 0.163015257927762
0.109011025009144 -0.0848989011772145 -0.524050426705243 -0.142314445217963
0.178310723715931 -0.0172575970413916 -0.544246376507562 -0.368074258080503
-0.160289537346448 0.0394357200003064 -0.1786492280958 0.106876030489763
-0.0339974454928929 0.128400206653432 0.110749677197656 -0.0663528743732126
0.102644881532096 0.0881562826702733 0.0218537035858987 -0.227147972285551
0.124656692601042 -0.0455668633223565 -0.050620973130165 -0.0867094497043961
0.0259983050869057 -0.0934630146140168 0.0214992223914234 -0.00415723199023945
-0.0061994910141774 -0.0463539772056454 0.0342680295862156 0.0269752546768067
-0.0155392496625478 -0.0420536674351978 0.0410437728193043 0.0966953693822524
-0.0143812174337616 -0.0490237468966792 0.0480089020585637 0.168653321016
-0.0233004389048392 -0.0422827080264959 0.0754082085712115 0.257014968726923
-0.00205684670325082 -0.0516793587981639 0.022640673670101 0.319919148631269
0.0155732288011109 -0.0610524693595968 -0.0577191528310829 0.362981262356851
0.0571190856786723 -0.0430341914314837 -0.22937974964888 0.343906533571375
0.0442834633205702 -0.00124349903197719 -0.432739743609411 0.19504336707643
0.0399666098859842 -0.00749299718774847 -0.526973903034931 -0.0747422005592091
-0.00174262102929536 0.00780548276806486 -0.577347856323681 -0.30715222053212
-0.353588405717987 0.0892497391124708 -0.125067815175015 0.0856838475946971
-0.153686363013112 0.283433199390138 0.0799674574273246 -0.0503683022347019
0.147421482588953 0.263393825202008 0.0419625886346652 -0.173427398312669
0.292573665524772 0.00452859881933749 0.00794701352069532 -0.101475408655168
0.122120578883733 -0.177402348510224 0.0473445042510096 -0.0556474995950389
0.00813696753352992 -0.136699891825911 0.018620211164892 -0.0209605859699063
-0.0394786758893914 -0.129823557029862 0.0203479891494038 0.0724704109258558
-0.0473530251586113 -0.125195492459743 0.0417529973718865 0.140272664855445
-0.0480802167901065 -0.106056884013042 0.0874815962639104 0.223958106887466
0.00410882002129226 -0.100074040845046 0.0425915905758654 0.297548673600974
0.0500438055402627 -0.0999824436133205 -0.0334964794896904 0.365560357995891
0.138517469156276 -0.0445939774968596 -0.217595264834036 0.35247583658773
0.103223176395339 0.0724829133932466 -0.425126890797146 0.199682623345135
-0.0185988945839298 0.0925093885400409 -0.485877731832807 -0.0292323549776811
-0.183466007786685 0.049054735969175 -0.544466196408487 -0.234988119218954
-0.481698152998662 0.11108106331733 -0.0361174051093881 0.0916582845716674
-0.216817041823876 0.369934461401472 0.0645388797621414 0.0113167910187998
0.172845732783047 0.357157347993232 0.114899251596159 -0.0807256922693587
0.379076683378188 0.0382342447626502 0.12160366577716 -0.127135806265333
0.184091523803676 -0.208257792123328 0.091158956631318 -0.1487556899187
0.0315274973594542 -0.18387788517015 0.00217387244622576 -0.104400392483245
-0.04520903628819 -0.18981163918033 -0.0100973663812082 0.0177116446382343
-0.0707136689366883 -0.18247948444763 0.0250387914483582 0.0876493332298291
-0.0723927023433777 -0.155751087329538 0.0887448237164414 0.172242248666405
-0.00527617425722781 -0.146272703196208 0.0481693217392983 0.267171976986428
0.0678939622246718 -0.15423137866183 -0.0332549549863585 0.361581242930793
0.228681778856901 -0.0699698354694121 -0.231802777736239 0.330771940632078
0.184744076263541 0.146794586072933 -0.407797753608465 0.159214490790444
-0.0699018190176005 0.206859646085576 -0.398150358070304 -0.00551649838872146
-0.345442895130097 0.0926155395414673 -0.453118885278683 -0.166440202305945
-0.539438474498767 0.110979462121116 0.0788695781573804 0.136261155420587
-0.236258059685376 0.379196397819986 0.115622055915011 0.108482952866686
0.160579619113947 0.368252913759768 0.245937721659682 -0.0206405569092777
0.376380643604459 0.064633087548946 0.235712602169658 -0.188901099781413
0.205980910211371 -0.183896901758505 0.117796031923641 -0.247229501094842
0.0557778077915861 -0.184044537891429 -0.0140953054783111 -0.188444583936644
-0.0375580416469757 -0.215055586823564 -0.0390951238769717 -0.0527210351048183
-0.0811077846294266 -0.212417707272699 0.00212838060590101 0.0176091307140061
-0.0931128146903962 -0.187763074761757 0.0724469137378967 0.110786152276138
-0.0232239066842484 -0.190482336899998 0.0254886548875559 0.228365170710555
0.0848415176592173 -0.216773865448426 -0.0683078647787434 0.328684533033877
0.326215348857012 -0.094493065501399 -0.246985369977355 0.254159676852511
0.260835601856532 0.231798516404412 -0.34434296875028 0.0847855277236556
-0.122990098765016 0.309235878011432 -0.272485994320966 0.0162971119339422
-0.465347778888869 0.122375881788313 -0.319993131854508 -0.104176396894393
-0.531836609139926 0.106074284899462 0.214490671539213 0.202503031111113
-0.224142097181238 0.334812887154142 0.234107210844885 0.181266212526774
0.115955445971751 0.327605207630314 0.371471199045581 -0.030157831837463
0.312955804712119 0.0934901886171363 0.299624952364954 -0.263833141188228
0.197803946672625 -0.124540217644439 0.116219902321826 -0.318326835369983
0.0719010816746035 -0.151029160027931 -0.0248428905691011 -0.253478487172395
-0.0244037295620784 -0.204947746399216 -0.0596104275520023 -0.126185952989823
-0.0797889719556084 -0.21253114360791 -0.0237309100072181 -0.0574998842847229
-0.1013871718844 -0.19746194976971 0.037047891909861 0.0467896535544709
-0.0292085324115996 -0.22322690604401 -0.0211087563199611 0.170088859506229
0.115965148674062 -0.258427162157664 -0.112627730583955 0.244097893837375
0.402794252606294 -0.0756635215964476 -0.220456470677493 0.132261274317619
0.279749915382243 0.317182336450199 -0.217570607055108 0.027819008718955
-0.183544415797397 0.358401269910664 -0.150233860153041 0.0654880878676613
-0.518064601392709 0.128324841563286 -0.169858069389337 -0.0569358263961176
-0.459199227777182 0.102673452941291 0.354117147053859 0.261323579861489
-0.188861851493529 0.265057274371646 0.368872457667783 0.197153502075818
0.0635680543784382 0.262728539217565 0.443395198099788 -0.0836070707600023
0.227697934916193 0.110813782570543 0.305918226791843 -0.316706006110557
0.166614202802958 -0.0623832809355288 0.101368281163001 -0.348372783051385
0.072039286803422 -0.103062822498619 -0.0284930642564858 -0.295062658843591
-0.0118155439816035 -0.166341200202478 -0.0692422415041557 -0.192515823186879
-0.0624105779712478 -0.180644259772286 -0.0484314372866732 -0.123258918203224
-0.0879024384763054 -0.180114900980854 -0.00881409615515643 -0.0130949862042807
-0.0121232033820445 -0.221006770104543 -0.0698488147710526 0.0913790278060984
0.148596769213862 -0.237476671705843 -0.123707974234378 0.123083470182257
0.399225529233414 -0.00434360005345809 -0.125443031375958 0.0271042501122203
0.206985726847804 0.353404264062815 -0.0736013202713913 0.0527465448144656
-0.225787073840857 0.316167706450794 -0.0911130546268512 0.135666902408715
-0.481440546625162 0.10177430348876 -0.0310393238086386 -0.0333858410187593
-0.335438290527583 0.0922866693162597 0.469782691174535 0.293344175428989
-0.133779017937208 0.187214307451285 0.47522365912307 0.165945095035634
0.0261419570215105 0.18750684337585 0.461725932886948 -0.139751289255737
0.143251283020309 0.102727423195956 0.28347460774477 -0.339950012092947
0.11424222265259 -0.0167516651349423 0.0848310394574924 -0.355928684892011
0.0528054210451313 -0.0523035455484578 -0.027004995765021 -0.319370363650617
-0.00134054972572792 -0.106476751088539 -0.0728827915865792 -0.240987315542963
-0.0356455437932833 -0.121579622503536 -0.0689182593825982 -0.168255649299032
-0.0547204869030258 -0.130425029951022 -0.0507249741386169 -0.063759703966262
0.0147512208372494 -0.167283811157446 -0.0966050900792848 0.0135907302208639
0.145953141970307 -0.150660360424926 -0.0897556763371282 0.0191117191935826
0.286005729253732 0.0664685006364108 -0.011952317266696 -0.00368754819169508
0.0807777598586764 0.28657008469578 0.00925293709205528 0.140664731894025
-0.204326596291095 0.186686588778828 -0.105844712068571 0.177664751201214
-0.349590987749881 0.0508330602373479 0.0796301776150598 -0.0349560548571599
0.0611285211559426 -0.0399289686844322 -0.166779950944605 0.176819832451153
0.0878132531308277 -0.0897635288038564 0.101828597231589 -0.0857463675672527
0.00546787203311097 -0.123429545641527 -0.0231988843429693 -0.212922666804716
-0.101125906251139 -0.0612615802549113 -0.0468745908084295 -0.0551247083297801
-0.0676502325107896 0.0386922393594291 0.0299457174945978 -0.015606239648355
0.00749621689834859 0.0598601927983245 0.0480056904736651 0.0117622597594179
0.0335788580997058 0.0464837657478367 0.0546935330888056 0.083544079729248
0.0275668304156449 0.0307044159748073 0.0795205757624782 0.167424072496363
0.00147868171610549 0.0303934725019819 0.120931993305286 0.257592173405469
-0.0266193405459256 0.0064413383556722 0.081836230701425 0.337792688172882
-0.0445545250617227 -0.0217024062582274 -0.00914605686688889 0.386097053269201
-0.0386620733295184 -0.0596925608702871 -0.189927849046504 0.387982782350007
-0.0104110004205159 -0.0783455789342775 -0.405188508368554 0.259338199481428
0.0843305515048751 -0.114953369596084 -0.56454955852895 -0.0162522892586112
0.167382687017301 -0.0616361306834665 -0.639910637242868 -0.250169327731404
-0.145191570851512 0.0717277830650768 -0.180014543585775 0.140039361066662
-0.00683672831269407 0.127280234548531 0.0801663654957862 -0.0854181776146661
0.115677500213553 0.0600468868164491 -0.0336377024087045 -0.215941251574344
0.10649331360586 -0.0715053885155041 -0.0611517796445688 -0.0623136008239854
0.00370884893348734 -0.0955887993284945 0.0289547300675765 -0.012646397474855
-0.0151259263892282 -0.0453267357313426 0.0416708741882164 0.0156122162567727
-0.0227350748715457 -0.0373881662597126 0.0607252310401916 0.0868749812460492
-0.0234259519472914 -0.0458001069991167 0.080544150030733 0.161905629381051
-0.0292193024662886 -0.0358219328695028 0.127551369786957 0.246520390022886
-0.0123280817949377 -0.0479576873253969 0.0915529126510794 0.32375913703478
0.00187583022479296 -0.0578102836808449 0.0182008693698995 0.379091225332487
0.0404089490253384 -0.0517640517623411 -0.15623114678893 0.396345723371649
0.0370310271909657 -0.0108118345822127 -0.392823453423283 0.290848839331263
0.029924302848329 -0.0230698566165244 -0.550265123654854 0.0478097021754671
-0.00677414894809383 0.00131659828748113 -0.653028482265957 -0.189161904722958
-0.32159574091777 0.157844401777787 -0.13909537132472 0.100196750057014
-0.0902721444160602 0.303666044476358 0.0417834738582857 -0.0629209203542341
0.196588396188699 0.220252611865182 -0.0121060998901174 -0.154196748717431
0.280398707374184 -0.0616142783265055 -0.00296501334419373 -0.0753964113690212
0.0796619798392675 -0.197231236484484 0.0516096859830764 -0.0698844590730862
-0.0183602544851533 -0.136220671382118 0.0198517216750681 -0.0312445968790927
-0.065254422099153 -0.116823654767804 0.0421162296692863 0.062602672971511
-0.0704544556910107 -0.115105295965454 0.0685279866758651 0.134207568436353
-0.0647019279030778 -0.0939219727012813 0.133665424093139 0.211140533406349
-0.0139326868536965 -0.0972704988765873 0.107763804251567 0.297884516801801
0.0288669021346524 -0.100923813251037 0.0448034525999258 0.376981890280589
0.119756693968237 -0.0688393837996032 -0.14387203490008 0.405123084217062
0.108462306741453 0.0492547019226642 -0.3901628878397 0.297168186581814
-0.00766913878031767 0.0893559643363623 -0.498841485231574 0.0772354414433391
-0.179495939349201 0.0813372491113395 -0.596190077822748 -0.130876184141658
-0.440390331618007 0.204348662006457 -0.0513214075781437 0.0825043717392199
-0.134174299031232 0.400668674249448 0.0345049809164184 0.00369881398691477
0.242047250431858 0.306332075244517 0.0767213529687703 -0.0703297229801198
0.374174399295513 -0.050286688323208 0.10705423496116 -0.117452999924927
0.134318225139727 -0.241285054084034 0.0807612893721781 -0.171197591993852
-0.00508169092051926 -0.187259553752134 -0.00980523421333374 -0.111510658558945
-0.084938909408302 -0.174889574223517 0.00606146873017611 0.011564538904639
-0.1049927372472 -0.167552420862084 0.0413618425289198 0.0837803060880488
-0.0977397699466955 -0.138480504428722 0.123784099058134 0.157856656677172
-0.0312419902796402 -0.140175940343699 0.108522028982507 0.266200034237261
0.0373538023220283 -0.156190784211534 0.0448866403567713 0.373943100730309
0.202331468873837 -0.111740414653352 -0.163544504313813 0.388256568907604
0.202500015597454 0.103702041163827 -0.385558953987438 0.25690907588712
-0.0329927477976869 0.214563727339989 -0.403159334273925 0.0723690872096073
-0.330660925880531 0.160059454240885 -0.482568675611468 -0.0869302298915002
-0.496295117266833 0.214598860154929 0.0757859736255222 0.101775563422337
-0.149670396251212 0.414619693433421 0.108009438563117 0.0916454705856113
0.233020396008191 0.320176154752253 0.22075504316128 -0.0381422935723958
0.377649292875302 -0.025195848245593 0.208296943069151 -0.201875588763193
0.160928045096124 -0.22316343867886 0.0867783374756622 -0.275096691455518
0.0184790611609185 -0.192352677233894 -0.0426982413166573 -0.191910108405748
-0.083464145932753 -0.200656072316976 -0.0340856925752814 -0.0529112377160059
-0.122135064794594 -0.195676572449849 0.004796927041729 0.0170927836601928
-0.124412667387107 -0.165964073331213 0.0948240461245417 0.0989206801056146
-0.0571349992789485 -0.180312503328443 0.0802196909087878 0.231346055031173
0.041221183551742 -0.220266367459729 0.0049226264997754 0.348904707001949
0.292185095744703 -0.156931806936656 -0.197445891679032 0.318260810941808
0.294161047359792 0.169965643643279 -0.34286000283444 0.170150253216363
-0.0627531676355808 0.329183212416278 -0.270807398883774 0.0593667879370414
-0.441107986501177 0.218404918012713 -0.326499008807195 -0.0574554565539746
-0.487306138298012 0.210455424045898 0.233190022333442 0.141447947435286
-0.146483473768401 0.368979205749407 0.247905847595148 0.141142911139495
0.181229605822337 0.289097191148546 0.346870705725911 -0.0798292934076426
0.323075175505929 0.0154167667250602 0.253189680291992 -0.295267601178086
0.166169143853391 -0.164887624358332 0.0686404101903988 -0.341948628719409
0.0416190921000797 -0.163625169605841 -0.0671139781488332 -0.252351118226527
-0.0694512526099487 -0.19485266087659 -0.0692159697407576 -0.121690712418916
-0.120457900436141 -0.195682832031233 -0.0367014554908429 -0.0539471399425004
-0.134620097976317 -0.174263404982824 0.0459890837872778 0.0412289210789275
-0.070726466176765 -0.211637923132123 0.0211374201150901 0.184310691417566
0.0613963550973568 -0.26662597976281 -0.0574401926532586 0.274327109254763
0.371897656151601 -0.157268751715958 -0.199006710853842 0.190231464573597
0.332609127078602 0.248790712579561 -0.230526081555187 0.0829972135770689
-0.111075465422872 0.393885577213512 -0.131874297503845 0.0771699235215963
-0.492868695438021 0.23862609943001 -0.159366223622391 -0.042992809568979
-0.420341128839157 0.192848933007399 0.394188073719665 0.174534572985515
-0.126006510439269 0.292674294154966 0.395602310505029 0.127738279247363
0.117601210080111 0.237889644905673 0.410593251957578 -0.155399396208374
0.245501841352226 0.0504635483856214 0.245141846468656 -0.355315134879118
0.148842515778859 -0.0977363243340761 0.0443978095149317 -0.365847822380806
0.0506888698914104 -0.115790155257535 -0.0800205322306763 -0.292906597037985
-0.0495527559557623 -0.159432906025193 -0.0939675482905956 -0.185688550983035
-0.0984909811023436 -0.167789117518015 -0.0750596682549182 -0.115543692487143
-0.118999614725793 -0.159459237514309 -0.0115068989836 -0.0105995795057887
-0.0546830643833639 -0.213681778467381 -0.0461968618071755 0.11621648197412
0.0958831140832577 -0.25563619296746 -0.0969042272868438 0.155513443120276
0.38582241033642 -0.0875845175975394 -0.129055285717301 0.0613894950716047
0.272243147925303 0.298982368977376 -0.0781808620844123 0.0704907001992911
-0.161196423397831 0.362930243272292 -0.0498308402052216 0.13483531049627
-0.459989092012322 0.205419847613825 -0.0126421681359789 -0.045631753535743
-0.302706337188562 0.159376819334825 0.527217417490413 0.18797949364961
-0.0892194405271728 0.204841021187417 0.502800196072903 0.0722344461939067
0.066345790269725 0.173096373100065 0.420562257683361 -0.222339678080814
0.162152251252427 0.0600932805890264 0.214796849039741 -0.380500201107534
0.106469606816294 -0.0425948640430999 0.0228497999179024 -0.370538719956168
0.0409198375219834 -0.061451544529298 -0.0851117487360796 -0.316537232141571
-0.0268497984388916 -0.103264285995125 -0.111399035558924 -0.232410963901644
-0.0600553294544345 -0.114157325621865 -0.103745573336688 -0.157245684962167
-0.0780092367621092 -0.117202294830798 -0.0632199197714715 -0.0533229870551764
-0.0189513899366358 -0.167018786089967 -0.0910523454451071 0.0418325445845653
0.110813207721864 -0.172757377718473 -0.0862950872613552 0.0420556482454156
0.292124142416429 0.00454873611457707 -0.0212666595357776 -0.000577183144477217
0.136737772526896 0.261970649616175 0.0308181996451004 0.13531310567238
-0.167954036826124 0.230554319334747 -0.051736811529135 0.18807852640292
-0.33643133019957 0.128006444719747 0.095680630654165 -0.0635125059604236
0.0635265484875948 -0.0425964458853154 -0.177014319933853 0.187160261142127
0.0869571572003906 -0.0994594300922574 0.0904881173489272 -0.0877048308175244
-0.000851394315389208 -0.130705504494975 -0.0376338298365596 -0.210222505661127
-0.109357216264823 -0.058727745923985 -0.0479382818276077 -0.0484682298932078
-0.0724030519688592 0.0443268846285807 0.0337808100306114 -0.0171221385705097
0.00892338925017376 0.0620417261413662 0.0489911617483418 0.00774340566124657
0.0367995011713689 0.0466844405868924 0.0586292871578541 0.0859957028343102
0.0290495337305254 0.0304412910111236 0.0861533523579933 0.176594843706125
0.00265803682179743 0.0314431467542548 0.130786383964306 0.267070969731067
-0.0293064529898068 0.00781994551579552 0.0933631499745909 0.348773264352284
-0.0486289298353668 -0.0215454286874672 -0.000919300625107614 0.399650371601611
-0.043023452318359 -0.0620527293858768 -0.184471368706823 0.402569897642041
-0.010508999075525 -0.0807325187363336 -0.40934941802572 0.274643751716991
0.0833612099230566 -0.121233808913474 -0.582029082670606 0.000456502231778983
0.171155124348071 -0.0673538574382308 -0.67197964087157 -0.235841276144604
-0.147691081139469 0.0805904676135081 -0.19259446729066 0.149212186849279
-0.00451153290616191 0.128758501791399 0.0675839241517674 -0.0870099384465674
0.120816809159805 0.0568577780429038 -0.0501830749165465 -0.213861491630634
0.106840106429964 -0.0771292661342228 -0.0636459309750268 -0.0548349377659685
-0.00205807419777712 -0.0974066991834697 0.0311205956947923 -0.0136444895059606
-0.0166955247090879 -0.0465829119485408 0.0425001560194776 0.012431827564563
-0.0243602816710627 -0.0385530244985869 0.0637165304444492 0.0891073660238843
-0.0268255846588301 -0.0477695729050277 0.0864213937901142 0.170523809370537
-0.0307695351306041 -0.0370018107669368 0.13766289497545 0.254195685962462
-0.0140930366369185 -0.0504719823172708 0.103225109303281 0.33389239822212
-2.73893612164795E-05 -0.0605276397805677 0.0260022152955794 0.390803207275808
0.0399312809192209 -0.0548774479068194 -0.150980384687815 0.409274657308459
0.0391994751265813 -0.0109860131018961 -0.395600850803618 0.310038703027295
0.027124541822198 -0.0242370110556593 -0.564279535100766 0.0670122330911791
-0.00849063826533405 0.00268273854958385 -0.682716955284452 -0.172359245324437
-0.327968278800432 0.175934567200541 -0.150269416858828 0.106141323283138
-0.0862228519693738 0.315031270323539 0.0285924036216408 -0.0624331789917421
0.2109527854086 0.221155236677516 -0.0260027117455105 -0.150747916735202
0.289396509156833 -0.0734201082256363 -0.00493073654846845 -0.0707358624476022
0.0757229115174214 -0.206320430451773 0.052237028626868 -0.0738164260091558
-0.022432120185142 -0.141538000796532 0.0188231456895245 -0.0347550192422504
-0.0707963952767456 -0.120506109987749 0.0434596173044562 0.0636799106525277
-0.0787620095686351 -0.11891721698955 0.0734050887340426 0.140913987219523
-0.0685393412303431 -0.0979931527469399 0.14161317934699 0.215612886864596
-0.0152753420403421 -0.10234128976112 0.119271247635065 0.305978834038304
0.0287124211890093 -0.106670329630332 0.0547724572502818 0.387601448662691
0.122570245886801 -0.074634760196731 -0.138340059041058 0.419333429960849
0.114560703901592 0.0488294448498683 -0.392861649817564 0.316791239803697
-0.0101183209560727 0.0934243682400587 -0.509164753514393 0.09556642785763
-0.184530275634129 0.091110410648318 -0.621217605475882 -0.114291689676596
-0.450641066740972 0.22676186254685 -0.0586883707163064 0.0842742166236036
-0.128389205356035 0.419184173071465 0.0237859257345805 0.00653707485606738
0.260940453693322 0.311328655938797 0.0691661208972792 -0.0678645439811296
0.387423427321853 -0.0640989564664337 0.106763025399653 -0.118622339870207
0.13249405500751 -0.253583520128461 0.0779804309934466 -0.180000316961166
-0.00849198345023714 -0.195639011554791 -0.0149692618942969 -0.11632980393745
-0.0919333566708378 -0.180639648560898 0.00448608949424806 0.0115312061672778
-0.116298325334528 -0.172446444178486 0.0432515969491806 0.0883445080681913
-0.104005858360378 -0.143723102262459 0.130490006827196 0.160564706155764
-0.0336331065258412 -0.146992855032498 0.119572545446304 0.273206391069825
0.0363424759885043 -0.163416475716177 0.0569951446919146 0.384933026922781
0.207227236645518 -0.121781114781092 -0.158482691270628 0.40433842169427
0.212890933017647 0.103586035936637 -0.388262739285995 0.276864129753582
-0.03314529469277 0.224548063575424 -0.409930914985416 0.0874602950765796
-0.338987079197437 0.178548760154432 -0.502379745908989 -0.0729801946999631
-0.508791474250651 0.241712052910964 0.0757643060888768 0.100260837678382
-0.144660591624918 0.433696109392943 0.103757304813103 0.0950254981838246
0.252130611772075 0.326465789805812 0.220354732583876 -0.0398709912506005
0.393624748913192 -0.0374296409571502 0.209160919198867 -0.211084008931937
0.163159204871029 -0.235592334641798 0.0809992938594554 -0.286877287618564
0.0175828873839187 -0.202197943633902 -0.0506733191854198 -0.197736169579038
-0.0916190703067573 -0.207537713318692 -0.0381495478661841 -0.0547696431428654
-0.13530241490876 -0.201208225501666 0.00327090028876728 0.0192393186327037
-0.132358104106186 -0.171697681202159 0.0981573682183756 0.0992156612359916
-0.0608213690797988 -0.187186145576067 0.0899995392497926 0.237962696484575
0.0380046272490148 -0.230387525307718 0.014938466256732 0.360999828459131
0.29845391333945 -0.172724542397969 -0.19669138905729 0.333762011772051
0.311419105971274 0.168552601438139 -0.348012636707415 0.184165533369831
-0.0605609449582717 0.345683054670015 -0.270826515798473 0.0678472989094535
-0.452035240577305 0.242091199646294 -0.337113319384451 -0.0481044456836812
-0.500263094253373 0.236493937178238 0.241504550002631 0.136301393418698
-0.143228851771567 0.386347723143718 0.253408540494922 0.141730724965806
0.197425250187808 0.296618508238855 0.350755148032405 -0.0882757230100154
0.339612345103457 0.00641835684423392 0.251453098193909 -0.308541208742834
0.170955824148198 -0.175571922344719 0.0608580605893594 -0.356523542626526
0.0431744040596349 -0.172361520629888 -0.0770600030685123 -0.2599080058098
-0.0765447267359533 -0.201043910761659 -0.0762294638521706 -0.125978653340581
-0.133883175355224 -0.20126507699123 -0.0418257685600779 -0.0541436672544451
-0.143405580099278 -0.179655150484542 0.046525904326591 0.0401132097350519
-0.0764662470801033 -0.218630075461431 0.0280888112421526 0.191638614130152
0.0575670631459543 -0.278919276895998 -0.0524331917099644 0.28601257240263
0.380936999923465 -0.176400017521804 -0.203759313005805 0.202351297381529
0.354232098220275 0.247940259566289 -0.234869694547464 0.0906976254864427
-0.10744227645908 0.414879338593984 -0.125960215475828 0.0808431399663946
-0.504418598953026 0.265077750063569 -0.162448137660447 -0.0374132901483918
-0.429938564356636 0.2164891207213 0.412636972284389 0.166890257891921
-0.123818019904781 0.307427491383668 0.406160137230837 0.121340892022846
0.130520975458155 0.245448026290258 0.413881885547018 -0.169812343582207
0.259247911320007 0.0449850903074244 0.241470971755329 -0.369625419087846
0.155370525934375 -0.106204454486125 0.0370282811299043 -0.379689309707695
0.0543407011401165 -0.122754090069053 -0.0907176815584725 -0.301465995726185
-0.0543260349228581 -0.164208847566341 -0.103699183984653 -0.191701247783645
-0.109125238189664 -0.172223140528401 -0.0839438812578628 -0.118662000267727
-0.127072032629757 -0.16371024415126 -0.0142822353875806 -0.0121360999385565
-0.0620127027557558 -0.220379778447898 -0.0420883997994585 0.124525384006376
0.0926434937522005 -0.268524601711925 -0.097587485312318 0.164735016858894
0.397342537279263 -0.105999978260765 -0.136297699559123 0.0646930248284306
0.29355993151399 0.30299119450391 -0.0765311911152471 0.0700833034771566
-0.159555512710741 0.385778046775856 -0.0370585594218581 0.138497114922778
-0.471291731257275 0.230778263041164 -0.00752102382048779 -0.0441675513149055
-0.309077981174597 0.178630008564116 0.551627136674335 0.176855569863685
-0.0866903412425046 0.215901624053674 0.517054947813977 0.060228841169574
0.074412322220382 0.178612115243057 0.42254234866324 -0.238976664973792
0.172386599752736 0.0573318306825992 0.211373232219158 -0.394378479788821
0.112265152137928 -0.0468156583261426 0.0156373801613123 -0.38329084430197
0.0456220975439726 -0.064326652117132 -0.0963125088813165 -0.327326549191568
-0.0290267167612177 -0.105251856012797 -0.123264630754555 -0.240285708246268
-0.0675757901651804 -0.118034867549129 -0.114498886407787 -0.16218712314397
-0.0834485526738099 -0.120469510866236 -0.067121225463791 -0.0542267105499508
-0.0241120005167037 -0.17390425688208 -0.0905587417480475 0.0491123219498569
0.110076759061858 -0.183516182470199 -0.0900255106960371 0.0468788734499588
0.303739262257308 -0.00688163335292909 -0.0265723121540174 -0.00384284116361144
0.152008500777981 0.268004008388423 0.0405774656947006 0.131819043721488
-0.169914494053296 0.247588826572911 -0.0359887953663834 0.193805654321386
-0.345928263069745 0.146794734704127 0.105368010506885 -0.0663845177600187
0.0639939676695281 -0.0479136487534525 -0.181945496607743 0.207394178317597
0.0819211356137039 -0.113097141809157 0.0761525129631754 -0.0916828215840383
-0.0118719878760067 -0.138013951960785 -0.0587624106840133 -0.205909141239782
-0.120682442553513 -0.0520627777052026 -0.0495507685885266 -0.0405503225412062
-0.075428618868168 0.053939257521776 0.037046342951071 -0.0212256096873465
0.012552792638832 0.0642262645406959 0.0495193887692296 0.00157675436217534
0.0421993808774414 0.0457428341210332 0.0647235730545184 0.086760445759434
0.0320662450906107 0.0296014931623591 0.101519293382319 0.183976352728761
0.00467951730301405 0.0322370399614055 0.15136760595497 0.272535876235256
-0.0311112903147292 0.0101540698870182 0.116645179823718 0.357767510531265
-0.0536188256337267 -0.01946000881762 0.0204487638566201 0.414822560901781
-0.0505535208225108 -0.0625864732363961 -0.165734035745785 0.424522226305485
-0.0141641180610084 -0.0835959383167701 -0.405571856151032 0.307140535506181
0.0781068158793434 -0.130371536162957 -0.599525789315211 0.0380275796795918
0.173523552882959 -0.0796257929888508 -0.717684025344246 -0.198277439481762
-0.146911518197638 0.0946095715326593 -0.200973486486248 0.16724279654609
0.000842277439676963 0.131371133131257 0.0518813482568452 -0.0887249760833762
0.127417478353591 0.0489414993572002 -0.072862071567695 -0.208291870620607
0.104298877761989 -0.0861669101281282 -0.0672260587865014 -0.0462242531959315
-0.010588623199357 -0.0987318207468996 0.033735689260674 -0.0169879748884582
-0.0204537674201585 -0.0477097735775506 0.0438935118558105 0.00697363780952526
-0.0268005266292612 -0.0398180171915534 0.0694050263186545 0.0897073111639663
-0.0319436723213781 -0.0494658890924188 0.099725481697281 0.176993322848462
-0.0334147889139195 -0.0383328914997364 0.156873276334982 0.259602597039242
-0.0173522027169186 -0.0532610948647468 0.126058089893834 0.343053863346868
-0.00364004602330881 -0.0636080732963042 0.0485650481972413 0.403367025872429
0.0381554820428131 -0.0599437746912076 -0.131678128100803 0.431338352863675
0.0412300962092849 -0.0131258622745131 -0.388371379964539 0.342107196025186
0.0233131748255699 -0.0257669006620349 -0.57665900823186 0.104871387334001
-0.00837578111673775 0.00491642172021302 -0.723117726138036 -0.131941541458683
-0.329168670723275 0.205618978067088 -0.159578322833953 0.118551729947367
-0.0717374762779477 0.331081191858349 0.0128677905902366 -0.0611753705876545
0.232325560782574 0.215464573231426 -0.0439164989974277 -0.144906397100885
0.296572226061498 -0.09452322249594 -0.00837301269949274 -0.0662031453024106
0.0650416322496073 -0.217607382075907 0.0505946803434661 -0.0803886386702589
-0.0308465567235672 -0.146637788251496 0.0160907038073991 -0.0392082121780185
-0.0800603871606692 -0.122584743274654 0.0472524208708914 0.0635793348276181
-0.0911685529399297 -0.120224449208851 0.0843070938760385 0.146599704562849
-0.0764312947848728 -0.100460127953468 0.158302811422663 0.217961938014353
-0.0205635367594399 -0.107981282322248 0.141550305097875 0.312657387004637
0.0249666440950624 -0.113328205689368 0.077803717778263 0.397683945979457
0.123789470461293 -0.0846959293337692 -0.118124109647985 0.439393457721868
0.122284252835221 0.0454194046452835 -0.384779909521104 0.351276538670581
-0.00924234662015662 0.0994258666352919 -0.51686167646707 0.13026158026996
-0.186917081228448 0.108820130106608 -0.653790296356226 -0.0756904512194314
-0.453806464365923 0.267151056877536 -0.064156615781787 0.0900142005534781
-0.110181090892988 0.442378010151872 0.0135161825981459 0.0107314316597954
0.291268485386572 0.306131661457471 0.0599503846754653 -0.0650938234692935
0.400750613418684 -0.0915768711722597 0.10404454398932 -0.123889606230646
0.12246145509697 -0.271743555939484 0.069913587707115 -0.191979225466564
-0.0190503878007831 -0.20408034202402 -0.0243319692913767 -0.121339512858309
-0.106426086392986 -0.184423420800206 0.00352460437739215 0.0115231528823744
-0.133723652461254 -0.174451044213339 0.0490026140162544 0.0920807052920641
-0.116423024882129 -0.146431490408987 0.142407497601875 0.159837494063527
-0.0410313312249566 -0.153689973573468 0.140523121400677 0.277797191888741
0.0305771444634371 -0.173041322890802 0.0806035355143344 0.394387268005306
0.208340757865261 -0.139212453488216 -0.140698815986818 0.427333625318925
0.228558143458759 0.0960002792880028 -0.384129287668607 0.309781101781107
-0.0255232573683969 0.23723805076068 -0.414011960102021 0.115284153890996
-0.342784767202823 0.209761936587744 -0.525043608672144 -0.0407422125625587
-0.513435491978183 0.285123137396302 0.0793031399553215 0.0972849932109562
-0.126230282244973 0.458841371052756 0.1051065096629 0.0976647064877888
0.283008444252946 0.324355539586256 0.219855142958594 -0.0478982295519095
0.408845071516013 -0.0647169708075905 0.204316363640054 -0.226248577254981
0.157339127091976 -0.25597913003729 0.0662578569822291 -0.302652674474653
0.00961962467078927 -0.213711634368597 -0.0663784858711984 -0.203425879194579
-0.106277930897389 -0.212625865073107 -0.0454924565269159 -0.0557131003190577
-0.15617288719697 -0.202384283659514 0.00248447915875943 0.0213757841783011
-0.147636487755271 -0.174222652264742 0.105416476335178 0.0971984185953014
-0.0719887894990902 -0.19304324749251 0.109099488594324 0.242949467922899
0.0272824947137702 -0.242042156287024 0.0369493701988345 0.373261191691003
0.300038712818935 -0.198726550251848 -0.18549874618452 0.358509753238402
0.33534559548014 0.156081233556054 -0.3481886771341 0.212695588966764
-0.0448272312796188 0.366811941556051 -0.270140822294293 0.0855664079148233
-0.458004222776802 0.285178068623885 -0.350862711856515 -0.0247001733627928
-0.506877263000712 0.28119023453062 0.255529980505229 0.124076918531018
-0.127346050738581 0.410464374253931 0.263941026286968 0.135388567271406
0.224312288144647 0.297622804091612 0.352283360648656 -0.108343396204626
0.355880403387021 -0.0150475281786294 0.24152655594423 -0.330882218200378
0.171325940121481 -0.19400601598445 0.0420899459245643 -0.373013138960266
0.0394432649169 -0.18517271706754 -0.0962930971410546 -0.26639094066993
-0.0901826357885272 -0.207136235015426 -0.0885941067748981 -0.127762187209907
-0.154593790894682 -0.202832033783467 -0.0491222970043011 -0.0532930765454293
-0.159439803105587 -0.181105779175667 0.0484920510841568 0.0388702817944203
-0.0907535495484629 -0.224005316020715 0.0429163354518226 0.199324395261108
0.0435395339906785 -0.294182951824239 -0.037515269695258 0.301652049425494
0.385698753248065 -0.2105273966495 -0.201948392512821 0.221813675690249
0.385672401120504 0.236264204051835 -0.237351091039078 0.105330800584625
-0.0889265371059771 0.441432610927179 -0.116108897024309 0.0885871402576174
-0.50801252710747 0.313782090418222 -0.16574045272765 -0.0267953727595221
-0.433715190942533 0.255512871981181 0.436356542100959 0.143892599433585
-0.111305745439135 0.327354250875075 0.423679098101562 0.103907531272273
0.151703146743294 0.248947954605616 0.413008685940696 -0.197277723099493
0.275569282332192 0.0301554751225212 0.226972525321901 -0.394062603889667
0.159873272918807 -0.120212721467758 0.0177915486659246 -0.396789833562704
0.0544020628375643 -0.133607917790831 -0.112404609589677 -0.308576703486139
-0.0649930562791729 -0.169006307765257 -0.121456782783668 -0.196107256759096
-0.127209187193833 -0.174293507664522 -0.0969552963505134 -0.118826522275561
-0.141403920177705 -0.165377677781622 -0.0170345649057717 -0.0123443772242925
-0.0768758180986133 -0.227193264703249 -0.0331678513763498 0.134627581086203
0.0801420607374993 -0.286044303685118 -0.0925696947313999 0.178500915347703
0.408611972906533 -0.138898479799314 -0.142582890684277 0.074512875050113
0.328270290079002 0.297446998684076 -0.0728563989006463 0.0710650769858955
-0.144665632225715 0.414560690229183 -0.0189712947405625 0.142444517628937
-0.475289167815005 0.275058192864362 -0.00389134411894406 -0.0443680749739178
-0.30904933981027 0.209570823541559 0.583736155935118 0.147314377157106
-0.0773957662768346 0.229649719106087 0.535237125602313 0.0325033299886082
0.0900359765433617 0.182247085688888 0.417858115481538 -0.269165216826113
0.184902180626991 0.0484375795263323 0.196065021992277 -0.416397387759937
0.11726000257905 -0.0563990269769565 -0.00331152610535777 -0.398284973610399
0.0485566048439861 -0.0713562796440209 -0.119319855466185 -0.335189479249816
-0.0350738957408722 -0.10830131225999 -0.143383136026662 -0.245645770276434
-0.0791222418060481 -0.119320174497661 -0.130558973065219 -0.162747697327556
-0.0934958572929413 -0.121287796970966 -0.0726561889700511 -0.0532974185291252
-0.0350281977788836 -0.180295513332769 -0.0881938818574294 0.0599287225470087
0.103261533086559 -0.198741545068576 -0.0936640915404476 0.0543403592715407
0.316177987152503 -0.0289129091893109 -0.03254644678519 -0.00474825869584645
0.178211034594837 0.270118928212802 0.0544154854687782 0.126397312980125
-0.163645846892158 0.271642622306785 -0.0126887271461699 0.200081668728111
-0.350282906853397 0.179658092701218 0.11407995894583 -0.0750675788139428
0.0621506572432592 -0.0534249797785547 -0.175638641583855 0.227595719008262
0.0694630565934729 -0.124250752943691 0.0573322063844732 -0.0920702320153019
-0.0277393573760684 -0.139018009931105 -0.0801578647828536 -0.191299264390537
-0.128886879991482 -0.0399544486178852 -0.0486567873855415 -0.0307627472593302
-0.0721803783719218 0.065671699817057 0.0391193311931551 -0.0263900981125588
0.0179017191634347 0.0646496025945747 0.0474721389066842 -0.00561557046417369
0.0464444169777316 0.0420391805744832 0.0720027836413311 0.0844177610050434
0.0355281729108025 0.0271372888246171 0.119473286681088 0.18224269712295
0.00809834270362847 0.0321869735480533 0.175921916890897 0.26762669725463
-0.0325185706333505 0.0131259365094059 0.148061535092741 0.353634094615334
-0.0584583112611379 -0.0155604639313201 0.0528471736676246 0.417141857780965
-0.057026021406117 -0.0597395194935604 -0.132291780675742 0.438458796620471
-0.0188839841703029 -0.0842002878382488 -0.381931398528867 0.339560672265419
0.0671377758141103 -0.137001873242576 -0.596851651000771 0.0892658759167668
0.168985299358922 -0.0945765116883477 -0.743477677508958 -0.133539382986056
-0.138841465456966 0.110134401607571 -0.197971840993279 0.188182376020089
0.00959300897075928 0.131014693594841 0.0327362484559678 -0.0868750691032516
0.131366122806892 0.0372590214971772 -0.0969316417270612 -0.191556522411025
0.0978816750786378 -0.0956543523467022 -0.0681957265887849 -0.0339093501058144
-0.0198291413172918 -0.0958628753231413 0.0358700178308746 -0.0206759062197896
-0.0240724943412455 -0.0463451760697555 0.0429678607128872 0.000899501606893184
-0.0300522389965875 -0.0393792107297738 0.0762796561604698 0.0857347737786775
-0.0373146243285283 -0.0477766032796839 0.116974082122366 0.176730658213284
-0.0372384395459397 -0.0380645290237116 0.1802749875742 0.2528665891832
-0.022504789695504 -0.0526827617573677 0.156279145674662 0.338335426747945
-0.00908306112424213 -0.0647600708245197 0.0798218737236618 0.403086790928104
0.0334718821147988 -0.0635950527164547 -0.0977499376297292 0.441055979421771
0.0414312685647845 -0.016563936156676 -0.361967075769729 0.374281546002621
0.0187528220461987 -0.0274096772687372 -0.568108778194584 0.154805865525969
-0.00833499172072612 0.00685286689551488 -0.742456877882329 -0.0651804935754462
-0.314251169634449 0.239811791722571 -0.160333623750457 0.134807341252292
-0.0471060971870956 0.340198433133937 -0.00373929668130451 -0.0555173238730139
0.253247513382658 0.196832937956983 -0.0628319405549772 -0.130589544978211
0.292281155481492 -0.12225164550809 -0.0110910055473677 -0.0595992001350013
0.0458486053414913 -0.223790794343283 0.0461326071836073 -0.0861139917606687
-0.0429747404573291 -0.146698198244556 0.0110389103990792 -0.0425192663073673
-0.0912421776235617 -0.119335498741783 0.0508169338488725 0.0608441442175453
-0.104950320080698 -0.115239594306436 0.0974920181387093 0.145651910302651
-0.0853999468769606 -0.0982507954881164 0.177679891216992 0.210045745285689
-0.0280178423552992 -0.110117930468559 0.168619995875499 0.305270734592049
0.0174587958966452 -0.117815087120429 0.109121937858752 0.394526039344508
0.119280888498939 -0.0953852092732807 -0.0829203755444491 0.450767495104922
0.12820803422609 0.0368438569831742 -0.356787041153373 0.384776445609315
-0.00531652875993289 0.103230003052344 -0.505103497826445 0.175877259740563
-0.179129383976194 0.12782016565711 -0.667822044192817 -0.0150787297113176
-0.435428626695207 0.311710787586211 -0.0656617761903616 0.096135977846041
-0.0760667510877471 0.45616758013871 0.00364593878324289 0.0174770688427877
0.321046297839785 0.284255676071141 0.0492788936803356 -0.0606080385779525
0.399442165995297 -0.128899595446693 0.0965132932531124 -0.12772294411809
0.101535233441658 -0.284600092561678 0.054885429817266 -0.201476080112982
-0.0345688044876306 -0.207386212612249 -0.0369099948693303 -0.121582375411232
-0.122411269917179 -0.180131761727367 0.00218683345792635 0.0107441358812822
-0.153798492958992 -0.165900333550697 0.0567614312596911 0.0929400856254738
-0.12995330405156 -0.14184786003221 0.155961709343596 0.151124947186365
-0.051658491312071 -0.154664449310934 0.165366332375625 0.268919037146466
0.0184522432264481 -0.179110280391042 0.112829540507416 0.391461282772457
0.200751353259323 -0.158284764737298 -0.106489387081564 0.441634251298187
0.239840302312665 0.0789063938597011 -0.358768352288889 0.344327968310301
-0.0103824508011031 0.245178058935623 -0.402351517936594 0.150355411225071
-0.328869560508811 0.244200827990622 -0.533006779562407 0.00718486867485391
-0.49356922333635 0.338061679124648 0.081311839972148 0.0907015175514978
-0.0908284864893971 0.474358424959436 0.105365679006032 0.0963335605003526
0.314191709906374 0.303667345624929 0.21215019066542 -0.0576515808125656
0.410523239725684 -0.101613698748459 0.187198496209539 -0.243010871316561
0.13956599641346 -0.271700613676796 0.040922563066491 -0.312341791972713
-0.00478178893227351 -0.220315209354646 -0.0866280672672918 -0.201162986658184
-0.124878184622125 -0.209174031318438 -0.0525375604866125 -0.0534427421882479
-0.178913973309341 -0.1931240519459 0.00331368380611111 0.0241369916488073
-0.164350336418564 -0.167606843161215 0.112509424514026 0.090524503841594
-0.085994180429865 -0.192172833442689 0.131721924507919 0.237001483921058
0.00921048078055842 -0.247871970138453 0.0689697059793822 0.374612198420567
0.286165258792744 -0.227283215166549 -0.157658908496297 0.377556760746124
0.353804172050914 0.129267217951929 -0.331907744675894 0.243009783605519
-0.0178963489368486 0.377351320559973 -0.258395909228693 0.105946262911465
-0.436563346097139 0.332018739511054 -0.354284186881837 0.00832959057775871
-0.487000532215231 0.332684088374072 0.264711604935073 0.102009345844593
-0.0976694246758805 0.425156437753051 0.271960444891079 0.120160008030316
0.252374168672009 0.283328770188792 0.341390937546401 -0.132226337039264
0.361585927350054 -0.0468636516469242 0.216124426059938 -0.351071819653363
0.160375107230918 -0.211814943755961 0.0116485925413528 -0.381297757226146
0.0294636262207314 -0.195141279732884 -0.121121612677679 -0.262257973278278
-0.107391593209533 -0.204257962349713 -0.103233857197266 -0.12370857456013
-0.176936062085018 -0.193157780654584 -0.0558451701522099 -0.0487946093326011
-0.176979083625813 -0.172649119198248 0.0509309987454893 0.0355880546482882
-0.10877418182835 -0.221456779988709 0.0623179777090503 0.199221723329034
0.0209603135610582 -0.302512767996868 -0.0126428110449997 0.309474779448624
0.370982296813571 -0.247543463615169 -0.187992285592462 0.242843219767841
0.413618607001451 0.206146400221794 -0.229687457027199 0.123418760525672
-0.054854316167179 0.459404056815553 -0.101522189458975 0.0949865317810805
-0.485655065286857 0.365576274539604 -0.164528357819283 -0.0113611623128774
-0.415501182261828 0.300835217718381 0.450475490713073 0.106763941733159
-0.0875645337723053 0.339255313818792 0.431852010423903 0.0727811846928953
0.174454699776193 0.239355349928804 0.395330930256172 -0.228298055788407
0.285005831658337 0.00629089304366096 0.196237611810221 -0.413307107705812
0.155397418802991 -0.136943800543572 -0.0140311687282373 -0.401288072594379
0.0493814481519219 -0.143946175596048 -0.140086741025365 -0.303611192421727
-0.077623086316304 -0.168308806149004 -0.141994204001324 -0.19028306503006
-0.146574706364093 -0.166044177842236 -0.110199112401115 -0.112084972144109
-0.157194178869923 -0.158103455235946 -0.0190052688469416 -0.0113033927427805
-0.0963715365854708 -0.224311710567368 -0.0194902536502369 0.141048678365763
0.0577748111587392 -0.297846727280993 -0.0804241299395818 0.190943495789523
0.400650009777302 -0.17872698922676 -0.141633985586302 0.0874149541951374
0.360251886126044 0.27196325899105 -0.0663033651825016 0.0721788084182757
-0.113277785915928 0.436563781988967 0.00304740496196394 0.140261362480281
-0.456582286788474 0.324479530206869 -0.000273779732778146 -0.0441204476400923
-0.292194108700878 0.24185737123619 0.60236001734109 0.0958950839597028
-0.0596572713792655 0.237869333002543 0.538264310365567 -0.0103512915659764
0.107352071754213 0.17742805529285 0.394754335995949 -0.302504278466599
0.193220387198449 0.0307852567158844 0.162270962648961 -0.433477717228661
0.117027971350808 -0.0683002235374022 -0.0336434432239362 -0.40182792636072
0.0484558673180634 -0.0781776619099182 -0.148551529031679 -0.331215645971452
-0.0426095965132602 -0.107486621914461 -0.16908418290908 -0.240158436000328
-0.0926655722450399 -0.114640029960224 -0.14807669799236 -0.155291963429366
-0.103845606771916 -0.117376914409525 -0.0778525630232033 -0.0486806694733449
-0.0508106964987293 -0.180028272617722 -0.079356246763833 0.070891462365169
0.087631478717472 -0.212304424587315 -0.0929670409328788 0.0654688924663999
0.318595526977615 -0.0594296983100483 -0.0382776442644742 -0.00476275499608918
0.207112327415965 0.258254829123185 0.0687047743230023 0.113559567230931
-0.144565000775744 0.292259774282215 0.0157864026756707 0.198921526707682
-0.337268452310056 0.21717640934017 0.117769533142428 -0.0861299319864333
0.0582513570490344 -0.0563260523524364 -0.161604647247619 0.237995731337525
0.0556802228274113 -0.12815870986499 0.0389344412361968 -0.0858068195830043
-0.04127422448479 -0.134121310693542 -0.0953098457574781 -0.16840888617801
-0.130943083816515 -0.0260137977987427 -0.0453218759680556 -0.0205519856109888
-0.0649533278949587 0.0734097111084874 0.0380680917325497 -0.0312771143718885
0.021589463028475 0.0614106929036277 0.0430088266991411 -0.0116692978082622
0.0491570899001396 0.0364504375247052 0.0757649547068425 0.0780655590434521
0.0368379032060403 0.0230092285133262 0.132023654824511 0.173543868197361
0.0102782595466688 0.030382160031685 0.19263288839748 0.250680261551123
-0.0317687351838352 0.0165410846150743 0.170707489054743 0.335092228475537
-0.0598575716465374 -0.0103441417132384 0.0810316773892195 0.402617369561266
-0.0609973145883489 -0.0540862549371472 -0.0967077333122659 0.430677632139385
-0.0230771350658734 -0.0817910641484089 -0.344002491124404 0.355527031655714
0.0539550942746382 -0.138030978832009 -0.567749001639493 0.132074417748222
0.158183140227923 -0.104143049503805 -0.733015324886212 -0.0680028963806788
-0.124785516565865 0.119528945008034 -0.187259523851199 0.200627075572582
0.0162725140386738 0.125706907065672 0.015283605658614 -0.0788265767767814
0.128386913801307 0.025767843684218 -0.112473797827764 -0.16759659857936
0.0863794925399294 -0.100227744632925 -0.0652157225093411 -0.0220517703563404
-0.0266274442776344 -0.0884234357485214 0.0354835712668872 -0.025751118319693
-0.0269878201631749 -0.0439860200541251 0.0390703306742456 -0.00483823208524197
-0.0324396337034445 -0.0375464263582865 0.080046945781407 0.0792761643002712
-0.0410766196320655 -0.0442963903146918 0.128816628210873 0.168620637494564
-0.0387797324222606 -0.0354602484367394 0.195188422196419 0.236386443374701
-0.0261547805001096 -0.0513295435845184 0.176746785714465 0.318757021672146
-0.0145640790978655 -0.063050884612534 0.105342499121068 0.386962955514785
0.0286687063993793 -0.0637200524838288 -0.0635412612003385 0.432219567099947
0.0406409436412728 -0.0188840558627178 -0.320147851689748 0.389097019010845
0.0128289618361407 -0.0261640051901976 -0.535647007003556 0.194294102155191
-0.00677540440266166 0.00854344106073421 -0.728937157644182 -0.00174850855063446
-0.284932361993086 0.259292790480528 -0.154837090353303 0.144918873600165
-0.0221457484152922 0.335137532226722 -0.017434830883207 -0.0453569570374645
0.260250016879173 0.172027284082476 -0.0753884120591936 -0.110617991596866
0.274763715430359 -0.142978742627706 -0.0122639153868065 -0.0516807405296875
0.0284550226298663 -0.219546351231944 0.0395950863758074 -0.0891766582853853
-0.0522502520487396 -0.141510144217697 0.00474577359834953 -0.0447121461927948
-0.0977383133111786 -0.11148608628466 0.0519661346364914 0.0561110776533938
-0.112839196223851 -0.105193448823983 0.1065871737362 0.13899834681048
-0.0910394869442163 -0.091775146516966 0.18810796817534 0.194478956591864
-0.0345613596040234 -0.107186745602447 0.187110568598213 0.285447488817196
0.00890652981719951 -0.117429111700736 0.133635529605481 0.375089275603028
0.110433214888734 -0.101310694617493 -0.0479679511727382 0.440302558954885
0.128503181989519 0.0274624393744598 -0.315171582084488 0.397860091306794
-0.00170913567393261 0.10330066361386 -0.472027830912646 0.207826427223549
-0.163791922454352 0.139534477482745 -0.650352564411892 0.0408579262313897
-0.398011850613651 0.339753879349043 -0.0646287306481801 0.0995804805727332
-0.042007639088061 0.449849770871973 -0.00363213948905981 0.024464940869415
0.334179399696358 0.252111944495156 0.0391075531056678 -0.0517934483246776
0.379553472728267 -0.157842640484948 0.0866657475917628 -0.127512042603652
0.0780197860145966 -0.284402156175366 0.0389102232378659 -0.201134639127066
-0.0473527290797572 -0.201996648396072 -0.0479298270442651 -0.117193884443507
-0.132390610752949 -0.168929408761972 -0.000107349657830595 0.010872730223524
-0.164867890169962 -0.150995439444236 0.0626162360602626 0.0897050706357493
-0.137669594018944 -0.131784816699313 0.162601471181557 0.137701677156163
-0.0598794650868045 -0.150599026571558 0.180882380101236 0.250236994096709
0.00650046698263182 -0.177136290683482 0.13831728679047 0.371801962320821
0.183869730901412 -0.16893965326228 -0.0702386193417315 0.435050969154055
0.239681370134703 0.0594731051506363 -0.320163464180321 0.36072218952072
0.00437916082794761 0.24269893019278 -0.374497004119003 0.174540159359767
-0.299867560017882 0.26457594285991 -0.516642145737876 0.0530228952802045
-0.453023483693347 0.369810119440452 0.0794630661609365 0.0818933417259378
-0.0560107307454724 0.469081838470748 0.102917551164672 0.0928695645462826
0.328827133323222 0.271649663580843 0.198630128273225 -0.0634567815884526
0.393966311085922 -0.131106223113331 0.165137107862199 -0.245230943037005
0.117835096510938 -0.275255517463924 0.016454296042306 -0.308484026927821
-0.0178818867869255 -0.218425307327669 -0.101093504415598 -0.189968778304719
-0.137086385978948 -0.198122914745888 -0.0585589389378467 -0.0489586981478724
-0.192064558279306 -0.175419311998829 0.00453013972950521 0.0255786649993236
-0.173206708563647 -0.153992748700563 0.115600600345996 0.0806442161024729
-0.0957536503067585 -0.183825184489493 0.147026521777858 0.221021738098941
-0.00807416233188481 -0.243721849170679 0.0948657511144627 0.359697832986427
0.261603924516596 -0.244245557248973 -0.125662748115925 0.377941480627334
0.355875514758481 0.099468881991252 -0.302798885754969 0.259667703748407
0.00829994679480972 0.372795059377984 -0.236904173900293 0.119166252642225
-0.397567364509101 0.359828878089679 -0.340080369352069 0.0367369671637789
-0.446295008943967 0.364290886954919 0.260946116320295 0.0783924469092159
-0.0651735723650778 0.420730367687909 0.268180128166442 0.102175233477107
0.26710550512374 0.256468516862057 0.318626197580646 -0.146675711755945
0.350556331426318 -0.0740358292232505 0.184476555681863 -0.35424583854868
0.143123607899253 -0.219967589728958 -0.0163493345334398 -0.371115659047714
0.0180809547740601 -0.197557461045389 -0.13945456575311 -0.246494496880284
-0.118612384587863 -0.194753173457338 -0.112613049508465 -0.113410442834775
-0.190013580097865 -0.174640299054885 -0.0593554328310368 -0.0423119269932454
-0.185983830448874 -0.158250777734597 0.0505044665763774 0.0307800151749155
-0.12038901526589 -0.210006622721284 0.0782982216705179 0.18973946250311
-0.00227279958118702 -0.297166183981928 0.0111787647094936 0.304315845171842
0.341723578226389 -0.271739461998422 -0.16624895392441 0.250257894662546
0.421594098826571 0.167922235345529 -0.213853440348918 0.133980319017273
-0.020416403116627 0.456004250644143 -0.0834818401747335 0.0940827501290426
-0.442981932922772 0.397311694191112 -0.155769702996061 0.00275450837153604
-0.377347754934926 0.327805555926772 0.44455418126168 0.0675948112684614
-0.0620251746498122 0.336787783000911 0.421332091697462 0.0419711577711074
0.187967124207561 0.221068563513034 0.362800218694447 -0.244861169611111
0.280128410367271 -0.0170556249433539 0.161141665225859 -0.412747544084385
0.143898688162774 -0.146336397497138 -0.0415801259731525 -0.38993199485365
0.0416423070201539 -0.14875216336673 -0.160023424870387 -0.285802188160916
-0.0866694334051599 -0.160286804505667 -0.155721058710698 -0.175202091983655
-0.157917877952142 -0.150476380203402 -0.116979924846624 -0.101384926992027
-0.165135500139057 -0.144862832321471 -0.0197491409545342 -0.00970570038535801
-0.109694582950742 -0.212802897640482 -0.00412703385942115 0.140138202704083
0.0325363144923456 -0.296155820909192 -0.0645565590812061 0.194072698399837
0.376090573264991 -0.208028373228455 -0.134478165430321 0.0956661581026044
0.375806217915579 0.236416290623803 -0.0595189742533254 0.0688249904812219
-0.0791682264779541 0.437908935307209 0.02387739351535 0.130706628460214
-0.416999126404761 0.35708835694503 0.00370278861437513 -0.0440874707479476
-0.263889365593285 0.261080177639578 0.592386500792237 0.0454428078145854
-0.0418554475247322 0.235028263529906 0.518818893804704 -0.047456286575967
0.118702298776336 0.164534341847932 0.35707238759829 -0.319041143015613
0.191937591381135 0.0142766947109149 0.126331142999818 -0.428962227078893
0.11132179175674 -0.076312832108695 -0.0590010268589661 -0.388964536142417
0.045509971041059 -0.0833282367496627 -0.169513300986693 -0.312416316472862
-0.0475024044045241 -0.102796008833312 -0.185571004333479 -0.222814464591993
-0.10053576729753 -0.104713636707549 -0.157960969355869 -0.141891055763837
-0.110823349482659 -0.108298055151204 -0.078973911606529 -0.0420941607011557
-0.0635330451161789 -0.17276544104084 -0.0669328725928669 0.0762063794177453
0.0694328063584733 -0.215262077719809 -0.0871303436797257 0.0734565732622315
0.306003196557715 -0.084745205555451 -0.0416993328413407 -0.00387851522003825
0.224187461871549 0.235975724426913 0.0765831404140708 0.097029026170956
-0.119872657585651 0.299800041908445 0.0421603411720667 0.186411746475142
-0.309103456154586 0.242305281968168 0.115766813217217 -0.0950940344275006
0.0493013599398309 -0.0545088862921482 -0.110783417568261 0.256436895609371
0.0284139366328648 -0.129787098630387 0.0169263983441005 -0.0842573870338936
-0.0644059900817472 -0.116226043067555 -0.120406820349298 -0.141643866610079
-0.12679109136528 0.000267415817360111 -0.0485058738564555 -0.0137459185942306
-0.0478614757293424 0.0804677536314285 0.0277098722302132 -0.0362857197767752
0.0294095249735636 0.0550523466292353 0.0364935248710989 -0.0173333017250264
0.0518222250916754 0.0252335484586823 0.0875491418430443 0.0678154795093411
0.039591081386498 0.0150624183924189 0.158700691517353 0.149032377947521
0.0165501884554426 0.0260019619536711 0.230180290331898 0.211271025134726
-0.0258290393877194 0.0224369815571865 0.2236025351437 0.290349756326396
-0.0570867660108996 0.000957399650205903 0.147927136929555 0.369706355722705
-0.0684154554760149 -0.0368027158847975 -0.0160844883280688 0.421278115453486
-0.0347289595268096 -0.0727343819625727 -0.259083730848702 0.394914350344061
0.0197247210817393 -0.136874227481249 -0.503010723920173 0.229974483011169
0.125812551577923 -0.117935837225002 -0.701808293417363 0.0625261765550771
-0.0970957907275333 0.134578145767906 -0.151924123499326 0.233786226326497
0.0310356954305989 0.112965217047524 -0.00778923280473561 -0.0627692484764998
0.116932050197498 0.00496047768564928 -0.128272411605719 -0.123009953154111
0.0613339453181545 -0.104649547482661 -0.0522397969675281 -0.00758711608814366
-0.0377634419997198 -0.0759544637619767 0.0293153541412558 -0.0398087764922961
-0.0316782012209926 -0.0384619019797364 0.032524134825337 -0.0146852008507745
-0.0355904743017282 -0.0322167015187286 0.0882791864924979 0.0628187111419462
-0.0441629690206903 -0.0374865846128868 0.15454749567682 0.142401385148072
-0.0402154310901959 -0.0305064280955122 0.231570727862467 0.196834031739187
-0.0297965271636706 -0.0447031249046897 0.228717348241263 0.274668532927772
-0.019368834254329 -0.0553941808939825 0.168805315476017 0.350056608113797
0.0177426568549717 -0.0595049066709166 0.0135596871215913 0.416430165860747
0.0331218662965804 -0.0202189494827618 -0.230838539209532 0.424136209550463
-0.00302920445522036 -0.0234961816121046 -0.462407119753179 0.280024751291191
-0.0146964722317405 0.0132712535902508 -0.686027486437529 0.121060764173379
-0.228372239588348 0.286637294532292 -0.139413957508948 0.180417973056878
0.0280253541837837 0.315024581834979 -0.0346360835675247 -0.0168869825509557
0.262892963173872 0.119130414617283 -0.0769505314358948 -0.0640906084379924
0.228655368090833 -0.178241363523376 0.0062172387966601 -0.0411773046858551
-0.00763344324438392 -0.207790572476534 0.0264309787703237 -0.108931185603145
-0.0696323287765155 -0.127470374839323 -0.00852797172636096 -0.0514084406139545
-0.108592583256371 -0.0917686984563513 0.0555180136479153 0.040195369876294
-0.121576348889874 -0.0847763157582914 0.127744647518229 0.116863570971104
-0.0990320314644151 -0.0772136615801054 0.21839144261459 0.156888887545094
-0.0459492681192308 -0.0987968730207453 0.233895057231406 0.240163648157111
-0.00255676893301855 -0.110883595421076 0.194278808366503 0.334043829623111
0.0902921230606219 -0.10709584893248 0.0290707146504823 0.424644601874447
0.121365403276297 0.0123104599404896 -0.223790948197224 0.433777865538904
0.00337665909965152 0.101689388977033 -0.400362224906609 0.278624636447387
-0.144458373622031 0.160204038781761 -0.607083703810475 0.146447908194239
-0.321765130294185 0.376519332890798 -0.0676837272836951 0.12303537378948
0.0284206215778564 0.425573926541944 -0.0087450655039966 0.0509976600414113
0.344762805916183 0.181668029570885 0.0462707700082398 -0.0225483444164479
0.321888302398641 -0.212042242427902 0.0936610113423492 -0.128703429576242
0.0268627592248562 -0.276847828724509 0.00880826522404413 -0.218691494991081
-0.0740359337205419 -0.185719216996435 -0.0710160092103505 -0.113933322940364
-0.150628856803994 -0.140538873164587 -0.00255460323909241 0.000614124454954804
-0.178155349301354 -0.120411891396479 0.0763946789171385 0.0750695211391701
-0.149989062260109 -0.10865501269771 0.184165847755812 0.106143916558024
-0.0756774598842096 -0.136392365749499 0.223630352961683 0.206413976101827
-0.0122117868310753 -0.167480741989976 0.199021005121103 0.329746715952363
0.15029505178086 -0.182451838298212 0.0067996166843314 0.426054177269175
0.229632146288988 0.0274728129859523 -0.234121230433073 0.40096119221226
0.0323554259095985 0.231725563496418 -0.319110096955299 0.226611926300039
-0.253772040808679 0.299937546317149 -0.47761540896747 0.132942148887232
-0.36745818100385 0.408881421219177 0.0631909007851986 0.0795268557465959
0.019524687406081 0.443683801865965 0.106836234482552 0.0961460294039242
0.344778365103713 0.19835017564616 0.194822119154552 -0.062171008764329
0.338645529058931 -0.191851713345962 0.146519867957063 -0.253413136624751
0.0630295753416326 -0.276194846392449 -0.0293838078558517 -0.315437555401516
-0.0492042868219839 -0.206476691493882 -0.13222467110383 -0.175523497023481
-0.159716785118228 -0.167384091357087 -0.0686107912315887 -0.0490483360290611
-0.207835984417705 -0.139300447130965 0.00940106214173175 0.022325327556069
-0.187032847582295 -0.124045765213759 0.128976779775972 0.0578164456315623
-0.1154024549172 -0.162835512820113 0.187641846365193 0.183800933981939
-0.0347768836376415 -0.22814571702463 0.156576511585955 0.325835759077648
0.210970879623622 -0.267352031771426 -0.0548128052616977 0.386430717305396
0.343421921807269 0.0467635870596668 -0.236019283092701 0.30529592509632
0.0590044411642381 0.354007157195081 -0.201654097354917 0.146790668111308
-0.331231467396025 0.405119623496028 -0.313505584369463 0.0872355342207479
-0.358501578523232 0.400721874655273 0.234792023669167 0.040547231613701
0.0042286186541356 0.396532597811508 0.266701427612057 0.0689938973708533
0.28466729481299 0.19158297577119 0.288968070026278 -0.165858600718885
0.306369378462982 -0.132946592974363 0.140367783327555 -0.357955467688619
0.0948890729021963 -0.22855450329503 -0.0704728680524007 -0.365351056974127
-0.0126142147147849 -0.192241517357455 -0.175980569490317 -0.222074631104859
-0.142274521785675 -0.16654656277824 -0.130783012368914 -0.103095256617994
-0.206856565769682 -0.138396693095168 -0.0642282771091098 -0.0328957544142206
-0.200799106415597 -0.12577268829247 0.0588845360316371 0.0209718677582689
-0.143416512216312 -0.182720483295347 0.118353516954482 0.165326509721082
-0.0391149951568471 -0.279336172079211 0.0674924828895236 0.291005321377187
0.281407065437686 -0.308036967489027 -0.118235016151244 0.274934847675728
0.416578242696426 0.0992216707450042 -0.176050388785968 0.170612218757104
0.0488487426966753 0.437029699587649 -0.062441619637772 0.0920069389643712
-0.367160953644111 0.444414284721285 -0.143712671462435 0.021870276154026
-0.296173065342542 0.355717298282925 0.410806743920337 -0.00639060164995826
-0.00638562770958034 0.315386670223515 0.402610772340626 -0.0203461886154344
0.204683910054404 0.169379038531591 0.308469194297901 -0.272057733244813
0.248653426491884 -0.0688533297536622 0.100401014075698 -0.409018841029542
0.106643927895202 -0.160525089446615 -0.0962327173677261 -0.374265208793245
0.0164737250474517 -0.149996320693194 -0.199868657726838 -0.254575768536149
-0.107468491353184 -0.138338711532581 -0.182509604348356 -0.155256277043573
-0.173184175757488 -0.120066270755273 -0.13010260774501 -0.07956513256369
-0.179663782679839 -0.11445295483567 -0.0161053471037803 -0.00669823327502165
-0.135173958226518 -0.186728485565024 0.0317125701126383 0.13358605099307
-0.00715947431521533 -0.28380915390038 -0.0254887380351437 0.201010774963894
0.324750934624234 -0.255311734433231 -0.119400417206285 0.121189161141695
0.385784870626337 0.169093072238543 -0.0436511014414406 0.078543284709887
-0.00774610968323036 0.430922884726939 0.0470869614362188 0.103978605958333
-0.344527466339769 0.40114391218213 0.00029969762333925 -0.048926782300439
-0.196883793752922 0.274296007166998 0.552307441288861 -0.0593816109628997
-0.00284490398556891 0.215469288882735 0.480494046797475 -0.129756094446573
0.130870266443052 0.126641200820122 0.284861122162238 -0.346234548469293
0.171864494180817 -0.024482005055734 0.0591597306616689 -0.420226948176366
0.0861839618989783 -0.0896017195167601 -0.114526603093387 -0.365059033476483
0.0295000712291566 -0.0877706761753901 -0.213003357279846 -0.275577163669543
-0.0615912041810793 -0.0894827573997151 -0.218668386984682 -0.192740777375946
-0.112661418753237 -0.0846497280679705 -0.17677631942032 -0.111791293129947
-0.122738133952691 -0.0869278546567225 -0.0788416943259996 -0.0285245530370163
-0.0867951712747558 -0.155234440564768 -0.0411489379623145 0.0856014991781674
0.03639463793303 -0.212842394493518 -0.0706634231158756 0.0908427336254643
0.278427151430318 -0.129398759161632 -0.0500326028396456 0.00696723412750585
0.244917296684137 0.189780584022378 0.0879059992844123 0.0757610956877567
-0.0676366846477156 0.307906064091798 0.0787079013608516 0.153467044685991
-0.256729121769409 0.275724769190003 0.0993710338542992 -0.115154306881664
0.0504078323260769 -0.0538801404938044 -0.111560631040681 0.25440571081123
0.0249444769567606 -0.127530259496861 0.00934509650788658 -0.0721522550193791
-0.0655245267193651 -0.112053762801323 -0.116688851409262 -0.126578003933881
-0.124679257795548 0.00392986466877629 -0.0411226576626271 -0.00903053298257489
-0.0443171584022429 0.080655900010671 0.0269975018161895 -0.0381676166963838
0.0286569384778871 0.0534644374095242 0.031844736084964 -0.0183703245662354
0.0499839720473444 0.0230606303593546 0.0852384147759837 0.0666299202722287
0.0383653731551823 0.013485987468884 0.15851646300431 0.147371841804688
0.0162639559877795 0.0246433526798002 0.227048646873106 0.20796333870978
-0.0262328855187359 0.0230329627852072 0.218695511090533 0.283602596058619
-0.0580089995176015 0.00230893275366372 0.143991473757005 0.358702546272817
-0.0674694852661725 -0.0364170798629033 -0.0167600057853602 0.406004867216155
-0.0334011046430084 -0.0722511058904937 -0.24865302946284 0.379789200993805
0.018030021083474 -0.131928701109819 -0.481859687286968 0.223413417761843
0.122248543373279 -0.114647453881443 -0.679997499382483 0.06872003069359
-0.0914368621617007 0.131755596639331 -0.153408881484357 0.23294361758115
0.0294758813326485 0.109602373351894 -0.0143527322634016 -0.0521094141484458
0.112276439185141 0.00437259063024336 -0.12529063566015 -0.108052146800337
0.0576319889548461 -0.10175754690741 -0.0452442572660639 -0.00284348549210809
-0.0361257165102908 -0.0721087529027492 0.0291196329712222 -0.0414595753804605
-0.0305046429654194 -0.0373772380506448 0.0272850645906862 -0.0160218779246878
-0.0352200019243742 -0.032907680623959 0.0847903508932548 0.062659337644534
-0.0443850404321917 -0.0372107679982717 0.153949495327147 0.142009278818169
-0.0394570592221969 -0.0317611559142358 0.226942128510044 0.193710476476087
-0.0291346544074216 -0.0447404463544977 0.223212242006186 0.268089787438486
-0.0197634588059961 -0.0547311926221781 0.16217573804616 0.339983745879608
0.0178985126207217 -0.058092129330399 0.011902604242253 0.401559272539894
0.032909402289534 -0.0197400120974735 -0.221374180724109 0.409378654040204
-0.00536154728127804 -0.0197189771962671 -0.442730426990273 0.270672328244779
-0.0136762710955567 0.0136854145901927 -0.665084396138508 0.125735384353478
-0.217216130998532 0.280479816140021 -0.141125726889105 0.180436304260595
0.028112918559003 0.306831838735937 -0.0397738291144021 -0.00706054954736855
0.255673695587293 0.115146951971024 -0.0746146418203979 -0.0506028843986282
0.220569184455916 -0.175249286492127 0.0101794918455038 -0.0363050500145559
-0.00772893662611536 -0.201010686856 0.025601920273973 -0.108803878117052
-0.0674662930505208 -0.124576969725936 -0.0121320971699816 -0.0505355469656113
-0.106623789427581 -0.0911194088209599 0.0519280373383569 0.0401850896471206
-0.120779967706062 -0.0826675498571789 0.127447583365972 0.11631191686824
-0.0971176528876801 -0.0771505501515048 0.213543329187983 0.154181799511054
-0.0449484362550596 -0.0987066013818103 0.228396469580175 0.233946757154002
-0.00254880200487739 -0.109438722930007 0.188561400015439 0.323506087881277
0.0894975450933848 -0.10453535527329 0.0280818850934675 0.40940537760376
0.118734606612145 0.0121481275009603 -0.213825288654966 0.41938154949926
0.000525011329397881 0.102766794976555 -0.385120249258913 0.269493480752128
-0.139343578154437 0.157297620020463 -0.586044222280848 0.149831072108861
-0.309057653866351 0.367505411159223 -0.0709016813237218 0.123308496508831
0.0287695517411757 0.414598391981522 -0.0129734652173093 0.0578119588465657
0.337214779601834 0.174900510954422 0.0453452844539933 -0.0123268484705255
0.312045588454668 -0.209555875785876 0.0930794308640194 -0.121638054614311
0.026376279942873 -0.269063498640708 0.00725549683092094 -0.215018925654485
-0.0717693953441693 -0.18337310665032 -0.072911951841954 -0.110912272057733
-0.147719296388099 -0.138824871649636 -0.00539523504919634 0.00211827404389672
-0.176269834092126 -0.116866408384137 0.0760243195416391 0.0751875581466607
-0.147421951129786 -0.108171976089915 0.179591667699003 0.104154859633465
-0.0737179421031515 -0.13638268360629 0.218761604580972 0.200312389147713
-0.0113098744409094 -0.164487080024014 0.193420581626284 0.318079344918022
0.147143647918091 -0.177995592903258 0.00745873893473544 0.411557540974039
0.22412609588948 0.0256803218979005 -0.224022595265496 0.38941104729885
0.0293303370556239 0.229236904245428 -0.303983905093458 0.217914192543188
-0.24332872333614 0.293499286607806 -0.460466887148001 0.133458601959215
-0.352044992054291 0.400853948458705 0.0567922460683361 0.0783576934443983
0.0186052743819364 0.432609143058092 0.100446891247456 0.0992623714849623
0.33660826042318 0.192907221295541 0.189372266374937 -0.053189423920935
0.328414723017329 -0.190180350575985 0.143545244832526 -0.243694691188317
0.0622566056486483 -0.2702488538382 -0.0295744772209281 -0.308397106638007
-0.0470307934234009 -0.205086239657277 -0.132135610723085 -0.170789765826455
-0.157000278956082 -0.165276185017992 -0.0702348987744534 -0.0466825353330682
-0.205564739626435 -0.134872672393006 0.00952632222335641 0.0228092953396646
-0.184580803284125 -0.122798395759345 0.125498174609612 0.0563535973779795
-0.111116394540259 -0.161334951116062 0.184392904548067 0.177289391279357
-0.0340193204222128 -0.223011898774655 0.154641296911898 0.315709345524583
0.204670700114454 -0.260551708401636 -0.0524929970171618 0.374067571985454
0.335873268167461 0.0429501256998109 -0.226438682327714 0.297571699883448
0.0566154631085858 0.348291716853451 -0.189896210418413 0.138842531883636
-0.316834897107143 0.396129235680654 -0.300755192034666 0.0874883173962573
-0.34338340788044 0.392759126077899 0.225054248449386 0.0385645601615794
0.00224454145529273 0.386712358969756 0.257543204482479 0.071712265715748
0.27760596675863 0.186778398141309 0.279554115302251 -0.155842776371275
0.298085364374875 -0.13132802570043 0.135806988268544 -0.345594223272579
0.0944956320203449 -0.224964237685249 -0.0688843661481991 -0.357034890614561
-0.0111274663360342 -0.192719954854127 -0.172529496795323 -0.215872036109332
-0.13954911199883 -0.165025968978955 -0.130811644271017 -0.0992569707904274
-0.204268637077477 -0.134079520361396 -0.0636280274394466 -0.031278239223728
-0.19666964436453 -0.123718813443705 0.0568663104393299 0.0195711702873635
-0.139282774439601 -0.180035702080125 0.118600969191303 0.159335656845387
-0.0393232266177792 -0.272699926543676 0.0685310664648818 0.28317048916481
0.272219498683318 -0.302494203683127 -0.115465628818933 0.267311826312506
0.406804139341246 0.0929275522885438 -0.170498832776224 0.165093251590914
0.0480687437357864 0.428652550930725 -0.0541027956288934 0.0829321125708241
-0.351173660856836 0.437435480740033 -0.134552831307414 0.0211526794634293
-0.283346022851595 0.347971277330141 0.39759150127889 -0.00882676421627237
-0.00754062915766441 0.307111210795241 0.388983792151404 -0.0175259005099085
0.199914752353577 0.165255530442366 0.29678669739419 -0.25939060209495
0.242300305177855 -0.0685697369655963 0.0964192235409832 -0.393406667196698
0.105991764651049 -0.158993523741277 -0.0931741933592739 -0.364586404924142
0.0180730898590308 -0.151366554545753 -0.194935806003731 -0.248243919334542
-0.104905892866681 -0.137892391205627 -0.180881604837604 -0.150343875656502
-0.171289232841111 -0.115792422055573 -0.129217475013726 -0.0774707664703957
-0.176185838667169 -0.112098751603474 -0.0148017652198611 -0.00805111807588273
-0.132458825864979 -0.182451945850639 0.0351741853910244 0.129160127566958
-0.00962791910322042 -0.277030908897762 -0.0227847321438008 0.199075647135382
0.313861419586914 -0.251986080397608 -0.117957468290187 0.118209920782574
0.37862010731713 0.161079554084547 -0.0432902375781149 0.0723327359678831
-0.00508273832618914 0.423037815190735 0.0534013039902011 0.0928903873033212
-0.329207626153674 0.394705907348132 0.00608791653022373 -0.0505807614160932
-0.186617857845763 0.268197812923483 0.536043909704492 -0.0610703246984388
-0.00391602260496792 0.209027627727271 0.463860659584846 -0.125679139786968
0.128175451792812 0.123324436905461 0.273646758487704 -0.33201174906359
0.167712575248979 -0.0259528179976509 0.0577016817915466 -0.404476523004101
0.0856873529656152 -0.0888290020217206 -0.109930133642107 -0.355279961378696
0.0305416941641664 -0.0895578403155203 -0.208068410441216 -0.267536505953967
-0.0595336458990774 -0.0892784574444835 -0.216140564590891 -0.187482127979195
-0.111274799942252 -0.0813567315051705 -0.175383781197711 -0.109646857093745
-0.120012760514288 -0.0860352204309197 -0.075831483624308 -0.0294725196853386
-0.0854266136168559 -0.151625110516355 -0.0356027608614176 0.0826674627919989
0.0328077323433696 -0.208590380293686 -0.0682199819202692 0.092029253626528
0.270207684506008 -0.12986697980565 -0.0527746102889579 0.00588051968875277
0.241901875504874 0.182224395275907 0.0855246010357331 0.0668162532154578
-0.0643081286355986 0.304946103831834 0.0866692220750691 0.140548862682187
-0.244839320017357 0.271679665696054 0.102829850826337 -0.116556955122343
0.0539938473270746 -0.0547879799865032 -0.120175327822217 0.259839584685021
0.0249847793539403 -0.130421380059381 0.00331365555427213 -0.064043125616345
-0.0664925274434212 -0.113598682373084 -0.114711493132211 -0.118775846749776
-0.126406881481126 0.00569543424523615 -0.0347631387248887 -0.00606948217126528
-0.0435706771597803 0.0820505981480356 0.0284139104274874 -0.0415355341699997
0.0283199313655386 0.0545081678855691 0.0281245836734275 -0.0187110778037424
0.0498859015486869 0.0226403634135543 0.0844878104920773 0.0694315151577461
0.0383482812011786 0.0127651058194845 0.162565331467504 0.153712279614168
0.0166238040773429 0.0242162306539305 0.228973021498903 0.216100626999621
-0.0275023332336162 0.023674766192663 0.217458427302893 0.291132640676126
-0.0602242590415226 0.00235537167260185 0.139335757302887 0.36364130288832
-0.0678889780919837 -0.037706669988839 -0.0251319885220703 0.404107938188004
-0.0320521809535212 -0.0750086094218223 -0.252900864635122 0.37570157983639
0.0191204948129524 -0.130439724790869 -0.482756847941827 0.217575047949343
0.125073889049099 -0.11296004634586 -0.683474249756669 0.0668212365341443
-0.0900410901114107 0.131032065748188 -0.162432630864713 0.237499458018068
0.0278525789440601 0.110616252315909 -0.0203072694292683 -0.0425364613973823
0.111689899725884 0.00522295059582431 -0.124090047140632 -0.0995380405009337
0.0586966351236255 -0.101470818827193 -0.0394499663029911 0.000832167306857551
-0.0338685008680352 -0.0718793097137027 0.030330538527543 -0.044951943466606
-0.030419905867631 -0.0387439446661431 0.023396634280258 -0.0166543585644117
-0.0353709420090961 -0.0354840965687098 0.0829770703640109 0.0657361075805678
-0.045901450773283 -0.039388608449546 0.157048861955774 0.147835167431115
-0.0398234729705577 -0.0339852050904242 0.228487181174909 0.201204816701384
-0.0294467626485933 -0.0467519822025423 0.221792846511767 0.275298007303589
-0.02002013322863 -0.0552851417122508 0.157830568181953 0.344020126811457
0.0197550738226528 -0.0589134396504992 0.00407977574858357 0.401215143109741
0.0337760994272593 -0.0202501497666242 -0.22572780683769 0.40634030512699
-0.00732321859629656 -0.0172086283976029 -0.444097371267311 0.265498749782478
-0.0130865517461797 0.0143515113015008 -0.669600436367283 0.124241925646556
-0.219171514860184 0.280537246911588 -0.149774093908772 0.184376471842744
0.0231943523620273 0.3094307412117 -0.0451340935713755 0.00097586357801875
0.257025521206337 0.1179850433722 -0.0743240542714541 -0.0412178134588672
0.223853020981003 -0.175246775127191 0.0156650479082077 -0.0325579061018309
-0.00435728114902778 -0.202254965538023 0.0268383622406316 -0.112297023246544
-0.0666342639227381 -0.128342385782402 -0.0155875040237486 -0.0520146610872503
-0.107090706439605 -0.0954121029457207 0.0490887200416164 0.0429351476886862
-0.122990288195071 -0.0857561864903978 0.12958140889528 0.121486984844617
-0.097521027723965 -0.0815705926932539 0.214701062388894 0.160300636991534
-0.0441231120657276 -0.10324699210601 0.22698442680698 0.240241438906788
-0.00106379504268797 -0.111057699687291 0.183916509871581 0.327702435146953
0.0940816172220385 -0.104739867515108 0.0202414749562605 0.409014853671238
0.119958569394343 0.0134787227846319 -0.217178408327969 0.418861880170442
-0.00413170858464689 0.107285440959111 -0.385602017968095 0.265144782461727
-0.140742551314349 0.157746453183992 -0.589232846413486 0.148838055470866
-0.310688747998276 0.368500238986308 -0.0781709762498826 0.126145820528477
0.0221248348250199 0.419476580747844 -0.0179351368926516 0.0657656018116275
0.338752681473076 0.179529829464586 0.0469443009332264 -0.00217295844112992
0.316373595580217 -0.210005098396869 0.0998010897932762 -0.118670182926225
0.0304499764285668 -0.271045235217702 0.00858328986532778 -0.218959530570965
-0.0695862281456633 -0.18884217869802 -0.0760822597403708 -0.113110640177407
-0.148592597814538 -0.144745454936262 -0.00898771164945018 0.00370131236687538
-0.17993886843483 -0.120841016424312 0.0775394063407221 0.0787224221973699
-0.14803126668895 -0.113369616146359 0.1798608966773 0.10743538922715
-0.0719655438861892 -0.142014596461366 0.218457803698051 0.204580510800362
-0.00904193455584319 -0.167139229412795 0.190022638434231 0.323379298100923
0.152480756246894 -0.177833979873078 0.00161252605218534 0.412334753608296
0.226234645697729 0.0287235549152403 -0.227762075507039 0.388539502858564
0.0236768120786601 0.235842673625172 -0.302741929426064 0.212721781538903
-0.246844420708593 0.294073066602343 -0.46245232663771 0.132978668860186
-0.355219380440295 0.40054071446764 0.0526342922765415 0.0816529083911513
0.0116100794558761 0.437500179984877 0.0976759862041712 0.107496288966499
0.336820111622739 0.19714007692279 0.191568716598416 -0.0439178608703138
0.333346615098181 -0.189084497923944 0.149523642722577 -0.241449632161249
0.0680777160254955 -0.272501645987777 -0.0281664532503087 -0.312768090614873
-0.0438458232772448 -0.211917689529466 -0.133841028621731 -0.173952402193511
-0.157432062823454 -0.171859348024646 -0.0734413681688741 -0.046617416049053
-0.209154025889295 -0.138988308284164 0.00899369156513962 0.0238637175474258
-0.185565997343421 -0.128523336736148 0.125432120319817 0.0581745150325994
-0.108926924566511 -0.167749331016116 0.184578794737715 0.180503783831455
-0.0322853679817866 -0.225860661730232 0.151760017071496 0.319609793714423
0.210540670889203 -0.26040575394656 -0.0573233869395272 0.374686784951226
0.337636373147746 0.0460006184224619 -0.229603118688476 0.295432297239699
0.0513520953756385 0.356258459900823 -0.187578850476149 0.131982492592718
-0.32133361385127 0.396906664892066 -0.300217277741007 0.0856465270524415
-0.346566896075392 0.391947693391035 0.224488863214271 0.0417940666255782
-0.00492084579815721 0.391698340370216 0.256919470497236 0.078762579282709
0.277862504452446 0.191803705393304 0.282272344359275 -0.14793985775851
0.302755454883235 -0.129981651132389 0.141528069780778 -0.343858567289575
0.100862868813029 -0.22700736042212 -0.064851894688084 -0.362183751410301
-0.00736050230938947 -0.200098936665035 -0.172838979203719 -0.220630764311986
-0.139906591424362 -0.171777121563259 -0.132935694615983 -0.101271491490955
-0.208007172684865 -0.137425975242294 -0.0649026106470469 -0.0318861441115965
-0.198511571515036 -0.129446246219205 0.0570563857683349 0.0190945113181312
-0.137403821798489 -0.185709905239535 0.120263642143316 0.160732910106572
-0.0382919372290206 -0.27615311720024 0.0668126814668665 0.28698801793501
0.277894680869468 -0.303888391416748 -0.120960403908489 0.267880212252548
0.410360507995198 0.0956212183747042 -0.17236775896454 0.162890879967092
0.0434071550735712 0.436154482582347 -0.0494155506212668 0.076026117733587
-0.354399650719616 0.438634624012162 -0.131678219342907 0.0187503822016449
-0.285803549165922 0.347498030162046 0.398286768379945 -0.00669654781825236
-0.0140358519942428 0.310026967070282 0.390698721426769 -0.010197053334559
0.200095663513421 0.169890640403423 0.300418423324697 -0.252759514451729
0.247273218610752 -0.0673092936138992 0.102727888630353 -0.391606973414146
0.111956294130291 -0.161413390601621 -0.0881489299930397 -0.368913821886464
0.0213019902231646 -0.158053202609856 -0.193249760450587 -0.25329769828695
-0.104270929266572 -0.143639328063339 -0.182787134722058 -0.153377636727129
-0.174455979751513 -0.118515662198285 -0.131583329654795 -0.080150901318691
-0.178274223015148 -0.11700222552378 -0.015099322642484 -0.010076764284178
-0.131079005439747 -0.187597615423279 0.0377978490444254 0.129471231509682
-0.00868234214227655 -0.280577745376395 -0.0238615484692481 0.202365273319049
0.319194732760911 -0.254791997200149 -0.123234171762085 0.117656242980915
0.381847457236442 0.163420465457324 -0.0447973402402005 0.0688871203898651
-0.00928228028363388 0.432147602582924 0.0607855033801897 0.0853347616021757
-0.332571816833764 0.397435146579736 0.0119426944878667 -0.0539578393769071
-0.186436312487866 0.268268662470342 0.539155935054102 -0.058870050228613
-0.00819646038629824 0.211696900487557 0.466569100068169 -0.119976280163889
0.128280589098265 0.126920593859818 0.277643521430099 -0.325696739033748
0.170228051741167 -0.0249993369768252 0.0636451196730964 -0.403310334081281
0.0902573684441145 -0.090241459701402 -0.102952845067827 -0.361266307159556
0.0338897595757589 -0.0942458046963663 -0.205619057537449 -0.274683202125197
-0.0583796632718081 -0.0930815725620061 -0.218300820094492 -0.191877245800215
-0.113291607628108 -0.0833068830920031 -0.177736703999707 -0.11348984366416
-0.121693740868237 -0.0897870923652177 -0.0760001218886477 -0.0325285734663602
-0.0854798381088064 -0.154661377327477 -0.0319208684637924 0.0819495377343483
0.0331300312223359 -0.21157429291777 -0.069540912035121 0.0950173560063718
0.274632659898319 -0.131144375745326 -0.0569488000638035 0.00412048457234005
0.244112758067094 0.183737194388253 0.085103999523819 0.0623892613922024
-0.0681227851984317 0.311083030822101 0.0943813565155139 0.133525718149081
-0.246420521495077 0.27320563627132 0.110687355224394 -0.120265958957258
0.0590059780707144 -0.0592740234804894 -0.130112424135143 0.276382545219218
0.0231372813142664 -0.137997747067028 -0.0029960856892775 -0.0573160569319981
-0.0725510052650886 -0.118633686561934 -0.118318447603058 -0.114275901926167
-0.133089010597619 0.00952907154383953 -0.0287155217426245 -0.0035519643091397
-0.0434080577630892 0.0873801204494592 0.0293037185273979 -0.0463062321600421
0.0294354731401805 0.0570697052083587 0.0252126811977963 -0.0199743314060146
0.0520431486546663 0.0232001063667097 0.0879015660968683 0.0747566956164502
0.0394400026961626 0.011742161997621 0.174135094878507 0.163523443037493
0.0169407687356099 0.0245589667570792 0.242191759348466 0.230066370834213
-0.0293519877348834 0.0252816182423303 0.228315752337985 0.307327161747313
-0.0659887714314958 0.00401779129760054 0.143616947738748 0.381431927084002
-0.0721601482676629 -0.0403688009928584 -0.0299546507521876 0.419493421206294
-0.0327417747189049 -0.0803622201245201 -0.26145894377697 0.387962409297519
0.0201761161439014 -0.134292490013351 -0.499600176050658 0.224208035145906
0.131546569045807 -0.117743194737585 -0.711095759397326 0.0766676176367496
-0.091571097770263 0.135814244341131 -0.174242309298255 0.253694097011081
0.0271508301087838 0.114750455288406 -0.0274372231875314 -0.0349403770101751
0.115768524006679 0.00406153279234734 -0.128687990488935 -0.0938030040653069
0.0601853940516206 -0.104949386783193 -0.034728122358191 0.00433757109280404
-0.0344894975419879 -0.0740666485062548 0.0312206978552952 -0.0506269689909326
-0.0314767538459318 -0.0410846145992782 0.0195854098806734 -0.0175122816265352
-0.0378644080362514 -0.0387631281236547 0.0856266920692747 0.070231257778602
-0.0503715749118093 -0.0421580014515483 0.167761702402803 0.157378086504597
-0.0426577258626916 -0.0382922358784259 0.241722968027586 0.214537808272039
-0.0314397698968403 -0.0506805235496487 0.23344830559775 0.290683864882864
-0.0218952904341476 -0.0574302599599062 0.163119866091972 0.359580312796331
0.0217745422471635 -0.0626979346739885 9.68978581455979E-05 0.416185980285184
0.0360023654546668 -0.0217328170970216 -0.232035949072596 0.419771472365241
-0.00982497347532984 -0.013597011098666 -0.458812660702944 0.274153166728311
-0.0127712478083666 0.0145367229550809 -0.695927053283054 0.137955976308749
-0.225909900649434 0.292753524814127 -0.161365371765487 0.197402240515684
0.0236704273193505 0.324234242625749 -0.0525274586957472 0.00990860736474234
0.268545110267084 0.121552794905052 -0.0760639693876223 -0.0326948578591173
0.232299265196126 -0.184568830745385 0.0219533787633751 -0.0311973672713449
-0.00428637324888971 -0.210872707816394 0.0269541711323303 -0.120498459843646
-0.0694116522596589 -0.136115356189627 -0.0212431822026479 -0.0537297684046574
-0.114011121680969 -0.101781962241837 0.0492114571371482 0.0474282048029512
-0.131792683593805 -0.0902331783253615 0.138417892241981 0.12950883748988
-0.103150528407674 -0.0884251159384252 0.226554087702795 0.169329720113188
-0.0460246789453862 -0.111243619514601 0.238373447580251 0.252428307591888
-0.00131491677591556 -0.117493416921151 0.19011284655357 0.341594077814459
0.10035031023974 -0.110546791534289 0.0184921534133438 0.425026150415551
0.1257907537078 0.0145231250654657 -0.223088106259095 0.433243754586676
-0.00688825214618726 0.117270168963569 -0.396880258924142 0.273070295578881
-0.145598063242992 0.165494235216194 -0.613431383577499 0.16082078427586
-0.321612252440608 0.385126315180937 -0.0866142704366489 0.135326271342914
0.0224166491150694 0.43869231930824 -0.0223993726226772 0.0761729593020367
0.35347115987476 0.186174501218002 0.050346346714164 0.00674759537410399
0.32942513275116 -0.221814338506276 0.107321378477459 -0.122193522955475
0.0330450766710632 -0.284067074037861 0.00662029563520934 -0.232285473519362
-0.0726738864976828 -0.200924307650373 -0.0835063836393002 -0.117868698010723
-0.157583005572382 -0.154250789539465 -0.0120273921392775 0.00635987149721257
-0.191489000721648 -0.126695428666014 0.0832931945009783 0.08357654972042
-0.156543097618347 -0.122279937055384 0.188229664031063 0.113013863978341
-0.074918402951695 -0.153424159800898 0.228314581124928 0.214847176691364
-0.00920445370480231 -0.175916197812047 0.197788937842425 0.335733558078743
0.161303786245347 -0.187231565094598 0.000789565596213428 0.42920573873846
0.236381966665455 0.0301505433850328 -0.232934774899511 0.404180890860605
0.0232920394822671 0.25176576775636 -0.311810522167484 0.217491173544706
-0.255644117798011 0.308875110879869 -0.480438621507891 0.144319733363471
-0.367984262027035 0.420682154637295 0.0510943206808111 0.0861373023784553
0.00990396417684353 0.457221424452653 0.0995454101642326 0.118182807763405
0.353110932471395 0.205773038428941 0.2008760050814 -0.0383217320297915
0.348331840049314 -0.19965912517595 0.158718817339124 -0.250203750601502
0.0730516350508809 -0.286704211953949 -0.0310772469389048 -0.329809534962982
-0.0458545946318131 -0.226619712562088 -0.143207371939196 -0.181991285823488
-0.166091133902338 -0.183604014495248 -0.0802512971783173 -0.0468552392028493
-0.222307389940901 -0.144931647195894 0.0102435101911788 0.0260182575768896
-0.196015269630846 -0.137643763479827 0.130578723453255 0.0602099178956421
-0.113568260676567 -0.179660160511048 0.194146850262388 0.187661924810284
-0.0329246574978304 -0.236704406702084 0.159753778473261 0.333659767333863
0.22120234137671 -0.275002662589669 -0.0611015093617577 0.391050053072883
0.35378819865149 0.0470712326653805 -0.236364388288391 0.308732302952088
0.0519445301713907 0.376790468864148 -0.190440899584083 0.131781403383889
-0.333738943664998 0.417870800860183 -0.309152440504208 0.0926266728981118
-0.35868078276643 0.410641873350189 0.231142476153572 0.0424222870439328
-0.00827826800333159 0.409815118720042 0.267087926341694 0.086288748576715
0.290368476383304 0.200661176812426 0.295012730239038 -0.147751821098867
0.317709745034493 -0.137271782774695 0.148447854276599 -0.356941282724792
0.108314570062201 -0.240545237719846 -0.069338276771259 -0.380491239395913
-0.00671685214405174 -0.215932472338983 -0.182709481403773 -0.231144313065812
-0.146842785318129 -0.184671748571057 -0.142280578200977 -0.104863916583992
-0.220951274952808 -0.143062026818267 -0.0691186376167859 -0.032993818236285
-0.209220331495688 -0.137897836967506 0.0582262345708661 0.0187479723977955
-0.143175010976875 -0.196843688438961 0.128870712766404 0.16710438330486
-0.0418119312190562 -0.287942928239775 0.0729822229728549 0.300922521081098
0.289369255856008 -0.320084459803266 -0.126644546409756 0.280254565307547
0.42973343165603 0.0967834937918035 -0.177614057269632 0.169949165387888
0.0465587279857379 0.462552749283233 -0.0452457156516524 0.0708943058003158
-0.366564033591373 0.461337377295252 -0.132603078022605 0.0194951668821264
-0.293455819461287 0.362433958184192 0.414567174974915 -0.00867099711134787
-0.0177359541682359 0.324788969613755 0.406247798622299 -0.00911843822651991
0.209450589168981 0.178120937595695 0.313077543365587 -0.25801972983446
0.259664979540431 -0.0714353290593358 0.107730496225132 -0.405876021658183
0.119971960820471 -0.171486356374014 -0.0910475887583951 -0.388310342524739
0.0240401422969139 -0.171893648411856 -0.20248067066987 -0.266744475764493
-0.109779538364031 -0.153923929261673 -0.193860770502545 -0.160050204314261
-0.185057623279925 -0.123470753689366 -0.139626357865802 -0.0837023099537912
-0.188041268409764 -0.125032521305889 -0.0173645412019059 -0.012668421242093
-0.137728703138898 -0.196617824674142 0.0434561096080014 0.133605425538773
-0.0118924486933444 -0.293302589298645 -0.0231154807138447 0.214450204522295
0.332727605225405 -0.27084649339219 -0.132333479508893 0.123157896371157
0.401862449072581 0.166250813425891 -0.0463281399027076 0.0686554135816095
-0.00812077768465287 0.457336834574721 0.0714113318968546 0.0798434362883652
-0.343353818540702 0.418516939391922 0.0173631859193864 -0.0590879460946951
-0.190497351275522 0.279394885536221 0.56145059084382 -0.0647045469728339
-0.0110073457698337 0.221686317499865 0.48519953896621 -0.12432275432617
0.13419873337945 0.133037902583487 0.289082235231653 -0.333327602263082
0.178762499230926 -0.0266945947522939 0.0667502761285614 -0.416527244362052
0.0966562852817916 -0.0966169533258642 -0.105809800168225 -0.378917975408889
0.0368129291823977 -0.103484523084283 -0.214372992129547 -0.289334277636273
-0.0606107243383123 -0.1000237772483 -0.231000196273092 -0.199971105346892
-0.121314559537454 -0.0870381680051638 -0.188922712809527 -0.119496120177795
-0.127557184986795 -0.0953455436401584 -0.079819658809085 -0.036889881069843
-0.0903709499023919 -0.162797053605725 -0.0287761486141333 0.0846091937127111
0.0322462923219243 -0.221951273360176 -0.0727458276814326 0.10299438675078
0.286671824585412 -0.140934432579813 -0.0641651936255802 0.00350998117187522
0.25802802965493 0.189770778905218 0.089178507251151 0.0582430374620364
-0.0701421301407415 0.330275980804084 0.107458138338853 0.129179109367396
-0.253117575619177 0.287891461538577 0.121297334611238 -0.130644023689635
0.0617708424366547 -0.0690289514899638 -0.13104357229714 0.305388253438426
0.016126322143056 -0.150862050767555 -0.0117462065503523 -0.050477363902047
-0.0849686927065047 -0.123500055730747 -0.128298080750723 -0.107311513181325
-0.141292566285686 0.0187547727280617 -0.022926739894698 -7.39694972559038E-05
-0.0407676325885023 0.0953230874548965 0.0286014632606179 -0.0543520831207618
0.0341315322775689 0.0599425741828765 0.0204728278727339 -0.0214829616866444
0.0559337194567283 0.0209804441102142 0.0955525047301552 0.0786746730078101
0.0407936555135307 0.00972125899537345 0.197563663419932 0.169477541526111
0.018853448768448 0.0243058453551011 0.27213479169383 0.238941944895772
-0.0317886466481101 0.0289086739734708 0.256642844399092 0.320750087161158
-0.0721686517526424 0.00890978737276363 0.167893582944996 0.401596830778926
-0.0793220962791449 -0.0409923047548969 -0.0189023248326936 0.446131049290059
-0.0381445046674262 -0.0870264147714648 -0.260728394597659 0.41860163936175
0.016349445449544 -0.141184633534515 -0.518603875425713 0.256100756401405
0.136712648947532 -0.13090323836251 -0.750203419394274 0.117506379490096
-0.0891220489458566 0.146255247867364 -0.18003304151093 0.282496908890284
0.0313130611657221 0.119778621150021 -0.0368936087869548 -0.0262434173777363
0.121581627804239 -0.0012454304873373 -0.139263212743136 -0.083875387708249
0.0589079767595757 -0.113817366386508 -0.0301420894758145 0.00779023384709366
-0.0389505918679673 -0.0770014272433261 0.0305110032432465 -0.0594581367126869
-0.0361876396879523 -0.0433718634365655 0.0155951660836749 -0.0192781053497496
-0.0429774789865895 -0.0410534659820049 0.0916832876317641 0.0750426484480792
-0.0571864803282464 -0.043964486504628 0.1902274990947 0.163780960786794
-0.0477724684191551 -0.0410645756510267 0.269872146476057 0.22148453592392
-0.0363209128010779 -0.0534574701969176 0.261351817681308 0.301942506406651
-0.0264648684517427 -0.0599747807406312 0.185333971382628 0.378775431554152
0.0215170452126156 -0.0689601967927795 0.0134127631800171 0.440609689152768
0.0369694783297344 -0.0255622832662503 -0.226806775069599 0.452066786961943
-0.0118445914747332 -0.00990105953066441 -0.470987578076626 0.307988057700495
-0.0112863231548113 0.0166593399900917 -0.730920025688618 0.17938984500819
-0.225400559246654 0.319427773841941 -0.168186015908284 0.221785987505158
0.037043319071908 0.343755144107771 -0.0604728223993172 0.022442738749932
0.290084573665236 0.116945733533817 -0.0810830647010359 -0.0215491668628436
0.23883573082309 -0.207703889000604 0.0277338128676858 -0.0315138941685863
-0.012936616982774 -0.224065750844517 0.0208968776072694 -0.133606100033291
-0.0804329053873536 -0.144093858643985 -0.0293963078922816 -0.0560141882240802
-0.127197353201929 -0.10658471714319 0.052153654871151 0.0520543719650793
-0.147759705609465 -0.0905895435801941 0.156273705153522 0.13456353745311
-0.115661276894136 -0.0934809490246769 0.249181389106216 0.173606735064182
-0.0542954761924356 -0.119600015417853 0.264694917725873 0.261345893057471
-0.00532661786606268 -0.125173749204064 0.214172590970093 0.356391764793733
0.104544192338117 -0.122957973281826 0.0346067434852881 0.449112978057276
0.134251966969066 0.0115920806593266 -0.215656748740578 0.467662726256968
-0.00445112987500913 0.130959261134937 -0.404819208448328 0.302324332940475
-0.146918801948885 0.181551973635628 -0.642723955071483 0.201920458962737
-0.323268296200704 0.424292449541346 -0.0903573274722237 0.150539234303127
0.0398169947446654 0.467584884740281 -0.0248292649231573 0.0904611819930612
0.384457722453236 0.182206207413503 0.056027630240313 0.0142062264528834
0.340288709288044 -0.251006514882602 0.113347035519106 -0.13280080881321
0.0247215222985488 -0.304684068890727 -0.00482725860763456 -0.250917684556928
-0.0859145326168623 -0.214949151331621 -0.0984412739485424 -0.121327039172763
-0.175356025071906 -0.161370729487502 -0.0159006162563144 0.0106377565637312
-0.213463135154198 -0.126857453416253 0.0932385680574146 0.0874352005790609
-0.174556587058398 -0.127057141420348 0.20553942054385 0.114418351133937
-0.0856793556539402 -0.164215203360365 0.25270405610306 0.21939023841238
-0.0155191530289942 -0.187362992830988 0.222749957136776 0.349560688625722
0.166361443440065 -0.207335676517481 0.0170612605049052 0.454252700105775
0.252325610244492 0.0228280609374118 -0.226537836303963 0.437815123791202
0.0323771723158801 0.272692134308724 -0.317570158506882 0.238860044664443
-0.258606078574162 0.338859274360967 -0.500691403549566 0.177098213761547
-0.372047675757486 0.461810777551177 0.0546028406989898 0.0907188857505125
0.026251215282591 0.488043289731355 0.108033070453481 0.126929855221281
0.383808274269577 0.204124080588879 0.213883287363365 -0.0420296001933338
0.362225829803031 -0.227188128996773 0.160753051628283 -0.27153065235319
0.0678788301261107 -0.310333943924977 -0.0503606949715596 -0.35264087140984
-0.057396783900858 -0.24529429132608 -0.163268721258911 -0.188189433727297
-0.186126127548473 -0.193162203931819 -0.0901861322682264 -0.0439332699734958
-0.247102396964305 -0.145376563371983 0.0117791352146236 0.028114318812646
-0.216344025318636 -0.141890945412834 0.140649494509423 0.0588159168341061
-0.127279318176962 -0.190511131073613 0.216301308478315 0.191053413245447
-0.0448769906594882 -0.250503744107547 0.184557512703005 0.348081509690042
0.224538926098888 -0.303341215458203 -0.0481544649975158 0.417235601681465
0.378124142440073 0.0341056299896551 -0.233711107244498 0.335695719751638
0.0710725275025664 0.404765118935329 -0.192504111963471 0.140385678557353
-0.335533614374656 0.458906219647237 -0.32078699462423 0.112372898677564
-0.363110132342728 0.450285322345648 0.245095996908616 0.0350225671985575
0.00433327019160223 0.43846428645484 0.286344834389579 0.0837293512128521
0.317272196841946 0.202738618502837 0.308310599298303 -0.164549731393682
0.333943647594122 -0.160287846282939 0.144791364196867 -0.381726571210009
0.107400359972799 -0.263591792852567 -0.0918102056472403 -0.40503337578163
-0.0159313880114741 -0.236332265579109 -0.206449207500635 -0.240400215449488
-0.165852359744378 -0.194962915382467 -0.158850352918556 -0.104088860931132
-0.245148621275159 -0.143591689097252 -0.0758442271743669 -0.0313012420889095
-0.231289197826157 -0.140950953171027 0.0614944162664413 0.0164150002907786
-0.160300863649106 -0.206165555717642 0.146220879107303 0.170823624738248
-0.0568213308776172 -0.304274274050885 0.0916379591438724 0.317948854144083
0.294090564843091 -0.356291046988267 -0.124810739661732 0.303074768205833
0.460658416129951 0.0825386276749337 -0.179475811920729 0.185729331779137
0.0688789281093074 0.496427439901622 -0.0396381522489184 0.0677334377979163
-0.367122962085138 0.509088523757293 -0.135375515389854 0.0249503315056838
-0.294680350379319 0.395456809462689 0.43831623855085 -0.0284918972257994
-0.00990951414437933 0.348346963249692 0.431813424607634 -0.025416638636926
0.230827604927385 0.18271684872799 0.322607337718702 -0.281871742112537
0.275373777081735 -0.0873634632886332 0.0991596143708808 -0.432514706514912
0.123264532585864 -0.190596449936824 -0.112785385966281 -0.411133015277813
0.0189867197164384 -0.190650680358919 -0.227351226300684 -0.278719999598254
-0.123818040204249 -0.164239048387085 -0.21623497597815 -0.161719972167642
-0.205871048488825 -0.123490193768356 -0.154392209078931 -0.083007171931694
-0.207323696795425 -0.128263424342842 -0.0201115173589075 -0.0150686415055897
-0.154490795284202 -0.205244287340382 0.0560926635619821 0.138279827546897
-0.0267681928441503 -0.310851234187159 -0.014143035454304 0.231802850034253
0.342525694012895 -0.306412447039546 -0.13934389754567 0.136814495623907
0.43610431171147 0.158372645193014 -0.0438498868597214 0.0703917940889685
0.0119492886341771 0.493493950253574 0.086043903116593 0.0702888570869638
-0.343864713076645 0.461504213321682 0.0217798410728839 -0.0675219706802409
-0.188440880772141 0.303846861805345 0.593942481108708 -0.0966030340893005
-0.00542853476451722 0.236605848520345 0.509042226523396 -0.152365348476776
0.148446491229885 0.136441155532526 0.292556144744921 -0.361335672145379
0.189882954524837 -0.0370220899001016 0.0564459067672751 -0.440835728742613
0.100931975545853 -0.109016634316826 -0.12685715278694 -0.401331348323437
0.0363500410038813 -0.117084948847851 -0.23978371547871 -0.30192424606741
-0.0687592612987462 -0.108273152309139 -0.256694358347881 -0.205246077474936
-0.134693594649633 -0.0870433777529929 -0.209265894900088 -0.119076682031059
-0.142894534133755 -0.0979816199254133 -0.0876711496828537 -0.0390577769399225
-0.103991756597054 -0.169870788362865 -0.0227209120725476 0.0887252439785825
0.0236049522260127 -0.237585327290812 -0.0723792240796231 0.116569719168171
0.299360030368504 -0.167044107635585 -0.0737183863160292 0.0058617922850427
0.284681423974807 0.189060271529317 0.098353585859344 0.0513947199387773
-0.0588859815636372 0.361150451164841 0.128572482550926 0.12095783594093
-0.252934439219676 0.319455402656855 0.12895683572407 -0.149856477356952
0.0793309696692957 -0.0567463687052363 -0.181131243399209 0.296347845302434
0.0347497305151673 -0.153820800859188 -0.0130651063586342 -0.0484288166206308
-0.0725320068849104 -0.139221373330411 -0.123127191187696 -0.1263231472113
-0.146239609384917 0.00234005629864819 -0.0264202260949639 -0.00334560369966524
-0.0569883580529535 0.0909800926596087 0.0356777398521609 -0.050089205524919
0.0255394803897737 0.0677342529805042 0.0199578342075929 -0.0185334314087958
0.053832464629791 0.0285741363618519 0.091320557122356 0.100459787450513
0.0420788177641113 0.0165261917371032 0.187216911507302 0.210176578905799
0.0143951703396618 0.0277644906862002 0.258694969286388 0.293879658278555
-0.0374328888298117 0.027169601424529 0.228657816424655 0.373020929666007
-0.0794831061910568 0.00251004197311658 0.122721691154625 0.441989800247669
-0.0821484051974799 -0.051073582182217 -0.079685907714909 0.460164562220133
-0.0303531068238749 -0.0982874191384908 -0.324104100337003 0.398236278890231
0.032560991314235 -0.142536733398731 -0.567310502964259 0.196982454078091
0.164629494020911 -0.113342546020984 -0.809530626582964 0.0140594462330942
-0.111113381571096 0.140779848603021 -0.23537674218991 0.274686691865448
0.0120037913033546 0.126434206419232 -0.0414652994664281 -0.0188727480195809
0.119746801491966 0.0178629813365823 -0.125926618658746 -0.0957696805735257
0.074841219485258 -0.106236132630165 -0.018830415058715 0.00103069652749925
-0.0282482867283943 -0.0843069016886105 0.0358925822060117 -0.0658707609369284
-0.0304738779818984 -0.0514769805585939 0.0125434987643047 -0.0183097292961474
-0.0395158574676445 -0.0512622330175557 0.0853409583113478 0.0935174863430524
-0.0524965020198672 -0.0564319295745702 0.180771764688687 0.202818103469952
-0.0443589975037016 -0.0531339911976419 0.259976302843285 0.274432190691357
-0.0282244095925881 -0.0622781121840075 0.236719125745325 0.355506098158063
-0.0170150157270868 -0.0635551030983251 0.14150558918847 0.422400727976713
0.0301726164801353 -0.0638725378860118 -0.050482270032603 0.463904295465182
0.0369647839563878 -0.0170292751152524 -0.293892414218729 0.437038953348498
-0.0197848615143608 -0.00718565576223055 -0.527213759957336 0.247749712149934
-0.0207883060483986 0.0186132127072069 -0.789489329852851 0.0783077910376458
-0.279471542985776 0.296290907327624 -0.220356221537051 0.217449474003762
-0.0153441846448029 0.357662804224478 -0.0718235221446664 0.0339931202645073
0.275848664661622 0.164389867207296 -0.0631953347521164 -0.0164250395520641
0.269979935184592 -0.178620093859373 0.0591994593821828 -0.0348252857108948
0.0198977781970542 -0.232149609966139 0.03518216633271 -0.152775011780704
-0.0612489925501109 -0.164394703558928 -0.0298469571485129 -0.0665107037670026
-0.115964896769187 -0.132559716646441 0.0446376170485585 0.0602342039743827
-0.138861458693634 -0.121305249308057 0.14819858303917 0.166079050820111
-0.107047584170967 -0.119922863780906 0.245034560732715 0.219852223252056
-0.0351262944467202 -0.135613429308905 0.247134944058433 0.31168107085687
0.019344101654405 -0.129071496813103 0.17248038488663 0.404855275177839
0.126922684222846 -0.108223149646403 -0.0320763034047139 0.480331091646306
0.13126566232845 0.0408150759004949 -0.284490828839661 0.453118499068866
-0.0365473377911912 0.143183533816779 -0.455264105827051 0.246104403041645
-0.195122066869715 0.172637289099208 -0.688662703009869 0.108695054557621
-0.396373354677633 0.38425835727447 -0.135085120991362 0.157582793662839
-0.0299580391349688 0.483839729095098 -0.0426748248198701 0.111411001116529
0.363190917823945 0.244635514956369 0.0793309420484751 0.0424072783698889
0.378059673666677 -0.210196602513529 0.169729924576858 -0.129988082783917
0.0686082987419624 -0.30898940495539 0.0234728584483283 -0.284271544776066
-0.0567912646419449 -0.241207961620984 -0.0928931262032297 -0.146298694868364
-0.159585917146896 -0.196505499572239 -0.0222990840146362 0.0039100679101658
-0.202638396615077 -0.170459899952079 0.0869485205156503 0.107222603478511
-0.162821965339511 -0.164886812979117 0.205816957412892 0.148761118111295
-0.0608056064843128 -0.189043228415277 0.24051841332303 0.266115356964436
0.0207887793147216 -0.196916761102231 0.184721894733922 0.400880598534355
0.204674886789996 -0.187547329592051 -0.0515420081415511 0.489305841543353
0.252464917986598 0.0745026762227708 -0.294581822650992 0.421491150995256
-0.0205783100244126 0.299231968339604 -0.357345548493058 0.184443707006158
-0.341985334296495 0.322698320860933 -0.525181855831436 0.0979201353618503
-0.450419720666611 0.414013728760064 0.0221539969081027 0.116628432772359
-0.0469457226941026 0.501105776746901 0.0922307793030821 0.166574990092191
0.359559090669692 0.264548925833011 0.251353444345909 0.0044291894964312
0.39642729796845 -0.184952848062908 0.237689919333808 -0.267279714505254
0.112514137275703 -0.308313054702858 -0.00760613375775593 -0.397256662963133
-0.0237807711409858 -0.268943356095986 -0.150956154428126 -0.226687166597021
-0.166291200173553 -0.232700409032673 -0.0918671584034324 -0.0658066380468848
-0.235110585208167 -0.195490711959051 0.00835520426210569 0.031868980741828
-0.204200601560822 -0.187162621669252 0.144209872225726 0.0806906698131101
-0.0992894469014133 -0.222811466107887 0.207881073675254 0.229857696352057
0.000936683622047241 -0.268017284806672 0.147770811767652 0.39614142209099
0.278247488993832 -0.280702075259864 -0.11496503599043 0.449460544239823
0.382160038403371 0.107314687801006 -0.291945204014772 0.314632247186979
0.00180401220572715 0.444338558209625 -0.215092443240553 0.0914782044750855
-0.44405135599872 0.438755584556005 -0.320165004508251 0.0526691415268492
-0.437693919260883 0.398531635128726 0.226170409648105 0.0847128819746633
-0.0644065371603074 0.443482286746787 0.284006492210166 0.141972197371828
0.290342759737544 0.25244709644922 0.36132390768229 -0.109741609714518
0.356939147848007 -0.119572773666996 0.233859023189539 -0.38077776681665
0.145295924443613 -0.255821842962647 -0.0389294186273818 -0.45516570163102
0.0173041064948555 -0.254217813445243 -0.186056390537861 -0.28925860004784
-0.144739046796804 -0.230347107080363 -0.155359524378525 -0.139937407852057
-0.23401165585071 -0.192744897987312 -0.0762836844498602 -0.0446652374758071
-0.220259169712718 -0.188132244796066 0.066307755872233 0.0238653506823195
-0.132264905053373 -0.243415636292467 0.140240836597184 0.196878690099548
-0.00362843721009772 -0.326658749827475 0.0564890382966458 0.357321086299974
0.35836179044297 -0.32908969343396 -0.182029658474388 0.325336205260234
0.46429828647733 0.169996356843876 -0.219363722535143 0.162273428457587
-0.0102536696441477 0.539112506972393 -0.0472747697311315 0.0321935974491071
-0.485489033034611 0.485344740613998 -0.109909829977078 -0.0133036948709187
-0.358010978183751 0.348129509502794 0.43874735229091 0.0451879542273083
-0.0654489633959431 0.347398577180215 0.449842151104479 0.0435817794968641
0.203477480467011 0.216854646302335 0.386564831245016 -0.232002337200023
0.286310330151639 -0.0534370677854232 0.18724077870191 -0.435565939912322
0.150246321433098 -0.178516946482908 -0.0568153891807619 -0.460762135369549
0.0462548226941945 -0.201369985352847 -0.200662401400395 -0.331276776577908
-0.105409741977279 -0.193092467581172 -0.207421268689032 -0.208720734100421
-0.196391994693938 -0.164813614459039 -0.152101798301149 -0.110039852524105
-0.196767952259527 -0.168967622691877 -0.0154172298161472 -0.021196413035787
-0.127220939309422 -0.240601435692781 0.0506770434467331 0.151390274727697
0.0268793732433994 -0.32897477823999 -0.0431538196425365 0.254833607684014
0.40151394546526 -0.272128978775763 -0.180765973521954 0.148439701265374
0.427605278296463 0.244250890468299 -0.0630105237526432 0.0557545596636835
-0.067239553807304 0.529715625451926 0.0876160919676318 0.0505323652685904
-0.448592600971096 0.436639306054234 0.0659947016396954 -0.0863796513856483
-0.232290898672948 0.267131716659464 0.61319959029535 -0.00601142049259731
-0.0441122863673165 0.233183625833584 0.548491684581526 -0.0811606188127535
0.127174658171789 0.156180257392623 0.361372930234263 -0.321086395339478
0.191304192631413 -0.0131927174955486 0.13747799303184 -0.448380272264765
0.114276576910462 -0.096643485452722 -0.0703389530102394 -0.447328548467495
0.0528508802446482 -0.121797742919491 -0.208984505599116 -0.356688184942133
-0.0565540818788706 -0.125546787964353 -0.244614566984205 -0.258427116836416
-0.128906146454867 -0.114200745615573 -0.205368855166992 -0.156160343922491
-0.134413341768415 -0.127412479677034 -0.0841249077320683 -0.0558046465793865
-0.0815587669149091 -0.193845983639243 -0.0257507428205332 0.0894074327060158
0.0651065127147886 -0.245171504697774 -0.0910611720522279 0.125260590112061
0.338555843426299 -0.135032865628471 -0.0969126602851874 0.0110130177938668
0.265461776291742 0.250321108895132 0.0909580941301544 0.0523929425562553
-0.11934080149771 0.377643480425069 0.128040425556128 0.115186516267579
-0.324116604307907 0.297884375675252 0.183495618213474 -0.15228943648925
0.0747839341542854 -0.0682237671164593 -0.154994132943416 0.320619977310616
0.0151991249379565 -0.158817313127199 -0.0252937175746609 -0.0363718320694366
-0.0907861573015985 -0.131835951201325 -0.136144286497829 -0.103119999368087
-0.145221269063833 0.020167408814878 -0.0181512279450112 0.000355784622440574
-0.0466294270410749 0.0983462937389636 0.0292781859781433 -0.0575882220737795
0.0328597430850714 0.0651584362461922 0.0127521285668694 -0.0187304293435979
0.0557677857898037 0.0217943726201002 0.101219309468133 0.0945954875383879
0.0423020486794354 0.0113052858637598 0.215041001830088 0.193972324012301
0.0168116969281376 0.0252615806194546 0.29533894323862 0.270916615408497
-0.0357071911107355 0.0327727837649662 0.2690964976277 0.353415829550635
-0.0810222180803917 0.0126363895914042 0.167090768848135 0.432280456455875
-0.0890869284228675 -0.0433120928750961 -0.036101212902585 0.46892109064814
-0.0411331987605257 -0.0977276517178271 -0.283437501804043 0.426567067971944
0.0205474908696456 -0.14369819243905 -0.546294797297521 0.2513326239973
0.154441471867031 -0.131773320125837 -0.807332369894075 0.103787377791358
-0.0954042399402402 0.150904841087863 -0.212332054650078 0.303954999646623
0.021562555393503 0.12493156836141 -0.0502188975141127 -0.00355962688565232
0.119282839323247 0.00429497493087611 -0.135641139766653 -0.0720142569428113
0.0643874393128739 -0.113694332401757 -0.0117645886271626 0.00411541603850712
-0.0363026161536983 -0.0809862237102271 0.0269281751648567 -0.0728528120540418
-0.0368026313817951 -0.0492288682828451 0.00554182568217196 -0.0183593231960484
-0.046153229853415 -0.0501189321977718 0.0941886189283582 0.0887021828157633
-0.0611728167918936 -0.0515238224024792 0.206041164317227 0.187345656446979
-0.0519722057666037 -0.0516276815515354 0.293603640205296 0.252418975811755
-0.0352986326898732 -0.060354879698134 0.274432101323955 0.334198504817215
-0.0234096355139112 -0.0610046186826224 0.182723079383776 0.411471277765221
0.0245490403259463 -0.0688500577294781 -0.00651656837700364 0.468171666372306
0.0349792722061999 -0.0203704805375409 -0.246767979932307 0.462166883916112
-0.0204264027176125 -0.000397590716912422 -0.498549845895317 0.298040853628808
-0.0173272145671033 0.019464774772552 -0.778729524770331 0.164600071246774
-0.248150508615526 0.325426779043503 -0.203628485632104 0.245217854378785
0.0193791085069999 0.361143638899087 -0.0742889143090375 0.0513684430782931
0.291879423617049 0.135268056183174 -0.0638803194117014 0.000582254664666685
0.252087693938814 -0.208683141303431 0.0616907808084089 -0.0395742566967305
-0.00371473957183172 -0.234199420878643 0.0158330974111292 -0.160268068078085
-0.0797818007602938 -0.160378848522404 -0.0423198074966435 -0.0620800551095934
-0.132995896075035 -0.124062415297971 0.0494556373039526 0.0603815623575761
-0.155814544016393 -0.107678907006247 0.16961723699102 0.154243059987314
-0.122636360325082 -0.112927927401737 0.27126587965953 0.19852449911193
-0.0488221135280527 -0.136142791537645 0.280415720975134 0.288830112156028
0.00770620991163591 -0.131775456564342 0.212998837016232 0.389442790516645
0.11805904490174 -0.123526546717913 0.0135095022077971 0.482779984630362
0.135336887040042 0.0293205438994037 -0.234657293896235 0.478345350319184
-0.0221678312148948 0.153286505320982 -0.428954594196656 0.287247034867826
-0.176100582351731 0.191855139873669 -0.67377890394139 0.183806953571639
-0.355901954687288 0.427513636717635 -0.123298305805935 0.174190202310736
0.0169585140922433 0.489736022821108 -0.036030057460662 0.12374974208648
0.387272330447369 0.206676402621791 0.0860370848382169 0.0430384279087986
0.357636976006075 -0.251666772335384 0.161716817043463 -0.147491014190809
0.0375574400020859 -0.317302134782656 -0.0105883275060378 -0.290373357826529
-0.0829142256033635 -0.239791883694471 -0.114349051971643 -0.136563060997645
-0.183295009792782 -0.185759520862595 -0.0235597009695557 0.0104100178012243
-0.225655899200079 -0.149255847106427 0.100311569985941 0.100471683962163
-0.183209876803099 -0.152809901190361 0.222812287286414 0.130810719764836
-0.0787444188814592 -0.18731415784141 0.27012681685167 0.241456374538235
0.00324426516748706 -0.19924904369333 0.225390103487575 0.382950447540373
0.187927952865908 -0.211250495868466 -0.00271522616065784 0.494135880298125
0.260726710623319 0.051077629848682 -0.246556773394414 0.447496798652605
0.00945702961950584 0.30865926128861 -0.334808255064228 0.214692177286644
-0.307467584680755 0.357504845856592 -0.511723838690164 0.155174881231146
-0.408924533410439 0.461001478257357 0.0297785277212471 0.114574617259542
-1.42734417145169E-05 0.510417443091979 0.106021398402428 0.162258833787514
0.385862020048292 0.227812615926695 0.253990282345558 -0.0135090727264615
0.378298053077011 -0.227646369913715 0.214998871579513 -0.291260628693589
0.0830531657643013 -0.322488345076202 -0.0521579307596807 -0.400172870987059
-0.0527181884986121 -0.273453766786284 -0.17983089320884 -0.211467718787818
-0.193430560826505 -0.22067620810783 -0.101298630321119 -0.053023452541136
-0.260563348086249 -0.170353435592427 0.0122099424540465 0.032826407418356
-0.227778930187426 -0.170546497617797 0.151990062037311 0.0665834315298479
-0.121912362506079 -0.217480244932334 0.234066281366169 0.206791317189751
-0.0237869499373165 -0.268021335595743 0.189372502944948 0.382045988385179
0.250457264601167 -0.31258710353711 -0.0694819489729491 0.461297476450312
0.39279234644841 0.068793912189203 -0.253835497254458 0.341492503048378
0.0480061100553622 0.450587776544847 -0.20237909838537 0.105482225378437
-0.395115003538391 0.483810118499877 -0.311136417869218 0.0866701006022928
-0.395112461660699 0.442941731151423 0.232525691413014 0.0590550005771763
-0.0229515268394063 0.454628389138424 0.296328844429199 0.114810318174665
0.315730229389201 0.223819636580088 0.35143528772651 -0.141533870524776
0.34707394790869 -0.157551558444197 0.197165438734504 -0.404599631426519
0.122278758954423 -0.274023139235963 -0.0895101921531598 -0.454073511704143
-0.00929863547095832 -0.263595682150728 -0.220579351992836 -0.272176517133753
-0.17216308618341 -0.223033506557659 -0.172523204007513 -0.123074961630354
-0.258895726798936 -0.168091359552827 -0.0819838359917659 -0.0361784255341059
-0.24351153427356 -0.168845453474752 0.0676369940761606 0.0167385607388837
-0.1562538615586 -0.233585863302962 0.16394531805984 0.180775001259281
-0.0375383329891272 -0.325232107153403 0.0956909364141248 0.354012110791973
0.32394658144097 -0.370030712097256 -0.150939008484538 0.345071385058605
0.481258707684438 0.122194857816294 -0.198499038762288 0.180011355697437
0.0471753870853584 0.548656690815809 -0.0388513636451311 0.0256834275221876
-0.431230377259841 0.535958487576828 -0.10670318373609 -0.00435402043849913
-0.321987046260624 0.384997941380785 0.441087995749197 -0.00398790676300129
-0.0349902602976465 0.357638811320169 0.452338114191551 -0.00275838951187427
0.225630658425187 0.197259047318902 0.362790771305615 -0.266500463873666
0.283953540011912 -0.0840456984424066 0.145539104251804 -0.451930539939496
0.134975740865924 -0.197683754329507 -0.105203760808512 -0.458785994200562
0.0248154213866573 -0.213888037912921 -0.238118334083635 -0.315213939084559
-0.129027111196542 -0.188373711206342 -0.232011081055396 -0.188187207390526
-0.21761676835817 -0.14347012360731 -0.165726905394838 -0.0950939054035728
-0.218398607365638 -0.151241672533168 -0.0192086593114817 -0.020983643828683
-0.15138873420592 -0.230061118598593 0.0699122994139883 0.142706835946414
-0.00830570006238992 -0.331527661745094 -0.0145147586845002 0.264235981069495
0.372676861528206 -0.319980010447853 -0.169038941508811 0.168018779764044
0.455156005299937 0.198266721081908 -0.0557372896791678 0.0546586666032678
-0.0094929417528624 0.542462713832032 0.0985336476605243 0.0283201883135799
-0.398759170829153 0.485185348925062 0.0615707659774211 -0.0975666831564734
-0.20268246093801 0.289394441063981 0.610088407531086 -0.0722396479287041
-0.0236320294798194 0.238882284910237 0.536734167728442 -0.138480923605925
0.14253045351721 0.144842679473836 0.328861566064464 -0.352474596953844
0.191906781753767 -0.0342225422199114 0.0955529651482887 -0.459870908022897
0.107214095740663 -0.110925918274541 -0.115868056129487 -0.443391519508939
0.040320346903647 -0.132221630571453 -0.247632862425018 -0.34057265279595
-0.071550990192969 -0.125364343324623 -0.273363872020969 -0.234830292889506
-0.144237590203527 -0.100240545698115 -0.224688329535225 -0.137200948242598
-0.150603812520447 -0.115600552524256 -0.0915752748229666 -0.0501365744371349
-0.101313653275383 -0.187344946671735 -0.0131001211425797 0.0881370454972091
0.0389242420863954 -0.252636980341749 -0.0772721278327734 0.139835468418932
0.324058192078519 -0.173966965954961 -0.100852655184265 0.0208373870057842
0.294065863569872 0.222428175582621 0.0980847466239105 0.0324526731270429
-0.0772741755333995 0.397626212651789 0.148375086668943 0.0872723108667102
-0.289955104714474 0.33373871183489 0.172631288652389 -0.17760071620369
0.0674422389601053 -0.074657200796106 -0.127347248195991 0.326179617678985
-0.00201439641504777 -0.15491758914695 -0.0322648160597509 -0.0209363277660091
-0.102367777515853 -0.119211965440273 -0.137851819430273 -0.0788934302628474
-0.138532615809861 0.032986178365641 -0.0106434077813996 0.00115744920163678
-0.0365090516905282 0.099644962477034 0.0227191250478567 -0.0617339140911218
0.0370158897686456 0.0608388153565086 0.00571157331139285 -0.0168038620611094
0.0539077915060617 0.0154444247001586 0.104978939649559 0.0855614278427639
0.0405243931499633 0.00687031860506668 0.228435385097809 0.171921893681147
0.0175972705545786 0.0227256213539753 0.31397661437223 0.240550418545276
-0.0326409673917419 0.0357440322005581 0.290598838373454 0.321967151695317
-0.0779410624979102 0.0211406913744828 0.1953565272387 0.406481828526532
-0.0905679169299742 -0.0344189137848487 -0.000324911394086756 0.454212696529018
-0.0473114159068511 -0.0926724827797023 -0.237701293280287 0.427689199815187
0.0104648942442683 -0.138067517019977 -0.503143025103371 0.283049847368631
0.139249223883785 -0.140743900173876 -0.765660405092153 0.169250963651529
-0.0794930384018594 0.151421971622628 -0.184449697087302 0.314993365699195
0.0286432467122128 0.119509888739239 -0.0542177628223222 0.0121865987787953
0.112277224730483 -0.00516985619798301 -0.13410276790546 -0.0480070048806186
0.0525230569752789 -0.115160025985302 -0.00377625885296496 0.0053719688061276
-0.0410246661072058 -0.0738698499872258 0.0179166397332159 -0.0758022525723506
-0.0396281765857043 -0.0449396423894084 -0.00185750763081531 -0.0169500241015052
-0.0516135735483063 -0.0467032875160763 0.0981415293769196 0.0818328196127333
-0.0658619246137649 -0.0443458663830591 0.219878750668313 0.167101499550327
-0.0569243553942478 -0.0480155440851336 0.309123575302143 0.223198387736176
-0.0390957116727942 -0.0576741421845597 0.293884051203285 0.303588240529048
-0.0267913778644312 -0.0565941022185209 0.208346065979505 0.383900454592712
0.0182532457846215 -0.0692426405664402 0.0280656691561628 0.450977060876822
0.0320647444692107 -0.0215466940743889 -0.199749099574899 0.459366688417033
-0.0184622840070431 0.00580881905967062 -0.453192301976224 0.321800414228352
-0.014302885310463 0.0180810579232917 -0.733474243229652 0.226127240145857
-0.212334868878166 0.333856476304262 -0.180087222225163 0.256890044175251
0.046478480029521 0.348928369397646 -0.0727834771654132 0.0651932205450696
0.289635959586319 0.106448045894753 -0.0596856984459758 0.0158906816166863
0.225807284752165 -0.222725003718522 0.0619090274038462 -0.0427102724579703
-0.0214704104743058 -0.225821652844144 -0.000977916402837222 -0.158023836358859
-0.0909491706337426 -0.150654314525839 -0.0518759378831848 -0.0539480346116878
-0.142291497334113 -0.111707577559063 0.0518778434921443 0.0582284966654485
-0.163051569614074 -0.0899310764902478 0.180167212485724 0.137175831509081
-0.131377878399796 -0.10272654156164 0.280750739134592 0.172206544659606
-0.0586274828114148 -0.131815971799239 0.295066113280621 0.258311541477051
-0.00112568449396655 -0.129068099274275 0.234619745860657 0.362354579505152
0.105391763266336 -0.130250188754683 0.0505962398627026 0.463482122443224
0.133231846768443 0.0197688387400982 -0.184555247129316 0.473636346685154
-0.00864436748541769 0.154905434553884 -0.38850489557224 0.304665803375499
-0.154097175968308 0.19707725936167 -0.629925476607476 0.234569340274773
-0.309146444383016 0.440432464715257 -0.108846397257766 0.180804176567011
0.0534661818628737 0.473774793688041 -0.0285396815861071 0.130554056422407
0.388130788552321 0.168016788444807 0.0886205527993779 0.0438495281229823
0.324441843509589 -0.273219805177342 0.148320877408767 -0.154067776973452
0.0125235031540933 -0.309671059240181 -0.037776418916773 -0.280559549744677
-0.101141482408267 -0.227711641799593 -0.126971771974343 -0.119460975338537
-0.196141066593346 -0.16913322299872 -0.0227586601019343 0.0158035783602058
-0.233692898755316 -0.125231708772158 0.107545179180105 0.0907801566553762
-0.193642259572161 -0.136898473731002 0.226877172830889 0.11023412770194
-0.0911424850779837 -0.18037037557971 0.280238822767496 0.211256661719246
-0.0097707243416622 -0.194209324461731 0.247695177416954 0.353210403082203
0.166283850291903 -0.219860336014568 0.0355505307186258 0.47582427156946
0.255094725622598 0.0312451814722332 -0.197317495648005 0.445627919882715
0.0351990494949967 0.301853020068989 -0.30310551870092 0.226266531616652
-0.266447736494981 0.368149234245389 -0.476508751563006 0.193834116553892
-0.355979540563593 0.476010808630774 0.0332286538688652 0.108273612782776
0.0377972407365304 0.495206500958156 0.111729831998929 0.153042767491233
0.388251057083695 0.189333944381914 0.246005660915054 -0.0264808443990784
0.347893141485699 -0.251566425160019 0.186255635379037 -0.298039582022311
0.0571733927428203 -0.31974035487609 -0.0882418307568992 -0.383241332268906
-0.0743069896512037 -0.26396895039028 -0.19631185275776 -0.188467434699272
-0.20996275542676 -0.202587492876888 -0.103613299447021 -0.0400743095921049
-0.269196353924279 -0.142436001599473 0.0156623438960551 0.0314500693541317
-0.238107887717105 -0.150208887065832 0.152002789753674 0.052821701693654
-0.133501076530378 -0.205906512012938 0.243747229390679 0.178932055323495
-0.0422974557479125 -0.256849705955377 0.214637179449367 0.354975109202253
0.217034906901424 -0.322875981982614 -0.0303735054349404 0.449199787327507
0.384550201600671 0.0363752847826488 -0.213511545606644 0.343305909874599
0.084353468086056 0.436191129957494 -0.184257463110535 0.108986618465008
-0.3411810211133 0.498386872298504 -0.287102193480669 0.10938443810702
-0.346215126494891 0.459585547086402 0.22544350580126 0.0373425733770277
0.0102776001998766 0.443759509588589 0.291821088752104 0.0907261848944395
0.320689871892295 0.191793739484676 0.32856160401365 -0.159594248002676
0.323761470598488 -0.179991126383272 0.160147777084843 -0.404859588042194
0.0994486313074747 -0.277060696910986 -0.126550378432948 -0.432730711133667
-0.0317459658700927 -0.260139337041949 -0.239150437865909 -0.245469787300927
-0.188535244048455 -0.205980085938037 -0.178008867008474 -0.103305815189162
-0.267311372471024 -0.139754768154569 -0.0830984860099562 -0.0282751539717849
-0.253645787679594 -0.146165181595794 0.0656433866881438 0.0104983184247494
-0.167910778494514 -0.217523945435916 0.174275655042578 0.157938781418216
-0.059796721977227 -0.309792216193459 0.12370358361559 0.334483340500088
0.280480011601383 -0.385458720218854 -0.119470202728371 0.345694941041881
0.47610711902688 0.0799905831360117 -0.174459295988144 0.182113289919425
0.0927416615425471 0.529295977403092 -0.0332096623965145 0.0160576799647658
-0.369335747724846 0.552915460857427 -0.0987076945683392 0.00264534520009444
-0.279520745114769 0.39519361782657 0.422032438197084 -0.0409235948559421
-0.00918643676850488 0.351585054113472 0.432294338134194 -0.0370921573458556
0.232020951989092 0.174794949351488 0.328499937340052 -0.282261787208266
0.269179001165998 -0.104753987971378 0.108044355032174 -0.446818084094925
0.117855521267114 -0.204708750168258 -0.140929023629077 -0.437083274957128
0.00569754900568008 -0.214840069919496 -0.258673011926438 -0.287946418175391
-0.142717680250335 -0.175684591535758 -0.240766875133092 -0.163413884697572
-0.224746296702676 -0.119481377419518 -0.17034726903469 -0.079110950588046
-0.227675667446739 -0.130541578831592 -0.0218080839868452 -0.0199484083355897
-0.163721531975913 -0.212684364725795 0.0811234833265211 0.128821079934951
-0.0343735434798496 -0.318759632229694 0.0109107756605151 0.259141530525673
0.331285265266837 -0.34186413815217 -0.153697051803772 0.176841434714213
0.455635947551278 0.154469005006342 -0.0486553186552851 0.0489135511220366
0.0389837788411325 0.530452390687667 0.101066573447892 0.0050376443771658
-0.343208843927618 0.500430422602049 0.0563344573255161 -0.10350982139931
-0.170874544439924 0.29346600142467 0.579284777202854 -0.122315675505175
-0.00693592323876629 0.235369518487469 0.504420777345061 -0.174962409728232
0.148701030975352 0.129322038531581 0.289016910578757 -0.360793152122414
0.184087212489233 -0.0492932760530248 0.0601254192774432 -0.447874451119651
0.0973605952059325 -0.11822087445488 -0.146129335771084 -0.422182794542157
0.0278086925468399 -0.136018783476637 -0.268560579320164 -0.312652122568818
-0.0814280641330272 -0.118260729814927 -0.285636284990718 -0.206782791219352
-0.148851747273942 -0.083422443166404 -0.2306651928819 -0.115512320511112
-0.1577741093805 -0.100699177383975 -0.0939739160384511 -0.0427674527813611
-0.112238560358427 -0.173253528382477 -0.00275857385731058 0.0815522272269937
0.0164483872148677 -0.247079400955826 -0.0603040582178121 0.145761473709721
0.296752746087558 -0.198506010446461 -0.101229021583065 0.0291031177792401
0.303563040341874 0.190130173160066 0.0959536903845458 0.0131360494128503
-0.0376967424403674 0.395522477275075 0.154918834501794 0.057655809542264
-0.247997882228632 0.34608029712019 0.155523070511967 -0.190881979568119
0.0613299185506618 -0.0768114949214579 -0.112116919442318 0.32255690076614
-0.011353831395301 -0.149141225749771 -0.0357083314200592 -0.00687723538615934
-0.10673926836547 -0.107916627402458 -0.132045729044008 -0.0597721680383058
-0.131309784764934 0.0387083817479498 -0.0031838639850487 0.000130045866656116
-0.0293788144552072 0.0987182347127121 0.0168714197728825 -0.0635273642526897
0.0384307574838297 0.0573691029560065 5.09795107014978E-05 -0.0137001648590493
0.0509310547328557 0.011998989203807 0.105415628217845 0.0808155394953306
0.0380429141719502 0.00478044644274209 0.232070149070611 0.156413142617431
0.0173162210182151 0.0206113512236228 0.318341447951107 0.219727022315449
-0.0306250807635063 0.0365627868728167 0.294814258292798 0.299720377354007
-0.0750512645360825 0.0264101335788848 0.204970747488308 0.383530954235957
-0.0897987169489162 -0.030222702810207 0.0152921481507798 0.434971526999023
-0.0498775493015487 -0.0886059488822331 -0.210717137110705 0.414142372236881
0.0068555963499584 -0.131713213190948 -0.46832083774899 0.289259655470437
0.12820670176268 -0.142196034936247 -0.72142849910985 0.199912513995512
-0.0689963041968894 0.147637570507668 -0.166394674389677 0.314810606615654
0.0307608742152362 0.114858458377227 -0.0552055929683055 0.0250649334073906
0.104427749512226 -0.00866101282656619 -0.127823608620334 -0.0296048046766875
0.0445662992315797 -0.112611063274366 0.00169352080018834 0.00412191630584485
-0.0418148447056032 -0.068945431406009 0.0112293890330829 -0.0755229863304365
-0.0403100494649924 -0.0410119573423266 -0.00746319331093323 -0.0120984433003433
-0.0545175897778866 -0.0442022615315399 0.0974302001213103 0.0777543214758388
-0.0676491666401205 -0.0392927068716131 0.223258736965967 0.15175316809658
-0.0592642718070137 -0.0458909778159316 0.31267989652497 0.202599926560535
-0.0409851259067377 -0.055196587633871 0.2974529515319 0.280518424049669
-0.0270861838862802 -0.0529399415956258 0.215003679396516 0.362067318455788
0.0150159381649538 -0.0680079158041356 0.0438711982264034 0.431424832524548
0.0301816077955232 -0.021166974689947 -0.171881863026398 0.441057471005043
-0.0150052291900734 0.00926313815880368 -0.419619273094603 0.323987814643709
-0.013243955033888 0.0157062100675885 -0.689282967777412 0.25297770738052
-0.188393756592788 0.329395093357603 -0.164541522006811 0.257835236427597
0.0578047211473268 0.334490699907248 -0.0699006369452002 0.0758292323757909
0.280579630157945 0.0899161521231648 -0.0532894499889578 0.0276406783560636
0.206731403092317 -0.22573827419593 0.0625118930951991 -0.0447671781383897
-0.0296297310662555 -0.2153905753987 -0.0124408445981364 -0.153652847867369
-0.0941746828912194 -0.141801247579317 -0.0569093776902167 -0.0458355480327011
-0.145731201733592 -0.103508811720313 0.0527289249123367 0.0581615561714698
-0.163727632106016 -0.0786899235824785 0.182607912053763 0.125347508099352
-0.134135261123938 -0.0959199933097304 0.281141264047833 0.154931920933052
-0.0625953119450467 -0.128009185020254 0.295293743936454 0.237023990303059
-0.00448476312985857 -0.12486035299556 0.240319750640886 0.338847524032749
0.0968980043457656 -0.131036930293143 0.0654811084140355 0.441570425407931
0.129302485185435 0.0160399981722483 -0.154646366046346 0.454987698384227
-0.000539798506582097 0.153660121031027 -0.357294542822171 0.304015415275954
-0.139370492003773 0.192980798562015 -0.58984503353691 0.253926677845389
-0.27626080180451 0.436451255364544 -0.100181533563117 0.179768005616164
0.0710739467699261 0.454390366545597 -0.0251436024433872 0.134386382903463
0.377974898992174 0.144770416467743 0.0896618550490658 0.0459786059174537
0.298921454464454 -0.278219238729277 0.139196479692989 -0.155484705960985
-0.000382278047799387 -0.300019073331407 -0.0543127424949877 -0.268580852318645
-0.107856567753345 -0.217056631557088 -0.132492159952314 -0.10614213214295
-0.20058767446742 -0.156078157392076 -0.0215911511668971 0.0211163674130925
-0.233924583965783 -0.108782064789186 0.10966629062109 0.0827891725711414
-0.197174041367939 -0.125529454278786 0.224244652901868 0.0978444329922379
-0.0956011878752819 -0.174723329477966 0.278363737583271 0.191368332114865
-0.0154033448313619 -0.187876983645135 0.251975937230909 0.329275107454889
0.150791353224831 -0.219181233891442 0.0530887242521317 0.452000283207285
0.246583635980942 0.0213777308099084 -0.167353059604061 0.427550057202682
0.0482022629975195 0.292845447972294 -0.279913609438022 0.223272046835515
-0.238994528231553 0.362468796196432 -0.442728302871936 0.207245766663256
-0.320609455733698 0.472775320825383 0.0334159437122637 0.103608762934544
0.0558709285810393 0.476880937459097 0.110326452959369 0.147615901924939
0.378421476726715 0.166596438974301 0.236229176436672 -0.0295979675891481
0.323105922319841 -0.257576590384513 0.167999039169466 -0.295072699031258
0.0426819794200953 -0.311681779831573 -0.106589403566581 -0.363833687734689
-0.0842047070966609 -0.25547859493812 -0.201226252143024 -0.169101582395803
-0.215448795779109 -0.189668683591388 -0.101859074405461 -0.0310710153764638
-0.268813954104701 -0.123205384240977 0.0168234965250219 0.0296472400881635
-0.240382501868854 -0.136347618265313 0.148829049869955 0.0455741543774817
-0.137470460432047 -0.197525833762661 0.241763112734533 0.15994544858722
-0.0488336547937968 -0.245541321970851 0.222844323752256 0.332361688722345
0.194621465127561 -0.321139403744366 -0.0117370827653154 0.431355774814179
0.369834892030753 0.0209280623389825 -0.18835385443701 0.330754130580118
0.101643122342097 0.418864306767055 -0.171140442925354 0.104016501177885
-0.303485491530679 0.491607631299945 -0.266196667800526 0.116245208272183
-0.310871778301077 0.45469255791997 0.213287925314836 0.0255806072528928
0.0250256670960592 0.429771656580749 0.280419858079704 0.07691042007454
0.314417645630159 0.172399616674691 0.308514682850305 -0.161984810625929
0.304883371829754 -0.188814197705424 0.137907351584949 -0.395421261977925
0.0854821291928374 -0.273361437080216 -0.143919937196497 -0.410014164122703
-0.0436671098427712 -0.254092043432971 -0.244601220598527 -0.223808667432199
-0.195140836421083 -0.194126735733001 -0.17717193850124 -0.0899087641927225
-0.266258201948823 -0.121303528854985 -0.0814633731965449 -0.0234850089493054
-0.254411349384265 -0.131890035420418 0.0628121772004521 0.00700009201596021
-0.170736722650039 -0.206677808275898 0.174483047234229 0.141635457747456
-0.0698959970387783 -0.294791367395882 0.136841130084104 0.317835372220252
0.250554269055693 -0.383788340426095 -0.101555935109891 0.336261954039713
0.459022470533173 0.0555893793254037 -0.158683861831017 0.17488900541336
0.117353434000081 0.506326852919672 -0.0307036120381141 0.00557674365759792
-0.327686705533158 0.545019441794812 -0.0905141791297128 0.00343796617626137
-0.250651771946325 0.389030033474183 0.39875323358271 -0.0600837187783634
0.00275819482717162 0.341806575130873 0.409895046951145 -0.0522969648632536
0.229451566855335 0.160327203708863 0.302832340414127 -0.279387598645284
0.255354134855402 -0.113482820784317 0.0858731113231899 -0.432456078001339
0.107014772385981 -0.205140252589472 -0.155123077732979 -0.414250469962625
-0.00519087140726738 -0.211848259911372 -0.264225723753756 -0.266019684713495
-0.148881347664411 -0.166165663971078 -0.240867888756969 -0.147182434278433
-0.223958185415753 -0.102864317337657 -0.168646870129772 -0.0697428966973801
-0.228098877274425 -0.116515100246444 -0.0226361480407299 -0.0190151208369155
-0.165370105840635 -0.200043388578093 0.0845907717603625 0.116478347503122
-0.0471694898886239 -0.304141618856036 0.0263765589839576 0.251724860661479
0.300033871210706 -0.345109631742131 -0.14268731558291 0.177454127662381
0.445837968533537 0.126695958324505 -0.0456896064406643 0.0399596469608036
0.0666446387691153 0.509502201628344 0.0981384614347786 -0.012153442202968
-0.304429996892828 0.494326170284919 0.0529205334442124 -0.106646955369641
-0.151251144210972 0.287202559753845 0.548286627849212 -0.144558289803443
0.00070533747901701 0.22879290500398 0.471786749793845 -0.188591367640795
0.147577270886218 0.119650614843167 0.261801478230611 -0.354585305360313
0.176267391994023 -0.0564642726526341 0.0422405036340546 -0.430800027060033
0.0907661125746045 -0.120056114764141 -0.158396516845852 -0.401855854544041
0.0199035841333325 -0.136183308811627 -0.273743090522933 -0.291328579805311
-0.0861839256881239 -0.112939618790187 -0.286444863644949 -0.18772540013296
-0.149005497271086 -0.0720281541288779 -0.229215922572651 -0.102190259638739
-0.159703128823674 -0.0901800775068711 -0.0927772992618453 -0.0394112528265811
-0.115242108572202 -0.163633766827995 0.00236116344852453 0.0751772753366249
0.00421700956140361 -0.238376446197164 -0.0472467723939066 0.146663971137323
0.274319635789328 -0.206393264713515 -0.10090006801607 0.033380901165454
0.302292206855122 0.168745280345233 0.090530823065915 -0.00208188661062568
-0.0135532366176665 0.384918641545556 0.153913169248158 0.0344767764411948
-0.220765640867872 0.342197154817794 0.143807506596486 -0.195402972310656
0.0590206856530433 -0.0792882637699119 -0.106179339225241 0.322832367902471
-0.0175557341818324 -0.144983004599323 -0.0381231431546609 0.00558252029332826
-0.110240629748837 -0.101630023711873 -0.126452744688973 -0.0467954844283775
-0.127244126574228 0.0418083607938654 0.00261936722704765 -0.00307274779701991
-0.0256283118048952 0.0981322964768405 0.0130288433190785 -0.0652157146272017
0.0387988561102636 0.0559868521852515 -0.0048656429278981 -0.010255547791535
0.0479520157986658 0.0109503796998064 0.105665277138351 0.0795506324588874
0.0359589587480153 0.00329808910359041 0.235602603088946 0.149201989896759
0.0164384723522868 0.0195144540800396 0.323566643457399 0.209516351767838
-0.0299849683772001 0.0374938159858839 0.297488865641834 0.289595081949777
-0.0729172418511563 0.0293352079256821 0.207953642793998 0.372272284622729
-0.0897201621157027 -0.0281225142984706 0.0216621220696943 0.425148372640207
-0.0511415207154546 -0.0868776798702224 -0.199248897746153 0.403025084938347
0.0072878068631846 -0.128728746747472 -0.451043322301049 0.287661187486349
0.123294029051434 -0.142882582916778 -0.699152807756789 0.213140206596474
-0.0642438904327312 0.144701591776384 -0.160257055380696 0.315895911787523
0.0307314300538273 0.113784675730676 -0.056690589122423 0.0372302339525879
0.0996514814932281 -0.00941002579390765 -0.122731079780191 -0.0167605330417274
0.0405456387778347 -0.111926749506701 0.00733866374662678 0.00243559195319853
-0.0407641121828657 -0.0659688469778648 0.00511340130010344 -0.0769429477188236
-0.0404862928617105 -0.0399085809132664 -0.0115359963699137 -0.00787008027922984
-0.0575418339517596 -0.0425850452959869 0.0982209981846121 0.0782630995479506
-0.0692441142530032 -0.0370417253817831 0.226629693763685 0.145201223945503
-0.0621395214824352 -0.0451410561696281 0.316380232869906 0.193282428642429
-0.0421866113743443 -0.0552923991418675 0.299347777127468 0.271354624940395
-0.027317263412984 -0.0511064115008562 0.21808874809165 0.353552459332903
0.0134144013709526 -0.0685358054784386 0.0477224751289975 0.420621534126557
0.0294870771518796 -0.0205887246083301 -0.159427747010968 0.428540536102107
-0.0129358967583086 0.0116049535271365 -0.402815756926511 0.321899122797941
-0.0135412246670833 0.0140920993152269 -0.666121696506336 0.26380384140035
-0.176971695338145 0.326775018143287 -0.159489829653534 0.259463487552049
0.0632247177714991 0.329235949053468 -0.0699067548019046 0.085317763280556
0.275444392203713 0.0828384172916556 -0.0485596423775999 0.0375542375688672
0.195383724386912 -0.227014490070727 0.0648402235998883 -0.0461868092684976
-0.0321578671680543 -0.210963753037962 -0.0198111884831118 -0.151136239068296
-0.0962014616646718 -0.138551277526972 -0.060924457328924 -0.0393806326368319
-0.149412883949861 -0.0996354357314303 0.0529179355084108 0.0597225326328551
-0.165408695391553 -0.0721537770293688 0.185673468884781 0.119433858306867
-0.138340231324202 -0.0933515939278673 0.284187297429749 0.147450319084974
-0.0650340091688586 -0.128596501654086 0.294772314731073 0.227236131955386
-0.00560951145879098 -0.123921385590643 0.241181865669289 0.329625756175686
0.0935693234919033 -0.131954443005924 0.0708932249933949 0.42983083026097
0.128085459485019 0.0155331367774836 -0.143833754886957 0.440087463362572
0.00363367203966396 0.153846463847844 -0.343209245735688 0.299151151766126
-0.134069712765178 0.190386565025221 -0.568949688878965 0.264412244161808
-0.260469114823282 0.432663365109179 -0.0978770716758231 0.18032203029994
0.077814752686075 0.447118637983514 -0.0249129966799609 0.139527210331071
0.371709613015494 0.134204272997602 0.0918019365578125 0.0508011375914544
0.286643381224028 -0.280564283392615 0.136182379298586 -0.156410199940026
-0.00515176367025555 -0.29490916805656 -0.0637357515118789 -0.262799337296515
-0.110973178388208 -0.213606356941372 -0.135997017366757 -0.0971062049796593
-0.20508304339092 -0.151648879034416 -0.0205162015736129 0.0253267509113061
-0.235137622611887 -0.0999659555821822 0.112040723995099 0.0795606488511662
-0.201245382409997 -0.121715487046913 0.224451580268329 0.0918447991497241
-0.0978261959815519 -0.175562179582114 0.277302794329342 0.183278398750187
-0.01595019705802 -0.186145682501685 0.254346487536648 0.319156330662023
0.145137077221575 -0.220120166497068 0.0597399955059241 0.440894870143162
0.243171394071325 0.0190331086996363 -0.154772651381456 0.415083061560798
0.0537749639755808 0.289889719540218 -0.26918960644033 0.218237200661343
-0.227373791235159 0.358301293439516 -0.425005967250775 0.212774615222063
-0.303992136035882 0.470610271028875 0.0303278217844094 0.101211780059827
0.0623744063744889 0.470044776288651 0.108134584811463 0.147924144218555
0.373159639026285 0.15675037238076 0.232963014834695 -0.027715820455491
0.311037594303952 -0.259575130943807 0.16040812792091 -0.292315808267861
0.0375716454532742 -0.309117512127655 -0.117220150621118 -0.354475315218499
-0.0893690860725908 -0.252885322353389 -0.205293537616175 -0.157765930169649
-0.220766152981171 -0.184804997841731 -0.10118078973422 -0.0249398743225899
-0.270097488023517 -0.113401396841849 0.0177560042021785 0.0293861271124178
-0.24452839535075 -0.130586351413163 0.147830581889285 0.0418967551072624
-0.13875944998192 -0.197830594138669 0.239964881275159 0.151504072826194
-0.050500000390005 -0.241249739024201 0.226728261300879 0.320937995754092
0.183810325593952 -0.318955930491545 -0.00429274921335031 0.422261473296331
0.364308264152335 0.0146980996106292 -0.176311646003991 0.320583913826704
0.110820470346842 0.412021912197003 -0.166537024189863 0.0973668312741734
-0.288279193625136 0.485949445430999 -0.253515549545655 0.118224376228378
-0.295925126449409 0.450917289734347 0.20538132950621 0.0199541071293822
0.030098392864683 0.425656137015678 0.272649769377064 0.0725330823445084
0.310388633367122 0.165962303105231 0.29928589502237 -0.159777096241138
0.295378972272767 -0.193049287331956 0.127791258238799 -0.389207171676868
0.0809161754800829 -0.273404183019625 -0.153226269236135 -0.399448205679381
-0.0494593010381014 -0.253468708845038 -0.248217415685926 -0.212650286306969
-0.200790718847836 -0.189012666071577 -0.176448589321084 -0.0833089372581162
-0.266043986657493 -0.111109873494147 -0.0817898109707303 -0.021538196451983
-0.256792307469321 -0.124901826600327 0.0615179257961107 0.00505840680813255
-0.171180325236406 -0.204630757920957 0.173953720234526 0.134058599971937
-0.0727683627380431 -0.288192480536946 0.144159671217672 0.309405028505624
0.237155048467179 -0.383006371293568 -0.0945502709116131 0.332617051239626
0.452514112823471 0.0451908595157749 -0.152507172914471 0.167708191646583
0.128589083126498 0.497775197101516 -0.0310603107687298 -0.0035071240576329
-0.310261732523995 0.539842346800168 -0.0841820709966557 0.00264732754188936
-0.236717400864615 0.387088191822923 0.385745264047441 -0.0682859874458906
0.00630966447820561 0.339265923399489 0.396957783279418 -0.058858587282429
0.227122798505422 0.155504243744377 0.290886655062925 -0.274562160737754
0.249797568481008 -0.117976005124234 0.0781367864074443 -0.422998510296386
0.102770631887327 -0.207528408927821 -0.162536294276898 -0.406095835307561
-0.0107305733455267 -0.212462198237242 -0.26772502400749 -0.256139683951452
-0.154060854222496 -0.163632428423389 -0.241814316039572 -0.139877915458421
-0.22281406431795 -0.0945723217765575 -0.169177170658165 -0.0654716996278948
-0.230478010049913 -0.110206586054087 -0.0236858719075798 -0.0201874467691855
-0.166662192650829 -0.19680717658518 0.0856643991902617 0.109641479209468
-0.051730931015576 -0.296771184493148 0.0356005939515442 0.247605600504955
0.285093643442065 -0.346944712229567 -0.140466133339982 0.177884791270062
0.442186868191008 0.114415520504392 -0.0470357800066545 0.0315215963135815
0.0814454769096335 0.500081149506744 0.094901467704165 -0.0259625598776478
-0.285687182683008 0.490713405109292 0.0524285974924724 -0.110405576598638
-0.140580467032989 0.28291440934618 0.530126842326643 -0.153930484087766
0.00314870701571365 0.22797934555178 0.454702473328003 -0.193102411339441
0.147122063461492 0.11609616130668 0.248763696125142 -0.346922128028039
0.171986987496166 -0.059727595477779 0.0356757727966473 -0.422176705926123
0.0887482078995819 -0.123047393496886 -0.162468680102946 -0.394062540251123
0.0159575428844821 -0.138578734219778 -0.276999588912392 -0.283408921715392
-0.0897134267933422 -0.111508590608879 -0.288165300859912 -0.180516814234264
-0.148370206492199 -0.0657013206037912 -0.230854580102759 -0.0973479834729269
-0.161910495918902 -0.0847868800982649 -0.0935048866218884 -0.0387153323446008
-0.116517018201431 -0.160477078867362 0.00428108354711918 0.0701602364507589
-0.00179006216265589 -0.233379765647753 -0.0389527463060299 0.147791833105266
0.263455021091807 -0.210283215861072 -0.103655716293867 0.0361095552500696
0.303039236009858 0.158341677085177 0.0839156126182467 -0.0146122509044161
-2.74754848643231E-05 0.379512567941829 0.152318372645667 0.0171934491907218
-0.206609448769099 0.339452613069599 0.139564274214083 -0.200230952585554
0.0251268779043155 -0.101392421673553 0.0406472370961835 0.341370725679662
-0.0776446559011993 -0.121071508266326 -0.032915971412179 0.0341379221290961
-0.142873489524763 -0.0404319691352664 -0.13315286177001 0.0247736676859995
-0.094448311450203 0.0924301491036857 0.00154753923470532 -0.00211662906503184
0.0199629485537136 0.0996399623253001 -0.0185751839746621 -0.0634647189948681
0.060459841885861 0.0342052180099456 -0.00848417357319813 -0.00101913636450661
0.0466632543369281 -0.00908535834144524 0.135070423047603 0.0260660407124888
0.0328506960146453 -0.0127130950589919 0.285771147153707 0.0261660059746419
0.0235805406875177 0.0122504127140191 0.39290011437174 0.0385819768244679
-0.0097101087673509 0.0488149813527871 0.402950076458127 0.127511739868614
-0.0518170264368431 0.0626538904065 0.351497182918436 0.239464665048769
-0.0930617021788192 0.0214225665439423 0.203120344494121 0.369283760430996
-0.0902999260360497 -0.055544154576766 -0.000872900284296631 0.442309472618055
-0.0546026163246981 -0.119670632559692 -0.274617378025994 0.454274782258015
0.0407889815135751 -0.189197504396359 -0.530533958636732 0.509486817659847
0.00750305121739256 0.154589874128711 -0.00481240903640916 0.367264001135039
0.0761878310521978 0.0904893089064057 -0.0290391052031429 0.0700135396544279
0.0856390541778035 -0.0467375010029796 -0.109426636709328 0.0412862799961388
-0.0134589937315301 -0.115684825026616 0.00766231175505538 -0.00964083465408667
-0.0644056417270457 -0.0403288243439948 -0.0375246538121603 -0.0708116668268231
-0.0541413527771556 -0.0186975053138719 -0.0173503718691706 0.00453966142283922
-0.0733494253123789 -0.011526922056373 0.123651898259978 0.0284703067267167
-0.0828271331149099 -0.00434169976607758 0.275335374299799 0.0253652904233901
-0.079618673195102 -0.0131865456859404 0.380288730797905 0.0262519498349559
-0.0640796786873055 -0.0334476306900748 0.397003493905417 0.107946175681291
-0.045081428425952 -0.0351897892512254 0.356099474499331 0.220666029269551
-0.0167232394274599 -0.0628572390885439 0.231157875257333 0.357659195418857
0.016091923065828 -0.0270102451833424 0.0439645564472493 0.449931752271977
-0.00997479594515964 0.0204211763286506 -0.226762932337268 0.461168026273325
-0.0128744364237784 0.0222951103496558 -0.484322659078907 0.531121552541164
-0.0201555477311903 0.367095752205383 -0.026246809814915 0.322230460030088
0.197571600249778 0.270776054999396 -0.0144898185681765 0.118129375890633
0.283155186270879 -0.0390992779091582 -0.011835299284583 0.0501451859734224
0.0733925600599172 -0.283794330062986 0.0382122508584129 -0.0883651731507312
-0.119468068765358 -0.174158122162614 -0.0997194097556959 -0.127238441875252
-0.148256348667658 -0.0838108179857203 -0.0788583034030825 -0.00178043883358301
-0.182032947458885 -0.024092798804044 0.0706254583064091 0.0330234905592433
-0.187180018110085 0.00448332068517061 0.224612648983728 0.0206180524564376
-0.172154688079395 -0.0242985402881356 0.328597740257776 -0.000918564987918807
-0.118104809123544 -0.0934020823522388 0.373355070489764 0.068355368535651
-0.0564204151836571 -0.114869013643865 0.370008214359133 0.188873906350997
0.0285439302452413 -0.156831902330506 0.262652497261072 0.358228655397393
0.124845953356352 -0.0360364399134287 0.063974208066206 0.457195986377725
0.0696066244864963 0.144400819852054 -0.188906721895142 0.416266882074163
-0.0406450322170206 0.243092781370212 -0.40471595517554 0.478310512236443
-0.0537505347047053 0.498767678875246 -0.00310635123555614 0.228205188604065
0.259249125970499 0.370369658033848 0.0524981774373085 0.145453705075694
0.390928042499566 -0.0340340852350591 0.123135451432213 -0.004527038167894
0.128820680784617 -0.369264067824149 0.0532539060519294 -0.224424662908921
-0.131505998833108 -0.260064329213342 -0.193315531121301 -0.208238367359095
-0.195392988911776 -0.14593903439053 -0.174624076947135 -0.0205214985717755
-0.256168101742513 -0.0469523029500812 -0.0156367286982898 0.0336317029252185
-0.263789704358644 0.00951631055431721 0.138292419681265 0.0183512009948436
-0.243378964789297 -0.0233588797850633 0.247878305527998 -0.0241445303384536
-0.170251962610047 -0.123378876794503 0.335514978150373 0.0339601024713163
-0.0932565268936622 -0.16850762863834 0.380442061850412 0.171212596765122
0.0356192931535317 -0.258496906858745 0.2666983957968 0.372125628045021
0.232389647981295 -0.0831848044838314 0.0430105161241095 0.443942754930516
0.177914592272128 0.246511973538751 -0.164647353653163 0.313150774823334
-0.0451348538953926 0.443093610865375 -0.306486180231678 0.359569641225952
-0.0801478063155918 0.549405649245462 0.0790425366452602 0.10155393837234
0.251558906427479 0.396733388488659 0.175352890190135 0.0926279462837299
0.399435614175215 -0.0129266903856071 0.214119225207342 -0.138312491506707
0.159240938918265 -0.361136519894281 0.0144853487763507 -0.358325655423506
-0.100080797307488 -0.291008306443001 -0.282179487908127 -0.268491180006197
-0.193667979279033 -0.191433229087303 -0.265133913096768 -0.046444457968123
-0.284926624462552 -0.0706835920937516 -0.113478215019502 0.0233283156945029
-0.301159181018521 0.0128318154737574 0.0282776776203189 0.0158816172420425
-0.286153434184002 -0.0122703472756758 0.153125526135349 -0.0346139011731948
-0.21721154979647 -0.125915759022338 0.286543446606243 0.0206793449449211
-0.148868323421208 -0.204118642876257 0.360057727333923 0.182643609217303
0.025277240778699 -0.364867981252316 0.209209137311256 0.382547774140862
0.342239449037958 -0.142922994232123 -0.0159391099236537 0.374397332351492
0.286384331315457 0.329717734346169 -0.13228089794929 0.161772861298077
-0.037355732137604 0.589496995938991 -0.199374808650985 0.193270296319002
-0.0846914470913859 0.527923311798688 0.201458630694378 -0.0501484338784258
0.201600053277434 0.370318485633281 0.288364822275388 -0.0505524047287836
0.3451806928954 0.0225008330351881 0.213293093673545 -0.2841620372708
0.174897089216901 -0.293969743485563 -0.0558931440325692 -0.428276980474369
-0.0457440060328629 -0.277741838309115 -0.33299820620747 -0.294508920122429
-0.158728868579166 -0.209093843485408 -0.328502405307687 -0.0787795953660221
-0.268827786422552 -0.084824481288066 -0.209786287186569 0.00352222127847871
-0.295305852741956 0.0139986951158448 -0.086753963826146 0.0156434689105663
-0.295233547788037 -0.00142451131033248 0.0566306935500539 -0.0288104638565547
-0.24909349983432 -0.118108445777106 0.217890432340704 0.0317473617069283
-0.190790286456874 -0.235448175384309 0.283918371948709 0.206024472543178
0.0401715566969648 -0.445917107034984 0.0934910878324696 0.34517233439668
0.437437047763469 -0.157305667387363 -0.0653611757511075 0.23141654270037
0.344164424101545 0.397614138927283 -0.059815052688449 0.0104067283739403
-0.0295064141121381 0.647537632509749 -0.101385192460375 0.0113252818945715
-0.0627247279915293 0.443302869379262 0.326980286624361 -0.212219945491815
0.141200339558874 0.304483131041867 0.337985768687578 -0.225902426595379
0.264822661308037 0.0484669875356962 0.151714015405112 -0.379720582714731
0.165840228175825 -0.207781673847119 -0.114181501742137 -0.432553195309915
0.00207865245113725 -0.22729320169507 -0.341170899067028 -0.297896595102927
-0.106267043599887 -0.188978936644052 -0.365695281248547 -0.111684138280606
-0.214534187237524 -0.0815659563758207 -0.294225140193048 -0.0193995556294475
-0.247913294156618 0.011596227022865 -0.188087584267787 0.0161127938938329
-0.263631111761566 0.00119548147807205 -0.0323681213700612 -0.0121690721051739
-0.241091675966384 -0.111275478542911 0.127519429709406 0.0505999828683676
-0.176744117295584 -0.251484466434813 0.160631670477953 0.200877699396742
0.0978847687080136 -0.436885225042835 -0.0178178069758033 0.231493340267219
0.459547901147349 -0.0913389784098954 -0.036630611430354 0.0629701999974249
0.304630739985294 0.421785073680171 0.0438042415628522 -0.0698259794710531
-0.0297517226171656 0.588018820732695 -0.0250451075437221 -0.150173287231062
-0.0203041238994655 0.308632586347252 0.419315798555958 -0.360005405628051
0.0899655214634043 0.205078876887245 0.326378093854042 -0.374041925430098
0.175051717241474 0.046517248236114 0.0790943733448871 -0.423657395356912
0.121608279160527 -0.122850068623276 -0.151449960241516 -0.407031506359329
0.0253751077788312 -0.144370518855782 -0.331284914600254 -0.288468170497696
-0.0485299279023446 -0.132304771106283 -0.384671720151844 -0.133455533036237
-0.132563924212239 -0.062431953989232 -0.352716613721721 -0.0351964979184375
-0.164426427746543 0.00559271323815369 -0.258828352070013 0.015943218488281
-0.188022515153804 -0.0058880621613814 -0.103992479764531 0.002764399312847
-0.178183184689873 -0.0989961074101587 0.0364407347237905 0.0536153171856207
-0.104233460386913 -0.215514541294531 0.0469052305167373 0.147554787856474
0.139718716676179 -0.307288377662457 -0.0589449849033146 0.0928749730351289
0.353350754661185 0.00993028198230853 0.0559194240490066 -0.0424285783680273
0.17704013877428 0.348074409222268 0.120589288637885 -0.0614617382336594
-0.0270801035969281 0.410526466961176 0.021076088714623 -0.265436153825784
0.0199475494629666 -0.106396582216417 0.0567043526296486 0.351650985784964
-0.0868987172735068 -0.117795095307742 -0.0285020177392393 0.048504270010753
-0.148598884447462 -0.0312841964923259 -0.127160176462495 0.0366619172467645
-0.0913098717388995 0.100575153793912 0.00350774709818402 -0.00697841075318538
0.0267535254838918 0.101368107482788 -0.0258550934352434 -0.0656587247611369
0.0632402394570882 0.033015125412525 -0.0101059759407524 0.0053326737000473
0.0468268825655946 -0.00887836270636068 0.141144758221667 0.0229481917821942
0.032119509792125 -0.0132746256782704 0.297172392491457 0.0109919928578477
0.0230740962472192 0.0118605568708614 0.408387206458186 0.0171976083581335
-0.00767410135108522 0.0520567705567659 0.420856269837974 0.112026132919033
-0.0482144581190482 0.0682919249981537 0.369832524073964 0.229509661526464
-0.0951835592982319 0.0268652189819447 0.22139418706737 0.368895020577138
-0.0963923637002796 -0.0529600023771049 0.0136724213365261 0.448286845857474
-0.058796088747879 -0.121449170528853 -0.261349423128161 0.471829190837855
0.0325832145651444 -0.19579280810931 -0.510293187377904 0.544468907349866
0.0151653557805225 0.155683879259398 0.0103424072493852 0.380456188304847
0.0819428159220078 0.0906710997555254 -0.0231975300123586 0.0838928659613963
0.0854423342664615 -0.0492151263444718 -0.100710850815697 0.053506999007058
-0.0200241762639515 -0.116761745833824 0.010318265338788 -0.0137506751737475
-0.0671794657776789 -0.0387503657865841 -0.0452849242088209 -0.0699776664160386
-0.0567283419520302 -0.0171292717259438 -0.0181671057531576 0.0116276836231747
-0.077949145964306 -0.00521266844329484 0.130012164737404 0.0263402336436695
-0.0863571523736832 0.00153539230777746 0.286182655628847 0.0118245053621808
-0.0858451147668499 -0.00804222906896745 0.394369121609857 0.00603356956523507
-0.068937732354754 -0.0320546497459386 0.412724470212797 0.0936262124285675
-0.0464136713420148 -0.0345338909361176 0.374865032794801 0.21085458765696
-0.019546770870382 -0.0642322327020005 0.249659162613501 0.356837154151962
0.01576457859515 -0.0282111402029855 0.0611386901085919 0.45358111461209
-0.00699383215091652 0.0221222116632051 -0.210552003920084 0.477841662725099
-0.013438366523305 0.0232502831424958 -0.464325266262084 0.564351620185671
-0.00284549383770432 0.37437807250127 -0.0125991947843986 0.334890868658203
0.214781908432146 0.268725329777595 -0.00685242312218662 0.131357741112671
0.287029551752981 -0.0511068154205838 -0.00220269612708002 0.0574968579882827
0.0588855283006973 -0.292624570868427 0.0369996884245273 -0.0946044924068368
-0.129558002102024 -0.173364310068467 -0.112088566603254 -0.122174672537415
-0.156217447438544 -0.0798772817027266 -0.0807122475980835 0.00819130324140404
-0.191269185153262 -0.0137986272084149 0.0756044371190012 0.0336962842887774
-0.192990888598086 0.0160926277233276 0.23382925666083 0.00938328998886469
-0.182564536470833 -0.0148222858475116 0.33930203881726 -0.0183698203650533
-0.12956162992777 -0.0924395275887445 0.386882495979313 0.0541472336800401
-0.06221567246226 -0.117444899462707 0.38786603994214 0.177800568781379
0.0223150354514959 -0.163472358018485 0.281078161324555 0.354563613804485
0.127759818529732 -0.0416398841299313 0.0831196587783409 0.457983141271287
0.0803420620650845 0.146528820543356 -0.175912383031338 0.430088045048837
-0.0318964571118172 0.249866157470753 -0.385761259412737 0.507382758377988
-0.0301867527739483 0.511402499300017 0.00473778228731624 0.23628996853481
0.282850311452091 0.36725128692652 0.0612243968089975 0.154723522003596
0.397144032260592 -0.0516002426036112 0.132323639873725 -0.00466870319996853
0.112184265857562 -0.382836122260605 0.0449637897714301 -0.233198276017172
-0.145709968001262 -0.261217432677492 -0.21144422573309 -0.198567342294451
-0.208610883077674 -0.14286191892153 -0.179698532969343 -0.00612995269761692
-0.26942596425377 -0.0339074363086928 -0.0125165008377957 0.0385769261634544
-0.271086080625623 0.025374659330943 0.143588976871512 0.0118138617392098
-0.255924633581095 -0.0106898888985557 0.253775426017418 -0.0375097583638643
-0.184724282588868 -0.123129097600605 0.345124164611739 0.02045833882172
-0.101614394681137 -0.171839841899097 0.396882788618458 0.158831891020905
0.0254189556738721 -0.268453137008973 0.285510125231616 0.368356315380138
0.236811314691482 -0.0945174428173974 0.0599223205843911 0.446854229153414
0.195452962895743 0.246114528978157 -0.156752373453165 0.323244721233554
-0.0277637685342899 0.455014974303101 -0.291703848677704 0.380108229705872
-0.0552019973087985 0.563369486547369 0.081709629161643 0.103105894612201
0.276006098888137 0.398069217721052 0.182022790589661 0.0927189437642406
0.407257938150848 -0.0293463298928274 0.216961801459821 -0.146394155533432
0.144916826568354 -0.376404539167793 -0.00183666920714176 -0.367838861455139
-0.114921769008001 -0.29583411698855 -0.306250983611894 -0.25512626930777
-0.2100303953158 -0.191204647705992 -0.273524104745772 -0.0296537062554353
-0.300794777460939 -0.0585458257150244 -0.114155318471718 0.0320357491768551
-0.309219907766305 0.0293388608591189 0.0294969840093404 0.0153656846865204
-0.298564614147155 0.0024198633955425 0.15488064219567 -0.0436501763816992
-0.232521177185247 -0.124556042098354 0.29378823265369 0.00775262784919997
-0.159228727491533 -0.204966314155494 0.378337433262532 0.167695377716016
0.00824762887516017 -0.374637270021809 0.229491186051962 0.381732968869779
0.344780954530966 -0.161414698713662 -0.00397168314949616 0.378335163981966
0.309488595193633 0.325368165443887 -0.131777813260124 0.165912794087006
-0.0107846338017473 0.60263492416113 -0.192642494059829 0.203347350194928
-0.0612500316624869 0.541192671595878 0.199445611926751 -0.0589146638236297
0.224398779397592 0.3744205586248 0.28839852365659 -0.0592478209036285
0.354637633059995 0.0104106443105642 0.208963991030271 -0.293882418195898
0.165178270894061 -0.308410832065843 -0.0758974489524861 -0.434041293077828
-0.0590922819532295 -0.286365727872154 -0.357998451083621 -0.28200566514028
-0.175540842165406 -0.211025528501572 -0.34097873175313 -0.0614022387856797
-0.285345911079657 -0.0732969453086954 -0.215667637811428 0.0147577737977968
-0.303190508134912 0.0305051507495599 -0.0904329455485157 0.0209776574125546
-0.305996041008975 0.0146543484881739 0.0552166323729648 -0.0332473933523118
-0.264764404760133 -0.113872702819848 0.224058664905794 0.0215112389154675
-0.203640344583019 -0.2335808651356 0.303075334845311 0.195178278868813
0.0195934681337437 -0.458232815493901 0.109453889225692 0.350232096067248
0.44123737054356 -0.182015991052897 -0.0613723993553753 0.235402822837443
0.373732871543866 0.38923049967161 -0.0660495871597114 0.00746639668665259
0.00165765935313621 0.660936800819707 -0.101919556931229 0.0118465608910094
-0.043669354690716 0.452973244451568 0.319850784115226 -0.231322075058836
0.158655840747863 0.309459978465984 0.330298262775773 -0.241927823477259
0.27475574127137 0.03995129870368 0.140672239624327 -0.388961604704616
0.160369621417545 -0.220454010170705 -0.135024370638427 -0.435901745807529
-0.00783072838973536 -0.23734847432618 -0.365236725794028 -0.287566198460821
-0.121307666720654 -0.192679022674251 -0.381571657764833 -0.0965716401639655
-0.228136723611118 -0.0731936787662008 -0.304748886584074 -0.00480873298027793
-0.252915151517352 0.0253370228934878 -0.195403943953358 0.0265556281697759
-0.271788875699512 0.0155443095501974 -0.0360453377659573 -0.0122077554867783
-0.255764007572124 -0.105695492006358 0.132805659802702 0.0440463151006511
-0.191284578484256 -0.249401284031825 0.178315236687908 0.195455764084062
0.0766550741861238 -0.452753635331034 -0.0100405751502092 0.24297558666715
0.46614045747356 -0.117647369797852 -0.0413646936427995 0.0624799574713506
0.335029213615881 0.41498838642154 0.0349725164846666 -0.0814065852820887
-0.00114757137532858 0.602199208809949 -0.0329158534725996 -0.157543165749265
-0.00755363548581628 0.313707885276914 0.407702069621696 -0.386029840787423
0.101139790137856 0.20905807262031 0.312715916796855 -0.392390858649376
0.182156215461524 0.0415031866332214 0.0643787183319209 -0.430476326780753
0.119170377517157 -0.13159114884257 -0.171013675904639 -0.410147286256866
0.020295281867706 -0.152622452160064 -0.354876691365214 -0.281279297043291
-0.058930576704614 -0.136401155623804 -0.403502687407961 -0.118995256011881
-0.141790607682833 -0.0578576268305286 -0.367871646747893 -0.019571793047773
-0.16712021615008 0.0152922858935084 -0.268780754571778 0.0292499199401955
-0.19423241519679 0.00614422008523927 -0.109542638266429 0.00525794694115412
-0.18925242099803 -0.0944446912595718 0.0394141865239086 0.0502043843465885
-0.116435367649055 -0.214130546353699 0.0602622168201207 0.146939204892784
0.127074678410687 -0.322134195298056 -0.0599375484530803 0.102467729490011
0.363477298952193 -0.0105209282453454 0.0455209609212141 -0.0505392299496956
0.202192774202721 0.346056156095989 0.11424609479168 -0.079251735947717
-0.0065855132406673 0.41994339049427 0.00768344722195242 -0.277194368701352
0.0106406541588505 -0.110180212069466 0.0813460203453641 0.354967616465907
-0.096474801281761 -0.110737846605097 -0.0189581880836985 0.0614265766424024
-0.151515808481581 -0.016253647209654 -0.116353189514348 0.0511311059575799
-0.0842950032114808 0.109779312852386 0.00480814232005651 -0.0117815894786878
0.0357909306002618 0.100007587635169 -0.034570305824915 -0.0649932362402686
0.0669948624825207 0.0295926155472707 -0.00896360637567815 0.0123522757637579
0.0462422364010813 -0.0098899484995244 0.146163888066506 0.0155908323390788
0.0301860966036968 -0.0147863203648901 0.303676228712819 -0.012082997331163
0.022743117853239 0.0109670315232499 0.416794538289746 -0.0164967171701976
-0.00378957317258397 0.0552188450479791 0.435844150595892 0.0829205773229616
-0.0419881530089876 0.0739713326406054 0.388765284182105 0.206944302909826
-0.0954658885489104 0.0345202507823038 0.246247130125359 0.356514194266025
-0.102248567681067 -0.0467901658218759 0.0404368943912406 0.44656016912619
-0.0654905590899308 -0.119642139231873 -0.230931100222336 0.491061362269135
0.01774603722262 -0.199782306646841 -0.465739701878934 0.584086533261948
0.0258288014972643 0.154012791519025 0.0368650171394252 0.387112870548848
0.0897218647353662 0.0862871810246837 -0.0124487530550497 0.0973491477283526
0.0820131994083218 -0.0536596062637124 -0.0890789461006342 0.0667585902474534
-0.0300801914351976 -0.113686527478309 0.011360183492352 -0.0182446249068161
-0.0688752895131344 -0.0346412637746012 -0.0547021094615626 -0.0651356902324548
-0.0587125262478553 -0.0134863315002956 -0.0165302679879293 0.0196209769636092
-0.0808444729640981 0.0026065649765466 0.135501327037804 0.0204752641655187
-0.0883346273066055 0.0096011671607715 0.293745868314453 -0.0106151869497115
-0.0902167373964771 -0.000654359112760902 0.401328062803864 -0.0265546911742464
-0.0743525866656699 -0.0274617900632205 0.426595873464543 0.0654537787109632
-0.0481800238392858 -0.0327396123177256 0.392719762293803 0.187062145678195
-0.0249395026225031 -0.0645668801451041 0.273697901132215 0.343218615066197
0.0147425437970343 -0.0290483891249997 0.0871992291639859 0.449263765969576
-0.00324728807448547 0.0231516807910135 -0.179945908088034 0.492552589001519
-0.0137775789975029 0.0242174614717118 -0.419660799576442 0.600077798924016
0.0247861087029985 0.37448416164703 0.00931654671730963 0.342526783914672
0.236557050044348 0.256547346316339 0.00565324263787904 0.143139466149414
0.284775007816672 -0.0713880169003159 0.0101401749630975 0.0638060624452434
0.0365797049325119 -0.298250259197039 0.032519673642932 -0.0995038462875027
-0.142183309831568 -0.165876461300098 -0.124830598208668 -0.110645910736888
-0.164779531773872 -0.0711240047753904 -0.0792547639572277 0.0207968172095094
-0.197183154144876 0.00314983827860772 0.0819179693976049 0.0319958311129056
-0.194455509346699 0.0330998899218309 0.23910635564488 -0.00842146686849037
-0.190080429090571 0.000675686148302384 0.343881663096356 -0.046229514752563
-0.141810296634019 -0.0867190633038904 0.396337890745326 0.0279996673022628
-0.0706012956776418 -0.116934710270589 0.404171944314377 0.152743381234187
0.0106845646039625 -0.168259327163094 0.305992010058383 0.339175641756734
0.128474411384016 -0.0503868657079537 0.10968946884536 0.452548751655433
0.0933244565428175 0.143785145383036 -0.147630428091791 0.441458194051021
-0.0154403558933225 0.254129719551826 -0.347588727250342 0.536312110411015
0.00868617197614798 0.514551175141035 0.0187987282148772 0.241626980509393
0.311433448965022 0.352945181204666 0.0744207270451051 0.160714505735173
0.396760378942024 -0.0790789068208814 0.140547801187102 -0.0086371300561807
0.084135918510345 -0.393137620008312 0.0302942800257176 -0.239059573030615
-0.165130735069089 -0.25424223903991 -0.231041955621878 -0.177903979022583
-0.223179289318805 -0.131359757524082 -0.180143491007072 0.0130779108979662
-0.278765652476295 -0.0120799626893773 -0.00720850495301201 0.0426497518772054
-0.273289186499394 0.0476538254446878 0.147182278107306 0.00216236791977061
-0.264279565137324 0.0106581657570373 0.254644581211004 -0.0580615755358884
-0.201794494893617 -0.113945966939968 0.351035085455456 -0.00289486965224963
-0.11368644246753 -0.169661657906058 0.413323673496593 0.130605378618609
0.00619521213564601 -0.274947343518501 0.311198113415653 0.352460035666843
0.234130051705894 -0.111673799787496 0.0888319590983187 0.440906398558922
0.215622270077168 0.235789105008627 -0.137495192996067 0.333758322448133
0.0044320421122128 0.459859129869354 -0.260949314744871 0.400540581626536
-0.015188976005185 0.568922222645159 0.0853063826227376 0.100553049126627
0.307516559645231 0.383480718801687 0.189004232326772 0.088994883643576
0.4086003123026 -0.0564934131291127 0.213784182367537 -0.157213592213536
0.118234273238331 -0.388684838836815 -0.026176175453454 -0.36941258800216
-0.136120344571434 -0.293852582665274 -0.329382914043027 -0.228700561971567
-0.230071202065057 -0.180545234314722 -0.276931635450949 -0.00489999639120557
-0.31291710640218 -0.0337398367566023 -0.112094143692245 0.0441572654272543
-0.311001640172968 0.0556449912104719 0.0297216465832463 0.0142133213517268
-0.305666939945837 0.0266556838689443 0.152242474732663 -0.0560892707904211
-0.250052439499698 -0.112667904128526 0.297037777230479 -0.0130368506144394
-0.173498426812491 -0.200179592956068 0.395107027822321 0.139978493537621
-0.018060271000277 -0.380009858580885 0.255909120448522 0.370187879248433
0.336940307645471 -0.186932758544566 0.0183636679059024 0.377101429422734
0.337372710586529 0.306567626286869 -0.12479674627666 0.172572647671927
0.0328050104316282 0.606968213980481 -0.176560909490264 0.21546165807253
-0.0228603425870595 0.545783966151659 0.191438575050303 -0.0706438447828528
0.253433751689385 0.366412029522368 0.283560412411746 -0.0733062261877994
0.360637941623491 -0.0125765041019398 0.193340402020587 -0.305949408131763
0.14468219050303 -0.322546554457791 -0.107563222965634 -0.431605850569173
-0.0799862562246577 -0.289120188637239 -0.383911231929207 -0.252408611893519
-0.196691106443039 -0.204370306433688 -0.349335252739998 -0.0333098481471222
-0.298415357394479 -0.0518534717799449 -0.217743275780609 0.0338196875989641
-0.304133111456606 0.0551881555322325 -0.0917457972659384 0.0291375158810048
-0.311178649396002 0.0404347346941755 0.0515351803974978 -0.0380669888666676
-0.280117701903448 -0.0986990034006057 0.226805262208998 0.00515291307977822
-0.220104825754561 -0.223160509278664 0.322198266415984 0.171263035513251
-0.0155372707156135 -0.463778898013379 0.13388336031888 0.348195673975564
0.430547659376583 -0.21771839428216 -0.0507636961613473 0.238005861831025
0.406608839876881 0.365518374745685 -0.0718468121592424 0.0059124509171865
0.0526309935678918 0.664733937548365 -0.100921835666256 0.0147134389925019
-0.0118583084860465 0.457498541630551 0.300095503860739 -0.253978577877923
0.18348806156767 0.30593511806432 0.311432752071654 -0.260294925844497
0.282398926336217 0.0238909598765008 0.117637803433815 -0.397596475421921
0.146636131131865 -0.234629790133965 -0.165785568616046 -0.429534507521887
-0.024552874643477 -0.244285007873794 -0.39164683387224 -0.260802154431317
-0.14047780318916 -0.189499711971419 -0.394104034745309 -0.066997845908795
-0.240539128103297 -0.0558077908522426 -0.311546871827586 0.0191742796273582
-0.253448839091731 0.0455097994583757 -0.198862908935257 0.0437034067200338
-0.274748195878922 0.0395153286223788 -0.0404733040547916 -0.0110992754709036
-0.269419229754091 -0.0902890791328849 0.136334422928231 0.0328355538604602
-0.209663209972357 -0.237775477441695 0.198016854480733 0.180165848381586
0.0424943776319999 -0.461812561307701 0.00541908603760459 0.249992272868035
0.46029606539882 -0.156373469031387 -0.0447128390082635 0.0629300217804132
0.370793549255437 0.39253297813782 0.0228111179258466 -0.0922662260342973
0.046210872712486 0.605205276528167 -0.0460211307587358 -0.160290468023431
0.0142207466319035 0.313835293749511 0.379284854758687 -0.417185473298257
0.118767802625625 0.207161122993293 0.281435611943949 -0.412676760466103
0.188392834336503 0.030383973206654 0.0386495266311351 -0.434073935781635
0.111379698803243 -0.141531313414322 -0.198992395254786 -0.401578441558307
0.00997726269586533 -0.159176186116371 -0.380969487647645 -0.258192081555766
-0.0728332350590801 -0.136617652745636 -0.419095287578747 -0.0912395754591034
-0.150008323702256 -0.0470356287248563 -0.377499567418231 0.00889112046744761
-0.16656036361955 0.0289453549915437 -0.274074280035373 0.0518665585552098
-0.196189854488138 0.0228491713416817 -0.114202137018428 0.0124172370965898
-0.200702228734256 -0.0828362157245709 0.0429241770287152 0.0451818265994713
-0.133279099706878 -0.20698108105321 0.0757520490104534 0.140579499746791
0.101596062742779 -0.334969321409099 -0.0555868340664998 0.113737315340072
0.365744299855821 -0.0411847110223672 0.0332797168108066 -0.0565951765812875
0.23286537620903 0.332348784617146 0.102228088770159 -0.0979622119979738
0.027134512190044 0.42205593664734 -0.0140544773926301 -0.285033214909127
0.000132487453516061 -0.109868642741379 0.105560157891939 0.345433340648873
-0.102942004697863 -0.0994339276191288 -0.00728715435647453 0.072130547934304
-0.148164255239679 -0.00109757693156082 -0.101231072041104 0.0621574065368925
-0.073275658353743 0.115320123288254 0.00452796210468636 -0.015575830057069
0.0439509856135486 0.0949726661572903 -0.0432449881074842 -0.0602277331166795
0.068210944452987 0.0243590721026261 -0.00620647157862362 0.018698099802303
0.0449589199565095 -0.010935262191472 0.147168071544758 0.00673327270985455
0.0278391037954996 -0.0152562542824643 0.299846203725737 -0.0376798805945512
0.0220575046488481 0.0101877209339673 0.408835641804786 -0.0521107605014057
0.00124735479828657 0.0560445958312388 0.434917503156606 0.0474881575732433
-0.0337556461884531 0.0764989897243663 0.396010273090236 0.1744113907766
-0.0920220626609224 0.0415550982522398 0.266243442306585 0.332930771233357
-0.104635381602501 -0.0378324738559046 0.0661995783682856 0.431740457173635
-0.0709834375606349 -0.113542534212839 -0.190175914202751 0.493177136921223
0.00151224496693637 -0.196806627514578 -0.405043540804116 0.601480158308913
0.0359060489962614 0.145824159772672 0.0644367308810129 0.379752363352724
0.0943814069106952 0.0782304385632174 0.00157915946326383 0.106424033149205
0.0755475355573861 -0.0564067205099827 -0.0729247607099642 0.0769072482291817
-0.0388208699557262 -0.107444211610246 0.0114746690200865 -0.0215732502957803
-0.068983415869312 -0.0292486471994905 -0.0613706528198126 -0.0574840773304254
-0.0588441751255047 -0.00890451378218839 -0.0126505357964288 0.0262652490903172
-0.0799562573199681 0.0118150173444994 0.137325734146402 0.0131919518889922
-0.0868130218295613 0.0187842127393612 0.289646773837455 -0.0334755430450578
-0.0915446654516315 0.00873699949307124 0.39303376008837 -0.0609488286909042
-0.0771186462941556 -0.0213500776694176 0.425486580781476 0.0312342731328044
-0.0487025730566043 -0.0296607900295277 0.39855077803248 0.154975572753545
-0.0294250948167553 -0.0619464264717636 0.290427373006972 0.317421058274423
0.0131670062792421 -0.0295106944261775 0.113125779396739 0.428531967386122
0.000576170178410981 0.0230800576120235 -0.139819793951984 0.493319529604376
-0.0129637823426769 0.0247124803871062 -0.359172132194131 0.614647026325775
0.0529692961025419 0.362194814310729 0.033225476352931 0.338189992151425
0.251775531923552 0.233143514158617 0.0209546353075618 0.149316811750848
0.272727720082889 -0.0904772951624891 0.0236215470645402 0.0665646619489269
0.0113717978572415 -0.291473999950245 0.0258711017855022 -0.101767800606767
-0.151063036320988 -0.152363402787495 -0.132102823771568 -0.094115298099097
-0.168578055565647 -0.0584316041347834 -0.0734875879181872 0.0325156617656388
-0.195170919820215 0.0216874332340752 0.086036567296452 0.0285013238796057
-0.189459104848444 0.0500228353000253 0.236143882605975 -0.0267115712511749
-0.189816985175631 0.0178792064583428 0.334513648944762 -0.0741742242147423
-0.150203880266235 -0.0753673093183329 0.392399955603144 -0.00200020879498936
-0.0780402792892969 -0.112553300116504 0.407726041526187 0.119756882975151
-0.00226757761344926 -0.167820548745744 0.321791738999218 0.31036778779579
0.123755836170671 -0.0584696814415964 0.134326293414646 0.430064494999568
0.103952129547078 0.13504337328346 -0.113157056362945 0.440776213387664
0.00235303062669772 0.249185668250024 -0.292362982280684 0.546358740613856
0.0464418304214136 0.49870829229972 0.0341650974750887 0.238820874624194
0.334274488420783 0.323080858143701 0.0876241543925435 0.161864165421587
0.380908871252849 -0.106017993332989 0.143261163135782 -0.0147450781305424
0.0512003136708811 -0.388035139911968 0.0124472083256802 -0.236940869575474
-0.180542932006106 -0.239163895851478 -0.239943658457937 -0.150545374184361
-0.231159280019268 -0.113989663934673 -0.172437834045902 0.0321202025367884
-0.277346703387848 0.0124351135065887 -0.000809265468607439 0.0466111977249647
-0.264926931744554 0.0705821485318161 0.145693723474268 -0.00940800200709992
-0.262281816160863 0.0334854511035988 0.24432848329326 -0.077235146199236
-0.211760875530414 -0.0984999184809367 0.345553960084581 -0.028259596730842
-0.124226611805491 -0.162600606974927 0.413718616348437 0.0965382902897651
-0.013840172251595 -0.271175058863633 0.328025091526063 0.323488112243319
0.222990806273358 -0.125911575244698 0.114404713373264 0.420478231857236
0.230266308800793 0.216393892432734 -0.112347661831876 0.33260194276635
0.0383505353944255 0.446647679297464 -0.221879907849037 0.407909610959087
0.0295563051288706 0.552720470832243 0.0873110262256452 0.0954056546500185
0.330573319527586 0.353752708197833 0.191586723089019 0.0819959581803265
0.396090903997737 -0.0841451797076888 0.203714105524104 -0.164771059924108
0.0873264392728012 -0.387594173573056 -0.0535135818249368 -0.358777955033691
-0.154600190967708 -0.280758556614952 -0.339833630667003 -0.190759183219795
-0.242622841793634 -0.163259342517678 -0.269898905847674 0.0220025169670876
-0.313363922414601 -0.00690407864538957 -0.105101187396179 0.0548897714380914
-0.300882653060352 0.0802307894863678 0.0292852239655281 0.0135873823966897
-0.300922286927301 0.0529998602068191 0.143866756350168 -0.066638822173497
-0.259767735665656 -0.0939303566804027 0.29023489300705 -0.0343269530668763
-0.183659003299073 -0.186464947161802 0.397018391632098 0.105363753458246
-0.0470654260709966 -0.371381627518621 0.27660398873597 0.344876646233935
0.316460940031398 -0.207468174489518 0.0421135088997253 0.36434300193559
0.353870590807447 0.275397386134944 -0.111888912015821 0.173077115383152
0.0786332562508114 0.588544694704222 -0.15410101230685 0.219728421980588
0.0188991208549373 0.532716404958801 0.177104329073845 -0.0797807512601809
0.276999226316566 0.342829244407179 0.270398707957708 -0.0833793620830726
0.352620015060342 -0.0362846667299715 0.170685389570668 -0.308741793387485
0.118347126226001 -0.325748854683568 -0.135738869217426 -0.412350910870809
-0.0999929230264174 -0.282222324752981 -0.395448269284446 -0.211781734033329
-0.212663574730352 -0.18927792037136 -0.34323396128678 -0.00254810207140981
-0.300399472638242 -0.0252144509765903 -0.210964110387741 0.0524291533865375
-0.293235600912812 0.0790133179194262 -0.0903680911646838 0.0387006306319912
-0.303987722013859 0.0658898874009131 0.0447595149216042 -0.040600734869768
-0.287198766569311 -0.0772094500514595 0.222189992718246 -0.0135677439779665
-0.230740612534868 -0.204524930921589 0.329625492332417 0.139445558817394
-0.04996048425498 -0.452020519449051 0.155975973135244 0.334460818922191
0.404625896799414 -0.245480253680402 -0.0365009299775189 0.234210050338931
0.425748502986377 0.325306840883447 -0.0752885217393992 0.00671386899215617
0.101855325887481 0.643036211499615 -0.0973959005053583 0.0189622876199465
0.0221637794227333 0.444893697886964 0.269410672717085 -0.267559208099527
0.204266036772238 0.28957483381455 0.281887298106791 -0.270037816720122
0.280488954569616 0.0045842252623729 0.0891589400059293 -0.391820791251243
0.127497303845391 -0.240634956082141 -0.19284419891693 -0.406458224978958
-0.0434104884124478 -0.242063052014196 -0.403702258988768 -0.22052148405421
-0.156217620391643 -0.17853168737724 -0.391273465301502 -0.0342740187347749
-0.243268868224127 -0.0349874523249023 -0.306293451427985 0.0449840086522095
-0.243803799204481 0.065124753657102 -0.195152019462947 0.0609689977147238
-0.26765025396829 0.062028503391719 -0.0442062803190265 -0.00741171463117754
-0.273772922489754 -0.069446056383392 0.135461131724548 0.0194724137124217
-0.221730288336687 -0.218185364326391 0.209758931347589 0.157090676817909
0.00405689277510277 -0.454821549537194 0.0240613358401913 0.249475405195883
0.436804047232871 -0.19071611504404 -0.0463199466570113 0.0634787678473576
0.395558391743824 0.353913603853531 0.00803175528301283 -0.0987373059986687
0.0935274591871167 0.584750951588355 -0.0583289643682293 -0.156897157697128
0.0366754937112869 0.303778361183638 0.334035542835799 -0.433141695115795
0.133163284011373 0.196884061740658 0.24117038420423 -0.414749743884762
0.189285836858919 0.0175194076683833 0.00902071685476917 -0.42223461076095
0.0987471624833441 -0.14691444275477 -0.223120663371951 -0.378167329484961
-0.00254394369061391 -0.160682101849635 -0.393580679201284 -0.22217867038194
-0.0848040544925747 -0.130789738302433 -0.420510235755739 -0.0572233602589799
-0.15331026512828 -0.033681548292261 -0.373269074213547 0.0402758864180812
-0.160205910816553 0.041694012397429 -0.269155343363227 0.0755908243710606
-0.190190297107493 0.039388794383305 -0.114353407670227 0.0203212550447
-0.205160428852052 -0.065967007627904 0.0441528089501723 0.0380834997425522
-0.145229681477605 -0.192985120071862 0.0882800075928357 0.127997304088484
0.0713792445437028 -0.336905850946631 -0.047412525670866 0.122106036096015
0.354285548630217 -0.0717643912357082 0.0185255607485189 -0.0597400107074284
0.256917021297168 0.305511953084247 0.0837516468058575 -0.112209993418268
0.0614508524693478 0.407441542532526 -0.0376688372292082 -0.281460078534329
-0.00831811021836594 -0.10647688708369 0.118777343272555 0.328421920612325
-0.104255473253042 -0.0882703014555036 0.00411767212236431 0.0778856897279619
-0.140155830666871 0.00968744235644727 -0.0841829756175656 0.0684584266032542
-0.0625436338995668 0.11556741282591 0.0039526188560028 -0.0185211160917029
0.0483505617389539 0.0872922391544426 -0.0491974317911777 -0.0541464302092436
0.0674714107204731 0.0203777130308959 -0.00256927893341729 0.0227649662995424
0.0439877939907813 -0.0108723015859262 0.14467010310312 0.000511467150940391
0.025839608978003 -0.0136601157725969 0.289032102190194 -0.0541948539452165
0.0210866335050546 0.0105382742722567 0.389979126682038 -0.0757986973278202
0.00491513756865951 0.0544106054280621 0.422400634544009 0.0216205846820954
-0.0263344623646728 0.0756576643824036 0.386353331946389 0.14682141788477
-0.0861079701828401 0.0458819768030729 0.269905393127027 0.306758968776899
-0.103005045497758 -0.0307425217503471 0.0796907631056858 0.407792332705161
-0.0719594259117226 -0.106702813999124 -0.157228353945002 0.477524737212089
-0.00978652189728793 -0.187020007290846 -0.348432682362802 0.590895713463984
0.0405149253396972 0.136223736681333 0.0820945277130004 0.364597531789724
0.0950067414653318 0.0703907628099261 0.0142847882429179 0.110842867350231
0.0701877870178125 -0.0560060727411662 -0.0559184586519932 0.0815396102094976
-0.0427379458710695 -0.099124218567792 0.011167862854989 -0.0233603326432906
-0.0663568427583069 -0.0249254627550876 -0.0639064488582763 -0.0487238096177382
-0.057096207807193 -0.00575194936535467 -0.00737641645276135 0.0307273443693787
-0.075325962543381 0.0183549650403461 0.136119330917721 0.00736050166266318
-0.0828403887396657 0.0249350741017381 0.280047070099085 -0.0495771603807833
-0.0895968523385134 0.0164692873363859 0.374165425485744 -0.0833060771897747
-0.0773521115762499 -0.0164538691350099 0.412163108434114 0.00782932896276716
-0.0476461516767608 -0.027546870465894 0.389295126698409 0.129305862960313
-0.0324018292631756 -0.0580379778619668 0.292925088797029 0.290536353675206
0.0120634428205795 -0.0281439775751895 0.123476175981303 0.403226110052887
0.00362508032785188 0.0224639221696401 -0.108331153494643 0.475552931363772
-0.012699296656043 0.0246271132324264 -0.303350179040778 0.602126171554098
0.0691017391970745 0.339914575589746 0.0484718961068111 0.325839581918789
0.254142249976975 0.209961346120119 0.0336800039464899 0.150659581445209
0.255244325283591 -0.0999877906260617 0.0348476444698426 0.0666596426609595
-0.00544668132716614 -0.277856116374155 0.0210102293331542 -0.100362349997116
-0.151934356889468 -0.13991955585953 -0.131604536583124 -0.0778314691669009
-0.166242114288375 -0.0480404938860063 -0.0652182847950468 0.039486436851702
-0.186864754724311 0.0342982672256671 0.0878912441958584 0.0251792934711394
-0.179838976275893 0.0607597112441458 0.227510872535384 -0.0385820842084141
-0.184151053062808 0.0308223635120731 0.315998820340327 -0.0912741614783005
-0.152698748932844 -0.0649492592398671 0.378542722165934 -0.0217250436090359
-0.0810584175556875 -0.107309113165071 0.396421943819552 0.0945218600126047
-0.0110288070895464 -0.162131472001597 0.322212739717269 0.282749938958173
0.11763334445362 -0.0615697336718031 0.145719692715405 0.401600037945087
0.108188771201144 0.125286800399188 -0.0866799497430285 0.423634271607375
0.0136431744434899 0.238053480315934 -0.245790798783292 0.53233258918088
0.0708156888232104 0.471169468623988 0.0434115924580224 0.23148517407872
0.335428483809238 0.291701739370596 0.0955350652622687 0.15865466901743
0.357615317279664 -0.121142024394039 0.144580490959008 -0.0166931436050542
0.0274801175876184 -0.372825049921757 0.000887353112400157 -0.227130253212659
-0.185827326840503 -0.221857803038036 -0.236074429662483 -0.125124043497151
-0.231928059778068 -0.0986962512126259 -0.159300947827293 0.0443488376280863
-0.267186620844748 0.0301218705020039 0.00539877741067333 0.0474632995034042
-0.251094845422811 0.0851513317830058 0.140297560232764 -0.0153208405311038
-0.252235581387762 0.0501694229787445 0.22978968556002 -0.0877522970202563
-0.214755509979113 -0.0846758091431096 0.330731058983466 -0.0445908623462041
-0.128069229690305 -0.154042813274592 0.400420441183838 0.0713983982905544
-0.0279102792848995 -0.26130679995851 0.329103405995359 0.293885243357833
0.208930547251774 -0.131090463906517 0.126109088734216 0.392032889299222
0.233206781988576 0.196595729663631 -0.0918483952667821 0.320291101516208
0.0583277072394345 0.425313891948457 -0.18605078315936 0.397379885038487
0.0560219967318764 0.523696746685029 0.0845027919657054 0.0918833340615282
0.336562887509903 0.323668653647782 0.189907270894901 0.0778312738403568
0.375135171085715 -0.0996936991877337 0.191963539118262 -0.163196229516899
0.0628689855773068 -0.373987011274537 -0.0689072584204205 -0.33870797021807
-0.164006772058388 -0.264669424606723 -0.332966355979343 -0.157388933445335
-0.245575326163948 -0.146538387211224 -0.253816429976587 0.0390723440615346
-0.303978321850734 0.0138710582471779 -0.0948170603698596 0.0606037572448312
-0.285028025905985 0.0959837885049655 0.0298604082191401 0.013413313506475
-0.287974981268368 0.0701445456019135 0.132282185718832 -0.0714004736411222
-0.2606069844391 -0.077899727008057 0.276714572647055 -0.0486185035403163
-0.185460372044432 -0.173607827192733 0.384541550057288 0.0780252193750525
-0.064163771474804 -0.354263239962371 0.281660642556607 0.318208228682509
0.292401230111665 -0.214242246049184 0.0540965331338397 0.343438171372879
0.353719180391046 0.245389583328447 -0.101796720192733 0.168794978649733
0.106226768981082 0.556637741790686 -0.133062059711183 0.213927639025277
0.044974000807729 0.505816507408214 0.161360263119804 -0.0802925966367461
0.284123966703245 0.315706840444977 0.254204944225954 -0.0846401364796074
0.337618015857015 -0.0519557273407847 0.152061746862843 -0.298385816987021
0.0973398845480175 -0.317407441735902 -0.150365358941365 -0.385539368084918
-0.11179906276063 -0.269824266200569 -0.387258983707066 -0.1741527772302
-0.219064171091517 -0.173312329483607 -0.327462596876674 0.0177507867236883
-0.292972811112079 -0.00599206547155094 -0.198792211880375 0.0644180860680904
-0.277903104441492 0.0938453636995926 -0.0854199675922961 0.0453198931666202
-0.289898869446254 0.0825377649879485 0.0378664496016547 -0.0409357631738234
-0.284441264150657 -0.0608192771102784 0.211109237860996 -0.0259602889069236
-0.229828996247199 -0.186696073276497 0.323031812006005 0.111871370437659
-0.0735805862853634 -0.430138106529292 0.167924255817148 0.314814160306911
0.372739959006921 -0.25644503981464 -0.0286713943632799 0.22368061876639
0.426365020960862 0.288718899032148 -0.0765880933012627 0.00626696844996532
0.131893566705975 0.604522190704916 -0.0922888121432644 0.0195171318588449
0.0419623359362885 0.421006137127799 0.238501951765204 -0.265138841743416
0.212763535625054 0.268554228706921 0.255181299355935 -0.263840004851484
0.271373519263999 -0.00948779936280238 0.0690679300474321 -0.374371135311046
0.110485169479313 -0.238047346396999 -0.203880383474619 -0.377494743498287
-0.0559447930124021 -0.23519803382527 -0.397092681835288 -0.186222305689484
-0.164922942421426 -0.1654364983628 -0.37749972791024 -0.0103357015157043
-0.238848732603646 -0.0188328147324398 -0.292050413649269 0.0624218936649323
-0.230293927704313 0.076627677474118 -0.186052835811876 0.0730264471781111
-0.253489136750717 0.0760172879332829 -0.0462183322480844 -0.00482147858957085
-0.269679818542615 -0.0521643268397276 0.12991568327152 0.00923090929241712
-0.221891464309452 -0.198468632597772 0.209871359038741 0.134518418770528
-0.0227250315617538 -0.435363098604752 0.0368050290815849 0.243035469574849
0.406447961941899 -0.208481771026022 -0.0480682923911894 0.0622017550878726
0.398964934350785 0.315193324198861 -0.00515192671096613 -0.10033172172331
0.122058377225754 0.549466898130703 -0.0651321006182676 -0.150529136566866
0.0495169743289387 0.286054848912142 0.291036035563221 -0.426869679575275
0.139401211479839 0.182915136093341 0.208742967280616 -0.402262386178935
0.184340411976863 0.00760625978595753 -0.00966063844813037 -0.400117723393172
0.0881627424651553 -0.146215342376645 -0.231022030088219 -0.349203281999386
-0.0117847801009189 -0.15880941967166 -0.390641977423838 -0.190840162816093
-0.0924598135982561 -0.123252743954506 -0.408702164839961 -0.0324633192364742
-0.150801982427295 -0.0228851033564669 -0.359751020417174 0.0612811659505352
-0.150378576951265 0.0483919956293984 -0.257687099099023 0.0913740311540079
-0.179697442574529 0.0499795717096027 -0.112939849775843 0.0257369985560065
-0.202061262384604 -0.052728066974009 0.043444520617468 0.0310207805907271
-0.148638926578231 -0.177539741245708 0.0926766195913341 0.114647925956226
0.0481705155085389 -0.326296874684447 -0.0381252204314295 0.125395077531882
0.333718397768111 -0.0910388189353836 0.00617649754948085 -0.0587751995344017
0.2649553208045 0.276904502561367 0.0656705277125578 -0.118824479431401
0.0817503757982957 0.382125424724585 -0.05332899898546 -0.270252259123646
-0.00227276899316944 -0.107797316948205 0.0970344976907409 0.321955882501334
-0.0961263789046684 -0.0892880578111643 0.00629724294627398 0.0861029187297662
-0.133216512079943 0.00660867626771011 -0.0730875897971969 0.0707879157653956
-0.0621790517291329 0.109194572913361 0.0072655860641126 -0.015516283104595
0.0431016734536166 0.086065227240502 -0.0450586237327186 -0.0512110498429271
0.0651603320735091 0.0219453774718178 0.00132132433089267 0.0246850930470262
0.0455101609705238 -0.0069778331814661 0.143119012202849 0.00310777731931156
0.0259206409949605 -0.0106446824066985 0.281643904485508 -0.0521641056702291
0.0231573377411275 0.0116579731902313 0.377205743754298 -0.0715232688406812
0.00750306670777052 0.0533033344955669 0.406172402572994 0.023886870399627
-0.0223840843926799 0.0735615988929101 0.363213107418719 0.148295700907583
-0.0781333772683131 0.0464509699003246 0.24434455072633 0.298962430906316
-0.0990024424841481 -0.0256798656528192 0.0582470550506641 0.383988060033021
-0.0692631820488377 -0.0993109223514898 -0.161736980567593 0.445216272428705
-0.00860507685123449 -0.17224093086102 -0.342351766166216 0.539435216769043
0.0350052105299022 0.130175956997305 0.0708497273825381 0.356836191946114
0.0901666766510865 0.0709516433080074 0.0193741348285627 0.111621411824633
0.0721167749714855 -0.0495096320188692 -0.048331271663718 0.0760421319938869
-0.0374926318235566 -0.0933442216289029 0.00817081788659751 -0.0253547090744047
-0.0618276524013059 -0.0266053896296255 -0.0638829434889721 -0.0430246302112409
-0.0551495223131641 -0.00709774259832447 -0.00570203235750325 0.0339474523082654
-0.0716148746132417 0.0180052042148514 0.133791369223503 0.0131152122260101
-0.0815024853494795 0.0247483774278775 0.271392777700184 -0.0466333007522183
-0.0865592727208123 0.0162411265622345 0.361517014631337 -0.0784196004718937
-0.0748414770475657 -0.0181909597340443 0.3969875153529 0.00975670290735227
-0.04254092977314 -0.0296584164799985 0.369828477751643 0.129567794752043
-0.0236505451732394 -0.0536676749135235 0.272465079474876 0.283759912987878
0.0142120174068573 -0.0207137255399771 0.101282243344716 0.385174313111184
0.00189863226561456 0.0285488953335155 -0.118372539648913 0.446675077597331
-0.0126588281607385 0.0308372945068353 -0.306675135516666 0.552630096817836
0.0522041265994636 0.330734582596776 0.0478122099085664 0.320677203617444
0.237935141337545 0.212238853454958 0.0389062634528632 0.144883497363437
0.252127098638068 -0.0854471489374226 0.0363784513646119 0.0573584474581784
0.00292268235930246 -0.261695825335118 0.0154439167550465 -0.102969644202054
-0.139887676560276 -0.138169382955484 -0.132193452310249 -0.0705012821816255
-0.159912022929388 -0.0512301562271817 -0.062469654600547 0.0425245232150214
-0.18083515349459 0.0297318532441643 0.0855957867884323 0.0320518937871067
-0.1781206431087 0.0567773076797781 0.219971583995058 -0.0349493192061205
-0.180051928852134 0.0289009400596659 0.304123679372519 -0.0881332528593834
-0.14997694294349 -0.0680052597996256 0.364495240697006 -0.0209707272508311
-0.0747912252682126 -0.110162519691741 0.378591551121642 0.0939243809307637
-0.000462158936726256 -0.154270424430995 0.303387513669623 0.273416285464576
0.118552103678584 -0.0504416242086639 0.126102254677934 0.386165816998024
0.101153112629342 0.130421380626279 -0.1003432047939 0.401248411802613
0.0109509817582953 0.234961577748499 -0.256827723840511 0.491747478068695
0.0478969453904498 0.45780227454558 0.0503714416769332 0.231250010840118
0.314042700735485 0.293829685005919 0.0987454643981928 0.152429007642141
0.350351142862393 -0.101278890266741 0.141280527672598 -0.0220116276994418
0.0366475790546641 -0.35013422239803 -0.00316964866394377 -0.227788496187622
-0.169020275194865 -0.218595859368677 -0.233588143512472 -0.115665617227681
-0.221939819483408 -0.103124485047293 -0.154626586346498 0.0462158122680299
-0.260954665750835 0.0236013011019276 0.00414498220949566 0.0535676697792256
-0.248906317124458 0.0782801110419908 0.133817241800548 -0.0117651405993891
-0.24781041264117 0.046446471206126 0.219960144989678 -0.0856354033875752
-0.21261791933501 -0.0888754204417551 0.317825744748666 -0.0438344928623755
-0.120201967613899 -0.158318083645587 0.383599575815028 0.0679618969252856
-0.0142849261085306 -0.249305620845107 0.31331934229356 0.280057999266742
0.208627844926131 -0.115444554279772 0.110076203439593 0.376159752299909
0.220151482199705 0.200646759574932 -0.103501287172626 0.307555222886518
0.0533174303537201 0.412610302318026 -0.200100750397779 0.368619106970739
0.0287491157142037 0.508553453329444 0.0965152821004253 0.100925002985694
0.310592566506177 0.325652852617984 0.190017219229239 0.0777545625367634
0.365472595858913 -0.0801377909629913 0.190975579225196 -0.160474649434331
0.0715466366490045 -0.35099429376204 -0.0659541558422924 -0.335419522947876
-0.147151567397127 -0.258650607809753 -0.324963982339342 -0.150790147135102
-0.235824510509431 -0.149466394354056 -0.245848342841857 0.0374603900828334
-0.296728494819229 0.00564368201315108 -0.0945915765912858 0.0647897650339144
-0.282302020799875 0.0867043806995836 0.0258373652721034 0.0167173676606714
-0.283406315566483 0.0645321604187435 0.124678015249161 -0.0692525562729181
-0.257359282109532 -0.0831493752768747 0.264285065930974 -0.0493804347200372
-0.175282164835935 -0.178356586692494 0.368074367786806 0.0707101399372728
-0.048769811043061 -0.337828283601502 0.269784129166764 0.297618111193988
0.289353484234409 -0.194719465664247 0.0485565580328625 0.329262375393737
0.335939678632957 0.246488876429809 -0.110666606875147 0.165305579023851
0.0985771227284201 0.536546055090123 -0.147088577983382 0.200392508886705
0.0164336589338016 0.490459480170996 0.173733523926072 -0.0616334298785657
0.259067973060124 0.31807495369113 0.255166324043363 -0.0747429114996676
0.326870449023147 -0.0348121432542072 0.157819382362982 -0.287926017835769
0.102685323819904 -0.296903951967367 -0.139396427758266 -0.381201854122732
-0.0976969544196572 -0.261520113326053 -0.375804934278545 -0.170127996741521
-0.210341470051731 -0.173848924956126 -0.316672440029954 0.0147476183652534
-0.287477873873839 -0.0129946873924798 -0.196673332918186 0.0661880721480646
-0.275392924269 0.0842799115270764 -0.0855051878619709 0.0472714551884239
-0.284846584956477 0.0766912694077823 0.0315512508490681 -0.0406342878983266
-0.280388280486591 -0.0658047797645456 0.200550513998127 -0.0291534129481264
-0.217960188623458 -0.190702829972301 0.308573099827769 0.0990908899136006
-0.0593352374688661 -0.407842007651021 0.165094772534172 0.289442553910383
0.364592981625103 -0.236279061428351 -0.0242498656217522 0.21673937098997
0.404752635642652 0.285437274063091 -0.0847725454608448 0.0131925765000532
0.123296116143221 0.580181833595331 -0.103304121635675 0.0189112429483804
0.0161563346952267 0.409299705723516 0.251543424782965 -0.237778477017328
0.191867738008814 0.270499777532097 0.258597786648034 -0.244264695008638
0.261149578244397 0.00389871907876168 0.0828996702205022 -0.358694492986275
0.112302369235337 -0.219824766809807 -0.187966790508328 -0.373913292057049
-0.0459781327740107 -0.225963917440882 -0.383744489750457 -0.184197494645847
-0.157850432502808 -0.163962458731827 -0.365093644055748 -0.0159209002973127
-0.234578197801614 -0.023813030433528 -0.287367240442408 0.062086664851771
-0.227601252309758 0.0687714992884025 -0.18314880863366 0.0737665488596424
-0.24944072827185 0.0715429665946844 -0.0494892124903974 -0.00657227324241871
-0.264958711414096 -0.056273410704221 0.121283644541256 0.00299550959207622
-0.210831388995682 -0.199678618482953 0.203041855537365 0.118639817594749
-0.0138843788880122 -0.412174402158057 0.0442553233427272 0.220799374974475
0.395037596117939 -0.192227723783817 -0.0405370968119548 0.0648849327100744
0.381090132814584 0.306683659259409 -0.0163150839752555 -0.0876644990886392
0.113963384564198 0.525146525599367 -0.0716317698581708 -0.141709719371301
0.0264159841666612 0.278675127843295 0.302996797870731 -0.395213023870576
0.12401467917187 0.185434174874617 0.216778061052423 -0.374997464857279
0.175929087452983 0.0167178309091012 0.00910195967606375 -0.38326842524337
0.0874857187537934 -0.132981332622284 -0.211492386191673 -0.346042873853714
-0.00613499677609181 -0.150667351501818 -0.373764234125476 -0.191620607552262
-0.0883068675876783 -0.120032200065817 -0.394129119441209 -0.0387870931308172
-0.149331213678824 -0.025582551269546 -0.351493585479832 0.0588465883459207
-0.148747789628147 0.0432591183815555 -0.251837243304443 0.0898645067410742
-0.176537881193048 0.0470312996915684 -0.114416930533918 0.0222808418063564
-0.198204552295402 -0.0537144956583408 0.038911189151723 0.0239959268931117
-0.140728197749472 -0.175856633771686 0.0916754899524585 0.100401808728062
0.0497635679395925 -0.309610566663551 -0.0258068703890686 0.113901665322452
0.322141375894167 -0.0843549253583608 0.00827767786400631 -0.0483435734706524
0.255237033898391 0.26780183509699 0.0509237108058257 -0.109197969187127
0.0764727187570665 0.362154096121715 -0.0520971242239396 -0.256852693554736
-0.00450303496056629 -0.105973489182881 0.0959156168860384 0.319783315554298
-0.0950175153515561 -0.0865848159378802 0.0141853990356336 0.0919634875303455
-0.12874827148172 0.00878679093634182 -0.0617924977543682 0.0720941695223771
-0.058829211948738 0.109057490274228 0.00798991830167959 -0.0176513151923309
0.0442981780205137 0.0832292722246079 -0.0480083553806151 -0.0484107832486994
0.0652904041678234 0.0215108575891573 0.00423488324243635 0.0272856751916697
0.0463710690593695 -0.00622535927896875 0.145226841532567 0.00325223475525485
0.0260112849862841 -0.00881094533663883 0.280262059506825 -0.0564255097092907
0.0225355062975979 0.013322712817074 0.371513881936331 -0.0756974839573151
0.00822906640512103 0.0535314239097523 0.401461179178324 0.0197262541384596
-0.0200158892174986 0.071980867572126 0.356823106486259 0.146320706812928
-0.0773606092032937 0.0473847629791945 0.24088638540281 0.293746667235594
-0.0982613460959681 -0.0243163876117741 0.0534443703242065 0.375975329837536
-0.0677681995136166 -0.0995105305336105 -0.157015706797889 0.434295394950458
-0.00982406167251338 -0.1683568212515 -0.33049218202741 0.525991794001857
0.0337679512795534 0.12624632025457 0.0699788282339917 0.353197045278804
0.0887948846105925 0.069064732478607 0.0264145274360314 0.11771567990016
0.0707828545482326 -0.0485537565153492 -0.036620844856163 0.0781405235806746
-0.0372039952304247 -0.0896649544179357 0.00991259516672824 -0.0267208162070293
-0.0610126061295136 -0.0263671999572077 -0.0640923441893879 -0.0395078895285382
-0.0546695311333794 -0.0068986700972195 -0.00181973873197474 0.0362579896626962
-0.069652008625018 0.0202402773290205 0.136432939448882 0.013115282402533
-0.0802831917278247 0.0268726294612596 0.270336774915842 -0.0502029507014241
-0.086394043888683 0.0194759851233028 0.356336040051047 -0.0828518958214384
-0.0765370141412188 -0.0167479735908403 0.392426433841107 0.00588795195485854
-0.0419213102371682 -0.0307784105029661 0.364257530621712 0.127366721040773
-0.0237620688500364 -0.0528770581795838 0.26808620395732 0.278600769515264
0.0148203105911049 -0.0198563954212941 0.0949447574833884 0.37564086407521
0.00336853870027191 0.02805504801083 -0.115496578285913 0.435524721659075
-0.0133463721006046 0.0310983239668738 -0.294640031921752 0.536558546495739
0.0523501583364112 0.321383384154086 0.0475989883570578 0.318130926413945
0.234939910152916 0.205866543605289 0.0456337994268103 0.149710280787297
0.245267341666549 -0.0854715760687868 0.0455658522183486 0.0598049024693568
0.000962264394497197 -0.255483059113946 0.0168405000124379 -0.102520891437898
-0.138310478245959 -0.136098369696783 -0.129032383462343 -0.0649813436962022
-0.159899397664972 -0.0503074333535911 -0.057954112313969 0.0447639967132809
-0.178286930190211 0.0326829341626514 0.0888314439819975 0.0318937303102395
-0.174834931407216 0.0598476402455587 0.219988640685282 -0.0374271626968386
-0.179038316139716 0.033174900040183 0.29896314662849 -0.0899715203358969
-0.153226411256132 -0.0657727428858881 0.360779816642131 -0.0222408020326701
-0.0747893279914228 -0.111967769995109 0.372066026438072 0.0914637071951933
-0.00166016273295644 -0.153096481969984 0.299120423292681 0.269288915290854
0.117705376793332 -0.049661721499075 0.120519916427666 0.377297345046051
0.101487203000285 0.129511956643025 -0.0967071622482651 0.391200625074725
0.0100343511665051 0.230441285925976 -0.244822758583581 0.478519759020979
0.0472471369865808 0.445149209556335 0.0484337555428411 0.231504287537543
0.30889978879433 0.286475301194288 0.102578813486296 0.157042649280962
0.342074995521074 -0.101511877574714 0.147603229211724 -0.018502497286018
0.0344886207385378 -0.342986246234013 -0.00168596201212291 -0.223608562142686
-0.167747999184449 -0.215732822136197 -0.226727924250976 -0.108225757953455
-0.223083174715652 -0.101366215039309 -0.148478745481778 0.048863661052499
-0.258429147382804 0.0274456233820788 0.00798489914832167 0.0545403733658881
-0.245204388122293 0.0806383156597837 0.13496448799733 -0.0123759324675029
-0.246269955510717 0.0505706472099944 0.215429688245894 -0.0851944913085189
-0.21577003515065 -0.0868455992742336 0.314275868164953 -0.0445098475758627
-0.119877276244536 -0.159586247824871 0.375758143222561 0.0654510469254589
-0.0150706555622648 -0.246480884139954 0.308505651392367 0.275394518665252
0.205644780834953 -0.113719170729239 0.106930760524222 0.368581038525723
0.218227008951572 0.198302282053606 -0.101726725364038 0.298603037580443
0.0520926946295257 0.403228511526465 -0.19203903516144 0.35829212547177
0.0282320743733203 0.494918167055091 0.0924921144439789 0.103795392997035
0.307358633873404 0.31974332006691 0.190636231368996 0.083528977471052
0.357415975069032 -0.0798112342323653 0.194147275788983 -0.153165070925719
0.0698417374869241 -0.344237493276263 -0.0638681339495086 -0.328428701809885
-0.147481343144821 -0.256729026311209 -0.31671673125761 -0.140638736908434
-0.237503100026383 -0.147618149255603 -0.238907318904857 0.0403427020208713
-0.294452412974845 0.00937581324433929 -0.0905042828518862 0.0660051978755271
-0.278143032421491 0.0895402852517567 0.0277189624222218 0.0181672245966128
-0.280756636869929 0.0682102886018126 0.12077879206199 -0.0674642289729683
-0.259773062816175 -0.0807863846931496 0.260153033903357 -0.0501104137276618
-0.172905412902229 -0.17920794117903 0.36081362477771 0.0674396092610413
-0.0495218870828308 -0.332339412871445 0.267344016842494 0.292380738172852
0.283424856508827 -0.192274088480716 0.0447353878046185 0.321662353437893
0.331637233426401 0.24164423655201 -0.111045493858781 0.159742969181409
0.0964850231861852 0.524144918881915 -0.142306540725692 0.193507928002635
0.0173877709643277 0.478436309087569 0.167784125926408 -0.0560232748391883
0.257537575820859 0.313759483498502 0.252694727576713 -0.0661044383922723
0.322320752056145 -0.0352646094168917 0.160412686682268 -0.277864070307065
0.101833355976803 -0.292305094064157 -0.135882278454373 -0.371918827268553
-0.0991753116950649 -0.261003719431217 -0.366573821166036 -0.160912099672419
-0.214050817070459 -0.172227219905764 -0.310625941531695 0.017551938843309
-0.286230066640754 -0.00885044266313781 -0.192333793762097 0.0682954386832703
-0.270371833200169 0.0863024635037137 -0.0830262240677903 0.0502555836341285
-0.280311659262752 0.0793353987837339 0.0283640965185216 -0.0379909611179524
-0.280953926083108 -0.0642293539855195 0.196233627563817 -0.0310369495093442
-0.214109426978664 -0.190085117779794 0.303443039543778 0.0939306676170622
-0.060579434786498 -0.40046455469444 0.164950854848667 0.28616677555114
0.356071957110675 -0.233830211494984 -0.027370301804682 0.211691919566216
0.400306287419771 0.27656524174013 -0.088311183317037 0.0097253346927823
0.122425885538711 0.56471331121258 -0.101028762142213 0.0154597926404095
0.0161688601081652 0.39917203510498 0.242911290805284 -0.228580927807945
0.191289642232286 0.266498709170372 0.254020948488037 -0.232210024349403
0.258928226743604 0.00315762659447312 0.0857814984888471 -0.34726580551537
0.111320864615288 -0.217794322311738 -0.182999172909697 -0.364733955244481
-0.04822395595583 -0.226753515636178 -0.375930106789764 -0.1766270566378
-0.161816426714683 -0.162525416514039 -0.360242600623372 -0.0122252158347886
-0.233214280661813 -0.0206845632258461 -0.283143928441896 0.0661133608762507
-0.2240296297568 0.0700892718797483 -0.17943813160997 0.078444229722254
-0.244991544584167 0.0738542296812282 -0.0523737845718625 -0.00423473762780983
-0.263504004698567 -0.0539189988055762 0.117548116018915 -6.43444852412785E-05
-0.206663911636983 -0.197366460322887 0.200027119488293 0.11303657562783
-0.0181875045120539 -0.405024556024929 0.0465982699307557 0.220895417115999
0.383552153678417 -0.192337464825499 -0.0453457499596942 0.0638157565525974
0.377244829306655 0.298483429658719 -0.0225402500546184 -0.0904436120705464
0.113962130945784 0.510043647604505 -0.0720922683398292 -0.141841659174804
0.0254359736088946 0.271514304130308 0.293101714352967 -0.384185455856841
0.124058121540814 0.182556396134091 0.211261072896756 -0.362888122247971
0.174299946608528 0.0153217564520676 0.0128709366387777 -0.371665315445693
0.0869112511277091 -0.131821806015533 -0.207172057257439 -0.338892647385119
-0.00812143406431736 -0.151905349734421 -0.368146518663084 -0.18323014371958
-0.0914703810132381 -0.118713972666083 -0.390848953621917 -0.0353106380740386
-0.148896722813162 -0.0237847464984178 -0.348311750275873 0.0634610505206221
-0.144889182231693 0.0436021027126101 -0.248138297598273 0.0951048270270353
-0.17276365492506 0.0493803715393335 -0.115587669733345 0.0240856670682114
-0.19693949919243 -0.0510198726256675 0.0364150155720069 0.0204317190139587
-0.137950471140018 -0.173063069631905 0.0920135362509194 0.0956445495740824
0.0440145733474074 -0.30425024943309 -0.0237820720491774 0.117026045194095
0.314451458894813 -0.0864939738099882 5.4426585982084E-05 -0.0481616719319066
0.254374772166056 0.258918109318394 0.0414677348583309 -0.11255987752877
0.07716024302229 0.351061047636956 -0.0543255625278093 -0.254688690730419
-0.007704613957583 -0.107476508975377 0.0983183229801181 0.325879791458211
-0.0971562812621716 -0.0865498970922349 0.0232603323584777 0.0997625206989264
-0.128263199451189 0.0106676749183441 -0.0522606022127082 0.0749876796295869
-0.0569071547835083 0.111430096509242 0.00911576854517958 -0.0202107668643676
0.0456556652305558 0.083582551775594 -0.0522500007483637 -0.0462444724132769
0.0667058201029976 0.0214491662948206 0.00725931544812552 0.0307098485794547
0.049160505729375 -0.00573846907880748 0.150313927149161 0.0019984664358133
0.0264908785214901 -0.00692511478294213 0.285886907291772 -0.063858998989208
0.0232332741820141 0.0152689603802576 0.375347051319718 -0.0825194195466281
0.00899462892465058 0.0554902941966589 0.407673982587191 0.0167630348471028
-0.0188796341161647 0.0730491554527349 0.360878899639688 0.147842898773382
-0.0784871529984341 0.0496592017817127 0.244642738762324 0.296131649038344
-0.100001511632799 -0.0238311017270293 0.0514099866393358 0.379197808694872
-0.0676584174244262 -0.102060357345146 -0.15629528389269 0.433718073376108
-0.0103943686874267 -0.169129716947482 -0.325874009578474 0.524611530596928
0.0323572749226746 0.125114926424942 0.0724872780861274 0.360478187306821
0.0896836316581946 0.0676149106220502 0.0350612321961198 0.125772514998613
0.0706516963356539 -0.0487325112979929 -0.0269152618447143 0.0805466539616038
-0.0372435308098697 -0.0884849516489212 0.0118729742477769 -0.0294755281049874
-0.0612895233410983 -0.02647989328735 -0.0662622131143772 -0.037542757947793
-0.0557211356553328 -0.00634936330634301 0.00104490567891877 0.0391856488817467
-0.0698643348195579 0.0220047142682233 0.142794210098258 0.0132924713931691
-0.0807478616391684 0.0301986183253435 0.276781450061658 -0.0563627402368347
-0.087975195831942 0.0231503466798967 0.360065011992662 -0.0885999503184832
-0.0798640665598129 -0.0154793747055142 0.399174909454841 0.00344311281660055
-0.0432521632932711 -0.0335271945747503 0.368222840120766 0.128801435105456
-0.0250932226904607 -0.0537696551648908 0.272245163561003 0.281620411247075
0.0156492722893959 -0.0198101446504414 0.093431554991187 0.378032856896293
0.00539186532594547 0.0289259099438502 -0.113243948013724 0.436495895240189
-0.0150105404315974 0.0321878541853006 -0.291053253585079 0.538592751061224
0.0522127066000347 0.320830684496244 0.0496924055579483 0.325385057117198
0.238264464161702 0.205041099481562 0.0540302038972122 0.158430177755073
0.245620662193142 -0.0879496297364651 0.0562652554631029 0.0629369106363216
-0.000684403918115475 -0.255660486102419 0.0185781789561453 -0.104701167477676
-0.140664197708149 -0.137611651771581 -0.12948950530544 -0.0617850577815403
-0.163851854056508 -0.0501092190856246 -0.0554294673607843 0.0483145482165115
-0.180599622601732 0.0364301409248729 0.0944335809691081 0.0333169079483914
-0.176172504376842 0.0640726730142443 0.225861532809886 -0.0422360341632543
-0.18277934825923 0.0382649417983202 0.302265744130655 -0.0939727562082074
-0.160065320920347 -0.0638556813263126 0.366214936355266 -0.0256204962361762
-0.0776188274828997 -0.115719005227161 0.376335709859181 0.0925919509759358
-0.00323932756619336 -0.156394569362371 0.303432989787858 0.271347436920234
0.120556270348347 -0.0504725363533438 0.119053020302879 0.378597738165848
0.104802037422236 0.131846658615518 -0.0960216676496807 0.392630491460218
0.00899887790270481 0.23260558869795 -0.241141063769298 0.477788152246928
0.0474329129496318 0.445779201903405 0.0491914962186647 0.237116383019251
0.314180633711235 0.287326209740245 0.110254522582318 0.164959282390069
0.34234764557816 -0.10364300101042 0.157852333737901 -0.0166178906697978
0.0334169300221793 -0.345046263994299 -0.00119967955291555 -0.225428524887588
-0.171272157856184 -0.218655071360837 -0.226193146327034 -0.103461687551408
-0.229611506093364 -0.101872161836767 -0.146910243743559 0.0526341305781211
-0.262163105526465 0.0317340063972835 0.0130380628743411 0.0559250045116531
-0.246990462818107 0.0859787566828262 0.139492713904084 -0.0146159563693907
-0.25041812350388 0.0560616977232096 0.216375249705692 -0.0868763864318867
-0.225008076565259 -0.0860310471169895 0.318815488434311 -0.0474309093050037
-0.123553164095838 -0.165426385775795 0.379283526655906 0.0640904315688953
-0.0175937073342158 -0.251882897910855 0.313106243930337 0.278051304759967
0.208312446142977 -0.115486689893611 0.103773917627314 0.370080218426935
0.222825334024562 0.201044219068173 -0.101864174172832 0.298344109174745
0.0520804428511696 0.4059022512883 -0.189714678636898 0.357378469067992
0.0293069579067465 0.495521756038329 0.0927958892101988 0.108654896580989
0.311684413279551 0.320519149991275 0.197954109001977 0.0910186757447157
0.35940397781454 -0.0816071328351076 0.203660957967985 -0.152409284468405
0.0698250800880838 -0.348304777597785 -0.0642636816209363 -0.329824429207146
-0.152162263867147 -0.261516834508469 -0.316071770383144 -0.135589738657117
-0.24707180328424 -0.148846609856566 -0.239549461140699 0.0450768259606535
-0.300889163942881 0.0143315187099201 -0.0879643903811657 0.0694892831806662
-0.280419401034394 0.0944900834875918 0.0308034046570823 0.0189208387394336
-0.285590439731472 0.0748060576648429 0.120136167302979 -0.0677989071595507
-0.269356406909191 -0.0801419660964118 0.26349919451801 -0.0532731958465665
-0.17646983567795 -0.184859702592208 0.364128139610364 0.0647057191872403
-0.052462189632306 -0.336779571089748 0.272484960259088 0.295492910255429
0.285090999030033 -0.194082397522634 0.0429529564436419 0.322931171895845
0.336902654660969 0.243700965149308 -0.113876964109704 0.158203220575192
0.0976973091671493 0.524182349496181 -0.14124345165345 0.191512217232902
0.0160944298106047 0.477139436504999 0.167225600809942 -0.0522079790403776
0.261931088529324 0.315937855557629 0.257268163589199 -0.0596960099980843
0.325030439887715 -0.0360033532597209 0.167489254591223 -0.277565043929064
0.102797948192521 -0.296903554286036 -0.136435448285673 -0.373361748871557
-0.104717934166103 -0.267712053060646 -0.366084392222778 -0.1559003995558
-0.223638157921373 -0.174651416672949 -0.312565509147359 0.0209969364337217
-0.29230727689177 -0.00504172021509134 -0.192759931742941 0.072938554302487
-0.273141104456511 0.0908228063155439 -0.0813336320649562 0.0542172359297865
-0.283885576710302 0.0849901191131583 0.0270293005687919 -0.0371195330486325
-0.289234131038859 -0.0626651229869732 0.197584737122903 -0.0336106834952684
-0.216654969950027 -0.194900278996172 0.305683533826086 0.0903208756714355
-0.064905402185778 -0.404135227967426 0.170703857949098 0.289806675628745
0.355124286066366 -0.237920512007206 -0.0303814961796236 0.213298059177796
0.405933082439139 0.276150647826358 -0.0934618047171491 0.00699305146308792
0.125214632736756 0.565907574532905 -0.102272020470863 0.0129771193892461
0.0154584193058346 0.398303896021852 0.24075415314933 -0.227440542781846
0.196111768793876 0.270179167156145 0.257242628416354 -0.227854933971118
0.261944929675866 0.00156097830491269 0.090593303372205 -0.346897610800151
0.112305109784935 -0.222240692174086 -0.183081534847912 -0.366304679156723
-0.053271581982077 -0.233892151730598 -0.376032330292139 -0.171992228752956
-0.170536728026304 -0.164847169655923 -0.365838794863514 -0.00926702997866778
-0.239321189135321 -0.0178328072933337 -0.286548647851466 0.0721511362449847
-0.226100850889206 0.0729757885272329 -0.179893241499308 0.0847035480120478
-0.247063780096816 0.078294905630785 -0.0551864290169224 -0.00162867359719651
-0.270229058911115 -0.0524724415949502 0.117411050657918 -0.00279450477023592
-0.208705616345355 -0.2002589924234 0.202485391389005 0.109743301817514
-0.0222657921535364 -0.407895220529237 0.0518924367183902 0.22592046802915
0.383390053226918 -0.196672835312293 -0.0512925678835567 0.0655030782362311
0.38459533178381 0.294868304290876 -0.0306670152509824 -0.0947821039934394
0.116170162840482 0.508893130753589 -0.0750573354708753 -0.145329344376044
0.0251787944551939 0.271699592785141 0.290870884529584 -0.384345452822042
0.127653917291954 0.185261955577154 0.212168052665236 -0.358981771568746
0.177142848419998 0.0142281000162515 0.0164403673509949 -0.371333061288356
0.0885441975378762 -0.134700615583996 -0.207876829321415 -0.339585468511155
-0.0115117377573345 -0.157094760480289 -0.371683002503911 -0.181420787743901
-0.0979226138237731 -0.120479681518182 -0.397616975158976 -0.0312277603285948
-0.152685831479425 -0.0220717351806185 -0.35366562795808 0.0715041127575505
-0.146064504512364 0.0449207674832578 -0.249949290837219 0.102702789271243
-0.173652385561179 0.0516724932060153 -0.120120142586423 0.0271578310883431
-0.201031085296019 -0.0495577598221552 0.0352780836792163 0.0180616056817564
-0.140448298693826 -0.175285040950846 0.0942179057862972 0.0930359802355678
0.0397371797749104 -0.307333352541177 -0.0203458010633838 0.122429273799222
0.314237021387361 -0.0914600849590846 -0.00780914157838595 -0.0472616554724744
0.261396796617435 0.256932412231868 0.0330828110150089 -0.11930131029475
0.0795300409509119 0.349891032171681 -0.0590795441594425 -0.259962746900405
-0.0138772213660309 -0.109865270385008 0.108659297790585 0.336062793736052
-0.103534230434562 -0.0857168087304157 0.0350489820579757 0.108632858738448
-0.130108296183827 0.0158395175464689 -0.0415879610305067 0.0792159519017283
-0.0539419162376689 0.116714323587114 0.00979736133938308 -0.0230246783342779
0.0493185010765845 0.0837099199828527 -0.0585170761873254 -0.0440038740439119
0.0703523041641681 0.0205750536761842 0.0110556308573065 0.0341302963044705
0.0516738350065392 -0.00678976438401689 0.158867356369695 -0.00215508370899093
0.0283363882584634 -0.00629321052502925 0.293579585872316 -0.0783741539637487
0.0240385028253659 0.0163545348437541 0.385127937568912 -0.098500418955054
0.0112591643919164 0.0581947732004758 0.42247665001028 0.00470145224177268
-0.0171017329434132 0.0748320225495711 0.37560939804386 0.143846708888739
-0.0790851347442254 0.0544157368728003 0.258283701791063 0.298069408502427
-0.104374244199467 -0.0206058160192388 0.0577891647669683 0.388873264135597
-0.0706989052004968 -0.105573095855924 -0.148833554914711 0.444631709228947
-0.0152985255058776 -0.17173962365796 -0.316410088304451 0.539265059882668
0.0335809786094467 0.126043212299322 0.0833668367410999 0.372709966452584
0.0925304668652438 0.0664337083458674 0.0489019563850573 0.134770318402385
0.0705185587071388 -0.0510586877049761 -0.0141953445294874 0.0848462987279628
-0.039985436672616 -0.0883213682587982 0.0134109056922633 -0.0321571795377597
-0.0641812490229453 -0.026077317495708 -0.0701757341270605 -0.0346968591807299
-0.0581507722662366 -0.00506835872550279 0.00495668809793583 0.0432409071086205
-0.0705053872887726 0.0261671067408546 0.151803358887404 0.00943604466212336
-0.0816194534135795 0.0358103997859487 0.284932624516056 -0.0712397980862777
-0.0900436098033647 0.0289793395494202 0.368930581433112 -0.104710351462803
-0.0846550677126966 -0.0121404295264941 0.413459629308446 -0.00990102937517026
-0.0462865450786703 -0.0351384920532748 0.382393711693857 0.124477100234759
-0.0277049635760422 -0.0552958913941638 0.286634262120768 0.282891363433281
0.0165338304177352 -0.0201544826357433 0.101850653779198 0.386025243694335
0.00768777866356763 0.0292771994272393 -0.106220936550715 0.446432762950351
-0.0157023975575938 0.0347817206046547 -0.280389235319744 0.552507463528636
0.0596807337833138 0.325233907032887 0.0594186698688278 0.336400384498363
0.248765938361855 0.203349323668999 0.0680568161299455 0.167343819628821
0.24686050669231 -0.0957017799094691 0.0701420805833542 0.0638403742079269
-0.00745618213782611 -0.260855589060169 0.0184699199031252 -0.10952523268024
-0.14904656279572 -0.138252456394474 -0.132893751244754 -0.0578539217184671
-0.172089344050818 -0.0470438204573305 -0.0526142485557068 0.0537720732777197
-0.185613648113725 0.0445804395500525 0.103481278862669 0.0319611045856288
-0.179600355137671 0.0743030351680616 0.234293411974495 -0.0529469905327053
-0.188528157767562 0.0484019229633025 0.3087649913843 -0.1072667716942
-0.17122644793805 -0.0606777408898356 0.378446821345006 -0.0372976342640415
-0.0851661423397149 -0.121150318493762 0.389274805246667 0.0868638655088798
-0.00784860908439427 -0.162739534035475 0.319303759343679 0.272123426219843
0.12438780099566 -0.0540891664577849 0.128225580303294 0.385059227043611
0.114116830591468 0.134005751675317 -0.0885164312463716 0.39938614387853
0.0136005629514586 0.239482016824913 -0.233351816827562 0.490971477231561
0.0576065256763358 0.451588272733878 0.0568133871737883 0.246795052412092
0.32981888213198 0.286027785039199 0.125122812984191 0.173133261884144
0.346167080759318 -0.11432743825128 0.171316090295545 -0.0195373274574028
0.024973903700096 -0.354051067507685 -0.00488382208896481 -0.23223348117151
-0.183511797576908 -0.221587562685006 -0.231663144411898 -0.0973763118101544
-0.242849327837893 -0.098405992854603 -0.146925843211538 0.0608148967678021
-0.270528043236325 0.0426056276647075 0.0195236021914411 0.058000630542441
-0.252141330462482 0.0986238705898763 0.146481283667278 -0.0208390279772487
-0.258104799799552 0.0688685799784838 0.220619002150161 -0.0954334480447767
-0.239705158636764 -0.0806086050104491 0.328064665539515 -0.058438940665238
-0.13418858593154 -0.172037112703939 0.391055484698208 0.0577678148505267
-0.0252989191446115 -0.259989303505293 0.329545100918959 0.278092558335912
0.213487329063319 -0.122147580055087 0.113269701247126 0.374482157617714
0.236241784359753 0.202201036600725 -0.0996030871578179 0.305132235394782
0.0616047806128722 0.415238000451861 -0.183546713407286 0.366548058375034
0.0408648564118081 0.503867738406743 0.0972503998320411 0.113749400459736
0.329829719607129 0.322965032700823 0.211344480023241 0.0948504977934905
0.365027320743548 -0.0916844340337968 0.213754454711776 -0.15935621754244
0.0643004293557918 -0.358649976701316 -0.0723098059770235 -0.336647499010531
-0.165803462131703 -0.267721187799289 -0.323370608639925 -0.127911063973149
-0.263971834640185 -0.146330339267014 -0.242869709243104 0.0553388247898887
-0.312023396845666 0.025991479078083 -0.0852394273883099 0.0753082228036722
-0.286645315158777 0.108432406853177 0.0349600438479115 0.0188133466143754
-0.293188444217885 0.0886078543615495 0.121195134131101 -0.0715110283418516
-0.284631467399064 -0.0740456340674997 0.269373025950534 -0.0625757661687875
-0.188268892427629 -0.190392939048028 0.374393431618728 0.0557377099388891
-0.0640360414837679 -0.345566243106528 0.289324659377111 0.296465170319467
0.287805968971756 -0.204922533699934 0.0491146042527482 0.329851462340089
0.352828617394157 0.242204241033925 -0.115798459630947 0.162319886912721
0.111238364940294 0.532385220420718 -0.13846294249396 0.196271899748857
0.0253515719896427 0.486996414639663 0.168156084515014 -0.0534459404338995
0.278632231400711 0.319427313105567 0.267448133161321 -0.0607250343139393
0.333339292796368 -0.0441701738699181 0.172618877630033 -0.286088421164921
0.0990991481517014 -0.308823827663533 -0.147446265402147 -0.378032069867717
-0.117922294923031 -0.276135284251333 -0.374811459457509 -0.147183100818731
-0.241861593024377 -0.173232704673472 -0.319659323364487 0.0325732422687095
-0.304746727280166 0.00586481565642035 -0.194339695983901 0.0831508850660864
-0.279294612713049 0.103243442978595 -0.0799080330888976 0.0604413266418006
-0.291531635790318 0.0983286862118854 0.0257512023201086 -0.0361344927882139
-0.303775891985078 -0.0559988835652777 0.201769026331469 -0.0412261961470532
-0.228642558475829 -0.19821983741123 0.317007442115147 0.0831318709204619
-0.0793021236278079 -0.412846555219706 0.185773882120094 0.294718189301852
0.356926825045855 -0.251972559411716 -0.0293823779736335 0.219746272521539
0.425120266374685 0.273304351693649 -0.100516692123361 0.00704434243127232
0.141866108132852 0.574195476003495 -0.104972847618631 0.0124833759343221
0.0229341667877225 0.406676273630778 0.239459938394587 -0.234308700359654
0.209820051100454 0.273878260269609 0.260477413257132 -0.233269461253052
0.269899468865386 -0.00413331454777604 0.0913446876673751 -0.354435952457097
0.110822879121208 -0.233907253648013 -0.196214568715107 -0.369130544073193
-0.0648746810111239 -0.242855646032177 -0.386835396803375 -0.164302488793425
-0.186389942138907 -0.165191286434022 -0.376609322860915 0.00263956354804807
-0.25016319315604 -0.00947264548602913 -0.293645702417106 0.0856469762462985
-0.230501447460499 0.0821779237606591 -0.181146098204936 0.0952992845411297
-0.251546965292889 0.089008619276955 -0.0589909951357309 0.00219183189415835
-0.282300267193979 -0.0461898797621587 0.119490182431979 -0.00769686855874537
-0.220504764571802 -0.203426181692569 0.211596541750363 0.104813783468057
-0.0367953899133262 -0.417404764770102 0.0628640541798005 0.232293884093058
0.385750510975673 -0.212317833805937 -0.0554980214945718 0.0691176443083678
0.402467212297216 0.291121190721501 -0.040637730277906 -0.0997253546923099
0.131036261201397 0.517325064563043 -0.082113668366667 -0.150026676316705
0.0304092821830298 0.275329372365914 0.286505793874702 -0.397757756398252
0.137492468989415 0.187363145578017 0.210512276580946 -0.367076417354555
0.183306233465427 0.00961054291193995 0.0134052244866966 -0.378939509762749
0.0873740043103755 -0.142974934064785 -0.219352898085231 -0.343939758884744
-0.0189593693530209 -0.164784935495706 -0.384421751087182 -0.174490373600123
-0.108122490723177 -0.121103401443195 -0.412724617204427 -0.0193017241894495
-0.160122199712847 -0.0171696517930921 -0.362977660566635 0.087012864482176
-0.14939764130577 0.0501691129502439 -0.253780394740871 0.11722582312751
-0.176150439371924 0.0591627636068083 -0.125336350669232 0.0335168790390529
-0.2089827393179 -0.0443804668555835 0.0339714377695259 0.0147753279929671
-0.14896174805897 -0.177542967881329 0.100635994084033 0.0897613936231655
0.0295549493645041 -0.316492244830624 -0.0145931727702431 0.129279224515342
0.31795528736774 -0.103453304470995 -0.01592020614948 -0.0472298009766574
0.27641002862669 0.253251771691289 0.021998907843342 -0.127091312422428
0.0895317841098465 0.353240714475699 -0.0699355590463 -0.267295500963837
-0.0236134196769892 -0.109797066905108 0.130267610433419 0.341672224525107
-0.111861998324627 -0.0805061921164175 0.0517661732938008 0.113732595701535
-0.131227575701694 0.0245811238000122 -0.0281876206008881 0.082743394640663
-0.0462004209711502 0.123114880648096 0.0102609486708631 -0.0260417469787153
0.0553068679754996 0.0828297662903904 -0.0652984985739124 -0.0388140437354157
0.0742027193219928 0.0169649736529185 0.0167950918252625 0.0371297961958828
0.0544941968785111 -0.0099405990087764 0.166886896540339 -0.0126621620791597
0.0300692285223101 -0.00689947412479535 0.296789372422456 -0.10202211480119
0.0257837219497679 0.0173949591748359 0.390566523531952 -0.127001409710076
0.0156647144136702 0.0605134431927301 0.433745164537674 -0.0216251553069922
-0.0131705206598244 0.077557840017018 0.393497070945413 0.128462873357008
-0.077921482139764 0.0611294895764554 0.279162035521362 0.289586606416155
-0.107515382200839 -0.0148894865463457 0.0769313492429053 0.394022398554755
-0.0774128986296263 -0.106213647008605 -0.128702114398259 0.457696464308918
-0.0257588772248988 -0.173517613070426 -0.291834285750681 0.561480051935102
0.0380107835475325 0.126983052169015 0.106708849570694 0.379755050113547
0.0968795495893315 0.0632907401719209 0.0673070582441228 0.139266006248338
0.0681367056828928 -0.0543490535665992 0.00072130198691784 0.0873285396003971
-0.045371658781768 -0.0868294611003711 0.0136775171513435 -0.0359089370675396
-0.0674389276202465 -0.0232734152006137 -0.0743152755980774 -0.0294577354507962
-0.0604943551761778 -0.00157490540940488 0.0107513840720282 0.0455442896078536
-0.0690641191856194 0.0323445958163874 0.160916645674199 0.000322152406701763
-0.0801672891367788 0.0441686194874615 0.289772025135931 -0.0939676766169155
-0.0919736647306398 0.0383087579214334 0.371910614935397 -0.131229253417
-0.0894778448455662 -0.00585910731778975 0.425134510134106 -0.0342445234239048
-0.050544062039322 -0.0350960503202537 0.399427992627906 0.108090847863674
-0.0321075961704268 -0.055599809281583 0.308764811684563 0.273876632168632
0.017441189780686 -0.0203426640394061 0.121472949526 0.387621847088745
0.0116033635120763 0.0281951699879503 -0.08464275764064 0.457464332316051
-0.0147880400935801 0.0374913472330977 -0.25394540540969 0.573427636940264
0.0754658634429928 0.327427424244581 0.0796746740396859 0.344406192630102
0.263892343134928 0.193184529937543 0.0878923784267209 0.171363808937868
0.244135438312082 -0.109821475055243 0.085656939619732 0.0618203261852252
-0.0222017693572399 -0.264879272388487 0.0150361352241584 -0.114684056764386
-0.160782667087828 -0.133357700682145 -0.137277625667354 -0.0497709768603969
-0.180853965971025 -0.0374058953768719 -0.0476283867217119 0.0599466303758099
-0.187048990154882 0.058654448474669 0.112915488714887 0.0259343344242069
-0.17935276147154 0.0888670535450539 0.23741853179535 -0.0716738635623594
-0.190987988423608 0.0646819062620856 0.310709285537829 -0.128697073272655
-0.182914953822455 -0.0501736185255944 0.387002993940293 -0.0606477962161761
-0.0969993747739717 -0.122178368640343 0.404202234735406 0.0687872630738698
-0.0185956388523593 -0.167909439465653 0.342176603504884 0.260675300598347
0.126271595129984 -0.0607538612677529 0.147350051382972 0.38700229288567
0.125487532719774 0.132307489314466 -0.0696066295491837 0.411193497539072
0.0257461395057423 0.244323676128111 -0.209374176463218 0.508143475867386
0.0810698494876514 0.456437982328481 0.0710645209507321 0.253127173243958
0.350986454339071 0.27462102038719 0.144654756388006 0.174274910475931
0.344980900452376 -0.13350411115895 0.184174553140937 -0.0291985763143792
0.00630629976325719 -0.362248033897314 -0.0159415494514023 -0.23763673609024
-0.201830045692789 -0.217518672456297 -0.237908732519456 -0.0849063689108006
-0.258738219585056 -0.0861535891974839 -0.143492437559796 0.0727515588055493
-0.276090788054947 0.0627980208822237 0.0277974488337589 0.0580680442882649
-0.25198503769415 0.118384456968558 0.151430479005418 -0.0320650131277481
-0.262230234765874 0.0898513428393534 0.220461927463983 -0.11049417002859
-0.255477189463956 -0.0666085355325106 0.333686129115913 -0.0789377137473864
-0.150539595183946 -0.172649114538896 0.403228942873438 0.0383671517893167
-0.0418205731244499 -0.266341779024869 0.353743008177537 0.26671158875562
0.213743330309518 -0.135535421030306 0.133953406106953 0.375603120908979
0.254876086963797 0.195758044102461 -0.0864492517131761 0.313199815217351
0.0846468839822256 0.420577521657374 -0.166233169635325 0.378899915401838
0.0647090182536772 0.509339393866981 0.105035135950991 0.115594832564635
0.35301076397624 0.312247264325781 0.227125457341692 0.090871620484185
0.366645276233364 -0.111180189651557 0.218349862983516 -0.17447388066435
0.0461953115912129 -0.371389838576237 -0.0895090995057766 -0.339387064613553
-0.187789290361775 -0.266998247453168 -0.331571186313768 -0.110543284135735
-0.283863447416446 -0.133938926578532 -0.242977424904908 0.0720369529631247
-0.321156432284801 0.0486361885412098 -0.0788996865127316 0.0826960879417648
-0.287570095275535 0.13055475041826 0.0395544600775518 0.0165657471391325
-0.296279865242367 0.111198449969461 0.119930398777804 -0.079109817098373
-0.301948216660452 -0.0579072448443619 0.272513557691303 -0.0802514867341793
-0.206153918435214 -0.189411078750755 0.385994611125661 0.0362166048242836
-0.0855622584335883 -0.351589786188218 0.313959156234303 0.288314225224491
0.284708432068904 -0.223875893161256 0.0655688217198938 0.332232145345535
0.374794620138645 0.230130223225798 -0.111855807626678 0.168087210522451
0.140769134745768 0.53939063483221 -0.130610866377919 0.204114554954494
0.0488383528769192 0.492799606355666 0.168011955430749 -0.0588096344265667
0.303111949456368 0.311621119234145 0.275397552551042 -0.0707447300803215
0.338068401966943 -0.061077954379095 0.169673701943818 -0.30009260531787
0.0845270218516922 -0.323174932806953 -0.168463336259888 -0.378148916707679
-0.14066481614463 -0.279334388873934 -0.38561289121167 -0.128878556466654
-0.263984396624074 -0.163149029889546 -0.324874610990031 0.0527135680365717
-0.31464388265398 0.0269957442553757 -0.191859236232204 0.0979771163055815
-0.280400028637169 0.124287342941599 -0.0756587573919491 0.0675694873910513
-0.293867595927 0.120523380012291 0.0233971124701388 -0.0369759933548022
-0.318956513495256 -0.0377737894845528 0.203241175021031 -0.0559981841136429
-0.247488367480695 -0.194523581868396 0.328056143443771 0.0646589289698725
-0.106351891487337 -0.417751365249001 0.210442606722831 0.291434525471102
0.348213507946744 -0.275560299345636 -0.0204645614323968 0.225267047543821
0.450987019688188 0.255936644326394 -0.107336970979621 0.00901632689199152
0.175880045958003 0.576781410433964 -0.107170744252672 0.0156724568961681
0.0409691186388078 0.411462474402198 0.230331591146479 -0.247969136076679
0.230791376302002 0.269961008488227 0.257372651742448 -0.246214206694867
0.276409499819009 -0.0180549823732815 0.0820681912554743 -0.365480353414138
0.101206546348732 -0.247722485095883 -0.216455198650872 -0.36603753530093
-0.0842967638140387 -0.248475536077916 -0.400333580707454 -0.146121748091823
-0.206172477447164 -0.157343228115996 -0.385819059230773 0.0259780473931352
-0.259376469068774 0.00842838647663497 -0.294289319531997 0.107328632184035
-0.232503249396745 0.0993703911843951 -0.178135142892937 0.110161864685205
-0.252927325953716 0.106984642401915 -0.062256981811376 0.00785860393490707
-0.294432849403071 -0.0297228497876925 0.120264230609598 -0.0167068998573429
-0.237674883035917 -0.197394449664009 0.223341627806682 0.0922152536015596
-0.0644684892527913 -0.423304392094965 0.0811065560875161 0.23594085914878
0.379236746245299 -0.23844651766566 -0.0571592597841258 0.074417284625937
0.428074657702751 0.272953118311737 -0.0538854850427235 -0.10259422409509
0.161319223213337 0.517702835031212 -0.0940721848589716 -0.15045978288251
0.0426179352281113 0.278423093386706 0.268552989838824 -0.417167935353878
0.151682095993469 0.184712483217156 0.197313073160867 -0.379642560232019
0.188437620996168 0.000272075475207415 3.21125757537227E-05 -0.386146620691114
0.0816736772218347 -0.15280488350483 -0.240888873377867 -0.339542820774928
-0.0325491780725269 -0.170498164863341 -0.399374837205302 -0.156335907437634
-0.122386243121151 -0.117233523060423 -0.424940451246431 0.00568162898107697
-0.167433741408299 -0.00597720118853439 -0.36658465697065 0.114489179269248
-0.149999071448648 0.0606018310785869 -0.250773952932293 0.137645168135938
-0.176612570405663 0.0717330889335706 -0.128591824906424 0.0438154008800627
-0.217412877258603 -0.0325124919037134 0.0332581097744845 0.0115411875748097
-0.164232421847274 -0.173856938245744 0.108780421122773 0.0840031433782304
0.00941585081355054 -0.325084561190497 -0.00373209233497486 0.136196521340124
0.31556098229584 -0.124363274350205 -0.0252703075903037 -0.0466276060449852
0.29845777163302 0.240128382178522 0.00624362429204075 -0.134572756100686
0.109882259811139 0.353156881976598 -0.0885601947971747 -0.271542964766943
0.0255960206749787 -0.113561242072619 -0.0344536761284934 0.373526902576132
-0.069717163097414 -0.122458889586532 0.00729006183219472 0.137648119776343
-0.128669862404055 -0.0332553901754107 -0.0491432188204219 0.0694654551419277
-0.0929057154148534 0.0916500999564587 0.026819353574494 -0.0197299048934674
0.014093524579579 0.0998933939184228 -0.0427439919894182 -0.0637455232799941
0.0623050677715954 0.046944376854795 0.000426358875632897 0.0415660439731578
0.0569032657979599 0.0135978149314028 0.160269992867546 0.0611109844235208
0.0324498101318908 0.00823656977424111 0.312382766214435 0.0282591124345753
0.0168570453992537 0.0259483306830211 0.406963179588776 0.0436482134730699
-0.00781850158875807 0.0607556176935771 0.400033306407523 0.16047896729104
-0.042649742720707 0.0654244743694795 0.298907379272104 0.284782200373247
-0.0909454560509449 0.0259776387187919 0.121936594715122 0.380447342039034
-0.0912925719650116 -0.054940920097255 -0.108171537293363 0.388690824513212
-0.0259060648124511 -0.124188828295985 -0.317612377337583 0.353764647140576
0.0506610188850135 -0.165154140444839 -0.518671604521741 0.368770867088067
-0.0205854987630302 0.127425857256652 -0.0649350499471744 0.398183444646255
0.0598493347052898 0.0967230468771167 0.00765180435488493 0.160275988210002
0.085697880371388 -0.0201291936686864 -0.0298029436573729 0.0822976558943785
-0.00404717336305733 -0.0964162679277837 0.0285570487406933 -0.0272257263165515
-0.049882503176286 -0.0482075176060194 -0.058381719886789 -0.0541098995863852
-0.0541613522887482 -0.0272663436206487 -0.00894043781289558 0.0515508434879393
-0.0757460045628122 0.000864019373845624 0.14993315853509 0.0714999191690139
-0.0919884601900573 0.00778773895605196 0.302595181106119 0.0335808248912904
-0.100271691574253 -0.00355146223607384 0.392180827955318 0.0327498012800077
-0.0795498689487437 -0.0432984213184478 0.398923340362115 0.143760325718635
-0.0302839771078871 -0.0567846131669173 0.315093415308969 0.267156842294919
0.000485103019185137 -0.0613652442226264 0.160241008463979 0.377381197122498
0.0271361442724886 -0.00526500553436497 -0.062749731945904 0.404630270294751
-0.00218986292472175 0.0376795440103332 -0.282405394897455 0.375813787186542
-0.0295069659611451 0.0296908128473227 -0.492483611104788 0.393734592710854
-0.0735426898411116 0.326447131264744 -0.0691841269518984 0.352751273481219
0.157842299594556 0.285746063446587 0.00865937398854192 0.19220139117757
0.268374409631293 0.00606333574539711 0.0528497906346709 0.0927874243814922
0.0895821167873051 -0.245496546127345 0.058362900585442 -0.0981336113407085
-0.0875451092246557 -0.188137447231279 -0.11087718215677 -0.0950219704494197
-0.149786253932615 -0.110523409400614 -0.0669207362723332 0.0422211614659782
-0.196605005330563 -0.0241324520811909 0.0966411543168296 0.0748725050855922
-0.203513575541756 0.00697710356000566 0.246389441084794 0.033574823878594
-0.202786567644566 -0.0203720586747285 0.334510538042736 0.00944256176638527
-0.149085841176492 -0.122948368294278 0.375320287805294 0.103533655727833
-0.0372765105809881 -0.157181777067988 0.337070524267123 0.230630607207844
0.0598276104679458 -0.158961937650045 0.1985191988496 0.379022080743624
0.144338201336919 0.00569589103041185 -0.0364345478935502 0.415701970208319
0.0581625647288566 0.180560393903203 -0.252072770123974 0.339969274261399
-0.0816950997816044 0.233687405543918 -0.425567432273909 0.35596306747691
-0.124770664656178 0.445352441221696 -0.0350372750141145 0.264074413604272
0.201472922106915 0.396125140675161 0.0573698895067337 0.215522085054327
0.366972742137704 0.0283020553364998 0.177661017206911 0.0504495093166698
0.156148363034614 -0.320408409527865 0.0801769555972185 -0.223429800228848
-0.0884539808462719 -0.282094666491856 -0.19005851125819 -0.167761885342804
-0.201202286432711 -0.188596903619875 -0.160042948491298 0.0137922386649515
-0.28076300548734 -0.0586142106408574 0.00500071647411864 0.0681581077448734
-0.284593486007468 0.00292180897092561 0.150870219600716 0.0348284885986748
-0.278423351504832 -0.0265164128771786 0.245624433458606 -0.0106908607468042
-0.210200868647485 -0.168797968953491 0.333917460823016 0.0632918162345714
-0.0650935924485338 -0.226727942696256 0.350279549174921 0.199056088646767
0.0802807153461137 -0.257405718951544 0.209130894260696 0.386489569491989
0.2550442035947 -0.0230416384473283 -0.0407183969340196 0.400401811716704
0.146974180234559 0.292513737687621 -0.226223756500092 0.245997481956529
-0.103247028915719 0.416819917535011 -0.328483072575058 0.258004507663048
-0.164268109884263 0.48740325276127 0.0568267163543151 0.154104194605056
0.184687938331716 0.432883840726768 0.169135715398651 0.174613671726426
0.377066186392517 0.0604540530826719 0.270848640739641 -0.0668587557583637
0.196700059451221 -0.310616513935902 0.0555904772935001 -0.348867652163634
-0.0539485483585891 -0.320059717732592 -0.263323631739371 -0.231905199283026
-0.205721193151407 -0.242558876417415 -0.25168144753816 -0.0287808189023862
-0.31699375323012 -0.089469723940903 -0.104339218259776 0.0454905225605358
-0.322419568669575 -0.002763687351565 0.030344730680121 0.0338208062515202
-0.318715697743274 -0.0209281499285649 0.14050731923192 -0.0216524635953289
-0.256596960238954 -0.179329033585365 0.277543475930635 0.0357872575212983
-0.108110622550979 -0.265308979474655 0.33446002105732 0.186726369665851
0.0765180489194185 -0.350404487853434 0.165617840204665 0.386614784207505
0.353890095725436 -0.0720630333819291 -0.0806448970067379 0.331292047780442
0.240293458164163 0.371321157046268 -0.18841247720213 0.10504257162163
-0.0990467225891069 0.545614064343712 -0.219321857747064 0.116123019702305
-0.176431141521845 0.465135012870288 0.187982746918633 0.0225817544536709
0.137016646179743 0.415394275312055 0.281520525915714 0.0483174456127701
0.330056904892173 0.0948078417648751 0.282513636071782 -0.202152528203126
0.211469384839334 -0.251683780387228 0.00238985891245906 -0.417801711490588
-0.00764164576055076 -0.311277657492597 -0.305265426917283 -0.2742997366341
-0.176137116369526 -0.259556064472499 -0.319834232317792 -0.0826605471713483
-0.305124454645642 -0.106366266963575 -0.215066959558215 0.0105151773580621
-0.312724812744774 -0.00492975456654656 -0.0960611647463941 0.032740539900694
-0.319001486519597 -0.0122796321287989 0.0348886043952258 -0.0240469314102693
-0.278239043865521 -0.168253239886119 0.204693934156366 0.0279939994835161
-0.143426972003953 -0.286706399310054 0.270501292542398 0.186496461557803
0.0837908350189746 -0.415913785084425 0.0730601879231255 0.342683590372926
0.433410978187583 -0.0935742007889257 -0.11074867987191 0.198917031716286
0.296504792859373 0.422225054476242 -0.115678396758284 -0.0360455559080616
-0.086704877799494 0.593810913034282 -0.111158360469605 -0.0420292560203419
-0.149206645471566 0.390254188807016 0.325771687637947 -0.123561556454027
0.0895874301442398 0.34804077672545 0.342106139402909 -0.116545501140602
0.25634937978421 0.10751347784599 0.232420821068871 -0.298747229264881
0.195218160374052 -0.176436683855518 -0.0439560753334351 -0.428117595514745
0.0290910171649525 -0.258580344225335 -0.309048449396671 -0.299600494392828
-0.126051706152824 -0.228684093972611 -0.36462271862752 -0.13628815590087
-0.247487005703248 -0.100247286902303 -0.312830888616924 -0.0241951751036805
-0.257989238288531 -0.00786929350351946 -0.205759772536606 0.029908211163156
-0.276663554302546 -0.00679848883246938 -0.0613035863820033 -0.0182881043550326
-0.258171062780887 -0.148919709511497 0.113031526433089 0.02853233300212
-0.133424075519925 -0.283223169646335 0.165505476265211 0.164772398290261
0.120431460407147 -0.402931301173664 -0.0179979812086156 0.239626010743256
0.44361852131616 -0.0500524502907533 -0.0792285758193087 0.0468514622971335
0.273693175684214 0.42497832079067 -0.0191753435534841 -0.116189290418133
-0.0723798814580693 0.534312327504133 -0.0237637650742487 -0.185520789997607
-0.0909827817655765 0.270934815734779 0.429685428630947 -0.261628664213729
0.0540703843934713 0.237421505343343 0.343825454978571 -0.26079496237766
0.1684641176118 0.0867546508747554 0.169156471540119 -0.350851364400423
0.137131552038486 -0.0990398770480357 -0.0754148172313911 -0.413958706507725
0.042159355008805 -0.165161963773319 -0.301979607158442 -0.311662748186239
-0.0650248734302077 -0.15576227380283 -0.392530551195208 -0.174452820977123
-0.155543047966642 -0.0736761326297298 -0.382557471522177 -0.0506793598068922
-0.165407899691859 -0.00841514756639697 -0.284540288151483 0.0241641536960923
-0.190247564781148 -0.00651993529208396 -0.13790763061198 -0.0135433777417353
-0.186215064275528 -0.119672863837207 0.0232775048346257 0.0187485827564006
-0.0762902256070281 -0.228139756421031 0.0678587556476967 0.111728270121766
0.142124954682619 -0.285469915451712 -0.052555258988444 0.117422329263203
0.337596950740594 0.0228492550238565 -0.00303429793813818 -0.0478904214076048
0.169953212158932 0.339104212970751 0.0510484613113626 -0.121651142734852
-0.0502787754503237 0.363348460625894 0.0388593207241569 -0.291706609086659
0.0154440283723034 -0.111060690770904 -0.0112239154725495 0.373150410224337
-0.0771893512331113 -0.113982689324979 0.0230361189627177 0.14088228000131
-0.12586152747268 -0.0233773358073575 -0.0334405237329431 0.0742063903909763
-0.0835774118298385 0.0962979457456047 0.0281648079955408 -0.0229356465629833
0.0206810033736521 0.0965753321537556 -0.0490677565822283 -0.0571014904902999
0.0641478774624119 0.0421955580459689 0.00669665810357947 0.0446296751309533
0.0584142090679769 0.00977582175968009 0.165332304201877 0.0493208739240509
0.0336860258569705 0.00666011444843287 0.308490063451049 0.00412749386976192
0.0186290343249396 0.0273649340950661 0.402126715861042 0.0132105081677878
-0.00395268365125613 0.0621305087923199 0.4043049277796 0.1314688089359
-0.0374096437263487 0.0668421756127481 0.311531009171227 0.262517996526491
-0.0874078810604495 0.0323229744769512 0.142288721812004 0.365422661242872
-0.0924563451709235 -0.0476275848385259 -0.0842547943063136 0.385690122046851
-0.0315258295267062 -0.122584068659752 -0.288339373274292 0.361028260969844
0.0396540272496862 -0.163660748371497 -0.479729172392729 0.385897035146028
-0.0145748600260477 0.126305683728059 -0.0390276858945585 0.397040500805081
0.0636303706636089 0.0913817500528658 0.0249911423413811 0.163369297347501
0.0821344582909545 -0.0233917637281778 -0.0139285087346966 0.0857465438060898
-0.010672095987122 -0.0919104302439931 0.0300765796861132 -0.030235703787733
-0.0521309218942402 -0.0439171542576382 -0.0626485740043678 -0.0463258294112397
-0.0546187538688725 -0.0229325580698611 -0.00205912316534011 0.0541629791361319
-0.0734698788012478 0.00658842482433578 0.15702810054202 0.0596157489399685
-0.0891787078973221 0.0146624375905456 0.299005484372383 0.0109752128409428
-0.0994785561479864 0.00660951507533164 0.386789769948266 0.00475488619703148
-0.0824708004770763 -0.035870004926796 0.402491309194097 0.114610990785223
-0.0340095236581507 -0.0546764447334823 0.326514201416529 0.243514044565601
-0.00419900508160529 -0.0610256916734556 0.179282286063896 0.359991799713191
0.027884832103694 -0.00598681755871883 -0.0413136248817985 0.399177983298973
0.00208587109560452 0.0371162243078683 -0.251045978965569 0.378622122976837
-0.0282003720710309 0.0317078701605081 -0.453137888668789 0.410909088812901
-0.0539473504218767 0.321971624603955 -0.0467061204523873 0.352771544220254
0.170676157166526 0.270284309117239 0.0276997050753765 0.192827268095482
0.260798900866468 -0.00956657650999299 0.0670259720800027 0.0900368100649582
0.0712682862522436 -0.244212968104002 0.0541601715768614 -0.101104454768153
-0.0979014800946658 -0.178543016995256 -0.114096551313422 -0.0837281733258279
-0.155491251564488 -0.0988597927732715 -0.0607900148319911 0.0486802172612142
-0.194739446902489 -0.00934097024224775 0.103673635975377 0.0672048148058188
-0.198354126528694 0.0226516769024616 0.245770717935759 0.0146934071832851
-0.201679343632647 -0.00254025984888622 0.32916282679434 -0.0135738553820357
-0.15808024619851 -0.109301503018057 0.376723679414902 0.0768817298201592
-0.0485831585911106 -0.154977566117923 0.346114062193877 0.206197833324247
0.0475128329693096 -0.160772016895503 0.217328579474399 0.358732991556344
0.145005494824456 -0.00154343359125345 -0.0122919365722522 0.406499759061293
0.0698699498027732 0.175304892607134 -0.226008668364765 0.342111238294502
-0.0662838344622221 0.233294181983486 -0.390867588728609 0.368571508056763
-0.0978518254008493 0.441728443566813 -0.0176555235859503 0.265265906362183
0.220119865382232 0.375245726621686 0.0762919613448827 0.213705024744202
0.359293799018653 0.0077003982168368 0.185948478636628 0.0405278926101411
0.132683665810397 -0.321694303854175 0.0678893624918521 -0.224433403669707
-0.105013156274104 -0.270982688075665 -0.194120503674419 -0.14971795374878
-0.212622303688952 -0.171918963954076 -0.153663604926741 0.0270298856131861
-0.282310636188241 -0.0366749385573483 0.0133392885325636 0.0666692908643492
-0.278591943023145 0.0241131647188692 0.152503633431558 0.0232343375824819
-0.276805713254985 -0.00357071876526587 0.240624147852173 -0.0260176693359222
-0.222267390278753 -0.150454394461386 0.332728708801939 0.0405545397490871
-0.0803261318548289 -0.222409825020549 0.356352595970391 0.174429513793604
0.0621522015433431 -0.258308101718904 0.229619110934547 0.364849887437107
0.251387750825305 -0.0360269763150062 -0.0173353429266454 0.391012741129798
0.163037881988906 0.279669295050255 -0.206490407730428 0.249992261302631
-0.0769724046344802 0.413701094886646 -0.303112946991199 0.267886962010339
-0.134219657968907 0.483297876605205 0.0632192590858065 0.150966679300392
0.2061936485232 0.414803663970574 0.180814392892665 0.166138138137105
0.370693430147663 0.0389112995768768 0.269423953443032 -0.0801702713278037
0.172473195692392 -0.31570161308245 0.0357355841127205 -0.344227755153773
-0.0752194120383841 -0.311982009250621 -0.269227583198461 -0.207990896279243
-0.22190302910343 -0.224942933844593 -0.246208090622911 -0.0102439943725439
-0.32065383746625 -0.06458819519094 -0.0960793592145722 0.0512580863873762
-0.316884090420663 0.0216385308471823 0.0342188407959825 0.0309867625111077
-0.315921657615937 0.00275741764253012 0.135624460642346 -0.0304240030216321
-0.267598056707552 -0.158971146526171 0.275375307141494 0.0169543958832642
-0.12443027015115 -0.258339179269752 0.340175673173481 0.162195757614181
0.0520735673346764 -0.348676584142067 0.189282001970917 0.367629257840745
0.344227864613487 -0.0893658703720211 -0.0600891232391244 0.325975699790335
0.25875348582839 0.34980723702645 -0.179064563767602 0.1099799147546
-0.06634759918749 0.539449904651921 -0.204375712278672 0.123442123268483
-0.146725615699271 0.462225857778701 0.183601191719004 0.015211638964131
0.160003165137145 0.399839176743973 0.28223521912616 0.0360755806307914
0.327723724611627 0.0754247098791087 0.270856591902547 -0.211922166571056
0.192019349702432 -0.260036229069834 -0.0210719746625057 -0.407874465434766
-0.0300272094193502 -0.307597816860422 -0.310714813300167 -0.248021061510266
-0.194964201707284 -0.243313195159443 -0.317381903957731 -0.0595153031946406
-0.309728749693368 -0.0807343525571407 -0.208313315901086 0.0260343969985258
-0.308351780257482 0.0184841015538383 -0.0896034477387873 0.039269106432336
-0.31525363339939 0.0124875173573873 0.0316240296324712 -0.0244405493162837
-0.287688898032821 -0.147025547793758 0.201229277845823 0.0129239051450577
-0.158953103438618 -0.274679103738716 0.277117366166975 0.163758040309569
0.0544773358368623 -0.411375275076313 0.0965714105204092 0.331555373025403
0.417648429679783 -0.115328656242965 -0.0978379334637548 0.198151968745638
0.315863789854717 0.394010966809249 -0.118457150387987 -0.0321284215016619
-0.0495666913547775 0.584944693705771 -0.111215300404144 -0.0373330475614301
-0.125726458836568 0.38858222771706 0.30760548410754 -0.135838409354424
0.109548094652188 0.33692243874891 0.329067766416801 -0.128223785217317
0.258776495754478 0.092125003144014 0.216062213602178 -0.303357603624864
0.179983290753465 -0.186186944976505 -0.0667504628621442 -0.416301460841109
0.00844328589647675 -0.25904696666934 -0.317677567804979 -0.273241951997898
-0.143071743848633 -0.216304367936537 -0.366084667580645 -0.109061828828922
-0.251397583507546 -0.079849723601221 -0.30766916959463 -0.00149779202849902
-0.255205660673774 0.0110251047013212 -0.19877623714655 0.0441529378979851
-0.271638405674718 0.0137311080763073 -0.0632425683503389 -0.0130599840577944
-0.265313575419269 -0.130367454455803 0.111238660224388 0.0192389835241651
-0.149324415422705 -0.271190552385858 0.173482265031432 0.149424212906679
0.0887037548225314 -0.401727377993795 0.00124012019148295 0.236977796702467
0.429394758245355 -0.0763011946140252 -0.0787524073435978 0.0495662948715798
0.293542142267693 0.398389396144472 -0.0312080246124801 -0.116883949286138
-0.0392420571570587 0.526038880704593 -0.0340619118863304 -0.182310264716811
-0.0753547128768991 0.268379646610157 0.399834707124571 -0.278709364555514
0.0688231519033843 0.230917405450152 0.321781399899044 -0.270587612775825
0.170712408780972 0.0752017445285701 0.14981776839715 -0.350685156230214
0.128421395907883 -0.106602785748189 -0.0962809487957162 -0.399847240745519
0.0283459275480974 -0.167283059542929 -0.312448751401479 -0.286506903852317
-0.0768598651967492 -0.148338786195992 -0.3970859431996 -0.14462761640224
-0.159463098707479 -0.0599048416123197 -0.379563579219918 -0.021850275804346
-0.162539251819466 0.00338479598749873 -0.276279823361455 0.0444153243135286
-0.18729005504384 0.00644083738912946 -0.13754902070727 -0.00294982613983947
-0.190838491587755 -0.105495320557884 0.0218268339820205 0.0154540471940671
-0.0902910887590199 -0.219766341621785 0.0747182612625933 0.103581786023524
0.118158680128737 -0.288619221257745 -0.0402893257359664 0.121106988546474
0.331053746082277 0.000574377256556569 -0.0111661574128489 -0.0483779875954745
0.189190037765787 0.318707536881247 0.0352103409897757 -0.127544220805461
-0.0280198141328509 0.356365664621701 0.0186471869036255 -0.289698306196921
0.00876107414696864 -0.105806567971868 0.005961429062659 0.366340036692106
-0.0805749849873766 -0.105486464274843 0.0363814421724438 0.141906644875043
-0.122280646772186 -0.0159757125704316 -0.0190006345250398 0.0743377806615202
-0.0755159682212091 0.0981491508785315 0.029324865751724 -0.0266421726484423
0.0249232126411489 0.0933081056600966 -0.0531797035152373 -0.0493296643178817
0.0655047437383899 0.037583103939202 0.0112642332497755 0.0456612831482522
0.0584407789609603 0.00663308956810982 0.166765774779178 0.0389284151179693
0.0344503634731212 0.00602780823925307 0.302065564206987 -0.0137098534506937
0.0199908598955481 0.0276082523877336 0.392611528852239 -0.00849853296802009
-4.18412677086963E-05 0.062612749588579 0.401716395540992 0.107795953775026
-0.0328789314709128 0.0669716504566545 0.316066892971935 0.241745329804917
-0.0830663258709853 0.036241288474413 0.154030730581163 0.347708035467151
-0.0917455388306543 -0.0414066902407431 -0.0672588347326037 0.377218575584643
-0.0355549653396777 -0.120342521906474 -0.264200655677242 0.358442875356245
0.0315917408585933 -0.159864506324414 -0.444298519654348 0.389393905005762
-0.0100992865142485 0.124414577518004 -0.0202661101817607 0.39108638062744
0.0647274076649012 0.0861663096368866 0.039690591264404 0.16241701563476
0.077890663880066 -0.0251830651445163 0.000898115389712576 0.0851504300202591
-0.014464035239856 -0.0874659661711953 0.0307876651228993 -0.0336218899044366
-0.0520087088496664 -0.0403576381858614 -0.064058559151032 -0.0400230235584417
-0.0542216554076474 -0.0198115685557671 0.00334443224959664 0.0551454936099462
-0.0709914215961848 0.0105384943613496 0.159816825347887 0.0501054345443374
-0.0844557491750136 0.0210098574353258 0.29311813503524 -0.00630382029702266
-0.0957550491732067 0.0151903792387515 0.377111719834225 -0.016161658592062
-0.0838236284112336 -0.02904631818346 0.399454603752133 0.0918675027717624
-0.0370584526465374 -0.0530059562216063 0.330144000682979 0.223808978219107
-0.00683397547900128 -0.060013351810423 0.190819467497844 0.341618555752675
0.0290210784708914 -0.00648473490355785 -0.0249525498601847 0.387806580269908
0.00556451284868952 0.0352892723691587 -0.228384492254285 0.373994520738977
-0.0266048049180718 0.032283804841934 -0.418607977515607 0.413087928671886
-0.0400936820835074 0.315381270042168 -0.0284696761354666 0.348163974094475
0.177623642585626 0.254644323957761 0.0427534974779009 0.190330155163064
0.250817113770504 -0.0190955348839204 0.0792592290347805 0.0861281174439479
0.0574885776740497 -0.23875580748954 0.0514573443865237 -0.102256542915278
-0.103128626483129 -0.169241531494147 -0.113568698158681 -0.0745536497821717
-0.157189022285745 -0.0890690542025654 -0.0542873960433771 0.0521832105673011
-0.190756578195606 0.00172184863714781 0.108225537329832 0.0593378048040222
-0.191384238905338 0.0336635540096439 0.241121989922965 -0.000424655388153797
-0.197173146928627 0.0111966218819523 0.319781961125273 -0.0299505890924381
-0.162375628368248 -0.0980261004956753 0.371555490065185 0.0569191594607876
-0.0566343559205492 -0.151716819353124 0.347277831334478 0.186330426122799
0.0384014513654596 -0.160073689008169 0.228293482720369 0.338578142106828
0.143653321691939 -0.00722532332905653 0.00373584149940655 0.393795441940576
0.0777608111622349 0.168117685183687 -0.204782563612425 0.337805651882436
-0.0560091745024389 0.229574084409337 -0.360476709920114 0.370986849273864
-0.0780097626749161 0.43044430991645 -0.00573557431244937 0.261368717869355
0.230257004258403 0.355598150185656 0.0893361435084286 0.208073551671482
0.346899078631976 -0.00649283881747648 0.191337411175398 0.0325426435238769
0.113545349340446 -0.316672490102466 0.0579883373881485 -0.22220945793496
-0.11510581359446 -0.259087606968404 -0.192697260770502 -0.135025168367002
-0.217700139270894 -0.156824158113028 -0.146306600872709 0.0348979379490412
-0.277455158464126 -0.0192847442650446 0.0199102797280402 0.063568971993662
-0.270176992914523 0.0397798715971609 0.151117208661898 0.0135425731170519
-0.270647133980729 0.0137879500764066 0.231619152085641 -0.0361821419714565
-0.227175841335517 -0.135670435795258 0.326729987981152 0.0233179947821907
-0.0915864454636235 -0.21689577252639 0.355128538211149 0.154478822584995
0.0476153294958012 -0.25635222803765 0.241212379755981 0.343754748739749
0.245929636721482 -0.045145276540308 -0.00322514621492157 0.377804847459216
0.172136351581081 0.266932871338019 -0.189495163478115 0.247574964014288
-0.0585566310678552 0.40394992334276 -0.280786790756867 0.269746245342341
-0.111779905540525 0.473743406411972 0.0675822572545457 0.147908435595938
0.21897672995898 0.394862007320639 0.188046645886501 0.157785879357768
0.361153467824591 0.0241589818425604 0.266121218389248 -0.0881045347409925
0.153996593400722 -0.314195518392588 0.0223597721415161 -0.336305652013953
-0.0886592395945938 -0.301455690689595 -0.266727975870389 -0.188626486714266
-0.230654018280447 -0.207741700360225 -0.238036215196253 0.00377361015717348
-0.317221232445459 -0.0437447980809758 -0.0882129261168424 0.0539936990951803
-0.307006058852697 0.0394109465824809 0.0363932973157333 0.0278759284020161
-0.308600069475833 0.0218805530088244 0.129680457215155 -0.0346446632464773
-0.272022373728838 -0.14150090459104 0.268448906987414 0.00324572571473116
-0.136047704410991 -0.249661466767787 0.338169081711311 0.141492708522876
0.0340776206482255 -0.342447959751905 0.203149247515481 0.3477064327666
0.332986171344669 -0.100312811003294 -0.0461968092475256 0.315978606759892
0.268318197470097 0.330104966530851 -0.170938812684619 0.110384599319319
-0.0424321209041087 0.524760193811688 -0.191277337674847 0.126078973577121
-0.125688062335621 0.454298942816827 0.177312931535399 0.0108622564479038
0.174171434787683 0.384167825916878 0.27960161601688 0.0276071932195209
0.323038625819756 0.0621169292277608 0.260466371502926 -0.216726384911835
0.175575116351774 -0.262183574089226 -0.0356754617731197 -0.394777808944168
-0.0464490980649399 -0.300515620301385 -0.308820392086267 -0.225299646344589
-0.205977561798913 -0.227253918674954 -0.310735584103729 -0.041716650877422
-0.30801325427678 -0.0615006776543845 -0.200459721434997 0.0351278020433808
-0.298491940646643 0.0343818635128132 -0.083298458680687 0.042557931965425
-0.3066112692827 0.0295435001262855 0.027880807496207 -0.0235421251496449
-0.290418406978093 -0.129303801205569 0.195792333462386 0.00287627112305359
-0.168349217496611 -0.262847845506991 0.277907351350557 0.144638996972072
0.0312912806275899 -0.401870084475798 0.112159374378363 0.317235480622052
0.399423915792773 -0.130092826807961 -0.0886049312442738 0.194214953873721
0.323900382852939 0.369104611963478 -0.119607920375343 -0.0300095211695412
-0.0236663241714861 0.566834382224985 -0.108849269159591 -0.0334253184520619
-0.107416970930172 0.381199857788088 0.290877462785805 -0.141215959752515
0.122094989844947 0.32558995819785 0.318170118434513 -0.134082835718075
0.256029129809701 0.0795990290866756 0.20299237830856 -0.302470301319811
0.166577635927998 -0.190401554681874 -0.0806992727318037 -0.400402342471207
-0.0066098749481014 -0.254803082904116 -0.316725758388218 -0.25073629715461
-0.153841952465807 -0.203808839934583 -0.361995536016312 -0.0875095347093065
-0.251129542449502 -0.0630203013485313 -0.300580281040581 0.0146277125669795
-0.247192035066996 0.0243866160024246 -0.18907787556274 0.0537581096538795
-0.264120449012624 0.0280644284479909 -0.0639329557694522 -0.00748744795326254
-0.266445697146281 -0.114254649350511 0.107907518921137 0.0121143391131621
-0.157754646351619 -0.258912350436575 0.17689661662012 0.134486609129464
0.0654009429481488 -0.39266837685065 0.0160120733654579 0.230400042394894
0.411336673103584 -0.0918557052899888 -0.077717148715377 0.0495737669103655
0.304284127196827 0.372484724425518 -0.0414301465855949 -0.115966300618376
-0.0147063811283904 0.508602966000843 -0.0422688033438399 -0.177758215208037
-0.064046586201986 0.263455635377409 0.372542923191714 -0.283407449955471
0.0773276115284363 0.222740586869037 0.30211152650442 -0.271313093605548
0.170872588163417 0.0662469262430013 0.134779838694338 -0.345096551670958
0.120283572462792 -0.11026060223495 -0.10848355466334 -0.383822782094871
0.0176049213986619 -0.16640138294797 -0.314141409863228 -0.264533865989345
-0.0846758749772668 -0.140052826667589 -0.394110927665999 -0.121259710965124
-0.159621433116787 -0.0491909350968512 -0.370972247386861 8.88137644450959E-05
-0.158424411214916 0.0115464838931213 -0.265695408559329 0.0579960705819069
-0.182296457425016 0.0166143519634257 -0.135428116566148 0.00583428294351769
-0.191946395966724 -0.0932996092324341 0.0208865655802461 0.012581701019311
-0.0985781357285327 -0.209755441710389 0.0786295373728061 0.0942497604729119
0.0982615883577982 -0.283935604938146 -0.0308967683979136 0.120636262103808
0.319681469794253 -0.0147863499385527 -0.0185671102640384 -0.0471978896223456
0.199054632149034 0.298232249223375 0.0215617314416842 -0.129600871565045
-0.0117951052259393 0.345303932287481 0.00413227095918903 -0.283559089398156
0.00461711130727132 -0.101429538043796 0.0180025803071114 0.361750083081978
-0.0830719803337657 -0.0989947815862979 0.0480433204188571 0.14158192411347
-0.119192718738772 -0.0111774005904602 -0.00619176660308209 0.0728138915629428
-0.0695314986478072 0.0993032883617935 0.0298679905879265 -0.0306897697363962
0.0279659090478102 0.0903526851022224 -0.056238699474301 -0.0439014084435422
0.0656404474436241 0.0340828205734179 0.0155151133499975 0.0461213435458334
0.0586422199510545 0.00389034932390914 0.169442748972544 0.0303641706623802
0.0355915644443265 0.00489476439394509 0.296276921436724 -0.0257324563162262
0.0216147264574468 0.0279416784034795 0.384208901067942 -0.0252231579110366
0.00307995379123321 0.0631959259328964 0.399234242307124 0.0896528041211322
-0.029489505693234 0.067136278463916 0.319174878501527 0.226292982726825
-0.0802883926335911 0.0387917150238798 0.161980703074147 0.334648777607333
-0.0906751871159497 -0.0373606407236727 -0.0555951094876614 0.369837072797266
-0.0382661382214408 -0.118799153374644 -0.246115000568221 0.352615235192045
0.0255847971394591 -0.156438002521944 -0.418995221128644 0.388635105882636
-0.00620001217279083 0.122681389317492 -0.00572729939622 0.385762417088123
0.0657400807227505 0.0822697782066646 0.0518543137216848 0.161326305772115
0.0745137173731596 -0.0261423055625491 0.0141429427153281 0.083509062438389
-0.0169181408334188 -0.0831975750365377 0.0317995357052286 -0.0366499363939644
-0.0518411632017445 -0.0376560623559286 -0.0648327651595341 -0.0353094018787505
-0.0540003076107995 -0.0178135341781811 0.0076257514279795 0.0557121751376852
-0.0683705254075644 0.0136323652341439 0.161960724876839 0.0419503169361774
-0.0802898145662292 0.02477243416866 0.288026415421925 -0.0199212699950514
-0.0929990086146555 0.0205831806065578 0.369126226926632 -0.0313286594489115
-0.0847984378980438 -0.0241821289874503 0.396388321986019 0.0749128720006997
-0.0396018770607165 -0.0515577945175403 0.332776551682907 0.208328402013501
-0.0093142495258167 -0.0597770670877418 0.198440176430327 0.327122431195886
0.0301936892873783 -0.0075574487684834 -0.0133845425702531 0.379158855733213
0.00790547568719127 0.0336828202282528 -0.210100252894312 0.367929325598928
-0.0260227577193639 0.032737013950123 -0.393306963395942 0.413026754174982
-0.0300683685688246 0.308306986332049 -0.0158944208070236 0.343748900000991
0.181191752026417 0.242213697950369 0.0556855518166001 0.188124509596938
0.242576138762569 -0.025075315314776 0.0899383587233638 0.0813862411026713
0.0473826470551323 -0.232992595774567 0.0492734306915545 -0.104110552570301
-0.1066063376267 -0.161967358306952 -0.112725406376133 -0.0673004212087243
-0.157791383584576 -0.0808879759108123 -0.0485787121896901 0.0545632427812703
-0.186663229916794 0.0112695613041427 0.111737064413734 0.0530256719668318
-0.184998493885378 0.0421887596778045 0.237790337265234 -0.0107392785792557
-0.19229564059953 0.0216549921083462 0.311996029073148 -0.041530168434609
-0.165428976660495 -0.0879311878318672 0.368810893659473 0.041386719805678
-0.0635251748008937 -0.148842887667799 0.347791385298216 0.171944061146886
0.031297800833846 -0.159532590552063 0.235567094390423 0.322206747329846
0.143214143442928 -0.0117145067961864 0.0143646537046148 0.383144354122551
0.083065869173421 0.163252253943356 -0.187369293267484 0.332559725805176
-0.048604959180535 0.226091461896724 -0.337504101125504 0.368378574153951
-0.0643181267470827 0.423042122879188 0.00330846490420117 0.258264240270141
0.236803152811011 0.33946339740191 0.100657020831635 0.203235774862455
0.337386597252151 -0.0145291621549504 0.196707416505091 0.0257535516478885
0.0999971623165189 -0.311273448571165 0.0514489536389846 -0.220488448583947
-0.121603647768008 -0.250911371874782 -0.190362808162424 -0.1244596493581
-0.220742082712377 -0.145828641085 -0.13926037266808 0.0412151624311611
-0.273431597843284 -0.0063769518918477 0.0241205665374743 0.0609979869920844
-0.261494277614497 0.0511443442881623 0.150123664138922 0.00566396519947137
-0.265071364014186 0.027389805320527 0.22519830829387 -0.0438370859545501
-0.23182868830189 -0.12342390274341 0.322713092934434 0.0105061746769291
-0.0992157499479207 -0.212548383067283 0.353994043158067 0.138998694075639
0.0373755427714541 -0.254251797057627 0.24799619445481 0.327091200215415
0.242167867674714 -0.0513852848050043 0.00561105165114814 0.366365113856644
0.1790698058102 0.257058922235095 -0.178345873543486 0.242789293707326
-0.0456443239934097 0.396099925338907 -0.262823614688953 0.26922600621484
-0.0966810680510734 0.464019278629848 0.0704711940382934 0.145706933839725
0.227572889080774 0.379137235085041 0.194845207571099 0.151787520453143
0.353087069752294 0.015795225637338 0.264552903860013 -0.0940255938854246
0.140311618629296 -0.311110853456361 0.0123012141655072 -0.329600813714693
-0.0984715431896077 -0.294395279744488 -0.263176588042048 -0.17470099230635
-0.23649453116676 -0.194940113733561 -0.231047724264112 0.012584946064053
-0.314300550066628 -0.0285250707231198 -0.0830517868559801 0.0563694211721077
-0.298831385750679 0.0519823818280761 0.0381691420899491 0.0249513155140282
-0.301658024886973 0.0360170087625475 0.125359147117124 -0.0372975193559487
-0.276199876179697 -0.128714477715168 0.263672577156362 -0.0070390955090417
-0.143813583041253 -0.243402911147156 0.336364346002469 0.126480474230061
0.0202037192727112 -0.336085969732045 0.212116337183289 0.331527815720383
0.323686029857194 -0.107265037011929 -0.0374076072465073 0.306347347602063
0.274138034855032 0.315687558387462 -0.165368580886364 0.109259940179565
-0.0248629678210466 0.511708323077302 -0.18130690927008 0.126075949805246
-0.109713286918307 0.446400015867537 0.173410601359973 0.00914059716143595
0.182861415572022 0.37116975135682 0.279227178168179 0.0218926635406865
0.318866549222302 0.0529267316348941 0.254724460440798 -0.219065246090909
0.163445812996667 -0.262139980710106 -0.045866172739406 -0.384284880529101
-0.0578468337906596 -0.294703317434812 -0.305201999221988 -0.210198537156521
-0.213290269586937 -0.215011210375454 -0.304217768109443 -0.0294213525749324
-0.306024632225793 -0.0453880050833823 -0.19443215502461 0.042348106135931
-0.291008915782755 0.046173671751071 -0.0783061854403935 0.0442970064817834
-0.29974453330905 0.0424563916644746 0.02569918099564 -0.0215348206544453
-0.292623034173353 -0.116173962216713 0.19202847172518 -0.00493805174623931
-0.175399929277612 -0.255546300602978 0.277194016998187 0.130601010643736
0.0172018920919496 -0.393008274116025 0.1233508358758 0.304692805848693
0.387065084337454 -0.137912156586884 -0.0835323048467644 0.189681315750532
0.330000988844221 0.349768185631333 -0.121298413652291 -0.0285796294136291
-0.00535622144043008 0.551304184087452 -0.107014460691157 -0.0310726922747684
-0.0966452017788303 0.374531418567728 0.278077773929757 -0.14235413337003
0.132043475093793 0.315883915307398 0.310506689680647 -0.136509049382971
0.254677005018684 0.0717916464665867 0.194671258759401 -0.300511043292205
0.15664061145789 -0.192687258990432 -0.0897084596161025 -0.38816411749908
-0.0185033382938848 -0.251576217498318 -0.314749493684194 -0.234885214069484
-0.161592304410504 -0.193565207997643 -0.357302492479546 -0.0729101210658839
-0.250597486382663 -0.049599265406105 -0.294259601393969 0.0271190836454219
-0.240911780527798 0.0341380736475559 -0.182462071184665 0.060117075682599
-0.257616076218913 0.0387602103029405 -0.0636973634991581 -0.00302599363180651
-0.266841977506198 -0.102497769918884 0.105847169304749 0.00716088694022674
-0.16418341479442 -0.24907820449862 0.178773748486103 0.123169715192878
0.0483902158754957 -0.384718890955697 0.0275779091702362 0.224610031273855
0.398570584351281 -0.103883523314782 -0.0783134546148466 0.048883228603247
0.308239582644676 0.351220450326664 -0.0494264233486123 -0.114211418775531
0.00162038357024555 0.494431306416744 -0.0474590837541626 -0.173376154396499
-0.0563868309627182 0.258326561554175 0.352902610846074 -0.283222458571504
0.0840373538981946 0.215513459032058 0.289120753388461 -0.269537112769986
0.169755140827036 0.0597465967154955 0.125825460916136 -0.3395011271659
0.113659374443386 -0.112338760147591 -0.117351509344901 -0.371920075705416
0.00919068742896948 -0.165770428179943 -0.313862076278442 -0.249281819999611
-0.0897376763418962 -0.134075581365209 -0.391996645166384 -0.102968082268245
-0.158974646623872 -0.0405834991283168 -0.364909631998778 0.016545675321826
-0.154340986939612 0.0174710843778017 -0.257209321226243 0.0674594824239576
-0.177106967356523 0.0236291528141749 -0.134174882258006 0.0121438475161713
-0.192156593098625 -0.0845886612279074 0.0202248797324462 0.0108347520948524
-0.105038939374478 -0.202363132554092 0.081996566263842 0.0875742174998449
0.08349185859952 -0.280074024839569 -0.0228782110087903 0.120191747256512
0.310224699993382 -0.02588499616924 -0.0255514847468408 -0.0468470036381587
0.205242374622476 0.281879025786335 0.00995668602984457 -0.130608087610507
-0.000752756793725825 0.335790258777181 -0.00617599677027956 -0.278698538443734
0.00200078035639947 -0.0985390163165892 0.0279757256170293 0.358503729553079
-0.0853325267085585 -0.0939155945004591 0.0601228821416258 0.141850519294669
-0.117659274492401 -0.00570632060088651 0.00474721773258592 0.0701520399291874
-0.0637148492879968 0.100806931899005 0.0298489171689229 -0.0347961715530855
0.0312501304485318 0.0882682816494491 -0.0589999667567818 -0.0385173232772221
0.0663566505231431 0.0306415187471553 0.0190951874103446 0.0462248059723308
0.0594781859731031 0.00183795926037997 0.171460946441545 0.021945662359871
0.0368965711580813 0.00323181651416886 0.291595954204176 -0.0387062132880714
0.0244556803015877 0.028145607202203 0.378308292781187 -0.0401191151981039
0.00644386778406396 0.0636315169257307 0.399132120423929 0.0729637559944551
-0.0262432184605201 0.0676285249747151 0.323330055117084 0.21315032348394
-0.0774131172062669 0.0409990139853823 0.170146707905142 0.323508230883937
-0.0896638927234955 -0.0331835954493653 -0.0462577616053742 0.364861626590901
-0.0419248561757229 -0.118035815309771 -0.232121959692474 0.351175332077581
0.0187765994123651 -0.153714846155038 -0.396494205920146 0.390184296313393
-0.00303505360916363 0.121543595436374 0.00823180347355991 0.383121449926433
0.0667988833500823 0.0784905884979803 0.0641248019807459 0.160327004656909
0.0716783451385083 -0.026604226656028 0.0252721656277818 0.0802082452052639
-0.0187415814325457 -0.0794031264655317 0.0316355463390393 -0.0402523796736894
-0.0519765499503525 -0.0354173160810712 -0.0660799077290927 -0.030109829887311
-0.0537013250972514 -0.0160797281836598 0.0112920554487394 0.0559864062472189
-0.0661414511906527 0.016902802660678 0.164821065458867 0.0336625047222704
-0.0773285860161294 0.0277071325782836 0.284045600006405 -0.0320770568047369
-0.0897322968300515 0.0253914547869386 0.362863499048011 -0.0445572134312732
-0.0854428562139327 -0.0192947477095349 0.395891638117571 0.0594999074260417
-0.0418026060176692 -0.0509194551488119 0.337185686104194 0.19493861603282
-0.0115105499610475 -0.0592051314055297 0.206044891594405 0.315583971837299
0.031724577354982 -0.00813837383648673 -0.00444175900024316 0.373952074014962
0.00991103005146603 0.0320821709760679 -0.196270124899406 0.364703100685531
-0.0263473184764857 0.033026933564824 -0.372509306998544 0.412395285498671
-0.0205733293893525 0.304200065125395 -0.00387324428786815 0.341356175848529
0.186638673934738 0.231275825383277 0.0679937212643582 0.185258252394385
0.237061636518866 -0.0307144925011913 0.0998002415656206 0.0767428329728792
0.039464206993449 -0.229033351603046 0.0466110588731171 -0.106255534417371
-0.110337094658985 -0.156316868724765 -0.11278577251879 -0.0617205212433999
-0.159432014049331 -0.0750274719681331 -0.0438763957288572 0.056574615695951
-0.183426574535755 0.0196232906288434 0.114936450630891 0.0471270145370142
-0.179452618015773 0.0494452987464356 0.234852559216724 -0.0222844424907321
-0.188470477969244 0.0312035717910803 0.306613212839624 -0.0523160029157096
-0.169175091806211 -0.079730724934139 0.367111696088696 0.0273048777996088
-0.069859993501252 -0.14705007766912 0.349126144527409 0.159242947904665
0.0243507155988645 -0.159624295754266 0.244115196226946 0.309218067563324
0.144096886332702 -0.0166299723953346 0.0215642400938868 0.374416309245842
0.0891762005307039 0.158476691655793 -0.17485003574166 0.328679278904484
-0.0418561693185596 0.224325065166552 -0.318688673649933 0.369016969291292
-0.0512268628014983 0.416462928080118 0.0123235769128564 0.255925238580468
0.242713379924879 0.326663837953657 0.111969967849101 0.198538003767929
0.33057773357897 -0.0226398284617224 0.202681122954737 0.018915892564601
0.0892272938100825 -0.308270364639113 0.0459355676518559 -0.220435773159799
-0.129195144386281 -0.244369504170554 -0.189195683721435 -0.115567377341532
-0.224672269272924 -0.136243877344344 -0.134241543519147 0.0468496225386154
-0.270265630746021 0.0061828723826394 0.0279153011987097 0.058501977579127
-0.255600394306975 0.0604449492535076 0.149601300139443 -0.00102311543411684
-0.259855707049046 0.0390783243017331 0.220558232700163 -0.0498378013499584
-0.236693765939785 -0.112458743434001 0.320445393525709 -0.0014163616065562
-0.109015119608533 -0.209723650429122 0.354685946863728 0.126890355468181
0.0275762658899093 -0.253620594632357 0.257501624672431 0.312912567886509
0.240834523401253 -0.0580189455532402 0.0144776985122748 0.357974901713324
0.18604158183278 0.249412715586524 -0.169233427417254 0.239627707884482
-0.0341471517933194 0.390435768835 -0.248685391334668 0.269390491576986
-0.0839051138433225 0.459282438153071 0.0745956203419569 0.14359103938078
0.2354409603679 0.365705430450066 0.201932400782342 0.14581506697576
0.348125848762536 0.00788551002542021 0.263873056160382 -0.100995600115666
0.128677813114137 -0.310421450963425 0.00393676548916792 -0.325463904243721
-0.109092203938887 -0.288710163838233 -0.261696276741443 -0.163163701346142
-0.243442663231588 -0.184989632997786 -0.226185926786403 0.0215859798318753
-0.312044321040467 -0.0140167992645927 -0.0788716430128907 0.0582186054248595
-0.292290678356209 0.0633098199022819 0.0397725566015249 0.0217358657761016
-0.296707669620541 0.049958605858758 0.122453058194729 -0.0393958013178099
-0.281176864489225 -0.116602174051871 0.26127443155046 -0.0165184112116263
-0.152629302605398 -0.238935270240768 0.336693642358736 0.113373406983075
0.00847652403416685 -0.333895304599801 0.22223676912093 0.317638539189114
0.318640612366861 -0.114594158383857 -0.0305467190825689 0.300028648529981
0.280788439031216 0.304206051139857 -0.161858864768425 0.109121547485589
-0.0106244212317312 0.503915182858293 -0.172778207258818 0.127456810405912
-0.0978834037620869 0.441068596875615 0.17103441891172 0.00768312904639492
0.192551366679855 0.35992903683156 0.280886853762149 0.0159322972020508
0.316248364244581 0.04513373783735 0.249960634222906 -0.22418279124207
0.152806060095528 -0.264322180672286 -0.0561175681569297 -0.375430838047967
-0.0701418499139497 -0.291218996303959 -0.303855608786773 -0.198228205733578
-0.221969351990348 -0.204812217658872 -0.300747295089325 -0.0170125490259388
-0.304957517962704 -0.0311244343619233 -0.190502559315634 0.0498747266827175
-0.285825614345433 0.0571668398670768 -0.0748067549029208 0.0458122237912221
-0.293563390897506 0.0549480058984646 0.0242336830621345 -0.020095557647023
-0.295976695642148 -0.104004259799267 0.189898159650575 -0.0123916977610757
-0.182574158831194 -0.248684960044041 0.277861931603783 0.11739665734915
0.00255557389254856 -0.38713602052592 0.13436949895322 0.294721389342816
0.377371251294003 -0.146367901435573 -0.0797452098469286 0.186054909062909
0.336148509814881 0.335212914224525 -0.123459012954906 -0.0274957352358747
0.0106753555612109 0.541804272832421 -0.105273515205862 -0.028978139411022
-0.085199319948977 0.370936438914295 0.269041659111391 -0.143086582776475
0.140564139999001 0.308184702560326 0.305128589249001 -0.140088228296341
0.255262349994186 0.0641382855893566 0.18812541162562 -0.301765440356484
0.148262733288634 -0.19583878544044 -0.0978468516998607 -0.37880412349453
-0.0304246813178255 -0.250375355682527 -0.315134014863561 -0.222241496272039
-0.169618798087078 -0.185183597263545 -0.356102342901719 -0.0589886986907416
-0.250384263180124 -0.037303401239902 -0.289003035524021 0.0390724385464019
-0.236710427000682 0.0427610385297784 -0.176537692832787 0.0651641424953396
-0.25258531977845 0.0494690438668357 -0.0638733072825722 0.00166122151983182
-0.269664976342051 -0.0915213993639274 0.104531835596855 0.00165686405692503
-0.1716579176302 -0.241539748721571 0.181907003546214 0.113131637354643
0.0334109447351514 -0.379071221243963 0.0378316087901415 0.220692819965736
0.386972556138024 -0.114656442558872 -0.0796853337988332 0.0489710339974774
0.314464384896638 0.334317518192289 -0.0569982172834241 -0.113338023471887
0.0162312435904563 0.483849302545021 -0.0527000975417702 -0.170735991321739
-0.0503050324562071 0.255883036110954 0.339095101109117 -0.28437646825564
0.0911745990032543 0.209906905863605 0.279388444012008 -0.271429357549692
0.170403096861229 0.0535095153005851 0.119494645908614 -0.338176784584901
0.108808498643268 -0.114962229427334 -0.125800686312587 -0.362040198676993
0.000473722468407387 -0.166300183796777 -0.315893464272722 -0.236151822820036
-0.0953961087688979 -0.129036491507185 -0.392153149112208 -0.086935380480126
-0.15866019483148 -0.0328280812498543 -0.361009196857461 0.0313824934575233
-0.15173554719045 0.0227015027407045 -0.249985745670391 0.076640753134983
-0.173140987798476 0.0304966601328328 -0.132572833373728 0.0182009609391574
-0.194374068035825 -0.0762083251735798 0.0200026345726462 0.00894615221679364
-0.110446709480311 -0.196395603227869 0.084969998408684 0.0806190361690046
0.0710955941108921 -0.277494370492138 -0.0155055412885759 0.119423235678495
0.303647389152405 -0.0366368988168229 -0.0324570584636641 -0.0461347211475785
0.212582639068243 0.26896492862368 -0.00148056341376017 -0.131003334059206
0.00926212641456321 0.328875523221582 -0.0162260577121458 -0.275767739665314
0.0158160646980932 -0.0953418097866466 -0.0324102938743576 0.35632923361794
-0.0696930821749701 -0.102753097350899 0.0466087815994249 0.149257157716487
-0.112169512040819 -0.0249184110954703 0.00190659289055661 0.064353587265277
-0.0752431890364229 0.0851413089886535 0.033916633660682 -0.0326882584290685
0.0160289305314749 0.0902945252572768 -0.0543230978552999 -0.0454222620119219
0.0583560891674533 0.0403567365831716 0.0106977800000423 0.0504283984884246
0.058145302328563 0.00973033523582957 0.167842682644369 0.051981218918742
0.0359361214663228 0.00976518615831163 0.289851525092386 0.0133565052828697
0.0187704900704108 0.0327101574168025 0.374021049062807 0.0281769020031932
-0.00509223214833214 0.0626829710381085 0.37128684265477 0.143170347468833
-0.0378179592106555 0.0599097037850038 0.273191221593046 0.267791937727132
-0.0792737530302566 0.0235882142029788 0.102102884560481 0.348096202785712
-0.0784962491636435 -0.0486259254284839 -0.116500933595954 0.348347419752236
-0.0158448471691194 -0.121829381370012 -0.292549800782198 0.299767452396174
0.0482633844895575 -0.145299953128074 -0.471870724779152 0.304480238196884
-0.029048566790685 0.111745228975216 -0.0574882097389907 0.378186101376892
0.0468013314497719 0.084435360068011 0.0400711441180617 0.170595192975761
0.0715460059482315 -0.0122774649060673 0.0193092479109324 0.0833921328703274
-0.00368555982434511 -0.0757428681264051 0.040876572800553 -0.0372939143562625
-0.0418162761124925 -0.0429512120150804 -0.0597310932218656 -0.0379661317330491
-0.0502407396576785 -0.026035148749196 0.00347599308503669 0.0575718430767561
-0.0653346569785152 0.00365445859744457 0.158110779102792 0.0612684557841471
-0.0805547636240767 0.0138073229403541 0.281663500225631 0.0178343284761205
-0.0917340028542947 0.0101143320168876 0.360288239291403 0.0198215023498211
-0.0806028640956177 -0.0332369590621823 0.370935461957148 0.128757798331535
-0.0320408193748954 -0.0589292311246868 0.290273423030967 0.247813073361775
0.00327314080304473 -0.0605195037210775 0.139977701982199 0.342897631249187
0.0361513851427581 0.000568795719133099 -0.0735850551241922 0.363362972211299
0.00585918586729421 0.0352058439449386 -0.261026156425913 0.321993724105625
-0.0331842467658899 0.0273063486084047 -0.451437536375155 0.334080244455045
-0.0783274359405891 0.282070136053552 -0.0624766304851034 0.337635067375175
0.135076147057637 0.247307123683983 0.0316112252442576 0.197968398612322
0.227750861595607 0.0128011613476669 0.089861500770915 0.0981778994294434
0.0756300633092669 -0.205102310566638 0.06960569439553 -0.0968095883133371
-0.076385853677141 -0.168975790014797 -0.0965724165064777 -0.0741876461240055
-0.141183171787273 -0.10126268647193 -0.0482748383276631 0.0476830250917627
-0.180233954366236 -0.0114599504282056 0.106107402243838 0.0648237124908711
-0.184487933551809 0.0173859523848493 0.232132946679043 0.0192593041635119
-0.188283666543519 -0.00233396346596245 0.305755201106529 0.00327297297417997
-0.152255325146496 -0.107438099610542 0.348964785203755 0.0902556474015578
-0.042300530086918 -0.158036251027469 0.308716525685268 0.211941671919003
0.0567119425828117 -0.150597265239453 0.180429014600318 0.341096928104125
0.147987138707932 0.0157116596240299 -0.0445964683644084 0.369662121209606
0.058281265045823 0.174030322365878 -0.236022052484101 0.29211989099981
-0.0869263103717169 0.20866628276323 -0.388305531686521 0.302229719395378
-0.128213699972133 0.382502729422332 -0.0335414385074653 0.25847891181882
0.173633799942812 0.348016600531867 0.0672018782577696 0.220171314041515
0.315567111437005 0.0388190703999627 0.198170242712851 0.0639529615701765
0.136883156224828 -0.270148037842185 0.0894686750314039 -0.204838795344763
-0.0782274379837876 -0.256836361292585 -0.160304622024505 -0.13844293152555
-0.193468766050027 -0.17166599262604 -0.132993585992937 0.0213454444164337
-0.262108371179265 -0.0377650410613298 0.0181130659826669 0.0592295488377742
-0.261093197976893 0.0157916363354064 0.146305977096478 0.0237931228232382
-0.259495913802062 -0.00781528777322806 0.222022225704602 -0.00946776497317605
-0.212797796345542 -0.151195980181288 0.308228185411084 0.0538980942559729
-0.0680460144870602 -0.22710296515503 0.319146808865921 0.180396537435173
0.0784446667122545 -0.239187535340378 0.192977009436122 0.343821570227334
0.250932937868194 -0.00379470076728802 -0.04642088265656 0.348119426646216
0.134497128211102 0.280485418324749 -0.214572465137718 0.20745257425911
-0.110684894745465 0.370034577667991 -0.298410380040144 0.217610968120556
-0.165405245980751 0.418227033808424 0.0446189288804933 0.160160782442445
0.160417485975999 0.386202018485015 0.161175091229453 0.182735343988505
0.329759498086498 0.0733857332495915 0.276822295587156 -0.0395431784950036
0.176757746183436 -0.266323751260321 0.0675070590233297 -0.312370500245875
-0.0515382594428502 -0.296702001563511 -0.221403120561315 -0.196249412384793
-0.203494123917248 -0.220898044892878 -0.217015445760258 -0.0191588350222089
-0.299904353702148 -0.0635248498894005 -0.0880175278544709 0.0399701428506255
-0.297567576101852 0.0116025267827342 0.0360479497736906 0.0280245492018743
-0.296036704956836 -0.00464299686538281 0.124393901886169 -0.0162502481562838
-0.25464942304791 -0.162712403098545 0.252243674730825 0.0277371890084757
-0.105037446353359 -0.263823844976066 0.30137883520737 0.161443222533878
0.076650452731146 -0.318397526515007 0.157295802420853 0.338899528113553
0.337061943044631 -0.0429102521420097 -0.0775760876789731 0.281419206281035
0.212835897397681 0.3506747517247 -0.18260823530299 0.0817099366866312
-0.109077563101623 0.483370952502314 -0.195033338227359 0.0913817884063246
-0.176792709843133 0.400896400140603 0.160682484779596 0.0443630289991394
0.122753026404264 0.376686145572696 0.258523970185072 0.0694635533132946
0.295936564138071 0.103835043338146 0.283097380412289 -0.161122473007022
0.193779668435102 -0.219076327619446 0.0184882145149829 -0.370458849565445
-0.0143509038503486 -0.293045849394673 -0.256578893838362 -0.238059551122429
-0.17961345122943 -0.235267643074677 -0.283475246018747 -0.0696630421534443
-0.290681240620693 -0.0775926321947648 -0.196899055077346 0.0120183556380589
-0.289741541096643 0.00575439033241821 -0.0792151158131874 0.0311470600216482
-0.293890883026767 0.00112400861392545 0.0254556253475992 -0.0148691874600065
-0.269831816208447 -0.154727510575847 0.181788589879695 0.0184130009176866
-0.13081044203669 -0.277992807455403 0.242574172451596 0.153442372656576
0.0796045618137405 -0.369246114070367 0.0772526979559829 0.299059009441487
0.397346610224705 -0.0614551795555314 -0.103179148881705 0.15986249128061
0.259431112826416 0.389678171228456 -0.121324316686237 -0.0446532265575421
-0.0964159764097972 0.524646518613781 -0.096582596057 -0.0501501435812373
-0.151694398312373 0.340305001206289 0.281664311025622 -0.085758830192968
0.0834353202712265 0.321338704105822 0.31076538464306 -0.0786800181617719
0.236185964266699 0.109693820320953 0.2365459982547 -0.249151067013087
0.177126294509982 -0.157153112335753 -0.0237778558709626 -0.379816433756947
0.0164119144580871 -0.246575838572742 -0.26467677916032 -0.264607766865968
-0.131315729087265 -0.208360637894311 -0.331999002517376 -0.120389918403305
-0.235766067262675 -0.0747740768644802 -0.29186500976123 -0.0154648935155728
-0.239317927568631 0.000372012434092461 -0.181785564670086 0.0322072069520586
-0.252975878228208 0.00256319214931031 -0.0632879172475442 -0.00954103186887922
-0.245580557591917 -0.137442302790754 0.0970066547252615 0.016861690532221
-0.120862162402799 -0.268340443440767 0.151396553306645 0.131942213792955
0.104770115419657 -0.354341122059972 -0.0016139774864568 0.208672394462682
0.399332117192236 -0.0285316969579125 -0.0795288731956344 0.027437205502362
0.238832485315087 0.38177127132053 -0.0414565104875102 -0.117495169780709
-0.0792686728181083 0.47043290485585 -0.0169135516166705 -0.180560773550452
-0.0949298880171879 0.23768343966689 0.373908099798973 -0.212495058632133
0.0539223700228248 0.219914238805735 0.310733351298304 -0.209666859341426
0.157877466082281 0.0845524915753371 0.17728753896922 -0.298669861031584
0.125988383329311 -0.0877268035121551 -0.0550786125526002 -0.369559687138984
0.0323503070272137 -0.159729814077618 -0.264021847965861 -0.279600912826942
-0.0682516926519072 -0.141336738548495 -0.364367780495198 -0.153705966765208
-0.148076927312268 -0.0551834172856247 -0.360906219647982 -0.033053086562453
-0.152032670286896 -0.00539115146717281 -0.254825916309227 0.0301801340869835
-0.172063841964797 -0.00169700944852903 -0.133210139836909 -0.0054880949095414
-0.174692685407126 -0.109255461665383 0.0149981865901882 0.00814607020426644
-0.0700926478111782 -0.211553560035216 0.0659325484139394 0.0846430293175621
0.120605696810274 -0.249114487572914 -0.033701812772028 0.105292007956189
0.300775889641968 0.0260611319841299 -0.0195045540636884 -0.0544017785914806
0.152918186036796 0.297854411130578 0.0150708008141452 -0.127269812045043
-0.0553656848574664 0.319544366593784 0.0386310579420853 -0.278882210535433
0.0122008960306028 -0.0927766287366614 -0.0188997924215502 0.352817630566108
-0.0723531740596711 -0.0964890065532514 0.0573268756530751 0.146827922839764
-0.109720707343383 -0.0191698190502871 0.010914334900488 0.0615671680783128
-0.0689852112873882 0.0856000240964227 0.0324375017137704 -0.0356209407390272
0.0189761490582297 0.0877032556544839 -0.0574041518532533 -0.039293932405676
0.0582217738899862 0.036737935875313 0.0137988261301435 0.0500546697610866
0.0580221390761923 0.00611530590276352 0.168657668408206 0.0419374028876412
0.0360154547360691 0.00770058545332024 0.285069337767875 0.000402565186520823
0.0208238459483763 0.0318838307129129 0.367746653071494 0.0108869031599823
-0.00090667735982547 0.0631685870361483 0.37029569294273 0.125127884583794
-0.0345188265148139 0.0601553954706544 0.278318140790347 0.251489003325076
-0.0768652712195698 0.0263908460582248 0.111827182602319 0.334376278187701
-0.0775885727212898 -0.0445336446611851 -0.104161668800363 0.342288787825
-0.0199256277492503 -0.120381986180012 -0.275987980846115 0.298342572741642
0.0409143868521024 -0.142006430323591 -0.447818917544535 0.305473586908768
-0.0247158441352426 0.110065528946128 -0.0433589312049053 0.374666161406496
0.0472770515961986 0.0804742634507353 0.0515721867073248 0.166894832725691
0.0683163609507831 -0.0131041473027352 0.0296632214210805 0.0805929034377906
-0.00563590025820805 -0.0729650008401436 0.039749004511282 -0.0396268273140217
-0.0418744006350827 -0.0404483010885071 -0.0614196112123528 -0.0326019606093222
-0.0501087325359569 -0.023987559292644 0.00659191498102758 0.0580609636380591
-0.0632997746475985 0.00596053804887546 0.159838760387887 0.0523059100086272
-0.0773598463297179 0.0167828388827346 0.277260643498322 0.00546579556429493
-0.088629071500044 0.0151877946110918 0.353536643914542 0.00493922550047528
-0.0798744423052178 -0.0279033928949237 0.369366298903728 0.109535195846696
-0.0348642959966523 -0.0575524027445194 0.294770718818576 0.233485707903851
-0.000205725768591207 -0.0604027425016245 0.149367318572737 0.328836266996126
0.0371747912428404 -0.000449572032427022 -0.0613365195849097 0.355512820758407
0.00745469439763226 0.0338568908831969 -0.245102670442092 0.317968072066936
-0.0339228513940817 0.028344674564725 -0.427273162446292 0.333650274739162
-0.0681707681845162 0.276521097960403 -0.0482077621749453 0.332945575781542
0.139764615198004 0.23628503872297 0.0427675159621459 0.192713239519441
0.221184762253292 0.00767596585323935 0.0993037626452488 0.0931506563846471
0.067264938156685 -0.201946935567848 0.0665892846015753 -0.098249553128523
-0.0807770863066317 -0.162637111653897 -0.0972327767538997 -0.0680167264649212
-0.143445436672249 -0.0944446019963734 -0.0446774229490001 0.0503291004826471
-0.176253994956269 -0.00434129142090369 0.108499942225392 0.0582808485845588
-0.179395595706887 0.0246557857387207 0.228599058470397 0.00866435642234359
-0.183778737209824 0.00703672741702334 0.299676259530721 -0.00791353603627314
-0.154873611214923 -0.0972447522195451 0.346139597693538 0.0738918850125691
-0.0498814486695969 -0.155624851374752 0.311435982227117 0.197747654761702
0.048791526370571 -0.150737957518749 0.188527554274421 0.324954045886359
0.148175790082279 0.00999297824533177 -0.0336569584450995 0.359773952292166
0.0642609903013985 0.167966878913226 -0.220381206462664 0.287809060356597
-0.0798038875821162 0.20595645830926 -0.366768891061519 0.302373436919515
-0.114384644917474 0.375850737760222 -0.0240413714719169 0.254779075557473
0.179490898114046 0.333023901280728 0.0772393377717283 0.212759991903891
0.308220350455947 0.0304940505363744 0.202533705039001 0.0556970645366137
0.124770319364424 -0.267437550561987 0.0820578198393466 -0.204273496746759
-0.0862132249338529 -0.248590781148054 -0.159556149981148 -0.128428805180178
-0.198356587209786 -0.16127034183913 -0.128105763651568 0.0278923737344973
-0.258122429393105 -0.0252467562189315 0.0217053688839152 0.0570526647033639
-0.254766365687584 0.0260121134264632 0.144799038561272 0.0168614756065975
-0.253762813223114 0.00471823753467946 0.217294615543378 -0.0165229139463676
-0.216602403517598 -0.138970753893947 0.304404054250373 0.0393513931261548
-0.0776299425150122 -0.223204335141681 0.318800831410874 0.16503058450462
0.0669978999990051 -0.238174632319333 0.201076987022184 0.326553219005422
0.247584690162328 -0.0124025458065233 -0.0369678257736683 0.338866054521613
0.142116331352315 0.270064206470976 -0.203738840187515 0.205765194318396
-0.0986635908625153 0.362967953819558 -0.281242135399736 0.218131810184957
-0.150608264854018 0.411403979490969 0.0483120400780285 0.156917733812063
0.168193504026372 0.372297740916159 0.166637496039849 0.174862257403327
0.324457875428339 0.063179881352268 0.275859644526475 -0.0477274049139226
0.163837315569843 -0.264882054591456 0.0573684469855197 -0.307144504609868
-0.0627192229496963 -0.28903726743266 -0.220466591444088 -0.18467089122011
-0.210463250084404 -0.208954976555587 -0.212607628929147 -0.00907343323015797
-0.297130280063723 -0.0494238033474749 -0.0835991724012133 0.0425904418642786
-0.291184596913717 0.0229813090782532 0.0369834556075399 0.0247820676918122
-0.290185734841719 0.00943277604778661 0.121607261623274 -0.0188153926756113
-0.25834907897347 -0.149061292661274 0.248612408753033 0.0158556267645904
-0.114281177785236 -0.25818063629139 0.301060083783921 0.146867489120741
0.061608570738675 -0.314639293605445 0.167168554824046 0.323110225601543
0.329345647629146 -0.051908781049768 -0.0696909041230145 0.2735610492494
0.220092709045744 0.336990117465578 -0.177531122477275 0.0814782097323504
-0.0942023210019666 0.473907126931798 -0.184518036838104 0.0924298026069699
-0.162401379479135 0.396396204188109 0.158019316379953 0.0402831127205301
0.132758156487725 0.364573678561396 0.258431767027137 0.0608006015976751
0.294049138798589 0.0939750906150113 0.277285233022687 -0.165625304318224
0.181892420953017 -0.222015956816387 0.00801213494885888 -0.361553548956846
-0.0273148096828557 -0.287632312018099 -0.255619903968737 -0.224297497703401
-0.188363229199582 -0.224976674516698 -0.280780523114315 -0.0570500472000032
-0.288026196390399 -0.0626158067724259 -0.191453792776107 0.0207515917596951
-0.283485066939541 0.0174177248744824 -0.0761497661009863 0.032720281990117
-0.287739172190683 0.0135530893578849 0.024384891017962 -0.0137658109934025
-0.272300761514445 -0.140907875189607 0.179507776367543 0.00886690939430096
-0.139430101958422 -0.269946076573209 0.244071606150026 0.140333031684824
0.0637285049837667 -0.362454467042156 0.0885302674864015 0.28686928391148
0.386701656649792 -0.0735904130245598 -0.0987747024928036 0.156858976121427
0.265966965297523 0.369926861800422 -0.122619236863458 -0.0427673651160031
-0.0772851451653837 0.510997562169087 -0.0954164937340042 -0.0481449678811049
-0.139833297665165 0.335422623062589 0.272438053402462 -0.0898008984133656
0.0922128932694124 0.310620316855565 0.303451793281761 -0.0844057066222949
0.235479152572913 0.100627380897826 0.228373980003908 -0.250189885032556
0.168199640518762 -0.160316804265748 -0.0329911252555777 -0.36998378257403
0.0033575513470774 -0.242824937230272 -0.265418808703312 -0.250938759382654
-0.13955893092786 -0.199690893975321 -0.330343835898438 -0.104141699631204
-0.234839333294491 -0.0630646344680657 -0.287043658432115 -0.00139215177222013
-0.234587167828327 0.00909735461033724 -0.175972194018071 0.0387780252292225
-0.246411900202802 0.0124711540975012 -0.0626013237882519 -0.00532861007553385
-0.247390198272761 -0.125277071521027 0.0953432951798501 0.0101734857747407
-0.128255175627046 -0.259329893484201 0.153550782755894 0.121396646737451
0.0886471991838626 -0.348055988298487 0.00911075441723912 0.202659906968292
0.386125470748501 -0.0432793768233841 -0.080917616592133 0.028164114282687
0.245538385436653 0.363251474503893 -0.0488634803478152 -0.115719365380562
-0.0629547936767602 0.45857890448658 -0.0221895234475342 -0.177221712785066
-0.0873321017231036 0.235235706435975 0.357685561299233 -0.21492948967514
0.0607883607404776 0.212704055582853 0.298228997899682 -0.211404967171382
0.157608891069768 0.077577586043269 0.167667100968946 -0.296810984888715
0.120226195879397 -0.0909177344572906 -0.0633372276751734 -0.357035954767262
0.0221160943938885 -0.159409868809405 -0.264960202928469 -0.264508876804281
-0.0745658614670274 -0.136136147804361 -0.363987698508699 -0.136016039823941
-0.147447936074691 -0.0472818617310118 -0.354292898322931 -0.0162282689761599
-0.149847619626925 0.000162277670671375 -0.248259712708213 0.0390286820984328
-0.167729921564429 0.00456373884119304 -0.130742817814126 0.000971839096575658
-0.176256937764661 -0.099885783316802 0.0149735147743133 0.00563573972930526
-0.076976110928759 -0.20383172579729 0.0682936960514953 0.0775031970032836
0.106045360171902 -0.246859666627024 -0.0264520429976222 0.10392657500343
0.293343178899064 0.0132883098667546 -0.0269850336632334 -0.0531673248135534
0.159590643909252 0.283325644881315 0.00490896964981169 -0.127424186674352
-0.0430598084501789 0.310793201025215 0.0269339970058587 -0.274969187256551
0.0096981340644026 -0.0897800796538471 -0.0106798309669188 0.347415848094884
-0.0740399164179122 -0.0911722522652057 0.0658883392857752 0.142973703505594
-0.106044684377155 -0.0149192735116746 0.0180165454126257 0.0586365542938052
-0.0641676965231915 0.0852147783226249 0.0311610257423305 -0.0384285801469191
0.0209354721337885 0.0846312815050461 -0.0593563269469944 -0.0332652376198401
0.0576594403395207 0.0346452185070658 0.0154113871989496 0.0512054772701802
0.0576051104965599 0.00427372298979594 0.16778935704757 0.0341513746936914
0.0358773480492126 0.00595224489148384 0.27999115022756 -0.00985467651620448
0.0223074289458037 0.0308012356642574 0.358607431869836 -0.000137424477396339
0.00191972605799475 0.0626599683330843 0.363816768332225 0.111067876144675
-0.0317941664000872 0.0591347819765844 0.277997978728308 0.239164166771462
-0.0745209085278828 0.0281076324195643 0.116087339164246 0.321724675708307
-0.0755324287140684 -0.041604698060598 -0.0963386521101406 0.334837838163276
-0.0226706097883521 -0.119053923422027 -0.263662202450109 0.292424815533411
0.0361737785413876 -0.136572132016675 -0.426930686502543 0.3015250566168
-0.0224634689667831 0.107227344213376 -0.0327666822624624 0.366985908958617
0.0468782951056687 0.077752293095126 0.0593861872013402 0.161480775076137
0.0657651613326233 -0.0121330622731962 0.0376225544309531 0.0766923487691963
-0.00715958892436819 -0.0696876433294407 0.0381190521894796 -0.042029279202698
-0.0418788776109359 -0.0385018677223457 -0.0622414231035241 -0.0275568315923585
-0.0507303606631749 -0.0225175934419232 0.00883539491136786 0.0586888041959512
-0.0616514339781686 0.00755074030218129 0.159589089385261 0.0443478604897382
-0.0753051613088878 0.0186540667350117 0.272519774312795 -0.00364919201308895
-0.0851885890382642 0.018636019242452 0.345605690621358 -0.00540260752456568
-0.0793990890964121 -0.0233089998585067 0.364729392408629 0.0958246829975902
-0.0370076328850697 -0.0566592857835136 0.29414976853863 0.221287833264438
-0.00232427472907399 -0.0587671507650863 0.152625907189031 0.314199173968155
0.0379613949921226 -0.00190707642217338 -0.0543463652580325 0.34754364195434
0.00802295243362536 0.0317148882695539 -0.231899547178179 0.311661089118687
-0.0343444349630721 0.0293944304654486 -0.404715034114586 0.329309690976432
-0.0616977065011796 0.269701632816909 -0.0390045112534359 0.325091155543499
0.1396964879281 0.226583394362826 0.0508683937102034 0.18713108429828
0.214780290261845 0.00484129479136253 0.10543997038088 0.0878018444963346
0.0606413010674451 -0.196041918327607 0.063295937330089 -0.0992716774457272
-0.0824594554585882 -0.156909032562464 -0.0964469816831266 -0.0621126723554298
-0.143613960557325 -0.0885964124380585 -0.0417182791462822 0.0524446768694174
-0.172139436459785 0.000958963120632759 0.109685538237779 0.0529171488747358
-0.174499469888299 0.0290142677651206 0.224360414777425 0.000975498574282096
-0.17890015204323 0.0132983949186691 0.29312820846088 -0.0156524818094628
-0.156101506177409 -0.0896567158295171 0.341045271664604 0.0614772903130082
-0.0551813876259488 -0.152845856238787 0.310431550037728 0.186178560466204
0.0425650497566806 -0.149209083126439 0.191015550564231 0.309873335439961
0.146936698249929 0.00546600381523447 -0.0277288916178171 0.349528013357094
0.0676678052564411 0.162801827078715 -0.209147507227467 0.281000178004666
-0.0763261778999483 0.202738233902297 -0.348258845156267 0.296942106415392
-0.104389425822555 0.367112685728925 -0.0179810343308755 0.248614136507675
0.179351116825177 0.319634015952218 0.0834284239251216 0.205493818708304
0.299855828220612 0.0260193320589085 0.205161542781416 0.0496516121295811
0.116144627841144 -0.262234146517514 0.0758424441329525 -0.201346632133787
-0.0903027853815089 -0.241371814424116 -0.157642811502797 -0.120776838155017
-0.19964655771972 -0.153009884984919 -0.124014971500218 0.0323093308997476
-0.253458940765535 -0.0182850060165925 0.0246093391392787 0.0546624590688717
-0.248039201962016 0.0331147269079891 0.14206924863295 0.0120059001503838
-0.247949218060373 0.0136911395110967 0.212620000474674 -0.0208620581113909
-0.218131342024419 -0.12781092241694 0.29877792963012 0.0291050624573293
-0.0855019116148498 -0.217976944762698 0.316198312628696 0.153703694038759
0.0573110772486351 -0.235094297338712 0.203981310370454 0.310984409424391
0.243907417899748 -0.0172854685011001 -0.031207405710706 0.328558091465153
0.145298152450898 0.261261643759509 -0.194249067060012 0.200847481305195
-0.0910433895033284 0.355704671468738 -0.266915770948926 0.213417600290043
-0.139993475173972 0.402680693923406 0.0507285607062924 0.152380633352108
0.170774136535656 0.358385254020394 0.16924027938216 0.167015744937318
0.31789126318944 0.0575841864452117 0.27363581856478 -0.0527660693446749
0.154657427090776 -0.262045928891598 0.0499591470182023 -0.301054386404336
-0.069491004816192 -0.281584297871786 -0.217395258935414 -0.174804000604416
-0.214164798292607 -0.199250297360773 -0.207530258727832 -0.00104655726911675
-0.291983051424406 -0.0388924554518606 -0.0789738975225225 0.0448684415112389
-0.284185829187858 0.0306409006089718 0.0373211901733716 0.022732826655576
-0.281773820816492 0.0177016208636772 0.118315807374857 -0.0200019218157232
-0.259576667941312 -0.13728366182293 0.244250036354145 0.00697188303528552
-0.120393614129147 -0.251670128467912 0.298562872133405 0.135166023254668
0.0520257761829123 -0.307688688555872 0.173251483080646 0.307635302454638
0.321671377537193 -0.0565904185554348 -0.0649863365169849 0.265622438662113
0.221838511465455 0.322983198983186 -0.172914227192937 0.0796453425234051
-0.0831303230138744 0.459381386894221 -0.176167235112377 0.0907643944810427
-0.153379279400049 0.388531264480834 0.155070291783334 0.038177416905221
0.136250546281215 0.352468667358379 0.255027376849919 0.0550475482862087
0.289482812057104 0.0869701034337555 0.271365821651873 -0.168020489441938
0.172828815835548 -0.220524100919251 0.00235054441444854 -0.353154069849621
-0.0363255021915874 -0.280965893056391 -0.253205459433342 -0.21352819162147
-0.192838989695443 -0.214488335161707 -0.275325277096424 -0.0473690474519673
-0.283543817018535 -0.0523330105329937 -0.18510722497159 0.0271432133267195
-0.277274320595723 0.0250036447839941 -0.0729840111211436 0.0341861429681991
-0.279833081837774 0.0219951368306139 0.0240815852463591 -0.0119296223737905
-0.272055235092024 -0.129400662982082 0.175056015961466 0.00191580116772334
-0.144772030171441 -0.262950548628831 0.242382217449877 0.129207971313815
0.0521815188509148 -0.354139348061208 0.0953743409924819 0.274939181153909
0.376025565075651 -0.078099691279689 -0.0967452093377841 0.152722975988338
0.265170301446707 0.354745735913066 -0.12272989211278 -0.041930848819393
-0.0669545297135726 0.495828554169027 -0.092257259564781 -0.0471410011956698
-0.132349658658639 0.327877272368251 0.262428998065776 -0.090548998063528
0.0975181925100347 0.300471134224067 0.296070643061176 -0.0869947421009354
0.232737424412938 0.0939136440265503 0.221933930244759 -0.248745431285093
0.160564003598441 -0.161294663116181 -0.0393567210044403 -0.359423246647398
-0.00613389473271533 -0.23817081485056 -0.261956934224328 -0.239741735171238
-0.144967569668877 -0.191925201544114 -0.326217740900919 -0.0920135993140563
-0.231477663440278 -0.0536345792743732 -0.279306753081647 0.00855519583213475
-0.230048151308839 0.0154225173103731 -0.17062721977862 0.042244430144815
-0.239824459876864 0.0190915439399029 -0.0607071929074278 -0.0024876719469957
-0.24634825104991 -0.115398346247988 0.0935754317790835 0.00534686079583625
-0.132186947145271 -0.251441339604603 0.15412169247809 0.112542429185818
0.0754054517871312 -0.337740723009149 0.0164964781099798 0.195198074331319
0.374292501584396 -0.0502447034583302 -0.0826483787682597 0.0274085920249949
0.246088187378225 0.346975844447184 -0.0538438944737968 -0.113587430127002
-0.0522464712854266 0.444864903779725 -0.0255892825614609 -0.173531249388092
-0.0824769625725522 0.229874200257145 0.343549768538566 -0.212949498187889
0.0636575035703972 0.205754304269817 0.288223423156123 -0.209322331664214
0.155610375577263 0.0719307466206592 0.161203819690017 -0.293138181291383
0.115334129796043 -0.0924468725605458 -0.0677622571535727 -0.347372854533338
0.0148422868342804 -0.156640949460258 -0.263588085317548 -0.253759906053987
-0.0783336402542049 -0.131631383462496 -0.360021274424263 -0.12252621474365
-0.144800862777333 -0.0433147648488186 -0.346262197966478 -0.00325131734676253
-0.146846499444858 0.00391163531887106 -0.242130236407362 0.0453518856704585
-0.162621831210159 0.00830007316755466 -0.128090038160332 0.00478528606019626
-0.175605241710712 -0.0923073518668736 0.0140049923965026 0.00280731700459944
-0.0808495683404485 -0.197689930910828 0.0696844978963354 0.0724065884163382
0.09502733761319 -0.240847016408114 -0.0200142465477808 0.101592829139819
0.284384377643968 0.0062296097332564 -0.033147832996602 -0.0516563453715144
0.16077233797896 0.269822642268989 -0.00354222636706454 -0.12559929737091
-0.0355511820472326 0.300882696703788 0.019487418153203 -0.26878532305182
0.00815896514427326 -0.0880161199513224 -0.00563245652619051 0.34340828395462
-0.0743533572916549 -0.0866859297906946 0.0723552297159821 0.139966450250185
-0.103008081926358 -0.0121870095540094 0.0246683691121535 0.0559843561007839
-0.0614907860383611 0.0843845555557169 0.0307754902275562 -0.0400745115275732
0.0214668490696787 0.0832347209644226 -0.0600919209284179 -0.0277141400091435
0.0565114717531654 0.0337976327037835 0.0170265226409557 0.0516952438224726
0.0560634041868875 0.00247815044011278 0.166784080443663 0.0285298912897543
0.0355214880741259 0.00529933777870386 0.275534170749256 -0.0152672447637829
0.0232607517672122 0.0304933244980626 0.353134394973776 -0.0070370327304808
0.00450737238229374 0.0629404328404667 0.359992282696591 0.102842953755729
-0.030826370159345 0.0586647722679332 0.276458560769236 0.231510229500663
-0.0734934841673406 0.0289370301247744 0.116381459574764 0.312883735734162
-0.0736201646799498 -0.0403589920762196 -0.0929131821648034 0.329524078071993
-0.0241715067821179 -0.118400346738538 -0.25623606318368 0.284463155302865
0.0334403686842273 -0.132194071440639 -0.415486356782749 0.292870428132576
-0.0215862743293693 0.105053997161048 -0.0282553378038896 0.361213433944816
0.0454614075410821 0.076286558859529 0.0657593045932802 0.158402975484182
0.0645252978715624 -0.0103474694925288 0.0441215018561381 0.0739234447666136
-0.00705154058353341 -0.0674234074518794 0.0376750026604681 -0.0436240487656132
-0.0410191650763465 -0.0375243640889608 -0.062313261530211 -0.0229211863883942
-0.0512326861406506 -0.0209012615454816 0.0107530854982032 0.0599892575515998
-0.0609697592147807 0.00782671049423865 0.159164520630782 0.0396711051460226
-0.0738170992114555 0.0198272679732079 0.268926928823254 -0.00984231298917144
-0.083217326791521 0.0202188192520065 0.341127284795472 -0.010418920542744
-0.078613371639614 -0.0211861041137366 0.360982405145424 0.0878086447244853
-0.0392719322141862 -0.0560486649467575 0.293347421053322 0.214124595359951
-0.00426593303000869 -0.058127297485424 0.152909660503364 0.305073069714586
0.0397428147463327 -0.00288067592889806 -0.0531417506584866 0.340614855017304
0.00883807099157652 0.0302624209889208 -0.224701429337973 0.303285212890973
-0.034823512252623 0.0308716390827756 -0.393855441170139 0.32174051108209
-0.0594067969779874 0.265177635291798 -0.0358068002513075 0.320700136394082
0.137996089987312 0.22047806110196 0.0558686918234523 0.182844364983702
0.210284352200752 0.00484240403264574 0.111163303755894 0.0835985198055
0.0576985923894551 -0.191284792245304 0.0618928166937371 -0.0993111439578668
-0.0825206545364093 -0.153754375488743 -0.0954141697327758 -0.0578456021558715
-0.144023787340707 -0.0856492082771343 -0.0390860780450725 0.0548901519480922
-0.17016215040465 0.00356568031214106 0.110145520253286 0.0495156632440345
-0.171713663844656 0.0318337027980313 0.221981208977393 -0.00378300850765212
-0.175460308840378 0.0173194476780375 0.288795723395273 -0.0191976280653444
-0.155902017779914 -0.0842965211174332 0.337021248350221 0.0540214563502658
-0.0594139495524421 -0.151305085091458 0.308651387905166 0.179203659427592
0.0385261549866919 -0.147436128014266 0.191372362780002 0.299499733461216
0.147205387918531 0.00362599182421456 -0.027142577808172 0.342545199724361
0.0683688113754419 0.159402791337355 -0.204051174470298 0.274132787691657
-0.0758566465694757 0.199341165458739 -0.33631340941118 0.28911416458796
-0.101463025062018 0.360241619547231 -0.0150514828182003 0.244225836042924
0.177917921988129 0.311371629507138 0.0866432636184336 0.200549864598696
0.293718025742871 0.0262633531238866 0.208124611656723 0.0454958485883218
0.111552257331739 -0.256502977669163 0.0732513125423479 -0.199652834279961
-0.0924790956115299 -0.236880526179125 -0.154769932588292 -0.115999987523703
-0.201250723483733 -0.148386052643301 -0.120520771307693 0.036646713922318
-0.251049020551968 -0.0134128280294582 0.0268916419574174 0.0535181546877679
-0.244771841249943 0.037427378221535 0.141173554164747 0.00830859617965446
-0.243695203253437 0.0186689153654646 0.210936500983937 -0.0228416020383574
-0.218881897767269 -0.121376383653234 0.295639413396541 0.0222005637513967
-0.0904439084605875 -0.216150129288562 0.314314806318611 0.147256825146337
0.0519773597949568 -0.232169330764455 0.204306879680736 0.300185472459777
0.242060880049057 -0.0198340240504375 -0.0313443721734911 0.321579568177583
0.145664962920148 0.256179988306594 -0.190358384228093 0.195088692204186
-0.0896003901341297 0.348235134050968 -0.258257440462394 0.206884043994459
-0.137101631842276 0.395032323401214 0.0506299099261807 0.149712763488999
0.17025915088086 0.350471379243342 0.169880044756832 0.161903321731856
0.312549120413661 0.0573955178264282 0.274166946957526 -0.0552614438478515
0.150399267739793 -0.258404505969014 0.047006459051942 -0.297120606707392
-0.0737273993934029 -0.277515952997639 -0.21350983163452 -0.168966532148307
-0.216651394360411 -0.193637974776749 -0.20304810671308 0.00355753447159815
-0.289460077186384 -0.0334886188969924 -0.0760275943246148 0.046694576156154
-0.279723563032188 0.0357851205270441 0.0376194194717857 0.0210938891673394
-0.277582422610068 0.0233831966200434 0.118497013754367 -0.0195444537161683
-0.259912777226414 -0.129996736865395 0.240039269491183 0.000999875781149414
-0.124282967890481 -0.248662891916817 0.296052844064869 0.128698877090249
0.045954904350821 -0.30315365834433 0.174434236370398 0.297072341938377
0.317691856526009 -0.058264258568974 -0.0651074454559187 0.258835446891085
0.220802913231875 0.317448244716162 -0.170492887033338 0.0765570590098717
-0.0809899845601071 0.449358403725717 -0.171012187779812 0.0875431438417311
-0.15009918446282 0.380214431116858 0.152093987153149 0.0368154843589882
0.135677977681205 0.345118583991944 0.252887159915549 0.0526505581269648
0.285601543877 0.0849034976150081 0.269877931080436 -0.168409241533175
0.168368465910946 -0.218759322476112 -0.000355829904958691 -0.346160968045343
-0.0413061559979188 -0.276614787940906 -0.248733644819285 -0.207878268996261
-0.196956571777408 -0.208999480531024 -0.271663053510321 -0.0405877824734159
-0.282064521954751 -0.0461593322389671 -0.181065913356184 0.0310654383614004
-0.27414931052807 0.0293655874702438 -0.0710911145386483 0.0345956555528097
-0.274745320173287 0.0266996902025041 0.0247634418954497 -0.0108221967029221
-0.272013015344059 -0.123001777674571 0.171593651766644 -0.00361259814754331
-0.147803747284238 -0.258842699687515 0.24096949256967 0.122449715054055
0.0463165232094442 -0.345548043224488 0.0991017655732335 0.265074577894553
0.368795484815915 -0.0783841918415863 -0.0968770161708344 0.148623242088245
0.263724412853225 0.34556297169664 -0.123824376421808 -0.0421448868130844
-0.0640480974316088 0.48370424750218 -0.0902364681697911 -0.0470819351014886
-0.12981007380092 0.322561000559979 0.257470131914683 -0.0884594038831786
0.0992158706814384 0.294171904466975 0.29225909598601 -0.0869730583124583
0.23032499059551 0.0913023692880542 0.219088296867003 -0.24710488190237
0.156385154246809 -0.161432367348151 -0.0402045976986469 -0.352521762341225
-0.0116382210994412 -0.235326731065922 -0.258504178568065 -0.233686250864752
-0.148750212602577 -0.186863325086396 -0.322451656985183 -0.0846653103653134
-0.230307974736678 -0.0488122034480875 -0.274255367129526 0.0155023606350028
-0.227213299315383 0.0186112079269639 -0.166873030393708 0.0445618793509049
-0.23524314705085 0.0227830047631234 -0.0599582042484684 -0.000201652408210194
-0.24525751288449 -0.109867530349488 0.0916520324702433 0.00062709411972354
-0.134020298267536 -0.247000297082067 0.153717454410594 0.106455087402263
0.0694810702626262 -0.331353284860313 0.0211805846033413 0.18869816475608
0.365528767848906 -0.052055287744049 -0.0854922398418053 0.0265068281147249
0.243847088888778 0.337669815291557 -0.0580816909003439 -0.112937684189459
-0.0481797025486419 0.432302413122092 -0.0268154075308971 -0.171157970985988
-0.0813580623888554 0.225980579158787 0.335905767267403 -0.209104484616238
0.0642586177496905 0.200964671386765 0.283450827816849 -0.206777955821418
0.153982982064494 0.0690949215520942 0.158601728527069 -0.289805189550964
0.112322667950215 -0.0929172788386913 -0.0686219119062077 -0.340263675104955
0.0098968729466856 -0.154695705922485 -0.261010880993967 -0.24742498489827
-0.0814460826795934 -0.128996848820225 -0.357448074490407 -0.113357627445964
-0.144048291867261 -0.0393748308118027 -0.339538136072505 0.00438524811425701
-0.145056642117048 0.00560561726014517 -0.237674525830179 0.0493711386291403
-0.159223577490166 0.0107033101883206 -0.125925291669637 0.00714838920894865
-0.174831099097444 -0.0882929018904697 0.0128760122023884 7.21183135491512E-05
-0.0822387072750648 -0.193099317870237 0.070423550368821 0.067849742859978
0.0888820774141188 -0.235690156984771 -0.0167605234468435 0.0979556359766347
0.277987148181486 0.00301749585286265 -0.0380205202393741 -0.0509798314288911
0.161078319181531 0.260628819892086 -0.0103738891196406 -0.124225129276288
-0.033133097677938 0.292834416898511 0.0159624656405223 -0.264504365062148
0.00754126018892419 -0.0871943222969139 -0.00287789813438581 0.345735510932701
-0.0747373418666604 -0.0839265646099105 0.0791868546288271 0.13954121817621
-0.100687387250131 -0.0103365113969862 0.0310664723916694 0.0541933871921476
-0.0595603353803508 0.0852079603220458 0.0306366114281296 -0.0424875847511359
0.0226975233242464 0.0838234792335363 -0.0613440782924328 -0.0219121561213059
0.0572518901360564 0.0341867891821715 0.0191244547537436 0.0535844703105416
0.0564112830749093 0.000956781597380297 0.167304352607161 0.0237060006617669
0.0355620081500822 0.00473908219764964 0.27664913892782 -0.0205901592939587
0.0246554324406429 0.0308016551796562 0.354196377157219 -0.0121548071398563
0.00730627350433422 0.0631836515346748 0.36193580500565 0.0989613421175783
-0.0300560100606632 0.0595174625412025 0.279467594924556 0.228742331186678
-0.0735960039319783 0.0303944802318015 0.11627393276075 0.310246077293992
-0.0732647406703119 -0.0407349351322929 -0.0934447181088116 0.329302414561091
-0.0259265185574744 -0.120058431359718 -0.255403846867891 0.282932356936268
0.0330414173054932 -0.129446232627442 -0.414085387860129 0.287763514498104
-0.0226715367424113 0.105284536515267 -0.0256412087005684 0.361521322534121
0.0452514276909911 0.0766157318974158 0.0716497536520389 0.157410440616083
0.0651832897636571 -0.00916532484149822 0.0513836116575222 0.0715248974265692
-0.00648174689091329 -0.0666132212939042 0.0381843328658068 -0.046370295804339
-0.0415147467703136 -0.0372010827214575 -0.062760886952697 -0.0195586117401106
-0.0522760598023995 -0.0200303854411636 0.0133435307211955 0.0626397540680685
-0.0613338699078336 0.00893787254234466 0.160795142842143 0.0362668277842228
-0.0737950908994591 0.0208219617408287 0.270889044223046 -0.0146300072666009
-0.0823016952832421 0.0220340918400515 0.342809714805909 -0.0148479466197836
-0.0791343450307183 -0.0191893579307101 0.362630295490956 0.0825321978943108
-0.0412660670702101 -0.0566358508197576 0.296928352381407 0.2116593159747
-0.0053142820213103 -0.0578244052316581 0.154872030889953 0.301216341192512
0.041711226941896 -0.00382357688470094 -0.0525964080822886 0.340310747944058
0.00875854636495248 0.0299169707123307 -0.223277788122082 0.301108684127728
-0.0363629178177802 0.0330331963639214 -0.392066736151629 0.316578550185844
-0.0600478243531569 0.264437624730608 -0.0330708818695634 0.321138457472586
0.137597877998353 0.219521075409478 0.0598017084090153 0.181464892895941
0.209785049252452 0.00640911209481909 0.118145765950117 0.0819908828956361
0.0573619362856645 -0.190043696733899 0.0613334766374822 -0.100632809084004
-0.0842959682465474 -0.153007818029885 -0.0954901258770072 -0.0545010475800658
-0.147200520192901 -0.0841273162538267 -0.0369734552400103 0.0583954590426455
-0.171255107941321 0.00596913745218607 0.112816464555101 0.0472222104717732
-0.17208589292228 0.0344262985885568 0.222949782549318 -0.00824047602876085
-0.175228937865499 0.0210087455530963 0.291902268207769 -0.0232975685263942
-0.157777851328723 -0.0814343451640635 0.33888551128553 0.049505217673308
-0.0642516711617678 -0.151919146141722 0.312592545764249 0.176860388219981
0.0360171444902941 -0.148031691118441 0.193038082378603 0.295686804957668
0.150871970210159 0.00156868336555124 -0.0276784785743467 0.341567167589529
0.0697692649745511 0.15950243442535 -0.203251334021385 0.271246132983661
-0.0776873239094158 0.201020147192611 -0.333279346749417 0.286261625962524
-0.101454532274811 0.359837845799979 -0.0141371360724395 0.244412544010738
0.178860307582622 0.309571693186588 0.0901552168016322 0.199818863112934
0.29382656659218 0.0272951313237313 0.214263558031961 0.0432554962355277
0.110663471248125 -0.255545258333909 0.07265611894579 -0.200920579385295
-0.0949232184352885 -0.236565515341668 -0.154117867268639 -0.11335099159698
-0.205544011326697 -0.146161858053819 -0.118150686146815 0.0412087318727926
-0.252895550245522 -0.00840255541926478 0.0287974861902989 0.053404178452975
-0.245024025413177 0.0411781433684204 0.142134904388398 0.00472764982269105
-0.243635155560579 0.0232236582921221 0.212968205802053 -0.0246233651002412
-0.22234862602654 -0.11815226044005 0.296475139802065 0.0175236636385143
-0.0960923129919853 -0.217008289999624 0.318318210886252 0.14440132364069
0.0499129000553555 -0.232687710540459 0.20647648036714 0.295343192707455
0.245359668907146 -0.0210724315630491 -0.0325387673716713 0.320117005958123
0.148109245423563 0.255403018343056 -0.190950150157605 0.192433667924516
-0.0912620957133774 0.347841517057786 -0.25594326472041 0.204350471633519
-0.137691978805242 0.394103357897572 0.0510473418569759 0.149983213249442
0.169870678375079 0.350509241845274 0.172077760797686 0.160604382797075
0.313446807034969 0.0588706149348432 0.278093169509011 -0.0576763521934249
0.149245778955882 -0.258549750476904 0.0453163911875043 -0.296709035335935
-0.0772907507598456 -0.278115827435992 -0.212150213561021 -0.167025349408445
-0.222085047270724 -0.191676785753989 -0.202340774558986 0.0090070181765519
-0.292320195420175 -0.0287866219049732 -0.074040485774846 0.0476640780162802
-0.281148400022323 0.0397789538308148 0.0384945279670337 0.0201246405120685
-0.277621237910797 0.0279083240604446 0.119910326798662 -0.0206071595685419
-0.264042677782104 -0.126922647124998 0.240238326929698 -0.00352174080058597
-0.130184924214492 -0.250473127690038 0.299073211272905 0.125010812639878
0.0434153491296979 -0.30290747387378 0.176471989112507 0.291627266836953
0.319687007249007 -0.059630067536784 -0.0673573760783231 0.257341212961958
0.22207333375372 0.316389256136913 -0.172054369529658 0.0743809570359269
-0.0825173543249692 0.448073881375017 -0.16849472450734 0.0851908872202156
-0.150428882617456 0.381711596433525 0.151720845644098 0.0376721329320034
0.137954405194136 0.344907206864347 0.255608028267707 0.0505341107409639
0.287797252549822 0.0855978544301567 0.273079479542335 -0.170547440069082
0.167798655175792 -0.220640823774878 -0.00189422119957746 -0.345951177115663
-0.0463552649364432 -0.27788393608844 -0.248650723158082 -0.206771814495817
-0.202809412402737 -0.207171430025675 -0.272108692484339 -0.035607664465381
-0.284213035789632 -0.042160258860328 -0.179810235840227 0.0346725886886033
-0.275451702664699 0.0333851658924365 -0.0708714100976289 0.034656850448848
-0.274962763406613 0.0306156247945486 0.0250899671367943 -0.0101147677026786
-0.275462393069014 -0.119657122774798 0.170872977580271 -0.00743378734670323
-0.152299586121748 -0.260099696993156 0.242237185820406 0.11906520858215
0.0439176873468145 -0.345334790093892 0.101590847271663 0.261138915160296
0.368698248783099 -0.0796610349077023 -0.100879226532164 0.147253132417234
0.265777764098629 0.344474768832262 -0.127071320588948 -0.0436880459564459
-0.0648200369982189 0.480625037336899 -0.0892008864844096 -0.0481371008761477
-0.130123386202098 0.323406460735258 0.256409767169725 -0.0871599334757265
0.099546712064787 0.293979475152535 0.293273022441193 -0.0877305642123928
0.233236896135019 0.0909158944448377 0.221596920702443 -0.24941740936206
0.155969548974385 -0.162671843527996 -0.0413521231765227 -0.35147134980896
-0.0171293893292242 -0.235724987783321 -0.258617657544742 -0.232876982793896
-0.154312422099133 -0.18550901406787 -0.324073499952644 -0.0788646703511492
-0.232513490929738 -0.0451274582525729 -0.273663045101277 0.0205859396707623
-0.228307464226243 0.0216161010920724 -0.167606658047581 0.0471250937569215
-0.235010063417844 0.0253200441019802 -0.0594194554120775 0.00111502339773059
-0.247652480256335 -0.107222559518416 0.090117211691648 -0.00268287985831451
-0.13734459929165 -0.24696180680956 0.155753672683674 0.102545867075553
0.0658173826265168 -0.328958160911592 0.0239592717822422 0.185838548863704
0.363872990795373 -0.0526778994841703 -0.0901754878584894 0.026162446882699
0.244965771917893 0.334924980439973 -0.0629746977649285 -0.113900761040033
-0.0487672201186712 0.428918033048755 -0.0274129413230782 -0.171689201478405
-0.081711168595582 0.226354053702519 0.333455368952542 -0.207080150229187
0.0646101244347505 0.200711599804675 0.284538780067624 -0.206321050380726
0.155008115157481 0.0690424199922981 0.159680607672374 -0.291211781611921
0.112464858384854 -0.0944801067299883 -0.0691611940584352 -0.338934730648911
0.00559504392193774 -0.155748171919948 -0.261887122519806 -0.24674416749315
-0.0849204507747229 -0.129320469885512 -0.359350023326538 -0.107718237891785
-0.14608575188484 -0.0374664271062236 -0.339718821562588 0.0111272472165202
-0.146857967202498 0.00707940546512593 -0.238120334030227 0.0525244318281042
-0.15956356418464 0.012272707488641 -0.126735269706845 0.00946903788621891
-0.175735262246259 -0.0866106334632913 0.0112225840130259 -0.00288953418581907
-0.0835342394726756 -0.193044102610035 0.0713532739411598 0.0649890459746197
0.0850744024274563 -0.234381540436108 -0.0136720667268441 0.0967867987306196
0.276848320681167 0.000253173118955341 -0.0444369380737969 -0.0498707473930088
0.161542755688101 0.257503887068225 -0.0164326545377446 -0.124755966314876
-0.0327919480884027 0.290325578333295 0.0145305781473374 -0.265111669293738
-0.0423452187139508 -0.0743560746519218 0.206829914042482 0.277797572316496
-0.10585710601625 -0.0227328257345193 0.147879353225437 0.0597103275359653
-0.0849714353482666 0.0501062992497779 0.0579434948269731 0.02344060471512
0.00265898699738237 0.100333027947884 -0.000295719942955806 -0.0501400858905509
0.0682664016997794 0.0536454507811256 -0.0576355270882944 0.0238145356685779
0.0669090070511508 -0.00721540444989515 0.0535978379839605 0.0323987204428218
0.0446325033336078 -0.0347262396793751 0.149301269986144 -0.0894839567344931
0.0317922262383958 -0.0192073271433627 0.207310749698161 -0.191831488344527
0.0423949960752486 0.00742163462709036 0.274703682871196 -0.233870578968216
0.0477940712594905 0.0451075168187814 0.353962166055591 -0.147705260559027
0.0163256886914255 0.0672547078673928 0.367422775460725 0.00601532613560075
-0.0375042689565352 0.0709021518057469 0.286569744979814 0.176046035073
-0.0838113603624417 0.0159651001033475 0.133765740857357 0.32276762998553
-0.0998386468279105 -0.0770558149288165 -0.0218977985938459 0.386346689262811
-0.058879117028814 -0.122712160454891 -0.15056540729232 0.50226060580882
0.0432585619278485 0.102067763139397 0.211488339437841 0.304676574526471
0.0807425350689528 0.0356021569534579 0.159524029065424 0.0798534486954822
0.0491326101537359 -0.0449200230737828 0.0900359511282697 0.0189886640782528
-0.0420054899481032 -0.048998307172216 -0.000602667429095875 -0.0633923717011392
-0.0546387581853091 -0.00522685243896387 -0.0596692944438289 0.0263625192596697
-0.0541169874207024 0.0161801721333877 0.0508887684489877 0.0432201561268024
-0.0440798323168125 0.0436826326417956 0.150907982053827 -0.0735761683101123
-0.0455514638968099 0.0627412306211802 0.206081209074207 -0.183192643362011
-0.0500068022728071 0.0684470449302256 0.264130600179104 -0.230600190668437
-0.0744007058300892 0.033490317294009 0.343063152729155 -0.161466056587989
-0.0684038593226692 -0.0203888914674744 0.37024075990571 -0.0169618067595786
-0.0373908227426424 -0.0445232299384763 0.310598960291679 0.145801219355531
0.0367458756765949 -0.0286552686105135 0.171622849424099 0.306194000995181
0.0264132182411952 0.0233963607599544 0.010635190846994 0.382799343709922
-0.0124556652062646 0.0588002903972099 -0.117867276199984 0.501133016356686
0.102580578059206 0.25387578536304 0.189155737098205 0.277610392923281
0.235976503295705 0.0950460168997738 0.171156060040159 0.10743635484731
0.174972409921693 -0.11702502832091 0.153581568830988 -0.018859814398281
-0.0628590169841223 -0.183481643242897 -0.0183806648115939 -0.127903075364154
-0.15810570841407 -0.0722270934671541 -0.111104501659952 0.0164751549507659
-0.16879185588862 0.0227090774622309 0.00508790655665748 0.0698449538698429
-0.132238548358485 0.10971708837576 0.119050468910592 -0.0321354740759325
-0.115746144688294 0.13598343135107 0.173222350083205 -0.148865273969252
-0.126362178705992 0.126905609980268 0.219933645516006 -0.205631244175755
-0.178663214082731 0.0340633741745452 0.304710221793301 -0.17465155704261
-0.149246799560273 -0.0834167544164501 0.360409762107279 -0.0542757038575835
-0.0599880271725892 -0.145347104379376 0.336944682524394 0.116310196597849
0.132107242481459 -0.0948304933702149 0.190561894614225 0.29189203092309
0.161946189294242 0.0906419032805272 0.00422558300931203 0.348014072629027
0.0614609254486549 0.224245629501469 -0.0979071276917243 0.435556539381651
0.121493461878142 0.356567761921987 0.163984400063165 0.206697060750534
0.320006602354891 0.143273994285959 0.208884141653379 0.105877552139958
0.256161006004367 -0.149635279779422 0.209433687346274 -0.110138217397084
-0.0584900197330393 -0.266860236078602 -0.0716473658686367 -0.218386514784263
-0.216431450211179 -0.132066057081784 -0.196029998146791 0.00455883200043363
-0.253291545595359 0.0096062980941486 -0.0731723161569525 0.105326661824885
-0.205662333901516 0.148859778195444 0.0547056116482356 0.0274468524326241
-0.170669089967818 0.187831217680108 0.11696236005279 -0.0873839594643436
-0.181288152553449 0.172459262120939 0.157093794570762 -0.157794063584203
-0.254784283851553 0.0460362777527086 0.250208780250223 -0.173650232484271
-0.217756049453206 -0.117390607462244 0.343720892156341 -0.0825484608599033
-0.101813595175628 -0.223804780869394 0.347986714346494 0.108531869949506
0.197155985371221 -0.175061002241933 0.170776001192807 0.277626646540928
0.287850677117468 0.119874627562073 -0.0399254321149791 0.280247457599378
0.143784867761501 0.354383971622497 -0.0924413146214552 0.31341710389953
0.111849181129263 0.405197293935801 0.160388716876424 0.0932449610055954
0.33679882208535 0.180562316529249 0.251917286300376 0.0266566649430485
0.29025756994001 -0.137488752583817 0.201843465965694 -0.229777282316563
-0.0308968668901147 -0.292504583521791 -0.15116051979095 -0.280614801117066
-0.227000598699819 -0.175228477505792 -0.276307445476795 -0.00440289392695945
-0.294606175218022 -0.0155891430585947 -0.160886020611591 0.13109757790618
-0.247488677602471 0.159019724230593 -0.0314658483524738 0.0892379316330687
-0.201309086645226 0.20982507228937 0.0434633981890943 -0.00998548697715833
-0.206788418314149 0.198113123859839 0.084797048160943 -0.0956891712497378
-0.295048474246414 0.0642536905438047 0.191087705360115 -0.154662687223203
-0.266923275102526 -0.123067401040802 0.316492195080465 -0.0847004525778625
-0.149484626047587 -0.277642850153673 0.322701987095643 0.124336761419989
0.234799290428546 -0.253310773218716 0.102145095189688 0.251200133101262
0.385546032783377 0.121045511407708 -0.10259675565318 0.178092665062297
0.21582466508339 0.429658825505555 -0.101613112592704 0.159147158573146
0.0924757772568133 0.400264351346002 0.17142016902514 -0.0559902331085041
0.307781941883006 0.195852343170762 0.250479337610566 -0.110858600280217
0.286076461526615 -0.103078955674062 0.129431852908122 -0.316282885136244
0.0045905396075083 -0.27372074699755 -0.217310703925583 -0.290564177531462
-0.203338280357162 -0.19223091302012 -0.329188188508373 -0.0152106474075166
-0.289006062388504 -0.0396618641805203 -0.24453151433725 0.138759622085344
-0.24959170475908 0.143984786806831 -0.124846119261636 0.146240344416605
-0.200253930608482 0.201188242935199 -0.0344930831893415 0.0707580094255527
-0.203692760594314 0.198480015573555 0.0155704172408146 -0.0280427329581776
-0.300121194421747 0.0776255623567639 0.131895094046854 -0.114735467938496
-0.288840660761159 -0.118213890724459 0.266436075524375 -0.0548582079591105
-0.175740405805623 -0.310687790608 0.243975809049154 0.146394052574309
0.261261790192061 -0.30144174865154 0.00545092826918888 0.184765901641058
0.436415337113354 0.114915590885224 -0.1423146281718 0.0565877291863843
0.251933928321618 0.44091137761844 -0.123449893116746 0.00104155381137425
0.0765583564775646 0.341612450520499 0.175952864223802 -0.219861017786574
0.248852924380886 0.175549492993408 0.192451820399304 -0.244923744157216
0.242330311209735 -0.0664002032008436 0.0388758369294341 -0.345181545601653
0.0277547081047685 -0.220705342060827 -0.251085245600022 -0.269577531114178
-0.155118451035731 -0.175328462310375 -0.353328119129983 -0.0292076648274183
-0.236860594566212 -0.0515800473085908 -0.312209926097007 0.136148737103981
-0.210047121959318 0.110272661155916 -0.209308520691524 0.193303281326943
-0.170196824434098 0.162400817516807 -0.104744668251298 0.141748865264883
-0.174946028561037 0.168757433523877 -0.0462396268811586 0.0359596204622525
-0.269327325788844 0.0698747199294001 0.0695772460473755 -0.0597194220195194
-0.268488547910014 -0.116868113601702 0.187002619817809 -0.0144867655607696
-0.147982843632475 -0.309480355467303 0.135282389623305 0.134809950130195
0.271183658555615 -0.276215877849367 -0.0631837458072309 0.0826691953152151
0.411356428014858 0.117914968223472 -0.13548863489025 -0.0402578698424254
0.232937959278835 0.385567041465856 -0.15015540233398 -0.136077679313813
0.0614354410155226 0.232296831273783 0.15795496825606 -0.364921326570361
0.165572819915889 0.120977159863293 0.109605729467848 -0.335222754295085
0.165099619515585 -0.0385956868653301 -0.0396891535046005 -0.339263280703728
0.0322854040604938 -0.140418267961367 -0.264164092199753 -0.239455008929253
-0.0892259528873596 -0.124852716079696 -0.363256287424554 -0.0389290604057456
-0.147348854250753 -0.0491686317565657 -0.35703836871467 0.136595646171173
-0.136778559617836 0.0621249567158311 -0.266910392564849 0.226073136585343
-0.114856188552083 0.0990161386791451 -0.157626188672156 0.191923252028636
-0.12281879252671 0.10980913555426 -0.094293868570697 0.0853005002476765
-0.197694122978597 0.0405515379318599 0.00585606616629734 -0.00994950825456416
-0.189753311505458 -0.105704175438255 0.0956453361379577 0.00717644018415375
-0.0741208675245919 -0.243304400900379 0.048914622229967 0.0863059450845144
0.230260372547337 -0.177173729275101 -0.07491697485443 -0.00647575270497354
0.29521022660146 0.105286505204416 -0.104253484107269 -0.0804694317742352
0.158584889294921 0.258933313036994 -0.172188003350708 -0.234331222001315
-0.0459856321368825 -0.0732052169166025 0.223585106672494 0.275156046039728
-0.107421867992905 -0.0180083408318733 0.155617141925333 0.0506197480449228
-0.0832027143360554 0.0532761447874669 0.0622499813116249 0.0165479626331587
0.00727513809912365 0.101471211399751 -0.00253046159702523 -0.052380330463406
0.0733569485121283 0.0515014431535109 -0.0543385514955851 0.0300721845291614
0.0693267844777258 -0.00976780862997443 0.0592147679007728 0.0310626869881982
0.0434342052470074 -0.037118673212458 0.14617425698693 -0.0993574919314832
0.0324459744245602 -0.0212222298984446 0.200948558177498 -0.207430548036938
0.0443243136961099 0.00488307253172995 0.269182599464242 -0.254342786182381
0.0524766785616235 0.0424684866847377 0.354419602419109 -0.16818634565663
0.0193995245457395 0.0681051488555988 0.37558116946082 -0.00975557302921539
-0.0340236025047008 0.0749434058708053 0.29724358670147 0.167664443632768
-0.0848639688105572 0.0185956529809647 0.148022889737533 0.325623359015247
-0.107156365695452 -0.0744339174575559 -0.00961555031096221 0.392371519899258
-0.0622891313220928 -0.121457548171578 -0.137829872863 0.513596498956502
0.047570190501868 0.10238284109083 0.227696039954374 0.302382983014985
0.0837328358052025 0.0333336759523434 0.167778332883535 0.0715485262261466
0.0496291194563888 -0.0483264741566656 0.0958118661830281 0.00981671085819198
-0.0437009255693778 -0.048506416278782 -0.00324343820244122 -0.0666433552931434
-0.0552653084078595 -0.00287521866667489 -0.0565862503052339 0.0317118039453377
-0.0545216604322931 0.0197424500206915 0.0573169292874746 0.0425684462350841
-0.0426919236889087 0.0474459823495616 0.150377851632392 -0.0829023095406862
-0.0427633844149672 0.0676670309440105 0.200135045310018 -0.19854335159316
-0.0460942849180641 0.0728123462067082 0.25949811726576 -0.2504481708439
-0.0734020563091906 0.0374489046384661 0.344391771250793 -0.181892757962105
-0.0722566291132582 -0.0159201772586142 0.378635636465208 -0.0351013191875928
-0.0400301034227303 -0.0434533649712193 0.321043413454693 0.134839453269968
0.0366130417931854 -0.0333210353283152 0.185436442104077 0.307490313548276
0.0271898172019256 0.0226247172825086 0.0230333972327905 0.386917426483905
-0.0092855140736624 0.0627632984817365 -0.106285641488261 0.513157191406761
0.113972286415973 0.256029138007797 0.203697973474721 0.27505382631
0.243594151220439 0.0877599551171069 0.17923566431094 0.100802981122864
0.175266713615616 -0.126227920151246 0.159243525416623 -0.0303488587297061
-0.0704090384014477 -0.184611488889626 -0.0234763493449429 -0.131082200177172
-0.16394139191195 -0.0669644932271558 -0.109967522767269 0.0217842965432605
-0.17183769825233 0.0328188313977511 0.0123400300405835 0.0719859439601021
-0.129179272179564 0.119705818501391 0.120335232121565 -0.0391445188106165
-0.11078091872631 0.146593318425361 0.168557640866158 -0.161911207360186
-0.121132553415001 0.136682694794213 0.215605905983105 -0.223352429944794
-0.180688427806676 0.0441572280537007 0.301359059472682 -0.193212129226618
-0.158797855984163 -0.0772695537728938 0.367288759652013 -0.0729679476198226
-0.0684471945796167 -0.14554729901103 0.346529346534184 0.103860437414857
0.131700722052654 -0.104886119998209 0.203980925752014 0.291095940863548
0.168904853188384 0.0857037846617718 0.0151043086552192 0.352500761931247
0.0714637051278623 0.229652840012171 -0.0869981464301553 0.443047704537408
0.136681802419729 0.359365646395922 0.173885220934802 0.204919910225962
0.330995776981582 0.133660698296829 0.217296089729597 0.0986715351067084
0.258043374569118 -0.162116048233119 0.213289086499688 -0.125897573981963
-0.0692786055981449 -0.269917295828831 -0.0817118264061056 -0.220566841248915
-0.227681232075926 -0.125677041252971 -0.19768851477579 0.0113963149319352
-0.26027268141563 0.0233810256888986 -0.0657126760722057 0.111471204838707
-0.202125417432478 0.163351357345431 0.0588581245069391 0.0240376486054869
-0.164409883506017 0.202059430446729 0.114108940784675 -0.0960664118807219
-0.175134560645193 0.186504327195781 0.153716369487152 -0.170722924127945
-0.258509213247566 0.0607698699483252 0.246142310386612 -0.189684390326118
-0.231163575157467 -0.108639482680114 0.348158124571585 -0.101069443401164
-0.11421431882199 -0.223270680828365 0.357222419975171 0.0939424862000929
0.195710754058211 -0.189957238494238 0.182655057711823 0.278351009657393
0.299005125506177 0.111108136102608 -0.0328833883532207 0.286045339704519
0.159357715362567 0.35915523052017 -0.0840123883968101 0.319666143983729
0.127544163814221 0.410277386206545 0.165297515589709 0.0901508475712966
0.349822661742635 0.171452969087912 0.257447505117925 0.0173066004298753
0.294676242701626 -0.15118183989209 0.199645101085375 -0.24684241261463
-0.0421104570622753 -0.297830562631017 -0.164702688909529 -0.280914105800732
-0.24158179061016 -0.168433251274668 -0.28115673712064 0.00440939393933526
-0.30406548676514 -4.09118689518131E-05 -0.156233571316721 0.141512726958008
-0.244272383823733 0.175975846567028 -0.0261640822967597 0.0922955194146896
-0.194645501290195 0.225729734989245 0.0430666196533221 -0.0128082546933366
-0.200590839266111 0.213574696973389 0.0830836057260145 -0.103596091225018
-0.299046743665263 0.0813034353825146 0.185766921924549 -0.167198222567725
-0.281104819931999 -0.113697376970978 0.31946711126586 -0.10294365954495
-0.164282048368823 -0.276548331537338 0.331050937076527 0.110503495748193
0.231118384084756 -0.270482903317868 0.110684311647782 0.253665270830121
0.399142446287535 0.108233137601681 -0.100918202126555 0.183932355397153
0.233327364470458 0.431996706861346 -0.0987570336486455 0.162831492779954
0.108754567255227 0.407266262868316 0.172606860694566 -0.062413080461303
0.321744068985077 0.188028300079995 0.250251755774493 -0.12249718371002
0.289822994237532 -0.11624978373425 0.122227227697522 -0.33126806862569
-0.00609797445108302 -0.280745131242688 -0.232928573689635 -0.288521356271874
-0.219324187799498 -0.186301037440153 -0.335455194938181 -0.00447462766699713
-0.299733046027955 -0.0244785228803292 -0.240945399544354 0.153712939514105
-0.247352114931031 0.161130330389838 -0.118819660450211 0.154647799263077
-0.195078162421557 0.217721522691433 -0.0318336537437305 0.0738419177049026
-0.198122694333466 0.213463391258081 0.0151275761477778 -0.0305688750247774
-0.304495147598952 0.0944318523106095 0.126732779542396 -0.123004835112052
-0.304154059642968 -0.10811449383081 0.268574908938156 -0.0706449828944897
-0.191486713020202 -0.30904213935862 0.251746290680675 0.136384756446881
0.255706799170807 -0.318778305964733 0.00926052724271652 0.190678010442591
0.450598121136138 0.100434318567253 -0.146532355419645 0.0630109008584528
0.270632085680016 0.442372431838612 -0.127297698145879 0.00261492803425903
0.0895352457779825 0.34623912543903 0.170820033549015 -0.229440668998329
0.261468246417559 0.169660452003199 0.186874691744463 -0.256357532011552
0.247082903186032 -0.0778698994361428 0.0272899125203311 -0.355941606767923
0.0178990126776962 -0.227824813903221 -0.26497568535059 -0.265061483899425
-0.169627477993017 -0.170949056806427 -0.362614358146265 -0.0178375576937935
-0.247208579770158 -0.0390585037183287 -0.312342873699052 0.155164157900239
-0.209283224681352 0.124316184377865 -0.201751046210641 0.208265680996223
-0.167118386728744 0.176692394214071 -0.100245339336461 0.15016329974276
-0.170594550434713 0.180743831606499 -0.0451405375528257 0.0382638486786139
-0.273261325797009 0.0844245819628093 0.0649351806752371 -0.0641900088834931
-0.281227388091682 -0.108037159900278 0.188894082410965 -0.0254491151450445
-0.162850485491667 -0.30729315757013 0.141096071498367 0.128643142454149
0.265838294966265 -0.292954598633608 -0.0642165460151507 0.0902545242406351
0.423982493259928 0.102922236938825 -0.143607329020759 -0.0342488825680434
0.250044417175239 0.384800035910646 -0.159795088254724 -0.134572222581107
0.0706589801225184 0.235243952337203 0.147353345072504 -0.375289746951764
0.174287193886447 0.117375143228837 0.0990973643851364 -0.345142658876858
0.168154207643136 -0.0464264492958859 -0.0532867640807282 -0.346529374403787
0.0262064534179423 -0.145980311496206 -0.277593100418565 -0.233505359689585
-0.0987670317108297 -0.121857291833708 -0.3732257997603 -0.0258793312723613
-0.154850853536657 -0.0422616064468142 -0.357565081917234 0.157672499399486
-0.136548933329684 0.0713707586510848 -0.260010720053395 0.244714964428734
-0.112783706479956 0.10782532367317 -0.151386333311898 0.204377267038565
-0.119712831664467 0.117739243510459 -0.0940022148210439 0.091921505517025
-0.200303279358904 0.0513611973427127 0.00213036588300302 -0.0103574877456244
-0.199089267706376 -0.100002581310587 0.0971400827747105 0.000280537298843313
-0.0855414951383187 -0.242182587083537 0.052407934210281 0.0836462092831285
0.226931507852541 -0.190551966340554 -0.0803025074544754 0.000927700269092872
0.302331739783872 0.0952925869749184 -0.112327794156536 -0.0751786482179576
0.168115011368074 0.257881826648207 -0.186227154981444 -0.232549506021693
-0.0503191709864352 -0.0700384558679595 0.241933975662072 0.262359128457574
-0.107718289499055 -0.0108909050630834 0.160426576962474 0.0387350530282332
-0.0789557435168909 0.0568616202348057 0.0662446545447233 0.00872380484092382
0.0139729783235754 0.100379154089057 -0.00613732476593096 -0.0553339838675468
0.078032708986446 0.0468143357800502 -0.048914315274728 0.0350224901694332
0.069735478730148 -0.0146802948509734 0.0650654070761532 0.027691773957631
0.0413980284129271 -0.0407187261817894 0.138546542575149 -0.109889303058601
0.0313489192089586 -0.0229694273036316 0.186626459995749 -0.223267484433085
0.0462351981600371 0.00161718386651723 0.251948271938155 -0.274713945895679
0.0572141405456665 0.0378436343498037 0.345161003307922 -0.193417748384526
0.0241214078882221 0.0671978804875409 0.375829755421083 -0.0332996537448122
-0.0287304428367746 0.0766701239227541 0.305477118633075 0.151295370995571
-0.0844693732258159 0.0224692778118016 0.168076074388484 0.318379488603621
-0.113592610168219 -0.0678949079148613 0.0102854317363686 0.390377677935553
-0.0665793197904846 -0.117105494039644 -0.113983880335455 0.520536420802303
0.053699629836413 0.101068761639558 0.246015653312647 0.288843208905989
0.0853885377549955 0.0293129808470362 0.172810080227023 0.059349247140549
0.0481343734768897 -0.0519497677483867 0.0985406287307356 -0.000932374479682769
-0.04630248635208 -0.0462629728382334 -0.00752658103372462 -0.0685633575845432
-0.0550510757188757 0.000251572486489782 -0.0523762592043545 0.0359380925742036
-0.0529621500159022 0.0244002191194158 0.0635187577780937 0.0384770895537515
-0.0393018923076921 0.0514245090086017 0.144874371628462 -0.093989829907859
-0.0370994242746011 0.071451026847791 0.186302473414222 -0.214675550659988
-0.0399536017190466 0.0762764543672481 0.242642502452065 -0.270961383669801
-0.0710127907054699 0.0424444516367924 0.332202501278305 -0.20743156373863
-0.0742640820830164 -0.0102182961417438 0.377591938455202 -0.0597057395618098
-0.0431547553587326 -0.0408259757543253 0.325866334023712 0.115749515973972
0.034059730333617 -0.0376750259360363 0.203988088161714 0.298364873714706
0.0278105662015126 0.0213408170959697 0.0422389630264478 0.38315616046078
-0.00330718043366792 0.0656138931469586 -0.0807645528402797 0.517377071391957
0.128407952036197 0.250645001565224 0.219209476257024 0.263823464916595
0.2478452666166 0.0746277626943523 0.184963608393659 0.0893646885969319
0.169171323615853 -0.136624977448623 0.160406870216513 -0.0456568339930917
-0.0806363138754232 -0.180609882904987 -0.0312667854573863 -0.131591719600912
-0.168521964303081 -0.0572105733940394 -0.106130644299393 0.0284978361672841
-0.171263167869375 0.0455413588894277 0.0207068544999424 0.0710709878007218
-0.12035317724384 0.129900483314344 0.119192635532108 -0.0484104750214789
-0.100114566236579 0.155791246052394 0.156610654788568 -0.175280111506779
-0.110736936848391 0.146052623998594 0.200952812918522 -0.240549802866581
-0.178787171561897 0.0570107287587119 0.289038055958283 -0.213974523511147
-0.166149294059276 -0.0653861802279421 0.365077369442525 -0.0979229934092973
-0.0785394502434944 -0.141463805362545 0.349842627297614 0.0823490284502816
0.125964838307821 -0.115489222039759 0.220742707760469 0.280704884448558
0.175017182920538 0.076199542173658 0.0325089364550494 0.349455759678038
0.0854437475108572 0.229936202319163 -0.0654413859940312 0.445843436276125
0.157151225817452 0.354128461089642 0.184463825030626 0.19497162053983
0.338070238038862 0.116192596672302 0.222654127320123 0.0862378779758086
0.250456887519011 -0.177242639362485 0.209023272385677 -0.144047205357129
-0.084501583538115 -0.267130140054603 -0.0939524191453199 -0.2173419523089
-0.236715136231012 -0.111099742934465 -0.195957417718469 0.0225472776165118
-0.261124692461482 0.0426374904684272 -0.0553980508471735 0.116049866724646
-0.189926760587933 0.179303725559871 0.0628350400726361 0.0195051887985864
-0.15041272309785 0.215634117840784 0.10715148213158 -0.104969037063457
-0.161029407191399 0.198919599005879 0.142215831679144 -0.183674537347022
-0.255974134228204 0.0797259958651578 0.23276527884531 -0.206763859036243
-0.24164139309999 -0.092548851317058 0.344165351685407 -0.125341750242953
-0.128693351045328 -0.216901777146407 0.360069866465392 0.0704209191737737
0.185743147194123 -0.205296513308452 0.196636289477985 0.269689597138148
0.307451601245345 0.0946490516715289 -0.0199193479523949 0.28630464155975
0.179802912068493 0.354471252280122 -0.0682640258081577 0.322075299209021
0.150819478240649 0.404955281039351 0.16970436033511 0.0820944542598794
0.360670429686393 0.152610173648914 0.258151556513901 0.00343637480854396
0.287693406765368 -0.168469894330305 0.187987132667519 -0.263738936270753
-0.0595558006715628 -0.297564898724901 -0.180592729756656 -0.272915186019599
-0.255073507425927 -0.153413244067619 -0.280374418753842 0.0210423853820517
-0.307509987373181 0.0226843793207369 -0.143964236525272 0.152052716075469
-0.232227313681939 0.195196114795995 -0.0174566512718677 0.093715274421623
-0.178319210465017 0.242251348914382 0.0414457960918541 -0.0159287905460745
-0.185020529879276 0.228533699471588 0.076446942274963 -0.111152993321752
-0.296666063063592 0.103031829504224 0.173800579496703 -0.179764913798698
-0.292730033165137 -0.0948416074427624 0.313808348357831 -0.125077241325154
-0.181967983955135 -0.266527457188591 0.334697536914833 0.0881004423422619
0.217193394516488 -0.287526045361356 0.122845840990956 0.249233595758523
0.408060206249868 0.0854263736411225 -0.0945189158781859 0.189156569915363
0.257991706564969 0.423261406764087 -0.0931776366142241 0.165847969940219
0.131482578433551 0.403213099010774 0.168333176484633 -0.0705064439271531
0.334546855932925 0.170850973617038 0.242901944089632 -0.135601447704707
0.286472982727137 -0.134360938425331 0.105773036032074 -0.342244163197738
-0.0241490357762651 -0.282660012855108 -0.248620879124979 -0.276101151365528
-0.233718431785437 -0.171390146700631 -0.336910634175009 0.0147957307565064
-0.305334500648184 -0.00188607585523114 -0.230684203501456 0.170674103277497
-0.236323365281797 0.179663548456637 -0.106373141920507 0.163208791420145
-0.179994224081068 0.23338977288852 -0.0274733524040126 0.0770010071310989
-0.183261495808394 0.228186347700203 0.0127668073776988 -0.0326569307997619
-0.300049031234007 0.115376121313411 0.116381871979848 -0.131333879842707
-0.314657868515199 -0.0889729612994111 0.264595782864751 -0.0892606550085705
-0.209727818902896 -0.295853527971791 0.256808887377254 0.118042866524088
0.237967422699306 -0.334735825270142 0.0169529150103062 0.19317442852909
0.456131186836984 0.0757952311283441 -0.146197418003282 0.0731463699626938
0.293828041213531 0.430344612394595 -0.129273522277847 0.00737033780666676
0.110095673949884 0.343493767710407 0.158298404631555 -0.238284930198194
0.272642857498885 0.15613372768145 0.172458535907958 -0.266612984610821
0.244573527163916 -0.0949343793257849 0.00836039948116724 -0.361735860783757
0.00306000447577207 -0.231216306552368 -0.28067510486432 -0.250795465670634
-0.182423543978629 -0.157947461461772 -0.36466983905847 0.00219331206070482
-0.253247277112842 -0.0204549922381082 -0.302021046391402 0.176711707596584
-0.200480961887264 0.140261465514692 -0.185897885654621 0.221960223573682
-0.154693084797415 0.190584454221631 -0.0897094980004986 0.158615697032825
-0.158603677542164 0.193320654597948 -0.043653270381358 0.0415464293375166
-0.269597432819627 0.1026205300538 0.0581380975609501 -0.0680140050332904
-0.289724970627059 -0.0902998639341571 0.186927174191032 -0.0396366367468975
-0.180061904644421 -0.296426126371393 0.146004142850411 0.117520667176885
0.247952251564447 -0.30937962057727 -0.0626414228185776 0.0981756099334769
0.427818410231237 0.0786805026156947 -0.147829025163116 -0.0241744334648095
0.270472763920943 0.372537215616556 -0.17015978927847 -0.127018386509539
0.0823908185768466 0.232197600067189 0.128877161292001 -0.384183121668968
0.181221364785312 0.108576181146279 0.0798878070763582 -0.350633068542049
0.166616968157449 -0.0574774416548024 -0.071627660812663 -0.345924191102979
0.0165571038592952 -0.148491208681911 -0.290474743249089 -0.218637188671386
-0.109189806964018 -0.114159802734373 -0.37672649164242 -0.00321428519759487
-0.160168695544652 -0.0300706365995451 -0.347962584154929 0.182208283941644
-0.131358230149291 0.0813620806386483 -0.242300221490816 0.263669313773588
-0.105561167818482 0.117776832469535 -0.137664562813783 0.21591934462778
-0.112481305078761 0.126062865673718 -0.0887605230040851 0.0990929858012697
-0.198836549606975 0.0646650387633656 -0.000418360091074304 -0.00981576752013908
-0.207258644189418 -0.0879635659266346 0.0961241616877907 -0.00786350144293776
-0.0989750097672786 -0.235622171217057 0.0553772115257281 0.0782695764432314
0.214902936912379 -0.204240127756891 -0.0838698259835903 0.0109280941614732
0.306990889367361 0.0769835737967438 -0.119639186675849 -0.0662686327569236
0.182067237356104 0.249345977321409 -0.202817749701427 -0.223192158033101
-0.0530130359030128 -0.0644022555960548 0.252708424678367 0.242072153348367
-0.104510356572246 -0.00358365389868896 0.159073130645275 0.025921317730202
-0.0737925787794992 0.0582846155837367 0.0670807829414836 2.30549564540461E-05
0.0202552516064895 0.0957659530835083 -0.00973627739615769 -0.0562194558234437
0.0797024364777127 0.0404412938954237 -0.0419070437900231 0.0383587282614224
0.068414680964985 -0.0189922824086218 0.0689029663761397 0.0222189586606311
0.0378940283981165 -0.0422954461775792 0.127696349644466 -0.116566123266609
0.0296854390703092 -0.0246702129104936 0.165520315325438 -0.231018983873858
0.04582072973589 -0.0020502794720016 0.226958949803598 -0.286813020926439
0.0588444374530615 0.0319701914969267 0.325745385402912 -0.212579737179959
0.0280726006733535 0.0647327710728592 0.365890791014875 -0.0569253611571983
-0.0228695292916292 0.0769894567013905 0.305349037664139 0.131382012161321
-0.0823006800973225 0.0261650965519314 0.182459559667576 0.302311227748686
-0.116466873475297 -0.0584938074218141 0.028315495726993 0.378511615768291
-0.0691499503527961 -0.110765430982919 -0.0852738649203853 0.514430397034197
0.0588130048444485 0.0971645301589039 0.257207455992665 0.267794146669128
0.0853354710934907 0.0243136310104236 0.172373648767603 0.0469343749703861
0.0442642701446107 -0.0542800820643427 0.0992694391666741 -0.0124585707140557
-0.0468480615381012 -0.0431399202848991 -0.0111838851198695 -0.0689791655014984
-0.0531722894367446 0.0035247903043704 -0.0458524199870786 0.0376055829189259
-0.0496471271840541 0.0276430726478082 0.0691262507061367 0.0328061932793793
-0.034424118345202 0.0526872726385166 0.135919615358114 -0.102488300244186
-0.0307798897800069 0.0727138371459655 0.166888625123702 -0.223498434003166
-0.0324225620391888 0.0770490109299462 0.218030229471606 -0.283118856025362
-0.066449896152882 0.0458408718287161 0.311115941945268 -0.223781433895521
-0.0744916432856182 -0.00401830624487475 0.366530228884756 -0.0845384166232042
-0.0445162426107766 -0.0372269738526673 0.323138658219705 0.0950685991205278
0.0308845038622018 -0.0403847060932236 0.216495197349021 0.279929945288174
0.0289459594063228 0.0207093934732139 0.0589943715696029 0.368862204562168
0.00333524140510931 0.0663565883193111 -0.0541197425511944 0.509446530347232
0.140349451587382 0.238594171384074 0.227609285624637 0.246238358764267
0.245899924565683 0.0588179105577883 0.186152114266205 0.0763226912398634
0.158403285095269 -0.142447296327662 0.156597709501454 -0.0592821970894069
-0.0882609083663885 -0.171804887604749 -0.0383353959163964 -0.128830102310883
-0.168243314688307 -0.0455489624142126 -0.10036772591245 0.0335729946210968
-0.164850123723842 0.0570834247614785 0.0289708420893857 0.067830100692795
-0.108801843283172 0.135489878846503 0.114066946768521 -0.0563238151829667
-0.0857527876310011 0.159679557238363 0.140747530265876 -0.182558139482346
-0.0965850355326387 0.149950877591686 0.179187137269389 -0.251279390603374
-0.171607636595277 0.0687365869371031 0.268321056998524 -0.229824160412512
-0.16863297662586 -0.0519910204414594 0.351637351895973 -0.120435434668726
-0.0856675186079793 -0.132753778441861 0.343640230440168 0.0597187630782854
0.115924977155814 -0.123450291788433 0.230665003282281 0.262909104656135
0.175663847591245 0.0650198685892747 0.0471993642941659 0.337791652479166
0.0988980164824809 0.223540932654459 -0.0422312939272275 0.438792748407269
0.174643051365668 0.338306826764198 0.189870824518855 0.182004487455107
0.337918832312099 0.0939823587205018 0.221728411557466 0.072955490233345
0.23598321700856 -0.187566144825723 0.197902120515224 -0.158006702428946
-0.0976094068599583 -0.256442904478141 -0.104328746510157 -0.208479340457682
-0.238688966358727 -0.0942139130137859 -0.189488531887664 0.032067478070517
-0.253898445338155 0.0607635875327152 -0.0433650086493603 0.116347422623788
-0.172952390157303 0.188632852592246 0.0643397697466572 0.0132132855425579
-0.131278564167227 0.22188557191909 0.0965849718541137 -0.110214721160645
-0.142349698314689 0.206318485190639 0.126420713718992 -0.192250359458535
-0.246790671861416 0.0959896741220339 0.213134541591475 -0.217455099253475
-0.244388507278131 -0.0737280548122144 0.329214584978 -0.147267437599457
-0.139733867663372 -0.20405804519252 0.351762336404977 0.0468532211652714
0.170538612594116 -0.214493446000509 0.205559336186214 0.254118162891051
0.307963206209167 0.0755075756198891 -0.00740821506969285 0.27939008991653
0.196076259558634 0.340473370779332 -0.052949469420459 0.316990637879222
0.170516602199544 0.389881574810681 0.168863284309039 0.0724203497688302
0.361354486970809 0.130180961809264 0.252800331630733 -0.00929165474066979
0.274877974026232 -0.181727294342533 0.170615823789803 -0.27393428155899
-0.0754640081272537 -0.288567218818975 -0.191614564160633 -0.256650180954485
-0.260082245910903 -0.132747592895749 -0.273233074868476 0.0352929478455746
-0.301138939565068 0.0444585109738147 -0.128439647040585 0.156940635221197
-0.212968352811285 0.206682526368892 -0.00940262513700464 0.0904544469743873
-0.156739426320965 0.25013741623458 0.0393630143518456 -0.0190771941659378
-0.163939669503043 0.235850041317644 0.0667460601187395 -0.115502833375055
-0.284288196275857 0.121539587284943 0.156621568689095 -0.18621491476669
-0.295594737896341 -0.0738547546624592 0.299325221206954 -0.145237330716537
-0.193988918989115 -0.249722354143077 0.327473664732924 0.0656393976712323
0.197341515297668 -0.295768182787371 0.131532599442216 0.239307401639326
0.404839712278755 0.0625699654690241 -0.084927401717825 0.189461924844441
0.274870787102103 0.402255182118675 -0.0846240789263175 0.165341897924399
0.14969720277098 0.389088286509311 0.159304391468765 -0.0765779988479765
0.336893785179772 0.149548747473767 0.230108893706872 -0.14463869348402
0.274709635823935 -0.14854524908691 0.0848135535511633 -0.345301181160956
-0.0404030373429481 -0.276406921075127 -0.25867138578124 -0.256512610089848
-0.240516033517074 -0.15200133863559 -0.329014421400096 0.0322262829260776
-0.30025360973131 0.0208028661640433 -0.212742981995163 0.180767849949865
-0.217390954810513 0.193211000989495 -0.0914445382017782 0.166062062670649
-0.159304164829578 0.242546766245124 -0.0221776966568277 0.0772277914743731
-0.16335860826069 0.235532334976859 0.00983753488818905 -0.0334263219829233
-0.287804532259295 0.133058377860674 0.103215297439204 -0.134769437792429
-0.316096135413014 -0.0675275930500182 0.252575236675106 -0.106991722413177
-0.221969344567769 -0.277120348260998 0.253691841615875 0.0983629801978943
0.213475998459019 -0.342006661974091 0.0247309796705118 0.190665709801906
0.450375008591984 0.0493096977268735 -0.14272740239636 0.078869578891932
0.311969065395505 0.407155657025971 -0.129292336865983 0.0127078984700433
0.126285502804386 0.331574266935789 0.141895775950983 -0.240776506094426
0.27633011511612 0.138780250774044 0.152931596321096 -0.269309097193397
0.234472935553696 -0.10754267405592 -0.0115635770393602 -0.357573416776843
-0.0113854721153812 -0.227033699551783 -0.287938408777111 -0.230082320090562
-0.189514990175613 -0.141140306642063 -0.358275019080782 0.0230099042762981
-0.250962211138059 -0.000735797158997411 -0.283378386761139 0.192570896765156
-0.185558823521777 0.151103871866259 -0.165316864507279 0.228797080604592
-0.13752576921198 0.19774491021324 -0.0780043092889925 0.161323609676296
-0.142285461955765 0.199270742871731 -0.0409029243029364 0.0430666385654657
-0.258166162970336 0.118449843770409 0.0504078612364826 -0.0693932949060896
-0.2907454900516 -0.0709767157347194 0.179148699970185 -0.0531586245060369
-0.192160323274587 -0.277555676255141 0.146891977599403 0.104479251547045
0.225407960182202 -0.316882709368063 -0.0586943460859678 0.103645641690239
0.422769589029419 0.0541030476149021 -0.149200431328134 -0.0140669441091279
0.283469497599412 0.352664869715331 -0.175489551985871 -0.11616286368998
0.093141436481232 0.22437709169005 0.105091865087523 -0.381880690537371
0.184036905489381 0.0969479915154454 0.0587260943128431 -0.346132012737663
0.160023311248492 -0.0666963395115927 -0.0897749423305488 -0.336645907787705
0.00650348551232555 -0.146858956701669 -0.295564979791882 -0.197862652687803
-0.114595421915299 -0.102454214378557 -0.370260905703653 0.0190716160865007
-0.160832320876413 -0.0170472919691504 -0.329205261273516 0.20156552796081
-0.1226930056212 0.087943123467117 -0.217517047468422 0.273386969781627
-0.0946936708323857 0.123200965153881 -0.11972914956214 0.220823432948921
-0.101669621123299 0.130073080917537 -0.0817241947702563 0.103540922552136
-0.192036607728588 0.0754429549530393 -0.00367614097609527 -0.00864811424120446
-0.208838091179633 -0.073505318564629 0.0918244291747588 -0.0163072162839895
-0.110026492918655 -0.222009129260099 0.0566605836517681 0.0722538612495031
0.196423898527024 -0.211990967235325 -0.0835938077763129 0.0211965632353546
0.303125372696648 0.0578566495128142 -0.124025461043673 -0.0559158619757274
0.192032508662879 0.234868152715449 -0.213078206341335 -0.206319461882752
-0.0529218636190171 -0.0587999872152559 0.253185158955926 0.223121655981949
-0.0995464085398461 0.00120169308772861 0.154742737937607 0.0180858809153712
-0.06917353729052 0.0576117590176242 0.0655133059815991 -0.00654469235552165
0.0230986855214856 0.0906352592957896 -0.0126617291781191 -0.0567154665729168
0.0787235508616236 0.0347268140169654 -0.0354852376778129 0.0384688713710065
0.0658321072902962 -0.0217170304603201 0.0710180842340371 0.0164549592702593
0.0343540868106127 -0.042121535996706 0.11647951057219 -0.118182238263678
0.0282190488300726 -0.0250164178453556 0.147455318789983 -0.231498772721883
0.044582873149051 -0.00466260967305822 0.204064589045606 -0.287998011123445
0.0590618158166902 0.0269901881370579 0.303113601334968 -0.220444732746182
0.0305175726681015 0.0610255160882217 0.350066552272518 -0.0705369512337772
-0.0178708675831802 0.0748509620745048 0.297517190429967 0.115806115629293
-0.0787805281749086 0.0272492948018119 0.187595552451765 0.284291033248258
-0.11547048921511 -0.0506870065749131 0.0370740153104413 0.362106743256802
-0.0672905000797394 -0.104277961798629 -0.0676535367259446 0.498714967124588
0.0604432218104674 0.0923225118969492 0.256308415366948 0.249393212690248
0.0838023469992741 0.0208672087602929 0.168163224069959 0.0379580910996259
0.040501996325019 -0.0542839962025413 0.0958281452134882 -0.0207449069175992
-0.0469671294784283 -0.0396309400363779 -0.0138599041055113 -0.0691373987507447
-0.0505025708124835 0.00513418822730354 -0.0406477259184453 0.0383593456647761
-0.045895897446874 0.0291830158716546 0.071736086371554 0.0276909261170128
-0.0303426255876349 0.0526405014520332 0.125470377858983 -0.1060740255876
-0.0249151802920575 0.0723790963336668 0.148395662640087 -0.223702586357376
-0.0260424204719243 0.0756695651472288 0.195131902620105 -0.284629734613325
-0.0614878837617271 0.0472582064027543 0.288749409010006 -0.231625714731691
-0.0723325358993915 -0.000232554737672423 0.349793329401538 -0.0984639566553726
-0.0444164449337819 -0.0335059559411174 0.312610005284671 0.079169489617512
0.0270739584293571 -0.0422442572686826 0.219148418891812 0.261975943726579
0.0290377537435996 0.0196488965892601 0.0665567697300943 0.35184715555953
0.00854788744710677 0.0650761618751603 -0.0375047703149615 0.492050709982578
0.145173276877593 0.225599964744422 0.227402375249658 0.22933263005773
0.238734652464681 0.0485217960545365 0.181880617520628 0.0676023188117352
0.147017949471325 -0.143153775535814 0.149846580080442 -0.068378346996554
-0.0915537607929796 -0.162197993411017 -0.0419894097791337 -0.125250370719358
-0.163756141285888 -0.0368864777410435 -0.0945986337632893 0.0352068994932129
-0.156176579711644 0.0632223612239692 0.0339647084861242 0.0623414356874897
-0.0971802176616364 0.136023186029208 0.107950864174693 -0.0614339486322735
-0.0734275442827744 0.158416146328126 0.126015934684434 -0.183010059413656
-0.0843969603583579 0.148922392218967 0.15905045318981 -0.251778150585073
-0.163043945439201 0.0747994176659563 0.247856946546282 -0.232915759919818
-0.165645000389972 -0.0411975488702754 0.334139730322565 -0.134236563823447
-0.0888590675368294 -0.124158781668992 0.329607049177639 0.0441563874472947
0.107127791698173 -0.125634316598799 0.231193803454253 0.245000072882884
0.173145530788504 0.0570764492459459 0.0530160685931404 0.321604845687027
0.105563490831298 0.213869111439733 -0.0292314667553604 0.4213162965133
0.180315096963983 0.320451923379492 0.187287045255229 0.17007024334437
0.327362636536585 0.0799576978896579 0.216339519900925 0.0631798581006908
0.221516039161604 -0.188412745606007 0.18546036164489 -0.165389065386407
-0.103409223132603 -0.243608319317677 -0.108932231086988 -0.198423738911695
-0.233729889786153 -0.0806866617901417 -0.18047506847336 0.0375051668724155
-0.242422709074698 0.0720631671346382 -0.0330070536095379 0.11239012717676
-0.156574872816009 0.190559570928603 0.0632558641692348 0.00774482371374355
-0.112884604934781 0.220811056437558 0.0868935507977372 -0.111665124451106
-0.126113397846162 0.204952765349982 0.111153312305352 -0.191792148277805
-0.23462241310681 0.105004514445873 0.195037900750248 -0.218390468402991
-0.241279866596391 -0.0587020265788886 0.310782975532141 -0.158926780777101
-0.143811765825467 -0.190268776726095 0.335848758112524 0.0315554906549905
0.156093277183447 -0.216466705202492 0.205759911208683 0.23804074637208
0.301722399170612 0.0623194144882927 -0.00175020935086298 0.268462318384013
0.203359993101538 0.3246540489728 -0.0426941032701804 0.305164892470474
0.178990901974069 0.370237401180736 0.163226424415541 0.0656782057441822
0.353421791593266 0.113621743078195 0.243522719233902 -0.0162163161891537
0.259508020662312 -0.185564312000437 0.154709254295429 -0.274442533569517
-0.0840598731333309 -0.27533079134231 -0.194234072263454 -0.241328290435535
-0.256666234238489 -0.117497634468608 -0.262463523774762 0.0442009067067429
-0.289043002864647 0.0599233621450976 -0.1144191726754 0.156185197871786
-0.194372361357143 0.209141933481221 -0.0032016455966239 0.086050053774625
-0.137517250410489 0.249613129145083 0.0360519893402763 -0.0199916567717523
-0.145552417889887 0.234919402581403 0.0574746103670182 -0.115401629222914
-0.269874412390934 0.131527364352722 0.140734489422276 -0.185937111785578
-0.290909349563808 -0.0568687110009172 0.281857843195794 -0.155525044323958
-0.197495913692668 -0.23286762718645 0.313591901581384 0.0499222397966345
0.179240440286799 -0.295123577886434 0.133288924436595 0.227315819444929
0.394494316938064 0.0460194780104023 -0.0798275867975256 0.184907516318783
0.279557684539253 0.381473514840142 -0.0782568296299394 0.160253117853878
0.159093004376352 0.371586329197807 0.149572604313075 -0.0781256766940647
0.331726867390288 0.133737294052462 0.216434248118345 -0.145421677142426
0.260577963516508 -0.153892465599329 0.0688328061447485 -0.339747283009856
-0.0504387664382815 -0.265010055950341 -0.257531978415757 -0.23928915032975
-0.238825803728971 -0.134072040970513 -0.316673068812471 0.0444763715155712
-0.289543731354726 0.0377207189132291 -0.19516857309139 0.183339612133617
-0.199245040837469 0.19614207726144 -0.0792452889996165 0.161959557351866
-0.140022358693408 0.241809500753233 -0.0181284529815216 0.0755821681735997
-0.14477755873399 0.233971398158398 0.0069217687227003 -0.0333463561817051
-0.272925310097178 0.142228245171113 0.0919817980023118 -0.133171987584329
-0.309595753318809 -0.0510862320610161 0.237508631641575 -0.116552426005429
-0.224271010059565 -0.256848251559063 0.243778287923748 0.0838138052667395
0.194947744734277 -0.338592586775537 0.0277705804160556 0.185334768761788
0.436400176068932 0.0325577759479337 -0.137340223443132 0.0813480178520238
0.314394192061484 0.383520157700503 -0.12638333396192 0.0162781550112309
0.133559064712313 0.317635024703336 0.127982065896505 -0.235374316560954
0.272985559776323 0.124034262211406 0.137822856407319 -0.261887509215421
0.223364823857577 -0.113398841440732 -0.0237189110966672 -0.346906924436169
-0.0206733989296476 -0.218534465948398 -0.28431155362536 -0.211713009227411
-0.189316357291832 -0.126276573548216 -0.344938812281086 0.0357868127348582
-0.243204485260161 0.0137772277253832 -0.263695762336244 0.198667735899558
-0.17079346944543 0.154193375693621 -0.147570268350987 0.227069951814585
-0.121775543661381 0.197958519508405 -0.0674232148723421 0.159546027796266
-0.127101112230257 0.198043315558362 -0.0387247993385767 0.0438939014448024
-0.245328864317222 0.12617194343001 0.0438807840967687 -0.0674376418349995
-0.2844229702886 -0.0555509476173768 0.168390329833132 -0.0615436689153857
-0.193638593332471 -0.258179015382856 0.141463450068431 0.0933751568630911
0.20397874640199 -0.313450548698052 -0.0546482824770831 0.106070901918817
0.409364488391814 0.0366854040665198 -0.147589586840167 -0.0070473211760414
0.285280711517295 0.330852334194041 -0.176053490412529 -0.105202415712121
0.098143723694529 0.213875329820867 0.0879679712889418 -0.370190822152884
0.181736644636548 0.0876587334314036 0.0455637699859248 -0.334249941793675
0.152080843206022 -0.0707138967364546 -0.0988712043886667 -0.322846436160349
-0.000446279394322614 -0.141434191382215 -0.290828282746568 -0.179966837453802
-0.114723611891033 -0.0918831695972947 -0.356363454068181 0.0335258657264568
-0.156479770078824 -0.00666669107362099 -0.308631571736134 0.210062026221621
-0.113777960608176 0.0903314942448069 -0.195934150136037 0.272555164542197
-0.085099564458297 0.123809210525253 -0.104427435048987 0.219197944518088
-0.092406688502227 0.130014213669106 -0.0746753640628965 0.103972916710827
-0.182498766052402 0.0815002273974244 -0.00534315549604697 -0.00709688536852578
-0.204392080287923 -0.0618625829416579 0.0856038380419012 -0.0219539956067131
-0.113205089178122 -0.208167287193821 0.0543883452844049 0.0667398545288863
0.180260521435667 -0.211395192710032 -0.0816696370153427 0.0286092971265705
0.292598057150163 0.0453813276333642 -0.123635194268583 -0.0477856470997551
0.193154865010338 0.219738830623237 -0.215612857015098 -0.19098089089007
-0.020586369700462 -0.0750570280614908 0.12803080949421 0.307641654856743
-0.0863254090422162 -0.0408487270712743 0.130588355969624 0.0848649625166848
-0.0842055498121426 0.0204687003998189 0.0669444990685454 0.0227914879724508
-0.0184442527070647 0.0877500130250264 0.0163987985284673 -0.0588124989758296
0.0552645475021389 0.0628826712860984 -0.0420083456318475 0.0175284678914858
0.0668804681011221 0.00723847741919635 0.0605565948228987 0.0405060288434968
0.0465850497222629 -0.0228088289668114 0.149730800774378 -0.0595739649451884
0.0353210574456506 -0.0111697134610476 0.219574322674405 -0.147550810538959
0.0423089224221147 0.0107740513957484 0.291543560145135 -0.175396004828262
0.0420549606149967 0.0424018472286462 0.357340543404429 -0.0743375309673446
0.00569723605820122 0.0620347333612558 0.335195639567216 0.0770113733385028
-0.0412306363664475 0.0565246050401384 0.212942263181013 0.223475130121573
-0.0773251199126319 -0.0045293499415285 0.0489280276179891 0.322734968799239
-0.0814113123327238 -0.0819311901916719 -0.110736833217789 0.326088876028405
-0.0202663875012597 -0.111035113323021 -0.257329626338948 0.413220094702666
0.0146045822632376 0.110599713874505 0.134382604041464 0.316319389149873
0.0634028772382105 0.0543139398539643 0.136230568022795 0.0989856124244036
0.0583741658397808 -0.0311894463922074 0.0938310388107263 0.0141871176897223
-0.0238681111712186 -0.0533313567929944 0.011280743402919 -0.0688725874199489
-0.0451445862225602 -0.0174260910071656 -0.0501875575497732 0.0201908814005265
-0.0519565488426138 0.00754036304626389 0.0554284631392935 0.0549099268134329
-0.0467462600616561 0.0349307981178575 0.154353228949131 -0.0437359043396643
-0.0488613675824125 0.0548651424901424 0.218383764477413 -0.140843063858117
-0.0515950312534682 0.0547221633504468 0.281176985162733 -0.177413372081636
-0.0734487197561466 0.0156756751896226 0.348080497687478 -0.0929830932484507
-0.063953475242445 -0.0304357707076828 0.346639926430819 0.0514755273404366
-0.0242419338975048 -0.0502970513185759 0.241012974672563 0.195127502335651
0.0461044271214276 -0.0292715379887334 0.0875169481750102 0.31679805448809
0.023409161401492 0.0330208725845882 -0.0826737913262551 0.336130865564966
-0.0126807082957379 0.0714044539502113 -0.235566152478285 0.419636792359289
0.0313620469662542 0.268002540489529 0.127260630391538 0.275835114496868
0.185372077193592 0.143928588752723 0.13804756004766 0.122872694700356
0.189926215933287 -0.0639909451588819 0.15589824942247 -0.0145372547746728
-0.0111425889409195 -0.177319744323051 0.00129318947692234 -0.12966815477897
-0.126022158127468 -0.100833799008835 -0.100233576404376 0.00063582070027248
-0.162082314500806 -0.00626204159410042 0.00698148252102981 0.074696960530747
-0.137883271051676 0.0812496701551721 0.121316375239344 -0.0102644394364316
-0.125353807126797 0.113490803406139 0.182005112049147 -0.113656908979986
-0.130799773427299 0.098265354106873 0.23579126870797 -0.163159176492446
-0.174289462563531 0.00315607802764986 0.310776056440247 -0.11330024652023
-0.13371007331038 -0.102241361593925 0.345862218510102 0.0119936783423469
-0.0293335928471289 -0.147527892124185 0.270263612277482 0.168984133386127
0.149853160949945 -0.0766746959321968 0.10655480047245 0.307623175092532
0.139716520803568 0.119264482048309 -0.0826514012713231 0.312030171883489
0.0212827025349185 0.241239373428801 -0.208978252202269 0.363044952270107
0.0204518943301199 0.368737968953494 0.125366684433732 0.201268164878587
0.248971721696073 0.209947864307383 0.172962951523725 0.129374373978841
0.274625931529116 -0.0729646418081977 0.224627900188804 -0.0909627179525868
0.012742259565886 -0.252567034539094 -0.0335584102335393 -0.222216686025002
-0.168858691378725 -0.167324829871859 -0.181664773369394 -0.0298485598512905
-0.241187996102638 -0.0328385849826418 -0.075577268293649 0.0947343460850321
-0.211591721561458 0.105210403077371 0.0542129861510465 0.0344309977427512
-0.18560977009592 0.153547826875811 0.120535646028736 -0.0650582335266906
-0.188789857596104 0.133370182603638 0.168680690649678 -0.129846607678656
-0.249674272711603 0.00457827595369237 0.257123226378998 -0.120845498688014
-0.194585199662768 -0.146266438452763 0.335154137662968 -0.0203683553152156
-0.05288693390781 -0.227299306724771 0.281061522794446 0.158460667819415
0.228348313656611 -0.139615645266169 0.0879983783148394 0.292169157988597
0.249817166298264 0.170051852601879 -0.109376052784769 0.249811699610445
0.0687201408257794 0.375013317829862 -0.182531274149281 0.255614559814384
-0.00419033879631093 0.412658166872635 0.152593919175658 0.0994477521585775
0.2581293714309 0.250851312441642 0.230765057232949 0.0684022874623454
0.307727274345421 -0.0547521751126214 0.242438902765517 -0.2036595997303
0.0430335298365076 -0.272653227218728 -0.0945594776332138 -0.296786338818136
-0.172729980862215 -0.207381913632758 -0.258889406049155 -0.0572266818646857
-0.277135307591731 -0.0621140850102875 -0.166913034402278 0.102424504098166
-0.252387922116156 0.107261440180566 -0.0360779824874662 0.0783875913681644
-0.218086366384776 0.170529641729157 0.0398800834622926 -0.00391209527180428
-0.218401368791919 0.153403603578891 0.0907684434293965 -0.0828098806758036
-0.292144731844552 0.0144614165696406 0.195164703702627 -0.112478431773031
-0.240242571511495 -0.163784520680149 0.306802449306898 -0.0293942698695137
-0.08405750960825 -0.28476743316744 0.253632200459612 0.164007809239089
0.27828810640962 -0.200884699028687 0.0294019155258058 0.253454559836372
0.338508835238257 0.190021470450586 -0.144417844046447 0.15035274778283
0.11583082076925 0.452856036219146 -0.159401868541749 0.114507145761075
-0.0220700858263273 0.406822609614979 0.199981294202124 -0.0311508545522681
0.231523441886697 0.259729550049978 0.260435997013433 -0.055047428335368
0.295770141716239 -0.0274255786178957 0.194036942641385 -0.295572832966998
0.0673881042287012 -0.249772351071666 -0.15104966077841 -0.321641724297604
-0.150979705225256 -0.214362156515777 -0.308554627664767 -0.080468584576439
-0.26909707917837 -0.0810164859904671 -0.25021304147957 0.094122629251302
-0.251739817046544 0.093727361348074 -0.133286293608402 0.115911723761118
-0.217704618426135 0.162983752072244 -0.0451423642333661 0.0599290835381985
-0.217800423775253 0.152863410883271 0.0133444001999137 -0.029628761040562
-0.298395285835822 0.0236615659550583 0.129312341463471 -0.0855240328760621
-0.258249637400924 -0.164544645771789 0.252683668139274 -0.012990682093084
-0.0971820229510758 -0.315777231832144 0.178581972253331 0.165394087299959
0.307597315523338 -0.233499557355855 -0.0446403688349082 0.176158707140539
0.37619809734105 0.192677747591439 -0.153798628253407 0.0385957701713863
0.143506510775957 0.463835112283546 -0.144147985306227 -0.0307383018074569
-0.0220512650983641 0.345761714601383 0.240033619084589 -0.175367468773744
0.184416481504111 0.226762608559415 0.237336810318523 -0.188399846290018
0.245472891271603 -0.00654542864014906 0.116130950990869 -0.337054977127002
0.0728202754161735 -0.196763590110948 -0.182413783239515 -0.309093637202568
-0.110132507261083 -0.186162481461353 -0.32968434265873 -0.100646773103427
-0.218547912060432 -0.0835695548228859 -0.317714835589684 0.0782178701532079
-0.210104225005366 0.0681004212942577 -0.220637926408089 0.146259078681144
-0.185016604353815 0.13078812158073 -0.121695765966788 0.115265834581136
-0.188382598224808 0.128490513722884 -0.0557589090342301 0.0213288173608973
-0.267363558178136 0.0196351719897928 0.0605154587677838 -0.0460205827078295
-0.232854835732924 -0.159552891973259 0.169322688755168 0.00779111171065428
-0.0704495575562153 -0.302710266368335 0.0857868098422443 0.13289271819243
0.302640378170528 -0.20593373194047 -0.0863155037998874 0.0748696115471482
0.348608587929034 0.185580704259932 -0.128427543986214 -0.0442829957354445
0.136581281783894 0.403166399884792 -0.136785394301326 -0.158273968303294
-0.00786818395230794 0.236776185414609 0.250863097569243 -0.304692085818345
0.120732366832464 0.155934201564485 0.181361749011901 -0.285366975814217
0.163044096236445 0.000826305705907093 0.0409949256977262 -0.339818130164115
0.0585325168035931 -0.121067405488057 -0.196151582448148 -0.282836701028439
-0.0596955982299962 -0.124541645092914 -0.335894371213444 -0.110201040504796
-0.134690064468791 -0.0677194132275109 -0.360160076935705 0.0678395961019917
-0.13596710682101 0.034389404162453 -0.281452187678152 0.166458751937957
-0.123854865232784 0.078741064404596 -0.177909978002349 0.152883296882564
-0.132818769110897 0.0806984196602401 -0.110226686847685 0.0618133022268712
-0.193770129182673 0.00365248524088591 -0.00543663396614133 -0.0110170789604893
-0.158640149792488 -0.133786187298739 0.0819327109806434 0.0107700468918217
-0.018320767760503 -0.226327216808373 0.0208205491645531 0.0766206813372215
0.240164573596095 -0.123856647269627 -0.0812725479598067 -0.0023079066390301
0.242199231277915 0.148215588370473 -0.0931671018763169 -0.075330820759786
0.0917787509833987 0.267739554111479 -0.13105422242723 -0.250549057957006
-0.0200616669607065 -0.072755655180079 0.129686728497828 0.302252031363224
-0.0843328135678235 -0.0387967597479062 0.13141992560369 0.0833199736198889
-0.0839289951823797 0.020222674811621 0.0689819853990229 0.0187491879064096
-0.0171905815809663 0.0861485073807715 0.0142642509348112 -0.0622736051002297
0.0560159078365706 0.0605179585477429 -0.0389364179700595 0.0184961260402053
0.0672262868907711 0.00553500319689116 0.0632662632734973 0.0379816921261916
0.0456619853981377 -0.0227803771609535 0.146097288553568 -0.0619346429742301
0.0353623895053935 -0.011277623685127 0.212875159703581 -0.151098988226693
0.0425795672082998 0.00908522127238462 0.283238299940073 -0.180458862372763
0.043113142966565 0.0398858917921263 0.351813393706075 -0.0818385999745935
0.0066660152414976 0.0618026695471566 0.33266090796238 0.0695578578527241
-0.0398042602277515 0.0564915422827737 0.212364402378969 0.219207035163806
-0.076617923951339 -0.0034427183814661 0.0522612661903246 0.317877184055744
-0.0819604901306661 -0.0787159383228677 -0.109658601761108 0.320962379287542
-0.0185359701455865 -0.109228511782582 -0.251137437901242 0.410375901301561
0.0164106779740661 0.109522111203894 0.135051199947207 0.312707857320989
0.0632928295825882 0.0528067322038596 0.136746681435094 0.0978103823535012
0.0570791606655043 -0.0319719416938323 0.0952095233308366 0.00862034384254549
-0.0239488844475517 -0.0523214385433232 0.00909611024405113 -0.0707183913477332
-0.0447248497874831 -0.0162949175893532 -0.0473317334694471 0.0206744371990861
-0.0504217197841297 0.009521264626966 0.0595883777876671 0.051864451405309
-0.0456585821802917 0.0358424004540064 0.151606570158016 -0.0471777827532797
-0.0460079531673511 0.0555300238053781 0.211690729252444 -0.144303351327251
-0.0487081607357285 0.0551719996891162 0.272610824353041 -0.18360458136161
-0.0728479404604336 0.0168284820592229 0.342485701548869 -0.0998496605189725
-0.0644536496760103 -0.0283857247440795 0.342145869006363 0.0425733185819704
-0.0247725455735426 -0.0496169011846073 0.238412299804155 0.190300026581994
0.045215788432925 -0.0309087530222932 0.089557606418927 0.311898415951268
0.0242224296468461 0.0337969597739358 -0.081434786797265 0.330071801031475
-0.00969396267368306 0.0721282581251027 -0.231127617963925 0.416024733923835
0.0345469795687299 0.264278266827801 0.126902404033082 0.272269473163079
0.184121503566683 0.140615670094481 0.138927912991826 0.121429368544953
0.18704326768165 -0.0650048635938018 0.156596187128947 -0.0201114151531536
-0.0131701817997234 -0.174234855901122 -0.000842688957758059 -0.130150131845904
-0.125819548955234 -0.0976016725468322 -0.0977279037887533 0.00124100480078701
-0.15991301499737 -0.00216729388240928 0.0109527948038973 0.0726255422520973
-0.134322278861278 0.0837468485644638 0.119967259714637 -0.0145411906799483
-0.119520538595524 0.11539545232591 0.176330994098336 -0.116817677365536
-0.12568550411693 0.0999626805897403 0.227499520196196 -0.168591600518897
-0.173677207679121 0.00747892454080202 0.304414745641953 -0.117719421558704
-0.135778924472329 -0.0980271012308196 0.341844529861513 0.00232438383410457
-0.031532565768903 -0.145126817725715 0.2666734232937 0.163462141687615
0.14749981805479 -0.0800102077388422 0.107599432548541 0.302499743129816
0.140763283361201 0.117769947007412 -0.0815386743127295 0.306938623131432
0.0255889115205675 0.240949958000196 -0.206312002828655 0.35937907053906
0.0253621034380375 0.3639902875382 0.123543298595583 0.199822861172174
0.24818358932796 0.205539488358583 0.172797475388788 0.128602943169193
0.271986242239105 -0.0741494500143126 0.222821709327277 -0.0966583714180307
0.0101880360848638 -0.24987736261593 -0.0357686400832806 -0.22059869875881
-0.169766369532949 -0.163153263619153 -0.178980321881811 -0.0279270529876132
-0.239549453010495 -0.0264946108743808 -0.0696319072994116 0.0945166283096122
-0.206281665222174 0.108923741100225 0.05501897616347 0.030651830746243
-0.178078632808279 0.156574490703206 0.116722502099268 -0.067206080260646
-0.182195153634574 0.135401524788287 0.162476884720515 -0.133249452967441
-0.248891178297471 0.00992774448466746 0.251555604074688 -0.125543738746567
-0.197712158522094 -0.140935589058868 0.330810030027982 -0.0287363768130833
-0.0563209507358712 -0.223849184389939 0.276261690107129 0.152102494975958
0.224282797613126 -0.143906130507127 0.0879096686029767 0.288415925591175
0.251811105378763 0.167508436290828 -0.109440010192309 0.246384263824732
0.0734862744479616 0.373756622544492 -0.180103589308071 0.251504713859798
0.00146646533405369 0.410276260035913 0.149549832848954 0.0983006800832265
0.257539483602495 0.245961499766807 0.22902116907824 0.0679465373768551
0.30582489410625 -0.0566951879633098 0.23842315987122 -0.208791054215599
0.0392855314118073 -0.270350222915537 -0.0970653334919611 -0.292521089685401
-0.174646168047332 -0.20214132803174 -0.255116875808578 -0.053093690152008
-0.275381896611491 -0.0540856177223789 -0.159881320085469 0.103475281511447
-0.246621323991376 0.112437682868051 -0.0332080337322233 0.075629561910331
-0.20973371548023 0.173945266088262 0.0387402988007544 -0.00472041584880661
-0.210878625585177 0.155819776540282 0.0865641018512992 -0.0848004872100689
-0.29006524542533 0.0218740212586021 0.18973051323585 -0.115832049021351
-0.242623357984482 -0.1570329435639 0.30232502254756 -0.037727509091964
-0.0867571157196183 -0.280054939777897 0.248004109184255 0.157848418763571
0.273767730157923 -0.204269889068263 0.0283189129389452 0.251419261180882
0.337292411479216 0.188138434318311 -0.144929837645827 0.148993239114511
0.120001047271753 0.449452151189484 -0.159004208187281 0.113021810274483
-0.0165910169458561 0.403102599802857 0.195116556639327 -0.031290499533606
0.232031944902623 0.255008532227137 0.257371377235086 -0.0542840091137772
0.294637787627268 -0.0303800860660373 0.1900120000675 -0.298805515633268
0.0630230922662591 -0.247957427372655 -0.152529012618374 -0.316964211364311
-0.152876085768211 -0.208619410192292 -0.305904654710799 -0.075366211595022
-0.268865645790456 -0.072455897255507 -0.243763344543546 0.0969593224813355
-0.245948260047639 0.0983731770258943 -0.128241236335401 0.115285152458392
-0.209787582063633 0.166830608274518 -0.0434680760844266 0.0601025467507043
-0.211046382101304 0.154886440901534 0.0116156881551226 -0.029953394143101
-0.297449435625517 0.0300446882588745 0.125235611344051 -0.0866760116862523
-0.25926905433947 -0.159036120709086 0.247530346930385 -0.0212617257965712
-0.0984276096260141 -0.30948715396379 0.174175441818719 0.160075405387916
0.30151219252572 -0.2352869631695 -0.0455852540632933 0.176363655990472
0.37642207894772 0.187606327549619 -0.155782185175113 0.0395958279241271
0.147443514827704 0.460822752893411 -0.145101258136231 -0.0310556185154759
-0.0174727073314341 0.342904552574743 0.233921245907709 -0.175114992928183
0.186592990345567 0.222732043882262 0.233059824954253 -0.186109835454846
0.244667702538823 -0.01022895204428 0.111758464324572 -0.33737645392437
0.0690104878269308 -0.195818682600799 -0.182846207045384 -0.303485941734094
-0.112616272459367 -0.181103018968525 -0.327635148859049 -0.0956690847183121
-0.219213592818375 -0.0756240887799558 -0.311258677862114 0.0833714579559585
-0.206088562873206 0.0715123255786553 -0.214361236153256 0.147770056716755
-0.178648777571365 0.134279658252441 -0.117941568711841 0.116981369557979
-0.183467927132965 0.129543796310196 -0.0561902738052887 0.023112731067286
-0.265784980654134 0.0252022244850748 0.0574913239519544 -0.046721698816014
-0.233859514129059 -0.154155130390844 0.165279987035613 0.00108120367876825
-0.0714014074148737 -0.297659282223314 0.0828867846006939 0.129499278212855
0.296836921654544 -0.207259069632407 -0.0872845351514876 0.0782816718774018
0.346661487385596 0.179935013214546 -0.130672915495229 -0.0413849911522037
0.140286652451383 0.399247365783099 -0.139488406843956 -0.154980451303708
-0.0049637300559005 0.234427230136095 0.243956650812054 -0.303067234463669
0.121913113828864 0.154049275986424 0.176744026304523 -0.281299982922521
0.163006183978551 -0.00130105223722708 0.0379852682313232 -0.338785635714028
0.0557713421680993 -0.120711889895015 -0.195538710720418 -0.27711029215704
-0.0608083963378845 -0.121375189387251 -0.334346828613751 -0.104337981357073
-0.135634533218517 -0.0623109133509232 -0.353457990906352 0.0751131748997588
-0.133873657387958 0.0372794309901806 -0.274565891122055 0.169788147369056
-0.119878484002277 0.0812912609902035 -0.172597501685472 0.155321671989445
-0.129004293804454 0.0822789005125247 -0.108979357274512 0.0639328421473957
-0.192502685594615 0.00822324188600563 -0.00677562865304586 -0.0111165426992415
-0.158930216637114 -0.129683238796736 0.0794701949719791 0.00567269561746761
-0.020847279294035 -0.221768416381075 0.018757739647921 0.0751570363709348
0.234075754413817 -0.125192418484431 -0.0835267441419615 0.00360653788611047
0.24015540756868 0.144307319150248 -0.0961204990521811 -0.0727383571583521
0.0937097477654039 0.264543588279956 -0.134084274726728 -0.246239667093706
-0.0209587219540068 -0.0712201279643916 0.135948135443661 0.300953093446683
-0.0846426684336233 -0.0364815799261961 0.136533637975463 0.0813838470982253
-0.0840936869812617 0.0214687356503482 0.0729561584378106 0.0143980557153776
-0.0157309506157891 0.0861045818227681 0.0103732528183273 -0.0650817566302424
0.0581723312246967 0.0584286624971271 -0.0369228732574462 0.0202009937564499
0.067866162221201 0.0035244058601374 0.0676514952036557 0.0348055649114045
0.0454357717590304 -0.0238592816447526 0.143698992854495 -0.0666156925908205
0.035751043684404 -0.0124769430869317 0.20666180532766 -0.158902572187487
0.0435704784662235 0.00736147849124932 0.275837825952981 -0.191007488371233
0.0442164756000426 0.0374394917658877 0.349182819996425 -0.0942147177908774
0.00884459586980558 0.0618838594319721 0.334562966697761 0.0597513109421791
-0.0373044021231852 0.0578371726334917 0.21762155539091 0.21411710443997
-0.0773401580079187 -0.00206681880827259 0.0603563850580429 0.316135900833128
-0.0845633073857998 -0.0762292767079985 -0.105009638957317 0.321224393506384
-0.0184581595619709 -0.109685103743099 -0.243449602535177 0.417310493599213
0.0203668275212998 0.109687254366971 0.14080298642795 0.310626190710668
0.0646332868621039 0.0516163079245314 0.141476199707516 0.0964376971039805
0.0562250458941296 -0.0333029044800193 0.0984637838082869 0.00276952965042981
-0.0254926905328661 -0.0516840675045385 0.00590049282650229 -0.0745065295960497
-0.0445438970399837 -0.0157339057173664 -0.0452468753038259 0.0215890058629639
-0.0495217747062057 0.0109859122404883 0.0635086709287828 0.0490460611896273
-0.0440095257564265 0.0381621192104137 0.149245530472116 -0.0531548634930882
-0.0430596674294128 0.0576150643237049 0.205866287095277 -0.151663689325467
-0.0458239092961799 0.0559767513739271 0.265225224486582 -0.193388272314036
-0.0726941195703337 0.0193605539744932 0.339024655616153 -0.112192966200434
-0.066894353202968 -0.0259502874150788 0.344752859315846 0.0307870609143413
-0.0260393154285332 -0.0481430905816258 0.242420571675591 0.184672666678681
0.0440580978580396 -0.0333727968182697 0.0974576027109982 0.309822736517526
0.0265013726631743 0.0344956874338415 -0.0772818797337382 0.330796964990478
-0.00499021527365672 0.0731638532403232 -0.223372814758277 0.421198787040678
0.0417600248755806 0.263396167430679 0.131507218062956 0.271689127626591
0.187106589304291 0.136222371364719 0.1432541257626 0.120527607215971
0.185799589100342 -0.0686353421203316 0.158302354200919 -0.0284718503651401
-0.017205197216308 -0.173310199318046 -0.00466378415915271 -0.131912364277477
-0.128467719303304 -0.0946459271130098 -0.0968068648225658 0.00316012017456015
-0.159833056503971 0.00407485858780944 0.0164846561868173 0.0707865290188091
-0.13161195201339 0.0889365539673855 0.119952847393854 -0.0199696211823467
-0.114480896629635 0.120295414206415 0.171414392365367 -0.122847036519493
-0.121578828676034 0.10383918945713 0.220267723373017 -0.177322122099369
-0.174739927088432 0.0143603907372574 0.301429504887389 -0.129373137312399
-0.140629927581932 -0.0935714097540454 0.343039507351644 -0.0106798602464669
-0.0365443317319244 -0.144084373831319 0.2686198495301 0.157868138188887
0.145726968223379 -0.085619338380969 0.113423375592564 0.301185708750635
0.146965002225441 0.116286829063478 -0.078569928905064 0.307201680082939
0.0344663162024172 0.243268262131469 -0.199932310002836 0.36432596371776
0.0349088441641743 0.364803665763363 0.12554129529208 0.199190825347684
0.251935594992633 0.200771823046969 0.177531604278123 0.126927996579875
0.271696364652666 -0.0800634946670735 0.222591839105725 -0.106753953231298
0.00440845588393586 -0.249296308004692 -0.0413935909157814 -0.221300400760561
-0.174711373653029 -0.159118711291657 -0.179581050576622 -0.0239384903233224
-0.240249695876631 -0.0167780603328012 -0.0635331905562942 0.0952996940763298
-0.202984043815327 0.116072785659261 0.0566965944993589 0.0271281159973527
-0.171375511283309 0.163922835698127 0.113659672781973 -0.0707104316177343
-0.176984758611972 0.140486611747299 0.156641152575326 -0.139519401835062
-0.25021308235677 0.0197400612643998 0.247427296115761 -0.134135679553098
-0.204364686787364 -0.133688157869823 0.329174625998863 -0.0417044359391337
-0.0632734052236484 -0.222313263038801 0.276869369592895 0.146414423754707
0.222589245110944 -0.152003165505528 0.0929805672763704 0.287721822233245
0.259819256422877 0.163351818217613 -0.108328931078949 0.248240219338599
0.084250662711858 0.375106144843265 -0.17712270261045 0.255479327666982
0.0114938534318234 0.409564147276724 0.148628037677893 0.0977953672587631
0.262211154925235 0.241989924000841 0.232198644416107 0.0654210888120444
0.307553821934479 -0.0637592784977289 0.234826882307474 -0.218784976002682
0.0331032030472022 -0.271981536868432 -0.103850179345965 -0.29187211168283
-0.181130549472215 -0.197237434172221 -0.257461071168006 -0.047523160980936
-0.278924847530601 -0.0428230955330766 -0.155197891209003 0.107213711563282
-0.242902280888413 0.120538483162547 -0.0300010524349454 0.0751084187276942
-0.202315746193394 0.18148762703722 0.0384481115658556 -0.00571959104920857
-0.205035078243898 0.161868308658065 0.0822332826981844 -0.0876571136689141
-0.292156420048767 0.0324036433454689 0.185718837506737 -0.121942132322817
-0.250111527551268 -0.149994668509111 0.300943313736729 -0.0501060519535524
-0.0945112612020069 -0.277914192560151 0.248804990979956 0.152164204502129
0.270866046861918 -0.213162793492916 0.0314554539581571 0.252565585633841
0.344575920720523 0.180681197950787 -0.14535030489852 0.152310511056641
0.132040172446872 0.450271551128255 -0.15865585342815 0.115381295344574
-0.00683786168608727 0.403718384619517 0.192863309522163 -0.0331886214032869
0.238968990443669 0.250996213248909 0.257803690339355 -0.0578844180334776
0.297059824608745 -0.0386585994164486 0.182798149994693 -0.308271546672838
0.0574355707259724 -0.250378660251672 -0.160211549949322 -0.313242582783518
-0.159862472844937 -0.204682318914944 -0.308662866545638 -0.0685791695372685
-0.272562912744339 -0.0622023156024059 -0.239825492733247 0.103631367518464
-0.243152544161084 0.107356288303299 -0.123939297580441 0.117586506156484
-0.202759554801529 0.174852794044704 -0.0409810426678388 0.0619418184686278
-0.205721737966296 0.16178067930977 0.00910550583647121 -0.0297590626271212
-0.298663787880723 0.0412667474492493 0.121819773232701 -0.0911635992296724
-0.266831935354617 -0.15190323760107 0.245563021959636 -0.0323924858253447
-0.107032498616186 -0.306664705683598 0.17480906751885 0.156093112396711
0.296027413329559 -0.243634583932927 -0.0448982883379367 0.180291033340138
0.383029417713287 0.180983766879071 -0.158209910235165 0.0430906411743217
0.159572821157838 0.458791349015389 -0.148315133575617 -0.0282080120357373
-0.00895919740857908 0.344626080421724 0.229655931036192 -0.179218001316219
0.192530417081403 0.220666565904389 0.229786247763557 -0.189519409183491
0.246803199757816 -0.0167930899041049 0.103443022001031 -0.343596719215769
0.0636864388225712 -0.198387553164304 -0.189971679389274 -0.300032293590173
-0.118389252971196 -0.177197935047456 -0.330327061125688 -0.0871673415040373
-0.222831606426785 -0.0656214017609466 -0.30812713355014 0.0933941360638397
-0.204329386637055 0.0795857005568299 -0.20851153614894 0.153539155608388
-0.172800754998853 0.140961235489752 -0.113779139288068 0.121186346554461
-0.178767686621153 0.135575874141107 -0.0567139545960995 0.0255467224452157
-0.267381521577555 0.0349734203360673 0.0552398131617511 -0.0486058407677764
-0.23936521186066 -0.148009004702067 0.163783963471403 -0.00720536502139862
-0.0784045228520761 -0.294691332240424 0.0831618614270477 0.127742975667053
0.290298663353079 -0.215024351636576 -0.0877677707431154 0.0838533357867664
0.352526387320759 0.17395469284365 -0.13517271403564 -0.0379378134981013
0.149043497734565 0.396738909733205 -0.144255077010517 -0.153249025777874
-0.000820965066257929 0.236424280639304 0.237822587855052 -0.309164118651452
0.126839348896014 0.152873719338149 0.170968268723584 -0.284357526328156
0.164394361324004 -0.00603032929247262 0.0291760855182079 -0.342462222820143
0.052708747129174 -0.122021490631305 -0.202650769924763 -0.273433247510795
-0.0646188710920422 -0.11855665600699 -0.337428398897659 -0.0955078585764153
-0.13902237407506 -0.0554711201808526 -0.351275119740636 0.0858568716323283
-0.133797334420352 0.041419615157481 -0.268079639960043 0.178135679144374
-0.116666148240195 0.0861331055371167 -0.167465861264589 0.161738830235548
-0.1266177672717 0.0857735078527497 -0.107926485746055 0.0679048671267547
-0.193861042705876 0.0148986461544359 -0.00851541231260774 -0.0108274767053719
-0.163483534896428 -0.125412792304166 0.0772289289493057 0.00022937391297439
-0.025481661738322 -0.220045569697868 0.0189497987221733 0.0752171647722976
0.22975168637051 -0.130921640159864 -0.0854613036180042 0.0104588486894238
0.244552509654063 0.138997843671458 -0.101454722120678 -0.0691445557049802
0.10167574820584 0.262156413515918 -0.143186601703794 -0.24289676633771
-0.0230774896443085 -0.0689650392393439 0.148817123050616 0.294168474731093
-0.0849601981169315 -0.032017785027419 0.142756422329193 0.0756986828477681
-0.0834263570875063 0.0243312780088362 0.0753641772824289 0.00762745505215677
-0.0118325799765563 0.086527974878499 0.00491119199925965 -0.0670426964196955
0.061390747239958 0.055038061223267 -0.033888198999269 0.0225743872779058
0.0681752802812797 -4.76623740664696E-05 0.0713168581716864 0.0295986202451812
0.0446398000189171 -0.0257404669837394 0.138374077362949 -0.0731817233036622
0.0352479949951022 -0.014267922102075 0.194908317811174 -0.169005791984434
0.0440914145096156 0.00483281673411537 0.261049865447805 -0.204924595520648
0.0456407924331537 0.0342854526932441 0.341153546006985 -0.112671721971628
0.0123039843905962 0.0611996986790559 0.335304543663435 0.0419430098954317
-0.0337188673653606 0.0586515638856567 0.224646371456381 0.202872793527537
-0.0776114784058302 0.00112682591090149 0.0749477653925422 0.310825866219401
-0.0873702725492123 -0.0707523256319045 -0.0937276499384125 0.322741983383473
-0.0207134749044951 -0.109170566403593 -0.223929442964217 0.424636140987705
0.0264724509740669 0.108266333822107 0.152423025584612 0.304629531876973
0.0663196570966914 0.0489097232834015 0.147714377881858 0.0904287709499233
0.0533349200333157 -0.0350968479820857 0.0997210925783282 -0.00542952730413397
-0.0274582339053592 -0.048956264355233 0.00106862137350448 -0.0759824079529723
-0.0446135184766684 -0.0139759694178439 -0.0434616069792817 0.0228231143354216
-0.048136013220134 0.0132128404239881 0.0684365513689167 0.0434257098668687
-0.0407423028252946 0.0409339990364135 0.145651224316183 -0.0606795960066288
-0.0381326477420108 0.0592335661858607 0.194668511617201 -0.161126892582992
-0.0409611374155935 0.0577943860236705 0.250698957709378 -0.207138743134887
-0.0721513642478053 0.0231950875930318 0.33145623335764 -0.129719572785698
-0.0680888823872797 -0.0216561793026151 0.343316146808994 0.0118320443391027
-0.0286715061365978 -0.0468780527768555 0.246935129579533 0.172834001922442
0.0421325493891844 -0.0367550740756308 0.110797636802627 0.301751652804687
0.0291648589594935 0.0341065754550639 -0.0659488682681272 0.330250972281696
0.0011696721904821 0.0737740486060948 -0.205387098379699 0.428869816914946
0.0544766557368231 0.259874939669835 0.140971447357163 0.26629492397435
0.191032348429346 0.1278668316883 0.150293054199945 0.114964960336414
0.181761123865411 -0.0767901010519044 0.156883355867626 -0.0396334880413772
-0.0244319869517001 -0.170475961782529 -0.0111239673127648 -0.13231376047491
-0.132284051883687 -0.0881919301660986 -0.0955236544823773 0.00683865941418138
-0.158491650391121 0.0130812198869362 0.0221335084307793 0.0676988456709492
-0.125251523718204 0.095852772101313 0.117361906589692 -0.0271440904280064
-0.105760021707136 0.125571988603831 0.162791459101757 -0.131519465615122
-0.113603626390238 0.108715119272612 0.2068574972065 -0.187834263222358
-0.173888744345851 0.0239069198204069 0.291671575176424 -0.145175637326325
-0.14558655791082 -0.0838729080174896 0.339109448500685 -0.0298928554149305
-0.0432820965789208 -0.141195376779712 0.271647868507377 0.144725233573209
0.140758195882199 -0.0934578541200068 0.12565259995162 0.294167162188386
0.153580332278285 0.109032918495964 -0.0684449377738943 0.307494679588926
0.047124675844079 0.241606377876338 -0.185023561210965 0.37041136111964
0.0514244906223727 0.359360593976877 0.130825608812323 0.195514754750656
0.258228964644652 0.188911799803251 0.18348871980031 0.120150974829575
0.268083750599764 -0.0910333739836963 0.217073578919281 -0.120687109457606
-0.00611275968591766 -0.247843190471821 -0.05126073404988 -0.219037054919656
-0.18129055001083 -0.149620175080043 -0.179007666778349 -0.0161952853413095
-0.239615130723742 -0.00278568571230411 -0.0566858447419276 0.0959855365587528
-0.194073484706824 0.126759008603873 0.0580540301799639 0.022186785647839
-0.159242680686163 0.171827751407893 0.109063903794752 -0.0766293673903878
-0.166463969367063 0.149136159617953 0.145735742594027 -0.147645411629047
-0.248793114813134 0.0341375846570443 0.237644274778932 -0.147042295094242
-0.211714093300412 -0.121940885356235 0.324430020041028 -0.0618842906583989
-0.0739791294976817 -0.21773583038368 0.278931348072622 0.133205552747122
0.2147068613508 -0.16326280482724 0.104185810877319 0.282225906303368
0.268398778195236 0.152002642893085 -0.0997865413047492 0.250189804411454
0.10259107450406 0.371310338923972 -0.166666648389334 0.261417394235108
0.0301301757485679 0.40733624525527 0.149950626463178 0.0936465791218707
0.272374528914643 0.230500917630601 0.235753277747149 0.0576178950843098
0.304185793097017 -0.0776553753826922 0.22351523466223 -0.232166645350938
0.0208692273674575 -0.271195968898861 -0.115973207895391 -0.2852361249669
-0.190272249241036 -0.187054301701831 -0.258051384019964 -0.0365591015546152
-0.278946559014263 -0.0261318488411982 -0.146939799102579 0.113038739654912
-0.234085401274936 0.133292015954025 -0.0251879067887679 0.0740905976083507
-0.189318345312762 0.19211225806526 0.0372365184685065 -0.00813380485342564
-0.193753904887002 0.171536488648411 0.075705011739171 -0.0915035491524351
-0.289665094863156 0.0499511675014483 0.177609425419986 -0.131816320823488
-0.257760586198657 -0.135796198340894 0.294098998261249 -0.0683087042942183
-0.107099258494047 -0.272053113255923 0.251013910829311 0.140639564580727
0.259841878737844 -0.226623560957085 0.0408419183861528 0.251971635646075
0.355339481340176 0.165383482464041 -0.141160007641271 0.157259348302019
0.153108127076288 0.44413471151647 -0.154516297411556 0.120741494732481
0.0113667602070774 0.401699884819843 0.187831158115192 -0.0386614736565504
0.250122461780973 0.240435385625922 0.255790221386539 -0.0663404014112424
0.295987846897754 -0.052687746280373 0.167736302518138 -0.316888122497822
0.0453377498060156 -0.251668488940833 -0.171735364889341 -0.304891624154427
-0.16926863998288 -0.195244190315889 -0.309268750695191 -0.0543994387583212
-0.274077756302743 -0.04444111058979 -0.232017033238004 0.114645132648623
-0.235619242380765 0.120189546748097 -0.116740236541245 0.121711367525123
-0.190594446434016 0.184439885367049 -0.0379822861762612 0.0636501307445518
-0.195119835516952 0.170911939717525 0.00607122425476077 -0.0292358090879415
-0.295248788848276 0.0583837359522883 0.115142615736513 -0.0974643139092226
-0.274598557155406 -0.137688324433877 0.240367049208515 -0.0469826304981643
-0.119172214966574 -0.299316231970258 0.177340320908527 0.147223414186975
0.282866970182218 -0.255623555711575 -0.0384412130758773 0.183896915744469
0.39087089812372 0.164601865976351 -0.158720462871823 0.0506217034752715
0.180093534084206 0.450585573738405 -0.150803885296412 -0.0220695539450338
0.00612623390768441 0.344190203389414 0.218484158630351 -0.185532082466193
0.202514212208142 0.211563469871274 0.221750944190193 -0.195752023234232
0.24648735317714 -0.0302594484281557 0.0865258798712438 -0.34900278370191
0.0541255984754386 -0.20022982547805 -0.201454987412542 -0.290841010229231
-0.126795911548173 -0.169199738105125 -0.332381812804358 -0.0716749027057061
-0.224705657747719 -0.0517836113818495 -0.300613558261245 0.10832980151813
-0.198502681967807 0.0905922701847444 -0.198377649964948 0.162142900409391
-0.162328284106028 0.150107202072489 -0.105647924897987 0.126479667539637
-0.170173617235392 0.143479308160807 -0.055992257982631 0.0291730106516684
-0.264741852328331 0.0503067372387936 0.0504694456946553 -0.0520487132288199
-0.246809825974407 -0.136450613556775 0.15979835959228 -0.0187614229384311
-0.0906429484392198 -0.287632875854748 0.085615555259125 0.123437149270612
0.279193890017744 -0.225898214868798 -0.0858306052176897 0.0909792736043687
0.358092105892703 0.157008184156171 -0.138918131701814 -0.0303452397768717
0.167395806036155 0.389144719823155 -0.153004938494349 -0.145855594134613
0.0103530982185719 0.235505657290261 0.222469467769131 -0.315691896333354
0.133931740755443 0.146939731178859 0.158467310499441 -0.287935846004403
0.164085295928242 -0.0146024543091875 0.0127667648487144 -0.343451412945543
0.0463648303415982 -0.123879512981054 -0.211705494444647 -0.26382252355747
-0.0694000200663429 -0.114519691241973 -0.339731290222003 -0.0787816155086691
-0.140453567513125 -0.0463581182318984 -0.344194606551143 0.103841530640408
-0.130532664295283 0.0487655287296723 -0.256708697195599 0.190965010671535
-0.110147292676196 0.0927649608225617 -0.156666026737125 0.168917448537038
-0.12184469301889 0.0913838387570254 -0.105067664859852 0.0745677232125138
-0.192150454828958 0.025777054049257 -0.0104726622251523 -0.0121053284752099
-0.167876405936222 -0.117369291965323 0.074065889961221 -0.00568499480036509
-0.0341553764983614 -0.216536693606346 0.020671727366071 0.0749801548555482
0.220412033090971 -0.140773284685719 -0.0858914020296466 0.0190424383421836
0.249600342241631 0.127131691259147 -0.106224829846008 -0.0624805649842704
0.113909049653547 0.256828093473675 -0.155039714967446 -0.234503863857571
-0.0232763777459303 -0.0651260774255528 0.158222935291228 0.279767739512056
-0.0824927514684311 -0.0265033304976731 0.145962967656245 0.0671847051015067
-0.0807019231396338 0.0278718195963204 0.0761903834246521 0.00108756295787836
-0.00712205891139772 0.0841981229372184 -0.000966466385805849 -0.067114422857128
0.0623711457353999 0.0499273645103769 -0.0300604399753132 0.0233600556635301
0.066753550824388 -0.00422442876949418 0.0719011630637838 0.0232399978788809
0.0423000228877291 -0.0265834575159973 0.129280007474245 -0.0778676150782814
0.0338686797577103 -0.0163113845392567 0.177447640401968 -0.173299933921075
0.0432153671573501 0.00112785004855609 0.23933129033491 -0.213299805916263
0.045712805190152 0.0297759260654479 0.323405914657484 -0.128279606532893
0.0153741379290948 0.0591758113721353 0.326552313483432 0.0228808013962878
-0.0289236590237237 0.0581988703976526 0.226699665507175 0.186083643002318
-0.0752716873386423 0.00429348455928496 0.087500343557599 0.295617124235261
-0.0875011753468981 -0.0643051066989927 -0.0786735665015134 0.316932559440455
-0.0229757252656698 -0.106069659004491 -0.198460764007516 0.422370962691875
0.0318976138190542 0.103734033556231 0.161954489913303 0.290487274336474
0.0664394805449678 0.0446786144493673 0.150837149636419 0.0812076558601153
0.0494769142548903 -0.0361818100285704 0.0988247495181218 -0.0139995724880349
-0.0291995165368476 -0.0451303001618968 -0.00398935929534498 -0.074785839262575
-0.0438695533310705 -0.0118421828746197 -0.0400227012739227 0.024171112806047
-0.0457637206083115 0.0152015824145594 0.0697932202561082 0.0371932523510243
-0.0363229761004476 0.0421075045686347 0.136710703703076 -0.0672136650896179
-0.0325695886180914 0.0600192974178667 0.177510389187593 -0.166953556245027
-0.0359865061987323 0.0570470978600399 0.227939261834538 -0.213806637398777
-0.0693050715818243 0.0267388896131658 0.312400527992636 -0.144497249276043
-0.0677020765240343 -0.0160586027849014 0.331761047709744 -0.00824667371811195
-0.0299602951568123 -0.0442693153845275 0.246611157500163 0.156370712301406
0.0390712002449246 -0.0391289552296271 0.12132956719826 0.286627053305459
0.0315612674821419 0.0317136139345551 -0.0520630358094063 0.321760834021744
0.00714435117195524 0.071235863198746 -0.178651228694052 0.424387925676535
0.0656185448017896 0.247917447983129 0.147667575408458 0.254663834360494
0.190181604808394 0.115558878671921 0.153073731248274 0.105667398938576
0.171452428324793 -0.0821700577234393 0.151542776035255 -0.0487365640868754
-0.0310549573256098 -0.163243092496604 -0.0180369933744672 -0.128962287848394
-0.13244160417019 -0.0792045205624271 -0.0922464965379412 0.0110550355921666
-0.152199779584464 0.0211773111733997 0.0266669054863567 0.0634639150328157
-0.115372583644959 0.0997314304619176 0.111724215271727 -0.0343277812112497
-0.0935722541700383 0.126737797326883 0.149726640008125 -0.135850959856062
-0.103115008248697 0.110408036689944 0.187649037047485 -0.193367445911889
-0.168145958231966 0.0337257045417652 0.273329884134536 -0.157580193182357
-0.147163603771585 -0.0727383340038143 0.32583693942608 -0.0491955292508072
-0.0491757854792873 -0.134072074666758 0.267687535805805 0.128036355310964
0.131951144941486 -0.0996060771888024 0.134817988748286 0.278684733145548
0.156909751178095 0.0988879043019348 -0.0559690875881976 0.300232436830987
0.0605470259997802 0.23174141919773 -0.162752989559054 0.36655690602725
0.06650158267134 0.345846126222856 0.134299824289922 0.187311844626798
0.25788658894278 0.172128296612364 0.185518731033016 0.110008355660701
0.255850378978295 -0.100115687653089 0.204464062065879 -0.13039630015412
-0.0172394024354665 -0.23922858095179 -0.0598870708618882 -0.210254344843052
-0.183262110458522 -0.136119358656241 -0.174562745747207 -0.0074398924268344
-0.231848612298466 0.0105195990534298 -0.0483337231699565 0.0943950684132578
-0.180275683239918 0.13351755422833 0.0569112319258167 0.0165873808362361
-0.143488694921701 0.174536392446314 0.100476477541454 -0.0804534841399119
-0.152525027682001 0.151988889524393 0.130897417234557 -0.150142845193348
-0.240227648723581 0.0484588155804486 0.221110151027442 -0.155716856226605
-0.213380124288808 -0.105504071362574 0.308851590203869 -0.0785401287528987
-0.0829948244452426 -0.206469283664978 0.273430553827104 0.116768266044104
0.200307526965393 -0.170832121600092 0.112899834486098 0.27034932356117
0.270698978515164 0.134105660421915 -0.0896057111497475 0.246782341341772
0.120224249387417 0.355564861979187 -0.151193793440563 0.259691644208271
0.0485741118397136 0.392384430422833 0.147684836551052 0.0880419545925274
0.274947220738238 0.21105006514848 0.232899472480892 0.0462779817614256
0.293528809221881 -0.0894446057043398 0.205541847864331 -0.23744749231576
0.00790909643157257 -0.264076082786147 -0.124601241774205 -0.271611865130444
-0.194741883212217 -0.171778591015026 -0.251895301615079 -0.0235806785795275
-0.271338930906514 -0.00919613164404782 -0.135082419721069 0.116247620230263
-0.218990970516717 0.143491960494177 -0.0209199115451316 0.0710990391471095
-0.169720386377103 0.196204160974849 0.0361639864397152 -0.0098187674327076
-0.177609651123651 0.175524473684506 0.0663525899271928 -0.0921912640761057
-0.279078721632847 0.0657731746151491 0.163438182017075 -0.137406378793164
-0.25941077125936 -0.117309496531568 0.278452276111757 -0.0843088802023692
-0.11663567437954 -0.257588363635755 0.245985577359112 0.125973209025481
0.241396282905067 -0.233651285906543 0.0499554847373196 0.243461680959767
0.354370472799191 0.145313793994598 -0.133342312276751 0.159413697532819
0.172000483344579 0.423292424777235 -0.146387461790335 0.12408908006374
0.0292036586200848 0.388962782874476 0.179082959632738 -0.0424478299100248
0.254141055761941 0.224287687444982 0.246105152264259 -0.0741894154252323
0.286532409248611 -0.0654859230076933 0.146335233536964 -0.316878267255684
0.0320945919049078 -0.247161948185555 -0.179862096303903 -0.28796317866479
-0.174144225171212 -0.179811203924721 -0.302829640152144 -0.0386508378138005
-0.26701416472251 -0.0267496914533308 -0.218218183501363 0.123359948819019
-0.221353191196641 0.130013811901009 -0.105799618958249 0.12250979533767
-0.171501129157759 0.189310760942709 -0.032826463562498 0.064192557045029
-0.179301631586108 0.174534509004108 0.00303729169971457 -0.0282043574589458
-0.284023782121564 0.0737334918110374 0.104552558381576 -0.10069615553176
-0.274267588658594 -0.119397872867327 0.22648395280474 -0.0610353235418286
-0.128365403525977 -0.283308744012311 0.175594583355294 0.13555093441372
0.262810091082453 -0.261975280953593 -0.0298003908869896 0.18192171773014
0.38789688775616 0.141928295343441 -0.154316285989629 0.057030947913836
0.197714489446118 0.428006288630364 -0.149602810098617 -0.0151411936796528
0.0221504399585715 0.333884823548634 0.202467504450655 -0.187080293005263
0.208242044008776 0.196764164756188 0.206776410524506 -0.198200257791912
0.239023842820152 -0.0422738130347905 0.0668558860293127 -0.343821590326111
0.0422111722486647 -0.196949587396741 -0.207062441144692 -0.27288548846326
-0.13161599748427 -0.157438158604109 -0.325695102320158 -0.052970098105361
-0.220066734421849 -0.0362091881447368 -0.285276002946204 0.120854355850486
-0.187289974593687 0.0994395490474598 -0.183195696115648 0.166862551784606
-0.14687747610314 0.154223430615271 -0.0948337982868891 0.128008562793366
-0.157138562197855 0.14748977483849 -0.0539316280181617 0.0317178240204386
-0.254029259192451 0.0625610531296517 0.0438595547084315 -0.0531320160779927
-0.247329831796913 -0.119428060602944 0.150178266987064 -0.0287658533237592
-0.0998992513129037 -0.274108036617973 0.0866622379546448 0.117227803260551
0.258982424687592 -0.232057661853117 -0.0795486887442725 0.0959874325180449
0.356476745569491 0.135151832190724 -0.138308908912942 -0.0215829887777806
0.180994062191547 0.367723048275928 -0.156801332419842 -0.133133864987263
0.0205579747746141 0.227810253441561 0.201312691456554 -0.314232702289713
0.137806580439732 0.13801807414212 0.1413651238543 -0.284327021324849
0.159446545358629 -0.0235087444730798 -0.00497086361558963 -0.334448888605906
0.0390936682237746 -0.122421039883811 -0.216324522004627 -0.246097823543251
-0.0734770509378823 -0.10699815558614 -0.331975886813615 -0.0602170926993022
-0.138352432681772 -0.0356295272456607 -0.327016051759426 0.119953376014656
-0.124018501994614 0.0559966078268779 -0.237247485190151 0.197770577090328
-0.0999301950195353 0.0956344712575477 -0.141990659061123 0.172218897764279
-0.113591920184505 0.0951832539058564 -0.0972792310448544 0.0783550512607248
-0.184480278990757 0.0355486876433407 -0.0126611743891695 -0.0110491185372715
-0.169324457162007 -0.105691895140626 0.0690633485793005 -0.0119598244411136
-0.0427193341138367 -0.206649072634226 0.0223891044082141 0.0731971339376185
0.205832782837587 -0.145483246650848 -0.082831274258074 0.0264235818205865
0.248910128301162 0.110913267963097 -0.108818422347996 -0.054225570323176
0.123380133716823 0.242126468013894 -0.162690393639333 -0.218360364237411
-0.0281636850476611 -0.0597231024596739 0.186112623068028 0.253869690923255
-0.0788107440186569 -0.0171605120892653 0.151898244096856 0.0463967931775437
-0.0739142310792415 0.0355757534613873 0.0780730694757436 -0.0128061788202279
0.00157471383774071 0.0803654055632205 -0.0103810452121722 -0.0657467286166475
0.0642216082947372 0.0391306459539653 -0.0251596117848259 0.023492188959989
0.0629429119227704 -0.0125342281576715 0.0709700060367913 0.0108721676428591
0.0377436281448107 -0.0305792814117263 0.113427870799305 -0.0906358977324963
0.0307105943268614 -0.0196484137967089 0.144448190000697 -0.184065892316513
0.0393793430950607 -0.00502929796680495 0.19838139380451 -0.228668403824457
0.0437216127798592 0.0214553589161494 0.289339886043066 -0.163367691060779
0.0192818841785609 0.051967625374544 0.310989075567178 -0.0163796063316808
-0.0206626453978447 0.0536847172779302 0.237396321177646 0.152871557649192
-0.0685805782659402 0.011519739532245 0.114169579546067 0.271387946726763
-0.0835317906277256 -0.0494702096957843 -0.0445182118303202 0.307085603920011
-0.028294805529894 -0.0938578791161937 -0.139891546303656 0.420930048359039
0.0472745348141744 0.0971531933886405 0.183517915815183 0.249851475142864
0.0683253726488984 0.035421680097078 0.153343706712091 0.0569181524231247
0.0422327104134286 -0.0396520640872656 0.0904068439425684 -0.0264276248232652
-0.0314931882749104 -0.0395576779670612 -0.0160241499345528 -0.0687959112946834
-0.0424578351172759 -0.0066923575716806 -0.0328510353233566 0.0294640748667382
-0.0408550914566469 0.0186651237824199 0.0736026017400644 0.026695687214583
-0.0280356435472869 0.0424859259726784 0.123658331360343 -0.0795645877622178
-0.0228626750502172 0.0595198869091254 0.145399590612871 -0.177499765659098
-0.0274691394486001 0.0570820784968111 0.187410966406125 -0.227515286474725
-0.0635762148660244 0.033511422096705 0.274199804283324 -0.175359861308149
-0.0683474371983925 -0.00757372620158066 0.311484893982703 -0.0453976974596317
-0.0329083606712964 -0.0409767693491152 0.250101496962931 0.121328931967676
0.0324374094860604 -0.0444640881429723 0.146751192667076 0.255049608502601
0.0379216320509682 0.0241175713684167 -0.0123639981160231 0.310980470225948
0.0230577099712555 0.0658934836773688 -0.12095546785289 0.42668018533318
0.0987638152507608 0.232077477021107 0.159554766809348 0.20686743801225
0.192979368399557 0.0901088872774566 0.153876044357337 0.0773108291894004
0.153655496173603 -0.0966367787436857 0.129588933587103 -0.066458371178901
-0.045158158977498 -0.149892545644153 -0.0372863964948452 -0.115084423898868
-0.133458989849553 -0.0613633692472616 -0.0831383043733736 0.026520415406435
-0.140649221395897 0.0367480947907241 0.0382166013852695 0.0594260909215786
-0.0951922780917168 0.105654902098737 0.105063560852383 -0.0421766557819968
-0.0717356641557177 0.130187903971706 0.122038483209792 -0.144887351634992
-0.0839949734856793 0.115298509363288 0.150661218060751 -0.201115408353498
-0.154761806981667 0.0532538269561127 0.234114329498105 -0.180704674051445
-0.149563193165408 -0.0494167107431952 0.297511741283354 -0.0816483446077948
-0.0619683254515885 -0.122270230067319 0.264109684083357 0.0920221009198407
0.111178875970041 -0.113997210934434 0.159111715489018 0.243010335010085
0.162193417354357 0.0710010184420186 -0.0114659245746566 0.289473968633692
0.0914644942353095 0.207628076072293 -0.111663750226945 0.375059889927588
0.11181853094307 0.325632649786909 0.137488342685883 0.137196077052579
0.2640152905054 0.137082029102987 0.182089032750227 0.0767727209680583
0.231076175195183 -0.12448501432556 0.165450582807747 -0.148245331758399
-0.0394747530458164 -0.223180423788847 -0.0888032987842386 -0.184291352045692
-0.188092490400838 -0.109115203266546 -0.162918170037994 0.0230239461562567
-0.216445313112049 0.0366838695477104 -0.0282719128249236 0.100799878142045
-0.153361592428404 0.145533078696822 0.0593938334775469 0.0146925486146162
-0.111787856909843 0.181473265921975 0.083861808577865 -0.0859709679309104
-0.124421871379249 0.160437040665239 0.102907039421136 -0.152389779715561
-0.219319644716087 0.0763368948986733 0.184053828798319 -0.170158089913418
-0.216826043525848 -0.0716820609108214 0.27709562131346 -0.107217821064024
-0.101248242783883 -0.185767504318851 0.265448768994698 0.0804824737066359
0.166217247960941 -0.189962095546072 0.136549959498658 0.234646348013435
0.271541725108787 0.0920421314322035 -0.0433949596154091 0.243036906320912
0.161308096109387 0.314439589470631 -0.112186543550123 0.276406429190048
0.0993165606973461 0.373328511618576 0.139549591351058 0.0377374218220766
0.28391745681808 0.17325691916464 0.219044110469593 0.0112914024946942
0.268248551610656 -0.119889880062535 0.151188610381081 -0.25040683287719
-0.0188808657333181 -0.250728917314789 -0.15922157663847 -0.232989008175882
-0.202741011693077 -0.142053343273452 -0.238528522177915 0.0192467901571623
-0.255970498799333 0.0226700027336114 -0.107820142025895 0.134050919691305
-0.188121341059003 0.158515491116817 -0.00877922516239376 0.0772629804057862
-0.134512024759085 0.204842342231336 0.0323930602264926 -0.0120254274952068
-0.145781477329656 0.186405388551245 0.0499013010657394 -0.0891264882368872
-0.252838176300966 0.0966690891793608 0.131431464646311 -0.144257106448779
-0.260940736687255 -0.0777669046618803 0.246082819908957 -0.107714583381048
-0.137708382487144 -0.229797462259501 0.23917572696793 0.0919430128296684
0.197496953769731 -0.252435324046241 0.0726294271251531 0.215401421005865
0.348432320885041 0.092732499127935 -0.0915802600703608 0.163716273726615
0.214455606924277 0.37017861708971 -0.122534582329079 0.147844596162786
0.0803783090968543 0.373366043776615 0.156521301761559 -0.0900572861250811
0.268053165651586 0.184982450322758 0.21738390139801 -0.105033578862209
0.263662701946905 -0.0983361658580828 0.0860816822335107 -0.319586205466728
0.00405842178315468 -0.237385955273004 -0.214261962050346 -0.241937523130377
-0.184032446820773 -0.152022683349473 -0.290614143597303 0.0110757374571788
-0.254092488476791 0.00700874082642708 -0.185741507048153 0.15072754285955
-0.192111086191373 0.148025392193582 -0.0840789447415156 0.137746569686357
-0.137169591515892 0.198638358203877 -0.0224804657479944 0.0653540905914229
-0.146707850607068 0.186093360422203 -0.0022413723980001 -0.0208614044664297
-0.256911105249985 0.104166304261291 0.0806018656622444 -0.101800791441294
-0.274450874452758 -0.0790183228039858 0.198661599311824 -0.0789881164514156
-0.151385797313427 -0.251638271890348 0.172079050438282 0.110484546087277
0.214361628853679 -0.279848018632994 -0.0105222299142354 0.166223999767726
0.377537436364699 0.0877091535827872 -0.121526423448798 0.0691393522465648
0.237726842753636 0.370420146929076 -0.140536359923794 0.0173713916032184
0.0646773483562875 0.318612803450778 0.162665615401755 -0.225670653659105
0.220209631555172 0.163469951735401 0.16608238832754 -0.216838915132819
0.2205679706596 -0.0699909992159923 0.00945124566332683 -0.335291792252139
0.0187182577209114 -0.190407483846743 -0.237612104030757 -0.225702446866414
-0.141774290195127 -0.13477176629304 -0.314386690976855 -0.00206364874886357
-0.21073049928013 -0.00679645920380024 -0.251164720863053 0.15621030712181
-0.163942281813829 0.115880240636062 -0.152976120291132 0.187884950651158
-0.117966518960893 0.162720317870677 -0.0730512373756489 0.132612178631815
-0.129591998817744 0.158213643349244 -0.0475336436089932 0.0417751756918132
-0.229424384467551 0.090125410201372 0.0299883866724477 -0.0499646057362719
-0.247483347888104 -0.082632472197539 0.130706710926496 -0.0399226334141861
-0.121681746482928 -0.245336405376384 0.0862805184293817 0.101880658775808
0.213047774108766 -0.24796707206002 -0.0655467804773256 0.0906227871769023
0.346279320348175 0.0856409417790728 -0.117335733475268 -0.00579004298001277
0.211675433063598 0.317140102994771 -0.161850761395133 -0.0959842419143934
0.0492888425447255 0.21691630039594 0.148660438600533 -0.338543843713819
0.147592600192327 0.115188410311089 0.0956064980675444 -0.289239332560078
0.146685896816948 -0.0420349783583136 -0.0530741837233262 -0.316952513241588
0.0233766390322449 -0.12011667769074 -0.241301483415398 -0.202569696668794
-0.0803267561507584 -0.0934215076245257 -0.322923889774207 -0.00957042482404571
-0.133629347722437 -0.01649810040782 -0.292471570414242 0.158137066264775
-0.110294012715289 0.0684543431466392 -0.202208491413442 0.223216451863914
-0.081190564016823 0.102019585382789 -0.111414589311975 0.180292365313324
-0.0946179941723668 0.103096738075415 -0.0832614864138418 0.0891073243452148
-0.167622722247741 0.0560386203258871 -0.0175016339360239 -0.00474304856033886
-0.172040584725755 -0.0790856065924315 0.056771515063597 -0.0158970920302724
-0.0603451033139369 -0.188063370200472 0.0231069629377706 0.066437376500723
0.172662483667618 -0.16059183039329 -0.0748051188693076 0.0300534966343109
0.242770509255013 0.0746394451347145 -0.0984461915287412 -0.0379796645555086
0.142069267830007 0.208490486988174 -0.17883329342502 -0.179568339157162
-0.0250184463784491 -0.0584829183675939 0.176598704896648 0.245175959575818
-0.0743195822751028 -0.0178219767459487 0.148346656510573 0.0446749885732253
-0.070886105474138 0.0336142619640711 0.0758318795340385 -0.0150117812778553
0.000645553281604597 0.0764254275496799 -0.0122068884871803 -0.0629586588188523
0.0609990810088446 0.0371663612555274 -0.0225149554917932 0.022331261463715
0.0595968694413825 -0.0119713115110664 0.0691262007299263 0.0100390563571709
0.0363644255355226 -0.0298893230241619 0.108380688160047 -0.0851948448534196
0.0299892721965662 -0.0185256550177484 0.137117859311425 -0.174290649707262
0.0376049540476681 -0.00604269074634015 0.187781995585807 -0.217152539589323
0.0414737009730187 0.0204580311171724 0.275273131281895 -0.155351431984252
0.0189433901903356 0.0499865496935471 0.296015054596113 -0.014788425890888
-0.0196226587001357 0.0504329825396398 0.22567679158814 0.148306287064018
-0.0658390919151708 0.00921263174207303 0.106231615759937 0.259256457196213
-0.0789719133229979 -0.0485193372337462 -0.0475965970743286 0.293660595586486
-0.0253559122943977 -0.0908486858994819 -0.137344534065949 0.400388704929669
0.0458638054035981 0.0911028933817806 0.172613755509397 0.24339550010253
0.0656316253457805 0.0341980006268176 0.148431454548449 0.0549215469119385
0.0406444848698437 -0.0361846529563723 0.0875336875329434 -0.0288123952571006
-0.0288087643529362 -0.0370253881877434 -0.0164693577515463 -0.0664918122208558
-0.0405703726835309 -0.00748600463994353 -0.0315831027878377 0.0276580146744748
-0.0389738861759735 0.0175849357277444 0.0714253890905397 0.0243782316286021
-0.0262254193769667 0.0400207874322835 0.118278895789436 -0.0753849571774037
-0.0205240865115375 0.0566788962097409 0.138371096321143 -0.168501140665092
-0.0268581194194615 0.054351097426443 0.176906578717828 -0.214868908367796
-0.0610706452136731 0.0327081950566324 0.260462342425683 -0.167637503711792
-0.0655541188764695 -0.00621643005605249 0.295978799176459 -0.0436429021386541
-0.0316975886808426 -0.0395506701436923 0.237087622096419 0.118822227747516
0.0307315920926136 -0.0438223723820175 0.137409559322012 0.244008856269626
0.037939784658395 0.0226774480977332 -0.0173707027148768 0.29619825016325
0.0227747290655853 0.0622819389693085 -0.121158170240197 0.4067606102161
0.0921668072064448 0.220936453159353 0.151765101755431 0.203423160440299
0.183666377651893 0.0880120260175267 0.148030367014183 0.0761674781787309
0.14749304184148 -0.0900219667952566 0.125104956633629 -0.0642903371739694
-0.0409927781265935 -0.142588593093774 -0.0349430155979268 -0.1111303808215
-0.126649877423949 -0.0594576575672313 -0.0801895531191522 0.0250391268245663
-0.134150416348052 0.0346632554002124 0.0372388328726528 0.0559821857188901
-0.0906259550969401 0.100770274102062 0.10004369281736 -0.0404217265015896
-0.0669446650724023 0.123707150356672 0.116490227662678 -0.137228354485281
-0.0800769743269298 0.109114204029033 0.141774474776918 -0.19053474000411
-0.14797182422954 0.051790760448874 0.223000114177378 -0.172521920358035
-0.14346875781415 -0.0467644874441755 0.28201458093 -0.0779831575839644
-0.0591460090529892 -0.116816746404445 0.250294721137891 0.090602275003725
0.106739249070098 -0.110170257066251 0.148702905455406 0.232969398442887
0.156536815072484 0.0679434173974946 -0.0167393071963892 0.277028024512387
0.0880517738132194 0.198498839399832 -0.110250216117243 0.356344362036692
0.10356295088956 0.310107036642111 0.130956841106729 0.136168826039267
0.250467569854759 0.134688718760463 0.175536813071875 0.0760933034676711
0.222088468637837 -0.116761173904943 0.159278276940039 -0.141858963241863
-0.0356216607511648 -0.213704239727645 -0.0827161932505309 -0.177071757000926
-0.17917730016022 -0.105532259308205 -0.156413533497376 0.0201120027107147
-0.207020024750684 0.0345990184829613 -0.0258051904536238 0.0950696337024519
-0.145730606161005 0.138191837888056 0.0567631945061719 0.0132217442814238
-0.104815388209582 0.171629867140569 0.0795289806169869 -0.082228368557935
-0.119096063913366 0.15240647233059 0.0961500890161714 -0.143982883359943
-0.210450804599684 0.0734553393622079 0.174649592897619 -0.162587830422162
-0.208028725127884 -0.0680417390243737 0.261513516555103 -0.102941038796117
-0.0960153731582687 -0.17808426384827 0.251918373520976 0.0813276928430641
0.159760083873822 -0.181713981634671 0.12733009913361 0.225760345746172
0.261812443345138 0.0888940586979338 -0.0476643184016388 0.231999106857637
0.152804188979524 0.301089307441678 -0.110367246024731 0.262292766431812
0.0911851372196482 0.356305985706989 0.133263874304187 0.0413835442856891
0.271233585403614 0.168912045578117 0.210041943470083 0.0142753784970907
0.257963788693128 -0.11345042478389 0.145484865806164 -0.239511254381144
-0.0161054492238396 -0.240509170879152 -0.149351638623073 -0.224782890330837
-0.193043334923791 -0.136789518360807 -0.229219060200048 0.015772444177668
-0.244675178161951 0.0222137877375572 -0.102375867174309 0.127332634979645
-0.179018200303709 0.151343638295482 -0.00787575923177973 0.0725966078600599
-0.127630889167907 0.195147667564359 0.0304551373484361 -0.0114068354579199
-0.139310026906285 0.176589638728191 0.0459669842261832 -0.0841294541579742
-0.242507264086172 0.0933429332183854 0.123368353464191 -0.137697604202894
-0.250168463752933 -0.0745754157613378 0.232773406930217 -0.103204579842967
-0.129790503288573 -0.220472197316654 0.225298934685541 0.0919651188035743
0.190451789991387 -0.24132175412939 0.0666145503860816 0.208390639204503
0.335228633726285 0.090520012653326 -0.0920901554430886 0.156666691013287
0.203491513536031 0.354942047743873 -0.118831902520242 0.140448526583633
0.0740460639509861 0.35632549923901 0.149973461980694 -0.0810257744302022
0.257214694950333 0.179527440069246 0.20904322170811 -0.0964864503691236
0.253626457050156 -0.0929504994692087 0.0837941695564974 -0.305805094811153
0.00491937001908458 -0.226802166889514 -0.201757424763812 -0.234286200992608
-0.175241137028132 -0.146477364813091 -0.277617784489754 0.00807954774744972
-0.242720016544051 0.00608524600767954 -0.177478930363891 0.14392842710246
-0.182904878495231 0.141517909561032 -0.0804014249794461 0.13030240779802
-0.129203390306386 0.188962392491518 -0.0217218133268654 0.0618155400821415
-0.140906693773496 0.177051604024235 -0.00242737791790378 -0.0192485923410278
-0.24570553335929 0.100268860927719 0.0750306727462559 -0.0968744978962379
-0.264255642314315 -0.0763633219504484 0.187162612745389 -0.0755257989922344
-0.141793344045133 -0.242232575146345 0.162189676115249 0.10858254879984
0.206258985122699 -0.266129295280257 -0.0119202593412152 0.160606872705141
0.362767373859206 0.0867878992587107 -0.119599877297337 0.0670356768884634
0.22335614459185 0.356138500772811 -0.134876757535185 0.0154883971051165
0.0597645680373264 0.305291796611362 0.15833588660313 -0.211861431681201
0.212156279019758 0.15868848235416 0.161844074081561 -0.203170145216799
0.211973673021899 -0.0664339862353337 0.00990053659221707 -0.32008294426641
0.0186978941625389 -0.182498375033944 -0.224201680176285 -0.219040226119673
-0.134716520689941 -0.129179011134159 -0.30167531494159 -0.00450184583964132
-0.200947447541231 -0.00741345829332213 -0.239902298941489 0.149362861086962
-0.156550879038647 0.111392875120912 -0.146155406393134 0.178730033415728
-0.111391476223506 0.154586796849675 -0.0695120395255942 0.126083516847572
-0.124165156671875 0.150090648544766 -0.0462106964981797 0.0407666628942611
-0.219879693810003 0.0862069130359593 0.0262257234154739 -0.0472269531749045
-0.237049689665149 -0.0803730595979875 0.121836543939102 -0.0390519825880575
-0.11309211589747 -0.234932544025003 0.0807958427865591 0.0990445168672447
0.204726617733737 -0.234464513257899 -0.0631035950036744 0.0887143945096783
0.33017282899819 0.0842742025101181 -0.113950609982837 -0.00444917529576526
0.201517088693945 0.304272015080059 -0.154249220249754 -0.0925601640597624
0.0464517219049348 0.20761759891052 0.144937662571986 -0.320022227599503
0.142688701980049 0.1112345232964 0.0943856763509182 -0.273400923179832
0.140201718825333 -0.0411578873139633 -0.0493701488709809 -0.3027212850267
0.0226990974854613 -0.1147108111781 -0.228817700634577 -0.197148953660297
-0.0765748228282769 -0.0895749869758068 -0.308685218881253 -0.0120815076721753
-0.127685612654778 -0.0158649272203295 -0.279259363665797 0.151579624883209
-0.105089246454872 0.0657032565590497 -0.192889670308659 0.212212599902258
-0.0772126216898557 0.09709348360471 -0.107044514393222 0.172099732677499
-0.091305140157889 0.0983088754699651 -0.0796963069451142 0.0861395194152074
-0.160679576410817 0.0530825514768489 -0.0188565456278597 -0.00494878561043801
-0.164653298946838 -0.077182616733693 0.0517774955043754 -0.0157579863073885
-0.0547533439278808 -0.179431126460754 0.0214394969073114 0.0654002665559503
0.165245976128667 -0.151077405528141 -0.0710148771772124 0.0311227428069817
0.231278167933381 0.0729990728190328 -0.095998509173198 -0.0345802319593774
0.134363788094813 0.198360716180663 -0.170124748085797 -0.171217094026805
-0.0219874804123604 -0.05867435161887 0.167235222515824 0.248650511903018
-0.071393203668019 -0.020379438455352 0.147024573739353 0.0461799347034078
-0.0700831225077375 0.0313032804684861 0.0765944508156938 -0.0161626449066417
-0.000852497798124498 0.0757567672769796 -0.0116062590802023 -0.0621667781802485
0.0587100140955159 0.0379629487216325 -0.0214591155584394 0.0205747801297383
0.0593434905835023 -0.0104966911103248 0.0694902309170276 0.0100269379915668
0.0370216244289932 -0.0286602465134182 0.109037830301254 -0.0797162272863325
0.0307757830258066 -0.0177037453591061 0.138341481268405 -0.167325725346962
0.0367417160798402 -0.00486426647693535 0.188328756150233 -0.207805191638702
0.0400398548122354 0.0208073512397711 0.272576021922274 -0.146992082939094
0.0172580729111229 0.0493786164704501 0.291376124841399 -0.00671969478986931
-0.0210177578578428 0.0489072416427586 0.216623993636502 0.152282909422913
-0.0657403001006145 0.00715636906792954 0.0953838877080244 0.256934301518119
-0.0769563077634651 -0.0494413553004481 -0.0584055679143531 0.287421496093827
-0.0207449912742479 -0.091009241692807 -0.146566894824391 0.38783074795923
0.0422387964178863 0.0897150218855792 0.164596674655507 0.246853711735121
0.0633441071813777 0.034969616169254 0.146401317883352 0.0576624603088665
0.0410701522648273 -0.0335341767975745 0.0879593144704977 -0.0287722663817845
-0.026887758377617 -0.0370414341716319 -0.0151295776287456 -0.0663868553191504
-0.0395711461401674 -0.00927880753752826 -0.0315954711151583 0.0266720984594199
-0.0383390817359637 0.0160970578296316 0.0716671071955566 0.0250309746967244
-0.026257950146127 0.0381492335313805 0.118194911927722 -0.0705549785293779
-0.0204147360939103 0.054725473058627 0.138947503493049 -0.161171107491519
-0.0274966095767637 0.0513764857241511 0.177075415455117 -0.205986861420707
-0.061495710843252 0.0309281962601586 0.258423341949185 -0.158800512017057
-0.064129249839926 -0.00735546874478592 0.289631046104839 -0.0349507618929779
-0.0300318518839569 -0.0394571028132569 0.228458265179208 0.12427876031558
0.0306851239171202 -0.043323466381573 0.125608939835671 0.243132216329803
0.0372633645755935 0.0226494555423442 -0.0291283184779208 0.291126363886971
0.0222090029811359 0.0610465296253581 -0.130495731582864 0.394771691455479
0.0845327185614513 0.218378497176377 0.143937277297656 0.207214620793995
0.177565246583917 0.0918112088270452 0.1447422863994 0.0791510246539132
0.148164337625716 -0.0829644700587539 0.124801501429364 -0.0626194986646252
-0.0350732619889806 -0.140977807050324 -0.0320060325716208 -0.110414232855758
-0.123204894909104 -0.0627298287386314 -0.0793521040788669 0.0217833998994401
-0.132740586015477 0.0303681088764431 0.0374192049787885 0.0549371033590992
-0.0904566986391545 0.0965362664805526 0.0996883621206529 -0.0375702549741729
-0.0670671311081128 0.119220980777076 0.117150717042266 -0.131452352961302
-0.0806931305562211 0.1048018791333 0.142647784122516 -0.182533739825248
-0.147072188696536 0.0479826849201891 0.220146912965285 -0.164453286193217
-0.140711786739495 -0.0483774213462592 0.277325685598829 -0.0712157563356303
-0.0548848401201558 -0.116218711718729 0.241773342331912 0.0973851118947171
0.107208207312876 -0.106848035516405 0.137403284317677 0.233746840034094
0.15374807136596 0.0705721807728183 -0.0278625859759469 0.272878821261765
0.0819130629792931 0.196464929455147 -0.120632367616538 0.346783966408111
0.0931974954027726 0.30661842847256 0.125368322458719 0.1413311571932
0.242546696925254 0.140215461768848 0.171063140843927 0.0809807953952049
0.223013445063942 -0.10761667252028 0.160307348677635 -0.1372329896735
-0.027645003272804 -0.21092437455678 -0.075853644957577 -0.177853749578808
-0.173590544073755 -0.10955101634175 -0.155397628609802 0.0147532964613258
-0.20465850529166 0.0285762608709248 -0.026319830401853 0.092688058934527
-0.145903307624752 0.132733227849919 0.0550328465966642 0.0133925408670049
-0.105664959385131 0.165761145223612 0.0798020821452781 -0.0787253862573698
-0.12003981003832 0.146237850005162 0.096440261969796 -0.137417868493862
-0.208689875536726 0.0685667367284801 0.173722543811601 -0.156107504678235
-0.204247084488481 -0.0712269375865097 0.257117406752523 -0.0955997980989899
-0.0892016833068374 -0.177484938119515 0.244216865253925 0.0881746644893909
0.162251103782847 -0.175826332995089 0.116965435132705 0.226717393300919
0.256342662670066 0.0940169970872416 -0.0564495399265584 0.228011187559212
0.142942252674546 0.299962657488417 -0.117033924613028 0.254454463096495
0.0790997978786154 0.352194132178387 0.130529371812908 0.0485869114722594
0.263201511044901 0.175002782841734 0.207451952550717 0.0216118698225132
0.258663056903779 -0.103937156297276 0.149448195347482 -0.232608292156315
-0.00885415573729061 -0.236652377166522 -0.139708002969755 -0.226681759761769
-0.186662088313722 -0.140569424881996 -0.227051637273617 0.00907395678514455
-0.240300080845298 0.0161872838420888 -0.102024649200706 0.122149093093117
-0.179924070263634 0.144890319857449 -0.00967668233971865 0.0707100242393161
-0.127292738408767 0.187883576157343 0.0302250797373885 -0.0107378407210656
-0.140790173453557 0.169273935470668 0.0455211697538697 -0.0791643989067165
-0.241236893408447 0.0863772962397593 0.122993905267908 -0.132256171933481
-0.245956923952496 -0.0786505560381375 0.228593423710504 -0.0973679407010594
-0.121251426080907 -0.21990407156948 0.21841314702879 0.0987860681010932
0.1947940604994 -0.233637273941727 0.0579667426893305 0.208542079118945
0.328477189618047 0.0983226737610974 -0.09776452561391 0.152448335214519
0.189110018713232 0.354718047303842 -0.121729321499995 0.134387266526358
0.0612316281449491 0.351881995756165 0.150737739474728 -0.0712562017496668
0.248863766034237 0.18466587829626 0.209855458899614 -0.0866780230255767
0.25212958438562 -0.0847574838678364 0.0906338342059322 -0.298125648868595
0.0115475959483657 -0.223446935883216 -0.190884764849763 -0.23841374387516
-0.169650000326376 -0.148402349519111 -0.274079601280159 -0.000564147317789354
-0.238586127652044 0.000977818083587249 -0.176542809422371 0.136851138899504
-0.183112678134144 0.134693615237707 -0.0816983590251921 0.125841633580675
-0.129002850826224 0.18162901332081 -0.0232639858711547 0.0608968711663936
-0.142543780777294 0.1699486614462 -0.00295214821506961 -0.0168645426018373
-0.24498986490412 0.0929453979823279 0.0739241356745819 -0.0925813657804731
-0.258999290759142 -0.0809676611584695 0.182121955344612 -0.0703058047912551
-0.131340446772708 -0.24185747033219 0.154541681261629 0.112701872156089
0.21119824412802 -0.255291399325187 -0.0166921986319356 0.158866216397414
0.35596024107323 0.0956038572929502 -0.121736985883806 0.0635254696106918
0.209388218377837 0.354659745895547 -0.133602869809527 0.0118577534132001
0.0502501470491662 0.301522583923477 0.162028501556399 -0.200480480481723
0.206421194185442 0.162177534352127 0.166571992735766 -0.192485714204156
0.210158669449305 -0.0609170093738289 0.0181385010999679 -0.313493061310579
0.0227434365268383 -0.179599115326723 -0.214173936344303 -0.224040194995134
-0.129390103686727 -0.130868418133463 -0.297088370818597 -0.0131855568307747
-0.197187268869183 -0.0112014657537405 -0.238603697748286 0.14122339862696
-0.155767847102173 0.106049178033508 -0.147614193022877 0.171942023753177
-0.111558544402489 0.148838455467075 -0.0720399120892333 0.122481514293586
-0.126190656268632 0.144325995862277 -0.0467533626306164 0.0403120876589486
-0.218840753176293 0.0792568574422584 0.0246407762715293 -0.0454360362701588
-0.232029086021282 -0.085726991477214 0.117763360750626 -0.0366129264804154
-0.102564210905349 -0.233692039717702 0.0756845434259952 0.101202180728583
0.20805219989001 -0.224152091968563 -0.0647611781655707 0.08746736559075
0.323248934003205 0.0923690022210506 -0.113886302013551 -0.00634948928526865
0.187958478280012 0.301687521814905 -0.149287957534001 -0.0936656073438074
0.0393005236272454 0.205150092541672 0.152148690465312 -0.308766346575547
0.139699316211661 0.113574997198447 0.102696659820323 -0.263192583287234
0.138872817979336 -0.0370685833580521 -0.0404601813509411 -0.298494405664369
0.0253186145103754 -0.112480462091311 -0.218192923504738 -0.201313537300941
-0.0721913526313029 -0.0902796472410027 -0.303651912888219 -0.0207202965392888
-0.125122097625662 -0.018346893189979 -0.277107586534096 0.142478127694903
-0.104589764346285 0.0625766029980364 -0.194096431074419 0.204039630994637
-0.0764473450288282 0.0934753553918708 -0.108877431027457 0.16595476303677
-0.0924936820776957 0.0942778789154097 -0.0812291875175164 0.0839191247491445
-0.159659579662871 0.0484902357902235 -0.0207438647843 -0.0043169183747514
-0.160153633172216 -0.0805572019798563 0.0488331503995676 -0.0150383704505733
-0.0468789141194768 -0.177638639451914 0.0192267648600966 0.0655215113601167
0.165765788273517 -0.141359857902269 -0.0703386558952346 0.0311497024541094
0.225267046270086 0.0765264518099524 -0.0942109040583443 -0.0349771117902123
0.125063331264789 0.196758674887091 -0.162622143324544 -0.172591903823161
-0.0199362683300501 -0.061774479446628 0.165049886568715 0.259856873299309
-0.0718081464621713 -0.0238353316713636 0.151118632684938 0.0499221876368568
-0.0728246178489134 0.0301790741488288 0.0794507609166772 -0.0186526940848143
-0.0033406652958086 0.0769196980551307 -0.0114789785220043 -0.0629132353934153
0.0586473633448254 0.0394140914001474 -0.0214222644909554 0.0208584916299211
0.0605210155894048 -0.00945819174526425 0.0723960242632744 0.010320373842719
0.0387696279474567 -0.028627368848878 0.114085226999425 -0.077525430551735
0.0325454888593074 -0.018093472903824 0.1440081685038 -0.166630756510702
0.0379661391907696 -0.00506457200722933 0.194841828269915 -0.206869876205337
0.0403486334891198 0.0221001707079592 0.27950229334824 -0.144146256540097
0.0168461972056809 0.0507336214784392 0.295627594368478 -0.000200264392296791
-0.0226396294037777 0.048667318460743 0.215830733333356 0.162656282063465
-0.0677725303414622 0.00493743049168153 0.0893683618900116 0.263973874736184
-0.0770582902322125 -0.0528804933189525 -0.070708559091006 0.292057625365643
-0.0173861150346772 -0.0944589634965823 -0.162077092279307 0.390412022445088
0.0407116522539853 0.0909396145452397 0.162209806107085 0.258765333984825
0.0637873600345151 0.0369123257650323 0.150021561930247 0.061994262330511
0.0430197725185289 -0.0331382094479463 0.0909485389442062 -0.0306129378000658
-0.0258207522723609 -0.0379263644083653 -0.0148719745891997 -0.0687584368593218
-0.0405836079093969 -0.0113311463645667 -0.0325558889921826 0.0266399770925061
-0.0397380034656329 0.0157070923559397 0.0741697147392211 0.025679036601322
-0.027643836676661 0.0387774967882906 0.121295706694535 -0.0687384497662982
-0.020576474174004 0.0540681902773507 0.144846297632504 -0.161272726094666
-0.0292121682502333 0.051193950777687 0.182928129088296 -0.204438725455349
-0.0638937340218262 0.030852170770638 0.264958519624716 -0.156670765823671
-0.0656752427241207 -0.00852677356179644 0.294333198408084 -0.0303770143725946
-0.0299515350932425 -0.0412004552061951 0.22924549440669 0.133588208887724
0.0314890471528457 -0.0447714774548345 0.120397101115548 0.251080602413907
0.0382213264540139 0.0231563285417076 -0.0398768223858606 0.296364395576628
0.022399630796221 0.061904047061102 -0.143741095049571 0.398784081418894
0.0799324415551986 0.22286459888674 0.142510555268724 0.217772706720458
0.178111486932724 0.0986932930819216 0.147522499323866 0.0856033455922207
0.153472821408982 -0.0796015831705664 0.128943647788317 -0.0626918569521394
-0.0310736022850822 -0.144378878736362 -0.0303306476713912 -0.114957794421569
-0.124534602257113 -0.0675634059915376 -0.0825304139488931 0.0203657099234641
-0.135567390409674 0.0280618927062997 0.0381467802138338 0.0555079511170802
-0.094349726860892 0.0962497768708721 0.102807163681421 -0.0360766835365418
-0.0691490795434158 0.119152058865016 0.12095401501976 -0.131219088727135
-0.0846907282735064 0.104398856568352 0.146849154614159 -0.180893388638439
-0.151604003198799 0.0468418149135951 0.226518619532986 -0.163071652446883
-0.14341100000884 -0.0514705845323522 0.281580664091473 -0.0674670106790968
-0.0528017865856352 -0.119781640583951 0.243217452321297 0.107622534153642
0.111537172859978 -0.107933108175409 0.132910232406471 0.241956332387153
0.15660151566092 0.0749322670402249 -0.0383722493157824 0.277754644790259
0.0791555995030498 0.202145592681291 -0.132843178777043 0.349330134275977
0.085647291538433 0.313172326920041 0.125565053232049 0.15099637434002
0.243839341667966 0.150076806355126 0.17358768169081 0.0895683888323065
0.231227975613849 -0.103097064984384 0.16663038657411 -0.136851623142313
-0.0216755607291018 -0.215340991817129 -0.0725642541272706 -0.184834669635844
-0.174237180145307 -0.116387437112235 -0.159605641017227 0.0112044379267319
-0.209206356100955 0.0245879894441987 -0.0267064446930581 0.0922268415841841
-0.151722577107935 0.132444123487133 0.0560919939891659 0.0143235458500644
-0.109744084656035 0.16631438898546 0.0826467272893251 -0.078046130215108
-0.125797858269751 0.146451791420929 0.0997642183111659 -0.136535000091607
-0.215219740994682 0.066416170399039 0.178219232992947 -0.155105248871596
-0.207639858103054 -0.0760688255034189 0.262554031509368 -0.0930832846346095
-0.0865717485551601 -0.182178194245149 0.244938754394688 0.0980792861341943
0.169035117709495 -0.177452957704998 0.111574817500447 0.23605922314154
0.26201779032275 0.10150458849967 -0.0663683775590828 0.231613522169719
0.138663481576293 0.308875944484113 -0.126691238770553 0.255799642059011
0.0706217704956228 0.361615109404118 0.133232472724254 0.0569386955067511
0.264507622573773 0.186210363320702 0.212110965794269 0.0302870742525236
0.266941769156583 -0.0990883332400199 0.158373392364342 -0.233723158341094
-0.00241231135637263 -0.2422442443932 -0.13611969367153 -0.237260130526544
-0.187284763313586 -0.148320515229305 -0.232586171236411 0.00313636272497514
-0.24656770408779 0.0115883035756894 -0.105366092324774 0.121290574186895
-0.185757189590303 0.143977073651935 -0.011316443259232 0.0710954385198273
-0.132301645644052 0.187085946384907 0.0300442311870536 -0.00980518720532001
-0.147139483651446 0.169513405141487 0.0475898715894011 -0.0781688673256237
-0.248977086500655 0.0842011714237725 0.12664743518302 -0.131538782013833
-0.250817265138414 -0.08518557419608 0.232108127460072 -0.0945992812824416
-0.118006092535115 -0.227405759045033 0.218942554721074 0.108379221983891
0.203932401811533 -0.233518443126564 0.0529088749882359 0.215085607696878
0.334984130677609 0.107975813627152 -0.106289591749644 0.15410814497737
0.183942273552867 0.365725925937807 -0.128620191268272 0.133994741936499
0.0526455283824129 0.359288073090745 0.156508208381449 -0.0649752703857054
0.250756051423359 0.195180279178481 0.218073790727633 -0.0799837590191795
0.260847022411101 -0.0815222935037208 0.0993731820212035 -0.301808194798651
0.0172109748752427 -0.228115803676465 -0.188170817015935 -0.248944622730519
-0.170198615145017 -0.155682380319201 -0.280677948769447 -0.00719547098972887
-0.243605101272304 -0.0035598359669333 -0.18244030400606 0.135252106372712
-0.188984398158926 0.134417675889416 -0.0860220219382841 0.124657699081396
-0.134099239894336 0.18182878646961 -0.0249806564886015 0.0612177816376984
-0.149327261470417 0.169728146865362 -0.00347814156762859 -0.0154166458895272
-0.253135691263917 0.0898462266988856 0.0757416395873233 -0.0918232255580939
-0.264073005161884 -0.0886944764036884 0.184219715786165 -0.0686445952477689
-0.126880247936721 -0.251386390382106 0.154415728082215 0.121287532646188
0.22296228534751 -0.255550146542511 -0.0228287890859102 0.163534687503766
0.361597827186833 0.105280073741004 -0.127530181551904 0.0626199845958267
0.202857327996451 0.366406253196447 -0.137047264027805 0.00860365753669016
0.0428866772604408 0.308136917081515 0.171487677990239 -0.196617271773175
0.208256071453615 0.169633887301836 0.176213082874246 -0.189361130274678
0.216020797333364 -0.0577776974640037 0.0262393486154112 -0.319114901908015
0.0279186514524292 -0.182404429582174 -0.212883158800857 -0.23552498356287
-0.128975688260631 -0.136842033549112 -0.303339030608278 -0.0213375580433077
-0.201634201080035 -0.0153273586153833 -0.24497181489182 0.138572238712916
-0.160682028983153 0.105606060729688 -0.153295253616851 0.171107228763191
-0.115350672705438 0.148978442958202 -0.0763370580867166 0.123325361020829
-0.131653216237314 0.144574201398845 -0.0491242751662827 0.041526391674642
-0.226304040878922 0.0764989284573991 0.0243728550932308 -0.0445507765317261
-0.235978475615223 -0.0937364027150543 0.117621299415761 -0.0348321529114262
-0.0961455467315041 -0.241647312501947 0.0741770841619958 0.107131575569738
0.218415503667964 -0.221440576198092 -0.0689164307306325 0.0886365716058391
0.327492879776467 0.102110520194529 -0.117111839399252 -0.00729268050563187
0.182380782566831 0.311831975953604 -0.150095744336407 -0.0990346012447771
0.0348280547301944 0.21040167422455 0.165069425209212 -0.307689496456292
0.140839084927071 0.117583231833985 0.112810440115702 -0.263794594150358
0.142442440923961 -0.0350801886827224 -0.0337689543650361 -0.304259256667421
0.0285983705992367 -0.113895937740183 -0.218763855036676 -0.213337242802623
-0.0718876960120683 -0.0945283093060053 -0.309095138919396 -0.0288232850105346
-0.128123054654632 -0.021515976834329 -0.285010211122674 0.138881795342006
-0.107792773053385 0.0619481250481473 -0.201092326305991 0.203876223198952
-0.0790603817149117 0.0929429411944914 -0.114759867212736 0.16700731952794
-0.0970554701901929 0.0948536134737234 -0.0848034258156257 0.0844566429288724
-0.16470025638723 0.0456308464860361 -0.0229760783381591 -0.0043420363761853
-0.16225648069527 -0.086819005933767 0.0472894068751715 -0.0147340812895384
-0.0412189209289033 -0.182031631741456 0.0176502404863061 0.0685661086747474
0.172988107420644 -0.139023155397478 -0.0726117458117045 0.0321791031717896
0.227539081544639 0.0842033290938102 -0.0962201951325029 -0.0362076799333444
0.121377380739029 0.201800890229043 -0.161340747066638 -0.177959794485498
-0.0212929362469068 -0.06583258598656 0.17552967922693 0.274020712738508
-0.0759232949792346 -0.0257317780764044 0.161376197428682 0.0509967468002511
-0.0762885711278392 0.031495088984977 0.083938422621831 -0.0232854796286744
-0.00341575858124223 0.0805244529029793 -0.0138061594171314 -0.0660218492697711
0.0615706021140583 0.0410641048066914 -0.0218350757922123 0.0218562255174137
0.063752775676993 -0.010074733437087 0.0781767495877425 0.00889262457181459
0.0409787563032603 -0.0301093029077488 0.119566739934693 -0.0811176657997608
0.0337129575986532 -0.0202560636100611 0.150279506565304 -0.173903965032356
0.0394554032568055 -0.00539854626963214 0.20183756566381 -0.216597727626899
0.0417093872911297 0.0230177955696464 0.290948000585451 -0.152830564822965
0.0183760819289774 0.0530327413712648 0.309590837602112 -0.00146620032980567
-0.0239347777436273 0.0509863253226065 0.226962112858199 0.17061029739916
-0.0720522916321625 0.00436549113773387 0.0933746449277589 0.27673263592074
-0.081744702194476 -0.0552068784952323 -0.0763742524094259 0.306494830974798
-0.0166143732358592 -0.101024045440763 -0.170524623846284 0.409583814539603
0.0426249774861636 0.0943258639920259 0.172375663060822 0.273168162746684
0.0663214083105057 0.0385880174717115 0.160251773474569 0.0650732633032627
0.0453570944185348 -0.0337490234030761 0.0958410954250876 -0.035794057780508
-0.0268275469392554 -0.0392921681437848 -0.0169088576278088 -0.072076814296374
-0.0433503103734055 -0.0122367298016979 -0.0342696231262428 0.0276745906475755
-0.041397916487981 0.0169472098592376 0.0794191662642538 0.0248481093671439
-0.0279937237328764 0.0407658462452285 0.127976218891243 -0.0725399002710358
-0.0204540051921832 0.0565938260526017 0.150966037048693 -0.168656435916862
-0.029999121125428 0.0536343781410759 0.189422845255969 -0.213882465594818
-0.0674978360824343 0.0329387282823188 0.27575312398766 -0.165629803355238
-0.068647796241463 -0.00786120317512624 0.307418881404115 -0.0340021221073263
-0.0322182405354981 -0.0427322324161872 0.239045610190027 0.141567813154173
0.0316325682951447 -0.0477906666747592 0.125655250322763 0.263650964656846
0.0412009486837065 0.0241094625598161 -0.0452518719460284 0.31229587034808
0.025057348178448 0.0639608825928676 -0.152763783068593 0.416647313179456
0.0835456434794098 0.232710168878887 0.152107792133393 0.230899394910306
0.186475815364401 0.10352535360395 0.156501812283045 0.0907526617137953
0.161785900931842 -0.0833805768853125 0.135703378257491 -0.0683216040638013
-0.0316035252193174 -0.150939895654229 -0.0321082513143336 -0.121455450510777
-0.131555339335942 -0.0717495985996015 -0.0871640336825969 0.0227006013861784
-0.142819800776864 0.0302145839869907 0.0420741899380669 0.0561674993994344
-0.0980145048833885 0.102246445397888 0.107200698731532 -0.0386298171130952
-0.0708300366870808 0.124068275033192 0.126435174886041 -0.137977503333684
-0.0885761577752351 0.109646136112406 0.15158037022241 -0.188409604941015
-0.159920514754422 0.0511432772523748 0.234713304937798 -0.17158431900359
-0.151185842038957 -0.0525186233722742 0.293598429104025 -0.0726424651451013
-0.0567098392516719 -0.124824518438555 0.255129855290211 0.114756827565716
0.115116614652813 -0.114930386232241 0.139128577265162 0.255124693930504
0.165609408037138 0.0772300391965697 -0.0439939396532901 0.293389027830404
0.0846899769923738 0.211668463829854 -0.140575157624848 0.366503899944984
0.0896466344664145 0.327745912983874 0.13283251852776 0.16195786152699
0.255954397066376 0.15752062826623 0.183379457762027 0.0959131199866498
0.24357963730299 -0.107284393090501 0.175287568997813 -0.144993031385295
-0.021995643452898 -0.22663247385545 -0.0770725127586743 -0.195436714330069
-0.184760269787219 -0.123414428886934 -0.169303440966942 0.013411702966908
-0.219670394275871 0.0273013302978407 -0.026784704689262 0.0960204776411929
-0.157722767651874 0.140735812749817 0.0592523313790505 0.0142550205200868
-0.112467804729735 0.17399911082288 0.0855328774447156 -0.0816661215179262
-0.130772130906779 0.153948547414899 0.102612080496651 -0.141413905751628
-0.226727034228481 0.0724671555281187 0.183717353343564 -0.162901743348986
-0.219994725597999 -0.0773753774161703 0.271504014078159 -0.0998381408812241
-0.0914548256874933 -0.192007617374057 0.257553815961074 0.104947653037416
0.175987656067091 -0.188278226470028 0.116397423567714 0.248440892955555
0.277777016873587 0.104667206546136 -0.0721550594411823 0.245389797100738
0.146809687297704 0.324270985113448 -0.133746857365475 0.268552213663578
0.0739920767856316 0.376704474945577 0.140896930820183 0.0629611787851667
0.278864527344512 0.195466579884361 0.224404181880207 0.0349908089695639
0.281687478462776 -0.105051972369275 0.165596637052939 -0.245396942832712
-0.00184529129421752 -0.255116983849527 -0.143202209054255 -0.249708531611184
-0.198449208435644 -0.156674148305595 -0.24597000759306 0.00431043416263323
-0.259443160663025 0.0136092295776765 -0.108948655219634 0.127301546568482
-0.194330731503394 0.153700364906981 -0.0113817839059001 0.0738028592979556
-0.135896164509181 0.196682532627301 0.0309809726592556 -0.00999004124875321
-0.153320883224501 0.178830330111248 0.0487296649383746 -0.0807421512752061
-0.262134861886856 0.0913885295467878 0.129603146631517 -0.137465934170966
-0.265990250222017 -0.0873903260832098 0.239411181182691 -0.101804046577551
-0.123138298549597 -0.23958344361772 0.229062307105999 0.115835911493214
0.214280102894138 -0.247165115974241 0.0540402570337412 0.227483893979864
0.354262247226069 0.112773217449049 -0.114336324590408 0.164258044457389
0.19441242429171 0.383681191359112 -0.135154355805406 0.140335731051952
0.0565294250198431 0.377130055880607 0.165536916441561 -0.0649750432909642
0.265434526119511 0.203820160811061 0.230681288329786 -0.0822281722486188
0.274600445714021 -0.0863059922055001 0.104244963680474 -0.317397901320271
0.0181756327454219 -0.240143389539205 -0.198988475763029 -0.262921334081404
-0.180204408693272 -0.163829375566732 -0.296795817912861 -0.00624519042717089
-0.256851556284214 -0.00168447213829278 -0.189175125548458 0.142830163941247
-0.197051729541508 0.143176445597163 -0.0898004425849549 0.131466696876606
-0.137708374878384 0.19042790819008 -0.0264055313392633 0.0652937246412154
-0.155647593321226 0.179192748509275 -0.00435174360428173 -0.0142480861985502
-0.266776689761789 0.0973383764070812 0.0766428874360795 -0.0957317253681468
-0.279305687717826 -0.0919298621753687 0.190752937165018 -0.0742167138075755
-0.131796905186717 -0.264584671241515 0.160789751042932 0.128517878027014
0.233407177285859 -0.269530043832291 -0.0245817167203837 0.173782598993047
0.381608669304399 0.110895251801027 -0.135511723624087 0.0668103816562191
0.213295973031673 0.383459980098026 -0.144640159521586 0.00955500770034278
0.0454921750682553 0.323060739716194 0.180981484871732 -0.203918765326976
0.220829842228106 0.177611715980418 0.187602354179844 -0.196582065392857
0.227301232072404 -0.0622130295233973 0.0274282886633811 -0.335232036422844
0.0286876509314285 -0.191882608969042 -0.22405665330341 -0.248595760215663
-0.136908021868569 -0.14407019290936 -0.32088623035603 -0.0202127127741133
-0.212372004812698 -0.0137022498891706 -0.256023902781218 0.14714857133977
-0.167649500940885 0.112535414802948 -0.159930431866587 0.180492009307835
-0.119022106222504 0.155755504057446 -0.079096617390576 0.130681552005477
-0.138329960749662 0.152679985475795 -0.0517684429201692 0.045631227612569
-0.238702419073148 0.0824104173659023 0.0229385656597284 -0.0455563158218637
-0.249582367476204 -0.0978986384973753 0.120481434594596 -0.0379916519525728
-0.0993095677856308 -0.254342315208811 0.0778163023495608 0.113066061836463
0.229446275770361 -0.232101994409384 -0.0721880915137064 0.0959334511618597
0.344751767534597 0.105761843447851 -0.124070328463013 -0.00567908325521631
0.190199314412145 0.325878388754151 -0.157173215057564 -0.103503526429663
0.0372311323572151 0.219931418981686 0.173047750190415 -0.321275587304382
0.150645778848206 0.122729950096282 0.120845192820243 -0.274414922752237
0.149577932852743 -0.0371915669885036 -0.0356373513423944 -0.318695612137465
0.0300052830505507 -0.119870378135772 -0.230443453008589 -0.224484010477391
-0.0755187076737941 -0.0996289294798882 -0.325880361674944 -0.0297336865592033
-0.134655560794703 -0.0211963782112279 -0.297937359805946 0.148327565652821
-0.112100401337809 0.0665587916030036 -0.209932181853914 0.215088450611099
-0.0813579375744991 0.0974313307957568 -0.120105751502686 0.176033175771705
-0.101513640514336 0.100190604698986 -0.088798048913933 0.0905863194245448
-0.173641997748025 0.048659653880097 -0.0261850872111062 -0.0038620592561545
-0.171940332512828 -0.0922718458121912 0.0472254678896505 -0.0165633996845082
-0.0416753280457646 -0.191537097508596 0.0182353425079317 0.0731829662272559
0.180522288681582 -0.143782579276038 -0.0751713749993127 0.0367206307147411
0.239657338082062 0.0861595092520671 -0.103485812748171 -0.0361606676048939
0.126115083107902 0.210920395466669 -0.169099946849714 -0.185537779980593
-0.0381381768020157 -0.0666696709493053 0.241507487191693 0.260930629550594
-0.0849842056836892 -0.0149584702001827 0.184518874734359 0.0222742989018202
-0.0758234368692582 0.0464780137074721 0.0869320017419511 -0.0468180715435696
0.00902815926303041 0.085076033345427 -0.028521606341689 -0.0693535907839548
0.0689664955721169 0.032881558696714 -0.0209459745680063 0.025010332878967
0.064518921006907 -0.0205262430139626 0.0806240344816509 -0.0062917903242582
0.0390563536940378 -0.0380325337963129 0.110423782450889 -0.10739066024092
0.0332851998501015 -0.0255829238218539 0.126529105065659 -0.204049675879891
0.0415471062297387 -0.0114621350551977 0.173504441056823 -0.259086580207773
0.0474909744216239 0.0193803546483636 0.277032139151809 -0.207694514105817
0.0267340164095827 0.0546846907882362 0.322585172282034 -0.0538313158533207
-0.0186303472178185 0.0550355710079374 0.266548540242138 0.1417924046297
-0.0754646725858256 0.016478274072505 0.142929132068642 0.27450683658172
-0.0921490135156584 -0.0451510612369755 -0.0332453834718408 0.334184120199017
-0.0306746424896993 -0.103210469905253 -0.116086658114517 0.454442674600895
0.0579965362853219 0.0907635741866669 0.224475380048913 0.25514322135213
0.0735823105116659 0.0307299020641732 0.178696340521858 0.0399199688174276
0.0417700878890671 -0.0412000018406679 0.0933197515359398 -0.0543746557299553
-0.0319976641513453 -0.0364820033163748 -0.031058353282694 -0.0694212615271963
-0.0472125926289806 -0.00668806712004897 -0.0283154611152933 0.0367451114971755
-0.0408558014568097 0.0239971684334302 0.0902079016586611 0.00834380125689605
-0.0220238182482212 0.0473235045556129 0.124188610535638 -0.100793707932304
-0.0108101757002089 0.061933431864147 0.127735948771216 -0.19914396591352
-0.0209621413659576 0.061699204757232 0.161072858350124 -0.253459480336875
-0.0635419896827335 0.0485829834850079 0.25761021903246 -0.217678014361378
-0.0733750727467071 0.00702395587713779 0.315708310450941 -0.0855341536462228
-0.04135919603834 -0.0403982399024352 0.274883896857861 0.111701895403334
0.0222007318229143 -0.055453793674684 0.172863968699904 0.254654087306976
0.0468411169893482 0.0150012706576179 0.00237851148382455 0.331777006514762
0.0397575757381476 0.0581713564182937 -0.0953182504282742 0.460665453323371
0.127261230715929 0.229640561270862 0.18321002967241 0.208888437541586
0.209882707400189 0.0808423611256171 0.171910249752141 0.0688565249796139
0.155934658233351 -0.110968686848611 0.124107745665111 -0.0886480510608837
-0.0529105373331779 -0.152031351314533 -0.0546411764268803 -0.113544836960555
-0.14814173026143 -0.0561424199757591 -0.0803883083030877 0.0432457443680242
-0.144559238674149 0.0543061278077171 0.0611072168183936 0.046728188814835
-0.0860461495291025 0.121877666474484 0.110207537414912 -0.0629454147582042
-0.0520966068419528 0.140468148917218 0.107829902184751 -0.163238872794526
-0.0712394892564838 0.128756437534012 0.125637359549432 -0.2206789575468
-0.155741665027027 0.082908721754241 0.214681618099549 -0.216302558155688
-0.165042017068626 -0.0243879282053253 0.295103969830434 -0.12315718582927
-0.0791118258744219 -0.121410701159675 0.285900318134218 0.0826759675704699
0.0967826998657401 -0.139089036981066 0.18241590575523 0.244029698449144
0.184057638440526 0.0489145847690874 0.00225113486078565 0.310086191498355
0.124550845394784 0.199842536537045 -0.0887471766075559 0.406720873961802
0.151164707782934 0.329366425154901 0.145086372336128 0.133930424770214
0.292204447070899 0.1276705750465 0.197403568499295 0.0702812258026022
0.238775530323039 -0.148949351817015 0.148877602813024 -0.170936943521099
-0.0527383920847911 -0.232962699530871 -0.115002444271222 -0.178494642212719
-0.211184524634676 -0.102637244452881 -0.163771435742977 0.0501120994876502
-0.226180063667963 0.063129586923995 0.000165797310716637 0.100603411186018
-0.142304446353542 0.171121627920638 0.0712769551845779 0.00160293382833752
-0.0871276160605036 0.19787169801614 0.0746181264331599 -0.0989047624692311
-0.10836375666509 0.181402668963349 0.0835251423027137 -0.162628512454718
-0.220483144533667 0.115581601328179 0.163865291019676 -0.19758222800343
-0.240636398347912 -0.0387161265806445 0.267958970278932 -0.147800673901869
-0.124991034016139 -0.185371401480978 0.287000118800348 0.0744250874460451
0.147575189854565 -0.225201054047993 0.156386843261499 0.241676897280701
0.303656091432412 0.0598724464711798 -0.0350789389474485 0.2619053095572
0.204740836659252 0.306247354322305 -0.0975324284813816 0.303836270718595
0.144631669310861 0.385816855802911 0.132955858822505 0.0248342632060582
0.323505375453297 0.164819394914628 0.229179105054146 -0.00189395498368176
0.280448223327422 -0.152590444474617 0.11948440106418 -0.274275376232646
-0.0361809684162723 -0.266621544376176 -0.195653848644462 -0.221434672760689
-0.230691853113225 -0.135814861907687 -0.245088867798666 0.0580906307719711
-0.269514274086024 0.0552853799140126 -0.0782248919622417 0.148144983392485
-0.177924390960723 0.190853547072293 0.00900813242304712 0.0782869741922408
-0.108301429029446 0.225257550863936 0.0307381741285406 -0.0160836655875107
-0.127511377129721 0.210760829780239 0.0375908787068483 -0.0900205313274136
-0.25532009351946 0.140496165319441 0.112141324757933 -0.161775099291618
-0.289903395318058 -0.0422125889698064 0.234346271660037 -0.143590212224395
-0.165393053922686 -0.230182964615523 0.258812649979986 0.0908014274109464
0.177076808134593 -0.292595097497982 0.0860350689813057 0.230804995384264
0.384488845623555 0.0556725836594759 -0.0920779779495027 0.182094752146751
0.262596267111236 0.360463499829103 -0.119439515106817 0.169910324639757
0.126841824273406 0.39013969497281 0.137307948960627 -0.114907157470218
0.31199530189211 0.175656120202412 0.215682461166643 -0.125358434821512
0.275454485367777 -0.132437546636122 0.0413980221637962 -0.336850941685047
-0.0127341322828664 -0.254774180276092 -0.255561290366161 -0.224414175157481
-0.212357537410542 -0.146427299540641 -0.301505685542517 0.0555942720431958
-0.26834163199569 0.0386600269143042 -0.160122850848081 0.180199740032288
-0.183373587646245 0.180201820867223 -0.0621129261852456 0.153650148446347
-0.111329932994023 0.218165854205704 -0.016099579495337 0.0711079915473174
-0.129862764364498 0.211088235789074 -0.00631908283412966 -0.01267837385493
-0.259816805778083 0.146795411608249 0.0628988802533629 -0.109005136464168
-0.30520823195395 -0.0458590597004253 0.187093834893167 -0.105840056528653
-0.176643417980438 -0.255229077395205 0.189765829036637 0.116502852360002
0.19496013394973 -0.317201973424847 -0.00515566056774473 0.186742140248379
0.411494061507331 0.0518657936144844 -0.129604058814559 0.0850448186386367
0.278570853646969 0.358661358874904 -0.148817117524592 0.0336471002561162
0.107249310373378 0.335628983396619 0.132057348928206 -0.261799765366892
0.26299997943967 0.154008303174246 0.151757840347823 -0.238796942403629
0.230096048032624 -0.100111372258248 -0.0393974484407225 -0.345007619118944
0.00536371396146801 -0.205584150594842 -0.281020867608567 -0.207137462354392
-0.163847256575404 -0.132828546232322 -0.331222031819167 0.0442827633574354
-0.224079688491607 0.0184524462101849 -0.230098615823028 0.197952407579449
-0.157240906608572 0.143495513352423 -0.128844822488776 0.220201434845023
-0.0976259732674948 0.178980159944342 -0.0599162723994576 0.148703930330976
-0.116997722419816 0.180603775831126 -0.0454038541533166 0.0581899910945046
-0.233154343979153 0.125156570018101 0.0157163447716933 -0.0476713730722313
-0.274483976594884 -0.0584910056708891 0.119258992745933 -0.0572598065289366
-0.140637566080524 -0.250269079855103 0.0984195215622481 0.11371221024466
0.19730370439789 -0.276942574616281 -0.067073753181077 0.113061521002059
0.371100215932561 0.0534363434247252 -0.128751226587171 0.00827154297524822
0.246031010503884 0.30269316663624 -0.180589114074964 -0.0824441741307694
0.08012704871679 0.229430765579661 0.110306847914959 -0.378000857291033
0.180869661427879 0.106918191418815 0.0728154991583114 -0.309286692461007
0.152224040177011 -0.0616698313684921 -0.0997202964439205 -0.320880712905394
0.0170509090860821 -0.130773019930659 -0.283408087644754 -0.18437161390517
-0.0937700089143672 -0.0968200047304217 -0.34128187698792 0.0337966836897537
-0.144126682771916 -0.00169383578528898 -0.278287664186723 0.207702635491031
-0.10625069298391 0.0863764369188686 -0.176520310112901 0.266132316809627
-0.0689082658023918 0.11174802746472 -0.0934068287934079 0.202474372714224
-0.0880573779045227 0.120844080408391 -0.0772062031103766 0.110832173724948
-0.172336549656692 0.0791374593825441 -0.029382631841267 0.0042724314654318
-0.193827753018545 -0.0664888627375908 0.0469179588071332 -0.0224257620756358
-0.0697663161205592 -0.194161585470428 0.0300884686545917 0.078419142710677
0.161142282863619 -0.177787897535785 -0.0772349236818232 0.0520418483053699
0.259779118023802 0.0498357204968461 -0.111952262226945 -0.0237877144255726
0.161477441079253 0.195992833586735 -0.20581704547595 -0.166232131033905
-0.044607787353428 -0.0646621238785054 0.270253509909231 0.242065622764821
-0.0885006486377483 -0.0083843729922026 0.190344888876034 0.00430813200203031
-0.0725054059935131 0.0539827999989666 0.0832935400454424 -0.0586618045697616
0.0169990156807062 0.0859321532776981 -0.0358659849957476 -0.0668715706456363
0.0726679520219501 0.0270948050038074 -0.0193043247350075 0.0268435504002453
0.0637350853451995 -0.026820383304828 0.0810456785658003 -0.0173607925125331
0.0364271537899711 -0.0421006897545604 0.103494082324367 -0.119487762907773
0.0309349991433136 -0.0295760078093705 0.109713300764365 -0.217191694147001
0.0401752737943289 -0.0155969871706259 0.151172498516393 -0.276558960509447
0.0492143189769483 0.0151883609535952 0.259764098554075 -0.236011152220653
0.0325651830979953 0.0523994561969693 0.320596931849203 -0.0832416974202737
-0.0147252383031668 0.0573527359001873 0.281704910626794 0.119961957996911
-0.075686901056046 0.0238922194962647 0.167799407871767 0.264816442527667
-0.0968145919753546 -0.0370848288800742 -0.00622698528157963 0.342040021672714
-0.0388052494434767 -0.103891798470271 -0.0769949321404045 0.469369270138419
0.0662674778442915 0.0851654172772597 0.252150325298392 0.238083059684863
0.0762588102702461 0.0239908398959569 0.186439933227973 0.0231046215589854
0.0384287434035009 -0.0446358559632704 0.0885080765539498 -0.0663819969167941
-0.034311059487962 -0.0336267861729706 -0.0388587524452881 -0.0676773290813304
-0.0491020575328628 -0.00219429163170968 -0.0247391899972059 0.040340156684814
-0.0392472886131717 0.0277936224492123 0.092316523364459 -0.00270027085434145
-0.0167537735488489 0.0489933233253524 0.11674984392221 -0.114217079350807
-0.00483586171410388 0.0623737917888373 0.11033552842212 -0.212375217761645
-0.0147374920878654 0.0639741719137025 0.138606800913814 -0.269104604127527
-0.0597671727663566 0.0565597128601085 0.239265675911245 -0.244097401691257
-0.0729887616633855 0.0143354821549016 0.309495019014534 -0.115607862503616
-0.0457811671121104 -0.0372783492535018 0.287884490481191 0.0887811382575529
0.0157415301481893 -0.0588226386096404 0.196545653765076 0.242157807533206
0.0483035192733818 0.00995324977186189 0.028444817207574 0.336838010239072
0.0463852804237037 0.0535307118810661 -0.0544601433563549 0.473391174579338
0.147873692756273 0.219076987757307 0.207113378837743 0.195595350747706
0.218118103777867 0.0627500615874527 0.182685773390152 0.0547900370388215
0.148709895908267 -0.125467338263875 0.117407640467058 -0.10268613412957
-0.0656116498157971 -0.14941801879343 -0.0665808688544067 -0.110184968199217
-0.156015028875198 -0.0431334009946685 -0.0765482853819225 0.0519036778438241
-0.142125994922731 0.0689957783989773 0.0667579853486848 0.0398535584228999
-0.0742076944827459 0.130808399261458 0.105933610271648 -0.0747560555588094
-0.0390836322880254 0.145339737511839 0.0934104347068192 -0.173868529477458
-0.0602680070742718 0.136343329887229 0.106200367779214 -0.231584705758352
-0.149377104100774 0.0998122133009162 0.195499910535806 -0.237956070839993
-0.169601936215704 -0.00778043818219528 0.284131031223165 -0.152256762869301
-0.0908649319295771 -0.115478192852986 0.296835292094735 0.0589582720036625
0.083265857592004 -0.150482956743403 0.205471385792712 0.230932762631511
0.190547844195538 0.0313867001147362 0.0260643180811611 0.314329873769217
0.143810962869417 0.190466560257488 -0.0532683248685318 0.418864962328821
0.180982632500237 0.317714640983724 0.161373940328223 0.12491311904572
0.306570439668168 0.102973373234467 0.208512958309436 0.0549366003506063
0.229022472001888 -0.172029765549207 0.135705533605266 -0.187261139472249
-0.07319529850478 -0.231928735229759 -0.133399209628845 -0.170623122453234
-0.224226026215927 -0.0850764721605865 -0.161538107688606 0.0676676771702025
-0.223006436600948 0.0859699940449088 0.0104501437329691 0.100167177590872
-0.126493429818871 0.186576978072602 0.0715346282748519 -0.00565204937796812
-0.0687107511938336 0.206862501566363 0.0655687862021283 -0.105674789247906
-0.0921019716668512 0.193257000722836 0.0690496508231045 -0.170023279849273
-0.212986805045968 0.140413243833146 0.145301358666471 -0.213900466887697
-0.247548745572367 -0.0153099781377745 0.253849882908571 -0.17455121325611
-0.143152030374139 -0.176696262612313 0.296667550813598 0.0503402171703139
0.127422669874855 -0.242360610971883 0.17903056054175 0.231911433209997
0.313025839394597 0.0305934437454708 -0.0149060985374347 0.270077466665532
0.233733875874928 0.290598634479037 -0.0705360600429897 0.315756729131628
0.17840917039501 0.373988725331189 0.140298658705145 0.0167122512454814
0.342455543611981 0.137329719686337 0.233800719100981 -0.0203448312319934
0.270453667520044 -0.179287342228647 0.0967425481863371 -0.287913641679944
-0.0593242632738058 -0.267587742950414 -0.217963618656697 -0.207198002938916
-0.247395639440777 -0.11697645505589 -0.243353060504842 0.0828606838763641
-0.267705385552341 0.0817975423594223 -0.064894117800842 0.156992595359648
-0.160666050550805 0.20970152050633 0.0155601954131738 0.0771755282903022
-0.0872904619200799 0.235884240438115 0.0292419402824844 -0.0181608528315587
-0.109020387932663 0.224678255283644 0.0299270350487985 -0.0911024085138245
-0.245658021338414 0.168302113636499 0.096504141946949 -0.172196681176352
-0.298785779437158 -0.014165932384878 0.220297994787331 -0.166832755341697
-0.188313162051917 -0.218904044997356 0.27118620023837 0.0704180763269787
0.152284512130476 -0.312785866701221 0.107091309280421 0.227102156124601
0.394152802056871 0.0195344734533561 -0.0778201070225009 0.194772294313685
0.295497381355497 0.341612157897927 -0.105075250750094 0.181937118849264
0.16222135422865 0.379907144905586 0.13058683636798 -0.1254357395253
0.331769398860985 0.148525864241741 0.209811499385758 -0.143429420297477
0.267458819902633 -0.159629647196959 0.0128725884531222 -0.345153090829273
-0.0360597525513807 -0.257512643279494 -0.279730259206524 -0.205016717984906
-0.229409093293424 -0.128586859450166 -0.300569602503442 0.0853170522540568
-0.268692270265755 0.0658349737209647 -0.143426542928376 0.197307287991155
-0.16666279094271 0.199198397795376 -0.0484891451808838 0.160774100502849
-0.0911695991215625 0.230020903999648 -0.00940357036611085 0.0744051540396377
-0.111546348134697 0.226738260933666 -0.00647012308797101 -0.00967151435276078
-0.249923162308316 0.174586400881245 0.0528244010470247 -0.11350144116079
-0.314506649387389 -0.0172721613486823 0.175210147994192 -0.125130049297497
-0.201479193714954 -0.243950446722575 0.203436208959041 0.102748256412575
0.168737096734023 -0.338121633963024 0.0112810372673324 0.192187560486156
0.420362150081831 0.0125645607180132 -0.124103173359629 0.099974935236008
0.312380111447771 0.338114249513736 -0.146559675968759 0.0470706020838765
0.137750832437019 0.328501567710498 0.112417959816246 -0.273212539019112
0.280449847126302 0.130170847210586 0.135437030695982 -0.253400647096824
0.222945080935407 -0.122731741205309 -0.0702371626065462 -0.344101849096777
-0.0138210106584475 -0.209332148470752 -0.303296141528294 -0.183883218192532
-0.179203369436199 -0.119754445005736 -0.330828664604694 0.0751866844093991
-0.225090431085452 0.0413859052234347 -0.213584011296165 0.222013907637795
-0.144332210121941 0.160451568852467 -0.108701797079936 0.234470493558451
-0.0815571899518882 0.187903653441707 -0.0459869109069063 0.15609002588629
-0.101020363869129 0.194980964502796 -0.0402117162573156 0.0648501742614115
-0.225842096945304 0.150168377421936 0.0103379689151479 -0.0472034828233469
-0.285950310205807 -0.0338316225529942 0.111703173134873 -0.0681791266820767
-0.164208967763013 -0.242479195167203 0.110269851182501 0.10686545036712
0.175794314421394 -0.296269691729897 -0.0573704539836562 0.123132643090058
0.379277934818687 0.0194175064706039 -0.129432007433945 0.0221682085957393
0.272537124123121 0.28457598432063 -0.18893331982418 -0.0667225978920744
0.101820687082592 0.223384720401472 0.0786159967025585 -0.389025497382617
0.193418378094633 0.0893096858010856 0.0481037171834878 -0.317705092963706
0.148202605168699 -0.0772188440114902 -0.128630453075156 -0.315282641648802
0.00528868170615244 -0.13448497081638 -0.304671881277678 -0.160997506210854
-0.104692783148558 -0.089970761071813 -0.342031647602624 0.0665443240935123
-0.146562732767757 0.0126922984516983 -0.26018402391347 0.237002105511756
-0.0980357237868098 0.0975103092515967 -0.15262028700347 0.285148236500603
-0.0585877414623115 0.118022897706873 -0.0755166422458069 0.213782871254013
-0.0767395438511963 0.131526176116907 -0.0675902604442472 0.121012777233522
-0.16839866595432 0.0970677304490947 -0.0300922343452898 0.00820189859678114
-0.202550737746483 -0.0498314397422259 0.0412726483376248 -0.027716011286201
-0.0876228186044524 -0.191841548976896 0.0383240553539021 0.0771869586245367
0.1469617899855 -0.19226929532792 -0.0723471214643053 0.0625509016445632
0.265402637847719 0.0258825881966304 -0.11520334828758 -0.0118456027389168
0.178227378560966 0.183359934859851 -0.223053641134328 -0.148875350394048
-0.0490083270221498 -0.0586977275415082 0.280267096909454 0.20946611374804
-0.0866889568561114 -0.00108030316407573 0.185257073956378 -0.0137878403274628
-0.0653607906132305 0.0580094902662807 0.0742356422948864 -0.0665996566346706
0.0236505967412374 0.0812522659747773 -0.0408021817377056 -0.0599770744911219
0.0720393896068988 0.0209601849544322 -0.0148906161056441 0.0276705738109922
0.0595636488256953 -0.0312314381356752 0.0758921153030265 -0.0254603480749419
0.0318179187062931 -0.0443802687282035 0.0906837001468959 -0.123940453291621
0.0275299689594085 -0.0320404038152885 0.0878201441867566 -0.216372204611609
0.0374002540785707 -0.0181195972137646 0.120826535900956 -0.275877145911787
0.0482419441289852 0.0105550432594924 0.227656187165653 -0.246985285265962
0.0356581213410685 0.0472516919008374 0.298524623443093 -0.105572277775963
-0.00895005048195326 0.0559503195297186 0.280368531221355 0.0928678585739684
-0.0718371053371686 0.0296115265204836 0.180520727317213 0.239591450596203
-0.0954399000838795 -0.0272393077563042 0.0185907232210461 0.329788256001946
-0.0449332399930717 -0.0985027970987166 -0.0366704485735697 0.454266067107359
0.0691852937537539 0.0752014219792175 0.263462751109927 0.20821318059495
0.0737887918057634 0.0173860572180786 0.182823499415521 0.0065019381355693
0.0342040828737915 -0.0452074799790052 0.07861658815806 -0.0737962906614042
-0.0346401457024512 -0.0301981097761435 -0.0429291799035563 -0.0614272727454811
-0.0473925828551271 0.00214639687460543 -0.0199677147934337 0.0423090497711627
-0.0352670700481819 0.0303814146062567 0.0880259331728261 -0.0116843366223999
-0.0116496632911824 0.0477514367379621 0.103012583591411 -0.119120613691963
0.00110249003783163 0.0591093795575246 0.0890969042954597 -0.211881637005839
-0.00935179803648529 0.0623968754031747 0.110292982030487 -0.267183871814094
-0.0526294836421239 0.0597273989112076 0.207588276591685 -0.253067526440779
-0.0686436493178831 0.0202637167878605 0.285998590074657 -0.135981175123426
-0.047326697235459 -0.0323348789139007 0.283281948689697 0.0626291829235808
0.00903109135054826 -0.0568633429986866 0.206371769039487 0.215875403740665
0.0475638768325935 0.00539821657735018 0.0521539351292172 0.322422597034992
0.0483323165143488 0.0458776215889552 -0.0158096132660545 0.458433833051285
0.157645010719394 0.196597357715665 0.216553605343629 0.172023071337952
0.212864415180807 0.0435305161288071 0.181801645634394 0.0381863930296712
0.133317509419944 -0.130813912421714 0.104191411426554 -0.110147607304797
-0.0733613662840642 -0.138846343947785 -0.0730674316537838 -0.100296352430043
-0.154111055487442 -0.0291506213682726 -0.069624781389322 0.0576451843724023
-0.130520272416525 0.0781405024213038 0.0676888997883345 0.031532326040198
-0.0589654623007928 0.131298230889282 0.0953883493109093 -0.0808928746095324
-0.0245524387429123 0.141171405675396 0.0754037901702697 -0.174209579757165
-0.0464087808318379 0.135816014752526 0.0820785389148918 -0.228282838038054
-0.134884886497728 0.110084262544337 0.166579673313818 -0.244013194460762
-0.163432670600008 0.00757382035559525 0.256403564287323 -0.168905544583811
-0.0962682530269173 -0.103776287324249 0.290928535982728 0.0338222428333153
0.065941851121154 -0.150284046933694 0.214691285241116 0.205941638225586
0.185337776156908 0.0129845681483831 0.0488348370754469 0.302130001031002
0.153689471747322 0.170056975527491 -0.0172877240623503 0.405089571548575
0.197351381886675 0.288585935475202 0.166331085058639 0.108522882569853
0.301269095660158 0.0749789898947058 0.206995623245917 0.0372167272387091
0.20732298669856 -0.182460237676348 0.115120995572351 -0.192111675984412
-0.0876167752384964 -0.217651783975508 -0.141015331882351 -0.153550848970758
-0.224207030071006 -0.0637597200296977 -0.148893193059823 0.07980618303039
-0.207991149752977 0.10190875415776 0.0184174673231265 0.0948191204184311
-0.104965062643406 0.189229231267049 0.0680243451417885 -0.0124297338810885
-0.0483845587998632 0.202186061470815 0.0546704245750848 -0.106305471571379
-0.0724194032539281 0.192035384226559 0.0527360966082047 -0.165395596027307
-0.192384494263933 0.154001235847687 0.121508379353073 -0.21620728546386
-0.239321695035565 0.00727927922455729 0.225632007874422 -0.188770288923168
-0.151750365528439 -0.157891659127203 0.289849713815263 0.0262012175302367
0.101453718945135 -0.242833362483634 0.189750297295045 0.210096852074518
0.302126633592216 0.00229324614986948 0.00620910847388591 0.262424437872024
0.247906072837494 0.259614490337472 -0.0430608496184899 0.30651263726725
0.198770301677014 0.343180133925239 0.137561032922835 0.00739146305625348
0.339877758131876 0.104300660535102 0.226728176071279 -0.0357139706135986
0.246328381976569 -0.194074933662637 0.0704831646567569 -0.284223737412854
-0.0786130910053058 -0.253474161113202 -0.225267631387386 -0.18161072740254
-0.248711094270034 -0.0920310743456955 -0.22657143828938 0.10093049735282
-0.251362545114458 0.103084278908171 -0.048598173305628 0.155313223853156
-0.135950238388397 0.213825023317624 0.0207064373280819 0.0717474429612373
-0.0631857022135365 0.232106374657942 0.0272767842932934 -0.0193625221623703
-0.0850353027899171 0.22456846960432 0.0215384260594497 -0.0870284066750713
-0.221960875957258 0.183887366304028 0.077192712446633 -0.171208914529737
-0.289654366203573 0.0121465869431932 0.193418582149617 -0.177762341871497
-0.19780196248706 -0.196347305306668 0.266688517670378 0.0477728360705538
0.120857124509278 -0.312133504241888 0.120954086120732 0.212083283267273
0.379692988372757 -0.0136758686891215 -0.0601335459282177 0.194579302603443
0.31045056363304 0.303611218639919 -0.0861539358911495 0.182369822298932
0.184358600087336 0.349744063861173 0.117354300930529 -0.127793268950826
0.331752024372563 0.11489812208205 0.193671742980553 -0.152942923077613
0.243960460475294 -0.175578309657847 -0.0140776413563117 -0.331878071920594
-0.0556760706807808 -0.245379893255719 -0.285415522393589 -0.174926124927754
-0.233188707816234 -0.105588776992435 -0.280643021488833 0.108482972754723
-0.252873343004185 0.0875658030085528 -0.121180111885438 0.200958419135326
-0.142296352849293 0.205426086109945 -0.0332465373486287 0.158622842125024
-0.0678778281763331 0.225557706509073 -0.00275703284863701 0.0728318341647738
-0.0871574677551095 0.226030023181478 -0.006535925113547 -0.00591985214054291
-0.225313118007284 0.190603736007675 0.040491414013069 -0.111646372903653
-0.305550540928622 0.0110457616716452 0.154189627586149 -0.133329970080388
-0.212603932502656 -0.219840362335868 0.203793624128155 0.0839269236604267
0.13546692141377 -0.337509602603526 0.0260744994470206 0.185655576357703
0.403729565881662 -0.0215658899443078 -0.110603687719076 0.106950906066194
0.325248790638722 0.299794238023498 -0.137020917612226 0.0566468285314831
0.15714512183257 0.301791932540297 0.0882142343294908 -0.2675199654852
0.280371172199582 0.100959631338397 0.112550131859752 -0.25200758422809
0.204610636536587 -0.136249612223172 -0.0938979523202549 -0.324499593170206
-0.0301711648088949 -0.201177746032143 -0.306227833664372 -0.151623484954969
-0.18385162056731 -0.100061229139103 -0.310865561242187 0.101031464325246
-0.213292814909821 0.0602332468299239 -0.185103345156673 0.230762678324165
-0.124181978008231 0.166167460860321 -0.084441589136176 0.234224580955299
-0.0623585990335834 0.185068291382135 -0.0311576453778351 0.153868075139322
-0.0803937804698873 0.195649191062597 -0.0323479494466305 0.0678313830785055
-0.204286746618681 0.165025258777008 0.00489702669620358 -0.0441780587353767
-0.278900961518867 -0.0086274736373105 0.097615564006469 -0.0742215222398175
-0.175429585830795 -0.22217223176613 0.115624175850843 0.0955163190623483
0.145240797775974 -0.296751479514535 -0.0440431129859035 0.124758408323335
0.363702021550187 -0.012203701057204 -0.121692910780788 0.0335786250857536
0.28229336197879 0.251642177963403 -0.186556666403031 -0.0483041086494787
0.114320364162121 0.2043306273994 0.0464306845766529 -0.377114545904071
0.19253930641724 0.0694134730080327 0.0235697436653268 -0.307800213334455
0.135302980011692 -0.0857217187075871 -0.148028739525659 -0.291383375352041
-0.00648555340395472 -0.130598981149882 -0.306163209381054 -0.129570798979942
-0.108952239172843 -0.0781503676659335 -0.322314760570885 0.0922222279730077
-0.140576584009079 0.0261527485463373 -0.22892134944076 0.248530174964391
-0.0850998317510178 0.10214997184749 -0.121451816125509 0.287006703221416
-0.046059025534479 0.116692459756123 -0.0542389467229963 0.211985305334412
-0.0622715304494255 0.132396221576964 -0.0544651926311782 0.12255171656263
-0.152907184176143 0.108728742067833 -0.0291266476683758 0.011523770092564
-0.200956988367143 -0.0312771361229881 0.0343504875809194 -0.0298971944232396
-0.0982732478738993 -0.178748434800096 0.0437406072856284 0.0722581634307438
0.126379932356742 -0.195154938402673 -0.0632372917923209 0.0681294006269156
0.254322058283573 0.00371965428916061 -0.11069172083345 -0.000346044486692998
0.182887930438514 0.161492117901011 -0.225714631147368 -0.123717456207614
-0.0477994436327331 -0.0527268160160488 0.272900351145458 0.184243650837884
-0.0814954313320053 0.00303548055260616 0.173955736599089 -0.0222673108044337
-0.0580398368180148 0.0570547133036078 0.0658448325488621 -0.0675265638595378
0.0251578893623735 0.0756242597121254 -0.0399125662182429 -0.0542235936670941
0.0687566101443842 0.0168874008192015 -0.0131897226692053 0.027075791547482
0.0545853153524228 -0.0324169618390022 0.0691114121904066 -0.0290230598785015
0.0278881554696598 -0.0441693661902685 0.0802991567490403 -0.120517393976509
0.0243588939798354 -0.0312638785404502 0.0742384684364468 -0.205875905229621
0.0339541525547347 -0.0187865934802854 0.101871945239117 -0.261732281168355
0.0455732913678603 0.00767430171415052 0.20296466810379 -0.24014915348508
0.0357507867845107 0.0420515302858507 0.274775853202784 -0.110320685458562
-0.0068546465714102 0.0522450543396022 0.26518465196972 0.0760794661152674
-0.0663130970552798 0.031409772501456 0.176180034113244 0.216897905209077
-0.0900780106661129 -0.0212192201174614 0.0272566174151471 0.308966639180054
-0.0455137691754342 -0.0927233837092716 -0.0181309993216485 0.424128488228441
0.0663893202670277 0.0677125648303809 0.256394557439642 0.184033393657795
0.0682518006745105 0.0142697287480959 0.173349768379725 -0.00240049278894576
0.0308989387744281 -0.0432822543879349 0.0706615576930174 -0.0742431346593593
-0.0325902551484348 -0.0269779609133807 -0.04357477719635 -0.0556947174941622
-0.044844288252431 0.00391782150665982 -0.0158099405828705 0.040716709314349
-0.0317941592051637 0.0299288133713271 0.0813150112721422 -0.0162591827826174
-0.00846864431295925 0.0440058565830369 0.0907893447570925 -0.116671608750801
0.00326251420897506 0.054519576206313 0.0765612439694908 -0.200775509413728
-0.00661750989782146 0.05904713424087 0.0928186310008969 -0.252612127087621
-0.0460107644609182 0.0590601710076235 0.182758157740711 -0.244460343796457
-0.063301666801868 0.0222272033087409 0.259281272535376 -0.138074997958234
-0.0453481865880061 -0.0286952840887997 0.268178981823233 0.0483489946352863
0.00501439825138215 -0.0529614847478554 0.199678326040314 0.195220015805443
0.0449616518487213 0.00283219499350438 0.0582198380177476 0.302017986121531
0.0472741210902545 0.0403658297991801 0.00170467690019059 0.426798171388857
0.152403588261956 0.176819929407079 0.210466389259894 0.152332133112499
0.19926331921452 0.0340657282135784 0.173802987157621 0.0286543536113538
0.121208376602211 -0.126308396994964 0.0928891224761319 -0.108574787758934
-0.0723565752014451 -0.127590157435765 -0.0721156022532504 -0.0916006942717387
-0.146498971428688 -0.0210843492287437 -0.0614536558629189 0.0579362802491371
-0.119166732288997 0.0789851239637995 0.0640619609747965 0.0253649002992006
-0.0491762692926586 0.124399112028216 0.085716709502098 -0.0802329572441858
-0.0174119419243049 0.13147388853088 0.064313933627233 -0.165011632778031
-0.0375537994382206 0.128639293980948 0.0689957435488227 -0.215146131207223
-0.121598584720646 0.109899577464274 0.144552467353913 -0.233293529714675
-0.152920344045645 0.0149381783582184 0.231039905591608 -0.167760316712358
-0.0944349848787979 -0.0933415272938902 0.273901875096208 0.0208582596201415
0.0548737984926805 -0.142987335360016 0.207514194134582 0.185573609217615
0.173231647507087 0.00407863401826773 0.0545706493208749 0.282752734261167
0.149748075561388 0.152262013576072 -0.00228702336278944 0.378170381462763
0.192844809418742 0.261260851514095 0.162532070348927 0.0961500349279359
0.284010288787457 0.0603242492544293 0.198234437392302 0.0283178568545608
0.189038294997017 -0.177794969950636 0.0999055848089177 -0.185188559488512
-0.0892691213026596 -0.201609371037547 -0.138149724179821 -0.139222573617555
-0.213637921979241 -0.0508220611538278 -0.134853353481994 0.0818289570730377
-0.190524472901295 0.105135229272783 0.0219602065243769 0.0867486633487217
-0.0894575638290452 0.180849290164635 0.0618950693635269 -0.0148386759144347
-0.0367052186388428 0.189486650047401 0.0481695700456349 -0.101436577465978
-0.0593178869570503 0.183157302563252 0.0431344035769894 -0.155136454992899
-0.173450727790552 0.153773459323996 0.102833836326681 -0.205444838952966
-0.224646119219027 0.0181092273392532 0.199983345074172 -0.184689228368856
-0.14887714522276 -0.142844188205162 0.27364649819417 0.013796883506449
0.0843234150119854 -0.230963142421334 0.184817954776781 0.191180352732682
0.28266643650398 -0.0104406870104732 0.0136887786498297 0.248020581978306
0.240740763772494 0.233925312981038 -0.0290930167860798 0.287687536222037
0.197014809034009 0.310566715497326 0.130875401325207 0.00397313451532113
0.321634910111393 0.0859605613453282 0.214133215891821 -0.0402266046334689
0.224843386724588 -0.190973894689024 0.0554706915504159 -0.269425856804748
-0.0825350298512732 -0.234937623409733 -0.217126780737771 -0.161221832423264
-0.238933600671189 -0.0761307226686352 -0.206791041945563 0.104121948372489
-0.230971821097348 0.10774719347196 -0.0377278830994978 0.146410268449704
-0.117398806212177 0.206363267608698 0.0229380654913862 0.0659437778633693
-0.0496639667936123 0.217355448596988 0.0252313876410662 -0.0189575510981279
-0.0703797354289246 0.212795845490991 0.017695614912995 -0.079966882078028
-0.200321904376249 0.183841673534719 0.0648574472892924 -0.161892161684533
-0.270773319507361 0.0253829763584254 0.169202717460853 -0.173371644172071
-0.193611610661313 -0.17828427699946 0.252560641594212 0.0350890951533083
0.100896484843052 -0.296710979594723 0.121473090887901 0.196000657345847
0.354216402505612 -0.0277660835305921 -0.0494089450221154 0.186479755551063
0.300240140402489 0.27280040569334 -0.0740741216984576 0.172589768211386
0.183197976516959 0.318337853847704 0.107466498844514 -0.120364700793107
0.314558549293851 0.0943776723434217 0.178502945359729 -0.148026213392214
0.223309120976096 -0.174090636594212 -0.0255833702410527 -0.310093697118406
-0.0608553393123957 -0.228779744424988 -0.273802411780009 -0.151921447171408
-0.224283287738993 -0.0891684517462254 -0.257210348407364 0.113617250026353
-0.233934301484807 0.0937783247945472 -0.103681021329214 0.192491563197038
-0.123907034201482 0.198468686754759 -0.0244404878984943 0.148453869538273
-0.054292441114932 0.211678707488512 0.00163367215141513 0.0681923770234847
-0.0716121806233954 0.214992485953452 -0.00454896619043543 -0.00358055610332392
-0.203681602706144 0.189860398540436 0.0323604658026778 -0.10374994457306
-0.286853659154855 0.02366569318473 0.134685763227412 -0.130213006389508
-0.207111756460087 -0.199959199175377 0.195241152371245 0.0711148550596753
0.114706579370305 -0.320631450123091 0.0321198106549619 0.175758800471875
0.375757733518158 -0.0358773899826292 -0.0999315458619385 0.105257835251944
0.313255491363873 0.26877085400156 -0.126118780173603 0.0582291782808205
0.155503481554068 0.274642185082901 0.0745490981964324 -0.249805058384073
0.26601308842852 0.082082407056069 0.0996693708359778 -0.239412025227631
0.185941229070904 -0.135459610967036 -0.0991629584685193 -0.300203840279047
-0.036676810478061 -0.187784899425717 -0.292492077983805 -0.130162722316033
-0.177045905054361 -0.0866915340505459 -0.287160851530511 0.108102171309222
-0.197937097789803 0.0670914914837052 -0.162334557427311 0.223745086879155
-0.108345303844145 0.160637679353855 -0.0682026768906155 0.221756291034633
-0.0507014038656319 0.174181005531805 -0.0218473972695093 0.14529213384113
-0.0661173910653342 0.186022123664369 -0.0263468832346092 0.0662453129102685
-0.184911641553686 0.164441565193254 0.00180083231236026 -0.039801646422157
-0.263194670413661 0.00375428232607589 0.0849092620418164 -0.0725500602835455
-0.173247961066302 -0.202915492113121 0.112724039839046 0.0853736553179911
0.126671895161712 -0.282297228711394 -0.0358139613883393 0.12115402272355
0.337489991246274 -0.0249074677514165 -0.111287629751615 0.0361939048156397
0.27195064365965 0.225694875373332 -0.176101524292344 -0.038371319106
0.11299672078826 0.185659144858507 0.0316883146193806 -0.350866581034497
0.183413124684432 0.0556802761229014 0.0131216585222728 -0.28702824232061
0.122746871206638 -0.0849870680197246 -0.147386697624644 -0.266285235325341
-0.0114448232044839 -0.122347845888036 -0.291197101099227 -0.108829940531946
-0.106136943454805 -0.0689366841024113 -0.297500098156253 0.0997823792695973
-0.130169503451442 0.0318763697431748 -0.203124743355128 0.241959860768565
-0.0746436204040348 0.0993914798237303 -0.100042255727399 0.273130754430461
-0.0389225548830763 0.109542426502198 -0.041967871339531 0.200524611160408
-0.0515599526558973 0.126722082315843 -0.0454607188778696 0.11780906574035
-0.139696393494783 0.109161027786937 -0.0279900921400314 0.0139791171178279
-0.191029499055098 -0.0212165502456848 0.02778938831121 -0.0276155005699867
-0.0992084632271064 -0.165257143592774 0.0450752811926144 0.0654955799049796
0.112385591865447 -0.184719634514849 -0.0546692744971039 0.0680593303474615
0.236030607185454 -0.00565173056115783 -0.102995269962955 0.00482312044844015
0.175581334453722 0.145924314933337 -0.215546492994659 -0.106654014018402
-0.0454621307860211 -0.0500097875672403 0.258485437327595 0.174042046932663
-0.0779801555336892 0.0030065742775657 0.167221668138971 -0.0230049050943237
-0.055703344003858 0.0536554055598099 0.0615219522960786 -0.0659164808982186
0.0245781992460721 0.0721054799826568 -0.038588409957838 -0.0510729048256199
0.0657423877891758 0.0167333919112372 -0.0116386271649503 0.0253360573283969
0.053352870778335 -0.0305024599983723 0.0651098491673651 -0.0287450726838729
0.0270632168525753 -0.0425125031427977 0.076186269593749 -0.114792004889943
0.0228732088674371 -0.0302379046626239 0.0721554812482444 -0.195455049706177
0.0318264131241485 -0.0171391413595044 0.0977218964469706 -0.247722840038017
0.0435525431473914 0.0080498144877121 0.191423284332641 -0.228023405256982
0.0338321793011585 0.0392034176498166 0.259988760302444 -0.103338714867992
-0.00671416585641027 0.0503149819470679 0.250841760158737 0.0734010552975081
-0.063727918005367 0.0300247340062089 0.163732788822709 0.206571986526361
-0.0842756515525292 -0.0203088336894973 0.0224570589654062 0.295318262250186
-0.0436266460229536 -0.0895783811102121 -0.0212030914442333 0.401250094680161
0.0619483390871619 0.0640379752806724 0.243503474718151 0.174682503825154
0.0641006990961381 0.0150239737364616 0.166969835476875 -0.00330716474360784
0.0302772358318664 -0.0400688724665291 0.0654883607606086 -0.0723663981722892
-0.0300457391507203 -0.0254622584115231 -0.0416158757812891 -0.0531197117501375
-0.0425436987813271 0.00355395379984209 -0.0151944800914894 0.0398777783773947
-0.0297845384057402 0.0287002592032818 0.0767261055010312 -0.0168576487674443
-0.00731445317406563 0.0412498711499073 0.0864161532585774 -0.112002645673857
0.00261433399243752 0.0507308938829275 0.0733763043343556 -0.191417413966476
-0.00605698426422827 0.0557264369831136 0.0886602900394152 -0.238093704960848
-0.0437981691690827 0.0571610561490205 0.171879838880466 -0.231946604753454
-0.0600309322152752 0.021232347796887 0.244924235143822 -0.130002566676293
-0.0427794752133008 -0.0273773786618927 0.255034880274941 0.0471720142835756
0.00481056874879662 -0.0499106939995544 0.186850864712897 0.186256538474381
0.0429859868470296 0.00268289212055054 0.0520093293468446 0.288726410295262
0.0449330952497683 0.0366502645385317 -0.00106269914101397 0.403381520102736
0.142091226453848 0.16802117471302 0.20135938013162 0.146114846502199
0.188593229957174 0.0347058882381807 0.168435628827374 0.0269716118003716
0.116504229251607 -0.119266324543004 0.0880108722023443 -0.104427236731907
-0.0673770589873979 -0.122702194184638 -0.0684379005500188 -0.087974848577443
-0.140094756496257 -0.0205932393991696 -0.0574799832958073 0.0562896835059455
-0.113330567791247 0.0756754819314561 0.0613779707459529 0.0230579452306445
-0.0464120963495929 0.117212170793422 0.0813985315073287 -0.0765243289242102
-0.0167248019131264 0.123665411109359 0.0629225655090469 -0.15648641413238
-0.0357438934031498 0.122560368540606 0.0667313781238877 -0.201779838796779
-0.115045269737266 0.105776278931741 0.136791661425356 -0.221024069859699
-0.144793858822902 0.0146260352368136 0.21642391214862 -0.158371185859914
-0.0898346460873448 -0.090175600390463 0.259960541061517 0.0214321781644229
0.0520243580884007 -0.134616899337699 0.195842330549368 0.178310991209566
0.164631984397444 0.00413057004943566 0.0490768745066308 0.270507776926833
0.141485192868484 0.144514417279855 -0.00333072310203217 0.356085369137654
0.178898644431506 0.246890250628475 0.155751833332127 0.0930395359358314
0.268576432021755 0.0597765365814685 0.192100522775942 0.0293735064882536
0.181671014362982 -0.167792727173877 0.0963464799737025 -0.176391095962451
-0.0831274849644078 -0.19308635629629 -0.13067449370563 -0.133832618017993
-0.203963828760229 -0.0483977356276543 -0.127174092196941 0.0783678063252962
-0.181666988134141 0.101133321701074 0.0219944027862226 0.0814912689356814
-0.0850353180939751 0.171634904452153 0.0595186267846488 -0.0144799320691705
-0.0345031583262141 0.178218825394219 0.0467235646312892 -0.0964560856998954
-0.0566525333002435 0.173969040226104 0.0426514026878653 -0.145159070888841
-0.164872377418579 0.14802679465189 0.0970037709973319 -0.193779637206643
-0.213618503724112 0.0180690326474963 0.186499898353855 -0.173646856081209
-0.140825470296292 -0.137362857451058 0.260396548684891 0.0143631786764999
0.0804623275689736 -0.218176995146329 0.174663843932014 0.183411324634581
0.268653418943503 -0.00934178440289301 0.0112775128033122 0.237138841180974
0.227441245947028 0.223021922635581 -0.0292626835181714 0.271384459468849
0.183010539446047 0.295394106683868 0.127537506044957 0.00622576990977649
0.304767101333831 0.0827774726794562 0.207160410038077 -0.0360850584697735
0.215877588896043 -0.180803328045041 0.0550438054054113 -0.255550936503023
-0.0771886296078326 -0.225601580537224 -0.205666450942711 -0.155659101049043
-0.228430076257081 -0.072683455098209 -0.195721619619581 0.0999212946032158
-0.220067789195961 0.104301331884615 -0.0351142141018951 0.138520760874899
-0.111384093116143 0.195678269572414 0.0212952512003368 0.0622154865053171
-0.0481381855832994 0.204786499535163 0.0251496980828587 -0.0174058302531976
-0.066455869442745 0.202946326603404 0.0188444470658205 -0.0740759162791948
-0.190055732448415 0.175881726568072 0.0611539764388628 -0.15257306256594
-0.259131051034448 0.0243468198602502 0.158312175099216 -0.16224865650463
-0.183558278799705 -0.171363140899117 0.240303961358683 0.0347995491604931
0.0974753673647797 -0.280942103415863 0.114773581272994 0.188552589822318
0.336838866108231 -0.0255458306698356 -0.0476856247086313 0.177502375497654
0.28380702004187 0.260509486452315 -0.0709108899376317 0.162293234665711
0.169704699966149 0.301831080467569 0.105415287057109 -0.111154332964561
0.298853993272373 0.0906720013451471 0.174179548271804 -0.138177217637295
0.212798770844672 -0.164691116565972 -0.0214959060279933 -0.295012372049719
-0.0581319247013876 -0.21868165510391 -0.258861700061745 -0.145768337856304
-0.214756755543188 -0.0850784692170029 -0.244437804126359 0.108359088644818
-0.222421485743017 0.0912473130773851 -0.0975334002140077 0.182995392090039
-0.116477072120259 0.188796006676821 -0.0236040447774452 0.140866084109334
-0.0519619642658241 0.199918858840048 0.00207276734144311 0.0657371098754953
-0.0673170463440378 0.203801379166882 -0.00342044945375001 -0.00140546370137753
-0.193968085044004 0.182308787626742 0.030405117588245 -0.0969681160464426
-0.27441778435118 0.02271283636779 0.123664810317668 -0.121457098327698
-0.197617677445856 -0.193249691155636 0.185966522675381 0.0684349892827771
0.111217417043162 -0.303541968945204 0.0300065499058247 0.169238767232426
0.357643433152943 -0.031825334134285 -0.0946227158970375 0.0996366639035017
0.29542583076854 0.258383738684557 -0.120025224229972 0.053337711798254
0.144109178383825 0.260109686100021 0.075331061310712 -0.234557095962601
0.253485455636125 0.0787123356624444 0.0985786136724759 -0.224824104098939
0.176480849720387 -0.128367776363946 -0.092145607542582 -0.285558745148996
-0.0345106268226732 -0.178776958568078 -0.277159708816499 -0.124905494345176
-0.169718228298447 -0.0823505055658296 -0.271833319404423 0.1026968061148
-0.187666097037187 0.0657986155671755 -0.153294124211893 0.212170760145596
-0.102778784971481 0.152687300527946 -0.0655071387863162 0.21055088982698
-0.0483311589847736 0.16331198068084 -0.0197694823689455 0.138469458935694
-0.0621651063646332 0.176247552429816 -0.023562244527735 0.0640918995897287
-0.177006542668628 0.157773141823673 0.00144582512383658 -0.0358817208910077
-0.251855230544232 0.00358965436355062 0.0761284212615168 -0.0672874380014433
-0.163274928468003 -0.195974599908592 0.107201772378417 0.0811799584089622
0.122740192571674 -0.265811356327166 -0.0329781228641095 0.116647483390497
0.320192668735327 -0.020989579514563 -0.105203854678867 0.0338437197498383
0.256254239600996 0.216501358253698 -0.167018511053781 -0.0367024593441054
0.104923117962605 0.176073824431268 0.0339300070202955 -0.330687780780585
0.174431332256652 0.0520660740514343 0.0165783605605131 -0.271412007942678
0.116858851706414 -0.0803699454554497 -0.137461595082183 -0.252877206631842
-0.0110545389029478 -0.11642153304866 -0.274771214872323 -0.103844691395054
-0.102508377070922 -0.0659472405536605 -0.282108507382796 0.0941576371510082
-0.123540180171399 0.032399794670336 -0.19105855289987 0.230623728628707
-0.0711198718301618 0.0945947195836004 -0.0954737158394666 0.258883517423292
-0.037252636942815 0.102173585583992 -0.0387912593265675 0.190622514149757
-0.0491960419391505 0.120026715737458 -0.0420531842177694 0.113636019774349
-0.133282346807804 0.104302402365825 -0.0269364071042674 0.0148441873452228
-0.182781161817735 -0.0204282489508947 0.0230670279698915 -0.0252554458073651
-0.0935308518855216 -0.159421358121096 0.0428556381494986 0.0629592138013672
0.107947113636503 -0.173292739479567 -0.0500425715047338 0.0661893806960685
0.222580575446375 -0.00406982881768368 -0.0968363320105445 0.0042884766773988
0.165221187231727 0.140207447144628 -0.203396573698611 -0.10109214211113
-0.0377118190663159 -0.0549861652040106 0.233396004820197 0.204303315607969
-0.0762656653457252 -0.00868441580650314 0.170906082858891 -0.00353330367698309
-0.0620558104427331 0.0432413205028599 0.0686756346464592 -0.0625909375630634
0.0116411844611952 0.0729930200553024 -0.0329248875451825 -0.0563494101293821
0.0604498011482578 0.0280814001237703 -0.0174264476955011 0.0246956333545086
0.0565778705112697 -0.021519368652003 0.0658454362698636 -0.0170605182366937
0.0334803779914551 -0.038971833055279 0.0900583855186542 -0.101100914191148
0.0275824487310315 -0.0270684962479689 0.101530420590168 -0.178149821737526
0.0320336226878735 -0.0137051045835204 0.135632166551794 -0.224813358226419
0.0402307690390605 0.0120605294003141 0.221925115583531 -0.191499665752463
0.0273614758511699 0.0397751663999767 0.270305005774028 -0.0575435998663279
-0.0130400955560785 0.0438935004781564 0.234142918052936 0.112681187098432
-0.0605367337338141 0.0186184891599176 0.123825854942177 0.229127511869771
-0.0730207710325248 -0.0326357373268327 -0.0289464086985163 0.295177900327442
-0.0211458827071968 -0.0939522902899511 -0.0912301061957066 0.389498432770457
0.049032794392533 0.0705080897049437 0.208179812540795 0.205573803420819
0.0587598809781927 0.0266779658459759 0.163892510313791 0.0213487432236265
0.035723364402414 -0.0337768615984508 0.0756314920994628 -0.0601389951870488
-0.023281224976891 -0.030431819224405 -0.0309665827569912 -0.0569751936681375
-0.0421553368483608 -0.00367361943132982 -0.0172770295266351 0.0365265541345396
-0.0333308195211417 0.0226429569495235 0.0778954436574847 -0.00768309361481819
-0.0141843069873645 0.0377234815425731 0.100729747799349 -0.0982868058397773
-0.00553228540578781 0.048021050055906 0.10282333796632 -0.173333643904364
-0.0157684614664989 0.0502810953645376 0.126112228674506 -0.216563224091475
-0.0512203492401627 0.0461280474860908 0.204888274563196 -0.196241080093227
-0.0598352343217606 0.00671703454083835 0.258798659821424 -0.0845911827701809
-0.0356265292408236 -0.0375073501047819 0.241656022333059 0.0879976678808998
0.0172542009695848 -0.0476743490912928 0.14832564460751 0.213578153475211
0.0452635086313916 0.00981655844256988 0.000646838583242416 0.29062233343974
0.042204271548949 0.0434452576156125 -0.0729370838401133 0.395042207657327
0.111488921182522 0.181575956115675 0.161541705757493 0.173293465043864
0.175913860499454 0.0648174160989252 0.157024385811146 0.0576421892925544
0.131703449353786 -0.0958773204894653 0.102806615743279 -0.0801038859597653
-0.0427467479092264 -0.130128202088567 -0.0485649943594373 -0.0916292022671483
-0.131134160325388 -0.0440031957314422 -0.0560682123555937 0.0463147813338544
-0.122128368483948 0.0549210092386 0.0591640711547038 0.0244210043316174
-0.0644128023682162 0.106334208378557 0.0920264427384912 -0.0669032779181472
-0.0370434671307014 0.115414872380647 0.0861605914511823 -0.141367134361049
-0.0550029519139806 0.109190502709205 0.0993962468650415 -0.184416225929806
-0.128265722773296 0.082450028696817 0.168641770075926 -0.189583294895277
-0.14113676221884 -0.0125124377782422 0.235653082994139 -0.115323303787722
-0.070590168164499 -0.106117778762894 0.251353903787331 0.0656187970277079
0.0763220157369515 -0.122107233192077 0.156959342062637 0.206924408201893
0.161835524075589 0.0312187155017632 0.000162020510911187 0.268624731300989
0.117060865118855 0.164059857575264 -0.065960695552837 0.34534496212099
0.135585661762401 0.262694715269316 0.118236350959221 0.11562220737063
0.249580095104792 0.101446549831772 0.17664889181138 0.065825531915713
0.202812578885448 -0.132998783637111 0.122202992107605 -0.144124253586014
-0.046128643615257 -0.201525477275637 -0.0997113492647251 -0.141577470033534
-0.189311236292991 -0.0824177210574481 -0.124062169991088 0.0584381674454726
-0.191665010295377 0.0688195444402194 0.0137774188036729 0.0732116458014906
-0.110144956191334 0.153026496683724 0.0625859861678793 -0.00967190078042683
-0.0634435550584077 0.165517556470468 0.0605908973575219 -0.0850648777046446
-0.0822296412453121 0.156011103489667 0.0673888917476139 -0.131439293729755
-0.182132810107626 0.11554904427338 0.127273653991773 -0.168756629976796
-0.208130658332018 -0.0195358684621834 0.208049974321604 -0.134054758928255
-0.112651388301879 -0.161641215879636 0.253398359294534 0.0598151233032527
0.118064184983871 -0.197395121429021 0.134767761491513 0.209203871051122
0.262714653642101 0.0369393055514829 -0.032565739652317 0.226660525253155
0.184576252934296 0.255098060269533 -0.0764517962997958 0.256554360484405
0.132003822131702 0.310011443986652 0.0999563118307659 0.0263303051087251
0.282072847695423 0.128752610624081 0.19876653981507 0.00623154690020185
0.238035110360135 -0.140398966683943 0.0934910883043721 -0.225744927927616
-0.0355765525712882 -0.231847726687792 -0.168599115738878 -0.171664975254289
-0.208471046198232 -0.109533515986241 -0.191643135087029 0.0691100455498991
-0.228738438032107 0.0666277016960349 -0.0487918551466979 0.119365439706829
-0.139373060116774 0.173776238352611 0.0158770482711818 0.0600289844142598
-0.0797811287823492 0.189940200083313 0.0262977015655029 -0.0123021557400361
-0.0963816402750297 0.18261353557956 0.0335613208824574 -0.0670703310422547
-0.211377531241975 0.139581267890114 0.0857194137947296 -0.132711201406002
-0.252934516039722 -0.0201349394415165 0.178057112410664 -0.127311843550349
-0.147777212664091 -0.201244501521355 0.230953290899947 0.0783827148408055
0.143878178451716 -0.254777916608226 0.0745525628936001 0.2048739898707
0.330275012075553 0.0330962889325518 -0.0812537220403261 0.157032891085797
0.229829321948737 0.302884222348315 -0.0979936019678674 0.141756257914368
0.118556900854991 0.315303561224438 0.0964241649798672 -0.0918718140083572
0.275771017614308 0.13433609535104 0.181739094234414 -0.0994185940540132
0.23315293665937 -0.126117242242245 0.023893946788312 -0.275239345345663
-0.0185674672884955 -0.221913768957817 -0.221908757239206 -0.169706709690605
-0.192843429373489 -0.11959318237031 -0.241291069756665 0.0714669602735869
-0.228013447147703 0.0543726015423347 -0.115944485884097 0.154081736679909
-0.144030294215422 0.166606751317012 -0.0387532059285328 0.130757167732551
-0.0836287523873187 0.184166590387763 -0.00881519703578354 0.0640565771185138
-0.0977609626240811 0.184114556608035 0.000368011264159953 0.000798483500241726
-0.216398552255454 0.14473787101271 0.0478813428980588 -0.0838852201994042
-0.268630062070726 -0.0241863821605969 0.138680827847071 -0.0921824424404248
-0.156968147800885 -0.224188870435536 0.171678477906687 0.102786472828897
0.160681107660457 -0.271791703825408 -0.00472474944154306 0.171274333104623
0.350055455070623 0.0310967459945707 -0.113657970153942 0.0721615793841436
0.240979710726493 0.301654965602477 -0.128361077087082 0.0265021586213463
0.1004641236641 0.271403644999661 0.087430482038944 -0.216038128516295
0.233382069475677 0.114565145685956 0.122600276853419 -0.197022884713998
0.192534024607476 -0.096264735288945 -0.0465923187969082 -0.278869865673091
-0.00278216852050493 -0.179198000788048 -0.244237771879269 -0.152730298507854
-0.151355619491302 -0.108926622936894 -0.2690380474743 0.0616076239282494
-0.189990603721755 0.0356730013140773 -0.175220180205709 0.176901651154454
-0.123148076821995 0.134310289812169 -0.0889810276740338 0.194304529868958
-0.0739763424203802 0.149799612180221 -0.042236917241857 0.130974071447881
-0.0870292436098885 0.159226868201039 -0.0307998733606555 0.0613633959392991
-0.195205998287625 0.124977243322724 0.00919583469749352 -0.0296739291400604
-0.242731392598203 -0.0387325938633978 0.0831450247072051 -0.0471646877979458
-0.124040072960106 -0.220346433819965 0.0919898029366312 0.102151670394152
0.163952048025165 -0.233465893962732 -0.0560999877776167 0.109107314247593
0.310266464957367 0.0359837421990174 -0.112270321919809 0.00723620233514148
0.207210394634844 0.255487530426366 -0.158124301436254 -0.069137765838908
0.0744471828950824 0.185252917278843 0.0683094821253138 -0.315208843423811
0.161718148679445 0.0768421194506555 0.0512888640816822 -0.256175726437377
0.126251662617688 -0.0588719336220453 -0.0968816868237117 -0.258994961754256
0.00906901723036905 -0.114903416019033 -0.248489130400375 -0.133476370788083
-0.0888643345789385 -0.0818041152106725 -0.281502907674937 0.0512849316845707
-0.122039494363291 0.0128993737183052 -0.217059948140322 0.192002122438873
-0.0834236880112839 0.0821287209047976 -0.125934005391856 0.238341741291425
-0.053464395604599 0.0935800679863678 -0.0688832908237555 0.178403055705404
-0.0647167378916983 0.108259906668448 -0.0574247958732704 0.106163019879481
-0.145673297790983 0.0807440327789508 -0.0276362986277543 0.0138030958393122
-0.173319218698857 -0.0492705016682204 0.024041606490813 -0.0166661918556264
-0.0623378463001086 -0.171774437432539 0.0314428455177547 0.0718251742589251
0.133832781083938 -0.146879908516821 -0.0621653873528972 0.0571620839853311
0.213447544714946 0.0352618263683197 -0.0976668216263685 -0.0171313084627954
0.132154703772399 0.166195755897191 -0.182779690972849 -0.136201186245874
-0.0369521817778989 -0.0550066480139253 0.236571825325273 0.207169311669801
-0.0779553314922538 -0.00875262452738107 0.174768503767725 -0.00523187497646837
-0.0637269018014686 0.0431933225838387 0.0694375440484969 -0.0654825051723889
0.0117389230662777 0.0749732078356199 -0.0329082711499053 -0.0572920451500381
0.0616414809430684 0.0290651834882573 -0.0164721267858451 0.0254117962148372
0.0579880530318334 -0.0222696346191708 0.0658512110927561 -0.0183872791052063
0.033919599605907 -0.039843418664266 0.0919488689089244 -0.102531591696887
0.0275490480677424 -0.0278248388367958 0.104458189597685 -0.181452166460303
0.0325923674873685 -0.0140945027608301 0.13896343469016 -0.227918157908004
0.0410660075542645 0.0127986129898493 0.225743800379294 -0.193235684281979
0.027349722139903 0.0399702687035849 0.275173119709318 -0.0562258108626172
-0.0139857618866304 0.0446624566655903 0.236724029543104 0.115862532619026
-0.062203711080933 0.0189869456399576 0.1221357066128 0.23372116736013
-0.073028240950601 -0.03434830685406 -0.0334489500416195 0.300756083976436
-0.0208672431601042 -0.0967721076885429 -0.0962251375221273 0.393000192306859
0.0481514877727229 0.0722043076438589 0.210447187139876 0.209245905577517
0.0588835323974712 0.0281028117818651 0.168669936550093 0.0205047740461965
0.036585041012067 -0.0339234310761489 0.0761937148512725 -0.0624922555442924
-0.0228757386007791 -0.0311496539495951 -0.0308643046523761 -0.0585192256176938
-0.0429731986418314 -0.0038563222494958 -0.0161045437860636 0.0380873895197955
-0.0340556924297782 0.0224662857650187 0.0786977226369091 -0.0089042879506175
-0.0134416438323418 0.0370881616155181 0.103340267690067 -0.0993984067643382
-0.00625612686240915 0.0473203313064711 0.106190636304363 -0.175634226258251
-0.0160665547925452 0.0505627798922896 0.129106615275715 -0.218938952983309
-0.052324632172871 0.0472117051882151 0.207762240507079 -0.197544543372586
-0.0614682968206446 0.00658986602856588 0.26189285514893 -0.0839246357743165
-0.0360206862817808 -0.0385855892870918 0.244219720513976 0.0916077912755067
0.0176992906634989 -0.0477973264748656 0.147942483909197 0.217489629940049
0.0466349771910551 0.0100542187670296 -0.00342391308348755 0.296602894717135
0.0426742800887082 0.0426637251389081 -0.0773120218705473 0.398355761023469
0.109801516428741 0.184615938977811 0.164196976338906 0.176649093861374
0.177593763420261 0.0685159537749785 0.160924130746796 0.0587376969986015
0.135178627541233 -0.0959236470818077 0.105535594121864 -0.0822125303701965
-0.0416539000622894 -0.132830160426343 -0.0491869110863347 -0.0943228582573949
-0.133695028384472 -0.0452133470282584 -0.0556857159727469 0.0472092925348922
-0.124281874289136 0.0560566385485262 0.0604277841555426 0.0234554064729115
-0.0648896547875955 0.10756136054704 0.0931894769177472 -0.067732973072853
-0.0380167122187701 0.115980380882028 0.0891593960237047 -0.144141773074137
-0.0558278815707811 0.1106449830852 0.102752668924405 -0.185826489210884
-0.130091999369257 0.0846082242973775 0.171231005573155 -0.191114186254437
-0.144169521649628 -0.0124515856205096 0.236836018941803 -0.115407339674705
-0.0714125117280978 -0.108438251821696 0.255476785964085 0.0681843514504326
0.0781184970526284 -0.123339376303335 0.157607523466709 0.2126405802531
0.164874020085672 0.0328239231803131 -0.00329027852183444 0.274257596418639
0.117694271892091 0.16683978003678 -0.0701377226346008 0.34747876567627
0.132632163455863 0.267008641864616 0.120894292633115 0.118915857859453
0.25317933604664 0.105880117809086 0.181435215899262 0.0684080468534146
0.208467025548768 -0.133078286650773 0.125811126794514 -0.145607190825346
-0.0443634605250034 -0.206213810785479 -0.100357433625396 -0.145811076342981
-0.193222823867335 -0.0842496085379406 -0.124754128008473 0.0585263240692692
-0.194784408257425 0.0706806960310302 0.0146717381126741 0.0723704600046383
-0.111333979781154 0.155604997880073 0.0638152100483577 -0.0101655471842866
-0.0652205965923674 0.167209849234356 0.0622115260982023 -0.0868921286831417
-0.0838560011731406 0.1577763361966 0.0707709972888075 -0.131640269764984
-0.186033177685032 0.118520926470635 0.128586802595868 -0.168827554418656
-0.21251821518409 -0.0198371421046202 0.208896249525941 -0.133826678641213
-0.114693379288329 -0.165075459227218 0.257414999631786 0.0626891256209475
0.121266227294078 -0.199362244505614 0.13571257339847 0.214532744533204
0.26746308242277 0.039503138940048 -0.0352965141018911 0.230303950815557
0.186681406280921 0.260093526461168 -0.0800264677683994 0.256753562631381
0.128008291379823 0.314325730464161 0.104092540790522 0.0289788787754708
0.284813300481137 0.132630909667704 0.206228161459403 0.00865303031351547
0.244185676338401 -0.141472318588728 0.0974387128753149 -0.228961309510002
-0.0348037539819006 -0.237112815210039 -0.170091084482815 -0.177980762342082
-0.213480438800945 -0.112703809863867 -0.194675569990541 0.0699405776285998
-0.233441488118851 0.0688592443497981 -0.0487463859955943 0.120093040774248
-0.141538373321402 0.17662424659897 0.0151528246385908 0.0604767178923616
-0.082403851778555 0.190542447525224 0.0276071776764442 -0.0127011001282378
-0.097592219917769 0.184702776872963 0.0365269944979011 -0.0660469187776623
-0.215463593076741 0.143399193567388 0.0870703499080676 -0.132550862371969
-0.258741025573142 -0.0201857073464688 0.177457594674329 -0.127421001252625
-0.151068295985153 -0.206224205902411 0.233920505970449 0.0813371626041067
0.148697595571669 -0.257150536542532 0.0747092147083463 0.209901140969978
0.335507533688488 0.0371977304082706 -0.0838631587750004 0.158849722999271
0.232536758516584 0.309777916856757 -0.101733212162534 0.13987503053049
0.113653896565768 0.319879631560753 0.101610695645307 -0.0900509281937033
0.279213101767679 0.138484297352328 0.190083586320012 -0.0986343317782412
0.237826635421812 -0.126783985101768 0.0274200743430831 -0.279532205944349
-0.0182369055724098 -0.22598412696248 -0.223589030760615 -0.175093333192576
-0.198068687229912 -0.121568010890957 -0.244378609720771 0.0715104998819825
-0.232037792556686 0.0559759577702129 -0.11667219435921 0.154595671799043
-0.145668140517475 0.169019795564344 -0.0404157119126902 0.131839444295459
-0.0858522991556516 0.184848391669403 -0.00878602984271574 0.0648773630537102
-0.0986084959609248 0.186620190822502 0.00237596460720514 0.00220898339631681
-0.220136585513764 0.148323402442141 0.0477078257298674 -0.0832197246111597
-0.274059169817605 -0.0242801591209444 0.137605693950775 -0.0909779431766329
-0.159126872686835 -0.230931742645079 0.173214442021142 0.106121934389384
0.167396434592873 -0.2746005476657 -0.00464202770645802 0.174886875400437
0.35316903882999 0.0368792220164291 -0.115303733863887 0.0720723650959949
0.241714610820896 0.309306580061441 -0.129467626616097 0.0242833152787576
0.0965844829732532 0.276090744967639 0.0946688402233187 -0.215371416799538
0.2369618857304 0.117171153820339 0.129312335183772 -0.197602049489654
0.196494472130533 -0.097420144164769 -0.0438450044688274 -0.283848801054815
-0.00227884288746394 -0.182252328733039 -0.246539585745225 -0.156537492391659
-0.155044453622074 -0.111196886218045 -0.272845260909852 0.0614714100699412
-0.192544009336907 0.0367678708592851 -0.176499517366229 0.177919743055674
-0.125073850750246 0.136121136741475 -0.0914197502307416 0.19626612071906
-0.0764934807249916 0.150681144009063 -0.0430201915322304 0.13354900831724
-0.0882591009576455 0.161195814267361 -0.0301125704261377 0.0635295931489654
-0.199344906242201 0.127882922998129 0.00850837183813651 -0.0281903946987891
-0.249099723015209 -0.0396674207135992 0.0807441979340848 -0.0446438020776603
-0.12479359765134 -0.226426004849232 0.0926010380083476 0.104665205338336
0.170872664524922 -0.2349954046888 -0.0557144243700975 0.111080832242594
0.313939677302074 0.0404185631649833 -0.113418892030499 0.00532906801770707
0.207840858180434 0.261944723553092 -0.159442539770872 -0.0712211483035977
0.0717445470241583 0.188038132014165 0.075583676557379 -0.316289497679378
0.163425149392161 0.0772915288525722 0.0570833169336152 -0.259358810879092
0.129501468400562 -0.060140214504287 -0.0942823729996838 -0.263787300480668
0.00886643838145087 -0.116342228435131 -0.25012490209197 -0.136145601547675
-0.0913448407104618 -0.0831194349636309 -0.285936046314592 0.0511703578874859
-0.123753092406059 0.0141482807008036 -0.219466444867813 0.193048587589386
-0.0839428719224398 0.0839418148228173 -0.127641797739839 0.241541053842322
-0.0551806559823997 0.0935214426989722 -0.0709279402106369 0.181644834833072
-0.0654833716925597 0.10921889559234 -0.058078771145416 0.107597131890646
-0.1477639525805 0.0822138529009789 -0.0293877120847942 0.0153296574134983
-0.177860464038711 -0.0509496022794119 0.0207469684484178 -0.0153791408488031
-0.063490582235946 -0.176073524590201 0.0317428876951307 0.0723808264210783
0.138677649562431 -0.146288121302918 -0.0611955850961039 0.0586205843306914
0.214741900716638 0.0393758089374326 -0.0983030389254078 -0.0182537959226528
0.131790936615742 0.170062690622322 -0.183645222103267 -0.138903396640088
-0.0380124989706164 -0.0554531580831941 0.245893786840264 0.20454391562935
-0.0791571790606098 -0.00612593100798522 0.178262762877309 -0.0119976003202023
-0.0638796710457112 0.0465129100901108 0.0687646888763138 -0.0708512872995569
0.0144432798461544 0.0766677573342719 -0.0349125814315002 -0.0583563448318162
0.0648608664404785 0.0281780548633691 -0.0140813595139613 0.027485610070471
0.059125636598344 -0.0253597072054428 0.0658071632920626 -0.0216474805392034
0.0341327512168852 -0.043026870123402 0.0913979267005386 -0.107939906494673
0.0273285472595344 -0.0297322086615077 0.102589634904312 -0.189317521022673
0.0329768766620118 -0.0151580100482292 0.134711326658438 -0.237628111312041
0.0425083608822965 0.0120791792375358 0.223801632488466 -0.20455036325015
0.0292270176742866 0.0396803688347372 0.278418429342426 -0.0654261683410498
-0.0128133376116396 0.0461870835011484 0.243708094843178 0.111975638099407
-0.062777004039108 0.0215635940729575 0.12957846701495 0.23546702766571
-0.0753053792212681 -0.0324751945849033 -0.027476271392951 0.310748184670589
-0.0251613416793281 -0.0998585455837957 -0.0884421241282242 0.40193186678821
0.050825702828456 0.0725409686937818 0.221381136773046 0.207160015194307
0.0610708138460224 0.028024829962643 0.173859973272764 0.0141354395736401
0.0368771062691617 -0.0348075621969577 0.0759876956811103 -0.0672605465446811
-0.0234258921482802 -0.0312899645881115 -0.0336391961459514 -0.0584949551468501
-0.0436916068498568 -0.00199243458074317 -0.0132291865356612 0.0392695995261684
-0.0344318255018925 0.024685453420511 0.0803074696947413 -0.0127216762695931
-0.0125604728066046 0.0379084941837082 0.102006889125922 -0.105531872192909
-0.00456481119095937 0.0482515041210476 0.103254562210162 -0.184385074866062
-0.01473194875151 0.0527072135520971 0.125862655892285 -0.227580258238714
-0.0516274155147191 0.0509239374951235 0.205456577998626 -0.20774161831699
-0.062985148582195 0.00967428059004008 0.263748157914782 -0.0929705703701396
-0.0383008986850548 -0.0377700207285584 0.252189557670522 0.0865054795516588
0.0169811650292097 -0.0484880940312819 0.156082517648113 0.218599417334416
0.0488166881601289 0.00830788153828382 0.00403798007997958 0.304180853697399
0.0448865421232802 0.0415176456602156 -0.0674992546776579 0.404486374090481
0.115111215168862 0.185655295684286 0.17277133999475 0.175112527778425
0.183019126598 0.0660161641425756 0.167883869274027 0.0542041232751415
0.136765822380474 -0.101069398089286 0.105158309711362 -0.0876504300010661
-0.0460766733727094 -0.135338964288566 -0.0525580656352021 -0.0960261194510381
-0.139141441789676 -0.0420539579271082 -0.0542449032490845 0.049856721059753
-0.12572393695541 0.062107194924237 0.0621323045852265 0.0205524582066275
-0.0620017160599671 0.111393564924814 0.0929802151842861 -0.0727129330807104
-0.0352655884482943 0.119165663519688 0.0871543474815012 -0.15015407346492
-0.0531250211269118 0.114729226303941 0.100591999643196 -0.192139360058626
-0.13027965467239 0.0920056945610404 0.168639591271359 -0.199153707791918
-0.148455717294755 -0.00712380335267921 0.236458044686571 -0.123246501750007
-0.0771503864094513 -0.108843288245472 0.263076976705278 0.0622942043231957
0.0765298936179426 -0.12770602692317 0.166850031009164 0.212931138278965
0.169877921037962 0.0283029855681322 0.0032941173792179 0.281766436129169
0.125999492076188 0.166593730063825 -0.0627459339576903 0.353916664409762
0.139883547961649 0.269077420142475 0.128509845330422 0.117906589622641
0.261437232132978 0.102504546014635 0.190386356291295 0.0643376221013718
0.210720103172397 -0.141452129966036 0.125594618751621 -0.153364678156669
-0.0515389626954552 -0.210032167270683 -0.106510037335777 -0.148882409776451
-0.201809237604601 -0.0807747265785616 -0.124394190782928 0.0639527685618363
-0.198259088345886 0.0801132190199278 0.0175050666961688 0.0717497001493001
-0.107934997346994 0.162866731889179 0.0636809195528817 -0.0129858579119373
-0.0615595236455722 0.171811315480094 0.061402082080963 -0.090486739680224
-0.0801860041788941 0.163910038935474 0.0702043812982623 -0.135713966432028
-0.18609774505386 0.12926895706439 0.126294393140862 -0.175206379868247
-0.218795015894269 -0.0109957559574533 0.20654944191153 -0.141023139694513
-0.123651349352155 -0.165240116110521 0.26451010788374 0.0568573562601874
0.11843174253297 -0.208393557143224 0.145395360867271 0.216491374462614
0.275201499814475 0.0327427139284079 -0.0305046049243587 0.237463247022917
0.198798645024325 0.260046177151835 -0.0750963503792684 0.261795604420995
0.135500758284373 0.317956864572358 0.110401944408366 0.0281405896770529
0.295711806528577 0.128386080725705 0.214940178279891 0.00349558899071278
0.246636463888475 -0.151760796229609 0.0947941058128186 -0.237107130979364
-0.0431847380372652 -0.241805133532121 -0.178655100332897 -0.178356632437376
-0.223248216967201 -0.108051433655011 -0.195411880783171 0.0773705524564342
-0.235706202176758 0.079457177332433 -0.044734505446377 0.122342862515088
-0.137748721299184 0.1849681512483 0.0167734788845364 0.0604911340029867
-0.0789451284928605 0.196247026373327 0.0285574956959121 -0.0140960445101583
-0.0936626317098837 0.191689819262454 0.0372310892258176 -0.0675048318409347
-0.215920285811279 0.155264043437385 0.0850148510978824 -0.136815547044904
-0.266771812016051 -0.0112193607413054 0.174351058336899 -0.132987218330565
-0.161664191905913 -0.207434028095023 0.241966836656044 0.0759797360233451
0.146312941409519 -0.268260055254019 0.0840385214392889 0.213110620066951
0.344876784027486 0.0293730936066596 -0.0814097355291976 0.16378915906448
0.246557481918183 0.310086294967087 -0.100316510788844 0.143747300405129
0.121989091584687 0.324405757846468 0.104980264935779 -0.093386171693806
0.289537105783384 0.132266473496847 0.195130989855038 -0.1055439583851
0.240566811161507 -0.137444468028045 0.0211876163628996 -0.287913470921272
-0.0262955874148666 -0.231225371821774 -0.234214865650106 -0.173856513557615
-0.20823769699454 -0.117435630371404 -0.247226646314994 0.0792807103441709
-0.234494093053338 0.0665740401401416 -0.112965974496766 0.160132396334892
-0.142637803080495 0.178449904596083 -0.037341652562319 0.135703772631368
-0.083097846993192 0.190631303486229 -0.00621516854160794 0.0666560198114182
-0.093958047429547 0.193196206574262 0.00425910019259975 0.003151669546931
-0.220974461471346 0.161862857421324 0.0459891919099338 -0.084679682484532
-0.283094653632012 -0.0161158602369371 0.133451891448522 -0.0938629545091783
-0.171633148247864 -0.23180320113566 0.180681553210121 0.104077360587011
0.165190139187004 -0.2855404490077 0.00213524318609477 0.179045052848254
0.363727336437453 0.0293828119740924 -0.116577524805939 0.076051116107858
0.256643635041633 0.309655065586367 -0.132643821302259 0.0268669578398519
0.102833386140017 0.279270405482577 0.094661058316765 -0.221580099401897
0.244750864953832 0.110306451732543 0.131030483161596 -0.205006293249608
0.198259869843817 -0.106581806731527 -0.0514831139148956 -0.290015176605375
-0.00913227620392003 -0.186398200206857 -0.25618197190561 -0.153580216057138
-0.163682727916566 -0.108019334419971 -0.277301659948294 0.070546925062598
-0.195034700766053 0.0456380479641324 -0.174192204666252 0.186279512427306
-0.121891993087977 0.14369566396693 -0.0865444082842148 0.203071373123035
-0.0745930847017862 0.155174703550627 -0.0399271877853076 0.138242253563213
-0.0843381203882304 0.166299906849405 -0.0270724281078257 0.0666709806198176
-0.200422343702534 0.138505025096971 0.00658427964579983 -0.027536325096489
-0.257882974057809 -0.0318495017587415 0.0774791164337802 -0.045698040959474
-0.136386144776306 -0.229242837594953 0.0980671116669266 0.104397872135301
0.170564116580727 -0.24427055230978 -0.0519900491928604 0.115680562059706
0.32280297198104 0.0341609065519431 -0.116199042529566 0.00822956879175134
0.220201957580728 0.262274533359663 -0.164835139943337 -0.0692702660941012
0.0753126867973594 0.18983101286353 0.0719357646477338 -0.32384950650514
0.168831196463004 0.0720531050929366 0.054372039357622 -0.266097617557541
0.130633111477317 -0.065666939704217 -0.10235710519019 -0.26679287535564
0.00462825541613128 -0.11961215347437 -0.260034302260408 -0.133070649031308
-0.097625957643326 -0.0816984454291504 -0.290790578490767 0.0600541969108583
-0.125297225596338 0.0196887799986043 -0.216909208520728 0.203903912340058
-0.0822547911691554 0.0888451621764934 -0.123039249937673 0.250591824490104
-0.0546730171957009 0.0961483109380355 -0.0667262599602384 0.187634729940864
-0.0625378089774891 0.113561012895903 -0.0547500069058341 0.112441692366372
-0.149754466086718 0.0903795691983805 -0.030474145752474 0.0188974026814442
-0.184604414339612 -0.0465592432020034 0.0174988809385702 -0.0137181033537547
-0.0705081367940033 -0.179311198945036 0.0350348999637276 0.0731735300075601
0.139814005526576 -0.153014400538219 -0.0589727537695438 0.0615896237985931
0.219489635767086 0.035456394389269 -0.101961601185887 -0.0165037130343419
0.139863948516575 0.170524758360533 -0.191027245889128 -0.135621267448565
-0.040052768739609 -0.0539127387629241 0.254856120867986 0.18926106570192
-0.0790152561218603 -0.00094367822772442 0.178092249770972 -0.0252278286265178
-0.0614407761859121 0.0500851433622466 0.0638588973584153 -0.0761370582471402
0.019186178748596 0.0759702571344475 -0.0378877741282423 -0.056113774875424
0.0667117088876891 0.0246412812984949 -0.0115175041238585 0.0275406543909544
0.0574523269660553 -0.0290571175330419 0.0629012700022913 -0.025968859944155
0.0312068029396168 -0.0458630123382717 0.0854924282742208 -0.112691354861237
0.0257005195655798 -0.0311450808789448 0.0929889435030085 -0.195131979905467
0.0320154646419051 -0.0167174186748419 0.120793452766021 -0.243337284614271
0.0435323989979762 0.00913114048532044 0.210692089007943 -0.21588999284652
0.0309985848565273 0.0377627524484142 0.274332558141197 -0.0797934600987034
-0.00945569299097033 0.0463460347037895 0.247958592179989 0.0985670368257733
-0.0612127196590475 0.0255061978921633 0.13913852445803 0.228874511028269
-0.0759850158834014 -0.0295469710232852 -0.0126466369710132 0.311738420519807
-0.03042378317485 -0.0991770331400282 -0.0704109401034585 0.402480342713232
0.0543064305299666 0.0690153653356739 0.230820193655669 0.193268983792768
0.061591667209341 0.0262437559598945 0.175568801128211 0.0026169419460341
0.0356432709916344 -0.0354543791870048 0.0716008100574676 -0.0734281003221685
-0.0245654882078682 -0.0303204538786366 -0.0373112173797172 -0.0573499193317007
-0.0436569082919312 0.000740702243281155 -0.0096063868225572 0.0401055722565319
-0.0325576740261186 0.0264805910641943 0.0782181814167358 -0.0185816055770792
-0.00999881443961862 0.0374251881650184 0.0954568892847788 -0.111063197418437
-0.00207371070163061 0.0483161602111786 0.093527424392201 -0.19014234346359
-0.0116974426731563 0.0533898595367795 0.113912254533563 -0.233128981626711
-0.0482057422651795 0.0545324713124839 0.192875109684696 -0.218009635258898
-0.0624410993239089 0.0133262837930144 0.257414183782054 -0.105267946425358
-0.0404193051964238 -0.0354371477392129 0.255092730705282 0.072867472062071
0.0142853113473699 -0.0490662480762833 0.165587079020421 0.210093567022584
0.0492020126937588 0.00552886361688673 0.0188620985796521 0.303788318931577
0.0462697116512954 0.0375934408452696 -0.048539310463169 0.404708383303485
0.122323027377466 0.178718841677101 0.182218723742282 0.165158882871108
0.185190625096202 0.0577588088962236 0.171886938886293 0.0438800369117225
0.132078642220211 -0.106437183066984 0.101121896431843 -0.0941332684594639
-0.0525492188690959 -0.132736225875457 -0.0580121015636862 -0.0933393709677519
-0.142276116181826 -0.0338595398840616 -0.0495156899995688 0.0522280531909487
-0.121589745573438 0.069549187314949 0.0629509733940744 0.0152138729282083
-0.054887604342764 0.113620414164626 0.0884670428841895 -0.0778365937794344
-0.0286814281223786 0.119864907187717 0.0792803637399408 -0.155556782254838
-0.0470181169439183 0.117214072746753 0.0909359549486921 -0.196508360424954
-0.123941734600559 0.100238796997519 0.156019033938451 -0.20644488769363
-0.148670422795928 0.00167889701104583 0.227349223477366 -0.133385275065014
-0.0831534267071926 -0.104527035490741 0.26430535026473 0.0477594419910074
0.0700591198520178 -0.130871371764232 0.177021285419688 0.20318993756655
0.171786832734366 0.0188281176438391 0.0166127258228008 0.281242900556231
0.1339852690473 0.158461717102019 -0.0461172168815227 0.352998910958055
0.149372140812771 0.261354728438038 0.136259832522725 0.111752575941765
0.265223342967063 0.0889991351238218 0.195022148732466 0.0542221672858546
0.204010727568504 -0.151552414519945 0.118382441010782 -0.160231592446505
-0.0627500684284562 -0.20762602533387 -0.114216438364339 -0.143210869433592
-0.206507486928639 -0.0686386239698611 -0.119596150699545 0.0694122836389526
-0.192641039010777 0.0923251588887762 0.0218182858859398 0.0690687595566279
-0.0976096957652415 0.167639924392048 0.0621624579064994 -0.0166941118952024
-0.0523433336725829 0.173830006180302 0.0564940990646935 -0.0941154484591327
-0.0706818260001511 0.167366887788123 0.0646063514329091 -0.13917576593012
-0.178026893527336 0.141538524846093 0.11649915032025 -0.180591456068767
-0.219987371476024 0.000969157525705638 0.195659612803717 -0.149309958215053
-0.132401645558241 -0.158102355966917 0.267373383363507 0.0422846972396563
0.108673465421026 -0.214010400690973 0.156608097674592 0.207280068913438
0.27698800937304 0.0176517723515682 -0.0201025271654926 0.237664113113088
0.211711257949985 0.247987935632417 -0.0629010041803852 0.261619899040331
0.14661310834011 0.310316481538975 0.113824967213962 0.0232413805880613
0.300971846782317 0.112631148083023 0.217849945030382 -0.00790063382580326
0.238910638747878 -0.164445523293304 0.0840179699374189 -0.242283899565273
-0.0565568902073776 -0.239909197473718 -0.188422928866237 -0.169056135351836
-0.230506108039965 -0.0948244060483009 -0.189696694177288 0.0865870713193531
-0.230449125457077 0.0941877356797632 -0.0377224409545606 0.1221587351885
-0.12509359022459 0.192148483093542 0.0195080104448665 0.0591072327623712
-0.0680464324116137 0.198921531816483 0.0282435080844202 -0.015438020332604
-0.0820508390977508 0.195006549319119 0.0358935190836796 -0.069051876515574
-0.205749936867863 0.16951452810051 0.0774123631110512 -0.139105160664075
-0.26759437570805 0.00550797552765879 0.16328483794361 -0.138257354301708
-0.173888654563392 -0.198212296955025 0.245090083326508 0.0633752526727738
0.133498386019807 -0.275483647303345 0.0945664237956142 0.207557142320684
0.346108636109145 0.011624216101839 -0.0748894590451825 0.165987649815654
0.262521489757164 0.295805113397826 -0.0941512552844914 0.145494105788988
0.134116395024508 0.317434789144139 0.103915321841968 -0.0969943672884887
0.294670003944362 0.115015087280125 0.192823322988895 -0.114029700176671
0.233280975668 -0.151172699317666 0.00861328884727749 -0.288878670780019
-0.0390605242598843 -0.229594576702631 -0.243200092675843 -0.161538686434283
-0.215912649732305 -0.104526694686368 -0.241681931315528 0.0922109731015212
-0.229893478057072 0.0812232160739814 -0.103276427475683 0.163536637427735
-0.129864899538968 0.185150334027863 -0.0303351398369824 0.137388461330273
-0.0727135766943837 0.193789383646849 -0.00247313792955533 0.0668085666584504
-0.0829916449959819 0.196639056229352 0.0067416283015741 0.00305579259643417
-0.211125608222604 0.175466928763427 0.0417032775533767 -0.0842971689415605
-0.285251412653187 0.000483766775736328 0.124586756237204 -0.0971179940887408
-0.184163053850465 -0.222588763248665 0.184728296489703 0.0941632246031153
0.152552730166725 -0.294470438542202 0.0118065813424372 0.177714384035408
0.365366236079415 0.0108479455254556 -0.113738883185243 0.0796066458134423
0.272641984739507 0.296340234800537 -0.131028572920477 0.0312735311230159
0.113334806353083 0.273604700838412 0.08713845069992 -0.223767430710482
0.248932804628489 0.0948298927618522 0.123829846223862 -0.210817071949004
0.191738070729715 -0.11739491474645 -0.0641583924906357 -0.286532409897214
-0.0193667134344618 -0.184313294382871 -0.26345253204962 -0.141042305700868
-0.170630341487935 -0.0969661987139619 -0.271839553606166 0.085151034165181
-0.190689020783663 0.0578307627910614 -0.162554552097769 0.193737757803383
-0.111851753343456 0.150445208321685 -0.0752764426785036 0.206943221345428
-0.067130895167139 0.157806836020209 -0.0324479398966246 0.139609336404416
-0.0745627331045427 0.169952088545756 -0.0219618226641467 0.0678843377566815
-0.192164041016438 0.151642753106424 0.00560096791865032 -0.0248288714970729
-0.260575774151465 -0.0175262520160713 0.0716449440899407 -0.0458901816803967
-0.148804296649725 -0.22219184986672 0.102553586993597 0.0987419293243746
0.160781588915971 -0.253221508995019 -0.0448581113389732 0.116717440700557
0.323708843956077 0.0193576938196599 -0.116294821982628 0.0122740746902069
0.233076281238822 0.249525221536518 -0.167860290314281 -0.061509367164466
0.081275676342152 0.186098041926276 0.0591331803493222 -0.325250899777195
0.170954672378749 0.0607023988782797 0.0443335223963559 -0.266968094505307
0.126334250462055 -0.0729092010883465 -0.114897573803241 -0.261547863084028
-0.00176290664629834 -0.118367467811316 -0.265419859328189 -0.118852484304476
-0.103384835767627 -0.0748433360257441 -0.286777711558211 0.0751323645832528
-0.122279103803727 0.0281722598215599 -0.204329765138727 0.21373533421954
-0.0755486360296668 0.0932594768115359 -0.10861040247789 0.257106728468886
-0.0508192499896145 0.0984069842623435 -0.0568296862305378 0.191434341481438
-0.0556641778838172 0.114821625954163 -0.0477395518005519 0.116238267480645
-0.143784110095443 0.100005508115721 -0.029943673461573 0.0224026499446878
-0.188420127654968 -0.0352273258071171 0.0138744695086829 -0.011151178848058
-0.0796792197625672 -0.175866392422981 0.0382938409866176 0.0711943721525667
0.133307296554858 -0.159740254154632 -0.0535680119913503 0.064102284208824
0.2208660795881 0.0250613631399384 -0.102976495055949 -0.0116189036039371
0.148309663158966 0.162660654102479 -0.196000993091563 -0.125186565359629
-0.0401982134137684 -0.0505765673761751 0.252528100919907 0.170881613328891
-0.0754339062013999 0.00301995669396969 0.170208504434186 -0.0342036979724514
-0.05711417357118 0.051158854274138 0.0580626269657241 -0.077470173185216
0.0218624843953462 0.0722549486425764 -0.0387245567968727 -0.0525812314015585
0.0661890486610376 0.0210185427208761 -0.00804017516508034 0.0264293862287714
0.0538048529673361 -0.0305566855120907 0.0587238765706899 -0.0280156874668051
0.0277815916361644 -0.0469635282651571 0.0779031921077726 -0.113067596424577
0.0241981175138337 -0.0315404495149331 0.0815299783956147 -0.192606763475733
0.0301233199367905 -0.0166160636215633 0.105512278790592 -0.239587983377947
0.0427759177151052 0.00703112028103348 0.192708242083536 -0.217588379201032
0.0309655044691989 0.0350758808323119 0.260402515199738 -0.08813272387302
-0.00717743749050239 0.0448595722184095 0.242163506006549 0.0844002093546168
-0.0574909544631467 0.0277216173218631 0.141029700207838 0.214332964568195
-0.0737827181980895 -0.0256958128915677 -0.000183469471800225 0.30224177794525
-0.0345858816082876 -0.0952635876511674 -0.0519010724285748 0.387750824943211
0.0544074766582397 0.0638385002661268 0.22950919056106 0.17486737894448
0.0607765584884816 0.0235696788568986 0.169457758370864 -0.00789536158507465
0.033629801405448 -0.0351828667631858 0.0657539418296599 -0.0754580942257041
-0.0238361651047291 -0.0282626146677194 -0.0385244482603028 -0.0540929188478947
-0.0421570602132184 0.00260161256118769 -0.00590219133123541 0.0380993764541727
-0.0301576449942175 0.0272919042803961 0.0728640356228478 -0.0218983827525549
-0.00732146135832221 0.0354617457536586 0.0876441413192208 -0.111580222163883
6.36504557012642E-05 0.0459879260631337 0.0819694807119518 -0.187870466672931
-0.00885137749482912 0.0518696196127216 0.0995118900485329 -0.229453225840251
-0.0434036542112537 0.0553200802854847 0.17462976349348 -0.217913796896566
-0.0599654566781591 0.0160579420144062 0.242167537562164 -0.111649570908276
-0.0402286093401545 -0.0326918902668779 0.248175250901933 0.0588330420326916
0.012056177562124 -0.0470106395124293 0.166680675983014 0.195453937040567
0.0478024836488406 0.00244809788665417 0.0301328458055276 0.292512799681824
0.0462418460794762 0.0333353099852131 -0.0335681581630958 0.387210882716211
0.123412178104509 0.167154227621141 0.182336544216151 0.149622608478047
0.180263787638954 0.048767829625752 0.168618858607025 0.0327068876509178
0.123646321626095 -0.107614552881474 0.0935966683294533 -0.0963531804566837
-0.0559653076304348 -0.125966114992055 -0.0601755303583319 -0.0884868216649724
-0.139029267052673 -0.0255429278941044 -0.0445361671872891 0.0518565921591523
-0.113882616563408 0.0733112446413221 0.0607768591098511 0.0106296088538715
-0.046857714601508 0.110725901048228 0.0814638494678913 -0.0789785287203659
-0.0230655362147297 0.116062795929453 0.0694729051493635 -0.154129647139441
-0.0392531614820069 0.11458400298651 0.079692483134627 -0.192492104958688
-0.114134464321327 0.103378656840205 0.141019087273127 -0.205442333706702
-0.14354272194842 0.0091678728314931 0.211393604319143 -0.137201149705727
-0.0849679513201259 -0.0961844726325959 0.256030846359059 0.0340659066287147
0.0622392512989801 -0.129130333989953 0.177932789087718 0.187679104740789
0.165839240208945 0.00989860984433808 0.0265276758229056 0.270076116434378
0.135106987688285 0.144601638962839 -0.0319308776287561 0.337421446509429
0.151126753668755 0.245866592453772 0.136722099961274 0.10103460156588
0.257713509641455 0.0756874295759854 0.19270037161022 0.0424392661221736
0.19118289562209 -0.153964152218492 0.10872164131935 -0.160063819591112
-0.06885054177165 -0.197417395693549 -0.116110495411512 -0.13437401444854
-0.203409138597828 -0.0559851881085476 -0.111369780006229 0.0713403177104155
-0.180995784737979 0.0984505202230712 0.0239225393279763 0.062887467847535
-0.0849333823185761 0.164672217872818 0.0588634008038766 -0.0194923538083754
-0.0432080458601855 0.167987129171343 0.0510630554540453 -0.0933355438567268
-0.059888393664461 0.163232047432489 0.0571446341418644 -0.135962937473708
-0.163630269022988 0.145672360053121 0.103726539786709 -0.177438578134769
-0.212656331483837 0.0125575337954998 0.179825720404494 -0.149070776115077
-0.13555720579381 -0.145593371196785 0.258665395613986 0.0287919360037274
0.0959415323328923 -0.210725931789384 0.158787620687517 0.192940823939166
0.267829199350315 0.00500280042415624 -0.0109600376057307 0.229137896816945
0.214098943024951 0.228669387624236 -0.0519121571901694 0.25012895361601
0.150500892352497 0.294134950361778 0.11336654486801 0.0182015395447607
0.2933691611105 0.0956599276119595 0.211722110478469 -0.0163984790668867
0.223681348290595 -0.168538893883295 0.0718293101657392 -0.238107978495011
-0.0646514189332122 -0.228691193701518 -0.189409715876071 -0.155831254936239
-0.227499470419797 -0.0792982963042604 -0.178443840790813 0.0905862633266918
-0.217225018269365 0.102488841203998 -0.0306659344308501 0.117421456107597
-0.110652833796984 0.190072016990182 0.0206225715665542 0.0557887370473003
-0.0576284298661577 0.194019008686029 0.0265813914937434 -0.0160358306432096
-0.0700815226074337 0.191197261914441 0.033237595865918 -0.0676269500676565
-0.189845097961975 0.174848310864428 0.0685913500414032 -0.135992434849899
-0.259153483725771 0.0192029744231813 0.149219465813724 -0.136198256319028
-0.176999494891722 -0.182459557706482 0.237687845355381 0.0502864526852503
0.118206496090558 -0.271654316501336 0.100460047954886 0.195147522198361
0.335596334477769 -0.00315466374169441 -0.0677089887093761 0.162934362153185
0.263890027546415 0.271612227798811 -0.0864879110844166 0.141012053720732
0.137594041379844 0.301264852863517 0.100104941008211 -0.0969938019854409
0.287088923294691 0.0982933810231763 0.184851910263713 -0.118580809719155
0.217840170237396 -0.155309743697628 -0.00306437288670226 -0.279298205154024
-0.0476197546365272 -0.218166680118336 -0.241502986672116 -0.147306101860022
-0.213769052002473 -0.0894088474964312 -0.227834811169195 0.0991082793211116
-0.216196017543896 0.0900487312564835 -0.0924508402259838 0.161248563207309
-0.114770779346054 0.183841899268671 -0.0226501961072295 0.132821457213676
-0.0624756690463838 0.189014118122079 0.00110491298348444 0.0648312003242054
-0.0707099595748137 0.19168478215785 0.00870014458186511 0.00312037081266743
-0.194354098070961 0.18105021171034 0.0370089757226276 -0.0812791572668083
-0.276377245394667 0.0159176396156127 0.113990632150674 -0.0946227019770132
-0.188276988125563 -0.206166394038733 0.181051266136612 0.0822315273606308
0.136954650807736 -0.291037049913518 0.018347569082383 0.16892213636412
0.353381183017911 -0.00410058054143653 -0.108703268659209 0.0797372927219381
0.274973620266616 0.27122235781058 -0.126418090934899 0.0336439258864787
0.116708984465738 0.260666383712637 0.0790998855625783 -0.217581043795273
0.24114853420498 0.0798931020291208 0.113329376704624 -0.207503660664506
0.179125858538655 -0.121341584134664 -0.0734415861080878 -0.274120138596261
-0.0269999619999521 -0.176357236691104 -0.259529712186641 -0.124490397308981
-0.16974295554929 -0.0845540173092932 -0.258406311260104 0.0930170662284533
-0.179587457677864 0.0658071121692303 -0.148068051968224 0.191977914010036
-0.0987299445456775 0.148963570185557 -0.0627083237453917 0.201413827785743
-0.0588058125132468 0.154790536167923 -0.0240742442534463 0.136379557109158
-0.0641913024616088 0.165438210382649 -0.0160493123881165 0.0666849344398506
-0.177007017411079 0.156676147054508 0.00514745556316083 -0.0225800376965591
-0.254006161527849 -0.00346822243076523 0.064591178458587 -0.0431158161748117
-0.153886832102357 -0.207921741915253 0.102222063609046 0.0897929730761949
0.14607177980775 -0.249734877560259 -0.0376173217221832 0.11257500741538
0.312536848015502 0.00649110974985945 -0.113135987472707 0.0158091766919414
0.234190486742624 0.229930003961195 -0.163939152019127 -0.0532179388875636
0.0832720609181463 0.177303989139837 0.0488324911766717 -0.314633757605417
0.165016811920302 0.0493562787641749 0.0338978403171422 -0.259062334496362
0.117636221984225 -0.0765095846593 -0.120598384294958 -0.247432275416467
-0.0071143981579436 -0.11272724551696 -0.259657932853099 -0.103937838877012
-0.104198492309814 -0.0665654353914982 -0.272517904509675 0.0846604802182053
-0.114660410604327 0.0328883514735365 -0.186971512219649 0.213176137464659
-0.0668188646644859 0.0931631324387812 -0.0919270169044612 0.25199667363246
-0.0457958835936377 0.0962904346540931 -0.0458893936459496 0.18741960035082
-0.047955432527622 0.112360120682247 -0.0397359621443681 0.113712500213305
-0.133337343080955 0.103992443982968 -0.027586178801138 0.0249181961360374
-0.184520639677623 -0.0245705664302426 0.0108875886648107 -0.00806080856643504
-0.0857470847655095 -0.165330606880528 0.0395116509026586 0.066325146101643
0.123818676486029 -0.159061456944359 -0.0480854507282004 0.0626642725111127
0.213723377505651 0.0164763493913312 -0.100828315058418 -0.00687506197924952
0.149001455522746 0.149963075793011 -0.192760253225529 -0.111851016081268
-0.0300316743632722 -0.0524193714513552 0.215338070276004 0.181812618344384
-0.0691646689699647 -0.00706088796099518 0.160732823911618 -0.0177541049084784
-0.0591984376195081 0.039696400554268 0.058631259250436 -0.0696367938756759
0.010196163479696 0.07025839934455 -0.0321151288508179 -0.0524980321572459
0.0589793049677262 0.0295753861091065 -0.011720342485293 0.0259255424620796
0.0548204143871438 -0.0208067303322707 0.0587374293410614 -0.018228847265054
0.0312821071990676 -0.0420117788058669 0.0861379681887558 -0.0962153689399852
0.0264459711392115 -0.0274493552176484 0.101162765403261 -0.172698410267469
0.0295204150853709 -0.0118276003139266 0.129869422169304 -0.21448565417325
0.0373700313157399 0.0121920387277099 0.207885352396485 -0.183332237019362
0.0227513966025491 0.0366216950942698 0.259230820831457 -0.0526826575787293
-0.0148317664909341 0.0387360140582619 0.222174270216014 0.110041532217236
-0.0570021747454121 0.0161595334410924 0.108782289128577 0.22436419897631
-0.0652072716591079 -0.0356595578782398 -0.0346517301203179 0.291126176122727
-0.0206853219547316 -0.0977738886772918 -0.0979809404205501 0.369122809796402
0.0409246393353032 0.0661094536627489 0.189839907091754 0.191446936491079
0.0526380493907686 0.0312218593825572 0.160147783665296 0.0139890545941212
0.0367614228835876 -0.0265930661691505 0.0725550110664924 -0.0631764236362533
-0.017291562930714 -0.0303262081024007 -0.0276187084572985 -0.0554664302309588
-0.0397112199462637 -0.00354351578586361 -0.0085531442010538 0.0324219038100634
-0.0319442109876161 0.0216152149346826 0.0687677521417112 -0.0140815230554009
-0.0125107020324148 0.0311923623497762 0.0949257503307624 -0.0948667099771975
-0.00586865332927794 0.0423053472427048 0.102444241328864 -0.167400940814538
-0.0165033211516273 0.0486089949726404 0.124377922213503 -0.205657821172902
-0.0489347017850505 0.0472649226333057 0.193848329636681 -0.185024007977026
-0.0617340013917174 0.00747645976444053 0.246597096032149 -0.0745768826869442
-0.0373104093239951 -0.038596077164059 0.231297428111151 0.0883236679405529
0.0183793788216546 -0.0470666310918469 0.132477746861066 0.210375320112825
0.0476675215670157 0.00535327625532169 -0.0105961532939335 0.285435216824618
0.0413261858007032 0.0345842560974177 -0.0843685777021617 0.367947231885754
0.0895552845181185 0.169784649387188 0.14478087089801 0.170511155993963
0.158163280592072 0.0708100303203722 0.158030238666886 0.0572996074604707
0.130477201096398 -0.0806545203504866 0.10784005622708 -0.0755623182104631
-0.0311552157248223 -0.125741420946874 -0.0397727269485481 -0.0905679140685996
-0.126059242692378 -0.0455139856250183 -0.0427969886098607 0.0371739796227535
-0.116685869921481 0.0537753407308861 0.0512416356433174 0.0118458137170419
-0.0591032050227817 0.0970742559207192 0.0850569513267182 -0.0664702522136087
-0.0368089740540151 0.106268792524359 0.0859525161436703 -0.136444987660201
-0.0534694261146348 0.103621700421751 0.102547273812174 -0.174164071993094
-0.121647956250786 0.0846490203767925 0.1635333718166 -0.177823836232091
-0.139482334968495 -0.00930547464262662 0.222986790484799 -0.100253826080416
-0.0721284999563976 -0.104699662182105 0.244136210912465 0.0674480410566804
0.0757726586275514 -0.119362484612482 0.14225176425492 0.206360157885188
0.158189862743298 0.0272928091583171 -0.0170871873372023 0.262403617373451
0.112502331714006 0.152054140783445 -0.0839596123766274 0.318074999497461
0.104611219970002 0.245953056780088 0.105149102491486 0.124726463896634
0.225890885818988 0.106454210078527 0.18150046594649 0.0751644270482513
0.199608638937312 -0.114652229879951 0.133331692024533 -0.129904840418267
-0.0329065832506566 -0.194376242571424 -0.0830990895110852 -0.13955495014334
-0.18246259297455 -0.0834445069829969 -0.103943980202924 0.0453112691774452
-0.182433471103388 0.0677787193386644 0.00929046398666056 0.0537418662167778
-0.101268999848428 0.143928068675859 0.0569185615669592 -0.0143856788603626
-0.0637740414809587 0.154041630879916 0.0614935595015794 -0.0806293897136421
-0.0791258908375536 0.146567429268567 0.075692673778275 -0.123247161106872
-0.17377855701874 0.118799875893484 0.12714803609129 -0.155842066264171
-0.20528157998404 -0.0144705781999293 0.19637130014667 -0.114845241449259
-0.114429909058645 -0.158260242230837 0.248654270646208 0.0642369705001527
0.118367098701846 -0.193949893165028 0.121756029114126 0.210579073274998
0.25646431706958 0.0360954375910094 -0.0521825204963506 0.219343453203757
0.17766331373052 0.241769287071201 -0.0978519065230256 0.229783935674937
0.0972175390879162 0.291366328424774 0.0899960649177423 0.0464410040545281
0.255011496100547 0.12994297490335 0.207260470635939 0.0240626801991629
0.231564324755938 -0.123692784069789 0.110481394620761 -0.205579014141842
-0.0240129412269187 -0.222708696493712 -0.145369888854914 -0.169542049618167
-0.201385330627498 -0.108995264224271 -0.16753348664024 0.0549551510836805
-0.215857144510529 0.0657694323722385 -0.0484343524006462 0.0971097026671688
-0.126891811884493 0.164629603377334 0.0131173182462845 0.0513238077542852
-0.0806917042412075 0.176116840558233 0.0288008222111962 -0.0104050528634434
-0.0914781532301696 0.171444460209773 0.0451104900118705 -0.0618148791865428
-0.202092958000613 0.143303183473566 0.0899201137916648 -0.12098146760874
-0.25108722146767 -0.0142386362569107 0.167650082717698 -0.105731978555735
-0.148815926508875 -0.198622491830393 0.227668262605303 0.0826383671981815
0.14785131548655 -0.248485528877346 0.0635396645717976 0.206692166386471
0.320468512666149 0.0371605741030523 -0.100619510114806 0.148263195331399
0.22005065193401 0.290617850858167 -0.119340469785737 0.119153027777702
0.0848052416540786 0.296464522793578 0.0912898252948336 -0.061359832675734
0.248717056793605 0.130210143990415 0.193344604663991 -0.075014690370858
0.224184843949559 -0.112979779377906 0.0444556589263467 -0.252749293300349
-0.0100093016618975 -0.211410593931431 -0.194862121042479 -0.165523698828262
-0.187169874675517 -0.115596205325642 -0.214751097037783 0.057304456465765
-0.212624333905097 0.0541777360296792 -0.110489273691204 0.130605856595281
-0.12978141066731 0.158113073805908 -0.0367289896254892 0.119658302634837
-0.0850008684739601 0.171256828441759 -0.00562466076536408 0.0626055457414582
-0.0925502736281738 0.171551535016161 0.013016775866794 0.00252625013063069
-0.206970951390927 0.148095149709192 0.0544455427442798 -0.0725297437017784
-0.266538353957367 -0.0197336531978689 0.128725466608344 -0.0685286341143919
-0.154769420980008 -0.223330196446726 0.169735846826824 0.107951119082137
0.1691668330107 -0.263237498159165 -0.0118932191262037 0.172003104356275
0.338692341587759 0.0408016977947061 -0.131418356881546 0.0639112911563959
0.229102055680082 0.292106621250505 -0.144327407362202 0.0112767564565963
0.070831999454724 0.255952081746539 0.0879898988331374 -0.178009801211146
0.209077731950125 0.105906163869248 0.136231819890395 -0.168479913781415
0.182378682684255 -0.0868533138124642 -0.0241377910636495 -0.25783374189407
0.0024018447545337 -0.168050246575295 -0.216381769642895 -0.146959584932645
-0.146520171282744 -0.10415450927285 -0.243002387204964 0.0499231962244055
-0.174742362581257 0.0347568236730283 -0.164438234720301 0.154574250596415
-0.110298573446051 0.127751052505824 -0.0820852331454035 0.180068522713709
-0.0771817326398838 0.13952956852915 -0.0388338386459022 0.126952275730573
-0.0821143344308518 0.147307016061578 -0.0195058400974418 0.0607144259674504
-0.187161522243619 0.126948084005324 0.0153572004058293 -0.0200367275622655
-0.242182760099185 -0.0358493644232345 0.0743075225139037 -0.0258943730148388
-0.120635786061275 -0.220248579802484 0.0911815439879374 0.105361453859382
0.173261436210026 -0.221848550029568 -0.0581882722133877 0.108194518510555
0.297915384506556 0.0467034757707159 -0.125341224012592 0.00109423325045747
0.195882682486029 0.248860946733953 -0.166343139787158 -0.0758043914875957
0.0510712400763938 0.175206884448448 0.0760517521054695 -0.275348130308366
0.142532282807316 0.0674263893126019 0.0669894921151395 -0.229231698418469
0.119082005346413 -0.0533201547715469 -0.0750317579047976 -0.24094897124643
0.0112909803456966 -0.106467295352645 -0.221165558202949 -0.126265825588175
-0.0880120389315881 -0.0779905292767417 -0.257473873249227 0.042996037896731
-0.10960293305491 0.0126337668101173 -0.201721908737732 0.172411715357323
-0.0728353064639267 0.0789994767776362 -0.114580822031775 0.223661018027357
-0.0570325307341164 0.0866476542091029 -0.0665438607482347 0.171737158764152
-0.0597650927855971 0.0989389266392283 -0.0493362239210976 0.102571332050537
-0.138877283110964 0.0826408816413649 -0.0236192801464955 0.0216901756901373
-0.172646056392736 -0.0471555577842315 0.0159570713011565 0.000770517069625363
-0.0600661072164113 -0.170217340808089 0.0324939871633366 0.0727854320040171
0.139824086099657 -0.136538453082333 -0.0590342974147231 0.0565965676870057
0.202075823302858 0.0433905715571132 -0.106482213165125 -0.0190649618469479
0.124347402190663 0.161906813134489 -0.181156357746699 -0.134113245572403
-0.0269363434586002 -0.0527034400825172 0.203237457581657 0.181461859710405
-0.0664354267756947 -0.00796642932265284 0.156269701087561 -0.0151121760829454
-0.0582228827779219 0.0364961558018655 0.0575885716304344 -0.0680078756847478
0.00847363232848211 0.0694583375299242 -0.0294034183449726 -0.0526149497790612
0.0575972620050759 0.0306380833814431 -0.0110702306854702 0.0245846627276692
0.0534552175988952 -0.0190971023149979 0.0561840283224002 -0.0162078547385242
0.0306980802696721 -0.0409668617845764 0.0865826324397972 -0.0914808983037991
0.0268026929979888 -0.0266787646760832 0.103152007226545 -0.166770667123079
0.0289470497062885 -0.010315004357158 0.131862456563697 -0.204877771918253
0.0365898201601705 0.0127674300924277 0.205337550312115 -0.173027346389266
0.0212223565107041 0.035825122807151 0.253811116215017 -0.0446032995701153
-0.0154860949275613 0.0368419047924851 0.211417726636441 0.113296425586503
-0.0558004848415289 0.0141400943353734 0.0979557624447398 0.222138718452883
-0.0618795575104275 -0.0373711043904052 -0.0419176795222681 0.283460762472921
-0.0171777940829784 -0.0957028144263959 -0.10727512369746 0.354451231472702
0.0372340767867455 0.0648288974646055 0.178420193688773 0.189633695332015
0.0502841053291451 0.0325450778731884 0.155590222184816 0.0155340230287503
0.0375234425964061 -0.0246340509366253 0.0721577765331272 -0.0613706061510048
-0.0157578259005944 -0.029379507426131 -0.0258212823584264 -0.0552093899372907
-0.0383549366052057 -0.00495662412468128 -0.00815569953878672 0.0317030564885957
-0.0317375740728569 0.0210666650179994 0.0663472171014098 -0.0120431752456652
-0.0136682181506596 0.0283848589470831 0.0948300377096943 -0.0900887527305228
-0.00662062439298128 0.0407850044430997 0.103989765379268 -0.161674210623348
-0.0171018991810308 0.0465367722512299 0.126604495976262 -0.19640481694034
-0.0489098985596865 0.0452482619367158 0.193341742919346 -0.175943958639906
-0.0596801600675044 0.00637712822621843 0.2417444409297 -0.0656464216108133
-0.0347022741981932 -0.0390287955065975 0.221801578751455 0.0920075324378447
0.019327249941724 -0.0455965422648229 0.12153954685167 0.208682239889281
0.0460004801487563 0.0061154905244381 -0.0191248829543533 0.277307222107005
0.0386137912307745 0.0342041816912108 -0.0949465522919137 0.352856563081246
0.0810049402520335 0.167639512496815 0.135683158598999 0.168244367504044
0.151176925410992 0.0743756103494442 0.152381150127308 0.0589436308984716
0.130465355146991 -0.0747836567985619 0.107201745318805 -0.0717333823365114
-0.0260342399628763 -0.123427282874416 -0.0362245090996838 -0.0895600088284801
-0.122394149271822 -0.0472803012430651 -0.0420082550075902 0.0345497955729982
-0.114746395742991 0.0498941942795155 0.0489130873416246 0.0120696528000783
-0.0599644691117477 0.0918387752536307 0.0841503969137608 -0.062612979360383
-0.039130690762818 0.101640263010884 0.0877167745929283 -0.131480001849196
-0.0539585680372288 0.0989867329475905 0.104952103182535 -0.166109243360498
-0.119912403853133 0.0809353298030828 0.163217166927653 -0.168127498962194
-0.136043240596274 -0.010960153752188 0.218066703888174 -0.0906833533818267
-0.067218980788307 -0.103146096678024 0.235250673218162 0.0724281166804208
0.0773874263905402 -0.1149059410174 0.131228583376932 0.204749722983387
0.153938171382062 0.0298294545663824 -0.024677680345542 0.255767802830966
0.104647430754082 0.149955673246786 -0.0941375918836708 0.303940992116249
0.0921898546240157 0.242786005469064 0.0985281284290983 0.123297181418428
0.215546741991081 0.110877423476719 0.176078496864249 0.0769166622299439
0.198407306613224 -0.105349003728512 0.134570913467938 -0.124461736284576
-0.0254879386311796 -0.190612693984129 -0.0771861606114861 -0.139370283129721
-0.176303855897141 -0.085138130476402 -0.102895220767437 0.0414650620494091
-0.178892819963058 0.0624456954600651 0.00684145261126046 0.0513753110633772
-0.101234652221041 0.136405630349453 0.0557798669606391 -0.012079661613604
-0.0663667011464182 0.147397233553871 0.0621985839250076 -0.0785238807750141
-0.0804741875650595 0.140181048340483 0.0789604979127504 -0.117699643258188
-0.171668449963165 0.113123679796143 0.127798769941292 -0.147841290653779
-0.200449678840986 -0.0168840829143923 0.192865196833343 -0.104653224445725
-0.107301205388725 -0.156488699686065 0.240019643104295 0.0692062118113598
0.120713426904272 -0.186374241737225 0.111349092436641 0.208291116028427
0.249448566991412 0.0408329798867086 -0.0596549699585315 0.211391822221159
0.16632542148264 0.239031210593357 -0.104296873886863 0.218002495009101
0.0836246741991223 0.28673212478176 0.0881982572780587 0.0480199023422327
0.24341278744491 0.133680519728024 0.203862091224663 0.0291533643695895
0.230076315980024 -0.113824466375228 0.114214750692451 -0.197472696319467
-0.0173349256536134 -0.217546581300093 -0.137494430333653 -0.168679317512188
-0.194575985370566 -0.110046634120277 -0.164850321397004 0.049231139295833
-0.210816175786094 0.0596334279400428 -0.0503291605222086 0.0914480973980152
-0.126528789965761 0.155922397567672 0.0108893730882381 0.0506814716785355
-0.0839001723507653 0.169490887573945 0.0292371330546246 -0.0101917022596567
-0.0933472314247336 0.163060533870778 0.0468101744630991 -0.0587949393154418
-0.199443174200097 0.136461665753995 0.0917581430057871 -0.114446520640552
-0.245002282146782 -0.0174713679544547 0.164855027728029 -0.0950642412124934
-0.140245145888206 -0.197197362768968 0.218355797920765 0.0875728717951341
0.152674465594699 -0.239647395396079 0.0545146958448767 0.202447448690348
0.312672734204644 0.044912528360108 -0.105611735835142 0.141705867253271
0.205884874542966 0.287690528147404 -0.122402340695027 0.11028517701025
0.0709365266951507 0.29227798930734 0.0930467833395807 -0.0572274027953334
0.236594570641918 0.133523883380632 0.193657575960012 -0.0678898043362898
0.221431137066538 -0.103746038006737 0.0518373760030448 -0.246252432222098
-0.00453204403749522 -0.205468577020766 -0.185480272157172 -0.166601985790169
-0.180208421724959 -0.116284749163257 -0.210833334577271 0.0498619202861652
-0.207651765349331 0.0476086972645826 -0.110895504901169 0.123287177080821
-0.129205196807282 0.150075811013165 -0.0388889850785475 0.115221352788789
-0.088401360714134 0.164567498263281 -0.00664942116858239 0.0606517677755096
-0.0944399734435598 0.16362144372677 0.0137477632374679 0.00243021163083179
-0.204359219120225 0.141317321350992 0.0554031128643387 -0.0684711326996544
-0.260730771300457 -0.0234006501576816 0.126761689225209 -0.0607461377473602
-0.145749238611438 -0.221884825937842 0.161995602626811 0.109835064508632
0.174162475102199 -0.252999606999861 -0.0175017616885915 0.165622474773881
0.328393729151616 0.0493205444042321 -0.131668852338517 0.0580900076616823
0.214004785244916 0.289287944427013 -0.142605332429485 0.00569355291584902
0.059026819943586 0.253033790648973 0.0944786934763463 -0.170851122953979
0.199049766000586 0.108589317750276 0.140016762603616 -0.160966090160076
0.180250707253108 -0.0798061934168907 -0.0164095380888692 -0.252760568420979
0.00680612208558132 -0.163547676519341 -0.206555093723779 -0.148749579030613
-0.141214953128833 -0.104215900648923 -0.238045140302063 0.0423697415984151
-0.169840446669473 0.030288098135769 -0.164600925191433 0.144746932875055
-0.109289613599857 0.120299995911142 -0.0844879853991412 0.172524738937618
-0.0800171056165775 0.133991407043083 -0.0405386779805199 0.122526426469027
-0.083554705408993 0.140159865766958 -0.0196009434105859 0.0581384797359425
-0.185097128516077 0.120329649746027 0.0162508357584273 -0.0183938222307315
-0.236571675741389 -0.0391682569361541 0.0723491232221284 -0.019458518723568
-0.110677619145499 -0.217167588577604 0.0852852932335129 0.104913582267037
0.17698402519244 -0.211330055318815 -0.0604303089031885 0.102804201300474
0.289449103726524 0.0536385387567526 -0.124640957924489 -0.00301734521079091
0.183023078968234 0.246575043823609 -0.160703755114762 -0.0791620631403966
0.043665445937609 0.173376516525889 0.0852817113781319 -0.265271640337616
0.135048033307878 0.0692973441433984 0.0741671599134185 -0.220867318700331
0.116760088019369 -0.0487311010083882 -0.0662816952161799 -0.237600162082866
0.0139124023400718 -0.102705331438504 -0.211665677639834 -0.128929544533054
-0.08453867199917 -0.0765096779725382 -0.251768197634763 0.0346387008832854
-0.106087639416185 0.0101208800911845 -0.200482728745027 0.161861659109835
-0.0716405186078393 0.0741895169519821 -0.116970487114622 0.214282297295561
-0.0589289544239113 0.0830984104563307 -0.0691903395199601 0.166556120267747
-0.0608464974055352 0.0935345779177722 -0.0494288389144184 0.0992081897287273
-0.136792698056772 0.0777757258145097 -0.0228094953216233 0.0216811835482424
-0.16813384657639 -0.049048424764716 0.0151996601736491 0.00368729354746713
-0.0539787415001825 -0.167688066728562 0.0287677317283054 0.0721878671457407
0.141584777232703 -0.129803949339354 -0.0590828464212729 0.0532820649374436
0.195623767077777 0.0485623559940199 -0.105041666893052 -0.0215599928655307
0.11533509469861 0.161342545221999 -0.172150949395957 -0.135095169672336
-0.0257943908863429 -0.0548365013602013 0.197313362886911 0.19066954600429
-0.0661835477650322 -0.0106361806564533 0.1573366764329 -0.0113606315511091
-0.0602779729078027 0.0344459335534626 0.0610908163329103 -0.0683786109395942
0.0060936595515965 0.0700065866821455 -0.0277853793644964 -0.0548231055668336
0.0575877705514821 0.0321931968095698 -0.0105285593631819 0.0248084932519275
0.0553663319763629 -0.0175289996112886 0.0565752916128537 -0.0132766037376835
0.0313008456103176 -0.0410986283483996 0.0908675935312523 -0.0889510097609941
0.0284986119829116 -0.0268281309456938 0.110748298271146 -0.165890102771517
0.030180176484433 -0.00948896979836515 0.140251404895458 -0.202819801849773
0.0368835298358172 0.0145529412862066 0.213847061769666 -0.168674888729387
0.019843889077973 0.036970919663401 0.257855624159386 -0.0366764665467092
-0.017203407419891 0.036491016223701 0.20875881661191 0.122727894700878
-0.0574145422968212 0.0131107937408899 0.0898426413637171 0.229707107764558
-0.0615502141561272 -0.0400173805210962 -0.0533075470000426 0.285112146957628
-0.0141468646044925 -0.0982218716390075 -0.123444754942678 0.352473769235813
0.0347946739711387 0.0662004526475489 0.172439281671098 0.1989287347909
0.0498745985084363 0.035946450247583 0.156896345833126 0.0192832136067268
0.0392003166009533 -0.0238956327026111 0.0755519951374736 -0.0616964624517335
-0.0134998457535198 -0.0304366486028633 -0.023645789213846 -0.0575814180250717
-0.0389490486257816 -0.00557085960670113 -0.00867019124422843 0.0314720281075501
-0.0322699190011762 0.0200957465501478 0.0671611408566505 -0.00973565263381038
-0.0152715675207444 0.0274782747371501 0.0992628252917879 -0.0878505121606478
-0.00882594020798053 0.0405501884856998 0.111578028179349 -0.161012710346727
-0.0185352438352109 0.0469548485050479 0.135324494212425 -0.193944532953709
-0.0507963360471749 0.0451436054252654 0.200669854929605 -0.170448305493034
-0.0615161804377827 0.00477368861972903 0.246824682649164 -0.0575875642880102
-0.0346203564480564 -0.040876550305321 0.220420356077859 0.10169888056948
0.0206196458456071 -0.0455376378834902 0.113924821591059 0.216419639210016
0.0461499221382087 0.00724591155132845 -0.0307832877259812 0.281589613011846
0.0370850557060642 0.0345256686646824 -0.111710362740967 0.350881538558882
0.0738260573403056 0.172366554359564 0.130102664123409 0.175074710818898
0.150286614656259 0.0824779027106635 0.152824327885647 0.0639066606690011
0.135730197241364 -0.0708353592501552 0.111662764286619 -0.0709138491662824
-0.0211295239115713 -0.126030244218697 -0.0333074838755042 -0.0925170045037806
-0.122743126566767 -0.051252997483929 -0.0434318859811673 0.0339557034427553
-0.117183330322654 0.0477289426316253 0.047898456445053 0.0130370967122293
-0.0643225707354967 0.0896547246116583 0.0878094519280374 -0.0605134322147399
-0.0438402770982586 0.10109319521949 0.093881326273608 -0.131213355772557
-0.0576055871423341 0.0983996981862153 0.113716249193005 -0.164002249762299
-0.124107656634916 0.0791634584770951 0.171299045903198 -0.163771780144446
-0.137810431484126 -0.0145322915717121 0.224600500546686 -0.082601151827524
-0.06452427737211 -0.106806198210228 0.234284777692623 0.0813844965082332
0.0825407339375871 -0.114012801304112 0.123917173707281 0.212598912635657
0.154970567953336 0.0353630810627382 -0.036649778087716 0.257952177555033
0.100012148210267 0.154493513404605 -0.109284799068225 0.302173845072073
0.0822421606643115 0.249765549890716 0.0966636343856407 0.128242617477185
0.213366871740304 0.12159982605989 0.176112674627266 0.0842230126494496
0.205771443455363 -0.100257054743315 0.14216236596796 -0.122048705501525
-0.0184266956371679 -0.194187410340411 -0.0732387765925598 -0.144660197171591
-0.176211163375844 -0.0914724050635977 -0.105520927232974 0.0380912499675683
-0.181906171506347 0.05796800743078 0.00370456750369851 0.0519443487494852
-0.107336022314449 0.133024380219645 0.0565103336284426 -0.0100751563424237
-0.0732506802207417 0.146310607632225 0.0666003371714478 -0.0776010127519336
-0.0859784409308949 0.138686104009698 0.0854998757924154 -0.116641183431097
-0.17690158020646 0.111240896170912 0.134173656658928 -0.144616975241308
-0.203739512621652 -0.0214029419385617 0.198754691557967 -0.0973288654004463
-0.103590971671501 -0.161592533398762 0.238996194888449 0.0785601738410368
0.13001429509359 -0.185521041899379 0.10348327281252 0.215518878528718
0.251478966805414 0.0499985780762775 -0.0708827845393853 0.212809610233767
0.158262198850298 0.246960481532775 -0.117282185215013 0.214379955596455
0.0710102977510646 0.294137295324047 0.0892141112996093 0.0515383044919602
0.240152850693155 0.145942386526074 0.207766574049255 0.036501169797782
0.238389050154303 -0.107217231708057 0.124184444725831 -0.197393063773387
-0.00897201684163433 -0.221655892150191 -0.133353948400399 -0.177449882862687
-0.194724415947042 -0.117134343920458 -0.169121049771822 0.04311203504619
-0.214986950833242 0.0544164459613007 -0.0547792055246811 0.090854513214545
-0.133642594728559 0.152482523307594 0.00979773107834828 0.0519717062900385
-0.0915166901171139 0.167905420058429 0.029653491849409 -0.00942873480182732
-0.100233431277749 0.160590352767224 0.0513120589771503 -0.058503239451724
-0.20615091115727 0.13340550047043 0.096823979540219 -0.111729908050799
-0.248455692293047 -0.0238913291884701 0.170478837989169 -0.0886163549276048
-0.135102486034008 -0.204543398626985 0.217399298661135 0.0959150753260148
0.163802177810111 -0.238982787827263 0.0466905131222346 0.207083980503115
0.316269618520706 0.0568360686491093 -0.115495512362221 0.139344612334477
0.196056940740428 0.297368231895436 -0.131127024035279 0.106152612983221
0.0585401865443723 0.300400158423622 0.098767993796507 -0.0546277427175
0.233973661634347 0.144485233213337 0.201646337318537 -0.0611604523901849
0.229020726487675 -0.0975838202026684 0.0628149806989029 -0.248070875582194
0.00309400932927599 -0.208423758946629 -0.182431785142317 -0.176120256646739
-0.180050115066667 -0.12230574409743 -0.215231170661294 0.0431152320755977
-0.211169173604991 0.0430637638815788 -0.117316944097486 0.119441087619748
-0.135093682111101 0.14600153252748 -0.0436201039240105 0.11537168039296
-0.0962849364977815 0.163647340470673 -0.00875039681520709 0.0609142066955972
-0.101501535846546 0.161773343516463 0.0156487194048286 0.00326019048638453
-0.210721293641052 0.138110925563683 0.0590854485759229 -0.0664885518496632
-0.264491915744904 -0.0304830780961065 0.130277891745761 -0.0542182172486557
-0.140367936759282 -0.229012112625241 0.15923353757934 0.117608720161877
0.186586790049051 -0.251960751120769 -0.0256538347532431 0.165802022394782
0.332059610702674 0.0614142537923037 -0.139448664200164 0.0535327399264489
0.204030977710332 0.299551602193247 -0.146668499664656 -0.000612863909902529
0.0478028729337719 0.259681317414127 0.105010021329234 -0.169451025919443
0.195616429277767 0.117180243221238 0.151722486409018 -0.158351152883772
0.18502935686042 -0.0741753636957163 -0.00592982256239089 -0.257310384530659
0.0128406593306432 -0.165352835355225 -0.204125016824241 -0.158104045337499
-0.140154168323622 -0.108447692023065 -0.243398471862174 0.0337717893067546
-0.172495314231999 0.0256477681390143 -0.172126019664771 0.140786634214461
-0.114446365070773 0.117240947968683 -0.0907249938608152 0.172680276252734
-0.086936393920171 0.132717876740749 -0.0448317072566856 0.1236351523827
-0.0899143516850334 0.137880857002308 -0.0205174730398845 0.0583239734742664
-0.191448465326362 0.118732231456036 0.0187331190604454 -0.0164057116755943
-0.239801234444545 -0.0464134145077868 0.0737803360742916 -0.0140897784881427
-0.105193765798733 -0.223595106019455 0.0822123243562267 0.109796112363057
0.188771419649701 -0.209319693447625 -0.0665194230692386 0.100118604719495
0.29188043253375 0.0658663707495156 -0.128439910742123 -0.00802102239926716
0.174313811663907 0.254939857108808 -0.16094622533013 -0.0858577314997206
0.035386514946495 0.178359862296279 0.0990092183783654 -0.265640499218226
0.132994388974046 0.0749978645547255 0.0870972856312542 -0.221090920379893
0.120217501866367 -0.0451601369573982 -0.0576471409718492 -0.242642474132285
0.0179760514700747 -0.103485057821218 -0.209309475252157 -0.137641220839138
-0.0833959326048298 -0.0790366093394648 -0.256260580765385 0.026203559999138
-0.10729619596089 0.00636295090126707 -0.209216882297229 0.15593979085263
-0.0747405432507932 0.0721126803437324 -0.12521145662294 0.212794395205693
-0.063851847636302 0.0823491628818078 -0.0753237874546523 0.167049988989291
-0.0652807119813772 0.0916929090223294 -0.0526399870371268 0.0988396014838951
-0.140839747297201 0.0755249570932524 -0.0232647511140896 0.0220666010563718
-0.170144805533709 -0.0538681748428711 0.0150145572239624 0.00702182917849742
-0.0484920594224344 -0.171311598565586 0.0266407139981095 0.0735717559293573
0.148479845547996 -0.126695479751532 -0.0619512242165518 0.0505129445075141
0.197510325865086 0.0564345136056829 -0.107174086129527 -0.0255463000182184
0.110011229537697 0.166126010475166 -0.168572502836781 -0.14279197320498
