TRXV5
3
4
4
9
string Extension=J
integer IsArchMeasurement=1
integer IsSpherical=1
string Generator=SPM
string GeneratorVersion=1.3.1 Dev
double ArchRadius=0.449999988079071
integer FrequencyAxisIndex=0
integer AzimuthAxisIndex=1
integer ElevationAxisIndex=2
Frequency
5 136 690000000 960000000 LIN
Azimuth
7 8 0 2.74889357189107 LIN
Elevation
7 15 -2.74889357189107 2.74889357189107 LIN
Polar H Real Part
13
Polar H Imaginary Part
14
Polar V Real Part
13
Polar V Imaginary Part
14
Polar H Magnitude (dB)
12 0xC0000002 0 1
Polar H Phase
7 0xC0000003 0 1
Polar V Magnitude (dB)
12 0xC0000002 2 3
Polar V Phase
7 0xC0000003 2 3
0.0656166076660156 -0.0600547790527344 -0.140045166015625 -0.170654296875
0.023101806640625 -0.0841140747070312 -0.25927734375 -0.539093017578125
-0.0628776550292969 -0.0525169372558594 -0.60565185546875 -0.3739013671875
-0.0815811157226563 -0.000930786132812482 -0.6422119140625 0.0532836914062499
-0.0618476867675781 0.0301475524902344 -0.350372314453125 0.329010009765625
-0.0401840209960937 0.0744171142578125 -0.03472900390625 0.366058349609375
-0.000144958496093756 0.078125 0.139495849609375 0.173492431640625
0.00944137573242188 0.0593109130859375 0.152297973632813 -0.037078857421875
0.0202102661132813 0.0678329467773438 0.133621215820312 -0.20458984375
0.00997161865234376 0.0740966796875 0.212417602539063 -0.278274536132813
-0.0178489685058594 0.0657882690429688 0.3514404296875 -0.290008544921875
-0.0360641479492188 0.0500450134277344 0.5133056640625 -0.12506103515625
-0.0621719360351563 -0.0024871826171875 0.59820556640625 0.28436279296875
-0.0238838195800781 -0.0431098937988281 0.377044677734375 0.497344970703125
0.0202255249023438 -0.0500144958496094 0.015625 0.382720947265625
0.128143310546875 -0.146560668945313 -0.10357666015625 -0.210525512695313
0.044403076171875 -0.18194580078125 -0.20745849609375 -0.58599853515625
-0.10711669921875 -0.107284545898438 -0.5672607421875 -0.43450927734375
-0.136955261230469 0.01129150390625 -0.62225341796875 -0.0123291015624999
-0.0793304443359375 0.0749588012695312 -0.35211181640625 0.2708740234375
-0.0111312866210938 0.12042236328125 -0.050140380859375 0.3255615234375
0.0458221435546875 0.0929412841796875 0.119171142578125 0.143173217773438
0.0483779907226563 0.0619049072265625 0.131202697753906 -0.0610275268554687
0.0656318664550781 0.0671958923339844 0.110305786132812 -0.230178833007813
0.064361572265625 0.087127685546875 0.18365478515625 -0.312225341796875
0.0260848999023438 0.0994491577148438 0.3193359375 -0.3370361328125
-0.0189208984375 0.106163024902344 0.500152587890625 -0.186370849609375
-0.111091613769531 0.042266845703125 0.6204833984375 0.220947265625
-0.0874710083007813 -0.0697479248046875 0.397369384765625 0.448760986328125
-0.0022430419921875 -0.132003784179688 0.02581787109375 0.35595703125
0.154922485351563 -0.216934204101563 -0.0476226806640625 -0.256210327148438
0.02508544921875 -0.247726440429688 -0.1619873046875 -0.62030029296875
-0.156509399414062 -0.121902465820313 -0.53143310546875 -0.462890625
-0.168746948242188 0.0433349609375 -0.58673095703125 -0.05352783203125
-0.0734176635742187 0.116142272949219 -0.338836669921875 0.217041015625
0.0295562744140625 0.145263671875 -0.065032958984375 0.276473999023438
0.0868377685546875 0.090667724609375 0.0841293334960938 0.111343383789063
0.0812454223632813 0.053619384765625 0.0932235717773438 -0.07940673828125
0.104515075683594 0.05780029296875 0.0745697021484375 -0.245590209960938
0.109031677246094 0.0903244018554688 0.150238037109375 -0.33624267578125
0.0610809326171875 0.12347412109375 0.288421630859375 -0.37249755859375
-0.0072021484375 0.148849487304688 0.488800048828125 -0.22979736328125
-0.15093994140625 0.0705108642578125 0.62799072265625 0.1795654296875
-0.13446044921875 -0.0993881225585938 0.394073486328125 0.411102294921875
-0.00958251953125 -0.201553344726563 0.02825927734375 0.311492919921875
0.133773803710938 -0.255844116210937 0.00347900390625003 -0.3074951171875
-0.032318115234375 -0.259780883789063 -0.1378173828125 -0.640625
-0.197860717773438 -0.0829925537109375 -0.50537109375 -0.463592529296875
-0.1600341796875 0.0938720703125 -0.548858642578125 -0.0776977539062501
-0.0366058349609375 0.141128540039063 -0.32855224609375 0.168426513671875
0.0756607055664062 0.139877319335938 -0.0902557373046875 0.227920532226563
0.11529541015625 0.0699234008789063 0.034881591796875 0.0865859985351563
0.102821350097656 0.0366897583007813 0.0437088012695313 -0.0880508422851563
0.131484985351563 0.0441665649414063 0.033416748046875 -0.250564575195312
0.136825561523437 0.089385986328125 0.116485595703125 -0.34954833984375
0.0772552490234375 0.139724731445313 0.266510009765625 -0.3912353515625
-0.013458251953125 0.1724853515625 0.48321533203125 -0.249420166015625
-0.181442260742187 0.06549072265625 0.62274169921875 0.1644287109375
-0.149017333984375 -0.140472412109375 0.3719482421875 0.38323974609375
0.00823974609374999 -0.248703002929688 0.0330352783203125 0.250640869140625
0.0774993896484375 -0.251876831054688 0.028778076171875 -0.3638916015625
-0.0950164794921875 -0.21221923828125 -0.14996337890625 -0.64752197265625
-0.201873779296875 -0.00823974609374999 -0.50390625 -0.442962646484375
-0.108810424804688 0.135032653808594 -0.527252197265625 -0.0820312500000001
0.018829345703125 0.135780334472656 -0.3309326171875 0.14019775390625
0.113304138183594 0.103187561035156 -0.125701904296875 0.198501586914063
0.123825073242188 0.034912109375 -0.0204696655273437 0.0783615112304688
0.108329772949219 0.0137100219726562 -0.01068115234375 -0.086090087890625
0.140960693359375 0.02532958984375 -0.0110626220703125 -0.248916625976563
0.142196655273438 0.0816802978515625 0.0833740234375 -0.357940673828125
0.0724945068359375 0.143447875976563 0.256134033203125 -0.40423583984375
-0.032318115234375 0.167373657226563 0.49090576171875 -0.252899169921875
-0.18817138671875 0.0294647216796875 0.61724853515625 0.17266845703125
-0.123336791992188 -0.177230834960938 0.34844970703125 0.365325927734375
0.0457763671875 -0.260284423828125 0.0537567138671875 0.186111450195313
0.0174407958984375 -0.20477294921875 0.02325439453125 -0.411346435546875
-0.122825622558594 -0.130401611328125 -0.19866943359375 -0.6326904296875
-0.162490844726563 0.056365966796875 -0.526611328125 -0.396392822265625
-0.03839111328125 0.140869140625 -0.526092529296875 -0.0577392578124999
0.0670928955078125 0.100242614746094 -0.34381103515625 0.14178466796875
0.1270751953125 0.047637939453125 -0.161911010742187 0.196701049804688
0.110725402832031 -0.0041961669921875 -0.0701370239257812 0.0893096923828125
0.0974578857421875 -0.0143966674804688 -0.0609359741210938 -0.0731353759765625
0.132843017578125 0.0016326904296875 -0.051177978515625 -0.244003295898438
0.130653381347656 0.0622024536132813 0.061767578125 -0.36749267578125
0.0584564208984375 0.128044128417969 0.266754150390625 -0.408477783203125
-0.0459747314453125 0.134765625 0.5145263671875 -0.234283447265625
-0.160598754882813 -0.01593017578125 0.615966796875 0.209228515625
-0.069488525390625 -0.18609619140625 0.3323974609375 0.363372802734375
0.0821685791015625 -0.22979736328125 0.0936965942382813 0.133056640625
-0.0194778442382813 -0.127006530761719 -0.00781249999999997 -0.4388427734375
-0.100090026855469 -0.0488815307617188 -0.2652587890625 -0.59844970703125
-0.0943222045898438 0.0826950073242188 -0.55908203125 -0.326507568359375
0.0206451416015625 0.106010437011719 -0.53448486328125 -0.00518798828124995
0.08599853515625 0.0443878173828125 -0.356048583984375 0.174652099609375
0.107833862304688 -0.0095672607421875 -0.188552856445312 0.221771240234375
0.07623291015625 -0.0374984741210938 -0.104545593261719 0.118125915527344
0.0717849731445313 -0.0417556762695313 -0.0982131958007812 -0.0505599975585938
0.10662841796875 -0.0280227661132813 -0.08062744140625 -0.23370361328125
0.109298706054688 0.0290145874023437 0.05413818359375 -0.36865234375
0.0497283935546875 0.0907440185546875 0.2962646484375 -0.39990234375
-0.0324325561523438 0.0885543823242188 0.552886962890625 -0.192596435546875
-0.102775573730469 -0.0361099243164063 0.61553955078125 0.2762451171875
-0.01513671875 -0.147216796875 0.3282470703125 0.3878173828125
0.0914764404296875 -0.159912109375 0.1419677734375 0.104888916015625
-0.0273361206054687 -0.0366668701171875 -0.04644775390625 -0.4442138671875
-0.0401229858398438 0.00917053222656249 -0.3284912109375 -0.545501708984375
-0.0252227783203125 0.0644035339355469 -0.58709716796875 -0.24285888671875
0.0490264892578125 0.0448226928710938 -0.537322998046875 0.06463623046875
0.0715560913085938 -0.0128555297851563 -0.3544921875 0.22589111328125
0.0621910095214844 -0.0530738830566406 -0.197341918945312 0.261917114257813
0.028961181640625 -0.0577583312988281 -0.1181640625 0.15545654296875
0.0356674194335937 -0.0636367797851562 -0.116790771484375 -0.0220870971679687
0.0686492919921875 -0.0609512329101563 -0.096221923828125 -0.216461181640625
0.0878829956054688 -0.0173416137695313 0.059783935546875 -0.35809326171875
0.0581550598144531 0.0417137145996094 0.330322265625 -0.371673583984375
0.0096588134765625 0.050811767578125 0.58575439453125 -0.12457275390625
-0.0375785827636719 -0.0107841491699219 0.6064453125 0.3658447265625
0.00547409057617188 -0.0624656677246094 0.314727783203125 0.43890380859375
0.0582962036132812 -0.0678596496582031 0.177902221679688 0.104339599609375
0.0622787475585938 -0.0656890869140625 -0.159027099609375 -0.160202026367187
0.017181396484375 -0.0869979858398438 -0.30157470703125 -0.524505615234375
-0.0685920715332031 -0.04888916015625 -0.63671875 -0.33026123046875
-0.0834503173828125 0.00497436523437501 -0.64031982421875 0.10198974609375
-0.06097412109375 0.0358543395996094 -0.325164794921875 0.3624267578125
-0.0320053100585937 0.0803375244140625 0.000366210937499998 0.374847412109375
0.00780487060546875 0.0818023681640625 0.158859252929688 0.164520263671875
0.0134963989257813 0.0610275268554688 0.152053833007813 -0.04913330078125
0.0262184143066406 0.0662193298339844 0.117080688476563 -0.21282958984375
0.0171127319335938 0.0754318237304688 0.186859130859375 -0.2923583984375
-0.0128555297851563 0.0693283081054688 0.324737548828125 -0.322906494140625
-0.0325393676757812 0.0535125732421875 0.504425048828125 -0.17108154296875
-0.0631179809570313 0.00258255004882813 0.630615234375 0.23455810546875
-0.0288276672363281 -0.0436630249023438 0.424957275390625 0.47314453125
0.0142021179199219 -0.0544204711914063 0.0509033203125 0.39288330078125
0.119247436523438 -0.158645629882813 -0.124664306640625 -0.20379638671875
0.0312347412109375 -0.188125610351563 -0.25244140625 -0.57550048828125
-0.117233276367188 -0.101448059082031 -0.60125732421875 -0.39532470703125
-0.139503479003906 0.0201263427734375 -0.62554931640625 0.0341796875000001
-0.0754241943359375 0.0826873779296875 -0.32965087890625 0.30230712890625
0.000373840332031244 0.12493896484375 -0.0167236328125 0.33489990234375
0.055755615234375 0.093963623046875 0.135574340820313 0.134544372558594
0.0532875061035156 0.0611534118652344 0.128952026367188 -0.0722808837890625
0.0713653564453125 0.0631790161132813 0.090850830078125 -0.237762451171875
0.0725555419921875 0.0843505859375 0.156219482421875 -0.325042724609375
0.0330886840820312 0.100593566894531 0.29058837890625 -0.3665771484375
-0.0110321044921875 0.109428405761719 0.486602783203125 -0.232421875
-0.108871459960937 0.0517578125 0.64794921875 0.16748046875
-0.0960922241210938 -0.0657119750976563 0.442474365234375 0.424835205078125
-0.0149383544921875 -0.136100769042969 0.05792236328125 0.36541748046875
0.140487670898438 -0.232452392578125 -0.072265625 -0.255020141601563
0.00642395019531252 -0.253311157226563 -0.208984375 -0.613525390625
-0.169097900390625 -0.1121826171875 -0.56744384765625 -0.425048828125
-0.169464111328125 0.0550994873046875 -0.592041015625 -0.0090942382812501
-0.0678024291992187 0.122970581054687 -0.320343017578125 0.246063232421875
0.0422515869140625 0.146621704101563 -0.036590576171875 0.284942626953125
0.096527099609375 0.0878982543945313 0.09759521484375 0.104438781738281
0.0855636596679688 0.050506591796875 0.0875778198242188 -0.08837890625
0.109825134277344 0.0510025024414063 0.0527191162109375 -0.2509765625
0.117904663085937 0.0846099853515625 0.11920166015625 -0.346038818359375
0.0694427490234375 0.12255859375 0.255615234375 -0.399200439453125
0.00323486328125 0.1514892578125 0.471588134765625 -0.275054931640625
-0.146804809570313 0.08251953125 0.65032958984375 0.12591552734375
-0.145553588867187 -0.0927734375 0.43438720703125 0.38494873046875
-0.0275726318359375 -0.206344604492187 0.057586669921875 0.31890869140625
0.11700439453125 -0.26983642578125 -0.02337646484375 -0.311553955078125
-0.053375244140625 -0.260986328125 -0.1865234375 -0.63714599609375
-0.207061767578125 -0.069854736328125 -0.543609619140625 -0.428466796875
-0.15667724609375 0.105422973632812 -0.5562744140625 -0.0361328125
-0.0288848876953125 0.145309448242188 -0.3126220703125 0.194793701171875
0.087921142578125 0.137222290039062 -0.0660552978515625 0.236557006835938
0.123062133789063 0.0643844604492188 0.0453033447265625 0.082763671875
0.106201171875 0.032440185546875 0.0362548828125 -0.0936660766601563
0.135444641113281 0.034881591796875 0.0101470947265625 -0.252838134765625
0.145767211914063 0.0813446044921875 0.084197998046875 -0.358245849609375
0.0870361328125 0.137710571289063 0.232147216796875 -0.417510986328125
-0.00164794921874999 0.175552368164063 0.463470458984375 -0.293365478515625
-0.1778564453125 0.0796051025390625 0.643798828125 0.11279296875
-0.164398193359375 -0.133056640625 0.409515380859375 0.35955810546875
-0.0138702392578125 -0.255767822265625 0.057647705078125 0.25714111328125
0.0606689453125 -0.2607421875 -0.00238037109375001 -0.372528076171875
-0.112472534179687 -0.207473754882812 -0.20257568359375 -0.6414794921875
-0.205429077148438 0.00575256347656254 -0.5419921875 -0.40667724609375
-0.102081298828125 0.142578125 -0.535919189453125 -0.0413818359375
0.0269546508789063 0.135353088378906 -0.316986083984375 0.167694091796875
0.122093200683594 0.0971450805664063 -0.1036376953125 0.208541870117188
0.128532409667969 0.0278472900390625 -0.011383056640625 0.0780792236328125
0.109222412109375 0.00795745849609375 -0.0195083618164062 -0.0871734619140625
0.142852783203125 0.01513671875 -0.0353240966796875 -0.248825073242188
0.150253295898437 0.0725860595703125 0.050140380859375 -0.36578369140625
0.082427978515625 0.141159057617187 0.221435546875 -0.43011474609375
-0.0210418701171875 0.171600341796875 0.4718017578125 -0.2974853515625
-0.188079833984375 0.0430450439453125 0.64068603515625 0.1226806640625
-0.141082763671875 -0.172149658203125 0.382049560546875 0.3436279296875
0.0229034423828125 -0.270126342773438 0.07318115234375 0.188980102539062
0.00387573242187502 -0.208175659179688 -0.011993408203125 -0.421234130859375
-0.133476257324219 -0.121810913085938 -0.25164794921875 -0.62371826171875
-0.160018920898437 0.069122314453125 -0.55908203125 -0.357635498046875
-0.0293731689453125 0.143173217773438 -0.53192138671875 -0.01763916015625
0.0721969604492187 0.094970703125 -0.32928466796875 0.16949462890625
0.130378723144531 0.0387649536132813 -0.141250610351563 0.208633422851563
0.111465454101562 -0.010467529296875 -0.060882568359375 0.0933685302734375
0.095367431640625 -0.019744873046875 -0.0687713623046875 -0.0702590942382813
0.131629943847656 -0.0086517333984375 -0.0753631591796875 -0.240768432617188
0.136215209960937 0.0535430908203125 0.029144287109375 -0.37188720703125
0.06695556640625 0.125404357910156 0.232025146484375 -0.437530517578125
-0.0367050170898438 0.139076232910156 0.4969482421875 -0.2803955078125
-0.16253662109375 -0.00521850585937503 0.6387939453125 0.15997314453125
-0.086090087890625 -0.18536376953125 0.3663330078125 0.342010498046875
0.062896728515625 -0.240249633789063 0.108291625976563 0.13128662109375
-0.0280838012695312 -0.125717163085937 -0.046173095703125 -0.44671630859375
-0.103843688964844 -0.0415420532226562 -0.31597900390625 -0.58349609375
-0.08868408203125 0.09075927734375 -0.58837890625 -0.28118896484375
0.0271072387695313 0.103607177734375 -0.53399658203125 0.0364685058593749
0.08709716796875 0.037109375 -0.337738037109375 0.20281982421875
0.105865478515625 -0.01751708984375 -0.1671142578125 0.235488891601563
0.0734786987304687 -0.0418853759765625 -0.093719482421875 0.12432861328125
0.0671577453613281 -0.046173095703125 -0.104843139648438 -0.0449142456054687
0.102653503417969 -0.0374374389648438 -0.104385375976563 -0.22869873046875
0.11212158203125 0.0199966430664063 0.022216796875 -0.375457763671875
0.055816650390625 0.0879898071289063 0.2640380859375 -0.430389404296875
-0.0265121459960938 0.0906982421875 0.53875732421875 -0.239898681640625
-0.105148315429688 -0.02960205078125 0.64459228515625 0.22705078125
-0.0281219482421875 -0.148468017578125 0.36212158203125 0.3680419921875
0.0777740478515625 -0.169342041015625 0.155731201171875 0.0979766845703125
-0.0278339385986328 -0.0336170196533203 -0.085205078125 -0.44903564453125
-0.0380592346191406 0.0126800537109375 -0.37677001953125 -0.525054931640625
-0.0198020935058594 0.0674324035644531 -0.609130859375 -0.1943359375
0.0519447326660156 0.0402297973632812 -0.53118896484375 0.109649658203125
0.0684051513671875 -0.0193290710449219 -0.3319091796875 0.2554931640625
0.0562553405761719 -0.0578346252441406 -0.171432495117188 0.277359008789063
0.0242805480957031 -0.0594863891601563 -0.104782104492188 0.162307739257813
0.02850341796875 -0.0664443969726562 -0.121673583984375 -0.0156478881835937
0.0608940124511719 -0.0680160522460938 -0.11810302734375 -0.209793090820313
0.0866241455078125 -0.0259170532226563 0.02899169921875 -0.365509033203125
0.0621566772460938 0.0371017456054688 0.299896240234375 -0.40350341796875
0.0139503479003906 0.0504951477050781 0.5772705078125 -0.17523193359375
-0.0378837585449219 -0.00756072998046874 0.63934326171875 0.31964111328125
5.72204589843793E-05 -0.0631561279296875 0.350494384765625 0.41937255859375
0.0513458251953125 -0.0725326538085938 0.192108154296875 0.094635009765625
0.0570259094238281 -0.068939208984375 -0.171096801757812 -0.143951416015625
0.0114822387695312 -0.0864486694335937 -0.329833984375 -0.48931884765625
-0.0710067749023437 -0.0433197021484375 -0.63909912109375 -0.28057861328125
-0.0838165283203125 0.010009765625 -0.61419677734375 0.14324951171875
-0.0577049255371094 0.0401573181152344 -0.287200927734375 0.377716064453125
-0.0230789184570313 0.0820465087890625 0.033111572265625 0.366668701171875
0.0161209106445313 0.0815353393554688 0.170989990234375 0.147750854492187
0.0172996520996094 0.0603294372558594 0.145706176757813 -0.05902099609375
0.0301437377929687 0.0628471374511719 0.0970306396484375 -0.21234130859375
0.023681640625 0.0733718872070313 0.157379150390625 -0.293365478515625
-0.007080078125 0.0709228515625 0.28863525390625 -0.337188720703125
-0.0274848937988281 0.0559349060058594 0.474884033203125 -0.20635986328125
-0.0613288879394531 0.00724792480468751 0.634521484375 0.17657470703125
-0.033447265625 -0.0429878234863281 0.455169677734375 0.433807373046875
0.00769805908203125 -0.0566024780273437 0.083984375 0.388153076171875
0.10711669921875 -0.16436767578125 -0.1409912109375 -0.188919067382813
0.01763916015625 -0.185836791992188 -0.28497314453125 -0.542388916015625
-0.121742248535156 -0.0916671752929688 -0.61077880859375 -0.34466552734375
-0.137435913085938 0.0286102294921875 -0.6051025390625 0.0753784179687499
-0.0709686279296875 0.0866622924804688 -0.296173095703125 0.319091796875
0.0109024047851562 0.124130249023437 0.01434326171875 0.3280029296875
0.0633087158203125 0.0902557373046875 0.144866943359375 0.120849609375
0.0565452575683594 0.0585823059082031 0.11944580078125 -0.0803451538085938
0.0746688842773438 0.057037353515625 0.069122314453125 -0.234466552734375
0.0786056518554688 0.0789642333984375 0.1256103515625 -0.323486328125
0.0390472412109375 0.0981597900390625 0.249847412109375 -0.379425048828125
-0.0042572021484375 0.108924865722656 0.453857421875 -0.26348876953125
-0.103286743164063 0.0576324462890625 0.6461181640625 0.10943603515625
-0.101791381835937 -0.0607070922851563 0.4669189453125 0.3841552734375
-0.027099609375 -0.134780883789063 0.0885009765625 0.36187744140625
0.123306274414062 -0.237991333007813 -0.0920562744140625 -0.244003295898438
-0.011749267578125 -0.248046875 -0.24603271484375 -0.5826416015625
-0.172531127929688 -0.100051879882812 -0.580322265625 -0.37713623046875
-0.164825439453125 0.0640411376953125 -0.57598876953125 0.0296630859375
-0.0600204467773438 0.125900268554688 -0.290924072265625 0.262939453125
0.0527496337890625 0.141891479492188 -0.00816345214843748 0.279571533203125
0.102485656738281 0.0821456909179688 0.105239868164063 0.0926132202148438
0.0872344970703125 0.0471420288085938 0.0784835815429688 -0.0935897827148438
0.110382080078125 0.04290771484375 0.0308074951171875 -0.245071411132813
0.123008728027344 0.0765838623046875 0.0889892578125001 -0.34246826171875
0.0759811401367187 0.117828369140625 0.21417236328125 -0.4093017578125
0.0118255615234375 0.149002075195313 0.43572998046875 -0.306121826171875
-0.138397216796875 0.08984375 0.64581298828125 0.06915283203125
-0.152999877929688 -0.0838165283203125 0.456573486328125 0.346466064453125
-0.0454254150390625 -0.20269775390625 0.084808349609375 0.31439208984375
0.0974884033203125 -0.272964477539063 -0.049041748046875 -0.303253173828125
-0.0697784423828125 -0.251205444335938 -0.22674560546875 -0.60809326171875
-0.2076416015625 -0.055328369140625 -0.557281494140625 -0.38165283203125
-0.149200439453125 0.112152099609375 -0.542816162109375 0.00234985351562501
-0.02069091796875 0.144546508789063 -0.28619384765625 0.21136474609375
0.0954818725585938 0.129501342773438 -0.040374755859375 0.2335205078125
0.126777648925781 0.0566787719726562 0.0525131225585938 0.0748367309570313
0.10540771484375 0.0278091430664063 0.0270004272460937 -0.0951461791992187
0.134078979492188 0.0263137817382813 -0.0116424560546875 -0.244918823242188
0.1495361328125 0.070953369140625 0.052276611328125 -0.35125732421875
0.09356689453125 0.131721496582031 0.1920166015625 -0.42486572265625
0.0088958740234375 0.172378540039062 0.42718505859375 -0.32403564453125
-0.168533325195313 0.088958740234375 0.63873291015625 0.05804443359375
-0.174026489257813 -0.121978759765625 0.42974853515625 0.323486328125
-0.035308837890625 -0.252120971679688 0.0792083740234375 0.252487182617188
0.0433197021484375 -0.26055908203125 -0.033447265625 -0.36444091796875
-0.124069213867187 -0.195236206054688 -0.2435302734375 -0.6124267578125
-0.2005615234375 0.0186309814453125 -0.555328369140625 -0.3585205078125
-0.0919647216796875 0.14520263671875 -0.5230712890625 -0.00372314453124999
0.0327682495117187 0.131179809570313 -0.292144775390625 0.1837158203125
0.125244140625 0.087432861328125 -0.0795745849609375 0.207443237304688
0.128860473632813 0.0207443237304688 -0.00323486328124998 0.0736846923828125
0.106613159179687 0.003387451171875 -0.027923583984375 -0.0849990844726563
0.1395263671875 0.006378173828125 -0.056304931640625 -0.238265991210938
0.15179443359375 0.061737060546875 0.019134521484375 -0.357391357421875
0.0887603759765625 0.13494873046875 0.180267333984375 -0.43707275390625
-0.010711669921875 0.168975830078125 0.43450927734375 -0.32733154296875
-0.180740356445313 0.05322265625 0.63427734375 0.07086181640625
-0.153167724609375 -0.161300659179687 0.40020751953125 0.310394287109375
0.000488281250000007 -0.267471313476563 0.08917236328125 0.18377685546875
-0.00761413574218748 -0.203887939453125 -0.046234130859375 -0.411895751953125
-0.13751220703125 -0.110076904296875 -0.29071044921875 -0.592529296875
-0.150436401367188 0.078857421875 -0.5697021484375 -0.30755615234375
-0.0216522216796875 0.140960693359375 -0.517120361328125 0.0205078125000001
0.0742568969726563 0.088226318359375 -0.304443359375 0.18670654296875
0.128898620605469 0.03033447265625 -0.117019653320313 0.20892333984375
0.108314514160156 -0.0159225463867188 -0.0518875122070312 0.0919265747070313
0.0913543701171875 -0.02301025390625 -0.0753631591796875 -0.065155029296875
0.1253662109375 -0.0165557861328125 -0.0954742431640625 -0.227981567382812
0.1373291015625 0.0433273315429688 -0.00170898437499996 -0.3638916015625
0.0729217529296875 0.119903564453125 0.191070556640625 -0.445465087890625
-0.0279998779296875 0.137298583984375 0.462738037109375 -0.312530517578125
-0.159866333007813 0.0041046142578125 0.6368408203125 0.1082763671875
-0.0994720458984375 -0.177093505859375 0.382049560546875 0.310577392578125
0.0424346923828125 -0.241424560546875 0.119621276855469 0.1231689453125
-0.0325164794921875 -0.12066650390625 -0.08062744140625 -0.43585205078125
-0.102272033691406 -0.0327682495117187 -0.352325439453125 -0.54779052734375
-0.0794448852539062 0.0951690673828125 -0.59075927734375 -0.23284912109375
0.0314102172851563 0.09814453125 -0.513824462890625 0.0729675292968749
0.0850067138671875 0.0294876098632813 -0.308624267578125 0.2203369140625
0.101966857910156 -0.023529052734375 -0.1396484375 0.238037109375
0.0688743591308594 -0.0441970825195312 -0.0816116333007813 0.123992919921875
0.0613632202148438 -0.0469436645507813 -0.109245300292969 -0.03802490234375
0.094024658203125 -0.0437698364257812 -0.123062133789062 -0.214767456054688
0.110847473144531 0.01129150390625 -0.00680541992187497 -0.366180419921875
0.0605316162109375 0.082550048828125 0.220458984375 -0.440643310546875
-0.0207901000976563 0.0898971557617188 0.506317138671875 -0.2738037109375
-0.104637145996094 -0.0225601196289063 0.6463623046875 0.1751708984375
-0.0389862060546875 -0.144073486328125 0.3790283203125 0.336334228515625
0.0619659423828125 -0.17169189453125 0.163345336914063 0.0880126953125
-0.0260868072509766 -0.0299949645996094 -0.120086669921875 -0.434478759765625
-0.0324726104736328 0.0155010223388672 -0.408172607421875 -0.48675537109375
-0.0134010314941406 0.0681800842285156 -0.60662841796875 -0.1436767578125
0.0520668029785156 0.0342216491699219 -0.504547119140625 0.143218994140625
0.063232421875 -0.0248146057128906 -0.29925537109375 0.270599365234375
0.0496635437011719 -0.0596046447753906 -0.141525268554688 0.278091430664063
0.0185050964355469 -0.0582618713378906 -0.0900726318359375 0.161224365234375
0.0212211608886719 -0.0645866394042969 -0.124107360839844 -0.00817871093749998
0.0513229370117188 -0.0715484619140625 -0.133804321289063 -0.195281982421875
0.0822906494140625 -0.032470703125 0.00128173828124999 -0.356658935546875
0.063385009765625 0.0319976806640625 0.260467529296875 -0.41607666015625
0.0164146423339844 0.0472030639648437 0.547607421875 -0.212310791015625
-0.0369911193847656 -0.0046539306640625 0.64532470703125 0.26531982421875
-0.00634384155273438 -0.062164306640625 0.373382568359375 0.387420654296875
0.043121337890625 -0.0738525390625 0.197845458984375 0.081817626953125
0.0538902282714844 -0.0693931579589844 -0.17437744140625 -0.129547119140625
0.00865936279296874 -0.0839691162109375 -0.3336181640625 -0.45660400390625
-0.0702781677246094 -0.0389060974121094 -0.62335205078125 -0.24578857421875
-0.0823211669921875 0.0133285522460938 -0.58319091796875 0.1605224609375
-0.0554466247558594 0.0422401428222656 -0.257293701171875 0.375518798828125
-0.0167083740234375 0.0813751220703125 0.055206298828125 0.3514404296875
0.0209503173828125 0.0796890258789063 0.173858642578125 0.133865356445313
0.0193824768066406 0.0596122741699219 0.136932373046875 -0.0634918212890625
0.03192138671875 0.0595436096191406 0.083648681640625 -0.204376220703125
0.0283660888671875 0.0707778930664063 0.136810302734375 -0.2841796875
-0.00335693359375 0.0705108642578125 0.257293701171875 -0.336334228515625
-0.0249443054199219 0.0561981201171875 0.4434814453125 -0.22039794921875
-0.0594444274902344 0.00879287719726563 0.62005615234375 0.13580322265625
-0.0367317199707031 -0.0417251586914063 0.462005615234375 0.39990234375
0.00206756591796875 -0.0559120178222656 0.103607177734375 0.377227783203125
0.098968505859375 -0.1639404296875 -0.146942138671875 -0.17462158203125
0.010406494140625 -0.1806640625 -0.29559326171875 -0.5098876953125
-0.120697021484375 -0.0854339599609375 -0.59686279296875 -0.30908203125
-0.133926391601562 0.032318115234375 -0.576171875 0.09527587890625
-0.06683349609375 0.0882949829101563 -0.26812744140625 0.317840576171875
0.0170745849609375 0.120140075683594 0.03363037109375 0.313720703125
0.067169189453125 0.0867843627929688 0.147171020507813 0.107940673828125
0.0572128295898438 0.0573272705078125 0.111236572265625 -0.0830841064453125
0.0740890502929688 0.0529937744140625 0.0551300048828125 -0.224624633789063
0.0806350708007813 0.0742340087890625 0.103607177734375 -0.311065673828125
0.0419845581054687 0.0963897705078125 0.218017578125 -0.374542236328125
-0.00055694580078124 0.106689453125 0.41949462890625 -0.276123046875
-0.097625732421875 0.0593643188476562 0.6273193359375 0.0714111328125
-0.103721618652344 -0.0561370849609375 0.47198486328125 0.350006103515625
-0.0358200073242188 -0.130317687988281 0.105987548828125 0.350830078125
0.110458374023437 -0.236526489257813 -0.102737426757812 -0.229705810546875
-0.0198974609375 -0.239425659179688 -0.259307861328125 -0.551300048828125
-0.170150756835938 -0.0908355712890625 -0.5706787109375 -0.34075927734375
-0.159194946289063 0.0673828125 -0.551361083984375 0.0505676269531251
-0.0552978515625 0.124923706054688 -0.265365600585938 0.264541625976563
0.0575027465820313 0.136619567871094 0.0094146728515625 0.26763916015625
0.104660034179688 0.0771560668945313 0.106460571289063 0.08233642578125
0.0861129760742188 0.0451507568359375 0.0695953369140625 -0.0940017700195313
0.108222961425781 0.0394668579101562 0.0162811279296875 -0.2340087890625
0.123634338378906 0.0698165893554688 0.06719970703125 -0.3297119140625
0.0777130126953125 0.113922119140625 0.182342529296875 -0.40130615234375
0.0159149169921875 0.144500732421875 0.39990234375 -0.315521240234375
-0.130775451660156 0.0912628173828125 0.62579345703125 0.03399658203125
-0.155303955078125 -0.07696533203125 0.459075927734375 0.3155517578125
-0.0561370849609375 -0.195556640625 0.1007080078125 0.305816650390625
0.085052490234375 -0.269607543945312 -0.063018798828125 -0.289764404296875
-0.07720947265625 -0.240493774414063 -0.24322509765625 -0.576171875
-0.202377319335938 -0.0458984375 -0.548004150390625 -0.34564208984375
-0.14251708984375 0.113128662109375 -0.5203857421875 0.0223999023437499
-0.0173187255859375 0.141525268554687 -0.2620849609375 0.21441650390625
0.0976486206054688 0.123291015625 -0.0237884521484375 0.223098754882813
0.1260986328125 0.0525665283203125 0.0542869567871094 0.0671958923339844
0.102737426757813 0.0261764526367188 0.01934814453125 -0.0932464599609375
0.129814147949219 0.0223846435546875 -0.024993896484375 -0.232284545898438
0.148056030273438 0.06451416015625 0.032379150390625 -0.3360595703125
0.0956039428710938 0.126983642578125 0.159271240234375 -0.417022705078125
0.0133056640625 0.166900634765625 0.3924560546875 -0.332672119140625
-0.160552978515625 0.0911102294921875 0.6180419921875 0.023681640625
-0.177688598632813 -0.113372802734375 0.43048095703125 0.294158935546875
-0.0474853515625 -0.2435302734375 0.092041015625 0.24554443359375
0.0329742431640625 -0.25506591796875 -0.04974365234375 -0.35052490234375
-0.1260986328125 -0.18408203125 -0.26031494140625 -0.58026123046875
-0.192733764648438 0.0250701904296875 -0.547119140625 -0.32354736328125
-0.08642578125 0.143157958984375 -0.500152587890625 0.0166931152343751
0.0334930419921875 0.126518249511719 -0.268646240234375 0.185699462890625
0.123939514160156 0.0807342529296875 -0.0631561279296875 0.198898315429688
0.125801086425781 0.0175857543945313 -0.000286102294921867 0.0681495666503906
0.101959228515625 0.00310516357421875 -0.0337753295898437 -0.0814590454101563
0.133125305175781 0.00263214111328125 -0.068328857421875 -0.224319458007813
0.14996337890625 0.05438232421875 0.000122070312500038 -0.342193603515625
0.0902328491210937 0.129508972167969 0.148468017578125 -0.42999267578125
-0.00624084472656252 0.16400146484375 0.401397705078125 -0.335235595703125
-0.173873901367188 0.0568084716796875 0.6142578125 0.03778076171875
-0.158676147460938 -0.15234375 0.4010009765625 0.284637451171875
-0.0136871337890625 -0.259567260742188 0.0987091064453125 0.177520751953125
-0.013336181640625 -0.1988525390625 -0.06561279296875 -0.39666748046875
-0.135383605957031 -0.101356506347656 -0.30633544921875 -0.55914306640625
-0.14111328125 0.0810089111328125 -0.558929443359375 -0.273590087890625
-0.01727294921875 0.136054992675781 -0.49310302734375 0.0398559570312499
0.07196044921875 0.082763671875 -0.279922485351563 0.189163208007813
0.12469482421875 0.0257568359375 -0.0991973876953125 0.201461791992188
0.103790283203125 -0.0177459716796875 -0.0459060668945312 0.0864715576171875
0.086334228515625 -0.0221176147460938 -0.0799484252929688 -0.0604248046875
0.11822509765625 -0.0189437866210938 -0.105850219726562 -0.213973999023438
0.133529663085938 0.0369415283203125 -0.019561767578125 -0.34912109375
0.0739822387695312 0.114089965820312 0.15911865234375 -0.438323974609375
-0.023590087890625 0.133476257324219 0.42779541015625 -0.32159423828125
-0.154266357421875 0.00933837890625 0.61785888671875 0.07635498046875
-0.107086181640625 -0.1683349609375 0.38372802734375 0.2860107421875
0.0282745361328125 -0.234283447265625 0.124664306640625 0.11676025390625
-0.0333938598632813 -0.116569519042969 -0.10076904296875 -0.41888427734375
-0.0967559814453125 -0.0283432006835938 -0.36407470703125 -0.512298583984375
-0.0716171264648438 0.0944976806640625 -0.57763671875 -0.19818115234375
0.0328598022460938 0.0922393798828125 -0.487945556640625 0.091339111328125
0.079986572265625 0.026092529296875 -0.28271484375 0.22235107421875
0.0953598022460938 -0.0247955322265625 -0.119674682617187 0.23046875
0.0642471313476563 -0.0435943603515625 -0.073760986328125 0.11956787109375
0.0554046630859375 -0.0453071594238281 -0.110969543457031 -0.0326080322265625
0.0861053466796875 -0.0446395874023438 -0.13079833984375 -0.20001220703125
0.106620788574219 0.00669097900390625 -0.02471923828125 -0.352325439453125
0.061187744140625 0.0779495239257813 0.19012451171875 -0.435272216796875
-0.01715087890625 0.0864944458007812 0.471343994140625 -0.287017822265625
-0.101692199707031 -0.0190582275390625 0.62884521484375 0.14056396484375
-0.0460128784179687 -0.137840270996094 0.38018798828125 0.310699462890625
0.051361083984375 -0.166793823242188 0.165557861328125 0.0802154541015625
-0.0230331420898438 -0.0280704498291016 -0.13836669921875 -0.417694091796875
-0.0274200439453125 0.0155544281005859 -0.41632080078125 -0.45068359375
-0.00780868530273437 0.0660820007324219 -0.58697509765625 -0.11090087890625
0.0501708984375 0.0294952392578125 -0.476104736328125 0.1591796875
0.0573654174804688 -0.0263519287109375 -0.2718505859375 0.270889282226562
0.0440406799316406 -0.0584678649902344 -0.120773315429688 0.269424438476563
0.0153121948242188 -0.0557365417480469 -0.080108642578125 0.154815673828125
0.0155487060546875 -0.0611190795898438 -0.124237060546875 -0.00349426269531251
0.04278564453125 -0.07080078125 -0.140533447265625 -0.180252075195313
0.0772628784179688 -0.0358428955078125 -0.01702880859375 -0.342926025390625
0.0629653930664063 0.0281791687011719 0.22955322265625 -0.413177490234375
0.0172119140625 0.0445632934570313 0.515106201171875 -0.227813720703125
-0.0351085662841797 -0.00339317321777343 0.631591796875 0.22808837890625
-0.0105247497558594 -0.0578117370605469 0.374969482421875 0.35870361328125
0.0369415283203125 -0.0709991455078125 0.19970703125 0.072479248046875
0.0534133911132813 -0.0704574584960938 -0.175140380859375 -0.121826171875
0.0094757080078125 -0.0836181640625 -0.3280029296875 -0.4423828125
-0.0687370300292969 -0.0370903015136719 -0.6072998046875 -0.23626708984375
-0.0820541381835938 0.0150833129882813 -0.564697265625 0.16064453125
-0.0550117492675781 0.0423393249511719 -0.24273681640625 0.368255615234375
-0.0136337280273437 0.0808181762695313 0.063232421875 0.340179443359375
0.0237274169921875 0.0796432495117188 0.173309326171875 0.127655029296875
0.0199050903320312 0.0611915588378906 0.132621765136719 -0.0637893676757813
0.0322799682617188 0.0585823059082031 0.0790252685546875 -0.1959228515625
0.0307044982910156 0.0689353942871094 0.127105712890625 -0.273910522460938
-0.000907897949218751 0.0713348388671875 0.23944091796875 -0.329010009765625
-0.0231781005859375 0.0565681457519531 0.424468994140625 -0.223388671875
-0.0594291687011719 0.00957489013671874 0.6060791015625 0.11944580078125
-0.0398902893066406 -0.0409812927246094 0.46343994140625 0.38336181640625
-0.000988006591796873 -0.0550994873046875 0.113250732421875 0.372589111328125
0.096343994140625 -0.164154052734375 -0.149505615234375 -0.166839599609375
0.0098114013671875 -0.177581787109375 -0.292327880859375 -0.494354248046875
-0.118888854980469 -0.0830459594726562 -0.58172607421875 -0.29901123046875
-0.133918762207031 0.032501220703125 -0.559661865234375 0.0953979492187501
-0.0672760009765625 0.08697509765625 -0.254364013671875 0.312591552734375
0.0198898315429687 0.11883544921875 0.041351318359375 0.30413818359375
0.0694808959960938 0.0861892700195312 0.146820068359375 0.102218627929688
0.0574760437011719 0.0587348937988281 0.105880737304688 -0.0821914672851563
0.0735549926757813 0.0531387329101562 0.04949951171875 -0.215713500976563
0.0825347900390625 0.0724029541015625 0.094940185546875 -0.29937744140625
0.0433425903320313 0.0973281860351563 0.200836181640625 -0.365386962890625
-0.000457763671875012 0.10589599609375 0.400238037109375 -0.277374267578125
-0.0968246459960938 0.0573272705078125 0.613037109375 0.05645751953125
-0.107505798339844 -0.05499267578125 0.47039794921875 0.336181640625
-0.0391998291015625 -0.128524780273438 0.1151123046875 0.34869384765625
0.10809326171875 -0.2352294921875 -0.106170654296875 -0.221710205078125
-0.0210418701171875 -0.235137939453125 -0.25714111328125 -0.5364990234375
-0.167098999023438 -0.0889892578125 -0.55694580078125 -0.329254150390625
-0.158050537109375 0.06683349609375 -0.534912109375 0.0521545410156251
-0.0556640625 0.12420654296875 -0.251663208007813 0.257461547851563
0.0586166381835938 0.134963989257813 0.0179290771484375 0.258087158203125
0.105262756347656 0.0768051147460938 0.105796813964844 0.0774993896484375
0.0856170654296875 0.0470657348632812 0.0644302368164063 -0.0923538208007813
0.106430053710937 0.0399017333984375 0.01104736328125 -0.224365234375
0.123588562011719 0.0683822631835938 0.05902099609375 -0.31732177734375
0.077789306640625 0.114288330078125 0.165802001953125 -0.39276123046875
0.015594482421875 0.143173217773438 0.380096435546875 -0.31439208984375
-0.129837036132812 0.0893173217773438 0.610595703125 0.019287109375
-0.157958984375 -0.075042724609375 0.45782470703125 0.302276611328125
-0.0604705810546875 -0.191726684570313 0.108245849609375 0.30352783203125
0.082366943359375 -0.267776489257813 -0.068084716796875 -0.28070068359375
-0.0770263671875 -0.235519409179687 -0.241546630859375 -0.561126708984375
-0.197982788085937 -0.0446014404296875 -0.53717041015625 -0.33294677734375
-0.141769409179688 0.11175537109375 -0.50616455078125 0.02490234375
-0.0189056396484375 0.140823364257813 -0.249908447265625 0.2095947265625
0.0970840454101562 0.121200561523438 -0.0157623291015625 0.214111328125
0.12579345703125 0.052154541015625 0.0537872314453125 0.0623931884765625
0.101028442382813 0.0294113159179688 0.0141830444335938 -0.0913848876953125
0.126617431640625 0.023101806640625 -0.031097412109375 -0.22332763671875
0.146713256835938 0.062408447265625 0.024322509765625 -0.32574462890625
0.0940628051757813 0.127059936523438 0.1436767578125 -0.408905029296875
0.0126190185546875 0.164825439453125 0.37335205078125 -0.33148193359375
-0.158798217773437 0.088958740234375 0.604248046875 0.0106201171875
-0.1800537109375 -0.109893798828125 0.4278564453125 0.28436279296875
-0.0527191162109375 -0.2386474609375 0.09814453125 0.24383544921875
0.0313262939453125 -0.253036499023438 -0.05572509765625 -0.342498779296875
-0.124252319335938 -0.180068969726563 -0.2587890625 -0.56573486328125
-0.187301635742188 0.0253448486328125 -0.53656005859375 -0.310546875
-0.0852203369140625 0.139701843261719 -0.486907958984375 0.020050048828125
0.0309219360351563 0.124526977539063 -0.256546020507813 0.182098388671875
0.122337341308594 0.0799407958984375 -0.0550994873046875 0.190399169921875
0.12451171875 0.0182342529296875 -9.5367431640616E-05 0.0638046264648438
0.100204467773438 0.00682830810546875 -0.038055419921875 -0.0785598754882813
0.129188537597656 0.0044097900390625 -0.0734710693359375 -0.215042114257812
0.14764404296875 0.053070068359375 -0.00732421875000002 -0.33221435546875
0.0896377563476563 0.128684997558594 0.1329345703125 -0.421356201171875
-0.00640869140625001 0.161285400390625 0.381134033203125 -0.33380126953125
-0.171066284179688 0.0553131103515625 0.60064697265625 0.02508544921875
-0.16168212890625 -0.147857666015625 0.398193359375 0.274322509765625
-0.018585205078125 -0.25433349609375 0.10369873046875 0.176193237304687
-0.0123138427734375 -0.196792602539063 -0.071136474609375 -0.388275146484375
-0.131881713867188 -0.09918212890625 -0.30474853515625 -0.543304443359375
-0.136940002441406 0.0794677734375 -0.54852294921875 -0.261444091796875
-0.0178375244140625 0.13232421875 -0.47882080078125 0.0435180664062501
0.0684432983398438 0.0817108154296875 -0.26727294921875 0.184494018554688
0.122177124023438 0.0259628295898438 -0.0909423828125 0.193649291992188
0.1019287109375 -0.0161972045898437 -0.0450057983398437 0.0824966430664062
0.0832595825195313 -0.01824951171875 -0.0834503173828125 -0.0572433471679688
0.113571166992188 -0.0172500610351563 -0.110198974609375 -0.204818725585937
0.131561279296875 0.0357742309570313 -0.026702880859375 -0.337310791015625
0.0740890502929688 0.112960815429688 0.145111083984375 -0.43109130859375
-0.0234298706054688 0.1319580078125 0.40997314453125 -0.32080078125
-0.152084350585938 0.00825500488281252 0.60369873046875 0.064697265625
-0.109344482421875 -0.163497924804687 0.37884521484375 0.276031494140625
0.0234527587890625 -0.229690551757813 0.127922058105469 0.115409851074219
-0.0320587158203125 -0.115394592285156 -0.105377197265625 -0.410858154296875
-0.09228515625 -0.028228759765625 -0.36529541015625 -0.496856689453125
-0.0666732788085938 0.0917205810546875 -0.564697265625 -0.18634033203125
0.0310821533203125 0.0886306762695313 -0.471221923828125 0.093719482421875
0.0760879516601563 0.0253219604492188 -0.270614624023438 0.215545654296875
0.0927200317382813 -0.0240478515625 -0.1109619140625 0.221160888671875
0.0623931884765625 -0.0414276123046875 -0.07208251953125 0.114570617675781
0.0525932312011719 -0.0409126281738281 -0.113540649414063 -0.0303192138671875
0.080963134765625 -0.042388916015625 -0.134674072265625 -0.19140625
0.1031494140625 0.00496673583984375 -0.0325927734375 -0.342041015625
0.0612106323242188 0.07611083984375 0.17486572265625 -0.42889404296875
-0.0174331665039063 0.0852813720703125 0.4534912109375 -0.28460693359375
-0.100692749023438 -0.018585205078125 0.61480712890625 0.12994384765625
-0.0490036010742188 -0.133628845214844 0.376190185546875 0.299957275390625
0.0468292236328125 -0.162582397460938 0.166824340820313 0.0780029296875
-0.0202198028564453 -0.0283260345458984 -0.142822265625 -0.409881591796875
-0.0231647491455078 0.0136241912841797 -0.413543701171875 -0.436676025390625
-0.00445175170898438 0.0641365051269531 -0.57391357421875 -0.1011962890625
0.0485038757324219 0.0272483825683594 -0.4581298828125 0.159332275390625
0.0537567138671875 -0.0262336730957031 -0.256423950195312 0.262985229492188
0.0424079895019531 -0.0567092895507813 -0.110336303710938 0.259628295898438
0.0135841369628906 -0.0537452697753906 -0.0777587890625 0.148773193359375
0.0130577087402344 -0.0577468872070312 -0.125556945800781 -0.00195312500000001
0.0374412536621094 -0.0679397583007813 -0.14263916015625 -0.173294067382812
0.0741958618164062 -0.0371932983398438 -0.0228271484375 -0.334869384765625
0.0625228881835938 0.0265083312988281 0.21405029296875 -0.40545654296875
0.0171661376953125 0.0435752868652344 0.494781494140625 -0.229095458984375
-0.0355033874511719 -0.0035858154296875 0.61700439453125 0.2152099609375
-0.0129890441894531 -0.0552635192871094 0.3707275390625 0.34735107421875
0.0346298217773438 -0.0675468444824219 0.199874877929688 0.070404052734375
0.0547561645507812 -0.0737457275390625 -0.179977416992188 -0.11962890625
0.0107040405273437 -0.0856857299804687 -0.329315185546875 -0.4423828125
-0.0681610107421875 -0.0376510620117187 -0.6068115234375 -0.2393798828125
-0.084075927734375 0.0158462524414062 -0.56768798828125 0.16015625
-0.0573463439941406 0.0442428588867188 -0.23980712890625 0.37127685546875
-0.0122146606445312 0.0823898315429688 0.0716552734375 0.3428955078125
0.0268020629882812 0.0811920166015625 0.178054809570313 0.127777099609375
0.0222816467285156 0.0643272399902344 0.132232666015625 -0.0629348754882813
0.0325775146484375 0.0601577758789063 0.0778656005859375 -0.19329833984375
0.0337257385253906 0.0696830749511719 0.124862670898438 -0.270965576171875
0.00177001953125 0.07452392578125 0.233062744140625 -0.329193115234375
-0.0239715576171875 0.0584716796875 0.419891357421875 -0.22747802734375
-0.0624351501464844 0.0100479125976563 0.61083984375 0.11199951171875
-0.0441627502441406 -0.0405387878417969 0.473480224609375 0.383270263671875
-0.00410461425781251 -0.0557594299316406 0.12152099609375 0.382171630859375
0.097503662109375 -0.1683349609375 -0.155120849609375 -0.165084838867187
0.0105743408203125 -0.182113647460938 -0.293731689453125 -0.49554443359375
-0.119331359863281 -0.0848617553710937 -0.58428955078125 -0.30218505859375
-0.136436462402344 0.0333938598632813 -0.560882568359375 0.0940856933593751
-0.0692825317382813 0.0902938842773438 -0.253021240234375 0.314544677734375
0.0216293334960937 0.121360778808594 0.04864501953125 0.303985595703125
0.0722579956054688 0.08831787109375 0.149063110351563 0.1019287109375
0.0595512390136719 0.0634613037109375 0.103805541992187 -0.0820159912109375
0.0747299194335938 0.0558242797851563 0.0481109619140625 -0.213134765625
0.0855560302734375 0.0737228393554688 0.092193603515625 -0.2972412109375
0.0460052490234375 0.100440979003906 0.193450927734375 -0.366546630859375
-0.00141906738281251 0.108123779296875 0.3941650390625 -0.28082275390625
-0.100265502929687 0.0580902099609375 0.61578369140625 0.04718017578125
-0.1131591796875 -0.0552902221679688 0.48260498046875 0.33428955078125
-0.0425949096679687 -0.129905700683594 0.124114990234375 0.35552978515625
0.109725952148438 -0.240493774414063 -0.111099243164063 -0.220428466796875
-0.020538330078125 -0.239227294921875 -0.25799560546875 -0.537353515625
-0.168304443359375 -0.0910797119140625 -0.55908203125 -0.333251953125
-0.162368774414063 0.0675506591796875 -0.538665771484375 0.0512390136718749
-0.0594482421875 0.127487182617188 -0.250579833984375 0.25885009765625
0.0599822998046875 0.138282775878906 0.0234527587890625 0.25628662109375
0.108345031738281 0.0793304443359375 0.106880187988281 0.0766525268554688
0.0879440307617188 0.0521163940429688 0.0615005493164063 -0.0920639038085938
0.107772827148438 0.0437164306640625 0.00807189941406249 -0.222091674804687
0.125831604003906 0.07000732421875 0.055023193359375 -0.31500244140625
0.0800094604492188 0.118980407714844 0.15869140625 -0.394561767578125
0.014373779296875 0.146209716796875 0.3748779296875 -0.318878173828125
-0.133712768554688 0.0899581909179687 0.6141357421875 0.00970458984375001
-0.165863037109375 -0.075714111328125 0.46673583984375 0.30267333984375
-0.064666748046875 -0.19384765625 0.116241455078125 0.31036376953125
0.0835113525390625 -0.273605346679687 -0.072052001953125 -0.2822265625
-0.07666015625 -0.239730834960938 -0.24444580078125 -0.56536865234375
-0.19940185546875 -0.0477142333984375 -0.540771484375 -0.33734130859375
-0.1458740234375 0.112777709960937 -0.508392333984375 0.02447509765625
-0.0220489501953125 0.1435546875 -0.248519897460938 0.209197998046875
0.0992279052734375 0.124755859375 -0.0111083984375 0.212265014648437
0.128585815429687 0.0548858642578125 0.0543479919433594 0.0610237121582031
0.103363037109375 0.03411865234375 0.00991058349609376 -0.0902557373046875
0.128242492675781 0.0267333984375 -0.0347900390625 -0.220535278320313
0.148788452148438 0.0640716552734375 0.019775390625 -0.3236083984375
0.095916748046875 0.131706237792969 0.1356201171875 -0.4107666015625
0.01055908203125 0.168075561523438 0.3680419921875 -0.334747314453125
-0.163543701171875 0.0889434814453125 0.60693359375 0.00347900390625001
-0.188522338867187 -0.110977172851563 0.436676025390625 0.284515380859375
-0.0564117431640625 -0.241409301757812 0.105239868164063 0.249710083007812
0.0327301025390625 -0.25836181640625 -0.059356689453125 -0.34466552734375
-0.124191284179688 -0.1832275390625 -0.2650146484375 -0.56890869140625
-0.188079833984375 0.0230865478515625 -0.540252685546875 -0.31353759765625
-0.0898590087890625 0.140792846679688 -0.4892578125 0.0218200683593751
0.0282669067382813 0.127853393554688 -0.254501342773437 0.182037353515625
0.123420715332031 0.0826034545898437 -0.05126953125 0.187301635742188
0.126792907714844 0.0207290649414062 -0.000862121582031244 0.0624961853027344
0.102066040039063 0.0110702514648438 -0.0425567626953125 -0.0771865844726562
0.129928588867188 0.0078277587890625 -0.078125 -0.213470458984375
0.149337768554688 0.0546722412109375 -0.011322021484375 -0.33099365234375
0.0902557373046875 0.132698059082031 0.12689208984375 -0.424560546875
-0.00856018066406249 0.164291381835938 0.378448486328125 -0.33837890625
-0.176132202148438 0.0544281005859375 0.60406494140625 0.02117919921875
-0.168746948242188 -0.148727416992188 0.40460205078125 0.27490234375
-0.0211181640625 -0.257095336914063 0.109390258789062 0.180618286132812
-0.011932373046875 -0.2015380859375 -0.075958251953125 -0.393035888671875
-0.13092041015625 -0.1019287109375 -0.311492919921875 -0.54779052734375
-0.136550903320313 0.0781326293945312 -0.553955078125 -0.26104736328125
-0.0211257934570313 0.132926940917969 -0.47894287109375 0.0446472167968749
0.0661163330078125 0.0831298828125 -0.265640258789062 0.183990478515625
0.123001098632813 0.0273513793945313 -0.087982177734375 0.190597534179688
0.103713989257813 -0.0132904052734375 -0.0464096069335937 0.081817626953125
0.0845794677734375 -0.0142822265625 -0.0884170532226562 -0.0561370849609375
0.113479614257813 -0.0134811401367188 -0.11474609375 -0.2025146484375
0.131233215332031 0.0358428955078125 -0.031494140625 -0.33837890625
0.0739898681640625 0.115638732910156 0.138519287109375 -0.43218994140625
-0.0247726440429688 0.133308410644531 0.406494140625 -0.324249267578125
-0.15557861328125 0.00703430175781247 0.6072998046875 0.0606689453125
-0.114761352539062 -0.16448974609375 0.38427734375 0.277191162109375
0.02197265625 -0.231475830078125 0.133834838867188 0.118148803710937
-0.03070068359375 -0.118850708007813 -0.112335205078125 -0.41668701171875
-0.0906829833984375 -0.031005859375 -0.370452880859375 -0.500701904296875
-0.0654296875 0.0911331176757813 -0.56915283203125 -0.184814453125
0.0301055908203125 0.088623046875 -0.47198486328125 0.095611572265625
0.0738449096679688 0.0261917114257813 -0.265945434570312 0.215560913085938
0.0928497314453125 -0.0230712890625 -0.107421875 0.218002319335937
0.0630149841308594 -0.0400276184082031 -0.0732955932617187 0.113540649414063
0.0535774230957031 -0.0380592346191406 -0.118965148925781 -0.0290374755859375
0.0789031982421875 -0.0398330688476563 -0.139816284179687 -0.19049072265625
0.102767944335938 0.00356292724609375 -0.036590576171875 -0.342742919921875
0.0612945556640625 0.076446533203125 0.170379638671875 -0.430389404296875
-0.0185470581054687 0.0858154296875 0.45098876953125 -0.28912353515625
-0.101943969726563 -0.0197677612304687 0.6180419921875 0.12725830078125
-0.05126953125 -0.133308410644531 0.380706787109375 0.300933837890625
0.0470123291015625 -0.163253784179688 0.173171997070313 0.0791778564453125
-0.0178871154785156 -0.0299949645996094 -0.1500244140625 -0.415130615234375
-0.0201473236083984 0.0112419128417969 -0.421295166015625 -0.438995361328125
-0.00158309936523438 0.0638046264648438 -0.577392578125 -0.0977783203125001
0.0479698181152344 0.0267066955566406 -0.455841064453125 0.16143798828125
0.0518341064453125 -0.0264358520507812 -0.251617431640625 0.263397216796875
0.0417900085449219 -0.0562057495117188 -0.106277465820312 0.2569580078125
0.0135688781738281 -0.0520286560058594 -0.0792236328125 0.148117065429688
0.0135726928710938 -0.0552635192871094 -0.130638122558594 -0.000259399414062519
0.0347061157226562 -0.0662689208984375 -0.147232055664063 -0.172012329101562
0.0731582641601563 -0.0392913818359375 -0.0279541015625 -0.335113525390625
0.0634689331054688 0.0255012512207031 0.2095947265625 -0.40936279296875
0.0172653198242188 0.0446739196777344 0.494598388671875 -0.230865478515625
-0.0361557006835938 -0.00245285034179688 0.61920166015625 0.21453857421875
-0.0147132873535156 -0.0532035827636719 0.375823974609375 0.348724365234375
0.034637451171875 -0.0660285949707031 0.206863403320313 0.0709991455078125
0.056060791015625 -0.0804214477539063 -0.191513061523438 -0.11712646484375
0.0110931396484375 -0.091888427734375 -0.34625244140625 -0.450531005859375
-0.069488525390625 -0.0391616821289062 -0.6300048828125 -0.24005126953125
-0.0884552001953125 0.0189895629882812 -0.5828857421875 0.171142578125
-0.0597267150878906 0.0487442016601563 -0.239013671875 0.386810302734375
-0.00928497314453125 0.0857315063476563 0.085296630859375 0.3514404296875
0.0320892333984375 0.084625244140625 0.18841552734375 0.1285400390625
0.0258560180664062 0.0688629150390625 0.134658813476563 -0.0650787353515625
0.0357170104980469 0.0633735656738281 0.07806396484375 -0.1961669921875
0.0378341674804687 0.0707015991210938 0.122817993164062 -0.2763671875
0.005889892578125 0.0779571533203125 0.22735595703125 -0.33990478515625
-0.0235404968261719 0.0628547668457031 0.421844482421875 -0.242645263671875
-0.0664329528808594 0.0125198364257813 0.63134765625 0.09735107421875
-0.0501441955566406 -0.0401496887207031 0.5032958984375 0.3853759765625
-0.00740814208984375 -0.0574150085449219 0.140899658203125 0.3985595703125
0.098968505859375 -0.179443359375 -0.166656494140625 -0.164306640625
0.00927734374999998 -0.190032958984375 -0.309722900390625 -0.505859375
-0.123832702636719 -0.08807373046875 -0.60546875 -0.3037109375
-0.143844604492188 0.03692626953125 -0.57977294921875 0.1048583984375
-0.0738449096679688 0.0969619750976563 -0.253173828125 0.3280029296875
0.0261383056640625 0.12744140625 0.061004638671875 0.310638427734375
0.0793228149414063 0.0921554565429688 0.158050537109375 0.102127075195313
0.0650177001953125 0.0678863525390625 0.104179382324219 -0.0839080810546875
0.0798187255859375 0.0592880249023437 0.044586181640625 -0.216400146484375
0.091461181640625 0.0753555297851563 0.0877685546875 -0.30340576171875
0.0513458251953125 0.105476379394531 0.185943603515625 -0.377166748046875
-0.000488281249999993 0.115058898925781 0.395721435546875 -0.298736572265625
-0.106208801269531 0.0629043579101563 0.63592529296875 0.031005859375
-0.123710632324219 -0.0548858642578125 0.511199951171875 0.3358154296875
-0.049285888671875 -0.134300231933594 0.141815185546875 0.3717041015625
0.11004638671875 -0.255386352539063 -0.1219482421875 -0.223312377929688
-0.0241851806640625 -0.250045776367188 -0.275909423828125 -0.551025390625
-0.174819946289063 -0.09490966796875 -0.5826416015625 -0.3360595703125
-0.170303344726563 0.0734100341796875 -0.55450439453125 0.061859130859375
-0.0626373291015625 0.134872436523438 -0.251922607421875 0.270034790039063
0.0661163330078125 0.144256591796875 0.0340728759765625 0.261245727539063
0.116416931152344 0.0828170776367188 0.113136291503906 0.0762481689453125
0.0942840576171875 0.057525634765625 0.05859375 -0.0935745239257813
0.11395263671875 0.0467758178710937 0.00219726562499999 -0.224807739257812
0.133468627929688 0.0714950561523438 0.048248291015625 -0.321319580078125
0.08648681640625 0.124282836914063 0.148040771484375 -0.406402587890625
0.0150146484375 0.154571533203125 0.3756103515625 -0.33575439453125
-0.140716552734375 0.0958709716796875 0.6337890625 -0.00659179687499999
-0.178924560546875 -0.0742950439453125 0.49285888671875 0.303436279296875
-0.0726776123046875 -0.200454711914063 0.132965087890625 0.324462890625
0.082427978515625 -0.289337158203125 -0.0819091796875 -0.289642333984375
-0.0825653076171875 -0.249069213867188 -0.26123046875 -0.57916259765625
-0.206817626953125 -0.04925537109375 -0.56414794921875 -0.3404541015625
-0.15289306640625 0.11932373046875 -0.524261474609375 0.0331420898437501
-0.0235595703125 0.151901245117188 -0.250625610351562 0.218048095703125
0.106048583984375 0.129867553710938 -0.00312805175781249 0.215133666992188
0.136001586914063 0.0572967529296875 0.0570907592773438 0.0610122680664063
0.110015869140625 0.0387115478515625 0.0054473876953125 -0.0906600952148438
0.134689331054688 0.0301666259765625 -0.0429229736328125 -0.223190307617188
0.156906127929688 0.065673828125 0.011749267578125 -0.33038330078125
0.102035522460937 0.137832641601563 0.125457763671875 -0.4234619140625
0.0113983154296875 0.176834106445313 0.368255615234375 -0.354400634765625
-0.172164916992188 0.0948944091796875 0.625244140625 -0.01177978515625
-0.202590942382813 -0.1107177734375 0.459564208984375 0.286102294921875
-0.0655975341796875 -0.24920654296875 0.119766235351563 0.261489868164063
0.0296630859375 -0.272720336914063 -0.07073974609375 -0.35601806640625
-0.130706787109375 -0.190643310546875 -0.283447265625 -0.58599853515625
-0.194107055664063 0.0237274169921875 -0.56512451171875 -0.31427001953125
-0.09344482421875 0.147201538085938 -0.504180908203125 0.029754638671875
0.0277328491210938 0.134681701660156 -0.25689697265625 0.1893310546875
0.129447937011719 0.0859756469726562 -0.045806884765625 0.18994140625
0.133155822753906 0.0221939086914063 -0.00043106079101562 0.0634651184082031
0.107780456542969 0.0155258178710938 -0.0493927001953125 -0.0761947631835938
0.135223388671875 0.0103836059570312 -0.087982177734375 -0.216140747070312
0.155899047851563 0.05560302734375 -0.022491455078125 -0.3385009765625
0.0962066650390625 0.139022827148438 0.116180419921875 -0.4381103515625
-0.00851440429687501 0.172225952148438 0.37872314453125 -0.356689453125
-0.184463500976562 0.0589599609375 0.62310791015625 0.00653076171875
-0.181640625 -0.15081787109375 0.426361083984375 0.27777099609375
-0.028778076171875 -0.266143798828125 0.121307373046875 0.188446044921875
-0.0155792236328125 -0.212814331054688 -0.08807373046875 -0.406280517578125
-0.135643005371094 -0.107101440429687 -0.332794189453125 -0.562164306640625
-0.138992309570312 0.0806732177734375 -0.5762939453125 -0.25946044921875
-0.0218048095703125 0.136871337890625 -0.493316650390625 0.0556945800781249
0.066436767578125 0.087921142578125 -0.266006469726563 0.19183349609375
0.127822875976563 0.0278701782226563 -0.084075927734375 0.193405151367188
0.108268737792969 -0.0137481689453125 -0.04766845703125 0.084014892578125
0.08892822265625 -0.0112533569335938 -0.0958709716796875 -0.0535507202148437
0.116500854492187 -0.0120010375976562 -0.126007080078125 -0.20458984375
0.135963439941406 0.0362167358398438 -0.0418701171875 -0.34735107421875
0.0781021118164063 0.120010375976562 0.12884521484375 -0.447601318359375
-0.0257644653320313 0.139457702636719 0.409759521484375 -0.341644287109375
-0.163665771484375 0.00965881347656249 0.62750244140625 0.05078125
-0.124710083007812 -0.1680908203125 0.40423583984375 0.279937744140625
0.0174713134765625 -0.240371704101563 0.145767211914063 0.121994018554688
-0.032684326171875 -0.125511169433594 -0.126312255859375 -0.431671142578125
-0.0923233032226563 -0.032958984375 -0.3946533203125 -0.51141357421875
-0.064910888671875 0.0930633544921875 -0.592529296875 -0.17828369140625
0.0296783447265625 0.0902328491210938 -0.482421875 0.108306884765625
0.0742263793945313 0.0269546508789062 -0.26690673828125 0.224227905273437
0.0953369140625 -0.0243682861328125 -0.104080200195312 0.221481323242188
0.0654258728027344 -0.0397453308105469 -0.0756378173828125 0.117034912109375
0.0553245544433594 -0.0356941223144531 -0.127044677734375 -0.0251617431640625
0.080108642578125 -0.0393295288085938 -0.150238037109375 -0.19171142578125
0.104728698730469 0.00203704833984375 -0.0467529296875 -0.351470947265625
0.0645065307617187 0.0780868530273438 0.1636962890625 -0.4476318359375
-0.0183944702148438 0.0896148681640625 0.45648193359375 -0.304718017578125
-0.107185363769531 -0.018096923828125 0.6376953125 0.11981201171875
-0.0577011108398437 -0.135551452636719 0.39923095703125 0.303466796875
0.04510498046875 -0.168746948242188 0.185134887695313 0.080230712890625
-0.0181179046630859 -0.0326251983642578 -0.166046142578125 -0.43035888671875
-0.0171318054199219 0.00861644744873047 -0.447052001953125 -0.447418212890625
0.00116729736328125 0.0632133483886719 -0.59857177734375 -0.0872802734375
0.0486373901367188 0.0253067016601562 -0.46429443359375 0.175018310546875
0.0512886047363281 -0.0274620056152344 -0.2509765625 0.27325439453125
0.0415153503417969 -0.0588836669921875 -0.101608276367188 0.261611938476563
0.0128860473632813 -0.0531272888183594 -0.0810394287109375 0.152542114257813
0.0128440856933594 -0.0543785095214844 -0.139335632324219 0.00466156005859375
0.0324478149414063 -0.0666847229003906 -0.158004760742188 -0.173385620117187
0.07330322265625 -0.043792724609375 -0.036895751953125 -0.344970703125
0.0674095153808594 0.0231285095214844 0.204376220703125 -0.425323486328125
0.0197334289550781 0.0462760925292969 0.502105712890625 -0.244049072265625
-0.0376472473144531 -0.000713348388671878 0.64111328125 0.2091064453125
-0.0163955688476562 -0.0518646240234375 0.392852783203125 0.352691650390625
0.0341758728027344 -0.0666465759277344 0.220001220703125 0.069549560546875
0.0535125732421875 -0.0893783569335937 -0.209060668945313 -0.107986450195312
0.0078125 -0.0990982055664062 -0.3809814453125 -0.449981689453125
-0.0734024047851563 -0.0396881103515625 -0.66522216796875 -0.22088623046875
-0.0922775268554688 0.0253143310546875 -0.5968017578125 0.20550537109375
-0.0614585876464844 0.0570297241210938 -0.225341796875 0.411651611328125
-0.0035400390625 0.0909957885742187 0.112701416015625 0.3565673828125
0.0403671264648437 0.0877227783203125 0.20611572265625 0.123947143554688
0.0334854125976563 0.0737228393554688 0.137611389160156 -0.0713424682617187
0.0425376892089844 0.065887451171875 0.0727996826171875 -0.20355224609375
0.0451202392578125 0.0714950561523438 0.113525390625 -0.28814697265625
0.012786865234375 0.0812454223632813 0.212677001953125 -0.36004638671875
-0.0211257934570313 0.0690879821777344 0.41937255859375 -0.273681640625
-0.07110595703125 0.018585205078125 0.658447265625 0.0625
-0.0583763122558594 -0.0381965637207031 0.55010986328125 0.3702392578125
-0.0128555297851563 -0.059051513671875 0.174957275390625 0.4139404296875
0.0933685302734375 -0.196533203125 -0.185348510742188 -0.159423828125
0.000625610351562522 -0.202316284179688 -0.34503173828125 -0.50897216796875
-0.132530212402344 -0.0899429321289063 -0.6441650390625 -0.28826904296875
-0.150436401367188 0.0458984375 -0.59613037109375 0.13568115234375
-0.074432373046875 0.107032775878906 -0.24237060546875 0.351898193359375
0.035125732421875 0.132583618164062 0.084381103515625 0.315582275390625
0.09027099609375 0.0935821533203125 0.172271728515625 0.09820556640625
0.075347900390625 0.072235107421875 0.103622436523438 -0.08917236328125
0.088775634765625 0.0608062744140625 0.0369873046875 -0.221221923828125
0.101287841796875 0.07415771484375 0.0745849609375 -0.313751220703125
0.0603713989257813 0.108749389648437 0.16748046875 -0.397796630859375
0.00506591796875 0.122756958007813 0.388092041015625 -0.329193115234375
-0.109786987304688 0.0737380981445312 0.6597900390625 -0.0067138671875
-0.136726379394531 -0.0496673583984375 0.55255126953125 0.319580078125
-0.061431884765625 -0.138206481933594 0.174774169921875 0.3873291015625
0.102066040039062 -0.276351928710938 -0.13970947265625 -0.22344970703125
-0.0374908447265625 -0.262664794921875 -0.313232421875 -0.55828857421875
-0.187103271484375 -0.0943450927734375 -0.62158203125 -0.32147216796875
-0.1767578125 0.0844879150390625 -0.57366943359375 0.0899658203124999
-0.0611114501953125 0.147171020507813 -0.245025634765625 0.289886474609375
0.07781982421875 0.14923095703125 0.052459716796875 0.264984130859375
0.128425598144531 0.0827178955078125 0.12200927734375 0.0728073120117188
0.104904174804687 0.0601882934570312 0.0549392700195313 -0.0968246459960938
0.124870300292969 0.0474395751953125 -0.00933837890624998 -0.228805541992187
0.144821166992188 0.0689849853515625 0.032867431640625 -0.331146240234375
0.0975570678710938 0.128570556640625 0.12799072265625 -0.42584228515625
0.022003173828125 0.163436889648437 0.365478515625 -0.3671875
-0.146026611328125 0.108718872070312 0.655517578125 -0.04486083984375
-0.194992065429687 -0.067626953125 0.534149169921875 0.28680419921875
-0.0889739990234375 -0.207122802734375 0.16253662109375 0.33734130859375
0.070587158203125 -0.31036376953125 -0.102264404296875 -0.29608154296875
-0.0986480712890625 -0.2596435546875 -0.30120849609375 -0.59051513671875
-0.218643188476563 -0.0451507568359375 -0.60467529296875 -0.326171875
-0.156158447265625 0.132049560546875 -0.541595458984375 0.05950927734375
-0.02008056640625 0.16290283203125 -0.245635986328125 0.236434936523438
0.117713928222656 0.131820678710938 0.0104827880859375 0.217681884765625
0.147674560546875 0.0556488037109375 0.0624008178710938 0.0604934692382813
0.121101379394531 0.041046142578125 -0.000938415527343751 -0.0911178588867187
0.144805908203125 0.029144287109375 -0.057037353515625 -0.2255859375
0.167938232421875 0.062255859375 -0.00656127929687502 -0.339874267578125
0.11419677734375 0.141433715820313 0.10205078125 -0.4427490234375
0.0189361572265625 0.18743896484375 0.358001708984375 -0.38519287109375
-0.17889404296875 0.108535766601562 0.64837646484375 -0.049560546875
-0.22149658203125 -0.104263305664062 0.495819091796875 0.27215576171875
-0.0832366943359375 -0.2574462890625 0.14434814453125 0.27117919921875
0.0167236328125 -0.290679931640625 -0.094451904296875 -0.3685302734375
-0.144989013671875 -0.196746826171875 -0.32696533203125 -0.59661865234375
-0.201873779296875 0.0304412841796875 -0.6046142578125 -0.29888916015625
-0.093902587890625 0.15869140625 -0.52001953125 0.0571289062499999
0.0333709716796875 0.141387939453125 -0.254348754882813 0.206329345703125
0.139823913574219 0.0851974487304688 -0.0357513427734375 0.193511962890625
0.142547607421875 0.0191650390625 0.00235748291015626 0.0659828186035156
0.116828918457031 0.0159072875976563 -0.058349609375 -0.0732803344726563
0.144607543945313 0.0092926025390625 -0.104644775390625 -0.216323852539063
0.164932250976563 0.0522308349609375 -0.0435791015625 -0.347381591796875
0.107406616210938 0.141876220703125 0.09234619140625 -0.459381103515625
-0.002838134765625 0.182510375976563 0.370452880859375 -0.389739990234375
-0.193984985351563 0.0709686279296875 0.64617919921875 -0.02734375
-0.201370239257813 -0.1478271484375 0.459320068359375 0.2666015625
-0.0442962646484375 -0.276077270507813 0.1416015625 0.1929931640625
-0.0275115966796875 -0.224441528320313 -0.1142578125 -0.421417236328125
-0.146438598632813 -0.108428955078125 -0.38006591796875 -0.57000732421875
-0.140975952148438 0.0872650146484375 -0.614501953125 -0.23773193359375
-0.01898193359375 0.14459228515625 -0.5067138671875 0.0823669433593751
0.0705718994140625 0.0907058715820312 -0.264602661132812 0.209442138671875
0.134750366210938 0.02496337890625 -0.07501220703125 0.198928833007813
0.113624572753906 -0.0176162719726562 -0.0467300415039063 0.0887222290039062
0.0951919555664063 -0.011260986328125 -0.105926513671875 -0.0474700927734375
0.122276306152344 -0.0143585205078125 -0.145095825195312 -0.204315185546875
0.14202880859375 0.0321807861328125 -0.0628662109375 -0.3560791015625
0.0862197875976563 0.122047424316406 0.107330322265625 -0.470977783203125
-0.0219879150390625 0.147811889648438 0.40411376953125 -0.37481689453125
-0.172576904296875 0.0177764892578125 0.65423583984375 0.0189208984375
-0.140335083007812 -0.167205810546875 0.4337158203125 0.27093505859375
0.00610351562499999 -0.251113891601563 0.162582397460938 0.121109008789062
-0.039703369140625 -0.131858825683594 -0.15838623046875 -0.44769287109375
-0.096893310546875 -0.0345687866210937 -0.44140625 -0.51458740234375
-0.0628128051757812 0.0968399047851563 -0.62738037109375 -0.14923095703125
0.034088134765625 0.0927276611328125 -0.4927978515625 0.135711669921875
0.0766448974609375 0.0259246826171875 -0.262313842773438 0.242813110351562
0.0979156494140625 -0.028411865234375 -0.094268798828125 0.230606079101563
0.0669517517089844 -0.0423431396484375 -0.074371337890625 0.123619079589844
0.0576438903808594 -0.0362319946289063 -0.137283325195313 -0.0166473388671875
0.0817642211914063 -0.0411834716796875 -0.16912841796875 -0.19049072265625
0.106704711914063 -0.0017852783203125 -0.0694580078125 -0.361663818359375
0.070098876953125 0.0776443481445313 0.14105224609375 -0.47210693359375
-0.0149383544921875 0.0950241088867188 0.457122802734375 -0.338897705078125
-0.113334655761719 -0.0126800537109375 0.66632080078125 0.0921630859375
-0.0672607421875 -0.136306762695313 0.429473876953125 0.294647216796875
0.0390625 -0.177017211914063 0.203018188476563 0.0743560791015625
-0.01898193359375 -0.034576416015625 -0.201019287109375 -0.44427490234375
-0.0159568786621094 0.00554847717285156 -0.4935302734375 -0.443145751953125
0.00677871704101562 0.0627784729003906 -0.6260986328125 -0.0574340820312499
0.050689697265625 0.0229949951171875 -0.469024658203125 0.204132080078125
0.0494308471679688 -0.0306282043457031 -0.24127197265625 0.291778564453125
0.039093017578125 -0.0627899169921875 -0.0889434814453125 0.271331787109375
0.0113601684570312 -0.054412841796875 -0.0776824951171875 0.160858154296875
0.0110893249511719 -0.0541534423828125 -0.147720336914063 0.01416015625
0.0300865173339844 -0.0677833557128906 -0.17584228515625 -0.17193603515625
0.0711593627929688 -0.0503158569335937 -0.056396484375 -0.357574462890625
0.07159423828125 0.019744873046875 0.187255859375 -0.451690673828125
0.0242233276367188 0.0480613708496094 0.50823974609375 -0.276275634765625
-0.0397186279296875 0.00236129760742188 0.67388916015625 0.18450927734375
-0.0196685791015625 -0.0493621826171875 0.425262451171875 0.346160888671875
0.0332527160644531 -0.0694618225097656 0.238265991210937 0.06072998046875
0.0457000732421875 -0.0988540649414063 -0.224822998046875 -0.088836669921875
-0.000869750976562507 -0.105033874511719 -0.419647216796875 -0.427032470703125
-0.0771865844726562 -0.0380401611328125 -0.69000244140625 -0.17425537109375
-0.092742919921875 0.033447265625 -0.59051513671875 0.250244140625
-0.0588874816894531 0.0650863647460938 -0.195770263671875 0.435272216796875
0.00611114501953126 0.092987060546875 0.147247314453125 0.34979248046875
0.0517501831054687 0.087066650390625 0.223068237304687 0.108566284179688
0.0443191528320313 0.0746841430664063 0.135986328125 -0.08074951171875
0.051025390625 0.0649757385253906 0.060760498046875 -0.2091064453125
0.0529060363769531 0.0687408447265625 0.091888427734375 -0.296478271484375
0.0214157104492188 0.08172607421875 0.18341064453125 -0.37518310546875
-0.014556884765625 0.0739593505859375 0.3994140625 -0.31024169921875
-0.0731201171875 0.0273513793945313 0.67108154296875 0.0072021484375
-0.0659065246582031 -0.0312957763671875 0.5933837890625 0.3310546875
-0.0187759399414063 -0.0589408874511719 0.220306396484375 0.413604736328125
0.08062744140625 -0.20849609375 -0.203826904296875 -0.141998291015625
-0.01739501953125 -0.210617065429688 -0.38873291015625 -0.491546630859375
-0.14215087890625 -0.086456298828125 -0.674560546875 -0.247314453125
-0.152877807617187 0.0606842041015625 -0.59423828125 0.18218994140625
-0.0693206787109375 0.118415832519531 -0.221099853515625 0.373016357421875
0.049041748046875 0.132858276367187 0.11444091796875 0.310638427734375
0.104461669921875 0.08978271484375 0.184783935546875 0.0849151611328125
0.0850372314453125 0.0697250366210938 0.0991287231445312 -0.0946884155273438
0.0982589721679688 0.0579452514648438 0.021148681640625 -0.22454833984375
0.110366821289063 0.0686264038085938 0.0513916015625 -0.31964111328125
0.0739974975585937 0.109039306640625 0.135406494140625 -0.409912109375
0.0156936645507813 0.127685546875 0.363677978515625 -0.362152099609375
-0.109466552734375 0.0850067138671875 0.66571044921875 -0.0648193359375
-0.145156860351563 -0.0366058349609375 0.593017578125 0.279052734375
-0.07525634765625 -0.136154174804688 0.218170166015625 0.38433837890625
0.0806884765625 -0.2950439453125 -0.162063598632813 -0.21295166015625
-0.059051513671875 -0.268447875976562 -0.3580322265625 -0.5433349609375
-0.197845458984375 -0.087799072265625 -0.65484619140625 -0.28155517578125
-0.175735473632813 0.100143432617187 -0.57354736328125 0.13165283203125
-0.0552215576171875 0.158355712890625 -0.2236328125 0.31085205078125
0.09246826171875 0.147201538085937 0.077301025390625 0.2589111328125
0.140022277832031 0.07550048828125 0.130538940429688 0.0637054443359375
0.117485046386719 0.0573501586914063 0.0490798950195313 -0.0999374389648438
0.134468078613281 0.0425262451171875 -0.02752685546875 -0.228790283203125
0.154739379882812 0.061737060546875 0.00698852539062503 -0.33465576171875
0.111915588378906 0.126319885253906 0.092071533203125 -0.436676025390625
0.0336151123046875 0.168838500976563 0.33721923828125 -0.399810791015625
-0.144515991210937 0.123748779296875 0.6590576171875 -0.1009521484375
-0.2100830078125 -0.0519256591796875 0.56903076171875 0.248779296875
-0.108047485351563 -0.203353881835937 0.200927734375 0.335845947265625
0.0477294921875 -0.32763671875 -0.129638671875 -0.292572021484375
-0.121353149414062 -0.261581420898438 -0.352294921875 -0.57818603515625
-0.228057861328125 -0.0348663330078125 -0.638671875 -0.2852783203125
-0.15264892578125 0.146942138671875 -0.545440673828125 0.10174560546875
-0.0110015869140625 0.171722412109375 -0.229660034179688 0.255096435546875
0.131362915039063 0.127113342285156 0.03021240234375 0.2142333984375
0.15887451171875 0.0479736328125 0.067962646484375 0.054931640625
0.131370544433594 0.0368576049804688 -0.00997924804687499 -0.0886001586914062
0.154159545898438 0.0227508544921875 -0.076446533203125 -0.22125244140625
0.176193237304688 0.05328369140625 -0.0355224609375 -0.34124755859375
0.127510070800781 0.138687133789062 0.0649108886718751 -0.454620361328125
0.0323638916015625 0.19287109375 0.3291015625 -0.417633056640625
-0.17803955078125 0.126052856445313 0.6517333984375 -0.10394287109375
-0.238998413085938 -0.08734130859375 0.5291748046875 0.23876953125
-0.107131958007813 -0.257919311523438 0.176620483398438 0.26904296875
-0.00796508789062499 -0.30255126953125 -0.124725341796875 -0.36871337890625
-0.164459228515625 -0.194137573242188 -0.37841796875 -0.582763671875
-0.204452514648438 0.04150390625 -0.63946533203125 -0.254638671875
-0.0858154296875 0.169036865234375 -0.522705078125 0.09625244140625
0.04290771484375 0.145751953125 -0.24005126953125 0.225021362304687
0.150222778320313 0.0765228271484375 -0.020538330078125 0.193283081054688
0.149093627929688 0.0110931396484375 0.00730514526367188 0.0656814575195313
0.126174926757812 0.01153564453125 -0.0670928955078125 -0.0660057067871094
0.151412963867188 0.0037689208984375 -0.126556396484375 -0.207656860351563
0.1708984375 0.04449462890625 -0.0718994140625 -0.34600830078125
0.118484497070313 0.140594482421875 0.052398681640625 -0.469696044921875
0.01025390625 0.1881103515625 0.34368896484375 -0.4208984375
-0.196014404296875 0.086334228515625 0.65216064453125 -0.0811767578125
-0.217666625976563 -0.133148193359375 0.489990234375 0.234375
-0.0695037841796875 -0.279953002929688 0.165740966796875 0.189193725585937
-0.0450439453125 -0.232162475585938 -0.15447998046875 -0.42364501953125
-0.159332275390625 -0.105972290039063 -0.433868408203125 -0.550323486328125
-0.139678955078125 0.0952377319335938 -0.64306640625 -0.1912841796875
-0.012969970703125 0.150177001953125 -0.505340576171875 0.119842529296875
0.0758895874023438 0.0902938842773438 -0.2491455078125 0.2275390625
0.139190673828125 0.0171966552734375 -0.06011962890625 0.199295043945313
0.116058349609375 -0.0240707397460938 -0.0417709350585937 0.0929794311523438
0.100936889648437 -0.0134735107421875 -0.113189697265625 -0.0385284423828125
0.125511169433594 -0.0191650390625 -0.164215087890625 -0.19427490234375
0.145401000976563 0.0240325927734375 -0.095794677734375 -0.357666015625
0.0968399047851563 0.119369506835938 0.069183349609375 -0.48486328125
-0.0122833251953125 0.154632568359375 0.379302978515625 -0.4091796875
-0.176742553710938 0.032440185546875 0.6641845703125 -0.03143310546875
-0.159454345703125 -0.158416748046875 0.4630126953125 0.24090576171875
-0.013824462890625 -0.256210327148438 0.179946899414062 0.11273193359375
-0.052734375 -0.134796142578125 -0.199676513671875 -0.445587158203125
-0.100608825683594 -0.0330734252929687 -0.49310302734375 -0.48870849609375
-0.0554885864257813 0.100517272949219 -0.6495361328125 -0.1019287109375
0.0391464233398437 0.09320068359375 -0.4857177734375 0.17559814453125
0.0793228149414062 0.0237503051757812 -0.2435302734375 0.259414672851563
0.0970611572265625 -0.0353164672851563 -0.0779571533203125 0.232162475585938
0.0671272277832031 -0.0473098754882813 -0.06719970703125 0.130653381347656
0.0590896606445313 -0.0375480651855469 -0.142288208007813 -0.00447082519531248
0.0808029174804688 -0.0428314208984375 -0.191162109375 -0.179779052734375
0.104972839355469 -0.008453369140625 -0.099609375 -0.3624267578125
0.0771408081054688 0.0743942260742188 0.103729248046875 -0.490509033203125
-0.00962066650390624 0.0994415283203125 0.436248779296875 -0.3763427734375
-0.114555358886719 -0.00341796875 0.68218994140625 0.04364013671875
-0.0792694091796875 -0.131843566894531 0.45855712890625 0.265899658203125
0.02606201171875 -0.183517456054688 0.217239379882813 0.0603179931640625
-0.0238456726074219 -0.0362167358398438 -0.2454833984375 -0.439697265625
-0.0150995254516602 0.00260829925537109 -0.54205322265625 -0.409576416015625
0.0116081237792969 0.0605010986328125 -0.64031982421875 -0.00512695312499994
0.0546875 0.0188064575195312 -0.457489013671875 0.24188232421875
0.04632568359375 -0.0336723327636719 -0.218353271484375 0.308868408203125
0.0350151062011719 -0.0666732788085938 -0.07049560546875 0.273880004882813
0.00883102416992187 -0.054229736328125 -0.0684356689453125 0.16741943359375
0.0099334716796875 -0.0532493591308594 -0.153213500976563 0.0277252197265625
0.0240211486816406 -0.0700263977050781 -0.195220947265625 -0.162155151367188
0.0674057006835938 -0.0574455261230469 -0.090179443359375 -0.36041259765625
0.0721054077148438 0.0119857788085938 0.15533447265625 -0.470916748046875
0.02996826171875 0.0465126037597656 0.491943359375 -0.317718505859375
-0.0387725830078125 0.00634765625 0.69464111328125 0.13800048828125
-0.0223579406738281 -0.04522705078125 0.457000732421875 0.3197021484375
0.0305709838867188 -0.0711822509765625 0.253433227539063 0.0441131591796875
0.0347366333007812 -0.102745056152344 -0.229766845703125 -0.0662231445312501
-0.00965118408203124 -0.106819152832031 -0.440643310546875 -0.386322021484375
-0.079681396484375 -0.03607177734375 -0.6903076171875 -0.12628173828125
-0.0893096923828125 0.039703369140625 -0.5633544921875 0.28533935546875
-0.0534133911132812 0.07061767578125 -0.1578369140625 0.438262939453125
0.0147857666015625 0.089935302734375 0.173370361328125 0.329498291015625
0.0603561401367188 0.0822601318359375 0.231185913085938 0.089996337890625
0.0534820556640625 0.07159423828125 0.130874633789063 -0.0867767333984375
0.0579605102539062 0.0610313415527344 0.047027587890625 -0.207611083984375
0.0592689514160156 0.0633621215820313 0.070648193359375 -0.292877197265625
0.0299301147460938 0.0784683227539063 0.1510009765625 -0.377471923828125
-0.00818634033203124 0.0763626098632813 0.36492919921875 -0.33123779296875
-0.07049560546875 0.035675048828125 0.6568603515625 -0.0469970703125
-0.0692977905273438 -0.0237007141113281 0.61285400390625 0.2796630859375
-0.0241241455078125 -0.0567893981933594 0.256103515625 0.39520263671875
0.0601806640625 -0.218368530273438 -0.212310791015625 -0.122650146484375
-0.0321807861328125 -0.2099609375 -0.41351318359375 -0.45269775390625
-0.149093627929688 -0.0804290771484375 -0.6790771484375 -0.19512939453125
-0.147445678710938 0.0683746337890625 -0.57183837890625 0.21759033203125
-0.0609817504882812 0.124107360839844 -0.186676025390625 0.3798828125
0.0591659545898437 0.129104614257813 0.13751220703125 0.29248046875
0.112205505371094 0.0841445922851563 0.189407348632813 0.0713958740234375
0.095703125 0.0665283203125 0.0923690795898438 -0.0991439819335938
0.105438232421875 0.0503768920898438 0.00656127929687499 -0.219894409179687
0.116592407226562 0.0598068237304687 0.027862548828125 -0.314117431640625
0.0815505981445313 0.103050231933594 0.098785400390625 -0.407196044921875
0.0245208740234375 0.128280639648437 0.324493408203125 -0.380401611328125
-0.105560302734375 0.0944595336914063 0.64666748046875 -0.11553955078125
-0.151229858398438 -0.02447509765625 0.60858154296875 0.22918701171875
-0.0848007202148438 -0.131027221679688 0.2518310546875 0.367431640625
0.055145263671875 -0.300750732421875 -0.176788330078125 -0.196075439453125
-0.0793609619140625 -0.265289306640625 -0.39178466796875 -0.50946044921875
-0.205123901367187 -0.0770721435546875 -0.66265869140625 -0.2296142578125
-0.168655395507813 0.110855102539063 -0.55633544921875 0.17010498046875
-0.044219970703125 0.164382934570312 -0.19757080078125 0.3199462890625
0.104255676269531 0.139289855957031 0.096588134765625 0.242507934570312
0.148895263671875 0.067413330078125 0.135482788085938 0.0531234741210938
0.126823425292969 0.0513687133789063 0.0399703979492188 -0.097747802734375
0.140975952148438 0.033233642578125 -0.04278564453125 -0.219924926757813
0.159408569335938 0.0503997802734375 -0.019500732421875 -0.32421875
0.121665954589844 0.119438171386719 0.053466796875 -0.430450439453125
0.0471038818359375 0.167434692382813 0.297454833984375 -0.416015625
-0.136497497558594 0.134986877441406 0.63751220703125 -0.152099609375
-0.21429443359375 -0.0339813232421875 0.583251953125 0.2021484375
-0.124053955078125 -0.195587158203125 0.231842041015625 0.3201904296875
0.0191650390625 -0.3309326171875 -0.150527954101563 -0.2777099609375
-0.140594482421875 -0.253585815429688 -0.3883056640625 -0.543243408203125
-0.231170654296875 -0.0235748291015625 -0.64892578125 -0.23370361328125
-0.143218994140625 0.155242919921875 -0.529266357421875 0.13824462890625
-0.000747680664062516 0.173751831054688 -0.207550048828125 0.263778686523437
0.140220642089844 0.116470336914063 0.0460205078125 0.202285766601563
0.164566040039063 0.0384368896484375 0.0716476440429688 0.0494308471679688
0.139556884765625 0.0299911499023438 -0.0163040161132812 -0.0830764770507812
0.158157348632813 0.0145263671875 -0.0926971435546875 -0.209457397460938
0.180130004882813 0.042266845703125 -0.061370849609375 -0.328643798828125
0.137870788574219 0.131057739257813 0.025360107421875 -0.446929931640625
0.0447235107421875 0.191864013671875 0.288543701171875 -0.434661865234375
-0.17034912109375 0.139450073242187 0.63116455078125 -0.15264892578125
-0.245880126953125 -0.067474365234375 0.541046142578125 0.193267822265625
-0.12591552734375 -0.248565673828125 0.202224731445313 0.25537109375
-0.03253173828125 -0.302825927734375 -0.153839111328125 -0.355255126953125
-0.179168701171875 -0.183944702148438 -0.4193115234375 -0.545166015625
-0.202850341796875 0.0505523681640625 -0.64678955078125 -0.20208740234375
-0.0760345458984375 0.173248291015625 -0.507171630859375 0.130889892578125
0.0484771728515625 0.1451416015625 -0.2197265625 0.234359741210938
0.155181884765625 0.0673675537109375 -0.00538635253906248 0.185028076171875
0.153121948242188 0.0030670166015625 0.0107955932617188 0.0644912719726563
0.131195068359375 0.0062255859375 -0.0708160400390625 -0.0566864013671875
0.153076171875 -0.004638671875 -0.1416015625 -0.1932373046875
0.173248291015625 0.0323638916015625 -0.099090576171875 -0.332733154296875
0.129150390625 0.13238525390625 0.014190673828125 -0.464111328125
0.0213470458984375 0.189071655273438 0.3028564453125 -0.44024658203125
-0.189239501953125 0.10137939453125 0.63494873046875 -0.127197265625
-0.229278564453125 -0.114700317382813 0.49969482421875 0.197174072265625
-0.087677001953125 -0.273345947265625 0.185287475585938 0.176116943359375
-0.0652618408203125 -0.229232788085938 -0.18743896484375 -0.407989501953125
-0.16741943359375 -0.0955047607421875 -0.472503662109375 -0.510223388671875
-0.132164001464844 0.0993576049804688 -0.64666748046875 -0.136474609375
-0.0030517578125 0.146636962890625 -0.488189697265625 0.15533447265625
0.0802536010742188 0.0864639282226563 -0.227706909179688 0.236679077148438
0.139617919921875 0.00714111328125 -0.0458831787109375 0.194427490234375
0.118392944335938 -0.0283355712890625 -0.03546142578125 0.0933761596679687
0.103042602539063 -0.0185317993164063 -0.116813659667969 -0.0252227783203125
0.125923156738281 -0.024932861328125 -0.180831909179688 -0.178070068359375
0.144943237304688 0.0160064697265625 -0.1246337890625 -0.343017578125
0.103416442871094 0.113151550292969 0.028228759765625 -0.479827880859375
-0.00332641601562502 0.155029296875 0.3404541015625 -0.430084228515625
-0.172470092773438 0.044769287109375 0.6483154296875 -0.07989501953125
-0.168975830078125 -0.144577026367187 0.472808837890625 0.2027587890625
-0.0316009521484375 -0.253936767578125 0.192108154296875 0.097320556640625
-0.0633926391601562 -0.131340026855469 -0.235015869140625 -0.429718017578125
-0.10528564453125 -0.0299911499023438 -0.52703857421875 -0.443878173828125
-0.0501174926757813 0.0985870361328125 -0.64483642578125 -0.0478515625000001
0.04388427734375 0.086334228515625 -0.464202880859375 0.203582763671875
0.0766525268554688 0.01922607421875 -0.218826293945313 0.26873779296875
0.0914230346679688 -0.0433273315429688 -0.060302734375 0.229019165039063
0.0639915466308594 -0.0479812622070313 -0.0569686889648438 0.131446838378906
0.0603446960449219 -0.0394134521484375 -0.143417358398438 0.0102081298828125
0.0790252685546875 -0.0456466674804687 -0.204086303710938 -0.161346435546875
0.102928161621094 -0.0149078369140625 -0.1297607421875 -0.349578857421875
0.0795516967773438 0.0669097900390625 0.064727783203125 -0.48809814453125
-0.00109100341796875 0.098876953125 0.398681640625 -0.39947509765625
-0.114845275878906 0.00342559814453127 0.673095703125 -0.007568359375
-0.0866851806640625 -0.122154235839844 0.46893310546875 0.226531982421875
0.013641357421875 -0.1827392578125 0.224395751953125 0.0418548583984375
-0.027679443359375 -0.0335826873779297 -0.278778076171875 -0.420074462890625
-0.0152721405029297 -0.00130176544189453 -0.56988525390625 -0.36370849609375
0.0157852172851563 0.0538444519042969 -0.62799072265625 0.0486450195312501
0.0517730712890625 0.0117454528808594 -0.428253173828125 0.269012451171875
0.0423583984375 -0.03662109375 -0.1905517578125 0.313751220703125
0.0281448364257813 -0.0691680908203125 -0.0488128662109375 0.267745971679687
0.00472640991210937 -0.0532035827636719 -0.056884765625 0.168304443359375
0.00724411010742187 -0.051483154296875 -0.150665283203125 0.0415802001953125
0.0185050964355469 -0.0667839050292969 -0.207977294921875 -0.143585205078125
0.0584754943847656 -0.0596656799316406 -0.11627197265625 -0.34814453125
0.0712356567382813 0.00557708740234375 0.115020751953125 -0.473175048828125
0.0324783325195312 0.0437545776367187 0.460174560546875 -0.34600830078125
-0.0360870361328125 0.0115432739257813 0.6917724609375 0.08636474609375
-0.0226402282714844 -0.0416069030761719 0.469207763671875 0.279296875
0.0248184204101562 -0.0719223022460938 0.258880615234375 0.02215576171875
0.026641845703125 -0.1025390625 -0.227752685546875 -0.0482177734375
-0.016510009765625 -0.106094360351563 -0.44281005859375 -0.3533935546875
-0.080596923828125 -0.0348281860351562 -0.67315673828125 -0.09173583984375
-0.0856246948242188 0.0425262451171875 -0.535003662109375 0.29998779296875
-0.04888916015625 0.0718917846679688 -0.13214111328125 0.42987060546875
0.0193557739257812 0.0847702026367188 0.187957763671875 0.307373046875
0.06719970703125 0.076324462890625 0.231979370117188 0.0753021240234375
0.0608062744140625 0.0667457580566406 0.127449035644531 -0.0887374877929688
0.0613327026367188 0.0559234619140625 0.038970947265625 -0.201812744140625
0.0617942810058594 0.058013916015625 0.056243896484375 -0.28271484375
0.0352249145507812 0.0749664306640625 0.124847412109375 -0.366455078125
-0.0020599365234375 0.0758438110351563 0.3323974609375 -0.33709716796875
-0.0669937133789062 0.0411491394042969 0.632080078125 -0.08056640625
-0.0700836181640625 -0.0177421569824219 0.61260986328125 0.23712158203125
-0.0278282165527344 -0.0549125671386719 0.277740478515625 0.37567138671875
0.0457305908203125 -0.217025756835937 -0.214126586914062 -0.105209350585938
-0.0432281494140625 -0.205551147460937 -0.420318603515625 -0.418212890625
-0.15081787109375 -0.0753173828125 -0.66510009765625 -0.1585693359375
-0.141448974609375 0.0735626220703125 -0.54705810546875 0.23333740234375
-0.05548095703125 0.126632690429687 -0.163604736328125 0.374420166015625
0.0647964477539062 0.121665954589844 0.149337768554687 0.271957397460938
0.118019104003906 0.0752029418945312 0.191299438476563 0.0596771240234375
0.104232788085938 0.0606613159179688 0.0878829956054687 -0.0970306396484375
0.109054565429688 0.0453643798828125 -0.0023651123046875 -0.211593627929688
0.119056701660156 0.0532073974609375 0.013092041015625 -0.29998779296875
0.087066650390625 0.0971603393554688 0.072235107421875 -0.393035888671875
0.0309600830078125 0.12615966796875 0.290313720703125 -0.383026123046875
-0.100006103515625 0.100173950195313 0.61865234375 -0.14617919921875
-0.151382446289063 -0.014312744140625 0.6065673828125 0.1895751953125
-0.0915908813476562 -0.123733520507813 0.27294921875 0.349395751953125
0.03662109375 -0.297698974609375 -0.183639526367187 -0.179046630859375
-0.0927734375 -0.25732421875 -0.4012451171875 -0.473846435546875
-0.207061767578125 -0.0715179443359375 -0.65093994140625 -0.19451904296875
-0.162765502929688 0.115127563476563 -0.532562255859375 0.186920166015625
-0.0370941162109375 0.164413452148438 -0.17669677734375 0.31475830078125
0.107856750488281 0.130989074707031 0.10650634765625 0.225631713867188
0.153823852539063 0.0595855712890625 0.13604736328125 0.0451431274414063
0.13360595703125 0.0455474853515625 0.036834716796875 -0.0932159423828125
0.143218994140625 0.0279998779296875 -0.0517730712890625 -0.20794677734375
0.1595458984375 0.0438079833984375 -0.03363037109375 -0.310546875
0.125709533691406 0.112464904785156 0.02783203125 -0.414794921875
0.0533447265625 0.164108276367188 0.26220703125 -0.415679931640625
-0.129890441894531 0.140480041503906 0.6080322265625 -0.180908203125
-0.213897705078125 -0.02130126953125 0.57958984375 0.16455078125
-0.132400512695312 -0.186248779296875 0.25067138671875 0.303802490234375
-0.000610351562499997 -0.32647705078125 -0.16168212890625 -0.262039184570312
-0.151458740234375 -0.243545532226563 -0.40118408203125 -0.508209228515625
-0.230819702148437 -0.0174713134765625 -0.638671875 -0.195068359375
-0.135391235351563 0.1571044921875 -0.507080078125 0.156890869140625
0.00437927246093748 0.172760009765625 -0.189193725585938 0.26141357421875
0.141921997070313 0.108016967773438 0.0540008544921875 0.187408447265625
0.166839599609375 0.0307464599609375 0.0731201171875 0.0443267822265625
0.145584106445313 0.0248565673828125 -0.019012451171875 -0.0764694213867188
0.160293579101563 0.0098724365234375 -0.101531982421875 -0.195541381835938
0.180191040039062 0.035736083984375 -0.07659912109375 -0.312530517578125
0.1419677734375 0.12432861328125 -0.000549316406249984 -0.4306640625
0.05194091796875 0.188430786132813 0.25439453125 -0.433074951171875
-0.1627197265625 0.144943237304687 0.60308837890625 -0.18060302734375
-0.246292114257813 -0.0533294677734375 0.536834716796875 0.1619873046875
-0.136199951171875 -0.23870849609375 0.217391967773438 0.240264892578125
-0.048828125 -0.295623779296875 -0.169708251953125 -0.339630126953125
-0.186477661132813 -0.17327880859375 -0.43377685546875 -0.509429931640625
-0.200149536132812 0.0540618896484375 -0.63446044921875 -0.162841796875
-0.070587158203125 0.170745849609375 -0.484039306640625 0.14849853515625
0.0519256591796875 0.142654418945313 -0.202301025390625 0.233367919921875
0.153457641601563 0.059234619140625 0.00238037109375 0.1724853515625
0.153839111328125 -0.003021240234375 0.0136184692382813 0.05999755859375
0.136024475097656 0.00153350830078125 -0.0724868774414062 -0.0494003295898437
0.15380859375 -0.008758544921875 -0.149566650390625 -0.178085327148437
0.17242431640625 0.0275115966796875 -0.11468505859375 -0.317596435546875
0.131431579589844 0.12548828125 -0.01214599609375 -0.448486328125
0.0290069580078125 0.185989379882813 0.26971435546875 -0.439971923828125
-0.182830810546875 0.108673095703125 0.60791015625 -0.1558837890625
-0.230758666992187 -0.100875854492188 0.4954833984375 0.167205810546875
-0.100296020507813 -0.264358520507813 0.196044921875 0.16180419921875
-0.0777130126953125 -0.220901489257813 -0.205352783203125 -0.391143798828125
-0.1695556640625 -0.0884552001953125 -0.48480224609375 -0.472625732421875
-0.1285400390625 0.0991897583007812 -0.63177490234375 -0.09844970703125
0.000305175781250004 0.142608642578125 -0.4639892578125 0.1707763671875
0.0799407958984375 0.0841903686523438 -0.209945678710937 0.235885620117188
0.134086608886719 0.00127410888671875 -0.036590576171875 0.185470581054688
0.117362976074219 -0.03271484375 -0.0294113159179688 0.0909881591796875
0.10662841796875 -0.0211334228515625 -0.115005493164062 -0.0149917602539063
0.124740600585938 -0.0270462036132813 -0.1885986328125 -0.161483764648438
0.142608642578125 0.0126495361328125 -0.13946533203125 -0.32501220703125
0.105735778808594 0.106842041015625 0.00128173828124998 -0.46722412109375
0.00427246093749999 0.15093994140625 0.308013916015625 -0.4317626953125
-0.168060302734375 0.050628662109375 0.62371826171875 -0.10809326171875
-0.1707763671875 -0.132553100585938 0.4681396484375 0.175262451171875
-0.0430450439453125 -0.247467041015625 0.198684692382812 0.0845489501953125
-0.069488525390625 -0.1259765625 -0.2540283203125 -0.409088134765625
-0.106590270996094 -0.0270309448242187 -0.5374755859375 -0.4033203125
-0.0472488403320313 0.0941696166992188 -0.62164306640625 -0.0106201171875
0.0436553955078125 0.0811996459960937 -0.436309814453125 0.21746826171875
0.0734481811523438 0.0170135498046875 -0.200057983398438 0.265945434570313
0.086090087890625 -0.0446701049804688 -0.0496673583984375 0.216842651367188
0.0633888244628906 -0.0491485595703125 -0.0505294799804687 0.129074096679688
0.0616416931152344 -0.0395393371582031 -0.1405029296875 0.0191421508789062
0.076080322265625 -0.0457992553710938 -0.211105346679688 -0.146621704101562
0.0972747802734375 -0.0177001953125 -0.143768310546875 -0.33477783203125
0.0793685913085938 0.0615234375 0.037322998046875 -0.4752197265625
0.00277709960937499 0.09515380859375 0.367156982421875 -0.40496826171875
-0.111244201660156 0.00953674316406252 0.64892578125 -0.03668212890625
-0.0884857177734375 -0.115745544433594 0.4630126953125 0.200164794921875
0.00540161132812502 -0.178848266601563 0.225143432617188 0.02764892578125
-0.0276756286621094 -0.0320987701416016 -0.29803466796875 -0.39886474609375
-0.0175447463989258 -0.003265380859375 -0.573486328125 -0.3221435546875
0.0178108215332031 0.0483207702636719 -0.60186767578125 0.08062744140625
0.0499229431152344 0.00754928588867188 -0.39886474609375 0.2779541015625
0.0376014709472656 -0.0375556945800781 -0.16900634765625 0.30645751953125
0.0212669372558594 -0.0682830810546875 -0.035614013671875 0.254806518554688
0.00391387939453125 -0.05242919921875 -0.04864501953125 0.1646728515625
0.00927352905273438 -0.049957275390625 -0.14495849609375 0.0496826171875
0.0159416198730469 -0.0638313293457031 -0.213714599609375 -0.129302978515625
0.0511436462402344 -0.0607337951660156 -0.130035400390625 -0.33343505859375
0.0691757202148438 -9.918212890625E-05 0.087615966796875 -0.465179443359375
0.0357437133789063 0.0408782958984375 0.429779052734375 -0.355316162109375
-0.0322189331054688 0.0142059326171875 0.67095947265625 0.053466796875
-0.0236282348632812 -0.03851318359375 0.46728515625 0.248199462890625
0.0221786499023437 -0.0704116821289063 0.257369995117188 0.00537109375
0.0213241577148438 -0.101112365722656 -0.22576904296875 -0.0372619628906251
-0.0208053588867188 -0.105728149414063 -0.435516357421875 -0.335968017578125
-0.08319091796875 -0.035125732421875 -0.65557861328125 -0.07940673828125
-0.08441162109375 0.0432662963867188 -0.519683837890625 0.300811767578125
-0.0474014282226563 0.07305908203125 -0.120330810546875 0.4215087890625
0.0207061767578125 0.0814590454101563 0.1937255859375 0.292755126953125
0.0714263916015625 0.0720672607421875 0.233963012695313 0.0671539306640625
0.066619873046875 0.0628929138183594 0.127174377441406 -0.0886993408203125
0.0646896362304688 0.0537681579589844 0.0365142822265625 -0.197174072265625
0.0633468627929688 0.0551490783691406 0.051788330078125 -0.273635864257813
0.038177490234375 0.0713119506835937 0.112335205078125 -0.35443115234375
0.0017547607421875 0.07568359375 0.31353759765625 -0.333526611328125
-0.0647926330566406 0.0448265075683594 0.61328125 -0.09600830078125
-0.0712890625 -0.0138473510742187 0.609130859375 0.21490478515625
-0.0305595397949219 -0.0539703369140625 0.2904052734375 0.3668212890625
0.0380096435546875 -0.216049194335938 -0.21380615234375 -0.0939025878906251
-0.0491790771484375 -0.203140258789063 -0.41796875 -0.398193359375
-0.153472900390625 -0.0748291015625 -0.64990234375 -0.14312744140625
-0.140365600585938 0.0742034912109375 -0.532958984375 0.23699951171875
-0.0537948608398438 0.128433227539063 -0.152679443359375 0.366180419921875
0.0655670166015625 0.118064880371094 0.153121948242187 0.257217407226562
0.122726440429688 0.070556640625 0.193084716796875 0.052154541015625
0.110641479492187 0.0564117431640625 0.0884323120117187 -0.0954437255859375
0.11370849609375 0.0427093505859375 -0.004791259765625 -0.204315185546875
0.121086120605469 0.0503768920898437 0.00817871093750003 -0.290069580078125
0.0899276733398438 0.0939788818359375 0.060211181640625 -0.3817138671875
0.0343017578125 0.125755310058594 0.271759033203125 -0.377777099609375
-0.0972900390625 0.103546142578125 0.599853515625 -0.16046142578125
-0.152481079101563 -0.00938415527343753 0.60260009765625 0.1693115234375
-0.0951004028320313 -0.122161865234375 0.285919189453125 0.341217041015625
0.026458740234375 -0.296783447265625 -0.185653686523437 -0.169418334960938
-0.0991973876953125 -0.253585815429688 -0.400604248046875 -0.4554443359375
-0.209732055664063 -0.06964111328125 -0.638427734375 -0.17578125
-0.161849975585938 0.115737915039062 -0.518798828125 0.191680908203125
-0.0360260009765625 0.166305541992188 -0.1671142578125 0.308685302734375
0.108497619628906 0.127464294433594 0.108612060546875 0.212692260742188
0.1580810546875 0.0546417236328125 0.137222290039063 0.03997802734375
0.140312194824219 0.0413436889648438 0.0367202758789063 -0.0899124145507813
0.148040771484375 0.0266265869140625 -0.0550079345703125 -0.199951171875
0.1614990234375 0.041046142578125 -0.03851318359375 -0.29876708984375
0.127975463867188 0.109870910644531 0.01611328125 -0.40081787109375
0.056488037109375 0.164077758789063 0.24346923828125 -0.4102783203125
-0.12725830078125 0.143157958984375 0.58929443359375 -0.1925048828125
-0.215087890625 -0.0154876708984375 0.57391357421875 0.147216796875
-0.137664794921875 -0.183090209960938 0.262115478515625 0.294891357421875
-0.011077880859375 -0.323089599609375 -0.166046142578125 -0.253631591796875
-0.157135009765625 -0.23870849609375 -0.40264892578125 -0.49078369140625
-0.232391357421875 -0.0162200927734375 -0.62689208984375 -0.17767333984375
-0.134857177734375 0.156845092773438 -0.493377685546875 0.162750244140625
0.00552368164062502 0.1741943359375 -0.18109130859375 0.256820678710937
0.141510009765625 0.105331420898438 0.05572509765625 0.175491333007813
0.1702880859375 0.0268096923828125 0.0749893188476563 0.04052734375
0.15179443359375 0.021026611328125 -0.0185470581054687 -0.0717926025390625
0.163589477539063 0.00799560546875 -0.104888916015625 -0.186614990234375
0.180740356445313 0.0339813232421875 -0.0821533203125 -0.30194091796875
0.143722534179688 0.122100830078125 -0.0123291015625 -0.418212890625
0.0543670654296875 0.187896728515625 0.23681640625 -0.428131103515625
-0.160110473632813 0.147171020507812 0.5850830078125 -0.19256591796875
-0.247406005859375 -0.047271728515625 0.532196044921875 0.146820068359375
-0.14190673828125 -0.233932495117188 0.22686767578125 0.23260498046875
-0.05816650390625 -0.2916259765625 -0.177581787109375 -0.330841064453125
-0.189971923828125 -0.16876220703125 -0.435516357421875 -0.488983154296875
-0.2012939453125 0.054107666015625 -0.6224365234375 -0.1431884765625
-0.070404052734375 0.169479370117187 -0.47039794921875 0.155853271484375
0.0517730712890625 0.14361572265625 -0.194122314453125 0.22906494140625
0.1512451171875 0.0571441650390625 0.00355529785156251 0.162399291992188
0.156494140625 -0.006011962890625 0.0160408020019531 0.0568504333496094
0.141159057617188 -0.0013885498046875 -0.071929931640625 -0.044219970703125
0.15667724609375 -0.008758544921875 -0.153778076171875 -0.168899536132812
0.172348022460938 0.027252197265625 -0.120880126953125 -0.305572509765625
0.132125854492188 0.1243896484375 -0.02484130859375 -0.435760498046875
0.0306396484375 0.185012817382813 0.251068115234375 -0.4346923828125
-0.180633544921875 0.110107421875 0.59088134765625 -0.1669921875
-0.23248291015625 -0.09478759765625 0.49127197265625 0.15301513671875
-0.106338500976562 -0.260498046875 0.2030029296875 0.154937744140625
-0.084014892578125 -0.217086791992187 -0.21490478515625 -0.382568359375
-0.172027587890625 -0.0854644775390625 -0.4869384765625 -0.450592041015625
-0.129585266113281 0.0968246459960938 -0.6185302734375 -0.07861328125
-0.00187683105468751 0.139862060546875 -0.449371337890625 0.17724609375
0.0778732299804688 0.084716796875 -0.201492309570313 0.231201171875
0.130889892578125 0.0009918212890625 -0.0347747802734375 0.175079345703125
0.118553161621094 -0.0342483520507813 -0.0271835327148437 0.0875244140625
0.110786437988281 -0.0233840942382813 -0.113693237304687 -0.0107879638671875
0.126983642578125 -0.025909423828125 -0.19305419921875 -0.151901245117187
0.140701293945313 0.012603759765625 -0.146575927734375 -0.314239501953125
0.104316711425781 0.105133056640625 -0.01251220703125 -0.454864501953125
0.00531005859374999 0.150131225585938 0.291107177734375 -0.4278564453125
-0.1658935546875 0.0527191162109375 0.60791015625 -0.11749267578125
-0.172576904296875 -0.12841796875 0.461212158203125 0.163238525390625
-0.0486297607421875 -0.244552612304688 0.202072143554688 0.076568603515625
-0.0728836059570312 -0.122093200683594 -0.2662353515625 -0.3994140625
-0.107254028320313 -0.0266571044921875 -0.538543701171875 -0.38189697265625
-0.0472030639648438 0.0911712646484375 -0.60736083984375 0.00750732421875005
0.04071044921875 0.0766830444335938 -0.42156982421875 0.220428466796875
0.0698165893554688 0.0178146362304688 -0.190414428710938 0.258453369140625
0.08135986328125 -0.0437240600585938 -0.0469970703125 0.20709228515625
0.0644302368164063 -0.0504417419433594 -0.047821044921875 0.125663757324219
0.0645713806152344 -0.0405349731445312 -0.138816833496094 0.0233917236328125
0.076507568359375 -0.0435714721679688 -0.215682983398438 -0.137008666992187
0.095001220703125 -0.0161285400390625 -0.15289306640625 -0.323486328125
0.0768890380859375 0.0590744018554688 0.025146484375 -0.465606689453125
0.00434875488281249 0.093048095703125 0.351959228515625 -0.402099609375
-0.108184814453125 0.0103759765625 0.632568359375 -0.04730224609375
-0.0894775390625 -0.111373901367188 0.4560546875 0.1866455078125
0.0012054443359375 -0.17718505859375 0.226608276367188 0.018798828125
-0.0274848937988281 -0.0297985076904297 -0.307830810546875 -0.38812255859375
-0.0184650421142578 -0.00520133972167968 -0.57342529296875 -0.30120849609375
0.01727294921875 0.0444450378417969 -0.5821533203125 0.0972900390625001
0.0461769104003906 0.003753662109375 -0.383392333984375 0.27752685546875
0.0336647033691406 -0.0367774963378906 -0.1588134765625 0.296661376953125
0.0163002014160156 -0.0668869018554687 -0.032257080078125 0.242904663085938
0.00391006469726562 -0.0516433715820313 -0.045501708984375 0.160171508789063
0.010833740234375 -0.0501632690429688 -0.143295288085938 0.052978515625
0.0158462524414063 -0.0620918273925781 -0.217178344726563 -0.120513916015625
0.0469589233398438 -0.0596580505371094 -0.139007568359375 -0.324920654296875
0.0665473937988281 -0.00336837768554688 0.073883056640625 -0.455963134765625
0.037567138671875 0.038299560546875 0.41265869140625 -0.353790283203125
-0.0281867980957031 0.0149955749511719 0.6551513671875 0.04010009765625
-0.0217819213867188 -0.0361137390136719 0.458404541015625 0.23358154296875
0.0210418701171875 -0.0686836242675781 0.256927490234375 -0.00469970703125
0.0186080932617187 -0.102294921875 -0.228164672851563 -0.0290069580078125
-0.0242919921875 -0.108100891113281 -0.43707275390625 -0.32965087890625
-0.0867691040039063 -0.0361175537109375 -0.658203125 -0.0739135742187501
-0.0864181518554688 0.0443954467773438 -0.520965576171875 0.30670166015625
-0.0482101440429688 0.076507568359375 -0.1163330078125 0.422698974609375
0.020782470703125 0.08160400390625 0.200439453125 0.285797119140625
0.0764846801757812 0.0693283081054687 0.241912841796875 0.061614990234375
0.0725860595703125 0.0596923828125 0.132133483886719 -0.0912094116210938
0.0689506530761719 0.0529022216796875 0.037017822265625 -0.197479248046875
0.0664939880371094 0.0538673400878906 0.0514373779296875 -0.272048950195313
0.0413780212402344 0.0699348449707031 0.10760498046875 -0.350677490234375
0.00498962402343751 0.0771560668945312 0.304901123046875 -0.33636474609375
-0.0647239685058594 0.0484428405761719 0.6123046875 -0.1083984375
-0.0737762451171875 -0.011505126953125 0.6207275390625 0.20489501953125
-0.0339088439941406 -0.0549812316894531 0.309661865234375 0.36724853515625
0.0325927734375 -0.21990966796875 -0.218551635742188 -0.087738037109375
-0.0552825927734375 -0.206283569335938 -0.42022705078125 -0.39361572265625
-0.159515380859375 -0.076202392578125 -0.65106201171875 -0.1380615234375
-0.144638061523437 0.0759429931640625 -0.533355712890625 0.243743896484375
-0.0541915893554688 0.13348388671875 -0.150146484375 0.3677978515625
0.0668716430664063 0.119033813476563 0.15826416015625 0.251754760742188
0.1295166015625 0.0677947998046875 0.199188232421875 0.0482330322265625
0.119171142578125 0.0532302856445313 0.0920257568359375 -0.09619140625
0.120559692382812 0.0413970947265625 -0.00592041015624999 -0.202926635742187
0.125282287597656 0.0496368408203125 0.00579833984375001 -0.28729248046875
0.0941085815429687 0.094512939453125 0.05499267578125 -0.377899169921875
0.0380096435546875 0.129058837890625 0.262176513671875 -0.379974365234375
-0.0984725952148437 0.108383178710938 0.59716796875 -0.1732177734375
-0.157623291015625 -0.00575256347656252 0.61395263671875 0.158935546875
-0.100799560546875 -0.124427795410156 0.304779052734375 0.342803955078125
0.0201416015625 -0.301361083984375 -0.190811157226563 -0.165390014648438
-0.1064453125 -0.256973266601563 -0.405670166015625 -0.450103759765625
-0.217483520507813 -0.0710601806640624 -0.63909912109375 -0.16998291015625
-0.166290283203125 0.118698120117188 -0.51934814453125 0.1983642578125
-0.0361328125 0.173370361328125 -0.16668701171875 0.310272216796875
0.110336303710937 0.129707336425781 0.110443115234375 0.206436157226563
0.165054321289063 0.0519561767578125 0.141448974609375 0.036224365234375
0.149948120117188 0.0379791259765625 0.0393524169921875 -0.0893707275390625
0.156661987304688 0.025299072265625 -0.0576629638671875 -0.197418212890625
0.16796875 0.04132080078125 -0.0416259765625 -0.295928955078125
0.132423400878906 0.111221313476563 0.00805664062499999 -0.398956298828125
0.058837890625 0.16778564453125 0.233734130859375 -0.412261962890625
-0.12982177734375 0.148330688476563 0.58746337890625 -0.20587158203125
-0.221664428710938 -0.0115203857421875 0.58447265625 0.13824462890625
-0.145294189453125 -0.18572998046875 0.278564453125 0.296142578125
-0.0179443359375 -0.328399658203125 -0.172775268554688 -0.2529296875
-0.1649169921875 -0.241348266601563 -0.4107666015625 -0.48602294921875
-0.24072265625 -0.01593017578125 -0.6275634765625 -0.171142578125
-0.140106201171875 0.16033935546875 -0.493408203125 0.168670654296875
0.00552368164062498 0.181442260742188 -0.17938232421875 0.25787353515625
0.143325805664063 0.107574462890625 0.0556488037109375 0.1702880859375
0.17724609375 0.02392578125 0.0770492553710938 0.0370330810546875
0.161392211914063 0.017303466796875 -0.0179443359375 -0.070556640625
0.172775268554688 0.007568359375 -0.110137939453125 -0.182586669921875
0.187210083007813 0.0348052978515625 -0.087005615234375 -0.2998046875
0.147689819335938 0.12506103515625 -0.021087646484375 -0.41650390625
0.056671142578125 0.192626953125 0.228302001953125 -0.429962158203125
-0.16400146484375 0.152496337890625 0.58349609375 -0.20281982421875
-0.254730224609375 -0.043914794921875 0.54071044921875 0.1376953125
-0.149703979492188 -0.23712158203125 0.24072265625 0.232437133789062
-0.064788818359375 -0.2960205078125 -0.186492919921875 -0.332427978515625
-0.197052001953125 -0.170364379882813 -0.44549560546875 -0.48663330078125
-0.208221435546875 0.0550689697265625 -0.62347412109375 -0.13507080078125
-0.07513427734375 0.171981811523438 -0.47052001953125 0.1610107421875
0.0518798828125 0.149566650390625 -0.193496704101562 0.229782104492188
0.152557373046875 0.05914306640625 0.00210571289062503 0.157119750976562
0.162216186523438 -0.0088653564453125 0.0171775817871094 0.0541877746582031
0.150070190429688 -0.0047454833984375 -0.0727081298828125 -0.0413970947265625
0.165115356445313 -0.0085296630859375 -0.160324096679687 -0.163833618164063
0.177139282226562 0.029083251953125 -0.128387451171875 -0.3038330078125
0.134933471679688 0.127006530761719 -0.034027099609375 -0.43585205078125
0.0317535400390625 0.189010620117188 0.244873046875 -0.438201904296875
-0.184661865234375 0.113662719726563 0.59124755859375 -0.1771240234375
-0.239761352539062 -0.0929412841796875 0.496673583984375 0.148773193359375
-0.112945556640625 -0.264297485351562 0.213623046875 0.152267456054688
-0.08905029296875 -0.219100952148438 -0.22894287109375 -0.38629150390625
-0.177520751953125 -0.0867767333984375 -0.499542236328125 -0.446136474609375
-0.13482666015625 0.0975875854492187 -0.61865234375 -0.0688476562500001
-0.00492858886718749 0.141464233398438 -0.4471435546875 0.18157958984375
0.0775222778320312 0.0891571044921875 -0.200302124023438 0.231155395507813
0.130706787109375 0.00302886962890625 -0.036468505859375 0.171112060546875
0.1226806640625 -0.0364761352539063 -0.02764892578125 0.0858612060546875
0.117279052734375 -0.0262680053710938 -0.115768432617187 -0.00730895996093749
0.133079528808594 -0.0255050659179688 -0.200668334960938 -0.147171020507813
0.143783569335938 0.014923095703125 -0.1544189453125 -0.313232421875
0.104827880859375 0.106796264648437 -0.022491455078125 -0.456268310546875
0.006134033203125 0.152938842773437 0.286163330078125 -0.432830810546875
-0.168670654296875 0.054412841796875 0.60736083984375 -0.12603759765625
-0.177459716796875 -0.128204345703125 0.46624755859375 0.159332275390625
-0.0535125732421875 -0.24810791015625 0.2113037109375 0.0722503662109375
-0.0754776000976562 -0.122024536132813 -0.280975341796875 -0.40362548828125
-0.110588073730469 -0.0276870727539063 -0.55194091796875 -0.375152587890625
-0.050140380859375 0.090179443359375 -0.604248046875 0.0193481445312501
0.0376052856445312 0.0773391723632813 -0.41815185546875 0.22589111328125
0.0691490173339844 0.0211715698242187 -0.1883544921875 0.257095336914063
0.0794525146484375 -0.0414352416992188 -0.04827880859375 0.202407836914063
0.0657119750976563 -0.0516471862792969 -0.0489959716796875 0.124114990234375
0.0685958862304688 -0.0426559448242188 -0.1412353515625 0.0264129638671875
0.0796279907226563 -0.0429229736328125 -0.22454833984375 -0.131759643554688
0.0950241088867187 -0.015167236328125 -0.16162109375 -0.325439453125
0.07623291015625 0.0597915649414063 0.01629638671875 -0.469085693359375
0.00521850585937501 0.0934219360351563 0.348846435546875 -0.407470703125
-0.109054565429688 0.0110931396484375 0.63323974609375 -0.0550537109375
-0.0917510986328125 -0.111831665039063 0.457733154296875 0.18341064453125
-0.000289916992187509 -0.179061889648438 0.233123779296875 0.01123046875
-0.0272293090820312 -0.0281562805175781 -0.32464599609375 -0.3912353515625
-0.0195846557617188 -0.0077972412109375 -0.58575439453125 -0.29351806640625
0.0164947509765625 0.0423965454101563 -0.5787353515625 0.1080322265625
0.0424995422363281 0.00226211547851563 -0.378387451171875 0.28167724609375
0.0306015014648438 -0.0360374450683594 -0.1563720703125 0.29351806640625
0.0123252868652344 -0.064910888671875 -0.0325469970703125 0.2386474609375
0.0029296875 -0.0530738830566406 -0.0462799072265625 0.159210205078125
0.0123672485351563 -0.0529518127441406 -0.1455078125 0.05694580078125
0.0158805847167969 -0.0610809326171875 -0.226318359375 -0.116287231445313
0.0441017150878906 -0.0587959289550781 -0.147735595703125 -0.326202392578125
0.0650405883789062 -0.00575637817382812 0.0662841796875 -0.459564208984375
0.0391426086425781 0.0365104675292969 0.411041259765625 -0.358154296875
-0.0258560180664063 0.0148963928222656 0.65594482421875 0.03509521484375
-0.0213623046875 -0.0350894927978516 0.461029052734375 0.23004150390625
0.0207099914550781 -0.0684623718261719 0.26361083984375 -0.0129852294921875
0.01531982421875 -0.105537414550781 -0.23651123046875 -0.0165863037109375
-0.030426025390625 -0.111824035644531 -0.451934814453125 -0.323974609375
-0.0931549072265625 -0.036529541015625 -0.673583984375 -0.0614013671875001
-0.089630126953125 0.04803466796875 -0.529022216796875 0.328125
-0.0475921630859375 0.0825119018554688 -0.106903076171875 0.435821533203125
0.02301025390625 0.0841522216796875 0.21484375 0.283172607421875
0.0828857421875 0.065582275390625 0.255355834960938 0.0528717041015625
0.0804901123046875 0.0557708740234375 0.138259887695313 -0.0990676879882813
0.0764312744140625 0.0515365600585938 0.03619384765625 -0.2021484375
0.0720062255859375 0.0518722534179687 0.049072265625 -0.27685546875
0.0462303161621094 0.0698127746582031 0.09881591796875 -0.356781005859375
0.00950622558593751 0.0799636840820313 0.298858642578125 -0.35028076171875
-0.06463623046875 0.0550041198730469 0.62176513671875 -0.13458251953125
-0.0781097412109375 -0.00733184814453124 0.650146484375 0.18634033203125
-0.0392112731933594 -0.0562973022460938 0.341217041015625 0.3720703125
0.02587890625 -0.229141235351563 -0.228927612304688 -0.0780792236328125
-0.0648956298828125 -0.212539672851563 -0.437744140625 -0.388092041015625
-0.170883178710938 -0.0768280029296875 -0.666259765625 -0.12744140625
-0.150299072265625 0.08270263671875 -0.5416259765625 0.262786865234375
-0.0536651611328125 0.1441650390625 -0.14593505859375 0.381683349609375
0.0718917846679688 0.12310791015625 0.168670654296875 0.248382568359375
0.139274597167969 0.0640411376953125 0.210357666015625 0.0408935546875
0.130126953125 0.047821044921875 0.0968017578125 -0.101470947265625
0.131141662597656 0.0390090942382813 -0.00997924804687498 -0.2059326171875
0.135108947753906 0.0472335815429688 0.000885009765624986 -0.29180908203125
0.101829528808594 0.0959701538085937 0.043701171875 -0.382843017578125
0.0441131591796875 0.134605407714844 0.253631591796875 -0.394287109375
-0.100341796875 0.118278503417969 0.6048583984375 -0.20123291015625
-0.16693115234375 0.000473022460937481 0.63916015625 0.140869140625
-0.111900329589844 -0.12664794921875 0.335296630859375 0.346221923828125
0.010345458984375 -0.312896728515625 -0.202529907226563 -0.161483764648438
-0.119827270507813 -0.263504028320313 -0.425506591796875 -0.450897216796875
-0.231826782226563 -0.0690155029296875 -0.656982421875 -0.1590576171875
-0.173553466796875 0.12750244140625 -0.5283203125 0.216522216796875
-0.0341644287109375 0.18511962890625 -0.16363525390625 0.32196044921875
0.117164611816406 0.134300231933594 0.11663818359375 0.204315185546875
0.17626953125 0.04742431640625 0.149765014648437 0.0304718017578125
0.1627197265625 0.0314178466796875 0.041534423828125 -0.0924530029296875
0.169937133789063 0.02178955078125 -0.063720703125 -0.197586059570312
0.17913818359375 0.0385894775390625 -0.050506591796875 -0.299468994140625
0.14239501953125 0.114013671875 -0.00576782226562495 -0.40283203125
0.0666046142578125 0.175537109375 0.225006103515625 -0.428436279296875
-0.132614135742188 0.159805297851562 0.59429931640625 -0.23236083984375
-0.234237670898438 -0.00401306152343755 0.6082763671875 0.1209716796875
-0.159439086914062 -0.189208984375 0.30767822265625 0.298675537109375
-0.030517578125 -0.339996337890625 -0.188888549804687 -0.254852294921875
-0.180282592773438 -0.24615478515625 -0.43389892578125 -0.488067626953125
-0.254501342773438 -0.011383056640625 -0.6448974609375 -0.1583251953125
-0.14605712890625 0.170394897460937 -0.500762939453125 0.18621826171875
0.00950622558593749 0.193038940429687 -0.178741455078125 0.26849365234375
0.150772094726562 0.111343383789062 0.0578460693359375 0.16839599609375
0.18768310546875 0.0184326171875 0.08148193359375 0.0330963134765625
0.173736572265625 0.0108489990234375 -0.0184707641601562 -0.0707244873046875
0.18695068359375 0.0034332275390625 -0.119888305664063 -0.180328369140625
0.1988525390625 0.0327911376953125 -0.099578857421875 -0.3028564453125
0.157684326171875 0.12896728515625 -0.0380859375 -0.422210693359375
0.0632171630859375 0.200790405273438 0.218109130859375 -0.44744873046875
-0.169540405273438 0.163925170898438 0.59100341796875 -0.22906494140625
-0.269683837890625 -0.037506103515625 0.5628662109375 0.1253662109375
-0.165695190429688 -0.243682861328125 0.264785766601563 0.232620239257812
-0.07757568359375 -0.304840087890625 -0.207550048828125 -0.338287353515625
-0.211624145507812 -0.172210693359375 -0.472991943359375 -0.486785888671875
-0.219436645507813 0.0609283447265625 -0.63897705078125 -0.1204833984375
-0.0785675048828125 0.181427001953125 -0.47552490234375 0.177581787109375
0.0562286376953125 0.158828735351563 -0.193283081054687 0.238632202148438
0.1585693359375 0.062286376953125 0.00210571289062502 0.157012939453125
0.1705322265625 -0.013824462890625 0.0181617736816406 0.0523338317871094
0.1607666015625 -0.011627197265625 -0.0755844116210938 -0.0388565063476563
0.177078247070313 -0.01300048828125 -0.173233032226563 -0.159210205078125
0.18743896484375 0.0280303955078125 -0.14385986328125 -0.3062744140625
0.143112182617188 0.132232666015625 -0.05181884765625 -0.443023681640625
0.036590576171875 0.198074340820313 0.236663818359375 -0.45751953125
-0.19183349609375 0.123458862304688 0.60107421875 -0.2003173828125
-0.254653930664063 -0.0899505615234375 0.51678466796875 0.13763427734375
-0.127609252929688 -0.271728515625 0.231979370117188 0.149856567382812
-0.0998077392578125 -0.224533081054687 -0.25347900390625 -0.392608642578125
-0.187698364257813 -0.0868072509765625 -0.528533935546875 -0.44482421875
-0.140411376953125 0.103309631347656 -0.6322021484375 -0.05084228515625
-0.00703430175781249 0.14727783203125 -0.4505615234375 0.1982421875
0.0817108154296875 0.0955352783203125 -0.199539184570312 0.239303588867188
0.134056091308594 0.004638671875 -0.037353515625 0.171920776367188
0.128097534179687 -0.0409698486328125 -0.0278701782226562 0.08673095703125
0.125213623046875 -0.0325088500976563 -0.120689392089844 -0.00212097167968751
0.142471313476562 -0.02874755859375 -0.216644287109375 -0.140579223632813
0.15093994140625 0.014892578125 -0.172760009765625 -0.3182373046875
0.110496520996094 0.111091613769531 -0.038726806640625 -0.4677734375
0.00833129882812499 0.159194946289063 0.280181884765625 -0.4520263671875
-0.176223754882813 0.059173583984375 0.6181640625 -0.14666748046875
-0.1895751953125 -0.127838134765625 0.482147216796875 0.15087890625
-0.063934326171875 -0.256118774414063 0.224151611328125 0.064788818359375
-0.0811233520507812 -0.123435974121094 -0.3089599609375 -0.41064453125
-0.116744995117188 -0.02764892578125 -0.5810546875 -0.3673095703125
-0.0516128540039063 0.0935134887695313 -0.6148681640625 0.0397338867187499
0.0358657836914063 0.079193115234375 -0.418670654296875 0.2427978515625
0.0699729919433594 0.0237541198730469 -0.186080932617187 0.26458740234375
0.0794677734375 -0.0405349731445313 -0.0487518310546875 0.20361328125
0.0674247741699219 -0.0549125671386719 -0.0498123168945312 0.126670837402344
0.0726394653320313 -0.0476531982421875 -0.147445678710938 0.03375244140625
0.0850372314453125 -0.0448684692382813 -0.240631103515625 -0.1251220703125
0.097808837890625 -0.01483154296875 -0.18072509765625 -0.330352783203125
0.0784378051757813 0.0610733032226563 0.000335693359375055 -0.4822998046875
0.0068206787109375 0.0955810546875 0.346038818359375 -0.4266357421875
-0.112411499023437 0.0127639770507813 0.64703369140625 -0.0714111328125
-0.0982284545898438 -0.113296508789062 0.474517822265625 0.17626953125
-0.00524902343750001 -0.185409545898438 0.244842529296875 0.000167846679687489
-0.026397705078125 -0.0269660949707031 -0.3553466796875 -0.3974609375
-0.0210647583007812 -0.00946235656738281 -0.61376953125 -0.27935791015625
0.0176620483398438 0.0409278869628906 -0.583740234375 0.1309814453125
0.0399703979492187 0.00048828125 -0.376007080078125 0.297332763671875
0.0283355712890625 -0.0354690551757813 -0.151031494140625 0.298828125
0.00848007202148438 -0.0636405944824219 -0.031005859375 0.239578247070313
0.000484466552734376 -0.0544586181640625 -0.0470428466796875 0.161819458007812
0.0119819641113281 -0.0566062927246094 -0.1510009765625 0.064178466796875
0.0162925720214844 -0.0617523193359375 -0.241561889648438 -0.110107421875
0.0429115295410156 -0.0601959228515625 -0.166473388671875 -0.33355712890625
0.0645523071289062 -0.00855636596679688 0.05413818359375 -0.474578857421875
0.0426445007324219 0.03460693359375 0.411712646484375 -0.376800537109375
-0.0252780914306641 0.0153465270996094 0.670654296875 0.0198974609375
-0.0218391418457031 -0.0353775024414063 0.4774169921875 0.222900390625
0.0207481384277344 -0.0702857971191406 0.274383544921875 -0.0262908935546875
0.00887298583984374 -0.109420776367188 -0.244094848632812 0.00379943847656246
-0.0401611328125 -0.114753723144531 -0.476409912109375 -0.30523681640625
-0.1002197265625 -0.0338058471679687 -0.68963623046875 -0.0289916992187501
-0.0910415649414063 0.055145263671875 -0.525909423828125 0.365264892578125
-0.04449462890625 0.090362548828125 -0.086456298828125 0.452178955078125
0.0275192260742187 0.0872268676757813 0.23699951171875 0.274658203125
0.0909576416015625 0.0604934692382813 0.269683837890625 0.0359649658203125
0.08935546875 0.0483169555664063 0.142608642578125 -0.112014770507813
0.0857620239257812 0.046600341796875 0.02978515625 -0.209091186523437
0.07958984375 0.04864501953125 0.037872314453125 -0.28521728515625
0.052642822265625 0.0682487487792969 0.080841064453125 -0.365814208984375
0.0163650512695312 0.0823898315429688 0.2803955078125 -0.37255859375
-0.0631065368652344 0.0634384155273438 0.62701416015625 -0.1785888671875
-0.083221435546875 -0.000587463378906244 0.6844482421875 0.14788818359375
-0.0462074279785156 -0.0561447143554688 0.387939453125 0.366363525390625
0.011138916015625 -0.2393798828125 -0.24053955078125 -0.061309814453125
-0.0815582275390625 -0.21722412109375 -0.46551513671875 -0.37310791015625
-0.184432983398437 -0.0715789794921875 -0.68524169921875 -0.0982666015624999
-0.154373168945313 0.09442138671875 -0.5419921875 0.2991943359375
-0.0477447509765625 0.1561279296875 -0.128875732421875 0.398956298828125
0.0813217163085938 0.126701354980469 0.185760498046875 0.24346923828125
0.150924682617188 0.0561065673828125 0.222259521484375 0.0272064208984375
0.141799926757813 0.037628173828125 0.098419189453125 -0.11102294921875
0.144012451171875 0.0304412841796875 -0.0184173583984375 -0.2091064453125
0.145309448242188 0.04107666015625 -0.0135498046875 -0.296356201171875
0.112762451171875 0.0942764282226562 0.02154541015625 -0.388824462890625
0.0547866821289062 0.139114379882813 0.23211669921875 -0.416046142578125
-0.0981369018554687 0.130828857421875 0.60589599609375 -0.24395751953125
-0.176467895507813 0.01287841796875 0.67169189453125 0.101806640625
-0.127792358398438 -0.1251220703125 0.381134033203125 0.33978271484375
-0.010650634765625 -0.326019287109375 -0.219497680664063 -0.151657104492188
-0.14166259765625 -0.266525268554688 -0.457489013671875 -0.437255859375
-0.248092651367187 -0.060394287109375 -0.67779541015625 -0.1302490234375
-0.177352905273438 0.142715454101563 -0.52947998046875 0.25054931640625
-0.0256805419921875 0.199066162109375 -0.151153564453125 0.339599609375
0.129432678222656 0.137138366699219 0.129043579101563 0.200363159179688
0.189056396484375 0.037750244140625 0.157546997070313 0.020172119140625
0.1756591796875 0.0192413330078125 0.0410079956054688 -0.0976791381835937
0.184677124023438 0.0113067626953125 -0.0763702392578125 -0.196044921875
0.192230224609375 0.03057861328125 -0.068389892578125 -0.302032470703125
0.156158447265625 0.113235473632813 -0.02972412109375 -0.4072265625
0.0794830322265625 0.181381225585938 0.200469970703125 -0.44927978515625
-0.131515502929688 0.176315307617188 0.5941162109375 -0.27593994140625
-0.247283935546875 0.0113677978515625 0.63726806640625 0.085693359375
-0.181137084960938 -0.188400268554687 0.3468017578125 0.2904052734375
-0.054931640625 -0.352630615234375 -0.212738037109375 -0.250228881835938
-0.203399658203125 -0.2462158203125 -0.471771240234375 -0.476806640625
-0.269363403320313 0.000457763671875059 -0.66607666015625 -0.12860107421875
-0.147445678710938 0.186279296875 -0.503204345703125 0.21697998046875
0.01953125 0.204925537109375 -0.169403076171875 0.284576416015625
0.163421630859375 0.112655639648438 0.06488037109375 0.16693115234375
0.199798583984375 0.007537841796875 0.0859832763671875 0.0264434814453125
0.186325073242188 -0.0026397705078125 -0.0214691162109375 -0.0716552734375
0.202377319335938 -0.008392333984375 -0.1346435546875 -0.1737060546875
0.21270751953125 0.0250091552734375 -0.121429443359375 -0.30242919921875
0.172195434570313 0.128936767578125 -0.0665588378906249 -0.427093505859375
0.076507568359375 0.208786010742188 0.1943359375 -0.468963623046875
-0.1708984375 0.182449340820313 0.59161376953125 -0.27227783203125
-0.286773681640625 -0.0220947265625 0.58929443359375 0.09490966796875
-0.190185546875 -0.24468994140625 0.29693603515625 0.223968505859375
-0.100738525390625 -0.312164306640625 -0.23944091796875 -0.337890625
-0.232086181640625 -0.168426513671875 -0.5147705078125 -0.4732666015625
-0.228515625 0.073883056640625 -0.6590576171875 -0.0885620117187499
-0.07745361328125 0.194503784179687 -0.47686767578125 0.208648681640625
0.06610107421875 0.167953491210938 -0.186325073242188 0.254135131835938
0.168670654296875 0.0616607666015625 0.0056610107421875 0.158035278320312
0.179855346679688 -0.0239105224609375 0.0209732055664063 0.0507164001464844
0.1708984375 -0.0233154296875 -0.0800628662109375 -0.034576416015625
0.190521240234375 -0.0240936279296875 -0.1905517578125 -0.148574829101563
0.200424194335938 0.0220794677734375 -0.169158935546875 -0.304718017578125
0.15570068359375 0.133331298828125 -0.0830078125 -0.451568603515625
0.047760009765625 0.206253051757813 0.213134765625 -0.481658935546875
-0.196395874023438 0.139450073242187 0.60308837890625 -0.24163818359375
-0.273101806640625 -0.0780639648437499 0.541839599609375 0.11065673828125
-0.151092529296875 -0.276260375976563 0.2550048828125 0.138839721679688
-0.117538452148437 -0.227203369140625 -0.29248046875 -0.39422607421875
-0.202789306640625 -0.0811309814453125 -0.5726318359375 -0.42462158203125
-0.143905639648437 0.1131591796875 -0.64556884765625 -0.0166015625
-0.00480651855468752 0.156005859375 -0.44989013671875 0.2257080078125
0.0889129638671875 0.0998992919921875 -0.192642211914063 0.25335693359375
0.140151977539063 0.0040435791015625 -0.0344390869140625 0.175338745117187
0.133247375488281 -0.0498275756835938 -0.0265045166015625 0.08880615234375
0.131752014160156 -0.0431289672851563 -0.1263427734375 0.00601196289062497
0.152084350585938 -0.0371856689453125 -0.235153198242188 -0.126556396484375
0.159622192382813 0.01123046875 -0.201171875 -0.3145751953125
0.118766784667969 0.112983703613281 -0.072479248046875 -0.476531982421875
0.015655517578125 0.165679931640625 0.26141357421875 -0.47918701171875
-0.18231201171875 0.070587158203125 0.62738037109375 -0.18402099609375
-0.206268310546875 -0.121673583984375 0.5045166015625 0.128662109375
-0.0828704833984375 -0.262954711914062 0.240188598632812 0.050079345703125
-0.09100341796875 -0.123130798339844 -0.352935791015625 -0.40875244140625
-0.124908447265625 -0.0238418579101563 -0.62188720703125 -0.34271240234375
-0.0507659912109375 0.0970077514648438 -0.6209716796875 0.0774536132812499
0.0363998413085937 0.0817413330078125 -0.413330078125 0.268096923828125
0.0717544555664063 0.0247879028320313 -0.177093505859375 0.27740478515625
0.079803466796875 -0.0405044555664063 -0.04400634765625 0.208251953125
0.0684013366699219 -0.0594139099121094 -0.0477142333984375 0.131378173828125
0.0747528076171875 -0.0552825927734375 -0.152511596679688 0.04547119140625
0.0893707275390625 -0.0505142211914062 -0.260604858398438 -0.109954833984375
0.100776672363281 -0.0167617797851563 -0.211212158203125 -0.32843017578125
0.0817184448242188 0.0613861083984375 -0.0305175781249999 -0.4957275390625
0.0111923217773438 0.0982894897460937 0.329742431640625 -0.45703125
-0.117233276367188 0.018157958984375 0.6588134765625 -0.10650634765625
-0.108352661132812 -0.111640930175781 0.49493408203125 0.15423583984375
-0.0163116455078125 -0.192062377929688 0.255691528320313 -0.01922607421875
-0.0267047882080078 -0.0258274078369141 -0.399810791015625 -0.392059326171875
-0.0236263275146484 -0.0109710693359375 -0.651123046875 -0.24822998046875
0.0195198059082031 0.0381927490234375 -0.58367919921875 0.16876220703125
0.0372123718261719 -0.0014495849609375 -0.3653564453125 0.322845458984375
0.0246543884277344 -0.0357704162597656 -0.139007568359375 0.309539794921875
0.003143310546875 -0.061004638671875 -0.0246124267578125 0.242416381835938
-0.00312423706054688 -0.0550041198730469 -0.043365478515625 0.16796875
0.00939559936523437 -0.0604591369628906 -0.155990600585937 0.077545166015625
0.0145034790039063 -0.064056396484375 -0.261444091796875 -0.0953216552734375
0.0394287109375 -0.0630455017089844 -0.19793701171875 -0.333709716796875
0.0635185241699219 -0.0121269226074219 0.02618408203125 -0.4912109375
0.0457572937011719 0.0316047668457031 0.4027099609375 -0.408447265625
-0.0236339569091797 0.0163955688476563 0.6861572265625 -0.011962890625
-0.0229606628417969 -0.0345325469970703 0.499359130859375 0.202301025390625
0.0196609497070313 -0.0724868774414063 0.284027099609375 -0.04974365234375
-5.34057617187377E-05 -0.111114501953125 -0.24298095703125 0.0300292968749999
-0.0513229370117188 -0.11376953125 -0.492919921875 -0.2698974609375
-0.105567932128906 -0.028717041015625 -0.691650390625 0.0147705078125001
-0.0890884399414062 0.0627899169921875 -0.502899169921875 0.403289794921875
-0.0378875732421875 0.0970077514648438 -0.054290771484375 0.45977783203125
0.0343093872070313 0.088409423828125 0.259033203125 0.25579833984375
0.0985183715820313 0.0513763427734375 0.278457641601563 0.0115509033203125
0.0960235595703125 0.0372848510742187 0.139305114746094 -0.125984191894531
0.0933685302734375 0.0372543334960938 0.018646240234375 -0.21160888671875
0.0855178833007813 0.0410385131835937 0.021087646484375 -0.286376953125
0.0595550537109375 0.0641403198242188 0.055328369140625 -0.36505126953125
0.0250473022460937 0.0820388793945313 0.2484130859375 -0.388641357421875
-0.057647705078125 0.07208251953125 0.609619140625 -0.229736328125
-0.08636474609375 0.00847625732421876 0.7017822265625 0.0889892578125
-0.0543174743652344 -0.0528907775878906 0.43194580078125 0.340087890625
-0.00901794433593749 -0.24334716796875 -0.246856689453125 -0.037261962890625
-0.102325439453125 -0.213943481445313 -0.4876708984375 -0.338836669921875
-0.194992065429687 -0.0607452392578125 -0.69085693359375 -0.0524291992187502
-0.15277099609375 0.108367919921875 -0.524627685546875 0.33807373046875
-0.0365447998046875 0.1654052734375 -0.100189208984375 0.409698486328125
0.09283447265625 0.126174926757813 0.203369140625 0.228164672851562
0.159469604492188 0.0436859130859375 0.228607177734375 0.007415771484375
0.14990234375 0.022003173828125 0.0952835083007813 -0.121299743652344
0.154098510742188 0.016815185546875 -0.031219482421875 -0.206069946289063
0.154525756835938 0.0296173095703125 -0.0325927734375 -0.294097900390625
0.12347412109375 0.08807373046875 -0.00823974609374998 -0.383941650390625
0.0672531127929688 0.138694763183594 0.197479248046875 -0.428131103515625
-0.089996337890625 0.143539428710938 0.5841064453125 -0.29364013671875
-0.181045532226563 0.028411865234375 0.68670654296875 0.04608154296875
-0.142837524414063 -0.1180419921875 0.424163818359375 0.313201904296875
-0.03863525390625 -0.33038330078125 -0.233917236328125 -0.1317138671875
-0.16656494140625 -0.259521484375 -0.486907958984375 -0.404754638671875
-0.25994873046875 -0.0448150634765625 -0.6845703125 -0.0866699218750001
-0.173797607421875 0.15960693359375 -0.51318359375 0.28875732421875
-0.0111236572265625 0.208297729492188 -0.1280517578125 0.35162353515625
0.142868041992188 0.134994506835938 0.141159057617188 0.1898193359375
0.198043823242188 0.0220489501953125 0.161666870117188 0.0054473876953125
0.1842041015625 0.0015869140625 0.03729248046875 -0.101875305175781
0.195648193359375 -0.0060882568359375 -0.0895233154296875 -0.187210083007813
0.202407836914062 0.017486572265625 -0.090728759765625 -0.294586181640625
0.169235229492187 0.106353759765625 -0.0634155273437499 -0.400634765625
0.0952606201171875 0.181869506835938 0.16259765625 -0.460205078125
-0.123123168945313 0.19244384765625 0.56982421875 -0.32611083984375
-0.255386352539063 0.033050537109375 0.65057373046875 0.0325927734375
-0.20263671875 -0.178497314453125 0.385162353515625 0.266082763671875
-0.08538818359375 -0.35382080078125 -0.236572265625 -0.234085083007813
-0.2274169921875 -0.234375 -0.5059814453125 -0.44342041015625
-0.277847290039063 0.0192871093749999 -0.673828125 -0.0832519531250002
-0.14117431640625 0.202316284179688 -0.4888916015625 0.254180908203125
0.0351104736328125 0.212417602539063 -0.150146484375 0.29681396484375
0.176254272460938 0.108474731445313 0.073486328125 0.1614990234375
0.207229614257812 -0.007537841796875 0.0885772705078125 0.0173568725585938
0.1934814453125 -0.02069091796875 -0.0254440307617187 -0.0693893432617187
0.212539672851563 -0.0263671875 -0.148406982421875 -0.159072875976563
0.223556518554688 0.0115966796875 -0.14593505859375 -0.291046142578125
0.186477661132813 0.122772216796875 -0.10198974609375 -0.41796875
0.0930328369140625 0.210922241210938 0.154296875 -0.48162841796875
-0.164215087890625 0.200424194335937 0.56982421875 -0.3197021484375
-0.29742431640625 0.00103759765624998 0.602294921875 0.04754638671875
-0.215744018554688 -0.234298706054687 0.3272705078125 0.2008056640625
-0.12908935546875 -0.3096923828125 -0.27313232421875 -0.32244873046875
-0.250350952148437 -0.154205322265625 -0.55255126953125 -0.436431884765625
-0.23095703125 0.09002685546875 -0.66290283203125 -0.0426025390625
-0.0700225830078125 0.206039428710938 -0.46246337890625 0.24261474609375
0.0798187255859375 0.170883178710938 -0.168899536132812 0.266220092773438
0.178878784179688 0.0569000244140625 0.012603759765625 0.156845092773438
0.184295654296875 -0.0381622314453125 0.0228004455566406 0.0475807189941406
0.175979614257813 -0.0400848388671875 -0.0837631225585937 -0.0271377563476563
0.199417114257812 -0.0402374267578125 -0.205352783203125 -0.128509521484375
0.210006713867188 0.0108795166015625 -0.196807861328125 -0.290008544921875
0.169219970703125 0.129806518554688 -0.121673583984375 -0.4432373046875
0.0619049072265625 0.208908081054688 0.1737060546875 -0.497039794921875
-0.194061279296875 0.158447265625 0.58514404296875 -0.287353515625
-0.287841796875 -0.05792236328125 0.5535888671875 0.070648193359375
-0.17877197265625 -0.269500732421875 0.275588989257813 0.116928100585937
-0.137832641601563 -0.221435546875 -0.332977294921875 -0.375030517578125
-0.214447021484375 -0.0682830810546875 -0.60791015625 -0.382080078125
-0.141372680664062 0.123245239257813 -0.64337158203125 0.0307006835937501
0.00112915039062499 0.161239624023438 -0.432373046875 0.257843017578125
0.0965728759765625 0.100311279296875 -0.175811767578125 0.265365600585938
0.144454956054688 0.0002899169921875 -0.0271148681640625 0.176544189453125
0.13446044921875 -0.0590362548828125 -0.0231399536132813 0.0897903442382813
0.133514404296875 -0.055389404296875 -0.128761291503906 0.0181198120117188
0.157058715820313 -0.0493316650390625 -0.2501220703125 -0.103103637695313
0.166397094726563 0.0029449462890625 -0.2332763671875 -0.2982177734375
0.128433227539063 0.110862731933594 -0.111602783203125 -0.471099853515625
0.025970458984375 0.169021606445312 0.223541259765625 -0.500244140625
-0.182632446289063 0.0857391357421875 0.6131591796875 -0.23040771484375
-0.221359252929687 -0.107452392578125 0.515960693359375 0.091766357421875
-0.105636596679687 -0.261871337890625 0.2501220703125 0.02734375
-0.100715637207031 -0.117904663085938 -0.39886474609375 -0.38671875
-0.130775451660156 -0.0167160034179688 -0.6551513671875 -0.29241943359375
-0.047637939453125 0.100059509277344 -0.610107421875 0.124755859375
0.038116455078125 0.082550048828125 -0.3909912109375 0.297027587890625
0.0734100341796875 0.0246124267578125 -0.159698486328125 0.286163330078125
0.0790023803710938 -0.0400924682617188 -0.0346832275390625 0.2095947265625
0.0666275024414063 -0.0635757446289063 -0.0427627563476563 0.134849548339844
0.072967529296875 -0.0626449584960938 -0.153564453125 0.0606842041015625
0.090789794921875 -0.0570602416992187 -0.275924682617188 -0.0849761962890625
0.102188110351563 -0.0210418701171875 -0.24493408203125 -0.312469482421875
0.0849990844726563 0.0585403442382813 -0.072784423828125 -0.493804931640625
0.0167312622070313 0.0983428955078125 0.296661376953125 -0.481597900390625
-0.118682861328125 0.0261764526367188 0.6522216796875 -0.153076171875
-0.118896484375 -0.104591369628906 0.506866455078125 0.119293212890625
-0.031097412109375 -0.1939697265625 0.258499145507813 -0.0460052490234375
-0.0266838073730469 -0.0231742858886719 -0.446044921875 -0.364898681640625
-0.0264530181884766 -0.0120029449462891 -0.67755126953125 -0.1966552734375
0.0208473205566406 0.0335979461669922 -0.56658935546875 0.2137451171875
0.0334453582763672 -0.00295448303222656 -0.339324951171875 0.347015380859375
0.0200080871582031 -0.0351295471191406 -0.118621826171875 0.31427001953125
-0.00130462646484375 -0.0559959411621094 -0.012969970703125 0.240524291992188
-0.00714874267578125 -0.0533485412597656 -0.03582763671875 0.171783447265625
0.00510406494140624 -0.0625190734863281 -0.154830932617188 0.0933074951171875
0.0113906860351563 -0.0650825500488281 -0.276260375976563 -0.0703277587890625
0.0339775085449219 -0.0636405944824219 -0.23114013671875 -0.319793701171875
0.0603523254394531 -0.01641845703125 -0.01470947265625 -0.494140625
0.0484695434570312 0.0267791748046875 0.3717041015625 -0.43804931640625
-0.0213470458984375 0.0180397033691406 0.68438720703125 -0.0574951171875
-0.0248546600341797 -0.0321846008300781 0.51092529296875 0.16668701171875
0.0151901245117187 -0.0745315551757813 0.28411865234375 -0.07977294921875
-0.00801849365234376 -0.10858154296875 -0.233230590820313 0.0524902343749999
-0.0604782104492188 -0.108047485351563 -0.490020751953125 -0.232330322265625
-0.107803344726563 -0.0236358642578125 -0.6683349609375 0.0505371093750001
-0.0846405029296875 0.0676956176757813 -0.4666748046875 0.423919677734375
-0.0302505493164063 0.099639892578125 -0.02325439453125 0.452056884765625
0.0398941040039062 0.0872344970703125 0.269393920898437 0.229827880859375
0.1007080078125 0.041534423828125 0.27752685546875 -0.011627197265625
0.09765625 0.0257034301757813 0.1324462890625 -0.136154174804688
0.0962677001953125 0.0266189575195313 0.00906372070312502 -0.208221435546875
0.0886917114257813 0.032928466796875 0.00515747070312503 -0.2784423828125
0.0639686584472656 0.0583152770996094 0.032257080078125 -0.3526611328125
0.0326004028320313 0.0792999267578125 0.21307373046875 -0.38763427734375
-0.0501480102539063 0.0781173706054687 0.572998046875 -0.265380859375
-0.0858612060546875 0.0171585083007812 0.69403076171875 0.033447265625
-0.0601959228515625 -0.0478782653808594 0.460113525390625 0.30316162109375
-0.027099609375 -0.23883056640625 -0.24298095703125 -0.01373291015625
-0.118087768554687 -0.203536987304688 -0.48944091796875 -0.30010986328125
-0.199493408203125 -0.0494537353515625 -0.6710205078125 -0.0156860351562501
-0.14703369140625 0.117385864257812 -0.489990234375 0.36260986328125
-0.0246124267578125 0.169113159179688 -0.073089599609375 0.407135009765625
0.10205078125 0.122207641601563 0.212478637695313 0.208343505859375
0.162689208984375 0.0296173095703125 0.22833251953125 -0.0120391845703125
0.151443481445313 0.007049560546875 0.0901870727539063 -0.126708984375
0.157821655273438 0.0021820068359375 -0.0395660400390625 -0.197845458984375
0.158157348632813 0.017822265625 -0.048004150390625 -0.281494140625
0.130455017089844 0.080108642578125 -0.03125 -0.365692138671875
0.0770111083984375 0.134780883789063 0.158477783203125 -0.424041748046875
-0.079681396484375 0.151382446289063 0.544281005859375 -0.32745361328125
-0.180709838867188 0.0445709228515625 0.6767578125 -0.00701904296875
-0.15338134765625 -0.106674194335938 0.451904296875 0.276702880859375
-0.06317138671875 -0.323272705078125 -0.238540649414062 -0.108306884765625
-0.184600830078125 -0.244430541992188 -0.495513916015625 -0.36474609375
-0.2642822265625 -0.02850341796875 -0.670166015625 -0.04638671875
-0.165969848632813 0.170745849609375 -0.4837646484375 0.313446044921875
0.00279235839843751 0.21075439453125 -0.101898193359375 0.350555419921875
0.153854370117188 0.12884521484375 0.148056030273438 0.175384521484375
0.20086669921875 0.0076141357421875 0.160781860351563 -0.009033203125
0.185348510742188 -0.015411376953125 0.0320663452148438 -0.103477478027344
0.199478149414063 -0.023345947265625 -0.0971221923828125 -0.173324584960938
0.2064208984375 0.00311279296875 -0.106735229492188 -0.278121948242188
0.177078247070313 0.0971221923828125 -0.08740234375 -0.378509521484375
0.106536865234375 0.176803588867188 0.12384033203125 -0.453460693359375
-0.11102294921875 0.202407836914063 0.529998779296875 -0.355987548828125
-0.254486083984375 0.0531921386718749 0.6409912109375 -0.0155029296875
-0.216812133789062 -0.162109375 0.40802001953125 0.231689453125
-0.111846923828125 -0.34246826171875 -0.251571655273438 -0.211151123046875
-0.242782592773438 -0.21612548828125 -0.521209716796875 -0.40093994140625
-0.278427124023437 0.0355987548828125 -0.65887451171875 -0.0435180664062499
-0.131515502929688 0.21197509765625 -0.460357666015625 0.278228759765625
0.04937744140625 0.212875366210938 -0.128173828125 0.298187255859375
0.185928344726563 0.101791381835938 0.079071044921875 0.152084350585938
0.208587646484375 -0.0222320556640625 0.0879135131835938 0.00902557373046875
0.193817138671875 -0.0373077392578125 -0.0282211303710937 -0.065704345703125
0.215255737304688 -0.04388427734375 -0.154800415039063 -0.140045166015625
0.22784423828125 -0.002227783203125 -0.16265869140625 -0.270278930664063
0.19580078125 0.114425659179688 -0.128631591796875 -0.396148681640625
0.106170654296875 0.206558227539063 0.115692138671875 -0.47540283203125
-0.152359008789063 0.212905883789062 0.52996826171875 -0.349822998046875
-0.29937744140625 0.023712158203125 0.59429931640625 0.0023193359375
-0.234100341796875 -0.2177734375 0.3436279296875 0.1717529296875
-0.151031494140625 -0.29644775390625 -0.295318603515625 -0.29559326171875
-0.261016845703125 -0.136016845703125 -0.5697021484375 -0.389892578125
-0.2274169921875 0.102691650390625 -0.64715576171875 -0.00219726562499988
-0.0615997314453125 0.211929321289063 -0.433746337890625 0.263336181640625
0.089996337890625 0.16961669921875 -0.147918701171875 0.269058227539063
0.184890747070313 0.05108642578125 0.0186614990234375 0.151351928710938
0.184158325195312 -0.0498809814453125 0.0232429504394531 0.0431060791015625
0.175094604492188 -0.0539398193359375 -0.0841751098632813 -0.018585205078125
0.201431274414063 -0.0551910400390625 -0.209823608398438 -0.105224609375
0.213516235351562 -0.00054931640625 -0.215530395507812 -0.26556396484375
0.177581787109375 0.122573852539063 -0.15142822265625 -0.41900634765625
0.073333740234375 0.206268310546875 0.133941650390625 -0.49310302734375
-0.184677124023438 0.171844482421875 0.55047607421875 -0.318328857421875
-0.292572021484375 -0.0355224609375 0.545684814453125 0.03094482421875
-0.197662353515625 -0.255706787109375 0.284271240234375 0.09197998046875
-0.151901245117188 -0.2091064453125 -0.36297607421875 -0.3455810546875
-0.218917846679688 -0.0541839599609375 -0.6236572265625 -0.33123779296875
-0.136268615722656 0.129310607910156 -0.62176513671875 0.06890869140625
0.00604248046875001 0.162933349609375 -0.40264892578125 0.27703857421875
0.101669311523438 0.0982818603515625 -0.156326293945313 0.267440795898437
0.147186279296875 -0.0024566650390625 -0.0197906494140625 0.173110961914063
0.132736206054688 -0.066375732421875 -0.0198516845703125 0.0882110595703125
0.131874084472656 -0.0652084350585938 -0.126510620117188 0.0301284790039063
0.158157348632813 -0.0607757568359375 -0.25457763671875 -0.0768280029296876
0.168609619140625 -0.0040283203125 -0.252792358398438 -0.272308349609375
0.134117126464844 0.106369018554687 -0.145599365234375 -0.450469970703125
0.03448486328125 0.1676025390625 0.1837158203125 -0.49920654296875
-0.17828369140625 0.0979461669921875 0.5819091796875 -0.26263427734375
-0.22900390625 -0.0903472900390625 0.5087890625 0.056915283203125
-0.124191284179688 -0.25189208984375 0.250213623046875 0.00524902343749998
-0.106086730957031 -0.109046936035156 -0.42889404296875 -0.35125732421875
-0.132110595703125 -0.00996398925781249 -0.66253662109375 -0.2403564453125
-0.04449462890625 0.0989532470703125 -0.58197021484375 0.15838623046875
0.0380859375 0.0822525024414063 -0.3602294921875 0.311767578125
0.0735015869140625 0.0256805419921875 -0.13958740234375 0.285308837890625
0.0787811279296875 -0.0383987426757813 -0.027313232421875 0.204376220703125
0.0647697448730469 -0.0656700134277344 -0.0372390747070312 0.134147644042969
0.0699424743652344 -0.0671844482421875 -0.149337768554688 0.0726776123046875
0.0897445678710938 -0.0621337890625 -0.280044555664063 -0.058502197265625
0.101226806640625 -0.0234527587890625 -0.26763916015625 -0.28668212890625
0.0860977172851563 0.0566024780273438 -0.1068115234375 -0.476715087890625
0.0205307006835938 0.0960617065429688 0.258544921875 -0.486846923828125
-0.116607666015625 0.0335845947265625 0.623779296875 -0.1861572265625
-0.125213623046875 -0.0948867797851562 0.497833251953125 0.08502197265625
-0.0440673828125 -0.189773559570313 0.25103759765625 -0.0685272216796875
-0.0251827239990234 -0.0203399658203125 -0.47418212890625 -0.329132080078125
-0.0290336608886719 -0.0120201110839844 -0.67779541015625 -0.1435546875
0.0201377868652344 0.0287532806396484 -0.532806396484375 0.244293212890625
0.0291557312011719 -0.00390815734863281 -0.30645751953125 0.355865478515625
0.0152950286865234 -0.0313186645507813 -0.098968505859375 0.307861328125
-0.0041351318359375 -0.0498161315917969 -0.00503540039062499 0.232513427734375
-0.0101089477539063 -0.0496177673339844 -0.029327392578125 0.170425415039062
0.000488281249999996 -0.0621414184570312 -0.14825439453125 0.1048583984375
0.00864791870117187 -0.0636825561523438 -0.280487060546875 -0.0448150634765625
0.0287551879882813 -0.0617561340332031 -0.255126953125 -0.295562744140625
0.0561180114746094 -0.0182952880859375 -0.048370361328125 -0.480224609375
0.0489997863769531 0.0215377807617187 0.336517333984375 -0.448577880859375
-0.0186672210693359 0.0182285308837891 0.66259765625 -0.0941162109375
-0.0258255004882813 -0.0290431976318359 0.5045166015625 0.13055419921875
0.0117111206054688 -0.0742111206054688 0.272140502929688 -0.104965209960938
-0.0123062133789063 -0.105155944824219 -0.22052001953125 0.0673065185546875
-0.0659027099609375 -0.102630615234375 -0.473175048828125 -0.2080078125
-0.109588623046875 -0.0208740234375 -0.642578125 0.0643920898437501
-0.0822982788085937 0.0693817138671875 -0.438812255859375 0.42572021484375
-0.0256118774414063 0.100753784179687 -0.00784301757812502 0.4371337890625
0.0441513061523438 0.0870285034179688 0.269699096679688 0.210708618164062
0.100418090820313 0.0344009399414063 0.274276733398438 -0.027069091796875
0.0959014892578125 0.0168533325195313 0.128387451171875 -0.141159057617188
0.0969619750976563 0.018157958984375 0.00552368164062501 -0.20263671875
0.0895843505859375 0.02642822265625 -0.00128173828125002 -0.267776489257812
0.0655899047851563 0.0537071228027344 0.021697998046875 -0.333160400390625
0.037322998046875 0.0763626098632813 0.18841552734375 -0.373321533203125
-0.0435562133789063 0.0811691284179688 0.53948974609375 -0.280120849609375
-0.0848388671875 0.0239715576171875 0.67755126953125 -0.000671386718749998
-0.0639495849609375 -0.0429496765136719 0.472686767578125 0.27423095703125
-0.0376739501953125 -0.231552124023437 -0.235610961914063 0.00257873535156251
-0.125747680664062 -0.193328857421875 -0.47747802734375 -0.272430419921875
-0.202102661132813 -0.0428619384765625 -0.6473388671875 0.00170898437500005
-0.143096923828125 0.120819091796875 -0.463409423828125 0.365325927734375
-0.0177001953125 0.170562744140625 -0.056488037109375 0.3968505859375
0.108062744140625 0.120414733886719 0.213027954101563 0.193695068359375
0.163345336914063 0.0206756591796875 0.224838256835938 -0.0247955322265625
0.15069580078125 -0.003662109375 0.0870590209960938 -0.12872314453125
0.158859252929688 -0.00897216796875 -0.041046142578125 -0.188644409179687
0.159103393554688 0.0093994140625 -0.0540924072265625 -0.2674560546875
0.133918762207031 0.0750961303710938 -0.042266845703125 -0.345245361328125
0.0825119018554688 0.13116455078125 0.135223388671875 -0.40753173828125
-0.071990966796875 0.155670166015625 0.507476806640625 -0.340087890625
-0.178985595703125 0.054473876953125 0.65753173828125 -0.0391845703125
-0.1591796875 -0.0977020263671875 0.465301513671875 0.24859619140625
-0.07684326171875 -0.31219482421875 -0.237152099609375 -0.091278076171875
-0.1922607421875 -0.231491088867187 -0.487640380859375 -0.336212158203125
-0.265380859375 -0.020599365234375 -0.64544677734375 -0.02813720703125
-0.161224365234375 0.17584228515625 -0.458251953125 0.319580078125
0.0109100341796875 0.211761474609375 -0.086151123046875 0.342529296875
0.159942626953125 0.126174926757813 0.148590087890625 0.164474487304688
0.201034545898438 -0.001678466796875 0.1573486328125 -0.0178070068359375
0.183929443359375 -0.0266265869140625 0.0309906005859375 -0.102577209472656
0.200759887695313 -0.03533935546875 -0.09686279296875 -0.160690307617188
0.207931518554688 -0.0050811767578125 -0.11224365234375 -0.261016845703125
0.181976318359375 0.0927276611328125 -0.09747314453125 -0.35662841796875
0.112640380859375 0.173828125 0.100494384765625 -0.435394287109375
-0.103408813476563 0.20758056640625 0.49371337890625 -0.365814208984375
-0.252761840820312 0.06610107421875 0.62249755859375 -0.04486083984375
-0.223709106445312 -0.150283813476562 0.418548583984375 0.2047119140625
-0.125274658203125 -0.33050537109375 -0.256088256835938 -0.191619873046875
-0.249130249023437 -0.202056884765625 -0.517669677734375 -0.369384765625
-0.27789306640625 0.0436553955078124 -0.63665771484375 -0.0233154296874999
-0.126861572265625 0.216156005859375 -0.434814453125 0.282989501953125
0.0562896728515625 0.212692260742188 -0.113616943359375 0.292816162109375
0.191970825195312 0.0985870361328125 0.07989501953125 0.144241333007813
0.208328247070313 -0.03057861328125 0.0855789184570313 0.00278472900390625
0.192459106445313 -0.0476837158203125 -0.0277748107910156 -0.0623893737792969
0.216415405273438 -0.0562286376953125 -0.153244018554687 -0.124557495117188
0.229751586914063 -0.0105133056640625 -0.16851806640625 -0.250839233398438
0.200851440429688 0.110336303710938 -0.140899658203125 -0.371795654296875
0.1116943359375 0.203903198242188 0.090789794921875 -0.459075927734375
-0.145370483398438 0.219207763671875 0.498443603515625 -0.3587646484375
-0.29815673828125 0.03875732421875 0.57708740234375 -0.0224609375
-0.24249267578125 -0.204833984375 0.350860595703125 0.149017333984375
-0.16094970703125 -0.284088134765625 -0.306121826171875 -0.274810791015625
-0.26312255859375 -0.123733520507812 -0.5673828125 -0.35589599609375
-0.225677490234375 0.106521606445313 -0.62286376953125 0.017333984375
-0.057586669921875 0.2147216796875 -0.40948486328125 0.269989013671875
0.0946807861328125 0.169586181640625 -0.134719848632812 0.264068603515625
0.189620971679687 0.049774169921875 0.0203094482421875 0.145614624023437
0.183441162109375 -0.05609130859375 0.0219879150390625 0.0384979248046875
0.173141479492188 -0.0621795654296875 -0.0825958251953125 -0.0129241943359375
0.2017822265625 -0.065948486328125 -0.208206176757813 -0.0868988037109375
0.216262817382813 -0.0074920654296875 -0.222213745117188 -0.244232177734375
0.182342529296875 0.12017822265625 -0.164794921875 -0.395294189453125
0.0786285400390625 0.204299926757812 0.108367919921875 -0.478668212890625
-0.1790771484375 0.17889404296875 0.519500732421875 -0.327056884765625
-0.29351806640625 -0.02081298828125 0.530303955078125 0.009033203125
-0.208328247070313 -0.243057250976563 0.28607177734375 0.07342529296875
-0.157028198242187 -0.198455810546875 -0.37652587890625 -0.320159912109375
-0.21881103515625 -0.0458831787109375 -0.6204833984375 -0.29705810546875
-0.134666442871094 0.130081176757812 -0.59521484375 0.08740234375
0.00640869140625001 0.16400146484375 -0.377716064453125 0.280792236328125
0.103775024414063 0.0994110107421875 -0.14263916015625 0.261520385742188
0.150588989257813 -0.00128173828125 -0.0186614990234375 0.168045043945313
0.131950378417969 -0.0698928833007813 -0.0201797485351562 0.0852890014648438
0.129058837890625 -0.0708847045898438 -0.123580932617188 0.036712646484375
0.158218383789063 -0.067291259765625 -0.251968383789063 -0.0578155517578125
0.170211791992187 -0.0071258544921875 -0.260421752929687 -0.250076293945312
0.137046813964844 0.105476379394531 -0.16107177734375 -0.428131103515625
0.0376434326171875 0.166000366210937 0.1591796875 -0.4871826171875
-0.1746826171875 0.104263305664062 0.55352783203125 -0.27203369140625
-0.230728149414062 -0.07794189453125 0.493408203125 0.037628173828125
-0.133758544921875 -0.2427978515625 0.245574951171875 -0.0111236572265625
-0.106468200683594 -0.102554321289063 -0.442901611328125 -0.324462890625
-0.132987976074219 -0.00604248046874999 -0.65570068359375 -0.20526123046875
-0.0450668334960938 0.0963973999023438 -0.552764892578125 0.17303466796875
0.0355987548828125 0.0822067260742188 -0.336090087890625 0.310943603515625
0.0724716186523437 0.027618408203125 -0.127914428710938 0.276199340820313
0.0807037353515625 -0.0345230102539063 -0.0251617431640625 0.19781494140625
0.0633621215820313 -0.0655136108398438 -0.0373458862304687 0.131401062011719
0.0675735473632813 -0.069549560546875 -0.144668579101563 0.08099365234375
0.0889205932617187 -0.0649185180664063 -0.278427124023438 -0.0381927490234375
0.1009521484375 -0.0228042602539062 -0.277435302734375 -0.262649536132813
0.0856552124023438 0.0566635131835938 -0.12567138671875 -0.455718994140625
0.0215072631835937 0.0940475463867188 0.232208251953125 -0.479583740234375
-0.113533020019531 0.0371627807617187 0.59649658203125 -0.19708251953125
-0.126937866210938 -0.087005615234375 0.48126220703125 0.06671142578125
-0.050933837890625 -0.184478759765625 0.241012573242188 -0.083740234375
-0.02178955078125 -0.0189285278320313 -0.48614501953125 -0.2999267578125
-0.0312442779541016 -0.0120277404785156 -0.6671142578125 -0.1087646484375
0.0172996520996094 0.0239219665527344 -0.499908447265625 0.253143310546875
0.0242385864257813 -0.0029296875 -0.28167724609375 0.3507080078125
0.0124301910400391 -0.0265026092529297 -0.088226318359375 0.29608154296875
-0.00392532348632813 -0.0422134399414063 -0.00434875488281251 0.223480224609375
-0.010162353515625 -0.0457191467285156 -0.0278167724609375 0.166580200195313
-0.00217056274414063 -0.0604782104492187 -0.142730712890625 0.112197875976562
0.00719451904296874 -0.0622177124023438 -0.278717041015625 -0.0263214111328125
0.0259590148925781 -0.0581932067871094 -0.267105102539062 -0.273147583007813
0.0518150329589844 -0.0177154541015625 -0.068267822265625 -0.462188720703125
0.047821044921875 0.0178337097167969 0.311676025390625 -0.4427490234375
-0.0163974761962891 0.0190982818603516 0.63604736328125 -0.107666015625
-0.0253982543945313 -0.0260086059570313 0.48638916015625 0.109954833984375
0.00984954833984375 -0.072967529296875 0.259796142578125 -0.119949340820313
-0.0140762329101563 -0.103408813476563 -0.212814331054688 0.07696533203125
-0.0700302124023438 -0.0995330810546875 -0.459136962890625 -0.200439453125
-0.112785339355469 -0.02020263671875 -0.627685546875 0.0628051757812501
-0.0824737548828125 0.0698776245117188 -0.4283447265625 0.424713134765625
-0.0235748291015625 0.103012084960938 -0.00274658203124997 0.432159423828125
0.0481033325195313 0.0879745483398438 0.270492553710938 0.203216552734375
0.101455688476563 0.030242919921875 0.2742919921875 -0.0376434326171875
0.0949020385742188 0.0109024047851563 0.12982177734375 -0.146484375
0.0975494384765625 0.0119857788085938 0.0079498291015625 -0.200393676757812
0.0908126831054688 0.0226287841796875 1.52587890624869E-05 -0.260665893554688
0.0677680969238281 0.0510787963867188 0.02081298828125 -0.32269287109375
0.0405044555664063 0.0748672485351562 0.17840576171875 -0.361480712890625
-0.0389556884765625 0.0844573974609375 0.52032470703125 -0.284027099609375
-0.0852432250976563 0.0294189453125 0.669677734375 -0.01812744140625
-0.0678901672363281 -0.0401420593261719 0.48590087890625 0.25872802734375
-0.04266357421875 -0.229583740234375 -0.23126220703125 0.014068603515625
-0.13134765625 -0.188796997070313 -0.465911865234375 -0.262786865234375
-0.207260131835938 -0.041412353515625 -0.63433837890625 0.00158691406249988
-0.145263671875 0.124969482421875 -0.454437255859375 0.3662109375
-0.0152435302734375 0.174087524414063 -0.051605224609375 0.392822265625
0.114402770996094 0.121681213378906 0.212982177734375 0.187225341796875
0.16583251953125 0.015869140625 0.224517822265625 -0.032867431640625
0.150588989257812 -0.010711669921875 0.0884017944335938 -0.13250732421875
0.161407470703125 -0.017608642578125 -0.038116455078125 -0.18475341796875
0.16278076171875 0.0052490234375 -0.0526123046875 -0.25872802734375
0.137405395507813 0.0738449096679687 -0.043365478515625 -0.333038330078125
0.0872879028320313 0.131752014160156 0.126129150390625 -0.39447021484375
-0.069732666015625 0.160476684570313 0.4884033203125 -0.34185791015625
-0.18072509765625 0.06256103515625 0.6495361328125 -0.056396484375
-0.165390014648438 -0.093170166015625 0.47760009765625 0.234161376953125
-0.08489990234375 -0.30902099609375 -0.236328125 -0.0807647705078125
-0.197036743164062 -0.225204467773437 -0.48016357421875 -0.323883056640625
-0.271377563476563 -0.0166015625 -0.633544921875 -0.0266723632812501
-0.163223266601562 0.181396484375 -0.445648193359375 0.3184814453125
0.0145416259765625 0.21630859375 -0.08258056640625 0.3397216796875
0.168350219726563 0.127334594726562 0.148056030273438 0.159439086914063
0.204910278320312 -0.0071258544921875 0.157135009765625 -0.02423095703125
0.185760498046875 -0.0344696044921875 0.032806396484375 -0.103736877441406
0.20416259765625 -0.0448150634765625 -0.0938262939453125 -0.154205322265625
0.213897705078125 -0.01007080078125 -0.1121826171875 -0.250808715820313
0.18829345703125 0.092681884765625 -0.09979248046875 -0.3428955078125
0.117111206054687 0.176177978515625 0.089141845703125 -0.422821044921875
-0.101913452148437 0.213973999023438 0.476531982421875 -0.366424560546875
-0.255462646484375 0.0751190185546875 0.61639404296875 -0.05938720703125
-0.231704711914062 -0.145553588867188 0.430816650390625 0.191192626953125
-0.133087158203125 -0.326446533203125 -0.260589599609375 -0.181320190429688
-0.2542724609375 -0.197006225585937 -0.5123291015625 -0.3577880859375
-0.28271484375 0.0471191406250001 -0.6251220703125 -0.0196533203125001
-0.1287841796875 0.222900390625 -0.42352294921875 0.284210205078125
0.059844970703125 0.217636108398437 -0.108062744140625 0.2889404296875
0.201080322265625 0.100189208984375 0.078948974609375 0.140914916992188
0.213088989257813 -0.0356597900390625 0.0840682983398438 -0.0019073486328125
0.194442749023438 -0.0547637939453125 -0.026885986328125 -0.0611114501953125
0.221847534179688 -0.0647125244140625 -0.150466918945313 -0.115386962890625
0.23675537109375 -0.01470947265625 -0.16998291015625 -0.238998413085938
0.2083740234375 0.111328125 -0.1456298828125 -0.35797119140625
0.115463256835938 0.207244873046875 0.0812683105468751 -0.446685791015625
-0.14495849609375 0.226531982421875 0.4814453125 -0.36029052734375
-0.302001953125 0.048583984375 0.57086181640625 -0.03515625
-0.2509765625 -0.199859619140625 0.35821533203125 0.1353759765625
-0.167465209960938 -0.279541015625 -0.315216064453125 -0.26275634765625
-0.266891479492187 -0.119049072265625 -0.56610107421875 -0.34173583984375
-0.230117797851563 0.10992431640625 -0.6104736328125 0.0224609375
-0.0605926513671875 0.220550537109375 -0.397613525390625 0.2694091796875
0.0979461669921875 0.1748046875 -0.130630493164063 0.259918212890625
0.198211669921875 0.05078125 0.0185699462890625 0.142608642578125
0.188125610351563 -0.0591583251953125 0.0200576782226563 0.0365142822265625
0.175521850585938 -0.068115234375 -0.08154296875 -0.00917816162109374
0.206588745117188 -0.0728759765625 -0.2061767578125 -0.075775146484375
0.2235107421875 -0.0095367431640625 -0.225753784179688 -0.231124877929688
0.188522338867188 0.122772216796875 -0.170318603515625 -0.383453369140625
0.0811004638671875 0.207962036132813 0.098876953125 -0.468719482421875
-0.179702758789063 0.185073852539062 0.50579833984375 -0.328857421875
-0.29779052734375 -0.0125427246093749 0.52276611328125 6.10351562499992E-05
-0.216156005859375 -0.239273071289062 0.28924560546875 0.061920166015625
-0.1600341796875 -0.195281982421875 -0.38848876953125 -0.30682373046875
-0.222457885742188 -0.0436859130859375 -0.61810302734375 -0.278564453125
-0.138908386230469 0.130393981933594 -0.58197021484375 0.0921630859375
0.00296020507812501 0.169021606445313 -0.365936279296875 0.27886962890625
0.105392456054688 0.103736877441406 -0.139373779296875 0.256134033203125
0.157485961914063 0.0009765625 -0.020721435546875 0.164474487304688
0.1361083984375 -0.0712432861328125 -0.0228424072265625 0.0843582153320313
0.130805969238281 -0.0743255615234375 -0.122756958007812 0.0419845581054688
0.162109375 -0.0724639892578125 -0.251678466796875 -0.044708251953125
0.175857543945313 -0.0077667236328125 -0.266387939453125 -0.236038208007813
0.140640258789063 0.108642578125 -0.169097900390625 -0.4158935546875
0.0385284423828125 0.167755126953125 0.148895263671875 -0.48089599609375
-0.175567626953125 0.10845947265625 0.54254150390625 -0.272552490234375
-0.234512329101563 -0.0720672607421875 0.483978271484375 0.0303955078125
-0.140243530273438 -0.240921020507813 0.243728637695313 -0.0213623046875
-0.105796813964844 -0.100921630859375 -0.457489013671875 -0.31011962890625
-0.135200500488281 -0.005279541015625 -0.65484619140625 -0.18695068359375
-0.0494537353515625 0.0948638916015625 -0.53759765625 0.176666259765625
0.03173828125 0.085906982421875 -0.322967529296875 0.306793212890625
0.0725631713867188 0.0322799682617188 -0.12457275390625 0.269256591796875
0.0857925415039062 -0.030029296875 -0.0291290283203125 0.194305419921875
0.0665092468261719 -0.0646781921386719 -0.0401840209960937 0.130271911621094
0.0679244995117188 -0.0710296630859375 -0.143539428710937 0.085601806640625
0.0907135009765625 -0.0671005249023438 -0.279327392578125 -0.0258636474609375
0.10382080078125 -0.0210189819335938 -0.285614013671875 -0.25048828125
0.08709716796875 0.0601806640625 -0.132537841796875 -0.445404052734375
0.0208053588867188 0.0941009521484375 0.2230224609375 -0.472900390625
-0.114242553710937 0.0386276245117188 0.58465576171875 -0.19573974609375
-0.129119873046875 -0.083221435546875 0.47003173828125 0.05926513671875
-0.05419921875 -0.18328857421875 0.235000610351563 -0.0945892333984375
-0.0171489715576172 -0.0187568664550781 -0.50140380859375 -0.28631591796875
-0.0331249237060547 -0.0128116607666016 -0.66412353515625 -0.092529296875
0.0128707885742188 0.0212078094482422 -0.484222412109375 0.256195068359375
0.0198879241943359 -0.00168418884277344 -0.2705078125 0.34307861328125
0.0118083953857422 -0.0226974487304688 -0.08819580078125 0.28741455078125
-6.1035156250001E-05 -0.036834716796875 -0.00871276855468752 0.219009399414062
-0.00923538208007813 -0.0424308776855469 -0.0314483642578125 0.16558837890625
-0.00358963012695312 -0.0601158142089844 -0.142349243164063 0.117401123046875
0.00684738159179688 -0.0618972778320313 -0.280364990234375 -0.01422119140625
0.0253944396972656 -0.0555419921875 -0.276092529296875 -0.259033203125
0.0499000549316406 -0.0155105590820312 -0.076751708984375 -0.45404052734375
0.0467987060546875 0.0161628723144531 0.301177978515625 -0.438018798828125
-0.0143623352050781 0.0184535980224609 0.62384033203125 -0.10943603515625
-0.0247440338134766 -0.0246620178222656 0.473785400390625 0.102142333984375
0.00995635986328125 -0.0732345581054688 0.251373291015625 -0.131942749023437
-0.014984130859375 -0.105445861816406 -0.211349487304688 0.0883636474609375
-0.0744781494140625 -0.0987777709960938 -0.45745849609375 -0.2005615234375
-0.120567321777344 -0.0197601318359375 -0.63238525390625 0.0597534179687499
-0.08599853515625 0.0726089477539063 -0.431182861328125 0.4322509765625
-0.0221099853515625 0.108360290527344 0.000701904296874999 0.439605712890625
0.0539627075195313 0.0916900634765625 0.278030395507812 0.200836181640625
0.105033874511719 0.0275497436523437 0.282196044921875 -0.048248291015625
0.095458984375 0.00627899169921875 0.134231567382813 -0.155715942382813
0.100120544433594 0.00545501708984375 0.0123443603515625 -0.204559326171875
0.09478759765625 0.0196380615234375 0.00325012207031248 -0.261322021484375
0.0721588134765625 0.0505599975585938 0.0225830078125 -0.320465087890625
0.0450897216796875 0.0759963989257813 0.176422119140625 -0.358306884765625
-0.0349960327148438 0.089569091796875 0.516693115234375 -0.294219970703125
-0.0875320434570313 0.0358505249023438 0.679443359375 -0.03558349609375
-0.0743026733398438 -0.0385589599609375 0.51336669921875 0.252227783203125
-0.0481414794921875 -0.234451293945313 -0.232208251953125 0.02490234375
-0.138824462890625 -0.189163208007812 -0.465728759765625 -0.261505126953125
-0.219192504882813 -0.0400543212890625 -0.6390380859375 -0.00244140624999992
-0.151718139648437 0.13250732421875 -0.45654296875 0.373077392578125
-0.01263427734375 0.182968139648437 -0.048309326171875 0.39971923828125
0.125434875488281 0.126914978027344 0.219024658203125 0.186874389648437
0.1732177734375 0.0115814208984375 0.231201171875 -0.042816162109375
0.155197143554688 -0.0177154541015625 0.0928115844726563 -0.14019775390625
0.168228149414063 -0.0265350341796875 -0.0344696044921875 -0.185806274414063
0.171127319335938 0.0001678466796875 -0.050933837890625 -0.257980346679688
0.146804809570313 0.0741424560546875 -0.042388916015625 -0.3289794921875
0.0939178466796875 0.1363525390625 0.12200927734375 -0.390716552734375
-0.068023681640625 0.169967651367188 0.484588623046875 -0.35394287109375
-0.187789916992187 0.072235107421875 0.65960693359375 -0.07421875
-0.17572021484375 -0.0927886962890625 0.50396728515625 0.224334716796875
-0.0933837890625 -0.31549072265625 -0.241607666015625 -0.0717315673828125
-0.2083740234375 -0.226516723632813 -0.48345947265625 -0.323883056640625
-0.284698486328125 -0.013946533203125 -0.63885498046875 -0.0299072265625001
-0.17095947265625 0.192047119140625 -0.448577880859375 0.326629638671875
0.0180816650390625 0.227859497070313 -0.079376220703125 0.344940185546875
0.18310546875 0.13201904296875 0.152175903320313 0.160491943359375
0.21514892578125 -0.0126800537109375 0.1607666015625 -0.0315399169921875
0.192764282226562 -0.042510986328125 0.0355072021484375 -0.107925415039063
0.21435546875 -0.0551300048828125 -0.090728759765625 -0.151947021484375
0.226531982421875 -0.0156707763671875 -0.112579345703125 -0.247817993164063
0.201278686523438 0.09515380859375 -0.103240966796875 -0.339691162109375
0.124984741210938 0.183639526367188 0.0853271484375001 -0.420623779296875
-0.103668212890625 0.22637939453125 0.47369384765625 -0.37823486328125
-0.265853881835937 0.0868072509765625 0.6246337890625 -0.07391357421875
-0.245803833007812 -0.1446533203125 0.453887939453125 0.181915283203125
-0.143646240234375 -0.332489013671875 -0.2713623046875 -0.174774169921875
-0.26556396484375 -0.197235107421875 -0.52215576171875 -0.356109619140625
-0.29669189453125 0.0522766113281249 -0.6319580078125 -0.0197143554687501
-0.135757446289062 0.236419677734375 -0.425872802734375 0.290557861328125
0.0655517578125 0.229782104492187 -0.1075439453125 0.2933349609375
0.2177734375 0.1038818359375 0.080291748046875 0.142135620117188
0.224639892578125 -0.04144287109375 0.0842437744140625 -0.00583648681640625
0.20318603515625 -0.063323974609375 -0.0259132385253906 -0.0619544982910156
0.232940673828125 -0.0758209228515625 -0.150436401367187 -0.110153198242188
0.251358032226563 -0.0200042724609375 -0.173736572265625 -0.234481811523437
0.222335815429687 0.1165771484375 -0.1505126953125 -0.35552978515625
0.123062133789063 0.217178344726563 0.0760498046875 -0.447540283203125
-0.148666381835937 0.240798950195313 0.481689453125 -0.37188720703125
-0.314849853515625 0.0594482421875 0.57861328125 -0.04620361328125
-0.26654052734375 -0.200820922851562 0.374969482421875 0.126678466796875
-0.176971435546875 -0.2841796875 -0.331695556640625 -0.257598876953125
-0.278427124023438 -0.119155883789062 -0.5787353515625 -0.33734130859375
-0.2425537109375 0.116256713867187 -0.61651611328125 0.0252075195312501
-0.0649566650390625 0.23394775390625 -0.39825439453125 0.27459716796875
0.104141235351563 0.185714721679688 -0.1307373046875 0.263046264648438
0.214370727539062 0.0533599853515625 0.017578125 0.143905639648438
0.199325561523437 -0.0656890869140625 0.0173492431640625 0.0354499816894531
0.182861328125 -0.0755157470703125 -0.08258056640625 -0.00694274902343752
0.217178344726562 -0.08319091796875 -0.20928955078125 -0.0670318603515625
0.237747192382813 -0.01287841796875 -0.2335205078125 -0.224838256835938
0.200851440429688 0.129974365234375 -0.18035888671875 -0.3800048828125
0.0857696533203125 0.218124389648437 0.09344482421875 -0.472900390625
-0.185943603515625 0.197433471679687 0.508636474609375 -0.338836669921875
-0.31048583984375 -0.00421142578124998 0.529052734375 -0.00653076171875
-0.230606079101563 -0.242996215820312 0.299285888671875 0.052825927734375
-0.16632080078125 -0.19903564453125 -0.411468505859375 -0.30194091796875
-0.231231689453125 -0.0428466796875 -0.6331787109375 -0.27105712890625
-0.148544311523438 0.135604858398438 -0.5858154296875 0.0976562500000001
6.10351562500045E-05 0.180099487304688 -0.36572265625 0.28277587890625
0.111846923828125 0.113014221191406 -0.1405029296875 0.25823974609375
0.17120361328125 0.00250244140625 -0.0235595703125 0.16705322265625
0.14556884765625 -0.0750885009765625 -0.0273284912109375 0.0861358642578125
0.136383056640625 -0.0799713134765625 -0.12542724609375 0.0477676391601562
0.169876098632813 -0.079925537109375 -0.256866455078125 -0.0344543457031251
0.187423706054688 -0.008392333984375 -0.278045654296875 -0.230209350585937
0.149383544921875 0.115554809570313 -0.179351806640625 -0.416900634765625
0.0396575927734375 0.176177978515625 0.144287109375 -0.485382080078125
-0.181243896484375 0.115020751953125 0.548248291015625 -0.278350830078125
-0.244903564453125 -0.0678863525390625 0.48748779296875 0.027313232421875
-0.15118408203125 -0.245223999023437 0.248519897460938 -0.0326080322265625
-0.106864929199219 -0.103736877441406 -0.483428955078125 -0.304840087890625
-0.140640258789063 -0.00502014160156248 -0.6707763671875 -0.1766357421875
-0.0564346313476563 0.09759521484375 -0.538482666015625 0.182525634765625
0.0290985107421875 0.0921478271484375 -0.3203125 0.30914306640625
0.0757369995117188 0.0397262573242188 -0.126556396484375 0.269561767578125
0.0950851440429688 -0.0281448364257813 -0.0335540771484375 0.196853637695313
0.0720977783203125 -0.066558837890625 -0.045654296875 0.135055541992187
0.0700454711914063 -0.07440185546875 -0.147781372070313 0.09381103515625
0.0956573486328125 -0.0713729858398438 -0.287017822265625 -0.01409912109375
0.110450744628906 -0.0204544067382812 -0.299163818359375 -0.241729736328125
0.0907974243164063 0.06451416015625 -0.143096923828125 -0.448822021484375
0.020233154296875 0.0974273681640625 0.222320556640625 -0.478515625
-0.117881774902344 0.041168212890625 0.59100341796875 -0.20025634765625
-0.134193420410156 -0.082489013671875 0.46923828125 0.05804443359375
-0.059539794921875 -0.188629150390625 0.235260009765625 -0.106689453125
-0.0132694244384766 -0.0205612182617188 -0.53057861328125 -0.281280517578125
-0.0354690551757813 -0.0142402648925781 -0.677734375 -0.0794067382812499
0.00781631469726562 0.0197887420654297 -0.481964111328125 0.260955810546875
0.0156078338623047 0.000164985656738281 -0.26751708984375 0.344818115234375
0.0105209350585938 -0.0181808471679688 -0.0908203125 0.28662109375
0.00460433959960937 -0.0331039428710938 -0.0154266357421875 0.220870971679688
-0.00683212280273437 -0.0413665771484375 -0.0379791259765625 0.170761108398438
-0.00520706176757813 -0.0601577758789062 -0.146774291992188 0.125381469726563
0.00741958618164063 -0.0626564025878906 -0.289093017578125 -0.00274658203125006
0.0266532897949219 -0.0544357299804687 -0.290374755859375 -0.253936767578125
0.0503082275390625 -0.0139808654785156 -0.085174560546875 -0.458404541015625
0.0472183227539063 0.0138397216796875 0.304168701171875 -0.444000244140625
-0.0130767822265625 0.0181140899658203 0.62884521484375 -0.10791015625
-0.0239067077636719 -0.0239963531494141 0.4720458984375 0.100677490234375
0.00936126708984376 -0.0752334594726563 0.250045776367187 -0.14483642578125
-0.0181732177734375 -0.1092529296875 -0.209243774414063 0.106613159179688
-0.0823593139648438 -0.0982131958007813 -0.467132568359375 -0.1966552734375
-0.130622863769531 -0.0162811279296875 -0.65032958984375 0.0693359375000001
-0.09063720703125 0.07958984375 -0.43389892578125 0.46002197265625
-0.0190505981445313 0.116218566894531 0.0148010253906249 0.45648193359375
0.0642318725585938 0.0950775146484375 0.29638671875 0.197174072265625
0.11163330078125 0.0228042602539063 0.294219970703125 -0.06787109375
0.0982589721679688 -0.00030517578125 0.13909912109375 -0.173568725585938
0.103981018066406 -0.00189208984375 0.0129241943359375 -0.2152099609375
0.101737976074219 0.0141677856445313 0.00259399414062502 -0.268951416015625
0.0792083740234375 0.0485916137695312 0.019927978515625 -0.325592041015625
0.0526885986328125 0.077392578125 0.1724853515625 -0.36553955078125
-0.0291976928710938 0.0974349975585938 0.517913818359375 -0.321319580078125
-0.0905227661132813 0.0457534790039063 0.7000732421875 -0.0684814453125
-0.0829391479492188 -0.034271240234375 0.557830810546875 0.239715576171875
-0.05999755859375 -0.24285888671875 -0.236663818359375 0.0425872802734375
-0.153564453125 -0.19012451171875 -0.480316162109375 -0.2586669921875
-0.236343383789063 -0.033721923828125 -0.658447265625 0.00500488281249989
-0.159088134765625 0.147384643554687 -0.4620361328125 0.39752197265625
-0.0057220458984375 0.198043823242188 -0.03790283203125 0.417083740234375
0.143234252929688 0.130142211914063 0.235214233398438 0.186309814453125
0.18621826171875 0.003173828125 0.241439819335938 -0.057708740234375
0.163116455078125 -0.02813720703125 0.096588134765625 -0.153915405273437
0.1776123046875 -0.03985595703125 -0.033721923828125 -0.191986083984375
0.18414306640625 -0.0096588134765625 -0.0529022216796875 -0.262100219726563
0.161636352539063 0.073822021484375 -0.048980712890625 -0.3316650390625
0.106063842773438 0.142669677734375 0.113525390625 -0.39813232421875
-0.0642547607421875 0.185516357421875 0.483978271484375 -0.3809814453125
-0.196975708007813 0.0886993408203125 0.6795654296875 -0.10589599609375
-0.193511962890625 -0.087890625 0.546539306640625 0.20965576171875
-0.111175537109375 -0.32672119140625 -0.252853393554688 -0.05865478515625
-0.228347778320313 -0.228378295898438 -0.503997802734375 -0.321380615234375
-0.30511474609375 -0.00372314453125003 -0.65997314453125 -0.0199584960937501
-0.177383422851562 0.212966918945313 -0.454559326171875 0.349273681640625
0.0281982421875 0.245697021484375 -0.071868896484375 0.35968017578125
0.20599365234375 0.133834838867188 0.163650512695313 0.16082763671875
0.231765747070313 -0.0241546630859375 0.16693115234375 -0.042022705078125
0.203231811523438 -0.056304931640625 0.0367279052734375 -0.117401123046875
0.227142333984375 -0.073150634765625 -0.0933074951171875 -0.153350830078125
0.245025634765625 -0.028656005859375 -0.118438720703125 -0.248764038085938
0.221359252929687 0.0955352783203125 -0.115020751953125 -0.340606689453125
0.141082763671875 0.193740844726563 0.075164794921875 -0.4290771484375
-0.101028442382812 0.248092651367188 0.471771240234375 -0.407501220703125
-0.2801513671875 0.10736083984375 0.6451416015625 -0.10455322265625
-0.269546508789063 -0.141616821289063 0.490081787109375 0.167449951171875
-0.16461181640625 -0.34222412109375 -0.290924072265625 -0.1646728515625
-0.28839111328125 -0.19677734375 -0.547821044921875 -0.3514404296875
-0.317047119140625 0.066497802734375 -0.65289306640625 -0.00848388671874988
-0.138961791992188 0.260482788085938 -0.428802490234375 0.309417724609375
0.0799102783203125 0.24822998046875 -0.102294921875 0.305694580078125
0.242919921875 0.103103637695313 0.086822509765625 0.1436767578125
0.241897583007813 -0.0547637939453125 0.0861129760742188 -0.0111465454101563
0.21484375 -0.0780029296875 -0.0263938903808594 -0.0639266967773438
0.247970581054688 -0.0948944091796875 -0.154449462890625 -0.10479736328125
0.272811889648438 -0.0325469970703125 -0.184585571289062 -0.230865478515625
0.245437622070312 0.118896484375 -0.1669921875 -0.355712890625
0.139419555664063 0.230880737304687 0.063201904296875 -0.458831787109375
-0.14947509765625 0.264572143554688 0.483245849609375 -0.399322509765625
-0.332366943359375 0.0802001953124999 0.5986328125 -0.06903076171875
-0.293609619140625 -0.199066162109375 0.402557373046875 0.11212158203125
-0.197235107421875 -0.2918701171875 -0.36181640625 -0.249359130859375
-0.299163818359375 -0.114715576171875 -0.6121826171875 -0.32763671875
-0.257949829101563 0.13092041015625 -0.63482666015625 0.0433349609375001
-0.0655670166015625 0.25665283203125 -0.401458740234375 0.29205322265625
0.118896484375 0.200241088867188 -0.127716064453125 0.274276733398438
0.23822021484375 0.05047607421875 0.0195465087890625 0.148330688476562
0.214889526367188 -0.0782623291015625 0.0155296325683594 0.0356330871582031
0.19403076171875 -0.0893707275390625 -0.0855331420898437 -0.00301361083984377
0.231613159179687 -0.099700927734375 -0.216400146484375 -0.055816650390625
0.25811767578125 -0.023712158203125 -0.249114990234375 -0.217849731445313
0.222579956054687 0.1348876953125 -0.201690673828125 -0.3817138671875
0.0972137451171875 0.2327880859375 0.08111572265625 -0.48675537109375
-0.191818237304688 0.218978881835938 0.514556884765625 -0.36334228515625
-0.329803466796875 0.0114440917968751 0.54644775390625 -0.0252685546875
-0.257080078125 -0.245620727539062 0.31689453125 0.03814697265625
-0.181228637695312 -0.203628540039063 -0.449676513671875 -0.292755126953125
-0.246490478515625 -0.03857421875 -0.66943359375 -0.255615234375
-0.1595458984375 0.147994995117188 -0.599365234375 0.1173095703125
0.00091552734374999 0.196929931640625 -0.366790771484375 0.29840087890625
0.123588562011719 0.123359680175781 -0.13995361328125 0.267547607421875
0.190505981445312 -0.0009307861328125 -0.024078369140625 0.172882080078125
0.157546997070313 -0.0863189697265625 -0.0319900512695313 0.0908660888671875
0.144744873046875 -0.0906219482421875 -0.130256652832031 0.0575103759765625
0.181106567382813 -0.0926971435546875 -0.267608642578125 -0.0189971923828125
0.203903198242188 -0.0150909423828125 -0.29925537109375 -0.220794677734375
0.165206909179688 0.1219482421875 -0.20428466796875 -0.42236328125
0.04498291015625 0.18780517578125 0.13623046875 -0.504425048828125
-0.189315795898438 0.129638671875 0.55908203125 -0.3017578125
-0.262054443359375 -0.059539794921875 0.5006103515625 0.01483154296875
-0.172210693359375 -0.252593994140625 0.255279541015625 -0.0480499267578125
-0.113258361816406 -0.107147216796875 -0.52838134765625 -0.2939453125
-0.150894165039063 -0.00222778320312503 -0.704345703125 -0.15435791015625
-0.0630645751953125 0.103874206542969 -0.54608154296875 0.20263671875
0.0285491943359375 0.102996826171875 -0.320404052734375 0.323516845703125
0.0828094482421875 0.0461044311523438 -0.12744140625 0.278732299804688
0.108161926269531 -0.0298309326171875 -0.0364532470703125 0.204940795898438
0.0804519653320313 -0.0726165771484375 -0.0514678955078125 0.14337158203125
0.0741195678710938 -0.0798492431640625 -0.153717041015625 0.10693359375
0.101875305175781 -0.0785598754882813 -0.300506591796875 0.00384521484375006
0.1202392578125 -0.0242462158203125 -0.32293701171875 -0.234130859375
0.098876953125 0.0702972412109375 -0.16741943359375 -0.456756591796875
0.0219497680664063 0.103302001953125 0.217010498046875 -0.500946044921875
-0.12335205078125 0.0462570190429688 0.6053466796875 -0.21954345703125
-0.144927978515625 -0.0797576904296875 0.480499267578125 0.049346923828125
-0.0718994140625 -0.195632934570313 0.23626708984375 -0.125244140625
-0.00878715515136719 -0.0239830017089844 -0.5770263671875 -0.26763916015625
-0.0398101806640625 -0.0159263610839844 -0.70819091796875 -0.0524902343750002
0.00351715087890625 0.0186328887939453 -0.48468017578125 0.282501220703125
0.0115861892700195 0.00399875640869141 -0.263092041015625 0.35565185546875
0.0104265213012695 -0.0132408142089844 -0.0909423828125 0.294647216796875
0.00883102416992188 -0.0317230224609375 -0.0176544189453125 0.229629516601562
-0.00420379638671875 -0.0408172607421875 -0.0421295166015625 0.181198120117188
-0.00734329223632812 -0.0618476867675781 -0.151962280273438 0.140594482421875
0.00571441650390625 -0.0645751953125 -0.3048095703125 0.015167236328125
0.027557373046875 -0.0556526184082031 -0.316162109375 -0.246063232421875
0.0515670776367188 -0.0138053894042969 -0.106781005859375 -0.46978759765625
0.0485954284667969 0.0122756958007812 0.302093505859375 -0.466827392578125
-0.0117034912109375 0.0181446075439453 0.64605712890625 -0.12213134765625
-0.0252265930175781 -0.0226516723632812 0.48248291015625 0.0933837890625
0.00710296630859375 -0.0799560546875 0.247909545898437 -0.167404174804687
-0.0250778198242188 -0.11444091796875 -0.202102661132813 0.131454467773438
-0.0929794311523437 -0.093292236328125 -0.48431396484375 -0.18096923828125
-0.141677856445313 -0.00744628906249999 -0.66766357421875 0.09722900390625
-0.093109130859375 0.0908584594726563 -0.4232177734375 0.4990234375
-0.0108489990234375 0.126785278320313 0.04315185546875 0.473419189453125
0.0786285400390625 0.0952606201171875 0.32122802734375 0.184295654296875
0.119148254394531 0.013397216796875 0.303619384765625 -0.09832763671875
0.100242614746094 -0.00936126708984375 0.136764526367188 -0.197769165039063
0.106796264648438 -0.0135345458984375 0.00738525390625002 -0.227767944335937
0.10784912109375 0.003875732421875 -0.00437927246093751 -0.277557373046875
0.0874786376953125 0.0434494018554688 0.00802612304687499 -0.33154296875
0.0626983642578125 0.0760726928710937 0.15863037109375 -0.377899169921875
-0.01947021484375 0.105506896972656 0.506134033203125 -0.36346435546875
-0.0913162231445312 0.0598678588867188 0.71746826171875 -0.12420654296875
-0.092864990234375 -0.0267333984375 0.61029052734375 0.20379638671875
-0.0802459716796875 -0.250335693359375 -0.237045288085937 0.0688934326171875
-0.174331665039063 -0.18597412109375 -0.501220703125 -0.24053955078125
-0.255401611328125 -0.018096923828125 -0.678466796875 0.0316162109375001
-0.161331176757813 0.168960571289062 -0.4547119140625 0.436126708984375
0.00939941406249998 0.213821411132813 -0.012176513671875 0.434844970703125
0.16693115234375 0.126632690429688 0.257415771484375 0.17645263671875
0.199478149414063 -0.013702392578125 0.24957275390625 -0.0828094482421875
0.168472290039063 -0.0453643798828125 0.094970703125 -0.172943115234375
0.184463500976563 -0.060455322265625 -0.03887939453125 -0.198989868164063
0.197555541992188 -0.0283203125 -0.06201171875 -0.266372680664063
0.179702758789063 0.0661468505859375 -0.06500244140625 -0.3321533203125
0.124984741210938 0.144790649414063 0.0961608886718751 -0.408050537109375
-0.0533294677734375 0.203125 0.467529296875 -0.422882080078125
-0.201553344726563 0.11370849609375 0.6949462890625 -0.1614990234375
-0.214828491210938 -0.075469970703125 0.5968017578125 0.171142578125
-0.141082763671875 -0.33367919921875 -0.263763427734375 -0.0356903076171875
-0.255599975585938 -0.220504760742188 -0.532806396484375 -0.301788330078125
-0.32672119140625 0.01727294921875 -0.682861328125 0.00878906250000002
-0.176513671875 0.241729736328125 -0.4483642578125 0.38421630859375
0.0501861572265625 0.264114379882813 -0.051025390625 0.377838134765625
0.23583984375 0.126983642578125 0.180618286132813 0.155914306640625
0.248031616210938 -0.045867919921875 0.170745849609375 -0.059112548828125
0.211868286132812 -0.0773468017578125 0.0346298217773438 -0.128181457519531
0.238204956054688 -0.09991455078125 -0.098175048828125 -0.15234375
0.262344360351563 -0.0518035888671875 -0.130569458007812 -0.24615478515625
0.2474365234375 0.0871124267578125 -0.1351318359375 -0.337738037109375
0.165313720703125 0.199920654296875 0.052337646484375 -0.43829345703125
-0.089111328125 0.273208618164063 0.45562744140625 -0.449188232421875
-0.289459228515625 0.1395263671875 0.657958984375 -0.15509033203125
-0.29986572265625 -0.126678466796875 0.532867431640625 0.13214111328125
-0.19757080078125 -0.347442626953125 -0.314849853515625 -0.142852783203125
-0.3175048828125 -0.185516357421875 -0.584716796875 -0.3289794921875
-0.3360595703125 0.0924377441406249 -0.67425537109375 0.0250244140625
-0.132232666015625 0.291290283203125 -0.423797607421875 0.343963623046875
0.10455322265625 0.263870239257812 -0.0863037109375 0.321624755859375
0.274002075195313 0.091644287109375 0.0984954833984375 0.143310546875
0.258743286132813 -0.0792236328125 0.087432861328125 -0.0196151733398438
0.2239990234375 -0.100921630859375 -0.0290260314941406 -0.066192626953125
0.259765625 -0.124298095703125 -0.16058349609375 -0.0948028564453126
0.29376220703125 -0.05767822265625 -0.201004028320312 -0.221969604492188
0.275390625 0.112014770507813 -0.19354248046875 -0.349273681640625
0.165939331054687 0.239990234375 0.03790283203125 -0.47003173828125
-0.14117431640625 0.295013427734375 0.4691162109375 -0.44232177734375
-0.34710693359375 0.1136474609375 0.61419677734375 -0.11273193359375
-0.32904052734375 -0.18634033203125 0.433563232421875 0.082427978515625
-0.2275390625 -0.2930908203125 -0.39886474609375 -0.225799560546875
-0.325164794921875 -0.100250244140625 -0.6534423828125 -0.2957763671875
-0.271377563476562 0.156036376953125 -0.65185546875 0.0783691406249999
-0.056243896484375 0.283782958984375 -0.3939208984375 0.3231201171875
0.143157958984375 0.21240234375 -0.11602783203125 0.288665771484375
0.265731811523438 0.0369720458984375 0.0269927978515625 0.152297973632813
0.228622436523438 -0.101409912109375 0.0146141052246094 0.0360145568847656
0.202285766601563 -0.110565185546875 -0.0887069702148437 0.00466156005859376
0.24334716796875 -0.127029418945313 -0.223541259765625 -0.0371551513671875
0.279144287109375 -0.045440673828125 -0.27044677734375 -0.202911376953125
0.251419067382813 0.131637573242187 -0.23516845703125 -0.37640380859375
0.119369506835938 0.245315551757813 0.0548095703125 -0.50457763671875
-0.189605712890625 0.247711181640625 0.50726318359375 -0.406951904296875
-0.349365234375 0.0408630371093751 0.56109619140625 -0.058746337890625
-0.292694091796875 -0.238311767578125 0.33477783203125 0.012542724609375
-0.203125 -0.204238891601563 -0.497406005859375 -0.26416015625
-0.265945434570313 -0.0257415771484375 -0.71087646484375 -0.21502685546875
-0.165802001953125 0.16754150390625 -0.60821533203125 0.15545654296875
0.010040283203125 0.216476440429688 -0.358642578125 0.324127197265625
0.142486572265625 0.131698608398438 -0.13128662109375 0.281463623046875
0.21112060546875 -0.0134735107421875 -0.019195556640625 0.181060791015625
0.167648315429688 -0.105712890625 -0.0334854125976562 0.09942626953125
0.149765014648438 -0.106643676757813 -0.132186889648438 0.07220458984375
0.190200805664063 -0.11309814453125 -0.277938842773438 0.00703430175781255
0.221267700195313 -0.031158447265625 -0.3255615234375 -0.201904296875
0.187652587890625 0.122894287109375 -0.24139404296875 -0.41693115234375
0.05908203125 0.199920654296875 0.10992431640625 -0.527191162109375
-0.192947387695313 0.151779174804687 0.558990478515625 -0.343475341796875
-0.281219482421875 -0.04046630859375 0.51483154296875 -0.01141357421875
-0.202072143554688 -0.251846313476562 0.259780883789063 -0.072601318359375
-0.12335205078125 -0.108596801757812 -0.58306884765625 -0.25982666015625
-0.162124633789062 0.00567626953125 -0.74261474609375 -0.10675048828125
-0.0668792724609375 0.114189147949219 -0.54693603515625 0.2412109375
0.0323104858398438 0.1142578125 -0.309051513671875 0.345672607421875
0.0933303833007812 0.0514373779296875 -0.118896484375 0.291290283203125
0.121009826660156 -0.0377655029296875 -0.0326690673828125 0.215087890625
0.086517333984375 -0.0836715698242188 -0.051544189453125 0.15692138671875
0.0751419067382813 -0.0890579223632813 -0.155517578125 0.127197265625
0.105804443359375 -0.0905914306640625 -0.3131103515625 0.033538818359375
0.130271911621094 -0.031463623046875 -0.35357666015625 -0.21319580078125
0.111129760742187 0.0721282958984375 -0.20672607421875 -0.4586181640625
0.026824951171875 0.109413146972656 0.195770263671875 -0.53033447265625
-0.127777099609375 0.0575637817382813 0.61468505859375 -0.25726318359375
-0.15771484375 -0.071929931640625 0.492034912109375 0.02801513671875
-0.0913238525390625 -0.201644897460938 0.230850219726563 -0.15264892578125
-0.00560379028320312 -0.0288410186767578 -0.63372802734375 -0.229736328125
-0.0449600219726563 -0.0151519775390625 -0.7412109375 -0.000976562499999943
-0.00116539001464844 0.0190219879150391 -0.476654052734375 0.31781005859375
0.00806045532226563 0.0087285041809082 -0.25054931640625 0.375823974609375
0.0110893249511719 -0.00772285461425781 -0.0826416015625 0.305633544921875
0.0137557983398437 -0.0316848754882813 -0.0142822265625 0.24041748046875
-0.00218582153320312 -0.0425453186035156 -0.041259765625 0.1962890625
-0.0109977722167969 -0.0622329711914063 -0.153182983398438 0.162200927734375
0.00300598144531251 -0.0667762756347656 -0.3182373046875 0.045074462890625
0.0275382995605469 -0.0580635070800781 -0.348541259765625 -0.2265625
0.0530509948730469 -0.0155906677246094 -0.143218994140625 -0.4759521484375
0.0498008728027344 0.008544921875 0.286346435546875 -0.49884033203125
-0.0102043151855469 0.0183696746826172 0.6591796875 -0.15814208984375
-0.0268821716308594 -0.0210914611816406 0.493194580078125 0.073883056640625
0.00180053710937499 -0.0853195190429688 0.238357543945313 -0.196243286132813
-0.0345458984375 -0.115966796875 -0.18408203125 0.157867431640625
-0.101875305175781 -0.0848236083984375 -0.490478515625 -0.152374267578125
-0.14849853515625 0.00558471679687499 -0.66937255859375 0.13690185546875
-0.0905838012695312 0.102882385253906 -0.391082763671875 0.5345458984375
0.00191497802734374 0.133781433105469 0.083587646484375 0.477264404296875
0.0934295654296875 0.0883712768554688 0.3427734375 0.15655517578125
0.124488830566406 -4.57763671875E-05 0.301025390625 -0.134368896484375
0.0989227294921875 -0.0199661254882813 0.124481201171875 -0.220809936523438
0.106147766113281 -0.0264968872070313 -0.00360107421875 -0.237701416015625
0.111099243164062 -0.0105667114257813 -0.0164794921875 -0.281112670898438
0.0950393676757813 0.0344696044921875 -0.00930786132812501 -0.32861328125
0.0737152099609375 0.0704879760742188 0.13494873046875 -0.383056640625
-0.00608062744140626 0.110260009765625 0.472686767578125 -0.401611328125
-0.0870895385742188 0.0745315551757813 0.7122802734375 -0.18951416015625
-0.100082397460937 -0.0146865844726563 0.65228271484375 0.1448974609375
-0.10552978515625 -0.249191284179687 -0.227081298828125 0.0985870361328124
-0.193923950195313 -0.171722412109375 -0.512969970703125 -0.207305908203125
-0.268157958984375 0.00538635253906254 -0.68438720703125 0.0735473632812499
-0.154586791992188 0.19256591796875 -0.42626953125 0.473724365234375
0.0323333740234375 0.223968505859375 0.025146484375 0.443511962890625
0.19171142578125 0.113021850585938 0.278091430664062 0.15582275390625
0.207382202148438 -0.0372161865234375 0.248641967773438 -0.1129150390625
0.169189453125 -0.06683349609375 0.08599853515625 -0.192062377929688
0.1849365234375 -0.0853424072265625 -0.0470123291015625 -0.203872680664063
0.203842163085937 -0.0528564453125 -0.0733184814453125 -0.2637939453125
0.196792602539063 0.0509033203125 -0.08465576171875 -0.323089599609375
0.14556884765625 0.138519287109375 0.06817626953125 -0.408355712890625
-0.0344696044921875 0.218399047851563 0.429473876953125 -0.461822509765625
-0.197296142578125 0.141921997070313 0.6868896484375 -0.22760009765625
-0.232101440429688 -0.0528106689453125 0.636474609375 0.11126708984375
-0.175445556640625 -0.329345703125 -0.26641845703125 -0.00466918945312507
-0.281021118164063 -0.20037841796875 -0.553253173828125 -0.263916015625
-0.339630126953125 0.0489196777343751 -0.68902587890625 0.05316162109375
-0.164169311523438 0.271224975585938 -0.42364501953125 0.421051025390625
0.07958984375 0.2738037109375 -0.01922607421875 0.385101318359375
0.264495849609375 0.106948852539063 0.197555541992188 0.141006469726563
0.257522583007813 -0.0760498046875 0.16937255859375 -0.0791015625
0.213851928710938 -0.103973388671875 0.0275726318359375 -0.138565063476563
0.239349365234375 -0.132827758789063 -0.103378295898438 -0.147979736328125
0.272293090820313 -0.083709716796875 -0.143280029296875 -0.237747192382813
0.27166748046875 0.0678558349609375 -0.158905029296875 -0.322296142578125
0.192825317382813 0.196014404296875 0.02178955078125 -0.436767578125
-0.067169189453125 0.295257568359375 0.4163818359375 -0.488311767578125
-0.286712646484375 0.176727294921875 0.64996337890625 -0.215576171875
-0.32513427734375 -0.099212646484375 0.564697265625 0.07733154296875
-0.2352294921875 -0.33837890625 -0.331512451171875 -0.108642578125
-0.34356689453125 -0.160247802734375 -0.61248779296875 -0.28411865234375
-0.344207763671875 0.126708984375 -0.67730712890625 0.0725708007812499
-0.113677978515625 0.319854736328125 -0.39984130859375 0.376739501953125
0.137161254882812 0.270797729492188 -0.060882568359375 0.329986572265625
0.302398681640625 0.0672607421875 0.111068725585938 0.135780334472656
0.266311645507812 -0.1121826171875 0.0854644775390625 -0.0287551879882813
0.2257080078125 -0.128936767578125 -0.0332450866699219 -0.0665283203125
0.261001586914063 -0.159210205078125 -0.162506103515625 -0.081207275390625
0.305694580078125 -0.09234619140625 -0.2158203125 -0.204071044921875
0.303680419921875 0.092742919921875 -0.220916748046875 -0.329559326171875
0.196533203125 0.2401123046875 0.002899169921875 -0.470306396484375
-0.12017822265625 0.32281494140625 0.435150146484375 -0.481964111328125
-0.349334716796875 0.155242919921875 0.60809326171875 -0.1656494140625
-0.3609619140625 -0.1583251953125 0.454864501953125 0.03790283203125
-0.260772705078125 -0.281585693359375 -0.428466796875 -0.18408203125
-0.345947265625 -0.0743408203125 -0.6837158203125 -0.24139404296875
-0.274017333984375 0.18670654296875 -0.6490478515625 0.12713623046875
-0.035736083984375 0.3077392578125 -0.371002197265625 0.35198974609375
0.173248291015625 0.21478271484375 -0.09442138671875 0.29730224609375
0.289642333984375 0.0120849609375 0.0371246337890625 0.1510009765625
0.234817504882813 -0.131576538085938 0.0135841369628906 0.0365562438964844
0.203964233398438 -0.136199951171875 -0.088348388671875 0.0137100219726562
0.244964599609375 -0.159332275390625 -0.224624633789062 -0.012908935546875
0.292236328125 -0.07598876953125 -0.287689208984375 -0.175811767578125
0.280303955078125 0.117843627929688 -0.269989013671875 -0.353515625
0.147064208984375 0.249923706054687 0.014739990234375 -0.50732421875
-0.175094604492188 0.278045654296875 0.478759765625 -0.4476318359375
-0.358642578125 0.07891845703125 0.560882568359375 -0.102569580078125
-0.32843017578125 -0.215362548828125 0.34326171875 -0.023956298828125
-0.226943969726562 -0.194091796875 -0.538421630859375 -0.2132568359375
-0.27935791015625 -0.00326538085937495 -0.73760986328125 -0.1510009765625
-0.165740966796875 0.189727783203125 -0.59637451171875 0.20263671875
0.026763916015625 0.231781005859375 -0.33477783203125 0.34912109375
0.1649169921875 0.131317138671875 -0.11358642578125 0.290313720703125
0.228057861328125 -0.0340728759765625 -0.011199951171875 0.18524169921875
0.171310424804688 -0.128692626953125 -0.0311737060546875 0.107559204101562
0.150390625 -0.126205444335938 -0.129013061523438 0.08905029296875
0.191680908203125 -0.138397216796875 -0.280166625976563 0.03961181640625
0.2333984375 -0.053466796875 -0.346710205078125 -0.168792724609375
0.211456298828125 0.114913940429687 -0.28070068359375 -0.396392822265625
0.0772247314453125 0.206069946289063 0.070159912109375 -0.53668212890625
-0.188720703125 0.17547607421875 0.53839111328125 -0.386871337890625
-0.2945556640625 -0.012939453125 0.516357421875 -0.04656982421875
-0.235061645507813 -0.239013671875 0.254959106445313 -0.101028442382813
-0.134857177734375 -0.106147766113281 -0.62908935546875 -0.20166015625
-0.17022705078125 0.01995849609375 -0.76361083984375 -0.0349731445312501
-0.0666656494140625 0.125473022460938 -0.5279541015625 0.28460693359375
0.0401458740234375 0.123825073242188 -0.28485107421875 0.365142822265625
0.105720520019531 0.053466796875 -0.10272216796875 0.298980712890625
0.131706237792969 -0.0489273071289062 -0.024444580078125 0.222259521484375
0.0880279541015625 -0.09716796875 -0.0480194091796875 0.169097900390625
0.0727920532226563 -0.0989608764648438 -0.14935302734375 0.1502685546875
0.106254577636719 -0.104240417480469 -0.315673828125 0.0706787109375
0.13726806640625 -0.0440750122070313 -0.378692626953125 -0.178375244140625
0.124984741210938 0.0690689086914063 -0.248443603515625 -0.443328857421875
0.0352020263671875 0.113052368164063 0.158294677734375 -0.548492431640625
-0.127456665039062 0.0709304809570313 0.6004638671875 -0.30279541015625
-0.168014526367187 -0.0570526123046875 0.49114990234375 -0.00341796875
-0.115081787109375 -0.197006225585938 0.213348388671875 -0.179397583007813
-0.00460433959960938 -0.0360870361328125 -0.67889404296875 -0.16461181640625
-0.0502510070800781 -0.0133857727050781 -0.753173828125 0.07171630859375
-0.00650215148925781 0.0197582244873047 -0.449737548828125 0.354644775390625
0.00486946105957031 0.0145835876464844 -0.2239990234375 0.390380859375
0.0139293670654297 -0.00162887573242188 -0.0670166015625 0.309783935546875
0.0182704925537109 -0.0328197479248047 -0.00451660156249998 0.247299194335937
-0.00140380859375 -0.04473876953125 -0.0339813232421875 0.2100830078125
-0.0148696899414062 -0.0616340637207031 -0.145462036132813 0.186065673828125
-0.000144958496093751 -0.0673255920410156 -0.3214111328125 0.0831298828125
0.0256118774414063 -0.059234619140625 -0.375762939453125 -0.19049072265625
0.0530815124511719 -0.0173225402832031 -0.186004638671875 -0.46661376953125
0.0493965148925781 0.00410842895507813 0.2525634765625 -0.523956298828125
-0.00729751586914063 0.0177230834960937 0.6534423828125 -0.20068359375
-0.0276203155517578 -0.0177059173583984 0.492431640625 0.044677734375
-0.0070648193359375 -0.0873870849609375 0.216156005859375 -0.225921630859375
-0.0441970825195313 -0.115104675292969 -0.158340454101563 0.177688598632812
-0.106925964355469 -0.0736083984375 -0.482177734375 -0.12188720703125
-0.15020751953125 0.0199432373046875 -0.652587890625 0.16717529296875
-0.0855178833007813 0.113082885742188 -0.3494873046875 0.55218505859375
0.0161972045898437 0.136627197265625 0.120361328125 0.46612548828125
0.104278564453125 0.0779953002929688 0.3525390625 0.12567138671875
0.123687744140625 -0.0146636962890625 0.287200927734375 -0.166168212890625
0.0944290161132812 -0.0303878784179688 0.10809326171875 -0.238723754882813
0.100555419921875 -0.03863525390625 -0.014404296875 -0.242721557617188
0.108680725097656 -0.0245513916015625 -0.0257720947265625 -0.27935791015625
0.099517822265625 0.024383544921875 -0.021697998046875 -0.31927490234375
0.0821609497070313 0.0618362426757812 0.111724853515625 -0.376861572265625
0.00858306884765624 0.110252380371094 0.426361083984375 -0.42523193359375
-0.078857421875 0.0875625610351563 0.68231201171875 -0.24749755859375
-0.103744506835938 -0.000297546386718734 0.67095947265625 0.07977294921875
-0.127700805664062 -0.241958618164063 -0.206924438476563 0.1263427734375
-0.205673217773437 -0.15142822265625 -0.50653076171875 -0.170135498046875
-0.270721435546875 0.0280914306640625 -0.66876220703125 0.10858154296875
-0.14105224609375 0.212982177734375 -0.388336181640625 0.495758056640625
0.0565948486328125 0.227310180664063 0.06011962890625 0.434112548828125
0.207382202148437 0.0926971435546875 0.289154052734375 0.12896728515625
0.207550048828125 -0.063323974609375 0.23681640625 -0.140335083007813
0.164749145507813 -0.0848236083984375 0.0723724365234375 -0.205459594726562
0.176040649414063 -0.107559204101563 -0.0532684326171875 -0.2030029296875
0.202407836914063 -0.0762176513671875 -0.0809326171875 -0.25799560546875
0.208282470703125 0.03131103515625 -0.09722900390625 -0.306976318359375
0.160110473632813 0.12884521484375 0.044647216796875 -0.396392822265625
-0.0126800537109375 0.222915649414063 0.380157470703125 -0.481292724609375
-0.187210083007813 0.164306640625 0.65643310546875 -0.282958984375
-0.242477416992188 -0.0271759033203126 0.65118408203125 0.044677734375
-0.205078125 -0.31378173828125 -0.257736206054688 0.0265960693359375
-0.297088623046875 -0.173065185546875 -0.55352783203125 -0.2203369140625
-0.34271240234375 0.078948974609375 -0.67364501953125 0.0913085937500001
-0.14520263671875 0.293609619140625 -0.385711669921875 0.439727783203125
0.10888671875 0.274322509765625 0.011749267578125 0.379241943359375
0.284576416015625 0.07977294921875 0.205780029296875 0.122314453125
0.25762939453125 -0.107254028320313 0.161285400390625 -0.09820556640625
0.20751953125 -0.129104614257813 0.0186004638671875 -0.145462036132812
0.229888916015625 -0.161361694335938 -0.103652954101562 -0.141998291015625
0.270050048828125 -0.114944458007813 -0.151290893554687 -0.223236083984375
0.288238525390625 0.045074462890625 -0.171356201171875 -0.29925537109375
0.217086791992188 0.185333251953125 -0.00427246093750003 -0.422760009765625
-0.040191650390625 0.30712890625 0.36651611328125 -0.505615234375
-0.272354125976563 0.209503173828125 0.62255859375 -0.26837158203125
-0.3394775390625 -0.067108154296875 0.57391357421875 0.0174560546875
-0.26580810546875 -0.318878173828125 -0.333892822265625 -0.0706481933593749
-0.35687255859375 -0.1297607421875 -0.61822509765625 -0.23114013671875
-0.342132568359375 0.159027099609375 -0.6597900390625 0.11456298828125
-0.088653564453125 0.340667724609375 -0.365509033203125 0.393585205078125
0.167098999023438 0.267562866210938 -0.03497314453125 0.325653076171875
0.320831298828125 0.036865234375 0.120033264160156 0.12469482421875
0.263961791992188 -0.1444091796875 0.0812911987304688 -0.0372161865234375
0.219879150390625 -0.155105590820313 -0.0358810424804687 -0.0656852722167969
0.253173828125 -0.191818237304688 -0.159805297851563 -0.0660858154296875
0.30560302734375 -0.1259765625 -0.221694946289062 -0.18267822265625
0.325042724609375 0.068328857421875 -0.2371826171875 -0.299530029296875
0.22344970703125 0.230148315429688 -0.0294189453125 -0.455108642578125
-0.09381103515625 0.34112548828125 0.38897705078125 -0.503326416015625
-0.338470458984375 0.192840576171875 0.58453369140625 -0.21124267578125
-0.38037109375 -0.123291015625 0.4588623046875 -0.00906372070312501
-0.285064697265625 -0.260162353515625 -0.4420166015625 -0.136138916015625
-0.35479736328125 -0.045379638671875 -0.6851806640625 -0.18011474609375
-0.269210815429688 0.214462280273438 -0.62591552734375 0.1690673828125
-0.011810302734375 0.32159423828125 -0.339202880859375 0.36669921875
0.200088500976563 0.209213256835938 -0.072906494140625 0.295623779296875
0.303009033203125 -0.018402099609375 0.045989990234375 0.147109985351562
0.232315063476563 -0.161544799804688 0.0128822326660156 0.0367813110351562
0.197357177734375 -0.160018920898438 -0.0866622924804687 0.0233078002929687
0.238525390625 -0.18817138671875 -0.21600341796875 0.00994873046874995
0.294708251953125 -0.106201171875 -0.293731689453125 -0.14581298828125
0.303192138671875 0.09808349609375 -0.291107177734375 -0.319488525390625
0.171600341796875 0.244827270507813 -0.019683837890625 -0.496185302734375
-0.154205322265625 0.29644775390625 0.438262939453125 -0.47296142578125
-0.35406494140625 0.11474609375 0.542144775390625 -0.1414794921875
-0.351165771484375 -0.18377685546875 0.33929443359375 -0.056793212890625
-0.244857788085937 -0.180023193359375 -0.55548095703125 -0.15521240234375
-0.283538818359375 0.018096923828125 -0.73583984375 -0.0810546874999999
-0.158645629882813 0.207794189453125 -0.56884765625 0.2392578125
0.044403076171875 0.244430541992188 -0.301513671875 0.360382080078125
0.185470581054688 0.127212524414063 -0.0948486328125 0.287200927734375
0.236251831054688 -0.0581817626953125 -0.00143432617187497 0.183700561523438
0.167984008789063 -0.1529541015625 -0.0282669067382813 0.115371704101562
0.144317626953125 -0.14227294921875 -0.11993408203125 0.104217529296875
0.18743896484375 -0.161483764648438 -0.269912719726563 0.0681915283203125
0.237899780273437 -0.0769500732421875 -0.353851318359375 -0.132171630859375
0.229827880859375 0.104232788085937 -0.307708740234375 -0.36279296875
0.095123291015625 0.20751953125 0.032440185546875 -0.5286865234375
-0.17578125 0.1939697265625 0.503814697265625 -0.4158935546875
-0.295562744140625 0.015167236328125 0.50018310546875 -0.077423095703125
-0.261383056640625 -0.216140747070313 0.240158081054688 -0.124267578125
-0.142181396484375 -0.100601196289062 -0.64874267578125 -0.13372802734375
-0.175064086914063 0.03106689453125 -0.7548828125 0.0357666015624999
-0.0656356811523438 0.135185241699219 -0.49200439453125 0.3145751953125
0.048431396484375 0.130897521972656 -0.2562255859375 0.370452880859375
0.11810302734375 0.05047607421875 -0.087249755859375 0.294647216796875
0.13726806640625 -0.0637435913085938 -0.0157318115234375 0.224334716796875
0.0863418579101563 -0.113327026367188 -0.0418853759765625 0.179489135742188
0.0702896118164063 -0.107505798339844 -0.139114379882812 0.167434692382813
0.102760314941406 -0.113983154296875 -0.30419921875 0.104278564453125
0.137718200683594 -0.05596923828125 -0.389678955078125 -0.136627197265625
0.13446044921875 0.0627288818359375 -0.280303955078125 -0.41351318359375
0.0438385009765625 0.114677429199219 0.11944580078125 -0.5478515625
-0.124916076660156 0.0812606811523437 0.57373046875 -0.3330078125
-0.172515869140625 -0.0394744873046875 0.474609375 -0.029998779296875
-0.133621215820313 -0.1856689453125 0.189498901367188 -0.196380615234375
-0.002960205078125 -0.0448760986328125 -0.70068359375 -0.0927124023437501
-0.0558052062988281 -0.0115280151367188 -0.73736572265625 0.142578125
-0.00981712341308594 0.0230789184570313 -0.4090576171875 0.3758544921875
0.00315284729003906 0.0214023590087891 -0.195037841796875 0.38916015625
0.0163965225219727 0.00432109832763672 -0.052154541015625 0.303924560546875
0.0223922729492188 -0.03594970703125 0.00456237792968751 0.249557495117188
-0.00191497802734375 -0.0481529235839844 -0.0236663818359375 0.222305297851562
-0.0183181762695312 -0.0596694946289063 -0.131027221679687 0.206695556640625
-0.00167465209960937 -0.066162109375 -0.311370849609375 0.11883544921875
0.02398681640625 -0.061798095703125 -0.38873291015625 -0.15045166015625
0.0540008544921875 -0.0201988220214844 -0.2208251953125 -0.440521240234375
0.0476455688476563 -0.000797271728515625 0.213104248046875 -0.53076171875
-0.00476741790771484 0.0175180435180664 0.63043212890625 -0.234375
-0.0279617309570313 -0.0138111114501953 0.475738525390625 0.019500732421875
-0.0170135498046875 -0.0861892700195313 0.183746337890625 -0.243148803710938
-0.0505218505859375 -0.114372253417969 -0.133010864257813 0.188369750976563
-0.107620239257813 -0.0645980834960938 -0.4661865234375 -0.10333251953125
-0.151275634765625 0.030029296875 -0.63720703125 0.1846923828125
-0.0806045532226563 0.121330261230469 -0.315826416015625 0.555328369140625
0.0273818969726563 0.136222839355469 0.144744873046875 0.44842529296875
0.110786437988281 0.066680908203125 0.354949951171875 0.099212646484375
0.1201171875 -0.0267410278320313 0.272537231445313 -0.19000244140625
0.0891265869140625 -0.0372695922851563 0.0917816162109375 -0.25201416015625
0.0928421020507813 -0.0476226806640625 -0.022247314453125 -0.247695922851562
0.103965759277344 -0.0354080200195313 -0.030517578125 -0.277938842773438
0.100555419921875 0.0143814086914063 -0.026519775390625 -0.308074951171875
0.0871658325195313 0.0540771484375 0.097015380859375 -0.36480712890625
0.0197372436523438 0.107856750488281 0.385589599609375 -0.429779052734375
-0.0698776245117188 0.0980758666992187 0.65106201171875 -0.2862548828125
-0.103157043457031 0.0121383666992188 0.67724609375 0.0238037109375
-0.141448974609375 -0.232559204101563 -0.182601928710938 0.14227294921875
-0.212249755859375 -0.135528564453125 -0.489532470703125 -0.149658203125
-0.272552490234375 0.0486907958984375 -0.65203857421875 0.12506103515625
-0.129531860351563 0.226669311523437 -0.35540771484375 0.498016357421875
0.0753021240234375 0.226058959960937 0.086181640625 0.41748046875
0.220245361328125 0.0739593505859375 0.294403076171875 0.1077880859375
0.2022705078125 -0.082672119140625 0.22650146484375 -0.160598754882813
0.15576171875 -0.0988616943359375 0.059417724609375 -0.21734619140625
0.167999267578125 -0.125839233398438 -0.0556640625 -0.20855712890625
0.196807861328125 -0.0962677001953125 -0.0833282470703125 -0.254150390625
0.214569091796875 0.0150604248046875 -0.09796142578125 -0.289520263671875
0.17608642578125 0.119354248046875 0.029541015625 -0.380950927734375
0.00642395019531251 0.225845336914063 0.336700439453125 -0.482696533203125
-0.173233032226563 0.184097290039063 0.62054443359375 -0.317626953125
-0.244583129882812 -0.00550842285156247 0.654052734375 -0.0107421875
-0.225311279296875 -0.297210693359375 -0.242111206054687 0.0496063232421875
-0.304168701171875 -0.150421142578125 -0.541107177734375 -0.1917724609375
-0.340850830078125 0.104522705078125 -0.65582275390625 0.1116943359375
-0.125030517578125 0.310546875 -0.354949951171875 0.44635009765625
0.13385009765625 0.2713623046875 0.03326416015625 0.367523193359375
0.2972412109375 0.05364990234375 0.211593627929688 0.1058349609375
0.2525634765625 -0.134719848632812 0.152145385742188 -0.11175537109375
0.200347900390625 -0.148635864257813 0.01025390625 -0.152511596679688
0.220062255859375 -0.186477661132813 -0.101524353027344 -0.139671325683594
0.26611328125 -0.141586303710937 -0.150177001953125 -0.213348388671875
0.301361083984375 0.02276611328125 -0.17462158203125 -0.277313232421875
0.235610961914063 0.173858642578125 -0.020233154296875 -0.404815673828125
-0.019073486328125 0.315093994140625 0.32525634765625 -0.5091552734375
-0.258392333984375 0.234481811523438 0.5908203125 -0.29803466796875
-0.345428466796875 -0.0367431640625001 0.57470703125 -0.02960205078125
-0.287017822265625 -0.2987060546875 -0.32745361328125 -0.03887939453125
-0.363433837890625 -0.1036376953125 -0.60699462890625 -0.19427490234375
-0.33673095703125 0.184234619140625 -0.6385498046875 0.13604736328125
-0.06683349609375 0.355316162109375 -0.33660888671875 0.398101806640625
0.19305419921875 0.26153564453125 -0.01715087890625 0.316162109375
0.3319091796875 0.007781982421875 0.123527526855469 0.11309814453125
0.257781982421875 -0.172775268554688 0.0768661499023438 -0.0438003540039063
0.212142944335938 -0.1768798828125 -0.0382461547851562 -0.0663986206054688
0.243072509765625 -0.21875 -0.152481079101563 -0.0579833984375
0.3023681640625 -0.154541015625 -0.21990966796875 -0.165115356445312
0.34112548828125 0.0455322265625 -0.24237060546875 -0.27288818359375
0.24456787109375 0.221420288085938 -0.04522705078125 -0.43804931640625
-0.070648193359375 0.35296630859375 0.351287841796875 -0.506378173828125
-0.324981689453125 0.221893310546875 0.559967041015625 -0.23785400390625
-0.3916015625 -0.0909423828125 0.455413818359375 -0.045745849609375
-0.30352783203125 -0.24078369140625 -0.441436767578125 -0.0921936035156251
-0.358489990234375 -0.0223999023437499 -0.6729736328125 -0.13299560546875
-0.261764526367188 0.234878540039062 -0.599365234375 0.1917724609375
0.00949096679687499 0.335601806640625 -0.311859130859375 0.367645263671875
0.221878051757813 0.201339721679688 -0.0587158203125 0.287445068359375
0.31170654296875 -0.045318603515625 0.0485000610351563 0.140457153320312
0.225494384765625 -0.187698364257813 0.0129890441894531 0.0376510620117187
0.192092895507813 -0.179824829101563 -0.0811920166015625 0.0284576416015625
0.230804443359375 -0.214920043945313 -0.205154418945312 0.0261077880859375
0.294464111328125 -0.13470458984375 -0.290618896484375 -0.120574951171875
0.32110595703125 0.079071044921875 -0.298187255859375 -0.288604736328125
0.192855834960938 0.242019653320313 -0.039947509765625 -0.477996826171875
-0.136077880859375 0.31390380859375 0.404754638671875 -0.48333740234375
-0.345733642578125 0.144622802734375 0.521148681640625 -0.162322998046875
-0.366912841796875 -0.1561279296875 0.32958984375 -0.08294677734375
-0.256942749023438 -0.165267944335938 -0.561920166015625 -0.1019287109375
-0.286102294921875 0.036376953125 -0.7188720703125 -0.03125
-0.156219482421875 0.222579956054688 -0.538787841796875 0.258544921875
0.0603485107421875 0.252227783203125 -0.278472900390625 0.35760498046875
0.202789306640625 0.120437622070312 -0.083038330078125 0.28216552734375
0.24334716796875 -0.0810089111328125 0.00219726562500002 0.182327270507813
0.161880493164063 -0.17291259765625 -0.0242462158203125 0.121078491210937
0.141616821289063 -0.159713745117188 -0.111846923828125 0.114784240722656
0.1817626953125 -0.179443359375 -0.254608154296875 0.0917205810546874
0.23858642578125 -0.096923828125 -0.354156494140625 -0.100830078125
0.2451171875 0.0901641845703125 -0.321044921875 -0.331268310546875
0.110504150390625 0.207717895507813 0.00723266601562501 -0.517425537109375
-0.165786743164062 0.209121704101563 0.476318359375 -0.4263916015625
-0.293487548828125 0.0390625 0.482421875 -0.093505859375
-0.277603149414062 -0.193618774414063 0.224075317382812 -0.140533447265625
-0.15069580078125 -0.0968017578125 -0.65484619140625 -0.0731811523437501
-0.17431640625 0.041473388671875 -0.73211669921875 0.0885009765625002
-0.0645904541015625 0.1422119140625 -0.458038330078125 0.326324462890625
0.0578994750976563 0.139961242675781 -0.2318115234375 0.3629150390625
0.129692077636719 0.05023193359375 -0.078277587890625 0.289398193359375
0.14251708984375 -0.0769195556640625 -0.0113372802734375 0.22503662109375
0.0840377807617188 -0.124465942382813 -0.03326416015625 0.188674926757813
0.0689620971679688 -0.113975524902344 -0.12640380859375 0.183334350585938
0.100723266601562 -0.125801086425781 -0.29052734375 0.132537841796875
0.141448974609375 -0.0666656494140625 -0.388946533203125 -0.10308837890625
0.144119262695312 0.05743408203125 -0.2987060546875 -0.384063720703125
0.0490798950195312 0.11419677734375 0.0903320312499999 -0.542266845703125
-0.118492126464844 0.0900955200195313 0.548309326171875 -0.3448486328125
-0.172622680664063 -0.0268402099609375 0.456939697265625 -0.039642333984375
-0.148147583007812 -0.1744384765625 0.164718627929688 -0.207229614257812
-0.00372314453125 -0.0530433654785156 -0.70489501953125 -0.0305175781249999
-0.0583877563476563 -0.0100936889648438 -0.7132568359375 0.1910400390625
-0.0156269073486328 0.0246906280517578 -0.377471923828125 0.38226318359375
0.00274848937988281 0.0289821624755859 -0.174896240234375 0.378509521484375
0.0238723754882813 0.00764656066894531 -0.04443359375 0.296783447265625
0.0272750854492188 -0.0382156372070313 0.00506591796874998 0.25018310546875
-0.00137710571289062 -0.0506629943847656 -0.01806640625 0.231658935546875
-0.0168800354003906 -0.0578346252441406 -0.119171142578125 0.222076416015625
-0.00216293334960938 -0.065887451171875 -0.29925537109375 0.147674560546875
0.0222587585449219 -0.0608024597167969 -0.391204833984375 -0.115081787109375
0.0542945861816406 -0.0200233459472656 -0.239593505859375 -0.416839599609375
0.0455436706542969 -0.001556396484375 0.184051513671875 -0.52923583984375
-0.00395679473876953 0.0163812637329102 0.608642578125 -0.250732421875
-0.0248699188232422 -0.00994491577148438 0.454986572265625 0.0081787109375
-0.0210189819335937 -0.08502197265625 0.155471801757813 -0.252243041992188
-0.0585784912109375 -0.115814208984375 -0.108734130859375 0.197235107421875
-0.108352661132813 -0.058380126953125 -0.451690673828125 -0.09710693359375
-0.152664184570313 0.03875732421875 -0.62982177734375 0.19085693359375
-0.07757568359375 0.129280090332031 -0.29840087890625 0.559234619140625
0.037750244140625 0.136405944824219 0.163238525390625 0.43682861328125
0.116287231445313 0.0570907592773438 0.35772705078125 0.079193115234375
0.116485595703125 -0.0362319946289063 0.259689331054688 -0.211929321289062
0.0840225219726562 -0.043365478515625 0.078155517578125 -0.265106201171875
0.087005615234375 -0.0542373657226562 -0.0281982421875 -0.25714111328125
0.0984573364257812 -0.0447006225585937 -0.03173828125 -0.282257080078125
0.102302551269531 0.00562286376953125 -0.024169921875 -0.302032470703125
0.0914154052734375 0.0473480224609375 0.092193603515625 -0.35546875
0.0289993286132812 0.105567932128906 0.3563232421875 -0.433197021484375
-0.0613632202148438 0.107734680175781 0.6265869140625 -0.31390380859375
-0.1031494140625 0.0239334106445313 0.68585205078125 -0.0240478515625
-0.157012939453125 -0.226806640625 -0.160903930664063 0.156768798828125
-0.216842651367188 -0.123046875 -0.47283935546875 -0.137359619140625
-0.276580810546875 0.0660247802734376 -0.64544677734375 0.1334228515625
-0.119766235351562 0.240615844726563 -0.336151123046875 0.501220703125
0.0937042236328125 0.226058959960938 0.102081298828125 0.4080810546875
0.229141235351563 0.055450439453125 0.297760009765625 0.088897705078125
0.199813842773438 -0.102920532226563 0.215972900390625 -0.179779052734375
0.150146484375 -0.113021850585937 0.048126220703125 -0.23028564453125
0.159881591796875 -0.14337158203125 -0.05706787109375 -0.215774536132813
0.193008422851563 -0.115463256835938 -0.08270263671875 -0.255630493164063
0.223922729492188 -0.0009307861328125 -0.09478759765625 -0.280502319335938
0.188186645507813 0.110061645507813 0.025634765625 -0.369354248046875
0.0207366943359375 0.2305908203125 0.30780029296875 -0.481353759765625
-0.161392211914063 0.203704833984375 0.59710693359375 -0.34552001953125
-0.248336791992188 0.013092041015625 0.660400390625 -0.0595703125
-0.244598388671875 -0.286468505859375 -0.226287841796875 0.0685882568359375
-0.311126708984375 -0.13336181640625 -0.527984619140625 -0.17498779296875
-0.3433837890625 0.12567138671875 -0.6470947265625 0.1221923828125
-0.110595703125 0.328094482421875 -0.336181640625 0.4482421875
0.157363891601563 0.270339965820313 0.046875 0.3580322265625
0.308868408203125 0.0303955078125 0.21539306640625 0.0912933349609375
0.247512817382812 -0.15869140625 0.146316528320313 -0.125350952148438
0.19366455078125 -0.1680908203125 0.00447082519531252 -0.160293579101563
0.212661743164063 -0.210342407226563 -0.0996856689453125 -0.141510009765625
0.26348876953125 -0.16741943359375 -0.14862060546875 -0.209396362304688
0.3150634765625 0.002410888671875 -0.172531127929687 -0.261520385742188
0.254669189453125 0.165023803710937 -0.02581787109375 -0.392913818359375
0.000152587890625008 0.3251953125 0.297698974609375 -0.50927734375
-0.246978759765625 0.2587890625 0.56982421875 -0.32379150390625
-0.35430908203125 -0.011871337890625 0.57861328125 -0.072021484375
-0.305938720703125 -0.284149169921875 -0.31951904296875 -0.01300048828125
-0.370452880859375 -0.08392333984375 -0.59588623046875 -0.1700439453125
-0.33721923828125 0.207794189453125 -0.62640380859375 0.14990234375
-0.047332763671875 0.37188720703125 -0.318603515625 0.3994140625
0.218917846679688 0.258819580078125 -0.00720214843749998 0.30804443359375
0.343597412109375 -0.019500732421875 0.126335144042969 0.104476928710938
0.252365112304688 -0.199630737304688 0.0727767944335938 -0.049530029296875
0.2064208984375 -0.19915771484375 -0.0404930114746094 -0.0679054260253906
0.235794067382813 -0.245880126953125 -0.145599365234375 -0.0534515380859375
0.302276611328125 -0.182952880859375 -0.21783447265625 -0.15399169921875
0.35919189453125 0.02496337890625 -0.24346923828125 -0.253570556640625
0.266891479492187 0.215164184570312 -0.05474853515625 -0.42584228515625
-0.051300048828125 0.366851806640625 0.3260498046875 -0.5108642578125
-0.315826416015625 0.249114990234375 0.54278564453125 -0.2576904296875
-0.403411865234375 -0.064849853515625 0.453582763671875 -0.077850341796875
-0.32061767578125 -0.22857666015625 -0.438995361328125 -0.0591430664062499
-0.363189697265625 -0.00320434570312497 -0.6619873046875 -0.10235595703125
-0.261093139648438 0.25640869140625 -0.58331298828125 0.20501708984375
0.02978515625 0.349456787109375 -0.29486083984375 0.368988037109375
0.246017456054688 0.197113037109375 -0.0525054931640625 0.280654907226563
0.32171630859375 -0.072662353515625 0.0511016845703125 0.136238098144531
0.219985961914063 -0.212966918945313 0.0130577087402344 0.0384864807128906
0.187759399414063 -0.2010498046875 -0.0789260864257812 0.0324859619140625
0.225357055664063 -0.2408447265625 -0.194595336914063 0.0373687744140625
0.297454833984375 -0.159820556640625 -0.289031982421875 -0.104034423828125
0.339813232421875 0.060821533203125 -0.302947998046875 -0.26593017578125
0.212936401367188 0.24072265625 -0.0531005859375 -0.468780517578125
-0.12164306640625 0.33026123046875 0.382568359375 -0.48883056640625
-0.341033935546875 0.170928955078125 0.50787353515625 -0.17523193359375
-0.3817138671875 -0.130218505859375 0.3238525390625 -0.103912353515625
-0.269943237304688 -0.15704345703125 -0.56341552734375 -0.0575561523437499
-0.29058837890625 0.0513916015625 -0.704833984375 0.00750732421875015
-0.153884887695313 0.237625122070313 -0.517669677734375 0.26824951171875
0.0763397216796875 0.264663696289063 -0.26483154296875 0.35498046875
0.22137451171875 0.116531372070312 -0.0792999267578125 0.27728271484375
0.251663208007813 -0.102401733398438 0.00421142578125 0.183151245117188
0.157394409179688 -0.193206787109375 -0.0214996337890625 0.127632141113281
0.138320922851563 -0.175399780273438 -0.105598449707031 0.125595092773438
0.180343627929688 -0.200180053710938 -0.2427978515625 0.11041259765625
0.24261474609375 -0.116165161132813 -0.351470947265625 -0.078338623046875
0.26348876953125 0.0789031982421875 -0.329681396484375 -0.308380126953125
0.124923706054687 0.20965576171875 -0.00866699218750005 -0.5106201171875
-0.15679931640625 0.224227905273438 0.458404541015625 -0.435302734375
-0.294189453125 0.0599975585937499 0.47064208984375 -0.100006103515625
-0.293304443359375 -0.17584228515625 0.210525512695313 -0.152389526367188
-0.158004760742188 -0.095947265625 -0.6600341796875 -0.0217895507812501
-0.178665161132813 0.049835205078125 -0.713134765625 0.130615234375
-0.06512451171875 0.152496337890625 -0.434600830078125 0.333648681640625
0.06719970703125 0.1494140625 -0.2203369140625 0.357269287109375
0.1434326171875 0.049285888671875 -0.076690673828125 0.28546142578125
0.147994995117187 -0.091644287109375 -0.01092529296875 0.22760009765625
0.0807952880859375 -0.137031555175781 -0.0291290283203125 0.200531005859375
0.0673751831054688 -0.123771667480469 -0.116668701171875 0.197219848632813
0.100440979003906 -0.138084411621094 -0.278564453125 0.156036376953125
0.144668579101563 -0.0770111083984375 -0.39141845703125 -0.076568603515625
0.156219482421875 0.0522308349609375 -0.312591552734375 -0.363861083984375
0.0549392700195313 0.118377685546875 0.072662353515625 -0.5374755859375
-0.115585327148437 0.0976333618164062 0.5352783203125 -0.354644775390625
-0.173660278320312 -0.0149993896484375 0.44439697265625 -0.042266845703125
-0.1612548828125 -0.16448974609375 0.145156860351563 -0.214019775390625
-0.00801849365234375 -0.0614852905273438 -0.70953369140625 0.0252075195312499
-0.0629920959472656 -0.00839233398437499 -0.69146728515625 0.23175048828125
-0.0199947357177734 0.027862548828125 -0.352569580078125 0.383270263671875
0.00429534912109375 0.03826904296875 -0.164306640625 0.37017822265625
0.0305671691894531 0.0113506317138672 -0.0458984375 0.2933349609375
0.0323982238769531 -0.0423431396484375 0.00552368164062502 0.255599975585938
-0.00165176391601562 -0.0553207397460938 -0.0108642578125 0.243988037109375
-0.017059326171875 -0.0580215454101562 -0.107696533203125 0.23785400390625
-0.00135040283203124 -0.0669937133789063 -0.28839111328125 0.173431396484375
0.0223808288574219 -0.0626106262207031 -0.394195556640625 -0.0859375
0.0562667846679687 -0.0216255187988281 -0.2547607421875 -0.400238037109375
0.0429878234863281 -0.00293350219726563 0.16876220703125 -0.5289306640625
-0.00177383422851563 0.0161886215209961 0.5980224609375 -0.2581787109375
-0.0227489471435547 -0.00720024108886719 0.441497802734375 0.006134033203125
-0.0267562866210937 -0.08245849609375 0.130645751953125 -0.258346557617188
-0.0699691772460938 -0.117904663085938 -0.083343505859375 0.206619262695313
-0.109779357910156 -0.0537948608398437 -0.444244384765625 -0.0949401855468751
-0.156524658203125 0.04931640625 -0.63677978515625 0.20428466796875
-0.074188232421875 0.141433715820313 -0.2838134765625 0.57073974609375
0.049468994140625 0.137619018554688 0.184967041015625 0.429656982421875
0.122817993164063 0.0472412109375 0.364776611328125 0.057708740234375
0.113113403320313 -0.0473709106445313 0.248687744140625 -0.238433837890625
0.0793228149414063 -0.049285888671875 0.06158447265625 -0.284515380859375
0.0808334350585937 -0.0618133544921875 -0.0379791259765625 -0.272064208984375
0.093719482421875 -0.0543670654296875 -0.0345458984375 -0.29315185546875
0.104339599609375 -0.004638671875 -0.02197265625 -0.303985595703125
0.0972976684570312 0.0398178100585937 0.08929443359375 -0.353057861328125
0.039276123046875 0.104507446289063 0.33514404296875 -0.43719482421875
-0.0513763427734375 0.118942260742187 0.6123046875 -0.34814453125
-0.103813171386719 0.0355377197265625 0.70208740234375 -0.076416015625
-0.177474975585938 -0.22283935546875 -0.138137817382813 0.170272827148437
-0.22406005859375 -0.112167358398438 -0.465789794921875 -0.132904052734375
-0.283111572265625 0.085662841796875 -0.651123046875 0.1473388671875
-0.1083984375 0.260406494140625 -0.320526123046875 0.514068603515625
0.115875244140625 0.228057861328125 0.120880126953125 0.402191162109375
0.24090576171875 0.03643798828125 0.306732177734375 0.070037841796875
0.196258544921875 -0.125839233398438 0.206130981445313 -0.203964233398437
0.144668579101563 -0.130081176757813 0.0339508056640625 -0.2474365234375
0.151901245117187 -0.163070678710937 -0.06390380859375 -0.22900390625
0.189163208007812 -0.13751220703125 -0.084564208984375 -0.263397216796875
0.234909057617187 -0.0203094482421875 -0.0921478271484375 -0.277359008789063
0.204238891601563 0.100677490234375 0.02276611328125 -0.36419677734375
0.0376739501953125 0.237396240234375 0.28436279296875 -0.48516845703125
-0.150283813476562 0.225006103515625 0.5814208984375 -0.37896728515625
-0.254776000976563 0.0347442626953125 0.67572021484375 -0.11212158203125
-0.269058227539063 -0.277069091796875 -0.2109375 0.0875701904296875
-0.321502685546875 -0.11712646484375 -0.5234375 -0.162139892578125
-0.3494873046875 0.15301513671875 -0.649658203125 0.13702392578125
-0.091796875 0.35174560546875 -0.322235107421875 0.45892333984375
0.18560791015625 0.271072387695312 0.061065673828125 0.353790283203125
0.32379150390625 0.0035400390625 0.221450805664063 0.0765380859375
0.242889404296875 -0.189056396484375 0.139312744140625 -0.141357421875
0.187515258789063 -0.1923828125 -0.00573730468749998 -0.170852661132813
0.203155517578125 -0.2406005859375 -0.100860595703125 -0.148834228515625
0.26123046875 -0.197402954101563 -0.149871826171875 -0.210159301757812
0.333282470703125 -0.0240478515625 -0.170623779296875 -0.252975463867188
0.278640747070313 0.156478881835938 -0.03314208984375 -0.3870849609375
0.021575927734375 0.33905029296875 0.2742919921875 -0.515289306640625
-0.23565673828125 0.288665771484375 0.554595947265625 -0.35357666015625
-0.3663330078125 0.0151672363281251 0.58758544921875 -0.11920166015625
-0.3328857421875 -0.27166748046875 -0.3133544921875 0.012481689453125
-0.382080078125 -0.063751220703125 -0.59539794921875 -0.14959716796875
-0.340545654296875 0.23699951171875 -0.62506103515625 0.166259765625
-0.024444580078125 0.39495849609375 -0.3065185546875 0.408660888671875
0.2498779296875 0.255722045898437 0.00155639648437501 0.305633544921875
0.357086181640625 -0.050567626953125 0.13031005859375 0.096221923828125
0.246719360351563 -0.232574462890625 0.0686988830566407 -0.0572662353515625
0.199356079101562 -0.225936889648437 -0.0455703735351563 -0.0711669921875
0.227615356445313 -0.279205322265625 -0.142242431640625 -0.0515594482421875
0.30230712890625 -0.21649169921875 -0.2191162109375 -0.14605712890625
0.38226318359375 -0.002471923828125 -0.245681762695313 -0.2386474609375
0.29522705078125 0.2095947265625 -0.06463623046875 -0.42205810546875
-0.030487060546875 0.386383056640625 0.305389404296875 -0.52142333984375
-0.307525634765625 0.2818603515625 0.5333251953125 -0.283721923828125
-0.419586181640625 -0.0346374511718749 0.45892333984375 -0.113800048828125
-0.34405517578125 -0.21636962890625 -0.44024658203125 -0.0235595703124999
-0.3740234375 0.0181884765625 -0.65911865234375 -0.07073974609375
-0.262054443359375 0.284423828125 -0.5765380859375 0.22021484375
0.05474853515625 0.368133544921875 -0.28375244140625 0.37451171875
0.2764892578125 0.191665649414062 -0.048248291015625 0.2802734375
0.333770751953125 -0.104278564453125 0.0532989501953125 0.134521484375
0.213485717773437 -0.244384765625 0.0126800537109375 0.0405502319335937
0.182098388671875 -0.228225708007812 -0.07757568359375 0.0382156372070312
0.219482421875 -0.273605346679688 -0.186538696289062 0.048736572265625
0.30096435546875 -0.190521240234375 -0.290130615234375 -0.08685302734375
0.365570068359375 0.038330078125 -0.31072998046875 -0.247314453125
0.2408447265625 0.240020751953125 -0.06756591796875 -0.4652099609375
-0.10565185546875 0.3525390625 0.3658447265625 -0.50445556640625
-0.338134765625 0.20111083984375 0.503509521484375 -0.19366455078125
-0.401824951171875 -0.103790283203125 0.32122802734375 -0.128265380859375
-0.2884521484375 -0.148529052734375 -0.5706787109375 -0.0122680664062501
-0.299713134765625 0.06866455078125 -0.69830322265625 0.0452880859374999
-0.154037475585938 0.26019287109375 -0.50537109375 0.284820556640625
0.0986328125 0.279312133789063 -0.254364013671875 0.358245849609375
0.246414184570313 0.11041259765625 -0.07861328125 0.27813720703125
0.259353637695313 -0.129638671875 0.00517272949218752 0.187362670898438
0.151535034179688 -0.218185424804688 -0.0178146362304688 0.137298583984375
0.134552001953125 -0.196853637695312 -0.099273681640625 0.137771606445312
0.176177978515625 -0.228469848632813 -0.231948852539063 0.129501342773438
0.249053955078125 -0.140350341796875 -0.35406494140625 -0.05389404296875
0.2852783203125 0.063934326171875 -0.3446044921875 -0.287261962890625
0.144439697265625 0.21466064453125 -0.02691650390625 -0.513916015625
-0.149215698242188 0.24298095703125 0.4483642578125 -0.45184326171875
-0.296417236328125 0.08258056640625 0.468292236328125 -0.108428955078125
-0.3125 -0.1575927734375 0.201065063476562 -0.16650390625
-0.171096801757813 -0.0962677001953125 -0.66705322265625 0.0336303710937501
-0.185760498046875 0.0609588623046875 -0.70208740234375 0.17388916015625
-0.06707763671875 0.165618896484375 -0.4193115234375 0.344146728515625
0.081512451171875 0.160980224609375 -0.21270751953125 0.35791015625
0.16119384765625 0.0457916259765625 -0.078277587890625 0.28704833984375
0.154525756835938 -0.11065673828125 -0.00970458984375001 0.23773193359375
0.0765533447265625 -0.152938842773437 -0.0218963623046875 0.215774536132813
0.06549072265625 -0.137092590332031 -0.10601806640625 0.215835571289063
0.100265502929688 -0.154586791992188 -0.2679443359375 0.182159423828125
0.14971923828125 -0.0911865234375 -0.39697265625 -0.04962158203125
0.169281005859375 0.044769287109375 -0.329864501953125 -0.345916748046875
0.0643157958984375 0.122871398925781 0.056854248046875 -0.544158935546875
-0.112823486328125 0.107887268066406 0.53143310546875 -0.370330810546875
-0.17608642578125 -0.00267028808593748 0.440155029296875 -0.0445556640625
-0.176986694335938 -0.154251098632813 0.126235961914062 -0.223236083984375
-0.0150527954101562 -0.0718841552734375 -0.72052001953125 0.0855712890625001
-0.069732666015625 -0.00694656372070311 -0.67694091796875 0.27667236328125
-0.0261726379394531 0.0330009460449219 -0.334716796875 0.390106201171875
0.00809478759765625 0.0490875244140625 -0.158843994140625 0.36749267578125
0.0402107238769531 0.0143547058105469 -0.0489501953125 0.294708251953125
0.0368385314941406 -0.0490264892578125 0.00686645507812499 0.266952514648438
-0.00307846069335937 -0.0599098205566406 -0.000991821289062512 0.262161254882813
-0.0169410705566406 -0.0596199035644531 -0.0948028564453125 0.2587890625
-0.000724792480468748 -0.0710678100585938 -0.2784423828125 0.202285766601562
0.0235633850097656 -0.0648651123046875 -0.4014892578125 -0.058441162109375
0.0585212707519531 -0.0251693725585938 -0.274749755859375 -0.38775634765625
0.0430221557617188 -0.00428009033203125 0.153656005859375 -0.537872314453125
-0.000346183776855467 0.0150070190429687 0.5965576171875 -0.2701416015625
-0.0208225250244141 -0.00468063354492188 0.43505859375 0.00701904296875
-0.0334548950195313 -0.0802993774414063 0.106643676757812 -0.265975952148437
-0.0865020751953125 -0.117790222167969 -0.0522308349609375 0.2149658203125
-0.113639831542969 -0.0484161376953125 -0.4412841796875 -0.0870361328124999
-0.160385131835938 0.0641326904296875 -0.64556884765625 0.23150634765625
-0.0659027099609375 0.156387329101563 -0.25958251953125 0.59423828125
0.06414794921875 0.137863159179688 0.21337890625 0.422882080078125
0.128677368164062 0.0347061157226563 0.37548828125 0.02685546875
0.108375549316406 -0.0608139038085938 0.231155395507812 -0.271453857421875
0.0733489990234375 -0.0570220947265625 0.03643798828125 -0.30657958984375
0.0727005004882813 -0.0706787109375 -0.057098388671875 -0.290496826171875
0.0867080688476562 -0.0662460327148437 -0.045135498046875 -0.30853271484375
0.105491638183594 -0.0175323486328125 -0.024749755859375 -0.31085205078125
0.103706359863281 0.02978515625 0.08282470703125 -0.355438232421875
0.0521392822265625 0.101722717285156 0.31085205078125 -0.4495849609375
-0.0368499755859375 0.130645751953125 0.59246826171875 -0.39910888671875
-0.102424621582031 0.0499114990234375 0.7169189453125 -0.1483154296875
-0.204513549804687 -0.215225219726563 -0.109115600585938 0.185104370117188
-0.235137939453125 -0.0982666015625 -0.463958740234375 -0.124481201171875
-0.289794921875 0.11468505859375 -0.66119384765625 0.17205810546875
-0.089447021484375 0.28533935546875 -0.301300048828125 0.536102294921875
0.144271850585938 0.226943969726563 0.147430419921875 0.397857666015625
0.252792358398438 0.0097808837890625 0.315826416015625 0.043701171875
0.18768310546875 -0.153427124023438 0.191314697265625 -0.232345581054688
0.134124755859375 -0.150436401367188 0.0110626220703125 -0.265869140625
0.138992309570312 -0.18792724609375 -0.078704833984375 -0.245025634765625
0.180450439453125 -0.163864135742188 -0.0943450927734375 -0.274810791015625
0.244796752929688 -0.0486297607421875 -0.09429931640625 -0.278762817382812
0.224258422851563 0.0853424072265625 0.0138244628906251 -0.3658447265625
0.0614471435546875 0.244430541992188 0.256256103515625 -0.497344970703125
-0.130706787109375 0.250534057617188 0.558074951171875 -0.42779541015625
-0.260894775390625 0.0631561279296875 0.68450927734375 -0.18438720703125
-0.301666259765625 -0.26336669921875 -0.1922607421875 0.108184814453125
-0.336456298828125 -0.095550537109375 -0.52520751953125 -0.148162841796875
-0.3544921875 0.190643310546875 -0.6575927734375 0.164306640625
-0.063385009765625 0.378936767578125 -0.302734375 0.478546142578125
0.222732543945313 0.265670776367188 0.081451416015625 0.35113525390625
0.337066650390625 -0.032806396484375 0.229278564453125 0.0575714111328125
0.232330322265625 -0.227005004882813 0.12750244140625 -0.162002563476563
0.1746826171875 -0.22174072265625 -0.0229034423828125 -0.182357788085938
0.1866455078125 -0.277435302734375 -0.108535766601562 -0.156997680664063
0.253250122070313 -0.236114501953125 -0.157257080078125 -0.211944580078125
0.350921630859375 -0.061553955078125 -0.174041748046875 -0.246246337890625
0.30902099609375 0.138885498046875 -0.044189453125 -0.386138916015625
0.052703857421875 0.354583740234375 0.24456787109375 -0.530853271484375
-0.215484619140625 0.3245849609375 0.53680419921875 -0.3978271484375
-0.377716064453125 0.05328369140625 0.593505859375 -0.18255615234375
-0.368072509765625 -0.253021240234375 -0.30511474609375 0.0424499511718749
-0.397796630859375 -0.03515625 -0.598876953125 -0.123046875
-0.3408203125 0.279022216796875 -0.62689208984375 0.19482421875
0.011627197265625 0.419952392578125 -0.289398193359375 0.42425537109375
0.290191650390625 0.245513916015625 0.0145263671875 0.306915283203125
0.369049072265625 -0.093292236328125 0.135932922363281 0.0861053466796875
0.23388671875 -0.273300170898438 0.0631828308105469 -0.0661048889160156
0.187118530273438 -0.259567260742188 -0.0536727905273437 -0.0725479125976563
0.2098388671875 -0.32293701171875 -0.141433715820312 -0.04876708984375
0.297271728515625 -0.260223388671875 -0.224777221679688 -0.136642456054688
0.406463623046875 -0.04254150390625 -0.251663208007813 -0.223220825195313
0.332061767578125 0.1951904296875 -0.083648681640625 -0.42041015625
0.00103759765625004 0.409820556640625 0.27691650390625 -0.541900634765625
-0.292572021484375 0.3245849609375 0.520904541015625 -0.3199462890625
-0.438201904296875 0.00512695312500006 0.461212158203125 -0.161865234375
-0.37591552734375 -0.1968994140625 -0.44122314453125 0.0194396972656251
-0.3870849609375 0.0478515625 -0.660888671875 -0.0322875976562499
-0.257720947265625 0.324615478515625 -0.570556640625 0.24932861328125
0.092529296875 0.387725830078125 -0.268524169921875 0.38726806640625
0.3145751953125 0.178253173828125 -0.04095458984375 0.284698486328125
0.342254638671875 -0.146636962890625 0.0578536987304688 0.133079528808594
0.19927978515625 -0.282928466796875 0.0137405395507813 0.0427932739257812
0.1693115234375 -0.260360717773437 -0.0764312744140625 0.0456085205078125
0.204071044921875 -0.316253662109375 -0.17767333984375 0.06158447265625
0.29998779296875 -0.23370361328125 -0.29437255859375 -0.0662841796875
0.393402099609375 0.003936767578125 -0.324493408203125 -0.2249755859375
0.276473999023438 0.2342529296875 -0.0914306640624999 -0.468048095703125
-0.080963134765625 0.3804931640625 0.3443603515625 -0.527923583984375
-0.33099365234375 0.241729736328125 0.499237060546875 -0.2203369140625
-0.424560546875 -0.06756591796875 0.3157958984375 -0.161407470703125
-0.31494140625 -0.1337890625 -0.57574462890625 0.04534912109375
-0.30877685546875 0.095245361328125 -0.6923828125 0.0941772460937499
-0.1490478515625 0.291168212890625 -0.491729736328125 0.309539794921875
0.131500244140625 0.29266357421875 -0.242584228515625 0.36785888671875
0.277679443359375 0.0964813232421875 -0.075103759765625 0.285858154296875
0.264358520507813 -0.166488647460938 0.009521484375 0.194732666015625
0.138900756835938 -0.249008178710938 -0.00970458984374999 0.149002075195312
0.124862670898438 -0.22332763671875 -0.0881500244140625 0.153900146484375
0.166275024414063 -0.263473510742188 -0.21820068359375 0.153411865234375
0.25115966796875 -0.174118041992188 -0.35943603515625 -0.023590087890625
0.31060791015625 0.039398193359375 -0.36248779296875 -0.263671875
0.172378540039063 0.215774536132813 -0.053070068359375 -0.519866943359375
-0.136138916015625 0.267669677734375 0.43292236328125 -0.480377197265625
-0.296539306640625 0.113616943359375 0.469451904296875 -0.1241455078125
-0.336700439453125 -0.130462646484375 0.1873779296875 -0.186279296875
-0.189697265625 -0.091949462890625 -0.6773681640625 0.10211181640625
-0.19384765625 0.077484130859375 -0.68975830078125 0.22943115234375
-0.0651397705078125 0.18572998046875 -0.40020751953125 0.3651123046875
0.104171752929688 0.171859741210938 -0.203155517578125 0.36505126953125
0.183135986328125 0.0366058349609375 -0.0772705078125 0.296661376953125
0.157363891601563 -0.135330200195313 -0.00350952148437501 0.250686645507813
0.0676422119140625 -0.172561645507813 -0.00701904296875 0.23553466796875
0.058990478515625 -0.153518676757812 -0.0885772705078125 0.2381591796875
0.094970703125 -0.177536010742188 -0.252044677734375 0.214340209960937
0.15289306640625 -0.11090087890625 -0.403411865234375 -0.0133056640625
0.18560791015625 0.0314788818359375 -0.356964111328125 -0.325714111328125
0.0777816772460938 0.126358032226563 0.029052734375 -0.555572509765625
-0.108665466308594 0.121292114257812 0.525787353515625 -0.399505615234375
-0.179702758789063 0.0138702392578125 0.441802978515625 -0.05120849609375
-0.196014404296875 -0.140396118164062 0.103546142578125 -0.234878540039063
-0.02655029296875 -0.08245849609375 -0.728515625 0.1619873046875
-0.077850341796875 -0.00196838378906251 -0.65704345703125 0.333251953125
-0.0323905944824219 0.0411109924316406 -0.312591552734375 0.40496826171875
0.0161666870117188 0.0594367980957031 -0.15093994140625 0.371002197265625
0.0520057678222656 0.0142402648925781 -0.047882080078125 0.304229736328125
0.0401725769042969 -0.0585136413574219 0.01422119140625 0.284271240234375
-0.00652313232421875 -0.0650367736816406 0.0166015625 0.284149169921875
-0.0190620422363281 -0.0624313354492188 -0.074188232421875 0.283294677734375
-0.0024871826171875 -0.0767364501953125 -0.262557983398438 0.23822021484375
0.0230636596679687 -0.069976806640625 -0.409576416015625 -0.0194091796875
0.0617561340332031 -0.0301704406738281 -0.304229736328125 -0.372161865234375
0.0431327819824219 -0.0055084228515625 0.1295166015625 -0.554229736328125
0.00264644622802735 0.0137748718261719 0.5989990234375 -0.2989501953125
-0.0180168151855469 -0.00340652465820312 0.434722900390625 0.00567626953125
-0.0413970947265625 -0.0775375366210938 0.076019287109375 -0.275436401367187
-0.105567932128906 -0.110313415527344 -0.0129852294921875 0.2152099609375
-0.117134094238281 -0.0406723022460937 -0.43701171875 -0.0754089355468749
-0.15899658203125 0.0828704833984375 -0.64105224609375 0.2725830078125
-0.0504150390625 0.170150756835938 -0.2193603515625 0.61492919921875
0.0817413330078125 0.132087707519531 0.248687744140625 0.402252197265625
0.132164001464844 0.0179214477539063 0.377166748046875 -0.012298583984375
0.0974578857421875 -0.0744094848632813 0.198486328125 -0.304595947265625
0.0638046264648438 -0.0642318725585938 -0.000915527343750003 -0.32159423828125
0.0608749389648438 -0.0784225463867188 -0.087646484375 -0.302337646484375
0.0752334594726563 -0.0771560668945313 -0.0650634765625 -0.32135009765625
0.101898193359375 -0.034088134765625 -0.034698486328125 -0.3177490234375
0.107559204101563 0.0156097412109375 0.068603515625 -0.35809326171875
0.0664596557617188 0.0946807861328125 0.27154541015625 -0.45941162109375
-0.0164413452148437 0.138999938964844 0.548370361328125 -0.45196533203125
-0.097076416015625 0.0657119750976563 0.70751953125 -0.240478515625
-0.234161376953125 -0.194442749023437 -0.07110595703125 0.192626953125
-0.244293212890625 -0.07598876953125 -0.458984375 -0.109710693359375
-0.2850341796875 0.150238037109375 -0.6580810546875 0.212158203125
-0.057830810546875 0.30438232421875 -0.263641357421875 0.55657958984375
0.176193237304688 0.213882446289063 0.178497314453125 0.381072998046875
0.2579345703125 -0.02557373046875 0.320159912109375 0.008087158203125
0.167327880859375 -0.182937622070313 0.163818359375 -0.261337280273438
0.116119384765625 -0.170654296875 -0.0219879150390625 -0.278656005859375
0.11395263671875 -0.211441040039063 -0.103424072265625 -0.255645751953125
0.161895751953125 -0.192459106445313 -0.111236572265625 -0.281494140625
0.244979858398438 -0.0835418701171875 -0.100616455078125 -0.278305053710938
0.241287231445313 0.060821533203125 -0.000549316406249959 -0.362640380859375
0.0922393798828125 0.24322509765625 0.214202880859375 -0.5037841796875
-0.09918212890625 0.27362060546875 0.51446533203125 -0.479217529296875
-0.257797241210938 0.097564697265625 0.67047119140625 -0.2755126953125
-0.33770751953125 -0.23284912109375 -0.16461181640625 0.126678466796875
-0.347015380859375 -0.0624694824218749 -0.522705078125 -0.122711181640625
-0.3438720703125 0.23779296875 -0.65167236328125 0.2041015625
-0.019195556640625 0.39892578125 -0.268798828125 0.496795654296875
0.264114379882813 0.245193481445313 0.107025146484375 0.34075927734375
0.340423583984375 -0.079925537109375 0.23321533203125 0.0315399169921875
0.2056884765625 -0.265487670898437 0.107574462890625 -0.1815185546875
0.148971557617187 -0.251388549804688 -0.045806884765625 -0.18804931640625
0.15289306640625 -0.313751220703125 -0.1217041015625 -0.1610107421875
0.230453491210938 -0.277908325195313 -0.1688232421875 -0.209136962890625
0.3570556640625 -0.111175537109375 -0.179229736328125 -0.235015869140625
0.337646484375 0.107666015625 -0.064910888671875 -0.378448486328125
0.09478759765625 0.36083984375 0.2001953125 -0.537994384765625
-0.179595947265625 0.35943603515625 0.497314453125 -0.445404052734375
-0.37939453125 0.100616455078125 0.5765380859375 -0.258544921875
-0.40374755859375 -0.21661376953125 -0.2879638671875 0.0760498046875
-0.40655517578125 0.00473022460937492 -0.59527587890625 -0.0828857421874999
-0.32391357421875 0.329010009765625 -0.61395263671875 0.2347412109375
0.06170654296875 0.434417724609375 -0.258544921875 0.4390869140625
0.33245849609375 0.2191162109375 0.033416748046875 0.303680419921875
0.36737060546875 -0.14556884765625 0.139434814453125 0.0711212158203125
0.203033447265625 -0.314483642578125 0.0532760620117188 -0.0744094848632813
0.157806396484375 -0.29315185546875 -0.0635986328125 -0.0704498291015625
0.17242431640625 -0.365203857421875 -0.14129638671875 -0.0440826416015625
0.2735595703125 -0.308746337890625 -0.229232788085938 -0.121322631835938
0.418426513671875 -0.09808349609375 -0.259048461914063 -0.201126098632812
0.36822509765625 0.165008544921875 -0.110076904296875 -0.409423828125
0.047943115234375 0.42437744140625 0.233245849609375 -0.556854248046875
-0.258758544921875 0.367034912109375 0.492034912109375 -0.361663818359375
-0.445526123046875 0.0594177246093749 0.445648193359375 -0.2203369140625
-0.408447265625 -0.1600341796875 -0.42767333984375 0.0713806152343751
-0.391265869140625 0.088836669921875 -0.64959716796875 0.01824951171875
-0.236358642578125 0.369171142578125 -0.55023193359375 0.28515625
0.143310546875 0.3963623046875 -0.242156982421875 0.39892578125
0.353057861328125 0.147552490234375 -0.026641845703125 0.28680419921875
0.3355712890625 -0.19805908203125 0.0634307861328125 0.129669189453125
0.16943359375 -0.32177734375 0.0159454345703125 0.0449562072753906
0.14208984375 -0.293182373046875 -0.0720291137695312 0.055084228515625
0.169708251953125 -0.358856201171875 -0.16424560546875 0.0759429931640625
0.283294677734375 -0.281768798828125 -0.292694091796875 -0.0384521484375
0.41156005859375 -0.047515869140625 -0.33270263671875 -0.19183349609375
0.3157958984375 0.212738037109375 -0.12451171875 -0.4569091796875
-0.04034423828125 0.402496337890625 0.30328369140625 -0.552032470703125
-0.307525634765625 0.2860107421875 0.481658935546875 -0.25494384765625
-0.43994140625 -0.0157470703125 0.29827880859375 -0.19903564453125
-0.339447021484375 -0.105743408203125 -0.56243896484375 0.1156005859375
-0.3095703125 0.12945556640625 -0.66986083984375 0.156005859375
-0.128875732421875 0.324798583984375 -0.462249755859375 0.338623046875
0.17431640625 0.294769287109375 -0.220428466796875 0.376220703125
0.306793212890625 0.067962646484375 -0.06524658203125 0.29339599609375
0.25579833984375 -0.209762573242188 0.01947021484375 0.200332641601563
0.113479614257813 -0.279434204101563 0.003936767578125 0.159347534179687
0.102523803710937 -0.2496337890625 -0.0706939697265625 0.16986083984375
0.1397705078125 -0.299652099609375 -0.194610595703125 0.178009033203125
0.240676879882813 -0.213226318359375 -0.35595703125 0.013641357421875
0.329132080078125 0.002288818359375 -0.382080078125 -0.227935791015625
0.204208374023438 0.2069091796875 -0.0926513671875 -0.515045166015625
-0.110748291015625 0.290679931640625 0.40087890625 -0.51177978515625
-0.28643798828125 0.150726318359375 0.461944580078125 -0.14892578125
-0.355743408203125 -0.09014892578125 0.163803100585937 -0.205657958984375
-0.209640502929688 -0.078521728515625 -0.66162109375 0.18701171875
-0.195297241210937 0.100326538085938 -0.65423583984375 0.29376220703125
-0.054229736328125 0.207870483398438 -0.36688232421875 0.384124755859375
0.132568359375 0.173660278320313 -0.184326171875 0.369659423828125
0.202850341796875 0.017333984375 -0.06787109375 0.307220458984375
0.1510009765625 -0.165130615234375 0.011260986328125 0.26300048828125
0.0504913330078125 -0.191070556640625 0.01678466796875 0.2509765625
0.045440673828125 -0.169586181640625 -0.0603179931640625 0.258407592773437
0.079193115234375 -0.201141357421875 -0.222808837890625 0.247467041015625
0.148757934570313 -0.135498046875 -0.399566650390625 0.0331420898437499
0.198532104492188 0.010406494140625 -0.382171630859375 -0.288482666015625
0.0948715209960938 0.124244689941406 -0.01300048828125 -0.559661865234375
-0.0982894897460938 0.135322570800781 0.50390625 -0.435211181640625
-0.176437377929688 0.03466796875 0.440765380859375 -0.065887451171875
-0.21368408203125 -0.116409301757812 0.0708770751953125 -0.241455078125
-0.0436248779296875 -0.08837890625 -0.7103271484375 0.25482177734375
-0.0852508544921875 0.00613403320312501 -0.613525390625 0.39886474609375
-0.0351905822753906 0.0524368286132813 -0.276275634765625 0.417938232421875
0.0282516479492188 0.066741943359375 -0.13360595703125 0.374267578125
0.0641632080078125 0.00993728637695313 -0.0399169921875 0.31402587890625
0.0400466918945313 -0.0703048706054688 0.0316162109375 0.298797607421875
-0.0116462707519531 -0.06903076171875 0.046661376953125 0.30096435546875
-0.0234413146972656 -0.0636444091796875 -0.03973388671875 0.305511474609375
-0.00736236572265625 -0.0828704833984375 -0.231979370117188 0.275283813476562
0.0199356079101562 -0.075439453125 -0.40692138671875 0.0274047851562501
0.0625762939453125 -0.0370101928710938 -0.335723876953125 -0.3424072265625
0.0433387756347656 -0.00827407836914063 0.08978271484375 -0.5655517578125
0.00398445129394531 0.011540412902832 0.58636474609375 -0.33367919921875
-0.014556884765625 -0.00139141082763672 0.4332275390625 -0.003936767578125
-0.04998779296875 -0.07171630859375 0.03656005859375 -0.277084350585938
-0.120613098144531 -0.095306396484375 0.025909423828125 0.201278686523437
-0.117424011230469 -0.0310134887695312 -0.424835205078125 -0.066558837890625
-0.151016235351563 0.1005859375 -0.615478515625 0.30914306640625
-0.0299835205078125 0.177093505859375 -0.1695556640625 0.61480712890625
0.0962142944335938 0.120048522949219 0.277313232421875 0.36578369140625
0.128311157226563 6.103515625E-05 0.364532470703125 -0.05499267578125
0.081512451171875 -0.0839996337890625 0.154571533203125 -0.32568359375
0.0517387390136719 -0.0672187805175781 -0.04266357421875 -0.32305908203125
0.0457534790039063 -0.081878662109375 -0.122222900390625 -0.302337646484375
0.0595550537109375 -0.0838699340820313 -0.089630126953125 -0.32623291015625
0.0919570922851563 -0.0488204956054688 -0.046600341796875 -0.3172607421875
0.106513977050781 0.000579833984375 0.053619384765625 -0.35150146484375
0.0777511596679688 0.0821380615234375 0.227020263671875 -0.45452880859375
0.00647735595703125 0.138999938964844 0.483856201171875 -0.489013671875
-0.0860061645507813 0.07958984375 0.6624755859375 -0.32733154296875
-0.255340576171875 -0.162338256835938 -0.030548095703125 0.1868896484375
-0.243942260742188 -0.0507659912109375 -0.4442138671875 -0.0963745117187499
-0.267669677734375 0.184051513671875 -0.6348876953125 0.248291015625
-0.0189208984375 0.3115234375 -0.21551513671875 0.55902099609375
0.203216552734375 0.18914794921875 0.20452880859375 0.35162353515625
0.24896240234375 -0.0608367919921875 0.30914306640625 -0.0302734375
0.137252807617188 -0.203475952148438 0.124893188476562 -0.280426025390625
0.0896453857421875 -0.183090209960937 -0.05926513671875 -0.278045654296875
0.080474853515625 -0.225250244140625 -0.131622314453125 -0.255142211914063
0.13287353515625 -0.214218139648438 -0.13116455078125 -0.281890869140625
0.2318115234375 -0.119171142578125 -0.106979370117187 -0.273208618164063
0.248886108398438 0.0297088623046875 -0.015655517578125 -0.3505859375
0.1212158203125 0.230712890625 0.166351318359375 -0.492919921875
-0.06048583984375 0.2840576171875 0.44805908203125 -0.512725830078125
-0.242355346679687 0.130599975585938 0.62017822265625 -0.35687255859375
-0.36151123046875 -0.188446044921875 -0.129714965820313 0.135597229003906
-0.344940185546875 -0.0260925292968749 -0.5068359375 -0.096832275390625
-0.317108154296875 0.279052734375 -0.62615966796875 0.2391357421875
0.03057861328125 0.401702880859375 -0.226104736328125 0.4979248046875
0.29638671875 0.21099853515625 0.128814697265625 0.318695068359375
0.32568359375 -0.127655029296875 0.226608276367188 0.00274658203124999
0.16558837890625 -0.293609619140625 0.080291748046875 -0.193374633789063
0.11407470703125 -0.269927978515625 -0.070220947265625 -0.184600830078125
0.10638427734375 -0.336456298828125 -0.135940551757812 -0.15972900390625
0.19244384765625 -0.309722900390625 -0.178436279296875 -0.200897216796875
0.343170166015625 -0.16162109375 -0.180099487304688 -0.220458984375
0.353912353515625 0.06610107421875 -0.08172607421875 -0.360748291015625
0.13897705078125 0.35113525390625 0.150238037109375 -0.529632568359375
-0.131378173828125 0.380584716796875 0.438201904296875 -0.4769287109375
-0.36273193359375 0.148101806640625 0.53143310546875 -0.3297119140625
-0.42620849609375 -0.1666259765625 -0.2569580078125 0.102752685546875
-0.39849853515625 0.0474853515624999 -0.57318115234375 -0.0456542968749999
-0.28863525390625 0.371337890625 -0.583251953125 0.26727294921875
0.116943359375 0.429595947265625 -0.221527099609375 0.439483642578125
0.36358642578125 0.17681884765625 0.052276611328125 0.29095458984375
0.346466064453125 -0.197418212890625 0.137916564941406 0.0535354614257812
0.158843994140625 -0.34393310546875 0.0406646728515625 -0.079803466796875
0.11956787109375 -0.3145751953125 -0.0718612670898437 -0.06414794921875
0.120758056640625 -0.39337158203125 -0.138351440429688 -0.03961181640625
0.234222412109375 -0.3486328125 -0.227569580078125 -0.103988647460938
0.409210205078125 -0.155548095703125 -0.256484985351563 -0.174728393554687
0.39190673828125 0.122161865234375 -0.1324462890625 -0.386932373046875
0.09832763671875 0.422271728515625 0.181488037109375 -0.5535888671875
-0.211181640625 0.396759033203125 0.44500732421875 -0.393218994140625
-0.433502197265625 0.115264892578125 0.4073486328125 -0.271514892578125
-0.42578125 -0.1129150390625 -0.397613525390625 0.117889404296875
-0.378631591796875 0.129364013671875 -0.6158447265625 0.0677490234375002
-0.1988525390625 0.4044189453125 -0.511688232421875 0.31146240234375
0.19482421875 0.38433837890625 -0.209747314453125 0.398162841796875
0.3775634765625 0.10430908203125 -0.011383056640625 0.282623291015625
0.310333251953125 -0.246185302734375 0.0681991577148438 0.122673034667969
0.12554931640625 -0.34857177734375 0.0191268920898438 0.0460090637207031
0.104278564453125 -0.31463623046875 -0.063140869140625 0.0632171630859375
0.120391845703125 -0.388336181640625 -0.144607543945313 0.0848693847656249
0.2484130859375 -0.322784423828125 -0.279937744140625 -0.0109710693359375
0.409271240234375 -0.102935791015625 -0.330657958984375 -0.154815673828125
0.34478759765625 0.177001953125 -0.153656005859375 -0.43231201171875
0.00708007812500003 0.40911865234375 0.251861572265625 -0.557464599609375
-0.267578125 0.321868896484375 0.450164794921875 -0.28204345703125
-0.43463134765625 0.039947509765625 0.265533447265625 -0.230560302734375
-0.355072021484375 -0.0677490234375 -0.526123046875 0.1807861328125
-0.297027587890625 0.16375732421875 -0.6214599609375 0.2071533203125
-0.0974426269531251 0.350860595703125 -0.421356201171875 0.3538818359375
0.21575927734375 0.280914306640625 -0.1942138671875 0.37359619140625
0.325225830078125 0.0302734375 -0.050079345703125 0.295379638671875
0.231903076171875 -0.2489013671875 0.0312957763671875 0.201461791992188
0.0775146484375 -0.299713134765625 0.0223236083984375 0.164337158203125
0.0726776123046875 -0.266525268554688 -0.0466766357421875 0.178955078125
0.099822998046875 -0.32489013671875 -0.161636352539062 0.192489624023437
0.21728515625 -0.248077392578125 -0.3363037109375 0.051788330078125
0.333770751953125 -0.041046142578125 -0.385040283203125 -0.18182373046875
0.231155395507813 0.184982299804688 -0.12933349609375 -0.493194580078125
-0.077178955078125 0.303497314453125 0.355194091796875 -0.5272216796875
-0.261978149414062 0.183441162109375 0.443145751953125 -0.16961669921875
-0.35992431640625 -0.043243408203125 0.132339477539062 -0.216888427734375
-0.225448608398437 -0.0576171875 -0.61572265625 0.26446533203125
-0.18853759765625 0.122222900390625 -0.59136962890625 0.344970703125
-0.0363922119140625 0.225326538085938 -0.32275390625 0.389739990234375
0.16021728515625 0.165191650390625 -0.162872314453125 0.365875244140625
0.215194702148438 -0.008697509765625 -0.05517578125 0.31207275390625
0.1336669921875 -0.191314697265625 0.0287017822265625 0.268966674804688
0.02789306640625 -0.202590942382812 0.046478271484375 0.257476806640625
0.027679443359375 -0.179244995117188 -0.0244903564453125 0.268020629882813
0.0539093017578125 -0.217605590820313 -0.180557250976562 0.26904296875
0.134841918945313 -0.157485961914063 -0.378936767578125 0.0775146484375
0.203277587890625 -0.01507568359375 -0.395477294921875 -0.240631103515625
0.111434936523438 0.115638732910156 -0.0556030273437499 -0.5435791015625
-0.082427978515625 0.145126342773437 0.465606689453125 -0.45831298828125
-0.166015625 0.05474853515625 0.4288330078125 -0.078826904296875
-0.22265625 -0.0858001708984375 0.0352020263671875 -0.23651123046875
-0.0622177124023437 -0.08807373046875 -0.6568603515625 0.34136962890625
-0.0899124145507813 0.0168075561523438 -0.54327392578125 0.44512939453125
-0.0345268249511719 0.0649452209472656 -0.23541259765625 0.41326904296875
0.0423660278320312 0.070068359375 -0.11614990234375 0.366485595703125
0.0741043090820313 0.0006103515625 -0.028289794921875 0.31805419921875
0.0350799560546875 -0.0811538696289063 0.0537109375 0.306732177734375
-0.01739501953125 -0.0710678100585937 0.082427978515625 0.306396484375
-0.0263595581054688 -0.06396484375 0.002105712890625 0.3128662109375
-0.0149154663085938 -0.08624267578125 -0.18695068359375 0.299957275390625
0.0153350830078125 -0.08026123046875 -0.386749267578125 0.074188232421875
0.0596466064453125 -0.0448799133300781 -0.355224609375 -0.29736328125
0.0427589416503906 -0.0113258361816406 0.0447998046875 -0.55718994140625
0.00546884536743164 0.00812149047851563 0.556365966796875 -0.36419677734375
-0.0107040405273438 -0.00100040435791015 0.425018310546875 -0.0126953125
-0.0564155578613281 -0.0624008178710937 -0.0042572021484375 -0.265121459960938
-0.129936218261719 -0.0776824951171875 0.056396484375 0.176742553710938
-0.114768981933594 -0.0240859985351563 -0.4068603515625 -0.06671142578125
-0.139289855957031 0.1123046875 -0.584716796875 0.32440185546875
-0.0115966796875 0.176406860351563 -0.12884521484375 0.59698486328125
0.104576110839844 0.105201721191406 0.2860107421875 0.326263427734375
0.119667053222656 -0.0134811401367188 0.337982177734375 -0.0858154296875
0.0653915405273438 -0.0867691040039063 0.11102294921875 -0.330596923828125
0.0402946472167969 -0.0668411254882813 -0.07818603515625 -0.313385009765625
0.0317764282226563 -0.0798721313476563 -0.14947509765625 -0.29327392578125
0.0441207885742188 -0.0852737426757813 -0.10980224609375 -0.32391357421875
0.0789413452148438 -0.058197021484375 -0.054779052734375 -0.3135986328125
0.101287841796875 -0.0124588012695313 0.046051025390625 -0.339447021484375
0.0841903686523438 0.0683135986328125 0.19244384765625 -0.43328857421875
0.0259323120117188 0.132484436035156 0.416168212890625 -0.499114990234375
-0.0728988647460938 0.088592529296875 0.599365234375 -0.3857421875
-0.264480590820313 -0.127792358398438 0.00346374511718748 0.168746948242188
-0.235946655273438 -0.0308990478515625 -0.424530029296875 -0.0931701660156249
-0.242782592773438 0.20623779296875 -0.604736328125 0.264404296875
0.014312744140625 0.30548095703125 -0.176055908203125 0.540802001953125
0.21746826171875 0.1607666015625 0.214599609375 0.318267822265625
0.230438232421875 -0.0880126953125 0.287139892578125 -0.059661865234375
0.1051025390625 -0.212127685546875 0.087188720703125 -0.28497314453125
0.0652313232421875 -0.185623168945312 -0.088958740234375 -0.267486572265625
0.0480499267578125 -0.2271728515625 -0.153762817382813 -0.248062133789062
0.102310180664063 -0.223007202148438 -0.145782470703125 -0.2777099609375
0.2099609375 -0.1448974609375 -0.107498168945312 -0.266860961914063
0.246917724609375 0.00177001953125 -0.020263671875 -0.33367919921875
0.142608642578125 0.212631225585937 0.1304931640625 -0.465972900390625
-0.026123046875 0.281524658203125 0.38250732421875 -0.519134521484375
-0.21966552734375 0.154144287109375 0.5535888671875 -0.410369873046875
-0.36785888671875 -0.14276123046875 -0.0959548950195313 0.131973266601562
-0.33111572265625 0.00350952148437494 -0.482025146484375 -0.084228515625
-0.28173828125 0.3060302734375 -0.59228515625 0.25543212890625
0.07305908203125 0.388641357421875 -0.19097900390625 0.48236083984375
0.312469482421875 0.17266845703125 0.139617919921875 0.2921142578125
0.299072265625 -0.162261962890625 0.210586547851563 -0.019378662109375
0.12347412109375 -0.305572509765625 0.05377197265625 -0.1966552734375
0.0788726806640625 -0.27581787109375 -0.0889892578125 -0.1749267578125
0.060302734375 -0.341156005859375 -0.1463623046875 -0.155471801757813
0.150848388671875 -0.327728271484375 -0.18194580078125 -0.1927490234375
0.3173828125 -0.20037841796875 -0.173782348632813 -0.2078857421875
0.355010986328125 0.027984619140625 -0.0872802734375 -0.3387451171875
0.171905517578125 0.3311767578125 0.113250732421875 -0.500885009765625
-0.08551025390625 0.38311767578125 0.379058837890625 -0.482269287109375
-0.335174560546875 0.18426513671875 0.471649169921875 -0.37371826171875
-0.428985595703125 -0.116119384765625 -0.2213134765625 0.116836547851562
-0.379852294921875 0.0800476074218751 -0.538421630859375 -0.0231628417968751
-0.246246337890625 0.395111083984375 -0.54620361328125 0.280303955078125
0.160400390625 0.409912109375 -0.19183349609375 0.42578125
0.37774658203125 0.134033203125 0.0617828369140625 0.2734375
0.31402587890625 -0.2340087890625 0.129837036132813 0.0390472412109375
0.11224365234375 -0.3564453125 0.0283889770507813 -0.0809249877929688
0.080169677734375 -0.322723388671875 -0.0761566162109375 -0.0566940307617188
0.068450927734375 -0.401611328125 -0.133712768554688 -0.0373611450195313
0.189208984375 -0.370635986328125 -0.218490600585938 -0.0902099609375
0.38446044921875 -0.20098876953125 -0.243865966796875 -0.15325927734375
0.400177001953125 0.080352783203125 -0.141876220703125 -0.35784912109375
0.13946533203125 0.405242919921875 0.140380859375 -0.53131103515625
-0.161346435546875 0.4080810546875 0.39532470703125 -0.40093994140625
-0.40606689453125 0.158660888671875 0.3580322265625 -0.3031005859375
-0.426239013671875 -0.066680908203125 -0.35394287109375 0.14813232421875
-0.356353759765625 0.15899658203125 -0.56781005859375 0.0939331054687499
-0.156402587890625 0.42291259765625 -0.47100830078125 0.31622314453125
0.2342529296875 0.36029052734375 -0.184173583984375 0.383697509765625
0.38677978515625 0.0616455078125 -0.000930786132812493 0.272872924804688
0.275619506835938 -0.27899169921875 0.0689163208007813 0.114814758300781
0.08074951171875 -0.359222412109375 0.0224990844726563 0.0457191467285156
0.06805419921875 -0.322784423828125 -0.0529251098632813 0.0675926208496094
0.069793701171875 -0.39825439453125 -0.125373840332031 0.086700439453125
0.208038330078125 -0.3480224609375 -0.259048461914063 0.0084075927734375
0.39251708984375 -0.14923095703125 -0.315704345703125 -0.123870849609375
0.360015869140625 0.140533447265625 -0.168365478515625 -0.400146484375
0.0472412109375 0.40185546875 0.209625244140625 -0.54144287109375
-0.222930908203125 0.339874267578125 0.414398193359375 -0.292083740234375
-0.413970947265625 0.0855712890625001 0.225967407226562 -0.24627685546875
-0.35650634765625 -0.0312500000000001 -0.47247314453125 0.224334716796875
-0.277984619140625 0.1875 -0.561248779296875 0.23431396484375
-0.06396484375 0.364837646484375 -0.38043212890625 0.3509521484375
0.246307373046875 0.259033203125 -0.173004150390625 0.359527587890625
0.329803466796875 -0.005340576171875 -0.039459228515625 0.291046142578125
0.200942993164063 -0.274124145507813 0.0400238037109375 0.198226928710937
0.0416259765625 -0.30682373046875 0.0388946533203125 0.1634521484375
0.043121337890625 -0.272872924804688 -0.0235748291015625 0.179901123046875
0.05853271484375 -0.335052490234375 -0.129119873046875 0.19549560546875
0.187332153320313 -0.271926879882813 -0.307464599609375 0.077545166015625
0.32574462890625 -0.0782470703125 -0.37176513671875 -0.14276123046875
0.24798583984375 0.16015625 -0.15045166015625 -0.460693359375
-0.045440673828125 0.30535888671875 0.313720703125 -0.521697998046875
-0.231155395507813 0.202789306640625 0.42034912109375 -0.177459716796875
-0.34918212890625 -0.00201416015625003 0.100326538085937 -0.21612548828125
-0.232208251953125 -0.03485107421875 -0.5504150390625 0.317291259765625
-0.176925659179687 0.138839721679688 -0.522003173828125 0.366455078125
-0.0167388916015625 0.2352294921875 -0.28521728515625 0.37646484375
0.181610107421875 0.151260375976563 -0.147705078125 0.351348876953125
0.218643188476563 -0.0325164794921875 -0.0458984375 0.311004638671875
0.112503051757813 -0.208343505859375 0.045196533203125 0.268386840820313
0.00547790527343749 -0.207260131835938 0.073974609375 0.254989624023437
0.0103912353515625 -0.182861328125 0.00854492187500001 0.265380859375
0.02880859375 -0.2239990234375 -0.138320922851562 0.273284912109375
0.11810302734375 -0.172943115234375 -0.345977783203125 0.10894775390625
0.200363159179687 -0.037200927734375 -0.38818359375 -0.195953369140625
0.122344970703125 0.104293823242188 -0.084136962890625 -0.514678955078125
-0.06634521484375 0.1490478515625 0.42608642578125 -0.460906982421875
-0.150192260742188 0.0678558349609375 0.41485595703125 -0.08111572265625
-0.219757080078125 -0.0567169189453125 0.00544738769531246 -0.22125244140625
-0.0788955688476562 -0.0811386108398438 -0.5863037109375 0.39691162109375
-0.0902633666992188 0.0270919799804687 -0.46832275390625 0.461181640625
-0.0310897827148438 0.076263427734375 -0.199920654296875 0.394073486328125
0.0556564331054688 0.069549560546875 -0.1060791015625 0.3529052734375
0.0805587768554688 -0.00896453857421875 -0.019805908203125 0.31744384765625
0.0283126831054687 -0.0891036987304688 0.073760986328125 0.30694580078125
-0.0223159790039063 -0.0716629028320313 0.114013671875 0.3031005859375
-0.0282363891601563 -0.0631637573242188 0.0394287109375 0.307373046875
-0.0215606689453125 -0.0868682861328125 -0.140716552734375 0.30780029296875
0.00978851318359374 -0.0824813842773438 -0.3541259765625 0.1072998046875
0.0558204650878906 -0.0491943359375 -0.354766845703125 -0.253387451171875
0.0409584045410156 -0.0132598876953125 0.01263427734375 -0.534210205078125
0.00584077835083008 0.00497722625732422 0.52130126953125 -0.372833251953125
-0.00635194778442383 -0.0010838508605957 0.410552978515625 -0.010986328125
-0.0589065551757812 -0.05230712890625 -0.0369720458984375 -0.240692138671875
-0.13372802734375 -0.06158447265625 0.075836181640625 0.149642944335938
-0.111549377441406 -0.0204391479492188 -0.395355224609375 -0.0789489746093749
-0.128761291503906 0.119560241699219 -0.5626220703125 0.32440185546875
0.0024871826171875 0.172256469726563 -0.1064453125 0.57269287109375
0.108207702636719 0.0928268432617188 0.283599853515625 0.295928955078125
0.110298156738281 -0.0218505859375 0.3106689453125 -0.10498046875
0.0513763427734375 -0.0854949951171875 0.0753173828125 -0.328369140625
0.0319137573242188 -0.0633773803710938 -0.10504150390625 -0.300445556640625
0.0210189819335938 -0.0750732421875 -0.16986083984375 -0.285125732421875
0.031158447265625 -0.083343505859375 -0.124603271484375 -0.3212890625
0.0664710998535156 -0.0629005432128906 -0.0560302734375 -0.312591552734375
0.0949935913085938 -0.02227783203125 0.048736572265625 -0.32818603515625
0.0868606567382813 0.05609130859375 0.1729736328125 -0.40631103515625
0.03997802734375 0.123260498046875 0.36456298828125 -0.490814208984375
-0.0609664916992187 0.0936050415039063 0.53955078125 -0.41827392578125
-0.264541625976562 -0.098785400390625 0.0277557373046875 0.14581298828125
-0.22613525390625 -0.0179443359375 -0.4071044921875 -0.104705810546875
-0.220001220703125 0.218734741210938 -0.58270263671875 0.2635498046875
0.03863525390625 0.295654296875 -0.155242919921875 0.518707275390625
0.22406005859375 0.13751220703125 0.212921142578125 0.2899169921875
0.211044311523438 -0.10516357421875 0.262680053710938 -0.0769195556640625
0.0790863037109375 -0.212722778320313 0.05548095703125 -0.28277587890625
0.0447235107421875 -0.183135986328125 -0.110671997070312 -0.2550048828125
0.022552490234375 -0.222549438476562 -0.170608520507813 -0.241729736328125
0.0760345458984375 -0.225997924804687 -0.1553955078125 -0.2750244140625
0.1893310546875 -0.1611328125 -0.104324340820313 -0.265045166015625
0.241058349609375 -0.0186004638671875 -0.01495361328125 -0.320159912109375
0.156494140625 0.196090698242188 0.114776611328125 -0.434600830078125
0.000869750976562482 0.273345947265625 0.332611083984375 -0.506378173828125
-0.198104858398438 0.169204711914063 0.4915771484375 -0.438629150390625
-0.36444091796875 -0.105133056640625 -0.0679702758789063 0.121116638183594
-0.314971923828125 0.021636962890625 -0.45733642578125 -0.0882263183593751
-0.25091552734375 0.321044921875 -0.56787109375 0.25537109375
0.1036376953125 0.3729248046875 -0.172454833984375 0.46063232421875
0.319732666015625 0.141876220703125 0.138809204101563 0.270675659179688
0.273193359375 -0.184906005859375 0.192642211914063 -0.033355712890625
0.088165283203125 -0.308502197265625 0.032257080078125 -0.194229125976563
0.0505828857421875 -0.275360107421875 -0.102020263671875 -0.164810180664063
0.022735595703125 -0.338043212890625 -0.154098510742188 -0.152801513671875
0.114990234375 -0.334014892578125 -0.182479858398438 -0.189407348632813
0.291290283203125 -0.226470947265625 -0.163528442382812 -0.201889038085938
0.351318359375 -0.001129150390625 -0.080291748046875 -0.32025146484375
0.19488525390625 0.311859130859375 0.09521484375 -0.471710205078125
-0.049560546875 0.3787841796875 0.333648681640625 -0.4710693359375
-0.307830810546875 0.20635986328125 0.41571044921875 -0.395294189453125
-0.423431396484375 -0.0763244628906249 -0.188369750976563 0.119338989257813
-0.359405517578125 0.0997314453125001 -0.506103515625 -0.021484375
-0.211151123046875 0.408935546875 -0.518096923828125 0.274810791015625
0.191436767578125 0.3887939453125 -0.176239013671875 0.405303955078125
0.3824462890625 0.097900390625 0.0637054443359375 0.2587890625
0.283447265625 -0.2578125 0.119361877441406 0.0300064086914062
0.0738525390625 -0.360015869140625 0.0182647705078125 -0.0796890258789063
0.049713134765625 -0.323028564453125 -0.07818603515625 -0.0511627197265625
0.025665283203125 -0.4002685546875 -0.12982177734375 -0.0387420654296875
0.15032958984375 -0.38116455078125 -0.208602905273438 -0.0847320556640625
0.359588623046875 -0.234344482421875 -0.227447509765625 -0.141510009765625
0.40032958984375 0.0469970703125 -0.136474609375 -0.335296630859375
0.16815185546875 0.387786865234375 0.119171142578125 -0.50372314453125
-0.12176513671875 0.408660888671875 0.3592529296875 -0.39483642578125
-0.37896728515625 0.18701171875 0.313934326171875 -0.31719970703125
-0.419891357421875 -0.0301208496093749 -0.31341552734375 0.162200927734375
-0.336029052734375 0.177581787109375 -0.52569580078125 0.0986022949218751
-0.122894287109375 0.43377685546875 -0.44281005859375 0.30780029296875
0.262115478515625 0.3370361328125 -0.1727294921875 0.365875244140625
0.38909912109375 0.027191162109375 0.00181579589843752 0.264862060546875
0.244415283203125 -0.300018310546875 0.0659942626953125 0.109710693359375
0.04486083984375 -0.36077880859375 0.024444580078125 0.045440673828125
0.03826904296875 -0.324188232421875 -0.0433006286621094 0.0690460205078125
0.028289794921875 -0.398284912109375 -0.110076904296875 0.0814437866210937
0.172088623046875 -0.361907958984375 -0.239151000976562 0.016204833984375
0.373046875 -0.182708740234375 -0.294525146484375 -0.106536865234375
0.36669921875 0.110198974609375 -0.16741943359375 -0.373870849609375
0.077972412109375 0.39215087890625 0.185394287109375 -0.520263671875
-0.1875 0.345611572265625 0.388092041015625 -0.287811279296875
-0.39044189453125 0.11761474609375 0.193832397460938 -0.249847412109375
-0.3526611328125 -0.00259399414062504 -0.420867919921875 0.247802734375
-0.26080322265625 0.201461791992188 -0.507720947265625 0.237579345703125
-0.037139892578125 0.37255859375 -0.352142333984375 0.336181640625
0.268173217773437 0.239120483398437 -0.16650390625 0.34393310546875
0.330078125 -0.033843994140625 -0.03533935546875 0.287384033203125
0.1727294921875 -0.290283203125 0.0452117919921875 0.1962890625
0.012451171875 -0.30908203125 0.052734375 0.160934448242187
0.0202484130859375 -0.276031494140625 -0.00447082519531249 0.176742553710937
0.025238037109375 -0.33660888671875 -0.103500366210937 0.190353393554688
0.159759521484375 -0.2857666015625 -0.280380249023438 0.0898590087890624
0.31378173828125 -0.106353759765625 -0.351470947265625 -0.116119384765625
0.257644653320313 0.139022827148438 -0.155303955078125 -0.43243408203125
-0.021514892578125 0.301788330078125 0.288970947265625 -0.506134033203125
-0.2044677734375 0.213241577148438 0.40484619140625 -0.17352294921875
-0.333282470703125 0.027740478515625 0.0753173828125 -0.2066650390625
-0.234481811523438 -0.015045166015625 -0.490509033203125 0.34454345703125
-0.166854858398437 0.149810791015625 -0.462982177734375 0.364837646484375
7.62939453125038E-05 0.243743896484375 -0.2618408203125 0.35565185546875
0.19769287109375 0.138702392578125 -0.144561767578125 0.337646484375
0.220245361328125 -0.05224609375 -0.0411376953125 0.310821533203125
0.0938873291015625 -0.2191162109375 0.0562286376953125 0.267807006835938
-0.012298583984375 -0.2081298828125 0.0956573486328125 0.249526977539063
-0.003082275390625 -0.1849365234375 0.0352325439453125 0.25872802734375
0.00762939453125 -0.226608276367188 -0.104782104492188 0.2689208984375
0.102279663085938 -0.183303833007813 -0.313507080078125 0.1256103515625
0.194747924804688 -0.054656982421875 -0.370849609375 -0.16534423828125
0.128730773925781 0.0937881469726563 -0.0943603515625 -0.48748779296875
-0.0537567138671875 0.14898681640625 0.405548095703125 -0.450927734375
-0.13604736328125 0.07513427734375 0.404998779296875 -0.07379150390625
-0.212295532226563 -0.034423828125 -0.01568603515625 -0.201126098632813
-0.0910568237304688 -0.0723037719726563 -0.5208740234375 0.425506591796875
-0.0899658203125 0.035858154296875 -0.40716552734375 0.45294189453125
-0.0264968872070313 0.0868988037109375 -0.1829833984375 0.3673095703125
0.0678291320800781 0.0682334899902344 -0.10736083984375 0.340423583984375
0.0857162475585938 -0.0182037353515625 -0.017333984375 0.318328857421875
0.0233154296875 -0.094940185546875 0.08819580078125 0.30718994140625
-0.0257415771484375 -0.0727615356445312 0.14056396484375 0.295074462890625
-0.0289421081542969 -0.0645065307617188 0.069091796875 0.298492431640625
-0.026611328125 -0.08746337890625 -0.103729248046875 0.304931640625
0.00554656982421875 -0.0845413208007812 -0.322296142578125 0.12542724609375
0.0524711608886719 -0.0527000427246094 -0.344268798828125 -0.2200927734375
0.0400314331054688 -0.014739990234375 -0.00152587890625001 -0.50994873046875
0.00557708740234375 0.00249958038330078 0.501007080078125 -0.366363525390625
-0.00287985801696777 -0.00237178802490234 0.404266357421875 -0.001068115234375
-0.0588226318359375 -0.0429306030273438 -0.0584869384765625 -0.21380615234375
-0.137191772460938 -0.0472488403320312 0.0895614624023437 0.126007080078125
-0.111289978027344 -0.0190353393554687 -0.395904541015625 -0.0970153808593751
-0.121719360351563 0.12591552734375 -0.55914306640625 0.322509765625
0.0131988525390625 0.170028686523438 -0.099609375 0.559356689453125
0.111228942871094 0.0839920043945312 0.277908325195313 0.275115966796875
0.102500915527344 -0.026275634765625 0.289642333984375 -0.116607666015625
0.0415802001953125 -0.08221435546875 0.046295166015625 -0.326080322265625
0.0260353088378906 -0.0599174499511719 -0.12677001953125 -0.2916259765625
0.0138587951660156 -0.0700721740722656 -0.189285278320312 -0.280899047851563
0.0214004516601562 -0.0801239013671875 -0.138336181640625 -0.326019287109375
0.0560989379882813 -0.0658187866210938 -0.055877685546875 -0.3193359375
0.0893020629882813 -0.0296859741210938 0.057708740234375 -0.326812744140625
0.0892562866210938 0.0459060668945313 0.169769287109375 -0.386505126953125
0.0517044067382813 0.115562438964844 0.330718994140625 -0.482025146484375
-0.0509262084960938 0.09765625 0.4957275390625 -0.441741943359375
-0.264572143554688 -0.0749969482421875 0.0455169677734375 0.124015808105469
-0.22015380859375 -0.0114593505859375 -0.40313720703125 -0.124237060546875
-0.203933715820313 0.23114013671875 -0.57696533203125 0.2601318359375
0.058258056640625 0.288330078125 -0.1507568359375 0.503387451171875
0.229827880859375 0.119354248046875 0.208251953125 0.272659301757813
0.19659423828125 -0.1173095703125 0.243896484375 -0.0880584716796875
0.0572052001953125 -0.211883544921875 0.0302734375 -0.280517578125
0.029296875 -0.181808471679688 -0.129608154296875 -0.246292114257813
0.00201416015625002 -0.21832275390625 -0.187301635742187 -0.239044189453125
0.054290771484375 -0.227508544921875 -0.165740966796875 -0.2784423828125
0.171630859375 -0.174972534179687 -0.10089111328125 -0.271713256835938
0.2371826171875 -0.035369873046875 -0.00479125976562502 -0.3167724609375
0.169204711914062 0.183563232421875 0.112945556640625 -0.413543701171875
0.0223388671875 0.267578125 0.2989501953125 -0.496917724609375
-0.181854248046875 0.181594848632813 0.447174072265625 -0.45928955078125
-0.362213134765625 -0.0758972167968749 -0.0472335815429688 0.108085632324219
-0.305145263671875 0.032806396484375 -0.446441650390625 -0.10247802734375
-0.226959228515625 0.33453369140625 -0.56207275390625 0.2506103515625
0.1282958984375 0.3614501953125 -0.168853759765625 0.445098876953125
0.326690673828125 0.117279052734375 0.134963989257813 0.25848388671875
0.252456665039063 -0.203048706054687 0.177047729492188 -0.04193115234375
0.058990478515625 -0.30975341796875 0.0139312744140625 -0.192855834960938
0.028167724609375 -0.275588989257813 -0.113296508789063 -0.158493041992188
-0.00769042968749998 -0.3350830078125 -0.164520263671875 -0.153900146484375
0.085723876953125 -0.34033203125 -0.186294555664063 -0.191940307617188
0.270706176757813 -0.248748779296875 -0.15509033203125 -0.20538330078125
0.351318359375 -0.025146484375 -0.0703430175781249 -0.314300537109375
0.2154541015625 0.298828125 0.092437744140625 -0.450958251953125
-0.0208740234375 0.3758544921875 0.305145263671875 -0.463104248046875
-0.287994384765625 0.225311279296875 0.37493896484375 -0.410858154296875
-0.41943359375 -0.044647216796875 -0.162887573242188 0.116500854492188
-0.347442626953125 0.11383056640625 -0.487579345703125 -0.0312499999999999
-0.183624267578125 0.42303466796875 -0.50885009765625 0.26885986328125
0.218109130859375 0.373443603515625 -0.17401123046875 0.39093017578125
0.389739990234375 0.07000732421875 0.0614013671875 0.250991821289062
0.25970458984375 -0.277679443359375 0.110115051269531 0.02459716796875
0.04168701171875 -0.36279296875 0.0098724365234375 -0.07861328125
0.023651123046875 -0.326416015625 -0.0800247192382813 -0.0473175048828125
-0.01043701171875 -0.398590087890625 -0.130180358886719 -0.0431137084960938
0.11822509765625 -0.39239501953125 -0.20257568359375 -0.0861968994140625
0.33941650390625 -0.26141357421875 -0.214080810546875 -0.139907836914062
0.404022216796875 0.020843505859375 -0.12799072265625 -0.324981689453125
0.1937255859375 0.3775634765625 0.11322021484375 -0.48553466796875
-0.090423583984375 0.41021728515625 0.33941650390625 -0.386199951171875
-0.35821533203125 0.21099853515625 0.281158447265625 -0.326202392578125
-0.4156494140625 -0.00100708007812494 -0.281768798828125 0.1688232421875
-0.322845458984375 0.191131591796875 -0.49688720703125 0.09149169921875
-0.095733642578125 0.446929931640625 -0.4307861328125 0.29656982421875
0.28692626953125 0.320465087890625 -0.172607421875 0.353057861328125
0.394927978515625 -0.00152587890625 0.000488281250000006 0.262603759765625
0.2198486328125 -0.31903076171875 0.0626296997070313 0.109024047851563
0.013916015625 -0.36444091796875 0.0264320373535156 0.0448379516601562
0.0142822265625 -0.327911376953125 -0.03546142578125 0.0693359375
-0.00552368164062498 -0.399627685546875 -0.100433349609375 0.0755844116210937
0.142913818359375 -0.3756103515625 -0.225204467773437 0.0177154541015625
0.358551025390625 -0.211029052734375 -0.277114868164063 -0.098052978515625
0.3748779296875 0.086883544921875 -0.16094970703125 -0.359619140625
0.10333251953125 0.38653564453125 0.178558349609375 -0.50457763671875
-0.158721923828125 0.3516845703125 0.375579833984375 -0.281280517578125
-0.3726806640625 0.14337158203125 0.169326782226562 -0.249496459960938
-0.3511962890625 0.0215148925781249 -0.38134765625 0.260650634765625
-0.249649047851563 0.21417236328125 -0.474639892578125 0.228759765625
-0.013214111328125 0.383880615234375 -0.340576171875 0.321380615234375
0.290130615234375 0.223663330078125 -0.170440673828125 0.333984375
0.334136962890625 -0.058685302734375 -0.0360107421875 0.2896728515625
0.150848388671875 -0.3056640625 0.0484771728515625 0.197952270507812
-0.0123291015625 -0.31219482421875 0.064727783203125 0.158920288085937
-6.10351562499932E-05 -0.279708862304688 0.0115966796875 0.174026489257812
-0.00302124023437502 -0.339599609375 -0.08465576171875 0.184127807617187
0.13824462890625 -0.29901123046875 -0.259414672851563 0.0953216552734374
0.305999755859375 -0.1302490234375 -0.334442138671875 -0.102264404296875
0.267486572265625 0.123519897460938 -0.153106689453125 -0.41571044921875
-0.00192260742187498 0.302154541015625 0.28076171875 -0.496002197265625
-0.183319091796875 0.220855712890625 0.402496337890625 -0.166351318359375
-0.32135009765625 0.051300048828125 0.0573883056640625 -0.197784423828125
-0.238037109375 0.001007080078125 -0.444671630859375 0.362335205078125
-0.160659790039063 0.1600341796875 -0.42193603515625 0.355987548828125
0.0159149169921875 0.25439453125 -0.253173828125 0.3370361328125
0.215103149414063 0.128646850585938 -0.152801513671875 0.3306884765625
0.224441528320312 -0.07049560546875 -0.04132080078125 0.316131591796875
0.078643798828125 -0.230255126953125 0.064697265625 0.272415161132813
-0.0277557373046875 -0.211151123046875 0.1158447265625 0.246475219726563
-0.0150299072265625 -0.188720703125 0.057403564453125 0.25335693359375
-0.0100250244140625 -0.229583740234375 -0.0796966552734375 0.264129638671875
0.089447021484375 -0.192779541015625 -0.290130615234375 0.1346435546875
0.19158935546875 -0.0691375732421875 -0.357513427734375 -0.14752197265625
0.135597229003906 0.0867538452148437 -0.095672607421875 -0.472503662109375
-0.0439910888671875 0.150741577148437 0.399078369140625 -0.4447021484375
-0.123832702636719 0.0802383422851563 0.407867431640625 -0.062408447265625
-0.206497192382813 -0.0180816650390625 -0.030487060546875 -0.183074951171875
-0.101356506347656 -0.0636367797851563 -0.467987060546875 0.445159912109375
-0.09014892578125 0.043853759765625 -0.366729736328125 0.441864013671875
-0.0202560424804688 0.0984954833984375 -0.177947998046875 0.348907470703125
0.0806884765625 0.0657272338867188 -0.11712646484375 0.33599853515625
0.0913467407226563 -0.0273513793945313 -0.017974853515625 0.326263427734375
0.0179519653320312 -0.10137939453125 0.1007080078125 0.312164306640625
-0.0295867919921875 -0.075927734375 0.164581298828125 0.290985107421875
-0.030029296875 -0.0672454833984375 0.09332275390625 0.291717529296875
-0.0307540893554688 -0.08880615234375 -0.075469970703125 0.300079345703125
0.00177764892578125 -0.08770751953125 -0.297149658203125 0.13775634765625
0.0514144897460938 -0.0567245483398438 -0.332427978515625 -0.2003173828125
0.0402069091796875 -0.0156288146972656 -0.006011962890625 -0.496124267578125
0.00498819351196289 0.000544548034667969 0.49749755859375 -0.36029052734375
0.0005645751953125 -0.00413680076599121 0.407989501953125 0.015899658203125
-0.058013916015625 -0.0360870361328125 -0.0727386474609375 -0.18988037109375
-0.139801025390625 -0.031951904296875 0.102317810058594 0.103416442871094
-0.114151000976563 -0.01666259765625 -0.408599853515625 -0.115203857421875
-0.1158447265625 0.135025024414063 -0.565673828125 0.331298828125
0.0251922607421875 0.170059204101563 -0.0933837890625 0.5557861328125
0.116569519042969 0.075469970703125 0.277969360351563 0.26275634765625
0.0972976684570313 -0.0309219360351563 0.273345947265625 -0.129745483398438
0.0328140258789062 -0.0797042846679688 0.01678466796875 -0.32696533203125
0.0210762023925781 -0.0565567016601562 -0.153778076171875 -0.28466796875
0.00740814208984374 -0.0650177001953125 -0.21539306640625 -0.278121948242188
0.0119857788085937 -0.0773773193359375 -0.159820556640625 -0.333892822265625
0.0457611083984375 -0.0692138671875 -0.06146240234375 -0.3331298828125
0.0844345092773438 -0.0374832153320313 0.065155029296875 -0.33551025390625
0.091888427734375 0.0356826782226563 0.169586181640625 -0.37664794921875
0.063751220703125 0.108200073242188 0.30426025390625 -0.482086181640625
-0.0410079956054688 0.10308837890625 0.4569091796875 -0.47137451171875
-0.266525268554688 -0.0500030517578125 0.0612869262695312 0.103523254394531
-0.219314575195313 -0.00296020507812497 -0.41363525390625 -0.14141845703125
-0.188446044921875 0.246063232421875 -0.58660888671875 0.26715087890625
0.07940673828125 0.284423828125 -0.147857666015625 0.5006103515625
0.238906860351562 0.101211547851562 0.207809448242188 0.262786865234375
0.183746337890625 -0.131668090820313 0.227554321289062 -0.099700927734375
0.03668212890625 -0.213577270507813 0.00382995605468747 -0.281143188476563
0.013427734375 -0.181381225585938 -0.152572631835937 -0.239974975585938
-0.019256591796875 -0.21490478515625 -0.21026611328125 -0.237777709960938
0.03253173828125 -0.230453491210938 -0.18353271484375 -0.285064697265625
0.15521240234375 -0.1900634765625 -0.1041259765625 -0.284454345703125
0.236221313476563 -0.054412841796875 0.00384521484375001 -0.324554443359375
0.184829711914063 0.172775268554688 0.1136474609375 -0.402557373046875
0.04498291015625 0.263992309570313 0.271026611328125 -0.494781494140625
-0.16644287109375 0.196762084960938 0.40496826171875 -0.48431396484375
-0.363616943359375 -0.04534912109375 -0.0293045043945313 0.0960159301757813
-0.301239013671875 0.04632568359375 -0.450714111328125 -0.116790771484375
-0.20379638671875 0.353668212890625 -0.56793212890625 0.25421142578125
0.157257080078125 0.353851318359375 -0.16827392578125 0.442718505859375
0.339447021484375 0.090667724609375 0.135513305664063 0.2525634765625
0.234054565429688 -0.224334716796875 0.164779663085938 -0.0503387451171875
0.02874755859375 -0.31378173828125 -0.00492858886718748 -0.192672729492188
0.00421142578125002 -0.279327392578125 -0.127609252929687 -0.152557373046875
-0.04022216796875 -0.334228515625 -0.179672241210937 -0.155258178710938
0.05499267578125 -0.350128173828125 -0.196548461914062 -0.197296142578125
0.250289916992188 -0.275299072265625 -0.153656005859375 -0.214111328125
0.355010986328125 -0.052093505859375 -0.0631103515625 -0.3177490234375
0.241668701171875 0.287841796875 0.0907897949218751 -0.4404296875
0.00918579101562497 0.3763427734375 0.282073974609375 -0.461151123046875
-0.269805908203125 0.249771118164063 0.338287353515625 -0.43048095703125
-0.420867919921875 -0.011871337890625 -0.141815185546875 0.114425659179688
-0.341156005859375 0.131317138671875 -0.4822998046875 -0.0403747558593751
-0.15478515625 0.442535400390625 -0.510955810546875 0.270355224609375
0.249664306640625 0.361602783203125 -0.175933837890625 0.389312744140625
0.40228271484375 0.03851318359375 0.06182861328125 0.250152587890625
0.235992431640625 -0.30230712890625 0.102386474609375 0.0206985473632812
0.00750732421874998 -0.368988037109375 0.000602722167968749 -0.0775527954101563
-0.00473022460937501 -0.331878662109375 -0.0839385986328125 -0.04388427734375
-0.04840087890625 -0.400726318359375 -0.135154724121094 -0.0471343994140625
0.08380126953125 -0.4080810546875 -0.20379638671875 -0.08917236328125
0.32061767578125 -0.294921875 -0.207656860351563 -0.141998291015625
0.41448974609375 -0.00872802734375 -0.121673583984375 -0.324188232421875
0.225128173828125 0.369842529296875 0.109619140625 -0.477783203125
-0.058319091796875 0.416717529296875 0.324249267578125 -0.387237548828125
-0.341064453125 0.23907470703125 0.252044677734375 -0.33892822265625
-0.417266845703125 0.0316162109374999 -0.254409790039063 0.175552368164062
-0.31622314453125 0.2105712890625 -0.48223876953125 0.0849304199218751
-0.062774658203125 0.466522216796875 -0.4300537109375 0.294403076171875
0.318634033203125 0.30419921875 -0.176849365234375 0.351531982421875
0.405181884765625 -0.034637451171875 0.00195312500000001 0.266403198242188
0.1939697265625 -0.343353271484375 0.061431884765625 0.110382080078125
-0.019805908203125 -0.371551513671875 0.0290679931640625 0.0451431274414062
-0.0140380859375 -0.336090087890625 -0.0287818908691406 0.0699729919433594
-0.043548583984375 -0.404815673828125 -0.0939865112304688 0.0710906982421875
0.1116943359375 -0.39385986328125 -0.216705322265625 0.0192718505859375
0.3460693359375 -0.245758056640625 -0.267623901367188 -0.0933074951171875
0.388763427734375 0.061187744140625 -0.159515380859375 -0.355133056640625
0.133514404296875 0.38507080078125 0.173797607421875 -0.503875732421875
-0.1302490234375 0.362213134765625 0.372894287109375 -0.283233642578125
-0.359771728515625 0.17254638671875 0.1468505859375 -0.252975463867188
-0.35394287109375 0.048431396484375 -0.34637451171875 0.2750244140625
-0.242156982421875 0.232894897460938 -0.448974609375 0.224395751953125
0.016265869140625 0.400634765625 -0.339599609375 0.3157958984375
0.3177490234375 0.207763671875 -0.175537109375 0.335540771484375
0.34161376953125 -0.08935546875 -0.033935546875 0.29931640625
0.127899169921875 -0.3265380859375 0.054595947265625 0.203903198242187
-0.040740966796875 -0.31805419921875 0.077911376953125 0.158416748046875
-0.022705078125 -0.287750244140625 0.0289459228515625 0.172576904296875
-0.033721923828125 -0.34576416015625 -0.0683441162109375 0.180419921875
0.114288330078125 -0.316497802734375 -0.244384765625 0.102005004882813
0.300262451171875 -0.158447265625 -0.324371337890625 -0.091827392578125
0.282073974609375 0.106719970703125 -0.1563720703125 -0.409454345703125
0.0201416015625 0.3062744140625 0.27923583984375 -0.5003662109375
-0.163543701171875 0.2315673828125 0.4100341796875 -0.16534423828125
-0.312957763671875 0.076568603515625 0.0414581298828125 -0.189865112304688
-0.243804931640625 0.0209808349609375 -0.403717041015625 0.382781982421875
-0.155502319335938 0.174530029296875 -0.392669677734375 0.35125732421875
0.0376129150390625 0.268905639648438 -0.252593994140625 0.3291015625
0.23663330078125 0.11651611328125 -0.1612548828125 0.335174560546875
0.230148315429688 -0.094024658203125 -0.038604736328125 0.3302001953125
0.0612945556640625 -0.245956420898438 0.078582763671875 0.280349731445312
-0.0469512939453125 -0.216552734375 0.139373779296875 0.243820190429688
-0.02947998046875 -0.195709228515625 0.08197021484375 0.249404907226562
-0.02978515625 -0.235397338867188 -0.056243896484375 0.261886596679687
0.0750732421875 -0.2054443359375 -0.27130126953125 0.145431518554687
0.189926147460938 -0.0866241455078125 -0.349700927734375 -0.131988525390625
0.14520263671875 0.07891845703125 -0.100433349609375 -0.46875
-0.0343780517578125 0.154556274414063 0.40167236328125 -0.451629638671875
-0.113716125488281 0.0863723754882812 0.422882080078125 -0.05657958984375
-0.202621459960938 -0.00027465820312504 -0.04461669921875 -0.165542602539063
-0.11212158203125 -0.0540008544921875 -0.423065185546875 0.4686279296875
-0.0905990600585938 0.054412841796875 -0.33380126953125 0.437469482421875
-0.00989532470703125 0.111518859863281 -0.17822265625 0.340667724609375
0.0959930419921875 0.0630950927734375 -0.125823974609375 0.34326171875
0.0974884033203125 -0.0397872924804688 -0.01507568359375 0.342742919921875
0.011383056640625 -0.110183715820312 0.119842529296875 0.321136474609375
-0.0349578857421875 -0.0795059204101563 0.1947021484375 0.2867431640625
-0.0336227416992188 -0.0719985961914063 0.122283935546875 0.28643798828125
-0.0367813110351562 -0.091400146484375 -0.048583984375 0.30029296875
-0.00321960449218749 -0.0911102294921875 -0.27777099609375 0.150909423828125
0.0501213073730469 -0.0618019104003906 -0.326904296875 -0.18634033203125
0.0403671264648438 -0.0173912048339844 -0.01055908203125 -0.49505615234375
0.00409340858459473 -0.000651121139526367 0.507049560546875 -0.36712646484375
0.00400638580322266 -0.00650310516357422 0.4267578125 0.027984619140625
-0.0571632385253906 -0.0287551879882813 -0.087005615234375 -0.1663818359375
-0.140579223632813 -0.01336669921875 0.116226196289062 0.0780258178710937
-0.118148803710938 -0.0111923217773438 -0.4327392578125 -0.120574951171875
-0.105972290039063 0.14703369140625 -0.5709228515625 0.35784912109375
0.0402374267578125 0.168670654296875 -0.077880859375 0.56365966796875
0.122482299804688 0.0654525756835938 0.28485107421875 0.2474365234375
0.0923080444335938 -0.0366058349609375 0.25457763671875 -0.145645141601563
0.0241546630859375 -0.0763397216796875 -0.019378662109375 -0.325347900390625
0.0174102783203125 -0.0537223815917969 -0.185760498046875 -0.271987915039063
0.00217056274414063 -0.0598640441894531 -0.24920654296875 -0.269790649414063
0.00270080566406249 -0.0731048583984375 -0.191314697265625 -0.337738037109375
0.034332275390625 -0.0715866088867187 -0.07659912109375 -0.348419189453125
0.0788803100585938 -0.0469131469726563 0.065216064453125 -0.351654052734375
0.0944747924804688 0.0234222412109375 0.166534423828125 -0.37518310546875
0.0771713256835938 0.098297119140625 0.268341064453125 -0.487274169921875
-0.0281600952148438 0.108451843261719 0.40887451171875 -0.5086669921875
-0.2666015625 -0.019866943359375 0.0766983032226562 0.0807037353515625
-0.219650268554688 0.010040283203125 -0.43548583984375 -0.151275634765625
-0.167800903320313 0.265029907226562 -0.594970703125 0.29095458984375
0.106338500976562 0.276992797851563 -0.13775634765625 0.507965087890625
0.24981689453125 0.0784454345703125 0.214340209960938 0.2523193359375
0.168319702148438 -0.147903442382813 0.210586547851563 -0.112823486328125
0.0117950439453125 -0.212539672851563 -0.028839111328125 -0.278671264648438
-0.00520324707031248 -0.1802978515625 -0.18035888671875 -0.227020263671875
-0.04296875 -0.20953369140625 -0.24188232421875 -0.230392456054687
0.00660705566406252 -0.232177734375 -0.212310791015625 -0.287628173828125
0.132781982421875 -0.206832885742188 -0.116912841796875 -0.2972412109375
0.233779907226563 -0.0780792236328125 0.00433349609375001 -0.33782958984375
0.203933715820313 0.155624389648438 0.109130859375 -0.400970458984375
0.0716400146484375 0.257949829101563 0.237548828125 -0.4964599609375
-0.146255493164063 0.215408325195312 0.354217529296875 -0.51397705078125
-0.362030029296875 -0.00692749023437494 -0.0109024047851563 0.08221435546875
-0.29815673828125 0.0670166015625 -0.46612548828125 -0.122650146484375
-0.172027587890625 0.3760986328125 -0.57464599609375 0.27587890625
0.192230224609375 0.34039306640625 -0.161865234375 0.449371337890625
0.351715087890625 0.05731201171875 0.14111328125 0.247238159179688
0.209304809570312 -0.248504638671875 0.151397705078125 -0.0588836669921875
-0.00686645507812501 -0.316253662109375 -0.028350830078125 -0.189544677734375
-0.02520751953125 -0.279830932617188 -0.145050048828125 -0.142974853515625
-0.078826904296875 -0.32958984375 -0.200881958007813 -0.15142822265625
0.015899658203125 -0.3575439453125 -0.215530395507813 -0.198623657226563
0.22186279296875 -0.3046875 -0.160125732421875 -0.2220458984375
0.355987548828125 -0.087158203125 -0.06298828125 -0.325958251953125
0.273941040039063 0.269012451171875 0.0843200683593751 -0.438751220703125
0.0462646484375 0.375518798828125 0.25396728515625 -0.46685791015625
-0.2462158203125 0.2774658203125 0.29339599609375 -0.45458984375
-0.41845703125 0.0313720703125 -0.118850708007813 0.112380981445313
-0.33404541015625 0.156951904296875 -0.487762451171875 -0.041015625
-0.113677978515625 0.4659423828125 -0.5146484375 0.28851318359375
0.28863525390625 0.3416748046875 -0.173187255859375 0.39532470703125
0.4124755859375 -0.002685546875 0.06787109375 0.249954223632813
0.20428466796875 -0.330963134765625 0.0952911376953125 0.01824951171875
-0.0350341796875 -0.372344970703125 -0.00996398925781251 -0.0752792358398438
-0.040802001953125 -0.335662841796875 -0.0892868041992188 -0.03759765625
-0.094635009765625 -0.397796630859375 -0.14410400390625 -0.04736328125
0.040130615234375 -0.421539306640625 -0.210220336914063 -0.0882110595703125
0.29376220703125 -0.333404541015625 -0.207321166992187 -0.143218994140625
0.422454833984375 -0.04827880859375 -0.12481689453125 -0.3260498046875
0.265716552734375 0.355133056640625 0.0985717773437501 -0.48077392578125
-0.018157958984375 0.42254638671875 0.306610107421875 -0.39794921875
-0.317657470703125 0.274200439453125 0.216888427734375 -0.35284423828125
-0.415496826171875 0.0727233886718749 -0.224761962890625 0.184677124023438
-0.30474853515625 0.238922119140625 -0.473358154296875 0.0866394042968751
-0.0185546874999999 0.485443115234375 -0.428558349609375 0.307159423828125
0.357269287109375 0.278839111328125 -0.1766357421875 0.360198974609375
0.4132080078125 -0.079071044921875 0.00933837890625003 0.274002075195313
0.15911865234375 -0.370330810546875 0.0625457763671875 0.11260986328125
-0.06353759765625 -0.375030517578125 0.0325431823730469 0.0457191467285156
-0.051300048828125 -0.3406982421875 -0.0202865600585937 0.0708847045898437
-0.090667724609375 -0.403961181640625 -0.0894622802734375 0.0678558349609375
0.069488525390625 -0.41192626953125 -0.2117919921875 0.02386474609375
0.32568359375 -0.285888671875 -0.262786865234375 -0.086090087890625
0.404052734375 0.026641845703125 -0.164886474609375 -0.351715087890625
0.173248291015625 0.379791259765625 0.162017822265625 -0.511566162109375
-0.095001220703125 0.3721923828125 0.368316650390625 -0.295562744140625
-0.3406982421875 0.20880126953125 0.1214599609375 -0.255416870117188
-0.35406494140625 0.08477783203125 -0.3070068359375 0.293792724609375
-0.229400634765625 0.258026123046875 -0.428619384765625 0.2265625
0.057342529296875 0.415557861328125 -0.336151123046875 0.321197509765625
0.350372314453125 0.181640625 -0.17742919921875 0.34619140625
0.34490966796875 -0.129638671875 -0.0240478515625 0.312835693359375
0.09423828125 -0.348480224609375 0.0653228759765625 0.2099609375
-0.078521728515625 -0.32208251953125 0.09564208984375 0.1556396484375
-0.05377197265625 -0.29351806640625 0.0492401123046875 0.168960571289062
-0.072967529296875 -0.34820556640625 -0.050994873046875 0.176971435546875
0.081817626953125 -0.334503173828125 -0.230117797851563 0.11224365234375
0.28924560546875 -0.192047119140625 -0.317779541015625 -0.0767822265625
0.2994384765625 0.0833740234375 -0.165069580078125 -0.405426025390625
0.04986572265625 0.3092041015625 0.271026611328125 -0.514739990234375
-0.139404296875 0.243209838867187 0.4180908203125 -0.176849365234375
-0.301666259765625 0.1085205078125 0.0231781005859375 -0.181365966796875
-0.247467041015625 0.0474853515625 -0.356689453125 0.4093017578125
-0.146514892578125 0.194625854492187 -0.362762451171875 0.353271484375
0.0689849853515625 0.279815673828125 -0.248504638671875 0.330596923828125
0.260726928710937 0.095947265625 -0.1640625 0.35015869140625
0.23126220703125 -0.124298095703125 -0.02642822265625 0.349456787109375
0.036468505859375 -0.260986328125 0.100006103515625 0.287841796875
-0.0720977783203125 -0.2200927734375 0.167877197265625 0.236343383789062
-0.05035400390625 -0.20098876953125 0.111373901367187 0.242050170898438
-0.0556793212890625 -0.238113403320313 -0.029144287109375 0.26031494140625
0.0546112060546875 -0.218368530273437 -0.25140380859375 0.160247802734375
0.185012817382813 -0.10772705078125 -0.345794677734375 -0.11505126953125
0.15673828125 0.068450927734375 -0.11480712890625 -0.467254638671875
-0.0198822021484375 0.15960693359375 0.399566650390625 -0.47216796875
-0.1015625 0.0924606323242188 0.4423828125 -0.062896728515625
-0.1976318359375 0.0207061767578125 -0.057647705078125 -0.146377563476563
-0.122428894042969 -0.0395431518554688 -0.370635986328125 0.496551513671875
-0.0895233154296875 0.0671310424804688 -0.298736572265625 0.439788818359375
0.00554656982421876 0.123443603515625 -0.174835205078125 0.34033203125
0.11236572265625 0.0544586181640625 -0.1282958984375 0.359161376953125
0.101325988769531 -0.0558319091796875 -0.00115966796874996 0.36328125
0.000350952148437494 -0.118507385253906 0.148223876953125 0.3280029296875
-0.0440216064453125 -0.08294677734375 0.230499267578125 0.275665283203125
-0.0397796630859375 -0.0755691528320313 0.156204223632813 0.276641845703125
-0.0454483032226563 -0.0932540893554688 -0.016632080078125 0.2996826171875
-0.011505126953125 -0.0950164794921875 -0.255844116210938 0.167160034179688
0.0464744567871094 -0.0686302185058594 -0.32745361328125 -0.16778564453125
0.0410575866699219 -0.0194969177246094 -0.023773193359375 -0.4979248046875
0.00388383865356445 -0.00179743766784668 0.51153564453125 -0.389434814453125
0.00645256042480469 -0.0091705322265625 0.4525146484375 0.028228759765625
-0.0567893981933594 -0.02056884765625 -0.0993804931640625 -0.140670776367188
-0.134170532226563 0.00783538818359373 0.124931335449219 0.047576904296875
-0.119979858398438 -0.00177764892578126 -0.457183837890625 -0.110809326171875
-0.0908355712890625 0.157180786132812 -0.559539794921875 0.395721435546875
0.05767822265625 0.162261962890625 -0.05084228515625 0.56378173828125
0.126983642578125 0.0507431030273437 0.290435791015625 0.225128173828125
0.0856399536132813 -0.042388916015625 0.229293823242188 -0.161209106445313
0.01580810546875 -0.0712661743164063 -0.06024169921875 -0.312652587890625
0.0134506225585938 -0.0497627258300781 -0.21868896484375 -0.247116088867188
-0.002471923828125 -0.0538330078125 -0.284942626953125 -0.2449951171875
-0.00659561157226562 -0.0666732788085937 -0.22906494140625 -0.328582763671875
0.0206375122070312 -0.0708847045898438 -0.10235595703125 -0.35723876953125
0.0694503784179688 -0.0554580688476563 0.052703857421875 -0.36773681640625
0.0937347412109375 0.00864410400390625 0.15557861328125 -0.376251220703125
0.0894851684570313 0.0835342407226563 0.22381591796875 -0.48553466796875
-0.0113525390625 0.110931396484375 0.34259033203125 -0.537445068359375
-0.255767822265625 0.0150451660156251 0.088592529296875 0.0525360107421875
-0.215682983398438 0.0280914306640625 -0.4599609375 -0.144134521484375
-0.135955810546875 0.279800415039062 -0.59002685546875 0.32806396484375
0.1358642578125 0.260696411132812 -0.116668701171875 0.5137939453125
0.254730224609375 0.0470733642578125 0.221847534179688 0.234725952148438
0.145217895507813 -0.163192749023438 0.1876220703125 -0.124801635742188
-0.0152435302734375 -0.2052001953125 -0.06500244140625 -0.266143798828125
-0.025848388671875 -0.174163818359375 -0.206863403320312 -0.203369140625
-0.0681915283203125 -0.1971435546875 -0.273651123046875 -0.2091064453125
-0.0240631103515625 -0.226959228515625 -0.245651245117188 -0.277313232421875
0.102386474609375 -0.218353271484375 -0.1380615234375 -0.302459716796875
0.22265625 -0.104965209960938 -0.00601196289062502 -0.349853515625
0.220474243164063 0.1295166015625 0.098175048828125 -0.3985595703125
0.101287841796875 0.2430419921875 0.1943359375 -0.492919921875
-0.116424560546875 0.230438232421875 0.287567138671875 -0.53668212890625
-0.348175048828125 0.0373840332031249 0.00614547729492186 0.0638046264648438
-0.286041259765625 0.0919189453125 -0.481414794921875 -0.113922119140625
-0.127593994140625 0.39141845703125 -0.5682373046875 0.30914306640625
0.228271484375 0.313812255859375 -0.14459228515625 0.456329345703125
0.355224609375 0.01373291015625 0.149642944335938 0.235763549804688
0.1732177734375 -0.2691650390625 0.133766174316406 -0.06634521484375
-0.04913330078125 -0.30755615234375 -0.053558349609375 -0.179397583007813
-0.0601654052734375 -0.271514892578125 -0.16168212890625 -0.125381469726563
-0.120849609375 -0.31182861328125 -0.224151611328125 -0.137115478515625
-0.03076171875 -0.35418701171875 -0.23785400390625 -0.188796997070313
0.1798095703125 -0.328643798828125 -0.172378540039062 -0.223358154296875
0.345977783203125 -0.12835693359375 -0.072357177734375 -0.332000732421875
0.30560302734375 0.235595703125 0.068756103515625 -0.43548583984375
0.0887451171875 0.363189697265625 0.2166748046875 -0.467132568359375
-0.2078857421875 0.303680419921875 0.234039306640625 -0.468353271484375
-0.4014892578125 0.081268310546875 -0.093719482421875 0.106925964355469
-0.315582275390625 0.187835693359375 -0.49139404296875 -0.0320739746093749
-0.060333251953125 0.47796630859375 -0.5028076171875 0.3150634765625
0.32769775390625 0.305816650390625 -0.159210205078125 0.40386962890625
0.412078857421875 -0.055450439453125 0.0792999267578125 0.246841430664063
0.158111572265625 -0.352264404296875 0.0873031616210938 0.0153121948242187
-0.085479736328125 -0.36273193359375 -0.0209007263183594 -0.0694046020507813
-0.082550048828125 -0.328216552734375 -0.0925216674804687 -0.02947998046875
-0.145751953125 -0.380828857421875 -0.154754638671875 -0.042388916015625
-0.015350341796875 -0.423187255859375 -0.218551635742188 -0.0803680419921875
0.249969482421875 -0.368408203125 -0.209625244140625 -0.139190673828125
0.41851806640625 -0.096954345703125 -0.13189697265625 -0.32513427734375
0.306732177734375 0.32318115234375 0.0772705078125 -0.48028564453125
0.032135009765625 0.416259765625 0.27825927734375 -0.405670166015625
-0.279296875 0.30828857421875 0.1729736328125 -0.3616943359375
-0.39862060546875 0.1217041015625 -0.188446044921875 0.1898193359375
-0.280120849609375 0.269134521484375 -0.462188720703125 0.0957641601562501
0.03912353515625 0.49127197265625 -0.4158935546875 0.326019287109375
0.391021728515625 0.236907958984375 -0.16632080078125 0.370880126953125
0.4051513671875 -0.132537841796875 0.023590087890625 0.277755737304688
0.109588623046875 -0.38848876953125 0.065887451171875 0.113800048828125
-0.113983154296875 -0.36505126953125 0.0374984741210937 0.0447463989257812
-0.094024658203125 -0.33441162109375 -0.0104217529296875 0.070465087890625
-0.143096923828125 -0.38922119140625 -0.0846481323242188 0.0663375854492187
0.015655517578125 -0.41888427734375 -0.204254150390625 0.0317535400390625
0.28857421875 -0.324615478515625 -0.256988525390625 -0.0748748779296875
0.409820556640625 -0.019927978515625 -0.176483154296875 -0.343048095703125
0.217010498046875 0.358154296875 0.137969970703125 -0.518463134765625
-0.0506591796875 0.3743896484375 0.352783203125 -0.311431884765625
-0.30712890625 0.246673583984375 0.09033203125 -0.253173828125
-0.34002685546875 0.12713623046875 -0.259246826171875 0.308013916015625
-0.20526123046875 0.284637451171875 -0.402313232421875 0.2327880859375
0.10882568359375 0.41650390625 -0.321563720703125 0.331634521484375
0.3770751953125 0.140380859375 -0.170257568359375 0.35986328125
0.33453369140625 -0.17633056640625 -0.00476074218749998 0.323333740234375
0.048553466796875 -0.361663818359375 0.0813751220703125 0.211685180664062
-0.122039794921875 -0.3125 0.114593505859375 0.145599365234375
-0.091766357421875 -0.289154052734375 0.070556640625 0.15924072265625
-0.118072509765625 -0.337677001953125 -0.031768798828125 0.170791625976562
0.038360595703125 -0.34429931640625 -0.210342407226563 0.122634887695312
0.26416015625 -0.22735595703125 -0.3101806640625 -0.0573120117187501
0.31158447265625 0.0498046875 -0.1822509765625 -0.39520263671875
0.08514404296875 0.30169677734375 0.247467041015625 -0.53167724609375
-0.107986450195313 0.250350952148437 0.418304443359375 -0.198455810546875
-0.278518676757813 0.143112182617188 0.00463867187499999 -0.167190551757813
-0.243316650390625 0.0786285400390625 -0.296417236328125 0.42669677734375
-0.12835693359375 0.214431762695313 -0.3243408203125 0.35284423828125
0.107101440429687 0.279693603515625 -0.236328125 0.33489990234375
0.279922485351563 0.0639801025390625 -0.154205322265625 0.365936279296875
0.221786499023438 -0.15789794921875 -0.00216674804687498 0.363494873046875
0.00212097167968749 -0.26947021484375 0.126495361328125 0.2872314453125
-0.102676391601563 -0.214157104492188 0.19805908203125 0.218551635742188
-0.076324462890625 -0.199462890625 0.142501831054688 0.224258422851562
-0.0868988037109375 -0.232513427734375 0.00135803222656251 0.251846313476563
0.027252197265625 -0.225234985351562 -0.22442626953125 0.173492431640625
0.171401977539063 -0.130996704101562 -0.339996337890625 -0.0894775390625
0.166351318359375 0.0511016845703125 -0.136566162109375 -0.459259033203125
-0.0021514892578125 0.159133911132813 0.3828125 -0.498870849609375
-0.08648681640625 0.09765625 0.4581298828125 -0.08221435546875
-0.18597412109375 0.046142578125 -0.0690689086914063 -0.121749877929688
-0.129425048828125 -0.0206756591796875 -0.300506591796875 0.516937255859375
-0.0827178955078125 0.0813522338867188 -0.255096435546875 0.436737060546875
0.02581787109375 0.129417419433594 -0.16363525390625 0.33966064453125
0.126388549804688 0.0390777587890625 -0.117156982421875 0.37689208984375
0.098724365234375 -0.0743255615234375 0.024749755859375 0.378814697265625
-0.0147476196289062 -0.123428344726563 0.183197021484375 0.32366943359375
-0.0557327270507812 -0.0827255249023438 0.26776123046875 0.250823974609375
-0.048797607421875 -0.0770339965820312 0.191452026367188 0.25396728515625
-0.0564117431640625 -0.0915679931640625 0.0196533203125 0.29168701171875
-0.0220489501953125 -0.0951385498046875 -0.226409912109375 0.183013916015625
0.0396499633789063 -0.074737548828125 -0.323577880859375 -0.14398193359375
0.04046630859375 -0.0229644775390625 -0.04742431640625 -0.495391845703125
0.00286507606506348 -0.00239014625549316 0.50018310546875 -0.4227294921875
0.00813674926757812 -0.0128087997436523 0.47747802734375 0.013427734375
-0.0533828735351563 -0.0105361938476562 -0.107696533203125 -0.109321594238281
-0.119728088378906 0.02471923828125 0.125198364257813 0.0146331787109375
-0.116790771484375 0.00743865966796872 -0.468719482421875 -0.092620849609375
-0.0715179443359375 0.1602783203125 -0.52740478515625 0.42266845703125
0.07147216796875 0.148788452148438 -0.022430419921875 0.55181884765625
0.124488830566406 0.034698486328125 0.287200927734375 0.196136474609375
0.0763320922851563 -0.0465621948242188 0.19793701171875 -0.166366577148437
0.00926971435546875 -0.0637969970703125 -0.0947265625 -0.285614013671875
0.0111045837402344 -0.0447196960449219 -0.239532470703125 -0.210220336914062
-0.00503921508789062 -0.0467300415039062 -0.3076171875 -0.208648681640625
-0.0142250061035156 -0.0573043823242188 -0.259521484375 -0.3031005859375
0.00745391845703125 -0.0654258728027344 -0.128387451171875 -0.352203369140625
0.056915283203125 -0.0607261657714844 0.035125732421875 -0.3736572265625
0.0878448486328125 -0.00522613525390625 0.141357421875 -0.36688232421875
0.09521484375 0.0648193359375 0.17791748046875 -0.46630859375
0.00527191162109374 0.106864929199219 0.266510009765625 -0.538421630859375
-0.231979370117188 0.04425048828125 0.0923538208007812 0.0214080810546875
-0.202774047851562 0.044586181640625 -0.471527099609375 -0.127349853515625
-0.100616455078125 0.28192138671875 -0.5625 0.356689453125
0.156646728515625 0.234100341796875 -0.091888427734375 0.50604248046875
0.247116088867188 0.0153656005859375 0.221099853515625 0.211532592773438
0.118087768554688 -0.169219970703125 0.159561157226563 -0.128219604492188
-0.03912353515625 -0.188278198242187 -0.09417724609375 -0.240249633789063
-0.0438385009765625 -0.15985107421875 -0.22332763671875 -0.17034912109375
-0.087646484375 -0.175430297851563 -0.294036865234375 -0.176177978515625
-0.051025390625 -0.209991455078125 -0.27099609375 -0.253036499023437
0.069488525390625 -0.21881103515625 -0.15838623046875 -0.297454833984375
0.201126098632812 -0.125778198242188 -0.0205078125 -0.3538818359375
0.22540283203125 0.0986785888671875 0.0851440429687501 -0.387298583984375
0.123291015625 0.216842651367188 0.150115966796875 -0.47271728515625
-0.0823211669921875 0.233428955078125 0.21551513671875 -0.531402587890625
-0.3175048828125 0.074798583984375 0.018646240234375 0.0411453247070313
-0.264617919921875 0.112747192382813 -0.4869384765625 -0.0990905761718751
-0.079437255859375 0.38897705078125 -0.541778564453125 0.3355712890625
0.252166748046875 0.274581909179688 -0.123077392578125 0.451873779296875
0.341339111328125 -0.029541015625 0.153228759765625 0.218460083007813
0.130538940429688 -0.274749755859375 0.113845825195313 -0.067413330078125
-0.086212158203125 -0.283355712890625 -0.0736541748046875 -0.160125732421875
-0.089874267578125 -0.25140380859375 -0.170516967773438 -0.102325439453125
-0.1539306640625 -0.281219482421875 -0.238784790039062 -0.114166259765625
-0.074249267578125 -0.333343505859375 -0.254409790039063 -0.170013427734375
0.131561279296875 -0.335235595703125 -0.18310546875 -0.217727661132813
0.319915771484375 -0.163482666015625 -0.0826416015625 -0.330352783203125
0.320587158203125 0.19189453125 0.051025390625 -0.423858642578125
0.124298095703125 0.33453369140625 0.176544189453125 -0.451080322265625
-0.161590576171875 0.313995361328125 0.171661376953125 -0.462554931640625
-0.36651611328125 0.123016357421875 -0.0691986083984375 0.0925140380859375
-0.284393310546875 0.20977783203125 -0.4837646484375 -0.018798828125
-0.00369262695312495 0.46795654296875 -0.476043701171875 0.33404541015625
0.34942626953125 0.256591796875 -0.139739990234375 0.40240478515625
0.390960693359375 -0.1044921875 0.0878448486328125 0.235397338867188
0.10699462890625 -0.3551025390625 0.0774383544921875 0.0153045654296875
-0.129486083984375 -0.334259033203125 -0.0289802551269531 -0.0604820251464844
-0.11932373046875 -0.305084228515625 -0.092193603515625 -0.0198822021484375
-0.18719482421875 -0.345489501953125 -0.16058349609375 -0.0318603515625
-0.067291259765625 -0.403350830078125 -0.22119140625 -0.0682525634765625
0.1951904296875 -0.383270263671875 -0.208389282226562 -0.131591796875
0.396087646484375 -0.1412353515625 -0.140869140625 -0.31689453125
0.33203125 0.27655029296875 0.054443359375 -0.467620849609375
0.074310302734375 0.39154052734375 0.243896484375 -0.400909423828125
-0.227996826171875 0.326324462890625 0.124847412109375 -0.353912353515625
-0.3642578125 0.162261962890625 -0.14984130859375 0.182891845703125
-0.24468994140625 0.2889404296875 -0.441253662109375 0.1004638671875
0.09588623046875 0.47503662109375 -0.388275146484375 0.334716796875
0.407989501953125 0.183685302734375 -0.149871826171875 0.370697021484375
0.37786865234375 -0.17999267578125 0.0390167236328125 0.272674560546875
0.05517578125 -0.387939453125 0.0692062377929687 0.112838745117187
-0.158050537109375 -0.3355712890625 0.0403938293457031 0.0414772033691406
-0.131744384765625 -0.3111572265625 -0.00135040283203126 0.066131591796875
-0.186248779296875 -0.355804443359375 -0.080169677734375 0.0635757446289062
-0.0377197265625 -0.403289794921875 -0.193496704101563 0.037750244140625
0.237945556640625 -0.34747314453125 -0.2449951171875 -0.063323974609375
0.39715576171875 -0.065826416015625 -0.182861328125 -0.329193115234375
0.24932861328125 0.32012939453125 0.108306884765625 -0.51092529296875
-0.00802612304687496 0.359466552734375 0.327239990234375 -0.319061279296875
-0.259521484375 0.270523071289063 0.0610504150390625 -0.239852905273438
-0.311431884765625 0.162322998046875 -0.205413818359375 0.30340576171875
-0.171417236328125 0.29888916015625 -0.369232177734375 0.228790283203125
0.157470703125 0.3970947265625 -0.299072265625 0.333160400390625
0.38580322265625 0.09259033203125 -0.153106689453125 0.364990234375
0.306121826171875 -0.2159423828125 0.017242431640625 0.32275390625
0.000518798828124973 -0.35638427734375 0.09674072265625 0.206634521484375
-0.159912109375 -0.28729248046875 0.128211975097656 0.129684448242187
-0.125274658203125 -0.270751953125 0.0879974365234375 0.141754150390625
-0.15667724609375 -0.3114013671875 -0.0156097412109375 0.158370971679687
-0.00689697265625001 -0.3365478515625 -0.18646240234375 0.1263427734375
0.2269287109375 -0.25079345703125 -0.292266845703125 -0.03955078125
0.309326171875 0.012725830078125 -0.19378662109375 -0.3751220703125
0.115692138671875 0.280059814453125 0.213897705078125 -0.534698486328125
-0.0741729736328125 0.24578857421875 0.40472412109375 -0.216156005859375
-0.242965698242188 0.1680908203125 -0.00898742675781253 -0.1470947265625
-0.225830078125 0.106170654296875 -0.229095458984375 0.421905517578125
-0.103240966796875 0.226089477539062 -0.283538818359375 0.33843994140625
0.1416015625 0.265365600585938 -0.218017578125 0.33135986328125
0.284820556640625 0.028045654296875 -0.137664794921875 0.373443603515625
0.19903564453125 -0.185943603515625 0.025421142578125 0.364288330078125
-0.0333099365234375 -0.26348876953125 0.151626586914062 0.275527954101563
-0.128952026367188 -0.19696044921875 0.21875 0.18963623046875
-0.0995635986328125 -0.188278198242188 0.164505004882813 0.196182250976563
-0.113143920898437 -0.2166748046875 0.027862548828125 0.233154296875
-0.00148010253906252 -0.221817016601563 -0.192047119140625 0.178192138671875
0.150283813476563 -0.1466064453125 -0.321563720703125 -0.0653076171875
0.1688232421875 0.030731201171875 -0.153106689453125 -0.43798828125
0.01605224609375 0.152252197265625 0.351104736328125 -0.513214111328125
-0.07025146484375 0.0972671508789062 0.458770751953125 -0.105926513671875
-0.1639404296875 0.0653533935546875 -0.07220458984375 -0.0939559936523438
-0.128623962402344 -0.000892639160156253 -0.22503662109375 0.5108642578125
-0.0721206665039062 0.0922622680664063 -0.209930419921875 0.41632080078125
0.0458602905273437 0.127609252929688 -0.149169921875 0.333526611328125
0.133491516113281 0.0198745727539063 -0.099273681640625 0.386016845703125
0.0897445678710938 -0.0895538330078125 0.055145263671875 0.38043212890625
-0.030364990234375 -0.121345520019531 0.213043212890625 0.3050537109375
-0.0671005249023438 -0.0773773193359375 0.290557861328125 0.213043212890625
-0.0579376220703125 -0.0746612548828125 0.216094970703125 0.220138549804688
-0.0657730102539063 -0.0865859985351563 0.051544189453125 0.270462036132813
-0.0316238403320313 -0.0914764404296875 -0.190826416015625 0.188018798828125
0.0309524536132813 -0.0771331787109375 -0.310760498046875 -0.11767578125
0.0392341613769531 -0.0264511108398438 -0.07080078125 -0.478424072265625
0.00284862518310547 -0.00272297859191895 0.47381591796875 -0.44622802734375
0.00845241546630859 -0.0157661437988281 0.486785888671875 -0.010284423828125
-0.0465202331542969 -0.00201416015625 -0.106765747070313 -0.0753250122070312
-0.102447509765625 0.033203125 0.117767333984375 -0.0141143798828125
-0.111335754394531 0.0134201049804687 -0.468048095703125 -0.0786437988281249
-0.0565338134765625 0.156494140625 -0.496002197265625 0.42822265625
0.077178955078125 0.133834838867188 -0.00692749023437496 0.529632568359375
0.117164611816406 0.02349853515625 0.272506713867188 0.17449951171875
0.0674476623535156 -0.0462684631347656 0.170578002929688 -0.1611328125
0.00664901733398438 -0.05560302734375 -0.113571166992187 -0.253265380859375
0.010528564453125 -0.0406684875488281 -0.244354248046875 -0.175949096679687
-0.00445175170898438 -0.0399322509765625 -0.314300537109375 -0.174224853515625
-0.016632080078125 -0.0470046997070312 -0.2752685546875 -0.275299072265625
-0.00132369995117188 -0.0564498901367188 -0.14398193359375 -0.34234619140625
0.0450210571289063 -0.0608367919921875 0.0240478515625 -0.37188720703125
0.0796051025390625 -0.0149154663085937 0.1348876953125 -0.35321044921875
0.0942230224609375 0.048187255859375 0.148529052734375 -0.433990478515625
0.0177841186523438 0.0996856689453125 0.2054443359375 -0.5177001953125
-0.203277587890625 0.059234619140625 0.0884323120117188 -0.0067596435546875
-0.187255859375 0.0522003173828125 -0.4727783203125 -0.115966796875
-0.0721282958984375 0.271743774414063 -0.5340576171875 0.3663330078125
0.164215087890625 0.206222534179688 -0.076507568359375 0.488250732421875
0.2313232421875 -0.0061187744140625 0.211380004882813 0.192398071289063
0.0938873291015625 -0.165451049804688 0.136024475097656 -0.121833801269531
-0.0528106689453125 -0.1685791015625 -0.1099853515625 -0.211944580078125
-0.053253173828125 -0.143768310546875 -0.22607421875 -0.141098022460938
-0.0967254638671875 -0.153762817382813 -0.300048828125 -0.145294189453125
-0.067169189453125 -0.188919067382813 -0.28271484375 -0.227447509765625
0.043731689453125 -0.2078857421875 -0.169677734375 -0.28814697265625
0.17779541015625 -0.136032104492188 -0.029541015625 -0.352020263671875
0.219284057617187 0.072601318359375 0.07940673828125 -0.370941162109375
0.1319580078125 0.190887451171875 0.123504638671875 -0.439910888671875
-0.0540771484375 0.225936889648437 0.15966796875 -0.50396728515625
-0.281494140625 0.09454345703125 0.0238914489746094 0.0170211791992188
-0.240447998046875 0.121124267578125 -0.479766845703125 -0.090301513671875
-0.04254150390625 0.372344970703125 -0.51287841796875 0.343170166015625
0.259033203125 0.236602783203125 -0.109619140625 0.437713623046875
0.317108154296875 -0.059326171875 0.148178100585938 0.202728271484375
0.0953826904296875 -0.267440795898438 0.09619140625 -0.0620346069335938
-0.10797119140625 -0.254226684570313 -0.0836639404296875 -0.139579772949219
-0.107040405273438 -0.227447509765625 -0.17022705078125 -0.0826568603515625
-0.171096801757813 -0.247406005859375 -0.243423461914063 -0.0929718017578125
-0.10205078125 -0.3037109375 -0.259445190429688 -0.15228271484375
0.092529296875 -0.32635498046875 -0.186599731445312 -0.210968017578125
0.290313720703125 -0.182403564453125 -0.0865478515625 -0.325897216796875
0.319091796875 0.154541015625 0.043670654296875 -0.404937744140625
0.142059326171875 0.30224609375 0.150360107421875 -0.423858642578125
-0.121124267578125 0.3082275390625 0.124908447265625 -0.435882568359375
-0.326263427734375 0.14410400390625 -0.0518341064453125 0.0720367431640625
-0.252609252929687 0.217529296875 -0.46978759765625 -0.015869140625
0.036773681640625 0.444915771484375 -0.44989013671875 0.334991455078125
0.352386474609375 0.21221923828125 -0.128265380859375 0.391998291015625
0.359405517578125 -0.136474609375 0.0888214111328125 0.22314453125
0.064910888671875 -0.34246826171875 0.0687179565429688 0.0187950134277344
-0.15521240234375 -0.299530029296875 -0.0326461791992188 -0.0508193969726563
-0.141265869140625 -0.276947021484375 -0.0889205932617188 -0.0126495361328125
-0.209991455078125 -0.305755615234375 -0.16259765625 -0.023712158203125
-0.102630615234375 -0.371856689453125 -0.21875 -0.0593414306640625
0.148284912109375 -0.378692626953125 -0.20196533203125 -0.1278076171875
0.365203857421875 -0.16888427734375 -0.14044189453125 -0.30841064453125
0.337677001953125 0.233795166015625 0.043701171875 -0.44854736328125
0.10003662109375 0.359375 0.21826171875 -0.382904052734375
-0.181671142578125 0.3245849609375 0.09063720703125 -0.33062744140625
-0.3238525390625 0.183319091796875 -0.119659423828125 0.163314819335938
-0.2113037109375 0.29364013671875 -0.420318603515625 0.0955810546875
0.13372802734375 0.44775390625 -0.36651611328125 0.330963134765625
0.40460205078125 0.138336181640625 -0.138641357421875 0.364410400390625
0.342803955078125 -0.2088623046875 0.0462188720703125 0.262969970703125
0.0133056640625 -0.370880126953125 0.0697479248046875 0.112342834472656
-0.18499755859375 -0.29998779296875 0.0424613952636719 0.0388031005859375
-0.155853271484375 -0.284027099609375 0.00472640991210936 0.059722900390625
-0.211944580078125 -0.3177490234375 -0.0767135620117188 0.0596923828125
-0.074859619140625 -0.376190185546875 -0.18206787109375 0.0379638671875
0.192474365234375 -0.3494873046875 -0.229476928710937 -0.0593719482421875
0.373199462890625 -0.09735107421875 -0.181182861328125 -0.31500244140625
0.26220703125 0.282501220703125 0.090301513671875 -0.49365234375
0.020355224609375 0.33441162109375 0.306793212890625 -0.312591552734375
-0.215194702148438 0.274154663085938 0.0408935546875 -0.219085693359375
-0.278472900390625 0.181304931640625 -0.1622314453125 0.282867431640625
-0.1407470703125 0.3018798828125 -0.34356689453125 0.2120361328125
0.188568115234375 0.36993408203125 -0.280975341796875 0.32415771484375
0.3792724609375 0.052459716796875 -0.141448974609375 0.361175537109375
0.272689819335938 -0.2388916015625 0.030853271484375 0.31451416015625
-0.03509521484375 -0.338897705078125 0.105728149414063 0.198822021484375
-0.182891845703125 -0.256484985351563 0.133567810058594 0.113426208496094
-0.146041870117188 -0.247039794921875 0.0959854125976562 0.123062133789062
-0.1798095703125 -0.27984619140625 -0.00563049316406251 0.144302368164062
-0.0394287109375 -0.316436767578125 -0.165435791015625 0.12139892578125
0.192062377929688 -0.2578125 -0.26983642578125 -0.031341552734375
0.29644775390625 -0.015045166015625 -0.19268798828125 -0.356170654296875
0.13201904296875 0.254074096679688 0.189117431640625 -0.522186279296875
-0.050750732421875 0.231979370117187 0.390899658203125 -0.220672607421875
-0.205673217773437 0.176498413085938 -0.0147705078125 -0.125862121582031
-0.204696655273438 0.122726440429688 -0.175537109375 0.3975830078125
-0.0811614990234375 0.228103637695313 -0.255950927734375 0.312896728515625
0.1641845703125 0.2457275390625 -0.206207275390625 0.31744384765625
0.279022216796875 -0.000457763671875 -0.1248779296875 0.372406005859375
0.174209594726563 -0.201126098632813 0.0439453125 0.35723876953125
-0.057891845703125 -0.249526977539062 0.166091918945313 0.260696411132813
-0.1451416015625 -0.176040649414063 0.226333618164063 0.161712646484375
-0.115234375 -0.172653198242187 0.174270629882813 0.1680908203125
-0.129531860351563 -0.196685791015625 0.0439605712890625 0.211196899414063
-0.0235748291015625 -0.210037231445313 -0.164749145507813 0.171127319335938
0.128524780273438 -0.153091430664063 -0.29852294921875 -0.0534973144531251
0.164627075195313 0.0137481689453125 -0.15765380859375 -0.416168212890625
0.0275421142578125 0.141571044921875 0.32330322265625 -0.510284423828125
-0.05645751953125 0.092010498046875 0.453399658203125 -0.116973876953125
-0.14093017578125 0.07415771484375 -0.0671119689941406 -0.0691108703613281
-0.122512817382813 0.0150985717773438 -0.165130615234375 0.482269287109375
-0.060272216796875 0.0983963012695313 -0.17962646484375 0.383758544921875
0.061309814453125 0.121284484863281 -0.14068603515625 0.318389892578125
0.134452819824219 0.0032501220703125 -0.086395263671875 0.385162353515625
0.0787429809570312 -0.0992965698242188 0.075347900390625 0.371856689453125
-0.0423812866210937 -0.1156005859375 0.23004150390625 0.2833251953125
-0.074310302734375 -0.0703353881835938 0.298675537109375 0.1771240234375
-0.064605712890625 -0.0707244873046875 0.225021362304688 0.186294555664063
-0.0719528198242188 -0.08026123046875 0.0714263916015625 0.245391845703125
-0.0380477905273437 -0.0856170654296875 -0.160995483398438 0.180816650390625
0.0231170654296875 -0.0768356323242188 -0.290313720703125 -0.10247802734375
0.0371627807617188 -0.0289840698242188 -0.079986572265625 -0.457763671875
0.0025181770324707 -0.00250554084777832 0.44818115234375 -0.450286865234375
0.00844383239746093 -0.0182456970214844 0.48590087890625 -0.024627685546875
-0.0375251770019531 0.00323867797851562 -0.096343994140625 -0.0463638305664063
-0.0882644653320313 0.034454345703125 0.107536315917969 -0.0378265380859375
-0.106948852539063 0.015472412109375 -0.46795654296875 -0.0784301757812501
-0.0471954345703125 0.151611328125 -0.478424072265625 0.420806884765625
0.077545166015625 0.1231689453125 -0.00515747070312496 0.511627197265625
0.109748840332031 0.017120361328125 0.2559814453125 0.1650390625
0.0609664916992188 -0.0436897277832031 0.152633666992188 -0.1500244140625
0.007232666015625 -0.0486869812011719 -0.121063232421875 -0.226837158203125
0.0114212036132812 -0.0370712280273438 -0.242645263671875 -0.151962280273438
-0.00295639038085938 -0.0358085632324219 -0.314239501953125 -0.149444580078125
-0.0163040161132812 -0.0388031005859375 -0.28167724609375 -0.25506591796875
-0.00589370727539063 -0.0476455688476563 -0.152099609375 -0.335662841796875
0.0363655090332031 -0.0593681335449219 0.02069091796875 -0.371673583984375
0.0712203979492188 -0.0204086303710937 0.13995361328125 -0.340911865234375
0.0906753540039062 0.036224365234375 0.1363525390625 -0.401580810546875
0.0264205932617187 0.0915908813476563 0.1676025390625 -0.488922119140625
-0.179336547851563 0.0632781982421875 0.080535888671875 -0.0302810668945312
-0.175308227539062 0.054229736328125 -0.4715576171875 -0.115203857421875
-0.055633544921875 0.260055541992188 -0.516815185546875 0.362640380859375
0.1640625 0.185638427734375 -0.075225830078125 0.473175048828125
0.215621948242188 -0.01885986328125 0.197723388671875 0.183029174804688
0.0767974853515625 -0.158096313476563 0.120086669921875 -0.111572265625
-0.0589447021484375 -0.150421142578125 -0.11590576171875 -0.188034057617188
-0.0572052001953125 -0.131034851074219 -0.223007202148437 -0.1199951171875
-0.0994338989257813 -0.1365966796875 -0.30084228515625 -0.124481201171875
-0.0752105712890625 -0.170166015625 -0.287139892578125 -0.21051025390625
0.0274505615234375 -0.195449829101562 -0.1749267578125 -0.283477783203125
0.160308837890625 -0.139251708984375 -0.030792236328125 -0.35235595703125
0.210311889648438 0.055755615234375 0.084503173828125 -0.359161376953125
0.133331298828125 0.170669555664063 0.11444091796875 -0.40667724609375
-0.0350494384765625 0.215042114257813 0.1253662109375 -0.47515869140625
-0.251251220703125 0.101348876953125 0.0240612030029297 -0.00522804260253906
-0.221710205078125 0.121734619140625 -0.475006103515625 -0.094085693359375
-0.01995849609375 0.35400390625 -0.496917724609375 0.337066650390625
0.25677490234375 0.20977783203125 -0.109222412109375 0.424530029296875
0.294342041015625 -0.07623291015625 0.13800048828125 0.193893432617188
0.0711517333984375 -0.25543212890625 0.0846939086914063 -0.0529403686523438
-0.120147705078125 -0.228744506835938 -0.0870895385742188 -0.123146057128906
-0.115631103515625 -0.207748413085938 -0.166702270507813 -0.0696563720703125
-0.177780151367188 -0.220199584960937 -0.244873046875 -0.0783843994140625
-0.1165771484375 -0.277328491210938 -0.260711669921875 -0.140899658203125
0.066436767578125 -0.312713623046875 -0.186553955078125 -0.2098388671875
0.265853881835938 -0.190826416015625 -0.0859375 -0.32598876953125
0.310821533203125 0.128662109375 0.0478515625 -0.390472412109375
0.148086547851563 0.275711059570313 0.1414794921875 -0.39520263671875
-0.09381103515625 0.296295166015625 0.096160888671875 -0.40899658203125
-0.29180908203125 0.15179443359375 -0.0411758422851563 0.0503196716308594
-0.230117797851562 0.216720581054688 -0.4605712890625 -0.0240478515625
0.061859130859375 0.421417236328125 -0.43389892578125 0.326446533203125
0.34674072265625 0.180877685546875 -0.1278076171875 0.380340576171875
0.33172607421875 -0.154266357421875 0.0838165283203125 0.2156982421875
0.036773681640625 -0.326141357421875 0.0625991821289063 0.0248298645019531
-0.169631958007812 -0.2691650390625 -0.0332908630371094 -0.0433311462402344
-0.15313720703125 -0.253646850585938 -0.0851821899414063 -0.00880432128906251
-0.220703125 -0.274093627929688 -0.163742065429688 -0.0178985595703125
-0.12274169921875 -0.34332275390625 -0.216079711914063 -0.05560302734375
0.11602783203125 -0.36822509765625 -0.195556640625 -0.129913330078125
0.33978271484375 -0.182464599609375 -0.134765625 -0.305999755859375
0.33355712890625 0.2049560546875 0.042938232421875 -0.432769775390625
0.111968994140625 0.3326416015625 0.207916259765625 -0.362579345703125
-0.14959716796875 0.3155517578125 0.071075439453125 -0.307708740234375
-0.29193115234375 0.1912841796875 -0.0996704101562501 0.140884399414063
-0.187286376953125 0.291351318359375 -0.407501220703125 0.0787658691406251
0.15728759765625 0.42083740234375 -0.354949951171875 0.317779541015625
0.395843505859375 0.107452392578125 -0.138092041015625 0.355072021484375
0.31341552734375 -0.224853515625 0.046966552734375 0.256484985351563
-0.01385498046875 -0.35198974609375 0.0699081420898438 0.113937377929687
-0.198715209960938 -0.269439697265625 0.0436515808105469 0.0363655090332031
-0.168655395507813 -0.260711669921875 0.00799179077148436 0.05322265625
-0.223846435546875 -0.28662109375 -0.0761260986328125 0.0558013916015625
-0.0966796875 -0.350738525390625 -0.174179077148438 0.0345916748046875
0.1607666015625 -0.343505859375 -0.216690063476562 -0.062835693359375
0.351898193359375 -0.115478515625 -0.174591064453125 -0.308502197265625
0.264617919921875 0.253631591796875 0.08642578125 -0.477081298828125
0.03485107421875 0.311859130859375 0.297637939453125 -0.3009033203125
-0.181915283203125 0.268768310546875 0.031280517578125 -0.198745727539063
-0.251373291015625 0.189483642578125 -0.134017944335937 0.256591796875
-0.12060546875 0.298980712890625 -0.3304443359375 0.189056396484375
0.2078857421875 0.345550537109375 -0.275177001953125 0.3087158203125
0.36883544921875 0.025299072265625 -0.13873291015625 0.35595703125
0.246002197265625 -0.250228881835938 0.036956787109375 0.30810546875
-0.05877685546875 -0.320892333984375 0.11016845703125 0.195877075195312
-0.195220947265625 -0.230255126953125 0.135498046875 0.101158142089844
-0.158203125 -0.22845458984375 0.0991973876953125 0.108139038085938
-0.191680908203125 -0.254623413085938 -0.00201416015625001 0.131820678710937
-0.05908203125 -0.296295166015625 -0.152542114257813 0.112838745117187
0.166015625 -0.256851196289063 -0.252090454101563 -0.0333099365234375
0.28387451171875 -0.03204345703125 -0.186065673828125 -0.345306396484375
0.138595581054687 0.234237670898437 0.179229736328125 -0.508880615234375
-0.0366973876953125 0.217117309570313 0.384246826171875 -0.217498779296875
-0.177047729492187 0.175201416015625 -0.01409912109375 -0.107284545898437
-0.186859130859375 0.1331787109375 -0.142303466796875 0.368804931640625
-0.06591796875 0.227630615234375 -0.243011474609375 0.28302001953125
0.178497314453125 0.229568481445312 -0.204437255859375 0.30230712890625
0.271682739257813 -0.0209197998046875 -0.12164306640625 0.369720458984375
0.155014038085937 -0.209274291992187 0.05322265625 0.3505859375
-0.074798583984375 -0.23553466796875 0.173858642578125 0.250625610351563
-0.154434204101562 -0.158187866210938 0.2276611328125 0.14105224609375
-0.123764038085938 -0.160171508789063 0.1763916015625 0.146453857421875
-0.138565063476562 -0.179794311523438 0.051361083984375 0.19287109375
-0.036346435546875 -0.19805908203125 -0.1466064453125 0.160354614257813
0.113067626953125 -0.15374755859375 -0.2781982421875 -0.0516815185546875
0.15948486328125 0.0035400390625 -0.153106689453125 -0.402557373046875
0.0328826904296875 0.132362365722656 0.310089111328125 -0.500213623046875
-0.047943115234375 0.0851058959960937 0.45068359375 -0.120025634765625
-0.121238708496094 0.07647705078125 -0.0581550598144531 -0.0490760803222656
-0.115821838378906 0.02703857421875 -0.1285400390625 0.449615478515625
-0.051025390625 0.101150512695313 -0.167236328125 0.351318359375
0.0723953247070312 0.115257263183594 -0.141632080078125 0.3038330078125
0.133216857910156 -0.00887298583984375 -0.081634521484375 0.384063720703125
0.0697250366210938 -0.105255126953125 0.085845947265625 0.36639404296875
-0.0499420166015625 -0.110397338867188 0.237884521484375 0.268707275390625
-0.0799179077148437 -0.063446044921875 0.29815673828125 0.152008056640625
-0.0696220397949219 -0.0669174194335938 0.226577758789062 0.16156005859375
-0.075775146484375 -0.0757598876953125 0.081390380859375 0.223678588867188
-0.041748046875 -0.080657958984375 -0.140899658203125 0.16943359375
0.0183258056640625 -0.07550048828125 -0.270278930664063 -0.098358154296875
0.035369873046875 -0.0302276611328125 -0.0770263671875 -0.442626953125
0.00247526168823242 -0.00224447250366211 0.433929443359375 -0.445709228515625
0.0077972412109375 -0.0202178955078125 0.487335205078125 -0.02899169921875
-0.0294132232666016 0.00536155700683593 -0.0828323364257813 -0.0253982543945313
-0.0775375366210938 0.0328521728515625 0.097381591796875 -0.0580215454101563
-0.105667114257813 0.0158767700195312 -0.476898193359375 -0.0848999023437501
-0.04248046875 0.149215698242188 -0.479400634765625 0.41741943359375
0.0775146484375 0.118293762207031 -0.011627197265625 0.505889892578125
0.104446411132813 0.01519775390625 0.243408203125 0.164169311523437
0.0576896667480469 -0.0412063598632812 0.142593383789063 -0.1407470703125
0.00933456420898437 -0.0438690185546875 -0.12481689453125 -0.209625244140625
0.0129814147949219 -0.0348167419433594 -0.242538452148437 -0.137374877929687
-0.00107192993164063 -0.0329570770263672 -0.317413330078125 -0.13568115234375
-0.0147457122802734 -0.0326442718505859 -0.288604736328125 -0.245941162109375
-0.00844192504882813 -0.0404243469238281 -0.15948486328125 -0.339111328125
0.0299301147460938 -0.0571479797363281 0.022430419921875 -0.379913330078125
0.0648460388183594 -0.0241813659667969 0.15216064453125 -0.335479736328125
0.0878524780273438 0.0281448364257813 0.137786865234375 -0.380340576171875
0.0325851440429688 0.0853958129882813 0.147979736328125 -0.471649169921875
-0.16290283203125 0.0638427734375 0.0729293823242187 -0.0509262084960937
-0.169448852539063 0.0536041259765625 -0.4801025390625 -0.125762939453125
-0.044891357421875 0.252914428710938 -0.519195556640625 0.3582763671875
0.16326904296875 0.174468994140625 -0.083221435546875 0.4681396484375
0.2047119140625 -0.0263519287109375 0.186065673828125 0.181732177734375
0.066375732421875 -0.152175903320313 0.110855102539063 -0.102020263671875
-0.0615005493164063 -0.138526916503906 -0.119430541992187 -0.172531127929688
-0.0600433349609375 -0.122879028320313 -0.222335815429688 -0.107589721679688
-0.100471496582031 -0.124641418457031 -0.304473876953125 -0.110137939453125
-0.07818603515625 -0.156951904296875 -0.293853759765625 -0.20147705078125
0.017181396484375 -0.186538696289063 -0.1810302734375 -0.287841796875
0.149200439453125 -0.141082763671875 -0.030242919921875 -0.360595703125
0.204879760742187 0.0456085205078125 0.095611572265625 -0.35430908203125
0.132904052734375 0.158111572265625 0.11773681640625 -0.3858642578125
-0.022613525390625 0.206130981445313 0.10552978515625 -0.454498291015625
-0.230194091796875 0.103103637695313 0.0214786529541015 -0.0260982513427734
-0.211349487304688 0.121185302734375 -0.48016357421875 -0.105865478515625
-0.00573730468749998 0.343353271484375 -0.497039794921875 0.332763671875
0.25592041015625 0.192230224609375 -0.117401123046875 0.421539306640625
0.279678344726563 -0.087310791015625 0.12908935546875 0.193069458007812
0.0546722412109375 -0.246368408203125 0.0778045654296875 -0.043914794921875
-0.12677001953125 -0.210403442382813 -0.0887908935546875 -0.111961364746094
-0.12164306640625 -0.194427490234375 -0.165908813476563 -0.062103271484375
-0.183090209960938 -0.203033447265625 -0.249343872070312 -0.0692138671875
-0.125442504882812 -0.26025390625 -0.265350341796875 -0.135498046875
0.049346923828125 -0.304168701171875 -0.188858032226562 -0.216415405273438
0.251617431640625 -0.19775390625 -0.08367919921875 -0.334228515625
0.306854248046875 0.113372802734375 0.0579833984375 -0.385711669921875
0.15130615234375 0.261337280273437 0.144989013671875 -0.377349853515625
-0.07598876953125 0.287872314453125 0.080718994140625 -0.38934326171875
-0.2677001953125 0.155685424804687 -0.0363578796386719 0.0294151306152344
-0.216201782226563 0.216262817382812 -0.462799072265625 -0.038848876953125
0.079315185546875 0.406768798828125 -0.433380126953125 0.31884765625
0.34466552734375 0.160919189453125 -0.1361083984375 0.377960205078125
0.313507080078125 -0.1666259765625 0.077606201171875 0.215286254882813
0.017486572265625 -0.31500244140625 0.0598487854003906 0.0324974060058594
-0.178512573242188 -0.248214721679687 -0.0338134765625 -0.0385932922363281
-0.162109375 -0.239395141601563 -0.0834884643554688 -0.00748443603515625
-0.22869873046875 -0.254043579101563 -0.168014526367188 -0.0141448974609375
-0.1358642578125 -0.324737548828125 -0.217880249023437 -0.0557708740234375
0.095855712890625 -0.361724853515625 -0.193023681640625 -0.137939453125
0.3253173828125 -0.193634033203125 -0.130859375 -0.313079833984375
0.332672119140625 0.187103271484375 0.050384521484375 -0.426361083984375
0.117828369140625 0.316864013671875 0.210296630859375 -0.3492431640625
-0.12823486328125 0.308074951171875 0.06011962890625 -0.290771484375
-0.269943237304687 0.195953369140625 -0.08868408203125 0.119155883789063
-0.173004150390625 0.291839599609375 -0.408905029296875 0.0614929199218751
0.174530029296875 0.40582275390625 -0.3570556640625 0.307769775390625
0.3917236328125 0.086822509765625 -0.14508056640625 0.355194091796875
0.293975830078125 -0.23681640625 0.04461669921875 0.25830078125
-0.03350830078125 -0.33929443359375 0.071624755859375 0.118881225585937
-0.209182739257812 -0.247787475585938 0.0446701049804687 0.0347328186035156
-0.17950439453125 -0.246246337890625 0.0101814270019531 0.0487785339355469
-0.233016967773437 -0.266204833984375 -0.0778579711914063 0.0531692504882812
-0.11151123046875 -0.3336181640625 -0.172271728515625 0.0304107666015625
0.13946533203125 -0.34100341796875 -0.20947265625 -0.0715637207031251
0.339752197265625 -0.12811279296875 -0.168182373046875 -0.313323974609375
0.2667236328125 0.237701416015625 0.090789794921875 -0.471954345703125
0.043304443359375 0.29852294921875 0.30120849609375 -0.2923583984375
-0.15997314453125 0.26336669921875 0.02734375 -0.183135986328125
-0.233505249023437 0.195770263671875 -0.118240356445312 0.233688354492188
-0.107025146484375 0.30035400390625 -0.330352783203125 0.167266845703125
0.22296142578125 0.332672119140625 -0.279998779296875 0.297027587890625
0.364501953125 0.00714111328125 -0.14508056640625 0.357666015625
0.228668212890625 -0.2607421875 0.038330078125 0.310516357421875
-0.075439453125 -0.308868408203125 0.116104125976563 0.196395874023438
-0.204788208007813 -0.211532592773438 0.137290954589844 0.0937271118164062
-0.168792724609375 -0.216018676757813 0.101768493652344 0.09808349609375
-0.201400756835937 -0.237899780273438 -0.000747680664062508 0.124008178710937
-0.07232666015625 -0.284820556640625 -0.146011352539063 0.10552978515625
0.14947509765625 -0.257354736328125 -0.241607666015625 -0.0413665771484375
0.276351928710938 -0.0439605712890625 -0.178375244140625 -0.347625732421875
0.143142700195312 0.22308349609375 0.183502197265625 -0.50640869140625
-0.028533935546875 0.208175659179688 0.389739990234375 -0.212982177734375
-0.157608032226563 0.1724853515625 -0.011199951171875 -0.0932235717773437
-0.173965454101563 0.139892578125 -0.121246337890625 0.344390869140625
-0.0553436279296875 0.229537963867188 -0.242050170898438 0.260040283203125
0.191604614257813 0.218994140625 -0.211822509765625 0.29150390625
0.268585205078125 -0.0354156494140625 -0.12591552734375 0.3734130859375
0.141921997070313 -0.21722412109375 0.058380126953125 0.35382080078125
-0.086669921875 -0.226593017578125 0.181686401367188 0.248291015625
-0.161880493164063 -0.145050048828125 0.229904174804688 0.127914428710937
-0.13232421875 -0.152252197265625 0.179428100585938 0.132705688476563
-0.146316528320312 -0.16973876953125 0.0547637939453125 0.1806640625
-0.045806884765625 -0.191299438476563 -0.13653564453125 0.1510009765625
0.10260009765625 -0.155426025390625 -0.265914916992188 -0.0578460693359375
0.156570434570313 -0.004364013671875 -0.145172119140625 -0.401824951171875
0.03729248046875 0.127456665039063 0.312835693359375 -0.498687744140625
-0.0437240600585938 0.0798797607421875 0.459716796875 -0.11883544921875
-0.107040405273438 0.0759048461914062 -0.0487403869628906 -0.0347633361816406
-0.109909057617188 0.0356292724609375 -0.107391357421875 0.42510986328125
-0.0447235107421875 0.104896545410156 -0.1683349609375 0.32647705078125
0.0823822021484375 0.11083984375 -0.152191162109375 0.295867919921875
0.133888244628906 -0.01873779296875 -0.0841064453125 0.3887939453125
0.0633316040039063 -0.111854553222656 0.093109130859375 0.370025634765625
-0.0564651489257812 -0.107406616210938 0.246856689453125 0.263137817382813
-0.0838470458984375 -0.059112548828125 0.3004150390625 0.135101318359375
-0.0747528076171875 -0.0653076171875 0.2291259765625 0.145431518554688
-0.08026123046875 -0.0732269287109375 0.087249755859375 0.209884643554688
-0.044158935546875 -0.0776596069335938 -0.12884521484375 0.15899658203125
0.0147323608398438 -0.0759429931640625 -0.257980346679688 -0.10235595703125
0.0348892211914063 -0.0318603515625 -0.0712890625000001 -0.440582275390625
0.00301718711853027 -0.00222539901733398 0.43780517578125 -0.445068359375
0.0077667236328125 -0.0215244293212891 0.5001220703125 -0.02716064453125
-0.0233116149902344 0.00633430480957032 -0.0702476501464844 -0.00856399536132812
-0.0705642700195312 0.0313491821289063 0.0868682861328125 -0.0795364379882813
-0.107574462890625 0.018768310546875 -0.499053955078125 -0.088165283203125
-0.0376434326171875 0.150741577148438 -0.489532470703125 0.429473876953125
0.0803756713867188 0.116264343261719 -0.0161743164062499 0.51593017578125
0.102813720703125 0.013458251953125 0.239105224609375 0.167449951171875
0.0563163757324219 -0.0400009155273438 0.136482238769531 -0.135406494140625
0.0119705200195312 -0.0416679382324219 -0.13232421875 -0.197280883789062
0.0147476196289062 -0.0352783203125 -0.249099731445312 -0.125396728515625
-0.000179290771484372 -0.0314464569091797 -0.32928466796875 -0.120758056640625
-0.0130901336669922 -0.0284538269042969 -0.303802490234375 -0.239013671875
-0.00974273681640625 -0.0343608856201172 -0.173614501953125 -0.347259521484375
0.02447509765625 -0.0559844970703125 0.019989013671875 -0.398162841796875
0.0601043701171875 -0.02838134765625 0.165557861328125 -0.343841552734375
0.0859298706054687 0.0204391479492187 0.14117431640625 -0.3720703125
0.0393218994140625 0.0799942016601562 0.12945556640625 -0.465362548828125
-0.150848388671875 0.0659027099609375 0.0628814697265625 -0.072509765625
-0.167007446289063 0.0560455322265625 -0.50262451171875 -0.13348388671875
-0.034332275390625 0.251861572265625 -0.53021240234375 0.37017822265625
0.168365478515625 0.166534423828125 -0.08984375 0.477325439453125
0.19964599609375 -0.034515380859375 0.180740356445313 0.185684204101563
0.0573883056640625 -0.14990234375 0.105178833007813 -0.0954666137695313
-0.065582275390625 -0.129753112792969 -0.125534057617188 -0.16143798828125
-0.064483642578125 -0.117935180664063 -0.228225708007813 -0.0977783203125
-0.105247497558594 -0.116569519042969 -0.315521240234375 -0.0975952148437501
-0.084503173828125 -0.1490478515625 -0.30841064453125 -0.195068359375
0.00849914550781251 -0.1829833984375 -0.1942138671875 -0.29608154296875
0.140884399414062 -0.14703369140625 -0.034454345703125 -0.37945556640625
0.203628540039063 0.0358123779296875 0.106781005859375 -0.362701416015625
0.135955810546875 0.149948120117188 0.121856689453125 -0.378570556640625
-0.010894775390625 0.202011108398438 0.089141845703125 -0.446258544921875
-0.2142333984375 0.10791015625 0.0164031982421875 -0.0470657348632812
-0.205474853515625 0.124725341796875 -0.50103759765625 -0.1160888671875
0.010528564453125 0.340728759765625 -0.507293701171875 0.339874267578125
0.2613525390625 0.179595947265625 -0.124847412109375 0.430145263671875
0.2705078125 -0.101287841796875 0.12451171875 0.197921752929687
0.039093017578125 -0.2430419921875 0.0748825073242187 -0.03741455078125
-0.1358642578125 -0.196914672851563 -0.092987060546875 -0.104171752929688
-0.131683349609375 -0.185836791992188 -0.169281005859375 -0.0556488037109375
-0.192520141601563 -0.189361572265625 -0.25958251953125 -0.0590972900390625
-0.137893676757813 -0.249786376953125 -0.277923583984375 -0.131454467773438
0.0335693359375 -0.303314208984375 -0.199310302734375 -0.22503662109375
0.242446899414063 -0.209762573242188 -0.0885009765625 -0.351043701171875
0.310211181640625 0.10009765625 0.0650634765625 -0.393951416015625
0.158660888671875 0.251937866210937 0.150177001953125 -0.373443603515625
-0.060638427734375 0.28546142578125 0.066558837890625 -0.380096435546875
-0.2508544921875 0.162445068359375 -0.036041259765625 0.00962829589843752
-0.20721435546875 0.221771240234375 -0.479217529296875 -0.049835205078125
0.100372314453125 0.402862548828125 -0.4439697265625 0.32208251953125
0.350677490234375 0.1435546875 -0.142974853515625 0.388427734375
0.301055908203125 -0.1845703125 0.075408935546875 0.221847534179688
-0.00167846679687499 -0.309906005859375 0.060302734375 0.0397911071777344
-0.191726684570313 -0.231491088867188 -0.0347709655761719 -0.035064697265625
-0.17572021484375 -0.229202270507813 -0.0850448608398438 -0.00637054443359375
-0.24273681640625 -0.238357543945312 -0.175201416015625 -0.00875854492187503
-0.1522216796875 -0.313232421875 -0.22613525390625 -0.05401611328125
0.076263427734375 -0.36444091796875 -0.199554443359375 -0.147567749023438
0.316925048828125 -0.210845947265625 -0.135009765625 -0.32720947265625
0.3406982421875 0.172821044921875 0.0554504394531251 -0.43438720703125
0.128570556640625 0.30865478515625 0.217864990234375 -0.348480224609375
-0.10980224609375 0.3082275390625 0.0504150390625 -0.282073974609375
-0.252685546875 0.205398559570313 -0.0827484130859375 0.101333618164063
-0.161468505859375 0.2989501953125 -0.42254638671875 0.048614501953125
0.197845458984375 0.39984130859375 -0.366668701171875 0.30877685546875
0.39764404296875 0.0665283203125 -0.152374267578125 0.36614990234375
0.279281616210938 -0.256210327148438 0.0466156005859375 0.26629638671875
-0.054412841796875 -0.333648681640625 0.07666015625 0.125587463378906
-0.22393798828125 -0.23089599609375 0.0467338562011719 0.0336380004882812
-0.195053100585938 -0.235565185546875 0.0116958618164062 0.0448646545410156
-0.249053955078125 -0.250640869140625 -0.0817031860351563 0.0538864135742187
-0.1287841796875 -0.324554443359375 -0.175201416015625 0.029205322265625
0.1214599609375 -0.346954345703125 -0.211578369140625 -0.08038330078125
0.334747314453125 -0.145660400390625 -0.1717529296875 -0.324615478515625
0.277130126953125 0.226531982421875 0.0950317382812501 -0.48089599609375
0.0531005859375 0.293182373046875 0.311126708984375 -0.29583740234375
-0.143020629882813 0.26373291015625 0.0246734619140625 -0.173324584960937
-0.219314575195313 0.20672607421875 -0.107254028320313 0.2171630859375
-0.0938720703125 0.30780029296875 -0.33984375 0.15374755859375
0.244873046875 0.324127197265625 -0.2906494140625 0.29693603515625
0.3682861328125 -0.013671875 -0.15142822265625 0.36993408203125
0.213958740234375 -0.277999877929688 0.044281005859375 0.320465087890625
-0.09405517578125 -0.302825927734375 0.1265869140625 0.201202392578125
-0.218917846679687 -0.196548461914063 0.142898559570313 0.0870513916015625
-0.18438720703125 -0.207244873046875 0.106651306152344 0.090179443359375
-0.217391967773437 -0.2259521484375 0.00117492675781248 0.11962890625
-0.0871429443359375 -0.279266357421875 -0.143905639648438 0.10162353515625
0.134872436523438 -0.26513671875 -0.2401123046875 -0.048187255859375
0.27532958984375 -0.058685302734375 -0.180908203125 -0.35797119140625
0.152679443359375 0.215896606445312 0.18536376953125 -0.516082763671875
-0.02130126953125 0.204559326171875 0.40472412109375 -0.2196044921875
-0.142593383789062 0.174240112304688 -0.00695037841796876 -0.0817413330078125
-0.16455078125 0.151596069335938 -0.107025146484375 0.330078125
-0.0439300537109375 0.236572265625 -0.249481201171875 0.245697021484375
0.209518432617188 0.211807250976563 -0.22369384765625 0.2921142578125
0.270797729492188 -0.0526275634765625 -0.12823486328125 0.38787841796875
0.129623413085938 -0.230758666992188 0.068756103515625 0.36474609375
-0.101638793945313 -0.222686767578125 0.196258544921875 0.2489013671875
-0.17242431640625 -0.134857177734375 0.237579345703125 0.117202758789062
-0.144622802734375 -0.147109985351563 0.185943603515625 0.120773315429687
-0.159255981445313 -0.162811279296875 0.061859130859375 0.173629760742188
-0.055694580078125 -0.188446044921875 -0.130111694335938 0.146652221679687
0.09381103515625 -0.16070556640625 -0.262893676757812 -0.06292724609375
0.156723022460938 -0.012969970703125 -0.146209716796875 -0.411346435546875
0.0427474975585938 0.124534606933594 0.318359375 -0.51434326171875
-0.0398788452148438 0.077850341796875 0.479583740234375 -0.12548828125
-0.0974044799804687 0.0767898559570313 -0.0394210815429688 -0.0215988159179688
-0.105186462402344 0.0456314086914062 -0.090118408203125 0.410919189453125
-0.0369644165039062 0.110671997070313 -0.1728515625 0.31585693359375
0.0945663452148438 0.107673645019531 -0.164093017578125 0.297576904296875
0.136001586914063 -0.0306854248046875 -0.08538818359375 0.4053955078125
0.0573348999023438 -0.120590209960938 0.107208251953125 0.38201904296875
-0.064453125 -0.105628967285156 0.264602661132813 0.260040283203125
-0.0899887084960938 -0.0542373657226562 0.3101806640625 0.12066650390625
-0.0821075439453125 -0.0639801025390625 0.237518310546875 0.131912231445313
-0.0872802734375 -0.0713653564453125 0.09765625 0.200881958007813
-0.0483169555664062 -0.0772552490234375 -0.120742797851563 0.15411376953125
0.0113754272460938 -0.07806396484375 -0.254867553710938 -0.108200073242187
0.0343894958496094 -0.0354766845703125 -0.069915771484375 -0.450164794921875
0.00410223007202148 -0.00246930122375488 0.44775390625 -0.459503173828125
0.00764656066894531 -0.0238590240478516 0.52532958984375 -0.032989501953125
-0.0176734924316406 0.00649642944335937 -0.0586967468261719 0.00654220581054688
-0.0647125244140625 0.0304756164550781 0.0721969604492188 -0.102256774902344
-0.109275817871094 0.0243911743164063 -0.529632568359375 -0.0791015625
-0.0301971435546875 0.15362548828125 -0.493682861328125 0.459320068359375
0.08734130859375 0.113151550292969 -0.00616455078125005 0.533294677734375
0.1029052734375 0.0094146728515625 0.242172241210938 0.167892456054688
0.0548934936523437 -0.0409584045410156 0.129829406738281 -0.135292053222656
0.0136528015136719 -0.041656494140625 -0.144805908203125 -0.18402099609375
0.0151176452636719 -0.0359878540039063 -0.261764526367188 -0.107666015625
0.000801086425781248 -0.0305690765380859 -0.3470458984375 -0.0984497070312501
-0.0116920471191406 -0.0249214172363281 -0.3282470703125 -0.226715087890625
-0.0107192993164063 -0.0289230346679688 -0.19970703125 -0.3543701171875
0.0178184509277344 -0.055999755859375 0.00399780273437499 -0.42181396484375
0.0545005798339844 -0.0336380004882813 0.17010498046875 -0.362213134765625
0.0848846435546875 0.0115280151367188 0.139556884765625 -0.37384033203125
0.047210693359375 0.0730514526367188 0.102813720703125 -0.4681396484375
-0.139732360839844 0.0699005126953125 0.0492630004882812 -0.0942611694335938
-0.164703369140625 0.063507080078125 -0.535430908203125 -0.128082275390625
-0.018035888671875 0.254364013671875 -0.537506103515625 0.39837646484375
0.177291870117188 0.156234741210938 -0.0836181640625 0.495941162109375
0.19451904296875 -0.046844482421875 0.183700561523437 0.18896484375
0.0455322265625 -0.149566650390625 0.09967041015625 -0.0923690795898438
-0.0725631713867188 -0.121559143066406 -0.135910034179688 -0.149429321289062
-0.071624755859375 -0.111808776855469 -0.237991333007813 -0.0816802978515626
-0.112632751464844 -0.106376647949219 -0.332550048828125 -0.07513427734375
-0.0928192138671875 -0.140266418457031 -0.330963134765625 -0.181549072265625
-0.00422668457031249 -0.180572509765625 -0.2191162109375 -0.301605224609375
0.130447387695313 -0.156707763671875 -0.052978515625 -0.399169921875
0.20550537109375 0.022491455078125 0.10833740234375 -0.379486083984375
0.143447875976562 0.140518188476563 0.119659423828125 -0.37982177734375
0.00457763671874999 0.199691772460938 0.063385009765625 -0.44451904296875
-0.198638916015625 0.116104125976562 0.00754165649414062 -0.0679359436035156
-0.1986083984375 0.134017944335938 -0.531219482421875 -0.11285400390625
0.03460693359375 0.339202880859375 -0.51397705078125 0.363861083984375
0.2733154296875 0.161026000976562 -0.122100830078125 0.447906494140625
0.260650634765625 -0.121505737304688 0.128128051757813 0.203231811523437
0.0200347900390625 -0.242034912109375 0.0727310180664062 -0.0325241088867188
-0.149459838867188 -0.18218994140625 -0.1004638671875 -0.0960311889648438
-0.146209716796875 -0.17547607421875 -0.176315307617188 -0.04541015625
-0.20782470703125 -0.1722412109375 -0.273468017578125 -0.041412353515625
-0.155838012695313 -0.2371826171875 -0.295928955078125 -0.119873046875
0.011627197265625 -0.305267333984375 -0.219329833984375 -0.2298583984375
0.228897094726563 -0.228759765625 -0.106414794921875 -0.368194580078125
0.318389892578125 0.080474853515625 0.063201904296875 -0.4080810546875
0.173568725585938 0.242965698242188 0.1480712890625 -0.3790283203125
-0.040008544921875 0.2867431640625 0.046142578125 -0.37640380859375
-0.231231689453125 0.174484252929687 -0.0392875671386719 -0.00908279418945311
-0.19366455078125 0.234619140625 -0.505523681640625 -0.048553466796875
0.1322021484375 0.395538330078125 -0.4505615234375 0.340087890625
0.363189697265625 0.118072509765625 -0.1422119140625 0.406524658203125
0.2867431640625 -0.209625244140625 0.0812835693359375 0.229995727539063
-0.026397705078125 -0.306884765625 0.0639152526855469 0.0454216003417969
-0.209518432617187 -0.21209716796875 -0.0376167297363281 -0.0317153930664063
-0.196090698242188 -0.21527099609375 -0.087921142578125 -0.00307464599609378
-0.263580322265625 -0.218017578125 -0.1842041015625 0.00236511230468747
-0.17620849609375 -0.301300048828125 -0.237701416015625 -0.047271728515625
0.048980712890625 -0.3707275390625 -0.213516235351562 -0.152435302734375
0.304718017578125 -0.23663330078125 -0.1512451171875 -0.3406982421875
0.355133056640625 0.15155029296875 0.05096435546875 -0.44818115234375
0.1466064453125 0.300567626953125 0.21966552734375 -0.358856201171875
-0.087310791015625 0.312469482421875 0.036712646484375 -0.276443481445312
-0.233734130859375 0.220550537109375 -0.0789947509765625 0.0862274169921875
-0.14263916015625 0.313385009765625 -0.441009521484375 0.0477294921875
0.2327880859375 0.389434814453125 -0.37298583984375 0.3216552734375
0.40655517578125 0.03570556640625 -0.151641845703125 0.384735107421875
0.259735107421875 -0.2822265625 0.0565185546875 0.276351928710937
-0.082061767578125 -0.32763671875 0.087371826171875 0.129974365234375
-0.243515014648438 -0.209625244140625 0.0494575500488281 0.0308570861816406
-0.217056274414063 -0.2213134765625 0.0138397216796875 0.0411529541015625
-0.272354125976563 -0.230819702148438 -0.083831787109375 0.0576248168945312
-0.155029296875 -0.3150634765625 -0.179611206054688 0.0327606201171875
0.094879150390625 -0.35797119140625 -0.220291137695313 -0.0839538574218751
0.327728271484375 -0.17205810546875 -0.18548583984375 -0.33538818359375
0.29559326171875 0.2095947265625 0.0865478515625 -0.49774169921875
0.070556640625 0.28851318359375 0.31768798828125 -0.311187744140625
-0.121795654296875 0.269760131835938 0.0192718505859375 -0.1663818359375
-0.201431274414063 0.222686767578125 -0.0955657958984375 0.204696655273438
-0.073211669921875 0.320404052734375 -0.35162353515625 0.150909423828125
0.277313232421875 0.311065673828125 -0.298858642578125 0.30853271484375
0.373046875 -0.0435791015625 -0.149169921875 0.391632080078125
0.1923828125 -0.30255126953125 0.060211181640625 0.331756591796875
-0.12054443359375 -0.296234130859375 0.14385986328125 0.202621459960937
-0.236724853515625 -0.176666259765625 0.15093994140625 0.077392578125
-0.204849243164063 -0.194580078125 0.113265991210937 0.0792617797851562
-0.23907470703125 -0.20916748046875 0.00595855712890624 0.116836547851562
-0.110183715820313 -0.2735595703125 -0.14117431640625 0.103302001953125
0.114013671875 -0.277053833007813 -0.24383544921875 -0.049835205078125
0.274032592773437 -0.0802001953125 -0.196044921875 -0.3671875
0.168930053710938 0.207382202148438 0.1785888671875 -0.53790283203125
-0.00914001464843751 0.202545166015625 0.4180908203125 -0.240966796875
-0.12652587890625 0.180343627929688 -0.00433349609375001 -0.0722427368164062
-0.150650024414063 0.165451049804687 -0.0888671875 0.318145751953125
-0.0255584716796875 0.245712280273438 -0.256256103515625 0.243560791015625
0.233291625976563 0.199325561523438 -0.23193359375 0.3021240234375
0.271896362304688 -0.078643798828125 -0.121673583984375 0.411376953125
0.111328125 -0.249160766601563 0.09136962890625 0.37646484375
-0.121902465820313 -0.216552734375 0.2200927734375 0.245498657226562
-0.186355590820313 -0.12017822265625 0.250518798828125 0.100479125976562
-0.16162109375 -0.138031005859375 0.19677734375 0.104660034179687
-0.176132202148437 -0.151580810546875 0.0729522705078125 0.166122436523438
-0.071136474609375 -0.185989379882813 -0.122665405273438 0.14697265625
0.0807952880859375 -0.169891357421875 -0.265777587890625 -0.0634002685546875
0.157608032226563 -0.0258636474609375 -0.16241455078125 -0.421722412109375
0.0528717041015625 0.121711730957031 0.313690185546875 -0.54156494140625
-0.0352249145507812 0.0771636962890625 0.501312255859375 -0.14801025390625
-0.0866165161132813 0.0805282592773438 -0.0301589965820313 -0.00912857055664062
-0.0981369018554687 0.05731201171875 -0.0665283203125 0.401580810546875
-0.0262451171875 0.117042541503906 -0.173126220703125 0.31243896484375
0.108657836914062 0.1011962890625 -0.1710205078125 0.3076171875
0.13665771484375 -0.046875 -0.073486328125 0.428314208984375
0.0468978881835937 -0.131217956542969 0.134307861328125 0.39239501953125
-0.0752334594726563 -0.103103637695312 0.29107666015625 0.251251220703125
-0.0973663330078125 -0.0480422973632813 0.32403564453125 0.0989990234375
-0.0921478271484375 -0.0599746704101562 0.249588012695312 0.112838745117187
-0.0974273681640625 -0.0673446655273438 0.1121826171875 0.190277099609375
-0.0547943115234375 -0.0760879516601563 -0.110809326171875 0.15350341796875
0.00479125976562501 -0.0810165405273437 -0.258331298828125 -0.10882568359375
0.0330047607421875 -0.0387687683105469 -0.082366943359375 -0.463592529296875
0.00585460662841797 -0.0029144287109375 0.450531005859375 -0.492218017578125
0.00649642944335938 -0.0260734558105469 0.553680419921875 -0.053619384765625
-0.0126180648803711 0.00679397583007813 -0.0450477600097656 0.0214881896972656
-0.0586013793945313 0.0302734375 0.0504302978515625 -0.122795104980469
-0.108238220214844 0.0334930419921875 -0.556304931640625 -0.0535583496093751
-0.0182952880859375 0.155715942382813 -0.47802734375 0.493560791015625
0.09619140625 0.10552978515625 0.018768310546875 0.543853759765625
0.102203369140625 0.002532958984375 0.247589111328125 0.1612548828125
0.0522003173828125 -0.0417251586914063 0.11956787109375 -0.136688232421875
0.0139808654785156 -0.0419540405273438 -0.158111572265625 -0.165252685546875
0.014251708984375 -0.0370254516601563 -0.271438598632813 -0.08062744140625
0.00104141235351562 -0.0294361114501953 -0.359619140625 -0.06451416015625
-0.0109500885009766 -0.0220966339111328 -0.3531494140625 -0.20098876953125
-0.0117759704589844 -0.0238685607910156 -0.2337646484375 -0.349273681640625
0.01007080078125 -0.0541725158691406 -0.026123046875 -0.438690185546875
0.0466079711914063 -0.03863525390625 0.162200927734375 -0.384765625
0.0817947387695313 0.0014190673828125 0.12615966796875 -0.376556396484375
0.0537528991699219 0.0632514953613281 0.0653076171875 -0.46307373046875
-0.125343322753906 0.0751419067382813 0.0297470092773437 -0.113754272460938
-0.1585693359375 0.07427978515625 -0.56689453125 -0.10516357421875
0.00434875488281252 0.251678466796875 -0.52459716796875 0.434906005859375
0.188308715820313 0.138015747070313 -0.0638122558593749 0.511932373046875
0.184967041015625 -0.0630340576171875 0.188949584960938 0.186447143554688
0.0314483642578125 -0.147247314453125 0.0924758911132813 -0.0913925170898438
-0.0798110961914063 -0.110610961914063 -0.146774291992188 -0.132217407226562
-0.0800094604492188 -0.103103637695313 -0.24627685546875 -0.05859375
-0.119903564453125 -0.0923538208007813 -0.34423828125 -0.042633056640625
-0.103752136230469 -0.127662658691406 -0.352203369140625 -0.156219482421875
-0.0207061767578125 -0.176177978515625 -0.24847412109375 -0.29510498046875
0.114212036132813 -0.166091918945313 -0.081695556640625 -0.411865234375
0.20318603515625 0.004852294921875 0.09747314453125 -0.397705078125
0.15203857421875 0.125930786132813 0.10748291015625 -0.38421630859375
0.0218505859375 0.19384765625 0.028411865234375 -0.43536376953125
-0.178436279296875 0.1253662109375 -0.00745391845703127 -0.0856399536132813
-0.184280395507813 0.146270751953125 -0.560699462890625 -0.0932006835937499
0.065521240234375 0.330047607421875 -0.506134033203125 0.39471435546875
0.283050537109375 0.13360595703125 -0.105682373046875 0.46685791015625
0.242828369140625 -0.143936157226563 0.135726928710938 0.204315185546875
-0.00357055664062503 -0.236373901367188 0.0701446533203125 -0.0292778015136719
-0.163421630859375 -0.16143798828125 -0.108512878417969 -0.0834274291992188
-0.162399291992188 -0.157989501953125 -0.181991577148438 -0.0298004150390625
-0.222183227539063 -0.147491455078125 -0.281707763671875 -0.0145874023437501
-0.175750732421875 -0.218399047851563 -0.312744140625 -0.098876953125
-0.017852783203125 -0.302154541015625 -0.243850708007813 -0.224807739257813
0.206497192382813 -0.248428344726563 -0.13421630859375 -0.376739501953125
0.32318115234375 0.052947998046875 0.049163818359375 -0.422607421875
0.189666748046875 0.2254638671875 0.13623046875 -0.385040283203125
-0.013946533203125 0.283294677734375 0.017578125 -0.366363525390625
-0.205078125 0.1865234375 -0.0464820861816406 -0.0258750915527344
-0.171066284179688 0.246917724609375 -0.528106689453125 -0.0304260253906249
0.16912841796875 0.377593994140625 -0.44512939453125 0.365234375
0.369781494140625 0.081451416015625 -0.128326416015625 0.4249267578125
0.259902954101563 -0.236129760742188 0.09283447265625 0.233535766601562
-0.057220458984375 -0.29669189453125 0.069732666015625 0.0484733581542969
-0.227020263671875 -0.185211181640625 -0.0408744812011719 -0.0268058776855469
-0.217758178710938 -0.193145751953125 -0.0900115966796875 0.00289154052734375
-0.283538818359375 -0.187408447265625 -0.18914794921875 0.0198516845703125
-0.203887939453125 -0.280136108398438 -0.247314453125 -0.031280517578125
0.01220703125 -0.37274169921875 -0.230224609375 -0.149307250976563
0.281707763671875 -0.265045166015625 -0.176910400390625 -0.344940185546875
0.36798095703125 0.119171142578125 0.032073974609375 -0.46136474609375
0.168548583984375 0.285186767578125 0.21014404296875 -0.371307373046875
-0.05621337890625 0.31317138671875 0.0179290771484375 -0.267898559570313
-0.20538330078125 0.235595703125 -0.0768280029296875 0.0717086791992188
-0.113372802734375 0.324127197265625 -0.45733642578125 0.061553955078125
0.2711181640625 0.364990234375 -0.3704833984375 0.342437744140625
0.407379150390625 -0.0048828125 -0.138458251953125 0.40460205078125
0.227020263671875 -0.308929443359375 0.0738372802734375 0.28106689453125
-0.114471435546875 -0.3138427734375 0.101509094238281 0.129928588867187
-0.261688232421875 -0.179443359375 0.0515213012695312 0.0264739990234375
-0.2398681640625 -0.19647216796875 0.0158615112304687 0.0363311767578125
-0.295013427734375 -0.198974609375 -0.0833663940429688 0.0635604858398438
-0.185028076171875 -0.296478271484375 -0.18109130859375 0.041412353515625
0.05853271484375 -0.364715576171875 -0.229263305664063 -0.08050537109375
0.31048583984375 -0.202789306640625 -0.209075927734375 -0.3367919921875
0.312713623046875 0.1824951171875 0.064697265625 -0.511871337890625
0.09197998046875 0.27850341796875 0.312652587890625 -0.3343505859375
-0.0935211181640625 0.2738037109375 0.0121002197265625 -0.1573486328125
-0.174636840820313 0.237808227539062 -0.0828857421875 0.19140625
-0.04229736328125 0.328216552734375 -0.360321044921875 0.1602783203125
0.310302734375 0.28314208984375 -0.298187255859375 0.324737548828125
0.368621826171875 -0.0821533203125 -0.133819580078125 0.412384033203125
0.1591796875 -0.323638916015625 0.0859375 0.336517333984375
-0.15020751953125 -0.280364990234375 0.165924072265625 0.196426391601563
-0.25384521484375 -0.148330688476563 0.1575927734375 0.062896728515625
-0.226486206054688 -0.172149658203125 0.119331359863281 0.064666748046875
-0.260665893554688 -0.181884765625 0.0134048461914062 0.112403869628906
-0.136688232421875 -0.260589599609375 -0.13494873046875 0.106864929199219
0.085235595703125 -0.286041259765625 -0.248504638671875 -0.0450439453125
0.2646484375 -0.106155395507812 -0.219329833984375 -0.365264892578125
0.187347412109375 0.189834594726563 0.152587890625 -0.558868408203125
0.00637817382812502 0.199066162109375 0.421966552734375 -0.270965576171875
-0.104476928710938 0.185440063476563 3.81469726561255E-06 -0.0628662109375
-0.13006591796875 0.179122924804688 -0.06719970703125 0.3062744140625
-0.000198364257812523 0.25018310546875 -0.25634765625 0.247665405273438
0.256820678710938 0.175323486328125 -0.2308349609375 0.317291259765625
0.264785766601563 -0.108428955078125 -0.103302001953125 0.432159423828125
0.0842437744140625 -0.263717651367188 0.123138427734375 0.378662109375
-0.143966674804688 -0.202392578125 0.246368408203125 0.231582641601562
-0.19891357421875 -0.098846435546875 0.260116577148438 0.0758056640625
-0.1787109375 -0.12152099609375 0.206161499023437 0.0830535888671875
-0.193862915039063 -0.131683349609375 0.0867462158203125 0.153762817382812
-0.0908050537109375 -0.177993774414063 -0.110549926757813 0.14794921875
0.062286376953125 -0.177352905273438 -0.269088745117188 -0.0564422607421876
0.154006958007813 -0.04266357421875 -0.186187744140625 -0.423370361328125
0.064605712890625 0.114715576171875 0.29229736328125 -0.57220458984375
-0.0287933349609375 0.0761642456054688 0.51336669921875 -0.18463134765625
-0.0732421875 0.0843124389648438 -0.0177574157714844 0.00228691101074219
-0.0876922607421875 0.0673141479492188 -0.037109375 0.38885498046875
-0.0117950439453125 0.120079040527344 -0.166595458984375 0.312164306640625
0.123138427734375 0.0896682739257813 -0.1700439453125 0.3221435546875
0.132362365722656 -0.0649337768554688 -0.049560546875 0.44696044921875
0.0318679809570313 -0.140144348144531 0.169921875 0.391143798828125
-0.0872573852539063 -0.096893310546875 0.31878662109375 0.23004150390625
-0.103996276855469 -0.0378265380859375 0.33514404296875 0.067596435546875
-0.101333618164063 -0.0517654418945313 0.260177612304688 0.0859222412109375
-0.10723876953125 -0.0586776733398437 0.1292724609375 0.172836303710938
-0.0635910034179688 -0.0725326538085938 -0.096221923828125 0.152084350585938
-0.00417327880859375 -0.0827102661132812 -0.263320922851563 -0.102218627929688
0.0297470092773438 -0.0440177917480469 -0.1080322265625 -0.470428466796875
0.0079345703125 -0.00511074066162109 0.434417724609375 -0.531494140625
0.00495719909667969 -0.0282115936279297 0.57421875 -0.09234619140625
-0.00793695449829102 0.00673723220825195 -0.0279884338378906 0.0347461700439453
-0.0521621704101563 0.0275917053222656 0.0233993530273437 -0.135200500488281
-0.103103637695313 0.0416946411132812 -0.56549072265625 -0.0205078124999999
-0.00566101074218749 0.152923583984375 -0.4456787109375 0.5164794921875
0.101219177246094 0.0937576293945313 0.047454833984375 0.538116455078125
0.0979232788085937 -0.00337982177734375 0.246902465820313 0.150314331054688
0.0486488342285156 -0.0421295166015625 0.106369018554687 -0.134750366210938
0.0133514404296875 -0.0419845581054687 -0.165664672851563 -0.140548706054687
0.0120925903320313 -0.0368919372558594 -0.271621704101563 -0.0497283935546876
0.000400543212890624 -0.0276165008544922 -0.357666015625 -0.024932861328125
-0.0100898742675781 -0.0188007354736328 -0.366302490234375 -0.1658935546875
-0.012054443359375 -0.0178089141845703 -0.262847900390625 -0.32940673828125
0.00250244140625 -0.0498237609863281 -0.05865478515625 -0.440582275390625
0.036956787109375 -0.0410728454589844 0.143463134765625 -0.39678955078125
0.0755081176757813 -0.007659912109375 0.10906982421875 -0.37103271484375
0.0560493469238281 0.0521774291992188 0.025390625 -0.444732666015625
-0.108322143554687 0.0757293701171875 0.00579833984375 -0.12591552734375
-0.146194458007813 0.081787109375 -0.5810546875 -0.073486328125
0.0260467529296875 0.239425659179687 -0.495849609375 0.461334228515625
0.19091796875 0.114944458007812 -0.036285400390625 0.5157470703125
0.168991088867188 -0.075347900390625 0.192626953125 0.179046630859375
0.01629638671875 -0.139663696289063 0.0833053588867187 -0.0878753662109375
-0.0834503173828125 -0.0954742431640625 -0.152847290039063 -0.110916137695313
-0.0850677490234375 -0.0899429321289062 -0.24517822265625 -0.0323944091796875
-0.122093200683594 -0.074859619140625 -0.341400146484375 -0.00595092773437501
-0.109855651855469 -0.111480712890625 -0.36163330078125 -0.122283935546875
-0.035491943359375 -0.165023803710938 -0.273040771484375 -0.276138305664063
0.093963623046875 -0.169036865234375 -0.113494873046875 -0.4102783203125
0.194854736328125 -0.0126495361328125 0.0794067382812501 -0.4071044921875
0.154495239257812 0.107589721679687 0.0916748046875 -0.378387451171875
0.03704833984375 0.1817626953125 -0.00524902343749998 -0.41265869140625
-0.152862548828125 0.127822875976563 -0.0252532958984375 -0.097503662109375
-0.164276123046875 0.152175903320313 -0.5748291015625 -0.06494140625
0.093597412109375 0.307952880859375 -0.479400634765625 0.420501708984375
0.2823486328125 0.100494384765625 -0.0823974609374999 0.471832275390625
0.215591430664063 -0.159637451171875 0.142410278320313 0.198410034179688
-0.02642822265625 -0.221343994140625 0.0676803588867187 -0.0265159606933594
-0.16973876953125 -0.135421752929688 -0.112571716308594 -0.0683441162109375
-0.171401977539062 -0.134063720703125 -0.180831909179688 -0.0121002197265625
-0.227630615234375 -0.116867065429687 -0.2796630859375 0.0143585205078125
-0.18951416015625 -0.19171142578125 -0.318267822265625 -0.070953369140625
-0.045867919921875 -0.287872314453125 -0.262222290039063 -0.208984375
0.176498413085937 -0.2593994140625 -0.16204833984375 -0.3702392578125
0.31689453125 0.022857666015625 0.029571533203125 -0.425689697265625
0.200347900390625 0.200973510742188 0.118988037109375 -0.38214111328125
0.0113372802734375 0.271514892578125 -0.0086669921875 -0.34649658203125
-0.173736572265625 0.189666748046875 -0.0567741394042969 -0.0385780334472656
-0.142318725585937 0.251083374023438 -0.536773681640625 -0.00680541992187489
0.200225830078125 0.345184326171875 -0.425537109375 0.383331298828125
0.36273193359375 0.041595458984375 -0.107208251953125 0.432525634765625
0.223587036132812 -0.252822875976563 0.104690551757813 0.229400634765625
-0.0834197998046875 -0.275390625 0.0746994018554687 0.0472564697265625
-0.234359741210937 -0.151947021484375 -0.0428352355957031 -0.0205268859863281
-0.2298583984375 -0.162582397460938 -0.089202880859375 0.0100250244140625
-0.29180908203125 -0.14837646484375 -0.185928344726563 0.03729248046875
-0.223388671875 -0.2486572265625 -0.249313354492188 -0.012908935546875
-0.025238037109375 -0.359161376953125 -0.24188232421875 -0.137222290039063
0.247528076171875 -0.282928466796875 -0.19970703125 -0.33648681640625
0.367645263671875 0.08258056640625 0.00964355468750006 -0.45965576171875
0.185592651367187 0.260360717773438 0.192169189453125 -0.3778076171875
-0.025390625 0.3035888671875 0.00115966796875002 -0.251205444335938
-0.170578002929688 0.23992919921875 -0.076080322265625 0.0578994750976563
-0.07904052734375 0.322601318359375 -0.461639404296875 0.07916259765625
0.299774169921875 0.32275390625 -0.354583740234375 0.3564453125
0.392974853515625 -0.04620361328125 -0.118865966796875 0.414276123046875
0.18548583984375 -0.321319580078125 0.092620849609375 0.276275634765625
-0.14117431640625 -0.2884521484375 0.113914489746094 0.122634887695312
-0.26824951171875 -0.142608642578125 0.0517959594726562 0.021453857421875
-0.25347900390625 -0.164382934570313 0.0163440704345703 0.0312061309814453
-0.3056640625 -0.15960693359375 -0.0795364379882813 0.0675735473632812
-0.207931518554687 -0.266128540039063 -0.177536010742188 0.0506744384765625
0.01922607421875 -0.356475830078125 -0.233856201171875 -0.0722351074218751
0.280807495117188 -0.226760864257813 -0.22991943359375 -0.325286865234375
0.319122314453125 0.14752197265625 0.037078857421875 -0.51116943359375
0.110260009765625 0.259384155273438 0.294464111328125 -0.3515625
-0.0625457763671875 0.267807006835938 0.00680541992187501 -0.144821166992187
-0.141311645507813 0.242019653320312 -0.0715484619140625 0.174896240234375
-0.00967407226562498 0.322784423828125 -0.358245849609375 0.168670654296875
0.33197021484375 0.243377685546875 -0.286407470703125 0.336822509765625
0.349212646484375 -0.119140625 -0.110748291015625 0.421356201171875
0.117645263671875 -0.33184814453125 0.110382080078125 0.328338623046875
-0.173919677734375 -0.253707885742188 0.183334350585938 0.180618286132812
-0.25970458984375 -0.114395141601562 0.158706665039062 0.0458526611328125
-0.238922119140625 -0.142669677734375 0.120201110839844 0.0482254028320312
-0.272506713867188 -0.14691162109375 0.0200271606445312 0.104171752929687
-0.15936279296875 -0.237060546875 -0.124740600585938 0.108169555664062
0.051971435546875 -0.283966064453125 -0.247528076171875 -0.03619384765625
0.245651245117188 -0.129928588867188 -0.238555908203125 -0.3516845703125
0.199050903320312 0.165054321289063 0.12152099609375 -0.5648193359375
0.021514892578125 0.189056396484375 0.406494140625 -0.2989501953125
-0.0803680419921875 0.184066772460938 0.00534439086914062 -0.0540199279785156
-0.104583740234375 0.183486938476563 -0.0457763671875 0.28521728515625
0.0253753662109375 0.243301391601563 -0.2489013671875 0.24798583984375
0.270553588867188 0.144805908203125 -0.221527099609375 0.327789306640625
0.245819091796875 -0.134613037109375 -0.07696533203125 0.441009521484375
0.0513916015625 -0.267562866210938 0.152587890625 0.365814208984375
-0.160659790039063 -0.180435180664062 0.26507568359375 0.206085205078125
-0.203048706054688 -0.0734405517578124 0.259384155273438 0.048248291015625
-0.188201904296875 -0.09912109375 0.206634521484375 0.0561676025390625
-0.203338623046875 -0.106704711914063 0.0958633422851563 0.135971069335938
-0.107315063476562 -0.163131713867188 -0.0966644287109375 0.1435546875
0.0402374267578125 -0.177154541015625 -0.266769409179688 -0.0466918945312501
0.14447021484375 -0.0573272705078125 -0.207489013671875 -0.40948486328125
0.0739898681640625 0.102447509765625 0.25592041015625 -0.58697509765625
-0.0214385986328125 0.0732421875 0.506011962890625 -0.221923828125
-0.0579147338867187 0.0850601196289063 -0.00337886810302735 0.00949287414550782
-0.0734100341796875 0.0727005004882812 -0.00900268554687501 0.364105224609375
0.002593994140625 0.117576599121094 -0.15655517578125 0.305999755859375
0.132026672363281 0.0732269287109375 -0.160247802734375 0.331329345703125
0.120452880859375 -0.0801315307617188 -0.01995849609375 0.451995849609375
0.0135498046875 -0.142913818359375 0.201629638671875 0.373016357421875
-0.0955734252929688 -0.0851898193359375 0.33636474609375 0.19708251953125
-0.105133056640625 -0.0259323120117188 0.332763671875 0.032135009765625
-0.107139587402344 -0.0406646728515625 0.261398315429688 0.055206298828125
-0.1134033203125 -0.0460357666015625 0.140380859375 0.149673461914063
-0.0696792602539063 -0.0653762817382813 -0.0809783935546875 0.146713256835938
-0.014373779296875 -0.0806808471679688 -0.262069702148438 -0.0909729003906251
0.0242271423339844 -0.04736328125 -0.132232666015625 -0.461181640625
0.00924015045166016 -0.00742912292480469 0.399261474609375 -0.55743408203125
0.00260353088378907 -0.0284004211425781 0.57275390625 -0.13348388671875
-0.00273799896240234 0.00638198852539063 -0.00911331176757812 0.0427894592285156
-0.0477409362792969 0.0235137939453125 -0.0016326904296875 -0.140098571777344
-0.0961685180664063 0.0451126098632812 -0.56390380859375 0.00231933593749989
0.00299072265625001 0.146026611328125 -0.41571044921875 0.52093505859375
0.101142883300781 0.08282470703125 0.0653076171874999 0.524688720703125
0.092254638671875 -0.00658416748046875 0.240478515625 0.142364501953125
0.045257568359375 -0.0407829284667969 0.0948410034179688 -0.128746032714844
0.0123939514160156 -0.0410041809082031 -0.165176391601563 -0.117965698242188
0.010589599609375 -0.03546142578125 -0.262969970703125 -0.024688720703125
0.00124549865722656 -0.0252685546875 -0.344940185546875 0.00497436523437496
-0.00842952728271485 -0.0153598785400391 -0.367431640625 -0.134735107421875
-0.0112676620483398 -0.0126953125 -0.277984619140625 -0.3070068359375
-0.002044677734375 -0.043670654296875 -0.08245849609375 -0.43243408203125
0.0283317565917969 -0.0405235290527344 0.128082275390625 -0.397796630859375
0.0671005249023438 -0.0129776000976563 0.09710693359375 -0.356536865234375
0.0547828674316406 0.0429267883300781 0.00070190429687497 -0.415191650390625
-0.0931472778320313 0.0705337524414063 -0.0165023803710938 -0.131324768066406
-0.133644104003906 0.0827102661132813 -0.58343505859375 -0.0488891601562501
0.0394744873046875 0.222183227539063 -0.464752197265625 0.466522216796875
0.185684204101563 0.0950164794921875 -0.0188903808593749 0.505615234375
0.152175903320313 -0.0796051025390625 0.190093994140625 0.171722412109375
0.00708770751953126 -0.128318786621094 0.0762481689453125 -0.0815811157226563
-0.0826644897460938 -0.0827865600585938 -0.15252685546875 -0.09100341796875
-0.085693359375 -0.0776748657226563 -0.237014770507812 -0.011932373046875
-0.118370056152344 -0.060150146484375 -0.32861328125 0.021759033203125
-0.111007690429688 -0.095977783203125 -0.360015869140625 -0.0929565429687501
-0.0448760986328125 -0.1514892578125 -0.285369873046875 -0.25482177734375
0.0774688720703125 -0.165908813476563 -0.13458251953125 -0.400054931640625
0.182785034179688 -0.02374267578125 0.0655822753906251 -0.4049072265625
0.150192260742188 0.0927734375 0.08245849609375 -0.3641357421875
0.0461578369140625 0.168411254882813 -0.023956298828125 -0.38287353515625
-0.130233764648438 0.121345520019531 -0.0427017211914063 -0.104721069335937
-0.145355224609375 0.150360107421875 -0.57568359375 -0.0430297851562499
0.108871459960938 0.280471801757813 -0.454986572265625 0.424041748046875
0.271591186523438 0.07427978515625 -0.065155029296875 0.46649169921875
0.188613891601562 -0.164352416992187 0.143295288085938 0.192901611328125
-0.04010009765625 -0.202041625976563 0.0652503967285156 -0.0231781005859375
-0.167739868164063 -0.112869262695313 -0.111991882324219 -0.0540618896484375
-0.171279907226563 -0.1126708984375 -0.175201416015625 0.00207519531249997
-0.222488403320313 -0.09075927734375 -0.26953125 0.0355682373046875
-0.193557739257813 -0.165664672851562 -0.31524658203125 -0.047821044921875
-0.064666748046875 -0.268661499023438 -0.27032470703125 -0.19281005859375
0.149703979492188 -0.259521484375 -0.179168701171875 -0.359466552734375
0.3033447265625 0.00103759765625 0.0162048339843751 -0.419586181640625
0.200454711914063 0.178741455078125 0.108489990234375 -0.372833251953125
0.028350830078125 0.255508422851563 -0.02374267578125 -0.318572998046875
-0.14599609375 0.181793212890625 -0.0670013427734375 -0.0478401184082031
-0.117279052734375 0.244232177734375 -0.5367431640625 0.010711669921875
0.213836669921875 0.30877685546875 -0.4072265625 0.38623046875
0.344940185546875 0.011566162109375 -0.092376708984375 0.430938720703125
0.188583374023438 -0.254684448242188 0.11065673828125 0.222686767578125
-0.09906005859375 -0.250198364257813 0.0768356323242188 0.0456924438476562
-0.231781005859375 -0.122421264648437 -0.0432853698730469 -0.0146369934082031
-0.231307983398438 -0.134750366210937 -0.0867843627929688 0.0151214599609375
-0.287750244140625 -0.1142578125 -0.178329467773438 0.049041748046875
-0.23175048828125 -0.21722412109375 -0.244613647460938 0.00154113769531245
-0.0511474609375 -0.337677001953125 -0.24627685546875 -0.126556396484375
0.214691162109375 -0.28814697265625 -0.212860107421875 -0.32464599609375
0.35687255859375 0.053192138671875 -0.00402832031250001 -0.45208740234375
0.190628051757813 0.236068725585938 0.17730712890625 -0.37335205078125
-0.00164794921875002 0.287933349609375 -0.00755310058593749 -0.231643676757813
-0.14013671875 0.23211669921875 -0.0782852172851563 0.0443344116210938
-0.0521240234375 0.3114013671875 -0.4578857421875 0.08831787109375
0.31011962890625 0.282745361328125 -0.340179443359375 0.35882568359375
0.369171142578125 -0.07427978515625 -0.1041259765625 0.414794921875
0.14715576171875 -0.320159912109375 0.10345458984375 0.26727294921875
-0.15570068359375 -0.259231567382812 0.120452880859375 0.114326477050781
-0.26373291015625 -0.111709594726562 0.0500373840332031 0.0176429748535156
-0.255279541015625 -0.134780883789062 0.0155811309814453 0.0263481140136719
-0.30322265625 -0.1243896484375 -0.074249267578125 0.0686721801757812
-0.218338012695313 -0.234954833984375 -0.171737670898438 0.055145263671875
-0.00942993164062503 -0.338623046875 -0.2325439453125 -0.0655517578125
0.250961303710938 -0.23712158203125 -0.23822021484375 -0.312530517578125
0.315673828125 0.117401123046875 0.019500732421875 -0.502349853515625
0.1197509765625 0.238967895507813 0.27923583984375 -0.35479736328125
-0.0383453369140625 0.255645751953125 0.0067596435546875 -0.132240295410156
-0.113479614257813 0.234878540039063 -0.06585693359375 0.15576171875
0.014923095703125 0.308074951171875 -0.354217529296875 0.1717529296875
0.338348388671875 0.20654296875 -0.277069091796875 0.33905029296875
0.322723388671875 -0.141387939453125 -0.09283447265625 0.423614501953125
0.082611083984375 -0.32672119140625 0.1248779296875 0.315338134765625
-0.18536376953125 -0.226730346679687 0.190475463867187 0.1639404296875
-0.2540283203125 -0.086456298828125 0.154373168945312 0.03155517578125
-0.241287231445312 -0.11578369140625 0.116424560546875 0.03350830078125
-0.271743774414063 -0.114913940429688 0.0232162475585937 0.0940322875976562
-0.170989990234375 -0.211212158203125 -0.116737365722656 0.1048583984375
0.026123046875 -0.272018432617188 -0.241912841796875 -0.0322113037109375
0.223983764648438 -0.142623901367188 -0.2469482421875 -0.33746337890625
0.201568603515625 0.141357421875 0.0985412597656251 -0.556884765625
0.0310211181640625 0.176467895507813 0.3900146484375 -0.31341552734375
-0.05877685546875 0.17626953125 0.0123786926269531 -0.0466194152832031
-0.08282470703125 0.179107666015625 -0.0340728759765625 0.260879516601562
0.0429534912109375 0.23101806640625 -0.243408203125 0.24365234375
0.273086547851563 0.116973876953125 -0.214691162109375 0.33013916015625
0.223342895507813 -0.150131225585937 -0.057464599609375 0.44061279296875
0.025360107421875 -0.26123046875 0.16949462890625 0.347869873046875
-0.167266845703125 -0.158737182617188 0.27191162109375 0.182418823242188
-0.199203491210938 -0.0526885986328125 0.251937866210938 0.0262603759765625
-0.1900634765625 -0.078887939453125 0.200515747070313 0.0347137451171875
-0.204010009765625 -0.0836334228515625 0.09808349609375 0.117088317871094
-0.115859985351562 -0.146530151367188 -0.0849533081054688 0.135833740234375
0.0225372314453125 -0.170318603515625 -0.258499145507813 -0.0415496826171875
0.132720947265625 -0.066802978515625 -0.218475341796875 -0.39471435546875
0.0780563354492188 0.0890655517578125 0.22723388671875 -0.58502197265625
-0.0164413452148438 0.0688247680664063 0.49102783203125 -0.244354248046875
-0.0436630249023437 0.08184814453125 0.0103302001953125 0.0130138397216797
-0.0613632202148438 0.0729751586914062 0.00543212890625003 0.335174560546875
0.0132369995117188 0.111068725585938 -0.149505615234375 0.296051025390625
0.134864807128906 0.05889892578125 -0.15338134765625 0.333526611328125
0.107505798339844 -0.0895156860351563 0.000274658203125044 0.449371337890625
-0.000984191894531238 -0.139785766601563 0.219085693359375 0.351806640625
-0.0986709594726563 -0.0748138427734375 0.34002685546875 0.167083740234375
-0.104156494140625 -0.016510009765625 0.32183837890625 0.004638671875
-0.109237670898438 -0.0307769775390625 0.253768920898438 0.0299224853515625
-0.114479064941406 -0.0346832275390625 0.142257690429688 0.126052856445313
-0.0736083984375 -0.057891845703125 -0.06903076171875 0.135574340820312
-0.020751953125 -0.0757064819335938 -0.255508422851563 -0.084442138671875
0.01947021484375 -0.0489120483398438 -0.144989013671875 -0.448455810546875
0.00970268249511719 -0.0109481811523437 0.36883544921875 -0.56414794921875
0.00130081176757812 -0.0278358459472656 0.56103515625 -0.162567138671875
0.00268411636352539 0.00571966171264648 0.00899505615234375 0.0456008911132813
-0.0459976196289062 0.018890380859375 -0.0227508544921875 -0.140945434570313
-0.0907821655273437 0.04583740234375 -0.5648193359375 0.0115966796875
0.0076751708984375 0.140762329101562 -0.40191650390625 0.51837158203125
0.0984725952148438 0.0752029418945313 0.06866455078125 0.514678955078125
0.0882949829101563 -0.00756072998046875 0.233917236328125 0.141372680664063
0.0443649291992188 -0.0387916564941406 0.0871353149414062 -0.120506286621094
0.0122032165527344 -0.0404205322265625 -0.161361694335938 -0.100738525390625
0.0105800628662109 -0.0328330993652344 -0.2525634765625 -0.00779724121093751
0.00233078002929687 -0.0234756469726563 -0.3323974609375 0.024566650390625
-0.00706386566162109 -0.0124568939208984 -0.363189697265625 -0.11260986328125
-0.00919437408447265 -0.00797748565673828 -0.285369873046875 -0.29119873046875
-0.00463485717773437 -0.0378227233886719 -0.0963134765625001 -0.42657470703125
0.0215568542480469 -0.0384483337402344 0.12127685546875 -0.397186279296875
0.0601158142089844 -0.0151710510253906 0.094390869140625 -0.343780517578125
0.052703857421875 0.03741455078125 -0.0115966796875 -0.388427734375
-0.0829315185546875 0.0629348754882813 -0.0355377197265625 -0.134475708007813
-0.123794555664063 0.080413818359375 -0.5865478515625 -0.0362548828124999
0.04620361328125 0.206832885742188 -0.452606201171875 0.464935302734375
0.177719116210938 0.0820465087890625 -0.014404296875 0.498504638671875
0.139228820800781 -0.0796356201171875 0.18536376953125 0.170639038085938
0.00347900390624999 -0.118095397949219 0.0714797973632813 -0.0745925903320313
-0.0796279907226563 -0.0731964111328125 -0.148666381835938 -0.07672119140625
-0.0838623046875 -0.06890869140625 -0.228561401367188 0.00158691406249997
-0.11395263671875 -0.0496444702148438 -0.31695556640625 0.03863525390625
-0.109077453613281 -0.083770751953125 -0.3548583984375 -0.0741577148437499
-0.0490188598632812 -0.139434814453125 -0.28961181640625 -0.241943359375
0.066558837890625 -0.160751342773438 -0.146697998046875 -0.39434814453125
0.173248291015625 -0.0291748046875 0.059356689453125 -0.403594970703125
0.144546508789063 0.08306884765625 0.080047607421875 -0.353240966796875
0.0505523681640625 0.158615112304688 -0.03143310546875 -0.357513427734375
-0.114601135253906 0.110870361328125 -0.0576934814453125 -0.109649658203125
-0.132003784179688 0.143997192382812 -0.57904052734375 -0.0325317382812499
0.11529541015625 0.2589111328125 -0.44403076171875 0.4217529296875
0.258193969726562 0.0570220947265625 -0.059967041015625 0.462738037109375
0.168487548828125 -0.162567138671875 0.141433715820313 0.190841674804688
-0.0462799072265625 -0.185501098632813 0.0635261535644531 -0.018768310546875
-0.161972045898437 -0.0960540771484375 -0.109962463378906 -0.0437545776367188
-0.168655395507813 -0.0971832275390625 -0.169754028320313 0.010833740234375
-0.215118408203125 -0.0723876953125 -0.25958251953125 0.048583984375
-0.192276000976563 -0.14556884765625 -0.31024169921875 -0.0325927734375
-0.0750579833984375 -0.250640869140625 -0.274490356445313 -0.18310546875
0.130889892578125 -0.254837036132813 -0.1885986328125 -0.35296630859375
0.291107177734375 -0.01165771484375 0.01171875 -0.416748046875
0.196701049804688 0.1639404296875 0.105926513671875 -0.364044189453125
0.0393218994140625 0.241470336914063 -0.02740478515625 -0.29620361328125
-0.127471923828125 0.170059204101563 -0.077423095703125 -0.05572509765625
-0.100723266601563 0.23382568359375 -0.53790283203125 0.0177001953125
0.218292236328125 0.281463623046875 -0.399932861328125 0.383636474609375
0.325897216796875 -0.006805419921875 -0.08599853515625 0.428375244140625
0.163360595703125 -0.250137329101562 0.1119384765625 0.219375610351562
-0.105514526367188 -0.229660034179688 0.07794189453125 0.0450057983398437
-0.224884033203125 -0.101730346679687 -0.0432472229003906 -0.00942230224609376
-0.228378295898438 -0.114089965820312 -0.08502197265625 0.0177764892578125
-0.28021240234375 -0.0909271240234374 -0.172637939453125 0.0557098388671875
-0.232223510742188 -0.192337036132812 -0.240859985351563 0.010467529296875
-0.066436767578125 -0.317840576171875 -0.247421264648437 -0.12139892578125
0.1912841796875 -0.286895751953125 -0.218841552734375 -0.3184814453125
0.3441162109375 0.034454345703125 -0.00857543945312494 -0.44573974609375
0.189971923828125 0.218902587890625 0.17108154296875 -0.368072509765625
0.0130615234375 0.271347045898438 -0.008331298828125 -0.214309692382812
-0.120635986328125 0.219497680664063 -0.0827713012695313 0.0321426391601563
-0.035858154296875 0.2984619140625 -0.4580078125 0.09039306640625
0.31170654296875 0.25433349609375 -0.33746337890625 0.35638427734375
0.3460693359375 -0.091827392578125 -0.0955810546875 0.4139404296875
0.12109375 -0.312652587890625 0.107086181640625 0.261306762695313
-0.160598754882813 -0.237548828125 0.123115539550781 0.107986450195313
-0.255325317382813 -0.0903472900390626 0.0477943420410156 0.0151863098144531
-0.251739501953125 -0.113540649414062 0.0137252807617187 0.0220470428466797
-0.295867919921875 -0.0989074707031249 -0.0720367431640625 0.0677947998046875
-0.221755981445313 -0.21051025390625 -0.167755126953125 0.0564727783203125
-0.027679443359375 -0.320892333984375 -0.231338500976563 -0.065277099609375
0.22869873046875 -0.240936279296875 -0.242279052734375 -0.30511474609375
0.307861328125 0.096710205078125 0.013092041015625 -0.494720458984375
0.123199462890625 0.223617553710938 0.27020263671875 -0.35443115234375
-0.0214691162109375 0.242233276367188 0.0104904174804688 -0.121734619140625
-0.095611572265625 0.22430419921875 -0.0665664672851563 0.138771057128906
0.029388427734375 0.294677734375 -0.35443115234375 0.169586181640625
0.3372802734375 0.17913818359375 -0.274871826171875 0.337890625
0.300872802734375 -0.1534423828125 -0.085174560546875 0.425140380859375
0.0589599609375 -0.317718505859375 0.132476806640625 0.3065185546875
-0.188003540039063 -0.205413818359375 0.194015502929688 0.151763916015625
-0.246246337890625 -0.0673217773437501 0.149169921875 0.0226593017578125
-0.23876953125 -0.096527099609375 0.111343383789062 0.0231781005859375
-0.2672119140625 -0.0922088623046876 0.02276611328125 0.0859909057617188
-0.175949096679688 -0.19000244140625 -0.111656188964844 0.099609375
0.00914001464843749 -0.259689331054688 -0.236953735351563 -0.0329437255859375
0.206192016601563 -0.149017333984375 -0.2490234375 -0.329864501953125
0.199249267578125 0.12310791015625 0.08734130859375 -0.550140380859375
0.0367431640625 0.166397094726563 0.3802490234375 -0.31884765625
-0.0425872802734375 0.167068481445313 0.0208396911621094 -0.0422096252441406
-0.068756103515625 0.170913696289063 -0.0317535400390625 0.239578247070313
0.0546722412109375 0.219924926757813 -0.243728637695313 0.236419677734375
0.271591186523438 0.09686279296875 -0.212799072265625 0.33050537109375
0.204986572265625 -0.15850830078125 -0.0468749999999999 0.43878173828125
0.00692749023437502 -0.253677368164063 0.177490234375 0.335968017578125
-0.168563842773437 -0.143447875976562 0.273941040039063 0.164688110351563
-0.19317626953125 -0.0388946533203125 0.243118286132813 0.011077880859375
-0.189315795898438 -0.0646514892578125 0.193557739257813 0.01934814453125
-0.2022705078125 -0.067352294921875 0.0966644287109375 0.102569580078125
-0.120338439941406 -0.132377624511719 -0.0789642333984375 0.126014709472656
0.0112457275390625 -0.162368774414063 -0.251876831054688 -0.0423126220703125
0.121513366699219 -0.0723037719726563 -0.21978759765625 -0.386749267578125
0.0784988403320313 0.0775985717773438 0.21270751953125 -0.5816650390625
-0.0119361877441406 0.064666748046875 0.48138427734375 -0.256011962890625
-0.0319900512695313 0.076141357421875 0.0230426788330078 0.0149803161621094
-0.0528373718261719 0.069793701171875 0.00958251953125001 0.309600830078125
0.0198898315429688 0.104995727539062 -0.14990234375 0.28546142578125
0.135810852050781 0.0473175048828125 -0.152587890625 0.33489990234375
0.096221923828125 -0.0945816040039063 0.011871337890625 0.445068359375
-0.011199951171875 -0.136283874511719 0.227081298828125 0.337158203125
-0.09918212890625 -0.067291259765625 0.338287353515625 0.146453857421875
-0.101303100585938 -0.0105209350585937 0.309814453125 -0.013275146484375
-0.109138488769531 -0.0235977172851563 0.244644165039063 0.011871337890625
-0.114463806152344 -0.0269699096679688 0.140419006347656 0.107933044433594
-0.0752639770507813 -0.0519790649414063 -0.0615768432617187 0.1248779296875
-0.02545166015625 -0.0705947875976563 -0.249038696289063 -0.084564208984375
0.0155677795410156 -0.0496177673339844 -0.14874267578125 -0.43963623046875
0.00959682464599609 -0.0141515731811523 0.35137939453125 -0.5626220703125
0.00159454345703125 -0.0270538330078125 0.553741455078125 -0.176483154296875
0.0079345703125 0.0041203498840332 0.0244598388671875 0.0458717346191406
-0.0463638305664063 0.0150871276855469 -0.04156494140625 -0.142196655273438
-0.0884170532226562 0.0462646484375 -0.57708740234375 0.0177612304687501
0.0111007690429687 0.137954711914062 -0.402069091796875 0.52020263671875
0.0959091186523437 0.0710296630859375 0.068939208984375 0.516082763671875
0.0860366821289063 -0.007049560546875 0.231430053710938 0.146209716796875
0.0438919067382813 -0.037445068359375 0.0832977294921875 -0.113479614257813
0.0131301879882813 -0.0404090881347656 -0.1590576171875 -0.08807373046875
0.0119304656982422 -0.0315971374511719 -0.246963500976563 0.00498962402343751
0.00448417663574219 -0.0218772888183594 -0.3255615234375 0.0392456054687499
-0.00503349304199219 -0.0102977752685547 -0.363006591796875 -0.097900390625
-0.00711822509765625 -0.00408649444580078 -0.2939453125 -0.283355712890625
-0.00634193420410157 -0.0331745147705078 -0.107086181640625 -0.4300537109375
0.015533447265625 -0.0361709594726563 0.119293212890625 -0.40484619140625
0.0552558898925781 -0.0157241821289062 0.0975341796875 -0.33709716796875
0.0515708923339844 0.033843994140625 -0.015899658203125 -0.3702392578125
-0.0770263671875 0.0557479858398438 -0.0526657104492188 -0.137435913085937
-0.118492126464844 0.077606201171875 -0.59991455078125 -0.0296630859374999
0.0493011474609375 0.196914672851562 -0.45257568359375 0.463897705078125
0.171539306640625 0.0736846923828125 -0.012298583984375 0.501678466796875
0.130470275878906 -0.0775680541992188 0.183212280273438 0.17498779296875
0.00193023681640624 -0.110885620117188 0.0697250366210938 -0.06829833984375
-0.0766677856445313 -0.06683349609375 -0.147232055664063 -0.0657958984375
-0.0819015502929688 -0.0623321533203125 -0.224700927734375 0.01190185546875
-0.109405517578125 -0.0425338745117187 -0.31085205078125 0.0523986816406251
-0.108070373535156 -0.0748443603515625 -0.355133056640625 -0.0602722167968749
-0.0513076782226563 -0.131584167480469 -0.297576904296875 -0.235504150390625
0.06024169921875 -0.1575927734375 -0.157684326171875 -0.396026611328125
0.167037963867187 -0.0331573486328125 0.057769775390625 -0.4100341796875
0.141159057617188 0.0785980224609375 0.0830078125 -0.3492431640625
0.0550079345703125 0.151748657226563 -0.0322265625 -0.3416748046875
-0.105636596679688 0.101799011230469 -0.0720062255859375 -0.115028381347656
-0.1241455078125 0.138565063476563 -0.5931396484375 -0.02789306640625
0.119033813476562 0.243270874023438 -0.447601318359375 0.42279052734375
0.247879028320312 0.046142578125 -0.059967041015625 0.46600341796875
0.155487060546875 -0.16070556640625 0.141220092773438 0.194839477539063
-0.0502471923828125 -0.175262451171875 0.0635986328125 -0.0143013000488281
-0.15826416015625 -0.0845794677734375 -0.109039306640625 -0.0349197387695313
-0.166610717773438 -0.08642578125 -0.167755126953125 0.0177459716796875
-0.209884643554688 -0.0601654052734375 -0.255874633789063 0.058563232421875
-0.1915283203125 -0.132003784179688 -0.309906005859375 -0.0226135253906251
-0.0819854736328125 -0.2391357421875 -0.280303955078125 -0.179092407226563
0.119216918945313 -0.253555297851563 -0.19873046875 -0.35430908203125
0.28411865234375 -0.02154541015625 0.011016845703125 -0.421234130859375
0.195465087890625 0.156204223632813 0.108154296875 -0.36138916015625
0.0477142333984375 0.232650756835938 -0.026031494140625 -0.282928466796875
-0.11663818359375 0.16009521484375 -0.0885772705078125 -0.0635299682617187
-0.0894775390625 0.2264404296875 -0.550140380859375 0.0189208984375
0.222885131835938 0.262283325195313 -0.4051513671875 0.38494873046875
0.3128662109375 -0.019256591796875 -0.0865478515625 0.434814453125
0.146240234375 -0.247940063476562 0.113632202148437 0.222442626953125
-0.110321044921875 -0.216964721679687 0.0798797607421875 0.04638671875
-0.220474243164063 -0.0875396728515625 -0.0429420471191406 -0.00535964965820314
-0.227249145507812 -0.0995635986328125 -0.0848617553710938 0.0199432373046875
-0.274749755859375 -0.0735931396484376 -0.170578002929688 0.060882568359375
-0.233627319335938 -0.17523193359375 -0.240737915039063 0.016571044921875
-0.0780029296875 -0.3050537109375 -0.252471923828125 -0.121124267578125
0.176513671875 -0.287750244140625 -0.2276611328125 -0.31976318359375
0.337005615234375 0.021087646484375 -0.00869750976562499 -0.449676513671875
0.192611694335938 0.209381103515625 0.17303466796875 -0.368255615234375
0.024322509765625 0.260986328125 -0.00543212890625001 -0.204238891601562
-0.108871459960938 0.210525512695312 -0.0911941528320313 0.02203369140625
-0.023590087890625 0.290435791015625 -0.468902587890625 0.0902404785156251
0.3153076171875 0.23492431640625 -0.34442138671875 0.358062744140625
0.33203125 -0.10321044921875 -0.0928649902343749 0.42181396484375
0.10247802734375 -0.30889892578125 0.111572265625 0.262237548828125
-0.16552734375 -0.22314453125 0.127120971679688 0.105377197265625
-0.250503540039063 -0.075469970703125 0.0467643737792969 0.0138740539550781
-0.251556396484375 -0.09857177734375 0.0120220184326172 0.0191249847412109
-0.29266357421875 -0.081329345703125 -0.0725555419921875 0.067626953125
-0.224929809570313 -0.192825317382812 -0.16766357421875 0.057830810546875
-0.03985595703125 -0.30963134765625 -0.234664916992188 -0.0669403076171875
0.213058471679688 -0.244781494140625 -0.248291015625 -0.306915283203125
0.3045654296875 0.082244873046875 0.0113525390625 -0.49786376953125
0.126708984375 0.214752197265625 0.272216796875 -0.35845947265625
-0.00865173339843752 0.232650756835938 0.01611328125 -0.11578369140625
-0.0844879150390625 0.217239379882813 -0.0713043212890625 0.126014709472656
0.04083251953125 0.286651611328125 -0.36279296875 0.16754150390625
0.33990478515625 0.1607666015625 -0.282073974609375 0.3408203125
0.28631591796875 -0.163482666015625 -0.0810546875 0.43170166015625
0.041595458984375 -0.313385009765625 0.1376953125 0.305206298828125
-0.19171142578125 -0.19293212890625 0.199249267578125 0.144943237304688
-0.242218017578125 -0.0539703369140625 0.146255493164062 0.015655517578125
-0.23968505859375 -0.0825653076171875 0.1077880859375 0.014984130859375
-0.265243530273438 -0.0761566162109375 0.0214996337890625 0.0797882080078125
-0.180221557617188 -0.175994873046875 -0.110382080078125 0.0967178344726562
-0.00270080566406251 -0.250930786132813 -0.238006591796875 -0.0369720458984375
0.193588256835938 -0.154678344726563 -0.253448486328125 -0.332763671875
0.19818115234375 0.109695434570313 0.084320068359375 -0.554107666015625
0.0414276123046875 0.159194946289062 0.38140869140625 -0.3280029296875
-0.029876708984375 0.158981323242188 0.0293998718261719 -0.0390090942382812
-0.059967041015625 0.166488647460938 -0.0335540771484375 0.224105834960937
0.063079833984375 0.212600708007813 -0.250930786132813 0.232528686523437
0.273086547851563 0.0822296142578125 -0.21978759765625 0.337005615234375
0.1925048828125 -0.164886474609375 -0.04071044921875 0.4476318359375
-0.00650024414062498 -0.250091552734375 0.185150146484375 0.331756591796875
-0.171554565429688 -0.133956909179688 0.277420043945313 0.154022216796875
-0.1905517578125 -0.0292510986328125 0.2392578125 -0.000305175781250002
-0.190475463867187 -0.0537109375 0.18756103515625 0.007080078125
-0.201751708984375 -0.0551605224609375 0.0949478149414063 0.091644287109375
-0.124923706054688 -0.1224365234375 -0.076690673828125 0.119453430175781
0.00276184082031249 -0.156906127929688 -0.25079345703125 -0.0466766357421875
0.114166259765625 -0.07696533203125 -0.22393798828125 -0.387237548828125
0.0788726806640625 0.0689544677734375 0.2083740234375 -0.58624267578125
-0.00824356079101563 0.0616989135742188 0.483306884765625 -0.2667236328125
-0.0222702026367187 0.0707855224609375 0.0346393585205078 0.0156536102294922
-0.0484733581542969 0.0678291320800781 0.00918579101562499 0.293670654296875
0.0252914428710937 0.101005554199219 -0.155929565429687 0.280380249023438
0.138099670410156 0.0394134521484375 -0.15716552734375 0.340484619140625
0.0884017944335938 -0.0985260009765625 0.01922607421875 0.450653076171875
-0.0195083618164062 -0.134819030761719 0.235137939453125 0.33203125
-0.100852966308594 -0.0635223388671875 0.340606689453125 0.133026123046875
-0.100715637207031 -0.00705718994140627 0.304473876953125 -0.028350830078125
-0.111312866210938 -0.0184478759765625 0.239944458007812 -0.002899169921875
-0.115898132324219 -0.0215301513671875 0.138587951660156 0.09576416015625
-0.0776824951171875 -0.0475234985351562 -0.058624267578125 0.11590576171875
-0.0296516418457031 -0.0677070617675781 -0.247512817382812 -0.0886077880859375
0.0122718811035156 -0.0508613586425781 -0.151641845703125 -0.441436767578125
0.00935173034667969 -0.0178318023681641 0.34661865234375 -0.57110595703125
0.00265312194824219 -0.0272274017333984 0.558746337890625 -0.18817138671875
0.0133533477783203 0.00100898742675781 0.0386161804199219 0.0463218688964844
-0.0489578247070313 0.0130653381347656 -0.061614990234375 -0.144393920898438
-0.0873641967773437 0.0484771728515625 -0.60186767578125 0.0336914062499999
0.0154647827148438 0.138214111328125 -0.405975341796875 0.540863037109375
0.0963821411132812 0.0687255859375 0.076324462890625 0.52801513671875
0.0872802734375 -0.00751495361328125 0.236557006835937 0.152252197265625
0.0450820922851563 -0.0374565124511719 0.0808563232421875 -0.108985900878906
0.0131721496582031 -0.04107666015625 -0.15997314453125 -0.076568603515625
0.0142765045166016 -0.0316753387451172 -0.246307373046875 0.0191802978515625
0.00710105895996094 -0.0217666625976563 -0.325439453125 0.057373046875
-0.00254678726196289 -0.00780677795410156 -0.3717041015625 -0.0821533203125
-0.00401020050048828 -0.000315427780151367 -0.31103515625 -0.2791748046875
-0.00719833374023437 -0.0295028686523438 -0.126495361328125 -0.4400634765625
0.0102157592773438 -0.0340671539306641 0.117645263671875 -0.420745849609375
0.0523109436035156 -0.0168800354003906 0.0997314453125 -0.339111328125
0.0521736145019531 0.0305442810058594 -0.023468017578125 -0.3612060546875
-0.073638916015625 0.0510482788085938 -0.0716400146484375 -0.140716552734375
-0.11529541015625 0.0770950317382813 -0.6282958984375 -0.0156860351562501
0.05413818359375 0.190872192382812 -0.45989990234375 0.4832763671875
0.169097900390625 0.0674591064453125 -0.00708007812499994 0.5159912109375
0.126625061035156 -0.0786590576171875 0.18902587890625 0.181594848632813
5.34057617187551E-05 -0.107147216796875 0.0691795349121094 -0.0639114379882813
-0.0760879516601563 -0.0626678466796875 -0.14825439453125 -0.054412841796875
-0.0820999145507813 -0.0588760375976563 -0.225311279296875 0.025634765625
-0.107688903808594 -0.0362548828125 -0.311767578125 0.06939697265625
-0.108497619628906 -0.067413330078125 -0.36163330078125 -0.0450439453125
-0.0552444458007812 -0.126335144042969 -0.314208984375 -0.23193359375
0.0530242919921875 -0.1588134765625 -0.1776123046875 -0.4046630859375
0.16455078125 -0.0386810302734375 0.052398681640625 -0.42578125
0.142547607421875 0.0748291015625 0.0853271484375 -0.3543701171875
0.062255859375 0.14764404296875 -0.035797119140625 -0.333953857421875
-0.0999679565429688 0.0965652465820312 -0.089385986328125 -0.120155334472656
-0.118492126464844 0.137008666992188 -0.61883544921875 -0.01568603515625
0.12652587890625 0.232833862304688 -0.456756591796875 0.4384765625
0.243194580078125 0.03607177734375 -0.055145263671875 0.48236083984375
0.14520263671875 -0.16290283203125 0.14678955078125 0.201690673828125
-0.0553131103515625 -0.168685913085938 0.0649032592773438 -0.0112113952636719
-0.158538818359375 -0.07489013671875 -0.109901428222656 -0.02642822265625
-0.169036865234375 -0.0771942138671875 -0.16937255859375 0.027008056640625
-0.2098388671875 -0.04736328125 -0.257186889648438 0.07232666015625
-0.195968627929688 -0.119293212890625 -0.31622314453125 -0.00878906250000002
-0.091705322265625 -0.23223876953125 -0.29443359375 -0.177154541015625
0.108444213867187 -0.258956909179688 -0.217559814453125 -0.36065673828125
0.283203125 -0.03277587890625 0.00473022460937501 -0.437103271484375
0.201065063476563 0.151092529296875 0.10992431640625 -0.368621826171875
0.0589752197265625 0.22796630859375 -0.02734375 -0.2774658203125
-0.109176635742187 0.155685424804688 -0.103225708007813 -0.0690536499023437
-0.0795440673828125 0.224197387695313 -0.57244873046875 0.0300292968750001
0.231430053710938 0.248489379882813 -0.41571044921875 0.401336669921875
0.305694580078125 -0.032958984375 -0.0819091796874999 0.451690673828125
0.131698608398437 -0.250961303710938 0.1207275390625 0.22833251953125
-0.11907958984375 -0.2080078125 0.0837631225585937 0.0472335815429687
-0.221405029296875 -0.0745391845703124 -0.0437583923339844 -0.000877380371093764
-0.231307983398438 -0.0863037109375 -0.0867919921875 0.0239028930664063
-0.276153564453125 -0.0569915771484375 -0.172866821289063 0.069854736328125
-0.240188598632813 -0.160125732421875 -0.245391845703125 0.0261840820312499
-0.09112548828125 -0.297943115234375 -0.265090942382813 -0.120407104492188
0.1629638671875 -0.295654296875 -0.244781494140625 -0.324920654296875
0.337982177734375 0.005706787109375 -0.015869140625 -0.463134765625
0.200241088867188 0.202438354492188 0.17608642578125 -0.379547119140625
0.0382537841796875 0.25518798828125 -0.00495910644531248 -0.200332641601562
-0.0991058349609375 0.208038330078125 -0.101493835449219 0.01519775390625
-0.010284423828125 0.28851318359375 -0.487945556640625 0.100189208984375
0.32672119140625 0.21630859375 -0.354583740234375 0.374237060546875
0.32403564453125 -0.1175537109375 -0.0892944335937499 0.44061279296875
0.084991455078125 -0.31182861328125 0.120803833007813 0.26788330078125
-0.175186157226563 -0.21368408203125 0.13433837890625 0.103286743164062
-0.251754760742188 -0.0602264404296875 0.0464324951171875 0.0133476257324219
-0.257308959960938 -0.08428955078125 0.00925159454345702 0.0163440704345703
-0.29571533203125 -0.06378173828125 -0.0741195678710938 0.0704803466796875
-0.23309326171875 -0.177902221679688 -0.170013427734375 0.06256103515625
-0.055267333984375 -0.3037109375 -0.244247436523438 -0.0685272216796875
0.20068359375 -0.25543212890625 -0.26446533203125 -0.311798095703125
0.307098388671875 0.0670166015625 0.00415039062500001 -0.513397216796875
0.135452270507813 0.208663940429688 0.274749755859375 -0.3756103515625
0.00450134277343752 0.226577758789063 0.0208816528320313 -0.113967895507812
-0.07537841796875 0.216018676757813 -0.0769805908203125 0.118980407714844
0.05462646484375 0.283599853515625 -0.377838134765625 0.17425537109375
0.349853515625 0.1417236328125 -0.288787841796875 0.35662841796875
0.276229858398438 -0.177291870117187 -0.07122802734375 0.449676513671875
0.0230712890625 -0.315887451171875 0.15081787109375 0.3096923828125
-0.2005615234375 -0.183853149414063 0.208328247070313 0.138763427734375
-0.243804931640625 -0.0402679443359375 0.146408081054687 0.0090789794921875
-0.245819091796875 -0.06903076171875 0.105026245117187 0.006103515625
-0.2696533203125 -0.060211181640625 0.0203857421875 0.0762481689453125
-0.188934326171875 -0.1630859375 -0.110481262207031 0.0969467163085937
-0.01580810546875 -0.247055053710938 -0.245010375976563 -0.0400543212890625
0.184112548828125 -0.16424560546875 -0.26751708984375 -0.3380126953125
0.200836181640625 0.09765625 0.0767822265625 -0.57110595703125
0.04888916015625 0.15521240234375 0.3861083984375 -0.34759521484375
-0.018157958984375 0.15283203125 0.0379486083984375 -0.0395698547363281
-0.0529327392578125 0.166366577148438 -0.0354766845703125 0.2171630859375
0.0748748779296875 0.208602905273438 -0.261077880859375 0.2384033203125
0.281585693359375 0.06658935546875 -0.226470947265625 0.3525390625
0.183502197265625 -0.17510986328125 -0.02996826171875 0.463226318359375
-0.0221405029296875 -0.25103759765625 0.2001953125 0.334075927734375
-0.178909301757813 -0.126724243164062 0.288055419921875 0.143585205078125
-0.192733764648437 -0.0194549560546875 0.23876953125 -0.0133819580078125
-0.195938110351562 -0.043060302734375 0.186737060546875 -0.0065460205078125
-0.206436157226562 -0.04266357421875 0.0952224731445312 0.083740234375
-0.131416320800781 -0.113517761230469 -0.0752792358398438 0.115837097167969
-0.00624084472656251 -0.155197143554688 -0.25732421875 -0.0496673583984375
0.108200073242188 -0.0839080810546875 -0.237091064453125 -0.3953857421875
0.0804214477539063 0.0615386962890625 0.20068359375 -0.607421875
-0.00352096557617188 0.0591239929199219 0.4937744140625 -0.288818359375
-0.0138435363769531 0.0662384033203125 0.04608154296875 0.0145378112792969
-0.0451889038085938 0.0684013366699219 0.011016845703125 0.285675048828125
0.031463623046875 0.0988998413085938 -0.162261962890625 0.284637451171875
0.143783569335938 0.0301971435546875 -0.159515380859375 0.35736083984375
0.0818557739257813 -0.103317260742187 0.0323486328125 0.4654541015625
-0.0287246704101563 -0.1356201171875 0.251739501953125 0.33245849609375
-0.105842590332031 -0.0608062744140625 0.35076904296875 0.120391845703125
-0.103385925292969 -0.00278472900390624 0.303436279296875 -0.045196533203125
-0.115684509277344 -0.0128936767578125 0.238433837890625 -0.019500732421875
-0.119712829589844 -0.0140380859375 0.140068054199219 0.0832901000976563
-0.08160400390625 -0.0432205200195312 -0.055877685546875 0.110610961914063
-0.0333976745605469 -0.0654869079589844 -0.253692626953125 -0.0921478271484375
0.00862884521484375 -0.0533866882324219 -0.163909912109375 -0.45159912109375
0.00808906555175782 -0.0214214324951172 0.34295654296875 -0.5943603515625
0.00466728210449219 -0.028594970703125 0.57183837890625 -0.2120361328125
0.0180568695068359 -0.00287437438964844 0.0531082153320312 0.0458145141601562
-0.0515556335449219 0.0138168334960938 -0.085418701171875 -0.14263916015625
-0.0861129760742188 0.0521621704101563 -0.628662109375 0.0662841796875001
0.0225067138671875 0.138343811035156 -0.39715576171875 0.57421875
0.0989761352539062 0.0652389526367188 0.0967712402343749 0.544189453125
0.0884857177734375 -0.010528564453125 0.248550415039063 0.152450561523438
0.0456123352050781 -0.0387420654296875 0.0770416259765625 -0.106254577636719
0.0127487182617188 -0.0425262451171875 -0.161758422851563 -0.0619354248046875
0.0158882141113281 -0.0334224700927734 -0.244659423828125 0.0395660400390625
0.00966644287109375 -0.0223293304443359 -0.32366943359375 0.08416748046875
9.34600830078125E-05 -0.00574541091918945 -0.38177490234375 -0.0562744140625
-0.000595808029174805 0.00293564796447754 -0.33612060546875 -0.267242431640625
-0.00795745849609375 -0.0257377624511719 -0.15802001953125 -0.447906494140625
0.00487518310546875 -0.0312004089355469 0.10260009765625 -0.4423828125
0.04949951171875 -0.0193901062011719 0.09661865234375 -0.346588134765625
0.0538482666015625 0.0262451171875 -0.035888671875 -0.354583740234375
-0.070709228515625 0.04840087890625 -0.0953369140625 -0.140869140625
-0.1123046875 0.079345703125 -0.65576171875 0.0157470703125001
0.0635223388671875 0.185104370117188 -0.457122802734375 0.517364501953125
0.1690673828125 0.0587158203125 0.012786865234375 0.534423828125
0.121421813964844 -0.0828170776367188 0.200271606445313 0.185028076171875
-0.00366973876953126 -0.103912353515625 0.0678672790527344 -0.0619850158691406
-0.0777740478515625 -0.0569076538085937 -0.150146484375 -0.04052734375
-0.0839614868164063 -0.0527114868164062 -0.225067138671875 0.0442352294921875
-0.107734680175781 -0.0282211303710938 -0.310638427734375 0.095855712890625
-0.110832214355469 -0.0569992065429688 -0.371124267578125 -0.02001953125
-0.0613861083984375 -0.120025634765625 -0.337005615234375 -0.220855712890625
0.043792724609375 -0.16204833984375 -0.208648681640625 -0.408966064453125
0.161239624023438 -0.047393798828125 0.0350341796875 -0.444244384765625
0.146270751953125 0.068572998046875 0.079437255859375 -0.363922119140625
0.072784423828125 0.142181396484375 -0.046478271484375 -0.33001708984375
-0.0938568115234375 0.0947341918945312 -0.110076904296875 -0.120986938476563
-0.110267639160156 0.137969970703125 -0.6483154296875 0.0162963867187499
0.138381958007813 0.220550537109375 -0.456512451171875 0.47113037109375
0.240463256835937 0.0213775634765625 -0.038482666015625 0.502349853515625
0.133285522460937 -0.16845703125 0.159423828125 0.205459594726563
-0.064056396484375 -0.160934448242188 0.0664253234863281 -0.00960159301757814
-0.161697387695313 -0.063018798828125 -0.1112060546875 -0.0155487060546875
-0.173721313476563 -0.064483642578125 -0.170333862304688 0.0409393310546875
-0.210220336914063 -0.030609130859375 -0.257339477539063 0.09429931640625
-0.202743530273438 -0.10223388671875 -0.32257080078125 0.0121459960937501
-0.105804443359375 -0.224395751953125 -0.314971923828125 -0.16680908203125
0.09130859375 -0.266891479492188 -0.247314453125 -0.361358642578125
0.28179931640625 -0.05126953125 -0.0129699707031249 -0.452728271484375
0.211105346679688 0.141082763671875 0.104400634765625 -0.38189697265625
0.0753173828125 0.221267700195312 -0.0348663330078125 -0.274139404296875
-0.098846435546875 0.1549072265625 -0.119560241699219 -0.0703582763671875
-0.0652923583984375 0.223541259765625 -0.597900390625 0.0574340820312501
0.246627807617187 0.227996826171875 -0.416839599609375 0.432403564453125
0.29998779296875 -0.051971435546875 -0.06622314453125 0.473663330078125
0.112533569335938 -0.257583618164062 0.135360717773437 0.232666015625
-0.132308959960938 -0.196853637695312 0.08929443359375 0.0471115112304687
-0.224594116210938 -0.0563812255859375 -0.0439033508300781 0.00497436523437499
-0.237640380859375 -0.0677947998046875 -0.0883102416992188 0.0307388305664062
-0.278656005859375 -0.03485107421875 -0.173233032226563 0.0845947265625
-0.249343872070313 -0.139480590820312 -0.249420166015625 0.0418853759765625
-0.11090087890625 -0.28955078125 -0.281707763671875 -0.11297607421875
0.142547607421875 -0.3079833984375 -0.272064208984375 -0.3236083984375
0.33892822265625 -0.01727294921875 -0.0356750488281249 -0.478302001953125
0.21417236328125 0.190948486328125 0.168304443359375 -0.395721435546875
0.0567474365234375 0.248016357421875 -0.0082550048828125 -0.198776245117187
-0.087127685546875 0.209365844726563 -0.112129211425781 0.013275146484375
0.00897216796875001 0.285430908203125 -0.50750732421875 0.124664306640625
0.3426513671875 0.190277099609375 -0.356536865234375 0.402374267578125
0.313995361328125 -0.13970947265625 -0.071136474609375 0.462066650390625
0.060394287109375 -0.317352294921875 0.138565063476563 0.27142333984375
-0.19036865234375 -0.199371337890625 0.144821166992188 0.0978546142578125
-0.255950927734375 -0.041168212890625 0.047119140625 0.0113334655761719
-0.265777587890625 -0.0625152587890625 0.00693511962890623 0.0149459838867187
-0.299713134765625 -0.03863525390625 -0.0745697021484375 0.0759658813476563
-0.245101928710937 -0.15826416015625 -0.171310424804688 0.072265625
-0.076141357421875 -0.29876708984375 -0.25714111328125 -0.0636138916015626
0.182266235351563 -0.2705078125 -0.289825439453125 -0.311279296875
0.31121826171875 0.044921875 -0.017486572265625 -0.5313720703125
0.150146484375 0.200088500976563 0.26922607421875 -0.40130615234375
0.02301025390625 0.219711303710938 0.0228042602539063 -0.114845275878906
-0.06207275390625 0.21832275390625 -0.0812149047851562 0.116249084472656
0.0754547119140625 0.278518676757813 -0.389923095703125 0.19415283203125
0.363800048828125 0.114349365234375 -0.290985107421875 0.38421630859375
0.264419555664063 -0.1973876953125 -0.051971435546875 0.470001220703125
-0.00155639648437503 -0.31842041015625 0.172088623046875 0.310333251953125
-0.215194702148438 -0.169113159179687 0.221908569335937 0.12835693359375
-0.247146606445313 -0.02166748046875 0.146820068359375 -0.0018157958984375
-0.254135131835938 -0.0480499267578125 0.102783203125 -0.00363922119140625
-0.274627685546875 -0.0370330810546875 0.0210494995117187 0.0732879638671875
-0.200119018554687 -0.146102905273438 -0.109420776367188 0.100479125976562
-0.033111572265625 -0.243942260742188 -0.255538940429687 -0.0353546142578125
0.1707763671875 -0.178253173828125 -0.2939453125 -0.33721923828125
0.206222534179688 0.08197021484375 0.05419921875 -0.59344482421875
0.06005859375 0.14984130859375 0.386322021484375 -0.379638671875
-0.00357055664062502 0.147354125976563 0.0448265075683594 -0.0419883728027344
-0.042724609375 0.169052124023438 -0.03302001953125 0.213485717773438
0.0909271240234375 0.20318603515625 -0.266693115234375 0.254058837890625
0.29150390625 0.0435791015625 -0.222564697265625 0.378753662109375
0.171051025390625 -0.18939208984375 -0.00640869140625004 0.482513427734375
-0.0429534912109375 -0.251174926757813 0.225006103515625 0.33306884765625
-0.189682006835938 -0.115493774414063 0.303619384765625 0.12786865234375
-0.195297241210938 -0.00505065917968749 0.237869262695312 -0.031494140625
-0.202926635742188 -0.0271759033203125 0.18389892578125 -0.0240325927734375
-0.211456298828125 -0.0248870849609375 0.0968475341796875 0.0736236572265625
-0.14044189453125 -0.101882934570313 -0.0715179443359375 0.115180969238281
-0.01776123046875 -0.152435302734375 -0.266372680664063 -0.04595947265625
0.100265502929688 -0.0925140380859375 -0.263275146484375 -0.398284912109375
0.0828628540039063 0.0526046752929688 0.1806640625 -0.635009765625
0.00226211547851562 0.0557518005371094 0.4969482421875 -0.326507568359375
-0.00439453124999999 0.0603828430175781 0.0579261779785156 0.010955810546875
-0.0409011840820312 0.0712051391601563 0.01959228515625 0.280670166015625
0.0396270751953125 0.0948562622070312 -0.162017822265625 0.29571533203125
0.1507568359375 0.01666259765625 -0.152679443359375 0.381072998046875
0.0737762451171875 -0.110694885253906 0.060638427734375 0.479461669921875
-0.0417022705078125 -0.135734558105469 0.278045654296875 0.32720947265625
-0.113182067871094 -0.0540771484375 0.365447998046875 0.099090576171875
-0.105674743652344 0.00456237792968752 0.30169677734375 -0.069580078125
-0.119903564453125 -0.00334930419921877 0.23638916015625 -0.0411224365234375
-0.124343872070312 -0.00347137451171874 0.143386840820313 0.06982421875
-0.0857086181640625 -0.0363540649414062 -0.0520858764648438 0.106796264648438
-0.03826904296875 -0.0631790161132813 -0.264434814453125 -0.090484619140625
0.00334930419921875 -0.0557785034179688 -0.189544677734375 -0.459930419921875
0.00665855407714844 -0.0251045227050781 0.3265380859375 -0.62786865234375
0.00542068481445313 -0.0303840637207031 0.58258056640625 -0.24957275390625
0.0218696594238281 -0.00772476196289063 0.06854248046875 0.0426445007324219
-0.0528755187988281 0.015716552734375 -0.109245300292969 -0.133918762207031
-0.0830078125 0.0566558837890625 -0.63958740234375 0.1134033203125
0.0321044921875 0.135322570800781 -0.36688232421875 0.607421875
0.101463317871094 0.0592269897460938 0.13055419921875 0.54638671875
0.0886154174804688 -0.0158843994140625 0.260299682617188 0.144927978515625
0.0450172424316406 -0.0404396057128906 0.0722122192382812 -0.103469848632812
0.0107803344726563 -0.0434341430664063 -0.16131591796875 -0.044158935546875
0.0160598754882813 -0.03594970703125 -0.236541748046875 0.063720703125
0.0116825103759766 -0.024261474609375 -0.31207275390625 0.11529541015625
0.00383639335632324 -0.0041348934173584 -0.384368896484375 -0.0221252441406251
0.00361013412475586 0.00484848022460938 -0.35986328125 -0.2435302734375
-0.00821304321289062 -0.0217533111572266 -0.1966552734375 -0.44134521484375
0.000263214111328123 -0.0269374847412109 0.07440185546875 -0.4580078125
0.0457077026367188 -0.0217132568359375 0.08416748046875 -0.35211181640625
0.0545921325683594 0.0201034545898438 -0.054718017578125 -0.343414306640625
-0.067535400390625 0.0470314025878906 -0.119056701660156 -0.133369445800781
-0.105972290039062 0.082244873046875 -0.67144775390625 0.0654296874999999
0.0742950439453125 0.174957275390625 -0.4334716796875 0.552490234375
0.167068481445313 0.04705810546875 0.0444335937499999 0.543304443359375
0.113876342773438 -0.0881881713867188 0.2138671875 0.180130004882813
-0.00894927978515625 -0.099639892578125 0.0649948120117188 -0.0600967407226563
-0.0794830322265625 -0.0489044189453125 -0.149307250976563 -0.0234222412109375
-0.0856170654296875 -0.0451812744140625 -0.21820068359375 0.0666351318359375
-0.104934692382813 -0.0176925659179687 -0.300445556640625 0.126678466796875
-0.1107177734375 -0.0446701049804687 -0.371826171875 0.013031005859375
-0.068206787109375 -0.111091613769531 -0.35833740234375 -0.197296142578125
0.0298919677734375 -0.162155151367188 -0.245849609375 -0.39910888671875
0.154647827148438 -0.0574951171875 0.00653076171875001 -0.454620361328125
0.150009155273438 0.0580596923828125 0.062286376953125 -0.370635986328125
0.0836868286132813 0.131187438964844 -0.063323974609375 -0.320220947265625
-0.0851211547851563 0.0932769775390625 -0.131210327148438 -0.115272521972656
-0.0997161865234375 0.138008117675781 -0.6640625 0.0633544921874999
0.151016235351563 0.201263427734375 -0.438446044921875 0.50616455078125
0.234115600585938 0.0037689208984375 -0.00903320312499999 0.51385498046875
0.115676879882812 -0.173690795898438 0.174484252929687 0.2027587890625
-0.0748138427734375 -0.149826049804688 0.0678977966308594 -0.00881958007812501
-0.161880493164062 -0.0458221435546875 -0.109649658203125 -0.0020294189453125
-0.1761474609375 -0.0471038818359375 -0.165924072265625 0.057647705078125
-0.206817626953125 -0.0101318359375 -0.248504638671875 0.119659423828125
-0.204925537109375 -0.0803070068359375 -0.32208251953125 0.041046142578125
-0.121902465820313 -0.2098388671875 -0.33282470703125 -0.145904541015625
0.06732177734375 -0.271438598632813 -0.2799072265625 -0.34747314453125
0.274368286132813 -0.07275390625 -0.043304443359375 -0.45941162109375
0.220672607421875 0.124298095703125 0.086395263671875 -0.391937255859375
0.0933837890625 0.207778930664062 -0.04681396484375 -0.266250610351563
-0.0857086181640625 0.154022216796875 -0.134941101074219 -0.0657730102539063
-0.04742431640625 0.219497680664063 -0.6085205078125 0.0990600585937501
0.259658813476563 0.1995849609375 -0.401214599609375 0.466339111328125
0.28717041015625 -0.07440185546875 -0.036346435546875 0.4871826171875
0.085693359375 -0.260299682617188 0.153564453125 0.229751586914062
-0.1466064453125 -0.179473876953125 0.0947418212890625 0.0438690185546875
-0.223846435546875 -0.033233642578125 -0.0421409606933594 0.0116043090820312
-0.240097045898438 -0.0429840087890625 -0.0874252319335938 0.03875732421875
-0.275253295898438 -0.00665283203125001 -0.1676025390625 0.1016845703125
-0.255294799804688 -0.112289428710938 -0.246734619140625 0.062744140625
-0.132553100585938 -0.273544311523438 -0.29583740234375 -0.09600830078125
0.1136474609375 -0.3165283203125 -0.302337646484375 -0.308074951171875
0.332000732421875 -0.045806884765625 -0.066497802734375 -0.48419189453125
0.2281494140625 0.171539306640625 0.1497802734375 -0.412872314453125
0.077606201171875 0.234466552734375 -0.016143798828125 -0.194168090820312
-0.0687255859375 0.20819091796875 -0.120620727539063 0.015533447265625
0.031982421875 0.27655029296875 -0.513702392578125 0.15863037109375
0.35400390625 0.154632568359375 -0.34136962890625 0.4329833984375
0.295654296875 -0.163238525390625 -0.0406494140625 0.47576904296875
0.0289306640625 -0.316680908203125 0.161468505859375 0.266815185546875
-0.205413818359375 -0.178009033203125 0.154083251953125 0.0883636474609375
-0.254165649414062 -0.01519775390625 0.0474433898925781 0.00908279418945312
-0.26861572265625 -0.035247802734375 0.00449275970458983 0.0132970809936523
-0.29766845703125 -0.00714111328124995 -0.0714340209960938 0.0826950073242188
-0.253433227539063 -0.130126953125 -0.167251586914063 0.0846099853515625
-0.10015869140625 -0.285003662109375 -0.267807006835937 -0.0502471923828125
0.154693603515625 -0.28253173828125 -0.318145751953125 -0.29583740234375
0.3094482421875 0.016845703125 -0.0503845214843749 -0.537109375
0.165573120117188 0.183197021484375 0.2490234375 -0.426971435546875
0.042816162109375 0.207717895507813 0.0212020874023438 -0.114830017089844
-0.0430755615234375 0.218353271484375 -0.0812835693359375 0.115066528320313
0.0987701416015625 0.266403198242188 -0.389129638671875 0.220855712890625
0.3704833984375 0.076568603515625 -0.274444580078125 0.412261962890625
0.242996215820313 -0.217117309570313 -0.0184326171875 0.482940673828125
-0.033172607421875 -0.314239501953125 0.199493408203125 0.30242919921875
-0.228317260742188 -0.14715576171875 0.234283447265625 0.11041259765625
-0.245101928710938 0.00270080566406254 0.144744873046875 -0.0137939453125
-0.2572021484375 -0.0219879150390625 0.0973892211914063 -0.0151138305664063
-0.27392578125 -0.006866455078125 0.0221405029296875 0.0696067810058594
-0.209121704101563 -0.12286376953125 -0.104110717773438 0.104942321777344
-0.054290771484375 -0.235198974609375 -0.263519287109375 -0.02447509765625
0.15069580078125 -0.190811157226563 -0.321014404296875 -0.321807861328125
0.207534790039062 0.06085205078125 0.01605224609375 -0.6064453125
0.0728530883789062 0.139511108398438 0.365997314453125 -0.414703369140625
0.0112228393554688 0.137474060058594 0.048492431640625 -0.0453071594238281
-0.028106689453125 0.169815063476563 -0.02508544921875 0.208831787109375
0.1077880859375 0.19140625 -0.261566162109375 0.271957397460938
0.294036865234375 0.012176513671875 -0.205413818359375 0.4034423828125
0.151687622070313 -0.20208740234375 0.0311279296875 0.492156982421875
-0.0683135986328125 -0.24566650390625 0.2547607421875 0.319244384765625
-0.199691772460938 -0.0977020263671875 0.31591796875 0.10235595703125
-0.194168090820312 0.0140228271484375 0.231491088867188 -0.0537567138671875
-0.205230712890625 -0.00578308105468751 0.17645263671875 -0.043670654296875
-0.21240234375 -0.00155639648437496 0.0972976684570312 0.0610580444335937
-0.147445678710938 -0.0851593017578125 -0.0650405883789063 0.113876342773437
-0.0316314697265625 -0.14697265625 -0.2738037109375 -0.0348205566406251
0.0873641967773438 -0.10107421875 -0.291656494140625 -0.387176513671875
0.0834808349609375 0.0416336059570312 0.1400146484375 -0.6556396484375
0.00922775268554688 0.0509223937988281 0.482879638671875 -0.36907958984375
0.00431060791015625 0.0531120300292969 0.0670242309570312 0.00498199462890625
-0.0343856811523438 0.0734634399414063 0.031768798828125 0.271255493164063
0.0479965209960938 0.0886077880859375 -0.151702880859375 0.305633544921875
0.152267456054688 -0.0018768310546875 -0.132568359375 0.4000244140625
0.0628204345703125 -0.116752624511719 0.0979919433593749 0.483184814453125
-0.0562362670898437 -0.131790161132813 0.30780029296875 0.309295654296875
-0.118919372558594 -0.0447998046875 0.37469482421875 0.068695068359375
-0.106521606445313 0.0145645141601563 0.2913818359375 -0.09820556640625
-0.121871948242187 0.00992584228515623 0.227127075195313 -0.067230224609375
-0.125114440917969 0.00956726074218749 0.142959594726563 0.0514068603515625
-0.0891952514648438 -0.0273513793945312 -0.045654296875 0.102180480957031
-0.0441627502441406 -0.0584144592285156 -0.2730712890625 -0.0803070068359375
-0.00260162353515625 -0.0566635131835937 -0.2210693359375 -0.453125
0.00306510925292969 -0.0279445648193359 0.288330078125 -0.65802001953125
0.006195068359375 -0.0323448181152344 0.57574462890625 -0.29669189453125
0.0234451293945313 -0.0135078430175781 0.0819244384765625 0.0357666015625
-0.0531005859375 0.0185623168945313 -0.128021240234375 -0.119300842285156
-0.0781784057617188 0.0600662231445312 -0.63043212890625 0.1602783203125
0.04034423828125 0.128814697265625 -0.32745361328125 0.6234130859375
0.101463317871094 0.0515899658203125 0.160797119140625 0.53533935546875
0.0864105224609375 -0.0208892822265625 0.2659912109375 0.132232666015625
0.0433769226074219 -0.0416107177734375 0.0665740966796875 -0.0980758666992188
0.008575439453125 -0.0425071716308594 -0.155319213867188 -0.0262451171875
0.0147666931152344 -0.0382804870605469 -0.220016479492187 0.08465576171875
0.0127716064453125 -0.0263309478759766 -0.289764404296875 0.14111328125
0.00697469711303711 -0.00356245040893555 -0.3743896484375 0.0106201171875
0.00779294967651367 0.00587129592895508 -0.37286376953125 -0.211700439453125
-0.0082244873046875 -0.0179805755615234 -0.22943115234375 -0.42083740234375
-0.00320816040039062 -0.0215015411376953 0.043609619140625 -0.460906982421875
0.0406227111816406 -0.0233306884765625 0.06903076171875 -0.350677490234375
0.05340576171875 0.0135498046875 -0.069122314453125 -0.322967529296875
-0.0629997253417969 0.0454330444335937 -0.137237548828125 -0.120094299316406
-0.0980377197265625 0.0831222534179688 -0.6644287109375 0.114501953125
0.0813446044921875 0.160781860351562 -0.3970947265625 0.5721435546875
0.161544799804688 0.0350799560546875 0.075653076171875 0.53607177734375
0.102729797363281 -0.091033935546875 0.2232666015625 0.169509887695313
-0.0127639770507813 -0.092681884765625 0.0624809265136719 -0.0559921264648438
-0.0777587890625 -0.0387954711914063 -0.14324951171875 -0.00677490234375
-0.0853652954101562 -0.03619384765625 -0.204147338867187 0.0860595703125
-0.0990371704101563 -0.00911712646484377 -0.278457641601563 0.15167236328125
-0.106071472167969 -0.0320587158203125 -0.35943603515625 0.0445556640625001
-0.0714797973632813 -0.099945068359375 -0.367950439453125 -0.16778564453125
0.01611328125 -0.15814208984375 -0.27459716796875 -0.373748779296875
0.143890380859375 -0.0656585693359375 -0.022796630859375 -0.44976806640625
0.148178100585938 0.04644775390625 0.045196533203125 -0.367950439453125
0.0901641845703125 0.116851806640625 -0.07623291015625 -0.302886962890625
-0.074859619140625 0.0896072387695312 -0.146804809570313 -0.1031494140625
-0.087005615234375 0.134056091308594 -0.65606689453125 0.111083984375
0.156845092773438 0.177154541015625 -0.40521240234375 0.52789306640625
0.221466064453125 -0.0124359130859375 0.02392578125 0.511749267578125
0.0957794189453125 -0.172744750976563 0.18597412109375 0.192840576171875
-0.08123779296875 -0.134124755859375 0.0682601928710938 -0.00852584838867188
-0.156387329101563 -0.027496337890625 -0.1046142578125 0.0106201171875
-0.17291259765625 -0.0287322998046875 -0.15576171875 0.07232666015625
-0.196807861328125 0.00917053222656252 -0.230728149414063 0.141159057617188
-0.199905395507813 -0.05743408203125 -0.309295654296875 0.0669250488281251
-0.13226318359375 -0.189773559570313 -0.341583251953125 -0.120391845703125
0.041961669921875 -0.267135620117188 -0.304168701171875 -0.322418212890625
0.25799560546875 -0.091217041015625 -0.071258544921875 -0.451873779296875
0.223007202148437 0.103790283203125 0.0654296875 -0.391357421875
0.105392456054688 0.188858032226562 -0.058074951171875 -0.252334594726562
-0.070556640625 0.149581909179688 -0.145492553710938 -0.0569610595703125
-0.0304718017578125 0.20794677734375 -0.60125732421875 0.14019775390625
0.2623291015625 0.165618896484375 -0.3717041015625 0.487060546875
0.2667236328125 -0.0922393798828125 -0.00573730468749998 0.486572265625
0.0592498779296875 -0.2537841796875 0.16864013671875 0.219207763671875
-0.154586791992188 -0.156707763671875 0.098602294921875 0.0389785766601562
-0.215591430664062 -0.00949096679687503 -0.0386848449707031 0.017303466796875
-0.234176635742188 -0.0181732177734375 -0.0833969116210938 0.0467529296875
-0.262191772460938 0.0201416015625001 -0.155014038085938 0.11578369140625
-0.251419067382813 -0.0828399658203125 -0.23590087890625 0.08111572265625
-0.14849853515625 -0.249740600585938 -0.30255126953125 -0.0756530761718751
0.08251953125 -0.3134765625 -0.322662353515625 -0.28192138671875
0.3150634765625 -0.07037353515625 -0.09454345703125 -0.474700927734375
0.234100341796875 0.146896362304688 0.1253662109375 -0.4173583984375
0.093536376953125 0.213653564453125 -0.02276611328125 -0.185165405273437
-0.0493011474609375 0.20318603515625 -0.124565124511719 0.0196380615234375
0.0517120361328125 0.259140014648438 -0.5023193359375 0.192138671875
0.3516845703125 0.11407470703125 -0.313751220703125 0.4527587890625
0.269927978515625 -0.180343627929688 -0.00875854492187503 0.476226806640625
-0.00177001953124997 -0.3052978515625 0.180145263671875 0.252288818359375
-0.212432861328125 -0.151412963867188 0.159835815429687 0.075531005859375
-0.24420166015625 0.0101470947265625 0.0461463928222656 0.005950927734375
-0.262237548828125 -0.00727844238281245 0.00225925445556639 0.0128545761108398
-0.284576416015625 0.021575927734375 -0.0661239624023438 0.0881118774414063
-0.251388549804688 -0.100067138671875 -0.158782958984375 0.0937347412109375
-0.119293212890625 -0.263412475585938 -0.271224975585938 -0.0351409912109375
0.12335205078125 -0.284576416015625 -0.33489990234375 -0.268096923828125
0.297271728515625 -0.00933837890625 -0.084869384765625 -0.52789306640625
0.174697875976563 0.161819458007813 0.22021484375 -0.440277099609375
0.05792236328125 0.189300537109375 0.01849365234375 -0.112220764160156
-0.0236968994140625 0.212265014648438 -0.0787734985351563 0.11260986328125
0.115478515625 0.245819091796875 -0.376922607421875 0.243560791015625
0.363128662109375 0.03741455078125 -0.249725341796875 0.42840576171875
0.21484375 -0.229217529296875 0.016845703125 0.48138427734375
-0.06134033203125 -0.298553466796875 0.2208251953125 0.28302001953125
-0.233169555664063 -0.120285034179688 0.239837646484375 0.088775634765625
-0.234542846679687 0.0263519287109375 0.137451171875 -0.0254898071289063
-0.250350952148438 0.00497436523437499 0.0880203247070312 -0.024322509765625
-0.263031005859375 0.02130126953125 0.0227432250976562 0.0656623840332031
-0.2093505859375 -0.0962371826171875 -0.0960159301757813 0.106826782226562
-0.072113037109375 -0.219329833984375 -0.264602661132813 -0.011383056640625
0.126785278320313 -0.195419311523437 -0.33966064453125 -0.29669189453125
0.202133178710938 0.039947509765625 -0.0220947265625 -0.59906005859375
0.0823593139648438 0.124313354492188 0.335906982421875 -0.4366455078125
0.02337646484375 0.123817443847656 0.050933837890625 -0.0480880737304687
-0.01220703125 0.166030883789063 -0.0170440673828125 0.198837280273438
0.12042236328125 0.174362182617188 -0.246795654296875 0.283721923828125
0.28546142578125 -0.0181884765625 -0.1805419921875 0.41632080078125
0.129592895507813 -0.208175659179687 0.066162109375 0.4842529296875
-0.08978271484375 -0.230758666992187 0.276580810546875 0.29486083984375
-0.202301025390625 -0.0763702392578125 0.317535400390625 0.073822021484375
-0.186050415039062 0.032318115234375 0.218017578125 -0.072784423828125
-0.200836181640625 0.015716552734375 0.161941528320313 -0.0599365234375
-0.204513549804688 0.020965576171875 0.0942306518554687 0.048553466796875
-0.147811889648438 -0.0664215087890625 -0.0577774047851563 0.109542846679688
-0.0439529418945312 -0.136817932128906 -0.273712158203125 -0.022735595703125
0.0726165771484375 -0.104446411132813 -0.313629150390625 -0.362701416015625
0.0814285278320313 0.0301361083984375 0.0968627929687499 -0.6568603515625
0.0151329040527344 0.0435447692871094 0.452850341796875 -0.40008544921875
0.0105972290039063 0.0443992614746094 0.073272705078125 -0.00140380859375
-0.025848388671875 0.0745315551757813 0.04315185546875 0.255935668945313
0.0533370971679687 0.0789871215820313 -0.136993408203125 0.30841064453125
0.147186279296875 -0.0198516845703125 -0.106964111328125 0.40863037109375
0.0504913330078125 -0.119216918945312 0.13311767578125 0.47113037109375
-0.0682220458984375 -0.122383117675781 0.328857421875 0.27978515625
-0.120864868164062 -0.0331802368164062 0.372406005859375 0.03533935546875
-0.10308837890625 0.0243759155273437 0.271743774414062 -0.122100830078125
-0.119644165039062 0.0221099853515625 0.20904541015625 -0.087005615234375
-0.121246337890625 0.023162841796875 0.138282775878906 0.0338211059570312
-0.0882034301757813 -0.017303466796875 -0.039886474609375 0.0945663452148438
-0.0483055114746094 -0.05242919921875 -0.275039672851563 -0.0674591064453125
-0.00999069213867188 -0.0558395385742188 -0.24713134765625 -0.434112548828125
0.000719070434570315 -0.0296764373779297 0.2420654296875 -0.66839599609375
0.00686836242675781 -0.0347404479980469 0.549072265625 -0.335662841796875
0.0237464904785156 -0.0179214477539063 0.0914764404296875 0.0271377563476562
-0.0517997741699219 0.0215835571289062 -0.139404296875 -0.104454040527344
-0.0733184814453125 0.0612030029296875 -0.60955810546875 0.1903076171875
0.0445022583007813 0.121475219726562 -0.29327392578125 0.619873046875
0.0989227294921875 0.0454177856445313 0.177978515625 0.515289306640625
0.08270263671875 -0.0235748291015625 0.265350341796875 0.122772216796875
0.0427169799804688 -0.0419158935546875 0.063323974609375 -0.090728759765625
0.00775146484375 -0.0407905578613281 -0.14630126953125 -0.011993408203125
0.0136833190917969 -0.0393600463867188 -0.201370239257813 0.09722900390625
0.0127582550048828 -0.0282497406005859 -0.2645263671875 0.15606689453125
0.0103330612182617 -0.00346279144287109 -0.35638427734375 0.0336608886718749
0.0111379623413086 0.00580692291259766 -0.37408447265625 -0.18450927734375
-0.00754070281982422 -0.014714241027832 -0.24847412109375 -0.396209716796875
-0.00440502166748047 -0.0155982971191406 0.020355224609375 -0.4527587890625
0.0363273620605469 -0.0232124328613281 0.059173583984375 -0.3411865234375
0.0498924255371094 0.0080718994140625 -0.0738525390625 -0.30267333984375
-0.0592193603515625 0.0430221557617188 -0.14892578125 -0.1055908203125
-0.0910415649414063 0.080474853515625 -0.64532470703125 0.1474609375
0.082733154296875 0.146026611328125 -0.365478515625 0.5770263671875
0.152801513671875 0.026947021484375 0.095703125 0.521484375
0.0927352905273437 -0.0901107788085937 0.224945068359375 0.1605224609375
-0.0134201049804687 -0.0858001708984375 0.0606575012207031 -0.0512428283691406
-0.0735397338867188 -0.0304183959960937 -0.134590148925781 0.00618743896484373
-0.0823211669921875 -0.0285186767578125 -0.187393188476563 0.0975341796875
-0.092620849609375 -0.00293731689453126 -0.254180908203125 0.166275024414063
-0.0981826782226563 -0.0230026245117188 -0.340606689453125 0.065887451171875
-0.0710525512695313 -0.0897674560546875 -0.369140625 -0.143402099609375
0.00590515136718749 -0.150299072265625 -0.2890625 -0.34722900390625
0.133186340332031 -0.0677261352539063 -0.043731689453125 -0.438323974609375
0.14422607421875 0.037689208984375 0.034912109375 -0.358123779296875
0.0905303955078125 0.102630615234375 -0.081573486328125 -0.2847900390625
-0.0664901733398438 0.0844268798828125 -0.156112670898438 -0.0911102294921875
-0.0777206420898437 0.126937866210938 -0.63824462890625 0.14190673828125
0.154037475585938 0.155914306640625 -0.375946044921875 0.534149169921875
0.206146240234375 -0.0219268798828125 0.042694091796875 0.499908447265625
0.0795135498046875 -0.16644287109375 0.190750122070313 0.183258056640625
-0.0821762084960937 -0.119476318359375 0.0684738159179687 -0.00691986083984376
-0.146743774414063 -0.013336181640625 -0.0972061157226563 0.0199432373046875
-0.16546630859375 -0.0136260986328125 -0.144256591796875 0.082244873046875
-0.183547973632813 0.0224609375 -0.210968017578125 0.153717041015625
-0.189376831054688 -0.0402374267578125 -0.29296875 0.084075927734375
-0.135665893554687 -0.17071533203125 -0.3408203125 -0.1002197265625
0.023712158203125 -0.255706787109375 -0.315155029296875 -0.295440673828125
0.239852905273438 -0.100357055664063 -0.08941650390625 -0.43804931640625
0.219436645507813 0.08648681640625 0.051910400390625 -0.384552001953125
0.109725952148438 0.169891357421875 -0.0617523193359375 -0.237457275390625
-0.058441162109375 0.141357421875 -0.15118408203125 -0.0492095947265625
-0.0196380615234375 0.193603515625 -0.583740234375 0.166015625
0.2537841796875 0.137435913085938 -0.347076416015625 0.492218017578125
0.245330810546875 -0.101806640625 0.015899658203125 0.47808837890625
0.0380096435546875 -0.241256713867188 0.17578125 0.207839965820313
-0.154129028320312 -0.135879516601563 0.100311279296875 0.0349578857421875
-0.201080322265625 0.00807189941406245 -0.0349769592285156 0.0219459533691406
-0.223663330078125 0.00135803222656245 -0.0783233642578125 0.0521011352539062
-0.244415283203125 0.0385284423828125 -0.141571044921875 0.123947143554688
-0.239959716796875 -0.059722900390625 -0.221939086914063 0.0919342041015625
-0.155181884765625 -0.226470947265625 -0.30194091796875 -0.0592041015625
0.057891845703125 -0.3021240234375 -0.32940673828125 -0.25604248046875
0.294464111328125 -0.084808349609375 -0.111846923828125 -0.45965576171875
0.231857299804687 0.125244140625 0.10711669921875 -0.4139404296875
0.09967041015625 0.192962646484375 -0.0246429443359375 -0.174285888671875
-0.0339508056640625 0.192535400390625 -0.12615966796875 0.021240234375
0.062103271484375 0.239532470703125 -0.485870361328125 0.21142578125
0.337646484375 0.082305908203125 -0.29388427734375 0.457733154296875
0.243850708007812 -0.18707275390625 0.0149230957031251 0.4674072265625
-0.023345947265625 -0.287689208984375 0.1895751953125 0.237945556640625
-0.211074829101563 -0.127410888671875 0.160964965820313 0.064300537109375
-0.2281494140625 0.0277099609375 0.0452003479003906 0.00431442260742188
-0.249649047851563 0.01434326171875 -0.000145912170410173 0.0132732391357422
-0.2666015625 0.0431976318359375 -0.0598373413085938 0.0910568237304687
-0.24127197265625 -0.0761871337890625 -0.148605346679688 0.097900390625
-0.129058837890625 -0.240036010742188 -0.269805908203125 -0.023223876953125
0.097930908203125 -0.27691650390625 -0.339996337890625 -0.24432373046875
0.280303955078125 -0.0269622802734375 -0.10430908203125 -0.510406494140625
0.176925659179688 0.140762329101563 0.196197509765625 -0.4412841796875
0.0661773681640625 0.170425415039063 0.0180435180664063 -0.107444763183594
-0.00854492187499998 0.20220947265625 -0.0770187377929687 0.108177185058594
0.12371826171875 0.224411010742187 -0.362060546875 0.254302978515625
0.34661865234375 0.008941650390625 -0.229034423828125 0.432647705078125
0.190704345703125 -0.232101440429688 0.04071044921875 0.47003173828125
-0.0796051025390625 -0.278579711914063 0.23077392578125 0.262802124023437
-0.2301025390625 -0.097564697265625 0.238235473632812 0.0711517333984375
-0.21966552734375 0.042572021484375 0.129066467285156 -0.0328826904296875
-0.238723754882812 0.025634765625 0.0782852172851562 -0.0294113159179688
-0.246551513671875 0.0410308837890626 0.0219955444335937 0.0620346069335938
-0.2021484375 -0.074676513671875 -0.0889358520507813 0.104484558105469
-0.08197021484375 -0.200637817382813 -0.261367797851563 -0.00257873535156252
0.104721069335937 -0.192581176757813 -0.34283447265625 -0.27105712890625
0.19146728515625 0.024444580078125 -0.0487060546875 -0.5811767578125
0.0866012573242188 0.108818054199219 0.30657958984375 -0.444244384765625
0.030548095703125 0.109840393066406 0.05224609375 -0.048553466796875
9.74195133308863E-18 0.159103393554688 -0.01300048828125 0.18719482421875
0.124160766601563 0.156661987304688 -0.23358154296875 0.285919189453125
0.270156860351563 -0.040130615234375 -0.1597900390625 0.418060302734375
0.110809326171875 -0.207534790039063 0.091522216796875 0.469482421875
-0.102813720703125 -0.213363647460937 0.286529541015625 0.26959228515625
-0.1988525390625 -0.0585174560546875 0.31219482421875 0.050994873046875
-0.174072265625 0.04425048828125 0.201995849609375 -0.083953857421875
-0.19110107421875 0.0322418212890625 0.145645141601563 -0.0697784423828125
-0.192703247070313 0.0370941162109375 0.0881271362304687 0.0390548706054688
-0.143081665039063 -0.0503082275390625 -0.0527572631835937 0.102714538574219
-0.0502548217773437 -0.125007629394531 -0.269790649414063 -0.0146636962890625
0.0592575073242188 -0.102867126464844 -0.319915771484375 -0.33880615234375
0.0771331787109375 0.0208053588867188 0.0648193359375 -0.641845703125
0.0191421508789063 0.0352897644042969 0.4215087890625 -0.413482666015625
0.01470947265625 0.0359115600585938 0.0773773193359375 -0.0049285888671875
-0.018096923828125 0.07391357421875 0.0474853515625 0.23907470703125
0.0559234619140625 0.0707244873046875 -0.12554931640625 0.30413818359375
0.13861083984375 -0.03265380859375 -0.086944580078125 0.405792236328125
0.0401077270507813 -0.11737060546875 0.154998779296875 0.453033447265625
-0.0757217407226563 -0.112754821777344 0.335693359375 0.252532958984375
-0.119087219238281 -0.0240554809570313 0.362274169921875 0.010223388671875
-0.0979766845703125 0.0318069458007813 0.249496459960938 -0.13525390625
-0.114280700683594 0.031768798828125 0.189620971679688 -0.09991455078125
-0.114822387695313 0.03216552734375 0.128753662109375 0.0203475952148438
-0.084564208984375 -0.00949859619140623 -0.0367355346679688 0.0854644775390625
-0.0498695373535156 -0.0461997985839844 -0.272079467773437 -0.058624267578125
-0.0149383544921875 -0.0532798767089844 -0.25848388671875 -0.411346435546875
-0.00144386291503906 -0.0305099487304688 0.2061767578125 -0.66107177734375
0.00772857666015625 -0.0374794006347656 0.518585205078125 -0.35809326171875
0.0239601135253906 -0.0213737487792969 0.0977325439453125 0.0204238891601563
-0.0509605407714844 0.0239181518554687 -0.147705078125 -0.0927886962890625
-0.0699615478515625 0.0614433288574219 -0.59564208984375 0.2066650390625
0.04656982421875 0.116455078125 -0.2783203125 0.6151123046875
0.09600830078125 0.0420761108398438 0.18560791015625 0.503814697265625
0.0795669555664063 -0.0246429443359375 0.26312255859375 0.1197509765625
0.042816162109375 -0.0424041748046875 0.063201904296875 -0.0839462280273438
0.00864791870117188 -0.0398178100585938 -0.137031555175781 -0.00253295898437498
0.0127220153808594 -0.039886474609375 -0.186614990234375 0.104721069335938
0.0125274658203125 -0.0303192138671875 -0.244369506835938 0.163787841796875
0.0137662887573242 -0.00417900085449219 -0.340850830078125 0.047698974609375
0.0143527984619141 0.00563526153564453 -0.372833251953125 -0.167327880859375
-0.0066976547241211 -0.0122709274291992 -0.258514404296875 -0.377899169921875
-0.00389957427978516 -0.010645866394043 0.00903320312499998 -0.445343017578125
0.0329036712646484 -0.0220298767089844 0.05718994140625 -0.335235595703125
0.0461845397949219 0.00487518310546875 -0.072235107421875 -0.287506103515625
-0.0558433532714844 0.0408477783203125 -0.156402587890625 -0.09466552734375
-0.0869827270507812 0.0770416259765625 -0.6309814453125 0.1646728515625
0.0811920166015625 0.135635375976563 -0.349365234375 0.57373046875
0.144729614257813 0.0228271484375 0.10357666015625 0.51104736328125
0.0848541259765625 -0.0864105224609375 0.225433349609375 0.156585693359375
-0.0134048461914063 -0.0802993774414063 0.0606803894042969 -0.0454368591308594
-0.0683746337890625 -0.0250205993652344 -0.125617980957031 0.0161514282226562
-0.0788192749023438 -0.02252197265625 -0.174301147460937 0.105072021484375
-0.0863571166992188 0.000663757324218755 -0.234268188476562 0.1751708984375
-0.0912322998046875 -0.0172576904296875 -0.32476806640625 0.078521728515625
-0.069091796875 -0.0815048217773438 -0.367950439453125 -0.126861572265625
-0.00016784667968749 -0.14276123046875 -0.296173095703125 -0.327880859375
0.126258850097656 -0.067535400390625 -0.05267333984375 -0.429962158203125
0.140396118164063 0.0318984985351563 0.031463623046875 -0.35162353515625
0.0891265869140625 0.0931320190429688 -0.08056640625 -0.270797729492188
-0.0602951049804687 0.0797500610351563 -0.162200927734375 -0.0825958251953125
-0.0723114013671875 0.118850708007813 -0.6243896484375 0.15826416015625
0.148544311523437 0.13970947265625 -0.361785888671875 0.533355712890625
0.192886352539062 -0.0261993408203125 0.053253173828125 0.492706298828125
0.0680694580078125 -0.158187866210937 0.1934814453125 0.17864990234375
-0.0804214477539062 -0.108718872070313 0.069854736328125 -0.00458526611328126
-0.136833190917969 -0.00446319580078123 -0.09027099609375 0.0272445678710937
-0.157562255859375 -0.00323486328125001 -0.134147644042969 0.0878829956054687
-0.172286987304687 0.030364990234375 -0.194915771484375 0.160812377929688
-0.178848266601563 -0.0294189453125 -0.278549194335938 0.092620849609375
-0.134902954101563 -0.157073974609375 -0.340301513671875 -0.08697509765625
0.011871337890625 -0.245071411132813 -0.319488525390625 -0.276580810546875
0.226409912109375 -0.103836059570312 -0.0972290039062499 -0.42828369140625
0.214630126953125 0.075103759765625 0.045867919921875 -0.379180908203125
0.110015869140625 0.156234741210938 -0.06072998046875 -0.226531982421875
-0.0492782592773437 0.133804321289063 -0.154769897460937 -0.0450897216796875
-0.0145263671875 0.180618286132813 -0.57177734375 0.17901611328125
0.243484497070313 0.118072509765625 -0.333282470703125 0.494903564453125
0.227813720703125 -0.1053466796875 0.027435302734375 0.47210693359375
0.024932861328125 -0.228729248046875 0.179458618164063 0.200027465820312
-0.151168823242188 -0.120407104492188 0.101799011230469 0.0327835083007812
-0.187896728515625 0.019256591796875 -0.0311679840087891 0.0253238677978516
-0.212677001953125 0.0147857666015625 -0.073822021484375 0.056121826171875
-0.229583740234375 0.049835205078125 -0.130828857421875 0.129615783691406
-0.227767944335937 -0.0460205078125 -0.211410522460938 0.09771728515625
-0.156753540039062 -0.208847045898438 -0.300933837890625 -0.049560546875
0.04302978515625 -0.29083251953125 -0.3311767578125 -0.239990234375
0.279281616210938 -0.0908660888671875 -0.119964599609375 -0.448638916015625
0.227615356445313 0.109878540039063 0.09735107421875 -0.409515380859375
0.101425170898438 0.177291870117188 -0.02313232421875 -0.166488647460938
-0.0233612060546875 0.183364868164062 -0.128150939941406 0.020599365234375
0.066375732421875 0.223602294921875 -0.47509765625 0.218841552734375
0.32257080078125 0.061431884765625 -0.278472900390625 0.461395263671875
0.224578857421875 -0.18890380859375 0.027496337890625 0.461639404296875
-0.03662109375 -0.271682739257812 0.194580078125 0.227127075195312
-0.206497192382813 -0.11065673828125 0.161529541015625 0.056549072265625
-0.213638305664063 0.0393524169921875 0.0436897277832031 0.00348663330078125
-0.237991333007812 0.029022216796875 -0.0022859573364258 0.0141067504882813
-0.250091552734375 0.05670166015625 -0.0548782348632813 0.0927963256835937
-0.22998046875 -0.0597686767578125 -0.14129638671875 0.0991058349609375
-0.13214111328125 -0.22222900390625 -0.269302368164063 -0.0166778564453126
0.08056640625 -0.267501831054688 -0.34002685546875 -0.228790283203125
0.266738891601563 -0.0373077392578125 -0.112823486328125 -0.4981689453125
0.175430297851563 0.124664306640625 0.181854248046875 -0.44000244140625
0.069488525390625 0.156448364257813 0.0200729370117188 -0.103363037109375
0.00201416015625001 0.193359375 -0.0781021118164063 0.102027893066406
0.126434326171875 0.208419799804687 -0.35430908203125 0.258636474609375
0.330963134765625 -0.009490966796875 -0.216400146484375 0.434478759765625
0.17315673828125 -0.2303466796875 0.05499267578125 0.46173095703125
-0.09112548828125 -0.262313842773438 0.236373901367188 0.248458862304687
-0.225173950195313 -0.0820159912109374 0.23614501953125 0.0584259033203125
-0.206069946289063 0.0521392822265625 0.122077941894531 -0.0370025634765625
-0.226974487304688 0.0401458740234375 0.0702896118164062 -0.0312042236328125
-0.2327880859375 0.054534912109375 0.021453857421875 0.0597572326660156
-0.193527221679688 -0.0599365234375 -0.0845108032226563 0.100715637207031
-0.08587646484375 -0.185272216796875 -0.259719848632813 0.00120544433593745
0.089202880859375 -0.186614990234375 -0.342529296875 -0.257415771484375
0.183090209960938 0.01397705078125 -0.0579833984375 -0.569091796875
0.0877761840820313 0.095245361328125 0.288360595703125 -0.44573974609375
0.0345306396484375 0.0982131958007813 0.05548095703125 -0.0482559204101562
0.00930786132812501 0.152587890625 -0.0136566162109375 0.176864624023438
0.125274658203125 0.143905639648438 -0.22735595703125 0.285247802734375
0.256072998046875 -0.052703857421875 -0.147705078125 0.418121337890625
0.0975799560546875 -0.204910278320313 0.103179931640625 0.458587646484375
-0.110748291015625 -0.19891357421875 0.290924072265625 0.2525634765625
-0.194320678710937 -0.0462493896484375 0.306884765625 0.03509521484375
-0.164077758789063 0.0518341064453125 0.189407348632813 -0.090484619140625
-0.182052612304688 0.04388427734375 0.132659912109375 -0.074005126953125
-0.180923461914063 0.0480194091796875 0.0833053588867188 0.0329437255859375
-0.137046813964844 -0.0395584106445312 -0.0510940551757812 0.0963363647460938
-0.0538482666015625 -0.115020751953125 -0.26727294921875 -0.0122833251953124
0.0489120483398438 -0.100357055664063 -0.321563720703125 -0.3236083984375
0.0726776123046875 0.0143661499023437 0.04913330078125 -0.6309814453125
0.0209846496582031 0.0269069671630859 0.4005126953125 -0.42034912109375
0.0172786712646484 0.0288887023925781 0.0818634033203125 -0.007354736328125
-0.011322021484375 0.0729522705078125 0.0471649169921875 0.224945068359375
0.0564765930175781 0.0641860961914063 -0.121490478515625 0.299896240234375
0.130783081054687 -0.0403823852539062 -0.07757568359375 0.40460205078125
0.0334701538085938 -0.115669250488281 0.165740966796875 0.4393310546875
-0.080078125 -0.103912353515625 0.338165283203125 0.234283447265625
-0.117347717285156 -0.0175552368164063 0.352813720703125 -0.005767822265625
-0.0929641723632813 0.0358810424804688 0.232177734375 -0.142120361328125
-0.109336853027344 0.0390396118164062 0.1732177734375 -0.106597900390625
-0.108444213867188 0.03924560546875 0.120819091796875 0.0113601684570313
-0.0806045532226563 -0.00445556640624999 -0.0360641479492188 0.077178955078125
-0.0504646301269531 -0.0410842895507813 -0.26947021484375 -0.0558013916015625
-0.0185432434082031 -0.0505828857421875 -0.260955810546875 -0.39752197265625
-0.00183296203613282 -0.0319881439208984 0.18768310546875 -0.65142822265625
0.00902938842773438 -0.0405731201171875 0.49786376953125 -0.36529541015625
0.0238819122314453 -0.0237560272216797 0.10418701171875 0.0164108276367188
-0.0502128601074219 0.0260086059570313 -0.15667724609375 -0.0841217041015625
-0.0683517456054687 0.0623016357421875 -0.59295654296875 0.220703125
0.048309326171875 0.11358642578125 -0.27020263671875 0.61932373046875
0.0943527221679688 0.04107666015625 0.191131591796875 0.5023193359375
0.0778579711914063 -0.0247039794921875 0.266845703125 0.120635986328125
0.0438232421875 -0.0438003540039062 0.0657501220703125 -0.0785293579101563
0.0103225708007812 -0.0397300720214844 -0.130630493164063 0.00677490234375002
0.0118331909179687 -0.0409088134765625 -0.176345825195313 0.1107177734375
0.0121135711669922 -0.0325965881347656 -0.23089599609375 0.170989990234375
0.0175495147705078 -0.00474929809570313 -0.332305908203125 0.0577392578124999
0.017277717590332 0.00568485260009766 -0.3778076171875 -0.155731201171875
-0.00644493103027344 -0.00992870330810547 -0.269195556640625 -0.368377685546875
-0.00258398056030273 -0.00676727294921875 0.000488281249999996 -0.444244384765625
0.0302810668945313 -0.0210685729980469 0.0584716796875 -0.335845947265625
0.0434494018554688 0.003265380859375 -0.0691375732421875 -0.280914306640625
-0.0533447265625 0.0386390686035156 -0.165069580078125 -0.0872039794921875
-0.0847091674804688 0.0746612548828125 -0.62786865234375 0.179931640625
0.079803466796875 0.129035949707031 -0.34320068359375 0.58062744140625
0.139030456542969 0.0214385986328125 0.108978271484375 0.511871337890625
0.0805282592773438 -0.0834732055664063 0.229782104492188 0.158172607421875
-0.0124893188476562 -0.0771636962890625 0.0632820129394531 -0.0400886535644531
-0.0636634826660156 -0.0210647583007813 -0.119094848632813 0.0237579345703125
-0.076507568359375 -0.0187835693359375 -0.164596557617188 0.112030029296875
-0.0829391479492188 0.00331878662109375 -0.221298217773438 0.183197021484375
-0.0855865478515625 -0.0135879516601563 -0.315399169921875 0.087554931640625
-0.0671463012695312 -0.07769775390625 -0.37200927734375 -0.116302490234375
-0.00439453125000001 -0.13751220703125 -0.3043212890625 -0.31781005859375
0.122566223144531 -0.0671539306640625 -0.05889892578125 -0.427734375
0.13885498046875 0.0282974243164062 0.030609130859375 -0.35247802734375
0.0871963500976563 0.087249755859375 -0.07928466796875 -0.264907836914063
-0.0560150146484375 0.0764541625976563 -0.169601440429687 -0.0779266357421875
-0.0697555541992188 0.112739562988281 -0.62298583984375 0.1712646484375
0.143447875976563 0.12945556640625 -0.3568115234375 0.542694091796875
0.184036254882812 -0.029449462890625 0.0610046386718751 0.49517822265625
0.060699462890625 -0.151885986328125 0.198135375976563 0.179031372070313
-0.0791015625 -0.10076904296875 0.0724411010742188 -0.00207519531250001
-0.128944396972656 0.00212860107421875 -0.0847702026367188 0.0336685180664063
-0.1522216796875 0.00505065917968751 -0.127952575683594 0.0942001342773438
-0.164871215820313 0.0361785888671875 -0.183425903320312 0.168533325195313
-0.171127319335938 -0.021575927734375 -0.270965576171875 0.100936889648438
-0.13482666015625 -0.147933959960938 -0.3448486328125 -0.076507568359375
0.0036163330078125 -0.238327026367188 -0.325042724609375 -0.265716552734375
0.21966552734375 -0.106918334960938 -0.10302734375 -0.4263916015625
0.213027954101563 0.0671539306640625 0.04229736328125 -0.379638671875
0.109832763671875 0.1475830078125 -0.058502197265625 -0.221466064453125
-0.04229736328125 0.127326965332031 -0.160964965820313 -0.0433502197265625
-0.0125579833984375 0.171768188476563 -0.5704345703125 0.18994140625
0.235824584960938 0.10540771484375 -0.329254150390625 0.504547119140625
0.216445922851563 -0.107925415039063 0.03607177734375 0.475128173828125
0.014495849609375 -0.219406127929687 0.1854248046875 0.198455810546875
-0.149093627929687 -0.109298706054688 0.1051025390625 0.0313491821289062
-0.178070068359375 0.026763916015625 -0.0285568237304688 0.0285625457763672
-0.204971313476563 0.0258026123046875 -0.0715866088867188 0.0601119995117188
-0.218917846679687 0.0584716796875 -0.1231689453125 0.13470458984375
-0.218917846679687 -0.035430908203125 -0.205322265625 0.1021728515625
-0.158233642578125 -0.197021484375 -0.305419921875 -0.0421142578125
0.032196044921875 -0.2838134765625 -0.33544921875 -0.2296142578125
0.270339965820313 -0.09735107421875 -0.1239013671875 -0.44866943359375
0.22576904296875 0.0991363525390625 0.092193603515625 -0.412750244140625
0.102630615234375 0.168228149414063 -0.02032470703125 -0.162628173828125
-0.014129638671875 0.17694091796875 -0.132545471191406 0.0191650390625
0.0691375732421875 0.213043212890625 -0.4747314453125 0.2275390625
0.3126220703125 0.047393798828125 -0.2757568359375 0.47015380859375
0.212142944335937 -0.190536499023438 0.03759765625 0.463226318359375
-0.046905517578125 -0.261001586914063 0.201461791992187 0.222503662109375
-0.20428466796875 -0.0980224609375 0.163742065429688 0.051361083984375
-0.203079223632813 0.0473785400390625 0.0433502197265625 0.00362396240234375
-0.229293823242187 0.0416259765625 -0.00407123565673829 0.015934944152832
-0.239059448242187 0.067138671875 -0.051025390625 0.0954360961914063
-0.222015380859375 -0.048858642578125 -0.137321472167969 0.100700378417969
-0.135147094726562 -0.209671020507813 -0.273208618164063 -0.011810302734375
0.0688629150390625 -0.261398315429688 -0.34295654296875 -0.220733642578125
0.257827758789063 -0.0449676513671875 -0.11895751953125 -0.49786376953125
0.174392700195313 0.112960815429688 0.17254638671875 -0.44366455078125
0.0722503662109375 0.146713256835938 0.023284912109375 -0.101730346679687
0.011871337890625 0.1868896484375 -0.08111572265625 0.0984573364257813
0.128555297851563 0.198333740234375 -0.353240966796875 0.26544189453125
0.320648193359375 -0.0218505859375 -0.211334228515625 0.44305419921875
0.160980224609375 -0.231491088867187 0.06610107421875 0.46112060546875
-0.100784301757812 -0.251296997070313 0.243865966796875 0.24127197265625
-0.222198486328125 -0.0705413818359375 0.23687744140625 0.0489501953125
-0.197341918945313 0.05950927734375 0.117881774902344 -0.040130615234375
-0.219329833984375 0.0519256591796875 0.0644645690917969 -0.0326156616210938
-0.222244262695313 0.0649261474609375 0.0208396911621094 0.0589523315429688
-0.1868896484375 -0.0501861572265625 -0.083343505859375 0.0985183715820313
-0.089111328125 -0.174972534179688 -0.263458251953125 0.00286865234375002
0.0786590576171875 -0.182449340820313 -0.3441162109375 -0.250152587890625
0.17681884765625 0.0063018798828125 -0.06683349609375 -0.568603515625
0.0880508422851563 0.0839309692382813 0.2784423828125 -0.453887939453125
0.037384033203125 0.0901718139648438 0.0598182678222656 -0.0481109619140625
0.0177764892578125 0.147857666015625 -0.0167083740234375 0.170501708984375
0.125602722167969 0.135612487792969 -0.2279052734375 0.288604736328125
0.247177124023438 -0.0623321533203125 -0.14251708984375 0.423828125
0.0886993408203125 -0.205108642578125 0.1151123046875 0.457061767578125
-0.11749267578125 -0.189697265625 0.29766845703125 0.2430419921875
-0.192718505859375 -0.037353515625 0.305084228515625 0.022735595703125
-0.157394409179688 0.0574188232421875 0.18072509765625 -0.0956573486328125
-0.1756591796875 0.0535430908203125 0.122901916503906 -0.0779342651367188
-0.173049926757813 0.05682373046875 0.0789871215820313 0.028900146484375
-0.132568359375 -0.032073974609375 -0.0513458251953125 0.0913162231445313
-0.0565719604492188 -0.10809326171875 -0.270416259765625 -0.0111846923828125
0.0415878295898437 -0.0976486206054688 -0.3236083984375 -0.319244384765625
0.0699501037597656 0.0086822509765625 0.040771484375 -0.63055419921875
0.0220832824707031 0.018341064453125 0.391693115234375 -0.42803955078125
0.0200157165527344 0.0238838195800781 0.0884323120117187 -0.009185791015625
-0.00431060791015625 0.0710296630859375 0.044189453125 0.217529296875
0.0562553405761719 0.0599555969238281 -0.12237548828125 0.300445556640625
0.125526428222656 -0.0465927124023438 -0.071502685546875 0.4093017578125
0.0285873413085937 -0.11529541015625 0.17681884765625 0.435791015625
-0.084075927734375 -0.0983200073242188 0.345794677734375 0.222320556640625
-0.117218017578125 -0.011993408203125 0.349884033203125 -0.0196533203125
-0.0895538330078125 0.038818359375 0.22003173828125 -0.149124145507813
-0.106109619140625 0.0448455810546875 0.161575317382813 -0.112167358398438
-0.104804992675781 0.0447311401367188 0.115562438964844 0.00469970703125
-0.0785598754882813 -0.000808715820312509 -0.0376548767089844 0.0702590942382813
-0.0507621765136719 -0.0377578735351563 -0.272598266601563 -0.05523681640625
-0.0220069885253906 -0.0491981506347656 -0.263885498046875 -0.393157958984375
-0.00250434875488282 -0.0351142883300781 0.17950439453125 -0.65234375
0.00974273681640625 -0.0451278686523437 0.48858642578125 -0.374237060546875
0.0252323150634766 -0.0255641937255859 0.112586975097656 0.0137557983398437
-0.0483627319335938 0.0289764404296875 -0.168655395507813 -0.074493408203125
-0.067230224609375 0.064727783203125 -0.59765625 0.244873046875
0.0521011352539062 0.111923217773437 -0.26055908203125 0.63543701171875
0.0950393676757813 0.0398788452148438 0.204803466796875 0.507049560546875
0.0779495239257813 -0.0255126953125 0.27691650390625 0.120620727539063
0.0451164245605469 -0.0463905334472656 0.0689315795898438 -0.0755844116210938
0.0109901428222656 -0.0415267944335938 -0.124458312988281 0.0163040161132813
0.0106925964355469 -0.0427970886230469 -0.167404174804688 0.121185302734375
0.0111713409423828 -0.0345878601074219 -0.219528198242188 0.183120727539063
0.0204315185546875 -0.00642776489257813 -0.3282470703125 0.07159423828125
0.0211601257324219 0.00473403930664063 -0.3892822265625 -0.142181396484375
-0.00568151473999023 -0.00670862197875976 -0.2850341796875 -0.361083984375
-0.00127243995666504 -0.00343775749206543 -0.01177978515625 -0.45172119140625
0.0284576416015625 -0.02056884765625 0.05560302734375 -0.343017578125
0.0411643981933594 0.00129318237304688 -0.0721435546875 -0.279937744140625
-0.0509834289550781 0.0373001098632812 -0.177398681640625 -0.078338623046875
-0.0833053588867188 0.0743560791015625 -0.63482666015625 0.20306396484375
0.0800704956054688 0.123893737792969 -0.33526611328125 0.59906005859375
0.1363525390625 0.018768310546875 0.12347412109375 0.5194091796875
0.0764541625976562 -0.0818099975585937 0.2401123046875 0.157730102539063
-0.0118942260742187 -0.075408935546875 0.0671463012695313 -0.0374412536621094
-0.0603752136230469 -0.017822265625 -0.113380432128906 0.033447265625
-0.0748367309570313 -0.0134429931640625 -0.156875610351563 0.122421264648438
-0.0805816650390625 0.0065460205078125 -0.2095947265625 0.19512939453125
-0.0813140869140625 -0.0102691650390625 -0.3115234375 0.101165771484375
-0.0679931640625 -0.0733489990234375 -0.38446044921875 -0.101593017578125
-0.00907135009765626 -0.134635925292969 -0.3192138671875 -0.30841064453125
0.120780944824219 -0.0697860717773438 -0.069854736328125 -0.433349609375
0.138870239257813 0.0240325927734375 0.025482177734375 -0.35906982421875
0.0880126953125 0.08306884765625 -0.08306884765625 -0.26385498046875
-0.050994873046875 0.07196044921875 -0.18096923828125 -0.0724792480468749
-0.0682449340820313 0.109199523925781 -0.63031005859375 0.1932373046875
0.141937255859375 0.120101928710937 -0.352294921875 0.56402587890625
0.177413940429688 -0.032989501953125 0.0739746093750001 0.5042724609375
0.052703857421875 -0.147750854492188 0.208526611328125 0.178146362304688
-0.079498291015625 -0.0941390991210937 0.0772628784179688 -0.00121307373046876
-0.123260498046875 0.00821685791015623 -0.079803466796875 0.0410537719726563
-0.148544311523438 0.0145263671875 -0.121978759765625 0.103218078613281
-0.159637451171875 0.0447845458984375 -0.172592163085937 0.17950439453125
-0.16650390625 -0.01422119140625 -0.266250610351562 0.112564086914063
-0.138282775878906 -0.140251159667969 -0.355438232421875 -0.0635986328125001
-0.00634765625000001 -0.235198974609375 -0.338470458984375 -0.256256103515625
0.214874267578125 -0.11346435546875 -0.114471435546875 -0.431304931640625
0.214385986328125 0.0583343505859375 0.03582763671875 -0.387359619140625
0.113632202148438 0.141708374023438 -0.06109619140625 -0.220626831054688
-0.0343551635742187 0.12286376953125 -0.169647216796875 -0.04071044921875
-0.00907897949218748 0.165985107421875 -0.5762939453125 0.2113037109375
0.232635498046875 0.0927581787109375 -0.32257080078125 0.52557373046875
0.207443237304687 -0.113510131835937 0.05096435546875 0.48455810546875
0.004180908203125 -0.213302612304688 0.196197509765625 0.196380615234375
-0.150100708007813 -0.0989532470703125 0.110450744628906 0.0282135009765625
-0.170822143554688 0.035400390625 -0.024871826171875 0.0322093963623047
-0.199737548828125 0.03802490234375 -0.0685272216796875 0.0663337707519531
-0.211074829101563 0.0698394775390625 -0.115493774414063 0.143280029296875
-0.2142333984375 -0.0253753662109375 -0.2015380859375 0.1102294921875
-0.16387939453125 -0.1875 -0.315399169921875 -0.030853271484375
0.01983642578125 -0.281219482421875 -0.3460693359375 -0.220245361328125
0.264373779296875 -0.106582641601563 -0.13726806640625 -0.453857421875
0.228286743164063 0.0871429443359375 0.084075927734375 -0.422088623046875
0.107742309570312 0.160446166992187 -0.0200653076171875 -0.162185668945313
-0.00457763671875001 0.171127319335938 -0.1397705078125 0.0199737548828125
0.0740509033203125 0.206375122070313 -0.480316162109375 0.246795654296875
0.30859375 0.0322265625 -0.269073486328125 0.489959716796875
0.200653076171875 -0.197341918945313 0.0543212890625 0.47027587890625
-0.0598602294921875 -0.253341674804688 0.213943481445313 0.217483520507812
-0.20562744140625 -0.08575439453125 0.169052124023437 0.0428619384765625
-0.196563720703125 0.0574951171875 0.0440864562988281 0.00297927856445313
-0.223724365234375 0.055877685546875 -0.00521469116210939 0.0187129974365234
-0.230545043945313 0.0806732177734375 -0.0462188720703125 0.100044250488281
-0.2186279296875 -0.0379486083984375 -0.135299682617188 0.105018615722656
-0.142257690429688 -0.200424194335937 -0.2822265625 -0.00338745117187496
0.0558013916015625 -0.259857177734375 -0.353179931640625 -0.211944580078125
0.25311279296875 -0.05560302734375 -0.132659912109375 -0.50341796875
0.1767578125 0.1004638671875 0.162139892578125 -0.456451416015625
0.0782089233398437 0.139320373535156 0.0261993408203125 -0.102378845214844
0.0233001708984375 0.181365966796875 -0.0857315063476563 0.0971450805664063
0.13385009765625 0.190765380859375 -0.35540771484375 0.279876708984375
0.31512451171875 -0.0377197265625 -0.20391845703125 0.46051025390625
0.1495361328125 -0.23760986328125 0.08209228515625 0.46893310546875
-0.1129150390625 -0.242095947265625 0.25738525390625 0.233810424804687
-0.223983764648438 -0.05816650390625 0.241409301757813 0.0362396240234375
-0.190811157226563 0.0685577392578125 0.115280151367187 -0.0454635620117187
-0.2137451171875 0.0655670166015625 0.0595359802246094 -0.034393310546875
-0.214065551757813 0.07855224609375 0.0216789245605469 0.0589218139648438
-0.1842041015625 -0.0394744873046875 -0.0829010009765625 0.0993194580078125
-0.0961761474609375 -0.1676025390625 -0.271133422851563 0.00978088378906244
0.0687255859375 -0.18145751953125 -0.35614013671875 -0.243988037109375
0.172500610351563 -0.0030364990234375 -0.08038330078125 -0.5770263671875
0.089691162109375 0.0742645263671875 0.26806640625 -0.467010498046875
0.04248046875 0.0839920043945313 0.0656814575195313 -0.0500526428222656
0.0279083251953125 0.1441650390625 -0.0179290771484375 0.16876220703125
0.129974365234375 0.128791809082031 -0.227386474609375 0.299713134765625
0.241867065429688 -0.0753021240234375 -0.13330078125 0.439666748046875
0.0792236328125 -0.208724975585938 0.133087158203125 0.460662841796875
-0.127212524414063 -0.181365966796875 0.31195068359375 0.232208251953125
-0.194091796875 -0.0267791748046875 0.30853271484375 0.006561279296875
-0.153152465820313 0.065032958984375 0.1741943359375 -0.10455322265625
-0.171707153320312 0.064666748046875 0.114959716796875 -0.0834884643554688
-0.167144775390625 0.067779541015625 0.0777511596679687 0.0244903564453125
-0.13079833984375 -0.0245895385742188 -0.052398681640625 0.088104248046875
-0.0613021850585937 -0.102210998535156 -0.278289794921875 -0.00581359863281248
0.03424072265625 -0.0973434448242188 -0.334503173828125 -0.316162109375
0.0676918029785156 0.00149917602539063 0.0269165039062501 -0.64276123046875
0.0222911834716797 0.0108051300048828 0.382080078125 -0.44659423828125
0.02374267578125 0.0189781188964844 0.0966110229492187 -0.0124435424804687
0.00304794311523437 0.0692634582519531 0.04473876953125 0.213851928710938
0.0583114624023438 0.05621337890625 -0.12091064453125 0.30828857421875
0.122512817382813 -0.05450439453125 -0.060150146484375 0.420562744140625
0.0233230590820313 -0.117988586425781 0.19403076171875 0.43585205078125
-0.0896148681640625 -0.0928955078125 0.35980224609375 0.209625244140625
-0.118400573730469 -0.00593566894531251 0.3514404296875 -0.0377197265625
-0.0879898071289062 0.0436477661132813 0.210952758789063 -0.159988403320313
-0.103569030761719 0.0523834228515625 0.151565551757813 -0.120025634765625
-0.101104736328125 0.0517807006835938 0.111358642578125 -0.00284576416015625
-0.0769195556640625 0.00251007080078126 -0.0398139953613281 0.0651283264160156
-0.05242919921875 -0.0344276428222656 -0.2811279296875 -0.051971435546875
-0.0261573791503906 -0.0471992492675781 -0.2750244140625 -0.39459228515625
-0.00438308715820313 -0.0387916564941406 0.1644287109375 -0.66705322265625
0.009124755859375 -0.0503654479980469 0.484375 -0.394989013671875
0.027252197265625 -0.0277385711669922 0.123176574707031 0.00997161865234375
0.0700920174970668 0.0267449243905853 -0.0421905630030437 -0.19754505326928
0.14703771870326 -0.0258889574663541 -0.537553837504675 -0.455824320370648
0.0653083146389851 -0.175187148076221 -0.772180231854256 0.101086101001609
-0.056451526971142 -0.149957540757144 -0.379194666362607 0.464017737171449
-0.10539999419853 -0.0467458458772315 0.0462107186658066 0.342084849662985
-0.0742991752191369 0.00159891716393944 0.101700557609548 0.0437999427872775
-0.037372462947833 0.0106897324511629 -0.0593553403091778 -0.0958245643702387
-0.028522754327687 0.0105150817003453 -0.194561532561864 -0.0898757234330167
-0.0194767249424225 0.00392054975701093 -0.260015057170628 -0.112653091317535
-0.00515774564052205 -0.0226220702195539 -0.220624901846359 -0.234716467415935
0.00489648660701603 -0.0107949755170225 -0.0725341280229277 -0.429577909636129
0.0147612225730538 0.0275733383344372 0.185837846197361 -0.445484114992483
-0.00828667829721939 0.0316578176011942 0.364973605658724 -0.264439853899167
-0.0343327639717531 0.00912711473501571 0.326550544224459 -0.118463338977332
-0.0128558973599085 -0.0174008760619085 0.166403664950149 -0.218773459258116
0.0757491769288647 0.0271685340684186 -0.0424136191980104 -0.209124704150319
0.166934963590411 -0.0130998122791534 -0.516545202168245 -0.515049036021643
0.0669068268634543 -0.200075767959141 -0.786390348210363 0.0161819189899873
-0.0949745322109461 -0.169890369009409 -0.431128739797695 0.409923773300125
-0.138595596435918 -0.0101212535349665 -0.00103488843476604 0.329515199462683
-0.0574764302371419 0.0568312300418712 0.0736677738615906 0.052535879508736
0.020913867211058 0.0564442296497352 -0.0660848242809818 -0.0895789333362668
0.0470926306112036 0.0490476773918096 -0.191165577294323 -0.0886968148447144
0.0697176305158396 0.0535587008580636 -0.262817605864573 -0.108937191766854
0.0579520495801921 0.0551353029898804 -0.225892996965007 -0.215527388549096
0.011227915360669 0.103576142181244 -0.0909586214531924 -0.405299323680754
-0.0868915248220207 0.108120595562205 0.133663364275415 -0.43374089165262
-0.134372575835956 0.00163589509510592 0.314586678244136 -0.287018982907347
-0.067578878669353 -0.0973626791676881 0.310465055817199 -0.151833946353284
0.0254281905377304 -0.0940221471670095 0.142184523019317 -0.225437158976694
0.100111768273257 0.00797689193859666 -0.0520774042716322 -0.21184874111684
0.184269314441645 -0.045069208198054 -0.509374217727804 -0.517944510865554
0.0296061935242757 -0.242413443916383 -0.765773641802503 -0.00515658488423227
-0.162676016503092 -0.165427473614806 -0.434271523044441 0.376987958841544
-0.162602949189944 0.0532422734577662 -0.0253519123033449 0.310102620820441
-0.0279645535701502 0.114243029463741 0.0542995613683478 0.0675967977384632
0.0764476849795588 0.095290274226334 -0.0553028528333755 -0.0669655505595218
0.113155997361406 0.0827552320852028 -0.15596091898169 -0.0736973729734767
0.145146288592107 0.0953217920506886 -0.230102594386344 -0.0925699445723862
0.107379667344509 0.121598426438307 -0.20396139391745 -0.180255642017677
0.0111746339172083 0.197349871097437 -0.0975480506134936 -0.361463261842147
-0.171243106481908 0.166100379177145 0.0878972809473181 -0.411355288377189
-0.227945752055654 -0.0258491012025936 0.286573983577893 -0.312195610902479
-0.0884820122939678 -0.170933845235133 0.330558455789902 -0.158681110602269
0.0546726062122153 -0.145022216518439 0.120007412096703 -0.188554198953016
0.12921966015479 -0.0354407869518985 -0.0778992542889784 -0.188619626608396
0.186506733657431 -0.129013105486365 -0.515775369004869 -0.458228089093104
-0.0483123870596016 -0.295449048920353 -0.719891165741675 0.026233612611752
-0.249935050294975 -0.130886238668863 -0.40834990938467 0.364444844491048
-0.171161610728565 0.134959970285206 -0.0357631678603807 0.301934921025043
0.0114318040557963 0.166063109640619 0.050096314649148 0.0980011221847056
0.122831570832602 0.122523175271317 -0.0229910480868401 -0.0295872400630578
0.160041882533464 0.104997598559566 -0.0954761666961502 -0.0483393357641705
0.193400950299145 0.123715291289437 -0.170274542619009 -0.0633960191026671
0.127462756618707 0.165960092190088 -0.164375154180379 -0.13095053957264
-0.00540495781191568 0.245229852968045 -0.0997601988298785 -0.305806719310971
-0.224706264529276 0.170846788958075 0.053607701967736 -0.392625673465263
-0.257370746812754 -0.0599157467553693 0.288298028269421 -0.340296950815473
-0.0789730399339341 -0.194356483767119 0.381356481367843 -0.137875793582197
0.06727913994908 -0.152368004473055 0.100869527131477 -0.124132213216052
0.146793622919333 -0.09128780798013 -0.119295257512198 -0.129061468617951
0.155780728398364 -0.223241322101672 -0.517690855612652 -0.343179504315571
-0.148384982643445 -0.31834608831314 -0.652647759698587 0.0844307818902354
-0.316625733564042 -0.0642208720257893 -0.372263326936024 0.368555695465132
-0.154607014447637 0.207785624612798 -0.0344079047710934 0.320244427536211
0.0516438462416842 0.197449064350303 0.0668272958876855 0.145368188157578
0.151957467262458 0.135421385239664 0.0312142753925941 0.0155837972564876
0.185095472090819 0.113856168000866 -0.0189756496265224 -0.0175494416937299
0.209219966503706 0.134093601863888 -0.0997814521513001 -0.0235912741515751
0.117331803523631 0.178342627427322 -0.125987264374292 -0.0788995295432239
-0.0297286901746371 0.23689743532082 -0.108745613001398 -0.259881846710717
-0.227537556266103 0.127515811507601 0.0388558944534344 -0.394899321795989
-0.216685877925066 -0.0833779401304985 0.328785733556872 -0.370157528441203
-0.0441530565052845 -0.160794178551929 0.454194985111466 -0.0914129458940135
0.0619706990968821 -0.122637779524483 0.0870226228240069 -0.0508138821688209
0.133858403059648 -0.127273053434707 -0.156954163159382 -0.0365870042564196
0.0918410699368371 -0.262556447581033 -0.491346734533813 -0.197653899661938
-0.214979408168609 -0.277942878149891 -0.573024316232866 0.137683334305927
-0.319179712887949 0.00890329829051514 -0.336110607360402 0.385950191431916
-0.112761254647783 0.239025810302581 -0.0228426963416125 0.359112661031608
0.0767591702691915 0.194665608443031 0.105169566499077 0.200066134778509
0.156017237856047 0.128849155797993 0.100690230822901 0.0604634357691177
0.181858319471603 0.105501280199654 0.0618853201158035 0.0158684197807773
0.192421884612384 0.122813390663441 -0.0336161549539724 0.0203111580022036
0.0920103432368773 0.155098752043249 -0.0987527720681914 -0.036950183321542
-0.0373218542339623 0.181071163202275 -0.121589980916859 -0.244029833414995
-0.169550910970309 0.070874977329755 0.0576304180818813 -0.422388093429109
-0.130559490188879 -0.0640733846164513 0.42085719772229 -0.378389294116782
-0.0186306159840384 -0.0801217142030962 0.526913472602342 -0.0082847017762349
0.0340395392805289 -0.0705726888587653 0.0763198212724395 0.0167415820980436
0.0928436953193857 -0.119707552617395 -0.173984348553286 0.0657152634370465
0.0328275939614296 -0.219658936854238 -0.435824544407744 -0.0618284397507172
-0.208884132685021 -0.193270663489725 -0.496887804635963 0.182020566484417
-0.250079339380607 0.0487362359789986 -0.300615254130709 0.406273518328971
-0.0664520183100883 0.205191653244946 0.00231485251541678 0.404111452410692
0.0741544309552198 0.156454242526612 0.156402974598139 0.246943897113652
0.129278653901665 0.102778440415721 0.173907604794177 0.0972020520109036
0.151594189987421 0.081235637407003 0.135079295889162 0.0458751085722167
0.151848918431603 0.0923345017575566 0.0197036435888716 0.0583719349068962
0.0676478385914145 0.107379469579307 -0.0812564595852585 -0.0157748871239966
-0.0155111315036946 0.113341467210662 -0.11639708216995 -0.261764790288533
-0.0801086237586894 0.0512023501261592 0.132406826066815 -0.452529705050872
-0.0619821614695215 0.00389192590902885 0.541007188781907 -0.335030064768416
-0.0317398916100206 0.00493465436658277 0.57764910155851 0.104715382419634
-0.00750287923496126 -0.0265974186668477 0.0702451998621519 0.0700130387694794
0.0403785873131467 -0.0639979928232679 -0.165624326895302 0.148642540995155
0.011452443783541 -0.113610238097305 -0.369379755762722 0.038757342073231
-0.126324626431613 -0.104987055167839 -0.43204519240667 0.210469924029727
-0.139030752456676 0.0327736851602685 -0.262889842551582 0.422578245384387
-0.0364946854539807 0.117286611209008 0.0368227824281078 0.437253748826816
0.0365311699162846 0.0918666477760867 0.208207381341541 0.273275608079717
0.0743770108447736 0.0626807008785301 0.233404516338713 0.119462733793895
0.0966909969690786 0.0463023583889025 0.187037058813104 0.0671949897269909
0.0971136891919794 0.050320919135578 0.0566323482244208 0.0823849114935694
0.0536143653360541 0.0517899867743812 -0.0631322570434564 -0.0165872247572224
0.0258695784148319 0.0652140075913866 -0.0821472358481701 -0.292779070623731
-0.0066011331802646 0.0751317586667072 0.236870736912226 -0.450786467417813
-0.0474659277144183 0.0767571889925587 0.644224520305025 -0.23498603385805
-0.0728562038844869 0.0449503655306562 0.587915281441664 0.22419948717814
-0.0438847006326888 -0.00800247159016905 0.0698490683410354 0.108471075252492
0.0711928754866486 0.0209798624030773 -0.0634572363800167 -0.195931268503499
0.144347487635576 -0.0348032610843432 -0.570011866005201 -0.420690947026057
0.0535048991926889 -0.177087629070341 -0.770664971324293 0.143708738147998
-0.0640000009464047 -0.146163514939823 -0.355816831590349 0.486488589055695
-0.108046584490828 -0.0423629256676307 0.0660481555731401 0.344061298159415
-0.0760099267690773 0.00642458188457524 0.104213770777237 0.0442710309909224
-0.039025567789111 0.0131180721820339 -0.0660551272596373 -0.0821682481713469
-0.0284675730868311 0.0124930063078235 -0.198464072952503 -0.0684632071959917
-0.02025961808441 0.00605442290225073 -0.263864783718001 -0.0865634777981968
-0.0100649157849787 -0.0228860021032161 -0.234259415688785 -0.215572123770866
0.0019252310507752 -0.0127428317013584 -0.105074220777566 -0.423014615040331
0.0182144158516114 0.0235907369219248 0.1524455024247 -0.458033037385785
-0.00642588918292469 0.0295842683679941 0.349917542906093 -0.286436447300921
-0.0317057151753516 0.0108329622537608 0.323779122061223 -0.135718780617553
-0.0125957192140055 -0.0146026549383542 0.154744192343879 -0.225893573134729
0.0742245386646046 0.022542125303838 -0.062428543132553 -0.208069313691428
0.162830217308311 -0.0201676454888218 -0.549681200625944 -0.48155950614398
0.0545388701833605 -0.197298211437651 -0.787613195308392 0.0580432015862839
-0.100141512792054 -0.161761824694505 -0.411241108987315 0.433778111094187
-0.135578255664825 -0.0047192084411534 0.0174490122573093 0.333402333739379
-0.0544864025069242 0.057122546060403 0.0762957650951414 0.053666756961117
0.0218916057265597 0.0515119399332729 -0.0726870056326236 -0.0761427622118331
0.0492784853968321 0.042498301647031 -0.195839280143533 -0.0671047063617834
0.0714300021307111 0.0458573822288303 -0.267931079796478 -0.0819462659744973
0.0575689752512061 0.048285545986286 -0.238909984147454 -0.195564158472504
0.0169329437776489 0.0993963471957751 -0.123111136576409 -0.39838891540048
-0.0763251411055347 0.110328439719306 0.103248264339524 -0.44105881320085
-0.13232865589196 0.00979648475478073 0.299168673876136 -0.307973077219535
-0.0727079232326888 -0.0915110126462583 0.304810975770414 -0.168686526199634
0.0194423192082496 -0.0928516596393324 0.128649621058995 -0.2307106852554
0.094402842305935 0.00301454369923311 -0.0695233960166801 -0.211550430291392
0.177632012780449 -0.0508916772216011 -0.543288869585614 -0.487514530627717
0.0153599542236653 -0.234379872163412 -0.769962900985607 0.0387959346489101
-0.16552181121155 -0.151690821117847 -0.415305169431999 0.401636041635685
-0.153018771021 0.058848065907575 -0.00776413052429303 0.313849776104993
-0.0199890501129279 0.110354177118149 0.0583106459164927 0.0678126116889582
0.0796884898090389 0.0841498899092945 -0.0610209085602778 -0.0561066490149254
0.116606675787706 0.068620751808338 -0.160817200532683 -0.0564467055072176
0.149509233114455 0.0797828321759816 -0.234561452862765 -0.069373752531823
0.11124195220449 0.109522822856432 -0.214976294299444 -0.162470169380955
0.025081497361539 0.190676586186335 -0.127208303411249 -0.354266160264646
-0.154527747478416 0.174164180313591 0.0601139642450072 -0.415825189914204
-0.226739663680828 -0.00973127394738096 0.270987062506029 -0.331145108716807
-0.0991383407578356 -0.161138833259973 0.322969148097966 -0.176994738441141
0.0431170510827475 -0.145070966939798 0.109105832029891 -0.191870981034577
0.119172635171858 -0.0412458173804455 -0.0920471572698415 -0.18789168574128
0.175108753727841 -0.132610249392513 -0.544484081191395 -0.428887283060801
-0.0655895903105262 -0.280451976131935 -0.721163672310938 0.0688074759684337
-0.249663157978695 -0.110442706332752 -0.388675283755248 0.389487704408244
-0.155015905326487 0.139820997724031 -0.0165719094376528 0.304979008668245
0.0235704450282392 0.158695670231206 0.0568547460726743 0.0954328300626299
0.12676282488397 0.10789168714854 -0.0266580154548323 -0.0240351793025368
0.164569800099461 0.0865974705449111 -0.0993754494166532 -0.0378083767488792
0.198106148590354 0.102812942660963 -0.173771619782219 -0.0460566949096064
0.134364525778171 0.150652406912123 -0.172908749427331 -0.117941088911011
0.0128927529429072 0.238741343351248 -0.125569475908598 -0.300666090301759
-0.206651801233281 0.182665511496249 0.0281027317251772 -0.395987299689627
-0.257003596631939 -0.0397506408936252 0.271465572525911 -0.361097542465909
-0.0913312564877625 -0.18273372594272 0.375121952359037 -0.160743581763351
0.0535640730125303 -0.153905040920343 0.0951684587241907 -0.126265679812518
0.132594674632672 -0.0982302789472145 -0.12814774497647 -0.127634046749754
0.139110593904858 -0.226186153428038 -0.539729849338799 -0.314315364013122
-0.166189643955126 -0.297553709477577 -0.648957063399376 0.124200902789043
-0.31307551334767 -0.0399525099879113 -0.350682756227016 0.393555793076653
-0.132992495607784 0.212336442389957 -0.0133858788310543 0.320879477316626
0.0660224853891129 0.188229588241906 0.0781728539856619 0.138466681480328
0.158563526961624 0.11923468628199 0.0302710462693618 0.0143607990882049
0.190884145800167 0.0927991067363776 -0.0224132894359666 -0.0145412942334726
0.214884717858715 0.110751724077148 -0.101674170166583 -0.0144553949498657
0.126616918312258 0.162981547357063 -0.13105975368174 -0.0711950306054338
-0.0100268780321317 0.231319965788946 -0.130764634096351 -0.255838014927361
-0.21149303505971 0.140312673261258 0.0138963916471628 -0.39918985402437
-0.217709646253629 -0.0636786004560656 0.311014521785431 -0.392848499316074
-0.0555409309088089 -0.15024572317474 0.449236106353091 -0.118671819435289
0.0477092860762692 -0.123712728055283 0.0868996621594837 -0.0516597426176084
0.118139691076687 -0.133467459836287 -0.160114529915902 -0.0330223467992825
0.074099854680916 -0.26268210274792 -0.505412207278246 -0.171234287678465
-0.231068031499992 -0.254660536858643 -0.56575827985782 0.176156637986594
-0.312108958628634 0.0328613847413972 -0.311305167124954 0.408390570863817
-0.0906297732096026 0.240407517851616 0.00261948058169951 0.358085151403471
0.0912584424930982 0.18468101143459 0.120406204741486 0.187559751900111
0.162718807016686 0.113372750930852 0.103032251006216 0.0513077713377466
0.187568929759036 0.0848987672175964 0.0596596742101963 0.0095005181632349
0.198530747884609 0.102133785891981 -0.0319194221901698 0.0215842783243374
0.100269707682484 0.142948281421119 -0.100562562399988 -0.0334754515695078
-0.0214105382187099 0.177332856738828 -0.139809213370411 -0.239899121262531
-0.157331954490648 0.0812870380770905 0.0341777362413646 -0.426160495057446
-0.131591006166237 -0.0487922201214451 0.399786870409996 -0.406379787738844
-0.02659132092925 -0.071224851079242 0.526551992815502 -0.0406714823832688
0.0227938982098666 -0.0716300138662789 0.0815915631621127 0.0171500141362008
0.0789361366768128 -0.12398793094085 -0.17068704217882 0.0702592788952757
0.0179426136667098 -0.217465351523178 -0.441995497298893 -0.0383670069584588
-0.219453715163677 -0.172707273190887 -0.487110900246463 0.214366515590972
-0.242668106211068 0.0675421021623622 -0.27465667381287 0.426723017122365
-0.0481831987188686 0.206131895027444 0.0322914974122493 0.400409938932532
0.0848860594588786 0.148269597368087 0.174999010598143 0.229326172192061
0.135677681667494 0.0907413529869574 0.178624941300076 0.0806361865012617
0.15688384369625 0.0644120748228118 0.13360955090625 0.0310384136481477
0.157401794493068 0.075371411029273 0.0235577640660197 0.052186577302604
0.0746098513077428 0.0985622494778378 -0.0811124124567131 -0.0163030490560387
-0.00409437568726125 0.110642423129963 -0.134661858095081 -0.259804449040051
-0.0711256529705259 0.0573861681809814 0.108160131118701 -0.462714158107634
-0.0609815846904503 0.0144006422138908 0.524618867411794 -0.367601680917254
-0.0346225760768587 0.0122588582871589 0.583359319078908 0.0688683627614257
-0.0151765535739459 -0.0263468364731388 0.0803015064870573 0.070963901222147
0.0315786068566309 -0.066576268779455 -0.157161776112415 0.152821972823664
0.00451686082712478 -0.111850427628658 -0.370234899480575 0.0581882087817393
-0.132767891601268 -0.092375607832748 -0.421071445146008 0.238436577289864
-0.134480259263826 0.0433082919684341 -0.236382419134702 0.44060852145588
-0.0265704426334217 0.117810527490313 0.0702387567858307 0.431546133361897
0.0442149559322475 0.0891076670422955 0.228323670822492 0.250797112771072
0.0793802944393697 0.0563216576655362 0.23868766777211 0.0965696247414895
0.100003803969805 0.0353220181854321 0.187079230243536 0.0476819572045767
0.10072724427851 0.040413256973647 0.062518675876384 0.07090961211885
0.0570797207947772 0.0473021782926596 -0.0618143318313425 -0.0197911288599194
0.031954561100207 0.0624229848268414 -0.0991844058689978 -0.292761022845134
-0.000478998212763287 0.0761582685933755 0.21486611957069 -0.466344796437599
-0.0436316399959044 0.0832629320905438 0.6341059732879 -0.274292137679527
-0.0722145834941585 0.052521592054452 0.600712608798683 0.189210649946047
-0.0478135255615037 -0.00651661309929849 0.0839339449104953 0.109885657393293
0.0699645562863863 0.0152230725137066 -0.0811089599109834 -0.188319685115638
0.139166943086679 -0.0413733688924552 -0.583717550183311 -0.378972093712171
0.0427120526611895 -0.173792825933962 -0.750627170465711 0.180286659975095
-0.0685228491435616 -0.139220024539999 -0.327384399326591 0.494595383136714
-0.109205894611 -0.0371463637290577 0.0824886669366124 0.337553912851559
-0.0764520261563161 0.0112046333352244 0.104725827702514 0.0427981108727053
-0.0388089682246753 0.0154954757062556 -0.0681806122158168 -0.0677477218188279
-0.0282949597726669 0.0139556935363147 -0.195466973433032 -0.0464796148796062
-0.0202131842137867 0.00795325874257287 -0.259269511392904 -0.0612920301896914
-0.0149826763691032 -0.0221277046681369 -0.241231684795586 -0.192368082197208
-0.000744242435687381 -0.0134903987495243 -0.132618525485182 -0.405953767395119
0.0196402379105772 0.0183430792696169 0.121032367005538 -0.455934316628956
-0.00499354530495117 0.0271429415263607 0.329168091485768 -0.302138821903149
-0.028972950202559 0.0120188023825857 0.313324979679925 -0.149673904008767
-0.0112887043544481 -0.0118767822928555 0.140101930748472 -0.22718281068743
0.070619225131238 0.0188026716349039 -0.0794832973521793 -0.201118035985939
0.1565033845255 -0.0253897767930981 -0.566808616121139 -0.440841765149397
0.0435222894673695 -0.189858956486887 -0.771427277560406 0.0975729057503128
-0.101991409865405 -0.150783513105608 -0.383775325103216 0.446930903213006
-0.130501737780905 -0.000744069883207188 0.0340154710610189 0.329440561426949
-0.0510527497626544 0.0565900779839543 0.0780600889403867 0.0531117262593108
0.0222738473606076 0.0461485801136561 -0.0756201800591109 -0.0617870529042511
0.0486574678718445 0.0354249119994996 -0.192961671502446 -0.0450793099266307
0.0704522603213024 0.0376003172068654 -0.262970639509052 -0.0566550162669564
0.0551449916635353 0.0416302140003376 -0.244416751395892 -0.172828452090851
0.022028598792323 0.0929824795304154 -0.148962310557599 -0.380324308151566
-0.0650698326982693 0.108856190953795 0.0731627253788839 -0.437939156616743
-0.127839254718838 0.0163363417924392 0.27842723783497 -0.319109106818247
-0.0751617832452349 -0.084210687795245 0.291922230621206 -0.180974246719445
0.0140770487924149 -0.0903322558220353 0.113489844049349 -0.230361620286973
0.0869035497872486 4.10319898780853E-05 -0.0844084978126921 -0.20531275830605
0.168292366796188 -0.0538268094700516 -0.561486463811899 -0.447539584063096
0.00375358093450775 -0.22083970222299 -0.75413769045446 0.0779184704920099
-0.163333602850403 -0.135463568023147 -0.38878306524624 0.416527570277413
-0.140994641028683 0.0611492905941188 0.00844422865270362 0.309885664801465
-0.012704136777818 0.105263298283531 0.0613276437347633 0.0655402747158047
0.0803140139799489 0.0730731210382073 -0.0632902823492531 -0.0450415942822195
0.115697927061406 0.0546619540724267 -0.160065750543689 -0.0382528448058277
0.147912854035582 0.0637189150003781 -0.231423951207241 -0.0460906701801836
0.111380876945224 0.0962451570309992 -0.219874053546657 -0.142588697337423
0.0363561202127366 0.180359452379154 -0.151562924247983 -0.338637579186865
-0.136529969721036 0.175530195327131 0.0339840972919063 -0.410660013899179
-0.219740549862943 0.00421906089842832 0.249537138529323 -0.3423950032072
-0.105152618524391 -0.14817782127589 0.309660482740366 -0.190580577187393
0.0320397669505588 -0.142043249342735 0.0968344039988206 -0.191117119782717
0.107352270730178 -0.0441407949917898 -0.103481594411937 -0.183389040259776
0.161497403894969 -0.13320261157544 -0.559294376805056 -0.39034056388548
-0.0767109078287158 -0.260376182759515 -0.704508078540779 0.104450566093055
-0.242883297145449 -0.0902874449066805 -0.361920292223511 0.404802480025748
-0.137505495039298 0.140430979605874 0.00140180384194341 0.299978363737507
0.0335709206374742 0.148645193870709 0.0618981917801712 0.0900014660490315
0.128640666137332 0.0924505298606219 -0.0284589863679331 -0.0180303297697592
0.163240918182407 0.0682071811438613 -0.0998542947387432 -0.026820800544639
0.1968037344064 0.0811449669780636 -0.171170937512634 -0.029242276489048
0.136523589064937 0.13419475637244 -0.175846881431509 -0.103237011564145
0.0285671060247599 0.22590492670552 -0.147375790622853 -0.286968368231393
-0.185735028534363 0.187345149812906 0.00461640921516853 -0.390314156349939
-0.250150396591651 -0.0211665630819013 0.249037720588827 -0.37103418945193
-0.0996491165254865 -0.167964627503362 0.359691083311163 -0.177220421662726
0.0395295487686543 -0.151073609166433 0.0878254644068422 -0.125052105834641
0.117533247654973 -0.100632217436366 -0.13489651032159 -0.122751237154756
0.121508078562618 -0.223229747586388 -0.548906014880089 -0.279248273856933
-0.175880034452732 -0.271004133353355 -0.631178833542736 0.156559543585567
-0.3019436491309 -0.0174911821493184 -0.321558087899359 0.408438778812183
-0.111304644903287 0.20970513504088 0.00674292701862016 0.314008157774074
0.0777349440427543 0.17493739019456 0.0858435391185852 0.127768393226797
0.160347974842024 0.101643258789425 0.0289743743546874 0.0128994019026027
0.189503582108388 0.072147807836334 -0.0243410611973935 -0.0119867211640783
0.213766110993556 0.087321626811547 -0.0995705920800692 -0.00565142017490458
0.131004396875591 0.145960042586966 -0.133301094257389 -0.0617974654421311
0.00660888350914829 0.219796364474865 -0.148288875650693 -0.244154001293609
-0.191730255463817 0.147713416683608 -0.00763729269842831 -0.392475070547437
-0.213322076996808 -0.0453218950404713 0.28642694975015 -0.404482614322082
-0.0638484694191027 -0.136829140756709 0.433895548929581 -0.140736257167864
0.033178591758203 -0.122170749150165 0.0852190729310077 -0.0512663125943278
0.100354181804443 -0.134776420780469 -0.159809746860855 -0.0289667219137473
0.056341668673096 -0.256905484869937 -0.507351449439656 -0.141622337771699
-0.237314744561331 -0.227314203864157 -0.545904010587979 0.203925242520214
-0.29768319947364 0.0529508518278923 -0.281411975361729 0.420160677834883
-0.0695350013320563 0.235951617567073 0.0258306207518677 0.348347154481687
0.101959469877376 0.171006228882174 0.130019584717134 0.171260522735313
0.164575914493744 0.0966136895554759 0.101745438029151 0.0417526369414833
0.187048035096608 0.0648996050101595 0.0561258257510665 0.0034849229565532
0.198459658433646 0.0796343486617071 -0.0299230633687527 0.021440003328041
0.105376815536259 0.128437989653899 -0.101128678524372 -0.02972604391098
-0.00688923676062777 0.169072787715428 -0.154928221938987 -0.230548089296616
-0.143006634813534 0.0883265154653396 0.0130572271268554 -0.423231321476069
-0.128853868790243 -0.0332058852125537 0.374382805136526 -0.421364913790072
-0.0317636270880073 -0.0608726202915986 0.513617846894365 -0.06777902537416
0.0106824896472367 -0.0706813087904457 0.0849963238171928 0.0164126869595477
0.0642946245470621 -0.123803094984146 -0.164943378048828 0.0733175392455712
0.00541588421978993 -0.210581952701428 -0.437778230270578 -0.0146875865278448
-0.222449296459555 -0.14932688352099 -0.467263377626784 0.23895384289367
-0.230190954448882 0.0827969225063294 -0.243670279127848 0.435765335812051
-0.0305363259059711 0.201010357645572 0.0578530628479327 0.386887494233803
0.094482052567533 0.137768298472542 0.18640114126555 0.207165390696613
0.137951483366093 0.0778160631994312 0.177110964914562 0.0632434326702223
0.156280597087163 0.0475050182017961 0.128816812057854 0.0176149581290021
0.157369318735796 0.0580029679719714 0.026380751589676 0.0447945896950488
0.0788761975905719 0.088273340917183 -0.0802040939154351 -0.016707842940567
0.00569920766049781 0.104795611250503 -0.148036390687336 -0.251139651920277
-0.0617421473596309 0.060988978920752 0.0837990133684462 -0.462264645699963
-0.0577741071123469 0.0237050373455791 0.496310663852351 -0.38900603835291
-0.035756347245767 0.0195338667796461 0.575009495290539 0.0377420346960714
-0.0228156249478267 -0.0252861365761324 0.0886642856166304 0.0696171069835371
0.0227257262530358 -0.0656622291597199 -0.146588616412644 0.154001385494585
-0.00213618960985598 -0.107932725690213 -0.362198711447211 0.0754198902936472
-0.134041701864375 -0.077913168558894 -0.400980451167887 0.259241975077009
-0.12745504146215 0.0528646267624992 -0.204325241748031 0.447161301573236
-0.0172218318043292 0.115249117265477 0.0970861105746507 0.414520536271656
0.0504360273317448 0.0837296667030651 0.239538061753113 0.224937566672481
0.0825280237939093 0.0487525530353651 0.236743195592724 0.0740374804566619
0.100861951846337 0.0251783119229318 0.182349204066982 0.0284752186885639
0.10161675000011 0.0305754232440956 0.0652937086887568 0.0583723250983052
0.0590632590425824 0.0416416778071343 -0.0613490056722143 -0.0231380186994129
0.0363940267912058 0.0577187090270528 -0.114137798539512 -0.285184654646226
0.00546504146916349 0.0755855679063499 0.188107805287545 -0.469740238442919
-0.0387230347929187 0.0874883080536182 0.608098036983487 -0.300522126650218
-0.0690008221395728 0.057737382873158 0.597975233986022 0.154289447784016
-0.0513982784593504 -0.00513045981235418 0.0967833255817345 0.10781966930967
0.0679570372844821 -0.0108863999265237 -0.145842660370213 -0.14181300486547
0.107910635743164 -0.0840750773958141 -0.665738347006927 -0.150391032113147
-0.0214561181044855 -0.167450029945915 -0.626787332321251 0.418406823072757
-0.111706533321144 -0.0992661984445379 -0.135920391117006 0.568264981548556
-0.111968504534579 0.00559570556713607 0.189642579455937 0.28442920419085
-0.0652662539550351 0.0373934382135874 0.113070701959319 0.00404942300056494
-0.032854223918963 0.0280310857207899 -0.0798988839959666 -0.0324797373693121
-0.0224070424625926 0.0226878820371933 -0.187356233078778 0.0304494395053214
-0.0160998177628552 0.014867278595396 -0.250650693487698 0.0352040914194974
-0.0238466006609602 -0.0123718820174683 -0.280347483802618 -0.0934365493593256
-0.00698874938358089 -0.0127639189219654 -0.258494229763839 -0.318647996311346
0.0235713927608453 0.00788671974907916 -0.0404688063810265 -0.454076824333141
0.00196087276167786 0.0240955601772405 0.204071102961755 -0.385846179128087
-0.0242196564005864 0.0208979328826908 0.242851904636468 -0.237228212956851
-0.0129831800668431 -0.00577698672315527 0.0582081238786683 -0.24745879362548
0.0679843551699046 -0.0054442278533322 -0.148247981884042 -0.156425158307144
0.12847622330492 -0.0735390493258229 -0.672964260391704 -0.211424658997143
-0.0247599570562048 -0.179090831436278 -0.672437131455499 0.347831169893276
-0.143429679892192 -0.0970626300247345 -0.202732251073569 0.539540062584389
-0.116932222067416 0.0434462339996644 0.140405375203434 0.290019086671677
-0.0270703859630388 0.0674109706895144 0.0889413520070736 0.0225064143102966
0.0330958206458467 0.0327635261442168 -0.0877877704474541 -0.0241807009526283
0.0519226313222872 0.0142820898984561 -0.186556459679285 0.032738367822165
0.0737574580765035 0.00882515024487268 -0.253688244990987 0.0426392312792861
0.060583297928552 0.0207366910455776 -0.279401819631475 -0.0738226030398232
0.0498022186047552 0.0743112162402128 -0.268309576992354 -0.291827033858174
-0.0225464149561702 0.118132670470087 -0.0744841314486631 -0.42485994186991
-0.111605485365074 0.055583122556817 0.156473498994496 -0.385097918245372
-0.0988123901129602 -0.0490614313135385 0.21311145920494 -0.256955427818246
-0.0153585831421733 -0.0849942798828706 0.0309534913461214 -0.240700204132525
0.0745073118659234 -0.0266084688042773 -0.153156145536196 -0.159731287289203
0.129484692975602 -0.102201671165683 -0.667760558094746 -0.220480124818025
-0.0699368547441833 -0.191222223206433 -0.659482995761268 0.322339143925131
-0.19097950553965 -0.0597941486416202 -0.215717760686257 0.508360844187596
-0.104366932458986 0.101216102427028 0.107960342077657 0.277898871783707
0.0233543716426317 0.0960039528646822 0.0747198259940078 0.0392497143559863
0.095148258054263 0.0368446563087425 -0.0744609302593936 -0.0142637265552781
0.117141040394882 0.00781313498801077 -0.156841449778666 0.028091150410286
0.150761073058762 0.00429048880511026 -0.222621563839196 0.0417739230974989
0.129048772007478 0.0499796520553665 -0.249117667668495 -0.0551673231025612
0.0927050191504236 0.146419645857127 -0.25822832152962 -0.254971861020217
-0.0634903847127798 0.202455224365123 -0.101072107248026 -0.390105210784126
-0.197346409366454 0.0758955114241101 0.124381143260461 -0.396560797347542
-0.147378211284125 -0.0961228786641695 0.222184137443487 -0.271928255091134
-0.0182921801732543 -0.137896183902485 0.0262265853278677 -0.199016987079098
0.0772774766689751 -0.0738629602270648 -0.16137663795185 -0.132403153020441
0.0961384306282365 -0.173050278258018 -0.644524495106933 -0.167776969959859
-0.156783415936213 -0.198854021594969 -0.600972752824785 0.329842983345256
-0.245768510056234 0.0103559314138274 -0.192899990002142 0.483672274396706
-0.0731593076748777 0.170613845497599 0.0953783116115811 0.268705049229546
0.0803031249082714 0.11901225764107 0.0816512082940942 0.0595791279970941
0.146653291806212 0.0371543966740303 -0.0364145699634483 -0.00457667784352043
0.164492987013104 0.0027254149811338 -0.101348546303833 0.0165909247349144
0.200494461688078 0.00283166393950202 -0.164243608820551 0.0358618027810784
0.164416515368285 0.0744121244129513 -0.197763797951595 -0.0350547876276024
0.101532820031741 0.189181787767049 -0.237254142955662 -0.211314270690048
-0.103733243616594 0.229335020078852 -0.119455536928274 -0.36363163630747
-0.231945899620144 0.0639043614041749 0.114239181530759 -0.42282613221745
-0.149139765251983 -0.114360013600104 0.273835141475265 -0.273961357724505
-0.0160971830318054 -0.14812037335171 0.0392632928237519 -0.135714239008263
0.0666599645765336 -0.129290105812788 -0.168195078549778 -0.0656669100984644
0.0278845627801559 -0.241964706406109 -0.593557637075939 -0.068424118656389
-0.250699649197737 -0.174981641842007 -0.513204863284818 0.34755739465109
-0.273073941592231 0.0981774342162738 -0.156429981695225 0.468160839173286
-0.0258100264435657 0.225590125045062 0.103302062460396 0.276989445537295
0.129535934368347 0.128382326631952 0.113835508725799 0.084939169835428
0.180259658922084 0.0353128649845778 0.0240562149948208 0.00176038216935996
0.189951314507563 -0.00304316837849077 -0.0303654959313321 0.00291205306190097
0.217738944922339 0.00108041252342897 -0.0930908134019584 0.0322355688544748
0.164041313216473 0.0861286880745547 -0.146282634661778 -0.0135829610478819
0.0800297318901663 0.189962290051306 -0.22408276377818 -0.174395622088424
-0.121365287164185 0.195070412436273 -0.130460335893725 -0.361386049247156
-0.204884785155474 0.0321317418332135 0.136282422599564 -0.465804935017689
-0.106590216807732 -0.0967508507277497 0.352471315613614 -0.264877092756931
-0.0141953414260309 -0.118823453448172 0.0620466338397018 -0.0688165885239768
0.0409350491659034 -0.155494544200873 -0.158624625723316 0.0295918654219356
-0.0429862003247037 -0.25035274333909 -0.508395420378345 0.0450173820253353
-0.292479424819067 -0.11456634456773 -0.419693891988588 0.360554390743502
-0.245805198022109 0.160782748688342 -0.117576976399378 0.466709165442051
0.0217235323486149 0.236469015056207 0.130742781182556 0.302084258173987
0.151737032982765 0.117865310122132 0.168327646173186 0.108955119935221
0.184982402430248 0.0289439499517755 0.0986056613962926 -0.000316533617718674
0.186648839153177 -0.00858819963398422 0.0457339239303271 -0.0137874321348331
0.202025120701165 -0.000573622919904111 -0.022655200755986 0.0301941105245711
0.13601198951356 0.0774027957444686 -0.106872654930167 0.00295678502675102
0.0517955092129159 0.148351695629963 -0.222779602866906 -0.162012791266907
-0.0951448993298342 0.126251833012233 -0.122791401210006 -0.396561492894543
-0.124731646250031 0.0164667499073882 0.211242600620151 -0.509496261569201
-0.0533759480870881 -0.0381628217879839 0.449793906880885 -0.224403188748892
-0.0204475637825793 -0.0642158722713961 0.0862168772110463 -0.00794942421329116
0.0118146441285935 -0.132618672253977 -0.127576069833794 0.123818047676457
-0.0719184954973618 -0.190315921925864 -0.40270501848719 0.136131876162939
-0.2522097686967 -0.0496672333391069 -0.337822997733018 0.366291666668395
-0.174184946191558 0.162883528049811 -0.0784887829489883 0.470359692831469
0.0440420722893286 0.193724722483281 0.174886105196975 0.328473689758473
0.135298296740693 0.0919479862572429 0.232549793424572 0.120616564362011
0.155558216577336 0.0218951986415615 0.174705487197268 -0.00916704072321329
0.154484421050359 -0.0130800093416525 0.115718918888906 -0.0291417425634277
0.159703740449407 -0.00448930643912773 0.0353807051727689 0.0289631407078972
0.10012876796553 0.0510632991438301 -0.0831575049402702 0.00549106860715234
0.0425568585412733 0.0880800207596545 -0.222362204264966 -0.18298914109665
-0.0320901998948107 0.0766256488338793 -0.0688759186820759 -0.454931609484394
-0.0430154851106802 0.0450601696999424 0.333183722114391 -0.521058816684021
-0.0316217003657155 0.0345612523382779 0.5401965646588 -0.147200978758017
-0.0370887658688943 -0.0138425172868567 0.10945735771801 0.0387881076813027
-0.00465229010834668 -0.0645042206798296 -0.0848639780270764 0.18965845435504
-0.0409087882412686 -0.0947702729394986 -0.308507522934624 0.191742550320223
-0.147589241891529 -0.0167734824481516 -0.277572175512553 0.367446700648007
-0.0931257065820426 0.0990036255295102 -0.0392053155369787 0.474213631837225
0.027015230473343 0.112953732090137 0.223409954169907 0.342063195571604
0.0789295567631307 0.0604256413693914 0.290215750209066 0.116598851856112
0.0954878197341439 0.0160819330298151 0.234436697556507 -0.020546216127401
0.0994627762704939 -0.0135274743148555 0.168428099501437 -0.0399734016266691
0.101487579254546 -0.00876732159774244 0.0747916601048037 0.0254602880483935
0.0680738067456538 0.0174779657319842 -0.0672803793929004 -0.00803403526469057
0.0541507708825496 0.0383399576145386 -0.200350216585009 -0.225768350393249
0.0323436499945422 0.0687730140622017 0.0232929649217579 -0.4956779727736
-0.00747577203744393 0.0951804667630446 0.464127021991823 -0.475172702046678
-0.0498382793504618 0.0772705918498348 0.600586670299237 -0.0457215810276034
-0.0553658118323275 0.0119507282206626 0.131060738222916 0.0707257472874069
0.0660983181912908 -0.0127773319798081 -0.153698705808125 -0.133460460526506
0.105022202440167 -0.0844599878547846 -0.660565312004878 -0.131569575806826
-0.0231758739177235 -0.162497196856633 -0.611996695150219 0.425102110767515
-0.11094223346242 -0.0965684901582419 -0.126293891119772 0.565159084619589
-0.11164096116443 0.00775139337903651 0.194150035254318 0.278550971451091
-0.0639390150666112 0.0398428106256025 0.112516449671724 0.00431922098723331
-0.0329196335958199 0.0296949543190777 -0.0740865887763113 -0.0237038131238065
-0.0227250212372596 0.0237655761579267 -0.177212244385581 0.0413454789255947
-0.0155894375383363 0.0156238395511804 -0.238758018996037 0.0470012346529635
-0.0263525457410352 -0.00925483063117065 -0.276039983946574 -0.0789659500968353
-0.00925508582162143 -0.0124258160739567 -0.265781233588432 -0.301893798566871
0.0216622687613502 0.00435902486224846 -0.0538182443042526 -0.444060155370994
0.00132644481635276 0.0226018053299142 0.192930172443584 -0.386955514375966
-0.0226865430757648 0.0202545149387213 0.23642713463928 -0.239267109430716
-0.0115292934436358 -0.00504035353087837 0.0519980807045736 -0.243514774677982
0.0640821238726306 -0.00483442530653291 -0.155810884130082 -0.149155618324697
0.12514451882539 -0.0709246552780983 -0.66685916773553 -0.192324454281111
-0.023662327321338 -0.170842835011594 -0.656793879918042 0.355628514748092
-0.137597378521737 -0.0927663058116071 -0.191817761732191 0.538515786769273
-0.114040406491085 0.0423222738953132 0.14473031595087 0.285165053573917
-0.0258710032503845 0.0650896440909045 0.0885844908478772 0.0232307377534408
0.0304145663892284 0.0301956480085741 -0.0827186291022891 -0.0152265367124072
0.048254410288754 0.0111584160581912 -0.176772225264163 0.0429426102641451
0.0703246459179942 0.00477315940786222 -0.242068751184885 0.0544369397198195
0.0565361003612011 0.0188940970150058 -0.274381337326195 -0.0605098143332226
0.0489416798188315 0.0695675102040371 -0.274959114024376 -0.275986248058377
-0.0188720522536331 0.113365949270585 -0.0873243406632542 -0.415421756249741
-0.108057566823356 0.0577223260846844 0.145147161839448 -0.387631289136615
-0.0976487503036449 -0.0453178302367428 0.20501696210014 -0.258052379697412
-0.0176933669070662 -0.0816548739679817 0.0245304069078005 -0.235518464520243
0.068082833212174 -0.0233236424958859 -0.159720380636597 -0.154116750573161
0.125205397208042 -0.098217386256043 -0.662636990705636 -0.203208118255813
-0.0670420580850699 -0.180177794688054 -0.64631994738673 0.331063933777726
-0.181203417254039 -0.0542047255552665 -0.202918793778385 0.508336018791677
-0.098251597411678 0.0969724137132315 0.11258251824997 0.273567707045797
0.0246024223865312 0.0897995899052207 0.0746288349932608 0.0378385752452949
0.0911129798360395 0.0302369450569923 -0.0703396737725291 -0.00687601278077693
0.111145937041022 0.000863760907833116 -0.149380078112275 0.0365697259823745
0.144345730085425 -0.0037213433242767 -0.2121874497181 0.0522266153609974
0.124270463024496 0.0442800844142542 -0.244470402276508 -0.0435070704696601
0.0931855799940949 0.137077692946455 -0.264557241435847 -0.238822428217722
-0.0558024037136781 0.196979185276118 -0.112288748255805 -0.381649404693813
-0.18964757488066 0.0806816339151239 0.112829690960861 -0.397584305704903
-0.14660117951496 -0.0881800762620893 0.214673319219811 -0.270942208487292
-0.0235892059407068 -0.132205970998545 0.0222199974749847 -0.194441495357089
0.0693845755390936 -0.0690860524124682 -0.166167214163906 -0.127962398970341
0.0909890218198711 -0.166703606590228 -0.639793664011608 -0.151357178791221
-0.151696216522072 -0.185064590783614 -0.588080404266812 0.337812686403901
-0.232625620225881 0.0162393850220221 -0.179775186325751 0.482487602739732
-0.0647135597906129 0.163462201825535 0.100156700419675 0.263014618856052
0.0817143771781407 0.109504950902378 0.0806423467001155 0.056219219209516
0.141509390143316 0.028534693597771 -0.0343689771869856 -0.000125048389542004
0.157244997308921 -0.00623672688268231 -0.0976366425138017 0.022618421676683
0.192259242748718 -0.00892304085368492 -0.157210647965099 0.043418774465355
0.159417323916129 0.0656735921427591 -0.194527246469186 -0.0263647707906816
0.103475835891769 0.177897714313444 -0.242971766522346 -0.198926749943432
-0.0929672776196886 0.224430591431198 -0.128548813423333 -0.35639634377026
-0.222370617453973 0.0711021701164174 0.102119360974256 -0.423925990162367
-0.148011253207124 -0.104298217773908 0.263448586472462 -0.276653302957463
-0.0238758419992386 -0.14074401498137 0.037829539654712 -0.132749738498909
0.0578011018046024 -0.122980284601036 -0.170537318432657 -0.0630979972513818
0.0227444809383492 -0.234612040657635 -0.58848372961379 -0.0547600961349603
-0.244131222423374 -0.159330765126651 -0.498222058724158 0.355315275584836
-0.257996126711528 0.103103286824204 -0.141652001194434 0.466613998841593
-0.0162860880432035 0.216570969282552 0.108928776365043 0.268952338596501
0.131231592045516 0.116549474258832 0.112059054862173 0.0781361547951379
0.174902673148752 0.0247964817522776 0.0225975023926375 0.00174017722844198
0.182029233421227 -0.014080462404718 -0.0309215177663911 0.00500287075635443
0.208649739578788 -0.0116707162171066 -0.0895679765396182 0.0347912344175182
0.15987929101825 0.0758836085253698 -0.144135337253801 -0.00848481887615777
0.0830969363307257 0.177593005654801 -0.228527941200794 -0.16391427725995
-0.10900372337676 0.191525009560677 -0.138429609734005 -0.356584146967295
-0.19498167849715 0.0399105669310543 0.123369134923325 -0.466635761225801
-0.10581371908131 -0.086182068604093 0.342757492925485 -0.268629958946736
-0.0235625367927614 -0.111250507219758 0.0631560755543275 -0.0676131003379608
0.0315865143708976 -0.148230765116946 -0.157931043505706 0.0304406967877975
-0.047211303690036 -0.242563616897666 -0.500896133745714 0.0555407967805949
-0.284245364915305 -0.100249872983305 -0.405381290330815 0.364663989312924
-0.230308438743328 0.164329454230615 -0.0998002025465364 0.462296556435992
0.0302647870024999 0.226652732915038 0.137193229196688 0.290791908958742
0.153297596094757 0.106686944751322 0.165644611669995 0.0977328509535076
0.179817597468874 0.0189704003026466 0.0941257671059709 -0.00427119318836615
0.178963006974143 -0.0195810082966197 0.0410907279089295 -0.0160443381878133
0.1937667874786 -0.0133468679312881 -0.0223504567143847 0.0283880016356753
0.133257373931194 0.0679894587244228 -0.106586103433771 0.00423759099475577
0.0554915649312572 0.137622941969223 -0.228112381353738 -0.153994626434297
-0.0855523924131478 0.12418396365247 -0.1301054460233 -0.39182863028338
-0.116804740133683 0.0247207522731643 0.196938809199767 -0.511601096895797
-0.0530120563784893 -0.029539491300116 0.439014454862809 -0.229115559326807
-0.0289957865065951 -0.0575154795781374 0.090648929948846 -0.00868471659729282
0.00445081880493305 -0.126148484577134 -0.124277200198661 0.12264431281826
-0.0748769977315686 -0.184276324541904 -0.39560986840968 0.143923649303239
-0.244335106826006 -0.0380853354102596 -0.324669366945664 0.369583731951335
-0.162585741974525 0.165819191593408 -0.0620842132189899 0.466826916360276
0.0502973723325715 0.185500221795949 0.180813934917661 0.31459706849055
0.136879944996841 0.0830747295697529 0.228722525799974 0.106624202053375
0.152399076489021 0.0136356817136058 0.167548647894042 -0.0170688865990159
0.148734437711112 -0.0220285699432804 0.108517362017712 -0.0347626398409718
0.153722905031455 -0.0145456262990044 0.0326874820429703 0.0229898147254489
0.098249118160511 0.0437199391883724 -0.0835544087838396 0.00390473799060174
0.0456353128227902 0.0808138041853076 -0.225671578442211 -0.177116746051042
-0.0249630959053594 0.0754485753296137 -0.0775556620196721 -0.451428899443835
-0.0375424136004632 0.0511557326358725 0.316989626419538 -0.522745431534856
-0.0309122715882554 0.0403926300088377 0.530602228674978 -0.155035426367359
-0.0439837991701768 -0.00897662636147729 0.116192170727977 0.0361965348722069
-0.00816217839926314 -0.0605661708378289 -0.0805312011605393 0.186454615245732
-0.0410589491642861 -0.0919509914347607 -0.301077116275932 0.19659109202958
-0.142914628397688 -0.0101038831839031 -0.263312621246745 0.370007310840833
-0.0867126118998189 0.100995645359515 -0.0242536209488845 0.468786289877349
0.0312745316740733 0.109007530654152 0.229635756413549 0.325675654773334
0.0815520910239811 0.0555535162250132 0.285222158848478 0.100491761479406
0.0951042652190136 0.0107269606742351 0.225433335455074 -0.031747751015486
0.0959463244348262 -0.0195162190666473 0.158045247584944 -0.0488925112068403
0.0992854315806842 -0.014988038800641 0.0708461261944746 0.0162991704796994
0.0678490634842662 0.0131402656965344 -0.0691268466912846 -0.0119340257353303
0.0556410800829552 0.0344956954322846 -0.204711351412807 -0.221160768212375
0.0351354534210721 0.0676169084549714 0.0136259930341987 -0.493647883222864
-0.00382255723024118 0.0981530469043291 0.448121634916642 -0.480577367961617
-0.0485733333599049 0.078888842817601 0.591465157658274 -0.055026900025457
-0.0592496330985446 0.0140751880525322 0.139325993400048 0.0668145335309665
0.0655081542931332 -0.0145520330190515 -0.163128178830276 -0.126768583775967
0.104830950802249 -0.0869721038658214 -0.665824627585851 -0.117068053750299
-0.0252449877646964 -0.161588486733112 -0.607022179145665 0.441008103397311
-0.11149347054468 -0.0953752273483455 -0.117264524528545 0.573564885231611
-0.113808503125033 0.0106621143433867 0.201234377314096 0.278925497539376
-0.0633281260631507 0.0430576624351861 0.1136905243348 0.00495166846313605
-0.0330678350088248 0.0317591998955545 -0.0686948726870736 -0.0162495836643829
-0.0228269596948809 0.0252708969423018 -0.168698786356737 0.0511835125729687
-0.0155864879387278 0.0165386618582898 -0.2311171327636 0.0581585914139915
-0.0283591979231297 -0.006075407689351 -0.276188704804166 -0.0676426343474838
-0.0122594637002409 -0.0113011530034079 -0.276371181279905 -0.291095042736924
0.0205799669568967 0.000765754646182462 -0.0704640872951462 -0.442784289546564
0.000747217343609994 0.0219159271527127 0.182406506252883 -0.395476321163601
-0.0219245638993359 0.0196502451418494 0.232489657449878 -0.247280377761491
-0.0104739787241859 -0.00405439658797791 0.0465319471391513 -0.24398254290416
0.0620183614167187 -0.00363736592553723 -0.165355026865716 -0.143881630103191
0.124414585217809 -0.0707260650777323 -0.67334269358784 -0.179031143323338
-0.0235375546059951 -0.16728000704165 -0.653469468306687 0.371058140552584
-0.134835270978209 -0.0912455842409577 -0.183728077279057 0.548774417013897
-0.113346961378571 0.0431180822733217 0.151784780229218 0.286770393995457
-0.0249814429608706 0.0643153586492291 0.0901202162233052 0.0242131347827292
0.0283934514278507 0.0279587717877171 -0.0781503950584165 -0.00701801969030766
0.0454034126918584 0.008613028791818 -0.169921382901797 0.0529449157854925
0.0681393803917682 0.00101456587380852 -0.234670220974026 0.0670527713737429
0.0541872337756614 0.0175893082627894 -0.27419558704031 -0.0478405994865127
0.0490174834603931 0.0669689165622088 -0.285516121061359 -0.262934330478645
-0.015955831718599 0.110692352288066 -0.101366136034639 -0.413814974345782
-0.105952323592847 0.0606047270149906 0.136248901293579 -0.395118665770767
-0.0983091248598124 -0.0419457417980381 0.200873370064529 -0.264295470829904
-0.0200461885462124 -0.0794077695397289 0.0191066809115442 -0.235665743008531
0.0641502589198836 -0.0207211070226503 -0.169064896059573 -0.150101053736744
0.123626862299802 -0.0964424843221148 -0.67056016793947 -0.190025474127234
-0.0651382038514533 -0.173470229137912 -0.64163310141652 0.345257281290508
-0.174826169018477 -0.0509943209285688 -0.195367957827979 0.516369929648941
-0.0941079132155142 0.0947076756725828 0.118785398323653 0.274052628844183
0.0265595467742666 0.0848872253981913 0.0748325832288873 0.038655824812021
0.0886648847770828 0.0242039105781173 -0.0677474030450816 -0.000210009815339019
0.106964691530312 -0.00519752433503077 -0.143780106890906 0.0456581539706934
0.139952407608578 -0.012211537928402 -0.206247734417659 0.063086546266007
0.121929348423441 0.0396388605896675 -0.243258977929017 -0.0324922199054385
0.0956049988964395 0.131415561225682 -0.273952000437441 -0.227510690396867
-0.0491364826487396 0.194780062204879 -0.124857555684243 -0.380613275695301
-0.185557652244351 0.0875976608293165 0.10312180368402 -0.405911272621387
-0.147990803030841 -0.0814645284477614 0.210173773263458 -0.27788427752297
-0.0290734335876584 -0.128788507232615 0.0181418014908586 -0.193471001808442
0.0630554975435378 -0.0651793354725173 -0.173609895727032 -0.125760198085086
0.0877689732849763 -0.164129466919486 -0.645759075739335 -0.139342359650524
-0.149439092252374 -0.175529687377988 -0.581283134066948 0.352111728484373
-0.223675480069174 0.0212396227028734 -0.170323859464649 0.491037062738672
-0.0575543339229845 0.159456785321971 0.105989808549166 0.261367358371852
0.0845767324082282 0.101448039811055 0.0806117776529118 0.0540641182544984
0.139066352242995 0.0203973001577185 -0.033074320584813 0.00366566278685261
0.152229272960356 -0.0151238409745014 -0.0950555973220248 0.0286503855436037
0.186277392233795 -0.0200741767621223 -0.153136698522175 0.0516246470682981
0.157685404659749 0.0591683978974499 -0.193456176771213 -0.0181746920171261
0.106445414853445 0.169496456895022 -0.251712551235283 -0.188258529456596
-0.083739828869758 0.223424030631894 -0.141276513827871 -0.35575572988273
-0.216734461877195 0.079171587266391 0.0916179424804451 -0.431127944656351
-0.149562782189041 -0.096347781676915 0.259548906252929 -0.281668255120412
-0.0317960188098705 -0.135070558088555 0.0370049386424529 -0.132614454948523
0.0507174853057006 -0.11819171680767 -0.175161212320453 -0.0608626815342148
0.0173106917792667 -0.231173325244906 -0.592399403247477 -0.0409624298395316
-0.241416135239737 -0.148574095362732 -0.493069697221542 0.367908568099931
-0.247149028740522 0.109671355011276 -0.129727049078547 0.472671461120367
-0.00749342360112533 0.210701921077766 0.115597752874373 0.266066955629131
0.134388322159216 0.107057146753326 0.112395205950983 0.0737830022296098
0.172623243893799 0.0154090008915818 0.0227279775906478 0.00184256734817892
0.177193893146421 -0.0246343159904218 -0.0314709661016587 0.00677650522316604
0.203032087703635 -0.0244335789040458 -0.0875448882156652 0.0387246420656846
0.158379843984799 0.0676083527984972 -0.144048417386738 -0.00362286257324708
0.0874003500099836 0.169149930398083 -0.2366092625801 -0.156258950995755
-0.0998288299824815 0.190944696401322 -0.149971676889059 -0.355893753734622
-0.187966128810588 0.0492363778046164 0.112785677482753 -0.475100488600862
-0.10697567870109 -0.0775371536935391 0.337714183835768 -0.275434979025056
-0.0324768767096466 -0.104349138442467 0.0651477807961976 -0.0679857421509699
0.0244044446350431 -0.143436448245934 -0.159763328940748 0.0319076365159664
-0.0532243062675876 -0.239321104245742 -0.503852780440598 0.0679151166820249
-0.280473723754236 -0.0890245734566034 -0.397965106436978 0.375812749230828
-0.220000204809143 0.17059349982888 -0.0874529298289022 0.467505602957682
0.0387659029273202 0.220758829410065 0.14473191023341 0.285730678887318
0.157306151077345 0.0969959692637437 0.165904576531292 0.0896505425452559
0.178681014059861 0.0104229760866623 0.092032622519956 -0.00852936706791484
0.174425494411313 -0.0303012643056898 0.0375806266608395 -0.017755962380658
0.188257294846692 -0.0250705001010026 -0.022787548818102 0.0275155478076334
0.132591046761268 0.0598285582920449 -0.107744003946209 0.00591026386878285
0.0588759359115664 0.129966892216294 -0.235897131399809 -0.148271340787304
-0.0770858226624077 0.124891478147356 -0.141867605106684 -0.394023618206962
-0.10994668631332 0.0326701535644954 0.184654372894428 -0.520366679931576
-0.0535395421206192 -0.0215952270197193 0.436386697557438 -0.238464673590634
-0.038064482311416 -0.050873917957521 0.0959318968532191 -0.010147061392739
-0.00178047295520993 -0.122485911280006 -0.122910136295729 0.124061740094853
-0.079373750039673 -0.181598738229865 -0.395056979423715 0.153225567659772
-0.240944411824353 -0.029594670047466 -0.316431112508259 0.37940721195461
-0.153113015263664 0.170625402142022 -0.0481191730261807 0.469337756352428
0.0577073918496037 0.180949239878273 0.189222491052532 0.30678744436637
0.140736031258662 0.0755287618462762 0.228573639785046 0.0955765197193083
0.151725456185405 0.00610601139931073 0.163179464439224 -0.0252586539002446
0.145176642562113 -0.0307314982425523 0.101558562844486 -0.0408557777654094
0.150474733526539 -0.024854475358013 0.0299061363211267 0.0179623900550657
0.0989980325006052 0.037480932819489 -0.0865472797173849 0.00267016425438702
0.0490739102119204 0.0747491603529958 -0.234720997833155 -0.174747606193254
-0.0178158888502456 0.0759735798390205 -0.0895272372694512 -0.455595085177213
-0.0316848660718359 0.0582956028457609 0.307906982313795 -0.534571007390352
-0.0313401721066645 0.0467345083759077 0.530174323119012 -0.165906652006375
-0.0514795323917373 -0.00250413308175394 0.1247214750175 0.0329253605640628
-0.01109905022728 -0.0581260244885248 -0.0767992851053142 0.187297928730146
-0.0429297258229032 -0.0915933505347753 -0.297980956274864 0.204499321418892
-0.140362191443307 -0.00402316633847373 -0.254590582586042 0.380439129479399
-0.0807612553693655 0.104399084626737 -0.00822033974116671 0.471198433259758
0.0355206581718258 0.107095869768933 0.238869332126987 0.315860865013769
0.0850719756395385 0.0508299612894381 0.285358141216622 0.0866723267811829
0.0959944571202384 0.00568723682981492 0.220050434268233 -0.0430991121679554
0.0941900979062584 -0.0254748585431291 0.150284278894341 -0.0568880062903563
0.0984888443573497 -0.0216132789535452 0.0665382381374311 0.00784358535131939
0.0692303875320408 0.010280757648438 -0.0719970498040418 -0.0155590502484663
0.0574497199168223 0.0317001797946871 -0.212275330833252 -0.220029422871605
0.0395658082991573 0.0675675927085998 0.00244108633636046 -0.498935111058044
0.000180180417440559 0.102670454725308 0.442180242801413 -0.492400240734119
-0.0485801972911437 0.0830130125673704 0.594260331074875 -0.0670943231827024
-0.064670963077764 0.0184251137076593 0.150485083979969 0.0632503447612008
0.0651208794612785 -0.0178992544611426 -0.175658329135457 -0.11765820435899
0.103849021635215 -0.0923017597526581 -0.678322490569197 -0.0909840153272933
-0.0305081174366108 -0.162080513014689 -0.598239950330948 0.47095615983644
-0.115445311609597 -0.093777312232472 -0.0988729220410589 0.589798799300835
-0.116446897302153 0.0166717805898756 0.216137541030097 0.278130745244779
-0.0615725395173641 0.0471649841241522 0.115989578252172 0.00368921585709132
-0.0329635047205809 0.0348953290625457 -0.0641101718227505 -0.00868546986541223
-0.0225276887051719 0.0278931129926085 -0.16066430281733 0.0642607894351
-0.0151954585761213 0.0175411742541637 -0.223806660100147 0.073749884612443
-0.0307731994870833 -0.00316385577250314 -0.279099868491604 -0.0515317408543609
-0.0146550204521172 -0.00982870881889074 -0.294329398627117 -0.275186151703099
0.0191909662194979 -0.00254096585247507 -0.0940429540266512 -0.443584821417145
0.00052768174372426 0.0217450010081966 0.166257475496185 -0.410982143735857
-0.021247186509692 0.0203564629303545 0.226322135078938 -0.26002839115778
-0.00923689862898612 -0.00372225106300867 0.0362333070148526 -0.248495516300132
0.0602120425165493 -0.00477136430798023 -0.179039859711527 -0.135956458040868
0.12430044083337 -0.0737326056967728 -0.686968275895133 -0.156334589155278
-0.0259655738139048 -0.165345097335829 -0.648653413421234 0.400351416555141
-0.134905932063768 -0.0881440479677987 -0.168458476264974 0.56666327470277
-0.11302610694087 0.0456407444656704 0.165013694730101 0.28780338255047
-0.0230996997833283 0.0638372727902213 0.0915280528661534 0.0246630975702202
0.027484133055337 0.0257572918222174 -0.0736261429819614 0.000691530549787853
0.0433628123516666 0.00591183613031569 -0.161852777786982 0.0665223895918338
0.0657145396670793 -0.0047006467020174 -0.227395969249801 0.0827821570749438
0.0532127620285529 0.0163344786524897 -0.274945988505289 -0.0315336477075968
0.050728088568144 0.0640159195123677 -0.301769972904341 -0.246853609079192
-0.0110945741525345 0.1096391220896 -0.12399826324834 -0.412639320673742
-0.103319418572804 0.0664029608806282 0.118763114415052 -0.408729353225243
-0.10084882529156 -0.0365485688377097 0.194007500745819 -0.275909316023465
-0.0243327852114304 -0.077209802130281 0.00923885843280765 -0.23727291111627
0.0598669435418988 -0.0190807334781452 -0.181276116541664 -0.14398476107238
0.121338448561998 -0.0978622713286485 -0.685674441974213 -0.166000440173912
-0.066276027721435 -0.167811322504206 -0.637327553614519 0.37416161130807
-0.170952172454229 -0.0464767339006414 -0.178886633620975 0.533599904113088
-0.0896453678474979 0.0950819241643411 0.131691878751629 0.275166850254018
0.0297975039470785 0.0795171858222966 0.0761987700702245 0.0383430022260116
0.0869244421109736 0.01752128474089 -0.0646767752370821 0.00687863878360137
0.103312777619094 -0.0129158740330207 -0.138567517156851 0.0567530429257572
0.13538645718742 -0.0224775257240636 -0.199489378180019 0.0778782576270736
0.121902980652342 0.0337392307259723 -0.244297463332872 -0.0178889854003021
0.10076112176183 0.124625773198331 -0.28923121686056 -0.212681607303826
-0.0392417480924659 0.196016789804737 -0.146322211593293 -0.378850590177294
-0.180267103678804 0.0980181363895394 0.0851560748756011 -0.417763870681686
-0.152033417730318 -0.0726985223479389 0.202958572134499 -0.289102613372146
-0.0374223571344608 -0.124053073854257 0.0110933790610964 -0.194345468207271
0.0572158635566736 -0.0627701276508992 -0.184294818333606 -0.120622062507995
0.0817564762335046 -0.164752268372208 -0.660858702688931 -0.116731674812032
-0.150411011210141 -0.166524877155874 -0.577817213519689 0.377516829250164
-0.216759449396338 0.02913197398821 -0.151626672438787 0.505988644707825
-0.0485172399063553 0.15754613913644 0.118527621786486 0.26163705377778
0.0887245902217905 0.0919884183498028 0.0823738352534242 0.0523915414195119
0.137437877457478 0.01009331435575 -0.0317274291291988 0.00775343694385677
0.147324294714674 -0.0268324288337945 -0.0919656420097937 0.0370063042520137
0.180442844593726 -0.0339158561677347 -0.148279293000101 0.0623144136463615
0.158296033343724 0.0500910465836691 -0.193950218468336 -0.00687807058183329
0.113841209852757 0.161292797455629 -0.265118930240831 -0.175403910940746
-0.0718866666692153 0.225399329339954 -0.161717187475451 -0.353696520919304
-0.210128034845436 0.0914081243746516 0.0720805756775047 -0.444019948347267
-0.153171167154979 -0.0858138578553844 0.252600132297667 -0.295713451105233
-0.0418788195219958 -0.128902182784191 0.0334322702059031 -0.133796159932327
0.0422166895628817 -0.115895700841837 -0.182823656402335 -0.0556334665914705
0.007243975825315 -0.230808723671412 -0.603470741216027 -0.0177598973157287
-0.242417063046797 -0.135180115118437 -0.484981247484331 0.392350061636354
-0.237296197656305 0.119871875622558 -0.109940981728991 0.485568929052264
0.00446967792855674 0.207554365122183 0.128335536631812 0.2636446887896
0.140341374863141 0.0950389572501238 0.114198801307418 0.0682572223510016
0.172234499687891 0.00304195195212006 0.0224096404012475 0.000804032349517682
0.171604316970977 -0.0379949987681422 -0.0321681784307694 0.0101874300530687
0.196628943421802 -0.0397052068830229 -0.085720961118679 0.0445570803808104
0.159093355775291 0.0572063100297635 -0.145174426462115 0.0042160373785184
0.0942805855214986 0.160556058428519 -0.249535130947398 -0.145220842829495
-0.0884589960496154 0.193887964665643 -0.171812621973875 -0.355855532575905
-0.180864492954998 0.0617102789975182 0.0920540124988479 -0.488550200110196
-0.110119801689012 -0.0668117401244114 0.331774319966143 -0.291689144060122
-0.0429300171846396 -0.0961640300063934 0.0668188982863263 -0.0705576226784863
0.0152069495678612 -0.140961660172224 -0.161818995050252 0.0380946330646118
-0.0643550223854912 -0.237125554360832 -0.506944198726393 0.0891936454458668
-0.281409479567924 -0.0740059154517328 -0.387351259768143 0.398576378492421
-0.208001905846213 0.181728095827924 -0.066751619604136 0.476955498065606
0.0520657984159784 0.216466622652892 0.158436662136302 0.280331992517567
0.163583134721392 0.0844106688428929 0.168174991615884 0.0807879150387957
0.178727085302169 -0.00211800210034157 0.0899430990564548 -0.0144842618798913
0.169437037610929 -0.0434684603019344 0.0336871120292496 -0.0195301092348711
0.183074609002779 -0.0408463904042378 -0.0243448054479048 0.0276223568493235
0.133723667973099 0.050182327623392 -0.109712717895361 0.00986217415467255
0.0654637893424455 0.122364308132958 -0.248825563825038 -0.139602206543481
-0.0667268709031241 0.126165754022082 -0.164008216930397 -0.395032141339975
-0.102236948839166 0.0424316112409516 0.164565923921213 -0.53694289883164
-0.0546447892071914 -0.0120380770277948 0.432725033417579 -0.257141106552143
-0.0469030924195648 -0.0420695903754984 0.101795730677865 -0.0144747949056772
-0.00878937047896776 -0.119133618628187 -0.120206459473333 0.128956999647698
-0.0881456866924348 -0.179079935967609 -0.393863190105891 0.171786055500881
-0.240074806154751 -0.0164501830064083 -0.30300992132676 0.397601537792626
-0.142409108398407 0.178464467591497 -0.0261450955920237 0.477351124357217
0.0692440790752919 0.17681092270206 0.205596085725999 0.298406527703201
0.146086973509863 0.0648690612717243 0.231530410217227 0.0821346837282559
0.152720593538638 -0.00459110654339518 0.1590734446208 -0.0362974988871888
0.141381126504761 -0.0430273913599336 0.0956087088961078 -0.0474271214972311
0.146429831123461 -0.037922844314802 0.0260281821214607 0.0136016728870359
0.100166693116013 0.0293049101947927 -0.0897721072345403 0.00289684065035454
0.0532433853664033 0.0688114590304579 -0.247668840185643 -0.167624182189368
-0.00923595930596175 0.0766135025602686 -0.112778011735421 -0.461874405318845
-0.0237178223149876 0.0652032374899632 0.289777213592301 -0.55473074228209
-0.0307990892265639 0.054596960288045 0.532554915908206 -0.18666463008318
-0.0589957549159423 0.00589477361216237 0.133989295388288 0.0273112847828986
-0.01500129907143 -0.0555781399375257 -0.0701711500531827 0.190596808962323
-0.0478323534004848 -0.0909693737141243 -0.293423543795396 0.219514861343568
-0.1385411526372 0.00369741833728886 -0.240805871225371 0.396560158334013
-0.073434962410079 0.109721510688024 0.0150695802087174 0.477213098077077
0.0424853759893458 0.104833141937831 0.255735977583143 0.304401267554899
0.0902357627940946 0.0448113114174395 0.287606983054288 0.0689518191430047
0.0979030802696732 -0.00124720416242321 0.21422673699751 -0.0584089712714886
0.092346732462808 -0.0329748255295328 0.142757512867915 -0.068120253914946
0.097045364486538 -0.0308332125469452 0.060981505724137 -0.000592610295449552
0.0708805422771508 0.00497329757454221 -0.0769534566116179 -0.0175237856455505
0.0611052904579067 0.0276034897345072 -0.227153863462124 -0.217255236338351
0.0460309790976171 0.0681903562022827 -0.0176980296495017 -0.509299727035597
0.0075759282422931 0.107919941209938 0.428061347138309 -0.517366014043816
-0.047860555255855 0.0888948962840473 0.602549084716806 -0.088374875643107
-0.0690403160449807 0.0252765354829451 0.163057366023077 0.0551812970204141
0.0636715836963655 -0.0225544721240959 -0.187813625086656 -0.102961362083917
0.0997945884705536 -0.0994489552414508 -0.685889583367558 -0.0518401638843683
-0.0384811610017573 -0.160852948666199 -0.574153676718534 0.506090708807362
-0.119373364338106 -0.0897448353644737 -0.0687598795077781 0.601763177387754
-0.116607599503468 0.0248695274369564 0.233374873662579 0.270111009491872
-0.0596033425969804 0.0513878631014121 0.116971699566069 0.00095878975409602
-0.0315342755280579 0.037518931605501 -0.0591470660660701 -0.00151089361481557
-0.0210917966219869 0.0303650775505846 -0.148440338319929 0.0770563881049336
-0.0148781215991235 0.0186065983409725 -0.211699940374276 0.0917865973548319
-0.0320108108412813 0.000935926877938059 -0.278839135829221 -0.0289710650831537
-0.0167033508030408 -0.007751859233168 -0.313217120602521 -0.25076561297363
0.0166057436891936 -0.00611384143014983 -0.124681714808927 -0.434210707629784
0.00102082612111618 0.0209206495696779 0.139197698156244 -0.422807358428713
-0.0196868691484715 0.0209188788120117 0.211437922694707 -0.274363177524642
-0.00764753159138456 -0.00250673852791231 0.0206181463119316 -0.249522765694941
0.0580308194148649 -0.00549637528435415 -0.191681056580934 -0.122720434260948
0.120221405976863 -0.0784601651152901 -0.698321418924271 -0.116017890846805
-0.0311662351300931 -0.161913050925307 -0.630257828535598 0.437818061524224
-0.135025442824259 -0.08318224543121 -0.138122376703024 0.581402160780963
-0.110012674926214 0.0507085397136398 0.182344369839893 0.283256078341934
-0.0202441470479977 0.0627932890037037 0.0932238571378445 0.0232507269266363
0.0264412206236729 0.0228944788633573 -0.068554037650463 0.00910582930297833
0.0406624053038215 0.00290629858774164 -0.150444069617014 0.0801089225594062
0.0619258085398809 -0.0101915499952916 -0.214698866098668 0.101971310795913
0.051884580612804 0.0136705724816974 -0.272761092637917 -0.00954321724535464
0.0529533024714218 0.0596298549389194 -0.318593934623903 -0.222880538304868
-0.00521131595977578 0.107226945480947 -0.153813269219116 -0.402472849481801
-0.0981222198168108 0.0734003320066927 0.0916778394161546 -0.419629636610436
-0.102583420688283 -0.0290454020200023 0.178674770383153 -0.287362732541322
-0.0283273348117588 -0.0736080702551139 -0.00603604677248049 -0.23612563178168
0.05616882982153 -0.0180539868418327 -0.194283587057857 -0.131978947774475
0.115728526607901 -0.100014473468593 -0.6964830362442 -0.129143329057135
-0.0694124662272515 -0.160564824688055 -0.619903620796361 0.410181945256771
-0.165970285890909 -0.0391425709935118 -0.150043838431609 0.549461044197068
-0.0821977004652123 0.0955870957261242 0.147931278859957 0.271030744493483
0.0324040579105489 0.0724811410448434 0.0782237901581643 0.0375216102885566
0.0840027418633414 0.00920229363363158 -0.0603355256545064 0.0136483841844568
0.0975688075399261 -0.0218147230482167 -0.128954338811656 0.0689241403310435
0.127823063833644 -0.0345930524759626 -0.188566115444944 0.0950251825712925
0.120243520666129 0.0251052661359765 -0.241055151821294 0.0017358928060473
0.106363171552675 0.11532063663402 -0.303820547208317 -0.188634871388775
-0.0259162093749886 0.194564811312322 -0.173301763118625 -0.368173436940175
-0.171027913399507 0.10922180611203 0.0582368847515126 -0.426994462443143
-0.155592827388542 -0.0602437715020331 0.187563937993181 -0.301477451925912
-0.0464224669838412 -0.117227987863821 -0.000345222107763328 -0.193544805508635
0.0499254715592936 -0.0603311007970394 -0.194513443853515 -0.109519315156848
0.0720647841461477 -0.164813300434156 -0.669866194364629 -0.0801829701746693
-0.152500016226374 -0.153951801034859 -0.559044547885262 0.412589996613883
-0.20631950709706 0.0387501121446856 -0.124179924597093 0.520307353081528
-0.0368374217018416 0.154331885067684 0.134529109941585 0.256818906021622
0.0926204814385844 0.0797495204089939 0.0838288612567682 0.0489637228377524
0.133841672708145 -0.00273049766129763 -0.0297382527339077 0.0115168229779751
0.13987915818661 -0.0392373044292993 -0.0868947133237973 0.0450458551183192
0.170593051874692 -0.0504315131307403 -0.140381685181077 0.0754640760840305
0.157029055389308 0.0379764557507447 -0.191481028676115 0.00787580450172718
0.121816722147407 0.149093692464601 -0.277345728216828 -0.154443401421031
-0.0548902613414361 0.226227145206709 -0.187238933312729 -0.343268451024556
-0.198780012556234 0.105787677914854 0.0436373379238304 -0.451376014680952
-0.15639119587559 -0.0711719066214223 0.237630552794836 -0.310872451378935
-0.0523510056318458 -0.119461447481223 0.0268772501549347 -0.134603602220333
0.0323764061037013 -0.112619682441162 -0.188267288364969 -0.0455143588380388
-0.00759214162616709 -0.226896383006116 -0.604764430038705 0.0171077830891096
-0.243667542435712 -0.117077832176268 -0.46457757237184 0.420216745627843
-0.221632933125381 0.131543726497455 -0.0797513639005287 0.495497217093076
0.0200345318302622 0.200816079562511 0.144494542282793 0.255960623648666
0.144159266778827 0.0789504249579481 0.116456843087104 0.0611807153224754
0.16866466513919 -0.0123158042076828 0.0214446915127296 -3.3287018953853E-05
0.16311903556844 -0.0528552139132106 -0.0316118174789821 0.0138849163352002
0.185805754281233 -0.0581836384030805 -0.0817259145760088 0.0522577515052968
0.158979547354743 0.0437383448592599 -0.143761582424768 0.0139701202509923
0.102709495348195 0.14853082691916 -0.261577677525767 -0.126425262465107
-0.0717704269444728 0.194903492517609 -0.197700631233215 -0.345814761217339
-0.16974655127906 0.0747020304177064 0.0614664801072358 -0.495953979406696
-0.111357134411072 -0.0534102084010833 0.318186840917053 -0.310236758490491
-0.05269594742668 -0.0849977339476703 0.0650515157714485 -0.073622977134394
0.00479622358910448 -0.136676252191106 -0.16042629718092 0.0463439651882378
-0.0799706238003311 -0.23046421250269 -0.502587942729844 0.119991879624575
-0.280137006111706 -0.0543676886265585 -0.36455909129041 0.423470742464111
-0.190349704557166 0.192394283052279 -0.0355720430320378 0.482724183830479
0.0676586881897481 0.207326196725173 0.176799039832086 0.268481941228066
0.167129482315324 0.0681282452869988 0.170942645737964 0.0681397326643528
0.176034181524361 -0.0183865779288018 0.0855666013476491 -0.021307363081654
0.161274955492973 -0.0590388079487326 0.0291003156374898 -0.0214466533442456
0.172302119452344 -0.0579099616457295 -0.0247616898490208 0.0296165983308362
0.133897342292832 0.03702556527934 -0.109780917348237 0.0162188565690991
0.0716617251715603 0.111973226145968 -0.260432017517701 -0.123334977697908
-0.0540257166197975 0.126960383801805 -0.19049024477396 -0.388078332359929
-0.0914964338381599 0.0518541597424417 0.13152834865303 -0.550384541374571
-0.0538079665761139 -0.000836406554106304 0.421899727109812 -0.283435629680935
-0.0540144783145059 -0.0300554195924304 0.105252776841165 -0.0210910068334692
-0.0182274463242447 -0.115058459321271 -0.112526245790687 0.134644343014546
-0.100153103373057 -0.17212718414959 -0.383569015976761 0.195388162866335
-0.236794288054421 -0.000182793815096234 -0.279267086113587 0.418316502198757
-0.126344156491432 0.18656736701295 0.00663417833417415 0.480593760990635
0.081785097393892 0.168686716151594 0.223729827121967 0.282620556836584
0.150104426796171 0.0504799202772893 0.23281050199883 0.0636929148602248
0.151197880637926 -0.0181949733870651 0.151579418275904 -0.0493967644319735
0.134098000931174 -0.0552912412397904 0.0866096507103484 -0.0550239469409571
0.138861576173453 -0.0523565139439103 0.0222040610630972 0.00957393476255311
0.100393702976375 0.0188725815052361 -0.0922212539526726 0.00608138994558942
0.0579709342545666 0.0605502919105699 -0.261910791266492 -0.153996134576385
0.000465011918830957 0.0754799633859109 -0.141742161393274 -0.45839589971845
-0.0134125077379138 0.0707684142452979 0.259311688004417 -0.574546809145188
-0.0276416281551227 0.0631980530480262 0.525601365287235 -0.217515729290727
-0.062952159404433 0.0166920571579409 0.142147491005001 0.0178469033783194
-0.0202189208999163 -0.0529088664281819 -0.0579697717411347 0.193210670359127
-0.0538856958733118 -0.0887407684605426 -0.280648761071752 0.237274472450104
-0.135635142234601 0.0129640040283898 -0.215688945202729 0.413294078649487
-0.0634905988255535 0.113766454193123 0.0463702895518699 0.476947445105018
0.0508988359059476 0.101146921861046 0.274269191900586 0.284717384639696
0.0940911173554912 0.0345104545377639 0.28733039249661 0.046393414733755
0.097798059302489 -0.0106712384109118 0.20415660014029 -0.0758541039285448
0.087531961632917 -0.0417295707676462 0.131527655878583 -0.0796907335650621
0.0930727466542773 -0.0410282247305659 0.0544432641913369 -0.00801248785044297
0.071400623672595 -0.00198708340041758 -0.0819697453907056 -0.0174817698238764
0.0639120277983091 0.0213470829337923 -0.243197853087389 -0.20627165682851
0.0537347867566243 0.0651807595522177 -0.0504480500131838 -0.511444660359691
0.0168481583462711 0.111203596885614 0.402124266139904 -0.542513311397247
-0.0443860364574512 0.0961522009297782 0.599357444036086 -0.12351356078576
-0.0713963138507757 0.0336680591923074 0.173488148559677 0.0430454671649992
0.0523419687104618 -0.0336078894888176 -0.201170573960245 -0.0605065233761772
0.0642501678400013 -0.106910397602031 -0.66662672674947 0.0700113273850502
-0.0682091847485371 -0.136003158995755 -0.462557981913071 0.583020048863632
-0.127684041169174 -0.0559704064764697 0.0394021224645095 0.595299790193657
-0.100382194091714 0.0481193906603134 0.273730368979467 0.222891005959754
-0.0457917506318693 0.0581600916738257 0.112604037247452 -0.0161437930783577
-0.0248411856083497 0.0441748288945173 -0.0509668366157854 0.00811044457040107
-0.0160806372958424 0.0360401722224201 -0.121906871184149 0.0985416015947859
-0.0121281331045275 0.0235274570279759 -0.184022200940085 0.122206115124526
-0.0310698643927467 0.0119123222183205 -0.270862463297602 0.014995887881473
-0.020790478718283 -0.000496322931690031 -0.338142159366248 -0.192179406288687
0.0071645934375529 -0.00686784090444644 -0.184787002480177 -0.400662368542103
-0.00284423705661671 0.0206676067132281 0.0722098579784099 -0.432352900831052
-0.0201279278374534 0.0238618398958427 0.168645093401229 -0.297985276726345
-0.00815919285295788 -0.00112141353456623 -0.0141252795031508 -0.242179272233681
0.0487979334539394 -0.0137912324134908 -0.208561566942279 -0.0800491050407015
0.086801108353772 -0.0883348995450604 -0.692904102807265 0.00954661937148263
-0.0592536809929569 -0.136853866517068 -0.527826754671739 0.52517799317801
-0.140788644385193 -0.0478173079845088 -0.0306483207217334 0.586673085607261
-0.0903049164326056 0.0689983829516016 0.225761719034386 0.243644380766904
-0.008819262458336 0.0607694140321586 0.0928157891014814 0.0108080321003913
0.0261436503125411 0.0175694987489693 -0.0608716598726141 0.0223035415337036
0.0359486098154004 -0.00181835911340588 -0.12348190695082 0.103138529613723
0.0539925967218981 -0.0181829642235716 -0.184881794129664 0.133327812099622
0.050784762926431 0.00822907546754862 -0.263090088072015 0.0329033090200356
0.0575000276721141 0.0515393699325511 -0.340019057801742 -0.164656418525363
0.00769251693609708 0.106701027858136 -0.206776973503252 -0.370060142901676
-0.0883123752275616 0.0881794695951377 0.0314340341152335 -0.424385057773669
-0.106415110088753 -0.0095093967039111 0.135320835837013 -0.303305204858239
-0.0398704525632031 -0.0640543837785925 -0.0384917894126333 -0.223969978543622
0.0433876053471073 -0.0230316779396116 -0.210909965918559 -0.0903031269024756
0.0777223129319674 -0.105878719889985 -0.690810205505332 -0.0034958295888366
-0.0943794447100942 -0.127340869209389 -0.522995993229317 0.495543510022373
-0.15908560195649 -0.00041504783829047 -0.0481338201947191 0.553439235267559
-0.0559207950497846 0.105341374108593 0.186988907990462 0.236857716255527
0.0423193221363908 0.0594619903214265 0.0791457188029048 0.0276809957824566
0.0787042241507067 -0.00886580993252904 -0.0556995265731331 0.0275904670565384
0.0848809815503243 -0.0352554873523358 -0.106457996498636 0.0903279299923506
0.111466101552852 -0.054502055725488 -0.161428313635479 0.123956004795287
0.118495140550943 0.00585336316117371 -0.232168165407447 0.0386146217680793
0.117012590389766 0.0939293005416602 -0.323476291725892 -0.134040781307329
0.00407620029265052 0.194554251799472 -0.221246400473882 -0.336042721497326
-0.149787060631415 0.135306455138093 -0.00247864446260338 -0.428144050439349
-0.161796871101655 -0.0296018355672699 0.141265271911181 -0.316553853420418
-0.0646212864029274 -0.10207228422539 -0.0279238036082062 -0.18272596110651
0.0301658960993636 -0.0611335479364212 -0.204978103068585 -0.0701384277111291
0.025031792881399 -0.158703614510519 -0.654193533340518 0.0374596829184032
-0.171813790992267 -0.106135864300073 -0.463260227491023 0.486203181232005
-0.181122488002762 0.0818981925968456 -0.0267682620316304 0.515243058384562
-0.00251709953389498 0.151480336797396 0.168191071284225 0.225258716993833
0.100923704915834 0.0546014982008744 0.0846602492666946 0.0381921991616052
0.12524907238379 -0.0306056953408037 -0.0302309151109571 0.0199522890076198
0.121566063014991 -0.0601609949768083 -0.0723127869769325 0.0614777289340071
0.148997335090846 -0.0787579865618811 -0.119939095829753 0.0974533929523764
0.155075282183873 0.0102918130271934 -0.184972095328092 0.0376411622640287
0.137181998384524 0.122075645426449 -0.294626234583125 -0.105134675135278
-0.0165099631618421 0.228880211132438 -0.23174603814215 -0.312217810194762
-0.175452553051569 0.136525534328195 -0.0185672048062562 -0.449092712919294
-0.163610776240725 -0.0387175963098484 0.190078421224648 -0.332531638906446
-0.0711733213774529 -0.101952731080836 0.00720263000926866 -0.128992159999244
0.00455685796153379 -0.106972849983634 -0.185027910222221 -0.0101067530386713
-0.0612400447672828 -0.202465573212872 -0.57185696314762 0.119000895418856
-0.251522075157183 -0.0550190414231782 -0.367468243119521 0.474290750263214
-0.178164361992658 0.174034389803077 0.00790757137249058 0.479652771602362
0.0609613019452935 0.186157892376465 0.174911412506233 0.222416958577603
0.151317857933078 0.0450231084719029 0.116313850918969 0.0433274650174674
0.158349668375691 -0.0480653742637494 0.0132224084167933 -0.000389929456693558
0.140931516038998 -0.0785159577505972 -0.0268692214963231 0.022640383449567
0.161314845311845 -0.0905670186460189 -0.0697311779956727 0.0659484682946206
0.15780468286903 0.0139224404644988 -0.139186624026853 0.0354718027723444
0.119297802140836 0.122442846008191 -0.275824239543516 -0.0823033879900819
-0.0369024385204579 0.20127533765041 -0.241466915594037 -0.314045633882864
-0.151211970697258 0.102424789861875 -0.00697717281726784 -0.495430133899698
-0.118221319082608 -0.0274742714599825 0.268269840339683 -0.345342096010864
-0.0667066761035655 -0.0670884991207045 0.0546423858008132 -0.0768010646180387
-0.0248740192725947 -0.12498117511426 -0.141636291529343 0.0714522535923239
-0.12894581695845 -0.192972929705582 -0.453055276651312 0.198925133638172
-0.275243831971167 0.010641299773995 -0.271432295902045 0.455691527997113
-0.137668839624767 0.226949734920047 0.0466810583383012 0.458191070469049
0.109025575592206 0.185034679655495 0.206827960202099 0.230207143207517
0.173275851549505 0.0299038867572702 0.167643184685407 0.0400864633310342
0.165721079601309 -0.0560994097222024 0.0688332797736004 -0.0325308779931077
0.138768061999886 -0.0850630637968146 0.0224972865500484 -0.0220219196886173
0.149628029129793 -0.0895749642536595 -0.0209811715266622 0.0340844756147713
0.132394626360547 0.0112680342514105 -0.10793892575998 0.0309015372976186
0.0845386063930091 0.0923610389919311 -0.275240997860331 -0.0810309168843212
-0.0301633234053434 0.131988366609966 -0.241228779976192 -0.354746824360823
-0.0798686300985287 0.0684923612518997 0.0541817322741016 -0.558043391411181
-0.0549596551197106 0.0139813727009754 0.376353608061073 -0.333593564744845
-0.0604981857313885 -0.0133894243455816 0.102848547515564 -0.0332545407762865
-0.0403565094925669 -0.0995903614794099 -0.0804879279744482 0.146734576408599
-0.134547899282676 -0.135644313506426 -0.327217367155148 0.251282038552035
-0.22442499186528 0.0536411320256481 -0.192963005834275 0.438789512536373
-0.0774698936770855 0.209938972455907 0.0848514717115127 0.450778528958472
0.116648002369511 0.147190719758837 0.256010478373311 0.234632677339423
0.156213003494584 0.0159826689038005 0.226490157751177 0.0243747489927021
0.143769429258933 -0.0518410714286012 0.126444120543559 -0.0721879935187503
0.115338022292736 -0.0785510190940361 0.0691774490425935 -0.0642344579765103
0.119125796031897 -0.0791418371231455 0.0184626674878438 0.00661594721795993
0.0982783551326777 -0.00182994742068471 -0.0942026142815343 0.0169679109789347
0.0636161618415475 0.0464722933933268 -0.280646108548292 -0.113074057823224
0.0133238004723893 0.0744460682047804 -0.202121401690224 -0.432056843852781
-0.00436992437617508 0.073786066877752 0.17458007146065 -0.599671670702874
-0.0218129188000746 0.0698820951325367 0.489467061980458 -0.285346042676216
-0.0613973284897913 0.0315135982438791 0.145916394379952 -0.00260521626224854
-0.0288735856322247 -0.0411131977409327 -0.020711066474566 0.192459844001751
-0.0725139054270637 -0.0653300097872251 -0.223594041356156 0.274288293669027
-0.124901557023914 0.0463318650765142 -0.133817542565896 0.426867670251407
-0.0313964253107161 0.128542744080736 0.125164324616781 0.444754255506252
0.0762820481904597 0.0892750134273677 0.307349211574102 0.227846334499826
0.102539991505155 0.0114089814490075 0.274678279419795 -0.00383074179112932
0.0944516008322768 -0.0343827467141443 0.173749757221343 -0.10824258373532
0.0747281314047604 -0.0578833328115788 0.106518905146952 -0.0973719820283814
0.0804182141036042 -0.0597657660979756 0.0451050793860114 -0.0172128041480453
0.0682577261443573 -0.0158024791349464 -0.0881235119048774 -0.00863030976182585
0.0641427470158545 0.0100907553011412 -0.269446027549283 -0.167015414301105
0.0607204583090658 0.0568508667564742 -0.120421652246771 -0.49546821056958
0.0272838042548954 0.105890477919427 0.317876961247385 -0.58756458689816
-0.0341461705859464 0.100662241577483 0.575063981230159 -0.20388183649362
-0.0668045761967159 0.0458334870755912 0.180934554997928 0.0166846038692505
0.048426420632503 -0.0354339349156061 -0.199471115617961 -0.0443974831747475
0.0572604693884672 -0.107119239273929 -0.640623110425432 0.0954306278881916
-0.0711231819970554 -0.129265035613048 -0.424219650640979 0.581710816575266
-0.126128061592466 -0.0510494724475265 0.0644036323550959 0.578254637571859
-0.0947500735525928 0.0520423941793472 0.277081495294049 0.206162614207526
-0.041141070041167 0.058575069384331 0.110740012866351 -0.016127392969462
-0.0219055933657604 0.0447987729345823 -0.043103137654432 0.0120842823551613
-0.0132694514232202 0.0364261028542278 -0.104733006226739 0.101417463714979
-0.0111832718381789 0.0232569887970811 -0.162849982026197 0.128106771801064
-0.0295375196341748 0.0142004121271288 -0.254203273979327 0.0302961533402144
-0.020779859764287 0.00128325863426643 -0.333505831318013 -0.16267616823392
0.00289051207842422 -0.00827181933978868 -0.198479909997809 -0.371817310221504
-0.0028584499438237 0.0191231179486422 0.0466859423194981 -0.419854194210621
-0.0165200820745871 0.0236568341444259 0.148718613572759 -0.295737023371505
-0.00571226434924587 -0.00145566000742198 -0.0260465848156263 -0.230629029058422
0.0450165575232833 -0.0126771247111465 -0.208181517013946 -0.0645354810394382
0.080595948716566 -0.0862490095374499 -0.666338867914729 0.0373693986628533
-0.0597725272529685 -0.128864058304733 -0.489430722437983 0.528821625811197
-0.134451675146931 -0.0445648779789481 -0.00309713973829173 0.570881999035622
-0.0836839837564427 0.068119124832566 0.231100945889718 0.22854471925358
-0.00749581108052124 0.0573563920030849 0.092732525939249 0.0111575022174695
0.022793928086544 0.0147457096969364 -0.0525046638435525 0.0269698511162219
0.0319911779661513 -0.00314630470575912 -0.1063492048851 0.10630732586802
0.0472006238767991 -0.0202466935698598 -0.16244941320049 0.139643511868352
0.0475282652683433 0.00593079327591649 -0.245653109430576 0.046759968188786
0.0561643395521712 0.045659807992953 -0.334152509692867 -0.134865518853737
0.0107136534315082 0.0998428109933972 -0.21906417027784 -0.3413075732532
-0.079366609172403 0.0879856909761246 0.00633786632917059 -0.410411761790888
-0.101070455786281 -0.00288099382752434 0.115717774293819 -0.298913553838515
-0.0399418452771514 -0.0586901036733179 -0.0487117459564716 -0.211733613729012
0.0385284554932361 -0.0192676007379877 -0.210013615493032 -0.0759170177127244
0.07113210273684 -0.100169054416265 -0.666275562240543 0.024463920956443
-0.0905661368601627 -0.116701443824913 -0.485489424489506 0.501437262761198
-0.147653571080066 0.00150311577127532 -0.0198735792930105 0.540235392003734
-0.049381294893934 0.0982984877798521 0.194025638338656 0.224082317560594
0.039988964473918 0.0513048301013624 0.0791855849080944 0.026755405471431
0.0702808399303371 -0.0141994774814227 -0.0482573300094524 0.0314071734006691
0.0751803291217122 -0.0384532578087874 -0.092206638903877 0.0929217170955738
0.0981634984199422 -0.058646043519412 -0.141664749565076 0.128859208190832
0.111112391279193 -0.000746837034348916 -0.216611082941593 0.0503253035623365
0.114128240215172 0.0817552366576 -0.316047213623229 -0.107989705202176
0.0133665192300702 0.182913543515735 -0.230336294420795 -0.309186163292879
-0.134072578616808 0.136448466769334 -0.0245185854144502 -0.412062955578915
-0.154080788371147 -0.0178930535438905 0.122776552612594 -0.312182302560773
-0.0658849902041075 -0.0917198656734892 -0.0355879605936799 -0.172529312318579
0.0241664112241638 -0.0542373798308032 -0.20269114528625 -0.0584643424238125
0.0173918892947506 -0.147357658624564 -0.629665943588311 0.0636133847395736
-0.163434205999817 -0.0917281143976424 -0.425725298943523 0.48873824166143
-0.165091025639156 0.0821641938240437 6.53161579343527E-05 0.500908450083901
0.0050628078619247 0.138847024987399 0.174481648137697 0.210908099079271
0.0952817656064998 0.0424138466338612 0.0836375015695112 0.0344474254326974
0.113308934367452 -0.0387623422386272 -0.0264849343719519 0.022747634707748
0.10800452130631 -0.0652859466678051 -0.0631617288542013 0.0642393303542146
0.130024413582175 -0.0842477767402049 -0.104739579952828 0.1014224543261
0.145913891349685 0.000390329250400827 -0.17255890496919 0.0458688684911867
0.134762093423273 0.106228267049173 -0.288431153525881 -0.082563228788625
-0.00393772436450768 0.216514905478923 -0.23955725685746 -0.286393171903304
-0.1568768657309 0.138184385857429 -0.0414022487204907 -0.43197235912456
-0.155099714699029 -0.0250984041232096 0.169416571049365 -0.329270804874202
-0.0732437258292969 -0.088485942866293 0.00274721913226733 -0.123259584860745
-0.00190488539522034 -0.0975655626626481 -0.180072249115744 -0.00295549530493241
-0.0683623424417314 -0.186365907509193 -0.546722848632094 0.139279166835242
-0.238562741795392 -0.0400472673065762 -0.335079589906513 0.474969565963514
-0.157381534979918 0.171715606321402 0.0335764774157936 0.462841299691622
0.0678269999781553 0.169448651179999 0.180214898819781 0.206147462039553
0.143692119937089 0.0300964009336974 0.113206788545605 0.0363655765187363
0.144583439991206 -0.0584329312983047 0.0118125935964938 0.000350304525648378
0.125181097531363 -0.0842414493158272 -0.0243602689328771 0.0242039186125875
0.141093966705769 -0.0965243721499724 -0.0611221364286082 0.0683664862482257
0.147151080026397 0.00277318386920536 -0.130300782716057 0.0408634632252741
0.117351292850839 0.107351446468984 -0.270205813218384 -0.0622660620434856
-0.0227201077871759 0.189557133637744 -0.249466517604475 -0.288651401367659
-0.132862976640351 0.104957056001939 -0.0303762935431728 -0.478630688616332
-0.10954323936298 -0.0149259579471265 0.245461881214941 -0.345285100025316
-0.0681971433657931 -0.0537785193957537 0.0512425863534426 -0.0763347894722877
-0.0314495715784365 -0.113815223143939 -0.133618963187045 0.0732396173110539
-0.133595619941465 -0.175001824389377 -0.426815557583042 0.210270808923269
-0.260069095224851 0.0240739537078562 -0.241575929847063 0.453304363249979
-0.116067925066214 0.222060173993323 0.0708048816236861 0.438860087835613
0.114203332812427 0.167219103495913 0.210905479670747 0.209928836239288
0.164735519891659 0.0154266686949419 0.161290107136323 0.0298134835489407
0.152323852209247 -0.0660124505224985 0.0616264850632524 -0.0338428848147209
0.123002774722883 -0.0908873244746675 0.0180868998433326 -0.0212028842738402
0.13022976361413 -0.0962635187641314 -0.0189724524260879 0.0346797469199429
0.123533771433635 -0.000100301648833618 -0.102794897113187 0.0340960338213289
0.0833803650659538 0.0794021152934382 -0.27072086721835 -0.0630392528159884
-0.0177293683077424 0.123363233606609 -0.250422825003969 -0.332205721777604
-0.0659272745109321 0.0704126164945801 0.0263184344028989 -0.54144747241299
-0.0477854377004543 0.0229495469406976 0.349980750576769 -0.339265919603362
-0.0603758534824887 -0.00205364530481058 0.100932477099523 -0.0370005347715899
-0.0446831773091135 -0.0903877473078227 -0.0712831559962175 0.142026485012776
-0.137313205030515 -0.120334359512897 -0.302445627821458 0.255399677609225
-0.20997274528916 0.0622963270464642 -0.165562517571835 0.431407467938662
-0.0603238199327221 0.203810976319419 0.106574784782786 0.429428180155796
0.120136870321659 0.131773761874042 0.257733504135256 0.211593976775603
0.1484275767357 0.00352490919594877 0.214935359147161 0.0102101612758193
0.131904172709967 -0.0605285244036297 0.11245099502791 -0.0752026346253922
0.102002915220685 -0.0831568336048658 0.0586905679267841 -0.0649650220658773
0.103299013080513 -0.0843705256787764 0.0139859359501757 0.00542276594326458
0.0911072634333366 -0.0101962123677683 -0.0925007785225547 0.0188275938140927
0.0630029629748865 0.0365004328424184 -0.27900252259026 -0.0949149542901364
0.0210778483060632 0.0667290694276782 -0.217251825190978 -0.406666564019421
0.00610093973923789 0.0725782575294903 0.141019495362036 -0.58808522021008
-0.0149809325364761 0.0751225153306383 0.460784551967743 -0.296180459257375
-0.0599702849358236 0.0399554935301726 0.144899314495896 -0.0110655618550615
-0.0307346021558833 -0.0357004888784201 -0.0102994260434422 0.183093188052744
-0.0747677916810613 -0.0579909978142916 -0.201534587833984 0.272176937571406
-0.116253624533208 0.0508990102474076 -0.106858657029619 0.41678044194681
-0.0208094814990809 0.124410606408648 0.145316510310742 0.42171833627626
0.0785836318920728 0.0800516012052361 0.306080840676954 0.201418805516363
0.0983150807839691 0.002416362339362 0.259392639239382 -0.0200796637636258
0.0877916968989086 -0.0405115218758516 0.155053128296722 -0.114671666109983
0.0662225545416873 -0.0607660638565557 0.0911212050399197 -0.0992484650008927
0.070142846177168 -0.0638135447009248 0.0368934640130055 -0.0197247386485138
0.0637980142890651 -0.0213410257284548 -0.0893436789807886 -0.00667125888597427
0.0626551900433769 0.00385219680451077 -0.270859233421532 -0.149058406283601
0.0640351563555934 0.0504801930979942 -0.138969009862036 -0.472764991313962
0.0348598045293294 0.103668589809192 0.282084849933773 -0.583336026389002
-0.02795753253325 0.102823889462277 0.548993237102343 -0.220687558584723
-0.0645970566313567 0.0508078341156275 0.180908111146278 0.0052376586582202
0.0452743251987177 -0.0358110869790484 -0.196623914911902 -0.0338512700168404
0.0530341517017903 -0.105818575694953 -0.618297730793693 0.104996878060695
-0.0713627850243969 -0.124616507427837 -0.402394934147532 0.57042276234489
-0.124755398903496 -0.0497200870873238 0.0761144364712475 0.565122608365988
-0.0909727832233386 0.053110552887422 0.277020104894012 0.19718584962124
-0.0383579536636673 0.0582816910350213 0.11014194055318 -0.0140310282091215
-0.0201156488462309 0.0446002427985787 -0.0364002717629051 0.0144099919165211
-0.0115623363855722 0.0360688512651667 -0.0917685613859312 0.100685945262234
-0.0111780692122293 0.0229911462267821 -0.14626057893044 0.128381251054442
-0.028169835865204 0.0159037411568884 -0.239385728351696 0.0388329754853291
-0.0209912647064045 0.00227343692722404 -0.323744403391955 -0.143625542075058
-0.000353803123737312 -0.00939966688560158 -0.201869179174219 -0.350196897768468
-0.00300066694602921 0.0184389456251041 0.0320887342551224 -0.406464596483654
-0.0143206119829234 0.022640297858686 0.135115632147418 -0.289366938099612
-0.00340001852900926 -0.00228594845786441 -0.0314972831868088 -0.220523092564032
0.0418044714990549 -0.0113974822996262 -0.204886250037735 -0.0539554327333518
0.0771158433980469 -0.0822295201142109 -0.645401662470611 0.048191309671105
-0.056957099164163 -0.122818760078091 -0.467509776295262 0.52240725659106
-0.129229939506536 -0.0448081541157312 0.0108596861625755 0.559853981383366
-0.0805011806243091 0.0654759418354518 0.232497763022782 0.220526100751328
-0.008149622961015 0.0539473528326496 0.0936195687656672 0.0125586372590283
0.0191421666982877 0.0134658033406623 -0.0447255612890633 0.0297072833983009
0.0284630120996692 -0.00351568424572479 -0.0935029300741749 0.10604823086005
0.0412118621327794 -0.0207962198185152 -0.144953570408824 0.139545206438884
0.0443413250963236 0.00452397929046438 -0.230228992064987 0.0536124905136357
0.0534398903614175 0.0415831155096499 -0.324754865650374 -0.117483042398566
0.0107581721443447 0.0940151000538222 -0.220783355984953 -0.321529768805573
-0.0738017112538351 0.0859619292126745 -0.00430561959318043 -0.396435538064352
-0.0956865016677518 -5.0964537276002E-05 0.10408062867265 -0.292628284641599
-0.0385648356076739 -0.054946007289754 -0.0525564323123945 -0.201281715726293
0.0348612467210916 -0.0147984698957796 -0.207048931607018 -0.0670734018855832
0.0678926814897723 -0.0929159494793152 -0.646607766144432 0.0350519559458283
-0.084367768599985 -0.109386421387852 -0.463404049551248 0.495939969291727
-0.138794374840687 -0.000133690888305251 -0.00461621317396285 0.529151021951655
-0.0457683977014225 0.0909630502985137 0.195942840137012 0.214916681730424
0.0362968794950494 0.044862635372873 0.0798073681740208 0.0270548983447811
0.0622107699627699 -0.0167195402667188 -0.0415157889078194 0.0340808051649473
0.0674991990849829 -0.0397296697563585 -0.0807756868577128 0.0928894320547087
0.0864728176546993 -0.0588810957388286 -0.125460919546129 0.129157543119827
0.10401842814831 -0.00438977918278064 -0.202774206269854 0.0552877639802153
0.110181404286233 0.0739862171221647 -0.306443528864987 -0.0920730948948623
0.0166765173110439 0.173365300461185 -0.230930353112845 -0.289699560987477
-0.123931935703379 0.133804480909476 -0.0357425376115382 -0.398128673957456
-0.145934068800242 -0.0111792634640353 0.11128154720188 -0.304894766354719
-0.0655319688067916 -0.0835323947229246 -0.0378292180968188 -0.16341523213808
0.0200871080813943 -0.0473019952683365 -0.199469900584322 -0.0524994391356609
0.0153050037228117 -0.135885053748194 -0.610664280258453 0.072661274507039
-0.152978800173655 -0.0836378134693047 -0.405218284434376 0.482650123176128
-0.151838077369579 0.0782202187738672 0.0137244625526787 0.486265245445442
0.00783276406902367 0.12781050010495 0.176708550671566 0.201328752580712
0.0885120945492818 0.0339324918039071 0.0829944648484743 0.032821057652646
0.102536505010636 -0.0436171606045861 -0.0230480087874449 0.0251398817665442
0.0972301057001317 -0.0673807477250447 -0.0561908884021151 0.0644142260632166
0.116046203785805 -0.0846476475998441 -0.093199842396294 0.102089933052996
0.135991306829075 -0.00488289748890338 -0.16176470914526 0.0492044345960576
0.129793899931264 0.096066212151582 -0.280071515903659 -0.0675331083141382
0.00302903069322964 0.204712622152101 -0.239898087269611 -0.268279167796072
-0.14352749280204 0.136156046474575 -0.050956566334929 -0.418418036419559
-0.146004916634366 -0.0165886760825553 0.156970852467465 -0.323410226875854
-0.072484343587448 -0.0783270724636176 0.00121605891435109 -0.117790203376663
-0.00580041595847563 -0.0887597268539908 -0.176336882036244 -0.000790414246203389
-0.0687265856285006 -0.172245164856199 -0.526099008735789 0.144516413396667
-0.225395367891532 -0.0310459730001188 -0.313799769527332 0.468685850964239
-0.143067117508511 0.165624388714452 0.0476284765932859 0.448521330572536
0.0693360198736077 0.155350952261356 0.181313621734223 0.194176944021565
0.134519247081252 0.0201082681954512 0.109520767983063 0.0321269792621982
0.132299333973607 -0.0629518210899167 0.0112538936992444 0.00144238418477507
0.11268710786136 -0.0868470168905667 -0.022829198183224 0.0249692460831012
0.124438186345034 -0.0980112624986984 -0.0543210038939971 0.068011988959939
0.137052425956318 -0.0036135205444118 -0.122954825104267 0.0421371805422464
0.112563922922811 0.0958283385792058 -0.263146027921147 -0.049485765569907
-0.0149876473974694 0.178171404339725 -0.249637604712349 -0.27185508589571
-0.118896462346425 0.103135030504556 -0.0425307560139035 -0.464669073447797
-0.100748871020512 -0.00668451031587547 0.231142904903683 -0.340306670830366
-0.0672279529072073 -0.0429087933799797 0.0502263900631475 -0.0739353839310271
-0.0335852457774332 -0.10439592102265 -0.129344533816384 0.0710014351567599
-0.13261702169488 -0.160334267311214 -0.407739799079427 0.211494096773766
-0.2457981404372 0.0307087001422915 -0.222562248396868 0.446122609623069
-0.102233070168155 0.214150021377104 0.083631030551146 0.423033124787864
0.11459421960614 0.152656542898782 0.209666247056249 0.195646461623769
0.155858913776546 0.00552308243716734 0.154704564410981 0.0226220486173737
0.14036087484699 -0.0710866176328713 0.0559205129669821 -0.0339232576169274
0.110281540622571 -0.0933116874035344 0.0143757172626541 -0.0200323176129889
0.114156359291708 -0.0973669540640773 -0.0177783999045722 0.0345384651132774
0.113566947934151 -0.00625371853365709 -0.099321776960283 0.0344203873626912
0.0796284439422742 0.0689409822787011 -0.266032380315097 -0.0515495455414729
-0.0106210767548339 0.114296107827206 -0.251997760656625 -0.314710703305711
-0.0541839847435819 0.0692925834699397 0.0133234735144084 -0.526674116217454
-0.0403301729377473 0.0296288085418445 0.334522563217003 -0.336386730620901
-0.0595461819307961 0.00697525502318406 0.100870219704931 -0.0389708217455337
-0.0461849728607072 -0.0831763784309318 -0.066041669114186 0.136646952116094
-0.13618028509628 -0.109403965400906 -0.28596281610616 0.251303069151727
-0.198063159274279 0.0664419416676727 -0.147940341235716 0.422099663932071
-0.0497227273559335 0.197103309558492 0.119307345346915 0.410946262121729
0.119645586975255 0.120280501232929 0.254515821479983 0.195010142617776
0.140554781380565 -0.00454547189350629 0.204470425001437 0.00186402014001827
0.122580116153278 -0.0648789504252709 0.102167698549361 -0.0764502042574113
0.091560188994724 -0.0847624041952857 0.0497032439532193 -0.064289833523026
0.090917556508896 -0.086416964219647 0.0101043637304377 0.0051160911757634
0.0840036412286624 -0.0157195526708304 -0.0917552695227062 0.0186169335279547
0.0603072809255503 0.0287246871811435 -0.275459914713406 -0.0848902176153828
0.0263083461910497 0.060361274746441 -0.219547485968112 -0.389602534745495
0.014567410657348 0.0717975576323012 0.125141244680298 -0.574855050573046
-0.00914014093033418 0.0791295042574204 0.442608292463005 -0.296016647811324
-0.0592192614249119 0.0463827699364681 0.144698330806204 -0.016023699404861
-0.0317252330125371 -0.0326908589320247 -0.00575348638964317 0.174764664808749
-0.0746453682319207 -0.0515616984752338 -0.187396703734058 0.265519827861017
-0.109188222266867 0.0528114539193003 -0.0917128812787601 0.405663015796826
-0.0139542758029977 0.120297963592474 0.156824704476866 0.402192685693164
0.0786176690897677 0.0738040965151783 0.301839983146658 0.183660294881466
0.0939868594795484 -0.00352643134033988 0.24524087018262 -0.0283473404197266
0.0822042817139555 -0.0438643141699537 0.139601921504906 -0.115643180668983
0.0594755063678578 -0.0618146757712732 0.0786674088960169 -0.0980877799252937
0.0617844785557174 -0.0655488892481006 0.0292511109294991 -0.0202985043940706
0.0591083712596068 -0.0247479046242318 -0.0915308300291516 -0.00731966349976686
0.0613266240794797 -0.000497165691268186 -0.268384772759168 -0.138876705412612
0.066341280021953 0.045882350574645 -0.144411840684346 -0.457291471164577
0.0392731140441884 0.101810603799452 0.262879356470977 -0.572360564258128
-0.0229458104215537 0.104722915830701 0.529033081286678 -0.224230255452157
-0.06316230689006 0.0539033666893298 0.180597022124498 -0.00177303766854705
0.0435583977814903 -0.0361649305349347 -0.196457095463889 -0.026289895254525
0.051736091529847 -0.105165411226915 -0.610481370185491 0.108041994087134
-0.0714545162444481 -0.122807923296642 -0.395614417488514 0.567976447185826
-0.125493854718611 -0.0502205835181747 0.0836341094174098 0.562268594630197
-0.0897112469422309 0.0546329569096537 0.280564118981819 0.194770895505603
-0.0372840984206413 0.0587421745981673 0.112787213711282 -0.0116649206163852
-0.0190450174880509 0.045493177075426 -0.0306858239764047 0.0157989763007147
-0.0103161495656223 0.0366782464205438 -0.0818538709896832 0.0998019739391387
-0.0114062175074076 0.0235699767540472 -0.134475380780094 0.128987425706744
-0.0275122639425505 0.0175678689114262 -0.229746784371205 0.0434971357383153
-0.0211047171468755 0.00323147475549694 -0.319138921089781 -0.132199555649377
-0.00303628424531022 -0.00921799540177174 -0.204230212456315 -0.339011978515612
-0.0035840023759981 0.0174420796314578 0.0243835063684059 -0.399739534848244
-0.0125752880504239 0.0214017156174264 0.127933829296857 -0.286555608961301
-0.00153447667411928 -0.00418126129404947 -0.0353801614677198 -0.215548743095945
0.0399370140412753 -0.00904935085831774 -0.205764737068428 -0.0481224216718691
0.0767414068475282 -0.0790684163313331 -0.638484943323036 0.050861966793852
-0.0534851848282403 -0.120271681829314 -0.460816881412597 0.519917907681432
-0.126477156501149 -0.0469326951745517 0.0180579339534708 0.556148061069173
-0.0796966479582386 0.063100750800158 0.236426420828125 0.217950331204067
-0.00962460322754734 0.0521234331607372 0.0963924564828618 0.0151220493580205
0.0156018569976104 0.0133934918132921 -0.0380451452118588 0.0321525811460814
0.0260557547890258 -0.00397050797005906 -0.0839213643112095 0.105443150309643
0.0370592283616504 -0.0195606716522182 -0.132379199361741 0.139935683145344
0.0419536411915779 0.00436551177272605 -0.220815403058301 0.057547919399608
0.051779144246948 0.0396225991783515 -0.318912528240834 -0.106833179864925
0.0101530695966933 0.0912276680652766 -0.221995767233459 -0.310041226557704
-0.0706839474569801 0.0855505923819718 -0.0121833349357965 -0.390483918673618
-0.0916929369185442 0.00172687773488603 0.0981689006692406 -0.289085036513215
-0.0371144393167837 -0.053516589066294 -0.0551240333646885 -0.195250706541988
0.0321028911905925 -0.0101090112170451 -0.207999617624567 -0.0625062083510505
0.0680444474254583 -0.0863074527837813 -0.641133510091302 0.0387883121626585
-0.0779860569428935 -0.105219912694894 -0.456753058423577 0.49508316218391
-0.132927926391047 -0.00354255907090199 0.00325570117716135 0.525080423014554
-0.0452146515107975 0.0854129066427627 0.201225551210958 0.212160328646825
0.0323321202988205 0.0407348788064122 0.0818544882941552 0.0287058445605168
0.0559650338265469 -0.0185896946242257 -0.0362078103602555 0.0367777283276084
0.0613472475366028 -0.0410597360783571 -0.0731471172516113 0.0932133030100468
0.078103589548598 -0.0584012647957685 -0.114310174665063 0.129622051273224
0.0987218882560782 -0.00601287838427412 -0.193982158835715 0.0582138848235259
0.107281562832422 0.0691241603315426 -0.300967156270953 -0.0815321407511583
0.0185545431682415 0.167594837672106 -0.231809536097805 -0.278397203839618
-0.117531248353918 0.132500638601689 -0.0421989319591806 -0.391585247393673
-0.13982520317226 -0.00787871025449866 0.105880050805217 -0.302061408621623
-0.0648101275849282 -0.0787748770443778 -0.0392474945151532 -0.158830089283342
0.0178376574988162 -0.041615878707004 -0.199985952385414 -0.0497962384803256
0.0161808052112031 -0.127878359136048 -0.604147069738717 0.0752263758720795
-0.144569996239609 -0.0786352609114013 -0.397271631783955 0.48323065685244
-0.143247928413189 0.073909917406256 0.0232972937137705 0.482090491115859
0.0084756153802003 0.119756750766697 0.180632538017786 0.196543452723269
0.0826553552696954 0.028006619372158 0.0830982904272677 0.032603635829168
0.0940173949396235 -0.0461438485265623 -0.0199476198010742 0.0271040032069488
0.0887088579617 -0.0683590565048427 -0.0512746807338493 0.0647470931545636
0.10509159630454 -0.0841434804964566 -0.0836880924242259 0.102104903096616
0.129351420855609 -0.00778930837692103 -0.154970730171282 0.050785084880256
0.125838827181558 0.0892377765411493 -0.275726600556577 -0.0588421956244602
0.00636811879078916 0.197091240286362 -0.240205228918879 -0.258320888736752
-0.134557654040548 0.134408325706942 -0.0589543246016549 -0.413128350949107
-0.1377077061437 -0.0118751566309394 0.150511016482143 -0.32175545075745
-0.0720529209349756 -0.071071262692971 0.00091212322502823 -0.115111008040864
-0.00846954641300768 -0.0819777981506164 -0.17583604113199 -0.000272815327549957
-0.0679440369737482 -0.162114668761498 -0.520051336998718 0.145568271488349
-0.215768637301504 -0.0265485034849537 -0.304127494031868 0.46724072399459
-0.133829435244275 0.160787937165319 0.0582069863105356 0.441206154844303
0.0696901290733623 0.145905677540289 0.184210769644549 0.187267683125807
0.128030821636925 0.0133224670243496 0.107765586296476 0.0295328571548125
0.123108165688914 -0.0671528255712065 0.0111576298670451 0.00305899596562347
0.103053930161116 -0.0885491425484848 -0.0212762882100469 0.0256000863174038
0.112184661217331 -0.0982177147095831 -0.0491566530936317 0.0680107191498667
0.129614945572592 -0.00747660323589131 -0.11937768882474 0.0426993036147418
0.108346496072985 0.0882463692447614 -0.260505262897572 -0.0418462818990195
-0.0107290620466418 0.169767296855463 -0.252588450693107 -0.263960668729632
-0.109085921344525 0.101800123674538 -0.050069206180036 -0.458490649492601
-0.092643377455807 -0.000615007067327009 0.224639807233023 -0.339407272513393
-0.0677669805879932 -0.034917229110005 0.0513802521863273 -0.0735928954055885
-0.0359785627521669 -0.0986867329745336 -0.127567083609723 0.0698210547810868
-0.131757601363484 -0.151071490084099 -0.400887249830264 0.210786725508714
-0.237198462962884 0.0346427558600848 -0.213065205495325 0.442522744474402
-0.0925116090669761 0.209089802462868 0.0923491727515351 0.412471635647883
0.114536519503847 0.144032189297719 0.211295618641401 0.18745395755851
0.148637822227021 -0.00108037983594999 0.14986415406768 0.0184843667671442
0.131753556576793 -0.0751813226580875 0.0519225935807673 -0.0337527184538833
0.101448779901269 -0.0945598226369031 0.0122185394378748 -0.0192094421056452
0.103109364142509 -0.0975046489561399 -0.0173119716923346 0.0347446433402637
0.106803533192688 -0.010803302959137 -0.0983601204088369 0.0338585926118443
0.0759502144336404 0.0617341816578003 -0.264255781974639 -0.0451452895844351
-0.00577474240224547 0.106545930102593 -0.25410455092762 -0.307419079626505
-0.0448065228082609 0.0686705863531193 0.00472585654639098 -0.52355895505357
-0.0330389337129926 0.034738651021936 0.326003941565429 -0.335487663559894
-0.0598221585460307 0.0147738468298431 0.102541105612229 -0.0408864712309078
-0.0481424100916098 -0.0782551910668312 -0.0637305672823559 0.133719628819168
-0.134453869425185 -0.101616726542585 -0.279220822628319 0.249435580547603
-0.191363006501704 0.0691054948175999 -0.138972089389316 0.418475599768327
-0.0420522063262588 0.192766650812656 0.128382415427758 0.400081394169552
0.119637421234527 0.113714860761247 0.255051075202935 0.18566212872966
0.135654845551715 -0.00996941313600288 0.196964809311284 -0.00327230195982985
0.115868345010929 -0.0680983459251271 0.0946702375613738 -0.0772507554803822
0.0839918997418629 -0.086474213597296 0.0433946393968462 -0.0635681527030533
0.0813065488641374 -0.0866807614085624 0.00718613250400315 0.00467285662339125
0.0780566601985739 -0.0197150627328469 -0.093959101406969 0.0177044710100779
0.057520894727247 0.0226150233585146 -0.274675091608156 -0.0791409265646208
0.0308827100761738 0.0548783616124032 -0.223600435369627 -0.385216125844704
0.0221036898443782 0.0722430897422118 0.11756842553023 -0.570985012276239
-0.00385943983942534 0.0834274652651623 0.435471185787499 -0.29709196931978
-0.059514730446507 0.0525267631371436 0.147208323697377 -0.0195862884617936
-0.0328160710458103 -0.0295280871357715 -0.00347605723618807 0.169797623068751
-0.0742745034740301 -0.0471252779995737 -0.181028515592147 0.261653039991712
-0.105087352214933 0.0545311612774237 -0.0839759453776849 0.400217777943214
-0.0096189267172575 0.117265079086028 0.163225920861054 0.391189396419985
0.0795262219730287 0.0695159792771486 0.300156522935566 0.172658772048756
0.0902824349497895 -0.00723100708215472 0.235628545812853 -0.0338886780950606
0.0778120492465738 -0.0466683862951395 0.12901401197897 -0.116647605299107
0.0550746332307992 -0.0632790601033655 0.0698715929858568 -0.0978823396067523
0.055940214698872 -0.0670130754796082 0.0233060524939586 -0.0206870778256345
0.0562864104414854 -0.027519330690863 -0.0953128496962537 -0.00821253953351735
0.0609108004006013 -0.00495976036957199 -0.269583098812063 -0.135225216209696
0.0687167937531719 0.0435379610744156 -0.146483236820391 -0.45303154937841
0.0438572447146568 0.102596803517689 0.255543426987227 -0.569380593601469
-0.0196560722008873 0.106616480257999 0.522833795388647 -0.225377272598436
-0.0633704318370868 0.0574719278331369 0.183508192404089 -0.00738249343331497
0.0429396894238743 -0.0376149742265161 -0.20080630228538 -0.0197229000237858
0.0511273094487817 -0.108168298068244 -0.618210034002839 0.118718808256083
-0.0739319351509549 -0.123209519684336 -0.393221146086289 0.582485041099553
-0.130207336863754 -0.0498928808768081 0.0983754504223014 0.570172287502559
-0.0896035994229858 0.0580948280739026 0.292192364648485 0.193102653620096
-0.0365337835344466 0.0612493379856119 0.117924520696154 -0.0104218381465866
-0.018438336076613 0.0474383271352127 -0.0250728889296933 0.0174973527773888
-0.00938245711948376 0.0374631054005738 -0.0736487337651266 0.101601714525729
-0.0110590054231939 0.0245169001993089 -0.125096188520719 0.131706975109513
-0.0271394542461689 0.019452655535737 -0.225042934550891 0.0498026665556471
-0.0217638383797847 0.00443954835615321 -0.321982198029874 -0.12223655387632
-0.00595784716871991 -0.00922989133368388 -0.214244082352699 -0.333057362112991
-0.00454930396818819 0.017445036552736 0.0148287489640768 -0.402393196446882
-0.010904702296014 0.02010985210332 0.121688731184925 -0.290173877720263
0.000200416474397265 -0.00599563258652078 -0.041682746051674 -0.21466476141806
0.0388573726376495 -0.00674047828963601 -0.210723088501935 -0.0416260443978793
0.0779897930273111 -0.0783187967138512 -0.646896134164394 0.0615173856567145
-0.0523133350073127 -0.120220942472734 -0.460791426791466 0.533603631445812
-0.127933538843073 -0.0490783319462715 0.0318769896637927 0.564963456061158
-0.0798967147100819 0.0638510015161615 0.248016349848644 0.217357892595433
-0.0114891804149616 0.0519277923287586 0.101876578904788 0.0161603479789517
0.0134040806265067 0.014058666282763 -0.0321455746964862 0.0344351063559202
0.0234400348798242 -0.00387574020471455 -0.0756582534519226 0.107612106332085
0.0337424538379549 -0.0195411353342819 -0.121816963680904 0.143657708439428
0.0408633580446794 0.00439912920857083 -0.215557354109181 0.0634908099312464
0.0512857625800253 0.0374597375507658 -0.321424810337842 -0.0965012809671707
0.0102003349437996 0.0904382457595563 -0.230546310990236 -0.304103898783151
-0.0691931837177678 0.0866977201095547 -0.021973022406442 -0.392248640188026
-0.0901806568619905 0.00261516871852654 0.0923081766228224 -0.292680377905354
-0.0381376872243188 -0.0526226038965586 -0.0598241270956873 -0.193957346679064
0.0306955727395681 -0.00589773560712515 -0.213478904971415 -0.0580000097790462
0.0705067488438143 -0.0833403124359955 -0.648688302959304 0.0488413723900322
-0.0740654572158305 -0.104232061878629 -0.455415982543053 0.509625965705862
-0.130059947212693 -0.00681379735336343 0.0155858589705412 0.531594964735575
-0.0449150928928308 0.0827251545469506 0.210789879354132 0.210737649148558
0.0288890390789055 0.038269203943952 0.0865554245099786 0.0296420667638027
0.0504351630062987 -0.0203968658084128 -0.0309306544782972 0.0391965487346191
0.0559685443317756 -0.0423419604299052 -0.066563676563447 0.095559999526512
0.0720364215210966 -0.0589354442611141 -0.104608544017271 0.132316412916799
0.0962460953558717 -0.00742968572508945 -0.189057194363164 0.0626731431587607
0.107124048900723 0.06544144905734 -0.302839306071229 -0.0722495664680962
0.0210584382565294 0.165546487363488 -0.240203872883414 -0.273351562305192
-0.113132324983184 0.134290194024682 -0.0525273305616783 -0.395233634923205
-0.13736014513761 -0.00462192186796779 0.0996486739187179 -0.306021926107395
-0.0662224726464958 -0.0752479054714681 -0.0424612239102631 -0.157823094786729
0.0150961419386012 -0.0362530217556736 -0.205912869867966 -0.0470822328935798
0.0179194282976418 -0.123408937699979 -0.612330985198195 0.0840741612298849
-0.140067015177906 -0.0759406789343387 -0.394476635183192 0.495836766074638
-0.137928898623341 0.0718289101579659 0.0368703927128756 0.486569589760913
0.0095576948874389 0.114347743025768 0.189975930629414 0.194470802688931
0.0787688612139155 0.0230857705983667 0.0858073951249386 0.0320531235417879
0.0874081121311271 -0.049815817423364 -0.0166274599275333 0.0291458877912999
0.0818146142626562 -0.0713864426010767 -0.0472327128073689 0.0664728575800617
0.0966196605335108 -0.0853501787037552 -0.0765009023146767 0.104314123059499
0.125032992108186 -0.0109299483717488 -0.151897106225289 0.0542053242519095
0.12498799669128 0.0843195842607441 -0.277399108347616 -0.0498198974407533
0.0105723466272195 0.194093957720062 -0.248216836274552 -0.252967893457657
-0.128563417733782 0.13598585192069 -0.0696749620171585 -0.416868218546491
-0.133854614454438 -0.00711120392276799 0.145651289147848 -0.3265498552831
-0.0741717995185537 -0.06531340008301 -0.000290246782778601 -0.115209220474756
-0.0118440663466857 -0.0774215576987966 -0.179691554141586 0.00168157702148659
-0.0679992278074621 -0.156618383052664 -0.52586327374808 0.154277244627389
-0.212031936162226 -0.0209502880440268 -0.297774090520864 0.478009170077335
-0.125829665784523 0.159715378414829 0.0718981340003265 0.441685685048691
0.0727943025262625 0.139769340323335 0.192131245579371 0.18255426222692
0.124048125791285 0.00703054945388296 0.108159926418756 0.0270855867078394
0.116355987068644 -0.0723963264620472 0.0117640476778333 0.00342128155235604
0.0953918207244081 -0.0923351201082403 -0.0202534393605606 0.0270553005780294
0.10280204655886 -0.099495359406834 -0.0449597251149424 0.0695874170274091
0.123849231624893 -0.0118198153508728 -0.118434150579262 0.0452497377856451
0.106484137339084 0.0825699180043522 -0.263269904519904 -0.0329851514710462
-0.00565345129886531 0.165262831441757 -0.260535916250047 -0.259320803366877
-0.10133951279987 0.102675947284791 -0.0609015851361519 -0.463464786451059
-0.0868724005996064 0.00425785729894084 0.220790249496731 -0.348127206023347
-0.0693930266611399 -0.0272901969190693 0.0525416531765111 -0.0751162357251887
-0.0403556111288793 -0.0943228834600636 -0.129378007056715 0.0714729234283052
-0.133015230489629 -0.144922142344973 -0.401893709823578 0.218801616422748
-0.23280404981223 0.0407774522760886 -0.205969851856859 0.450610795997161
-0.0844634549110762 0.209046297810258 0.107147748403454 0.411515817432576
0.117701054297551 0.138001794521115 0.217509132626426 0.18103731910506
0.145422775687028 -0.00758636380455309 0.148530036367041 0.0136449375295178
0.125792076278088 -0.081356252773606 0.0493105060138201 -0.0347852308121542
0.0933807791262286 -0.098120472233189 0.00954711897858199 -0.0193809549789605
0.0933604620572992 -0.0999697113336498 -0.0169500285133794 0.0358973117449222
0.101658190186045 -0.0149042123129642 -0.100252560390646 0.0355800072793097
0.0746655897751043 0.0555911240744514 -0.269503875015406 -0.038071069587042
-0.000970171919546434 0.101485046121288 -0.264071123002373 -0.30617174669927
-0.0358448238867571 0.0694288601093134 -0.00502984314078219 -0.531977603456977
-0.0263752351744838 0.040593414363117 0.325377971801192 -0.345766533945821
-0.0614342358373143 0.0236945707304363 0.106014084177011 -0.0443926022977052
-0.051349311493444 -0.0748417718276637 -0.0624977595442485 0.134054878756474
-0.13599229781812 -0.0959359950509228 -0.278439227170146 0.255093877644325
-0.187817492315065 0.0750673004493188 -0.129504092684864 0.423189216035076
-0.034309032119928 0.192462416288535 0.141734930508003 0.39503954833464
0.123721474634636 0.108320180612573 0.260925778497509 0.176952925433417
0.132953136675828 -0.0153794320432573 0.194572580227991 -0.00969827337507055
0.111151098760465 -0.0739833185432638 0.0883336057272037 -0.0795682120622512
0.0774034918155055 -0.0895335596359651 0.0378226889183288 -0.0638212831525747
0.0728325528260577 -0.0896083461816943 0.00414575531593449 0.00510205977797452
0.0736311812688182 -0.0241717698582914 -0.0989465818451931 0.0188461215503642
0.05665147066604 0.0168090354492027 -0.282336876350858 -0.0731651317114945
0.0358266085482951 0.0496336972990667 -0.234056661212485 -0.387138139079406
0.0313754142510996 0.0733524645592322 0.109196874624206 -0.582630809706496
0.00259286409366811 0.0888760785070561 0.437409287863752 -0.307274293977196
-0.0615149557205499 0.0605245999415345 0.15274259840166 -0.0254604505930545
-0.0351850031418787 -0.0271653139223797 0.000109245977775826 0.169407111018998
-0.0750499613586911 -0.0431587220345489 -0.178457485756512 0.264840156465078
-0.102748675790719 0.0587029696649371 -0.0745360928243942 0.404774034262129
-0.00457537028365031 0.116794503001147 0.177286984349869 0.386611488385126
0.0825312646751991 0.0673384981146559 0.305289165539122 0.163101387413536
0.0889765134806906 -0.0105871786547006 0.231509713011725 -0.0415072757803089
0.0752891366360251 -0.0504307436413071 0.120573128223245 -0.12123624087676
0.0509941529058859 -0.0652671995228473 0.0617384428485134 -0.0995413133523992
0.0509239703988613 -0.0689610767326675 0.017657808237909 -0.0220907301701087
0.0540479113223793 -0.0317725926540657 -0.10232877423777 -0.00853614061106302
0.0609745843161863 -0.00979935420109746 -0.277835225669056 -0.130888317341826
0.073488833835668 0.0403911794443629 -0.157459753226 -0.457844079938668
0.0505934817000333 0.10471490860733 0.249811306017412 -0.581664238326482
-0.0152656636130167 0.11070001659409 0.524889706969084 -0.236440497154015
-0.0648768314449468 0.0631449220150878 0.190597826663642 -0.0149823904767998
0.035985072477985 -0.0403183822702471 -0.204287962262244 0.00284441528858232
0.0356919066272109 -0.10364463022344 -0.610485393043902 0.175359332684113
-0.085162274517922 -0.1055689693508 -0.33521051766166 0.617705351962468
-0.131559025646662 -0.0263379099441743 0.161671968019162 0.559215940337851
-0.0758091661841058 0.0691830098814125 0.315309286022205 0.160758514641369
-0.0284484745466811 0.0646640204633024 0.12019425569327 -0.0210227223167417
-0.0114146101311483 0.0522223504344786 -0.0196581583920546 0.0165588751682587
-0.00504553125108861 0.0400572620049018 -0.0580361227313605 0.108805205868271
-0.00879983190174989 0.026686367308291 -0.107726030599493 0.147184309788956
-0.0240576338004405 0.0221338428187294 -0.22259684790471 0.0735441722483656
-0.0192027743018676 0.00417925959837966 -0.342184400725425 -0.0907635128791225
-0.00271352874529877 -0.00906248777952827 -0.253824609409073 -0.319952690897027
0.00328416887080801 0.0205663937952296 -0.0258150149048227 -0.417295952193172
-0.00382006807931244 0.0243341341549669 0.0983259418396642 -0.313896552651792
0.00367516936416023 -0.00893039335408413 -0.0620791483998432 -0.215841128734009
0.0352743426106159 -0.00636302170072648 -0.218831233266656 -0.0198988224715235
0.0667823390029999 -0.074197952337757 -0.647883374956519 0.121597017979488
-0.0602522163423251 -0.104752824000189 -0.407659324345413 0.578660186077128
-0.127933810997855 -0.027658318241518 0.0919232120697922 0.560313861287173
-0.0667415086883013 0.0707235792196087 0.272150097343161 0.191175935677271
-0.00677156299985861 0.0517104606999268 0.106495432308485 0.0093027681457631
0.012680389420601 0.013482249634633 -0.0245312808627343 0.0377218407195027
0.0206107496055877 -0.00396184939088903 -0.0578844907587621 0.114949427289216
0.0280671697703323 -0.0222797051826756 -0.102209312386625 0.158083591586715
0.0406729275025836 -0.00182033639708897 -0.212914928046226 0.0875067986874539
0.056250257591667 0.0274197553468559 -0.340409900117035 -0.0643058774209083
0.0265191616112664 0.0871374128776884 -0.271287831229787 -0.292233688415453
-0.0522907490934308 0.0965452905062092 -0.0628227818028438 -0.408949623306531
-0.0859906901389466 0.015751481781509 0.0717107554587454 -0.308762087910526
-0.0409735207340329 -0.0512717695459545 -0.0780082400019745 -0.188650625242179
0.0269697349375199 -0.00141677476709364 -0.223291386823333 -0.0388521638017756
0.059967991625348 -0.075424206853772 -0.649667349057322 0.108228867396042
-0.0772383502642999 -0.0848889053538721 -0.406591130383768 0.551284122798694
-0.121448298281624 0.0122386705957404 0.0695756967769354 0.524756710531691
-0.030881213923096 0.0838137379413488 0.232568951556845 0.189219519597621
0.0301283026646415 0.0326355305214475 0.0914820199202462 0.0245468057581538
0.0427632396308664 -0.0263985130006722 -0.0234519233018652 0.0464721074203429
0.0471065823562863 -0.0460831462657607 -0.0506457040119176 0.102990621782094
0.0594834019068748 -0.0652863950723662 -0.0861959325613856 0.145454974828364
0.0923399374704547 -0.02033165768976 -0.187270217012315 0.0849595238185871
0.112474736879231 0.0478821047401159 -0.31964930807171 -0.0389380977862963
0.0468167093711759 0.158727912898234 -0.280654781387106 -0.261263998359278
-0.0894575629115018 0.147969516864424 -0.0934971068976885 -0.411151432963463
-0.132609207550977 0.0144682185542408 0.0802885279644215 -0.323077383945956
-0.0733700469347693 -0.0692235675190863 -0.0557276099135557 -0.151343938455829
0.00775000151709234 -0.0288181076912148 -0.2122790133058 -0.0305973277258289
0.00391221527353092 -0.108256793869596 -0.607197941338906 0.136872643945031
-0.138291153103999 -0.0488133332978147 -0.3449163907811 0.52627704787987
-0.116982572017203 0.089553481896987 0.0816123254381126 0.473048609365712
0.0265229504023295 0.107177658313744 0.206296076349608 0.176869485054045
0.07695742001723 0.0112603369170137 0.0895891523470232 0.0286664166576399
0.0747121206079601 -0.0622251005212755 -0.0124897012954105 0.03853512276715
0.068267535989365 -0.0785222642701013 -0.035378412132054 0.0730230243161256
0.0791406672162618 -0.0945753391873022 -0.0623479525922568 0.113801160887233
0.120040797553114 -0.0272329863392418 -0.151414032483999 0.0719403485946208
0.131957436642951 0.0633180003899361 -0.292940852473609 -0.0188163814511673
0.0406527146682449 0.186619422620228 -0.287961782844099 -0.242052220382942
-0.102403439451301 0.150318127560723 -0.112233682046147 -0.432323562892753
-0.127782291494537 0.0133155907169963 0.12701313056227 -0.350059486263941
-0.081445084722477 -0.0549523598403313 -0.00702649127850481 -0.112399187684455
-0.0236807124957517 -0.0659334118962333 -0.17897262794063 0.014182644662986
-0.0841181145249016 -0.131427146894472 -0.511386604801672 0.197151655748657
-0.202443424933148 0.0142426061826666 -0.25205999559258 0.493648760060332
-0.0925700990465741 0.175092007963444 0.106003914921603 0.422160275439187
0.0926294773322939 0.124320307792575 0.204523038957988 0.167026058015715
0.12090262622559 -0.0104273762201586 0.109733236975066 0.0223663857173918
0.101186437785752 -0.0907729011361025 0.0104238078450735 0.0122856202944683
0.0792067300913336 -0.100636763585605 -0.0147847900501991 0.0303389404028372
0.0817000387060753 -0.109658703647443 -0.0358153620764767 0.0761716965597064
0.11738870889349 -0.0278886190695028 -0.119686925610697 0.060019832894382
0.11248503629312 0.062706466161591 -0.278610238308775 -0.00409496186970701
0.0218201168286237 0.158224367584126 -0.301877212327012 -0.24775364369691
-0.0757576494159333 0.113834872977601 -0.107847928193354 -0.483257069393157
-0.0773050547321038 0.0229088663854553 0.20319378332644 -0.381216123233701
-0.0734724738802833 -0.0124841745130654 0.053308183702979 -0.0788389022309951
-0.0526765834756619 -0.0807963709626155 -0.120340891879636 0.0782562371806113
-0.146228271335358 -0.113651713482848 -0.381633068706952 0.247851434911538
-0.216923714326811 0.0780094443665084 -0.164033027268981 0.453571994352486
-0.0447903728073417 0.219933609272215 0.134049725998978 0.387135868097854
0.138924219949377 0.117107398124506 0.229451847186099 0.164927785651776
0.141425653159348 -0.027919875289013 0.147895631622032 0.00617948519963418
0.110130773178962 -0.101780896949298 0.0417001485586667 -0.0284331333543288
0.0771312815500714 -0.107299419642477 0.00749030250827477 -0.0189049444675277
0.0726299403488978 -0.10948611019597 -0.0137151604661718 0.0384662808573864
0.0935991440441247 -0.029586463243813 -0.104215507978916 0.0483347993274154
0.0770903156858159 0.0387897593665468 -0.28561690038488 -0.0083663471260919
0.0203246418642906 0.092481095957451 -0.310148334176911 -0.295404326291988
-0.0109270497659646 0.0741199150718196 -0.0587837636956077 -0.556729413477162
-0.0122205323790047 0.0563221183057346 0.311224548820748 -0.393368800976653
-0.0609210969155939 0.0397768607461216 0.113008547808449 -0.0563098497764974
-0.0605758178262362 -0.0612308900550978 -0.0478022665684369 0.135054791773642
-0.142475760403357 -0.0679461135122831 -0.253675173847436 0.272706783037787
-0.167960662572089 0.105144323526513 -0.0935939503549054 0.420806564221616
0.00240730176937569 0.196000136977786 0.167994231930087 0.373096551523093
0.142296948351121 0.0879701455527309 0.273064403055219 0.157603501524197
0.129525499606915 -0.0348191370723676 0.190760430236919 -0.0227854324391992
0.0979817489487707 -0.0923754421743191 0.0743802885403008 -0.0795863811009802
0.0632365875628169 -0.0975827846092804 0.0289172639357113 -0.0669707228262833
0.0548246049853519 -0.0974337510885081 0.00190349511573895 0.0057445114105712
0.0665168351864625 -0.0356580315483264 -0.105983726721506 0.0305473942224373
0.0574396393894038 0.00224785392478893 -0.304342959345997 -0.0456539273818596
0.0537687108760507 0.0386410284016165 -0.286513195670515 -0.383062146210177
0.0565646137334642 0.0753062050010987 0.0545953109856987 -0.621622221564348
0.0195783202319619 0.105352341287455 0.433599207165822 -0.367559873293807
-0.0588872506929099 0.0786041466972539 0.165126054418443 -0.043489592953165
-0.0368917891054595 -0.018780829850407 0.0162209819663863 0.166479636085787
-0.075375498588084 -0.025934081819252 -0.154708109567014 0.276696132055322
-0.0873485316438976 0.076694169318938 -0.0382917868888518 0.403642478794892
0.0206603620454208 0.118174166435318 0.208062128997806 0.363595675252815
0.0973728134368816 0.0530095226988387 0.318505273049976 0.136003198233595
0.0878104648207149 -0.0258683776453495 0.223113490817681 -0.0597516300470722
0.0670048692944169 -0.0645451645043231 0.10083559275791 -0.127836790219996
0.0404156288978534 -0.0715266577440738 0.0466151431174763 -0.105619276262517
0.0376899086895367 -0.0753469856346281 0.0107385477764076 -0.0230086464038729
0.0487794990726373 -0.0407327395265472 -0.11365902945151 0.00204483069951653
0.0610749106036704 -0.0228774588650425 -0.305191979176693 -0.107913751892732
0.0907484861090071 0.0302725399738103 -0.212543464400068 -0.466110874163724
0.0771587076980997 0.109115157466116 0.201811109967797 -0.634459745511855
-0.00122895642237599 0.129522132787097 0.533858536322927 -0.300493338707039
-0.0633730778282254 0.0787729938159589 0.205546039068749 -0.0372739053241179
0.0334641155101346 -0.0435990283056305 -0.207235251046749 0.0217351300320332
0.0292163557355536 -0.108416607455249 -0.6036096968126 0.218664886642004
-0.0924934511049885 -0.101102866416647 -0.295822270947092 0.642748676593424
-0.135973606421384 -0.0175753476108734 0.20414993659745 0.55082995982936
-0.069592746046615 0.0762069402759501 0.332001354138063 0.138527229386311
-0.0229419415630521 0.0680940371202383 0.124585834325837 -0.0285166125068557
-0.00659459930051941 0.0541339753936672 -0.0132933954620317 0.01693946945838
-0.00129644254110768 0.0415835341258793 -0.0438754030573089 0.110067050950967
-0.00666638314985858 0.0287745364119914 -0.0896073484021458 0.152281135527153
-0.02192666609702 0.0249199430112557 -0.212502798921966 0.0894207364360147
-0.0192759295635456 0.00622674491489128 -0.346242649214452 -0.0624006698959385
-0.00608546788107743 -0.00756351477390436 -0.277412851292481 -0.29818881939423
0.00422397623690308 0.0203808936250317 -0.0590581461540715 -0.413968609803748
-0.00120103340126806 0.0222394545692188 0.0746483434832132 -0.318684737776649
0.00417437000071014 -0.0115152744769532 -0.0798981005106965 -0.210291384177631
0.0349769945061616 -0.00614922537875852 -0.223132093203649 -0.00163651264156383
0.0649840371316458 -0.077745987719368 -0.644361574362098 0.165605709434295
-0.0638933917255222 -0.10150536428265 -0.372420406773506 0.609206112487
-0.129915193016102 -0.022879108705618 0.134795505751105 0.556614610593683
-0.0628895561485871 0.0744302991334207 0.291649911484004 0.171689312056957
-0.00536725450515766 0.0523669923827082 0.113563320146654 0.00266444653656205
0.0117134151288351 0.013983158316991 -0.0157196161130041 0.0384338015832845
0.018177293762366 -0.00408536578089369 -0.0437757154084099 0.116994338809041
0.0240004506982982 -0.0219526321089463 -0.0836372838017935 0.162842534885341
0.0390711319961415 -0.00388556626186062 -0.201127112793574 0.102436355681857
0.0564627297640077 0.0233804258538727 -0.341395667338734 -0.0358310355552905
0.031252150783199 0.0850396804993818 -0.292188159253579 -0.270197823550461
-0.0449248946395191 0.099452677048965 -0.0952038312180729 -0.404225176394355
-0.082485309710976 0.0201569664763037 0.0481416068660201 -0.312912052608312
-0.0439557624408382 -0.0481309333288751 -0.0939833821763123 -0.181537273292401
0.0267993977398771 0.00181928967983823 -0.229180075109194 -0.0214522692646511
0.0596985012093951 -0.0767126137379308 -0.64846266843107 0.151659210877843
-0.0767418561534793 -0.0810411420847999 -0.372479237480201 0.582829452025925
-0.118400162344786 0.0137991098579104 0.109481761664762 0.520296229380361
-0.0272642218357513 0.0819721705373064 0.250744689570287 0.17202676249026
0.0278854771986223 0.0296771665956385 0.0975075919457379 0.0189121574496909
0.0363164634231025 -0.0281584674717413 -0.015131230326089 0.0473851314085617
0.0393487718675678 -0.0477559199730726 -0.0382732052653981 0.105052007006025
0.0503680594686003 -0.066853476883589 -0.0689014776315517 0.14846176728174
0.0885455017996023 -0.0259658041620184 -0.17678856968665 0.0971168890670656
0.113369567285086 0.0388022560914271 -0.319912780794877 -0.0126327459167959
0.0572225899165111 0.15367705535186 -0.298645201445987 -0.238917929732523
-0.0766637038921655 0.153112082991706 -0.125974162025555 -0.404963673610958
-0.128143995978524 0.0225594806443225 0.0566969523075958 -0.327486558666783
-0.0778059821576937 -0.0610721809519488 -0.0677808710271585 -0.146235744874219
0.00511011457096385 -0.023708462743388 -0.218464166140573 -0.0158239756442258
0.00179316159830576 -0.104863560114457 -0.604225406122949 0.180305222255152
-0.134616874657766 -0.0397292121049074 -0.310716325544512 0.554181042712267
-0.107710811437624 0.0909315881993359 0.11798589460479 0.467294828841409
0.0325892400011562 0.100323003549233 0.22198848955585 0.159163151355707
0.072580497808887 0.00363128493989979 0.0934452306081335 0.0224278644840207
0.0643207147470833 -0.0674166936145775 -0.00656418713857934 0.0387808166579232
0.0571344740292703 -0.081946094717103 -0.0274228107309344 0.0750934666679698
0.0662680018737721 -0.0969586584331567 -0.0486841929478609 0.116038503317561
0.113719988982314 -0.035114398834927 -0.143760112974595 0.0820648774678474
0.132438103537937 0.0523345296353978 -0.291264616099993 0.00526102064526169
0.0533932752793601 0.179727102340997 -0.305615222227893 -0.21915865815467
-0.0876638702320087 0.154842071979769 -0.14749836940117 -0.425937834400786
-0.121635865650823 0.0221361988630687 0.102505927460157 -0.358209287124361
-0.0845980205723781 -0.0436650933157904 -0.014208757787674 -0.111586167126193
-0.0296519442687631 -0.0591182110509421 -0.1811739098635 0.0259269132025431
-0.0886445624813593 -0.121746815599019 -0.50100522016537 0.233402719147447
-0.194242301155437 0.0283452508826609 -0.216440578390307 0.512930592485213
-0.0763988253490915 0.175012639651644 0.138412163505585 0.41024342444001
0.0998833201028466 0.111758870491572 0.217926828032542 0.149349824467513
0.114513953819128 -0.021720150142017 0.110601898122357 0.0142180871722294
0.0876287453237982 -0.0975611677389879 0.0119174518225551 0.0112138889689647
0.0653353258842444 -0.105106425518855 -0.0121791776595409 0.0316356873808245
0.0674562550108133 -0.111842580159046 -0.0275073522538462 0.0774484491710871
0.109911709892279 -0.0359488194057687 -0.114474317769249 0.0687205340615117
0.111081244668717 0.0524062161207823 -0.277195056994987 0.0205650924847521
0.032904846684213 0.150150953679551 -0.320331806994466 -0.224446675793824
-0.0614964119194046 0.114827445510064 -0.146925796290359 -0.476160487903883
-0.0692115486533837 0.0287634525156288 0.177459585039897 -0.395383013087147
-0.0739636329328796 -0.000210891772897037 0.0493820705505182 -0.0840208501979582
-0.0600980703565568 -0.07216030989299 -0.116489044599225 0.0853043222996271
-0.150565338833702 -0.100552897779529 -0.36579889325414 0.274229258718297
-0.205062190529532 0.0935220762711204 -0.130357569210214 0.463724878956804
-0.0256863519344867 0.217401965364513 0.16383245131941 0.373496186001631
0.146333750333943 0.101882271717786 0.240461113642491 0.144173550085629
0.135139504039885 -0.0400969976793807 0.145089843258909 -0.00571001702127998
0.0971623626622044 -0.110228942746951 0.0374593127105139 -0.031663917460731
0.062821131007095 -0.111794218016407 0.00436195568630467 -0.0176957759029461
0.0573014516829035 -0.112221180440411 -0.0105616815677178 0.0394718884056921
0.0853296569187462 -0.036318823294037 -0.102759825996111 0.0564600091279579
0.0741359327908319 0.029740814611457 -0.286806702316561 0.0155943489233967
0.0284949054151481 0.0842364761741488 -0.334487141466965 -0.274894909411872
0.00280578519314919 0.0715435441537015 -0.100685466040313 -0.556642217411227
-0.00180721578598952 0.0595590867533352 0.286880145149649 -0.416302582554849
-0.0584946683757619 0.0532054189149328 0.111868275363191 -0.0670642879725147
-0.0661279042180434 -0.0537535161540864 -0.0387724989938823 0.137292896154568
-0.14484381414094 -0.0554661633139884 -0.23561145462869 0.290643636024159
-0.156767866514632 0.117718951028273 -0.0607850265735077 0.427433514860375
0.0195226818490855 0.192809955678813 0.196094750881519 0.353394247593287
0.148270576167804 0.0742970238621201 0.283234190516741 0.132855355569498
0.124109979984642 -0.0457609200567331 0.184671342122537 -0.0377197848159487
0.0870024773967365 -0.100505544781922 0.0637231420012855 -0.0844148704682663
0.0509895235252264 -0.100892560668713 0.0197968999312124 -0.0668166625661284
0.0421258906913437 -0.0996839401577755 -0.000545972458935962 0.00624158387050465
0.058904987463668 -0.0415608843365342 -0.10858600515524 0.0394606698804022
0.0535921809974668 -0.00636826980970926 -0.310406130759112 -0.0221044880633512
0.0587321323312224 0.0288687759950053 -0.316840857260189 -0.364477726789338
0.0704347311525246 0.0700209880509354 0.010210077685989 -0.630076921492474
0.0314599646045729 0.106799177314942 0.412644801825944 -0.398536987641404
-0.0539228233272388 0.0900753916479044 0.16553954606208 -0.0599448571935662
-0.0398617857429447 -0.0140145784112818 0.0284506460051644 0.162828949536614
-0.076223697659708 -0.019457648705298 -0.136174508477274 0.287125593431389
-0.0795145477077358 0.0838577011980706 -0.00832825445709031 0.404084762221121
0.0315567156714131 0.114726250147518 0.234184268872629 0.342733929238103
0.102582743130917 0.0434588754634443 0.325632314682328 0.108231781901138
0.0840043903813442 -0.0328078786897138 0.21353911121701 -0.0764366248592272
0.0598324657133727 -0.0701273529618893 0.0845562002356909 -0.134341136087625
0.0325100743257093 -0.0738329233593502 0.032977952659474 -0.107023423851976
0.0281655459711058 -0.0779498927381911 0.00416706287198295 -0.021983958015444
0.0428550018854176 -0.0461363402664224 -0.119794521568188 0.0114021698537359
0.0580838307988541 -0.0307151549859549 -0.316637522076416 -0.0856517620272775
0.0962749577169224 0.0210082046940674 -0.247842223812544 -0.456142871747128
0.0910534116173789 0.104839154449263 0.158706651890896 -0.654360413104592
0.00938697418619587 0.131472156592604 0.518557962930444 -0.337348000245713
-0.0589215071453691 0.0886358298615967 0.207402042731466 -0.0567586229257554
0.028384041965351 -0.0459273597773733 -0.200529392067214 0.0410752396961296
0.020602160137335 -0.109434426423232 -0.57135862948352 0.256413391389261
-0.0977227899677953 -0.0924035221015839 -0.246129299442453 0.649691952765277
-0.135705092197659 -0.00712285002129442 0.241331757677935 0.521587435118895
-0.0607223207696145 0.0798607578259651 0.336713302947908 0.108948578734109
-0.0159406999681285 0.0693762833989596 0.125152009605079 -0.037012385725932
-0.000832783822411177 0.0541695098773249 -0.00720411199630492 0.0156541096003591
0.00313459085315771 0.041460107784061 -0.0289187825175677 0.106152045694719
-0.00410566508041734 0.0299195849502055 -0.0685154797002709 0.15131080989598
-0.0189305267488683 0.0271454077469127 -0.194561071590571 0.102374515413977
-0.0185841276558001 0.00832708109841866 -0.336535636496553 -0.0304284978257554
-0.00901986562809366 -0.00542685956292612 -0.288605761293982 -0.264409841422724
0.00507704990188389 0.0202882632570588 -0.0902676808110444 -0.395685805333341
0.000469004351902698 0.0187687189536639 0.0473045225709388 -0.312170332295998
0.00385113853462649 -0.0136630442277543 -0.0957423610941508 -0.196456054760945
0.0333680257031722 -0.0059744928426579 -0.219373382493224 0.0184865993324029
0.0606192325896668 -0.0796568769682681 -0.616073392239738 0.208301033905929
-0.0662722340819081 -0.0954652275450375 -0.323509529947452 0.620421840782648
-0.127767250473597 -0.0162928444904827 0.172626673872343 0.531954231944934
-0.0560661602792249 0.0747794690537517 0.299427849598495 0.143335939256255
-0.00265581624346758 0.0517505843596433 0.115551747025088 -0.00618890040906184
0.0098193321246791 0.0148180708510678 -0.00713318275187117 0.0370196491849808
0.0163218175793151 -0.00342348232610002 -0.028262837813436 0.113167345826931
0.0199355518722903 -0.0204872133442947 -0.0611596819645584 0.160113183958451
0.0368634400356385 -0.0050143352091473 -0.183187047635221 0.113213596212296
0.0550875217782772 0.0186557321501884 -0.329921041048354 -0.00510625956755678
0.0348118062198669 0.080522049541511 -0.301837590258565 -0.237416887623433
-0.0356009648538707 0.0988882465582375 -0.124483641520603 -0.382575285909927
-0.0772707510426831 0.0238476773968832 0.023186572835895 -0.304630989731048
-0.0456256137612222 -0.0433046722235989 -0.106291471149698 -0.167156433057891
0.0259674646274902 0.00440434056467846 -0.227361506633017 -0.00207944610928557
0.0569316285550865 -0.076261385588404 -0.622752603848179 0.194800186148504
-0.0740944755919297 -0.0739516397598247 -0.32182659079761 0.59553875746235
-0.112682769145842 0.0160331976731022 0.145940382911875 0.499239079022104
-0.0221056428104419 0.0776060830419037 0.25898926876749 0.145961996536866
0.0252893417760648 0.0260729433688665 0.100421063196801 0.0106980381911166
0.0283491591094727 -0.0286738975695075 -0.00703936672373432 0.0451118764816382
0.0309251382358226 -0.0469441870383579 -0.0249102515363348 0.102662125203655
0.0403429711481097 -0.06522284085984 -0.0486227977094783 0.1454933414972
0.0810848356912079 -0.0304171739445409 -0.159822861912754 0.106834549597702
0.110145405619249 0.0287098842223593 -0.307153120455666 0.0147737584501498
0.0657682266774644 0.14313540739394 -0.306125655035066 -0.207413901024261
-0.0613815227180996 0.151741868877797 -0.155120316827963 -0.381921496394496
-0.119604702393909 0.0300829351373146 0.0309549997749384 -0.31979517844463
-0.0790797019226808 -0.0504512301586137 -0.0771474281607741 -0.135243872332062
0.00302234511541365 -0.0179918398359922 -0.216717287509373 0.00163591410407934
-0.000840443333735577 -0.0985913508338927 -0.577220671172461 0.219655196141726
-0.125841292162606 -0.0301557780843387 -0.262794513409507 0.562501658415881
-0.0951903216594571 0.0889730809059906 0.150697248166918 0.442757322511679
0.0361974331358587 0.0889908362382115 0.229048996945422 0.135023386848546
0.0653689855111794 -0.00292918507256866 0.0937977915749068 0.0138580542700269
0.051069377997598 -0.068962383294609 -0.00149752793221879 0.0368465308682327
0.0441150699149198 -0.0811090179227147 -0.0178905015082533 0.0735124767266307
0.0519570741420911 -0.0950766826396849 -0.033569952809585 0.113349715443783
0.103534206434294 -0.0410082108094576 -0.130180512984191 0.0900798162283265
0.127448692910537 0.040019100217784 -0.278351326290262 0.030291813892117
0.0636814135056969 0.166227746180349 -0.312617676246162 -0.187793044188623
-0.0698943103546013 0.153405156576584 -0.178182252350734 -0.400854749084782
-0.111483477130294 0.0296082654744523 0.0733812063954926 -0.354758933269691
-0.0840687265827686 -0.0304603874263677 -0.022368178788541 -0.107087588509878
-0.0333041164224534 -0.0499299289991266 -0.176880195923106 0.0382258824162873
-0.0902823045248488 -0.108967395917681 -0.473417560731406 0.26286725639478
-0.179396179491774 0.040419351107267 -0.172426262355186 0.513460381214971
-0.0587503886258321 0.169236126393233 0.166631904531232 0.383614802593307
0.102697876738309 0.0955053254133074 0.222465372773904 0.124633303405857
0.104003363461532 -0.031085014081637 0.107579843094642 0.00445602525012848
0.0711511513989535 -0.100718889494874 0.0119414132554645 0.009954029434746
0.0494906836883413 -0.104630513338282 -0.00863662154331604 0.0320087022771605
0.0503369034446122 -0.109311038117626 -0.0175220452536352 0.075408260123609
0.0983861554804736 -0.0412025875924466 -0.105265408241144 0.0754556020524081
0.106154456095008 0.0406509795815711 -0.264274812576806 0.0434720254171257
0.0419113663782132 0.137427899182993 -0.329367526442791 -0.192329478392438
-0.0449958792339197 0.111151791265644 -0.183395639175642 -0.451375737250501
-0.0587181771614628 0.0337632154905081 0.145939779254462 -0.397211816356206
-0.0700340411797389 0.0130131546447978 0.0423858913799814 -0.0859224786920811
-0.0646237191667015 -0.0608659150156044 -0.108299195417042 0.0903769754959821
-0.150693583108626 -0.0838230302586918 -0.337473822755929 0.293956156698269
-0.186308446283706 0.105423882352609 -0.0899847491697486 0.4590249849787
-0.00697601697547838 0.207190120957927 0.18678401017828 0.343905351147775
0.147598484777386 0.0833920679603398 0.242586961446667 0.117429757382053
0.123465462089075 -0.0508970663014346 0.137179315873386 -0.017357423258572
0.0797621793837178 -0.113770721998643 0.0309585694740525 -0.0332766886285347
0.0470196586621268 -0.111666897566177 0.00108843461048501 -0.0160175220638749
0.0405379021643399 -0.109215760238425 -0.00746961361618605 0.0394503811289203
0.0739262991923441 -0.0403491127664523 -0.0963299148504899 0.0641202898260656
0.0687558602569631 0.0200489083105081 -0.277659362839779 0.0397832989842245
0.0341494204870626 0.0725460680230017 -0.348202499471201 -0.241239354675651
0.0154038240918675 0.0647893353494427 -0.142715220425042 -0.534201866110989
0.0092029546616331 0.0594913616659716 0.25056345794539 -0.426189988989986
-0.0515187135584725 0.0644555419185273 0.105725302709039 -0.0759295624068243
-0.069804853866054 -0.0428678846693073 -0.0276397032338562 0.133988391514993
-0.142386610244664 -0.0411172451078079 -0.207233663536818 0.297929284567261
-0.139614438959706 0.12568745479654 -0.026084576411134 0.41647082615148
0.0353233228838811 0.182327551100483 0.21624791302384 0.32089381673261
0.148577268814786 0.0569497261062479 0.282539836997614 0.103880987058429
0.113600835686572 -0.0550581796468894 0.171489491660028 -0.0499885398665298
0.0721518279465964 -0.104447776425577 0.0499330995315313 -0.0854213889230573
0.0372611908295066 -0.101071119646919 0.00980400085580888 -0.0638142693596916
0.0278241668662898 -0.0970536466639156 -0.00173681116464938 0.00747251036733896
0.0483905528348458 -0.0448001680795297 -0.105505056736003 0.0483614405725704
0.0473122634338047 -0.0133835254630836 -0.305033151456911 0.00363372013012031
0.0612206795786477 0.0183949784590086 -0.338063827284671 -0.33496774101299
0.0815533547628695 0.0603079953497981 -0.0395127457952378 -0.615535692057397
0.0428194864708413 0.103560100084205 0.375109034506803 -0.416103337030267
-0.0448004751159866 0.0991246798377099 0.15922054158882 -0.074440903685423
-0.0411793783776376 -0.0080283662883896 0.0406475961651823 0.153877414697147
-0.073994834161974 -0.0122770746574066 -0.110886264411978 0.286906284320689
-0.0680851698896213 0.0874295357730474 0.0243671800291216 0.3892310164426
0.0413471343702369 0.106773960600261 0.252016233440959 0.308251671749899
0.103625603140618 0.0323185149301511 0.320572064303664 0.0760744982456909
0.0776276918778588 -0.0389034970960338 0.196468035572947 -0.0895950894621672
0.0497714417556023 -0.0738834784987182 0.0645466629623284 -0.134758534000017
0.0239149721070843 -0.0737024712726254 0.0182738015988459 -0.103213829749328
0.0178748713224232 -0.0761999566400956 -0.00180385422985407 -0.0192138029209245
0.0348183380113149 -0.0483686169844062 -0.121079146375256 0.0219300161205737
0.0528010962699498 -0.0373725931720862 -0.317816706580843 -0.0595593129255024
0.0977532180831 0.0102504365499424 -0.277458481227052 -0.428315931378843
0.101778823541275 0.094964600495206 0.10789209990804 -0.650774118409322
0.0204915627755436 0.128862625674567 0.484364540629597 -0.365030045773454
-0.051161639009682 0.09568197051038 0.200317836818155 -0.0770000608096906
0.0235596761224647 -0.0460842311735199 -0.189175759628664 0.0540300196339705
0.013713566989606 -0.106638638835569 -0.531988214403768 0.272011681587062
-0.0977144464581477 -0.083459659535425 -0.204240251739921 0.631968064931031
-0.13166776543528 0.000462745223009722 0.257354443322614 0.486379296061406
-0.0524433209281489 0.0785770935818792 0.328388466443935 0.0849494308329732
-0.00998891386284402 0.0675914527361691 0.122479529802576 -0.0436609520896913
0.00336567300081578 0.0519371726154577 -0.00199425546228986 0.0126060260132665
0.00654789260875112 0.0395484081477751 -0.0170518852426048 0.0978180402488274
-0.00173742827259797 0.0296875173382164 -0.0504008251116451 0.142972132492402
-0.0160296475319749 0.0279752767660427 -0.174140303011239 0.106274266921178
-0.0173533628218484 0.00951497940497107 -0.318463229156513 -0.00897735398190638
-0.0106216230871906 -0.00258674267371705 -0.286957989615404 -0.232384184150141
0.00551125128927098 0.0191398538401769 -0.108031039581996 -0.366810660079913
0.000988258772157377 0.0152550141782191 0.028299431233488 -0.296011718310959
0.00336720611290716 -0.0160768598793417 -0.10465502806858 -0.178732429935807
0.0302977045264768 -0.00552294781339486 -0.209093594591354 0.0323343090696195
0.0554040068431513 -0.078985625774819 -0.577982433369152 0.227842375573456
-0.0644590843205954 -0.08877033268707 -0.280602000067005 0.608253227039804
-0.123040444152926 -0.0129761692675654 0.191150903675002 0.498445553567395
-0.0500879033368378 0.0715370131882772 0.294316796872795 0.119677806364121
-0.00128155820607703 0.0498504507578762 0.114926139103727 -0.0131230088526072
0.00937980990686658 0.0149221233731238 -0.00115164568269233 0.0323103922768192
0.0138928216532942 -0.00239817212085832 -0.0164321169548301 0.105378491445225
0.0165369347390122 -0.0182956410887333 -0.0426974328545031 0.150719272068684
0.0339577581422123 -0.00575601872878694 -0.162502482211559 0.115695259156064
0.0521499643410687 0.0149679568937341 -0.309670141849284 0.0140890773779316
0.0358199762121089 0.0752941905505828 -0.297340092401813 -0.206002857717422
-0.027650787680979 0.0952735036138031 -0.140344736333604 -0.353279431167708
-0.0711294375998042 0.0244927602674199 0.00600811260864846 -0.287398073553087
-0.044901718196354 -0.038826951471789 -0.111621700908729 -0.150560717000566
0.0244590110433434 0.00727632708595383 -0.219341646317251 0.0126555304075209
0.0539693815621117 -0.0733889295964183 -0.58545238056763 0.216560269697632
-0.0675627562723706 -0.0688196266047253 -0.28059397856531 0.582394868619956
-0.10522858232927 0.0145348391071549 0.164692475177929 0.466107074385826
-0.0194605502189963 0.0706773514188389 0.255392712095084 0.123199856991865
0.0214766737130979 0.0231100787553516 0.0994137765115775 0.0041849509927595
0.0209527427455912 -0.026354132802982 -0.00143731683240811 0.0415441335416064
0.0240628623863851 -0.0436876141740462 -0.0144590306206846 0.0956185972882272
0.0315460225926872 -0.0602480265775882 -0.0323006446034214 0.135809010910969
0.0732923121277612 -0.0313502257537991 -0.1419193179005 0.1078937168431
0.103350823010859 0.0211518306989086 -0.286345388588213 0.0322152858892309
0.0684150002988152 0.130707839685957 -0.300372908940881 -0.17826963118788
-0.0482950141662135 0.14529876996076 -0.169778872950796 -0.350567726444821
-0.110016041579715 0.0333784150152193 0.0127882696501294 -0.302708794923729
-0.0764302841261265 -0.0408564265810408 -0.0819339542383256 -0.122097024340151
0.00114748963009799 -0.0115427576854695 -0.208041324753285 0.0142665158906684
-0.00127841458220502 -0.0911491635425361 -0.540571344526489 0.237929532374145
-0.113301180306902 -0.0241428201110374 -0.222277086070092 0.547482651364502
-0.0840086284668051 0.0820236297196811 0.166941529673818 0.410327604084637
0.0355423087624305 0.077453057632985 0.224709920442355 0.112745965423874
0.0563125347487054 -0.00701319963300762 0.091096391621747 0.00726414070641837
0.0387413995865966 -0.0660591139883632 0.0018279703147832 0.0335627256501744
0.0331426133728918 -0.0770197037766037 -0.0108975923145121 0.0695033286753424
0.0396768767813278 -0.0886409795562864 -0.0208722006282589 0.105438076943673
0.0924070321955381 -0.0424042208142026 -0.115712893100201 0.0909074989866381
0.119388624666105 0.0308177230981454 -0.258814271160384 0.0453125543782696
0.067617900967608 0.150984821176785 -0.305859969243237 -0.159503844391182
-0.0547916324483715 0.145146087260839 -0.193647697560806 -0.367777310325451
-0.100239539069008 0.0325244661804564 0.0523399967772383 -0.339368276526699
-0.0793480657910907 -0.0196725953805578 -0.0270234116910872 -0.0990999406364329
-0.035494421020422 -0.0397942514025835 -0.168687714328171 0.0459723647148026
-0.0873923723560537 -0.096291786818634 -0.438009763989367 0.27431456920168
-0.161054208263252 0.045831214355567 -0.137287330355127 0.49589535596941
-0.0447137073047487 0.156414789489266 0.177978556833406 0.352490625759755
0.0986202768831893 0.0799156068380051 0.216755722925284 0.102578483620727
0.0914232918819533 -0.0359140817323853 0.100761444331402 -0.00249485728176925
0.0553662497205592 -0.0980002080888595 0.0111332951115243 0.0088200166255723
0.0355479591036999 -0.0993633750589963 -0.00600156173128638 0.0306875438074038
0.0362631818610585 -0.102259830655867 -0.0102272141195074 0.0708643392121141
0.086552779730603 -0.0425577333876051 -0.0941942558968393 0.0768414247364965
0.0976413384480081 0.0315244282274108 -0.246545144841125 0.0579375458783767
0.0457467364040025 0.122491575759904 -0.323510426596446 -0.164297790218553
-0.0320512047715284 0.102811098330359 -0.201022846207808 -0.417499376709801
-0.048793846306918 0.0344036267972034 0.120094306652901 -0.384956527290997
-0.0636107005409394 0.0227411282531192 0.0361290735419179 -0.0848002777193282
-0.0662111820127673 -0.0487827416521931 -0.099283588250218 0.0907080934601677
-0.144227166460121 -0.0696561946977675 -0.305278347667919 0.295542843063277
-0.165933795121662 0.108777880322673 -0.0592626320834735 0.437752119385153
0.00623981995100097 0.191464439207694 0.195201420403881 0.311480491236563
0.141653934321739 0.0668825932716788 0.234469464466637 0.0941695095492821
0.109801795937157 -0.0554971393606658 0.12651734611159 -0.0240342471159049
0.0635639837199258 -0.11157269441377 0.0246315130917627 -0.0324467213624318
0.0335366666481845 -0.105984905906145 -0.00125484159378546 -0.0136236823248269
0.0270214817700872 -0.101797301638613 -0.00411642509999082 0.037459262836646
0.0626328273838409 -0.0405181556425764 -0.0885434693130609 0.0671993078388805
0.060595644775618 0.0133712455593529 -0.260407631478952 0.0544945729946884
0.0354065790613633 0.0598791919510847 -0.347187480865086 -0.210337235623784
0.0245712437399586 0.0552984279848865 -0.166367720029789 -0.49920869031219
0.0176527084380846 0.0572561456805594 0.219297190523474 -0.418344911976445
-0.0434575667432787 0.0715549321327601 0.0976171374565518 -0.0800887264370039
-0.0705440990177827 -0.0329020224143611 -0.0194554544192981 0.126805860622859
-0.135935268914848 -0.0303226770473314 -0.18116366913298 0.293246992539373
-0.121078337468504 0.125887234052304 -0.00291457553707853 0.392021790980427
0.0451731616331777 0.166288549104429 0.220567676463748 0.287909637753668
0.14283507954134 0.042566265603888 0.270265306414186 0.0798209171963868
0.101556964954442 -0.0586078876887815 0.156221033987308 -0.056997248000195
0.0580402034321416 -0.102654842893357 0.0377197886135937 -0.081541957638502
0.0253179234019087 -0.0963859204481555 0.00231097988244747 -0.0580498222759157
0.0161117739098349 -0.0904968610169447 -0.00354218997122329 0.00865068051199944
0.0386818316864608 -0.0446781145643572 -0.100737828461256 0.0535276206575923
0.0403788698583877 -0.0183406984156033 -0.291906763629499 0.0210667484639205
0.0604616373645628 0.00772115718620395 -0.342277066872002 -0.300840181235995
0.0881786477732967 0.0494980139036445 -0.0695768213110077 -0.5853302729369
0.0503382752435443 0.0983212212910938 0.339003502843419 -0.415604931172128
-0.0359394916216858 0.103962728170035 0.148723759930632 -0.0836979595495845
-0.0415124703573247 -0.00265329129441853 0.0475720967135738 0.141110209653632
-0.0697928826968043 -0.00641073049853576 -0.0894444536419809 0.276281402760084
-0.0569075728543021 0.0866078242094338 0.0440312589575616 0.364444721365086
0.0464064725314689 0.0968146041949534 0.252963352253243 0.27390897631962
0.100378794806013 0.0222430646680463 0.304403439494052 0.0519826215830385
0.0699967823945553 -0.0422650899461364 0.176122936976952 -0.0951197591653079
0.0402259819635522 -0.073325023428083 0.0476340558994344 -0.128320645605196
0.0157205496513439 -0.070826815289115 0.00688568046572533 -0.0956180568122748
0.00883841537660037 -0.0723470704434747 -0.00592007632830196 -0.0163519918396814
0.0275071297238674 -0.0483685152465378 -0.118247509982369 0.0299940637843431
0.0460635433754657 -0.0413675414884522 -0.30850449943744 -0.0389855483726495
0.0961172103113111 0.00177702718422443 -0.289422838092542 -0.396847965424725
0.107679860994597 0.084242369745789 0.0680327580882665 -0.625804614535171
0.0279318251300208 0.122631545241734 0.446164840655234 -0.371638647561874
-0.0432022925803455 0.0980414106925705 0.187549772404984 -0.0890319564328956
0.019657014491505 -0.0452700172458132 -0.179490154357757 0.0602421733735018
0.0100315837337378 -0.104589028524009 -0.502698763546093 0.271102262735101
-0.0955419524945258 -0.0782503888830285 -0.184932268025572 0.608446868911627
-0.126906027713408 0.00403183385623281 0.258311167216311 0.457126296897501
-0.0464744206866544 0.0764158053922424 0.317696671385729 0.0714504472270488
-0.00643137459164704 0.0652832755921074 0.12032482879677 -0.0467048619591432
0.00617630772301256 0.0499554992232299 0.00154199642904637 0.0093802298318213
0.00894417295234394 0.0380424501437242 -0.0105403123221695 0.0889314448230212
-0.000218702348268017 0.0296690561985908 -0.0386429511660303 0.132772425503238
-0.0137392947172565 0.0280584948343779 -0.158739433612712 0.104484041085652
-0.0163821944457583 0.0106342038559026 -0.298676801280688 0.00255279347522624
-0.0111414903660308 -0.000345298255360501 -0.277416453277771 -0.211435094118278
0.0053925168513654 0.0183831904087067 -0.113954145872418 -0.343601622183606
0.000520017646855841 0.0121312107064591 0.0184907572619489 -0.279489848192669
0.00276429395071586 -0.0179184244057919 -0.107425423729416 -0.164606569158125
0.0282083793732724 -0.00362375092965718 -0.200251528194861 0.0400282904120708
0.052706836305943 -0.0758858008315626 -0.547758376342657 0.228881216025526
-0.0602296793900945 -0.0854116681394357 -0.2560092862494 0.588434523272987
-0.11878488503665 -0.0129302239950559 0.195024559074211 0.472278976499439
-0.0472480640849847 0.0676223312114224 0.286354458683369 0.105208476026324
-0.00120578463177651 0.0479776846945681 0.113653147067808 -0.0167846303679193
0.00768040748187088 0.0158347537554429 0.0031007110027256 0.0292946747607107
0.0128452503630523 -0.00117079390045081 -0.00981735075878884 0.0964980431267717
0.0148560515836497 -0.014925924016841 -0.0310278835395903 0.139388268192649
0.0316258840168073 -0.00479824563220095 -0.147626867656236 0.1123123106191
0.0486314443760893 0.0131097212481563 -0.290364550288924 0.0237808108003653
0.0348776302302522 0.0707659534670433 -0.286852003936462 -0.186550857592209
-0.0233719739136025 0.0907803778476809 -0.144915924399354 -0.32904736004183
-0.0673690898507631 0.0230685136637307 -0.00195145852184691 -0.27075584994931
-0.0430102904728735 -0.0356986190208476 -0.112507197620509 -0.137760900980527
0.0229714349788859 0.0112131012770014 -0.210818285413393 0.0201444712305709
0.0536828038428989 -0.0693012119924365 -0.555244557122814 0.219386496548864
-0.0600840978465515 -0.0660971282000115 -0.257156705892769 0.565029033127822
-0.0993578553114937 0.0105018012053886 0.168332742324277 0.440898806722331
-0.0201033636710185 0.0633453753165884 0.247949164829106 0.108948903592887
0.0174107334452885 0.0213863723667836 0.0971819751576117 5.96779017353628E-05
0.0156699302243969 -0.0233910029610007 0.00207995691558379 0.0376946438001956
0.0190634553556931 -0.0400962088154785 -0.00833170223556484 0.0883707578286152
0.0263984540546509 -0.0546836826532565 -0.0222817996996224 0.125504152694122
0.067015536406692 -0.0300750570325602 -0.128365359914692 0.104445865639401
0.0963730974165629 0.0175216271119942 -0.266849562521551 0.0393329174278774
0.0674092186937096 0.121146418155662 -0.289649693048141 -0.16057687447695
-0.0403063070032418 0.137313978706913 -0.172811404781538 -0.326447497017195
-0.102268561925223 0.0323826778852769 0.00516431061779169 -0.286315590937237
-0.0722822605119619 -0.0347901146030688 -0.0825134426952328 -0.112141525618712
-3.90831337685367E-05 -0.00496327082236686 -0.200546593035223 0.0197534042630306
0.00060541489551964 -0.0840170459557293 -0.512268758025174 0.239257172499354
-0.101532100872119 -0.0229960800464111 -0.200259956175251 0.528500259750302
-0.0768300280574612 0.0727079437784545 0.168450417701906 0.386100009646738
0.0322589174815506 0.0684214391090153 0.217399812832381 0.0991393232856477
0.0486228510484141 -0.00835921193751158 0.0870522117146374 0.00370769956303562
0.0303691155093232 -0.0617648376147749 0.00361509370593916 0.031383618981725
0.0254945042575957 -0.071403385254047 -0.00676707586140452 0.0649668758364758
0.0318597800240288 -0.0810177356496933 -0.0132923041444204 0.0969349477722582
0.0839424052248964 -0.0402758171612827 -0.105121457270453 0.088547808382404
0.110281021834235 0.0257171362945299 -0.241477972015215 0.0516182664326748
0.0664846102901735 0.138438782898204 -0.295430075427189 -0.141810657167182
-0.0457819092466364 0.135175581042314 -0.197164245523715 -0.342414666650813
-0.0915226928136798 0.0316764038244066 0.0417452676148301 -0.32335452225545
-0.074122165182722 -0.0118422836314208 -0.0289008853977496 -0.0930158962150688
-0.0361596211656694 -0.0309908222631736 -0.160874435136097 0.0481818666542532
-0.0819204518153703 -0.0866238846453586 -0.41143019615999 0.272460329004333
-0.145954488712803 0.045333639652091 -0.119724009107687 0.475218407914849
-0.0370853754817792 0.143195656545273 0.178635233651602 0.327828817635222
0.0926501814832027 0.0688352428516257 0.207549059588264 0.0892593723504961
0.0813339729017333 -0.0372597254717391 0.0936994842822496 -0.00532569708648899
0.0442391845068102 -0.0926747112136941 0.0101725872531701 0.00811565112230181
0.0270033148435176 -0.0929328493500441 -0.00437474674376363 0.0296810226352169
0.0276183814701344 -0.0934964350665531 -0.00567529869649667 0.0649022838738311
0.0767971821747582 -0.0403395943676817 -0.0864301310216006 0.0757871408654691
0.0885507836624106 0.0268890965398326 -0.23010636518675 0.0634705119358407
0.0449233582312709 0.109883811354695 -0.313931873688227 -0.145953121363637
-0.0229775094384471 0.0926856532481932 -0.204862634288565 -0.390622599095622
-0.040636236281313 0.033507498082257 0.10661198549079 -0.369070495323503
-0.0580311046982115 0.0300419175979795 0.0328350561945607 -0.0819086232739986
-0.0659817240154351 -0.0392729688312575 -0.0934481235359538 0.0885282958058494
-0.136867598917717 -0.060265493287941 -0.284840852385079 0.290140135903689
-0.149763014900367 0.106072416754698 -0.0470704368322122 0.415107145412396
0.0128514983069847 0.176503658868419 0.190317306769975 0.287427275988797
0.134352629418172 0.0558566834116872 0.22325022689208 0.0799065888039647
0.0988407292203773 -0.0565316224434443 0.116360633641086 -0.0262050009046938
0.0523354308342862 -0.106846566896452 0.0194786521750436 -0.0299186849934189
0.0238226352108928 -0.0995826715192491 -0.00307118713265562 -0.0113574043750248
0.0182606921394083 -0.0934439681245824 -0.00256587262438034 0.0352400270951842
0.0537723526691935 -0.0385661828084553 -0.083302887608781 0.0678681444606839
0.0530379118340943 0.00933587925980195 -0.247038664873745 0.0614567491622661
0.034670461788493 0.0494814151148903 -0.337801004767218 -0.191819156653944
0.03125633866053 0.0463247350671474 -0.174139510684281 -0.472225722493394
0.0233632853170884 0.0550130255386967 0.202706836695666 -0.404489654430718
-0.0374630237958682 0.0765687285230784 0.0911929937771334 -0.0810041656032646
-0.0694708396868295 -0.0241047566217675 -0.0149080806303379 0.119242138322392
-0.128949113005433 -0.0235604873387655 -0.164858121234837 0.282826446436901
-0.108160232084165 0.122721565175182 0.00833079573577828 0.370152183413921
0.049655130785134 0.153326678139718 0.215071452326671 0.263967421824519
0.136207467601545 0.0332174274994904 0.254714144320855 0.0659040379940956
0.0927124223512784 -0.0596509091970611 0.142624455263935 -0.0579137358825864
0.0482387585347244 -0.0984183717407216 0.0289747167080663 -0.0758433755669219
0.0177372148855028 -0.0900545678284374 -0.00188903895898463 -0.05302555931235
0.00817643105963223 -0.0837437455144779 -0.00456670208145472 0.0100158071026942
0.031082857566975 -0.0424353153662064 -0.0970250913007534 0.0564391492278724
0.033518115368479 -0.0214052537804589 -0.279305265201786 0.0300324692371221
0.0591727606522296 -0.000447237240087568 -0.338198428063454 -0.279738923434473
0.0922838245540661 0.0411283811460469 -0.0823197067361824 -0.557943360675609
0.0543539264312036 0.0951434936302592 0.318189896574334 -0.405195116352709
-0.0304421962362257 0.106484532421778 0.140365872964821 -0.0871259717158169
-0.0416259192434051 0.00263898972192603 0.0500410157513268 0.130284676362354
-0.0661337500387126 -0.00354128277546143 -0.0784682906784102 0.263420721718135
-0.0490547481498637 0.0840320018904123 0.0506274686445317 0.341373043732795
0.0486343524321804 0.0880784446202868 0.244823018339707 0.248341756399123
0.0963813435358672 0.0156009106208626 0.286842646259766 0.0393373151756767
0.0641274182839807 -0.0423639888404931 0.160523734655737 -0.0940416143358952
0.0333548240091096 -0.070657826048805 0.035950327837178 -0.120048996161952
0.0108425006628493 -0.0672302886688181 -0.000567111191033475 -0.0879795313989192
0.00433286706471221 -0.0672884621071441 -0.00923341483785681 -0.0130934788535305
0.0220006688036211 -0.0470685991721737 -0.116134606650694 0.0348873290672238
0.0409406003102327 -0.0430963964426914 -0.299168101849511 -0.0279128689353355
0.0941871391094564 -0.00455349161650592 -0.288852639975872 -0.372754487284736
0.109823944201954 0.0767864041163239 0.0521550742253006 -0.600612386813776
0.0300603535707465 0.118425220034324 0.421562533193483 -0.363393474145628
-0.0383475223536481 0.0985835878189811 0.177477524960084 -0.0939522273836619
0.00723101803100936 -0.0449345331828355 -0.162443465299781 0.0988505683023621
-0.0105296748176157 -0.0949400870507942 -0.440895145392201 0.361602145051967
-0.101052481601052 -0.0501173430507657 -0.0660661085302097 0.622843530643761
-0.110961753578161 0.032397174861331 0.334964076505227 0.389987230653998
-0.0253541752793944 0.075931464806787 0.318939778025564 0.00742494514187729
0.00742558104887671 0.0606184137118718 0.108574349309286 -0.0692351899088854
0.0174014919394507 0.0454966225246961 0.0019607547792648 0.00774257231408259
0.0169450931068124 0.034384429256767 0.00877860580616741 0.0832965742961607
0.00676626218323886 0.0296756349751129 -0.00770740975523073 0.13010863012473
-0.00843464511588744 0.0304129997806873 -0.130466607639614 0.131518656603358
-0.0166345911041615 0.012444585371235 -0.286637724282502 0.0647651120277522
-0.0119176341100488 -0.00158627299108431 -0.311170499412997 -0.145826836147321
0.0104908429962743 0.0120124868949124 -0.183126733506669 -0.308324608080438
0.00485627770345226 0.00680902150258979 -0.0420215521261199 -0.274689842727674
-0.00200413644140644 -0.0231244318143783 -0.138764804447415 -0.134720383686761
0.0242234079707096 -0.00495982568374107 -0.189274228255096 0.0851233152072264
0.0379432520090182 -0.0753618672013892 -0.49476304018395 0.331829858033982
-0.0670197702158597 -0.065257665551348 -0.138015523280734 0.617843019294857
-0.106896151306022 0.011648065530467 0.277252115877128 0.415359066051785
-0.0302774778647279 0.0673946020389483 0.294853645205464 0.0466874214185851
0.00636295683515888 0.044073725589968 0.108106867162359 -0.0388888052939672
0.00993173485020435 0.015614833501072 0.00954575582510093 0.0252193640021962
0.0121591453681189 -0.0015646009089219 0.0114585265566408 0.0905543632322343
0.011303660323778 -0.0134705570004514 0.00082749284964038 0.135446142021183
0.0266263130818242 -0.00831118225861021 -0.118324853674665 0.138014774281815
0.0424485187474268 0.00362705278318297 -0.273824264996665 0.0841845366121101
0.0438761858820446 0.0542920630896406 -0.318247175022818 -0.120572839696416
-0.0025587215178778 0.0831201221982841 -0.214301810703634 -0.289001968321611
-0.0567218422745986 0.0312818112230253 -0.0564352928839749 -0.264613080923892
-0.0489551092711039 -0.0284935020164222 -0.135273665676879 -0.108242707573197
0.022534148076585 0.0113694369130553 -0.20607557852941 0.0669835040032659
0.0417724417253987 -0.0675174102837234 -0.50605025060294 0.322982327740191
-0.060856239390928 -0.0492449372792174 -0.143965328386874 0.596897959586847
-0.0848464544112929 0.0256799308174208 0.245344698603147 0.39275476770058
-0.00733045029927596 0.057827016633733 0.259621677501217 0.0584038673610031
0.0170664789930229 0.0164360182279563 0.0959167470923167 -0.0184845414646381
0.00696324455777242 -0.0217254312111274 0.0125098637806746 0.0340404149228484
0.00900009972866704 -0.0376572967889055 0.0109222515649079 0.0829309082567541
0.0142182799123583 -0.050907500904488 0.00572499089564414 0.120316799057291
0.0547146241989377 -0.0379046760420883 -0.102287637565535 0.127580678252253
0.0865852266591874 -0.000438983208371855 -0.248833201404006 0.0953470340509854
0.0821704414567221 0.0939577832486252 -0.316764216182803 -0.0941400537207534
-0.00944974452120987 0.127581889602931 -0.243371733084466 -0.281044125196666
-0.0854797756741723 0.0467715879238507 -0.0514815134447986 -0.283665625851122
-0.0748107085401741 -0.0187215187934038 -0.0991607599168265 -0.09096887400307
-0.000876325238965952 0.00180148010093487 -0.196363417023202 0.0619778411203917
-0.00946222311782925 -0.0709237683106719 -0.458266665350276 0.333734935209467
-0.0896504902390514 -0.00154781306954043 -0.0981500018823395 0.547999647211537
-0.0509728930105106 0.0773699387363713 0.230189526275201 0.34096759823488
0.0412676339348624 0.0523329718953756 0.228437829258659 0.0564868986086335
0.0391575820435008 -0.0168619957383399 0.0869887360689691 -0.0122135679988765
0.0111703806042998 -0.0595250954547167 0.0144257645025015 0.0293017689412142
0.00839799176848843 -0.0676976871914956 0.00753635174808322 0.0618034517667789
0.0130577456235086 -0.075641460668717 0.00809183971747946 0.0928280864592964
0.0677119152181305 -0.0503352418967445 -0.083620578184895 0.108271083444438
0.0996768599617567 0.00503536585933648 -0.221283526792102 0.102162695045661
0.083180662329713 0.108417654382668 -0.32049394267813 -0.0748427433423522
-0.0142278372850443 0.12423031071038 -0.269130081736952 -0.292839298279598
-0.0730062349326905 0.0441183703296362 -0.0242804772148829 -0.328402358564277
-0.0700043415557365 0.0059332736596328 -0.0438721758428538 -0.0855827844672938
-0.0393150235588157 -0.0146943993732667 -0.151779118413337 0.0781040744345398
-0.0870441979005729 -0.0580271775478553 -0.355410840893887 0.344182822412383
-0.11737320700295 0.0697083752127461 -0.035206775978411 0.480162143707861
2.00296276929249E-05 0.133876518702971 0.223275589250573 0.285418732615387
0.0979730270624769 0.040712312708114 0.218107510866369 0.0511132200915976
0.0641665746543765 -0.0504901527727704 0.0920241623118223 -0.0200859187936134
0.0171557846271641 -0.0923256725650582 0.0174993773402675 0.00795152248653805
0.00482108084759104 -0.0879575061928328 0.00194464019903388 0.0291759338038481
0.00589628640382059 -0.0863961890108396 0.00808250819261146 0.062639262076545
0.0601847200039718 -0.0485009382319004 -0.0687916561442683 0.0932348900740598
0.0784156546821175 0.00921879412014396 -0.209026485374785 0.112160289061018
0.0568513636894522 0.0840194623862875 -0.339177933566786 -0.0749955556547187
0.000311620114564343 0.0778095617436578 -0.286595361572207 -0.339028224360455
-0.0215000463381512 0.0363796284537469 0.0274374849019111 -0.388070710632455
-0.0445154101128287 0.0451257709589752 0.0170596244872309 -0.0899269591780837
-0.067935554686623 -0.0168241102160779 -0.0773029525883497 0.101230180274894
-0.13355845345676 -0.023641986536775 -0.226780059047091 0.332692011516732
-0.109858701729029 0.126651323225674 0.0202485838887429 0.406257274452132
0.0537836476532782 0.155049057348729 0.226336312548331 0.247424507028604
0.135040232895172 0.0202571023174136 0.233452930936168 0.0409498868456665
0.0784323838654183 -0.0727637711661318 0.109159916807627 -0.0440044950195294
0.0212888348977344 -0.107327712351955 0.0193470105028203 -0.0284324217520062
0.00133566459398956 -0.0942336920746297 -0.00606635437556517 -0.00839843985639479
-0.00377190916928118 -0.0847287514845214 0.00411762815505162 0.0357595259422383
0.0385906963992485 -0.0428741101388102 -0.0681276166804716 0.0863006121562092
0.0416193753896024 -0.000937977074538717 -0.22741481533537 0.113617803357327
0.036957846189329 0.0269415502286836 -0.372988209910801 -0.114944372386424
0.0448161467686277 0.0237869646629287 -0.272775227386323 -0.422927033137649
0.0449864255235435 0.0461579445284815 0.112731842344219 -0.44301014462612
-0.0152126367374791 0.0863270968095992 0.0722367426984907 -0.103568291555157
-0.0687466865355852 -0.00335085471655684 0.006376949185305 0.115183071048347
-0.119846133031306 0.00717468404411753 -0.111057613725707 0.303031303793191
-0.0694318181634294 0.134270353845822 0.0651373241563336 0.354178437131109
0.0822499158253936 0.126452925530426 0.24692213933397 0.222236150626343
0.133429463265389 -0.00143635976758304 0.262204496061953 0.0199326565015694
0.0724804820531243 -0.0746718792372635 0.1279373216775 -0.0790654823336296
0.0202324152166381 -0.100068723741218 0.018154527709036 -0.0729782967292285
-0.00306422901417118 -0.0854609771850107 -0.0145510890599844 -0.0469846043418621
-0.0109743438379374 -0.0752712881335713 -0.00389426007826263 0.0129761806422291
0.016274341732701 -0.0433205976780781 -0.0849248601488788 0.0790472979530848
0.018527800466838 -0.0275249219030326 -0.267244471657446 0.0904371079572242
0.0536710656278291 -0.0250504542094998 -0.392994982703895 -0.201906204115134
0.102620036615504 0.00921789074611245 -0.199305874164163 -0.524026849385319
0.0824791459953766 0.0801826722083875 0.222358604658071 -0.467887280458216
-0.00283978120050179 0.112920337715897 0.117738195987214 -0.121708121997904
-0.0381312135035758 0.015779561574344 0.073237608009766 0.11333212449886
-0.0583701775148152 0.0122537910590313 -0.0284410693110719 0.270094011896703
-0.0233669348422402 0.0874256754615226 0.105625219093415 0.320129183085237
0.0687047764945354 0.067386055093871 0.276844801104819 0.199964256637135
0.0946309818651751 -0.0102492849348922 0.285977244820472 -0.0132159111322787
0.0500289703710809 -0.0543032742976414 0.137255717373446 -0.117340149570741
0.013703969569817 -0.0724446301315535 0.0130576599696336 -0.115834171373585
-0.00409124888259369 -0.0641403581542624 -0.0210584918211131 -0.0798606597756632
-0.0110305995308031 -0.0612970542358041 -0.0138837203360826 -0.00708553643383747
0.0084461869339753 -0.0479557331189648 -0.108670522271206 0.0626339785526489
0.0237521085316631 -0.0500947795752459 -0.299897973930718 0.0373606206461087
0.0892389727933843 -0.0338138102578317 -0.365188136794908 -0.304584923444909
0.12639371966147 0.0422118132383766 -0.0775849997110562 -0.594142600041514
0.0622119609812195 0.110042852407584 0.335505206637037 -0.45178852917379
-0.0134419039742935 0.105528480702131 0.153330906323543 -0.13734545458963
0.0047052946641547 -0.0439572270275787 -0.158748552679229 0.105957186590305
-0.0137793330062602 -0.0956538800981925 -0.43460754993827 0.365389731966228
-0.102107988679931 -0.0487220721510665 -0.0575338870743628 0.622905990368596
-0.111813755497027 0.0351028060085303 0.341616448521735 0.383319182329669
-0.0243080625242837 0.0760856204756419 0.32096312079759 -0.000259211616387799
0.0101674693929952 0.0597997696471688 0.10895955585279 -0.0746679857526911
0.0196324190168123 0.0445518830535625 0.00419831380294945 0.00469738164724319
0.0190067316777515 0.0332284343636536 0.0118958861156153 0.0785243349743838
0.00866863914413478 0.0292809576415511 -0.00208393859646899 0.122602431649452
-0.00684753390101328 0.0310219424371869 -0.123081071095508 0.13051123991702
-0.0163979471424075 0.013461090535798 -0.278338436201462 0.0715276609477628
-0.012046934903163 0.000551403207913755 -0.30941049044238 -0.136591814036436
0.0102068516240586 0.011699566358702 -0.188015743016089 -0.297679161278473
0.00262322582340799 0.00494343357657122 -0.046434386849433 -0.268221377680381
-0.0043466060977486 -0.0251188513350164 -0.142660548307916 -0.126559772319031
0.0236171648780993 -0.00181379554486297 -0.187107737164623 0.0931500406184052
0.0378301518028639 -0.0755687857381983 -0.489267001225276 0.339736702037132
-0.0659112689493461 -0.0665872392474386 -0.130064138856044 0.620163969101386
-0.108231374114704 0.0105231354908261 0.284131417862652 0.411095262025363
-0.0313306728054763 0.0662651199247287 0.296649506877263 0.038928348714862
0.00598017458908748 0.0444667126463325 0.109063121842374 -0.0437980716712299
0.00950056781857999 0.0172452562973171 0.0118343867663232 0.022494027318381
0.0120581141755855 -0.000382511927657559 0.0143341043732799 0.0860779250885053
0.0112706379536938 -0.0116785380975086 0.00656703356072952 0.127798407241921
0.0266604610439839 -0.00739511122701328 -0.111253323734485 0.136374552277717
0.0413708694181038 0.00314272606065756 -0.2649642877628 0.0896215120757389
0.0437869313260783 0.0535111336737596 -0.316103896214691 -0.110485860666231
-0.000741783118747372 0.0813524964403616 -0.21782929275317 -0.279388788352163
-0.0567847151716709 0.0309287099970418 -0.0602741271689871 -0.259526642629022
-0.0493793790589439 -0.027896284294996 -0.139054259182241 -0.100187914708832
0.0237007358424135 0.0168787443207481 -0.204809549846942 0.0742437992276202
0.0446347759774029 -0.0664310014396322 -0.499860698864966 0.331649710989427
-0.0564936016806946 -0.0519417310016469 -0.135605592703786 0.598152408401877
-0.0860209086837198 0.021440745107035 0.25150640654018 0.387557238709755
-0.0106681304375364 0.0549254503217189 0.260293666086097 0.0508013873143593
0.0138630199875159 0.0172322206774215 0.0964297937702632 -0.0224263990424543
0.00445220317599577 -0.0182625291490488 0.0141471542516574 0.0323185621172511
0.00668667774717088 -0.0345695411664413 0.0143121539726595 0.0797320528370625
0.0123997437006511 -0.0478239218338509 0.0107290557529496 0.11329626463299
0.0529464921224156 -0.0369016761929192 -0.0961516544112767 0.125799416297621
0.0834032415952908 -0.00158909898017584 -0.240533861961521 0.0994712116629972
0.0817918999936175 0.0911760182535357 -0.315621217142516 -0.0846697293281204
-0.00638843787734986 0.124325228192906 -0.246900143623057 -0.270572271430273
-0.0837062961337832 0.0468434322467472 -0.0552379506096987 -0.279226865420702
-0.072767900402459 -0.0148475341520733 -0.10155777861621 -0.0850161455951957
0.000188627198406565 0.00899883801439775 -0.196003759741386 0.0679032108207873
-0.00562826973309833 -0.0684297049154148 -0.453536638553552 0.341570134678461
-0.0831965269998019 -0.0045824228453823 -0.0890652470652703 0.549140876575108
-0.0507434376399268 0.070160671447503 0.235949275181642 0.334047292006367
0.0369823732881701 0.0478103303305133 0.227496600019852 0.0490798803160656
0.0342702881969762 -0.0163596616061872 0.0863256201584293 -0.0144066729132148
0.00613039241547969 -0.0554723795723863 0.0149451360532391 0.0285235604050559
0.00410753205645762 -0.0636747068869786 0.00996656753743692 0.0598891272913408
0.0101643158265157 -0.070906307568598 0.0112513282141276 0.0869292920554276
0.0642537112031731 -0.0488548040691979 -0.0785415811104203 0.107081221663662
0.095547868439573 0.0044028623829281 -0.213147373300139 0.106465988434894
0.0817884643971571 0.103524365698596 -0.319125593622294 -0.0652921637377601
-0.0107140938270908 0.119178391953974 -0.273808600589016 -0.28175076233078
-0.0693788338436127 0.0439539824721712 -0.0289538040979376 -0.325588233263633
-0.0666899228354466 0.0116033613353432 -0.046304619946547 -0.0822382959476591
-0.0381440588165603 -0.00625703647775474 -0.15101383361539 0.0814062908917715
-0.0825694442000866 -0.0536288585081364 -0.348592174760241 0.349758056287557
-0.109866014918382 0.0674121242539611 -0.0270722889465344 0.476280041964824
0.00139514287852395 0.126236004964713 0.226561236406197 0.277792408791999
0.0939593000399576 0.0354605852916059 0.215981780472851 0.0433950252679574
0.0582246062922293 -0.0502559241646241 0.0892545589100727 -0.0212695763930686
0.0106417905243284 -0.0881867748772454 0.0160119119512957 0.00860049452962865
-0.000294411449796436 -0.0834234980152513 0.00323421223309772 0.0298279501828535
0.0015419916723734 -0.080495358948763 0.0100447440487268 0.0583905613540872
0.0561211712193658 -0.0462635090974079 -0.0652502245208336 0.0934637697559566
0.073226682827551 0.00882358988071321 -0.201738251653681 0.116951204783858
0.0539147928761251 0.077225385598224 -0.340074867634742 -0.0643964533579032
0.00379487081408649 0.0706297447480681 -0.292760015883176 -0.328528765438601
-0.016245504051314 0.0357691953312489 0.0223837606925085 -0.387893971126706
-0.0391697243494608 0.051340556773622 0.0145708773613872 -0.0888788682020134
-0.0675448840866567 -0.0080213687425192 -0.0752216189915665 0.101621809927551
-0.129190834918845 -0.0190324237669615 -0.220166627232555 0.334556506710622
-0.102384193850216 0.12532992140709 0.0266956206526803 0.402310698779302
0.0556033706209606 0.146793488635894 0.227572939259661 0.237911017037193
0.130996402295888 0.0142891241622967 0.229732564333039 0.0334068138842522
0.0724400637966573 -0.0733077446480524 0.104431841962259 -0.0441528320673491
0.0150479541985103 -0.103921834565656 0.0162380706420397 -0.0258686128396771
-0.00401974253710329 -0.0898194446827618 -0.00691457518677788 -0.00614848649661559
-0.00841151857795148 -0.0787167563037005 0.00520757860830901 0.0345354352800245
0.0333689553129742 -0.0402555494978488 -0.065626125028443 0.0883143359534631
0.0355223813238444 -0.00131481474266009 -0.22142795967783 0.120570471531668
0.0338980840482842 0.0199043426033621 -0.375531173244772 -0.103211316587964
0.0482714885052749 0.0149957674754399 -0.279606706563928 -0.414815397681559
0.0513948051602225 0.0452563006564567 0.1059538935158 -0.444494235601452
-0.0098763788587566 0.0925141034903801 0.0695580000547381 -0.105412178268871
-0.0676341474495138 0.00441742869712102 0.00852550374628523 0.112215344367911
-0.116310117616195 0.0115899234152338 -0.104930849021788 0.302505209794605
-0.0625629939703961 0.13244976330423 0.0700453950203422 0.347636913337888
0.0840074384113413 0.11979406279157 0.244967279790164 0.212184148624592
0.13014303968278 -0.00664467543467909 0.256518631738753 0.0129304012091654
0.0682638744816909 -0.0759437883215636 0.121593660633267 -0.078546361139217
0.0146924065178169 -0.0975016210841775 0.0129393664812132 -0.0688186229229417
-0.00751933196611236 -0.0822357259258782 -0.0176779995709187 -0.0422800457108439
-0.0150049626752129 -0.0703170031623977 -0.00465317107940698 0.0140083321476971
0.012211310013838 -0.0416725233166518 -0.0837584690602114 0.0832436299982226
0.0127373408189667 -0.0290793634178656 -0.264409704426293 0.0985974353441194
0.051267203836368 -0.032918420429263 -0.39857180134356 -0.191971316753944
0.106909613035551 0.00116200496982883 -0.207418502316527 -0.518872227358715
0.0885583822489322 0.0801479703560511 0.216635942905057 -0.472912449267845
0.00217651811949361 0.118690632322883 0.11433803941673 -0.12668938079643
-0.0373099390542945 0.0216126271665354 0.0752515260840911 0.107535076777004
-0.0564138496822767 0.0150983557992266 -0.0231293457334048 0.265625886759142
-0.0190792860860096 0.0861446317076634 0.109427701843306 0.312353103425512
0.0695602147257339 0.0619618350314353 0.27483643619058 0.189535717047671
0.0923739645230868 -0.0148983544299794 0.279393048145166 -0.0195949245326368
0.0478274396553699 -0.054926573151349 0.129517199221712 -0.116594450662997
0.00990730022948109 -0.0708545773686278 0.00624809235616699 -0.109720138985646
-0.00739702804133477 -0.0621463191641833 -0.0255369793364424 -0.0737840349064049
-0.0141872252626553 -0.0584350150057781 -0.016227588945496 -0.00450358292874735
0.00465604326332039 -0.0470198852593197 -0.109284244259345 0.068228545924219
0.0194413739086166 -0.0521711252926025 -0.300288059496155 0.0455677384856566
0.0892444658175981 -0.0404151473260151 -0.373358541474123 -0.296486148476742
0.131225475827769 0.0361498357004491 -0.0877239721720577 -0.59241412032247
0.0657178443350635 0.110383845513677 0.329937710492989 -0.457069363488386
-0.0100631772837417 0.109306332221298 0.1492642251571 -0.143902068914601
0.00122428337338927 -0.0428006709879299 -0.152295500813618 0.117227413111708
-0.0198493518930117 -0.0957033633319718 -0.421375656290675 0.383093307771578
-0.10555761395898 -0.0445319185559207 -0.0315000071947414 0.628622945469597
-0.111948100664569 0.0411730361784938 0.360389582076501 0.36958292773664
-0.0210238529740631 0.0777674323882196 0.322838946657814 -0.0165747778575725
0.0139044136894358 0.0587254717908382 0.107970361361007 -0.0828540296792227
0.0232671390218931 0.0433761816297138 0.00679582416043207 0.00196424260278082
0.0218766610415192 0.0314428968493011 0.0169814124651603 0.0741462407607287
0.0116184302662534 0.0291793339315345 0.00663769432061831 0.116527262388473
-0.00443434603755535 0.0319786493276754 -0.113121830807539 0.13209822757107
-0.0155757030072694 0.0151425325291855 -0.269460723453728 0.0851756111904313
-0.0121506742283429 0.00357786235403884 -0.311360244317549 -0.119707305611848
0.0105168239032396 0.0111718707003994 -0.20006415446949 -0.284130030748803
2.78779037421184E-05 0.00357549524313436 -0.0573913162225755 -0.262109413396835
-0.0074245924630005 -0.0268639982936109 -0.151069355054616 -0.113945249829034
0.0239153502199367 0.00114605024698528 -0.18236889887027 0.1063333727267
0.0362437865382693 -0.0765506835038458 -0.47609082085693 0.359176803569093
-0.0670017084202723 -0.066479207713513 -0.104796374015584 0.629952688074665
-0.110274200679979 0.0128832731058532 0.304021280476597 0.399434378200874
-0.0317075601199762 0.0671574692596404 0.301059433453886 0.0238760725691587
0.00669777397774804 0.0447349102666303 0.109621562536782 -0.051794655737352
0.0104934629089585 0.0190080419333602 0.0151123885009285 0.0188768147137763
0.011795216155012 0.000227384086167367 0.0204204459653752 0.0819891722482469
0.0117130177591454 -0.0106834330293142 0.0146741800396836 0.120587290630098
0.0262457961594014 -0.00754007061782699 -0.101587842009803 0.137172848420161
0.0405324060208473 0.00212286532015033 -0.256353014247014 0.101642413678136
0.0453344875992672 0.0516324712277422 -0.317564375574348 -0.0934053991471932
0.00264244886938703 0.0803705472870324 -0.228725599005844 -0.263485080871366
-0.0560651631773849 0.0316844601446499 -0.070677922798284 -0.252831981455041
-0.0507157461138855 -0.0248556780099968 -0.144351075325351 -0.088447375015123
0.0259371976444759 0.0222507307737632 -0.201739451223388 0.0873685190555796
0.0459111553207226 -0.0672067703195145 -0.488334984507372 0.354597683201239
-0.0543069518183736 -0.0537382596782068 -0.111516017536113 0.60765099731685
-0.0874762262351632 0.0190649321639545 0.269860356233128 0.376206862856313
-0.0130760540477378 0.0543728723941028 0.263731825619837 0.0368259840422637
0.0114216906003783 0.0182091028853223 0.0966760346277629 -0.0288667616795167
0.00160759504496138 -0.0145890785437356 0.0170205950785841 0.0297800972404933
0.00377787095860031 -0.0319155473220479 0.0191876360120988 0.076436639642719
0.00986709239102805 -0.0447301882553028 0.0174950216367344 0.106436517078018
0.0501127429816241 -0.0370889085610192 -0.0871781136826894 0.126166636111743
0.0811897731970949 -0.00456654862917934 -0.23052686617678 0.109964811760141
0.0838790292302281 0.085701064266576 -0.316285165687659 -0.0671432013624223
-0.000541864973637229 0.121021977217663 -0.256783951217584 -0.254286398401363
-0.0807913391861936 0.049471247799283 -0.0666598250176303 -0.274064869874984
-0.0721593482905704 -0.00870043532293198 -0.106869350527401 -0.0758879766099334
0.00226970296198772 0.0167905104645508 -0.193897449196726 0.0793600579364958
-0.0024373273193716 -0.065842374804019 -0.4404973873491 0.362410081800825
-0.0772564093483068 -0.00615643779608738 -0.0657798684242258 0.554544429135176
-0.0500762992530723 0.0654558063913881 0.24973473288074 0.322168991488314
0.0335205505207149 0.043722379127189 0.228955587540697 0.0361265045173445
0.0288726036678669 -0.0159727374506236 0.0850514626280962 -0.0191456827514479
0.000478310246176251 -0.0515648728744029 0.0165054049612195 0.0277327805956254
-0.00136491891257092 -0.0598997041900797 0.0134769755082987 0.0579415308823169
0.00569687153921095 -0.0665624787795439 0.0162195452658681 0.0814635998893886
0.0603219532493963 -0.0491846464300041 -0.0712047626860811 0.107862052354126
0.0922583558509398 0.00138576409728536 -0.203769819216723 0.115699393663006
0.0828814777444591 0.0965064490918883 -0.319345156927443 -0.0469803013948436
-0.00462328277462623 0.114450084564642 -0.285084855333457 -0.26529201824309
-0.064637138647141 0.0455119736586348 -0.0421051226272777 -0.323519280120332
-0.0629786869273566 0.0188058752625443 -0.0510553931260025 -0.0767985180033633
-0.0364401461394516 0.00383036864240315 -0.148449006906693 0.089232903167023
-0.0796230100921428 -0.0478511616948179 -0.332568877334942 0.365596628624281
-0.101195745439788 0.0671001365161472 -0.00630646306943199 0.477148611342123
0.00493059774598445 0.118930846818923 0.239123809372063 0.263864105175877
0.0902872387940904 0.0286831289898089 0.214607340608333 0.0305868639627816
0.05184640166587 -0.0512473188734502 0.0862054282753806 -0.0249907845296435
0.00304561496267579 -0.0839635398610397 0.015596573268905 0.00917818515138699
-0.00648096766180468 -0.0785499155763002 0.00406143469266496 0.029459146802266
-0.0033453904355385 -0.0749952360403206 0.0129885118402814 0.0550541371561674
0.0509677078451774 -0.0454364245974504 -0.0584727637842788 0.0952305415980589
0.068740454720886 0.00762402759666903 -0.192631301434097 0.126666319037101
0.0521762301893748 0.0702862873508581 -0.341810875457538 -0.0450397631964533
0.00824244679030533 0.0629715652505648 -0.307395735989707 -0.310788197712619
-0.00984259096700213 0.0350227224713987 0.00687842711555968 -0.388883134463929
-0.0322272919967362 0.0588603607517614 0.00969014450054418 -0.088361382275528
-0.0654648008461166 0.00311210521053196 -0.0715454704252658 0.104071226942539
-0.125595910902804 -0.0104749647708881 -0.205575483309913 0.34437142510671
-0.0916230971944968 0.125286469501982 0.0437182392894949 0.39913223591156
0.0610376309983157 0.138494943387041 0.235401287297126 0.224218873030537
0.128212459391875 0.00552119085055584 0.22652723917459 0.0210113633607302
0.0653138967603368 -0.0753432985015075 0.0994916111653188 -0.0466595168035425
0.00630345290166999 -0.100782611087782 0.0129663345327117 -0.0233095275598921
-0.0114331341474193 -0.0853761919318579 -0.00833920676641418 -0.00311759725275433
-0.0142556379250471 -0.0725811853161231 0.00607531058588147 0.0332433835965509
0.0284541934957152 -0.0388982669669053 -0.0608252906901759 0.092231049329903
0.0298215365308225 -0.00250977201580347 -0.214179553048181 0.133891652518847
0.0301083448810299 0.0117246735144956 -0.381758041072124 -0.0819971083785069
0.0514843753322957 0.00492486075219038 -0.298855078755254 -0.399862482197032
0.0594089630648497 0.0428416945788729 0.0882607656278126 -0.452851475579286
-0.000402353566050086 0.0998472401514841 0.0642213583944775 -0.109858668856046
-0.0653216396755926 0.0153429018875217 0.0130581139545721 0.10895951696548
-0.111873510771854 0.0187779662184817 -0.0901487073097525 0.304653549967482
-0.0528771492762253 0.132645798749602 0.08322390692332 0.340377900498182
0.088513930113334 0.1111677267402 0.25086940231844 0.198256872066546
0.127184860600844 -0.0158067305290891 0.252414260375664 -0.000771616135475176
0.0619846088162581 -0.0786064640927999 0.114339063844528 -0.0816609270464407
0.00685005470217362 -0.0953430628046104 0.00686072124751566 -0.064084590865288
-0.0135098508273279 -0.0782264893525093 -0.0217142088834469 -0.0370816431190444
-0.020699695561196 -0.0654858967165534 -0.0051464871811242 0.0157186572289874
0.00634660392131657 -0.0391830562554878 -0.080231175411031 0.0899082348280183
0.0064627231001298 -0.0298790838156031 -0.260203813753635 0.114495533630831
0.0469345284470443 -0.0416625135676331 -0.409987961005775 -0.169916982275224
0.111163666321535 -0.0105602644161554 -0.231389784788981 -0.51041636653342
0.0967259241850872 0.0773032641966678 0.19862929286662 -0.486102825385922
0.0107253614796824 0.124265992065145 0.108037880642635 -0.134115325207531
-0.0352028095026864 0.0292745569471691 0.0788701522494172 0.0998414076072793
-0.0540499687512365 0.019449303619674 -0.0116018299651689 0.262834751535889
-0.012301662014854 0.084661931006515 0.120459341062862 0.303850882843626
0.0717612975859083 0.055384505784726 0.278271581114739 0.174280635291966
0.0897493249975721 -0.0222646606421608 0.273750567462296 -0.0333215903536556
0.0443604723599306 -0.0576862254382068 0.120117806936508 -0.119112263776964
0.00460430619002239 -0.0698229998022758 -0.00233827286552723 -0.103874074175259
-0.0122330278639411 -0.0600293494572086 -0.0318569934578943 -0.0668986718716147
-0.019026999593056 -0.0550277695179592 -0.0187470679636868 -0.00078804947499452
0.000129857864210528 -0.0462478890393111 -0.10741214852361 0.0769896119825043
0.01426501787506 -0.0545770925165362 -0.30015149985449 0.0631614291121471
0.0874238871876662 -0.0494051599898516 -0.391085750890116 -0.278235916082634
0.136253090111466 0.026774068534942 -0.111862987441375 -0.589694791047489
0.0733446463259162 0.109764122933304 0.314487234767264 -0.473800051625653
-0.00358344569076444 0.114410057537082 0.142148552299058 -0.154898403783232
-0.00247115880451274 -0.0399705119367387 -0.137808591973855 0.128310359640443
-0.027155467482864 -0.0917560844422598 -0.38812548091667 0.399465526554443
-0.106560011533407 -0.0372479054234247 0.00554026173439562 0.616502691788009
-0.108708452481812 0.0492284833606498 0.375573149471295 0.339202436976506
-0.0158978075412056 0.0777088433603888 0.31541243466586 -0.0391080600410702
0.0183357442125075 0.0554873188974448 0.101943507869741 -0.0915952030295149
0.026714574646642 0.0405928269599398 0.00823255614069674 -0.00107373027210835
0.0242725774124461 0.02866521847471 0.0224646388310597 0.0676880982499606
0.014158543162353 0.0275693115714921 0.0152355034042625 0.106577903964428
-0.000987129467580486 0.0320120304504914 -0.0983209026841581 0.132498450014749
-0.014323464589553 0.0168421070239892 -0.251776463983406 0.100230461881553
-0.0119471679633205 0.00608738921086412 -0.306591752766883 -0.0938800293808902
0.0104709855790226 0.0102992683857596 -0.210461037265831 -0.258603179892329
-0.00256190972475717 0.00307910418221355 -0.0714988180789871 -0.24756257885547
-0.0114629233853531 -0.0267886128123152 -0.155586781617399 -0.0941835071568718
0.0238521627460652 0.00407656586729667 -0.169012222323469 0.119651576578576
0.032569808411433 -0.076201337912134 -0.443524669277307 0.379363347609991
-0.0677567518683812 -0.0639209630775777 -0.0664173999034356 0.622660120049628
-0.109764933077537 0.0175204810027473 0.323168970973094 0.371547684178345
-0.0296903970328236 0.0678356656202319 0.296643999059858 0.00176367603591179
0.00791041820525228 0.0443968161504852 0.105682860323313 -0.0609247749303853
0.0110199545302621 0.0196636603307311 0.0173660059155825 0.0151129011426468
0.011473570557459 0.00111312114986896 0.0269227117616705 0.0751792999256422
0.0112533764109407 -0.00906672552331537 0.0232963809142103 0.109674812458241
0.0254108005330599 -0.00789527104726755 -0.0868965687226401 0.136033596991007
0.0388759662168158 0.000299408558600152 -0.237272247441606 0.114145037530361
0.046745002785812 0.0481108311792114 -0.311306781006518 -0.0679530487823515
0.00771714377630436 0.076708393616516 -0.237449453398729 -0.237819214015945
-0.0541183525372218 0.0342804052646008 -0.08352498272148 -0.238897724060556
-0.0513486350129393 -0.0203430915572962 -0.147162472883814 -0.0705462130629386
0.0289310302149643 0.0264350838142604 -0.190439427910615 0.101208060245396
0.0454139725485685 -0.0671020685658818 -0.455011500064059 0.376411137738117
-0.0519224227189024 -0.0542546787816287 -0.0719211474637484 0.602003437834672
-0.0876202043260423 0.0184771170352777 0.28787011650453 0.350723088743121
-0.0143716518865858 0.0527001338230649 0.260250449581768 0.0164516790908322
0.00862861686472505 0.0189493083276872 0.0936559195585087 -0.0365903985693782
-0.000862791099302783 -0.0106669481601292 0.0197358963075884 0.026348679303525
0.000620471332259561 -0.0283457669837318 0.0254945085515402 0.0710726173534611
0.00707864509188894 -0.0410462473142447 0.0245453989874079 0.0964081802779693
0.0462370613934166 -0.0375164509274221 -0.0746341546526674 0.124918831861169
0.0771105949882436 -0.00794817487805889 -0.212928218398707 0.120543407238047
0.0848281660218868 0.0773429699054937 -0.30920497504767 -0.0422941323459375
0.00708599859441904 0.115508568292927 -0.264406025227532 -0.226761207347961
-0.0751612736869199 0.0520075818582426 -0.080248437039527 -0.26081394905413
-0.0687558104722183 -0.00147287264241055 -0.108970977605131 -0.0617812365678443
0.00645493188696077 0.0242406705270549 -0.184237332409081 0.0918714251894981
-0.000503117669275924 -0.0628931791077727 -0.40698941995134 0.382030540374531
-0.0707999808606658 -0.00754427482547251 -0.0305831424569055 0.54661729912196
-0.0482851740744093 0.0597189411277189 0.263851188336942 0.295833277133261
0.0297582770915364 0.038760945409761 0.224026841994786 0.0178162102474206
0.0231527813012409 -0.0153467306810085 0.0814415910031875 -0.0248448164838552
-0.00551285250419709 -0.0459010879135437 0.0185102086602729 0.025554902472622
-0.00718677351936948 -0.0542131556077293 0.0180072073210306 0.0544585622937556
0.000676627947962605 -0.0610442308972821 0.021613647287717 0.0732126206867184
0.0545756461993592 -0.0486206764025883 -0.0606241396014949 0.107276120965955
0.0868461709033459 -0.00225869317022433 -0.186312080813939 0.125062300618333
0.0826738143228377 0.0867590341268507 -0.311150234926021 -0.0220013883443544
0.00232144674122142 0.106943958985202 -0.293140210690367 -0.236705018294598
-0.0574414545046115 0.0467013851715649 -0.0605058271669472 -0.311334274346037
-0.0561926662773277 0.0268660297065337 -0.0545611123920339 -0.0678706560267818
-0.0319868401047364 0.0147871350178558 -0.139547705502554 0.097006410882957
-0.074034075347516 -0.0396165618015382 -0.301837313690292 0.377344797134963
-0.0895571927170504 0.0660341297832305 0.0234217952485728 0.466817264196598
0.00905339802021881 0.108742612661273 0.247213147568288 0.239411972785809
0.0842709283991054 0.0199476056355438 0.208762787576724 0.0133899892006828
0.043175597439868 -0.050992655404977 0.0810182507718817 -0.0295342519376526
-0.00559461864892976 -0.0771656231449334 0.0152392261146027 0.00955894555245594
-0.0143016702389334 -0.0719271331046704 0.00623690838354369 0.029320256014271
-0.00963511609071713 -0.0670518990857703 0.0163392855768191 0.0499357424693693
0.0447456560114898 -0.0439499258989552 -0.0499431579861367 0.0956406532705537
0.0628932966093066 0.00512771559785368 -0.17505950111188 0.136737892463733
0.0498727065457607 0.0614154687292256 -0.334721781426308 -0.0176540056998665
0.0123872877724943 0.0537792940519724 -0.318418883721664 -0.279805248374869
-0.00242734857067378 0.0327337659982989 -0.0176392388887057 -0.380864229211315
-0.0227900968186022 0.0647299669801898 0.00310951212162058 -0.0856612115587133
-0.0601017595130314 0.0154450311649717 -0.063643819878823 0.105219646040619
-0.117517030894047 -0.000806020901831255 -0.177492975671988 0.346420715152118
-0.0770508811376465 0.123683396236668 0.0665377188640418 0.383924290975343
0.0660027892370524 0.125689385751606 0.240849464916263 0.199801154653745
0.120196236503111 -0.00536512065859476 0.218084108645148 0.00426597998062075
0.0555955181712004 -0.0767320225312111 0.0914031665670261 -0.0500024463912592
-0.00278156460065334 -0.0944964364432705 0.0102273240685813 -0.0203856568820333
-0.0193219916733246 -0.0781967494314735 -0.00885536504365922 -0.000681631323761929
-0.0199867954686442 -0.0642785996244342 0.00770484138552921 0.031453569709609
0.0220008215367266 -0.0356108489872475 -0.0519167477220881 0.0950807331040828
0.0231618942023216 -0.00264904672612183 -0.196625857001835 0.14651056408375
0.0247905243456828 0.00378751414872585 -0.377625340793256 -0.051911871491461
0.0524698902736132 -0.0067192060720461 -0.317101075981074 -0.368673744831496
0.0658267022689081 0.0371630217410253 0.0606578552799883 -0.448865169523865
0.0113647212602669 0.103475207695494 0.055058951155839 -0.111890914802059
-0.0595052997229844 0.0259558319403393 0.0187618747357633 0.103062405736395
-0.104546701927159 0.0276168377626074 -0.0682756232634152 0.299657864191985
-0.0394180442681422 0.129290094333912 0.100135221730864 0.323565739473511
0.0920946828016589 0.0982257124384371 0.252875757069489 0.174249962739081
0.11946921985025 -0.0265398262850138 0.241649832189684 -0.017899982655474
0.0531830750217664 -0.0802581587153201 0.103493763324827 -0.0835768496389833
-0.00110663086185268 -0.0905993146222687 0.000545969395132882 -0.0583910675812832
-0.0204963593083858 -0.0718433747813402 -0.02443189214668 -0.0305502404275875
-0.0267090262099612 -0.0579781009516176 -0.00516474672663941 0.0172530287063156
0.000416525220201638 -0.0357148639406281 -0.0722363060175624 0.0958856441791667
-0.000880688394305696 -0.0289709231251622 -0.246226167111527 0.1320849479803
0.0396061360630741 -0.0504437950866423 -0.413593402428773 -0.13685811655726
0.11056112338279 -0.0244282980095627 -0.257986357876689 -0.48319444014891
0.104536159927379 0.0702101469104036 0.166747991686443 -0.489101100060408
0.0227789281929261 0.126610366376699 0.0956833333393249 -0.140211504490844
-0.029170488486436 0.0363380985287802 0.0828008087050874 0.0883068518042132
-0.048644509595838 0.0237469334025994 0.00487404736916613 0.253629929776943
-0.0034558174824297 0.0814645089958371 0.133219576984993 0.284550525250529
0.0725723299445284 0.0462863644861485 0.277781000838631 0.149879620906843
0.0840668527098464 -0.0293486379474671 0.25956093358204 -0.0490373554193383
0.0380851014984481 -0.0593859770431847 0.10624506130619 -0.120109057698244
-0.0015287938322721 -0.0663940137523519 -0.0119111625291965 -0.0947531262624405
-0.017416846027562 -0.0557396769404621 -0.0373584768197561 -0.0577694679592454
-0.0236550898248483 -0.0500108672871032 -0.0196230921298851 0.00328508612926817
-0.00560824123062937 -0.0442470204620624 -0.101233641376338 0.0864202959273961
0.00676844191505886 -0.0550539704106151 -0.289730546719604 0.0847331489163085
0.0812827414257705 -0.0589912400733079 -0.401766793955848 -0.244590795835039
0.137889202437315 0.0135833211695272 -0.14639616165079 -0.56989513415757
0.0804912256161057 0.103912911149612 0.280627753009797 -0.484691165807866
0.00606333989542084 0.116229151761378 0.126704993589116 -0.164101941592428
-0.0052652572021654 -0.0357813204399518 -0.119665414451608 0.131089172031754
-0.0317375837177695 -0.0848665796932969 -0.345588362767606 0.394702785334793
-0.103348669998721 -0.02921036267527 0.0345931767987511 0.584053128871472
-0.101072479478605 0.0539964138594361 0.373018973368882 0.299627407949012
-0.0108256274736872 0.075081586954358 0.297438872049097 -0.0565873450682746
0.0208199669098552 0.0509606446538772 0.0921387853147906 -0.0948659369560724
0.0286049520381393 0.0362530918878572 0.00987250704419056 -0.00433058777513642
0.0252242829731855 0.0248304620443214 0.0267546566220161 0.0588762824189106
0.016042299158666 0.0247609549059185 0.0210135322665633 0.0931554493718956
0.0021571763576612 0.0307575988417209 -0.0826933185135606 0.126050649544441
-0.0122686281467541 0.0175327636645472 -0.225525766416732 0.106053238220515
-0.0105609812318758 0.00790583176237696 -0.288290944341016 -0.0706844268668723
0.00953100775361119 0.00924260033003207 -0.208101849890926 -0.228179835292807
-0.00486865087771765 0.00299560432779063 -0.0784862755495334 -0.225601220302582
-0.0142232546515984 -0.0255809053237832 -0.151652150177693 -0.0737339706761597
0.0243458547719997 0.00673506625156317 -0.150683111189715 0.124726956585728
0.0285940525905014 -0.0727432127329118 -0.400191744131612 0.379642315097934
-0.0659943921416726 -0.0590189669150916 -0.032950105279366 0.593913977544631
-0.105516871428725 0.0204323108704984 0.324216134037212 0.334489599039157
-0.0276809169997821 0.066160107027255 0.28100114479744 -0.0165583805224373
0.00896515867775021 0.0421947608697345 0.0974509686694249 -0.0659156791758091
0.011744046938393 0.019644597099167 0.0190052308370372 0.0107421633467763
0.0112740387489566 0.00158679050639814 0.0309037671148039 0.066072756483793
0.0105322512384092 -0.00847448632536026 0.0281579425199105 0.095777651636623
0.0235924366411324 -0.00740182077853504 -0.0725183441033335 0.128357602982121
0.0356419886000883 -0.000266163382694425 -0.212306346260028 0.118191990193526
0.0455290668851556 0.0435623100968192 -0.291873346724349 -0.0465823943794545
0.0105983873865671 0.0707429496584177 -0.232937388016941 -0.206499617058179
-0.0502327074808961 0.0347029130064542 -0.0885508409572252 -0.216988707577663
-0.049033414295455 -0.0156198857245953 -0.141785984406077 -0.0519804003464916
0.0319951309177977 0.0299622042481622 -0.172710860135571 0.10863113354762
0.0444360560038232 -0.0643504241608914 -0.411164944125594 0.377644374595866
-0.0487877131992189 -0.053551572611548 -0.0394270009709022 0.573283233482449
-0.0854614130108878 0.0176756467764958 0.291320495414081 0.315137445125535
-0.0158095478221472 0.0505768759831565 0.246310350600457 -7.05550084751211E-05
0.00670721212411968 0.0196400766854294 0.0873226926983682 -0.0416726060539011
-0.00204202490817044 -0.00628857912989733 0.021150975088963 0.0215893419307769
-0.00109506914249391 -0.0236065735339726 0.0289275290755439 0.0632567287942224
0.00462652336596537 -0.0363756100170059 0.0284761992233307 0.0833747507880917
0.0413992361649243 -0.0361819871757261 -0.0618151633294693 0.117328730215551
0.0705097242314228 -0.00999729586082993 -0.188780099262839 0.122154572917122
0.0812568552688206 0.0677086346037635 -0.28847544418446 -0.0218050456284387
0.011783257647081 0.105281238034936 -0.257600353674969 -0.195167460749335
-0.0675444479342132 0.0520007053009697 -0.0870795832727955 -0.238107990902945
-0.0627220488664604 0.004409724366168 -0.105295126319597 -0.0469235554430169
0.0117798514364197 0.0303160846220149 -0.16824499548507 0.0983166118075127
0.00248159291416041 -0.0582580260205792 -0.365224353778068 0.379707453884295
-0.062975239923247 -0.00917227582513249 -0.00093929663384544 0.518824329734014
-0.0464894935927288 0.0529607758536062 0.26488953032791 0.263447162394729
0.0244399617351385 0.0343577091227319 0.210724957133266 0.00250633003621538
0.0176253642477673 -0.012554517927979 0.0755062278289221 -0.0289503269391255
-0.00913200761197761 -0.0378972180593886 0.0191982332937112 0.0227574501843217
-0.0108644223509127 -0.0463490637782618 0.0211146713522105 0.0493210428005991
-0.00227091806720008 -0.053327818033065 0.0236619734562322 0.0635060528425564
0.0480037405065986 -0.0459207017782214 -0.0494493508215361 0.100858567176802
0.0786230376125458 -0.00453494562883446 -0.164470340636198 0.125478868861221
0.0782106398822844 0.0757528186422036 -0.289852145281191 -0.00182943690550912
0.00703580110936411 0.0959573225617102 -0.286290206031166 -0.20407436353119
-0.0492500635328246 0.0451185209327091 -0.0711331366376754 -0.289037004679244
-0.047103336190011 0.0317745041913669 -0.0543791438583991 -0.0575091912084922
-0.0242953001862807 0.0233613471433894 -0.126690166995057 0.0992193350711024
-0.0652455761023714 -0.0324560888748216 -0.26598561721876 0.369807842354419
-0.0763584043276718 0.0609617019457401 0.0459414525137566 0.436493439513581
0.0105663412045476 0.0960342784110572 0.243544277493753 0.210350879345661
0.074658919514358 0.0125179495479473 0.193573535591796 -0.00035353785310902
0.0345977439800291 -0.0486472672417534 0.0732839058347442 -0.0312293546259917
-0.0118477356222207 -0.0677616533449572 0.0151054656017071 0.00986557786839246
-0.0186585199423107 -0.062455620076648 0.00819853931327164 0.0278389629752489
-0.013262564291886 -0.0575802091684899 0.0176079409026679 0.0438827015069011
0.0381937194128948 -0.0402018101938915 -0.0397899048393323 0.0911304571404933
0.0552797232435568 0.00456410745952365 -0.153399601018486 0.136863286687953
0.0445240732705079 0.0521697021590535 -0.313052389297762 0.00426582803815948
0.0135866936547453 0.0434026798440701 -0.312964940495985 -0.244443269121287
0.0033863535344585 0.029171183191657 -0.0341257550123876 -0.358252908648065
-0.0123303170901423 0.0671359304051889 -0.00109445117974403 -0.0784073134406607
-0.0508048887307729 0.0255292924940499 -0.0551024967566737 0.101017848942755
-0.105270013547461 0.00636184405985499 -0.148629273595504 0.333403694823615
-0.0624750094615742 0.115340968435162 0.0812434154774525 0.356096616148135
0.0658254965658183 0.10981120880701 0.233829288571347 0.17271273366874
0.10852442491439 -0.0133035110164519 0.201246191439421 -0.00952421719489327
0.0449328481598594 -0.0734016494681976 0.0818116903747053 -0.0504042634831399
-0.0103294137162669 -0.0844406210666535 0.00742297685217481 -0.016312054117087
-0.0239805585634448 -0.0680663908672601 -0.0079335842808152 0.00237175073397885
-0.0232595830167844 -0.0545910881378895 0.00844926693547943 0.0286889249568517
0.0165984715870933 -0.0307995219251837 -0.0424791382895904 0.0927408232581598
0.0165468212346347 -0.0010254929318348 -0.173641141159217 0.149518888626447
0.0173267009470272 -0.00175997202294019 -0.357569807377139 -0.0254276947884392
0.0499032579681514 -0.0165392021162487 -0.317260552025785 -0.32788353348855
0.0693625081086436 0.0302777939257499 0.0347851396584638 -0.42724840073427
0.0216654104421334 0.101681753897362 0.0458233283386065 -0.108267080761755
-0.0502518958894195 0.0343804549555516 0.0228156920626675 0.0932953303429862
-0.0928694676249291 0.0321360250727163 -0.048768781675439 0.282223236505437
-0.028323080403484 0.120012337933516 0.108713807952338 0.296697151450331
0.0898447982443563 0.0841164268203286 0.242764914404708 0.14774186938158
0.107727504002775 -0.0324539270349555 0.22129496545206 -0.0298728440319786
0.0435783616266778 -0.0780735640504403 0.0905936771793558 -0.0810571680558662
-0.00794028285285688 -0.0826061138493761 -0.00392416712025699 -0.0497674384885412
-0.0248203436582839 -0.062927482206326 -0.0249430023447754 -0.0234118768520983
-0.0295439075573657 -0.0485199456442534 -0.00418644732474141 0.0180879177945269
-0.00420719485791219 -0.030863966818385 -0.0618740705016284 0.0965698909932701
-0.00781945039157666 -0.0267011123577939 -0.222689331438269 0.140026021697519
0.0305500503424557 -0.0549012736433346 -0.397490668358797 -0.105249208912714
0.105341535602206 -0.0347748697398527 -0.268914736264978 -0.442017652146368
0.107242613322301 0.0611579391715451 0.134238355181545 -0.472770084362981
0.0330626469389209 0.122971072013783 0.082111455301296 -0.139115536750755
-0.0218055281945307 0.0405719344384161 0.0815207930968631 0.0745428953945663
-0.0419705113062122 0.0252996920007631 0.016549264568315 0.234162466047433
0.00292311069235996 0.0742772029227288 0.136953970582068 0.257900595414019
0.0687026669294227 0.0371509178131662 0.264281287551826 0.124270025458085
0.0745945699162104 -0.0335813786676886 0.23704547666794 -0.0594882192478211
0.0312953530756973 -0.0586244010513565 0.0908087946506103 -0.114644863735325
-0.00610716281814808 -0.0606313473111497 -0.0177833766392919 -0.0825751005266239
-0.0204248392202206 -0.0493154325208536 -0.0388971806160926 -0.0465594170138796
-0.0260905960417963 -0.0436984104125562 -0.0192796858466884 0.00746606973780176
-0.00974012429966512 -0.0395972265154183 -0.0904780784931726 0.0906039668529636
5.15083276688014E-05 -0.0526873005273948 -0.268776822997744 0.0986750764117914
0.0714789018757 -0.0638614948229093 -0.393249792134146 -0.209319939824561
0.133078562462237 0.00168098370389902 -0.166745065959863 -0.531670284772464
0.0837123176037742 0.0952172171881688 0.242740938339475 -0.472840682623794
0.0143013314191953 0.112745322568904 0.109221009645344 -0.164275555490617
-0.00850300091270665 -0.0264615273970794 -0.0851816296339192 0.139456720922619
-0.0356180669323866 -0.0646451313545072 -0.264512000637982 0.416169487337931
-0.0880399961612286 -0.00943835952409776 0.111032639595955 0.533085688183372
-0.0758782763704608 0.058846332588341 0.384062044280381 0.226187768493718
0.000286367046385185 0.0641818068360973 0.266620413030694 -0.0943192664247794
0.0237745623291446 0.0423929061142095 0.0739463953538716 -0.102871607636934
0.0313533843952906 0.0284042180902474 0.0100213038286281 -0.00631476080160297
0.0265871796926874 0.0186861473959977 0.0337930029967593 0.0474467010006422
0.0186800662425052 0.0200595115257645 0.0324895777290202 0.0782386736634243
0.00684599922202093 0.0294920648541596 -0.0563332045398216 0.125798305307248
-0.0105382358002106 0.0201453614611842 -0.187005546633486 0.130798893332536
-0.0117191970850362 0.00945552907692001 -0.271022093230953 -0.0227353102302041
0.00761409595338237 0.005755235083332 -0.222679083683103 -0.175582697663154
-0.00646399746108087 0.00070014863374976 -0.103289664080918 -0.190645072133503
-0.020523988078301 -0.0224622130393083 -0.146281714131363 -0.0405978470773552
0.0249052501475496 0.0107353651783324 -0.114310501370442 0.141613083481113
0.0229711440178438 -0.0606192264047682 -0.312886736732183 0.411187692577621
-0.0566760612905281 -0.0430002942026431 0.0534706124949234 0.552603286157758
-0.0858447905011819 0.0278277849494793 0.344288344544965 0.262014884657911
-0.017425169889821 0.0589935153943526 0.257262007629966 -0.0559912150781664
0.0107001479515935 0.0381028785481248 0.0826158675706125 -0.0772930972909286
0.0140976543669485 0.0174840488638482 0.0205168738428586 0.0060061284989901
0.0112456289571846 0.000915637015620406 0.0392394581695654 0.0535393031037772
0.0102673665771347 -0.00852630126051477 0.039926139222316 0.0797134905490336
0.0219482488129822 -0.00811749651079527 -0.0462051648131661 0.127182550540476
0.0308189692346515 -0.000842549926066121 -0.174253611548386 0.139363594333207
0.043066069164005 0.0348039291119271 -0.271899331473481 0.000808807381870364
0.0144611810829714 0.0605555418662765 -0.241435751258302 -0.151042730331154
-0.0430173441052396 0.0351291618704758 -0.111743618814722 -0.183286276820438
-0.0494481142890773 -0.00808867033814847 -0.135049486059625 -0.0232144008578887
0.0355677660055006 0.0326401679223715 -0.137854354808351 0.130683470065933
0.0406913029118299 -0.0551108342315845 -0.324097078370693 0.411669128490067
-0.039409062409552 -0.0427096932469068 0.0480800983820584 0.533030736899007
-0.0703079190906168 0.0205090178244587 0.312054251691876 0.247923505798225
-0.0108429764114172 0.0441138167911859 0.22673833405493 -0.0367876559925372
0.00555290775915027 0.0186348589537348 0.0754856968321387 -0.052818001288268
-0.00243606780268827 -0.00250383145753528 0.0235549539666806 0.0156892687474517
-0.00340965085208166 -0.0188236252449343 0.0372744225353115 0.0512255444219956
0.00133995745936636 -0.0320253585836121 0.0381098336380709 0.0693956577227121
0.0338855437566405 -0.0356064193758526 -0.0373926442788657 0.116091089071095
0.0614081221241451 -0.0125930564656924 -0.152381442677125 0.139562321449479
0.0775093086604292 0.0527876555870227 -0.265630583399122 0.0220708750614581
0.0192498371053094 0.0904626763546406 -0.264975086445348 -0.136555669233085
-0.0553664755288596 0.0517907658851711 -0.114027463263041 -0.204530800614893
-0.0567368789171019 0.0126798963331992 -0.101250995735186 -0.0241726545098564
0.0188131395251329 0.0359974907288432 -0.137372051775078 0.1198885899716
0.00515659663031249 -0.0452544507068196 -0.281028234612162 0.407812818547302
-0.0468639421258477 -0.00321141467278002 0.0723586152359438 0.479043462007617
-0.0322447224095048 0.045803774137022 0.280162434222391 0.206591198656008
0.0217013866686217 0.0245207529760028 0.195149190265224 -0.0296112073624088
0.0115245892168297 -0.0120533950772082 0.0663126804451182 -0.0389583534051951
-0.0140520912976242 -0.0295527776571595 0.0222063084221603 0.0168166067767193
-0.0150087403056078 -0.0375747614607722 0.0283475688143918 0.0407791483216872
-0.0079147888945889 -0.0452662483231921 0.0312777512472108 0.0528785385192671
0.0382819567467734 -0.0449514535722327 -0.0285352568865747 0.0997601425139922
0.0690124331703173 -0.00792355828893882 -0.12921809510129 0.13911269266739
0.0737025481481273 0.0600384371693646 -0.265068055029785 0.0417854472624937
0.0128786822081783 0.0805633771385223 -0.29182974258469 -0.140200084388022
-0.0373937974850057 0.0414101334652823 -0.108119640907104 -0.253896677222339
-0.0367621129873554 0.037187022388974 -0.0559625621507641 -0.0423256333070998
-0.0139819410463292 0.0336327836863939 -0.101486216573699 0.112693648768278
-0.0524906422181166 -0.0151910132766125 -0.192488507409366 0.383727824306225
-0.0516604638620087 0.0600655769417168 0.102244275593002 0.399585699411513
0.0232753707179405 0.0766566657088292 0.252260592487394 0.16398242480292
0.0640941773537988 -0.00126483178763309 0.180798391342992 -0.0301160872737983
0.0223662944556273 -0.0470316565613876 0.0640223858568569 -0.0411143623935293
-0.0202359998660312 -0.0562149952670959 0.0163499489933507 0.00539905152430666
-0.0245522227837791 -0.0502389901985073 0.0131341609861431 0.0243979248917707
-0.0186151024891369 -0.0468099152670463 0.0231580571696074 0.0364887029940415
0.029236238114869 -0.0375676071404031 -0.0212695315525128 0.0906503811480354
0.047098303819949 0.00345166550913017 -0.117431224281161 0.149193352555432
0.0372444556173707 0.0414226241220922 -0.284804165282175 0.0518354421945825
0.013341599846602 0.0294407758605405 -0.32455623195984 -0.175349216630369
0.0114674753899968 0.0188147376046111 -0.0872252737619747 -0.322543430228578
0.0015187388714936 0.0662537123298636 -0.0109949904800568 -0.0703781273446567
-0.0366258785528092 0.0367257454358155 -0.0371432839631241 0.101439793201522
-0.0839855281084956 0.0233349381230556 -0.0898035378707461 0.330791257223093
-0.0340671877999622 0.107049074690719 0.12057424609534 0.321605211017453
0.0745473437640109 0.0819822669602137 0.239124804082894 0.133304612186492
0.0924036918135908 -0.0294941846835464 0.18789839612179 -0.0394820884980713
0.0291518426561028 -0.0721483695878577 0.0694249267713458 -0.0595617343666674
-0.0216002419787114 -0.0722839366637923 0.00668712010566228 -0.0174037712707311
-0.0301230148262936 -0.054666947220811 -0.00571500673179975 0.00505129058078227
-0.028274229810853 -0.0421007006159693 0.0130378455954777 0.0257338038286852
0.00963385618559512 -0.0259390070754541 -0.0225517594816328 0.0942236785158823
0.01006650518843 0.00221996347837543 -0.135091585225179 0.165805539146224
0.00494434638257633 -0.00750079223233993 -0.33191681172033 0.033037643363153
0.0413857092394255 -0.0307777888350614 -0.342316972369768 -0.254259493584931
0.0744039131921191 0.0110363493579182 -0.0347155744872901 -0.398100621265487
0.0376123104039847 0.0943650456665037 0.02641496460211 -0.105348653039344
-0.0341730282390131 0.0425561721450948 0.0324951926382132 0.0806703009361361
-0.0710063009087822 0.0430500145104211 -0.00558404413434875 0.267582884603842
-0.00342104819867166 0.107512039188131 0.137722083138979 0.262747391534245
0.0929437404000449 0.056610502532205 0.244276381958795 0.109655672760951
0.0902285974186234 -0.0477071653330457 0.203341311658434 -0.061531250306498
0.0271912997052467 -0.077143345645426 0.0734516107514903 -0.0891203260949273
-0.0190692781753985 -0.0713007519689262 -0.00897847829058363 -0.0453551748378475
-0.0308075360916575 -0.0512123215511863 -0.0250352713332406 -0.0147928401273652
-0.0334539860416367 -0.0368520195163585 -0.000234683345620343 0.0195399319568142
-0.00946470546441815 -0.0236061134839493 -0.0403864982973864 0.1023776612599
-0.0151994946310465 -0.0194826459578519 -0.182218277796613 0.166691666133338
0.0114619235293116 -0.0603644887870197 -0.382777992283614 -0.0341785853118818
0.091537083593811 -0.0538928536901067 -0.31287630602302 -0.365263214079205
0.11390391522762 0.0360139996167666 0.0500722897198647 -0.454036548389965
0.0497476801281338 0.112135013416201 0.0547350903268912 -0.13983958729958
-0.0085411419542982 0.0431406074479946 0.0838093823988828 0.053674018389316
-0.0279876261216839 0.0295302699305819 0.0487956945490159 0.211774726453613
0.0176599476807471 0.0634814760554149 0.159690585314811 0.220869574126056
0.0690998573621046 0.0177716188653295 0.261955100193509 0.0820248720969995
0.0607709670718411 -0.04533334500562 0.212127370038737 -0.0913946361621715
0.0185653620462467 -0.0588032990391056 0.0687559459024201 -0.118074781630975
-0.0147497654331172 -0.0529496410753888 -0.0270890038423777 -0.0714153668889703
-0.0258077212897282 -0.0403992611911361 -0.0419851848276267 -0.0329209690773922
-0.030490104871978 -0.0345584573531999 -0.0162520541021744 0.0131839839173301
-0.0158166405045947 -0.032672696027684 -0.0683280896982349 0.101995683354841
-0.0100848958197088 -0.0457825917374345 -0.232720249469352 0.13646110153446
0.0524363151325743 -0.0749101399795628 -0.396606694727326 -0.131443353302396
0.122179868900733 -0.0213544664054279 -0.233367068431354 -0.464315892612246
0.0962876728117848 0.0724715612106816 0.150123860133672 -0.472702025667642
0.0292858063646018 0.103754785809231 0.0762401829802055 -0.167621070196367
-0.00702043505675219 -0.0233996890401118 -0.0795417243692953 0.131790504344274
-0.033417118534993 -0.0615193494756616 -0.262014130638252 0.385590255502468
-0.0836857570290355 -0.0100862743938718 0.091315415593282 0.510143361111943
-0.0736408913060184 0.0558402175087008 0.35988831788801 0.221654753714782
-0.000304898245584993 0.0616887736351102 0.25468281116648 -0.0858896007796799
0.0219939532425835 0.0406123467239516 0.0728157068663509 -0.099232892558183
0.0301342493537473 0.0266751676214632 0.0106302090355031 -0.00891887846317287
0.025210648201178 0.0171775918318131 0.0318227905380576 0.0422715323359885
0.0180601758781245 0.019137525639073 0.0290494111253244 0.0696957092797608
0.00717326681562016 0.0278425031266063 -0.0537215691412923 0.114174412948813
-0.0100645983323316 0.0198450818873805 -0.175262590100719 0.116995636841146
-0.0107522165138814 0.0105078745721508 -0.250739768876775 -0.0279027874123206
0.00670378566485203 0.00592808656829821 -0.201520272574708 -0.167464854857864
-0.00873734411486989 0.000906476228955685 -0.0907374695103789 -0.178952524244317
-0.0212041971560815 -0.0217789904816016 -0.135566028139501 -0.0353115001466306
0.0265040084319913 0.0140550741846312 -0.107543069891892 0.134015750476268
0.0255004817451022 -0.0568604619068836 -0.307770484718061 0.381169066299114
-0.0518527532169798 -0.0442147071759871 0.0381995714970091 0.527751574674044
-0.0844506411721551 0.0240175268358436 0.322089188112873 0.25570895248698
-0.0196042173051426 0.0571645262182133 0.244884825800636 -0.050379841206904
0.00874515625207075 0.0376926922521813 0.08046527363721 -0.074508572889901
0.0128207999585657 0.0180669272227039 0.0200962736006663 0.00299328598597571
0.0111253808181679 0.00238941461452389 0.0368624532858735 0.0479078758753451
0.0102520195323875 -0.00678488749567524 0.0346692137168191 0.0713803045005764
0.0214253410661737 -0.00614129115226604 -0.0450488042847809 0.11464738137704
0.0292543925566373 0.00116378419266429 -0.163505672126628 0.125023220103814
0.0395423881050645 0.0349233397814666 -0.252091451128739 -0.00608572017578423
0.0119473136517713 0.0567969863345653 -0.221241663645907 -0.145482309132591
-0.042475484448681 0.0322445125682414 -0.0989425788861589 -0.17260245647018
-0.0465321989233546 -0.00783342045928871 -0.124658722124118 -0.0187420122333885
0.0377646045723137 0.0365869424432792 -0.130976651873094 0.123323361139225
0.0448740362949663 -0.0510789466638624 -0.316552517750792 0.381926679853919
-0.0345278256959291 -0.0456921077378222 0.0328497655649592 0.509525498325115
-0.0715227408890148 0.0150183175052485 0.290546984618594 0.241560096018871
-0.015167567018496 0.0424126952187148 0.214289461377791 -0.0327204714402253
0.00280139656317436 0.0203820846262305 0.072945700629189 -0.0508524040761521
-0.00216743087965148 0.000386053969213703 0.0228778885889133 0.0136223106754207
-0.00257378120709484 -0.0150567777732312 0.0356986720295199 0.0464433823208951
0.00214435728476718 -0.02814591381513 0.0340346285662505 0.0619873616135301
0.0329362145459318 -0.0317568330099839 -0.0368919105193389 0.105052494538768
0.0573747275414779 -0.00885719724601277 -0.143497709944805 0.125231262342252
0.0697991878688303 0.0524547861277001 -0.246700707309447 0.0152792715408268
0.0149910564698594 0.0837601311219938 -0.24258922389683 -0.132259527419201
-0.0529274201597145 0.0470364941724025 -0.100733300546171 -0.193955818206664
-0.0512582103012058 0.0121835494327602 -0.092943148982658 -0.0204775813977357
0.0228115050786967 0.0403977646214138 -0.131678200341806 0.111767181628167
0.0121803177286737 -0.043030817370604 -0.276214824689853 0.380005096803267
-0.0418116333560625 -0.0105402291286913 0.058272250375348 0.45499089253374
-0.0364011835330046 0.0388156763377223 0.261272550315882 0.19971536435778
0.0150605013082286 0.0247443984720394 0.182955155038221 -0.0261329666152891
0.00867562016073188 -0.00809463862852918 0.062661757989414 -0.036482312360471
-0.0131385536307677 -0.0245847124366973 0.0212723059147022 0.0159645703750988
-0.0133600006328517 -0.0321171931689284 0.0274699742940487 0.0376529800142809
-0.00603900489796381 -0.0395609549438751 0.0277365690597674 0.0474701748843447
0.0366107640055481 -0.0392506683429604 -0.0284003565879494 0.0907545033166852
0.0632601622259684 -0.00333636911082002 -0.121501626373733 0.125862242247118
0.0638389210209905 0.0589338729688064 -0.246108025206843 0.0340806599668663
0.00894082012874882 0.0721452652936315 -0.269667274187665 -0.136393878563337
-0.0347595942106591 0.0366110661493286 -0.0956636142621873 -0.241293788446883
-0.0312389729107748 0.0369968896592958 -0.0505611806298521 -0.0374173509204036
-0.00736476353757856 0.037673924789997 -0.0978899741529363 0.104914893432615
-0.0432864460619192 -0.0161817558224126 -0.190620852949883 0.357897949453905
-0.0474359193523715 0.0489595764243209 0.0883061139402045 0.379804131698803
0.0158969400065746 0.0696100591957834 0.233828195517304 0.156951501569043
0.05626341172416 0.00025048720066106 0.167600501721124 -0.0252704201712187
0.0189069503695477 -0.0413709314068568 0.0601525472053895 -0.0371526266932518
-0.0195637100697627 -0.0491349939274531 0.0159812291768947 0.00681033318377229
-0.0228206710159762 -0.0435514269054366 0.0132693435055061 0.0234373963665579
-0.0165524097803959 -0.0401844443361989 0.0205635233314259 0.0328284640393862
0.0276622905432911 -0.0314560855968921 -0.0204701489688348 0.0832910385645377
0.0414822188281321 0.00748422756020418 -0.109804173687837 0.137432373363844
0.0284550414532901 0.0391704751468596 -0.266533272110906 0.0443064761328621
0.0106135805214658 0.0221042190047992 -0.301452986696503 -0.170187691523642
0.0137025658918249 0.0157565755796078 -0.0740283317236013 -0.307612360647985
0.00564433296512603 0.065891154761759 -0.00748504630507596 -0.0651731964064589
-0.0287716771865233 0.0396650698171393 -0.0374133496026124 0.0941282034367395
-0.074920824662769 0.0196690830159373 -0.0927126451614074 0.309375495585288
-0.0326270174254551 0.0955646179764271 0.105929348881606 0.305150642728753
0.0646688830417737 0.0767751071477682 0.219228906858049 0.128805300411807
0.0834608805473562 -0.0256991053964481 0.173625089357248 -0.0338939192035727
0.0264325590139409 -0.0660762464211446 0.0654145427176231 -0.0532145899855473
-0.0205066182642174 -0.0653303846478133 0.00714227406220689 -0.0134454815734649
-0.0280529377207462 -0.0484436118642816 -0.00434128781858312 0.00598314327893263
-0.0257951900524831 -0.0355040562033485 0.0118807213045635 0.0242765918631803
0.00850830244719632 -0.0205385435463627 -0.021812034765061 0.0881800951817115
0.00515449161123701 0.0055049961170506 -0.12769551614025 0.154762823266355
-0.00148045196886721 -0.00927178606926431 -0.312333797650826 0.0257026874028242
0.0391180845050621 -0.0354116803124577 -0.317860084521036 -0.24683276697162
0.0746484669916197 0.0103777574478052 -0.0236276083167895 -0.380130264491316
0.039617383225003 0.0939907496992086 0.0278153367383809 -0.0989412441224898
-0.0272939552175717 0.0441680891372993 0.0285493408572648 0.0744686027812077
-0.064201588584373 0.038712779630835 -0.0115065696572565 0.249788091566527
-0.00383428392159549 0.0979343483435467 0.122189518230931 0.249299775716486
0.0841046783145219 0.0533878402961712 0.22450111015922 0.107478500307394
0.0824314085505006 -0.0428924233225453 0.189460429304135 -0.0531470837626962
0.0250738854557077 -0.0716808685947019 0.070171153254178 -0.0798263896021755
-0.0182779235285435 -0.0654638522872562 -0.00722436043245033 -0.0385239267566723
-0.0285306537079183 -0.0456566232663623 -0.0220818025781349 -0.0117347317914534
-0.0313339777396296 -0.0310520178184529 -0.000277332253046767 0.0197221909716533
-0.0101172428753913 -0.0197981859455416 -0.0387283264724609 0.0974254888336474
-0.0184439698820783 -0.0167913774290322 -0.173792659243772 0.156086367746247
0.00753412135947643 -0.0603909257728024 -0.360765688761538 -0.0390892837941453
0.088569995442104 -0.0550930848286897 -0.288753705413043 -0.353449914368148
0.111273211251236 0.0360457585972788 0.0585103829929161 -0.431538105302345
0.0495176272456601 0.111108631276176 0.0541150844542016 -0.132553881680301
-0.00438443242818952 0.0440357553185454 0.076558767664241 0.0488612048282994
-0.0249438221376375 0.0271180075372892 0.0396908925426469 0.197816156484851
0.016465077804183 0.0577135178606894 0.142667835969052 0.210816559056869
0.0629435873190927 0.016764964336303 0.2407524479038 0.0828631977373143
0.0562745064440001 -0.0418981017743479 0.198838731465052 -0.080274038610065
0.0174354364374094 -0.0551406597261744 0.0660257630348046 -0.106537581252915
-0.0137487627731366 -0.0489525620885177 -0.0231899318250466 -0.0623568184051723
-0.0239241941825117 -0.0365984546657274 -0.0379245439226826 -0.027302583525949
-0.0290439161875887 -0.029859764617587 -0.0155214155532956 0.0148767266117767
-0.0160365360228843 -0.0296385296063749 -0.065597124625115 0.0983612615178935
-0.0117103470642593 -0.0432098019342877 -0.222559588630065 0.12699714793572
0.0486317443570763 -0.0732662339292067 -0.37336604685356 -0.132803825429989
0.118203968534416 -0.0213021611522566 -0.211052262208011 -0.446890494444389
0.0920036308355663 0.0716987350818674 0.155531030799547 -0.445794017716086
0.0284656182649275 0.101502391640035 0.0737065654452943 -0.159584545765196
-0.00532330390220884 -0.0216686416020778 -0.0793640733967801 0.128859809285565
-0.0310777816643113 -0.0611808362343222 -0.273426598436414 0.369204041708542
-0.0823482989167097 -0.0125228283444013 0.0675576635668942 0.509177344923123
-0.075229928463272 0.0546737639293255 0.347350130644261 0.233877218807006
-0.00222466107668093 0.0617969192196309 0.254870836696612 -0.0771914011686227
0.0204991915358642 0.0406362641394888 0.0757024234285188 -0.0981670600112188
0.02883592721533 0.0261743202761888 0.011646070219445 -0.0113536578818366
0.0243354355212829 0.0168205777447067 0.0314554806529358 0.0391288969791017
0.0169139381910342 0.0188425179073304 0.0256782090935696 0.0653153676358731
0.00685317601145549 0.0275025254455998 -0.0552605628214694 0.105768502581178
-0.0104558946873392 0.020015646765212 -0.171353982522101 0.10567844378812
-0.0106133338824343 0.011410492107948 -0.240100777295002 -0.0376622547858678
0.00535739320358581 0.00649532641177645 -0.18713147276045 -0.169352677432893
-0.0110551337950988 0.00136325237000921 -0.0795524559496577 -0.17538180527049
-0.0225210391115574 -0.0222877394551033 -0.129174860733862 -0.0329963239817358
0.0287353585682944 0.0180161424882512 -0.107189094235254 0.129702898824363
0.029902458104 -0.0548483297918974 -0.320309166508266 0.361810275946171
-0.0485636713263136 -0.0481093352727881 0.0150132898318469 0.521860709119529
-0.0874514289226411 0.0205489340552517 0.310573199720878 0.264061950021029
-0.0236628426860544 0.0570668105473245 0.243466106788276 -0.0426073484569553
0.00618876192773532 0.039110754946705 0.0819901086309211 -0.0736353367473138
0.0126293430069292 0.0193482549003701 0.0208886369652966 0.00116202802980705
0.0107292274866464 0.00367373820916489 0.0361454221354703 0.0454459063163693
0.0105044857551674 -0.00533561092013693 0.0317609371192146 0.0660795329751161
0.0221527003917019 -0.00495900780524027 -0.0477451408388699 0.107123547434018
0.0284459134197662 0.00358949509309067 -0.161319967461229 0.113266711271173
0.0367764611453649 0.0366654712392956 -0.242567285829956 -0.0167117473315289
0.00862291830269539 0.0560952116462788 -0.206460706464973 -0.149472887975109
-0.0448359357584866 0.0303648530038897 -0.0875130879275915 -0.170934345636093
-0.0453078756042737 -0.0085264171018854 -0.118694629915397 -0.0168869514517792
0.0414411731361603 0.042267987662125 -0.131367001786721 0.118374313820799
0.0513578729782465 -0.04902957427954 -0.329130940306844 0.363925346181655
-0.0299840994599838 -0.0517332614479588 0.0132163157734403 0.505614956662261
-0.0751534009715096 0.00959156051128906 0.278408557439776 0.247574418060118
-0.0203213322381103 0.0429263850336936 0.211577211725808 -0.026479297177347
3.06261181692235E-05 0.0228476645026667 0.0728888532916589 -0.0490958814234616
-0.00278984887266335 0.00320876310905352 0.0227979756097599 0.0125071208158838
-0.0018048665369405 -0.0125549096841447 0.0344969119697589 0.0438616620571003
0.00367109983230616 -0.0254039194632628 0.0303326594827755 0.0576057390762959
0.0336002335875787 -0.0285394853478641 -0.0391889244180112 0.0977874557459163
0.0563481642709591 -0.00452375468748128 -0.141816176386051 0.114009754553378
0.0644015405838041 0.0546123078650865 -0.237998095026099 0.00468083583948071
0.0100380225669962 0.0806892759271725 -0.228891569910317 -0.137150888166191
-0.0543573788235321 0.0435462147290384 -0.0887986955063608 -0.192462472969862
-0.0488698151378525 0.0127451857323697 -0.0877225963352903 -0.0183069943003412
0.0271894910991715 0.0462222357204469 -0.132084156869838 0.106818854077781
0.0198249869224103 -0.042715212750013 -0.287216570673899 0.363223578661862
-0.0381868461410157 -0.0186474539918319 0.0415324841293991 0.451907821400186
-0.0426736883082127 0.0328443946606181 0.249388330047409 0.203970036028319
0.00936174324202473 0.0261214202189658 0.178337367298853 -0.0207575539943332
0.00603465383350491 -0.00481832345372243 0.0621687488007908 -0.0344511985276931
-0.0130791855672308 -0.0207979599469237 0.0208899090801591 0.016061772037271
-0.0123849539255707 -0.028617192085852 0.0267677349700521 0.0359764882170559
-0.00400386273111988 -0.0353458284404015 0.0252353448313556 0.0439320035709605
0.0375746823105647 -0.0346785709018518 -0.0297749563014468 0.0843967393496865
0.0607783936960442 0.00174850908093104 -0.119916124682796 0.11640137813192
0.0570171611362329 0.0604642308806263 -0.238251842379769 0.0241277327758681
0.00448647980849159 0.0674632674300552 -0.256882023052113 -0.141737010263281
-0.0338496805311938 0.0328885263115752 -0.0822773328938328 -0.240001157730075
-0.0277614739702662 0.0383219463788733 -0.0460073441673052 -0.0350899235094962
-0.00163917615724771 0.0422961587582578 -0.0996901716818832 0.100153218094135
-0.0356507149263834 -0.0181846939967074 -0.199783748475556 0.344104434220479
-0.0470743659695924 0.0398060557477094 0.0716555238148382 0.375222635409596
0.0079204153235533 0.0654833973331641 0.222209114796894 0.160764924270911
0.0496117146897596 0.00356207285287109 0.161853037650418 -0.0204613851590613
0.0176399535947696 -0.0373776101439478 0.0587947468754534 -0.0334758279361209
-0.0185629611497636 -0.0450783509886898 0.0157360311883892 0.00847934910487482
-0.0210963894094068 -0.0400143223697329 0.0134473413729268 0.0232737470634504
-0.0141477725571313 -0.0355807164736787 0.0187210526004222 0.0309847245162467
0.0273129196390229 -0.0265741224449805 -0.021379980387896 0.0794853473660537
0.0372586957071288 0.0123747401459075 -0.109156037991009 0.128570117759482
0.0203960765184847 0.0394517674419707 -0.259331570396666 0.0346359735060214
0.0075633073338623 0.01660640252527 -0.287290568239885 -0.176774928801716
0.0158762902438795 0.0133134576321579 -0.0600358010091215 -0.305628705673925
0.00863791853094094 0.0688259633537144 -0.00376487358775339 -0.0624854996279261
-0.023058089675632 0.0428723528299109 -0.0397775722762566 0.08976509515316
-0.0690239090939501 0.0161029798441571 -0.102637302985658 0.297785754909504
-0.0338988713309846 0.0874986860221537 0.0924577703553041 0.301981213007128
0.057205386370019 0.0752977360341603 0.207707485856459 0.132450299236913
0.0791203330188325 -0.0220113373747112 0.167539472156052 -0.0270352192767188
0.0254755491707166 -0.0623355549423427 0.0645783884613937 -0.0485867371943109
-0.0182437479066492 -0.0615292901878978 0.00762023905406439 -0.00997167142845816
-0.0264356242078953 -0.0449243860125151 -0.00319977075597819 0.00763063968757937
-0.0240124945828257 -0.0308625553757063 0.0108524532714801 0.0238044504115258
0.00795830146817667 -0.016295658992556 -0.0230877868612847 0.0861314719804042
0.00080355551612638 0.0088805082097134 -0.127015966018973 0.146966389186957
-0.00779112356044698 -0.0113903734348056 -0.306416625942833 0.0148563695487371
0.038818258672302 -0.0402708559395268 -0.302781228181903 -0.252583317634583
0.0773316448838989 0.0109525682628094 -0.00780754048330807 -0.376009468484656
0.0415143895634725 0.0980907355542036 0.0313267588970963 -0.0962731258794888
-0.022150014010368 0.0461949676609889 0.0243936601756892 0.0718353937179936
-0.0606115353265832 0.0349749085067671 -0.0218851794999773 0.242716202844786
-0.0058964747427007 0.0923915158426129 0.108252832291565 0.247841095517781
0.077535519622436 0.0533357816348859 0.212527550535307 0.113396447236314
0.0794811109442433 -0.0395335279126411 0.183707645556998 -0.0453728218450955
0.0253928523258927 -0.0684525886126686 0.0705169894991046 -0.0735439943692752
-0.0162401891826937 -0.0621828114705066 -0.0054230217930195 -0.034023196398422
-0.0270847230346186 -0.0429716916163718 -0.0207540334910968 -0.00849678639603846
-0.030130746899734 -0.027244222426352 -0.00115416179774873 0.0206318263053735
-0.0116300919828908 -0.0167382226207019 -0.0401020334946962 0.0967727476603943
-0.0218014681751223 -0.0151008730320546 -0.173709319988238 0.148701416750801
0.00466484093054811 -0.0625269542853002 -0.35406449993942 -0.0513522413882773
0.0899631084221092 -0.0572236452863418 -0.270267120736975 -0.358968765770177
0.112297561150016 0.0394329664832495 0.0762229136398404 -0.425838826876865
0.0494907940622989 0.11513783472478 0.0572197872898913 -0.130082029138379
-0.00053840107610378 0.0458902574004808 0.0724835998053706 0.0469405028003499
-0.0225998635627116 0.0250492721975396 0.0297225324940456 0.192829475684302
0.0152962990790198 0.0549584874512573 0.12925320909753 0.210925387716046
0.059453025273357 0.0178928487709384 0.229613982564884 0.0903738460907331
0.0546323607384095 -0.0390008251238939 0.194948950404025 -0.0699608387688887
0.0176397045608711 -0.0533618472543141 0.0684497523456397 -0.0991766991184077
-0.012294608141808 -0.0479046670174945 -0.0204217046565778 -0.0565822993103418
-0.022520258983294 -0.0350512623350615 -0.0350937947146362 -0.0240108007773266
-0.0285194884013715 -0.0279220200555674 -0.0157173185811544 0.0170407458713323
-0.0160234179282238 -0.0280530286517745 -0.067415736248377 0.0969863967632125
-0.0130267983176976 -0.0424868100533805 -0.222314352861306 0.119427225515996
0.048734472252503 -0.0737838654330555 -0.364457507904596 -0.144105331492199
0.118436213629964 -0.0203082668396821 -0.189198368259293 -0.449786589579719
0.0904071786725773 0.075103710849551 0.171463550897136 -0.435357304728805
0.0274513422764139 0.104249571628313 0.0772671366515434 -0.156026925375303
-0.00382211869589269 -0.0210948687906002 -0.0806741504516125 0.130557975274455
-0.0311190256832876 -0.0638961692289681 -0.29395486577649 0.369669539155753
-0.0843334761234731 -0.0150308057999728 0.055402552195043 0.526021283117692
-0.0791367152936928 0.0567752481098756 0.35287699066618 0.248631699002349
-0.00286893326258094 0.0639583348909851 0.26397289615124 -0.0742039282614634
0.0205976626813672 0.0426112005299374 0.0796064299864064 -0.102533109695458
0.0292601108843779 0.0263491710181894 0.0131076393964329 -0.0146056940583839
0.0247342258918246 0.0168192471023061 0.0321739395715466 0.0369765834009277
0.0166817292747187 0.0189943249005661 0.0250400970044555 0.0627438197636485
0.00706421945800917 0.0285702740773107 -0.0575992576745628 0.102849406483675
-0.0106165342642513 0.0213220957576671 -0.173183949602004 0.100200333122343
-0.0106386864915406 0.0130810848912593 -0.240405568646371 -0.0466572169439035
0.00449749100030286 0.00743908326255229 -0.182451894526342 -0.175836352275565
-0.0141364464846171 0.00202991388091 -0.0730756194530516 -0.17797995053643
-0.0244092714213233 -0.0230246240288574 -0.128504919704169 -0.0308199115922296
0.0325813962804913 0.0219372759069452 -0.109703330329428 0.13197322886148
0.0350124579755475 -0.0557992432664648 -0.339060386819354 0.362387705191815
-0.0475208270655392 -0.0539349041592531 8.14579760494467E-05 0.538820515284941
-0.0928765594575459 0.0178535001994831 0.311733859044734 0.280017197273935
-0.0268418746503538 0.0588326166172451 0.250222852801315 -0.03909495478495
0.00448179471505889 0.0422266018964644 0.0861900663630417 -0.0764063487823438
0.0124117045231405 0.0217351201713715 0.0220171387530527 -0.00157850648094094
0.0111245386394217 0.00468386015045519 0.0373205758367122 0.0428414217429485
0.0112194664316672 -0.00470189957544073 0.0305619705366877 0.0641931726703967
0.0229169504156212 -0.0043633359687327 -0.0498242539137195 0.104217936633783
0.028835487926953 0.00505763645747987 -0.163726338925421 0.108295609526349
0.035972746945056 0.0402254041886548 -0.243142932534822 -0.0249131732628734
0.00620962866028235 0.0570888361091164 -0.202930928600706 -0.156286394673965
-0.0474434827913821 0.0305176431375887 -0.0815504582291684 -0.174010046479096
-0.0459745451641844 -0.00921453227750828 -0.118080327843631 -0.0143832168668384
0.0467934074218087 0.0486101054872422 -0.134964133579394 0.119914565759399
0.0592977818435845 -0.0499181035248126 -0.348975955821015 0.364233503403363
-0.0278184070681906 -0.0600681007169085 -0.000462515010093035 0.520772816017703
-0.0820134335333615 0.00551958364979347 0.280799680386674 0.260419392967621
-0.0254579472311045 0.0447816535027033 0.216181041062868 -0.0239743423667363
-0.00202805622029607 0.0265124029739746 0.0760102892658026 -0.0508615850046744
-0.0030572572872031 0.00597357102426395 0.0240397716017713 0.01182064236808
-0.00171789743540838 -0.0106359335517345 0.035759816877884 0.0424575124516956
0.00506729796838381 -0.0237475983726815 0.0291836793144421 0.0554920069691769
0.0357928179555278 -0.0270723820260482 -0.0415613251376949 0.094967360901797
0.0566320922158586 -0.00143156737764582 -0.144575717807207 0.109142596016367
0.062247528278273 0.0591850864484495 -0.238574405472408 -0.00309829785730957
0.00631137825653207 0.0812423758596441 -0.226552899799901 -0.143884204819911
-0.0566928762491832 0.0429405944653053 -0.0834461712552195 -0.197144847836324
-0.0477605571557398 0.0136186623373105 -0.0862421382628148 -0.0158034625472357
0.034068587900873 0.0532712673131179 -0.136696467884445 0.107499464080153
0.0281578255674363 -0.0442221817541675 -0.304516871499864 0.36480825417133
-0.0365417104007605 -0.0272613372302132 0.0322885949844876 0.465179797929438
-0.0501157909659456 0.0292526939501998 0.250484344421483 0.213920075609201
0.00368209802607993 0.0281379647260538 0.180497621576028 -0.0189662758640147
0.00370760968570212 -0.00155975315308099 0.0632368466889669 -0.0341395271644481
-0.0135450450133524 -0.0173387976599208 0.0212600933768005 0.0168412995807855
-0.0120037645548141 -0.0256945755459827 0.0279736187816862 0.0358240218401159
-0.00231425812206277 -0.0325408592215936 0.0244784415213683 0.0415934060269031
0.0392236990436341 -0.0321915078367947 -0.0311767417716689 0.0825645026026814
0.0604062095653979 0.00570990575055634 -0.122096269338767 0.112231760487819
0.0524302925044743 0.0644144546064575 -0.239953639655308 0.0175133886926525
0.000150837068697455 0.065068855061097 -0.255417116333427 -0.149481458601689
-0.0339871132241388 0.0313032605199385 -0.0758508173030538 -0.246680685948462
-0.0252099510838318 0.0414010651418652 -0.04330779827917 -0.033028908943098
0.00500814000235681 0.0485081393096182 -0.104027874884083 0.100207953339768
-0.0295554312330592 -0.0210673366699442 -0.213888390889683 0.347473640084199
-0.0472593404525881 0.0328840105882657 0.0644223572427597 0.386053401806201
0.00123044184936904 0.0640880007428674 0.221311761049336 0.168466228081478
0.0463911526397418 0.00584547251108612 0.162552839237147 -0.0183473088661672
0.016393946113437 -0.0350379167827444 0.0596325537358623 -0.0325510096357796
-0.0187295972359712 -0.042613467134159 0.0167170312778974 0.010114698685933
-0.0210679782461618 -0.0374792274445484 0.014397490875289 0.0237060606053378
-0.0124958763536605 -0.0321654411721276 0.0188898640803918 0.0295895383097891
0.0281299481437977 -0.0227839179872417 -0.0222266697980865 0.0787790495118606
0.0349751811416169 0.017405176698997 -0.111008254146475 0.126466300147951
0.0137579572246216 0.0406307891983854 -0.263025628803191 0.0293834514203459
0.00465122454279332 0.0109148427581983 -0.287679616305059 -0.186074443114591
0.0195596690955639 0.0116438024959936 -0.0521888667348653 -0.315030449076212
0.0130364364344669 0.0747135160269685 -0.000249173177239993 -0.0624176652523521
-0.017089632381297 0.0477918083142699 -0.0429538471637558 0.0893473462407209
-0.0656553319759104 0.0131150579230315 -0.112977861262041 0.300677558227555
-0.0354777489591922 0.0826910772930506 0.0853388837653788 0.309304199595188
0.0522572478059031 0.0756329825294186 0.206779361200263 0.138681980248743
0.0772463171371803 -0.0206384628497991 0.167456413192759 -0.0239663935473903
0.0251502585643742 -0.0610331931780984 0.0656046236799161 -0.0460152402007016
-0.0191761299609223 -0.05993346299099 0.00826409752768804 -0.00736659674415882
-0.0262792434483662 -0.0424349947579837 -0.00198106153571516 0.00888742681817034
-0.0235359664311909 -0.0269737586196109 0.0109578472098181 0.0236926644743376
0.00684440946369659 -0.0129526963773954 -0.0233618628223051 0.0873627610541105
-0.00340469197938964 0.0129791910779303 -0.1299037344281 0.146888002058641
-0.0144791046525852 -0.0136124227636513 -0.312278442124566 0.00883845649741225
0.0395563011073845 -0.0469458530806516 -0.30247967637566 -0.265899301155134
0.0836238715611093 0.0110965723979602 0.00324150212722237 -0.3871235050006
0.0461305246280013 0.106280612698988 0.0357082609297161 -0.0977790686708763
-0.0169813300292917 0.0499656547591329 0.0230767217737589 0.0705498772100202
-0.0585327963860787 0.0331568649420414 -0.0292632855232722 0.243851197831544
-0.0077416422481778 0.0898300498176942 0.102091574640026 0.254580039911016
0.0749481293943645 0.0554963357916027 0.210840778523846 0.120397366680507
0.0799346251841067 -0.0386807282823256 0.184915211778403 -0.0406784878396969
0.025587432309311 -0.0683351939120459 0.0719708939186696 -0.0708054795443128
-0.016301075459302 -0.0614054806909154 -0.0042105993687984 -0.0309377230322041
-0.0274033358475417 -0.0410448805204809 -0.0191990610949497 -0.00618310403483871
-0.030325086224924 -0.0240510522473214 -0.00107699502903458 0.0223749533506124
-0.0132007396416148 -0.0139667111990331 -0.0407395460997198 0.099355824485282
-0.0262468450997209 -0.0134996413790835 -0.178515880151656 0.149983093079369
0.00105096284891682 -0.0677903315564193 -0.361955781471561 -0.0599507598107993
0.0943343798284428 -0.0629315073680454 -0.267644569774063 -0.376180978167097
0.11880243283245 0.0429249724376427 0.0916722520694277 -0.437276938650424
0.0533975869048664 0.123451127220325 0.0619221014185703 -0.133341678267838
0.00452161151674469 0.0489981289301686 0.071930544352487 0.0456926936464268
-0.0207077777088257 0.0247823876225828 0.0235589621460095 0.194362981008103
0.0151670682322038 0.0538793026983265 0.122888908230968 0.217855430843323
0.0584252376692205 0.0191458333513714 0.228009073149161 0.0997696632629778
0.0548743676967705 -0.0386641915259166 0.197939034720861 -0.0641891307831555
0.017974640837214 -0.0538191111093525 0.0715283894725693 -0.0966480820908137
-0.0120382496337587 -0.0476220013323075 -0.0187530973836404 -0.0533738124998104
-0.0230594203696922 -0.0343548984281099 -0.0339428821637692 -0.0212412012755397
-0.0288509330021668 -0.0259405458917067 -0.0157131819605567 0.0195351846074959
-0.0176203735952724 -0.0276944714649979 -0.0692224345934531 0.10107054790402
-0.0158338919521204 -0.0431242695976686 -0.229977664643012 0.11950322591892
0.0485392566250313 -0.0774626852590979 -0.371634786473582 -0.156590910180202
0.122862636709659 -0.0211395579634757 -0.180889005721287 -0.467658349291146
0.0931302614750826 0.080709804125673 0.190961175346069 -0.444884004389573
0.0287607535413948 0.11103141628365 0.0816793023322389 -0.161066375319817
-0.00275293934249983 -0.0213436910984131 -0.0784033659725265 0.138961368157858
-0.0342217682888401 -0.0667191154441633 -0.306294838456943 0.391472923308529
-0.0889666681836248 -0.0146712686375837 0.0636508960175332 0.55420248698863
-0.0824566784993558 0.0637209157907405 0.375972954156049 0.257200125486935
-0.00158477958838733 0.0683016593005298 0.276573886408055 -0.0847100058478001
0.0227862288468454 0.0442669002043672 0.0819343080947628 -0.112001772558589
0.0315888975402123 0.0262493570926032 0.014339905008561 -0.018763969743166
0.0256968073945154 0.015765966286341 0.0355093000183837 0.0337206699778691
0.0179821145304503 0.0190205312592595 0.0268303302863813 0.0601294428524267
0.00903658982984683 0.0285192090792806 -0.0574563519238352 0.104491893788303
-0.010155445659645 0.0234197375894786 -0.175464204458924 0.102838137223332
-0.0101457364843466 0.0155939639197624 -0.247490382986031 -0.0465137549349672
0.0036956117029827 0.00839811209776443 -0.187773801887764 -0.179249174030408
-0.0173478312303421 0.0038412116572308 -0.0747270590244156 -0.181242171307356
-0.0276943176105649 -0.0234079057739849 -0.131136828059984 -0.023439893437318
0.038599767316325 0.0247492035648834 -0.109057370990163 0.141727311192139
0.0386758477277776 -0.0603686463482684 -0.353308683382597 0.383482724056553
-0.049770796965852 -0.0593345292375718 0.00779247022359185 0.567078622083671
-0.100447033187712 0.0205584813204039 0.333674511150495 0.289502869900012
-0.02940237740181 0.0636199040801882 0.262904753425493 -0.0476210195507986
0.00535652651832821 0.0461219390584134 0.0887084731214832 -0.0842198872881554
0.0139724270739369 0.0237709392817996 0.0238304576379429 -0.00511450822745542
0.0115375911990927 0.00531445455449253 0.0409871300288152 0.0400357185208383
0.0121963818167139 -0.00467973365592808 0.0320163767218181 0.0615498622791516
0.0246852986214952 -0.00464873373242306 -0.049496012323463 0.105809722686021
0.0299927232946129 0.00647168701898279 -0.166057658406434 0.110903637600825
0.0375608553683096 0.0427401552383481 -0.250264197281265 -0.0242739710024768
0.00630856969693875 0.059282407740297 -0.208827389939609 -0.158242151453011
-0.0509244624948856 0.0331373815401553 -0.0837612219869375 -0.1775858080786
-0.0478675904563138 -0.00720155694325462 -0.119673858326046 -0.00732063792575925
0.0567682014855435 0.053583300686251 -0.136924672660478 0.12969549583068
0.0670339436835565 -0.0547179833634702 -0.361751268203963 0.387727542050069
-0.0283550048740778 -0.0689731286229007 0.00855106762599681 0.548622811705778
-0.0911674043846623 0.00476928589019132 0.299787992624312 0.267837582607633
-0.0298399235786693 0.0493912495768668 0.225064266283453 -0.0306940838694996
-0.00328106400203875 0.0307436039102178 0.0779008113721935 -0.0564203494583288
-0.00286844167167581 0.00989154682001885 0.0258905644723057 0.00943658969225155
-0.00174797051052054 -0.00888178217229493 0.0392807481827412 0.0404724216479967
0.00563078997159877 -0.0226505103173145 0.0304868529707577 0.0527184898676545
0.036841294631106 -0.0276732519452145 -0.0409662016688682 0.0958926424699972
0.0581124594171464 -8.83627976098486E-05 -0.146734841257294 0.112038552834021
0.0637722590585667 0.0628475826175303 -0.245105575287832 -0.00140211092173824
0.00600125319779763 0.0831038508977468 -0.233534618205411 -0.145698771837489
-0.0587119055296646 0.0453221355860347 -0.0861119815006817 -0.203130583968793
-0.0464086520985562 0.0170078064910083 -0.0862071009669629 -0.00977060902425453
0.0447090717096798 0.0595784921303382 -0.140284393523281 0.115468049973696
0.0359637662318193 -0.0488946123934997 -0.315019562394019 0.387896694710326
-0.0374138782785752 -0.0358513329248761 0.0408737379612065 0.487509941627973
-0.0581029026060139 0.0283755690061476 0.265810010261523 0.21768315509733
-0.000662340467378125 0.0311201898447592 0.186192849252688 -0.0242805575094986
0.00183720957029523 0.00132891786397264 0.0646615549694363 -0.0376511190632875
-0.0145883144228658 -0.0138662766329844 0.0233799920497986 0.0170049845734567
-0.0129093616367542 -0.0234839733730666 0.0307143536485115 0.034193904445419
-0.00186068706578545 -0.0306536947853695 0.0254286994972098 0.0393295527456099
0.0405001691754509 -0.032176243402416 -0.0303863369382487 0.0833653645653795
0.0618264302738872 0.00845878129801041 -0.122998213124633 0.11506378627936
0.0514322940638135 0.0680543954287698 -0.245687184914371 0.0208416652968798
-0.00183099494407471 0.0643068092642429 -0.264997294515392 -0.149971530585858
-0.0336884831216041 0.0310696380560053 -0.0805926938224184 -0.25569938043173
-0.0199607188791771 0.0469401325111675 -0.0423245541762202 -0.0305146106328124
0.0145996844401871 0.0552967863418205 -0.106110808856445 0.105925704956147
-0.0237655600295561 -0.023894265974475 -0.219706203315929 0.364687448908498
-0.0477026109777124 0.0272065359098325 0.0740359094828071 0.40087346817059
-0.00390415367214796 0.0644769948882101 0.232519528589888 0.169859604551918
0.0428078175118147 0.00626526943244433 0.165081647727246 -0.0222175192343272
0.0137517788751241 -0.0344354918423651 0.0602880653839604 -0.0337569681004216
-0.0211941893972391 -0.0401034984292391 0.0182013938111819 0.0116883828273615
-0.0225127652266565 -0.0343549061657694 0.0168264180615413 0.0234244926024713
-0.0123535772754454 -0.0283588814069472 0.0193753690101816 0.0277214843033889
0.0284926850863321 -0.020827963890638 -0.0200414990481828 0.0801998283734807
0.0339423567205772 0.0228094618774548 -0.110511132513883 0.131077274966866
0.008608766510438 0.0433618599056651 -0.270620604045419 0.0345270291708564
0.00197368423557206 0.00495030899933152 -0.3006872268919 -0.187907527684099
0.0237209107000437 0.00930591246142487 -0.0575451328949901 -0.329897300546881
0.0223294375333113 0.0822557196001168 0.00136078889962185 -0.0636947951481476
-0.00878931036966997 0.0539259537206334 -0.0437583564832968 0.0923243991353383
-0.0624286359649185 0.0124131261296683 -0.113897855303079 0.315013177690352
-0.0353591722744164 0.0805415788483374 0.0928217106887832 0.320463179703304
0.0510744553264522 0.0769115121128663 0.214028151798985 0.140053611751343
0.075645116350434 -0.0218150546922391 0.170023053309636 -0.0268250176576631
0.0235131071134934 -0.0623829315638233 0.0660454579066314 -0.0474337274432212
-0.0217431837480316 -0.0583015627464386 0.00944395390169026 -0.00489677468724354
-0.0285891585961781 -0.0397132545054205 -0.000815266135289629 0.0106429009935459
-0.0238747580175705 -0.0223634071430179 0.0121257170848969 0.0240805567604683
0.00536187980048986 -0.00896363726859358 -0.0202452836879155 0.0909830671103249
-0.00774275485276365 0.0182795101335454 -0.130387219708045 0.15509612190021
-0.0226729767456851 -0.0156409616896839 -0.325863712331291 0.0156845463624599
0.0384416920262066 -0.0581491542638956 -0.320213686057828 -0.2735817198234
0.092497010522704 0.00866315239283692 -0.000895468200713545 -0.406736309112838
0.0571654299823363 0.114461688668683 0.0369013388616881 -0.103338365977562
-0.00985092034538721 0.0551538175769275 0.0242295236959525 0.0706003334879266
-0.0570758639127944 0.0342119541596587 -0.0274965872280847 0.251674319124627
-0.00576988134232953 0.089642796568287 0.107840427247897 0.262520785967095
0.0763267951783502 0.0556787636717446 0.218159424828499 0.121949902738156
0.0791596226878727 -0.0418124837415801 0.188620797815076 -0.0436209960422758
0.0233055832954872 -0.0706063251127796 0.0732033925333584 -0.0724344380293537
-0.0191442197389265 -0.0616515087021691 -0.0036806168695241 -0.0285366428623283
-0.0298375417683224 -0.0388796388060177 -0.0185361827251527 -0.00361166288489752
-0.0321783885247852 -0.01961085558002 0.000493644968439235 0.0248081401077758
-0.0164394940466421 -0.0110454476412773 -0.0390817280668192 0.106176944090939
-0.0325666687746706 -0.0103994222921636 -0.181632551119067 0.160522373778035
-0.00625901355403848 -0.073980638064038 -0.381530978168088 -0.0555609718792778
0.0975267821863247 -0.0741026146635625 -0.284973429696265 -0.39056861721266
0.130127790396631 0.0429252375238097 0.0911991157546218 -0.461854907289751
0.0639101717201379 0.132623594506293 0.0623978933997022 -0.141796536422094
0.0112595713064269 0.0523059680904985 0.0734828390294129 0.0424227294513128
-0.0185865208987369 0.0244655171672344 0.0255696361200447 0.199678437106916
0.0177743194928512 0.0524230385861542 0.128131259299239 0.224313053685047
0.0594922795581797 0.0186340805901379 0.236393574299528 0.101348606201696
0.0545107543194117 -0.0415914936857202 0.202519419401793 -0.0682667051186855
0.0164253484897605 -0.056789020926785 0.0729124974185206 -0.0990380190580508
-0.0144147916843909 -0.0475140045967301 -0.0184286077082422 -0.0504588806381835
-0.0256463266098338 -0.0335793100650495 -0.0344164143772107 -0.0175194078501982
-0.0310644427698275 -0.0238766885033771 -0.0157329127618775 0.0230321236542418
-0.021117301376417 -0.026448416511827 -0.0687900058854185 0.109635384320763
-0.0208369319754875 -0.0440812100713554 -0.23739974185901 0.131130607976171
0.0470880303153935 -0.0859279738266673 -0.39532664272016 -0.158644890235282
0.130383881579559 -0.0285438270578501 -0.196180482684969 -0.489338503415961
0.101406838390154 0.0853145618220882 0.197538469234077 -0.470178199290408
0.0359509461715949 0.11869872814333 0.081543278611857 -0.171834813235011
0.00362956182100877 -0.0186418998515753 -0.0975632675848461 0.127854496478533
-0.019523992993356 -0.0667636827495237 -0.378585613705798 0.349829340104862
-0.0792341518456234 -0.0279748233464508 -0.0294938178667399 0.577838186344693
-0.0859872309476428 0.0471916243096505 0.341584597447462 0.330635216916749
-0.0128282703492399 0.0631071448208717 0.299543433331864 -0.0418589790407548
0.0156422284617964 0.0471292793284627 0.102679272065703 -0.104590576585131
0.027749798679739 0.0309952317932806 0.0186808952676827 -0.0193636400845867
0.0230810729279929 0.0196930926167476 0.0327152490606342 0.0360050290810699
0.015344523241684 0.0223927599934734 0.0184893194607679 0.0606795415081301
0.0041034704212646 0.0307624816566004 -0.0735134743966709 0.0940643041881858
-0.0164197663005142 0.0232829032878666 -0.190259247096835 0.0738565166716269
-0.0148635510854203 0.0135880666094586 -0.240658605132679 -0.0897196426961447
0.000444842219254664 0.00661208103014252 -0.158092400164794 -0.209266010899503
-0.0213002019764118 -0.00134120394027829 -0.0417386855465113 -0.191709439250515
-0.0280069855111014 -0.0298326542679952 -0.126110251520592 -0.0383340295741569
0.0392363525574315 0.0376746358490504 -0.12852675606161 0.128413073448793
0.0559203060895214 -0.0471195631799551 -0.423752396759013 0.333506603927269
-0.0310132323331818 -0.0678493978206209 -0.0867405488574695 0.580046786076344
-0.0987620019704665 -0.000593992118684297 0.294102642304904 0.351296250287142
-0.0417090622716405 0.0549812326795774 0.276679395484648 -0.00568926714283833
-0.00345524135620487 0.0479885163664803 0.104487896351601 -0.0748259406382828
0.0107345783502691 0.0274447012010735 0.0262511176657921 -0.0032450625183552
0.010963618628037 0.00865540687100415 0.0372750766628416 0.0434772792091031
0.0130073896801658 -0.0017254082922956 0.024075828940085 0.063155440380318
0.0261394514847428 0.000279866555679846 -0.0660389017111013 0.0966413725658049
0.0278471507308421 0.0147563449895153 -0.184361896308595 0.0835522511926596
0.0278633400016519 0.0500863284496439 -0.250096994756985 -0.0684836574943103
-0.00791829053457007 0.0580881481354714 -0.183114079447569 -0.193313454890047
-0.060066838011486 0.0225911484133015 -0.0499173446439627 -0.19110575106027
-0.0493977565227396 -0.015868282320724 -0.115571142834752 -0.0203175657926772
0.0537962598919408 0.0722530736321261 -0.154850505049959 0.112735165028325
0.0867254160485607 -0.0372262397700956 -0.430927035475916 0.337134431300822
-0.00672835111835659 -0.0765364149969934 -0.0800528136296824 0.557951361553066
-0.0898089755155952 -0.0167542715675079 0.261124419474175 0.321663765926185
-0.0426752349727627 0.0406593546825319 0.233899174569521 0.00483571148951293
-0.0103567288549282 0.0323927207540915 0.0885441907267703 -0.0469468119900159
-0.00445418999299468 0.0125252902530276 0.0257510843826671 0.0125323763045536
7.71504743896451E-05 -0.00666578151393151 0.0355426926602076 0.0443769663241548
0.0106023765837988 -0.0201732513637385 0.0234568974110559 0.0544448116223634
0.0427518846684946 -0.0198872475297397 -0.0558631747928701 0.0890420075925052
0.0577585173568727 0.0140195756108235 -0.165441103752849 0.0869102001115801
0.0495950800172716 0.0746786533643311 -0.249844133005929 -0.0446826174368991
-0.0139465327848623 0.080931470751506 -0.209676259045765 -0.185305757841664
-0.0682731144957045 0.03171817484254 -0.0476288501305515 -0.219368302788109
-0.0500496305369803 0.0113413781293152 -0.0806281290726907 -0.019772090718143
0.0415534410425299 0.0768173955427113 -0.156975390538886 0.0973424725847974
0.056385966635451 -0.0377680078640992 -0.382579265694444 0.344753312048291
-0.0214970665651642 -0.0479424912867385 -0.0375859490894729 0.500935554463193
-0.0631217049355163 0.0116010390437606 0.23412074729462 0.265558527333409
-0.011450138769004 0.0286790228117397 0.19219481010744 0.00401607180701892
-0.00113895459411605 0.00403708622711148 0.0709400779428735 -0.0289558766615542
-0.0129878447915625 -0.0120831273844195 0.0226497523938396 0.0203255021521876
-0.00894383391074903 -0.0222970344266495 0.0277049895973834 0.0379018071322692
0.00460536477689187 -0.0277718124632147 0.0196350918969765 0.0406855780212991
0.0464675818419837 -0.0227788999889486 -0.0427717545757912 0.0783168706991786
0.0585499498933873 0.0255968470559111 -0.142340008322603 0.0936771610293048
0.0334039108862071 0.0783246455468237 -0.253293776663291 -0.0218953176454142
-0.0190440003458676 0.0573230519295808 -0.242049172754572 -0.193640125562141
-0.0379178034833337 0.0207981860231054 -0.0356858883608847 -0.273112295494383
-0.0252236369748797 0.0492193189741422 -0.0330810056815987 -0.0370547519171532
0.013184928878771 0.0665995888225763 -0.123704176971616 0.0912935317486114
-0.00824809323870524 -0.0250518703712723 -0.283366430829759 0.33692661362537
-0.0445335401840501 0.0124746451163865 0.00963674541018919 0.420147458812287
-0.0157215519951361 0.0572412982195799 0.208009154279839 0.21309618624886
0.0371165926947212 0.0118379150503366 0.170761351367008 0.00183522341722236
0.0174735320149667 -0.0307487066750542 0.0658147218554356 -0.0249740188796712
-0.0152407550645698 -0.0391201542193943 0.0174000138466645 0.0149055114854592
-0.0171158192161545 -0.0348783214068335 0.0146449026037878 0.0267200179137498
-0.00620428429492881 -0.0267131231050839 0.0162666119041752 0.0294301396699479
0.0317366281125752 -0.011869685806474 -0.030678871198547 0.077852201938699
0.02606980909669 0.0354943067856497 -0.130440578907963 0.112747691217921
-0.00926147261265087 0.0434971711879983 -0.280492385029309 -0.0104490477959613
-0.00312774614896067 -0.0057421723823995 -0.274724323152253 -0.236664554234397
0.0280395101944212 0.00720832111929551 -0.00392949367710073 -0.344995208769175
0.0147941955989356 0.0952487236402377 0.0154250015772258 -0.0680660584133816
-0.00967338385942177 0.059353728741417 -0.0598623699522924 0.0862498723200817
-0.0541906030424085 0.00288720703174428 -0.167079396218648 0.300925735666105
-0.0433153078137388 0.0681010754205757 0.0404350265431395 0.343567702549213
0.0376860124351842 0.0790975391953033 0.195166311171177 0.182301975505499
0.07535382089316 -0.0111106377258031 0.177894648656646 -0.00323255051727088
0.0314057115427254 -0.0586955203625529 0.0743307499246999 -0.0375888446896607
-0.0129896984967944 -0.0590868457088496 0.0119116979476178 -0.00255609733514413
-0.0218543263639151 -0.0422604741238935 -0.00152599747588105 0.0124016040807666
-0.0200387053899632 -0.0217994058118837 0.0095997689250341 0.0253107805947321
0.00489287496421739 -0.00331569504782925 -0.0322969593658013 0.090089625523398
-0.0180253116976663 0.0229277031744055 -0.153108393601946 0.136796146954176
-0.0329271725657775 -0.0246892347522039 -0.331608588539729 -0.0339009764049014
0.0492590473062826 -0.0654828258531718 -0.284163086532784 -0.326406853797818
0.102096138070937 0.0194469805260515 0.0620191230434114 -0.416476263483775
0.0453487204092654 0.137302568526707 0.05671024702904 -0.106547016461975
-0.0110446176446965 0.0565986509942018 0.0119702102771215 0.0725684820862686
-0.0546015262797894 0.0247191298695487 -0.0698688886378902 0.25009637655447
-0.0164353087672064 0.0839364413446309 0.0652353090406812 0.286241753616001
0.0673079052996723 0.0630139964544226 0.20405659499423 0.165641871556154
0.0831370363101105 -0.0316730244829346 0.200109433128241 -0.0172485677574676
0.034228483578914 -0.0681868463153863 0.0854928654765635 -0.0613309083686297
-0.00974810622184982 -0.062821131682461 0.00262630285703326 -0.0275000493189578
-0.0232911324035773 -0.0419774675636144 -0.0174960724359715 -0.00411943536433525
-0.0291785263305179 -0.0211314781699919 -0.00206855684769436 0.0260893272066713
-0.0176776160283236 -0.00977898833073286 -0.0529860945545003 0.10435743985565
-0.0383679389554518 -0.0136678272687236 -0.20772969764631 0.138601512468139
-0.00401372673804189 -0.085318302984466 -0.380031960422358 -0.111703844865442
0.116980224005148 -0.0699660654507091 -0.234470800196032 -0.442093289179989
0.135691507055659 0.0641372110330575 0.163711145908881 -0.458560085875501
0.0481265051843512 0.156544473293245 0.088532760337843 -0.144133395005895
0.00896041017717342 0.0559039878871688 0.0661540035931072 0.0522406278338985
-0.0170440215100473 0.0203415189090898 -0.00743327687210735 0.204311516691761
0.0128869780805043 0.0521637671603589 0.0929722720337958 0.250100775432367
0.0570570487674313 0.0235460037477844 0.226336354301748 0.145930653948309
0.0598644791595681 -0.0368369792014812 0.218260533407375 -0.0390300574703294
0.0245574431785051 -0.055511521518498 0.0900541515038907 -0.0878993891235808
-0.00740902579940425 -0.0495589558785171 -0.00995112081481719 -0.0519465446487084
-0.0207289522799505 -0.0367590411849904 -0.0310916696528214 -0.0198549534072134
-0.0279105199912762 -0.0269224127335451 -0.0186265859938207 0.024195549005044
-0.0195434032542486 -0.0281614793607374 -0.0849976248131361 0.105529789983204
-0.018603894440938 -0.0481224865414356 -0.261779558611122 0.102193282549582
0.0564280752155948 -0.0900590338266949 -0.382285985384604 -0.217938019777148
0.143871512685734 -0.0133456351683274 -0.127604214888753 -0.532971451257915
0.0973247514083209 0.104547230577024 0.276055903922067 -0.45297525768568
0.0188567814691829 0.134501995912722 0.113363539672072 -0.171473455609415
0.00309850651684971 -0.0187720159846888 -0.0818734697865471 0.135447523400899
-0.0267863485856763 -0.064941614281748 -0.349359509121473 0.37681234018895
-0.0816365488421106 -0.0217372628104035 0.0160647144330328 0.577994142582434
-0.0806692232233572 0.0569219928689031 0.368159306936047 0.298809322297978
-0.00671792607604993 0.0640982905956512 0.294923585816853 -0.067981575648187
0.0206342695840181 0.044961308246233 0.092650281532763 -0.115100068658046
0.0305788359455415 0.0273098062984557 0.0166821185771672 -0.0239418261220412
0.024261988625691 0.0164655067295631 0.0356507427134555 0.0278910446843671
0.0171685874690148 0.0201960770077665 0.0224482048011011 0.0530445184247031
0.00747391163339862 0.0291539829374012 -0.0638079427343667 0.0946299060062374
-0.014087122655727 0.0252015426237712 -0.178108604154441 0.0835309698592003
-0.0124141553037971 0.016075996682611 -0.240910499442333 -0.0714412725377817
0.000486566415122281 0.00743589740580977 -0.166555078922531 -0.19197035293605
-0.0239181397801711 0.00248557913574949 -0.0516567511906805 -0.181670387904455
-0.0312354280059521 -0.0267832285301883 -0.123383134155862 -0.0211117088935709
0.0459361119681179 0.0358446550009189 -0.112120142273792 0.139399627134311
0.053742500647006 -0.0522884722529431 -0.395318375637666 0.364176098531281
-0.0361799497885213 -0.0689996645532636 -0.0405989781467813 0.583794779482771
-0.100096744494287 0.00802403046050333 0.320638103768429 0.324376705700151
-0.0389132570436083 0.0594368959767248 0.274373792783284 -0.0301455555700969
0.000651688608036024 0.0491682799821943 0.0974042401907377 -0.0851870980652771
0.0127984291868767 0.027542297704197 0.0258377142301916 -0.00894597004891379
0.0117951422195423 0.0082328406459946 0.040395207420719 0.0352807515978051
0.0135292609608634 -0.00224296771637683 0.027293253389236 0.0547978010245666
0.0261230707342849 -0.00199936335026172 -0.0569201582980444 0.0963529350942972
0.0289996859424959 0.0135132776843338 -0.172805221839008 0.0921060369604977
0.0321222124304215 0.048706852579843 -0.248432327672556 -0.0501207667596756
-0.00461219037709952 0.058298855205252 -0.189740691941969 -0.174590322313838
-0.058528604026569 0.0285113467347697 -0.0594764209741671 -0.182375106145378
-0.0490162310689706 -0.0104204372164724 -0.111481576217078 -0.00416775668725151
0.0657168177958559 0.0704123208200364 -0.140840501535535 0.126293053745909
0.088558201709359 -0.045795046446933 -0.401259145545526 0.368564400814434
-0.0119185123319465 -0.0826285603273783 -0.0346231925731848 0.559945513712701
-0.0956164291861388 -0.0111413351404173 0.285661268322179 0.296443326637537
-0.0427412412302577 0.0458171850814117 0.231049888404884 -0.0160758829132542
-0.00908564651096871 0.0356613001301926 0.0830981159831779 -0.0554197801960406
-0.00322799379714604 0.0152960666933868 0.0269297857003455 0.00859296005094597
-0.000147436321199204 -0.00401623034874023 0.0393471743848167 0.0369900336601565
0.00988043964428727 -0.0189589766636983 0.0255719305307315 0.046932314193077
0.0409624321782458 -0.022641377791835 -0.0477629926014833 0.0876845070997889
0.0577587482284081 0.011523060145633 -0.154372987489013 0.0946598384755941
0.0531043459884924 0.0716319810072157 -0.245581289760288 -0.0259013807512
-0.00969365348557946 0.0792795061252393 -0.215442075910357 -0.164084237121915
-0.0648669621869139 0.0370613138995915 -0.0610162627073463 -0.210548520315797
-0.0447049434129163 0.017441832629604 -0.0775128879534689 -0.00773926110517702
0.0555438435078113 0.0762579133413076 -0.145627683039848 0.110490934143278
0.0598426393666449 -0.044981545360255 -0.351135468208549 0.372411975508978
-0.0242713459925853 -0.0541533953714659 0.0031948723462053 0.49896207146121
-0.067266538773865 0.0142075851874607 0.252311888712318 0.241175732885396
-0.0140772162640276 0.031205986721695 0.187541301023237 -0.0124571710917818
-0.00324418355727085 0.00711592570267765 0.0664262519703798 -0.0347811467950338
-0.0135895574459164 -0.0071716509350815 0.0246491193608753 0.0182412344503318
-0.0105288710697674 -0.0173095538774163 0.0313365416616881 0.033051531541743
0.00386768676762571 -0.0249862268196474 0.021381002388873 0.0343066579827517
0.0440922500732509 -0.0237430596625103 -0.0348437065045064 0.076557190605069
0.0588607931139478 0.0243355255323716 -0.130144403735589 0.0992459800019808
0.0349999893343909 0.0768044730627139 -0.247379931992159 -0.00384439070902473
-0.0178047516411788 0.0542924288668906 -0.249081662203465 -0.169591315964291
-0.0341363595571737 0.0214853160570965 -0.0543262064749815 -0.265585698667572
-0.0140992598470802 0.0538082053260081 -0.0326569979516461 -0.0304715800078791
0.0268612894098772 0.0686807377438153 -0.113373128316632 0.100051500882113
-0.00356142045623647 -0.0274248438624928 -0.252320002009061 0.356606603508453
-0.043417537482648 0.00748367988668237 0.0432570760101986 0.413362968896729
-0.0164588488307025 0.0554559788644517 0.22047264471421 0.190827599066503
0.0321679647785994 0.0102484166668817 0.164246469826749 -0.0121193056517407
0.0116006196187662 -0.0287724898446768 0.0611063868492402 -0.0291021212610509
-0.0186206969641643 -0.0337097616144148 0.0196463655738245 0.0153382896658986
-0.0195000732608957 -0.0282800908818867 0.0179076286213732 0.0245637606215831
-0.00664392763030356 -0.0213371502848872 0.0163431405828872 0.0247300821604996
0.0301766473046778 -0.0103537488749488 -0.0226098321617921 0.0755076311349595
0.0265069179954974 0.0385078229123992 -0.116491113994536 0.11866530213249
-0.0128688829933999 0.0455120858642551 -0.273424022641103 0.0125376605665498
-0.00748726960915509 -0.0119938606765194 -0.287199288221284 -0.209716281139268
0.0328102804173306 0.00248728221113506 -0.0297947714033175 -0.340605289059091
0.0305989342875671 0.0970029876177717 0.0111552912656141 -0.0672279688378993
0.00351931314364643 0.0623342401009423 -0.0514140367220337 0.0881024309428012
-0.0485483908903941 0.00451640498564987 -0.140779436134656 0.308032711698004
-0.0376273809539385 0.0642707629910402 0.066114821715581 0.332205405575133
0.0395323940484329 0.0740041829325028 0.204140019547909 0.162781075875243
0.069097311654214 -0.0160471792309749 0.169664005542645 -0.0161665165008078
0.0240485528557606 -0.0584445633715728 0.0684374582035269 -0.0403514217997424
-0.0184245615101122 -0.0535778204374599 0.0124716412235245 -0.000276650892526507
-0.0256667929888625 -0.0350573356066731 0.00164155083514835 0.0131362037005505
-0.0197219099944401 -0.0151323145140197 0.0109553208713083 0.0228980151813191
0.00371122827677436 0.000912801819140135 -0.0212879036173569 0.0902866777556359
-0.0196704209377175 0.029233235834904 -0.136623358218088 0.14671655422577
-0.0427263752054928 -0.0227454539152948 -0.329471398494518 -0.00487144989997814
0.0413620248035983 -0.0770134485932955 -0.305484071335516 -0.299683104918471
0.108511756634713 0.00916291194914212 0.0298388900050663 -0.418530981749436
0.0647829795063987 0.136685491775451 0.0476383704800635 -0.111035363449595
0.000771933949658158 0.0593278808499351 0.0169826143123261 0.0672557045477081
-0.0486276799122706 0.0260206087114922 -0.0499523166213457 0.248483046552291
-0.0100821563193368 0.0788260369026715 0.0848973496799673 0.275143952184366
0.0688766544097135 0.0564605421178886 0.210666283445245 0.145782860250208
0.0763973893533235 -0.0371831192033641 0.191873314947043 -0.0312903166466977
0.0261060049048253 -0.0694191916377989 0.0784429858316631 -0.0646236723148277
-0.0155736684736548 -0.0582639699747073 0.000885497828300988 -0.0231913907607457
-0.0269184004941631 -0.0359575260907896 -0.015935591851534 0.000190159116729863
-0.0294422750917523 -0.0142916290559006 -1.58930636960892E-05 0.0266952986393279
-0.0194171872863464 -0.00392102527308924 -0.0410916946067628 0.108477302201005
-0.0437852129238662 -0.00694935964822943 -0.191148087249606 0.155656962618852
-0.0184068337996798 -0.0874424964423009 -0.387130296345048 -0.0777007158372403
0.109937596359287 -0.0861800472626397 -0.266483537023911 -0.420181049870478
0.145341795776349 0.0521491297049515 0.128039057972618 -0.470397799754744
0.0678437263573676 0.155188018325077 0.0745247326024519 -0.152201986703261
0.0195937676044484 0.054797301254825 0.0680728403281264 0.0410821052258575
-0.0129021424398608 0.0199001254773215 0.00690670567659772 0.19789573940848
0.0167910280955281 0.0463130630147219 0.10757581712934 0.23747957454039
0.0572641904956321 0.0181216374829287 0.231143384829635 0.12690733273902
0.0538992701264876 -0.0410257540827171 0.209047287148233 -0.0528220128115374
0.0181704660608566 -0.0569924112926921 0.0812002823133598 -0.0906851502830371
-0.011570071613203 -0.0471187288856536 -0.0128012764539403 -0.0453103247004827
-0.0237461233530628 -0.0321070894400896 -0.0303958028908977 -0.0127696106404092
-0.0297286150549681 -0.0205186611539558 -0.0161253508509646 0.0274014885184775
-0.0231723824293312 -0.0241538232257331 -0.0730952656677741 0.113922482141775
-0.0258517048867104 -0.0446156713268213 -0.249640275466922 0.125011527400495
0.0449342296386805 -0.0970238779315911 -0.398930157307738 -0.183674259524767
0.142303946415179 -0.0290402869189422 -0.166082563082706 -0.518769534747464
0.109021667587828 0.098076773769783 0.242146497395716 -0.473394693015435
0.0347240797844884 0.135093473307526 0.0955091443017459 -0.180965876518092
0.00299573705674019 -0.0187260544363995 -0.06518219195808 0.134193903118404
-0.0309800227228427 -0.0605680386118345 -0.314279205113166 0.377768158121704
-0.0802414101181701 -0.0164946355213674 0.0476103588549201 0.553956987053411
-0.0725361327560202 0.0610373080759658 0.372001633436979 0.262944110199672
-0.00160987745282311 0.0619574298575019 0.278257256905996 -0.0849144971072165
0.0228051770881841 0.0409405875124851 0.080749260892084 -0.118183209916465
0.0307608956008604 0.0229104955574685 0.013694717047125 -0.027136722638228
0.0233697510242938 0.0130943904328343 0.0352697048498677 0.0196387484236501
0.0176536481319869 0.0173637661218253 0.0233145685006194 0.0441880740178215
0.00872886548834392 0.0269064902403425 -0.0545311777394224 0.0887848039862453
-0.0109651969025608 0.0254410792043307 -0.161833539311681 0.0850818336316615
-0.00992376364807089 0.0173622045318766 -0.229367388165133 -0.0555582718217287
-0.000459169191712183 0.00798154677663224 -0.163230523868602 -0.171351594894474
-0.0242503489299936 0.00560266616501562 -0.0549097400705641 -0.165790144549077
-0.0323787667321666 -0.0237018165926421 -0.114447592189637 -0.00673788731149554
0.0492664653979428 0.0317601903423934 -0.0935936039705567 0.140520939257927
0.0502882904618705 -0.0549913537189162 -0.357425325888594 0.370099200606629
-0.0391318331767842 -0.0674618609237266 -0.00330922706788144 0.56135562133739
-0.0972408186102537 0.0131520562898907 0.326128726655556 0.290918964439394
-0.0348109573438229 0.0607685435137513 0.260224150022621 -0.0473049050115638
0.00330554391872977 0.0483274281785622 0.0873300572612431 -0.0901556342324802
0.0149067861542481 0.0264322439322925 0.0234636617454181 -0.0124245793448328
0.011994958614957 0.00783004468543224 0.0407261453276437 0.0265721131351557
0.0133626718961165 -0.00247205623777829 0.0277773794089192 0.0455220697799009
0.0249494873465023 -0.00361158860657295 -0.0480861889258091 0.0903539862463823
0.0285851767049893 0.0120965745715537 -0.157218110812873 0.0924975804325925
0.0331806882651096 0.0453761192265173 -0.235080861768821 -0.0350841509869192
-0.00225956954839775 0.0557947614827777 -0.183510747032739 -0.153735907201189
-0.0549082500722389 0.0318943405063193 -0.0624719243760028 -0.166643456127563
-0.0462175789171481 -0.00647068647386876 -0.101953353697565 0.00818444686287376
0.0728908256555998 0.0645813787008423 -0.122309102207586 0.129850505425129
0.0862460648790579 -0.0516329669763942 -0.361020850931996 0.374178855700217
-0.0166132742112947 -0.0847731681161676 0.000128514120906383 0.537235816590411
-0.0955975491235725 -0.00631471335434386 0.290591252378244 0.264317535995578
-0.0417042858741124 0.0485423811399684 0.217830368539655 -0.0308352486525356
-0.00755164470419443 0.0371631026562093 0.0749046507708851 -0.0598834460334373
-0.00168739571160704 0.0175630635704326 0.0266620826977596 0.0049798523852784
0.00022018893573807 -0.00130858657112162 0.0397992373277818 0.0287567335576485
0.00956865492116616 -0.0175002595190038 0.0252091464957667 0.0387215243398061
0.0383553578087179 -0.022736370364077 -0.0406024569536702 0.0813811160963816
0.0563620467847759 0.00958741142029362 -0.140605389973205 0.0941024379687528
0.0531771672743545 0.0670747983767151 -0.23056799470418 -0.0140432317982999
-0.0070967225875205 0.0745468426087467 -0.208307412098424 -0.143384754800629
-0.0591764022481543 0.0387610640635111 -0.0658687456014053 -0.194507055607807
-0.0370994457524886 0.0202901411599714 -0.0692952221776274 0.00196907824319252
0.0651884631364891 0.0722793452889497 -0.129237444882699 0.114914762188527
0.0602694303853736 -0.0503190467546878 -0.312727206695419 0.375144293672963
-0.0266746572304673 -0.0587529160998975 0.0353149104514612 0.474286842402334
-0.069112485827721 0.0151875830183374 0.25409016356097 0.212274394148137
-0.0163725626692172 0.0332667336403959 0.174255014975072 -0.0237861601329511
-0.00408894467301174 0.0102352572590029 0.0595590581816813 -0.0372578992891171
-0.0129871458956448 -0.00259358646091075 0.0245908206091929 0.0159301822439493
-0.0103104974657429 -0.0126514313779694 0.0325559468681969 0.0267115023677071
0.0039579272064491 -0.0215898939540187 0.0203825776016603 0.0276854413913443
0.0409571815536173 -0.0230366602294319 -0.028556733000564 0.0705440010516094
0.0575889287412758 0.0228089716998288 -0.116256003159198 0.0980418870739048
0.0336324465619276 0.0733945192601186 -0.230993051989267 0.00923600422130246
-0.0176240033261066 0.0495939419488345 -0.241385929407441 -0.146162136987822
-0.0289565804787672 0.0209909781295229 -0.0645502298991462 -0.248309672098985
-0.00346762783670068 0.0540144316743879 -0.0293566021309475 -0.0241141979492867
0.0389153937950365 0.0662375174180226 -0.100943813164263 0.101593854397768
0.00110993780380143 -0.0300191048450195 -0.219549693854734 0.352458017279074
-0.0415220207898913 0.00146479862147078 0.0652390185484818 0.388375044894622
-0.0176623891611384 0.0519851102805537 0.218350396599959 0.165643950256153
0.0263177419023387 0.0108224956176133 0.150903110638398 -0.0209449591019807
0.00706748895141321 -0.0251021314996412 0.054498714906182 -0.0300677388652448
-0.019596680189529 -0.0272842309689348 0.0210261847503375 0.0151955761040708
-0.0193123461609212 -0.021551731866745 0.0193282459485876 0.0211990607379674
-0.00534855347223699 -0.0155767556177375 0.0160707958708399 0.0201106150513809
0.0286082326149739 -0.00761158077659376 -0.0159390496731703 0.0693823874537311
0.025991039204285 0.0398357889209751 -0.101519881925572 0.116654192834949
-0.0158639120772104 0.0458790261202411 -0.25537576886404 0.0272965642229931
-0.0120874088456234 -0.0169942613276707 -0.281485492369089 -0.182134532603889
0.0356439534390928 -0.00298011077557635 -0.0467343552455572 -0.323038954022108
0.0438401561065537 0.0929867689349003 0.00855084650351154 -0.0636509910618936
0.0152278530745183 0.0608262130550013 -0.0441005447169838 0.0848155654552438
-0.0413216522310974 0.00343593101349178 -0.116150643687756 0.298545389848696
-0.0334785406397704 0.0564803676392708 0.0802005893880698 0.30878938200609
0.037680911490587 0.0672558853222116 0.199174958777114 0.140302146172295
0.0606126962873035 -0.0175533118822256 0.15555653074484 -0.0241063082584245
0.0168513139493927 -0.0550436181980159 0.0609517826925583 -0.0405045871200758
-0.0203674248297818 -0.0467920454318135 0.0131652444007136 0.00170495646886304
-0.0254969898822969 -0.027377508828067 0.00341800421506806 0.0130460209387805
-0.0178726467935566 -0.00859205081378944 0.0110858497838883 0.0203828374709754
0.00324358489886793 0.00549454592824521 -0.0130937110421973 0.0848555698278531
-0.0193518009636341 0.0343078827947654 -0.118719440027923 0.146804929838122
-0.0506300628085545 -0.0191810287147698 -0.311261533369937 0.016676593229042
0.0311472144819744 -0.0831237459245718 -0.306461732802729 -0.265684386870637
0.109790518353166 -0.000670744277637598 0.0047090927027666 -0.402343703608659
0.0790131025734088 0.12889328647877 0.0385417225825541 -0.10918735368183
0.0117529863873816 0.057498828685101 0.0190518624371609 0.0594852794947758
-0.0416564373401895 0.0247957300641374 -0.0340071476596126 0.235543187752931
-0.00605790113549084 0.0705825148704155 0.0928289112819777 0.254597270399518
0.0666079188018128 0.0486506133560961 0.204487706919617 0.126135835147544
0.0678308916909907 -0.039066533050615 0.176091347110307 -0.0389531611751648
0.0186002049663205 -0.0665635825515508 0.0702716400084146 -0.0630531432747614
-0.0184570880200748 -0.0524927007393569 0.00108838275459828 -0.0180195431716851
-0.0275197482074599 -0.0288656819217551 -0.0128974096300756 0.00352231334747684
-0.0279793931733124 -0.00723491708241862 0.00191819836112283 0.0267421890645286
-0.0206424235493241 0.000980097497786538 -0.0298743966454021 0.105929542383753
-0.0454942737502662 0.00032567893803644 -0.170215268692684 0.160463570674072
-0.029757149320291 -0.0843113892475586 -0.373351568362563 -0.0483824148410715
0.0987853030160118 -0.0956236478512245 -0.277302785357598 -0.386150701481578
0.147633896933479 0.040697968588138 0.0958413243857512 -0.458533130071624
0.0813088769018819 0.146585658835402 0.0598621742071534 -0.150080519660015
0.0268634814399678 0.0506821365086307 0.0649128057799991 0.0300750230149137
-0.00963929612143896 0.0178894710948966 0.015634906011854 0.183899517458925
0.0182652796331922 0.039355564461774 0.111414012107269 0.217437189679423
0.054576020685275 0.0131003251661305 0.223172623901568 0.107753873324441
0.0470476118699379 -0.0415077525746723 0.193393469480143 -0.0611031515749237
0.012362402629433 -0.0548651081548056 0.0720703212899005 -0.0877556753989467
-0.0145325820749283 -0.0427381830786668 -0.012459508262447 -0.0376501936451293
-0.0249268033389721 -0.0270113544480153 -0.0279702506481038 -0.00692102045663122
-0.029185446793296 -0.0149484049271529 -0.012784355924433 0.0296910340318529
-0.025596100856963 -0.0192694787613255 -0.0602581072110574 0.114576218800026
-0.0302325489468857 -0.0390731134206783 -0.228803003699419 0.136961272262
0.0329819331789136 -0.0977978449642987 -0.393809230213646 -0.14889654220786
0.134506561955265 -0.040799644247582 -0.188524026180108 -0.488005833637991
0.113286921509295 0.087997426628243 0.203677466336807 -0.46594305642923
0.046380664265804 0.128577002140194 0.0770965587177826 -0.179981339246159
0.00277249584967255 -0.0187951376808076 -0.054294741296264 0.12824642947788
-0.0326012379125108 -0.056598300690556 -0.290302520218717 0.36522668814344
-0.0776222218108633 -0.0140055947302935 0.0562567736334789 0.525695419887315
-0.0652729946069355 0.0605939440079816 0.361039398822167 0.23963144499062
0.00103385443627482 0.059463530746295 0.26268587080452 -0.0896393028471183
0.0235358189561027 0.0369642365495276 0.0721415810550107 -0.116609896450691
0.0300620035572151 0.0194457814879705 0.0116692582924255 -0.028351280017582
0.0218282183710185 0.0106105044523525 0.033017590962679 0.0137153873166133
0.0173464234681589 0.0148289707462002 0.021440950273147 0.036536479540009
0.00934478352631055 0.0244201096936794 -0.0488807383335675 0.080781631443077
-0.00847416656922964 0.0246151717726314 -0.149265427877144 0.079228420166216
-0.00696200593491811 0.0172869454134024 -0.214608438554207 -0.0495534767039246
-0.000449032285772435 0.00860270062664658 -0.151340482517364 -0.157118782496889
-0.0245093713200302 0.00780873240998958 -0.0503952495397748 -0.152012752570408
-0.0322049407227727 -0.0213959599378488 -0.103720140391417 0.00191889442627865
0.0511559348804964 0.0292543398029095 -0.0808516285129523 0.135487798559632
0.0479409984375925 -0.054464267453117 -0.330821701695351 0.359061673976107
-0.0402872881791188 -0.0666461628720563 0.0101502595957106 0.534053206082631
-0.0938341579501971 0.0148250463864407 0.318415524865931 0.26695204223215
-0.0327183468135961 0.0602541868257178 0.245759370629085 -0.0535559646199999
0.00399757688464135 0.0467051734595219 0.0791567161744947 -0.090273515103043
0.0150082053400088 0.0247883893538049 0.0212579723971972 -0.0146282014816091
0.0120359563578927 0.00747577968614078 0.0387611244132992 0.0195672889839092
0.013176198672394 -0.00268543908948805 0.025564898174937 0.0381991597732393
0.0237916665686145 -0.00412330018640448 -0.0438045114146626 0.0821709811291229
0.02789967830741 0.0116190041699182 -0.145201711132476 0.0868082428386209
0.0330298975418915 0.04355854646051 -0.218992715557503 -0.0309639030546447
-0.00220968938426221 0.0525780238468791 -0.170607474020776 -0.141587434629639
-0.0516055614268026 0.0325305938706575 -0.0573439984179729 -0.153515678763428
-0.0421536395154206 -0.0050582124830495 -0.0909550449686587 0.0154084770403428
0.0763048520970745 0.0606720574923854 -0.108760857082575 0.126624145772343
0.0846744563938768 -0.0541938432408594 -0.335341937919347 0.361998000212141
-0.0185360943093526 -0.0861360695955994 0.0143536135348097 0.50795336480803
-0.0950787330614021 -0.00525911491872457 0.281777262523625 0.24170728317788
-0.0412574764619928 0.0495772304485429 0.204332572103043 -0.0360236116740798
-0.00745296518380159 0.0382212248839602 0.0682430261260833 -0.0601266241441331
-0.000167254970136231 0.0187525307693683 0.0251573708839699 0.00277896165391321
0.00105052412217061 0.000861175582336672 0.0382443975285456 0.0226596560319997
0.00980884876677962 -0.0159544403063128 0.0226904719984613 0.0323785037820625
0.0359450964389987 -0.0218761408028967 -0.0371411739237201 0.073214433209039
0.0540282262870926 0.00931915928580629 -0.129313614967301 0.0870557311326456
0.0508891115691836 0.0640105856886766 -0.215306432805178 -0.0111931766203781
-0.0075921374377072 0.0696165045318771 -0.193757459142375 -0.130433190615775
-0.0543255655956977 0.0379417022705117 -0.0621491721657978 -0.180581846468673
-0.0303246175561934 0.020911309080206 -0.0611404933679601 0.00756340137593702
0.0714706670058458 0.0687562421411429 -0.117162909264431 0.11172379536206
0.0608530676571519 -0.0527475398031503 -0.287522152243455 0.361891431045898
-0.0281969919569518 -0.0629207818895053 0.0433022972746008 0.446173565638461
-0.0704265393113943 0.0146292070516694 0.244270633111117 0.192721881158806
-0.0186259925146488 0.0347382439932565 0.161149612522833 -0.0273380976727546
-0.00505967510277021 0.0129762977796754 0.0541094329962024 -0.0364610653670041
-0.0113684770371266 0.00111160809406957 0.0244393189555649 0.0143937207273072
-0.00853218876216048 -0.00825539463851398 0.0317301603473785 0.0219487803045113
0.00552856433119969 -0.0182405123187028 0.0180227905694052 0.022759783867132
0.0389539065828762 -0.0207959320167567 -0.0259437197275805 0.0629915099543818
0.0549934845711004 0.0235735798803798 -0.106664095144371 0.0905585161173687
0.0302036690867167 0.0711375325380488 -0.214074818178303 0.0113882845263929
-0.019481115265468 0.0447783191623078 -0.225482099861161 -0.132934503078109
-0.0249060088663959 0.0184327218934473 -0.0630660590028643 -0.232352679250237
0.00473422977279568 0.052001522572254 -0.0250102310011154 -0.0196012440398967
0.046421206763758 0.0634146374062636 -0.0922976157864391 0.0975847476058239
0.00546211153782237 -0.0324798803268439 -0.198901802550005 0.336729638098911
-0.0413726647366427 -0.00579215953981349 0.0703190781078923 0.362839092997686
-0.0207672444758039 0.0482859991907958 0.206842245136061 0.149113638933985
0.0211182510997803 0.01215037125001 0.13793483300913 -0.0224629419726
0.00449779805791053 -0.0209941044357851 0.0488725147744333 -0.0277990523112723
-0.0185612003361929 -0.0220743672085514 0.0210736414123624 0.0149614411745367
-0.0175212273101886 -0.0159891553950822 0.0196894885490106 0.0183636633490363
-0.00249227879263889 -0.0118936162868218 0.0141105987303586 0.0171889501552204
0.0269135713666089 -0.00449421259285571 -0.0124511811251795 0.0627664150212472
0.0252097049849747 0.0419865169486211 -0.0909573925072309 0.109444838251447
-0.0203986712459268 0.0464585203440115 -0.23658765070415 0.0312782973947136
-0.0169058784047328 -0.0204448545684652 -0.265332897627516 -0.165130750243784
0.0373565422342548 -0.00697383595695857 -0.0502962833168382 -0.304473597162224
0.0523858427352895 0.0881611452313305 0.00817607090584792 -0.0591743044820564
0.0235935548542481 0.0582500631370466 -0.0395276067139968 0.0786023072968681
-0.0349792654022874 0.000908127642184688 -0.10385891382395 0.281763695060153
-0.0322244383713616 0.0480545083241853 0.0806319627032094 0.287263399185914
0.0334699127805946 0.0614178601210431 0.186480498578962 0.126352936576525
0.0538541900758808 -0.016107615797495 0.141715973963016 -0.024526264614124
0.0126855692839776 -0.050539256621914 0.0550582467816699 -0.0370852415012962
-0.0208324227364446 -0.040674526497833 0.0142943545050429 0.00417514278547878
-0.0233084185131695 -0.0215633162818485 0.00496966159565702 0.0127725121681702
-0.0140902850391165 -0.00357698603391135 0.0103752542597293 0.0188766564208386
0.00310366539028171 0.00978570110524544 -0.00845534177708932 0.0788130809212576
-0.0196016861416709 0.0382144204679177 -0.105153026983007 0.139981929754298
-0.0559186713355072 -0.0158231900624376 -0.291679026519016 0.024379605497466
0.0233923278396108 -0.0860114946675531 -0.291689071850612 -0.245500063072709
0.109023687331238 -0.00647520889855826 -0.00398710789650886 -0.381760518962298
0.0865592984829446 0.121620308547833 0.0335884487815935 -0.103846665956283
0.0186822545235761 0.0536830188210717 0.0179540307263231 0.0519940133151366
-0.0363132266714159 0.0218334388752419 -0.0288382081855455 0.218983028235431
-0.00561419449755249 0.0624281453193916 0.0900923844842942 0.235467291519501
0.0615110510247626 0.0436397643504057 0.190911043865664 0.114039709400284
0.0606768416268515 -0.0374294908739099 0.161640873765637 -0.0386528898186465
0.0141420308153146 -0.0623258150672935 0.063612996665496 -0.0585920358619731
-0.0187309293076242 -0.0468142537361404 0.00289865059259925 -0.0140187442317428
-0.0255010308327225 -0.0229611092475067 -0.0102274878538529 0.00532041094920103
-0.0246589739664629 -0.00266142591438826 0.00263787195829759 0.0257238103521873
-0.0204081448440208 0.00574811933789343 -0.0232034558917598 0.101174829082377
-0.0456314444116935 0.00527538499326357 -0.154107468500884 0.156852480321677
-0.0368698826814012 -0.0802603131025589 -0.354212397079933 -0.0341320752717635
0.0891630387837195 -0.0993911930804505 -0.270553787212928 -0.359387158147516
0.146332392954387 0.0332084371020682 0.0812673540717504 -0.437344954926446
0.0880063425560293 0.138443350461173 0.0513225332790331 -0.144865833309243
0.0312826733799248 0.0468066375598636 0.0595832432260033 0.0222397151509752
-0.00769115423695876 0.0151319438781514 0.0160195901491231 0.168908895933553
0.0164749045849266 0.0332931297737815 0.105925112515545 0.201484146430565
0.0504364867568738 0.0108686431023433 0.209237010139194 0.0977947273404766
0.0418903508448163 -0.0397857320764684 0.179584959042452 -0.0593701921154436
0.00905667585939184 -0.0517755904134011 0.0656686268701932 -0.0815601139603669
-0.0149301820529807 -0.038902915249735 -0.0100726201578185 -0.0312472843794271
-0.0236948870417654 -0.0221828352836701 -0.0245545457864539 -0.00328310590121878
-0.0271080776094087 -0.0103911555647086 -0.0100864815194226 0.0309220401915259
-0.0254206129496763 -0.0154732094403888 -0.0524830484892731 0.111011776959709
-0.0324762922821224 -0.0348168073375252 -0.211221798061335 0.137216690230665
0.0254654025166328 -0.0960197181453788 -0.377325252065685 -0.129719392660266
0.126692377595097 -0.0458704826127072 -0.187463978811125 -0.460523443031272
0.114452282023417 0.0821711289229777 0.184974969883245 -0.449889448358091
0.0519442167742186 0.121404937619775 0.0654749074318492 -0.173054749241794
0.00300691705670171 -0.0193419568105371 -0.0478439401404246 0.12347140417291
-0.0331100325429932 -0.0541747592925663 -0.282921256760149 0.351134951641505
-0.076686054473315 -0.0133124166843186 0.0536049675449756 0.510972741813549
-0.0616162241600408 0.0597176668908087 0.348911955806687 0.231744865226975
0.00221191234210528 0.0577924110026985 0.254753358635914 -0.0894325057224701
0.0232366950029648 0.0348687389196461 0.0685686409170712 -0.115717062181294
0.0291228916762907 0.0172681192046007 0.00996184765790802 -0.0297433548784056
0.0204485372964523 0.00955060129215078 0.0307173514204337 0.00951060793162636
0.0170526041913838 0.0132207070993892 0.0187837077684658 0.0313711933781726
0.00939998000572753 0.0227932622451023 -0.0478696041425349 0.0739489487906036
-0.00752721483560544 0.024082099443202 -0.142935392418287 0.0721544072943548
-0.00539576402610654 0.0173166958377167 -0.20350110392732 -0.0504041755931735
-0.00135411434913774 0.00904904250738332 -0.138704874305124 -0.151432144815314
-0.0248030200034433 0.00982096881613315 -0.0425348983050635 -0.144486760326004
-0.031805300273578 -0.0209824547470198 -0.0953386234472034 0.00728831951657491
0.0526423679683472 0.0276409655037402 -0.0735876914222431 0.131029000139697
0.0471855383207395 -0.0540588045663546 -0.320606332609292 0.346234956499087
-0.0396766611029059 -0.067315676098873 0.00857989451114689 0.516528810912475
-0.0921209278891143 0.013813415074393 0.309606721021817 0.256841203713758
-0.0324522787852959 0.059519602248707 0.237868236235557 -0.0539192012585816
0.00438280297877723 0.04608927283781 0.0749035166370863 -0.0893884715132507
0.015588787521471 0.0247739384802695 0.0200660328243264 -0.0163419491474173
0.0119842922035081 0.00788087930719895 0.0364506977243895 0.0150651657854439
0.0135057350910799 -0.00319692701391262 0.0223944059180535 0.032940683975374
0.0232609241737905 -0.00403417093798963 -0.0430159754257841 0.0740995535220922
0.0278115953104232 0.011486296247273 -0.139748422180021 0.0797221832401041
0.0320062518250659 0.0432465198838735 -0.208484772700092 -0.0328110661537876
-0.00325411934765 0.0511891584477625 -0.158221252513398 -0.136602634915472
-0.0501436530676351 0.0322762376649258 -0.0497364108018194 -0.146032391818844
-0.0390788929034873 -0.00484907487256618 -0.0823819839587357 0.0197342430211217
0.0793843708470594 0.0592576419934466 -0.101290266100155 0.121946274749895
0.0852199703053198 -0.0546860915280347 -0.324244233429851 0.350051479550918
-0.0191916161289078 -0.089265239803517 0.0131076779331728 0.492299285471169
-0.0961712615898869 -0.00675425441950526 0.2729948807465 0.232092092018779
-0.0425935939018027 0.0503464346763699 0.195902754550768 -0.036181629716364
-0.00744245294992147 0.0392131938127789 0.0641075920406928 -0.059062722131449
0.000797160368957204 0.0203718326827768 0.0239695389517157 0.00146887603095584
0.00210327729479677 0.0026092683153858 0.0365196959752083 0.0186063063881445
0.0108877885334385 -0.0144591003400823 0.0198376250509817 0.0270862241198906
0.0349575987666852 -0.0205808747410133 -0.0370399477358752 0.0663220648884747
0.0524963811766179 0.010266638468866 -0.124564570849306 0.0797543013451501
0.0481408779133372 0.0635728451905696 -0.203729301723385 -0.0142553545995958
-0.0100197614754672 0.0666489947612554 -0.180406491426629 -0.126821776138476
-0.0513709228872819 0.0361059518271878 -0.054823332294562 -0.173091815096661
-0.025175811863722 0.0200820769695651 -0.0542893475504792 0.0113967097897853
0.0761404519995924 0.067219750107478 -0.110569851955186 0.108138490921923
0.0636419649028491 -0.0547538622031281 -0.277634775369814 0.348293313750719
-0.0292680936228358 -0.0678804144510704 0.0435698821992726 0.429353086303883
-0.0734659918861188 0.0121459632604448 0.234098254357875 0.183433751677336
-0.0217619015355538 0.0365914568344628 0.152608161244179 -0.0271182688684658
-0.00610627310791516 0.0161610620764474 0.0500233549134317 -0.0350833657964908
-0.0104416947250198 0.00391079094761845 0.0241945274183373 0.0140345341369314
-0.00692805448226639 -0.00535264545632999 0.0304947353522499 0.0189824554541527
0.00735501282404221 -0.0164373768149838 0.0151879500385818 0.0193776449056079
0.0384254370036699 -0.0183005848658426 -0.0256189376140482 0.0567173158179491
0.0536444382645613 0.0252795243686241 -0.102259123510804 0.082962534066395
0.0261129474036607 0.0714753265457771 -0.202554541445732 0.00800220969040432
-0.0230781511257658 0.0408247137378255 -0.211777831266821 -0.128541490529861
-0.0219523627936959 0.0158832590937253 -0.0573935754411459 -0.223883566630618
0.0111828091922932 0.0506700363500307 -0.0210466371707324 -0.0160400370044339
0.0528642412601541 0.0621339081691499 -0.0877608450559217 0.0936109636240201
0.00997492573277427 -0.0359658208973713 -0.191970258985555 0.321962997860723
-0.042515177362307 -0.0124889599067449 0.0669962451925626 0.347264122139334
-0.0251044168431173 0.045058015593804 0.196850028592513 0.141100773715529
0.0167880670124419 0.0150487631405922 0.128586953272512 -0.0203973768802818
0.00253154674587554 -0.0167351373806263 0.0454982524561489 -0.0246975617993428
-0.0175964786165143 -0.0182542229225407 0.0214642516608294 0.0154726102794067
-0.0148752190893693 -0.0119406082368792 0.0196311732116944 0.0170280067465197
-4.54487953060335E-05 -0.00904548394905633 0.0124989285917687 0.0148552423829229
0.0273110235347926 -0.00128138290449858 -0.0118719072192354 0.0569598423571454
0.0240154989654312 0.0444470366329985 -0.0862376782581493 0.102099650624557
-0.024919829069402 0.0477544584763797 -0.224678025287383 0.0284525988908491
-0.0213917965820768 -0.0242793170087187 -0.251774158919133 -0.159649758392085
0.0397339825652134 -0.0100873444095373 -0.04597537731132 -0.293972199051735
0.0583403601105471 0.0857924016352135 0.00989126064803627 -0.0559177544911073
0.0305872216831004 0.0568315067248469 -0.0389586025242439 0.0735631309230458
-0.029854218513153 -0.00296615214691619 -0.100960416905919 0.268111791788816
-0.0339581771393443 0.0408152946663912 0.0756903247897254 0.274332206906118
0.0281308996980565 0.0582931900771441 0.175179370025869 0.120669319859858
0.0488574773369677 -0.0131124576780194 0.132069370641028 -0.0211993669918092
0.0103634735594491 -0.0461873844782682 0.0520932175709381 -0.0324764869540819
-0.0193493612385823 -0.0363258931827904 0.0152219447270617 0.00624052038525604
-0.0211775855707409 -0.0169474223335172 0.00568049388171891 0.0127791493392634
-0.0108824789386521 -0.000308100986535004 0.0100263069076484 0.0175186848696192
0.0035609648298715 0.0130609014348274 -0.00667888849841607 0.0737692039119443
-0.0206001241589536 0.0419256448153284 -0.0987407169919401 0.133124957515032
-0.061118945461612 -0.0136573309582951 -0.279471743072231 0.0244931542910397
0.0185896870332312 -0.0891624167128998 -0.280060483295577 -0.236167822755397
0.110835803543812 -0.00947630423409567 -0.00231298258167991 -0.369935475982374
0.0922184708658726 0.118435991299744 0.0320590335820857 -0.100150977358362
0.0243878037702547 0.0520274872280852 0.0149228353386673 0.0467103347311942
-0.0326666967070855 0.0184624387846514 -0.0300989421130166 0.206628482178844
-0.00827974306285548 0.055797095466502 0.0824406963748137 0.22447822467255
0.056883120335369 0.0414261080394662 0.179157753583869 0.110455811108764
0.0561842511669274 -0.0343846328599567 0.152180594231189 -0.034672351465725
0.0120121703330669 -0.0581606512682198 0.0602659138551199 -0.0533612575035319
-0.0177153209237606 -0.0432520201823586 0.00519106993708097 -0.0102932328586535
-0.0235986888283533 -0.0189856932872373 -0.00801311847827329 0.00671038456783163
-0.021621738154346 0.00125617690934591 0.00347818793258995 0.0261770927903862
-0.0198351030377324 0.00938603343630525 -0.0201453713730029 0.0969430132812745
-0.0468175852524748 0.00877757933720234 -0.14595763859901 0.151919006195345
-0.0427300582046242 -0.0784764329782891 -0.34164917264277 -0.0305892880041145
0.0843886820911207 -0.102335489384418 -0.259662341562526 -0.349326076954155
0.147445005915915 0.0303349911574643 0.0802925301770602 -0.4251756436015
0.0921125551782229 0.134338754501049 0.0473286409981175 -0.140232279808455
0.034870954833565 0.0437751371481702 0.0539340863192257 0.0171239016062567
-0.0064492255251537 0.013152803332708 0.0121747549222629 0.159312182781417
0.0142684738583059 0.0292078289549303 0.0969141025859021 0.192861200544033
0.047647332958625 0.00963369824193161 0.198124543614796 0.0952219168276485
0.0384881296071936 -0.0374787258533159 0.169772881462443 -0.0551159385173064
0.00751455598019173 -0.0491696945482974 0.063386141319711 -0.0760846717283659
-0.0145031912403262 -0.036699542019757 -0.00761920315411193 -0.0262512034326753
-0.0224863382888112 -0.0191540823259717 -0.0211693070924155 -0.000148569336312569
-0.0252978816426546 -0.00779183276842215 -0.00810457745732791 0.0318855703191159
-0.0262956739737462 -0.0124197894494854 -0.0484054899829754 0.108370718651881
-0.0338851732367661 -0.0318748645579168 -0.201956323992829 0.135705496004332
0.0202256558875554 -0.0946766121352163 -0.365861634732879 -0.123325731302637
0.122706298459895 -0.0481542837973977 -0.179524251105396 -0.445815137380296
0.114592361365652 0.0794363540349981 0.181682443759324 -0.435820066376279
0.0545218812270784 0.118487839837972 0.0602466975045364 -0.167440342519549
-0.00312541527032128 -0.0203255698907307 0.00995195870800294 0.128125304912463
-0.0445462577792505 -0.0360318416261851 -0.109672371290817 0.436296525643396
-0.0696809946550642 0.0128169859054334 0.260283002598807 0.440232850893239
-0.0307638839295038 0.0707565622353805 0.414413234848749 0.0623583365354525
0.0224358374214129 0.0482770595335693 0.190925591573543 -0.190896037191712
0.0342751785019155 0.0207594645414287 0.0104944931886718 -0.1338678254618
0.0326512898106229 0.00255910635076211 -0.00445271114725326 -0.0326614556565605
0.0214698330304718 -0.000340097665898887 0.0288150252386639 -0.00731822651327522
0.0204012128440305 0.00429007733890869 0.0267920189913479 0.0171127058337169
0.0177134877723394 0.0166699293527061 -0.013704499348333 0.0834898988087149
0.00384094987673709 0.0254962732272418 -0.0994609159899539 0.119580301150585
0.000907393269429945 0.017472290387182 -0.202776750715475 0.035923949907747
0.00155808507275585 0.00810935933505793 -0.181739541005993 -0.0803315246689004
-0.0186275287141998 0.0199192474939557 -0.091943271727645 -0.113451524074162
-0.0404757058816478 -0.00496620533966919 -0.0748789104377977 0.0470968880642866
0.0628183657192969 0.00338420930748192 -0.00718689648112296 0.145050943138877
0.0296805779287547 -0.0697779345229691 -0.145748180390085 0.443160324419369
-0.0586732037956929 -0.0522074071079764 0.219220947853969 0.461624823706453
-0.0780166074131998 0.0431254776860109 0.384972664046441 0.101783425599744
-0.00812815762253942 0.0657601104872312 0.190433783151466 -0.150257994367878
0.0223978157447881 0.0408446872747736 0.0273629027092172 -0.112485035451854
0.0246981196693666 0.0158777156432813 0.0107636148856167 -0.0244434507986074
0.0142160301538916 0.00258956219424882 0.0366927573642809 -0.00459123223518353
0.011198435816477 -0.00866095895685077 0.0306653594743428 0.0173635832028015
0.0196984143198107 -0.0134555016934397 -0.00953369049753226 0.0823645662937979
0.0309155318352151 4.12719437810124E-05 -0.0933128680289907 0.126746611978787
0.0449716361608906 0.0257567280255564 -0.200827129433413 0.0570396582673637
0.0155462415778768 0.047061425538981 -0.195083954379611 -0.0593168639816042
-0.0318395966098898 0.0491304507123852 -0.101084897322801 -0.113689618331676
-0.0378180450845251 0.0124678862330643 -0.0591899577798857 0.052104982539279
0.102711957197161 0.0210551808265871 -0.0345478292099386 0.148703755579293
0.0644127261560793 -0.0881470539681886 -0.145965746485375 0.447237039603303
-0.0508106690629644 -0.0820089705373267 0.211786763372258 0.433398368578652
-0.0924216573164141 0.0275624897029253 0.339752937651822 0.0934632171287311
-0.0213164910128288 0.0635949038660038 0.159516161537978 -0.115019462271569
0.00938116805672803 0.0410137055809579 0.0309908992375274 -0.0793943473394534
0.0106507661014224 0.0193403214069606 0.0221224187935313 -0.0091907366931851
0.00460839312110138 0.00220187437486129 0.03877142491477 -0.00118058910184564
0.00511669550369806 -0.0179120369962583 0.0257983196755379 0.0142591319028639
0.0243386256967752 -0.0325132409654924 -0.00696473551989531 0.0725849528523081
0.0535824029926637 -0.0103478917855144 -0.0799634067525538 0.12229443938872
0.0667591379212737 0.0393422421276422 -0.189861596090724 0.0730349517148713
0.0141941364040001 0.0637886814550043 -0.211823050998097 -0.0411354607538958
-0.0310927112513755 0.0515413336064843 -0.118199578586598 -0.136034266559903
-0.0107305835738332 0.0277522358608737 -0.0395789415590879 0.0327836799354239
0.104647320474986 0.0292495528466349 -0.0499201108167332 0.140339477111653
0.0447332454107967 -0.0816291001629698 -0.104764047241086 0.426159345560822
-0.0532460113087803 -0.0598132121893587 0.212280559888437 0.365825855832208
-0.0665188476169203 0.0362665538864376 0.284043378131837 0.0670807931309979
-0.00832439131095507 0.0442740175749139 0.123118146245439 -0.0868284100852249
0.000730690658727486 0.0200685110181486 0.029020608589714 -0.050806310563441
-0.00590770164468568 0.00979699224354089 0.0283883661710567 0.00215328484412552
-0.00595301534967199 -0.000437873444647614 0.0343707978400164 0.00151740653063632
0.00246207772047481 -0.0172359025652158 0.0190717722452554 0.00948007735205206
0.0292475612898023 -0.0316519750478291 -0.000796993892874888 0.0591068211687021
0.0612197738135529 0.00420549884134285 -0.0585987344246144 0.115619153344806
0.0493247426021795 0.057848721487656 -0.180274819870234 0.0909763096599602
-0.0104948815381551 0.044554993331322 -0.240089013025875 -0.0303411202481702
-0.012562832263106 0.0174745191718431 -0.140997136111028 -0.179106712051654
0.0385358678266533 0.0383279085118384 -0.0242194067079501 -0.00418038156992721
0.0813312589443913 0.0333257319537202 -0.037476778519131 0.118019345253722
0.00284251995273968 -0.0438839794111794 -0.0388868837119255 0.367517633985905
-0.0450888608510372 -0.0035353682446666 0.20141803710371 0.281730326449479
-0.0103390565664995 0.0475137676155653 0.233082918685405 0.0457814418478073
0.0176834230853264 0.00945987486498706 0.103908393833526 -0.0707864055519181
-0.00453562498627531 -0.0130741243786543 0.0293549427452925 -0.0393662063571163
-0.0209121250215176 -0.00628695548070932 0.0267909682311478 0.00471522058243383
-0.015339939321354 -0.00308444810437705 0.0245400898303315 0.00486924483827076
-7.66326470485004E-07 -0.00699647673789195 0.0154257290457127 0.00721184922319029
0.0267016397306301 -0.0099648471633822 0.0122994165716009 0.0537421091537938
0.0425435816466204 0.0355360554776129 -0.0356691026487567 0.124573790557002
-0.00905672807994361 0.0598000137197967 -0.191215637010584 0.116783560826851
-0.0380486023182472 -0.0178629189935815 -0.286890165432088 -0.0403411787132134
0.0336835102658671 -0.0347662200689121 -0.160150113040763 -0.244032438456632
0.100044969692184 0.0486893163835022 -0.0177926676449797 -0.0509839950290175
0.0581286437277902 0.0360764794744146 -0.00382352188024754 0.0807814586406915
-0.022606066076472 0.00174146778553941 0.0200321999508443 0.281391964042803
-0.0171513711347777 0.0428958323110728 0.179011310764867 0.214040836981737
0.0433962281995065 0.038270556879484 0.206492712780528 0.0362483598112181
0.0352925797412769 -0.0286907089771796 0.105964273975922 -0.0736904548808525
-0.00982140392362093 -0.0427562917910836 0.0315666865205899 -0.0488655756499337
-0.0307904182269507 -0.0225888863028896 0.0172745841696323 -0.00107614580186838
-0.0229695660917108 -0.00463252722683049 0.0118136180385222 0.00802292083971975
-0.00643053136219723 0.00563944770569318 0.0158413352541612 0.01142625690104
0.0109489516495549 0.0140104443669041 0.0254781171444733 0.0666156628356316
0.00015512764444296 0.052879740629595 -0.0322477217712858 0.156829994620815
-0.0701170385914172 0.0190024438755934 -0.239237209795413 0.133776714860113
-0.0282749681008184 -0.0975004192397866 -0.343582833781312 -0.0948055634301226
0.100851331710929 -0.0658746593579787 -0.153236856070919 -0.327777189785675
0.14616399158459 0.0631010493983913 -0.0199727625879383 -0.0986521234938915
0.0478491326296744 0.0336998759899196 0.0317974108752196 0.0336084892888499
-0.0186637016189093 0.0234880111697667 0.0566033135268121 0.196464907120601
0.0120301273273577 0.0481722481697886 0.164084571439232 0.167345269032829
0.0629519567912761 0.0114633114113722 0.2065054443808 0.0243916736227988
0.0331991835237568 -0.0521328630351699 0.119000031437434 -0.0946715642340514
-0.0140186372348342 -0.0552750484409043 0.0311628615141819 -0.0714066976345932
-0.0327996503666154 -0.0295876258641271 0.00189335091743257 -0.0108064878372643
-0.0269631260002621 -0.00597351217141655 -0.00269885031327388 0.0100737614466635
-0.0160959213168371 0.0118067626507269 0.0154458648753212 0.0219618254462729
-0.0123185125199959 0.0207825948630306 0.0244501538623397 0.0936366341254691
-0.0400248007047148 0.0336895844093429 -0.0641687603986572 0.194227675573566
-0.0822111271297318 -0.0494419146140176 -0.314319118057324 0.111622816922861
0.0293591852348013 -0.138948272754167 -0.372724425610889 -0.200836460067788
0.153900915646431 -0.0442464965449369 -0.102955947787535 -0.411662038357349
0.152407892870525 0.0789797290072314 -0.0251250446427827 -0.141532192640544
0.0515730496605898 0.0228994740036364 0.0534858303129926 -0.00966907093750477
0.00123028994963606 0.010563509482875 0.0737024272789727 0.135361066087556
0.0222652485492069 0.0164010826329224 0.163238451001803 0.132801933884237
0.0430918036749896 -0.0135842505415755 0.216680348311434 0.00291148243601903
0.0162273564013661 -0.0487057819877416 0.126439103674814 -0.12082658617531
-0.0150090189599691 -0.046091972459805 0.0246424794067392 -0.0928843820647903
-0.0273383408545364 -0.0257038102458452 -0.0152564374154072 -0.0195255436189072
-0.0266484048382231 -0.00708564158325932 -0.0161391397563581 0.00943084181718394
-0.0244419528161247 0.00499768764346275 0.00820419275979925 0.0329187023263152
-0.0284860460841801 0.00241610505617408 0.00547931733575479 0.117468385803005
-0.0457542778755833 -0.0113999695522969 -0.119308148607621 0.204801837473419
-0.0315460831788388 -0.0941341009729045 -0.373148434897553 0.0423996738115976
0.0906774337293091 -0.104894155141187 -0.345971084234069 -0.319928146339035
0.145764754498878 0.0174138978284382 -0.0201436780736341 -0.462809297629113
0.108646158971594 0.0816222392453592 -0.0246929895722209 -0.173154905706029
-0.00409221275811868 -0.0207563889283452 0.0158836325715748 0.125667874561604
-0.0463689845556866 -0.0335603567400341 -0.102687570974136 0.440318097245743
-0.0709232512299376 0.0155155486599544 0.269635140089321 0.440207651297054
-0.0277529340704776 0.0718401170371817 0.418586654764663 0.0528726481563618
0.0246034589139514 0.0473426292371016 0.186618558382203 -0.200008217741454
0.034793800391146 0.0191846188093491 0.00463289668368255 -0.136418665119722
0.0320852411647879 0.000295481420198601 -0.00789234043510243 -0.0338444540657105
0.0204001147571256 -0.00129660549770344 0.0257663351606971 -0.0103108879017316
0.0200760252088822 0.00295629840788304 0.023437060339265 0.0144805006609157
0.0181437890402179 0.015817715185006 -0.0149094699415845 0.0808930052860963
0.00511354890745624 0.025128795503779 -0.0995531951180953 0.118511503381674
0.00290211443800666 0.0169372944340858 -0.201825633913605 0.0368786830994298
0.0020087262607812 0.00950805058697515 -0.179088163122531 -0.0808032256945637
-0.0181871851906177 0.0224063514817431 -0.0885242471443819 -0.112382350622042
-0.0419838436329193 -0.0043367657536089 -0.0671078375318437 0.0516171216482552
0.0659579205060052 0.00108643389591887 -0.000324263356936115 0.143431418146416
0.0287677980311302 -0.0723402067116681 -0.139796918445865 0.44861938827682
-0.0625569501030438 -0.0529014829638921 0.229871292020668 0.460108463262508
-0.0800974350408666 0.0461219414736906 0.388922909460069 0.09258921975519
-0.0069165554557825 0.0682819605607625 0.186287000327579 -0.157573185010339
0.0243066471447868 0.0409811949513322 0.022519213661831 -0.115029688350158
0.0256133680133542 0.0153170411803038 0.00822165914771623 -0.026130748714652
0.0147825407598858 0.00236119432864082 0.0335039388235807 -0.00795159722537672
0.0111040921157013 -0.0096110479450535 0.0270063695976167 0.0146429163965833
0.0195853892326699 -0.0140667022149038 -0.0109700816104159 0.0804211836670668
0.0321528132025782 -0.000648380438259091 -0.093668563021146 0.125511554625452
0.0463440558569816 0.0253271242008096 -0.199988444428672 0.0566650169719715
0.0160649068414895 0.0482290858720164 -0.192131787898796 -0.0603807155959204
-0.0301068505195823 0.0510610448289181 -0.098311817345811 -0.113286765788317
-0.036696635921804 0.0120333944620754 -0.0509038964191633 0.0554461177618018
0.109110597449691 0.0170154293556458 -0.0284221616322809 0.148402488596741
0.0653273254588289 -0.0941232562983942 -0.139082204406282 0.452119091865578
-0.0566056404733217 -0.0852483265458369 0.221944139211352 0.432738476132213
-0.0976426590036114 0.0309908895500047 0.343404482010933 0.0861670084399571
-0.0209024937164672 0.0682115005166223 0.155596189141188 -0.119649985800549
0.0114126213477815 0.0432679876361023 0.0275616555953082 -0.0803103221465852
0.0130032796766465 0.0199732877569105 0.0211709867456983 -0.0109359209384146
0.00654006700002954 0.0029148725387347 0.0363075413262619 -0.00481258485456347
0.00600922885487292 -0.0181395056769728 0.0229776586653997 0.0119426779304006
0.0242673740484744 -0.033235176383028 -0.00920752514801995 0.0703582258494066
0.0548728256736702 -0.0111151463287391 -0.0802993582552951 0.120209515136482
0.068977985087958 0.0403588222998076 -0.188546430547487 0.0718073464764041
0.0129664152259113 0.0646395150164061 -0.209636947726656 -0.0417360511883899
-0.0298338757398522 0.0510443907715633 -0.116803133231255 -0.135392339233975
-0.00717899351925818 0.0256585555002455 -0.0326326775401227 0.0353440369954586
0.112755369456778 0.0244956355309331 -0.045171093021116 0.140317457495699
0.0456777387062815 -0.0887731621846111 -0.097177111119794 0.429670978636527
-0.0602876754176641 -0.0638903856759692 0.219238010541841 0.361534341757188
-0.072175358393378 0.039901509388589 0.284344229853594 0.0607135940196166
-0.00844764608473014 0.049076739130578 0.119014060136526 -0.0885779685724781
0.00211016780364114 0.0232560818741894 0.0269011703385666 -0.0497209731082761
-0.00379884494567969 0.0123764602670336 0.028703648547691 0.000751687149556084
-0.00314704935305787 0.00129535829650276 0.0333580154078653 -0.00075856619797531
0.00389358826302991 -0.0172258750410938 0.0164100726129191 0.00787177853942513
0.0303273788208646 -0.0312524572346002 -0.00276627934716038 0.0564446575555953
0.0636464906028061 0.00497495307826127 -0.0577894569074982 0.113122182333725
0.0503279937853837 0.0613728017148475 -0.178580183360156 0.0900866335662056
-0.0141676575269997 0.0453983630735842 -0.23782120497173 -0.0291835579704302
-0.0118822474504376 0.0142574048570211 -0.142312677180692 -0.178055560695352
0.044993947270759 0.0338699466507553 -0.0199192220451261 -0.00255365200568033
0.0902534371482554 0.0283258617818694 -0.0345993144981411 0.117977605748127
0.00390158530147422 -0.0502358246583625 -0.0336997683733857 0.366718275847229
-0.0514600604521279 -0.00647969573426781 0.204447492093722 0.277716754007403
-0.0150333653637569 0.0503122777454082 0.230163962657291 0.0416092447044952
0.016619783942192 0.0134900884846445 0.0999211772047765 -0.0698434414237897
-0.00456828914611031 -0.00998269137282203 0.0284680472215892 -0.0372812695340418
-0.0187807092478339 -0.00405919303489179 0.0286576308641235 0.00437853153499437
-0.0121798414643608 -0.000999243483808632 0.0246492824483097 0.00333338625295451
0.0027433180700158 -0.00661422803726895 0.0136276654524028 0.00615403489482275
0.0291690166203715 -0.00883908025911178 0.0119096215923606 0.0510832464421252
0.0458047993419842 0.0385543404649549 -0.0336410959144751 0.122071839150768
-0.0101536370489332 0.0665343700625083 -0.188449260954809 0.117675971895879
-0.0455671315932885 -0.0180948290941195 -0.286643448470908 -0.0368133643182098
0.0342225072522039 -0.0416296255472202 -0.164614391416406 -0.242981866936812
0.108700068865672 0.0419997067305938 -0.0170989077547557 -0.0494424872441587
0.0656459036876273 0.0320222291043638 -0.0035231475102922 0.0790752832032057
-0.0213120986029565 -0.00254460551745816 0.0229508981950536 0.278718275291084
-0.0212789106878795 0.0409507205551616 0.178252009543676 0.209684438124223
0.0400668469616546 0.0396775661107136 0.203184017724503 0.0345971312661509
0.0338304392207049 -0.0265395772108736 0.102353263953913 -0.0717397338295085
-0.0107911721966129 -0.0403776934091399 0.0314418837516417 -0.0463488249863272
-0.0298157801644288 -0.0198062062035735 0.020243745974572 -0.000735356134199987
-0.019833988617586 -0.00287956376173695 0.0128724036791427 0.00779962442958127
-0.00230258185064704 0.00690518133446889 0.0152619013087277 0.0104649766585488
0.0140643869024481 0.0173188785087835 0.0269827416275752 0.0638421919095384
0.00273332830674516 0.0586362095751418 -0.0281833685071462 0.155121090486152
-0.0749183833561129 0.0267118613313974 -0.235270655610817 0.137886932050011
-0.0380463476357939 -0.100498369608878 -0.345886202153979 -0.0901241179029827
0.102497033601913 -0.0748841812792578 -0.160785228541227 -0.328089871722077
0.156311279443991 0.0559945548536223 -0.0225841236869744 -0.0979199346350021
0.0542822598542926 0.0295456735424615 0.0292354901635231 0.0309427487386531
-0.0172749851285182 0.0212265628619502 0.0565380907947156 0.192528001509107
0.00985818704931492 0.0466727183370069 0.162575295178612 0.164992862686808
0.0610208945451491 0.0113176636609004 0.20328995226007 0.0235966813884036
0.0316417537600747 -0.0513060809034141 0.115161146009512 -0.0927471131610871
-0.0159755455012322 -0.0534626244637225 0.030687265070439 -0.0689710032517407
-0.0325251178209458 -0.0273865022804333 0.00509881651757449 -0.00967992953552194
-0.0242038091740325 -0.00397241511194018 -0.000476820282790931 0.0104620747488961
-0.012241990688736 0.0138866166178527 0.0170095589489514 0.0212804189204555
-0.0103911528734606 0.0250010058544081 0.028633165170236 0.0923911067693032
-0.039087536776999 0.0395372287134112 -0.0580495594877089 0.194880548902108
-0.0894297549114386 -0.0444764133076008 -0.313139684051516 0.120951975221394
0.0216174022105358 -0.144798862412216 -0.380235738819068 -0.196535769436567
0.157721977241736 -0.0530748796837448 -0.113507710007909 -0.413752671044394
0.161767774221675 0.0725489342680574 -0.030397795890793 -0.139955573163217
0.0556119640578056 0.0189207828167647 0.0480075414048004 -0.0129732607214564
0.00202031258839603 0.00918433163347739 0.0709830778492892 0.132034082796615
0.0200059235546952 0.0151338515081695 0.160674807776543 0.132130909789152
0.0416426224249161 -0.0147599531005415 0.214395925611552 0.00234896955382264
0.015334720016412 -0.0482827961031362 0.12354535755927 -0.120010404087277
-0.0168461348535629 -0.0445323559642145 0.0241543857300113 -0.0912308114379023
-0.0278359545912235 -0.0240311642999437 -0.0120319004968922 -0.0177722191862679
-0.0253054144504261 -0.00532443667431602 -0.0134108487949708 0.0108498774334577
-0.0222471233803236 0.00743913783059148 0.0113893364179371 0.0339837306307459
-0.0284070635639488 0.0061425071261978 0.0109385323505902 0.117414940821429
-0.0473977634586917 -0.00773232897393578 -0.112679034985151 0.209026689290339
-0.0379966904224913 -0.0937245959261642 -0.374734908048246 0.053855863650745
0.086786843248085 -0.111228595612636 -0.356648323664123 -0.317816206230663
0.151130350391614 0.0113553460942719 -0.0283377650010126 -0.467950103607405
0.115000573253347 0.0773462403554167 -0.0310612596745447 -0.171661350422935
-0.00564035024123676 -0.0205275875504883 0.0241936714116724 0.120583318204171
-0.0479425601245355 -0.0300543313060131 -0.0877703567369731 0.441279127099408
-0.0705685080801175 0.0202496844829754 0.285979066854549 0.430010620352065
-0.0231670211414503 0.0727132308885315 0.419735576125242 0.0322749784956522
0.0275770544808826 0.0453022659530016 0.17365770238788 -0.210409528419107
0.0351109515830074 0.0165815623320501 -0.00488702981020679 -0.136943840879497
0.0305890426675056 -0.00213366699848249 -0.0119057925452038 -0.0341770230625126
0.0191749081863345 -0.00203911954659597 0.0215533237034562 -0.0137939693723846
0.0190910801049379 0.00122789144981734 0.019793793737479 0.0106949012240062
0.0186102203068335 0.0142359600239417 -0.0145938476743134 0.0780733198279197
0.00743280500065582 0.0241609582333177 -0.0964076679890726 0.117713845807082
0.00469646281061061 0.0159375721915785 -0.197464896548245 0.0414223062530063
0.00303622021295966 0.0109220037881241 -0.175908665455047 -0.0769922518517316
-0.0165841923063723 0.0250145710366441 -0.0867211331159929 -0.109532576634612
-0.0434886637107902 -0.00228563840694169 -0.0566683622356474 0.0556101018152541
0.0676116564745471 -0.00354796337436794 0.0093342027023578 0.139608816391686
0.0262976834228106 -0.0750275971354918 -0.122203648063328 0.450479341196908
-0.0673495458257861 -0.0512992440682039 0.247737791466322 0.451599709020852
-0.0800246472828689 0.0504088281888625 0.391411120303899 0.0741244110206621
-0.00312913128350603 0.0699389089951298 0.175944970484581 -0.167310349648147
0.026563891585333 0.0405860011307837 0.0145196097234535 -0.116020906276119
0.0268243931723265 0.0143683003609051 0.00501875747065299 -0.0271988036287654
0.0154680341784355 0.00200882361048077 0.0302324952980787 -0.0118804680757203
0.0102051788836079 -0.0105405769085508 0.0232113881388777 0.0111261748061445
0.0185864664290407 -0.0155113291847304 -0.0110088903208893 0.0781455285823455
0.032247357883537 -0.00205447053262653 -0.089800350657071 0.125127229915557
0.0486996270035761 0.0239392861839709 -0.195281107331405 0.0596143704444737
0.0172976120345613 0.048643372043714 -0.188807726506937 -0.0563709344155385
-0.027159964215376 0.0524197583532912 -0.0969664651794177 -0.109769467547807
-0.0357019242509218 0.0126978993911832 -0.0407274952800021 0.0584043504519395
0.113915442393479 0.00936892728463392 -0.0188716568292844 0.14540411056525
0.0625621410608389 -0.101058054750984 -0.11979683134561 0.452581813289845
-0.0648152347710889 -0.0859836254086599 0.238255817352655 0.420645870255754
-0.100549433059613 0.0369520429481185 0.343375343761367 0.0691732842352582
-0.018163665505625 0.0726064672287614 0.146898616457033 -0.126316423408913
0.0144722646222823 0.0450177199031015 0.0214314606569247 -0.0805550836305882
0.0153129529343952 0.0206515973283612 0.0196392085656212 -0.0127494758633899
0.0086456302501902 0.00307127108882812 0.0331458483119875 -0.00864294349487465
0.00591970093283952 -0.0184539554013225 0.0187422271663287 0.00909766481537654
0.0230835791689597 -0.0342887779271532 -0.00980563056249315 0.0681566187245333
0.054769331357569 -0.0131813673058731 -0.0767307413471844 0.11936580323066
0.0706716043506182 0.0389006622882332 -0.184492787552461 0.0744318321993219
0.0135812561801722 0.064883785581358 -0.206187180539102 -0.0372464229674047
-0.0267126004846229 0.0508142126891568 -0.117203416368259 -0.131046528313779
-0.00289132728725414 0.0229394832604341 -0.024109643338292 0.0373087305455233
0.119856874874903 0.0159829004951128 -0.0362431065228414 0.139193215431267
0.0431706890422203 -0.0961545398065119 -0.0791402081962018 0.429162304691912
-0.0682127275546121 -0.0648792281786495 0.232715638241028 0.348459203620119
-0.0757076824695723 0.0451759810151228 0.281970958761633 0.0463122010600705
-0.00716464619372951 0.0538569126599944 0.111490986677991 -0.0913536933977437
0.00462612883716421 0.0259262589747856 0.0238954236621526 -0.0489669812745772
-0.000645177837339363 0.0140609116844625 0.0286742649883124 -0.000526318595974838
4.37631038526466E-05 0.00253067750723047 0.0312449007853754 -0.00423608249153593
0.00537207610054481 -0.0172298749868755 0.0131073444750521 0.00618342617478726
0.0300609357247482 -0.0319098191061987 -0.0035597102253461 0.0541046243201517
0.0654214841625029 0.00362697742846952 -0.0550282904623407 0.11097373326373
0.0527006727712584 0.0632179414001986 -0.173155917886758 0.0926298258967469
-0.0162700999684268 0.0466485086383141 -0.234333474238069 -0.0227588543725963
-0.0112869236798566 0.0113802224862018 -0.145435490131841 -0.171305650023251
0.051552542673908 0.0271998087119644 -0.0151708158725207 -0.000627883279946152
0.0977183243023322 0.0201840298979074 -0.0286271403053836 0.116990738484688
0.0030797492788486 -0.056163311478956 -0.0185068570868853 0.363210670907807
-0.0569041177215869 -0.00750093762557534 0.211251088027506 0.265509555853199
-0.017934481185263 0.0540178117898364 0.225957863928953 0.0321748415456541
0.016671549290678 0.0170030758360081 0.0928404658139143 -0.0698828279208891
-0.00376828022035243 -0.00662627215820008 0.0267565151459926 -0.0351539420780864
-0.0169046953215884 -0.00149908451597911 0.0301952635003147 0.00319543175878818
-0.00837766956638055 0.000436407796354265 0.0242970391696104 0.00156713406177283
0.00550017413657194 -0.00662641716526173 0.0118545992314847 0.00527119096920284
0.0310246860529945 -0.00834938992989601 0.0112902841191172 0.0474081385266226
0.0499397444686031 0.0393392574178041 -0.0293747801752666 0.118722644699109
-0.00893755584827473 0.0726144346710711 -0.179927394898757 0.121544800824256
-0.052532129798661 -0.0159512026002675 -0.283671984334494 -0.0271156739945065
0.0326889263372523 -0.0486047239309567 -0.17233018416264 -0.235116263233353
0.115827913053525 0.0313926466549094 -0.016601138203875 -0.0471031835738553
0.0733951188486792 0.0244637160722112 -0.00191485096470051 0.0765029887872494
-0.0200885076202314 -0.00685317028226112 0.0314780345000736 0.27227802601629
-0.0239362843961825 0.0399655669351166 0.181510017641737 0.200583185428569
0.0383815934124463 0.0403118262708525 0.19784109937897 0.0276559843330758
0.0317677805002561 -0.0246973712612535 0.0962986230723529 -0.0706104118229942
-0.0121715805646192 -0.0368104777949977 0.0306329868407301 -0.0437230331328111
-0.0288012144502892 -0.0164269952973133 0.0223832911248406 -0.00101007357442533
-0.0162296220001273 -0.000883031514994823 0.0139777420830578 0.00676583269573507
0.00149468004928754 0.00773693742323816 0.0156236828562079 0.00956195745194733
0.0180905968020609 0.0194977351332116 0.0289836784099343 0.0597386633966686
0.00714237417274013 0.0620300722762561 -0.0201712785774591 0.152547410029587
-0.0778236739865977 0.0361967167452694 -0.225635772076818 0.146393357705219
-0.049229596879157 -0.100636233538109 -0.346511508218309 -0.0758870167557198
0.100007318507091 -0.085832283769167 -0.173971715500562 -0.319541277326349
0.164823134751155 0.0433368264902718 -0.0263538514938473 -0.0947731641298774
0.0600060640854211 0.0230802266931696 0.0261611961327211 0.0274264916647761
-0.0157347151776441 0.0183043727170954 0.0596098870268542 0.185840102821613
0.00773268792966323 0.0454194469029649 0.162427934384754 0.158004154221635
0.0585438451755301 0.0102171703597027 0.198477641111349 0.018613005491793
0.0286740181974778 -0.0498758797098653 0.108749784802654 -0.092533607270717
-0.0180153632487454 -0.0506602312876793 0.0295004684921463 -0.0665807714091069
-0.032611625573546 -0.0244886081907796 0.00783384797969472 -0.00865607727808992
-0.0212783096585106 -0.0016212913134664 0.00202169440925654 0.0104563167506408
-0.008007731959449 0.0156003482728516 0.0188863810599191 0.0208532797711551
-0.00706679286885609 0.0287284970521894 0.0337049414712967 0.0882352074724802
-0.036584147047158 0.0452686173474333 -0.0469301931988688 0.194597597810019
-0.0965627588121282 -0.0360849665029507 -0.303659697715543 0.1348501458379
0.00920559385276705 -0.149507051744969 -0.387115770791521 -0.179915390512473
0.157241498374021 -0.0658109526620078 -0.130003457301682 -0.407001333141054
0.170216306794134 0.0602034381765818 -0.0374155855769176 -0.135616105356748
0.0590871030988526 0.0131677004375405 0.0417090884063355 -0.0171815340325724
0.00270468337770669 0.00688933633836501 0.0701691433290661 0.126277595100633
0.01779663259785 0.014055026647291 0.159477006758723 0.126106666516796
0.0386651578749003 -0.0158017904009835 0.209794894327306 -0.00322068738782702
0.0126510868121334 -0.0477627957980627 0.116606510318327 -0.120884256466707
-0.0190062483428346 -0.0420973757145711 0.0219874215726427 -0.0889270026217763
-0.0285022672621807 -0.0217289894757073 -0.00929051506115625 -0.016081825817426
-0.0231883878806738 -0.0028908363298452 -0.0101433121935471 0.0120673781743138
-0.0200335400828078 0.00954481604276247 0.0154735158375294 0.0334317352490325
-0.026835341971882 0.0101333509287765 0.0184073998486755 0.115778959260725
-0.0478943819849393 -0.00240500455915959 -0.100373824925955 0.212387978846013
-0.04608562511925 -0.0896526628434976 -0.368773968012875 0.0720763682837172
0.079318145742448 -0.118632167667303 -0.370228457802267 -0.302691922544127
0.154365767195156 0.00190624128472411 -0.0484149816252811 -0.466711645302411
0.121562931436784 0.0678862190623056 -0.0406394297943133 -0.166201112825161
-0.00679637163429387 -0.0197276148862468 0.0312256375608788 0.111453165722566
-0.0479345833980268 -0.0254933257074087 -0.0662580312752202 0.429853049800893
-0.0670364854514548 0.0244018284595943 0.297828390475545 0.405728631761279
-0.0185048755908459 0.0714085561267652 0.407472265009782 0.0110562671230484
0.0297786510263079 0.0417952543869014 0.15514343912191 -0.213885714502095
0.0346103416270996 0.0134578400381909 -0.0141152037761137 -0.13236542566991
0.028384933069054 -0.00421516539796804 -0.015329891606513 -0.0331407296354358
0.0173963660356512 -0.00297965333090737 0.016589877708434 -0.015917767913735
0.0174139793739917 -0.000437906489423565 0.0150530595581469 0.00782750597820546
0.0186377999007592 0.0123218808820743 -0.0139846420166447 0.0736923202067869
0.00823450233732958 0.0224791831589797 -0.0899515242049997 0.114735300247133
0.00671071221512544 0.0144998111518688 -0.187126079132547 0.0446640376767786
0.00406800735938898 0.0114914362397691 -0.168676767656091 -0.0708447043333962
-0.0144099065589609 0.0266744931413577 -0.083430232408292 -0.10227499025349
-0.0438976917618293 0.000305054751359782 -0.0441566057816667 0.0567741422409347
0.0675140360831185 -0.00783223988144462 0.0185544863663851 0.130715471252823
0.0229100071711739 -0.0757550098462454 -0.0995928893432103 0.438328871436187
-0.0697576178580564 -0.0471593182406513 0.259572207275625 0.427763470876683
-0.0768555673294916 0.0538265158520651 0.381760357223842 0.0523346566701588
0.000883112438092566 0.0692557696972725 0.159456296563823 -0.171890828883198
0.0286271276665807 0.0387150373312415 0.00565047732880938 -0.113101061439607
0.0272460750318408 0.0122940940808539 0.00148924297349409 -0.0271625108371777
0.0158314744828894 0.0011967207601152 0.0246963302758177 -0.0148363192606895
0.00924152020914637 -0.0109482418115831 0.0178869992043896 0.00843969199974955
0.0171740109963119 -0.0161297842537109 -0.0110741371496328 0.0734934190738951
0.0316065781327383 -0.00400699899954344 -0.0840605007453038 0.12189163855164
0.0495541271326707 0.0209279212767623 -0.185607993850131 0.0624275796999961
0.0186185015876648 0.0469934734579497 -0.181502922625248 -0.0508086139221355
-0.023072213324947 0.0522499390783339 -0.0932420257558795 -0.103344894507559
-0.0330819400010022 0.0129970329245109 -0.0289298980393125 0.0585057248006983
0.114818404008483 0.000645677564039875 -0.00772397425134728 0.13881219956704
0.0567956997469818 -0.105065129802675 -0.0974326372477126 0.442818238463119
-0.0709035212441446 -0.0830813859935684 0.248132493781376 0.39637639225417
-0.0999350383433168 0.0429762554458177 0.333236724807542 0.0490980781527831
-0.0138405350099298 0.0744837110492422 0.13337549689068 -0.129416264660534
0.0173478251698621 0.0449257440669938 0.0155177417214654 -0.0782106735478157
0.0180306820453118 0.020100894913282 0.0172446068194104 -0.013880066189678
0.0107828780330564 0.00287624551491339 0.0290596438881286 -0.0114649721301669
0.00549281822693772 -0.0182743423693243 0.0145496382615544 0.00681866912940397
0.0212900113716692 -0.0345648009887743 -0.0100039840069992 0.0646497881465719
0.0537704016216356 -0.0149331696079057 -0.0715594549485411 0.116150490697124
0.071104396652714 0.0359902695154529 -0.175145803762265 0.0756975292142478
0.0140521887523767 0.0635486147427328 -0.196988852493406 -0.0315499460647316
-0.0232468836154863 0.0487788059398006 -0.114704045636057 -0.122928727981544
0.000227209967404508 0.0195304659127193 -0.0151548125837753 0.0371095018713078
0.122362072345195 0.00544302940452975 -0.0261462002196932 0.133829513130986
0.0384646583297445 -0.100765549630015 -0.0581939652721995 0.413382957474649
-0.0742984236671617 -0.0628406103226223 0.238132492707266 0.324627748436709
-0.0765522943826842 0.0511321472067916 0.270715098512064 0.0316402912995028
-0.00463873286853366 0.0566782714527728 0.100817654915413 -0.0919303889132037
0.00713188576834092 0.0279720498469049 0.0197124532061819 -0.0465063790119472
0.00248664447485647 0.0147001528893969 0.0283413118861538 -0.00208392189411286
0.0033156750121003 0.0028546623894401 0.0277477694540839 -0.00672777270829841
0.00633782495704432 -0.0172139494421919 0.0094339387818515 0.00438364646100885
0.0291540918797524 -0.0318005520666337 -0.00464724204480619 0.0507452141856353
0.0655836077284444 0.00165461321817049 -0.0504403129849855 0.106351656478284
0.05422014451854 0.0622702189514462 -0.163032742423615 0.0924610072925432
-0.0183356408462603 0.0470799564623357 -0.223446803504164 -0.014868127965849
-0.0104410335297474 0.00827142174432404 -0.145238583505665 -0.160290155206518
0.0547490845381217 0.019464590905292 -0.00979695906639763 0.000532278464404288
0.101578785313701 0.00988239626752257 -0.0213575728962724 0.111532673796138
0.000784202715310946 -0.0605024185719057 -0.00412950640849349 0.34811638371408
-0.0611681535273984 -0.00744244092922186 0.212188923627619 0.246037420349422
-0.019359482171216 0.0569036568176296 0.214712577014078 0.0219672988405956
0.0168403840618485 0.0200687356654728 0.0842426251010408 -0.0675700271198663
-0.00296490236073475 -0.00328016358772536 0.0252093383857751 -0.0324378843346398
-0.013970923923151 0.00134025894243808 0.0303336453441409 0.00167324195969821
-0.00477366104581757 0.00175410161486245 0.0229255099814262 -0.00104757883268243
0.00807433802779851 -0.006707345072994 0.00963985930772849 0.00380629429497944
0.0323212221474957 -0.00815398069943496 0.0109953777801933 0.0427139336433266
0.0529249204776987 0.0386361702170972 -0.0241149520640683 0.11214687181552
-0.00650331792526126 0.0767334641197031 -0.167421491437789 0.121709226996716
-0.0581867220243473 -0.0126571194543335 -0.273004664696634 -0.0158415153916036
0.0289239148256897 -0.0539971747598296 -0.175860894942711 -0.220008097772831
0.118558020248223 0.019335657995063 -0.0153150760542248 -0.0438341408772823
0.0772851767521648 0.0154838298374942 -5.73565227666158E-05 0.0723780854757376
-0.0194691920229167 -0.0105327065735026 0.0380103968332004 0.258936224622569
-0.0259729577827095 0.0382290803281794 0.178778819213913 0.185890955653859
0.0352612243461238 0.040265667555551 0.187234207021726 0.0209970353879993
0.0299698511577208 -0.0220460644768913 0.0879621613251152 -0.0674368722323075
-0.0131693332540327 -0.0326926047582611 0.0289526103939284 -0.0409042876016401
-0.0265968114677942 -0.0129637517517308 0.0240231225594845 -0.00202907832579238
-0.0124398377827023 0.000816813124600493 0.0142824277396787 0.00606419221288992
0.00541338222218973 0.007705475184273 0.0146370375144316 0.00828913491093549
0.0209995405101605 0.0209698117279987 0.0297543486200549 0.0538055853617212
0.0119748602620279 0.0640162966431096 -0.0122485177546196 0.144970186315963
-0.0764420124467201 0.0448582090151986 -0.208873686754941 0.150075116907409
-0.0593500426262338 -0.0961464957499357 -0.337175621212179 -0.0589463893470763
0.0936041266335953 -0.0942798645191361 -0.182184954213307 -0.30128161725988
0.166772700536396 0.0287326616703309 -0.029248429337334 -0.0880649269417026
0.0633054040242577 0.0145478436113981 0.0229619636278968 0.0237832233875876
-0.0139660463982523 0.0152632737389151 0.0599891327073652 0.174587264929947
0.0067262363582301 0.0431084915616064 0.15828207923749 0.147179317429993
0.0543488548793302 0.00887866563572015 0.188088900787879 0.0131462361886979
0.0253158123164242 -0.0478061370171298 0.0997764216400251 -0.0889260403718589
-0.0199752644056338 -0.0461208392879259 0.0268476849881141 -0.0629195901997353
-0.0311111614277854 -0.0205322785220313 0.0101958530790624 -0.00819345901619204
-0.0176850734705982 -3.07593285365735E-05 0.00403417650437881 0.0104208175212356
-0.0037648726185808 0.0162284840602921 0.0201084676463264 0.0188410181657389
-0.00296670956257946 0.0312004384202485 0.0380374510417536 0.0821283891088118
-0.0322792947105947 0.0494869277327042 -0.0345385783682627 0.188139180458462
-0.0995389300090535 -0.026102015120602 -0.285386946971785 0.145015389684004
-0.00353022010702713 -0.147435741687219 -0.382668934476483 -0.158470725984442
0.150612721091859 -0.0765438668670277 -0.144638204980907 -0.389408820363154
0.171662075283343 0.0458743693205452 -0.0425429105626401 -0.126654297193617
0.0605204455339398 0.00616870707673133 0.0339224287154571 -0.0197110971020325
0.00346628526855816 0.00501691845407436 0.0673094006364538 0.117039433119619
0.0152232093843729 0.0128858166381785 0.154115549252846 0.118405061562835
0.0351640486087183 -0.015997448290114 0.199261913416965 -0.00786212901344518
0.0101370527808022 -0.0455636164390281 0.107255838841337 -0.118056351750493
-0.0205902841652095 -0.038498278102236 0.0190212384705336 -0.0849557348872595
-0.0279238190150702 -0.0186447168478829 -0.00537289055003643 -0.0144980104446949
-0.0209490179905533 -0.00129799578192002 -0.00635900187693299 0.0129791401137106
-0.0166376928654205 0.0111298995833807 0.0185612799886263 0.0314810746030312
-0.024107965656032 0.0137096440092672 0.0255622124872157 0.109748389758667
-0.0468360813126831 0.00274911114823281 -0.0844258088210641 0.209191809091268
-0.0527379371219453 -0.0836741626401295 -0.352311623079594 0.0895356908983227
0.0684022895330252 -0.120698881020281 -0.372718324403048 -0.276953225751494
0.152427637122018 -0.00885447227421983 -0.0666703133657352 -0.451526714047268
0.12340410421426 0.0569607706018349 -0.0485193437795031 -0.156059799223567
-0.00750665531989499 -0.0189872531260627 0.0343377712546963 0.10081928766445
-0.0461379328215419 -0.0218586367199941 -0.0568113557967884 0.408695504061836
-0.0631921722053628 0.02582337665426 0.291056091318959 0.379414713784251
-0.0152049223270917 0.0680408365559226 0.387656833254587 0.000112878346011283
0.030136215851142 0.037639831019341 0.13825612125044 -0.207990412452993
0.0326720598058264 0.0110656678644315 -0.0193012602277466 -0.124797450629772
0.0258139107600782 -0.00547006704901151 -0.0174008446821491 -0.0306642765269553
0.0159322353442708 -0.0033804084930811 0.01175276588738 -0.0162286673490547
0.0152480281136797 -0.00145668987777186 0.00975252344243563 0.00566976191919848
0.0175495156004371 0.0104722666040841 -0.0149893068596575 0.0680632832446558
0.00926844562075382 0.020286571022481 -0.0849676605122472 0.108148371460674
0.00763385081400333 0.0129275727544788 -0.175594320203282 0.0421270481917047
0.00484902993924393 0.012082070372094 -0.157744374553902 -0.0679003772205672
-0.0121917542328439 0.027068488242407 -0.0755280663705354 -0.0969683947109271
-0.0430168785202908 0.00189438920380828 -0.0336149214115727 0.0547684509775405
0.0657338469636288 -0.0107155905420135 0.0234346866460476 0.119394202328206
0.0201706689398429 -0.0742196031882685 -0.088479777874856 0.4152990254911
-0.0696612318703721 -0.0437971023531615 0.255874582379206 0.400391105053863
-0.0741274561560179 0.0551347709970421 0.362450102726507 0.0381422165684698
0.00367555787488703 0.0668188167597362 0.144065904646233 -0.168547510529045
0.0288361917529955 0.0366754814369564 0.000249715185654433 -0.107132403977086
0.0272332693261306 0.0112966299235662 -0.00108467238557215 -0.0259079918603541
0.0155022846835191 0.000758989109317951 0.0200278910390509 -0.0155565730981372
0.0085625194997304 -0.0108458105300622 0.0128447158698347 0.00594205509517884
0.016038469573096 -0.0159609380577732 -0.0124829303553792 0.0680642041941623
0.0307945612127207 -0.00450692769835775 -0.0797678589848574 0.114664542939928
0.0483184868987962 0.0188550991268806 -0.174816456335166 0.0588301374908437
0.0187627074920422 0.0452742566105185 -0.169629931012804 -0.0491543110305386
-0.020416895215603 0.0498944004873033 -0.0857498404296618 -0.0973154753512812
-0.0308062409905222 0.0117696170397043 -0.0190375614565771 0.0556522952323467
0.112361511838859 -0.00470275383658721 -0.00155450644131948 0.1276764133033
0.0518288708097238 -0.105124169271284 -0.0833218514305064 0.418662873484865
-0.0727358353918659 -0.0790469257209812 0.244809031773583 0.369943906991739
-0.0975734490133045 0.0462464625281122 0.31490372876425 0.0382580076190654
-0.0110874767659149 0.0742503180250621 0.120552300529557 -0.125945177491227
0.0192994972840754 0.0436921778421556 0.0110704401819876 -0.0735492696847689
0.0193071417906953 0.0192228317957278 0.0152117686080643 -0.0139061409617853
0.0120137310354715 0.00230273439208457 0.0243492753933403 -0.0128461289466877
0.00585407521982708 -0.0177031625600355 0.0096627044340982 0.00534715232964247
0.0198345926867796 -0.0334984338998995 -0.0119698031582369 0.0595379304624619
0.051538198288038 -0.0151461445794183 -0.0686552868757191 0.109029097258659
0.0698629753698179 0.0340658997372914 -0.164987074498884 0.0710603087745312
0.0132097384458786 0.0613272313328861 -0.184641923201287 -0.0305904453723701
-0.0211399982980856 0.0454860745140873 -0.106630658396006 -0.115762844903688
0.00248081762140545 0.0155561971546913 -0.00697843542085509 0.0347496077868744
0.120500783703085 -0.00208991691139212 -0.0202024717670149 0.124127264123338
0.0350248680162471 -0.101882258592127 -0.0478875733969996 0.39233667615072
-0.0770751105106423 -0.0604417425616158 0.230848245330933 0.302405463587896
-0.0758952038849685 0.0540507451999787 0.253578681406022 0.0237767824736588
-0.0022495126178589 0.0580160702628432 0.0906029838882825 -0.0871043954704334
0.00906819442619934 0.0285137727978467 0.0173138140791465 -0.0422232234771279
0.00498420123358137 0.0151612399534368 0.0270067529884857 -0.00269118653991183
0.005578282173988 0.00262379321363987 0.0242537514814909 -0.00830653798206216
0.0077808773809589 -0.0172263124192172 0.00607251542794193 0.00382195083145114
0.0278382137492471 -0.0305598631929165 -0.00631017933910175 0.0467437323013271
0.0641553910615233 0.00118613492689881 -0.048251564003808 0.0987373913145332
0.0536379890339311 0.0618058627810987 -0.153280455576131 0.0867426999615467
-0.0200092052313365 0.0465040854908049 -0.2094535782643 -0.0136676556786106
-0.0103650656704975 0.00471196385146417 -0.13769222040361 -0.149690636993233
0.0558283646772071 0.0129963095226347 -0.00462031774321526 0.000449705652414
0.101569343918571 0.00201377189207304 -0.0180913850128091 0.103721424443031
4.40371375531509E-05 -0.0632200104528595 0.000807234854274962 0.326740685427762
-0.0630435313395846 -0.0073852118586046 0.202215089307405 0.226698767901441
-0.020702329301961 0.0579808348052438 0.19920104962379 0.0174244473805969
0.0169527467045617 0.0224584855153003 0.0765817991881926 -0.0623321649200734
-0.00183979403434016 -0.000783917713844025 0.0238116615616942 -0.0281726236848106
-0.0109582637272054 0.00297296562684138 0.0300856007731512 0.000467914447762727
-0.00129998214956093 0.00191349954203436 0.0206419562593348 -0.00227380550199216
0.0104284755412197 -0.00706178847741614 0.00685687164037074 0.00269033737050584
0.0331454384674441 -0.00774832345793246 0.00847438483217334 0.0382088754110801
0.0536500248012204 0.0378252257147788 -0.0219887988135139 0.102727509061972
-0.00498581872824 0.0785455951435242 -0.1548932245809 0.115275503419267
-0.0613988504510497 -0.0100909068283619 -0.256588820226198 -0.0114290510409675
0.0250634185650877 -0.0572009680776035 -0.169571290643751 -0.204937354480388
0.117040749149829 0.0104484682172609 -0.0128123170356845 -0.040419143955347
0.0783691793651792 0.00752104845356336 -0.00019404950650547 0.0667811361459768
-0.0184833958534262 -0.0147859405921382 0.0378696180458119 0.241297565499005
-0.0285630926957485 0.0357627579630044 0.168413822979315 0.172277963069507
0.0317093026477299 0.0408772884536158 0.172817859393787 0.0189824632547585
0.0278497713445828 -0.01874086590571 0.080905915415537 -0.0608591687365456
-0.0121098958605531 -0.028539272274816 0.0283298049362546 -0.036406313521997
-0.0235176963117063 -0.0100955493129718 0.0245108781804338 -0.0024671641815505
-0.00839215981189658 0.00129858478805576 0.0140866944229576 0.00490933740381119
0.00903854444632704 0.00678867911844007 0.0135302438506001 0.00705403995207969
0.0237959236144322 0.021235418073361 0.0285484520369981 0.0479012428444829
0.0158448415640671 0.0640642798454734 -0.0080272893995183 0.134238698663789
-0.0739176777596738 0.0503905657451778 -0.192358220531397 0.145412388917992
-0.0654640502939645 -0.0914320114735535 -0.320033629705064 -0.0490307073215784
0.0862933222526913 -0.0980492425200914 -0.179362722235166 -0.282513061080819
0.162425998645893 0.0183045446786094 -0.0285120798976386 -0.0810433354124293
0.063637630071683 0.00746294227229954 0.0184916160528626 0.0209067903794776
-0.0125858122830731 0.0114601999457842 0.0556005786897745 0.162392889129312
0.00354771716843633 0.0406227908258564 0.147520104973641 0.137789571033134
0.0499441002505405 0.00941191331975484 0.175227077267872 0.0124706594502996
0.0231039378431603 -0.0441196114627095 0.0920808606008393 -0.081431060053833
-0.0193687741252351 -0.0415932918159862 0.0264048297440464 -0.0576132835705185
-0.0286327696373648 -0.0173551524563169 0.0122436745924358 -0.00812836330319887
-0.0143519133350781 0.000578599273458743 0.00570432688715696 0.00988793588737815
-0.000295478567113779 0.0158478118076142 0.0202078687909218 0.0170182944177246
0.00105153113558058 0.0320178146987307 0.0381479930749793 0.0746816952161788
-0.0279124803394487 0.0521951689463686 -0.0269266358888453 0.176552520878804
-0.0988173199716562 -0.0180227133612557 -0.264487341738706 0.14430249783709
-0.0126962142769085 -0.142656067854288 -0.366869995929613 -0.140893888764063
0.142960958181254 -0.0819393703010355 -0.145249838712996 -0.367179217056776
0.167511880508111 0.0348189151897932 -0.0442337157538688 -0.117064537181128
0.0589506931258566 0.000422739203015965 0.0262401257570675 -0.0200266054994547
0.00375658006874197 0.00278508515630886 0.0604748640791893 0.108833246585188
0.0124787846991136 0.012226080611111 0.144411818322075 0.112009968349561
0.0310126429312886 -0.0154413534202288 0.18617210880495 -0.00720555024644107
0.0084407841319329 -0.0428842122714809 0.0982186460253501 -0.10996613135317
-0.0203570038335262 -0.0349176882176081 0.01818580736713 -0.0782731419158456
-0.0262597796934835 -0.0157485728417944 -0.00275259112961672 -0.0132939344455532
-0.0180658920534584 -0.000487451610666031 -0.00295919875490851 0.0126018335023719
-0.0132330005039975 0.011550656438332 0.0199854954492675 0.0286300484293102
-0.0215817735911834 0.0161584715072979 0.029105146483011 0.102723193814679
-0.0443107636135118 0.00678679466877276 -0.0726795737555362 0.199748199177016
-0.0559336069564513 -0.0765116615535336 -0.33022392804571 0.0945619381586785
0.0589367804962395 -0.119343939463385 -0.360785070251877 -0.255319370707193
0.146499227268071 -0.0153613881953349 -0.072462010232094 -0.427858132259588
0.120254777483456 0.0477463533843732 -0.0500643442326869 -0.143645156173025
-0.00563385358908664 -0.0197298354812 0.0270785658362363 0.0936382273071293
-0.0382574172177398 -0.0253506124764795 -0.0815572420546793 0.384336259564568
-0.0581547608083327 0.0170326444619797 0.250856452162925 0.379666462554137
-0.0186608884318698 0.0597161016063891 0.367046421859405 0.0226544204787178
0.0239344686440241 0.0364275122377931 0.138913952300727 -0.190835889778994
0.0296766210396163 0.0120240194007561 -0.0142029852978412 -0.118212450091259
0.0241183959203011 -0.00464959546036355 -0.0169310710977025 -0.0303029476371535
0.0145541177813738 -0.00220460971753487 0.0089159524083871 -0.0159772054817143
0.0139656285543038 -0.000999671556779025 0.00502459395270201 0.00557575438549861
0.0161989230827296 0.0108578382345037 -0.0203412760159704 0.0625333554009553
0.0077548129976603 0.0203746247437299 -0.0878999291088261 0.0964717865717837
0.0048375519094882 0.013125314077012 -0.168099767357631 0.0273936654263349
0.00268880588173754 0.0114135484598617 -0.141134799718951 -0.0778663342938449
-0.0133162962338002 0.0250038508869871 -0.0610807964943074 -0.0973711194122412
-0.0428989376168901 0.00147799440259174 -0.0288101528151376 0.0480826158947296
0.0671176584899757 -0.00777775396646872 0.0172539772516679 0.108043513597864
0.0294886526491645 -0.0731183725443733 -0.11237209296978 0.388183293685241
-0.0605819182356483 -0.0516758274896812 0.213299919604438 0.396638176187856
-0.0750078638283982 0.04572729125903 0.339956742552091 0.0593198358476662
-0.00353802454754799 0.0646354938670368 0.143789973262062 -0.150495168011741
0.0253303377122734 0.0375544470999227 0.00499078364241894 -0.100393024707659
0.0256538663470074 0.0119993506606591 -0.00108190835825258 -0.025119951423152
0.0154392988431284 0.00161831837972908 0.0166683593542002 -0.0151380455003895
0.00862544122413533 -0.0101569522254778 0.00755739645139618 0.00623341546882272
0.015977938807812 -0.0144457056712363 -0.017578555805893 0.0630904293075698
0.0299825250714933 -0.00218263397774003 -0.083243191911829 0.103848368065343
0.0432092394787636 0.0221492605478576 -0.167799743145582 0.0445308942480987
0.0133087324063815 0.0446474949107707 -0.154629463489097 -0.059792374998024
-0.0224589611514985 0.0453111045324826 -0.0715046449314987 -0.0988950311484143
-0.0300473737649704 0.0100723971651398 -0.0155011121780116 0.0496982576937886
0.113921954915691 0.000394296523018784 -0.00643634375228944 0.113374919088004
0.0626246068923053 -0.102782769049511 -0.109093820200726 0.388343199355851
-0.0639651771062079 -0.0870795194620092 0.202395210639292 0.36674918110271
-0.098750085744335 0.0376404074467223 0.293279120306108 0.0568859206737152
-0.0169189842878173 0.0718050177457492 0.119391469850641 -0.110092452271554
0.016563530650182 0.0451381886087223 0.0139298069698604 -0.0672460798151108
0.0191221098821128 0.0197720232980323 0.0147980336835332 -0.0124693996204521
0.0128695410307558 0.00281038045582926 0.0210598347015864 -0.012139391620489
0.00727081673441126 -0.0169841305102872 0.00521295371711723 0.00536746861947979
0.0207573828857719 -0.0308450259934311 -0.0165929907173444 0.0550612225406648
0.0516276719246636 -0.0110282923659516 -0.0717535157741248 0.0987821517416517
0.0630673609486542 0.0393016814477006 -0.159532329632462 0.0573886851327833
0.00506114126831649 0.0599152149207493 -0.170591452852433 -0.0428076062149558
-0.0237077670244875 0.0385792664164852 -0.0906935365841607 -0.117677877446143
0.00382953956031997 0.0126789765673682 -0.00374936842610912 0.0319595051079763
0.122529280893992 0.00285722418183938 -0.0238904469393536 0.108967307546243
0.0453868216217343 -0.102731675864384 -0.0746247516426935 0.365024451590702
-0.0711160836818342 -0.0698481639705853 0.192891607620832 0.300100565553065
-0.0791701192979236 0.0470561456852186 0.235245820422819 0.0399218879734136
-0.00687599957845995 0.058388573678213 0.0892797223342869 -0.0738440881155128
0.00799171314092211 0.0302627714240604 0.0189143262366103 -0.0367394165481602
0.00604168834314056 0.0158640924376763 0.0261259932112524 -0.00169083143897565
0.00804601224711709 0.00298617496968688 0.0214143608879965 -0.00773066574563169
0.00958426995256631 -0.0163364065425289 0.00257324669258375 0.00363532432423351
0.0297147373948608 -0.0278946755663834 -0.010807444274565 0.0424504035443692
0.063589931583541 0.00598075254361191 -0.0526872986426869 0.0902490979902577
0.0464795302347567 0.0669492600754324 -0.149912621690812 0.0735588859885652
-0.0284466278722045 0.0443918414058077 -0.195522474918757 -0.0288032973481164
-0.0124252599876783 -0.00214178262242632 -0.117617475824869 -0.15141043733914
0.056013251796782 0.00986005362385653 0.000154833632995707 0.00205524403294976
0.104062562354112 0.00501379408227508 -0.0220725454531882 0.0914068718945229
0.00744302610341033 -0.0683530262391869 -0.0232913135812917 0.307089434126051
-0.06303450955025 -0.0164461810942933 0.172106147000851 0.228247906649674
-0.0273510892584514 0.0554776754063749 0.184326425506232 0.030748029781354
0.0140732007479582 0.0257618704474898 0.074488275647832 -0.0505876202573997
-0.000489722081043628 0.00126586011781944 0.0250522349300977 -0.022735920118486
-0.00812579966396799 0.00369040521277393 0.029982333061488 0.00197758695363248
0.00179720573878112 0.00180459172341729 0.0187425262693819 -0.00182979506972894
0.0131258208644512 -0.00683195510176544 0.00456650773654332 0.00304174412070441
0.0345117728599067 -0.00450002415947072 0.00503546772044439 0.0350893839930131
0.0531545212780201 0.0423571756092486 -0.0280377250088888 0.0951500173056642
-0.0107842458774746 0.082221871596979 -0.154971681736802 0.100318902440677
-0.0680084647981648 -0.0125059656668213 -0.239313904261619 -0.0296970759163407
0.0241438122293169 -0.0619226676772821 -0.143922889565705 -0.204191176192254
0.115325865584852 0.00842766712387285 -0.00606543440366976 -0.0349824116194702
0.0798814376295459 0.00806208209846617 -0.00503583418888834 0.0589158455003094
-0.0145750706250554 -0.0218594527627887 0.0172485522355495 0.229242011285501
-0.0326504879672397 0.0289720969517684 0.143910208299986 0.174157106146614
0.0245463334794131 0.0421179155685183 0.160693814523408 0.0309596529112972
0.0266503631439461 -0.0137361295643599 0.0782466692687376 -0.0498154548395988
-0.00960059158637157 -0.026178638084013 0.0295893267928903 -0.0301970924562927
-0.0197072210115047 -0.00988357540234743 0.0251046099929681 -0.000510695399371701
-0.00527856933267696 0.000768014077270599 0.0134471007738334 0.00486749130280857
0.011280057942276 0.00691078888815657 0.0117115638045062 0.00653456545255054
0.0252605470573452 0.0233779009666381 0.0241223289400944 0.0451091939719267
0.0151967756150568 0.067387142665163 -0.0167123795845568 0.124948967129967
-0.0776732375372262 0.0538350230319945 -0.192820115433148 0.125227446304792
-0.0694051355428395 -0.0931601756248026 -0.296347163653617 -0.0684511081436251
0.0857978939817225 -0.100318754758151 -0.148007382450837 -0.27619391350396
0.158632784670285 0.0174994558853484 -0.0193955798857921 -0.0721359983713578
0.064311386425305 0.00780248111812651 0.0133049869832037 0.0172229015217971
-0.0116365424416087 0.0050051814270774 0.0376302541137021 0.155774010768113
-0.000765900688009185 0.036958936634221 0.126514591452772 0.140894926324726
0.0444435671409277 0.0128282266687731 0.162947968762896 0.0247808203515221
0.0232096907812486 -0.0389159796130219 0.0901259115072732 -0.0691977910737469
-0.0158541407977721 -0.0393080241700026 0.0286040789059417 -0.050178270637878
-0.0251572750269525 -0.0173063767282054 0.01354518117232 -0.00685553255396887
-0.0114538646964087 0.000344258410657445 0.00707086056156678 0.00973996568423261
0.00211353829982385 0.0158200271790573 0.0189287531884712 0.0160979654433528
0.00288241522757151 0.0341447984970567 0.0336867331780308 0.0706971587943199
-0.0279240568071137 0.0536768429132772 -0.0346070188531726 0.163645036416558
-0.100396165533554 -0.0138784791938646 -0.259124632588716 0.119813872161989
-0.0153643398688259 -0.142381784069041 -0.333995691765008 -0.156721136194515
0.141267711734613 -0.0828400173556082 -0.111511712570318 -0.353549095163592
0.161026035532708 0.0345275028356624 -0.0330847031351431 -0.105531964829443
0.0584083486063707 0.0015764384373853 0.0220331694613265 -0.020773292080995
0.00393649535217592 -0.000413199185695022 0.0448191735461549 0.105865044051089
0.0102791512597678 0.0108108401118775 0.123535073928708 0.116803747699603
0.0284416359897082 -0.0127944187985206 0.174491744164278 0.00643329284752973
0.00927051287006694 -0.0396969771628947 0.096457667155634 -0.0956442579640123
-0.017638967541568 -0.0331353995643621 0.0223709915168932 -0.0705893930913317
-0.0234990454012878 -0.0156870288448887 0.000347723836204617 -0.0115977644691749
-0.015847906611339 -0.0012582271381899 -0.00138630825260236 0.0121571149670913
-0.0114170277039115 0.0113521784637736 0.0195756806857228 0.0275953998964159
-0.0193250961663693 0.0172381357295023 0.0250287258878547 0.097145370888173
-0.0431031714356157 0.00866373367241299 -0.076679930926922 0.183389401938639
-0.0578763860612271 -0.0704375462743324 -0.315712583658405 0.0696294134605663
0.0550822210967984 -0.118244125388444 -0.32248379641358 -0.261329667761901
0.142849030846854 -0.0180725126393487 -0.0416025869687698 -0.406221428017369
0.113843344857517 0.0460532759768581 -0.0386503636280007 -0.132174196240174
-0.00525299915821995 -0.0194588731327841 0.025559905784917 0.0882686318903693
-0.0366758903358462 -0.0250310325234899 -0.0934837631145259 0.371897379419496
-0.0565668325215375 0.0159587986768249 0.235364082569781 0.380251405627593
-0.019241093662402 0.058438952947542 0.357792117751787 0.0299197057836804
0.0233661765936079 0.0352237488375535 0.137588717846384 -0.183778790126767
0.0285986113224405 0.0118203399202686 -0.0131302959328204 -0.116204878667985
0.0222614233109766 -0.00419480388821422 -0.0177760923222439 -0.0299630389814042
0.0132268411404611 -0.0018383124360199 0.00577167307476122 -0.0158967814210604
0.0123293910444287 -0.000498357801106831 0.000669597800243841 0.00479605780511361
0.0149912751783292 0.0104419436580707 -0.0248590813235832 0.059030254387043
0.00728872772216079 0.0194061786771243 -0.0907578651038436 0.0892176059833546
0.00524148031211758 0.0120036223051554 -0.164435730438853 0.0181407042005683
0.00345394658998701 0.0118922295707415 -0.132405945949579 -0.0843495451328729
-0.0130012416985793 0.0254681797662148 -0.0513034964977044 -0.0980794321848024
-0.0434489909814229 0.00133388139703856 -0.0226357253340815 0.0459414155483358
0.0670783033009786 -0.00691958688321625 0.0159660337577701 0.101226423020623
0.0314751263020704 -0.0726896772137158 -0.123107482516752 0.373129275340488
-0.0593854711985443 -0.0528532102917159 0.198079798420015 0.395162780749896
-0.0762752600565415 0.044498779705467 0.330493050575586 0.0660333109859749
-0.00371196893646344 0.0641817338771259 0.141620700436817 -0.144155580846588
0.0253040469241326 0.0379360867585562 0.0050068248792229 -0.0976032052188402
0.0254165314063445 0.0118473994851881 -0.0020331033074609 -0.0246309326379591
0.0157576625429966 0.00176521894163791 0.0135266802329405 -0.0154177414998721
0.00830632371672185 -0.00968855037327781 0.00344059219877404 0.00553496204799142
0.0157534428833212 -0.0143480359712599 -0.0223022749650197 0.0598771560768612
0.0297561185212788 -0.0013695013729949 -0.0869227762293238 0.0966366701212718
0.0426799281290708 0.0226805936676202 -0.165478069545151 0.0343698390781519
0.0116586866591168 0.0450223325912958 -0.146597539869788 -0.0674372963331127
-0.0224558645377519 0.043871662816246 -0.0616952081967345 -0.100734416164251
-0.0293950595336792 0.00838738966002244 -0.00994370498654179 0.0475327876855841
0.114489357229202 0.000870100779306979 -0.00720929483488807 0.106265977839939
0.0644171828413298 -0.102871551796382 -0.12093594859752 0.373740439484044
-0.0636901427998227 -0.089073089677444 0.186309363288609 0.36413396399152
-0.100994378785057 0.0376529145138333 0.283140143607754 0.0624228296112004
-0.0177557248181668 0.0731641221723559 0.116746597803832 -0.104395018216577
0.0170929726409782 0.0461399833889516 0.0142440179654267 -0.0648795505827482
0.0195972741643542 0.0203683254243536 0.0147677447693591 -0.0121554589933022
0.0141501893277791 0.00312251320971518 0.017855017823955 -0.0127336813864198
0.0078239257110218 -0.0166773217843893 0.00124449501904418 0.00503895904679408
0.0214625192467287 -0.0297409903722133 -0.0213780949369104 0.0523522239147339
0.0513090567326301 -0.00928360400892187 -0.0759933947586905 0.0926198235189423
0.0615689153897295 0.0415418475785815 -0.158853829332419 0.0474057867437029
0.00212608665034593 0.0603592852381687 -0.16300506255898 -0.0510851363520911
-0.0244003592873355 0.0356025695898917 -0.0809972742325532 -0.119499588690113
0.00489814483088569 0.0102560154352536 0.00162523575485726 0.030522344416584
0.123710601942356 0.00234565589163682 -0.0250874263092934 0.102197063494942
0.0477503357709183 -0.104573381160887 -0.0858092975608715 0.351716478500963
-0.0725731002807877 -0.0728064495032747 0.177771309813149 0.298818836647329
-0.082691120409056 0.0481786415074804 0.22481483860697 0.0454696952828961
-0.00787251066603556 0.0604070782877941 0.0870385925806695 -0.0676900223551192
0.00870075447222927 0.0321530988918288 0.0198636391433886 -0.0334698958693743
0.00764680818328694 0.0167068435259011 0.0263646269406334 -0.00141855311046216
0.00983744971580548 0.00300066906146427 0.0193056365002494 -0.00757215496068963
0.0112117189129099 -0.0164984390221061 -0.000820660669564136 0.0033573193015221
0.0310274330930824 -0.0259507775179278 -0.0146681671846724 0.0397098466473746
0.0639530049703472 0.008811906386651 -0.056233519563403 0.0839922812813276
0.0451394337608818 0.0700151156390412 -0.149337933272042 0.0635116221993507
-0.0320866024686399 0.044390693048296 -0.187551034460181 -0.0373972670353994
-0.0126644368840239 -0.00563184437111683 -0.1076246636121 -0.1525877246025
0.0571709507992283 0.00743059004935362 0.00476973420029979 0.00150150562586718
0.106244999090487 0.00283403421789789 -0.0242800872054782 0.0857577762872612
0.00932205239016387 -0.072259056467241 -0.0346694848531821 0.296775771127054
-0.0659608282197389 -0.0197135080145458 0.158058995463117 0.22746542539564
-0.0308639975952544 0.0581508841550839 0.175294626868834 0.0374430237926226
0.0136485700621491 0.0290761278491112 0.0725674466607605 -0.044268825667738
0.000834459177115989 0.00388311183741704 0.0261404580410426 -0.0196650474395626
-0.00562780873051565 0.00418307328492237 0.0306058310438185 0.00243254940648663
0.00449173856544896 0.00149406641351137 0.0179005869695533 -0.0011650561409144
0.0153215799983275 -0.00682361375446503 0.00191036567501063 0.00295080946057343
0.0360393895399796 -0.00252662458217058 0.0013828251915231 0.0327541875852334
0.0534542167405172 0.0453177007416289 -0.0318590717802253 0.0896495000137133
-0.0120884999645521 0.0858823456655556 -0.153839548370207 0.0905525324205063
-0.0718367490285334 -0.0129168470109243 -0.23126465677215 -0.0383938855947358
0.02411164518888 -0.0652016263017772 -0.132912645216447 -0.204453347847258
0.116173440541998 0.00676612182159569 -0.00247726895650928 -0.0338362469571368
0.081987927434131 0.00534164948235876 -0.00858486061289634 0.0551034166421257
-0.013496987179438 -0.0264266544816326 0.00570863051215479 0.221955921563597
-0.0363342899054978 0.0265163710316654 0.130298214145123 0.174948620988017
0.0209187592959313 0.0453823844454889 0.151882429762274 0.0382492547688279
0.027111217303292 -0.0101110101546279 0.0772449609156554 -0.0418739507878481
-0.00768602616095194 -0.0240086147220888 0.0317465075100589 -0.0264062164343333
-0.0169288455513975 -0.00907541027047542 0.0268190021011156 -0.00054640571453671
-0.00255217761329383 0.000576218122662814 0.0137863685980931 0.00469324448055486
0.0140259370390242 0.00692524254514444 0.0104233033425807 0.00608127807286492
0.0272675288126058 0.0249714511657465 0.0213723009793608 0.0420919792240956
0.0156098217578314 0.0693358241480549 -0.0197370849967331 0.119036755609665
-0.0789545567624734 0.056877869604464 -0.189643806291759 0.115628330308461
-0.0720822540725193 -0.0932527223983874 -0.287121650169338 -0.0763174073999643
0.0860024335303486 -0.102027810654021 -0.13638161594524 -0.274675754940666
0.158245868497805 0.0165424352376403 -0.0159186133294541 -0.0696346368705282
0.0654223214063282 0.00535531591189168 0.0094753751055991 0.015878092527019
-0.0115127054826977 0.000908432348704991 0.0268547110074786 0.151516208386923
-0.00463390678972735 0.0359183057755478 0.115022356440944 0.143158311703077
0.0420171499295767 0.0160015306322941 0.155245553556794 0.0331097359748855
0.0240348943404998 -0.036359816588961 0.090305409553158 -0.0601898155542017
-0.0146007732627853 -0.0372948759923092 0.0315937968182713 -0.0463458448811998
-0.0224930545241542 -0.0160389749516433 0.0157222815307532 -0.00611819589629984
-0.00919328694009966 -0.000212136665133672 0.00824630276906728 0.00934062954704654
0.0047285957297646 0.015346921474516 0.0187259327422545 0.0155650649348106
0.00454294761654087 0.0355952220285456 0.032020150280363 0.068234601879801
-0.0271274015826355 0.0551963209879505 -0.0365356961195557 0.157399271349437
-0.101778994736394 -0.0117056910009989 -0.254212798455363 0.110339047276975
-0.0168572353248628 -0.142068483602848 -0.323572338571977 -0.162106104418324
0.141446459756129 -0.0830725091049055 -0.099153373580906 -0.34888868242287
0.159793477353848 0.0345796253295372 -0.0291556906912222 -0.102037189384768
0.0584006153600097 0.000189605669387736 0.0166996671318026 -0.0199343655245748
0.00430759991205725 -0.002160955190216 0.0343089200000131 0.103829243832022
0.00860259429880835 0.0113627249397535 0.112996245997962 0.121154386842167
0.0269216748332364 -0.0104629249223195 0.167499655341054 0.0163623921047404
0.0098795686349188 -0.037976451649221 0.0979735442184004 -0.0859853259615779
-0.016332311486661 -0.0317108975818287 0.0261229511009012 -0.0662544500031466
-0.0220015394122083 -0.0146405579935956 0.00355366368983333 -0.0112885460635788
-0.0141943444275476 -0.00121700165319942 0.000845621312950226 0.0121574081928479
-0.00944561723647195 0.0118749625909876 0.0203404666889028 0.0268057898899638
-0.0179064266358344 0.0184962684729264 0.0238433644282244 0.0943973414643086
-0.0423088867047686 0.00981340367605188 -0.0782675812515832 0.176952030841528
-0.0579100455522379 -0.0684123188026106 -0.309442758437473 0.0608968698083786
0.0540454461638574 -0.116820090784571 -0.309814615133244 -0.265345827352363
0.14208543826004 -0.0168770565745351 -0.0277861606928154 -0.399595675410665
0.111489398421359 0.045386648851509 -0.0346510809517306 -0.127736765969117
-0.00567144750674297 -0.0196811550584823 0.0249381278642348 0.0848131763437088
-0.0359553222115065 -0.0250961606179477 -0.107023675208399 0.371618769058473
-0.0568000170562011 0.0157403217176004 0.228320690566017 0.393206351575153
-0.0198436459726088 0.0587476171729613 0.359898959371862 0.0378593838175544
0.0231793356630718 0.0350014585092754 0.140088494859961 -0.181810031479628
0.0283486634665218 0.0117111241243176 -0.013281802761281 -0.11667220415795
0.0217833738558442 -0.00421868260443858 -0.0191426861079044 -0.0302664922246101
0.0127024584135693 -0.00131320389009666 0.00306807794417343 -0.0162772878351409
0.0112158270456542 -0.00016674457805846 -0.00334622434392115 0.00488373600302437
0.0149402127618797 0.0104861666932322 -0.0298026876935911 0.0573712657311288
0.00737160656126209 0.0192803091678943 -0.0964891274463105 0.0857376700995086
0.00559224864795184 0.0116731586756197 -0.166138650381335 0.00954733837643969
0.00420671348537406 0.0130879127773339 -0.128029244104285 -0.0928287788785941
-0.0131890900845838 0.0268180610164047 -0.0429204567756992 -0.102231207843141
-0.0452046298865056 0.00123390386368516 -0.0175723216473148 0.0451416004004177
0.0694114988878206 -0.00632166919524444 0.0155440529990912 0.0980843661042568
0.0340480433342481 -0.0742884450644958 -0.136740552296405 0.371820892886956
-0.0602501524722715 -0.0557658593811299 0.1903495229525 0.404366148653345
-0.0792230125321909 0.0453361113923637 0.330253343632686 0.073461493532097
-0.00466290847063656 0.0657638869603282 0.143082518532187 -0.142526407536762
0.0258834375726514 0.0394714889959217 0.00549245586807458 -0.09800359610473
0.0260183394895967 0.0128373468107566 -0.0030009360453262 -0.0248714169349307
0.0158996515957497 0.00232494628238347 0.0105353041993327 -0.0161277959651577
0.00863950136430351 -0.00976523978491727 -0.000918982064905579 0.00548366384466658
0.0156946224802775 -0.0137061068616495 -0.0281018179221082 0.0583496711224429
0.0306869840490389 -0.0015351852581311 -0.0927766735689329 0.0935960821016171
0.0434976444774017 0.0241011675876007 -0.16821323334926 0.0263071786408208
0.0103718531555006 0.0467622165727202 -0.14359949741866 -0.0766118855940464
-0.0233533478446736 0.0439741502320283 -0.0544185012449453 -0.105557946405323
-0.0296986304525922 0.007283016265061 -0.00427874891216932 0.0464018037812141
0.118521687023236 0.00135654232022792 -0.00824672483199395 0.102471889811919
0.068559807319511 -0.106066547683058 -0.134614660718979 0.370727955170321
-0.0658131451487171 -0.093674374361784 0.178054776304407 0.372658368346366
-0.105608480350011 0.0385429174189067 0.281928124846886 0.0692339147102013
-0.0182586019868182 0.0766280225667883 0.117470353422649 -0.102323500527644
0.0178719323925655 0.0483289504860766 0.0151378226297042 -0.064155862197108
0.0211327713874267 0.0215961308880822 0.0145518193120442 -0.011760461488491
0.0159980009500717 0.0034835340774915 0.0157836380415588 -0.0127113674137255
0.00924696919789374 -0.0167087611720196 -0.00299335690672622 0.00555604819874706
0.0220063830221688 -0.0296020021753894 -0.0264287628430684 0.0509744873017939
0.0534795939250114 -0.00795977100340077 -0.0820859113303655 0.0890576089196592
0.0627006670029717 0.0449270596007305 -0.162131503200074 0.039445617307935
-0.00080727781412018 0.062279635405456 -0.160850286360292 -0.0610556916963491
-0.0257510237132192 0.0340192969677317 -0.0736987894428069 -0.124629623676103
0.00626152844319174 0.00789445064045792 0.00634825039297503 0.0300224307993097
0.129089402914576 0.0018059452785616 -0.0269733576056852 0.0984710756418677
0.0514584146798059 -0.109302240251738 -0.0973466899127652 0.349598526228388
-0.0760774517447637 -0.0779140362950667 0.169567486990682 0.305162485162748
-0.0878340257870596 0.051007015050412 0.222550249595511 0.0517777118120797
-0.00810677062465266 0.0646325422261788 0.0866123004906471 -0.0643706696744857
0.0101176762609898 0.0345358028518032 0.020806320059534 -0.0319218265719858
0.0101101094528349 0.0177525488702796 0.0268594449376831 -0.00116425446392865
0.0127283682388676 0.00288741325356878 0.0179509061965776 -0.00826676701254751
0.013747664406154 -0.0165768181014145 -0.00422496552760331 0.00338233499524232
0.0328524899252262 -0.0254210789803914 -0.019357146956504 0.038415470006442
0.0664906609626275 0.0114993613756739 -0.0624634798510425 0.0810707259289023
0.0447828934806103 0.0750111876454049 -0.153085270962509 0.0560860953726378
-0.0370592474183621 0.0457431775181276 -0.186362728631991 -0.0470450859769442
-0.0136932565750812 -0.00885169377218504 -0.10036625559889 -0.157672957707868
0.0607564743904538 0.00479721101598543 0.00907901045315447 0.00150842236081547
0.111398295273854 0.00129841694065336 -0.0260897166714321 0.0823614725628032
0.0113427823914372 -0.0784715198508804 -0.0461596576821062 0.295410912323331
-0.0708402512528298 -0.0230126857762569 0.149555454716136 0.232626067040376
-0.0356267034518389 0.0617137064163277 0.170709988219803 0.0440818672975648
0.0140827376734674 0.0330463382641798 0.0725232876656285 -0.0387440442942584
0.00211098945264561 0.00576190510773602 0.0279516967444878 -0.0169034624842657
-0.00347574643957932 0.00514207992431811 0.0318202466493735 0.00258428250243019
0.00731981686117754 0.00152948847229411 0.0174855485645496 -0.00189315538958645
0.0183061081843109 -0.00728591506861575 0.000448474461743203 0.00293558846352009
0.0387075177951815 -0.00095178116825471 -0.00222482832610813 0.0311529223474082
0.0561736257041756 0.0490001393403678 -0.0365188927152003 0.0865474643996091
-0.0142746392558102 0.0914942931130666 -0.156681534374889 0.0840459148681736
-0.0781354311223454 -0.0135554924998537 -0.229866010767739 -0.0468696047960216
0.0247606847217791 -0.0698453651797813 -0.126045877864366 -0.210267029708419
0.120281951868721 0.00466660964330805 0.00182368513326664 -0.0330976326516516
0.0864508452052417 0.00278997752035396 -0.0116894455025685 0.0530929810164313
-0.0134777212928389 -0.0321778991173652 -0.0049957771738682 0.221475691833626
-0.0411185512500606 0.0251851247099885 0.122344435478064 0.180578770296011
0.0182650869986244 0.0499721015476911 0.148047730250069 0.0467817790310369
0.0283487471652625 -0.00698452991152928 0.078633572855201 -0.03536283293272
-0.00659814299175036 -0.0226599304213058 0.034662251209703 -0.0234136597769863
-0.0154202768147396 -0.00840304601939554 0.0287833574145169 -0.000268438740457011
9.68970096714168E-05 0.000752765691761933 0.0145629813764781 0.00447862249410572
0.0168248637259973 0.00663834279388595 0.00965791363262652 0.0060512510096569
0.0297746033730194 0.0280977103068367 0.0195262070838702 0.0409572413220164
0.0170200141835923 0.073681162898291 -0.022862937779835 0.116383456235003
-0.0827321258025866 0.0610852329815072 -0.193076296085742 0.110413310225958
-0.0768558097102344 -0.0961365379225678 -0.285572042574606 -0.0851887214656655
0.0887823667251343 -0.106441934779126 -0.128347545243115 -0.28095883114185
0.16282121283517 0.0162908149622066 -0.0126455315300994 -0.0689665618404565
0.0687689043795792 0.00254842547827314 0.00546824408229555 0.0150009827388717
-0.0116313092855068 -0.00245016591682044 0.0178580288081663 0.151894018056122
-0.00769695920089335 0.0361979355675914 0.106993505123264 0.149684967809638
0.0406595496388774 0.0199367458583622 0.151900379859615 0.0420459477916247
0.025455860857213 -0.0345253527797729 0.0927175262211393 -0.0535136598376774
-0.0132502498491523 -0.0367237202138858 0.0359857245736966 -0.044231154921945
-0.0207592617511914 -0.0160582818777417 0.0188889405331314 -0.00576105879139306
-0.00660228162736077 -0.000254867866762127 0.00997067001495841 0.0100743647040067
0.00725787224108458 0.0157556563732901 0.0191501787457375 0.0151572939853521
0.00627148531533319 0.0384766055076615 0.030807434820696 0.0669190195838429
-0.0270501399689717 0.0585242996842198 -0.040324921005887 0.155813808946356
-0.105474164442317 -0.00933286507542379 -0.257466549837648 0.104968872277909
-0.0193651117237782 -0.145460329558907 -0.320819557613032 -0.172226534308497
0.145241813831652 -0.0856946651527165 -0.0902008216674074 -0.355436192109745
0.163127520117017 0.0348322991843801 -0.0266750595159689 -0.101498358910827
0.0606243282288699 -0.00180905094918245 0.0118801743544311 -0.0202784760251543
0.00507255583402525 -0.00426217734699931 0.0261313411017952 0.104719234564023
0.0071280035544263 0.0119403178269498 0.106134530757474 0.128841150442292
0.0262241752759743 -0.00789751128450448 0.166162923527723 0.0258872657485148
0.0110586708633641 -0.0376059350364075 0.102179619806002 -0.0800316818665173
-0.0151180562648373 -0.0311845814951051 0.0302037444549378 -0.0644673076970059
-0.0204921410746876 -0.0143727229483591 0.00685532997329133 -0.0116380813169827
-0.0130518950465895 -0.000971188387043689 0.00378919077697587 0.0121461224250193
-0.00727210981835921 0.0118610674123784 0.0210446447480696 0.0266012679413177
-0.017002612908713 0.0204150085351464 0.0233806274600594 0.0940450895727637
-0.0428155164319708 0.0111293850787926 -0.0814516904513688 0.17582288121884
-0.0602299099469697 -0.0683468653812034 -0.311587583599744 0.0552620754893315
0.0544089522639649 -0.1187726425348 -0.306326891057353 -0.276009846507735
0.145922749112507 -0.0169775167715607 -0.0173929598609661 -0.404544757524977
0.112527174019883 0.0461444386830229 -0.0318275751881391 -0.126786527445755
-0.00615927616168641 -0.0202731246536868 0.0263916182126922 0.0828166865832446
-0.0369518647131436 -0.0250453440235434 -0.115463137892896 0.381088394075337
-0.0574764397640352 0.0163917597327209 0.23477474018177 0.406973153779063
-0.019355987199125 0.0610429211807934 0.370333802456593 0.0397607045064802
0.0242710911516664 0.0348734663430016 0.140934794588987 -0.187433745627188
0.0290986175589695 0.011392025591814 -0.0159129856304423 -0.119722049529679
0.0217197705151369 -0.00474057206476412 -0.0215207559121262 -0.0309344994681167
0.0125599258589763 -0.00087264960551443 7.78157074084399E-05 -0.0167072477025958
0.0104940950402405 0.000117040756713631 -0.00777143645464047 0.00482008761102685
0.0145813530114609 0.0106863180613098 -0.0349020763508964 0.0578660193259235
0.00783298551880366 0.0194225102180229 -0.102162209684229 0.0857646140973817
0.00660976045098517 0.0114740751353706 -0.171465603844626 0.00456984199008622
0.00508502384119309 0.0140568827002662 -0.127988782557879 -0.100870542437184
-0.0130497965346154 0.029256182652922 -0.0378381755126797 -0.107393397925871
-0.047880816879078 0.00217552157594798 -0.0116225859647699 0.0458439922016374
0.0730331653580461 -0.0073624596659874 0.0167799932326485 0.0961123617652251
0.0358137260758932 -0.077878120530821 -0.146211447466976 0.380044824288168
-0.0633905912404838 -0.0586978784937264 0.19348919680721 0.419663501628434
-0.0824747878149511 0.0486387503869977 0.338805728070654 0.0754910531356296
-0.0033528408505959 0.0693098261327849 0.144543577302783 -0.147343179757306
0.027757254830937 0.0408460360168071 0.00303747361044766 -0.100725288848938
0.0276608573384819 0.0133325054088147 -0.00413932474942692 -0.0257720789640978
0.0169656987568485 0.00190636021184744 0.00783793461502763 -0.0166043829836778
0.00876621859478216 -0.0101106576701559 -0.00517551423558569 0.006237740171462
0.016103103665488 -0.0142907576075491 -0.0325251430275266 0.0591877646792276
0.0323326957468601 -0.00129648733020133 -0.0983592718762063 0.0938791128162527
0.0456171264374455 0.0248762112448685 -0.174884673964538 0.0219784077365671
0.011132319383056 0.0493415377949025 -0.145269701226876 -0.0845215802660951
-0.0237665826253462 0.0448296480060921 -0.0500951017308848 -0.111837771445379
-0.0306742455357248 0.00665406277990426 0.00162435886924859 0.0468348778799586
0.125184659732577 -0.000952020781834347 -0.00753847928999431 0.100800406669992
0.0715616722788229 -0.113495997568929 -0.143470358681454 0.379723957949775
-0.0712267848319991 -0.0990147911295357 0.181006294913389 0.385417970079433
-0.111449477344164 0.0433551374908192 0.286854876103572 0.0712917743616131
-0.0174386042799593 0.0817141252703004 0.117921379675841 -0.103651568351385
0.0205824264209166 0.051100962883 0.0142255713899316 -0.0647201558843925
0.023997248107453 0.0223051421801181 0.0145264349515629 -0.0129529396409228
0.018165171247793 0.00312004129005082 0.0131177571364118 -0.014129657637941
0.00998340413155847 -0.0178643329392611 -0.00685820801411895 0.00563850901320089
0.0236311675196142 -0.0305675741001212 -0.0319644075347024 0.0515442282313113
0.0561444570966552 -0.00768486154342559 -0.0882868711821051 0.0897082918280639
0.0658542072906395 0.0479653261040463 -0.168801578053307 0.0358680912648325
-0.00225417083086326 0.0655826375245888 -0.163400892636005 -0.0685911242724527
-0.0267328276484465 0.0337205166633033 -0.0706217890424259 -0.13093716879269
0.00829421471906884 0.0056056049462791 0.0121038059532021 0.0296254415862385
0.137265193930797 -0.00156399086801984 -0.0271020245646715 0.0970345527712028
0.0533182303897724 -0.118296641428481 -0.106123897038336 0.356657022934044
-0.0833742212101841 -0.0827684435848711 0.171324803276861 0.314018071638172
-0.0934604757467449 0.0568130129610569 0.224521992054864 0.053960210300675
-0.00708375958379395 0.0706129902042751 0.0867336501392528 -0.0631575481822334
0.0125034709263335 0.0376255729121771 0.0216351152556705 -0.0311836928795215
0.0125985624908188 0.0188335810642103 0.0285033375638524 -0.00191745192257805
0.0155903077091515 0.00228486018984278 0.0163631100972352 -0.00865721174563385
0.015392228193036 -0.0180006231638168 -0.00719760806722218 0.00367958522680737
0.0354271722993062 -0.0257276160663436 -0.0240497117356181 0.038534150933496
0.0706799341035881 0.0126849262221408 -0.0675274042742778 0.081005608401833
0.0476298232051166 0.0807888756078512 -0.159364714042543 0.0531966595329531
-0.0417017562976049 0.0490110481371511 -0.189165488973363 -0.0535730107872288
-0.0150989209340435 -0.0122996281002486 -0.0988750598386359 -0.165419313844093
0.0655750465594187 0.00119327381099114 0.0143830537378153 0.00100200626925087
0.118804489152078 -0.00355541173296533 -0.0279354730719397 0.0815609910418136
0.011673584328787 -0.08635300085747 -0.052495003741932 0.301178351730037
-0.0779257471744662 -0.0258346772768779 0.148344398030944 0.239800807204196
-0.0385094453080635 0.0683037071265774 0.171311489793542 0.0483618238766163
0.0158742604345028 0.0375556390697957 0.0728678456195284 -0.0354428435163057
0.00382946052062305 0.00822624998504649 0.0304637470033385 -0.0153258700580584
-0.00152011228962699 0.00639605194532156 0.0340618197288365 0.00197597745535252
0.0103350482944657 0.000912492891856662 0.0176772145211942 -0.00248912436416077
0.0213038239698645 -0.00830197586288924 -0.00189977861467135 0.00252695514361728
0.0427251965821481 -8.51866262426718E-05 -0.00576095515678047 0.0299598325488062
0.060682152840156 0.0523767763733608 -0.040100830565328 0.0857370992984851
-0.0136057913125754 0.10052224316403 -0.162225673722371 0.0823670335447405
-0.0859609872090473 -0.0125846640042468 -0.234280152242223 -0.052262741386407
0.0240867522338807 -0.0770646923326899 -0.126396903933936 -0.218587598155181
0.127920522028626 0.000284882822051297 0.00493597810908934 -0.0331896573746067
0.0926884583996191 -0.00207437760629607 -0.0139498384075241 0.0521820177825776
-0.0142788620405717 -0.0382004408639557 -0.0100505102185867 0.22509358605263
-0.0465628655607215 0.0252989210771967 0.119634540629218 0.186884159438441
0.0178988877215929 0.0553901463957817 0.148186240914653 0.0520993797434819
0.030004589483495 -0.00468025275402225 0.0811606037233753 -0.0312497517333782
-0.00549756420053282 -0.021267907892731 0.0375211995543721 -0.0227558913082695
-0.0135429070449867 -0.00743034422090916 0.0313024445116553 -0.000917915688210383
0.00293008851139085 -1.91884739947357E-05 0.0159127314637315 0.00439621318738155
0.0202397291221563 0.00658107690698707 0.00929332793452363 0.00561409755081235
0.0342700094906937 0.0303550405498667 0.0180071665112915 0.0395814608716492
0.0205016930746487 0.0786943628215957 -0.0246552638543642 0.116803023964601
-0.0867416358184497 0.0697708339261243 -0.19721753967423 0.110597974278009
-0.0866082975024312 -0.0984161719059942 -0.292541320795577 -0.0900790895099476
0.0909420630261386 -0.115306916078788 -0.129641267049093 -0.290759176122371
0.171615626078016 0.0123637522692704 -0.0107415627350396 -0.0693192865172032
0.0730931176371514 -0.00154303720120907 0.00197620174652052 0.0144414522670885
-0.012454731863304 -0.00642201116671101 0.0114377870553392 0.154984579578594
-0.0108979127939738 0.0368517160891052 0.103479990736027 0.157291215056003
0.0411724212644533 0.0235427464722666 0.153363371343618 0.049461159714087
0.0264771606389738 -0.0344351417181154 0.0965527925999854 -0.0500409155671514
-0.0130440828883079 -0.0363783815864313 0.0391411955386673 -0.0437329679773633
-0.0202438455201943 -0.0153847713367654 0.0218119701647361 -0.00634962215022046
-0.00463180218888521 -0.000191603958940891 0.0122047088781727 0.00945369123220132
0.0107919977062796 0.0159872963172875 0.0199369062463665 0.0146302340135821
0.00974025268024297 0.0417392239217118 0.0319726381210323 0.0668389309062298
-0.0265229615791997 0.0637510193269275 -0.0405452334960474 0.158863886389015
-0.111866060998728 -0.00451630046315562 -0.26412190150028 0.106981428209781
-0.0256668987353935 -0.1514541545871 -0.32995114900364 -0.178051302531015
0.149976820752072 -0.0933152829231331 -0.0897836721751218 -0.367844501207311
0.170619172778806 0.0325636102954865 -0.0260265722456403 -0.102035950808251
0.0635765630380508 -0.00583288508661297 0.0075157360847681 -0.0212823787567964
0.00476071811461557 -0.00669566984943302 0.01970793156243 0.107802528361956
0.00553465672204117 0.0126085860034996 0.104228227544895 0.136711997966158
0.0265526490602266 -0.00609623573843978 0.169325863957629 0.0330354087293064
0.0116229343955456 -0.0381441644437515 0.106847709206889 -0.0775568998688892
-0.0151325198805657 -0.0312122831064642 0.0341256663173407 -0.0647305183722901
-0.020048038450473 -0.013905800455852 0.00995285768666925 -0.011744606514725
-0.0117679298757214 -0.00103907536872659 0.0065527626195337 0.0120652534416371
-0.00585956881218906 0.0124851600241509 0.023038206659392 0.0265580995096677
-0.0159440579839103 0.0228439002275692 0.0252523774189929 0.0952577972962034
-0.043813030926956 0.0132835996185149 -0.0829296690426466 0.18056724978463
-0.0653074482146518 -0.0681708961011956 -0.319464509593822 0.0575802334121134
0.0525679059736714 -0.124562182580488 -0.316471237620319 -0.284216565300924
0.151727849710026 -0.020865118811138 -0.0138457703504224 -0.419252489064492
0.116924925010567 0.0453161543169646 -0.0321097175421858 -0.128071228185767
-0.00709664672692722 -0.020531256260964 0.0299792769529015 0.0790026839039023
-0.0387346030482498 -0.0238897791836198 -0.111897372686167 0.393504735582665
-0.0580469804412192 0.0189501577219448 0.253613103195415 0.413807491066151
-0.016794845135725 0.0637343575128997 0.380776492717537 0.0288135567581724
0.0264513128861082 0.0340029447642206 0.135455421368826 -0.196825993834829
0.0300232082395511 0.00927408770199146 -0.023343309529361 -0.121511040084381
0.0212406379756199 -0.00555862033883813 -0.0246290060015949 -0.0304880607344905
0.012098866502519 -0.00118533139356657 -0.00431924631497702 -0.0175999360853143
0.010106929519536 1.65603235039251E-05 -0.0122975548760509 0.00509728431156752
0.0154978128678275 0.0100958751826802 -0.0378930912253473 0.0592009036279864
0.00886079685850169 0.0191827354048271 -0.105187242364326 0.0892951382356315
0.00780276271616167 0.0103062707417121 -0.176510936805507 0.00520564307502293
0.00665628688812695 0.0148744339888369 -0.131877185052736 -0.104989012370447
-0.0120956663453109 0.0319337816928619 -0.0363695722157082 -0.112247336567754
-0.0505919804869498 0.00529341414612822 -0.00363613522699113 0.046571980009287
0.0769181288033875 -0.0113764045986732 0.020686386071349 0.0928094614273305
0.0345931648037433 -0.0830878868744168 -0.144470729130764 0.393528128751765
-0.0687236934127113 -0.0596078346096818 0.210951276390589 0.426466800745434
-0.0837722841958057 0.0550626036755944 0.349590825895906 0.066918301605588
-0.000218995938249099 0.0722942663224471 0.140139046764743 -0.155144642370484
0.0313749136748022 0.0413736001467665 -0.00218122662131293 -0.102524067485682
0.0295088943296474 0.0115959230165693 -0.00636471811334976 -0.0265395411728234
0.018276733610355 0.00123427828308472 0.00369793994416472 -0.0182124930887156
0.00813682126523464 -0.0105576364602953 -0.00965667730676238 0.00663881190776371
0.0161222290546021 -0.0154076146409438 -0.0364557846334762 0.0612098864738883
0.0334395058055637 -0.00268436604522633 -0.101851704573421 0.0980540687878712
0.0490671861822574 0.0242508843967778 -0.18079559593487 0.0229789161606686
0.0133479662235208 0.0517625627292361 -0.1498744866086 -0.0884974155618934
-0.0227699767029373 0.0471651231842509 -0.0493725509924319 -0.116172101716298
-0.0314454940934048 0.00705986649211343 0.00961821521028161 0.0457473511291869
0.132232774438891 -0.00802864300327631 -0.00404040508073299 0.0981942178762211
0.0706399339134909 -0.123398602678628 -0.141292140449276 0.390993373376154
-0.0800325872696971 -0.101657738673929 0.195466519729959 0.388692595349562
-0.115319174721966 0.0517590273527458 0.294712990416794 0.0646422341148123
-0.014137639393542 0.087240433724494 0.114553864624437 -0.108937973428455
0.0246315076947179 0.0531310573747326 0.0114707718872958 -0.0660919765474901
0.027349877099163 0.0223674672208072 0.013828358323718 -0.0139256433187716
0.0203289373505987 0.00164177294203919 0.0102328794423024 -0.0154814804421475
0.0106493930436991 -0.0193531107040095 -0.0110068429568483 0.00675712303404624
0.0233774350923657 -0.0323012179143035 -0.0352413369105751 0.0533915798356621
0.0591686155122184 -0.00959113335745606 -0.0920778919646725 0.0936942865751608
0.070860605923959 0.048649476164825 -0.174752402461789 0.0372733739122242
-0.00148296205914935 0.0700385743148452 -0.168631580735274 -0.0711036203203391
-0.0265469340152853 0.0338077712113867 -0.0718415939745494 -0.136110540075442
0.010193594615242 0.00264121771208628 0.0195296355107277 0.0286293193704407
0.144785915535138 -0.0104319849553498 -0.0248557029913552 0.0962948057185809
0.0512120244985693 -0.129476641930462 -0.102371124104172 0.366795904808849
-0.0936674173932826 -0.0849759616108476 0.182060570957833 0.317673610390129
-0.0966851446281027 0.0657210861884972 0.228869501863449 0.0507614195412907
-0.00326409443742091 0.0758630272835706 0.0846969823536942 -0.0643882861023936
0.0161711066886152 0.0399251725431634 0.0214334004014779 -0.0307638078473978
0.0157385971227441 0.0194998599539503 0.0295988930621363 -0.00365619316254773
0.0183744695572928 0.00109706510232302 0.0146592374034388 -0.0103851252829137
0.016964985564214 -0.0197514125923698 -0.0107862099832061 0.00465153221648122
0.0369985641588535 -0.0275760694096968 -0.0278696351464968 0.0389952769486469
0.0756623770459463 0.0114454872827306 -0.0708321814712134 0.0830674485637301
0.0534823096626558 0.085351873509228 -0.163915356212414 0.0552347951740132
-0.0449058001592831 0.0547171836359293 -0.194803179348211 -0.0547027935979037
-0.0170691813153063 -0.0154649730474712 -0.102671697444676 -0.169520303665204
0.0701929460747135 -0.00611266152333207 0.0194854458365005 5.99704339460397E-05
0.126288562029224 -0.0119018484452445 -0.0269793334746861 0.0810223733479644
0.0086693054493298 -0.0955255678772569 -0.0497957514423962 0.308716609929459
-0.0865858065136994 -0.0259690364252151 0.154707572673011 0.242392015235546
-0.0393454935496288 0.076292651613776 0.17318483353805 0.0476929240214191
0.019327292998033 0.0410877375153094 0.0735332301250688 -0.0344651760268124
0.00576122202212921 0.0102831092733878 0.032583142831417 -0.0148688445679785
0.00108874872013796 0.00763995839513931 0.0359362432379945 -0.000134580690343673
0.0133894334360391 -0.000219571991409615 0.0174437169808999 -0.00356124167620566
0.0235112951814979 -0.0105663881289958 -0.00432928903636452 0.00277544748846097
0.0469656931866523 -0.000677125183487562 -0.00853443959966059 0.0294841226552809
0.0671610523313108 0.0531476860758544 -0.0411878233942463 0.0868461063900692
-0.00947074639397111 0.109485685712613 -0.165018765334589 0.0854880710530049
-0.0941484888073844 -0.00737409436361453 -0.240365317263813 -0.0504144379117846
0.0205784562900359 -0.0848272724544403 -0.133491449677419 -0.222729569835627
0.135443355993988 -0.00847924655828378 0.00756299074845168 -0.0342606076869555
0.0980156305981836 -0.0103013210792964 -0.0155204881813905 0.0515936442224951
-0.0168555805652884 -0.0437243866070464 -0.00991516915520218 0.229762104429544
-0.0512546404524542 0.0266793711420581 0.123341153845064 0.190341659180923
0.0191828671603897 0.0605279404105649 0.150186474356392 0.0538545741979086
0.0318693780298091 -0.00321217925707425 0.0828708302333835 -0.029703536893074
-0.00549218769518799 -0.0203583884790401 0.0403037084690001 -0.0226079499769977
-0.0117632501235545 -0.00639967755565767 0.0338701339783644 -0.00262224224950035
0.0053499656986597 -0.000670519061691923 0.0172965212150628 0.00387733380289499
0.0243483668061207 0.00494845399012067 0.00835935330939588 0.0046493958410922
0.0398656435037788 0.0314259141361957 0.0176539920166938 0.0377711039699615
0.0268551526306375 0.083508758305026 -0.0223952758100164 0.117779524718492
-0.0871099272687084 0.0813070649009566 -0.199076091300484 0.116816761858003
-0.098891123086382 -0.0972585562556602 -0.30240420413052 -0.0848959283930202
0.0883917308894656 -0.127719253635207 -0.140620986725479 -0.297186429993998
0.180529028745978 0.00251631924153269 -0.0114995040436683 -0.0692739929624709
0.076780195773375 -0.00870724062650082 -0.00148403221289606 0.0136313503603483
-0.0140273878989924 -0.0103830850201867 0.0102659428517973 0.157909557671374
-0.0127861742445959 0.0390844177100604 0.10565030512599 0.162247497356364
0.0429211185024229 0.0260788849313912 0.157516672690389 0.051976820883657
0.0266840988867674 -0.0345894580214564 0.0995548510020851 -0.0499480083260131
-0.0139041955588311 -0.035813528294399 0.041631211456004 -0.044664594243517
-0.0193364745229779 -0.0144391936941601 0.0246798250835501 -0.00800018106662106
-0.00288629601304296 -0.000229470146712286 0.0144384878089722 0.00874296341467811
0.014321347751935 0.0154212489431578 0.0214458485116008 0.0131864745311161
0.0140028720894562 0.044707068898212 0.0348042559125306 0.0653274250344265
-0.0233774793313231 0.0697295020926983 -0.0361084928641234 0.162264778042671
-0.117332621470819 0.00477458571043861 -0.265914424308134 0.116634582834783
-0.0372455729193934 -0.156195247068972 -0.344326501385421 -0.173916580874293
0.151781558543325 -0.106098905937901 -0.1027491546961 -0.377711417666333
0.178973702505815 0.0242653301406229 -0.0292966020168862 -0.101508920771723
0.0659708770077865 -0.0112645132347479 0.00155138244296406 -0.0220602948412871
0.00423907258698985 -0.00980076259102284 0.016566011360726 0.110233753970528
0.00483890883340858 0.0128372746129858 0.106696929541604 0.141781207899406
0.02706019374098 -0.00554008784540129 0.173884606352507 0.0352081375179125
0.0107680044997807 -0.0394485752111771 0.110091634558255 -0.079324083429419
-0.0154167828303426 -0.0312184310457951 0.0358410148073158 -0.0668633186234079
-0.0195360502783259 -0.0123962223407099 0.0126804607089977 -0.0125321984424101
-0.0108109986329327 -0.000760536351941221 0.009825230187877 0.0109321701756446
-0.00367354822352579 0.013664373772338 0.0253197882956745 0.0248403355577486
-0.0137765966884434 0.0264080106665382 0.0302577106964158 0.0958073506102549
-0.0444769838426037 0.0178296975797266 -0.0778540082506956 0.187331550154949
-0.0726488208887013 -0.0649218981175533 -0.324842673091176 0.0687569338013174
0.0469024116932441 -0.131539432270361 -0.333157248350249 -0.283108716787446
0.156875562945365 -0.0290572022496038 -0.0254970994984054 -0.432501971954556
0.12247338632406 0.0413475960350804 -0.0365638646427107 -0.127833034823356
0.00285245664053133 -0.0229507808311454 -0.00726020905951268 0.0810596613127778
-0.0197755122868597 -0.042228643960822 -0.284281461694289 0.304745259770308
-0.0590787283266371 -0.0158344242171093 0.0402303251125095 0.490340972274439
-0.0452516003483231 0.0457982685105945 0.333919739867368 0.197551049691746
0.00583018784319316 0.0414708341801908 0.210199947872972 -0.118889507853869
0.0219482487734135 0.0212337008872649 0.0324900898745138 -0.121189603732491
0.0208901637295228 0.00366143492739055 -0.0102750563117071 -0.0389227062259447
0.0107709745635522 0.0039071145434209 0.00115139036409224 -0.0184419178707828
0.00810698121271867 0.00423060431345342 -0.0169436236890153 -0.00205865447257745
0.00878748730547461 0.0158000498758276 -0.0633182628777776 0.0343557302879072
-0.000434922479912224 0.0216067634781936 -0.135692253172122 0.0307301722163866
0.000551025271943372 0.013415251632616 -0.159114393987467 -0.0802785647258461
-0.00125200094807899 0.0168580173190471 -0.0652291325087156 -0.158883755656195
-0.0257438555292875 0.0231560834624488 0.0265177875162051 -0.119973676434078
-0.0498668397892676 -0.0173252218341255 -0.0187173656845999 0.0411995563149549
0.0773911271186953 0.0231049946741963 -0.0206044120028668 0.0876184067209472
0.0759525787890317 -0.0651183682940376 -0.315545611734835 0.288458632768785
-0.0354506303135528 -0.0938675758233535 -0.0073134862923122 0.48285277710461
-0.103031376757777 0.0100584633006334 0.28651158754214 0.219416439350893
-0.0354890839365594 0.0652014760099608 0.196483558115865 -0.0780774011077818
0.00996805705906213 0.0515257959382522 0.0439434382450092 -0.0942734932747134
0.021750948902496 0.0243511365916695 0.00471530342713517 -0.0276125765585224
0.0164814151088562 0.00886768902824848 0.00780156544942677 -0.0150710992468766
0.011806336502879 -0.00598749050855142 -0.0152178121820878 0.000690858163708575
0.0211932948425766 -0.00688079694390287 -0.062625623328866 0.0367987212941862
0.0317947216292463 0.012676284267433 -0.136553705201489 0.0408831928304728
0.0317118111540133 0.0449084122093209 -0.171396405630737 -0.0649640389159437
-0.013777116910705 0.0525265870459578 -0.090557178128667 -0.152517180004227
-0.042526956393919 0.0303163333737196 0.0157886050602638 -0.129940900297018
-0.0311988000285598 -0.00786945957478374 -0.00720004848672445 0.0472066612088315
0.128574606665361 0.0505726688806139 -0.0464804307852008 0.0794438481901589
0.127027790258535 -0.0879813787965643 -0.312924866468939 0.288756796616588
-0.0277134435567691 -0.138918807807044 -0.00399797606696927 0.442466026186721
-0.131237766927792 -0.00589450720736786 0.23703748782004 0.193740045899543
-0.0533435695149725 0.0739559031592844 0.153312413082307 -0.0453165555945774
-7.007675030628E-05 0.0605544528029541 0.0402119522325068 -0.0545310314397076
0.016266084997934 0.0327733564838343 0.0187624653271347 -0.00800753459410765
0.0194006311877877 0.0106263958667129 0.0131331724363769 -0.0100475352417178
0.0187417567756194 -0.0131167428854334 -0.0161912268017353 8.15220793594562E-05
0.0359586631762744 -0.0184379265538274 -0.0582793655854431 0.0303062755378893
0.0587492834862446 0.0180605226339451 -0.125537787199363 0.0414691061776571
0.040343914118338 0.0785007596437118 -0.173715476869172 -0.0482950466870173
-0.0371516560973368 0.0623015248666079 -0.117207460637363 -0.146530451753926
-0.0403922875340772 0.0151987768969129 0.00430086369877152 -0.15970425260736
0.0105277848514662 0.00451068247185489 0.00984987600358026 0.0364724793728749
0.142707594351948 0.0540315713360281 -0.0647737500857753 0.0681616878449108
0.111357524099105 -0.103391378319068 -0.266500403867264 0.284154500179574
-0.0491477636086326 -0.129248126952971 0.0155926056382414 0.370255875303725
-0.121304981940782 0.0160719670452581 0.182515527128527 0.151173016665988
-0.0381540139943713 0.0700823203547695 0.105871317570898 -0.0175836936350255
-0.00206229367894607 0.0455648114022755 0.03381219362612 -0.0169961871364864
0.00798773287763093 0.0262290637722199 0.0286109910760257 0.00911435861679494
0.0188195685211199 0.00914898087767706 0.0160159113723584 -0.00380587441021474
0.0256056343645133 -0.010787632053225 -0.0146564963745235 -0.00138145469676099
0.0468642322709926 -0.00814947587163756 -0.045292414090203 0.0206626237639961
0.0655494936963357 0.0463774131107624 -0.102315683262101 0.0419955186950794
0.00900199027418155 0.105589949922208 -0.173134757396599 -0.0273851626797299
-0.0711024449241629 0.0287396205876826 -0.148609408969112 -0.143848506749856
-0.00992339173402353 -0.027769450181778 -0.00789432651866577 -0.202915530147259
0.0699399873767076 0.0227715916453279 0.0213599010792031 0.0116845016778377
0.126054883095804 0.0432852334517302 -0.0612539423107157 0.0542962323680114
0.0558577965942561 -0.0920451529697971 -0.190606197941433 0.254886090107101
-0.0707817161231016 -0.070078771772323 0.0256556923035096 0.289202335839443
-0.073621970515419 0.052263723129292 0.132229133255088 0.122964138517246
-0.00172215372314761 0.0486638877918106 0.0805948943925511 0.00515602791891311
0.0015193666829002 0.0139448324852384 0.036968994176589 0.00350769340590627
0.000309623365025338 0.00911069218450085 0.03327171726876 0.0155776422586655
0.0153900989439774 0.00558456999895604 0.016556619210097 0.00359669472001709
0.0282231508362024 0.000975925127314018 -0.00653908407735463 -0.000837203045096234
0.0453623416118813 0.0210236517384304 -0.0231845751762124 0.0200601110646172
0.0395917743319487 0.0821218250962066 -0.0774089653947497 0.0585003795864003
-0.0596157175847559 0.101702562427615 -0.188213178833222 -0.000348621186997779
-0.0901718457992601 -0.0499841594220499 -0.190881601031502 -0.16158083912161
0.0548204790695919 -0.0757261086912746 -0.0106238813991817 -0.264306044887203
0.130959182761783 0.0491605916766159 0.0251592988599004 -0.0240102062281394
0.0988350542943143 0.0318981600351051 -0.038267540096715 0.0340126234567413
0.00708172491986897 -0.0557607988140582 -0.117443464392113 0.200661536956053
-0.0621328214277373 -0.00443026113217002 0.0201487437293436 0.227621520877342
-0.0124355419556482 0.0639264997680869 0.108096393081249 0.119018813923152
0.0296900552357557 0.0135301090089192 0.0865418224889191 0.0135829268622013
0.00462448782228113 -0.0195031433169535 0.0477297181102042 0.00140779969977899
-0.00587658753497064 -0.0103784505348156 0.0331292291025068 0.0132279919762716
0.00836514935658781 0.00268689776147564 0.0140479960004843 0.00960940992605289
0.022300262891823 0.0152831159190707 0.00438516706294283 0.00641438123851982
0.0251840815613713 0.0484845330368677 -0.0013672607821327 0.0390079080987264
-0.0106899120540478 0.0925495245103488 -0.0749581582122222 0.0950731977468969
-0.118377225067882 0.0425579922619015 -0.234157164042798 0.0128250820227922
-0.0538207611186358 -0.136291590840274 -0.229076823476288 -0.220713514283197
0.13620938139543 -0.0852157877551758 0.0176708803733014 -0.333096645569987
0.167110960617177 0.0790036978676345 0.0234497485166835 -0.0635627013467573
0.0772156193735406 0.024053511901145 -0.0106740935305628 0.00677689406599373
-0.00666882663805927 -0.0216848527664612 -0.0684813344970971 0.144679099580354
-0.0308936171483898 0.0256932747404696 0.0162269230313623 0.194416775967657
0.02534307537508 0.0426578387516048 0.115153028240888 0.121608367161327
0.0381981980197564 -0.0188974545681579 0.111214087062797 0.00271769103797336
0.003496071350539 -0.0377180706876876 0.0592895300308469 -0.0172916728097041
-0.00927250261248823 -0.0202670977235856 0.0275050810598029 0.00494936094337217
-0.000234781094303533 -0.00128325194208502 0.0112831371311838 0.0137718422040767
0.00846938956951219 0.0210575658696781 0.0130911874185682 0.020217275542336
-0.00353372788364412 0.0503767074551316 0.00245223502935751 0.0713740876802642
-0.0514566120207242 0.0574224588946936 -0.104927301722962 0.129447769627191
-0.114459858304746 -0.0407870198680582 -0.292801698414004 -0.0195978056423105
0.0295802661564435 -0.162700478902632 -0.225846676109325 -0.318348261171839
0.185131641445496 -0.0376201110152268 0.0883868680268469 -0.385973115940886
0.154807592817512 0.100305937525996 0.0209260577089403 -0.101431783568969
0.0656085127545609 0.0174674303825587 0.0063504507183637 -0.022825110536247
0.00893572337928075 -0.010779984091305 -0.0416400398772931 0.10477323792088
-0.00253883417269539 0.0106168551627143 0.0251606256515669 0.179129928555784
0.0244502225121973 0.0069986615383136 0.138252144529772 0.114588700842284
0.0257546463549295 -0.0314368510636976 0.13321590010565 -0.018483369485047
-0.000271033556148565 -0.0351393011912816 0.0638099666943165 -0.0398127451364733
-0.0106882416025134 -0.0188904837439918 0.0198546646374114 -0.00463605099311344
-0.00842321631110232 -0.00475469975609144 0.00602841922595637 0.0145245492431981
-0.00765512266975525 0.0121546604896186 0.013475996162668 0.0322526578399637
-0.0220882910550574 0.0207577274925254 -0.0131902600352081 0.097352577516168
-0.0484146812637331 3.05526701973279E-06 -0.152003568490101 0.132339819383702
-0.0438805977119314 -0.0857538965313641 -0.322037695261125 -0.0882136339995344
0.0967155918280604 -0.103048627311458 -0.166067298128404 -0.409154729055335
0.156266104847829 0.0347614113221678 0.183375684685934 -0.400971679081973
0.0941108707733074 0.0901643336872693 0.0261379043494831 -0.12841350412278
0.00143826108922168 -0.0226552778386342 -0.00218551473659741 0.0750998658495014
-0.021551842578242 -0.040338915998415 -0.271790123555557 0.308827986706017
-0.0591316063315187 -0.0126485110155033 0.0603185282391976 0.483932363499644
-0.0414000204838936 0.0481247639237005 0.337022327180252 0.179752911213484
0.00821547643108254 0.0396139768122545 0.198963391792196 -0.126554081750016
0.0224415776523991 0.0190737530476781 0.0236022346557516 -0.120441367647853
0.0198389123970714 0.00169912898453279 -0.0134987280280737 -0.037225134169803
0.0101236252966865 0.00374880382256429 -0.002608395479197 -0.0187694560660806
0.0064429105230333 0.00382959653789804 -0.020915811849619 -0.00192930113489745
0.00963667289880718 0.0144143532348041 -0.0651972589721482 0.0345047083244195
0.000929152561941623 0.0207926810840065 -0.134145375969569 0.0332823840533343
0.00189845505754542 0.0125959687011936 -0.160090466396687 -0.0769234189786735
4.64755497495487E-06 0.0175718337576727 -0.0663326635297805 -0.158273218061165
-0.0240708019022259 0.025579419257564 0.0278393063652742 -0.120144463919838
-0.0518722590096259 -0.0133858586010146 -0.0100655835642713 0.042215416975986
0.0791217437042377 0.0185597101008576 -0.0145891793069904 0.0816421589065729
0.072144787389671 -0.0696073088900671 -0.304449277081281 0.293813259589967
-0.0400380505854182 -0.0921794467743858 0.0139896825808648 0.478111824272666
-0.102303674884916 0.0160875283468024 0.290722294908817 0.203168355857909
-0.0311840887445314 0.0670017922000804 0.186569886772554 -0.0852627630221401
0.0132814186208507 0.0509881366613864 0.0357389571719526 -0.0949342716716849
0.0232622210691239 0.0228451431935503 0.00219754345278982 -0.0270483759811204
0.0172129899123734 0.00815388668230298 0.00416257248341247 -0.0161417396417595
0.0105704138843965 -0.00651717536408444 -0.0193480788982604 0.000429460820299098
0.020303232021929 -0.00831203828533358 -0.0640759030709664 0.0375810874943427
0.0326261487513617 0.0112078139921313 -0.135853740182144 0.0440845056251009
0.0340368764308542 0.0433702198476539 -0.172435140978337 -0.0610872954134752
-0.0108500637439068 0.0533636442575805 -0.0926666474884316 -0.151740125789272
-0.0400525247548535 0.031674853556529 0.0164023291020785 -0.130673484411985
-0.0308728627734112 -0.00744739742684717 0.00187854105071267 0.0474206128486498
0.13265802099199 0.0430690640586761 -0.0399551844597021 0.0758535003225418
0.122957077084403 -0.0960084827663826 -0.301136853489027 0.293063227969586
-0.0364384010440557 -0.139135174884883 0.0120911759245686 0.435965512480274
-0.132449052525013 0.0028378540722213 0.239419201918198 0.179784066641846
-0.0486399609970599 0.078588079651675 0.145306275464026 -0.05056931856824
0.00427776277571753 0.0616468281190092 0.0352215541577164 -0.0542994304119183
0.0196213772321491 0.0321996838826823 0.0173343440718203 -0.00892155033987354
0.0209510329492273 0.00919455457971096 0.00964417409853187 -0.0115845350451514
0.0184616579458091 -0.0141870010019723 -0.0200451778176963 0.000987513847046764
0.0349023715724348 -0.0200522273885887 -0.0603898674920247 0.0307946730928299
0.0601428989238726 0.0157378349533599 -0.124343467893162 0.0436431795759522
0.0447872715859837 0.0776392442670056 -0.174168229041136 -0.0449314699575058
-0.0352922930593557 0.0644273024246683 -0.11820439506138 -0.144056956384843
-0.0393571323028712 0.0147866863739409 0.00327464875660137 -0.159058552296494
0.0125982765673145 0.00180723174255709 0.0168191885946888 0.0362583904097637
0.147241301610202 0.0444483208442881 -0.0594641664102699 0.0650632627970606
0.106789605553365 -0.112554922389442 -0.255103071768979 0.2877418358992
-0.0590866988240382 -0.128923125565927 0.0274428860530972 0.364432307102067
-0.121829757469111 0.025052542883685 0.18249910682423 0.141197732874263
-0.0336819734726146 0.0739529823032833 0.100260946447408 -0.0194486623325867
0.00130421209859518 0.0469915791188936 0.032334619467172 -0.0164001359388196
0.0116654245666858 0.0264727641219137 0.0286106053795081 0.00723785233212597
0.0209287608529119 0.00799327387997331 0.013562588696914 -0.00547407903498437
0.0259051583906252 -0.0122819504885826 -0.0180763452812948 -0.00140803532762473
0.0475240317090746 -0.00916231078418052 -0.0475731886485935 0.0204175828912567
0.0685985379800664 0.0437256253333982 -0.101494606670593 0.0433452710531758
0.0146652956774724 0.107866407877344 -0.172771141573455 -0.0239735050253582
-0.0728091810509981 0.0327088078432093 -0.148979157126604 -0.139714036634073
-0.0114271879350259 -0.0305207036717318 -0.0111542687518131 -0.201614430356146
0.0731093900219899 0.0160487233167574 0.0266738083324923 0.0119817311062291
0.131522088550952 0.0337373432851373 -0.0578207254884262 0.0514576176425926
0.0513451619321542 -0.0996263927490212 -0.181363830087541 0.254386693539681
-0.0779824352264418 -0.0694123146098221 0.0325088576684852 0.283196469557289
-0.0722716407916344 0.0587019930784685 0.130815333290998 0.117876096870677
0.00132753640193766 0.0514427390609677 0.0773884488962156 0.00495979843833205
0.00301726325753435 0.015888347831865 0.0368909627864745 0.0041439479736447
0.0030762249148974 0.00980977932153386 0.0348733692840164 0.0135528050581601
0.0177965227603503 0.0045266304832359 0.0156086116551119 0.00178754475815355
0.0304234971658181 -0.000954926580690558 -0.00960883918009241 -0.000732412704222861
0.0485147396446763 0.0204857827961533 -0.0249039188999687 0.0186804409157636
0.0457981933301123 0.0817761512771434 -0.0755147350387961 0.0582035377248871
-0.0540927759168397 0.108179735021234 -0.185489281427223 0.0041619352145588
-0.0971009733052837 -0.0445899551716114 -0.191869972508644 -0.153573318166321
0.0503857829528476 -0.0821305883250976 -0.0186954133374241 -0.261642767877455
0.13629259456446 0.0382147468989274 0.0270502342971473 -0.0224700027139065
0.103403071149041 0.0236995125458223 -0.0376882517045863 0.0314571934543397
0.00477203033181438 -0.0605586447919725 -0.113347605866493 0.199259488318374
-0.0652003956959145 -0.00285344634262259 0.0232429677937193 0.222835435482183
-0.0103393095730644 0.0674629567863636 0.107261115405292 0.116928336655922
0.030298285409492 0.014327734680828 0.085207479560699 0.014029423550598
0.00363444281562032 -0.0178592702495957 0.0492003545897392 0.00114789175937954
-0.00419026566930427 -0.00854549282557522 0.0349637732246593 0.0115205615096955
0.0105337558747735 0.00207352447997544 0.0154415547768708 0.0084419884904914
0.0257762906575517 0.0136645394130052 0.0042286183176211 0.00548943954964574
0.030228112436845 0.0489045551740229 -0.00126999545956613 0.035422783628136
-0.00391839538966676 0.095224829778035 -0.068892816667806 0.0941108335469519
-0.116747582161426 0.0536896291244259 -0.229971292455699 0.0204148258034492
-0.0662452674059884 -0.13298007238471 -0.232403491138557 -0.208994267153628
0.131424477432164 -0.0960341847789058 0.00528649012553347 -0.330253510022323
0.172762347329597 0.0672753529665292 0.0215047908561404 -0.0610587056942198
0.0796202659832475 0.0171889411830615 -0.0140608151792987 0.00478572768227695
-0.00771238196586182 -0.0242348122961256 -0.0670726448712904 0.142170054298266
-0.0318968623440425 0.0261813079688792 0.0181932557064174 0.192513737644296
0.0263347747793948 0.0435945151537491 0.115770483013488 0.119591185779669
0.036455761577065 -0.0189902333663439 0.109250146030523 0.00239796478628611
0.001750597857004 -0.0365282010143522 0.0596854711856298 -0.0176699720929545
-0.00822348775636083 -0.0191745655579914 0.0304818520440552 0.00377781593057838
0.00182167387033632 -0.000613965092584279 0.012819836337015 0.0127694842518304
0.0123878951358151 0.0207826746617611 0.0139020538248326 0.017753289523873
0.00123484343126974 0.0520252708823448 0.00589491930670378 0.067803152125368
-0.047160139936474 0.0632217995243671 -0.0967187721683595 0.130172727915969
-0.117888102033389 -0.0303027059575039 -0.2879502816568 -0.00640291565801077
0.0157584261638325 -0.164384908239126 -0.234076011276947 -0.304514812295943
0.182847023775098 -0.0501810661761097 0.0730347990025511 -0.386413222851118
0.160395696923248 0.0902301249246589 0.0169729696854916 -0.0975378982890771
0.0662923297218465 0.0115004172560435 0.000555822306838271 -0.024275750671504
0.00834859709966572 -0.0135070745836602 -0.0437837337233317 0.102745480959124
-0.00354428477529838 0.0105265859000437 0.0259432492503046 0.177842063198341
0.0239552120286229 0.00722076859241726 0.13925700783842 0.112945197743533
0.0235888437295693 -0.0311374521450101 0.132148204597192 -0.0192301117069083
-0.00137756475904962 -0.033841957037798 0.0644975931386909 -0.0404815702448711
-0.0101769570871015 -0.0179196327581612 0.0225550075653194 -0.00440971733265531
-0.0072012443649684 -0.00342087971691843 0.00851661846753445 0.0136455078310394
-0.00486850291318261 0.0125397835369947 0.0153105838105195 0.0303907540359985
-0.0193520196026802 0.0233277525637904 -0.00745995097027035 0.0950682372336601
-0.0487401962003954 0.00482267905610471 -0.14168146451176 0.137535012716631
-0.0501627047864159 -0.0799422773833067 -0.32012459837847 -0.0725066155492254
0.0877188196898313 -0.108499920990441 -0.180297951975351 -0.396240177563491
0.158005440210855 0.024542090045544 0.166173461328978 -0.404031926995176
0.0977259673640185 0.0838707842624521 0.02024105684449 -0.124477466588202
5.59881640707024E-05 -0.0218980938672129 0.00139571495426234 0.0687361382388657
-0.0222126038398241 -0.0378175662224601 -0.26226634852274 0.307228615002239
-0.0575019453879605 -0.0103300318051951 0.0714307418044012 0.472845465796042
-0.0374120768927026 0.048328509009747 0.334242315722465 0.16450842304427
0.00997593841774091 0.0376458469555322 0.187702705267005 -0.128955164151613
0.0225869483969642 0.0171783291784963 0.0168461440170628 -0.11740646004716
0.0187124354814288 0.000983076524161822 -0.0159501243024279 -0.0354301216126723
0.00917995237107149 0.00319254082728681 -0.00592153804114461 -0.0182450108156397
0.00507788832708214 0.00378749978877107 -0.0248034309968027 -0.00161232262544814
0.00912145323457079 0.0133576519187817 -0.066308009177929 0.0348573333623972
0.00157102363756637 0.0199125027901375 -0.131832474061368 0.0337573195356091
0.00313439107767954 0.0118131020677311 -0.157979774341475 -0.0752834534182917
0.00156862539789796 0.017968233085547 -0.0644512582747316 -0.157589217338803
-0.0226199679802475 0.0273315848210642 0.0300679790687551 -0.120036560651844
-0.0530943621364161 -0.0105091634505711 -0.00216903461354628 0.0416844647674473
0.0796676044297145 0.0147930127663566 -0.0102468194845398 0.0754889279107469
0.0688689612385605 -0.0716131487796263 -0.293701970187961 0.292965354893916
-0.0435115545653269 -0.0911294539138739 0.0245001358723921 0.46667919914592
-0.100189820316278 0.0200294930577113 0.289051082469686 0.190107618704708
-0.0275918478519605 0.0675349010134716 0.176786673583113 -0.0882753801227477
0.0152717407217351 0.0499467130802509 0.0301582963043949 -0.0926197761798646
0.0242428338908798 0.0216140664104364 -9.79031276984065E-05 -0.0266625761024757
0.0173202474963284 0.00687937815575764 0.000350883702116139 -0.0162078926297656
0.00994036361190096 -0.0067519542758784 -0.0230276534759284 0.00097047064354184
0.019578031881954 -0.00909964424593333 -0.0659662291643487 0.038046100911645
0.0324134727383249 0.00955300792370895 -0.133692151796883 0.0446464853467255
0.0357084660340742 0.0420409113165354 -0.171026528322031 -0.0590643278861928
-0.00946271290866675 0.0534700920501208 -0.0911847215605068 -0.150086797188654
-0.0383980358049678 0.0326116651862563 0.0185999077390448 -0.130584214231737
-0.0306453812623438 -0.00673836257059225 0.00962010248403037 0.0464518466577824
0.13402003335616 0.0361913631082852 -0.0354065514983186 0.0698032548713667
0.118173924909246 -0.101789569633442 -0.291207609260548 0.291735225230084
-0.0435441240187169 -0.137579740248034 0.0211495573718916 0.426598518564205
-0.13166717343978 0.00957483899433782 0.236723766726324 0.168567289770276
-0.0444260809397423 0.0803182802519569 0.137399217081266 -0.0520823500984428
0.00738845682010539 0.0612303451112827 0.0315952592188239 -0.0524209921154986
0.0219624521805488 0.0309298463854147 0.0161019044161415 -0.00915610979090879
0.0221835959563518 0.00799668898362622 0.00640650629393235 -0.0121078156262842
0.0178811680080409 -0.0150349308156512 -0.0235983699344247 0.00129148683762673
0.0337940547678247 -0.0207060778507458 -0.0621576887143099 0.0311139183963282
0.0600558557513822 0.0134571999179147 -0.122681044974814 0.0444449068958864
0.0480138347688679 0.0762330900729391 -0.172974745136844 -0.0434220454795983
-0.034283987343707 0.0656227331889787 -0.116129759835842 -0.142257097783292
-0.0384383967454018 0.0136691447434242 0.00386699122393987 -0.15766066897865
0.0137428921766134 -0.00122818137089445 0.0235564749729727 0.0352210753144641
0.150113330555438 0.0364037302463421 -0.0549375063403835 0.060580200484061
0.101625671442815 -0.118472856250421 -0.246085873069601 0.28461733031873
-0.0662947459802776 -0.127914450355997 0.0337396781957398 0.35424579791665
-0.121341003040513 0.0317547961903662 0.178586617520771 0.133564886776108
-0.0295645925454109 0.0762628405379718 0.0946968725761059 -0.0191231683861805
0.00419157877390918 0.0479518273435065 0.0310913773233811 -0.0152067352835642
0.014149180455598 0.0262354407641716 0.0282379933492805 0.00576874093670161
0.0229560740546122 0.00660968333010178 0.0111819059262205 -0.00610025323587175
0.026246988522334 -0.0141229267097866 -0.0212154158424231 -0.000719846652970435
0.0474576907710497 -0.0101324150078182 -0.0500040923723851 0.0200813112977503
0.0705654019152889 0.0418328149445241 -0.100522203381608 0.042417097252004
0.0188752765485813 0.10854907834471 -0.170764037623114 -0.0223274686386299
-0.0738938456277765 0.0358535355423713 -0.14647024856242 -0.137142005621223
-0.0130774484606723 -0.0328603314124261 -0.0125448867731131 -0.198375905600703
0.0756485594110462 0.00980676656708123 0.0310070012886211 0.0118228115923198
0.13385869219769 0.0255444196498322 -0.0554103758716019 0.0479047358282095
0.0476695216478399 -0.104467248866282 -0.175199987435669 0.25048220188416
-0.0828909601617907 -0.0673094309211945 0.0349095667073429 0.275147255260887
-0.0709744343537156 0.0633584947670226 0.126651443652742 0.113064881475121
0.00387032409828083 0.0530359716940923 0.0741965187318034 0.00710437475620296
0.00438842825932741 0.0170014561188731 0.0375097502852348 0.0051231102991995
0.00559095707762946 0.0101611366129581 0.0352248725647589 0.0121731419678665
0.0197940508072681 0.00361752122391359 0.0144226975705071 0.000853729954740027
0.0315379917359032 -0.00278899342386598 -0.0116657039185851 -0.000836382872326798
0.050530170843394 0.019400714469536 -0.0266040592248908 0.0166006507663512
0.0498964844041193 0.0810507766291098 -0.0738382316642838 0.0557828955878332
-0.0492173220010716 0.113130150973367 -0.181540434831782 0.00677772157586497
-0.101843746879167 -0.0392004234561313 -0.188556403552386 -0.148597817646366
0.0458757466243262 -0.0865326080956361 -0.0218444293654888 -0.256253216235145
0.138546687022253 0.0290280386668694 0.0291023488463661 -0.0207467825368185
0.105576452709444 0.0170894790827268 -0.037988558481638 0.0283705599987891
0.00236066517298764 -0.064238898881129 -0.110556597313144 0.195157839718433
-0.0683465649576339 -0.00220549118070044 0.023347209537622 0.218113148152086
-0.00923032526775035 0.0691337351198754 0.103763594606264 0.11416312859327
0.0306880444763936 0.0148020865620094 0.082901884225387 0.01576759512547
0.00353666647456969 -0.0158563439315323 0.0498238491452635 0.0018875543309729
-0.00235099385777646 -0.00758493855343327 0.036064214235372 0.0104167109439862
0.0131412005779638 0.00114795991383996 0.0153728231957138 0.00727727686499217
0.0279197455591836 0.0119999661118971 0.00232408650695288 0.00456716047517732
0.0345976394278393 0.0485681295447289 -0.0020715736746489 0.0323244087475171
0.000941438834099987 0.0965769699251764 -0.0648450955991744 0.0911310894667833
-0.114207146334247 0.0620380529722665 -0.222953908337388 0.0251909800890981
-0.0751125536627893 -0.127610554929104 -0.230855116266909 -0.199557905400103
0.125613838797117 -0.102985988967068 -0.00144290806583748 -0.3237655016118
0.175498927035009 0.0578154940131695 0.0210118204294941 -0.0576803617401751
0.0814607225478541 0.0116508787471737 -0.0164529743161661 0.00244186867284761
-0.00883090966154084 -0.0274557661682071 -0.0680323339646381 0.139140889003211
-0.033145648642563 0.0255576352776276 0.0168284042077659 0.189682723421168
0.0269071154591595 0.0443003825708215 0.113296252132031 0.118469933046677
0.0353886461257339 -0.0184241723263398 0.10785124110002 0.00390081245787831
0.000774787620627329 -0.0347605812500215 0.0609257615586129 -0.0178125140025795
-0.00710395032920742 -0.017579825368288 0.0316635728275715 0.00336971092610201
0.00394510177375394 -0.000561343953979547 0.0144567675437141 0.0115520569251439
0.0146945027236608 0.0200690815952899 0.0143073811180963 0.0159648184225821
0.00572314881877741 0.0531809843737273 0.00758236668217577 0.0637732821549089
-0.0434657677610662 0.0668947474520985 -0.0887115987111209 0.128188355769133
-0.119392975994361 -0.0214751883332496 -0.280741869349558 0.00214810386720965
0.00556029654123231 -0.162678064666637 -0.236445635262243 -0.291689744236771
0.178206382929862 -0.0596110981706809 0.0629757789702957 -0.381444544861768
0.163079414105036 0.0806342865458657 0.0146107725807166 -0.0925434371206043
0.0663432953606029 0.00776078723601751 -0.00515808552622233 -0.0250341712991186
0.00717473773833146 -0.0153312614731796 -0.0470265656241271 0.100594990927716
-0.00433510687367814 0.00992919200475661 0.0250316522538391 0.177360017108862
0.0233827226975431 0.00771500145968872 0.138061333812456 0.112025436818479
0.0215081369547224 -0.0310124543164477 0.13009188590676 -0.0187199478509505
-0.00239268735236103 -0.0331318118797428 0.0642813872994736 -0.039310767266545
-0.00884335824108302 -0.0166984345357121 0.0245928050316218 -0.00440811507538045
-0.00599140109989133 -0.00213605884979391 0.0114469569265902 0.0129294117489731
-0.00311347303968452 0.0130895189527294 0.016890850409779 0.0282018508421044
-0.0173048598785231 0.0254623076207628 -0.00251096372020761 0.0917838071192189
-0.047846811049382 0.00843683597509489 -0.132479259680558 0.138303676938026
-0.0540944360500667 -0.0750868675707388 -0.314892406651722 -0.0604916166183479
0.0797944305026519 -0.11049708460626 -0.186064616584713 -0.381542044421026
0.157135142022886 0.0166725859386522 0.153717418659631 -0.400921780524061
0.0996608495244843 0.0782337570243458 0.0160372470902485 -0.118453065730226
-0.000521732732242066 -0.0212784455817507 0.00377111834462169 0.0623093980988136
-0.0231404142592387 -0.0356174482013168 -0.256878446017363 0.305148999850108
-0.0567330234646423 -0.00892142296619963 0.0784596823279943 0.464168302745342
-0.0343964019281556 0.048447185118955 0.330950196012543 0.155673788914199
0.0104800597943487 0.0358361756068494 0.179005770926248 -0.129797425724342
0.0220798875847894 0.0156119856177809 0.0116779685800701 -0.114786605299187
0.0176595591693441 -0.000169955382985568 -0.0177729398019531 -0.0334289786116257
0.00828292501032453 0.00341226018893256 -0.00863911849856678 -0.0177894890601207
0.00418306571573001 0.00460454440857364 -0.0282118547069918 -0.00148039592483239
0.00855059375544024 0.0127771172992595 -0.067540574147384 0.0344158084733082
0.0021913298368213 0.0190916531553025 -0.130807317819356 0.0334302607685973
0.00370914016910046 0.0109366020707969 -0.157050660107668 -0.0753035987041535
0.00262598179700804 0.0183721965129063 -0.0619428711836627 -0.158631595647648
-0.0210810340268266 0.0285907473214464 0.0328959072799341 -0.120350106061471
-0.05381156664507 -0.0077251371943942 0.00499061380036983 0.041303603046531
0.0801240208404912 0.0123761688839924 -0.00771309668160146 0.0686416458447709
0.0664651028754914 -0.0736903261021672 -0.288704783563964 0.290374334243765
-0.0466350592654595 -0.0901119897209067 0.031188906859586 0.460092813865718
-0.0983280284046457 0.0235705049890473 0.285768168600461 0.181090826554987
-0.0244680687389828 0.0677201056217198 0.169144679245035 -0.0888405592047357
0.016999050385131 0.0485415385033091 0.0256204664854177 -0.0903321917215726
0.0252604070696056 0.020486196713806 -0.00172939588017428 -0.025547175496519
0.0171972571044712 0.00605452349268197 -0.00286590207112763 -0.0158949041873873
0.00889359860072957 -0.00736746541340099 -0.0267337690528139 0.00194522320816847
0.0184755797910203 -0.00953051406196121 -0.0682980520764571 0.0377887615451668
0.0324257161353484 0.00855536524660061 -0.132546891048163 0.0445494523954469
0.0373306380559999 0.0406793889820234 -0.170041152395474 -0.0591779719197952
-0.0083958281209912 0.0537535874648043 -0.0886627364976149 -0.151164419409578
-0.0367536574174249 0.0323908527855981 0.0206484120887216 -0.130828789305572
-0.0301342966600693 -0.00650174705869927 0.0163006091346706 0.0450554289400483
0.135488603475416 0.0309953102326374 -0.0324112284283149 0.0641931822197302
0.114245380774474 -0.105877373424732 -0.285786640647453 0.28835515995425
-0.0489540175917035 -0.136923285447592 0.0259961438989689 0.419381016799235
-0.131134601923853 0.0142773307689898 0.233101664272359 0.161668638706775
-0.0408188471649679 0.0822032808875633 0.130885567412654 -0.0517650003347887
0.00987866745229199 0.0608863582967827 0.028734833186592 -0.050490101457912
0.0239840026301022 0.0297833793800721 0.015457928719734 -0.00948861091309433
0.0229861741370504 0.00618059330980056 0.00377015045688552 -0.0120229456317057
0.0171722154777724 -0.0158827042819893 -0.0265739830020331 0.00233853582501168
0.0329418983074844 -0.0211664447125923 -0.0646011558312264 0.0310381077482915
0.0602131538658731 0.0121006308675658 -0.122639827379245 0.0444741059150819
0.0500779935556207 0.0754689380550953 -0.172340801625652 -0.0430597430949418
-0.0337866856532572 0.066764657378082 -0.114346171059788 -0.142379576896101
-0.0381265011707125 0.0127383362157165 0.00585481717947794 -0.157025700492193
0.0145961608165512 -0.0033180219291446 0.0293358362849749 0.0342765856392349
0.151749353291695 0.0299040078451621 -0.0521094550400111 0.0553698944818969
0.0976887083410775 -0.123411460696067 -0.240837673883961 0.281150963956248
-0.0730249558621595 -0.126961565408713 0.0365131297009879 0.347260622250174
-0.120869933596056 0.0366511178897416 0.174196009276872 0.128055866821432
-0.0260779562152722 0.0790757048258986 0.0903768756730229 -0.0173445519273136
0.00634165207160199 0.0489007333613379 0.0306044725899048 -0.013464142151473
0.0166426586504608 0.0258443328515784 0.0282179945248782 0.00473923479632556
0.0244095190109051 0.00511988280745741 0.00939890984201127 -0.00615707657509839
0.0263871617903421 -0.0152479380200656 -0.0236909520567407 -0.000247678394372368
0.0474382376225873 -0.0111889702434376 -0.0522375770775238 0.0197695891616406
0.0720560415146964 0.0404200102565079 -0.100517214130246 0.0412037290922188
0.0227277765438133 0.10974767040752 -0.169315756932351 -0.0222072438163366
-0.0748283727793068 0.0390853987017309 -0.143824518684157 -0.136970461493438
-0.0143421824159826 -0.0352939437311227 -0.0118809669711021 -0.197049086980485
0.0773564259788522 0.00502910882047041 0.0357074341944741 0.0113752090199012
0.135895213294097 0.019028768786147 -0.0544211483475484 0.0431563562207443
0.0441096652853576 -0.109110819531449 -0.172711163896191 0.246689374283432
-0.0881574851477405 -0.066740464677983 0.0347051463683229 0.269130253321916
-0.0696255879795325 0.0672790314798717 0.122202474605849 0.11101125509593
0.00610384958217182 0.0552152215207079 0.0716393979681392 0.00969103846549462
0.00567558146307163 0.0189284916607428 0.0384351409344536 0.00650604266013585
0.00771524622954264 0.0104429355228033 0.0357613410715997 0.0113095446136123
0.0217055066721752 0.00222917938029399 0.0134067128052909 1.11374462902286E-05
0.0327417098945613 -0.00456275492618379 -0.0141448556003417 -0.000805436499052471
0.052530827937399 0.0185657049116335 -0.0295413796011169 0.0152721765984409
0.0537583274083335 0.0804828753590774 -0.0732701876644752 0.0533577613875342
-0.0447599819614814 0.117571116270183 -0.17846099802638 0.00696388638695666
-0.106132775391042 -0.0346511208120824 -0.184862329889289 -0.146461460524271
0.0427075994001817 -0.0901417920359645 -0.0230934686722928 -0.2528502603712
0.140482370800853 0.022285243933375 0.0319395429500747 -0.0194033849588449
0.107362780600602 0.0108427052334089 -0.0391024945408169 0.0251656353628112
4.46585543378525E-05 -0.067454626407166 -0.110985330349977 0.191436860272931
-0.0711155059071252 -0.00192874695978772 0.0212121410508024 0.214829249867047
-0.00786616427134037 0.0714998715316942 0.100331345113454 0.114208121108964
0.0311449700347635 0.0162705010706771 0.0816018646962379 0.0184106102559634
0.00319983236821842 -0.0143332101552251 0.0510164301022888 0.00250907897278103
-0.000578561690507999 -0.00687923684295115 0.0373419538456089 0.00912203675843234
0.0150686299272242 0.000578182219760897 0.0159776895239299 0.00634144549363467
0.0296516762338489 0.0110997807145411 0.000537970859659183 0.00349879556965379
0.0381473505204772 0.0485518601176822 -0.00335840835799055 0.02956372406922
0.00576079091921754 0.0983945837367864 -0.0620064497133073 0.0878437971833105
-0.111258043672946 0.0688972738907277 -0.217412275729479 0.026861354946055
-0.082487776377264 -0.12406778058609 -0.227554108014219 -0.194306591213556
0.12138748850633 -0.108996440044602 -0.00494858191133993 -0.319742953403001
0.177325999333187 0.0499074274199614 0.0223909392967639 -0.0546572732618896
0.0823192022006088 0.00670538782940428 -0.0200392707462341 0.000483735505393303
-0.0104391882728633 -0.0297050471747743 -0.0711998796380644 0.13614779529552
-0.0348998311497187 0.0255191129365013 0.0145771678353707 0.188690418389725
0.0269644711727038 0.045372666703191 0.110684355784971 0.119074281126083
0.0347191016585922 -0.0175742718166521 0.10685070621343 0.00629609076528764
-0.000135427329457625 -0.0338472024557027 0.0621424963887408 -0.0167530451485033
-0.00561365491183637 -0.0171724135818806 0.0341012524800691 0.00237912644968447
0.00547828349812594 -0.000456121636384871 0.0162759817286705 0.0107590381537194
0.0176167095462638 0.0193023216301942 0.0137760603511557 0.0143225422240699
0.00965398074241202 0.0543034454259394 0.00895230397183732 0.0602982972942136
-0.039996957176645 0.0700686185280159 -0.0835254441802372 0.125878605335296
-0.119797130762415 -0.014506394440071 -0.275208084951284 0.00721782688814807
-0.00288370230043988 -0.161391951680543 -0.236051465230135 -0.283386528283339
0.175143833706385 -0.0662967779105899 0.0571873684089824 -0.376591932556512
0.165149169021556 0.0740014734020511 0.0137106936724505 -0.0881409910181923
0.0661949181964036 0.00441735002034537 -0.00980626938678604 -0.0256863038206947
0.00607252703860365 -0.0168602046446518 -0.0515887496652179 0.0996308475283113
-0.00591904196929144 0.00963679940991974 0.0228977683276885 0.177889288197796
0.0231163889626693 0.00871816019624421 0.13613701511948 0.112935241204897
0.0205076262988499 -0.030452339636156 0.129112620267325 -0.0172908787139906
-0.00270994832007337 -0.03218737132338 0.0657998902378851 -0.0389146029780152
-0.00806954330334679 -0.0160960180438803 0.0272316392077442 -0.00411627179213127
-0.00401559303084485 -0.00152504752015067 0.0134780128488088 0.011949181402994
-0.000855654515779322 0.0134965058151922 0.0174121296858844 0.0264725367175451
-0.0148811790905911 0.0269208509495873 0.000529072066973512 0.0882227840823732
-0.0471799354820636 0.011752667535853 -0.125641098707429 0.137325199080946
-0.0568853087559546 -0.0703683964331294 -0.309818887576955 -0.0531415062612729
0.0734895951083589 -0.111587700751781 -0.187880150305412 -0.373213980055661
0.156617453076088 0.0105343602696985 0.14643241317722 -0.398347385438841
0.100825196142158 0.0739114248303883 0.0142781580605195 -0.113303771698544
0.000224109885811772 -0.0229930042151201 0.00456208661411085 0.0580228429558715
-0.0238950279539932 -0.0369145828276731 -0.253628423971912 0.306707570383049
-0.0581383005901647 -0.00509449595971972 0.0845437665012115 0.459769534884149
-0.033679909729357 0.0493541818740813 0.328566119926438 0.14788669403565
0.0130187424145015 0.0345396237698414 0.173980840192076 -0.13085815860653
0.0202219769347846 0.015202485651972 0.00433404870182114 -0.109326843729385
0.0158328445176555 -0.00228373307752198 -0.0204813298216737 -0.0326496440105378
0.00873817592836345 0.00398370734790628 -0.016539028326854 -0.0175884024973234
0.00149391095644818 0.0061139384093185 -0.0320680362781704 0.0018535191997445
0.00598544150776294 0.0157124835289646 -0.0676042657096951 0.0331589928365391
0.00239197818034428 0.0193820189721622 -0.131948683279144 0.0341617556623224
0.00293437988520127 0.0116649039120468 -0.155871398631594 -0.0776772322764985
0.00465961863739578 0.018464751103734 -0.0606377478315538 -0.159012637831645
-0.0191858869357755 0.0325292587944492 0.0345780721224355 -0.122857018088628
-0.0538512985686037 -0.00857763211303305 0.00826493126464322 0.0409386615512431
0.0806147884479386 0.00952297686792332 -0.00559708423386058 0.0629634609936529
0.064489410388705 -0.0754559260862594 -0.287276775530864 0.289353782360514
-0.0494425318788924 -0.0895782009398821 0.036432825099629 0.455068147791739
-0.0978211572220268 0.0268600433452685 0.284805874802791 0.173332821363493
-0.0220663525090953 0.0683525562937581 0.163295414689104 -0.0900841191898055
0.0179210809931861 0.0481217986593216 0.0226436352521782 -0.0885656349552548
0.0252468438616495 0.0186729324620016 -0.00342031896781835 -0.024193436027149
0.0168207439638994 0.00515541462281888 -0.0057167238678977 -0.0155959793212158
0.00781068421427265 -0.00728134685439336 -0.0294013953723708 0.00321913500988408
0.0176931657819501 -0.010327218342889 -0.0699833180053889 0.0387045182742617
0.032182259306748 0.00716208075305358 -0.132935486665751 0.0439031457176197
0.0389269733387494 0.0394729800514414 -0.170228587055543 -0.0595828921370213
-0.00735599046924425 0.0543498914679694 -0.0877467843686474 -0.152952366765523
-0.0366181773962363 0.0333590355133871 0.0245151840493549 -0.131548589400336
-0.030104010791802 -0.00576977745585498 0.0229295468866587 0.0437610502209572
0.137246745308747 0.0258881917152826 -0.0307077352259527 0.0586079010754357
0.111523610285924 -0.110455445324573 -0.283957188118666 0.287392779979417
-0.0550440348734347 -0.136903743530115 0.0312400726103987 0.414371462802169
-0.131691289316293 0.0193291547069184 0.231345272735226 0.155053898819047
-0.037334958521571 0.084515531288689 0.125965638548487 -0.0510037943896432
0.0123963712246607 0.0610647631167082 0.0270550779623991 -0.0488473301360305
0.025321142677193 0.0289491694454134 0.0144839459662233 -0.00954938488023735
0.0234980309220534 0.00509368490242183 0.00173418136246844 -0.0114583975791016
0.0161099263752585 -0.0167176996463016 -0.0296766277381546 0.00321237167380181
0.0320964207800488 -0.0223581827774494 -0.0676326703069156 0.032124787029423
0.0611639092535408 0.0111429123659735 -0.123493149712119 0.0439533135076757
0.0531653615909561 0.0754018899465591 -0.172561480925118 -0.0434030541162999
-0.0332261831732357 0.0685770740579213 -0.112986698788513 -0.144790150093623
-0.0385012462697436 0.0119266115939504 0.00742723978078436 -0.158222666507838
0.0160064620386648 -0.0057814227797743 0.0351672593091806 0.0324478691759728
0.154869595953531 0.0236949012247836 -0.0505731262389069 0.053868335071164
0.0949486768504541 -0.128315746425696 -0.239159562468788 0.277053650278535
-0.0794259776524061 -0.124200228844893 0.0387701227791168 0.343676488396303
-0.120199534544505 0.0415703622523246 0.170946129299177 0.12334980929395
-0.0221027004772086 0.0817617234464006 0.0869698163677103 -0.0152644317062704
0.008978743986127 0.0494688314196254 0.0296275343015933 -0.0130038240148221
0.0187564475744965 0.0235306309071643 0.0282475575413961 0.00420058968304766
0.0269753359356033 0.00155575889846539 0.00689665810417357 -0.00670514152054374
0.0266920579528884 -0.0151879144795852 -0.02719482877706 0.00192781618053566
0.0492830967892988 -0.0120331790270944 -0.0549423195024225 0.0186004306017942
0.0737259825233541 0.0396867268913264 -0.103192773524172 0.0386012343961657
0.027399347713645 0.111511439550069 -0.168651801486521 -0.0219697267329667
-0.0777645669992811 0.0419742773786338 -0.142323592255359 -0.136976351054834
-0.0158694481838268 -0.0379266090410153 -0.0142683778035692 -0.196255059645469
0.0781293651528513 -0.000223598305406475 0.0423633333190223 0.0115927682191697
0.138207274237173 0.0126550836103912 -0.0539554648451619 0.0398944309376299
0.0412229806384955 -0.113824429300934 -0.172456088044223 0.244308635348429
-0.093855591593435 -0.0666404147357823 0.0351208068116239 0.265912623733715
-0.0685129136446209 0.0720154225521422 0.118422008989724 0.109641059549672
0.0100070283208841 0.0572026005689444 0.0691258346585868 0.0123500168568943
0.00744761937339461 0.0207439130820443 0.0397556895383706 0.00735369812272095
0.0103501636926557 0.0106931924501416 0.0374220314794371 0.00984999435256318
0.0236193345269526 0.000660576782558239 0.0125483133210472 -0.00130531095758977
0.0333907997820001 -0.00585813837432262 -0.0159689824907361 0.000194406287446475
0.0551692225110258 0.0172360595817902 -0.0329709121321507 0.0141692617786146
0.0575198030668807 0.0801338811977293 -0.0731941600985289 0.052175117732151
-0.0398336378270959 0.121892901779753 -0.176814826078858 0.00779210078864343
-0.110430944202883 -0.0299911421876734 -0.184411382694093 -0.14521308388433
0.0385684465709759 -0.0951859371450747 -0.0240338020101306 -0.251645225737527
0.143009185123639 0.0143566526075836 0.0342054648319547 -0.018584014578277
0.109706168465422 0.00520188381654046 -0.0400265872940392 0.0225283795325864
-0.0016858676001589 -0.0706392295376483 -0.11146156311558 0.19004833184058
-0.0745188752895968 -0.00151566581764915 0.0195710121714186 0.212779123595497
-0.00637691404031332 0.0737968247568694 0.0977539653227169 0.115115590486045
0.0323093271291664 0.0185121749524728 0.0812903924532161 0.0216831600943409
0.00338461586181393 -0.0117744265357705 0.0531503431635811 0.00319584796006686
0.00164004528276614 -0.00764058031028929 0.0394966438257276 0.00801729282288091
0.0164517118800371 -0.000739237954758186 0.0165168956007926 0.0052973569968828
0.032664615691367 0.0100179795655561 0.000329751859224384 0.00283359246900184
0.0426711379313283 0.0486690473910875 -0.00555079112248451 0.0274166223256997
0.010925851650976 0.10100364651789 -0.0598287870907891 0.0852957336733864
-0.108992959395821 0.0769567038431371 -0.213949097267644 0.0290621887214289
-0.0900683938509737 -0.120807295576755 -0.227826538007524 -0.190754691454208
0.117441098668971 -0.11533665015449 -0.00949508214600419 -0.318222712244134
0.180785754466581 0.0421947765638019 0.0240518583980267 -0.0532114112660146
0.0835221924783818 0.00229306369614198 -0.0224329049651038 -0.00189696339000683
-0.0113165458585638 -0.0321247434045246 -0.0737510861206139 0.13436700419365
-0.0372008369980034 0.0263187611641516 0.0127476714430653 0.189583890461903
0.028861006905644 0.0467597670666953 0.109316613432802 0.120433334479417
0.0349362070066491 -0.0172252096577766 0.106839720391134 0.00845485739900118
-0.000638996686737411 -0.033222351480308 0.0642347123504441 -0.0170908064822927
-0.00453132967788722 -0.0166517402777895 0.0363453046117159 0.00192233731547286
0.00747014063328949 -0.00064946937223861 0.0175785128871292 0.00956698059897582
0.0194965121048192 0.0185434740094095 0.0130953884027508 0.0132431739695395
0.0139491731187986 0.0550892083780454 0.0101690971810242 0.0573540989964829
-0.036629474148328 0.0739238403734429 -0.0789601916469676 0.123829852208769
-0.120318564746755 -0.00707830125985218 -0.270335139038024 0.0121933593727519
-0.0107364517887181 -0.161012225630033 -0.238084883219246 -0.277994617508478
0.17330692007042 -0.0734208422850328 0.0523352367370511 -0.375664267010518
0.167899894248412 0.0674294012225268 0.0137457727999596 -0.0843119489943504
0.0668509915250215 0.00139342667371228 -0.0143857146702136 -0.0263954736605023
0.00455818476088802 -0.0184680913366926 -0.0553626424004833 0.100130738002306
-0.00730996957161188 0.00956727733433686 0.0211623988748492 0.180203008170353
0.023386188025463 0.00979566050627995 0.135583613970891 0.114090681890443
0.0197126668874372 -0.0300774821716166 0.129992420706317 -0.0157793845363791
-0.00397897263184649 -0.0316345310440796 0.0674949239190051 -0.0388518986121573
-0.00655397057206815 -0.014948133497068 0.0305418306110868 -0.00545103053022987
-0.00290633575941862 -0.00172222931196203 0.0159341104180874 0.0114638555078277
0.000762616882957151 0.0136006728378052 0.0176900964241237 0.026075487991053
-0.0118697995017335 0.0289301477797171 0.00328054533974682 0.086008829037187
-0.0463735019429046 0.0149124807693609 -0.119364448315223 0.138101839526318
-0.0601374378260343 -0.0661171081485365 -0.305713634235285 -0.04607296058976
0.0672155919910967 -0.11311422465699 -0.191672508864166 -0.365170799107124
0.155836275048983 0.00508363520639381 0.140948444661498 -0.397500750055717
0.102240081827695 0.0704240721522403 0.0133702198607194 -0.108734996958075
0.00221291103799198 -0.020677227362399 -0.00266236921489389 0.0529059322328139
-0.0180790674852711 -0.0426465850271879 -0.306641923979394 0.247368464709496
-0.0577002815878729 -0.0195698048828497 -0.00639534728504821 0.460136381963339
-0.0431110525538572 0.0401075371506405 0.291313528316221 0.202061632147825
0.00377308003066384 0.0403297860992419 0.189283707790947 -0.0943181236616219
0.0159437212679771 0.0194481537191002 0.0283378031629254 -0.105892511444568
0.0142046092648803 0.00310901630944853 -0.0133360946347119 -0.0343772318449736
0.00727924010220987 0.00540393479147057 -0.0108483479330044 -0.0197934592515193
5.80036718246502E-05 0.00896404620197892 -0.0353636268403615 -0.00514021888413523
0.00590492430530798 0.0116826189438213 -0.0778109193195037 0.0215866143159903
-0.00148768250729969 0.0180717112786331 -0.136705669742195 0.00336904438822879
0.00210689975776498 0.00972477060473134 -0.137571776542749 -0.112005305306026
0.000632363240656852 0.0219072548432196 -0.0237151997263381 -0.171246722230781
-0.0268685882533085 0.0261087366534423 0.0652054631203951 -0.113644236712446
-0.052315241976682 -0.0136819685657697 0.0102925771184932 0.0438480554180823
0.076433810472762 0.0228656728441874 -0.013906029533119 0.0554826471288198
0.0739780525030238 -0.0681292512322116 -0.335117037504008 0.22931145280693
-0.038182688385271 -0.0990032749628961 -0.0496063431834283 0.445222139110432
-0.102017368283938 0.00874005644428904 0.242211016901447 0.218185479584469
-0.0349486158894382 0.0647210944738295 0.173273196518476 -0.0573709417145304
0.00950378827212001 0.0506369309791014 0.0360897435168374 -0.0809591738193597
0.0211386518916981 0.0219607607737699 0.000791250144761579 -0.0237220276672768
0.015779737264239 0.00778247611341402 -0.00390927901315553 -0.0157587685439953
0.0085272597471847 -0.00541111374464497 -0.0328310799040595 -0.00200199233351653
0.018800225262034 -0.00672520934758141 -0.078144417221645 0.0226650132571508
0.0302483648980098 0.0134506893699991 -0.137685830000114 0.0149166589245289
0.028845427648864 0.0476160732847494 -0.15334980176848 -0.0955502081618541
-0.020023875524981 0.0521824981799214 -0.0530866647482852 -0.170260903137831
-0.0431049926272324 0.0239959551960476 0.054662156879103 -0.128081884815397
-0.0280577471650387 -0.0116964814539853 0.0193595666047326 0.0498222332099246
0.128543363082783 0.0486403441736684 -0.0374306277566257 0.0473685693912934
0.125333796328338 -0.0947369163506512 -0.330105766094547 0.231194549625214
-0.0367002905628852 -0.146672681853839 -0.0470284887117033 0.405356324461397
-0.132874735724571 -0.00308312386051069 0.192560240379757 0.189710754145991
-0.0515655986856152 0.0771356996676647 0.130347605533699 -0.0268995724069621
0.00143245813384108 0.0628031192940088 0.0337198484861183 -0.0415826954689508
0.0210475729398733 0.0319829414599674 0.0157180194715399 -0.00611083838938092
0.023006461630321 0.00882349515840944 0.00100491960871484 -0.010814644747651
0.0194250956251936 -0.0132922148350636 -0.0324415426482561 -0.00199780247152675
0.0356595301002147 -0.0151540111897831 -0.0744064222040795 0.0158813714111656
0.0581167603720876 0.0230564133439143 -0.128249907169709 0.0162316580720101
0.0358320498103754 0.085492515681487 -0.157955043682035 -0.0787261189250193
-0.0508212494944473 0.0604055900135825 -0.0808100310646021 -0.166097985060259
-0.0411233417015093 0.00157164399632435 0.0436600508994652 -0.157076905874021
0.0184691284661489 -0.00473233915452283 0.0338134755204286 0.0409384731172376
0.146087050334476 0.0464987506461139 -0.0574157940834275 0.037701615054835
0.110906524804787 -0.115777224193399 -0.282114453351122 0.230914473751624
-0.0601199234211122 -0.140818717764839 -0.0279250631547558 0.33415545277486
-0.126144421092325 0.0207680366677823 0.139765191934498 0.148688043887439
-0.0377513463070393 0.076891236934688 0.0854910682444262 0.00291982774162063
-0.00049218571405482 0.053149704260639 0.0292010563962573 -0.00265626999644399
0.0139649311464534 0.0264663475262894 0.0277158761438659 0.00817643183967401
0.026916666092915 0.00665912586679932 0.00697429011990994 -0.00480982699910344
0.0282058831351047 -0.0117978883615753 -0.0287003752580287 -0.00426979093777345
0.0516590756117981 -0.00390826120845146 -0.0614877538250004 0.00673476719224486
0.067028443326556 0.0533571330182778 -0.10395743995594 0.0166814309166333
0.00229969712612999 0.117414447771636 -0.158279448594 -0.0539448232905472
-0.0890114341994902 0.0285448939423344 -0.111735732082271 -0.164485609454414
-0.00986939571160227 -0.0449677768183109 0.0327654793227449 -0.197091764951926
0.0803272847246064 0.0133124461835683 0.0423662933494433 0.0218299738036844
0.134762299223429 0.0339235744331545 -0.0589179782298822 0.0272288234085479
0.0571172683307239 -0.110277433640678 -0.210853339006386 0.206050157503584
-0.0856358730955178 -0.0843135292975643 -0.0188834634994332 0.260318634170011
-0.0813182255821845 0.0585112131401021 0.0887838979744211 0.128760477215932
-0.00128919242368878 0.0579885871723632 0.0631444658952277 0.0276825000335535
0.00341058546309313 0.0227857518024949 0.0384179017589543 0.0164224387913496
0.00926556324649474 0.0113734477536308 0.0350157401179779 0.0167751864391469
0.0247265991598079 0.00446209508043063 0.011424931644398 0.00119791670328162
0.0344678634350733 -4.63319087924707E-05 -0.0181264452323536 -0.00362847879351738
0.0524862373482761 0.0284649853482475 -0.0366618810932239 0.00603648403558512
0.0425928524302972 0.0913621404647927 -0.0800473994935716 0.035035305705295
-0.0631471294796023 0.114344155406546 -0.173430661057366 -0.0274313759321179
-0.107226757840525 -0.0525635300960619 -0.152621574298956 -0.182656314420303
0.0545704141943203 -0.0899111844931745 0.0306868141190163 -0.255017192643964
0.140098074246329 0.0404915822098222 0.0430276217274583 -0.0085875281006189
0.107783788320488 0.0223387644176463 -0.044038251891023 0.0128771739996029
0.00887790076935313 -0.0750118467833104 -0.145430933330141 0.161889790696166
-0.0783703003491709 -0.0170614284313886 -0.0267205691410696 0.207091481414531
-0.0223380107007458 0.0702884144880993 0.0678371790205556 0.132281141693217
0.0274813308698559 0.0254277152489505 0.0738532813523606 0.0390289155531001
0.00527225419091539 -0.00923338478697404 0.0537895846723584 0.0153680675001465
0.0032329009245028 -0.0063518585567072 0.0386753776899866 0.0152899310259983
0.0183338450160304 0.00221402676072211 0.0149017196309851 0.00856569090746747
0.0304966292769826 0.0149001163110828 -0.0027103935833452 0.00319210381238848
0.0343597205642905 0.0563469320013404 -0.0116787453583768 0.0238123961653519
-0.00710383879101765 0.102275456697401 -0.0741336679213627 0.0716792921184382
-0.122131971367583 0.0564890817485792 -0.215974324851967 -0.013611242722603
-0.0692321007289607 -0.137278668174724 -0.186533588855176 -0.237012114233967
0.135330206314775 -0.0935363975688649 0.058880233945804 -0.318073884169927
0.171083395838216 0.0747401418516467 0.0380033332085779 -0.043986970053256
0.0831298671890085 0.0147366975687209 -0.0242110922624856 -0.0068686538501361
-0.00683617076689392 -0.037677067295922 -0.100631881426794 0.116616272767573
-0.0448707324542148 0.0160981301942472 -0.0296459427027246 0.185476872852932
0.0153220471924155 0.0500334526041041 0.079432880600764 0.141242671491028
0.0343884827225859 -0.00841353588420491 0.102262431170866 0.0310419535824092
0.00395962401771478 -0.0299674993291695 0.0702258309019575 -0.00311070753967791
-0.000235832743128494 -0.0178640338432922 0.0385851523450101 0.00813497442160066
0.00939569060342847 0.000207604016772321 0.016008728977464 0.0117446200830888
0.0170989142852865 0.0217757483021001 0.00987329446540878 0.0145166257266457
0.0049221468361159 0.0582025563668597 -0.0022851271157563 0.0556771866809221
-0.048724088764368 0.0666027240257489 -0.100235468945595 0.104370469891391
-0.115881216718651 -0.0259196843343791 -0.26900977582961 -0.0419355647448441
0.017252187522567 -0.162020560178141 -0.177761142199478 -0.325064992038984
0.181512398887105 -0.0416989323339343 0.130501541618154 -0.361667176298368
0.153399653217696 0.0983262828340621 0.0339580848858517 -0.0783104896104529
0.0653258949638765 0.0123078011854019 -0.0133788137935108 -0.0289555779333903
0.00711788958304734 -0.0195081374017865 -0.0778846776243944 0.0859953191588671
-0.0129225045456215 0.00660682026325645 -0.0180748143744659 0.180778998398656
0.0176353043073613 0.0143114825334774 0.108095289001151 0.141332284063793
0.0224363426065393 -0.0237396487009596 0.130297798631526 0.0115533918628578
0.0016911132696769 -0.0298209095252847 0.0772802909033983 -0.0239452841576373
-0.00347684914156231 -0.0161044297304509 0.0338742089446845 0.000525379587520925
-0.00139736837938192 -0.000987735103045163 0.0152457655608009 0.0133375683175703
-0.00103439117588241 0.0141781821826608 0.0127919951611056 0.0279906645863835
-0.0164740117095396 0.027187374921622 -0.0126995288561795 0.0820777793566436
-0.0480877216831244 0.00779487913834853 -0.141854297983958 0.110041549156628
-0.0467580965687451 -0.0720261854638089 -0.289591082863655 -0.107764470328994
0.0854124891642439 -0.0991943669469438 -0.114031976983428 -0.401914099819295
0.149391847232457 0.0320393548856289 0.223793608292346 -0.364469691337934
0.0864857434437963 0.0883825737428022 0.0377323365564559 -0.101925847056046
-0.000134571529964772 -0.019250900648633 -0.00182402613862544 0.0452592052952558
-0.0199069298033054 -0.0374174006876285 -0.301549478849147 0.247114368392403
-0.0594240479314082 -0.0182147584604441 -0.00243741864337792 0.452740154467653
-0.0414832358455777 0.0420482670733069 0.286154273676885 0.192831382092434
0.00592304755295085 0.0360087864889122 0.181891507354794 -0.0953816353504279
0.0179349271396075 0.0165853869769834 0.0217236881468495 -0.104707976903612
0.0134560747248366 -0.00265541516517443 -0.0148496933176809 -0.0303055947889676
0.00462596355774414 0.0039338334317884 -0.0109235379301742 -0.0179873918141721
0.00167431098815312 0.0050249602353065 -0.0377311002922991 -0.00356591017110982
0.00725759358722091 0.01234376813327 -0.078305794479419 0.0181458778048788
-0.000456642470410397 0.0172508879042948 -0.133917738919847 0.00733449443638309
0.00576417572376925 0.00927113091357048 -0.135357982789759 -0.108235553732963
0.00147491673829784 0.021644267722509 -0.0246623677018857 -0.174440923882592
-0.0231941414584931 0.0259050548455647 0.0652073706292636 -0.112455268114548
-0.0540376791282825 -0.0135810829463089 0.0142314608069758 0.0439794798300028
0.0764763298270214 0.0201278658768906 -0.0113041102192399 0.0498072648013781
0.0712088033074806 -0.0692433249216575 -0.327324286959688 0.230606996372032
-0.0414275289799635 -0.0978529897013377 -0.0399987374303305 0.438280841730187
-0.100266565002144 0.0120694815625997 0.240384335851213 0.207430555938403
-0.0310853470454895 0.0644898912892511 0.166785946358841 -0.0584604227628011
0.0108821152109243 0.0496774322696492 0.0326481226158188 -0.0791189158759652
0.022120205654153 0.020426886245791 -0.000217265428294594 -0.0226880645285605
0.0158433247767559 0.00723929522557707 -0.0071501462121681 -0.0150415210019282
0.00788642958073525 -0.00516435267066765 -0.0356933475565456 -0.00106004976041553
0.0176263447845931 -0.00778416648963965 -0.0801112274537444 0.0236836050695856
0.0302988517500853 0.0122883569437522 -0.136940223194582 0.0159077475662918
0.0304221082621485 0.0459562713916182 -0.152304345312174 -0.0946477784253085
-0.0193385054863834 0.0524379724970743 -0.0516898096961458 -0.170029100846675
-0.0416934702352936 0.0242033543266478 0.0567690582098559 -0.127654593242023
-0.0274290180904611 -0.0117659567086006 0.0258909795397382 0.0481395758566555
0.130128370120287 0.0426817006963619 -0.0351749916875274 0.0420012064764722
0.121298745819017 -0.0989921121280116 -0.323441893302481 0.230781197732177
-0.0426218603350102 -0.144811979596597 -0.0391445342105563 0.396213144979695
-0.132661640433759 0.00187969827558801 0.189757775346964 0.181937906052275
-0.047416718590643 0.0782357024228579 0.125256371970497 -0.0265468729053196
0.00448961707061913 0.0626142927602305 0.0321794001453611 -0.0402482360721746
0.0221571560417308 0.0311210162809879 0.0154520884271396 -0.00608332732899302
0.0233391128107446 0.00751008167924859 -0.000589297508800467 -0.0107671722248659
0.0184437746559386 -0.0137586043944019 -0.035090465455824 -0.000701575403017761
0.0341223414907337 -0.0163801363375989 -0.076888061152637 0.0178007652628492
0.0579316158710023 0.0212110341529858 -0.127452367545546 0.0169676712566249
0.0385747199902007 0.0841155813801705 -0.15769761675314 -0.0776469487329571
-0.0495758567805303 0.0618747808880293 -0.0799551653010405 -0.166153937621194
-0.0411381736553178 0.001027730708998 0.044090102797047 -0.156250500263619
0.0188414276787282 -0.00685458794045237 0.0397989153502964 0.0398007823142691
0.148163255549139 0.042174510131565 -0.0545804685762401 0.0300381816720245
0.106477602965276 -0.119409405704622 -0.276647557363296 0.227794373408409
-0.0705565362710889 -0.137710039236655 -0.022522285397808 0.327325989186156
-0.126387597451562 0.0249577224950565 0.133846521138004 0.14477388040565
-0.032581698595201 0.0780042618209234 0.0825261877063688 0.00184784634956009
0.0027081990047253 0.0518918107137826 0.0308533304428479 -0.0011246113408818
0.0182794640768979 0.0281530304191933 0.0290159658653541 0.00664298419694718
0.0265557383997222 0.0069229049690733 0.00333190388648276 -0.0043658556400498
0.0297861263474794 -0.0137005645111895 -0.0309035143290089 -0.00224141246774083
0.0502586067719432 -0.00588046357124942 -0.0614702672669927 0.00803085687991942
0.0681010721255201 0.0514800496906951 -0.106868854332618 0.0163826998103533
0.00719450861870393 0.117589661281336 -0.157822531309175 -0.0546580077470867
-0.0915891988420349 0.0287817093876033 -0.110294712082001 -0.16353174566869
-0.0144028120356639 -0.046740533246369 0.0311736117564161 -0.19474979918123
0.0818532299849498 0.00959439021551748 0.0461760817353669 0.0197958662032333
0.136040400767668 0.0270750381153546 -0.0572961985620665 0.0223382713783486
0.0536503690446957 -0.114138007005976 -0.208609443766525 0.204433256152003
-0.0908016494949634 -0.0823069035357996 -0.0178444968168693 0.254725254561123
-0.0795737946031728 0.0610922104517033 0.0858601629232112 0.12491364636835
0.000608800055954557 0.060318594600307 0.0622811490963231 0.0291339242115649
0.00538989384265035 0.0240090148965639 0.0404984657127415 0.0179527365394327
0.0118216862756095 0.0119894124670845 0.0363382627017983 0.0153463404188955
0.0263602590676186 0.00300103869778675 0.0116123238112047 0.00104693226069451
0.0356797370112162 -0.00178076072202998 -0.0187705843060872 -0.00254585042824047
0.053883395885548 0.026728114851991 -0.0382915164115058 0.00531737946242332
0.0465702733706836 0.0901896250057158 -0.0796489654375741 0.0331716460389571
-0.0586328308589237 0.117884377335203 -0.170815398313951 -0.0258584087600826
-0.112141891574766 -0.0474527218174089 -0.150880220484294 -0.179370843554857
0.0507953850473261 -0.0930809006848489 0.0273581369902527 -0.251350688179864
0.140995719892385 0.0326752263790681 0.0464252855018842 -0.00857948944960415
0.109190964656078 0.0157143646354741 -0.044589881898612 0.00923713167453082
0.00622355570094163 -0.0776386169779673 -0.143461127317124 0.1599994949353
-0.080726248099375 -0.0158439644780063 -0.0272173899251597 0.203401424948533
-0.019933562543281 0.0719393035661198 0.0648233620586508 0.130961425741728
0.0282003408373393 0.0248301826507174 0.0732085649532206 0.0411797332952006
0.00500902266797801 -0.00805136975174797 0.0556582328284092 0.0150932296519546
0.00408212280273709 -0.00622257911412 0.0398526243463119 0.0134499789512508
0.0200951223926774 0.000936725714849768 0.0153226701343887 0.00730888366097903
0.03195226906726 0.0138438408767471 -0.00343605915508595 0.00283367158976346
0.0376737001512565 0.0558578995307613 -0.0127106763721417 0.0215939549347064
-0.00279832379710393 0.102823257276914 -0.0708789460361382 0.0679166164363547
-0.118066127326697 0.063573235425734 -0.211240508620691 -0.0101362026557004
-0.0765215514044984 -0.132671046059544 -0.185352301597885 -0.230488279122976
0.130331829843285 -0.0996487518395339 0.0539342923786924 -0.313265551200957
0.173228953595505 0.066334627299943 0.0393996103856991 -0.0419938462982514
0.0837909381761579 0.0105045103023403 -0.0264508867952441 -0.0082349699194638
-0.00855594471383597 -0.038848295092326 -0.101537627095372 0.114102272130675
-0.047018906956244 0.0163854525841964 -0.0306605033710963 0.183468337480844
0.0163027169791593 0.0505197153910238 0.0776059252952977 0.142428839401557
0.0343486682014221 -0.00726985257827836 0.100345327402527 0.0332742094538424
0.00317041696346565 -0.0285624279099811 0.0699294295098136 -0.00454203242609961
-9.75249957731854E-05 -0.0171958079972067 0.0390659253938014 0.00737316185021788
0.0108676265468878 0.00052774580635562 0.0178509198600268 0.0101886434803627
0.0192698228974315 0.0215147518662898 0.00986344762351926 0.0133753691403045
0.00838437140437322 0.0580923855925481 -0.00090143843352361 0.0526267053120366
-0.0450148569151664 0.0700670916182562 -0.0948891586650298 0.10296283537061
-0.116463967764676 -0.0191030870974403 -0.262688792594806 -0.0364466267716998
0.00878608873164542 -0.159541249454666 -0.178690784294006 -0.316153596064686
0.17782501730124 -0.0484595365480955 0.123475172140023 -0.358379331185792
0.155451160545836 0.0913985889164733 0.0338663923324364 -0.0735559184059617
0.0660048749249998 0.00928610683119801 -0.0166435661522453 -0.0292516126996898
0.00624452010544239 -0.0205276201698518 -0.0805175015655658 0.0853651158827475
-0.0144888423832101 0.0064420457769217 -0.0192253481985353 0.180532809890067
0.0175305608282339 0.0146043651884539 0.107418844283776 0.140957061664127
0.0206977116431107 -0.023480836875816 0.129163735743022 0.0113924459872411
0.000538523514104892 -0.0294220621283507 0.0785151375186229 -0.0251646909644564
-0.00324101241136475 -0.0165112881492124 0.0365853815651118 0.000123353022281814
0.000654765168286655 -0.00103924071294715 0.0169643507692354 0.011735882581765
0.00130706548492693 0.0150162791365041 0.0134361870413983 0.025939994002929
-0.013950914810536 0.0286016393361561 -0.0103733628132038 0.0791183594834775
-0.0471721185960097 0.0110778204051027 -0.134601415522066 0.110572103541143
-0.0494001456162676 -0.0670670647203251 -0.283790210111936 -0.0978052316725349
0.0787778412696113 -0.0996470010917561 -0.117378837870025 -0.39135223028886
0.14788812263839 0.0254642140773035 0.214114406855215 -0.361560561613508
0.0891213355538668 0.0839778390021608 0.035169357804497 -0.0970634215631342
-0.000733290571117418 -0.0164094709397786 -0.00180357296357534 0.0386216402478589
-0.0174489167649896 -0.0371536654199291 -0.294242873688415 0.241572531347275
-0.0569640365526135 -0.0188318456945546 0.00213036784331801 0.442485765715968
-0.0392156167037638 0.0414818239631182 0.280163168361289 0.18535515131634
0.00340301510723431 0.0326127540111582 0.175455952483644 -0.0937431003870029
0.0179521373704428 0.0139999616700425 0.0170417645071764 -0.0996452781981622
0.0114158642704497 -0.000111647620854504 -0.0166798519515374 -0.0274954752811051
0.00377411991656158 0.00621006053756895 -0.0144437615401695 -0.0151236588125388
-0.00314316075228873 0.00662872839568711 -0.038325632772807 -0.00290964235761956
0.00408475200560466 0.0112395842248475 -0.0822093999335738 0.0210894811421034
-0.00133902433156491 0.0137836399282462 -0.132348646626289 0.004135494656703
0.00153838969578576 0.0109114589932961 -0.131387510829362 -0.105926890682644
-0.000758286075716201 0.0198499213115386 -0.0197281779175977 -0.172907161530655
-0.0242185782547469 0.0269527360809958 0.069915277798238 -0.112894907859421
-0.0515314452276497 -0.0107501907583643 0.0188169481780416 0.0446682721813213
0.0765947431005296 0.0182774884092167 -0.0105568134173975 0.0434770922416753
0.0691528469682202 -0.0695954751499911 -0.322985540950331 0.224360253340261
-0.0438158399276373 -0.095509875694294 -0.0381100221260356 0.42854457617711
-0.0982185005437758 0.0132419609056124 0.234912228569522 0.201609325358264
-0.0289584878046082 0.062734812192886 0.16152114143735 -0.0585259727759119
0.0124150843259611 0.0480081956263808 0.0304780647417652 -0.0763894069573977
0.0219686654865231 0.0192566859648834 -0.000785827682683386 -0.0210990647249766
0.0155357927540875 0.00687344599916394 -0.00798762235823213 -0.0138940404255625
0.00674827877454383 -0.0057395633288408 -0.0378556550312664 0.000355859631071681
0.0155570845519986 -0.00764974343604218 -0.0818005507771759 0.0244946220830788
0.030350406999007 0.0114306856892844 -0.135887473023529 0.0141738215427495
0.0307931266841699 0.0440025010446893 -0.150322263646852 -0.0946403218450874
-0.019226449727803 0.0527555255136246 -0.0485384665466455 -0.170243352843514
-0.041512370727423 0.0237975827818505 0.0595734352190052 -0.126681372907514
-0.0269739625579591 -0.0112207675715508 0.0314961442577032 0.047089389379693
0.130259963577841 0.0382945715097144 -0.0338156402066022 0.0365567954117137
0.117961983565359 -0.100772680355988 -0.318172203130944 0.225709591666129
-0.0466551627605717 -0.142523356483087 -0.0366693074277181 0.387773086908356
-0.130868335766191 0.0054503884167381 0.184289038200182 0.175726314921721
-0.0441885962573941 0.0777423440055529 0.12074679008914 -0.0259180085854694
0.00655973537807902 0.0616104874957651 0.031413976080676 -0.0380066258530393
0.0228726041919278 0.0295842315409021 0.015250143350068 -0.00604364664278614
0.0237909985534366 0.00622607410633856 -0.00233640140101431 -0.0100153687393151
0.0173859314882595 -0.0138939014247424 -0.0367446961158233 0.00117741803963775
0.0323618249688395 -0.0166335707990731 -0.0784170294172748 0.0180034211188272
0.0577498882702599 0.0199866246857662 -0.126858220958252 0.0152230430721947
0.0400036509439818 0.08267079115874 -0.155430154988855 -0.0778277358940798
-0.0495577182482191 0.0620317281212356 -0.0773002834278061 -0.16617458971342
-0.0409622880858095 -7.34871077753309E-05 0.0463068249649802 -0.1548929796507
0.019849440463949 -0.0087996234484236 0.0443837129891564 0.0383343878028356
0.147779341890113 0.0376259816982726 -0.053834589246889 0.0265817878354174
0.104499928017967 -0.123692545999175 -0.273910866411565 0.222865635947639
-0.0735272903059584 -0.136095515144838 -0.0203553719878663 0.32164025674541
-0.124489451639193 0.0273934423309162 0.127553371413725 0.136760746573886
-0.0278501838508625 0.0778017625368184 0.0789565022785621 0.00452984083927594
0.00626624642847553 0.0526829743572049 0.030669925702022 -0.000763229993120796
0.019410091471111 0.0274743704091266 0.0266898858812466 0.00662068174414183
0.0273459687319576 0.00428847897678585 0.00411112672659775 -0.00663604274977953
0.0294473881460539 -0.0135318762944112 -0.0310657778672258 -0.00168941939001446
0.0497960349747141 -0.00251178025520127 -0.0649113510125177 0.00728048524530258
0.0681961915537699 0.0509112304228772 -0.104908394047475 0.0165998165238246
0.00998378143017059 0.117701196631462 -0.154713111838407 -0.0545029420372459
-0.0899217959430305 0.0310991673493258 -0.10659661746065 -0.165459275137268
-0.0147976810816494 -0.0483848206212966 0.0333763458299066 -0.193341351407125
0.081627172935384 0.00146129118425836 0.0515014910023914 0.0193181474042349
0.136296166146481 0.0228280509557809 -0.0587075794862723 0.0184684644001831
0.0508305286378984 -0.116090260535606 -0.205292505988196 0.199800277065763
-0.0940642822811961 -0.079979237188157 -0.0191691772737661 0.247868506766465
-0.0778812256914472 0.0641995735308062 0.0800051060851834 0.123789508534831
0.00338063961766405 0.0591531762174182 0.0601422092023544 0.0310887410827236
0.00703521561747209 0.0260960700519788 0.0411564633778083 0.0183693122319188
0.0129915820197331 0.0119574862279355 0.0370008967098231 0.0145942542718461
0.0273140347817468 0.00150238438896468 0.01046074882226 0.000114067031995479
0.0354933038659252 -0.00334070189020013 -0.0202161181192632 -0.00205053903874235
0.0543740557400714 0.0262353242128243 -0.0411595646248848 0.00436415057737156
0.0494082771948171 0.0894204549059025 -0.0794482910666617 0.0294124359584762
-0.0534426985352832 0.119721322956014 -0.166618306440204 -0.0255882155691546
-0.114256365203561 -0.0438801549700446 -0.147366651800483 -0.176834661017872
0.047667870425352 -0.0954824505875175 0.0283267734280705 -0.247209466279367
0.142051415293057 0.0265897138279919 0.0482836197243221 -0.00774210809955614
0.110419809712042 0.0110872695943474 -0.0453785775612451 0.00648492310827258
0.00465720185166439 -0.0800272608797709 -0.143399594462931 0.155947115046248
-0.0824618823271018 -0.0146037592939297 -0.0296513348804262 0.199193302597357
-0.0190522497108834 0.0736559399847196 0.0612823686200292 0.131188339207962
0.0295204930250339 0.0252961036734691 0.0717111859220466 0.0428217889541042
0.00551760233623582 -0.00605509446651289 0.0558820639599029 0.0145145374572996
0.00600599516974165 -0.00538742268633479 0.0400577315446807 0.0118573124498552
0.0215098725153658 0.000169237642399066 0.0151911034909053 0.00618977401855909
0.033345668322728 0.0125411208404137 -0.00502848408780938 0.00228781479365892
0.0397968047863442 0.0551970132409753 -0.0138734089272974 0.0198306125078986
0.00134244989813533 0.102760410528107 -0.0700456250633744 0.0640008479415367
-0.114588664469313 0.0681645836374224 -0.204703635507982 -0.00840432407000299
-0.0814927104396749 -0.128153469722125 -0.181164027957459 -0.225610322307941
0.125821721908864 -0.104329946442197 0.0520646414729087 -0.307135722708816
0.173071324198328 0.0602076355565597 0.0410410800796997 -0.0389282096685021
0.0844196608302664 0.00582703356044665 -0.0288265976617844 -0.00985108427303213
-0.00917366308548303 -0.0404757166002424 -0.102524304165665 0.112095213295266
-0.0483023391358474 0.0164886958634132 -0.0331860713838625 0.181800194170697
0.0171507672014498 0.0505175387244725 0.0751016417899365 0.142191305859305
0.034379061521893 -0.0062752588069124 0.10113197684344 0.0342408079939339
0.00284521310280391 -0.0275062769981636 0.0711947332288209 -0.00441953809846469
0.000371373963680964 -0.0161079369268026 0.0414455145492637 0.00603603426694438
0.0114246566436058 -0.000710479076209985 0.0184824653754671 0.00956937823936784
0.0216005569694473 0.0206830623884384 0.00899625756224073 0.0129901252448363
0.0110061781046523 0.0582768428032707 -0.00136977191802392 0.0496687885916973
-0.0414526923959942 0.0716114621718985 -0.0901737060716206 0.100065580787092
-0.115885529664615 -0.0133706592650013 -0.255528220928889 -0.0310627469492072
0.00151985918293603 -0.156277390872377 -0.175041678139097 -0.309367387037515
0.173260935863972 -0.0533006489161992 0.119685249389791 -0.352248550243265
0.154554895260687 0.0849482335405137 0.0341334761370236 -0.0703933070168394
0.0660432673915329 0.00657084408065169 -0.0204363897199091 -0.0299346961000959
0.00542605116342968 -0.0215057978868234 -0.0826587641377641 0.084959210602239
-0.0149771560964039 0.00574264334176472 -0.0224467387687077 0.178818276716645
0.0171736375145163 0.0150539138631875 0.105631265156906 0.141749798716196
0.0201725244514095 -0.0230910540220862 0.128276304738122 0.013396733087809
-0.0011543717972514 -0.0284173410536108 0.0788098894768548 -0.0256227476720925
-0.00283328671730719 -0.0152565351373779 0.0381933301462168 -0.00176414688887584
0.00205166235266893 -0.00107991476504698 0.0187603959814528 0.0107242484891253
0.00228956965138993 0.0150309098960022 0.0139722955597275 0.0258750168715422
-0.01238894568392 0.0296240005190768 -0.00814056852921503 0.0759302782086178
-0.0457866317317199 0.0141895410853732 -0.12837656125981 0.108526313632504
-0.0513880407377435 -0.0642916355002012 -0.276986916831827 -0.0925330168647832
0.0727343968542184 -0.100052991889862 -0.116565524436552 -0.381089136479969
0.145957038408802 0.0212462155026049 0.209444879637552 -0.356643924387433
0.0883781367400112 0.0803096910137522 0.0357540853012765 -0.0917848050295279
0.000602264314214926 -0.018354047461202 -0.000505135569011112 0.0334872223107747
-0.0189526773505988 -0.0359244184734185 -0.296015237742125 0.234705110785845
-0.0565072511816021 -0.0174607858856174 0.00126268987013307 0.437435907434969
-0.0351228863740961 0.0391783572710292 0.276416765974219 0.181541037329559
0.0070334566812551 0.0320025458110007 0.171495291432777 -0.0907406584628183
0.016040628333233 0.0140476825037657 0.0165363651024405 -0.0981788545841621
0.0111454978241039 0.000421923675357074 -0.0144266587836099 -0.0293161249928961
0.00326323576680355 0.00446636425077888 -0.0147244002396422 -0.0170817557638483
-0.00119099048121054 0.00734712129370656 -0.0420229601635501 -0.00128366862127821
0.00129763970047371 0.010723512851162 -0.083087668411385 0.0188819666877932
-0.00032694469269657 0.0152014656078129 -0.132719536176587 0.000952016474946444
0.0031083121327379 0.00959859883335204 -0.133132651602717 -0.112772661278446
0.00493490188535319 0.0207992171558118 -0.0164289512237436 -0.176067800698938
-0.0252239017124438 0.0295559560721409 0.0742175481007888 -0.111653412531609
-0.0544564679160172 -0.00836184700903431 0.0265319302136138 0.0418307226670639
0.0760308842961141 0.0166325049167186 -0.0108507151782922 0.0381233323328347
0.068669825119526 -0.0691708313052034 -0.323380255792613 0.2180555221308
-0.0452352075035153 -0.0948215220545598 -0.0408236214324461 0.422465173340761
-0.0976233275113558 0.0141670893271397 0.228894834404273 0.197851350202571
-0.0279505241589767 0.0625361566691044 0.157707777990795 -0.0551980757585423
0.0125142050084396 0.0469881612332184 0.0293448450642399 -0.0741060878086716
0.0206587546513165 0.0183126795096398 -0.00100471632527184 -0.0207448840655198
0.0148078612598965 0.0057586852758969 -0.0102476533508791 -0.0129755883604931
0.00635070968815025 -0.00479267648329809 -0.0401037549760792 0.00134188728098918
0.0144008865552316 -0.00816043125622797 -0.0828684476716151 0.0237714966565113
0.0296898931227075 0.0107451420183496 -0.136161984117253 0.011779774664154
0.0312994671176444 0.0435988325186181 -0.148553400524351 -0.0968180563030309
-0.0186093971709603 0.0522097352070853 -0.0449130119549155 -0.171936114496792
-0.0407860969868351 0.0233951685372101 0.0641619707648084 -0.125933623931547
-0.0261251286964407 -0.0115468050905963 0.0359947864941723 0.045786798548428
0.129492106794922 0.03603206683688 -0.033679518561887 0.0305087278759628
0.116811969541347 -0.102359363880597 -0.317892388370933 0.219197827858357
-0.0487951505391342 -0.141528800381377 -0.0395159447924562 0.38184046773702
-0.129964394295657 0.00681112836741988 0.178055223703465 0.174008869624654
-0.0424929059442737 0.0776347747867461 0.117572773946711 -0.0232468613120744
0.00767409328991227 0.0615652450413312 0.0308335693272303 -0.0364949755362284
0.0230575704293713 0.0285743396116026 0.0151563652248209 -0.00622703106625027
0.0240895265634487 0.00539142718179745 -0.00375924793072836 -0.00957844769955087
0.0167252938600847 -0.0141287321429469 -0.0386832366596518 0.00202121720301579
0.0318558793724594 -0.0164858198687813 -0.0801255198896087 0.0179461200146481
0.0580317633932372 0.0189967363218286 -0.127610810467901 0.0127686778028323
0.0412184637155743 0.0823896324964961 -0.15360979481276 -0.0803267136989392
-0.0503361353524483 0.0626765760936735 -0.0731476642504334 -0.168375060943424
-0.0415407481191518 -0.00184293929924391 0.0509461570097279 -0.153598925889363
0.0206679471799935 -0.0105103521808163 0.0486452471124403 0.037914414780168
0.14790405107985 0.0343824966940908 -0.0520064679105285 0.0217364197356066
0.102973349836625 -0.125072931584724 -0.271706568020841 0.214996496100889
-0.0746659075227063 -0.136445140229541 -0.0244206823178124 0.312940308842472
-0.12347212963747 0.0310435966525904 0.122368755106598 0.138816622570071
-0.0275945120867056 0.079855442194739 0.0761836216938653 0.00659945107251011
0.00627901652333529 0.0520535069344776 0.0310865606467563 -0.0014937312000885
0.0208616309757805 0.0266206068099707 0.0277247716133316 0.00748216542201628
0.0289472399128241 0.00303338900090414 0.0019076310122128 -0.00422107941930032
0.0282094316304441 -0.0145767542199236 -0.0353287470924768 -0.000717799015247104
0.0479441103555768 -0.00425172059728489 -0.0679726244115786 0.00733976957375513
0.0692549388984415 0.0511978265800533 -0.106447093521359 0.012490536668617
0.0127419037847506 0.117356395882026 -0.153138254885457 -0.0591019112901135
-0.0928021939101911 0.0327575172615459 -0.103342163406091 -0.166194360360575
-0.0141568368746066 -0.0485635851356631 0.0369762166147773 -0.193180195271253
0.0811495413643318 -0.00128433763472446 0.054278919788502 0.0189980578482653
0.137568114598052 0.0192472907820342 -0.0572707604469074 0.0133157912743883
0.050098450311801 -0.119176741910319 -0.206765694286802 0.193963518617599
-0.0968371835094777 -0.079752635545275 -0.0234906944417818 0.24201697911526
-0.0774418297699476 0.0652281366898669 0.0733043953913212 0.123724719629063
0.00556750902646765 0.0611205816728272 0.0570504129399145 0.0353222700990077
0.00763304515845433 0.0265747812651547 0.0420577147692369 0.0183853320776932
0.0138748236113097 0.0115823657132674 0.0373286232486475 0.0133394194427009
0.0285315723434809 0.000534423796748915 0.00985800799558526 0.000494556243135052
0.0354341394586141 -0.00350150947881098 -0.0219985208430259 -0.00128143233364288
0.0557398377085889 0.0255892887474559 -0.0431130343705498 0.00366867463227202
0.0514951486664148 0.0889356774714732 -0.0794942687228753 0.0261342576400379
-0.0522680858037271 0.121509780162726 -0.163335267193734 -0.0287967732452099
-0.117016829396849 -0.0406433677114095 -0.142074283371698 -0.177530910855314
0.0459186101716181 -0.097824632927851 0.0314662731612596 -0.243954878773724
0.141976439849394 0.0234894651041556 0.0517228950923604 -0.00581681988020348
0.111743143940675 0.00764687248313386 -0.0463411650935114 0.00363848930728978
0.0042045298780916 -0.0819770313028581 -0.146095496152206 0.150800257620876
-0.0843707326958208 -0.0149614241487942 -0.0356971776646658 0.196986775498173
-0.0187138852310312 0.0746576298349269 0.0549724126786713 0.133577435699253
0.0303428314262184 0.0262505709120345 0.0694743835189921 0.0467366936398656
0.00664603389075986 -0.00474581567721051 0.0571568030308965 0.0151733810575452
0.00763642383061295 -0.00558747522419085 0.0410306714832678 0.0108458791015373
0.0231414994545982 -0.0009083344929613 0.0157603150754857 0.00563715899004439
0.0345269941230123 0.0119156153878272 -0.00585925505057426 0.00153626064558037
0.0422302596813997 0.0550563533506229 -0.0164032149524792 0.0171193568987411
0.00415800219781052 0.103203958318873 -0.0691068429111985 0.0604128679361928
-0.113226582621863 0.0709747805573254 -0.200785873048284 -0.0108206612995498
-0.0849029762053831 -0.125788948414993 -0.175080398893391 -0.225270368022296
0.123457230633464 -0.105542153723163 0.0549079198565764 -0.303421035529582
0.173039399339385 0.0560462849254421 0.0439574093165985 -0.0363110871882629
0.0849540861461019 0.00312896546802611 -0.0307827662781122 -0.0113343182689799
-0.00950412033696906 -0.0417219828971187 -0.106571006356749 0.108133875901401
-0.0493851925555187 0.0163828343187753 -0.0388889875027161 0.180943355319823
0.0171382390677321 0.0525000909936504 0.0705007423057262 0.144695699635528
0.0329384335890055 -0.00580895968518501 0.0993688099913007 0.0372251518329215
0.00270532076431258 -0.02472657839474 0.0715253111906133 -0.0039842570660511
0.00119767584000897 -0.0150566405730234 0.0417137819906025 0.00489109767087179
0.0140294910237465 -0.000714266374627012 0.0190564459435534 0.00867396160224312
0.0227932866546252 0.0202539431248318 0.00884749823937587 0.0121692312621921
0.0139751875380573 0.0593073374614668 -0.00226835059481362 0.0462699501637872
-0.039633493907197 0.073468829991714 -0.0881590148871398 0.095966008483141
-0.115237823631444 -0.00983794242031688 -0.249671357855642 -0.0326276479675349
-0.00194265172665561 -0.154706680751738 -0.169661908782609 -0.305452036363702
0.171192324165957 -0.0551837785575858 0.120936262042246 -0.346643126942648
0.154627786549367 0.0819297250131598 0.0355488931948153 -0.0658477754366578
0.0661258562134459 0.00471150914570972 -0.0245546138732309 -0.0302018555552423
0.0046725525077683 -0.0233119736593782 -0.0866178061955901 0.0831120574606638
-0.0168599389822043 0.00683966038344521 -0.0261526447737581 0.179639752570531
0.0173924994804419 0.0164228974146358 0.101634320679948 0.144799779185563
0.019722414131007 -0.0219699773227405 0.126940426279841 0.0157721871119633
-0.00050362493732613 -0.0263866576469255 0.0802267555102097 -0.0263315749832566
-0.00148095936223459 -0.0149161996746957 0.0405124893493063 -0.00201465982121918
0.00301782932048995 -0.000644089969615941 0.0197901860496038 0.00964906007120972
0.00403011290443927 0.0154092846647556 0.0144625654284762 0.0241448584875619
-0.010572536314663 0.031325380718005 -0.00736000089735764 0.0728309450713913
-0.0451488136207532 0.0154775546412654 -0.124976953850824 0.104781969177168
-0.0515976188489617 -0.0606896404934669 -0.271519760051592 -0.0911268967117004
0.0695342703285188 -0.0992927343692727 -0.11065895997517 -0.377150711801051
0.144291664816763 0.0193354515372355 0.210440250291039 -0.351815086914163
0.0884167364449969 0.0777370966522933 0.0364599892094905 -0.0864061350612198
-0.00102003972893141 -0.0187838186783698 -0.00424339409946283 0.029076735409486
-0.0186653531792999 -0.0373961394175133 -0.304703524782034 0.231117485102737
-0.056474742587072 -0.0173596535179356 -0.00432639258553641 0.439755927018007
-0.0367013728632193 0.0386178191798612 0.272553040922762 0.185865970859141
0.00526009208059056 0.0315480580713874 0.174473553860928 -0.0906522378330371
0.0154956052881377 0.0158232664287713 0.0170165344417076 -0.0969737994841554
0.00804862853958195 -0.000753023965452101 -0.0160821082711611 -0.0268319163529941
0.00476016091138494 0.00421877522845289 -0.0161526016953981 -0.0160302553373443
-0.00342174634419273 0.00727113805991563 -0.043715272443777 -0.00128065076187674
0.000199210510808244 0.0138642730977642 -0.0844516237900634 0.0217851188688391
0.000185645411262971 0.0157586188376887 -0.133021261343522 -0.00134957311169386
0.00381277924614521 0.00883774721342559 -0.130229230520557 -0.119007243068483
0.00299409108520146 0.0216909735380478 -0.0100515743532112 -0.180883624003362
-0.025534257612292 0.0299008771278861 0.0791013223788496 -0.109742621415223
-0.0534252217836117 -0.00901743898235474 0.0305677034711852 0.0441173206163245
0.0768919857535536 0.0157792247283372 -0.0117863894913768 0.0327338912067134
0.0690369205794171 -0.0705495528160984 -0.332119388040479 0.213723056692358
-0.0464170682419717 -0.0954746031059336 -0.0452326103431691 0.424404588985923
-0.0984712635594748 0.0146921494523502 0.22621846365677 0.200834264202996
-0.0282490836243769 0.0627760299205464 0.157390535908598 -0.0540038893696023
0.0138004800403646 0.0472077174730294 0.0295345516352074 -0.0735240707631127
0.0211754551542701 0.0183022451683628 -0.000685540429726577 -0.0202264737992513
0.0148519669660531 0.00561616409474616 -0.0110983675249261 -0.0123207151915889
0.00600421876875801 -0.00503643455339989 -0.0431018743482285 0.0022567526570669
0.0145417835546697 -0.00851734119021599 -0.0872329408718053 0.0245588824704005
0.0294800412011894 0.0110537766063635 -0.139315332297724 0.00916544369848474
0.0320627342839343 0.0435537242850183 -0.14879934738659 -0.102459270880085
-0.0194174086892905 0.0540276485063419 -0.0403841333346436 -0.177331073058086
-0.0416753612651431 0.0232180080346089 0.0710908743081338 -0.127724863517644
-0.0264430415338112 -0.0119639759050611 0.041058935877093 0.046523090618717
0.131959902052407 0.0352788640210453 -0.034163004586126 0.0252379135014342
0.117544186596392 -0.104673555249564 -0.325381976145567 0.214854408639774
-0.051705567834317 -0.143310841048096 -0.0453067050362678 0.381510497759172
-0.132043245852439 0.00794586304950988 0.174149625181197 0.175875670550423
-0.0417712827896041 0.0781284554023029 0.117175462563828 -0.0213880799739214
0.00877644568463424 0.0620765698779499 0.0311108745823651 -0.0353943942825398
0.023815841132869 0.0284116242355423 0.0152047373733657 -0.00608445507598655
0.0241841585596072 0.00452983145287968 -0.0049217640805811 -0.00889921523949073
0.0169299482735054 -0.0146823009003705 -0.0415579267191806 0.00215104743353222
0.0311769047962353 -0.0167817941409988 -0.0840840897037962 0.018677457979059
0.0585825352842697 0.019375842824168 -0.130830995322726 0.0102895060080483
0.0424655440592568 0.0835391942614418 -0.154947446267477 -0.0856888229346461
-0.0523638760338694 0.0645059836093765 -0.069451047085266 -0.173528443625106
-0.0426134430582883 -0.00331371902807117 0.0581043355843721 -0.155167460594013
0.0215994532971769 -0.0125850519961561 0.0534540577806318 0.0383420721098525
0.151849329407694 0.0319105281833516 -0.0541931112834051 0.0154252377784015
0.105511879028956 -0.131344779445007 -0.280727533679199 0.212985244083556
-0.0772940730310722 -0.139156821455817 -0.0309206997510558 0.314157380788987
-0.125547615263502 0.0317082457086781 0.119676327949776 0.141216473291158
-0.0268968592871744 0.0794858632996649 0.0740869079651141 0.00793169232157048
0.00647235758874381 0.0544628788520925 0.0321426834966554 -0.00106646578974631
0.0197329767270708 0.0242259546594829 0.0287738862229013 0.00674375814838054
0.030505401261532 0.00187396358933305 0.00324366311338504 -0.00524612082088809
0.0295742548058529 -0.0152862155238476 -0.0359080584311581 -0.000848363819956038
0.0516399686544704 -0.00499713326664818 -0.0720388879960024 0.00761434946220472
0.0716298722533492 0.0510639252245279 -0.111092520292473 0.0103565831872876
0.0134585355412804 0.119772320481877 -0.155287013723089 -0.0627669223497048
-0.0964205361447813 0.034077361287747 -0.100747207028763 -0.171065939129114
-0.01665160874845 -0.0516066384620447 0.042200107484537 -0.194008652148943
0.0850576572234218 -0.00188497285067486 0.0605995889462517 0.0195188121987225
0.141314922637698 0.0165410470790166 -0.059931045566679 0.00841258798584572
0.0499724143502723 -0.122868273796148 -0.212033444257618 0.190141343272644
-0.100143011657471 -0.0809731908359664 -0.030263644508866 0.242751125110046
-0.0789017478020735 0.066772161540482 0.0684947655544426 0.126786983645633
0.00583277599265389 0.0615017179105994 0.0567816249555231 0.0383258346227365
0.00939924582387313 0.0281992276990353 0.0425067626026729 0.0188752575851551
0.0151657228759769 0.0117512156933121 0.0378505981797177 0.0131453448227598
0.0303569051998774 -0.000951944941596089 0.00893089173966967 4.85030669877317E-05
0.0372258397591616 -0.00460487857347069 -0.0242043185425753 -0.00172667265515245
0.0572741905511652 0.0260550728839089 -0.0467957507971791 0.00220987187218206
0.0533239206840552 0.0895729160641161 -0.0829954356059067 0.0233142537852883
-0.050864467081572 0.124971408816004 -0.16338408329237 -0.0325501959491936
-0.120318319297734 -0.0406684168248103 -0.139385339650692 -0.183239816739759
0.0452467451202797 -0.100769282784417 0.0366404272036503 -0.244528985575273
0.144755499402931 0.0207670005804361 0.0551280471450297 -0.00469608156068795
0.114036453931859 0.00495235699160969 -0.0482044095252006 0.000330838966802949
0.00369225852502398 -0.086251433125278 -0.151386930184333 0.149052525856675
-0.0880772670292707 -0.0145490364075352 -0.0420766956694745 0.197741628156217
-0.0190553525342461 0.076912661223003 0.0513724269784209 0.137015351716014
0.031151079012868 0.0277951163452827 0.0698332863000876 0.0505803509991195
0.00755794776597622 -0.00352319792258426 0.0585556299386425 0.0161201053150651
0.00814383645949005 -0.00547281647967735 0.041987484870362 0.0106071000298018
0.0250154968667464 -0.00183189137970474 0.0163135515211569 0.00450985678461829
0.0361157561248224 0.0117095842605482 -0.00654169044522939 0.00210357622537633
0.0447643991426684 0.0563697906117419 -0.018098982618769 0.0158445395812602
0.0061902706123366 0.105117592639291 -0.0709322853383009 0.057630495085111
-0.113293660624622 0.0745345378238641 -0.200514144749772 -0.0140944911394795
-0.0887424255848426 -0.125956074605298 -0.172157481027428 -0.229598989031545
0.124711326287185 -0.108999319695819 0.0600406546836433 -0.304112641081475
0.176141833975886 0.0545020681074334 0.046770096249327 -0.0344077619259849
0.0867639548767274 0.00114992670902054 -0.0328131331836649 -0.0139218423599208
-0.0103554301272286 -0.0456236902875497 -0.112114530720185 0.106637151945628
-0.0518049039401182 0.0170821024427738 -0.0456130058086449 0.182126540896694
0.0177084569837911 0.0537001313310974 0.0668139077364942 0.150189210748388
0.0340700995583677 -0.00531931950524343 0.100033495318694 0.0409768473198729
0.00373144108668311 -0.0241199276328227 0.0735710045951968 -0.00437500903044637
0.00236947241684076 -0.0154883462498845 0.0440789665504142 0.00338739971769376
0.015859507974845 -0.00124107006927299 0.020327574088279 0.00808734986302689
0.0243049806539209 0.0202436004316707 0.00853223860171983 0.0127247166863869
0.0161699956540894 0.060023089234923 -0.00386916638722189 0.0447645033146463
-0.0388994749960021 0.0756048500763794 -0.0891250703984651 0.0926370791342798
-0.116877912831496 -0.00688187094195912 -0.248489178913291 -0.03489664789881
-0.00561712516479521 -0.154507624118692 -0.165086786353706 -0.309269275057725
0.171940043805909 -0.0572894019229421 0.12781640506952 -0.347533692663973
0.15700621614737 0.0806919011070621 0.0391893593875254 -0.0624259002558322
0.0677872727661817 0.00271460122088106 -0.0270449261865475 -0.0311688749452345
0.00504076036516236 -0.0236092484889083 -0.0919584086381285 0.0824766986874172
-0.0179378565703807 0.0071230853133533 -0.0323945492735005 0.18282161515295
0.0176828657415832 0.01690232657467 0.0994206906168456 0.15075926302057
0.0196041491899963 -0.0213248429223446 0.12903544786143 0.0198380277716439
-0.000519250903153542 -0.0262711313133796 0.0820004558468726 -0.0260298309007838
-0.00122829814375628 -0.0149196579819174 0.0435664735588923 -0.00303024886074715
0.00478766787644827 -0.00125275584220886 0.0216001630966883 0.0083138930266135
0.00558396374837339 0.015803183314008 0.0153773420435673 0.0241158697303117
-0.00963431079182945 0.0328165888919164 -0.00704838706199888 0.071461416564399
-0.0458053167420191 0.0173783397941077 -0.124456986308597 0.102869775679658
-0.0530473639020392 -0.0587942423826432 -0.269297770529438 -0.0935665309106238
0.067111551039514 -0.0994035826546574 -0.106089131351278 -0.380260901779815
0.144781038048845 0.0186799660918506 0.217211282296359 -0.350777043138351
0.0884698099954255 0.0781230377392448 0.0395931528696954 -0.0826284220741484
-0.0112635396883237 -0.0164215322287318 0.011367264711797 0.02151731142244
-0.0340703022177737 -0.0149586222164553 -0.113469930133455 0.371206967588454
-0.0528056389980429 0.021807655481755 0.25577049023443 0.36517237218665
-0.00719641010063992 0.051710563738045 0.335530647458513 -0.0108351286674954
0.0201047049295627 0.0204795474290367 0.0853875571661327 -0.177238087907285
0.0215810387553734 0.000511622291436808 -0.045912015199614 -0.0876283989429698
0.00674430855073683 -0.00624636298090348 -0.0290620527548053 -0.0113473464170507
0.00513338634580449 0.00313931086023227 -0.0225304877556889 0.0010690590017661
0.00307604104314843 0.00872310443326122 -0.0393462716088195 0.0301851169481148
0.00854511970786032 0.00785690465911536 -0.059599534944432 0.069345411263885
0.00667556932565387 0.0127246505275739 -0.113903279924589 0.0808045595138863
0.00658950977125942 0.00458243623242502 -0.180449236283913 -0.0169401298287164
0.0150413973254646 0.0146143077431308 -0.121538497611151 -0.144894860581477
-0.000325382077735428 0.0405159659141431 -0.00346824807021389 -0.148898503736872
-0.0500652021257988 0.030256480727907 0.0585047684129373 0.0109114963807444
0.0734962549050301 -0.0313818495648312 0.00845518943507382 0.0247460545935047
0.0152479305593265 -0.0949858142994525 -0.1447132088153 0.371624097941441
-0.0930491074984742 -0.047760276958891 0.209576252811031 0.376906745587988
-0.0695779513452281 0.0675624974030744 0.3042310069976 0.0320367361535084
0.0130922283196161 0.0659451888681895 0.0951977727468998 -0.135789349548326
0.0390529640402313 0.0293428602906365 -0.0196028638903453 -0.0748264318395455
0.0273508968473969 0.00237590850693454 -0.0130534125493792 -0.0157506617943814
0.0149036621700393 -0.00495385019772098 -0.017510539593582 -0.00126135585714831
0.00153506724352903 -0.00761117910298922 -0.0348002344444089 0.0312222846498229
0.00602032051105491 -0.0145442301522829 -0.0585249668301832 0.0761965427315573
0.030208191170276 -0.00933858464145872 -0.110570412264127 0.0930167313411863
0.0530780366623727 0.0169940216807431 -0.188378019884952 0.00620310514134702
0.0160446541015883 0.0578571886067541 -0.144369548798751 -0.124259898964103
-0.020940232062544 0.0443368062258281 -0.0210592332494348 -0.154151986890889
-0.0295579430165722 0.00632278237102338 0.0686558993613507 0.0079984900384172
0.12994288469504 -0.0477511525764543 -0.0147081632475086 0.0292044840492914
0.0341641651927176 -0.151417030751671 -0.138328015448233 0.365790818745972
-0.126341766857535 -0.0838411082929442 0.182793128653219 0.339277807097124
-0.10111650682133 0.0833165935009113 0.244677931137797 0.0459212261861496
0.0121387464820884 0.0874767108443045 0.0826543301021535 -0.0846437136858827
0.0453464840443367 0.0446261023463588 0.00511377806155199 -0.0453985152988569
0.0365210708533738 0.00793860595236102 0.00907373331249335 -0.0147934184054045
0.0222980532939761 -0.0126429289680814 -0.010114053192614 -0.00342506657365125
0.00426284617093062 -0.0221097677758397 -0.0334722958586921 0.0303052770710761
0.0148299372077989 -0.0332530739429498 -0.0598818529595941 0.0700263389154657
0.0603710384657777 -0.0204130682911482 -0.103255914749152 0.0887555222630651
0.0870972107743108 0.044127950295254 -0.182963037419835 0.0229334352304533
-0.00630896742114638 0.0895140915032745 -0.165469910909872 -0.102756739162295
-0.0397152817687021 0.0219133911462204 -0.0495559728502388 -0.168902642317924
0.0100658327283785 -0.0264598393990177 0.0720920266966613 -0.00425503946438551
0.145255198280552 -0.0632387178971409 -0.0375711838860497 0.0302255815047857
0.00768827391267817 -0.164138012881766 -0.102912575779415 0.335093730181386
-0.147155911439405 -0.0625200752627742 0.152350836753945 0.278383582384694
-0.0815952973038857 0.10074119707626 0.178882012050358 0.0543994097317948
0.0256030698379432 0.0797519256862746 0.0698546248254001 -0.032915578790218
0.0402634420066767 0.0384724397745096 0.0286589778386768 -0.0179012700556175
0.0328205207146943 0.00672337586438582 0.0285629811585422 -0.0116309110658676
0.0248861467467429 -0.0179543633939913 -0.00169518798954881 -0.00438446814359302
0.014774578029902 -0.029981830927293 -0.0311522872404605 0.0234160375381222
0.0382227546053309 -0.0336669190137268 -0.0571869326911472 0.0523139267531829
0.0907791189462365 -0.00239647138905795 -0.0871490088577871 0.072775231420787
0.0868698516649321 0.093714985659243 -0.167953595016868 0.0396863788414259
-0.0631220082588792 0.0924412913201178 -0.189156647513813 -0.0815731363977827
-0.0514967159993415 -0.0360274432617585 -0.0852185831841558 -0.191144015756688
0.0702869902875067 -0.0607664662646658 0.0630966453586615 -0.0186916149030782
0.126718077484268 -0.0690942410270034 -0.0465515606305265 0.0320942727518616
-0.032796005278643 -0.130308543628063 -0.0644758188625097 0.279192862962601
-0.130981159723061 -0.00416109106692438 0.110890596472463 0.222114836161213
-0.0234700722184671 0.101545101157496 0.132554884868499 0.0723851740565299
0.0425920246281084 0.0462219638306689 0.0728099686999113 0.000220861095336516
0.0257110256276339 0.0168362951908991 0.048310845279038 -0.00965122098181574
0.0198763742311542 -0.00143444299006356 0.0389991808768893 -0.0138295381500855
0.0245587082096193 -0.020541833881208 0.0076640711646075 -0.00568453797873666
0.0283854133464835 -0.0278827558512434 -0.021529450254049 0.0157747577130545
0.0649180059192989 -0.0147582814634547 -0.0393361398671298 0.03288125799883
0.103153785652143 0.0415657544720933 -0.0561011583602193 0.0674402923476108
0.0365888722699998 0.139100336888801 -0.155398765253011 0.0719105286756908
-0.133575606155159 0.0465385346597682 -0.225681534541279 -0.0661129170744406
-0.0315795708172996 -0.118119410422722 -0.120899659538198 -0.224928205878075
0.135799456266625 -0.0806765394260286 0.0422196758307514 -0.0347411812616842
0.0971856435229233 -0.0638414705947906 -0.0430701751243686 0.0203302381376009
-0.0483619896950422 -0.0724731427907746 -0.0396389788527746 0.209889560877013
-0.0822895568331935 0.0424885873981977 0.0775973543626477 0.194029566875632
0.0300010410493504 0.0738905205433941 0.126482866159246 0.0895772703582439
0.0431716546486213 0.00417232116183503 0.0903771504834485 0.001816445777638
0.00580600815885867 -0.00691849408185847 0.0581667544208829 -0.0232926759184401
0.00423523861460038 -0.0102389828109709 0.0412415925377388 -0.0194093038855362
0.0193837865144359 -0.0184424635465072 0.0153710461881579 -0.00579988314387085
0.0373303912620576 -0.014247664443574 -0.00550082900451036 0.0067910799418273
0.0740470492184848 0.0174154640827569 -0.00913017436584149 0.0249699900028605
0.0734806029015415 0.0842800598476863 -0.0235882976049488 0.0873727870243223
-0.0469000558372499 0.136860541413262 -0.17057035672076 0.109724436899555
-0.163206977448798 -0.0466974293398572 -0.280701559086443 -0.0807636281912609
0.0283842897520353 -0.176753675648688 -0.139586954036025 -0.284572272388542
0.183973638649991 -0.0729465311723748 0.0142387208430784 -0.0510846181763495
0.0722223957919808 -0.0514572339609849 -0.0393985766106906 0.00323569045770158
-0.0348957933790908 -0.0316170107975428 -0.0326233827507703 0.153756947942841
-0.033066758917341 0.0469080876618292 0.0686266634360427 0.184184183272835
0.0471480768698142 0.0338162349353059 0.149529930212383 0.0881155836172124
0.0257668531916501 -0.0245875253321502 0.108947060845699 -0.0253312561643432
-0.0104927417088719 -0.0206953387129885 0.0577708623593702 -0.0494576072928258
-0.00715596401446419 -0.0148018410679758 0.0378372515665293 -0.0260205809399196
0.013206901525838 -0.0127218322083614 0.0214259180309186 -0.00723881243109627
0.0344072082411314 0.00079690554602344 0.0132643670742135 0.00453960247643567
0.0546125485702975 0.0393487008551143 0.0225237925059889 0.0380320908641938
0.0175795690974438 0.0887453835692582 -0.0152326709579938 0.127931211795929
-0.101583038246602 0.071305712611041 -0.222757813338361 0.123042398161161
-0.112006961665836 -0.127733667674582 -0.325151381203273 -0.148104582424113
0.103360659883494 -0.165359149681938 -0.113065009996144 -0.361738325954217
0.185330372171 -0.0369765581717517 -0.0109694417591245 -0.0706788604087461
0.0564350332174517 -0.0378450790992897 -0.0446215635674832 -0.0117519075002836
-0.0104136483023576 -0.021861587413833 -0.029557634304558 0.124477515897688
-0.0110232608152351 0.0193224936840989 0.0813512792345306 0.175935082137982
0.0260789348648482 0.00431871691585413 0.176871220802985 0.0676582710426512
0.00414404622057015 -0.028499457187709 0.118618853852397 -0.0611389955904341
-0.0158413128610273 -0.0206364595513532 0.0511471218729241 -0.0728179641802604
-0.00929929114314864 -0.0121927191662056 0.033458124875653 -0.0319861142839526
0.00458315261401365 -0.00475965917355049 0.0219833229023367 -0.00801551630096679
0.0162576840918789 0.00898273924190202 0.0261705050100868 0.00891072545654977
0.015585500533473 0.0332804591321013 0.0370808063138382 0.0615511444912898
-0.0256469836941038 0.0450918075324016 -0.0367462380275016 0.158618335733644
-0.0826598169686874 -0.0119778818467914 -0.276161265987541 0.0895485218719859
-0.0133215685479586 -0.128433664955177 -0.321434023485458 -0.242279864826199
0.130756109306369 -0.0837251706292192 -0.0436427862041396 -0.421020360443469
0.125346543548106 0.00629325564288517 -0.0225739898838547 -0.089750548254013
-0.0113070253032767 -0.0154149053606636 0.00749186989366511 0.0165083954177189
-0.0348524866363776 -0.0133871469939191 -0.11314291479975 0.387786431979288
-0.053668053103969 0.0245340391064541 0.272509517108827 0.370257236717502
-0.00404170802754805 0.0517042236496874 0.342627162456903 -0.0177742476689761
0.0212063372192523 0.0207106054221201 0.0821186370533171 -0.182217961778885
0.0204271970625076 0.000356282940984741 -0.046716583623555 -0.0873215674277212
0.0064270899974737 -0.0055012300996117 -0.0294762194911849 -0.010270950881362
0.0027984880110582 0.0037036980512122 -0.0255659597383967 0.00104148346765206
0.00339740555210282 0.00936259080059719 -0.0407938276436907 0.0341285607137607
0.0066152871352927 0.0106123697320172 -0.060630093400322 0.0769444078380045
0.00869801356464242 0.0136888196435058 -0.116843091488864 0.0884766200797205
0.00550067311790786 0.00548330550941767 -0.188733380891995 -0.0155136308454053
0.0167180935562425 0.0145425401164301 -0.128331243114422 -0.150110824847551
0.00178810088832302 0.0423689352809877 -0.00426486398772404 -0.155545231764263
-0.0502696615151055 0.0330822692233496 0.0657526253753333 0.00492926604653162
0.0739272202070506 -0.0350722373673731 0.00585300311721729 0.0216028745359901
0.0128130934290814 -0.0985470242904568 -0.143995122581189 0.387506339374548
-0.0979932030990169 -0.0457968674494827 0.223044421951298 0.383337081956351
-0.0694016309027262 0.0722110817772868 0.311256127922224 0.0261957495195438
0.0154995995561033 0.0666199085866796 0.0933627632159516 -0.14080384181232
0.0412527604038139 0.0282770474536979 -0.0229961482142854 -0.0753239451668349
0.0277761976743056 0.000850676903320234 -0.0134125450749633 -0.0154507292814971
0.0140394552709605 -0.00604223669482188 -0.0185317542188662 0.0005332613224635
0.000740396219658449 -0.0074621534475988 -0.0355315803600893 0.0359647659434116
0.00473929500396356 -0.0145253021112037 -0.0590609972248337 0.0824184617267607
0.0304771181586399 -0.011149351616742 -0.114292327607402 0.099668830155871
0.0553327925154191 0.0148922619429887 -0.19575495550756 0.00866096987149159
0.0186968597242089 0.059638321969797 -0.152625086391637 -0.129769575730894
-0.0199426227590174 0.0463389919792645 -0.0227029690413867 -0.163259857891265
-0.030187754825867 0.00645789125977101 0.0747604027747419 0.00269276049668051
0.132325623881558 -0.0548800708024198 -0.017392163729763 0.0272825450645976
0.0288231973474768 -0.158016539524581 -0.136798228524333 0.380303326356444
-0.134916594057715 -0.0805243205889343 0.193377266853829 0.346286278204318
-0.100778120195631 0.0905191897704187 0.249955615363563 0.0422294707481434
0.0164353523823604 0.089343631877733 0.0815367588873707 -0.0859184224149647
0.048745430471033 0.0434643869544376 0.0048885978952186 -0.0467671910386373
0.0377455746699937 0.00594630144858606 0.00921241585713505 -0.015685922585279
0.021878870029932 -0.0147337838833819 -0.0108274075313833 -0.00154384568061225
0.00314270818057466 -0.0231156982195675 -0.0347567161286774 0.0352011864397709
0.0134158893324051 -0.0341638683258643 -0.0609747521485247 0.0761341276275379
0.061761739774404 -0.0235262694106243 -0.107458869704338 0.0943761762476846
0.0925873681876327 0.0425063210467932 -0.190487693186525 0.0264576840602122
-0.00289889745128941 0.094097907579808 -0.174505868168467 -0.1069968820061
-0.0411405889887284 0.0233598118269012 -0.0530119623344548 -0.176835925760037
0.0094966430700414 -0.0303527740780862 0.0784110387132322 -0.00897277506406647
0.146529632278297 -0.0715585045641825 -0.0410191675106094 0.0322216134747276
0.000683460716059015 -0.171820251897541 -0.100224206755828 0.347881376060451
-0.156531842012041 -0.0583624489198538 0.15898561301741 0.280946479532385
-0.0806664803862355 0.10964379097406 0.182180969930897 0.0532345964954702
0.0312033892498686 0.0813944461550847 0.0698263684185675 -0.0330598832277229
0.0441530218985977 0.0378280387767475 0.0296359208206453 -0.0189258204482717
0.0341213754995787 0.00415867439174807 0.0288905367566642 -0.0130698609935295
0.0250015851594726 -0.0213451846535904 -0.0036222555674082 -0.00384155538061088
0.0124667847290833 -0.0329449720994723 -0.0322775308793072 0.0290947251526011
0.0384087087022622 -0.0369324227618318 -0.0585538741783982 0.0582544098181361
0.0948379128934116 -0.00747322093276838 -0.0913661126835741 0.0782729849968674
0.095753906120668 0.0931228851700726 -0.173278486716757 0.0433934590561288
-0.0627962180163798 0.10052013338308 -0.197530113801558 -0.0843899619852849
-0.0542209809526726 -0.0372886029863064 -0.0903674898576435 -0.196830354634305
0.069581423322244 -0.0683670267362522 0.0697910774228164 -0.0252253352437181
0.127235029321909 -0.0789724392898645 -0.0497529257712427 0.0317608851903014
-0.0395101422106871 -0.134577110316949 -0.0629880052512297 0.28857362865239
-0.138268727950001 0.00270818887156019 0.115052476521243 0.227229083633968
-0.0192217447089964 0.107044952629691 0.135076245287909 0.075053799709834
0.0467182840836954 0.0454393396213382 0.0757132846242943 0.00220097109471678
0.0288993148235405 0.0162296799573275 0.0514979573357652 -0.0113273903953538
0.0212823177143375 -0.00309118324366436 0.0395003597961065 -0.0167730045405869
0.0243094494956348 -0.0243186713334641 0.0064351477139257 -0.00547950083599527
0.0280374456251008 -0.0302930649530724 -0.0228519609700535 0.0183454709270156
0.0675401895979983 -0.0189278985190152 -0.0418665764827221 0.0363860882811043
0.108844383652337 0.0380531187128441 -0.0599918981760629 0.0709929070869147
0.0446747504761037 0.14263366209902 -0.159374841593623 0.0738495848418931
-0.13693813322726 0.0558832559040879 -0.234746660475153 -0.0656720686282424
-0.0391859344293198 -0.123059901725268 -0.128713177181153 -0.230875826098636
0.136355656535185 -0.0916446089730559 0.0465378248889526 -0.0382480278696731
0.0983137089882151 -0.0723192289386005 -0.04749314397744 0.0208987733960567
-0.0544931180134672 -0.0753186115739357 -0.0398348960227609 0.216764127359944
-0.0850189314848484 0.0488378681182335 0.0804349668036758 0.201310237279925
0.0360459784983917 0.0766187185466644 0.131808925095966 0.0946469869131466
0.0448790197599034 0.00274335528010972 0.0950768892595504 0.00275830674825897
0.00729236087875168 -0.00662468025755769 0.0610274012203876 -0.026199032064396
0.00455913220760422 -0.0115453882084785 0.0414401341217945 -0.0227024011940167
0.0195859332876198 -0.0217309467065833 0.0156514823793438 -0.00676108263148118
0.0386907868418117 -0.0172533600810151 -0.00707936242260599 0.00811595925053394
0.0792221118210964 0.0143225252443726 -0.0107658107881278 0.026418170710804
0.0814405296059682 0.0844021191203657 -0.0250977623538293 0.0893668333881398
-0.0404718728447809 0.145085305155334 -0.173290139751907 0.115420259463625
-0.171501593257873 -0.039658391602338 -0.291353712082126 -0.0793107217333337
0.0220696790743358 -0.185105784959342 -0.148724914139205 -0.29022525001657
0.187338329492196 -0.0843830990660226 0.017110517381445 -0.05348249295877
0.0721348900102042 -0.0575265811928415 -0.0438941578856814 0.00361765870236287
-0.0388250365687602 -0.0329706964271291 -0.0328232232556507 0.16063510914377
-0.0338446680289627 0.0516301561522081 0.0725029584784015 0.192441939467321
0.0503093760485673 0.0347274215433458 0.157291052677862 0.0922251537947971
0.0266161997059838 -0.02547359531673 0.113876882398144 -0.0265750652584234
-0.0101006127773352 -0.0207179114849959 0.0592062779468135 -0.053349263447737
-0.00665599254236615 -0.0158102532118543 0.0384559949681728 -0.0293968503928222
0.0132939385361422 -0.0148167242535999 0.0203266914294957 -0.00898886193628353
0.0360843913309349 -0.00145427192691169 0.0130518868725411 0.00401320874227444
0.0593187969411372 0.0381174026079242 0.0228414684161294 0.0375134081452612
0.0234224861644888 0.0913750491502012 -0.0133417482501583 0.130228202228311
-0.10049615917153 0.0794032883231139 -0.224573448110271 0.13139241272859
-0.121666391955996 -0.124567732081609 -0.337901686763291 -0.145661064404454
0.0997085156911244 -0.17536381403729 -0.12531142472521 -0.369716339087081
0.189787614652206 -0.0461258797590181 -0.00892369009802238 -0.0713590578160139
0.0569949706050037 -0.0419996277533378 -0.0484453811352684 -0.0101704759096755
-0.0120310858995221 -0.0235510424764709 -0.0314019679314637 0.13012316856242
-0.0105067184525255 0.0212489608272099 0.086433197862621 0.183696950769858
0.0279425870716812 0.00403138910157337 0.185841585709497 0.0698374597548436
0.00421564756836567 -0.0291225085942552 0.122979739736674 -0.0656536415624619
-0.0155861007629831 -0.0201556443843594 0.0513209840019853 -0.0776862206506498
-0.00999542443842567 -0.0127155656919432 0.0336689381486386 -0.0358199105626542
0.00556568091706941 -0.00612390187953358 0.0236626796906986 -0.0105465297518462
0.0187671168755399 0.00733459003598139 0.0276541385379179 0.0085782381064447
0.0186635415441434 0.0334658128123057 0.0386975337039271 0.0612855665630176
-0.0229479025038158 0.0482669399704933 -0.0328712622176846 0.161853312837965
-0.0847218691266075 -0.00739436583141964 -0.279179569461957 0.0991790255661321
-0.0193011868669927 -0.130343384067501 -0.335994807530509 -0.242697555868133
0.131504156862707 -0.0919806568143084 -0.0549480959701151 -0.435313269360773
0.129579962434379 0.00139742615878924 -0.0209759538269413 -0.0899891358625451
-0.0122767845079828 -0.0141725708989333 0.00579067274122457 0.0126770715558862
-0.0355789586369283 -0.0138211995412803 -0.10108464581057 0.400306964073301
-0.0540816561613767 0.0270471432450422 0.290568205338202 0.362576216641786
-0.00100387077729607 0.053166403296448 0.345012388101423 -0.03250418197478
0.0227320605380402 0.0152287651786495 0.0700202729561358 -0.187860673931466
0.0185587989864939 -0.00340235924235258 -0.0529127584043958 -0.0837004101850543
0.00202633189456966 -0.00479290370772315 -0.0290756771598412 -0.0059985783499152
0.00392767930375963 0.0017342517921162 -0.0226257791182873 0.00454862275794136
0.00549784599843818 0.0113212495675201 -0.0381220310307797 0.0394573896635695
0.00782448017788946 0.0102508103901324 -0.0590322998286563 0.0808987085231412
0.00914105137152616 0.01448280587678 -0.119279854897139 0.0939430017428008
0.00917846500282918 0.00487421537896388 -0.196990616913768 -0.0115180651783453
0.0186097601837044 0.0130305987404383 -0.14131912516558 -0.152404430153429
0.00729727176702378 0.0424431184154885 -0.0116472403433765 -0.16018511448269
-0.0498294519872878 0.0347000124837544 0.0713064276645962 0.001700028890067
0.0731905640944745 -0.0399253026205279 0.00352305227599369 0.0184753464463636
0.00781600435856287 -0.10054593851648 -0.132578132962603 0.399720746332806
-0.102499204525499 -0.0400375315350498 0.24005299831755 0.37777456463758
-0.0662554649290859 0.0777004628756772 0.313097870245118 0.0145740003434451
0.0192329827954522 0.0660012764755369 0.0862138293730173 -0.145411110434179
0.04297301523517 0.0255460663484471 -0.0270140619414856 -0.0735270501977343
0.0267707585360152 -0.000933265771523359 -0.0142200610572764 -0.0148954136305138
0.0142139108357471 -0.00667799257951603 -0.0190074609264065 0.0027889606489808
-0.000434734788006786 -0.00659734941743228 -0.0353611660302883 0.0407290208877634
0.00297124820441201 -0.014089221519343 -0.0567859497355708 0.0882919521418747
0.0296831210728843 -0.0122598588698731 -0.113668624472368 0.106993683954468
0.0567416503432885 0.011493309763852 -0.201188960534172 0.0165065996980485
0.0230593150016523 0.0600266771815412 -0.162127066036094 -0.129016954027487
-0.0173370195265375 0.0480247828024777 -0.0284307507375504 -0.168892959931452
-0.0300711139899546 0.00758811456151704 0.0794170391058662 -0.00439971243794541
0.130766203344091 -0.0646520119133862 -0.0203857926205537 0.0252354882571469
0.0196712043700099 -0.163133096225302 -0.124523775570644 0.391623156883621
-0.142778734604726 -0.0730407872677623 0.208189581216896 0.341613724932216
-0.0969258458232901 0.0988023477905312 0.252050727020965 0.0340528828864808
0.0215876420031794 0.0890845839090038 0.0782909945764915 -0.088577919081175
0.0530107048529757 0.0405989177404035 0.00289061557597197 -0.0462910767127893
0.0388043902107328 0.0030812171941438 0.00863210754748244 -0.0168798502558831
0.020741837678616 -0.0164008837125944 -0.0116898973178804 -0.000657133332194372
0.00114443072055069 -0.0236244197293695 -0.0338795180426164 0.0401183035888176
0.011438710976855 -0.0352531832693216 -0.0590495175298546 0.0829754157707046
0.0613363760292472 -0.0275634136215345 -0.107747612279817 0.101538108349607
0.0965749285913089 0.0373967873112139 -0.194756328362495 0.0343304379677423
0.00235730000759501 0.0972148401041168 -0.183306329016953 -0.104560396445206
-0.0422084498149927 0.02571010126924 -0.0595456547756114 -0.181421306374956
0.00727358345242271 -0.0338096865890015 0.0821064753019025 -0.0169135874235533
0.14603935418303 -0.083928315986742 -0.0429092919331071 0.0312738976813267
-0.0104868262645311 -0.17578864790443 -0.0884164696584087 0.3578927729291
-0.164827655455724 -0.0505186402424138 0.168974358704165 0.280366358922052
-0.0752172821414812 0.115830303997476 0.183577574976008 0.0507375289041111
0.0369065682219584 0.0797108014701872 0.0689113020997548 -0.0333165520754845
0.0481026881360902 0.0353885403817454 0.0316431682436605 -0.0205517275564992
0.035990172526485 0.00125318135615884 0.0276353701915133 -0.0174972147489894
0.0229490581697219 -0.0248812822618124 -0.00256129859374221 -0.0035196621707816
0.0120718685626001 -0.0340611900855975 -0.0321487083786791 0.0326203538791076
0.0374206710826725 -0.0397920631687955 -0.0586798906494909 0.0629227774067411
0.0978736939714534 -0.012669261194243 -0.0914239012944468 0.0858364116907715
0.102019617372578 0.0880336378368429 -0.17764786856451 0.0486150365678821
-0.0579616072478782 0.10769917854836 -0.207168386648386 -0.0798391700037089
-0.0591817633342502 -0.0365518240611217 -0.0988474004868199 -0.198306780109671
0.0649357234947073 -0.0771848997257829 0.0724312476054962 -0.0305594027623585
0.124621804512553 -0.0899050179397975 -0.053625760523657 0.0317358030886562
-0.0500802469540356 -0.136736606899421 -0.0535117197761403 0.293857002998306
-0.142137971980757 0.0118048515241142 0.121714734722858 0.226461548480934
-0.0135328048126128 0.111681433242225 0.139871892417342 0.0747929468778208
0.0512659114957903 0.0433908190600067 0.0779847532437249 0.00260150185700561
0.0326265027607532 0.0138855563515231 0.0523284490216954 -0.014180889940686
0.0219251313462452 -0.00463733908812817 0.0385816605299415 -0.0192670554883364
0.0217159902719074 -0.0280788841747973 0.00544201049603904 -0.00527861116472315
0.0266932108966631 -0.0322512501912557 -0.023509279530122 0.0209450182747182
0.0689331490393346 -0.0236423904128423 -0.0430962506082819 0.0411217540012133
0.114698701014066 0.0308884748839432 -0.0612153349541376 0.074669968773975
0.056682438790762 0.142293521917527 -0.159397908730699 0.0814754854321846
-0.136646546986539 0.0677486303173305 -0.242951115641571 -0.059229767554561
-0.0494531550672111 -0.123927859364288 -0.139233322449357 -0.229368280746927
0.13254254628937 -0.104020132162634 0.049783867197463 -0.042571730855611
0.0950619077907753 -0.0820035840932022 -0.0515560799722968 0.0220153497419906
-0.0612769044406976 -0.0750727745328194 -0.0341714666964177 0.221321207686517
-0.0849052489521796 0.055116194584399 0.0867485002633652 0.204525442660435
0.0406174064210105 0.0766461722754202 0.137595894331808 0.0952191406008214
0.0474066396034335 -0.000715225110783052 0.0995544959036694 0.000987033979120093
0.00902862654217529 -0.00746523495091249 0.0612607802106299 -0.0297028166463198
0.00457848009992182 -0.012477308910794 0.0399022002329159 -0.0253354349700398
0.0186731457319121 -0.0249419856026935 0.0136672034602887 -0.00872821579382816
0.0389315916573681 -0.0219683731275095 -0.00652179414158135 0.00923551143574078
0.083112039527718 0.00840364302791764 -0.0123049271976893 0.0275664957662678
0.0895714044240905 0.0807759307943781 -0.0239549298954041 0.0911886809649773
-0.0303150517724038 0.150321924299245 -0.16887543106262 0.123054827964172
-0.177831975347339 -0.0273388926157609 -0.299481087828686 -0.0694829253087022
0.0102500034009818 -0.191088071095388 -0.163733371504266 -0.287909268304202
0.184576932241842 -0.0987434054517695 0.0190331115334143 -0.0559104291164835
0.070256119588989 -0.0649937357253477 -0.0477964492492701 0.00549270543821146
-0.0423351646045909 -0.032773145974059 -0.0309574355124898 0.165126580866189
-0.0326171240063316 0.0550785621786974 0.0792099835374504 0.197278300772272
0.0549184597731515 0.0326334773101547 0.16455414641327 0.0908550687476099
0.0269806134810905 -0.0277477226893025 0.117562295675392 -0.0295222447294356
-0.0105060977926352 -0.0203227159649705 0.0584370411821667 -0.0565417306255294
-0.00771769669005912 -0.0164305155819196 0.0367632252657077 -0.0332232798379684
0.0127112084623652 -0.0174162638624978 0.0197380010838559 -0.0120483037651022
0.0381295025914021 -0.00511388915666917 0.0131304056677868 0.00375647772504124
0.0650504314093544 0.0346532178627252 0.0222331216425955 0.0360603397459089
0.0311635054049209 0.09208227096997 -0.0083669814739132 0.130185761280041
-0.0960717266246908 0.0880240820116427 -0.219496527391648 0.141592925755561
-0.131483958180109 -0.117273205366527 -0.348521944849181 -0.134791455478523
0.0900451266328464 -0.185158716911521 -0.142728173969644 -0.369961668873206
0.189495815981562 -0.0592992761464429 -0.00751591617559994 -0.0715491196962218
0.0549717295192857 -0.0475053776208171 -0.0529010583984403 -0.00700775091048847
-0.014107082288701 -0.0239667939488796 -0.0297883851896609 0.135158351599025
-0.00953659296732275 0.0228538127232937 0.0947373394033806 0.186756253422979
0.0295018165291715 0.00332674019373497 0.193426058453769 0.0661258868890622
0.00290512502351382 -0.029984738458062 0.124902028505731 -0.0707500729720996
-0.0161805964962633 -0.0198012180301958 0.048851575830265 -0.0819724041281778
-0.0101259980416699 -0.0124307236671162 0.0321787180148444 -0.0397194256954813
0.00525207316243615 -0.00751424614733968 0.0224034651713677 -0.0131847842472051
0.0203044395372928 0.00570257071304072 0.0277723336526686 0.00650022896926069
0.0230467273992375 0.0330336098253489 0.0410696737344312 0.0585654807623416
-0.0193466944352557 0.0514014324794928 -0.0255522623191127 0.163530210436863
-0.0850099097992499 -0.000628797853013301 -0.276510505876695 0.111138559638144
-0.0275091705746594 -0.129672720131964 -0.349271954263781 -0.231921794595999
0.127780189766364 -0.100868165963971 -0.0735897553199501 -0.439326330527211
0.130906201731043 -0.00724292463913746 -0.0212661423856386 -0.0879939173199427
-0.0133803938769887 -0.0127644757746336 0.00142147833903467 0.0124744467522698
-0.0345665259301196 -0.0118719900640617 -0.0845840868724841 0.401961325625626
-0.0507717995148683 0.0300749706310618 0.302894179666516 0.347704538162915
0.000468134015420904 0.0510350699497403 0.33693027515636 -0.0461248043493469
0.0215502990600389 0.0163682686784843 0.0607014274045475 -0.185784466748
0.0179421859838124 -0.00312787451702357 -0.0564953440607919 -0.0791454620901305
0.0035970534683771 -0.0032416200628777 -0.0313045498268663 -0.00567227120473615
0.00430712068156834 0.00502548812078161 -0.0240135799306598 0.00821364252352173
0.003414761540204 0.00933303350820849 -0.0335263014794012 0.0450676038068843
0.00873482818592374 0.00987551590200798 -0.0539950797650799 0.0870751362785668
0.00905208351615408 0.0132228145185725 -0.113664119624927 0.10040573877064
0.00533246821877688 0.00112987282038404 -0.196387076958726 -0.00169826146371645
0.0204960174362694 0.0122833138924803 -0.145387836219301 -0.148817749011189
0.0083002387953002 0.0414201564387439 -0.0145450941899807 -0.165873157165996
-0.0458397869226733 0.0413983653396743 0.0723870018752066 -0.00754834858878751
0.0702092865199363 -0.0447205424296763 0.000590481192201564 0.0155479055429359
0.00215329788587465 -0.101457103665399 -0.116872222437897 0.402253755773526
-0.103602076752605 -0.0336721644555327 0.253222422836193 0.363130272033617
-0.060843547447036 0.0813522502585421 0.309414124477791 0.00243383989460639
0.0223863473902203 0.0636563922597173 0.0772216799594924 -0.146056551088007
0.0445038863069902 0.0222340756487837 -0.030126172184441 -0.0707756440286105
0.0260308433306086 -0.00200511075338041 -0.014236310820289 -0.0134226546660355
0.0125692703050208 -0.00747181644962928 -0.0180126744904808 0.00524609024575052
-0.00167425328453491 -0.00686728311700857 -0.032089678792709 0.0460018206301849
0.00234456258070194 -0.0131824069663944 -0.0525676636730268 0.0933043271963452
0.0285171621414429 -0.0142828657233185 -0.109935846069676 0.113165293916882
0.0572445827703697 0.0072551880269295 -0.201564086681516 0.0238781357625879
0.0264242835856997 0.0585189036486186 -0.168981729353364 -0.124751367045245
-0.0146229225523483 0.0483215624552163 -0.033664355255994 -0.170583526919592
-0.0297004946867315 0.00840585179544835 0.0808399659732298 -0.0118499250208211
0.126007849718023 -0.0727668341585694 -0.0223832450631219 0.0231586279639516
0.00953872448185534 -0.163965622704649 -0.109750657586046 0.393409832848465
-0.146451741338415 -0.0636811035798833 0.218400625597545 0.328890990365095
-0.0901915629489503 0.104015346004152 0.248324216296789 0.0248473573482661
0.0265667693970308 0.0867126702228382 0.0727820853350883 -0.0883168546322233
0.055418686069015 0.0362409007592122 0.000653826415877342 -0.0454100761652162
0.0381968536331857 0.000416946615308348 0.0071267736380551 -0.016173183103175
0.0190102462088348 -0.0182832859293084 -0.0119472128600043 0.00133234307694885
-0.000910717920568854 -0.0238652247541145 -0.0318306012067101 0.0443986779843651
0.00893190570768769 -0.0346759712770915 -0.0553905676997834 0.0875622662548894
0.0592204933593135 -0.0317276839812556 -0.105203209305679 0.107553295328156
0.0992259695812855 0.0302877394771911 -0.194175564958424 0.0426636813225271
0.00760192733236074 0.0981040991858692 -0.188982593056222 -0.0990712422402602
-0.0416657683073422 0.026546050241338 -0.0653372612671459 -0.181600888959718
0.00378957149113421 -0.0361101272209079 0.0840339881503867 -0.0242909746017829
0.139612707121626 -0.0938220864339189 -0.046186376465936 0.0306837188817758
-0.0216729416796059 -0.175656691231432 -0.0771345875477099 0.357698203858539
-0.166102665212086 -0.038260913505423 0.177697049225421 0.26915738480836
-0.066044704883998 0.120878234332468 0.180775769405289 0.0461396730976561
0.0419123556192506 0.0764656953990927 0.0682691842767895 -0.0323640890184012
0.0517966524918032 0.0315248363436437 0.0308708602478344 -0.0213573305364974
0.0357282487706803 -0.00086917502707519 0.0256153267397464 -0.0179618362099398
0.0221654462443414 -0.0267960333440083 -0.00451216196162893 -0.00152746099032833
0.0078126803250198 -0.0341212227037838 -0.030465607232471 0.0374540475942954
0.0349752391397437 -0.0421230240119136 -0.056321873344773 0.0684035888062932
0.0965849448653134 -0.0201903769948223 -0.0901829891761252 0.0908656247005398
0.108826215364443 0.0813395158059918 -0.176147265978103 0.057401046701849
-0.0510487582716275 0.113665526238444 -0.209816490282332 -0.07315080008814
-0.0627587590661923 -0.0336605523602348 -0.103105369119947 -0.195142085484192
0.059447115042118 -0.0834848681046018 0.0734767655690965 -0.0368473738553919
0.118660662851593 -0.0994170593472413 -0.0550007099479689 0.0332054366100053
-0.0598198868972687 -0.134607408354447 -0.0436897465062658 0.292976134015135
-0.141717680204313 0.0207975276839669 0.127658515940296 0.221950424292256
-0.0055435867521499 0.112567967450548 0.139866679340372 0.0727376988645969
0.0535926263834452 0.0386788692413972 0.0796062607836162 0.00197665802713752
0.0347377866633328 0.0121925160243989 0.0525741613225614 -0.0174196173018915
0.0221944226372261 -0.00710312340097335 0.036752748268439 -0.0213795246993861
0.0198077724305109 -0.0305362500239723 0.00455814267150692 -0.00544630171547889
0.023989536039643 -0.0352922114814049 -0.0223822507362588 0.023970075875903
0.0677980304983662 -0.027859504643348 -0.0424227861492816 0.0440220378113327
0.116621986862753 0.0239762767981754 -0.06014415415442 0.0775109114339731
0.0659330500724686 0.137667619513456 -0.155343667024242 0.0862923046887596
-0.132741065795955 0.0780401313417003 -0.243356919377673 -0.0501532134029507
-0.0582698455251649 -0.122052753572757 -0.145873444919234 -0.222886922914312
0.124001040111509 -0.114486218892379 0.0500403067257299 -0.0463681135177298
0.0892141276288173 -0.0891708871749677 -0.0533693756256124 0.0240793866593704
-0.0674198264091796 -0.0724020109054352 -0.0282350110435274 0.221089396404553
-0.0834703162632488 0.0605539330751132 0.0913816082814031 0.202925431373393
0.0464579398930254 0.0745101055318789 0.14077758455011 0.0928248876990214
0.0477680380805101 -0.00359373458045072 0.101935952633801 -0.000654590987116063
0.00948080433187162 -0.00853456317562237 0.0603632988736824 -0.0328370390628403
0.0044009710446049 -0.0137074271367585 0.0381752185714156 -0.0280388645756643
0.016679104002603 -0.0277869658325373 0.0124534177416395 -0.00920119379568177
0.0377613467820445 -0.0248279673410827 -0.00766292350047673 0.0106059468519294
0.0851719282865186 0.00234586221707698 -0.0127127291756306 0.0285408169489953
0.0954974082752738 0.0733608749779807 -0.022872220859362 0.0904982462242796
-0.0197829745943223 0.151234169381753 -0.162024549849742 0.127078931229715
-0.178379082119012 -0.0142205782928443 -0.299437265258278 -0.0572325103377369
-0.00299357303843301 -0.191835011816375 -0.172714708832803 -0.279686264666774
0.175856865191357 -0.111325755534508 0.0202824803833252 -0.0562415475093127
0.0654388113721771 -0.0707572928194195 -0.0508478947577996 0.00844939814076414
-0.0464161737263988 -0.0315990587493233 -0.0280334509907681 0.165922228814858
-0.0298364888192182 0.0581457660763532 0.0855923946190334 0.196120988041133
0.0570833477838982 0.0293802543703701 0.168608691278833 0.0878221741334507
0.0261916564051128 -0.0288100370869666 0.118079910574816 -0.0330700972610186
-0.00988789607654459 -0.0194298684055055 0.0557811871342209 -0.0596036202106616
-0.00697879173695806 -0.0156339192656029 0.0340095841819999 -0.0352029010587403
0.0120671912909006 -0.0196745683394786 0.0183051322005902 -0.0124299315316102
0.0383562967407884 -0.00854851154826389 0.0124344813422802 0.00316156385162482
0.0682893614268427 0.029196373683421 0.0221015897055503 0.034293365716871
0.0380149227890401 0.0884663803329237 -0.00504441538319206 0.12828952758724
-0.0878893512197563 0.0930669800343537 -0.209755807680096 0.148363137316103
-0.137700531355023 -0.105777060178161 -0.350787981597162 -0.118552328879438
0.0782653857107657 -0.190166206262551 -0.157037986573027 -0.359433544739967
0.183438162728566 -0.0714253548301205 -0.00686677149456183 -0.0707663386332902
0.0515133679413482 -0.051326935473944 -0.0556504408329809 -0.00355160339331719
-0.0159712234522379 -0.0242224173476484 -0.0282096475830546 0.13658126388814
-0.00837576485196324 0.0245930803163171 0.100633527684303 0.186556610060856
0.0300555037481826 0.00181414879843852 0.198102044329092 0.0608578027244881
0.00182734494465447 -0.0293728351434181 0.123457993366095 -0.0741312634081831
-0.0159412596704081 -0.0187929325792841 0.0444748957238915 -0.0841306567616013
-0.00972892033042886 -0.0123624569116604 0.0291138478658151 -0.0427355272156885
0.00595663650395873 -0.00898371580946094 0.02106341315333 -0.0157913703012587
0.0220393692274082 0.00328820106953487 0.0276613808793894 0.00384364646074654
0.0263922861972654 0.0302197120388474 0.0423106287206206 0.0543356127392975
-0.0147171551428832 0.0519081145810623 -0.0185260398242887 0.16060315995929
-0.0831722032998384 0.00513436955909392 -0.266237555311156 0.122377406062585
-0.035364463039636 -0.125457189062175 -0.356446154015686 -0.214072946850224
0.120809085663199 -0.107907920196263 -0.0931874241172385 -0.432123950717487
0.129383022962582 -0.0150193341148278 -0.0206613106667028 -0.0856605345101802
-0.0153006951538158 -0.0131266771089134 -0.00217741379413138 0.0115225192402034
-0.0321363935679125 -0.0102119860329309 -0.0780292452619483 0.396723582330902
-0.0483334464794047 0.0295719508963548 0.301703012473153 0.332572791344877
0.00505504846366519 0.0464269585926037 0.32505359967494 -0.0534241235785313
0.0198796622868983 0.0150310631007692 0.0529646136643738 -0.183888933524459
0.0161051082288962 -0.00586770867157858 -0.0550621380318316 -0.0702023178748833
0.00228473490519029 -0.00320466559174513 -0.0257977038644172 -0.00716059657997583
0.00458328747635012 0.00538749358542415 -0.0198338185678151 0.00783610747393283
0.0055294367368172 0.00841707103687201 -0.0351953919414001 0.045299975690707
0.00558506894717872 0.00849518653319239 -0.0513142791732303 0.0901848630311183
0.00663328049707202 0.00935760532605713 -0.110142660976446 0.102306296473787
0.00484274721672739 -7.2447427184574E-05 -0.195660095403362 0.00266073521819817
0.0207753511369019 0.0110024359611807 -0.149230582835308 -0.14397614183078
0.0103252618694306 0.0427754821050907 -0.0122503219361841 -0.16128086639182
-0.0429824067440864 0.0417969443627792 0.0754900955983551 -0.0139451290690487
0.0667088602915331 -0.0465076053806578 -0.00253947682340937 0.0118583144780525
-0.00163956734428438 -0.0989363552449833 -0.106218630148583 0.395856033051388
-0.102390639351704 -0.0287669337463827 0.255370533200789 0.348608554328391
-0.055915523860541 0.0817683743440613 0.299929630906874 -0.00474732188015768
0.0244438384169886 0.0608558863937596 0.0706092003870175 -0.142457870185341
0.0439341623768304 0.0191819672490443 -0.0310098713821624 -0.0664795034882071
0.0252703351177071 -0.00264459490404564 -0.0151940090078 -0.012247940758002
0.0119646542792596 -0.00810416102579707 -0.0176826348645806 0.00700326624845583
-0.00220404224934246 -0.00547844871888772 -0.029726853613427 0.0482796604777964
0.00113965630692604 -0.0124736964928093 -0.0489544028065653 0.0951453759925233
0.0266653164461797 -0.0157813176817775 -0.107338244220279 0.115096026506996
0.0555964677015401 0.00458809571796445 -0.198555089524593 0.0280819486062419
0.028447708063972 0.0562439217512034 -0.169712224689568 -0.12110550705144
-0.0130130250382257 0.0476722200983581 -0.0355565012568535 -0.17096576353903
-0.0289518002535374 0.00730527527626959 0.0821689826556914 -0.0174183749197194
0.119353855746608 -0.0769541696655992 -0.02456134117002 0.0204435584670383
0.00230724012225856 -0.161261645963141 -0.0996884181567139 0.387014398858762
-0.145201365197277 -0.0556177419864385 0.218976683786495 0.315915876065305
-0.0829534789636818 0.106450685277175 0.240814493903405 0.0199608660379359
0.0290666676574216 0.0830257304820348 0.0687025741497729 -0.0850622889767838
0.0562365317628117 0.031877721403768 -0.000347093591357776 -0.0432840464477619
0.037369706452805 -0.00143808378576778 0.00576400523813975 -0.0170822134139904
0.0171724847634434 -0.0194603122213758 -0.0116665355204749 0.00267897652311615
-0.00233496194440912 -0.0227879153926986 -0.028960484176078 0.0465275585502105
0.00734678809912853 -0.0333003299389661 -0.0518840739681185 0.0891469203742569
0.0562126856202777 -0.0336067842476541 -0.102311369172438 0.109584941452255
0.0984188073873021 0.0251700105372296 -0.190295757736546 0.0450345121246816
0.012019358431212 0.0960683611286865 -0.18929840450735 -0.094630157698521
-0.0408937737243585 0.0272841270948008 -0.0676122645234381 -0.179290368606826
0.00155184836329326 -0.0373674703095001 0.0831926050909666 -0.0291754207531565
0.131317164046819 -0.0982326845266467 -0.0479575044434918 0.030358014210809
-0.0308755625741977 -0.172182786061109 -0.0666441855784873 0.35015116613099
-0.164473477318856 -0.0302864338632588 0.177921392993981 0.260380733474642
-0.0604654499131074 0.122679090367913 0.1766474853032 0.0427552519127297
0.0437432657591911 0.0721482995986976 0.0693951715372919 -0.0301121537950775
0.050602112884807 0.0281828786425656 0.026932775431629 -0.0231614888649603
0.0351388901992578 -0.00283509089691476 0.0236847066356514 -0.0188134999055539
0.0176201843356377 -0.028403616605722 -0.00637785542559147 -0.000714080011598569
0.00655673473988977 -0.0344181585916036 -0.0271219411778766 0.0397470222939911
0.0319169535641776 -0.0424558874614447 -0.0531028136089573 0.0712653741440888
0.0945860183904579 -0.0233545416198697 -0.0908660515302508 0.0911167543215853
0.110509670602611 0.0748470547930244 -0.170623667821061 0.0602468007209003
-0.0462468918854603 0.115584541068749 -0.207305491069614 -0.0674799422747127
-0.0672058467341676 -0.0318526544598717 -0.105070942646926 -0.192547216172873
0.0521999728582929 -0.0870399469708352 0.0735143543035877 -0.0392432609568318
0.11193695857905 -0.104866575822702 -0.0578127274715349 0.0324242551979859
-0.0661928263589041 -0.130412751487831 -0.0378035056664512 0.286764421492547
-0.13894833793487 0.0270051344892357 0.12703229099724 0.215661446994421
-4.40937907526047E-05 0.111346437447776 0.137656197416822 0.0713282016948742
0.0543543555565886 0.0353030826282695 0.0813017309087369 0.00267969688461633
0.0347781299611501 0.00915403312659029 0.051302902442408 -0.018241143074543
0.0216626223832062 -0.00858465635465585 0.0340546812635725 -0.0226843456264486
0.0173724803086975 -0.0320773641997668 0.00434803417312977 -0.00514088511397253
0.0218908713928924 -0.0365570401930235 -0.021148418427052 0.0264588156420005
0.0659458762562481 -0.0302756917651613 -0.0421996839816943 0.047191006003192
0.115777382712907 0.0172015959159865 -0.0596386086676497 0.078533167352662
0.0711016920140371 0.132173813447054 -0.150537416753731 0.0870385957186134
-0.126790013434467 0.0828014165815658 -0.240086782003123 -0.0446799613581068
-0.0651489312682996 -0.118345699619739 -0.146142351897167 -0.215433485134295
0.115206298858482 -0.119468198077194 0.050441780871344 -0.0488017101112323
0.0828831811238718 -0.093320366448977 -0.0556327500888983 0.024436441009935
-0.0714636141710371 -0.0702396911271972 -0.0266531051683685 0.215998734567424
-0.0805015108633289 0.0639369091769293 0.0912330793229807 0.199944988796938
0.049796825036265 0.0706944089628315 0.140431472641539 0.0922360939155096
0.0474504401150913 -0.00603829453874346 0.102589668260054 -0.00138094244643659
0.0102415165011834 -0.00891323578391903 0.0588695673483605 -0.0348872186802215
0.00440250092485554 -0.0147020209582913 0.0358355740031202 -0.0286989038194765
0.0142737990054575 -0.0293587687883492 0.0115704093495153 -0.00875556785906625
0.035980454207262 -0.026822998230616 -0.00772423751888436 0.0112730499056549
0.0844146872600845 -0.00195001988992513 -0.0140260037424137 0.0297627585141071
0.0980018168658175 0.0675941291071589 -0.0222547251785703 0.0895577566011252
-0.010766170140545 0.149016991666388 -0.154182610176785 0.126370889514611
-0.175014439518154 -0.00432692707199896 -0.294538904282307 -0.0492254240503946
-0.0126866210245725 -0.189137562567214 -0.175097252858224 -0.269085143516804
0.166058003679588 -0.117586825811414 0.0212468877604587 -0.0573399769426513
0.0600874669306642 -0.0740020641817607 -0.0527104097561273 0.00913938002943664
-0.0474016594811433 -0.0302960043981595 -0.0272097971772181 0.165099960511279
-0.0277511338147879 0.0584538626519319 0.0860696648127262 0.194878477063368
0.0586260347409681 0.0267520211734946 0.168846252326294 0.0848653486339341
0.0247146912016751 -0.0296712622829058 0.117716317766106 -0.0345531736390446
-0.00874387269522274 -0.019203593446332 0.0529058593158901 -0.0612562266962136
-0.00644560637266969 -0.0160659370759762 0.0320526616731284 -0.0361129769049551
0.0104870666902818 -0.0212271120214298 0.0163514991319715 -0.0132875496454147
0.0379981643886285 -0.0112852811912203 0.0111366753486969 0.00252182132295506
0.0698492176230433 0.0244116506374254 0.0200858389986459 0.0329687917027047
0.0420557115422949 0.0855710077448947 -0.00236605454327047 0.124575014253468
-0.0800053445893585 0.0957562153800692 -0.198835720482013 0.148866439309733
-0.13873020680684 -0.0964138037855614 -0.344886114767249 -0.107094892664906
0.0669665143912406 -0.19024279208434 -0.161587767256889 -0.346907062945042
0.17606098291837 -0.0792518395852086 -0.00436425728323438 -0.0682173722609205
0.0475373382122761 -0.0536007516255164 -0.0583301413637372 -0.000774926745675013
-0.0184283130740785 -0.024762899813885 -0.0285754364719585 0.136722756911037
-0.00710387282773108 0.0241496724727618 0.102938291356864 0.184693547522268
0.0307377800272968 0.000429497419800745 0.196700290292069 0.0576080883475253
0.00133408830995372 -0.0295831598301421 0.121027280662669 -0.0745785481160066
-0.0159044738359705 -0.0179876756784998 0.0412845936572188 -0.0838879448513501
-0.00883797996428037 -0.0117790164296189 0.0260472936413606 -0.0442331537969182
0.0061454682984785 -0.00991341268586858 0.019462123333462 -0.0168628268890257
0.0228340720420564 0.00138397225088566 0.0267149163599312 0.00158534966701666
0.0287755198375957 0.0282092534168808 0.0417131462887827 0.0503586439406781
-0.0103411645043701 0.0521792893997496 -0.0130657626677861 0.156117728812102
-0.0800501518367746 0.0091596027428775 -0.255124563794404 0.125346655466561
-0.0389187255024263 -0.118552325882395 -0.35190308484365 -0.201460029166281
0.112356952405422 -0.110986519789472 -0.101116980977764 -0.420350118127122
0.12488753789009 -0.0201244171370444 -0.0188304020790738 -0.0827064956078053
-0.00808329354573427 -0.0200756852091399 -0.00816408778093258 0.00376033394181596
-0.0228556827319762 -0.0243762421882597 -0.239532348323654 0.32157715177019
-0.0526320498830598 0.00762691192146918 0.131930239937073 0.429953335312783
-0.0191757421008177 0.0432383576161502 0.316814479721173 0.088609023289585
0.0109188667899038 0.022506993778224 0.125328219996878 -0.137550618204556
0.0152638346636177 0.00326643533210108 -0.020687174400149 -0.0872060274534102
0.00251018475993568 -0.00472115914379621 -0.0232598391034954 -0.0138327390617942
-0.000332845556704115 0.00487493421597418 -0.0247179128400955 0.00196014926711806
-0.00132601180706314 0.0110027880071352 -0.0496347430395127 0.03153732193209
0.00283782640919757 0.0129401553937311 -0.0832036737960698 0.0602013810471316
0.00171454513001876 0.0144520685718012 -0.142337879850416 0.0435620373217695
0.00305280645466828 0.00447738143722186 -0.173898101783437 -0.0835791038485251
0.0142343121293046 0.0174618097099193 -0.0694244972404047 -0.193243227319148
-0.00676469676155617 0.0400726089500254 0.0544077556809012 -0.157046154610311
-0.0538604702436488 0.0202651590611643 0.0726983385433088 0.0145760989955102
0.0819979459662812 -0.0129735925396788 -0.0167440497419272 -0.000887904872811713
0.0424051923884304 -0.088486526844445 -0.271185314603595 0.307824528861354
-0.0779516288866771 -0.0684205985464948 0.0746895863572714 0.426956639095927
-0.0839107863248744 0.0468543706726107 0.274370225753702 0.126802849124495
-0.00570056277681526 0.064714115168952 0.124299401831321 -0.0954297117853774
0.030693461818503 0.0337750804949793 0.00105625612005883 -0.0717240665333729
0.0231761482653926 0.00775050099897301 -0.00749525407901703 -0.0169748819636247
0.0133299958000757 -0.00271161911514233 -0.0188451300039858 -0.000819503413770901
0.00012893431995233 -0.0051517944107024 -0.0459781780494926 0.0336671815122445
0.00615336018201756 -0.00977541448330357 -0.0845885347656642 0.0664999871497298
0.0302290868139588 -0.00211824686635787 -0.144485580574134 0.0573226821303826
0.0484214799393717 0.0271747715087238 -0.189850220736746 -0.0592467837067062
0.00232111153023343 0.0635928381082325 -0.100784114058561 -0.179870021233994
-0.0314948752191967 0.0360504563428747 0.0366609741225436 -0.170392327078899
-0.0283169536922679 -0.00565036201548368 0.0846369077199464 0.0142268164092654
0.14350968804906 -0.0176551404908567 -0.0444739246693915 -0.00717745282991813
0.0726278178162396 -0.142687975533156 -0.263688406496158 0.301525769994491
-0.105789237347077 -0.11079407861533 0.0544737542362777 0.3857169378509
-0.118319788204914 0.0574778298184667 0.21219303828437 0.128094356952007
-0.0100494392583693 0.085512875290549 0.10111325533103 -0.0458061154111456
0.036884989150439 0.050819239838652 0.0204181421903927 -0.0382856669191263
0.034221173554929 0.0135310958190401 0.0120767616234853 -0.0127437686647468
0.0220793179526832 -0.0113872164761267 -0.0126103198190201 -0.00178284860381031
0.00639102901291666 -0.0212385821807465 -0.0453161695946532 0.0316996262748031
0.0197377415460789 -0.0259668452452402 -0.0849822002654152 0.0606462782884301
0.0643816471489247 -0.00678483791974903 -0.138921107732179 0.0556171348495438
0.0787607299461458 0.0626239525317093 -0.189737237916288 -0.0393256800921929
-0.0288205632340886 0.0953296333809631 -0.129812306089419 -0.16436581499643
-0.0509236612368687 0.00612411404219316 0.0129055557766505 -0.19262520396664
0.0158338551826288 -0.0370261273860023 0.0928054711993996 0.00652874402991689
0.163271165479241 -0.0312210050387052 -0.0708697004483259 -0.00774319704527938
0.0477244149564948 -0.166900998099306 -0.220967693184382 0.282846034846413
-0.136289860794743 -0.095804597530446 0.0398493859876141 0.318065179417382
-0.10399559222292 0.0815842789632549 0.145324727853863 0.121157115595854
0.00714338035500038 0.0820919017552287 0.0772687849159518 0.00384249065592015
0.0367783783036926 0.0449974007088142 0.0376183707006396 -0.00701809026916579
0.0328072298329543 0.00983297220247051 0.0295850314838608 -0.00742069995280144
0.0274599088393758 -0.0190006202723084 -0.00473567389937479 -0.00369129095295597
0.0189908712387821 -0.0284277346247424 -0.0407662910880548 0.024743784731264
0.0476686941307142 -0.0249456982748397 -0.0784242967186674 0.0446605735366939
0.0946271842423665 0.0149371767170986 -0.119061522929046 0.0464292231710556
0.0702880548555703 0.112689242591941 -0.17979768177462 -0.0181879590792549
-0.088584161298966 0.0912913870109571 -0.159433536567227 -0.149769967159177
-0.0548522005679743 -0.0574427137562651 -0.0123508378260493 -0.219093068101524
0.0795082240912299 -0.0642698523137176 0.0890275413143163 -0.00346528691782856
0.148231297525769 -0.047193816964182 -0.0808063051660005 -0.00611039726977667
-0.00177274836645819 -0.146157831125837 -0.164742073628909 0.240971033520971
-0.137050478997509 -0.0342600629871876 0.0188292110720146 0.25912402992615
-0.0463362534339664 0.0971859061830781 0.0985039496847493 0.1292505868496
0.0322774511130162 0.0534561548988385 0.0747636131831579 0.0376053185527396
0.0281785597389789 0.0219731785983261 0.0560069023950439 0.00388535678507019
0.0231686543198582 0.000408679762277865 0.0394456602752214 -0.00630076529907925
0.0279300333152415 -0.0237550212208351 0.00443960359592594 -0.00246916171655691
0.0347406568194754 -0.0242454350632095 -0.0297645182311749 0.0158706777487331
0.0732543608288497 -0.00196779712733136 -0.0581258524632155 0.0261320234694381
0.0996547873761278 0.0614568030383777 -0.0881546217853519 0.0453481883766842
0.0147117877304206 0.149813350357683 -0.171506251808675 0.0136044700095825
-0.151735428310769 0.0338580687535315 -0.196701268409999 -0.143799075446791
-0.0212744483418686 -0.13371896847832 -0.0360993636741988 -0.25763991428259
0.148614902755322 -0.0714059078230479 0.0730847072070667 -0.0163471114830122
0.117431222665869 -0.0505178165881731 -0.0753781474829929 -0.00992195436684672
-0.0333324147565692 -0.0956268250646513 -0.123045989966021 0.185020184427808
-0.100161689828119 0.0231411954802977 -0.00272962754620202 0.226288199890567
0.0137660662877884 0.0835164676965884 0.0923074412595159 0.145750761941215
0.0437271895431213 0.0143473772893595 0.0944220812285477 0.0428789058396728
0.0143719336096652 -0.00383710745524931 0.0672934585436076 -0.00740487932537012
0.0106856985912073 -0.0115531958557925 0.0437709177214912 -0.0116196882091909
0.0243314311482493 -0.0222932743376443 0.013009849611136 -0.00370219451871092
0.0437580346883324 -0.0107259763326821 -0.0116645283587747 0.00852259943212093
0.0790803697369573 0.0302121220337136 -0.0269837638393546 0.0224609405110256
0.0645411076729761 0.0996113629742233 -0.0579914472964131 0.0694685047992941
-0.0653597986996462 0.133870690315708 -0.191351314775231 0.0476932356490515
-0.163638374608548 -0.0649402863397742 -0.239934415913915 -0.171226199760453
0.0515518826877228 -0.179538660233515 -0.0371469455094844 -0.313934611308062
0.195012756215515 -0.0509510307802848 0.0499772737662275 -0.0322087859834305
0.0873145701677352 -0.0426815720515013 -0.0648625834629854 -0.019837165893158
-0.0301504962927678 -0.0500428197093816 -0.100726728719134 0.137126311720053
-0.0499746591021744 0.0407008779057115 -0.00452822598722451 0.217336479391426
0.0408076806463033 0.0479140755132715 0.121222326077082 0.149038351290595
0.0332962003960683 -0.0162740572861211 0.12121095878999 0.019241154321899
0.000348075025674126 -0.0204201229668896 0.0715281170844785 -0.0331559124486053
0.00146071093804307 -0.0173987001366266 0.0439210839338546 -0.0206509830712774
0.0191156752430737 -0.0162428641952254 0.0196635158046228 -0.00579388197564178
0.0397064812820386 0.00354197575140345 0.00863732904484335 0.00700806001462546
0.0558086511910939 0.0488764351774768 0.00225437282030949 0.0381978624079065
0.00903326812629053 0.0943741967738561 -0.0545215142866715 0.107852431236781
-0.107708826138959 0.0598881947653978 -0.239645687139353 0.0477588891217441
-0.0972356163448118 -0.13637155330762 -0.258783793710317 -0.242607733138648
0.123432825382377 -0.15200756907616 0.0077091547965738 -0.374280829003273
0.189290605327017 -0.0107215686305184 0.0290118151522322 -0.0523702527077611
0.0676369257349603 -0.0288520275249872 -0.0621551115316 -0.0289246291537502
-0.0056350315589854 -0.0306119703194806 -0.0897212206559604 0.112095948146187
-0.0166252654166432 0.0188187392442939 0.0125274554924194 0.21425362080248
0.0271059306628651 0.0133246251120191 0.157249437130115 0.137100287861342
0.0121269239989709 -0.025054266571706 0.141575207784548 -0.0150005398578013
-0.00557215845621199 -0.0216514768102048 0.0720002130116603 -0.0579638684481423
-0.00208118947502166 -0.0138038068081476 0.0420911493972832 -0.028911254479542
0.0106119785758691 -0.00852823111079026 0.02345275894946 -0.0089990019788478
0.0216807516567105 0.00939886832431832 0.0221068519447646 0.0119080614848251
0.0173159313917908 0.0362828188709667 0.0150709696842336 0.0609776364511589
-0.0265931579463537 0.0446750330009615 -0.0762579453651664 0.13099928583104
-0.0743847256703804 -0.0184593636351549 -0.278187484296499 0.00332342534777172
0.00221445872426435 -0.120462508915145 -0.225854804824627 -0.324152641637381
0.136501264349879 -0.0636070737803118 0.0875127670233331 -0.41184700973789
0.121237073947018 0.0252424486459964 0.0203962836287243 -0.0735179331164445
-0.00702301719120936 -0.0184507300814572 -0.0103275279650423 0.00269878678044524
-0.0238274342482059 -0.0222974941818323 -0.24275116761326 0.324223755720637
-0.0534249581330203 0.0124704204240763 0.133139856213657 0.428332922291239
-0.0180475709699967 0.0423159123833088 0.313342123493921 0.0900710286078388
0.011646190122746 0.0217033012182992 0.122811472671819 -0.137530205684597
0.0140557966276292 0.00106073008578967 -0.0210207800782026 -0.0841961806836248
0.0049660402242945 -0.00260747176187781 -0.0242844890097582 -0.0131706353305232
0.00220058412090474 0.00670280073502073 -0.0243031079604073 0.000112277576409773
-0.000903664993281362 0.00984025981503752 -0.0497085577909936 0.0350326358602121
0.00202928749520213 0.0163542256450183 -0.0833644815688046 0.0623909891079052
0.00423338168386157 0.016722763507423 -0.143307269328026 0.0440303033933954
0.00576353487639162 0.00306769796177723 -0.175566290066412 -0.0867983245294568
0.0153402705644359 0.015929466124226 -0.0690818683243125 -0.196628492502099
-0.00403890720000663 0.0408971245409238 0.0574389526646024 -0.159231561541842
-0.0493358223876652 0.0198513399589281 0.075837370910925 0.0111779538484062
0.0817413089025143 -0.0145076156443182 -0.0184171039066097 -0.00489543210976586
0.0418175703005605 -0.0897705436799301 -0.274704736493272 0.308484163016722
-0.0785392255764089 -0.0668240197898541 0.0746487915272256 0.427751438448838
-0.0831988265345149 0.0486191608994212 0.272596269192016 0.127210283901902
-0.00480886028865663 0.064544423112832 0.122530302338272 -0.0943027364314979
0.0314682021814356 0.0326469353105451 -0.00132297608930725 -0.070620825534811
0.0231126545443183 0.00727367734066309 -0.00771738075586176 -0.0164727175154916
0.012145221819486 -0.0025795355008921 -0.0195476628053489 0.00121899906626487
-0.000626026810876375 -0.00453852954074686 -0.0461760757445076 0.0361561482074437
0.00493692773975829 -0.00904837732638361 -0.0851116898911796 0.0694651021772772
0.0296603124835096 -0.00247109795005984 -0.146813564733352 0.0596633994619935
0.0486247633947876 0.0258789800884829 -0.192903726970122 -0.0602690823087558
0.00344497359809676 0.0643810363020369 -0.102272431176404 -0.183360671938742
-0.0312702900093101 0.0356408185725516 0.0394747382514573 -0.173730956200506
-0.028361533330419 -0.00644180951753528 0.0885509084491689 0.0113796520051777
0.142978663658255 -0.020579572588669 -0.0463584085554843 -0.010111841958872
0.069849758526217 -0.144513210553943 -0.266810631553821 0.301535516885321
-0.107970484273812 -0.108966798636651 0.0528428854843179 0.385035366051266
-0.117094738619651 0.0599982249433094 0.209199958499961 0.12903720508194
-0.00866838131253289 0.0858284742323321 0.0997972694666619 -0.0431710650581849
0.0382684911635986 0.0491550967365226 0.0194800057506147 -0.0378953321192145
0.0342673287290646 0.0125780760902895 0.0119156249132639 -0.0126039064076877
0.0214855772266488 -0.0124898351598405 -0.0133433367825014 -0.000881581246323733
0.00493943392806501 -0.0204713490572415 -0.0448653053992575 0.0342437332111224
0.0195263657550131 -0.0257127734215605 -0.0858365094558937 0.0628530978049249
0.0642550160649379 -0.00804756423653997 -0.140791486175802 0.0575806483575015
0.0801872885348066 0.0604183419008018 -0.192661910130021 -0.0413135857070103
-0.0274284319741785 0.097866463751257 -0.131176807700318 -0.167292399335992
-0.0521276725409498 0.00541644135872347 0.0156891403990487 -0.196778767449148
0.0143938498851914 -0.040061594902311 0.0960995583752407 0.00345654315483369
0.164084803823249 -0.0362091182892681 -0.0726656005176376 -0.011171031835715
0.0447362175787866 -0.171153674716031 -0.222452858263367 0.283070675512077
-0.138166507015504 -0.093670149508491 0.0381070608929699 0.317256645760926
-0.103044801107933 0.0838992209891869 0.141696503149467 0.124566894802449
0.00888237842708855 0.0813439158243419 0.0786782878986657 0.00559688798377253
0.0373829852206194 0.0433613428665233 0.0371710286578129 -0.00631623909367183
0.0328804695373704 0.00985607390388662 0.0288794913235226 -0.0073913369232399
0.0263796097497212 -0.0209139269513545 -0.00483848035804826 -0.00264064805011351
0.0182018633688341 -0.0295683837762971 -0.0417095448382901 0.0279092860946373
0.0462492942419427 -0.0244993098802532 -0.0783690326228374 0.0460041390312747
0.0951712071118297 0.012878426544343 -0.124150820542434 0.0475434282777832
0.0747178820433251 0.111583657406829 -0.180716032322128 -0.0211287818128688
-0.0895600985118645 0.0945444415801824 -0.15945400285619 -0.151867318884912
-0.0574693890728098 -0.0586143502839307 -0.0125565744491853 -0.222919179827405
0.0796592161188593 -0.0687578397031196 0.0939029230485038 -0.00606374913778482
0.146809338060787 -0.0518673659925696 -0.0842163831760757 -0.00855122091311085
-0.00579671184608074 -0.148778572683785 -0.168000546252862 0.239490980729631
-0.140381686871945 -0.0317640003193367 0.0156235624232317 0.261236907296399
-0.0451526385396462 0.0986072875597056 0.0965912220798214 0.133442514598162
0.0341664907801477 0.0531134817790703 0.0769929533534763 0.0403018739877324
0.029791455895424 0.0223629173586285 0.0564002127508887 0.00421942568969969
0.0237782388679737 -0.00136709165971815 0.0400093020392459 -0.00773941832429479
0.0273627584108827 -0.025518628128562 0.003972118455913 -0.00289775419812912
0.0339694610408531 -0.0257406963825559 -0.0304762639399143 0.0175737842491642
0.0745919107753019 -0.0032131972503292 -0.0609801257845165 0.0276245704840509
0.102389400184894 0.0592317877059248 -0.090280549486313 0.0462032038779051
0.01909370557164 0.150544832926087 -0.172425802385905 0.0128392920090166
-0.153037879595869 0.0380827786624754 -0.197336676277935 -0.145411189707467
-0.0260620825019484 -0.136776155091281 -0.035224888652594 -0.259791440071141
0.146277159296723 -0.0765816170030426 0.0772748370337663 -0.0169217540120778
0.11627993060445 -0.0546977243635155 -0.0783398818006797 -0.0112056199388874
-0.0371729029238997 -0.0974148152752928 -0.127711208602499 0.184082232882925
-0.100967394826532 0.0255218971663212 -0.00682021285859223 0.229683465155638
0.0158648867342918 0.082737076676963 0.0922592535909572 0.150459510947031
0.0444983755713158 0.0127709746485555 0.0972410606021181 0.0457805503503296
0.0152626423932047 -0.00409110364874843 0.0680025044368477 -0.00776364966032554
0.0114026407217085 -0.0118454865266766 0.0431306319483571 -0.0127483411472506
0.0239867388440788 -0.0243273586377275 0.0123718732690769 -0.00395321697628969
0.0446399241025926 -0.0120590942327251 -0.0122529087209765 0.00877296745077346
0.0818662722521908 0.0281430560898552 -0.028888545982992 0.0227271902521596
0.0681376871609361 0.0976359509669665 -0.0597312448892682 0.0705209545293745
-0.0628148801336958 0.136237018954493 -0.190048522116366 0.0463799461226018
-0.166456716521181 -0.0610370272090151 -0.239948171938823 -0.171936331092451
0.0466004814034815 -0.182939807787392 -0.0353616398975167 -0.315270473543658
0.194744667888831 -0.0567882459991417 0.053485773077644 -0.0319905172264639
0.0872819024718706 -0.0458407958166066 -0.0686418378704219 -0.0200951870593185
-0.0319367870867498 -0.0512618359971962 -0.105406765530893 0.137178336952161
-0.0500396691438523 0.0415183290892513 -0.00793232025601019 0.222512099206344
0.0416519102154643 0.0474651879694171 0.121531185228758 0.154387438914924
0.0341032504978686 -0.0158693405421257 0.125104530984651 0.0204064681801932
0.000897681653968422 -0.0205999830832996 0.0720071490589522 -0.0333071663829097
0.00268059534574115 -0.017529031353702 0.0429736356228692 -0.021521802804449
0.0191115565335744 -0.0171469518738272 0.0185668608174044 -0.00725368356879909
0.041238355618072 0.00278222088486661 0.00778845295539044 0.00655218629156938
0.0597347497605068 0.0472788209409546 0.000165098236211964 0.0373906386147085
0.0122512813083591 0.0948904852611952 -0.0551072490554234 0.107524024671784
-0.105721776245747 0.0627735427396171 -0.237606019955186 0.0487384866380082
-0.100399063848904 -0.133286221334523 -0.258803281240684 -0.242360841252882
0.12099875592146 -0.156013099116946 0.00738145443380989 -0.374584284041569
0.189237276634678 -0.0153123431714353 0.032295420544587 -0.0515973708993275
0.0664742412022939 -0.0314115097651182 -0.0656795477223193 -0.0284755111401781
-0.0066206803663219 -0.0317402886184031 -0.0955368608012743 0.113174622205119
-0.0174945557748755 0.0187569565939946 0.0110809552072426 0.219811892759133
0.028080932822304 0.012970048451519 0.159767163998524 0.140405981879872
0.0119527065573118 -0.0250251308053999 0.144805681979979 -0.0143320088652462
-0.00533032838162822 -0.021959371278513 0.0720870629064587 -0.0582958888526991
-0.00146420131674256 -0.0144650839326218 0.0415754753510369 -0.0307674856944512
0.0111261284680994 -0.00941204898585505 0.022301233948287 -0.00956216427088532
0.0227051447310145 0.00871188336691728 0.0225888170330981 0.0100096060905468
0.0200917485232154 0.036216535156884 0.0144391014852946 0.0600601107837613
-0.0250385969541092 0.0473329356363669 -0.0750119918537874 0.13017753087379
-0.0751458721232906 -0.0160659554108107 -0.275313412488841 0.00475906379386453
-0.000399372765475425 -0.119092090677365 -0.225138152557438 -0.325789660624826
0.135274157814339 -0.0665242212072396 0.0876354940977603 -0.412487209429041
0.12171105632266 0.0222027421922544 0.0240499588589823 -0.0715956908878355
-0.0104207744382802 -0.0178118142654024 -0.0145112101666099 -0.00251248445822427
-0.0228354724153649 -0.0234362458805886 -0.245091585678668 0.333414563777522
-0.0524069513034784 0.00998750648200397 0.137522717015728 0.434676902953445
-0.0163578621666259 0.0413746023157641 0.321274329928505 0.086199348154723
0.012055444136299 0.0231437826711979 0.119308278092083 -0.140261718736057
0.014146204412983 0.0028222860791224 -0.0247669695669463 -0.0847775148627281
0.00315711539633633 -0.00177833199615086 -0.0234043548733953 -0.0107945640532182
0.00086101516571843 0.00847944934698261 -0.0241235146530272 0.00435212397330519
-0.000946441136888198 0.0160219308726301 -0.0473112786668348 0.0378587083886376
0.00427412052296115 0.0144105503500761 -0.0846244956920324 0.0660739833678603
0.00212521826917961 0.0158497317642293 -0.148362321129341 0.0495230201769142
0.00414969029522252 0.00323364119034778 -0.181566884548296 -0.0854218949417951
0.0163657360545383 0.0162256502501328 -0.0739008779877974 -0.204007387594089
-0.00398746226598299 0.0392069558948768 0.0593419402952324 -0.164727072888597
-0.0519616869052484 0.0223366309067849 0.0820890264029545 0.00796536068812006
0.0813664783283378 -0.0175078493123455 -0.0212702163027394 -0.00839616207230377
0.0396493152042648 -0.091817808775979 -0.277496650614367 0.31696088830616
-0.0810821047588365 -0.0657501774596109 0.0795559954566144 0.431823496375736
-0.0820828695850414 0.0512384732610407 0.276334438465182 0.124780647446563
-0.00268136905340203 0.065889938478396 0.120970434840815 -0.0964049333824646
0.032471064377539 0.0320099273464041 -0.0027247370618345 -0.070164564874105
0.0240329310233828 0.0061533108402509 -0.00839675906308782 -0.0158551602961909
0.0126047952259657 -0.00367606564510659 -0.019974179448591 0.00187626571807379
-0.0010512472087043 -0.00387930057425237 -0.0454577323264688 0.039581909422889
0.00426793068490599 -0.00832191056391879 -0.0852688415915477 0.0743229776003808
0.0299373616540164 -0.00346072334223747 -0.150335529696187 0.0644917011664667
0.0508324812959337 0.0243481155968414 -0.199037632114875 -0.0597884366743808
0.00610992124509883 0.0662872144126302 -0.106659423324425 -0.188291750136833
-0.0313164129389019 0.0366996716936059 0.0394477057617976 -0.180981769746525
-0.0298169721853554 -0.00697332108056235 0.0933575411717953 0.00727738480245799
0.143978399573615 -0.0256849846519507 -0.0499729703048267 -0.0130896927559881
0.0664493011925091 -0.149630253881364 -0.269600918223898 0.308957652902659
-0.113212278343299 -0.107449781992666 0.0565182343253325 0.389393426433299
-0.116899629885033 0.0649678166002139 0.212367738822435 0.129384154685453
-0.00602192813323807 0.0875693070710124 0.100108547430815 -0.0432929450514539
0.0405862646028815 0.0474467028051021 0.0192269429311822 -0.0381986861445425
0.0352602491230327 0.0110255336396929 0.0113003467617793 -0.0132326377129689
0.0201910776449879 -0.014225488627705 -0.0138642889026878 0.000556098518873916
0.00421092778952054 -0.0209662485532646 -0.0450968633041134 0.0375719602968512
0.018230309834423 -0.0261489888492564 -0.08689943614751 0.0677607025383705
0.0646915214319706 -0.0102876098184568 -0.144822461469582 0.0620102436262381
0.0836922158968697 0.0588084807449795 -0.198144562556446 -0.0395084465194437
-0.0248150036757509 0.101012291770447 -0.136585837239967 -0.170439180200823
-0.0542554062155619 0.00641925716192099 0.0139097300004798 -0.20305292457857
0.0125771848024815 -0.0433635474165359 0.101161376147527 -0.00066500092566935
0.163433355857075 -0.0435607237024235 -0.0781765344688045 -0.0111033269869938
0.0400020823727662 -0.175244236587711 -0.226302414574898 0.288712485678726
-0.144029517866239 -0.0904096228857812 0.0419112151830384 0.324766548640275
-0.101389776184551 0.0872663366119019 0.144509821367386 0.126265579841712
0.0107744078513594 0.0828611112239215 0.0804605929151884 0.007205856588731
0.0401473710887492 0.0430207351075285 0.0390772011222212 -0.00742103437197573
0.0354521042155519 0.00734253409314739 0.0273605677976697 -0.00934089618974131
0.0237034789390956 -0.0229244359111912 -0.00794766229884153 -0.00048546337222388
0.0157369233380811 -0.0301559068331032 -0.0413755071878387 0.0316735869713727
0.0482464666301592 -0.0270232576854506 -0.0821748959797143 0.0502279238673378
0.0965232260785743 0.0112964439817599 -0.126993607179523 0.0523603535480612
0.0796811053562295 0.11112454016251 -0.184158726563451 -0.0188341615153089
-0.0867297234079759 0.101498942295529 -0.16592895605697 -0.154779558483861
-0.0631078165703235 -0.0581184973419247 -0.0135202846107419 -0.229851944918691
0.0767482093694817 -0.0751039447058421 0.0987429473171888 -0.0115338729149826
0.148510701792823 -0.0586425374230054 -0.0884008177686293 -0.00918940771503524
-0.0120122104975296 -0.152892228304327 -0.17056989505653 0.243400233651744
-0.14415740659876 -0.0284615868145432 0.0162910792484119 0.265388540619705
-0.041637140302684 0.102043173746119 0.0989082451439108 0.137645400706813
0.0364705638049568 0.0524546663324658 0.0807238319364256 0.0425481492036992
0.0316262702286521 0.0205423465101865 0.0579019691378586 0.00380105045668922
0.0247957876517865 -0.00193907112898377 0.0399263232563116 -0.00871970190166695
0.0250372889358472 -0.0276811130529247 0.00343828532230861 -0.00251400335298621
0.033684780113637 -0.0274697055086259 -0.0305376476523879 0.0196835767350331
0.0766940439606322 -0.00631254463054723 -0.0632289763835145 0.0317335972427255
0.106034422141488 0.0568931084863028 -0.0933935239208355 0.0496432918384122
0.024262088275018 0.152393593462741 -0.174439175234527 0.0132176689764927
-0.154382546770617 0.0456738962407611 -0.203695888967549 -0.146763311111101
-0.0325306741294903 -0.139854241089353 -0.0370603937181175 -0.2648959466363
0.145566184877456 -0.0851537524665746 0.0811569463182383 -0.0201977921043974
0.116386846916382 -0.0608364279744191 -0.0835317501041257 -0.0116173052806207
-0.0421800158436862 -0.0996620175962743 -0.130863055659399 0.187342060136698
-0.103836552703287 0.029360985643312 -0.00625289768245814 0.236414269148388
0.0189059688420355 0.0848929144605057 0.0950577121494038 0.155593296612707
0.0455837674520671 0.0120578362719137 0.102113431428356 0.0467431603126624
0.0160289106992199 -0.00502514613668996 0.0690475674267786 -0.00898354465443534
0.0118707079078754 -0.0137913586882111 0.0435710814710403 -0.013642829232172
0.0234595735862433 -0.0267137478575195 0.0121233282853649 -0.00421400949129585
0.044923531480913 -0.0153763585769641 -0.0122930060388631 0.00989183021846747
0.0852386525835782 0.0248968477012991 -0.0320866308704278 0.0249999189152672
0.0736467919195277 0.0970152425728826 -0.0614458085114501 0.0723327599294965
-0.0577291969604875 0.140165383289698 -0.191274938453166 0.0483589852287186
-0.171959014357069 -0.0550634804917675 -0.245900324684493 -0.172010937380801
0.0401665322737568 -0.188632530265448 -0.0389786544281997 -0.32010022462091
0.194618328595514 -0.0656814820486001 0.0578964681942083 -0.0344008568244828
0.0865605691740307 -0.051642937735412 -0.0731815627238862 -0.0187250662763137
-0.035612734781286 -0.0531343049870519 -0.110834383574345 0.141843753934209
-0.0514503589620323 0.0445693060879362 -0.00652713939874752 0.230055063778292
0.0445492685654384 0.0470928168602051 0.126316104383697 0.158261672692414
0.0341230960016344 -0.0176974885835115 0.129830545661364 0.0203542655848381
0.00104837181990971 -0.0203741830991644 0.0720876943170049 -0.0351674448750262
0.00252667400224364 -0.0187066921802136 0.0431845015046284 -0.0235955619542686
0.0189947543695591 -0.0203107576521279 0.018220440783116 -0.00747952266586443
0.0426365530026506 -0.00026745354174565 0.00744925161266665 0.00660090330375777
0.0639653128859659 0.0447806616494359 -0.000715252926749843 0.0383418280660281
0.0167309444949661 0.0961209059652783 -0.0530362807503775 0.109427084035403
-0.104617865404174 0.0673072748196603 -0.237914861196326 0.0523807752489826
-0.105921535213792 -0.13061313150563 -0.265180290243967 -0.241771582608803
0.116782061235993 -0.163193509840919 0.00361571699553053 -0.380655911001895
0.190681677575997 -0.0229854819429735 0.0369014081426569 -0.0525630785836309
0.0661058735381006 -0.0343340539239059 -0.0712613039649769 -0.0274190496376277
-0.00859690179692346 -0.0333596028059748 -0.101312202720763 0.11835354234095
-0.0172246521339597 0.0200137735376293 0.0130605171457527 0.227649812356573
0.0293279490910301 0.0122549731566513 0.167024127225038 0.143141049183761
0.0116509762618195 -0.0252195433275537 0.149103781458053 -0.0167688338979705
-0.00549136604939117 -0.0219223927009169 0.0723140498471947 -0.0618737615856263
-5.87353800187112E-06 -0.0157075001975666 0.0413064297057478 -0.0334512012542005
0.0114991398460478 -0.011143452013522 0.0219231151280154 -0.0110663049967911
0.0254065790577206 0.00675487244075008 0.0226294878916267 0.00830475889787493
0.0231300685711985 0.0355772092387106 0.0142936703413292 0.0597686778750357
-0.0226017243962856 0.0481934363212357 -0.0731428915065805 0.132119334150512
-0.0746276604053742 -0.0130821225042653 -0.277246284998594 0.00929894856834781
-0.00381511247878086 -0.119503691622417 -0.232751611666625 -0.327447377238587
0.133940477235218 -0.0722251941191032 0.0841965916379407 -0.419207599817837
0.123413321274335 0.0191729880936348 0.0275584551960896 -0.0715132747288213
-0.0108709716846438 -0.0170479599891423 -0.0176180255440886 -0.00631277975732546
-0.0235853562389287 -0.0206696127547862 -0.237434567388043 0.343805135486909
-0.0526685714361212 0.0107348668800014 0.151431113021907 0.431808236112353
-0.0134185973039968 0.0406789998246966 0.320478747313983 0.0770253495627845
0.0118273798771953 0.0226797217368451 0.112525015384197 -0.144054369166637
0.0126189555988284 -0.000523732144349474 -0.028800508712845 -0.0833688682216776
0.00213729545638308 -0.00188383585741296 -0.0207107598116485 -0.0116759821663246
0.00121454421777622 0.00809686193882128 -0.0225288773637509 0.00370930928781008
-0.000755031604026399 0.0154555678218566 -0.0447320673332238 0.0438225092108373
0.0022551052638094 0.0150014133362127 -0.083475449313647 0.0749848917529807
0.00057418356092602 0.0143871996754665 -0.148688954686573 0.0578346208654839
0.00424480276556065 0.00246798267592548 -0.188944501298172 -0.0804020984157924
0.0191819335977884 0.0170815758110117 -0.0854027696384963 -0.206083743184689
-0.00105659612806562 0.0408804205635731 0.0531791241744796 -0.168687135693371
-0.0506286854284079 0.0259680359836009 0.0853943317210423 0.0023582709425607
0.0805490631542257 -0.0214273406858592 -0.0249842397501116 -0.0115064560592366
0.0360191317016523 -0.0950930398640264 -0.271235201215956 0.328915383428626
-0.0848521935817816 -0.0615665913766652 0.0958073814798744 0.433541612961959
-0.0801824278469281 0.0558977165565929 0.281254784080028 0.116771598883815
0.000183486485093439 0.0656037403982843 0.117055533111074 -0.100542668795319
0.0345116550450842 0.0293233031702349 -0.00647099476018832 -0.0690930932379524
0.0238968986584275 0.00497137177217634 -0.0100298570914601 -0.0148247716110577
0.0119632132272532 -0.0039859200378121 -0.0200892636094033 0.00397409203422343
-0.00236588315167331 -0.00321864369728741 -0.0434257982396179 0.0445597797127114
0.0037159930891918 -0.00775313656952355 -0.083443244451688 0.0802895744950566
0.0294967842182861 -0.00496120860598392 -0.150232050930731 0.0723583970296073
0.0521026713083732 0.0218174442425578 -0.204326033204936 -0.0540855407616325
0.00939971544640502 0.0658431540097389 -0.115783110931627 -0.189121895236972
-0.0301637901017658 0.0376453932989488 0.0351933711304416 -0.187942025716339
-0.0310311310219574 -0.00699179565515278 0.0967343984475115 0.000617978789371799
0.142658526901424 -0.0336926857825825 -0.0544059397411866 -0.0147149405732543
0.0588359782208465 -0.15396785042302 -0.262958860288028 0.320013580170844
-0.120026572829111 -0.100994502671185 0.0700465254040663 0.390557715458954
-0.113488711832729 0.0718095444390236 0.216597724520554 0.123716830099649
-0.00113581829425708 0.087995040636448 0.0985820694231834 -0.0461768428430731
0.0435484011790703 0.0450354546657816 0.0170627029564069 -0.0374869353118395
0.0358371445551738 0.00864418031159095 0.0110352640152492 -0.0140048331318592
0.0190030709680719 -0.0156041754688986 -0.0144249470718062 0.00167696699274617
0.00250080234564845 -0.0208780838248925 -0.0434295659882987 0.0417570413145916
0.0172450759822374 -0.0265181552057915 -0.0860158633118761 0.0741093858020463
0.0640187218768768 -0.0139177683962445 -0.145477067797928 0.0706422960050403
0.0875077184595645 0.0545286330636057 -0.203183550603218 -0.033450607391127
-0.0196136915176244 0.103504777363004 -0.145251450196504 -0.170359837423083
-0.0560628210981412 0.00841859706302318 0.00831396267649399 -0.209098419753945
0.00892014836197234 -0.0462160064323378 0.105117183926389 -0.00784052068011554
0.161449411995494 -0.0529345901888589 -0.0806146186049599 -0.0126269238803765
0.0302541432370466 -0.179930703285062 -0.221221550885463 0.297067886557317
-0.1505455915924 -0.0821326183251011 0.0510347186180113 0.325259418956262
-0.0962557335912451 0.0961289215620818 0.149076836233799 0.125144241100184
0.0166905500500876 0.0824229780762135 0.0800376922304523 0.0071198339085574
0.042458630902955 0.0394236462102089 0.0401664719399052 -0.00885525681993265
0.034955238811274 0.00595528712189951 0.0278766717421602 -0.00797004412087642
0.0225795763652188 -0.0247528976838201 -0.00629138113384202 0.000318958840226218
0.0150476908089254 -0.0321248307391098 -0.0413522655154474 0.0342701101483286
0.0457241478299873 -0.0306446503487966 -0.0831467362192506 0.0559532923362313
0.0993555675951249 0.00489169692540865 -0.126959786477945 0.058994186451592
0.0876358040318629 0.107052979980246 -0.190066165623136 -0.0117677419858095
-0.0828818255023329 0.107608668541242 -0.17381755557051 -0.151360494824883
-0.0676591116033937 -0.0579256761134945 -0.0205652243207031 -0.233327178551558
0.0709071008848663 -0.0831842659214867 0.100949408736715 -0.0171206935493757
0.144666109507299 -0.0687936825363643 -0.0920186252078057 -0.00787104644624179
-0.0214672755360929 -0.154617386658468 -0.16655897598287 0.25033094193891
-0.148855300559686 -0.0199298848323914 0.0230036371150104 0.267823757087669
-0.0363104467250033 0.105621039734322 0.103099608325552 0.140046099608779
0.0400978679209422 0.0513975685477894 0.0853104376365276 0.0428493766314848
0.033568925010803 0.0187543523310104 0.0590617967054556 0.00153811811086664
0.0252980597154499 -0.00449016943160367 0.0387416447100439 -0.0111459528860971
0.0224208037395815 -0.0303658263211112 0.00224747232997556 -0.00112042229065646
0.0315170458130277 -0.0307652512388275 -0.0297670120409993 0.0218662977572746
0.0782541936208413 -0.0114493659627215 -0.064909981570767 0.0365436911334248
0.110632268172362 0.0509949844985397 -0.0942772355396513 0.0550129517543627
0.0341232929272939 0.151955156412167 -0.176141116235347 0.017569508503213
-0.154412786009076 0.0548124417387059 -0.210699205913095 -0.140949392172132
-0.0423830960586138 -0.14080608971906 -0.0458459893908649 -0.266735264685252
0.14026792312978 -0.0959863250396432 0.0850958344069409 -0.025271684541819
0.112410996675679 -0.0694302774424358 -0.0874980667348674 -0.0084455864819682
-0.0490143293870688 -0.100998109139602 -0.129105875153007 0.193030717558623
-0.104745053981795 0.035939181808892 -0.000147743600149203 0.241836338773823
0.0241268148325411 0.0851244945321745 0.10241198613342 0.157483629058116
0.0471666512820365 0.0102567441907644 0.107698942958404 0.0447785299115748
0.0163612333598139 -0.00534604814749988 0.070105481132284 -0.0124895240271074
0.0116777250626025 -0.0150814053692885 0.0435532407156936 -0.0169843383359634
0.0213561778279188 -0.029834340264521 0.0115898388376509 -0.00392787412877186
0.0446126915367806 -0.0181926523833995 -0.0130853164822691 0.0114736056390082
0.08917421813872 0.0193658264463865 -0.0328447970608156 0.0276861993318663
0.0798803573788322 0.0936119751276508 -0.0602542325839406 0.074713986982638
-0.0501116341111144 0.145398873780769 -0.189706534989371 0.0548535062924641
-0.175555375945419 -0.0445949143793733 -0.254337692503732 -0.164515876552082
0.0278909707515403 -0.192825441733729 -0.0503363593343825 -0.320754427749754
0.190778127396185 -0.0776102475079346 0.0613124172207821 -0.0381107294001795
0.0836642466214269 -0.0577185773784048 -0.0781361673674053 -0.0165419723587349
-0.0399501135228552 -0.0537381237103302 -0.110749820368792 0.147568744961685
-0.0509616715104071 0.0480645462402493 -0.0008006687211343 0.237391085759185
0.0473700845040717 0.0453550002038506 0.133800076303206 0.159319150686387
0.0337086414554264 -0.0189325135055689 0.13389709918983 0.0167181890135802
0.00138375631154751 -0.0209211911124902 0.0722890330790665 -0.038938398180114
0.0022079392421999 -0.0196986290276528 0.0425319730314311 -0.0256235100243079
0.0177807103092299 -0.0220586092269046 0.0179270240618312 -0.00834868079952767
0.0440301087514119 -0.00352382620609923 0.00663811140211737 0.00581847120069693
0.0681243491411109 0.040965071081014 -0.00107094438761024 0.0385415543047422
0.0230041470505773 0.0956361092218067 -0.0502071522043421 0.111157306450399
-0.1001612606261 0.074475774590167 -0.235193855602312 0.0600957047940474
-0.11370292920701 -0.124671523008816 -0.276717958980966 -0.234847958385561
0.10748563284594 -0.170227161513352 -0.00966348916492974 -0.382996755851702
0.189492549465059 -0.0343520817470091 0.0385165469816893 -0.054645224909397
0.0646570191388232 -0.0391013692855317 -0.0755910755989938 -0.0238899563967885
-0.0110940151829844 -0.0342106348344807 -0.103113369561936 0.125022011786523
-0.0175044464315868 0.0216500836213401 0.0200557918068042 0.234001540561153
0.0301686780749741 0.0106160582253993 0.175820022223721 0.141040590843913
0.0103590501470475 -0.0255475312213722 0.152068728319918 -0.0224589159100846
-0.00570053511427266 -0.0216729945847164 0.0694794331156236 -0.0657415043079755
0.000408861283052873 -0.0155307895906565 0.0409525597280781 -0.0358657952078503
0.0113816280500078 -0.0130841635751698 0.0212699307242291 -0.012160812796115
0.0274181858121352 0.00498834026337138 0.0218059219604521 0.00658755356887251
0.0273994451318352 0.0345554599333859 0.0162516450750556 0.0586077843290342
-0.019076096889713 0.0501327138227275 -0.067064918423362 0.134907250778885
-0.0751229282871429 -0.00835190843883837 -0.275094848509161 0.0195330866011989
-0.0105327612613761 -0.118377528149137 -0.245600365895334 -0.320954223246875
0.130383957630915 -0.0791181915005011 0.0689190599315615 -0.426399252725113
0.123974762058631 0.0108745801055046 0.028924831074915 -0.0720234611957883
-0.0101240095282267 -0.0151910327346175 -0.0220106026529623 -0.00725265366091973
-0.0227688352568651 -0.0202311002956355 -0.223593729193614 0.350483619385472
-0.049305737156478 0.0144567034390635 0.169601297935082 0.418106603334298
-0.0127422556969135 0.0400688284663592 0.316176790526078 0.0621675455782529
0.0135879769878764 0.0195427005118549 0.10165093190107 -0.148210684326214
0.0127259587350283 0.000598117169718928 -0.0313909393337957 -0.0771041210247253
0.0018186899157426 0.000343421118051231 -0.0201815084380855 -0.0121376739713358
0.00190195567700037 0.00922446791438147 -0.0202161657732576 0.00738290332813988
-0.000311685369863973 0.0166060241591606 -0.0386114072424234 0.0434143324401663
0.00149486486043187 0.0115879115300544 -0.0778256779655185 0.0791490960979251
0.0011384547279714 0.0147121051801119 -0.145744546191596 0.061556172084218
0.00273104978345688 0.00145847377011543 -0.191828704490108 -0.0732632567559031
0.0186376333595919 0.0139970391269542 -0.0918330544695146 -0.204945913195273
0.00179655738124046 0.0424742980932033 0.046555224162405 -0.17275681603409
-0.0472336951372775 0.0259042685007764 0.0864975601250174 -0.00523401328471806
0.0775229363926615 -0.025245438157172 -0.0289408151973149 -0.0143003341634592
0.0308419710740935 -0.0949076479380337 -0.256814042451879 0.333545665589205
-0.08652695172846 -0.0556832496553057 0.109015661271205 0.420410900143847
-0.0747773843441142 0.0592976202839144 0.278342381362668 0.103423384761865
0.00388642020848513 0.0638073754810849 0.108959428015956 -0.102193125960383
0.0346776857246503 0.0259028323877172 -0.00957101243012784 -0.0648663090124537
0.023803881313419 0.00380079805822835 -0.00937301288199034 -0.0143921125374888
0.01001624671167 -0.00468098881667567 -0.0186192751177909 0.00605458484271088
-0.00147568245712251 -0.00223346263197696 -0.0403454117904835 0.0471636067481887
0.00275294077687826 -0.00647973663927096 -0.0779973224237126 0.0845667449759057
0.0286776975948832 -0.00610402389144093 -0.145872003656255 0.0793183697643287
0.0515085743018068 0.018021507780779 -0.205928499807051 -0.0458371542769218
0.0132789848420993 0.0642392656893751 -0.122056667576394 -0.183614679857641
-0.0276333923326662 0.0389946923683169 0.0275978714802785 -0.189745586188795
-0.0317238113592669 -0.00651297480049453 0.0987349656171472 -0.00662219318598412
0.1380152491785 -0.0410454918255928 -0.0568767183663151 -0.0153933079172692
0.0486127836703198 -0.154471251273484 -0.248768399619388 0.324310577965365
-0.122589266610481 -0.0927035152198422 0.0813428279017341 0.381105737021402
-0.10653469382721 0.0770361116798878 0.215579484416589 0.114397509583798
0.00339968646801972 0.0858683397325355 0.0942351587043175 -0.0471649472587847
0.0448621303808257 0.0411463945275738 0.015269613452407 -0.0370552284881082
0.0353779390423184 0.00612939588021706 0.0101881000501718 -0.014113102642744
0.016570690705449 -0.0166918289082912 -0.0141793914699273 0.00359932466840714
0.000496441958690901 -0.0196048205571788 -0.0399713756590343 0.0449172151467261
0.0152243689377437 -0.0260936480245296 -0.0813082627162439 0.0788156002120821
0.0622082034028461 -0.0169954699778799 -0.14102049449617 0.0774999886389288
0.0893126740117959 0.0484188509956723 -0.203171009966459 -0.026105533828846
-0.0137499207590079 0.103179292125725 -0.150731593484969 -0.163560472589994
-0.0562719632280481 0.0111723051571976 0.000228193593946432 -0.209020619268583
0.00493626654883042 -0.0474943757302019 0.105247703314156 -0.0148680737074607
0.15387541823108 -0.0618078231948334 -0.083934440569255 -0.0106523782502917
0.0182465295487257 -0.179410679673222 -0.211198570490417 0.299994998615484
-0.153226673779525 -0.0731705874206068 0.0588937021375969 0.317730786418808
-0.088867617038505 0.098400214428394 0.149580621871013 0.118959755296411
0.0216888284558233 0.079200163962557 0.0812989888189698 0.00514993169037999
0.0449846130533609 0.0364156688626867 0.038986798201964 -0.00950992813940472
0.0362979237846717 0.00241697740383365 0.0284775117295879 -0.0112466999398364
0.0195927001747055 -0.0281436014071027 -0.00702958491220448 0.00261692811016421
0.0117559037968047 -0.0320995447491949 -0.0373786813823773 0.0365401460022619
0.0445091464562517 -0.0310758984613065 -0.0818622656604594 0.0608327301837184
0.0986314712142202 -0.000688894795566608 -0.124850813478938 0.0662804440496662
0.0906783207525764 0.100467140684538 -0.186167393008777 -0.00650356433857631
-0.0765714559857103 0.113014731877226 -0.177825594878581 -0.14368882555889
-0.0710130516371381 -0.0520560833237141 -0.030102692130034 -0.227884662534532
0.0617362553424819 -0.0853832841997191 0.102242856407517 -0.0244465238025483
0.13749666584515 -0.0760755538195679 -0.0939645070613507 -0.00605947444589739
-0.0305939382508459 -0.152238144083348 -0.158199814809532 0.250576305695454
-0.148308983533355 -0.0105185544195928 0.0300313649808983 0.26481176453697
-0.0295505687852882 0.105682413464414 0.106062547234586 0.13709814773711
0.0413052061447176 0.0484136244574613 0.0882995659532914 0.0384619708809388
0.0341871376462392 0.0162398962551613 0.0588864737700407 -0.0022039245251741
0.0243751256989292 -0.00693425939688588 0.038527266708189 -0.0133994407578005
0.0196360194830316 -0.0317725057274371 0.00195645633955986 -0.00172980406542655
0.0286955633496861 -0.0318798974993692 -0.0284872721083374 0.0248785768884811
0.0766943020692827 -0.0163637834833898 -0.0636107591238372 0.0409019660921855
0.111756099520341 0.0434500322067931 -0.0918715582334849 0.0587569912084037
0.042475703963889 0.147238075510533 -0.17241016787791 0.0234787798252096
-0.14824073141159 0.0639183083805512 -0.212874166540457 -0.130934394175307
-0.0525231206339136 -0.135518477941043 -0.0549384474795532 -0.261463799482206
0.130069679379238 -0.103122260085212 0.0853127389024634 -0.030673990605423
0.106917860389014 -0.0756709972937119 -0.089377435133216 -0.00584344420815538
-0.0550553336426236 -0.0973667073079689 -0.123492579098821 0.194410166121656
-0.10249582301695 0.0411951208921909 0.00767472097596452 0.241387527169151
0.027753294292018 0.0817120841079133 0.107153347790923 0.155845501639186
0.0464913124912161 0.00684243792221957 0.110334721200147 0.0407369563470483
0.0162207972836698 -0.00585057520049422 0.0691604873185242 -0.0151822458919195
0.0109231250123238 -0.0166907674857988 0.041306189089318 -0.0186529729551614
0.0179951589108667 -0.0308234371740135 0.0109763878415097 -0.00455710331418538
0.0432070446593751 -0.0218782790335102 -0.0127708964785842 0.0121210824393061
0.0889293645573368 0.0132012497090042 -0.0329314392751388 0.0304638875523722
0.0851785644499668 0.0873968585169682 -0.0565614028146201 0.0757963456960034
-0.039344047475096 0.144649046548317 -0.183293836443775 0.0586482747187705
-0.175626075147861 -0.0322434708269548 -0.256344238893467 -0.151648559337307
0.0144831654171685 -0.191794480522116 -0.0601554772814059 -0.313050970646641
0.180030629715181 -0.0884813647603298 0.0614725495558286 -0.0405537566466334
0.078160063244747 -0.0626943925226967 -0.0807106300764702 -0.0124827878211346
-0.0431019939827893 -0.0518922221251741 -0.107502646364277 0.150731850600891
-0.0487176247944656 0.0512739525307438 0.00880777177228906 0.237163174386991
0.049153430238253 0.0415919361996923 0.139631228933587 0.154978755553162
0.0319817038635982 -0.0196053894940668 0.135672146025588 0.0107377487679317
0.000386209437249509 -0.020173580057217 0.0696602805881176 -0.0418504596386792
0.0019662397138333 -0.020484083189107 0.040403573719004 -0.027833230322895
0.0155468915098266 -0.0241757366933172 0.0167625693373503 -0.00918527677046127
0.0432435801817896 -0.00744875765344098 0.00632378674215306 0.0048450611801516
0.0706846220059399 0.0350295349324057 -0.00045426695800976 0.0382179922990543
0.028886032715892 0.0921420799393681 -0.0436755835367806 0.110887885588723
-0.0937575943768014 0.0801965353085281 -0.225492705309802 0.0677119616551861
-0.119104236649627 -0.114194886279449 -0.280735286980198 -0.219152448317045
0.0938555692966189 -0.173671903404025 -0.0244110654651216 -0.375243419268648
0.182001206884009 -0.0442632322086576 0.0409092076707963 -0.0545235095872354
0.0607661899598326 -0.0421812987269823 -0.0785557819179914 -0.0187907399580464
-0.0135929619384454 -0.0338854402270482 -0.10117599360418 0.129981614284452
-0.0169746702795963 0.0229459861082817 0.0288347825315589 0.233710735072533
0.0313240509113804 0.00894678211621092 0.180705887988605 0.133869357882165
0.00967725135607334 -0.0253071745355543 0.151540719881735 -0.0292198359518795
-0.00688447814657935 -0.0209562410061936 0.0658723757509502 -0.0681216385976743
-0.00010806539767649 -0.0165456943465455 0.0381430527894018 -0.0382271071831944
0.0109473500368006 -0.0143986949246225 0.0197096450845488 -0.0143247020660566
0.0275476841332614 0.00215954138047857 0.0206269188167288 0.00509298809311108
0.0302501931233687 0.0319185546763087 0.0179895071628951 0.0559128568067324
-0.0151389949675716 0.0503434354291418 -0.0585415995843924 0.13401955683368
-0.0728047462481363 -0.00292458403117562 -0.266917078948939 0.0302429987554447
-0.0163382197230686 -0.114124905647468 -0.253298529482155 -0.304957393967349
0.122197042778649 -0.0854753778578357 0.0529440649750785 -0.418974501459217
0.120754708561852 0.00386423969303616 0.0294174796594645 -0.0706219324678623
-0.0148374926371184 -0.01537798728744 -0.0243987090781247 -0.00355898988967033
-0.0245626320344356 -0.013271726647297 -0.177633323146739 0.362492006961254
-0.0417199649425216 0.0189809291022604 0.209231029447723 0.382255856282601
-0.00509702473313535 0.0392381839880748 0.31451067128523 0.0159341771436816
0.0138968103153517 0.0154808483765903 0.0793025006454941 -0.147870357601336
0.00962460073195826 -0.00235460870704703 -0.0395506972149934 -0.0668866262429749
0.000801226185386232 0.000736565271232304 -0.0195729480100081 -0.00551103645075364
0.00193024538735667 0.00721555272146597 -0.0182541650195549 0.0121911179931286
0.00202387563280645 0.0152068031230222 -0.0323030827096393 0.0504176522641817
0.00599595151732363 0.0125710949095769 -0.062087441769941 0.08706661301455
0.00612559817482112 0.01224331628709 -0.132232353021661 0.0789184479270018
0.0060359086998213 0.00246867242983003 -0.198404642722004 -0.0485312744846885
0.0167830745028362 0.00917446507593556 -0.110572880243413 -0.187431473125001
0.00349847376676783 0.0377285561431011 0.0284958764740767 -0.17323494169191
-0.0428623562878758 0.031268778333768 0.083028106745358 -0.0152778485249792
0.0716284013558728 -0.0350457318803721 -0.039678516037197 -0.00958345258819639
0.0181037719290056 -0.092839286869241 -0.212253831799921 0.353260681855678
-0.0860602678167133 -0.0427451201491119 0.155067561662712 0.394834844911733
-0.0633353221727238 0.0636149301930083 0.282358981114967 0.0640945586789283
0.0114229229664335 0.0604754156746532 0.0929063821910233 -0.111346359673838
0.0355733538552549 0.0208131350928161 -0.0164230249304783 -0.0621760275237447
0.0222270910580836 0.000789458256435841 -0.0109392695015647 -0.0133694126472304
0.00875426071566952 -0.00557689651251537 -0.0172223526476648 0.00862774968245666
-0.00207049690881165 -0.00196157840519385 -0.031768691971914 0.0507199432393346
0.00272845835141537 -0.00617839899160252 -0.0644972905858927 0.0917150188812147
0.0272771251406702 -0.00884317944501268 -0.131601098841635 0.0932996110828619
0.0520610675248638 0.0119914531395346 -0.204042445034815 -0.023560269693108
0.0205902227845749 0.0608254639472833 -0.137286060862946 -0.164656940021871
-0.0242888718941687 0.0395762021019355 0.00514884259344203 -0.185479545257008
-0.0316196544916685 -0.00284967701617584 0.095381800008341 -0.0213520478777742
0.12801538416045 -0.0589728270121639 -0.0712781037854555 -0.00488446204429996
0.0286447375414999 -0.151175425362139 -0.205338420872237 0.344366346722972
-0.126308637104087 -0.0729037968224871 0.125599962171006 0.361924620597788
-0.0921680376489888 0.0847978212075268 0.224929825324997 0.0824503683619193
0.0138264394365508 0.0811893252347615 0.0864064151496726 -0.0583700096585966
0.0471493601457473 0.03318998540125 0.0112674089930833 -0.0385749918996051
0.0340328269503115 0.00125598564023885 0.00795561167802507 -0.0158965103590926
0.012712592009442 -0.0185484773201851 -0.0126264463675043 0.00570277530329114
-0.00235879140286288 -0.018421513496712 -0.0320600929122161 0.0477289393818238
0.011733587739549 -0.0261127203234223 -0.0678740141054792 0.0866596109369222
0.0573750481968675 -0.023856612595371 -0.128138525860952 0.0901083689434914
0.0911216731775477 0.0360223466469236 -0.198083554233266 -0.00490432859181395
0.00100114431213157 0.102413500809122 -0.161686460319706 -0.140564146726671
-0.055151155673242 0.0174333506196397 -0.0253848385999398 -0.200744769371031
-0.00405202313628058 -0.0467587059334191 0.102171444250982 -0.0309618059521844
0.142575821907666 -0.0829819843379076 -0.09712095066895 0.00627742580727589
-0.00495472925155878 -0.170559371859137 -0.16758815556622 0.31672940967324
-0.15323300594323 -0.0483626737658341 0.0980521152078937 0.304386439272126
-0.0718771036154579 0.103749972898324 0.164117442227518 0.0973196084828582
0.0297891442149159 0.073633999453977 0.0815682264658061 -0.00612834343222606
0.0470122849498923 0.027755812300313 0.0380041916303219 -0.0157976379679179
0.0328442005929514 -0.00248172040339685 0.0253695328788757 -0.0179714957851546
0.0137528064596964 -0.0294428267822846 -0.00581112556730836 0.00282455028843885
0.0068313304929463 -0.0314547203578124 -0.0302948396800091 0.0405561696033974
0.0369764781529016 -0.0357617165950068 -0.0674954207908327 0.0696868752521517
0.094276807111392 -0.0142472097720691 -0.113498304901313 0.0745085972443687
0.100541980926889 0.0851119031271688 -0.181928666419213 0.0112283769984654
-0.0549732030169801 0.118785039117167 -0.185759955274884 -0.115410354309792
-0.0777181118014525 -0.0379777637650448 -0.0590941300461319 -0.218469689284443
0.0439022436337439 -0.0902992853799118 0.0995761418490905 -0.0391212614346318
0.122405855101331 -0.0945978880921266 -0.104693286722051 0.0134523855627594
-0.0493554766847154 -0.141445917464461 -0.124405028665974 0.264281515752453
-0.143068916772849 0.00907394895609503 0.0639916488405972 0.255977705282251
-0.0158517852439223 0.104457132412718 0.122665106918574 0.119394358819969
0.0454345667750237 0.0417139549503136 0.0915173601679288 0.0257332009195675
0.0347021546086326 0.0107974722671321 0.0569411816164917 -0.00984331222004346
0.0223726555646765 -0.0103144556174429 0.0358497316523961 -0.0186710853834097
0.0136061107460883 -0.0327576873148855 0.00220960673143347 -0.00137302632515739
0.0242911664917992 -0.0337817341956449 -0.0237448099338334 0.0263092032192157
0.0708446548649792 -0.0257323164297136 -0.0558378668612923 0.0474028370678749
0.112547808026049 0.0256216818000618 -0.0816381990758842 0.0645061225028733
0.0602566629209504 0.134692174173222 -0.159893091213402 0.0409189912113262
-0.131731547850921 0.0837948899662459 -0.221131493294599 -0.0984411348482008
-0.0710050019790219 -0.118048083252319 -0.0879488711959354 -0.249923070213045
0.104667859152958 -0.115489509606065 0.0853704676593854 -0.0445892014765195
0.0914870326874951 -0.0898566647009185 -0.0975992353249498 0.0121772653446693
-0.0661459261436089 -0.0870341108062843 -0.0979536239490674 0.205618792148447
-0.093183540232816 0.0534887713496347 0.0383038083289159 0.233337839089268
0.0366101060474029 0.0756885605122239 0.124710385051166 0.136478187574965
0.045940753559578 0.00241450865215995 0.113851480321601 0.0247030310820657
0.0153419561381181 -0.00805898415310552 0.0640438974553539 -0.0236320349395747
0.00847887166650483 -0.018091936610567 0.0382466771887456 -0.0235139763766858
0.0126757903469988 -0.0316538045510009 0.00948043344095992 -0.00563762581256571
0.0384700444831351 -0.0271250408035705 -0.0107429017018367 0.0127263227643244
0.0863310335665659 -0.000956873170660573 -0.0273810948177793 0.032858793356908
0.0931637484128164 0.070334087610669 -0.0443410387326094 0.0766419158698409
-0.01753964847546 0.142243038099743 -0.165551186852107 0.0784248509348857
-0.169804450071166 -0.00270733605069168 -0.268659412637175 -0.113224766784833
-0.0161140105378877 -0.178043505813988 -0.0980717100729807 -0.300348914014767
0.153955803484104 -0.10747330849154 0.0637733411852961 -0.0505280316579671
0.06724663923694 -0.0730716285337636 -0.0878665910923976 0.00340118475203371
-0.0496859525864238 -0.0441002350405624 -0.0884191630106772 0.16058994289008
-0.0406402848771376 0.0559274138606814 0.0380635779707641 0.229795640855805
0.0522156937773971 0.0354306793720783 0.156788220372627 0.131652665541068
0.0288762549005342 -0.0223171760463371 0.13321438721347 -0.0064499319409019
-0.00181616422727338 -0.0190081791112674 0.0626640415621298 -0.0481732035696445
-3.31302505310557E-05 -0.0211324246078502 0.0359233393526486 -0.0328174964134593
0.0109014699234684 -0.0252591453179574 0.0149191613887053 -0.0108590320402621
0.0404628205100901 -0.0142858067812537 0.00643592073719496 0.00332949856033177
0.0726511021488871 0.0221601377101387 0.00524582006716823 0.0366829913766231
0.0406938846817665 0.0827336711489874 -0.0280328256248437 0.109264903495316
-0.0762212448840139 0.08741906978017 -0.207343287761359 0.0924072321990365
-0.128542933092217 -0.0864755254426329 -0.298099864485332 -0.178504428467442
0.0593231050348422 -0.171090033119361 -0.0667929789889374 -0.365234563190826
0.161045658851138 -0.0661605736314616 0.0415815345946352 -0.0589515713760575
0.0524886839920515 -0.0501794669384338 -0.0853128312638526 -0.00411049818966928
-0.0178124479386025 -0.0309274553497877 -0.0847871287662303 0.141036434883222
-0.0130377868243818 0.0248303737540366 0.0565366033400223 0.226252387125984
0.031136500013867 0.00578809211590334 0.192041928852566 0.107370085669206
0.00676189687096355 -0.0246525682654025 0.142883239944077 -0.0467262033170417
-0.00776805557218688 -0.0187877122917436 0.0558556778252698 -0.0727807436433386
-0.000692821061498964 -0.0165202799743131 0.0311200396713944 -0.0426692136140165
0.00791315262928238 -0.0155307282786017 0.0164030117849302 -0.0160582911542386
0.0279744202056086 -0.00277037214774114 0.0196421699594416 0.00132303304421599
0.0332656271949625 0.024519328424276 0.0237209951778743 0.0506118238587027
-0.0058846160286367 0.0492557319735401 -0.0401335565871921 0.13338421192967
-0.0658232575213822 0.00766591544688295 -0.252880875503819 0.0597364212350589
-0.0308875508614912 -0.100655928940819 -0.278558767554804 -0.266335869601643
0.0969652384065841 -0.0925462302798312 0.00250354692558833 -0.41442858421373
0.111180987010959 -0.0125526222773011 0.027843964807251 -0.071554312459823
-0.0146086220057062 -0.0149379209035519 -0.0282168429326574 -0.00569275338172637
-0.0224701283100154 -0.01403834604673 -0.178493950620098 0.35041596870412
-0.0387412320623723 0.0186330475777158 0.196606089843822 0.373269332542372
-0.00560951318598269 0.038302914524245 0.301660618090833 0.0240470918915458
0.0141006997089453 0.0167206548845477 0.0791922084350561 -0.142936909862097
0.00875551327417565 -0.00155191050367111 -0.0356336556045394 -0.06631071156391
0.000807640794265211 -0.0013477838507566 -0.0195543819493723 -0.00845395282011498
0.00367395067752941 0.00634824725997389 -0.0201398446249525 0.00878423853091731
0.00290033696897369 0.0156915516727028 -0.0294350960278319 0.0453768633681177
0.00550651555492744 0.0169025524301176 -0.0606203075518002 0.0854536323872527
0.00534015628315469 0.0132563251715047 -0.126373092469883 0.0735984143831137
0.00303902347629921 0.00126205043115059 -0.189869565829933 -0.0493377169347553
0.0187400750109257 0.0111032607689873 -0.103489369902222 -0.18233407731688
0.00527922482829785 0.0361420907892174 0.0284529339001147 -0.168332285773163
-0.0436424483894186 0.0294730408687881 0.0835276703845099 -0.0185863297749035
0.0684357347588294 -0.0339178546922889 -0.0406766503477948 -0.0119088477113482
0.0174021110931786 -0.0885189733512513 -0.211607623543257 0.338662790041659
-0.0819881581432359 -0.0409424953651323 0.145427348807673 0.384638181112457
-0.0612363701191762 0.0611239710081392 0.270037615330959 0.0665482882572017
0.0108142089515339 0.0569410594428714 0.0896105053738641 -0.104510213227572
0.0335138942634478 0.0191736734276132 -0.015916596719669 -0.0580698181149262
0.0205552643308364 0.000478624305481448 -0.00940147072169956 -0.0128353531220152
0.00773994487200721 -0.00621628904973067 -0.0157812184913592 0.00918013491539203
-0.00292689599760626 -0.000748667357957766 -0.0298969022648984 0.0493722517402283
0.00239226337921192 -0.00524790366404182 -0.062366175731737 0.090438233727113
0.0263386214673833 -0.00883511849273273 -0.128921353118085 0.0902433263654016
0.0498931843067408 0.0114304992823908 -0.198700055646995 -0.0252844746534886
0.0204008746985644 0.0593549975273855 -0.131587852658179 -0.163663367144042
-0.0244500784098349 0.0381033369384842 0.00785350027454995 -0.182711801991947
-0.0324065809981857 -0.00330529071911372 0.0935834075190199 -0.0215014378001841
0.12292893611191 -0.0565758679934023 -0.0719694133401084 -0.00810422493689841
0.0266559304218702 -0.146174224774203 -0.20624070195857 0.330446426748978
-0.121661001413847 -0.0705392767557219 0.114753505331604 0.35166679639134
-0.0879443898810737 0.0818984549956368 0.214780055983261 0.0849123792815805
0.0128155347128649 0.0782912789442287 0.0839873943643604 -0.053204938822905
0.0456405916446423 0.0311490741708003 0.0111601423973375 -0.036623829539269
0.0325391721684592 0.000464939227250882 0.00826149261133677 -0.0152517844310307
0.0103597996909938 -0.0174430548181194 -0.0121074910279139 0.00591006737144907
-0.00211493878133822 -0.0173669220170289 -0.0308458406023776 0.0473390001649701
0.0119614320995901 -0.0243290300364749 -0.0664514776474403 0.0847308745533938
0.0552043938818808 -0.0233951452084113 -0.125241481610398 0.0875221686363355
0.0876234016906221 0.0347100949293819 -0.193575834908474 -0.00793223844883661
0.00079253206041521 0.0991936804657174 -0.155295812700465 -0.140042874391978
-0.0540546196854779 0.0166455588524307 -0.0216585659578525 -0.197544720129778
-0.00560308689832922 -0.0456147170235488 0.100863632759911 -0.0313542368833886
0.137643789257514 -0.0786009998533826 -0.0990743573433639 0.00177592979013782
-0.00679583971637984 -0.164516192860613 -0.168865427062312 0.306041960955874
-0.147075205474114 -0.0486994948186059 0.0886583585413262 0.294080038506254
-0.0683559325082402 0.100741822301913 0.15558499660563 0.100428036140948
0.0273434883672689 0.0708546525063776 0.0788387032050686 -0.00427586211803366
0.0445736523464462 0.0270451449277212 0.0352492882674398 -0.0132014451246329
0.033136149858948 -0.00403472755128236 0.0229818173784927 -0.0168157656974411
0.0108387309783906 -0.0262812991459163 -0.00553125087711986 0.000713905401562198
0.00614233924921474 -0.029273937569087 -0.0295152782696416 0.0390775167950931
0.0378239147522031 -0.0331043845414879 -0.067763474869185 0.0680292414394008
0.0895275057680291 -0.0143669240359123 -0.110706257792653 0.0729266766407071
0.0971856544213801 0.0825261171724695 -0.176301573300169 0.00782514281475903
-0.0539616078395321 0.114657549626154 -0.178722191712377 -0.116388302458081
-0.0784190346475557 -0.0362628971674402 -0.0528891835059756 -0.214525428430802
0.0412292250592863 -0.0865569351857729 0.0999565102951788 -0.0381596698740081
0.117225098106366 -0.0914010775071877 -0.104948918219426 0.00997397336100703
-0.0500901485305011 -0.137158329440006 -0.128006377341068 0.253829131933704
-0.137991712513694 0.00951517588857354 0.0565209112549694 0.249157790983155
-0.0148273818952892 0.101765078902943 0.116835521300919 0.120047506975383
0.0446111560512874 0.0399184055200936 0.0906187890087219 0.0277579766247259
0.0344054266233939 0.0105548877667693 0.0549975119201294 -0.00900338988260666
0.0212197929619096 -0.0111474645897369 0.034115564844241 -0.0177267856596479
0.0102917761826648 -0.0325049286329155 0.00223262441190598 -0.00184532736500224
0.0227709865406941 -0.0332355385302985 -0.0235332353861679 0.0254080356204391
0.0694600937882915 -0.0252662051016086 -0.0539444020120588 0.046730398022059
0.108950796856783 0.0242366533091765 -0.0804626584015322 0.0624857840273536
0.0580525402313762 0.130288840212676 -0.155814455994353 0.035215017277114
-0.127051702031896 0.0822555057907831 -0.21254445885295 -0.0986708709329756
-0.0707787169119558 -0.113590678686243 -0.0801202613541896 -0.24278088648702
0.098987208424898 -0.111949497037184 0.0851099376542594 -0.0441402393131741
0.0873762752505923 -0.0882213090169961 -0.0962648084067288 0.0100180814492353
-0.0659897538204336 -0.0846866826243384 -0.10145151661891 0.197040470255124
-0.0908233687247214 0.0528895254691303 0.0331542959502069 0.229342345446798
0.0357054699793005 0.072317961048299 0.11958302884713 0.137639673183282
0.0438217694561458 0.00181223157373921 0.112037310906051 0.0253583747114697
0.0154941958822036 -0.00757142510231707 0.0632806607712138 -0.0223930759793697
0.0082056689107543 -0.0182228245014484 0.037020453311614 -0.023636018787179
0.0103182225608566 -0.0316624827604079 0.00914580549211439 -0.00536855570449219
0.0363701742294155 -0.026772331089235 -0.0106273314235904 0.0124028978928802
0.0850213004163085 -0.00148619247753578 -0.0273784682319138 0.0330323030533755
0.0906072646909479 0.0676551908003566 -0.0452058968937891 0.0734654897058651
-0.0163346714238329 0.137848761022261 -0.160791408602882 0.07220777253985
-0.16397327592844 -0.00170163059144007 -0.256092013881422 -0.112272054487777
-0.0180403958028692 -0.171828712897276 -0.0885038758704236 -0.291787901295486
0.146052023588551 -0.104012128231272 0.0645856856304326 -0.0495323838152026
0.0631147214988329 -0.0716261182724306 -0.0866998623998153 0.00318709673562517
-0.0497357140605513 -0.0438072546088858 -0.0906304179731791 0.156661413665046
-0.0398847422015493 0.0547523074299246 0.0337764743537038 0.226905250524406
0.0510946826817528 0.0342561984129211 0.150976591176472 0.132373533085909
0.028071077349954 -0.0211258638848024 0.130683071725314 -0.00490320935290724
-0.00102169653173106 -0.0180736028362327 0.0617378932066786 -0.0461738420758928
-0.000249077417299984 -0.0211573604269042 0.0342488880894377 -0.0324874517207378
0.0103233597651286 -0.0255930897281316 0.0141903713479959 -0.0103687762536053
0.0396493272787327 -0.0146619007571888 0.00522074168076651 0.00336598777951808
0.0695437512096241 0.0206662141113345 0.00301870174889228 0.0360109166118746
0.0401993914780362 0.0795112358113793 -0.0281459336353059 0.104754765153744
-0.0729078604152859 0.0844213493592765 -0.200164632271437 0.0845983343080224
-0.122788732484946 -0.0826966927784555 -0.285397262817778 -0.175706578208184
0.055968263933481 -0.164860696594512 -0.0587716774507817 -0.352599152850691
0.15400711250015 -0.064189762778254 0.0443557525322709 -0.057921220197106
0.0495946615577342 -0.0495166289279574 -0.0843495821729311 -0.00375718733799613
-0.0188044388151281 -0.0304842873855204 -0.0867293315009737 0.138298243933547
-0.0131043708770116 0.0251531531371465 0.0533812780680646 0.223032752288941
0.0298506610316226 0.0060888180064274 0.188054345356942 0.108371624018927
0.00746127403983958 -0.0231844477036281 0.140970832879034 -0.044059638876209
-0.00852546107186727 -0.0181614124773846 0.0556070762092698 -0.0706607554086122
-0.000615229593112896 -0.017541804094624 0.0305281418732351 -0.0413993571158764
0.0073467435425171 -0.0164684335626595 0.0153461927710262 -0.0159930225504787
0.0270620818376412 -0.00418824882837016 0.0185552869104673 0.00139811361006649
0.033778037661843 0.0228456623951751 0.0219397114457244 0.0483289562072433
-0.00476120218556493 0.0475990378176818 -0.0385799357742878 0.127679294088723
-0.0638986630316827 0.00801865009828913 -0.242276721990515 0.0523921254197873
-0.0295372638042712 -0.0955319290423643 -0.264228016757806 -0.261412060520892
0.0937423509535275 -0.088724259127912 0.0100011400564984 -0.399583145805196
0.106687669909352 -0.0119871266440487 0.0317953069139083 -0.0689894061916239
-0.01226538116492 -0.012727521550131 -0.0290372353843154 -0.0134344966942145
-0.0196588691267294 -0.0136077508095163 -0.192551268526675 0.343551325537789
-0.0383409643071073 0.0158311156640922 0.18318849261259 0.374468836370625
-0.00617405022737546 0.0382896980599716 0.297301613197477 0.0328147711435589
0.0125108986664387 0.0162906653359311 0.0799418369964248 -0.135608504848664
0.00995980193596163 -0.00269026621500612 -0.0335566013240784 -0.0647983246984312
-0.00065052054087226 -4.662298466094E-05 -0.0160732799248125 -0.0061261067861329
-0.00018591507254004 0.00659697163126475 -0.0175248980505905 0.00944354942989717
0.00258002434636971 0.0150977307188423 -0.0284675585012569 0.0483555127855978
0.00272979042723914 0.0160207982117322 -0.0637854433967681 0.0847325434721007
0.0033492574641682 0.0104633963888756 -0.129217394730449 0.0741378074623205
0.00194110038036915 0.00297727260950363 -0.189993141693463 -0.0586487896841565
0.0195032150153403 0.0117072173987186 -0.0950991526139032 -0.189517778465352
0.00318730722270733 0.0382271909223059 0.039984667386905 -0.169906219850312
-0.0434801421928097 0.0308017379513956 0.0843968089986761 -0.0176777788117506
0.0689453009499454 -0.0317011157384523 -0.0448829808397596 -0.0159010244025268
0.0189670598047834 -0.0867808740675028 -0.224651251268333 0.329970077734697
-0.0799286237624875 -0.0429223041117315 0.129300583513977 0.386730504476698
-0.0615662081992668 0.059501430609044 0.265154156533297 0.0758733017389819
0.00887108487824398 0.0566038280899837 0.0918878036506928 -0.0987761699372883
0.0323268341704687 0.0202801771121903 -0.0133745437037141 -0.0569473633089682
0.0198894708436989 0.00080812371094665 -0.00858317260308757 -0.0130178270891761
0.00639035109876048 -0.00519633399234579 -0.0155231821262905 0.00775806811483565
-0.00295317085058073 5.18553381394461E-05 -0.0292174918561189 0.048851543133383
0.00241985927048946 -0.00446820476521913 -0.0639295286810989 0.088913900046873
0.0252103929918601 -0.00859016656713208 -0.131002459181075 0.0868519985947371
0.0484881875608833 0.0118354559497928 -0.199117650138884 -0.0329460190472589
0.0187315848066338 0.0594866768836022 -0.125737825494677 -0.170169377773844
-0.0251268463197547 0.0377664924310979 0.0152656322899934 -0.184351463176953
-0.0329641455833452 -0.00423934855779567 0.0969514295146717 -0.0209546914611662
0.12190525744642 -0.0529438969313148 -0.0742180418445736 -0.0127231065371031
0.0293315107785923 -0.144068837038639 -0.219314971259494 0.320939602805612
-0.11951045401062 -0.0723014494247402 0.100412660890352 0.353134224832654
-0.0884960052601683 0.0794984227482104 0.209196326118656 0.0932967544073862
0.0108719392589451 0.0774615169893471 0.0854377729786056 -0.0478423758043811
0.0435875311246625 0.031387616115808 0.0119469229221463 -0.034973145894327
0.0318757530133094 0.000980550964531258 0.00867231114173192 -0.0153985507363069
0.00942016099817745 -0.0172983380333729 -0.0119668362368446 0.00564299477023579
-0.00232590560315137 -0.016850172194681 -0.0309655693094681 0.046733902917342
0.0125199379122192 -0.0229641129190988 -0.0673183527813803 0.0841918733942025
0.0546950705387281 -0.021733560315739 -0.127391476876326 0.0846484533064436
0.0858155347205354 0.035474688193414 -0.194000372861321 -0.0153675587331047
-0.00108161386971171 0.0991545076087498 -0.150422056775608 -0.146282176843617
-0.0559398637303165 0.0155154846831956 -0.0141139631930532 -0.200245401825421
-0.00596108900600617 -0.0450317815826913 0.103175384114781 -0.0307355892192592
0.13599737563158 -0.0751940754178012 -0.10035765911524 -0.0057995261785629
-0.00418327350603805 -0.16393868928715 -0.182462995077175 0.296720080358482
-0.147301018731081 -0.050582053366853 0.0760689671390207 0.297724859327204
-0.0712666083982293 0.0981103783696137 0.150371455884369 0.106309423051751
0.0259292898791479 0.0715895901983458 0.0811801869690796 -0.000733109285933398
0.0449356356578415 0.027677069347386 0.0378148838255616 -0.0128597651010509
0.0311149577725825 -0.00272199953709149 0.0251554858500167 -0.0148208092307638
0.0107242966149809 -0.0270909770733973 -0.00610481207330534 0.00244367670276839
0.00675954105244703 -0.030878353184492 -0.0309955894746928 0.0379681397040866
0.0381665726479785 -0.0324081600150099 -0.0678606942483717 0.0680733254914545
0.0889200333393584 -0.0102768246427808 -0.113178456517847 0.0714920529581281
0.0950984544737592 0.0822880727355843 -0.177542670196447 0.000775968381453548
-0.0566066023416628 0.113497298831612 -0.174196786713222 -0.122261633478774
-0.0773841166707433 -0.0400093986451073 -0.0442924073746716 -0.216138542575047
0.0413950761517446 -0.0851404758325403 0.101594878909712 -0.0374197591921022
0.116464789181883 -0.0895957958900067 -0.105641527679715 0.00585323486180287
-0.0480851951372091 -0.136648702127157 -0.138604796599399 0.246610509110507
-0.138921237925642 0.00620304421798053 0.0455587579772617 0.251339960269663
-0.0169103607774001 0.0997927375767904 0.113606170860379 0.127507000071982
0.041895480444393 0.0405240146835921 0.0911557821662104 0.0312793493754955
0.0336527077796982 0.0113873629280674 0.0552626102191833 -0.00722312556767362
0.0216131179571089 -0.0103551986908692 0.0337575826439226 -0.0184032106720529
0.010225020610067 -0.0319894647153942 0.00254862482506254 -0.000482396189141909
0.0226199507434096 -0.0329960850036415 -0.0244298082575174 0.0260376189270288
0.0692801674036469 -0.0237795132882082 -0.0556396455794198 0.0466066191030765
0.107929767505336 0.026942685576666 -0.0836439737470061 0.0603981301620622
0.0561889255720195 0.129575427686507 -0.157262909945511 0.0287213879804572
-0.128242906582629 0.0802196220356759 -0.207432743417312 -0.105948654391783
-0.069544344289468 -0.114537792971547 -0.0694506871324004 -0.2459244277329
0.0991274799501833 -0.108463609171608 0.088690478700268 -0.0427548375039139
0.0880256986319055 -0.0863311586671408 -0.0992799396778497 0.00614508033928324
-0.0655125771670227 -0.0853332575929209 -0.110270171804637 0.193018387111003
-0.0923594359174688 0.0512336857279884 0.0238152387953688 0.231829251499757
0.033767997070729 0.0722410964865164 0.11591290377952 0.145296577553566
0.0433699861582324 0.0025089968849033 0.113337395053842 0.0294625183203027
0.0161605340468015 -0.00777698224540832 0.0639218834740025 -0.0202874785385309
0.00881383585065997 -0.0184833701313918 0.0369442561769575 -0.0235461737216307
0.00982149934280501 -0.0313144085735766 0.0096832134689415 -0.00542280194041904
0.0365484018282523 -0.0268310992474284 -0.0115332631415467 0.0116006600046041
0.084397885283852 -0.000969044131693633 -0.0291399683392121 0.0323787201225427
0.0885363902342537 0.0686710822377597 -0.0478164393475591 0.0716598992780708
-0.0180079864788306 0.136150025772349 -0.161831144060017 0.0632304209807172
-0.163015165066385 -0.00382944858816498 -0.250141699698402 -0.122059233227322
-0.0155989847758691 -0.170723277294278 -0.0765623418858819 -0.293765693282023
0.145661085006988 -0.0988880867378341 0.068634096797352 -0.0492770377799787
0.0633554670159356 -0.0703407019563962 -0.0891830901542442 -0.000527775915840779
-0.0496402752381929 -0.0443470114549795 -0.0992896203612274 0.154148808370065
-0.0414790970599725 0.0545948158196575 0.0260545504097512 0.229892578997146
0.0497780926134833 0.0348040737087164 0.148755263016303 0.141150376337938
0.0283956054467591 -0.0203763362027921 0.132859203785013 -0.000892937371557436
0.00036999427784224 -0.0179193206021437 0.062716468282989 -0.0440881499272446
-0.000194331322487532 -0.0216378785467079 0.0349140036814919 -0.0316258761991303
0.00958927091867229 -0.0247998923662235 0.0147428323165164 -0.0109294464846079
0.0394579950654722 -0.0157341616628161 0.00468484047819193 0.00318482479201089
0.0697168275853697 0.0206865003067902 0.00143174012436634 0.0360238098916669
0.0387893889816185 0.0797814516902017 -0.0310335308680384 0.101855008056141
-0.0726500245527572 0.0829186528232098 -0.199355039337704 0.0754754413985734
-0.119879750528177 -0.0833383343031223 -0.275472860503332 -0.184530549148658
0.0580669159881704 -0.161880438907817 -0.0438087736473883 -0.352735648199628
0.15271995828911 -0.0592639091468961 0.0495024105311989 -0.0577846440437469
0.0501578043892879 -0.0483509304776787 -0.0866018272301185 -0.00640042492289751
-0.0196019909678294 -0.0301353851436984 -0.093869867040594 0.137617329261551
-0.0135891838110678 0.0248632046648003 0.0460763701838399 0.227923757875064
0.0306135431506803 0.00686241602425621 0.185321169996493 0.116643210325864
0.00734695582853803 -0.0227874532844587 0.144371572669055 -0.0397211463260375
-0.00726233029617702 -0.0179317699042154 0.0567359136525183 -0.0684431220238631
-0.000949939640561104 -0.0181128830468086 0.0301612832494747 -0.0409494558526039
0.0079149194978219 -0.0164528430167938 0.015725503625991 -0.0156247298604099
0.0277686169367717 -0.00413447662841367 0.0175297413803225 0.000713926403137222
0.0329888693220983 0.0229196541364407 0.0194510843208551 0.0483720717596875
-0.00455303104684996 0.0469999056058201 -0.0425014338147555 0.123268263019166
-0.0625325131108253 0.00682414407649122 -0.239988981497219 0.0426543885769564
-0.0279599222439108 -0.0946002219513012 -0.252302897949855 -0.26870026255562
0.0928643091687796 -0.0858224965744802 0.024486442949821 -0.395539063062543
0.104389243595007 -0.0100912985290797 0.0374059835367624 -0.0674400873150366
-0.0132436213710964 -0.0147985080428936 -0.0393301113173969 -0.0157443372406689
-0.0224331451893029 -0.013758353661074 -0.209409023554189 0.346020229836302
-0.0378848521928246 0.0142600058846379 0.176145730520907 0.392874147659037
-0.00618064160598637 0.0370412069569062 0.303517464679202 0.0440313252017017
0.0112483682149796 0.0154742009964219 0.0861113395505244 -0.135338184406772
0.00841225569508139 -0.0038914399753547 -0.0337849757813891 -0.0629500656970055
0.00109788025094627 0.000719585723813135 -0.0158716739914845 -0.00587357624833019
0.000859070766949038 0.00768822698414291 -0.0157825289246894 0.00960553269769171
0.00420665879626764 0.0146856501905965 -0.0319491104895252 0.0513593713516443
0.00359658168095844 0.0155808155106522 -0.0639343038993314 0.085137080734965
0.00229433170300254 0.0133643003549969 -0.135818429706444 0.0725222382466306
0.000915437998325738 0.00328750365827678 -0.19596946550208 -0.064102754704457
0.0207010184923007 0.0127905197009406 -0.0950452135288522 -0.200545425751216
0.00431422362478699 0.0398357473552374 0.0477989490167383 -0.179741075037214
-0.04359038814442 0.0302061357118943 0.0917682253378961 -0.0166066533940662
0.0703791551837639 -0.0308275277926011 -0.0492213726872685 -0.0207273865076522
0.0212168013126259 -0.0888198309836684 -0.24590219027883 0.332211526424534
-0.0819006874936404 -0.0463155371373115 0.120218091114625 0.403175773266026
-0.0639300169734374 0.0588467440022319 0.268528223734231 0.0889940067459439
0.00790797339754694 0.0578412800811896 0.0976143935692901 -0.0972301086086949
0.0316952784071457 0.0207245714873231 -0.0120629603344104 -0.0570648416159241
0.020472937700585 0.00170683213204307 -0.00765126444909142 -0.0136262121047984
0.00564851519700791 -0.00564424102365365 -0.0160257795887092 0.00868985791330598
-0.00294680273558521 0.000366266959718365 -0.030864524439868 0.0502233155838552
0.00249552009721971 -0.00309649426204808 -0.0670123227571573 0.091961471799033
0.0249720368050674 -0.00854697968270905 -0.138127920819624 0.0867768208302614
0.0491255421042494 0.0123235897131859 -0.205457035463255 -0.0409664413879626
0.0192470631287869 0.0612509295891504 -0.125492007943574 -0.18215246888287
-0.0279001217249445 0.0379439909307036 0.0225941539728137 -0.192296775366185
-0.0347113569827554 -0.00457912327145847 0.102097788675448 -0.0212374640574839
0.125585057372272 -0.0517225906550111 -0.0796223625772408 -0.0178719274163871
0.0322111439757013 -0.146710929596627 -0.239536481872146 0.32282743426255
-0.1213680980404 -0.076742666431631 0.0905319441592612 0.367748303756356
-0.0925392470940087 0.0795973372346885 0.211138389883177 0.104821471680521
0.0093402164085597 0.0793722049056166 0.0895775641631328 -0.0443607232424821
0.0440870589924268 0.0323369241267906 0.0131159918403441 -0.0341457259221782
0.0324058647557874 0.000536620750252092 0.00880039637860041 -0.0156307126652256
0.00859780612066812 -0.0166960528992135 -0.0118979458629547 0.00554871340862196
-0.00237960172852081 -0.0164097080593683 -0.0318668237366902 0.0477938725618504
0.0133066292609993 -0.0228185395952169 -0.0712316748593029 0.0866078849740626
0.0565973269780323 -0.0211510998743127 -0.134860232718582 0.0850158785804129
0.087446510851824 0.0375626360361511 -0.201111443255202 -0.0222898488731564
-0.0029819021915565 0.102757635355267 -0.150634589963143 -0.158116933249675
-0.0588983983749382 0.0149243923358444 -0.00778418414282815 -0.209302460028573
-0.00644499791623119 -0.0466486859184693 0.108856941317839 -0.0311924759675889
0.140716468295939 -0.0749757606698547 -0.105469949083809 -0.00861063888323627
0.000221453775179446 -0.167971878881914 -0.201063631480689 0.297102544772233
-0.151169274676587 -0.0546086976488365 0.067316041777057 0.311198253857342
-0.0750931296103071 0.100166289670552 0.151356689724022 0.116449858703959
0.024704039669508 0.073257108286137 0.0818310979602377 0.00531642651056816
0.0455609239067451 0.0274864932700581 0.0389952009521467 -0.0121424719935384
0.0319589957938703 -0.00227558369004504 0.0237656467633501 -0.0150936526695097
0.0113005269743594 -0.0282825107469269 -0.00677965248158128 0.00363424728894485
0.00573898694344702 -0.0303013937505505 -0.0322967359247358 0.0397801287417831
0.0388088823900317 -0.0328359194650145 -0.0714072522289192 0.0688091696037451
0.0918843206763618 -0.0107079490518054 -0.120762266706491 0.0711583713644344
0.0976912222651836 0.0861010310627168 -0.184440181758921 -0.00524547325829839
-0.0601314992442538 0.116788153896842 -0.173640810445979 -0.133764150900255
-0.0812309565381581 -0.041096529841531 -0.0367082801774839 -0.227063038200695
0.0420600984225217 -0.087622277898142 0.106203356565148 -0.0382155082429848
0.119755615426862 -0.0893243812800781 -0.113452987340417 0.00222222823837176
-0.0480610618718316 -0.141533569100557 -0.154082456062302 0.249069534189535
-0.143343114795113 0.00583255021588863 0.0374563475038684 0.261281445612469
-0.0188925895820322 0.101006910351879 0.112039849307347 0.138279826594106
0.0425485560517818 0.042833349998039 0.095341186837977 0.0370651276988497
0.0353064858085195 0.011454069228815 0.0581153216055041 -0.00628962110668736
0.0226014572740426 -0.0122071241216171 0.034958778372202 -0.0183672282004327
0.00913201254871633 -0.0326331769482858 0.00196916510830829 -0.000865365530139426
0.0234856848458564 -0.0336337979644814 -0.0255013245385724 0.0261840470021813
0.0723580717566642 -0.0239946685390461 -0.0589229824503996 0.0473168502734339
0.111122985354254 0.0285091603351544 -0.0875955290114678 0.0596906435694654
0.0555983770126559 0.134038158479624 -0.163570959868939 0.0213047997290737
-0.133456030858745 0.0808780466947264 -0.209610453874411 -0.116745869511792
-0.0717103003387477 -0.119077640181091 -0.0620124910122995 -0.256834795206833
0.102411866549615 -0.109829636069969 0.0954651189062501 -0.0436358793400302
0.0903804236811666 -0.0883573283231055 -0.105366598141471 0.00332723242181931
-0.0683611722586303 -0.0897035352560729 -0.12374188127175 0.195764481361922
-0.0969972908648478 0.0515768093247946 0.0163188010151085 0.242911646536871
0.0339059564945763 0.0750808946269887 0.117207760032376 0.157684673904819
0.0442362263388134 0.00428359611815143 0.11847667840813 0.0344500918721258
0.0176630372591521 -0.00777496781238907 0.0671515152749153 -0.0196628766600889
0.00832313285372774 -0.0198378184523505 0.038387069740662 -0.0234388826217479
0.00972401145577179 -0.031873203686796 0.00930736453527091 -0.00620264997254747
0.037953942527492 -0.0285177355110064 -0.0123593421118921 0.0119831810381316
0.0871763011683644 0.000258265786771266 -0.0314843043568246 0.0337311140429668
0.0895246405082233 0.071498172959057 -0.0515804110014653 0.0717887346154327
-0.0211119510168552 0.14025520632323 -0.167651850181146 0.0571471588784328
-0.167552624792075 -0.00556043295128971 -0.252505178133791 -0.133031770483668
-0.0146477440157164 -0.175283854147896 -0.066872084220278 -0.305510713295027
0.151081749154313 -0.0990418471139436 0.0749311519791474 -0.0504687698232911
0.0656554130466816 -0.0721380185771891 -0.0953003620453547 -0.00263518441215778
-0.052970795351168 -0.0467496398448468 -0.109584307935621 0.156618063968802
-0.044442362036981 0.0563374649380163 0.0194224521004388 0.240725557100024
0.0505025817871683 0.0367088040776979 0.15159563524071 0.153363193894398
0.0292803007482596 -0.0200791096119267 0.140231075638769 0.00336764465770915
0.000919495667213339 -0.01778954220054 0.0664768040174829 -0.044380273775175
0.000112334722029182 -0.0224762223114367 0.0364772632013595 -0.0323159399191734
0.00944452155812625 -0.0268675218441269 0.0151191025751879 -0.0110925668585019
0.0406238741588081 -0.0163515968611621 0.0044823916258833 0.00306719371570309
0.0721738639903323 0.0213930160713365 -8.58471277402056E-06 0.0365900979559358
0.0389683553892625 0.0817768740819426 -0.0351948269402955 0.102530675169751
-0.0764339211444054 0.0842120127868148 -0.206248295640288 0.0696114363384875
-0.121786174873801 -0.0868752470983474 -0.276211288428871 -0.198231184422459
0.0609491422391723 -0.165014924525834 -0.0305654906247305 -0.365609305200138
0.156850683394939 -0.0576207366738883 0.0552002867298047 -0.0579018531396994
0.0508458804798656 -0.049793792642199 -0.0911953688167901 -0.00820565371912779
-0.0205631801229733 -0.0320425230818623 -0.105031816540402 0.142198587568576
-0.015282044517181 0.0262265244380978 0.041353037999363 0.240214772035354
0.031241800334305 0.00744209486074647 0.191044288660308 0.128443758276242
0.00816093855814469 -0.0233921906879429 0.152005641571437 -0.0365600640524236
-0.0058661552119738 -0.0186081725117065 0.0612532370703718 -0.069218484889322
0.00015950136489549 -0.0202108349480593 0.0325388936782591 -0.0420686372540624
0.00847035550831284 -0.0176816813412546 0.0159037275188099 -0.0162177308664867
0.0287476123459497 -0.00519098780228312 0.0166445324690282 0.000824315793627539
0.0347315046595296 0.0242785065443588 0.0182995593419566 0.0494242188759384
-0.00589249376490062 0.0485105054902573 -0.0451139591345978 0.124241096664895
-0.0643129698708326 0.00677990375659696 -0.245610438283723 0.0340812110005475
-0.025885425501093 -0.0966442400564818 -0.249627869225676 -0.283541256373414
0.0959889034271506 -0.0861916388118295 0.0398463313348718 -0.406250089024498
0.105765879059467 -0.00583946811916119 0.0454370444847527 -0.0684291673249849
-0.0132164192679009 -0.0119975773870891 -0.0425463818054264 -0.0220395318090323
-0.0243228554322157 -0.0142425940088936 -0.231509800258992 0.366204811318425
-0.0372454286389906 0.0162544109424182 0.180678355994822 0.419131068567397
-0.00622847865055065 0.0366491300544926 0.32114415285388 0.0487272657792124
0.0127516068357152 0.0163860707266609 0.0906601208270201 -0.141751408711324
0.00785976879633686 -0.000158468581013642 -0.0326563778842928 -0.0665984256230935
-0.00343305603358974 0.000798372782452684 -0.0178256834723843 -0.00659696141160354
0.00093845920715129 0.00878687769127002 -0.0166081098328947 0.0109261154103546
0.00327276399918504 0.0159729167731145 -0.0319159638280593 0.0547713879837776
0.00407910557465807 0.0177529643871427 -0.0688079196546109 0.0935612246326284
0.00163441432679924 0.0156611693267065 -0.14591619634535 0.0743279160208646
0.00285731433271633 0.000175644077529937 -0.208051538201413 -0.0711952205529731
0.0207083261922277 0.0120749575116772 -0.102053919764334 -0.218698323305594
0.0057265272038553 0.0411866248912206 0.0518152839131048 -0.193607138462966
-0.049186769721302 0.0311656216074025 0.101373604356397 -0.0201851424354187
0.0734509612391107 -0.0327260726244207 -0.0569188677911782 -0.0254083867256545
0.0222086859824294 -0.0940247697771697 -0.265289864642731 0.351982220697072
-0.0859654341467509 -0.0484190386125603 0.123491905864209 0.42738384583713
-0.0670229331396428 0.0627624076747787 0.283854981840026 0.0967736299240702
0.00820587300275935 0.0611349443957486 0.103353723454277 -0.100069505915973
0.0330571579830822 0.0205947446216631 -0.0122143956790744 -0.0581623854368012
0.0207168395058322 0.00105630758334472 -0.0081165242275976 -0.0137061687072524
0.00464348770427263 -0.00500533254407207 -0.0158783534971362 0.00852170839221944
-0.0034858179601444 0.0008335647546548 -0.0302191445476105 0.0541585972597443
0.0021037912535702 -0.00251056918916436 -0.0699322530669121 0.0983473203132135
0.0266239270309579 -0.00845593866922197 -0.146491351473278 0.0932705388062968
0.0515840316627331 0.0123351405288357 -0.220140346865158 -0.0451538478813679
0.0210329627746517 0.065143444866064 -0.133181090695424 -0.196399832073879
-0.0294067795881054 0.0406357723753575 0.0261905391511484 -0.207403691061058
-0.0373299099173529 -0.00447765701145079 0.110825099285407 -0.0246484535422758
0.13203921351149 -0.0549793366990666 -0.0888413789158791 -0.0211193151064978
0.0333481734672981 -0.154775606883441 -0.259090978589537 0.341112251285635
-0.128972262631024 -0.0804401001273899 0.0925844998111505 0.390845526826125
-0.0966964883251363 0.0846355977466784 0.222739323387408 0.114290501150956
0.0102940928254549 0.0836051900452764 0.0963754770004961 -0.0451878926615839
0.0463244465340402 0.033237945425425 0.0147902127623108 -0.0352205101969489
0.0333285245381366 5.46360344591589E-06 0.00887380031475719 -0.0167918000335105
0.00725687506562595 -0.0175860870262716 -0.0122916118866426 0.00565187928748621
-0.00354881243964988 -0.0172801861230003 -0.0331520088178309 0.0511372526760421
0.0136179625001878 -0.0233989431689666 -0.0750262922482055 0.0933332835681085
0.0587916201279184 -0.0229157749198679 -0.143159177241208 0.0916340067280638
0.092454803719926 0.0384341259724801 -0.215791092538008 -0.025415653818083
-0.00277513250414503 0.109693969782086 -0.159675942961551 -0.170617557616144
-0.0638999016769934 0.0163671727054605 -0.00588405867339257 -0.224828766264815
-0.00856765804112173 -0.0497677828258627 0.117459283159699 -0.0351458609258844
0.146878569154566 -0.0801339252138312 -0.115360812707332 -0.0117240411445564
-0.00429567538544241 -0.1769249042961 -0.217302739178177 0.315676990615847
-0.160492191200805 -0.0547210439340954 0.0673619201012256 0.329433393293613
-0.0761279538666979 0.107071572743944 0.157952690497533 0.128131029821224
0.0279073710871701 0.0777560579719183 0.091135007877713 0.00668984196714576
0.0481545251177317 0.0279141602684915 0.0407288494264981 -0.0139168342113588
0.0321659707259 -0.00486138356002484 0.0254313010850905 -0.0168846155554386
0.00824090172417349 -0.0266572158203193 -0.00601611379044687 0.00212658437166206
0.00671776886805358 -0.0329632673172642 -0.0338348733466826 0.0443981194244631
0.0414959208419884 -0.0340655246594424 -0.0747753965022613 0.074009659200302
0.0977485003506984 -0.0113225156068565 -0.128598789291503 0.0768336404469469
0.103256464499763 0.0885746263877425 -0.194888020090059 -0.00961341271525261
-0.0624430927219092 0.125741777608375 -0.186067385438385 -0.142680985348991
-0.0882524556382045 -0.0419339870627987 -0.0385227239460629 -0.244352859619323
0.0439816064143313 -0.0929328061805384 0.116330883274855 -0.044110174054107
0.125464868829492 -0.095431372008098 -0.122472312964957 -0.000331744404462197
-0.0536442068432767 -0.14881457389978 -0.167427497004447 0.264502946241111
-0.152576549978303 0.00659474401670289 0.0362828767969211 0.27982051183191
-0.0190267503888137 0.108401660752043 0.120061282538144 0.151878331781025
0.0456437622560992 0.0448981499150015 0.103527289900325 0.039247900443451
0.0381182844808121 0.011912915783215 0.0615371518832489 -0.00692903406509745
0.0220785441647822 -0.0136417508336896 0.0368565705863205 -0.0203780952072498
0.00800294586319782 -0.0337933714091096 0.00236576095328322 -0.00163332961428275
0.0230997720346688 -0.0366488188195983 -0.0268834818386426 0.0277048339396722
0.0766464083749838 -0.026454751252556 -0.0623631248817585 0.0524468695234893
0.117334576919053 0.0290829789007352 -0.095153716681719 0.0652289985813691
0.0601376518696227 0.141832228289203 -0.174989619438453 0.0207040773223581
-0.140162148453249 0.0885050647547726 -0.220317927196243 -0.1266639096078
-0.078806688638727 -0.125028397975659 -0.063383361387991 -0.27550033372634
0.106929690564245 -0.115610873087401 0.102377637168448 -0.0483254613210469
0.0937653756036667 -0.093517964342549 -0.114282057905688 0.00226695283954008
-0.0746150635457217 -0.0942732770142399 -0.136137511902274 0.207267929621536
-0.102804943548605 0.0560085075042672 0.0151842391040422 0.259206315894693
0.0366826862128524 0.0790977150789409 0.126553931672978 0.171917998124173
0.0471385452220741 0.0044849926332928 0.128947393863421 0.0362292731577861
0.0190309860877048 -0.00845666792358217 0.070883116512321 -0.0207841678181453
0.00831260034430678 -0.021513751626488 0.041365442823513 -0.0258538605109986
0.00846208321439222 -0.0335681182727665 0.0101223835919464 -0.00704825749457384
0.039320593491923 -0.0307447967253441 -0.0126715835140988 0.0128562609711462
0.0929625527412741 -0.00215491120137968 -0.0332494044930661 0.0371818793736135
0.0964232019131821 0.074805232111847 -0.0552248476660003 0.0763052714870784
-0.020888871717567 0.149269801704222 -0.178700036009726 0.058210664058644
-0.177756201952478 -0.00400453680601401 -0.265083271354054 -0.143390018481247
-0.0183472796802906 -0.184225735109289 -0.0672914719747029 -0.326168792628482
0.15715046511845 -0.104579913935985 0.0824560615183378 -0.053489634312629
0.0676139083619288 -0.076673696711669 -0.10339862678496 -0.00408839932951208
-0.0576362497691545 -0.0498412532617281 -0.121793222879666 0.168189161449711
-0.0470658736031808 0.0608155562652577 0.0195071638182291 0.258204266247584
0.0544553370500382 0.0379200753655959 0.163439986711592 0.166168175953589
0.0309911042769222 -0.0210313663653522 0.151166456530853 0.00275708001463484
0.00094143795489937 -0.0186701479239446 0.0712088690439265 -0.0470361303457496
-0.000219040123883413 -0.0253146884884761 0.0384683724169017 -0.0344459460826698
0.00819186414867297 -0.0286424221267058 0.0150682792488086 -0.0122248889180181
0.0430199731191806 -0.0179612626753345 0.00319417096332515 0.00342626561349026
0.0775030335572437 0.0218118032743675 -0.000748432822631191 0.0394498608756656
0.0422279103863722 0.0862696981576366 -0.0370674898310755 0.107273552014778
-0.0798249168527914 0.0896947907006348 -0.218241938245666 0.0701324943007508
-0.129469606864227 -0.0898393455164929 -0.2908188850536 -0.212876988078534
0.0622510143741616 -0.17396630351038 -0.0292168996325845 -0.388277136444019
0.164793054731852 -0.0606552637139504 0.0628799742497102 -0.0628827680925821
0.0529327417706034 -0.0526296095486324 -0.0997651611066196 -0.00927122267767054
-0.02251931846816 -0.0339868360724613 -0.114536319643176 0.153721136917934
-0.0159695243532552 0.0286915266627033 0.0436517443810135 0.258345986568685
0.0333976004690732 0.0082746207623864 0.206139204615333 0.140367439783766
0.00831248954910951 -0.0241281684651361 0.164323575969192 -0.0411199075126177
-0.00550148585062347 -0.0194299523245526 0.0661646636198536 -0.0735844528775104
-0.000314017867076428 -0.021505180208385 0.0341871851617538 -0.0451574545207682
0.00763592543165582 -0.0191096533159256 0.0160462922819727 -0.018169958229397
0.0302549255803444 -0.00754260769049119 0.0167724273529753 0.000622928966594369
0.0373863121514171 0.0244516906204275 0.0191821693076087 0.0522259426564041
-0.00496796046525712 0.0516791952705284 -0.0489550576746067 0.13034624230971
-0.067872727482733 0.0064496012752113 -0.259166736505153 0.0341169852473515
-0.0277107064956162 -0.100963094888159 -0.26144266088616 -0.301101216461314
0.100350239884124 -0.0912789844944261 0.0473959092182816 -0.430200215499951
0.110816453432488 -0.00672286567978999 0.0523671298875319 -0.0730368243948722
-0.0184944844232849 -0.0118522759539088 -0.0528341818819316 -0.0144503494575286
-0.0230996187800257 -0.0151483147866682 -0.185180055274776 0.427929840607384
-0.0443141800230868 0.0214937798087293 0.266897447616132 0.409476139706437
-0.0044703828043996 0.0425593270554643 0.345773283252403 -0.00817011337284338
0.0169294132696413 0.0189730268956128 0.0696354066741792 -0.165526237228364
0.00477293396846847 -0.00294341406919891 -0.0424880928493168 -0.0615460393798467
-0.00304873152231349 0.00245699518810304 -0.0173836545196111 -0.00720915806965379
-0.00129240482192776 0.00839373648710818 -0.0143597100693426 0.0142250728440477
0.00608727083370495 0.019062388253335 -0.0220635656783033 0.0579159273022117
0.00648028260318477 0.0165409080189405 -0.0519252824038269 0.110435453251803
0.00312772523824541 0.0108000124117036 -0.139849169075002 0.101839604712639
0.00381562454102205 0.000742664872644468 -0.238631590908026 -0.0456594588985155
0.0266163827226687 0.0101081649779219 -0.14243799446758 -0.22078881972966
0.0104757678539193 0.0424559505007833 0.0270600321144962 -0.215849909997658
-0.0475951246863582 0.0404793333001321 0.105396626513901 -0.0406495751256177
0.0720302922316016 -0.0477544873082155 -0.0726002620928253 -0.0109778107313434
0.00754676543373628 -0.107171157626865 -0.224298473910895 0.423229913974074
-0.103036459697233 -0.039905670082786 0.208837331541203 0.432197434491671
-0.0629501295659578 0.077438606936786 0.317795790575836 0.0477790575440646
0.0186336443073759 0.063967352513795 0.0914112757014141 -0.124873794972477
0.0378556161696256 0.0164101663855189 -0.0230390616537507 -0.0583090630917619
0.0205407397795492 -0.0024153414178147 -0.0106380798935394 -0.0130660218724515
0.00209546563215396 -0.00618086669258854 -0.0137262436105835 0.0111991091585119
-0.00400823156832478 0.0020139941292636 -0.022055983697837 0.0621282116491833
0.00152437641555852 -0.00259439078713562 -0.0563235014975785 0.115968973034592
0.0249509806598638 -0.0149471058297093 -0.140704313651627 0.123223623021905
0.0567486869714132 0.00409881089656271 -0.243937088850539 -0.0139135478965616
0.0334396859918825 0.0641172688200479 -0.172994014385333 -0.190597410281552
-0.0245313429947194 0.0486941363579929 -0.00418479805659883 -0.225211217432829
-0.0400553538527032 0.00150136088395695 0.114650999817754 -0.0467043763689077
0.130076502548862 -0.0833892943225911 -0.107351567568756 0.00295450301092548
0.00834611798809196 -0.173612641682871 -0.217696780115483 0.413465896098956
-0.153090102289188 -0.0655745643427423 0.172607398526494 0.400846548029877
-0.0905969092617073 0.104817661522998 0.259081396797797 0.0763615258980209
0.0245133478431462 0.0872206116862889 0.0939779700725634 -0.0670754602234407
0.0539204929488068 0.027378279078799 0.0077224599240011 -0.0395754055381172
0.0337255028791406 -0.00560086753740102 0.00528858902530551 -0.0200447524721142
0.00339640308288117 -0.0192216180716813 -0.0113173200604034 0.00823361226757259
-0.00767463007649249 -0.0173010507131653 -0.0254631847709668 0.060162392151245
0.00975715615332969 -0.0270045648193298 -0.0632518666041467 0.111268784311855
0.0563315905022475 -0.0348179767161981 -0.137908812920087 0.121579410157051
0.103444135867152 0.0251381751148654 -0.236557675033285 0.00556735655376706
0.0177443391573855 0.113828843631307 -0.195946980771732 -0.158042138190052
-0.0650037308085848 0.0302578577213218 -0.0414174727245687 -0.237903148320738
-0.0188603687236965 -0.0501171913732633 0.121329900509885 -0.0579028983338018
0.142432137637612 -0.111293118111005 -0.133395303954166 0.0215177231731747
-0.0337100742662593 -0.190478967400802 -0.175851667221834 0.378891020751547
-0.181627564033435 -0.0339190403305225 0.135767366013729 0.337738965255868
-0.0664316910765579 0.125229141015938 0.196518881523315 0.0983819972634008
0.0396953631471464 0.0774847694494418 0.0957995695673769 -0.0111340543561383
0.05419886332893 0.0199981221961648 0.0383289029733879 -0.0225545490138303
0.0315226832424971 -0.0108716179909016 0.0234168549670639 -0.0220799071923294
0.00402404394357984 -0.0303305047833208 -0.00670359164849538 0.00496506310558339
-0.00116471426541141 -0.0331580664537576 -0.028293540294286 0.050485962616118
0.0385553919509498 -0.042930366162373 -0.0677596411754131 0.0913619199241661
0.0981906592143364 -0.029467746560352 -0.126776224787675 0.100417777386802
0.123571672140642 0.0757532309778982 -0.213258466035065 0.0192351923418439
-0.0419262175182218 0.142764344667492 -0.218116111245111 -0.124549878164293
-0.10105047973167 -0.0274453144003716 -0.077358754300449 -0.2514111719972
0.026762476277789 -0.103939878975206 0.117715415925582 -0.0676046198325875
0.11545554307297 -0.125850292879094 -0.135340455150115 0.0354817766179425
-0.0835483409911745 -0.152105165286911 -0.133237176806404 0.313548756850067
-0.163250741573678 0.0313055041536542 0.0922019332101056 0.2878000842825
-0.00677233538022651 0.117056509109209 0.157385590897018 0.135256131896847
0.0535697006020114 0.0412326455216742 0.115688871676017 0.0212452224120332
0.0409296525274136 0.00583147229392445 0.0628209196286007 -0.0168858720510008
0.020135143640215 -0.0182784735648862 0.0345707519813664 -0.0292920477108473
0.00221628376016919 -0.0351733039532314 0.00164385019690911 -0.0029174936554418
0.0169328335331448 -0.0415504302849215 -0.0244457853197429 0.0343190737354625
0.0753777081088599 -0.042004868274335 -0.0578066439626431 0.0664021637041609
0.125995978304323 0.00942919972502699 -0.0922407258376615 0.0833643371306813
0.0874476527043562 0.138000713416672 -0.182853721314184 0.0456758083945163
-0.129606207810775 0.116633700934802 -0.249785299519409 -0.0989118815564061
-0.104192457707687 -0.11184511638863 -0.112513241112757 -0.280017903915522
0.0885250748679317 -0.137454176657677 0.103099206867497 -0.0701015655553588
0.0813419050868361 -0.117678423438359 -0.124013902901281 0.0334919409524424
-0.0959818368296136 -0.0902336555374154 -0.108881751138861 0.245808995541533
-0.101796199341441 0.0757199590865889 0.0625202301724427 0.268000018695357
0.0476769322082216 0.0776773443854932 0.165279968467186 0.156651792951171
0.0490726447319861 -0.000833509636566717 0.143702843185545 0.0143841365774302
0.0190121301406778 -0.0110137898024387 0.0727220560792429 -0.0338558098989825
0.00364194186547426 -0.0241688549805077 0.0367173333242488 -0.0355496036581173
0.00136728760435056 -0.0369956433517898 0.00891313266851188 -0.00941466817203224
0.0342503296871148 -0.039369199327991 -0.0126117516394986 0.0150150827113934
0.0968918438310953 -0.0197561404565662 -0.030095171405565 0.045663596632498
0.112542407976271 0.0602948262367226 -0.0480813823241389 0.0873315748608228
0.0029534753091428 0.157640506175458 -0.177883204003196 0.0852000871228102
-0.183831570317914 0.0280093791661154 -0.299475991571027 -0.107066279722192
-0.0503976106629207 -0.184788723239905 -0.126220216412258 -0.33273512264229
0.143659535559462 -0.134160064142956 0.0824068142161769 -0.0728221450180832
0.0568959178524545 -0.0956458028458621 -0.113419690704709 0.0238891037248926
-0.072117978206149 -0.0457701808305468 -0.100110955081744 0.202589432311028
-0.042369106133648 0.0705418085069437 0.065656757599402 0.269716530984286
0.0604872077174762 0.0326561502247127 0.203862400438321 0.145460583810761
0.0284277098251457 -0.0246157377555664 0.160905124860185 -0.0242217647688481
-0.000898768364303079 -0.0199269082701045 0.0675977977100287 -0.0615763107036172
-0.00489727970712182 -0.02669162277807 0.0345412330956667 -0.0447275849217696
0.00298284357222658 -0.0307276591628501 0.0136029072405569 -0.0159549115518445
0.0413776355761146 -0.0284392487395783 0.00344232077783931 0.00190677658450537
0.084794219412764 0.00769503638050858 0.00485527097156221 0.0405646656563034
0.058165386506766 0.0824226029972332 -0.023223893266842 0.116972436624464
-0.066942662288564 0.106235870135904 -0.21707419999402 0.105097012894425
-0.148214345825665 -0.0691851899908735 -0.339406849927851 -0.174239079858403
0.035287781358963 -0.186719373681782 -0.0953063956788656 -0.405843750015275
0.15835003473201 -0.0895254049989603 0.0610580402543457 -0.0784115979029454
0.0468185575810611 -0.0659422176458085 -0.11109164908714 0.0160657582462808
-0.0318701258338918 -0.0346912026157397 -0.0960410229366038 0.187844932512565
-0.0138665717493129 0.0326020414817371 0.092889916242418 0.268004102846699
0.0345909927385065 0.00443769989260216 0.245022542016533 0.110184940029238
0.00595709392813299 -0.0243584992802164 0.167103998911281 -0.0725732644603647
-0.00868924904706153 -0.0188777229726607 0.0581163489486032 -0.0888024385272173
-0.00419963054845282 -0.0235922162810948 0.0279436455635144 -0.054918040445515
0.00415785531665217 -0.0211345954925314 0.0140494653158708 -0.0221651292916426
0.029512056782506 -0.0143878781875093 0.017556449469436 -0.00206395466153409
0.0433645017948111 0.018502896232471 0.0284227490602576 0.0500507244791056
0.00314509981813893 0.0541966919591507 -0.0294519900330485 0.142242002431757
-0.0662518255327074 0.0187769617866677 -0.266134474073224 0.0757956368801188
-0.0444719039587151 -0.0989941794155935 -0.324260885483935 -0.276331302141047
0.0876036628044757 -0.10627666993534 -0.0196793246565053 -0.463752759066034
0.11224527357001 -0.0253186593439797 0.0490418752261523 -0.0868059134948085
-0.020947605517582 -0.0105636698502082 -0.0616952839282026 -0.0062290503320247
-0.028670009498216 -0.0134185359675212 -0.15257710295496 0.45263567527197
-0.0432384104734719 0.0252103916037234 0.305983014676947 0.399689509860557
-0.00384374561089808 0.0429358399501314 0.352759900797141 -0.0321641866465518
0.0161709434213463 0.0166078107757236 0.0579674746306108 -0.170294968227376
0.00448222505009309 -0.00034574657019716 -0.0468975247749846 -0.0558530975567581
-0.00249531119429572 0.00377541330295109 -0.015800801247864 -0.00671521510092587
0.00120306962352688 0.0130210755005554 -0.0158929437249128 0.0123956196779826
0.00641182229589395 0.0165778577478272 -0.0130152753713236 0.0614257568356591
0.00733618065329719 0.0165425782747253 -0.0444354460808409 0.116039627829957
0.00212530486064215 0.010137353859264 -0.133133412259803 0.120368629520501
0.00223131057964502 0.00303738078980917 -0.245741693466457 -0.0293165515353641
0.0251829652552662 0.00754656216423409 -0.165693591059976 -0.212253175192037
0.0159780899967929 0.0429873889531168 0.0101976179140365 -0.227624921946033
-0.0411562001307434 0.044830439208355 0.108209913067178 -0.0531720798078006
0.0687435607768701 -0.0559057555032816 -0.0807239304827585 -0.00579597234837459
-0.00255523335458339 -0.109627214974863 -0.194791439922702 0.453988161497309
-0.108683656823308 -0.0317065128204687 0.248966979532309 0.425520333993968
-0.0570082744312475 0.0834077026879283 0.328181797122468 0.022950041102389
0.0244765595891317 0.0629730724746465 0.0833977656325736 -0.135302466984845
0.0387760881466961 0.0132260875643681 -0.0270730965884256 -0.0556361338563406
0.0197576166530695 -0.00446204253807353 -0.011345110265972 -0.0120008555698979
0.000470306554488069 -0.00466463881360705 -0.0131686707068906 0.0119678338146259
-0.00396665772848371 0.00319530573072996 -0.015603915999058 0.0641697975256988
0.00133867855432818 -0.00219505316058475 -0.0453625768394837 0.123967950358056
0.0228253401048776 -0.0169884635170954 -0.131519361153712 0.140027679236118
0.0567464078966954 -0.00186146999729143 -0.253099347585402 0.00676311101106052
0.0414623653136031 0.0615140140657941 -0.193477985742419 -0.182740595865727
-0.0211692943332759 0.0522229209542987 -0.0229447656691523 -0.233391705971172
-0.0416144664435358 0.00471162786100413 0.115520831799719 -0.0603820666227205
0.124392089205522 -0.0962471548160144 -0.113390672403633 0.0112679946041446
-0.00762538347215147 -0.176612316406304 -0.190326252199438 0.442690107528761
-0.161708764933572 -0.0523901953737301 0.208176150726949 0.394523394406464
-0.0820693013330918 0.115273377199772 0.271005784099361 0.0584041684672918
0.0325511127112174 0.0861226707933495 0.0912483600160334 -0.0765227079194171
0.0566052416751976 0.0219408379280485 0.00596208397946613 -0.0398728603401758
0.0331222174692115 -0.00837376305908781 0.0042216729058011 -0.021097234097325
-0.0001968397897502 -0.0182537272530423 -0.0111659470321501 0.00874451573743525
-0.0106431427773366 -0.0160549036565055 -0.0195342628844103 0.063352737530096
0.00782938002902573 -0.0277488926489422 -0.0530550010075767 0.120677972644481
0.0533886234200234 -0.0405344773987978 -0.130071240839948 0.137681648444982
0.106806443696086 0.0152882692322687 -0.243939620741392 0.0262403073408605
0.0292944837652692 0.114884715300831 -0.214539686833407 -0.147698090071187
-0.0647402490441724 0.0369617145902449 -0.0627686575135707 -0.242568135676794
-0.025497422285033 -0.049034308664483 0.12034075756643 -0.0730449075414186
0.132212705473148 -0.127314905056306 -0.138423203820718 0.0345118429210366
-0.0542426020240341 -0.189772110369829 -0.15053998463676 0.40465161737158
-0.187503404265437 -0.0148625344550959 0.16653451882395 0.334931508854441
-0.0549803853924574 0.132271200416547 0.20872425911214 0.0885948294099495
0.0477840102334715 0.0741246792234086 0.100566381666157 -0.0202452850980009
0.0579366230406755 0.0175214343990088 0.0404810369223331 -0.0237170618880285
0.030177057150807 -0.0137127096871612 0.0210024026868636 -0.0279194666244825
-0.000236234595895042 -0.0286334870108219 -0.00661213615437608 0.00373030580749042
-0.00438342665170163 -0.0339412248493987 -0.0247492031643098 0.0537297487393547
0.0325894633376507 -0.0479526549448912 -0.0577134787267301 0.101181077078511
0.094647591493593 -0.0401160071468214 -0.119856916497458 0.11761752582743
0.131914355183526 0.063763912760383 -0.21718716301587 0.0352090594798365
-0.0297716769676839 0.151117058378054 -0.232457545163121 -0.111024025676867
-0.105319011831857 -0.018159635504379 -0.0995787218936736 -0.252773358836773
0.0167030053336247 -0.108266315252996 0.114923300330807 -0.081337720081507
0.105799127908658 -0.138606746962747 -0.138708881179008 0.0455900676777786
-0.100756189881913 -0.147115252735929 -0.111876708973042 0.334260404052908
-0.162566551869616 0.0480728004072784 0.116619713595444 0.287563734655718
0.0046881127687778 0.11873030767065 0.172986900453982 0.12572728211461
0.0591307149259104 0.0370761609237558 0.123000864789652 0.0104736243804909
0.0428421126989829 -0.000385762675211127 0.0644782260611646 -0.0236230520133322
0.017986255840017 -0.0193602892690229 0.0325911273189508 -0.0329300040800578
-0.00338941298087745 -0.0357022126780203 0.000685157721531913 -0.00318811587196457
0.0118480708933556 -0.0443683583440096 -0.0217302978401475 0.0376083584714448
0.0727751176651414 -0.0510905858848697 -0.0526139133305076 0.0747050287685584
0.129583363406456 -0.00323255285069779 -0.0878944122017237 0.0944408895214895
0.101298585115114 0.132810224830462 -0.185287293219246 0.0593018603358367
-0.120626597171857 0.132501516606917 -0.261603751320098 -0.0821146155468881
-0.116983908557755 -0.103287292395822 -0.136996776795104 -0.27837013577751
0.0756873727076917 -0.149036328717247 0.102231649645786 -0.0832431152490498
0.0712952817355946 -0.126915575672955 -0.12739287612689 0.0452699691168158
-0.108604664535803 -0.0814393363439816 -0.0925766910301445 0.261906552853688
-0.0972598771391212 0.0875246264832582 0.0861102077698027 0.27263002359316
0.0564400114659432 0.0740662134726147 0.185938184542126 0.147188008975747
0.0504484123451828 -0.00471275136673265 0.150587089015791 0.000908509285926892
0.0190023009690826 -0.0131278687658303 0.071139404047381 -0.0415324461215389
0.00147945505329686 -0.0249746439103846 0.0348711371260638 -0.0400949864980348
-0.00323348743448015 -0.0367841002431415 0.0083619160100535 -0.0107521209652441
0.0303100127974718 -0.0443682441113052 -0.0125638737565556 0.0174507150053996
0.0974074861785396 -0.0309018582228432 -0.0277553491482265 0.0497904159256253
0.120751855454011 0.0499666872683903 -0.0427194455061602 0.0936157272542801
0.0188941986021897 0.161159996551997 -0.175615612412608 0.0995501175594981
-0.185095454085976 0.0481402731616131 -0.31418802474273 -0.0858621309891008
-0.0702700945639223 -0.181433897186439 -0.154975565969632 -0.331802146688347
0.132551301800406 -0.149252109944386 0.0799569579532048 -0.0835462980332496
0.0476610284955683 -0.103287474477791 -0.116670860684088 0.0350466128126856
-0.0790058647314215 -0.0394886482980723 -0.0873086309050442 0.217445596704995
-0.0369793558624751 0.0767317878876159 0.0910906323490952 0.273159536633847
0.064541943756307 0.0267692513134624 0.225731612683519 0.13245661804439
0.0268728434614993 -0.0270985163954073 0.164635829275758 -0.0418933473812954
-0.0024169390665112 -0.0207167481240121 0.0643073892542932 -0.0703639733067594
-0.00822180291252109 -0.0272474110869454 0.0304782190842521 -0.048994907968429
-0.000716027195098517 -0.0307562554233326 0.0111401599534011 -0.0177692596711901
0.0379720140487476 -0.0329062166135245 0.00252733097228184 0.00221237771658669
0.087158587986119 -0.00194301049695049 0.00845948317875465 0.0407783428097231
0.0681998932347792 0.0776445326558096 -0.0132986012952919 0.120045925371966
-0.0574810703662975 0.115362032692607 -0.212168885847881 0.124136607528364
-0.157137752404639 -0.0556697537415218 -0.359904988564647 -0.151503803273139
0.0165101471526103 -0.191246440956681 -0.128990431555411 -0.408491848306117
0.151765159294168 -0.105707243422071 0.0591814434929553 -0.0874616400022733
0.0401048794728554 -0.0724574005078866 -0.115844216520089 0.0272625768797014
-0.036829500737698 -0.0317834609357282 -0.0835431144603505 0.204039305397464
-0.0121545021596757 0.0347031666140387 0.119446850603958 0.268480656251785
0.0355667818220766 0.00110169758929645 0.263867747200518 0.0926088742478692
0.00429574624541616 -0.0248379477076866 0.166553083760504 -0.0920566318910636
-0.00989475705474793 -0.0186752003674272 0.0499179407879602 -0.0979715473211203
-0.00740471562508262 -0.0241092441509145 0.0226329148701307 -0.0587669806392866
0.00114860965604839 -0.0227620774511531 0.0109756344732914 -0.0229402531357668
0.0285266787487218 -0.0183753712152764 0.0161903121087326 -0.00441524310032036
0.0467780412715742 0.0142722190746088 0.0321495696684995 0.0481430058680519
0.0100490088203185 0.0546646128400731 -0.0173493776853037 0.145235486505562
-0.0662442295561076 0.0257317449945116 -0.265379038169621 0.0977674434671841
-0.0546721041428608 -0.0948485884609383 -0.352287667002971 -0.255226662370248
0.0785206506015954 -0.115486574796438 -0.0578526513126877 -0.473608860357712
0.111193269129716 -0.0360589858020968 0.0467050253744182 -0.0947451060276515
-0.0197242663794122 -0.00494787310621687 -0.0626110218832679 -0.00634949456515229
-0.0266977906770295 -0.0105768757903917 -0.116936330539245 0.453224065427347
-0.0425858282866045 0.0257789275842078 0.326996276138172 0.364686750605494
0.00441079450620058 0.0401805897011426 0.339479817212837 -0.0608768697277229
0.0171288373611646 0.0132048726499014 0.0444937725246971 -0.170273976351429
0.00210162220134121 -0.00273026923884838 -0.0467508924826336 -0.0492598324946483
-0.00208994096746147 0.0020065341414683 -0.0156591187741841 -0.0046988278238021
-0.001384873084182 0.00876882042658136 -0.0126523558930177 0.0119696517126936
0.00985409904150056 0.0186898080149725 -0.0107094409170403 0.0585626591268298
0.0134847001306425 0.0180686192417276 -0.0338567058495173 0.1136519073158
0.00383408400964922 0.0109576328151216 -0.121196312889589 0.127390480756877
0.0026956306187309 0.001428465664623 -0.244976826560568 -0.00700229817613538
0.0289329650262182 0.00323986893837852 -0.179004342102591 -0.198613178749982
0.0221235362134615 0.0411607977450648 -0.00310692556534112 -0.223177106619874
-0.0401051054351355 0.0489087460483723 0.102430586125221 -0.0622163796669912
0.0610980042950596 -0.058570429471368 -0.0828702240933032 7.35180912509787E-05
-0.0110661028386002 -0.105408336290588 -0.15857356196215 0.455876916209962
-0.108215059738677 -0.0215102397306845 0.271841404438031 0.393947104864152
-0.0477397384688821 0.085189095050445 0.320356016427477 -0.00124266731167056
0.028498607554268 0.0585475515319029 0.0704854589291365 -0.13588744888845
0.0374850494019894 0.0090329610628747 -0.028710870916909 -0.0499587245545515
0.0181063723731967 -0.00557985902151181 -0.0111102509437936 -0.0108567833555181
-0.000881355017781938 -0.00383609630354918 -0.0118083416560945 0.0119311101337103
-0.00449399400540692 0.00401483347921837 -0.00912588212093289 0.0628899951809432
0.00196848540371596 -0.00247874696237362 -0.0332644847565326 0.124084512048996
0.0200578958677874 -0.017628542336028 -0.115891949184772 0.147421899875321
0.0537112417512617 -0.00673719437557709 -0.246636068225027 0.0262433259214548
0.0457510368657538 0.0558762113818803 -0.203385436710616 -0.164406398367441
-0.0167781847246836 0.0525007689909284 -0.0403802121626321 -0.228039910881133
-0.0417398681864105 0.0093230974281659 0.109267003705302 -0.0698219311917462
0.111506088761472 -0.103051436584688 -0.11311177319104 0.0199526727840625
-0.0223517230810875 -0.169324534106088 -0.153426170551879 0.443514403569514
-0.160923711613721 -0.0371657611384983 0.229504849191986 0.367934509185461
-0.0693379483759047 0.117501577854333 0.266775641138962 0.0372806790495575
0.0382187145492016 0.0802073815452817 0.0834922176904243 -0.0807021913305485
0.0555744143461963 0.0153410477833121 0.00414445187806341 -0.0380148359503812
0.0303233605806953 -0.0111388373047607 0.00244840501394731 -0.0201324935327307
-0.00307855791049287 -0.0163339106172535 -0.0104825864980029 0.00901322739715486
-0.0117641253640838 -0.0135503229926786 -0.0130217007460941 0.0629998392544374
0.00551642718294234 -0.0277205799577193 -0.0408819763255492 0.121966777310691
0.0476148724233482 -0.0435721236573482 -0.115305215073847 0.14517567310179
0.103765598871571 0.00514177246290704 -0.237547901787711 0.0432356078718881
0.0379453958262088 0.108360375041108 -0.219910668057113 -0.129334402797347
-0.0597343921053543 0.0415937786074804 -0.0787326822374637 -0.232840736054361
-0.0297526261731794 -0.0446413421460589 0.112534250306801 -0.0821547848924641
0.117011591121262 -0.134783207747694 -0.133532496634808 0.0442196578798177
-0.0685478761575669 -0.179660937475716 -0.119164268518911 0.403362678534291
-0.184765515939866 -0.000793052782231337 0.182452607434958 0.311755209591845
-0.0413320166084034 0.132340484700672 0.210032143794262 0.0726372044905933
0.0513544344508598 0.0698050738427645 0.0976451637801272 -0.0282138563366641
0.0568810742471235 0.00942107706233795 0.0391926777181771 -0.0273053056395422
0.0280395393822716 -0.0163273576812296 0.0179398689036337 -0.0285013063890143
-0.00582198816018557 -0.0255029026481016 -0.00568792235144453 0.00414823720356585
-0.00634636966997925 -0.030472394546541 -0.0187523379783345 0.0538334748429338
0.0283969141108299 -0.0504543184003582 -0.0489082658071723 0.104873838591142
0.090951741776716 -0.045741122941783 -0.108456753834157 0.123053354452846
0.133550693625351 0.051475203845088 -0.213995250622589 0.0501697390581245
-0.0169066832597658 0.146153049937639 -0.232492040858245 -0.0935325573623891
-0.104209341752644 -0.00696300129763144 -0.11763510135829 -0.240978333174553
0.00597121960289624 -0.104039471845536 0.108997939633243 -0.0901261672703938
0.0891123023248731 -0.14259281291045 -0.134046782780899 0.0561548623905354
-0.109708506141445 -0.132618875344632 -0.0871657523916428 0.332974271697752
-0.153801276999901 0.059531713224332 0.132378047080079 0.271913289377897
0.0135657687037372 0.114073712802027 0.180346862519447 0.113591038804397
0.0596431778503801 0.0302636306909467 0.122417692597931 -0.00184269289031751
0.0411543659462821 -0.00277799925704054 0.0611267173910221 -0.029283739930635
0.0152530252178288 -0.0207094684113912 0.0287779627586679 -0.0345734785169051
-0.00787635515271928 -0.0327170280114775 -0.00105152339840751 -0.00320491502993748
0.00698251879161253 -0.0436357353839209 -0.0180364803255317 0.037415890391607
0.0659807915836799 -0.0567087904406974 -0.0454242214640956 0.0775231860541465
0.125720092723517 -0.0142710918166482 -0.0779049873657604 0.0988694220030364
0.108819328849965 0.119936933273087 -0.177380473705954 0.0710058756932788
-0.105760519990765 0.139826091243153 -0.259824095427544 -0.062049599744257
-0.123427436903556 -0.0889131573684779 -0.15339292705767 -0.261959770792871
0.0600917870459922 -0.149079322779451 0.0941473243552433 -0.0900938128370032
0.0569001297697385 -0.127800667035732 -0.122329007608968 0.0543268839274928
-0.112510244610774 -0.0704236101324551 -0.0736745899961305 0.263530216940043
-0.086855667038286 0.0930414667123157 0.102446180801646 0.261105341659899
0.0599770298961373 0.0666928731093172 0.194896398496957 0.130564048515989
0.0482770667467491 -0.00874063770570203 0.147226896581124 -0.0130824955778282
0.017839020321957 -0.0148372520348946 0.0667651173091035 -0.0471909864711649
-0.00151055077927015 -0.0240851687783156 0.029563811017282 -0.0419799582806728
-0.00740634339174742 -0.0339984391266052 0.00507827380819918 -0.0109081648695784
0.0246013803247867 -0.0449471568850367 -0.0114126679676232 0.0186241717659681
0.0914424790691536 -0.0398866377867909 -0.0225268828414697 0.051007216351791
0.121009788583244 0.0378037130451094 -0.0350351508956309 0.0935321279400564
0.0327580386918944 0.154541623518889 -0.163945688604313 0.107795972029324
-0.174402572254621 0.0625115893792392 -0.309083157541939 -0.0617222400388518
-0.0840641073547143 -0.167386166977138 -0.174774158162897 -0.311725265489316
0.114886174182011 -0.15570001747113 0.0739566128250396 -0.0902219288517055
0.0374369278486877 -0.102377318413275 -0.114105563404137 0.0443412033243422
-0.0815399465809765 -0.0307200696173861 -0.0706277518600063 0.219826738840015
-0.028930870829866 0.0784826680000237 0.109703736998969 0.260689336003135
0.0644584019101186 0.0203388487585095 0.233653037908972 0.113133212146398
0.0240706057114011 -0.0275260039462895 0.157613324419151 -0.055422354195842
-0.00286084389127769 -0.0200086411427542 0.0569669684975333 -0.0740736462165365
-0.0110796549262114 -0.0256432625431089 0.0258361292160563 -0.0509274909121992
-0.00479400709439005 -0.0300441427315099 0.0086585424172417 -0.0178611715015873
0.0333256402087472 -0.0359549774626008 0.00167774647459861 0.00315925914588656
0.0845954344920665 -0.0110555246847769 0.0107906671555498 0.0399436272907183
0.0732653514336818 0.0699427718113472 -0.00483099827969498 0.116905131384638
-0.0455565026683317 0.116729386346554 -0.196451328784743 0.134325646903621
-0.156263060972503 -0.0393319332456921 -0.358377596552189 -0.121452837879466
-0.000955162324309002 -0.183854712987732 -0.154077337764834 -0.388132279814683
0.137164531558335 -0.114942035889505 0.0531472937265795 -0.0918354205063351
0.0319914387022692 -0.072461131197918 -0.11289955808204 0.0358174648503004
-0.0396873693393567 -0.0278892741692692 -0.0656347873428353 0.207366225160391
-0.00904244884097506 0.0345206914472274 0.137195484296357 0.255118316327387
0.0345706486397233 -0.00177242740885401 0.267704870563983 0.0684664886696428
0.00127784256802589 -0.0230899545311892 0.154360173843473 -0.104735900157124
-0.0104313347544223 -0.0177950588111043 0.0414057177445858 -0.100418139552166
-0.00931338691729225 -0.0231480451502553 0.0168284951457478 -0.0591521844383532
-0.00147071383164274 -0.0217734334581999 0.00789998136567613 -0.0234395350883415
0.0245931490281293 -0.0207553729963078 0.0141164910310032 -0.00607016605516168
0.0470335636678491 0.00757993667866308 0.0334965597468348 0.0439003172262444
0.0152372264700881 0.0522156332305415 -0.00516972418527039 0.140880132909572
-0.0619694998823586 0.0304013261172187 -0.249030066676582 0.112657797757774
-0.0597614495090419 -0.0867697805997196 -0.357975470342497 -0.222572703615683
0.0650529885265187 -0.116495768325854 -0.0875291438386299 -0.454783337299791
0.10516707664971 -0.043514618987914 0.0418616501655853 -0.0979581307619661
-0.0188034658755352 -0.0066645928332956 -0.0640577571118003 -0.00497069983230655
-0.0257810119055574 -0.00862978354146785 -0.0974353043523813 0.437622067747333
-0.037491721906277 0.0249176551510982 0.31889083803028 0.337981345087088
0.00384689583457042 0.0357368638556365 0.317057227172205 -0.068788928060045
0.017949938640648 0.0108551922310212 0.0350605711884434 -0.16236029425583
0.0034127713277103 -0.00221803760234254 -0.0422609764874115 -0.0464921533231183
-0.00290024834128735 0.00302306503327467 -0.00975820691707251 -0.00463674928296375
0.00247967914263004 0.00975304134481428 -0.0110203522737055 0.00957325622948609
0.00786211374355334 0.0154670602401299 -0.0056200379422509 0.0582236341459237
0.0111655138504649 0.0153853916437731 -0.0239329673216728 0.110096197263311
0.00538374789810117 0.010867501739702 -0.107374588236079 0.128433720312987
-0.00157289828259497 -0.00450613613894384 -0.236177962607235 0.00146929036191877
0.0261686498105241 0.00280926643469199 -0.173502358276922 -0.184228761184667
0.0228766092582013 0.0374961000101958 -0.0103007855010819 -0.216176915572011
-0.0339685033747197 0.0485461180498448 0.0932214089318984 -0.0646237964995096
0.0547916694739379 -0.0571553273266196 -0.0831041026430795 0.00291414300145492
-0.0147679501130012 -0.0989382539728974 -0.136484830926658 0.437573239480774
-0.102130032641179 -0.0171128976102489 0.267148291333929 0.363890526461716
-0.0413207463518659 0.0821203949619426 0.301595365128256 -0.00969245419609016
0.0286148333722815 0.0536599494250558 0.062382263499533 -0.13080135846362
0.0352424775742438 0.00689690141483661 -0.0264138918398178 -0.0457542883105485
0.0153881739409312 -0.00600898511505268 -0.0105865020272061 -0.0102469086993636
-0.00132923722728678 -0.00168178213309164 -0.0108450565188256 0.0110254611556475
-0.00424413992629395 0.00454443728221225 -0.00544897995634625 0.0592309443947505
0.0018141529071294 -0.00172678935041344 -0.025351543660101 0.118946028253598
0.0177474806030983 -0.0172145833201227 -0.103974670928175 0.143726640367484
0.0499449682614885 -0.00902108192653525 -0.234804411925564 0.0341447569146584
0.0446689881070223 0.0502821138097039 -0.199405115545612 -0.151533476343276
-0.0134631976349043 0.0505285951669609 -0.0454914922909921 -0.216560505960057
-0.0393182103676563 0.0112858188230759 0.10267773279503 -0.0724551427688233
0.100469549418129 -0.101110513481553 -0.109973192127208 0.0222365473677949
-0.028352702068164 -0.159169370673161 -0.133160780274986 0.426611670255023
-0.153054433553214 -0.0289056616075869 0.226928534362619 0.341178670677147
-0.0605698913684122 0.113442955748683 0.253383049123224 0.0277132589991774
0.0384903644448339 0.0738852014369135 0.0768027012715573 -0.0788651651933968
0.0525841091621707 0.0116548984733089 0.00399103300322172 -0.0357183601544317
0.0266859648721419 -0.0117482761159685 0.00217843311109762 -0.0187119353448924
-0.00427486747678594 -0.0133330949695217 -0.00934090997897521 0.00851050611804014
-0.0125278573856369 -0.0115303832580233 -0.0101699333654315 0.0598903428696913
0.00414400688561738 -0.0260557221635324 -0.0331260067379579 0.117342097689396
0.0426746598305133 -0.0422900989710928 -0.103032530602168 0.142328722875049
0.0970728425161467 7.23584599308684E-05 -0.224976033991257 0.0496825715843685
0.0403094790282922 0.100359885068207 -0.213802636985314 -0.116968170695094
-0.0555479857978549 0.0420737437040803 -0.0823144897192501 -0.219803608132995
-0.0309734749299387 -0.0413639936432823 0.105160106287931 -0.0838629637179126
0.10368079399283 -0.129249402630098 -0.128344180227227 0.0467247623472037
-0.0696635138736024 -0.165039011674478 -0.103515624180195 0.387538249927029
-0.174135349133072 0.00657090012117587 0.181482110883169 0.291654550815457
-0.0357890257046698 0.126867012775392 0.201468267097642 0.0637335025191632
0.0522056672130567 0.0613870855150927 0.0910700132328645 -0.0313663671155577
0.0526374089751058 0.00699407184848596 0.0348539169020441 -0.0248520838391996
0.0240123647134917 -0.0170264076916182 0.0134746360652735 -0.0253035576155149
-0.0068591467568304 -0.0225861720797221 -0.0067285085058064 0.00462993800076374
-0.0113910723505427 -0.0298859371302259 -0.014725152485754 0.0519371722866848
0.0266537471570363 -0.0474197658021964 -0.0439870403355827 0.100871710039879
0.0805545815833574 -0.0476435878169933 -0.0955850119545953 0.122373236637138
0.126759681750219 0.0428277091074515 -0.202608575927388 0.0568752716409807
-0.00832906504890125 0.140216628473598 -0.225491858289834 -0.0845760545751006
-0.0980917061323328 6.78120519269788E-05 -0.11961894902309 -0.228259353501805
0.00069875396502753 -0.0991786924562518 0.100069589714385 -0.0899129848622167
0.0794365605361909 -0.135571314371464 -0.128161534298722 0.0573901508104396
-0.109548179897583 -0.120928324584048 -0.0743622635171547 0.319202704035899
-0.142838141242692 0.0630416114432212 0.134008144272709 0.255241891553837
0.0177178531908033 0.10687876149168 0.175298575039773 0.100723940832331
0.0572757390826419 0.0267933269349593 0.117485931205525 -0.00616787970179914
0.0393346151453717 -0.00567127060098998 0.0573782516007551 -0.0301043622390218
0.0125119396512687 -0.0197919859763243 0.0237071273111121 -0.033183667283769
-0.00986252645305344 -0.0292360713001737 -0.000209792086542233 -0.00182396884209878
0.0032741525716921 -0.0411998619719576 -0.0163485430906755 0.0370468626547673
0.0588824428769176 -0.0576978188924879 -0.0394160552490626 0.0760330453298039
0.11800809620896 -0.0194162189085809 -0.0707175918131341 0.0976886009694321
0.107287194195214 0.107588044122261 -0.167975238612808 0.07152306294814
-0.0933774349870375 0.137114207025204 -0.247391342493561 -0.0515676834147582
-0.120492820580975 -0.0773402147360095 -0.152792415662681 -0.244158450685916
0.0493966603158421 -0.143245312674786 0.0875145548203607 -0.0912088005053458
0.0483438908428002 -0.122736154817415 -0.117364032903103 0.0554947272962449
-0.11027256704689 -0.0619710690292688 -0.063265656044375 0.252813892788164
-0.0790988939476106 0.091948522687224 0.105695197949409 0.245407634920452
0.0585423380755646 0.0607495957448045 0.191543546214875 0.119100641089284
0.0451103824886475 -0.0100459454330735 0.139662024814926 -0.0191165985224781
0.0160786766092721 -0.0158372857248279 0.0618498112210651 -0.0483505355057417
-0.00352007111071436 -0.0222206630100535 0.0248761225238088 -0.0404650119962275
-0.00897840720861728 -0.0303626402103074 0.00342161152802682 -0.0104975632060812
0.019830184192507 -0.0432653421336944 -0.0100462469917033 0.0179922947869153
0.0837469689708102 -0.0424246511365265 -0.0190095613934171 0.0501617762000902
0.116702209238552 0.0297039966131067 -0.0304216762570183 0.0898057726780901
0.0373323998992783 0.145275619203999 -0.153271840088141 0.106428053368717
-0.161548827188549 0.0669244827359177 -0.292808496916507 -0.0501836538814589
-0.0857347388599516 -0.153781420453228 -0.173777622691259 -0.290247189044089
0.100782248971457 -0.150977052623751 0.067960799222149 -0.0893339179394149
0.0301930140424522 -0.0970442677977232 -0.109143188896909 0.046931736033019
-0.0790642820157563 -0.0256456052697907 -0.0610651362102798 0.213702697673605
-0.0250132454929711 0.074761750889075 0.111849059019281 0.246661574715951
0.0615310476432975 0.0163072334584494 0.2274080895721 0.0992568420331186
0.0217046223887504 -0.0272652351721008 0.147097032700031 -0.0603430946930534
-0.00312012648400527 -0.0188106168502887 0.0505821665573763 -0.0736087834038706
-0.0118542620753862 -0.0236367107327057 0.0219079857508628 -0.0484616923552648
-0.00619948470183509 -0.0271135421282641 0.00615987522968841 -0.01738639783902
0.0286591969442901 -0.0357369227326404 0.000960709359110904 0.00233446074280432
0.0792452836797122 -0.0153157093325613 0.0109293884008628 0.0372925417850542
0.072663509536683 0.0626569056545056 -8.71862594490337E-05 0.109505795498354
-0.0373271088429857 0.112563028757656 -0.18080220245432 0.130828432042935
-0.148317619066273 -0.0299686379268411 -0.34174210384393 -0.10412456550931
-0.00806342786971876 -0.172552207406492 -0.155869724127953 -0.362530681265413
0.124350634692399 -0.112834192551184 0.0498076256319764 -0.0915886320261909
0.0260189686078595 -0.0699627017770077 -0.107915415676993 0.040602716204321
-0.0392081298880914 -0.023691564384179 -0.056577285655956 0.200824409443494
-0.0058249799796208 0.0336297062657992 0.139808686331221 0.240196203709472
0.0322846573074387 -0.00291021223528106 0.259739028642504 0.0564782896938556
0.000747991011172984 -0.0211983635256121 0.142120904297611 -0.106669259705128
-0.0103035262238899 -0.016420904408625 0.0352314985181788 -0.097026385206966
-0.00957283809311403 -0.0217388184387529 0.0143379278256164 -0.0578797645812127
-0.00256682359152073 -0.0206381307240728 0.00577145843536364 -0.0226403688624774
0.0225087950696181 -0.0214820364354647 0.0102123196969201 -0.00472385580551864
0.0451747451761002 0.00431225115216778 0.0326066129679175 0.0399728291687998
0.0172891756193779 0.0486439429589231 -0.0013500307262308 0.131155826865043
-0.056738726416578 0.0328584016860739 -0.229677920528988 0.112639299701999
-0.0588044702530057 -0.0782396415426971 -0.344230899280776 -0.200591992667357
0.056842526651759 -0.111761212572641 -0.0962651494229273 -0.428472344987382
0.0960938617256726 -0.0457960668073062 0.0397381972842551 -0.0964264403327859
-0.0192585064089291 -0.00727459085069508 -0.0663445415505711 -0.00277686004594814
-0.0261270228735427 -0.00830205694575867 -0.0995645188561742 0.41996851162925
-0.0338021187408436 0.0229217680265883 0.300094803109345 0.323952060496664
0.00129531159378577 0.033969567442814 0.304057971742245 -0.0589152317149251
0.0143199518738377 0.0119586964437835 0.0365471363580299 -0.153952177626499
0.00392757327098332 -0.00139157969714538 -0.0394419232611346 -0.0412838493042178
-0.00377434943249553 0.00554184083822306 -0.0142402867489619 -0.00493069896982926
-0.00119119439798781 0.0103111064221544 -0.0132104791323518 0.00886445551517818
0.0089679110890034 0.016132567222886 -0.00311454691178887 0.0525917328972783
0.00944706697493743 0.0144186638891285 -0.022928107357569 0.105340717324771
0.00308119106056715 0.0119512696561455 -0.108829262773948 0.119610868580311
-0.00176292519227206 -0.000933084089713882 -0.225689235823821 0.00162494053500959
0.0264852606922461 -0.000202195658767505 -0.168110891222093 -0.181042658066899
0.0231973067399122 0.0348403319158419 -0.0103292442985607 -0.208190607020201
-0.0333648419060282 0.0451734161588702 0.0934103237685513 -0.0645288404916401
0.0523163560831263 -0.0540958388301879 -0.0832664701402362 0.0032831032233888
-0.0133825129518483 -0.0951835184734286 -0.138498423352463 0.420114560206878
-0.0979907499651642 -0.0174875054220185 0.253057208180504 0.354160477965521
-0.0406030953514285 0.077547201874692 0.289598583421594 -0.00506189115796579
0.0271681649528734 0.0515413867923882 0.0614824662162804 -0.124424650745367
0.0325470420829584 0.00575373297532908 -0.0241616034609899 -0.0440551186606666
0.0147185100680809 -0.00455700927726944 -0.00893590797651772 -0.010114198332873
-0.00221806524118822 -0.000691777046520147 -0.0108012706028149 0.0101965823960721
-0.00436942323045408 0.0048220672350356 -0.00489140317955878 0.0564797893301771
0.00192951705017376 -0.00109752613335253 -0.0239127949737678 0.11427418452006
0.0166286604809826 -0.0153384790945389 -0.100377639874937 0.137881788591934
0.0469800580104719 -0.00836240156833823 -0.228103710334236 0.0307237708086675
0.043923841455923 0.0478472596719455 -0.191312377023908 -0.150076941468199
-0.0136731192561716 0.0483648547872521 -0.0416499145121715 -0.211591267546487
-0.0390482377375024 0.0105675729407982 0.101149925856882 -0.0713677556493463
0.0955392799160535 -0.0953760348969562 -0.109071534256258 0.0206264886685393
-0.026929568174319 -0.152158969803135 -0.134616344589706 0.409273442443366
-0.147154308447342 -0.0285468295047262 0.212358578433318 0.331542316075167
-0.0588870119380714 0.108196171900801 0.242163032035249 0.0302768555502958
0.0366119994653368 0.0710590668964291 0.0753934248516391 -0.0751699951012289
0.0491559442511026 0.0107107728302062 0.00547163196811608 -0.0352871400000308
0.0250269793892389 -0.0106188037099927 0.00207437791675302 -0.0185834379558858
-0.00477638393088526 -0.0122457101918 -0.00953699523330176 0.00892757794402024
-0.0124623563119114 -0.0101672286248732 -0.00910145791426179 0.0571547528622543
0.00433293171420777 -0.0250553730995038 -0.0313574514005467 0.113739506103353
0.0407994355933123 -0.0401669430506196 -0.0990309875437839 0.137151679804201
0.0928249866991422 0.000353819382351515 -0.219112675097545 0.0463028509369426
0.0384422403696604 0.0962138346266839 -0.205425112840789 -0.1172125263026
-0.0542037265575535 0.0404019169662545 -0.0769553029809892 -0.213770248745328
-0.0299677541517015 -0.0389858449074099 0.103178409071148 -0.0815872358110201
0.0994411107781648 -0.124350716214144 -0.125002119851657 0.0432212641377894
-0.0696477976279541 -0.159408046589707 -0.104517920061279 0.371059246534456
-0.167979094692561 0.00707004108758991 0.169729354152877 0.282034547645417
-0.0333047981231365 0.120549772823494 0.192404404430305 0.0646540670705081
0.0492044629013282 0.0587761795291662 0.0905736687745859 -0.0272897153217443
0.0507106182904998 0.00624839275161888 0.0363382199194324 -0.0270865967883973
0.0225232902753696 -0.0150896001695894 0.0148712633980483 -0.0242019807164125
-0.00757320520056771 -0.0220435059804739 -0.00585388920886899 0.00446615305346027
-0.0102954236279325 -0.027531864471141 -0.0139665103114671 0.0520437024299025
0.0233836292875477 -0.0477187505397128 -0.039068717193499 0.0997830209143942
0.078455826866745 -0.043894516086594 -0.0926365118713215 0.116998149387835
0.120519847938822 0.0412390498381859 -0.195925439742237 0.0513831275434939
-0.00862856144316491 0.134563140950238 -0.216794549286058 -0.0855398131145999
-0.0965544291105383 0.00022774186882402 -0.110896047708873 -0.221341113605282
-0.00185585545525941 -0.0944653940533506 0.0991970308435814 -0.0886685055694241
0.0756270251330777 -0.129123193071096 -0.12556931670005 0.0532357183235181
-0.105489793560317 -0.115869671568045 -0.0769759971547341 0.307360737993534
-0.137930116321254 0.0607131074709132 0.123503321313255 0.249295179836691
0.0170023885866582 0.102343776614058 0.169334380005495 0.101330600789957
0.055321880721215 0.0260532167561746 0.11327269185327 -0.0057178478142906
0.0369570531377888 -0.00635221503436658 0.0552166981983216 -0.0289766715840098
0.0108494911043291 -0.0195829287124568 0.0226465742834801 -0.0322160978605144
-0.0101458634939779 -0.02691765682785 -0.00146088241418842 -0.00298632646894538
0.00229226817901724 -0.0385100599181236 -0.0161763150689424 0.0367985547954751
0.056318288753918 -0.0560702138331123 -0.0381853136827277 0.0739331615444681
0.112955010381828 -0.0192742548711624 -0.0695492850567443 0.093756648285043
0.103733137156172 0.103574734298501 -0.164794028261969 0.0678257345874583
-0.0899996540892641 0.131926401401645 -0.236923781782231 -0.0560122369009776
-0.116171974728035 -0.0743151173469716 -0.143798613167551 -0.237159375788483
0.0471127021664973 -0.136492412496987 0.0867662771460958 -0.0890722453556573
0.0468262612680864 -0.116881150549551 -0.116368110406521 0.0536541458590318
-0.106216046811237 -0.0590904594045592 -0.0660073030608804 0.244585971079376
-0.0760450010247794 0.0879398636412143 0.0986208169166824 0.239467344050795
0.0558131218388719 0.0575362721522086 0.186045277952116 0.117251613820635
0.0434783609353796 -0.00937311151865249 0.13507552891986 -0.018627164101679
0.0153962827395607 -0.0157713873414575 0.058680557928955 -0.0457607355801335
-0.00394618611286211 -0.0218697188581163 0.0235656233912778 -0.0392826957857322
-0.00948416836367491 -0.0275712423273262 0.00301729234600047 -0.0093299487716822
0.0176994001609097 -0.0423524286757664 -0.011002721121835 0.0178013846830362
0.0799035062936015 -0.0423946032424934 -0.0191392627400603 0.0490354273901574
0.112230101986112 0.0283466849842307 -0.0301239160844846 0.0867038135500473
0.0360991966253555 0.138799582617988 -0.149543480179237 0.0985342476398173
-0.154276635960696 0.0653665481537814 -0.281371423895899 -0.0532022615583466
-0.0831140143065104 -0.146186702665581 -0.16313781516191 -0.282314195691997
0.0956600216600085 -0.144401436742706 0.0692441176823797 -0.0885501345563013
0.0285784828232806 -0.0925601367982784 -0.107482710354708 0.0450461922944494
-0.0773325870977442 -0.0243840032833183 -0.063108750835375 0.206522348001514
-0.0250137452375005 0.0729595620950231 0.105754215213083 0.240605130326751
0.0581961077772749 0.0156256431016712 0.220682649698214 0.0977184549142851
0.0215849734536637 -0.0249512722051826 0.14313467093245 -0.0583051176169287
-0.0028973848157182 -0.018581702016474 0.0479592148384345 -0.0710149333184987
-0.0116997053272722 -0.022662110155556 0.0191751025114503 -0.0477658093645363
-0.00677144931105864 -0.0258616347103991 0.00572422035763388 -0.0157152963582406
0.0262353480858956 -0.034426687140249 7.83044670502252E-05 0.00272183173282645
0.0758485954269054 -0.0152494190153625 0.010216754374447 0.0372546120694263
0.0706120849779159 0.0588241780752199 -0.000993584237332518 0.104391555380953
-0.0355703424392453 0.108793537706551 -0.175585816304232 0.12220369260745
-0.141788137667524 -0.0277998381226567 -0.325227156360597 -0.105851528092138
-0.00719172411003833 -0.164877726891405 -0.145203965628471 -0.351878266871946
0.118115137719707 -0.108219364232745 0.0512282543464714 -0.0899725164098409
0.0254345804419106 -0.0658074788438072 -0.107230928506514 0.0397625050735613
-0.0392592749462275 -0.0224216458914606 -0.0568193629162225 0.195303601056249
-0.0071906315274873 0.0325361598108073 0.134980207308241 0.234746322130741
0.0308923192830347 -0.00325874676030112 0.252180970428604 0.0554837415725318
0.00198910498772727 -0.0203388478581389 0.13827593242981 -0.103954929377318
-0.0097735737336032 -0.0164887206719091 0.0334923474981409 -0.0950059098828888
-0.0101820005862182 -0.021583285936858 0.0135234223888203 -0.0565298670241636
-0.00249240240016368 -0.0195133771562885 0.00539974881846883 -0.020476610518615
0.0210984023768471 -0.0209439214115767 0.00888795731783785 -0.00487880442899444
0.0437355093584862 0.003852781827029 0.0303825821844438 0.0389023754836853
0.0172095586514784 0.0467439693468771 -0.00127017124119557 0.124497644776988
-0.0541290618068286 0.0315173574331409 -0.222235986349756 0.104634743225034
-0.0558181632511081 -0.0750474229211279 -0.326480669129168 -0.198737022072824
0.055066792927345 -0.106202173918795 -0.0854347540714438 -0.412889636350227
0.0917183172338539 -0.0425109277326079 0.0421799610819918 -0.0946378990070684
-0.0176973374793895 -0.00751937826695781 -0.0687219154346501 -0.0140184725724642
-0.0213749776557808 -0.0181005328482463 -0.167156592460383 0.400165163264668
-0.0426997776142233 0.0150051168054681 0.246912226587332 0.366045197183304
-0.00218213222363022 0.0364964409221508 0.304991873112335 -0.0136750512135769
0.0123141010311916 0.014377165034357 0.0589543018144331 -0.141183347783347
0.00144588238164811 -0.00258425785544407 -0.0336327721184561 -0.0497836158179459
-0.00290549285704582 0.00385100245663746 -0.00703732579239416 -0.00572273264574201
-0.00414930202869155 0.0124524424062101 -0.00998684513674169 0.00618608393684647
0.00449352382462407 0.016946218254255 -0.00981084265421119 0.0476692675709492
0.00808755714676645 0.0183407006954005 -0.0408085609066636 0.0980365576414578
0.000255328694352036 0.012202679132786 -0.125085961532592 0.100972684731746
0.000996706945503772 -0.000304158303540278 -0.225944864435031 -0.0377532645858866
0.0211313038172102 0.00497146346515438 -0.137214966337068 -0.21265601730257
0.0125709588891927 0.0343590639190089 0.0283121309918301 -0.210746368263519
-0.0435014669202338 0.0374104813445805 0.10797954031609 -0.0501062373130067
0.0588701913426077 -0.0453186869810999 -0.0846069718742714 -0.0037341543613728
0.000921376241943454 -0.0968688479065603 -0.199725717751982 0.399649345438013
-0.0957192803862304 -0.0335303663359308 0.198658396685004 0.384108167811045
-0.0526920078212948 0.069188862312211 0.283366008550886 0.0332590461326135
0.0172718730999636 0.0542630836995384 0.0762170829512575 -0.114179661284906
0.0299391617786054 0.0109136605525916 -0.0167339213800682 -0.0457542054116477
0.0140662510913539 -0.00291931285957842 -0.00724028099541345 -0.0118945815322416
-0.00265064637261551 -0.000103831157209871 -0.0133727116257337 0.00903040864008782
-0.00495435034344097 0.00510973497485911 -0.0142363086465864 0.0543731756856925
0.00230825757298569 0.000168448125646508 -0.0411280696172684 0.108874836720446
0.0187324271098925 -0.00991602002589513 -0.12217681882571 0.119744408116633
0.0459574016302926 0.00269189714756804 -0.23533896592309 -0.00799147730120976
0.0298615096967898 0.0545464517004332 -0.162713460981006 -0.184127095039771
-0.0240300136394979 0.0443744306524371 -0.00230811969818592 -0.218250584715621
-0.0411988772808829 0.00195306564042419 0.11575790873745 -0.0554546535929656
0.107586228648138 -0.0801187154096447 -0.111713211438922 0.0141538483645881
-0.00294548945914438 -0.153654081273358 -0.191649929674935 0.389576829417081
-0.141216386178603 -0.0516560776169771 0.164900092468918 0.354472030644516
-0.0752830928507901 0.0954878867269994 0.232035230451131 0.0611503320850514
0.0235941191379461 0.0747518226683108 0.0826044309183042 -0.0647091507279012
0.0451001178372445 0.0185103852138558 0.00944508457335321 -0.0316858554569699
0.0249128517130437 -0.00746510123690765 0.00498916888093347 -0.0182585543368584
-0.0037415824195969 -0.010822846032261 -0.0115765565593868 0.00700069738980066
-0.0110301899403654 -0.0106494779608486 -0.018848358068078 0.0546797363484008
0.00864481028639536 -0.0227757841149195 -0.0488010571844204 0.106965551544346
0.0460101693180461 -0.0296212666662228 -0.121769329717474 0.118953394978811
0.0895035206304132 0.0185703061837476 -0.228976878576617 0.00807669627680936
0.0177768391419142 0.101590331068771 -0.180942679808636 -0.155434725370492
-0.0634121194997646 0.0309184931548628 -0.036594728398904 -0.225318391296241
-0.0246266508759652 -0.0443316401864929 0.119201866788667 -0.0645136493127818
0.114397957350525 -0.107027957743787 -0.129452937161445 0.0348694203356835
-0.0432143783096435 -0.165275474155979 -0.153333912300075 0.355248845308719
-0.166809648057937 -0.0191923369494365 0.127214440131136 0.296739818649609
-0.0538429872113555 0.111588176758279 0.177097392419 0.0882227296160923
0.0377328284191328 0.0670229373898034 0.090794385250265 -0.0178992220489093
0.0467449967223325 0.0121893846311053 0.0370653497192149 -0.0203870507083659
0.0252347522388692 -0.0124354757044322 0.0168589112911604 -0.024194902699269
-0.0052836981649714 -0.0214860550180513 -0.00929923289619066 0.00420298005323748
-0.0055102532805699 -0.0260094658130909 -0.0220717559957128 0.0468679644402588
0.0326130686012797 -0.0421165745654272 -0.0552616381058637 0.0918994247076884
0.0842290493502765 -0.028657750545133 -0.111806313430265 0.100184728277444
0.111528438817008 0.0634425700009376 -0.208741384952682 0.0156777593227259
-0.0336928911071179 0.133011141960076 -0.195756798967215 -0.124496320289779
-0.0990011055966549 -0.0157670011389265 -0.0710742040391134 -0.233152068623486
0.0124172141439307 -0.0930288256489133 0.115980200413335 -0.0714602024221409
0.0924471925010861 -0.117107927093964 -0.130373094426371 0.0449844439773538
-0.0857328155613402 -0.13146140260735 -0.118164608979602 0.292308684230107
-0.145807668134703 0.0377783648183772 0.083920184178713 0.258085669542798
-0.00128933919894652 0.102948069052638 0.148185791822503 0.120781158939684
0.049100916284429 0.0349685324916075 0.109821911458196 0.00988493563806368
0.0363387541249018 -0.000553368054209183 0.0595376016513194 -0.0194438368404492
0.012396420541532 -0.016925015287157 0.0257705072878886 -0.0279728479712585
-0.00623070329890289 -0.0264511055182419 -0.00161189233180081 -0.00181535817757461
0.00779561947833874 -0.036012299200359 -0.0214551313216154 0.033741409757534
0.0637333255358602 -0.0455513484749236 -0.0501271500463834 0.0661965724134783
0.112244728040911 0.00111926250013822 -0.0845611291011143 0.0802354600635772
0.0843416847436857 0.121039216091327 -0.176520001860087 0.0349814676107648
-0.111888641566532 0.117710861316854 -0.220790971456515 -0.0972328377807181
-0.104706135956022 -0.0897261736881862 -0.0993211536401962 -0.25718318266121
0.0674101005114616 -0.1273322759195 0.101252506901457 -0.0738628112701482
0.0626572473251031 -0.108529141981191 -0.120338007861732 0.0443196907262579
-0.0971147633319791 -0.0750610452112027 -0.100181385154336 0.231429819756672
-0.0893672828243296 0.0741302566467262 0.0573805083855712 0.248044458469069
0.0433790472623809 0.0662792743936199 0.163756156503747 0.141182490788538
0.0444522792384996 0.000257308025322438 0.134434104613424 0.00127956113205083
0.0172856329152299 -0.0123018505073865 0.0649959556831298 -0.0359332652300616
-0.000412351300213783 -0.0222431854255277 0.0283659226976282 -0.0347853739385819
-0.00525417440606619 -0.0281874215768457 0.00390975755020321 -0.00877718751050574
0.0225024057691007 -0.0379494717732528 -0.0150922460720914 0.0176001788169632
0.0839547166224692 -0.0287585466370315 -0.0275026770764109 0.044257458782248
0.105573447443601 0.0459576463928632 -0.0449745002371787 0.0785227366180862
0.0140823498269569 0.144905129294338 -0.165697617307292 0.0692321782809888
-0.164015221728651 0.0432380926024493 -0.263003212261039 -0.101555497082343
-0.0606975427405225 -0.154974493125893 -0.112441473770687 -0.30442549827256
0.116330207433833 -0.124914157312172 0.0837713437159937 -0.077330687304781
0.0412010055356659 -0.0864785379235534 -0.11211234091465 0.0356629247233029
-0.0735632866068544 -0.0369385192537165 -0.0934340787637431 0.194298882482605
-0.0363703485582182 0.0672163092054496 0.0657998730866024 0.254272213358307
0.0535635505523773 0.0254359753095376 0.202486146628044 0.129477252810932
0.0266431833669453 -0.019378359061471 0.148997823555779 -0.0371065916520965
0.000295898073030947 -0.0197484491843439 0.0580440908984008 -0.0624232953436539
-0.00811074341466815 -0.0255688624468763 0.0258711470324181 -0.0448462557731843
-0.00290568076661635 -0.0257539450617364 0.00812502127323105 -0.0140971191871293
0.0311206423766188 -0.0299210332208354 -0.0027319302594251 0.00359736878104134
0.0760939944572545 -0.00453942446110043 0.00259259984446987 0.036237548476327
0.0613827658261547 0.0688513817382821 -0.0192774739968919 0.100342702527703
-0.0509798923179527 0.103349595449003 -0.193789941744795 0.0884635786206577
-0.137500894504589 -0.0452353586485114 -0.298871365886509 -0.16057899895975
0.0148292589470176 -0.16036710600159 -0.0842650694427007 -0.37046246127266
0.131459938272391 -0.0860163235860051 0.068082383461966 -0.0828012713918377
0.0347129249430547 -0.0605612721668545 -0.11075100388229 0.0297228480489171
-0.0357685210837182 -0.0290049278159097 -0.0859200307912029 0.18558494878329
-0.0133843634975888 0.0300107765274468 0.0970905877389902 0.253870216546323
0.0303978267631477 0.00295195315769783 0.240852444997786 0.09139494679896
0.00633605026846678 -0.0175049444176451 0.15085963184631 -0.0827457103428419
-0.00650761969960255 -0.0189339832664994 0.0464197822042952 -0.0888248203731272
-0.00691966306642123 -0.0240852988288146 0.0193232035229773 -0.0534931048934712
0.000162775305575231 -0.0192400308703111 0.00841695069045277 -0.018856688106097
0.0230074884067071 -0.0183223542706067 0.00851284145541107 -0.00220486745683948
0.0425368987761715 0.0091698448679389 0.0227412202982162 0.042170490444609
0.0113423261365814 0.0491595838993023 -0.022426341989336 0.120631010921594
-0.0564915783956796 0.025520238917381 -0.235381900726473 0.0641668932161316
-0.0488612324023969 -0.0782911161358196 -0.286103388888287 -0.251055763351453
0.0650965680524807 -0.0935558605449086 -0.0124336783602566 -0.42287999319082
0.0946508935585259 -0.0271171395454388 0.0612231670422084 -0.0893595000532553
-0.018728379949131 -0.00884307955601822 -0.0729730040546905 -0.014697987477903
-0.0229787231326706 -0.0168407060917687 -0.179924514320413 0.413252813729779
-0.0416132319576452 0.0151612356331197 0.249854433229036 0.378213595464487
-0.00442645494873919 0.0344342803913484 0.314900369386195 -0.00995953651215297
0.0124018991913017 0.0120819070415027 0.0591868418776806 -0.148380733896234
0.00297175476499296 -0.00379817639897453 -0.0303075165830683 -0.049528486372557
-0.00525969269763673 0.00556914527555362 -0.00926494088369228 -0.0106482554457379
-0.00310819211054856 0.0126561629104628 -0.0140394998364117 0.00978975083557634
0.00422245030034682 0.0160721851201879 -0.0132994507838051 0.0520360597104305
0.00735319780683004 0.019673307298363 -0.0407379911093703 0.100735836480671
-0.00185635439720194 0.0160482983750452 -0.131420598405688 0.102017217370161
-0.00157169629206614 0.00162082195831388 -0.233784477789721 -0.0443527384052782
0.0238336991435247 0.00179491603897834 -0.138032309029313 -0.223177544516613
0.0146993781712563 0.0376442361855418 0.0353574694301564 -0.219051543575811
-0.047077120414548 0.0407231489791708 0.117285104598154 -0.052152670120346
0.0609340146511196 -0.0453405186775107 -0.090905281102163 -0.00436975799262125
0.00181686824988901 -0.0991665953912518 -0.213225034837881 0.407836502358286
-0.0975822193367438 -0.0351316828169925 0.196592682700313 0.398981634513955
-0.0544890274867165 0.0701799052592772 0.289043425288851 0.0387782548996975
0.0169078964274381 0.0562243963993915 0.0792326350766338 -0.115082070552797
0.029211880047749 0.0109076715071202 -0.0159868610203825 -0.0457721212383893
0.0132258329896538 -0.00307132109406891 -0.00676852202568836 -0.0125970361323949
-0.00301572405707314 0.00170460909246813 -0.01329781546848 0.00904742248567953
-0.00607259151874266 0.00632049720435798 -0.0142154967952037 0.0554604119102575
0.00330598772014085 0.000460454437074572 -0.0420335046507654 0.111226785762553
0.0189033975715052 -0.00906617168465407 -0.125657933577092 0.122354338884255
0.0463637221221281 0.00276013299483811 -0.243967972951816 -0.010558234328238
0.0300477999002555 0.0552671552091257 -0.166861140290566 -0.194886743604067
-0.0249336324257821 0.045714460748061 0.000798835990413638 -0.22767183044298
-0.0433795457475479 0.00231171624557688 0.121779343586311 -0.058303706737195
0.110290044114716 -0.0801535696001394 -0.118335475013823 0.0127674129466382
-0.00193017073185757 -0.157844534057103 -0.205411053345221 0.39917116121353
-0.144527001897701 -0.053385277092996 0.163417238276413 0.366887918767842
-0.0776780410386393 0.0966820615657204 0.236712697905422 0.0675673596351007
0.0236000981690807 0.0771230444759666 0.0844881719304263 -0.0655026628300069
0.0453807478403011 0.0180246331622661 0.0109125707889481 -0.0321709800684277
0.0247142032969433 -0.007737415423392 0.00451735506140209 -0.0183810231984012
-0.00431093531018255 -0.00932629238842102 -0.0121540952296353 0.00758455240444172
-0.011999888703704 -0.00991242654720466 -0.0192900349789203 0.0568298135057197
0.00897381992931405 -0.0230162015280204 -0.0505468129531607 0.110692430913046
0.0470343942203604 -0.0300973902660353 -0.125638328957561 0.121977806180211
0.0914550488291208 0.0195073660679721 -0.236872244306431 0.0065851119528183
0.0175613937621723 0.104565439022316 -0.185650527194138 -0.164296866593139
-0.0658833027071528 0.0318847602216278 -0.0341792410047886 -0.233812364741046
-0.0259443348991164 -0.0455478668120912 0.125242797132539 -0.0674066557667685
0.118357475051405 -0.107873395925025 -0.137024794840971 0.0323992835525676
-0.0442111965638468 -0.170752413628742 -0.164611132022302 0.362500828429781
-0.17188891753285 -0.0216165226612716 0.129097823463431 0.310080963536538
-0.0556608799667675 0.114721406421424 0.179622512389947 0.0952407449263087
0.0388437883665702 0.0683315861236528 0.0935669969360981 -0.0157705218686152
0.0483982675501361 0.0121773316477585 0.0382013234594905 -0.0202629689432516
0.0238448570157975 -0.013195255512 0.0159152242248196 -0.0226815723557237
-0.00682567087232057 -0.01897322030686 -0.00825466090678951 0.00334078644146315
-0.00734856119504301 -0.0261401686777616 -0.0228792683278657 0.0513962317552643
0.0315009253336384 -0.0429979032277667 -0.0574727102469111 0.0931860831983509
0.0856765097470163 -0.0288754716882941 -0.117206551619207 0.104433698831882
0.11237596049448 0.0648412137085324 -0.215083253114906 0.0145219588221069
-0.0342669433166748 0.137353659179194 -0.200563680129146 -0.133747187035391
-0.102482052234294 -0.0161085240182124 -0.0676785096900469 -0.244177420696349
0.013456756609463 -0.097167766961469 0.119906472444289 -0.0767738821043125
0.0953347486942895 -0.118382029630739 -0.13535891394554 0.0453792059077568
-0.0882970289483471 -0.133676820286373 -0.128345366280678 0.300385665643976
-0.149758772762723 0.0381920103598345 0.0807994510551534 0.268093173430829
-0.00296631712954179 0.104316453243172 0.152169898590881 0.128073376287271
0.0508320906105502 0.0360495992455556 0.113766690209959 0.010782921923538
0.0365693986046982 -0.00132104913770738 0.0603531339601294 -0.0197171810225366
0.0117737344860215 -0.0180347791002445 0.0259753950845884 -0.0290851751194443
-0.00666777382923705 -0.0257097154113493 -0.00231289742429449 -0.00183656786124668
0.00736857252609995 -0.036959459333421 -0.0230770399055706 0.0355742769569554
0.064741650922365 -0.0470211871205149 -0.0513868956157563 0.0688709988429687
0.115551362623979 0.00181078033358031 -0.0883192410463576 0.08174987441874
0.0869106343252385 0.124615822536243 -0.184289907248055 0.0338362876252804
-0.114835710474337 0.121702912578887 -0.226020467711905 -0.105519887321146
-0.107367396344925 -0.0921681745974777 -0.0990650455743551 -0.265946899938774
0.0688320455687353 -0.130364205710492 0.107101510093577 -0.0775940300311984
0.0644079443071315 -0.1102419285329 -0.126101545232476 0.0440659541731143
-0.0997088902443904 -0.0772837477995189 -0.108744103765985 0.236656331321192
-0.0929320453982943 0.0759571643906509 0.0547219103281138 0.258551954830024
0.044397115830396 0.0677808563739283 0.16842538095035 0.148709202501239
0.046022631463136 8.47894838693201E-05 0.139235667510943 0.00234024938836003
0.0175651619805882 -0.0140428281571899 0.0661407923029067 -0.0365000915455605
-0.00158332664516143 -0.0231251523095028 0.0275544922112645 -0.0361660942211306
-0.0057411509395116 -0.0275229458579654 0.00400391645234748 -0.00782571899291161
0.0230533241448771 -0.0381695284775928 -0.0166491744942713 0.0178132099267947
0.0853087731068951 -0.0314386547378119 -0.0281523652677037 0.0454474687806063
0.107582675050441 0.0469935102441376 -0.0476738957640154 0.080105862567569
0.0141173533154933 0.148953917073412 -0.172031001444783 0.0679089846256428
-0.168434777165994 0.0447578387079731 -0.269956471414335 -0.109397278318294
-0.062847301096065 -0.158088456136239 -0.110672653878956 -0.315828694501925
0.118924355899228 -0.128831776891102 0.0881500668240218 -0.0801494624761356
0.0432441818128178 -0.0881379909075452 -0.117902870339079 0.0372552954521971
-0.0764794321384973 -0.0377665893002645 -0.100847490352736 0.20045136718212
-0.0389203306267256 0.0687643347394248 0.0632427486905305 0.263624837373506
0.0546235339184708 0.0264565477893349 0.209189311951294 0.136135623682981
0.0276158085453772 -0.0197557308862376 0.152875674741774 -0.0368209283507898
0.00141260225862011 -0.0206232084878163 0.0591303071788073 -0.0639562780379287
-0.00886277037553576 -0.0270964514378241 0.0254301066378526 -0.0463885930798008
-0.00315929982449664 -0.0257869166393108 0.00704116701256046 -0.0138801708930778
0.0305234662639171 -0.0302782175510139 -0.00423603976756068 0.00444972476978758
0.0787011382938221 -0.0053918314109874 0.00251106042683061 0.0377661573020109
0.062980081259835 0.0704526362525267 -0.0204987736127723 0.102181999505111
-0.052481789879772 0.106107615734123 -0.199806492259745 0.0875959610658029
-0.140806128438076 -0.0461422386460642 -0.304486793232217 -0.170384636709668
0.0156715339577551 -0.163512545601381 -0.0797996101432144 -0.382997853171418
0.134950930425468 -0.0867256494013304 0.0728375731879985 -0.0873981732985052
0.0353478774726624 -0.062896606472395 -0.117243809757787 0.0311470366166397
-0.0386787827492967 -0.0296763555947493 -0.0919684266564234 0.190921494125556
-0.0141741847492596 0.0318785154009568 0.0978733678392749 0.264515059113583
0.031028072066681 0.002565075214293 0.249706170301943 0.096834078189245
0.00781828945474272 -0.0179077137418537 0.15549659011896 -0.0857196742310137
-0.0064403850803914 -0.0196502841878867 0.0477591703313357 -0.0911168802722207
-0.00633050620709582 -0.0257067152647757 0.0196655807994042 -0.0558367344647563
0.000994700434831064 -0.0202823551123915 0.00813521420269817 -0.0196954919878578
0.0224569849255459 -0.018765942130254 0.0074569144743149 -0.00170307725176043
0.0445666522230687 0.00872429300284552 0.0229380393670665 0.0419104432638447
0.0128214331134762 0.0500886030043128 -0.0232991833127031 0.122617039589938
-0.0580244574041057 0.0257867976889641 -0.241136110124344 0.0618320376371619
-0.0492100406543846 -0.0800986328361765 -0.289528568583559 -0.264142520069834
0.0665301913468875 -0.0945776133018 -0.00595868523135175 -0.434638988730445
0.0958498391095724 -0.0270315658366196 0.0660657329119917 -0.0927980287388844
-0.0196600148526372 -0.00774785963252312 -0.0781195979127348 -0.0114618000518907
-0.0236161275892759 -0.0190082201885775 -0.176977699280452 0.433309532554335
-0.0435381008117509 0.0154062853159184 0.26517627411833 0.388846960262526
-0.00712631081208976 0.0358857673130333 0.324938895744432 -0.0173036159320497
0.0122970760861904 0.0125203441032752 0.0583825136748281 -0.15516554041167
-0.000291159445732185 -0.00242049580771009 -0.0360463056756259 -0.0486134000375745
-0.00552457043023943 0.00766151430081125 -0.00955899899474487 -0.0101936182157955
-0.00172136019366132 0.0130166983792078 -0.0127050148467053 0.00643036339019071
0.00627914105800474 0.0201165296745497 -0.0101649036269179 0.0540861005848173
0.00647383194872678 0.0188893224587881 -0.0373410761420655 0.104969859475598
-0.000217337581740563 0.019157743755743 -0.130114081828985 0.110165896742241
-0.00487740973151418 -0.000127395371412786 -0.248012789587234 -0.0379870756902386
0.0216895601610365 0.000991232155576105 -0.150061460683611 -0.226478058040533
0.0173149419306273 0.0381963020099668 0.0291413250208732 -0.233217032803342
-0.0447195359532274 0.0449057973109889 0.121050204726209 -0.0580441635105008
0.0606673472492692 -0.0485481703894306 -0.0986001505895797 -0.0023117327169731
-0.00085169630469543 -0.102181826021676 -0.214873825380823 0.429544694167212
-0.102384051512254 -0.0333238238661474 0.213097784804323 0.410401773031183
-0.0549607332942081 0.0737563876733067 0.299533149213545 0.0342766354559745
0.0191645070342512 0.0571547734340727 0.0772844995844532 -0.120259617632674
0.0301744009565535 0.0100716427768446 -0.017175950414848 -0.0463274222098211
0.0127588033163656 -0.00269822347160163 -0.00665108178310966 -0.013463590560586
-0.00396718344296929 0.00309042361083307 -0.013307963654793 0.00925657139854286
-0.00672969015436458 0.00711160732106361 -0.013552756835216 0.0574253564995894
0.00293516469381021 0.000356613715468138 -0.0392623966233273 0.117358777285182
0.0193148258443622 -0.00951431068316498 -0.126914598948778 0.130286679892217
0.0475652742038094 0.00136628218299491 -0.254681168614196 -0.00413800263489001
0.0327648711019421 0.0552938282914858 -0.179125819748948 -0.200399232099752
-0.0247754231382635 0.0476868419051015 -0.00398723168692639 -0.237433137158116
-0.0446147963726006 0.00405502391792395 0.126118301251273 -0.0666626419755613
0.111245757821366 -0.0853103150968502 -0.124873006213373 0.0158943265795305
-0.00734866475845048 -0.161856992337051 -0.205582262896666 0.418665986254458
-0.151462724584659 -0.0503071959859337 0.176329950925575 0.377204918882174
-0.076962421749362 0.102193138402475 0.245780430246479 0.0650128188150831
0.0266342977661074 0.0783741579792889 0.0849772367813125 -0.0692142721099124
0.0464261445799257 0.0165789689497956 0.0107297183884786 -0.0333150714495883
0.0240828097309863 -0.00881246196441061 0.00401316428249673 -0.0195511050929379
-0.00507287258698576 -0.00833259511978041 -0.012489445545337 0.00830169310690607
-0.0133242039701359 -0.00830261534024744 -0.0185156342592565 0.0597123053656185
0.00844160331510099 -0.0243928134358376 -0.0477359940369136 0.116247761800943
0.0483649087308736 -0.0318783933906959 -0.125969310003378 0.131019367990014
0.0938581762711044 0.0165356775386568 -0.248391448187554 0.0132604704500393
0.0213704919965373 0.107336777570558 -0.198166305257968 -0.168595156675744
-0.067662194944148 0.0347647335712768 -0.0410545544978913 -0.243689145435359
-0.0287121651239723 -0.0461094425423171 0.129550226838988 -0.0759382174678819
0.11882750353607 -0.113547058041885 -0.141916693303508 0.0365015744208997
-0.0513654574295931 -0.173438005278583 -0.163318134154271 0.381781429980249
-0.176545322991392 -0.014943484048797 0.135379441975489 0.320642121352772
-0.0526308530924769 0.11974758028746 0.190954114987172 0.0944522830502276
0.0416743121689154 0.0687055492050928 0.0943573430650223 -0.0207489498671192
0.0488825660305869 0.0112865473057477 0.0396421431531595 -0.02181931773054
0.0227725624942405 -0.0133278639898729 0.015609181751825 -0.0253362328615844
-0.0068422510719193 -0.0184772312986056 -0.00849210375606798 0.00423631019901438
-0.00986478805386975 -0.0251713510946923 -0.0235645033945948 0.0526295988281582
0.0313062551040637 -0.0467955037752181 -0.0565846720928526 0.0992959630956512
0.0887627145689038 -0.0318230946006364 -0.11649358698123 0.110836047619119
0.117999307334173 0.0641273003533803 -0.223359768267199 0.0232585292976959
-0.0322099143716535 0.143118337828277 -0.213363084820504 -0.13330703220893
-0.107102227223535 -0.014081554151236 -0.0754751142774437 -0.251519789756157
0.00851088873154247 -0.1008208239332 0.124366821796506 -0.0826327105629689
0.0950962906144735 -0.124433539610339 -0.143505130487579 0.0489580337139931
-0.0959780803279771 -0.135310675218991 -0.128210737561098 0.313681850017331
-0.154594573419019 0.0456545116337558 0.0887634292487658 0.278941674335473
0.000528583377324479 0.107766359207782 0.161648239748562 0.132016256837332
0.0532961986797023 0.0350123767016297 0.118546749540828 0.00870342673224149
0.0380695256222169 -0.00361513569361157 0.0614276992099119 -0.0219880010831004
0.0107065508046739 -0.0195933488016378 0.0243947364910544 -0.0307926514672418
-0.00771080074056954 -0.0247324004452236 -0.00365034828033917 -0.0012349880829389
0.00501910243447823 -0.03742730447056 -0.0247355609322706 0.0388902834689054
0.0652261774702723 -0.0511310855386215 -0.0504575092683985 0.0738377734641246
0.120125140499173 -0.00314033369203258 -0.0896892510521656 0.0878970489646134
0.0943008180767505 0.125805642125231 -0.191524070960025 0.041172239562351
-0.114831042067219 0.130313542858637 -0.237718637085313 -0.105211088149884
-0.115279578829006 -0.0907952509848315 -0.107521615063138 -0.275280113362036
0.0659065153083169 -0.136653155345967 0.110097051839319 -0.0851065010386699
0.0636021350055006 -0.1146910651648 -0.132241208917263 0.0495309669004817
-0.106818864924275 -0.0755863705171628 -0.108783002022556 0.248664963058113
-0.0944994705456497 0.0831492915548749 0.0632635561507388 0.269517481921134
0.0477072340875087 0.0678418050138039 0.180184105171569 0.151258754673326
0.0484631896276235 -0.00244756036939494 0.144257863113591 -0.00146946323071151
0.0184521971504731 -0.0166623213565173 0.0683941836673208 -0.039496353503495
-0.00319951106263907 -0.0241734368613994 0.026801921593216 -0.038472872319033
-0.00690741446202551 -0.0271903837093667 0.00312604539107083 -0.0082646427877401
0.0224948727933694 -0.040125740608077 -0.0171144727473619 0.0197252100371473
0.0870114642182717 -0.0355816270804096 -0.0281906784431287 0.0485319793017532
0.113820610783554 0.0438079288841052 -0.0471716007702879 0.0848064583809151
0.0213142255373489 0.153377553201566 -0.176805895821726 0.0741769356107854
-0.172128286157029 0.0522764469351608 -0.281076721461435 -0.109293092848575
-0.0703429335275405 -0.161079248331416 -0.121939167958879 -0.325509515363812
0.117952490081949 -0.135529050184831 0.0907138092182383 -0.0881519967020535
0.0417109504657735 -0.0921487262667297 -0.123953542950579 0.0429121183971884
-0.0807158156292171 -0.0362796216788932 -0.103388540231084 0.211190893227197
-0.0388301271175074 0.0743304274655728 0.0731124311006192 0.275224980043165
0.0571017020552652 0.0250439443019059 0.223998602827225 0.135132269117371
0.0290985839250512 -0.0207069318871451 0.157951892458357 -0.0435683490866766
-0.000422846443645156 -0.0221471393915381 0.0593290914503546 -0.0680056309670421
-0.0114011345492003 -0.027487306976034 0.0242125343266773 -0.0487060964755217
-0.00333636246603379 -0.0253229875994572 0.00704927892530208 -0.0146653789179418
0.0298745014939351 -0.032260790421201 -0.00518475014754152 0.00534233385429704
0.0801689749392949 -0.0101189883384831 0.002669027450196 0.037569606973866
0.0687707647793364 0.0702554921741429 -0.0181970816680437 0.105072943386525
-0.0493076108482491 0.111392368957242 -0.20472216473165 0.0945198874760474
-0.146729193375555 -0.0428384019896166 -0.319502323290323 -0.171463658807135
0.0100779081200601 -0.168555339940262 -0.0905936365215497 -0.395263477072583
0.135168556317841 -0.0952968108090798 0.0736986917457418 -0.0941405740974446
0.0342976977389147 -0.0648487322153725 -0.122801213933891 0.0371284646824125
-0.0411428018211991 -0.0287218377924402 -0.0939166292983074 0.202451406132181
-0.014693552480535 0.0346186447210666 0.109827255172768 0.274484927074815
0.0329426118349389 0.00176643626113602 0.264207247651384 0.094988387234115
0.00852524267828701 -0.0182988195079388 0.157624227067967 -0.0947558621661011
-0.00693994161920046 -0.0205892412316197 0.0456289047882216 -0.0964409418596726
-0.00916058977045019 -0.0265550156396894 0.0163075298649206 -0.0584412605968175
1.72940350837459E-05 -0.0207631639369185 0.00648190963238613 -0.0186373345662376
0.0232357225321164 -0.0208824569494302 0.00549215666137061 -0.00297028995767323
0.0460821951483261 0.00669617682637774 0.024473528927629 0.0425808459843602
0.0163590467255733 0.0512326688470976 -0.0207280665961133 0.126449740476939
-0.0581341472108357 0.0292725405476264 -0.249101114900249 0.0691968736612983
-0.0526991378287473 -0.080372321074116 -0.305636626915695 -0.268309931012269
0.0666870756987003 -0.0991130015411726 -0.0141243905882843 -0.452474871331143
0.0976227555260701 -0.0299892151009577 0.0683229346184177 -0.100857314137366
-0.0179042661141079 -0.00406701935825817 -0.0815075012021228 -0.00695881655732876
-0.025208285151206 -0.0160077051266342 -0.162347857529265 0.446131686559915
-0.0393506432917032 0.0175405974353342 0.281400647840427 0.382172301964566
-0.00240579639499655 0.038119189931476 0.325544741150343 -0.0313173449161043
0.0108939949365224 0.011942852922588 0.0531567690182103 -0.156953549361868
-0.00107234334606723 -0.0031200909153868 -0.0358745369887177 -0.046759908844591
-0.00985358267214364 0.00352519540208807 -0.011017835166584 -0.0115325810690215
-0.00207914532689393 0.0166423800755465 -0.0155334387429202 0.00781578523350117
0.00716277631367145 0.01760340085078 -0.00739912887156427 0.0506998668545104
0.00842589419027216 0.0216858845339916 -0.0311414752701223 0.107785464119299
0.00568582390424518 0.0189970761661685 -0.125623232130349 0.117504971549269
-0.0075138837508176 0.00138431844313342 -0.254149600482361 -0.0219891394067684
0.0216592780939395 0.00306398352123013 -0.163803794707422 -0.22478322656822
0.0158918049116558 0.0430148733340754 0.0184246612784318 -0.236511592135807
-0.0443366261737642 0.0487748506019338 0.116749584998396 -0.0676802634563484
0.0589155639346715 -0.0513960115380321 -0.103184160655565 0.00267546679473599
-0.0059785781871758 -0.103025962989298 -0.197601243884215 0.444809911964388
-0.105540905946873 -0.0283210429195795 0.234491898624243 0.404473358443661
-0.0507048504370484 0.0762686412140988 0.303824049509764 0.0210654430249334
0.0224450512559009 0.0561984914811636 0.0710999238215064 -0.12368395339196
0.0303497620262299 0.00825693026459832 -0.0180389239362381 -0.0458841422454364
0.0118468356468581 -0.00367373892806308 -0.00769800220518795 -0.0147453338817827
-0.00371516425587592 0.00519594755928698 -0.0131483012385436 0.0100107538028359
-0.00639248902857971 0.00881401300097351 -0.0101864951836045 0.0593878098563517
0.0039386334081505 0.000276713866734307 -0.0324499855945732 0.120039054547617
0.0193607227444329 -0.010267309799302 -0.120860579785427 0.140073326988669
0.0466577431513696 -0.00181589394002187 -0.259659283984192 0.0103417700171058
0.0353386051297372 0.053637779646254 -0.19304649678218 -0.195510055151886
-0.0219063187619831 0.0503527625695195 -0.0160864698662861 -0.24181616782955
-0.0454309346563157 0.00766506816140296 0.125230509349353 -0.0770003358899143
0.107656810115972 -0.091567611453073 -0.12910003621177 0.0222773246450009
-0.016364337820485 -0.162251856378957 -0.189580151683836 0.43483185073756
-0.155276822038639 -0.0422044594368695 0.194426246702546 0.373313890442224
-0.0716779418483702 0.107069232701748 0.251071689124416 0.0558735555228488
0.0318476340164405 0.0773006435304737 0.0811386468090575 -0.0733534471193282
0.0467585528744242 0.0140706699182157 0.0102340422785377 -0.0332852677011958
0.0222750140127195 -0.00960900303696989 0.00264838583473665 -0.0196724593330316
-0.00580169379051611 -0.00685922897752031 -0.0129764347967061 0.0096721390995132
-0.0139311094511593 -0.00605590878749643 -0.0162235582964 0.0610162103927868
0.00693898097787538 -0.0243894074772861 -0.0420212737972395 0.120571988206911
0.0468475146776163 -0.0349456885389474 -0.11993738577602 0.139208564925025
0.0946503789423067 0.0111637346101337 -0.252029055104815 0.0275192096798335
0.0273824333044583 0.106947303900541 -0.210670246819075 -0.162362418746314
-0.0668569605267902 0.0396116790329376 -0.0532261918183629 -0.245456261192569
-0.0323614749750079 -0.0438736431485264 0.127836644285957 -0.0861750933777477
0.11568892436508 -0.120583121724827 -0.145752433908839 0.0437954468232183
-0.062153100516321 -0.172392183721142 -0.151559642598236 0.393786200559303
-0.179773471967837 -0.00293552120676941 0.152267986449147 0.317766980698672
-0.0470689137118447 0.12371433374183 0.194114790963443 0.0886159567913392
0.0453745003114657 0.0680903895272995 0.0949858685839693 -0.0209924416883978
0.0486419318880824 0.00678359658420944 0.0410520615744488 -0.0237021964081936
0.0203537559722432 -0.0158806996086229 0.0154467064231014 -0.025699177544561
-0.00776447776963106 -0.0177421867458406 -0.010872016769206 0.00778822323299089
-0.00982040124383057 -0.0230112815636192 -0.0214897378658846 0.0566179491346618
0.0277810958413159 -0.0476735150512412 -0.0497842812940201 0.103659958789907
0.0882579349037798 -0.0387988866533537 -0.11260776399845 0.118645419156204
0.124246014538018 0.0562809069895781 -0.226855036934084 0.0357172337905285
-0.0239085833682086 0.147194013060391 -0.221531519223512 -0.12791091539761
-0.108819320723424 -0.00702363515677923 -0.0888054239533638 -0.252898600424522
0.00298405758597763 -0.101286295394092 0.12328366325612 -0.0920415328791727
0.0893165098844128 -0.130705198187813 -0.144155731838698 0.0582310278011571
-0.1049092102072 -0.13004067733575 -0.116698329206769 0.324968637542582
-0.154165081768857 0.0550728034821066 0.101661233298372 0.278811687767449
0.00705047939958828 0.10810823426411 0.170543995398433 0.126587399615027
0.0569309995933527 0.0321556475950312 0.119607431663005 0.00289061460289101
0.0375946367062015 -0.00597615443557893 0.0616997935927875 -0.0250016878796914
0.00905334719987097 -0.019871008426103 0.0232747099303396 -0.0314028795385788
-0.00999007656124058 -0.0229022038570924 -0.0029663043957181 -0.000329620267632531
0.00234128640303917 -0.0369483604018271 -0.0224081616937111 0.0403527976749058
0.0624532126838694 -0.0573633621935694 -0.0468917783486554 0.0773338147382847
0.121978174022401 -0.0110217225073323 -0.0852897979202454 0.094021947800425
0.102427681075241 0.12038171360032 -0.192684739167782 0.0510641916871165
-0.108534274788067 0.138568387950292 -0.245753836075644 -0.0964417159562281
-0.121797868345119 -0.0851860209790342 -0.121265863284223 -0.274185084429477
0.0570720709391955 -0.140235517685667 0.108404738188924 -0.0937173633317022
0.0582594130213792 -0.11951101518336 -0.133815018324715 0.0577249163614334
-0.111894994492973 -0.0690824243277626 -0.101934393915052 0.258952099868961
-0.0904610401918042 0.0891181359711129 0.074426382047726 0.271767933921019
0.0515617868572836 0.065046046388465 0.191996040256638 0.146194957725654
0.049531120578469 -0.00537338655591053 0.145542236186089 -0.0108806032646316
0.0172109244808164 -0.0177291179777117 0.0653978841136195 -0.0436163871972625
-0.0063933553620012 -0.0243744981051943 0.0247247752280479 -0.0409304920907421
-0.00846832556305637 -0.0258978387293242 0.00181742596627078 -0.00871419898365397
0.0190852188434845 -0.0405224481595147 -0.0170985135314128 0.0215780682435351
0.085567903944663 -0.0427507787920904 -0.026229925409904 0.0506530551771305
0.118011335942862 0.0374923139518997 -0.0424720906985681 0.0878599171566751
0.0301689781264688 0.15283800560859 -0.175238138614515 0.0828799568659429
-0.170278149948845 0.0639010196068457 -0.289741876876909 -0.097945959819426
-0.079504267898118 -0.158260738584122 -0.139028498618108 -0.324213650689159
0.109305915747298 -0.143169737323757 0.0874749649979007 -0.0959125798497609
0.0376446158511629 -0.0947642425558387 -0.125542541256856 0.0506119118964098
-0.0844221075887233 -0.0305139211739543 -0.0966209785134557 0.220634287957313
-0.035412727069277 0.0772912281910431 0.0879916231494483 0.276939033092479
0.0585320361518381 0.0210844329591104 0.235802571446642 0.126569086358417
0.0293394668573856 -0.0231073908128979 0.157292105328676 -0.0525030503120409
-0.00129359692081623 -0.0221390992590238 0.0540524853384286 -0.0709149481252916
-0.0145737876648405 -0.0262880946181589 0.0202598783042526 -0.0508573104191096
-0.00503970669356424 -0.0248336557936464 0.00546248244300012 -0.0144196757643557
0.0269700622068917 -0.0348402078049596 -0.00593102952540133 0.00616852406077232
0.0802888323466339 -0.0159045746365017 0.00449117112976806 0.0388570732056741
0.0742069793652714 0.0660549832587739 -0.0121457273967957 0.105924535406676
-0.041392763701784 0.116260559393368 -0.201492746272564 0.10436547301416
-0.150374766164379 -0.0341997440398952 -0.331890451749436 -0.158266593450463
0.00129070054661299 -0.170248033373176 -0.110161975874275 -0.397749583249333
0.129391177818185 -0.102299592662379 0.0707281610551184 -0.100693461266016
0.0316052392126915 -0.0667610003294971 -0.125323579802855 0.0464847004510058
-0.0440553413473117 -0.0255140055390909 -0.0861854634088189 0.211783223110894
-0.0124754159405248 0.0365649312658875 0.126500930539714 0.27499399833048
0.0331951830110909 -0.000450808096938863 0.274750100570194 0.0807307347840791
0.00883114322803013 -0.0189234271546083 0.153823817780449 -0.104256248394367
-0.00832858527638007 -0.0208100504336947 0.0393754550592521 -0.0991874224431234
-0.0113260251738228 -0.0270660821561019 0.0136880867316459 -0.0599001965607567
-0.000552862700733323 -0.0211332979629207 0.00570121097636043 -0.0201180215642935
0.0212640174300252 -0.0215211047864982 0.00458647651047221 -0.00128943806840443
0.0466521798344513 0.00260260806605735 0.026148270279724 0.0414638555368147
0.0201221712970077 0.0500764003813345 -0.0139622697812441 0.126787226273888
-0.0563990444931456 0.03349320186548 -0.245718070607079 0.081041464868559
-0.0575236693468724 -0.0776517653813652 -0.321508268290177 -0.257775672784043
0.0612541678118216 -0.103523440655157 -0.0362479210333056 -0.457622281116489
0.0948748121102436 -0.0358231610697042 0.064908321456927 -0.108042614385898
-0.0152857502402572 -0.00496730610750912 -0.091303288186396 -0.00137190562614251
-0.0216723658436041 -0.0160626556190681 -0.141841135238808 0.446080383857784
-0.0398206932127117 0.0179289444971724 0.289177997225973 0.361111833183469
-0.00227433910216924 0.0340103982372944 0.316949382302356 -0.0421319216735155
0.0142107411422139 0.0118426563103306 0.0392559042728716 -0.151414648634697
-0.00522761564714439 -0.00190990375079808 -0.0331773054141142 -0.0446680821814612
-0.00522126991047234 0.00911590423413624 -0.0090031320042993 -0.0101586024943169
-0.000849623362232398 0.0140188092786895 -0.0115956947010321 0.00671756248461786
0.00644898700305773 0.0188377147214875 -0.00481206380362141 0.0480285223445111
0.0106814324746718 0.0182041526967902 -0.0252704982109148 0.10796575890578
0.00443741688046788 0.0154193521457444 -0.113662044135372 0.119480173542464
-0.0060366671950447 -0.00046812361869241 -0.252244088640308 -0.00835126108051684
0.0210996260610142 -0.00165726541167268 -0.171525073319779 -0.218468295679885
0.0201439096811602 0.0399439910601355 0.0119553815317457 -0.237238476889749
-0.0391314742504821 0.0482866917909605 0.11587311272261 -0.0733377898093813
0.0552402994297682 -0.051547316689561 -0.103844867326267 0.00653623701602799
-0.0105213716089836 -0.0987753537342776 -0.177343224684875 0.44275593425146
-0.103901146336949 -0.0227419278972613 0.241901961076461 0.385426624929086
-0.045675423087014 0.0768079083195649 0.295892872252497 0.00917247175207339
0.0247633217546495 0.0533461136591033 0.062831449230821 -0.123248643892256
0.0288593433105117 0.00643796772167532 -0.0182308310797876 -0.0429028423036697
0.0103913307481525 -0.00334424048537701 -0.00753176751271423 -0.0138357412869513
-0.00367460582972466 0.00596415109169366 -0.0131060365576712 0.0101126184473258
-0.00503449788604404 0.0100067010615454 -0.00771370793629457 0.0571989940601243
0.00421850310954955 -3.45725417663354E-05 -0.0258889042002187 0.118622736265275
0.0183277682130997 -0.0102194507229833 -0.110577133524746 0.141786318127809
0.0446954914508121 -0.00477318280718167 -0.254582583443682 0.0208246145517944
0.0368964509871743 0.0503786176761599 -0.1989363493111 -0.185440835865635
-0.0199305951986691 0.050228145764336 -0.0249779403995909 -0.237303553542939
-0.0439354309596391 0.0101306258513881 0.120029102262358 -0.0825779144792783
0.100567579377554 -0.0932591753475515 -0.127666085649774 0.0267551224558005
-0.0228343555152634 -0.156372967815627 -0.169531477056586 0.431856260352359
-0.153053747761922 -0.0330225424491636 0.203763930786582 0.356740721574776
-0.0649652369687652 0.106682325396525 0.246504158440711 0.0454613457745396
0.0348417755567816 0.0736923154690094 0.0753049320175324 -0.0731641353094355
0.0452771404084372 0.0109715271530079 0.00889761531579912 -0.032986886544087
0.019952031845134 -0.0100819269616842 0.00170820690646452 -0.019918633890083
-0.00666923633507082 -0.00391116398489547 -0.0129744080070893 0.00982882000951384
-0.0137259869896335 -0.00341266334301752 -0.0124369593586958 0.0598644035544554
0.00542955911808217 -0.024001376193584 -0.0340960816039933 0.11919995777333
0.0438737163558169 -0.0361878273119726 -0.11110928335549 0.141274867791596
0.0923773951439034 0.00555382388169932 -0.245763299120922 0.0388995390061385
0.0315996652455605 0.102524938762741 -0.214675472207919 -0.152192438152243
-0.0635498307030775 0.0421790994057051 -0.0606837980155287 -0.239877817608361
-0.0339241579484877 -0.0400989319807007 0.122716937276254 -0.0919975096337529
0.106023400148726 -0.1219050363489 -0.140331280088891 0.047966079911811
-0.0672864437681926 -0.161324235511405 -0.132287964536062 0.389177013509221
-0.174332857252759 0.0032075836372754 0.158263546690961 0.305811864723136
-0.0397212224705757 0.12287124735439 0.194372715659144 0.0803803459546443
0.0490223553840564 0.0623779239021451 0.0920928483644508 -0.0230919288833972
0.0490801314698827 0.00558689099856563 0.0385759355685903 -0.0251851883853954
0.0183024803445496 -0.015061199098511 0.013775611861185 -0.0263658076000719
-0.0087324149664844 -0.0133266173123046 -0.00922928464946007 0.00905828050105646
-0.0114756872236055 -0.0237240385657383 -0.0190389738769659 0.0557584531876654
0.0243584820508876 -0.0500745413507882 -0.0430766579950523 0.1053521237581
0.0810980969118092 -0.0428949139185619 -0.104679919547654 0.121695371363573
0.121812175042273 0.0472655279538559 -0.220875821161792 0.0441849066994683
-0.0168050922348571 0.14644814045534 -0.223658924341384 -0.118277324855614
-0.107369886836656 -0.000467542460048516 -0.0954923280016379 -0.24533629519766
-0.00227737214662271 -0.0955886446349213 0.117532389320977 -0.096168055915251
0.0824013430787188 -0.129991159339356 -0.141814866604311 0.0607646123056918
-0.106237838968794 -0.121734360425383 -0.102686149624819 0.320772162169785
-0.146673081952117 0.0616664179200066 0.108854839971221 0.270263190348801
0.0118888999766988 0.104865442308879 0.173210563449247 0.118465655564618
0.0565916640577148 0.0279943362148857 0.11759967672489 -0.00302734995444062
0.0345843711353518 -0.00794176376948976 0.0589062078176236 -0.027280836869876
0.00619385292129566 -0.0195871349876466 0.0196914522991771 -0.0321549948300846
-0.00967530853374024 -0.0211478325517483 -0.0042812717555354 0.000203692938130319
0.000558765703534859 -0.0357138725936145 -0.0211902670443896 0.0414835016573905
0.0560094937911426 -0.0586359327623424 -0.042425558503131 0.0786835337917807
0.117397121856345 -0.0164678010661596 -0.078512599619278 0.0963834260683302
0.106393296442108 0.112123635667318 -0.186411964798198 0.0569341226376841
-0.0991897740963565 0.141685534261096 -0.244618730814998 -0.086529570749241
-0.122820620137984 -0.076210837188844 -0.128161930141308 -0.263821575326902
0.0487173225877166 -0.139657309639782 0.101612913155169 -0.0965504557621982
0.051982558314168 -0.119009227445405 -0.130538921727217 0.062797523004629
-0.112681148860871 -0.061471090659182 -0.0917891726208055 0.258285444699005
-0.0836213037036748 0.0920002829701484 0.0832450734944207 0.265453956631297
0.0535222582667757 0.0612400029396306 0.194865843367863 0.135112144840802
0.0476773615075567 -0.0077806979584416 0.141434996699492 -0.0174678636828711
0.015068043061056 -0.0186827041959782 0.0628365956650924 -0.0451192627452344
-0.00805673898551437 -0.0221936583210891 0.0205773977607197 -0.0406221985701633
-0.00960919580566694 -0.0236188154573978 0.00135946630626353 -0.00753943047179728
0.0171180670125067 -0.0399285223053901 -0.0156614444994776 0.0224351661092963
0.0795684714418316 -0.0459965969957466 -0.0237158064076136 0.0509907256232529
0.116966032801424 0.0299899074902552 -0.0372697902818341 0.0866715716900319
0.0379002223629252 0.146776448647029 -0.168175381680792 0.0872258228978653
-0.162473181716782 0.0707989649182958 -0.287202685247956 -0.0847465477907083
-0.085700807475713 -0.14924182934538 -0.147350410173231 -0.311198432069356
0.0990204359251607 -0.143738569147956 0.0816148970992332 -0.0978429472148736
0.0336852978532803 -0.0943822765276581 -0.122476332700206 0.0560001459418914
-0.0834479622026902 -0.0243471651350755 -0.0881863056524795 0.221058435361041
-0.0296131188194621 0.078021771145592 0.0973301251942395 0.270359794326536
0.0580710859414004 0.0175917020354958 0.237568281956826 0.113021145262783
0.028671129176067 -0.0244209840091679 0.149880125753822 -0.0594539923461329
-0.00224054813863521 -0.0222480335502818 0.0502567533759658 -0.0714726945125957
-0.0151797494877833 -0.0248928553454218 0.015871972235859 -0.0497410725389535
-0.00647505735167717 -0.0239230896102815 0.00388235465942189 -0.0145723721809211
0.0245234132475585 -0.0344027292182021 -0.00653858329504814 0.00750259596822572
0.0769698842544679 -0.02017355833102 0.00559202618740485 0.0389707074801126
0.0754772519204434 0.0600988797433435 -0.00803611197475622 0.102339102760475
-0.0335866959385164 0.114162285099396 -0.191964464442674 0.109354238669645
-0.146969352176285 -0.0253188591397933 -0.328989518841937 -0.143121909630029
-0.00701066796556725 -0.164745097123156 -0.123221416050152 -0.383845802924818
0.119862905062574 -0.104554308904134 0.0656457520063772 -0.102930466969949
0.0296240161879301 -0.0659134247892092 -0.121846280766771 0.0520872671176862
-0.045034942166981 -0.0215555798247439 -0.0778765260588952 0.212644427501635
-0.00955492030411988 0.037010743440657 0.135088112795207 0.264725968972073
0.0328018299364195 -0.00249256885226639 0.273941202379895 0.0672119373719207
0.00947218161364652 -0.0200689106407576 0.144672830892696 -0.109475075379763
-0.00906024337057119 -0.0208768443795109 0.032226194433369 -0.0976057746318155
-0.0126879671746809 -0.0253462313019183 0.00919414655760048 -0.0592977755974918
-0.001255700686601 -0.0195821754032488 0.00379947712112779 -0.0195314839482707
0.020023926573734 -0.0228425313363142 0.00280600224057854 -0.00156029297467596
0.045851770883761 -0.00122273776607957 0.0264138854523713 0.0389921444476988
0.0234890380994115 0.046941687058115 -0.008259241045924 0.120807356380551
-0.0516835910438497 0.0360900376501777 -0.236594141077447 0.0873311425293757
-0.0588111581955998 -0.0718924636979791 -0.323291291115926 -0.240273991244719
0.0551765821051156 -0.10367961292823 -0.0542836233061809 -0.446212277836419
0.0889050046148789 -0.0392287415078801 0.0595983398079489 -0.109780979883668
-0.0158731543985494 -0.00456185303871698 -0.0886414172431844 -0.0130525143978588
-0.0198889347915377 -0.0178485719228816 -0.191994090097875 0.405976136682064
-0.0417181825181255 0.0107000650731106 0.229037881093335 0.373245525710227
-0.00766582427429616 0.0313440902102915 0.291837143232574 0.000352415163899673
0.00828074509869627 0.0132720318031046 0.0538816311681868 -0.137646167585416
-0.00032381200117895 -0.00372342605293233 -0.025003568030223 -0.0447177450300222
-0.00713462350614514 0.00685438365988306 -0.00570929243399098 -0.0105622945276633
-0.000365627152091915 0.0146053514066344 -0.0112001703680516 0.00665300247368869
0.00831678008070019 0.019786849170666 -0.0131265269427545 0.0483438289415204
0.0102413091384984 0.0213926587291214 -0.035905065427132 0.0987499101017407
0.000361876022549275 0.0177528210565722 -0.127151887188753 0.10344548345764
7.57091308783101E-05 0.00363927334351593 -0.240721176823678 -0.0412470051998392
0.0221694911654619 0.00516029940664468 -0.143915168917101 -0.233822710203082
0.0124407746813254 0.0393320583380465 0.0395341206376057 -0.229097446716657
-0.0455600394452158 0.0446082908880113 0.124312345459471 -0.0657219828776274
0.0579185272706228 -0.0406009909143188 -0.0969640025252235 -0.00398348457009949
0.00309804100383536 -0.0940137449408203 -0.219200879791137 0.39687258451861
-0.0952556090915701 -0.0354431620720738 0.177947828535325 0.387516494955374
-0.0541772197803053 0.065207864877571 0.270101455776202 0.0443709930549609
0.0160707564690667 0.0547016985310533 0.0706162150325571 -0.106023680898593
0.0255226128346632 0.0101818670774722 -0.0106599323884245 -0.0420396042453029
0.00911583463030936 -0.00102918900828417 -0.00560848741968081 -0.0151470255611327
-0.00436359706382815 0.00723467386637959 -0.0143033382911456 0.0080249981623205
-0.00601571407856604 0.0100837542511939 -0.0142013893241998 0.0529020031538057
0.00375778946409377 0.0013186812862002 -0.0381074530128701 0.110797154128923
0.0205720152759908 -0.00789439188225898 -0.126643198172865 0.122579368388823
0.0458356345089339 0.00293882295651239 -0.252591831959643 -0.0103094925034161
0.0295240097351046 0.0565273251634789 -0.171797439325853 -0.21097611967818
-0.0260949726716986 0.0478654424650885 0.00590149314246757 -0.238552234580396
-0.0454161472009751 0.00585042666300006 0.130489727147457 -0.0699568938297708
0.1061722792003 -0.0731537140917665 -0.117741902061065 0.0138357885835904
-0.000444744296914488 -0.148186631837909 -0.207658410863269 0.383904294001701
-0.139582786577777 -0.051760740632984 0.145162784319982 0.352802972468753
-0.0764253904296422 0.0914882912059796 0.218284258610467 0.071090963947354
0.0219835402199322 0.0749848542173457 0.0757126036615736 -0.0586271919094997
0.0406261313575862 0.0168505981691445 0.0136152829940404 -0.0276646257952761
0.0191932961656166 -0.00673887677930917 0.00366605782755888 -0.0194855991402215
-0.00555856666675108 -0.00390599871403504 -0.0135861344405652 0.00822042614492162
-0.012362938751814 -0.00411118511578094 -0.0195596709833954 0.0562885680225573
0.00876232967164682 -0.0222603467677379 -0.0477755060380092 0.111291385661487
0.0482476795166519 -0.028730355046553 -0.126623691546522 0.123348250814113
0.0908631992653408 0.0176492696038708 -0.249238855715909 0.00741107301711499
0.0178669577026315 0.1069823166699 -0.189365345857221 -0.181941361947543
-0.067263768279386 0.035231105864994 -0.025877320593094 -0.245461024025956
-0.0298257772765769 -0.0419067398588209 0.135814301035736 -0.0767637509652612
0.11343270697737 -0.100515552099606 -0.1320256782282 0.0326002743423405
-0.039768871082258 -0.16167968414562 -0.170695928190021 0.346994123117185
-0.164090796834664 -0.0202933724727724 0.10533526628039 0.299203710255179
-0.0565850357585437 0.109157919434647 0.16720267105359 0.0987379853158706
0.0364912358975406 0.0661530390250721 0.0858341021659158 -0.0102090726285534
0.0438254465647127 0.0114322800741635 0.039969987536238 -0.0169073305355204
0.0162665785681201 -0.0124548917124925 0.0137397603598854 -0.022888183583528
-0.00706244053277793 -0.0132263415216769 -0.0100443977289352 0.0054897369559441
-0.00797818520763481 -0.0181169879750307 -0.0239915131674268 0.051857610475106
0.0320680965053901 -0.0437177323418951 -0.0581011275942292 0.0956673243782864
0.0869473791437196 -0.0304913984953924 -0.120024311754511 0.105051498567279
0.114619369848142 0.0630294651373039 -0.226845051474278 0.0149819118939156
-0.0314725109743245 0.141899522008547 -0.200035066209246 -0.149094416772814
-0.103846245727965 -0.0112862687877675 -0.0561083635462073 -0.251187685167141
0.00663759520733535 -0.0948791986304542 0.128024543882214 -0.0757052888802525
0.094328195739487 -0.111870916290825 -0.13177763115003 0.0439552638295694
-0.0843607899926207 -0.128073132304016 -0.136072681017575 0.285431619778174
-0.146858569068814 0.037537174529532 0.0625921215020151 0.263655410398661
-0.00603081610167391 0.100580853059663 0.143319909019644 0.133483520059623
0.0496393409396548 0.0341447486448159 0.108268764752899 0.0137173517472124
0.0334233813161429 -0.00250857216771079 0.0603834766239703 -0.0171739315919146
0.00745298501144609 -0.0166411690095328 0.0222781431289072 -0.0275588330575966
-0.00759253063000402 -0.0196466974689468 -0.00492378038566294 -0.000480359494608081
0.00452623086087374 -0.0324485675368687 -0.025645551896951 0.0371188210147886
0.061498462801728 -0.0498873384396119 -0.0524308527037467 0.0707847776383479
0.115778612956506 -0.00164093756838011 -0.0928984046001545 0.0811246869492187
0.0911136348949056 0.120740487514099 -0.194416271180558 0.0279354091839818
-0.110508059544089 0.128618168553306 -0.222059743614878 -0.121275859934368
-0.110309730406611 -0.0853659926087314 -0.0857599104287417 -0.269962968876982
0.0606251611613652 -0.128009391485434 0.115566762677385 -0.0768999265756273
0.0649699738069439 -0.104205376857772 -0.122111684611852 0.0447361995608916
-0.0957746408045418 -0.0722061259058392 -0.121010088859314 0.228653889693865
-0.0909802785053981 0.0747815921224913 0.0385014362309045 0.260404811952506
0.0395240583272001 0.0650009520572971 0.164009696939724 0.152813320449999
0.0470158488558062 -0.000629909349385632 0.134643305862173 0.00260209921845773
0.0163829587164604 -0.0147009714463909 0.0651335208740419 -0.0352460392952267
-0.00526807937553947 -0.0214992590563204 0.023289999684108 -0.0359661569361267
-0.00647812844759306 -0.023450389246956 0.00123661833863644 -0.00677028447950792
0.0208740958564168 -0.0359706426095408 -0.01993881578059 0.021340136720832
0.0823578280022009 -0.0353998064936944 -0.0328143286142443 0.0459836997288715
0.109630223753532 0.0424127149390702 -0.0523365076017592 0.0755559330926178
0.021678112282455 0.146538287300813 -0.176793200188703 0.0573198200608388
-0.162180426576708 0.0544577884585042 -0.26172223827534 -0.123173257876026
-0.0648769296274768 -0.150323620553789 -0.0984703232087248 -0.316000099818942
0.110630801713444 -0.126838105571002 0.0933774273211633 -0.0793180413050315
0.0435408084362983 -0.0833040320855918 -0.116564881584955 0.039359223312869
-0.074650278539978 -0.0336991404515562 -0.113462400235949 0.196535010417813
-0.0392107036985259 0.0695024161350796 0.0535057166692875 0.268115307424397
0.0514939099945484 0.0262711708874914 0.208633088094177 0.137682979761485
0.0319997343550819 -0.0190639396517441 0.147706274077607 -0.0366180445435347
0.000290283375015324 -0.0207135025397339 0.056249220152027 -0.0619300632246498
-0.0124652941291486 -0.025392300700494 0.0210508138380389 -0.0460199717911125
-0.002082071168074 -0.0220964375568117 0.00496478620005751 -0.0132294962756609
0.0277327770301754 -0.0298490454139101 -0.00937868124688043 0.00713564658422271
0.0755183415677761 -0.010814644534602 -0.00217461418912876 0.0358067340852783
0.0662638189519945 0.0662956584188364 -0.0227515324215722 0.0925170998774531
-0.0438540969785942 0.106280762845617 -0.200077495233422 0.0768640630299095
-0.136382053947531 -0.0362178231212136 -0.296459248021956 -0.181212318211037
0.0121078353954128 -0.155302823435488 -0.0691723171017405 -0.381919380676184
0.126316869375648 -0.0854808924571556 0.0760401654071971 -0.0872338860443656
0.0354388337625176 -0.0582324947060511 -0.117491606004931 0.0373990138236712
-0.0379280123193067 -0.0250849204916096 -0.101371972088858 0.191716449835622
-0.0149887333723006 0.0336058524469311 0.0943142550652414 0.26816218511934
0.0309656872325056 0.00393597832277707 0.249432033350768 0.0965114533054021
0.0120421562006797 -0.0164008348670976 0.148410237663716 -0.0850266108827758
-0.0065075930935521 -0.0199883677666137 0.0429805551009552 -0.0887028134744164
-0.0101251201328387 -0.0259806186760057 0.0147492501534209 -0.0560289883552083
0.000939381209095195 -0.0194889704330728 0.00574562295389057 -0.018243761139404
0.0217029186152417 -0.0190979870929573 0.00160887347811086 0.000537033050652025
0.0444751084925413 0.0041475635104219 0.0179833435858923 0.0390874887899453
0.0177335287712442 0.0472236535699657 -0.023357199680403 0.111835079484677
-0.0506967873179795 0.0284089917112577 -0.2390271576074 0.0525306521767114
-0.0475027180715091 -0.0690846794057552 -0.281460363531357 -0.275266336858982
0.0623662247753612 -0.089220396190074 0.00350603342206354 -0.436394989442754
0.0891645317525666 -0.0255336716748086 0.0714881828249033 -0.0984440838275233
-0.0148180406714714 -0.00398214200430389 -0.0889602102557833 -0.0140437211450051
-0.0163989386887435 -0.0187091728843567 -0.201320295802044 0.393358703051922
-0.0406062642614222 0.00830131784258008 0.210364977058901 0.377573210380295
-0.00746091323940763 0.0324713806488429 0.289290423662261 0.0130446306052846
0.00883362896872492 0.0123764277387091 0.058406723182789 -0.130059654312047
-0.00218340014987316 -0.000740150317802139 -0.0198423466051767 -0.0487896377295623
-0.00833880875451355 0.00949753033612634 -0.00522440379441841 -0.0114588395467644
-0.0042994080321434 0.0183049820536238 -0.0147280433333897 0.00582856517899994
0.00600358870983077 0.0169088525963455 -0.0135550991129998 0.0443129052958353
0.00918582411637025 0.01696181499171 -0.0362158927262142 0.0963778929603481
0.0013098727189943 0.0163237571876094 -0.125971102412094 0.0971400106435475
-0.00376126017090106 0.00205636907504911 -0.240283943286594 -0.0461525690049532
0.0209915039301777 0.00378306490897655 -0.132076302446899 -0.240905244462143
0.0160065501691433 0.0414398094772474 0.0465109051247806 -0.231630352648429
-0.0451516536698536 0.0421603408004913 0.122278817856144 -0.0647035319288702
0.0582861673952905 -0.0374280985049367 -0.0979486431969623 -0.00628160252500847
0.00561572157492911 -0.0918784630504691 -0.229543987280544 0.385692247232155
-0.0929350914525028 -0.0363431727806139 0.164656313987687 0.386208320181785
-0.0550639254712906 0.0635084938426761 0.26468154149521 0.0530638674115561
0.0147126902602316 0.053230348911131 0.0703030418350529 -0.101094361572857
0.0237037014769509 0.0105533373973939 -0.00844796811309133 -0.0418720271404313
0.00795192786241861 0.00049034988841629 -0.0052352450518135 -0.016083259872267
-0.00470386781564964 0.00794469307927816 -0.0151991821408399 0.00680905827330576
-0.00582095205954489 0.0103795983556457 -0.0152731264508339 0.051649890813081
0.00387998496550499 0.00120656851584221 -0.0390585954138077 0.107470173621511
0.0208212525091521 -0.0066496222406901 -0.126789524170281 0.117708432518886
0.0442562401846814 0.00416261605369003 -0.249999784415136 -0.0156666533925905
0.0268613034437953 0.0561284325563983 -0.164552068677398 -0.215226241936442
-0.0261684544440228 0.0463209678760112 0.0130515406012529 -0.23758895358467
-0.045071142697969 0.00584920502738816 0.132625511839218 -0.0683944843250078
0.105758440575965 -0.0694454044875328 -0.119056078420034 0.0100857532794159
0.00350370477232502 -0.14521002111166 -0.217496184677404 0.371700558866475
-0.135613289676867 -0.0536381608773955 0.131486218450967 0.350657425816493
-0.0772051446660417 0.0877480009306441 0.213121966238733 0.0781213015737227
0.0207090287501678 0.0734802192437243 0.0748758765940624 -0.0539843426572746
0.0385166683644372 0.0169368369782022 0.0152300696242502 -0.027317482735689
0.0175694731236 -0.00514073412634254 0.00403693392876484 -0.0198005854448441
-0.00573358627332865 -0.0022384488732269 -0.0144003196609701 0.00768085809570523
-0.0119868263979265 -0.00295006780145796 -0.0204938083494701 0.0552323286872174
0.00907069152983802 -0.0215081096220846 -0.0482746620406918 0.108216846566758
0.0485074680637318 -0.0274411684267396 -0.128013905721629 0.11895800043922
0.0877509146709064 0.0197543978189798 -0.246306034019854 0.00110441532836561
0.0153965033817603 0.106499010933653 -0.183440369584679 -0.186590907233925
-0.0673619170638259 0.033763485802986 -0.01791018416909 -0.244551426789237
-0.0283559019688634 -0.0413575075613688 0.136669976191877 -0.074713739287937
0.116022496778138 -0.0956163777908756 -0.13307498516578 0.0293577114931397
-0.0336057504206797 -0.159386929665048 -0.177901612372551 0.337050571972264
-0.16085842856863 -0.0215424126671468 0.0955027391328231 0.297135315026364
-0.0584813812686641 0.106286039777832 0.161360073413148 0.105371949185909
0.0348780034320794 0.0672374824585005 0.0851362584512796 -0.0087045394702208
0.0410763519338309 0.012217865771681 0.04049540975853 -0.0155908996874508
0.0170732516540428 -0.00960110167715193 0.0109772995324015 -0.0221568785860616
-0.00663456756532567 -0.0121465625837296 -0.0123996256404858 0.00493049583805353
-0.00805330694045062 -0.0180318039054875 -0.0254845919680927 0.0489755406929476
0.0317371022984109 -0.0425643157062816 -0.0567996192217109 0.0960499162639726
0.0863863356757537 -0.0282104948192871 -0.119340220899646 0.0988341463826571
0.1112499252036 0.0632323235093059 -0.225801893622201 0.00794038094162481
-0.0361352866971503 0.140148275304888 -0.196208868532776 -0.156605953684621
-0.101804299384286 -0.0144406861318907 -0.0473257938573345 -0.249549197309846
0.00779198122812296 -0.0897893780631541 0.132614655430305 -0.0763853251366297
0.0953176442088446 -0.10820700934817 -0.132900869457079 0.0391261331970845
-0.0789822237212086 -0.127384583988035 -0.144283781162024 0.276452395691216
-0.144061969957546 0.0334214550007939 0.0526017106520687 0.26377869830307
-0.00818523255446384 0.0990155457107773 0.138762084568156 0.138038516348991
0.0480361085980526 0.0338498650293387 0.105951621908081 0.0161964609734982
0.0326766594229456 -0.00128777662281146 0.0595592238269557 -0.0165915589503998
0.0061051716251641 -0.015704274737318 0.021296433314858 -0.0269062625023746
-0.00766541083199331 -0.01884842741363 -0.00538574501823 -4.82501314181903E-05
0.00445495650543929 -0.0305669892124452 -0.0276056071697121 0.0379318829935141
0.0603548613233582 -0.0482077481365011 -0.0535273818136121 0.0689511825929191
0.114304387930624 -0.0002776690820082 -0.093683098624433 0.0773535329092251
0.0874675973297759 0.120374520720425 -0.19180604434216 0.0217072538110845
-0.111276638310835 0.125181098795406 -0.215684728445234 -0.127026893428558
-0.107133317089018 -0.0854655091660539 -0.0756261500947184 -0.269833087045076
0.0619179829277298 -0.122940764020763 0.116306248512238 -0.0742787167929191
0.0664376534458336 -0.100912133995885 -0.123930092350103 0.0405925760936348
-0.0924863276279324 -0.0731938643724884 -0.128242207515183 0.221791069976826
-0.09094832537503 0.0717119263866598 0.0305599912651066 0.259964788878512
0.0371801674837065 0.0642992975276833 0.159817136136648 0.156767239146457
0.0469886259133985 3.4960589702597E-05 0.133095493755895 0.00606134883962263
0.0160586003304632 -0.0144621974284591 0.0651045798753118 -0.0331936180090799
-0.00546212593664061 -0.0205176031814486 0.0231774987421064 -0.0348689471140287
-0.00531971015746128 -0.0217169148546399 0.000498008860420911 -0.00703002749840149
0.0206218129664127 -0.033714058970966 -0.0209777764068245 0.0209175092289882
0.0809748430179692 -0.0338602995377225 -0.0339214524565597 0.0446728791623812
0.106973379105799 0.0432376234415067 -0.0535431481249625 0.0717603426903042
0.0190124206191111 0.144176238131175 -0.176215715905588 0.0506238366441535
-0.161609169899717 0.0506849463258118 -0.254837540905733 -0.129661327883413
-0.0614055638386305 -0.148717511558476 -0.0874831216088583 -0.314866903164589
0.110079036991981 -0.120208117729708 0.0949708659477378 -0.0766104865940835
0.0456788952100306 -0.0812878439274585 -0.117483874409868 0.0370336223883501
-0.0723834398151758 -0.0345177726724219 -0.12093233250862 0.191677726894719
-0.03969053579416 0.0675492463231955 0.0457721677804966 0.269400800128142
0.049287506984147 0.0258643738224658 0.204421550587838 0.14114148685087
0.0319754220067372 -0.0176685342337417 0.146596387723175 -0.0335899887642521
0.000609375110287499 -0.0211185520158785 0.0566893191181416 -0.0593348573646763
-0.0128483699261075 -0.0244370169633415 0.0197455471226526 -0.0448442413783641
-0.00150998481374645 -0.0215972345970917 0.00424317096285771 -0.0129550120624563
0.0272062415591634 -0.0284295476486954 -0.00999657914955123 0.00822812326900635
0.0744113235714106 -0.00984257477614827 -0.00442623035973848 0.0349039224716748
0.0639550093397257 0.0652413543819548 -0.0238372122823247 0.08935272835297
-0.0441124282359862 0.103262571429904 -0.197800948653106 0.0685206076000786
-0.133198297508626 -0.0369699215574949 -0.286729375037019 -0.187214070991559
0.0142779057905815 -0.152755644336292 -0.0570395370091979 -0.37896610002324
0.123757519599611 -0.080745289959233 0.0784483817959905 -0.0849067709749119
0.0372604884518615 -0.0561365248555636 -0.118494838871273 0.034009535956945
-0.036637732095869 -0.0257755361054021 -0.108217234818569 0.188473586589905
-0.0152776924540669 0.0331869149481871 0.0865477612650427 0.270444502872301
0.0301740732280699 0.00441593411633641 0.244800866892315 0.100832517218515
0.0136832644555966 -0.0164105127691775 0.147868240621378 -0.0805508722298759
-0.00551399546748953 -0.0194163322081829 0.0432011807275575 -0.0863680683389284
-0.0104425089988367 -0.0256653802314354 0.0150304441808167 -0.0557731129384401
0.00171129383897463 -0.0189708680000461 0.00628477541952737 -0.0183772263492075
0.0214106762785563 -0.0184667995350683 -7.71375302927009E-05 0.0023311660446962
0.0437956633855212 0.00391944883022238 0.0163354108244552 0.0383953422381086
0.0170124049575403 0.0463813089077846 -0.0243308469100457 0.107827272701546
-0.0503075129879091 0.0274661830904794 -0.235325878103948 0.0440797431401978
-0.0449950318600254 -0.0691173673368005 -0.269352650958476 -0.278352444528986
0.06317864851874 -0.0856965590858019 0.017903711309769 -0.428516503867273
0.0867821795903327 -0.0218883235640311 0.0738962354142859 -0.0955289480797625
-0.0164089179468977 -0.00426374887042661 -0.0929710120222868 -0.0164879501081139
-0.0186999409867864 -0.0217801005537946 -0.223489663736445 0.397202744500991
-0.0438594707084513 0.00698597201284799 0.202982016854844 0.393594530355593
-0.0105156573398083 0.0313258105261709 0.295883575869322 0.0197907387614683
0.00801381172360695 0.0134157722370215 0.0637919670415156 -0.129020253813112
-0.00293287926661423 -0.002106803783289 -0.0198104723332567 -0.0487237275562314
-0.00984927613935791 0.00856450300833506 -0.00619632860928371 -0.0144823079674243
-0.00385979157963436 0.0183462450479933 -0.0124133676009864 0.00313415318127535
0.00605899475546515 0.0228016206921537 -0.013285880756317 0.0428232871325235
0.00784128285433913 0.0200943329374128 -0.0395506292286096 0.0971546903868995
0.00100324194272445 0.0174878354679495 -0.137634334046285 0.0954880773067187
-0.00558239629922829 0.00251941552118289 -0.246810439398581 -0.0573273425059504
0.0180807553053476 0.00547243082449561 -0.130259023462822 -0.255361951156897
0.0128587652193717 0.0406180115854598 0.0556665202875564 -0.235399946612333
-0.0476822065121821 0.0429994099332649 0.13033023934028 -0.0619537308942871
0.0608757798835123 -0.0363657120935566 -0.103717670038084 -0.0104039350384505
0.00915427574313864 -0.0930080353781493 -0.250867993806939 0.386704631872921
-0.0937542757967651 -0.0397147313985697 0.152556901992181 0.401996762648231
-0.0587677411586967 0.0627462166669638 0.268686962806732 0.064135654309745
0.0137405795221254 0.0549940720333206 0.0759738022346606 -0.0990561884415239
0.0230710567773089 0.0112933552208045 -0.00593806429566665 -0.0423216484548042
0.00717543618207026 0.00244865249699907 -0.0042364073999477 -0.017745315061315
-0.00468166081704967 0.0098324242208937 -0.0160840063512513 0.00640464575414032
-0.00654680037232864 0.0115652060046235 -0.0176243251145692 0.0526351115730228
0.00437709206362375 0.0018153641660027 -0.0424133510018554 0.10861676867832
0.0213202358267072 -0.00650735068251539 -0.134184995818237 0.116549389484444
0.0433792288946144 0.00565677693870957 -0.257812521249019 -0.0247155215539773
0.0252822589244675 0.0585121384462635 -0.162842073052573 -0.22903552301759
-0.0280719647344002 0.0469034610847998 0.0229616391377708 -0.245381070547618
-0.0453860676644326 0.00555347735576099 0.138854877020292 -0.0675837082700806
0.110789100559709 -0.0663317776099608 -0.124910592022086 0.00519310981746168
0.00830756749208389 -0.148563122772123 -0.238217026209234 0.373593594754212
-0.137172812985458 -0.0583992445562305 0.120233463418382 0.364872952666558
-0.0809996871605997 0.0876163175200041 0.215868150376739 0.0890846536712713
0.0188066959077077 0.0749521513873592 0.0792872161907299 -0.0511920799159778
0.0380119529762321 0.0182664726165556 0.0176509806133445 -0.0275763843479876
0.0173011370380641 -0.00328818843782607 0.00433578440793269 -0.0207699357448136
-0.00554162360987539 -0.000753763202012388 -0.0159216611816827 0.00740617994791995
-0.0123190640735221 -0.00195483337291028 -0.0235012802326631 0.0558807360713954
0.00948276153423785 -0.0216060452241796 -0.0525583543627249 0.109709437942233
0.050609368625806 -0.0271176616542496 -0.134450937269145 0.1177792280449
0.0884621943579342 0.0224155076565711 -0.253365799459714 -0.00715677702205378
0.0122362074700362 0.109931093901317 -0.182765033139797 -0.200597022264595
-0.069830109484557 0.0331000806168542 -0.00880272534845608 -0.252867286075634
-0.0281375133648519 -0.0422948396921418 0.144212566731827 -0.0734544973877685
0.121466117464251 -0.0933323135726512 -0.138583586528617 0.0244422796318574
-0.0299942651303343 -0.164303588633481 -0.196225285333764 0.336901917307286
-0.164003419137379 -0.0274763530144482 0.0844361515684099 0.307992131414626
-0.0628977218514701 0.105639998189808 0.161049919649351 0.114400511668502
0.033013770032782 0.0652987549607355 0.086772912533593 -0.00385056098637783
0.0412846131096989 0.0126594518896713 0.0436899836428011 -0.0153022639303108
0.0139119542776176 -0.0102898726735331 0.014741663447853 -0.0226364911284116
-0.00787670444248208 -0.010067353713522 -0.0119716712815935 0.00508760481432371
-0.00734724788665829 -0.0174505594241128 -0.0281390240334353 0.0527294102942157
0.0319073783754386 -0.0437696824035591 -0.0607428910573893 0.0957136076835489
0.0881096560240156 -0.028771485570403 -0.127255823615355 0.0988368948708038
0.111165243117246 0.0680892620420443 -0.230714075506668 0.000183310312654237
-0.0389597546474371 0.142240914633935 -0.193609463083785 -0.168494183232655
-0.105792800359518 -0.014475152561648 -0.0373468038124757 -0.26086249808492
0.0109285563366993 -0.0922266010843205 0.139758458458074 -0.0764891262540306
0.101792871109278 -0.108220249416663 -0.139360745393567 0.0353537376604908
-0.0773270598475856 -0.13264227553976 -0.160596993200841 0.280178861409856
-0.149024343926107 0.0310022188055832 0.0426302991935344 0.27310085672785
-0.0123678215704639 0.101176503594205 0.138294013044042 0.147320898406922
0.0482399935807555 0.0352051281350061 0.109543146148813 0.0207610933905642
0.0329424759247095 -0.00134358432401269 0.0631503957333441 -0.0158874711364749
0.00631908413033054 -0.0147133963611354 0.0213401581432209 -0.0271511461684758
-0.00615407611351507 -0.0179276771625363 -0.00555387481623517 0.000124613267816839
0.00555364274803916 -0.0291533151618955 -0.0287385349975037 0.0379431914339823
0.0628886598317438 -0.0477850863846734 -0.05776958877095 0.0705069583275076
0.116849794366773 0.00198755629587195 -0.0992949257154513 0.0760925456357775
0.0857889929652526 0.125492147277522 -0.199036819539443 0.0151663439960556
-0.117372872874061 0.126441803424116 -0.217279069414828 -0.139392131074428
-0.107965023260082 -0.0912218608499257 -0.0659627563676191 -0.279843053303779
0.0666434718092656 -0.122539012364944 0.12426206776913 -0.0735329135669163
0.0723168561525189 -0.101494455007934 -0.131400787522185 0.0371872656228835
-0.0930600216179533 -0.077505381367407 -0.142290549212645 0.22291689511572
-0.0955444957557388 0.0708186888290168 0.0205458522097441 0.271100047624842
0.034787171150074 0.0676465518952241 0.160531590849119 0.167498754391408
0.0482359559762149 0.000580539866256332 0.13673445172062 0.0108056904867256
0.017001150760113 -0.0146559266303031 0.0684685423090229 -0.0329530029164048
-0.00633711998509619 -0.0206805053735756 0.0232918373905561 -0.0356072389523639
-0.00436044944867833 -0.0216501165884728 0.000412907196141579 -0.0068685412484773
0.0214268252847335 -0.0335950381588554 -0.0230638906762675 0.0218352428687845
0.083434046470646 -0.0334764681609014 -0.0366116113947147 0.0446667910759175
0.10892852897342 0.046045643953842 -0.0568234626475379 0.0704043814218697
0.0157986129290884 0.148171399319259 -0.183062904404318 0.0446546262103288
-0.165441256505513 0.0480592374296366 -0.256779169198116 -0.143694409624799
-0.0596537480510819 -0.15442484407901 -0.0767114366763289 -0.325432936142165
0.11449078807633 -0.118730778697335 0.102031903174547 -0.0764514458651118
0.0500079181618608 -0.0829535595604893 -0.124406280865348 0.0345709590459951
-0.0725970432990454 -0.0371269372040385 -0.133914310732737 0.193726036071886
-0.0421063160295828 0.0687546897708891 0.0365135066290114 0.279930453372186
0.0491429331760608 0.0285179284589708 0.206739865177582 0.152422287593419
0.0341185529462538 -0.0187416585678299 0.152107211477246 -0.0295259309621209
0.000995475114871086 -0.0215177258684814 0.0598627155961751 -0.0592699564105402
-0.0125438386532777 -0.0250894682989612 0.020954667153375 -0.0460448933791707
-0.00063155807963649 -0.0222728574146753 0.00467249231223064 -0.0127631293427671
0.0291180281786273 -0.0284775716570281 -0.0115435654841263 0.00903645895459524
0.0765016509781056 -0.00806734135026808 -0.00637416914268316 0.0356297273034278
0.06453278224991 0.0684917022520233 -0.0276570851164161 0.0891307622376109
-0.0471763641571832 0.104863380358624 -0.204486781962604 0.0624726230115892
-0.135161210090622 -0.0406010948383229 -0.287671078703384 -0.20335791614238
0.0190031231883567 -0.154928202681815 -0.042491546700555 -0.390632452150593
0.128442343089347 -0.0762720483419689 0.0840689266869406 -0.0845402456006634
0.0402247385605042 -0.0573462257998025 -0.124492576570519 0.0330576184228771
-0.0367567284573053 -0.026381265122672 -0.120394418791878 0.191559844848514
-0.0163146065509165 0.0343699252698913 0.0805038017984367 0.282057058142019
0.0303425082512208 0.00493977568652411 0.250679003128433 0.111458399003275
0.014979832627303 -0.0168762988028908 0.153872681431514 -0.0788350971882948
-0.00537761981032362 -0.0208345146127308 0.0463152094020259 -0.086658064975229
-0.0107228797370352 -0.0262764580466351 0.0152245795499226 -0.0564227878410579
0.00238042507027545 -0.0192690748246945 0.0061784626397264 -0.0172400283674595
0.0219265317447043 -0.0187525177531711 -0.000652092230852594 0.0039991577081422
0.0451705455962984 0.00487108007416385 0.0149052905807515 0.0396011068372534
0.0173239031762835 0.0477189180669795 -0.0290409714719474 0.107416437824098
-0.0512963997976418 0.0269451631669367 -0.24144233553877 0.0351023309378139
-0.0436163641108105 -0.0702467957283075 -0.266648062713042 -0.296455555378922
0.066476943081645 -0.0856836406378114 0.0349252808897181 -0.439544002526489
0.088137754861196 -0.0189855781395057 0.0805920086420331 -0.0965581026511477
