TRXV5
3
4
4
9
string Extension=J
integer IsArchMeasurement=1
integer IsSpherical=1
string Generator=SPM
string GeneratorVersion=1.3.1 Dev
double ArchRadius=0.449999988079071
integer FrequencyAxisIndex=0
integer AzimuthAxisIndex=1
integer ElevationAxisIndex=2
Frequency
5 136 690000000 960000000 LIN
Azimuth
7 8 0 2.74889357189107 LIN
Elevation
7 15 -2.74889357189107 2.74889357189107 LIN
Polar H Real Part
13
Polar H Imaginary Part
14
Polar V Real Part
13
Polar V Imaginary Part
14
Polar H Magnitude (dB)
12 0xC0000002 0 1
Polar H Phase
7 0xC0000003 0 1
Polar V Magnitude (dB)
12 0xC0000002 2 3
Polar V Phase
7 0xC0000003 2 3
0.000453472137451172 -0.00618457794189453 -0.173248291015625 -0.044403076171875
-0.00288963317871094 -0.0102672576904297 -0.1673583984375 0.140243530273437
0.00327253341674805 0.000899553298950195 -0.00012207031249999 0.205062866210938
-0.00255346298217773 -0.00196194648742676 0.08111572265625 0.104736328125
-0.00415706634521484 0.00646543502807617 0.0527267456054688 0.0190658569335938
0.0108356475830078 0.0165596008300781 -0.00218462944030762 0.00197470188140869
0.0183429718017578 0.0127487182617187 -0.0611991882324219 0.0224533081054687
0.0117912292480469 0.00389957427978516 -0.117034912109375 0.0467529296875
0.0125503540039062 -0.00139331817626953 -0.176589965820312 0.044342041015625
0.0106296539306641 5.53131103515625E-05 -0.227630615234375 -0.0286865234375
0.00869464874267578 0.00575733184814453 -0.227096557617188 -0.133377075195313
-0.0031428337097168 0.00705480575561523 -0.129104614257813 -0.247467041015625
-0.0226974487304688 -0.000745773315429688 0.060272216796875 -0.30108642578125
-0.0195198059082031 -0.0364151000976563 0.135726928710938 -0.218002319335938
0.00101089477539062 -0.051422119140625 0.1529541015625 -0.128646850585938
0.00637054443359376 0.0578804016113281 -0.164337158203125 -0.0527191162109375
0.0382766723632813 0.0447044372558594 -0.170379638671875 0.126296997070313
0.0608940124511719 0.00700759887695313 -0.0183868408203125 0.201385498046875
0.0351142883300781 -0.0460891723632813 0.0680389404296875 0.112197875976563
-0.0118370056152344 -0.0464210510253906 0.053314208984375 0.0292549133300781
-0.0401992797851562 -0.0175552368164063 -0.00235080718994141 0.00423264503479004
-0.0353050231933594 0.0126800537109375 -0.0585975646972656 0.0227317810058594
-0.0293254852294922 0.00936317443847656 -0.113807678222656 0.0472030639648438
-0.0334033966064453 0.000890731811523432 -0.174713134765625 0.046783447265625
-0.03424072265625 -0.0165424346923828 -0.228164672851563 -0.0233001708984375
-0.0166950225830078 -0.0285873413085938 -0.230941772460938 -0.123397827148437
0.00134658813476562 -0.0389938354492187 -0.141693115234375 -0.238632202148437
0.0275611877441406 -0.0189056396484375 0.03814697265625 -0.30413818359375
0.0313224792480469 0.00159645080566406 0.124664306640625 -0.228134155273438
0.0196762084960938 0.0138168334960938 0.156280517578125 -0.1370849609375
0.0114822387695312 0.116989135742188 -0.155227661132813 -0.051605224609375
0.0800323486328125 0.0941009521484375 -0.1697998046875 0.10748291015625
0.115348815917969 0.0080718994140625 -0.045501708984375 0.193359375
0.066131591796875 -0.087860107421875 0.0475616455078125 0.132240295410156
-0.01995849609375 -0.0944061279296875 0.0613822937011719 0.0554046630859375
-0.0869293212890625 -0.0468902587890625 0.0185394287109375 0.0129756927490234
-0.082489013671875 0.0113449096679688 -0.0338401794433594 0.0187530517578125
-0.0657196044921875 0.0140838623046875 -0.0939178466796875 0.0387344360351563
-0.0777130126953125 0.00168609619140626 -0.159744262695313 0.0420074462890625
-0.0778121948242188 -0.0309066772460938 -0.21484375 -0.021087646484375
-0.04150390625 -0.0618019104003906 -0.223007202148438 -0.116012573242188
0.00447845458984375 -0.0830459594726563 -0.143692016601562 -0.2265625
0.0743026733398438 -0.0367279052734375 0.027862548828125 -0.297760009765625
0.0792083740234375 0.0375595092773438 0.121658325195313 -0.223388671875
0.0367813110351563 0.0746383666992188 0.160446166992188 -0.125900268554688
0.0195770263671875 0.162628173828125 -0.1488037109375 -0.037567138671875
0.117988586425781 0.125335693359375 -0.173782348632813 0.0946502685546875
0.1539306640625 -0.000823974609375 -0.0751953125 0.196670532226563
0.0822067260742188 -0.121223449707031 0.0312652587890625 0.166473388671875
-0.031890869140625 -0.124626159667969 0.08123779296875 0.0901565551757812
-0.12103271484375 -0.0645217895507813 0.0575141906738281 0.0253181457519531
-0.115150451660156 0.0116424560546875 0.00554466247558593 0.0104055404663086
-0.0936355590820313 0.016571044921875 -0.0606002807617188 0.0233078002929688
-0.112403869628906 0.00231170654296873 -0.132072448730469 0.0286026000976563
-0.112747192382813 -0.0442123413085938 -0.186187744140625 -0.026092529296875
-0.0602645874023437 -0.0916671752929688 -0.199676513671875 -0.108932495117188
0.0110244750976563 -0.120574951171875 -0.132293701171875 -0.2105712890625
0.115577697753906 -0.0472183227539063 0.028564453125 -0.282318115234375
0.11444091796875 0.0698165893554687 0.12799072265625 -0.20611572265625
0.0468902587890625 0.123947143554687 0.164764404296875 -0.0962066650390625
0.0261077880859375 0.185638427734375 -0.14697265625 -0.00721740722656247
0.141586303710938 0.132598876953125 -0.1795654296875 0.100906372070313
0.168502807617188 -0.0149993896484375 -0.09442138671875 0.21734619140625
0.0778427124023437 -0.13653564453125 0.031768798828125 0.209854125976563
-0.0435333251953125 -0.132362365722656 0.114799499511719 0.1248779296875
-0.137397766113281 -0.0676803588867188 0.107780456542969 0.0343170166015625
-0.12939453125 0.011566162109375 0.0546379089355469 -0.00359344482421875
-0.10791015625 0.0170059204101562 -0.0188140869140625 0.00246620178222657
-0.133262634277344 0.000526428222656244 -0.0931777954101563 0.0121307373046875
-0.131118774414063 -0.0579452514648438 -0.145034790039062 -0.0308685302734375
-0.0673065185546875 -0.115264892578125 -0.162567138671875 -0.0995941162109375
0.02496337890625 -0.14361572265625 -0.1109619140625 -0.187759399414062
0.144287109375 -0.041839599609375 0.032470703125 -0.25567626953125
0.129020690917969 0.0976715087890625 0.137054443359375 -0.181991577148438
0.0455169677734375 0.154098510742188 0.166671752929688 -0.05560302734375
0.0296173095703125 0.180526733398438 -0.14703369140625 0.034149169921875
0.139175415039063 0.117897033691406 -0.183212280273437 0.12579345703125
0.150985717773438 -0.0220184326171875 -0.092864990234375 0.246963500976563
0.061920166015625 -0.125381469726563 0.0518646240234375 0.246490478515625
-0.04718017578125 -0.115966796875 0.154129028320313 0.147369384765625
-0.131202697753906 -0.0568771362304687 0.159286499023438 0.034515380859375
-0.122215270996094 0.01019287109375 0.102523803710938 -0.020904541015625
-0.105270385742188 0.0143356323242188 0.0245532989501953 -0.018951416015625
-0.133987426757813 -0.0041961669921875 -0.0479469299316406 -0.00504684448242187
-0.127006530761719 -0.0675201416015625 -0.09490966796875 -0.0311660766601563
-0.054962158203125 -0.123893737792969 -0.120964050292969 -0.0819931030273438
0.0440444946289063 -0.138420104980469 -0.089996337890625 -0.157638549804688
0.146377563476562 -0.0194549560546875 0.03485107421875 -0.226654052734375
0.114425659179688 0.111793518066406 0.144805908203125 -0.158554077148438
0.0330810546875 0.15533447265625 0.162139892578125 -0.0110626220703125
0.0272064208984375 0.149307250976563 -0.147537231445312 0.0783233642578125
0.112510681152344 0.0897979736328125 -0.176422119140625 0.158218383789063
0.115196228027344 -0.0181045532226563 -0.0726776123046875 0.273513793945313
0.0432357788085938 -0.091949462890625 0.0813446044921875 0.268264770507813
-0.0395431518554687 -0.0858840942382813 0.188827514648438 0.154510498046875
-0.104522705078125 -0.0416717529296875 0.201324462890625 0.027252197265625
-0.0966949462890625 0.00707244873046874 0.14093017578125 -0.0391845703125
-0.0870285034179688 0.01092529296875 0.0616188049316406 -0.03839111328125
-0.112808227539062 -0.00939178466796877 -0.00398254394531251 -0.018096923828125
-0.100631713867188 -0.0649490356445313 -0.0468521118164063 -0.0250930786132812
-0.0323104858398438 -0.107902526855469 -0.0859146118164063 -0.0587844848632813
0.053375244140625 -0.104248046875 -0.0785140991210938 -0.127906799316406
0.118423461914063 0.0070648193359375 0.03106689453125 -0.207763671875
0.0783157348632813 0.104232788085938 0.150497436523438 -0.142562866210938
0.0156784057617188 0.129837036132813 0.153900146484375 0.026885986328125
0.0187606811523437 0.100013732910156 -0.14727783203125 0.116302490234375
0.0680732727050781 0.0566482543945313 -0.161529541015625 0.188522338867188
0.0713958740234375 -0.00484466552734375 -0.043365478515625 0.288299560546875
0.0280609130859375 -0.0499382019042969 0.111892700195312 0.271881103515625
-0.0250396728515625 -0.0491867065429687 0.213272094726563 0.15020751953125
-0.0652351379394531 -0.0247993469238281 0.2286376953125 0.0165557861328125
-0.0586700439453125 0.00217056274414061 0.166946411132813 -0.055023193359375
-0.0563240051269531 0.00518798828124999 0.0895233154296875 -0.0529098510742188
-0.0742568969726563 -0.0108413696289062 0.0303230285644531 -0.0246601104736328
-0.0598030090332031 -0.0482406616210938 -0.0108327865600586 -0.0144920349121094
-0.00962829589843749 -0.0706558227539063 -0.0642051696777344 -0.0386123657226563
0.0443191528320313 -0.0562744140625 -0.0754318237304688 -0.10858154296875
0.0671005249023437 0.0225982666015625 0.0290985107421875 -0.2010498046875
0.0334320068359375 0.0732574462890625 0.158401489257813 -0.13531494140625
-0.000503540039062508 0.0837326049804688 0.143585205078125 0.0550994873046875
0.00154304504394531 -0.00741767883300781 -0.179351806640625 -0.0337677001953125
-0.00350475311279297 -0.011199951171875 -0.16162109375 0.1563720703125
0.00471305847167969 0.00154018402099609 0.0168914794921875 0.208953857421875
-0.0025627613067627 -0.0021054744720459 0.0914077758789063 0.098785400390625
-0.00486850738525391 0.00734853744506836 0.0555000305175781 0.0132217407226563
0.0132122039794922 0.0166311264038086 -0.00327682495117187 0.00021028518676758
0.020355224609375 0.0106010437011719 -0.0627517700195313 0.0276412963867187
0.0130157470703125 0.00351142883300781 -0.117103576660156 0.0587005615234375
0.0123767852783203 -0.00158214569091797 -0.175872802734375 0.05987548828125
0.0108604431152344 -0.00164318084716797 -0.2342529296875 -0.0123443603515625
0.00987911224365234 0.00590610504150391 -0.243438720703125 -0.119461059570313
-0.00293731689453125 0.00790882110595703 -0.151947021484375 -0.2445068359375
-0.0233516693115234 0.00045967102050781 0.038604736328125 -0.31329345703125
-0.0234832763671875 -0.0351791381835938 0.125152587890625 -0.234634399414063
-0.00226974487304687 -0.0525779724121094 0.151565551757812 -0.14398193359375
0.0115928649902344 0.0585594177246094 -0.170684814453125 -0.0441131591796875
0.0427131652832031 0.043182373046875 -0.164505004882812 0.1422119140625
0.0647506713867188 0.00366592407226562 -0.00329589843750001 0.206466674804688
0.0325164794921875 -0.050384521484375 0.0777053833007813 0.108390808105469
-0.016693115234375 -0.0476036071777344 0.0564613342285156 0.0234718322753906
-0.0434226989746094 -0.0150527954101563 -0.00254011154174805 0.00228476524353027
-0.0344600677490234 0.0157928466796875 -0.0601882934570313 0.0274581909179688
-0.0278682708740234 0.011962890625 -0.113899230957031 0.05810546875
-0.0346755981445313 0.00389480590820313 -0.175796508789063 0.062469482421875
-0.0371284484863281 -0.0146255493164062 -0.234375 -0.00573730468749999
-0.0187149047851563 -0.0287036895751953 -0.246551513671875 -0.108383178710938
-0.00231170654296875 -0.0398597717285156 -0.1649169921875 -0.234054565429687
0.0262355804443359 -0.0212078094482422 0.014678955078125 -0.31591796875
0.0318813323974609 -8.392333984375E-05 0.111740112304688 -0.244247436523438
0.0206718444824219 0.0126705169677734 0.154693603515625 -0.15350341796875
0.021820068359375 0.11968994140625 -0.161422729492188 -0.0434722900390625
0.0908889770507812 0.0923080444335938 -0.164871215820313 0.122421264648437
0.121131896972656 0.0012359619140625 -0.03106689453125 0.201690673828125
0.0625457763671875 -0.0953598022460938 0.0589065551757813 0.130210876464844
-0.0288238525390625 -0.0957489013671875 0.0653724670410156 0.0498008728027344
-0.0924835205078125 -0.0420608520507812 0.0187149047851562 0.0103950500488281
-0.0835189819335938 0.0186386108398438 -0.0354156494140625 0.0218124389648438
-0.0653076171875 0.0201187133789063 -0.0945892333984375 0.0489120483398438
-0.0798797607421875 0.00923919677734374 -0.160125732421875 0.0551300048828125
-0.08233642578125 -0.0259017944335938 -0.221054077148438 -0.00532531738281251
-0.0469894409179688 -0.0606193542480469 -0.23748779296875 -0.100296020507812
-0.0029754638671875 -0.0850982666015625 -0.16534423828125 -0.22137451171875
0.07391357421875 -0.0435104370117188 0.00457763671875002 -0.30853271484375
0.0835800170898438 0.0333480834960938 0.109344482421875 -0.23907470703125
0.04388427734375 0.0754318237304688 0.1591796875 -0.14227294921875
0.0317840576171875 0.166122436523438 -0.154312133789063 -0.028533935546875
0.132369995117188 0.121467590332031 -0.17022705078125 0.108734130859375
0.161117553710937 -0.0107574462890625 -0.0617828369140625 0.206329345703125
0.0758056640625 -0.130966186523438 0.0446624755859375 0.16778564453125
-0.0433273315429688 -0.125823974609375 0.0899810791015625 0.0844497680664062
-0.128860473632813 -0.0567550659179688 0.0589485168457031 0.0208969116210937
-0.117607116699219 0.0207290649414062 0.00567150115966796 0.0103225708007813
-0.093658447265625 0.0248031616210938 -0.0607872009277344 0.0291824340820312
-0.116317749023438 0.012969970703125 -0.132606506347656 0.0411148071289062
-0.119773864746094 -0.0362777709960938 -0.193634033203125 -0.011474609375
-0.0693740844726563 -0.0909347534179688 -0.213607788085938 -0.095001220703125
0.00223541259765625 -0.124839782714844 -0.152481079101563 -0.205642700195313
0.115669250488281 -0.0567855834960938 0.00643920898437501 -0.291748046875
0.122901916503906 0.06512451171875 0.117050170898438 -0.2227783203125
0.0573196411132813 0.126480102539063 0.166229248046875 -0.112548828125
0.040069580078125 0.190261840820312 -0.151382446289063 0.00257873535156252
0.15753173828125 0.127304077148438 -0.177886962890625 0.115310668945313
0.173110961914063 -0.026947021484375 -0.081085205078125 0.228286743164063
0.070343017578125 -0.146697998046875 0.0479278564453125 0.21197509765625
-0.05517578125 -0.133613586425781 0.126121520996094 0.11871337890625
-0.146148681640625 -0.0577239990234375 0.11236572265625 0.0258712768554687
-0.131782531738281 0.0223236083984375 0.0552215576171875 -0.00853347778320312
-0.108856201171875 0.02606201171875 -0.0200290679931641 0.00521469116210938
-0.137306213378906 0.0131149291992188 -0.09381103515625 0.019989013671875
-0.140396118164063 -0.0488128662109375 -0.150146484375 -0.0203399658203125
-0.0769805908203125 -0.114822387695313 -0.17529296875 -0.088226318359375
0.015899658203125 -0.14971923828125 -0.128829956054688 -0.182876586914062
0.145675659179687 -0.053009033203125 0.0134735107421875 -0.264694213867188
0.140625 0.09381103515625 0.127578735351563 -0.197967529296875
0.0579071044921875 0.157562255859375 0.170135498046875 -0.070465087890625
0.0431671142578125 0.1844482421875 -0.148544311523438 0.0452880859375
0.153045654296875 0.110748291015625 -0.179306030273438 0.141159057617188
0.155181884765625 -0.0325927734375 -0.0773468017578125 0.2596435546875
0.0538711547851562 -0.13311767578125 0.0716705322265625 0.249160766601563
-0.057373046875 -0.115478515625 0.169189453125 0.139419555664063
-0.138595581054688 -0.0468902587890625 0.1661376953125 0.0224609375
-0.124107360839844 0.020599365234375 0.102928161621094 -0.0307388305664063
-0.106765747070313 0.0235519409179687 0.0228900909423828 -0.0209808349609375
-0.138580322265625 0.00830841064453125 -0.0486259460449219 -0.00075912475585937
-0.136680603027344 -0.0594863891601562 -0.0987930297851563 -0.0249862670898437
-0.0654296875 -0.12469482421875 -0.130424499511719 -0.0735015869140625
0.0345611572265625 -0.145294189453125 -0.10430908203125 -0.15350341796875
0.150360107421875 -0.0292816162109375 0.017364501953125 -0.235855102539063
0.126205444335938 0.109222412109375 0.13702392578125 -0.173965454101563
0.0454864501953125 0.160598754882813 0.168777465820312 -0.024261474609375
0.038604736328125 0.152435302734375 -0.146743774414062 0.090972900390625
0.121963500976563 0.0837860107421875 -0.170440673828125 0.173675537109375
0.117866516113281 -0.02606201171875 -0.05499267578125 0.285308837890625
0.0379409790039063 -0.0976104736328125 0.103973388671875 0.268203735351563
-0.047607421875 -0.0846633911132813 0.205047607421875 0.144378662109375
-0.111221313476563 -0.0336837768554687 0.207931518554688 0.011932373046875
-0.0982284545898438 0.0150527954101563 0.141769409179688 -0.05291748046875
-0.0880813598632813 0.018035888671875 0.0604324340820312 -0.0445022583007813
-0.11651611328125 0.000938415527343764 -0.0042715072631836 -0.0174722671508789
-0.109352111816406 -0.059539794921875 -0.0495223999023438 -0.0220298767089844
-0.0405807495117188 -0.110137939453125 -0.0924911499023438 -0.0530624389648438
0.0474624633789063 -0.112052917480469 -0.0903091430664062 -0.123237609863281
0.12298583984375 -0.00018310546875 0.014190673828125 -0.215179443359375
0.0878982543945312 0.103500366210938 0.1441650390625 -0.15887451171875
0.0257339477539063 0.135627746582031 0.162246704101563 0.016387939453125
0.02569580078125 0.102241516113281 -0.14459228515625 0.130157470703125
0.0740814208984375 0.0532760620117188 -0.153228759765625 0.203887939453125
0.0732345581054688 -0.00939178466796875 -0.02398681640625 0.297454833984375
0.0259628295898438 -0.0536346435546875 0.135223388671875 0.270584106445313
-0.0291900634765625 -0.048370361328125 0.230117797851563 0.137664794921875
-0.0683326721191406 -0.0201339721679688 0.236099243164063 -0.0020751953125
-0.0605735778808594 0.00685119628906251 0.1668701171875 -0.0706787109375
-0.05670166015625 0.00966644287109376 0.0876083374023438 -0.0607452392578125
-0.0766220092773438 -0.00531005859374999 0.030914306640625 -0.0274238586425781
-0.0651054382324219 -0.04443359375 -0.00995540618896485 -0.0138301849365234
-0.0149612426757813 -0.0726470947265625 -0.0680961608886719 -0.0323371887207031
0.0417327880859375 -0.0613555908203125 -0.0857620239257813 -0.103195190429688
0.0710601806640625 0.0187759399414063 0.011688232421875 -0.208358764648438
0.0394515991210938 0.0744705200195313 0.151824951171875 -0.152877807617188
0.0062255859375 0.0880050659179688 0.1522216796875 0.0463409423828125
0.00165748596191406 -0.00957775115966797 -0.179122924804687 -0.0232086181640625
-0.00384044647216797 -0.0121135711669922 -0.14892578125 0.166091918945313
0.00538825988769531 0.000516414642333984 0.032012939453125 0.205001831054688
-0.00328278541564941 -0.00206613540649414 0.0969390869140625 0.0907135009765625
-0.00409364700317383 0.00847005844116211 0.0550346374511719 0.00663375854492188
0.0137777328491211 0.0153865814208984 -0.00515556335449219 -0.00160884857177734
0.0219993591308594 0.00845527648925781 -0.0620956420898438 0.0326919555664062
0.014460563659668 0.00152587890625 -0.112442016601563 0.0681381225585937
0.0126075744628906 -0.00199317932128906 -0.170501708984375 0.0720977783203125
0.0109567642211914 -0.00254058837890625 -0.233291625976562 0.00320434570312503
0.0100259780883789 0.00508880615234375 -0.250762939453125 -0.1015625
-0.00270986557006836 0.00812816619873047 -0.16888427734375 -0.232681274414063
-0.0229358673095703 0.00154304504394531 0.015228271484375 -0.315093994140625
-0.02606201171875 -0.0340328216552734 0.109786987304687 -0.241317749023438
-0.00654220581054687 -0.0519371032714844 0.144271850585938 -0.154815673828125
0.0157737731933594 0.0562286376953125 -0.170730590820312 -0.0337677001953125
0.0463142395019531 0.0395164489746094 -0.153762817382813 0.152511596679688
0.0662956237792969 -0.00140762329101563 0.0117340087890625 0.204910278320313
0.0295753479003906 -0.0530738830566406 0.084930419921875 0.100288391113281
-0.0199775695800781 -0.0456352233886719 0.0558891296386719 0.0177955627441406
-0.0437049865722656 -0.0114402770996094 -0.00443696975708008 0.00159025192260742
-0.0322322845458984 0.0174808502197266 -0.0592689514160156 0.0315132141113281
-0.0259418487548828 0.0140895843505859 -0.109817504882813 0.06787109375
-0.0347347259521484 0.00646591186523438 -0.169281005859375 0.0747222900390625
-0.0377197265625 -0.0115509033203125 -0.23260498046875 0.010833740234375
-0.0199470520019531 -0.0279750823974609 -0.252792358398438 -0.089874267578125
-0.00494766235351563 -0.0388221740722656 -0.179946899414063 -0.219879150390625
0.0249500274658203 -0.0229988098144531 -0.00723266601562499 -0.314453125
0.0309314727783203 -0.00080108642578125 0.09552001953125 -0.250762939453125
0.0222129821777344 0.0134773254394531 0.147552490234375 -0.164031982421875
0.0283660888671875 0.117523193359375 -0.16143798828125 -0.0337982177734375
0.0965652465820313 0.0853347778320313 -0.155517578125 0.131729125976563
0.123268127441406 -0.00662994384765625 -0.0167236328125 0.200164794921875
0.056060791015625 -0.100326538085938 0.0662307739257813 0.124114990234375
-0.0360107421875 -0.0935440063476563 0.0662574768066406 0.0431900024414062
-0.0954132080078125 -0.0345840454101562 0.0171842575073242 0.0086517333984375
-0.0812911987304688 0.0240631103515625 -0.0351295471191406 0.0245952606201172
-0.0625572204589844 0.0244827270507812 -0.0904922485351563 0.0560760498046875
-0.0791549682617187 0.0162353515625 -0.153656005859375 0.0675201416015625
-0.0842666625976563 -0.0196380615234375 -0.220291137695312 0.010284423828125
-0.0504150390625 -0.0581779479980469 -0.24359130859375 -0.082244873046875
-0.00882720947265625 -0.0843429565429688 -0.179473876953125 -0.207183837890625
0.0705413818359375 -0.0471878051757813 -0.017578125 -0.30596923828125
0.0859375 0.0294265747070313 0.0942840576171875 -0.24603271484375
0.0479660034179688 0.0741348266601563 0.152084350585938 -0.15338134765625
0.042236328125 0.164566040039063 -0.154434204101563 -0.019439697265625
0.141387939453125 0.111419677734375 -0.161346435546875 0.118942260742188
0.162811279296875 -0.0209808349609375 -0.047576904296875 0.207870483398438
0.0675582885742188 -0.136161804199219 0.0550079345703125 0.162384033203125
-0.0522613525390625 -0.12384033203125 0.0938262939453125 0.0777511596679687
-0.132293701171875 -0.0470046997070313 0.0588645935058594 0.0151824951171875
-0.114051818847656 0.0297698974609375 0.00487327575683593 0.00902175903320313
-0.0908432006835938 0.031097412109375 -0.0597038269042969 0.0356025695800781
-0.113655090332031 0.0225448608398438 -0.127960205078125 0.050537109375
-0.121940612792969 -0.02752685546875 -0.1922607421875 0.00227355957031249
-0.0742034912109375 -0.0862350463867187 -0.21881103515625 -0.0782470703125
-0.00624084472656249 -0.124412536621094 -0.166671752929688 -0.193344116210938
0.111289978027344 -0.0638275146484375 -0.014984130859375 -0.29010009765625
0.12762451171875 0.0590133666992188 0.101852416992188 -0.230255126953125
0.0662078857421875 0.124267578125 0.160964965820313 -0.125625610351563
0.052734375 0.187103271484375 -0.150070190429688 0.0115966796875
0.166793823242187 0.1158447265625 -0.168487548828125 0.1248779296875
0.173812866210938 -0.037750244140625 -0.0660552978515625 0.231903076171875
0.0602874755859375 -0.151107788085938 0.0618743896484375 0.206436157226563
-0.063995361328125 -0.129005432128906 0.132537841796875 0.109512329101562
-0.14886474609375 -0.0461883544921875 0.112228393554687 0.0176010131835937
-0.129165649414063 0.0314483642578125 0.0535507202148437 -0.0130882263183594
-0.105293273925781 0.03338623046875 -0.0200614929199219 0.00738525390625
-0.135116577148438 0.0242156982421875 -0.0908355712890625 0.027069091796875
-0.14361572265625 -0.0383758544921875 -0.1510009765625 -0.00914001464843751
-0.0840988159179687 -0.110198974609375 -0.179733276367187 -0.0740509033203125
0.0048828125 -0.15045166015625 -0.140548706054688 -0.172271728515625
0.142044067382813 -0.0621185302734375 -0.0062713623046875 -0.2633056640625
0.146896362304688 0.08599853515625 0.11370849609375 -0.206527709960937
0.06964111328125 0.154586791992187 0.167800903320313 -0.083343505859375
0.0550994873046875 0.180450439453125 -0.144790649414063 0.05352783203125
0.160903930664063 0.10015869140625 -0.168731689453125 0.150604248046875
0.154190063476562 -0.0425872802734375 -0.060272216796875 0.262008666992187
0.0454940795898437 -0.135848999023437 0.0877532958984375 0.242050170898438
-0.0649337768554688 -0.1104736328125 0.17730712890625 0.125930786132812
-0.14044189453125 -0.0370559692382813 0.165481567382812 0.0101318359375
-0.121116638183594 0.0291213989257813 0.0993576049804687 -0.0383224487304688
-0.103141784667969 0.03082275390625 0.0205116271972656 -0.0212211608886719
-0.137260437011719 0.0189208984375 -0.0476837158203125 0.00251770019531251
-0.140960693359375 -0.049591064453125 -0.0998153686523438 -0.0178298950195313
-0.0734710693359375 -0.12078857421875 -0.133766174316406 -0.0625381469726563
0.0251617431640625 -0.147308349609375 -0.114105224609375 -0.1439208984375
0.14788818359375 -0.0388336181640625 -0.000320434570312489 -0.234130859375
0.134361267089844 0.103446960449219 0.124420166015625 -0.18316650390625
0.0568084716796875 0.159072875976563 0.168609619140625 -0.036468505859375
0.04754638671875 0.14947509765625 -0.140411376953125 0.0994186401367188
0.128089904785156 0.0746841430664063 -0.158676147460937 0.18212890625
0.116241455078125 -0.03265380859375 -0.036346435546875 0.28546142578125
0.0312957763671875 -0.0994415283203125 0.121566772460938 0.259445190429688
-0.0530319213867188 -0.0812301635742188 0.212478637695313 0.12896728515625
-0.111480712890625 -0.0253524780273438 0.206405639648437 -0.0030059814453125
-0.0954513549804688 0.021697998046875 0.135894775390625 -0.0627822875976563
-0.0844955444335938 0.0240859985351563 0.0564117431640625 -0.048309326171875
-0.116409301757812 0.0108413696289062 -0.00368022918701173 -0.0174942016601563
-0.113998413085938 -0.051544189453125 -0.0484123229980469 -0.0188674926757813
-0.04693603515625 -0.10833740234375 -0.09429931640625 -0.0432968139648438
0.0402603149414063 -0.115715026855469 -0.09844970703125 -0.114555358886719
0.123908996582031 -0.00681304931640625 -0.00219726562499999 -0.214065551757813
0.0956344604492188 0.100112915039063 0.131515502929688 -0.169692993164063
0.0358428955078125 0.134902954101562 0.163665771484375 0.00463867187500001
0.0320510864257813 0.0994491577148438 -0.136161804199219 0.139122009277344
0.078033447265625 0.0478134155273438 -0.140045166015625 0.211669921875
0.0736236572265625 -0.0139846801757812 -0.00372314453125003 0.296539306640625
0.0220146179199219 -0.0546722412109375 0.152984619140625 0.2587890625
-0.0312385559082031 -0.0465888977050781 0.238311767578125 0.120101928710938
-0.0683059692382813 -0.0152168273925781 0.23382568359375 -0.01910400390625
-0.0580940246582031 0.0103492736816406 0.15985107421875 -0.0826568603515625
-0.0546875 0.0139656066894531 0.0830001831054688 -0.0668563842773438
-0.077178955078125 0.00173950195312501 0.0309581756591797 -0.030029296875
-0.0687713623046875 -0.0396156311035156 -0.00924777984619141 -0.0130233764648438
-0.0190658569335938 -0.0722885131835938 -0.0689010620117188 -0.0253868103027344
0.0385551452636719 -0.0641670227050781 -0.0922088623046875 -0.0943832397460938
0.0724716186523438 0.01519775390625 -0.00367736816406249 -0.207489013671875
0.0456466674804688 0.0738372802734375 0.139755249023437 -0.16363525390625
0.0127334594726563 0.0884475708007813 0.1553955078125 0.0363616943359375
0.00168514251708984 -0.0113649368286133 -0.175613403320313 -0.01776123046875
-0.00472450256347656 -0.0125827789306641 -0.138626098632812 0.168716430664063
0.00656461715698242 -0.000906944274902344 0.0402374267578125 0.198226928710938
-0.00371479988098145 -0.00234484672546387 0.0982818603515625 0.0832595825195313
-0.00477409362792969 0.00943851470947266 0.0514945983886719 0.00292587280273438
0.01458740234375 0.0151729583740234 -0.00739288330078125 -0.00202703475952148
0.0225238800048828 0.00751495361328125 -0.0601692199707031 0.0356559753417969
0.0157794952392578 0.00228023529052734 -0.107292175292969 0.0734634399414063
0.0122585296630859 -0.00174427032470703 -0.163360595703125 0.07757568359375
0.0102739334106445 -0.00342369079589844 -0.227157592773438 0.013671875
0.0101747512817383 0.00343227386474609 -0.249343872070313 -0.087677001953125
-0.00171756744384766 0.00855922698974609 -0.175323486328125 -0.220367431640625
-0.0227260589599609 0.00248336791992188 0.00308227539062497 -0.308563232421875
-0.0280838012695313 -0.0313911437988281 0.100341796875 -0.241683959960937
-0.00831222534179688 -0.0508193969726562 0.139572143554688 -0.157852172851563
0.01678466796875 0.0532455444335938 -0.167633056640625 -0.0283203125
0.0471115112304688 0.03692626953125 -0.144561767578125 0.154022216796875
0.0677032470703125 -0.00374221801757813 0.02142333984375 0.197799682617188
0.0272903442382813 -0.0534744262695313 0.0864410400390625 0.0937423706054687
-0.0217437744140625 -0.0437583923339844 0.0530319213867187 0.0133705139160156
-0.042999267578125 -0.00923538208007813 -0.00731611251831055 0.000625133514404297
-0.0305347442626953 0.017547607421875 -0.0574836730957031 0.0344352722167969
-0.0232391357421875 0.0150794982910156 -0.104156494140625 0.073455810546875
-0.0327949523925781 0.00899887084960937 -0.16143798828125 0.080902099609375
-0.0380096435546875 -0.0102043151855469 -0.226486206054687 0.020172119140625
-0.0209121704101563 -0.0273151397705078 -0.251419067382813 -0.076416015625
-0.0064544677734375 -0.0377044677734375 -0.185791015625 -0.207183837890625
0.0230369567871094 -0.0230293273925781 -0.019744873046875 -0.307159423828125
0.0307483673095703 -0.0006103515625 0.0861968994140625 -0.250213623046875
0.0219573974609375 0.0120944976806641 0.141555786132813 -0.168258666992188
0.032135009765625 0.113388061523437 -0.158538818359375 -0.0289306640625
0.0997772216796875 0.0803298950195313 -0.146530151367188 0.134063720703125
0.123138427734375 -0.0107269287109375 -0.00828552246093749 0.195877075195313
0.0524673461914063 -0.101287841796875 0.0694808959960938 0.116874694824219
-0.038848876953125 -0.091156005859375 0.0648956298828125 0.0383720397949219
-0.095458984375 -0.0299606323242187 0.0145177841186523 0.00777530670166015
-0.0775222778320312 0.0269088745117188 -0.0345630645751953 0.0258083343505859
-0.0586776733398438 0.0260505676269531 -0.0864944458007812 0.0614166259765625
-0.0757369995117188 0.0197677612304687 -0.146804809570312 0.0728302001953125
-0.0839385986328125 -0.015350341796875 -0.21368408203125 0.019378662109375
-0.0512351989746094 -0.0555534362792969 -0.241119384765625 -0.0691375732421875
-0.0108184814453125 -0.0822601318359375 -0.185150146484375 -0.194961547851563
0.0668907165527344 -0.0479240417480469 -0.029266357421875 -0.29949951171875
0.086456298828125 0.0274276733398438 0.0831146240234375 -0.245513916015625
0.0510177612304688 0.0727005004882813 0.147476196289063 -0.158782958984375
0.047210693359375 0.15899658203125 -0.150634765625 -0.014495849609375
0.14398193359375 0.104690551757813 -0.153884887695313 0.120834350585937
0.161758422851563 -0.0269012451171875 -0.0399627685546875 0.203811645507813
0.061492919921875 -0.137191772460938 0.0594329833984375 0.155548095703125
-0.0556793212890625 -0.119499206542969 0.0926132202148438 0.0713043212890625
-0.132347106933594 -0.0394439697265625 0.0569839477539062 0.0132369995117187
-0.110786437988281 0.0324325561523438 0.0045943260192871 0.00832653045654297
-0.0855712890625 0.0338897705078125 -0.0565948486328125 0.0388755798339844
-0.109703063964844 0.0287628173828125 -0.122123718261719 0.0553512573242188
-0.121711730957031 -0.0214309692382812 -0.187667846679687 0.0102386474609375
-0.0761642456054688 -0.0828628540039062 -0.217559814453125 -0.0664520263671875
-0.0108261108398437 -0.122016906738281 -0.169586181640625 -0.1815185546875
0.106773376464844 -0.0655975341796875 -0.0269775390625 -0.2825927734375
0.128990173339844 0.0546798706054688 0.0919952392578125 -0.231048583984375
0.0698318481445313 0.121101379394531 0.156173706054688 -0.13037109375
0.056915283203125 0.182403564453125 -0.146392822265625 0.0151214599609375
0.169113159179687 0.107223510742188 -0.160797119140625 0.12713623046875
0.171920776367188 -0.0431365966796875 -0.056488037109375 0.227737426757813
0.055023193359375 -0.151229858398438 0.0678558349609375 0.198516845703125
-0.0683212280273437 -0.12469482421875 0.132820129394531 0.101226806640625
-0.148147583007813 -0.0389556884765625 0.109703063964844 0.0123443603515625
-0.124290466308594 0.0360565185546875 0.0513229370117187 -0.0150833129882812
-0.100555419921875 0.0368194580078125 -0.0189323425292969 0.00996208190917969
-0.131500244140625 0.0309829711914062 -0.0863800048828125 0.0307083129882813
-0.143722534179688 -0.03204345703125 -0.14776611328125 -0.0029754638671875
-0.0871810913085938 -0.106513977050781 -0.17926025390625 -0.063629150390625
-0.000885009765625008 -0.147567749023437 -0.143951416015625 -0.162017822265625
0.137138366699219 -0.0649337768554688 -0.0167694091796875 -0.257659912109375
0.149688720703125 0.0811920166015625 0.103713989257813 -0.207534790039063
0.075042724609375 0.151107788085938 0.163925170898438 -0.09075927734375
0.059478759765625 0.175949096679688 -0.140579223632813 0.0578384399414063
0.161865234375 0.09173583984375 -0.161209106445313 0.15252685546875
0.15167236328125 -0.0471954345703125 -0.050018310546875 0.2584228515625
0.0403823852539063 -0.135162353515625 0.0949554443359375 0.23345947265625
-0.0673980712890625 -0.107322692871094 0.17755126953125 0.116165161132812
-0.138526916503906 -0.0300216674804687 0.161636352539062 0.00262451171875
-0.11663818359375 0.033721923828125 0.095123291015625 -0.0420150756835938
-0.098846435546875 0.0338821411132812 0.0190982818603516 -0.0206050872802734
-0.132736206054688 0.0254974365234375 -0.0447578430175781 0.00484085083007812
-0.141189575195312 -0.0423736572265625 -0.0971221923828125 -0.0142135620117188
-0.0765838623046875 -0.117103576660156 -0.132865905761719 -0.0541534423828125
0.019256591796875 -0.146286010742188 -0.116500854492187 -0.134849548339844
0.14544677734375 -0.0429229736328125 -0.0112152099609375 -0.228866577148438
0.137969970703125 0.098602294921875 0.114044189453125 -0.186126708984375
0.0631561279296875 0.155166625976563 0.166046142578125 -0.0433502197265625
0.0516357421875 0.145538330078125 -0.134765625 0.102333068847656
0.129241943359375 0.0676956176757813 -0.1492919921875 0.183425903320313
0.115180969238281 -0.0364456176757813 -0.0261077880859375 0.281021118164063
0.0283126831054688 -0.0988693237304687 0.12835693359375 0.249435424804688
-0.0539169311523437 -0.0773239135742188 0.213760375976563 0.117431640625
-0.109970092773438 -0.0200424194335937 0.201385498046875 -0.01220703125
-0.0922470092773438 0.02532958984375 0.129844665527344 -0.0680160522460938
-0.0812225341796875 0.0263595581054687 0.053558349609375 -0.0481834411621094
-0.112777709960938 0.01593017578125 -0.00323104858398438 -0.0170841217041016
-0.114898681640625 -0.0458602905273438 -0.0465354919433594 -0.0168304443359375
-0.0508270263671875 -0.106346130371094 -0.0928573608398438 -0.0366592407226562
0.0358428955078125 -0.11541748046875 -0.09979248046875 -0.106208801269531
0.122238159179688 -0.0106048583984375 -0.012481689453125 -0.208541870117187
0.0996246337890625 0.097747802734375 0.121170043945313 -0.172378540039063
0.0412445068359375 0.132186889648438 0.1622314453125 -0.00201416015624999
0.0345840454101563 0.0962677001953125 -0.129638671875 0.140716552734375
0.0785980224609375 0.043060302734375 -0.1304931640625 0.211868286132813
0.0721588134765625 -0.0159530639648438 0.00613403320312502 0.289581298828125
0.0203170776367187 -0.0543289184570313 0.1597900390625 0.247207641601563
-0.0315132141113281 -0.0443649291992188 0.237350463867188 0.1075439453125
-0.0675201416015625 -0.0123825073242187 0.227828979492188 -0.0290069580078125
-0.0558967590332031 0.0130882263183594 0.152877807617188 -0.088043212890625
-0.0516204833984375 0.0157585144042969 0.079010009765625 -0.0684280395507813
-0.0743560791015625 0.00595855712890625 0.0310592651367187 -0.0310173034667969
-0.0692787170410156 -0.0367393493652344 -0.00783252716064454 -0.0129356384277344
-0.0209579467773438 -0.0716476440429688 -0.0664443969726563 -0.0197296142578125
0.0356178283691406 -0.0649490356445313 -0.0941162109375 -0.0868072509765625
0.0728912353515625 0.0140228271484375 -0.014007568359375 -0.202499389648438
0.0483932495117188 0.0726776123046875 0.129318237304688 -0.167724609375
0.0168914794921875 0.0874404907226563 0.1549072265625 0.0293731689453125
0.000678062438964845 -0.0124683380126953 -0.172210693359375 -0.0175323486328125
-0.00543785095214844 -0.0144844055175781 -0.136260986328125 0.169204711914062
0.00691699981689453 -0.00239419937133789 0.041961669921875 0.193939208984375
-0.00373244285583496 -0.00220799446105957 0.0972213745117188 0.0805130004882813
-0.00431537628173828 0.0106925964355469 0.0497169494628906 0.00147628784179688
0.0160932540893555 0.0152521133422852 -0.00937175750732422 -0.00345802307128906
0.0228042602539063 0.005401611328125 -0.0605049133300781 0.0364112854003906
0.0168905258178711 0.00100803375244141 -0.104728698730469 0.0768661499023437
0.0124826431274414 -0.00110340118408203 -0.161300659179688 0.080078125
0.00992202758789063 -0.00283432006835938 -0.224365234375 0.0157928466796875
0.0104084014892578 0.00371170043945312 -0.246963500976562 -0.0835723876953125
-0.00224494934082031 0.00947761535644531 -0.176986694335937 -0.215103149414063
-0.022918701171875 0.00361824035644532 -0.000427246093749998 -0.306121826171875
-0.0282764434814453 -0.0301189422607422 0.09796142578125 -0.242324829101563
-0.00736618041992188 -0.0509185791015625 0.139984130859375 -0.159896850585938
0.0167922973632812 0.0524101257324219 -0.166107177734375 -0.0284271240234375
0.0466880798339844 0.0351943969726563 -0.140869140625 0.153549194335938
0.0698623657226563 -0.0044403076171875 0.022064208984375 0.195266723632813
0.0276336669921875 -0.054290771484375 0.0857925415039063 0.0910186767578125
-0.0229072570800781 -0.0431594848632813 0.0512504577636719 0.0120162963867187
-0.0434608459472656 -0.0081329345703125 -0.00900840759277344 0.000281333923339841
-0.0292301177978516 0.0180950164794922 -0.0576896667480469 0.0363311767578125
-0.0212936401367188 0.0144939422607422 -0.101165771484375 0.0766067504882812
-0.0322933197021484 0.0107860565185547 -0.158493041992188 0.082305908203125
-0.0383224487304688 -0.00872421264648437 -0.224960327148438 0.022186279296875
-0.0205554962158203 -0.0273857116699219 -0.249954223632813 -0.0703124999999999
-0.00677108764648438 -0.0372200012207031 -0.186599731445313 -0.20257568359375
0.0232734680175781 -0.0231380462646484 -0.02276611328125 -0.303314208984375
0.0310420989990234 -0.000108718872070313 0.08502197265625 -0.25067138671875
0.0234222412109375 0.0132846832275391 0.143218994140625 -0.170440673828125
0.0308380126953125 0.114181518554687 -0.155410766601562 -0.0284881591796875
0.099456787109375 0.0779571533203125 -0.145034790039063 0.134124755859375
0.125350952148438 -0.0120849609375 -0.00660705566406247 0.19293212890625
0.0517807006835938 -0.102584838867188 0.0701751708984375 0.114944458007813
-0.0400924682617188 -0.0897598266601563 0.0636520385742188 0.0361518859863281
-0.0954818725585938 -0.02825927734375 0.0139884948730469 0.00799369812011719
-0.075775146484375 0.0273666381835937 -0.0346240997314453 0.0269737243652344
-0.0568389892578125 0.0263595581054688 -0.0840682983398437 0.0643844604492188
-0.0746612548828125 0.0216827392578125 -0.144088745117188 0.0752716064453125
-0.0837478637695313 -0.0139846801757813 -0.211761474609375 0.0216217041015625
-0.0525436401367188 -0.055633544921875 -0.240753173828125 -0.0642242431640625
-0.0114822387695312 -0.0816497802734375 -0.186050415039062 -0.19085693359375
0.0664939880371094 -0.0474586486816406 -0.0330810546875 -0.29669189453125
0.0871658325195313 0.0280685424804687 0.081329345703125 -0.246597290039063
0.0521469116210938 0.0723114013671875 0.148117065429688 -0.161300659179687
0.0451812744140625 0.159317016601563 -0.149185180664063 -0.0149688720703125
0.144378662109375 0.101821899414063 -0.151718139648437 0.1201171875
0.163665771484375 -0.028900146484375 -0.038299560546875 0.202621459960937
0.0606231689453125 -0.138671875 0.0586090087890625 0.153396606445312
-0.0566482543945313 -0.11822509765625 0.0915145874023438 0.0703811645507812
-0.131317138671875 -0.0381927490234375 0.0561332702636719 0.0133857727050781
-0.108665466308594 0.0337600708007813 0.00468635559082031 0.00934791564941406
-0.0840530395507813 0.0334701538085938 -0.0540122985839844 0.0417137145996094
-0.108383178710938 0.0301513671875 -0.119117736816406 0.0567703247070313
-0.121757507324219 -0.0196990966796875 -0.186141967773438 0.012176513671875
-0.0763778686523437 -0.0827178955078125 -0.2156982421875 -0.062408447265625
-0.0111160278320313 -0.121360778808594 -0.170730590820313 -0.177322387695313
0.106101989746094 -0.0646896362304688 -0.0296478271484375 -0.279754638671875
0.130455017089844 0.0554962158203125 0.0897216796875 -0.230789184570312
0.0726547241210938 0.120803833007813 0.157501220703125 -0.13385009765625
0.05670166015625 0.18109130859375 -0.14501953125 0.015045166015625
0.169296264648438 0.104400634765625 -0.159133911132813 0.126983642578125
0.172698974609375 -0.044830322265625 -0.054931640625 0.227157592773438
0.054443359375 -0.1514892578125 0.0680389404296875 0.197174072265625
-0.0686264038085938 -0.123939514160156 0.131790161132813 0.098724365234375
-0.147216796875 -0.0357818603515625 0.109092712402344 0.011749267578125
-0.122451782226563 0.0376434326171875 0.0499763488769531 -0.0153770446777344
-0.098785400390625 0.0371551513671875 -0.018585205078125 0.0125083923339844
-0.12933349609375 0.033477783203125 -0.0847396850585938 0.0319290161132813
-0.144134521484375 -0.028411865234375 -0.14666748046875 -0.00181579589843749
-0.08892822265625 -0.106964111328125 -0.17791748046875 -0.060577392578125
-0.00218200683593751 -0.146926879882813 -0.1446533203125 -0.158447265625
0.137504577636719 -0.0652847290039063 -0.020660400390625 -0.253799438476563
0.152587890625 0.08154296875 0.100738525390625 -0.208847045898438
0.0774688720703125 0.151016235351563 0.164718627929688 -0.093231201171875
0.058837890625 0.175308227539062 -0.139854431152344 0.056640625
0.161819458007813 0.0890655517578125 -0.160186767578125 0.15155029296875
0.152511596679688 -0.04815673828125 -0.048370361328125 0.256881713867188
0.0391616821289062 -0.135414123535156 0.0962066650390625 0.229843139648437
-0.0683364868164063 -0.106605529785156 0.176406860351563 0.113265991210937
-0.138008117675781 -0.0283660888671875 0.16046142578125 0.001312255859375
-0.11505126953125 0.03485107421875 0.0932693481445312 -0.0423660278320313
-0.09649658203125 0.033721923828125 0.0198917388916016 -0.0202102661132813
-0.130935668945313 0.0282440185546875 -0.042755126953125 0.00469970703124999
-0.142425537109375 -0.03936767578125 -0.0957565307617188 -0.012603759765625
-0.0778656005859375 -0.117630004882813 -0.132347106933594 -0.051513671875
0.0186767578125 -0.146682739257813 -0.117286682128906 -0.131660461425781
0.145782470703125 -0.042510986328125 -0.0153961181640625 -0.225357055664063
0.140533447265625 0.099517822265625 0.111190795898438 -0.186996459960938
0.06524658203125 0.155380249023438 0.167037963867188 -0.04754638671875
0.0499114990234375 0.144638061523438 -0.135093688964844 0.101554870605469
0.128608703613281 0.0660400390625 -0.149673461914063 0.1817626953125
0.115158081054688 -0.0379104614257813 -0.0242919921875 0.279876708984375
0.0272750854492188 -0.0990142822265625 0.1300048828125 0.24591064453125
-0.0542831420898437 -0.0764389038085938 0.21343994140625 0.113983154296875
-0.108390808105469 -0.0184402465820313 0.20086669921875 -0.015411376953125
-0.0904541015625 0.0264892578125 0.128608703613281 -0.0690231323242188
-0.0789794921875 0.0269546508789062 0.0528831481933594 -0.0477333068847656
-0.111595153808594 0.0180435180664062 -0.00211811065673829 -0.0167160034179688
-0.114555358886719 -0.0436935424804687 -0.0459327697753906 -0.0163421630859375
-0.051788330078125 -0.106307983398437 -0.0914535522460938 -0.0340194702148438
0.0361862182617187 -0.116554260253906 -0.09832763671875 -0.103446960449219
0.122695922851563 -0.00942230224609375 -0.01654052734375 -0.206008911132813
0.101760864257813 0.0982513427734375 0.118453979492188 -0.173599243164063
0.0427398681640625 0.131202697753906 0.163162231445313 -0.00439453124999999
0.033905029296875 0.0960235595703125 -0.1292724609375 0.14117431640625
0.077880859375 0.041839599609375 -0.13043212890625 0.210952758789063
0.07232666015625 -0.0162277221679688 0.00704956054687501 0.287109375
0.0196304321289063 -0.0542716979980469 0.160934448242188 0.243209838867188
-0.0309028625488281 -0.0437393188476563 0.23699951171875 0.104415893554688
-0.066497802734375 -0.0110816955566406 0.225051879882813 -0.03173828125
-0.054656982421875 0.0142021179199219 0.150466918945313 -0.0901641845703125
-0.0499382019042969 0.0162925720214844 0.0782623291015625 -0.0691680908203125
-0.073486328125 0.00723266601562499 0.031320571899414 -0.0319843292236328
-0.0699615478515625 -0.0361709594726562 -0.00632667541503906 -0.0127944946289063
-0.0212478637695313 -0.0719528198242188 -0.0637474060058594 -0.0174942016601563
0.0360069274902344 -0.0643959045410156 -0.0934982299804688 -0.0831146240234375
0.0733566284179688 0.0146102905273438 -0.0179290771484375 -0.200241088867188
0.0499191284179687 0.0741348266601562 0.12628173828125 -0.16845703125
0.01812744140625 0.0868301391601562 0.154510498046875 0.0270843505859375
-0.000464439392089845 -0.0138635635375977 -0.1761474609375 -0.0190582275390625
-0.00561904907226562 -0.0154485702514648 -0.13861083984375 0.17376708984375
0.00730323791503906 -0.00448179244995117 0.042083740234375 0.1982421875
-0.00468540191650391 -0.00326395034790039 0.099365234375 0.0811538696289063
-0.00447463989257813 0.0113048553466797 0.0485610961914063 -6.48498535156243E-05
0.0163354873657227 0.0149526596069336 -0.0118732452392578 -0.00362491607666016
0.0244331359863281 0.00576400756835938 -0.0629043579101563 0.0389137268066406
0.0182952880859375 0.000104904174804687 -0.104942321777344 0.0807418823242187
0.014007568359375 -0.00104141235351563 -0.163116455078125 0.0829620361328125
0.00938510894775391 -0.00373077392578125 -0.229721069335937 0.018157958984375
0.00980567932128906 0.0026092529296875 -0.253143310546875 -0.0848846435546875
-0.00127315521240234 0.00982475280761719 -0.181243896484375 -0.219253540039062
-0.0230293273925781 0.00387191772460937 -0.00216674804687502 -0.312713623046875
-0.0285358428955078 -0.0303325653076172 0.101425170898437 -0.24871826171875
-0.00699996948242188 -0.05133056640625 0.14654541015625 -0.165435791015625
0.0156288146972656 0.0537872314453125 -0.167236328125 -0.0301971435546875
0.0478172302246094 0.0356979370117188 -0.143295288085938 0.158111572265625
0.0720138549804688 -0.00684356689453125 0.0230865478515625 0.198654174804688
0.0275421142578125 -0.0567054748535156 0.0876617431640625 0.0907058715820313
-0.0230216979980469 -0.0437355041503906 0.0506820678710938 0.00977325439453125
-0.0432281494140625 -0.008331298828125 -0.0117826461791992 0.000816345214843751
-0.0291900634765625 0.0180110931396484 -0.059967041015625 0.0379257202148437
-0.0210704803466797 0.0141315460205078 -0.102127075195313 0.08062744140625
-0.0319499969482422 0.0122394561767578 -0.161026000976563 0.08660888671875
-0.0397796630859375 -0.00923919677734376 -0.22869873046875 0.02569580078125
-0.0215282440185547 -0.0283660888671875 -0.254928588867188 -0.07086181640625
-0.00601577758789062 -0.0373268127441406 -0.191970825195312 -0.207565307617188
0.024322509765625 -0.0216064453125 -0.02490234375 -0.3116455078125
0.0329818725585938 0.00122833251953125 0.0863037109375 -0.258255004882813
0.0244064331054688 0.0134391784667969 0.149856567382813 -0.176193237304688
0.0298538208007812 0.116500854492188 -0.158889770507813 -0.0317840576171875
0.1019287109375 0.0806045532226563 -0.1470947265625 0.135635375976563
0.130752563476563 -0.0141677856445313 -0.00653076171875001 0.19696044921875
0.053802490234375 -0.106315612792969 0.07049560546875 0.115020751953125
-0.04022216796875 -0.0922775268554688 0.0637931823730469 0.0374870300292969
-0.0972671508789063 -0.028656005859375 0.0112829208374023 0.00782680511474609
-0.0772552490234375 0.0270156860351563 -0.0349617004394531 0.0286827087402344
-0.0570182800292969 0.0254783630371094 -0.0839309692382813 0.067901611328125
-0.0752639770507813 0.0248641967773437 -0.145950317382812 0.078125
-0.08740234375 -0.0136566162109375 -0.216293334960938 0.023956298828125
-0.0538139343261719 -0.0586471557617187 -0.244369506835937 -0.063995361328125
-0.011627197265625 -0.0825424194335938 -0.190460205078125 -0.194198608398438
0.0692710876464844 -0.0476150512695313 -0.034637451171875 -0.30218505859375
0.0914764404296875 0.0296783447265625 0.084381103515625 -0.2537841796875
0.0543441772460937 0.07513427734375 0.15509033203125 -0.168106079101562
0.0447540283203125 0.163345336914063 -0.152572631835938 -0.0165863037109375
0.14886474609375 0.104293823242188 -0.1549072265625 0.12152099609375
0.171066284179688 -0.03082275390625 -0.0395965576171875 0.207107543945313
0.0632781982421875 -0.143814086914063 0.059967041015625 0.154815673828125
-0.058685302734375 -0.122688293457031 0.0920562744140625 0.0710525512695313
-0.135200500488281 -0.037445068359375 0.0557518005371094 0.0137939453125
-0.110588073730469 0.0351943969726563 0.00557899475097656 0.0102319717407227
-0.0849227905273438 0.0343551635742188 -0.0539016723632813 0.0441398620605469
-0.110427856445313 0.0321731567382813 -0.120323181152344 0.0589675903320313
-0.126022338867188 -0.0188217163085938 -0.189102172851563 0.0134735107421875
-0.0795364379882813 -0.08648681640625 -0.2200927734375 -0.06134033203125
-0.0118026733398437 -0.1243896484375 -0.174636840820313 -0.179519653320312
0.110565185546875 -0.0655670166015625 -0.031494140625 -0.285491943359375
0.136505126953125 0.0577621459960938 0.09161376953125 -0.238174438476563
0.0753326416015625 0.124687194824219 0.163192749023438 -0.1395263671875
0.0557708740234375 0.187118530273438 -0.1480712890625 0.01409912109375
0.174591064453125 0.105987548828125 -0.164077758789063 0.12860107421875
0.180526733398438 -0.0467071533203125 -0.0567169189453125 0.232467651367188
0.0554046630859375 -0.157333374023438 0.0697479248046875 0.200851440429688
-0.07159423828125 -0.127357482910156 0.134391784667969 0.101432800292969
-0.151504516601563 -0.03582763671875 0.11175537109375 0.0116043090820312
-0.124275207519531 0.0390243530273437 0.0513153076171875 -0.0157012939453125
-0.0986251831054688 0.037384033203125 -0.0171184539794922 0.0134487152099609
-0.131393432617188 0.03570556640625 -0.0849380493164063 0.0324783325195313
-0.148422241210938 -0.0272979736328125 -0.149002075195313 -0.000976562499999992
-0.0915679931640625 -0.110763549804688 -0.18096923828125 -0.058990478515625
-0.00135803222656252 -0.152114868164062 -0.146713256835938 -0.160263061523437
0.14300537109375 -0.0653533935546875 -0.0225677490234375 -0.258346557617188
0.158462524414062 0.0850830078125 0.10394287109375 -0.215927124023438
0.0805206298828125 0.15545654296875 0.170257568359375 -0.0976715087890625
0.058074951171875 0.181198120117188 -0.143768310546875 0.0576629638671875
0.165863037109375 0.0900115966796875 -0.1650390625 0.154067993164062
0.15789794921875 -0.050018310546875 -0.05035400390625 0.264068603515625
0.0409317016601563 -0.139938354492188 0.0974578857421875 0.23529052734375
-0.0705108642578125 -0.108497619628906 0.181137084960938 0.116287231445313
-0.141433715820313 -0.0283203125 0.164535522460938 -0.000320434570312502
-0.116508483886719 0.035919189453125 0.095977783203125 -0.0446014404296875
-0.0980072021484375 0.0344085693359375 0.0214481353759766 -0.0194511413574219
-0.133552551269531 0.030059814453125 -0.0429801940917969 0.00543975830078125
-0.147109985351563 -0.0393524169921875 -0.0969619750976563 -0.013214111328125
-0.0818099975585937 -0.122604370117188 -0.132957458496094 -0.0504989624023438
0.019378662109375 -0.151535034179688 -0.118095397949219 -0.132743835449219
0.152069091796875 -0.042236328125 -0.0163421630859375 -0.229446411132813
0.1478271484375 0.103683471679688 0.11297607421875 -0.193511962890625
0.0683441162109375 0.159469604492188 0.172119140625 -0.04986572265625
0.04962158203125 0.149337768554688 -0.13909912109375 0.104354858398438
0.131027221679688 0.0669403076171875 -0.154388427734375 0.186370849609375
0.118782043457031 -0.0378570556640625 -0.0260009765625 0.2867431640625
0.0286026000976563 -0.101661682128906 0.133377075195312 0.251632690429688
-0.0557479858398438 -0.0792694091796875 0.218658447265625 0.11492919921875
-0.110969543457031 -0.0185317993164062 0.204574584960938 -0.0168914794921875
-0.0914382934570313 0.0271987915039063 0.130508422851563 -0.0714874267578125
-0.0799942016601563 0.0267486572265625 0.055328369140625 -0.04913330078125
-0.114089965820313 0.01971435546875 -0.00121307373046876 -0.01806640625
-0.119606018066406 -0.0443191528320313 -0.0451164245605469 -0.01776123046875
-0.053985595703125 -0.11151123046875 -0.0899581909179688 -0.033782958984375
0.0370407104492188 -0.119216918945313 -0.100631713867187 -0.102302551269531
0.128868103027344 -0.00843048095703125 -0.0195159912109375 -0.208450317382813
0.107559204101562 0.103256225585938 0.119979858398438 -0.180221557617188
0.0452117919921875 0.13568115234375 0.167999267578125 -0.00637817382812499
0.033538818359375 0.0994186401367187 -0.133819580078125 0.14495849609375
0.0784225463867188 0.0423583984375 -0.13555908203125 0.216323852539063
0.0755081176757813 -0.0165557861328125 0.00631713867187499 0.294342041015625
0.02166748046875 -0.0548782348632813 0.164657592773438 0.248550415039063
-0.0329856872558594 -0.0444107055664062 0.2427978515625 0.105987548828125
-0.0680885314941406 -0.0115699768066406 0.230056762695313 -0.03533935546875
-0.0559577941894531 0.0145034790039063 0.1533203125 -0.093902587890625
-0.0503311157226563 0.0158882141113281 0.080291748046875 -0.0704727172851563
-0.0748138427734375 0.00798797607421874 0.0337009429931641 -0.0335483551025391
-0.0730514526367188 -0.03668212890625 -0.00431823730468751 -0.014190673828125
-0.0220184326171875 -0.0755386352539063 -0.0628929138183594 -0.0157928466796875
0.0375518798828125 -0.067535400390625 -0.0943145751953125 -0.082061767578125
0.07757568359375 0.0167770385742188 -0.021697998046875 -0.204437255859375
0.0527877807617188 0.0772552490234375 0.127670288085938 -0.175003051757813
0.019622802734375 0.0890350341796875 0.158401489257813 0.02764892578125
-0.00148582458496094 -0.0150594711303711 -0.182525634765625 -0.0185394287109375
-0.00905704498291016 -0.0165109634399414 -0.142013549804687 0.184555053710938
0.00768709182739258 -0.00690650939941406 0.049713134765625 0.207992553710938
-0.00594806671142578 -0.00279951095581055 0.105308532714844 0.0813674926757813
-0.00382328033447266 0.0126428604125977 0.0490989685058594 -0.00252914428710937
0.0191421508789063 0.0151348114013672 -0.0166959762573242 -0.00365352630615234
0.0255680084228516 0.00463294982910156 -0.0663490295410156 0.0436630249023438
0.0207443237304688 -0.000644683837890625 -0.107589721679688 0.08819580078125
0.0158042907714844 -0.000518798828125 -0.16925048828125 0.090057373046875
0.0103960037231445 -0.003875732421875 -0.240676879882813 0.0242767333984375
0.00983238220214844 0.00196743011474609 -0.26678466796875 -0.0817718505859374
-0.000969886779785156 0.0100822448730469 -0.195098876953125 -0.225631713867187
-0.0239143371582031 0.00457191467285157 -0.00717163085937501 -0.328094482421875
-0.0305881500244141 -0.0311851501464844 0.101974487304688 -0.264633178710938
-0.00872039794921876 -0.0553627014160156 0.15472412109375 -0.177520751953125
0.0150985717773437 0.0572967529296875 -0.175186157226563 -0.0315399169921875
0.0495262145996094 0.03717041015625 -0.14715576171875 0.168060302734375
0.0767822265625 -0.010040283203125 0.02880859375 0.208587646484375
0.0284500122070313 -0.0612831115722656 0.093475341796875 0.0922164916992188
-0.0241661071777344 -0.0449600219726563 0.0512237548828125 0.00929641723632812
-0.0455131530761719 -0.00840377807617188 -0.0144786834716797 0.000611305236816404
-0.0303192138671875 0.0189895629882812 -0.0617790222167969 0.0421104431152344
-0.0200767517089844 0.0139713287353516 -0.103248596191406 0.0874481201171875
-0.0326995849609375 0.0131874084472656 -0.16650390625 0.093719482421875
-0.0430564880371094 -0.00802993774414062 -0.238372802734375 0.0303802490234375
-0.0244617462158203 -0.03070068359375 -0.2674560546875 -0.0686187744140626
-0.006622314453125 -0.0402450561523438 -0.20538330078125 -0.211807250976563
0.0258617401123047 -0.0222339630126953 -0.031951904296875 -0.325286865234375
0.0353279113769531 0.00069427490234375 0.08624267578125 -0.273361206054688
0.0260353088378906 0.013580322265625 0.157669067382813 -0.190322875976563
0.0320510864257812 0.124366760253906 -0.166748046875 -0.0313873291015625
0.108238220214844 0.083221435546875 -0.15179443359375 0.145034790039063
0.139739990234375 -0.018157958984375 -0.00294494628906251 0.207366943359375
0.055572509765625 -0.114349365234375 0.0744705200195313 0.119468688964844
-0.0445175170898437 -0.0972061157226563 0.0655403137207031 0.0371780395507812
-0.1014404296875 -0.0278091430664063 0.0106630325317383 0.0077972412109375
-0.0796432495117188 0.030059814453125 -0.0363540649414063 0.0319290161132813
-0.057464599609375 0.0273284912109375 -0.08441162109375 0.0746612548828125
-0.077423095703125 0.0273971557617188 -0.150680541992188 0.0849151611328125
-0.0918807983398438 -0.0112762451171875 -0.224716186523438 0.028564453125
-0.0588798522949219 -0.0611190795898438 -0.257049560546875 -0.0614471435546875
-0.0132827758789063 -0.0874252319335938 -0.20245361328125 -0.197952270507812
0.074005126953125 -0.051239013671875 -0.042633056640625 -0.315765380859375
0.0979156494140625 0.0301055908203125 0.0838775634765625 -0.269683837890625
0.0573577880859375 0.0772933959960938 0.162765502929688 -0.18212890625
0.0479888916015625 0.174545288085938 -0.159759521484375 -0.01708984375
0.158218383789063 0.10675048828125 -0.162322998046875 0.129959106445313
0.181564331054688 -0.0348968505859375 -0.0367584228515625 0.218536376953125
0.065277099609375 -0.153274536132813 0.0641021728515625 0.161895751953125
-0.06475830078125 -0.127769470214844 0.098175048828125 0.0731964111328125
-0.142929077148438 -0.0377655029296875 0.0577316284179687 0.0134773254394531
-0.114631652832031 0.0390243530273437 0.00546264648437499 0.0112075805664063
-0.0868301391601562 0.0357666015625 -0.0526390075683594 0.0480995178222656
-0.113059997558594 0.0373916625976562 -0.124069213867187 0.0644989013671875
-0.133033752441406 -0.0158233642578125 -0.197219848632813 0.0188140869140625
-0.0872879028320312 -0.0913009643554688 -0.230911254882812 -0.0597991943359375
-0.0143280029296875 -0.130950927734375 -0.186126708984375 -0.184494018554688
0.116989135742188 -0.0700759887695313 -0.038604736328125 -0.298309326171875
0.147872924804688 0.058746337890625 0.092987060546875 -0.254013061523438
0.0812149047851562 0.129432678222656 0.172622680664063 -0.152145385742188
0.0595550537109375 0.198623657226563 -0.155197143554688 0.016387939453125
0.183639526367188 0.108474731445313 -0.170989990234375 0.136383056640625
0.1904296875 -0.0532379150390625 -0.0558013916015625 0.245193481445313
0.0563507080078125 -0.167816162109375 0.0749969482421875 0.209548950195313
-0.0768051147460937 -0.132217407226563 0.143142700195313 0.103485107421875
-0.159271240234375 -0.0344085693359375 0.116317749023437 0.0090789794921875
-0.128334045410156 0.0435867309570313 0.0536689758300781 -0.0178794860839844
-0.102256774902344 0.0393753051757812 -0.0151662826538086 0.0144815444946289
-0.135910034179688 0.0402755737304688 -0.087493896484375 0.0355606079101562
-0.157943725585937 -0.02471923828125 -0.155868530273438 0.0021514892578125
-0.100669860839844 -0.115989685058594 -0.189239501953125 -0.0581512451171875
-0.00421142578125 -0.160720825195313 -0.156417846679688 -0.165008544921875
0.151748657226562 -0.0702362060546875 -0.02935791015625 -0.269927978515625
0.172027587890625 0.08648681640625 0.10400390625 -0.230392456054688
0.087860107421875 0.1624755859375 0.1796875 -0.1082763671875
0.0618896484375 0.19189453125 -0.1514892578125 0.061767578125
0.175552368164063 0.09173583984375 -0.1727294921875 0.1646728515625
0.167068481445312 -0.056427001953125 -0.0495452880859375 0.2783203125
0.041351318359375 -0.148208618164063 0.106246948242187 0.245269775390625
-0.076263427734375 -0.112693786621094 0.1922607421875 0.117767333984375
-0.148483276367188 -0.025787353515625 0.17218017578125 -0.00390625
-0.120628356933594 0.0404586791992187 0.0997848510742187 -0.0499801635742188
-0.100334167480469 0.0370101928710938 0.0232124328613281 -0.0209083557128906
-0.138618469238281 0.0350418090820313 -0.0438575744628906 0.00448226928710937
-0.156448364257813 -0.0377044677734375 -0.102081298828125 -0.013275146484375
-0.0901107788085938 -0.129592895507812 -0.138687133789062 -0.0497894287109375
0.01837158203125 -0.160736083984375 -0.125190734863281 -0.135818481445313
0.161895751953125 -0.0459442138671875 -0.022979736328125 -0.239456176757813
0.159896850585938 0.106201171875 0.115386962890625 -0.206207275390625
0.0743408203125 0.166580200195313 0.18218994140625 -0.058258056640625
0.0528717041015625 0.158645629882813 -0.146438598632813 0.111785888671875
0.1376953125 0.067962646484375 -0.161453247070312 0.199691772460938
0.125587463378906 -0.04278564453125 -0.02252197265625 0.302154541015625
0.029205322265625 -0.107521057128906 0.143936157226562 0.2603759765625
-0.059600830078125 -0.08197021484375 0.231674194335938 0.116058349609375
-0.116676330566406 -0.0173568725585937 0.214263916015625 -0.0233001708984375
-0.095001220703125 0.0303268432617188 0.1356201171875 -0.0793914794921875
-0.0822067260742187 0.0280303955078125 0.058380126953125 -0.0518684387207031
-0.118232727050781 0.0235366821289063 8.96453857421824E-05 -0.0213375091552734
-0.127204895019531 -0.0444488525390625 -0.0474739074707031 -0.0189628601074219
-0.0605545043945313 -0.117568969726562 -0.0930633544921875 -0.031646728515625
0.037200927734375 -0.128097534179687 -0.106582641601563 -0.104721069335938
0.137382507324219 -0.00984954833984375 -0.0236663818359375 -0.217453002929688
0.117561340332031 0.107070922851563 0.120925903320313 -0.192214965820313
0.0503997802734375 0.1419677734375 0.176925659179687 -0.011627197265625
0.0354461669921875 0.105918884277344 -0.140472412109375 0.154220581054687
0.082122802734375 0.0434417724609375 -0.140838623046875 0.229446411132813
0.0797958374023438 -0.0187835693359375 0.010406494140625 0.310455322265625
0.0218963623046875 -0.0583610534667969 0.17645263671875 0.257766723632813
-0.0350189208984375 -0.0449981689453125 0.256423950195313 0.105148315429687
-0.0715713500976563 -0.0105133056640625 0.239990234375 -0.0430450439453125
-0.0572738647460938 0.0159454345703125 0.158645629882813 -0.102935791015625
-0.05084228515625 0.0162506103515625 0.0839004516601563 -0.0757522583007812
-0.0772552490234375 0.00961303710937499 0.0353469848632812 -0.0383224487304688
-0.077423095703125 -0.037445068359375 -0.00364875793457032 -0.0162382125854492
-0.0260391235351563 -0.0809478759765625 -0.0641708374023438 -0.0140762329101562
0.0391311645507813 -0.0722732543945313 -0.0989151000976563 -0.0822830200195313
0.083221435546875 0.0180740356445312 -0.0292205810546875 -0.211715698242188
0.0592193603515625 0.0811386108398438 0.128219604492188 -0.188140869140625
0.023223876953125 0.0923919677734375 0.167327880859375 0.02557373046875
-0.00250244140625 -0.0163784027099609 -0.192047119140625 -0.014373779296875
-0.0107202529907227 -0.0175275802612305 -0.140731811523437 0.202133178710938
0.00920391082763672 -0.0107107162475586 0.06378173828125 0.217330932617188
-0.00855255126953125 -0.00411510467529297 0.114723205566406 0.0785369873046875
-0.003814697265625 0.0139446258544922 0.0489845275878906 -0.00650787353515625
0.0223178863525391 0.0151939392089844 -0.0194797515869141 -0.00264167785644531
0.0290298461914063 0.00226402282714844 -0.0676612854003906 0.0505905151367187
0.0217132568359375 -0.0036468505859375 -0.106857299804687 0.0997772216796875
0.0170383453369141 -0.00123310089111328 -0.173263549804687 0.103958129882812
0.00902175903320313 -0.00547695159912109 -0.252151489257813 0.0377960205078125
0.00904083251953125 -2.57492065429687E-05 -0.284088134765625 -0.07147216796875
0.000487327575683593 0.00969028472900391 -0.217636108398437 -0.226821899414062
-0.0232925415039062 0.00501251220703125 -0.02569580078125 -0.345916748046875
-0.0340728759765625 -0.0323905944824219 0.093231201171875 -0.284088134765625
-0.0100326538085937 -0.0593490600585937 0.15753173828125 -0.199050903320313
0.0188713073730469 0.0607337951660156 -0.184188842773438 -0.025970458984375
0.0527610778808594 0.0366058349609375 -0.145462036132813 0.186859130859375
0.0815353393554688 -0.0157852172851563 0.041290283203125 0.218612670898438
0.0268096923828125 -0.0665321350097656 0.102264404296875 0.0905838012695313
-0.0290946960449219 -0.0481452941894531 0.0508880615234375 0.00670242309570312
-0.0475692749023438 -0.00591659545898438 -0.017420768737793 0.00313854217529296
-0.0305900573730469 0.0211753845214844 -0.0638771057128906 0.0497894287109375
-0.0192985534667969 0.0137462615966797 -0.10107421875 0.0996322631835937
-0.0313091278076172 0.0158233642578125 -0.169586181640625 0.107070922851563
-0.0456657409667969 -0.0058746337890625 -0.24981689453125 0.044921875
-0.0283203125 -0.0318984985351563 -0.28509521484375 -0.057769775390625
-0.00881195068359375 -0.0420341491699219 -0.228622436523438 -0.211898803710937
0.0281352996826172 -0.0269565582275391 -0.0517578125 -0.340606689453125
0.0379257202148438 -0.00067901611328125 0.077423095703125 -0.293670654296875
0.0279026031494141 0.0127449035644531 0.160018920898438 -0.211578369140625
0.0370941162109375 0.132583618164063 -0.174972534179688 -0.0276336669921875
0.1171875 0.0814437866210938 -0.154510498046875 0.160675048828125
0.148468017578125 -0.027984619140625 0.00917053222656252 0.22003173828125
0.0537261962890625 -0.1253662109375 0.0843124389648438 0.120285034179687
-0.0523681640625 -0.100662231445312 0.0681114196777344 0.0357284545898437
-0.110328674316406 -0.0256881713867187 0.00921154022216796 0.00887298583984375
-0.0822601318359375 0.0345535278320312 -0.0377731323242188 0.0345382690429688
-0.0590553283691406 0.0286750793457031 -0.0809402465820313 0.082916259765625
-0.0783767700195312 0.0321502685546875 -0.15203857421875 0.096954345703125
-0.0977020263671875 -0.00539398193359375 -0.2342529296875 0.0440673828125
-0.067657470703125 -0.0625419616699219 -0.273834228515625 -0.051025390625
-0.0186309814453125 -0.092071533203125 -0.224197387695313 -0.198623657226562
0.0772857666015625 -0.0572586059570313 -0.062835693359375 -0.330291748046875
0.107124328613281 0.0263214111328125 0.07421875 -0.2913818359375
0.0662765502929688 0.079498291015625 0.16461181640625 -0.203857421875
0.0579986572265625 0.183502197265625 -0.16790771484375 -0.0118865966796875
0.172103881835938 0.106735229492188 -0.163864135742188 0.145004272460938
0.191192626953125 -0.0486907958984375 -0.027801513671875 0.232635498046875
0.0613555908203125 -0.167282104492187 0.0759735107421875 0.165725708007812
-0.0748138427734375 -0.132820129394531 0.106460571289063 0.0707931518554687
-0.1546630859375 -0.03192138671875 0.0594902038574219 0.0110549926757812
-0.116653442382812 0.0461273193359375 0.00615310668945312 0.0110797882080078
-0.0882339477539062 0.0394287109375 -0.051513671875 0.0525741577148437
-0.116012573242187 0.0454635620117187 -0.127792358398438 0.0721359252929687
-0.140762329101563 -0.00938415527343751 -0.207550048828125 0.0296478271484375
-0.0986480712890625 -0.0925979614257813 -0.245559692382813 -0.0500946044921875
-0.0206756591796875 -0.136611938476563 -0.2056884765625 -0.184951782226563
0.123245239257812 -0.0800857543945313 -0.0582275390625 -0.3111572265625
0.162017822265625 0.05303955078125 0.0844879150390626 -0.275161743164063
0.092681884765625 0.133171081542969 0.17596435546875 -0.172744750976563
0.0726470947265625 0.20953369140625 -0.1627197265625 0.02410888671875
0.199249267578125 0.104934692382813 -0.174362182617188 0.153457641601563
0.200408935546875 -0.0682830810546875 -0.0446014404296875 0.264297485351563
0.0501708984375 -0.181106567382813 0.089202880859375 0.217254638671875
-0.0897979736328125 -0.136146545410156 0.1558837890625 0.10137939453125
-0.170333862304687 -0.02703857421875 0.1224365234375 0.0031890869140625
-0.131965637207031 0.053192138671875 0.0563697814941406 -0.0218315124511719
-0.105087280273438 0.044830322265625 -0.0127353668212891 0.0154266357421875
-0.139762878417969 0.0492935180664062 -0.088775634765625 0.0410079956054687
-0.168350219726563 -0.0152435302734375 -0.164443969726563 0.00971984863281251
-0.113677978515625 -0.118904113769531 -0.200881958007813 -0.052398681640625
-0.0114288330078125 -0.170928955078125 -0.172927856445313 -0.16455078125
0.159637451171875 -0.08343505859375 -0.045867919921875 -0.283050537109375
0.188720703125 0.0811309814453125 0.0980072021484375 -0.250686645507812
0.100753784179687 0.166046142578125 0.187164306640625 -0.125946044921875
0.073638916015625 0.203125 -0.157150268554688 0.07244873046875
0.188751220703125 0.08734130859375 -0.174896240234375 0.1832275390625
0.1759033203125 -0.0682830810546875 -0.0367431640625 0.2967529296875
0.036102294921875 -0.160308837890625 0.122955322265625 0.2513427734375
-0.0860824584960938 -0.11505126953125 0.208969116210937 0.114044189453125
-0.157363891601563 -0.0192413330078125 0.181304931640625 -0.0142974853515625
-0.123741149902344 0.0487518310546875 0.102409362792969 -0.0588836669921875
-0.102653503417969 0.0414276123046875 0.025299072265625 -0.0238399505615234
-0.143020629882813 0.0450286865234375 -0.0453910827636719 0.00677490234374999
-0.16845703125 -0.03021240234375 -0.107833862304688 -0.00913238525390627
-0.105010986328125 -0.133064270019531 -0.146804809570312 -0.0442657470703125
0.011474609375 -0.173980712890625 -0.137199401855469 -0.135391235351563
0.171981811523438 -0.0559234619140625 -0.0381317138671875 -0.250442504882813
0.178146362304688 0.104873657226563 0.108322143554688 -0.225021362304688
0.0870513916015625 0.172454833984375 0.191162109375 -0.0728607177734375
0.063201904296875 0.168960571289063 -0.150039672851562 0.124069213867188
0.147705078125 0.065673828125 -0.162261962890625 0.2210693359375
0.130989074707031 -0.0531845092773438 -0.00741577148437503 0.320465087890625
0.0245208740234375 -0.115615844726562 0.165420532226563 0.26678466796875
-0.0659408569335937 -0.0828704833984375 0.250076293945313 0.11029052734375
-0.123321533203125 -0.0108718872070313 0.223495483398438 -0.03753662109375
-0.0988540649414062 0.037567138671875 0.137451171875 -0.0932998657226563
-0.0839157104492188 0.0311279296875 0.0597419738769531 -0.0600814819335938
-0.121444702148437 0.0317153930664062 -0.000232696533203134 -0.0239467620849609
-0.137809753417969 -0.038787841796875 -0.0505447387695313 -0.0190925598144531
-0.0721359252929687 -0.123176574707031 -0.097808837890625 -0.0293655395507813
0.034332275390625 -0.13848876953125 -0.115554809570313 -0.103324890136719
0.147323608398438 -0.0167388916015625 -0.0401611328125 -0.226058959960938
0.133834838867188 0.107559204101563 0.116302490234375 -0.211212158203125
0.0594635009765625 0.145828247070313 0.186798095703125 -0.0216827392578125
0.04107666015625 0.113075256347656 -0.142776489257812 0.1710205078125
0.0868606567382813 0.0417098999023438 -0.138259887695313 0.251556396484375
0.0835723876953125 -0.0248641967773438 0.029388427734375 0.32843017578125
0.0205917358398438 -0.0637741088867188 0.200302124023438 0.262374877929688
-0.0389480590820312 -0.0470390319824219 0.275909423828125 0.0968017578125
-0.0758895874023438 -0.00767517089843749 0.25030517578125 -0.0594329833984375
-0.0583610534667969 0.0188484191894531 0.1600341796875 -0.119918823242188
-0.0516738891601563 0.0174446105957031 0.0853118896484375 -0.0858535766601563
-0.080169677734375 0.0129470825195313 0.0350685119628906 -0.0436859130859375
-0.0846786499023438 -0.03326416015625 -0.00415229797363282 -0.0187015533447266
-0.0323028564453125 -0.0859298706054688 -0.0641555786132813 -0.0116500854492188
0.0386810302734375 -0.0796127319335938 -0.1082763671875 -0.0796661376953125
0.0914382934570313 0.0148468017578125 -0.043731689453125 -0.218978881835938
0.0681381225585938 0.083251953125 0.12249755859375 -0.20703125
0.0287322998046875 0.0950241088867188 0.178268432617188 0.01788330078125
-0.00475978851318359 -0.014765739440918 -0.196182250976563 -0.0010986328125
-0.0146884918212891 -0.0151691436767578 -0.124649047851563 0.220291137695313
0.00668430328369141 -0.0112400054931641 0.087310791015625 0.219253540039063
-0.00682210922241211 -0.00409078598022461 0.12359619140625 0.0700302124023438
-0.00449275970458984 0.013671875 0.0477485656738281 -0.01068115234375
0.0252285003662109 0.0126399993896484 -0.0225505828857422 0.00271224975585938
0.0303783416748047 5.7220458984375E-05 -0.0657157897949219 0.0597267150878906
0.0214462280273437 -0.00713157653808594 -0.10205078125 0.111541748046875
0.0167646408081055 -0.00393772125244141 -0.171142578125 0.122970581054688
0.00840282440185547 -0.00381040573120117 -0.2548828125 0.0607147216796875
0.00946617126464844 -0.000327110290527344 -0.2977294921875 -0.0516967773437499
-0.000209808349609374 0.00888824462890625 -0.240219116210938 -0.214584350585937
-0.0244197845458984 0.00888633728027343 -0.0509033203125 -0.352203369140625
-0.0370979309082031 -0.0285873413085938 0.073577880859375 -0.30255126953125
-0.0119552612304688 -0.0629310607910156 0.15252685546875 -0.218597412109375
0.0254135131835938 0.0616683959960938 -0.192596435546875 -0.0132904052734375
0.0562667846679688 0.0358963012695313 -0.133407592773438 0.202423095703125
0.08087158203125 -0.0228271484375 0.061492919921875 0.222946166992188
0.0207138061523437 -0.0720672607421875 0.11224365234375 0.0842208862304688
-0.0355758666992188 -0.0466384887695312 0.0494575500488281 -0.000228881835937503
-0.0506858825683594 -0.00410079956054688 -0.0219535827636719 0.00551223754882812
-0.0294609069824219 0.0216236114501953 -0.0590476989746094 0.0537757873535156
-0.0201454162597656 0.0149478912353516 -0.09112548828125 0.110069274902344
-0.0332736968994141 0.0190315246582031 -0.165664672851563 0.125564575195312
-0.0476531982421875 -0.00186920166015625 -0.25067138671875 0.0676422119140625
-0.0323505401611328 -0.0319499969482422 -0.30010986328125 -0.038330078125
-0.0124130249023438 -0.0429115295410156 -0.248016357421875 -0.198532104492187
0.0307636260986328 -0.0274200439453125 -0.080352783203125 -0.347198486328125
0.0408096313476563 -0.00476455688476563 0.058685302734375 -0.30859375
0.0284862518310547 0.0111064910888672 0.151565551757812 -0.237060546875
0.047454833984375 0.134391784667969 -0.182907104492188 -0.0205535888671875
0.126045227050781 0.0769271850585938 -0.142929077148438 0.175933837890625
0.150650024414063 -0.04071044921875 0.0280303955078125 0.221282958984375
0.0444259643554688 -0.136138916015625 0.0944366455078125 0.11541748046875
-0.0621185302734375 -0.100303649902344 0.0715560913085938 0.0313644409179688
-0.115966796875 -0.017578125 0.00847434997558593 0.00927448272705078
-0.0834197998046875 0.0412216186523437 -0.0320549011230469 0.0424232482910156
-0.0562553405761719 0.0321197509765625 -0.0733108520507812 0.0911788940429688
-0.0763320922851563 0.03826904296875 -0.150009155273438 0.113510131835937
-0.102630615234375 0.00304412841796873 -0.236785888671875 0.0585784912109375
-0.0750579833984375 -0.0552444458007813 -0.285858154296875 -0.030426025390625
-0.0269317626953125 -0.0961456298828125 -0.246002197265625 -0.186004638671875
0.0765228271484375 -0.0656585693359375 -0.08831787109375 -0.337005615234375
0.112991333007813 0.0183563232421875 0.057861328125 -0.306671142578125
0.07562255859375 0.0777511596679688 0.154083251953125 -0.227493286132813
0.073272705078125 0.187362670898438 -0.17608642578125 -0.000717163085937474
0.18829345703125 0.0980377197265625 -0.157379150390625 0.164443969726562
0.197265625 -0.066253662109375 -0.00970458984374997 0.24066162109375
0.0489501953125 -0.180572509765625 0.090362548828125 0.162261962890625
-0.0898361206054688 -0.133682250976563 0.112442016601562 0.0671920776367187
-0.158676147460937 -0.0191650390625 0.0619659423828125 0.00554275512695312
-0.118934631347656 0.0586700439453125 0.00840282440185546 0.0121555328369141
-0.091827392578125 0.0462799072265625 -0.0450515747070313 0.05523681640625
-0.116188049316406 0.0563735961914063 -0.123695373535156 0.0869293212890625
-0.147598266601563 0.00221252441406252 -0.210189819335938 0.04388427734375
-0.110198974609375 -0.0859909057617188 -0.256851196289063 -0.032958984375
-0.0357208251953125 -0.14239501953125 -0.222885131835938 -0.17327880859375
0.123031616210938 -0.092254638671875 -0.084808349609375 -0.31524658203125
0.173233032226563 0.04046630859375 0.065521240234375 -0.292144775390625
0.104721069335938 0.130203247070313 0.167251586914063 -0.195892333984375
0.0877532958984375 0.215225219726563 -0.169403076171875 0.0380401611328125
0.213775634765625 0.0944671630859375 -0.165802001953125 0.170684814453125
0.204574584960938 -0.08380126953125 -0.025848388671875 0.275222778320313
0.0380859375 -0.192520141601563 0.108993530273437 0.213790893554688
-0.10284423828125 -0.132125854492187 0.1680908203125 0.094573974609375
-0.178787231445313 -0.0135955810546875 0.124252319335937 -0.00400543212890625
-0.131813049316406 0.0652999877929687 0.0556373596191406 -0.0287590026855469
-0.105308532714844 0.0515365600585937 -0.0112209320068359 0.01953125
-0.138427734375 0.0612030029296875 -0.0884628295898438 0.05096435546875
-0.173873901367188 -0.000717163085937515 -0.168212890625 0.021484375
-0.131454467773438 -0.111549377441406 -0.209548950195313 -0.0372161865234375
-0.028289794921875 -0.173965454101563 -0.190780639648438 -0.15625
0.159042358398438 -0.098846435546875 -0.069671630859375 -0.287109375
0.202178955078125 0.0662994384765625 0.080902099609375 -0.265472412109375
0.1180419921875 0.167037963867188 0.182479858398438 -0.1485595703125
0.091522216796875 0.204971313476563 -0.158584594726563 0.0864715576171875
0.200927734375 0.0776824951171875 -0.167373657226563 0.202484130859375
0.1781005859375 -0.085418701171875 -0.0142822265625 0.308349609375
0.026153564453125 -0.170028686523437 0.14569091796875 0.24981689453125
-0.0974960327148438 -0.113136291503906 0.224395751953125 0.102737426757813
-0.16552734375 -0.00782775878906253 0.180938720703125 -0.03033447265625
-0.122184753417969 0.0582656860351563 0.0974349975585938 -0.069610595703125
-0.105972290039062 0.048126220703125 0.0268344879150391 -0.0279693603515625
-0.142623901367188 0.0565032958984375 -0.0470199584960938 0.00751495361328126
-0.177169799804688 -0.0145263671875 -0.112205505371094 -0.00405120849609373
-0.120498657226562 -0.127723693847656 -0.15557861328125 -0.036163330078125
-0.00265502929687501 -0.181182861328125 -0.14825439453125 -0.12890625
0.1768798828125 -0.0718994140625 -0.0593414306640625 -0.2529296875
0.1934814453125 0.0915985107421875 0.0930328369140625 -0.239776611328125
0.10162353515625 0.172836303710938 0.1903076171875 -0.0950927734375
0.077545166015625 0.177001953125 -0.143569946289063 0.143341064453125
0.156417846679688 0.0585174560546875 -0.15264892578125 0.241958618164063
0.131378173828125 -0.065704345703125 0.016204833984375 0.33258056640625
0.0170516967773437 -0.125633239746094 0.191970825195313 0.262130737304688
-0.078277587890625 -0.0814971923828125 0.267837524414063 0.091766357421875
-0.129714965820313 -0.000740051269531271 0.228073120117188 -0.0561676025390625
-0.0988311767578125 0.047576904296875 0.131744384765625 -0.107513427734375
-0.0858688354492188 0.0394515991210938 0.0590019226074219 -0.0674667358398438
-0.121635437011719 0.0426254272460938 -0.00601959228515626 -0.0245189666748047
-0.145904541015625 -0.0280609130859375 -0.05377197265625 -0.0144081115722656
-0.0868911743164063 -0.122932434082031 -0.102531433105469 -0.021575927734375
0.022125244140625 -0.149642944335938 -0.124542236328125 -0.0951995849609375
0.154861450195313 -0.0293121337890625 -0.059295654296875 -0.228897094726563
0.1444091796875 0.101760864257813 0.098968505859375 -0.227615356445313
0.073394775390625 0.14984130859375 0.193008422851562 -0.0402679443359375
0.0518417358398437 0.113906860351563 -0.137954711914063 0.187164306640625
0.0916748046875 0.0396652221679688 -0.124237060546875 0.27178955078125
0.0849838256835938 -0.0319976806640625 0.050567626953125 0.33721923828125
0.0186805725097656 -0.0670967102050781 0.224227905273438 0.25494384765625
-0.0428543090820313 -0.0443115234375 0.289947509765625 0.075897216796875
-0.078857421875 -0.000831604003906246 0.25054931640625 -0.0844879150390625
-0.0605316162109375 0.0228614807128906 0.1536865234375 -0.136215209960937
-0.0519905090332031 0.0215339660644531 0.080841064453125 -0.09503173828125
-0.07891845703125 0.0219879150390625 0.0334358215332031 -0.0505714416503906
-0.0921478271484375 -0.0274124145507812 -0.00571441650390626 -0.0193443298339844
-0.0412979125976563 -0.0844345092773438 -0.0660552978515625 -0.0050811767578125
0.0320510864257813 -0.0846939086914063 -0.117439270019531 -0.0712738037109375
0.0973739624023438 0.0095062255859375 -0.0659332275390625 -0.221176147460938
0.0780105590820312 0.0800094604492188 0.106430053710938 -0.223098754882812
0.0346450805664063 0.0959625244140625 0.184722900390625 0.00483703613281251
-0.0047454833984375 -0.0175704956054688 -0.19451904296875 0.011444091796875
-0.0172367095947266 -0.0150508880615234 -0.107711791992188 0.230056762695313
0.00327014923095703 -0.0115213394165039 0.103363037109375 0.21075439453125
-0.00995445251464844 -0.0033111572265625 0.125419616699219 0.0592880249023438
-0.00122165679931641 0.0148954391479492 0.0430717468261719 -0.0146408081054687
0.0242137908935547 0.00984382629394531 -0.0232200622558594 0.00326728820800782
0.0298385620117187 -0.00462913513183594 -0.059722900390625 0.0657386779785156
0.0217952728271484 -0.00901222229003906 -0.089691162109375 0.118484497070312
0.0185546875 -0.00650978088378906 -0.160049438476563 0.134765625
0.0061492919921875 -0.00520992279052734 -0.249404907226563 0.078399658203125
0.00765085220336914 0.00134611129760742 -0.30120849609375 -0.028839111328125
0.00267410278320313 0.00850534439086914 -0.25787353515625 -0.197296142578125
-0.0217742919921875 0.00889205932617188 -0.08038330078125 -0.345794677734375
-0.0385932922363281 -0.025360107421875 0.052825927734375 -0.308807373046875
-0.0198516845703125 -0.0579071044921875 0.13470458984375 -0.233291625976563
0.0263099670410156 0.062286376953125 -0.19036865234375 -0.00511169433593752
0.0578842163085938 0.0308113098144531 -0.118301391601563 0.212265014648437
0.0804901123046875 -0.031890869140625 0.08123779296875 0.21563720703125
0.0167160034179688 -0.0763015747070313 0.113716125488281 0.072509765625
-0.0384521484375 -0.0464630126953125 0.0472908020019531 -0.00103378295898438
-0.05145263671875 -0.000694274902343754 -0.0205497741699219 0.0101795196533203
-0.0272636413574219 0.0219631195068359 -0.0538482666015625 0.0630149841308594
-0.0176181793212891 0.0152835845947266 -0.0821304321289062 0.1175537109375
-0.0299205780029297 0.0202922821044922 -0.154144287109375 0.138580322265625
-0.0482749938964844 0.00414276123046876 -0.247314453125 0.086151123046875
-0.0382652282714844 -0.0273971557617187 -0.296173095703125 -0.012359619140625
-0.0133705139160156 -0.0425033569335938 -0.264602661132813 -0.180130004882812
0.0274620056152344 -0.0311508178710938 -0.10455322265625 -0.3382568359375
0.0396995544433594 -0.00857925415039063 0.0350341796875 -0.314666748046875
0.0323410034179688 0.00730705261230469 0.136001586914063 -0.246978759765625
0.0578384399414063 0.133224487304688 -0.18096923828125 -0.00549316406249997
0.130058288574219 0.0694732666015625 -0.12921142578125 0.187606811523438
0.152114868164063 -0.0534515380859375 0.0445098876953125 0.222320556640625
0.0355148315429688 -0.139244079589844 0.0992965698242188 0.107170104980469
-0.0713424682617188 -0.09796142578125 0.0712966918945313 0.0252761840820312
-0.117515563964844 -0.00804901123046876 0.00897884368896484 0.0109634399414063
-0.0788650512695313 0.0495376586914062 -0.0299224853515625 0.0421791076660156
-0.0556755065917969 0.0366020202636719 -0.0662841796875 0.0959014892578125
-0.0731124877929688 0.0437850952148438 -0.140579223632813 0.122314453125
-0.101730346679688 0.0126800537109375 -0.231826782226563 0.0803070068359376
-0.0823135375976562 -0.0522308349609375 -0.284393310546875 -0.00946044921874999
-0.0307388305664062 -0.0943145751953125 -0.25762939453125 -0.165802001953125
0.0736312866210938 -0.0723724365234375 -0.115020751953125 -0.325653076171875
0.117332458496094 0.01019287109375 0.030731201171875 -0.309112548828125
0.080169677734375 0.067626953125 0.141815185546875 -0.241592407226563
0.0865478515625 0.1868896484375 -0.1732177734375 0.00926208496093748
0.190841674804687 0.083648681640625 -0.142791748046875 0.175155639648437
0.191253662109375 -0.0818939208984375 0.010772705078125 0.240402221679687
0.0346832275390625 -0.185775756835937 0.0980072021484375 0.158843994140625
-0.100212097167969 -0.126152038574219 0.115386962890625 0.05853271484375
-0.163619995117188 -0.00828552246093753 0.0638847351074219 0.0054168701171875
-0.113128662109375 0.0663299560546875 0.00916862487792968 0.00920581817626953
-0.08612060546875 0.0493011474609375 -0.0409049987792969 0.0595245361328125
-0.110061645507813 0.062530517578125 -0.116477966308594 0.0966262817382813
-0.146286010742188 0.0181427001953125 -0.207489013671875 0.0618896484375
-0.121253967285156 -0.0785140991210937 -0.257858276367188 -0.0119781494140625
-0.0411834716796875 -0.140869140625 -0.238327026367188 -0.1552734375
0.118125915527344 -0.102920532226563 -0.10662841796875 -0.306976318359375
0.178329467773438 0.0282440185546875 0.042694091796875 -0.2955322265625
0.114601135253906 0.120925903320313 0.154861450195313 -0.211578369140625
0.1055908203125 0.21307373046875 -0.165664672851563 0.04779052734375
0.217636108398438 0.080413818359375 -0.154922485351562 0.18328857421875
0.198135375976563 -0.101226806640625 -0.00347900390624996 0.275726318359375
0.022857666015625 -0.196868896484375 0.121658325195312 0.20684814453125
-0.113372802734375 -0.128524780273438 0.173171997070313 0.0805511474609375
-0.180557250976562 -0.00202941894531252 0.126518249511719 -0.0128097534179687
-0.126655578613281 0.07330322265625 0.0526580810546875 -0.0314064025878906
-0.10150146484375 0.057281494140625 -0.00823211669921876 0.0151691436767578
-0.133346557617188 0.0731658935546875 -0.0863494873046875 0.0562210083007813
-0.1749267578125 0.0126495361328125 -0.166290283203125 0.0360870361328125
-0.140357971191406 -0.103019714355469 -0.21258544921875 -0.019134521484375
-0.038055419921875 -0.1767578125 -0.198501586914063 -0.141799926757812
0.154861450195313 -0.110733032226563 -0.0903167724609375 -0.279190063476563
0.21014404296875 0.053955078125 0.0585784912109375 -0.271636962890625
0.127471923828125 0.1558837890625 0.170486450195313 -0.167068481445313
0.10748291015625 0.203811645507813 -0.15081787109375 0.09918212890625
0.205856323242188 0.0617828369140625 -0.1507568359375 0.21478271484375
0.170669555664063 -0.09832763671875 0.010498046875 0.309112548828125
0.0111541748046875 -0.172836303710938 0.164764404296875 0.24072265625
-0.105331420898438 -0.106185913085938 0.228790283203125 0.0832672119140625
-0.165054321289063 0.00610351562499997 0.179916381835938 -0.0435943603515625
-0.118186950683594 0.06549072265625 0.0917510986328125 -0.07781982421875
-0.0984725952148438 0.0533447265625 0.0233306884765625 -0.0309276580810547
-0.136611938476563 0.0667037963867188 -0.0456161499023438 0.0118598937988281
-0.17706298828125 -0.00146484375 -0.114181518554688 0.00584411621093749
-0.131637573242188 -0.12060546875 -0.155548095703125 -0.023651123046875
-0.0162811279296875 -0.180740356445312 -0.158737182617188 -0.116668701171875
0.174362182617188 -0.0855560302734375 -0.07745361328125 -0.245849609375
0.203338623046875 0.077362060546875 0.0723724365234375 -0.247756958007813
0.114578247070313 0.1656494140625 0.183258056640625 -0.109298706054688
0.09136962890625 0.170578002929688 -0.137985229492188 0.1510009765625
0.157669067382813 0.04559326171875 -0.131942749023437 0.25128173828125
0.129638671875 -0.0745468139648438 0.043792724609375 0.329559326171875
0.00865936279296875 -0.123397827148438 0.205596923828125 0.247665405273438
-0.0815658569335938 -0.074127197265625 0.271804809570313 0.0719451904296875
-0.128509521484375 0.00813293457031252 0.220504760742188 -0.072723388671875
-0.093231201171875 0.0501556396484375 0.124221801757813 -0.117408752441406
-0.0816268920898438 0.0432815551757812 0.052032470703125 -0.073028564453125
-0.119758605957031 0.0522689819335938 -0.00444793701171876 -0.0260601043701172
-0.148681640625 -0.0158538818359375 -0.0554580688476563 -0.0145225524902344
-0.0972900390625 -0.115463256835938 -0.101409912109375 -0.0144195556640625
0.0147552490234375 -0.14886474609375 -0.129478454589844 -0.0862350463867187
0.154541015625 -0.0408935546875 -0.07647705078125 -0.219146728515625
0.15533447265625 0.0894775390625 0.0815582275390625 -0.23388671875
0.081024169921875 0.141921997070313 0.18658447265625 -0.056396484375
0.0610275268554688 0.115745544433594 -0.124237060546875 0.198745727539063
0.09368896484375 0.0302047729492187 -0.104278564453125 0.28167724609375
0.0829620361328125 -0.03924560546875 0.078765869140625 0.331085205078125
0.0106124877929687 -0.0693130493164063 0.242385864257813 0.236968994140625
-0.0478858947753906 -0.04052734375 0.295318603515625 0.05413818359375
-0.0784149169921875 0.00618743896484375 0.240921020507813 -0.100753784179688
-0.0569343566894531 0.0256576538085938 0.140670776367188 -0.148345947265625
-0.0509147644042969 0.0244598388671875 0.0726470947265625 -0.1044921875
-0.0799407958984375 0.0252304077148437 0.0302696228027344 -0.0514183044433594
-0.0923995971679688 -0.0213470458984375 -0.00688171386718751 -0.0212001800537109
-0.0507583618164062 -0.0842742919921875 -0.0653038024902344 -0.000858306884765625
0.0274658203125 -0.0900039672851563 -0.119041442871094 -0.06280517578125
0.100296020507813 0.00321197509765625 -0.08135986328125 -0.212661743164062
0.0845947265625 0.07550048828125 0.08856201171875 -0.229583740234375
0.041961669921875 0.0950393676757813 0.182296752929688 -0.012481689453125
-0.00765609741210937 -0.0170831680297852 -0.1898193359375 0.01531982421875
-0.0194797515869141 -0.014617919921875 -0.09234619140625 0.23114013671875
0.000433921813964845 -0.0134954452514648 0.112503051757813 0.199508666992188
-0.0113258361816406 -0.00280952453613281 0.125320434570313 0.0516204833984375
-0.00141620635986328 0.0145349502563477 0.0385704040527344 -0.0154037475585937
0.022003173828125 0.00853919982910156 -0.02471923828125 0.00648689270019532
0.0288677215576172 -0.007232666015625 -0.0544891357421875 0.0677375793457031
0.0217914581298828 -0.0129032135009766 -0.0792617797851563 0.120742797851563
0.0188484191894531 -0.00658988952636719 -0.149215698242188 0.140609741210938
0.0074920654296875 -0.00480461120605469 -0.239639282226563 0.08880615234375
0.00657367706298828 0.000332832336425781 -0.295257568359375 -0.01165771484375
0.00213956832885742 0.00708341598510742 -0.26129150390625 -0.17828369140625
-0.021514892578125 0.00905609130859375 -0.09423828125 -0.33660888671875
-0.0386772155761719 -0.0253677368164063 0.038482666015625 -0.305419921875
-0.0222930908203125 -0.0582008361816406 0.124557495117188 -0.237838745117187
0.0280227661132813 0.0617637634277344 -0.185012817382813 -0.000564575195312463
0.0581321716308594 0.0289344787597656 -0.103103637695312 0.21380615234375
0.078125 -0.0351028442382813 0.0922393798828125 0.205795288085938
0.009521484375 -0.0758819580078125 0.114921569824219 0.0662689208984375
-0.0397758483886719 -0.0438919067382812 0.0446701049804687 -0.00329208374023438
-0.0524177551269531 0.00317764282226562 -0.02130126953125 0.0113563537597656
-0.0257034301757813 0.0232257843017578 -0.0519790649414063 0.0634117126464844
-0.0178966522216797 0.0119132995605469 -0.0743560791015625 0.117645263671875
-0.0270061492919922 0.0203380584716797 -0.144180297851562 0.1434326171875
-0.0458602905273438 0.00699996948242188 -0.237030029296875 0.09429931640625
-0.0390243530273438 -0.0251045227050781 -0.29180908203125 0.000640869140625046
-0.0173301696777344 -0.0425758361816406 -0.267379760742188 -0.161148071289063
0.0255260467529297 -0.0334568023681641 -0.119598388671875 -0.3262939453125
0.0399589538574219 -0.0109901428222656 0.0196533203125 -0.3104248046875
0.0307407379150391 0.0055084228515625 0.123138427734375 -0.253753662109375
0.0642471313476562 0.132606506347656 -0.177947998046875 0.000183105468749982
0.132713317871094 0.0624237060546875 -0.116439819335938 0.191146850585938
0.146087646484375 -0.0597381591796875 0.0577850341796875 0.212814331054687
0.025054931640625 -0.140945434570313 0.101356506347656 0.100448608398437
-0.07489013671875 -0.092681884765625 0.0701980590820313 0.0233383178710937
-0.116447448730469 -6.10351562500252E-05 0.00949287414550781 0.0118312835693359
-0.0752105712890625 0.0501022338867188 -0.0277366638183594 0.04315185546875
-0.054718017578125 0.0354156494140625 -0.0578460693359375 0.096099853515625
-0.0687026977539063 0.0473403930664062 -0.130584716796875 0.12957763671875
-0.0968399047851562 0.0184402465820312 -0.223052978515625 0.0890350341796875
-0.0854644775390625 -0.047271728515625 -0.278533935546875 0.00547790527343753
-0.0359725952148438 -0.09112548828125 -0.26239013671875 -0.150588989257813
0.068939208984375 -0.0746231079101562 -0.12677001953125 -0.313690185546875
0.114212036132813 0.00246429443359375 0.01654052734375 -0.3072509765625
0.0801239013671875 0.065277099609375 0.128768920898437 -0.247207641601563
0.0948486328125 0.183486938476563 -0.168563842773437 0.016937255859375
0.191940307617188 0.0758819580078125 -0.132080078125 0.177566528320313
0.1865234375 -0.0901947021484375 0.0252532958984375 0.2333984375
0.02386474609375 -0.185714721679688 0.102828979492188 0.151123046875
-0.10406494140625 -0.120437622070313 0.114372253417969 0.0523910522460938
-0.160934448242187 0.00233459472656251 0.0623512268066406 0.00381851196289062
-0.106590270996094 0.0678176879882813 0.00911426544189452 0.00861167907714844
-0.0833206176757813 0.0509490966796875 -0.0352973937988281 0.0594902038574219
-0.104331970214844 0.0671234130859375 -0.109825134277344 0.0994110107421875
-0.140853881835938 0.025970458984375 -0.200881958007812 0.07061767578125
-0.123138427734375 -0.0703125 -0.252197265625 0.000442504882812443
-0.0487899780273438 -0.13641357421875 -0.238876342773438 -0.141220092773438
0.111663818359375 -0.107063293457031 -0.1192626953125 -0.295013427734375
0.176010131835938 0.0177154541015625 0.027740478515625 -0.29193115234375
0.1168212890625 0.115867614746094 0.142501831054687 -0.218460083007812
0.114669799804688 0.206298828125 -0.158248901367188 0.0535736083984375
0.219985961914063 0.068206787109375 -0.14215087890625 0.187149047851562
0.192123413085938 -0.11102294921875 0.010986328125 0.268157958984375
0.0117034912109375 -0.195785522460938 0.126785278320313 0.19854736328125
-0.119117736816406 -0.120452880859375 0.173294067382813 0.0708770751953125
-0.176605224609375 0.00903320312499996 0.121597290039063 -0.0181884765625
-0.120742797851563 0.076446533203125 0.0498771667480469 -0.03643798828125
-0.09783935546875 0.0590744018554687 -0.00641441345214844 0.0137691497802734
-0.12646484375 0.0769424438476562 -0.0807876586914063 0.0589828491210938
-0.169586181640625 0.02325439453125 -0.163253784179687 0.041717529296875
-0.144973754882813 -0.09417724609375 -0.208236694335938 -0.00976562500000004
-0.04656982421875 -0.171554565429688 -0.201431274414063 -0.129287719726563
0.149627685546875 -0.11737060546875 -0.101409912109375 -0.266738891601563
0.210205078125 0.04119873046875 0.0436248779296875 -0.270828247070313
0.130935668945313 0.147720336914063 0.159835815429688 -0.17388916015625
0.11663818359375 0.198715209960938 -0.144683837890625 0.10296630859375
0.205154418945313 0.053924560546875 -0.138031005859375 0.2186279296875
0.164581298828125 -0.10675048828125 0.027008056640625 0.301910400390625
0.00149536132812498 -0.170578002929688 0.1705322265625 0.226577758789063
-0.110443115234375 -0.0994338989257813 0.228424072265625 0.0704345703125
-0.161209106445313 0.016082763671875 0.174560546875 -0.0493621826171875
-0.113105773925781 0.0710601806640625 0.0868453979492188 -0.0821456909179688
-0.0975112915039063 0.0558395385742188 0.0215492248535156 -0.0332069396972656
-0.131019592285156 0.0723037719726563 -0.0456695556640625 0.0140533447265625
-0.173004150390625 0.00914001464843747 -0.111587524414063 0.0104827880859375
-0.138374328613281 -0.112190246582031 -0.151718139648438 -0.01678466796875
-0.023895263671875 -0.179580688476563 -0.159652709960937 -0.10687255859375
0.168685913085938 -0.0944976806640625 -0.08770751953125 -0.233993530273438
0.204269409179688 0.0662078857421875 0.0575714111328125 -0.246932983398438
0.118438720703125 0.157073974609375 0.172698974609375 -0.11785888671875
0.0989532470703125 0.165786743164063 -0.128311157226562 0.156982421875
0.159194946289062 0.0390167236328125 -0.11798095703125 0.2542724609375
0.123970031738281 -0.0802688598632813 0.059234619140625 0.31976318359375
0.00113677978515625 -0.123039245605469 0.214599609375 0.232803344726562
-0.0842514038085937 -0.0694503784179688 0.26898193359375 0.05706787109375
-0.125251770019531 0.0155029296875 0.210662841796875 -0.08203125
-0.0891571044921875 0.05352783203125 0.11285400390625 -0.12335205078125
-0.0806427001953125 0.0423431396484375 0.0465469360351562 -0.0766067504882812
-0.115028381347656 0.0532302856445313 -0.00638771057128907 -0.0250148773193359
-0.145034790039063 -0.00726318359375003 -0.0554008483886719 -0.01214599609375
-0.10296630859375 -0.109840393066406 -0.09796142578125 -0.0103378295898438
0.00683593749999999 -0.149887084960938 -0.128982543945313 -0.07733154296875
0.15362548828125 -0.047943115234375 -0.086669921875 -0.209182739257813
0.158599853515625 0.080047607421875 0.0649566650390625 -0.233169555664062
0.0858535766601563 0.137413024902344 0.178390502929688 -0.0653228759765625
0.0664443969726562 0.112701416015625 -0.11395263671875 0.2030029296875
0.0934982299804688 0.0284423828125 -0.089080810546875 0.28314208984375
0.080657958984375 -0.0416107177734375 0.09552001953125 0.31964111328125
0.007080078125 -0.069610595703125 0.248336791992188 0.220138549804688
-0.0483589172363281 -0.03948974609375 0.290313720703125 0.037078857421875
-0.0774459838867188 0.00960540771484374 0.230178833007813 -0.11065673828125
-0.0539588928222656 0.0290985107421875 0.128921508789063 -0.153472900390625
-0.0505714416503906 0.0226593017578125 0.065185546875 -0.107513427734375
-0.077545166015625 0.028717041015625 0.0257148742675781 -0.0530166625976563
-0.0911331176757813 -0.0155410766601563 -0.00724220275878907 -0.0216121673583984
-0.055328369140625 -0.0801315307617188 -0.0611572265625 0.00156021118164063
0.0222930908203125 -0.090576171875 -0.117774963378906 -0.0536575317382813
0.101173400878906 -0.00315093994140625 -0.0913848876953125 -0.201400756835938
0.0879364013671875 0.0684356689453125 0.0706024169921875 -0.231552124023438
0.0441131591796875 0.090087890625 0.176849365234375 -0.0206451416015625
-0.00769710540771484 -0.0164690017700195 -0.186538696289062 0.01544189453125
-0.0200405120849609 -0.0132293701171875 -0.0847625732421875 0.230117797851563
-0.000658035278320314 -0.0140438079833984 0.117874145507813 0.194366455078125
-0.0132684707641602 -0.00217056274414062 0.123207092285156 0.047454833984375
-0.00176811218261719 0.0151004791259766 0.0345954895019531 -0.0154094696044922
0.02203369140625 0.00883674621582031 -0.0262260437011719 0.00799751281738281
0.0263729095458984 -0.009552001953125 -0.0517311096191406 0.0677986145019531
0.0197677612304688 -0.0144882202148438 -0.0744705200195313 0.120635986328125
0.0182399749755859 -0.00789260864257813 -0.144149780273438 0.144287109375
0.00795125961303711 -0.00316524505615234 -0.2349853515625 0.0926971435546875
0.00569581985473633 0.000381946563720703 -0.291748046875 -0.00555419921875
0.00142621994018555 0.0068206787109375 -0.261444091796875 -0.170181274414063
-0.0206127166748047 0.00833511352539063 -0.100189208984375 -0.33074951171875
-0.0395088195800781 -0.0247039794921875 0.033050537109375 -0.30377197265625
-0.0227546691894531 -0.0577735900878906 0.120315551757812 -0.241226196289063
0.0297660827636719 0.0617904663085938 -0.181976318359375 9.15527343750049E-05
0.0577278137207031 0.0288734436035156 -0.0957183837890625 0.2132568359375
0.0775146484375 -0.0371246337890625 0.0985260009765625 0.20013427734375
0.0066375732421875 -0.0750885009765625 0.113693237304688 0.0626373291015625
-0.0408782958984375 -0.0414924621582031 0.0422782897949219 -0.003509521484375
-0.0512657165527344 0.00687789916992186 -0.0208587646484375 0.0130672454833984
-0.0272083282470703 0.0230064392089844 -0.0486373901367188 0.0642814636230469
-0.0190773010253906 0.0112648010253906 -0.07037353515625 0.117179870605469
-0.025970458984375 0.019927978515625 -0.138275146484375 0.1456298828125
-0.0451164245605469 0.00888442993164062 -0.232101440429687 0.099151611328125
-0.0401840209960937 -0.0227241516113281 -0.288818359375 0.00805664062500006
-0.0179405212402344 -0.0427513122558594 -0.267227172851563 -0.153732299804688
0.0256748199462891 -0.0351047515869141 -0.12469482421875 -0.32037353515625
0.0390357971191406 -0.0121994018554687 0.014556884765625 -0.309478759765625
0.0305595397949219 0.00530433654785156 0.11834716796875 -0.256698608398438
0.0668792724609375 0.132919311523438 -0.175277709960938 0.00032043457031254
0.133529663085938 0.061187744140625 -0.108810424804687 0.190399169921875
0.145751953125 -0.0634613037109375 0.0643768310546875 0.207305908203125
0.0211029052734375 -0.141159057617188 0.100547790527344 0.097503662109375
-0.0768890380859375 -0.0902481079101563 0.0678749084472656 0.0221405029296875
-0.116378784179688 0.00450134277343751 0.011082649230957 0.0133466720581055
-0.074127197265625 0.0503463745117188 -0.0261878967285156 0.0425834655761719
-0.0553436279296875 0.0349388122558594 -0.0545806884765625 0.0952377319335938
-0.0669937133789063 0.0465126037597656 -0.125534057617188 0.131607055664062
-0.0949935913085938 0.021697998046875 -0.220199584960938 0.0938568115234375
-0.0858078002929688 -0.04364013671875 -0.27569580078125 0.0117645263671875
-0.0381317138671875 -0.0902328491210937 -0.261505126953125 -0.142791748046875
0.0675277709960937 -0.0767135620117188 -0.132904052734375 -0.30633544921875
0.114395141601563 -0.0010223388671875 0.010772705078125 -0.304656982421875
0.0803604125976563 0.064788818359375 0.12286376953125 -0.250579833984375
0.09942626953125 0.182281494140625 -0.166366577148438 0.0179290771484375
0.192337036132812 0.0715789794921875 -0.124496459960937 0.177383422851563
0.185836791992187 -0.095306396484375 0.0309906005859375 0.228302001953125
0.019287109375 -0.184188842773438 0.10369873046875 0.14764404296875
-0.107048034667969 -0.116447448730469 0.115318298339844 0.0497970581054687
-0.158767700195313 0.00828552246093748 0.0623321533203125 0.00266265869140625
-0.105545043945312 0.069793701171875 0.00839948654174804 0.00734710693359375
-0.0834579467773438 0.0518569946289062 -0.0334320068359375 0.058380126953125
-0.100761413574219 0.0684127807617188 -0.105728149414063 0.101158142089844
-0.138191223144531 0.02972412109375 -0.198257446289063 0.074493408203125
-0.124702453613281 -0.0658340454101562 -0.249404907226562 0.006591796875
-0.0526351928710938 -0.134986877441406 -0.23895263671875 -0.134765625
0.1099853515625 -0.109420776367188 -0.1240234375 -0.288848876953125
0.175262451171875 0.0139007568359375 0.02130126953125 -0.291290283203125
0.117210388183594 0.112892150878906 0.136993408203125 -0.222625732421875
0.119537353515625 0.205337524414062 -0.156265258789063 0.0551300048828125
0.218719482421875 0.0650634765625 -0.136032104492188 0.187759399414062
0.18939208984375 -0.115341186523438 0.017364501953125 0.26312255859375
0.00656127929687499 -0.194671630859375 0.128280639648438 0.195144653320313
-0.121360778808594 -0.116493225097656 0.172698974609375 0.0667877197265625
-0.173553466796875 0.016510009765625 0.120361328125 -0.0200271606445313
-0.11761474609375 0.0784683227539063 0.0474586486816406 -0.0377426147460937
-0.098297119140625 0.058807373046875 -0.007415771484375 0.0125646591186523
-0.123077392578125 0.0780868530273438 -0.0783920288085938 0.061248779296875
-0.166854858398437 0.027984619140625 -0.1614990234375 0.0446929931640625
-0.147430419921875 -0.0889739990234375 -0.20599365234375 -0.00563049316406253
-0.05072021484375 -0.1697998046875 -0.200820922851562 -0.124374389648438
0.14794921875 -0.121002197265625 -0.104965209960937 -0.260284423828125
0.210220336914062 0.0355377197265625 0.0375823974609375 -0.268417358398438
0.1319580078125 0.146041870117188 0.153900146484375 -0.177749633789063
0.121109008789063 0.197479248046875 -0.141433715820313 0.1043701171875
0.205215454101563 0.0500030517578125 -0.132354736328125 0.219345092773437
0.162994384765625 -0.10943603515625 0.03387451171875 0.29638671875
-0.00244140624999999 -0.168609619140625 0.172225952148438 0.222671508789063
-0.112113952636719 -0.0958099365234375 0.227310180664063 0.0644683837890625
-0.158889770507812 0.0212554931640625 0.171356201171875 -0.0525054931640625
-0.111343383789063 0.0727386474609375 0.08203125 -0.0834274291992188
-0.0975418090820313 0.056304931640625 0.0199661254882812 -0.0352783203125
-0.128578186035156 0.07403564453125 -0.0433616638183594 0.0154342651367188
-0.171142578125 0.013946533203125 -0.111259460449219 0.0127792358398437
-0.142044067382813 -0.107147216796875 -0.149383544921875 -0.0128173828125
-0.027252197265625 -0.178604125976563 -0.158706665039063 -0.1024169921875
0.167633056640625 -0.0986328125 -0.09112548828125 -0.228363037109375
0.204559326171875 0.0613861083984375 0.050750732421875 -0.245559692382813
0.1192626953125 0.154754638671875 0.167953491210938 -0.123016357421875
0.10430908203125 0.164825439453125 -0.125350952148437 0.157638549804687
0.158782958984375 0.0369873046875 -0.111831665039062 0.254470825195312
0.1231689453125 -0.0826034545898438 0.065673828125 0.313262939453125
-0.00228881835937499 -0.121452331542969 0.216110229492188 0.22650146484375
-0.085418701171875 -0.0666580200195312 0.266571044921875 0.0498809814453125
-0.123527526855469 0.0201797485351562 0.206207275390625 -0.0868072509765625
-0.0869216918945313 0.0554733276367187 0.106864929199219 -0.125022888183594
-0.0803375244140625 0.042327880859375 0.0439071655273437 -0.0782928466796875
-0.111923217773438 0.0556106567382812 -0.00710296630859376 -0.0255146026611328
-0.144012451171875 -0.00357055664062499 -0.0557861328125 -0.0103721618652344
-0.106971740722656 -0.106155395507813 -0.0953292846679688 -0.00821685791015625
0.00296020507812501 -0.149917602539063 -0.128189086914063 -0.07269287109375
0.15350341796875 -0.0510406494140625 -0.0909576416015625 -0.203125
0.159744262695312 0.076080322265625 0.0570831298828125 -0.23248291015625
0.0858383178710938 0.135177612304688 0.174484252929688 -0.0694427490234375
0.0692291259765625 0.111602783203125 -0.110763549804687 0.204498291015625
0.0938034057617188 0.027130126953125 -0.08282470703125 0.283233642578125
0.0792160034179688 -0.0437698364257812 0.100799560546875 0.313262939453125
0.00475311279296875 -0.0692329406738281 0.24920654296875 0.213241577148438
-0.0489311218261719 -0.0377426147460938 0.287139892578125 0.03009033203125
-0.0754318237304688 0.0123443603515625 0.223953247070313 -0.115341186523438
-0.0527610778808594 0.0294380187988281 0.121978759765625 -0.155181884765625
-0.0515060424804688 0.0224418640136719 0.0606536865234375 -0.110076904296875
-0.0761184692382813 0.0296249389648437 0.0236053466796875 -0.0548439025878906
-0.0913543701171875 -0.0128860473632813 -0.00802230834960938 -0.0220184326171875
-0.0574264526367187 -0.077880859375 -0.0585823059082031 0.0026702880859375
0.0210800170898438 -0.091217041015625 -0.115615844726562 -0.0489044189453125
0.102378845214844 -0.005126953125 -0.0965728759765625 -0.195419311523438
0.0892562866210938 0.0660171508789063 0.0630340576171875 -0.230224609375
0.0441436767578125 0.0892105102539062 0.173507690429688 -0.023406982421875
-0.00817680358886718 -0.0168781280517578 -0.18878173828125 0.01416015625
-0.0213108062744141 -0.0124969482421875 -0.0797882080078125 0.234344482421875
-0.0019979476928711 -0.0152263641357422 0.123992919921875 0.193115234375
-0.0140781402587891 -0.0019998550415039 0.124984741210938 0.0462875366210938
-0.000990867614746094 0.0164108276367188 0.0328617095947266 -0.0146465301513672
0.0225467681884766 0.009674072265625 -0.0277881622314453 0.0100116729736328
0.0262470245361328 -0.00995826721191406 -0.0513801574707031 0.0696182250976563
0.0177822113037109 -0.0159950256347656 -0.072296142578125 0.122802734375
0.0190143585205078 -0.00922012329101563 -0.1424560546875 0.149185180664063
0.00829029083251953 -0.00380229949951172 -0.237060546875 0.097412109375
0.00547981262207031 0.00163507461547852 -0.29595947265625 -0.00167846679687503
0.00100088119506836 0.00597524642944336 -0.267135620117188 -0.16925048828125
-0.0207614898681641 0.0073699951171875 -0.103912353515625 -0.33367919921875
-0.0407638549804688 -0.0247154235839844 0.030792236328125 -0.3104248046875
-0.0235671997070312 -0.0580787658691406 0.122314453125 -0.250564575195313
0.0318946838378906 0.0642471313476563 -0.183944702148437 -0.00122070312500003
0.059295654296875 0.0302467346191406 -0.091339111328125 0.217376708984375
0.0793380737304688 -0.0401458740234375 0.105072021484375 0.199752807617188
0.0045623779296875 -0.0770263671875 0.114814758300781 0.0619277954101562
-0.0428276062011719 -0.0430183410644531 0.0406455993652344 -0.00283050537109375
-0.0520973205566406 0.00915145874023437 -0.0218276977539063 0.0154571533203125
-0.0275154113769531 0.0236854553222656 -0.047943115234375 0.0659980773925781
-0.02032470703125 0.0105457305908203 -0.0684051513671875 0.119308471679688
-0.0252647399902344 0.0200958251953125 -0.136993408203125 0.150131225585938
-0.0440673828125 0.0108070373535156 -0.234451293945313 0.103836059570313
-0.0417251586914063 -0.0212783813476562 -0.292510986328125 0.011199951171875
-0.0192680358886719 -0.0428848266601562 -0.273086547851563 -0.152252197265625
0.0256156921386719 -0.0369033813476563 -0.12945556640625 -0.322296142578125
0.0397529602050781 -0.0138702392578125 0.0115966796875 -0.31640625
0.0302238464355469 0.00526809692382813 0.11822509765625 -0.265518188476563
0.0707855224609375 0.136466979980469 -0.1766357421875 -0.000915527343749993
0.136589050292969 0.0617446899414063 -0.105987548828125 0.193695068359375
0.148300170898437 -0.068603515625 0.069091796875 0.207122802734375
0.01824951171875 -0.14361572265625 0.103370666503906 0.0987625122070312
-0.0801544189453125 -0.0914764404296875 0.0685806274414062 0.0232276916503906
-0.117073059082031 0.00848388671874999 0.0116758346557617 0.0157890319824219
-0.0753936767578125 0.052520751953125 -0.0265884399414063 0.0446319580078125
-0.0578422546386719 0.0346755981445312 -0.0541763305664063 0.0966949462890625
-0.0671768188476563 0.0479965209960938 -0.123802185058594 0.135826110839844
-0.0952911376953125 0.024139404296875 -0.223159790039062 0.0980072021484375
-0.0884323120117187 -0.0418014526367188 -0.279342651367188 0.0159912109374999
-0.04095458984375 -0.091339111328125 -0.2659912109375 -0.140350341796875
0.0689239501953125 -0.0795211791992188 -0.137664794921875 -0.309326171875
0.116607666015625 -0.00318145751953125 0.00765991210937501 -0.311126708984375
0.0828323364257813 0.0647659301757813 0.123260498046875 -0.259246826171875
0.10345458984375 0.18768310546875 -0.168228149414063 0.01837158203125
0.196578979492187 0.072174072265625 -0.122787475585938 0.181076049804687
0.189605712890625 -0.100296020507813 0.03509521484375 0.228179931640625
0.0161285400390625 -0.187591552734375 0.104660034179688 0.1492919921875
-0.110931396484375 -0.117660522460938 0.115974426269531 0.0506744384765625
-0.160385131835937 0.0126953125 0.0643119812011719 0.0035400390625
-0.107017517089844 0.0730819702148438 0.0073561668395996 0.00763225555419922
-0.08685302734375 0.0525970458984375 -0.0325050354003906 0.0592498779296875
-0.100318908691406 0.0706939697265625 -0.104927062988281 0.105552673339844
-0.138481140136719 0.0341644287109375 -0.201690673828125 0.078765869140625
-0.128890991210938 -0.06298828125 -0.2525634765625 0.00975036621093746
-0.056121826171875 -0.137763977050781 -0.244415283203125 -0.133529663085938
0.111679077148437 -0.113960266113281 -0.129150390625 -0.290618896484375
0.177581787109375 0.0111541748046875 0.019012451171875 -0.296417236328125
0.120536804199219 0.115028381347656 0.13629150390625 -0.229324340820313
0.12591552734375 0.209274291992188 -0.15838623046875 0.0562744140625
0.22369384765625 0.064117431640625 -0.1348876953125 0.191802978515625
0.192642211914063 -0.121139526367188 0.0214691162109375 0.264816284179688
0.00370788574218749 -0.197357177734375 0.131866455078125 0.197723388671875
-0.125083923339844 -0.116317749023438 0.17559814453125 0.0666656494140625
-0.174697875976562 0.0207366943359375 0.12335205078125 -0.0217132568359375
-0.119125366210938 0.0819015502929688 0.046051025390625 -0.0385169982910156
-0.101554870605469 0.0606231689453125 -0.00717163085937501 0.0116643905639648
-0.122848510742188 0.081451416015625 -0.0776824951171875 0.0626754760742187
-0.167770385742188 0.0318756103515625 -0.164596557617188 0.0483551025390625
-0.153182983398438 -0.0868377685546875 -0.208709716796875 -0.00305175781250003
-0.05450439453125 -0.17279052734375 -0.204421997070312 -0.123123168945312
0.14990234375 -0.125503540039062 -0.1092529296875 -0.261917114257813
0.214157104492188 0.0331268310546875 0.0339202880859375 -0.273696899414063
0.135391235351563 0.148422241210938 0.153839111328125 -0.183746337890625
0.127716064453125 0.201507568359375 -0.14288330078125 0.107040405273438
0.20855712890625 0.0493927001953125 -0.131317138671875 0.224319458007813
0.16558837890625 -0.114486694335938 0.037872314453125 0.2984619140625
-0.005126953125 -0.171417236328125 0.177352905273438 0.225906372070313
-0.116256713867188 -0.0955123901367188 0.230667114257812 0.0633544921875
-0.159652709960938 0.02587890625 0.173126220703125 -0.0556182861328125
-0.1116943359375 0.07598876953125 0.080535888671875 -0.0865402221679688
-0.100700378417969 0.057525634765625 0.0184097290039062 -0.0372657775878906
-0.129066467285156 0.0761566162109375 -0.0442428588867188 0.0168914794921875
-0.172927856445313 0.0177764892578125 -0.113914489746094 0.0145111083984375
-0.147720336914063 -0.105728149414062 -0.151031494140625 -0.011474609375
-0.0311737060546875 -0.1822509765625 -0.160995483398438 -0.101394653320313
0.171279907226562 -0.1033935546875 -0.0944061279296875 -0.228591918945313
0.210052490234375 0.059356689453125 0.0471343994140625 -0.249603271484375
0.12200927734375 0.157501220703125 0.167617797851563 -0.127716064453125
0.109085083007812 0.166824340820313 -0.126327514648438 0.16168212890625
0.1624755859375 0.0365447998046875 -0.110519409179688 0.259719848632813
0.12506103515625 -0.0861434936523438 0.070831298828125 0.31536865234375
-0.00415802001953124 -0.123588562011719 0.221343994140625 0.229080200195313
-0.0877532958984375 -0.0670318603515625 0.271072387695313 0.047515869140625
-0.123214721679687 0.0232772827148437 0.207931518554688 -0.090484619140625
-0.0885772705078125 0.057281494140625 0.104133605957031 -0.127227783203125
-0.0836105346679688 0.0445785522460938 0.0410537719726562 -0.0809326171875
-0.11370849609375 0.0577850341796875 -0.00822639465332032 -0.0257415771484375
-0.146530151367188 -0.00115966796874997 -0.056671142578125 -0.0102310180664062
-0.111900329589844 -0.105613708496094 -0.0957107543945313 -0.00701141357421877
0.000854492187499993 -0.153366088867187 -0.129173278808594 -0.07257080078125
0.157882690429688 -0.05438232421875 -0.0948181152343749 -0.202072143554688
0.163436889648438 0.075836181640625 0.053375244140625 -0.235809326171875
0.0877761840820313 0.137603759765625 0.174667358398438 -0.07208251953125
0.0739212036132813 0.113868713378906 -0.110214233398438 0.209884643554688
0.095733642578125 0.027099609375 -0.080230712890625 0.288970947265625
0.08135986328125 -0.04608154296875 0.10662841796875 0.314239501953125
0.00411605834960938 -0.069580078125 0.2550048828125 0.214309692382812
-0.0501213073730469 -0.0371284484863281 0.290985107421875 0.027191162109375
-0.0755996704101562 0.0144271850585938 0.22412109375 -0.119430541992188
-0.0542755126953125 0.0308341979980469 0.118362426757813 -0.158645629882813
-0.053619384765625 0.0228614807128906 0.0579071044921875 -0.112464904785156
-0.0771942138671875 0.0296554565429688 0.0232467651367187 -0.0559921264648438
-0.0925750732421875 -0.0119781494140625 -0.00889968872070313 -0.0233516693115234
-0.060394287109375 -0.0784072875976563 -0.0575141906738281 0.00321960449218748
0.0202102661132812 -0.0935821533203125 -0.116302490234375 -0.046844482421875
0.105445861816406 -0.00670623779296875 -0.100479125976563 -0.194778442382812
0.0914306640625 0.0658645629882813 0.058074951171875 -0.233184814453125
0.045013427734375 0.0906906127929688 0.174545288085938 -0.025970458984375
-0.00848865509033203 -0.017333984375 -0.196014404296875 0.0154571533203125
-0.0219497680664063 -0.0113468170166016 -0.0738525390625 0.242919921875
-0.00274753570556641 -0.0160512924194336 0.135787963867187 0.19317626953125
-0.0154018402099609 -0.000751495361328126 0.130622863769531 0.044158935546875
-0.000642776489257814 0.0181846618652344 0.0315399169921875 -0.0142917633056641
0.0243244171142578 0.010406494140625 -0.0297660827636719 0.0136070251464844
0.0261268615722656 -0.0110301971435547 -0.0507965087890625 0.0744400024414063
0.0172653198242188 -0.0174789428710938 -0.0699462890625 0.128875732421875
0.0197067260742188 -0.0105628967285156 -0.14068603515625 0.159133911132813
0.00916957855224609 -0.00370502471923828 -0.243362426757813 0.108535766601562
0.00459623336791992 0.00348186492919922 -0.30621337890625 0.00711059570312498
0.000589847564697266 0.00594234466552734 -0.27972412109375 -0.166046142578125
-0.0216922760009766 0.00739669799804687 -0.116455078125 -0.343109130859375
-0.0424003601074219 -0.0245590209960938 0.024383544921875 -0.323211669921875
-0.0251998901367188 -0.0602149963378906 0.120819091796875 -0.265213012695312
0.0347442626953125 0.0676689147949219 -0.190933227539063 -0.000259399414062494
0.0630226135253906 0.0307884216308594 -0.0863037109375 0.224945068359375
0.0814208984375 -0.0443496704101563 0.115753173828125 0.2001953125
0.00252532958984376 -0.0796356201171875 0.120246887207031 0.0608444213867187
-0.046417236328125 -0.04150390625 0.0414314270019531 -0.00265884399414063
-0.0527267456054688 0.0115432739257812 -0.0222835540771484 0.0188331604003906
-0.02825927734375 0.0263614654541016 -0.0486831665039063 0.0701179504394531
-0.0233535766601563 0.0114631652832031 -0.0659637451171875 0.125
-0.0253467559814453 0.0209331512451172 -0.135269165039063 0.1610107421875
-0.0450401306152344 0.0121574401855469 -0.240402221679688 0.115753173828125
-0.0443344116210938 -0.0198020935058594 -0.302001953125 0.0207214355468749
-0.0217170715332031 -0.0450439453125 -0.285888671875 -0.149871826171875
0.0259780883789063 -0.0392608642578125 -0.141937255859375 -0.329620361328125
0.0411949157714844 -0.0149307250976563 0.00457763671874999 -0.32855224609375
0.0317401885986328 0.00558280944824219 0.117034912109375 -0.2822265625
0.0772247314453125 0.14129638671875 -0.18341064453125 0.000411987304687502
0.143692016601562 0.06219482421875 -0.102157592773438 0.201583862304688
0.153640747070312 -0.076629638671875 0.0777130126953125 0.2091064453125
0.0153045654296875 -0.148651123046875 0.108467102050781 0.100028991699219
-0.0867996215820313 -0.0918197631835937 0.0714950561523438 0.02362060546875
-0.120063781738281 0.0137786865234375 0.0128192901611328 0.0162143707275391
-0.0768890380859375 0.0578384399414062 -0.0265617370605469 0.0470962524414063
-0.0605354309082031 0.0378494262695313 -0.0526351928710937 0.101516723632813
-0.0673599243164062 0.0512275695800781 -0.12298583984375 0.145172119140625
-0.096435546875 0.0289993286132813 -0.228836059570312 0.109893798828125
-0.0935134887695313 -0.0392303466796875 -0.28802490234375 0.024932861328125
-0.0450897216796875 -0.0931015014648438 -0.279144287109375 -0.138427734375
0.0699310302734375 -0.0850906372070313 -0.150390625 -0.31597900390625
0.120925903320313 -0.0066375732421875 0.000366210937499981 -0.324493408203125
0.0863418579101563 0.0663223266601562 0.12200927734375 -0.275161743164063
0.11431884765625 0.19342041015625 -0.173873901367187 0.021209716796875
0.207015991210938 0.0706024169921875 -0.121292114257812 0.18853759765625
0.195114135742188 -0.110870361328125 0.0424957275390625 0.232833862304688
0.0112152099609375 -0.195068359375 0.112335205078125 0.153533935546875
-0.119552612304687 -0.118087768554688 0.121925354003906 0.0502548217773438
-0.164505004882813 0.019744873046875 0.0674362182617187 0.00231170654296875
-0.108924865722656 0.0794677734375 0.00759887695312499 0.00735473632812501
-0.0894927978515625 0.0578460693359375 -0.03240966796875 0.0617752075195313
-0.10260009765625 0.0747833251953125 -0.104461669921875 0.112709045410156
-0.140777587890625 0.0401611328125 -0.20697021484375 0.0896148681640625
-0.136116027832031 -0.060028076171875 -0.261154174804688 0.0178680419921875
-0.0621337890625 -0.1407470703125 -0.255172729492188 -0.131591796875
0.113319396972656 -0.12255859375 -0.139923095703125 -0.297210693359375
0.185272216796875 0.0060272216796875 0.011322021484375 -0.30877685546875
0.126998901367188 0.117637634277344 0.135910034179688 -0.244552612304688
0.138015747070312 0.21612548828125 -0.162521362304687 0.061492919921875
0.234451293945312 0.0611572265625 -0.133804321289063 0.200851440429688
0.19769287109375 -0.133071899414063 0.0284423828125 0.271453857421875
-0.00178527832031251 -0.204360961914062 0.141998291015625 0.203659057617188
-0.134078979492188 -0.117111206054687 0.183349609375 0.065032958984375
-0.178421020507812 0.028900146484375 0.127845764160156 -0.026031494140625
-0.120597839355469 0.0888595581054688 0.045257568359375 -0.0406608581542969
-0.105003356933594 0.0666961669921875 -0.00810241699218751 0.0127973556518555
-0.125511169433594 0.0874710083007813 -0.0779800415039063 0.067626953125
-0.172210693359375 0.0391082763671875 -0.170486450195313 0.0562744140625
-0.161483764648438 -0.0832977294921875 -0.215118408203125 0.00238037109374995
-0.0618743896484375 -0.177947998046875 -0.215057373046875 -0.121597290039063
0.154006958007813 -0.135726928710938 -0.120010375976563 -0.267181396484375
0.223480224609375 0.0286407470703125 0.0279541015625 -0.285369873046875
0.1435546875 0.15240478515625 0.154815673828125 -0.197097778320313
0.1387939453125 0.20733642578125 -0.145614624023438 0.11505126953125
0.21832275390625 0.045318603515625 -0.129837036132813 0.235000610351563
0.170333862304688 -0.125320434570313 0.04632568359375 0.306243896484375
-0.0102386474609375 -0.176467895507812 0.189102172851563 0.230865478515625
-0.123176574707031 -0.0948257446289063 0.24127197265625 0.0600128173828125
-0.162750244140625 0.0334320068359375 0.178466796875 -0.062744140625
-0.113029479980469 0.0827255249023438 0.0794143676757813 -0.0905838012695313
-0.10443115234375 0.0629425048828125 0.0166130065917969 -0.0385780334472656
-0.131767272949219 0.0825119018554687 -0.0446510314941406 0.0183601379394531
-0.178359985351562 0.024566650390625 -0.119255065917969 0.0195236206054687
-0.156814575195313 -0.1038818359375 -0.155441284179688 -0.00727844238281252
-0.0380706787109375 -0.189010620117188 -0.168212890625 -0.10125732421875
0.177230834960937 -0.112777709960937 -0.1036376953125 -0.232254028320313
0.220245361328125 0.0562286376953125 0.0413970947265625 -0.26025390625
0.12957763671875 0.16278076171875 0.170700073242187 -0.137680053710938
0.119125366210938 0.172134399414063 -0.127593994140625 0.172103881835938
0.169662475585938 0.033233642578125 -0.107757568359375 0.272735595703125
0.127555847167969 -0.0939483642578125 0.079986572265625 0.3228759765625
-0.007568359375 -0.127143859863281 0.234542846679688 0.231903076171875
-0.0927886962890625 -0.066162109375 0.2803955078125 0.0418701171875
-0.125495910644531 0.0297622680664063 0.211883544921875 -0.099609375
-0.0893325805664062 0.0625686645507813 0.102409362792969 -0.133827209472656
-0.087677001953125 0.0478897094726563 0.0385284423828125 -0.0849075317382812
-0.116500854492187 0.062896728515625 -0.00865936279296875 -0.0266189575195312
-0.152114868164063 0.00460815429687497 -0.0605659484863281 -0.0089263916015625
-0.120468139648438 -0.105010986328125 -0.0979080200195313 -0.00503540039062501
-0.00357055664062499 -0.160186767578125 -0.134498596191406 -0.0700607299804688
0.164657592773437 -0.061309814453125 -0.103103637695313 -0.204071044921875
0.17236328125 0.0738983154296875 0.047027587890625 -0.245269775390625
0.094085693359375 0.14263916015625 0.178421020507813 -0.0790863037109375
0.081634521484375 0.117225646972656 -0.110015869140625 0.222152709960938
0.100189208984375 0.0260391235351562 -0.07659912109375 0.3026123046875
0.0832748413085937 -0.0506820678710938 0.1177978515625 0.321685791015625
0.00296783447265626 -0.07147216796875 0.269638061523438 0.215652465820313
-0.0528678894042969 -0.0369720458984375 0.301483154296875 0.0196533203125
-0.0769805908203125 0.018798828125 0.227340698242188 -0.130142211914063
-0.0554275512695312 0.0337638854980469 0.115951538085938 -0.166793823242188
-0.0572700500488281 0.0251922607421875 0.0547714233398438 -0.118637084960938
-0.0792694091796875 0.0333251953125 0.0229110717773437 -0.0596504211425781
-0.0964126586914063 -0.00994873046875002 -0.0101108551025391 -0.0241184234619141
-0.0657424926757812 -0.0779953002929688 -0.05706787109375 0.00523757934570312
0.017974853515625 -0.0977783203125 -0.120185852050781 -0.0445556640625
0.110877990722656 -0.00962066650390625 -0.10986328125 -0.19671630859375
0.096588134765625 0.0660476684570313 0.0516204833984375 -0.24212646484375
0.047119140625 0.093780517578125 0.178726196289063 -0.02960205078125
-0.00916862487792969 -0.0167322158813477 -0.20220947265625 0.022674560546875
-0.0240631103515625 -0.00983428955078125 -0.060546875 0.253173828125
-0.00431060791015625 -0.0170078277587891 0.152069091796875 0.190109252929688
-0.0172214508056641 0.000775337219238282 0.136848449707031 0.03680419921875
0.000129699707031249 0.0191059112548828 0.030517578125 -0.0145492553710937
0.0268363952636719 0.0100421905517578 -0.0302410125732422 0.0179939270019531
0.0258808135986328 -0.0127372741699219 -0.0476455688476562 0.0803146362304688
0.0156803131103516 -0.0192470550537109 -0.0637054443359375 0.13702392578125
0.0192642211914063 -0.0136241912841797 -0.13568115234375 0.173614501953125
0.00966167449951172 -0.00360870361328125 -0.245513916015625 0.126449584960938
0.00519990921020508 0.00438690185546875 -0.31640625 0.0243225097656249
-9.82284545898435E-05 0.00603628158569336 -0.298736572265625 -0.156951904296875
-0.022064208984375 0.00772857666015625 -0.13897705078125 -0.348724365234375
-0.0454864501953125 -0.0242538452148437 0.00900268554687503 -0.338134765625
-0.0293045043945313 -0.0612602233886719 0.112579345703125 -0.285430908203125
0.04071044921875 0.0695266723632813 -0.198257446289063 0.00564575195312496
0.0665969848632813 0.0304756164550781 -0.075103759765625 0.235870361328125
0.0830535888671875 -0.0521621704101563 0.130966186523438 0.197708129882813
-0.00200653076171876 -0.0822677612304688 0.127410888671875 0.0554885864257812
-0.0506477355957031 -0.0406608581542969 0.0412979125976563 -0.00304031372070313
-0.0524520874023438 0.0163803100585938 -0.0216331481933594 0.0217418670654297
-0.0284366607666016 0.0291767120361328 -0.0457611083984375 0.07623291015625
-0.02459716796875 0.0137691497802734 -0.0599136352539063 0.133522033691406
-0.0255298614501953 0.0221748352050781 -0.129226684570313 0.174346923828125
-0.0447998046875 0.0164146423339844 -0.242584228515625 0.134552001953125
-0.0466041564941406 -0.0158805847167969 -0.3111572265625 0.0391845703125
-0.0262069702148437 -0.0453071594238281 -0.303558349609375 -0.137939453125
0.0247688293457031 -0.0428733825683594 -0.164276123046875 -0.334136962890625
0.041412353515625 -0.0178909301757813 -0.01251220703125 -0.3428955078125
0.0333099365234375 0.00441741943359375 0.106353759765625 -0.302398681640625
0.0890960693359375 0.145431518554688 -0.18927001953125 0.0065155029296875
0.152603149414063 0.05859375 -0.09283447265625 0.211105346679688
0.156356811523437 -0.0897369384765625 0.09283447265625 0.208847045898438
0.0074462890625 -0.154678344726562 0.11749267578125 0.0979080200195312
-0.095855712890625 -0.0903091430664063 0.074127197265625 0.0222320556640625
-0.122016906738281 0.0222091674804687 0.0149135589599609 0.016596794128418
-0.076171875 0.0652084350585938 -0.0245513916015625 0.0512580871582031
-0.0623130798339844 0.0434646606445312 -0.0477066040039063 0.108535766601562
-0.0666847229003906 0.0562286376953125 -0.11724853515625 0.156875610351563
-0.0966033935546875 0.0361175537109375 -0.23126220703125 0.127838134765625
-0.0984954833984375 -0.0336151123046875 -0.29693603515625 0.043304443359375
-0.0527267456054688 -0.0945358276367187 -0.295867919921875 -0.126739501953125
0.0679931640625 -0.0931167602539063 -0.172637939453125 -0.3187255859375
0.125129699707031 -0.013763427734375 -0.01715087890625 -0.337188720703125
0.093536376953125 0.065643310546875 0.111663818359375 -0.294830322265625
0.1307373046875 0.196151733398438 -0.17852783203125 0.0291900634765625
0.218612670898438 0.063201904296875 -0.114395141601563 0.199737548828125
0.197677612304688 -0.127883911132813 0.0556640625 0.236526489257813
0.00154113769531252 -0.202880859375 0.124252319335938 0.154296875
-0.130470275878906 -0.115409851074219 0.1282958984375 0.0472030639648437
-0.1673583984375 0.0308685302734375 0.0710983276367187 -0.002105712890625
-0.108146667480469 0.0895919799804687 0.0084543228149414 0.00924301147460938
-0.0912857055664063 0.0651473999023437 -0.0298004150390625 0.0664405822753906
-0.101806640625 0.0829315185546875 -0.100173950195312 0.122245788574219
-0.14263916015625 0.0494384765625 -0.210922241210938 0.1058349609375
-0.14398193359375 -0.0526275634765625 -0.268951416015625 0.0340118408203126
-0.073577880859375 -0.142227172851563 -0.27056884765625 -0.121231079101563
0.111679077148438 -0.134239196777344 -0.160888671875 -0.299041748046875
0.193252563476563 -0.0043487548828125 -0.00500488281249999 -0.322052001953125
0.137870788574219 0.116500854492188 0.127914428710938 -0.263671875
0.15576171875 0.218215942382813 -0.1654052734375 0.0708465576171875
0.246337890625 0.0514984130859375 -0.127365112304687 0.214553833007813
0.199310302734375 -0.15118408203125 0.0424346923828125 0.277206420898438
-0.01275634765625 -0.211563110351563 0.157806396484375 0.205276489257813
-0.146011352539062 -0.11309814453125 0.19366455078125 0.0578765869140625
-0.181915283203125 0.0400390625 0.132118225097656 -0.0343856811523438
-0.118759155273437 0.0998077392578125 0.0447921752929687 -0.0439033508300781
-0.107017517089844 0.0763931274414062 -0.00807476043701173 0.0139675140380859
-0.125686645507812 0.0974655151367188 -0.0759429931640625 0.0743560791015625
-0.174713134765625 0.0520477294921875 -0.175704956054687 0.0698394775390625
-0.172805786132813 -0.07550048828125 -0.222412109375 0.0157318115234375
-0.075225830078125 -0.1810302734375 -0.228118896484375 -0.114089965820313
0.154022216796875 -0.1507568359375 -0.13720703125 -0.269271850585938
0.234390258789063 0.01806640625 0.012969970703125 -0.298065185546875
0.156143188476563 0.151657104492188 0.149124145507813 -0.214065551757812
0.157028198242188 0.208709716796875 -0.145355224609375 0.126968383789063
0.228424072265625 0.035675048828125 -0.121536254882812 0.24945068359375
0.169952392578125 -0.140884399414063 0.06243896484375 0.313079833984375
-0.01971435546875 -0.18182373046875 0.208160400390625 0.230865478515625
-0.13372802734375 -0.0907516479492187 0.252914428710938 0.049560546875
-0.164535522460938 0.0443878173828125 0.181365966796875 -0.0751953125
-0.11163330078125 0.0923690795898438 0.0761795043945312 -0.0967788696289062
-0.1068115234375 0.0719833374023437 0.0137939453125 -0.0405120849609375
-0.132575988769531 0.0934066772460938 -0.0454483032226563 0.0214347839355469
-0.182083129882813 0.0369110107421875 -0.123947143554688 0.028656005859375
-0.169525146484375 -0.0970916748046875 -0.1607666015625 0.000900268554687464
-0.050048828125 -0.194122314453125 -0.177749633789063 -0.0952606201171875
0.180191040039063 -0.12725830078125 -0.118667602539062 -0.232986450195312
0.232009887695312 0.0476226806640625 0.027557373046875 -0.271240234375
0.14208984375 0.163543701171875 0.16802978515625 -0.153305053710938
0.134521484375 0.173568725585938 -0.123672485351562 0.18585205078125
0.177581787109375 0.026153564453125 -0.097747802734375 0.2889404296875
0.128021240234375 -0.105972290039062 0.09881591796875 0.329071044921875
-0.01397705078125 -0.130409240722656 0.255828857421875 0.228515625
-0.100425720214844 -0.0619888305664062 0.292388916015625 0.02801513671875
-0.126121520996094 0.0386276245117188 0.213638305664063 -0.115280151367188
-0.0888519287109375 0.0704421997070313 0.0969696044921875 -0.143356323242188
-0.0896224975585938 0.0556793212890625 0.0338973999023437 -0.0892333984375
-0.118095397949219 0.0712738037109375 -0.0108833312988281 -0.0274143218994141
-0.156753540039062 0.013702392578125 -0.0647048950195313 -0.00495529174804687
-0.131614685058594 -0.100982666015625 -0.099822998046875 0.000732421875000002
-0.0125885009765625 -0.167007446289063 -0.141036987304688 -0.0642242431640625
0.169830322265625 -0.0738983154296875 -0.117233276367187 -0.203262329101562
0.183563232421875 0.0687713623046875 0.0330352783203125 -0.256134033203125
0.103622436523437 0.145248413085938 0.180282592773438 -0.09222412109375
0.0929946899414063 0.118331909179688 -0.102981567382812 0.23809814453125
0.105491638183594 0.0225830078125 -0.062957763671875 0.318145751953125
0.0841293334960938 -0.0584640502929688 0.137481689453125 0.326202392578125
-0.000518798828124996 -0.0741195678710937 0.289886474609375 0.209503173828125
-0.0562286376953125 -0.0345458984375 0.311920166015625 0.004486083984375
-0.077392578125 0.02471923828125 0.227310180664063 -0.1468505859375
-0.05462646484375 0.0382461547851562 0.109054565429688 -0.177810668945313
-0.0594596862792969 0.0298309326171875 0.0482940673828125 -0.125099182128906
-0.0812149047851563 0.0380935668945312 0.019989013671875 -0.06304931640625
-0.100631713867187 -0.0044708251953125 -0.0128231048583984 -0.0246944427490234
-0.07275390625 -0.0764312744140625 -0.057220458984375 0.00870132446289063
0.0136260986328125 -0.102775573730469 -0.125114440917969 -0.038543701171875
0.116722106933594 -0.0158233642578125 -0.124649047851562 -0.194732666015625
0.103134155273438 0.0646591186523438 0.0377349853515625 -0.25323486328125
0.0528106689453125 0.095977783203125 0.183029174804688 -0.039398193359375
-0.00990390777587891 -0.016026496887207 -0.2042236328125 0.0331878662109375
-0.0249671936035156 -0.00754165649414062 -0.04229736328125 0.256927490234375
-0.00721549987792969 -0.0177459716796875 0.1676025390625 0.177398681640625
-0.0182037353515625 0.00230598449707032 0.140228271484375 0.0273513793945313
0.00183486938476563 0.0205707550048828 0.0286426544189453 -0.0144901275634766
0.0292377471923828 0.00892829895019531 -0.0295467376708984 0.0226593017578125
0.0250110626220703 -0.0147438049316406 -0.041259765625 0.08428955078125
0.0137691497802734 -0.0207290649414063 -0.0519256591796875 0.142837524414063
0.0181751251220703 -0.0159454345703125 -0.121810913085937 0.185501098632812
0.0101833343505859 -0.00431919097900391 -0.239120483398437 0.147674560546875
0.00577449798583984 0.00566911697387695 -0.317474365234375 0.048370361328125
-0.000628471374511719 0.00598526000976563 -0.31182861328125 -0.135986328125
-0.0213546752929688 0.00879669189453125 -0.163604736328125 -0.342529296875
-0.0475044250488281 -0.021209716796875 -0.01458740234375 -0.34381103515625
-0.0334892272949219 -0.0602035522460938 0.09417724609375 -0.300262451171875
0.0478172302246094 0.0692176818847656 -0.200332641601563 0.0160675048828125
0.0706329345703125 0.0277175903320312 -0.0585479736328125 0.240997314453125
0.079833984375 -0.0599136352539063 0.14617919921875 0.187973022460938
-0.00830078125 -0.082794189453125 0.131492614746094 0.0477981567382812
-0.05389404296875 -0.0368270874023438 0.0401344299316406 -0.00374603271484375
-0.0500907897949219 0.0209693908691406 -0.0197315216064453 0.0254154205322266
-0.0263996124267578 0.032196044921875 -0.040008544921875 0.0803909301757813
-0.0250358581542969 0.016571044921875 -0.0488662719726563 0.138832092285156
-0.0241069793701172 0.024139404296875 -0.115829467773438 0.185760498046875
-0.0431251525878906 0.01910400390625 -0.235580444335938 0.155181884765625
-0.0481338500976563 -0.0107955932617188 -0.311859130859375 0.0631103515625001
-0.0297126770019531 -0.0433692932128906 -0.315673828125 -0.117462158203125
0.0219345092773438 -0.0456504821777344 -0.188079833984375 -0.32562255859375
0.04144287109375 -0.021820068359375 -0.03631591796875 -0.348419189453125
0.0343227386474609 0.00214004516601563 0.087249755859375 -0.317962646484375
0.102081298828125 0.14337158203125 -0.192230224609375 0.017120361328125
0.159576416015625 0.0505828857421875 -0.077972412109375 0.218109130859375
0.15191650390625 -0.103118896484375 0.10687255859375 0.201263427734375
-0.00373840332031249 -0.157485961914063 0.125175476074219 0.0910263061523437
-0.103927612304688 -0.083740234375 0.0757827758789063 0.01873779296875
-0.119773864746094 0.0316085815429687 0.0171079635620117 0.0159769058227539
-0.0713119506835938 0.0716094970703125 -0.0212326049804688 0.0538520812988281
-0.0611991882324219 0.0493812561035156 -0.0392303466796875 0.113334655761719
-0.063995361328125 0.0616073608398437 -0.1051025390625 0.167327880859375
-0.0932998657226563 0.0437850952148438 -0.225357055664062 0.14898681640625
-0.101631164550781 -0.0251541137695312 -0.2967529296875 0.0660400390625
-0.06072998046875 -0.0910110473632813 -0.3076171875 -0.10595703125
0.0631179809570313 -0.0998764038085938 -0.195281982421875 -0.3092041015625
0.125511169433594 -0.0228729248046875 -0.041290283203125 -0.3424072265625
0.0990753173828125 0.0606613159179687 0.09259033203125 -0.309478759765625
0.14727783203125 0.19268798828125 -0.17950439453125 0.0398101806640625
0.226715087890625 0.050750732421875 -0.101211547851563 0.209381103515625
0.191436767578125 -0.14599609375 0.0712127685546875 0.232940673828125
-0.0126800537109375 -0.2052001953125 0.13739013671875 0.148529052734375
-0.140914916992188 -0.10699462890625 0.13311767578125 0.0397872924804688
-0.165008544921875 0.0435943603515625 0.0721664428710937 -0.0071868896484375
-0.101173400878906 0.0992202758789063 0.00914859771728515 0.00860786437988282
-0.08868408203125 0.0741958618164063 -0.024749755859375 0.0693740844726563
-0.0975189208984375 0.09130859375 -0.0911407470703125 0.131011962890625
-0.138519287109375 0.0614166259765625 -0.205825805664063 0.125625610351562
-0.149505615234375 -0.0410614013671875 -0.269454956054688 0.0550079345703125
-0.0850753784179687 -0.137939453125 -0.28179931640625 -0.102325439453125
0.104751586914063 -0.144210815429688 -0.18292236328125 -0.29022216796875
0.196029663085938 -0.01751708984375 -0.02874755859375 -0.32696533203125
0.14715576171875 0.110397338867188 0.109710693359375 -0.278884887695313
0.174880981445313 0.212478637695313 -0.162689208984375 0.081817626953125
0.25323486328125 0.03619384765625 -0.11395263671875 0.224746704101563
0.1904296875 -0.16900634765625 0.0605010986328125 0.275665283203125
-0.02752685546875 -0.213348388671875 0.174591064453125 0.198348999023438
-0.15582275390625 -0.1031494140625 0.199935913085937 0.0461578369140625
-0.1783447265625 0.054901123046875 0.132026672363281 -0.045074462890625
-0.112518310546875 0.1099853515625 0.0415496826171875 -0.0464096069335937
-0.103874206542969 0.0858306884765625 -0.00739383697509766 0.0151634216308594
-0.120460510253906 0.107574462890625 -0.0710220336914063 0.0816497802734375
-0.171401977539063 0.06536865234375 -0.173141479492188 0.0861663818359375
-0.180557250976563 -0.0623626708984375 -0.22308349609375 0.03314208984375
-0.0898590087890625 -0.177719116210937 -0.23797607421875 -0.098785400390625
0.146804809570313 -0.164413452148438 -0.156936645507812 -0.261184692382813
0.239364624023437 0.001129150390625 -0.00939941406249996 -0.302581787109375
0.167984008789062 0.145416259765625 0.135009765625 -0.22900390625
0.175430297851563 0.203109741210938 -0.139144897460938 0.137588500976562
0.2337646484375 0.0216217041015625 -0.1060791015625 0.260726928710938
0.16156005859375 -0.157058715820313 0.082427978515625 0.3114013671875
-0.03228759765625 -0.1824951171875 0.227020263671875 0.220108032226563
-0.141128540039063 -0.081390380859375 0.258071899414063 0.032501220703125
-0.160629272460938 0.0571441650390625 0.178482055664063 -0.089996337890625
-0.105621337890625 0.101966857910156 0.0692138671875 -0.102561950683594
-0.103843688964844 0.082366943359375 0.0103034973144531 -0.0410232543945312
-0.127784729003906 0.103965759277344 -0.0450363159179688 0.0251121520996094
-0.181259155273437 0.050750732421875 -0.124862670898438 0.040557861328125
-0.17889404296875 -0.08477783203125 -0.161483764648438 0.0125885009765625
-0.0658111572265625 -0.192962646484375 -0.185317993164062 -0.0833740234375
0.1754150390625 -0.143142700195313 -0.135467529296875 -0.225387573242188
0.23883056640625 0.031646728515625 0.0070343017578125 -0.27642822265625
0.154052734375 0.158355712890625 0.15887451171875 -0.16748046875
0.150222778320313 0.167434692382812 -0.11328125 0.197189331054688
0.180511474609375 0.0147857666015625 -0.078277587890625 0.29901123046875
0.121208190917969 -0.118194580078125 0.121246337890625 0.325103759765625
-0.0230865478515625 -0.131118774414063 0.275009155273438 0.215316772460938
-0.105621337890625 -0.0549850463867188 0.297149658203125 0.0074462890625
-0.122627258300781 0.0486297607421875 0.206649780273438 -0.13250732421875
-0.083160400390625 0.078155517578125 0.08734130859375 -0.150375366210938
-0.0881271362304687 0.0636367797851563 0.0263137817382812 -0.0910263061523438
-0.114967346191406 0.0814971923828125 -0.0135784149169922 -0.0271663665771484
-0.157546997070313 0.0259246826171875 -0.0676841735839844 0.000965118408203114
-0.140411376953125 -0.0910110473632812 -0.0987319946289063 0.0067138671875
-0.02484130859375 -0.168426513671875 -0.1453857421875 -0.055023193359375
0.169448852539063 -0.0880126953125 -0.131820678710938 -0.194427490234375
0.191421508789063 0.058013916015625 0.0134735107421875 -0.260345458984375
0.113067626953125 0.141326904296875 0.1741943359375 -0.105865478515625
0.10443115234375 0.113471984863281 -0.08868408203125 0.250106811523437
0.107620239257812 0.0159835815429687 -0.042236328125 0.32781982421875
0.0809173583984375 -0.065826416015625 0.160369873046875 0.319488525390625
-0.00493621826171875 -0.07537841796875 0.308013916015625 0.192138671875
-0.0591163635253906 -0.0296707153320313 0.314178466796875 -0.017242431640625
-0.0744171142578125 0.0309982299804687 0.217483520507813 -0.164443969726563
-0.0523529052734375 0.0424652099609375 0.09619140625 -0.186248779296875
-0.0593643188476563 0.0353851318359375 0.03778076171875 -0.128288269042969
-0.08056640625 0.0445556640625 0.0141258239746094 -0.0659103393554688
-0.10150146484375 0.00270843505859375 -0.0153427124023438 -0.0232295989990234
-0.079315185546875 -0.0710678100585938 -0.0544471740722656 0.0117340087890625
0.00689697265624999 -0.104827880859375 -0.127105712890625 -0.0288314819335938
0.120201110839844 -0.02447509765625 -0.13970947265625 -0.184844970703125
0.109748840332031 0.0590438842773437 0.01788330078125 -0.257049560546875
0.058837890625 0.0948562622070312 0.181869506835938 -0.051788330078125
-0.00940895080566407 -0.0147724151611328 -0.20086669921875 0.0414581298828125
-0.0247936248779297 -0.00472068786621094 -0.025848388671875 0.25286865234375
-0.00874423980712891 -0.0175580978393555 0.174880981445313 0.162353515625
-0.018341064453125 0.00422096252441407 0.138526916503906 0.018218994140625
0.00304603576660156 0.0211143493652344 0.0267219543457031 -0.0140933990478516
0.0312938690185547 0.00753211975097656 -0.0273227691650391 0.0264034271240234
0.0235500335693359 -0.0161705017089844 -0.0345916748046875 0.0859451293945313
0.0109291076660156 -0.0204372406005859 -0.040496826171875 0.142684936523437
0.0166311264038086 -0.0169687271118164 -0.106338500976562 0.18988037109375
0.0106668472290039 -0.00485515594482422 -0.224822998046875 0.161392211914062
0.00693893432617187 0.00640296936035156 -0.3087158203125 0.067901611328125
-0.000309944152832031 0.00637102127075195 -0.31280517578125 -0.114654541015625
-0.0212383270263672 0.00930404663085938 -0.180328369140625 -0.326690673828125
-0.0484161376953125 -0.0180816650390625 -0.034912109375 -0.339324951171875
-0.0364913940429688 -0.0573043823242187 0.074859619140625 -0.303985595703125
0.0531578063964844 0.0667686462402344 -0.197784423828125 0.024139404296875
0.0715560913085938 0.0242156982421875 -0.042327880859375 0.238388061523438
0.0742568969726563 -0.0638351440429688 0.154144287109375 0.1732177734375
-0.0132522583007813 -0.0814361572265625 0.131660461425781 0.03790283203125
-0.0553627014160156 -0.0325698852539062 0.0390625 -0.00455474853515625
-0.0470771789550781 0.0240974426269531 -0.0178070068359375 0.0266704559326172
-0.0239238739013672 0.0339870452880859 -0.0337295532226563 0.081085205078125
-0.0245285034179688 0.0183391571044922 -0.0377731323242187 0.138313293457031
-0.0227260589599609 0.0240898132324219 -0.0999603271484375 0.18988037109375
-0.0404548645019531 0.0217933654785156 -0.220977783203125 0.16973876953125
-0.047637939453125 -0.00624847412109376 -0.301513671875 0.0820922851562501
-0.0314865112304688 -0.0410614013671875 -0.3165283203125 -0.0959167480468749
0.0191154479980469 -0.0464134216308594 -0.204345703125 -0.3084716796875
0.0388412475585938 -0.0234794616699219 -0.05743408203125 -0.342315673828125
0.0344924926757813 0.00134468078613281 0.0667724609375 -0.32122802734375
0.111160278320313 0.136962890625 -0.189010620117188 0.0263214111328125
0.160797119140625 0.0421600341796875 -0.0641632080078125 0.216323852539063
0.143081665039063 -0.112319946289062 0.116470336914063 0.190139770507813
-0.01263427734375 -0.156234741210938 0.127700805664063 0.0822906494140625
-0.107192993164062 -0.0761032104492188 0.075714111328125 0.0149154663085937
-0.113792419433594 0.038330078125 0.0183792114257812 0.0153369903564453
-0.0656051635742188 0.0759201049804687 -0.0172042846679687 0.0544281005859375
-0.0579147338867187 0.0531196594238281 -0.0302658081054688 0.113334655761719
-0.0600509643554687 0.0630683898925781 -0.0913848876953125 0.170913696289063
-0.0880661010742188 0.0479507446289062 -0.211746215820312 0.163253784179688
-0.101165771484375 -0.0169830322265625 -0.286041259765625 0.084564208984375
-0.06549072265625 -0.0855636596679688 -0.3067626953125 -0.085479736328125
0.0561447143554687 -0.102577209472656 -0.210540771484375 -0.292938232421875
0.122184753417969 -0.0301437377929687 -0.062744140625 -0.335479736328125
0.100738525390625 0.0566482543945313 0.071258544921875 -0.313323974609375
0.158355712890625 0.182968139648438 -0.175949096679688 0.0478057861328125
0.227371215820313 0.0381927490234375 -0.0874176025390625 0.209823608398438
0.179229736328125 -0.1558837890625 0.082366943359375 0.223907470703125
-0.0244293212890625 -0.202713012695313 0.1429443359375 0.139434814453125
-0.145858764648438 -0.0958099365234375 0.132347106933594 0.0325164794921875
-0.156982421875 0.052703857421875 0.071533203125 -0.0116729736328125
-0.0931243896484375 0.104164123535156 0.0103311538696289 0.00846004486083985
-0.0831146240234375 0.0794296264648438 -0.0180206298828125 0.0699653625488281
-0.0907821655273438 0.0951995849609375 -0.0809173583984375 0.13433837890625
-0.130714416503906 0.0689315795898437 -0.194427490234375 0.139602661132813
-0.149642944335938 -0.029571533203125 -0.260543823242188 0.0708465576171875
-0.0922164916992188 -0.130348205566406 -0.28302001953125 -0.0839538574218751
0.0951690673828125 -0.149978637695313 -0.195663452148437 -0.2742919921875
0.191970825195313 -0.0289306640625 -0.0487060546875 -0.321014404296875
0.151275634765625 0.1024169921875 0.09039306640625 -0.282196044921875
0.185928344726563 0.20098876953125 -0.155929565429688 0.08935546875
0.252395629882813 0.0216522216796875 -0.0994110107421875 0.227081298828125
0.176666259765625 -0.17816162109375 0.0738983154296875 0.268020629882813
-0.0394134521484375 -0.208755493164063 0.1842041015625 0.186874389648438
-0.158798217773438 -0.0915985107421875 0.199493408203125 0.033843994140625
-0.16912841796875 0.064239501953125 0.125877380371094 -0.0528564453125
-0.102897644042969 0.115005493164063 0.0381507873535156 -0.0482749938964844
-0.0985260009765625 0.0915756225585938 -0.00530338287353516 0.0156993865966797
-0.11175537109375 0.113121032714844 -0.0647048950195312 0.0846633911132813
-0.163528442382813 0.07568359375 -0.16485595703125 0.0997772216796875
-0.18145751953125 -0.048126220703125 -0.21612548828125 0.045989990234375
-0.0993804931640625 -0.16900634765625 -0.237945556640625 -0.083221435546875
0.135299682617188 -0.171920776367188 -0.16815185546875 -0.246429443359375
0.236434936523438 -0.0135040283203125 -0.028594970703125 -0.2967529296875
0.17364501953125 0.136260986328125 0.117538452148438 -0.234893798828125
0.186721801757813 0.190078735351563 -0.129486083984375 0.143478393554688
0.231399536132813 0.008514404296875 -0.0901336669921875 0.262802124023438
0.148162841796875 -0.16497802734375 0.0981750488281251 0.3017578125
-0.0419464111328125 -0.178009033203125 0.237152099609375 0.204757690429688
-0.143463134765625 -0.07073974609375 0.2554931640625 0.0169830322265625
-0.151840209960937 0.0657501220703125 0.1688232421875 -0.10015869140625
-0.0963897705078125 0.106666564941406 0.0613784790039063 -0.104263305664063
-0.0988388061523438 0.0881500244140625 0.00757980346679687 -0.0402259826660156
-0.119911193847656 0.110328674316406 -0.0426750183105469 0.0278244018554688
-0.174774169921875 0.0615692138671875 -0.121177673339844 0.050323486328125
-0.181182861328125 -0.070831298828125 -0.156356811523438 0.022796630859375
-0.0761260986328125 -0.186477661132813 -0.186050415039063 -0.0710601806640625
0.16680908203125 -0.15289306640625 -0.1456298828125 -0.212081909179688
0.237838745117187 0.0181427001953125 -0.0113372802734375 -0.271987915039063
0.160232543945312 0.1495361328125 0.145050048828125 -0.175094604492188
0.159530639648438 0.156875610351563 -0.100326538085937 0.201431274414063
0.178512573242188 0.0052642822265625 -0.060394287109375 0.299072265625
0.111618041992188 -0.123695373535156 0.136871337890625 0.313446044921875
-0.029876708984375 -0.128150939941406 0.28436279296875 0.196533203125
-0.106658935546875 -0.04736328125 0.292510986328125 -0.00982666015625
-0.11553955078125 0.0548553466796875 0.193801879882813 -0.142120361328125
-0.076202392578125 0.0812835693359375 0.0756988525390625 -0.152374267578125
-0.0841827392578125 0.069732666015625 0.0196762084960937 -0.0909423828125
-0.108383178710938 0.0873870849609375 -0.0163459777832031 -0.0263442993164062
-0.153411865234375 0.0357666015625 -0.0664558410644531 0.00791931152343751
-0.144439697265625 -0.08087158203125 -0.0952301025390625 0.012481689453125
-0.03460693359375 -0.1656494140625 -0.14361572265625 -0.0450286865234375
0.163894653320313 -0.0972442626953125 -0.1409912109375 -0.18212890625
0.192214965820312 0.046722412109375 -0.00422668457031251 -0.255126953125
0.119087219238281 0.135902404785156 0.164443969726563 -0.11358642578125
0.111282348632813 0.10601806640625 -0.0734710693359375 0.251876831054687
0.105941772460937 0.0105361938476563 -0.022308349609375 0.3258056640625
0.0747604370117188 -0.0703659057617188 0.174591064453125 0.30609130859375
-0.0094146728515625 -0.0742263793945313 0.31451416015625 0.172210693359375
-0.0591964721679688 -0.0251579284667969 0.306854248046875 -0.0360107421875
-0.0690078735351563 0.0349235534667969 0.202346801757812 -0.174530029296875
-0.0482101440429687 0.0454559326171875 0.081939697265625 -0.187164306640625
-0.0575065612792969 0.0395698547363281 0.0286102294921875 -0.127609252929688
-0.07745361328125 0.0483856201171875 0.00971603393554687 -0.0654830932617187
-0.100540161132813 0.00914764404296873 -0.017578125 -0.0202369689941406
-0.0817947387695313 -0.0648956298828125 -0.0505638122558594 0.0141944885253906
0.000572204589843754 -0.104042053222656 -0.124427795410156 -0.019775390625
0.118865966796875 -0.0326995849609375 -0.14849853515625 -0.171478271484375
0.111503601074219 0.0529098510742188 9.15527343750242E-05 -0.252212524414062
0.0621414184570313 0.0926055908203125 0.174957275390625 -0.060791015625
-0.00825881958007813 -0.0141286849975586 -0.196853637695313 0.043792724609375
-0.0234718322753906 -0.00333786010742187 -0.018157958984375 0.245819091796875
-0.0104207992553711 -0.0173053741455078 0.173599243164063 0.150924682617188
-0.0193004608154297 0.00628089904785156 0.134040832519531 0.0130844116210938
0.00471115112304688 0.0204238891601563 0.0255470275878906 -0.0123367309570313
0.0321445465087891 0.0062713623046875 -0.0253562927246094 0.0281772613525391
0.0227680206298828 -0.0160293579101563 -0.0320587158203125 0.0844650268554688
0.00934791564941406 -0.0198383331298828 -0.033599853515625 0.139183044433594
0.0150861740112305 -0.0174722671508789 -0.09600830078125 0.188323974609375
0.0103616714477539 -0.00473403930664063 -0.212234497070312 0.165771484375
0.00814533233642578 0.00655174255371094 -0.297943115234375 0.0764465332031251
-0.000736713409423829 0.00672292709350586 -0.307342529296875 -0.102386474609375
-0.0211105346679688 0.00911903381347656 -0.1844482421875 -0.31463623046875
-0.0486297607421875 -0.0160560607910156 -0.04376220703125 -0.33062744140625
-0.0360183715820313 -0.0547142028808594 0.06402587890625 -0.3017578125
0.0557174682617188 0.0649642944335938 -0.194580078125 0.02685546875
0.0726394653320313 0.022705078125 -0.034332275390625 0.23150634765625
0.0693016052246094 -0.0651473999023437 0.153564453125 0.16217041015625
-0.0164718627929688 -0.0796737670898438 0.128639221191406 0.0335845947265625
-0.054840087890625 -0.0296592712402344 0.0366935729980469 -0.00372695922851563
-0.043609619140625 0.0244102478027344 -0.0167198181152344 0.0270938873291016
-0.0216808319091797 0.0335216522216797 -0.0306777954101563 0.0806961059570313
-0.0237483978271484 0.0186023712158203 -0.030303955078125 0.135665893554687
-0.0224494934082031 0.0232028961181641 -0.089935302734375 0.187347412109375
-0.0379257202148438 0.0220222473144531 -0.208541870117187 0.174545288085937
-0.0454063415527344 -0.00362396240234376 -0.29010009765625 0.090789794921875
-0.0327377319335938 -0.0382041931152344 -0.308746337890625 -0.084991455078125
0.0166358947753906 -0.0474014282226562 -0.20782470703125 -0.29632568359375
0.0372543334960938 -0.0251197814941406 -0.066802978515625 -0.332611083984375
0.0339183807373047 0.000932693481445313 0.054718017578125 -0.316680908203125
0.114227294921875 0.132537841796875 -0.185317993164063 0.0281829833984375
0.159957885742187 0.0386199951171875 -0.0559539794921875 0.211868286132813
0.13690185546875 -0.113998413085937 0.117202758789063 0.1806640625
-0.017059326171875 -0.152069091796875 0.127708435058594 0.0771331787109375
-0.107345581054688 -0.0710372924804687 0.0744247436523438 0.013824462890625
-0.108901977539063 0.040283203125 0.0183353424072266 0.0150032043457031
-0.061004638671875 0.0755081176757813 -0.0146102905273438 0.0541114807128906
-0.0553932189941406 0.0547828674316406 -0.0240249633789063 0.110565185546875
-0.0571022033691406 0.0634346008300781 -0.0821990966796875 0.168426513671875
-0.083282470703125 0.0493087768554688 -0.199386596679688 0.168045043945313
-0.0980758666992188 -0.0119552612304688 -0.275436401367188 0.0913848876953125
-0.0668411254882813 -0.0816574096679688 -0.300445556640625 -0.07550048828125
0.052337646484375 -0.102836608886719 -0.212478637695313 -0.279632568359375
0.118003845214844 -0.0330734252929688 -0.07122802734375 -0.3267822265625
0.100357055664063 0.053131103515625 0.05938720703125 -0.30853271484375
0.1624755859375 0.17535400390625 -0.170547485351563 0.050750732421875
0.223892211914063 0.0321044921875 -0.07928466796875 0.204971313476563
0.170974731445313 -0.1585693359375 0.0847625732421875 0.215255737304688
-0.030517578125 -0.198272705078125 0.144073486328125 0.132644653320313
-0.145126342773438 -0.089263916015625 0.130722045898438 0.0293121337890625
-0.150344848632813 0.0566864013671875 0.06878662109375 -0.013916015625
-0.0858230590820313 0.104728698730469 0.00938987731933593 0.00736808776855469
-0.0796127319335938 0.081085205078125 -0.0147285461425781 0.0686073303222656
-0.08624267578125 0.096588134765625 -0.0736846923828125 0.13336181640625
-0.124549865722656 0.0716094970703125 -0.184463500976563 0.145401000976563
-0.146087646484375 -0.02374267578125 -0.249801635742187 0.0774688720703125
-0.0939178466796875 -0.1240234375 -0.277328491210938 -0.0740966796875
0.08905029296875 -0.149993896484375 -0.1982421875 -0.26190185546875
0.186813354492188 -0.0345611572265625 -0.0596923828125 -0.3128662109375
0.150283813476563 0.097564697265625 0.0779571533203126 -0.280349731445313
0.189865112304688 0.192047119140625 -0.151626586914063 0.090606689453125
0.247222900390625 0.0153350830078125 -0.0911712646484375 0.223175048828125
0.167999267578125 -0.179840087890625 0.077056884765625 0.259552001953125
-0.045013427734375 -0.20379638671875 0.185562133789063 0.177444458007813
-0.1578369140625 -0.0839080810546875 0.195388793945313 0.0284881591796875
-0.16162109375 0.067291259765625 0.120277404785156 -0.0562744140625
-0.09564208984375 0.115074157714844 0.0355224609375 -0.0479774475097656
-0.0934982299804688 0.0936813354492188 -0.00462818145751954 0.0157308578491211
-0.106651306152344 0.114433288574219 -0.0603485107421875 0.0853424072265625
-0.156753540039063 0.078857421875 -0.157073974609375 0.105621337890625
-0.177597045898437 -0.0408172607421875 -0.208587646484375 0.0506134033203125
-0.102676391601563 -0.162612915039063 -0.234039306640625 -0.0742645263671875
0.128753662109375 -0.174346923828125 -0.170700073242187 -0.237075805664063
0.231063842773438 -0.0199432373046875 -0.03759765625 -0.289093017578125
0.172821044921875 0.130386352539063 0.106597900390625 -0.233367919921875
0.189285278320313 0.1812744140625 -0.124160766601563 0.144119262695313
0.225479125976563 0.003082275390625 -0.080902099609375 0.2589111328125
0.13958740234375 -0.165496826171875 0.102203369140625 0.2923583984375
-0.0464019775390625 -0.17236328125 0.238677978515625 0.194076538085938
-0.141815185546875 -0.063812255859375 0.249435424804688 0.0100860595703125
-0.144378662109375 0.06805419921875 0.161026000976563 -0.103118896484375
-0.0897140502929688 0.106948852539063 0.0559463500976563 -0.10357666015625
-0.094512939453125 0.0900497436523437 0.00642395019531249 -0.0384445190429687
-0.114959716796875 0.112129211425781 -0.04150390625 0.0290908813476563
-0.16796875 0.06646728515625 -0.115646362304688 0.0566864013671875
-0.179336547851563 -0.06280517578125 -0.150680541992188 0.0254974365234375
-0.0806427001953125 -0.180953979492188 -0.181549072265625 -0.06414794921875
0.159286499023438 -0.156524658203125 -0.147140502929688 -0.20233154296875
0.23382568359375 0.0108489990234375 -0.020782470703125 -0.264602661132813
0.159912109375 0.1444091796875 0.135086059570313 -0.174896240234375
0.162200927734375 0.148895263671875 -0.093505859375 0.199722290039063
0.17315673828125 0.00146484375 -0.051300048828125 0.294158935546875
0.104438781738281 -0.124008178710938 0.1397705078125 0.3035888671875
-0.0327377319335938 -0.124595642089844 0.2840576171875 0.184539794921875
-0.104354858398437 -0.0420608520507813 0.283050537109375 -0.017333984375
-0.10888671875 0.0577316284179688 0.183197021484375 -0.143508911132813
-0.0720748901367187 0.0815963745117188 0.0677032470703125 -0.150497436523438
-0.0809326171875 0.0716400146484375 0.0162734985351562 -0.087799072265625
-0.105018615722656 0.089508056640625 -0.0167407989501953 -0.0237560272216797
-0.149017333984375 0.039947509765625 -0.0648994445800782 0.011962890625
-0.143234252929688 -0.0736846923828125 -0.0914077758789063 0.0139541625976562
-0.038482666015625 -0.161209106445313 -0.139945983886719 -0.0406265258789063
0.159683227539063 -0.10260009765625 -0.141403198242187 -0.171905517578125
0.189987182617187 0.0406494140625 -0.0139007568359375 -0.247344970703125
0.119354248046875 0.132980346679688 0.156631469726563 -0.114898681640625
0.112709045410156 0.0997695922851563 -0.065765380859375 0.250045776367188
0.103744506835938 0.00848388671875 -0.012847900390625 0.319976806640625
0.0698089599609375 -0.0706787109375 0.1771240234375 0.294219970703125
-0.0110931396484375 -0.0722808837890625 0.313568115234375 0.160064697265625
-0.0581893920898438 -0.0227508544921875 0.297576904296875 -0.0440673828125
-0.0647392272949219 0.0354499816894531 0.19073486328125 -0.175567626953125
-0.0456428527832031 0.0457420349121094 0.0726470947265625 -0.183883666992188
-0.05560302734375 0.0418167114257813 0.0227584838867188 -0.124526977539063
-0.0753402709960938 0.0506591796875 0.00548171997070312 -0.0642013549804688
-0.0987167358398438 0.0119552612304687 -0.0171279907226563 -0.0184783935546875
-0.0817718505859375 -0.0610427856445313 -0.0471343994140625 0.0136070251464844
-0.00237274169921875 -0.10235595703125 -0.119361877441406 -0.0157699584960938
0.117088317871094 -0.0364837646484375 -0.149627685546875 -0.161300659179688
0.110885620117188 0.0489425659179688 -0.010040283203125 -0.2440185546875
0.0620651245117188 0.0908584594726563 0.169097900390625 -0.0625
-0.00694370269775391 -0.0155868530273438 -0.19805908203125 0.04193115234375
-0.0219306945800781 -0.003173828125 -0.0169830322265625 0.241714477539063
-0.0113792419433594 -0.0170249938964844 0.171951293945312 0.147201538085938
-0.0202217102050781 0.00681877136230469 0.132827758789063 0.0108108520507813
0.00483322143554687 0.0213165283203125 0.024505615234375 -0.00976371765136719
0.0342197418212891 0.00439453125 -0.0241737365722656 0.0292606353759766
0.0231723785400391 -0.0156669616699219 -0.0304946899414063 0.0836944580078125
0.00872230529785156 -0.0185813903808594 -0.0301513671875 0.137466430664063
0.0137805938720703 -0.017791748046875 -0.0913848876953125 0.186676025390625
0.0105209350585938 -0.00548553466796875 -0.207534790039063 0.167373657226563
0.00846529006958008 0.00696992874145508 -0.293792724609375 0.0780029296875001
-0.00118637084960938 0.00625944137573242 -0.303863525390625 -0.100677490234375
-0.0214939117431641 0.00802230834960938 -0.18414306640625 -0.312408447265625
-0.0486297607421875 -0.0158805847167969 -0.046234130859375 -0.3297119140625
-0.0359306335449219 -0.0553817749023438 0.061492919921875 -0.30194091796875
0.0566978454589844 0.0646629333496094 -0.19525146484375 0.0249481201171875
0.072662353515625 0.02392578125 -0.033721923828125 0.227081298828125
0.0688591003417969 -0.0656547546386719 0.151992797851563 0.158706665039063
-0.0177230834960938 -0.0787277221679688 0.127517700195313 0.0312957763671875
-0.0550880432128906 -0.029022216796875 0.0372047424316406 -0.0019378662109375
-0.0411758422851563 0.0236892700195313 -0.0163536071777344 0.0294837951660156
-0.0206546783447266 0.0339069366455078 -0.0301895141601563 0.0805816650390625
-0.0243129730224609 0.0196418762207031 -0.0281448364257813 0.133209228515625
-0.0231876373291016 0.0238780975341797 -0.0856475830078125 0.185867309570313
-0.0366630554199219 0.0219039916992188 -0.203628540039062 0.176132202148438
-0.0449562072753906 -0.0025634765625 -0.286102294921875 0.0909729003906249
-0.0337905883789063 -0.0375022888183594 -0.30615234375 -0.082733154296875
0.0159034729003906 -0.0482330322265625 -0.20660400390625 -0.29327392578125
0.0369033813476563 -0.0255050659179688 -0.0689697265625 -0.331878662109375
0.0337886810302734 0.000802993774414062 0.05157470703125 -0.317352294921875
0.116439819335938 0.131187438964844 -0.185455322265625 0.0272674560546875
0.16070556640625 0.0391693115234375 -0.05462646484375 0.208755493164063
0.135818481445313 -0.11395263671875 0.11614990234375 0.177658081054688
-0.019500732421875 -0.15301513671875 0.125953674316406 0.076202392578125
-0.10723876953125 -0.0692138671875 0.0729293823242187 0.0153579711914062
-0.106666564941406 0.039947509765625 0.0171146392822266 0.0148611068725586
-0.0588302612304688 0.0760040283203125 -0.0143699645996094 0.0528373718261719
-0.0556373596191406 0.0554084777832031 -0.0226211547851562 0.108680725097656
-0.0568580627441406 0.0638885498046875 -0.0792694091796875 0.168228149414063
-0.082183837890625 0.0498504638671875 -0.19439697265625 0.171249389648437
-0.0968780517578125 -0.01123046875 -0.272018432617187 0.09295654296875
-0.066925048828125 -0.0802001953125 -0.297882080078125 -0.0730285644531249
0.0508575439453125 -0.103668212890625 -0.212020874023438 -0.277328491210938
0.117805480957031 -0.0339736938476563 -0.07427978515625 -0.325531005859375
0.100189208984375 0.0538864135742188 0.056549072265625 -0.3089599609375
0.163772583007813 0.17401123046875 -0.17095947265625 0.049072265625
0.222854614257813 0.032470703125 -0.0778961181640625 0.202865600585938
0.1688232421875 -0.15875244140625 0.083984375 0.21270751953125
-0.0316314697265625 -0.19775390625 0.144515991210938 0.130905151367188
-0.14501953125 -0.0883026123046875 0.13006591796875 0.0290756225585937
-0.148193359375 0.0556793212890625 0.0672683715820312 -0.0139083862304687
-0.0844268798828125 0.1046142578125 0.00848770141601562 0.00775146484375001
-0.0795516967773438 0.0814056396484375 -0.0137062072753906 0.0672264099121094
-0.0856704711914063 0.096038818359375 -0.0708999633789062 0.134140014648438
-0.121986389160156 0.071502685546875 -0.178955078125 0.148361206054687
-0.144210815429688 -0.021453857421875 -0.24725341796875 0.07928466796875
-0.0946121215820313 -0.122772216796875 -0.273880004882813 -0.0724029541015625
0.0879669189453125 -0.151840209960938 -0.197967529296875 -0.259490966796875
0.185211181640625 -0.035125732421875 -0.061737060546875 -0.310302734375
0.149444580078125 0.0980987548828125 0.0755462646484375 -0.278518676757813
0.190750122070313 0.189910888671875 -0.1507568359375 0.090301513671875
0.24560546875 0.015411376953125 -0.0898895263671875 0.222366333007813
0.164443969726563 -0.179672241210938 0.0766448974609375 0.256866455078125
-0.0462799072265625 -0.202667236328125 0.1854248046875 0.176010131835938
-0.157699584960938 -0.081787109375 0.194320678710938 0.0283203125
-0.157669067382813 0.0672149658203125 0.118431091308594 -0.05609130859375
-0.0930404663085938 0.11480712890625 0.033355712890625 -0.0477066040039062
-0.0930709838867188 0.0940933227539062 -0.00416183471679688 0.0145845413208008
-0.106376647949219 0.1148681640625 -0.0584945678710938 0.0856704711914063
-0.154083251953125 0.0797271728515625 -0.153152465820313 0.109222412109375
-0.17681884765625 -0.0385589599609375 -0.205917358398438 0.0526580810546875
-0.103302001953125 -0.161666870117188 -0.231674194335938 -0.0740966796875
0.12744140625 -0.17547607421875 -0.169815063476563 -0.234222412109375
0.230117797851562 -0.0215301513671875 -0.040802001953125 -0.287200927734375
0.171585083007813 0.131423950195313 0.103057861328125 -0.231887817382812
0.189926147460938 0.179458618164063 -0.124237060546875 0.143600463867188
0.22418212890625 0.0040435791015625 -0.0799560546875 0.257034301757812
0.136749267578125 -0.164947509765625 0.10101318359375 0.2899169921875
-0.0477752685546875 -0.172286987304688 0.238418579101563 0.19189453125
-0.140266418457031 -0.0624923706054687 0.247634887695313 0.0096435546875
-0.140899658203125 0.0672149658203125 0.157546997070313 -0.102935791015625
-0.0872726440429688 0.10595703125 0.0534591674804687 -0.102432250976563
-0.0938644409179687 0.090911865234375 0.00500106811523437 -0.0384063720703125
-0.1138916015625 0.11273193359375 -0.0410232543945313 0.0306053161621094
-0.166107177734375 0.0681610107421875 -0.113471984863281 0.0601348876953125
-0.178604125976563 -0.060272216796875 -0.149383544921875 0.0265350341796875
-0.0810699462890625 -0.179580688476563 -0.179473876953125 -0.0644989013671876
0.159271240234375 -0.15936279296875 -0.146102905273437 -0.200164794921875
0.232955932617188 0.009368896484375 -0.0243682861328125 -0.261962890625
0.159652709960937 0.145950317382812 0.131439208984375 -0.174209594726563
0.163375854492188 0.146408081054688 -0.0939178466796875 0.199005126953125
0.171905517578125 0.00201416015625 -0.049774169921875 0.2926025390625
0.1014404296875 -0.123466491699219 0.139892578125 0.30096435546875
-0.03369140625 -0.123741149902344 0.283416748046875 0.182525634765625
-0.103195190429687 -0.0407791137695312 0.28070068359375 -0.0187225341796875
-0.106361389160156 0.0553817749023438 0.1788330078125 -0.143783569335937
-0.0691299438476562 0.0817718505859375 0.0654449462890625 -0.147720336914063
-0.0804672241210937 0.0723114013671875 0.013580322265625 -0.08636474609375
-0.104415893554688 0.0904922485351563 -0.0178165435791016 -0.0226478576660156
-0.14764404296875 0.04083251953125 -0.0632896423339844 0.0149726867675781
-0.143646240234375 -0.0721435546875 -0.0892562866210938 0.0136566162109375
-0.0393829345703125 -0.160491943359375 -0.137092590332031 -0.0400161743164062
0.159637451171875 -0.104522705078125 -0.14080810546875 -0.168350219726563
0.190109252929688 0.04034423828125 -0.017486572265625 -0.244979858398438
0.118759155273437 0.133773803710937 0.153472900390625 -0.114990234375
0.113723754882812 0.0978775024414062 -0.0651702880859375 0.248611450195312
0.102668762207031 0.00893402099609375 -0.0111083984375 0.318115234375
0.06793212890625 -0.0699386596679688 0.176422119140625 0.2923583984375
-0.0116195678710937 -0.0721969604492188 0.311767578125 0.157135009765625
-0.0569343566894531 -0.0217781066894531 0.29425048828125 -0.04400634765625
-0.0624923706054688 0.0348739624023437 0.186019897460938 -0.1748046875
-0.0443687438964844 0.0446739196777344 0.069488525390625 -0.182464599609375
-0.0563430786132813 0.0424461364746094 0.0202789306640625 -0.122779846191406
-0.0758209228515625 0.0511322021484375 0.00391387939453125 -0.0626869201660156
-0.0971145629882813 0.0122833251953125 -0.0167512893676758 -0.016326904296875
-0.0819854736328125 -0.0600051879882813 -0.0460243225097656 0.0133285522460937
-0.0023651123046875 -0.103012084960938 -0.116447448730469 -0.0146636962890625
0.117156982421875 -0.0384063720703125 -0.14935302734375 -0.157943725585938
0.110427856445313 0.0493240356445313 -0.013763427734375 -0.24029541015625
0.0603256225585937 0.092864990234375 0.1663818359375 -0.0610504150390625
-0.00515842437744141 -0.0165681838989258 -0.205535888671875 0.0412750244140625
-0.0213737487792969 -0.00407028198242188 -0.018035888671875 0.2449951171875
-0.0134410858154297 -0.0179595947265625 0.174575805664063 0.148605346679688
-0.0216331481933594 0.00724601745605469 0.133888244628906 0.0117416381835938
0.00464248657226563 0.0218582153320313 0.0251407623291016 -0.00870132446289062
0.0351142883300781 0.00292587280273438 -0.0249271392822266 0.0316162109375
0.0236663818359375 -0.0164947509765625 -0.0314178466796875 0.0866317749023438
0.00823974609375 -0.0188503265380859 -0.029754638671875 0.138290405273438
0.0126972198486328 -0.0178546905517578 -0.0898284912109375 0.189529418945313
0.011021614074707 -0.00636577606201172 -0.209915161132813 0.17230224609375
0.00936508178710938 0.00808620452880859 -0.299346923828125 0.080047607421875
-0.00260257720947266 0.00657987594604492 -0.309844970703125 -0.103912353515625
-0.0235614776611328 0.00725746154785156 -0.18841552734375 -0.32086181640625
-0.0496978759765625 -0.0164146423339844 -0.047607421875 -0.337799072265625
-0.0354347229003906 -0.0574073791503906 0.063446044921875 -0.310760498046875
0.0595436096191406 0.0652732849121094 -0.20098876953125 0.023834228515625
0.0759048461914063 0.0243759155273438 -0.0353851318359375 0.2313232421875
0.0712661743164063 -0.067626953125 0.154876708984375 0.160675048828125
-0.0186309814453125 -0.0802688598632813 0.129371643066406 0.0323104858398437
-0.0564002990722656 -0.0296173095703125 0.0379219055175781 -0.000576019287109377
-0.0419921875 0.0225830078125 -0.0161609649658203 0.0310001373291016
-0.0208683013916016 0.0337543487548828 -0.0302047729492187 0.0832061767578125
-0.0263423919677734 0.0218048095703125 -0.02703857421875 0.133979797363281
-0.0246925354003906 0.0242652893066406 -0.0850830078125 0.188507080078125
-0.0364570617675781 0.0218429565429687 -0.204986572265625 0.18109130859375
-0.0453567504882813 -0.00274658203125 -0.29168701171875 0.09405517578125
-0.0352821350097656 -0.0382881164550781 -0.312286376953125 -0.08587646484375
0.0157203674316406 -0.0496749877929688 -0.210662841796875 -0.3006591796875
0.0373420715332031 -0.0262107849121094 -0.071014404296875 -0.3404541015625
0.0356712341308594 0.00162506103515625 0.052215576171875 -0.325836181640625
0.120918273925781 0.136138916015625 -0.191375732421875 0.0251922607421875
0.1649169921875 0.0411834716796875 -0.057159423828125 0.21160888671875
0.139488220214844 -0.116889953613281 0.11676025390625 0.181716918945313
-0.02032470703125 -0.156600952148438 0.1275634765625 0.0775146484375
-0.11004638671875 -0.0724563598632813 0.0755767822265625 0.0176773071289062
-0.108123779296875 0.03997802734375 0.0179023742675781 0.0150508880615234
-0.0586700439453125 0.07720947265625 -0.0157890319824219 0.0545082092285156
-0.0575790405273438 0.057037353515625 -0.0216827392578125 0.108940124511719
-0.05902099609375 0.0658302307128906 -0.07891845703125 0.171112060546875
-0.0825729370117188 0.05120849609375 -0.196685791015625 0.177490234375
-0.0989532470703125 -0.010345458984375 -0.277496337890625 0.095245361328125
-0.06842041015625 -0.0821609497070313 -0.304962158203125 -0.075958251953125
0.0516586303710937 -0.107528686523438 -0.21600341796875 -0.28424072265625
0.119895935058594 -0.0342941284179688 -0.07666015625 -0.332489013671875
0.103065490722656 0.0557861328125 0.057373046875 -0.3162841796875
0.16943359375 0.17877197265625 -0.175628662109375 0.047821044921875
0.22998046875 0.034881591796875 -0.080780029296875 0.205856323242188
0.173812866210938 -0.163009643554688 0.0825958251953125 0.218124389648437
-0.032684326171875 -0.2027587890625 0.146774291992188 0.134963989257813
-0.14874267578125 -0.0903778076171875 0.134010314941406 0.0321578979492187
-0.149566650390625 0.05487060546875 0.0674095153808594 -0.0144882202148437
-0.0850143432617187 0.10528564453125 0.00842618942260742 0.00765371322631837
-0.0812149047851563 0.0854110717773438 -0.0143356323242188 0.0670890808105469
-0.0887298583984375 0.0988616943359375 -0.0711593627929688 0.136199951171875
-0.12420654296875 0.0732269287109375 -0.18072509765625 0.154144287109375
-0.147476196289063 -0.0216064453125 -0.252090454101563 0.08087158203125
-0.0971527099609375 -0.125358581542969 -0.28106689453125 -0.0759429931640626
0.0890655517578125 -0.157073974609375 -0.202362060546875 -0.26556396484375
0.18902587890625 -0.0363006591796875 -0.06396484375 -0.31793212890625
0.153244018554688 0.1033935546875 0.07666015625 -0.28424072265625
0.196258544921875 0.195083618164063 -0.155410766601563 0.090972900390625
0.251510620117188 0.01800537109375 -0.0930633544921875 0.225982666015625
0.167892456054688 -0.183975219726563 0.076416015625 0.263259887695313
-0.048980712890625 -0.207992553710937 0.190048217773438 0.181167602539062
-0.160629272460938 -0.0838775634765625 0.198440551757812 0.0311126708984375
-0.161392211914063 0.0672454833984375 0.120010375976562 -0.056396484375
-0.0942764282226563 0.116363525390625 0.0334510803222656 -0.0478782653808594
-0.0955963134765625 0.09759521484375 -0.00510692596435547 0.0154924392700195
-0.109169006347656 0.117866516113281 -0.0588226318359375 0.0876388549804688
-0.15625 0.08221435546875 -0.153839111328125 0.114730834960937
-0.180923461914063 -0.038055419921875 -0.21087646484375 0.05340576171875
-0.105926513671875 -0.165145874023437 -0.236175537109375 -0.076995849609375
0.130081176757813 -0.1820068359375 -0.17388916015625 -0.239456176757813
0.234588623046875 -0.021453857421875 -0.04388427734375 -0.292755126953125
0.175445556640625 0.136825561523438 0.10479736328125 -0.237899780273438
0.195877075195313 0.183425903320313 -0.12811279296875 0.146148681640625
0.229782104492188 0.00518798828125 -0.0826416015625 0.262588500976563
0.139144897460938 -0.167648315429688 0.101837158203125 0.297698974609375
-0.05029296875 -0.17657470703125 0.243621826171875 0.19732666015625
-0.1434326171875 -0.0632476806640625 0.252777099609375 0.011688232421875
-0.14300537109375 0.0674896240234375 0.159255981445313 -0.103866577148438
-0.08807373046875 0.107185363769531 0.0534439086914062 -0.104179382324219
-0.0970611572265625 0.0951614379882813 0.00517272949218749 -0.0392417907714844
-0.11663818359375 0.116455078125 -0.0414848327636719 0.0316619873046875
-0.169113159179688 0.0699005126953125 -0.112953186035156 0.0635299682617188
-0.183029174804688 -0.0605621337890625 -0.15203857421875 0.0269317626953125
-0.084228515625 -0.18426513671875 -0.1829833984375 -0.066986083984375
0.163192749023438 -0.164596557617188 -0.148651123046875 -0.204666137695312
0.239059448242188 0.0100250244140625 -0.0268707275390625 -0.266143798828125
0.162628173828125 0.153152465820312 0.133529663085938 -0.177154541015625
0.167022705078125 0.150192260742188 -0.097747802734375 0.204055786132813
0.175704956054687 0.002410888671875 -0.0528564453125 0.300994873046875
0.103172302246094 -0.124916076660156 0.140960693359375 0.308441162109375
-0.03558349609375 -0.126747131347656 0.290069580078125 0.186859130859375
-0.104507446289063 -0.0409469604492188 0.28582763671875 -0.016876220703125
-0.107322692871094 0.0562210083007812 0.181472778320313 -0.145278930664063
-0.0703201293945313 0.0813980102539063 0.0646209716796875 -0.150833129882813
-0.0824966430664063 0.07513427734375 0.0128402709960938 -0.0875778198242188
-0.106307983398438 0.092803955078125 -0.0184612274169922 -0.0229682922363281
-0.151168823242188 0.042236328125 -0.0629043579101563 0.0167388916015625
-0.14752197265625 -0.07354736328125 -0.0910491943359375 0.0127334594726562
-0.0410308837890625 -0.165130615234375 -0.138641357421875 -0.041534423828125
0.164413452148438 -0.109268188476563 -0.14324951171875 -0.172149658203125
0.195648193359375 0.0419158935546875 -0.019256591796875 -0.247177124023438
0.120872497558594 0.140151977539062 0.155960083007813 -0.115570068359375
0.116813659667969 0.0992965698242188 -0.0681304931640625 0.25604248046875
0.10443115234375 0.0106964111328125 -0.012176513671875 0.326873779296875
0.06939697265625 -0.07122802734375 0.17852783203125 0.298583984375
-0.0123825073242188 -0.0740585327148438 0.318359375 0.160675048828125
-0.0574264526367187 -0.0219955444335938 0.29913330078125 -0.0440673828125
-0.0627365112304687 0.0342292785644531 0.188400268554688 -0.177490234375
-0.0442924499511719 0.0442314147949219 0.068634033203125 -0.18408203125
-0.0577239990234375 0.0443038940429687 0.019744873046875 -0.124259948730469
-0.07843017578125 0.0535659790039063 0.00373077392578124 -0.062713623046875
-0.10064697265625 0.0128173828125 -0.0161895751953125 -0.0158710479736328
-0.08404541015625 -0.0611648559570313 -0.0455169677734375 0.0134048461914062
-0.00318908691406249 -0.106376647949219 -0.117622375488281 -0.0157318115234375
0.121559143066406 -0.0407867431640625 -0.152481079101563 -0.159912109375
0.113166809082031 0.051513671875 -0.0167236328125 -0.243621826171875
0.0608673095703125 0.0972900390625 0.169891357421875 -0.059783935546875
-0.0047454833984375 -0.0194892883300781 -0.215377807617188 0.0447235107421875
-0.0213603973388672 -0.00444602966308594 -0.0156707763671875 0.255935668945313
-0.0139865875244141 -0.0179328918457031 0.184127807617188 0.151351928710938
-0.0233421325683594 0.00973129272460937 0.138862609863281 0.0084991455078125
0.00584220886230469 0.0232334136962891 0.0262088775634766 -0.00794029235839844
0.0379104614257813 0.00040435791015625 -0.0246849060058594 0.03582763671875
0.0255718231201172 -0.0192623138427734 -0.0318222045898437 0.0918502807617188
0.007781982421875 -0.0191555023193359 -0.027374267578125 0.142807006835938
0.0115184783935547 -0.0192203521728516 -0.0886993408203125 0.19842529296875
0.0110225677490234 -0.0067291259765625 -0.21295166015625 0.183792114257812
0.0108833312988281 0.00739479064941406 -0.309783935546875 0.0892333984374999
-0.00374174118041992 0.00712108612060547 -0.325347900390625 -0.104583740234375
-0.0254344940185547 0.00778770446777343 -0.202362060546875 -0.33245849609375
-0.0531044006347656 -0.0158767700195312 -0.056365966796875 -0.353851318359375
-0.0372314453125 -0.0605506896972656 0.059722900390625 -0.326385498046875
0.0654106140136719 0.0669136047363281 -0.211715698242188 0.0262298583984375
0.0818328857421875 0.0253829956054688 -0.0340118408203125 0.2403564453125
0.0724945068359375 -0.072998046875 0.163131713867188 0.165023803710938
-0.022491455078125 -0.0827407836914063 0.134071350097656 0.0309906005859375
-0.0603485107421875 -0.0299034118652344 0.0397224426269531 0.000274658203124998
-0.0430870056152344 0.0224037170410156 -0.01556396484375 0.0338020324707031
-0.0207328796386719 0.0356864929199219 -0.0308380126953125 0.0879364013671875
-0.0269107818603516 0.0233268737792969 -0.0252456665039063 0.138916015625
-0.0267333984375 0.0266494750976563 -0.0825958251953125 0.197494506835937
-0.037933349609375 0.0235481262207031 -0.20733642578125 0.193817138671875
-0.0462455749511719 -0.00226211547851563 -0.3018798828125 0.10455322265625
-0.0383529663085937 -0.0391769409179688 -0.328521728515625 -0.0852661132812501
0.0143814086914062 -0.0534706115722656 -0.2265625 -0.312744140625
0.0366668701171875 -0.0273361206054688 -0.08233642578125 -0.353790283203125
0.0373992919921875 0.000209808349609375 0.0504150390625 -0.34130859375
0.130638122558594 0.139091491699219 -0.200775146484375 0.0278472900390625
0.175643920898438 0.04071044921875 -0.0563507080078125 0.220840454101563
0.143142700195313 -0.126052856445313 0.124176025390625 0.185989379882813
-0.0247650146484375 -0.163558959960938 0.134010314941406 0.0785903930664062
-0.117744445800781 -0.0729904174804688 0.0798416137695312 0.0181961059570312
-0.112144470214844 0.0413589477539063 0.0189342498779297 0.0168819427490234
-0.0598831176757813 0.08087158203125 -0.016021728515625 0.058502197265625
-0.0593185424804687 0.0625267028808594 -0.0204544067382813 0.113502502441406
-0.0618743896484375 0.070587158203125 -0.076751708984375 0.178115844726563
-0.0850448608398437 0.0540771484375 -0.1978759765625 0.188980102539062
-0.102813720703125 -0.00827789306640624 -0.2869873046875 0.105377197265625
-0.0749893188476563 -0.0849761962890625 -0.3201904296875 -0.075836181640625
0.0506439208984375 -0.114578247070312 -0.232025146484375 -0.294219970703125
0.123908996582031 -0.0383758544921875 -0.088043212890625 -0.3468017578125
0.108596801757812 0.0573348999023437 0.054046630859375 -0.332275390625
0.181549072265625 0.184539794921875 -0.184371948242188 0.05291748046875
0.241546630859375 0.0329132080078125 -0.081024169921875 0.2161865234375
0.17828369140625 -0.174163818359375 0.0897216796875 0.226043701171875
-0.04010009765625 -0.211669921875 0.155136108398438 0.138534545898438
-0.15777587890625 -0.0908050537109375 0.140960693359375 0.032623291015625
-0.155838012695313 0.0597991943359375 0.0708541870117187 -0.0156173706054687
-0.0867691040039062 0.11029052734375 0.00732994079589843 0.00900459289550782
-0.0839920043945313 0.091217041015625 -0.0132331848144531 0.0691452026367188
-0.0915756225585938 0.105690002441406 -0.0697021484375 0.143218994140625
-0.127418518066406 0.078460693359375 -0.18231201171875 0.16656494140625
-0.15472412109375 -0.0186309814453125 -0.260879516601562 0.0897216796875
-0.104591369628906 -0.130157470703125 -0.294464111328125 -0.0756835937500001
0.089752197265625 -0.16778564453125 -0.215774536132812 -0.27508544921875
0.196121215820313 -0.04095458984375 -0.07489013671875 -0.330657958984375
0.1612548828125 0.10650634765625 0.073516845703125 -0.29974365234375
0.20977783203125 0.200119018554688 -0.162033081054688 0.0975799560546876
0.26470947265625 0.015380859375 -0.09393310546875 0.23724365234375
0.171875 -0.195220947265625 0.0828399658203125 0.274703979492188
-0.0557861328125 -0.217300415039063 0.201675415039063 0.185577392578125
-0.170135498046875 -0.0851287841796875 0.209426879882813 0.02947998046875
-0.166778564453125 0.0726165771484375 0.123405456542969 -0.0613250732421875
-0.0955276489257812 0.1217041015625 0.0327949523925781 -0.0501670837402344
-0.0986099243164063 0.10516357421875 -0.00588035583496094 0.0159187316894531
-0.111549377441406 0.126533508300781 -0.0585098266601562 0.093292236328125
-0.161300659179688 0.08892822265625 -0.155487060546875 0.124649047851563
-0.189926147460938 -0.036285400390625 -0.218780517578125 0.0607452392578125
-0.11492919921875 -0.171234130859375 -0.24945068359375 -0.078033447265625
0.132598876953125 -0.194580078125 -0.185562133789062 -0.247451782226563
0.2447509765625 -0.02667236328125 -0.053131103515625 -0.3050537109375
0.185348510742188 0.142562866210938 0.10400390625 -0.249679565429688
0.208694458007813 0.187881469726563 -0.132888793945312 0.154998779296875
0.24041748046875 0.00335693359375 -0.08258056640625 0.27655029296875
0.142807006835938 -0.177444458007813 0.10980224609375 0.31085205078125
-0.056854248046875 -0.183792114257813 0.2589111328125 0.2022705078125
-0.150192260742188 -0.063812255859375 0.265640258789063 0.0080718994140625
-0.1474609375 0.071624755859375 0.1627197265625 -0.110916137695313
-0.089202880859375 0.112579345703125 0.052703857421875 -0.108894348144531
-0.0994338989257813 0.102012634277344 0.00293731689453124 -0.0404014587402344
-0.120903015136719 0.125205993652344 -0.0416641235351563 0.0352554321289063
-0.175201416015625 0.0765380859375 -0.114646911621094 0.0706710815429687
-0.192916870117188 -0.060272216796875 -0.157699584960938 0.03057861328125
-0.092376708984375 -0.192108154296875 -0.1929931640625 -0.067901611328125
0.167816162109375 -0.177566528320313 -0.15948486328125 -0.210784912109375
0.250473022460938 0.0070343017578125 -0.03448486328125 -0.275543212890625
0.17236328125 0.159698486328125 0.135726928710938 -0.18695068359375
0.178619384765625 0.152511596679688 -0.0998687744140624 0.215499877929688
0.183502197265625 0.001312255859375 -0.049652099609375 0.31536865234375
0.105422973632813 -0.131637573242188 0.15191650390625 0.3211669921875
-0.0403671264648438 -0.132255554199219 0.306427001953125 0.191558837890625
-0.109909057617188 -0.0417404174804687 0.29913330078125 -0.021453857421875
-0.110610961914063 0.0579376220703125 0.186172485351562 -0.155624389648437
-0.0712356567382813 0.085052490234375 0.0646514892578125 -0.15740966796875
-0.085662841796875 0.0813369750976562 0.0106124877929687 -0.0910415649414063
-0.111465454101563 0.101318359375 -0.018768310546875 -0.022073745727539
-0.157577514648438 0.04779052734375 -0.0635719299316407 0.0205078125
-0.155685424804688 -0.07379150390625 -0.0943984985351563 0.0149765014648437
-0.0467987060546875 -0.173446655273438 -0.145660400390625 -0.0430755615234375
0.170989990234375 -0.118911743164063 -0.15362548828125 -0.176010131835937
0.205169677734375 0.0408477783203125 -0.026519775390625 -0.256851196289063
0.12847900390625 0.148513793945313 0.160888671875 -0.121841430664063
0.125213623046875 0.101531982421875 -0.0681915283203125 0.269317626953125
0.109451293945313 0.0103302001953125 -0.00726318359374998 0.34307861328125
0.0699234008789063 -0.0746383666992188 0.191131591796875 0.311492919921875
-0.01544189453125 -0.0779571533203125 0.336639404296875 0.163055419921875
-0.0599784851074219 -0.0219688415527344 0.31207275390625 -0.049774169921875
-0.0645370483398438 0.0356254577636719 0.192535400390625 -0.187530517578125
-0.0461235046386719 0.0466346740722656 0.067840576171875 -0.19232177734375
-0.0599021911621094 0.0480232238769531 0.0161514282226563 -0.128509521484375
-0.082489013671875 0.0587158203125 0.00257110595703125 -0.0650062561035156
-0.105621337890625 0.0153350830078125 -0.015655517578125 -0.0155696868896484
-0.08953857421875 -0.0621109008789063 -0.0469474792480469 0.0134468078613281
-0.00521087646484376 -0.11102294921875 -0.122177124023438 -0.0147781372070313
0.127655029296875 -0.0465087890625 -0.163833618164063 -0.163314819335937
0.119735717773438 0.05291748046875 -0.0230255126953125 -0.252288818359375
0.0654144287109375 0.104232788085938 0.1767578125 -0.0648193359375
-0.00462532043457031 -0.0222339630126953 -0.225738525390625 0.055938720703125
-0.0222129821777344 -0.00417137145996094 -0.00480651855468752 0.268051147460938
-0.0172786712646484 -0.0184364318847656 0.199493408203125 0.148773193359375
-0.0255126953125 0.0127315521240234 0.14459228515625 0.0012664794921875
0.00828170776367188 0.0250434875488281 0.0285263061523438 -0.00882530212402344
0.0391044616699219 -0.00284576416015625 -0.023406982421875 0.0397300720214844
0.0243244171142578 -0.0221309661865234 -0.0286941528320313 0.0985031127929688
0.00709152221679688 -0.01904296875 -0.020965576171875 0.148895263671875
0.0111312866210937 -0.0190639495849609 -0.080780029296875 0.210479736328125
0.0115022659301758 -0.00873756408691406 -0.211318969726562 0.202529907226563
0.0123968124389648 0.00789356231689453 -0.319000244140625 0.109466552734375
-0.00453853607177734 0.0080714225769043 -0.344940185546875 -0.093505859375
-0.0274600982666016 0.00991058349609375 -0.228973388671875 -0.339019775390625
-0.0565948486328125 -0.0143470764160156 -0.0758056640625 -0.36767578125
-0.0409507751464844 -0.0630226135253906 0.0472412109375 -0.344970703125
0.0735702514648438 0.0661087036132813 -0.223800659179688 0.0349578857421875
0.0879058837890625 0.0222244262695313 -0.02459716796875 0.253250122070312
0.0729751586914063 -0.0802383422851563 0.177276611328125 0.164627075195313
-0.0271148681640625 -0.0860366821289063 0.14129638671875 0.02581787109375
-0.0648345947265625 -0.0284385681152344 0.0429000854492187 -0.00109481811523438
-0.0447196960449219 0.0245246887207031 -0.0155105590820313 0.0370101928710938
-0.019012451171875 0.0357589721679688 -0.0284652709960937 0.0949478149414063
-0.0269222259521484 0.0269393920898438 -0.01947021484375 0.145965576171875
-0.0274200439453125 0.0304527282714844 -0.0750885009765625 0.2091064453125
-0.038482666015625 0.02569580078125 -0.204315185546875 0.212753295898437
-0.0482063293457031 0.000286102294921865 -0.30938720703125 0.124664306640625
-0.0431365966796875 -0.0393867492675781 -0.3475341796875 -0.0741882324218751
0.0103874206542969 -0.0564041137695313 -0.252288818359375 -0.31689453125
0.0367660522460938 -0.0299873352050781 -0.103271484375 -0.3680419921875
0.0396156311035156 -0.00113296508789063 0.035491943359375 -0.361083984375
0.145034790039063 0.139389038085938 -0.210250854492187 0.0375213623046875
0.187576293945313 0.0345306396484375 -0.0482177734375 0.232086181640625
0.145462036132813 -0.139755249023438 0.136581420898438 0.189056396484375
-0.035400390625 -0.169815063476563 0.143356323242188 0.07586669921875
-0.127586364746094 -0.071502685546875 0.08551025390625 0.0160980224609375
-0.1165771484375 0.0482559204101563 0.0196857452392578 0.01788330078125
-0.0591049194335938 0.0847091674804688 -0.0134201049804688 0.0630149841308594
-0.0590057373046875 0.0685386657714844 -0.0152740478515625 0.1173095703125
-0.0617828369140625 0.0772933959960938 -0.0698394775390625 0.189071655273438
-0.0853652954101563 0.059844970703125 -0.194808959960937 0.208282470703125
-0.108062744140625 -0.003173828125 -0.293914794921875 0.12451171875
-0.0828170776367188 -0.0842208862304687 -0.340057373046875 -0.064239501953125
0.0465774536132813 -0.122756958007813 -0.256683349609375 -0.296630859375
0.126022338867188 -0.0463790893554688 -0.1090087890625 -0.359710693359375
0.116775512695313 0.0564727783203125 0.041107177734375 -0.3505859375
0.199661254882813 0.184677124023438 -0.191116333007812 0.0628814697265625
0.25640869140625 0.0237884521484375 -0.0754852294921875 0.229156494140625
0.179306030273438 -0.1904296875 0.102630615234375 0.232559204101562
-0.052734375 -0.21990966796875 0.16900634765625 0.137802124023438
-0.170089721679687 -0.0883026123046875 0.150909423828125 0.027587890625
-0.160369873046875 0.068756103515625 0.0724411010742187 -0.0194931030273438
-0.0853805541992187 0.117347717285156 0.00756263732910156 0.00992488861083985
-0.084747314453125 0.100555419921875 -0.0103683471679688 0.072662353515625
-0.0910263061523437 0.116706848144531 -0.0650177001953125 0.1522216796875
-0.129226684570312 0.087677001953125 -0.178329467773438 0.18389892578125
-0.1622314453125 -0.011474609375 -0.267868041992187 0.107192993164062
-0.116554260253906 -0.130592346191406 -0.3131103515625 -0.0654907226562501
0.085540771484375 -0.180908203125 -0.239990234375 -0.277801513671875
0.203887939453125 -0.0525665283203125 -0.094451904296875 -0.342437744140625
0.174209594726562 0.10589599609375 0.0628662109375 -0.317169189453125
0.229568481445312 0.198562622070312 -0.166915893554688 0.108139038085938
0.278228759765625 0.00457763671875 -0.088165283203125 0.251983642578125
0.171768188476563 -0.212493896484375 0.09832763671875 0.28497314453125
-0.0705108642578125 -0.2239990234375 0.2197265625 0.186630249023437
-0.1824951171875 -0.08099365234375 0.22259521484375 0.0218658447265625
-0.1712646484375 0.0808258056640625 0.124908447265625 -0.0696182250976562
-0.0943374633789062 0.129913330078125 0.0304641723632812 -0.0532417297363281
-0.0977554321289063 0.115509033203125 -0.00495147705078126 0.0165252685546875
-0.111862182617188 0.139328002929688 -0.0566787719726563 0.0999526977539063
-0.164443969726563 0.1002197265625 -0.153564453125 0.138534545898438
-0.201278686523438 -0.0278472900390625 -0.2244873046875 0.0748443603515626
-0.129638671875 -0.174041748046875 -0.265090942382813 -0.070648193359375
0.12921142578125 -0.211212158203125 -0.2060546875 -0.24981689453125
0.25421142578125 -0.039093017578125 -0.070709228515625 -0.315673828125
0.20025634765625 0.143936157226563 0.0975341796875001 -0.2659912109375
0.227508544921875 0.18634033203125 -0.133865356445313 0.1685791015625
0.251922607421875 -0.00750732421875 -0.074615478515625 0.29248046875
0.140869140625 -0.192047119140625 0.12841796875 0.32098388671875
-0.06878662109375 -0.189346313476562 0.282012939453125 0.199859619140625
-0.160842895507813 -0.0595855712890625 0.279342651367188 -0.003082275390625
-0.150741577148438 0.080352783203125 0.163604736328125 -0.124221801757813
-0.0883255004882812 0.118972778320313 0.0481948852539062 -0.115257263183594
-0.0984344482421875 0.112564086914063 0.000160217285156248 -0.0420570373535156
-0.120811462402344 0.138381958007812 -0.0414047241210938 0.0384254455566406
-0.180023193359375 0.08905029296875 -0.113792419433594 0.0809860229492188
-0.205886840820313 -0.0521697998046875 -0.162643432617188 0.0392913818359375
-0.107009887695313 -0.197418212890625 -0.205398559570313 -0.0636596679687501
0.16754150390625 -0.196502685546875 -0.176620483398438 -0.211593627929688
0.262435913085938 -0.0038604736328125 -0.050537109375 -0.286041259765625
0.187484741210938 0.163665771484375 0.132919311523438 -0.201263427734375
0.196014404296875 0.150894165039063 -0.0967559814453125 0.230850219726563
0.193191528320313 -0.0056304931640625 -0.037750244140625 0.33349609375
0.103805541992188 -0.142623901367188 0.172943115234375 0.3297119140625
-0.0490188598632812 -0.135574340820313 0.33123779296875 0.185333251953125
-0.116218566894531 -0.038177490234375 0.3123779296875 -0.036468505859375
-0.112571716308594 0.0649566650390625 0.185333251953125 -0.169906616210938
-0.070831298828125 0.0908050537109375 0.0586090087890625 -0.166152954101563
-0.0855178833007813 0.0905838012695313 0.00558471679687499 -0.093170166015625
-0.112686157226563 0.111930847167969 -0.0208644866943359 -0.0204658508300781
-0.163375854492188 0.0580902099609375 -0.0631256103515625 0.0255050659179688
-0.166839599609375 -0.0701141357421875 -0.097076416015625 0.0194625854492187
-0.05755615234375 -0.180740356445313 -0.153976440429688 -0.0385284423828125
0.173507690429688 -0.135223388671875 -0.169921875 -0.175918579101562
0.218032836914063 0.0348968505859375 -0.0423126220703125 -0.266006469726563
0.1409912109375 0.1533203125 0.162429809570313 -0.13421630859375
0.136833190917969 0.0987625122070313 -0.059967041015625 0.287261962890625
0.115837097167969 0.0078125 0.00848388671875003 0.360443115234375
0.069732666015625 -0.0802841186523438 0.214813232421875 0.317138671875
-0.0205612182617187 -0.0800552368164063 0.360565185546875 0.155120849609375
-0.0631370544433594 -0.0210800170898437 0.323883056640625 -0.06671142578125
-0.0657234191894531 0.0384254455566406 0.189697265625 -0.204010009765625
-0.0460472106933594 0.0493507385253906 0.0607452392578125 -0.202407836914062
-0.0602149963378906 0.0549812316894531 0.00983428955078124 -0.133445739746094
-0.0840835571289063 0.06622314453125 -0.000625610351562507 -0.0672340393066406
-0.109992980957031 0.0207672119140625 -0.0143880844116211 -0.0154809951782227
-0.0972976684570313 -0.0604324340820313 -0.047149658203125 0.0153732299804687
-0.0112075805664063 -0.117378234863281 -0.127738952636719 -0.0102081298828125
0.131645202636719 -0.0564956665039062 -0.179534912109375 -0.160934448242188
0.127799987792969 0.0509262084960937 -0.0385589599609375 -0.259994506835937
0.0728912353515625 0.109451293945312 0.182785034179687 -0.0752716064453125
-0.00396156311035156 -0.0259361267089844 -0.230194091796875 0.0708465576171875
-0.0220756530761719 -0.00342941284179688 0.0122222900390625 0.276168823242188
-0.0205554962158203 -0.0179176330566406 0.212539672851563 0.139205932617188
-0.0262508392333984 0.0168876647949219 0.147201538085938 -0.0065155029296875
0.00894546508789062 0.025634765625 0.0288333892822266 -0.009765625
0.0403671264648438 -0.00872039794921875 -0.0199012756347656 0.0452766418457031
0.0228919982910156 -0.0263099670410156 -0.020111083984375 0.103851318359375
0.00579071044921875 -0.0195140838623047 -0.0107879638671875 0.15234375
0.00940132141113281 -0.0196094512939453 -0.0673065185546875 0.21832275390625
0.0116243362426758 -0.00997829437255859 -0.200363159179688 0.220138549804688
0.0139322280883789 0.00630664825439453 -0.318878173828125 0.1326904296875
-0.00526332855224609 0.00983142852783203 -0.3594970703125 -0.07421875
-0.0271930694580078 0.0126132965087891 -0.256805419921875 -0.333465576171875
-0.0580482482910156 -0.0106010437011719 -0.10174560546875 -0.372314453125
-0.0467910766601562 -0.0632095336914062 0.02716064453125 -0.358489990234375
0.0802001953125 0.0616531372070313 -0.228927612304688 0.049530029296875
0.0915756225585938 0.0163421630859375 -0.00759887695312497 0.261871337890625
0.0688705444335938 -0.0865249633789062 0.19390869140625 0.157928466796875
-0.0351638793945312 -0.085296630859375 0.146270751953125 0.01605224609375
-0.0685386657714844 -0.0239677429199219 0.0453758239746094 -0.00283432006835938
-0.0437583923339844 0.0272293090820313 -0.0136947631835938 0.0395088195800781
-0.0183372497558594 0.0357551574707031 -0.0216293334960938 0.100929260253906
-0.0264892578125 0.0294418334960938 -0.00917053222656248 0.148162841796875
-0.0255699157714844 0.0337028503417969 -0.062957763671875 0.217376708984375
-0.0385169982910156 0.0294876098632813 -0.192611694335938 0.231903076171875
-0.0501365661621094 0.00372314453124999 -0.30682373046875 0.147918701171875
-0.047454833984375 -0.0364456176757813 -0.362640380859375 -0.0544433593749999
0.0058135986328125 -0.05828857421875 -0.279998779296875 -0.30816650390625
0.0349254608154297 -0.0332984924316406 -0.129608154296875 -0.3720703125
0.0426521301269531 -0.004150390625 0.0142822265625 -0.372833251953125
0.158935546875 0.131011962890625 -0.216400146484375 0.0508880615234375
0.197509765625 0.023468017578125 -0.0345916748046875 0.241165161132813
0.140609741210938 -0.155120849609375 0.152587890625 0.183547973632813
-0.0479736328125 -0.17181396484375 0.152908325195313 0.069305419921875
-0.136978149414063 -0.0643234252929688 0.0895843505859375 0.0120010375976562
-0.116134643554687 0.0552597045898438 0.0202007293701172 0.0180492401123047
-0.0567092895507813 0.0886001586914062 -0.00911331176757813 0.0674591064453125
-0.055328369140625 0.0747756958007813 -0.00820159912109376 0.119956970214844
-0.0585784912109375 0.0844955444335938 -0.0562286376953125 0.1971435546875
-0.084136962890625 0.0673751831054688 -0.181884765625 0.225234985351563
-0.110748291015625 0.00232696533203126 -0.293060302734375 0.14788818359375
-0.0908203125 -0.080841064453125 -0.352203369140625 -0.043060302734375
0.038818359375 -0.129348754882813 -0.28509521484375 -0.288543701171875
0.124794006347656 -0.0549163818359375 -0.134735107421875 -0.36041259765625
0.122856140136719 0.05029296875 0.019866943359375 -0.36273193359375
0.216079711914063 0.176162719726563 -0.193695068359375 0.0759735107421875
0.264602661132813 0.0094146728515625 -0.0631103515625 0.24066162109375
0.172256469726563 -0.209213256835938 0.12017822265625 0.232528686523438
-0.0702972412109375 -0.222030639648437 0.181427001953125 0.131210327148438
-0.180496215820313 -0.0803680419921875 0.1585693359375 0.0196685791015625
-0.161209106445312 0.080291748046875 0.0738906860351562 -0.0244674682617187
-0.0810394287109375 0.12347412109375 0.00882339477539062 0.0123977661132813
-0.0806045532226562 0.109016418457031 -0.00665283203125 0.0739059448242188
-0.0852890014648438 0.128257751464844 -0.055328369140625 0.158554077148438
-0.127128601074219 0.099273681640625 -0.1688232421875 0.19940185546875
-0.167739868164063 -0.000946044921874965 -0.265487670898438 0.128204345703125
-0.131095886230469 -0.124702453613281 -0.3260498046875 -0.0484619140625
0.07623291015625 -0.190811157226563 -0.2642822265625 -0.268829345703125
0.203399658203125 -0.0660400390625 -0.12176513671875 -0.344879150390625
0.185760498046875 0.0983123779296875 0.045654296875 -0.330810546875
0.247314453125 0.189071655273438 -0.165664672851562 0.121444702148438
0.287017822265625 -0.0118408203125 -0.0736236572265625 0.264190673828125
0.163681030273438 -0.230575561523438 0.118499755859375 0.287384033203125
-0.0885162353515625 -0.22467041015625 0.238540649414062 0.177032470703125
-0.193771362304688 -0.072296142578125 0.230987548828125 0.00701904296875
-0.171493530273438 0.0955352783203125 0.121673583984375 -0.07818603515625
-0.0893096923828125 0.137008666992187 0.0279197692871094 -0.0555267333984375
-0.0929183959960937 0.12554931640625 -0.00459861755371094 0.0181770324707031
-0.105804443359375 0.151931762695313 -0.0486297607421875 0.107063293457031
-0.162704467773438 0.11376953125 -0.1448974609375 0.154022216796875
-0.208511352539062 -0.0155487060546875 -0.2227783203125 0.08929443359375
-0.14556884765625 -0.169830322265625 -0.277679443359375 -0.0550842285156251
0.11810302734375 -0.227005004882813 -0.22955322265625 -0.242019653320313
0.25787353515625 -0.0554351806640625 -0.09454345703125 -0.318023681640625
0.215011596679687 0.137710571289062 0.0821685791015625 -0.278533935546875
0.246047973632812 0.174224853515625 -0.128189086914063 0.181259155273438
0.258590698242188 -0.0225067138671875 -0.057952880859375 0.30657958984375
0.133651733398438 -0.2064208984375 0.1514892578125 0.3231201171875
-0.084197998046875 -0.188552856445313 0.30206298828125 0.186126708984375
-0.168991088867188 -0.051849365234375 0.286590576171875 -0.021881103515625
-0.149887084960938 0.09112548828125 0.159408569335938 -0.136428833007813
-0.0857925415039063 0.126228332519531 0.0410232543945312 -0.120750427246094
-0.0937271118164063 0.122352600097656 -0.00500488281250001 -0.041748046875
-0.114486694335937 0.152740478515625 -0.0389251708984375 0.0431251525878906
-0.179046630859375 0.103790283203125 -0.108612060546875 0.0898895263671875
-0.2144775390625 -0.039306640625 -0.163742065429688 0.049530029296875
-0.123687744140625 -0.19622802734375 -0.214584350585937 -0.0519714355468751
0.157577514648438 -0.212188720703125 -0.195404052734375 -0.205245971679688
0.26953125 -0.018951416015625 -0.071380615234375 -0.2882080078125
0.202865600585938 0.15887451171875 0.12420654296875 -0.214035034179688
0.20892333984375 0.14141845703125 -0.0863800048828125 0.245849609375
0.199630737304688 -0.0166168212890625 -0.017608642578125 0.344146728515625
0.098052978515625 -0.151779174804687 0.1988525390625 0.329254150390625
-0.0610809326171875 -0.134933471679688 0.3507080078125 0.168121337890625
-0.121528625488281 -0.0317153930664063 0.318267822265625 -0.056884765625
-0.111495971679687 0.0728302001953125 0.176895141601562 -0.185089111328125
-0.068084716796875 0.0936431884765625 0.047637939453125 -0.171493530273438
-0.082000732421875 0.09918212890625 -0.000350952148437506 -0.09423828125
-0.108238220214844 0.123733520507813 -0.0226726531982422 -0.0217323303222656
-0.16473388671875 0.07037353515625 -0.0613136291503906 0.03045654296875
-0.176483154296875 -0.0594329833984375 -0.0969696044921875 0.0248489379882812
-0.0721282958984375 -0.180557250976563 -0.160385131835938 -0.03045654296875
0.169998168945313 -0.1510009765625 -0.185623168945312 -0.165908813476563
0.225189208984375 0.02215576171875 -0.06243896484375 -0.266830444335938
0.154708862304688 0.151504516601563 0.157196044921875 -0.146224975585938
0.146163940429688 0.0905914306640625 -0.045684814453125 0.29840087890625
0.121437072753906 0.00206756591796875 0.032135009765625 0.36846923828125
0.066741943359375 -0.0856246948242188 0.238800048828125 0.313140869140625
-0.02783203125 -0.0795059204101562 0.380340576171875 0.135284423828125
-0.0672645568847656 -0.0185050964355469 0.32830810546875 -0.089019775390625
-0.0648994445800781 0.042205810546875 0.178924560546875 -0.220367431640625
-0.0456657409667969 0.0512504577636719 0.04827880859375 -0.208175659179688
-0.0585556030273438 0.0611610412597656 -0.00146484375 -0.134773254394531
-0.0825958251953125 0.074920654296875 -0.00462722778320314 -0.0675697326660156
-0.113967895507813 0.028564453125 -0.0158700942993164 -0.015019416809082
-0.103759765625 -0.05596923828125 -0.046600341796875 0.018096923828125
-0.019927978515625 -0.120979309082031 -0.131156921386719 -0.00216674804687503
0.131294250488281 -0.0677566528320313 -0.195785522460938 -0.150634765625
0.134254455566406 0.0458602905273438 -0.0569000244140625 -0.2625732421875
0.0819015502929687 0.111030578613281 0.183197021484375 -0.0870819091796875
-0.0100135803222656 -0.0257606506347656 -0.231842041015625 0.08392333984375
-0.0251922607421875 -0.00527381896972656 0.0281524658203125 0.27313232421875
-0.0210952758789063 -0.016021728515625 0.2186279296875 0.125732421875
-0.0236625671386719 0.0194759368896484 0.14569091796875 -0.019683837890625
0.0136528015136719 0.0258045196533203 0.02752685546875 -0.0103225708007812
0.0346431732177734 -0.0123100280761719 -0.0143775939941406 0.0481224060058594
0.0196170806884766 -0.0269050598144531 -0.0151290893554688 0.107955932617188
0.00635910034179688 -0.0183238983154297 -0.00123596191406251 0.150131225585938
0.0109310150146484 -0.0206508636474609 -0.0521697998046875 0.222198486328125
0.0107278823852539 -0.00994586944580078 -0.186248779296875 0.232772827148438
0.0141000747680664 0.00570869445800781 -0.309295654296875 0.152801513671875
-0.00169754028320313 0.00813627243041992 -0.36651611328125 -0.0552978515625001
-0.0299549102783203 0.0146083831787109 -0.276031494140625 -0.320465087890625
-0.0553474426269531 -0.005462646484375 -0.12109375 -0.366973876953125
-0.0486106872558594 -0.0621070861816406 0.00595092773437501 -0.360321044921875
0.0812454223632813 0.0504531860351563 -0.22857666015625 0.0644683837890625
0.0956497192382813 0.010162353515625 0.00732421875 0.260223388671875
0.0643463134765625 -0.0935821533203125 0.2041015625 0.1451416015625
-0.0391006469726563 -0.082366943359375 0.143051147460938 0.00892639160156249
-0.0700607299804688 -0.0194015502929687 0.0450248718261719 -0.00836944580078125
-0.0423393249511719 0.0283126831054688 -0.00954055786132813 0.0428085327148437
-0.0186195373535156 0.0368003845214844 -0.0156021118164063 0.102287292480469
-0.02557373046875 0.0314998626708984 -0.00263977050781251 0.14874267578125
-0.0224761962890625 0.0372581481933594 -0.049285888671875 0.220733642578125
-0.0353469848632813 0.0275993347167969 -0.176513671875 0.240737915039063
-0.0485572814941406 0.00475311279296875 -0.295562744140625 0.16632080078125
-0.0522994995117188 -0.0321769714355469 -0.36669921875 -0.033905029296875
-0.00066757202148437 -0.0564918518066406 -0.299285888671875 -0.294342041015625
0.0302333831787109 -0.0343475341796875 -0.1514892578125 -0.364593505859375
0.0411529541015625 -0.0039520263671875 -0.006011962890625 -0.377593994140625
0.16693115234375 0.12030029296875 -0.213821411132813 0.06103515625
0.201583862304687 0.0123291015625 -0.0201416015625 0.241836547851562
0.13427734375 -0.161056518554688 0.16436767578125 0.175445556640625
-0.05865478515625 -0.172149658203125 0.15350341796875 0.0609130859375
-0.140213012695313 -0.0543136596679688 0.0954513549804688 0.00496673583984375
-0.114776611328125 0.062835693359375 0.0237712860107422 0.0173606872558594
-0.0528106689453125 0.0920944213867187 -0.00549697875976563 0.0679397583007813
-0.052581787109375 0.0766983032226563 -0.000938415527343755 0.120399475097656
-0.0553131103515625 0.089141845703125 -0.0453338623046875 0.199142456054688
-0.079437255859375 0.0712051391601563 -0.1646728515625 0.233230590820313
-0.111618041992188 0.011505126953125 -0.279983520507813 0.163665771484375
-0.095977783203125 -0.0742874145507812 -0.358856201171875 -0.02349853515625
0.0299224853515625 -0.136222839355469 -0.300048828125 -0.27081298828125
0.122550964355469 -0.0593185424804687 -0.160064697265625 -0.35626220703125
0.127212524414063 0.0464401245117188 0.00210571289062497 -0.363189697265625
0.22650146484375 0.160385131835938 -0.189697265625 0.08966064453125
0.266891479492188 -0.0076141357421875 -0.0481719970703125 0.244064331054688
0.16082763671875 -0.220504760742188 0.13372802734375 0.224472045898438
-0.0846710205078125 -0.21588134765625 0.189071655273437 0.121078491210937
-0.184661865234375 -0.0675201416015625 0.160247802734375 0.0123291015625
-0.158538818359375 0.0888824462890625 0.071533203125 -0.0279083251953125
-0.0777206420898437 0.127883911132813 0.0100469589233398 0.0101480484008789
-0.0736160278320313 0.116241455078125 -0.00111389160156251 0.072906494140625
-0.0792312622070312 0.137229919433594 -0.046142578125 0.160995483398438
-0.120864868164063 0.103919982910156 -0.153350830078125 0.208633422851563
-0.166976928710938 0.01336669921875 -0.25592041015625 0.144241333007812
-0.1390380859375 -0.115402221679688 -0.332672119140625 -0.0308227539062501
0.062652587890625 -0.196853637695313 -0.281219482421875 -0.251953125
0.198257446289063 -0.0777740478515625 -0.145294189453125 -0.339202880859375
0.193115234375 0.0900115966796875 0.02520751953125 -0.33123779296875
0.259109497070313 0.171401977539063 -0.158523559570312 0.133834838867188
0.2855224609375 -0.031219482421875 -0.05859375 0.265975952148438
0.149322509765625 -0.2398681640625 0.13470458984375 0.282684326171875
-0.100082397460938 -0.217681884765625 0.248275756835937 0.163284301757813
-0.199508666992188 -0.058349609375 0.232711791992188 -0.005462646484375
-0.166229248046875 0.103790283203125 0.118408203125 -0.0857086181640625
-0.085906982421875 0.140640258789063 0.0221977233886719 -0.0544700622558594
-0.0851821899414062 0.130638122558594 -0.00500297546386719 0.0195865631103516
-0.09710693359375 0.15692138671875 -0.0458908081054688 0.109138488769531
-0.155517578125 0.122665405273438 -0.13409423828125 0.161636352539063
-0.206390380859375 -0.00260925292968752 -0.216156005859375 0.102523803710938
-0.157318115234375 -0.161239624023438 -0.281646728515625 -0.038604736328125
0.10595703125 -0.233428955078125 -0.242340087890625 -0.228378295898438
0.254302978515625 -0.0716400146484375 -0.115814208984375 -0.310577392578125
0.2235107421875 0.129714965820312 0.064208984375 -0.282623291015625
0.255111694335938 0.158905029296875 -0.12188720703125 0.18975830078125
0.255172729492188 -0.0380401611328125 -0.041839599609375 0.310577392578125
0.11981201171875 -0.21417236328125 0.1705322265625 0.314361572265625
-0.0967864990234375 -0.184280395507812 0.31536865234375 0.169708251953125
-0.170867919921875 -0.0412750244140625 0.28662109375 -0.037261962890625
-0.144378662109375 0.0993499755859375 0.150772094726563 -0.143783569335937
-0.0809783935546875 0.128646850585937 0.0347747802734375 -0.119384765625
-0.0868453979492188 0.129600524902344 -0.00643157958984375 -0.0403785705566406
-0.1058349609375 0.158538818359375 -0.0376853942871094 0.0439224243164063
-0.173858642578125 0.115280151367188 -0.101608276367188 0.0965728759765625
-0.219802856445313 -0.027191162109375 -0.159393310546875 0.0588226318359375
-0.137313842773438 -0.190582275390625 -0.221771240234375 -0.04052734375
0.144775390625 -0.224517822265625 -0.207794189453125 -0.191314697265625
0.268539428710937 -0.0321044921875 -0.0903778076171875 -0.279327392578125
0.212875366210938 0.152084350585938 0.112594604492188 -0.22216796875
0.21771240234375 0.125320434570313 -0.074859619140625 0.253387451171875
0.197586059570313 -0.0276031494140625 0.00241088867187501 0.348846435546875
0.09161376953125 -0.159469604492188 0.217926025390625 0.317413330078125
-0.0669021606445313 -0.133087158203125 0.35888671875 0.1470947265625
-0.122772216796875 -0.0216293334960938 0.313385009765625 -0.079437255859375
-0.109664916992188 0.0803375244140625 0.162979125976563 -0.194290161132813
-0.0632247924804687 0.0989761352539063 0.0370941162109375 -0.172409057617188
-0.0746612548828125 0.106048583984375 -0.0082855224609375 -0.0932388305664063
-0.0990219116210938 0.131919860839844 -0.0227432250976563 -0.0164012908935547
-0.158615112304688 0.0814971923828125 -0.0580558776855469 0.0357017517089844
-0.181396484375 -0.0515899658203125 -0.096221923828125 0.0309371948242187
-0.0849456787109374 -0.177230834960938 -0.163482666015625 -0.020965576171875
0.16015625 -0.161117553710938 -0.19610595703125 -0.15643310546875
0.228912353515625 0.0126495361328125 -0.0782623291015625 -0.260360717773438
0.166122436523438 0.146255493164062 0.149063110351563 -0.157150268554688
0.152206420898438 0.077484130859375 -0.0306396484375 0.30194091796875
0.1209716796875 -0.00385284423828125 0.05419921875 0.369171142578125
0.0634994506835938 -0.0896148681640625 0.258270263671875 0.300994873046875
-0.03326416015625 -0.0781707763671875 0.38916015625 0.114105224609375
-0.069366455078125 -0.0142021179199219 0.324951171875 -0.1082763671875
-0.0658111572265625 0.0474052429199219 0.166824340820313 -0.228118896484375
-0.0450706481933594 0.0545845031738281 0.0338287353515625 -0.210174560546875
-0.0563926696777344 0.0648765563964844 -0.00969696044921875 -0.1324462890625
-0.0800933837890625 0.0808029174804688 -0.00923538208007814 -0.0693931579589844
-0.112449645996094 0.0369186401367187 -0.0160436630249024 -0.0128936767578125
-0.10931396484375 -0.0491714477539063 -0.0454444885253906 0.0212593078613281
-0.0262985229492187 -0.118339538574219 -0.130722045898438 0.00573730468749997
0.127304077148438 -0.0742340087890625 -0.20440673828125 -0.139450073242187
0.138221740722656 0.0406646728515625 -0.072265625 -0.253738403320313
0.0926666259765625 0.110702514648437 0.17791748046875 -0.09820556640625
-0.0118980407714844 -0.0312614440917969 -0.225021362304688 0.0921478271484375
-0.0244045257568359 -0.00467681884765625 0.04107666015625 0.273666381835937
-0.023345947265625 -0.0180282592773437 0.227569580078125 0.117767333984375
-0.0221328735351563 0.0217685699462891 0.142120361328125 -0.0225067138671875
0.0139122009277344 0.0268001556396484 0.0288238525390625 -0.0128345489501953
0.0367813110351562 -0.0121116638183594 -0.0120429992675781 0.047454833984375
0.0179309844970703 -0.0300235748291016 -0.00820922851562499 0.106147766113281
0.00675392150878906 -0.0201587677001953 0.00616455078124999 0.14892578125
0.00906181335449219 -0.019500732421875 -0.04412841796875 0.219100952148437
0.00864696502685547 -0.0107841491699219 -0.1728515625 0.237167358398438
0.014317512512207 0.00359058380126953 -0.30078125 0.1632080078125
-0.00484275817871094 0.0113754272460938 -0.3648681640625 -0.0408935546875
-0.0273952484130859 0.0162220001220703 -0.287078857421875 -0.306427001953125
-0.0584869384765625 -0.00448226928710938 -0.138580322265625 -0.363861083984375
-0.0536079406738281 -0.0616569519042969 -0.00582885742187497 -0.3607177734375
0.0843276977539063 0.0494384765625 -0.227035522460937 0.0707244873046875
0.0958633422851563 0.00501251220703125 0.0176544189453125 0.261978149414063
0.0618515014648438 -0.0959930419921875 0.206085205078125 0.138504028320313
-0.0423965454101563 -0.081085205078125 0.145904541015625 0.0030670166015625
-0.0712890625 -0.0152435302734375 0.0460739135742187 -0.00952911376953125
-0.0448036193847656 0.0298194885253906 -0.00695800781250001 0.0435981750488281
-0.018646240234375 0.0384140014648438 -0.00934600830078126 0.101593017578125
-0.0249557495117187 0.0338783264160156 0.0054779052734375 0.14581298828125
-0.0231590270996094 0.0366935729980469 -0.037994384765625 0.216888427734375
-0.0341701507568359 0.0337963104248047 -0.16168212890625 0.244918823242188
-0.0471534729003906 0.00947189331054688 -0.28778076171875 0.177154541015625
-0.0529212951660156 -0.0302886962890625 -0.365509033203125 -0.019927978515625
-0.000247955322265627 -0.0595664978027344 -0.306304931640625 -0.279327392578125
0.0336494445800781 -0.0339088439941406 -0.165802001953125 -0.35821533203125
0.0421485900878906 -0.00911331176757812 -0.018798828125 -0.37432861328125
0.1693115234375 0.113571166992188 -0.213607788085937 0.0709686279296875
0.201919555664063 0.003173828125 -0.0100860595703125 0.24395751953125
0.127944946289063 -0.173568725585938 0.170516967773438 0.170547485351563
-0.065948486328125 -0.169052124023437 0.154647827148438 0.0557403564453125
-0.14361572265625 -0.0494232177734375 0.0932693481445313 0.000900268554687497
-0.112831115722656 0.0702133178710937 0.0243797302246094 0.0174808502197266
-0.0497283935546875 0.0917205810546875 0.000175476074218754 0.070526123046875
-0.0484619140625 0.0799407958984375 0.0040130615234375 0.118408203125
-0.0466461181640625 0.0938644409179687 -0.036346435546875 0.197952270507813
-0.0763092041015625 0.07464599609375 -0.154388427734375 0.240707397460938
-0.109489440917969 0.0159378051757813 -0.27215576171875 0.174087524414063
-0.102424621582031 -0.0693435668945313 -0.3575439453125 -0.00906372070312494
0.0254135131835938 -0.132896423339844 -0.30938720703125 -0.260772705078125
0.119842529296875 -0.0656356811523438 -0.169677734375 -0.348876953125
0.12762451171875 0.0398941040039063 -0.01251220703125 -0.36639404296875
0.230316162109375 0.151046752929688 -0.187240600585937 0.0958404541015625
0.265853881835938 -0.0188140869140625 -0.0385284423828125 0.244964599609375
0.156021118164063 -0.229888916015625 0.140213012695313 0.221847534179688
-0.09063720703125 -0.21209716796875 0.193222045898437 0.11474609375
-0.191864013671875 -0.0607757568359375 0.160018920898438 0.0047760009765625
-0.15667724609375 0.0970306396484375 0.0704421997070312 -0.0291748046875
-0.0718841552734375 0.131210327148438 0.0107851028442383 0.0121927261352539
-0.0697174072265625 0.117095947265625 0.00167083740234375 0.074493408203125
-0.0690536499023438 0.138404846191406 -0.038604736328125 0.161514282226563
-0.117851257324219 0.111358642578125 -0.14080810546875 0.215576171875
-0.16656494140625 0.0161895751953125 -0.251068115234375 0.151763916015625
-0.1455078125 -0.109176635742187 -0.32904052734375 -0.0165710449218751
0.0514984130859375 -0.198410034179688 -0.288482666015625 -0.239898681640625
0.198654174804688 -0.0851593017578125 -0.1556396484375 -0.328765869140625
0.194793701171875 0.0841522216796875 0.013916015625 -0.333526611328125
0.2623291015625 0.163070678710937 -0.156402587890625 0.139694213867188
0.284423828125 -0.039886474609375 -0.048309326171875 0.267608642578125
0.140655517578125 -0.247970581054688 0.144012451171875 0.277938842773438
-0.111175537109375 -0.214767456054688 0.2548828125 0.1556396484375
-0.201126098632813 -0.0490570068359375 0.232025146484375 -0.0154571533203125
-0.163925170898437 0.109695434570313 0.112236022949219 -0.0878753662109375
-0.0803985595703125 0.144393920898438 0.0223159790039062 -0.0550384521484375
-0.0805587768554687 0.134834289550781 -0.00176429748535157 0.0182285308837891
-0.0894317626953125 0.163894653320313 -0.0388107299804688 0.110687255859375
-0.150543212890625 0.129470825195313 -0.123764038085937 0.167510986328125
-0.211029052734375 0.00775146484374999 -0.211227416992188 0.109878540039063
-0.1644287109375 -0.15374755859375 -0.284942626953125 -0.029083251953125
0.093780517578125 -0.238937377929688 -0.249649047851563 -0.218460083007813
0.253219604492188 -0.07696533203125 -0.125030517578125 -0.30682373046875
0.22723388671875 0.122589111328125 0.0567626953125 -0.28533935546875
0.255859375 0.148696899414063 -0.112579345703125 0.1951904296875
0.254486083984375 -0.0472564697265625 -0.029144287109375 0.312347412109375
0.11505126953125 -0.218551635742188 0.17974853515625 0.31011962890625
-0.103073120117188 -0.178741455078125 0.318572998046875 0.157806396484375
-0.174697875976562 -0.0326385498046875 0.2845458984375 -0.050384521484375
-0.140975952148438 0.10723876953125 0.143020629882813 -0.147750854492188
-0.0775604248046875 0.133262634277344 0.0282516479492187 -0.119331359863281
-0.0832748413085938 0.133895874023437 -0.00648880004882813 -0.0373649597167969
-0.0991668701171875 0.16436767578125 -0.0345573425292969 0.0462493896484375
-0.16790771484375 0.123321533203125 -0.0934295654296875 0.100395202636719
-0.219406127929688 -0.0170440673828125 -0.154586791992188 0.0632171630859375
-0.146072387695312 -0.18212890625 -0.220489501953125 -0.0319976806640625
0.136199951171875 -0.232177734375 -0.210891723632812 -0.181884765625
0.267913818359375 -0.0440216064453125 -0.09857177734375 -0.27679443359375
0.218765258789063 0.14569091796875 0.102737426757813 -0.22479248046875
0.2159423828125 0.116439819335938 -0.068145751953125 0.253082275390625
0.194671630859375 -0.0359954833984375 0.01458740234375 0.34747314453125
0.085479736328125 -0.16070556640625 0.22930908203125 0.31109619140625
-0.075531005859375 -0.127914428710938 0.366180419921875 0.133758544921875
-0.122642517089844 -0.0213470458984375 0.312408447265625 -0.08770751953125
-0.106529235839844 0.0816879272460937 0.154342651367188 -0.197097778320313
-0.0641250610351563 0.101852416992187 0.0301361083984375 -0.171463012695313
-0.0728988647460937 0.107002258300781 -0.0104827880859375 -0.0885086059570312
-0.0969924926757813 0.137619018554688 -0.0237674713134766 -0.0162830352783203
-0.157180786132813 0.089752197265625 -0.0527267456054688 0.0352210998535156
-0.183609008789063 -0.0427398681640625 -0.09381103515625 0.0319442749023438
-0.0918731689453125 -0.174423217773438 -0.161422729492188 -0.014129638671875
0.1544189453125 -0.1719970703125 -0.199752807617188 -0.146530151367187
0.22998046875 0.003936767578125 -0.08636474609375 -0.254806518554688
0.172134399414063 0.143173217773438 0.146240234375 -0.161697387695313
0.152191162109375 0.0711517333984375 -0.02008056640625 0.306243896484375
0.123512268066406 -0.00836944580078125 0.06756591796875 0.366455078125
0.0602569580078125 -0.093353271484375 0.26849365234375 0.29083251953125
-0.0356597900390625 -0.0751876831054688 0.391876220703125 0.096527099609375
-0.0671424865722656 -0.0110931396484375 0.316925048828125 -0.119720458984375
-0.0641212463378906 0.0493202209472656 0.155914306640625 -0.231246948242188
-0.0445060729980469 0.0543365478515625 0.0259246826171875 -0.20672607421875
-0.0542373657226563 0.0649147033691406 -0.0151214599609375 -0.130119323730469
-0.07574462890625 0.085113525390625 -0.0120468139648438 -0.0680274963378906
-0.112068176269531 0.0436477661132813 -0.0118436813354492 -0.0139379501342773
-0.109107971191406 -0.0457534790039063 -0.0410575866699219 0.0214118957519531
-0.03057861328125 -0.117942810058594 -0.129806518554688 0.010589599609375
0.123008728027344 -0.0819549560546875 -0.208419799804688 -0.125747680664063
0.139663696289063 0.0339813232421875 -0.0836944580078125 -0.249313354492188
0.0964813232421875 0.106781005859375 0.176071166992188 -0.10308837890625
-0.0125637054443359 -0.0333957672119141 -0.225906372070312 0.099517822265625
-0.0245723724365234 -0.00456809997558594 0.048431396484375 0.274703979492187
-0.0273151397705078 -0.0195369720458984 0.231887817382813 0.112777709960938
-0.0235576629638672 0.0256023406982422 0.14276123046875 -0.02532958984375
0.0146408081054688 0.0264110565185547 0.0290031433105469 -0.0143604278564453
0.0362434387207031 -0.0146560668945313 -0.00914382934570312 0.0480766296386719
0.0152206420898437 -0.0308704376220703 -0.00400543212890626 0.106727600097656
0.00347709655761719 -0.0191173553466797 0.00906372070312499 0.146713256835938
0.00792121887207031 -0.0199775695800781 -0.03515625 0.2205810546875
0.00736618041992187 -0.0103845596313477 -0.166824340820313 0.240493774414062
0.0154962539672852 0.00561141967773438 -0.300140380859375 0.172271728515625
-0.00618648529052734 0.0126962661743164 -0.370086669921875 -0.031890869140625
-0.0286808013916016 0.0159244537353516 -0.29730224609375 -0.304931640625
-0.058319091796875 -0.00305175781249999 -0.1468505859375 -0.364959716796875
-0.0535125732421875 -0.0619697570800781 -0.00976562500000001 -0.364898681640625
0.08526611328125 0.046661376953125 -0.226516723632813 0.0766448974609376
0.0961990356445313 0.0023193359375 0.0240936279296875 0.262100219726563
0.0581817626953125 -0.102317810058594 0.2132568359375 0.134429931640625
-0.0472183227539063 -0.0790634155273437 0.144943237304688 0.000778198242187495
-0.07293701171875 -0.0140457153320313 0.0460662841796875 -0.00875473022460938
-0.0448455810546875 0.0323333740234375 -0.0042572021484375 0.0444831848144531
-0.0200386047363281 0.0383453369140625 -0.00399017333984375 0.104164123535156
-0.0232295989990234 0.0337200164794922 0.010162353515625 0.144088745117188
-0.0213699340820313 0.0391387939453125 -0.03204345703125 0.217819213867188
-0.0350284576416016 0.0340995788574219 -0.157562255859375 0.251205444335937
-0.0478286743164063 0.0113105773925781 -0.28521728515625 0.18341064453125
-0.0547523498535156 -0.0267524719238281 -0.36968994140625 -0.010589599609375
-0.00347137451171876 -0.0593833923339844 -0.316864013671875 -0.27813720703125
0.0325050354003906 -0.0366668701171875 -0.1759033203125 -0.3597412109375
0.04156494140625 -0.0110931396484375 -0.025665283203125 -0.380615234375
0.171157836914063 0.110549926757813 -0.21307373046875 0.076385498046875
0.200775146484375 -0.0014801025390625 -0.00422668457031251 0.244476318359375
0.124786376953125 -0.178619384765625 0.17578125 0.1685791015625
-0.070281982421875 -0.167190551757813 0.159164428710938 0.0521392822265625
-0.148345947265625 -0.046234130859375 0.0942230224609375 -0.000358581542968753
-0.114158630371094 0.0726394653320313 0.0258827209472656 0.0179309844970703
-0.051513671875 0.0962600708007813 0.00246429443359375 0.0694503784179688
-0.0483551025390625 0.08306884765625 0.00847625732421873 0.117866516113281
-0.0475006103515625 0.0952301025390625 -0.0328826904296875 0.198822021484375
-0.0760498046875 0.0774383544921875 -0.146270751953125 0.245758056640625
-0.110069274902344 0.0200424194335938 -0.270278930664063 0.181381225585938
-0.104576110839844 -0.0663299560546875 -0.3604736328125 9.15527343750415E-05
0.020660400390625 -0.135169982910156 -0.317962646484375 -0.255126953125
0.1202392578125 -0.0694046020507812 -0.18060302734375 -0.34765625
0.131103515625 0.03717041015625 -0.01922607421875 -0.369903564453125
0.233062744140625 0.148086547851562 -0.188446044921875 0.09979248046875
0.267807006835938 -0.0245361328125 -0.0336151123046875 0.244827270507813
0.148483276367188 -0.237747192382812 0.147140502929688 0.221969604492187
-0.0998077392578125 -0.213958740234375 0.198959350585937 0.113204956054687
-0.195587158203125 -0.0556793212890625 0.16302490234375 -0.0010986328125
-0.15570068359375 0.1033935546875 0.07037353515625 -0.0289230346679687
-0.072235107421875 0.134475708007813 0.0131702423095703 0.013432502746582
-0.067901611328125 0.12017822265625 0.00323486328124999 0.07470703125
-0.0685882568359375 0.141830444335937 -0.035308837890625 0.1629638671875
-0.114540100097656 0.115142822265625 -0.134765625 0.218338012695313
-0.169265747070312 0.0234527587890625 -0.247650146484375 0.159194946289062
-0.149215698242187 -0.106674194335938 -0.335601806640625 -0.00756835937500003
0.0489654541015625 -0.202667236328125 -0.29559326171875 -0.23773193359375
0.197189331054688 -0.088897705078125 -0.163055419921875 -0.33062744140625
0.199142456054688 0.0811309814453125 0.00885009765625003 -0.339080810546875
0.264175415039063 0.157577514648438 -0.155166625976563 0.143478393554687
0.285430908203125 -0.046539306640625 -0.0430908203125 0.273468017578125
0.13824462890625 -0.254501342773438 0.152664184570313 0.278152465820313
-0.116928100585938 -0.213150024414063 0.261611938476563 0.151657104492188
-0.204940795898437 -0.04571533203125 0.234725952148438 -0.0214691162109375
-0.162017822265625 0.117691040039063 0.112739562988281 -0.09014892578125
-0.080322265625 0.14886474609375 0.0210952758789063 -0.0553207397460938
-0.0789871215820312 0.1395263671875 -0.00232696533203125 0.0198326110839844
-0.0855255126953125 0.169784545898437 -0.0369644165039063 0.111480712890625
-0.147781372070312 0.136245727539063 -0.118194580078125 0.170501708984375
-0.21246337890625 0.0141143798828125 -0.211456298828125 0.116256713867187
-0.170989990234375 -0.150115966796875 -0.288360595703125 -0.02117919921875
0.0893096923828125 -0.244888305664062 -0.25665283203125 -0.213775634765625
0.254669189453125 -0.0839385986328125 -0.1334228515625 -0.3043212890625
0.234222412109375 0.11962890625 0.051666259765625 -0.29144287109375
0.25872802734375 0.144485473632813 -0.111618041992187 0.200485229492188
0.255447387695312 -0.053558349609375 -0.022979736328125 0.315643310546875
0.110031127929687 -0.224822998046875 0.18878173828125 0.310882568359375
-0.1087646484375 -0.175765991210937 0.327972412109375 0.153167724609375
-0.175643920898437 -0.02947998046875 0.287322998046875 -0.058380126953125
-0.141189575195313 0.11138916015625 0.140609741210938 -0.152008056640625
-0.076568603515625 0.136665344238281 0.0256195068359375 -0.120346069335937
-0.0804290771484375 0.136192321777344 -0.00840377807617188 -0.0364418029785156
-0.0951995849609375 0.170379638671875 -0.0332679748535156 0.0477828979492188
-0.166183471679688 0.128814697265625 -0.0895919799804688 0.103691101074219
-0.2235107421875 -0.0126800537109375 -0.156448364257813 0.0671234130859375
-0.152587890625 -0.181610107421875 -0.22454833984375 -0.0264892578125
0.1319580078125 -0.237838745117188 -0.218597412109375 -0.177932739257812
0.270660400390625 -0.048919677734375 -0.106735229492187 -0.275436401367188
0.226638793945313 0.144134521484375 0.10003662109375 -0.230453491210937
0.220062255859375 0.111175537109375 -0.0615386962890625 0.260299682617188
0.196121215820312 -0.040283203125 0.02215576171875 0.350311279296875
0.0831451416015625 -0.165084838867188 0.237030029296875 0.311004638671875
-0.0787734985351563 -0.125312805175781 0.37322998046875 0.12725830078125
-0.125320434570313 -0.016143798828125 0.31243896484375 -0.0975341796875
-0.104240417480469 0.0867919921875 0.151443481445313 -0.201492309570313
-0.0640792846679688 0.104736328125 0.024932861328125 -0.172576904296875
-0.0712738037109375 0.1121826171875 -0.01373291015625 -0.0885391235351562
-0.0920867919921875 0.141250610351563 -0.0239620208740234 -0.0155353546142578
-0.157058715820313 0.0947265625 -0.0499954223632813 0.0362472534179688
-0.18603515625 -0.0372161865234375 -0.0912704467773438 0.0323410034179688
-0.0971832275390625 -0.17437744140625 -0.1644287109375 -0.0114898681640625
0.152175903320313 -0.176742553710938 -0.204544067382813 -0.138992309570312
0.23309326171875 0.0003204345703125 -0.0947265625 -0.254058837890625
0.178802490234375 0.143173217773438 0.14324951171875 -0.166259765625
0.152053833007812 0.0667877197265625 -0.01434326171875 0.311798095703125
0.121902465820313 -0.0116119384765625 0.076873779296875 0.3702392578125
0.0578155517578125 -0.0940322875976563 0.276947021484375 0.289764404296875
-0.0382843017578125 -0.0733718872070313 0.397247314453125 0.0887451171875
-0.0681495666503906 -0.00965118408203126 0.31719970703125 -0.129364013671875
-0.0627174377441406 0.050506591796875 0.149627685546875 -0.235153198242187
-0.0451164245605469 0.0580940246582031 0.019744873046875 -0.208908081054688
-0.052642822265625 0.0705032348632812 -0.01690673828125 -0.128059387207031
-0.0740585327148438 0.0902633666992188 -0.0128555297851563 -0.0669136047363281
-0.112861633300781 0.045013427734375 -0.012725830078125 -0.0153331756591797
-0.112518310546875 -0.0438156127929688 -0.0408058166503906 0.0194778442382812
-0.0347137451171875 -0.119247436523438 -0.13043212890625 0.01312255859375
0.123153686523438 -0.0872955322265625 -0.214065551757813 -0.1202392578125
0.143295288085938 0.033935546875 -0.089599609375 -0.249221801757813
0.101181030273438 0.107177734375 0.175613403320313 -0.108383178710938
-0.016693115234375 -0.0354881286621094 -0.228927612304688 0.107421875
-0.0271701812744141 -0.00644111633300781 0.0589447021484375 0.280120849609375
-0.0310420989990234 -0.0202293395996094 0.243026733398437 0.109405517578125
-0.0218009948730469 0.0281276702880859 0.145767211914063 -0.02911376953125
0.01678466796875 0.0271854400634766 0.0284767150878906 -0.0148773193359375
0.0357017517089844 -0.0166244506835938 -0.0067596435546875 0.0497093200683594
0.0124053955078125 -0.0319499969482422 0.000938415527343746 0.109771728515625
0.00291824340820313 -0.020172119140625 0.013671875 0.1483154296875
0.00665473937988281 -0.0205364227294922 -0.029144287109375 0.224853515625
0.00766849517822266 -0.0112085342407227 -0.162490844726562 0.250457763671875
0.015289306640625 0.00379371643066406 -0.30169677734375 0.184783935546875
-0.00557708740234375 0.0141706466674805 -0.3812255859375 -0.0227050781249999
-0.0284900665283203 0.0173053741455078 -0.314178466796875 -0.308197021484375
-0.0601577758789062 -0.00177001953125001 -0.16143798828125 -0.3719482421875
-0.05706787109375 -0.0635833740234375 -0.017974853515625 -0.376617431640625
0.0869903564453125 0.0449600219726563 -0.232254028320312 0.0835113525390625
0.0982818603515625 -0.000579833984375 0.033843994140625 0.267730712890625
0.0541839599609375 -0.108963012695313 0.224105834960938 0.131011962890625
-0.0503768920898437 -0.0794906616210938 0.148635864257813 -0.00274658203125
-0.0761642456054688 -0.01190185546875 0.0463943481445312 -0.00966644287109375
-0.0458755493164063 0.0348014831542969 -0.00207519531250001 0.0463066101074219
-0.02130126953125 0.04034423828125 -0.000511169433593753 0.106895446777344
-0.0232048034667969 0.0365753173828125 0.014678955078125 0.145065307617188
-0.020751953125 0.0415916442871094 -0.026641845703125 0.222686767578125
-0.0352249145507813 0.0353736877441406 -0.152099609375 0.260971069335937
-0.0485000610351563 0.0132713317871094 -0.288299560546875 0.19720458984375
-0.05645751953125 -0.0241279602050781 -0.38079833984375 -0.00115966796875
-0.0058135986328125 -0.0610504150390625 -0.333740234375 -0.277984619140625
0.0318603515625 -0.0394401550292969 -0.191314697265625 -0.36627197265625
0.0412406921386719 -0.0136489868164062 -0.03466796875 -0.39208984375
0.17608642578125 0.110641479492188 -0.217178344726563 0.0826263427734374
0.206329345703125 -0.0074005126953125 0.00296020507812504 0.250839233398438
0.122421264648438 -0.1895751953125 0.187255859375 0.16864013671875
-0.0778350830078125 -0.169174194335938 0.164703369140625 0.050445556640625
-0.154342651367188 -0.0429840087890625 0.0968093872070312 -0.00331878662109375
-0.116531372070313 0.0794906616210938 0.0281162261962891 0.0177497863769531
-0.0520782470703125 0.102127075195312 0.0049896240234375 0.0712890625
-0.0483551025390625 0.088134765625 0.012054443359375 0.119049072265625
-0.0455551147460937 0.100173950195313 -0.027587890625 0.203598022460938
-0.0751876831054687 0.0824127197265625 -0.140884399414063 0.25439453125
-0.112701416015625 0.0242385864257813 -0.272689819335938 0.194534301757812
-0.108901977539063 -0.0625686645507812 -0.37158203125 0.00885009765624999
0.0170516967773438 -0.139877319335937 -0.333892822265625 -0.255462646484375
0.121406555175781 -0.0746078491210938 -0.195465087890625 -0.353118896484375
0.1339111328125 0.034912109375 -0.02862548828125 -0.38250732421875
0.240371704101563 0.147445678710938 -0.190994262695312 0.107284545898438
0.273544311523438 -0.03076171875 -0.0268707275390625 0.251708984375
0.147369384765625 -0.250701904296875 0.159103393554687 0.22515869140625
-0.108352661132812 -0.216644287109375 0.207611083984375 0.112380981445313
-0.203140258789063 -0.0509033203125 0.168746948242188 -0.0068817138671875
-0.15704345703125 0.110992431640625 0.0714035034179687 -0.0311126708984375
-0.0720367431640625 0.1427001953125 0.0137977600097656 0.0125198364257813
-0.0660400390625 0.127037048339844 0.00590515136718749 0.0751113891601563
-0.06536865234375 0.148590087890625 -0.03125 0.167861938476563
-0.113807678222656 0.122909545898438 -0.1302490234375 0.227279663085937
-0.173126220703125 0.030059814453125 -0.250701904296875 0.1702880859375
-0.15618896484375 -0.104202270507813 -0.34527587890625 0.00152587890625004
0.043731689453125 -0.210281372070313 -0.31103515625 -0.2371826171875
0.2000732421875 -0.097137451171875 -0.177276611328125 -0.3360595703125
0.205810546875 0.0796356201171875 0.00149536132812501 -0.350250244140625
0.271743774414063 0.157455444335938 -0.156097412109375 0.151885986328125
0.290863037109375 -0.05413818359375 -0.036529541015625 0.28179931640625
0.135604858398437 -0.268142700195313 0.1663818359375 0.283203125
-0.12646484375 -0.215774536132812 0.273681640625 0.149871826171875
-0.211761474609375 -0.040924072265625 0.24188232421875 -0.029083251953125
-0.162506103515625 0.12628173828125 0.112983703613281 -0.0945587158203125
-0.0801239013671875 0.157073974609375 0.0207443237304687 -0.0565452575683594
-0.07757568359375 0.146713256835938 -0.00161170959472657 0.0215835571289063
-0.0828094482421875 0.177627563476562 -0.0344772338867188 0.115776062011719
-0.1480712890625 0.144485473632813 -0.113296508789062 0.176116943359375
-0.218963623046875 0.0213623046875 -0.214370727539063 0.1239013671875
-0.18011474609375 -0.148269653320313 -0.29705810546875 -0.01348876953125
0.083709716796875 -0.254928588867188 -0.269439697265625 -0.213272094726563
0.259597778320313 -0.093048095703125 -0.145538330078125 -0.310546875
0.243637084960938 0.119400024414063 0.0463562011718751 -0.30181884765625
0.265365600585938 0.142684936523438 -0.1107177734375 0.210159301757813
0.259429931640625 -0.0594329833984375 -0.01397705078125 0.325164794921875
0.107101440429688 -0.236190795898437 0.205322265625 0.316558837890625
-0.117019653320312 -0.17657470703125 0.342376708984375 0.149078369140625
-0.181549072265625 -0.0248565673828125 0.294158935546875 -0.0684814453125
-0.141250610351563 0.118728637695313 0.13897705078125 -0.158096313476562
-0.075714111328125 0.144546508789063 0.0227203369140625 -0.123443603515625
-0.07879638671875 0.144195556640625 -0.00940704345703126 -0.0359039306640625
-0.092437744140625 0.179794311523438 -0.0329971313476563 0.0510520935058594
-0.167999267578125 0.138137817382813 -0.0859756469726563 0.107406616210938
-0.230804443359375 -0.00463867187499998 -0.158782958984375 0.0723724365234375
-0.16253662109375 -0.181259155273438 -0.231155395507813 -0.02081298828125
0.128921508789063 -0.249618530273438 -0.228668212890625 -0.177017211914063
0.27789306640625 -0.0576171875 -0.117919921875 -0.279556274414063
0.237106323242188 0.145156860351563 0.0966033935546875 -0.240692138671875
0.224441528320313 0.1092529296875 -0.0598907470703125 0.271133422851563
0.198944091796875 -0.045196533203125 0.0328369140625 0.36151123046875
0.0800933837890625 -0.172576904296875 0.252838134765625 0.31597900390625
-0.0840072631835938 -0.124763488769531 0.388671875 0.12066650390625
-0.128921508789063 -0.0130538940429687 0.3193359375 -0.108734130859375
-0.10430908203125 0.092193603515625 0.150039672851563 -0.208908081054688
-0.0635528564453125 0.109954833984375 0.0208587646484375 -0.175933837890625
-0.0705718994140625 0.119239807128906 -0.0158233642578125 -0.0882339477539062
-0.0904388427734375 0.150985717773437 -0.0259056091308594 -0.0162677764892578
-0.1595458984375 0.102828979492188 -0.0485649108886719 0.0373153686523438
-0.194488525390625 -0.032958984375 -0.093353271484375 0.0346298217773437
-0.104965209960938 -0.176742553710938 -0.16851806640625 -0.00662231445312501
0.152069091796875 -0.187759399414063 -0.213470458984375 -0.136322021484375
0.241744995117188 -0.004669189453125 -0.104660034179688 -0.2579345703125
0.188552856445313 0.144622802734375 0.142166137695313 -0.176071166992188
0.154022216796875 0.0642852783203125 -0.00805664062500002 0.3223876953125
0.124908447265625 -0.0142745971679688 0.090576171875 0.380615234375
0.05718994140625 -0.09912109375 0.29339599609375 0.29193115234375
-0.0422439575195313 -0.0739669799804688 0.412384033203125 0.081573486328125
-0.06982421875 -0.00813674926757814 0.322784423828125 -0.1416015625
-0.0631599426269531 0.053802490234375 0.147064208984375 -0.243118286132813
-0.045379638671875 0.0620994567871094 0.0139923095703125 -0.212997436523437
-0.0524978637695313 0.07489013671875 -0.0206756591796875 -0.128280639648438
-0.073150634765625 0.0965042114257813 -0.0147933959960937 -0.0687217712402344
-0.115333557128906 0.0509872436523438 -0.0119476318359375 -0.0164127349853516
-0.11700439453125 -0.0424728393554688 -0.0412330627441406 0.0190086364746094
-0.0381698608398437 -0.122207641601563 -0.132278442382813 0.0182647705078125
0.124458312988281 -0.0939483642578125 -0.223587036132812 -0.116104125976563
0.149581909179688 0.0325164794921875 -0.0991058349609375 -0.252655029296875
0.107582092285156 0.109931945800781 0.177871704101563 -0.117080688476562
-0.0208702087402344 -0.0375938415527344 -0.232620239257813 0.122344970703125
-0.0301151275634766 -0.00587654113769531 0.075775146484375 0.286834716796875
-0.0370216369628906 -0.0192604064941406 0.259521484375 0.10064697265625
-0.0207099914550781 0.0308704376220703 0.150314331054688 -0.0370330810546875
0.0202178955078125 0.0279407501220703 0.0292739868164062 -0.0162944793701172
0.0356979370117187 -0.0185546875 -0.0041046142578125 0.051849365234375
0.00873374938964844 -0.0329227447509766 0.0070648193359375 0.11260986328125
0.00131797790527344 -0.0196704864501953 0.0204620361328125 0.14984130859375
0.00696563720703125 -0.0214176177978516 -0.0181884765625 0.23101806640625
0.00683689117431641 -0.0114870071411133 -0.1551513671875 0.265609741210938
0.0168180465698242 0.00340843200683594 -0.303192138671875 0.20672607421875
-0.00493621826171875 0.0156307220458984 -0.3961181640625 -0.00619506835937503
-0.029296875 0.0189208984375 -0.341400146484375 -0.3076171875
-0.0627403259277344 -0.000850677490234362 -0.186309814453125 -0.379364013671875
-0.0635032653808594 -0.0654373168945313 -0.034820556640625 -0.3931884765625
0.0894088745117188 0.0426788330078125 -0.23687744140625 0.0964508056640625
0.100288391113281 -0.004547119140625 0.0493316650390625 0.27435302734375
0.0493392944335937 -0.117294311523438 0.241622924804688 0.124801635742187
-0.056060791015625 -0.0795516967773437 0.154525756835938 -0.00947570800781251
-0.0783767700195313 -0.00832366943359373 0.0472450256347656 -0.012298583984375
-0.0462417602539062 0.0389595031738281 0.00164413452148437 0.0481452941894531
-0.0212631225585938 0.0445442199707031 0.00671386718750001 0.109268188476562
-0.0233726501464844 0.0397262573242188 0.0225372314453125 0.147232055664063
-0.019317626953125 0.043487548828125 -0.0153656005859375 0.229248046875
-0.0341148376464844 0.0389595031738281 -0.1434326171875 0.27496337890625
-0.0490646362304688 0.0165519714355469 -0.28973388671875 0.217987060546875
-0.0591239929199219 -0.0214576721191406 -0.3955078125 0.016510009765625
-0.00952148437499999 -0.0640983581542969 -0.360687255859375 -0.27471923828125
0.0309791564941406 -0.0425796508789063 -0.216766357421875 -0.3719482421875
0.0407943725585937 -0.0169906616210937 -0.05279541015625 -0.408203125
0.186355590820313 0.108428955078125 -0.221771240234375 0.0938720703125
0.213287353515625 -0.0154876708984375 0.0162353515625 0.257553100585938
0.11651611328125 -0.204757690429688 0.204391479492188 0.164413452148438
-0.089630126953125 -0.172088623046875 0.174880981445313 0.0451202392578125
-0.161346435546875 -0.0365753173828125 0.100791931152344 -0.00732421875
-0.116989135742187 0.0881500244140625 0.0303821563720703 0.0178985595703125
-0.0502090454101563 0.109977722167969 0.0100021362304687 0.0733718872070313
-0.0445327758789063 0.0942535400390625 0.0190505981445312 0.121063232421875
-0.0415267944335937 0.106674194335938 -0.0183868408203125 0.210464477539063
-0.0739517211914063 0.0886993408203125 -0.132080078125 0.267913818359375
-0.115249633789063 0.0317764282226563 -0.273330688476563 0.215011596679687
-0.115852355957031 -0.0583267211914062 -0.385406494140625 0.027679443359375
0.01068115234375 -0.146453857421875 -0.36041259765625 -0.250091552734375
0.121841430664063 -0.0844879150390625 -0.2203369140625 -0.35943603515625
0.139640808105469 0.0301742553710938 -0.045318603515625 -0.398590087890625
0.253677368164063 0.145004272460938 -0.194717407226562 0.118408203125
0.28240966796875 -0.04345703125 -0.0144805908203125 0.26165771484375
0.140045166015625 -0.270126342773438 0.177780151367188 0.22479248046875
-0.123641967773438 -0.219009399414062 0.222991943359375 0.106857299804687
-0.213287353515625 -0.04339599609375 0.175613403320313 -0.015167236328125
-0.156524658203125 0.123764038085938 0.0733261108398437 -0.035430908203125
-0.0688934326171875 0.153961181640625 0.0155630111694336 0.013397216796875
-0.062103271484375 0.135971069335938 0.0106735229492187 0.0771026611328125
-0.060699462890625 0.157821655273438 -0.023712158203125 0.174026489257813
-0.112129211425781 0.13311767578125 -0.121688842773437 0.240234375
-0.177566528320313 0.0411834716796875 -0.252029418945313 0.188858032226562
-0.166702270507813 -0.099365234375 -0.359588623046875 0.018310546875
0.0352935791015625 -0.221328735351562 -0.334503173828125 -0.233489990234375
0.203018188476563 -0.110595703125 -0.200164794921875 -0.3409423828125
0.216903686523438 0.0753631591796875 -0.01348876953125 -0.366851806640625
0.285797119140625 0.153350830078125 -0.155853271484375 0.164031982421875
0.297760009765625 -0.06793212890625 -0.024505615234375 0.293212890625
0.128082275390625 -0.286468505859375 0.18792724609375 0.286895751953125
-0.142257690429688 -0.217376708984375 0.294158935546875 0.142608642578125
-0.221954345703125 -0.0316314697265625 0.25091552734375 -0.0424957275390625
-0.162185668945312 0.139083862304688 0.112907409667969 -0.102485656738281
-0.075653076171875 0.167556762695312 0.0191307067871094 -0.0587348937988281
-0.0731964111328125 0.1568603515625 0.000211715698242181 0.0222721099853516
-0.0757293701171875 0.190338134765625 -0.02947998046875 0.121078491210938
-0.1455078125 0.157928466796875 -0.106903076171875 0.186203002929687
-0.22674560546875 0.035125732421875 -0.217239379882813 0.13818359375
-0.19403076171875 -0.1439208984375 -0.3101806640625 0.000305175781249958
0.073974609375 -0.27056884765625 -0.288970947265625 -0.2103271484375
0.265838623046875 -0.1087646484375 -0.166534423828125 -0.31512451171875
0.258468627929687 0.115249633789062 0.0343017578125 -0.317779541015625
0.278152465820313 0.138626098632813 -0.10662841796875 0.224380493164063
0.26458740234375 -0.0720062255859375 0.00183105468750004 0.33807373046875
0.10015869140625 -0.251708984375 0.230010986328125 0.3189697265625
-0.129119873046875 -0.177154541015625 0.363861083984375 0.138824462890625
-0.189041137695312 -0.0162353515625 0.303314208984375 -0.08538818359375
-0.139686584472656 0.1298828125 0.137725830078125 -0.16925048828125
-0.072662353515625 0.15460205078125 0.0182647705078125 -0.12701416015625
-0.07470703125 0.154312133789063 -0.0102653503417969 -0.0358924865722656
-0.087005615234375 0.193099975585938 -0.0313491821289063 0.0535087585449219
-0.166778564453125 0.1527099609375 -0.08184814453125 0.113174438476562
-0.240753173828125 0.0075225830078125 -0.161178588867188 0.081146240234375
-0.177398681640625 -0.180221557617187 -0.241043090820313 -0.010040283203125
0.12249755859375 -0.267318725585938 -0.246383666992188 -0.173110961914063
0.287322998046875 -0.07177734375 -0.135467529296875 -0.284149169921875
0.253219604492188 0.143112182617187 0.0889892578125 -0.256118774414062
0.234222412109375 0.106475830078125 -0.0509033203125 0.285919189453125
0.204254150390625 -0.0543365478515625 0.0523681640625 0.373626708984375
0.0753326416015625 -0.184341430664063 0.279327392578125 0.316436767578125
-0.0917282104492187 -0.124130249023437 0.41046142578125 0.107025146484375
-0.133705139160156 -0.00683593750000001 0.32696533203125 -0.128509521484375
-0.103805541992188 0.100700378417969 0.145599365234375 -0.22113037109375
-0.06182861328125 0.118934631347656 0.0124664306640625 -0.1820068359375
-0.0669326782226563 0.127693176269531 -0.01947021484375 -0.0884246826171875
-0.085540771484375 0.16278076171875 -0.0272216796875 -0.0148429870605469
-0.161270141601562 0.115478515625 -0.0476875305175781 0.0393943786621094
-0.204452514648438 -0.0243072509765625 -0.0947418212890625 0.0379562377929687
-0.11798095703125 -0.179672241210938 -0.175186157226563 0.000839233398437472
0.148880004882813 -0.204086303710938 -0.228103637695313 -0.13055419921875
0.252166748046875 -0.0157318115234375 -0.121490478515625 -0.262802124023438
0.2027587890625 0.144271850585937 0.13897705078125 -0.190887451171875
0.159027099609375 0.060699462890625 0.00463867187499998 0.33721923828125
0.127937316894531 -0.019561767578125 0.11212158203125 0.3909912109375
0.0550003051757813 -0.105728149414063 0.319854736328125 0.290557861328125
-0.0465240478515625 -0.0731430053710937 0.431976318359375 0.06427001953125
-0.0728225708007813 -0.00490570068359375 0.327850341796875 -0.161834716796875
-0.0620040893554688 0.0586585998535156 0.140975952148437 -0.256484985351563
-0.0465545654296875 0.0672798156738281 0.0039215087890625 -0.21929931640625
-0.0508956909179688 0.0808029174804687 -0.0272903442382813 -0.129539489746094
-0.0711441040039062 0.105232238769531 -0.0190505981445312 -0.0697517395019531
-0.118186950683594 0.059539794921875 -0.0119552612304688 -0.0186386108398437
-0.124031066894531 -0.0382232666015625 -0.0412406921386719 0.0205192565917969
-0.0454864501953125 -0.125045776367188 -0.135986328125 0.0257797241210937
0.124504089355469 -0.104316711425781 -0.237045288085937 -0.107650756835937
0.158309936523438 0.0276336669921875 -0.116104125976562 -0.256851196289063
0.1177978515625 0.109298706054687 0.178939819335938 -0.130584716796875
-0.02655029296875 -0.037078857421875 -0.230194091796875 0.138839721679688
-0.03277587890625 -0.00384902954101562 0.098785400390625 0.286590576171875
-0.0425033569335938 -0.0165824890136719 0.274337768554688 0.0817108154296875
-0.018463134765625 0.0338306427001953 0.151397705078125 -0.050384521484375
0.0240268707275391 0.0266456604003906 0.0280246734619141 -0.0185203552246094
0.0342330932617188 -0.0221443176269531 0.000972747802734377 0.0531730651855469
0.00565910339355469 -0.0325355529785156 0.0163421630859375 0.11322021484375
0.000177383422851564 -0.0194797515869141 0.0326385498046875 0.149627685546875
0.00488662719726562 -0.0227813720703125 -0.000808715820312479 0.233978271484375
0.0064401626586914 -0.0121498107910156 -0.13848876953125 0.280609130859375
0.0176506042480469 0.00267791748046875 -0.29498291015625 0.233612060546875
-0.00380706787109375 0.0173368453979492 -0.407989501953125 0.02099609375
-0.0297966003417969 0.0199413299560547 -0.37420654296875 -0.292083740234375
-0.0643959045410156 0.00289154052734374 -0.218109130859375 -0.377044677734375
-0.0702476501464844 -0.0636978149414063 -0.0616455078125 -0.40374755859375
0.0939788818359375 0.0390625 -0.237335205078125 0.113433837890625
0.101982116699219 -0.0112152099609375 0.070526123046875 0.276382446289063
0.0393600463867188 -0.123802185058594 0.2587890625 0.108230590820312
-0.0626983642578125 -0.0778579711914063 0.158843994140625 -0.0220489501953125
-0.08038330078125 -0.00236511230468748 0.0479888916015625 -0.016448974609375
-0.0456085205078125 0.043121337890625 0.00480651855468749 0.0489578247070312
-0.019500732421875 0.04931640625 0.01580810546875 0.110992431640625
-0.0198173522949219 0.0429344177246094 0.0341644287109375 0.146347045898438
-0.0159759521484375 0.046783447265625 0.00085449218750001 0.232315063476563
-0.0322265625 0.0423431396484375 -0.125885009765625 0.2886962890625
-0.048309326171875 0.0207977294921875 -0.279876708984375 0.2445068359375
-0.0618629455566406 -0.0167884826660156 -0.40447998046875 0.0448608398437499
-0.0154609680175781 -0.0659065246582031 -0.390289306640625 -0.25701904296875
0.0276870727539063 -0.0466346740722656 -0.249237060546875 -0.36627197265625
0.0395393371582031 -0.0206108093261719 -0.080322265625 -0.41796875
0.196853637695313 0.100830078125 -0.222518920898438 0.110565185546875
0.216934204101563 -0.029510498046875 0.03570556640625 0.260818481445312
0.102188110351563 -0.219573974609375 0.223663330078125 0.151275634765625
-0.104217529296875 -0.170059204101563 0.183303833007812 0.0336761474609375
-0.168106079101562 -0.025604248046875 0.103134155273437 -0.0150146484375
-0.113471984863281 0.099151611328125 0.0331459045410156 0.0169754028320313
-0.0433120727539063 0.118850708007813 0.0176849365234375 0.0736770629882813
-0.03900146484375 0.100395202636719 0.0286407470703125 0.120559692382813
-0.0342254638671875 0.112472534179688 -0.00244140624999998 0.214385986328125
-0.0681686401367188 0.0963516235351563 -0.11456298828125 0.2813720703125
-0.114295959472656 0.041595458984375 -0.26470947265625 0.23968505859375
-0.121284484863281 -0.0501327514648438 -0.393310546875 0.0549926757812499
-0.0018463134765625 -0.151275634765625 -0.387725830078125 -0.23321533203125
0.117927551269531 -0.0946731567382813 -0.253509521484375 -0.35302734375
0.143798828125 0.022491455078125 -0.0726928710937499 -0.40838623046875
0.268402099609375 0.135009765625 -0.191680908203125 0.1334228515625
0.286346435546875 -0.061798095703125 0.0044708251953125 0.26678466796875
0.122802734375 -0.287689208984375 0.200515747070313 0.216445922851562
-0.1429443359375 -0.217086791992188 0.237442016601563 0.0923614501953125
-0.22161865234375 -0.02874755859375 0.179779052734375 -0.02947998046875
-0.151870727539063 0.138259887695312 0.0736312866210937 -0.0406112670898437
-0.059295654296875 0.163681030273438 0.0183334350585937 0.0115756988525391
-0.0541229248046875 0.144302368164062 0.0165634155273438 0.0761184692382813
-0.049530029296875 0.167312622070313 -0.011444091796875 0.17864990234375
-0.10357666015625 0.143600463867188 -0.105880737304688 0.25164794921875
-0.178115844726563 0.0562591552734375 -0.245559692382813 0.21148681640625
-0.176895141601563 -0.08795166015625 -0.367645263671875 0.04510498046875
0.01861572265625 -0.230056762695313 -0.359954833984375 -0.21685791015625
0.200271606445312 -0.127655029296875 -0.229888916015625 -0.336334228515625
0.2266845703125 0.0644683837890625 -0.03985595703125 -0.378570556640625
0.301177978515625 0.14263916015625 -0.149429321289062 0.179580688476562
0.299652099609375 -0.087554931640625 -0.00314331054687499 0.299713134765625
0.108673095703125 -0.304443359375 0.215225219726563 0.278671264648438
-0.1610107421875 -0.21173095703125 0.313323974609375 0.125244140625
-0.228897094726563 -0.0158843994140625 0.25390625 -0.0631561279296875
-0.155792236328125 0.154144287109375 0.109657287597656 -0.112106323242187
-0.065338134765625 0.1796875 0.0167694091796875 -0.0608024597167968
-0.062774658203125 0.1666259765625 0.00321197509765625 0.0224647521972656
-0.06280517578125 0.201553344726563 -0.021087646484375 0.125129699707031
-0.137313842773438 0.172332763671875 -0.0941619873046875 0.19586181640625
-0.228958129882812 0.0533905029296875 -0.213104248046875 0.157867431640625
-0.208526611328125 -0.133529663085938 -0.31781005859375 0.0216064453125
0.056396484375 -0.283599853515625 -0.311492919921875 -0.1951904296875
0.26434326171875 -0.1302490234375 -0.193939208984375 -0.311309814453125
0.273406982421875 0.103912353515625 0.012054443359375 -0.330810546875
0.29156494140625 0.127655029296875 -0.094940185546875 0.238113403320313
0.265777587890625 -0.0894622802734375 0.026092529296875 0.345123291015625
0.084075927734375 -0.266677856445313 0.259857177734375 0.31072998046875
-0.144668579101563 -0.171585083007813 0.3834228515625 0.115966796875
-0.1939697265625 -0.00296020507812499 0.3048095703125 -0.11077880859375
-0.133148193359375 0.1434326171875 0.129776000976563 -0.181289672851563
-0.0634002685546875 0.165802001953125 0.0102310180664063 -0.13031005859375
-0.0648345947265625 0.164199829101563 -0.0111770629882813 -0.0353279113769531
-0.073150634765625 0.205184936523438 -0.0276412963867188 0.0576133728027344
-0.159912109375 0.169036865234375 -0.07427978515625 0.119338989257813
-0.246505737304687 0.0262908935546874 -0.160232543945313 0.0942535400390625
-0.19390869140625 -0.172378540039063 -0.247329711914063 0.00581359863281249
0.1060791015625 -0.284637451171875 -0.264083862304688 -0.160018920898438
0.290679931640625 -0.0933837890625 -0.160614013671875 -0.281829833984375
0.269332885742188 0.131866455078125 0.07232666015625 -0.270095825195313
0.24334716796875 0.0959014892578125 -0.03350830078125 0.298095703125
0.204696655273438 -0.067291259765625 0.08123779296875 0.37921142578125
0.063568115234375 -0.194869995117187 0.310760498046875 0.3050537109375
-0.102874755859375 -0.119232177734375 0.429779052734375 0.08001708984375
-0.136985778808594 0.00218963623046873 0.3265380859375 -0.156036376953125
-0.0981292724609375 0.110244750976563 0.134246826171875 -0.235549926757813
-0.0549850463867188 0.127777099609375 0.000854492187499993 -0.184906005859375
-0.0588302612304687 0.135963439941406 -0.024658203125 -0.087738037109375
-0.0743255615234375 0.17486572265625 -0.0285911560058594 -0.0138130187988281
-0.156097412109375 0.13043212890625 -0.0442390441894531 0.0407142639160156
-0.21173095703125 -0.00990295410156248 -0.0948944091796875 0.045013427734375
-0.133316040039063 -0.176620483398438 -0.178573608398438 0.0138397216796875
0.138946533203125 -0.220779418945312 -0.242782592773438 -0.11627197265625
0.258697509765625 -0.033111572265625 -0.144149780273437 -0.259567260742188
0.217910766601563 0.135986328125 0.1285400390625 -0.206085205078125
0.163406372070313 0.0543060302734375 0.026092529296875 0.3487548828125
0.129928588867188 -0.0272750854492188 0.1446533203125 0.393035888671875
0.0491409301757812 -0.113380432128906 0.350006103515625 0.274505615234375
-0.0525588989257813 -0.0703277587890625 0.448486328125 0.03497314453125
-0.0734710693359375 -1.52587890624979E-05 0.32415771484375 -0.189788818359375
-0.0595550537109375 0.0642929077148437 0.127212524414062 -0.2706298828125
-0.0426025390625 0.0735549926757813 -0.011199951171875 -0.222152709960938
-0.04510498046875 0.087677001953125 -0.035675048828125 -0.128280639648438
-0.064300537109375 0.114944458007813 -0.0252304077148438 -0.0704498291015625
-0.116691589355469 0.0703964233398438 -0.0126056671142578 -0.0210952758789062
-0.130287170410156 -0.0308685302734375 -0.0402374267578125 0.0219841003417969
-0.0547027587890625 -0.125930786132813 -0.136375427246094 0.0361328125
0.120521545410156 -0.115997314453125 -0.251022338867188 -0.0918884277343751
0.165054321289063 0.0182037353515625 -0.137847900390625 -0.25494384765625
0.127937316894531 0.104972839355469 0.173110961914063 -0.147552490234375
-0.0307235717773438 -0.0352973937988281 -0.219650268554687 0.154464721679688
-0.0345935821533203 -0.00143051147460938 0.120803833007813 0.277725219726563
-0.0467491149902344 -0.0120468139648437 0.28179931640625 0.058380126953125
-0.0151634216308594 0.035003662109375 0.148300170898437 -0.0623016357421875
0.0264930725097656 0.0242176055908203 0.0262928009033203 -0.01995849609375
0.0315971374511719 -0.0248661041259766 0.00627517700195312 0.0523681640625
0.00285148620605468 -0.0308151245117187 0.0259552001953125 0.110710144042969
-0.00110626220703125 -0.0183277130126953 0.043243408203125 0.143020629882813
0.00260353088378906 -0.0231475830078125 0.0165252685546875 0.229415893554688
0.00479602813720703 -0.0123043060302734 -0.11614990234375 0.287322998046875
0.0180511474609375 0.0007781982421875 -0.274551391601563 0.254669189453125
-0.00174713134765625 0.0171661376953125 -0.4058837890625 0.0505676269531251
-0.0296058654785156 0.0210037231445313 -0.397064208984375 -0.26434326171875
-0.0644340515136719 0.00732040405273436 -0.246246337890625 -0.359832763671875
-0.075927734375 -0.0589218139648438 -0.08953857421875 -0.40167236328125
0.0951614379882813 0.0335006713867188 -0.229751586914062 0.128707885742187
0.100410461425781 -0.0182723999023438 0.0919952392578125 0.268112182617188
0.0279922485351563 -0.126495361328125 0.267486572265625 0.0850830078125
-0.0678482055664063 -0.0729522705078125 0.156784057617187 -0.035369873046875
-0.0801162719726563 0.00337982177734374 0.0468902587890625 -0.0206260681152344
-0.0425224304199219 0.0471000671386719 0.0101089477539062 0.0493545532226563
-0.0156936645507812 0.0522613525390625 0.02545166015625 0.10784912109375
-0.0164833068847656 0.0449638366699219 0.0450363159179687 0.139823913574219
-0.0118141174316406 0.0480003356933594 0.0179290771484375 0.227294921875
-0.0287818908691406 0.0442237854003906 -0.102630615234375 0.29522705078125
-0.046356201171875 0.0248947143554688 -0.259109497070313 0.264022827148438
-0.0615272521972656 -0.0114860534667969 -0.401031494140625 0.074981689453125
-0.0219764709472656 -0.0652885437011719 -0.410491943359375 -0.2293701171875
0.0232925415039063 -0.0492935180664062 -0.275970458984375 -0.347869873046875
0.0370407104492188 -0.0231895446777344 -0.109710693359375 -0.4149169921875
0.203109741210938 0.0893707275390625 -0.214797973632813 0.125747680664063
0.214996337890625 -0.0435028076171875 0.055877685546875 0.255722045898438
0.0848846435546875 -0.227340698242187 0.23602294921875 0.131011962890625
-0.117263793945312 -0.162200927734375 0.1864013671875 0.0177764892578125
-0.169692993164063 -0.0132598876953125 0.102340698242187 -0.0238723754882812
-0.105522155761719 0.108085632324219 0.0357131958007813 0.0152740478515625
-0.0337982177734375 0.123588562011719 0.0245895385742188 0.0708770751953125
-0.0303573608398438 0.103164672851563 0.03729248046875 0.114952087402344
-0.0240325927734375 0.115196228027344 0.0133819580078125 0.21099853515625
-0.060516357421875 0.100502014160156 -0.091949462890625 0.285888671875
-0.109382629394531 0.0510177612304687 -0.244003295898438 0.259658813476563
-0.123374938964844 -0.0403366088867187 -0.38897705078125 0.0844116210937501
-0.0147247314453125 -0.151504516601563 -0.4053955078125 -0.2039794921875
0.108924865722656 -0.102676391601563 -0.27886962890625 -0.3343505859375
0.14459228515625 0.013885498046875 -0.101593017578125 -0.4063720703125
0.277862548828125 0.119400024414063 -0.183761596679688 0.146865844726562
0.2813720703125 -0.080718994140625 0.0249481201171875 0.262481689453125
0.0997314453125 -0.298309326171875 0.217086791992188 0.197647094726562
-0.159805297851563 -0.205718994140625 0.244308471679687 0.073516845703125
-0.222747802734375 -0.01171875 0.177841186523438 -0.0430755615234375
-0.140213012695313 0.149810791015625 0.0717086791992187 -0.0453109741210937
-0.0467071533203125 0.169189453125 0.0206127166748047 0.00984954833984376
-0.042449951171875 0.147659301757813 0.0239944458007812 0.0728378295898438
-0.03460693359375 0.170501708984375 0.002197265625 0.17755126953125
-0.092071533203125 0.151412963867188 -0.08624267578125 0.256149291992187
-0.17169189453125 0.0707855224609375 -0.227737426757812 0.22918701171875
-0.181793212890625 -0.07440185546875 -0.363677978515625 0.072479248046875
0.000442504882812525 -0.231948852539063 -0.376312255859375 -0.19061279296875
0.189193725585938 -0.141586303710938 -0.255401611328125 -0.3189697265625
0.231292724609375 0.0503692626953125 -0.06640625 -0.37725830078125
0.30999755859375 0.125518798828125 -0.137451171875 0.190170288085937
0.293182373046875 -0.106475830078125 0.019195556640625 0.296722412109375
0.0845947265625 -0.31390380859375 0.23541259765625 0.259429931640625
-0.176055908203125 -0.198928833007812 0.32293701171875 0.100677490234375
-0.228683471679688 0.00100708007812496 0.249176025390625 -0.083251953125
-0.142929077148438 0.165390014648438 0.102279663085937 -0.118881225585937
-0.051788330078125 0.185348510742188 0.0131263732910156 -0.06182861328125
-0.049560546875 0.170654296875 0.00593757629394531 0.0203914642333984
-0.045074462890625 0.205657958984375 -0.0111083984375 0.125877380371094
-0.123077392578125 0.182418823242188 -0.0785675048828125 0.199203491210938
-0.22308349609375 0.071807861328125 -0.200302124023438 0.173065185546875
-0.217208862304688 -0.117355346679688 -0.315216064453125 0.0445556640625001
0.033538818359375 -0.288665771484375 -0.325531005859375 -0.1729736328125
0.254852294921875 -0.149002075195313 -0.217681884765625 -0.29705810546875
0.28033447265625 0.0866546630859375 -0.0123291015625 -0.333038330078125
0.299102783203125 0.111114501953125 -0.0790557861328125 0.24664306640625
0.259368896484375 -0.105911254882813 0.05194091796875 0.34039306640625
0.0626068115234375 -0.273239135742188 0.283447265625 0.2890625
-0.156097412109375 -0.159469604492187 0.39288330078125 0.085723876953125
-0.192672729492188 0.0116729736328125 0.295806884765625 -0.13446044921875
-0.12091064453125 0.152511596679687 0.117294311523437 -0.189971923828125
-0.0507965087890625 0.171173095703125 0.0014801025390625 -0.129364013671875
-0.051513671875 0.16766357421875 -0.0121288299560547 -0.0344982147216797
-0.0550384521484375 0.21063232421875 -0.0233993530273438 0.058990478515625
-0.14630126953125 0.180831909179687 -0.0651473999023438 0.121269226074219
-0.242904663085938 0.046295166015625 -0.152389526367188 0.104751586914063
-0.20574951171875 -0.157867431640625 -0.245880126953125 0.0237274169921875
0.0843505859375 -0.292877197265625 -0.274383544921875 -0.14007568359375
0.28411865234375 -0.1141357421875 -0.18267822265625 -0.268325805664063
0.280487060546875 0.115341186523438 0.051666259765625 -0.276321411132813
0.248275756835938 0.081573486328125 -0.01361083984375 0.3028564453125
0.19970703125 -0.0795135498046875 0.110076904296875 0.36981201171875
0.0476226806640625 -0.200225830078125 0.333526611328125 0.279541015625
-0.111061096191406 -0.110832214355469 0.43548583984375 0.046600341796875
-0.134712219238281 0.0124359130859375 0.31353759765625 -0.181671142578125
-0.08856201171875 0.116546630859375 0.117172241210937 -0.242691040039062
-0.0456085205078125 0.131721496582031 -0.0121002197265625 -0.183349609375
-0.0473861694335938 0.139701843261719 -0.0292892456054688 -0.0846023559570312
-0.0594329833984375 0.181289672851563 -0.0299491882324219 -0.01104736328125
-0.146163940429688 0.143295288085938 -0.0407028198242188 0.0405006408691406
-0.212356567382813 0.00703430175781246 -0.0911788940429688 0.0503463745117188
-0.145965576171875 -0.167083740234375 -0.175689697265625 0.02630615234375
0.12188720703125 -0.231826782226563 -0.250274658203125 -0.0970001220703125
0.257797241210938 -0.0514984130859375 -0.164779663085937 -0.247802734375
0.227935791015625 0.122909545898438 0.111572265625 -0.215774536132813
0.165267944335938 0.0449981689453125 0.0499267578125 0.348907470703125
0.128532409667969 -0.0351181030273437 0.174774169921875 0.3798828125
0.0396881103515625 -0.117591857910156 0.37060546875 0.247589111328125
-0.0569839477539062 -0.066131591796875 0.44976806640625 0.000152587890624996
-0.0721054077148438 0.00534820556640625 0.307830810546875 -0.21417236328125
-0.0544013977050781 0.0677108764648437 0.107330322265625 -0.277618408203125
-0.0372543334960937 0.0771102905273438 -0.0267333984375 -0.218475341796875
-0.0374832153320313 0.0910568237304688 -0.0432891845703125 -0.122894287109375
-0.05364990234375 0.12017822265625 -0.0300140380859375 -0.0676383972167969
-0.11187744140625 0.0802078247070313 -0.0142707824707031 -0.0229415893554687
-0.132247924804688 -0.021331787109375 -0.03851318359375 0.0235366821289063
-0.063018798828125 -0.123504638671875 -0.131683349609375 0.0458908081054687
0.111953735351563 -0.124687194824219 -0.256881713867188 -0.0713500976562501
0.167648315429688 0.0067901611328125 -0.1572265625 -0.243728637695313
0.135940551757813 0.0976104736328125 0.160903930664063 -0.15997314453125
-0.0339641571044922 -0.0328903198242187 -0.20733642578125 0.16168212890625
-0.0348148345947266 0.00111389160156251 0.135452270507813 0.263778686523438
-0.0485343933105469 -0.0069580078125 0.278915405273437 0.03814697265625
-0.0125198364257812 0.03619384765625 0.140510559082031 -0.0701980590820312
0.0281028747558594 0.0221214294433594 0.0254364013671875 -0.0211658477783203
0.0282974243164063 -0.0258216857910156 0.0106353759765625 0.0506973266601563
0.000982284545898435 -0.0286579132080078 0.0332260131835937 0.104454040527344
-0.000514984130859375 -0.0178337097167969 0.0489578247070313 0.134208679199219
0.000829696655273439 -0.0220298767089844 0.0277862548828125 0.217636108398438
0.00440406799316406 -0.0125236511230469 -0.095947265625 0.285003662109375
0.0180091857910156 -0.000518798828125 -0.251846313476563 0.263992309570312
-0.000663757324218752 0.0169677734375 -0.39471435546875 0.0711364746093749
-0.0289669036865234 0.0216007232666016 -0.40350341796875 -0.237152099609375
-0.0631446838378906 0.0095977783203125 -0.259796142578125 -0.3397216796875
-0.078338623046875 -0.05462646484375 -0.107391357421875 -0.3917236328125
0.094390869140625 0.0291900634765625 -0.218368530273437 0.137451171875
0.0975341796875 -0.0216217041015625 0.106185913085937 0.2552490234375
0.0180587768554687 -0.124610900878906 0.267242431640625 0.0645904541015625
-0.0708541870117188 -0.0671539306640625 0.152099609375 -0.0447998046875
-0.0779953002929688 0.00755310058593748 0.045196533203125 -0.0224952697753906
-0.0397682189941406 0.0491676330566406 0.0144996643066406 0.0478363037109375
-0.011749267578125 0.0535736083984375 0.03216552734375 0.102180480957031
-0.012298583984375 0.044647216796875 0.0507431030273438 0.130508422851563
-0.00825119018554687 0.0482063293457031 0.0298309326171875 0.217742919921875
-0.0256881713867187 0.0443267822265625 -0.0821533203125 0.290435791015625
-0.0418052673339844 0.0260467529296875 -0.236495971679688 0.273452758789062
-0.0597877502441406 -0.00806808471679687 -0.388092041015625 0.0943603515625001
-0.0262908935546875 -0.0630950927734375 -0.41522216796875 -0.201873779296875
0.0189361572265625 -0.0488777160644531 -0.289093017578125 -0.326141357421875
0.033660888671875 -0.0237979888916016 -0.128753662109375 -0.403594970703125
0.20428466796875 0.0784759521484375 -0.204666137695313 0.1334228515625
0.208053588867188 -0.0517578125 0.0701446533203125 0.244064331054688
0.0676116943359375 -0.227310180664063 0.2384033203125 0.111801147460938
-0.12384033203125 -0.151412963867187 0.183990478515625 0.00570678710937499
-0.166275024414063 -0.00299072265624999 0.0986785888671875 -0.0303497314453125
-0.096954345703125 0.111679077148438 0.0377197265625 0.0131492614746094
-0.0248489379882813 0.123519897460938 0.0286788940429687 0.0664749145507813
-0.0231781005859375 0.102874755859375 0.0419082641601563 0.106781005859375
-0.015655517578125 0.114303588867188 0.0239410400390625 0.202499389648437
-0.0523147583007813 0.101348876953125 -0.07318115234375 0.282318115234375
-0.101425170898438 0.0560150146484375 -0.222885131835938 0.266845703125
-0.121452331542969 -0.0329818725585938 -0.37542724609375 0.102783203125
-0.0241546630859375 -0.1474609375 -0.408294677734375 -0.17877197265625
0.100173950195313 -0.106781005859375 -0.290985107421875 -0.31268310546875
0.14178466796875 0.0072479248046875 -0.121551513671875 -0.394683837890625
0.277816772460938 0.10546875 -0.17242431640625 0.153335571289062
0.2723388671875 -0.091033935546875 0.0394287109375 0.252960205078125
0.07916259765625 -0.298065185546875 0.22296142578125 0.17816162109375
-0.16656494140625 -0.191268920898437 0.244125366210938 0.057098388671875
-0.217361450195313 0.000946044921875008 0.171768188476563 -0.0534820556640625
-0.127944946289063 0.155059814453125 0.0696907043457031 -0.0473747253417969
-0.035247802734375 0.169235229492188 0.02215576171875 0.00705146789550782
-0.0324554443359375 0.146514892578125 0.0269813537597656 0.0670204162597657
-0.02203369140625 0.168197631835937 0.0116119384765625 0.171493530273438
-0.0805816650390625 0.152633666992188 -0.068084716796875 0.252471923828125
-0.161285400390625 0.0797576904296875 -0.207687377929688 0.236770629882813
-0.180404663085938 -0.0628814697265625 -0.351318359375 0.0895385742187499
-0.01446533203125 -0.226974487304688 -0.37945556640625 -0.166656494140625
0.176742553710938 -0.14788818359375 -0.26806640625 -0.29833984375
0.229415893554688 0.0400390625 -0.085174560546875 -0.3692626953125
0.30999755859375 0.110198974609375 -0.125686645507812 0.1942138671875
0.282440185546875 -0.117034912109375 0.03533935546875 0.287017822265625
0.06402587890625 -0.31195068359375 0.244491577148438 0.238754272460937
-0.182647705078125 -0.184097290039063 0.321807861328125 0.07958984375
-0.22235107421875 0.013580322265625 0.239349365234375 -0.0965728759765625
-0.129104614257813 0.170013427734375 0.095672607421875 -0.121253967285156
-0.0388641357421875 0.185409545898438 0.0108451843261719 -0.0622444152832031
-0.03857421875 0.169265747070313 0.00795555114746094 0.0187339782714844
-0.0304718017578125 0.203475952148438 -0.00373077392578124 0.122657775878906
-0.109390258789063 0.185928344726562 -0.065460205078125 0.196380615234375
-0.212173461914063 0.0837249755859375 -0.184768676757813 0.17962646484375
-0.217864990234375 -0.10369873046875 -0.30560302734375 0.0600891113281249
0.016448974609375 -0.285491943359375 -0.327728271484375 -0.151947021484375
0.241317749023438 -0.158279418945313 -0.229782104492187 -0.278656005859375
0.279891967773437 0.073638916015625 -0.030059814453125 -0.32672119140625
0.298583984375 0.097015380859375 -0.0655670166015625 0.247116088867187
0.249008178710938 -0.11517333984375 0.06976318359375 0.327423095703125
0.044769287109375 -0.271621704101563 0.292236328125 0.26593017578125
-0.16058349609375 -0.146331787109375 0.390228271484375 0.061279296875
-0.186264038085938 0.0213165283203125 0.281707763671875 -0.149383544921875
-0.109207153320312 0.1552734375 0.10595703125 -0.191070556640625
-0.0395355224609375 0.1707763671875 -0.00463867187499999 -0.126632690429687
-0.0402069091796875 0.1661376953125 -0.0127601623535156 -0.0334243774414063
-0.0395050048828125 0.208847045898438 -0.0189704895019531 0.0587539672851563
-0.132293701171875 0.18597412109375 -0.0568923950195312 0.119117736816406
-0.233871459960938 0.05908203125 -0.143203735351563 0.109909057617188
-0.210586547851563 -0.144683837890625 -0.238067626953125 0.0354614257812499
0.066131591796875 -0.293609619140625 -0.275161743164062 -0.12200927734375
0.272659301757813 -0.126815795898438 -0.194107055664062 -0.252471923828125
0.281707763671875 0.101318359375 0.0346221923828125 -0.274063110351562
0.2470703125 0.07110595703125 0.00280761718750003 0.300201416015625
0.192214965820313 -0.0869293212890625 0.127471923828125 0.35345458984375
0.0345001220703125 -0.19879150390625 0.341888427734375 0.253753662109375
-0.113296508789063 -0.101005554199219 0.42828369140625 0.020660400390625
-0.129364013671875 0.0184707641601563 0.295501708984375 -0.19500732421875
-0.0798721313476563 0.118499755859375 0.103012084960938 -0.243362426757813
-0.0367507934570313 0.132644653320313 -0.020721435546875 -0.177154541015625
-0.0376663208007813 0.138092041015625 -0.0309371948242188 -0.0804061889648437
-0.0457305908203125 0.180694580078125 -0.0293140411376953 -0.00859260559082031
-0.134384155273438 0.149810791015625 -0.0386009216308594 0.0392532348632813
-0.20648193359375 0.0183258056640625 -0.0852508544921875 0.0526885986328125
-0.15142822265625 -0.157638549804688 -0.169113159179688 0.0345306396484375
0.106964111328125 -0.234756469726563 -0.249725341796875 -0.0802612304687499
0.250473022460938 -0.0640106201171875 -0.175918579101563 -0.233047485351562
0.23101806640625 0.11083984375 0.0958709716796875 -0.216934204101563
0.162567138671875 0.038116455078125 0.06646728515625 0.3421630859375
0.124847412109375 -0.0404586791992188 0.191009521484375 0.360137939453125
0.0316848754882813 -0.117942810058594 0.376434326171875 0.220489501953125
-0.0576248168945312 -0.0598869323730469 0.440277099609375 -0.025360107421875
-0.0686225891113281 0.00865173339843751 0.289306640625 -0.227203369140625
-0.0487327575683594 0.0687522888183594 0.0910797119140625 -0.275970458984375
-0.0325851440429688 0.0787277221679688 -0.03662109375 -0.210281372070312
-0.031097412109375 0.09027099609375 -0.0467071533203125 -0.116477966308594
-0.0436935424804688 0.121559143066406 -0.0332756042480469 -0.0638046264648437
-0.105323791503906 0.0860519409179688 -0.0160732269287109 -0.0238780975341797
-0.130989074707031 -0.0142059326171875 -0.0352401733398438 0.0230369567871094
-0.0687484741210937 -0.118453979492188 -0.124687194824219 0.0514907836914062
0.102851867675781 -0.128852844238281 -0.2548828125 -0.0541687011718751
0.165237426757812 -0.0015869140625 -0.1690673828125 -0.229888916015625
0.139030456542969 0.0899429321289063 0.147232055664063 -0.164947509765625
-0.0347557067871094 -0.0311737060546875 -0.198272705078125 0.163101196289063
-0.0346088409423828 0.00243568420410157 0.14166259765625 0.25164794921875
-0.0495376586914063 -0.00302505493164063 0.274581909179688 0.0274505615234375
-0.010650634765625 0.0368385314941406 0.135330200195313 -0.0742950439453125
0.0291481018066406 0.019744873046875 0.0238094329833984 -0.0211296081542969
0.0265884399414063 -0.0251026153564453 0.0131301879882813 0.0488815307617188
0.00100326538085938 -0.0266246795654297 0.0364990234375 0.0991592407226563
0.000246047973632811 -0.0177516937255859 0.0504074096679687 0.126937866210938
0.00103950500488281 -0.0208854675292969 0.03192138671875 0.207733154296875
0.00296592712402344 -0.0118932723999023 -0.085723876953125 0.278213500976563
0.0181446075439453 -0.00150489807128906 -0.236053466796875 0.264389038085938
-0.000369071960449218 0.0163335800170898 -0.384613037109375 0.080413818359375
-0.0295143127441406 0.02117919921875 -0.403594970703125 -0.221649169921875
-0.0615653991699219 0.0108184814453125 -0.264404296875 -0.32598876953125
-0.0790328979492188 -0.0514602661132812 -0.114349365234375 -0.383636474609375
0.0933761596679687 0.027008056640625 -0.209686279296875 0.139846801757813
0.0951309204101563 -0.02294921875 0.1123046875 0.244476318359375
0.0130157470703125 -0.120635986328125 0.26361083984375 0.0534210205078125
-0.0701446533203125 -0.0629196166992188 0.14703369140625 -0.04974365234375
-0.0753555297851563 0.00838470458984374 0.0431327819824219 -0.0242233276367188
-0.0363044738769531 0.0500602722167969 0.0176353454589844 0.04595947265625
-0.00836181640625 0.0540962219238281 0.03570556640625 0.0959091186523438
-0.00994491577148438 0.0441474914550781 0.0518951416015625 0.122459411621094
-0.00561904907226563 0.0469398498535156 0.0342254638671875 0.207733154296875
-0.0232162475585937 0.0445632934570313 -0.07196044921875 0.28375244140625
-0.0389213562011719 0.02716064453125 -0.220779418945312 0.2724609375
-0.0582923889160156 -0.006500244140625 -0.377593994140625 0.103271484375
-0.0296134948730469 -0.0608749389648438 -0.413848876953125 -0.18609619140625
0.0160331726074219 -0.048095703125 -0.29254150390625 -0.31134033203125
0.0319919586181641 -0.0242195129394531 -0.136077880859375 -0.395538330078125
0.202774047851563 0.0748291015625 -0.196807861328125 0.135696411132812
0.203338623046875 -0.05511474609375 0.075836181640625 0.23382568359375
0.0589752197265625 -0.224334716796875 0.235916137695313 0.099945068359375
-0.12396240234375 -0.144546508789063 0.179733276367188 -0.000595092773437509
-0.16204833984375 0.000198364257812527 0.0958251953125 -0.0334930419921875
-0.0901565551757813 0.113960266113281 0.0392951965332031 0.0115776062011719
-0.0190658569335938 0.122535705566406 0.031585693359375 0.061798095703125
-0.01904296875 0.101058959960937 0.0438079833984375 0.0996322631835938
-0.010498046875 0.111335754394531 0.0292510986328125 0.194656372070312
-0.0478897094726563 0.101272583007813 -0.0626068115234375 0.275848388671875
-0.0955657958984375 0.0578460693359375 -0.207687377929688 0.26568603515625
-0.119071960449219 -0.0283737182617188 -0.365631103515625 0.1107177734375
-0.029876708984375 -0.143280029296875 -0.406402587890625 -0.163848876953125
0.0938491821289063 -0.105506896972656 -0.29498291015625 -0.2984619140625
0.139190673828125 0.0043182373046875 -0.1285400390625 -0.387298583984375
0.277130126953125 0.0996246337890625 -0.165176391601562 0.155105590820313
0.265701293945313 -0.094879150390625 0.044952392578125 0.242584228515625
0.06719970703125 -0.2943115234375 0.222869873046875 0.165267944335937
-0.167877197265625 -0.182876586914063 0.241180419921875 0.04754638671875
-0.211822509765625 0.00590515136718753 0.166580200195313 -0.05926513671875
-0.119781494140625 0.155136108398438 0.0688858032226562 -0.0485496520996094
-0.027374267578125 0.168212890625 0.0224666595458984 0.00441169738769532
-0.026824951171875 0.143966674804688 0.0279464721679687 0.0622024536132813
-0.014495849609375 0.1650390625 0.016204833984375 0.165679931640625
-0.0734100341796875 0.15167236328125 -0.059051513671875 0.24658203125
-0.1536865234375 0.0826416015625 -0.195281982421875 0.236007690429687
-0.17755126953125 -0.056640625 -0.341278076171875 0.0962829589843749
-0.0221099853515625 -0.222732543945313 -0.377471923828125 -0.154205322265625
0.168411254882813 -0.149383544921875 -0.271484375 -0.2860107421875
0.225723266601563 0.035369873046875 -0.0938720703125 -0.362548828125
0.307403564453125 0.103515625 -0.11871337890625 0.194503784179688
0.274261474609375 -0.120819091796875 0.0413360595703125 0.276153564453125
0.051513671875 -0.3079833984375 0.246200561523438 0.224868774414063
-0.1827392578125 -0.174545288085937 0.318572998046875 0.0670166015625
-0.215988159179688 0.018585205078125 0.231307983398438 -0.1031494140625
-0.120010375976562 0.169967651367188 0.092132568359375 -0.121368408203125
-0.0309600830078125 0.183013916015625 0.00962448120117188 -0.0623245239257812
-0.0321044921875 0.16595458984375 0.00817298889160156 0.0157842636108399
-0.02099609375 0.198455810546875 -6.10351562499927E-05 0.119178771972656
-0.0998077392578125 0.185531616210938 -0.05780029296875 0.192047119140625
-0.203369140625 0.089111328125 -0.174774169921875 0.179840087890625
-0.216506958007813 -0.095367431640625 -0.29864501953125 0.0664367675781249
0.00611877441406252 -0.2803955078125 -0.325775146484375 -0.140411376953125
0.231643676757813 -0.161224365234375 -0.23370361328125 -0.26678466796875
0.27734375 0.0668487548828125 -0.039276123046875 -0.3203125
0.294952392578125 0.090576171875 -0.0580596923828125 0.246002197265625
0.241729736328125 -0.117919921875 0.07537841796875 0.3153076171875
0.034088134765625 -0.266387939453125 0.29339599609375 0.250274658203125
-0.159957885742187 -0.13824462890625 0.384979248046875 0.047576904296875
-0.17974853515625 0.02496337890625 0.271026611328125 -0.155975341796875
-0.100692749023438 0.154693603515625 0.100204467773438 -0.189483642578125
-0.0323944091796875 0.169036865234375 -0.00662231445312501 -0.124275207519531
-0.0347747802734375 0.16314697265625 -0.0119819641113281 -0.0334358215332031
-0.029693603515625 0.205001831054688 -0.0164260864257813 0.0577812194824219
-0.122787475585938 0.186599731445313 -0.052520751953125 0.116188049316406
-0.22650146484375 0.0655975341796875 -0.136161804199219 0.109756469726562
-0.2100830078125 -0.136398315429688 -0.2322998046875 0.0397796630859375
0.05517578125 -0.290130615234375 -0.273544311523438 -0.111862182617187
0.264999389648438 -0.131240844726563 -0.19818115234375 -0.241561889648437
0.280349731445312 0.0951385498046875 0.025421142578125 -0.270233154296875
0.243255615234375 0.0664215087890625 0.00942993164062502 0.296112060546875
0.186904907226563 -0.088897705078125 0.133636474609375 0.339996337890625
0.0269317626953125 -0.195831298828125 0.340545654296875 0.2386474609375
-0.112030029296875 -0.095306396484375 0.420379638671875 0.00625610351562499
-0.123886108398437 0.0207366943359375 0.28289794921875 -0.200164794921875
-0.0737075805664062 0.117332458496094 0.0948638916015625 -0.240264892578125
-0.03204345703125 0.131858825683594 -0.02484130859375 -0.171524047851563
-0.0327224731445312 0.136116027832031 -0.0311355590820313 -0.078125
-0.0368499755859375 0.17724609375 -0.0281467437744141 -0.0069904327392578
-0.126220703125 0.151397705078125 -0.0369758605957031 0.0374412536621094
-0.201217651367188 0.0244903564453125 -0.0815811157226563 0.0522689819335937
-0.153274536132813 -0.15106201171875 -0.16363525390625 0.0377960205078125
0.0979156494140625 -0.234603881835938 -0.245819091796875 -0.0706176757812501
0.244613647460938 -0.068878173828125 -0.180618286132812 -0.222793579101563
0.230987548828125 0.105224609375 0.0874786376953125 -0.215560913085938
0.160202026367188 0.03582763671875 0.073577880859375 0.336669921875
0.122016906738281 -0.0419464111328125 0.19635009765625 0.3450927734375
0.026519775390625 -0.115806579589844 0.3739013671875 0.205535888671875
-0.056732177734375 -0.0568618774414062 0.4296875 -0.03924560546875
-0.0656814575195313 0.00882339477539063 0.2752685546875 -0.230941772460938
-0.04547119140625 0.0681648254394531 0.0832061767578125 -0.271102905273438
-0.0292816162109375 0.0792007446289063 -0.041290283203125 -0.202560424804688
-0.0276565551757813 0.0887527465820313 -0.0471343994140625 -0.112113952636719
-0.0371780395507813 0.119895935058594 -0.0333328247070312 -0.0607795715332031
-0.1002197265625 0.0884475708007813 -0.0184078216552734 -0.0245952606201172
-0.128730773925781 -0.010650634765625 -0.032949447631836 0.0214862823486328
-0.0705795288085937 -0.115577697753906 -0.119186401367188 0.0528717041015625
0.0971450805664063 -0.129226684570313 -0.250823974609375 -0.0443115234375001
0.163345336914063 -0.0052642822265625 -0.174087524414063 -0.219772338867187
0.138671875 0.08673095703125 0.138595581054688 -0.164871215820313
-0.0361747741699219 -0.0311050415039062 -0.196426391601563 0.163253784179687
-0.03515625 0.00358200073242187 0.145767211914063 0.247360229492188
-0.0508613586425781 0.000373840332031248 0.275054931640625 0.0215911865234375
-0.008941650390625 0.0370216369628906 0.133583068847656 -0.0772705078125
0.0296173095703125 0.0184688568115234 0.0241813659667969 -0.0205650329589844
0.02630615234375 -0.0250835418701172 0.0155029296875 0.0478782653808594
0.00191307067871094 -0.0253200531005859 0.037811279296875 0.0959930419921875
0.000498771667480468 -0.0174503326416016 0.0500335693359375 0.122306823730469
0.000665664672851562 -0.0202426910400391 0.0325164794921875 0.202880859375
0.00269985198974609 -0.0110683441162109 -0.08154296875 0.275527954101563
0.0178565979003906 -0.00294876098632813 -0.230392456054688 0.264236450195312
-0.000703811645507813 0.0166358947753906 -0.384185791015625 0.084869384765625
-0.0312595367431641 0.0210170745849609 -0.409454345703125 -0.216094970703125
-0.0618896484375 0.011260986328125 -0.2674560546875 -0.322845458984375
-0.0800094604492188 -0.0518569946289063 -0.11700439453125 -0.386566162109375
0.094635009765625 0.0272979736328125 -0.20892333984375 0.14056396484375
0.0955963134765625 -0.02264404296875 0.116241455078125 0.239639282226562
0.00955200195312499 -0.119300842285156 0.264892578125 0.0468597412109375
-0.0701141357421875 -0.0621757507324219 0.1461181640625 -0.053375244140625
-0.075408935546875 0.00790405273437498 0.0425682067871094 -0.0248146057128906
-0.0350532531738281 0.05120849609375 0.0203361511230469 0.0446548461914063
-0.00658798217773438 0.0548858642578125 0.0374755859375 0.0934066772460938
-0.00809478759765625 0.0442771911621094 0.0511627197265625 0.117759704589844
-0.00392913818359375 0.0470962524414062 0.0345916748046875 0.20306396484375
-0.0223121643066406 0.044708251953125 -0.067962646484375 0.281280517578125
-0.0371017456054687 0.0260467529296875 -0.215560913085937 0.27301025390625
-0.0580482482910156 -0.0052642822265625 -0.377105712890625 0.107391357421875
-0.0326957702636719 -0.0597190856933594 -0.4183349609375 -0.18170166015625
0.0148773193359375 -0.0484123229980469 -0.296173095703125 -0.308502197265625
0.0312843322753906 -0.0233402252197266 -0.13970947265625 -0.398284912109375
0.204757690429688 0.074859619140625 -0.194839477539063 0.13787841796875
0.204559326171875 -0.0550384521484375 0.0789947509765625 0.229583740234375
0.055633544921875 -0.22381591796875 0.237808227539063 0.0934600830078125
-0.12506103515625 -0.14349365234375 0.179290771484375 -0.00505065917968751
-0.160537719726562 0.0011444091796875 0.0956268310546875 -0.0362014770507813
-0.0878067016601562 0.115211486816406 0.041778564453125 0.0100593566894531
-0.0158538818359375 0.123748779296875 0.0325698852539063 0.0587425231933594
-0.0177383422851563 0.100540161132813 0.0428924560546875 0.0954055786132813
-0.00749969482421874 0.110748291015625 0.0301666259765625 0.191131591796875
-0.0460128784179687 0.101432800292969 -0.058624267578125 0.273117065429688
-0.0929412841796875 0.0570297241210937 -0.201950073242188 0.266281127929688
-0.118667602539063 -0.027252197265625 -0.364776611328125 0.11444091796875
-0.0337066650390625 -0.14306640625 -0.409423828125 -0.16021728515625
0.0917205810546875 -0.105567932128906 -0.298858642578125 -0.294708251953125
0.138626098632812 0.00484466552734375 -0.132568359375 -0.3897705078125
0.278823852539063 0.10040283203125 -0.163467407226563 0.157028198242188
0.266250610351563 -0.0948486328125 0.047271728515625 0.238067626953125
0.062835693359375 -0.293975830078125 0.224777221679688 0.160293579101563
-0.169219970703125 -0.180984497070313 0.241653442382813 0.0435028076171875
-0.211227416992188 0.00683593749999996 0.165435791015625 -0.0622711181640625
-0.115814208984375 0.156997680664062 0.0708389282226562 -0.0501632690429687
-0.023345947265625 0.168228149414063 0.0229854583740234 0.00249290466308595
-0.0248260498046875 0.143234252929688 0.0272064208984375 0.0589447021484375
-0.0104827880859375 0.16412353515625 0.0179901123046875 0.1627197265625
-0.0695953369140625 0.153045654296875 -0.0557098388671875 0.245101928710938
-0.149383544921875 0.083251953125 -0.191009521484375 0.23675537109375
-0.1776123046875 -0.05438232421875 -0.341583251953125 0.0993652343749999
-0.0274505615234375 -0.221878051757812 -0.379730224609375 -0.149627685546875
0.166580200195313 -0.149520874023438 -0.2757568359375 -0.28253173828125
0.226455688476563 0.0354766845703125 -0.0982666015625 -0.3636474609375
0.3096923828125 0.10455322265625 -0.11578369140625 0.196990966796875
0.2742919921875 -0.120956420898438 0.0437469482421875 0.272598266601563
0.046722412109375 -0.307037353515625 0.247909545898437 0.220474243164062
-0.18365478515625 -0.172393798828125 0.31951904296875 0.0616455078125
-0.214004516601563 0.01983642578125 0.229080200195313 -0.107025146484375
-0.115921020507813 0.170944213867188 0.0930328369140625 -0.122695922851562
-0.027435302734375 0.183502197265625 0.00898361206054688 -0.0632095336914062
-0.0302276611328125 0.165512084960938 0.00805950164794922 0.0136528015136719
-0.0163726806640625 0.19775390625 0.00197601318359375 0.118179321289063
-0.095733642578125 0.186737060546875 -0.0554351806640625 0.1915283203125
-0.200027465820313 0.090789794921875 -0.172225952148438 0.180038452148438
-0.2169189453125 -0.09332275390625 -0.29736328125 0.068328857421875
0.001739501953125 -0.281341552734375 -0.328155517578125 -0.137542724609375
0.2301025390625 -0.162857055664063 -0.23785400390625 -0.263519287109375
0.279281616210937 0.06793212890625 -0.04278564453125 -0.322540283203125
0.2967529296875 0.091705322265625 -0.0548858642578125 0.24835205078125
0.241744995117188 -0.118682861328125 0.077301025390625 0.311737060546875
0.02899169921875 -0.265487670898438 0.296295166015625 0.246612548828125
-0.159820556640625 -0.135711669921875 0.385345458984375 0.041412353515625
-0.177490234375 0.02545166015625 0.2681884765625 -0.160400390625
-0.0973968505859375 0.155136108398438 0.0994873046875 -0.190902709960938
-0.028350830078125 0.169525146484375 -0.00801849365234375 -0.124427795410156
-0.032379150390625 0.162857055664063 -0.0123252868652344 -0.0344600677490234
-0.02447509765625 0.20391845703125 -0.015411376953125 0.0577583312988281
-0.118179321289063 0.188873291015625 -0.0516128540039062 0.115524291992188
-0.223876953125 0.0680389404296875 -0.134773254394531 0.109375
-0.212112426757813 -0.134719848632812 -0.232376098632813 0.0408477783203125
0.051025390625 -0.291839599609375 -0.2747802734375 -0.109405517578125
0.26397705078125 -0.1334228515625 -0.203369140625 -0.238311767578125
0.2833251953125 0.0950927734375 0.0211334228515625 -0.271591186523437
0.244430541992188 0.0677490234375 0.01214599609375 0.29840087890625
0.186172485351563 -0.08880615234375 0.136077880859375 0.33624267578125
0.0230712890625 -0.193557739257812 0.343841552734375 0.23468017578125
-0.111106872558594 -0.0940780639648438 0.421234130859375 -0.000732421875000006
-0.122421264648438 0.0207443237304687 0.279464721679688 -0.204620361328125
-0.0709228515625 0.117912292480469 0.094207763671875 -0.240280151367188
-0.0286102294921875 0.132598876953125 -0.02593994140625 -0.170425415039062
-0.0311355590820313 0.135902404785156 -0.030731201171875 -0.0774612426757812
-0.032196044921875 0.176544189453125 -0.0278263092041016 -0.00681114196777343
-0.122894287109375 0.1539306640625 -0.0376701354980469 0.0357208251953125
-0.200653076171875 0.02655029296875 -0.0818023681640625 0.0506744384765625
-0.155441284179688 -0.150314331054688 -0.163253784179688 0.037322998046875
0.09466552734375 -0.236175537109375 -0.247146606445312 -0.067840576171875
0.245452880859375 -0.0704498291015625 -0.18585205078125 -0.219329833984375
0.234237670898438 0.106170654296875 0.0837249755859375 -0.216079711914063
0.159530639648438 0.037109375 0.077850341796875 0.33831787109375
0.122222900390625 -0.042633056640625 0.1981201171875 0.3406982421875
0.0242919921875 -0.115081787109375 0.37646484375 0.20111083984375
-0.0556259155273438 -0.0562629699707031 0.429351806640625 -0.045745849609375
-0.0643081665039063 0.00794601440429687 0.271759033203125 -0.23468017578125
-0.0435676574707031 0.068572998046875 0.08050537109375 -0.270553588867188
-0.0274810791015625 0.0805740356445313 -0.0431060791015625 -0.20062255859375
-0.026519775390625 0.0890655517578125 -0.0467376708984375 -0.109619140625
-0.0341567993164062 0.11962890625 -0.0333290100097656 -0.0598678588867187
-0.0978775024414063 0.0915298461914062 -0.0191001892089844 -0.0253334045410156
-0.1285400390625 -0.0100936889648438 -0.0329208374023438 0.0192298889160156
-0.0718917846679687 -0.116203308105469 -0.117408752441406 0.0525741577148438
0.0955734252929687 -0.131294250488281 -0.251495361328125 -0.0400238037109376
0.164306640625 -0.006500244140625 -0.179443359375 -0.216323852539063
0.140396118164063 0.0874481201171875 0.135299682617188 -0.16632080078125
-0.0377235412597656 -0.0315742492675781 -0.198638916015625 0.169052124023437
-0.0353469848632812 0.00487899780273437 0.155014038085938 0.248077392578125
-0.05291748046875 0.00376129150390625 0.283233642578125 0.013580322265625
-0.00699996948242188 0.0381622314453125 0.134292602539063 -0.08245849609375
0.0311508178710938 0.0168094635009766 0.0242977142333984 -0.0217323303222656
0.0264549255371094 -0.0254421234130859 0.0182075500488281 0.0465126037597656
0.00254058837890625 -0.0256576538085938 0.0407257080078125 0.0949172973632813
0.00170326232910156 -0.018768310546875 0.050933837890625 0.120620727539063
0.00137138366699219 -0.0207443237304688 0.0337371826171875 0.203033447265625
0.0023651123046875 -0.0103063583374023 -0.0777587890625 0.280349731445313
0.0183792114257812 -0.00406455993652344 -0.228866577148438 0.271957397460937
-0.000728607177734376 0.0178852081298828 -0.3929443359375 0.093719482421875
-0.0343379974365234 0.0225715637207031 -0.42291259765625 -0.21429443359375
-0.063507080078125 0.0129890441894531 -0.279998779296875 -0.326080322265625
-0.083404541015625 -0.0514068603515625 -0.125640869140625 -0.39727783203125
0.0981903076171875 0.0274581909179687 -0.21142578125 0.147018432617188
0.0989456176757813 -0.023223876953125 0.123626708984375 0.239837646484375
0.00754547119140624 -0.120452880859375 0.272903442382812 0.039459228515625
-0.0718612670898438 -0.0638885498046875 0.147567749023437 -0.05902099609375
-0.0763320922851563 0.00814819335937499 0.0432891845703125 -0.0265274047851563
-0.0343360900878906 0.0537872314453125 0.0231895446777344 0.0439643859863281
-0.00363540649414062 0.0565223693847656 0.0390777587890625 0.0920486450195313
-0.00707244873046875 0.0441398620605469 0.0522384643554687 0.11578369140625
-0.00163650512695312 0.0479202270507812 0.036224365234375 0.204299926757813
-0.0212745666503906 0.0462875366210937 -0.064056396484375 0.2852783203125
-0.0369110107421875 0.0265617370605469 -0.213394165039063 0.279922485351562
-0.0591239929199219 -0.00415420532226563 -0.38427734375 0.11639404296875
-0.0370254516601563 -0.0593719482421875 -0.432098388671875 -0.17913818359375
0.0135116577148437 -0.0479660034179688 -0.308197021484375 -0.311431884765625
0.0304775238037109 -0.0243263244628906 -0.148956298828125 -0.409515380859375
0.212554931640625 0.0757598876953125 -0.197479248046875 0.143692016601562
0.210235595703125 -0.057891845703125 0.0843048095703125 0.22967529296875
0.05206298828125 -0.229248046875 0.245269775390625 0.088409423828125
-0.130111694335937 -0.145782470703125 0.183135986328125 -0.0102386474609375
-0.165542602539063 0.00242614746093749 0.0966567993164062 -0.0386428833007813
-0.0864791870117188 0.118843078613281 0.0453987121582031 0.00851058959960938
-0.0119400024414062 0.1270751953125 0.0344352722167969 0.0573654174804688
-0.0151214599609375 0.102439880371094 0.0430374145507813 0.0939865112304688
-0.0041351318359375 0.112724304199219 0.032257080078125 0.192214965820313
-0.0435256958007813 0.104598999023438 -0.0546417236328125 0.27728271484375
-0.092041015625 0.0596542358398438 -0.200881958007813 0.27423095703125
-0.120590209960938 -0.0249099731445312 -0.373046875 0.123138427734375
-0.03961181640625 -0.143814086914063 -0.4241943359375 -0.156463623046875
0.0916748046875 -0.108169555664063 -0.311187744140625 -0.29742431640625
0.142318725585938 0.004364013671875 -0.142547607421875 -0.400604248046875
0.2889404296875 0.10125732421875 -0.16424560546875 0.164321899414062
0.273223876953125 -0.099700927734375 0.05133056640625 0.239410400390625
0.059112548828125 -0.30108642578125 0.233016967773437 0.156570434570312
-0.175247192382813 -0.182205200195312 0.248321533203125 0.0390472412109375
-0.215805053710938 0.00904846191406254 0.167755126953125 -0.0677337646484375
-0.113632202148438 0.162551879882812 0.0736923217773437 -0.0537872314453125
-0.0187835693359375 0.172119140625 0.0228767395019531 -0.000192642211914052
-0.0228424072265625 0.14617919921875 0.0266227722167969 0.0574188232421875
-0.00646972656250001 0.166122436523438 0.0208282470703125 0.165451049804687
-0.066131591796875 0.157257080078125 -0.05255126953125 0.249664306640625
-0.149200439453125 0.0873870849609375 -0.1907958984375 0.243728637695313
-0.18170166015625 -0.0518646240234375 -0.349822998046875 0.1070556640625
-0.03369140625 -0.22479248046875 -0.3927001953125 -0.14697265625
0.167861938476563 -0.154006958007813 -0.28753662109375 -0.2838134765625
0.2333984375 0.03472900390625 -0.107177734375 -0.37481689453125
0.3212890625 0.10552978515625 -0.115402221679688 0.20526123046875
0.280563354492188 -0.125762939453125 0.046905517578125 0.275421142578125
0.041351318359375 -0.3135986328125 0.25762939453125 0.219696044921875
-0.189895629882812 -0.173095703125 0.3282470703125 0.05584716796875
-0.218368530273438 0.0218658447265625 0.232467651367187 -0.114883422851562
-0.11376953125 0.17578125 0.0952301025390625 -0.128280639648438
-0.022064208984375 0.188064575195313 0.00793075561523438 -0.0661163330078125
-0.0272979736328125 0.1688232421875 0.0077667236328125 0.0122585296630859
-0.010894775390625 0.200653076171875 0.00411987304687501 0.1199951171875
-0.092193603515625 0.193206787109375 -0.0536956787109375 0.194351196289063
-0.20147705078125 0.095672607421875 -0.172698974609375 0.185791015625
-0.223770141601563 -0.0915527343750001 -0.3052978515625 0.07391357421875
-0.00546264648437497 -0.287109375 -0.340179443359375 -0.135101318359375
0.233245849609375 -0.168975830078125 -0.249359130859375 -0.26458740234375
0.288543701171875 0.067657470703125 -0.05059814453125 -0.3321533203125
0.306732177734375 0.092529296875 -0.051727294921875 0.257537841796875
0.24676513671875 -0.122695922851563 0.08154296875 0.3157958984375
0.0240478515625 -0.269989013671875 0.3077392578125 0.2459716796875
-0.164138793945313 -0.136322021484375 0.394775390625 0.03424072265625
-0.180206298828125 0.0267791748046875 0.270980834960937 -0.170440673828125
-0.0947723388671875 0.159133911132813 0.101242065429688 -0.197494506835938
-0.0240478515625 0.173934936523438 -0.0101776123046875 -0.127082824707031
-0.0294189453125 0.166900634765625 -0.0125694274902344 -0.0355606079101562
-0.0189971923828125 0.207321166992188 -0.0140342712402344 0.0595588684082031
-0.114990234375 0.19622802734375 -0.0510101318359375 0.117851257324219
-0.226547241210938 0.0738525390625 -0.136123657226563 0.112068176269531
-0.21966552734375 -0.135269165039063 -0.23797607421875 0.04425048828125
0.045440673828125 -0.3001708984375 -0.284149169921875 -0.1060791015625
0.268936157226563 -0.139419555664063 -0.213577270507812 -0.239334106445313
0.293304443359375 0.09661865234375 0.0161895751953125 -0.279495239257813
0.252700805664063 0.067626953125 0.01849365234375 0.308807373046875
0.190155029296875 -0.092132568359375 0.14117431640625 0.340728759765625
0.019073486328125 -0.19696044921875 0.356658935546875 0.2332763671875
-0.1129150390625 -0.0941085815429687 0.430908203125 -0.00845336914062501
-0.123397827148438 0.0211029052734375 0.281524658203125 -0.214935302734375
-0.069061279296875 0.120124816894531 0.09320068359375 -0.247451782226563
-0.0251235961914063 0.13702392578125 -0.028961181640625 -0.172958374023438
-0.0288238525390625 0.13922119140625 -0.0317535400390625 -0.07861328125
-0.0277099609375 0.17987060546875 -0.0272674560546875 -0.00636100769042967
-0.120956420898438 0.161026000976563 -0.0384407043457031 0.036956787109375
-0.20458984375 0.030242919921875 -0.0825958251953125 0.050628662109375
-0.161819458007813 -0.152389526367187 -0.166717529296875 0.0401458740234375
0.092864990234375 -0.243911743164062 -0.254608154296875 -0.0637969970703126
0.252059936523438 -0.076202392578125 -0.19677734375 -0.21905517578125
0.243438720703125 0.107147216796875 0.0809478759765625 -0.22357177734375
0.1644287109375 0.0380096435546875 0.0845947265625 0.34881591796875
0.125213623046875 -0.0441055297851563 0.205596923828125 0.34503173828125
0.02142333984375 -0.116584777832031 0.389312744140625 0.1988525390625
-0.0565872192382813 -0.056640625 0.43798828125 -0.055877685546875
-0.0645370483398438 0.00761032104492186 0.272537231445313 -0.244842529296875
-0.042449951171875 0.0698471069335937 0.079559326171875 -0.277557373046875
-0.0260543823242188 0.0828933715820313 -0.0464324951171875 -0.201736450195313
-0.0251388549804688 0.0913162231445312 -0.0474853515625 -0.110153198242187
-0.0311431884765625 0.122116088867188 -0.0347557067871094 -0.0598869323730469
-0.097137451171875 0.0959548950195312 -0.0209999084472656 -0.0268707275390625
-0.132049560546875 -0.00836181640624999 -0.0332298278808594 0.0183334350585937
-0.075653076171875 -0.118980407714844 -0.119125366210937 0.0555267333984375
0.0961837768554688 -0.135726928710938 -0.259246826171875 -0.0348663330078125
0.170196533203125 -0.0082855224609375 -0.190689086914062 -0.2171630859375
0.147109985351563 0.0894317626953125 0.135040283203125 -0.171783447265625
-0.040802001953125 -0.0320091247558594 -0.1988525390625 0.181411743164062
-0.0364494323730469 0.00669860839843749 0.171707153320313 0.247406005859375
-0.05499267578125 0.00910568237304689 0.294677734375 -0.000396728515625
-0.00518417358398437 0.0391311645507813 0.135223388671875 -0.091888427734375
0.0327568054199219 0.0150375366210938 0.0247287750244141 -0.0226478576660156
0.0264625549316406 -0.0268936157226563 0.0223655700683594 0.0455894470214844
0.00293159484863281 -0.02569580078125 0.0452041625976562 0.0933761596679688
0.00131797790527344 -0.0197277069091797 0.0541000366210937 0.120086669921875
0.00127220153808594 -0.0215549468994141 0.0393829345703125 0.205230712890625
0.00313472747802734 -0.0100393295288086 -0.069671630859375 0.289093017578125
0.0183925628662109 -0.00567245483398438 -0.225006103515625 0.286956787109375
-0.000459671020507814 0.0189285278320313 -0.402740478515625 0.112457275390625
-0.0366134643554688 0.0259780883789063 -0.44854736328125 -0.203948974609375
-0.06451416015625 0.0165367126464844 -0.30157470703125 -0.326995849609375
-0.0883941650390625 -0.0504379272460937 -0.144561767578125 -0.40966796875
0.103553771972656 0.024932861328125 -0.213027954101563 0.158905029296875
0.102287292480469 -0.0265884399414062 0.1376953125 0.240585327148438
0.00271606445312499 -0.122978210449219 0.28460693359375 0.026214599609375
-0.0765151977539063 -0.063690185546875 0.149276733398438 -0.0684661865234375
-0.0789108276367188 0.00998687744140626 0.0435600280761719 -0.0298385620117187
-0.0328941345214844 0.0564613342285156 0.0274887084960938 0.042755126953125
0.000682830810546872 0.0583038330078125 0.0440673828125 0.0903549194335938
-0.00431060791015625 0.0450172424316406 0.0548477172851562 0.115394592285156
0.00153732299804687 0.0478515625 0.0423431396484375 0.206466674804688
-0.0189552307128906 0.0490188598632813 -0.054656982421875 0.294189453125
-0.0360450744628906 0.0277976989746094 -0.20782470703125 0.29510498046875
-0.0598297119140625 -0.00104141235351563 -0.39398193359375 0.1357421875
-0.0426979064941406 -0.0580863952636719 -0.455841064453125 -0.16754150390625
0.0121574401855469 -0.0486640930175781 -0.33111572265625 -0.309783935546875
0.0312271118164063 -0.0249462127685547 -0.169464111328125 -0.422088623046875
0.2252197265625 0.0709228515625 -0.19769287109375 0.156204223632812
0.218063354492188 -0.066192626953125 0.0955963134765625 0.231246948242187
0.0450286865234375 -0.237579345703125 0.258163452148438 0.0777435302734375
-0.14019775390625 -0.146697998046875 0.188400268554688 -0.0191192626953125
-0.17193603515625 0.00701904296875003 0.097869873046875 -0.043975830078125
-0.0828704833984375 0.126304626464844 0.049224853515625 0.00552749633789063
-0.00545501708984376 0.13037109375 0.0365562438964844 0.0554466247558594
-0.0109329223632813 0.10577392578125 0.04510498046875 0.0930557250976563
0.00207519531249999 0.11431884765625 0.0393218994140625 0.195343017578125
-0.0383453369140625 0.108802795410156 -0.045196533203125 0.286163330078125
-0.0907821655273438 0.0639266967773438 -0.196136474609375 0.288543701171875
-0.1246337890625 -0.020538330078125 -0.38201904296875 0.142303466796875
-0.0490570068359375 -0.144424438476562 -0.4461669921875 -0.14422607421875
0.0901947021484375 -0.113197326660156 -0.333160400390625 -0.295379638671875
0.147933959960938 0.0009613037109375 -0.162933349609375 -0.41326904296875
0.306121826171875 0.09600830078125 -0.162002563476562 0.176467895507813
0.28118896484375 -0.111297607421875 0.0603179931640625 0.24200439453125
0.048553466796875 -0.3121337890625 0.246078491210938 0.1500244140625
-0.1876220703125 -0.182846069335937 0.257644653320313 0.0286407470703125
-0.223861694335938 0.0164031982421875 0.170150756835938 -0.0771331787109375
-0.10955810546875 0.172012329101563 0.076629638671875 -0.0597915649414062
-0.010498046875 0.177383422851563 0.0235214233398438 -0.00256347656249999
-0.01666259765625 0.150909423828125 0.0279464721679688 0.0569686889648438
0.00196838378906251 0.169342041015625 0.0271148681640625 0.16888427734375
-0.0595855712890625 0.164596557617187 -0.0443115234375 0.257568359375
-0.14892578125 0.095306396484375 -0.186126708984375 0.257736206054687
-0.188247680664063 -0.046173095703125 -0.35888671875 0.125091552734375
-0.046051025390625 -0.229217529296875 -0.414276123046875 -0.136474609375
0.16827392578125 -0.163406372070313 -0.309417724609375 -0.28216552734375
0.244003295898438 0.0303802490234375 -0.126068115234375 -0.3861083984375
0.3385009765625 0.099365234375 -0.109817504882813 0.2178955078125
0.2877197265625 -0.137908935546875 0.05621337890625 0.280624389648438
0.030487060546875 -0.324188232421875 0.274673461914062 0.215362548828125
-0.201904296875 -0.171340942382813 0.341156005859375 0.04339599609375
-0.224807739257813 0.0291595458984375 0.235031127929688 -0.129196166992188
-0.108734130859375 0.185546875 0.0957412719726563 -0.137680053710938
-0.0135955810546875 0.193801879882813 0.00553512573242187 -0.0688629150390625
-0.021514892578125 0.17474365234375 0.00731086730957031 0.0119705200195313
-0.0012969970703125 0.205169677734375 0.0088653564453125 0.123809814453125
-0.0846710205078125 0.202606201171875 -0.0470733642578125 0.201690673828125
-0.202011108398438 0.106613159179688 -0.171615600585938 0.196701049804688
-0.233444213867187 -0.0851593017578124 -0.31536865234375 0.08807373046875
-0.01873779296875 -0.295318603515625 -0.357696533203125 -0.125946044921875
0.235748291015625 -0.18145751953125 -0.269058227539063 -0.262725830078125
0.303619384765625 0.06182861328125 -0.0660400390625 -0.34332275390625
0.32269287109375 0.0875244140625 -0.0427398681640625 0.270797729492188
0.251510620117188 -0.13397216796875 0.09381103515625 0.322784423828125
0.015045166015625 -0.278610229492188 0.327362060546875 0.241119384765625
-0.173721313476563 -0.13427734375 0.40948486328125 0.0184326171875
-0.184738159179688 0.03240966796875 0.272537231445312 -0.186477661132812
-0.0892333984375 0.166305541992188 0.0982208251953125 -0.2091064453125
-0.0166778564453125 0.180038452148438 -0.0147781372070313 -0.129570007324219
-0.0239410400390625 0.172637939453125 -0.014190673828125 -0.0352592468261719
-0.010345458984375 0.212249755859375 -0.0115737915039062 0.0617218017578125
-0.108657836914063 0.207290649414062 -0.0486373901367188 0.123100280761719
-0.230819702148438 0.0845947265624999 -0.136833190917969 0.119056701660156
-0.232086181640625 -0.131027221679688 -0.245697021484375 0.0538787841796875
0.0345458984375 -0.311431884765625 -0.298370361328125 -0.0975341796875001
0.275482177734375 -0.152664184570312 -0.231475830078125 -0.236434936523437
0.3094482421875 0.091888427734375 0.00405883789062501 -0.290435791015625
0.264236450195313 0.0638885498046875 0.0316162109375 0.32208251953125
0.194793701171875 -0.100494384765625 0.155517578125 0.346893310546875
0.012481689453125 -0.201553344726563 0.377166748046875 0.22650146484375
-0.119522094726563 -0.093048095703125 0.44384765625 -0.027618408203125
-0.126068115234375 0.023712158203125 0.280838012695313 -0.233474731445313
-0.0647735595703125 0.125076293945313 0.088958740234375 -0.259628295898438
-0.0196990966796875 0.141845703125 -0.035308837890625 -0.175201416015625
-0.0235595703125 0.14404296875 -0.0338668823242188 -0.0783538818359375
-0.0197906494140625 0.185256958007813 -0.0275802612304688 -0.00475120544433593
-0.11614990234375 0.171356201171875 -0.0389328002929688 0.0385475158691406
-0.210052490234375 0.0383758544921875 -0.0841445922851563 0.0540084838867188
-0.173263549804688 -0.15264892578125 -0.171340942382813 0.04608154296875
0.0859527587890625 -0.255599975585938 -0.266433715820313 -0.053863525390625
0.260040283203125 -0.0860443115234375 -0.214157104492187 -0.21649169921875
0.2587890625 0.104766845703125 0.0736083984375 -0.234527587890625
0.172622680664063 0.03564453125 0.10247802734375 0.360626220703125
0.12921142578125 -0.049102783203125 0.223236083984375 0.348785400390625
0.0179367065429688 -0.118972778320313 0.41033935546875 0.18994140625
-0.0595359802246094 -0.0566864013671875 0.4490966796875 -0.07537841796875
-0.0656700134277344 0.00802612304687501 0.2711181640625 -0.2635498046875
-0.0396728515625 0.0731887817382813 0.071807861328125 -0.28936767578125
-0.0223846435546875 0.0880203247070313 -0.05389404296875 -0.204421997070313
-0.02203369140625 0.0952682495117188 -0.05023193359375 -0.110389709472656
-0.0261383056640625 0.126289367675781 -0.0370635986328125 -0.0598297119140625
-0.0951385498046875 0.103935241699219 -0.0232372283935547 -0.0272541046142578
-0.136703491210938 -0.00479125976562497 -0.0340728759765625 0.0178794860839844
-0.08245849609375 -0.120796203613281 -0.120658874511719 0.0613861083984375
0.09466552734375 -0.143661499023438 -0.27008056640625 -0.0225524902343751
0.177505493164063 -0.01312255859375 -0.208648681640625 -0.214431762695313
0.156692504882813 0.0895233154296875 0.131851196289063 -0.18255615234375
-0.0451164245605469 -0.0313377380371094 -0.191848754882812 0.195953369140625
-0.0368309020996094 0.00954437255859376 0.191207885742187 0.237899780273437
-0.0551605224609375 0.0150604248046875 0.301605224609375 -0.02288818359375
-0.00277328491210938 0.0403327941894531 0.131553649902344 -0.103866577148438
0.0340290069580078 0.01214599609375 0.0243301391601563 -0.0243988037109375
0.0257301330566406 -0.0289402008056641 0.0264396667480469 0.0422515869140625
0.00255012512207031 -0.0264053344726563 0.0510025024414062 0.089752197265625
0.000808715820312499 -0.0212345123291016 0.0591583251953125 0.116966247558594
0.000686645507812502 -0.02239990234375 0.0493621826171875 0.204910278320312
0.00359821319580078 -0.010066032409668 -0.0533447265625 0.295989990234375
0.0177230834960938 -0.00666427612304688 -0.211212158203125 0.3040771484375
0.000930786132812498 0.0198097229003906 -0.40484619140625 0.14141845703125
-0.0373878479003906 0.0308456420898437 -0.469818115234375 -0.178985595703125
-0.0640792846679688 0.020538330078125 -0.327667236328125 -0.315399169921875
-0.0934600830078125 -0.0462875366210938 -0.173126220703125 -0.413238525390625
0.108070373535156 0.0189361572265625 -0.207260131835938 0.174041748046875
0.104377746582031 -0.0328598022460938 0.155487060546875 0.233840942382813
-0.00424957275390626 -0.124305725097656 0.29266357421875 0.00460815429687499
-0.0825271606445313 -0.06060791015625 0.147979736328125 -0.081024169921875
-0.0814590454101562 0.0145797729492187 0.0425224304199219 -0.0330734252929688
-0.0290069580078125 0.0602188110351562 0.0317955017089844 0.0391616821289063
0.00541305541992188 0.0592117309570313 0.0494003295898438 0.0869903564453125
-0.001129150390625 0.0452384948730469 0.0594635009765625 0.112464904785156
0.00484466552734376 0.0480804443359375 0.0532379150390625 0.206207275390625
-0.0145530700683594 0.0514869689941406 -0.038726806640625 0.30029296875
-0.0338497161865234 0.0299243927001953 -0.193359375 0.3115234375
-0.0604286193847656 0.00298309326171876 -0.39520263671875 0.164886474609375
-0.0489234924316406 -0.0533218383789063 -0.476409912109375 -0.141082763671875
0.00982284545898438 -0.0485954284667969 -0.357391357421875 -0.296417236328125
0.0302467346191406 -0.0269851684570313 -0.20123291015625 -0.423919677734375
0.236419677734375 0.05963134765625 -0.191619873046875 0.170623779296875
0.220993041992188 -0.0794219970703125 0.111053466796875 0.227096557617188
0.0320587158203125 -0.244430541992188 0.26776123046875 0.0586700439453125
-0.151779174804688 -0.141326904296875 0.19012451171875 -0.033294677734375
-0.176422119140625 0.01727294921875 0.097137451171875 -0.0519943237304688
-0.0760345458984375 0.134101867675781 0.0526580810546875 -0.000110626220703117
0.00476837158203125 0.132682800292969 0.0405197143554688 0.0522613525390625
-0.00444793701171875 0.107215881347656 0.048797607421875 0.0911712646484375
0.0100250244140625 0.114837646484375 0.04949951171875 0.1962890625
-0.03057861328125 0.112380981445313 -0.02880859375 0.291961669921875
-0.0870895385742188 0.0696868896484375 -0.18243408203125 0.30499267578125
-0.126411437988281 -0.0126571655273438 -0.38226318359375 0.170074462890625
-0.0597991943359375 -0.140945434570313 -0.465606689453125 -0.1185302734375
0.0863418579101562 -0.119132995605469 -0.359039306640625 -0.28167724609375
0.151779174804688 -0.0056610107421875 -0.193603515625 -0.414825439453125
0.3212890625 0.0799560546875 -0.15289306640625 0.1903076171875
0.28369140625 -0.12896728515625 0.0752410888671875 0.241668701171875
0.030792236328125 -0.321014404296875 0.260528564453125 0.134689331054687
-0.202987670898438 -0.175201416015625 0.263885498046875 0.0118865966796875
-0.229537963867187 0.0294952392578125 0.169021606445312 -0.0902099609375
-0.0997314453125 0.181671142578125 0.0769729614257813 -0.068878173828125
0.002349853515625 0.180709838867188 0.0236873626708984 -0.00515747070312499
-0.00755310058593752 0.153854370117188 0.0298385620117187 0.0553092956542969
0.013336181640625 0.169937133789063 0.0364227294921875 0.17041015625
-0.0479278564453125 0.169967651367188 -0.02764892578125 0.263595581054688
-0.143814086914063 0.105331420898437 -0.174575805664063 0.273147583007812
-0.19378662109375 -0.03521728515625 -0.36004638671875 0.150543212890625
-0.0623931884765625 -0.22735595703125 -0.43255615234375 -0.11328125
0.162078857421875 -0.17510986328125 -0.3338623046875 -0.2686767578125
0.252288818359375 0.0182037353515625 -0.154541015625 -0.389312744140625
0.354522705078125 0.083038330078125 -0.0958251953125 0.230392456054687
0.2886962890625 -0.156982421875 0.072479248046875 0.2825927734375
0.0115966796875 -0.330657958984375 0.29266357421875 0.1995849609375
-0.216461181640625 -0.1629638671875 0.3507080078125 0.02276611328125
-0.229034423828125 0.0418701171875 0.231735229492188 -0.1474609375
-0.097320556640625 0.194625854492188 0.090728759765625 -0.148941040039063
6.10351562499838E-05 0.197586059570313 0.00154876708984375 -0.0708465576171875
-0.0108489990234375 0.178817749023438 0.00809478759765625 0.01177978515625
0.0122833251953125 0.20703125 0.0168685913085938 0.126052856445313
-0.07073974609375 0.211013793945313 -0.0356903076171875 0.208023071289062
-0.198440551757813 0.120010375976563 -0.163726806640625 0.210479736328125
-0.242843627929688 -0.0732574462890625 -0.318267822265625 0.10986328125
-0.0384521484375 -0.298187255859375 -0.373992919921875 -0.105316162109375
0.231765747070312 -0.198043823242187 -0.29180908203125 -0.250579833984375
0.31591796875 0.047576904296875 -0.090850830078125 -0.348388671875
0.33709716796875 0.07220458984375 -0.024017333984375 0.281219482421875
0.252029418945312 -0.15008544921875 0.1123046875 0.324859619140625
-0.00115966796875 -0.2823486328125 0.3492431640625 0.2247314453125
-0.184158325195313 -0.12664794921875 0.419036865234375 -0.00811767578125001
-0.187088012695313 0.0424652099609375 0.266510009765625 -0.207870483398438
-0.0789794921875 0.173736572265625 0.0892486572265625 -0.221343994140625
-0.00396728515624999 0.183731079101563 -0.0228042602539063 -0.131294250488281
-0.0132904052734375 0.176773071289063 -0.0153617858886719 -0.0353584289550781
0.00399780273437499 0.215133666992188 -0.00693130493164062 0.0647544860839844
-0.0943756103515625 0.218658447265625 -0.04193115234375 0.127029418945312
-0.22906494140625 0.100341796875 -0.133224487304688 0.1282958984375
-0.24517822265625 -0.120407104492187 -0.249267578125 0.070068359375
0.0155029296875 -0.319366455078125 -0.3111572265625 -0.079376220703125
0.274520874023438 -0.171524047851563 -0.25244140625 -0.224929809570313
0.32550048828125 0.07781982421875 -0.0152282714843749 -0.29840087890625
0.276077270507813 0.0517425537109375 0.0538330078125 0.32958984375
0.195556640625 -0.112472534179687 0.17803955078125 0.346710205078125
0.00125122070312499 -0.204421997070313 0.3997802734375 0.207916259765625
-0.126197814941406 -0.087310791015625 0.4505615234375 -0.056732177734375
-0.12677001953125 0.0302352905273438 0.271560668945313 -0.256210327148438
-0.0568466186523437 0.130714416503906 0.0764617919921875 -0.271835327148438
-0.00962829589843749 0.146087646484375 -0.045166015625 -0.175399780273438
-0.01568603515625 0.14862060546875 -0.0370559692382813 -0.0775680541992187
-0.00755310058593749 0.188385009765625 -0.0278301239013672 -0.00141906738281249
-0.104965209960937 0.182846069335938 -0.03790283203125 0.0409355163574219
-0.212295532226563 0.0514678955078125 -0.0831146240234375 0.0579910278320313
-0.18634033203125 -0.146377563476563 -0.172714233398438 0.0574798583984375
0.0726470947265625 -0.265899658203125 -0.276031494140625 -0.0349884033203125
0.263519287109375 -0.102920532226563 -0.2337646484375 -0.205001831054687
0.273345947265625 0.09405517578125 0.0594482421875 -0.243316650390625
0.179351806640625 0.0277252197265625 0.127655029296875 0.3660888671875
0.130538940429688 -0.05670166015625 0.24658203125 0.34527587890625
0.01202392578125 -0.120933532714844 0.431060791015625 0.16796875
-0.0629539489746094 -0.0542106628417969 0.4541015625 -0.10638427734375
-0.0667495727539063 0.0103683471679688 0.25958251953125 -0.2855224609375
-0.03515625 0.0758819580078125 0.05731201171875 -0.2999267578125
-0.0160369873046875 0.0916900634765625 -0.065155029296875 -0.202392578125
-0.0162200927734375 0.0982894897460937 -0.0545578002929687 -0.107795715332031
-0.0178375244140625 0.129318237304688 -0.0402565002441406 -0.0581817626953125
-0.0882186889648438 0.112335205078125 -0.0261268615722656 -0.0263290405273437
-0.141159057617188 0.00224304199218751 -0.0338077545166016 0.0182380676269531
-0.0908966064453125 -0.119865417480469 -0.119712829589844 0.0703125
0.0887603759765625 -0.151763916015625 -0.278427124023438 -0.00274658203124995
0.183517456054688 -0.0232696533203125 -0.229156494140625 -0.202438354492187
0.167343139648438 0.0838775634765625 0.122161865234375 -0.193740844726562
-0.0487480163574219 -0.0293350219726563 -0.178298950195313 0.205825805664062
-0.0353431701660156 0.0120887756347656 0.206146240234375 0.221237182617188
-0.0522842407226562 0.0217552185058594 0.297882080078125 -0.046875
0.000343322753906252 0.0402107238769531 0.122512817382812 -0.113441467285156
0.0333232879638672 0.0100612640380859 0.0229244232177734 -0.0268630981445313
0.0232276916503906 -0.0297832489013672 0.0289344787597656 0.0379905700683594
0.00121307373046875 -0.0257892608642578 0.0546417236328125 0.0835113525390625
-0.000795364379882814 -0.0213832855224609 0.0623855590820313 0.110977172851563
-0.000665664672851562 -0.0227527618408203 0.057861328125 0.198562622070313
0.00420761108398438 -0.00965118408203125 -0.035430908203125 0.29425048828125
0.0169219970703125 -0.00811481475830078 -0.19024658203125 0.31280517578125
0.00252532958984375 0.0205478668212891 -0.39324951171875 0.16790771484375
-0.0362548828125 0.03509521484375 -0.48089599609375 -0.146514892578125
-0.0612373352050781 0.0247879028320313 -0.3460693359375 -0.292816162109375
-0.096405029296875 -0.0410385131835938 -0.199737548828125 -0.40252685546875
0.108245849609375 0.01171875 -0.195159912109375 0.184783935546875
0.104423522949219 -0.0385284423828125 0.168472290039063 0.219635009765625
-0.0105438232421875 -0.121025085449219 0.29071044921875 -0.019256591796875
-0.0858230590820313 -0.054595947265625 0.140655517578125 -0.0916748046875
-0.0816116333007813 0.0193023681640625 0.0404129028320312 -0.0361595153808594
-0.0243949890136719 0.0613594055175781 0.0355300903320313 0.0344200134277344
0.01025390625 0.0584335327148438 0.0536422729492187 0.0811843872070313
0.000934600830078126 0.0447044372558594 0.0627059936523438 0.106361389160156
0.0084228515625 0.0457038879394531 0.062530517578125 0.200454711914063
-0.00929260253906251 0.0506858825683594 -0.0194091796875 0.29779052734375
-0.0309638977050781 0.0308723449707031 -0.17242431640625 0.318756103515625
-0.0579566955566406 0.00722885131835938 -0.3826904296875 0.189910888671875
-0.0520591735839844 -0.046661376953125 -0.48309326171875 -0.108184814453125
0.00806045532226563 -0.0479202270507813 -0.373626708984375 -0.272125244140625
0.0280551910400391 -0.0276603698730469 -0.226837158203125 -0.411712646484375
0.239974975585937 0.044647216796875 -0.1788330078125 0.180877685546875
0.218292236328125 -0.0915679931640625 0.124252319335938 0.21673583984375
0.018280029296875 -0.243637084960938 0.269363403320313 0.0364837646484375
-0.160186767578125 -0.131301879882813 0.186416625976563 -0.04693603515625
-0.176849365234375 0.0283355712890625 0.0926437377929687 -0.0587158203125
-0.0655670166015625 0.138160705566406 0.0540199279785156 -0.00600433349609374
0.0143966674804687 0.130950927734375 0.0426254272460938 0.0483055114746094
0.0018768310546875 0.106025695800781 0.0518722534179687 0.08612060546875
0.0176010131835937 0.111122131347656 0.0595703125 0.190673828125
-0.020263671875 0.112205505371094 -0.00952148437499998 0.289886474609375
-0.0808868408203125 0.0734939575195313 -0.161712646484375 0.312255859375
-0.124824523925781 -0.00450897216796876 -0.36962890625 0.196014404296875
-0.068450927734375 -0.131889343261719 -0.471832275390625 -0.0861511230468751
0.0793991088867188 -0.121940612792969 -0.374969482421875 -0.25714111328125
0.150787353515625 -0.0137481689453125 -0.219940185546875 -0.402496337890625
0.325714111328125 0.061370849609375 -0.137969970703125 0.1983642578125
0.277694702148438 -0.145309448242188 0.088226318359375 0.23492431640625
0.011444091796875 -0.319915771484375 0.266250610351563 0.114517211914062
-0.213027954101562 -0.161972045898438 0.2618408203125 -0.00665283203125001
-0.227218627929688 0.042938232421875 0.16162109375 -0.101303100585938
-0.0859375 0.18701171875 0.0731277465820313 -0.0760726928710937
0.0150909423828125 0.178970336914063 0.0230922698974609 -0.00809669494628905
0.00187683105468748 0.153106689453125 0.03192138671875 0.0526199340820313
0.02508544921875 0.165679931640625 0.0472259521484375 0.166534423828125
-0.033477783203125 0.170700073242187 -0.010650634765625 0.26171875
-0.134490966796875 0.112770080566406 -0.157028198242188 0.28082275390625
-0.1927490234375 -0.0220947265625 -0.35040283203125 0.1741943359375
-0.0763397216796875 -0.218353271484375 -0.43719482421875 -0.0827331542968751
0.151870727539063 -0.18243408203125 -0.349273681640625 -0.244842529296875
0.2535400390625 0.00457763671875 -0.180145263671875 -0.378662109375
0.358612060546875 0.06219482421875 -0.078033447265625 0.234756469726563
0.280014038085938 -0.172866821289063 0.0878143310546875 0.275314331054688
-0.00793457031249997 -0.32763671875 0.303192138671875 0.177703857421875
-0.224609375 -0.1480712890625 0.34942626953125 -0.00115966796875001
-0.225967407226563 0.05584716796875 0.220138549804688 -0.162094116210938
-0.082672119140625 0.198287963867188 0.08245849609375 -0.15655517578125
0.0141448974609375 0.196014404296875 -0.00205230712890625 -0.0712127685546875
-0.00013732910156252 0.178009033203125 0.00842094421386719 0.0104913711547852
0.025482177734375 0.202316284179688 0.0259933471679687 0.123512268066406
-0.053009033203125 0.212753295898438 -0.022064208984375 0.207611083984375
-0.186859130859375 0.132125854492188 -0.149810791015625 0.217529296875
-0.245269775390625 -0.056976318359375 -0.310028076171875 0.130615234375
-0.056793212890625 -0.29132080078125 -0.37957763671875 -0.078887939453125
0.219757080078125 -0.210220336914063 -0.30657958984375 -0.2281494140625
0.31976318359375 0.03021240234375 -0.1143798828125 -0.341766357421875
0.3411865234375 0.05181884765625 -0.00317382812499997 0.28192138671875
0.243682861328125 -0.163131713867187 0.1304931640625 0.316314697265625
-0.017730712890625 -0.277740478515625 0.361297607421875 0.1995849609375
-0.189453125 -0.113204956054688 0.41571044921875 -0.0357666015625
-0.183624267578125 0.053497314453125 0.2503662109375 -0.224960327148437
-0.066497802734375 0.176132202148438 0.0759124755859375 -0.227279663085938
0.00939941406249999 0.182571411132813 -0.0291824340820312 -0.128128051757813
-0.00286865234375 0.176605224609375 -0.0158329010009766 -0.034393310546875
0.018402099609375 0.21099853515625 -0.000980377197265628 0.0655937194824219
-0.0765533447265625 0.221572875976563 -0.033447265625 0.128509521484375
-0.219802856445313 0.114120483398438 -0.12518310546875 0.134750366210937
-0.250717163085938 -0.104629516601562 -0.244552612304688 0.0865478515625
-0.00442504882812502 -0.31707763671875 -0.314239501953125 -0.0571289062500001
0.26513671875 -0.18707275390625 -0.265869140625 -0.204437255859375
0.331146240234375 0.05963134765625 -0.036041259765625 -0.2952880859375
0.279266357421875 0.036346435546875 0.07733154296875 0.3260498046875
0.188934326171875 -0.12237548828125 0.19720458984375 0.33599853515625
-0.01007080078125 -0.200714111328125 0.410980224609375 0.1795654296875
-0.128326416015625 -0.0778732299804688 0.444580078125 -0.086669921875
-0.124809265136719 0.0367202758789063 0.252456665039062 -0.271636962890625
-0.04644775390625 0.131782531738281 0.05914306640625 -0.275405883789063
0.00163269042968751 0.146072387695313 -0.053192138671875 -0.169815063476563
-0.00674438476562499 0.14788818359375 -0.0388259887695313 -0.0746231079101562
0.00497436523437502 0.186111450195313 -0.025543212890625 0.000797271728515632
-0.089691162109375 0.186981201171875 -0.035186767578125 0.0429954528808594
-0.207229614257813 0.0655670166015625 -0.0797805786132813 0.0607223510742188
-0.194992065429688 -0.134490966796875 -0.168609619140625 0.068511962890625
0.055908203125 -0.267898559570313 -0.2752685546875 -0.0137939453125
0.259002685546875 -0.11737060546875 -0.246856689453125 -0.184768676757813
0.279678344726562 0.078887939453125 0.041656494140625 -0.244873046875
0.180831909179688 0.0181121826171875 0.15289306640625 0.3587646484375
0.128929138183594 -0.0638427734375 0.26556396484375 0.329132080078125
0.00611877441406249 -0.119033813476563 0.439910888671875 0.139495849609375
-0.0642433166503906 -0.0489540100097656 0.442596435546875 -0.134765625
-0.0664520263671875 0.0130844116210938 0.238983154296875 -0.299835205078125
-0.029327392578125 0.076995849609375 0.03857421875 -0.300933837890625
-0.00863647460937499 0.0928955078125 -0.074310302734375 -0.195327758789063
-0.0101852416992187 0.0990447998046875 -0.0570449829101562 -0.103889465332031
-0.0086669921875 0.128440856933594 -0.0415077209472656 -0.0545806884765625
-0.0782318115234375 0.117256164550781 -0.0275936126708984 -0.0250244140625
-0.140853881835937 0.010955810546875 -0.0331058502197266 0.0185146331787109
-0.097747802734375 -0.114700317382813 -0.114097595214844 0.078094482421875
0.0800933837890625 -0.155548095703125 -0.276779174804688 0.0200347900390625
0.18377685546875 -0.034088134765625 -0.243011474609375 -0.182952880859375
0.17364501953125 0.074188232421875 0.108123779296875 -0.200042724609375
-0.0517387390136719 -0.0263023376464844 -0.165496826171875 0.206695556640625
-0.0340137481689453 0.0138607025146484 0.210189819335938 0.205963134765625
-0.0493202209472656 0.0252761840820313 0.289215087890625 -0.062469482421875
0.002105712890625 0.0396957397460938 0.114128112792969 -0.117958068847656
0.0322647094726563 0.00920295715332031 0.0210247039794922 -0.0279960632324219
0.0215644836425781 -0.0293617248535156 0.0287380218505859 0.0340042114257813
0.00116348266601562 -0.0254955291748047 0.0551681518554687 0.0771255493164062
-0.00208473205566406 -0.0205879211425781 0.0619354248046875 0.105148315429688
-0.00197029113769531 -0.0224475860595703 0.060821533203125 0.191635131835937
0.00527572631835937 -0.00952339172363281 -0.02386474609375 0.287139892578125
0.0164461135864258 -0.00811862945556641 -0.17388916015625 0.312469482421875
0.00354957580566406 0.020721435546875 -0.37841796875 0.181976318359375
-0.0338592529296875 0.0375823974609375 -0.476165771484375 -0.12274169921875
-0.0583839416503906 0.0259475708007812 -0.349822998046875 -0.273345947265625
-0.0962753295898437 -0.0365676879882813 -0.211822509765625 -0.387939453125
0.105598449707031 0.0080718994140625 -0.182373046875 0.187210083007813
0.102249145507813 -0.0406951904296875 0.174301147460937 0.207046508789063
-0.0133438110351563 -0.116851806640625 0.283905029296875 -0.035614013671875
-0.0862503051757813 -0.0502471923828125 0.131462097167969 -0.0979995727539063
-0.0809478759765625 0.0235824584960938 0.0374526977539062 -0.0373001098632813
-0.0204734802246094 0.0620803833007813 0.03533935546875 0.02935791015625
0.0133476257324219 0.0568161010742188 0.0543594360351563 0.07464599609375
0.00219345092773437 0.0437698364257813 0.0620956420898437 0.100143432617188
0.0092315673828125 0.0433502197265625 0.066864013671875 0.1934814453125
-0.005157470703125 0.0492706298828125 -0.00775146484374998 0.289794921875
-0.0283699035644531 0.0306415557861328 -0.15692138671875 0.316986083984375
-0.0556373596191406 0.00973129272460938 -0.367279052734375 0.203033447265625
-0.0525741577148438 -0.0406112670898437 -0.47894287109375 -0.08563232421875
0.00734710693359375 -0.0471115112304688 -0.37701416015625 -0.25201416015625
0.0258293151855469 -0.0280666351318359 -0.239837646484375 -0.39544677734375
0.23663330078125 0.035369873046875 -0.166427612304687 0.18280029296875
0.21295166015625 -0.0977630615234375 0.12939453125 0.205612182617187
0.00865173339843751 -0.2392578125 0.263839721679688 0.019622802734375
-0.161361694335938 -0.122039794921875 0.1783447265625 -0.05499267578125
-0.174087524414062 0.0357818603515625 0.087066650390625 -0.0617828369140625
-0.0575408935546875 0.138626098632813 0.0526046752929688 -0.0109443664550781
0.02081298828125 0.12744140625 0.0425491333007813 0.0428428649902344
0.00575256347656249 0.103858947753906 0.0510711669921875 0.0812225341796875
0.020843505859375 0.106513977050781 0.06427001953125 0.184066772460938
-0.013092041015625 0.108985900878906 0.00177001953125001 0.28167724609375
-0.0745849609375 0.0734939575195313 -0.145294189453125 0.311279296875
-0.119865417480469 0.000968933105468759 -0.35546875 0.208526611328125
-0.0712738037109375 -0.122879028320312 -0.466400146484375 -0.0633239746093751
0.0743331909179687 -0.121688842773437 -0.3782958984375 -0.2349853515625
0.146759033203125 -0.017852783203125 -0.232940673828125 -0.3876953125
0.3226318359375 0.048431396484375 -0.124786376953125 0.19873046875
0.26934814453125 -0.151473999023438 0.095794677734375 0.225433349609375
0.000427246093750005 -0.313507080078125 0.264678955078125 0.097259521484375
-0.21441650390625 -0.149688720703125 0.254806518554687 -0.018218994140625
-0.22210693359375 0.0526123046875 0.15350341796875 -0.107040405273438
-0.0743255615234375 0.185226440429688 0.0692825317382813 -0.0798110961914062
0.0244140625 0.17333984375 0.0212364196777344 -0.0106372833251953
0.00810241699218751 0.149673461914063 0.0326194763183594 0.0494499206542969
0.0306396484375 0.159332275390625 0.054046630859375 0.160491943359375
-0.0230865478515625 0.165054321289062 0.000274658203125002 0.254806518554688
-0.125411987304688 0.114151000976563 -0.142807006835937 0.279922485351562
-0.188064575195313 -0.0140380859375 -0.3375244140625 0.186981201171875
-0.0828704833984375 -0.206939697265625 -0.4326171875 -0.062347412109375
0.143539428710938 -0.183761596679688 -0.352203369140625 -0.225006103515625
0.249649047851562 -0.0031280517578125 -0.192413330078125 -0.365142822265625
0.35504150390625 0.0487060546875 -0.0644073486328125 0.233016967773438
0.271347045898438 -0.178634643554688 0.0968017578125 0.266510009765625
-0.018798828125 -0.31964111328125 0.303375244140625 0.159942626953125
-0.223770141601563 -0.135238647460938 0.342041015625 -0.016693115234375
-0.220016479492188 0.06414794921875 0.208206176757813 -0.168228149414062
-0.0706787109375 0.196121215820313 0.0746612548828125 -0.158981323242188
0.0238494873046875 0.19000244140625 -0.0050048828125 -0.0707550048828125
0.00723266601562498 0.174087524414063 0.00908088684082031 0.00898456573486329
0.0336151123046875 0.195053100585937 0.0315399169921875 0.120147705078125
-0.0403594970703125 0.207473754882813 -0.0119781494140625 0.202713012695313
-0.176712036132812 0.1358642578125 -0.139022827148438 0.218612670898438
-0.240737915039063 -0.0457611083984375 -0.29998779296875 0.14215087890625
-0.066314697265625 -0.280593872070313 -0.37353515625 -0.0603942871093751
0.209426879882813 -0.214035034179688 -0.309967041015625 -0.209075927734375
0.315765380859375 0.02001953125 -0.127044677734375 -0.330780029296875
0.33721923828125 0.039886474609375 0.0105743408203125 0.275985717773438
0.234786987304687 -0.168975830078125 0.139984130859375 0.3056640625
-0.02667236328125 -0.27001953125 0.36248779296875 0.1795654296875
-0.187591552734375 -0.102157592773438 0.40582275390625 -0.05322265625
-0.17822265625 0.0598297119140625 0.23455810546875 -0.230239868164063
-0.0556182861328125 0.17388916015625 0.0649261474609375 -0.227157592773438
0.0183258056640625 0.177978515625 -0.0324783325195313 -0.124496459960937
0.00408935546875001 0.172622680664062 -0.0150127410888672 -0.0337257385253906
0.026947021484375 0.204086303710938 0.003692626953125 0.063873291015625
-0.0625762939453125 0.2181396484375 -0.0275192260742188 0.126296997070313
-0.210357666015625 0.120132446289063 -0.118873596191406 0.135894775390625
-0.249893188476562 -0.0932464599609375 -0.236404418945313 0.0957183837890625
-0.016021728515625 -0.308380126953125 -0.30902099609375 -0.040374755859375
0.2552490234375 -0.193588256835938 -0.269073486328125 -0.18597412109375
0.329498291015625 0.0482177734375 -0.04840087890625 -0.28790283203125
0.275009155273438 0.02618408203125 0.0915222167968751 0.317108154296875
0.183029174804687 -0.126449584960938 0.2064208984375 0.32183837890625
-0.0155487060546875 -0.194961547851563 0.4095458984375 0.159515380859375
-0.126747131347656 -0.0711441040039063 0.43121337890625 -0.1036376953125
-0.12139892578125 0.0401535034179688 0.235153198242188 -0.275711059570313
-0.039093017578125 0.129058837890625 0.047607421875 -0.272552490234375
0.00953674316406251 0.142822265625 -0.056976318359375 -0.163955688476563
-0.000991821289062513 0.14532470703125 -0.0381546020507813 -0.072174072265625
0.0128326416015625 0.180648803710938 -0.0222587585449219 0.00147628784179689
-0.07733154296875 0.186080932617187 -0.032562255859375 0.0435714721679688
-0.200973510742187 0.072296142578125 -0.0772018432617188 0.0612716674804688
-0.196334838867188 -0.125167846679688 -0.162155151367188 0.0750732421875
0.0463409423828125 -0.264480590820312 -0.269149780273438 0.00126647949218748
0.252227783203125 -0.1259765625 -0.250152587890625 -0.166580200195312
0.280441284179687 0.068572998046875 0.02978515625 -0.240997314453125
0.17877197265625 0.0126190185546875 0.16595458984375 0.34649658203125
0.1253662109375 -0.067291259765625 0.272796630859375 0.314849853515625
0.00270843505859375 -0.115478515625 0.437408447265625 0.1173095703125
-0.0634880065917969 -0.0459213256835937 0.427459716796875 -0.1514892578125
-0.0654258728027344 0.0150489807128906 0.21990966796875 -0.30230712890625
-0.0241470336914062 0.0756607055664063 0.025909423828125 -0.29595947265625
-0.0019378662109375 0.0917282104492187 -0.0771026611328125 -0.186660766601563
-0.00592041015625001 0.097564697265625 -0.0555191040039063 -0.10003662109375
-0.00343322753906251 0.124801635742187 -0.039886474609375 -0.0515518188476563
-0.06964111328125 0.117263793945312 -0.0284748077392578 -0.0232467651367187
-0.138107299804688 0.016632080078125 -0.0330352783203125 0.0175952911376953
-0.100410461425781 -0.110145568847656 -0.107353210449219 0.0819473266601562
0.0747528076171875 -0.154693603515625 -0.269256591796875 0.0357055664062499
0.182357788085937 -0.04058837890625 -0.246429443359375 -0.164535522460937
0.174713134765625 0.0682525634765625 0.0961456298828125 -0.19879150390625
-0.0537490844726563 -0.0237388610839844 -0.16046142578125 0.205032348632813
-0.0324287414550781 0.0146846771240234 0.210708618164062 0.196304321289062
-0.0466461181640625 0.0269088745117187 0.283172607421875 -0.0721435546875
0.00388717651367188 0.0397109985351563 0.107879638671875 -0.119964599609375
0.0308170318603516 0.00973320007324219 0.0192241668701172 -0.0276432037353516
0.02154541015625 -0.02801513671875 0.0273857116699219 0.0316486358642578
0.00208854675292969 -0.0241336822509766 0.052978515625 0.0732269287109375
-0.00221061706542969 -0.0200462341308594 0.0588531494140625 0.101242065429688
-0.002899169921875 -0.0217266082763672 0.059814453125 0.187210083007813
0.00575923919677734 -0.0100746154785156 -0.0200042724609375 0.280349731445312
0.0158882141113281 -0.00885581970214844 -0.166961669921875 0.30902099609375
0.004852294921875 0.0216350555419922 -0.369964599609375 0.18634033203125
-0.0323333740234375 0.0397262573242188 -0.472625732421875 -0.111328125
-0.0559806823730469 0.0252609252929687 -0.348785400390625 -0.265167236328125
-0.0963668823242188 -0.0354766845703125 -0.21405029296875 -0.381744384765625
0.103546142578125 0.007781982421875 -0.176437377929688 0.18634033203125
0.102859497070313 -0.0413970947265625 0.175567626953125 0.199005126953125
-0.0128860473632812 -0.115257263183594 0.277862548828125 -0.0453643798828125
-0.0846405029296875 -0.0482330322265625 0.125404357910156 -0.0999603271484375
-0.0811843872070313 0.0254898071289062 0.0353584289550781 -0.0376510620117188
-0.018341064453125 0.0621719360351563 0.0346775054931641 0.0266513824462891
0.0160598754882812 0.0552406311035156 0.0517807006835938 0.0709915161132813
0.00273513793945313 0.0432357788085937 0.0592422485351563 0.0969009399414062
0.00882339477539063 0.0418472290039063 0.0663299560546875 0.188522338867188
-0.00318527221679688 0.0459442138671875 -0.003509521484375 0.282562255859375
-0.026580810546875 0.0292167663574219 -0.149627685546875 0.313812255859375
-0.0529365539550781 0.0113525390625 -0.358917236328125 0.2080078125
-0.0511589050292969 -0.035552978515625 -0.4742431640625 -0.0749816894531249
0.00690078735351562 -0.0464591979980469 -0.375457763671875 -0.243255615234375
0.024322509765625 -0.0266342163085938 -0.241912841796875 -0.3887939453125
0.234268188476563 0.0332794189453125 -0.160354614257812 0.181137084960937
0.212722778320312 -0.0989532470703125 0.13189697265625 0.198776245117188
0.00790405273437502 -0.236328125 0.259033203125 0.010406494140625
-0.160369873046875 -0.118026733398438 0.173385620117188 -0.0579833984375
-0.172622680664063 0.0397186279296875 0.0842514038085937 -0.0628128051757813
-0.052337646484375 0.136764526367188 0.0515899658203125 -0.0149345397949219
0.02490234375 0.123954772949219 0.0406875610351563 0.0392684936523438
0.007232666015625 0.102493286132813 0.049072265625 0.0780487060546875
0.0219192504882812 0.103477478027344 0.0659332275390625 0.179779052734375
-0.00926971435546874 0.104522705078125 0.006072998046875 0.275741577148438
-0.0705337524414063 0.071868896484375 -0.139190673828125 0.307525634765625
-0.116653442382813 0.00284576416015624 -0.34747314453125 0.212493896484375
-0.0703811645507813 -0.116081237792969 -0.460693359375 -0.0551147460937499
0.0723724365234375 -0.12066650390625 -0.375946044921875 -0.226470947265625
0.144424438476563 -0.017913818359375 -0.2359619140625 -0.38018798828125
0.320220947265625 0.044036865234375 -0.118850708007812 0.19561767578125
0.267974853515625 -0.152542114257813 0.0974578857421875 0.219650268554687
-0.00265502929687499 -0.30987548828125 0.260452270507813 0.08758544921875
-0.213043212890625 -0.144088745117188 0.249740600585937 -0.0228424072265625
-0.220001220703125 0.057037353515625 0.148391723632813 -0.108001708984375
-0.06793212890625 0.18280029296875 0.06695556640625 -0.083099365234375
0.0291748046875 0.169448852539063 0.0198802947998047 -0.0122222900390625
0.00976562499999999 0.148040771484375 0.0310745239257813 0.0470428466796875
0.032470703125 0.154891967773438 0.055755615234375 0.1571044921875
-0.018341064453125 0.160202026367188 0.00485229492187501 0.249649047851563
-0.119865417480469 0.11279296875 -0.136688232421875 0.278656005859375
-0.183212280273438 -0.0108795166015625 -0.3299560546875 0.191253662109375
-0.0826416015625 -0.200057983398438 -0.427215576171875 -0.0531005859375001
0.13983154296875 -0.182601928710938 -0.350738525390625 -0.215667724609375
0.246719360351563 -0.0044708251953125 -0.197021484375 -0.3583984375
0.351959228515625 0.044219970703125 -0.058013916015625 0.228317260742187
0.268112182617188 -0.179397583007813 0.0991058349609375 0.261093139648438
-0.02215576171875 -0.315216064453125 0.3009033203125 0.149993896484375
-0.22125244140625 -0.1297607421875 0.33514404296875 -0.02288818359375
-0.216064453125 0.0677032470703125 0.201400756835938 -0.169113159179688
-0.0647735595703125 0.19317626953125 0.07086181640625 -0.160140991210938
0.0286865234375 0.185409545898438 -0.00604248046874999 -0.0705337524414062
0.0099639892578125 0.171829223632813 0.00901985168457031 0.00773048400878907
0.0355377197265625 0.190399169921875 0.03509521484375 0.117263793945313
-0.033905029296875 0.201889038085937 -0.00814819335937502 0.19866943359375
-0.170074462890625 0.135452270507813 -0.1348876953125 0.217208862304688
-0.236541748046875 -0.0416412353515625 -0.29449462890625 0.14739990234375
-0.068145751953125 -0.273681640625 -0.3692626953125 -0.0515441894531249
0.206024169921875 -0.213775634765625 -0.308380126953125 -0.1998291015625
0.3134765625 0.018035888671875 -0.132568359375 -0.324432373046875
0.334014892578125 0.036529541015625 0.0171051025390625 0.271453857421875
0.232315063476562 -0.168975830078125 0.142547607421875 0.301055908203125
-0.0276336669921875 -0.264556884765625 0.3602294921875 0.1700439453125
-0.183868408203125 -0.0979156494140625 0.397552490234375 -0.059478759765625
-0.175262451171875 0.0619659423828125 0.226791381835937 -0.230972290039063
-0.0494232177734375 0.170135498046875 0.0605316162109375 -0.22637939453125
0.023895263671875 0.173965454101563 -0.0335540771484375 -0.12286376953125
0.00689697265625001 0.17095947265625 -0.0139293670654297 -0.0343494415283203
0.029754638671875 0.199356079101563 0.00739669799804688 0.0623931884765625
-0.05548095703125 0.212890625 -0.0242080688476563 0.124519348144531
-0.204574584960938 0.121490478515625 -0.116302490234375 0.135490417480469
-0.246795654296875 -0.0880889892578125 -0.232803344726563 0.0994110107421875
-0.018157958984375 -0.30322265625 -0.3037109375 -0.0318603515625
0.251571655273438 -0.194671630859375 -0.268341064453125 -0.176467895507812
0.3275146484375 0.0452880859375 -0.05426025390625 -0.282257080078125
0.272552490234375 0.024383544921875 0.096466064453125 0.312103271484375
0.181594848632813 -0.12701416015625 0.208404541015625 0.317291259765625
-0.01611328125 -0.19049072265625 0.407012939453125 0.1488037109375
-0.123573303222656 -0.0676193237304688 0.422088623046875 -0.109771728515625
-0.119491577148437 0.0412750244140625 0.226119995117187 -0.275711059570312
-0.0344772338867187 0.125701904296875 0.042266845703125 -0.269515991210938
0.0143280029296875 0.139213562011719 -0.0569305419921875 -0.160415649414063
0.00233459472656251 0.144485473632813 -0.03570556640625 -0.0721359252929687
0.0153961181640625 0.176223754882812 -0.0192184448242188 0.00106430053710939
-0.0713958740234375 0.182998657226563 -0.0311393737792969 0.0431938171386719
-0.197036743164063 0.07342529296875 -0.0768051147460938 0.0604782104492188
-0.195358276367187 -0.12158203125 -0.158737182617188 0.0774383544921875
0.0441131591796875 -0.261444091796875 -0.2637939453125 0.0102081298828124
0.250778198242188 -0.1282958984375 -0.2493896484375 -0.15643310546875
0.279129028320313 0.0671234130859375 0.0234375 -0.237258911132813
0.177139282226562 0.0121307373046875 0.170135498046875 0.340667724609375
0.125320434570313 -0.0684967041015625 0.274627685546875 0.30877685546875
0.0037994384765625 -0.113578796386719 0.43292236328125 0.109222412109375
-0.0617561340332031 -0.0438804626464844 0.417938232421875 -0.156524658203125
-0.0648384094238281 0.0156173706054688 0.211334228515625 -0.300567626953125
-0.0214080810546875 0.0739517211914063 0.0213623046875 -0.291046142578125
0.00171661376953126 0.090423583984375 -0.0760345458984375 -0.18218994140625
-0.00332641601562501 0.097320556640625 -0.053009033203125 -0.098907470703125
-0.000770568847656238 0.122886657714844 -0.0375595092773437 -0.0506095886230469
-0.06500244140625 0.115119934082031 -0.0276355743408203 -0.0228614807128906
-0.136665344238281 0.01812744140625 -0.0330696105957031 0.0168704986572266
-0.100494384765625 -0.108207702636719 -0.103469848632813 0.0836868286132812
0.074249267578125 -0.153793334960938 -0.262542724609375 0.0447540283203125
0.181869506835937 -0.0435638427734375 -0.246994018554688 -0.153732299804688
0.17474365234375 0.0665740966796875 0.0909423828125 -0.196441650390625
-0.0562591552734375 -0.0220909118652344 -0.16094970703125 0.206390380859375
-0.0315952301025391 0.0149517059326172 0.214675903320313 0.195266723632813
-0.0450172424316406 0.0274734497070313 0.28424072265625 -0.079071044921875
0.00455474853515625 0.0400428771972656 0.105903625488281 -0.122772216796875
0.0314102172851562 0.0105304718017578 0.0187225341796875 -0.0271186828613281
0.022735595703125 -0.0271186828613281 0.0262393951416016 0.0307121276855469
0.003021240234375 -0.0249710083007813 0.0501785278320313 0.0719833374023438
-0.00159454345703125 -0.0194187164306641 0.055145263671875 0.1016845703125
-0.00341415405273437 -0.0213832855224609 0.057220458984375 0.188705444335938
0.00582504272460938 -0.0113849639892578 -0.02154541015625 0.281005859375
0.0159635543823242 -0.00937557220458984 -0.168182373046875 0.311248779296875
0.00568962097167969 0.0222454071044922 -0.37359619140625 0.19085693359375
-0.0326728820800781 0.04150390625 -0.478302001953125 -0.1109619140625
-0.0562477111816406 0.0243453979492188 -0.352752685546875 -0.267974853515625
-0.098480224609375 -0.0357284545898437 -0.216278076171875 -0.38861083984375
0.104179382324219 0.009063720703125 -0.177703857421875 0.187255859375
0.107208251953125 -0.0415802001953125 0.178619384765625 0.197479248046875
-0.0113677978515625 -0.117240905761719 0.278701782226563 -0.0532989501953125
-0.0855026245117188 -0.0488357543945312 0.124298095703125 -0.102973937988281
-0.0828018188476563 0.0277633666992187 0.0344772338867187 -0.0375823974609375
-0.0166549682617188 0.063323974609375 0.0343341827392578 0.02532958984375
0.0176658630371094 0.0545921325683594 0.0498123168945313 0.0695724487304688
0.00308609008789062 0.044281005859375 0.0561447143554688 0.096954345703125
0.00871658325195312 0.0428314208984375 0.0646514892578125 0.189682006835937
-0.0026397705078125 0.0447578430175781 -0.0047607421875 0.28271484375
-0.026275634765625 0.0281639099121094 -0.150421142578125 0.317230224609375
-0.0519371032714844 0.0111541748046875 -0.3626708984375 0.21295166015625
-0.0501670837402344 -0.0337333679199219 -0.47930908203125 -0.073699951171875
0.00750732421875 -0.0475273132324219 -0.379608154296875 -0.245697021484375
0.0244426727294922 -0.0255527496337891 -0.2454833984375 -0.3948974609375
0.237686157226563 0.034942626953125 -0.161270141601562 0.182525634765625
0.218765258789062 -0.10015869140625 0.133895874023438 0.198989868164063
0.0084228515625 -0.240371704101563 0.259002685546875 0.00430297851562498
-0.1622314453125 -0.1192626953125 0.1722412109375 -0.059814453125
-0.175216674804688 0.0422515869140625 0.0844192504882812 -0.062835693359375
-0.0508041381835938 0.138252258300781 0.051788330078125 -0.0174827575683594
0.0272293090820313 0.123664855957031 0.0384521484375 0.0383338928222656
0.00727081298828126 0.103683471679688 0.046600341796875 0.0782241821289063
0.0218734741210937 0.103683471679688 0.065643310546875 0.180221557617188
-0.00901794433593751 0.102493286132813 0.00608825683593748 0.275253295898438
-0.07025146484375 0.0711441040039063 -0.1402587890625 0.3106689453125
-0.11492919921875 0.00249481201171876 -0.350799560546875 0.21759033203125
-0.0694351196289062 -0.114234924316406 -0.46630859375 -0.0539855957031251
0.0739364624023438 -0.121162414550781 -0.380706787109375 -0.228515625
0.145904541015625 -0.0157928466796875 -0.2393798828125 -0.386566162109375
0.324737548828125 0.046295166015625 -0.118118286132812 0.19708251953125
0.274307250976563 -0.155410766601563 0.0991973876953125 0.22027587890625
-0.00125122070312498 -0.31341552734375 0.260879516601563 0.0830230712890625
-0.2137451171875 -0.145416259765625 0.2510986328125 -0.02386474609375
-0.222198486328125 0.0601959228515625 0.148712158203125 -0.10888671875
-0.0663299560546875 0.1839599609375 0.0679779052734375 -0.0864944458007813
0.032440185546875 0.168075561523438 0.0180473327636719 -0.0135746002197266
0.0110931396484375 0.149505615234375 0.0292930603027344 0.0465049743652344
0.0327606201171875 0.155975341796875 0.056671142578125 0.157363891601563
-0.0168304443359375 0.157470703125 0.00596618652343752 0.249603271484375
-0.119644165039063 0.11279296875 -0.13836669921875 0.281524658203125
-0.182479858398438 -0.0115509033203125 -0.33416748046875 0.197052001953125
-0.082061767578125 -0.19940185546875 -0.431915283203125 -0.0511169433593751
0.14276123046875 -0.183731079101563 -0.354736328125 -0.21649169921875
0.25018310546875 -0.0005340576171875 -0.201080322265625 -0.363189697265625
0.35711669921875 0.047027587890625 -0.0566253662109375 0.229812622070313
0.273468017578125 -0.182159423828125 0.100875854492188 0.26348876953125
-0.020843505859375 -0.3187255859375 0.3018798828125 0.14825439453125
-0.220916748046875 -0.130218505859375 0.337982177734375 -0.024261474609375
-0.218597412109375 0.070770263671875 0.201766967773438 -0.171188354492188
-0.06195068359375 0.193191528320313 0.071014404296875 -0.163772583007813
0.03302001953125 0.184921264648438 -0.00751495361328125 -0.0718002319335937
0.011016845703125 0.173828125 0.00778484344482422 0.00666522979736329
0.0365753173828125 0.190872192382813 0.0369873046875 0.117088317871094
-0.0323028564453125 0.200729370117187 -0.00756835937500001 0.198822021484375
-0.169784545898438 0.135940551757812 -0.136672973632813 0.220184326171875
-0.237625122070313 -0.0419464111328125 -0.29791259765625 0.151397705078125
-0.067596435546875 -0.27423095703125 -0.37188720703125 -0.049285888671875
0.209381103515625 -0.216232299804688 -0.31109619140625 -0.19989013671875
0.318878173828125 0.02191162109375 -0.1357421875 -0.32781982421875
0.33807373046875 0.03875732421875 0.0186767578125 0.273361206054688
0.23699951171875 -0.170578002929688 0.144195556640625 0.304168701171875
-0.0262451171875 -0.26678466796875 0.36328125 0.168731689453125
-0.182937622070313 -0.0977935791015625 0.4010009765625 -0.061859130859375
-0.1768798828125 0.0637664794921875 0.226959228515625 -0.23382568359375
-0.047454833984375 0.169387817382813 0.0604400634765625 -0.2303466796875
0.027435302734375 0.173110961914063 -0.0344772338867188 -0.124237060546875
0.0085601806640625 0.172515869140625 -0.0139312744140625 -0.036346435546875
0.0301513671875 0.2005615234375 0.00939559936523438 0.0616874694824219
-0.053466796875 0.212295532226562 -0.0234527587890625 0.124870300292969
-0.205947875976563 0.123123168945313 -0.11920166015625 0.137046813964844
-0.249053955078125 -0.089202880859375 -0.235137939453125 0.102706909179688
-0.01702880859375 -0.30633544921875 -0.304534912109375 -0.02838134765625
0.256576538085938 -0.197433471679688 -0.271087646484375 -0.1748046875
0.333770751953125 0.049468994140625 -0.057220458984375 -0.28436279296875
0.276123046875 0.0274810791015625 0.098876953125 0.3150634765625
0.185348510742188 -0.127853393554688 0.2115478515625 0.32196044921875
-0.0142364501953125 -0.191696166992188 0.411773681640625 0.147979736328125
-0.121513366699219 -0.0677108764648438 0.425933837890625 -0.113006591796875
-0.119865417480469 0.04248046875 0.22613525390625 -0.278488159179688
-0.0328292846679688 0.125320434570313 0.04180908203125 -0.272476196289063
0.017730712890625 0.139785766601563 -0.0566253662109375 -0.161483764648438
0.00355529785156249 0.145675659179688 -0.0338058471679687 -0.0745315551757812
0.016387939453125 0.178054809570313 -0.0177230834960938 0.000518798828125009
-0.0694427490234375 0.182876586914063 -0.0306892395019531 0.0429496765136719
-0.198837280273437 0.07574462890625 -0.0792922973632813 0.060943603515625
-0.19775390625 -0.1241455078125 -0.159164428710937 0.079925537109375
0.0464324951171875 -0.264816284179688 -0.262619018554688 0.014404296875
0.255630493164062 -0.130569458007812 -0.252304077148438 -0.15374755859375
0.28546142578125 0.069854736328125 0.021697998046875 -0.238861083984375
0.180801391601563 0.013580322265625 0.174102783203125 0.344635009765625
0.128738403320313 -0.07012939453125 0.278289794921875 0.313629150390625
0.0053558349609375 -0.1142578125 0.438812255859375 0.107452392578125
-0.0599822998046875 -0.0434837341308594 0.421356201171875 -0.159423828125
-0.0658798217773438 0.0162925720214844 0.21124267578125 -0.303192138671875
-0.0196990966796875 0.0733566284179688 0.021820068359375 -0.292144775390625
0.00535583496093749 0.0907440185546875 -0.075347900390625 -0.18328857421875
-0.00240325927734375 0.0989151000976563 -0.0504684448242187 -0.101806640625
-0.000251770019531245 0.123893737792969 -0.0362815856933594 -0.0523109436035156
-0.0637054443359375 0.1158447265625 -0.0276031494140625 -0.0230751037597656
-0.138412475585938 0.0186309814453125 -0.0346870422363281 0.0158519744873047
-0.10125732421875 -0.1109619140625 -0.103256225585938 0.08599853515625
0.0772857666015625 -0.156692504882813 -0.263137817382813 0.0504302978515625
0.186981201171875 -0.0444793701171875 -0.25067138671875 -0.150665283203125
0.178466796875 0.0701904296875 0.0892333984375 -0.196487426757813
-0.0592231750488281 -0.0203132629394531 -0.164352416992188 0.215042114257812
-0.0311489105224609 0.0150012969970703 0.22650146484375 0.195968627929688
-0.045806884765625 0.0286483764648438 0.291412353515625 -0.09234619140625
0.00578689575195313 0.0405426025390625 0.105583190917969 -0.129722595214844
0.0328521728515625 0.0122318267822266 0.0184040069580078 -0.0269947052001953
0.0239334106445313 -0.0280094146728516 0.0268898010253906 0.0309028625488281
0.00393867492675781 -0.0259456634521484 0.0489654541015625 0.0735626220703125
-0.00107192993164062 -0.0194263458251953 0.0538482666015625 0.104583740234375
-0.00391197204589844 -0.0205707550048828 0.0581817626953125 0.19403076171875
0.00584602355957031 -0.0124931335449219 -0.021026611328125 0.288726806640625
0.0156831741333008 -0.010594367980957 -0.17047119140625 0.32440185546875
0.00738525390625 0.0236530303955078 -0.385498046875 0.204864501953125
-0.0331611633300781 0.0443458557128906 -0.499176025390625 -0.10858154296875
-0.0585670471191406 0.0241203308105469 -0.368377685546875 -0.27386474609375
-0.103294372558594 -0.0356063842773438 -0.229705810546875 -0.402496337890625
0.109054565429688 0.0102767944335938 -0.1817626953125 0.195388793945312
0.113960266113281 -0.0454788208007812 0.188339233398438 0.199554443359375
-0.0131683349609375 -0.122413635253906 0.284942626953125 -0.065399169921875
-0.0889434814453125 -0.0505447387695313 0.123497009277344 -0.108802795410156
-0.0851516723632813 0.0324249267578125 0.034515380859375 -0.0381927490234375
-0.0144157409667969 0.0656013488769531 0.0353469848632813 0.024078369140625
0.0206565856933594 0.0548248291015625 0.0483474731445313 0.071258544921875
0.0048828125 0.045867919921875 0.0545196533203125 0.100570678710938
0.00890350341796875 0.0445632934570313 0.0666656494140625 0.195388793945313
-0.00239181518554687 0.0441398620605469 -0.00259399414062499 0.2908935546875
-0.0274391174316406 0.0278759002685547 -0.152191162109375 0.329833984375
-0.0508651733398438 0.0119361877441406 -0.372650146484375 0.227783203125
-0.0508232116699219 -0.0319900512695313 -0.49920654296875 -0.0696716308593751
0.00656890869140625 -0.049530029296875 -0.3966064453125 -0.250579833984375
0.0238475799560547 -0.0246524810791016 -0.259002685546875 -0.409332275390625
0.24896240234375 0.034912109375 -0.162887573242187 0.189605712890625
0.230392456054687 -0.107192993164063 0.141525268554688 0.201431274414062
0.00637817382812501 -0.251373291015625 0.264602661132813 -0.00456237792968752
-0.169342041015625 -0.122116088867187 0.17523193359375 -0.06463623046875
-0.180801391601563 0.0486602783203125 0.086181640625 -0.0656585693359375
-0.04833984375 0.142990112304688 0.0529823303222656 -0.0206146240234375
0.03204345703125 0.125091552734375 0.0376548767089844 0.0390510559082031
0.00997161865234374 0.10699462890625 0.045440673828125 0.080718994140625
0.0236282348632812 0.106674194335938 0.069244384765625 0.18426513671875
-0.00752258300781249 0.102790832519531 0.00955200195312501 0.28277587890625
-0.0709915161132812 0.0723876953125 -0.14154052734375 0.324737548828125
-0.116203308105469 0.00327301025390625 -0.3612060546875 0.233154296875
-0.0712509155273438 -0.114952087402344 -0.484527587890625 -0.0483398437499999
0.0753021240234375 -0.125961303710938 -0.3975830078125 -0.232666015625
0.151885986328125 -0.0140838623046875 -0.253875732421875 -0.399627685546875
0.338897705078125 0.046142578125 -0.119186401367187 0.204513549804688
0.28704833984375 -0.165283203125 0.10589599609375 0.224990844726563
-0.00494384765625001 -0.326690673828125 0.268264770507813 0.0780029296875
-0.222610473632813 -0.149078369140625 0.258102416992187 -0.02801513671875
-0.229705810546875 0.0673065185546875 0.15240478515625 -0.114410400390625
-0.0632781982421875 0.1898193359375 0.0679397583007813 -0.0924072265625
0.03753662109375 0.170944213867188 0.0168180465698242 -0.0145463943481445
0.0139007568359375 0.15399169921875 0.0284233093261719 0.04730224609375
0.0363006591796875 0.15972900390625 0.0608367919921875 0.160812377929688
-0.0155792236328125 0.159561157226562 0.00903320312500001 0.256683349609375
-0.12060546875 0.116683959960938 -0.1402587890625 0.29425048828125
-0.187515258789063 -0.00976562499999996 -0.34307861328125 0.211090087890625
-0.084808349609375 -0.202438354492187 -0.448211669921875 -0.046478271484375
0.145767211914063 -0.191757202148437 -0.371002197265625 -0.219879150390625
0.26080322265625 0.0003814697265625 -0.214141845703125 -0.37713623046875
0.372711181640625 0.045867919921875 -0.0547027587890625 0.238372802734375
0.284759521484375 -0.1920166015625 0.107269287109375 0.271041870117188
-0.0247802734375 -0.3299560546875 0.31304931640625 0.14654541015625
-0.228622436523438 -0.13311767578125 0.349517822265625 -0.029083251953125
-0.224349975585938 0.077423095703125 0.206634521484375 -0.18035888671875
-0.0589752197265625 0.198272705078125 0.0709686279296875 -0.172653198242188
0.0383758544921875 0.1873779296875 -0.00987243652343751 -0.0737533569335937
0.0146331787109375 0.180038452148438 0.00721597671508789 0.00633382797241212
0.0411376953125 0.196792602539063 0.0404891967773438 0.119186401367188
-0.03021240234375 0.203933715820313 -0.00477600097656251 0.204696655273438
-0.173431396484375 0.142333984375 -0.1395263671875 0.230560302734375
-0.2454833984375 -0.0411682128906251 -0.307769775390625 0.16290283203125
-0.07073974609375 -0.28192138671875 -0.38507080078125 -0.0455932617187501
0.2159423828125 -0.2269287109375 -0.32598876953125 -0.2021484375
0.333709716796875 0.023162841796875 -0.1463623046875 -0.338592529296875
0.353607177734375 0.038909912109375 0.023834228515625 0.28363037109375
0.246353149414063 -0.17938232421875 0.153839111328125 0.314239501953125
-0.02886962890625 -0.276321411132813 0.377105712890625 0.16790771484375
-0.187973022460937 -0.09954833984375 0.414794921875 -0.0693359375
-0.180740356445312 0.0686492919921875 0.23175048828125 -0.244491577148438
-0.0454864501953125 0.173355102539063 0.0592193603515625 -0.240524291992188
0.0334625244140625 0.1756591796875 -0.0371017456054688 -0.127593994140625
0.01214599609375 0.178665161132813 -0.0149497985839844 -0.0381965637207031
0.0348052978515625 0.20611572265625 0.0119667053222656 0.0623435974121094
-0.051971435546875 0.217788696289062 -0.02239990234375 0.128662109375
-0.2115478515625 0.13067626953125 -0.122451782226562 0.14337158203125
-0.258941650390625 -0.090850830078125 -0.242080688476563 0.111099243164063
-0.019378662109375 -0.317291259765625 -0.313751220703125 -0.0243225097656251
0.265640258789063 -0.208938598632812 -0.282806396484375 -0.175384521484375
0.350067138671875 0.05181884765625 -0.0652465820312499 -0.293792724609375
0.28814697265625 0.02691650390625 0.10711669921875 0.3258056640625
0.1922607421875 -0.135040283203125 0.2244873046875 0.332550048828125
-0.0146636962890625 -0.198593139648438 0.429107666015625 0.145538330078125
-0.123634338378906 -0.0692520141601562 0.43927001953125 -0.122314453125
-0.123069763183594 0.046417236328125 0.229949951171875 -0.291015625
-0.0298919677734375 0.127883911132813 0.040771484375 -0.282958984375
0.0227508544921875 0.141006469726563 -0.0604248046875 -0.16595458984375
0.00666809082031251 0.151641845703125 -0.0353775024414063 -0.078857421875
0.0200042724609375 0.183609008789063 -0.0159969329833984 -0.000832557678222645
-0.0687103271484375 0.188003540039063 -0.0313491821289063 0.0442047119140625
-0.205490112304688 0.0807952880859375 -0.0829925537109375 0.0635147094726563
-0.206817626953125 -0.127838134765625 -0.162841796875 0.085906982421875
0.0479278564453125 -0.276809692382813 -0.2689208984375 0.0220489501953125
0.266845703125 -0.139312744140625 -0.263656616210938 -0.152389526367187
0.30072021484375 0.073944091796875 0.0174560546875 -0.246368408203125
0.188247680664063 0.0142822265625 0.184295654296875 0.35687255859375
0.134498596191406 -0.0739974975585938 0.2943115234375 0.324249267578125
0.00579833984374999 -0.118873596191406 0.457000732421875 0.10418701171875
-0.0603408813476563 -0.0452384948730469 0.433258056640625 -0.17132568359375
-0.0669670104980469 0.0182723999023438 0.214630126953125 -0.3155517578125
-0.0186080932617187 0.0747528076171875 0.019622802734375 -0.301971435546875
0.00922393798828124 0.0918426513671875 -0.078094482421875 -0.186904907226563
0.000587463378906254 0.102546691894531 -0.0515060424804688 -0.107261657714844
0.00226593017578124 0.12884521484375 -0.0364265441894531 -0.0552291870117187
-0.0642471313476563 0.1187744140625 -0.0290908813476563 -0.0244007110595703
-0.144424438476563 0.021514892578125 -0.0371818542480469 0.0159149169921875
-0.106552124023438 -0.116012573242188 -0.104034423828125 0.091156005859375
0.08123779296875 -0.164443969726563 -0.269012451171875 0.0603790283203125
0.196563720703125 -0.048370361328125 -0.263031005859375 -0.1488037109375
0.188522338867187 0.07415771484375 0.087921142578125 -0.20404052734375
-0.0623207092285156 -0.0175666809082031 -0.162765502929688 0.230270385742188
-0.0299587249755859 0.0157012939453125 0.244796752929688 0.191497802734375
-0.0467872619628906 0.03167724609375 0.296478271484375 -0.11541748046875
0.00738906860351563 0.0415153503417969 0.101577758789063 -0.141204833984375
0.0357666015625 0.0123138427734375 0.0184116363525391 -0.0288314819335938
0.0258007049560547 -0.0297698974609375 0.027740478515625 0.0298957824707031
0.0044708251953125 -0.0280876159667969 0.0511856079101563 0.0753860473632813
-0.00127220153808594 -0.0200996398925781 0.0562744140625 0.109199523925781
-0.00399971008300781 -0.0206851959228516 0.0654754638671875 0.201034545898437
0.00457763671875 -0.0135831832885742 -0.012847900390625 0.301055908203125
0.0142660140991211 -0.0121355056762695 -0.16534423828125 0.34539794921875
0.00937843322753906 0.0240573883056641 -0.393951416015625 0.23187255859375
-0.0326728820800781 0.0493965148925781 -0.529296875 -0.0918884277343751
-0.0608673095703125 0.025543212890625 -0.39788818359375 -0.271484375
-0.110664367675781 -0.0323867797851562 -0.2554931640625 -0.41571044921875
0.115478515625 0.0079498291015625 -0.181472778320313 0.210662841796875
0.1201171875 -0.0544052124023438 0.205780029296875 0.197952270507813
-0.0188751220703125 -0.1295166015625 0.290802001953125 -0.0872802734375
-0.0957565307617187 -0.0506134033203125 0.122322082519531 -0.120079040527344
-0.0875396728515625 0.0387802124023438 0.0343704223632812 -0.0408782958984375
-0.0102272033691406 0.0688209533691406 0.0364761352539063 0.0221061706542969
0.0250434875488281 0.0548858642578125 0.05084228515625 0.0731201171875
0.00766754150390625 0.0477981567382812 0.0565719604492187 0.104454040527344
0.0124282836914063 0.0462684631347656 0.0751953125 0.201309204101563
-0.00187301635742187 0.0442161560058594 0.00711059570312503 0.3021240234375
-0.0275096893310547 0.0288047790527344 -0.1455078125 0.351226806640625
-0.0512428283691406 0.0134315490722656 -0.37982177734375 0.25762939453125
-0.0529327392578125 -0.0296783447265625 -0.52685546875 -0.049652099609375
0.00451278686523438 -0.052093505859375 -0.426361083984375 -0.24609375
0.0235595703125 -0.0236892700195312 -0.287994384765625 -0.420196533203125
0.263076782226563 0.02789306640625 -0.16119384765625 0.20361328125
0.24041748046875 -0.12493896484375 0.157135009765625 0.20208740234375
-0.00335693359375 -0.264495849609375 0.271453857421875 -0.0220184326171875
-0.182113647460938 -0.122589111328125 0.1785888671875 -0.074615478515625
-0.186874389648438 0.0603179931640625 0.0870895385742187 -0.071624755859375
-0.042144775390625 0.14984130859375 0.0538139343261719 -0.0259132385253906
0.0392990112304687 0.1263427734375 0.0379104614257813 0.0398178100585938
0.0155029296875 0.110954284667969 0.0474090576171875 0.083587646484375
0.0294418334960938 0.110198974609375 0.078399658203125 0.189010620117188
-0.005279541015625 0.104446411132813 0.02008056640625 0.29412841796875
-0.0711517333984375 0.0764236450195313 -0.134246826171875 0.3458251953125
-0.119636535644531 0.00714874267578127 -0.36700439453125 0.263031005859375
-0.0764083862304688 -0.115066528320313 -0.511016845703125 -0.029632568359375
0.0734329223632812 -0.134017944335938 -0.427215576171875 -0.227569580078125
0.159591674804688 -0.0162811279296875 -0.28265380859375 -0.412109375
0.358184814453125 0.03692626953125 -0.11370849609375 0.217498779296875
0.297027587890625 -0.186248779296875 0.1207275390625 0.228363037109375
-0.018768310546875 -0.343475341796875 0.278228759765625 0.066619873046875
-0.237625122070312 -0.147476196289063 0.268051147460938 -0.0394439697265625
-0.236282348632813 0.0815887451171875 0.155609130859375 -0.1258544921875
-0.0564727783203125 0.199111938476563 0.0663528442382813 -0.101860046386719
0.0472259521484375 0.173934936523438 0.0151119232177734 -0.0147113800048828
0.0214385986328125 0.15972900390625 0.0289878845214844 0.0494880676269531
0.04498291015625 0.164520263671875 0.069732666015625 0.164886474609375
-0.00973510742187499 0.163681030273438 0.0196533203125 0.2659912109375
-0.120567321777344 0.125068664550781 -0.134490966796875 0.314605712890625
-0.194015502929688 -0.00390625000000001 -0.35052490234375 0.238983154296875
-0.093963623046875 -0.206954956054688 -0.471649169921875 -0.0282592773437499
0.145706176757813 -0.20654296875 -0.397216796875 -0.214508056640625
0.274765014648438 -0.00469970703125 -0.240081787109375 -0.38714599609375
0.392730712890625 0.036163330078125 -0.04547119140625 0.25091552734375
0.29388427734375 -0.214141845703125 0.123855590820313 0.278533935546875
-0.03936767578125 -0.34503173828125 0.329986572265625 0.1370849609375
-0.242706298828125 -0.131072998046875 0.364654541015625 -0.044677734375
-0.22979736328125 0.09173583984375 0.208587646484375 -0.196517944335938
-0.052032470703125 0.2060546875 0.0662384033203125 -0.18597412109375
0.0489349365234375 0.190567016601563 -0.0147018432617187 -0.0759201049804687
0.023712158203125 0.186126708984375 0.00648260116577149 0.00642728805541993
0.0517425537109375 0.202713012695313 0.0483169555664062 0.121932983398438
-0.0233001708984375 0.211898803710937 0.00366210937500001 0.213348388671875
-0.17529296875 0.15533447265625 -0.137405395507813 0.248504638671875
-0.257278442382813 -0.0343170166015625 -0.315032958984375 0.18597412109375
-0.083465576171875 -0.291168212890625 -0.404144287109375 -0.03131103515625
0.218612670898437 -0.245834350585937 -0.348724365234375 -0.196136474609375
0.353240966796875 0.015380859375 -0.1695556640625 -0.350067138671875
0.372314453125 0.028533935546875 0.03802490234375 0.29541015625
0.25286865234375 -0.197967529296875 0.1751708984375 0.32275390625
-0.040771484375 -0.28759765625 0.399749755859375 0.158782958984375
-0.197921752929688 -0.0980377197265626 0.430755615234375 -0.089874267578125
-0.184127807617187 0.07989501953125 0.2315673828125 -0.264617919921875
-0.0381317138671875 0.178970336914063 0.0519561767578125 -0.254776000976563
0.04376220703125 0.1781005859375 -0.043792724609375 -0.130607604980469
0.0213775634765625 0.18499755859375 -0.0173568725585938 -0.0398941040039062
0.0455780029296875 0.213836669921875 0.0161514282226563 0.0630378723144531
-0.0452117919921875 0.226852416992187 -0.0185623168945312 0.134048461914063
-0.214614868164063 0.144439697265625 -0.123519897460938 0.156417846679688
-0.275726318359375 -0.0853424072265624 -0.248550415039063 0.1278076171875
-0.03094482421875 -0.332305908203125 -0.326812744140625 -0.0109863281250001
0.27252197265625 -0.229476928710938 -0.303955078125 -0.1690673828125
0.373291015625 0.045135498046875 -0.082183837890625 -0.304534912109375
0.303619384765625 0.018035888671875 0.126220703125 0.33905029296875
0.197677612304688 -0.150238037109375 0.249542236328125 0.341064453125
-0.0222015380859375 -0.206756591796875 0.453826904296875 0.1329345703125
-0.12933349609375 -0.068511962890625 0.452484130859375 -0.14715576171875
-0.12493896484375 0.0531539916992188 0.2281494140625 -0.312835693359375
-0.0247421264648438 0.131195068359375 0.031158447265625 -0.296966552734375
0.0318145751953125 0.143341064453125 -0.068145751953125 -0.169647216796875
0.0142669677734375 0.157638549804688 -0.040008544921875 -0.081634521484375
0.029144287109375 0.190948486328125 -0.0157365798950195 -0.00222015380859374
-0.063812255859375 0.197525024414063 -0.03131103515625 0.0467109680175781
-0.211669921875 0.093719482421875 -0.0857391357421875 0.0704116821289062
-0.22283935546875 -0.1275634765625 -0.165618896484375 0.097991943359375
0.04095458984375 -0.293670654296875 -0.2779541015625 0.0364837646484375
0.27685546875 -0.157562255859375 -0.283721923828125 -0.144683837890625
0.321929931640625 0.0689697265625 0.005401611328125 -0.257003784179687
0.198379516601562 0.0086212158203125 0.20751953125 0.369659423828125
0.138397216796875 -0.084381103515625 0.323089599609375 0.329254150390625
0.00244903564453124 -0.12420654296875 0.481689453125 0.08807373046875
-0.0625343322753906 -0.0454483032226563 0.445220947265625 -0.198883056640625
-0.0686798095703125 0.0224113464355469 0.2103271484375 -0.3382568359375
-0.0149002075195312 0.0762557983398438 0.00958251953125002 -0.3150634765625
0.0156478881835937 0.0934600830078125 -0.0863037109375 -0.19122314453125
0.00585174560546875 0.107208251953125 -0.0568313598632813 -0.111595153808594
0.008148193359375 0.134597778320312 -0.0389060974121094 -0.0578727722167969
-0.0626983642578125 0.126197814941406 -0.0318088531494141 -0.0247440338134765
-0.15093994140625 0.0294952392578125 -0.0395469665527344 0.0179290771484375
-0.117294311523437 -0.1192626953125 -0.103126525878906 0.100944519042969
0.080718994140625 -0.177001953125 -0.275833129882813 0.0788421630859374
0.20538330078125 -0.0598907470703125 -0.28289794921875 -0.13995361328125
0.204055786132813 0.07342529296875 0.0814056396484375 -0.21453857421875
-0.0659294128417969 -0.0132484436035156 -0.1513671875 0.247344970703125
-0.0292873382568359 0.0154609680175781 0.2657470703125 0.176406860351563
-0.0462188720703125 0.0359649658203125 0.29217529296875 -0.14447021484375
0.00968170166015625 0.0415077209472656 0.0918731689453125 -0.1529541015625
0.0380935668945313 0.0110588073730469 0.0171394348144531 -0.0301475524902344
0.0261726379394531 -0.0328025817871094 0.0291767120361328 0.0288982391357422
0.00312042236328125 -0.0298519134521484 0.0549468994140625 0.0748825073242188
-0.00152206420898438 -0.0211734771728516 0.0617904663085938 0.110931396484375
-0.00444221496582031 -0.019927978515625 0.07781982421875 0.204010009765625
0.00316143035888672 -0.0140237808227539 0.00494384765625003 0.309478759765625
0.0127201080322266 -0.0131149291992188 -0.146575927734375 0.36767578125
0.0121707916259766 0.0240077972412109 -0.38824462890625 0.26947021484375
-0.0299949645996094 0.054840087890625 -0.555511474609375 -0.0543212890625
-0.0628166198730469 0.0300712585449219 -0.428863525390625 -0.253448486328125
-0.116218566894531 -0.0245590209960938 -0.2926025390625 -0.415771484375
0.12103271484375 0.00084686279296875 -0.17230224609375 0.228317260742188
0.122581481933594 -0.06719970703125 0.226593017578125 0.186981201171875
-0.028778076171875 -0.133148193359375 0.2872314453125 -0.114532470703125
-0.102951049804688 -0.0466690063476562 0.115608215332031 -0.132560729980469
-0.087493896484375 0.0475082397460937 0.0335159301757812 -0.0438117980957031
-0.00421905517578125 0.0709381103515625 0.0378456115722656 0.019012451171875
0.0301666259765625 0.0527229309082031 0.0548858642578125 0.0729598999023438
0.011871337890625 0.0483779907226563 0.0613861083984375 0.105804443359375
0.0160789489746094 0.0466804504394531 0.0881195068359375 0.202239990234375
-0.000152587890625 0.0447196960449219 0.025177001953125 0.310150146484375
-0.0271892547607422 0.0301055908203125 -0.126556396484375 0.3721923828125
-0.0500411987304688 0.0163421630859375 -0.373321533203125 0.2939453125
-0.0550537109375 -0.0251274108886719 -0.548919677734375 -0.01318359375
0.000453948974609379 -0.053466796875 -0.458282470703125 -0.22491455078125
0.0245494842529297 -0.0233974456787109 -0.32696533203125 -0.420745849609375
0.275726318359375 0.0122833251953125 -0.151535034179688 0.22015380859375
0.243179321289063 -0.147872924804688 0.17620849609375 0.194656372070313
-0.022918701171875 -0.273895263671875 0.272247314453125 -0.0449981689453125
-0.197479248046875 -0.115158081054688 0.177017211914063 -0.089324951171875
-0.187271118164063 0.0773162841796875 0.0853042602539062 -0.0795974731445313
-0.0310516357421875 0.15576171875 0.0521354675292969 -0.032501220703125
0.0499649047851563 0.12530517578125 0.0404167175292969 0.03997802734375
0.0237197875976563 0.112297058105469 0.0513458251953125 0.0845947265625
0.0383682250976562 0.1112060546875 0.091461181640625 0.189559936523438
0.000160217285156244 0.106040954589844 0.03936767578125 0.29937744140625
-0.0683135986328125 0.08203125 -0.114776611328125 0.36572265625
-0.119865417480469 0.0131683349609375 -0.359619140625 0.300201416015625
-0.0840530395507813 -0.111763000488281 -0.530517578125 0.00598144531250009
0.0659942626953125 -0.141738891601563 -0.45751953125 -0.205902099609375
0.165512084960938 -0.0228271484375 -0.3216552734375 -0.4102783203125
0.373687744140625 0.01495361328125 -0.100631713867188 0.231063842773438
0.2974853515625 -0.21453857421875 0.140090942382813 0.225357055664063
-0.043731689453125 -0.353851318359375 0.28607177734375 0.046844482421875
-0.255645751953125 -0.137649536132813 0.272720336914063 -0.05865478515625
-0.237045288085938 0.101486206054688 0.151763916015625 -0.139862060546875
-0.042510986328125 0.205169677734375 0.0609970092773438 -0.112388610839844
0.060699462890625 0.172637939453125 0.0128107070922852 -0.0147838592529297
0.033203125 0.162033081054688 0.0310554504394531 0.0500221252441406
0.0581817626953125 0.165115356445312 0.08258056640625 0.163665771484375
-0.000991821289062492 0.16766357421875 0.0369415283203125 0.272201538085938
-0.115646362304688 0.135520935058594 -0.116302490234375 0.334259033203125
-0.198394775390625 0.00724792480468746 -0.34454345703125 0.274169921875
-0.108657836914062 -0.206512451171875 -0.48931884765625 0.00299072265624997
0.13665771484375 -0.221054077148438 -0.425811767578125 -0.1934814453125
0.2880859375 -0.018951416015625 -0.2760009765625 -0.38543701171875
0.409698486328125 0.012420654296875 -0.0280609130859375 0.2611083984375
0.2900390625 -0.24237060546875 0.14642333984375 0.276931762695312
-0.063812255859375 -0.353363037109375 0.344757080078125 0.11737060546875
-0.25848388671875 -0.120162963867187 0.372467041015625 -0.07086181640625
-0.229385375976563 0.11004638671875 0.202377319335937 -0.2169189453125
-0.0379180908203125 0.212158203125 0.0547637939453125 -0.197891235351563
0.0635528564453125 0.1893310546875 -0.0204010009765625 -0.0760955810546875
0.0371246337890625 0.189102172851563 0.00614023208618164 0.00693941116333009
0.0673370361328125 0.203567504882813 0.0579910278320313 0.120765686035156
-0.0107421875 0.216964721679688 0.0174407958984375 0.21832275390625
-0.169097900390625 0.170700073242188 -0.124771118164062 0.266983032226563
-0.26708984375 -0.0199890136718749 -0.3116455078125 0.216278076171875
-0.103668212890625 -0.295196533203125 -0.4188232421875 -0.00354003906250011
0.209976196289063 -0.267654418945313 -0.374298095703125 -0.17767333984375
0.37127685546875 -0.00274658203125 -0.201080322265625 -0.349853515625
0.387451171875 0.00628662109375 0.059539794921875 0.302703857421875
0.248611450195313 -0.222396850585938 0.202789306640625 0.3218994140625
-0.06036376953125 -0.293304443359375 0.420806884765625 0.135101318359375
-0.208511352539063 -0.089141845703125 0.43804931640625 -0.12152099609375
-0.182281494140625 0.0948944091796875 0.221405029296875 -0.288421630859375
-0.02667236328125 0.18267822265625 0.0357818603515625 -0.267791748046875
0.0571441650390625 0.175994873046875 -0.0532073974609375 -0.130073547363281
0.0345611572265625 0.188522338867188 -0.0205574035644531 -0.0400047302246094
0.062591552734375 0.215805053710938 0.02197265625 0.0622062683105469
-0.03155517578125 0.235015869140625 -0.0105743408203125 0.139114379882813
-0.2115478515625 0.164474487304687 -0.118362426757813 0.170822143554688
-0.290740966796875 -0.071533203125 -0.247467041015625 0.150924682617187
-0.052978515625 -0.3424072265625 -0.336029052734375 0.0125732421875001
0.2672119140625 -0.255477905273438 -0.325347900390625 -0.150848388671875
0.394317626953125 0.025848388671875 -0.10791015625 -0.307403564453125
0.31573486328125 0.00103759765625 0.15386962890625 0.342864990234375
0.195343017578125 -0.168258666992187 0.28216552734375 0.335601806640625
-0.0357818603515625 -0.210922241210938 0.47576904296875 0.105010986328125
-0.135482788085938 -0.0632171630859375 0.45721435546875 -0.18280029296875
-0.123420715332031 0.0628433227539063 0.2132568359375 -0.337310791015625
-0.0159912109375 0.132904052734375 0.012847900390625 -0.308502197265625
0.04290771484375 0.141830444335938 -0.0797271728515625 -0.168624877929688
0.0263519287109375 0.160324096679688 -0.0452499389648438 -0.082366943359375
0.0434722900390625 0.194015502929688 -0.0154228210449219 -0.00231361389160155
-0.0532379150390625 0.206466674804688 -0.0294761657714844 0.0495185852050781
-0.212722778320313 0.111831665039062 -0.0851516723632813 0.0783157348632813
-0.240432739257812 -0.118026733398437 -0.163894653320313 0.11297607421875
0.024200439453125 -0.30804443359375 -0.280776977539063 0.060028076171875
0.277511596679688 -0.180953979492187 -0.303863525390625 -0.12542724609375
0.343353271484375 0.053863525390625 -0.0139617919921875 -0.263473510742187
0.205886840820312 -0.0029449462890625 0.24041748046875 0.37005615234375
0.138023376464844 -0.0972366333007813 0.35870361328125 0.3201904296875
-0.00524139404296876 -0.127517700195313 0.50274658203125 0.057586669921875
-0.0659751892089844 -0.0431365966796875 0.44427490234375 -0.23626708984375
-0.0681800842285156 0.0277900695800781 0.1927490234375 -0.3616943359375
-0.00941467285156249 0.077239990234375 -0.01007080078125 -0.324371337890625
0.02313232421875 0.0924224853515625 -0.099029541015625 -0.19024658203125
0.014739990234375 0.108894348144531 -0.0649185180664063 -0.112884521484375
0.018798828125 0.137931823730469 -0.0430641174316406 -0.0584449768066406
-0.0564651489257813 0.133781433105469 -0.0346946716308594 -0.0242710113525391
-0.154495239257813 0.0406494140625 -0.0403366088867188 0.0215835571289063
-0.130210876464844 -0.116844177246094 -0.0977325439453125 0.111701965332031
0.0731353759765625 -0.190536499023437 -0.27581787109375 0.104507446289062
0.210403442382813 -0.075469970703125 -0.302978515625 -0.11993408203125
0.22039794921875 0.06494140625 0.0665130615234375 -0.223831176757812
-0.0672492980957031 -0.00819778442382813 -0.13323974609375 0.256759643554688
-0.0290126800537109 0.0148296356201172 0.277267456054688 0.152877807617188
-0.0445022583007813 0.039520263671875 0.274490356445313 -0.17059326171875
0.0109939575195312 0.0411720275878906 0.077178955078125 -0.160385131835938
0.0398368835449219 0.00927734375 0.0153656005859375 -0.0310630798339844
0.0252609252929687 -0.0354385375976562 0.0294418334960937 0.0259323120117187
0.00200843811035156 -0.0308151245117188 0.0581512451171875 0.07281494140625
-0.001220703125 -0.0215244293212891 0.0665359497070312 0.108650207519531
-0.00482749938964843 -0.0192241668701172 0.089263916015625 0.199310302734375
0.00153350830078125 -0.0131196975708008 0.02471923828125 0.309539794921875
0.0102806091308594 -0.0133752822875977 -0.119140625 0.378631591796875
0.0146751403808594 0.0225429534912109 -0.367889404296875 0.30126953125
-0.0258903503417969 0.0578346252441406 -0.561492919921875 -0.00875854492187511
-0.0620193481445312 0.034942626953125 -0.449005126953125 -0.222320556640625
-0.117057800292969 -0.014984130859375 -0.321624755859375 -0.3994140625
0.121353149414062 -0.0072174072265625 -0.154067993164063 0.23944091796875
0.118850708007813 -0.0798492431640625 0.239791870117188 0.1666259765625
-0.0401687622070313 -0.131401062011719 0.271865844726563 -0.139999389648438
-0.108139038085938 -0.0396804809570312 0.1026611328125 -0.140960693359375
-0.0827178955078125 0.0555267333984375 0.0302886962890625 -0.0465507507324219
0.00273513793945313 0.0691146850585938 0.0374984741210938 0.0143547058105469
0.0340995788574219 0.0491905212402344 0.0578460693359375 0.0704345703125
0.0157356262207031 0.0463905334472656 0.0662994384765625 0.103507995605469
0.0200271606445312 0.0452842712402344 0.099456787109375 0.19683837890625
0.00170135498046875 0.0445747375488281 0.044921875 0.30712890625
-0.0260334014892578 0.0319881439208984 -0.097900390625 0.38165283203125
-0.0475807189941406 0.0184173583984375 -0.3499755859375 0.32489013671875
-0.0548973083496094 -0.0197029113769531 -0.553497314453125 0.030548095703125
-0.00402450561523438 -0.05145263671875 -0.4755859375 -0.192962646484375
0.0254669189453125 -0.0222148895263672 -0.35772705078125 -0.400482177734375
0.2774658203125 -0.006439208984375 -0.133758544921875 0.229263305664063
0.2337646484375 -0.169189453125 0.190216064453125 0.178192138671875
-0.0446014404296875 -0.272735595703125 0.261306762695313 -0.0675048828125
-0.207183837890625 -0.101394653320313 0.168869018554688 -0.102203369140625
-0.181167602539063 0.09228515625 0.0805892944335937 -0.0857009887695312
-0.0186309814453125 0.15533447265625 0.0478248596191406 -0.0382499694824219
0.0583267211914063 0.118659973144531 0.0411300659179688 0.038177490234375
0.0317611694335938 0.109443664550781 0.0548095703125 0.0827713012695313
0.04669189453125 0.106491088867188 0.103469848632813 0.182601928710937
0.00588989257812501 0.105148315429688 0.0589599609375 0.2957763671875
-0.0629348754882813 0.08563232421875 -0.087127685546875 0.375030517578125
-0.117477416992188 0.0198745727539062 -0.336395263671875 0.3287353515625
-0.0903167724609375 -0.104423522949219 -0.532470703125 0.0482482910156249
0.0565643310546875 -0.144256591796875 -0.472198486328125 -0.172607421875
0.168365478515625 -0.031646728515625 -0.352691650390625 -0.389984130859375
0.37652587890625 -0.010894775390625 -0.082183837890625 0.236740112304688
0.2830810546875 -0.239654541015625 0.1563720703125 0.212692260742187
-0.070220947265625 -0.350799560546875 0.282989501953125 0.025634765625
-0.2672119140625 -0.119049072265625 0.268264770507813 -0.078094482421875
-0.228057861328125 0.119491577148438 0.141983032226562 -0.150619506835938
-0.0264892578125 0.204727172851562 0.0503463745117187 -0.118721008300781
0.072479248046875 0.1649169921875 0.0111703872680664 -0.0145664215087891
0.044189453125 0.157821655273438 0.0335960388183594 0.0491867065429688
0.0694732666015625 0.159454345703125 0.0931549072265625 0.157058715820313
0.00952148437499999 0.1658935546875 0.0566253662109375 0.267807006835938
-0.105178833007813 0.142730712890625 -0.090911865234375 0.343109130859375
-0.196533203125 0.0189208984375 -0.323974609375 0.301971435546875
-0.121429443359375 -0.1978759765625 -0.49200439453125 0.04095458984375
0.122314453125 -0.228790283203125 -0.44171142578125 -0.161224365234375
0.29241943359375 -0.035247802734375 -0.307220458984375 -0.367340087890625
0.411407470703125 -0.014984130859375 -0.00793457031249998 0.261962890625
0.273529052734375 -0.264251708984375 0.16693115234375 0.26544189453125
-0.08984375 -0.348785400390625 0.34906005859375 0.092864990234375
-0.266448974609375 -0.102279663085938 0.367950439453125 -0.09765625
-0.219390869140625 0.126815795898437 0.18719482421875 -0.231201171875
-0.021820068359375 0.210708618164063 0.0389404296875 -0.203689575195313
0.0762786865234375 0.18035888671875 -0.0256881713867188 -0.07330322265625
0.050140380859375 0.184860229492188 0.00622034072875977 0.00656461715698243
0.0821075439453125 0.19671630859375 0.066925048828125 0.115234375
0.00457763671874999 0.216598510742188 0.0327911376953125 0.216598510742188
-0.155914306640625 0.182785034179688 -0.105377197265625 0.277069091796875
-0.268661499023437 -0.00210571289062497 -0.295562744140625 0.241790771484375
-0.123687744140625 -0.287841796875 -0.419708251953125 0.0289001464843751
0.19256591796875 -0.282012939453125 -0.3887939453125 -0.147857666015625
0.37872314453125 -0.025848388671875 -0.228607177734375 -0.335662841796875
0.38812255859375 -0.018798828125 0.08380126953125 0.298980712890625
0.23345947265625 -0.24078369140625 0.22674560546875 0.30712890625
-0.081298828125 -0.288909912109375 0.426910400390625 0.104156494140625
-0.213516235351563 -0.0749359130859375 0.4296875 -0.153564453125
-0.173126220703125 0.108016967773438 0.19970703125 -0.30377197265625
-0.0132293701171875 0.179656982421875 0.015106201171875 -0.27142333984375
0.06878662109375 0.16790771484375 -0.0614700317382813 -0.125419616699219
0.0479583740234375 0.18475341796875 -0.023345947265625 -0.0390548706054687
0.0791015625 0.209808349609375 0.0265045166015625 0.0596084594726563
-0.0153961181640625 0.23651123046875 -0.00115203857421874 0.139945983886719
-0.199310302734375 0.180191040039062 -0.106643676757813 0.180038452148437
-0.296966552734375 -0.0515136718750001 -0.236129760742188 0.17071533203125
-0.07672119140625 -0.3402099609375 -0.334136962890625 0.03863525390625
0.2530517578125 -0.274948120117188 -0.336761474609375 -0.12384033203125
0.40435791015625 -0.00018310546875 -0.132659912109375 -0.298095703125
0.31561279296875 -0.020050048828125 0.180389404296875 0.333404541015625
0.183303833007813 -0.182571411132813 0.308624267578125 0.316680908203125
-0.049560546875 -0.20758056640625 0.482391357421875 0.06976318359375
-0.138679504394531 -0.0546722412109375 0.44451904296875 -0.215423583984375
-0.117530822753906 0.0710906982421875 0.18853759765625 -0.35174560546875
-0.00604248046875001 0.129745483398438 -0.0101318359375 -0.309600830078125
0.0530242919921875 0.134628295898438 -0.08953857421875 -0.162384033203125
0.038604736328125 0.157363891601563 -0.050201416015625 -0.0803985595703125
0.0586395263671875 0.189666748046875 -0.0154438018798828 -0.00233840942382812
-0.038116455078125 0.210189819335938 -0.0262489318847656 0.0518379211425781
-0.20452880859375 0.128524780273438 -0.0810317993164063 0.0853500366210938
-0.250869750976563 -0.102645874023438 -0.153976440429688 0.126617431640625
0.00234985351562501 -0.3125 -0.273483276367188 0.0825958251953125
0.268692016601563 -0.201858520507813 -0.3134765625 -0.0980224609375001
0.35516357421875 0.03125 -0.035491943359375 -0.259521484375
0.205581665039063 -0.0161590576171875 0.268707275390625 0.35687255859375
0.131370544433594 -0.10760498046875 0.385955810546875 0.294586181640625
-0.0132064819335937 -0.126579284667969 0.508209228515625 0.020538330078125
-0.0670852661132813 -0.03887939453125 0.427001953125 -0.267578125
-0.0648231506347656 0.0325851440429688 0.1656494140625 -0.373779296875
-0.00386047363281249 0.0743026733398438 -0.032257080078125 -0.323883056640625
0.03076171875 0.0875244140625 -0.10882568359375 -0.18316650390625
0.0232391357421875 0.1075439453125 -0.0707626342773437 -0.10992431640625
0.0295944213867187 0.136390686035156 -0.0474319458007813 -0.0568504333496094
-0.04632568359375 0.138069152832031 -0.0369758605957031 -0.0215835571289062
-0.151962280273438 0.0531005859375 -0.0399436950683594 0.0239982604980469
-0.140312194824219 -0.109535217285156 -0.0875320434570313 0.120246887207031
0.060882568359375 -0.197540283203125 -0.26544189453125 0.129180908203125
0.208236694335938 -0.09124755859375 -0.312652587890625 -0.091583251953125
0.231735229492187 0.051513671875 0.0478057861328125 -0.225509643554688
-0.0679054260253906 -0.00385284423828125 -0.116058349609375 0.257797241210938
-0.0290985107421875 0.013702392578125 0.279541015625 0.132461547851563
-0.0421943664550781 0.0417594909667969 0.253952026367188 -0.184326171875
0.0116348266601563 0.0412635803222656 0.0641326904296875 -0.162200927734375
0.0410385131835938 0.00752639770507813 0.0143661499023438 -0.0313968658447266
0.0240707397460938 -0.0378646850585938 0.028167724609375 0.0236434936523437
0.00119400024414062 -0.0316905975341797 0.0584335327148438 0.0707473754882813
-0.00172615051269531 -0.0219593048095703 0.068023681640625 0.105690002441406
-0.00510787963867188 -0.0186805725097656 0.094970703125 0.192428588867187
0.000580787658691406 -0.0119571685791016 0.0384521484375 0.301971435546875
0.00843048095703125 -0.012420654296875 -0.09686279296875 0.375946044921875
0.0158710479736328 0.0204315185546875 -0.34381103515625 0.3167724609375
-0.0223541259765625 0.0598487854003906 -0.55438232421875 0.0259094238281251
-0.0597038269042969 0.0384101867675781 -0.452362060546875 -0.19500732421875
-0.114227294921875 -0.00894165039062501 -0.337158203125 -0.381439208984375
0.118675231933594 -0.0124359130859375 -0.137725830078125 0.241195678710937
0.112274169921875 -0.0873870849609375 0.243865966796875 0.14862060546875
-0.0466384887695313 -0.127098083496094 0.252334594726563 -0.15301513671875
-0.110015869140625 -0.0322036743164063 0.090179443359375 -0.144363403320313
-0.0770187377929688 0.059600830078125 0.0273895263671875 -0.047607421875
0.00748443603515624 0.0659942626953125 0.0349903106689453 0.0112361907958984
0.03631591796875 0.0443382263183594 0.0585975646972656 0.0685005187988281
0.0179328918457031 0.0439071655273438 0.0681533813476563 0.100212097167969
0.0222129821777344 0.0428123474121094 0.10491943359375 0.188095092773438
0.00290298461914062 0.0437202453613281 0.05859375 0.299072265625
-0.0244407653808594 0.0327396392822266 -0.07489013671875 0.378814697265625
-0.0453643798828125 0.0181770324707031 -0.32464599609375 0.3392333984375
-0.0536117553710938 -0.0150337219238281 -0.54376220703125 0.063140869140625
-0.00627899169921875 -0.0483360290527344 -0.47845458984375 -0.165374755859375
0.0267772674560547 -0.0222034454345703 -0.372711181640625 -0.380340576171875
0.272811889648437 -0.01953125 -0.117355346679688 0.230331420898437
0.221908569335938 -0.1810302734375 0.195770263671875 0.162384033203125
-0.0586395263671875 -0.265838623046875 0.246444702148438 -0.0808258056640625
-0.210617065429688 -0.0886688232421875 0.158401489257813 -0.10894775390625
-0.171875 0.100662231445312 0.0749435424804687 -0.0889511108398438
-0.00927734375000001 0.150466918945313 0.0423812866210938 -0.0411796569824219
0.0627975463867188 0.111030578613281 0.0412635803222656 0.0370521545410156
0.0363693237304687 0.105018615722656 0.0554656982421875 0.08038330078125
0.0507888793945313 0.101051330566406 0.1083984375 0.174392700195313
0.0105209350585938 0.101905822753906 0.072052001953125 0.28717041015625
-0.0573272705078125 0.0860443115234375 -0.06463623046875 0.372589111328125
-0.113540649414063 0.0222625732421875 -0.311798095703125 0.34417724609375
-0.091400146484375 -0.0961227416992188 -0.5225830078125 0.08013916015625
0.0495758056640625 -0.142410278320313 -0.475067138671875 -0.143798828125
0.167938232421875 -0.0378265380859375 -0.368408203125 -0.36871337890625
0.3692626953125 -0.0269775390625 -0.0661773681640625 0.234481811523438
0.26666259765625 -0.251876831054688 0.164260864257813 0.198043823242187
-0.08807373046875 -0.34063720703125 0.2730712890625 0.0106353759765625
-0.268310546875 -0.10418701171875 0.2589111328125 -0.09112548828125
-0.21612548828125 0.12994384765625 0.13275146484375 -0.155975341796875
-0.0154571533203125 0.198410034179688 0.0411453247070313 -0.121299743652344
0.078460693359375 0.154769897460938 0.00941753387451172 -0.013249397277832
0.050567626953125 0.152084350585937 0.0338516235351563 0.0481376647949219
0.0763092041015625 0.150680541992188 0.097900390625 0.148574829101563
0.017730712890625 0.160934448242187 0.068328857421875 0.259719848632813
-0.0951385498046875 0.144073486328125 -0.07098388671875 0.34295654296875
-0.191299438476563 0.0271148681640625 -0.30255126953125 0.317108154296875
-0.127334594726563 -0.186004638671875 -0.482513427734375 0.0700683593750001
0.110565185546875 -0.228973388671875 -0.443145751953125 -0.134674072265625
0.291717529296875 -0.047882080078125 -0.3231201171875 -0.34808349609375
0.403289794921875 -0.03240966796875 0.00787353515625003 0.256683349609375
0.256301879882813 -0.274917602539063 0.177215576171875 0.249908447265625
-0.10546875 -0.336669921875 0.343902587890625 0.0738525390625
-0.26611328125 -0.0874176025390625 0.357391357421875 -0.11566162109375
-0.206787109375 0.135162353515625 0.171615600585937 -0.23699951171875
-0.0113525390625 0.203140258789063 0.0245513916015625 -0.203720092773438
0.08245849609375 0.169189453125 -0.0291328430175781 -0.0691642761230469
0.0574188232421875 0.177841186523437 0.00554656982421875 0.00664043426513673
0.090972900390625 0.18731689453125 0.0707931518554687 0.108558654785156
0.014923095703125 0.210830688476563 0.043182373046875 0.210601806640625
-0.142364501953125 0.186813354492188 -0.089111328125 0.278701782226563
-0.264129638671875 0.0101470947265625 -0.277847290039063 0.255661010742188
-0.135238647460937 -0.276351928710938 -0.41070556640625 0.052490234375
0.178314208984375 -0.28619384765625 -0.390106201171875 -0.122314453125
0.37786865234375 -0.04290771484375 -0.243896484375 -0.318206787109375
0.380889892578125 -0.03570556640625 0.098724365234375 0.2896728515625
0.217697143554687 -0.2484130859375 0.239349365234375 0.2891845703125
-0.092987060546875 -0.278121948242187 0.4228515625 0.080963134765625
-0.21160888671875 -0.0637969970703125 0.414337158203125 -0.175018310546875
-0.163009643554687 0.112411499023438 0.180511474609375 -0.308624267578125
-0.00506591796875 0.171920776367188 -0.00115966796875 -0.267547607421875
0.0745849609375 0.157608032226563 -0.0655517578125 -0.119216918945313
0.0551910400390625 0.177383422851563 -0.0249481201171875 -0.0373916625976562
0.08843994140625 0.200424194335938 0.0290184020996094 0.0557632446289063
-0.00241088867187502 0.232345581054688 0.0062103271484375 0.137428283691406
-0.18487548828125 0.187728881835937 -0.0968170166015625 0.18389892578125
-0.2962646484375 -0.0360717773437501 -0.223556518554688 0.1815185546875
-0.09246826171875 -0.3311767578125 -0.324371337890625 0.05767822265625
0.2376708984375 -0.28399658203125 -0.337554931640625 -0.099334716796875
0.404998779296875 -0.019866943359375 -0.14794921875 -0.284271240234375
0.308807373046875 -0.0328369140625 0.196685791015625 0.32049560546875
0.171127319335938 -0.18890380859375 0.32159423828125 0.295440673828125
-0.0574798583984375 -0.200881958007813 0.47686767578125 0.043060302734375
-0.137138366699219 -0.047637939453125 0.425323486328125 -0.23712158203125
-0.109352111816406 0.0745086669921875 0.166473388671875 -0.353851318359375
-0.00175476074218749 0.123001098632813 -0.025848388671875 -0.303497314453125
0.0574264526367188 0.126075744628906 -0.0936737060546875 -0.154876708984375
0.0452880859375 0.15106201171875 -0.0527267456054687 -0.0775299072265625
0.067840576171875 0.182037353515625 -0.0155868530273437 -0.00313472747802733
-0.026397705078125 0.20806884765625 -0.0242805480957031 0.0526466369628906
-0.193862915039063 0.13763427734375 -0.0763092041015625 0.0877609252929688
-0.253982543945313 -0.088623046875 -0.144271850585938 0.1329345703125
-0.013214111328125 -0.308990478515625 -0.261215209960938 0.098663330078125
0.25677490234375 -0.213729858398437 -0.313323974609375 -0.0742187500000001
0.357666015625 0.01251220703125 -0.0505828857421875 -0.24951171875
0.199905395507812 -0.02386474609375 0.284088134765625 0.34033203125
0.123031616210938 -0.1129150390625 0.3958740234375 0.271026611328125
-0.0179824829101562 -0.12298583984375 0.498565673828125 -0.00762939453125001
-0.0662803649902344 -0.0356025695800781 0.40594482421875 -0.28594970703125
-0.0600242614746094 0.0345687866210938 0.14300537109375 -0.374114990234375
-0.000656127929687507 0.06927490234375 -0.04815673828125 -0.314971923828125
0.0341644287109375 0.0816726684570313 -0.11376953125 -0.173492431640625
0.0282669067382812 0.102912902832031 -0.0745773315429687 -0.106048583984375
0.0361480712890625 0.131942749023438 -0.0493583679199219 -0.0546455383300781
-0.03826904296875 0.138381958007813 -0.0379066467285156 -0.0193519592285156
-0.146163940429688 0.061248779296875 -0.0392837524414063 0.0253944396972656
-0.145523071289062 -0.10107421875 -0.0780410766601563 0.123153686523438
0.04998779296875 -0.19921875 -0.251129150390625 0.14569091796875
0.204132080078125 -0.101150512695313 -0.3123779296875 -0.0674133300781249
0.234954833984375 0.0390167236328125 0.032867431640625 -0.219451904296875
-0.067901611328125 -0.000869750976562499 -0.105880737304688 0.25518798828125
-0.0301914215087891 0.0124683380126953 0.278411865234375 0.119247436523438
-0.0419960021972656 0.043426513671875 0.238327026367188 -0.191055297851562
0.0120506286621094 0.0413970947265625 0.054046630859375 -0.160797119140625
0.0419197082519531 0.0065460205078125 0.0126781463623047 -0.0325222015380859
0.02313232421875 -0.0395088195800781 0.0262050628662109 0.0232982635498047
0.000717163085937499 -0.0330524444580078 0.0578269958496094 0.0698928833007813
-0.00140953063964844 -0.0233268737792969 0.066253662109375 0.104164123535156
-0.00428581237792969 -0.0186538696289063 0.095947265625 0.188095092773438
0.000533103942871095 -0.0108728408813477 0.04443359375 0.2955322265625
0.007568359375 -0.0119342803955078 -0.084320068359375 0.372528076171875
0.0155467987060547 0.0184574127197266 -0.32708740234375 0.324462890625
-0.020355224609375 0.0609817504882813 -0.5452880859375 0.0457763671875001
-0.0579032897949219 0.0394859313964844 -0.45208740234375 -0.18060302734375
-0.1119384765625 -0.00753021240234375 -0.344268798828125 -0.371429443359375
0.115875244140625 -0.0141754150390625 -0.126937866210937 0.239776611328125
0.107612609863281 -0.092559814453125 0.244125366210938 0.135498046875
-0.0505828857421875 -0.123863220214844 0.237518310546875 -0.15966796875
-0.11077880859375 -0.0274429321289062 0.0820465087890625 -0.143798828125
-0.07244873046875 0.0614776611328125 0.0255508422851562 -0.048309326171875
0.0091400146484375 0.061920166015625 0.0320968627929688 0.0101757049560547
0.0359077453613281 0.0402755737304688 0.0582122802734375 0.0675773620605469
0.0185966491699219 0.0410690307617187 0.0669021606445313 0.099273681640625
0.0235214233398438 0.040435791015625 0.10528564453125 0.18389892578125
0.00400161743164063 0.0430374145507813 0.0640869140625 0.291259765625
-0.0235729217529297 0.0323600769042969 -0.062835693359375 0.3741455078125
-0.0439109802246094 0.0166244506835938 -0.30804443359375 0.34649658203125
-0.0519294738769531 -0.0110092163085937 -0.534271240234375 0.083648681640625
-0.0059661865234375 -0.0463600158691406 -0.476287841796875 -0.15045166015625
0.028076171875 -0.0230674743652344 -0.37982177734375 -0.369384765625
0.268524169921875 -0.0243377685546875 -0.107330322265625 0.227615356445312
0.213531494140625 -0.187835693359375 0.197830200195313 0.151016235351563
-0.0657501220703125 -0.260879516601563 0.234115600585938 -0.086822509765625
-0.21038818359375 -0.0804290771484375 0.151077270507813 -0.11199951171875
-0.16510009765625 0.103851318359375 0.0716094970703125 -0.0907363891601563
-0.005279541015625 0.14508056640625 0.0374031066894531 -0.0430488586425781
0.0635757446289062 0.104743957519531 0.0408477783203125 0.0362892150878906
0.0374679565429688 0.101615905761719 0.0548095703125 0.0799026489257813
0.05230712890625 0.09674072265625 0.108413696289063 0.168746948242188
0.0125045776367187 0.09954833984375 0.0779571533203125 0.278915405273438
-0.0539016723632812 0.084564208984375 -0.052276611328125 0.3677978515625
-0.111099243164063 0.0226287841796875 -0.295562744140625 0.3509521484375
-0.0905685424804688 -0.0901947021484375 -0.514434814453125 0.0971984863281251
0.0473175048828125 -0.139801025390625 -0.473785400390625 -0.128173828125
0.168701171875 -0.0413970947265625 -0.3758544921875 -0.356964111328125
0.363555908203125 -0.033721923828125 -0.056640625 0.231246948242188
0.256149291992188 -0.2574462890625 0.166778564453125 0.187393188476562
-0.095947265625 -0.33270263671875 0.2642822265625 0.00361633300781248
-0.267776489257813 -0.0942840576171875 0.251388549804688 -0.0968780517578125
-0.2078857421875 0.1334228515625 0.126312255859375 -0.158538818359375
-0.0110015869140625 0.192062377929688 0.0342178344726563 -0.120979309082031
0.0789794921875 0.14739990234375 0.0090789794921875 -0.0124530792236328
0.05218505859375 0.147705078125 0.0327186584472656 0.0475387573242188
0.07855224609375 0.144195556640625 0.0989532470703125 0.143508911132812
0.021240234375 0.156539916992188 0.0737457275390625 0.253875732421875
-0.0889434814453125 0.143218994140625 -0.059722900390625 0.339935302734375
-0.187164306640625 0.0298309326171875 -0.287750244140625 0.324188232421875
-0.128387451171875 -0.178512573242188 -0.474029541015625 0.0855407714843751
0.105133056640625 -0.227630615234375 -0.441619873046875 -0.11846923828125
0.290435791015625 -0.05499267578125 -0.33203125 -0.33538818359375
0.396636962890625 -0.03948974609375 0.0168304443359375 0.251419067382813
0.245361328125 -0.278854370117188 0.181350708007813 0.239898681640625
-0.11273193359375 -0.328765869140625 0.3370361328125 0.064178466796875
-0.263946533203125 -0.078887939453125 0.348297119140625 -0.1246337890625
-0.197921752929688 0.138092041015625 0.1629638671875 -0.239151000976563
-0.00787353515624999 0.195648193359375 0.0160064697265625 -0.201675415039063
0.0828399658203125 0.160934448242188 -0.0304069519042969 -0.0665779113769531
0.0600433349609375 0.172561645507813 0.00482702255249024 0.00697326660156251
0.0939788818359375 0.179763793945313 0.0713119506835938 0.104652404785156
0.0203857421875 0.20623779296875 0.0487213134765625 0.206512451171875
-0.133560180664063 0.186798095703125 -0.0802154541015625 0.27777099609375
-0.259674072265625 0.0163421630859375 -0.2664794921875 0.262863159179687
-0.13946533203125 -0.26763916015625 -0.402313232421875 0.0664062500000001
0.169769287109375 -0.28717041015625 -0.388427734375 -0.106292724609375
0.377166748046875 -0.052825927734375 -0.253021240234375 -0.3067626953125
0.373291015625 -0.040802001953125 0.10723876953125 0.283294677734375
0.2076416015625 -0.25091552734375 0.244384765625 0.27813720703125
-0.098602294921875 -0.271072387695313 0.416473388671875 0.067962646484375
-0.208236694335938 -0.0582733154296875 0.40350341796875 -0.1845703125
-0.15521240234375 0.114013671875 0.1689453125 -0.3096923828125
-0.002685546875 0.164657592773438 -0.0107269287109375 -0.263214111328125
0.0749053955078125 0.149703979492187 -0.0666351318359375 -0.1143798828125
0.0579833984375 0.173049926757813 -0.0257606506347656 -0.0370712280273437
0.092132568359375 0.1932373046875 0.0295562744140625 0.0535011291503906
0.00471496582031248 0.2274169921875 0.0097808837890625 0.135169982910156
-0.176223754882813 0.189361572265625 -0.0916595458984375 0.184600830078125
-0.293670654296875 -0.027587890625 -0.214828491210938 0.1888427734375
-0.100006103515625 -0.32421875 -0.31622314453125 0.06842041015625
0.2294921875 -0.287567138671875 -0.335357666015625 -0.0838317871093749
0.405517578125 -0.0316162109375 -0.156936645507812 -0.27410888671875
0.303009033203125 -0.036285400390625 0.203826904296875 0.313140869140625
0.163192749023438 -0.189849853515625 0.32568359375 0.28228759765625
-0.060302734375 -0.196121215820313 0.469268798828125 0.029083251953125
-0.133491516113281 -0.044342041015625 0.411651611328125 -0.24737548828125
-0.10382080078125 0.074005126953125 0.153961181640625 -0.353271484375
-0.000885009765624995 0.11627197265625 -0.035064697265625 -0.2982177734375
0.0577545166015625 0.119369506835938 -0.0944366455078125 -0.148605346679688
0.048065185546875 0.146820068359375 -0.0547256469726563 -0.0763778686523437
0.072601318359375 0.175857543945313 -0.0156135559082031 -0.00360965728759765
-0.019378662109375 0.205322265625 -0.0221977233886719 0.0522232055664063
-0.186187744140625 0.141281127929687 -0.0745773315429688 0.0895767211914063
-0.254486083984375 -0.0803375244140624 -0.138031005859375 0.137298583984375
-0.021453857421875 -0.30670166015625 -0.251113891601563 0.108245849609375
0.251312255859375 -0.220291137695312 -0.310882568359375 -0.0584716796875
0.359100341796875 0.00152587890625 -0.059326171875 -0.24200439453125
0.195999145507813 -0.025726318359375 0.291412353515625 0.330657958984375
0.118019104003906 -0.1146240234375 0.399261474609375 0.256134033203125
-0.0193099975585937 -0.120933532714844 0.49053955078125 -0.02294921875
-0.0643501281738281 -0.0338706970214844 0.3902587890625 -0.294586181640625
-0.0571861267089844 0.0342178344726562 0.130584716796875 -0.3720703125
-0.000720977783203123 0.0650482177734375 -0.054443359375 -0.30810546875
0.0343704223632812 0.0767822265625 -0.113723754882813 -0.168441772460937
0.030731201171875 0.0996627807617187 -0.0755996704101563 -0.104637145996094
0.040283203125 0.127861022949219 -0.0502967834472656 -0.0540962219238281
-0.03314208984375 0.136985778808594 -0.0380859375 -0.0179977416992187
-0.142257690429688 0.064544677734375 -0.0390663146972656 0.0266494750976563
-0.148513793945313 -0.0966033935546875 -0.0715103149414063 0.124801635742188
0.044830322265625 -0.19964599609375 -0.238571166992187 0.155548095703125
0.201416015625 -0.107009887695313 -0.309722900390625 -0.051055908203125
0.23663330078125 0.030517578125 0.0246124267578125 -0.213668823242188
-0.0688743591308594 0.000972747802734384 -0.100189208984375 0.255142211914063
-0.0323905944824219 0.0107212066650391 0.280868530273438 0.111358642578125
-0.0423545837402344 0.0446624755859375 0.229080200195313 -0.196884155273438
0.0118827819824219 0.0432815551757813 0.048004150390625 -0.162429809570313
0.0435638427734375 0.00619888305664062 0.0121955871582031 -0.0331287384033203
0.0225486755371094 -0.041839599609375 0.0245418548583984 0.0237598419189453
-0.000320434570312501 -0.0346050262451172 0.0582962036132812 0.0709457397460938
-0.00116729736328125 -0.0253276824951172 0.065582275390625 0.10638427734375
-0.003662109375 -0.0186939239501953 0.095672607421875 0.189483642578125
0.000700950622558595 -0.0101566314697266 0.04730224609375 0.294952392578125
0.00677013397216797 -0.0115747451782227 -0.0782470703125 0.37371826171875
0.015568733215332 0.017176628112793 -0.3204345703125 0.3323974609375
-0.0187721252441406 0.0634498596191406 -0.546905517578125 0.06036376953125
-0.0568466186523437 0.0398406982421875 -0.456817626953125 -0.176605224609375
-0.111831665039063 -0.00814056396484376 -0.352783203125 -0.3736572265625
0.116508483886719 -0.0136260986328125 -0.120956420898438 0.239288330078125
0.10540771484375 -0.0965728759765625 0.247390747070312 0.129104614257812
-0.0537796020507813 -0.122909545898438 0.228988647460938 -0.16522216796875
-0.111991882324219 -0.0238113403320312 0.0765380859375 -0.14556884765625
-0.0707168579101562 0.0627593994140625 0.0243072509765625 -0.0499000549316406
0.00920867919921874 0.0590629577636719 0.0297107696533203 0.0101318359375
0.0355110168457031 0.038055419921875 0.0584144592285156 0.068115234375
0.0184898376464844 0.0397148132324219 0.0657958984375 0.101310729980469
0.0231170654296875 0.0394363403320313 0.105560302734375 0.185073852539063
0.00449371337890625 0.0428543090820312 0.06768798828125 0.291107177734375
-0.0233860015869141 0.0310020446777344 -0.056793212890625 0.375762939453125
-0.0444564819335938 0.0152053833007812 -0.30120849609375 0.355255126953125
-0.049957275390625 -0.00861358642578125 -0.53326416015625 0.0975036621093751
-0.00527191162109375 -0.0459060668945313 -0.481781005859375 -0.142547607421875
0.0297622680664062 -0.0241279602050781 -0.390594482421875 -0.3701171875
0.271286010742188 -0.0251617431640625 -0.101898193359375 0.227218627929688
0.211166381835937 -0.193267822265625 0.20062255859375 0.144866943359375
-0.071136474609375 -0.261062622070313 0.227325439453125 -0.0902557373046875
-0.213027954101563 -0.0767822265625 0.148086547851563 -0.114913940429688
-0.162857055664063 0.106781005859375 0.069488525390625 -0.09332275390625
-0.00473022460937501 0.142532348632813 0.0344276428222656 -0.0437164306640625
0.0630722045898438 0.101829528808594 0.0410842895507813 0.0373191833496094
0.0378875732421875 0.09991455078125 0.0539321899414063 0.0811538696289063
0.0524749755859375 0.0945281982421875 0.109481811523438 0.16961669921875
0.0132980346679688 0.098175048828125 0.0815887451171875 0.2777099609375
-0.0527267456054688 0.0837020874023438 -0.045745849609375 0.36968994140625
-0.110870361328125 0.0222702026367188 -0.288177490234375 0.36065673828125
-0.0892791748046875 -0.0877304077148438 -0.5130615234375 0.111602783203125
0.0474166870117188 -0.139877319335938 -0.478851318359375 -0.120880126953125
0.171646118164063 -0.04449462890625 -0.387847900390625 -0.357635498046875
0.36578369140625 -0.0355224609375 -0.05059814453125 0.22967529296875
0.25286865234375 -0.263641357421875 0.170074462890625 0.182693481445312
-0.1011962890625 -0.33270263671875 0.259979248046875 0.00013732910156248
-0.269638061523438 -0.0900726318359375 0.249374389648437 -0.101760864257813
-0.204833984375 0.13665771484375 0.124481201171875 -0.162567138671875
-0.00958251953124999 0.189071655273438 0.029022216796875 -0.121604919433594
0.078765869140625 0.143524169921875 0.00863456726074219 -0.0110378265380859
0.0528564453125 0.1463623046875 0.0314788818359375 0.0490646362304688
0.079498291015625 0.142333984375 0.099853515625 0.142822265625
0.02313232421875 0.155548095703125 0.0780792236328125 0.25244140625
-0.0862274169921875 0.142501831054688 -0.054718017578125 0.342742919921875
-0.187240600585938 0.030792236328125 -0.28106689453125 0.33441162109375
-0.129013061523438 -0.175628662109375 -0.474212646484375 0.0992126464843749
0.104095458984375 -0.229965209960938 -0.445404052734375 -0.1103515625
0.295654296875 -0.05975341796875 -0.34210205078125 -0.333404541015625
0.398773193359375 -0.040618896484375 0.0227508544921875 0.2510986328125
0.241790771484375 -0.283721923828125 0.185653686523438 0.236190795898437
-0.11798095703125 -0.327056884765625 0.33551025390625 0.06048583984375
-0.2647705078125 -0.0759429931640625 0.3472900390625 -0.132537841796875
-0.195724487304688 0.139862060546875 0.158966064453125 -0.244338989257813
-0.00817871093749999 0.192352294921875 0.0107574462890625 -0.201950073242188
0.0822601318359375 0.157485961914063 -0.0311431884765625 -0.0652809143066406
0.0605926513671875 0.171661376953125 0.00347185134887696 0.00775575637817384
0.095306396484375 0.177001953125 0.0724868774414063 0.103385925292969
0.0235595703125 0.204086303710938 0.0521240234375 0.205551147460938
-0.129776000976562 0.187774658203125 -0.075927734375 0.28106689453125
-0.260986328125 0.019378662109375 -0.261215209960938 0.272720336914062
-0.142501831054687 -0.265701293945313 -0.40155029296875 0.0760498046874999
0.169189453125 -0.29229736328125 -0.391021728515625 -0.09759521484375
0.382537841796875 -0.059783935546875 -0.262115478515625 -0.303619384765625
0.374603271484375 -0.04119873046875 0.1143798828125 0.282928466796875
0.204208374023438 -0.253524780273438 0.249725341796875 0.274169921875
-0.100875854492188 -0.2701416015625 0.41754150390625 0.061737060546875
-0.207656860351563 -0.0561370849609375 0.401519775390625 -0.193817138671875
-0.152664184570312 0.114212036132813 0.16387939453125 -0.31390380859375
-0.00424194335937499 0.16156005859375 -0.0167236328125 -0.263641357421875
0.0744171142578125 0.146392822265625 -0.06689453125 -0.113243103027344
0.0591888427734375 0.171493530273438 -0.027069091796875 -0.0360031127929687
0.09454345703125 0.190261840820313 0.0298728942871094 0.0525360107421875
0.00849914550781251 0.226455688476562 0.0129165649414063 0.134994506835938
-0.172470092773438 0.191680908203125 -0.0905609130859375 0.188232421875
-0.296966552734375 -0.023284912109375 -0.211639404296875 0.196014404296875
-0.10455322265625 -0.324615478515625 -0.312896728515625 0.076263427734375
0.228515625 -0.2947998046875 -0.33740234375 -0.07440185546875
0.410736083984375 -0.039306640625 -0.165237426757812 -0.270828247070313
0.303497314453125 -0.03564453125 0.213165283203125 0.3131103515625
0.161163330078125 -0.191757202148438 0.33251953125 0.278076171875
-0.061767578125 -0.196060180664062 0.47088623046875 0.02056884765625
-0.132133483886719 -0.0440521240234375 0.40814208984375 -0.256072998046875
-0.101608276367188 0.0731658935546875 0.148529052734375 -0.357696533203125
-0.0023651123046875 0.1131591796875 -0.040496826171875 -0.296783447265625
0.0573043823242188 0.116111755371094 -0.09429931640625 -0.147415161132813
0.0487060546875 0.145156860351563 -0.0559539794921875 -0.0758819580078125
0.0745391845703125 0.174468994140625 -0.0161352157592773 -0.00376510620117186
-0.015533447265625 0.205108642578125 -0.0216331481933594 0.0525970458984375
-0.184463500976563 0.144927978515625 -0.0747528076171875 0.0916748046875
-0.259353637695312 -0.07708740234375 -0.134292602539063 0.142318725585937
-0.025299072265625 -0.308349609375 -0.245513916015625 0.116058349609375
0.251693725585938 -0.228195190429688 -0.311798095703125 -0.048126220703125
0.36468505859375 -0.00531005859375 -0.06591796875 -0.238021850585938
0.19610595703125 -0.0240478515625 0.300628662109375 0.3311767578125
0.116348266601563 -0.116615295410156 0.406890869140625 0.25067138671875
-0.0196762084960938 -0.121932983398437 0.49163818359375 -0.031463623046875
-0.062652587890625 -0.0343170166015625 0.38623046875 -0.3048095703125
-0.0553779602050781 0.0335845947265625 0.125640869140625 -0.37445068359375
-0.00330734252929687 0.0621223449707031 -0.05889892578125 -0.306976318359375
0.0344924926757813 0.074432373046875 -0.11322021484375 -0.166900634765625
0.0309524536132812 0.0984954833984375 -0.077880859375 -0.105514526367187
0.0418777465820313 0.126762390136719 -0.0516433715820313 -0.0542640686035156
-0.0301437377929687 0.13739013671875 -0.038421630859375 -0.0178642272949219
-0.141845703125 0.0663909912109375 -0.0402793884277344 0.0270195007324219
-0.152481079101562 -0.0955963134765625 -0.0677566528320313 0.127670288085938
0.0423431396484375 -0.2025146484375 -0.231781005859375 0.165145874023437
0.203353881835938 -0.113143920898438 -0.312255859375 -0.03900146484375
0.241775512695313 0.025787353515625 0.019287109375 -0.209991455078125
-0.0714797973632813 0.004669189453125 -0.0946502685546875 0.260086059570313
-0.0357017517089844 0.0109062194824219 0.291259765625 0.103759765625
-0.0431365966796875 0.0484161376953125 0.223419189453125 -0.208099365234375
0.0128746032714844 0.0456504821777344 0.0412139892578125 -0.166717529296875
0.0452346801757812 0.00399017333984375 0.00989723205566406 -0.0349159240722656
0.0212059020996094 -0.04541015625 0.0240726470947266 0.0249748229980469
-0.00224685668945312 -0.0366935729980469 0.0597381591796875 0.0725326538085938
-0.00290679931640625 -0.0282649993896484 0.0675201416015625 0.110870361328125
-0.00426292419433594 -0.0205707550048828 0.10015869140625 0.194503784179688
0.00129604339599609 -0.0104713439941406 0.05255126953125 0.30029296875
0.00572872161865234 -0.0114202499389648 -0.071319580078125 0.383575439453125
0.0148296356201172 0.0161428451538086 -0.3175048828125 0.35113525390625
-0.0164794921875 0.0670318603515625 -0.556304931640625 0.0811767578125
-0.0570182800292969 0.0416336059570313 -0.472747802734375 -0.169830322265625
-0.116203308105469 -0.00827789306640623 -0.3736572265625 -0.381591796875
0.119979858398437 -0.0144882202148437 -0.1163330078125 0.244674682617188
0.105094909667969 -0.102836608886719 0.257965087890625 0.122451782226562
-0.0595245361328125 -0.124137878417969 0.225296020507813 -0.174148559570313
-0.115104675292969 -0.021331787109375 0.071502685546875 -0.1507568359375
-0.0700531005859375 0.0646743774414063 0.0223312377929687 -0.0524673461914062
0.00918197631835938 0.0588226318359375 0.0280857086181641 0.0107841491699219
0.0351753234863281 0.0361442565917969 0.0609016418457031 0.070281982421875
0.0181694030761719 0.0385704040527344 0.0668182373046875 0.105392456054687
0.024688720703125 0.0386009216308594 0.11041259765625 0.188949584960938
0.00590896606445312 0.0430908203125 0.0740966796875 0.29522705078125
-0.0249862670898438 0.0314426422119141 -0.048797607421875 0.38555908203125
-0.0461654663085937 0.0146484375 -0.296966552734375 0.37493896484375
-0.048583984375 -0.00625228881835937 -0.54364013671875 0.1187744140625
-0.0052642822265625 -0.0477638244628906 -0.498809814453125 -0.13665771484375
0.0303096771240234 -0.0269680023193359 -0.4149169921875 -0.37713623046875
0.278228759765625 -0.029632568359375 -0.095855712890625 0.232666015625
0.211517333984375 -0.204940795898437 0.209381103515625 0.14007568359375
-0.080535888671875 -0.265975952148438 0.224929809570313 -0.0974578857421875
-0.219970703125 -0.072601318359375 0.146438598632813 -0.120925903320313
-0.164108276367188 0.112625122070313 0.067779541015625 -0.0985336303710938
-0.00404357910156249 0.14398193359375 0.031463623046875 -0.0449028015136719
0.0647048950195313 0.10028076171875 0.0425148010253906 0.0384368896484375
0.0383453369140625 0.101043701171875 0.0548477172851563 0.0848007202148438
0.0541305541992187 0.0939559936523437 0.1143798828125 0.172271728515625
0.0155792236328125 0.0989761352539062 0.0888671875 0.282135009765625
-0.0525741577148438 0.0843505859375 -0.037689208984375 0.379425048828125
-0.113700866699219 0.023284912109375 -0.283477783203125 0.38037109375
-0.0903167724609375 -0.0865249633789063 -0.5220947265625 0.131927490234375
0.04736328125 -0.1448974609375 -0.49578857421875 -0.1124267578125
0.176559448242188 -0.0502777099609375 -0.4110107421875 -0.35986328125
0.37689208984375 -0.040557861328125 -0.04327392578125 0.233932495117188
0.252609252929688 -0.277664184570313 0.178024291992188 0.179702758789062
-0.11322021484375 -0.3385009765625 0.262176513671875 -0.00398254394531252
-0.2784423828125 -0.0862579345703125 0.252105712890625 -0.11077880859375
-0.206680297851563 0.143035888671875 0.12255859375 -0.171173095703125
-0.00921630859374999 0.191452026367188 0.0247955322265625 -0.125518798828125
0.0810699462890625 0.142852783203125 0.00893402099609376 -0.0103769302368164
0.054962158203125 0.147750854492188 0.0319137573242187 0.0516548156738281
0.0826416015625 0.14215087890625 0.104110717773438 0.145278930664063
0.02679443359375 0.15594482421875 0.08544921875 0.255279541015625
-0.0853271484375 0.145065307617188 -0.04620361328125 0.35333251953125
-0.19158935546875 0.033233642578125 -0.277740478515625 0.35321044921875
-0.133331298828125 -0.175552368164063 -0.481170654296875 0.116790771484375
0.103607177734375 -0.239410400390625 -0.4615478515625 -0.10089111328125
0.3045654296875 -0.068389892578125 -0.363739013671875 -0.335205078125
0.410247802734375 -0.04534912109375 0.0321044921875 0.254470825195313
0.24053955078125 -0.2962646484375 0.195053100585938 0.236358642578125
-0.128814697265625 -0.33282470703125 0.342742919921875 0.054931640625
-0.270950317382813 -0.0718994140625 0.352081298828125 -0.1453857421875
-0.196670532226563 0.145553588867188 0.157211303710938 -0.255569458007813
-0.00744628906249998 0.195022583007813 0.00404357910156252 -0.207077026367188
0.0844879150390625 0.15704345703125 -0.0321731567382812 -0.0654106140136719
0.0636749267578125 0.173843383789063 0.00246906280517578 0.00888347625732423
0.100128173828125 0.177505493164063 0.0755233764648437 0.104820251464844
0.0294647216796875 0.206878662109375 0.058197021484375 0.207794189453125
-0.128555297851563 0.193191528320313 -0.071929931640625 0.2913818359375
-0.267898559570313 0.0242767333984375 -0.259918212890625 0.2900390625
-0.150283813476563 -0.267959594726563 -0.408172607421875 0.090484619140625
0.168701171875 -0.3050537109375 -0.403778076171875 -0.0873413085937501
0.3936767578125 -0.069854736328125 -0.28106689453125 -0.30413818359375
0.38525390625 -0.04443359375 0.126953125 0.286834716796875
0.203811645507813 -0.26422119140625 0.262588500976563 0.274566650390625
-0.110198974609375 -0.274658203125 0.4281005859375 0.05352783203125
-0.211471557617188 -0.0546112060546875 0.4063720703125 -0.21124267578125
-0.152755737304687 0.117172241210937 0.1602783203125 -0.327362060546875
-0.004913330078125 0.162643432617188 -0.0237579345703125 -0.26800537109375
0.075897216796875 0.14630126953125 -0.0695114135742187 -0.113761901855469
0.061981201171875 0.17401123046875 -0.0289039611816406 -0.0358428955078125
0.099945068359375 0.191436767578125 0.0314598083496094 0.0531425476074219
0.0146942138671875 0.230087280273437 0.0161895751953125 0.137527465820313
-0.172454833984375 0.199356079101563 -0.0891265869140625 0.196868896484375
-0.3062744140625 -0.0171508789062501 -0.209915161132813 0.209381103515625
-0.11334228515625 -0.3309326171875 -0.3155517578125 0.0881042480468751
0.229217529296875 -0.311187744140625 -0.3470458984375 -0.0630187988281251
0.42449951171875 -0.05078125 -0.179061889648437 -0.271438598632813
0.312286376953125 -0.03759765625 0.229248046875 0.317596435546875
0.160064697265625 -0.199539184570312 0.35107421875 0.27691650390625
-0.06732177734375 -0.199737548828125 0.48211669921875 0.00991821289062499
-0.133209228515625 -0.0440216064453125 0.410064697265625 -0.2755126953125
-0.101966857910156 0.0749435424804687 0.14105224609375 -0.36956787109375
-0.00508880615234375 0.11370849609375 -0.04827880859375 -0.301177978515625
0.0577163696289062 0.115951538085937 -0.09747314453125 -0.149063110351563
0.0512542724609375 0.1475830078125 -0.0593185424804688 -0.0767135620117187
0.0793914794921875 0.17620849609375 -0.0172748565673828 -0.00372791290283202
-0.010711669921875 0.209228515625 -0.0205764770507812 0.0536575317382813
-0.185989379882813 0.151473999023438 -0.0763092041015625 0.09735107421875
-0.269989013671875 -0.0725708007812499 -0.13214111328125 0.151107788085937
-0.0328369140625 -0.31756591796875 -0.243896484375 0.128341674804688
0.25494384765625 -0.242324829101563 -0.320587158203125 -0.0353393554687501
0.3779296875 -0.015716552734375 -0.075714111328125 -0.238357543945312
0.201705932617188 -0.0238800048828125 0.320159912109375 0.334869384765625
0.1160888671875 -0.1214599609375 0.42669677734375 0.24725341796875
-0.022491455078125 -0.125556945800781 0.502838134765625 -0.0487060546875
-0.0627212524414063 -0.0358543395996094 0.386016845703125 -0.324371337890625
-0.0556831359863281 0.033203125 0.118682861328125 -0.38690185546875
-0.0056304931640625 0.0621566772460938 -0.0660400390625 -0.311798095703125
0.0342025756835938 0.0733108520507812 -0.116241455078125 -0.169235229492188
0.0329666137695312 0.0992431640625 -0.082550048828125 -0.107650756835937
0.0454483032226563 0.127761840820313 -0.0548477172851562 -0.0554275512695313
-0.027191162109375 0.14080810546875 -0.0404243469238281 -0.0177726745605469
-0.144363403320313 0.071624755859375 -0.0421676635742188 0.0298194885253906
-0.159942626953125 -0.0953826904296875 -0.06317138671875 0.134262084960938
0.0407562255859375 -0.210235595703125 -0.228485107421875 0.178817749023438
0.20819091796875 -0.124298095703125 -0.320343017578125 -0.0244140625
0.251266479492188 0.0207672119140625 0.012420654296875 -0.210403442382813
-0.0734329223632813 0.00911712646484376 -0.083709716796875 0.267990112304688
-0.0392227172851563 0.0118141174316406 0.304718017578125 0.088348388671875
-0.0432624816894531 0.0533599853515625 0.215667724609375 -0.225372314453125
0.0158729553222656 0.0476264953613281 0.031402587890625 -0.172103881835938
0.0477371215820313 0.000919342041015625 0.00710678100585937 -0.0371322631835938
0.0186309814453125 -0.0485153198242188 0.0245780944824219 0.0272102355957031
-0.00491714477539062 -0.0381698608398438 0.063934326171875 0.073944091796875
-0.00628471374511719 -0.0301265716552734 0.0726547241210938 0.114616394042969
-0.00489616394042968 -0.0215587615966797 0.109619140625 0.198257446289063
0.00145912170410156 -0.0103445053100586 0.065704345703125 0.3057861328125
0.00378799438476562 -0.0115327835083008 -0.054595947265625 0.39630126953125
0.0140981674194336 0.0159292221069336 -0.3067626953125 0.377777099609375
-0.0127334594726563 0.0706100463867188 -0.56671142578125 0.11529541015625
-0.057281494140625 0.0434341430664062 -0.49725341796875 -0.154022216796875
-0.122535705566406 -0.00490570068359376 -0.40704345703125 -0.382568359375
0.124313354492187 -0.0190658569335937 -0.10601806640625 0.252975463867188
0.101585388183594 -0.112449645996094 0.271530151367188 0.1090087890625
-0.0687484741210937 -0.124237060546875 0.218063354492187 -0.190277099609375
-0.118919372558594 -0.0160446166992188 0.06317138671875 -0.157989501953125
-0.0697898864746094 0.0692787170410156 0.0184593200683594 -0.05633544921875
0.0100975036621094 0.0587997436523438 0.0277729034423828 0.0115718841552734
0.0359382629394531 0.0354347229003906 0.065216064453125 0.0707244873046875
0.0182151794433594 0.0389900207519531 0.0720672607421875 0.108749389648438
0.0257644653320313 0.0377273559570313 0.1199951171875 0.192276000976562
0.00730514526367188 0.0434074401855469 0.08746337890625 0.2991943359375
-0.0257720947265625 0.0321426391601563 -0.031951904296875 0.39715576171875
-0.0477104187011719 0.0159912109375 -0.2841796875 0.400726318359375
-0.0471687316894531 -0.00340270996093751 -0.551727294921875 0.154022216796875
-0.00670242309570313 -0.0495452880859375 -0.52154541015625 -0.117950439453125
0.0290985107421875 -0.02947998046875 -0.448822021484375 -0.373260498046875
0.288543701171875 -0.040771484375 -0.0857086181640625 0.238388061523438
0.206771850585938 -0.222442626953125 0.222625732421875 0.129241943359375
-0.09661865234375 -0.270187377929688 0.22259521484375 -0.110809326171875
-0.229690551757813 -0.064605712890625 0.142547607421875 -0.131805419921875
-0.16387939453125 0.121826171875 0.064208984375 -0.106819152832031
-0.000122070312499991 0.148025512695313 0.0288047790527344 -0.0466499328613281
0.067901611328125 0.100090026855469 0.0450439453125 0.0390434265136719
0.0416030883789063 0.101936340332031 0.058807373046875 0.0884323120117188
0.05889892578125 0.0933074951171875 0.123886108398437 0.173934936523437
0.0195541381835937 0.099761962890625 0.103271484375 0.284271240234375
-0.05157470703125 0.08697509765625 -0.020416259765625 0.39111328125
-0.116912841796875 0.0266036987304687 -0.2694091796875 0.407073974609375
-0.092742919921875 -0.0833206176757812 -0.528289794921875 0.164337158203125
0.0431976318359375 -0.152252197265625 -0.517913818359375 -0.0930786132812501
0.1805419921875 -0.0584564208984375 -0.445648193359375 -0.354400634765625
0.389404296875 -0.054351806640625 -0.0308380126953125 0.2379150390625
0.2464599609375 -0.29779052734375 0.19219970703125 0.173629760742187
-0.132904052734375 -0.342926025390625 0.266860961914063 -0.0154571533203125
-0.289398193359375 -0.07672119140625 0.253326416015625 -0.12725830078125
-0.206375122070313 0.154830932617188 0.117385864257812 -0.184280395507813
-0.00328063964843748 0.195938110351563 0.0177688598632813 -0.129104614257813
0.0864410400390625 0.142547607421875 0.00845050811767579 -0.0105581283569336
0.059600830078125 0.1513671875 0.0346717834472656 0.0542564392089844
0.0894775390625 0.141204833984375 0.1129150390625 0.146163940429687
0.0333251953125 0.156814575195313 0.099151611328125 0.257339477539063
-0.0819549560546875 0.14996337890625 -0.030914306640625 0.3663330078125
-0.19598388671875 0.040863037109375 -0.264678955078125 0.379547119140625
-0.141189575195313 -0.174301147460937 -0.488616943359375 0.14599609375
0.0976104736328125 -0.251388549804688 -0.4808349609375 -0.08099365234375
0.3131103515625 -0.082855224609375 -0.39556884765625 -0.329193115234375
0.423583984375 -0.0604248046875 0.047576904296875 0.257110595703125
0.234130859375 -0.315460205078125 0.211761474609375 0.231231689453125
-0.147735595703125 -0.335540771484375 0.353668212890625 0.0416259765625
-0.280380249023438 -0.0630645751953125 0.354583740234375 -0.1676025390625
-0.195098876953125 0.15594482421875 0.14898681640625 -0.272064208984375
-0.00260925292968751 0.198654174804688 -0.00622558593750002 -0.212493896484375
0.0900421142578125 0.156631469726563 -0.0343360900878906 -0.0654525756835938
0.07025146484375 0.176605224609375 0.00250911712646485 0.0111465454101563
0.109649658203125 0.176834106445313 0.082672119140625 0.104576110839844
0.0384521484375 0.20843505859375 0.0699310302734375 0.210250854492188
-0.123611450195313 0.201705932617188 -0.060302734375 0.304290771484375
-0.275177001953125 0.0366363525390624 -0.250091552734375 0.3148193359375
-0.163864135742188 -0.269241333007812 -0.41290283203125 0.1151123046875
0.16033935546875 -0.323822021484375 -0.41986083984375 -0.0688781738281249
0.406463623046875 -0.089447021484375 -0.30859375 -0.297882080078125
0.39788818359375 -0.05743408203125 0.1473388671875 0.2880859375
0.197067260742188 -0.27972412109375 0.28485107421875 0.269561767578125
-0.125106811523438 -0.276992797851563 0.441741943359375 0.036102294921875
-0.217361450195313 -0.0491485595703125 0.40655517578125 -0.23870849609375
-0.15228271484375 0.1240234375 0.1480712890625 -0.34521484375
-0.00271606445312502 0.165725708007812 -0.0380401611328125 -0.273635864257813
0.0808868408203125 0.145553588867188 -0.0744171142578125 -0.114036560058594
0.0693206787109375 0.176254272460938 -0.0318965911865234 -0.0349025726318359
0.109909057617188 0.191162109375 0.0344581604003906 0.0531959533691406
0.02508544921875 0.23345947265625 0.0228118896484375 0.140167236328125
-0.167999267578125 0.211822509765625 -0.0826873779296875 0.208450317382813
-0.317047119140625 -0.00378417968750002 -0.203475952148438 0.228195190429687
-0.130523681640625 -0.335968017578125 -0.316162109375 0.107025146484375
0.22259521484375 -0.33331298828125 -0.358673095703125 -0.04443359375
0.438873291015625 -0.0711669921875 -0.200607299804687 -0.266937255859375
0.32318115234375 -0.04644775390625 0.253997802734375 0.317413330078125
0.156326293945313 -0.212051391601563 0.375091552734375 0.268218994140625
-0.0775146484375 -0.202178955078125 0.495269775390625 -0.014129638671875
-0.137031555175781 -0.0423965454101563 0.406494140625 -0.305328369140625
-0.101425170898438 0.077606201171875 0.128173828125 -0.38800048828125
-0.00463104248046876 0.116287231445312 -0.06304931640625 -0.30743408203125
0.0612640380859375 0.114997863769531 -0.103591918945312 -0.149642944335938
0.05755615234375 0.149490356445313 -0.06463623046875 -0.0765304565429687
0.0889892578125 0.17657470703125 -0.0179710388183594 -0.00327682495117187
-0.00093078613281248 0.213470458984375 -0.0193519592285156 0.0560264587402344
-0.184890747070313 0.163711547851562 -0.0754318237304688 0.104995727539063
-0.28289794921875 -0.0628662109375 -0.125732421875 0.1629638671875
-0.046844482421875 -0.327728271484375 -0.239089965820313 0.145034790039062
0.253311157226563 -0.265579223632813 -0.329071044921875 -0.01495361328125
0.391937255859375 -0.032989501953125 -0.092010498046875 -0.236785888671875
0.209732055664063 -0.027801513671875 0.34991455078125 0.33154296875
0.113494873046875 -0.130302429199219 0.45318603515625 0.23370361328125
-0.0294036865234375 -0.128593444824219 0.511749267578125 -0.074951171875
-0.0638618469238281 -0.0365524291992188 0.379150390625 -0.352386474609375
-0.0556068420410156 0.0342025756835938 0.10406494140625 -0.403594970703125
-0.00676727294921874 0.0642318725585938 -0.079620361328125 -0.3170166015625
0.036773681640625 0.0726318359375 -0.123397827148438 -0.170974731445313
0.0373153686523438 0.101348876953125 -0.08868408203125 -0.107887268066406
0.0528106689453125 0.129844665527344 -0.0601844787597656 -0.0552291870117188
-0.0216217041015625 0.144515991210938 -0.0430488586425781 -0.0172233581542969
-0.146408081054688 0.0791778564453125 -0.0427398681640625 0.0330123901367188
-0.170883178710937 -0.0916900634765625 -0.054840087890625 0.14190673828125
0.03302001953125 -0.22076416015625 -0.219146728515625 0.197982788085938
0.209732055664063 -0.141693115234375 -0.330413818359375 -0.00411987304687499
0.262191772460938 0.0095672607421875 0.00151062011718751 -0.211074829101563
-0.0738525390625 0.0151138305664063 -0.0651092529296875 0.270584106445313
-0.0421485900878906 0.0137825012207031 0.3155517578125 0.06396484375
-0.0407829284667969 0.0584487915039062 0.197860717773438 -0.242630004882813
0.0203475952148438 0.0481300354003906 0.0170135498046875 -0.17547607421875
0.0475730895996094 -0.00352096557617188 0.00321960449218751 -0.0381507873535156
0.0143928527832031 -0.0505599975585938 0.0267181396484375 0.0276775360107422
-0.00838088989257812 -0.0386810302734375 0.0684967041015625 0.07269287109375
-0.00974273681640625 -0.0306377410888672 0.0792160034179687 0.1146240234375
-0.00664329528808594 -0.0223960876464844 0.122695922851562 0.196868896484375
0.00189590454101563 -0.0107622146606445 0.082794189453125 0.303924560546875
0.00163364410400391 -0.0109415054321289 -0.030975341796875 0.40399169921875
0.0133571624755859 0.0149421691894531 -0.282379150390625 0.40399169921875
-0.0059661865234375 0.0730514526367188 -0.561004638671875 0.15875244140625
-0.0565452575683594 0.0458908081054688 -0.5145263671875 -0.125335693359375
-0.126945495605469 0.00246429443359373 -0.4425048828125 -0.36492919921875
0.127143859863281 -0.0253524780273438 -0.0888671875 0.256561279296875
0.093048095703125 -0.121467590332031 0.2833251953125 0.086700439453125
-0.0778121948242188 -0.120254516601562 0.203689575195313 -0.206802368164063
-0.121559143066406 -0.00835418701171878 0.050506591796875 -0.1639404296875
-0.06689453125 0.074371337890625 0.0133171081542969 -0.0589256286621094
0.0126419067382812 0.0588531494140625 0.0283851623535156 0.0115070343017578
0.0365638732910156 0.0326004028320313 0.0702323913574219 0.0689430236816406
0.0181312561035156 0.0383720397949219 0.07855224609375 0.109870910644531
0.0274085998535156 0.0362434387207031 0.132431030273438 0.189682006835938
0.009674072265625 0.0420455932617188 0.1046142578125 0.295989990234375
-0.0256004333496094 0.0333747863769531 -0.00720214843750002 0.40277099609375
-0.0492744445800781 0.0180587768554688 -0.256622314453125 0.42645263671875
-0.0439186096191406 0.000263214111328126 -0.54315185546875 0.195556640625
-0.00991821289062501 -0.0507125854492188 -0.53924560546875 -0.085906982421875
0.0271339416503906 -0.0304241180419922 -0.48455810546875 -0.353759765625
0.2935791015625 -0.055999755859375 -0.0695037841796875 0.241180419921875
0.194915771484375 -0.239181518554688 0.234329223632813 0.110992431640625
-0.115249633789062 -0.26629638671875 0.214065551757813 -0.125213623046875
-0.23626708984375 -0.052093505859375 0.133010864257812 -0.142410278320313
-0.159439086914063 0.134078979492187 0.0565719604492188 -0.113067626953125
0.0073394775390625 0.148666381835938 0.0249481201171875 -0.0476760864257812
0.0723495483398437 0.0968551635742187 0.048248291015625 0.0370521545410156
0.0458602905273438 0.101295471191406 0.0643844604492188 0.088470458984375
0.0635833740234375 0.0903244018554688 0.135177612304688 0.1707763671875
0.0245819091796875 0.0971603393554688 0.12042236328125 0.279586791992188
-0.0493698120117187 0.089324951171875 0.00381469726562503 0.39727783203125
-0.118194580078125 0.032745361328125 -0.2427978515625 0.4332275390625
-0.0945358276367188 -0.0791168212890625 -0.5211181640625 0.205902099609375
0.0347137451171875 -0.15740966796875 -0.53289794921875 -0.0591125488281251
0.180953979492188 -0.0693359375 -0.479400634765625 -0.330841064453125
0.3951416015625 -0.076751708984375 -0.0135650634765625 0.23779296875
0.231353759765625 -0.3170166015625 0.205429077148438 0.15850830078125
-0.156951904296875 -0.337677001953125 0.264724731445313 -0.03143310546875
-0.29681396484375 -0.060577392578125 0.246002197265625 -0.145309448242188
-0.200225830078125 0.169281005859375 0.104888916015625 -0.195526123046875
0.00628662109375002 0.197036743164063 0.00909423828125001 -0.132064819335938
0.0937423706054688 0.138420104980469 0.00873088836669922 -0.0109739303588867
0.0680999755859375 0.149856567382813 0.0377731323242188 0.0547752380371094
0.0972976684570313 0.136940002441406 0.122787475585938 0.141357421875
0.0429229736328125 0.154220581054688 0.115341186523437 0.252426147460937
-0.0757598876953125 0.154495239257812 -0.00753784179687497 0.3721923828125
-0.197052001953125 0.05242919921875 -0.2396240234375 0.404815673828125
-0.149688720703125 -0.167953491210937 -0.4820556640625 0.18206787109375
0.0833892822265625 -0.261932373046875 -0.4930419921875 -0.049346923828125
0.314788818359375 -0.10272216796875 -0.427520751953125 -0.30633544921875
0.429901123046875 -0.083404541015625 0.0674285888671876 0.253433227539063
0.216888427734375 -0.332672119140625 0.229888916015625 0.21759033203125
-0.1707763671875 -0.329345703125 0.357879638671875 0.020721435546875
-0.287139892578125 -0.048187255859375 0.345794677734375 -0.1937255859375
-0.188613891601563 0.167984008789063 0.13165283203125 -0.286895751953125
0.00640869140625001 0.20050048828125 -0.0205078125 -0.213775634765625
0.097564697265625 0.152679443359375 -0.0375938415527344 -0.0646781921386719
0.079345703125 0.17620849609375 0.00343132019042969 0.0125923156738281
0.119659423828125 0.1710205078125 0.0899505615234375 0.101165771484375
0.05078125 0.205474853515625 0.083160400390625 0.207443237304687
-0.113449096679688 0.209640502929688 -0.040863037109375 0.313934326171875
-0.277664184570313 0.05340576171875 -0.22918701171875 0.337615966796875
-0.179779052734375 -0.26300048828125 -0.407318115234375 0.14508056640625
0.1424560546875 -0.339447021484375 -0.428741455078125 -0.0395507812500001
0.409423828125 -0.115234375 -0.334991455078125 -0.27862548828125
0.404449462890625 -0.078826904296875 0.170669555664063 0.279525756835938
0.1822509765625 -0.293365478515625 0.30657958984375 0.252685546875
-0.143157958984375 -0.271286010742188 0.447723388671875 0.00765991210937498
-0.221450805664063 -0.0398406982421875 0.3939208984375 -0.2691650390625
-0.146759033203125 0.132705688476563 0.126556396484375 -0.35986328125
0.00393676757812499 0.167938232421875 -0.055023193359375 -0.274169921875
0.0874786376953125 0.141647338867188 -0.0797348022460938 -0.111709594726562
0.07891845703125 0.175643920898438 -0.0339469909667969 -0.0325450897216797
0.121627807617188 0.185867309570313 0.0388298034667969 0.0519676208496094
0.0393524169921875 0.232040405273438 0.0315780639648437 0.138877868652344
-0.157821655273438 0.223052978515625 -0.0716400146484375 0.21875
-0.323028564453125 0.015625 -0.187301635742188 0.246444702148438
-0.152099609375 -0.33428955078125 -0.308685302734375 0.12933349609375
0.205596923828125 -0.354888916015625 -0.365264892578125 -0.01751708984375
0.443817138671875 -0.0999755859375 -0.223342895507812 -0.252487182617187
0.329071044921875 -0.062896728515625 0.281005859375 0.304351806640625
0.145065307617187 -0.222427368164062 0.3974609375 0.24725341796875
-0.09112548828125 -0.199554443359375 0.49871826171875 -0.046722412109375
-0.139266967773438 -0.0384674072265625 0.388153076171875 -0.336639404296875
-0.0988388061523438 0.0817794799804688 0.103729248046875 -0.40106201171875
-0.00112152099609374 0.117897033691406 -0.082305908203125 -0.306304931640625
0.0665740966796875 0.112075805664063 -0.1109619140625 -0.147125244140625
0.06512451171875 0.14892578125 -0.0690841674804687 -0.0736770629882813
0.100189208984375 0.172683715820313 -0.0185546875 -0.0024127960205078
0.0121612548828125 0.214492797851563 -0.0165672302246094 0.0566940307617188
-0.177871704101563 0.177291870117187 -0.070648193359375 0.11309814453125
-0.29278564453125 -0.045745849609375 -0.112701416015625 0.1748046875
-0.067291259765625 -0.331451416015625 -0.2265625 0.163192749023437
0.239959716796875 -0.2890625 -0.3331298828125 0.012420654296875
0.398101806640625 -0.058837890625 -0.110076904296875 -0.227584838867188
0.215179443359375 -0.037017822265625 0.38043212890625 0.314971923828125
0.106697082519531 -0.138404846191406 0.47601318359375 0.207366943359375
-0.0382537841796875 -0.128189086914062 0.511627197265625 -0.110748291015625
-0.0652847290039062 -0.0366287231445313 0.356292724609375 -0.3831787109375
-0.0546112060546875 0.0360221862792969 0.077545166015625 -0.414886474609375
-0.00635147094726563 0.0658340454101563 -0.098663330078125 -0.31622314453125
0.0391921997070313 0.0702896118164062 -0.131591796875 -0.1673583984375
0.0430984497070313 0.10015869140625 -0.0970458984375 -0.104103088378906
0.0613784790039062 0.127738952636719 -0.0649490356445313 -0.0528564453125
-0.013214111328125 0.146591186523438 -0.0452384948730469 -0.0160026550292969
-0.144882202148437 0.0894012451171875 -0.0418891906738281 0.0372200012207031
-0.18157958984375 -0.08245849609375 -0.041290283203125 0.1473388671875
0.0218505859375 -0.229080200195313 -0.202102661132812 0.217910766601563
0.204071044921875 -0.161224365234375 -0.33221435546875 0.025970458984375
0.268722534179687 -0.006561279296875 -0.011932373046875 -0.20745849609375
-0.0712051391601563 0.0208816528320313 -0.047821044921875 0.265716552734375
-0.0433273315429687 0.0166549682617188 0.3148193359375 0.037109375
-0.0366477966308594 0.0619964599609375 0.176193237304688 -0.252105712890625
0.0232620239257813 0.0466804504394531 0.00215148925781252 -0.173248291015625
0.0464286804199219 -0.0054779052734375 -0.00146865844726562 -0.0368881225585938
0.0103263854980469 -0.0515518188476563 0.0288906097412109 0.0269012451171875
-0.0108871459960938 -0.0381050109863281 0.0717086791992188 0.0694427490234375
-0.0124225616455078 -0.0296306610107422 0.08489990234375 0.112327575683594
-0.00777626037597656 -0.0228519439697266 0.131256103515625 0.189315795898438
0.00121784210205078 -0.0111551284790039 0.096923828125 0.2955322265625
-6.19888305664058E-05 -0.00925922393798828 -0.00689697265624999 0.399871826171875
0.0130033493041992 0.014988899230957 -0.2493896484375 0.417022705078125
0.000801086425781257 0.072601318359375 -0.54119873046875 0.194610595703125
-0.0544357299804687 0.0463638305664063 -0.518829345703125 -0.093505859375
-0.127388000488281 0.010162353515625 -0.46466064453125 -0.339111328125
0.127281188964844 -0.031158447265625 -0.0716400146484375 0.251998901367188
0.0832366943359375 -0.125556945800781 0.285888671875 0.060699462890625
-0.0851058959960937 -0.113380432128906 0.18377685546875 -0.217498779296875
-0.120254516601563 -0.00119781494140626 0.03631591796875 -0.164031982421875
-0.0627822875976563 0.0775070190429688 0.00674819946289062 -0.0589065551757812
0.0146942138671875 0.0566062927246094 0.0287971496582031 0.0109462738037109
0.0368156433105469 0.0302886962890625 0.0733413696289063 0.0654144287109375
0.0190010070800781 0.0386123657226563 0.0843429565429688 0.106964111328125
0.0280418395996094 0.0333957672119141 0.140945434570312 0.181869506835938
0.0106582641601563 0.0395164489746094 0.118408203125 0.2860107421875
-0.0256328582763672 0.0345172882080078 0.01641845703125 0.39813232421875
-0.0486984252929688 0.020233154296875 -0.222869873046875 0.437774658203125
-0.0396614074707031 0.00231170654296875 -0.52099609375 0.229156494140625
-0.013458251953125 -0.0508003234863281 -0.538848876953125 -0.0509033203125
0.0254745483398438 -0.0302715301513672 -0.505462646484375 -0.32086181640625
0.291717529296875 -0.0723876953125 -0.052734375 0.234664916992188
0.177871704101563 -0.248428344726563 0.238418579101562 0.088104248046875
-0.130889892578125 -0.255462646484375 0.199935913085938 -0.136383056640625
-0.236434936523438 -0.0379638671875 0.119903564453125 -0.148941040039062
-0.150375366210937 0.14227294921875 0.0458297729492187 -0.116050720214844
0.0143890380859375 0.146163940429688 0.0212745666503906 -0.0477676391601562
0.0753555297851563 0.0908889770507813 0.0500717163085938 0.0346717834472656
0.0491256713867188 0.0993881225585938 0.068695068359375 0.0868377685546875
0.0658493041992188 0.0857620239257813 0.143890380859375 0.162429809570313
0.02862548828125 0.0924148559570313 0.13330078125 0.268264770507813
-0.0457229614257813 0.0898056030273438 0.027984619140625 0.391815185546875
-0.116012573242187 0.0371551513671875 -0.209197998046875 0.444366455078125
-0.093414306640625 -0.0733718872070313 -0.49847412109375 0.237152099609375
0.0257720947265625 -0.157989501953125 -0.532562255859375 -0.0256042480468751
0.176544189453125 -0.07806396484375 -0.49853515625 -0.299713134765625
0.392059326171875 -0.097747802734375 0.00227355957031252 0.228530883789063
0.209625244140625 -0.32635498046875 0.211578369140625 0.13775634765625
-0.175750732421875 -0.323516845703125 0.257232666015625 -0.0463714599609375
-0.29583740234375 -0.044525146484375 0.231689453125 -0.158859252929687
-0.188522338867188 0.178054809570313 0.0897064208984375 -0.201080322265625
0.01568603515625 0.194534301757813 0.000297546386718749 -0.130973815917969
0.097930908203125 0.130943298339844 0.00889110565185547 -0.0121011734008789
0.074188232421875 0.146530151367188 0.0409126281738281 0.0540275573730469
0.102035522460938 0.128379821777344 0.130523681640625 0.133644104003906
0.0491180419921875 0.14678955078125 0.127838134765625 0.241683959960938
-0.06732177734375 0.155075073242188 0.0157470703125 0.369781494140625
-0.192474365234375 0.062042236328125 -0.207672119140625 0.416900634765625
-0.153106689453125 -0.157943725585938 -0.460693359375 0.211090087890625
0.068115234375 -0.264602661132812 -0.4927978515625 -0.016143798828125
0.307708740234375 -0.1180419921875 -0.444610595703125 -0.276336669921875
0.425384521484375 -0.1046142578125 0.0837249755859376 0.24066162109375
0.1954345703125 -0.340087890625 0.240219116210938 0.197052001953125
-0.18743896484375 -0.314422607421875 0.352813720703125 -0.000640869140625019
-0.285064697265625 -0.0343017578125 0.32818603515625 -0.2135009765625
-0.177581787109375 0.175262451171875 0.1097412109375 -0.292755126953125
0.014801025390625 0.197067260742188 -0.0339202880859375 -0.210922241210937
0.102630615234375 0.144729614257813 -0.0397834777832031 -0.0624008178710937
0.0869903564453125 0.171112060546875 0.00477790832519532 0.0132341384887695
0.126144409179688 0.16162109375 0.0951385498046875 0.09454345703125
0.0613861083984375 0.19720458984375 0.093505859375 0.199188232421875
-0.101181030273438 0.212295532226562 -0.021575927734375 0.31463623046875
-0.271224975585938 0.068756103515625 -0.20135498046875 0.349761962890625
-0.190750122070313 -0.252105712890625 -0.389739990234375 0.168304443359375
0.12091064453125 -0.345733642578125 -0.426116943359375 -0.00970458984374995
0.40264892578125 -0.1376953125 -0.350372314453125 -0.252197265625
0.40130615234375 -0.0975341796875 0.188140869140625 0.262405395507813
0.16351318359375 -0.2987060546875 0.31793212890625 0.23004150390625
-0.156387329101563 -0.258743286132813 0.44146728515625 -0.0186767578125
-0.219711303710937 -0.0299835205078125 0.36956787109375 -0.29071044921875
-0.138847351074219 0.136650085449219 0.1007080078125 -0.36468505859375
0.0110931396484375 0.165008544921875 -0.0712127685546875 -0.268096923828125
0.0916366577148438 0.134284973144531 -0.08343505859375 -0.107795715332031
0.0862274169921875 0.171234130859375 -0.0348491668701172 -0.0300083160400391
0.129409790039063 0.175857543945313 0.0418319702148438 0.0489120483398438
0.051910400390625 0.224624633789063 0.0386962890625 0.134628295898438
-0.143936157226562 0.2291259765625 -0.0577850341796875 0.222732543945313
-0.319244384765625 0.0346069335937501 -0.165725708007813 0.256103515625
-0.1685791015625 -0.323944091796875 -0.29290771484375 0.146575927734375
0.181365966796875 -0.3665771484375 -0.360504150390625 0.0101013183593749
0.43719482421875 -0.1248779296875 -0.237823486328125 -0.229934692382813
0.3275146484375 -0.077880859375 0.299285888671875 0.2813720703125
0.129928588867187 -0.226394653320313 0.41009521484375 0.21759033203125
-0.101043701171875 -0.1910400390625 0.48760986328125 -0.077789306640625
-0.138969421386719 -0.03387451171875 0.35931396484375 -0.357208251953125
-0.0940933227539063 0.0838775634765625 0.07598876953125 -0.4033203125
0.00250244140624999 0.117111206054687 -0.097747802734375 -0.2989501953125
0.0695114135742188 0.105697631835938 -0.115371704101563 -0.141799926757812
0.0723114013671875 0.144927978515625 -0.072235107421875 -0.069061279296875
0.108444213867188 0.164337158203125 -0.0181999206542969 -0.00157546997070311
0.02362060546875 0.209060668945312 -0.013824462890625 0.056121826171875
-0.167236328125 0.185684204101563 -0.0636672973632813 0.1175537109375
-0.294586181640625 -0.0277099609375 -0.0960235595703125 0.178756713867188
-0.08538818359375 -0.32733154296875 -0.208023071289062 0.17523193359375
0.2198486328125 -0.303619384765625 -0.325714111328125 0.039337158203125
0.39532470703125 -0.082000732421875 -0.122161865234375 -0.21160888671875
0.215911865234375 -0.046722412109375 0.3985595703125 0.287109375
0.0970306396484375 -0.141815185546875 0.48504638671875 0.173583984375
-0.0449676513671875 -0.123626708984375 0.497222900390625 -0.14202880859375
-0.0662727355957031 -0.0357704162597656 0.324981689453125 -0.400970458984375
-0.0523757934570312 0.0365638732910156 0.049896240234375 -0.414276123046875
-0.0049285888671875 0.0661582946777344 -0.113433837890625 -0.3070068359375
0.0410804748535156 0.0656929016113281 -0.136428833007812 -0.161148071289062
0.0474777221679688 0.0971145629882813 -0.10107421875 -0.0987014770507813
0.0680160522460938 0.122108459472656 -0.06756591796875 -0.0479316711425781
-0.0050201416015625 0.14410400390625 -0.0468025207519531 -0.0139389038085937
-0.139236450195313 0.0966262817382813 -0.0401840209960938 0.0399742126464844
-0.185470581054688 -0.071075439453125 -0.0266876220703125 0.147140502929688
0.00865173339843748 -0.230743408203125 -0.17864990234375 0.228607177734375
0.19281005859375 -0.174530029296875 -0.32452392578125 0.05322265625
0.268508911132813 -0.0221405029296875 -0.0235748291015625 -0.196334838867188
-0.0678939819335938 0.0241661071777344 -0.0370330810546875 0.253219604492187
-0.0442962646484375 0.0183792114257813 0.307830810546875 0.015625
-0.0333976745605469 0.0634651184082031 0.157958984375 -0.254135131835938
0.0254669189453125 0.0453948974609375 -0.00982666015624998 -0.16802978515625
0.0447196960449219 -0.00668716430664063 -0.00465011596679687 -0.0351314544677734
0.0077667236328125 -0.0509300231933594 0.0298290252685547 0.0265102386474609
-0.0125083923339844 -0.0374298095703125 0.0734405517578125 0.0673828125
-0.0139923095703125 -0.0278720855712891 0.0873031616210938 0.110671997070313
-0.00947380065917969 -0.022247314453125 0.135086059570313 0.182113647460938
0.00062274932861328 -0.0117673873901367 0.102813720703125 0.285736083984375
-0.00109767913818359 -0.00693702697753906 0.00775146484374998 0.38958740234375
0.0122241973876953 0.0149974822998047 -0.223175048828125 0.41668701171875
0.00547027587890625 0.0703125 -0.516571044921875 0.21331787109375
-0.0541152954101563 0.04644775390625 -0.512664794921875 -0.072723388671875
-0.1253662109375 0.0153961181640625 -0.472991943359375 -0.31561279296875
0.126152038574219 -0.0342254638671875 -0.0606689453125 0.240768432617188
0.0755767822265625 -0.125892639160156 0.280105590820313 0.0405731201171875
-0.0866546630859375 -0.106353759765625 0.166824340820313 -0.219436645507813
-0.118148803710937 0.00314331054687501 0.0243682861328125 -0.16119384765625
-0.0590896606445313 0.079193115234375 0.00168228149414063 -0.0572586059570312
0.0147628784179688 0.0548515319824219 0.0283031463623047 0.0106563568115234
0.0363273620605469 0.0275955200195313 0.0746841430664063 0.0624313354492188
0.0188102722167969 0.0376167297363281 0.0866546630859375 0.104927062988281
0.0272426605224609 0.0320224761962891 0.143630981445313 0.174880981445313
0.0109100341796875 0.037017822265625 0.123138427734375 0.275009155273438
-0.0251560211181641 0.0347404479980469 0.030914306640625 0.388153076171875
-0.0478706359863281 0.0216064453125 -0.196441650390625 0.4366455078125
-0.0349979400634766 0.00202751159667969 -0.496063232421875 0.2470703125
-0.0157089233398437 -0.0497283935546875 -0.53216552734375 -0.0295715332031251
0.0240917205810547 -0.0293712615966797 -0.5125732421875 -0.298858642578125
0.28631591796875 -0.08038330078125 -0.042083740234375 0.22271728515625
0.163925170898438 -0.249801635742187 0.235137939453125 0.0689239501953125
-0.137344360351562 -0.24407958984375 0.185714721679688 -0.140731811523438
-0.23272705078125 -0.02984619140625 0.1077880859375 -0.149169921875
-0.143051147460937 0.145370483398438 0.0369338989257812 -0.114547729492187
0.018341064453125 0.141494750976563 0.0180015563964844 -0.0477523803710937
0.07574462890625 0.0853805541992188 0.0505943298339844 0.0319290161132813
0.0511322021484375 0.0972213745117188 0.0706787109375 0.0846633911132813
0.0653533935546875 0.0804443359375 0.14544677734375 0.15435791015625
0.02947998046875 0.0870742797851563 0.137664794921875 0.256118774414063
-0.0433120727539062 0.088531494140625 0.043060302734375 0.38226318359375
-0.112503051757813 0.0401382446289062 -0.1820068359375 0.44329833984375
-0.0901336669921875 -0.0704116821289063 -0.47442626953125 0.2525634765625
0.0186920166015625 -0.15631103515625 -0.522552490234375 -0.00170898437499993
0.172470092773438 -0.08087158203125 -0.505279541015625 -0.275360107421875
0.38458251953125 -0.10870361328125 0.0105133056640625 0.215728759765625
0.192779541015625 -0.32720947265625 0.210464477539063 0.120132446289063
-0.18292236328125 -0.308807373046875 0.24578857421875 -0.0543670654296875
-0.291229248046875 -0.0343017578125 0.218231201171875 -0.16412353515625
-0.1787109375 0.180999755859375 0.0771636962890625 -0.200286865234375
0.0204010009765625 0.189239501953125 -0.00543212890624999 -0.128494262695313
0.0972900390625 0.123664855957031 0.0082235336303711 -0.0126209259033203
0.076812744140625 0.142059326171875 0.0420951843261719 0.0523262023925781
0.102371215820313 0.12164306640625 0.132369995117188 0.125709533691406
0.050933837890625 0.139167785644531 0.132080078125 0.230453491210938
-0.061859130859375 0.151885986328125 0.02996826171875 0.36151123046875
-0.18658447265625 0.0657958984375 -0.18072509765625 0.415985107421875
-0.15179443359375 -0.150985717773437 -0.439208984375 0.22503662109375
0.0562744140625 -0.26153564453125 -0.483062744140625 0.00488281250000005
0.3013916015625 -0.12530517578125 -0.448516845703125 -0.250152587890625
0.41778564453125 -0.116851806640625 0.0915985107421875 0.22503662109375
0.180328369140625 -0.338653564453125 0.240921020507812 0.178253173828125
-0.1937255859375 -0.29876708984375 0.342315673828125 -0.013031005859375
-0.27947998046875 -0.025726318359375 0.310211181640625 -0.2218017578125
-0.1680908203125 0.176727294921875 0.093475341796875 -0.291259765625
0.0198516845703125 0.191879272460938 -0.0421905517578125 -0.204879760742188
0.102508544921875 0.136741638183594 -0.0405769348144531 -0.0611839294433594
0.090484619140625 0.166412353515625 0.00586891174316407 0.0138120651245117
0.127105712890625 0.152389526367188 0.0980072021484375 0.0889816284179688
0.06488037109375 0.187408447265625 0.0981292724609375 0.189346313476563
-0.0924224853515625 0.209518432617187 -0.00830078124999997 0.310089111328125
-0.263839721679688 0.07574462890625 -0.1783447265625 0.349884033203125
-0.192916870117188 -0.240509033203125 -0.371673583984375 0.17938232421875
0.1055908203125 -0.3436279296875 -0.41680908203125 0.0106506347656251
0.393463134765625 -0.148773193359375 -0.354400634765625 -0.22943115234375
0.394500732421875 -0.107513427734375 0.194931030273438 0.24456787109375
0.150421142578125 -0.295867919921875 0.319976806640625 0.208740234375
-0.160385131835938 -0.245315551757813 0.428466796875 -0.0347900390625
-0.215576171875 -0.0252838134765625 0.347564697265625 -0.298980712890625
-0.131454467773438 0.136390686035156 0.0821533203125 -0.36029052734375
0.013671875 0.160491943359375 -0.079376220703125 -0.260147094726563
0.0912017822265625 0.126983642578125 -0.0841522216796875 -0.10498046875
0.0901947021484375 0.16571044921875 -0.0338172912597656 -0.0281505584716797
0.131851196289063 0.165985107421875 0.0436935424804688 0.0455436706542969
0.0573272705078125 0.21484375 0.0421066284179688 0.129165649414063
-0.133132934570313 0.228500366210938 -0.0475006103515625 0.222152709960938
-0.311798095703125 0.04534912109375 -0.147247314453125 0.256011962890625
-0.176300048828125 -0.313690185546875 -0.275588989257813 0.152877807617187
0.1630859375 -0.366302490234375 -0.349639892578125 0.02923583984375
0.42803955078125 -0.137664794921875 -0.240936279296875 -0.211135864257813
0.32293701171875 -0.086151123046875 0.306243896484375 0.2608642578125
0.119720458984375 -0.224014282226563 0.409942626953125 0.19415283203125
-0.103851318359375 -0.181533813476563 0.472320556640625 -0.0943603515625
-0.136543273925781 -0.0326919555664062 0.334014892578125 -0.36279296875
-0.0898590087890625 0.082489013671875 0.057220458984375 -0.396209716796875
0.00445556640625001 0.114189147949219 -0.10540771484375 -0.2884521484375
0.0687026977539063 0.0998077392578125 -0.115631103515625 -0.1373291015625
0.0756072998046875 0.139801025390625 -0.0718154907226563 -0.0655975341796875
0.11126708984375 0.155532836914063 -0.0173606872558594 -0.0011310577392578
0.0291900634765625 0.2015380859375 -0.0125160217285156 0.0546493530273438
-0.157806396484375 0.186386108398438 -0.0577850341796875 0.119880676269531
-0.28985595703125 -0.017059326171875 -0.082672119140625 0.177932739257813
-0.09466552734375 -0.320709228515625 -0.190811157226563 0.178009033203125
0.203033447265625 -0.308990478515625 -0.313446044921875 0.057952880859375
0.3876953125 -0.093505859375 -0.125930786132812 -0.196075439453125
0.214981079101563 -0.0529022216796875 0.40509033203125 0.263275146484375
0.089508056640625 -0.140884399414063 0.481597900390625 0.148681640625
-0.0472412109375 -0.118087768554688 0.476409912109375 -0.158294677734375
-0.0661506652832031 -0.0359115600585938 0.296600341796875 -0.40423583984375
-0.0505828857421875 0.0352249145507813 0.03125 -0.40655517578125
-0.00394439697265625 0.0654220581054688 -0.12158203125 -0.297943115234375
0.0402297973632813 0.061676025390625 -0.136688232421875 -0.156890869140625
0.0504684448242187 0.0933990478515625 -0.101264953613281 -0.0939483642578125
0.0712890625 0.116226196289063 -0.0674209594726563 -0.0450019836425781
-0.000595092773437495 0.139762878417969 -0.0474052429199219 -0.0129203796386719
-0.134239196777344 0.100120544433594 -0.0375442504882813 0.0411567687988281
-0.1856689453125 -0.0638580322265625 -0.0159912109375 0.14239501953125
0.000579833984375003 -0.2298583984375 -0.158843994140625 0.230514526367187
0.181167602539063 -0.181076049804688 -0.31195068359375 0.0721740722656249
0.265914916992188 -0.0309600830078125 -0.0283966064453125 -0.184768676757813
-0.0653305053710938 0.025299072265625 -0.0338287353515625 0.243743896484375
-0.0454292297363281 0.019439697265625 0.300811767578125 0.002349853515625
-0.0317955017089844 0.0648078918457031 0.145843505859375 -0.253082275390625
0.0257034301757812 0.0449409484863281 -0.0160980224609375 -0.16314697265625
0.0446968078613281 -0.00634765625 -0.00677490234375 -0.0331363677978516
0.00645446777343749 -0.0507164001464844 0.0308189392089844 0.0267982482910156
-0.0131416320800781 -0.0373725891113281 0.0742111206054688 0.0673751831054688
-0.0142364501953125 -0.0275840759277344 0.088134765625 0.110305786132813
-0.0101795196533203 -0.0216751098632813 0.134521484375 0.179977416992188
0.000479698181152343 -0.0120325088500977 0.10235595703125 0.2816162109375
-0.00131607055664062 -0.00542640686035156 0.014739990234375 0.384918212890625
0.0115556716918945 0.0158214569091797 -0.20916748046875 0.41351318359375
0.008575439453125 0.0685844421386719 -0.500732421875 0.22210693359375
-0.05438232421875 0.045928955078125 -0.509124755859375 -0.061614990234375
-0.124618530273437 0.0185089111328125 -0.477081298828125 -0.30731201171875
0.127090454101563 -0.0362625122070312 -0.0575103759765625 0.231155395507812
0.0721054077148438 -0.125480651855469 0.27459716796875 0.0265960693359375
-0.0874404907226563 -0.103057861328125 0.15582275390625 -0.219558715820312
-0.116912841796875 0.00479888916015626 0.0177001953125 -0.157363891601563
-0.0570602416992187 0.0797882080078125 -0.00140762329101563 -0.0544815063476563
0.0154991149902344 0.053985595703125 0.0285797119140625 0.0102176666259766
0.0353736877441406 0.0258369445800781 0.0750045776367187 0.0609283447265625
0.019317626953125 0.0380134582519531 0.0869674682617187 0.104934692382812
0.0255947113037109 0.0308437347412109 0.143829345703125 0.171585083007813
0.0100669860839844 0.0354232788085938 0.122589111328125 0.270126342773438
-0.0256881713867187 0.0350685119628906 0.037078857421875 0.381439208984375
-0.0479393005371094 0.021759033203125 -0.181640625 0.432891845703125
-0.0312747955322266 0.000890731811523442 -0.4794921875 0.253936767578125
-0.0176811218261719 -0.0484771728515625 -0.528228759765625 -0.01751708984375
0.025054931640625 -0.0282669067382813 -0.517242431640625 -0.28790283203125
0.28564453125 -0.084442138671875 -0.038818359375 0.212799072265625
0.1583251953125 -0.24951171875 0.229904174804688 0.0556793212890625
-0.13897705078125 -0.238510131835938 0.176727294921875 -0.142532348632813
-0.231292724609375 -0.0269775390625 0.100845336914062 -0.14764404296875
-0.139373779296875 0.146865844726562 0.0327377319335937 -0.113533020019531
0.0191650390625 0.139389038085938 0.0164909362792969 -0.0477676391601562
0.0736312866210938 0.08221435546875 0.0504875183105469 0.0307960510253906
0.0515823364257813 0.0965042114257813 0.0712661743164063 0.0840835571289063
0.0641250610351563 0.0789794921875 0.145797729492188 0.15130615234375
0.0274810791015625 0.083282470703125 0.136871337890625 0.250747680664063
-0.0431900024414063 0.08660888671875 0.04925537109375 0.37603759765625
-0.111259460449219 0.040008544921875 -0.16522216796875 0.439788818359375
-0.0858383178710938 -0.0703506469726562 -0.4595947265625 0.258514404296875
0.0159149169921875 -0.154022216796875 -0.518951416015625 0.0102539062500001
0.172592163085938 -0.081207275390625 -0.50714111328125 -0.262420654296875
0.383331298828125 -0.1126708984375 0.012359619140625 0.204925537109375
0.1866455078125 -0.325836181640625 0.20703125 0.1082763671875
-0.184234619140625 -0.3006591796875 0.23883056640625 -0.0570526123046875
-0.288330078125 -0.031646728515625 0.210342407226562 -0.16534423828125
-0.174346923828125 0.181594848632812 0.070648193359375 -0.19842529296875
0.0211029052734375 0.18560791015625 -0.00923919677734374 -0.127471923828125
0.0954208374023437 0.119636535644531 0.00796604156494141 -0.013972282409668
0.0775833129882813 0.140121459960938 0.0432624816894531 0.0531044006347656
0.100273132324219 0.118675231933594 0.133049011230469 0.121963500976563
0.0496368408203125 0.134223937988281 0.132553100585938 0.225341796875
-0.061004638671875 0.150039672851562 0.036895751953125 0.356475830078125
-0.183639526367187 0.0667877197265625 -0.166717529296875 0.413330078125
-0.1485595703125 -0.150146484375 -0.426177978515625 0.22906494140625
0.051025390625 -0.258880615234375 -0.477294921875 0.0161743164062501
0.30078125 -0.127532958984375 -0.449859619140625 -0.239837646484375
0.415985107421875 -0.120147705078125 0.0924072265625 0.21441650390625
0.173797607421875 -0.3345947265625 0.238418579101563 0.1676025390625
-0.193023681640625 -0.290985107421875 0.336181640625 -0.017791748046875
-0.275909423828125 -0.024627685546875 0.3004150390625 -0.223876953125
-0.163681030273438 0.1756591796875 0.084991455078125 -0.28961181640625
0.0200958251953125 0.188095092773437 -0.0458221435546875 -0.20269775390625
0.0991592407226563 0.132957458496094 -0.0405960083007812 -0.0618858337402344
0.0914154052734375 0.164230346679687 0.00721263885498047 0.0137405395507813
0.125396728515625 0.148300170898438 0.0988540649414063 0.085723876953125
0.063751220703125 0.181442260742188 0.0981903076171875 0.1845703125
-0.089447021484375 0.207046508789063 -0.001434326171875 0.3079833984375
-0.259552001953125 0.0772094726562501 -0.1650390625 0.347625732421875
-0.19232177734375 -0.237258911132813 -0.36053466796875 0.18194580078125
0.098052978515625 -0.341583251953125 -0.409881591796875 0.0223388671875001
0.391693115234375 -0.152099609375 -0.35418701171875 -0.217254638671875
0.39373779296875 -0.111297607421875 0.195281982421875 0.233932495117188
0.145538330078125 -0.2919921875 0.318328857421875 0.197998046875
-0.158737182617188 -0.239227294921875 0.421539306640625 -0.0406494140625
-0.212310791015625 -0.0258331298828125 0.33465576171875 -0.300994873046875
-0.128952026367188 0.133651733398437 0.07293701171875 -0.357391357421875
0.013336181640625 0.157806396484375 -0.08349609375 -0.255844116210938
0.0877304077148438 0.123489379882813 -0.0836105346679687 -0.104866027832031
0.091094970703125 0.163299560546875 -0.0323390960693359 -0.0277194976806641
0.131210327148438 0.162017822265625 0.0446701049804688 0.0437774658203125
0.05712890625 0.209304809570313 0.042022705078125 0.126228332519531
-0.129653930664063 0.226806640625 -0.04217529296875 0.222366333007813
-0.307861328125 0.048492431640625 -0.136703491210938 0.25396728515625
-0.178131103515625 -0.309722900390625 -0.2659912109375 0.153472900390625
0.154266357421875 -0.366180419921875 -0.3411865234375 0.040252685546875
0.426239013671875 -0.14263916015625 -0.240768432617188 -0.199844360351562
0.3232421875 -0.08905029296875 0.306243896484375 0.250457763671875
0.116119384765625 -0.219696044921875 0.408477783203125 0.183837890625
-0.102081298828125 -0.176559448242187 0.4632568359375 -0.10015869140625
-0.135055541992188 -0.0344161987304688 0.320892333984375 -0.363433837890625
-0.0884552001953125 0.08001708984375 0.04815673828125 -0.391571044921875
0.0037994384765625 0.112960815429688 -0.10888671875 -0.28558349609375
0.0654678344726563 0.0968475341796875 -0.1148681640625 -0.137527465820313
0.076141357421875 0.1375732421875 -0.0703582763671875 -0.0650405883789063
0.1119384765625 0.150848388671875 -0.0163688659667969 -0.00196552276611327
0.0307464599609375 0.196868896484375 -0.0123863220214844 0.0532722473144531
-0.154144287109375 0.187469482421875 -0.0552444458007813 0.120674133300781
-0.287017822265625 -0.012664794921875 -0.073486328125 0.174697875976562
-0.0997314453125 -0.318511962890625 -0.179412841796875 0.1767578125
0.194305419921875 -0.310028076171875 -0.30419921875 0.0696105957031249
0.386688232421875 -0.099365234375 -0.125396728515625 -0.1859130859375
0.216842651367188 -0.0550689697265625 0.406158447265625 0.25439453125
0.0864715576171875 -0.139266967773438 0.477996826171875 0.137298583984375
-0.04705810546875 -0.115028381347656 0.466217041015625 -0.164031982421875
-0.0656394958496094 -0.0382766723632813 0.28204345703125 -0.40167236328125
-0.0502815246582031 0.0330848693847656 0.023162841796875 -0.400482177734375
-0.00389480590820312 0.0650482177734375 -0.123291015625 -0.293243408203125
0.037994384765625 0.0592002868652344 -0.135818481445313 -0.158035278320313
0.0507583618164063 0.0916519165039063 -0.101005554199219 -0.092193603515625
0.0721206665039062 0.112541198730469 -0.067138671875 -0.0439682006835937
0.000740051269531253 0.136734008789063 -0.0483818054199219 -0.0127830505371094
-0.132713317871094 0.101280212402344 -0.0366172790527344 0.0409889221191406
-0.185272216796875 -0.060028076171875 -0.00873565673828127 0.138450622558594
-0.00309753417968752 -0.230712890625 -0.14654541015625 0.230026245117187
0.174285888671875 -0.184158325195312 -0.3018798828125 0.085235595703125
0.2666015625 -0.0349884033203125 -0.0277862548828125 -0.175567626953125
-0.0648689270019531 0.0260009765625 -0.0353546142578125 0.238754272460937
-0.0483283996582031 0.0213203430175781 0.299713134765625 -0.0086669921875
-0.0315628051757812 0.0667648315429688 0.139633178710938 -0.257415771484375
0.0261344909667969 0.0457611083984375 -0.022003173828125 -0.16119384765625
0.0463523864746094 -0.00593948364257813 -0.00806045532226562 -0.0305271148681641
0.00597763061523438 -0.0507316589355469 0.0332813262939453 0.0264205932617188
-0.0136299133300781 -0.03948974609375 0.0759353637695313 0.0677566528320313
-0.014556884765625 -0.0273265838623047 0.0906600952148438 0.114250183105469
-0.0101947784423828 -0.0219383239746094 0.136123657226563 0.183929443359375
0.00049304962158203 -0.0122060775756836 0.10198974609375 0.2850341796875
-0.00169825553894043 -0.00316762924194336 0.017852783203125 0.387359619140625
0.011988639831543 0.0174522399902344 -0.2027587890625 0.41668701171875
0.010406494140625 0.0679893493652344 -0.49822998046875 0.227874755859375
-0.0567359924316406 0.04718017578125 -0.515533447265625 -0.0572509765625001
-0.12548828125 0.0202484130859375 -0.4893798828125 -0.31048583984375
0.12994384765625 -0.038726806640625 -0.0595245361328125 0.225479125976563
0.0705413818359375 -0.127265930175781 0.2733154296875 0.0164642333984375
-0.0889053344726562 -0.103172302246094 0.1502685546875 -0.2236328125
-0.118782043457031 0.00508880615234376 0.012725830078125 -0.156036376953125
-0.0567550659179688 0.08245849609375 -0.003570556640625 -0.05303955078125
0.0153007507324219 0.0542831420898438 0.0297622680664063 0.00992012023925782
0.0341377258300781 0.0250377655029297 0.0766754150390625 0.0615463256835937
0.0193977355957031 0.0386734008789063 0.0895233154296875 0.107681274414063
0.0256843566894531 0.0313758850097656 0.145736694335938 0.174331665039063
0.00909423828125 0.0346851348876953 0.12213134765625 0.272293090820313
-0.0272865295410156 0.0364151000976563 0.041229248046875 0.384613037109375
-0.0487289428710937 0.022613525390625 -0.17449951171875 0.437042236328125
-0.0291671752929688 -0.00148582458496093 -0.477630615234375 0.2603759765625
-0.018951416015625 -0.0484123229980469 -0.534454345703125 -0.0123901367187499
0.0273075103759766 -0.0276298522949219 -0.528167724609375 -0.28857421875
0.2916259765625 -0.087799072265625 -0.04083251953125 0.207611083984375
0.15789794921875 -0.252914428710937 0.228988647460938 0.0470428466796875
-0.141281127929688 -0.239959716796875 0.172927856445313 -0.144973754882813
-0.234161376953125 -0.027252197265625 0.0973968505859375 -0.148025512695313
-0.139251708984375 0.149581909179688 0.029693603515625 -0.11346435546875
0.0189132690429687 0.14019775390625 0.0159034729003906 -0.0492401123046875
0.0721511840820313 0.0812606811523438 0.0518836975097656 0.0305404663085938
0.0519561767578125 0.098388671875 0.0727920532226563 0.086883544921875
0.0638275146484375 0.0794830322265625 0.148330688476563 0.152603149414063
0.0254898071289062 0.08251953125 0.137603759765625 0.252517700195313
-0.0453338623046875 0.0871124267578125 0.05401611328125 0.378814697265625
-0.112312316894531 0.0398406982421875 -0.1588134765625 0.442626953125
-0.08404541015625 -0.0736541748046875 -0.457672119140625 0.2628173828125
0.0148773193359375 -0.15478515625 -0.523773193359375 0.0153503417968751
0.178482055664063 -0.0820465087890625 -0.51702880859375 -0.261932373046875
0.390167236328125 -0.117431640625 0.0110626220703125 0.199386596679687
0.186553955078125 -0.329010009765625 0.205947875976563 0.100692749023437
-0.186920166015625 -0.3026123046875 0.23834228515625 -0.0584259033203125
-0.292236328125 -0.032012939453125 0.20806884765625 -0.1668701171875
-0.174713134765625 0.18505859375 0.066802978515625 -0.201766967773438
0.0208282470703125 0.1866455078125 -0.0112380981445313 -0.129058837890625
0.0937576293945313 0.119049072265625 0.00839710235595704 -0.0149650573730469
0.0787353515625 0.142318725585938 0.0449600219726563 0.0541038513183594
0.0997161865234375 0.1190185546875 0.134696960449219 0.122116088867188
0.0472869873046875 0.133056640625 0.132369995117188 0.225143432617188
-0.062286376953125 0.149978637695313 0.042022705078125 0.36053466796875
-0.185379028320313 0.0661163330078125 -0.15911865234375 0.417755126953125
-0.148345947265625 -0.153366088867188 -0.42529296875 0.235260009765625
0.0495452880859375 -0.261428833007813 -0.479736328125 0.0242919921875001
0.30816650390625 -0.130584716796875 -0.457489013671875 -0.237060546875
0.423675537109375 -0.123443603515625 0.0927734375 0.210220336914063
0.1741943359375 -0.337860107421875 0.239044189453125 0.163116455078125
-0.194305419921875 -0.291717529296875 0.3369140625 -0.019317626953125
-0.278945922851563 -0.026947021484375 0.2989501953125 -0.228363037109375
-0.165054321289063 0.176834106445313 0.081329345703125 -0.29339599609375
0.0193023681640625 0.188385009765625 -0.0494232177734375 -0.20489501953125
0.0969161987304688 0.132843017578125 -0.041259765625 -0.063323974609375
0.092315673828125 0.166122436523438 0.00825309753417969 0.0138053894042969
0.125198364257813 0.148513793945313 0.100784301757813 0.0853118896484375
0.0618743896484375 0.180419921875 0.0986328125 0.184921264648438
-0.0904693603515625 0.2083740234375 0.00262451171875001 0.31195068359375
-0.262054443359375 0.0778961181640625 -0.158843994140625 0.350555419921875
-0.193283081054687 -0.241973876953125 -0.359466552734375 0.184600830078125
0.09661865234375 -0.345550537109375 -0.410797119140625 0.030059814453125
0.400848388671875 -0.156219482421875 -0.360015869140625 -0.21380615234375
0.40008544921875 -0.113616943359375 0.19769287109375 0.23150634765625
0.14654541015625 -0.29345703125 0.321868896484375 0.1942138671875
-0.158737182617188 -0.239364624023438 0.423980712890625 -0.04437255859375
-0.2149658203125 -0.028594970703125 0.3336181640625 -0.3052978515625
-0.130012512207031 0.133377075195313 0.068634033203125 -0.360382080078125
0.0121002197265625 0.158737182617188 -0.0868377685546875 -0.258682250976563
0.08514404296875 0.123626708984375 -0.0850296020507812 -0.108238220214844
0.0920562744140625 0.164840698242188 -0.0319175720214844 -0.028411865234375
0.131500244140625 0.161117553710938 0.0463714599609375 0.0431251525878906
0.0560760498046875 0.208404541015625 0.0421218872070312 0.126457214355469
-0.130264282226563 0.229660034179688 -0.0399932861328125 0.226760864257813
-0.31158447265625 0.04974365234375 -0.131256103515625 0.254806518554688
-0.18115234375 -0.3145751953125 -0.26416015625 0.155014038085937
0.15203857421875 -0.37158203125 -0.339599609375 0.049102783203125
0.43609619140625 -0.14764404296875 -0.243194580078125 -0.196243286132813
0.33013916015625 -0.091094970703125 0.311309814453125 0.2470703125
0.11712646484375 -0.220352172851563 0.41448974609375 0.1800537109375
-0.100814819335938 -0.176971435546875 0.46502685546875 -0.10565185546875
-0.137016296386719 -0.0383987426757813 0.3170166015625 -0.36724853515625
-0.0903167724609375 0.0783538818359375 0.044189453125 -0.394989013671875
0.00248718261718749 0.113677978515625 -0.111602783203125 -0.287872314453125
0.063018798828125 0.0971527099609375 -0.115966796875 -0.141845703125
0.0777740478515625 0.138885498046875 -0.0703201293945313 -0.0665283203125
0.11309814453125 0.150863647460938 -0.0157499313354492 -0.00249099731445311
0.030181884765625 0.1973876953125 -0.013946533203125 0.054229736328125
-0.155975341796875 0.19110107421875 -0.0550155639648438 0.123466491699219
-0.29180908203125 -0.0116882324218749 -0.068206787109375 0.173126220703125
-0.102569580078125 -0.3250732421875 -0.17510986328125 0.178359985351562
0.192779541015625 -0.31610107421875 -0.301727294921875 0.07989501953125
0.39605712890625 -0.104217529296875 -0.1256103515625 -0.181732177734375
0.22259521484375 -0.057220458984375 0.4127197265625 0.251861572265625
0.086578369140625 -0.138633728027344 0.486328125 0.132781982421875
-0.045806884765625 -0.115608215332031 0.466796875 -0.169952392578125
-0.0672836303710938 -0.0417671203613281 0.27886962890625 -0.4061279296875
-0.0515785217285156 0.0316085815429688 0.017822265625 -0.404022216796875
-0.0044708251953125 0.0660057067871094 -0.125518798828125 -0.297393798828125
0.0358352661132813 0.0591964721679687 -0.13763427734375 -0.162933349609375
0.0514297485351562 0.0921554565429688 -0.101188659667969 -0.0943145751953125
0.0731964111328125 0.112480163574219 -0.0682334899902344 -0.0447731018066406
-0.000373840332031248 0.137420654296875 -0.0505294799804688 -0.0130386352539062
-0.13446044921875 0.103233337402344 -0.0358963012695313 0.0420341491699219
-0.18896484375 -0.0607757568359375 -0.00335693359375002 0.136077880859375
-0.00485229492187499 -0.23663330078125 -0.139434814453125 0.233108520507813
0.173812866210938 -0.189971923828125 -0.29876708984375 0.0967712402343749
0.27374267578125 -0.0379486083984375 -0.0250701904296875 -0.170928955078125
-0.0657768249511719 0.0270233154296875 -0.0348663330078125 0.239654541015625
-0.0510520935058594 0.0239677429199219 0.303253173828125 -0.02178955078125
-0.0310440063476563 0.0705108642578125 0.133163452148438 -0.267730712890625
0.0277938842773437 0.0474357604980469 -0.0299072265625 -0.160934448242188
0.0490264892578125 -0.00703811645507812 -0.00983428955078124 -0.0291748046875
0.00486373901367188 -0.0525360107421875 0.0350894927978516 0.0255832672119141
-0.0157966613769531 -0.0409317016601563 0.0807266235351562 0.0692672729492188
-0.0146389007568359 -0.0281562805175781 0.096954345703125 0.118614196777344
-0.0107784271240234 -0.0217876434326172 0.142822265625 0.18927001953125
0.000210762023925782 -0.0130586624145508 0.107452392578125 0.294097900390625
-0.0022275447845459 -0.00137066841125488 0.026611328125 0.398223876953125
0.0123844146728516 0.0186996459960938 -0.195770263671875 0.43048095703125
0.0130195617675781 0.0679092407226563 -0.501434326171875 0.24639892578125
-0.0599098205566406 0.0495071411132813 -0.533355712890625 -0.047149658203125
-0.12841796875 0.024017333984375 -0.5167236328125 -0.309844970703125
0.135231018066406 -0.0429916381835938 -0.0601348876953125 0.226699829101563
0.06884765625 -0.132705688476563 0.277236938476563 0.00259399414062499
-0.0933761596679687 -0.104179382324219 0.1455078125 -0.234161376953125
-0.123527526855469 0.00780487060546875 0.00561523437499999 -0.15728759765625
-0.0556716918945313 0.086822509765625 -0.00670242309570313 -0.0524101257324219
0.0160484313964844 0.055267333984375 0.0294685363769531 0.0083770751953125
0.0336856842041016 0.0237903594970703 0.0808639526367188 0.0618438720703125
0.0205192565917969 0.0400619506835938 0.0951080322265625 0.111701965332031
0.0259342193603516 0.0331764221191406 0.153488159179688 0.178970336914063
0.00805091857910156 0.0349464416503906 0.12799072265625 0.279800415039063
-0.0278663635253906 0.039031982421875 0.0511474609375 0.3944091796875
-0.0496940612792969 0.0233612060546875 -0.165313720703125 0.450042724609375
-0.0279579162597656 -0.00321769714355468 -0.482757568359375 0.27740478515625
-0.0210494995117188 -0.0487556457519531 -0.5521240234375 0.00170898437500003
0.0304813385009766 -0.0283889770507813 -0.556884765625 -0.288330078125
0.300750732421875 -0.097137451171875 -0.0416259765625 0.2073974609375
0.157882690429687 -0.263839721679688 0.23162841796875 0.03582763671875
-0.149795532226563 -0.244384765625 0.171096801757813 -0.15264892578125
-0.2440185546875 -0.023895263671875 0.09417724609375 -0.150604248046875
-0.139801025390625 0.157379150390625 0.0252227783203125 -0.115516662597656
0.0211181640625 0.143173217773438 0.0132980346679688 -0.052337646484375
0.0726547241210938 0.0820159912109375 0.0535621643066406 0.0294952392578125
0.05517578125 0.101409912109375 0.0778427124023438 0.0901565551757813
0.0646896362304688 0.0821456909179687 0.1551513671875 0.155136108398438
0.0236282348632813 0.0837249755859375 0.143478393554688 0.25823974609375
-0.0469512939453125 0.0904464721679688 0.0643310546875 0.388153076171875
-0.115203857421875 0.0413818359375 -0.1492919921875 0.45697021484375
-0.0846633911132813 -0.0774765014648437 -0.46240234375 0.280487060546875
0.0117950439453125 -0.158279418945313 -0.5389404296875 0.0307617187499999
0.186111450195313 -0.0875701904296875 -0.543853759765625 -0.25872802734375
0.402313232421875 -0.127716064453125 0.012298583984375 0.19879150390625
0.18756103515625 -0.34185791015625 0.209671020507812 0.0926361083984375
-0.19708251953125 -0.309051513671875 0.240020751953125 -0.0649871826171875
-0.302703857421875 -0.0296630859375 0.208755493164062 -0.174530029296875
-0.176193237304688 0.193115234375 0.0617218017578125 -0.208343505859375
0.0226593017578125 0.190383911132813 -0.0161895751953125 -0.134101867675781
0.0946273803710938 0.120208740234375 0.00807952880859375 -0.0168743133544922
0.082733154296875 0.146163940429688 0.0483932495117188 0.0567550659179688
0.102340698242188 0.121208190917969 0.141815185546875 0.12335205078125
0.0474395751953125 0.134590148925781 0.13885498046875 0.229339599609375
-0.063079833984375 0.154083251953125 0.052520751953125 0.369873046875
-0.190032958984375 0.0695343017578125 -0.1500244140625 0.430145263671875
-0.153076171875 -0.158172607421875 -0.430450439453125 0.2481689453125
0.0462646484375 -0.268310546875 -0.4932861328125 0.039031982421875
0.3199462890625 -0.1402587890625 -0.480072021484375 -0.232086181640625
0.437530517578125 -0.13421630859375 0.0967559814453125 0.210128784179688
0.175140380859375 -0.3494873046875 0.245986938476562 0.157943725585937
-0.203887939453125 -0.296783447265625 0.34423828125 -0.02685546875
-0.288421630859375 -0.026397705078125 0.300750732421875 -0.238739013671875
-0.167190551757812 0.18231201171875 0.0753173828124999 -0.30340576171875
0.0209808349609375 0.192581176757813 -0.056976318359375 -0.211212158203125
0.0974960327148438 0.135246276855469 -0.044158935546875 -0.0664482116699218
0.0972442626953125 0.17095947265625 0.0100803375244141 0.0141115188598633
0.129364013671875 0.151229858398438 0.105514526367188 0.0850143432617188
0.06427001953125 0.183029174804688 0.104110717773437 0.188690185546875
-0.0909271240234375 0.214981079101562 0.010589599609375 0.32196044921875
-0.269424438476563 0.0825805664062499 -0.15264892578125 0.362060546875
-0.202163696289063 -0.248245239257813 -0.365264892578125 0.19622802734375
0.0928955078125 -0.35614013671875 -0.418701171875 0.044281005859375
0.41632080078125 -0.16876220703125 -0.376800537109375 -0.210693359375
0.414306640625 -0.123321533203125 0.206588745117188 0.231307983398438
0.14794921875 -0.3018798828125 0.33453369140625 0.189483642578125
-0.165069580078125 -0.243988037109375 0.4339599609375 -0.0540771484375
-0.222183227539063 -0.0300445556640625 0.334503173828125 -0.320892333984375
-0.133224487304687 0.136192321777344 0.060760498046875 -0.372344970703125
0.012359619140625 0.162124633789063 -0.0967864990234375 -0.265243530273438
0.0849609375 0.126556396484375 -0.0895538330078125 -0.112144470214844
0.0971832275390625 0.1689453125 -0.0321197509765625 -0.0300655364990234
0.13604736328125 0.163665771484375 0.0487289428710938 0.0418777465820313
0.0593414306640625 0.211654663085938 0.0446014404296875 0.129539489746094
-0.13092041015625 0.238937377929688 -0.035125732421875 0.235382080078125
-0.32159423828125 0.055999755859375 -0.126815795898437 0.261962890625
-0.19232177734375 -0.323883056640625 -0.265777587890625 0.16302490234375
0.1490478515625 -0.385498046875 -0.343719482421875 0.0631713867187499
0.45294189453125 -0.16143798828125 -0.253494262695313 -0.192413330078125
0.34259033203125 -0.09906005859375 0.325439453125 0.247161865234375
0.11907958984375 -0.225921630859375 0.4312744140625 0.17486572265625
-0.10430908203125 -0.181198120117188 0.474456787109375 -0.11834716796875
-0.142654418945313 -0.0409088134765625 0.31585693359375 -0.3828125
-0.0930252075195312 0.0795745849609375 0.033782958984375 -0.40582275390625
0.00252532958984376 0.116310119628906 -0.12176513671875 -0.294342041015625
0.0624771118164063 0.0996627807617188 -0.121902465820312 -0.147430419921875
0.08184814453125 0.142044067382812 -0.07305908203125 -0.0688400268554688
0.11700439453125 0.152908325195313 -0.015716552734375 -0.00429153442382812
0.03253173828125 0.201553344726562 -0.0150337219238281 0.0561256408691407
-0.157882690429688 0.199966430664063 -0.05303955078125 0.128852844238281
-0.3021240234375 -0.00836181640625006 -0.063812255859375 0.175384521484375
-0.1126708984375 -0.336029052734375 -0.1722412109375 0.184860229492187
0.190765380859375 -0.329742431640625 -0.30255126953125 0.09552001953125
0.412384033203125 -0.116058349609375 -0.130661010742188 -0.17950439453125
0.231201171875 -0.06280517578125 0.432220458984375 0.250518798828125
0.088226318359375 -0.141220092773438 0.5042724609375 0.12469482421875
-0.047210693359375 -0.117927551269531 0.475128173828125 -0.185028076171875
-0.0710983276367188 -0.0448226928710937 0.27459716796875 -0.4215087890625
-0.0535240173339844 0.0313873291015625 0.008697509765625 -0.414337158203125
-0.004547119140625 0.0677223205566406 -0.135528564453125 -0.3048095703125
0.0347023010253906 0.0604286193847656 -0.144012451171875 -0.1690673828125
0.0541229248046875 0.0935134887695312 -0.105606079101563 -0.0975189208984375
0.0771484375 0.113449096679688 -0.0712661743164063 -0.0460052490234375
0.000534057617187495 0.140533447265625 -0.0540351867675781 -0.0126876831054687
-0.138328552246094 0.110008239746094 -0.0361518859863281 0.0442276000976563
-0.197341918945313 -0.0615692138671875 0.00332641601562499 0.135627746582031
-0.00965881347656251 -0.246917724609375 -0.1319580078125 0.242523193359375
0.173416137695313 -0.1990966796875 -0.299560546875 0.1141357421875
0.2861328125 -0.04608154296875 -0.0259246826171875 -0.169967651367187
0.0579552509022582 0.0116784018256049 -0.223831437038454 0.090428716601227
0.026483946365415 0.038074694808495 0.182861229123671 0.258639942664747
0.0765839086006403 0.0114778234600589 0.314167258885973 -0.0416731493952413
0.0279942801990734 -0.0463800486384844 0.110719647870201 -0.110372999140765
-0.0417826057178867 -0.0299026383582634 0.018509847402805 -0.01686496813971
-0.0477409584149328 0.0274670225643043 0.00169039056446729 0.0467684790834643
-0.0342302033016954 0.0341636659589682 -0.0310905133891837 0.107558178953544
-0.019332920237737 0.0222159728716587 -0.0676788006195408 0.155763036749773
-0.0185661388633846 0.00626225202086313 -0.119200181513487 0.21819447625505
-0.0214701245841661 -0.00671407867788107 -0.205313153534187 0.236598965977429
0.00252180800426337 -0.0192322926082599 -0.36293560058346 0.22542971514443
0.0214604551991958 -0.0476503996729806 -0.503345842907233 0.0348505374258613
0.074448013568737 -0.0657674088439358 -0.493618578785784 -0.278765184689371
0.103852694945137 0.0212320486199589 -0.226857288918056 -0.502958900154964
0.110768833409455 0.100191359660831 -0.0606945260259713 -0.597960339909474
-0.105452505500609 -0.115651141187614 -0.235421769954503 0.0929319647808074
-0.181439019614925 0.0367062455183261 0.155475149467446 0.28589517839225
-0.0378042747557565 0.168585341559036 0.336896535282816 -0.00486452719991968
0.0991469761469411 0.116923140526312 0.156539784539982 -0.110822810920364
0.107352532609745 -0.020020918359599 0.0302001707053929 -0.047472183492843
0.0303184094145522 -0.0482840234045481 -0.00240701372207311 0.0283678918550833
-9.8112436195231E-05 -0.0447014828261399 -0.0366574594139413 0.100487591158274
0.00851579856029474 -0.0488864738158304 -0.0694273798438788 0.150758261128171
0.00834260540986053 -0.0579137441959096 -0.112401362773091 0.221805811623746
0.0126595552159141 -0.0413395507211012 -0.187422767559036 0.242111532202426
0.0502479126781565 -0.0248289805857264 -0.347097385295399 0.239518689809967
0.0621244577319526 0.00419319683131058 -0.498352318435589 0.0671790671699197
0.0537578960384253 0.0121412704691139 -0.501286163687151 -0.245291645769223
0.00674819770587546 0.0472656074346955 -0.277751429779534 -0.482934689759586
-0.00965552177962063 -0.00168063541848273 -0.119304730057647 -0.608411894088463
-0.241321476281448 -0.222193010173248 -0.215948580203657 0.124926506308732
-0.345136247948286 0.0437799740264805 0.110770819214123 0.291377052214514
-0.128321406782073 0.29442590746785 0.312287115452899 0.0666932424248752
0.14902606348855 0.247147206279874 0.221591024662331 -0.054504217113993
0.221566836526392 -0.00165956891140097 0.101100433623554 -0.0702540763693035
0.0976856332997457 -0.101548463126659 0.0313641634294718 -0.021439961186814
0.0338565193534572 -0.108667397232385 -0.0261065312165492 0.0574172088092656
0.033762903951651 -0.112439740193924 -0.063161381555249 0.122962577060676
0.0282812753650834 -0.118394683978274 -0.0959074116266612 0.211449451566269
0.0403140572163964 -0.0840152953701255 -0.166870544034516 0.240515981514288
0.101140763287179 -0.045042107739407 -0.337315228988085 0.243346888363508
0.117245682681922 0.0505445330568255 -0.488862526738005 0.0753799349689283
0.0428713275979166 0.104255610158635 -0.483888451286276 -0.22674793788995
-0.0985127951837504 0.0853880264709424 -0.298245946853234 -0.44104248733312
-0.13686270395417 -0.0973331679727253 -0.151468689523119 -0.572206718163356
-0.327088902933379 -0.289032634189969 -0.183403823777851 0.184612060463829
-0.42933414339486 0.0621488596468868 0.0512509024023141 0.315755473190491
-0.16485478880539 0.366128228784581 0.286716675066931 0.180097379040671
0.177309478305053 0.307150859820915 0.311587286576734 0.0243856151471003
0.272621017154578 0.0102503353207712 0.204247485890978 -0.0966086674304202
0.1345474928869 -0.123809570596419 0.0848783927006023 -0.0887809620007483
0.0616021528486866 -0.145835351241009 -0.00427981337136142 -0.00744211619023476
0.0526595256245745 -0.160136018389731 -0.0490914026464327 0.0767132917214171
0.0412159485833533 -0.171836448471569 -0.0762954238129361 0.184934607165121
0.0671060961162279 -0.133270147651482 -0.150593874903164 0.218959538656829
0.160995891765654 -0.0751640265520666 -0.331765410844829 0.21440297640167
0.188423195562787 0.100275916092817 -0.45945963838217 0.0499007927749995
0.0347562965598871 0.211849249708102 -0.429504923814282 -0.218776701786095
-0.205937731741343 0.125029407951279 -0.280127708138672 -0.382544262506202
-0.250075949773251 -0.17793103711027 -0.147294138798324 -0.500025230744345
-0.361669682170511 -0.315164369832181 -0.147207858646809 0.27114927097005
-0.431663713967039 0.0695698322892126 0.00839819404305098 0.385160667608579
-0.163432052320975 0.363628738196086 0.306576007855052 0.300928641681125
0.161975616139439 0.299413336131923 0.417531696378811 0.0795425825787209
0.258240011570082 0.0221284355580521 0.302859219934496 -0.137805124467516
0.142006494311382 -0.1142374320047 0.136340052906118 -0.161432648670882
0.076456546924295 -0.153639066560451 0.0237381884406202 -0.0767994807784915
0.0639596513354556 -0.184282349818591 -0.0283174803595662 0.0185328426013445
0.0537348944653995 -0.208996448238159 -0.0590750955902314 0.133233003542411
0.0966566328021733 -0.176911450492225 -0.138105823330484 0.16499586982397
0.227420186050541 -0.0949589672860728 -0.311205055166945 0.142393883163003
0.250746993156727 0.165420712097444 -0.386844902300878 0.00163921034771467
0.00528137333100435 0.314222898178032 -0.336524835282341 -0.192174417459992
-0.30517741918139 0.142842669077609 -0.245201023319211 -0.30096643114873
-0.328283296215914 -0.239549521545203 -0.112442910389443 -0.399308713226989
-0.353536294102589 -0.303011923895262 -0.104142741305707 0.377427578707953
-0.38408566060294 0.0592290446981078 0.0176780018690193 0.477779633101797
-0.149500454674635 0.3041531370022 0.366147198908768 0.374554517830935
0.10702007684894 0.252663800403638 0.502514268595628 0.0863200883650773
0.200079975636184 0.03865170914472 0.365511991284721 -0.184838550394144
0.125906271103148 -0.0820210816864495 0.172999432749918 -0.220848735935936
0.0782518830251611 -0.134441757315103 0.0551694027425049 -0.137588106903231
0.0660917191786598 -0.179603516785724 -0.00412419037860467 -0.0447256824773518
0.062883824867873 -0.21865469273768 -0.0437622248230914 0.0608685459376189
0.126815296789278 -0.191139171037567 -0.118066033325779 0.081005842678424
0.275325398395253 -0.0771103531300433 -0.250847846690929 0.0477692784250415
0.258131298493352 0.23401652830238 -0.269939305356679 -0.0278110169839731
-0.060622018067484 0.364939628167853 -0.2457499946024 -0.121907077288028
-0.366558642464477 0.115750665903945 -0.228693155488772 -0.216284845444808
-0.34620928074578 -0.272044681124699 -0.0551213429877711 -0.292397939536277
-0.3087064823021 -0.256124451272405 -0.0456175861626333 0.481035097588793
-0.311850841229875 0.0381713724106724 0.0737326294115071 0.548649764553065
-0.134326098640908 0.221226619349864 0.429120392122182 0.385472780948324
0.0429665742317999 0.195819361038753 0.543255825747156 0.0606835773625292
0.13063912845121 0.055638895141495 0.389556909187084 -0.220425404259469
0.099205570281524 -0.0419082218570026 0.196250179149706 -0.255223339663343
0.0676564757911358 -0.0978996976866992 0.0842308042993458 -0.180416130823611
0.0588670194455259 -0.147759571715077 0.0177946844821211 -0.104734380993696
0.067401505036924 -0.191253997190486 -0.0255510505609403 -0.021321776648949
0.140840722742813 -0.159852547305526 -0.078641312436478 -0.00759750265191459
0.264502933385653 -0.0256291370861749 -0.152232788849943 -0.0217750936805356
0.186842777540782 0.263767693867564 -0.151292340457596 -0.00177620769720299
-0.13296317679418 0.316698782196362 -0.214663130995958 -0.0212233148356397
-0.35217728565002 0.049539539041415 -0.244052638105287 -0.164276033307685
-0.296501476527265 -0.263112093464491 0.0147043981402627 -0.191681131091346
-0.232041539942188 -0.180564576077195 0.018691189475238 0.558973712740388
-0.227843787334878 0.0165447965228611 0.148230311616377 0.580117542170727
-0.112760560028453 0.140733961855596 0.470877539230616 0.354901881698617
-0.00723131874436304 0.137478755172501 0.547787208166155 0.022014841413841
0.0686961231009845 0.0616119952855516 0.388530912418396 -0.240199405874888
0.0665483626400245 -0.00501519256097151 0.207786509343113 -0.268727781742945
0.0477474005565749 -0.0514627739297024 0.10504984194843 -0.206804343177561
0.0424804824997433 -0.0941113262939416 0.0360654955432429 -0.151727613250741
0.0584484852364219 -0.128975548743951 -0.00222650275971043 -0.0922381516603665
0.117222535339396 -0.0921761868267812 -0.0295424037758238 -0.0710990435782308
0.182288717775255 0.0260725274878211 -0.0558851592052798 -0.0377851307260165
0.0702773155082059 0.206712292126447 -0.0879225754495643 0.0590977968984036
-0.150356932846946 0.175917700770217 -0.254934941921142 0.0488394972662857
-0.24094637797349 -0.0171747606472463 -0.263803895648488 -0.16662585808734
-0.182124533939735 -0.197784703355358 0.0855289973815943 -0.111103258546872
0.0602470098035159 0.00895021347447954 -0.21929681589405 0.0984077731242425
0.0319900179659429 0.0387804720837764 0.206429997158398 0.242417721650792
0.0808203730716981 0.00662887402754821 0.314344588112536 -0.0661203491151972
0.0280204405163533 -0.0503676290159195 0.100240708275544 -0.118769013324857
-0.0458585452150721 -0.0284844235622249 0.0157187141334078 -0.0164452082995966
-0.046642494462558 0.0310612394687438 0.00394673288593644 0.0459790705916447
-0.0325037031972882 0.0391259186712158 -0.0248400266860049 0.112237511942037
-0.0194384374966647 0.0233790866639216 -0.0609941746715258 0.165948407551235
-0.0188157138348557 0.00666848643263561 -0.112281603427182 0.230422233793442
-0.0217168207070635 -0.00564710878190142 -0.199598931117302 0.253595104771084
0.00259761106929655 -0.021948740412866 -0.354229300342484 0.251418003707885
0.0195970125947051 -0.0500554773308686 -0.506987879088556 0.0651660195197073
0.0711158695706666 -0.0713953623203535 -0.517146055540252 -0.251634370944502
0.108473330441444 0.0167890405906973 -0.262463040264373 -0.500413217526368
0.118065221158054 0.0960703364340083 -0.100042645683759 -0.610907811313895
-0.114525421518683 -0.113481173043386 -0.232052285037821 0.101783504463962
-0.181949823774085 0.0484437512049899 0.180515270886292 0.272289580676684
-0.027434174677084 0.173082423465853 0.340962284651623 -0.0310312230786869
0.109473867767207 0.113574491738728 0.148207090360418 -0.12277203655346
0.108004331894614 -0.0273002138670488 0.0244045397651158 -0.0490488094883788
0.0294048904753487 -0.0501136031318779 -0.00213210771077586 0.0261664506146202
-0.00060684319229647 -0.043196120178811 -0.0307240987978996 0.103690209452749
0.00626928688447659 -0.0503374713168431 -0.0631864054118844 0.160729967454602
0.00570268304092468 -0.0593831738898393 -0.104198565522367 0.232450512578712
0.0115000522419813 -0.0416447726268024 -0.180895228131712 0.257702631562912
0.0512315885386495 -0.0287126559057195 -0.337743720096273 0.265682542465409
0.06280778768504 0.00124675420407631 -0.499663963782832 0.0962558940213645
0.0522923745910066 0.00973344389032363 -0.520975862458272 -0.217751391613252
0.0101406513421933 0.0468075729535169 -0.314656044602685 -0.474894378584606
-0.0119306562944981 -0.00284597459688299 -0.159729215883922 -0.617572015920704
-0.259853916824586 -0.214647150594913 -0.210267826012987 0.133031151536231
-0.349937300192742 0.0637053584803938 0.13417595419741 0.28010943603194
-0.113573492570955 0.307410488035744 0.319975040727895 0.0452242826003126
0.167802122910265 0.245385099224995 0.219565374770112 -0.0683866151194296
0.225522756254296 -0.0144732741783563 0.0949433589756492 -0.0775546824779009
0.0953311277787186 -0.107998055779155 0.0284697253341689 -0.025946234882177
0.0321686137506262 -0.110006774067648 -0.0225572209365381 0.0580424821796568
0.0290686330638056 -0.117295955171287 -0.0578460123974322 0.130722780400024
0.0239813974567433 -0.122626610889781 -0.0868601657447509 0.221349467673051
0.0391639761332694 -0.0848427803122773 -0.158236855290389 0.254106880842626
0.101875261969085 -0.0502597805193347 -0.327615664753183 0.268340652541899
0.121065350174704 0.0475287129892259 -0.490231927885545 0.107849752560936
0.045107005910405 0.104770688722057 -0.505816010907617 -0.199898974445289
-0.094704906613404 0.0904268598864854 -0.331620413103452 -0.431489883839336
-0.148482428615651 -0.0941342129991675 -0.191628807366836 -0.578493018696632
-0.351501735291341 -0.27904229335694 -0.174882947227807 0.193009300151387
-0.434630991491279 0.0867950067055539 0.0742341898709507 0.310335914641041
-0.146884775681973 0.382235594979375 0.300944815463002 0.163638331946271
0.197203727291857 0.306511394587196 0.318784482650912 0.00782202118626734
0.279361239031826 -0.00374813982977492 0.199508289424818 -0.111877960862359
0.133009163364726 -0.131610883772201 0.0797337965670553 -0.0989434477215746
0.0592601078109767 -0.148865383247528 -0.0037778633867986 -0.00935010994283852
0.0462388068481827 -0.166196753768255 -0.0458945270602239 0.0817016533154906
0.0354756453592983 -0.176296689987604 -0.0678652301729158 0.192388201525381
0.063272943288531 -0.1365548438418 -0.142197854232599 0.23103311788908
0.160802422844916 -0.0843764270944805 -0.323335919288533 0.239164617875655
0.196465396815076 0.0951500801555594 -0.461526616698102 0.0783087586499168
0.0432625221065822 0.215607784013626 -0.449047008702698 -0.196190232979907
-0.203035210642965 0.136801916582461 -0.309109759023566 -0.370576426401961
-0.270493485635048 -0.170953337697486 -0.183156298328129 -0.502923385642273
-0.387358937949708 -0.305557787177804 -0.133948136576157 0.281385459107075
-0.437238147426165 0.0925587419404152 0.0332411826913242 0.38648182309261
-0.147252323342603 0.379593503015635 0.328328885160948 0.286271298197124
0.181667540454275 0.300038591347379 0.430354201956926 0.0572556844402273
0.2656883095313 0.0102825834106035 0.297517994196048 -0.159921926640723
0.140485287157655 -0.12229438855143 0.127196733282822 -0.175283339062976
0.0742082283145246 -0.157493828153385 0.0214669930675539 -0.0818167427483747
0.0570616819444765 -0.191224236180049 -0.0267850554255132 0.0206719873404671
0.045103990396451 -0.215262345877508 -0.0519233892322155 0.138872621742418
0.0910571332695817 -0.182590526742728 -0.13242231801562 0.175155977783203
0.227119433560332 -0.107976541147953 -0.308062596301392 0.165896289414252
0.26504354713728 0.157329311712209 -0.390385131515856 0.0244862176482307
0.0190754381579489 0.32260139887072 -0.352049928541007 -0.17562902012921
-0.303861456246409 0.16026825804467 -0.268753927700389 -0.286546557235758
-0.354426021658799 -0.230139784983437 -0.141463848604821 -0.399461677549001
-0.37820899544828 -0.293856223351558 -0.083847478057787 0.38877873263942
-0.388922761192347 0.0770450020314257 0.0470346333708216 0.482634144050749
-0.136927988536521 0.316478614913639 0.394122508966911 0.359203280826455
0.122552870623761 0.256034460796204 0.516579777871088 0.0595059734246849
0.20623545485263 0.032974476094855 0.358767704062121 -0.210440293481625
0.126354850636238 -0.0881603427260809 0.162355271362382 -0.236588034017693
0.0774578512452822 -0.138945419028446 0.0506202868392842 -0.146024317348906
0.0597000823939899 -0.186748064923624 -0.00530615578335339 -0.046429101926888
0.0544034965004855 -0.225345529213876 -0.0399720939472561 0.0636324583130596
0.121122600235225 -0.198610480445834 -0.116272968533944 0.0890998524518819
0.277081571726425 -0.0941600352575076 -0.253079548412736 0.0658298134278154
0.277125546814296 0.228021518946283 -0.272484330151568 -0.0127976232232533
-0.0437440253269685 0.377654348352159 -0.254749245579061 -0.108080392585613
-0.367463295765687 0.13775641809437 -0.246631225955693 -0.198048634439057
-0.375369837719205 -0.261988701683862 -0.0753381919521972 -0.290780702301189
-0.331475560625841 -0.248401084837381 -0.0211315132050418 0.49480576423001
-0.316218670211538 0.0517770414764307 0.108536255051375 0.554920741851138
-0.126429685334041 0.23101658801187 0.45929684957584 0.366511142256455
0.0525629267879127 0.201354356040977 0.556243617033008 0.0310655566386842
0.136261953471787 0.0532041471425243 0.380609932091471 -0.247841418877759
0.100663136056934 -0.046320623086838 0.184219332802241 -0.272719145952504
0.0678766901979996 -0.101496483354596 0.0782720004423163 -0.191603068356207
0.0533042652683972 -0.154003505515823 0.0146139142616514 -0.108059644019849
0.0588980710157947 -0.198151266143184 -0.0259249303963663 -0.0211987456958915
0.13698606448965 -0.169616705198566 -0.0822421319352493 -0.00419358024701691
0.270866487593536 -0.040743886666673 -0.156438491935087 -0.0121304906371031
0.206232383963859 0.262090160246027 -0.149074926630392 0.0054667384364677
-0.120476207604083 0.333243658882206 -0.21667471737047 -0.00617857706033386
-0.35716124506815 0.0693574002955508 -0.260241788002239 -0.142098067353207
-0.323674154152151 -0.254071923347936 0.00271222287598498 -0.191059862967076
-0.249133473443268 -0.175182821225463 0.0486648883214284 0.572864693353779
-0.231410003083326 0.02610989771771 0.186441741673689 0.582071082305688
-0.108207364942253 0.147723541609569 0.499120052240431 0.33408581177096
-0.000657715334220616 0.143683285128617 0.558290382558193 -0.0100077810859325
0.0730661739086064 0.0619501065760066 0.380005363883994 -0.267080616962519
0.0686909818141747 -0.00833018753105111 0.196639663730498 -0.286196303048889
0.0492072505559499 -0.0536356324707986 0.0980897576871552 -0.219736094439809
0.0386866090325942 -0.0974570551791864 0.0302090804216331 -0.157686299329774
0.0526718206884798 -0.134042639627347 -0.00725866688460493 -0.0949688012849826
0.116167228222824 -0.0993759511444068 -0.0347272406314217 -0.0720914855853781
0.189142066571918 0.0167083740013011 -0.0585325698483204 -0.0356042293427212
0.0832427233675975 0.21117505313457 -0.0797224973318583 0.0650037400619893
-0.145798305832351 0.190685075526027 -0.25307307916851 0.0710306938071129
-0.247429320281829 -0.00404722716762574 -0.281457150681593 -0.142099832186003
-0.201966495147618 -0.19392147828569 0.0795876152133929 -0.111379951008249
0.0613555529302364 0.00601988807351053 -0.212120335295745 0.103343283583539
0.0367521321802086 0.0385244181523687 0.223402247025495 0.219931337472889
0.083711333653084 0.000870588180563389 0.30714392300113 -0.0888643688637022
0.026632600744758 -0.0540303694891819 0.0887739121189526 -0.123034278569295
-0.0489055586700033 -0.026342990266827 0.0125033508308542 -0.0145927151186047
-0.0445484546001841 0.0340513581376358 0.00492744516124017 0.0441978839220263
-0.0291775954566752 0.0421826881308135 -0.0180757778822841 0.113378684173841
-0.0187340807185047 0.0251903504195594 -0.0517192845247277 0.170931708451585
-0.0194282910047806 0.00704271241049644 -0.102687020459691 0.2381962874298
-0.0214691334741786 -0.00441965407722491 -0.189207436539287 0.265431537949155
0.00164467074819209 -0.023935990561587 -0.339166821803402 0.270886391207465
0.0175406592626274 -0.0514143428529549 -0.499530392745389 0.0929873608323324
0.0655191036840199 -0.0739664944148799 -0.528823802458989 -0.220488528848861
0.111013601786785 0.0117250305823587 -0.290298103543355 -0.487659743639561
0.122463354305112 0.0904306803135855 -0.134791523896244 -0.610636922303951
-0.121015203613101 -0.107998394812234 -0.224064772583663 0.107070979097506
-0.178017271079033 0.0584805576895743 0.200157509109524 0.250801859430866
-0.0162551185237314 0.174101677448853 0.335817693789553 -0.0554985548988858
0.117983796435657 0.107800130462031 0.137466116169134 -0.130151852977481
0.106199134143155 -0.0333897379344536 0.0187993204227253 -0.0486754616941745
0.0280733032677699 -0.0516952373299228 -0.00342500088065786 0.0247984550462686
-0.000242393538394135 -0.0411928344726284 -0.0250887216496375 0.10423656966252
0.00436936817868219 -0.0506985523118978 -0.0545724392595926 0.165261997784899
0.00332790546934589 -0.0607336608778649 -0.0941739173619516 0.239492258662338
0.0115760147584453 -0.0411817748569641 -0.170329985453725 0.267879933049995
0.0506238593745519 -0.031505030160088 -0.321297572432473 0.283570689382579
0.0623868472985975 -0.000112240959585497 -0.489113750487743 0.125399929476003
0.0497586684007963 0.00830340819053783 -0.532675570140117 -0.186419629593892
0.0136270171853751 0.0448940591010742 -0.342804593028629 -0.457732259806129
-0.0144693744218831 -0.00249156377096377 -0.198501707142342 -0.614458266243714
-0.272770479554872 -0.203030416320115 -0.200555504463972 0.1377766454571
-0.346800232433133 0.0822965207675574 0.15308204428815 0.26145463107069
-0.0964261924324128 0.312659737130276 0.319102354969795 0.0227447167765065
0.183030303402151 0.238339548839805 0.212950577015629 -0.0812103293063246
0.225576061442196 -0.0272918112463877 0.0871759162487052 -0.081649392093073
0.0921537119885779 -0.112733580786385 0.0245015732016708 -0.0296842890232332
0.030123033703333 -0.109781677484848 -0.0194319143310937 0.0576843271203988
0.0244625309364075 -0.118970688286079 -0.0514877553126425 0.134816663424854
0.0195826807528262 -0.123958719185058 -0.0770350802686835 0.226249271429332
0.0374600033719055 -0.0852183525757527 -0.146465258971237 0.262352700904383
0.10025717999354 -0.0548081529707771 -0.310519715561315 0.28750944643328
0.122933987871752 0.044357138889567 -0.478731891530968 0.135380334033976
0.0467133717429553 0.104259139264871 -0.515017055992688 -0.170195575321188
-0.0899432158693808 0.0931259872012517 -0.357118884007485 -0.411632373993264
-0.157058542096588 -0.0882832496804612 -0.227238337950793 -0.571846850340175
-0.367791156495653 -0.263307422697913 -0.162060147863429 0.197127900158596
-0.431416515017184 0.107189516398922 0.0936705380269566 0.296396675271519
-0.12748835132599 0.38921166085136 0.306934181262067 0.143286702362005
0.215372616095539 0.298803815523265 0.317776878314536 -0.010141914357891
0.279610348505883 -0.017896716047006 0.190570707540277 -0.122162670372542
0.128600740961124 -0.137874224162361 0.0707748246086892 -0.10480933022171
0.0557365070888022 -0.150320923274976 -0.00408362056160433 -0.0115552100119096
0.0398669381645093 -0.169921446926206 -0.0412061453117694 0.0847912376168349
0.0285032831250551 -0.179271784983314 -0.0583042358416507 0.195851803136422
0.0589258418010611 -0.137794339008062 -0.130739787712828 0.23853883485112
0.15744495057566 -0.0911008722632018 -0.307546788944491 0.258186683040292
0.20116300259792 0.0879718839178358 -0.453429620718609 0.10480983789864
0.0510118723255529 0.215574599553591 -0.459033004871923 -0.170573586176504
-0.196402026410992 0.143852231410107 -0.330674652915897 -0.349870639436936
-0.284772391971157 -0.158645109299794 -0.211900027463426 -0.493107365852193
-0.405353501871691 -0.289874024220719 -0.11784777510338 0.285354891525007
-0.433641538172875 0.11192839180705 0.0562646240155543 0.377596852855041
-0.128527289620292 0.385440247376794 0.342718872225429 0.267393939437906
0.19661520023579 0.293799765482893 0.433723157844859 0.0340390563119009
0.266515630542968 -0.000687953217122304 0.285736555001155 -0.176317713934756
0.137257341119257 -0.127746334261283 0.115734560454226 -0.183735460118376
0.071499837460358 -0.159468156684666 0.017758721993765 -0.0862079487592858
0.0489711900015151 -0.195109957750499 -0.0252918302238824 0.0216972034180301
0.0366361836832749 -0.218316199802512 -0.0438100824017952 0.140765292103702
0.0846182682124753 -0.18511900519779 -0.123876432614279 0.18230524630641
0.222744068695588 -0.118766117979496 -0.297449160155531 0.184241314222136
0.272974826743585 0.147759993536146 -0.385227459577107 0.0467019238395634
0.0328710643308229 0.324076937246747 -0.360154670662824 -0.155379605511395
-0.296230369611035 0.174027328616868 -0.285343629295346 -0.265895078469857
-0.371841302578714 -0.213959342784235 -0.165240080153245 -0.3905839965363
-0.395731503079072 -0.279548411253782 -0.0632791333988136 0.393864238443067
-0.386228509116549 0.0922292150261278 0.0742119907519205 0.476272632858681
-0.122931105547483 0.321175902395071 0.41238936043667 0.337330904486611
0.134982031660903 0.253898082899182 0.521394965169775 0.0308842545106362
0.209037423034896 0.0258255698288743 0.344134406149206 -0.230675594834313
0.124437007485483 -0.0926276806553294 0.147646611274829 -0.245720918652565
0.0753788623844733 -0.141258980873077 0.0443361165017016 -0.151521586624135
0.0519292750183469 -0.190221354672703 -0.00558168385113468 -0.0465081968232915
0.0443067958834591 -0.228199991205904 -0.0354972378952515 0.065535205526136
0.112903520381357 -0.203986290215724 -0.112587662771929 0.0949592118825748
0.273432839356911 -0.10818539409935 -0.2485408457563 0.0813989176511648
0.290553090754348 0.21766611010843 -0.269185931051379 0.00043936575717661
-0.0270517839460671 0.383860908732614 -0.258181118102867 -0.0932706275904967
-0.362036618255475 0.155778459707965 -0.256810904061105 -0.17586075628131
-0.396140628779865 -0.245381149345328 -0.093637161785609 -0.282637318408417
-0.346381382083435 -0.235336589493993 0.00500353041368311 0.497528466711253
-0.314860339531703 0.062789480270671 0.140639306900816 0.54848949145255
-0.11691136877406 0.235434700058414 0.477565950001708 0.340761137091731
0.0625620979817388 0.202015730888353 0.557903535546211 -0.000289540772906391
0.139878012896394 0.0503850719180395 0.363470459845946 -0.268756459137297
0.100490246156396 -0.050204728206168 0.168140983798103 -0.282122088466969
0.0674014763079786 -0.103505467315896 0.0705509932036903 -0.198687638049649
0.0473116037869218 -0.156862431347079 0.0113182618274359 -0.109592683870144
0.0499147141766229 -0.201134048854445 -0.0271608683111874 -0.0202359502713475
0.130085858791981 -0.175600457014899 -0.0833016363905111 4.58722361981221E-05
0.270120468330847 -0.0552261413364516 -0.15703417886891 -0.00242695985766278
0.221476921879862 0.25626607809118 -0.143761173487723 0.0117555360275229
-0.105502839700586 0.343912279137449 -0.213486505434808 0.00919048169068148
-0.354657063580008 0.0869651003225869 -0.268107192710086 -0.117350156811
-0.344322646819546 -0.239227811882953 -0.00969447790726962 -0.185924481842308
-0.260537008535553 -0.16477660069257 0.0796210053750126 0.572885294033314
-0.231371803709284 0.0347805715110225 0.220407799192004 0.573163525337005
-0.102003836906898 0.151771095167717 0.516654991035339 0.304906189663405
0.0063043839187388 0.146789823432202 0.55697793603053 -0.0400125464399863
0.0770486222890767 0.0608491042382724 0.361378311275474 -0.286962967328839
0.0696115660225178 -0.0117553210811427 0.180210245380552 -0.295958086036883
0.0497329684047595 -0.0547806647707722 0.0901012335454083 -0.22734236307499
0.0350482302509105 -0.0989685008432272 0.0242046099677648 -0.160079647361009
0.0471903085181243 -0.137102851944628 -0.0129658994030377 -0.0956664535100861
0.112765093877768 -0.105149933052072 -0.0402209531779296 -0.0715553266469649
0.192466371444236 0.00646317911099425 -0.059565185216974 -0.0329692656947526
0.0950122703265093 0.212079329943831 -0.0703170024201871 0.0681322187104835
-0.138354261720616 0.202676686994414 -0.24425826190517 0.0905520817692285
-0.248813888844047 0.00807034011544534 -0.289646868539568 -0.114227088018874
-0.217799294199807 -0.185391155545033 0.073429268645443 -0.11009379354655
0.0614964412742604 -0.0139481600163231 -0.166358262906348 0.162331766637327
0.0555490075165168 0.0227312082535854 0.280617433310895 0.119229837240826
0.0809790380548423 -0.0349211251410262 0.250831521337877 -0.187834090951453
0.00620595883271966 -0.0648732334223578 0.0396702305128881 -0.141183027077393
-0.0555402320088338 -0.00790031817350591 0.00731428694397196 -0.0161962723737235
-0.0289715720937742 0.0470997301481231 0.0168625257546429 0.0380692666028698
-0.0111529750246665 0.0511685665814995 0.022812155117766 0.109655187541525
-0.00881028738612795 0.0316585646083185 0.0117289587061487 0.17709802847901
-0.0157369153048063 0.0130135724064278 -0.0175905155591974 0.259260788646031
-0.0197101403252288 0.00250440027318106 -0.0914576230410973 0.312973385421415
-0.00767277258909585 -0.0258305610704873 -0.220380702986531 0.364492237417902
0.000509791609779897 -0.055610969865209 -0.433376080142527 0.250593660961316
0.0349487435329131 -0.0882532426526928 -0.566088973554887 -0.0264924944076774
0.111556633394709 -0.0232440068540641 -0.435142763153091 -0.362725415058862
0.148426003850806 0.0501346940692052 -0.322210698195865 -0.533774666654861
-0.156746039857333 -0.0582658445126021 -0.1675124946563 0.167209886876328
-0.143194222808592 0.120644852998558 0.274934448627226 0.145895892712744
0.0491987872015299 0.165279664132363 0.280739433363344 -0.175702856012752
0.152003806261365 0.0536772038583197 0.0735688776046991 -0.163756684285092
0.0873789576841875 -0.068549537283709 -0.00100350438562674 -0.0432331069924876
0.00905860553126699 -0.0578541505428118 0.00409173506652494 0.0268583645320636
-0.0113586193719349 -0.0389670480214047 0.0128344702769573 0.106411663347267
-0.0127991223787275 -0.0473106811389336 0.00797631425587631 0.174579665416305
-0.0171282518233036 -0.0580756084689983 -0.00854060542202346 0.257576570281647
0.000411881153381786 -0.0424119541782674 -0.0719028332426473 0.309277003688562
0.0362706354484301 -0.0478468169754952 -0.200433164745412 0.372153055845498
0.0598313267920531 -0.0206653550121705 -0.412514798823214 0.277021536174512
0.0466525772614901 -0.00486382782365306 -0.556622711887442 0.00502432594228267
0.0306905447780303 0.0406862286365386 -0.4716199615025 -0.315606642986169
-0.0136958810375648 0.00597144091295286 -0.382733907311807 -0.510008411531178
-0.337287028704631 -0.0955677788786734 -0.128091859021823 0.186735642769025
-0.296155576511098 0.20464511213336 0.237886274475549 0.164821176257168
0.0231675428362177 0.325430159417224 0.285557364280969 -0.103296693253501
0.261532393224379 0.152329071099816 0.154621814526481 -0.141607249914888
0.202395274847976 -0.104726804258438 0.0494758249470689 -0.0929923700035837
0.048947570585646 -0.136577128553478 0.0120264869933688 -0.0308624736562407
-0.00462200766846496 -0.114568845001127 0.0010296896705044 0.0626957368294985
-0.0150537886938066 -0.118438408747832 0.00158183793341776 0.145718781139483
-0.0227806938452228 -0.122767684530275 0.00448657231864646 0.238813714415086
0.0108852883774076 -0.0919260566315855 -0.0510863456231663 0.296774176844905
0.0755649356713205 -0.0848794306415726 -0.189310706277921 0.372001321395115
0.130940908971606 0.00262436258723504 -0.400703782369188 0.28237433551161
0.0752367723885086 0.0862452076960037 -0.535578969805997 0.0128747520642957
-0.0510954086240752 0.11903650087603 -0.468753244980994 -0.265414221184738
-0.178358848037789 -0.0294134613763107 -0.393516996967669 -0.454582484010212
-0.449777823376039 -0.12061231315625 -0.068135926139175 0.228671735886014
-0.368294287177863 0.257788396483691 0.193967824574942 0.214948949088959
0.0208651470867888 0.408985753886698 0.312535441530285 0.0135849719677755
0.314418991454842 0.198613805044778 0.275523566960611 -0.110867667158078
0.257942742479731 -0.113662587440115 0.13146149724362 -0.16534767459854
0.0763083611708832 -0.173173459059877 0.0305453904291905 -0.115713877342992
0.0068249472335495 -0.162958758491064 -0.00976256533901721 -0.00637223903328037
-0.0176893367257297 -0.170535016609594 -0.00529917135617699 0.0961873946180713
-0.031989537350052 -0.176990853818348 0.0127173011669095 0.202952557085447
0.0134872473399758 -0.147000619293574 -0.0433991973057831 0.269935977363773
0.116700044891299 -0.138167642123694 -0.197579046163076 0.347619330619524
0.219778702655302 0.018407984017857 -0.388974637518255 0.244953749715406
0.115509732366503 0.188707953232942 -0.483067217821068 -0.0102401155962343
-0.134495336379163 0.203270923396105 -0.418390047253878 -0.213325784740878
-0.324519801815579 -0.0558237989938935 -0.355053401297582 -0.379767998292515
-0.493688117525492 -0.132798824314625 0.00526428511886078 0.298898770827313
-0.370471766638997 0.263676046540717 0.186388588748836 0.306787548105432
0.0178681782167593 0.404925093356998 0.389017029292072 0.119141945682739
0.295672149761887 0.202730572753449 0.400928068831275 -0.109408185140985
0.252624091338247 -0.0922844610616579 0.203198502482812 -0.248242552999773
0.0884374369447117 -0.16698826052384 0.0447678437204643 -0.204297200890562
0.0187755657849278 -0.178548881895819 -0.0153568795387542 -0.0842635019729639
-0.016610228945267 -0.197869378732514 -0.0114220781927018 0.0317746589330294
-0.0369806566801547 -0.215987031229126 0.00908063160607042 0.147411874709068
0.0208022576586316 -0.200084939110225 -0.0546794501207323 0.215914967606757
0.167534710524789 -0.185891328148526 -0.213361057676519 0.277896658955891
0.308054065662735 0.0494917393650467 -0.349085773175265 0.167306527910296
0.134973288477283 0.296610436744019 -0.385636354084604 -0.0310049311118851
-0.218090588545339 0.264452872410911 -0.344967124112708 -0.147296580071944
-0.426698551727956 -0.0803958602505061 -0.277304762894732 -0.294459461223809
-0.479741534943139 -0.126036119093113 0.0930380794090793 0.38551390263274
-0.331401818799545 0.227049238221651 0.238444463122117 0.399960928227427
0.000306921248102953 0.343339925680285 0.484744104886511 0.163027056334962
0.221979330072265 0.188484139102457 0.485969266731086 -0.144132346089423
0.2098234174791 -0.0475018378732794 0.238906988611753 -0.322338046063857
0.0887780470775139 -0.130595773882565 0.0530046997444397 -0.273708496827764
0.0287337811431916 -0.163329927192148 -0.0134639889572018 -0.1553588176577
-0.0124774206990832 -0.195137864143296 -0.0167012284498159 -0.038744677288018
-0.0339039173208603 -0.228119214442119 -0.00815624949864164 0.0734368391901845
0.0412596224191832 -0.227725098562829 -0.074032829706321 0.131220479303506
0.219027449801001 -0.194163947641563 -0.204721782311137 0.167095682503184
0.348261166041229 0.109144870695352 -0.256129208438119 0.0848921373966721
0.100222416937038 0.372402801992551 -0.266154243982937 -0.00769206489472484
-0.286737012139004 0.270019186976334 -0.287528043393268 -0.0694265545286864
-0.46126731006229 -0.101532920677397 -0.175253177613971 -0.214783114686588
-0.415603211548772 -0.101901774579034 0.191254223492849 0.463713256100427
-0.273241778899925 0.173041381887636 0.324930989500495 0.451978734362968
-0.0252166390718629 0.259918055985074 0.551908821256591 0.147946593419355
0.136277758080433 0.167114540793197 0.512478041882061 -0.191163549991803
0.15326109116051 -0.00203921682254495 0.244608259888592 -0.366771265192359
0.0805754990923497 -0.0834555697863919 0.060009742297657 -0.315744750754245
0.0328911708017776 -0.124321705231208 -0.00435376696292287 -0.209888408993701
-0.00661831199012577 -0.161909118704051 -0.0236237445074957 -0.105139793315483
-0.0197803136259884 -0.205173674772983 -0.029495128270786 -0.00849547634086665
0.064583015743541 -0.20770066660606 -0.0794855997193003 0.032125777263582
0.234179446716166 -0.144579685691006 -0.14997069561578 0.0569999953435467
0.297384851644974 0.169337285104187 -0.132288662632303 0.0514905989333844
0.0158181774769382 0.361403131078412 -0.186247303954734 0.0755996088244241
-0.303095084981032 0.202731220587459 -0.278965582094966 -0.00755935513793804
-0.410147734333898 -0.112933031583129 -0.0663609969712587 -0.150835576099373
-0.306628729406788 -0.0636584786615456 0.282962493306999 0.512316914420902
-0.202822541833455 0.116136423094559 0.408567538274995 0.4547415301
-0.0406988906307038 0.176046439046141 0.581745818145054 0.10258824731627
0.0632900886647841 0.134613198280294 0.501441276479308 -0.22846104581752
0.0975769734518536 0.0287118237275124 0.236775081392801 -0.386293812582405
0.0641874073379236 -0.0380653029381199 0.0666710537675118 -0.334666501295207
0.0321993034254209 -0.0718494105487652 0.0044313349528781 -0.245614629245015
0.000668383834216356 -0.104651733470707 -0.0308300056973186 -0.157086704882998
-0.00159042774729465 -0.143638498892215 -0.04346490452071 -0.0842095607381997
0.072059765619654 -0.136915655028041 -0.0631676695257059 -0.0507949089107417
0.183145041456274 -0.0599930178347349 -0.0699260533324035 -0.00804204690124054
0.163009136765096 0.170461451712891 -0.0422493649500124 0.0797175864959106
-0.062761978356909 0.239985236305626 -0.187200530630226 0.168075142411826
-0.229713706743479 0.0931029611551547 -0.301621484645202 0.00228976782113748
-0.272198600763343 -0.1030975899837 0.0339869956029594 -0.110310922279755
0.061799416993983 -0.0160296999524579 -0.163516334177244 0.159115772400561
0.0596466929435401 0.0213120596265579 0.283043762451788 0.0985317982873934
0.0815473685938086 -0.0404369264878272 0.240240989177851 -0.200714905682711
0.00454736888152169 -0.069320424856292 0.0317978136415228 -0.140257994587302
-0.0574142697353018 -0.00637804093134609 0.00689284032871534 -0.0125248404015481
-0.028365633155562 0.0474614997566444 0.0162716017745313 0.0390199858747796
-0.00861499892258312 0.0516188500765609 0.0256166051616708 0.109496774077398
-0.0077092208228597 0.0334950847061139 0.0168392232859444 0.17800280176427
-0.0163656890869213 0.0127907132485527 -0.0121082039888554 0.264090553806864
-0.0196041628765157 0.002259891759089 -0.0851055393309978 0.319556629662733
-0.00892868458827017 -0.0271915361081525 -0.209534797893371 0.369365535486204
-0.000368417927590736 -0.0557143338754413 -0.424042480008556 0.264553477659104
0.0326699046038835 -0.0888312266790145 -0.565217862603082 -0.0082801021059727
0.112796871433051 -0.0257898509105631 -0.448342093321605 -0.351939716802395
0.151288461986123 0.0482668010629582 -0.344346732335731 -0.530979477200239
-0.160571516617608 -0.055788856698233 -0.164682984680643 0.163889017363497
-0.139982486238961 0.126245557007188 0.277471258876161 0.125264688221677
0.0539139650671425 0.163153403559634 0.271575475496417 -0.189946049141419
0.155727730297673 0.0483890283029184 0.0648315740893738 -0.165376179978753
0.0853939028399621 -0.0723740636702749 -0.00346502285162738 -0.039143639373039
0.00790317253890107 -0.0591796462968108 0.00267535432357619 0.028771652493312
-0.00971566311646634 -0.0392278336786649 0.0150025600712317 0.105459380468993
-0.0132137850553863 -0.0472596340490701 0.01291686318248 0.175494887934996
-0.0188244061483931 -0.0583746811394341 -0.00337576114951519 0.2611622211742
0.00132569347362001 -0.043105104329397 -0.0652980164285637 0.31406105832318
0.0360084696490877 -0.0498227100579668 -0.189256197239221 0.376192854876447
0.0601368810572976 -0.0212164345927263 -0.403617683519443 0.289375428046804
0.0452561860245756 -0.00376670065224376 -0.557506045512001 0.0227271098889435
0.0314758444937495 0.0389399780177705 -0.484600794460161 -0.301915058214133
-0.0139162793554956 0.00747251225072485 -0.403080891702682 -0.505937383933493
-0.344502487671311 -0.0895001187749604 -0.124142839497157 0.183466392075206
-0.294423660777106 0.213890315236842 0.240704640766806 0.145497996949241
0.0308472268331783 0.325369409903764 0.278054593137344 -0.116087834314185
0.268651250598466 0.14557146211316 0.148097937074069 -0.146767087049324
0.201629973292423 -0.111378044347615 0.0453663310126012 -0.0914132141122223
0.0467211940746653 -0.139909447894129 0.00909441868055941 -0.0288209861325221
-0.00341208233067116 -0.116850506362953 0.00126721771129866 0.0612350530770924
-0.01728484667977 -0.119970433923332 0.00549935996939064 0.147796005145745
-0.0251718046260915 -0.123968282611376 0.00969393374658577 0.241568614656532
0.0114913759165729 -0.0924376892707336 -0.0445567941871135 0.300244528651361
0.0750281065127356 -0.0866647134162735 -0.178130772362887 0.377262432430712
0.132694027257113 0.00162069791828116 -0.391945178453878 0.295352418681214
0.0758670868176513 0.0880657580116387 -0.535922171945391 0.0295704731347167
-0.0496693781247213 0.12027945262354 -0.476874742742868 -0.25036507433546
-0.182614575039812 -0.0235647485742816 -0.412119324689071 -0.447508945857763
-0.46006125756346 -0.111955742796876 -0.0607303638213872 0.225879641408143
-0.365691690869537 0.268761642773053 0.197324847301384 0.19928471155219
0.0301937107036764 0.408731515348061 0.308282519123339 0.00162494072474614
0.323029776014634 0.192386458836562 0.271936542057864 -0.118884762195282
0.258411249019312 -0.12134639980179 0.125654490584857 -0.166130099116871
0.0739083127955732 -0.176786235922961 0.0252911223275332 -0.115174967156168
0.00730264823194191 -0.165497763100441 -0.0113037754847924 -0.00822020690046876
-0.0202794663361754 -0.173348825662072 -0.00251081510227515 0.0979529023840381
-0.0353691647115077 -0.177885177100618 0.0181946755144832 0.203751999451643
0.0133370841690605 -0.147940011051983 -0.0370817589252451 0.272102935172498
0.114925455271259 -0.140278182229694 -0.185589276657026 0.353644915775586
0.222984911187451 0.0161692377674336 -0.381533859290269 0.257230620161651
0.119480151855489 0.190568876942135 -0.485161676174883 0.00635374739635847
-0.131524720160576 0.206268419912527 -0.425994198502061 -0.198610721219387
-0.331384269469022 -0.0474701772909447 -0.371670277842386 -0.371555288263172
-0.504974095419114 -0.124798434508873 0.0143041273902993 0.296821086254217
-0.368900901674906 0.271678248504014 0.192941592822601 0.295465602361522
0.0262086267986252 0.405727242297887 0.391318477778122 0.10704266033119
0.303279998368289 0.197974070943411 0.399809260710529 -0.122221044019063
0.254404098521982 -0.0977817588401044 0.195292090020637 -0.253795592942546
0.08706574060516 -0.169800580849755 0.0381031576499128 -0.204724109124824
0.019327423963679 -0.181483999829827 -0.0191537511782971 -0.0869428582544325
-0.019679406017621 -0.200748280195801 -0.00983490820189737 0.0325619948362567
-0.041683636190961 -0.217635178653355 0.013281222794577 0.148001633319314
0.019120783097703 -0.201322111866849 -0.0493620284838831 0.218511097482616
0.164819910861012 -0.19068398795108 -0.205305185080305 0.285390106786341
0.313246231821819 0.0448041634904741 -0.343085978340677 0.176841256108166
0.142881385726998 0.298220924047885 -0.386541049770854 -0.0183385743624572
-0.215886411044019 0.271376942124748 -0.348143630143436 -0.133362733723163
-0.435846150274868 -0.0684396643116929 -0.288970504137246 -0.285202325380164
-0.490059309982603 -0.119448467351339 0.105005821206359 0.384269302951978
-0.332280481141307 0.233485838368162 0.249912919592957 0.390277464236363
0.00489120125777778 0.343721217495014 0.489173959895151 0.148947569000601
0.228823956897726 0.187000034344785 0.484618330387972 -0.159493072824816
0.212521251467997 -0.0508688076243504 0.228765600392204 -0.327590825031633
0.088358173931008 -0.133041613764176 0.045335318553008 -0.274109828166767
0.0298058667740257 -0.165562369788249 -0.0173542502660433 -0.158677559316488
-0.0159602236700187 -0.197541077168992 -0.0166080002849879 -0.0394639356998006
-0.0384740173694871 -0.229524711240039 -0.00569289194167254 0.0743120745013424
0.0379332984241445 -0.230156313079838 -0.0714525865345801 0.1340927440312
0.215784553785745 -0.201053708507852 -0.200407383967411 0.174470646412253
0.357739065567118 0.104052885528663 -0.253029041278977 0.0894608323854069
0.110649673393282 0.376965574806254 -0.264381719107825 0.00140434852335248
-0.284366277592966 0.278779759417222 -0.285605829636416 -0.0541180939146522
-0.47171578925922 -0.088155546774495 -0.182792425397925 -0.206499665463396
-0.424447041304536 -0.095564779239552 0.206092532765115 0.462408317885212
-0.275289175606957 0.17822710537564 0.340344542603269 0.443546836280644
-0.0230096596178464 0.261719175193851 0.55827723621124 0.131615468751655
0.141302392102984 0.167778391416536 0.508443736214948 -0.206086345730385
0.157408063743633 -0.00248430888946821 0.233687757962176 -0.372667317009505
0.0805342493108379 -0.0862479408770376 0.0525332955726996 -0.316964816077293
0.0345454699158014 -0.127565656519627 -0.0100115037535009 -0.213702432508362
-0.00950585262075021 -0.164037507792296 -0.0242633209857609 -0.105844592198233
-0.0241667422271838 -0.206860901826532 -0.0299225722107227 -0.00812230339150702
0.0613896964361701 -0.211074706157411 -0.0796163821246586 0.0344565442254217
0.23366706725453 -0.152219590436601 -0.149830079721854 0.060749727066287
0.307869185063105 0.166090345355415 -0.129456113343409 0.0522860837989376
0.0249120881847782 0.368198566446233 -0.179247708865663 0.0840164777101035
-0.302575267718692 0.212596801206853 -0.274174640402971 0.00989846620070008
-0.420717295500532 -0.101203843071003 -0.0704732775038097 -0.144755030921253
-0.312562284247907 -0.0588016092041211 0.300930781879552 0.509939150103421
-0.205082618467105 0.120242728196846 0.427054346196008 0.444055943552671
-0.0399729625299324 0.177522380135803 0.585203347400153 0.0854561628997656
0.0674387367186117 0.135704803180952 0.494014846102136 -0.24423642832025
0.10085848825263 0.0283633382137808 0.224707053000372 -0.392069086659878
0.0650284183520747 -0.0398692731263006 0.0601006481035115 -0.336661760320465
0.033277367847518 -0.074070790912106 -0.00112478723156823 -0.250120195634158
-0.000694001951550893 -0.105389437290822 -0.0330670695965557 -0.158698174332916
-0.00461976953685565 -0.145077297523162 -0.047161383190111 -0.0838250204492747
0.0699616708293671 -0.140293016081914 -0.0670134528104324 -0.049911351607001
0.184637313984141 -0.0661050422109288 -0.0706975360617049 -0.00801144368387883
0.172563969867 0.170663700552634 -0.0357656837854401 0.0781163251797133
-0.0570428670675384 0.247022026640399 -0.175491692282842 0.178824718206468
-0.230720772495361 0.0992234431324636 -0.297759216135322 0.0217675525447985
-0.281239342642333 -0.0950667388726699 0.0326511729323528 -0.105877592942015
0.0626681819273997 -0.0184672492181081 -0.164002252801613 0.157839755118588
0.0656525379455744 0.0194029218477461 0.287179917672662 0.0774592637691719
0.0828892831859461 -0.0471734267753712 0.231566663312593 -0.217344111798712
0.0019483988326767 -0.0751703214311581 0.0231236742347493 -0.141376476178833
-0.0597357874568442 -0.00475037453555553 0.00688523199583166 -0.00891856972170269
-0.0279892334631251 0.0491726684241453 0.0164863251233719 0.0417940663498364
-0.00577382901610195 0.0522150134667121 0.0276938320678746 0.110009668702218
-0.00628762566429276 0.0355984575350036 0.0219582764568859 0.182253929775243
-0.0175882547310086 0.0143243117498399 -0.00624726749989682 0.273740487103357
-0.0200571171742775 0.00137817595289113 -0.0784642940547806 0.331168283884806
-0.00978312549154546 -0.0295757247636518 -0.203546576344755 0.382229487831434
-0.00140305929805009 -0.0579381279024374 -0.421799548504933 0.283278766935646
0.0295632245259713 -0.0905712989123796 -0.572925576190826 0.0115442683841316
0.116313745277353 -0.0293014306243701 -0.472085536630615 -0.345287113056225
0.158743046634921 0.0464413113293967 -0.373079112933154 -0.535703118923115
-0.16803855716427 -0.0524520914994203 -0.164090200241903 0.163999599687882
-0.13841460995232 0.133756821019479 0.28290843714276 0.104981897650055
0.0604247667565547 0.163126886915763 0.263015091059499 -0.207904914916593
0.161278855035945 0.041297845212488 0.0566511338045942 -0.169535834089033
0.0851567739360405 -0.0775279457000329 -0.0054902254743066 -0.0359635314926941
0.00673530556624676 -0.0614705712880658 0.00171486008515049 0.0322409513196694
-0.00833752122588742 -0.0417612980802713 0.0161447566462093 0.106170950277152
-0.0139267230769751 -0.0479764052530062 0.0181177226045321 0.179700366688186
-0.0214031100382993 -0.0596840835906725 0.00316504949461062 0.270878978358327
0.00222859930391291 -0.0450043438024011 -0.0589132748419642 0.323915158626854
0.0359449826383722 -0.052078943546579 -0.180415998407997 0.388511321756749
0.06225974608632 -0.0217244231616539 -0.400436044401415 0.308242387320472
0.0447864779432702 -0.002572050729996 -0.565796087099649 0.0442701587508528
0.0340860537767678 0.0389127182565472 -0.507274034491524 -0.293590066248832
-0.0139639698588632 0.00888768290338282 -0.432686695970596 -0.508485077366739
-0.3587606254549 -0.0814470317110416 -0.121274163997518 0.182724642523394
-0.295019306436934 0.228521528628601 0.245343106075586 0.127671679103756
0.0405328619218818 0.330876420813592 0.272833817230524 -0.131033034003911
0.280563815077159 0.140271062914712 0.144114503027944 -0.153149810413643
0.204389767793104 -0.121055736734281 0.0424052905867121 -0.0912202946302464
0.043577226795634 -0.145312322859506 0.00705362442893079 -0.0274060573147143
-0.00326486178752779 -0.12161659154189 0.000630183889253635 0.060915529484349
-0.020311602500432 -0.123075163918587 0.00976609262537491 0.151324271706638
-0.0287242256348231 -0.127692040476028 0.0165599221353071 0.249571811828347
0.0123172340423134 -0.0951980956909597 -0.0370204197755157 0.30856353198157
0.075670999513948 -0.0898091171339075 -0.169231462165701 0.38971181187756
0.137845554177964 0.000205794144541978 -0.387366154448169 0.3136079764712
0.0784858427518936 0.0912229087404174 -0.54535336564091 0.0496148810764892
-0.04803233179683 0.12375897778804 -0.496578029583849 -0.239005019978509
-0.189598397247376 -0.0183343435704712 -0.440240602809034 -0.446837324959116
-0.477599783892349 -0.103653568887956 -0.0556325255799308 0.225971113377687
-0.368961618006568 0.285960057788756 0.202577171749524 0.185964218191352
0.0405033194984825 0.417915785325068 0.309119722034581 -0.0102605652866408
0.337729124397364 0.188267905939287 0.272285878256498 -0.129818209783485
0.262360150554783 -0.131870169754658 0.122739849134164 -0.17109302462282
0.0716506369472767 -0.183659258151541 0.0209263142720532 -0.117174145289449
0.00728452101159087 -0.172592385137994 -0.0146650333820961 -0.00989361600362185
-0.0241118178202113 -0.178377859701582 -0.00013686882421357 0.100690910700938
-0.0404723232885613 -0.182969315978643 0.0243755143721382 0.210227527014646
0.0131477136251933 -0.151972499673454 -0.0300594407700673 0.279617154842793
0.114586802586817 -0.145485422108971 -0.177330271577198 0.366947272780728
0.230755492964723 0.0125493651441561 -0.378743075816738 0.275372956888688
0.125695312893919 0.195405919956154 -0.493492829359798 0.0247721042847334
-0.130815704635113 0.21445294102086 -0.439673575855421 -0.186831006773959
-0.343850284263906 -0.0381660092163479 -0.394882607782879 -0.367944137505966
-0.524927675994913 -0.117651271221224 0.0242994592419359 0.298922562395827
-0.374911521728601 0.287485877614525 0.202017194164482 0.288193705985199
0.0342013383845316 0.413585138828577 0.398669635055394 0.0961461319365583
0.317407616760349 0.196832229129542 0.405136361020305 -0.137933868656344
0.260877997937121 -0.107367558035412 0.189846088845046 -0.262942740546984
0.0858645831278549 -0.176141938141474 0.0330758745889154 -0.209226629869693
0.020228458884551 -0.188983217780597 -0.0238390686872994 -0.090602913157157
-0.0247015646179878 -0.207450727974493 -0.0083527896371778 0.0329481660033375
-0.0474597886417624 -0.22313957487304 0.0185510960490483 0.151602708031706
0.0169231093082811 -0.206465989154966 -0.0446635457079162 0.225034253426825
0.164245841783789 -0.199408392296547 -0.198770481176752 0.298248126965271
0.325568761351809 0.0394526272193153 -0.343272610798557 0.192150968024434
0.154150679292707 0.306428951521381 -0.393197011098613 -0.00503591731545297
-0.215576845713069 0.28333911035504 -0.355953374395647 -0.120112834219053
-0.452741679684454 -0.0562135655210585 -0.306406559402247 -0.280977931889354
-0.51027008171142 -0.112450374467329 0.120688661314952 0.388590674725175
-0.338824472545091 0.246010073845665 0.265638817223467 0.386617494412318
0.00984935124710937 0.351385035446215 0.501842549130089 0.137518276003938
0.239608751501883 0.188397972034453 0.490435189537203 -0.178625244953458
0.219598721372595 -0.056411099565276 0.221606494704919 -0.340203335558202
0.0892725481090474 -0.139033379805786 0.0384905403832989 -0.281179722227214
0.0305036698898261 -0.173174351266186 -0.0240248077167016 -0.164283016437069
-0.0203464896938591 -0.203969883819238 -0.0164018257314693 -0.0408941596722406
-0.0454859474279732 -0.235281346394442 -0.00328091216224628 0.0766966500995275
0.0341056511895726 -0.236649731688403 -0.0692810795555609 0.139564494545574
0.215962891827338 -0.212972767129813 -0.199786775136464 0.185332574519068
0.373462021768905 0.097579545346479 -0.25406906484119 0.0984663891112815
0.125147192584263 0.387251640081885 -0.265122406656439 0.0109969284773292
-0.285957360003839 0.293617888196614 -0.287526833776156 -0.039979678715873
-0.491538334744283 -0.0761272199795039 -0.194564257329391 -0.200943831337742
-0.441759631349554 -0.0896967842420919 0.227350532133618 0.468700971963767
-0.281906326285227 0.188602768856048 0.363820619802054 0.440674663636126
-0.0201934625450295 0.268135106875602 0.572461453538579 0.117326367568621
0.148782654891577 0.170988466440766 0.51160985926874 -0.225796968424437
0.164394454334899 -0.00525548020343319 0.225451743008827 -0.38463586829014
0.082079352384949 -0.0900509034088559 0.0460699848463037 -0.324210895262283
0.0357671499771126 -0.13376283137659 -0.0160935726981547 -0.221837269692778
-0.0121336518535905 -0.16934679213065 -0.0261945924997402 -0.109842640246288
-0.0307524364971826 -0.211809415094568 -0.0302580009997423 -0.0068836127110138
0.0585995240893106 -0.218969040568219 -0.0816344490245559 0.037803351111843
0.236155836097899 -0.164173271409911 -0.151429009950588 0.0662842637059722
0.325838095216604 0.163588314495241 -0.128168335685501 0.0550240713215727
0.0368429262974084 0.381946699811429 -0.173336640770326 0.0942300007910417
-0.306112604322138 0.227106358747504 -0.272849409770015 0.0276887209127105
-0.438749280412016 -0.090414224194619 -0.0754615938353197 -0.139854320825388
-0.325504009330019 -0.053992853285054 0.327969778611818 0.516314467875079
-0.209373350110745 0.127289736983443 0.452762850335951 0.438994536141957
-0.0385654088756453 0.182466517196577 0.598571641651723 0.0684756586581331
0.0721263834027601 0.13892906716409 0.494833593709041 -0.264730009817107
0.106509376423347 0.0275196440466437 0.216164099366142 -0.403974555024643
0.0657252480344513 -0.0427723022073895 0.0541927455709099 -0.345408140570733
0.0346443376357935 -0.0788530556479172 -0.00777074620374709 -0.258812545173286
-0.00249197621938438 -0.108454687875662 -0.0365047973019265 -0.162459359202728
-0.00933686108769293 -0.149513169985357 -0.0510996491232848 -0.0825463776950271
0.0689530746948279 -0.146389091740197 -0.0714180145818378 -0.0488587345724239
0.188450808228106 -0.0746833328128995 -0.0737592564631552 -0.00746494300222274
0.18618866654586 0.172702633926546 -0.030273465397422 0.0781852181824779
-0.0516266927271609 0.259619350766714 -0.163804146332384 0.192099985795695
-0.236205420942186 0.109148496640127 -0.295846414401579 0.0419443419123409
-0.293915767365461 -0.0880787721993932 0.0317604725323127 -0.103170586092002
0.0631349670118705 -0.0218931763414838 -0.163379400672449 0.161664256941556
0.0719823176327064 0.0164939666473039 0.291458776122813 0.0512810208789815
0.0832465702131108 -0.0562173231804539 0.217525742232595 -0.239766166632018
-0.0028247742221384 -0.082193881452271 0.0124765875585286 -0.14243132266592
-0.0626216805181652 -0.00233467990754174 0.00792554311285062 -0.00546730776353845
-0.0274672038114551 0.0519686077021659 0.0183728595995899 0.0449134620953956
-0.00258889672455218 0.0531302671626552 0.0314249611923448 0.111500792694622
-0.00373020319669032 0.0376797675790809 0.0304747408646049 0.185686044474623
-0.0180644400851186 0.0153495726073996 0.00650498125213986 0.285320243255614
-0.019692798283833 0.00194315048657111 -0.0644848849507824 0.347033469844655
-0.0123584557307242 -0.0319954525575131 -0.189465875460379 0.401247803724622
-0.0037926482413994 -0.0601275824518106 -0.417104417684275 0.311548819469892
0.025310800884579 -0.0934264885294743 -0.583808029353249 0.0438376881413266
0.12088081484689 -0.0362498228793306 -0.502728305761337 -0.330790261069004
0.167726127659489 0.0396579690431675 -0.419459126858747 -0.536638307374992
-0.177868589951489 -0.0457415420003663 -0.163056758096698 0.167032660655635
-0.134891678623843 0.145263387479816 0.288499557860399 0.0790752902775591
0.0695421389991806 0.163134533755845 0.250144568365105 -0.230301187961672
0.168377613884222 0.0312393808011761 0.045152307378707 -0.173732167997778
0.0840851847443317 -0.0856826105857905 -0.00793324903469535 -0.0319776408304887
0.00296543437611004 -0.0645848351777185 0.00268126641967185 0.0358505849993116
-0.0085777896963748 -0.0447256867550792 0.0192252787853774 0.107947341981713
-0.0153599422343912 -0.0493042568939266 0.0260279876740229 0.18448535358784
-0.0250046873467378 -0.0609150136610635 0.0157412362594579 0.281462499299588
0.0013094734746565 -0.0471128194338121 -0.0452876185409087 0.338171117239845
0.0356988396463283 -0.0561776537048679 -0.16509923696554 0.405733534912613
0.0641630220544815 -0.0248995737222593 -0.39161053063889 0.336624326461678
0.0447383393575191 -0.0029901910865903 -0.573811359738325 0.0762966502325137
0.038186590851548 0.0373897319783452 -0.536966851197966 -0.273511089389702
-0.0128419816697939 0.00951910468796656 -0.479602125960479 -0.503885802966332
-0.377439863439801 -0.0674892201558977 -0.117119599607175 0.184401570985433
-0.294893280115949 0.250936722617545 0.251453510441237 0.106027470443291
0.0571809399904163 0.338535394439832 0.264776234453103 -0.152185416221104
0.29725948615641 0.130191738971105 0.137791725678394 -0.163867235934784
0.205347692641466 -0.136366555887482 0.0392174317180141 -0.0910541432889164
0.0380023047378203 -0.152220927885073 0.00526891940606011 -0.0259575153099632
-0.00622860086234071 -0.128944674534803 3.44479450142227E-05 0.0620645589863444
-0.0255353622835051 -0.127591343249127 0.0175890160788378 0.155196736258378
-0.0360665405798683 -0.13054272169801 0.0289171557382356 0.258817560612081
0.0109255508040396 -0.100197153367004 -0.02383251124086 0.320210853364397
0.0758089175157079 -0.0960229278018164 -0.152856076790599 0.406812202366832
0.143390663454694 -0.00417098138457582 -0.376890953442038 0.343981078960133
0.0837583244104875 0.0930404277362195 -0.554874500694344 0.0812003818691198
-0.0441638925544764 0.128358717673465 -0.522008026694424 -0.219224413318265
-0.197212213169621 -0.00962922092617783 -0.482453937688476 -0.439123479540605
-0.502548340745604 -0.0858592143552923 -0.0464486824951217 0.227471051494852
-0.369962589771658 0.3133398906209 0.210816490087574 0.170576930256172
0.0596043448234623 0.427548045350533 0.310180218622747 -0.0266291811463729
0.358182134710822 0.179564668075165 0.273198384938893 -0.146980241013666
0.266746531789161 -0.150275673567039 0.117102071650824 -0.178864354641738
0.0659606749535649 -0.193050036773249 0.0159772628542143 -0.120259919754001
0.00350343620133508 -0.182058159673876 -0.0190739969942323 -0.0108287379662701
-0.032885681054626 -0.185117237872777 0.00620097879335571 0.103573247078273
-0.0503507594092758 -0.187175464808598 0.0367735682537701 0.21725074556652
0.00946420986894356 -0.157536561917932 -0.0170775159225146 0.289509690466454
0.112962033501873 -0.154988300652254 -0.162620705455168 0.385959706032492
0.240939638338176 0.00373122330279817 -0.372802279934347 0.303542458296501
0.137924660506952 0.199087088949258 -0.503414659784684 0.0519394714817545
-0.126159357901729 0.226283373867965 -0.46048371794416 -0.167057827868263
-0.358916705295728 -0.0220700134091797 -0.428477451794767 -0.357378746805244
-0.551892754673197 -0.0978626816328199 0.0408610446064555 0.30166413778367
-0.376748050489812 0.313479092776368 0.217394844300702 0.278639778370977
0.0513774591008464 0.424497959817782 0.409723489913606 0.0798852900784595
0.336552041336827 0.18978521782087 0.409660588177309 -0.162227114453108
0.266030882572391 -0.123492399675811 0.182314108306585 -0.276495170357244
0.0815306631937137 -0.185441283307689 0.0235157185608604 -0.215834392819904
0.0159298514456455 -0.199810824532678 -0.0324375596134337 -0.0939888202403758
-0.0340486496023789 -0.215443879107813 -0.00514487508371928 0.0341385749468896
-0.059000418568861 -0.228171702680418 0.02810934196074 0.156081588461018
0.0104557921596469 -0.213455929386008 -0.0339863013856258 0.234222888797926
0.160512913932947 -0.213248633554996 -0.188438339531713 0.31843143519876
0.341199498882433 0.0262366129591353 -0.341081183850954 0.215313611764885
0.173315461918723 0.31200299983067 -0.400708775832495 0.0162594956605007
-0.210293876053539 0.302677111161823 -0.367400385300048 -0.102488369014729
-0.473672936428925 -0.0358779726845079 -0.331912955316925 -0.270483601945005
-0.538057238261417 -0.0952822583804035 0.145362979951763 0.39221843210442
-0.343073578938269 0.268693030825004 0.291571492119594 0.380082548861413
0.0225772925060412 0.361838522048241 0.521339997864359 0.115962722250468
0.256375106817179 0.186700202738673 0.495595444764814 -0.208730762333462
0.226617645496099 -0.0678536022335446 0.21136897679355 -0.35748071454946
0.0867766534992822 -0.14706122578919 0.0272773957934564 -0.289536137096811
0.0276977118180884 -0.184052256397817 -0.0350149975692312 -0.170130512294724
-0.0294046659160224 -0.212090956685562 -0.0169812478202311 -0.0435667329486776
-0.0582640934409999 -0.241420478423068 0.00224187263535506 0.0797405272386178
0.0258590379965436 -0.245839372426923 -0.0642291058066814 0.147238481510619
0.212893349450324 -0.230203918415386 -0.19640671503874 0.201726316097661
0.394357379702236 0.0840151521457974 -0.254309299239736 0.112550167098917
0.148890125564141 0.397813884984222 -0.266869413512123 0.0251941987637377
-0.282411078654785 0.317235182819553 -0.290196274162684 -0.0203992775460633
-0.51485842241189 -0.0534342686584017 -0.21091147388938 -0.192145065750681
-0.46466134658095 -0.0744826924185464 0.261080804236549 0.471355997476142
-0.287171946440939 0.206443894771222 0.397618210659314 0.431684122184568
-0.0129119761682943 0.277690918004956 0.592553596623496 0.0913310545968992
0.161702714328778 0.173113849881513 0.515015259144446 -0.258026056343285
0.172275268292513 -0.0125269374410641 0.211020731836353 -0.403494090281127
0.0820067978704238 -0.0966106666102989 0.0334349717543233 -0.334904560811284
0.0343139621431912 -0.142296662447797 -0.0279802193321969 -0.230353822043067
-0.0196507195315102 -0.175379916774678 -0.0302388142179328 -0.113523747921557
-0.0427877279281453 -0.217953948353092 -0.0303388568804568 -0.00439111008101644
0.0515367787482911 -0.229584005542431 -0.0832008005370756 0.0430202486598799
0.236678598705758 -0.182502897164878 -0.153968867830376 0.0763937237452434
0.349263548965287 0.153411006863217 -0.126402213262855 0.0602935851287061
0.0577710820530941 0.395933183890199 -0.164616757989197 0.107492321749889
-0.306490873899562 0.249803627114981 -0.270501559371014 0.0497036499591612
-0.462411875850522 -0.0702498667756079 -0.0842163592918839 -0.133890033781212
-0.341905557916854 -0.0422187043038257 0.367496904548097 0.51684855496296
-0.214045130556283 0.140844079224392 0.492563148632218 0.427092120671191
-0.0353748081367008 0.190050760447039 0.617107200377153 0.0399365453092815
0.0814430932432507 0.142593137103625 0.492726754326558 -0.295694766857775
0.113398980923631 0.0240623507125233 0.201040303067273 -0.421995931528089
0.0655748080067891 -0.0471895355887541 0.0412960856837012 -0.357362708268668
0.0340600585817366 -0.0845753166647006 -0.0194421315661396 -0.2688412987645
-0.00673230141914836 -0.112203577889655 -0.0432396314009246 -0.167907642881047
-0.0176082501424135 -0.153472797242699 -0.0564095012804661 -0.0811411186863902
0.0652320678507558 -0.155782786048656 -0.0781677632441771 -0.0465772334687907
0.192260437158769 -0.0873495959177204 -0.0774366615803744 -0.00530655407630466
0.206644516710997 0.171956962407428 -0.023295202525978 0.0787802846756212
-0.0396799575156176 0.274673828758409 -0.14757964427686 0.209800852905018
-0.239355422713135 0.125601821032605 -0.294108913576054 0.0676312925509362
-0.311397129597526 -0.0752651785583372 0.0294832929769953 -0.101066024678063
0.0630476452727677 -0.026015289292194 -0.159476422598004 0.165562326620963
0.0790870695513864 0.0106712782230361 0.289415426232076 0.0188918881496681
0.0810712474789129 -0.0667780386928754 0.193234917514888 -0.26127993283019
-0.0113372624450317 -0.0881649064281852 -0.00112537351535341 -0.141265514172907
-0.0649845160180071 0.00186334888947042 0.0105248909449115 -0.00300672379943318
-0.0244573719721462 0.0553021185119248 0.0226754545022508 0.0473471737537431
0.00160676999818282 0.0539309526144769 0.0377002590221785 0.112090752217035
-0.000694392329963964 0.0392856089153029 0.0410282456522785 0.187116231014254
-0.0180167997567735 0.0172824940809533 0.0268630410240298 0.293357586796079
-0.0202896556859225 0.00166807886221108 -0.0428608216843576 0.359621890278502
-0.0157275799288815 -0.0337040036604367 -0.16381106923489 0.41855972509461
-0.00710645584268836 -0.0622021321338191 -0.396689629134811 0.345357523138969
0.0190215940249271 -0.0951506993228363 -0.583824558141512 0.0854010999706077
0.12233004930919 -0.0458096966602891 -0.536883844426977 -0.299688361669043
0.175980902457274 0.0284032123127939 -0.46880086967813 -0.518088508199799
-0.186252976475447 -0.0345618154121393 -0.157934258076976 0.170880905364724
-0.125522414761944 0.158751625949175 0.288860209273439 0.0472305287789614
0.0819857773531401 0.159711576237532 0.227861829309321 -0.254346241235328
0.173032223597625 0.0183613270053246 0.0303094405817115 -0.177267779708625
0.0781892762500563 -0.0942620847992575 -0.00766917397026955 -0.0276733521250051
-0.00261273372834964 -0.0654621141632958 0.0063782376116888 0.0400804676486571
-0.0103360827965733 -0.0472884042595198 0.0239956062058073 0.109948973518333
-0.0185371029001881 -0.0502355722606192 0.0376728242978184 0.186735594203218
-0.0296282335897883 -0.0599721454721704 0.0358750549371928 0.287414318103275
-0.000358283518253136 -0.0498449825906923 -0.0241834092242886 0.347322830593283
0.032953788917546 -0.0604559548596552 -0.140211079039058 0.420920493341337
0.0646896609103191 -0.0292627312667397 -0.368758005958242 0.370325022416497
0.044931773080824 -0.00385328260668295 -0.572636979766679 0.117899819414493
0.0428892051014113 0.0339199642616112 -0.565402609836185 -0.237845056442134
-0.01223713038334 0.010162496633233 -0.528186655046472 -0.479628185039967
-0.392738026986253 -0.0428766781238731 -0.108279920242899 0.186254342805957
-0.282824662732602 0.277924936315857 0.253812034557177 0.0776624697574718
0.0789301628895887 0.339708945783753 0.249272847140605 -0.173993256081626
0.312799864219052 0.111082127150032 0.125711623813249 -0.174573966360111
0.199360222182103 -0.154812430106274 0.0349742450766624 -0.0917666426042592
0.028340311642399 -0.157448679624563 0.00444375040036139 -0.0248293819810026
-0.0125495044302253 -0.134085784234251 0.000825358997997037 0.0645960506154077
-0.0334965769424327 -0.130133317523932 0.0271694034955121 0.157834311736654
-0.0453909202123629 -0.130446939702229 0.0483255422150333 0.262559713483292
0.00666811933935604 -0.103474819864402 -0.00313683337928319 0.327287462673817
0.0719173475205162 -0.102810403709015 -0.126057493717601 0.422683245317722
0.148139492669718 -0.0122198511001956 -0.355584965807122 0.375383509223046
0.0906017703324805 0.0928992568865966 -0.55281443297305 0.123477750438263
-0.036102918765268 0.131466027245934 -0.546340797259974 -0.183559558297472
-0.202871608459215 0.00291972101819905 -0.527356009382947 -0.410804787283073
-0.523165280940446 -0.0534360875948762 -0.0332871231929819 0.22651453257138
-0.357875580859753 0.344838011636889 0.217622328819336 0.148658882238127
0.0864345398169503 0.431863334178304 0.306292616227383 -0.047903123256019
0.378155190303812 0.158957073811676 0.266998027097235 -0.16810635533047
0.261493468663618 -0.172759018725142 0.108262026958881 -0.186280234758397
0.0543701669132975 -0.200467499081077 0.00844169481906281 -0.121653010585375
-0.00558585863413696 -0.189217130169721 -0.0234963490404353 -0.00901492304012769
-0.0439212940767666 -0.18911267808627 0.0131509627112492 0.104692706492744
-0.062437806039544 -0.188474011828311 0.0532754803131491 0.218736937516305
0.00218691233395244 -0.161614432360094 0.0020825198528558 0.294878442665218
0.106412751616371 -0.16464957825868 -0.136871337461042 0.402475658437671
0.247813407414143 -0.0106776670844731 -0.351195903913433 0.334565514027737
0.15385582988649 0.197620752092515 -0.503972878141263 0.0888755285800508
-0.113379918545807 0.237568297817179 -0.477513992782108 -0.13508151093562
-0.370242904796381 0.00141736181534386 -0.464334082593608 -0.331293789387105
-0.574613622923532 -0.0638183786915957 0.0615400946011581 0.298336917235764
-0.366420894574243 0.345074116266368 0.233706284971673 0.261665569248587
0.0768424711330202 0.42952525475006 0.417753473228564 0.0529888585213565
0.35676595465585 0.173777096774935 0.407352682898528 -0.19433361295138
0.264139098906885 -0.143714248499403 0.167905831380643 -0.291077037279621
0.0719712089403886 -0.193985175825752 0.0102313869105439 -0.220024870894667
0.00640019355450544 -0.209108796640833 -0.0421042853715804 -0.0929076201055605
-0.0474437647707538 -0.219874530999998 -0.00200863183709855 0.0335328443416829
-0.0761717578966988 -0.228818905957211 0.0420945133538454 0.157516877642087
-0.00120321424251381 -0.219240995696596 -0.0186358250527853 0.239841571616804
0.150953695692231 -0.227320209795965 -0.168420245107854 0.33620616969501
0.353524497260199 0.0049747074999168 -0.328279398300715 0.241377023576801
0.198806781994375 0.309887276501711 -0.402050065344207 0.0439535828483891
-0.195517234265169 0.32196496342973 -0.376426203627941 -0.0755554377821311
-0.48976153759085 -0.00352864187089377 -0.357490808537395 -0.248071966897175
-0.559388341778713 -0.0642534722393249 0.176021911131776 0.38558901284159
-0.336714843944715 0.296273095901883 0.318178186719812 0.361407324577943
0.0430940490162044 0.367728557194769 0.535784328503187 0.0828484576453389
0.273950897884591 0.176852188755425 0.49097461607084 -0.24764741522114
0.22883446006422 -0.0840000831967733 0.191112714255632 -0.374455095514261
0.0806341096619732 -0.154252348958066 0.00959666474825338 -0.296567346736103
0.0187581492656608 -0.193473456166168 -0.0492879829585663 -0.171927499528738
-0.0420967377917181 -0.216638475856258 -0.01888010046707 -0.0451950893980751
-0.0752707673641249 -0.242659149909165 0.010479603461259 0.0811293082923458
0.0115623435617265 -0.252644719051884 -0.0557185900799039 0.154243629333442
0.202867088622727 -0.250406830375105 -0.185195383272605 0.219504584573123
0.412712288052284 0.0594644362192201 -0.247557878057646 0.131061416591998
0.180440358590406 0.399098890214064 -0.262748986108845 0.0431472160786685
-0.267348239450527 0.343762911853731 -0.289773491330568 0.0033897277580534
-0.532642395970178 -0.0191590447138934 -0.227541798215815 -0.174990149223055
-0.48432671087266 -0.047637227751924 0.30048929754205 0.462150378789195
-0.283844641783735 0.229274575616303 0.434891742403586 0.407118132054689
0.00105357240859992 0.284126342793927 0.607172804095216 0.0533564047132021
0.176453572766008 0.16903408707767 0.5053711209695 -0.298148854691289
0.17692742495414 -0.0234887565929631 0.187068004050349 -0.420999588729193
0.0778471746630799 -0.102816903081531 0.0145798397280168 -0.343165458158642
0.0276496604906219 -0.15121190795109 -0.0453604489634573 -0.234593766806384
-0.0301701885994431 -0.179493986543248 -0.0364119174162722 -0.116491189436213
-0.0583833769182591 -0.21908649793372 -0.0289780409545249 -0.00142371859680836
0.038323740548418 -0.238087731338009 -0.0828254639471263 0.0501075142280935
0.229213698459396 -0.203648320554801 -0.152549320274853 0.0891266995972195
0.372507588827596 0.133478401483096 -0.120870790503249 0.0668121324722629
0.0870758475157654 0.404655642353407 -0.150152096605672 0.119672992442101
-0.296416324845739 0.27813488494899 -0.262656372009902 0.0753680495439744
-0.478870639170387 -0.0391984811712129 -0.0928097038444645 -0.123795847816974
-0.356779439564616 -0.0225559348432186 0.41252834975493 0.503274219174476
-0.212210731611381 0.158271165564757 0.533665712620142 0.396300947900275
-0.0268484822589109 0.196878572348075 0.628950277847809 -0.0016516016096711
0.0915465302746199 0.143380976384781 0.48010927772946 -0.333821236285645
0.118876505387337 0.0169083399976076 0.175292928322909 -0.438358290559821
0.0640945888842203 -0.0520394242308452 0.0212505610959182 -0.367861640813628
0.0306807355362927 -0.091088945534032 -0.0375974681109386 -0.275412205491015
-0.0129611982126226 -0.115403042419895 -0.0541224784953454 -0.170060952902467
-0.0289183545917171 -0.155737635763254 -0.0620546758196059 -0.0771456396106265
0.0567490494487276 -0.165033972055232 -0.0844369970706499 -0.0419316763794013
0.191074064399337 -0.103115999398814 -0.0806956579635402 -0.000280189029463514
0.227212558426778 0.162000848021469 -0.0135046825499436 0.0776173764366416
-0.0208519790949113 0.287501996595786 -0.123250768784768 0.22431612384155
-0.236205709907694 0.146759112877661 -0.284467625376314 0.0974549904256603
-0.326082397552554 -0.0549426417348841 0.0258279399901251 -0.0979733980046121
0.0563152276176912 -0.0330201939052415 -0.13348365313096 0.18195015870505
0.0882140201124518 -0.0110358834097379 0.270238752941501 -0.0394505513189112
0.0650734432718956 -0.0901057772901333 0.132845660010756 -0.283069792322612
-0.0336263205348443 -0.0889621899619422 -0.023615387055392 -0.131778582958524
-0.0639777785685192 0.0133713257157696 0.0139846776927361 -0.00580276193300957
-0.0127649728715715 0.0596686473641358 0.0304665043757532 0.0425683988117067
0.0130469214189917 0.0537405351224089 0.0535936068604458 0.103277895004488
0.00958506341163549 0.0399022526993049 0.0681220466599895 0.175850461544565
-0.0115353079243873 0.0232275190750438 0.071131137698576 0.286401222470129
-0.015380640032501 0.00418681403083813 0.0102507809774217 0.362632142074378
-0.0185227709828212 -0.0301138691079174 -0.0976540189046267 0.4335595442225
-0.01122683378756 -0.0583637737580542 -0.336627187935292 0.396940432550051
0.00817190964604931 -0.0873349639541252 -0.55789382906981 0.17270264524181
0.117448111953712 -0.0603054872645492 -0.579720346063805 -0.217212030069358
0.177058451924859 0.00479531022969075 -0.540441670968692 -0.446819194769954
-0.191460617873665 0.00896232000739551 -0.125176200966027 0.177175673353953
-0.0819221409247323 0.176580715084445 0.272281525111641 -0.0234023927627132
0.110489926654496 0.132819491246636 0.155622954928451 -0.287837240813035
0.170071949468912 -0.021480565307918 -0.0101974153527092 -0.167757130514353
0.0571484138407932 -0.107446413498248 -0.00593020430347696 -0.0187436530351884
-0.0130634835044774 -0.0620557319855894 0.0169047963547275 0.0399999230457704
-0.01773508637855 -0.0467624125937119 0.0409236362948739 0.107278396571251
-0.0226952872999055 -0.0448562032585014 0.0663306388812007 0.176255276418551
-0.036881348079617 -0.0527719552475748 0.0799689608425237 0.279845699604284
-0.00381695895086622 -0.0506858232737616 0.0273158785181349 0.349317351177147
0.026323833501161 -0.0642816539845036 -0.0736237366769681 0.433090271193468
0.066383763984952 -0.037014439425729 -0.305891189242474 0.415231349429478
0.0481547289769883 -0.00157801159478826 -0.54247912952485 0.202639305299675
0.0510256712889077 0.0307930223907223 -0.597390248214071 -0.150849183170111
-0.0133173786301491 0.0167908855888986 -0.589688180655026 -0.394645913387136
-0.395801186554289 0.0393491411112617 -0.0680692641782045 0.175993688254108
-0.213039777309982 0.326075369578729 0.241049712773105 0.00357067055531739
0.143321481890705 0.312563269629462 0.183170562752427 -0.215800329295173
0.328396836534389 0.041947823414068 0.0769283916453035 -0.178806886608679
0.164836604013412 -0.191225115092291 0.0259473832645695 -0.0826290415002408
0.000351759676064478 -0.157847221220842 0.00644884383813922 -0.0210263862859998
-0.0366185742047634 -0.133396828193102 0.0118614515218635 0.0702136262148833
-0.050819088042385 -0.121856992596784 0.0545077116657153 0.15000390489332
-0.0644033026648941 -0.120348620180972 0.0895784373723571 0.252633656996438
-0.00474450234890491 -0.104968558850883 0.0452718782532701 0.326270548917248
0.0582275087620738 -0.111433372335662 -0.0598068750889457 0.433723698726494
0.152906770531362 -0.0348946702615182 -0.29461212789915 0.418971506510797
0.110404656707324 0.0852902386992627 -0.523559592389653 0.200496293773474
-0.0107647066604429 0.139704517844931 -0.56569401726968 -0.0975768458856491
-0.204742517381321 0.0404784961139282 -0.576141412551998 -0.323427852212738
-0.524557966938525 0.0533831262433458 0.0169383511764031 0.197988316633717
-0.274338357024496 0.408025706788814 0.21822618731579 0.076738087580977
0.1695792270146 0.403101910525276 0.258759165360403 -0.104655361286052
0.405279781772686 0.0757851548229661 0.213066783036224 -0.197617299735575
0.223247979289457 -0.222549569535075 0.0810713149338738 -0.185771504293086
0.0184458859501869 -0.205552699209187 -0.00503035119874288 -0.115966114661658
-0.0406981942606568 -0.191765505715667 -0.0246797958771466 0.00502787145392322
-0.0714357832532294 -0.179089458977619 0.0325703766990686 0.0993811905997103
-0.0920080474243069 -0.174307672855223 0.0889079639754423 0.207680775411813
-0.0196124725037822 -0.162148976962705 0.0458924144624167 0.293309550767745
0.080994810720951 -0.177780805168745 -0.0727438690909321 0.418067518983825
0.253062263209625 -0.050736024782897 -0.301249878011075 0.380867511276625
0.189446642901265 0.177848964607672 -0.482392686049151 0.156724950147086
-0.0698653618041124 0.255829095373595 -0.484424564697715 -0.0597980594911414
-0.372260022751239 0.0661851628263536 -0.499769919018668 -0.247406440368331
-0.576794288653013 0.0531762352967226 0.124528591281451 0.251903785752161
-0.284216766445013 0.411318930494222 0.256898950997172 0.185224346674273
0.161413385551297 0.403463890010574 0.389248456474144 -0.0262474174566701
0.390231647828551 0.0944978393303458 0.343898770669403 -0.251278050998046
0.23334428301893 -0.196768423958092 0.118740679987162 -0.300537690474408
0.0357188989137701 -0.205040548739067 -0.0208399198137915 -0.211469354531447
-0.0332893434031859 -0.214738861386609 -0.0574903088863352 -0.0740641937217745
-0.080750486136023 -0.20939166432574 0.00710539150991991 0.0311925726328459
-0.112693155028883 -0.213140518105559 0.0683433361053315 0.147290909875797
-0.0345731261826502 -0.216808294008 0.01837294621464 0.243656363556804
0.112104274154659 -0.247020452036226 -0.114477524617812 0.361052243169185
0.358578269303819 -0.0551095973948469 -0.293754103645115 0.285442373287009
0.252203516991968 0.279318172104585 -0.388761880886833 0.0926133183069314
-0.137215600839871 0.351998951553102 -0.368692426794928 -0.0137082942326738
-0.491742032438836 0.0799707879355422 -0.378664800786026 -0.176640941929672
-0.559585084847318 0.0501287966566125 0.252954271846731 0.320536069978446
-0.2622801224168 0.359096651993118 0.362821942414427 0.271393108714513
0.117803957866949 0.350188492932883 0.51367559736435 -0.0192522928093058
0.310466972162657 0.113187575792165 0.419879688483022 -0.323476014258037
0.210610299095999 -0.132896153141988 0.124018385003644 -0.388036675506589
0.050439573840932 -0.169757042886217 -0.0352818955880625 -0.286185814883328
-0.0180929719837834 -0.202521322204204 -0.0777267999195965 -0.152283284291036
-0.0764003367979448 -0.207353131698874 -0.0216649983245555 -0.0431346128004806
-0.117106984926389 -0.225904005341947 0.0269574868178095 0.0765494858498103
-0.0296215733445111 -0.25226338202964 -0.0317107821695363 0.165114117779452
0.157391918185372 -0.279039111212053 -0.149186896359646 0.249963077109139
0.42714787385245 -0.0126529810535 -0.233292881285753 0.162027912841539
0.248720722869506 0.368844531374099 -0.247667114136643 0.0677725899514549
-0.205056609180864 0.384864227837824 -0.267635935344449 0.0540512778370914
-0.536651985627397 0.071687072104352 -0.237707049603912 -0.120661867162934
-0.479666581691913 0.0501755221958945 0.386913238795714 0.376921671061621
-0.221464843485359 0.281760479697295 0.488962233952842 0.299591383576409
0.0611965543407872 0.274622407423946 0.586327600749548 -0.0626718596258751
0.214000055012829 0.124688819436315 0.428162377599212 -0.378160156863154
0.171187245096392 -0.0656910099851043 0.110954309020808 -0.433641406148973
0.0555296032764801 -0.120159128487464 -0.0402091397685017 -0.332767424289479
-0.00290528579665414 -0.161913868640618 -0.0846011173536444 -0.216985119146522
-0.0588272452193652 -0.173027470734995 -0.0507447868137891 -0.110274901923991
-0.0973650859654419 -0.206056575735081 -0.0249835568436629 0.00215427164217309
-0.00268971786846449 -0.24263554318941 -0.0750418601208829 0.0659810245254779
0.190148134541967 -0.23909756206199 -0.138418639791562 0.115162806742909
0.399540306812551 0.0660314387324209 -0.117278211191308 0.0762792680893114
0.15945251023535 0.388100715391613 -0.120647831257114 0.125941588255903
-0.243617829323905 0.324566861669161 -0.228869225078087 0.124194105530318
-0.486990432897481 0.0405085051094875 -0.0985775028792555 -0.0899731539165248
-0.345295215569647 0.0502452373374118 0.499374930452376 0.402367772188745
-0.162968789853749 0.197976564906781 0.587923648052263 0.274358488862905
0.0182203522166323 0.193637912587397 0.602349383837434 -0.118381684691436
0.125085013241939 0.114282756019487 0.399070177734035 -0.410294484050617
0.119537253030863 -0.0158312955754937 0.0927909106793083 -0.452052708687721
0.0489033253808338 -0.0690598507526829 -0.0391856007086478 -0.358716523669567
0.0110992359522027 -0.102831658242601 -0.0845586098596142 -0.261529908629276
-0.0325447497697432 -0.112374241272483 -0.0771699603135719 -0.159737826428754
-0.0582616120048795 -0.148410233113417 -0.0701120379683382 -0.0661835766559785
0.0265373095097899 -0.173126814569701 -0.0919252474281304 -0.0252332166228567
0.170433893421186 -0.135996556557747 -0.0829072960830594 0.0146671341576442
0.26053193702267 0.119391038653525 -0.00471685605548458 0.0694892406170113
0.0337876902461325 0.290117698435823 -0.0740030630894565 0.229004824195968
-0.204889987049018 0.185502037946792 -0.251323062066291 0.149932120619171
-0.336584538095164 -0.00113814599901303 0.0204670447673919 -0.0844607606057179
0.0543948737537309 -0.0342412838576803 -0.129024338723694 0.177028326362555
0.0895842902275399 -0.0172744875380398 0.246859065288252 -0.0600794527742552
0.0573634814634884 -0.0937347574657505 0.102485076990298 -0.281710999145912
-0.0417153181054307 -0.0867164913461017 -0.0325926698305589 -0.122772702862061
-0.0635159947831622 0.0169103738700521 0.0167756484144424 -0.00503120177745585
-0.00964864676258229 0.0594274294199703 0.0346216503485646 0.0413218272706891
0.0161138985180958 0.0511569866027136 0.0569752221807146 0.0999277872281354
0.013046156459481 0.0382118683216517 0.072528599707204 0.170524661617332
-0.00990213726419868 0.0237711699027302 0.0840346054062369 0.276864959345291
-0.0155286732338478 0.00326932895867846 0.0281386672698232 0.354520698642811
-0.0212069919601994 -0.029129406426193 -0.0733122895123395 0.424704256852582
-0.013700937475436 -0.0571108403080263 -0.303662932897252 0.401084247865178
0.00388608794553321 -0.0838276829780861 -0.530317157447882 0.197050837883798
0.112263812833915 -0.06627494184803 -0.577550040166602 -0.17840983399002
0.173425071068209 -0.00557221843295191 -0.556569057939415 -0.406410334783302
-0.187341937288102 0.0201285478675016 -0.120304548297799 0.170622613812896
-0.0678145239531457 0.175919697462746 0.249744284805847 -0.0454963045987565
0.114306624449304 0.124010636000434 0.126354221831958 -0.288071863593856
0.163561488394371 -0.0307696110385095 -0.0207315940487121 -0.16011489764376
0.0486177286102564 -0.108481330259491 -0.00294439239855297 -0.0151880871657982
-0.0153141331075325 -0.058786241760314 0.0210920211202058 0.0383034749722456
-0.0195813872497087 -0.0458317797586675 0.0454881956557507 0.105087571340736
-0.023208749690915 -0.0445877148990004 0.0722069117628503 0.169783042263497
-0.0385134079054286 -0.0483365217243221 0.09285538421278 0.270727416943387
-0.00525068895520866 -0.0505217963996129 0.0433888337615494 0.339487177574992
0.0229848269089999 -0.0649665829553334 -0.0498271977401798 0.423516586622393
0.0643073652714329 -0.0394224736143278 -0.272359305407527 0.416891247766891
0.048184248900236 -0.00146713782107764 -0.51310026443683 0.224633045252497
0.0515554092650129 0.0247031013134816 -0.589826086997369 -0.112673856573718
-0.0123135856614901 0.0162398631160596 -0.602752198818156 -0.353922205514465
-0.387722202789888 0.0602964443157278 -0.0642004476658774 0.167082500705045
-0.189478848818198 0.330157806343349 0.220632049238439 -0.0172237966368171
0.15601942501007 0.29858644896739 0.158468754743407 -0.218808959797158
0.323469332765714 0.023358629469766 0.062353536962822 -0.17792203383264
0.14945192242531 -0.19644772743696 0.0244093928772924 -0.0803664552509653
-0.0069861681824984 -0.153617206039054 0.00635172957977891 -0.0209395977649561
-0.0422907673131706 -0.132301290488048 0.0141314940733735 0.0702032256813949
-0.0550741499293447 -0.119208980915001 0.0591564988732004 0.143874033660333
-0.0677333590756442 -0.113929933083359 0.10046886377733 0.242365799981236
-0.00799219997963556 -0.104062657406742 0.0595710027743897 0.314767676468316
0.0521619767547542 -0.11235551573268 -0.0347943695452182 0.42289612718539
0.149870193367689 -0.0410067852744442 -0.26095231754463 0.4198856518105
0.11181903570635 0.0806223131713276 -0.495172210184691 0.222052371610606
-0.00354058246242138 0.134015818600753 -0.555650269396204 -0.0613262151200652
-0.198868680209906 0.0498240068307333 -0.583346707391914 -0.282902517017006
-0.51363085462739 0.0803297896095798 0.0213959671269484 0.184961248553165
-0.247170878549841 0.413972921268171 0.204247041559129 0.0571874232729087
0.184393031580026 0.386844755198194 0.23997526555373 -0.113406127503141
0.40131797716922 0.0543596586499432 0.195187477275977 -0.205344765958265
0.205987837360233 -0.229453553916357 0.0723185140178106 -0.185160828519706
0.00888095175144383 -0.201420255077714 -0.00988646442982341 -0.113122783293912
-0.0487981542254262 -0.189665582901144 -0.0251508666070969 0.00802280580467005
-0.0789955002267819 -0.173975681125153 0.0366711074100776 0.0948960972060465
-0.0981521410644073 -0.164875248827283 0.0987273845777195 0.19661380743139
-0.0259038201675201 -0.158254657453878 0.0595351539751124 0.2834977014737
0.0716361170202762 -0.177828472000406 -0.0483065799635409 0.410165122529578
0.247018533726152 -0.0624944185449704 -0.268059032915027 0.38379282488687
0.194941494555042 0.166089948375485 -0.458525865488239 0.177921132524738
-0.0567998301792928 0.250714990267918 -0.473236558359623 -0.0294137202547809
-0.362708563651468 0.0844894343497728 -0.502154044611 -0.21214322947222
-0.567027142330771 0.0811487608102101 0.131634491082185 0.23391164292357
-0.257239507519128 0.417691891826536 0.250583929051624 0.163199072728308
0.175068777421415 0.388882729200978 0.373722071393293 -0.0441245826942308
0.388297344457459 0.0741651294221822 0.322230015407577 -0.266651537484034
0.218291115783902 -0.204878480894682 0.101937393733912 -0.29826847814463
0.0271917318274123 -0.200836680422056 -0.029676019321694 -0.206154851710718
-0.0419053757723715 -0.212295229150583 -0.0610969305836406 -0.0676163941709651
-0.0892674766794557 -0.204246429013544 0.00860011331421941 0.0291939251212467
-0.120335414303326 -0.202289390276458 0.0762282986566172 0.138442172740534
-0.0426447735754697 -0.211071536394705 0.0290855018130088 0.2356899429485
0.0979320375922641 -0.246960955896628 -0.0912324601334322 0.357454002350311
0.350972237554583 -0.0725988511785832 -0.267912628082547 0.29172680345282
0.26302978423645 0.262917450711346 -0.370726446864724 0.108947673483839
-0.11596564120531 0.348878181437901 -0.356832726535926 0.00776639211978551
-0.480960901075797 0.103261412848295 -0.378380242062195 -0.148024465640706
-0.551113803950876 0.0764822284706612 0.263036803812898 0.296586768723448
-0.240893517729559 0.366075537873984 0.36208493357683 0.241349526336162
0.128313158516369 0.338925263396759 0.497788426947744 -0.0452220673611846
0.311889936816535 0.0986814843131885 0.391251731313676 -0.340890255572161
0.200545787366904 -0.140077734495301 0.102625037776169 -0.383798377912821
0.043229665947609 -0.167618329129053 -0.0481827385976204 -0.278483807266937
-0.0271700811521141 -0.201232136706896 -0.0845658263359017 -0.143524041705145
-0.0842855395453509 -0.202223808931221 -0.0231534091784984 -0.0439468653690023
-0.125755360176236 -0.214830700972865 0.0323735844845233 0.0717230265846206
-0.0405630554998572 -0.24626142830066 -0.0238204631169943 0.162442840280654
0.139800560791799 -0.281735816184055 -0.131336448569029 0.251934122934225
0.420446721043508 -0.0367241831900419 -0.21705789098721 0.165838488170019
0.265132197540159 0.350377932523208 -0.233601007733734 0.0745260363530437
-0.181518071670227 0.385762135408675 -0.250745870547305 0.068789385841783
-0.524620650015662 0.0988175220715458 -0.235511289807 -0.100631072330949
-0.472016704197927 0.0742290441045833 0.398562256611255 0.346937077753852
-0.204678068500298 0.288915262172879 0.489151721716274 0.260416698268462
0.0702969611633623 0.268547044711281 0.564891278225815 -0.0921874787665865
0.217142774474895 0.115652286474444 0.396153324356383 -0.394238620785555
0.16556879307626 -0.0719667545303209 0.0863258826478493 -0.426735483325734
0.0502751314300896 -0.119133744382782 -0.0553209448098743 -0.324871068607152
-0.00979761016867222 -0.161748566929909 -0.09369980018326 -0.208662991237675
-0.0659368317507614 -0.168660550660046 -0.0547365172426902 -0.108488164704759
-0.105567746335204 -0.196197749347222 -0.0216754614845343 0.00185706461719238
-0.0150028894798721 -0.237665399836811 -0.0716466281901056 0.0690232269065762
0.173829263860279 -0.245436286165841 -0.129185654532954 0.121101071527976
0.398908748938648 0.0419803499039163 -0.107640514403632 0.0754341333140853
0.178763655017352 0.37439565982375 -0.103017849175554 0.124341105945105
-0.221386190886402 0.329675307187259 -0.208291462399888 0.136871133136627
-0.478400465162335 0.066342046547994 -0.0964917457968334 -0.0770509627631539
-0.340158313079943 0.0673440410164915 0.514061891691924 0.365949433621937
-0.150066848027392 0.203473011945154 0.587929619641387 0.231088566810858
0.0246219518621528 0.190744237296406 0.580273638930781 -0.147313378978214
0.129456606844057 0.108052093982163 0.36661194183673 -0.421952911148213
0.117508374885621 -0.0207933722669705 0.0689354842031379 -0.442151147551242
0.0447396175827526 -0.0683637478978466 -0.0551700908566506 -0.349833815790906
0.00587610658376145 -0.102607884396163 -0.0957170154226026 -0.253630155356948
-0.0365304133608977 -0.109533443299829 -0.0827996773636896 -0.155362563726386
-0.0644957692715073 -0.141092797169398 -0.0698774874291868 -0.0611225806728728
0.017024165279329 -0.172049070223605 -0.0942717935747975 -0.0195062390724215
0.16002695120572 -0.143699875324295 -0.0815284952875431 0.0188897620876811
0.266661997325934 0.101963544176841 0.0023180656307901 0.0616816843560577
0.0508950709676196 0.285828612931064 -0.0492120285896059 0.222318284653059
-0.190671849749509 0.191227528150694 -0.227254487482328 0.164381386993974
-0.331871595325185 0.0172647169354998 0.0211060856566248 -0.0780778766932254
0.0530730389329501 -0.0348439967637906 -0.12989459157512 0.170787371909819
0.091175887215559 -0.0227536598506265 0.224493016450657 -0.0711560473934772
0.0527865049747901 -0.0957238769184645 0.0814282101191934 -0.276325892858744
-0.0471382425817128 -0.0849525844550414 -0.0378633756986816 -0.115487436021271
-0.0632996358455751 0.0192882660520272 0.0194589108113433 -0.00511838330503413
-0.00711525560480225 0.0589690447655057 0.03789465638519 0.0400467662498583
0.0176424782815245 0.0499545279347476 0.0592210476692479 0.0979845280460643
0.0149795406658631 0.0373875780010473 0.0739504303363045 0.167833885151261
-0.00912795458410536 0.024583113889464 0.0900293234213371 0.271138386332328
-0.0163448934633109 0.00320346147846858 0.0365057957348763 0.347616291077303
-0.0223906214315079 -0.0296156754407634 -0.0617216305677361 0.415395975412524
-0.0157094904700467 -0.0568415614455626 -0.282937658161467 0.396777306419904
0.00325447969402996 -0.0810570665010014 -0.509013150378646 0.206636612611337
0.109595303198851 -0.0703583471494591 -0.571556182061089 -0.156416486616447
0.170665406305584 -0.0115723960055785 -0.561960225319604 -0.38166849709331
-0.185059625658096 0.0249976868210059 -0.121426348171019 0.164119926248379
-0.0578155131080955 0.17300757859308 0.227957879626088 -0.0572635319693243
0.114763169795447 0.117175182233194 0.105178756724712 -0.282557245978176
0.158787112916263 -0.0363157875390645 -0.0288086568258154 -0.154173030965392
0.0435819162283269 -0.107843102845023 -0.000243583125372934 -0.0144399476672119
-0.0155279894570938 -0.056674964950279 0.023272891506467 0.0376901049038228
-0.0205309889330232 -0.0460277856749962 0.0473327632527266 0.103180719389331
-0.0226560783170534 -0.0447167173087532 0.0736604945002413 0.16635968163355
-0.0379714451161762 -0.0465918498649126 0.0982501559347968 0.263892399786965
-0.00617295044850941 -0.0508956915880902 0.0503679354701379 0.33235170209674
0.0209099161274656 -0.0650815754765303 -0.0376387189859378 0.413307879524616
0.0633251744941872 -0.0404699246174515 -0.252266284807131 0.411097491508654
0.0479045863080832 -0.000640829082078086 -0.492931301713488 0.233767787658229
0.0509557508624319 0.0198416939388979 -0.58309095703713 -0.0903223237365495
-0.012707476816494 0.0152843250761161 -0.604111999417409 -0.326122462014617
-0.381482778289801 0.0706461626133172 -0.0659693068802212 0.158605997577084
-0.174150822588788 0.329043942254758 0.201210620171553 -0.0287455549184875
0.160900874381492 0.290179648767694 0.140225740541339 -0.215994223143628
0.319512070203393 0.0134706840515374 0.0529470882224133 -0.175719893792965
0.140440603499063 -0.197288422586828 0.0246562212234882 -0.0784774139228931
-0.0094825409402109 -0.149984165991409 0.00680268018569818 -0.0214153952975573
-0.0453869709379776 -0.131538783760366 0.0157506488778521 0.070620401229231
-0.0571992457529095 -0.118181940593635 0.0608426144118291 0.140771702460431
-0.0679417383495224 -0.109447298658844 0.106222463751953 0.23514543414656
-0.00946867251162466 -0.102569564382657 0.065081493669756 0.307655552970605
0.0498963773604635 -0.111501780933103 -0.0229839620518689 0.413852102247143
0.146941713825274 -0.0433091327490779 -0.238937514191983 0.414148429805264
0.112614371765247 0.0783227066366628 -0.475680368394993 0.231116986315406
-0.00134040633680656 0.127846193636053 -0.546020437531547 -0.0414393659784412
-0.196244109586722 0.053856675186803 -0.58351611934289 -0.258127441776
-0.506499434681339 0.0925545590987518 0.0199319373856228 0.175033345926126
-0.229887497567878 0.413268352733491 0.188821886353133 0.045861385218535
0.190662773405476 0.376279884676012 0.226007795324705 -0.115258549628277
0.397326051178955 0.0426431346588137 0.1828837785289 -0.20844455807407
0.19633029971205 -0.231022040129567 0.0681333818127025 -0.183175349237763
0.00594231545572788 -0.197152444767555 -0.0127949564445451 -0.111315305115355
-0.0529115615594851 -0.188901446333083 -0.0246324514947135 0.0106597950863124
-0.0812185754625515 -0.172952537429949 0.0378576487733243 0.0922692967072357
-0.0995061821286466 -0.159644987688237 0.103288186728286 0.189859317099822
-0.0273945777739216 -0.155136676599176 0.0642584629514443 0.275646034809371
0.0670215640107042 -0.176507701068993 -0.0342994916984358 0.401773261118953
0.243119355569678 -0.0668434036401024 -0.249162852920867 0.379217262382618
0.196720354784129 0.160149290906515 -0.441546693072623 0.186249061349675
-0.0504406644148866 0.24357580302486 -0.46328115025206 -0.0127628611123619
-0.357359833611065 0.0924545891694083 -0.500545166045218 -0.191119059449322
-0.557851408723334 0.0945967089371713 0.131114157284782 0.221662559258279
-0.242423074656716 0.417638452059758 0.239634211398697 0.148580598575985
0.179605329728169 0.379927622743598 0.361239774039194 -0.0513255163717601
0.385274281177928 0.0650142967672646 0.305926927429358 -0.272955821479368
0.210236687228989 -0.206388654735357 0.0942298907166305 -0.29542110661691
0.0248292332542567 -0.197399469442487 -0.0349964859157745 -0.203114312921075
-0.0467721204226846 -0.212148800421717 -0.0618128650040391 -0.0635739192899774
-0.0928345994902894 -0.202044394186079 0.00861384670921435 0.0268644828585667
-0.122430584450143 -0.195146695383365 0.0803686062814443 0.132047553995846
-0.0457115335592528 -0.206243659106735 0.034518030017689 0.230201859671075
0.0907451434526071 -0.245922632438348 -0.077829204453283 0.353739856841349
0.345283027361006 -0.0819891252627202 -0.252630742275791 0.289461405738664
0.26673424509282 0.253403436773694 -0.358450611900236 0.114178168242209
-0.106463189690727 0.342580687791747 -0.345780088640644 0.0209770177433154
-0.47225862334082 0.115933788178322 -0.374263619185278 -0.13103599291698
-0.543367380791643 0.0916126318111337 0.265145647251239 0.280818686536446
-0.227604612621396 0.366455176480916 0.355513332022411 0.222736397368956
0.132105119471184 0.332550607883286 0.485343825300385 -0.0582964123944612
0.311666120578246 0.0912690026885868 0.370863700311156 -0.348534048988994
0.195793780001308 -0.142068071985027 0.0911113391776832 -0.378213187853686
0.0416750187948442 -0.164961133102083 -0.0551403140640731 -0.273417630028518
-0.0316858425928935 -0.20060856915259 -0.0874434312557963 -0.139165789082467
-0.0880893967550922 -0.200353055964306 -0.0243989561519966 -0.045327564195393
-0.127667992289419 -0.206631525940403 0.0353799106653602 0.0671476430722151
-0.0459758269839242 -0.240804348662738 -0.0198913761482569 0.160131954657699
0.129792372431313 -0.280862150105954 -0.121809779510509 0.251983613490259
0.4162055387099 -0.0489313961763474 -0.206620403244903 0.164630527282497
0.272884998985555 0.339250871660004 -0.223435551848893 0.0758334290758309
-0.168938170082155 0.382269841198173 -0.237447522747705 0.0774221894025057
-0.518069690343646 0.112804332966135 -0.23124579763517 -0.0879196606414265
-0.467887547216976 0.0858180592697161 0.400826602257542 0.327469572952489
-0.194579234383961 0.290263332106241 0.484376820086146 0.237930358384275
0.0727973922068129 0.265351455422453 0.552183883622706 -0.107362122136885
0.219500052654516 0.111434658562014 0.374423853986362 -0.39933595930167
0.162796563713797 -0.0737305471978507 0.0745119677740687 -0.418832105093912
0.0485141530248783 -0.117144763119358 -0.062245320987019 -0.318450423256268
-0.0140984340783932 -0.161851206813445 -0.0985268775485453 -0.203749701427853
-0.0688418627259731 -0.167388726394007 -0.0563762307506081 -0.10855849759519
-0.108116766870154 -0.188949358714743 -0.0196837563576184 0.000565586668806452
-0.0212898607317745 -0.233442563008195 -0.0705010236861346 0.0706146165933954
0.164486918695583 -0.247413013905506 -0.123329851239898 0.12302036142166
0.398373468139391 0.0287853617086379 -0.101213465163796 0.0710750395771673
0.189426715577164 0.366119334510604 -0.0911054407082616 0.119392813844077
-0.209460451190412 0.32863094650409 -0.191054292102531 0.143529634293662
-0.472202839172279 0.0802352347267318 -0.0923850353018973 -0.0682655449812638
-0.336433733029034 0.0759241850348274 0.515772223130849 0.343229843246757
-0.14258556617686 0.205047867012963 0.579773438644103 0.203972852161792
0.0273813727302699 0.189884602890756 0.563627515236734 -0.1624254803835
0.131864216708751 0.105891494165241 0.343989244732339 -0.422882191565617
0.116289013900193 -0.0231302035028772 0.0569493808918018 -0.433064108710611
0.0428653675581309 -0.0671844813730052 -0.0624035183661757 -0.343403090189327
0.00334957624063979 -0.103202730646419 -0.101884683289135 -0.248782985352681
-0.0369852357367096 -0.108274542043762 -0.0849941254432343 -0.153895196170997
-0.0664785620035807 -0.135808745765173 -0.0682694880385086 -0.0588091736610777
0.0117297301391597 -0.170073983072222 -0.0956743546599181 -0.014664519747738
0.154117936037001 -0.147569468239453 -0.0810295812548066 0.0211846944152759
0.269495705331272 0.0915681902515539 0.00646343171563735 0.0536547378509511
0.0608474812152878 0.283076024999493 -0.0327235531940781 0.213184788223079
-0.18192832713803 0.192586501932691 -0.208250763629604 0.171781788767617
-0.330157440531243 0.0281942007600811 0.0234619051318994 -0.0727345692512186
0.0530071815655395 -0.0351697242745567 -0.136205600848686 0.166654220853274
0.0947041380187235 -0.0281964751105685 0.208472312978858 -0.077761562178698
0.0505864124654135 -0.0989947625585762 0.0660503350879343 -0.274219271082014
-0.0521218523218385 -0.0849990745698448 -0.0427039393526164 -0.110769701128323
-0.0633844399189644 0.0208838859304178 0.0217650168056273 -0.0058247092077927
-0.00527619711189598 0.0600578835553961 0.0409497428744933 0.0393441218327652
0.0186984450238139 0.0488986623905497 0.0608569677208312 0.0983629937143426
0.0171850008339332 0.0367137263449223 0.0750276939843696 0.16903722469051
-0.00828013420239425 0.0252881166608282 0.0930127324482296 0.271382554076557
-0.0169173366030659 0.00269693847571631 0.0409032890585875 0.348706925815584
-0.0244891568035119 -0.0308502609552477 -0.0573371576906276 0.41305282957625
-0.0161074321743815 -0.0580043226825389 -0.27426822794163 0.396473507685899
0.00317660295475711 -0.0802009344905041 -0.499903807374654 0.212193069515574
0.109129226387692 -0.0739601921931243 -0.574438469488062 -0.14486827390136
0.171082417703042 -0.0149629570415525 -0.573529699643982 -0.371811898516728
-0.185873999032783 0.0284914848193373 -0.127458756968409 0.16044150524759
-0.0522009506784645 0.171542848162976 0.211534853034877 -0.0651039318431421
0.116999245015739 0.115397700134416 0.0909817421215229 -0.281665372485152
0.157220938358271 -0.0399918841435957 -0.0358230689584189 -0.15002751228795
0.0414026808377811 -0.108749412355042 0.00187064979970464 -0.0137777466942479
-0.0148913923874865 -0.0567079486304533 0.0255933240933764 0.0373183729804836
-0.0211898987133338 -0.0476122544223686 0.049454658557927 0.103195347417547
-0.0231622299938544 -0.0459526267590299 0.0747577467596226 0.167492327636017
-0.0375869781707941 -0.0456491013410529 0.101752321683668 0.263384539797679
-0.00662291220300666 -0.0513905465889552 0.0535541584218112 0.331817499050084
0.0198033406020176 -0.0667041787357028 -0.0330453203451089 0.410991008051408
0.0634633353518344 -0.0415264959509638 -0.241339276046197 0.409651433267348
0.0483444527347425 -0.000111008706450384 -0.484538344597587 0.241330023684092
0.050294241191797 0.0160309895640292 -0.583095858409259 -0.0783564936018921
-0.0136671456943728 0.0151705020457209 -0.614762232141916 -0.315131647224011
-0.383592878406241 0.0772447228232595 -0.0719757842334526 0.154189469772613
-0.167130646257714 0.330369237992252 0.186343681632596 -0.0354339587533081
0.164588498192989 0.288402494944108 0.128663175562878 -0.214603440053413
0.31997766542831 0.0083614805260587 0.0460839460096182 -0.174272038324994
0.137400562363903 -0.199916217947683 0.0260117418401571 -0.0794641424717277
-0.00936238576651822 -0.14940089739763 0.00735202543030398 -0.021976122238524
-0.047339799974613 -0.134013188246603 0.0169890931963413 0.0713375209869428
-0.0583568564133455 -0.120520691181623 0.0620669805408666 0.14113575840263
-0.0681593489623681 -0.109366877681355 0.109047075321546 0.234249534217014
-0.00907528895360898 -0.103950286338495 0.0676434926506156 0.306983853922173
0.0493801294425285 -0.113167342070227 -0.0164938772502322 0.411133651699204
0.148677506664716 -0.0449244740102829 -0.229842961286119 0.412823024828293
0.114352448228182 0.0789912321577521 -0.468498013393085 0.238858506386732
-0.00202555046698122 0.123392041650859 -0.545445884289734 -0.0294934874633037
-0.197962357236423 0.0563734499008135 -0.5910362480302 -0.247813759655605
-0.509719808534055 0.100369723001978 0.0162217099188749 0.17032000873352
-0.223693796618461 0.416433339050327 0.176072961123813 0.04060402220186
0.19443012487968 0.376487387866612 0.218791070421044 -0.11633612427102
0.400816346748987 0.0380172146175305 0.174984615406938 -0.211499151188525
0.193545083323962 -0.234094596633224 0.0670552643846376 -0.185371927652411
0.00638674255877422 -0.196957574095424 -0.014266497449467 -0.112848286008353
-0.0561338399167628 -0.192172709246694 -0.0241278680752406 0.0116093965808716
-0.0842977666590174 -0.175049640511245 0.0386029392124824 0.0918224889671152
-0.099476953168112 -0.15941711344137 0.106788667059438 0.187068864671788
-0.0273363610018388 -0.155435385047863 0.0670992773463458 0.275132600188283
0.0659636987002103 -0.177423272535328 -0.0273797355698848 0.400380625870849
0.244450026682873 -0.0700738223376792 -0.240720492555827 0.3789637252184
0.199864945301905 0.159750250862302 -0.436072285279764 0.191424559696842
-0.0506138290759709 0.241404256981709 -0.459684468889013 -0.00223624194052149
-0.358865592609621 0.0992539928863206 -0.505203064640613 -0.180627951915492
-0.56292098037171 0.102535443821102 0.130599711225738 0.216157701146715
-0.236702285479001 0.421102906914673 0.232023648593682 0.14345389073137
0.183355401871092 0.381079855879838 0.358223221562317 -0.0557502387243475
0.389613784318546 0.0611512049061203 0.296836956925214 -0.280184223803825
0.208485273374944 -0.208782785924529 0.0910937652811234 -0.297925955935324
0.0260919637067221 -0.197334758269941 -0.0386174897267338 -0.203551967893916
-0.0493606910805544 -0.215840771452625 -0.0624587520270399 -0.0626259536513319
-0.0966742277691878 -0.205013881291402 0.00829411617581368 0.0252505197238252
-0.122803531140275 -0.193768188120429 0.0834220940844764 0.128354990542622
-0.0465367224024787 -0.205949418911911 0.0358733227276331 0.229455861508601
0.0875711767620941 -0.246399670127274 -0.0709064886405691 0.353821033341463
0.34688072061826 -0.0874941094791719 -0.24547167463767 0.289084217459543
0.27327002469938 0.252419046761459 -0.35377749689905 0.117211504589012
-0.104692946421217 0.342316525890641 -0.340441751388161 0.0291772162046778
-0.47576561250011 0.125733023941884 -0.375874822387918 -0.121663247621032
-0.550603427500866 0.0990227288309761 0.268132554316724 0.275082158386911
-0.224771577016605 0.369580145964548 0.350624910810141 0.214902459100749
0.134120075748451 0.334457622910041 0.483180419579001 -0.0658986876331665
0.316207918749526 0.091283639297489 0.361801456217685 -0.35727270466293
0.196472357038663 -0.144218989441454 0.0868244511000047 -0.379571250716908
0.0427916049849054 -0.164617158163169 -0.0582167618245545 -0.273998764823749
-0.0346726493624999 -0.204313028354308 -0.089498691425403 -0.13874250183461
-0.091531589892441 -0.20261599958974 -0.0256630042354046 -0.0483971102850999
-0.129432713167001 -0.205205151804445 0.0381781520449039 0.064104548015316
-0.0481208474029738 -0.240537377402714 -0.0196007099093844 0.161567710469387
0.125605562333319 -0.284112539231827 -0.116165779320996 0.254798811527139
0.420153045998247 -0.0570348954320058 -0.203351669644645 0.162664480718043
0.281642361367125 0.338171428292258 -0.219038419509206 0.0745704241925664
-0.166149417877555 0.383007334552747 -0.228887509823809 0.0834034549042917
-0.522482716178798 0.123940268892096 -0.230142315838111 -0.081239919208846
-0.47277730510756 0.0928573115250483 0.407721404371402 0.320788838731562
-0.192227993844544 0.293783120734791 0.48258841223793 0.226697530376603
0.0746753336529078 0.26847376245931 0.548226840411759 -0.117064266834356
0.223618580480795 0.111604670657 0.365713449792272 -0.406943365128178
0.164717760319084 -0.0751827085294484 0.0691364241746477 -0.418146618342302
0.0506919937178397 -0.116654318733649 -0.0664082710851667 -0.319588707816921
-0.0161043171460586 -0.164742723426551 -0.101643777894127 -0.204202283125585
-0.0709422358606491 -0.169682627333297 -0.0590396112100665 -0.112477121579469
-0.109919384854327 -0.186571267858479 -0.0179811470901356 -0.00165916674549635
-0.0235716078819177 -0.233965643220528 -0.0725289164571136 0.0740495975714792
0.160403711991826 -0.251814446550307 -0.121859484210991 0.126530826896179
0.404211751682147 0.019401845845211 -0.100450782836491 0.0664658385664559
0.198448570324482 0.366477982106199 -0.0838987299935762 0.114142079391719
-0.207005343378355 0.331116906844942 -0.179784413168131 0.149621218017844
-0.476159586688128 0.0910079931863268 -0.0892625447743237 -0.0628646507505239
-0.341277034958907 0.0826304104392636 0.5238267695642 0.336834022723027
-0.140146677031696 0.207743163542928 0.581371560543043 0.190364112702587
0.0284703807380203 0.192737295615013 0.557397508340914 -0.172965763132676
0.135662772587273 0.1069394349044 0.334959571715776 -0.428531642488835
0.117910567992017 -0.0239898384826229 0.0520309361920472 -0.430503699187991
0.0436993639528531 -0.066410544094461 -0.0665517068415415 -0.344487024450812
0.00148904543327635 -0.105249961114994 -0.10514381327616 -0.250371057364783
-0.038339661330236 -0.110641328083907 -0.0873900699873365 -0.156991431724026
-0.0679904749297022 -0.133984049409775 -0.0673882541147002 -0.0590884470491337
0.00916381310810538 -0.17097573490642 -0.0990880151466845 -0.0110549250806437
0.152078101676276 -0.152253400632986 -0.0813308272889945 0.023211815367757
0.276128478254137 0.0854117909550193 0.0083161232869843 0.0469142615330633
0.0684797363165054 0.285475850284349 -0.0215008412096417 0.208294793985001
-0.180473533932456 0.193984700643211 -0.195392477971467 0.179078550795264
-0.334244085839852 0.0361560078666869 0.0277648691998001 -0.0686428612024485
0.054985768499358 -0.0367995778412663 -0.14570069944193 0.168986305152555
0.0996557450934367 -0.0361344069567716 0.196949257957043 -0.0863212713139128
0.0484855677072835 -0.104867160303834 0.0511934050748096 -0.27818492690041
-0.0590204497158171 -0.0870840231963112 -0.0498860880719189 -0.106191448414144
-0.0650348297117327 0.0234127295235423 0.0245133568804997 -0.00701575424047723
-0.00377207267580212 0.0614730638151712 0.046019723081452 0.0387840457987041
0.0205830187194021 0.0495991565182475 0.0645614831320558 0.0996440419167396
0.0191548533360218 0.0365658717774699 0.0789350620711658 0.174704761656134
-0.00740917342365897 0.026217611545515 0.100835319040683 0.278772088278835
-0.0182494181535201 0.00271529831809741 0.0479271226045829 0.356989635659498
-0.0273310159335703 -0.0318490058101931 -0.0511292084104467 0.422658605858706
-0.0180063462786258 -0.0597534351992842 -0.270333786425529 0.407531397348962
0.00273572886998962 -0.0812828712966857 -0.501343010232746 0.226188303208294
0.110705279620294 -0.0804931818295223 -0.590399272195277 -0.132668228382943
0.175209482176494 -0.0194516043098707 -0.602813509379607 -0.368054767838929
-0.190884872822327 0.0350108766874355 -0.1368476708173 0.161618541587559
-0.0475547435185622 0.174355100101636 0.200421557470784 -0.073922362511503
0.122226510707218 0.114866579242992 0.0767431428233186 -0.287267004201818
0.159295012217846 -0.0449346080979337 -0.0442054300171129 -0.149396192685906
0.0391872871104544 -0.11245751107682 0.00385911416047465 -0.0139900785309452
-0.0157667228357469 -0.0577668848823585 0.0298891591760938 0.0371660832069373
-0.0228548436971016 -0.0496363299246191 0.0532556432924306 0.10540292533594
-0.0244730517457134 -0.0489552480165871 0.0791308810484057 0.172029620653294
-0.0379368676628538 -0.046433700003524 0.110033225778142 0.269783409925211
-0.00713434079305785 -0.0542043019477742 0.0603151900339169 0.341506899317534
0.0185549532782264 -0.0692036322721351 -0.0265524226079889 0.420132722734743
0.0655755356841955 -0.0434538304187251 -0.236116570939462 0.420640127097417
0.0501487738975833 0.000654812064320581 -0.486115319763748 0.256321677016437
0.0499025160528466 0.0118696858101507 -0.596295252306014 -0.0632505471629388
-0.0145021083885268 0.0153077755806667 -0.643666592708308 -0.308964027654843
-0.393977259016262 0.0878833046276739 -0.0784745266347002 0.154630706979257
-0.163926135285235 0.340422833715371 0.175224156271544 -0.0427917349096774
0.174864982896928 0.293747974512927 0.119759152462348 -0.220621987888435
0.330104692478566 0.00170258829707629 0.0379235916056476 -0.17773410353012
0.136023202689399 -0.208618143952133 0.0276560100563716 -0.0822294220133407
-0.0105209296168963 -0.153628163165127 0.00824761511775456 -0.0236504002008841
-0.0523361765724426 -0.13818079459409 0.0196005970452792 0.0734736378120051
-0.0628102751465009 -0.125164259125642 0.0649216441087099 0.144174972642244
-0.0699520803979172 -0.111473314664492 0.117464113246816 0.237855562786807
-0.00976856727919545 -0.107272138431427 0.0748388292890834 0.314293529556458
0.0491066837287281 -0.116791304996645 -0.00908470058453619 0.419248844510918
0.15375822452805 -0.0488294605259638 -0.224077006750305 0.424243914739237
0.118860919376806 0.0806929154782186 -0.471242514170007 0.251343969517808
-0.00354624386134051 0.123318553415387 -0.558636766877487 -0.0130727623851218
-0.203758532016036 0.0619938448397071 -0.615268806498358 -0.238489933604295
-0.525336469579334 0.114539235608782 0.0144532919093818 0.169686080889029
-0.220454807638104 0.4297718280401 0.168447054479346 0.0361930475833061
0.206499511700941 0.384234245311106 0.216674495201433 -0.121470473565036
0.414365344445129 0.0303917500250214 0.170214209115024 -0.219982340112989
0.19354672876614 -0.244765690075486 0.0669234071833729 -0.192525742768089
0.00488685270301117 -0.203027321823007 -0.0170136460287351 -0.116449914995694
-0.0623156739774721 -0.199200882077893 -0.0242017175515869 0.0127683137053194
-0.0916127635352151 -0.182029738266251 0.0404164784640733 0.0927043401192526
-0.103206916420731 -0.161952212411807 0.114086051400988 0.187891448501127
-0.0284947365008633 -0.159863907885005 0.0738079161490606 0.281062748746921
0.0653110531971806 -0.182689003016838 -0.0188238423927153 0.410096262735218
0.251895145448426 -0.0769140821240303 -0.235867539531676 0.388727364973855
0.209501850597496 0.162463603133018 -0.440081257757926 0.204231792749451
-0.0505688617395435 0.245112998476438 -0.468816706687587 0.0116257977815417
-0.369617363910315 0.109609514578088 -0.525324992774126 -0.171205062434193
-0.581323327692629 0.119560714338748 0.13507940960997 0.215600257714163
-0.23584982731336 0.436328845900949 0.231262494197672 0.140558375049342
0.194425771754735 0.390660861552938 0.362499927642424 -0.0641894811208414
0.403749466094662 0.0567657656358971 0.293911209059797 -0.295213405546908
0.211590700617721 -0.218763257937441 0.0883158742156965 -0.308449356263475
0.0268118567156953 -0.20327913853674 -0.043642481053486 -0.20962383640158
-0.0562383121462497 -0.223932159098882 -0.0653598920643416 -0.062859552373204
-0.10438086311914 -0.212486712169617 0.0078976778929473 0.0236412592979021
-0.128565346158664 -0.197517132394425 0.0891596908442636 0.127270846901899
-0.0501796855715802 -0.21148170254247 0.0408979942432003 0.236063837127358
0.0852051667757131 -0.254890383026465 -0.0635880788068654 0.364915567321176
0.357576756259627 -0.0984240295202043 -0.243955468582044 0.297809056799606
0.287145155680187 0.254970420369274 -0.358930700890466 0.125570667965212
-0.104548486906583 0.350835710684707 -0.343170606190098 0.0394936277333031
-0.489562444296688 0.140300255257764 -0.388722738848923 -0.114030320613809
-0.568305063371266 0.114053912117265 0.279446268275282 0.274120067767423
-0.225023180624462 0.383610574017966 0.357661658810763 0.210647470138003
0.142852749020834 0.344803660292833 0.491809005758644 -0.0797720340810614
0.329139259634324 0.0888450700485901 0.3578646882507 -0.375401738820839
0.200621080770559 -0.151822046619998 0.0819541403116861 -0.39141617571568
0.0452709300257557 -0.169820320245565 -0.0655381639024539 -0.281225482095274
-0.0394148979524392 -0.21274893221658 -0.094653000224758 -0.140561327492364
-0.0991162089909022 -0.21057666498184 -0.0286441723928943 -0.051515669234245
-0.135412751484043 -0.208468686329902 0.041423558854747 0.0615132524181882
-0.0532039237153488 -0.245857050641434 -0.0177748678996291 0.168116358999735
0.122120564980737 -0.294512543966285 -0.112240269688296 0.2640879014061
0.433552747232131 -0.0695750687446702 -0.204794933446297 0.166092886460478
0.298998401192543 0.343337427234009 -0.220537487391221 0.0766909963399804
-0.165884197427824 0.394932832389387 -0.224859258701013 0.093825290745798
-0.537029200357813 0.14156961415121 -0.235151820740718 -0.0744332724485275
-0.488730257547089 0.10690271995593 0.426936729760131 0.318257036480219
-0.193326925930549 0.305352746681132 0.495618512701219 0.217641871592385
0.0800470921842504 0.278112754746736 0.556522818658227 -0.134262210984443
0.235649476400641 0.113518090048142 0.359009961499482 -0.426431579673839
0.170482391985338 -0.0800048034569168 0.063563543661251 -0.428603057752962
0.0526845657683639 -0.119598088886505 -0.0733841467443464 -0.326773631799644
-0.020599109304449 -0.171073681577942 -0.109186853168891 -0.208917220595983
-0.0768750172413603 -0.176600189154961 -0.0643758425406352 -0.117237386112809
-0.115138622118088 -0.18959953587187 -0.0166856346183684 -0.00350546094315829
-0.0284504832870322 -0.240011626251811 -0.0741719258461561 0.079547202897741
0.158048203761889 -0.263213768874174 -0.1216344665102 0.132931030223574
0.419654611110023 0.00941417098610822 -0.101456073289611 0.0639617549980665
0.215961158613519 0.37439554264953 -0.0782364230776317 0.113727065648068
-0.208169473419919 0.342343870325157 -0.171380887792259 0.160629165506585
-0.492000633411274 0.106303126455803 -0.0887875936148622 -0.0585809138625202
-0.353804091570542 0.0939146429869945 0.548265254477593 0.332707503364687
-0.140619471058475 0.215412789150181 0.596927195393128 0.176715513569983
0.0321528580025823 0.200785446037638 0.56508586886122 -0.19193557228617
0.143366306469301 0.110143028799701 0.327927953524445 -0.445314125254534
0.122271183269257 -0.0259112368703212 0.0458875262756241 -0.439344606737829
0.0456614165431907 -0.0671263610325633 -0.0741035780470682 -0.353601583936218
-0.001030742395879 -0.109707166823559 -0.114334402270817 -0.256875240143922
-0.0409631518613457 -0.115318724688823 -0.0935569808889341 -0.163071404654666
-0.0711626700241793 -0.136055714881459 -0.0694305152552728 -0.0606334888345972
0.00632651075857001 -0.176230978044373 -0.103827463995524 -0.00578478751971463
0.152731952703826 -0.160891595461148 -0.0832885486773416 0.0254098587351048
0.290047766291199 0.080077703031516 0.0101852123488503 0.0397444753533062
0.0801139198434575 0.294140632284171 -0.00985893171025133 0.207277531243443
-0.183964251457402 0.201569115734135 -0.186007294038026 0.192117812126238
-0.345577175435004 0.0475516674155419 0.0323885421308352 -0.0669152960511351
0.0529507327405787 -0.0407272201059621 -0.14264803755473 0.186009833420258
0.0981758330383799 -0.0588424570334581 0.18220074698941 -0.100887435381775
0.0298816817588589 -0.117622426483843 0.0243560537478191 -0.278410357900251
-0.07652366492069 -0.0805922453022672 -0.0555485047777296 -0.101700143577294
-0.0628231965696781 0.0314177670169913 0.0243012007467362 -0.0142572718796917
0.00461488747213125 0.0622789111316315 0.0509371518092739 0.0323269595048064
0.0297748317746789 0.0494622780481034 0.0729067715731269 0.0938342143716733
0.02548258455027 0.0348093124591446 0.0985456518324437 0.174714674197769
-0.00452791270023088 0.0285542321667092 0.134999617678214 0.284551506467703
-0.0228111963566425 0.00307837757620643 0.0862288725573445 0.37482559653044
-0.0391153306766273 -0.0315785070041364 -0.0114602478781039 0.448800453713792
-0.0311834659971467 -0.0679907193942596 -0.241175881604849 0.457194633263885
-0.00754540447076819 -0.0924384439356923 -0.501407288441994 0.289699498148225
0.113547953185418 -0.108882869303202 -0.648038588680735 -0.0758928672158674
0.188910031608551 -0.0475881014003059 -0.679558819100632 -0.338403148694162
-0.18702209484742 0.065553687837629 -0.13871259297268 0.1594493863496
-0.0228786205990649 0.174079242245728 0.174216386485257 -0.0986816619559156
0.135974866098675 0.0967805656901348 0.0301520025136943 -0.287736634069702
0.152444874626755 -0.0706162931150928 -0.0624899233641044 -0.128752399160834
0.0241200418984528 -0.120084072798481 0.013563899263421 -0.0130686732836377
-0.0207565891118868 -0.0576183589826276 0.040027516176287 0.0321008158193325
-0.0309598600118493 -0.0483790854824636 0.0703556255189847 0.103267290756892
-0.0284247513518067 -0.0490433538845185 0.0988966672222281 0.169923730749967
-0.0436777453884476 -0.0428290008151447 0.143138021622895 0.273445097334637
-0.0164759365667548 -0.057062928667069 0.0967070052299812 0.357110176725869
0.00498051040184989 -0.0742009940960961 0.0151802380282384 0.444182333552018
0.0562293151376052 -0.0605663895507498 -0.206434604791866 0.467434771313508
0.0505816959964064 -0.0132068945099274 -0.485425871491228 0.316464939598821
0.0561395540235948 -0.00691954528479335 -0.640595096557933 -0.00463266515640449
-0.0102364581379399 0.00844611817803716 -0.703868387460737 -0.268498503755417
-0.385905780358334 0.148127190603698 -0.0808502745438054 0.132273023485309
-0.118663775226159 0.360115049086115 0.141533946320109 -0.0712518070422893
0.21653459002876 0.271168846902988 0.0657303153179671 -0.220614107658693
0.334725359906424 -0.0483301794028702 0.0104216421677359 -0.15420399584092
0.109898747868845 -0.229959415855244 0.0374651756101443 -0.0794850460039613
-0.0264843293343005 -0.156222026866156 0.015386948366486 -0.0269070204807714
-0.0734558023426843 -0.137528349882116 0.038625560144929 0.077519777111972
-0.0761823802265304 -0.12398178408134 0.0821228559962355 0.140441829233941
-0.083571965011928 -0.106258606567529 0.147716460855929 0.23781450120889
-0.0240450204964695 -0.11078105819539 0.109639772046795 0.328097392802598
0.0317115769789059 -0.126400412037531 0.0346233160388761 0.443782790011247
0.147285045915212 -0.0762932554575328 -0.194489716957408 0.470715598223079
0.130867859357842 0.0620221553879713 -0.475228502212198 0.309862979638159
0.010175437919442 0.115771290572558 -0.586862251341988 0.0396966895011701
-0.206826880667975 0.0785889253159581 -0.657261622688616 -0.190992243327052
-0.514864263780538 0.190796142908353 0.0158104171724535 0.130437010302799
-0.165556667028125 0.459904762113089 0.138228904620834 0.00619393007158843
0.263374886075382 0.359398916968841 0.16803914490227 -0.128594552446876
0.426386054474285 -0.0329001387628282 0.138193073769458 -0.205988629808568
0.164557508389385 -0.276438524005506 0.068519175526795 -0.193612997139169
-0.0162927838186793 -0.209097026736176 -0.0171522040661358 -0.118585957376012
-0.0925299665431104 -0.199462296217533 -0.00835685712407941 0.0223383815387081
-0.112074741855454 -0.179670967991565 0.0520421343503787 0.0880309639368525
-0.124033321057142 -0.154340478626418 0.139465671036905 0.184269422066344
-0.0491089979881317 -0.1620844483288 0.107216213698671 0.294396211712208
0.0404666934563985 -0.194975697663154 0.025864342384926 0.435704481481988
0.245621888591629 -0.118026940422629 -0.21453476926907 0.439061148808128
0.234486099858452 0.135567716445428 -0.452970677623592 0.252718110575823
-0.0276598170691883 0.251516001439757 -0.481198652724243 0.0523648012014612
-0.379801815833132 0.1484924066769 -0.543188193149915 -0.125021640084662
-0.570927625227654 0.200643388248131 0.147268678590078 0.16427250023963
-0.178489376527335 0.467465047513889 0.214124530699034 0.107625730915187
0.252185728895498 0.367553300905303 0.324950664555822 -0.0873488671063557
0.421104929702808 -0.00602487014850575 0.254661611836181 -0.297122924561993
0.185953798075714 -0.253054141542029 0.0763211578710066 -0.313578557601489
0.00544719130430949 -0.212914337212666 -0.0545135689759736 -0.210611303245646
-0.0901105458304777 -0.226121701991764 -0.0579080210762572 -0.0490012754829993
-0.128159620594857 -0.209794436778223 0.0110441222470082 0.0188367201993234
-0.153965587805146 -0.185950098659439 0.106707232680281 0.121750486831225
-0.0765791885060041 -0.212046903991558 0.0691748758167505 0.250488891877584
0.0510850966715267 -0.270669833533154 -0.0245159757608247 0.395970719908773
0.353341705107379 -0.153629486468577 -0.236247211547257 0.346569701245895
0.327732578730175 0.223306930400503 -0.381523704802175 0.157718080919794
-0.0746648336254831 0.371567137661817 -0.335322412943547 0.0635363413865036
-0.505691917644027 0.196442166927226 -0.38511001397888 -0.0727872800154563
-0.557315411790198 0.192251673360273 0.3037692463983 0.214844283459521
-0.173210684935321 0.412365288736684 0.356433087811711 0.16781631905769
0.192908461073502 0.327702503746977 0.461781147531899 -0.120719304146785
0.351715998790496 0.0379385966047408 0.310621347971553 -0.393334881058193
0.184423851226675 -0.184634950991039 0.0566779620698983 -0.397798375585106
0.0271901119188099 -0.180234270539298 -0.0852306976275349 -0.281042506679308
-0.0725785302555082 -0.216994500600803 -0.098123345122101 -0.126788357720275
-0.123230326061413 -0.207754340285741 -0.035137004647906 -0.0562625204010552
-0.162958388436007 -0.196149564419772 0.050405543997477 0.0572296115397457
-0.0845519017749051 -0.247113689886522 0.00106103408659883 0.186411045080451
0.0844804252838103 -0.316654925076073 -0.0867207820729115 0.29786698851223
0.437155319659823 -0.136231455876952 -0.21389531018075 0.203389647827108
0.35287665398975 0.315586067256563 -0.24098049675265 0.0858663373280136
-0.135287050106769 0.427739715973082 -0.19788161133266 0.108023572237899
-0.557822332631654 0.20545633525232 -0.216231650711164 -0.0421553262941938
-0.476405832458526 0.173298632162721 0.46198994101486 0.25323222059413
-0.149964469671673 0.326496542953674 0.505619374808989 0.163755989846463
0.120626205896547 0.26760865599273 0.528973323561175 -0.189696873280383
0.258480005356805 0.0750305010028793 0.307182408138385 -0.452643770579713
0.16183461961649 -0.108205430516167 0.0296782228439816 -0.434290984402514
0.0391105921622033 -0.129616238283962 -0.0997769368755825 -0.327515172594588
-0.0470212179590245 -0.177147177338153 -0.122949142387023 -0.197700573909762
-0.0979851939724503 -0.174893903669223 -0.077660789769779 -0.121318057212234
-0.139648753662858 -0.179809908815702 -0.0170926035697553 -0.00537255667578238
-0.0582929311927631 -0.243596769291443 -0.0685115002486874 0.0989088212271735
0.125726081761669 -0.289929395025886 -0.112171412105937 0.160703682029273
0.435642705157478 -0.050265312961188 -0.116121912471166 0.0798150983993248
0.268807590934105 0.360629753730646 -0.0811733700242982 0.106509923043869
-0.187189912818482 0.378697567064724 -0.130988824717961 0.177712218776916
-0.512596874581613 0.166630198445087 -0.0623135216289995 -0.0377514356591189
-0.339834213575365 0.140178733041815 0.591098777504929 0.267941860610735
-0.107521168455812 0.227200916163774 0.613194671124415 0.113229850779408
0.0609437550969333 0.194535821557975 0.538374361273212 -0.253677465795997
0.164772794963965 0.0842353027261873 0.276210639220243 -0.478003925688428
0.116653883700932 -0.0474245913590923 0.00584796230479304 -0.445286651702029
0.0355269930526861 -0.0746397628956527 -0.105106173105378 -0.355189301125501
-0.0187275190643117 -0.115535445817381 -0.138620945044387 -0.249162223712095
-0.0550809245201139 -0.116185979309978 -0.113801501496076 -0.16337944162454
-0.0891374398308442 -0.129979870103511 -0.0779860718657614 -0.0582128345063343
-0.0139449250821885 -0.182905514205033 -0.110045611651489 0.0117291683875068
0.135034886955538 -0.184798603461808 -0.0848392770505537 0.0402063615798031
0.311070993486857 0.0417811351153354 0.00371643758080871 0.0371954720863232
0.117081193830708 0.295039333523074 0.0113950437845366 0.200896344115709
-0.176647009666402 0.226548558448278 -0.148764562750139 0.220744115175963
-0.364498767974134 0.089721673899938 0.0551627818004765 -0.0583088215410003
0.05169115421302 -0.0454912895816359 -0.143175552604768 0.197472691112079
0.0961932985663591 -0.0730137567696392 0.164293092717869 -0.116490110702354
0.0194518291877321 -0.124520481236923 -0.00533415445112777 -0.279884985359684
-0.0885227828046395 -0.0766629509355188 -0.0658573753203122 -0.0927003855346437
-0.0631021536837862 0.0370815225344091 0.0261099628157476 -0.0182946378160385
0.00951900030750823 0.0636645253776571 0.0564351599120638 0.0260851801522874
0.0333978983267201 0.0475921278247522 0.0812738789414966 0.0903575754671529
0.0293060394836357 0.0330400384975452 0.112772901814567 0.173945190261032
-0.00133883183185252 0.0297200368158258 0.159248170241506 0.282266218276442
-0.023976065662575 0.0041592177860126 0.11492756262307 0.378176907781287
-0.0444940024848835 -0.0300169767613819 0.0190391717939092 0.458254089436369
-0.036876717679712 -0.0673979343534734 -0.212602109910731 0.478877889958906
-0.0127939939646993 -0.0930874761706438 -0.484908934921724 0.330588600112854
0.106026003175353 -0.121290043554366 -0.664191595672635 -0.0262784258200163
0.188729659166449 -0.0629369439390606 -0.724921306464045 -0.291280205325106
-0.188317012894889 0.0829928784284202 -0.139419866192619 0.169450725687535
-0.00998945367275145 0.176370713930696 0.154751868569669 -0.1133011303223
0.145938203241234 0.0875585199046404 -0.000205552607081214 -0.290449076836423
0.148697447488732 -0.0841761141797559 -0.0767877739501457 -0.119757474878808
0.0153672253685009 -0.125197890842716 0.0153679402224237 -0.0161719317041716
-0.0248717777719097 -0.0578225344680618 0.0448449682205845 0.0271258925461486
-0.0358230439509225 -0.0481869040175968 0.0796379104076716 0.100128953683104
-0.0327042491618455 -0.0497531195188536 0.11289996616515 0.168836820774123
-0.0467774786626382 -0.0409835147182286 0.16793167648054 0.270346941466457
-0.0207733114646329 -0.0577751107939911 0.124782014160606 0.359957048612191
-0.000291590988416079 -0.0774274189251911 0.0455657878592233 0.450124391635538
0.0549010009545456 -0.0661802642063926 -0.176406115709921 0.486885130543309
0.0517135363720055 -0.0151928923437169 -0.468477397261675 0.355926897675859
0.0527046938773581 -0.0125275529009315 -0.651256609516724 0.0474682591956851
-0.0112364073125101 0.00933658988104576 -0.745246169331628 -0.216538146495024
-0.387170519030447 0.182662398794548 -0.0815988536732196 0.136785988344239
-0.0959944903189141 0.374540749697741 0.125032902117298 -0.082965398814993
0.242543255080635 0.261916045779393 0.0418846576345187 -0.227213513589265
0.339905759302908 -0.0766993805476228 -0.00421273436552792 -0.152422321298923
0.0941428967417396 -0.244057889796128 0.0345842086219551 -0.0861508891463305
-0.0371144265196648 -0.158846713370763 0.0142001452063363 -0.0307575072013986
-0.0866779085040215 -0.13623553190612 0.0457685251203719 0.0752414958135599
-0.0884202506882092 -0.123791468808897 0.0935308247543076 0.139658248653679
-0.0929523239228613 -0.103687852911495 0.169762606932202 0.231857283344603
-0.031323557306012 -0.113416050262313 0.136189302034956 0.329079764124437
0.0248932034453633 -0.131640345394312 0.0675890328528384 0.448092103046069
0.147403254612859 -0.0893760674972184 -0.164596374104929 0.490210924032699
0.138896061300178 0.0552257746159814 -0.459177534681056 0.350858487258971
0.0129142566849515 0.116623420584594 -0.590693849125564 0.087527644298184
-0.20913515579203 0.0968807208844865 -0.689786161386896 -0.140925788255408
-0.517829629984653 0.235396905360092 0.020356848500439 0.128709681568938
-0.137245657281792 0.481203804553046 0.128730219222217 -0.00310819936092686
0.296625483366992 0.350855371547334 0.155612190063 -0.141186003085339
0.437234278905648 -0.0654154801445985 0.120778173576236 -0.217040860655906
0.146501939453738 -0.295191175486763 0.0577805873424704 -0.205215893148354
-0.0297519996690017 -0.215146392006602 -0.0278333687594932 -0.122315870555618
-0.111092411483657 -0.198864213109726 -0.00664748699768027 0.0218544304017478
-0.129754004220145 -0.179843013825404 0.0580185643499157 0.0866981245994238
-0.136698718121671 -0.151119119464398 0.156219605333193 0.176632530958932
-0.0591414837452108 -0.163719815550152 0.131305969508723 0.294290156852554
0.0287818274761053 -0.201212177979752 0.0593834480426027 0.442314168515515
0.2458105867133 -0.139966449783533 -0.18447422827707 0.461553810423314
0.250601711369293 0.123416150961953 -0.442703798653768 0.291145890187316
-0.0164297320601223 0.258418186360217 -0.480714493586916 0.0919809995578234
-0.381564106901853 0.181702999730438 -0.565630340492452 -0.081269944038647
-0.574558360255927 0.250091240329703 0.158646700854139 0.153188701781801
-0.151838134544705 0.491074347619845 0.21715376937518 0.094313776665076
0.284595187261683 0.360759235276475 0.320784750961708 -0.113231891222651
0.434114371480836 -0.0362556806717143 0.232486512111999 -0.320811848873591
0.17212474315126 -0.273043923286831 0.0547942023556567 -0.328262317499185
-0.00687554179290623 -0.219764942520404 -0.0724494818159128 -0.214031334042905
-0.110626318006729 -0.227815018837769 -0.062784520985444 -0.0478530412542825
-0.149682053854 -0.209044100555943 0.011066180514513 0.017280141376034
-0.169521145499096 -0.180869180842482 0.117582833049746 0.113465688655433
-0.0913762741445887 -0.212329301327013 0.089386193474798 0.252251724598268
0.0345174356043455 -0.279457652906341 0.00612139862950301 0.405838078605891
0.353057291211666 -0.186400896070708 -0.216831972287598 0.367865436422682
0.35405333464713 0.205737538906448 -0.377180547331694 0.187748567104825
-0.0550665041865354 0.386100547759051 -0.330979411085601 0.092378718065152
-0.507178308863612 0.24185685277993 -0.397691654756704 -0.0410267527642708
-0.562228201010872 0.242223020742314 0.325615027275515 0.19353874238577
-0.151066579515605 0.43451989149356 0.36978828455521 0.144766611068183
0.221147007745552 0.325214660540372 0.457736696473248 -0.159403407180051
0.367425134974153 0.0145895662365496 0.282331066556388 -0.422681788539257
0.17736937405596 -0.202911555329269 0.0286815733886182 -0.410952352237323
0.0194977162090996 -0.188026181811543 -0.108737575181378 -0.284122006937243
-0.091501067908088 -0.219641272994642 -0.109633263608464 -0.124303091005381
-0.144074106858198 -0.20827332719721 -0.0421598091318946 -0.0570654867450044
-0.179380764014775 -0.190697698591985 0.0553468587697668 0.050512191507001
-0.102954231880955 -0.247660027409417 0.0146409659604621 0.193311829885866
0.0638683065038848 -0.330240784248009 -0.0650468997473139 0.310654117840438
0.44101839291728 -0.174762037025379 -0.205064283492886 0.219048015558843
0.389096498497333 0.298139441619274 -0.239393636215914 0.101141112064787
-0.111684545586623 0.447941084710475 -0.184693681611187 0.12510790821424
-0.557939778853421 0.25625417663814 -0.220241928359877 -0.0227260627518308
-0.481258482556605 0.217004099534082 0.492252190843036 0.223478730779037
-0.132312578497081 0.34497634922309 0.523328592129891 0.127728704332732
0.142238165917971 0.269612458797997 0.521092332284065 -0.236062880344037
0.274979446770994 0.0598484700251514 0.273941714289562 -0.483731523520143
0.160403615338683 -0.122178511130043 -0.000838707615426423 -0.444866534922028
0.0343511560584745 -0.135778238613061 -0.12621466039234 -0.330335838648784
-0.0621483209803463 -0.180228459323829 -0.140913304918844 -0.19504689118763
-0.114659570154765 -0.1763617072833 -0.0908851786831325 -0.120718353334164
-0.155250753103021 -0.173578206267747 -0.01802956750503 -0.00717685455251292
-0.076590353043419 -0.24667998009827 -0.0627963738743835 0.11005634983729
0.107729361319239 -0.306668478248634 -0.102323535456181 0.17183830410141
0.446076638195216 -0.0871420222624007 -0.115173142239903 0.0838796428098968
0.307073099930605 0.350649995312039 -0.0721475328941807 0.107794989867521
-0.168467250292318 0.40297611717139 -0.108551571600325 0.192231022652223
-0.515681430795846 0.215375106492577 -0.0598861569485311 -0.0301701463999726
-0.342576157982576 0.173075484937347 0.627985875959762 0.228918270217797
-0.0955762992470003 0.240645346865743 0.629408580167983 0.0677209507045671
0.0771623480355719 0.197275444072442 0.525612266180032 -0.30270627177406
0.178164395746049 0.0763058030831817 0.241107523367501 -0.504402067763812
0.117840431504401 -0.0565262576596576 -0.023647076681687 -0.452644602051054
0.0333577993050272 -0.0780327575998481 -0.132603922225016 -0.357852626737206
-0.0292874759419442 -0.117542872371802 -0.159868229828877 -0.247795520144922
-0.0658108560689596 -0.117827602671824 -0.129839233311466 -0.162523394052224
-0.0997998070591552 -0.126625631304612 -0.0836370141649304 -0.0552221042732296
-0.0278237896288392 -0.186929488398731 -0.112554687490752 0.0249151451415352
0.124310142117652 -0.200400039562183 -0.0844180493824835 0.0468824436512609
0.325613678616986 0.0162956345738258 0.00511064523289942 0.0295240804543078
0.147122261301384 0.295488312928126 0.0320725603463029 0.195741843632126
-0.167964739668873 0.246007778687249 -0.121988622818267 0.238134504478372
-0.369585724767107 0.125219876165472 0.0602197768963368 -0.0603732019554408
0.0487344461938543 -0.0484600745508243 -0.136802473607591 0.205072222297464
0.0889800206757538 -0.0848362631409622 0.139135261601752 -0.126590586493854
0.0069477155844717 -0.12735833503254 -0.0367730533141472 -0.269684259252436
-0.098113726664271 -0.0682051355897045 -0.0729102555830885 -0.0789620282876874
-0.061155527186139 0.0416661740155737 0.0257307842236205 -0.0210709637542373
0.0152856631059755 0.0626080783392867 0.0596005007394691 0.016686770449479
0.0374591348224172 0.044632030433325 0.0879226496987498 0.0828181079036296
0.0322818511533521 0.0293395184943123 0.124361652702609 0.167293145335331
0.00105788296431267 0.030581080917727 0.181718067345465 0.269729335258397
-0.0250605557583455 0.00647650689517845 0.144403069396286 0.367705712914376
-0.0487567549278525 -0.0257915567231632 0.0527654681951155 0.452025440762195
-0.0423662279138967 -0.065393410707617 -0.172220721015794 0.486994331273861
-0.0181161639874699 -0.0904698969588613 -0.451477058856407 0.360788853658422
0.0945238676938341 -0.129402004312935 -0.657618364692582 0.0284088179991759
0.181206875794761 -0.0781937723967894 -0.748799451123599 -0.226696150506033
-0.181599751239017 0.0996486094565277 -0.134865984401905 0.177503711716029
0.00251585749851239 0.172535923814179 0.129923335761343 -0.122641623128461
0.151907337330619 0.0748757388125035 -0.0325576928808159 -0.282013893304277
0.139915436288369 -0.0966944950234419 -0.0871942407753961 -0.105052963969079
0.00282577886064373 -0.125385977034835 0.0156405777941243 -0.0182631980438981
-0.0281749109998445 -0.0561930074745545 0.0467723661330164 0.0200248278441143
-0.0392100836671883 -0.0452752705816961 0.086402500611128 0.0924841624657109
-0.0375483866789004 -0.0488572814245909 0.123572605264529 0.161921437737641
-0.049245789581995 -0.038078994784028 0.188487618838334 0.255848725606661
-0.0247098702370857 -0.0566704264352403 0.151858387966709 0.349403379417976
-0.00633145133315855 -0.0765094836544867 0.0789286602073844 0.441735345573829
0.0500435367760716 -0.0706834898965058 -0.136525597187241 0.491764351289493
0.0510288854362408 -0.0175319203103224 -0.432097474471261 0.387109698740578
0.0476815752304209 -0.0170311743617503 -0.638238922535632 0.0994844966498733
-0.0129018109162023 0.0112799003648878 -0.760569874328815 -0.150299290077402
-0.373656195682034 0.216103883919814 -0.0781187503720087 0.139650741387334
-0.0669263834883619 0.377926464971542 0.103109546047555 -0.0900044460776507
0.262100717626218 0.242208477114084 0.0143368647482951 -0.223981561554257
0.332367874380461 -0.104187192936495 -0.0187944987072316 -0.143714903960161
0.0722693255369108 -0.250328539175517 0.028522850644333 -0.0898116336858478
-0.0489444505633581 -0.156530868356191 0.0112386875528039 -0.0346743249576872
-0.0979828677873896 -0.1296774860834 0.0503512870307321 0.070648691262115
-0.0997277682756404 -0.119634230291571 0.102629669076304 0.133425658838867
-0.0996371266018356 -0.0982414206807717 0.186451158743707 0.216815437099494
-0.0384956547370738 -0.111521899474388 0.160738336140344 0.317422499360843
0.0152572456804843 -0.132825370648852 0.100648604247678 0.436443790877329
0.1416068239169 -0.0999699216779506 -0.123435553486134 0.494886889666002
0.143189763422538 0.046540519666048 -0.424299829028984 0.381590850626588
0.0161669639592993 0.115035658046654 -0.574363722894454 0.137230007687049
-0.202385502787378 0.114747098668681 -0.697016007513561 -0.0806528414710024
-0.500402914919322 0.281571129346729 0.0227977686546895 0.122101350731979
-0.100348223129043 0.487580949367716 0.114310765686994 -0.0107623678870104
0.323357295427704 0.328008514287744 0.135145248810914 -0.148833212509768
0.43198065816536 -0.100447920192767 0.0990362676251866 -0.219246310381664
0.122114832606715 -0.304080510160679 0.0408977008330823 -0.21112163165573
-0.0439955238839018 -0.213233775145057 -0.0384224585902814 -0.122189754230991
-0.126548012717399 -0.191173472338441 -0.00576788020771915 0.0211690496956695
-0.146079284245636 -0.171737221155258 0.0630462509242632 0.0821871257630099
-0.146572475684714 -0.141400832587801 0.167640718805435 0.160523308145642
-0.0695363685719455 -0.159519135639299 0.153135555266346 0.283435084285559
0.0154720945792146 -0.201768154040388 0.0928438161320885 0.431411190102065
0.235561029949822 -0.15981342401907 -0.147729887038466 0.467382797070672
0.26037716373003 0.104549298285509 -0.415212817381657 0.323189463331005
-0.00359242968201673 0.2588510664156 -0.464686019442321 0.130597463999469
-0.367383738753832 0.214134862927504 -0.568540630698902 -0.0317079203199745
-0.558337903251662 0.29933913743169 0.164784825757268 0.137014400561723
-0.116641939779673 0.499855949987707 0.212488552983178 0.0780232395262201
0.312407250988915 0.33962563298838 0.30338597547398 -0.135470950790239
0.433697834686998 -0.0708354251698053 0.201114357381449 -0.332284723791347
0.151389661670293 -0.284812557870682 0.0282793063532015 -0.331899197263017
-0.0202667633733734 -0.220363572465934 -0.090897636635893 -0.208987731555436
-0.128526224888043 -0.219566601411758 -0.0666986191679045 -0.0440878057331089
-0.168035450050206 -0.200487058011873 0.00992704494313413 0.0159377380520419
-0.181695295832775 -0.16941881241086 0.124615614885671 0.0999427828014414
-0.10594007088656 -0.204900519449572 0.108885329838371 0.245338105697131
0.0137911202473832 -0.280057273390408 0.0386667145551907 0.39979473475383
0.338408096360495 -0.215465188975063 -0.187893431457344 0.378908292874575
0.370937825174988 0.177513708663878 -0.359161496471827 0.21559619596187
-0.030019700082107 0.389359393245473 -0.313488746683936 0.118205702171949
-0.486723003419829 0.285742921669506 -0.396444511233935 -0.00497199270606448
-0.546046725396935 0.290342827504985 0.33742841723187 0.163311737991309
-0.120007026955183 0.444061073308764 0.370669012087938 0.11414955974393
0.246222742978678 0.309813879306884 0.435346379175464 -0.195125021692911
0.371172020304386 -0.0137139030530954 0.240807856419092 -0.439251777968393
0.163283719796193 -0.214582234598997 -0.00356620385162082 -0.410666809712935
0.00845048965775898 -0.190428681503746 -0.131843331325161 -0.275042237117381
-0.109072655193149 -0.212554335909053 -0.119582707762329 -0.11745356161984
-0.162768383326503 -0.19936105285404 -0.0485680649567656 -0.0555202376306612
-0.192502688807988 -0.177713475457098 0.0575626389751195 0.0425192187190184
-0.120194649041259 -0.239076078540427 0.0310594150942121 0.193157880314023
0.0379108620710702 -0.333232956789612 -0.0396080726167224 0.312838902662512
0.426488509560879 -0.212862757582109 -0.188757082875696 0.23028051840017
0.413421932225452 0.267363498157195 -0.229291441630402 0.115977274795554
-0.0816632435687514 0.456938877051764 -0.163224383582439 0.138813306919597
-0.537496849665095 0.303768404142967 -0.215585086008818 -0.00086284794579348
-0.466827638051132 0.25870649447639 0.508629903280114 0.179683032793685
-0.108738038992499 0.35399795810963 0.523569058592913 0.0830363327701795
0.163589979614104 0.260728956850102 0.492565892053226 -0.277243081150622
0.283105969295001 0.0391968111572476 0.229483856403505 -0.496780869420868
0.152024410111304 -0.133045230308418 -0.0340977294637683 -0.440541318967431
0.0281563469497627 -0.138360244437664 -0.151742006277252 -0.32091818428475
-0.0772703130298091 -0.175365653871859 -0.156559756005067 -0.18563895250041
-0.130918937150684 -0.169693496694198 -0.102635454436579 -0.115458698273409
-0.167026368727463 -0.162301006337433 -0.0192876075364144 -0.00872674416537738
-0.0955390603501613 -0.239709695121015 -0.052111113760185 0.118409715656416
0.0822395466714794 -0.313945482312783 -0.0888439055739259 0.178102270781922
0.439142584233599 -0.127634281452842 -0.111456764683567 0.0867052957209135
0.338175534695044 0.325042174785787 -0.061598268186735 0.106175216890372
-0.139673504674627 0.416892283957112 -0.0798049815407139 0.19905359675619
-0.498468320911339 0.261080836467668 -0.0560819187068039 -0.0209566179627485
-0.330337203156571 0.203519992771442 0.643960558900632 0.174521530993623
-0.0782334862955811 0.247192120253407 0.623072176091388 0.0132751962628214
0.0926551248899449 0.193550215009308 0.491525803068277 -0.342788959587591
0.187201943874067 0.063041009200629 0.194807839616168 -0.512720035838942
0.11461885043875 -0.0643724060519714 -0.0555781115513791 -0.444543535341712
0.0301562722601055 -0.0789845721305316 -0.159488107743776 -0.34798413797202
-0.039425565619338 -0.114795626961667 -0.17917125680759 -0.23640918441957
-0.076896530870484 -0.114618676007646 -0.143503388005098 -0.154860866637611
-0.108482397484209 -0.118710035217373 -0.0868359506387162 -0.0506250899260892
-0.0431688564987645 -0.184721777199248 -0.108821758685313 0.0382224670387632
0.107222549266954 -0.210156905914201 -0.081963552950815 0.0524588366808078
0.328665204396749 -0.0142250347815455 0.00329450245819033 0.0214080128226103
0.174326685720513 0.28318016761281 0.0521723018079652 0.183027471723625
-0.152504208296448 0.26073350067243 -0.0877961000151586 0.246544512807787
-0.359530774398889 0.159056842556218 0.0622649698737741 -0.0619359513953571
0.0449987126326255 -0.0491551731207484 -0.131110717725737 0.206379200895054
0.0810867944970141 -0.0924357291827865 0.113520891190086 -0.127441183860055
-0.00221129642568861 -0.125690147461257 -0.0592935140194714 -0.250857500063151
-0.103115516963196 -0.0586521943910452 -0.0743279169852727 -0.0646066395873124
-0.0596872202635937 0.044290139746133 0.0251265223186037 -0.0221465520855336
0.01849622339208 0.059534184919908 0.0590838336892005 0.00844913027026401
0.0392993555268673 0.0420702300261141 0.0891759533499096 0.0759203930090458
0.0331582535002129 0.0254599355657431 0.130003769846263 0.158699254319273
0.00354696818488094 0.0300740794268802 0.193264015786434 0.252602878934839
-0.0257317320980043 0.00789339172887932 0.162078583932301 0.351812910630972
-0.0507710622165392 -0.0222599826923989 0.0749843258060389 0.434711937471453
-0.0458145125579377 -0.062267969577378 -0.138167005587221 0.480302631019096
-0.0208533795799876 -0.0861933605925929 -0.414244650097395 0.373666152122111
0.0821096433038311 -0.132194176615429 -0.634725960728151 0.067870945216215
0.171152734281731 -0.0862541892347465 -0.745476637231574 -0.172334708882646
-0.171301630340517 0.111632249035069 -0.130485379333136 0.1787461821007
0.0118462787476627 0.165627756836087 0.105225252470691 -0.123694194384963
0.152662017495836 0.0629111219004651 -0.0585189543266195 -0.264647767356166
0.128356881385575 -0.102700462605737 -0.0918394065767993 -0.0889855225293225
-0.00689792301804266 -0.121520271432147 0.0157375015087384 -0.0188475645194094
-0.0305362208225586 -0.0533430350164458 0.0470320714940462 0.0133736636058248
-0.0418635270899348 -0.0413152281320359 0.0878961987089372 0.0838930679604595
-0.0410272725224885 -0.0472788521375725 0.128222657052938 0.152750452685821
-0.0498453556774699 -0.0347539641319108 0.197957288031922 0.238825654821305
-0.0271288713806438 -0.0545873905212864 0.167891765227777 0.332915031315722
-0.0105475092440364 -0.0744518242621948 0.0999781312645873 0.422596085678111
0.0453912435527058 -0.072098105860609 -0.10545427245567 0.480368260085311
0.0498563948601576 -0.0184010576200299 -0.393504039689987 0.397337329488698
0.0409834847739162 -0.0197444170383909 -0.609748206642354 0.137400967682761
-0.0129878938165564 0.0123774595052073 -0.751339984072752 -0.097104972500308
-0.352015469167471 0.237701021755436 -0.0770426069596417 0.137863660618634
-0.0449622819674892 0.37074572319431 0.0805826323931645 -0.0904393458320637
0.270855191838631 0.220736054098611 -0.00833813241137411 -0.211202128970847
0.31803647633601 -0.122148468533505 -0.0285613661063696 -0.13205584271694
0.0543416525568555 -0.247980734578876 0.0233004096624639 -0.0910203447901473
-0.0554996731482528 -0.151046223568176 0.0074958244259077 -0.0369438567365155
-0.103537499186711 -0.121002476276988 0.0516340924195527 0.0647540594237467
-0.107023644900218 -0.112586371514238 0.105264938543761 0.125391487879397
-0.101809769753637 -0.0915679062172256 0.193254781840504 0.199565933456822
-0.0423042984599975 -0.108469711813649 0.174205694305102 0.300746915021036
0.00945360804030989 -0.13048743766283 0.122507994748206 0.415704851694896
0.132985623927685 -0.106107180419216 -0.0907149910759024 0.482107665697049
0.143134978063708 0.0382725512965221 -0.386843395806733 0.394946996334658
0.0169304000150995 0.112009428114284 -0.545666754310723 0.167812462870328
-0.191820675706249 0.124961476912915 -0.686695933459368 -0.0306158835537086
-0.474102656401581 0.308500777693538 0.0227126238187951 0.115124500995435
-0.0715662770306829 0.481654825173132 0.0988132833981628 -0.0141783085463993
0.336129822667892 0.301456305113851 0.114605945553042 -0.14821284641874
0.416469670634597 -0.125477248602084 0.0812664010829958 -0.21333557277141
0.101122197130049 -0.304044221764054 0.0270499566573981 -0.209936982096745
-0.0539987637595351 -0.207393757960752 -0.0475438474903403 -0.117559627863255
-0.135767894814296 -0.179956860225207 -0.00613777200336541 0.0198095841472765
-0.155321388506215 -0.161702328668543 0.0638951022278371 0.0773410843538614
-0.150098369701461 -0.132157286297631 0.171925533350951 0.144942796567867
-0.0750576833161597 -0.153279246418496 0.164776258102956 0.267500317202527
0.00531286828615425 -0.198636050714323 0.115130063398529 0.411627662300068
0.221466705233999 -0.170618762773407 -0.115382360357373 0.458566429096795
0.260688005003044 0.0876566782366156 -0.381884030762803 0.339469927222491
0.00658573694003207 0.253786485238364 -0.437405836590756 0.155208758565178
-0.347090993518616 0.232788231326229 -0.554528765563127 0.00782228845236778
-0.530127079362208 0.330935021669645 0.164552047119152 0.119717889147979
-0.0870943735897032 0.495131793809019 0.201007499411655 0.0662809568527133
0.324629772561808 0.314819032957218 0.279564527409089 -0.147326531543349
0.421279152202282 -0.0948935544638106 0.172195185551567 -0.330628379913836
0.132626612888216 -0.28659150541502 0.00656506652699305 -0.326198678649209
-0.0296631465111449 -0.216467848432168 -0.10384588517393 -0.199207278522708
-0.139534034177749 -0.207969445813374 -0.0690654328201903 -0.0401600678734146
-0.179711014327304 -0.187574653286335 0.00807203270718335 0.0145810994454549
-0.186316276759194 -0.157147517907677 0.125234813511147 0.0872373350130841
-0.11223269739263 -0.194785472040264 0.121594020084178 0.232767907760015
-0.00147705494272636 -0.273853142439687 0.0618526031368979 0.385392318830214
0.318021016482267 -0.23354965361985 -0.161544664892171 0.375971344850806
0.374082860670598 0.151273591175029 -0.334751054053738 0.230149187222915
-0.0115820825219528 0.383457766126564 -0.289896942329921 0.133101633838823
-0.460361522651805 0.310053388553322 -0.383463084245464 0.0229948545389239
-0.518797553321539 0.321871665997236 0.336095357623608 0.135848840270667
-0.0942059396045773 0.441056015440251 0.359800254817949 0.0909366162859173
0.258540815331243 0.291784945181233 0.406079894066911 -0.214805423593285
0.365241729974254 -0.0351181340191736 0.202876745255766 -0.436585957840898
0.15006133281067 -0.218753347390434 -0.0275557668804136 -0.399830825256901
0.00128297263023317 -0.187779654033212 -0.146975704810654 -0.261460950174681
-0.119972221263925 -0.202420619328751 -0.124442555404324 -0.108741122422088
-0.174892645932796 -0.187387503127257 -0.0535954462008399 -0.0518103230761779
-0.196861867074744 -0.163775153545017 0.0566902963974892 0.0350773891884
-0.129532152015871 -0.226088682635386 0.0430676002979533 0.188371301874282
0.0180031861872369 -0.327228065045948 -0.0200003877300983 0.306481971943248
0.403995000675201 -0.237716237505713 -0.174189895227676 0.231586337989123
0.422229241644036 0.235502566473176 -0.215592693600431 0.12399547787317
-0.0569890310868481 0.45456429833573 -0.139556656926579 0.14368398302891
-0.506644323302304 0.334527957222316 -0.204709616701183 0.0149698876510799
-0.441741550687392 0.285800550030939 0.50596024120907 0.140979447644074
-0.0889099683186433 0.352449155701771 0.506284252766665 0.0495943282555367
0.174740083671655 0.248329759935031 0.45559547419747 -0.298732966635767
0.284038537719832 0.0214931243864339 0.188983646124378 -0.492586294249984
0.143671070739149 -0.137884775803939 -0.0567295327421496 -0.425187923692779
0.0234001114030483 -0.138114383319765 -0.168321755459591 -0.304746307383703
-0.0864229341076068 -0.166975239405502 -0.164879823536079 -0.174042610280321
-0.140995315423077 -0.159963487507671 -0.109879135274298 -0.108948301724056
-0.172077844711576 -0.149391795900958 -0.0199377041274537 -0.00979037203438411
-0.10666393371483 -0.2287725891913 -0.0424211430236131 0.121605649596682
0.061308484705548 -0.311285291467667 -0.0767207331830123 0.178336408996222
0.422073070793382 -0.156054597250068 -0.108171747227839 0.0861214452343029
0.353733428532726 0.296160715820534 -0.0515139922868654 0.10150759479187
-0.115650328868105 0.418456898245993 -0.053275060303276 0.195840499934256
-0.469704125507056 0.289842433727253 -0.0482014018708228 -0.0151643903796719
-0.311897464570139 0.223511282409893 0.638952905478401 0.127068108739349
-0.0650854593555233 0.247108621088101 0.6009477311981 -0.0255384377141188
0.102488669495212 0.185957397025291 0.450083409277736 -0.361921120505614
0.191037161854986 0.05038457987741 0.156881125610475 -0.504539652084515
0.110047559763886 -0.0676577758169445 -0.0774658462608614 -0.427735943490359
0.0280880862275413 -0.0780898336310692 -0.177066258185208 -0.330874454855918
-0.0455692352223164 -0.109626860053263 -0.189519064745247 -0.223420574094519
-0.083906023397445 -0.109357322606065 -0.151439684397901 -0.145183994608882
-0.111826660774037 -0.110265379312572 -0.0875419052282001 -0.0449846715012664
-0.0529588189467406 -0.177484025457519 -0.101368048117684 0.0483496087220252
0.0911609891950271 -0.212273561032517 -0.079147603128517 0.0557773568844277
0.320895666035734 -0.038384150620932 9.84018682999843E-05 0.0138393264574345
0.191002513265595 0.265493803766175 0.0655942408487189 0.167302543608119
-0.135886414942505 0.266066155078066 -0.0571320665205951 0.24251181425163
-0.341502134528241 0.182254980254386 0.0653196524545689 -0.0618291642621802
0.0433172844151017 -0.0489510708882243 -0.132033632403144 0.206358284447966
0.0745676293166588 -0.0975986068461872 0.092475836255947 -0.123827494555265
-0.00944093353632107 -0.124422828092914 -0.0737762730028207 -0.23352905444352
-0.106897170514071 -0.0523108279869952 -0.0724525092339403 -0.0528046846579563
-0.059916708602158 0.0462854962305001 0.0261726165371976 -0.0232150590789951
0.0203174478697884 0.0573757479471113 0.0564852169802402 0.00244166100103614
0.0402070915441566 0.0401927764228461 0.0886472471595604 0.0715980154671699
0.0330702571780464 0.0231675530755816 0.131197866045461 0.155011745960829
0.0046099776625334 0.0295427244511132 0.197007069009069 0.242219597372943
-0.0263307661750134 0.00834529663470758 0.170242150238453 0.339690177757564
-0.0523121519845687 -0.0194501559983447 0.0857356661468899 0.421547500783138
-0.0473147642635585 -0.0603600269697446 -0.118873431999371 0.469456077236461
-0.0212606965452836 -0.0837462200894049 -0.388999337717195 0.374773518843318
0.0740380564666123 -0.131416932297223 -0.614059794427734 0.0905467651700076
0.163640564613732 -0.0891386249858765 -0.736364358606537 -0.136860891391341
-0.163062024324236 0.11901397095151 -0.131682706727366 0.178047364769167
0.0164097449181868 0.159408457685711 0.0840296539549729 -0.119344163934548
0.151181113049934 0.0548976797520635 -0.0742986567444797 -0.247868189702063
0.11997810577256 -0.104968609069696 -0.0911705278877409 -0.0760261004730787
-0.0135967885248906 -0.118136971356136 0.0160544326358344 -0.020444060751394
-0.0318668439423165 -0.0519671974770399 0.045069082928576 0.00850369771724813
-0.0424513395616045 -0.0391807007544097 0.086752475291685 0.0795582609587522
-0.0438332261139386 -0.0460230105945922 0.129765446787574 0.14862442539517
-0.0484963279300781 -0.03329410413183 0.201056601571513 0.227673059432155
-0.0282279846236306 -0.0535282844839253 0.175412694256156 0.320998985491954
-0.0132152988439993 -0.0727947113215916 0.109890534721221 0.407989870984092
0.0422459699547319 -0.0728461136008756 -0.0864158034335128 0.468574020987046
0.0498416415622953 -0.0185618219774201 -0.368666381426264 0.399490964302005
0.0351087454463456 -0.0202385288036986 -0.587092708182784 0.156538456057118
-0.0136687869461376 0.0135019003284975 -0.740196499208658 -0.0631130925328088
-0.33658468733684 0.248956172741199 -0.0799992143704148 0.135728497880147
-0.0317232804958265 0.363720554209466 0.0624835008528172 -0.0863478589705973
0.273783549413168 0.205514377048507 -0.0246753379431024 -0.198245641069945
0.30672258641472 -0.133049406686497 -0.0321661886249727 -0.120394357671553
0.0431786240275247 -0.244086349406079 0.0195900875907606 -0.0914062336460364
-0.0592132784540481 -0.147035787210998 0.00457641737569939 -0.0379510678630388
-0.105521907050419 -0.115974669499127 0.0504440563026227 0.0607187413057678
-0.111170111405394 -0.108840261990148 0.105520525020334 0.122336748530519
-0.101168403268848 -0.0883960825000979 0.194641926611205 0.188224730524081
-0.0433425641768472 -0.106971664032873 0.180704763648075 0.289435428785082
0.00650401295521962 -0.128362187554696 0.132070184434935 0.400563666036724
0.12775268134257 -0.108838009735871 -0.0732324107913548 0.470467652459277
0.141995375725381 0.0344106476366879 -0.360979440804153 0.398042866167901
0.0145207023891307 0.109408869461483 -0.521387816822834 0.18426264853284
-0.185720099671561 0.130780760955426 -0.67173454672114 -0.00113904560586085
-0.453790766293773 0.324842360703609 0.0187565459841623 0.109235338243259
-0.0551599463854936 0.474570200265336 0.0837453176109411 -0.0124438884091452
0.340382180366853 0.284511542692313 0.0993467229441173 -0.142800330317871
0.404902075106971 -0.13822985829743 0.0707279282794304 -0.205438822658597
0.0881880422161 -0.300560514820001 0.0177189724168258 -0.207560276897647
-0.0576861391707767 -0.203005275924132 -0.0525706602933591 -0.115026462875758
-0.139836225486394 -0.172672567474867 -0.00720442858839715 0.019647359117584
-0.161778766438931 -0.154995790783567 0.0631865869458455 0.0759796975387451
-0.149911313384128 -0.127335638568501 0.170746313266851 0.134508991738455
-0.0757272125221886 -0.150170582248494 0.170501976656147 0.255981580411583
0.00100083940628325 -0.194707678222233 0.126468448341447 0.396320126123017
0.211263141461378 -0.17545409462606 -0.0988633759120685 0.45042395785798
0.259017540780534 0.0782924081417823 -0.358406378086421 0.343092582174473
0.00946835360983083 0.249584927140315 -0.415855327720236 0.169106287612271
-0.332684218307192 0.242853975125193 -0.541368132277581 0.0306045603067596
-0.508542968474898 0.347969087378612 0.159776305967601 0.108964246092348
-0.0710644118635037 0.489420704294688 0.189544598028745 0.0619336242932264
0.33015854967797 0.299002791742922 0.260943767018055 -0.149169467396003
0.412497647228961 -0.109165352497713 0.154428496775307 -0.323806420238128
0.12081047226382 -0.284599413220093 -0.00566595309494052 -0.320167212333367
-0.0335896903608479 -0.213388637268801 -0.110521014282972 -0.191676794943708
-0.144975482256847 -0.200638588645749 -0.0707318724724753 -0.0377387624068572
-0.186646884881618 -0.180020905476227 0.00591588911019127 0.0147338120597102
-0.186758380545953 -0.15006624502595 0.122835501642623 0.0792163700514572
-0.113463176119424 -0.187926778857534 0.127950998066936 0.224819978605466
-0.00905533634636974 -0.268216849443947 0.0737973101122852 0.373336641938505
0.303542338110295 -0.242230746792069 -0.147559689938925 0.372646068604926
0.373891007637262 0.135517426671413 -0.3186953567825 0.235279941945534
-0.00268455849803309 0.378975790760934 -0.270233373998388 0.138576957714907
-0.439551871947342 0.324034919158242 -0.371095435560533 0.0390360498677667
-0.499455222307579 0.339331767551003 0.33086998735324 0.118352329638475
-0.079901009508498 0.436889045131919 0.346395994670329 0.0786610657772358
0.263940478503385 0.279449181754296 0.382211516781322 -0.220686605891113
0.360281343310652 -0.0477242133627584 0.182477420592385 -0.427941171534086
0.142362744157878 -0.218883602673174 -0.0407729043110814 -0.390080895782802
-0.00122919351255449 -0.186500775197018 -0.154107095007474 -0.250960140304953
-0.124760276845808 -0.195699637594291 -0.127759228384257 -0.10392570077033
-0.18143842924891 -0.179964879488225 -0.0573107549060553 -0.0500998630898615
-0.197520928220373 -0.155900592191298 0.0536947012475309 0.0299394259334169
-0.132289071041223 -0.217916630745516 0.0505277008777396 0.184238698816145
0.00668062847362535 -0.321220132368224 -0.0093121155016076 0.30041356864925
0.386745851795265 -0.251890526991284 -0.166347205471978 0.2308824796069
0.423840031732218 0.214955574359376 -0.205472652014227 0.126108697196693
-0.0433331998465895 0.448948716161729 -0.122170563387024 0.141745223579859
-0.48485252623188 0.348869640364693 -0.194640325391288 0.024531858201592
-0.424738699121915 0.302148878713029 0.500012789419598 0.116368262898845
-0.0772282039731035 0.350126246716352 0.490069371926909 0.0319382086368196
0.180932687149856 0.239789647342037 0.42616954944773 -0.305268290236986
0.283106276081113 0.0111834369618756 0.164790024710103 -0.481568404023954
0.140837314431901 -0.14028312216665 -0.0681297317611326 -0.413738065959214
0.0224334928969976 -0.137043165825386 -0.176067202384683 -0.29256988144841
-0.0907136237501889 -0.161475278511832 -0.169262377078654 -0.166542998588673
-0.146603211805146 -0.153723718137767 -0.114816528866742 -0.10434739415232
-0.172531140268627 -0.141697829472253 -0.0215820822200627 -0.011277541046764
-0.111465503695751 -0.220763543301002 -0.035073271080793 0.12329761404987
0.049129487748794 -0.308312383083018 -0.0706137246233812 0.178749936711375
0.408099574338504 -0.173707453263902 -0.108633831134405 0.0844138951524432
0.359680668549806 0.27680772967762 -0.0447053273652041 0.0953723615968555
-0.102739407523098 0.417933896527686 -0.0326127954602195 0.190426670948115
-0.449920180841098 0.306155095114012 -0.0405705137068531 -0.0105193655049602
-0.297699616159457 0.235708290803528 0.630088515094713 0.0990603492709313
-0.056681612969784 0.245927710124728 0.581080606906167 -0.0464004800307907
0.107753657602572 0.180790365375555 0.421049866950823 -0.366635270702241
0.192575047359966 0.0418692382326869 0.13458648297802 -0.49194693504634
0.108891526429569 -0.0689897889002182 -0.0872106442177915 -0.414203701951403
0.0290079147769655 -0.0773706291176713 -0.184367366703715 -0.319565576336207
-0.0488058454657469 -0.105530937207239 -0.194733547490212 -0.214524457816395
-0.0888280774372834 -0.105108557362716 -0.155689522344898 -0.139199441011737
-0.112808172307787 -0.104899927678704 -0.0868978636949293 -0.0430748848996374
-0.058279011703851 -0.172985280273495 -0.0951991754080831 0.0541945299599857
0.0817897495397883 -0.213015283642511 -0.0772385826461913 0.0577184078742705
0.314097648978295 -0.0536904770264509 -0.00498289577383643 0.00786894779060114
0.199197837854326 0.253643885213225 0.0739325136530434 0.153175812046048
-0.127391015254029 0.268846204161777 -0.0339150374077495 0.236468858547671
-0.328462090355397 0.195135162228331 0.0697766597041738 -0.0616920360015755
0.0328648267787735 -0.0538103122651391 -0.0948799050570815 0.240724258025755
0.0464598735515326 -0.113499842379675 0.0617678729883771 -0.135712783018835
-0.0400599638800289 -0.117249251767234 -0.119918385127377 -0.212101600623106
-0.116360794505218 -0.0219881961025031 -0.0791714291349328 -0.0411750470113729
-0.0498820504341188 0.0587775051898716 0.0179131642808467 -0.030302269370246
0.0304471959769121 0.0501635084468623 0.0526801314485533 -0.00973249192486739
0.0486017827531811 0.0287738378152896 0.0977632313433382 0.0576564271806139
0.0370220035215117 0.0154614971113478 0.162099814204456 0.130003042012919
0.0128778050675089 0.0286440425657658 0.248014340012516 0.201001753292728
-0.024566599790967 0.0178543930625091 0.246324532394588 0.303917348849499
-0.0555396993665799 -0.0024057421009536 0.176631247041855 0.401179971977894
-0.065622279090842 -0.045025751992354 -0.0129338698277763 0.491331142471894
-0.0424757784860856 -0.0749505404481498 -0.300025147619639 0.45527593151212
0.0343924803896704 -0.149734472589219 -0.588779597872239 0.243039918060997
0.131462440908336 -0.12730358850558 -0.772607206268588 0.0351459459273014
-0.127955914975681 0.147059643447665 -0.117829137700518 0.209785407134672
0.0474585147254087 0.144612877594823 0.0410896498295199 -0.123811223496507
0.151908848083592 0.0166779141793231 -0.12855606665854 -0.206551384425095
0.0861389943547149 -0.125228288266416 -0.0912273821162406 -0.0444452186386896
-0.0407274003759554 -0.108081450027978 0.0181254359509213 -0.0314846196719774
-0.0412311302308408 -0.0446004922953991 0.0458395068033418 -0.00705402773503951
-0.0476776185806028 -0.0287941354543096 0.101893534310493 0.0574814061846776
-0.0510191068505139 -0.0367385402131063 0.158189655537584 0.123487247736081
-0.0513046899998143 -0.0222528845632122 0.248724461576212 0.18725219571843
-0.0370088375840338 -0.0435631041332404 0.248411128894907 0.286299100095405
-0.0268014767022759 -0.0612653362173345 0.198025798928309 0.382409961113984
0.0192300044008507 -0.0737559629590833 0.0192154356077026 0.483919707380014
0.0373333839375002 -0.0269485972237436 -0.276712488113548 0.479725841126406
0.0185173873370909 -0.0308023483537108 -0.545934074044859 0.29540281402752
-0.0203028971736194 0.0122050305530668 -0.753616533542532 0.100108681497525
-0.265318680773005 0.306693849399174 -0.0865644894639021 0.152593349763153
0.0463318278406576 0.351180257475909 0.0161603034810464 -0.0816963708544088
0.301822163623372 0.133410066269657 -0.0713624927983819 -0.153293345012507
0.25845150822732 -0.196265841007008 -0.0342587026707487 -0.0878670299884832
-0.013056862690156 -0.241505546310769 0.0146107518268003 -0.106517869219641
-0.0872704765786154 -0.131232498872731 -0.000417559034474196 -0.0475383177166638
-0.125936954224499 -0.0869177315865889 0.0670502439187103 0.0396966532332767
-0.130093364582295 -0.0844783594959714 0.129027824997413 0.101465225419277
-0.11284053194632 -0.0657414713917788 0.233490394094225 0.149010058599461
-0.0610120537783384 -0.0930810017977303 0.247994172264388 0.253206499109855
-0.0171375612398029 -0.118456424505105 0.220196896827484 0.36992181889082
0.0943635225423845 -0.125431772287679 0.0322007016917064 0.486386230094211
0.136363020343323 0.00566770317078612 -0.272272039730875 0.481378029888908
0.0256738928973342 0.101196061409249 -0.477320673876219 0.300205761525921
-0.162597609579827 0.165346844987035 -0.668137347342121 0.133090004490772
-0.360976171649768 0.401208593905269 -3.15260420046793E-05 0.101641652754808
0.0474277518885879 0.462495573518457 0.0504933620872168 -0.00955771571798097
0.383866858692202 0.193978406393188 0.062013922898451 -0.117697146788605
0.350277480052599 -0.226834235817439 0.0539042647370508 -0.187281758407162
0.0181076145091752 -0.306877520404321 -0.00773292604636328 -0.221883854789418
-0.0973717985161907 -0.185381428150869 -0.071108758895915 -0.112936917203832
-0.172337440296359 -0.134309457819167 0.00567225415746492 0.00604478945053383
-0.188607501494071 -0.119277448757614 0.0769233350799265 0.0626587101107439
-0.167287887625142 -0.0941003335669289 0.197970778514082 0.100398398572939
-0.099190870348511 -0.128194126044673 0.232959400285069 0.221604882955202
-0.0345650003350997 -0.179268220889557 0.216300195614357 0.366970169030604
0.160987049376482 -0.206505485044242 0.00303523451113185 0.476226290255256
0.256863168796909 0.0215857985676828 -0.285546062575269 0.433742803891859
0.0534986108450014 0.240459799564145 -0.379360255147367 0.251895637928531
-0.281519670220669 0.309172862587704 -0.5240864553567 0.128049097795114
-0.409173340676035 0.435671452846805 0.142348606240896 0.0680607712780354
0.0373857861668738 0.479585610384228 0.172791960845873 0.0418183424086034
0.378169663800322 0.210306762125723 0.220516286869171 -0.16009485270909
0.364282366647142 -0.202483093041837 0.110267749755909 -0.321924400863629
0.053639631659889 -0.300001488706417 -0.054968822496381 -0.32682284000817
-0.0760245142042824 -0.200341120996725 -0.142543466814563 -0.175865012195428
-0.183017723437356 -0.159157486279167 -0.0668837472299796 -0.0384298714634556
-0.218556579626558 -0.139306984256122 0.00748890415840244 0.0140801763058217
-0.206519333336449 -0.108691832830642 0.138552357947942 0.0543283690954002
-0.144102927101244 -0.158464153837334 0.184558994257404 0.199740730561813
-0.0587114910942011 -0.247808670794677 0.161052964168109 0.355996028588611
0.235097506672053 -0.291837371356264 -0.0620209274272285 0.412013314643727
0.378143180630129 0.0508194755207209 -0.273447257701109 0.321369574682162
0.072097330770759 0.369694636282955 -0.24287072778678 0.18054301090226
-0.366564060150199 0.41378582713152 -0.349517439005677 0.0915396231005002
-0.401141695773833 0.426572411241372 0.320633388417943 0.038943184574591
0.0179788102384039 0.431889351227006 0.338963497096997 0.0212928784687141
0.311876030066195 0.205202461176465 0.323117852726096 -0.263496303291399
0.329784458452718 -0.13415824688523 0.108317806955066 -0.434419883027215
0.0872660508859451 -0.242126245838409 -0.105184158948149 -0.382978510149552
-0.0386473847969901 -0.18129100100209 -0.19765818060562 -0.223756302105509
-0.163983135717257 -0.158558988793872 -0.135916317909397 -0.0910245137320517
-0.214375231786777 -0.139456911143352 -0.0686270710397328 -0.0369355585887016
-0.218745548162811 -0.111854027582929 0.0600623992374393 0.019872346512931
-0.169120974653513 -0.182993505102591 0.0998820611980496 0.177214725206127
-0.0567564440441085 -0.301190629347187 0.0627330496983106 0.303238132387578
0.313979234649313 -0.322359821284368 -0.11575475706332 0.279572473825229
0.446334245666568 0.115111356123466 -0.190422659580571 0.185964454592501
0.0513972117960072 0.450004818880337 -0.0921031800042132 0.142866496159718
-0.40308767582278 0.450394540012075 -0.171856409739261 0.0353218529410883
-0.33781533371328 0.376203514033576 0.497905026625885 0.00167844061918522
0.00198040980052798 0.3472705431878 0.478518293897786 -0.0606466557892038
0.224015121678055 0.186116485002844 0.348365322769437 -0.3646468067967
0.269738242707304 -0.0613919709339673 0.074962972586266 -0.486612890718212
0.10278467819793 -0.166680969838236 -0.138975878614355 -0.39606738768488
-0.00570665322568763 -0.137473574976071 -0.228959313007932 -0.258672740478677
-0.124333261420758 -0.133292306999419 -0.190980148777981 -0.142503933862321
-0.175996387884637 -0.120599359975322 -0.136525128063525 -0.0798188518842541
-0.192808290843458 -0.103190265477847 -0.0235710460146513 -0.00572033104391555
-0.151877329506577 -0.189712919701703 0.0014977504338305 0.136261501530176
-0.0145092484169721 -0.29969719599622 -0.0263226705410745 0.196131803725931
0.351442592504636 -0.253537206779742 -0.0950000578196498 0.118370877966773
0.40031785293004 0.18813905336264 -0.0383632085354806 0.112996683695809
-0.0117571204227643 0.433685044184549 0.0129846966545015 0.168615422307206
-0.374620393508661 0.399658068512787 -0.0245113508226894 -0.031483541650825
-0.230005976916814 0.288807674628505 0.636600502519823 -0.0428296226142345
-0.000719476888892939 0.242126766810333 0.55841103122589 -0.16337261817972
0.141863538491038 0.145625948515678 0.330332041118633 -0.433159061864543
0.189914582143534 -0.0119128427439356 0.0378617109380952 -0.496520538454586
0.0866817855731791 -0.0913002076227075 -0.160817646396424 -0.391240284532609
0.0118223317451044 -0.0788863982182153 -0.24403752957212 -0.281745693349834
-0.0720400460371492 -0.0884532690198161 -0.229330707473418 -0.180596975869315
-0.109670113046812 -0.0854244247764586 -0.18408340801332 -0.106730337790833
-0.128720901896333 -0.0792417704853765 -0.0953819480128835 -0.0240449278800382
-0.0917277367912059 -0.155386843379991 -0.0757103208535311 0.0810459345528734
0.0342026419179336 -0.21748461178598 -0.0623306003757775 0.0784202644011509
0.288986039055372 -0.119293079387685 -0.011438804503993 0.0138417033517092
0.243987033179311 0.200686446272157 0.0974907479989655 0.133516415716922
-0.0698407205123414 0.295457587376732 0.0308535621844458 0.221646275143753
-0.276894380886474 0.2662838508973 0.0740680394069309 -0.0972600195581079
0.0327854249505796 -0.0565492800656918 -0.0978777571706729 0.253350133955012
0.0394038503251575 -0.121794515679355 0.0469493004075639 -0.130164446287065
-0.0481294262135449 -0.119280162418718 -0.132468347163116 -0.199330911953923
-0.121888819060121 -0.0147407926980698 -0.0765262807855068 -0.0332417913674308
-0.0512516621790119 0.0656201388769929 0.019626367904156 -0.0330254121150869
0.0323135669858804 0.0504420135463794 0.050592886883503 -0.0145049612727728
0.0512667606948788 0.0264850706970331 0.101015350649927 0.0570824968349793
0.0375095416463546 0.0143139124034749 0.171640822923085 0.132303447789307
0.0136454523841153 0.0285167493210532 0.260175889763069 0.200486506021097
-0.025642991575242 0.0197636855538356 0.262680306620363 0.301908009204734
-0.0584110970972117 0.000198935512212446 0.192084262466776 0.402306972839353
-0.0701053728528474 -0.0437827479008224 0.00383963496542745 0.495914153531355
-0.043847627607529 -0.0755490339152683 -0.286308839027124 0.469683300521451
0.0284550752341697 -0.152346005082206 -0.585579286350276 0.269475881871352
0.129548892830487 -0.133793808831837 -0.786671345511604 0.070904333779627
-0.122659918370993 0.156720768830144 -0.122495689292234 0.222081795220653
0.0510327278270733 0.14276705348976 0.0256808792147938 -0.117326107874709
0.153316657982055 0.0095305609248211 -0.142683298433097 -0.192437402737881
0.081858349777497 -0.129750066079588 -0.0896413331939383 -0.0348537780630863
-0.0474219994389233 -0.10593987458411 0.0192874786498489 -0.0340253886228936
-0.0442036139299157 -0.0441312712495464 0.0443722651238205 -0.0112557701996058
-0.049825296403232 -0.0281928935481428 0.10488577172101 0.0561357910532193
-0.055639165409919 -0.0359863614876702 0.166582892902536 0.125863391705645
-0.0525631542590031 -0.0224199722252794 0.259280863366238 0.184827431313696
-0.0401201363975191 -0.0447175449447911 0.263585959795578 0.284479499141488
-0.0290316797517565 -0.0620946118386491 0.212956787726266 0.382082135663998
0.0167364417815301 -0.0763781548846385 0.0354878653419735 0.488444219004045
0.0386874819455308 -0.0284374577824226 -0.261553479656839 0.495710963733486
0.0142975017727203 -0.0299309508182108 -0.539394629505937 0.321497695229188
-0.0200272761237319 0.0150837410501088 -0.765486605763075 0.133608000799633
-0.257405087011725 0.325221978318237 -0.0923898214611621 0.161240957232513
0.0578760896368139 0.35531362309738 0.0025962297559176 -0.0740598564193539
0.312810101204032 0.123891802007726 -0.0833109138909945 -0.141308540106809
0.256046905333878 -0.210883696181007 -0.0342960205429767 -0.0814133292953993
-0.0241162314492023 -0.244393588320147 0.0109262854453021 -0.109695677429526
-0.0933148637349998 -0.131821089079066 -0.00490455644548542 -0.0500304933190008
-0.13173911913248 -0.0853079682255467 0.0680819005615305 0.0393909480654184
-0.138768159376142 -0.0815164471918065 0.136064343991406 0.102918977731949
-0.117707493862233 -0.0654308987023512 0.242140253005452 0.145960976583482
-0.0643069668425891 -0.0959363681774753 0.261512388380961 0.250811519958241
-0.0202473019539465 -0.121252486811829 0.234593327534119 0.368435592617929
0.0920329280349449 -0.131644269282525 0.0485004636761198 0.489524841153222
0.139749032386717 0.00167445243334072 -0.25788527173695 0.497378326973117
0.0264557863164026 0.105086878719759 -0.468661352227272 0.323774561178529
-0.160864085349561 0.176722999800463 -0.676197633131153 0.166611235897292
-0.351401167833579 0.426709739356389 -0.00449838985552407 0.104789060537042
0.0642701632809993 0.469485813963212 0.0405635608445299 -0.00191896682512539
0.399839231688739 0.182393051845006 0.0538120001356619 -0.110779368152717
0.350277032622568 -0.24614140716623 0.050578225767233 -0.186688687921927
0.00736741548699469 -0.313227234245664 -0.0172342299716447 -0.226453320750268
-0.104633338242833 -0.18855637001046 -0.0782075676531937 -0.112827654904167
-0.18067565544739 -0.132171387663554 0.00399347059505254 0.00653548954828566
-0.200620983596499 -0.115285608165549 0.080599306188609 0.0646247987339215
-0.17382192097507 -0.093033476494296 0.202227671866214 0.0964521962809006
-0.104232707421159 -0.131541704412326 0.245053634165187 0.218265665621197
-0.0397829777142322 -0.183058569427241 0.232281637341805 0.364564741629544
0.156774544028287 -0.217594499711971 0.0181281649298708 0.481778726629251
0.263530769825258 0.0143704405421032 -0.27040884004089 0.450276485783717
0.0587018812371435 0.246932434119254 -0.371883958727462 0.26746313211852
-0.276856441299631 0.328721221971421 -0.528121650030673 0.154088070282889
-0.399360677590126 0.464785567425861 0.140334365398368 0.0636488671567759
0.0539496419406174 0.487758425849059 0.16965993421204 0.0441710479856681
0.394822987052188 0.201615515119327 0.213766564093144 -0.162281035794461
0.366541945640395 -0.221443042634263 0.101337307395899 -0.326616503548501
0.0451280759753136 -0.308811662656652 -0.0685760789983584 -0.329951429277287
-0.0821490735276435 -0.20475581528717 -0.153654767382082 -0.17412538525566
-0.192728452826679 -0.158187937013993 -0.0713322287039811 -0.0374297294385458
-0.23216432394236 -0.134575774612767 0.00635619914050183 0.0165068536253507
-0.215164634526925 -0.106864589283304 0.139461304784025 0.0508642956794601
-0.150725208800138 -0.160033170640564 0.196123776407013 0.197658704621976
-0.067324719455972 -0.251387810556978 0.176932141349361 0.35648598516128
0.227803819102439 -0.308438845774961 -0.050401486670576 0.421933697090442
0.38857098146436 0.0380624060574778 -0.265206985800382 0.335970944263376
0.0841988090627704 0.378614407476666 -0.234421459541178 0.188508983040809
-0.358578325142441 0.439842810397695 -0.348780167619233 0.108383366044237
-0.391577572953701 0.454560021765498 0.323766941859733 0.0262191715030064
0.0317940822831943 0.440059811123424 0.339782137311034 0.0153413802973145
0.327097100846659 0.199359253032134 0.313885213586847 -0.273220659239337
0.334016783092131 -0.150895376877521 0.0957763961858793 -0.441609914391963
0.0838746654092562 -0.252893431105019 -0.121368078484645 -0.386448204791267
-0.0424569422761317 -0.187615143391319 -0.209918190495504 -0.221169037002031
-0.17304055577837 -0.157764430488005 -0.143417348330845 -0.0891186650488664
-0.227883482684732 -0.134324437185303 -0.0744030228942838 -0.0340305357673526
-0.22782701412938 -0.108944249512013 0.0589339568436926 0.0185064702247253
-0.178032555859426 -0.182645797281793 0.110839632967503 0.177951661364081
-0.0676850167945545 -0.306160869348674 0.0749838668866561 0.307500225703431
0.306386203929628 -0.343934531387817 -0.110775020171557 0.289307935511439
0.46217753671729 0.0990987802769357 -0.186723066864571 0.193405458761472
0.0656076026224069 0.462449495214472 -0.0807198178865356 0.142092274828519
-0.392548387802276 0.47987223069291 -0.167874841415547 0.0427940544248726
-0.327084886619176 0.401525154305382 0.504977635276619 -0.0189764169741075
0.0135780065952327 0.354802697259729 0.478781763819027 -0.0749769395438143
0.236673859770554 0.183002227488099 0.336118285866098 -0.379256751159415
0.276381259967885 -0.0743539313844524 0.0591851877142713 -0.493390605547359
0.102878635938023 -0.176291249015326 -0.15451470006904 -0.399576036529228
-0.00679796580279441 -0.143960212338425 -0.242304879677978 -0.255682138963101
-0.130669534065173 -0.13299508263437 -0.202240866333796 -0.139602865907456
-0.187264849170873 -0.116338653225193 -0.145243550632758 -0.0763858140192836
-0.200281327783198 -0.101032059360217 -0.0265712566226023 -0.00531855942434407
-0.161184548479566 -0.18924145724632 0.0101181687545999 0.140762874978551
-0.0266290122327113 -0.305893238966275 -0.020636689899862 0.202999870990425
0.348708565530041 -0.276089299502836 -0.0978434474397517 0.124257556245927
0.419520667332718 0.175920992532748 -0.0344759343861789 0.109396423075976
0.00206321191928487 0.44801042337737 0.0299356245506372 0.163437134282869
-0.366116341207216 0.427724953045129 -0.0178188591678201 -0.0317391641112252
-0.221428950000461 0.30747632394948 0.646011150379529 -0.0716775227754808
0.00791207707871802 0.247440433335644 0.55650141419502 -0.183166826458775
0.152156740534399 0.143881327919862 0.314502816499414 -0.446867136010462
0.196459891655009 -0.0209481601788244 0.0209845203828509 -0.501701538641657
0.0886375299621734 -0.0983713605094365 -0.173414133122661 -0.392660466370827
0.0142787711351535 -0.0831078337804269 -0.259446366050295 -0.280013985330886
-0.0755932492184199 -0.0879614064708213 -0.242994242604272 -0.178198911036141
-0.117561036119526 -0.0827645710536926 -0.194670619669499 -0.103190422695721
-0.133947210428056 -0.0771483103948805 -0.0983178501859395 -0.0219445865573139
-0.0992184566326897 -0.156329429161114 -0.0699725437101079 0.0872873134319552
0.0264560635349091 -0.224125193608108 -0.0626903624052373 0.0837239529127195
0.28998390714218 -0.136023098962678 -0.0173565420385618 0.0124999648101363
0.259996751103762 0.194449869679781 0.106024295950938 0.123088083819815
-0.0611948413065281 0.307991838458081 0.0508798254990508 0.216430334982255
-0.27056545366989 0.286500432996133 0.0809885020216129 -0.103825482699081
0.0312726285508605 -0.0601554541242646 -0.0918193996559378 0.270322921172296
0.0289019507673926 -0.1297268873213 0.0295350779426707 -0.12482640667906
-0.0615804963246468 -0.119001971643716 -0.149335780642874 -0.180914265229566
-0.127346295888295 -0.00281784771557307 -0.0737677509214372 -0.0236694326097695
-0.0484128282325423 0.0755837324345427 0.0205812016451277 -0.0376764992538321
0.03617196516802 0.0494116206710913 0.0471823962639379 -0.0210049897942821
0.0551011647657146 0.0231985416376447 0.10637305203224 0.0536571009619
0.0389141642534621 0.0118892829613915 0.187474396239139 0.128819587556014
0.0166928986839674 0.0280959053317471 0.280181231770861 0.190721367418061
-0.0262916272571999 0.0230839498519902 0.287852078909037 0.293213901172439
-0.0610089123908887 0.004733056047847 0.219492020077333 0.398485059707281
-0.0762446586578081 -0.0398420735355317 0.0362924441493541 0.500830284252563
-0.0480562386531972 -0.0761470793752849 -0.261798101007377 0.492328094321904
0.0178728547618617 -0.156703906538966 -0.574817335585303 0.313333531354132
0.124192915315333 -0.144102236599727 -0.798980488575269 0.131265145278402
-0.112480621444203 0.169286765537555 -0.12007166880721 0.239749671891442
0.0587274690527998 0.140381082611728 0.00821053805143516 -0.109679420181861
0.155055010845635 -0.00205275094924283 -0.159912006310268 -0.172802336120413
0.0737154497524504 -0.13746426301203 -0.0877175112604231 -0.023801551987341
-0.0566023739909137 -0.101426460773287 0.0194577427389221 -0.03814015068036
-0.0479693604769057 -0.0424791246833245 0.0423139714039581 -0.0158311690232866
-0.052085031163209 -0.0267174517492396 0.109368381489255 0.0520705926271373
-0.0609814523613739 -0.0334252731435737 0.181492088368054 0.123102129499318
-0.0554201584354844 -0.0213875263603339 0.277487993499113 0.174719009679844
-0.0439304944977042 -0.0438448180874813 0.287954640444113 0.274582287735597
-0.0340733329277165 -0.0620919090546495 0.238676597111699 0.377545459751759
0.0118146429247088 -0.0789793081387397 0.0665686426073285 0.492500197522918
0.0389360140752156 -0.0310580956164424 -0.232640363813106 0.516824949090467
0.00972817299059251 -0.0290559648735094 -0.523584239366297 0.363204835778097
-0.0194729448003962 0.018300676942084 -0.771402131578251 0.195619864901582
-0.238233170507657 0.351006226316407 -0.0932333228357701 0.174427455257528
0.0807013760783891 0.357450704258473 -0.0125761568234395 -0.0629606936156605
0.327720270503854 0.103001658865333 -0.0971544799443319 -0.124302146554832
0.246996301065747 -0.232821410492341 -0.035602304190839 -0.0749284836384085
-0.0412328949416502 -0.24588475238282 0.00551086971019486 -0.113378166227387
-0.103878420346607 -0.129270213000057 -0.0102728678696262 -0.0519665708526749
-0.14061829589551 -0.0805188324048046 0.0706197490599241 0.0368754967148728
-0.150301614411829 -0.074288646633048 0.147184526471211 0.100479853241829
-0.124264079009743 -0.0617765754129159 0.255747962637482 0.136111568571566
-0.0715791840603912 -0.0970789112515312 0.283335466690781 0.240539642739875
-0.0278232160799965 -0.124061929249477 0.261420826951435 0.360437257273409
0.0864858243742282 -0.140376733816444 0.0798327920457338 0.493109903395391
0.144015929991689 -0.0069574159851466 -0.226819011395917 0.521677031246262
0.0297702518874517 0.109251027811272 -0.449661206343703 0.358816362774322
-0.151648544321416 0.194412559600342 -0.675857467973699 0.220876039723615
-0.327930096335533 0.462477063511728 -0.00700403438359431 0.109473127980785
0.0951392763105901 0.474016772650393 0.0324473983660257 0.00669089887815336
0.421244129527426 0.158497124188641 0.0449758994339642 -0.104286979808883
0.342568404840988 -0.277157393421916 0.0424358175492892 -0.188992715414612
-0.0137534778723113 -0.320128236798217 -0.0321992026303783 -0.229734309288875
-0.11848286080594 -0.187219326177566 -0.0895266939742902 -0.11066963020161
-0.193688980288268 -0.125254066643252 0.00238864868352321 0.00708588896282431
-0.216652641345013 -0.104928660260158 0.0861253453546904 0.0645098209040297
-0.184536991318025 -0.0864658172165872 0.211626849411992 0.0869250336252308
-0.113664193958754 -0.131357839470531 0.264927786756542 0.208258502363821
-0.0507941894781782 -0.186202962051403 0.259463266060295 0.355791828395085
0.145916009280676 -0.23274257617873 0.0508328191972746 0.488545079293845
0.270760170751383 -0.00257174396373094 -0.243811932927792 0.475482427241228
0.0723614877624864 0.252465758068395 -0.35315203403806 0.295719315647452
-0.259440344599996 0.357723171845058 -0.526158669066914 0.197738933618055
-0.374086420683166 0.504925576791214 0.140452227009001 0.056630775397163
0.084865753432438 0.494291754171001 0.169344167146898 0.0431529891804498
0.417698584919912 0.179165541150564 0.203691935352169 -0.169643308178276
0.361646949336778 -0.253099834759239 0.0834754458560176 -0.335811735626
0.0273924344842469 -0.319014830915747 -0.0929504890140609 -0.33165693084056
-0.0951375713723755 -0.207746027978555 -0.169650512809423 -0.167520553446433
-0.207026712084708 -0.151206773052196 -0.0773569272951779 -0.0331819579021279
-0.250427715696358 -0.121315415577542 0.00700167488317698 0.0190743168668554
-0.228044992394012 -0.0982369251010913 0.143649524038507 0.0445993764007696
-0.162482498204667 -0.156687597796273 0.214690699963169 0.189188966644519
-0.0838805478040714 -0.253059989230658 0.203586742582028 0.352085298411302
0.21052530770255 -0.331497765589664 -0.0238793765940336 0.433992615429656
0.400925637050352 0.0120830036148152 -0.245854584108544 0.358735982889283
0.108853117610635 0.385571408514867 -0.220000900474167 0.202331199563585
-0.335414853741674 0.478041464449142 -0.343479270912192 0.136597021893496
-0.36532015413559 0.495537546856256 0.32625757630836 0.00365116723893551
0.0594787852603039 0.447338755354029 0.341586572806527 0.000628175389229095
0.349088819043023 0.182952105339675 0.29864091862243 -0.291025328338588
0.334541610111498 -0.178200076273384 0.0681210978750004 -0.4508604754345
0.0716414870694183 -0.266201762763925 -0.148955030280113 -0.385080966053692
-0.0530712412022567 -0.193877867963665 -0.230323918896838 -0.211653886665503
-0.186387180634635 -0.152208101745691 -0.154755272179849 -0.0815642663347611
-0.246037132855444 -0.121296250783339 -0.0796036457279519 -0.0277137829761843
-0.240337738547096 -0.0997122274376867 0.0588319683791825 0.0159690288863803
-0.192493547265233 -0.17751561707833 0.127844223257252 0.176092857738429
-0.0895008902763563 -0.309244192408052 0.0975390629563245 0.309807610700212
0.288065965641289 -0.374215184049992 -0.0966772454687987 0.303639619067587
0.481018109560119 0.0672224754562445 -0.176831504982955 0.205993448553947
0.098108004907688 0.473012973584146 -0.0646906917485745 0.142481707704461
-0.367027803522908 0.521935270111275 -0.162001290376351 0.0550345870130007
-0.303661319499965 0.436055575258116 0.510802212867562 -0.0559065822686609
0.036008744217768 0.362278277094208 0.478264094868334 -0.103831513220131
0.256277542045301 0.172176339295783 0.31340955202069 -0.40039916023051
0.279987677961466 -0.0966352661008066 0.028998927031256 -0.502276304081236
0.0961559309624859 -0.189804717191377 -0.182712114883366 -0.396664676472919
-0.0119537955488903 -0.151627024115984 -0.264633970032413 -0.245743057843391
-0.141545287295123 -0.128840445393261 -0.218600229810937 -0.130475139642306
-0.202759891353082 -0.106228575573141 -0.155658974461779 -0.0668965555746145
-0.211810607663715 -0.0926220937797658 -0.0290082022200864 -0.00378279400982339
-0.176619612720508 -0.184333599148379 0.0236973055498489 0.144741793329989
-0.0476794643861439 -0.311689818003484 -0.00795392911470093 0.210502877489893
0.335902372068566 -0.309160342613592 -0.0964251395170379 0.134154369399151
0.444143301056167 0.148962157212632 -0.028524802509381 0.106798899035918
0.0318338312960048 0.461991376853283 0.051363440114694 0.156536824066491
-0.342897049042862 0.467801601796527 -0.0123311148789061 -0.0330358891600563
-0.202095913275353 0.332653304801774 0.654135894733746 -0.119064112091416
0.0243478388716983 0.252401563577363 0.550124923468456 -0.219863108704319
0.167128774443223 0.136921014221471 0.286618302236575 -0.468138153103661
0.200817064960868 -0.0367356378931119 -0.00849996224208675 -0.507502283916236
0.0866215102216472 -0.108616396166327 -0.200586314099875 -0.389771112026994
0.013210544362444 -0.089184476328628 -0.282903294172469 -0.270358846642516
-0.0812655445625084 -0.0852253467487685 -0.263098450266023 -0.167891772907855
-0.128153188711937 -0.0762350146611074 -0.208666023199216 -0.0930279663861795
-0.141807641029316 -0.0715731216189589 -0.10140408551322 -0.0164061795917737
-0.112821165710246 -0.153988847774066 -0.0604832408485422 0.0960703890317859
0.0108721520089875 -0.23191493967199 -0.0600904973680101 0.0922526023223723
0.286111152059396 -0.161917077647191 -0.0228757661158377 0.0137200760383188
0.281920195133671 0.181004487225216 0.116650197548799 0.108136300060253
-0.0418838495972396 0.322894111157734 0.0768534322778556 0.207838270193357
-0.25493629351718 0.316328539051629 0.0847411558853493 -0.114544751739134
0.027593434263333 -0.0624302585033439 -0.0745478006348396 0.283386572735525
0.0126999990541929 -0.13288274315737 0.0103935705739004 -0.113501914777132
-0.0758594330592431 -0.111976763326735 -0.162680690402766 -0.152735131220438
-0.12782445797707 0.0117133622761642 -0.0681192555041702 -0.0129402375196804
-0.0404650223235558 0.0841781055635454 0.0188469106739394 -0.0427878762181963
0.0395892691029168 0.046845695403921 0.0413393359275689 -0.0262934124271586
0.0566644829857952 0.0166940875595486 0.11050549008976 0.0456702038822928
0.0394767462107683 0.0078118539474187 0.201875344516417 0.115860118969498
0.0187967901554404 0.0262476839453292 0.296661347009338 0.168177243725385
-0.0246491204199418 0.0264611969075124 0.312451778602977 0.266939200891952
-0.0622307183588099 0.0106955737510709 0.250383614005985 0.378170372978122
-0.0805518332053101 -0.0320739343553632 0.0779883541956422 0.48816557791874
-0.0527430470318762 -0.0727462425021617 -0.215673970945154 0.506059633990056
0.00312715203227488 -0.155727525890042 -0.53597998416861 0.358749660516481
0.110884330710849 -0.153037572755255 -0.779110500485697 0.206237209142273
-0.0942423096335748 0.178534290702212 -0.106848226262477 0.254443348791699
0.0669297560590133 0.133060275924258 -0.00948116660645659 -0.0966272085815673
0.151277518143866 -0.0162960090392568 -0.174178225059914 -0.142995591722251
0.060254855045925 -0.142321794798336 -0.083018017814286 -0.0112558676890595
-0.0646173331149591 -0.0923241944504191 0.0175717555668174 -0.0418545213617778
-0.0516070661949364 -0.0381251802174664 0.0368249600108044 -0.0219807874632982
-0.0543521738096122 -0.0236587623441499 0.112014449802033 0.0441583093896041
-0.0648540923950551 -0.0282178760418679 0.194068488413265 0.110309547058946
-0.056978825805831 -0.0180732675178647 0.291421659966268 0.153184516007389
-0.0479599486690373 -0.0415409251703622 0.308726439015333 0.249470629647853
-0.0399955811765809 -0.0592954164437813 0.267803761359627 0.354634709235574
0.00588828717383688 -0.0790349695596012 0.106223856951588 0.476794477731024
0.0374133978118234 -0.0346484404475502 -0.184431826760819 0.528415258758963
0.00445144696310961 -0.0270757205843113 -0.481625782635454 0.40384823359213
-0.0166168253927676 0.0209755565396425 -0.746214939760058 0.26743799437984
-0.201597819853655 0.371042492033907 -0.0862410692348673 0.186250274915039
0.108468391591101 0.347861908772407 -0.0251861756801684 -0.0484718639332154
0.332330448421847 0.0730265667155118 -0.10790500498368 -0.101449382257275
0.224167639172609 -0.254695213340359 -0.0367613931935389 -0.066835459263603
-0.0619099008759136 -0.237721310307956 -0.0046352931668626 -0.114731883656022
-0.113735522943723 -0.120526186893989 -0.018269325967081 -0.0520488706784846
-0.147544527957039 -0.0699313675333701 0.0712178054938539 0.0316386573311455
-0.158860622053958 -0.0607826757553663 0.15753710435163 0.0916960777639845
-0.130211529763765 -0.0531697401403022 0.265616300444119 0.11574788845901
-0.0794479803163984 -0.0930991425645317 0.302096981793436 0.214848847622738
-0.0372581404372917 -0.122672523617874 0.288617482961753 0.334728575726982
0.0749681166214845 -0.14687391175354 0.119149692188673 0.478950784304409
0.143901762719582 -0.0180211224155804 -0.178426660127396 0.532239903453856
0.0352630973127728 0.109692020672684 -0.409615753291355 0.391423239390944
-0.131903211696746 0.20716205754684 -0.647959385117364 0.283009983206327
-0.281477850554629 0.490655351253352 -0.00487229214710428 0.113002462082587
0.133381622985604 0.46297514378513 0.0268732380172529 0.0159641847477619
0.431931115145099 0.119130549136668 0.0342238004409959 -0.0947788641054326
0.315285148712766 -0.306950279913726 0.0298860411556855 -0.186718007510665
-0.0399017103013662 -0.316637327896645 -0.0525136266747183 -0.226163947001223
-0.133054088544522 -0.178478530040457 -0.101235037573417 -0.102520254930037
-0.203457723836152 -0.110336815775679 0.000303931732563002 0.00762165820515182
-0.227228034496387 -0.0844794032558035 0.0931865009896697 0.0600517251094681
-0.192475970410173 -0.0733075160948451 0.216595062466814 0.0704505656306417
-0.12285522847701 -0.124185625107805 0.280975932104031 0.183840953742331
-0.0645343265382063 -0.182482998878093 0.287004716117018 0.329967267912771
0.125803368817777 -0.243785035345124 0.0912403319870522 0.477685925142964
0.269900644424049 -0.0258117161900963 -0.198425996034548 0.490592599179147
0.0910174772864882 0.248295651653121 -0.318751477218259 0.319111076899008
-0.224295889728035 0.381786329823847 -0.501746217900499 0.245387656165599
-0.322627669890762 0.538192694594093 0.137008672429119 0.0452364077654619
0.124999746060387 0.483339987823587 0.166717649133276 0.0385284390676634
0.429798970633188 0.140172308225598 0.186259820638812 -0.175538532558469
0.338093683690819 -0.285709453212469 0.0565602298035395 -0.335635394984434
0.00100394571722509 -0.320779374106104 -0.121767452008028 -0.320543213367598
-0.11123294125725 -0.202651672106031 -0.185306814993236 -0.151704944132521
-0.219412713047056 -0.135590197144741 -0.0824186284849003 -0.0258719318615049
-0.263267008435086 -0.0977765102996678 0.00848980017603111 0.020832810248993
-0.236266569585624 -0.0818517626661058 0.144355884764672 0.0338076628936186
-0.174254852429874 -0.144813737947279 0.231444403772804 0.169159969109838
-0.103454614371171 -0.245638515494831 0.232348590097903 0.331119577779172
0.180406298092108 -0.348267867596469 0.0128250596988179 0.432113072539156
0.400093443463564 -0.0243036204953172 -0.211712338355525 0.375039446793948
0.140520542247255 0.377667859377376 -0.194415641718982 0.213319904625974
-0.286278123937263 0.507869181494315 -0.323904812255439 0.166714568845507
-0.315412055888441 0.526214783902327 0.318780157127615 -0.0243485378063851
0.0955941283013555 0.439627981325177 0.334730657193826 -0.0213694844789654
0.362175920930183 0.150923005875719 0.267848697662656 -0.305875221382638
0.317669769628265 -0.208637125139282 0.0304858845211149 -0.449161122118589
0.05083777320821 -0.272459493227693 -0.180188770396379 -0.368617553171948
-0.0665690014679817 -0.194108243899131 -0.247271627103592 -0.189694374197361
-0.197881057042234 -0.138472968558775 -0.163370470916891 -0.0676739128090156
-0.258195334389872 -0.0985076193012992 -0.0828583733997156 -0.0190859526241343
-0.248525520430463 -0.0803144597514522 0.0581550728988307 0.0116381597334027
-0.205436316718546 -0.161782176173397 0.145138757898009 0.163057901466996
-0.115290465279399 -0.300119363693936 0.124619780894364 0.299628170596496
0.251123434298188 -0.399126283955307 -0.071413119958449 0.310960511889014
0.485000632338343 0.0242059612202053 -0.158027737034186 0.216021769789069
0.138053709328416 0.464844716137468 -0.0448517870201101 0.138589160734899
-0.314053873245178 0.555386695560401 -0.149455129789477 0.0676180508298494
-0.259839781081863 0.463262976046781 0.497529704809744 -0.101869437759519
0.0644870957052526 0.355943568518022 0.46120097604765 -0.139332002588512
0.270491141353162 0.149132467384537 0.271444398824425 -0.41741694764197
0.271317093419408 -0.123248822538109 -0.0132171643713588 -0.49657275398177
0.0817333031343061 -0.200168410061629 -0.213460136219334 -0.377546408275149
-0.0222920295802969 -0.155729725938253 -0.284802615036823 -0.221770363306741
-0.150377147963851 -0.118202032100288 -0.231341118953022 -0.112042235013877
-0.213097182229928 -0.0866483968210111 -0.162851679927532 -0.0522165669842169
-0.21902264010173 -0.0754318275972302 -0.0299186996436557 -0.00118298565318393
-0.191409140881965 -0.169021847238597 0.0407619763969964 0.142129939733616
-0.0749510168161815 -0.307063913928228 0.0105723214135261 0.212181229453542
0.304435664613645 -0.340044486910757 -0.0881919806043286 0.142859343085536
0.455549281198297 0.1079440072315 -0.0201740064787601 0.101788861474043
0.0730834116645043 0.460849916554904 0.0719239670424003 0.140689759646667
-0.294605884916942 0.49933508086814 -0.00725785378904359 -0.0355869976461344
-0.167182601410366 0.349803440367222 0.63574980512329 -0.176471500564717
0.0454384095369305 0.248164317114 0.521938960844326 -0.262121168908462
0.178275321446654 0.121345134127785 0.240258491875272 -0.481471109832855
0.197188987641896 -0.056259591428875 -0.0503237976736973 -0.497121001030727
0.0789420194955734 -0.117771151977075 -0.229440095694124 -0.370954625740316
0.00871590037111097 -0.0943597487183138 -0.304667381005194 -0.245039502674024
-0.0868850630408659 -0.0794859812015037 -0.279106044898506 -0.144877168333892
-0.13558889686759 -0.0643741583329449 -0.217708412056219 -0.0745049947348891
-0.147281288252076 -0.0613339239328443 -0.102112277096961 -0.00862450865308271
-0.125769200691336 -0.143878877329559 -0.0462983982557394 0.101568310815076
-0.00979386152577884 -0.232523795103835 -0.0522999999303929 0.0995529314094508
0.268585982372217 -0.18910926527314 -0.0270734216352702 0.0150671386274799
0.298909359759604 0.152567840166373 0.123147219320904 0.0879319237176299
-0.0132902740318557 0.328497746193288 0.104074022100342 0.189084185615192
-0.22067206220643 0.34158542310655 0.0824439711491163 -0.125853443457308
0.0233936779131926 -0.0619467709928266 -0.0558398126030736 0.282886499868635
-0.00127598951623097 -0.127883021375997 -0.00398628992196162 -0.0970551341632721
-0.084204886791743 -0.0998659732572125 -0.164152528410031 -0.121803567668238
-0.121510713683526 0.0244566918934561 -0.0591320743502683 -0.00421280691633554
-0.0294249036482016 0.0867025835767991 0.0155593455536366 -0.0460375821574796
0.0410641053388898 0.0420737546097429 0.033424592584897 -0.0290664158232585
0.0546417497532501 0.0107820313651542 0.109418803577938 0.0367985635731574
0.0384834729891454 0.00418384586455745 0.205222191362431 0.0984938359349598
0.0202047912382248 0.0234949383385687 0.298083054238531 0.141913268631645
-0.0227215088996047 0.0280631516484437 0.317845154709066 0.233041918499707
-0.0602338563031804 0.01663297301134 0.265491889066071 0.342773312913083
-0.0800628662609938 -0.0244622365045449 0.106780120304221 0.455344293084882
-0.0547005080745053 -0.0669936824452236 -0.166691591566612 0.494065092362702
-0.00918150022814989 -0.146917045471568 -0.478393687896298 0.380221668055557
0.0949274864806806 -0.153922661866991 -0.722640800503207 0.261163866650492
-0.0732600256814074 0.177594352443476 -0.0885096515374403 0.256978169097968
0.0709615496273797 0.121904938203666 -0.022176037571917 -0.0778833339581228
0.140267560771941 -0.0269947183522323 -0.174810972913823 -0.110131951794139
0.0454989258999766 -0.139307193937114 -0.0735540001611272 -0.000527360450642821
-0.0675482706805596 -0.0798976624312045 0.015308409345534 -0.0444732737757446
-0.0520089233964806 -0.0327269191785323 0.0292537229761821 -0.024234723940482
-0.0541019210195541 -0.0200485831713442 0.109518199882585 0.0352903157348697
-0.0654999884075955 -0.0216755455443605 0.197551772663815 0.0944190706096519
-0.056900693905047 -0.0143508906853159 0.292407479723048 0.127114209582132
-0.0496818956138323 -0.0365041247295022 0.314720655969781 0.217412174488005
-0.0428076492171644 -0.0542639398210617 0.279359422420057 0.318421653169097
0.000120803481522897 -0.0754487790050396 0.134620212770466 0.442529018742071
0.0337366288807279 -0.0356355614619485 -0.136236182157472 0.512602579003857
0.000280689290238799 -0.0230703255744391 -0.424027343413759 0.417420057353851
-0.0136972383633598 0.0216837146675782 -0.687488669086536 0.31698003940568
-0.16124293122919 0.370789925133323 -0.0751105018869197 0.189758349363572
0.127338846031544 0.324048426451333 -0.0326209083656068 -0.0319118733148225
0.321049916232435 0.0434314267186593 -0.10844120964735 -0.0752293406532838
0.193537988049836 -0.261661251314952 -0.0344708288293514 -0.0572767195667879
-0.076802492551383 -0.220593020780143 -0.0119374966786164 -0.111520808435544
-0.117459854659171 -0.108532893708349 -0.0247243689364955 -0.0482348215622853
-0.146413033571067 -0.0574820359353403 0.0684079331327424 0.0262627383783832
-0.158429731314296 -0.0455223877486836 0.160456438108783 0.0787806668306182
-0.130133866819924 -0.0442590356833149 0.263365023092889 0.0927811724784433
-0.0831872487661303 -0.086361376181144 0.305300089624136 0.184427748998534
-0.0443238672865342 -0.116002001324147 0.297582715692716 0.299110383784335
0.0623382501475972 -0.145814214071421 0.147423635383687 0.443697520740498
0.136529780884097 -0.0274610787809725 -0.127819454765816 0.518528260274588
0.0387953070696417 0.106270625982819 -0.35621092190979 0.401345819351522
-0.108395051759747 0.208503732300842 -0.593699883334438 0.323298906647597
-0.227912055838191 0.490171059226258 -0.00386977604826096 0.112103378724501
0.15907310068404 0.43227309321408 0.022911361805998 0.0248334395210614
0.420291371288722 0.0811422850233061 0.0272917126754329 -0.0811102872462135
0.277129644092519 -0.319868650845784 0.0187895222308206 -0.177239412783323
-0.0611810104464198 -0.298257421569423 -0.067602411942407 -0.212290736365237
-0.140482115188849 -0.163516734257681 -0.107269606777202 -0.0897064794913297
-0.204135868773622 -0.0926501485826667 -0.000910391734088407 0.00887533996054368
-0.226536041245698 -0.0626132339211473 0.0956334052342381 0.0527406558773713
-0.190726808321232 -0.0586220571180754 0.21146639379461 0.0529560182497998
-0.126600035183321 -0.113267437563688 0.282254306150316 0.154717623066318
-0.0739302415709535 -0.17119149566786 0.29685412044832 0.292512129704927
0.102916938137254 -0.242835946855941 0.122052770947278 0.446770068652145
0.256452114338468 -0.0441848692013077 -0.149504957927171 0.479343836132651
0.102702869154553 0.234473840603113 -0.274966252546832 0.323748786797969
-0.181979718054178 0.382839204748621 -0.45454254779846 0.275990256559074
-0.263089286640984 0.538719989276308 0.128046018243031 0.0353366317563506
0.153838882764689 0.452354447389489 0.158866639506339 0.0342330634093841
0.421352979578472 0.100646019904088 0.164354680970325 -0.171851775322831
0.300524010307899 -0.300863081917283 0.030816066694079 -0.320816126926532
-0.0210009702460726 -0.306853039104832 -0.139990346498422 -0.297619836009042
-0.120127977886298 -0.189855882425935 -0.190679413105244 -0.130032565657354
-0.220700226823151 -0.116358857109447 -0.0828710193997078 -0.0174159215500801
-0.261683838791217 -0.0722966897914026 0.0108393496651484 0.0214483853192068
-0.233297067285628 -0.062874715614702 0.139521078653398 0.0229063439327905
-0.17564403535634 -0.129008026896826 0.233918511714248 0.143358660973691
-0.116353335285828 -0.228658574454978 0.246887615515531 0.297762652683034
0.144912056605882 -0.345928678868426 0.0442698826431312 0.41046740103507
0.381382531043379 -0.0543762429696272 -0.172548762897219 0.371339299691496
0.160673879959451 0.353976605598347 -0.163882559162989 0.211476497943679
-0.230728902746182 0.509568766175762 -0.291812111361053 0.183846291081816
-0.256848885309868 0.527875981803551 0.297425036409162 -0.0459775532927895
0.120753297134287 0.412967817740881 0.315144140890113 -0.0375299259949114
0.357790647395227 0.116979488335753 0.232006282926242 -0.304076109972521
0.288695292705074 -0.225597647965097 -0.00296678937086364 -0.426477083539555
0.0300061588409876 -0.266913817247902 -0.199024217577266 -0.337992032866288
-0.0769264288942749 -0.18617240214853 -0.252469294082751 -0.162214891661787
-0.199980618138522 -0.120644877359732 -0.164031034762264 -0.0517868304403457
-0.257188318112234 -0.0729220913737814 -0.0804815587964588 -0.0104147646407243
-0.245531725786614 -0.06074519162731 0.0551821517429417 0.00700165935574001
-0.207561802116637 -0.142500243495676 0.153449089915496 0.144073331119637
-0.131935019879989 -0.278986315090154 0.141818586591389 0.277720458263131
0.207206916244021 -0.400897872520208 -0.04544285865907 0.302841790892062
0.466559494443643 -0.0171993093603594 -0.135747185240745 0.215086866629524
0.166605634695408 0.438046067313947 -0.0273072165129409 0.12690887485004
-0.252096330582365 0.557180579196333 -0.131415893879926 0.0738662587415838
-0.209187583195361 0.463182669236521 0.463912459516451 -0.135544739624824
0.0856871878778629 0.335882411996 0.427423746090381 -0.161934752614595
0.269684426163819 0.121811421241924 0.227141102654262 -0.410946340895098
0.250443331624823 -0.139494225327222 -0.0465830752684265 -0.467764293409018
0.065207136508474 -0.200382487960351 -0.229432401916747 -0.344392719310192
-0.0310936931786913 -0.153402743090923 -0.289440365697675 -0.190304368292959
-0.152647619995932 -0.105002149142865 -0.232845023104894 -0.088826976348452
-0.21315628567823 -0.0657269094334725 -0.161238141649976 -0.0366708361596182
-0.216791086882197 -0.0572501910760083 -0.0289410035810617 0.0014268092839883
-0.195295168710441 -0.149012909793069 0.0539225574623608 0.131557883485321
-0.0958750385467156 -0.287699711416346 0.0265720169027903 0.204858833450675
0.262021739568381 -0.350602959749108 -0.0754030986175259 0.144135035551059
0.445785977511912 0.0648839576929076 -0.0144886103257876 0.0922904179820059
0.105387816489248 0.438465004326102 0.0864292890498497 0.11830130877402
-0.238201660718376 0.502628181533975 -0.00345172456932215 -0.03712096462235
-0.128340550834289 0.348534222566155 0.589291809935384 -0.219372447116026
0.059638193605759 0.232999499412741 0.476867173614613 -0.284637041763575
0.180377820966241 0.101846579338351 0.19127161750538 -0.470012531537078
0.184648170448723 -0.070590376266412 -0.0816914387749383 -0.466795746437153
0.0679057973846691 -0.119912970218999 -0.243470524536171 -0.337502827002053
0.00365257094917133 -0.0962681036025795 -0.310609774052642 -0.211947493382989
-0.0876834154294313 -0.0720465462455458 -0.281225612175876 -0.117647245995523
-0.136647856232096 -0.0502780710688639 -0.21609896573816 -0.0550095578111047
-0.146330915672121 -0.0490094759090365 -0.0977131969190992 -0.00150472175806747
-0.131032110934974 -0.129045198637143 -0.0311536151997142 0.0999836437716348
-0.0282411584520089 -0.22279529401781 -0.0433173846160122 0.102729167966907
0.24075031229829 -0.203468382010261 -0.0291438517008966 0.016757755312969
0.299742755265104 0.121179047865961 0.120833713491171 0.0652924828841863
0.0122927057689687 0.319779011098827 0.121799393122792 0.16133797171088
-0.179493136158509 0.345644525806859 0.0757314198827144 -0.132294548406833
0.017571059091287 -0.0561927677669034 -0.00247735459276958 0.275399540180224
-0.0245859117935678 -0.116698568154918 -0.0231603762107056 -0.0828110810763989
-0.0957952653122486 -0.0746472952552974 -0.172132672608011 -0.0829744113967428
-0.106803134083561 0.0452975901158784 -0.0574860787856335 0.00418567707612118
-0.0121276208327757 0.0846646439418566 0.00362073251322059 -0.0438939970685814
0.0438572931462522 0.0334059161060982 0.0245183442103026 -0.0308835894960099
0.0520531118873971 -9.52411615984198E-05 0.111933243956953 0.0205765142183434
0.0370929335292053 -0.00288980586512878 0.21367214943434 0.0611573301153757
0.023556250538453 0.0161154062665132 0.307484671736617 0.0849154957168681
-0.0148716091090733 0.0312417603972061 0.340433517443111 0.163185268342021
-0.0518363884896649 0.0254530618433663 0.307480437250872 0.274018971199924
-0.0780777939179737 -0.00576514381059497 0.17438732841671 0.400384367914067
-0.0610639211670671 -0.0527749983424981 -0.0687244781886844 0.483591386666389
-0.0386084228199347 -0.128938202782639 -0.366211643648282 0.431731474915745
0.0605759879166486 -0.149343817497829 -0.623178024263977 0.360546903977914
-0.0379590765080663 0.176458884338766 -0.0428365417773113 0.267824868155891
0.0800181189967973 0.101219138099387 -0.0349407627608973 -0.0513276657156427
0.118812085185622 -0.0422721895163 -0.167001044966461 -0.060562118813737
0.017847109937216 -0.131204396818691 -0.0541238708959868 0.00725390844148306
-0.0723562329526014 -0.0615187964333673 0.00214897002495982 -0.0528398040597047
-0.0531496807547247 -0.0235957385535794 0.0176443001223451 -0.0291371842071021
-0.0529225932768553 -0.0128026829195318 0.107326695011991 0.0158531584505127
-0.0634111150571179 -0.0125759006938214 0.204491292414783 0.0580894937420715
-0.0549527762945987 -0.00916213368901994 0.300318997299245 0.0724998608956171
-0.049606366237281 -0.0281780537738604 0.335849743630389 0.148903225552839
-0.0430592123213567 -0.0440094545416709 0.316244064945377 0.250025372448584
-0.00810699668771651 -0.0647961580187235 0.196620152664115 0.386674889902168
0.0249531811135802 -0.0332073395392632 -0.0345489031941995 0.496440532502306
-0.0122746969147647 -0.0141153674787818 -0.311144172677821 0.456374091305162
-0.0164444234576962 0.0302481320070713 -0.582028931211358 0.404071583431144
-0.0925767735895934 0.36466521445319 -0.0479295123739837 0.211558993036989
0.162924401709751 0.277702285398839 -0.0347140680615155 0.00137446254380584
0.294743481719903 -0.00581596903068702 -0.0883878373371315 -0.0322278268448169
0.130698269524521 -0.266736225169639 -0.0140929666465178 -0.0541726078082875
-0.102857703913581 -0.188723587406541 -0.0339641264699054 -0.119339513193923
-0.124716626141683 -0.0842471065695154 -0.0398817240473356 -0.0455473970187442
-0.144077724399442 -0.0329320856746119 0.0633693916625723 0.0107439417216981
-0.15361926829548 -0.0220127513515698 0.165700561400255 0.0491511326699389
-0.128081181058377 -0.0258343496585871 0.268279490573395 0.0445007569145163
-0.0881631431817411 -0.0709551907926592 0.32215039218297 0.118029494053624
-0.0516044452440164 -0.103073440855248 0.328573743879819 0.226820243726366
0.0404814123588241 -0.13987704819096 0.208904132811259 0.385880763571656
0.120320153047264 -0.0381298208923049 -0.0250437873388592 0.500600066516698
0.043066376966863 0.100935549049318 -0.254623440915906 0.427982369839752
-0.0780799621550572 0.217542244198464 -0.495937495814326 0.393101338937048
-0.138080550434319 0.481755572433819 0.00107357849662693 0.130459569811545
0.208623114517466 0.370936623280453 0.028654340433286 0.047806313034062
0.390149445458682 0.0111943529671673 0.0425336787308584 -0.0579708829297483
0.195598877814102 -0.335594627106321 0.0203121911034041 -0.176152977985311
-0.102978393487781 -0.262800655089422 -0.102431691094441 -0.209037586523123
-0.153605382928051 -0.133217086175876 -0.124991765611039 -0.0731484011860792
-0.202714045583879 -0.0574714160988902 -0.00827028908794411 0.00179073146162238
-0.219557182862223 -0.0272801964614862 0.0987890211579228 0.0333163885379797
-0.18740132210208 -0.0310491542487276 0.212693166855746 0.0145132168951568
-0.132709685289861 -0.0912397984689068 0.296687861748353 0.0933846611584101
-0.0856630266914391 -0.150818605111095 0.328396723149289 0.22201273761033
0.0632879858491499 -0.235653180822937 0.187822885368471 0.39692046062763
0.227374121664145 -0.0695406716339543 -0.0516523458839631 0.472077201379759
0.123442377373975 0.208819866801511 -0.197634628838975 0.340361805836135
-0.120465538881422 0.388622423715834 -0.375740543769438 0.323757146529797
-0.16164932908204 0.527754704505456 0.107534724209492 0.0365128336749259
0.205588473974079 0.389328849403943 0.157627103904237 0.0302117234583647
0.394412979878493 0.0269550083374263 0.152813897650965 -0.166061697963339
0.217819536114245 -0.322989738660133 0.00730779682646303 -0.311377303232331
-0.0693944669191661 -0.27624731320222 -0.182290284403674 -0.274804424351962
-0.140389591895351 -0.161180052436746 -0.208142426021152 -0.0988292161679603
-0.221903611358543 -0.0754223859610543 -0.0910114033431192 -0.012488213673488
-0.253766030326187 -0.0306035871259588 0.0127927264438968 0.0170654557608791
-0.227858413541901 -0.0275961292213122 0.139598071356591 -0.00415796917748095
-0.180522444024224 -0.09796952197572 0.251077670762242 0.0893795200862644
-0.132121482976209 -0.198217627207506 0.284642219842666 0.235592203851382
0.0852906549758747 -0.339456534059057 0.111335545727874 0.380363649780924
0.341436075100265 -0.0964723579182475 -0.0893445067524745 0.377208611120428
0.197278779698991 0.310019395452287 -0.119126102484136 0.215451705518475
-0.145875671760943 0.512925469345455 -0.239493377559891 0.2122839530385
-0.157495487548917 0.513343539404626 0.249856582847272 -0.0728537990164636
0.169840702514345 0.353905157780781 0.290580855095006 -0.068916804862278
0.338066545200917 0.0494952949264776 0.187643742312798 -0.301180661846095
0.216460786955193 -0.253840207085437 -0.0464065599827236 -0.398579751471117
-0.0178456964064976 -0.247225606712335 -0.240608342674193 -0.300594727840469
-0.0997511797662695 -0.163776459611811 -0.268751515568743 -0.118807931116844
-0.204084487195371 -0.0827257992337415 -0.1725720709315 -0.0322828912376752
-0.250019794241977 -0.0314167454289064 -0.0782359306828816 0.00143544824590458
-0.238920792076343 -0.0227625600952834 0.0580357592928137 -0.00459176366953575
-0.212573035716589 -0.104324483426279 0.177234449621349 0.102680490762513
-0.155148295821371 -0.241642772311754 0.18488538408431 0.235985979788275
0.133076142805131 -0.401100135131628 0.00849103791888054 0.298705188274261
0.424970448965322 -0.0772244739464999 -0.0843016934903133 0.226533905697754
0.219826628447905 0.385195763502271 -0.00937850660192421 0.110614454902669
-0.158206492189033 0.559003817329839 -0.109992565065319 0.0823189745293876
-0.119699742513978 0.44289025539815 0.390597408236278 -0.188709356031899
0.124623706578234 0.285689508744164 0.371897589045003 -0.209146344599307
0.257444602961335 0.0660616718745284 0.156876292515742 -0.400524734517781
0.195824112044291 -0.169924122975514 -0.0994401798655787 -0.42513478681535
0.0239233232008483 -0.191520889544402 -0.266885552487656 -0.295653886084652
-0.0528539590936604 -0.139942544425042 -0.305394877341686 -0.138450814362504
-0.157735709189094 -0.0749757782987666 -0.242224859757646 -0.0548146069956142
-0.208903041240724 -0.0298570308166849 -0.159213129616953 -0.0107127916991301
-0.211744269633855 -0.0232158725758188 -0.0229684711133136 0.00328768174015704
-0.203200836075887 -0.110702606824264 0.0829741942135061 0.108293436315713
-0.124604658849714 -0.254106288470656 0.0639885107478857 0.189341264984937
0.191324813307464 -0.36438140960247 -0.050327354436136 0.156938461704366
0.419316174143998 -0.00111045296925284 0.00356702837204367 0.0904461326955892
0.164563338515884 0.395627291305044 0.0945791196145832 0.0796844059224549
-0.148392393473205 0.503147291234705 -0.0078801834062402 -0.0427190085774146
-0.0611565180486987 0.324333383606998 0.495497611137412 -0.294695264806967
0.084932416066328 0.194931436128732 0.392638685545901 -0.337942024659179
0.171963435571584 0.0602582243054481 0.108236769413337 -0.45431485423771
0.145828005846976 -0.0954737913531644 -0.138937147297817 -0.418303598789073
0.0377225424083437 -0.11822519900546 -0.277542321515667 -0.28250707164811
-0.012629123153628 -0.0904175589497617 -0.327463713176163 -0.152570258602905
-0.0926280688476443 -0.0531430766305754 -0.291094413406627 -0.072870323565119
-0.135204000857327 -0.0266425761154213 -0.213951605150406 -0.0183829968257575
-0.145317936316289 -0.0249642488958934 -0.0890259506546622 0.0124791170826228
-0.141322655538587 -0.100958311386056 -0.00322244391200974 0.0950221663586198
-0.054950727861765 -0.203163311154078 -0.0213676686720536 0.107736073721988
0.193779738968207 -0.226972014504246 -0.0317305782590964 0.0272974101323461
0.293527734838527 0.0700528161158504 0.12167042337075 0.0378274621281447
0.0620279591021676 0.299543553926195 0.13959897335152 0.111259592434736
-0.116472000327526 0.347743847223566 0.0517350378583726 -0.142924837688401
0.0189769494687245 -0.0553099563658976 -0.00511574867318289 0.268940885699918
-0.0261881353350869 -0.111613121443999 -0.0244211887490808 -0.0672094250006362
-0.0932058843253285 -0.0697670936396838 -0.158531823629378 -0.0695115593601625
-0.10138681200634 0.0457220315144182 -0.0477888792483403 0.00478546158527625
-0.00919276518771252 0.0817915942218142 0.00245311815280729 -0.0450772236563683
0.0418975733168423 0.0320566532807713 0.0194576970011699 -0.0290632569588654
0.048983557048378 -0.00130950663829961 0.107239725438868 0.02149184852224
0.0348188828869784 -0.00383883576153447 0.208235443902879 0.0600857243651326
0.022292437983674 0.015047794558215 0.296819030369678 0.0836254513962658
-0.0142803049443468 0.0303279431262603 0.325416707547043 0.158576365737264
-0.0508124101021237 0.0260838385303214 0.291775121001745 0.262433171922242
-0.0749133661390808 -0.00541547748420955 0.16203374533658 0.37993639099041
-0.0583804351001389 -0.0521849904174184 -0.0652504331246215 0.456640539768023
-0.0365196373977873 -0.121303499168062 -0.345066253924216 0.408370191160251
0.0583962011952766 -0.142060173014732 -0.589200306802853 0.34896893451268
-0.0335263134652472 0.167142378843675 -0.0449192692035746 0.262429232388132
0.0750032411949654 0.0968151848069534 -0.0346235891464979 -0.0377197342651647
0.111652604314853 -0.0398622312338505 -0.153649562189842 -0.0479931912334967
0.0161621634607844 -0.12394496923982 -0.0453084908785893 0.00793327598766865
-0.0661526276333758 -0.0574806965873352 0.00185767571489684 -0.0539664874935687
-0.050773337339491 -0.022945418443373 0.0130314874146389 -0.0273087321835654
-0.051735673520574 -0.0128998332407327 0.101709346965746 0.016807030449166
-0.0622780211103809 -0.0120478943802853 0.199948182413076 0.057337524559523
-0.0533968637621959 -0.0102051675011773 0.289953192156362 0.0715466225143877
-0.0482106065470178 -0.0273634653373371 0.321625151446587 0.143568636441085
-0.0422255730979826 -0.0419630947901386 0.299614828031961 0.238356559881642
-0.00688486969313769 -0.063166838187732 0.182506021573428 0.366864364354237
0.0243519064091373 -0.032620135622 -0.0332016244729572 0.470867856778109
-0.0129550057956925 -0.00933098401480936 -0.293068381335059 0.430659536855415
-0.0145234330253627 0.0290395605225401 -0.551700284294981 0.388945647957373
-0.0847676625791867 0.346705888327597 -0.0498452379952095 0.208257796352577
0.15395347227544 0.265503155722491 -0.0343425175705973 0.0122626450852766
0.280481698667003 -0.0061630147318263 -0.0788048181638747 -0.020417418216089
0.123225725093921 -0.256035330695999 -0.0083859522096545 -0.0503749670176547
-0.0968257166705141 -0.179054731997289 -0.0338388225464265 -0.116442181389911
-0.119732102765565 -0.081440512415069 -0.0414280030362413 -0.0430017323598634
-0.139367044926092 -0.033132687222591 0.0589155410128471 0.0122156340705129
-0.148901238218135 -0.0201437462678272 0.161443905414406 0.0478464527335929
-0.123352539809028 -0.026897374937208 0.257718951638244 0.0437500171294396
-0.0849561904921921 -0.0703678048854823 0.307883089364958 0.114612596938785
-0.0488986176800007 -0.0994528475146302 0.312078263938662 0.215715028574171
0.0405789319341935 -0.134214617155376 0.194999347197317 0.367801832887484
0.115579993794536 -0.0353237266182629 -0.0228418831304627 0.473690955545268
0.0395020426486933 0.101053422837638 -0.239227921913723 0.403155103875283
-0.072611654027759 0.20764683410711 -0.469166406684243 0.376790002510049
-0.127446423181477 0.459373390866249 -0.00320229453461468 0.129590035631623
0.197812026167467 0.355414563730743 0.0272349494184167 0.0548487805687491
0.372304411610941 0.00989859843764004 0.0450536646505637 -0.0466613279248656
0.184777759853761 -0.321164707667555 0.0247174169878322 -0.166665209035859
-0.0963106910513878 -0.25031012624732 -0.0988492154969956 -0.200677783980859
-0.146674061982586 -0.129926745089455 -0.122782877029357 -0.0685824892178371
-0.195208707987592 -0.0565560119793745 -0.01000539624104 0.00408140954443032
-0.212333474211424 -0.0254911861302639 0.0968337827530052 0.0328070803602756
-0.181181187911546 -0.031563524199726 0.203584824944485 0.0143836939264853
-0.126746626365934 -0.091062500204765 0.283609561120447 0.0890899659444101
-0.0809619186009487 -0.145679244483798 0.312616231015182 0.210656836445617
0.0624070712457666 -0.225199036575811 0.177670350365035 0.37428433813501
0.217301168919698 -0.0660126009304222 -0.0464846985610381 0.448245685594117
0.115818417288901 0.205313101097098 -0.184367615497875 0.318219209849405
-0.112367535101203 0.371207911925487 -0.354405610202705 0.310174378864814
-0.152051379216971 0.502643049953289 0.098673007555665 0.0381195605198832
0.194065143755818 0.372016798259084 0.150798007583157 0.0366820693802049
0.376193558243575 0.0265645274805729 0.150245330837696 -0.150991047036215
0.207051536744308 -0.309769537352574 0.0107430793740041 -0.2954306420972
-0.064517191539935 -0.265336265896898 -0.173948337629711 -0.263980259795994
-0.134605830898056 -0.158208607339937 -0.20066728969572 -0.093528726822177
-0.214404744965507 -0.0752423646480105 -0.0893868759160134 -0.00934160656996186
-0.244688254958079 -0.0283115243427798 0.0134154433158982 0.016795362295312
-0.220061233575015 -0.0283836774724581 0.13303709053858 -0.00276734605552985
-0.172578154167756 -0.0977546258639734 0.240742573789668 0.0840083758959823
-0.126033833914595 -0.190079679992151 0.271757270384549 0.223474303195604
0.0819680528859894 -0.323584993210301 0.105563646652769 0.3613233581493
0.324678504602367 -0.0933632671667856 -0.0844616503489159 0.357761616749144
0.187900225102334 0.299935728579342 -0.109891497262767 0.198950589879427
-0.136249147831178 0.488253777356819 -0.224422093348989 0.201960057973671
-0.145407287173747 0.488227131767898 0.235155237518505 -0.0679527412406392
0.15903079664132 0.339695131271648 0.276991779167106 -0.0597369911061004
0.322401120826907 0.0484325228648218 0.180439748758869 -0.280053817655712
0.207831706836821 -0.243919921761833 -0.0417641809058543 -0.378709164749072
-0.0154927545775038 -0.238961882103802 -0.229066723732102 -0.288114877858718
-0.0959020597523441 -0.162120772941011 -0.257189023180905 -0.113731033825387
-0.196600549361872 -0.0824095182159336 -0.166488346353642 -0.0295703351702571
-0.241009752515275 -0.0290501815443111 -0.0757234048144301 0.00189477143328651
-0.229896037075172 -0.023856301394635 0.0546669353135578 -0.00469481286286581
-0.202940087575711 -0.102839146275481 0.17123393113666 0.0963311815358134
-0.149377209897813 -0.230870519549717 0.177986417398344 0.226038117884581
0.12638876433583 -0.384333972631828 0.0064873941740765 0.284971556641092
0.405885022940635 -0.0762650287836213 -0.0811349879912629 0.214862274046767
0.210915645079566 0.371346294407897 -0.00620514368537345 0.0964162387594449
-0.145033581388331 0.533217949670142 -0.100438874075167 0.0757011239561305
-0.110220170854439 0.421103717012514 0.369683267254204 -0.179746372456763
0.115953701392823 0.274631889783766 0.353200357485909 -0.194962964079291
0.245834735219492 0.0642865978262392 0.151763189674739 -0.375900744707407
0.187640234698695 -0.163681850392832 -0.093675632026399 -0.402578891884045
0.0244147944741603 -0.186303118665807 -0.252666055734667 -0.285270283658993
-0.0514669739347173 -0.138729173546795 -0.291660891504873 -0.133212473387025
-0.151792684345514 -0.074263144418235 -0.233398426064317 -0.0512971471528475
-0.201110432342295 -0.0277909781520683 -0.153512175564279 -0.0102566626552571
-0.204019253405119 -0.0236945000739124 -0.0226055117216483 0.00202646740417139
-0.194443157439403 -0.107784500789763 0.0822412089733799 0.101268892567265
-0.120635370201651 -0.24300488893679 0.0629818916800279 0.182298963705143
0.180376566743997 -0.350740973068855 -0.05050373620259 0.150287222942063
0.40153187739412 -0.00463736227531496 0.00036738579899363 0.0833244623580729
0.159733960680766 0.381262623742945 0.0940725609826754 0.0649676435356563
-0.139010134274772 0.480587404724891 -0.00318511789308884 -0.0448572407773066
-0.0547598810018432 0.308778924471172 0.470111552215502 -0.284077156144448
0.079393170345118 0.186894132502492 0.375208869930401 -0.318130968706272
0.164863011294825 0.0581145509767038 0.104930742310451 -0.426617286742196
0.139304976279229 -0.0926628598469607 -0.129455774118718 -0.395825230205731
0.0373100113711786 -0.114822540114876 -0.262456195853001 -0.272034301023346
-0.0115441364508073 -0.0906711813864538 -0.311653375719857 -0.146765033435872
-0.0887275470691017 -0.0527484054249153 -0.280659627742474 -0.0692635852426706
-0.130499271402772 -0.0246898592127803 -0.207137459353952 -0.0179989402658726
-0.139794064986395 -0.0245114492431009 -0.0851478832852806 0.00963027112228406
-0.13620268818217 -0.0971817539273615 0.000835942011116552 0.088388158645479
-0.0543596374962304 -0.195139956650552 -0.0187192703736319 0.105500237152241
0.184039207340318 -0.219173410909447 -0.0339769172123059 0.0264712720898204
0.282251567352163 0.0636562455806265 0.111886678297745 0.0300174657663783
0.0607270515560002 0.289811239440237 0.137715638603845 0.0947515403301983
-0.106198708048868 0.332287099174138 0.0537371234106976 -0.142569995311457
0.0215747588682511 -0.0566997591832987 -0.0119001846803537 0.272136036521326
-0.0261241921157012 -0.111543221087131 -0.024549357274124 -0.0562589500748402
-0.0932602011178568 -0.069266574892803 -0.149745183582635 -0.063828057263532
-0.100823178591503 0.0463479546463958 -0.0399823348696333 0.00393119235699334
-0.00754151551513893 0.0815891752514524 0.00206499767184583 -0.0474103648008457
0.0409274325078941 0.032627559767287 0.0158419387135776 -0.0273583244718612
0.0479402493581244 -0.000847129383139124 0.105666348353841 0.0247308519226011
0.0334863586334559 -0.00396800281996659 0.21076122054049 0.0641107579230658
0.0218312758387772 0.0148277328173314 0.296715506424666 0.0902066751598942
-0.0156756049275452 0.0311285625466833 0.32030728005951 0.164725083923791
-0.0524072602099027 0.0267178575473813 0.283031182949113 0.26719238629926
-0.0751576914890485 -0.00712762751710352 0.149289895722165 0.376604371805928
-0.0573469023746333 -0.0546906822052385 -0.0729993496184891 0.445675963387259
-0.0342573562687969 -0.119017273473753 -0.345424596874344 0.394115150317155
0.0612820551444447 -0.139343445220138 -0.584770122166884 0.338816421643499
-0.0336467588991754 0.162698306838397 -0.0516621757612932 0.265267483249832
0.0707458600304793 0.0970812583094919 -0.0352713961982507 -0.0265237353395492
0.109824005302958 -0.0376651399795242 -0.145398528579545 -0.0417221124753972
0.017554175524562 -0.121775048018514 -0.0384268034283714 0.00819907099470791
-0.0638239481150119 -0.0573045585519115 0.00127024994720041 -0.056432975784319
-0.0501218379596896 -0.0245259187732343 0.00934749687141381 -0.0255098847895907
-0.0526247385292143 -0.014883405727966 0.0999664858830999 0.0204022941104278
-0.0629662971759946 -0.0133783081783455 0.200972650661058 0.0612123293207807
-0.0536499090588027 -0.012802286908832 0.289301143944971 0.0780961490732024
-0.0478947660545131 -0.0293480886113742 0.317087408998947 0.149888376915862
-0.0420649303948822 -0.0422550625712981 0.289900527169647 0.242919651023856
-0.00479657092964054 -0.0628501225315925 0.170311394675145 0.363621939094178
0.0251680301766969 -0.032035033263504 -0.0393717483209923 0.460592801973366
-0.0133658602064911 -0.00556044980015881 -0.293071235194882 0.416143599929762
-0.0138649260157409 0.0285961070989036 -0.547204246189579 0.380658400937548
-0.0878989667551812 0.340407292051321 -0.0561924914104288 0.210817905369154
0.146980320677533 0.265901097329619 -0.0349208604953592 0.0216852246051364
0.277166781005422 -0.00161617796523402 -0.0723866850857299 -0.0133393297834782
0.125616118163983 -0.251328402070253 -0.00119399637251428 -0.0491459278848804
-0.0916806781852385 -0.179057855912679 -0.0331639093592388 -0.118771973414379
-0.116953439194511 -0.0850012282378826 -0.0449664127044578 -0.0419895102621877
-0.13854084347152 -0.0376507112853513 0.0562861087146614 0.0161942681163585
-0.149851971820613 -0.0226389930397321 0.162662734121715 0.0511653028622522
-0.123767674646016 -0.0310694721248894 0.256282693539375 0.0497473843400255
-0.0841149416695251 -0.0747222412096784 0.303723958377116 0.119868493779123
-0.0464978307363194 -0.100733573738605 0.303018468316883 0.219465452691509
0.0444395906280262 -0.133430090795437 0.183930626491468 0.36443641648028
0.115170697879442 -0.0331401065627387 -0.0291369525090793 0.465454105698147
0.0363765067387368 0.106050095462693 -0.241217049305655 0.389716022148013
-0.0754000622393654 0.204085196071469 -0.465780720738608 0.368397070851999
-0.131562096503599 0.450751370727221 -0.00861980440278209 0.132994610577715
0.188779419853599 0.356251562885675 0.0255945312660007 0.0633784375339381
0.368497091847004 0.0160316823879776 0.0506264243994291 -0.0374840478016386
0.187359354293639 -0.316091960579819 0.0313832558271938 -0.163310610084684
-0.0901791613449709 -0.250089636909804 -0.0970318669917906 -0.203161347065428
-0.144026559541462 -0.134641670552704 -0.12366189454938 -0.0685517770758607
-0.195023810932996 -0.0618242783236258 -0.0119729925584115 0.00627120738234628
-0.21255560379971 -0.027897303865949 0.0970263835905135 0.0353122050999981
-0.181425457182815 -0.0369245195766954 0.201985911591558 0.0194034558564279
-0.124530677005041 -0.0962903697538714 0.279644083581826 0.092974571792064
-0.077706827008574 -0.147344068996257 0.304949900559065 0.213962169039058
0.0677344897065809 -0.222893903979033 0.167052500510557 0.372388730711093
0.217093786306191 -0.0614068982431289 -0.0529306742517732 0.438918067222648
0.110224945305139 0.209792293881153 -0.18438940319054 0.306700319434839
-0.116249331505878 0.365813914005432 -0.350928690497518 0.303691401329373
-0.156239208798763 0.49419263894197 0.0941458389944556 0.042507657105252
0.183916568179488 0.374611045261375 0.149095708135722 0.0453635653686334
0.372399131484231 0.0324004712466317 0.155290718920694 -0.140692999982487
0.210175572936747 -0.304646194184642 0.0184443668576081 -0.290144057426381
-0.0578159417169637 -0.26568389618525 -0.170118079127192 -0.265914159856893
-0.130809973879647 -0.163410788321061 -0.199995885636615 -0.0945407166007479
-0.213094392905942 -0.0807193530510411 -0.0903698999132424 -0.00889214705342627
-0.245746124333676 -0.0313536259958655 0.013430071329804 0.0173014855247701
-0.219628037640017 -0.0338661739852524 0.131839951748497 -0.000385181297572141
-0.170021737639411 -0.103406201132075 0.237816121645711 0.0867911210166342
-0.121595100009807 -0.191246578803658 0.265966929482852 0.225643925420478
0.0875900768558842 -0.319996482596628 0.0963965379766303 0.358471465513987
0.323109443273229 -0.0877841242603397 -0.0878285731856531 0.350940242240263
0.180501051009606 0.305044260437816 -0.109986349027303 0.187434852674467
-0.139530483158917 0.482818101416253 -0.220738095385294 0.194720996649935
-0.15015930980513 0.479664082355223 0.231211254474032 -0.0624237802043926
0.148708017185385 0.341006135964709 0.275720765225971 -0.0503900999710416
0.318587951175213 0.0543527960157296 0.187018009749709 -0.268776885346237
0.210442832391188 -0.238279860016468 -0.0328217678605294 -0.3730521061155
-0.00930901952832978 -0.240388109429758 -0.222561031271534 -0.290672090094044
-0.0929524152984399 -0.167998085117142 -0.254120160627114 -0.117405766374687
-0.195351224172282 -0.0875430784200035 -0.166732744979508 -0.0302496112927054
-0.241424762079926 -0.0315474268791763 -0.0756523269625819 0.00108191715847321
-0.229982114627628 -0.0294899405741975 0.0531676286195372 -0.00429667138741496
-0.199748609439126 -0.107766105176732 0.170403118030054 0.0958762675169047
-0.144702225500534 -0.231185041466717 0.173965090023833 0.226211340518265
0.129855433510577 -0.379743021735673 0.000733864700642775 0.282297084502877
0.402763207240837 -0.0708629865615881 -0.0837702556971995 0.208985190964252
0.203991816018967 0.376001601205343 -0.00562657941030555 0.0859325640472598
-0.150474969967035 0.526383504070189 -0.0967260975667289 0.070520416539874
-0.113224296481922 0.413846865814297 0.365890904888485 -0.172555610567125
0.107632481961711 0.275392800144732 0.353792848321439 -0.184575060121332
0.24274908102763 0.0687573822003588 0.156699383329922 -0.363904807685365
0.189570773882741 -0.160004096903007 -0.0848723996266188 -0.397758567314399
0.0287154257679618 -0.186661223952161 -0.244152954252203 -0.288313363440766
-0.0483186984314169 -0.144476514822353 -0.286588432120351 -0.138205239774114
-0.150687361390842 -0.0791668615851618 -0.231933614714472 -0.0540541329677726
-0.201089468404134 -0.0298818335211652 -0.153920954118871 -0.0127194572826596
-0.203468241257762 -0.0285166097368893 -0.0231990054715825 -3.58372040881235E-05
-0.191538586143338 -0.11112406997423 0.0828547722454335 0.0992421307260485
-0.117743923216348 -0.242580578772778 0.0609724273752306 0.183282966106801
0.183037168268266 -0.346010858048202 -0.0555065828196585 0.148793604646907
0.39798663433061 -0.000571968511515772 -0.00252381739260848 0.0788679344140814
0.152990238922176 0.384348471338497 0.0948662123036261 0.0552998834284464
-0.141745759263491 0.473820051962858 0.00111940022162649 -0.0503139362169753
-0.055441032278233 0.302932054917953 0.46864644738191 -0.273987890166122
0.0733804302994245 0.187220410795676 0.373647166331374 -0.306883218101427
0.162681207457625 0.0606413320245086 0.110114711105234 -0.414257765950664
0.140044251962295 -0.0903773528605398 -0.117847430796091 -0.39165193195049
0.0405535186041617 -0.115651788052949 -0.253332004968442 -0.276330800268038
-0.00955169390958273 -0.0948659826673706 -0.305872253439417 -0.152942867974552
-0.0877718427690629 -0.0561143316912851 -0.279006664767765 -0.0725265059567293
-0.130666635600439 -0.0255300174441094 -0.207543274199832 -0.0213889212658717
-0.139358800614359 -0.0276951658962191 -0.0851093975331877 0.00585291959297571
-0.134238345434276 -0.0982051977893618 0.00334202273948139 0.0844310650749912
-0.0532671452548651 -0.193461626622163 -0.0185753889764344 0.106684375228342
0.184922446418238 -0.216857364404089 -0.0389338988042749 0.0262873313156361
0.278994819784086 0.0652580715667624 0.107099028535136 0.0269303366325654
0.0571779393924918 0.292118550617794 0.138809418534621 0.0845423497554281
-0.106759278079526 0.327459020738217 0.0594206236476231 -0.146882407741351
0.0239876917747512 -0.0612162886715915 -0.0167685332625376 0.286480479600421
-0.0289576592740506 -0.116235636144589 -0.026436902918901 -0.046860356698451
-0.0978293132203607 -0.0711927631787443 -0.148241521586561 -0.058852824848262
-0.103217287938805 0.0498525328402785 -0.0334979727476141 0.00415775727096455
-0.00693282953599075 0.0839320089856469 0.00132303547080418 -0.051351457537521
0.0424189874811725 0.0341116794394002 0.0118498544606853 -0.0263681297615845
0.0485618771032063 -0.00151024442190657 0.108568864171222 0.0274494752097255
0.0331847320784406 -0.00469566942876613 0.221519311683257 0.0682280943917403
0.0218141124234642 0.0141206714459678 0.309030558857906 0.097745811743352
-0.016745739723448 0.032483931663816 0.33122223780985 0.173793983849665
-0.0551143859403919 0.0293004263951407 0.288238737669709 0.277150042020229
-0.0779101739615849 -0.0085077930614325 0.145793977100589 0.387302228107068
-0.0591189264499721 -0.0585257114350797 -0.0777772018314335 0.453345483362178
-0.0335131380281381 -0.120348214144218 -0.355013320876278 0.399920122578135
0.0651340168534798 -0.142878942854977 -0.600474139472868 0.348980612260344
-0.033863270662232 0.164460067070085 -0.0576353452634657 0.279571783938888
0.0705986498071996 0.100032274619641 -0.0371549575267997 -0.0168164380934279
0.111631452395408 -0.0377469758491867 -0.144329413488724 -0.0351778315401674
0.0183526151155421 -0.124279835426318 -0.0323061896283165 0.00855285574946414
-0.0632478237935311 -0.0587221117900933 -0.000304532735395443 -0.0613825177635644
-0.0514353657938743 -0.0259876219726474 0.00529125859211829 -0.0248196873090258
-0.0553278877044799 -0.0173844591176497 0.102013867749562 0.0250518204340869
-0.0673844854288263 -0.014361220374791 0.210859800655171 0.0655301524968902
-0.0566534330660652 -0.0152082191199374 0.300335886353758 0.0844583081486952
-0.0499612838950558 -0.0319868379296314 0.326858317383554 0.158135522694136
-0.0433658784691978 -0.0430129531978924 0.294480110847289 0.253379732170304
-0.00431785009876446 -0.0663870383898743 0.16731687930081 0.374847290452846
0.0258700400002138 -0.0333248133434415 -0.042904963736049 0.468568828281028
-0.0136679444962554 -0.00193282269902909 -0.302564012047093 0.421490093787456
-0.0131458391198391 0.0281958714123426 -0.561367658994464 0.390852558677652
-0.090243673193569 0.347904117972061 -0.062190048986983 0.223275139629575
0.148418509750812 0.275211345207674 -0.0367284755196889 0.0324917009214563
0.285038503158433 -0.00135562538153037 -0.0697001878250066 -0.00590789903231057
0.128838396705839 -0.258819070234792 0.00506918897989544 -0.0504358370492719
-0.0915275587907955 -0.184981042096046 -0.0358255835852394 -0.124795871584488
-0.120002447640823 -0.090364771175611 -0.0499740467529416 -0.0409785612427844
-0.14491460309816 -0.0404168818094225 0.0563494082950972 0.020408634953105
-0.157192554933955 -0.0237715616548315 0.170821220049138 0.055125153027055
-0.129542495803475 -0.0353816522871127 0.265425825873977 0.0543148632002088
-0.0872084845978552 -0.0800060382758047 0.312560295911532 0.126568677469894
-0.0471664008898554 -0.104551225046079 0.308358788762771 0.2293680607231
0.0484235664789068 -0.138774723049977 0.182469935811628 0.375084399972151
0.119495544918685 -0.0323271952198138 -0.0315543917995602 0.473181296992713
0.0358335907950014 0.115108056552918 -0.247014309296723 0.394058815461672
-0.076510707389975 0.209302574026284 -0.477612967483227 0.379345715308748
-0.135481795912951 0.460826448094161 -0.0129176912191246 0.141332120577558
0.190001918076919 0.368735500301761 0.0259675278532145 0.0738586198859317
0.378732308914902 0.017851916192497 0.0573572658623428 -0.0311055119345895
0.193510614942813 -0.325108117664712 0.0376221456445408 -0.167098191478936
-0.089900578550081 -0.258680597897974 -0.101073716435393 -0.210686938367034
-0.148177117219717 -0.143093301470424 -0.130636125017391 -0.0695125706412709
-0.202636902960883 -0.0673990628976403 -0.0143624132765781 0.0098084880838275
-0.222085662780136 -0.029051266490907 0.101712235676297 0.0381269245007367
-0.188591977190312 -0.0413119822340777 0.208293149537634 0.0219856179105826
-0.129339053181812 -0.104091994613265 0.287643586037676 0.0984555123922424
-0.0784186901428669 -0.153692847310902 0.30929989132985 0.221848679804071
0.0725444388198184 -0.231402770275532 0.165763649110442 0.382457132680897
0.22349172006557 -0.060982542721164 -0.0543179491132291 0.447801831167619
0.111548212157112 0.222543618736265 -0.189730503888778 0.306950244698732
-0.119701601333143 0.375069933383887 -0.358938734914197 0.311081392264999
-0.160937345127217 0.505569313632596 0.0940511311516384 0.0462588203295861
0.184670500186664 0.388717868652317 0.153247034643332 0.0536073307675733
0.383157701334596 0.0361135228703549 0.164240433848531 -0.136921105926294
0.217860393508165 -0.313558490725766 0.023413103186908 -0.297747526794497
-0.0567421773943434 -0.275819883965954 -0.17549264390425 -0.275817902639156
-0.134961298224399 -0.17413678117144 -0.207330263089415 -0.0980858952998096
-0.22158553836278 -0.0874724300399861 -0.0952328778255795 -0.00664276653917504
-0.255823883006913 -0.0327882838274352 0.013652962301421 0.0189092001920457
-0.228673493776419 -0.0390327413570825 0.134840116337752 0.000564642996243176
-0.174925590457132 -0.111834405960359 0.24470298738136 0.0900340997581156
-0.123549494746636 -0.198302824896999 0.271960953120875 0.232672480534217
0.0923209407405281 -0.331036968629238 0.0954032957945138 0.368948743335551
0.332931009772697 -0.0887798026460108 -0.0906099665073871 0.358704561517364
0.183274199671751 0.319865243343227 -0.111535031294916 0.184393997305091
-0.145110317931688 0.495082736611441 -0.224504759203749 0.198883623188589
-0.154909690578667 0.490995277574722 0.23541164489319 -0.0612656675726368
0.147862799688236 0.3544564533126 0.284310325678145 -0.0458523791215352
0.328315464198095 0.058992388189612 0.195910581415002 -0.269407436711424
0.219424352398706 -0.245613221458537 -0.0289161623176002 -0.382000253856194
-0.00581589927210135 -0.250468896518584 -0.227964820931038 -0.302074351776241
-0.0961698320489324 -0.179291408420172 -0.262626609792695 -0.123298476025106
-0.202774014534485 -0.0951841664915337 -0.174257851256982 -0.0301316394034855
-0.251361200256608 -0.0322756018494899 -0.0793544072880586 0.00174101391879774
-0.238861461470446 -0.0337294470737569 0.0539024844963924 -0.00482702773728242
-0.205332396994648 -0.114747790306 0.176506273537855 0.0977333015291594
-0.14819934820986 -0.23811908233982 0.179634690420223 0.233791852906885
0.13653870913366 -0.391877270028302 -0.00311270218233264 0.290661913595257
0.415123627100298 -0.0720292756752453 -0.0864534959139666 0.212516711302954
0.207916996338477 0.391351332697033 -0.00352666896165724 0.0786016929998774
-0.154158969666991 0.541029312449972 -0.0959275673481648 0.0688735574586159
-0.116540838517593 0.422114990518873 0.374941144867324 -0.175597348281295
0.106366004355525 0.286463488882219 0.364448782470225 -0.18325311174227
0.250097194522006 0.073422750838952 0.166995313513122 -0.367507297569245
0.197359508484237 -0.164863620185895 -0.0808119600640845 -0.405957082563314
0.0322444463328667 -0.195710792068751 -0.248382675850568 -0.30098802485308
-0.0505682978488463 -0.154639167736774 -0.294670892776072 -0.145656546116654
-0.15618430809196 -0.085672201882741 -0.241148375192094 -0.0561403624975512
-0.209260741933816 -0.0303984250570822 -0.160571574841187 -0.0126931930654117
-0.212105974606346 -0.0317472054771032 -0.0252860269977597 -0.0014960632817171
-0.197142239895165 -0.116732852957906 0.0879031331701938 0.099643911471726
-0.121075635942888 -0.250164861107577 0.0633375033958241 0.190940274167709
0.189584372325422 -0.358614678443453 -0.0613945290563172 0.154060135215027
0.410839144686744 -0.00122067864067974 -0.00438986474252759 0.0780969010780976
0.157678501557162 0.401247957015845 0.100194769292296 0.0458766357381661
-0.144482857414537 0.487365203388133 0.0048928922008563 -0.0564296484731785
-0.0562756711713325 0.308321075652925 0.480837859570901 -0.280736849184475
0.0719017344491498 0.194479565854929 0.385679786956827 -0.311188168438276
0.167330059293717 0.0644386745539431 0.119547995183931 -0.418381667016308
0.145102223100945 -0.0929980217425804 -0.116054571166753 -0.399068286155524
0.0438924915056587 -0.121450501803952 -0.257169350705305 -0.288910895692384
-0.0104268025711955 -0.1021045622101 -0.313829035532822 -0.161179955212311
-0.0906078685363797 -0.0615195336363302 -0.289515650008367 -0.0761575877585102
-0.136039710811 -0.0265764567885134 -0.21691642626805 -0.0228391235562103
-0.144767669183986 -0.0308343559798477 -0.0887802785138124 0.00299799658092385
-0.138622903808433 -0.102829835337693 0.00632335349305173 0.0836966200632182
-0.0555899591822692 -0.199822917229897 -0.0184986131927451 0.112355302020122
0.190637862024201 -0.225421270551704 -0.044438202967644 0.0274506675518586
0.287138609792917 0.0661665753836328 0.107645854216609 0.0226648587833338
0.0595070108293952 0.305013671712904 0.14624960125918 0.0747381006607985
-0.1078577548457 0.336978237286502 0.0652243604719423 -0.157353289876652
0.0238886673348628 -0.0683879237095289 -0.0103519177384355 0.307287841784436
-0.0379846014056464 -0.12154476744987 -0.0307114708405186 -0.036533926555966
-0.107667576345031 -0.071243224278236 -0.151961770903083 -0.0493490038598534
-0.106756121679756 0.0583263487966383 -0.0273577298042833 0.00351420059203883
-0.00314466872336841 0.0884970582435642 -0.00213218169957653 -0.0573638045501014
0.0449467806459837 0.0347313646414398 0.00730169394245504 -0.0253291926025381
0.0496277216048028 -0.00388631062326563 0.115486901685645 0.0280887247847332
0.0334226219606192 -0.00606889691205899 0.240286158591342 0.0651619109561657
0.0221038237391583 0.0137818893586757 0.33313790274091 0.0949642435077058
-0.0170047237966266 0.03567366765818 0.356013860202512 0.175071182349253
-0.0579897488113951 0.0346608572779595 0.310970753672195 0.284365899639104
-0.0835539661472843 -0.00648906697663126 0.16065477347975 0.40271122064932
-0.0652767543890387 -0.0619378469925308 -0.0680176627058463 0.47340376872363
-0.0373020566908996 -0.123415101375724 -0.356095809350534 0.425011998952478
0.0652268581132624 -0.152860301034136 -0.612303557843238 0.387713300542561
-0.0292877726663477 0.171148601196822 -0.0544622652828525 0.301621920882092
0.0748625297923515 0.103273366475209 -0.0408433635267059 -0.00530340986597024
0.114188757231792 -0.0433600482877933 -0.146938552945839 -0.0244484138845189
0.0145367018037223 -0.130717680070734 -0.0267551669974879 0.00913491524131878
-0.0674253905463053 -0.0599949430719732 -0.00448408768286817 -0.0669821199963183
-0.0553345303313383 -0.026031233801472 0.000542018702045246 -0.0234541832527291
-0.0597561889243365 -0.0180678280666665 0.107812165250442 0.026072034569438
-0.0735137376398829 -0.0127756261492335 0.229065851923796 0.0633437955458135
-0.0629280294730449 -0.0157103170026225 0.322667657577999 0.0808405670577848
-0.0551438798313326 -0.0331837938657808 0.350389236858677 0.158557746666601
-0.0469651381200711 -0.0436368425794468 0.316269437727036 0.259597475227626
-0.00615558103821326 -0.0709503645791789 0.183663218846042 0.388548453758242
0.0252725010235757 -0.0357945869597251 -0.0304084306811186 0.488323589745278
-0.0133592013758013 0.00292110117974502 -0.301868237182566 0.446912693404267
-0.011894550512532 0.0296715036645095 -0.572912458415517 0.430215758964769
-0.0827959075440207 0.36638589701839 -0.0606272493460095 0.242329152080427
0.163347707556816 0.285057553766135 -0.0379726867023064 0.0450238010162265
0.298252791018015 -0.0110167126779602 -0.0678733035414947 0.00349292958222945
0.126009773066909 -0.276299911182615 0.00929870667015097 -0.0536780249435199
-0.101033245926597 -0.191359902876227 -0.0451714860810211 -0.131809149895648
-0.130462648836241 -0.0926719636376734 -0.0573567903250112 -0.0391606008483752
-0.156156445863375 -0.0408640136259005 0.0591975169392686 0.0236220738296994
-0.169405968532974 -0.0186538533710042 0.184222887932096 0.0534407885873738
-0.14081628946014 -0.0358786324813699 0.283645707296779 0.0510580049433423
-0.0951929385500518 -0.0844647123451286 0.334491636725277 0.125308258672117
-0.0524770444108098 -0.109664561803034 0.328639857039431 0.233353890196087
0.0478547439701607 -0.150016103845119 0.200348463047461 0.388886719297986
0.124399828727693 -0.0369100950586611 -0.0156060103848216 0.494123968541153
0.0417279773422497 0.125114984102855 -0.244172128321885 0.414837524016723
-0.0732284274664575 0.220399697036238 -0.484174506361782 0.416430416764098
-0.127014620807081 0.487249341096345 -0.0124193435944162 0.153020420359981
0.210098443606942 0.382498588403926 0.0300002539412165 0.0843970589415717
0.398104310536587 0.00584101398548877 0.064297425015604 -0.0282636326629168
0.191663513702222 -0.349512774601589 0.0382578265304409 -0.177515484206405
-0.102416181696152 -0.27029170518326 -0.116919037365402 -0.22024554599388
-0.161780362115862 -0.148969878490646 -0.142468145968533 -0.06687406757585
-0.218403023368341 -0.0667134880781205 -0.0158621737047446 0.0148854931869998
-0.238139604863169 -0.0223383954595118 0.110434179514336 0.0376263508922307
-0.20349860116533 -0.0405509921686164 0.220022789333948 0.0173893835080653
-0.140541603468962 -0.108864867703139 0.306804480633691 0.0951955583246876
-0.0862525312338349 -0.159823880437444 0.331559361680267 0.223863776386656
0.0707487596561031 -0.247408784388899 0.185004348785683 0.396971555927343
0.232670650229473 -0.0704221548366944 -0.0399725389944196 0.468504280601717
0.124976537278362 0.236131264383384 -0.18876560753121 0.322537275278759
-0.112306528132276 0.396661579257957 -0.363688426566089 0.338854634631025
-0.151710119284872 0.534028891132674 0.0972502558793524 0.0483728142658669
0.203899055344768 0.404781782066783 0.163138794769063 0.0565563451327829
0.402927699452797 0.0255160699962148 0.172633501489694 -0.143965361406447
0.218942779359105 -0.336997717545431 0.0181030066987666 -0.312880036739885
-0.0670689845037054 -0.291157115986901 -0.196460815654202 -0.285623365150189
-0.14947923629221 -0.184039948544656 -0.224278934537283 -0.0952184501048481
-0.238953515886301 -0.0877691797815478 -0.101567378016883 -0.000654192150233378
-0.273443499100586 -0.0242810010797178 0.0159164588618811 0.0202721363011967
-0.245426450785735 -0.0359909340522547 0.140489717942979 -0.00282303457577569
-0.188451027457661 -0.115529043897992 0.26131995117176 0.0849672842230459
-0.135641842098614 -0.203872270005967 0.292514667410853 0.23586190981125
0.0868349579715029 -0.35180176321788 0.111306952885186 0.383577278186346
0.34555793837169 -0.103584942680577 -0.0800612503174058 0.376091610229726
0.204658616153338 0.336539119439662 -0.109855487236887 0.18902539179465
-0.13306649217718 0.526214516292283 -0.224300943548471 0.214254966591681
-0.145655688813866 0.518838202970225 0.242818662783224 -0.0712997589858321
0.163990298473902 0.370467659349129 0.296957043047474 -0.053979214256172
0.346338500661532 0.052252818307516 0.199667410312725 -0.284121185766738
0.223040612908881 -0.266108435120034 -0.0401699188524702 -0.398680451024666
-0.013788662970766 -0.265809306874833 -0.25168678531382 -0.311869711312213
-0.108846946198329 -0.191575751496472 -0.282376535755223 -0.121194829905148
-0.219843541111178 -0.0977064796480238 -0.185088165284934 -0.0236462479131965
-0.26836324174975 -0.0244803193999028 -0.0838953080020751 0.00451197930467606
-0.255122485350929 -0.0299381492601236 0.0544013871374558 -0.00690282745832453
-0.220371794344918 -0.116811347601165 0.190280500089744 0.094512282532552
-0.164137187977872 -0.244878528004492 0.19768144699291 0.240576281494802
0.128306879996233 -0.419102768090561 0.00444754340564926 0.306313357450552
0.431965665530143 -0.0918831869780849 -0.0823347815679891 0.223090883176533
0.233755379717652 0.411114840172514 -0.000120951202161302 0.0718776494355703
-0.140013901865217 0.573192702573805 -0.094631221034281 0.0714256914436249
-0.10736544754969 0.445172164193456 0.385577599717661 -0.197074555448032
0.116987926456013 0.300438022267484 0.375851443277792 -0.20174290455098
0.265443829841509 0.0707941259239285 0.164415067263211 -0.384223180546421
0.203580028575482 -0.180404865177198 -0.094100981485831 -0.421012010573749
0.0297200796191114 -0.211240293812846 -0.27135792645395 -0.310829851323481
-0.0597962053499335 -0.16734187800802 -0.315964828319441 -0.146246551872897
-0.169899903334557 -0.0886070915580157 -0.256723527737271 -0.050237918439932
-0.223530669540954 -0.0239858598856061 -0.1710051351452 -0.00762998361266657
-0.226141298912233 -0.0284444373757037 -0.028556414910413 -0.00195375494125591
-0.211586476892352 -0.117488874205152 0.0979418517670334 0.0988250509350104
-0.137132687108146 -0.257811063799877 0.0753428483521236 0.200617925155321
0.18448585184356 -0.385875196569209 -0.0620552542748258 0.164590889932481
0.429884008204571 -0.0173054255292764 -0.00230803270874576 0.0772172725886411
0.182124497842767 0.421300997713597 0.108029656338004 0.0317418102522072
-0.132456896720957 0.517377098689997 0.006759249334775 -0.0648475576575003
-0.0471698413210132 0.322530698992832 0.493198279072838 -0.311632204002839
0.079521098608491 0.204362303235048 0.393442347900878 -0.337800564295287
0.178229542332178 0.0626532089341861 0.113831509884991 -0.438583735355995
0.149557145021979 -0.103377899085379 -0.12890603276299 -0.412385889262035
0.0430905576469278 -0.131425270785303 -0.277737795711362 -0.298128938782403
-0.0150210801459229 -0.112255173831872 -0.335681141560097 -0.162603888069572
-0.0989534397529084 -0.0644483973650571 -0.308119662402517 -0.0702411789239163
-0.1460399331963 -0.0221720748077063 -0.230910205630684 -0.0159697482576317
-0.156530579035183 -0.0288687400867359 -0.0949160444274496 0.00406392046753531
-0.150128831408366 -0.102997659606018 0.0127929433913608 0.0840238692056552
-0.066742292675755 -0.207267584716219 -0.0138054610612114 0.12190656807239
0.190697830296943 -0.246343969805715 -0.0503007356110797 0.032017784752929
0.305153502704083 0.0582217192729581 0.111379787395295 0.0137970859078205
0.0761461403601298 0.324000988303991 0.158749537570971 0.0599557956515882
-0.0984414998421883 0.357543695918449 0.0660929647763974 -0.174934474125494
0.0411927739940376 -0.0636702494003614 -0.0579472871222945 0.313582916562905
-0.022900195800461 -0.129062929601444 -0.0301931901265314 -0.033530676000028
-0.100895680596275 -0.0865295977226705 -0.150807431326559 -0.0691942478084636
-0.114467550995966 0.0457931324745502 -0.0297553331747892 -0.000527983974993031
-0.0172847695637868 0.0888052875340211 0.005064193982664 -0.0577484971356503
0.0405036096253733 0.0432227603451598 0.00823679962413866 -0.0215189255647015
0.0507663349224099 0.00255627249162862 0.117875748930997 0.0496644966557485
0.0359254826876291 -0.001309657208363 0.244354576296791 0.104867973263026
0.0191996117326792 0.017383252446729 0.338825428585889 0.148326163229833
-0.0223471301281974 0.0365901464155134 0.348039798965375 0.232048382833714
-0.0661451527662909 0.0307231882081474 0.281422979099736 0.337486779629919
-0.0881338243078159 -0.014144395247935 0.107200993315822 0.435802147970691
-0.0612294108289273 -0.0740467689857416 -0.135429250392352 0.473384830045864
-0.0230499174783078 -0.1290299168985 -0.423609844093742 0.383650292624575
0.0937345498101842 -0.145468036540245 -0.697444400453222 0.309097314564217
-0.0530100488426386 0.170783403880744 -0.106366051760179 0.309761037952867
0.0567760375036792 0.115912797803416 -0.0415179650278386 0.0040859508610863
0.117834722747151 -0.0240323417413622 -0.13630072011498 -0.039216187959875
0.0338660218552836 -0.127267517739387 -0.0178439090746049 -0.00253836814416287
-0.0586606917301177 -0.0709265304299192 -0.00174126042952143 -0.0755078894195839
-0.0533378444918809 -0.0364445545659675 -0.0020436965719661 -0.0222609298611713
-0.0607087984656541 -0.0297087635785751 0.106712597618938 0.0446806775355293
-0.073699729786896 -0.0268956161392231 0.233006455263373 0.101477307461528
-0.0638403690841827 -0.0283226649458517 0.330537017625249 0.13226543420497
-0.0497598053358834 -0.0438361799895356 0.345014557031842 0.214346068960828
-0.0383059916747847 -0.0509253223567034 0.288179303511305 0.315083620049319
0.00447016236581957 -0.0694241707189776 0.129679774840446 0.430778277018822
0.0282311688378182 -0.0273507142742771 -0.0989948552227173 0.49247995047329
-0.0211300218693699 0.00887839895071645 -0.371239864126469 0.407784889687208
-0.0216585059230921 0.0337020456562331 -0.655349474218416 0.353107980574471
-0.139670382883269 0.359628427664863 -0.107471907252376 0.254494435445525
0.118404361128716 0.313613481888256 -0.0432407425920926 0.059764243875441
0.299720360184463 0.0377893114600536 -0.0471393843766068 0.00156321965299639
0.165553721940994 -0.259653018237254 0.0376026365196796 -0.0694323090487142
-0.0737483014020205 -0.209675996476352 -0.0380983523429787 -0.154798028991639
-0.120092042971625 -0.118620313105035 -0.0618535160557507 -0.0490641124991211
-0.15489154060253 -0.0679371305418069 0.0548077712032511 0.0321657865776257
-0.171221939421967 -0.0499038545566054 0.18645937566767 0.0843138315649482
-0.140983584321449 -0.0634451585869947 0.292688860329663 0.0933824573976511
-0.0832302656817324 -0.105912687258915 0.332497858719786 0.17692365742327
-0.0302998273567296 -0.121706333683361 0.305692813285781 0.292080836993439
0.0741014441400224 -0.142388232760267 0.147970074566157 0.437324218571964
0.131441999172134 -0.00747442765429677 -0.0858452251665059 0.501831350839931
0.0153454555493857 0.146537375821853 -0.309436266965021 0.375235249885155
-0.12197211764037 0.225484193364833 -0.552588477789288 0.34211125469462
-0.205537425290514 0.473049668375449 -0.0469185180840787 0.174797311842494
0.15105475247031 0.419117558625061 0.0218922847791345 0.110543892726584
0.397459312701302 0.0699192128973548 0.0982319111487439 -0.0118978993779392
0.239923902575665 -0.323052287266936 0.0910715586127496 -0.195949080959621
-0.0623477879308257 -0.288581354841182 -0.101989278058689 -0.259639907403098
-0.144424958282609 -0.182008981967305 -0.146099955438233 -0.0919485154641504
-0.214570258111343 -0.104487351633104 -0.0236158148325096 0.0102960297489421
-0.243472501357021 -0.0660507397068837 0.110254903836287 0.0562175785117919
-0.205450580662523 -0.0795083862938221 0.231214806119982 0.0492752172643936
-0.125476540919512 -0.139814893759924 0.309878709981109 0.140928087126738
-0.054697008754248 -0.179686720477654 0.311173392551585 0.283402206580089
0.113138178370356 -0.240296234954149 0.131410842337002 0.449927285602742
0.248595817727123 -0.0217372483863085 -0.109385922139723 0.473732233231813
0.0829898577207888 0.274753752860474 -0.24274136358102 0.283621953442494
-0.194596298892428 0.404395326762414 -0.409762500270739 0.273449908146605
-0.238709942085565 0.512572531484971 0.077669218657681 0.0847500892197782
0.140130470611287 0.438717745270348 0.163574095937254 0.0995747930052764
0.398243035812958 0.0891402629140305 0.224584404558822 -0.115042794679334
0.264139574600711 -0.30660786181757 0.0903373160304076 -0.336986907782799
-0.0252931296433448 -0.304439710922225 -0.173299214777775 -0.339728226851214
-0.1267921957327 -0.216788524533912 -0.225747511952286 -0.134426474232157
-0.233707111024391 -0.130249107573017 -0.111312087236458 -0.0201078201350502
-0.279238740101699 -0.0746135392608474 0.0137854626542079 0.0243524413040624
-0.249359664025229 -0.0810785389648503 0.149856530126278 0.0148129028427474
-0.173077795783919 -0.154347118639377 0.266036897586843 0.121529088663323
-0.0987923612814234 -0.234741424457699 0.273975869308934 0.291132369963053
0.144066022603164 -0.346863334113754 0.0602300043456342 0.432626140872763
0.371763045254042 -0.0371188255452156 -0.141799425457639 0.372385506629186
0.152240458341189 0.391640237149057 -0.146890355877412 0.152256460124214
-0.238643132679207 0.534768342707209 -0.244198663019466 0.160613442095902
-0.230451415851857 0.49379046370463 0.244182365099639 -0.0169232821519542
0.103335197203822 0.396950018667551 0.316542039056606 0.00162188827561745
0.33644697476143 0.105769858615739 0.268636563127916 -0.253682191742737
0.257626798867628 -0.235156321542296 0.0407398478751985 -0.428978360263055
0.024351466786733 -0.271009015434294 -0.220898843404426 -0.374661808908388
-0.0852256420243237 -0.21902592411324 -0.280470269624247 -0.171980657793723
-0.213489721636503 -0.137092431496091 -0.195352343077455 -0.0578014481762282
-0.274353095977391 -0.0731894337099026 -0.0890197512708352 -0.0069290873004982
-0.260167144611818 -0.0759513509651591 0.0610458321544864 -0.00291656873089965
-0.20589589310461 -0.159688471136021 0.191556898177074 0.119714862404878
-0.121326012778453 -0.282582399122614 0.177230253816918 0.285031452066266
0.195403754369802 -0.411627393711433 -0.0402653449868393 0.341768081399968
0.4607495423948 -0.0104875330817088 -0.125586261630259 0.213482979056278
0.172312682916818 0.472052842439354 -0.0189967643733884 0.0434237591904866
-0.25339612264589 0.584556409168642 -0.0856719483559914 0.0298246074138267
-0.179794325662019 0.419339831845396 0.41104555886828 -0.125885282756142
0.0654743906520763 0.317391070822797 0.4168768688309 -0.143974350178017
0.250723630251359 0.111091434987331 0.242894750343501 -0.361629899312135
0.224807845035128 -0.151393309297604 -0.0140057160948942 -0.453386228372292
0.0584471927971235 -0.208449807640529 -0.237039253648022 -0.373870093059513
-0.0390222612306519 -0.185509275628408 -0.308522472923444 -0.204321442526112
-0.162976786241638 -0.121354589593282 -0.265194005816033 -0.0953194606300685
-0.229138271456185 -0.0642880640298348 -0.178620068704555 -0.0324220496560591
-0.230224584109715 -0.0683436782345629 -0.0269383452993661 -0.00932161165481874
-0.196810257284809 -0.158169588889108 0.0956811865452044 0.110743514017399
-0.0931620788349244 -0.290237210442232 0.0563674369764091 0.22882726298258
0.2482341843484 -0.371579613340433 -0.0935769181073396 0.187693801966191
0.446131872969145 0.0637897151957166 -0.0249035273437618 0.071564021852359
0.120300202678226 0.474826535340412 0.100435732268587 0.0158680614441721
-0.233617343342496 0.524260441043636 0.0392222087899363 -0.093767937525603
-0.0987846566222397 0.303232738548602 0.540689962917588 -0.231053324620875
0.0420319195366737 0.211872035281477 0.451118885269035 -0.283065336690406
0.163889073394165 0.0883205741216653 0.191152561406355 -0.422596353613158
0.158992032497578 -0.0822997782200113 -0.0567817301940872 -0.446835695424206
0.0594455924725026 -0.124591141545983 -0.241952063378311 -0.358943015705661
-0.0020047358324889 -0.119730396230372 -0.325994369608118 -0.223406803823608
-0.0937947707450588 -0.0845385892611104 -0.315288652002546 -0.122389921925832
-0.149335653253098 -0.0474775525881786 -0.240423548522755 -0.0515432853674645
-0.158093464864055 -0.0573322208741969 -0.0981764297085893 -0.0130210598053515
-0.13683409461647 -0.131614797246141 0.00930520813970711 0.0846694137014242
-0.0316874294572883 -0.226355303873347 -0.0268706429232768 0.13452791287276
0.234296328192843 -0.228318666039757 -0.0674192738347755 0.0447968031165445
0.30570660202879 0.118035638267212 0.10410464311723 0.019090550593285
0.027614132216844 0.354785661229809 0.153045107708094 0.0563246192850377
-0.16689956544572 0.35977859537984 0.112771740150293 -0.191641662136883
0.0342911977345061 -0.0703569343068401 -0.030610363232213 0.321561338064466
-0.0385419075875424 -0.12572394582732 -0.0345862432401796 -0.0181390371279383
-0.111895471401713 -0.075355252529929 -0.15083482847443 -0.0453181855018416
-0.108336352284066 0.0582767235709228 -0.0229455355371485 -0.00011221434450703
-0.00764406137151612 0.0904269311308443 -0.00255366241090783 -0.0601301934137804
0.0446249042260651 0.0398286620067652 0.00221789650457701 -0.0188297924303315
0.0490191193930618 -0.00259339256348065 0.122627728699321 0.0409957467863123
0.0338880907172369 -0.0050744296574732 0.257985410620407 0.0812301004268678
0.019550482787192 0.0147206200719789 0.357408830740551 0.117062826799572
-0.018925001837444 0.0388220091379082 0.368559919875582 0.199864291233594
-0.0630674489123485 0.0391360194164704 0.311167626147844 0.310901025915866
-0.0903895020451914 -0.00624507580138291 0.144376248994589 0.423378878649569
-0.0682791319364461 -0.0690550709458348 -0.0916896457930431 0.476640007486925
-0.0322948155228398 -0.124493277094614 -0.382464400655075 0.415026746814575
0.0801313259613847 -0.155674448118903 -0.65922725490862 0.376938321951956
-0.0360290591456287 0.172558422916655 -0.078308045970673 0.323422033925412
0.0650939403364344 0.111281922754328 -0.0420430222830947 0.0193640129699998
0.112128321919661 -0.0336052405619981 -0.133538880703591 -0.018260837141608
0.0210913326712016 -0.129229861918196 -0.0118156334001373 -0.00342942432783974
-0.0640706220897379 -0.0646578403894897 -0.0122635942206462 -0.0769537763876963
-0.0563425809531687 -0.0315896132977448 -0.00821888184884107 -0.0184146843301594
-0.0654323309944241 -0.0248784222902582 0.111434227747618 0.038148247618819
-0.0782839107693685 -0.0194160468316833 0.245980358364249 0.0785422006349553
-0.0685831470228428 -0.0237848038611495 0.346506618896421 0.101862733233389
-0.0548302139478044 -0.0398197318558326 0.364756313013939 0.182870837736798
-0.0424540567476743 -0.0462158546027369 0.315053059744234 0.2881627998762
-0.00182593113645212 -0.0706582837904171 0.1652261131858 0.415218571042846
0.0254853051727972 -0.0290207018239426 -0.0511625957730404 0.492282165285943
-0.0179600549860213 0.0144849476044211 -0.327885863344488 0.433249767525269
-0.0171717690959709 0.03295058392653 -0.612387495121653 0.414253011485716
-0.104150092421681 0.36828924063355 -0.0852669598523458 0.267497838523015
0.145035588840544 0.302452374082802 -0.0393082240333598 0.0738782774713745
0.298264147241365 0.00871686305297614 -0.0422479047598459 0.0150352024569897
0.139275836909308 -0.274465383025261 0.0358097019583625 -0.0733426772897009
-0.0920283423074385 -0.200908797389803 -0.0571070029625212 -0.152514732449441
-0.131455625075351 -0.10759777212603 -0.070499215653196 -0.039962176084955
-0.164322619580011 -0.054615936167419 0.0579992369831541 0.0312371398865384
-0.1788989390635 -0.0325229864277732 0.197597703813588 0.0669289550707985
-0.150567060249592 -0.0518958525602165 0.303452810637996 0.0670156619917909
-0.0945173530215584 -0.0997585602280638 0.349087887105348 0.145977624703582
-0.0407376591649715 -0.118916238092957 0.32974239342251 0.263288208642065
0.0614931161324117 -0.150578872750299 0.184256677985614 0.418996183659112
0.130255567673119 -0.0175932055323384 -0.0376254311136469 0.498820210027147
0.0300825393399757 0.149319554142888 -0.270133094468754 0.396989735979858
-0.098516753493482 0.233364290349471 -0.511852827065488 0.393668241678533
-0.15915400680395 0.488504537484261 -0.0333461567279388 0.180953967625996
0.187726826386972 0.405130072368656 0.0315342702917025 0.115894338779201
0.399196692160033 0.0312581194734468 0.100211223712471 -0.0132375311776072
0.207437153459328 -0.344836340740982 0.0753749602533254 -0.204327935854763
-0.0887138413628038 -0.281624473220084 -0.130187970946081 -0.24932150993277
-0.16210603608055 -0.170283896577532 -0.158418394238323 -0.0741144475203118
-0.228638548757578 -0.0871959416608304 -0.0230329889451363 0.0169383963099636
-0.250666328895739 -0.0403550992832428 0.117391202506392 0.0461365893678123
-0.216372030919233 -0.0613983519150425 0.235107470375457 0.0286927489250191
-0.13868702147367 -0.131413270619457 0.321466662539992 0.110036139391583
-0.0694193514799575 -0.17518255885193 0.334520562896823 0.252654491921261
0.0901952659054446 -0.250606896327888 0.170477767765601 0.432973187705931
0.244908691406109 -0.0418913527743034 -0.0608130183597037 0.472348680530187
0.109437594199801 0.271416380991543 -0.212215395507946 0.295654514703327
-0.15336848005497 0.417095017926637 -0.374804786346253 0.3113165463728
-0.188547287807086 0.530375566710366 0.0818335709018971 0.0784612652439152
0.178063759429217 0.426424572051345 0.170041149818724 0.0887349476420587
0.402747506780058 0.0519071531564712 0.21515771202398 -0.12984028938712
0.234018514937916 -0.330611942829238 0.059787549719108 -0.343495646395027
-0.0522189936197662 -0.301697376279738 -0.208132175956345 -0.321958539371954
-0.149378333919016 -0.208580113169459 -0.241227737270012 -0.11058720038912
-0.249614999395933 -0.110887912903056 -0.112919691852745 -0.00614482873065635
-0.288458301373354 -0.0451975494520421 0.01646628784156 0.0238700599881634
-0.259855910484974 -0.0597983586611107 0.15038561829586 0.00177901207438393
-0.187394172466436 -0.141821223816501 0.275686327078926 0.094506911417312
-0.117768297795346 -0.225188094179443 0.299316204802406 0.26393269203162
0.110766639638794 -0.358476059695485 0.0988378504490307 0.421735042729074
0.365259400152704 -0.0706195618606588 -0.102195996015658 0.376673485372185
0.190670427338317 0.378696889224941 -0.130924287104618 0.155158637603217
-0.184605161897039 0.552484916628785 -0.221749236284948 0.181286373356243
-0.181938404421096 0.508774364788838 0.237135713633722 -0.0396760917305941
0.135846191576932 0.388619957001977 0.312190358821856 -0.024727860607976
0.343175674991038 0.0747725310566443 0.245067722051412 -0.272850597985006
0.235142127432924 -0.259111158898557 0.00395601029849058 -0.428800387253652
0.000457211085657369 -0.274769500319802 -0.257328440208852 -0.35176736594998
-0.108017963830831 -0.214971331930186 -0.297970651600778 -0.144102865033298
-0.229741769490852 -0.119833209089801 -0.200390804799208 -0.0369863350098266
-0.283040622457382 -0.044300723792964 -0.0891032807950305 0.00188506132461701
-0.26975248248616 -0.0523198127834242 0.0589868439497749 -0.00757626150419833
-0.219464347388761 -0.142846140109953 0.202558786928009 0.0974934969938916
-0.145867317104788 -0.267710318094494 0.205094559822485 0.267385360428592
0.152257910894298 -0.429298376634528 -0.00864986180374714 0.344037586245583
0.454885622248833 -0.0552630712429949 -0.103004996409191 0.21769644469026
0.220276996545121 0.456681737115519 -0.014808077937123 0.0328466154611674
-0.192382723228766 0.602824160893732 -0.0775954064048034 0.0338828657700382
-0.139325359515789 0.431409504192248 0.392507702648196 -0.165619867914967
0.0913070151800488 0.313132474665228 0.397948541207948 -0.179245091761962
0.259406210525187 0.0884264058662868 0.20825192774955 -0.376963732740851
0.210450888134273 -0.174020479966355 -0.0528531865686918 -0.447642145139843
0.0399335347063323 -0.215786579720349 -0.272100111639315 -0.350887341177878
-0.059511029048339 -0.186017793872878 -0.329125813213172 -0.175127665584915
-0.177609834702652 -0.108366467853692 -0.274971709188822 -0.0690404510063247
-0.236401357405832 -0.0397352652960214 -0.181806457697469 -0.0155215020017527
-0.239883545991755 -0.0476627850593379 -0.0294163129025298 -0.0077825354969969
-0.210512572389862 -0.140619937689441 0.107745807652858 0.0964663378086044
-0.119148084551468 -0.278401347663164 0.0812730964729147 0.223825744600764
0.208653972526015 -0.395055434036131 -0.078103161164747 0.197246647196399
0.449608846817747 0.0192952957290886 -0.0185532961065989 0.0657938417033863
0.170598733265189 0.463884171198624 0.101267269548529 -0.00777293898699491
-0.17512508168461 0.541594918309548 0.0325224377028467 -0.102989403479753
-0.0690345234684748 0.307455794849951 0.510041109772015 -0.282529138676097
0.0593673135121132 0.209461060926511 0.417752406237657 -0.321664881818097
0.171017198580759 0.0729099716578572 0.151393484019056 -0.433125378878007
0.151142629029642 -0.0976446201839558 -0.0930839477466647 -0.436655155529924
0.04901961929756 -0.131981786181837 -0.273835111516183 -0.336478704234321
-0.0150383734474187 -0.124071980192063 -0.347285887665004 -0.193965259133732
-0.103808265264274 -0.0777791909837204 -0.327110063902889 -0.092798019531393
-0.154520124328473 -0.0316882242264753 -0.24552522779369 -0.0283887566659379
-0.165235425468245 -0.0421588280900751 -0.100384050312627 -0.00519007605163082
-0.148824101617875 -0.118348138569577 0.0190431140692305 0.0774441480008514
-0.0534976443430552 -0.221663817527261 -0.0110378287257305 0.13998305529385
0.20853236658722 -0.251877979190269 -0.0671395309002662 0.0527377065104325
0.315287855920393 0.0868647081825431 0.101673464642401 0.000662772940189729
0.0669154987105229 0.354392660621831 0.158998698132655 0.0257917014342341
-0.12648521413959 0.371600895209185 0.095688572472717 -0.208028798796632
0.0273142522974108 -0.0726026546539652 -0.00777120880221344 0.315145412720138
-0.0494241935599134 -0.116914135529688 -0.0344878329616845 -0.00228498816313523
-0.115724462719321 -0.0619524738423492 -0.142400496180925 -0.025028469288166
-0.0981531275439677 0.0647591146478765 -0.0158631903146264 -0.00180164241077651
0.00034964453460486 0.0872597185750627 -0.00966702689265933 -0.0596925845280775
0.0458586617250264 0.035088355048242 -0.00274509636450033 -0.0142207048116031
0.0443603454478621 -0.00656542427350643 0.121889488349515 0.0327647520261102
0.0309005130053489 -0.00711322373666702 0.257965750188747 0.0583206009172159
0.019441152068121 0.0125743617060971 0.356688247282234 0.0851244761880884
-0.0158499198483591 0.0401095099334855 0.369854344979776 0.165857906925402
-0.057482211366696 0.0445431440795999 0.320314992936228 0.277069956413266
-0.0883811522400599 0.000621047744431539 0.165819271754067 0.394596873026145
-0.0714489418495645 -0.0619206664101603 -0.0541413340542374 0.455398151799197
-0.0365457550053498 -0.115759346161385 -0.33545742851102 0.42011538267165
0.0660150709166569 -0.155707237791165 -0.596362338473331 0.410534672555006
-0.0218606175926628 0.166323657940448 -0.0536095600554896 0.320283278541693
0.0682928703843058 0.102362913920232 -0.0390885331616231 0.0329806504060713
0.102363649012642 -0.0398299919904612 -0.123248740475522 0.00114049990175105
0.0107861471036634 -0.124721449296043 -0.00636388511745129 -0.00430587071480172
-0.0653412983857608 -0.0565394394116194 -0.0210480373346987 -0.0747850379539632
-0.0565083079810587 -0.0259178698227308 -0.0126546596061324 -0.0139093706813494
-0.0678516085884352 -0.0196140985510531 0.110537751217406 0.031789689388496
-0.0784924284746419 -0.0111074216642409 0.246111837976199 0.0571794691584503
-0.0703665124200826 -0.0193616185757545 0.344604840067613 0.07316147398494
-0.0560464668008159 -0.0357396022454412 0.364295809607879 0.150439397740982
-0.0433224693830438 -0.0411218895428223 0.321671504548704 0.256423021796335
-0.00676043823304379 -0.0685644310638894 0.18439652264053 0.38586271321817
0.0219701451068367 -0.0283761939796232 -0.0150462315180014 0.468788105526542
-0.0136175064340067 0.0184126245278333 -0.280530434068515 0.433288491503981
-0.014446347185801 0.0304306403753979 -0.550579463876467 0.441077234523038
-0.0717410849364214 0.358995049118925 -0.0642536997194293 0.267094607041905
0.15981482119424 0.281077996672533 -0.0320010267134012 0.0834486323472899
0.284267647096345 -0.0121555225370587 -0.0329505877379963 0.0250654351161188
0.112587821178934 -0.272632857840482 0.0343356965677261 -0.0751724023989365
-0.101614012888782 -0.185788778735733 -0.0703171516909883 -0.142647034407708
-0.135566764210236 -0.0946145924965281 -0.0738605749362902 -0.0285304677181808
-0.165108188589725 -0.0424640379068108 0.0584696449831833 0.0296920286707122
-0.176324899308795 -0.0155025132568611 0.198563295900189 0.05021232255116
-0.152340180512279 -0.0405862072136286 0.299086544871919 0.0439366670475864
-0.0983517835722459 -0.0931237772650351 0.345449752358168 0.115646592722653
-0.0457728285496368 -0.112444984198894 0.333380598330137 0.231201988660745
0.0491680130669935 -0.149807874061274 0.203426826079143 0.387037135420408
0.123622037711615 -0.0234238723639692 0.00121808749691958 0.472508279947019
0.0419121836212998 0.145190105972259 -0.22939933355379 0.391558179726519
-0.0777901067416792 0.226847682140552 -0.453919691958947 0.413791088650468
-0.116029060063497 0.477483046946943 -0.021296254130501 0.179211007538326
0.207043901870734 0.376997382473712 0.0380724985222852 0.116441973395135
0.382399906835101 0.00146624275392832 0.100134557571762 -0.0144181718766555
0.172920792464096 -0.346167499024704 0.0609465212893298 -0.202347598693456
-0.104061885088871 -0.264525975583786 -0.147095350670722 -0.228277765461582
-0.169948011705058 -0.15318820875226 -0.160980568652878 -0.0555161059101127
-0.229773269323826 -0.0682803097456947 -0.0202154251902381 0.0216995396986242
-0.246859323123007 -0.0182352637121334 0.118927938575471 0.0361051019828409
-0.21607397496465 -0.0452117038860768 0.229118667628921 0.011541047614616
-0.143693429804784 -0.120611585043042 0.315843310119914 0.081923783588244
-0.0773571428238023 -0.16486716515132 0.338425637803547 0.219649332313453
0.0696350136698428 -0.248105378581656 0.192995519397439 0.399810135262521
0.232386097105445 -0.0549457334874972 -0.022651759669011 0.449380266368318
0.126669236881416 0.256200638000828 -0.183149960149794 0.29107062355382
-0.116987557295812 0.407272194575951 -0.332623432479526 0.324330986713333
-0.143077505300681 0.52022719650445 0.0798137587708897 0.0704727199431421
0.198643904524771 0.397902647454094 0.167853570083387 0.0787277080111702
0.386765228659737 0.0219758184743943 0.20041004961051 -0.134335860102651
0.199674373350777 -0.334286927648163 0.03508806059675 -0.333138230811618
-0.0700954118355534 -0.286822571862695 -0.227170011306106 -0.29202666136225
-0.161286826332964 -0.192363333126145 -0.242645461748772 -0.0851442655062484
-0.252315770144222 -0.0912656340532405 -0.108343541965746 0.00562648402663273
-0.282383672268531 -0.0196066073394708 0.0188027264574253 0.021956968541742
-0.258199753113488 -0.040023768794798 0.14414969601707 -0.00852404965509859
-0.18986372132849 -0.127050099603025 0.270495336409558 0.0686748394979603
-0.126770091283641 -0.208045322860723 0.306230247084851 0.231150176163176
0.0792178815940686 -0.352067489733113 0.124577284028911 0.395858021433187
0.344112107298999 -0.0906732793530742 -0.0688764747413819 0.360486091175436
0.211771381316025 0.352905228527887 -0.115259811803385 0.14845620129924
-0.134408105582521 0.539191440248791 -0.194236732034971 0.186468875941716
-0.137286208753904 0.498462862657042 0.220060893343898 -0.0553733628101828
0.155214670134186 0.366720644075799 0.294675993181544 -0.0420343079281752
0.33275541426109 0.0498733752727629 0.217646806830623 -0.274048546421244
0.207789867127205 -0.265882099214852 -0.0248047174390083 -0.409915144436446
-0.0176060828325301 -0.266508346843907 -0.274978151649176 -0.318182754555937
-0.122395903419247 -0.202424616597685 -0.299507812002239 -0.115728266632212
-0.234612214274967 -0.100806081118701 -0.195629615443358 -0.0194027202627725
-0.276440803209894 -0.0191033577576547 -0.0856846614665801 0.00854566536991224
-0.266267473874651 -0.0315314602914503 0.0549671527749512 -0.0119398089657377
-0.220447830732548 -0.124709308809314 0.201402006967489 0.0755819083463358
-0.157806282608213 -0.245343611079501 0.218295264016325 0.241343514698733
0.112963267047638 -0.421923764782045 0.0153273226467544 0.330579498358952
0.430783298825275 -0.0854815970878936 -0.0829991123608765 0.208841377530042
0.247626113383455 0.423238571435695 -0.014188195258283 0.0222141608727103
-0.137639568292526 0.587685962401771 -0.0692374251887681 0.0342485465397616
-0.102479351686507 0.420292679354776 0.359228915824711 -0.186561036462248
0.107737050725769 0.297863293431087 0.3652740494356 -0.198462871208289
0.253731706292937 0.0679575872882704 0.174080770831368 -0.37032727867693
0.190338014605468 -0.18344356587442 -0.0784365250883544 -0.423405798274828
0.02375546157698 -0.212975284882047 -0.287080380952028 -0.317769979975897
-0.0734844673484275 -0.178332420880277 -0.331145454989741 -0.144898890761455
-0.182288835961085 -0.0932975732422255 -0.269770753571914 -0.0464287323900028
-0.230738450762372 -0.0186660111261233 -0.176999211036641 -0.00205055164674176
-0.236168574928122 -0.0281297226773608 -0.0303634504457006 -0.00605867101077671
-0.211520860348412 -0.121179270186671 0.110421591514615 0.0800690690809556
-0.134749407312316 -0.257666568759403 0.0980314434902374 0.210141901913322
0.167855742620673 -0.395614091113234 -0.0633783259362617 0.195818220340285
0.432119038227365 -0.0157699425850047 -0.0157790018752313 0.0572068085302745
0.201064166858178 0.434422151362531 0.0949904111565458 -0.0274527065389199
-0.126821856728475 0.529561319948797 0.0260064732198809 -0.105960674153277
-0.0428541219843931 0.296575355425539 0.46480567638184 -0.308005856567243
0.0698497121704759 0.19944529664272 0.37392984499145 -0.33490813639068
0.168400881351512 0.059116063352907 0.11733209608826 -0.419669735625582
0.138261844295171 -0.105313554615634 -0.116289459068798 -0.409822668743313
0.0388905782652047 -0.132154981044015 -0.285522372807741 -0.305312741079226
-0.0254152986689168 -0.121430215269975 -0.348944080840905 -0.164190037571081
-0.108313149956163 -0.0689183428536061 -0.322341990126105 -0.0659949997262198
-0.151633579584865 -0.016831524426636 -0.239942959672952 -0.0100747666659671
-0.164109827698939 -0.0284074580740811 -0.0985083464793384 0.000828843958588977
-0.150329381123169 -0.103934679261505 0.0243428703735466 0.0686526559522802
-0.0677574545088727 -0.207924773802213 0.00348139013523407 0.137529492936615
0.178101272576286 -0.258331818538225 -0.0646787955193482 0.0580072947345185
0.309669657407674 0.0589645201642062 0.0936080068812307 -0.0156730902132113
0.0948266945637505 0.336642698059787 0.152448201387996 -0.00112833429950673
-0.0911929092734359 0.363278772541759 0.0772711876139756 -0.212146184657372
0.0231917623140031 -0.0718786536378155 0.00233060105065367 0.304736168346405
-0.0535645160759396 -0.108007161922149 -0.0314653318335005 0.010317614801143
-0.113932031454306 -0.0521989339571334 -0.12968458364907 -0.0116215425555956
-0.0897043006294429 0.0662336378083377 -0.0104511201908048 -0.00478137797741138
0.00451387119399757 0.0838792929019353 -0.0146359177820054 -0.0581180221558395
0.044388705680052 0.0320035204124727 -0.0061842865504059 -0.00972628152790181
0.040348838636342 -0.00736168612186916 0.118238561413672 0.0289225685198569
0.0278731498508547 -0.00773759730132372 0.251999925735384 0.0455031564047755
0.0182407250352671 0.0114285869678522 0.348448821062278 0.0674363387496516
-0.0137090234208459 0.0394331892305267 0.361341056269174 0.145471077184513
-0.0532012489876029 0.046826869492221 0.31461604929081 0.252997332045399
-0.084996216490921 0.00411753971679509 0.168446028357714 0.369736787936603
-0.0710933826874412 -0.0573765994430762 -0.0395160492903654 0.429628746475196
-0.036578821650524 -0.109078275531194 -0.302508011656028 0.407103016009603
0.0570988874044421 -0.151759140518044 -0.548132587191988 0.411885092820247
-0.0148933901723107 0.15716974118975 -0.0408294700885584 0.310678547087638
0.0676867960837541 0.0967562593356806 -0.0351794909798498 0.0439572605019762
0.0939941374388881 -0.0395182497463545 -0.111340942003333 0.013148699327623
0.00497096563747369 -0.119689600772494 -0.00171446073279229 -0.00784383045907879
-0.0629523551109364 -0.0517776095425534 -0.0262040272056295 -0.0711343433495985
-0.0553105425052234 -0.0234140308243107 -0.0158271009699614 -0.00754459007653963
-0.0684675869547472 -0.0160818868349621 0.107495377528462 0.0290513269340526
-0.076481783563683 -0.00649325980008658 0.2408590172439 0.045242121460137
-0.0707818883945884 -0.0157984048266637 0.336075445578597 0.0568227747818882
-0.0561528191428779 -0.0337635098226302 0.354766267860126 0.130783517202501
-0.0417353743731244 -0.0372017807599623 0.315543869362417 0.23369793200574
-0.00940584242744967 -0.0659017587535209 0.186731572148299 0.360232900969385
0.0208015925668051 -0.0265652261734391 -0.000613303388631441 0.438228065458481
-0.00953911175440983 0.0193200091102838 -0.253313602699701 0.415669907782293
-0.014036497077578 0.0277195029614447 -0.502484313566213 0.441653156313555
-0.0552858926224787 0.343896119387186 -0.0535855263564745 0.259590041106508
0.16160723252384 0.263388614810542 -0.02656733349212 0.0904793498827553
0.268011907053569 -0.0210194836928782 -0.0250716441912326 0.0316714534441662
0.0954629037296155 -0.264343108659699 0.0337512201513172 -0.0752413718626171
-0.102742390807248 -0.173640915976332 -0.0753696044622504 -0.132329758870182
-0.133234447644131 -0.0862862310944601 -0.0743697794238878 -0.0197413809882801
-0.163478330584167 -0.0340315585117041 0.0586089178838784 0.0298680456080834
-0.170559127199827 -0.00651414564576724 0.194458216355246 0.0398736235225599
-0.151479091384889 -0.0339476950502039 0.290431003998668 0.0303977241855938
-0.099396339338502 -0.0882020999085063 0.334470139674128 0.0982762230293274
-0.0466166729131356 -0.107287428271144 0.325434317324431 0.209159224811088
0.0423986810789642 -0.146049201377501 0.205458044135928 0.358179381499097
0.118379855912279 -0.0244026771635662 0.015260683044035 0.441949175295382
0.0472987112083083 0.139283224605965 -0.20515617864852 0.373771001489833
-0.068064749505524 0.216985130328014 -0.412677079969991 0.411788035141492
-0.0920573801433663 0.458291654519808 -0.0165863239935155 0.174816436869424
0.209171388236654 0.35358520137349 0.0404692625465537 0.117610996776282
0.361444737312381 -0.0111281263193013 0.0995774128321105 -0.0112358262974343
0.151089946107925 -0.335783132616874 0.0534692867660839 -0.196801038774994
-0.107709008389892 -0.249606019185296 -0.153489220480688 -0.21122549585498
-0.169180816781293 -0.141868649269676 -0.158017218174627 -0.0420510347980633
-0.227020428552316 -0.0572519141604802 -0.0169957436859629 0.0252268729360123
-0.237805137019132 -0.0061943624362525 0.116383322168027 0.0297400017683946
-0.213304795225685 -0.0361928559010078 0.22106169741141 0.00284394172552944
-0.143200790495306 -0.115013766893106 0.303939859988004 0.0671488824741989
-0.0778452253368149 -0.156786231510062 0.329673443117172 0.197690838298583
0.0584040451502373 -0.239485710692464 0.1964265625575 0.372406346045182
0.220590202558976 -0.0575125809714012 -0.00618785207227803 0.41981800729328
0.131426819050785 0.242865743928131 -0.164648487162786 0.276601023270563
-0.0959523228776583 0.390020118021467 -0.298239224340988 0.318289673322947
-0.115811349334373 0.498640216213047 0.0757142346387275 0.0668300692760347
0.201256788940622 0.376044456119988 0.161513878502707 0.0744583643173747
0.367748380665539 0.00943303924511848 0.189180780243025 -0.130698438420283
0.178070583649793 -0.326071759736018 0.0231954936411731 -0.319521451223655
-0.0760650011263043 -0.27355025591752 -0.231110776557171 -0.268660007520221
-0.162905205552614 -0.18000045148888 -0.236783024207176 -0.0680820801666036
-0.249765997722747 -0.0786238445619327 -0.102564295230312 0.0117569581715713
-0.271572351944207 -0.0056795469936838 0.0189053078356264 0.0198428937621565
-0.251699465438657 -0.0292795630085226 0.137788834265956 -0.012581191015241
-0.186893603806726 -0.119207446383653 0.259644371826304 0.0543945725358956
-0.125874593361552 -0.19461796892061 0.301602964988856 0.209621509209833
0.0625524635258736 -0.339321443536632 0.130690604601053 0.371585101906103
0.32473718112742 -0.0971890914811829 -0.0528737064428314 0.338310534593364
0.217873847154573 0.331047195610643 -0.106878026673257 0.137609156796055
-0.108735628429501 0.515293420353274 -0.175270294176947 0.182640574397413
-0.112489791596662 0.477811514504833 0.203265329496187 -0.0592753762675275
0.158619307689443 0.347262627601621 0.276610308052651 -0.0474927083341549
0.317430841568921 0.0385942366417377 0.198892905730595 -0.263543832658992
0.188704641665405 -0.262929396512645 -0.0364237793884206 -0.38896767148655
-0.0254063919101388 -0.256760445398426 -0.276686848313566 -0.291669802786576
-0.127325016767745 -0.191817007169097 -0.291999964901845 -0.0968711712028611
-0.232254768084417 -0.0887377591161566 -0.187349012667654 -0.00981485818072692
-0.266083743925855 -0.00560972989340721 -0.0822428956726628 0.0112194836474768
-0.25934938109817 -0.0204552053632657 0.0509934177340879 -0.0130446433677964
-0.215440326921726 -0.115190092529913 0.193632640638896 0.0616726097537024
-0.15759752347856 -0.228078206523122 0.220407982663405 0.221543371263358
0.0902298268745566 -0.406798250758939 0.0247385307969445 0.314234666870786
0.407351522667972 -0.0952085846198105 -0.0734939865595552 0.194352474839931
0.254661215993808 0.396935811777446 -0.0151392890979878 0.0118711683151929
-0.109039387125614 0.562379964709943 -0.0613066715190663 0.0311160502406818
-0.0834178458570857 0.402559724213258 0.33153847917847 -0.190461739452734
0.111216718305066 0.283511887681504 0.337140342765995 -0.198860261954017
0.244463932322443 0.058176613601892 0.153366480519752 -0.355102611947834
0.175595777955574 -0.183403212581268 -0.0878183025047846 -0.399741749288059
0.0160910656971699 -0.207377283456256 -0.286819630700333 -0.293225642323256
-0.0793042362199344 -0.171278727927776 -0.32353381372778 -0.12580671243273
-0.181784586340962 -0.0835860096449554 -0.260417759622913 -0.0338746835513192
-0.222082790120062 -0.00650139347207405 -0.171286551644132 0.00465652285719821
-0.229824697964722 -0.0181885255842207 -0.0305176185431285 -0.00526663260201375
-0.206034334682965 -0.111430856304388 0.107406398505278 0.0690525429733458
-0.137670252656869 -0.239416785244906 0.105251830217074 0.197270718231276
0.142548789288714 -0.382696339337872 -0.0559663934641457 0.19068811396546
0.412599248278541 -0.0321826197922922 -0.0170155988775719 0.0478267558537951
0.213641677078218 0.406665657558861 0.085377702557014 -0.0412579357040972
-0.0991397001681111 0.504988798324246 0.0220959144149383 -0.106890095292706
-0.0302476621196144 0.28210205972343 0.427251474756463 -0.310002534883112
0.0729598141063139 0.190461026000731 0.34084439240685 -0.328545593459334
0.162832828250206 0.0515041217176662 0.0969434494812506 -0.399044324831959
0.128645143439609 -0.10710645429384 -0.122331985775577 -0.385295109954645
0.0331976530462906 -0.130433113890391 -0.283667709917478 -0.283574007865013
-0.03048060205771 -0.117961163446453 -0.341087549835409 -0.144763912210399
-0.108812549665777 -0.0630730546482207 -0.312392609679589 -0.0515679274701306
-0.145531550791072 -0.00830282717719177 -0.232469909539954 -0.00102640087100362
-0.159948786036057 -0.0204909577777703 -0.0954523680801232 0.00252262624732453
-0.146651022431 -0.095636202829546 0.0252682452671445 0.0607078803544217
-0.072553884431923 -0.194816749828491 0.0130651845790444 0.132259289387282
0.158585490318022 -0.25362554224273 -0.0632886447846337 0.0598103514381476
0.298421095096579 0.0437377633182987 0.081762304250449 -0.0265983180995958
0.107327769451747 0.318282271628124 0.142175079547366 -0.0190163954298494
-0.0711727890603578 0.34721798637007 0.0663200448512992 -0.210945964808811
0.0204731039713412 -0.0726879133972803 0.00486847802580981 0.300143742620004
-0.0557993153550461 -0.102622714966583 -0.0289305045464622 0.0213131511153071
-0.113450389672398 -0.045885089546381 -0.11990247952217 -0.00379491269479402
-0.0863255952653446 0.0665405091694126 -0.00683123727935273 -0.0084437286306688
0.00730076715764227 0.0818166458948103 -0.0180758720784118 -0.0573855124356968
0.0439553080298973 0.0307541900462643 -0.00874809462636425 -0.00468034539077946
0.0372626795948345 -0.00657472141696586 0.116441550380298 0.0284814240172413
0.0262506222177219 -0.00707885459419264 0.249810454522767 0.0392027775985033
0.0164534801996582 0.0109079971094728 0.345561321718177 0.0594905253601563
-0.0132277736333557 0.0396493167129208 0.355751238695379 0.138000567234182
-0.0498842124208485 0.047885863668456 0.309087810404693 0.243008025512919
-0.0835085379395824 0.00545560535895189 0.164637222370072 0.356823569610208
-0.0704349495734325 -0.0556860125844663 -0.0368846502876356 0.412022039173205
-0.0338948400871802 -0.105615189778918 -0.289726472859377 0.394147910935341
0.052885020659262 -0.149509977604928 -0.520965467348318 0.408114182349626
-0.0123099334567453 0.151938009970159 -0.0369366850624179 0.307899550810346
0.0655678229222289 0.0946468243265366 -0.0317290836604106 0.0536415447083673
0.0892264522785747 -0.0377803565889887 -0.102133141862429 0.0204413980379073
0.00173812848789313 -0.116211242990088 0.00183615458766256 -0.0101778139277486
-0.0610457078316173 -0.0489056568521332 -0.0303900494387893 -0.0696706393488978
-0.054278861139474 -0.0219721945569441 -0.017791341644124 -0.00186359188526783
-0.0701942849881825 -0.0140521170136171 0.107175905146703 0.0296719596709634
-0.0763348983888428 -0.003897307238721 0.238665330659172 0.0399013223471802
-0.0723129439025373 -0.0147735713238022 0.332386095173341 0.0490124789090942
-0.0565666536143266 -0.032951453787886 0.348860498524858 0.123775917813458
-0.0407642238146727 -0.0361298376683382 0.309799605636519 0.22549145065917
-0.0100885405500414 -0.064470464129638 0.183576648642473 0.348258972474023
0.0207881695669046 -0.0254537149215087 0.00136600411657593 0.420166556819588
-0.00671331097942784 0.020562249256282 -0.241073671161404 0.402258930703371
-0.0145733490230852 0.0258251672565604 -0.477423751688006 0.435449275048468
-0.0481299473715206 0.333652107519476 -0.0498970928602309 0.257462061640573
0.15996719691016 0.25528564262211 -0.0236908360403334 0.0965838887589835
0.258299413393965 -0.022604604017635 -0.0179993277864031 0.0374773987612065
0.0874550480218318 -0.258385062044113 0.0342072930445293 -0.0761610565228576
-0.101400123954799 -0.168224982681122 -0.0803103848137986 -0.127251992945058
-0.131492605129288 -0.0829050169524123 -0.0745103762421217 -0.0131196464772819
-0.164115035168411 -0.0302692381114179 0.0585658469453702 0.0318609735607937
-0.168352465908527 -0.00206898619074365 0.192246136968199 0.0359968289780868
-0.152329347747306 -0.0310298321200256 0.287307121250956 0.0257325260463186
-0.100221714670493 -0.0880010089292894 0.327497837362186 0.0919780284506082
-0.0455702102579563 -0.105929558551662 0.318517594216882 0.201349871663437
0.0398308286523402 -0.143702238339165 0.201191715070599 0.345008244031014
0.116975586560373 -0.0233130740495673 0.0176298089369697 0.422833260078333
0.0495790366222826 0.137547959145484 -0.195976192579235 0.362243773853975
-0.0646146995248061 0.210184215432691 -0.39054380646173 0.403050498535804
-0.0812494218885415 0.444884030904078 -0.016313913291775 0.171900810298548
0.207678851077083 0.34354963084899 0.0409365692256255 0.120781398352393
0.350562657637853 -0.0135726622633395 0.101143332808425 -0.00668016580119352
0.140283447284221 -0.329029382613261 0.0502925720810577 -0.193079137662096
-0.106595662548172 -0.242700355875587 -0.156374893328003 -0.201137304975299
-0.16773104590527 -0.137406811304777 -0.155996558943108 -0.0332984472849468
-0.226476210317162 -0.0529895480134423 -0.015244938558137 0.0277353413674178
-0.233888729442937 0.000143160074992606 0.11584735701901 0.0273415987031987
-0.213064970663411 -0.0327476590654663 0.216995576974352 -2.97566328003754E-05
-0.14354599116077 -0.114981223514546 0.296705085047354 0.0617433396029205
-0.0761386505536259 -0.153742238932788 0.323259250484482 0.18887663656335
0.0545899218742449 -0.235259788095104 0.192640324843576 0.358643521691958
0.214980351494588 -0.0567566460185114 -0.0027556769314678 0.40067642032903
0.133346539691819 0.237173204668108 -0.157929616818219 0.265226438341664
-0.0906151183646244 0.37820874428604 -0.280219656495815 0.312475258215145
-0.105037057112631 0.484900074360076 0.0709245144588372 0.0653436208776882
0.200151348796572 0.366357884565187 0.157117601909288 0.0752671358776272
0.356688476888576 0.00665583277259599 0.184850726629665 -0.124448798359317
0.16777140512372 -0.320316355603065 0.0194661217947284 -0.312017638945197
-0.0764208901305947 -0.267854820852527 -0.231598550189756 -0.255152750487969
-0.163134565698569 -0.176172429860924 -0.233856857074805 -0.0588622386806442
-0.249809204612096 -0.0734211777712983 -0.0991167464837401 0.0156036556219356
-0.266925957793961 0.000705898818443845 0.019266733985857 0.0186447076860573
-0.250581360781665 -0.0249921373803869 0.134267001660685 -0.0144768261016888
-0.185637558642554 -0.118983960153408 0.25276276777696 0.0491537110293605
-0.12317322501918 -0.189642409611415 0.296993756565608 0.199034944783543
0.0570835748748938 -0.331530559871127 0.129821383283011 0.358223784851032
0.315581341729571 -0.096488992251885 -0.0500848174572351 0.322253327955054
0.217811181498868 0.32029077384033 -0.104315085416201 0.128019743653519
-0.100042047752729 0.500834797267415 -0.163391390854331 0.176130042266212
-0.103624356930561 0.464736037184306 0.193676933694163 -0.0590649296995227
0.158292241699871 0.340972960130235 0.266318227450402 -0.0459418255088353
0.309365695768941 0.0363339210898351 0.191330823384969 -0.254000333581709
0.180221750723309 -0.258960202610559 -0.0394446509706917 -0.377121981897878
-0.0272045184746239 -0.253089470262561 -0.276243832990102 -0.279336726928815
-0.129244880829626 -0.188576047186899 -0.287664540355143 -0.0878040607543059
-0.232052731522248 -0.0842490414930893 -0.183564476389517 -0.00551313848784557
-0.26079156594444 0.000333474109421414 -0.0814951905563153 0.0120828316886913
-0.257293698592742 -0.0160938009634709 0.0489639279346858 -0.0139600143448893
-0.212500219413139 -0.113778735721552 0.188271264946149 0.0555969576400162
-0.154164258826059 -0.220208825960574 0.21982419540844 0.211530769892791
0.0806463864446829 -0.397099774979811 0.0265951842365414 0.305929932252477
0.395644454358186 -0.0979405543633161 -0.0716560616178419 0.183866872464232
0.256521444965276 0.382975100600117 -0.0186367623324527 0.00306121565691275
-0.0974457135792551 0.54566226057501 -0.0572821288867796 0.0267993337533216
-0.0747912564358259 0.390275884456741 0.315863171072237 -0.188951026003157
0.111087868609818 0.279342291796274 0.322459845044532 -0.19522989444029
0.238707128919644 0.0564053900416421 0.145037170111324 -0.340875050639486
0.168973669568372 -0.181766166350461 -0.0883396487251123 -0.387245379854746
0.0136730990740454 -0.206197358572414 -0.28489566557512 -0.282239641551199
-0.0819831938487211 -0.169180495603484 -0.319054106893887 -0.117036585355515
-0.182603949842651 -0.0796510464129889 -0.256130283636112 -0.0291617903775336
-0.216908539420576 -0.00109282208636977 -0.169105232947006 0.00625482419164629
-0.227604370317361 -0.0133753439439101 -0.0309281082882201 -0.00565342614972796
-0.202784179430213 -0.108639537169911 0.104865691836322 0.0633665271269767
-0.135583802085431 -0.230701723756714 0.109433750717525 0.190037070213852
0.130470866462391 -0.375811717307917 -0.0548045630964421 0.188180899561668
0.400613415933898 -0.0372831674917633 -0.0211086902931169 0.0407817535690976
0.216848460796027 0.392625821899264 0.0781892802171454 -0.0512286509827577
-0.087454412274025 0.49079394452258 0.0210011285134761 -0.109254590658507
-0.0261851463536638 0.272427477962194 0.407625732537104 -0.305636763598777
0.0731134655293907 0.187537340020367 0.324542858015232 -0.322081790548359
0.158867347494683 0.0500778864329784 0.0908643668653835 -0.383728076160379
0.12351774602615 -0.107072056576102 -0.120429882299082 -0.372560775460024
0.0308790458331663 -0.130266974261949 -0.280221648998174 -0.273771522293974
-0.0332327862980082 -0.117380136070716 -0.336296047687248 -0.137776589691743
-0.110000131249138 -0.0609248841895141 -0.307532079130558 -0.0457953392345527
-0.142484477427575 -0.00463448289852324 -0.22918253169043 0.00216560263211186
-0.158902063715622 -0.0160945881737761 -0.0943312918250891 0.00210448537711161
-0.14454836602278 -0.0930997551789247 0.0245858302906578 0.055678302622024
-0.0735821954426562 -0.188590389594902 0.0190773788002245 0.129432098498612
0.148329711720924 -0.250271542605339 -0.0651089217671396 0.0617833479570281
0.292871345589985 0.0368557750580083 0.0721416683024242 -0.033501395100775
0.113751206841235 0.30761989993433 0.133571602714296 -0.0320875890921528
-0.0629214589559813 0.336691219977388 0.0614425464885179 -0.2112387451357
-0.00851057561938876 -0.0790901500232311 0.130226799603272 0.272044408678895
-0.092282480299493 -0.0671007305299933 -0.0130943862230376 0.0416580563324683
-0.11942644561455 0.00960889328995857 -0.104107879122063 0.0563139644950239
-0.0475920192794078 0.0949978150871591 -0.00944963418534069 -0.00420687568630352
0.0411173560963261 0.0708474081626829 -0.0422973485789805 -0.0422318521834334
0.0532501467710001 0.00946935668185026 -0.00786866131445554 0.00501463047112737
0.0299986350009162 -0.019526941336454 0.120853436363555 -0.0253909181973392
0.0194068601878498 -0.0176387511181485 0.245439106389065 -0.0783376978648124
0.0199211200570126 0.0039514995440076 0.340137700277546 -0.104800588315705
0.0062865191971239 0.0422911402992062 0.382188774652902 -0.0341677617297028
-0.0218829935399473 0.0670992606875208 0.380369198053838 0.0811596768609246
-0.0700960638884071 0.0468638157977658 0.296707536903171 0.245946362327286
-0.0915645795973433 -0.0168406238687949 0.143170692897727 0.376787933887476
-0.079923188883954 -0.0790391877140208 -0.0871968943250061 0.472207277980208
-0.0242364859494055 -0.159068750130759 -0.28410198605112 0.595009179175839
0.0536553459487674 0.137304375652767 0.10274912946112 0.301966406911188
0.0985622293865281 0.0585987101700709 0.00307425384729936 0.069308855242433
0.0657346487611795 -0.0670484907695113 -0.0736109070228582 0.0607039685666617
-0.0477519505870167 -0.101645236848566 -0.00581196114132576 -0.0180958784178789
-0.0740434081492184 -0.0178323783329688 -0.0645170014698512 -0.0450825480795531
-0.0585058888974013 0.00299722185381866 -0.0173732972618472 0.0120650530735363
-0.0703554652994824 0.0194494079786159 0.10892947300151 -0.0179755916176341
-0.074154378189634 0.0298028841521426 0.234050305595287 -0.0735022822403122
-0.0739323092021633 0.0189387304359613 0.323813000345828 -0.108758428932238
-0.0661951839453092 -0.00701554194025977 0.370468031119131 -0.0459805186510313
-0.0504121076357276 -0.0167719497290467 0.377843903008648 0.0657339392941398
-0.0336165882250305 -0.0500986634622131 0.315572953922796 0.2310689455272
0.00800121427575129 -0.0274009356308965 0.180695519775252 0.369843125019115
0.000619474186838519 0.0262216943506699 -0.0459386372363048 0.460579024667593
-0.00687549371492974 0.0350234143313022 -0.24093662710616 0.595736384698869
0.0937365917226308 0.316426966812719 0.0745460210535146 0.266591911084893
0.24932939573753 0.162452686341259 0.0334122175707861 0.102012703516386
0.222992468529785 -0.124684598757201 0.0108244104557973 0.031738029528313
-0.0333118062427458 -0.262631768703351 -0.0088010017535094 -0.0978147736212756
-0.159481294685772 -0.106018178623546 -0.139554261660427 -0.0730963945087319
-0.154061461572024 -0.0193485261405176 -0.0750867535324518 0.0287221580329459
-0.162730745756741 0.044312963777773 0.0640735939797155 0.00642270121382073
-0.15771110387834 0.0704506083657044 0.190007173993164 -0.0566453125931356
-0.155329279045468 0.0392939269292368 0.271938685883172 -0.109972153748829
-0.132197874972386 -0.0399035059135673 0.336869458437292 -0.0660599986043983
-0.0860222184649722 -0.080860839834448 0.3780976634484 0.0390947528953817
-0.0224489315570058 -0.144159104448391 0.338398570557168 0.221802404313615
0.0987601786633076 -0.0666442984996852 0.195927701202599 0.368028085828185
0.105227403947082 0.10912397408273 -0.0310123804294746 0.406487603456418
0.0333110089343899 0.228172936212201 -0.187465453024342 0.523525412466357
0.107069318545808 0.431585843226343 0.0721649134073418 0.178516951161229
0.327195968264499 0.221220398860646 0.102505896326388 0.0932148944502838
0.307976727124022 -0.153959581222092 0.0988347063840989 -0.0641956821091771
-0.0174382154470615 -0.345542593008772 -0.0469167117027103 -0.214474641146645
-0.196520500277367 -0.169168253615912 -0.243206556170581 -0.105494001441821
-0.210958716659415 -0.0527621380189386 -0.159209309898737 0.0459710860361936
-0.228978812633575 0.0505017331237286 -0.0073383024102187 0.0367067730780101
-0.217031247808771 0.100113716754186 0.115334076570412 -0.0288383055717719
-0.212405865422015 0.0637185147332818 0.195307243666728 -0.101091674519561
-0.184265892370739 -0.0468283901895384 0.29335404752534 -0.0817158997114009
-0.13415132718672 -0.113358562236619 0.377406645525542 0.0231945402826172
-0.0496767904935357 -0.231527609809246 0.341947133309299 0.233618901051902
0.175053941098139 -0.139012236561746 0.1718007893553 0.361283283269885
0.2243810707494 0.161474561530384 -0.043798893146279 0.308456763339822
0.0883106221428572 0.395028916215164 -0.139102866696795 0.389939657681239
0.0996026792005382 0.476912855764911 0.105094781445333 0.0455254713505557
0.327172891852585 0.246218041378795 0.185988748061168 0.00126497180847627
0.320315851307338 -0.137490179097376 0.122216191449003 -0.205311358033747
0.0110531396109773 -0.348187310060555 -0.126166161945253 -0.305815695181647
-0.179872749196544 -0.204221797979064 -0.334770460360715 -0.122653791776182
-0.224152760591135 -0.089354724113951 -0.241125581729986 0.0557221951475585
-0.259378626784269 0.0410752401028024 -0.09122544510673 0.0620462099086449
-0.246267497590637 0.115040264770397 0.0238943978101024 0.0072056745907106
-0.244019166765029 0.0861566007027063 0.11357677323181 -0.0766464358047198
-0.224854189233095 -0.0322732221803788 0.247472673206678 -0.0753611807826952
-0.192219204785839 -0.125513714814559 0.360202621822484 0.0392095667270451
-0.0909298571313997 -0.317410394023083 0.293588869001602 0.257596787789617
0.248419375979339 -0.220134684894667 0.0981162415679305 0.316674908237808
0.339581938828393 0.197513992104068 -0.0601018411766487 0.167676627486727
0.139770963241019 0.509983016767805 -0.0979976491725439 0.213750692119467
0.0903881713695297 0.458366235145896 0.161379924558006 -0.119641811704424
0.277295594476981 0.242360906961191 0.227938298238982 -0.155483306474227
0.289293171563085 -0.0900817270508684 0.0716624969229642 -0.320904303460025
0.0480088453272427 -0.298730920374889 -0.204554601056009 -0.337429467724613
-0.130196487608282 -0.212027090438547 -0.383411969768289 -0.126552452836507
-0.19923131252998 -0.115007211744979 -0.303350574434063 0.0517688554495203
-0.248590446414524 0.0241345484998935 -0.177649202293931 0.0791184336742524
-0.239740784900273 0.112040830827152 -0.0712725599681736 0.0466110473163558
-0.245203763771991 0.0972747944516374 0.0353358831270063 -0.0386683563217015
-0.246040054359757 -0.0165576766617432 0.191135267412735 -0.0415518029590823
-0.234119260899301 -0.137867071987927 0.300262583486454 0.081511924802645
-0.100250726155646 -0.38562722860564 0.183430516279466 0.255889685111577
0.319723604830003 -0.259278901642483 0.0174590600750866 0.207491117624504
0.402593759652199 0.233915198495912 -0.0406871766032953 0.0203512125723888
0.164215900391359 0.548563482567931 -0.0705146397556981 0.0321527113383514
0.0807160997538119 0.379513145476835 0.214825183866275 -0.292022259323602
0.207871103587453 0.208088926278335 0.21029117298432 -0.313154257547914
0.234410166115653 -0.0430832100150199 -0.00793688341800142 -0.374301343718543
0.069687432330423 -0.226159004638392 -0.249343015105116 -0.322427422362848
-0.0741206958967182 -0.186882336721633 -0.390431737031077 -0.12871808526956
-0.149402490664859 -0.116346481860627 -0.344969050357061 0.0365482865158745
-0.2014960395528 0.00607484108509538 -0.253587654996472 0.0891793891562234
-0.199318491312785 0.0920021205575072 -0.153244608108646 0.08149108155294
-0.215921877598935 0.0871469988801841 -0.0337685414614837 0.00512936060936735
-0.234757086306947 -0.0154231066344963 0.119133764992844 0.00179929743304158
-0.222644991493107 -0.153982896135037 0.193749915012378 0.11148366106888
-0.0485295337572093 -0.389816366728088 0.0593177124879307 0.190863009164713
0.352639868988803 -0.208956754357653 -0.00395466212780823 0.0591761587369821
0.373960826481417 0.259834526694057 0.0208195198298485 -0.0739415740480633
0.147749414831813 0.4929124276959 -0.0560435400324238 -0.123791121313953
0.0756601158188359 0.253061548138053 0.247014309386093 -0.442200513624509
0.134720847519591 0.141876379383172 0.153664759751946 -0.428273730509923
0.15956579478494 -0.015970360072039 -0.0766948215587104 -0.386414034392267
0.0618016393089422 -0.140857999346838 -0.26953761727273 -0.291920897530736
-0.0266050586113735 -0.125639578701364 -0.379356219731429 -0.125789281351058
-0.082106504981432 -0.0898225373440076 -0.369702787260864 0.0246979711292129
-0.127521909748342 -0.00724861969835588 -0.305857556565122 0.0956467802052522
-0.130837890703843 0.0575972155074916 -0.210380332357306 0.104793253676496
-0.153334800850688 0.0548346333051185 -0.0878266202334878 0.0409999786626428
-0.173328928669333 -0.0240772274967635 0.0448510049030077 0.0319318723766139
-0.148547756970519 -0.141447664992636 0.085865161227096 0.100164525737654
0.0208019298361291 -0.287837115369764 -0.0120725034564218 0.089023419034042
0.286807043632765 -0.0957529213829067 0.0411863595690479 -0.0507955536710329
0.244036768827911 0.228251047874385 0.082943650869992 -0.0876418843821421
0.0999522314010662 0.336492327510561 -0.0552546120727797 -0.229549835181193
-0.0134068301157112 -0.0811246816962409 0.142473972988869 0.274996182175515
-0.0961266508710573 -0.0626665560090943 -0.00448633355367696 0.0512861254667986
-0.119845456511398 0.0173064487579799 -0.094460786532565 0.0625259509530287
-0.0437771120036707 0.0995805443527465 -0.00955518751431123 -0.00862217114047772
0.0459485985909297 0.0693015637664155 -0.0476262399153128 -0.0405640895157031
0.0548737283301437 0.00766560765772954 -0.00644016244643133 0.0107198073398114
0.0300855420271084 -0.0187792755929614 0.123694511945411 -0.0289902462641915
0.0183071403096841 -0.0177096489394349 0.247250433891849 -0.0920311933158367
0.0195581750487381 0.00440423601332404 0.343317607309798 -0.12439092968929
0.0086452012162837 0.0436565855490329 0.388733528865293 -0.0506565924026395
-0.0177097862324758 0.0703400723040436 0.388260247975339 0.069226477270703
-0.0699213458963408 0.0505197053249376 0.308034357224727 0.240370790941124
-0.0944604735479426 -0.0138998749712939 0.15231544587689 0.373021921041711
-0.0823624682131811 -0.0791342696790464 -0.074002411559743 0.477648464042794
-0.0316561348008153 -0.1601996501568 -0.259824746516369 0.609384118347659
0.0588972652056195 0.134904006128665 0.115224895282518 0.305828737929075
0.102617762398236 0.056304860202098 0.0124817487737227 0.0782503359823592
0.0641397155035487 -0.0686886038218697 -0.0632213464969699 0.0668116618897482
-0.0528595514895831 -0.0997164762351168 -0.00636206195362953 -0.0215462027200859
-0.0745788459764797 -0.01517398127887 -0.0701901876864997 -0.0411167918349425
-0.0594466755754021 0.00555773892330069 -0.0154993472479225 0.0179301920803625
-0.0717040997105521 0.0252791421853357 0.112450116005246 -0.0204106934593037
-0.0746937658307279 0.0349800954921803 0.237182730385684 -0.0862226191121808
-0.077161010970145 0.0245291886962265 0.326740326022212 -0.127378389480536
-0.0701202663043675 -0.00456941830290859 0.375916320757048 -0.0606544156965781
-0.0508703611680412 -0.0157307164663731 0.385329563727124 0.0533903016192501
-0.0367839105780566 -0.0505825195277795 0.325380545486293 0.224418539612215
0.00843459901008596 -0.0282067010088517 0.190116750995984 0.36501375790144
0.00420592580129037 0.0264963777362384 -0.0332244607897011 0.464731882865157
-0.00708167386062227 0.0359667532364341 -0.216660555538782 0.607586551230612
0.107915888503175 0.314503529294186 0.0855357909969619 0.271045840988682
0.259820938292378 0.156230573847249 0.0431149072959103 0.109775756771399
0.220431246550675 -0.132980954106868 0.0207758008241589 0.0343406148737966
-0.0450408637228377 -0.262379522640594 -0.0117147428160412 -0.101784731453072
-0.165256791533915 -0.102188573595048 -0.147167624003292 -0.0648489747255466
-0.15799689112957 -0.0142504596056768 -0.0729847993732771 0.0375250075283034
-0.165777452055805 0.0549090962925496 0.0678543263326215 0.00612641321380336
-0.157530958496067 0.0800900590477925 0.191923086207247 -0.0669873347888448
-0.159807094446057 0.0483827735953598 0.272509500755884 -0.124826917148677
-0.140248613976008 -0.0366230988264015 0.340518784249444 -0.079100028433038
-0.0896541630600012 -0.080625857693196 0.385099031971044 0.025800727793902
-0.0287686062206526 -0.146458588209629 0.348227493724578 0.21394055286537
0.100264398109237 -0.0707633448413753 0.205950166210389 0.362952825645882
0.112123405916375 0.108207399232645 -0.0184849977962356 0.410403078047504
0.0402326679325353 0.230675024985329 -0.164951021989993 0.533924847697082
0.125009259841901 0.430296622344149 0.0783541438249561 0.181292763014124
0.341008071809599 0.213795974322902 0.110844878358417 0.0980226079822468
0.3050631246252 -0.166420788328618 0.105158509615072 -0.0661691829163388
-0.0314404888988016 -0.348227427128152 -0.0547710297637397 -0.217125483985872
-0.204841189452001 -0.165953697292701 -0.25207112784374 -0.0924200867443813
-0.218667674281724 -0.0467051576900652 -0.157784446881866 0.0577615672890463
-0.234066203520967 0.0633257292663258 -0.00379561153261972 0.0396969907258782
-0.216805415831173 0.112712913703737 0.117026172841428 -0.034816128476949
-0.217367964079563 0.0758865468152303 0.195294696456607 -0.111719756994559
-0.194402315682751 -0.0423989132494475 0.295244650361418 -0.0924179930286512
-0.140005236755375 -0.112868302087054 0.384157086286995 0.009099358580965
-0.0588713025980282 -0.235267563949473 0.352464336140928 0.225398879941229
0.173997151180668 -0.147337123905175 0.181218045491681 0.356775234893954
0.235782151663296 0.156968445400362 -0.0368411067320438 0.310793954654933
0.103716939462853 0.397386027358535 -0.122390783880082 0.39558755352979
0.118478645783024 0.477464963974963 0.105610953695552 0.0457395553401892
0.342366539173234 0.239355355540141 0.189105753979593 0.000550971322029314
0.319425197306819 -0.149161110293255 0.122054503789058 -0.209398757955783
-0.00233912583668208 -0.352294939516905 -0.138448708993911 -0.30630038982449
-0.190196138177534 -0.203204874157022 -0.346174069329869 -0.105346581633061
-0.234222436822059 -0.0842209552338907 -0.240816974895157 0.0704462308074278
-0.265519242236516 0.0551915936569496 -0.0889658125299491 0.068328217165619
-0.245841453551378 0.129198375961577 0.023504832287632 0.00699336945712207
-0.247647296955305 0.100382855593083 0.111767501725185 -0.0833842734357908
-0.234887118544454 -0.0271767562606788 0.246664347122161 -0.085045838957842
-0.198675646313708 -0.122908948363282 0.367942606074929 0.0237768322001862
-0.104005184609682 -0.319362690114983 0.304554088829465 0.250608584339958
0.244964251709647 -0.232532074263983 0.105710796136109 0.31418617467171
0.353110465071575 0.188363969969328 -0.0593681867281551 0.169024856691616
0.160448506087067 0.510129842959773 -0.0900349256271737 0.216117674595334
0.107585916239206 0.458604469597846 0.155548347171376 -0.12425965195901
0.291465319823602 0.239346696608544 0.224423743921819 -0.159545294550614
0.291788080955347 -0.100403800055185 0.0647054587914812 -0.32309587239878
0.0370284899346522 -0.304868878242035 -0.219271090026213 -0.334483422567121
-0.140899240113251 -0.21337139024555 -0.394558169226969 -0.109919399099697
-0.21066568768217 -0.111022010830216 -0.305524397714251 0.0671244967204637
-0.255747743105544 0.0365012125244134 -0.176967279148392 0.0891446802678124
-0.238166148086725 0.125561437227803 -0.0723027165679747 0.0510936325606474
-0.247406547097278 0.111800862212406 0.0327595079369271 -0.0408118643141021
-0.254753890292306 -0.00947873477428539 0.191071252177576 -0.0497970207539849
-0.240548193776506 -0.132736347222879 0.308389741854607 0.068356554276926
-0.116803904208063 -0.387185329514843 0.194243732548915 0.254382317742802
0.314477115966085 -0.275365244586144 0.0193414104572745 0.207281190431878
0.419850067944775 0.22170859179845 -0.0476542646168225 0.0175590862213224
0.188192504805942 0.549709824698668 -0.0707451467060334 0.030852856168789
0.0958553704447472 0.379971770911966 0.202760450592067 -0.300906115762543
0.219940962382498 0.207427617087806 0.199890516573836 -0.319508567209573
0.238323560712954 -0.0502313865853507 -0.0169229850695424 -0.375002199993398
0.0622106709684438 -0.232421075728127 -0.263525457266507 -0.318567766783487
-0.0834054634048702 -0.190434241978476 -0.402375087771728 -0.114495445081627
-0.160084689233983 -0.11479511246985 -0.349818125171164 0.0522908057556239
-0.207826422381137 0.0161605599993048 -0.255367285392484 0.101576365133975
-0.197805400308613 0.103101887723768 -0.155276570525237 0.090426093640537
-0.217295722202987 0.0998881469423147 -0.0365586995441055 0.00613489168129252
-0.241558415316468 -0.00796238671673919 0.11959128979659 -0.00428016275622797
-0.230462938695486 -0.147754096540307 0.204094143752196 0.101741906817191
-0.067129359466583 -0.392384898317118 0.0668203062816594 0.195686722270634
0.348689754840268 -0.22785848973257 -0.00924908225022472 0.059500474052047
0.391636149496082 0.245710528638895 0.0102813700029002 -0.0804262806153471
0.170170454522873 0.491885447589171 -0.0636875176914834 -0.127268307860947
0.0854219894971067 0.25109895210811 0.228137981870597 -0.454428588698207
0.143588437262121 0.142510719157508 0.137348955497242 -0.433805177535636
0.162446599035875 -0.0208755785694323 -0.0879984836630008 -0.382823827585152
0.0570669957054624 -0.145178949605754 -0.282189491969333 -0.287793775632615
-0.0321713676517127 -0.129206141217022 -0.391503391366186 -0.113384817869748
-0.0898581242380434 -0.0900154102460976 -0.376588613024065 0.0400261839860488
-0.131437434326601 -0.00171190604076688 -0.311093480804223 0.111047412803783
-0.129547294397703 0.064219870580714 -0.212852575931206 0.11683407669188
-0.154028748378451 0.0642770614371087 -0.0906584186211191 0.0442590465011325
-0.179391481061451 -0.0187330890517697 0.0454509674980662 0.0285230275047511
-0.155784728431213 -0.137139916219016 0.0946717738304174 0.0949374492204437
0.00848451466526959 -0.292157962972436 -0.0104969917370977 0.0958189020465322
0.286934158290671 -0.111042009420131 0.030656062702997 -0.05358764885399
0.25957473694046 0.219168980521276 0.0715616741903381 -0.0984975277980568
0.116054180118305 0.335344716376052 -0.068028480309989 -0.234333802277425
-0.020878611411471 -0.0812230964249037 0.159943532960524 0.269536642189501
-0.100000852579459 -0.0544235145508779 0.00718361845193719 0.0589018072781349
-0.117308405534479 0.027938753733033 -0.0817223830028962 0.0696941466441483
-0.0361863449680577 0.103172039046616 -0.0107807137228142 -0.0114837309531102
0.0515251528959898 0.0661249155397881 -0.0540914285339661 -0.0365886274192512
0.05579853455814 0.00492474380693996 -0.00342941986566403 0.0163203708647943
0.0291691574386684 -0.0182723315217613 0.124493558212654 -0.0349188607855131
0.0169727427631359 -0.0170519432391841 0.244418924152062 -0.110142000375702
0.0192986068356463 0.00412637897862831 0.33617269147398 -0.149914817493382
0.0119349167625993 0.0446373550057919 0.388388999825121 -0.0753644634293703
-0.0107680406222329 0.0712341445693805 0.391832828593254 0.0454377544067452
-0.0668326243547129 0.0560048046651641 0.32098394603313 0.222213314492288
-0.0965796773126881 -0.00784757032023012 0.170234272420732 0.363109448771957
-0.0856198823151677 -0.07537717892004 -0.0457786788777576 0.47934471660036
-0.0421106396839074 -0.157847032750177 -0.214756648365446 0.619374814154059
0.0657878025041364 0.129033242147159 0.135859779832519 0.302185416935444
0.106176286785692 0.0506117379962916 0.0254674769722283 0.0852147541601668
0.0599559998776381 -0.0706599473343115 -0.0502043137251024 0.0720705415187447
-0.0589767489559947 -0.0944255090340385 -0.00676227993285436 -0.024593739092465
-0.0744013443165834 -0.0112504474157361 -0.0749073093006255 -0.0337958169622755
-0.0598564614142031 0.00914677539202055 -0.0117133358548451 0.0245833161499458
-0.0703379035305731 0.0329609319074544 0.114606520175748 -0.0261339296581587
-0.0725571455662986 0.0417853289962748 0.23348090194174 -0.103233682905454
-0.0773044050467167 0.0319637610956885 0.319844959054721 -0.153322269850892
-0.072511592314556 0.000562544788244945 0.374970769691648 -0.0846179348882699
-0.0510565504276447 -0.0137774313722212 0.389001596315322 0.0302088990600223
-0.0402323525474279 -0.0489755427103538 0.337192967167607 0.206280334055755
0.00706331115087188 -0.028484612470242 0.205241487150772 0.352233545490521
0.00774809431178902 0.0261726585923349 -0.00482308189724784 0.462526012814389
-0.0058961493708897 0.0365810042403776 -0.172714136303579 0.616146344276565
0.126479249552054 0.30512910409277 0.102250631606489 0.26856668401079
0.269934533150913 0.140390395230802 0.0553838635235039 0.114174751038625
0.211690348618779 -0.145779267603711 0.0313585561169842 0.0347782626674829
-0.0633789375215465 -0.257740877649739 -0.0174376216485064 -0.102923278504965
-0.171011753050413 -0.092468315686833 -0.151699626552193 -0.0504264595464693
-0.160283913763769 -0.00468455985736805 -0.0676748016165699 0.047129266683355
-0.163801228657492 0.0686061441880866 0.0713407657533856 0.00415749713270289
-0.153004120015954 0.0926623064806086 0.189478456990962 -0.0800904846615743
-0.159785731217868 0.0624327901963953 0.265557975838688 -0.145640270320413
-0.146643126578273 -0.0282829738044833 0.338511171735177 -0.100735297018368
-0.0953373084847988 -0.0781652289660007 0.387789840336876 0.00345530778905257
-0.0383197537735683 -0.147000117571171 0.35887463373518 0.194684955171916
0.0977813428520692 -0.076512694984797 0.222355369038964 0.346422379661613
0.121577217592892 0.101976950702454 0.00378393677914693 0.407756333474815
0.0529532758720889 0.228146413037759 -0.127074521295571 0.539552625606204
0.152665597405272 0.417717873432636 0.0877984136725838 0.179360242042434
0.354252633037851 0.193174327337684 0.12041836619054 0.0981402742598829
0.294419193389242 -0.183741294982176 0.10759736885555 -0.0703982556621712
-0.0546982542881062 -0.343729393316269 -0.0678097532512193 -0.21386017062017
-0.215037920168157 -0.154738931207372 -0.258671950609961 -0.070017753825322
-0.224187873571679 -0.0346453453328883 -0.150600640986519 0.0731653353156364
-0.232516474430218 0.0816925062804315 0.00182397156004552 0.0419431770401035
-0.210267299675156 0.129518622509466 0.115347019744832 -0.0423619821841575
-0.215291263313504 0.0937309041003587 0.188172909201617 -0.125861410937383
-0.202897471049519 -0.0312066646864222 0.290781402416128 -0.110205770842698
-0.147916116064029 -0.107769281334839 0.384784963650001 -0.0148370219849199
-0.0732536754125999 -0.232968851820035 0.362390526149994 0.20517380804436
0.168241635990554 -0.157210418591267 0.197677612035584 0.34157541072309
0.247408402457586 0.143071345393348 -0.0210129479059092 0.310122347919017
0.127609845386561 0.389233160774608 -0.0938920564494683 0.3988011478142
0.148031070932188 0.465867465981043 0.105928959350561 0.0428721048831428
0.358265591713856 0.220158374597937 0.190040846617435 -0.00419850141282651
0.311630107828355 -0.166988926421141 0.114368856325099 -0.213546533396331
-0.0238630601483224 -0.351097975356715 -0.157167995073501 -0.296239476328267
-0.203382374996858 -0.194460027686689 -0.351949119648809 -0.0771634250678349
-0.243509630546551 -0.0710672355386672 -0.234464658902879 0.089651176785479
-0.265292589621109 0.0751196566590606 -0.0826751867705229 0.0761047018113635
-0.23781223784005 0.147147962555959 0.0239609247802883 0.00609760283418271
-0.244075297382007 0.120234278383809 0.104986794564692 -0.0902759299242816
-0.242748289570336 -0.0141486329506715 0.241447524852805 -0.10024167566179
-0.205390029885526 -0.11464315082319 0.369261233825258 -0.000772086625737644
-0.124200078689199 -0.313469800908044 0.318897596333277 0.233249617941269
0.231445222502844 -0.246853767645972 0.119833052586811 0.304581269063106
0.365761812824446 0.16671354114001 -0.0536083564449471 0.16947073214222
0.192202595543823 0.497616542062493 -0.0750761250507843 0.217494885688264
0.1345624845742 0.448870722386194 0.144409572801265 -0.129998090954756
0.308336560768071 0.224498033637091 0.213826566320695 -0.16668037574436
0.287041413742281 -0.115893504852192 0.0496675728131112 -0.323186981067569
0.0186240587385274 -0.307083929241004 -0.238691302485819 -0.319711164409282
-0.155784181068408 -0.208729614055781 -0.401973467272119 -0.0799987669915509
-0.222655023476459 -0.099781690361142 -0.300435468674473 0.0891162031085321
-0.257176712315252 0.0558602139315516 -0.171848825370204 0.103168704688213
-0.230210348308279 0.142302737911484 -0.0705298038864695 0.0581130992453816
-0.241794449755383 0.130926952052792 0.0278137061242329 -0.0425905275910258
-0.261100824654603 0.00505999940267699 0.187096675503818 -0.0630183372928706
-0.247613857155469 -0.120805897177164 0.313349997906033 0.0455601697407226
-0.142060617581729 -0.37867381507011 0.209463604181421 0.245317827611703
0.296955098639211 -0.295334872601806 0.0268007539363668 0.204771410412887
0.434277268083568 0.193821577383092 -0.0529857751189322 0.0173353330220729
0.222475390791753 0.533657384349846 -0.06935941823117 0.0321432653181862
0.118320182141959 0.370039490694443 0.180471052931758 -0.31056537203231
0.235612968985981 0.196848690519975 0.178441951852007 -0.324571726694441
0.237114125457972 -0.0637165502266227 -0.0360161058765599 -0.37018190755185
0.0484029057529109 -0.237539343622993 -0.281912264280566 -0.301384023933919
-0.0964417647098242 -0.188831676573845 -0.410719733259116 -0.0850093935367599
-0.171856455880278 -0.106609392839765 -0.346810038847248 0.0761469399258658
-0.209853063606557 0.0313328667482368 -0.251599745876827 0.121232560610327
-0.190400674707364 0.116910457120391 -0.152167472088335 0.103495190555057
-0.211550116351945 0.116451043067505 -0.0391651718307403 0.00881552521164824
-0.245846999807271 0.00647267678977473 0.118214346099344 -0.0132377539194094
-0.237870737649683 -0.134159189913078 0.211551832381809 0.0848054908814099
-0.0937310569909325 -0.387463072442974 0.0788787841208207 0.195809533063199
0.332153519508923 -0.251065777186361 -0.0119818356646401 0.0601922781230158
0.407467891629424 0.219585246507994 -0.00272117645297754 -0.0855600815812087
0.20315772490528 0.477156772982552 -0.0743707479920916 -0.12572464985893
0.0984522565455171 0.244121028757312 0.195248151675348 -0.465246764437044
0.15478750813292 0.135286484229302 0.109394537528092 -0.435363940658188
0.163016726742163 -0.0299492641765061 -0.107056706585588 -0.375559205118676
0.0476153464995327 -0.149275544730454 -0.298092998304469 -0.271972483081425
-0.0416295744310211 -0.130985486741686 -0.400726964792745 -0.0885344030563028
-0.09896603614713 -0.0858676646508202 -0.376822235906138 0.06484919082488
-0.133980400861163 0.00809406697266104 -0.307466263095285 0.13307349153148
-0.124043562833725 0.0729941643922438 -0.20884955076065 0.133957787555144
-0.14915893842448 0.0764813818994054 -0.0910518791721344 0.0500585460315095
-0.182935079627729 -0.00725476795604222 0.0460379032532746 0.0236105162879191
-0.163940035964794 -0.126811522026102 0.102491730001842 0.084901940603165
-0.0122400188912309 -0.292514938171281 -0.00471194586932731 0.102789303965002
0.278625330351075 -0.13293256008517 0.0188069028219059 -0.0544627444436174
0.275572531310249 0.199756199595822 0.0559991503876496 -0.108637162431939
0.138589715166995 0.325489342934986 -0.0862626274383551 -0.233010965285772
-0.027776114353156 -0.077626475963425 0.173040475701317 0.254733953458481
-0.100739948599609 -0.0451903158714766 0.0196827695938595 0.0628588526553414
-0.109994736543612 0.0375847215279326 -0.0654161499035257 0.0730677918202838
-0.0275020564565954 0.103233385020964 -0.0112306368120099 -0.0140117803386404
0.0552425250849505 0.0595989162363076 -0.0581631929674765 -0.0293533883569393
0.0553162726632788 0.00122616031892276 0.00107674726158504 0.0198108027327867
0.0287583168483881 -0.017804057544335 0.121652793494496 -0.0404542247488412
0.01523736739679 -0.0161217624811215 0.231427959644188 -0.125791781274477
0.017959407301501 0.00409546978126701 0.316326763364075 -0.172482690690289
0.0150613593055639 0.0434939062016276 0.373734829915747 -0.0999447264653269
-0.00439470123329027 0.0700322979328169 0.383007006949808 0.0202680898756081
-0.0618131833713525 0.0595613524260681 0.323630035693799 0.19738445078608
-0.0950474376556633 -0.00043382558021963 0.183084629089921 0.340176258159961
-0.0866337059822235 -0.0693275168634756 -0.0150120209875297 0.463688704534245
-0.0521098233859621 -0.150056129432443 -0.164183677436242 0.608242325897782
0.0707125503890758 0.119928501094993 0.150768092667318 0.287672016094194
0.106926616219606 0.0428391378449329 0.0380718299261206 0.0869761973625035
0.0541144026793392 -0.0703475636667328 -0.0346876250239522 0.0740151573873376
-0.0631200786111305 -0.0856661092017567 -0.00829619402710937 -0.0258626207241511
-0.0718711729778079 -0.00702100706771853 -0.0762145190166911 -0.024337356094366
-0.0577365774691737 0.0126073404112704 -0.00597740096958686 0.028421006561272
-0.0654248565979203 0.039272284033529 0.113430264332563 -0.0304777408312711
-0.0681524001058197 0.047460636344559 0.222224712844845 -0.1176734205063
-0.0745432021718183 0.0390420013134847 0.300227654877078 -0.172953655483421
-0.0725340104354392 0.00648493470149229 0.360534765926062 -0.107168741663631
-0.0500959501752553 -0.0117851113221432 0.379741509659571 0.00465719549434428
-0.042611826733414 -0.0451720665272146 0.338839778502951 0.180762734636559
0.00584230797563061 -0.0275943610314345 0.215683185087412 0.327686431048094
0.0107451413135185 0.0243185225989538 0.0217967600086027 0.445716210996591
-0.00530920709446387 0.0367432101311646 -0.123259917139976 0.60319633748654
0.141140989753313 0.284582336781746 0.115946037850151 0.258023083453447
0.270893593072227 0.118490416196408 0.0686597761102054 0.113436178787001
0.195125227028756 -0.153526789706959 0.0410035309671072 0.0324870676519496
-0.077738050583727 -0.243457431894451 -0.0230373482254704 -0.100092426082323
-0.171707344978986 -0.0798626840730898 -0.150622472473219 -0.0344478203782939
-0.158126331920905 0.00515067945302174 -0.0581743568357646 0.0545278731489205
-0.155088391419101 0.0805353309781327 0.0738803643008081 0.00103143728248041
-0.142113435559904 0.102470229142218 0.180639324076728 -0.0913232439104861
-0.153149664092046 0.0749703320688895 0.248727076593091 -0.160594461186856
-0.148777256484353 -0.0174155020331063 0.323533535735102 -0.11958109906428
-0.0985968985437484 -0.0729580703643103 0.375921802660475 -0.0208316594932929
-0.0473051210330218 -0.141764258072315 0.35876837720995 0.167839689020012
0.0920670296407625 -0.080486843206123 0.231203987899722 0.321332429023749
0.126112436358707 0.0921971885039983 0.0267892462226183 0.393008846930612
0.0653665578076274 0.217667574568176 -0.085650409894734 0.524173709688885
0.172455118594738 0.392317093497631 0.095557040529812 0.172229040090588
0.35688289444728 0.165021735222322 0.128158438792821 0.0935920352280056
0.273124518198317 -0.195237588298711 0.10683018668774 -0.0737309403075788
-0.0749679057132702 -0.328243025089469 -0.0792100922657136 -0.203103121725757
-0.218834315213756 -0.138228576408191 -0.253957924471617 -0.0447351996508498
-0.222900610338344 -0.0198783769161302 -0.137635019452369 0.0844976862581125
-0.222084560611674 0.098502051951776 0.00749998566348357 0.0421106616099374
-0.195317441965714 0.141962305100189 0.110553081726981 -0.0481229954714686
-0.205119844040159 0.108854195684086 0.173670299506758 -0.135097341628254
-0.20534902658718 -0.0170476048671151 0.276591741464271 -0.125677444308443
-0.150913543877773 -0.0989716983889455 0.372313505094978 -0.0396570980882864
-0.0868487704406314 -0.223233237255724 0.363495285535699 0.17699296702145
0.15496592429441 -0.163186968440226 0.20769453879701 0.31623949977396
0.250841738746946 0.124269435978563 -0.00342159250067238 0.29921207371032
0.146558112327731 0.368138277378363 -0.0624738157760718 0.387131182066937
0.172962543698018 0.438472874776473 0.102900912289977 0.0392343253470163
0.363406328903252 0.192124098967085 0.187249922603674 -0.00891970775152362
0.292189185455851 -0.180215775479512 0.103538476008846 -0.212080941398804
-0.0453130944844682 -0.338430461014587 -0.169659463167973 -0.276896530325956
-0.211628796432734 -0.178352446504154 -0.344303938816765 -0.0452422294133573
-0.245083746096793 -0.0547635387751264 -0.217552785311174 0.105668791702313
-0.255285221695369 0.0938593149911441 -0.0727514086081966 0.0811673506301499
-0.220632908082572 0.161035339703432 0.0238863756585808 0.00619942313995629
-0.230706562627002 0.13614788821747 0.0943537361367711 -0.0944074913096538
-0.242387368027306 0.00191626164727347 0.228349038082536 -0.113145567110602
-0.207406206584253 -0.101501473826025 0.357070826189023 -0.026985156198653
-0.140563731817413 -0.296347472156776 0.322733825517619 0.20754832109576
0.210542976135616 -0.254003961972928 0.130469323674917 0.285802639865696
0.366641308875764 0.138632098537182 -0.0454177133971329 0.165211112050653
0.216676728092405 0.46809347010918 -0.0582790096491167 0.211546814983439
0.157867489258923 0.423453995525713 0.128493478128556 -0.130342755645763
0.315795052536674 0.200380214383263 0.197459959162119 -0.167174761193894
0.273416739598722 -0.129239110473701 0.0324989591169103 -0.314208654679998
-0.00068633940667427 -0.299371547509071 -0.250181469975736 -0.293977011130775
-0.166617481810994 -0.196248492511331 -0.393268047818718 -0.0454028966038769
-0.227758025907003 -0.0844182600884609 -0.283394899432077 0.109168954857164
-0.248816823862181 0.0742338323217179 -0.159364705439442 0.113305502423732
-0.213517446317591 0.155224832927872 -0.0651261140652094 0.0644556459512194
-0.226848301174327 0.146182720838942 0.0223723188421666 -0.0422599745059079
-0.257531330593106 0.0210465723006242 0.177029083478719 -0.0739613232804709
-0.247555908145925 -0.103297954504466 0.306536514384574 0.0196243643570507
-0.163479649794389 -0.357203328870437 0.219802266212094 0.227508977430639
0.267479183512787 -0.305589099181062 0.0345308693384763 0.196120140983692
0.434443809093583 0.157608642181788 -0.0566806681233423 0.0175995221921137
0.250589737726427 0.497840611506982 -0.0657945586916794 0.0324031437641707
0.136410513539966 0.349551394126094 0.151518957067205 -0.307921992996534
0.244014663083515 0.178626528748898 0.151838949271417 -0.318156994618837
0.228594274700703 -0.0763243252668322 -0.0535001660147376 -0.353044823138184
0.0316792696105267 -0.234090884781066 -0.290576854235894 -0.274058716769495
-0.108347095244478 -0.181066924532836 -0.40272833688749 -0.0524860408501256
-0.178677463499084 -0.0937513326102522 -0.332507990188847 0.0978530977425818
-0.204321289119397 0.046674697172695 -0.237074296185539 0.136913192858415
-0.176663387889518 0.127053977744368 -0.142061929608883 0.114303788625392
-0.197543519554973 0.129326059113845 -0.0409981863298608 0.0118700458056443
-0.241751760126086 0.0224033419579079 0.112916050314783 -0.0227540697118076
-0.238979443638871 -0.116256119236699 0.211433450997103 0.0638673324780171
-0.117471274035138 -0.368815788726821 0.0904712871125647 0.189589015699741
0.303549353287908 -0.267446881383548 -0.0140486241775989 0.0595706614419921
0.41145749108959 0.184140941520608 -0.0163717288892485 -0.0863089497634978
0.228129973896756 0.444885135513553 -0.0820907127411746 -0.119667870165782
0.109689759197605 0.228455110128435 0.156868100669836 -0.458940420484654
0.161054230192787 0.122641147298634 0.0781927513332639 -0.41990146856003
0.158148423930428 -0.038841672835558 -0.122029087967727 -0.354817430804862
0.0372922495567203 -0.148284234493507 -0.304638113374625 -0.244595813218265
-0.0498964875040131 -0.127572554527562 -0.396363202986239 -0.0576821483626835
-0.10550711267631 -0.077943243719285 -0.364120953742156 0.0880528013275685
-0.131040743491624 0.0181710207189094 -0.292357664380015 0.153116255188598
-0.114568150531356 0.0795759712666132 -0.196723973026815 0.147802335751561
-0.138966623507805 0.0859887109433015 -0.0889685569914856 0.0553022676795893
-0.179762138251937 0.00533910394191532 0.0444730422490204 0.0174603150695243
-0.166808229422625 -0.113167231445152 0.106345373593742 0.0719555818063918
-0.0330621139175937 -0.283105719959019 0.00282982152759916 0.105459914520364
0.259052936524433 -0.149696965636784 0.00692824346489185 -0.0525639637081941
0.282595199079792 0.173903223895002 0.0375641718293659 -0.113358240759028
0.156839581976139 0.302092627684901 -0.101943695783225 -0.222813711277553
-0.0317133811163856 -0.0726748688245113 0.17531098611752 0.237307711203949
-0.0970824997455349 -0.0373682198390911 0.0302356527757128 0.0638422468601223
-0.100693845037496 0.0420078703509295 -0.0512202804092643 0.0718897480379351
-0.0199677970749991 0.0996336397816215 -0.0117431946872636 -0.0153937311530406
0.0554098967121968 0.0533813526087232 -0.0594982544502565 -0.0235053387548952
0.0531839006916292 -0.000970811157418979 0.00539100586580198 0.0219412031656434
0.027623728318823 -0.0170413918008011 0.117256710219194 -0.0435580954426392
0.0140804487568893 -0.014544292073343 0.217105785387748 -0.132616900470206
0.0175946544523125 0.00477772889138499 0.292917802390796 -0.180397334003038
0.0169895766363616 0.0410481640299752 0.352697715290038 -0.111748435424532
0.000164172583549632 0.066560739705279 0.363325381232451 0.00432997740474956
-0.0567840109917756 0.0601850195427505 0.314357847938177 0.175834420187597
-0.0906122997783029 0.00363015493393986 0.181655329306126 0.316372102473549
-0.0840990284807042 -0.0646991194662185 0.00272681658070587 0.438695844009834
-0.0561856446881263 -0.139123403119018 -0.126852724555166 0.576335358138557
0.0704858229041712 0.109381974038356 0.155963894745431 0.270055810651872
0.103562924482817 0.0361797104480623 0.0481899551067965 0.0861496780260835
0.0490658789734341 -0.0676664449900323 -0.0210967252165046 0.0717535442904189
-0.0631295817676522 -0.0766858320871803 -0.00847688705832494 -0.0264166264658601
-0.0684110657780272 -0.00463120056327644 -0.0746484873703296 -0.0168353264576844
-0.0543809604601663 0.0143093979503184 0.000259723401460275 0.0304729248967755
-0.0601302662210957 0.0425901238156662 0.110479182851655 -0.033561308222846
-0.06195452194808 0.0503940395549451 0.208672695098604 -0.123358683351085
-0.0706083082143008 0.0434937519930671 0.277954570945334 -0.179381678834098
-0.0708815050936001 0.00939192418666928 0.33954205634828 -0.117733400708754
-0.0480070935443957 -0.0107112540460451 0.360672712872116 -0.0105505874706342
-0.0427624914638984 -0.0413989735922338 0.327043779391987 0.159774276408516
0.00593725149566213 -0.0263424910012448 0.21393410129187 0.300867364431051
0.0127661707341562 0.0224143753345379 0.0363077786964298 0.420145066801484
-0.00411920284635383 0.0358888927593658 -0.0888228974282334 0.569870008803438
0.144039348287061 0.261431657837085 0.120836258770127 0.24318433803081
0.262566360482764 0.100726385754305 0.0770967537062446 0.110884544794267
0.178175398788619 -0.15264350847657 0.048675513164281 0.0300557230783652
-0.0845405339329738 -0.225748174327488 -0.0253688208761515 -0.0953606171798831
-0.165662087515269 -0.0701279844968957 -0.142770326387932 -0.0217089651168577
-0.15157563896227 0.0110558883250357 -0.0486272728956496 0.0564135153659585
-0.143515904694752 0.0858921529721283 0.0743649748932853 -0.000922248440833905
-0.130614585279677 0.105946073132875 0.169977975299183 -0.0953898789361103
-0.143650969456733 0.0814912270573676 0.228977703941422 -0.165812943816357
-0.146194573927889 -0.00963762912223301 0.304281745943692 -0.127454139178391
-0.0980920507558634 -0.0679561269194435 0.355813343769322 -0.0353671739992532
-0.0512460160435795 -0.134447401415835 0.345771626897522 0.147854199163704
0.0863967739385225 -0.0805716390195482 0.227479678224091 0.29459972722119
0.125065733856823 0.082783377274171 0.039938347255129 0.369238748338594
0.0685889423278197 0.20388980729573 -0.0578448619807586 0.494773905317056
0.178016301545668 0.362410029972325 0.0965945641157904 0.163492383062725
0.34560674903807 0.14189411231174 0.130759874598538 0.0895689639572809
0.250943891159133 -0.195671386949835 0.106074400110729 -0.0727075483915379
-0.0846065664725571 -0.307106153417764 -0.0826046127241672 -0.189390568488737
-0.214255443497939 -0.124243430308643 -0.24064445221397 -0.027002629320131
-0.215886737295274 -0.0105665093007293 -0.122713702990859 0.0884714452378585
-0.208487098556708 0.105618567230265 0.0134819191737866 0.0414954289752755
-0.178712220619743 0.146033677438572 0.104446723546874 -0.0498012698138755
-0.192178645064488 0.116410537127027 0.158161052184818 -0.136600971029192
-0.201504783381414 -0.00754502156761763 0.258255743675283 -0.130764608847477
-0.149465422454836 -0.0917111369818123 0.351023067723697 -0.0539785514459605
-0.0917211749648425 -0.209604148922813 0.351951407857222 0.155957221431616
0.142192263228089 -0.16132418901342 0.204437490463866 0.291060732153855
0.244239577760509 0.109296963084546 0.00630804327246561 0.281703177871724
0.152253507743202 0.341798044653889 -0.0418234504029379 0.366590297811839
0.179792747786045 0.405096565212735 0.0975212515269537 0.0379014541455555
0.353907730176225 0.169114451969437 0.181284759977358 -0.00947486192791835
0.271356940324869 -0.181947221086961 0.0957339996988721 -0.203261619660008
-0.056224676623607 -0.31936252860742 -0.171497793683716 -0.25467050732285
-0.209721345407188 -0.1640265650243 -0.32543416608599 -0.0232726150269871
-0.240151414357595 -0.0430271323289635 -0.198616857816698 0.111563607857558
-0.240445453039045 0.103575902341425 -0.0632296730283399 0.0819770137051704
-0.202843593024914 0.164399353893574 0.0241862507849172 0.00702451342478369
-0.214607683988071 0.142723737939869 0.0842364167510108 -0.0929966741269533
-0.236056285689475 0.0116840376356524 0.212448108255705 -0.117060492666296
-0.201777508620723 -0.0919895733249569 0.336481611654724 -0.0415828787350921
-0.146088109318933 -0.276848484306781 0.31484496689152 0.186762996312996
0.189583281289973 -0.249596009588068 0.130798673043968 0.264803463475882
0.354915403447135 0.116412219403766 -0.0410148669478899 0.157005133556873
0.224525088226751 0.431781578013618 -0.0466554994545841 0.199252833077434
0.165352758737712 0.392442280596539 0.114222381231288 -0.123380901463034
0.30992333082823 0.179150270226094 0.183604901798934 -0.159932078885987
0.256236508697676 -0.133576879801449 0.0242840377056875 -0.295512211351147
-0.0118333652039628 -0.284668222293705 -0.247474575353402 -0.265959893435473
-0.16874535779698 -0.18349045792193 -0.371588459649415 -0.0217319943103345
-0.225295401168107 -0.0718836400219419 -0.262679070246201 0.117051934676881
-0.23511298388915 0.0833900186175806 -0.145335508800199 0.116362340126179
-0.195966325616196 0.158269840651119 -0.0593404755194568 0.0669997359714914
-0.209949990328448 0.150836511231795 0.0171807281104501 -0.0392381057798757
-0.248363869552552 0.0313259190556523 0.16389040433015 -0.0788056709040037
-0.239181133244387 -0.0914907245597844 0.290658707860506 0.00261533418060722
-0.170820729576592 -0.331710276063314 0.218908886467458 0.209352919421509
0.240516069683778 -0.301355290634304 0.0357070999414466 0.185040336027929
0.41952513151771 0.131476726104489 -0.0587227260145671 0.0176537338193409
0.257504922452357 0.457737206374308 -0.0622951922455442 0.0303942631737018
0.142796028682449 0.323875772255353 0.12864897256589 -0.293084130275112
0.241104669953937 0.160958792521991 0.132364845491623 -0.300441505398273
0.216826791597173 -0.0811902990554927 -0.0596523362271947 -0.329552557834504
0.021335336604616 -0.224393173359349 -0.284067705611928 -0.24731173343503
-0.113104934144475 -0.171504486738059 -0.384194747734145 -0.0289290216482298
-0.178559813349839 -0.0822946897060052 -0.311452378573751 0.107977469046322
-0.194309065907263 0.0547214573725983 -0.220431047424816 0.143203100211496
-0.161683678524777 0.128734880091755 -0.131228710519723 0.118909399484868
-0.181859598288343 0.133815880658064 -0.0406564713147609 0.0145548233690091
-0.231669309232996 0.0320792849471103 0.104412990002486 -0.0277719814380197
-0.230723444924506 -0.101770112158642 0.202655555193912 0.0476125619842146
-0.129112821179071 -0.344518342306926 0.0959011097906164 0.180069450458359
0.274086999148582 -0.2667765341646 -0.0169822371917056 0.0585987350180032
0.398881581482291 0.15398816724073 -0.0276958911344629 -0.0833886980532532
0.236198132740711 0.408596196255449 -0.0852530316657199 -0.112611290692769
0.110814046441419 0.210555759829254 0.128380819491422 -0.436832075170992
0.159936390541158 0.110851262539843 0.0576033259321409 -0.394581476168391
0.150629181424312 -0.0438807041968269 -0.125694424225473 -0.328607104270296
0.0297545085930426 -0.142715171197069 -0.297451681952307 -0.219589304731962
-0.0547856173688288 -0.122449116429202 -0.37966071515329 -0.0366380843140065
-0.107053128004009 -0.0703324890500151 -0.344487196951081 0.0998135265290106
-0.124940820165898 0.0243561460679242 -0.27358724568573 0.161547318737844
-0.104711203176647 0.0812206928608673 -0.181877084031653 0.153626455666265
-0.127722566860179 0.0891510861048755 -0.0852717733523243 0.057767557073407
-0.172172660612188 0.0135184451846316 0.0412331184198414 0.0128838165544025
-0.162529911295424 -0.100584950446177 0.104548722232606 0.0604186319979988
-0.0454525642763643 -0.267393316881324 0.00924684755735857 0.105014499822058
0.237130951292786 -0.155064842510043 -0.00298380308858545 -0.0482269925265553
0.277477828288982 0.150376309793021 0.0214358088368904 -0.112871105684422
0.161765698953485 0.276851894534379 -0.10845925497023 -0.209100895395719
-0.0268434090855324 -0.0751791416818588 0.152861952711736 0.238174637513452
-0.0905300530588767 -0.0408638122296195 0.033178224129532 0.0694175235762146
-0.0958981116673324 0.0366543548164804 -0.0417340149231263 0.0696709736039377
-0.0220094397526007 0.0939551563339394 -0.00864644343392384 -0.0141464349654478
0.0504909306270184 0.0532915763986035 -0.0545072598085208 -0.0224998690702926
0.0513263559112355 0.00130430100425505 0.00884364462746564 0.0220863749262467
0.0297445744193157 -0.0143763306681927 0.117095265644071 -0.0387403835293793
0.015197628582276 -0.0118545348437296 0.211471352641594 -0.124137108298114
0.0191836496559396 0.00517339050701 0.283586890435308 -0.167998451393264
0.0179575525657526 0.039367166263612 0.338835989568637 -0.0995721450281007
0.00182339704580944 0.0630914458264778 0.341866937391631 0.0173686881315173
-0.0499776958532029 0.0575312854751927 0.2874189211486 0.179757766049907
-0.0855402488279338 0.00595343650447266 0.151868439512881 0.302343554837599
-0.0790493075449178 -0.0593485064128504 -0.015655193182968 0.408262383427643
-0.0490426471050735 -0.126866836568564 -0.141541243419771 0.527352423215756
0.0612480316776454 0.105466145197596 0.141355331380091 0.267459936289642
0.0974742437025187 0.0388448034949138 0.0511565150338142 0.0856096709789694
0.052175156840821 -0.0610997709172464 -0.0171491625650985 0.0648270757180368
-0.0556531322730888 -0.0735402444310575 -0.010343312822958 -0.0271476149532653
-0.06411912008006 -0.00768367897167858 -0.0721697190429327 -0.0134276099797385
-0.0529434346964726 0.0113378073680182 0.0019422920510239 0.0322976854642773
-0.057167577100737 0.0393285044267264 0.109728860799685 -0.0264424742337685
-0.0619986352681544 0.0479582850226541 0.203200899874074 -0.114864148959745
-0.0679312164890908 0.0409268676822439 0.268367298916597 -0.167970283193905
-0.0685678929254044 0.00606819268334307 0.326608016073092 -0.107506566704205
-0.0443705855516842 -0.0147137616573773 0.34196400820183 0.000874088468001073
-0.0339316121089112 -0.0406492333408595 0.303614502682324 0.162406463862519
0.00997304858044194 -0.0199735715957139 0.183873343073279 0.29212797719644
0.0125138752605804 0.0279578124097332 0.0143371924082522 0.39715550932157
-0.0029589697161242 0.0400899929739143 -0.111099160593751 0.525310093421214
0.12418406145708 0.25730480213258 0.11543702677817 0.238998617921392
0.245791113296948 0.108938160341808 0.0776072253596113 0.104482645542331
0.179825481512513 -0.136700665470617 0.0468108084658392 0.0228533782938734
-0.0699491548252633 -0.214054731022621 -0.0286456767061606 -0.0958057568086213
-0.153405609186504 -0.0742801313955978 -0.139145377916352 -0.0168614889580098
-0.146273775841027 0.00422895681078397 -0.0452862544788846 0.0573670091592493
-0.140302329769137 0.0785695872600019 0.0736649330605823 0.00596366281155756
-0.130603160471214 0.0998427524319918 0.165117465507368 -0.0871462817543796
-0.141642977831577 0.0758942396092517 0.220094079401219 -0.155820646981773
-0.14364752736143 -0.0137491697847169 0.292503919106168 -0.118357948604354
-0.0926842729976119 -0.0727695390925888 0.338860074457916 -0.0261615567702276
-0.0387199898848425 -0.129962096244385 0.324440763639416 0.147609158036414
0.0902699252473305 -0.0694338273519461 0.201363484236462 0.286814976321714
0.118485805938049 0.0902553193352482 0.018400813652458 0.352074703098688
0.0631940120894231 0.200696467694481 -0.0824008927511189 0.460270412708064
0.150205860891847 0.357456774734079 0.100227243053352 0.162827684410966
0.323653305744769 0.153477123104597 0.129582467272518 0.0849260025051426
0.25036500919096 -0.173959054905202 0.10272570550505 -0.0738689465834151
-0.0664954093990449 -0.290063114867944 -0.0817213397831451 -0.188304997698945
-0.196340241841607 -0.127196391163859 -0.232207206506122 -0.0235785316333025
-0.207828463166104 -0.0192040206999759 -0.117790797733046 0.0856427527884833
-0.204267177231217 0.0956173880207861 0.0138715810299815 0.0460778345426319
-0.180181414478273 0.136274627956297 0.1003586620773 -0.0436386841418384
-0.190280969885484 0.108548872481516 0.151918976869889 -0.128268694882212
-0.198373337684179 -0.013965329510199 0.248140050199231 -0.122526513711625
-0.141855553367302 -0.0985100287888512 0.333293460259684 -0.0461962702932362
-0.0748653977780827 -0.203106470162316 0.329944836043418 0.151202844344827
0.146875628418887 -0.144803663315918 0.183792824685689 0.282418932965982
0.231666188149491 0.117027027579951 -0.0103232658264646 0.27144711776909
0.139508081185902 0.331901315499559 -0.0654716337170498 0.342356442134827
0.147636091542952 0.400185726286734 0.108144015554685 0.0441420148968797
0.329820757390805 0.180059970622337 0.1808167988422 -0.00648602318560794
0.267833376228744 -0.158844258161808 0.0988663821984523 -0.196722986048624
-0.0388530491736475 -0.300133242653086 -0.163277333047762 -0.25279207791132
-0.190678263518149 -0.164700731283195 -0.313996760064136 -0.0242579844594751
-0.231002894351374 -0.0507964661465766 -0.192189700618157 0.104640458907821
-0.236186236823617 0.0916986950748768 -0.061919071768577 0.0836380940950143
-0.203863943017582 0.153342465727351 0.0219347543706457 0.0107023594434773
-0.212132628496094 0.133703644271368 0.0791520267890569 -0.0874011060050477
-0.232976765328933 0.00434673599301324 0.202273122434753 -0.110577723185199
-0.192993036072128 -0.100489659407932 0.319453129239666 -0.0385714125465132
-0.123991451686243 -0.266233005877498 0.294822418888314 0.174480798680706
0.192255143133568 -0.228194220561053 0.119161907432542 0.254923388256484
0.335105563205894 0.125308141876213 -0.0502409030642316 0.154522967307402
0.206607478273051 0.415916591105624 -0.0641740666644213 0.189232085764423
0.132197122788543 0.38732855415374 0.130347476575343 -0.108275777459098
0.286030157782923 0.189772430259516 0.188178723707566 -0.147230791663813
0.252136694313522 -0.112226984897326 0.0364387516556584 -0.285333869721275
0.00201934444443527 -0.266751674072739 -0.23145798819546 -0.267335518525583
-0.151248113770759 -0.181199195360695 -0.357832950601195 -0.0273400210009695
-0.21596917931274 -0.0771134388353021 -0.25495675488816 0.106708678631598
-0.232046099483104 0.0734357537942878 -0.143304448194974 0.113990085054807
-0.197385741304573 0.146818907772335 -0.0592271117701437 0.0676260276236225
-0.207697689503105 0.141817661634362 0.0122898251666374 -0.0373845523404052
-0.244917464435949 0.0226587724849312 0.153572615203285 -0.0759752460989365
-0.227268912372875 -0.0995226983286209 0.273613404038264 6.59103904635924E-06
-0.147345855926892 -0.317700541957168 0.205920631429853 0.191204087179743
0.24025495757288 -0.277692802322918 0.0344830747880373 0.177233713466222
0.398067608948498 0.137085700149388 -0.063738053793216 0.0245718727845643
0.237783210919211 0.439336553704457 -0.0719928440504205 0.0322180429572012
0.111377276819796 0.321084266996465 0.14823107748047 -0.268466985842945
0.220840149942925 0.16943560968591 0.144257401615938 -0.280640599600408
0.210864714957016 -0.0639761882874751 -0.039004809345468 -0.318935527802802
0.0305586952449566 -0.208596800075302 -0.264323285773118 -0.250291664856203
-0.0998608258565564 -0.167064050812062 -0.368518001152522 -0.0375022715788554
-0.170162903861462 -0.0845739932560101 -0.302423060178381 0.0954760025738855
-0.191783428175635 0.0477136890089848 -0.216397030192807 0.13741549665479
-0.162368298344121 0.119262422787114 -0.128478206965186 0.116002286737807
-0.179573735007391 0.124981648587623 -0.0445002385077396 0.0136640072391599
-0.227201167868861 0.0243275949214234 0.0952932481824639 -0.0292965589551219
-0.218753618908657 -0.107109773702512 0.190651061159876 0.0396041447634704
-0.110822052384661 -0.327084061321117 0.093106576872208 0.16057366001888
0.270471389873691 -0.246498874078969 -0.0114651879321622 0.0589846019969128
0.378853794805805 0.157225350673583 -0.0326835773745797 -0.0705261332643397
0.21586997512274 0.390205275095083 -0.0858145922604831 -0.103784864561135
0.0881084630694246 0.210352532432814 0.150154012209146 -0.406665811076278
0.145032251255703 0.117778107766107 0.0759763871599382 -0.370622582785247
0.145927928780355 -0.0318585571395363 -0.100490308765833 -0.3187509536104
0.0346782564766417 -0.130788388166746 -0.274416364641915 -0.223776483625477
-0.0457030675910598 -0.117016875995193 -0.362535728518146 -0.0462215986362022
-0.101887436807386 -0.0697676388288065 -0.333203795603488 0.0855189818256718
-0.124543490108084 0.0199015060131847 -0.267492102051009 0.152022406739516
-0.104548262779861 0.0738515866592681 -0.177786823258899 0.147864926600893
-0.126126696264938 0.0833391547768766 -0.0872946835974443 0.0539318608849561
-0.168605306131116 0.00869567251567214 0.0347964050695001 0.00840201172140355
-0.15361966340013 -0.102567231580276 0.0986319894640942 0.0503325445433924
-0.0362518022906826 -0.252382919313715 0.0139237659896661 0.0928959691477842
0.231292792848978 -0.143143406310664 0.000968147336832433 -0.039896466056106
0.263437705137533 0.147013807659868 0.0126786096956328 -0.0998731745081141
0.147955512245869 0.262111532141936 -0.1008835876041 -0.198558318218032
-0.0273870798944997 -0.0735595784414531 0.147227394196374 0.236909100418217
-0.0881820013732742 -0.0402314149625555 0.0399853056118037 0.0718602965478315
-0.0918566233865998 0.0358958916091272 -0.0329981562587052 0.0663108662824787
-0.0208429822322274 0.0922404992739551 -0.00790436600766238 -0.0160438850335473
0.0492777256919769 0.0520938313571474 -0.0555284902816946 -0.0197398076237667
0.0511711783185647 0.00158659907746279 0.0118082538037704 0.0237834713001646
0.0309812953666928 -0.0129603929963275 0.118248973827853 -0.0372474338228754
0.0160467001838083 -0.0100697686757065 0.209626268828086 -0.123868167921773
0.0188866046125144 0.00701058098149224 0.278808798002379 -0.164927118265425
0.0181469677562094 0.039714333301531 0.333021478829264 -0.0966667068322446
0.0025073359990089 0.060919445609172 0.334002528793402 0.0211664624574772
-0.0493466944885921 0.0569322917625747 0.278640379789813 0.178312140372536
-0.0839741276289834 0.00548509287703113 0.140205086673945 0.297653249889267
-0.0761879971906582 -0.0607874843099736 -0.0211291551706648 0.394754446405117
-0.0464715778726705 -0.124265784053212 -0.141770519731811 0.505578345855172
0.0572745570874265 0.102471798100041 0.135916479950581 0.265562836206088
0.0948076305351966 0.0385806488008821 0.0573755562226853 0.0876983781592507
0.0516000290699738 -0.0585620956142843 -0.00815372695284984 0.062798264217689
-0.052978035334767 -0.0709849844036753 -0.00926214539031015 -0.0283290603508344
-0.0625164453261903 -0.00876343773202424 -0.0705866188380563 -0.010318235782151
-0.0521828975015595 0.0107594287761788 0.00498881802556033 0.0331034030133401
-0.0554444158049813 0.039130223788412 0.111531879845584 -0.0252305803827422
-0.0596534398663924 0.0485944964845378 0.201744545607323 -0.114566998252118
-0.0670087997919121 0.0421413751207024 0.263300228870692 -0.164497713169829
-0.0694873460663656 0.00675473436032759 0.322313832605668 -0.103944965163632
-0.0439560499944862 -0.016193688790986 0.334440941464597 0.00481139795056205
-0.0324603345490684 -0.0402214077365512 0.295099400150691 0.162665710203035
0.0107689930355579 -0.0196342502248995 0.172362917633049 0.28788821528383
0.0132522627857121 0.0271550015720903 0.00890151318653018 0.383885269726162
-0.00412337211165702 0.0395774414682191 -0.110688067780618 0.505899545205123
0.116601625921911 0.249592216026133 0.110888156154265 0.238171572189556
0.239206375358419 0.107813288428892 0.0826238697492184 0.107661711765189
0.175309804971717 -0.130904403744934 0.0540174822493797 0.0230417688546959
-0.0660484508840379 -0.20795515759159 -0.0260106752999337 -0.0952796624089288
-0.149672423520059 -0.0742902095413903 -0.134285672786883 -0.0146946127993798
-0.144987116812078 0.00293750121501926 -0.0415288746375217 0.0576067820095435
-0.138107028334435 0.077213328110936 0.0766335342321545 0.00676729307429147
-0.12779808841566 0.0990389950955017 0.164342750228321 -0.0865049508407144
-0.139181854870767 0.0771642213952907 0.216240801729647 -0.151116357080218
-0.145004645530017 -0.0134549459089332 0.288585042322008 -0.114100405790846
-0.0914425873749145 -0.0743701326135877 0.330913016089069 -0.0215136348586056
-0.0376194372318365 -0.129104997814928 0.315371294757215 0.148365410717883
0.0903519574082907 -0.067317316609654 0.189741799546254 0.280723084547283
0.116658227636033 0.0895646475053268 0.0140819887785729 0.34099637999966
0.0578998863140002 0.196798987687538 -0.0817104283506521 0.442243972944434
0.141986727298895 0.346875864670567 0.0963789985410555 0.164359181765294
0.31439393439039 0.152260349414856 0.131984801636751 0.0895691471353275
0.245001615829654 -0.166647781221837 0.108638705738156 -0.0702078345430581
-0.0618151962569142 -0.282228443180781 -0.0769723673048948 -0.184356758965779
-0.191877943588211 -0.12806109286362 -0.222984233828351 -0.0211900249528808
-0.206627909534831 -0.0203497306312483 -0.11262459906138 0.0844398725970771
-0.200635318862971 0.0940508233648631 0.0165580531587969 0.0458044312704477
-0.176501055859391 0.134715263050864 0.101619311936348 -0.0423500087721909
-0.187325544058821 0.108667970919376 0.149016490554632 -0.124045387937871
-0.199112751220429 -0.0135894308769679 0.244644106258619 -0.118550393433644
-0.139692165042141 -0.101055421564654 0.326107231987196 -0.042494868421956
-0.0709014877862489 -0.201158430705199 0.320744154912045 0.15148791647086
0.146025754348512 -0.140294238150391 0.17233209811133 0.277053169828895
0.227091469113 0.118309017221734 -0.0145145167104311 0.262235150334199
0.131369169775701 0.324890942986379 -0.0658624119645356 0.328270885714222
0.138404004844408 0.388616930463203 0.104280113262907 0.0490088206144636
0.3193474407586 0.17972155024856 0.181981768580635 0.000847187525156224
0.263222464246591 -0.15211707198192 0.105186717875796 -0.189767094899338
-0.0343036294429138 -0.293496142058046 -0.154901757940035 -0.247429859185847
-0.186700931197648 -0.164947973431885 -0.301681192992693 -0.0223081121190976
-0.229989247202805 -0.0515241286310756 -0.186064874309271 0.102313474628704
-0.233726463511894 0.0905320263119299 -0.0586836570078811 0.0821370023595524
-0.200060543754447 0.150021262288887 0.0238686055531244 0.0118879769242927
-0.209180208522717 0.132549837324999 0.0771470735417914 -0.0836502066600305
-0.233220277600919 0.00319625090321744 0.198343517498811 -0.107376829263795
-0.188579755524773 -0.10325567171779 0.310495126481119 -0.0357502711384944
-0.119715691089356 -0.262117277385442 0.2879708551498 0.174678964799768
0.19109083653546 -0.220316303683998 0.110022734449766 0.249120752050003
0.327230678583544 0.125735766237397 -0.053764155112236 0.148729657761498
0.194597345686036 0.406025477914569 -0.0631780078972564 0.180460225937697
0.121837865217724 0.376735333309208 0.12741548944933 -0.0987868182308776
0.279334606371421 0.18894193876325 0.188777369642532 -0.135290947916043
0.248210116990639 -0.106895827551024 0.0445448737167282 -0.275819580260174
0.00489446794107619 -0.261894343299446 -0.220809410771918 -0.262230960657962
-0.149139567211651 -0.181395929724497 -0.345372835560743 -0.0259643915336349
-0.215976852720202 -0.0772435488508526 -0.248959255126788 0.103323063332281
-0.2295806016299 0.072199671279752 -0.139700058121733 0.112374498409091
-0.19298972016131 0.143554798644781 -0.0564164770763004 0.0684073154836221
-0.204865632329235 0.139274764815506 0.0115743813513672 -0.034502676916153
-0.243084614401181 0.0209371102849006 0.149622435214323 -0.0741139193738728
-0.221198755208533 -0.102193031352996 0.265929427317427 -0.000159752521597521
-0.142402787858914 -0.310972529043732 0.200750317234624 0.189499778945299
0.23573882408678 -0.269369670505512 0.0282532681560032 0.173793351590316
0.386743125194602 0.137059581546701 -0.067434390564296 0.0219472329401219
0.225258243195821 0.428782644810135 -0.0711807977413962 0.0282250779723298
0.103115949715562 0.311473428232312 0.145846638732913 -0.255353707959981
0.216315453586139 0.169253545593508 0.146116305658603 -0.26600000645106
0.208918374537633 -0.0612953263676334 -0.0299106835786023 -0.309076534052457
0.0326167507583775 -0.205317997358002 -0.253001389658765 -0.245961368783867
-0.0988690841062062 -0.16700196954701 -0.35689032624229 -0.0368072307795286
-0.170987023717037 -0.0846768463643626 -0.297505541678828 0.0918501540372368
-0.190120371742231 0.0468327218064628 -0.21276980979843 0.135072822887584
-0.159292825065604 0.116098778871922 -0.125295215047562 0.116083321002785
-0.176315240911669 0.123012504034844 -0.0451209725069016 0.0152641251079894
-0.22522541439088 0.0229071593985704 0.0917507670198051 -0.0291729793769069
-0.212324758788971 -0.108641773422614 0.185197295910522 0.0371216115507753
-0.106681078279465 -0.319070827631611 0.0924280150364172 0.160121462010132
0.262912267697029 -0.238712876046621 -0.0160370597320028 0.0585835941713354
0.367579350510903 0.153981469770305 -0.0376918364130557 -0.0700861366601459
0.205685750939132 0.379195631000331 -0.0845259118603327 -0.10418211302874
0.0815855249163135 0.204948614202581 0.148999518982709 -0.391741610524719
0.142565098146766 0.11725230473666 0.0795926224790775 -0.355589015315265
0.143875593767728 -0.0303602441765985 -0.0897303310904016 -0.30973694297711
0.0353163567088235 -0.128440601261397 -0.263678839935081 -0.222187731674439
-0.0462396105213345 -0.117295095363701 -0.352686148208754 -0.0463647898422724
-0.102338211378632 -0.0692757543144557 -0.32819404389465 0.0819425714252959
-0.123150924278148 0.0199176992174212 -0.26436391975705 0.150157695436634
-0.102771899228258 0.0715057086587978 -0.174727167155463 0.14769087722265
-0.122835662526508 0.0817059217600375 -0.0885841047971256 0.0541707153509336
-0.165706435792008 0.00817084081757153 0.031478051889073 0.00667612269363591
-0.148690626807728 -0.102258559494734 0.0958098463726273 0.0474940686828863
-0.0354797334651827 -0.246523235008182 0.0160156238364395 0.0938797836791716
0.224413678874578 -0.138749648197592 -0.00455165105018872 -0.0365240889723436
0.257456947054959 0.142562277823938 0.00507294960363135 -0.0996632964046055
0.141704503018054 0.253553256162567 -0.0989199905242467 -0.19619166932819
-0.0286566323073145 -0.0737466006291488 0.145917742764864 0.242133808133227
-0.0885424949725959 -0.040732787110879 0.048059153481839 0.0759740796336461
-0.0913369597962323 0.0353825241664228 -0.0252690482547129 0.06514746065829
-0.0200285522601113 0.092931362741082 -0.00775642971041483 -0.0179139039084514
0.0490852475741114 0.0520871768743656 -0.0572161063665116 -0.0175578366736359
0.052229988969691 0.00212976952827823 0.0146027565776008 0.0253401195299526
0.0329268879704458 -0.0133115750410448 0.122477828361697 -0.0379431194026322
0.0173540839682895 -0.00870414377748517 0.213132863541325 -0.128028106822788
0.0199082651958144 0.00820670186213433 0.281642146838576 -0.167123205988796
0.0184084214431023 0.0412853790873299 0.337210396578731 -0.0966353729388325
0.00220051440229741 0.060680409263775 0.335604998123936 0.0251918605494706
-0.0499551444433982 0.0578111655913449 0.278015432854151 0.181976012557773
-0.0851196902715096 0.00529656032780731 0.134851537783141 0.300794033164947
-0.0755351887627805 -0.0635569568630808 -0.0249267170003169 0.392389795484436
-0.0457163516756548 -0.123877223482409 -0.144786125591469 0.501367684154276
0.05442376405499 0.101605136776303 0.134993523062299 0.271004914669831
0.0940424434730418 0.0388678916636824 0.0655684122648177 0.0927424765062839
0.0521574575983874 -0.0579834325478504 -0.000111432862346362 0.0616334693750705
-0.0515311452142928 -0.0702654766856719 -0.00824840224185617 -0.030346721180455
-0.0625795486638129 -0.0096431550813698 -0.0707006761583291 -0.00914207593681806
-0.0530102072662787 0.010729348325168 0.00750063234316583 0.0352890317055538
-0.0550460868794402 0.0400995991151309 0.116202305325314 -0.0250008861307236
-0.0593395168582607 0.0500352500425857 0.205671934082727 -0.117810340189448
-0.0669366749202283 0.0442622866262981 0.266649778277759 -0.166143424002912
-0.0716148880702255 0.00813749357857006 0.326715694042987 -0.103321497824019
-0.0448192832384339 -0.0185932805005447 0.336203263220068 0.00949310303148012
-0.0333555086564754 -0.0408991950610306 0.295555236581559 0.166470674487777
0.0115995069741508 -0.019785158887886 0.166781106678829 0.290636153100224
0.0144847921512214 0.0271529310228667 0.00560452920870462 0.38192391222509
-0.00601929858971589 0.0407884358434524 -0.11407960533032 0.501233148130517
0.112709157565109 0.249286357665264 0.110269840784189 0.243218015996013
0.238835568640629 0.109222151703069 0.0895289806378626 0.112727528163866
0.175603041378367 -0.129329172567938 0.0630649094613503 0.022690839315303
-0.0645916127086118 -0.207974797845339 -0.024510403606315 -0.0972766062256655
-0.150406316531108 -0.0764414798834368 -0.132752832744397 -0.0135058710127641
-0.147712773823818 0.00232383809650294 -0.0390691331942406 0.0589879569907343
-0.13962121824157 0.0786859349315722 0.0811916147762768 0.00629358453234885
-0.128638573249491 0.100739381057904 0.168366388230366 -0.0889724359591124
-0.140820413924652 0.0800814045462847 0.21875491954472 -0.151870035818831
-0.14907654076498 -0.0126347996254267 0.293292147792268 -0.113241502922357
-0.09341696143872 -0.0784449018280321 0.333389828431243 -0.0175358156983462
-0.0375336990630296 -0.131327456934326 0.315840751087484 0.153143039868054
0.0927763733478691 -0.0667998950392112 0.184159526387213 0.284642662109704
0.118359793679654 0.091993873538474 0.00851435127731397 0.338921659270389
0.0551758631292795 0.19839555983941 -0.0857077899069105 0.43766858484843
0.137294945017527 0.347080665790714 0.0953586902984714 0.169295860387944
0.314017288663522 0.15522615232827 0.138294479732798 0.095234959589159
0.245798335997413 -0.163928436944 0.118290371884048 -0.0693285850492976
-0.0594216690059725 -0.283637391678467 -0.0737588275385624 -0.186372475329406
-0.193532570188632 -0.131890041324877 -0.220885613002265 -0.0206422510296693
-0.211250326407511 -0.0214259156397473 -0.111190150189875 0.0851068042922434
-0.20348143116275 0.0954859281768744 0.0203944117988116 0.045749647731697
-0.177946008168004 0.136343552896439 0.104970769441529 -0.043579135908815
-0.189868242164414 0.111644695289269 0.150746727341746 -0.123379977938752
-0.2052661629046 -0.0131577088788213 0.247639018847695 -0.118569745743716
-0.143015504298629 -0.106383369589245 0.32765634262716 -0.0393373311653271
-0.0711789456887744 -0.204390363669545 0.321559742461504 0.156649039249409
0.149264979878983 -0.139217295354725 0.167210355633855 0.279092762114842
0.228151997666011 0.121743512366767 -0.0187701908458103 0.260099724316378
0.126390611945541 0.326482896211124 -0.0689216115203404 0.324744587013732
0.132563669533164 0.38855530976583 0.104554487691842 0.0544547847040521
0.319446167500232 0.183748244778354 0.187584781363092 0.00775576273510488
0.265017797127528 -0.149405996126807 0.114176328946209 -0.188250026464617
-0.0311322424749698 -0.295728809891184 -0.151367348799793 -0.24976403459813
-0.189189599044673 -0.169523873827366 -0.297556031749055 -0.0226092129915717
-0.235574481464082 -0.0537878473336216 -0.185883818984454 0.102568948315578
-0.237290166836272 0.0920537888339653 -0.0564053211811194 0.0826908631900108
-0.201569436484309 0.151799133149964 0.0266698566610003 0.0119755140435132
-0.212140745292733 0.134908069625854 0.0779524702977756 -0.0816533165184512
-0.238906557898186 0.00346874935665136 0.200200244481427 -0.107184552915043
-0.19070091375121 -0.109196291879258 0.311192074135264 -0.0340229115276328
-0.11843471360652 -0.265359974652654 0.288493276651095 0.17865900470256
0.194032470394836 -0.21886520378515 0.105077639206556 0.251093199123943
0.328397934896056 0.130877335289253 -0.0582891158927139 0.146783668659885
0.190893343053916 0.407782028283857 -0.065297217519549 0.177124540354177
0.117237276839753 0.376266953142037 0.128509810946989 -0.0938102892668073
0.280433149057437 0.19283001927823 0.194912794536522 -0.128609673043416
0.250909966897775 -0.105042853151218 0.053764884803911 -0.274787366569398
0.00808977598436172 -0.264484106139152 -0.217756558746478 -0.264696687383796
-0.151898102601213 -0.186432019802442 -0.341295417847173 -0.0263239308653638
-0.222456766087024 -0.078882216400038 -0.249826185469563 0.103884578648395
-0.233496790134901 0.0742650754142023 -0.139942505798954 0.113875087999176
-0.195170286027296 0.143534716381618 -0.0546801345369894 0.0702114675875557
-0.206674250808388 0.140719649087381 0.0104305339080611 -0.0319461358118306
-0.249186747026908 0.020893694184882 0.149710798383185 -0.0741661361884695
-0.222267075730255 -0.107911364365105 0.266169598923627 0.000731665630664111
-0.141810563238828 -0.313040247146062 0.203226449470576 0.192903260566649
0.237266002398916 -0.266003113260535 0.0232179536641091 0.175344168004309
0.38799343684405 0.140618145475379 -0.0721934733005584 0.0201474035096468
0.220561085796776 0.428517542815772 -0.0729280532862434 0.0249852273633663
0.0989046393852842 0.312051622301825 0.147960085108835 -0.250353192015796
0.217791256040992 0.172555136622536 0.152771602242562 -0.259843819055798
0.211224455614237 -0.0600498340447722 -0.0213110174800615 -0.309351008542916
0.0343995450686288 -0.207709421197004 -0.249286031441919 -0.249053183866856
-0.101821346039577 -0.171612131364421 -0.353607342643823 -0.0378263363939088
-0.176198563330017 -0.0852455929179012 -0.300258145601401 0.0926038939514492
-0.193759204597879 0.0481949659614606 -0.214616799563216 0.137719311295719
-0.16066107627382 0.115924965435223 -0.125322896500068 0.118783176457782
-0.177640711849357 0.123988550472449 -0.04731510589806 0.0172986052024804
-0.228749068302316 0.0225301445683586 0.0905137807748984 -0.0299880683276474
-0.212618659344051 -0.113280231445831 0.184947364286479 0.0363687767959099
-0.106886442496749 -0.320446467286855 0.0948535113772781 0.163430642875477
0.264269609452108 -0.237699798294885 -0.0212164763004598 0.060746862965294
0.369979593668203 0.154394863518039 -0.0444968583648503 -0.0718354728862834
0.201981035373944 0.378861844997137 -0.0862344393122395 -0.107062323662227
0.0781628543049523 0.204770777381325 0.151508671248528 -0.387837908670069
0.143254209274968 0.119213504033005 0.0857563169048508 -0.350004372218718
0.145451055466623 -0.0297745739165349 -0.081335071962613 -0.309613420606211
0.037155348942069 -0.129984665214663 -0.260497873220169 -0.225084659502099
-0.0484226359784528 -0.120735597792978 -0.35244419555396 -0.0480569558301622
-0.105768738187126 -0.0695332100771853 -0.333074674439178 0.0822545226788784
-0.124956843347862 0.0202593130434973 -0.267117118927806 0.153364778810738
-0.103362915412926 0.0710316829110279 -0.175323629678355 0.151303454435608
-0.123438061497689 0.0823687617090925 -0.0916285029740754 0.0560860280268137
-0.167561911075911 0.00826273392780792 0.0291187736538678 0.00478037994483569
-0.148627086363694 -0.104877155151115 0.0958034560339512 0.0454397818270488
-0.0360274775237503 -0.247314805743288 0.0184371720566198 0.0971451905891464
0.22388047527063 -0.138370976894078 -0.0103271352557756 -0.0342980230408855
0.258893421009622 0.142139307382213 -0.00228568513554508 -0.101893110989769
0.138308913278822 0.252576175697326 -0.100706169540557 -0.199474010124735
-0.0329392258110898 -0.0741254411918852 0.153035053177835 0.250387245706903
-0.0921286580542181 -0.0398006933593265 0.0593338411938475 0.0802174792493119
-0.091005687611579 0.0383342702739279 -0.0169825244450509 0.065384394459288
-0.0173894989685519 0.0957858886284356 -0.00773079596307931 -0.0202679954160735
0.0513811333786014 0.0522145093754785 -0.0609914851771415 -0.015032337625053
0.0543481783281279 0.00162568442653845 0.0186043113762236 0.0275214358665967
0.035429021218626 -0.0133152896160417 0.128320854701724 -0.0421853188604935
0.0187322092829861 -0.00825596313711057 0.216872930082483 -0.138625079970939
0.0207802196565875 0.00952549996518452 0.286025580612303 -0.178329013815823
0.0200389726103141 0.0431358303432345 0.344864915797776 -0.105579686043268
0.00378562999684636 0.0619828869552105 0.345080285543153 0.0231699805655057
-0.050563228356286 0.0609212124304588 0.285965249017997 0.183190666643545
-0.0872385459103147 0.007187365357478 0.138435169296258 0.307189096488809
-0.0776755044886663 -0.0657586207993279 -0.0215973841580916 0.398511902148204
-0.0486926230641364 -0.12527881662708 -0.141267120779592 0.507131969645924
0.0537974062922282 0.103522326043023 0.142024520118443 0.278897201694529
0.0956518584626342 0.0384788408043843 0.0774542283078627 0.0966846103161187
0.0522394472948764 -0.0585252401672519 0.0096833910625141 0.0615521679420493
-0.0532904561417819 -0.0701481144590232 -0.00728050768450688 -0.0331673201771636
-0.0644925500481062 -0.00936552870585648 -0.0724658016770793 -0.00663316913232661
-0.0542688414442708 0.0117958002360142 0.0120740485481768 0.0370901812798584
-0.0550167198819616 0.0428281053138729 0.123210515813724 -0.0290532757470769
-0.0589833707512873 0.053839071372353 0.209863957152572 -0.128209486056227
-0.0685004636282704 0.0494935003299473 0.270897821864827 -0.176474931138238
-0.0745275068119407 0.01145657423764 0.334883365913996 -0.112203202656606
-0.0479503027422077 -0.0199950908369071 0.345996017762202 0.00626832003105204
-0.0357150162541488 -0.0421443858367457 0.30496770395307 0.167583478117373
0.0126800470200154 -0.0197669040596857 0.171101705809748 0.296683483896072
0.01641043305245 0.0272182489765209 0.00871860169836204 0.389340765325346
-0.00659353484742831 0.0430441151520486 -0.109622453593633 0.507947731193819
0.115240866673456 0.252121096232941 0.116312350009482 0.250846943409394
0.244442652827302 0.10795941071285 0.101602177127722 0.116659029598612
0.176478086794357 -0.133272073691169 0.0734484163316622 0.0212775309001868
-0.0679996778882976 -0.210333683316813 -0.0247995406709774 -0.100205309597005
-0.155622203970549 -0.0772182005205476 -0.133654200787581 -0.0104578585190679
-0.153055222787097 0.00533820925562453 -0.0361215633825405 0.0623796286129136
-0.1419759896248 0.084927695440516 0.0875159956900489 0.00451888925194223
-0.129969495360345 0.107480621773633 0.172927482210877 -0.0974957461380152
-0.144635596317799 0.0875517785338125 0.222813848940304 -0.160372982506111
-0.157093932649716 -0.00817039269338813 0.300045394364205 -0.121758606045017
-0.100319776076852 -0.0819909684145806 0.341765699159471 -0.0209538716931508
-0.0415821755193478 -0.135824895613348 0.325734632437961 0.153617061851319
0.096616413965038 -0.0691927996424129 0.188268671580708 0.289494192068339
0.124546617996223 0.0942256390591613 0.0120645417430715 0.343716983902153
0.0566047985814288 0.203090961047146 -0.0812082528658019 0.444515778438773
0.140873726802885 0.350543246682388 0.100381172642728 0.176133523815056
0.322575052859582 0.155084918734651 0.150517407564078 0.099074687215452
0.247730381924293 -0.169529472338073 0.128046515243685 -0.0741396447419514
-0.0638171024047133 -0.288791636664669 -0.076328368244025 -0.190378313987765
-0.201220174952775 -0.133193169515339 -0.222153958429526 -0.0164593624130971
-0.219869614431091 -0.0180098817787613 -0.109444282986651 0.0899976534124348
-0.209135541926474 0.103954926329544 0.0255717846811219 0.0459317965703125
-0.17997638087228 0.144948395032701 0.108554572870234 -0.0486340909177525
-0.193852831990357 0.120752889157977 0.152640248741297 -0.128703558740391
-0.215351712474561 -0.0084124016667877 0.253312507159438 -0.125629954922459
-0.150761156683077 -0.110329465790956 0.335023632506976 -0.0433838899613085
-0.0762328858771816 -0.210579303754166 0.332920123441323 0.156877586363215
0.153458492408118 -0.143207148264613 0.171601120739703 0.284153913242418
0.237126702153483 0.123405066285283 -0.0183505459944655 0.264710078724013
0.131829424741689 0.33236679115895 -0.0661326778006298 0.328111917434137
0.136091674673364 0.393529518120358 0.108057242638534 0.0582426838724152
0.330154374986663 0.18458138508777 0.198450895293496 0.00995230535905901
0.269210505789121 -0.153998033245277 0.122211250514238 -0.194453261727478
-0.0348376778909273 -0.303151509271595 -0.155808597780261 -0.254102808994021
-0.198751178289996 -0.173744382031772 -0.300204222805258 -0.0173519045957058
-0.247219139027697 -0.0505935333610857 -0.186191297390767 0.109347864104943
-0.243757280269428 0.101006335475965 -0.0541863241099727 0.0862724819157585
-0.204265948010983 0.160873160495106 0.0294256931406698 0.0109901563616679
-0.215599698640097 0.144312168219826 0.0785477901008476 -0.0836000144617831
-0.25059817539513 0.00840941416681457 0.203500774214961 -0.113587560411712
-0.199502091334798 -0.11315429356693 0.317365279887268 -0.0389648128496399
-0.125928502502672 -0.271745903450508 0.29951304472997 0.179003251710672
0.19661813877633 -0.225113579194599 0.108327569616564 0.255337316343853
0.339077787083737 0.130082052317841 -0.0612689735123065 0.149216914769672
0.197291604602853 0.414105626058729 -0.065015321246206 0.177885383763908
0.120843132901586 0.382072985383306 0.130136515525639 -0.0932664805255017
0.291096347021909 0.1957809746172 0.203790143922279 -0.129143368619106
0.256564686165719 -0.109451022717462 0.0597131957210383 -0.281213364167068
0.00539614919310339 -0.272304830946899 -0.222750520519902 -0.267568789167532
-0.162078458323889 -0.191613380999337 -0.344902832468626 -0.021238680629511
-0.234857200034267 -0.076180765029798 -0.253924309970236 0.11090884280228
-0.240972178532512 0.0821784375377082 -0.139999374828671 0.120471081396852
-0.198536978611499 0.152841246800313 -0.052729817427618 0.0735028337380312
-0.210553881373287 0.150521938129821 0.00952654778392958 -0.031375955799406
-0.258430423577894 0.0264688167185257 0.151766769817493 -0.0792880324824361
-0.231291736470454 -0.110910938241327 0.27177049872428 -0.00452872715072533
-0.150007924449148 -0.319172187840413 0.2131505304367 0.195457494564551
0.239108027587749 -0.274720313238909 0.0235727537750711 0.179302848298461
0.399028811330525 0.137557550375339 -0.0784853950588124 0.0202927945715888
0.229471241912928 0.434478469841633 -0.074916485120196 0.0231728131212316
0.10108385561739 0.317528527845068 0.147835522628722 -0.254191542431817
0.226892102729252 0.174992424728613 0.15752045840875 -0.262486212482656
0.216615169818946 -0.0641490554253419 -0.0182224155342495 -0.315140501098006
0.0329838689374608 -0.215602956645582 -0.256030501104028 -0.251391080297422
-0.110644556906657 -0.177325324289908 -0.35904476603845 -0.0333519696990205
-0.187453839611896 -0.0838915636875757 -0.306516285695352 0.100480200812055
-0.200202869412501 0.0552846380460637 -0.217443082645434 0.146971541507935
-0.163498121958131 0.122630608369028 -0.12408426036813 0.126213042846766
-0.180255491404584 0.131106931007062 -0.0495207733492103 0.020707894413534
-0.236791548402517 0.0271213514169866 0.0905734769981146 -0.0331228167998296
-0.220889290364307 -0.115337482201127 0.189751729953717 0.0327570521919954
-0.1158348523678 -0.326047203381457 0.103065547271473 0.167346293562769
0.265379502390308 -0.245415185661703 -0.0252081368958342 0.0640943480238649
0.38075321651202 0.15145295875228 -0.0530771573558817 -0.0740774358958414
0.209486960527084 0.382187064281983 -0.0919123889394458 -0.11060910427734
0.080275088003966 0.207906819996146 0.15006017607826 -0.393960605357026
0.150184491948754 0.120321505462485 0.0870708178054194 -0.354408711741877
0.149698968745885 -0.0326320449685424 -0.0812737692752847 -0.315249355371417
0.0363200371636328 -0.135401524605246 -0.267659802334131 -0.228803799039673
-0.054548963306857 -0.12574351856714 -0.35962248633474 -0.0440477568938358
-0.11334819899721 -0.0688051919111235 -0.341726014814322 0.0919948999869726
-0.129743185256532 0.0242650790195209 -0.272329657001648 0.164642348143658
-0.104798903080747 0.0746393116103229 -0.176559974812979 0.160756872307983
-0.124297133353022 0.0867440086159367 -0.0949099640985616 0.0616165146392799
-0.172474551169594 0.0118683887460035 0.0274928993485021 0.00356586303487903
-0.154401537734206 -0.106937998522937 0.0989135581068253 0.0428684360820183
-0.0421440940172636 -0.252136682293549 0.0235530370564181 0.10153265193505
0.225170552322761 -0.145295448215516 -0.0164069186377385 -0.0327421530910006
0.267807171925082 0.139964016249824 -0.0120968846938412 -0.105361337772725
0.143512703612547 0.254007709272779 -0.108191951960472 -0.204313700894799
-0.0388079113718788 -0.0721243472041754 0.167365381390464 0.25413881469952
-0.0971950644733497 -0.035953551299009 0.0729828508416148 0.0811872831103675
-0.0899859762858678 0.0440407254640399 -0.00593913837486269 0.0650382582461724
-0.0120612506752828 0.0986837671752769 -0.00762195639009785 -0.0219501527839269
0.054919754559888 0.0503761603154422 -0.0642255721710918 -0.0090009911665694
0.0565855572305779 -0.000845281416132181 0.023513603183371 0.0291097097434937
0.037328047018517 -0.0156776362127218 0.132832381881371 -0.0508405878974994
0.0203262719032888 -0.00846543732384466 0.21480322479595 -0.155603908683453
0.0223617366705533 0.010583456644553 0.283725139961877 -0.198693929675586
0.0233517627588763 0.0443717301920083 0.349478311307781 -0.124377360263434
0.00653146633163031 0.0627408616716412 0.355330743444097 0.0100448714267661
-0.0486737575875847 0.0659344835520097 0.30004497179519 0.175166236802743
-0.087914661595898 0.0124766459359917 0.151957950567929 0.309589912216762
-0.0822707913531883 -0.0661972472236091 -0.007547658926593 0.403694956104661
-0.0542190680758721 -0.125035175068129 -0.122869095590192 0.517745741715078
0.0563042215730944 0.104431677948591 0.157609468340933 0.282437054694203
0.0982836220284127 0.0349747998258691 0.0927195533737193 0.0975143684425504
0.0501518274001193 -0.0609606669607678 0.0211686797149091 0.0596636146928584
-0.0558418086117007 -0.0683884955783353 -0.00813033018261957 -0.0354927533756972
-0.0657333567123342 -0.00681549975602689 -0.0742226658620554 -0.00127829304746932
-0.0559396903641742 0.0147641552566697 0.0172823134225093 0.0387982800701135
-0.0531406573348957 0.047817319611517 0.128178172772065 -0.037556595130805
-0.0573463656513425 0.0594324088024118 0.209532097759331 -0.14437704165551
-0.0676653043291653 0.0565979045638954 0.268915626406368 -0.196470427322823
-0.077107878129333 0.0164001795323213 0.339826962819222 -0.131693420485686
-0.0518846418035131 -0.019644807514659 0.355737438639259 -0.00584632235669545
-0.0380624986097727 -0.0417220426631522 0.318689748140925 0.158860644735853
0.0139938656316582 -0.0202121278275507 0.1842155442609 0.297120446302725
0.0192842665580213 0.0264460467329492 0.023894989259346 0.392914627356433
-0.00594524443891435 0.0458865092950014 -0.0905975016572328 0.51631128701204
0.125057497817372 0.252752660327218 0.12970524355624 0.255517383467196
0.252807295888811 0.0995316402848425 0.117830998042477 0.117286883811317
0.173350695850102 -0.140938295131601 0.0845084829562628 0.0156712355539645
-0.0779561788420452 -0.211232676161097 -0.0278217340514827 -0.103427092331285
-0.163292872988093 -0.0722635484276248 -0.136035502491647 -0.00358397408433156
-0.158235238067422 0.0134728174538898 -0.0303026593141069 0.0661952924100276
-0.140987200625688 0.0947388283334952 0.0940997213325493 -0.00217603101329399
-0.127170325536922 0.117644573748736 0.173794709176621 -0.111082965427622
-0.143739693278166 0.0999569058439436 0.219869135031651 -0.175436465328235
-0.163859289563998 0.000915711993040198 0.30344015404257 -0.139392149899212
-0.109360580049955 -0.0812260240646138 0.349139419513842 -0.0341042015030289
-0.0491898799265074 -0.138575854256578 0.34036266228987 0.143768099140262
0.098100966127795 -0.0747069573955405 0.201738099853767 0.288340118320631
0.13399005984666 0.0919232861867105 0.0246059485951964 0.347450460033062
0.0647348901456424 0.206803210756947 -0.0641893621950218 0.450417651955104
0.154518741854383 0.350916996555026 0.110383992977504 0.180053681446061
0.33405037931647 0.145132557623698 0.165125772816052 0.0970247818572124
0.244830708490502 -0.18046293890815 0.135439758167527 -0.0824970604752773
-0.0773304348349997 -0.292285233408577 -0.0849528043710098 -0.191627082555001
-0.212820460899685 -0.128725099732763 -0.223754678858196 -0.00587781587889694
-0.22896352447559 -0.00815610269294151 -0.104455286257131 0.0980839901709518
-0.210048091670843 0.118609866941596 0.0317410406423049 0.0446345893273092
-0.176539911666455 0.158256339260902 0.110254871271083 -0.0566565647705665
-0.19351198659053 0.136339206239402 0.151242958042298 -0.13823077267435
-0.224887599287632 0.00403698349017682 0.25420811515609 -0.142334285822742
-0.162478531519371 -0.109501451525178 0.34089826803477 -0.0574119574200146
-0.0880946959933917 -0.213719803760709 0.347438441900753 0.146584062732151
0.153197670256441 -0.153013370749622 0.183157538809049 0.282626932751272
0.249539474621853 0.117953751528957 -0.010824249303561 0.267856562728207
0.146285031992384 0.334071421896895 -0.0525149625065134 0.333161554426676
0.151715752281101 0.395723238316512 0.11328412820072 0.0588533322682065
0.344907032824396 0.176086421572283 0.210108681582244 0.00482890894067286
0.268273131557507 -0.166493120181707 0.124166171999528 -0.204953110046673
-0.0483092666869656 -0.308478993678239 -0.167086950381367 -0.252239043710164
-0.2133219666707 -0.170190669010699 -0.302078677596529 -0.00414485626972581
-0.259808874193763 -0.0386993669214891 -0.183583147705866 0.120818685615161
-0.246419738914893 0.118283260543695 -0.0484191738972432 0.0902952649212918
-0.201638194364708 0.175656724454561 0.0327250161736053 0.00933167397755729
-0.215070672305457 0.160167076481684 0.0766803309601714 -0.0881781779738123
-0.259856358344384 0.0231991755408828 0.202990619496601 -0.126157647150818
-0.212155141457413 -0.110317131475485 0.32229922338664 -0.0535268891949411
-0.141390447170686 -0.273121501795857 0.315978060132311 0.170203695889127
0.192850837565428 -0.236562658463406 0.118546631906201 0.255610251260127
0.352352329610764 0.119752729832654 -0.0594056331926733 0.152321511354278
0.216402543554906 0.414675913575663 -0.0601088955567195 0.180966837076751
0.135212508175437 0.384086144118391 0.128683127916346 -0.0959454158723694
0.305553243964143 0.188838581593049 0.208012330796628 -0.136628633105293
0.257928969470174 -0.121011498249691 0.0557613819189144 -0.290833955907197
-0.00529550641946703 -0.280977064978655 -0.236359116427292 -0.263658228285835
-0.178605384066163 -0.190861696414263 -0.348536493919985 -0.0074922225624311
-0.248971646965197 -0.0654269488588479 -0.253203218857917 0.126171653562269
-0.245164947547164 0.0985672205467127 -0.135936615562406 0.130556055463145
-0.195947653719583 0.166942283325412 -0.0482963508841357 0.0780916080893756
-0.209274386800556 0.165472469438103 0.0085479688513015 -0.029980151972308
-0.267250976248714 0.0403910039541779 0.150047515879973 -0.0889830840299638
-0.243421788805345 -0.10636026606898 0.276314198591339 -0.0178969418505461
-0.168313536179504 -0.318621483848536 0.228624811401253 0.190008713695056
0.232555430525981 -0.289191607692282 0.0285927972951433 0.182417145340378
0.41384549292591 0.124626152462236 -0.0838737973546327 0.0228930515276439
0.251573283802814 0.433480198104287 -0.0772954491387097 0.0246406217827904
0.112780530093455 0.318136616505754 0.140216586665072 -0.260869368926501
0.24017810910553 0.170415303068624 0.155011492984337 -0.269991945074287
0.219611132743602 -0.0739622147089776 -0.024898703587719 -0.320232870980837
0.023858979847885 -0.224194675272083 -0.26891162253869 -0.246850987373173
-0.125956050926772 -0.178002623047805 -0.364860588057589 -0.0196202678395449
-0.200220102840593 -0.0751906938634525 -0.30851421355644 0.117510629369725
-0.204070356658825 0.067856898626548 -0.214611775987404 0.162084772595163
-0.162421925589779 0.134517242505932 -0.120420538646517 0.136231384621893
-0.177616116940121 0.143853473958031 -0.0509359204873348 0.0256681008564722
-0.242693388609418 0.0392904950576002 0.0879989239249612 -0.0388053063829948
-0.231643750087474 -0.110345099313422 0.195201123002353 0.023087418332794
-0.134067964221511 -0.32670269024208 0.116282718677578 0.166424247884199
0.25787567529933 -0.260647002683299 -0.0259556380577058 0.0682750858009344
0.395725094287685 0.138307136473614 -0.0633656304987752 -0.0740975928111504
0.227579407992074 0.37905785486701 -0.0997081445314917 -0.11044798563348
0.0869686365239257 0.20863301993775 0.135575696651601 -0.404517509126959
0.159493670875053 0.117338238948557 0.0780434948722703 -0.360766801856081
0.151997062964145 -0.0398978538555056 -0.0902495960839559 -0.319174435444425
0.0310864271670367 -0.141430705530509 -0.280463007308035 -0.222659296191567
-0.0649909202560369 -0.127354148624761 -0.36682789545114 -0.0304091031296413
-0.122159434645266 -0.0641224834398998 -0.346052436175178 0.110709517516452
-0.132685360848858 0.0328951745749603 -0.270546106686076 0.184679477726772
-0.104360893428549 0.0812708591323258 -0.171347764256927 0.174814927517526
-0.12303011276524 0.0945800922353662 -0.095531074681901 0.0697521882689721
-0.176588183741772 0.0208295569922888 0.0256171467487694 0.00201347322746376
-0.162956909987737 -0.10322926503231 0.103442405676182 0.0369366308932906
-0.0569192533269739 -0.254390467192443 0.0324397900920197 0.10341497744613
0.221642219830549 -0.158115529980396 -0.0222931205619777 -0.0299871205546427
0.279468227642137 0.127665887821484 -0.0249852053346359 -0.107390503116343
0.155377852609347 0.25153490837922 -0.122097444862244 -0.205775886091605
-0.00411196529499842 -0.085278614637958 0.0372782180634744 0.309703717655331
-0.0743826047075823 -0.0750804230578311 0.0397020831552606 0.113109586224837
-0.0999564949586687 0.000815149999168929 -0.0223389309365666 0.0581565502157074
-0.0522560193979059 0.0835112787169969 0.00716285715634186 -0.0244998089063059
0.027215027441042 0.0710116863123231 -0.0538594210312391 -0.0357392470495787
0.0524116906967752 0.0242008953273748 0.0106440145936036 0.0373786403151162
0.0431348060154127 0.000897785923601455 0.144870823552083 0.0124678874516497
0.0239844478141627 0.00142275819244228 0.260060204611433 -0.0507680785602275
0.0161641664221093 0.0190213658239089 0.339919109545543 -0.0597409357420646
0.00442714750897345 0.0485394584996202 0.365681243366381 0.0364339700636677
-0.0193978843586084 0.0593092855174359 0.313072509248002 0.165492356664403
-0.0668890185542206 0.03906505732752 0.18656085698297 0.290247384526249
-0.0835071310961883 -0.023756141988135 -0.0073690265368849 0.344717560056974
-0.0450080978098571 -0.0915229639933741 -0.189493360125307 0.357192154697498
0.00555249105803922 -0.134436655061856 -0.352138420426093 0.401230150309936
0.00399155044103492 0.115090691742724 0.0198983214536425 0.330599156872492
0.0716457298126071 0.0736975750728151 0.0463484264144935 0.131104521423757
0.0725475009023503 -0.0318702095196054 -0.0011151594137903 0.0643487597177987
-0.0205689744649954 -0.0845220535980875 0.00840255031805896 -0.0353250238748626
-0.0560670233535841 -0.0346063590636188 -0.068087739685575 -0.028772406721293
-0.0570251860299602 -0.0111159028283227 0.0014533266744721 0.0461591363074188
-0.0676446331835504 0.0201336781368173 0.136194711206646 0.0232759342467276
-0.0776123055629994 0.0296766281347302 0.250311466964476 -0.0428758778535358
-0.0848717903758167 0.022459811887551 0.32518839603311 -0.0640504674182703
-0.0771749383547249 -0.0186526983315752 0.359768417731014 0.0253468366834913
-0.0374538200379907 -0.0423933899967104 0.32187980840004 0.148111448415734
-0.010710040401302 -0.0534878864438317 0.213520060059629 0.281810712428941
0.0250925223713669 -0.00845421241831246 0.0287145346055616 0.349986232673803
0.00677869995615887 0.0380058362166784 -0.159556044089038 0.36236002158501
-0.0242214195609494 0.0400818271590175 -0.325934635220367 0.413800675609333
-0.000503680085734494 0.279469160313237 0.010643402611778 0.290760408660508
0.184526719299224 0.198694178582758 0.0577192366106429 0.155291729506643
0.217095946179562 -0.0507741132412907 0.0702896771265008 0.0496185492037336
0.0209711272979143 -0.219890369860061 0.0166902819826988 -0.104377146970347
-0.114148990197377 -0.135885033825648 -0.124504651582965 -0.0526414031986427
-0.14989489333048 -0.057087561524955 -0.0537294426002591 0.0524676179551611
-0.169407781374629 0.0254797261570229 0.0902619747737101 0.0410561065840646
-0.167443992087184 0.0528963432364113 0.203355536841336 -0.0256999328879059
-0.174085318969719 0.0292843397472984 0.272786487238237 -0.0657146681020348
-0.151878186657592 -0.0695031588772838 0.331353217001349 0.00309470955683766
-0.0648254326538075 -0.124376281715825 0.328631434603287 0.11824939041104
0.0204964438835495 -0.146990690172359 0.242552023382509 0.275462605059934
0.126174886180583 -0.0190309206276847 0.0507612791768332 0.349622686886758
0.0815670320431979 0.147082411461828 -0.141834176262331 0.32371799426019
-0.0320448290991412 0.215866066801653 -0.273054659976187 0.367192184171654
-0.0193306221680593 0.381799633375577 0.0291430438350946 0.212115070449159
0.237808768872945 0.275945510575846 0.106714958137909 0.155198099631646
0.298247775005033 -0.0535564946836402 0.157048090045395 -0.0158196089187334
0.056452209171161 -0.291128854462308 0.000994556472409228 -0.209565097706125
-0.134356825911147 -0.208404166402298 -0.204317962001817 -0.0925319518756433
-0.206628773962618 -0.106425832590704 -0.135068152904039 0.0509712067380435
-0.243645911658738 0.0182569091685059 0.0134270321860901 0.05599907505021
-0.231775895345792 0.0693529402701051 0.1250620966569 -0.00294676747088385
-0.234814813808621 0.0425816686019502 0.194619135818482 -0.0617321047517857
-0.209731232931603 -0.0928128283397272 0.287534963584453 -0.0212634114963249
-0.101756417247642 -0.175075847222804 0.331186449283043 0.0913420518252283
0.0183542276391023 -0.230541164290153 0.248955890112296 0.278619360346751
0.21082654418823 -0.0635397863235329 0.0406781970126813 0.336865572884118
0.173976282087151 0.220507645226416 -0.137842616879818 0.238563561741567
-0.0149854487962244 0.365404013276558 -0.210706474423294 0.266999872499792
-0.0428135848517426 0.420805175162043 0.0848199283028086 0.104677519287989
0.233249278952261 0.310361643442539 0.187115890233708 0.0918269985228232
0.313673972948535 -0.0281100707880954 0.200796439236731 -0.131241582452255
0.0896002986061333 -0.293164185502963 -0.0476549482078548 -0.300783377560951
-0.116707815517796 -0.245262194120717 -0.276003763727348 -0.125513928674448
-0.221307822325582 -0.147520750977548 -0.216149816434993 0.0363425561156357
-0.27838145982937 0.00266709768064629 -0.0799882070206025 0.0631994642636346
-0.262687345083136 0.0736540846574371 0.0265349063171908 0.0239973664752886
-0.265208654425366 0.0549941795754225 0.105641872636404 -0.0466409130839101
-0.249186237318655 -0.0900785072281596 0.233479456140553 -0.0307055360792658
-0.14651222657709 -0.196342527645104 0.311448331979259 0.0834640550048215
-0.00336545050357625 -0.305348995469302 0.211458623494876 0.283004018553927
0.281371442182017 -0.121218748884168 -0.00365137445144154 0.283321778559375
0.264431037300639 0.265219431805083 -0.132484209762689 0.114627752298911
0.0144088438284644 0.466246126951262 -0.145489604041767 0.128083499124056
-0.055571876182514 0.404825641561096 0.168598533273159 -0.0283910419008998
0.190451807900193 0.307406750195464 0.247666797591916 -0.0365374205076454
0.285158910802259 0.00949697742344371 0.177743811847904 -0.238885079158278
0.116437401480785 -0.250362711951673 -0.103014539473727 -0.342389864017753
-0.0763543181708261 -0.24874073268963 -0.317226290136645 -0.1512477284652
-0.200052222008894 -0.166468735353119 -0.282624318505798 0.00928654664335029
-0.268833908950481 -0.0128506504668287 -0.176766974306296 0.0611332437704467
-0.254620712924405 0.0677357964863517 -0.0746811089309122 0.0520872484468307
-0.261770133977011 0.0623061379514311 0.0194495024442073 -0.0228740014302695
-0.261871029064034 -0.0773278076385917 0.168855539851736 -0.0194908011991444
-0.175059073880709 -0.206196967878374 0.254330236448885 0.0941262596699871
-0.00984214091742355 -0.355553322304959 0.127280636342667 0.261544670111419
0.337016667093368 -0.151764704463425 -0.0497272062460558 0.178678201277218
0.317520094462559 0.291336397935725 -0.0974830973346278 -0.0125111825679283
0.036393093459471 0.495868878490453 -0.0884023815734862 -0.0187599500638299
-0.047152620384378 0.338404747651643 0.250408995857206 -0.172349608579192
0.139199704334658 0.264019831681692 0.259531746634077 -0.179641009610486
0.230425651835455 0.0351275686369607 0.120629412021882 -0.30138603264644
0.118037347935458 -0.185799614419879 -0.138167966776945 -0.342226393235245
-0.0354957350332156 -0.213925030473028 -0.326724776326337 -0.171660652786295
-0.151273515951247 -0.15376332702805 -0.332231733942081 -0.0257548630413954
-0.219412322275939 -0.02299313716515 -0.263517412992775 0.055133215531309
-0.208404079850027 0.052783514379541 -0.164484093944607 0.0739232871366162
-0.224066955518436 0.0547723450792625 -0.0575554355328364 0.00273891033390639
-0.239246768002256 -0.0676355529985185 0.0932043855334959 -0.00120514117541732
-0.162564263446501 -0.202819618093301 0.164862977272167 0.0956291496623676
0.0217982160385323 -0.345384517501128 0.0369285974598134 0.191638435125698
0.34671829291117 -0.11889455449686 -0.048553961601028 0.0524943464268907
0.293640943539274 0.293029540076767 -0.0370777022202021 -0.0917186693986231
0.0393512831774366 0.440147900328979 -0.0447490831567042 -0.150417171613464
-0.0219760889349374 0.228915606689623 0.305835933496183 -0.304614527528609
0.0904760551010546 0.181031180379245 0.229696148606226 -0.292315936319304
0.153900229568889 0.0351802950602869 0.0622854743141854 -0.32818158484397
0.089862716129224 -0.109546997154511 -0.157074290621842 -0.325930582439035
-0.00202648042914806 -0.139838711797122 -0.322348628255117 -0.184701654455039
-0.0848597938224114 -0.107396990553663 -0.363567112396946 -0.0495828583106043
-0.139015128538309 -0.0241230347679012 -0.325301965676389 0.0502323500113308
-0.13218071371022 0.0294707337330393 -0.227762902543286 0.0867776908325775
-0.150982832375033 0.0347624879159694 -0.117712345896449 0.0228251532956891
-0.169670096929588 -0.056727597832801 0.018666034351469 0.00849318577509678
-0.104467453643467 -0.164764919038652 0.0777539867252791 0.0699482406788912
0.0578041841099955 -0.24962762571441 -0.010370157130153 0.102354340955367
0.267711504315739 -0.0437987466220249 -0.00554193606905584 -0.0341854238597108
0.196278507891068 0.232646444378058 0.0136074244116073 -0.107823569914046
0.0291551337110613 0.292100854444819 -0.0179983623406964 -0.245378096722874
-0.00967805675608142 -0.0812149609146798 0.0529614986824423 0.306493739537544
-0.0771672414429146 -0.0684256485752455 0.0536084573041078 0.113327992407152
-0.0963189193436423 0.00588414424320502 -0.0105535914857402 0.0578386532361264
-0.0458641956768647 0.0853723072852069 0.0084397416434885 -0.0267008165552644
0.0308485210591368 0.068101986605789 -0.0569880525759173 -0.0293379578504227
0.0537749566474964 0.0195629976455854 0.0149124954513474 0.0380519888826631
0.0437274684625885 -0.00143507058637547 0.147226444751714 0.00328873975952778
0.0250683923367068 0.00129030711288981 0.252598006492155 -0.0663867279290243
0.0177274031249147 0.0188174612212262 0.331232609719212 -0.0792409576952001
0.0073032497356737 0.0493132923466661 0.362531880518146 0.0152779206310348
-0.0162853419314629 0.0587505236738802 0.316687377083643 0.147694522811359
-0.0626948899850436 0.0427668047866597 0.197004888266086 0.274598323730523
-0.0825227806308402 -0.0184965941352096 0.00724848268830671 0.338539669438211
-0.0476426533556664 -0.0896967760388151 -0.167919370573151 0.354032275879019
-0.000678828322085611 -0.130810502867189 -0.322693235653195 0.40593343958012
0.00733154659472167 0.114159860926913 0.0369846945520246 0.32625027836139
0.0727706047043359 0.0686530483449771 0.0603955227665136 0.129255169952723
0.0685451631602933 -0.0335868076743594 0.0115021593614892 0.0622674577783451
-0.0242275795680576 -0.080233455191269 0.00930134807130384 -0.0374637102708126
-0.0557651783911822 -0.0310708423544859 -0.0693242507115995 -0.0219461956728013
-0.0563314064164427 -0.00730793684172078 0.00643269196422452 0.0473984422604995
-0.0646709925370092 0.0239524327615472 0.138681887755219 0.0144777665160115
-0.072791784212122 0.0349336608106203 0.244283820946908 -0.0578318550828471
-0.0827415740443542 0.0296629905945571 0.315665775131244 -0.0822414085481193
-0.0787078896869181 -0.0125229120101656 0.356315477874918 0.00460515404105044
-0.0408635392876663 -0.0403150649502599 0.32481467329543 0.130879236983
-0.014672104371068 -0.0530688077762324 0.223842347549845 0.265733744030594
0.0256743091480512 -0.00864495482298191 0.0426784300260373 0.341345659685418
0.0103470413681792 0.0368409747472105 -0.138097936916499 0.358186788912795
-0.0224045575786068 0.0415445380880695 -0.296363655900991 0.41815037388013
0.0104327561207358 0.273885705410117 0.0261854148050577 0.287983866185147
0.188584372121867 0.185847401336752 0.0715970505380551 0.151660331010533
0.208874255777493 -0.0585359075597029 0.0804665635101721 0.0459071447323935
0.00928949587211352 -0.215104468619653 0.0124872401970285 -0.104695764908793
-0.118913891451065 -0.12739755433146 -0.123524184603386 -0.0439609120132941
-0.150848741852659 -0.0478547776876964 -0.0471785316776904 0.0562801328224085
-0.164880504284636 0.0358455957073454 0.0947058863173562 0.0351586934454704
-0.161209148076202 0.0637375984183948 0.199229704587807 -0.039161237433651
-0.169779890749013 0.0418125754311985 0.26415504482962 -0.0806034875017096
-0.155642194348174 -0.0581608279889409 0.326945164677632 -0.0170078342997999
-0.0729581289760994 -0.12157063042041 0.330786637004798 0.100716741625187
0.0114803038622596 -0.145802811552062 0.251461421839469 0.257809347634952
0.126110349053086 -0.0240912219413406 0.064998127454114 0.339537655228933
0.0895177413696001 0.141431970662184 -0.123078160237269 0.320259632040634
-0.0218638172894606 0.212803880929962 -0.248397382519853 0.368400797046987
-0.00242613300861584 0.372961379587257 0.0394159230987721 0.210481625370982
0.245847155492276 0.259524479578766 0.118258857732053 0.150769611179035
0.288308621664249 -0.063996901125642 0.160815726275757 -0.0240033112085401
0.040521429180984 -0.287104315585836 -0.00719344558313869 -0.205793715729636
-0.142758750895054 -0.197591960448305 -0.202057979680389 -0.0783149864769019
-0.210421147118847 -0.0929304308347138 -0.126392905129885 0.058217828219124
-0.239101139932725 0.0337633899383307 0.0202150799382787 0.0542268471645384
-0.224009793234173 0.0821921501642698 0.124039285344449 -0.0114158874056624
-0.228721580711051 0.0567069460746825 0.187151722699873 -0.0702925579515287
-0.214574341015363 -0.0779148664696068 0.281193768050758 -0.0364141027741344
-0.112194140825213 -0.169099504572652 0.329861831636635 0.0728176716052781
0.00499369512798999 -0.228166644200256 0.259550096743437 0.26017791874877
0.205548129994811 -0.0719097109759008 0.0543937092665059 0.326641465211329
0.183445580174264 0.209680395648373 -0.124860847199442 0.236596728435856
0.00220711695645042 0.35889691247427 -0.191873916003734 0.268840684316901
-0.0254199022820997 0.413307795432577 0.0881028497093014 0.102685523853569
0.243134199261977 0.293758537879776 0.193200006428781 0.0842950916727602
0.305047572095313 -0.0403726115971716 0.196811124344058 -0.138333682674507
0.0735381996216981 -0.292233861031914 -0.0589793438761758 -0.291770936833014
-0.129133936490453 -0.237108441201464 -0.273414141469272 -0.10823622613558
-0.228915992763118 -0.132653324901636 -0.208984492352662 0.0484200150048906
-0.275091869271622 0.0211392858467222 -0.072081686760594 0.0657213007697887
-0.254737002451481 0.0895340231507247 0.0290523569795918 0.0215716340707791
-0.258696296879431 0.0719855528243396 0.101057014356373 -0.0507369307011031
-0.253353064101971 -0.0745715390572375 0.227637032766923 -0.042793062721427
-0.155549600816651 -0.188851677051559 0.30918378769388 0.0665962837757294
-0.0194292994616629 -0.299425390293778 0.223228082317066 0.265944905617389
0.270847434969193 -0.131658503043032 0.00804967188843915 0.275142151293979
0.273361993578115 0.248092520460134 -0.126845405271381 0.115199723154539
0.0346315114782892 0.455152217582835 -0.135826660903862 0.130388935569967
-0.0380901229579644 0.399060677669333 0.162642301152917 -0.0321186778558197
0.202817930392964 0.293958802078757 0.245917359266393 -0.0436356138408526
0.280264006124701 -0.00193915243480468 0.169164722595758 -0.241994895642445
0.101954657910259 -0.251978463437723 -0.115745773306114 -0.330352624974732
-0.0908201236587148 -0.2421291552323 -0.314605840095476 -0.131520456816918
-0.210024952368938 -0.151338791090174 -0.276485392484985 0.0247777460439529
-0.267222312374347 0.00483519720492717 -0.169201134704914 0.0701139335633342
-0.245798313401341 0.0819845973008412 -0.0695450822205982 0.0558923610121202
-0.253751991415455 0.0776438847227001 0.0169496664541262 -0.0219384974844081
-0.264444751919367 -0.0609722677062837 0.164024581471012 -0.0292969735003846
-0.183707681172886 -0.195618378824721 0.254947073673396 0.07751152743733
-0.0288546856159111 -0.347067643864508 0.140699650052393 0.249741468702372
0.322578076533463 -0.163465427144099 -0.0418612533291147 0.175604256741331
0.325591994567882 0.269405949756993 -0.100285213723845 -0.0101494193662996
0.0580401808577153 0.482425226156505 -0.0875551397679155 -0.0157244118449122
-0.0332261930844796 0.333213822813505 0.235049952352271 -0.177483946759278
0.151830013730639 0.253632540367235 0.248463743857528 -0.183410407398653
0.228756151606681 0.0242567391207623 0.109330182399744 -0.300365652403524
0.106770239364972 -0.190372424586014 -0.150098724389439 -0.328236329624821
-0.0494200121593284 -0.209924201254148 -0.325587781862325 -0.152554379584412
-0.160988668731581 -0.140997643369771 -0.327295220522871 -0.00544751041959197
-0.219073133838538 -0.00844482854988625 -0.255065022495137 0.070431315029136
-0.201723673708315 0.0644659534297817 -0.155729791495153 0.082991211562242
-0.216554619418296 0.0675400532391635 -0.0578343356131373 0.00696050323138746
-0.23950571488935 -0.0531464186372986 0.0895363942200994 -0.00711805273715774
-0.171060204070755 -0.191617169432907 0.167370041141393 0.082571443790479
0.00275246971487144 -0.338180474629339 0.0501121174280154 0.185969507801836
0.331615395852624 -0.132615028677675 -0.0485454330588842 0.0531229559173821
0.303253738148134 0.270481986148092 -0.0453499888422835 -0.0901398632539015
0.0591126279868965 0.426558236278816 -0.0523436721358652 -0.147241643745756
-0.013055247879266 0.224428748690038 0.282313137575542 -0.30954966305917
0.0982376579155012 0.173644953453769 0.213199582942132 -0.292576881110345
0.154097363541609 0.0277216400463198 0.0495080887821517 -0.323408662233014
0.0819070405010499 -0.112927290869692 -0.168335037653712 -0.311949222823572
-0.0123035790252381 -0.138974595165286 -0.323303238420676 -0.166015356134279
-0.0913212527116051 -0.10049385065499 -0.360641392042437 -0.0280416427638399
-0.13889656999182 -0.0140518292951265 -0.315932924785106 0.0696689224553797
-0.128375267999073 0.036310340920777 -0.217588999020368 0.0996501716072938
-0.146761672763301 0.0424035270299063 -0.116000237689755 0.031049638139877
-0.170948293541582 -0.0462839974468346 0.016779933340407 0.00679524871698305
-0.111585480026068 -0.156479431390947 0.0802852084336138 0.0621558683246671
0.0410861002676777 -0.246713150650871 -0.00154070091663681 0.10238005595035
0.258887622789342 -0.0572195133393317 -0.0126803325588199 -0.0331513972766374
0.205330962336757 0.215495832672777 0.000743209707316244 -0.108692175516124
0.0419716942738599 0.282451899991055 -0.0317166834525719 -0.241112335834834
-0.0136153881104957 -0.0761335415844265 0.0622292749317573 0.299324117874362
-0.0783996329567661 -0.062693740667652 0.0637473203271929 0.111335672980366
-0.0925886616126506 0.00986854476464072 0.000329321459225508 0.0545836360778197
-0.0406201454796392 0.0847308815283551 0.00874042526487633 -0.0289415144877769
0.032710494158998 0.0651214352701583 -0.0577978566339228 -0.0236041790336869
0.0534432696796009 0.0172665280023609 0.0196867823441194 0.0378980494576451
0.0434312148648782 -0.00344710342823394 0.146392280509739 -0.00384753883532079
0.02552774932595 0.000462879129071747 0.244502718835433 -0.0762346325406468
0.0192635214465656 0.0194356032364444 0.319919722673007 -0.0919340633670071
0.00989211274773583 0.048958314607578 0.355013553288762 -0.000212454953930467
-0.012875971264412 0.0585990096605179 0.315038261020063 0.133054287700745
-0.0595478140138763 0.0453026564609482 0.20088946163961 0.260111312708625
-0.0802939858331276 -0.0150711725631909 0.0166227469068512 0.328432972900481
-0.0496006536488983 -0.087580047400822 -0.152284416310805 0.346702194490227
-0.0049317156516184 -0.126468605328895 -0.298580296891329 0.399521875435737
0.00970533082989589 0.111547874172068 0.0482320003183291 0.318444954082557
0.0722010672342157 0.0651502153584431 0.0710801999552864 0.126136306678183
0.0659527497740443 -0.0339351272356624 0.0218540925492313 0.0588279553372465
-0.0261258095718817 -0.0762127373706497 0.00996155039561241 -0.0394123058628539
-0.0557853117444114 -0.0281704383747345 -0.068765079333782 -0.0169963988149345
-0.0555886396736072 -0.00542136675504583 0.010692261836879 0.0471845551533917
-0.0614696347902958 0.0271226408551134 0.139150652647246 0.0072446816562315
-0.0685074528409913 0.0386147571361879 0.236518410174624 -0.0680438384130027
-0.0792957398110624 0.0336870532372532 0.304851548653017 -0.093264553087573
-0.0782732212738817 -0.00764201402653791 0.34859230836955 -0.0101008116008583
-0.0421706986909866 -0.0386451046184231 0.322223935185326 0.115523159018757
-0.0159477094106693 -0.0512970934769179 0.227572301738573 0.250328963252884
0.0267057228957967 -0.00925797476977394 0.0512394699238706 0.330116255591831
0.0129421055332955 0.0347922495762535 -0.122994756269501 0.348899850235382
-0.0217672344056195 0.041666789095577 -0.27378452993448 0.411703811478043
0.017379134140715 0.265758969484449 0.0366293301204612 0.282631127841635
0.189602146503022 0.174208910395121 0.0817107188325018 0.147436161611018
0.20109767287209 -0.0617263243877036 0.0879553089039463 0.0407441000631291
0.000583859751744232 -0.207810944401883 0.0107276358646546 -0.104001806538497
-0.119975673654039 -0.11977520459246 -0.120409323221519 -0.0361961971231096
-0.150157284070345 -0.0410822712525566 -0.0409342284436522 0.0579369381875324
-0.159914649873494 0.0436239166330839 0.0967487083950948 0.0290525671586298
-0.153412470904631 0.0701795390548952 0.194536638405497 -0.047872260056275
-0.163275733116284 0.051058828315404 0.254251828341841 -0.089397756775392
-0.156234789254989 -0.0489027082885495 0.318992016654423 -0.0293594514050739
-0.0777118389805853 -0.117439394372813 0.327153744150745 0.0868393867033594
0.00511981266425206 -0.144115432658353 0.255675877029985 0.241927426295424
0.124803974419445 -0.0280658200795561 0.0715347084482539 0.326776106471208
0.0944101876631381 0.135231893690057 -0.109262491405555 0.31138862201693
-0.0151087731563056 0.208377358361085 -0.227488911984271 0.362578441044534
0.00709336383566875 0.363213221604038 0.0461526098596086 0.206881796087564
0.247429851887709 0.244219992035638 0.127037515965443 0.144807138287222
0.277951074836217 -0.0692602302613465 0.163403210752306 -0.0295689583202893
0.0292339655350376 -0.27973174430703 -0.0121606310073478 -0.200929176743831
-0.147550273642111 -0.188084329491892 -0.196474436154472 -0.0679123936796889
-0.211233330667197 -0.0821198296110033 -0.118443316951482 0.0625399360853029
-0.232760897344958 0.0444268898680154 0.0238938107169067 0.050277251130804
-0.2141863846445 0.0908411333258803 0.121641795829959 -0.0175911694587429
-0.221520284344588 0.0678620447640679 0.180037406653607 -0.0755987348044242
-0.215831793345671 -0.0665482103736117 0.273487154256929 -0.0465069130674656
-0.118651683561553 -0.163681077053616 0.324940999622258 0.0595823585843751
-0.00477119776018782 -0.224282917515578 0.262613024699282 0.243112622378634
0.201417094619855 -0.0767194125232435 0.0610102734473053 0.312861466338634
0.187390115465666 0.198835150507223 -0.115451921601466 0.229792312418038
0.0127798358853639 0.34818413472659 -0.175861922757539 0.264107959478441
-0.013095404120591 0.402452879801605 0.0894095273410138 0.100021016481335
0.24598203974397 0.278676987284221 0.196019997661797 0.0780943691201113
0.296198076202093 -0.0461381895750315 0.193986033210197 -0.142196195224186
0.0619464078473843 -0.286579735429206 -0.065453138377716 -0.282695805546959
-0.136179663633464 -0.227101234669288 -0.266540956731302 -0.0947430738056771
-0.231394045714206 -0.119339422846386 -0.199476040787638 0.0558187524183953
-0.268851181575383 0.0338003213144195 -0.0660581059699488 0.0655548049617601
-0.243993112135239 0.099117545369765 0.0308565501501379 0.0189008832923761
-0.249613862974966 0.0830784683225858 0.096119510317264 -0.0517001336930435
-0.253417449640442 -0.0617536407217628 0.220360010970192 -0.0507378338175865
-0.16097106031811 -0.181104844721611 0.305111726050343 0.0533330160476494
-0.0305315220200248 -0.291289772114376 0.228368269483508 0.249906757002637
0.261867298829953 -0.135858427588263 0.0145864870191753 0.26500416525834
0.275663669064395 0.233293273333653 -0.121317503715487 0.113121040628943
0.0469297105049487 0.439698979883403 -0.126764382526196 0.128919088180931
-0.0261258636200642 0.388322049982875 0.156235663896788 -0.0326169820786222
0.208493209344198 0.280411803665654 0.242416249186687 -0.0471279200777361
0.274374065626696 -0.00981914565998883 0.162484337089109 -0.241235667663356
0.0900582518076316 -0.249819822206125 -0.121467338248629 -0.317430572138456
-0.100336812225557 -0.233950800983627 -0.307541944357876 -0.117279204131302
-0.21394944873019 -0.138339626831766 -0.267048892612005 0.0350663146853678
-0.262471907906753 0.0177516974293819 -0.161126377533565 0.074688169917086
-0.236445401523848 0.0913005923460348 -0.0640087689582873 0.0562780456719891
-0.244921493582651 0.0879974230134578 0.0151867959681781 -0.0206731662457673
-0.262625728427138 -0.0492198392167899 0.157958427323493 -0.0347663415765485
-0.187639867186892 -0.186053777885923 0.250937045276697 0.0658121493110024
-0.0413078566747659 -0.335591698466846 0.147933934767673 0.237944923213327
0.307893055023327 -0.170015436268646 -0.0372864429635755 0.170101554087758
0.326172927880951 0.250990671249143 -0.101685037889631 -0.00908555569210577
0.0714791908550214 0.465167763585326 -0.0856619862619156 -0.0148542736678763
-0.0239891812098684 0.32438270281414 0.221015424831337 -0.175878450942008
0.157231854648834 0.242527311358146 0.239241258361316 -0.182987114482747
0.225382317709403 0.0169789637774504 0.101244605154518 -0.295546426744995
0.0968119727803202 -0.19023856466772 -0.155123597195993 -0.314510896315236
-0.0589103661702024 -0.203933242613491 -0.318111503269949 -0.137133086689611
-0.166114307856595 -0.130219311815119 -0.319250295506736 0.00793850833183666
-0.215344840664025 0.00308226288883068 -0.245711822952186 0.0796096211220778
-0.194323022334625 0.0714434821439769 -0.147434714554719 0.0873813715186377
-0.208611580405906 0.0760136277080323 -0.0571268605878291 0.011376415279481
-0.237880593885183 -0.0424325629254345 0.0859407840642299 -0.0109919394891885
-0.174524877439765 -0.181831128752717 0.166392208356161 0.0721501345014271
-0.0116908050201897 -0.328834898945548 0.0585129890485812 0.179428733383809
0.317847874538791 -0.140107697931355 -0.0488494239950414 0.0520976040031283
0.304568384102643 0.250554827781832 -0.0531983321751689 -0.0878107953612636
0.0711132756100165 0.409374118148206 -0.0573466544431918 -0.141657045173337
-0.00745666240952277 0.218521150894322 0.262704507165593 -0.305891343835859
0.102906181082697 0.165930628320122 0.199928664588282 -0.287676718162744
0.152181965997494 0.0219062751548867 0.042856280628789 -0.315746793756054
0.0750052966270295 -0.113692891612302 -0.172615515711638 -0.298504579195518
-0.0198370537689507 -0.136362230865846 -0.319607243135531 -0.150463651970556
-0.0950261565803915 -0.0932021893341387 -0.353194748569229 -0.0123953261324167
-0.137181035031193 -0.0069861251947086 -0.305748114696529 0.0819560825347568
-0.12331133317377 0.0406671528525616 -0.207132776309235 0.106594907272942
-0.1409918785012 0.0481898625224337 -0.112678513782024 0.0358393663623304
-0.169107111570004 -0.0382168217530008 0.0153476485257107 0.00462222826553944
-0.115016379603856 -0.148443730650068 0.0813859801995334 0.0554161904584814
0.0294403685510054 -0.240517160850775 0.00495800896032489 0.100420850745691
0.248692678613961 -0.0649337054959585 -0.0182278292715084 -0.031263492229085
0.207881006578916 0.199841527499503 -0.0102633115775297 -0.107599690717798
0.0497921646631944 0.271966269904203 -0.0406489574997091 -0.23434986187681
-0.014371365760497 -0.0724903283676377 0.0687326162213585 0.29472545388854
-0.0784700078474329 -0.0581564581572436 0.0723105334077238 0.10907292959849
-0.0899889724636913 0.0123399587368764 0.00944800662347096 0.0511622746468172
-0.0367141121344591 0.0845613960495597 0.00899341558943446 -0.0323885690569141
0.0341916258423597 0.0634958135964889 -0.0583836436383952 -0.0189245736931262
0.0529242419255307 0.0154471283458508 0.0232352740306172 0.0376528552165358
0.0430978161200107 -0.00471742167792046 0.146778309243518 -0.01003319776381
0.026699725773299 -0.00047609137697047 0.237446060531211 -0.0838668689372846
0.0208988004623286 0.0195340101447778 0.310481602105241 -0.100694915553414
0.0121304096086937 0.048756474225744 0.349237343354094 -0.0103680450144504
-0.0105758098659192 0.0576784400731437 0.313732158998606 0.122702456423184
-0.057030898528126 0.0457387989862892 0.202638601319295 0.249913547611067
-0.0784676397323704 -0.0127177376255976 0.0214708856625122 0.320879737508374
-0.0507769412947942 -0.0869700775465855 -0.14225589161579 0.338164478880614
-0.00841493772992341 -0.123081520518811 -0.281654004233504 0.392929608519899
0.0116613950339008 0.109528369075942 0.056085242703788 0.314831721901976
0.0719291856082493 0.0616696714125286 0.0806806692765731 0.12354323147675
0.0632541722406394 -0.0339324878479563 0.0309229981258368 0.0543654403998298
-0.0270552585255666 -0.0723593832352379 0.01020256591043 -0.0422784620934156
-0.0548262377650311 -0.0259621830307718 -0.0674950528360767 -0.0124642981846395
-0.0542937015911944 -0.00413206354593106 0.0143748650644389 0.0468165836208687
-0.0585379240564834 0.0284168362315458 0.140007232384898 0.00140181419258015
-0.0650507975008516 0.0401353247727657 0.230560347045136 -0.0753203166979213
-0.0751616597907979 0.037893447721525 0.296124168399398 -0.101750227495218
-0.077299536883016 -0.00387954437440412 0.343601117080189 -0.0204750258344054
-0.0439335227467147 -0.0379238368726852 0.320810891952818 0.106573189905159
-0.0175610003594242 -0.0505367964055321 0.229448900396083 0.238956344640733
0.0283861921821114 -0.0102784410292798 0.0552344578868365 0.32030553976806
0.0143552529151623 0.0327877556040184 -0.113571461842887 0.340382084127889
-0.0211130487303068 0.0417475607536533 -0.256342797611162 0.40419410166201
0.0228472461110343 0.25981245754389 0.0436619362911887 0.278147592213745
0.189693004672996 0.166135544628204 0.0897623460220026 0.143721508475715
0.194194908306693 -0.0635951983669615 0.0943041159285727 0.0357520628962138
-0.003968510160107 -0.20182779816841 0.00934582435017861 -0.104650872246588
-0.120741502002662 -0.114393741097222 -0.117486773992783 -0.0311814349799627
-0.149558655756084 -0.0356311947016673 -0.0356692600834702 0.0587300084998319
-0.155054741846841 0.0489529007947625 0.0982064163251583 0.023533508778345
-0.147097917279188 0.0747032679668661 0.190548011018927 -0.0546076686382196
-0.158232795343634 0.057488627032493 0.247278360216997 -0.0947761958569325
-0.157222802985583 -0.0423253462132461 0.313204435284694 -0.0377615677106907
-0.0819685891026949 -0.114802070169527 0.324514856448368 0.0782938682095239
0.000714546598668304 -0.142668322754585 0.256185027120202 0.229606982969764
0.12427828015167 -0.0311282203012956 0.0755463499290649 0.317816025288469
0.0969612772714264 0.13074497634847 -0.101225903299831 0.30274741355808
-0.0115373479158158 0.204518007738822 -0.212452022528967 0.357063237030897
0.0141408730824572 0.355054428970321 0.0510138203351645 0.203964596444598
0.247719982961688 0.233291871675784 0.133521355231228 0.139814568255491
0.269132604373242 -0.0722657981808989 0.166083282683426 -0.0344064620725197
0.0221466603352787 -0.273454564750368 -0.0147119682262107 -0.19806950786691
-0.149636884187355 -0.181217415694503 -0.191297351559595 -0.0612278129752761
-0.211281393514077 -0.074694363508995 -0.112308565669987 0.0646661918779975
-0.227748305863679 0.0522359716596699 0.0269505713821381 0.0473723786545904
-0.206481789045264 0.0968224089198706 0.119780486076663 -0.022789662200275
-0.215392396090288 0.0758768627280219 0.174019904837296 -0.078124194677226
-0.216450458246204 -0.0580559899412371 0.267912117377492 -0.0533050574410611
-0.12334594348145 -0.15979339150841 0.321391980035815 0.0509695280971629
-0.0102565907624319 -0.221122003569512 0.26388572320502 0.230688198343763
0.198175601172846 -0.0795300228829444 0.0645334503373686 0.302830728003461
0.189893436088851 0.19202379979524 -0.109353196860364 0.224791659354324
0.0183029573267096 0.339960283783652 -0.165869063869254 0.258783380200282
-0.00546383143378771 0.393350851057074 0.090984150848575 0.0986005514428843
0.247047812000715 0.26893911585978 0.199398899118558 0.0735973299272908
0.289622974162583 -0.0491451269555757 0.192535888362608 -0.144240589168192
0.0541752184937122 -0.281930528390271 -0.0692273753652487 -0.275874189765407
-0.140889543280099 -0.220729523009846 -0.25949569826966 -0.0861846848446322
-0.232972598751104 -0.109319067301585 -0.192377511002495 0.0599593889289467
-0.264107947055256 0.0437647779970026 -0.061824697467129 0.0659928103546367
-0.235650940802573 0.105353497238673 0.032226128525802 0.0164279043227025
-0.242452688910271 0.0910703424215532 0.0928453825584992 -0.0520721540895264
-0.253605059647042 -0.0525014936450157 0.214703527681361 -0.0554972416644138
-0.165126168245922 -0.176347358334627 0.300202627171749 0.0437515616304774
-0.0373318155448834 -0.285545798795526 0.231136240577325 0.237585312650857
0.255389853045307 -0.138277491178942 0.0177315133767434 0.256488390338319
0.276842796579238 0.222693343955137 -0.119180947689377 0.110568307236938
0.0554964144126135 0.428857876310595 -0.120726398089492 0.125632691055944
-0.0201896578142256 0.380111411664335 0.153032689472683 -0.0315139897573786
0.212329862066392 0.270884165006028 0.240840834335627 -0.0492755822770639
0.270314377302086 -0.0139328484811541 0.158458489251296 -0.24104637070138
0.0823706427837353 -0.247678621640073 -0.124923316846706 -0.307978038806237
-0.107124799904578 -0.228287312648711 -0.299946015023917 -0.107400192890443
-0.216903118964259 -0.129129028847086 -0.260745902969725 0.0423887569720584
-0.257911417403924 0.0277185224147242 -0.1555390032312 0.0780943532373995
-0.229147975102178 0.0979187856817752 -0.0595012187919692 0.0566109197234095
-0.237290650900095 0.0948548152828426 0.014190595938389 -0.0189645697943383
-0.261787662887325 -0.0408006491053571 0.153963439528532 -0.0387677041057627
-0.190089304227399 -0.180053208126061 0.248006237548551 0.0564790278080547
-0.049416719605484 -0.327265778699465 0.153637948281498 0.227030723123121
0.298743343548705 -0.171505591052211 -0.0358968268035098 0.165426645006546
0.324793986664107 0.238326036465513 -0.102813899888941 -0.00806742116233073
0.078860915572002 0.451738058029791 -0.0841620901147387 -0.0138906217729589
-0.0184192616607728 0.317868692932126 0.212196559974369 -0.173122992802923
0.161346773920481 0.234961260082756 0.233457825663316 -0.181194255386391
0.222724866127085 0.0118914845085789 0.0971375716749168 -0.292471098583307
0.0901727246331301 -0.189410179226007 -0.157601174585745 -0.304602750696622
-0.0658015736574775 -0.20034471532271 -0.31283837395033 -0.12790448316406
-0.168752693939456 -0.122216175275219 -0.313183209863814 0.0169829662986597
-0.212249489608112 0.0117330253133198 -0.23930431372397 0.0866294697076036
-0.188389471192589 0.076257965691966 -0.141261764428366 0.0898427016285773
-0.201575509267035 0.082063518659871 -0.0564559157982183 0.0144435671435318
-0.236064819161989 -0.034999248655116 0.0833118255760214 -0.0137036860316692
-0.176448937036357 -0.175137219075077 0.165399383059776 0.064818220120447
-0.0221468562829975 -0.320186356489998 0.064967184158845 0.173545411710437
0.306257127257347 -0.143733317870006 -0.0502339656599015 0.0514979122476282
0.304152714829585 0.236598965564767 -0.0594086403938082 -0.0859997945299505
0.0779971448374384 0.397339046436501 -0.0598038793962878 -0.139486789307446
-0.00415512245117048 0.213834580927989 0.24978771806489 -0.300286199468013
0.105582823991178 0.160357389716603 0.192322247791886 -0.282389006215547
0.149936861122762 0.0180992481809015 0.0389298445139204 -0.30987248871608
0.070895583035268 -0.113303492805684 -0.174719030666014 -0.288199984435959
-0.0252191067748706 -0.134122524830943 -0.315544320306682 -0.140267001177461
-0.0974247011712172 -0.0884005158873829 -0.347294048020359 -0.00182138612010514
-0.135022361706166 -0.000946745438203745 -0.298110094960381 0.0913950551491887
-0.119730891928239 0.0433989707445741 -0.199366482099173 0.111549455966535
-0.136515524550501 0.0519233319029463 -0.110301218210043 0.040124166575762
-0.167730453568731 -0.0331848790594722 0.0140682970128615 0.00417950186706302
-0.117625882493808 -0.142669131022059 0.0818257681136654 0.0499690227242809
0.0210751073568318 -0.234554000854195 0.00983915387772294 0.0982293106636609
0.240226452693396 -0.0704097558957852 -0.0235510717055555 -0.0299489043243569
0.207978918045162 0.188594717838975 -0.0188276270291579 -0.1060789073065
0.0547558391685741 0.263023200175587 -0.046841793795298 -0.230003394967032
-0.0151220279583773 -0.0696175834758503 0.0753906095064413 0.29182533987132
-0.0792849835476475 -0.054509971426697 0.0819907760019574 0.107067246564093
-0.0878291714917462 0.0144151230355863 0.0172530946392393 0.0467976030887347
-0.0329672065588837 0.0839600043484213 0.00878416708723418 -0.0350288790155254
0.0354923997153843 0.0617767556174791 -0.0591520885861348 -0.0142617231304765
0.0529817458174176 0.0133659841221265 0.0261166511096818 0.0366353929341097
0.0439839752359735 -0.00643057011282954 0.147351826077037 -0.0163347364621682
0.0273851557599042 -0.00141105081267283 0.232858913808022 -0.0911654034848749
0.0225574460221573 0.0196172759332842 0.304827465392581 -0.11040204249619
0.0146870795148098 0.0492004569743919 0.345660628273763 -0.0216936259509436
-0.00889612126900554 0.0573265801868698 0.313620858741618 0.113907287679833
-0.0550457533187532 0.0468746290547168 0.206806189493472 0.240756179950399
-0.077551424636355 -0.0103962069191025 0.0268818376185965 0.316433776743215
-0.0527545621209199 -0.0863711331755033 -0.133892005547231 0.333984110063776
-0.0116661659581131 -0.120743451194242 -0.267695947102661 0.389884444096735
0.0142559133751127 0.108568818117814 0.064733997568774 0.310529598568606
0.0717285539185091 0.0591712922606721 0.0890836743354872 0.120410208000592
0.0612463494372376 -0.0335900455120517 0.0385820407177242 0.050083271763932
-0.0279030604035034 -0.0696839051051205 0.00932269986242092 -0.0448042190892673
-0.0542636938147325 -0.0245471290826176 -0.0676438910319898 -0.00906357895328388
-0.0543767145145954 -0.00292047069657014 0.0177783464809264 0.0462326295847806
-0.0563057707572304 0.0302065477544343 0.14078052595735 -0.00475188597173949
-0.0622594802029257 0.0416809586456736 0.226356026502777 -0.0830919938307471
-0.0722343462760624 0.0414771417164038 0.290303424795417 -0.109878794930791
-0.0771824144770687 0.000116518759494083 0.340717786361622 -0.0307708963250722
-0.0458113541172783 -0.0372830584595856 0.320531500986191 0.0984029713396421
-0.0188783356793205 -0.0503167054000294 0.232151017828982 0.229538950121107
0.0291536198532368 -0.0117686668443572 0.059234817811593 0.315361436330882
0.0157283812462057 0.031499514654681 -0.105710744042964 0.335230422026421
-0.0211777939585897 0.0420079535416325 -0.242157987386579 0.399790601993429
0.0266864539001687 0.255732273527859 0.0508320937122686 0.275161850156593
0.190064861001765 0.159071028115496 0.0992131062243846 0.139237576225515
0.189427871943891 -0.0656642580114502 0.100798848577725 0.0299859929922098
-0.00880599013272456 -0.197273991780002 0.00745731325910079 -0.106127004014417
-0.122551345062648 -0.110548833466143 -0.11583528936256 -0.0271628356306833
-0.149855061904331 -0.0319330294540529 -0.0322904469677721 0.0597024462882955
-0.151624602177463 0.0542706993544881 0.100124833331969 0.0189697382575781
-0.142522843643385 0.0782166289297849 0.18679446497507 -0.0607445979262416
-0.153727368777777 0.063427879533701 0.242775033413678 -0.100548974038718
-0.158373574968423 -0.0352298400050842 0.310913373123415 -0.0463565532032378
-0.0867579336530383 -0.112987290146352 0.323576364147426 0.0692194378372829
-0.0043498410390883 -0.141976828354283 0.258353916458586 0.220106306288354
0.125045936201643 -0.0348229066963558 0.0781190987651228 0.310982099781636
0.100562423342462 0.127709219102112 -0.0947397917182564 0.298590383876561
-0.00877531240404014 0.201760299444959 -0.201258363828027 0.352667781203915
0.0198376744853536 0.348567823670738 0.055725049641703 0.202247656870737
0.248487044424276 0.224233181698963 0.140210362546184 0.134848657257601
0.264208525417768 -0.0740303223786287 0.169871765825013 -0.0403041795552904
0.0159228392993906 -0.268759736879988 -0.0180691580363944 -0.196522162517036
-0.153576748166605 -0.176857721010597 -0.1887187140602 -0.0557729610156814
-0.212442746600965 -0.0681887453137937 -0.108260598173278 0.067668234253832
-0.223559772858927 0.0605942437536988 0.0300518766149375 0.0453988817736853
-0.200812648501214 0.102344988816752 0.118274150040665 -0.0269239424500614
-0.209889260472667 0.084035340595758 0.17072212284478 -0.0817003379191758
-0.218818188652929 -0.049179818982994 0.265137655515624 -0.0607619064726068
-0.129933164989582 -0.15664648947357 0.319113073152287 0.0432825213434443
-0.0172852181406686 -0.219529225954999 0.267391168835438 0.220646887844683
0.196825908302659 -0.0834927968543893 0.0673140245702088 0.295665152170228
0.194339931538789 0.186498687811929 -0.105237755691683 0.221658709743791
0.0239511901031865 0.334516653751047 -0.15530858907653 0.254932321092292
0.000353719269987397 0.387423974612804 0.0929536985617884 0.0980650462183346
0.250263986280074 0.260012834108242 0.203342735115647 0.0686629167701586
0.285635778426021 -0.0529902899573623 0.192427981427422 -0.148931521451771
0.0471744709492558 -0.279234056820659 -0.0733245193812038 -0.271559790553566
-0.146896330842407 -0.215707790727445 -0.255291490769183 -0.0798117211904476
-0.236097664808668 -0.101326363091443 -0.187242293814004 0.0650541717324253
-0.260080508330298 0.0528977200450663 -0.0582931735426903 0.0663596694798257
-0.229154908418753 0.111780034395618 0.0329457547901619 0.0143899256055193
-0.237011406275649 0.0993302758440993 0.0906994808582227 -0.0522987406141906
-0.255328549825093 -0.0436115851146276 0.211665769979474 -0.0610456855588895
-0.170694615906994 -0.173051816698484 0.298207272228706 0.0359457139249646
-0.0450365558436041 -0.282269174328486 0.235921019694465 0.22772394647679
0.251316255775433 -0.142331356951237 0.0202220761693822 0.251205088221046
0.278285627269995 0.2151285892684 -0.11717432627384 0.109371920312834
0.0635443022852423 0.419627095265948 -0.114825921291666 0.123629485322379
-0.0142594008798333 0.374615764366001 0.150698430278291 -0.0311408732991238
0.21589962233038 0.264349265828824 0.2410331686 -0.0526268058612063
0.267871971043836 -0.0182250832901021 0.156636716099945 -0.242230978260854
0.0757103126084399 -0.247376661089614 -0.12818543807259 -0.301696996458482
-0.115043613965434 -0.224555934205448 -0.295775248843061 -0.10041177154722
-0.220888765723389 -0.121012805387743 -0.255265244071909 0.0481382528817081
-0.254867696621222 0.0369610282539464 -0.15120446083178 0.0817288221827895
-0.223242705542256 0.104398583213395 -0.0565522755452172 0.0568228249801907
-0.231463283762476 0.102012568249059 0.013668970554003 -0.0170834278410792
-0.263235711018133 -0.0322305892262289 0.150910480837994 -0.04318085934649
-0.194600590568374 -0.174884471587692 0.246611088820684 0.0483110637984058
-0.0573001936395047 -0.322038793207863 0.159181936065581 0.21872894808907
0.291875940083602 -0.176357187870697 -0.0349147647687298 0.162393301119838
0.326008517740841 0.227542138759528 -0.104650796179658 -0.00713738936415462
0.0866967074462748 0.441601439476107 -0.0829426969988772 -0.014437535215837
-0.0132728588276648 0.313719811047095 0.205602147338079 -0.171608880894167
0.165818965017371 0.228669697106229 0.229857723161351 -0.182441026877644
0.222161970030934 0.00739972406148895 0.094229361430134 -0.291632847645999
0.084422734976915 -0.190501583845074 -0.160610558705744 -0.29746372860586
-0.0744219690639124 -0.19740610145058 -0.30992252936849 -0.119739382298765
-0.17288171215127 -0.115898204144255 -0.308811517233043 0.0257694185643378
-0.209888083838275 0.0196708482780565 -0.234163926096765 0.0936039145611152
-0.184110748480118 0.0806312890184767 -0.136329925512728 0.0927639135157081
-0.197402626091404 0.0878781169600038 -0.0555965762290783 0.0176590796112484
-0.236250842602588 -0.0277666117383998 0.0816017457559836 -0.0167462387003159
-0.179869663531685 -0.169563701325478 0.165664586162576 0.0571443153634415
-0.030588111247626 -0.314287051122558 0.0707792911640768 0.169133168923525
0.297611259212489 -0.148620315239151 -0.0522265505141374 0.0516216247693008
0.305577682814913 0.224554353235494 -0.0650848446401217 -0.0842496950511132
0.0854050901165224 0.388852403127359 -0.0625869960473003 -0.137291657910124
-0.00138669977344819 0.211541727027521 0.238352917219106 -0.296941136009471
0.108520081467376 0.155744953441244 0.186322898018048 -0.280136428178902
0.149655878556731 0.0138255345856039 0.0356894211120302 -0.307678083993987
0.0667487372366046 -0.114780060241113 -0.176956809178271 -0.28071923527443
-0.031484193353107 -0.133102075055777 -0.313482845299925 -0.132220721309059
-0.100225590662929 -0.0849461230204831 -0.343335770913892 0.00883597210881517
-0.133939964699572 0.00419491376483772 -0.292859272635472 0.10124067156568
-0.116941285456943 0.0462768340238832 -0.193608040808797 0.115844346567949
-0.132753612348047 0.0559972048904759 -0.107848070067391 0.0441285646545172
-0.167554063240801 -0.0278716582297926 0.0130909250481522 0.00270590746466349
-0.119819261876562 -0.138269110549294 0.0825652904258114 0.0446942438905195
0.012981964488989 -0.231653198880227 0.0151538059416545 0.0967261229662729
0.234743401488324 -0.0756941396212594 -0.028937102929153 -0.0283569927718317
0.209772323150195 0.178857480753489 -0.0273668724804585 -0.104614957518849
0.0595163749652321 0.256914414493181 -0.0521121422261696 -0.226187161753624
-0.00500508905971661 -0.0708654156758107 0.0233557233649302 0.300373559849601
-0.0690283489600806 -0.0646049953537697 0.071007159846325 0.117585689979883
-0.0868156987476632 -0.00083927021996054 0.0146068664108667 0.0436069962981162
-0.0441925386575932 0.0738548519480323 0.0133181242423544 -0.0359945781069802
0.0241985884132637 0.0652737251696005 -0.0575182258335948 -0.0228496622060128
0.0480869118016471 0.0214111280889254 0.0188406085619147 0.0423835360558663
0.0443245123263074 0.000236352150530343 0.149644702263482 0.00993928022745058
0.0270449046729839 0.00292932426756251 0.242864489333781 -0.0466608802369907
0.0183589315281861 0.024448486102238 0.315401127520819 -0.0513819544008982
0.00500600405325049 0.0504410754834616 0.338142149580144 0.0447892220522888
-0.0196800374114594 0.0530757500810875 0.282960937968426 0.171467814228414
-0.0594490764612657 0.0325310757441721 0.150983549300912 0.276266535420961
-0.0708491210898711 -0.0254173446205987 -0.0384305406052461 0.314638844501789
-0.0323059545184439 -0.0939533422145565 -0.197356678593283 0.299189591305658
0.013512880016185 -0.118948287887019 -0.347525357006891 0.327309610981818
-0.0111016629244639 0.103326218746682 0.008214582655735 0.318447599541433
0.0542805781310803 0.0678870095791293 0.0701466169539596 0.135847380356272
0.0629510622349945 -0.0196572623480142 0.0356807597622746 0.055952362133409
-0.0129691953958848 -0.0690583258099308 0.0191685779614771 -0.0444810889676414
-0.04627067330557 -0.0338417969108056 -0.0637606350733199 -0.0183226178579262
-0.0526167633624503 -0.013204925215302 0.0110466841625145 0.049238927937061
-0.0594081799196872 0.0188710484601339 0.141241247354907 0.0203593300822677
-0.0685766484469815 0.0296821498635235 0.234659552814007 -0.0396552723138119
-0.0773206333579882 0.0276355828852474 0.301549189098577 -0.0533676550576921
-0.0760293844848327 -0.0141311890604429 0.333318108447206 0.0341556072342753
-0.0384984177271758 -0.0461399870901981 0.292075140989105 0.155061264984741
-0.00623668979827611 -0.0541740668192261 0.180361260432407 0.266752559768118
0.0345974706821011 -0.00389327548807856 -0.00319075989397433 0.319283551430502
0.0111285282349935 0.0344450891620391 -0.169624171190514 0.30875793200554
-0.0302702896430321 0.037267422000609 -0.323401528213343 0.343641222721098
-0.0264605697856085 0.245169137196378 0.000552708438935528 0.282374720043293
0.149279024377887 0.182549663340691 0.0705251543472387 0.158723518000356
0.189610439953407 -0.0261740291344477 0.0988234886359873 0.0521513583385821
0.0275548618266749 -0.184461874436412 0.0312548949268291 -0.103188569157824
-0.0952035681821681 -0.128880741048384 -0.104747988321371 -0.0436748832646342
-0.13874011046191 -0.0586015730720447 -0.0384129835344871 0.0511229001518345
-0.155411136418591 0.0260067312502989 0.09528146196542 0.0358895657064589
-0.154086042272784 0.0513776223203271 0.193016267432562 -0.0254959623651665
-0.161238904732789 0.0341612795432111 0.25331737570576 -0.052295583606879
-0.149202885194916 -0.0635841155652711 0.307545795574036 0.0117879942505628
-0.0638749319897116 -0.128357125249567 0.299228572731802 0.124766711806001
0.026663189980544 -0.139724133558241 0.208451237842392 0.259350592823637
0.133081508486602 -0.00651000861463133 0.0195277136160879 0.316798233800343
0.0742630466168649 0.1459162983934 -0.152943253197724 0.276565833747462
-0.0509244648405749 0.19471503390084 -0.271034899725031 0.306351760194753
-0.0514562480088892 0.333755894364469 0.0179132973079052 0.213037201183382
0.193940500945126 0.255322355877993 0.107820471462691 0.163137671389099
0.264302345718713 -0.0194837151256243 0.177269878954789 -0.000358474730353694
0.0649053337794822 -0.246927204241019 0.0242285934705115 -0.194013769687169
-0.112168929401367 -0.198511606797659 -0.168450366631443 -0.0832407874600943
-0.193250002023757 -0.104471738340884 -0.112339303294972 0.0452959562738305
-0.226914551939001 0.0211259440171066 0.0205950184870444 0.0468189355936658
-0.215451383633533 0.0647105097267214 0.120442536372308 -0.00526421918043241
-0.218836171728488 0.0431549543705373 0.180172495182089 -0.0469697738980041
-0.205677414478559 -0.0881270441799381 0.264838106653682 -0.0107918401356403
-0.0977148037215839 -0.179927121767356 0.29724847634728 0.0965844461363077
0.0297121267991051 -0.216195922216337 0.216738364148975 0.258612278448006
0.213780659194722 -0.0377986629283243 0.0125865996559427 0.29829389094214
0.152975760892912 0.221476622930626 -0.149009187515669 0.200200135698932
-0.0465547599263808 0.329121033891337 -0.207349681303728 0.219738171886336
-0.075691043681023 0.367507184207006 0.0706402515315636 0.119507299372275
0.1899416498076 0.291029983976827 0.178296681994302 0.110729567374653
0.282426866549298 0.00546969628036758 0.218513556499344 -0.0997320014488424
0.0974717173498489 -0.251549612912841 -0.0148416538453558 -0.275331480325917
-0.0991946403073343 -0.234488531173213 -0.228638254174787 -0.118599847157981
-0.210353577431935 -0.140979488738219 -0.188549159598989 0.0276297579864562
-0.260762831431623 0.00800214732851926 -0.0706720727822223 0.0513016985956447
-0.245245363994749 0.0684320136439295 0.0299139251220015 0.0192465751301466
-0.248051353430967 0.0522860862141396 0.0970998001080472 -0.0338737185739649
-0.24242313877045 -0.0899370789308747 0.212482840414319 -0.0210850335591778
-0.133518232455438 -0.204268531619402 0.277018801126008 0.0848413996435017
0.0161096160732234 -0.280249453080024 0.18422017388805 0.257173456824308
0.278447922837573 -0.0822297648966698 -0.0228771746048886 0.242835472009806
0.226738111147044 0.267400678055542 -0.138882452372702 0.0894243552690231
-0.0262976427202668 0.418971632590301 -0.138553568382297 0.0976458783479392
-0.0862775213461395 0.354799304256036 0.150172553520541 0.0040644025185795
0.158055000022237 0.290379163743163 0.235693898366917 -0.00153623156510974
0.262136806881926 0.035734491597909 0.199367900469116 -0.196290655430774
0.119357871283626 -0.217913240296843 -0.0634235603989242 -0.313473926929293
-0.0680893782002797 -0.237627294441605 -0.264096551814739 -0.145799951255965
-0.191491174997233 -0.157128944206065 -0.25307884213021 -0.00128050080142528
-0.253056866515876 -0.00562874980779404 -0.165335159834498 0.0503791422689699
-0.237540292011488 0.0618684909359624 -0.0645460729367175 0.0441817034931708
-0.243502703335561 0.0562388302284346 0.0148272443628143 -0.0137828986820609
-0.250832223901925 -0.0804731230119855 0.150357753821302 -0.0163495485033975
-0.154918574546219 -0.210095334376521 0.224290915911353 0.0857718194347985
0.0121832900060575 -0.318705234137673 0.111356565056303 0.232470342452989
0.322253465258081 -0.105660260871164 -0.0588676088613817 0.144937941063187
0.269644431441835 0.28606118661346 -0.105543758644062 -0.0224035959520151
-0.00640058948252564 0.444182570230815 -0.077812948330307 -0.0324198010393002
-0.0737328774449803 0.299431828017676 0.229056820964597 -0.122975703809261
0.119675121093399 0.250374914097729 0.249185226764668 -0.129834661308069
0.214909585539294 0.0501361764115221 0.147643988425254 -0.257440905045268
0.116727529340218 -0.162789216333885 -0.0970959697319734 -0.313791256606242
-0.0336199922365912 -0.204062355072081 -0.27581426724191 -0.168871262843696
-0.145860758665331 -0.143050665436721 -0.302173129009402 -0.0329077537293349
-0.206040185395831 -0.0145400725668631 -0.248923870680598 0.0464394465998812
-0.195434402725459 0.0458717095535035 -0.148379966905903 0.0645427720593208
-0.206823336681854 0.0474296752014655 -0.0583021855121158 0.00733454177675547
-0.22488299154805 -0.0713227464485492 0.0775575990071017 -0.00344935623402291
-0.14117135259763 -0.201183590530326 0.143608643881409 0.0783283177606047
0.0345496712542387 -0.304408015448699 0.0369093635962949 0.168004866897842
0.32008648518669 -0.0802469992710541 -0.0561956739285856 0.0344380765398823
0.249375441340217 0.277223750481269 -0.0528373303551009 -0.0904565743274169
0.00307658775237859 0.392627786378482 -0.0329260281772849 -0.150614465008751
-0.0414307419096125 0.205392536808642 0.284045748198488 -0.240229911772505
0.0791577055552137 0.171632347830712 0.227243942995179 -0.233610623656632
0.144881528105578 0.0432424104067648 0.0940054606449351 -0.285447039094224
0.0870890087945287 -0.0952889836019738 -0.117075426972205 -0.301195193983757
-0.00393836666408987 -0.134690009439099 -0.27886047061499 -0.181849099105797
-0.0796022908218921 -0.100021927077624 -0.335587356133952 -0.0539317241972039
-0.129576085722355 -0.0169394638460146 -0.30795302975922 0.0439622117323851
-0.123221821504999 0.023613097843175 -0.208439039923597 0.0770683899914119
-0.137884642104899 0.0281795522567493 -0.114422449663324 0.023460827920565
-0.157344598543108 -0.0586221717787769 0.00937617433153792 0.00237486012646511
-0.0889430757633731 -0.157896507358472 0.0686313424751132 0.0519761871411005
0.0579510243797564 -0.216521988022512 -0.0021257952089426 0.0901080564934131
0.242798543984938 -0.0237852339802302 -0.0205718688524854 -0.0359271175257706
0.166671284706266 0.213215251260694 -0.0137534592163088 -0.105889250256836
0.00568962783878251 0.260491705482941 -0.00563243460919969 -0.238073926997723
-0.00658265001466554 -0.068258539213266 0.0312573557235129 0.2961699556548
-0.0699701737115259 -0.0601144822497792 0.0790808914649153 0.113477010310195
-0.0842006801843092 0.00235468831643261 0.0206349271627834 0.0395633431870205
-0.0400408228997433 0.0737018239925501 0.0123184079323026 -0.03768882170791
0.0255790044409242 0.0632795682618932 -0.0585060937926206 -0.0174736296212862
0.047861868502427 0.0196102495971178 0.0213257303180386 0.0418345295935552
0.0440413668110376 -0.00217779129052198 0.149040813554465 0.00283879849515088
0.0272756716581348 0.0019274806928454 0.236782413674413 -0.0551332486844281
0.0195507368050146 0.0237578298427518 0.307892427712541 -0.0609156302744463
0.00836772281757184 0.0498580766333793 0.332801436592043 0.0339305305533653
-0.0176720941382845 0.0528069080279659 0.282332772816977 0.159905993953765
-0.0575018215924417 0.0339930902317531 0.155432242210277 0.265410340312527
-0.0689894508887629 -0.0229931116253523 -0.0317594043204924 0.307987969047034
-0.0350214578711421 -0.0926593636989961 -0.186012364008073 0.294350943589138
0.00943066676511522 -0.115493584225961 -0.329739686709495 0.322242247250228
-0.00857798950109337 0.101043990623913 0.0173029159544265 0.312633960896608
0.0537668701588051 0.0656274468217978 0.0779263327909664 0.13052668669011
0.0610480983698183 -0.0193440785361719 0.0425291327109224 0.0512707513774735
-0.0135335773157909 -0.0662621817436503 0.0178360756714453 -0.0463160586462919
-0.0459257053417935 -0.0318340324628351 -0.06383072378109 -0.0134541207990171
-0.0524780233436003 -0.0117147879492466 0.013629705347241 0.0487869202821479
-0.0566693017064346 0.0194308671132749 0.140207021802065 0.0130205538223884
-0.065864135726469 0.0311976769565891 0.230246296474573 -0.0477997222889864
-0.0740678540411908 0.0310382607639324 0.293998921207529 -0.0624442662942505
-0.0747047753813743 -0.0101424690869832 0.328808086503619 0.0221813199202069
-0.0405363298842201 -0.0451385702026999 0.291827069356375 0.143534719491603
-0.00884169431982344 -0.053232460008323 0.183471990702335 0.255115829992815
0.0349644085934051 -0.00547835423232512 0.00374124351425631 0.312177510552137
0.0120199575562386 0.0330875015678466 -0.158963761035972 0.302761769720517
-0.0302739102391151 0.0377450339011638 -0.306098750192105 0.340379211617386
-0.0202127316774854 0.239727806296152 0.00903578097740503 0.277257091922335
0.149036489299953 0.17422942788507 0.078455308292284 0.152771989647721
0.184498111252052 -0.028916778640847 0.104514359526178 0.0465633121462604
0.0227722800464084 -0.180044049373477 0.0284091388194448 -0.103683078342769
-0.0964608085738684 -0.123631845798514 -0.103677632879831 -0.0389049300308116
-0.138986375726457 -0.0531546619413984 -0.0346640118783464 0.0524251363447771
-0.151329837185163 0.0307303734641277 0.0963143142342542 0.0301624982914353
-0.149000748923669 0.0551987336470379 0.189623162291741 -0.0320079702691211
-0.156249702892402 0.0399588213675319 0.247159515910324 -0.0597062415108595
-0.149605978751347 -0.0555213751089288 0.303250985145699 0.000760513487601765
-0.0696549327367635 -0.12524326265202 0.297795824967966 0.114154983931472
0.0206065295155695 -0.138573881613269 0.211723820446723 0.246379681394763
0.132839870955439 -0.0104488306419719 0.0246504933950486 0.308354421193634
0.077879106307645 0.141127500576012 -0.144173418157997 0.270675289394161
-0.047200079445589 0.191499918647904 -0.257419724374907 0.301504353938017
-0.0434887961747291 0.325544451575145 0.0235848021670261 0.209473373388211
0.194776590094486 0.244267787294177 0.113809774479472 0.15675580743723
0.256942157412043 -0.0227311065623367 0.178474431315919 -0.00618352926625542
0.0568706833196853 -0.242054190242476 0.0195158855200879 -0.191778110536103
-0.116812136245499 -0.191226417336562 -0.165334847851812 -0.0763244444175004
-0.19470693291669 -0.0970864821275477 -0.107739336016757 0.0487318350456752
-0.221129524563575 0.0285417601115582 0.0235114274752243 0.0451788277716967
-0.208844339010791 0.0703165917264941 0.118415459569716 -0.00970072371732952
-0.21286833492489 0.0509675036298328 0.175735543768553 -0.0508230118540581
-0.20719919464932 -0.0783909300676173 0.260415129552687 -0.0193132998576151
-0.10369176335469 -0.17546837200868 0.29582886156988 0.0868384666645336
0.0214102972124446 -0.213990797085074 0.219533316625398 0.244743287023382
0.211135080644778 -0.0423905691897801 0.0169336425147723 0.289410743494847
0.156467943768349 0.213722702711261 -0.141843689991372 0.196539062581474
-0.0390639785983546 0.321648952143869 -0.195342827333198 0.215554173210421
-0.0685106532463656 0.360142073043801 0.0728037555525817 0.116064794567936
0.193810052511247 0.27955441193604 0.180633982703841 0.103946268027722
0.27696321591159 0.000491833717552526 0.215703752573191 -0.103964036652987
0.0890614350944485 -0.248843938553863 -0.0200914464725428 -0.269304342806008
-0.105679139383086 -0.227951619366286 -0.224684395075915 -0.109852053626774
-0.212642619004937 -0.131916294046986 -0.183270090779455 0.0334948147287243
-0.255048845633318 0.0172905937972856 -0.0664562274574101 0.0528381326181826
-0.238060674653863 0.0748162219152664 0.0302572437285293 0.0176467704170533
-0.241280558956385 0.0607980398589142 0.0948252375332787 -0.0343144188909965
-0.242926024921317 -0.0799317939826342 0.208341766257375 -0.0282242412994814
-0.139376957709213 -0.198525002336523 0.274709496768167 0.0749310116538632
0.00731808033702978 -0.27565114260695 0.188321194013523 0.244109909659211
0.27260425182576 -0.0876197609498165 -0.020015143493496 0.235827191516709
0.228581461905293 0.255445458792741 -0.135660251156842 0.0882108723758943
-0.0163645383726426 0.408082744866932 -0.132348236932144 0.0964760415170419
-0.0781296243309748 0.348608996937478 0.147409145515566 0.00240172422467909
0.16322278282129 0.281526191814349 0.233274488360453 -0.00627478370803902
0.258376237397188 0.0298581505057601 0.195175547056299 -0.198222839285916
0.110962075097181 -0.217262891769599 -0.0683056486983476 -0.304831990550334
-0.0756522484976916 -0.232068577269036 -0.259972821847417 -0.136822680800822
-0.196041876349594 -0.147833851709787 -0.247814073101082 0.00716092150781742
-0.248182400410459 0.00419639769927726 -0.15999200128089 0.0554868810045762
-0.231339244550979 0.0677308112318628 -0.0617495387361079 0.0449447515119659
-0.236016987468286 0.0631676658110873 0.0149446213797919 -0.0121601182871567
-0.250673416907617 -0.0707625037101992 0.146381027046988 -0.0215331464167051
-0.159974163096184 -0.203700390891953 0.222565286300016 0.0760880297220339
0.00177824816729092 -0.311454542082398 0.117283767745638 0.222138704982836
0.313252499066144 -0.110707842586142 -0.0579250693127039 0.141432326224368
0.269926254880066 0.272591139894157 -0.106626507106868 -0.0206556305462651
0.00354722000813265 0.431125012677107 -0.076449190772423 -0.0316827731061715
-0.0669437982443207 0.293510459492565 0.221153899777523 -0.122721909740129
0.12431988666199 0.241909104591707 0.243236176541318 -0.131712759450337
0.212759787941578 0.0442576070544272 0.142273171818628 -0.255158319621161
0.109878182065012 -0.163865003993936 -0.100701715000697 -0.304890874613083
-0.042190815458307 -0.199697097056678 -0.272325903192631 -0.158200093420216
-0.15011046767425 -0.136173763898827 -0.298052531433129 -0.0232510545063643
-0.203017788292426 -0.00621356593973029 -0.242023539123573 0.0553343220418248
-0.190529599588818 0.0509556756455205 -0.143149074314895 0.0689719088061492
-0.200478725548038 0.0531493774580207 -0.0566604404399222 0.0100657682899765
-0.224275722764103 -0.0623559070985296 0.0759816229080357 -0.00739081910012853
-0.145039927022878 -0.194099744359263 0.14421240926521 0.0705173390019185
0.0239242121233402 -0.297074546894874 0.0430969525684926 0.161273550606631
0.309997181318742 -0.0859997827432512 -0.0580483437909218 0.0347463245692468
0.249621979153282 0.263868492905406 -0.0579893539959093 -0.0880412006460877
0.0127546225482852 0.381164478259839 -0.0362547182881316 -0.147753577052744
-0.0379227200145255 0.200953421014231 0.271403690464617 -0.238146208343666
0.0817718823021498 0.165185510475417 0.218007812718355 -0.231854359389064
0.143266828775757 0.0378221093503321 0.0892214358658974 -0.281982274763721
0.0826568182649025 -0.096163681436741 -0.12006856939638 -0.291844686089161
-0.0105628493886185 -0.132237531558171 -0.276455834563073 -0.171758132007338
-0.083336436939967 -0.0963142178099238 -0.33174283788114 -0.041702746756582
-0.127273390258753 -0.0116791228824994 -0.299531580967958 0.0560284598513972
-0.120589077681185 0.0262806638837797 -0.201885748314115 0.0817308204263312
-0.134246349487565 0.0317171695423894 -0.111632664650447 0.0276606131803288
-0.157246257743231 -0.0525326192302633 0.00846883790891376 0.000622701773781333
-0.0916096161751791 -0.151981023898574 0.0684189984924905 0.0469759186167829
0.0489480078965394 -0.211809569148721 0.00317136476244668 0.0870459569787791
0.235930139339262 -0.0304975718385209 -0.025757080966092 -0.0349290338770802
0.167707054609238 0.201430545536808 -0.0208926645814762 -0.103612109939511
0.0113179353166046 0.252347510877214 -0.0127441716648185 -0.233077025479944
-0.0071689523187988 -0.0666107998699248 0.0362340307164296 0.291443303522883
-0.0698251351036151 -0.0559782795091169 0.0841806906612721 0.109650978732934
-0.0810344085076815 0.00469874862526258 0.0255439781032927 0.0359632498292119
-0.03715901715966 0.0722589588651373 0.0110662366814004 -0.0390920795496055
0.0264120163764504 0.061096162908407 -0.0582373501658823 -0.0122302911473927
0.0465066361849969 0.0184926143689233 0.0229147628234445 0.041781152158872
0.0430467228221542 -0.00372825977735881 0.146768383140734 -0.00260145271816511
0.0266230299493719 0.00102760048182398 0.231976727602927 -0.0603264400331813
0.0209275531852868 0.0225302102426266 0.299198579944248 -0.06728079443635
0.010221795145205 0.0492829240801241 0.326318964165842 0.0250582638328258
-0.0159432360035142 0.0522373679508608 0.279665151598237 0.151837027343086
-0.0557335290496536 0.0344797301799849 0.15473740809598 0.254014135115047
-0.0674355409993262 -0.0214730952488425 -0.0275327844550896 0.301186873496754
-0.0361295906039204 -0.0910893905657084 -0.17804489293371 0.286204671356651
0.00681354478785651 -0.110891533572407 -0.316343644216595 0.313239030867448
-0.00756827953351566 0.0987252590501067 0.0226914088376855 0.305967336231751
0.0522240606080535 0.0637371743822987 0.083410908808624 0.12509095673472
0.0592323714620689 -0.0180535385638569 0.0477140095263792 0.0471741838937155
-0.0139586709041581 -0.0636322853975951 0.0169994559341697 -0.0475805884160477
-0.0453559125469543 -0.0302307235858823 -0.0624245822016273 -0.0101284096029974
-0.0522096268972251 -0.0105968721018351 0.0150337085309909 0.0491653564441367
-0.0555773835351397 0.0200864953175206 0.139006578390115 0.00848382456393195
-0.0633811582363395 0.0319922408902903 0.224632383122598 -0.0529941873942411
-0.070712783362249 0.0318806096406879 0.286921470565928 -0.0668332387691612
-0.0731236234522323 -0.00705904958265064 0.322472919806482 0.0138261177804794
-0.0417400156538582 -0.0440240168550662 0.288932016410264 0.136026420404071
-0.0102662369008261 -0.0522834088709658 0.182880197037121 0.243571014704588
0.0358481869057707 -0.00619492634871763 0.00532595457079805 0.303895764860558
0.0124915624498193 0.0315150384628875 -0.151929114237332 0.294001641581028
-0.0303909991595751 0.0387588423829393 -0.292620782171595 0.330032006229206
-0.0179022895519803 0.23338159499251 0.0134926889812837 0.27121977362029
0.146293948903653 0.168037690874648 0.0827581351221019 0.146900814089692
0.178763460075585 -0.027802199878156 0.108055356887969 0.04174880399683
0.0197510880097396 -0.174536803567792 0.0260886771439781 -0.103250802766282
-0.0966634860933949 -0.119501682515576 -0.1013363370423 -0.0340110539931917
-0.138965362503838 -0.0498670102177139 -0.0318691509410056 0.0541402620835502
-0.147163358242781 0.0327925606931693 0.0968125251257924 0.0265455965658968
-0.144622060631792 0.0576536234570425 0.185138042225743 -0.0363726331961063
-0.151558048596778 0.0433692110728367 0.24144572684305 -0.0628195475306399
-0.149044966014932 -0.0498477277888532 0.296642416112392 -0.00634200779004387
-0.0725467826588753 -0.122479750142424 0.29400470492105 0.106128390020277
0.0157784479681647 -0.136847017951371 0.210639016043064 0.234997900863852
0.131808127363 -0.013318998143356 0.0253951449655962 0.299856774398708
0.0787323985816976 0.136388382505964 -0.137884190610358 0.263270692272497
-0.0457703557902175 0.188286269241301 -0.245231134978941 0.292677475523773
-0.0393982594923207 0.317519182893981 0.0262747226387506 0.20407446993036
0.192316010173904 0.235556507037581 0.11661279877006 0.150450330241508
0.249994717463362 -0.0235174975202302 0.179149759775053 -0.0101742019197497
0.052684094901545 -0.236023871439397 0.0165144285113578 -0.188216233967136
-0.117775495180604 -0.185122994762858 -0.161591533145834 -0.0711907265657472
-0.194767790204343 -0.0910793726251497 -0.103054884434046 0.0515722181445702
-0.215706639097189 0.0320088388698929 0.0248271529602167 0.0428234377241372
-0.203233191410461 0.0741949977468612 0.116811822026679 -0.0127997713694556
-0.206415631863281 0.0557277762978568 0.171762428841618 -0.0525385263152415
-0.205365540908903 -0.0710263371576427 0.254367776238681 -0.0255901317021644
-0.10826104909945 -0.171869829342926 0.291912705931784 0.0797353057373971
0.0161960753473846 -0.209832648068586 0.218955096855346 0.232579514394957
0.208013421840544 -0.0453322823678962 0.0172908138859785 0.280139767208409
0.156437789015223 0.206968741471662 -0.137142949281647 0.190614733872298
-0.0372469396271 0.313775096355908 -0.186348882235643 0.208577488472739
-0.0631066492590581 0.35120599101127 0.0728856080068828 0.113132404793345
0.191215557172778 0.270930062681081 0.181009475807105 0.0984564118060105
0.271109374365865 -0.000822466730450285 0.213918194914223 -0.105418924319314
0.082893315781589 -0.244390333945162 -0.0236703693276543 -0.26362581174388
-0.108812835103911 -0.221538194399425 -0.21906727628285 -0.104464258013055
-0.213805968253256 -0.12483419986275 -0.177921300964467 0.0374348960738729
-0.249989549998621 0.0230537968032243 -0.0630592813281516 0.053193885450738
-0.231160361962542 0.0784195416407042 0.0308684317749399 0.0151907971549453
-0.233911192452477 0.0657648426505849 0.0930253321496504 -0.0344658896798409
-0.240976365982671 -0.0715765350571578 0.202903154809273 -0.0330892998093101
-0.142186924578368 -0.194214287963779 0.270643414174079 0.0680111854730499
0.000514158504850961 -0.269478899219656 0.188537615588655 0.232710398743234
0.266512626631534 -0.0886155525895589 -0.0191725710500322 0.229403627624307
0.22754568999068 0.246767554634016 -0.133208418804966 0.0851210777400206
-0.0137587812630968 0.396014933642317 -0.126049762421491 0.0926138643554553
-0.0750352891736515 0.340615981522324 0.144314201690361 0.0017475331437099
0.163426569867125 0.272930786618117 0.230598977818121 -0.00954063490009218
0.254578817254944 0.0267886659675536 0.19148458328017 -0.196988340774376
0.105258852584007 -0.214663940606501 -0.0696703756347995 -0.296162510643174
-0.081501817238084 -0.225466748369829 -0.25425829268102 -0.13089462931932
-0.197133018532881 -0.140749826432448 -0.241979612728439 0.0129263091566211
-0.243719975141695 0.00995124656004718 -0.153865244119072 0.0586330113324883
-0.225849218239141 0.072122903846007 -0.0590382020859324 0.0449822823754515
-0.228911262273096 0.0666890106793138 0.0152764675765008 -0.0108558345814688
-0.248046211997505 -0.0637110857708076 0.142877368310231 -0.0257549172860014
-0.161741441801092 -0.197843191406226 0.219174474202251 0.0689907356695805
-0.00397049502565336 -0.302975055641888 0.119454840288528 0.211520904037588
0.303478118479431 -0.111755051618488 -0.0573677174185409 0.137599857955519
0.26714692885506 0.261490005335169 -0.107160079993122 -0.0207384827196664
0.00677752609806344 0.418150064293592 -0.0747234783699694 -0.0318655114863564
-0.0642741632646757 0.287475883523725 0.214676191166346 -0.120394617721343
0.124388552770731 0.235296299195 0.238354071750504 -0.130879982451355
0.209291566096552 0.0401205211958619 0.1392060203997 -0.251773434429393
0.104709951493133 -0.162644447307996 -0.100463545596366 -0.296591974863371
-0.0479412729375978 -0.194372700349466 -0.267103485620985 -0.151731774300519
-0.152090890326781 -0.129150583212636 -0.2925782379706 -0.0154748705228813
-0.199396233610989 -0.00168540192688455 -0.235061059730479 0.0615402881147693
-0.186199687872469 0.0538117843009266 -0.138273433350404 0.0692462227258187
-0.194281504563805 0.0566067444092583 -0.0549676537238413 0.0128095856888113
-0.221391820038624 -0.0560746661396041 0.0739862429027671 -0.0105231168488031
-0.146205354074581 -0.188402911615232 0.141795970448631 0.0651525068668531
0.0177479108289822 -0.288456215974797 0.0470331581564561 0.154119382102694
0.30005421502873 -0.0875942660400309 -0.0600248337433788 0.0345718479941512
0.246945524647822 0.251857978255737 -0.0614859032362942 -0.0854666339194944
0.0157630094192896 0.368316282918666 -0.0377792410694151 -0.144480606429957
-0.0361769065483324 0.197014807515963 0.262389991533455 -0.233180815116938
0.0826697103676629 0.159645502450145 0.211962315490116 -0.227222162283342
0.140980944094941 0.0347338007023127 0.0858160469951924 -0.27772448428765
0.0789355672804166 -0.0959335559384645 -0.120753994231264 -0.283716994785134
-0.0149526307993035 -0.129222013356739 -0.271763965991938 -0.16464399884184
-0.0854597700278216 -0.0925364406551737 -0.325871130318234 -0.0335912133858817
-0.124700516443176 -0.00836012305087745 -0.29150299345607 0.0626534719356708
-0.118165097769082 0.0278458535886904 -0.195554876136983 0.0850641498985437
-0.129918481516857 0.0332067930111909 -0.108435714116322 0.0303512679986842
-0.155299211706619 -0.048036424195227 0.00773409058485327 -0.00124299766185197
-0.0934273863508101 -0.147196950735318 0.0685262960141604 0.0426843655304817
0.0425758738099036 -0.205699041555611 0.00675624672667169 0.0839212317159119
0.22797744255309 -0.0333869989591655 -0.0304127559189707 -0.0331899473431732
0.166507831227454 0.192585455616174 -0.0267323860605288 -0.100582710375916
0.0146158475299644 0.242989629051029 -0.017064539736009 -0.228702215768675
-0.00781199627852757 -0.0653639923302422 0.0373858588212491 0.289117574133562
-0.0689363554321488 -0.0534793142938434 0.0886098709787358 0.106561006050128
-0.0786968034745821 0.00543602635002752 0.0298566167030743 0.0332862799599683
-0.0353689719006509 0.0712875351584474 0.0105492236184178 -0.0401612862648896
0.0264879243212723 0.0599467314196761 -0.0579062034401882 -0.00790885106130525
0.046116241480867 0.0186964813102008 0.0242688180462886 0.0428218975430321
0.0422789893767486 -0.00437085461422526 0.144969968345491 -0.00633338478174812
0.0268580074349849 0.000437892234697033 0.227651659899051 -0.062971854924516
0.0213357366526961 0.0226678465906606 0.295125207573766 -0.0695779728441005
0.0116858338250144 0.0488797029917897 0.322462594673432 0.021864143758365
-0.0157859943117027 0.0507198463870139 0.276792565435845 0.147141778456903
-0.0550458092637827 0.0349084342699634 0.151960585408698 0.247988135731861
-0.0654784718925943 -0.0212335475398855 -0.0286978295007654 0.296610637196486
-0.0370154705279204 -0.0913221046490198 -0.175801978427992 0.278767632855281
0.00633040727538589 -0.107041425481084 -0.310282712143289 0.302444011000499
-0.00812681079108183 0.096935349516466 0.0240187905985937 0.302107932674509
0.0504254180530993 0.0630914453340546 0.0867800763349845 0.122058429292418
0.0586741901519079 -0.0163259544096922 0.0519080717742402 0.0440549590719153
-0.0133909977725286 -0.0614672094104535 0.0167063228769214 -0.0481451736972053
-0.0446002801176386 -0.0299201403841325 -0.0616626591506099 -0.00647276933336933
-0.0527308522388984 -0.010085168847814 0.0166696848305474 0.050494654188956
-0.0549080162943253 0.0200424714397726 0.137735099869572 0.00527454918188133
-0.0619633875863433 0.0321287374564971 0.221580739512532 -0.0556051133196076
-0.0692333191112081 0.03313840895295 0.282835500286922 -0.0685899293221505
-0.0721092740057359 -0.0053185174810771 0.318207342719833 0.0100496627414411
-0.0429064830211069 -0.0437384555868211 0.286445116037634 0.132251693839181
-0.0110837851221221 -0.0511376783171747 0.180330208925547 0.237219073533197
0.0371780246986932 -0.0072224251528107 0.00377085165154459 0.298715788524132
0.0120717137369675 0.0302666272936077 -0.149482083704781 0.286335946601882
-0.0312733318292094 0.0401466706970864 -0.286143869981671 0.319285512303522
-0.0186431286033178 0.228923015587793 0.0145191038781146 0.267033390768136
0.143677534386777 0.164310272012579 0.0845887476693823 0.143154988766207
0.175884620013312 -0.0259699731134496 0.111488270673386 0.0389055744340676
0.0194598198326877 -0.170275750263765 0.0257324866594107 -0.102465833511548
-0.0955778925624296 -0.117555822069666 -0.0997811891316572 -0.0316019750093319
-0.138620913925934 -0.0483824294116898 -0.0297433801690756 0.0558923697054242
-0.145526644149218 0.0340186895792213 0.0967547060307214 0.0239300595918846
-0.141679031135452 0.0587514232749336 0.182811551991917 -0.0383571160581439
-0.147793829160471 0.0453075447476137 0.238261882851092 -0.0646316278238004
-0.148029116823227 -0.0465353933041869 0.292792356168396 -0.0099065895863197
-0.0756291934384354 -0.121420070907159 0.29248059086716 0.103202599591411
0.0138322668391308 -0.134841790168113 0.207065997546412 0.228310045506137
0.131673122811205 -0.0143641043527418 0.0230135372673708 0.294135872387571
0.0788601212790205 0.134289650669406 -0.136507864514411 0.255301744894613
-0.0468250893143382 0.186137782894469 -0.24002332498102 0.283573272373076
-0.0395647832558256 0.311783031434255 0.0261558889104398 0.20081039162748
0.188593570277206 0.230569853038187 0.116721336923618 0.146627928487914
0.246492504211936 -0.0214870321874847 0.181205961635749 -0.0132152142774251
0.0518349364614488 -0.231401645353393 0.0162097325110724 -0.185287940017033
-0.117941164348948 -0.182384342180283 -0.158255332508982 -0.0690015222489552
-0.194462987489105 -0.0884912967003889 -0.0995238857002549 0.053474189107092
-0.213190771044182 0.0340614202050056 0.026250044052043 0.0418260183533663
-0.200446170354814 0.0755225634633054 0.114902399559056 -0.0150153202377512
-0.20318790547848 0.0580067205713985 0.170915409921273 -0.0530265833734177
-0.204857516749072 -0.0666668226629863 0.25074768865945 -0.0288623467740177
-0.1111839228435 -0.17036979512298 0.2888357610171 0.0764564591008991
0.013578533944197 -0.20657154962434 0.216782918984129 0.225515580778709
0.206953592128203 -0.0458812457815613 0.0153034129539912 0.274466986517832
0.154535307176569 0.204294931903495 -0.134998981431033 0.18447296188926
-0.0385440186538225 0.30852794476096 -0.182335943124417 0.201242322426313
-0.0638857825821067 0.344637514667873 0.0720354090801034 0.111973938339589
0.187904798978931 0.266643154847793 0.179539092843245 0.0958777770450784
0.267598614680063 0.000707710358447641 0.215102410552801 -0.105987452435661
0.081651883108215 -0.240434903721415 -0.0229801899902911 -0.25871752055196
-0.109935086384263 -0.21864535137004 -0.214682746151724 -0.101654072356101
-0.213591109784086 -0.120788106969675 -0.173987444202571 0.0405559621855469
-0.247127530426318 0.0260020368304827 -0.0606398427509894 0.0539611997995478
-0.228777854369861 0.0804161226719732 0.0308657719553212 0.0150579481723354
-0.229861879567992 0.0674347605423965 0.0928071362047419 -0.0333364248606539
-0.240279550309909 -0.0679562978142133 0.19948201475309 -0.0359172424628249
-0.144433510778941 -0.192055193898701 0.267200551337885 0.0644498491550551
-0.00130889352155843 -0.264537780044075 0.186634849576541 0.225196371841102
0.263879947727922 -0.0877591283668392 -0.0215823213742363 0.224008428263306
0.224366815575491 0.242689896679824 -0.1327567457047 0.0817908843610195
-0.0163591237192722 0.388716215129049 -0.123225639326542 0.0881688238783774
-0.0758305999860251 0.33479228203512 0.141222301894605 0.00323331674744378
0.161374840855942 0.267617780913922 0.228349096213533 -0.00964820498814006
0.251946278866436 0.0273105210810362 0.192226690312184 -0.196313232941181
0.1027570096053 -0.211975210790171 -0.0684881829245455 -0.291343200642498
-0.0834257753276913 -0.222170007499606 -0.248691071935184 -0.128081982826428
-0.198236372116492 -0.136921045518879 -0.237864403852232 0.0164185195140046
-0.240661633279346 0.0128985705279749 -0.15096577922925 0.0602331892886183
-0.223012977023231 0.0732895796998888 -0.0572840920381258 0.0447532897180533
-0.22468229857616 0.068561530534205 0.0158489041109045 -0.00977958779998523
-0.246469064630673 -0.060009570845163 0.139317160503832 -0.0282134583351511
-0.16218333597991 -0.196212879498348 0.216511701177822 0.0646977423109134
-0.00629138370994324 -0.297252254548596 0.119509096868294 0.204169184327036
0.298380032943981 -0.109974962574193 -0.059689923800748 0.134215489419585
0.262297536659408 0.257463208666671 -0.108087504350225 -0.021139536667095
0.00453111140092442 0.408658539546099 -0.0730172211512147 -0.0333479073101812
-0.0655005682113347 0.282550352561187 0.211165666505683 -0.115740853926352
0.124165062481252 0.231088020025995 0.23572072498639 -0.128544962402035
0.206739918158461 0.0400214697002161 0.140107026698211 -0.249916078180835
0.10249225483588 -0.161553407293394 -0.0987539352209345 -0.290852649311901
-0.0506332089971295 -0.191297713691879 -0.262038003873331 -0.149773474499588
-0.153675595314399 -0.126250442935084 -0.288748884702008 -0.0110489309439321
-0.197342205347446 0.000819413534455307 -0.230324998574689 0.0638019122984969
-0.183753593221349 0.0545444754548869 -0.135744810862596 0.0701035463635355
-0.190475547658433 0.0570016674749409 -0.0532744745469064 0.0141897757610303
-0.219530372415348 -0.0538694449690026 0.071105640854641 -0.0131585598343807
-0.145886650188654 -0.1857144154396 0.140557941299592 0.0609555420338308
0.0148192657118318 -0.28229317860308 0.0485562801888957 0.149067528885869
0.294251030473684 -0.086201931667228 -0.0627335397581038 0.0337476136445517
0.241504185925628 0.246104404057338 -0.0645394762467129 -0.0843390954078331
0.0145432920755508 0.359762896292113 -0.0377069780241853 -0.143031786464036
-0.0373456919875654 0.193630228040529 0.257298768576115 -0.225985637431278
0.0809142458962711 0.156883684083369 0.209687866902942 -0.222862961971567
0.139240027796254 0.0333914614792628 0.0865144812436772 -0.27374440454692
0.0773281559572521 -0.0951592729550551 -0.118241816967045 -0.278015283694026
-0.0174182315016888 -0.127524846540319 -0.266910089075378 -0.161917394250253
-0.0866297030768685 -0.0910033138435554 -0.321831969078601 -0.0295381218666845
-0.123609109652479 -0.00701664397240948 -0.286124256952793 0.0662270750355128
-0.117025340655196 0.0281948970678685 -0.192388015774232 0.08609583405872
-0.126783845313429 0.0335458805937776 -0.107307459598507 0.0307591166526023
-0.15381165805938 -0.0462638036106714 0.00585565683411214 -0.00272611519861492
-0.0928577089032474 -0.144566253395134 0.0675122344908551 0.0394329269308365
0.039078193342134 -0.201052140365367 0.00895317010317139 0.0806045650413699
0.222907667908519 -0.0337116024378004 -0.0350208808479116 -0.0316692294413487
0.163185075454042 0.186515691886439 -0.0312804786748853 -0.0985386733962141
0.0131335086563346 0.237458682465434 -0.0184438533755477 -0.224871425699495
-0.00768617618750548 -0.0648162440952834 0.0381070963981714 0.29056242207186
-0.0689116914599007 -0.0516521659687684 0.0934006563496753 0.105719743396967
-0.0766350621441984 0.00598625125356679 0.0342673682603934 0.0309351926854789
-0.0345123159208099 0.0716899412916431 0.0108226782604808 -0.0416365126396696
0.0269168777548463 0.0606559899337158 -0.0584268829687989 -0.00369946139644746
0.0459746856028481 0.0194805354317947 0.0259182211021102 0.0440477553323437
0.0418958236280468 -0.00524558280378074 0.145428482546855 -0.00900515593033642
0.026884194121634 0.000231499699236254 0.228291851276182 -0.0667084925488801
0.0225618601538628 0.0223972125321884 0.295150751578209 -0.0725814601471195
0.0129519696345747 0.0492491686194252 0.322824511421948 0.0200382566437589
-0.0156762874162538 0.0512870911332539 0.2776005708097 0.146644041579856
-0.0551694383939703 0.0355204230908321 0.150465790294603 0.247405421414898
-0.0649499005468459 -0.0219939634734817 -0.0309235453239344 0.296407260035252
-0.0376992234364496 -0.0924005082966856 -0.177493460128531 0.275219397685648
0.00729461894869813 -0.105056701620642 -0.313897990720573 0.296766050603748
-0.00887464404412499 0.0970946351149618 0.0246877943266976 0.30288843537711
0.0496412247365568 0.0642951410126804 0.0904292954761517 0.120275153394914
0.059646089385172 -0.0148950438232449 0.0574027808485189 0.0414462535166692
-0.0126304199538657 -0.0607542926799055 0.0165208812836014 -0.0497084880780179
-0.0448738385220898 -0.0298305657180285 -0.0618600192678854 -0.00334258017722391
-0.0531821502970512 -0.0097525493902776 0.018752785021021 0.0522611399080555
-0.0550944580210933 0.0203363550801326 0.139070954115479 0.00315449409408431
-0.0622936920193794 0.0331487080974257 0.222442620982011 -0.0591264458858035
-0.0689702168541074 0.0341303593310428 0.283483757607178 -0.0718115800937407
-0.072362489879272 -0.0044072209559278 0.319593255310444 0.00792904469707791
-0.0451832491985156 -0.043295408125119 0.28777551946571 0.131998931278821
-0.0122824151421023 -0.0508592153035432 0.17816204630902 0.235702472282429
0.0382836556651853 -0.00888914653873725 0.00145336460629665 0.298951124675334
0.0126969909259063 0.0303940956539616 -0.151377727051518 0.283541576856479
-0.0323234840847479 0.0424492910252677 -0.288520436653484 0.31357659537837
-0.0209847973807534 0.228900201988072 0.0144401208677033 0.267251531474431
0.142173493171934 0.164906185251519 0.0873792475374177 0.141030799122391
0.176548391178367 -0.0232109010675241 0.116155233573563 0.0367709000425876
0.0200466275359853 -0.169518792232792 0.0260338853912654 -0.103008823820826
-0.0958102983762394 -0.118187655984101 -0.098472515674096 -0.029753147256039
-0.14055746636386 -0.0474848641682827 -0.0270441151516154 0.0575050015189998
-0.146904348503853 0.035622800597541 0.097891776713015 0.0230410827872587
-0.142138412280968 0.0603079343562273 0.18385864163247 -0.041635662416448
-0.148086576861939 0.0474227633760453 0.24077368539941 -0.0655986162464682
-0.149020355001449 -0.0445527958759805 0.294399247618734 -0.0125880138863051
-0.0787397411801044 -0.122199540313997 0.294184377516287 0.103111251618681
0.0122667725361859 -0.135401788577553 0.206561799524042 0.226280701038361
0.134310909866711 -0.0152909029340147 0.0199542677826923 0.294260214779624
0.0794027784607289 0.135040855553887 -0.137311153633421 0.252012128621635
-0.0497773044968287 0.187066076178017 -0.240874292464674 0.27835911331982
-0.0427221235236302 0.311823334846638 0.0256440170209488 0.200684716479237
0.187452926018353 0.231153816159578 0.118539247596582 0.14560777531947
0.247496217110097 -0.0181245777730606 0.186341123063822 -0.0140268446833144
0.0521544186790917 -0.230469470046242 0.0165943155026204 -0.185741366058458
-0.119167739419427 -0.183116156692725 -0.156876350617612 -0.0679106903632537
-0.197298312030827 -0.0878028149763176 -0.0981429523915873 0.0562073943361977
-0.214573809895742 0.0369001032830993 0.0277570969344779 0.0415301939964169
-0.200897132059315 0.077213756022169 0.115975413759258 -0.0169578948441599
-0.203347589478635 0.0602605319518342 0.172288578116837 -0.053447017318663
-0.207497699640512 -0.0646160878210853 0.251508437884072 -0.0309053476420181
-0.114795389968937 -0.170971317090674 0.291020431729691 0.0761449003279829
0.0119235348045668 -0.207438207211556 0.215822146591593 0.222296359420433
0.210261044423544 -0.0463916045874378 0.0116840760083164 0.274115690524124
0.155438581399692 0.205779591154299 -0.137989695470133 0.180937180206666
-0.0432074462726022 0.308642038438612 -0.18184917841381 0.197004231756832
-0.0686577526667954 0.34549375188777 0.0713705847428959 0.112625943305899
0.18717751493383 0.267615077008637 0.180187156715376 0.0950102616870174
0.269260523163294 0.00367909377629655 0.218819665766944 -0.107249503259119
0.0832476810923114 -0.240122967284579 -0.0219837374445126 -0.259093957822735
-0.111528901277312 -0.219618800897721 -0.212867554221408 -0.102065748300916
-0.218161604742335 -0.120698829638491 -0.17320087295631 0.0429078517658299
-0.249056999583032 0.028550469676617 -0.0589555061898164 0.0547043166949417
-0.229536797394289 0.0825276886897344 0.0310067332823002 0.0140037090030364
-0.230340289817589 0.0706457326033166 0.0945592041889916 -0.0334039414803987
-0.243171861608826 -0.0653621463547174 0.199248030274646 -0.0385593066017882
-0.148739769883799 -0.19336267405048 0.268726709640092 0.0636549711585841
-0.00236733151116753 -0.264727497941219 0.186908373053257 0.221427180579803
0.266841184653469 -0.0871546073782752 -0.0252683603312573 0.222791083857481
0.224506251098124 0.244441751635042 -0.135233748519039 0.0794619267306454
-0.0212631955383076 0.387244537774199 -0.122917106012105 0.0848390999721128
-0.0787611405913042 0.336149669662126 0.142246598211855 0.00428933146222657
0.159973414784938 0.269521732621561 0.229566238516366 -0.00941727174080228
0.253505850443971 0.0291772869569462 0.195824868573851 -0.196763521676128
0.103776239159089 -0.212757993755582 -0.0669481561250783 -0.291124193721273
-0.0862839791457506 -0.223104921848273 -0.24781195720576 -0.12939334004092
-0.203033755916031 -0.136492966216801 -0.237804600733636 0.0189570197647259
-0.242789860669937 0.015618001278351 -0.14943572557107 0.0625723627814087
-0.224397869133505 0.0760070655630408 -0.0577812184679896 0.04560681892093
-0.225295011164087 0.0705071011708196 0.0168175987283213 -0.00930665605739436
-0.249139424226749 -0.0593157529819066 0.138537825412354 -0.0302208387674533
-0.164706507554302 -0.197973680562804 0.217537405066895 0.0644122696938269
-0.00602248268235117 -0.295084028611408 0.120218169257446 0.201327214131787
0.30096107621353 -0.10779788828664 -0.0638834137680192 0.133143040997034
0.260575132948111 0.258071888879632 -0.110437747259575 -0.0229388119422869
0.000281938793647012 0.40813819121397 -0.0723584749941887 -0.0352414187026278
-0.0682496704211046 0.283308412445363 0.211433829393168 -0.113106046809585
0.123030992220611 0.231325455132681 0.237430905798901 -0.127240836357376
0.2091499340697 0.0405836944038719 0.143084695887335 -0.250878870420122
0.102283622782496 -0.162652037357404 -0.0972365337402265 -0.291289923270315
-0.0540201870397532 -0.19218601956527 -0.262110938759804 -0.151683078055107
-0.157111231596613 -0.125837308815812 -0.289418266817654 -0.00874025583973288
-0.199135254860831 0.00346943500370812 -0.229608500992333 0.0668626020074882
-0.185465577104849 0.056449006933724 -0.136234526158712 0.0713937012833718
-0.190725841286175 0.0580872337152569 -0.0532978882317862 0.0147972153092229
-0.221684288390114 -0.052777735629976 0.0693734028496212 -0.014778248646835
-0.146833357742122 -0.187071230475969 0.140939059203086 0.0591233189225188
0.0139124597028845 -0.280267300110895 0.0493590829577186 0.146265089436938
0.294689179046058 -0.0855099634389219 -0.0668557517133229 0.0334092745977773
0.240106733952155 0.246486000672067 -0.0678473076717738 -0.0851568009398027
0.0105947724892462 0.357490713682648 -0.0380841005895566 -0.143664602364371
-0.0386025130581369 0.193964858133807 0.258954574964924 -0.222374962598831
0.0804924975673958 0.1565261147282 0.212252315964441 -0.221211076356103
0.139815276461659 0.0336581844085994 0.0894309060204713 -0.27545126584951
0.0774871979970594 -0.0960251259949317 -0.117100797627341 -0.278223119120833
-0.0203388805383536 -0.127816037848875 -0.26716576819945 -0.162507647612418
-0.0888454391025403 -0.0909154069892704 -0.323680252470681 -0.0266028527925731
-0.124712658754273 -0.00587654219552993 -0.285399703785441 0.0696742687828947
-0.118063970999964 0.0286539030196129 -0.193258572176648 0.0880135215302878
-0.127040298924482 0.033603119064378 -0.107348969657997 0.0319217101227745
-0.154896150037044 -0.0454459572454462 0.003977509155878 -0.00433967429075776
-0.0927002088758887 -0.144750908486229 0.0684754817203697 0.0375371850834465
0.0381299018929445 -0.199103634089357 0.00975240062523277 0.0789116416074123
0.222207801286148 -0.0336279473988729 -0.0401051090565052 -0.0309046339639107
0.162671790954439 0.185720039169876 -0.0358387692821191 -0.0981489409491701
0.0105364219886591 0.235900619099395 -0.0185923063533127 -0.225701410465871
-0.0419183585327731 -0.0476492585386467 0.206069748180745 0.211287154479331
-0.0830592541074446 -0.00168437424292971 0.138096508575526 0.0254645036326233
-0.0567858626805978 0.0486293108856165 0.0466808547106054 0.00272523213555741
0.0131426740015285 0.0758684730856054 -0.0156839269588558 -0.0381856960814666
0.0575363671186696 0.0331497777241473 -0.0448274707102217 0.0357103537023039
0.0494969374036314 -0.0120076417082693 0.0523737831323413 0.0201658403257126
0.0297994925778827 -0.0306604922433181 0.110829413557111 -0.100342212656215
0.0221998891189427 -0.0168372009822288 0.141475745799528 -0.196578384736865
0.0344760982620306 0.00203381026756345 0.192119759676089 -0.243936271762776
0.0436438402495348 0.0296620758737166 0.274682515655497 -0.184533305861085
0.0213235768484915 0.051302121918006 0.315723503389095 -0.0553504910647224
-0.020118190851378 0.0626247838563664 0.273853229316397 0.106595703493054
-0.0656118625614289 0.0248160997115971 0.160555589579879 0.258600373847636
-0.0907524568281037 -0.0477431528494781 0.0328542084918065 0.332315307141261
-0.063011593113215 -0.086025425167172 -0.0668096989600819 0.442462935189531
0.0482539366913816 0.0877305227345283 0.212307848973224 0.227773430540412
0.0773241979586094 0.023125046685652 0.150996522175597 0.0385067065321137
0.0417238787640195 -0.0466175270066282 0.0748006367709263 -0.00798648852380241
-0.0437365731541228 -0.0419077183344761 -0.019691003568261 -0.0527534717322402
-0.0528831265895843 0.00199293356222517 -0.0501902658077108 0.0365690823358193
-0.0485541569096961 0.024846215960122 0.0486165405571449 0.031378656334178
-0.0322085389423568 0.049986915711255 0.113927226747229 -0.0849151899059001
-0.0292898423109336 0.0654669742462414 0.14098713208839 -0.186728914263061
-0.0325444509324843 0.0693287205537702 0.184193824678188 -0.23733138366918
-0.0603931386260173 0.0405851978164007 0.264719491309248 -0.192861770308073
-0.0630111695511016 -0.00725957149584113 0.31424333350192 -0.0738571473682003
-0.0387270573718913 -0.0355105650543412 0.289739155440582 0.0795170269247287
0.0305295023540607 -0.031074260296112 0.18725122839303 0.241139200319258
0.0302616992072778 0.0213678690587635 0.0546805654135022 0.323161285844668
-0.0021309218392399 0.062743717506961 -0.0406733007784349 0.435763925052207
0.11328562054267 0.203134579102374 0.190153613740634 0.205335663643236
0.207924930196744 0.0510224450810617 0.166149560791711 0.0588477890855386
0.131383416716744 -0.121177124286148 0.121712555179015 -0.0518840173698803
-0.079223293968225 -0.147050757920078 -0.0482750993523335 -0.106150338458556
-0.145868327875007 -0.0380447424032631 -0.0982498717111682 0.0379747321243234
-0.141694996447989 0.0473347460668759 0.0127234234886006 0.0641807127707907
-0.0953670694512197 0.117571108709611 0.0930332749627237 -0.0416828236245435
-0.0770636058710261 0.137492185884725 0.121624721779208 -0.149714894625635
-0.0897359588951592 0.130657498563822 0.153019240848124 -0.206300023648615
-0.149249630603825 0.0570302520819579 0.231153978271506 -0.194282909111342
-0.142259597187063 -0.0505283643526598 0.301582088142828 -0.099782620353082
-0.0714401895285205 -0.121088858217933 0.305990897698683 0.0543884256867943
0.107698421077443 -0.0990669884469646 0.198541150446586 0.226145595407038
0.153375112706393 0.0656523996215893 0.0439610486610491 0.293156102973268
0.0759254681185003 0.195502024911969 -0.0289959856339827 0.372717993928362
0.140539780620967 0.284195020596782 0.164801818803643 0.145653442113726
0.281506796397277 0.0791014949114595 0.195972393513469 0.0441864383922707
0.192899675620489 -0.158559120947365 0.149647308121827 -0.13782517133329
-0.0888831838899698 -0.215251197860503 -0.107548104117577 -0.170056649742382
-0.203422822703373 -0.0772497458488229 -0.170048109119338 0.0406021267931704
-0.212060084136896 0.0495526023513311 -0.0480223672337277 0.105529397795224
-0.148399748152837 0.160670735163918 0.04764566891097 0.0185334475526775
-0.114410198373697 0.188652067500845 0.0826865309132657 -0.0867680494653871
-0.127216690828469 0.175791100282498 0.106423704336753 -0.154302471321839
-0.209551099113804 0.0783395564117623 0.185435004512859 -0.183088337124924
-0.203358490999891 -0.0690905581405906 0.280761867481465 -0.118263480551557
-0.11625089601304 -0.180938178142073 0.311603565387367 0.0477455461044224
0.152122628905493 -0.173613994594745 0.177535226199649 0.216249999069077
0.261895243113475 0.0747797657459528 -0.00412137624891589 0.238727118752564
0.159661456100385 0.291462949998359 -0.0380697853197128 0.264939884495385
0.138250203713263 0.326094615903945 0.149945274048885 0.0484333618869362
0.302503460793886 0.107733763598564 0.216514996415416 -0.0324134150082395
0.224121182630521 -0.155706411101567 0.121696243413502 -0.233221249485958
-0.0713817606405207 -0.241089106492669 -0.182247608706354 -0.20687236746364
-0.219935193445777 -0.109380762149998 -0.237265692316529 0.0468587305235482
-0.24833307475808 0.0363121657327578 -0.116844718496584 0.140486260485484
-0.180069422984744 0.175541749134715 -0.0148883421026642 0.0851059261593432
-0.134333220144141 0.21078641215384 0.0334299051929429 -0.00929195412462718
-0.143340111663205 0.20097481579452 0.0558389619858829 -0.0900686544289784
-0.240224438327285 0.099518239517747 0.137718841320101 -0.156534853136914
-0.245234697306323 -0.0671280425468913 0.255393713207435 -0.114339232569851
-0.163079185790257 -0.219718987017714 0.287034521316145 0.0638039551471112
0.174229968356042 -0.242952489302686 0.114428950067854 0.198541775404521
0.34137372528001 0.0625907441842724 -0.0679801336309088 0.158129516363693
0.226515135242897 0.341259935553279 -0.0642356615489434 0.135096563660824
0.124329161691252 0.323682743140598 0.14087213537655 -0.0797614629539112
0.282187675225952 0.123419281268178 0.192241090800361 -0.14552543550323
0.225693435245359 -0.126766006150029 0.0501064249063512 -0.290235911426351
-0.0401020665350561 -0.230860298252879 -0.237815031611348 -0.206362288681478
-0.201702263335995 -0.126673985293758 -0.282286943957346 0.045421963777816
-0.245425114338549 0.0151290830485423 -0.184559922556982 0.160867550446865
-0.182340515655251 0.162090707686703 -0.0832809033081516 0.148424525382961
-0.134831958916004 0.202207147388564 -0.0174822911498723 0.0710007062651027
-0.139555296742396 0.199036732656629 0.00864036766438223 -0.0213846189721594
-0.240878339032368 0.108555835577379 0.092648657502383 -0.111926429762362
-0.26032852741906 -0.060630449980317 0.213672727752115 -0.0824669789312176
-0.184621707268903 -0.241274244351971 0.221076139259204 0.0889399367735973
0.187099872260653 -0.281333978575677 0.0270237634022872 0.151185008636756
0.378621145654147 0.0500717733433865 -0.112754673382438 0.0615695267907122
0.259650514126456 0.340583843300627 -0.100653843527344 0.00541041175653672
0.103283115542097 0.273025702997308 0.121216300850373 -0.216952906929906
0.231025668935955 0.113668985722453 0.124189334919872 -0.244741798386715
0.193987290820018 -0.092239927598908 -0.0264958675153724 -0.299213145068506
-0.013369429531085 -0.189249656329431 -0.259345075988032 -0.185644117621825
-0.157724844993712 -0.119724606730893 -0.306156689141506 0.0363252627447141
-0.202778102587256 -0.00337611376847905 -0.242194277906603 0.170479370915155
-0.154541072488587 0.125756928045889 -0.144467796493006 0.201272355511986
-0.11482541755536 0.162728367369879 -0.0648758763086409 0.141655848704594
-0.119674734766396 0.167239609969561 -0.0335261569962041 0.0423256912655858
-0.214536571344617 0.0962813629160303 0.0457126802228566 -0.0558852261219758
-0.238698606665488 -0.0619628408365509 0.148952907010176 -0.038835840251467
-0.158756710832172 -0.240062992966797 0.129716612062504 0.087843649149053
0.194228826962326 -0.258598402674419 -0.0379437630668829 0.0743820595805385
0.353121911154788 0.0503040594824077 -0.117773317474373 -0.0144105955955656
0.234513728820244 0.291063717220042 -0.13961373427323 -0.103183634721607
0.0768249047568502 0.18184399889467 0.0875459263056436 -0.334454187461245
0.153035342958092 0.0784876649654867 0.0445070329827053 -0.304972128288991
0.132503229731202 -0.0562787613626327 -0.0868757107181251 -0.284456796411676
0.00495298498142018 -0.121269682516611 -0.266340297230424 -0.161002402151274
-0.0926242579120808 -0.087899408308287 -0.316733148511126 0.03013203509686
-0.126311643597509 -0.0176009892791014 -0.278526006286209 0.17775680441874
-0.101645915514708 0.0726507817746386 -0.187468017334891 0.238224243159753
-0.0778542747655289 0.0984575290057861 -0.100313284529123 0.190494135172376
-0.0835371342247596 0.107556348924174 -0.0665353521379492 0.091527532933557
-0.155130205242556 0.0602924315855538 -0.000863471529198107 -0.00655047135802636
-0.167548762498464 -0.0613403840023937 0.0766109049310175 -0.0122322430299452
-0.0896992157972495 -0.187443419758962 0.0565597335790809 0.0580694963749523
0.164468113331399 -0.169811532685731 -0.0564618556159356 0.00572746630780003
0.24888530849039 0.048707993695966 -0.0988957555632321 -0.0469548197791478
0.157565734894323 0.186717525292394 -0.170879035674187 -0.178538786038048
-0.0445207133434395 -0.0462315283066612 0.218224459971756 0.209001456032534
-0.0836727685169591 0.00167717699931848 0.143990670485978 0.017960812570924
-0.0551591562484369 0.0502727023129736 0.0485972176184417 -0.00281261913429192
0.0172993808886244 0.0760425607238627 -0.0181852306535847 -0.0400627494364885
0.0609281042136883 0.0314236474958638 -0.040609865196318 0.0396681462764436
0.0508325908767558 -0.0143905474425723 0.057092724936554 0.0181761322907019
0.0291607414022841 -0.0323662195109384 0.107980140867671 -0.108065028801335
0.02226758582296 -0.0177688697923343 0.135628744832641 -0.208515462248564
0.0357980612067316 -0.00013628909713556 0.186758363867463 -0.258990499476206
0.0469052028864531 0.0270348910868218 0.273775398120451 -0.200487468040497
0.0243159484351974 0.0514182442161518 0.32009900822442 -0.0688737954004592
-0.017090285516086 0.065772771025495 0.281766005663797 0.0994116205682199
-0.0661279376236642 0.0265363123341286 0.172729561923815 0.260117971358634
-0.0957634726157844 -0.0455979056537014 0.0411973136599266 0.336209504414274
-0.0642020243922152 -0.0852446882609671 -0.0593427836649359 0.453155897354273
0.0519519377838734 0.0888873198530716 0.225080325432659 0.225890621573779
0.0793851268813914 0.0214742673673848 0.156563815852116 0.031814609553123
0.0414065982415218 -0.0495140314352193 0.0773758877583868 -0.0158854225821113
-0.044920390940614 -0.0415329264451091 -0.0219742328174047 -0.0550787957407271
-0.0539459612204668 0.00387352982131109 -0.0468736493064588 0.0408009608058281
-0.0484599267903804 0.0284370663002105 0.0541769841488697 0.030117975126231
-0.0306649178330074 0.0522540024172298 0.111941380905045 -0.0922641684380919
-0.0265300190944104 0.0692178871516353 0.135696143583355 -0.198525637235176
-0.0295186472342526 0.0725161542142549 0.179168865309852 -0.252062708640497
-0.0598257665242864 0.0442267549034407 0.262812788932817 -0.209014822991763
-0.0662258947372229 -0.00411656409551672 0.319536977733724 -0.0882861505131366
-0.0415401106090143 -0.0344229930603168 0.296623910723727 0.0718928955176731
0.0307233279635784 -0.0349574710712074 0.19882040441449 0.241082829691997
0.0314131956175096 0.0209416692424496 0.0642414469129273 0.326130618997963
0.00167991718235991 0.0659428601559119 -0.0321161376336342 0.443349214570803
0.120926901268754 0.205278606052522 0.200849059923221 0.203603096408196
0.213071473237952 0.0462807882517748 0.171551771994363 0.0527485809716326
0.131866866053951 -0.127630660655695 0.124881594910957 -0.0620784743812491
-0.084850650878871 -0.147734437647229 -0.0524822925859937 -0.107701373567283
-0.151098768934051 -0.034009763078292 -0.0962476660878709 0.041491984160026
-0.143334521505497 0.0550117534565207 0.0180717111459833 0.0651003620942902
-0.0922361608399051 0.125319375209271 0.0932387330486797 -0.0473670720143927
-0.072353664487688 0.145584587481158 0.11701833675469 -0.1590342468961
-0.0842041710599386 0.138310517860046 0.148739345233635 -0.220250983458615
-0.150798640388854 0.0657090960199797 0.227813936668401 -0.208816325518554
-0.149301830168379 -0.0450601139847243 0.304804949683995 -0.11465236765238
-0.0781481669028529 -0.120568609063213 0.312395504563335 0.0444936835389875
0.106881330741451 -0.107465675289235 0.209328989102323 0.225392625440655
0.160095891049656 0.0611634197965398 0.050274720688416 0.296458739737812
0.0849978158864872 0.200278470949968 -0.0221466949987018 0.378374678605756
0.151860726077401 0.287633763715588 0.172302134019053 0.14417852483507
0.289505337977455 0.0725968468488387 0.201949730180322 0.0385510290006561
0.194260694899314 -0.16809590976392 0.150417331945177 -0.149728003654763
-0.0973569894196081 -0.217315044492136 -0.115240701781444 -0.170776056228182
-0.21172711555465 -0.0716414867332188 -0.170732739101075 0.0468753761848453
-0.21659448905285 0.0613184425566952 -0.0418274282126967 0.109598058121767
-0.143898276910992 0.17238496485473 0.0503207237348321 0.0165702474647072
-0.107525326369316 0.199070725673901 0.0803401963733355 -0.0936741229667312
-0.121012043715514 0.186432193389013 0.103282809679089 -0.165169709499853
-0.212277448249115 0.089589306534724 0.181003829165191 -0.194837564706992
-0.213408709114516 -0.0612511440299287 0.283903142630174 -0.133550319543873
-0.125786463939299 -0.180792905933868 0.316559860272098 0.0363516306417214
0.151115383669221 -0.185102135383355 0.185958965269424 0.216701241698757
0.270917160334595 0.0689510138988605 0.000502351313039914 0.242955566588802
0.171637343496953 0.296075545701947 -0.0342383420086124 0.269566660678804
0.151667792984037 0.331401285498391 0.154087100518955 0.0461960786883041
0.312487632406668 0.101620033549928 0.220468272956705 -0.0398263751311306
0.226455274066884 -0.166531304403423 0.118234361737976 -0.245643655298796
-0.0804864842870167 -0.244508080737629 -0.192747656135023 -0.206098968962233
-0.230475492135862 -0.103443660751594 -0.239753603221205 0.054424471308486
-0.254694345407555 0.0493010633033564 -0.111913529356456 0.148459104237262
-0.175805852508949 0.188481809891612 -0.0103604763154741 0.0871644738548477
-0.127791942643248 0.223400717790047 0.0338231377965103 -0.0117929663412506
-0.137700216217834 0.212746639519131 0.0549787200348222 -0.0957868034686141
-0.242924665765425 0.113150616264014 0.132499072026262 -0.165398278554714
-0.256586573651088 -0.058748839525973 0.256914685423253 -0.128185418004856
-0.174313134118724 -0.218269194073997 0.291710252991751 0.0542409685424426
0.170758311440464 -0.25638167415175 0.120292010208304 0.201279185282998
0.352112449666837 0.0535976584042977 -0.0670631712775034 0.16292075844193
0.24066665164407 0.344896414550673 -0.0643526536574924 0.137147479915517
0.136234257343949 0.328275751879113 0.141002005449678 -0.0846312272002684
0.29325339298801 0.118459844000791 0.191161245856633 -0.153848201966462
0.228409775616574 -0.138003663006726 0.0432499398716662 -0.30117107189089
-0.0494981916836707 -0.235409812826078 -0.248312619442466 -0.203393489314738
-0.213287921710895 -0.120601895618118 -0.286622601040284 0.0541521936566605
-0.25271159102788 0.0272448382166153 -0.180666218895193 0.172305257736298
-0.17970380400101 0.175178292791954 -0.0774848350356351 0.155112769633085
-0.1287378642394 0.214185155373664 -0.0152436097869289 0.0738604689151682
-0.133648101262764 0.209950987117971 0.00849749943988704 -0.0225327152487558
-0.242894106561434 0.121869047537827 0.0883416654484524 -0.117883892359698
-0.271075689549056 -0.0525734856849735 0.214930704047569 -0.0930276507481034
-0.19700232950588 -0.240057305950677 0.226185688343569 0.0806330282418407
0.182898817492489 -0.294237090216826 0.0292627003992535 0.156140916848014
0.388095969671497 0.0390559006964066 -0.116135423433208 0.0677901677294922
0.271644201957029 0.342685887003647 -0.104429952388766 0.00667013825988253
0.113508707312492 0.277894716931396 0.118546647406534 -0.224727304844194
0.239730383531505 0.109339158524438 0.119493548432363 -0.25377173973585
0.19670240083882 -0.102041685906312 -0.0354386677443046 -0.307737851882121
-0.0205396920991966 -0.194454632238256 -0.270522163928159 -0.18207947943068
-0.168184494596174 -0.114844971888616 -0.312226197100363 0.0458367729876946
-0.209551683837844 0.0063840535754649 -0.240104748394917 0.184962898191674
-0.152454195588833 0.136775394391725 -0.138033832854346 0.212572765896202
-0.111165478730407 0.173282503230357 -0.0606891123602749 0.14860407616233
-0.115638068065517 0.17588269527032 -0.0326372303299354 0.044818095080663
-0.216722279477957 0.106823930602657 0.0423632725205759 -0.0584410475079524
-0.247598605773484 -0.0549272553801851 0.149444496614114 -0.0470644208573223
-0.169247868190633 -0.237721545274265 0.133655918948343 0.0827192142218033
0.190066206912613 -0.270684888775076 -0.0391920631463094 0.0805148669032081
0.360727087558143 0.0401499656255777 -0.12281430601948 -0.00917496559381531
0.246342768780608 0.290970358855863 -0.147275117136718 -0.102485298599929
0.0835323305018208 0.184644684650109 0.0809959085095236 -0.342505455696272
0.158594952683944 0.0757415475900115 0.0361572266773894 -0.312703094197305
0.134612762860036 -0.0631757054618662 -0.0975520694088667 -0.29007415911645
-3.03855712936712E-05 -0.125305605843805 -0.276522309196427 -0.157022271445928
-0.0995259475396228 -0.0848452206764857 -0.323848559713863 0.0412533327775109
-0.132337758206881 -0.0114044032975735 -0.277832776144101 0.193718238869189
-0.100568532124621 0.0791586233913634 -0.180683258566346 0.252315248581854
-0.0760533704177609 0.105257443005597 -0.0949580868031731 0.200382833249781
-0.0815637932256855 0.11280783583259 -0.0652569369543372 0.0967255680831223
-0.157042974324144 0.0673124375160883 -0.00335004727749027 -0.0060587987712447
-0.17430704842046 -0.0572924836942475 0.0761030332349593 -0.0168434264054681
-0.0973434296755634 -0.18667150653185 0.0584480275129392 0.0555147244767662
0.161380868699428 -0.179079209791062 -0.0600972371214906 0.0124317442242613
0.254610955639895 0.0409157072870217 -0.104292858938369 -0.0413840763099845
0.165139247924995 0.186175351162491 -0.182387484515045 -0.177678576573941
-0.0468231004680282 -0.0437330641927902 0.231501851223103 0.198162404147976
-0.0830965175950862 0.00705027469550826 0.145937208678638 0.00697717129739696
-0.0522532457128198 0.0518862400131683 0.0500279411559599 -0.00984852769648239
0.0215395353088554 0.0745965389166487 -0.0207796951619489 -0.0405729056728221
0.0635866441853679 0.0281007553805289 -0.0351126085022061 0.0429947883502928
0.0513758194720105 -0.0173535505460184 0.0615810872608272 0.0148222235172503
0.0276592402405298 -0.034210464254698 0.100637409337629 -0.115433518478314
0.0224173791676406 -0.0194844390467645 0.121996647680541 -0.21854331541095
0.0370093066562768 -0.00192343414115408 0.170540913440268 -0.273540169911672
0.0497484661787899 0.0238831396919739 0.264193149988759 -0.21906472403272
0.0278533729969193 0.050806256621047 0.319184599312131 -0.0876104382764395
-0.0131776611014469 0.0666513231830857 0.286610214752731 0.0867212388563822
-0.0660693957674545 0.0295759336742326 0.186948762389348 0.25394374497142
-0.100210204574701 -0.0401826938681285 0.0553784791873966 0.333425091679534
-0.0664489957200498 -0.0821103051034248 -0.0408530764197203 0.457559021249906
0.0567620751056287 0.0877329552181991 0.237439194755202 0.215210537086165
0.0808500769183464 0.0187900836550657 0.159028840249754 0.0217685833198308
0.0401314937241505 -0.0527667443439123 0.0782131633016175 -0.0251897573702672
-0.0468075500142989 -0.0392972886589866 -0.025260672762519 -0.0555152212505202
-0.0533172401446333 0.0067277725311369 -0.0422732882607703 0.0435997540095975
-0.0468182537166392 0.0322789438430769 0.0593840414868225 0.0264781123046334
-0.0269198214655896 0.0549466547110948 0.107231091481361 -0.100136664293844
-0.0213769686308585 0.0717670335088313 0.123208110751644 -0.208986924685263
-0.0231962116078759 0.0746126629131861 0.163333358934928 -0.267129045738354
-0.0567164889577425 0.0480383105947163 0.252053476618651 -0.227126904594091
-0.0676044247880103 0.000647554529270973 0.316752436864335 -0.108604547085622
-0.0432407394547588 -0.0324480690307457 0.299464135463723 0.0564052986976075
0.0286228494292901 -0.0383573192384314 0.21240536603544 0.232758989188824
0.0325734811141439 0.0203953757388665 0.077762286321054 0.323250707407941
0.00682665932118163 0.0682476163255628 -0.0136964026643664 0.446259178837193
0.132137483667933 0.201000791339667 0.211621216734644 0.194692438707446
0.215779965790794 0.0363123668729458 0.174705426991986 0.0433254482990399
0.127092860987101 -0.135759765384717 0.123005539459716 -0.0738902515054782
-0.0925570170244944 -0.144181462901497 -0.0581699161640483 -0.107372533880409
-0.154090684444081 -0.0256400920897291 -0.0922926965265503 0.046522970739446
-0.141573805806636 0.0652947688882436 0.0255072109164132 0.0638843898933936
-0.0841043243518797 0.132155529245607 0.0916319913647441 -0.0540970773028861
-0.0627588402165938 0.151693365557623 0.107394817834953 -0.168183546286476
-0.0745360810060125 0.144094958515784 0.135949401898135 -0.232196329902102
-0.147734572643681 0.0758315865865042 0.21632609468044 -0.223775860463824
-0.154327968014869 -0.0355480612737144 0.301823961189142 -0.134777347694795
-0.0859418648357288 -0.116800156096385 0.313058164429048 0.0283321538205335
0.102032538536772 -0.116756357413312 0.221354757308563 0.217464540540325
0.164336334807336 0.0540224028511032 0.0627451159086122 0.293010817140412
0.0959803672823009 0.200532075193158 -0.00699972871655291 0.379986151094616
0.16706919331262 0.282964829981913 0.179211985957633 0.13693806511914
0.293822202186117 0.0589548512474816 0.203925441137094 0.0286186097035353
0.18820017036804 -0.179124871212152 0.144876457463315 -0.162832836657417
-0.108566351088343 -0.213665291678302 -0.123762574320625 -0.166537482462557
-0.21781688493698 -0.0598121957591376 -0.167651945095348 0.0555994608118049
-0.215087774590714 0.0755681121943588 -0.0321876859681186 0.112099580632323
-0.133347683365017 0.182811321549482 0.0529920617057842 0.0120563499119173
-0.0948246495661366 0.208638110522039 0.074691371803219 -0.0994155731873626
-0.108555741565997 0.195397849100988 0.0940399977247685 -0.173925346948727
-0.208925722358988 0.104150535877805 0.169614225291475 -0.207224818190122
-0.220502256245524 -0.0477546224324188 0.278516157019444 -0.151902424902273
-0.137714460832543 -0.174099236181962 0.316434334481821 0.0189853462237418
0.142722852197185 -0.196689997106786 0.196663325516262 0.21052357881208
0.277440418333228 0.0546207777147028 0.00883238775449107 0.24346456337011
0.187324615996603 0.293024257056198 -0.0240727060710488 0.269611531375611
0.16788299839479 0.326657045410411 0.15658577682177 0.0396743553250518
0.318796500162809 0.0869306982781066 0.218895273961961 -0.0497182622837964
0.22110930828049 -0.179375304969721 0.108020796961163 -0.257413211781915
-0.0941147922071809 -0.243184339685762 -0.202995216249324 -0.198045670481814
-0.23873014353836 -0.0902829264631015 -0.238020121764577 0.066276121505959
-0.254641970733133 0.0673128219165302 -0.101576805224989 0.155104319286856
-0.164120511207281 0.202011514748288 -0.00347774784567021 0.0873867240936103
-0.113181105830177 0.234144667408723 0.032306679803493 -0.0138594061324578
-0.124173141799163 0.223073105964963 0.0490577349384207 -0.101664028900214
-0.238754250118552 0.12946971603426 0.123226024419137 -0.172623659108886
-0.26442430620984 -0.0431371707090146 0.251020147743121 -0.144495241091653
-0.1869542414998 -0.209626903488973 0.29322450389219 0.037015470044894
0.1599945093545 -0.269119441584313 0.128644907202906 0.198541745839751
0.357489847635597 0.0368625116539307 -0.0623939748938118 0.166919951505958
0.259104897182366 0.33781199266284 -0.0595951888539708 0.138550785619913
0.152708030415101 0.326032987438737 0.137734652333649 -0.0911359773363869
0.301362855114387 0.104745602197665 0.183891140423853 -0.162513005950878
0.224047786563793 -0.152341719119585 0.0288057447225178 -0.309097357202798
-0.0633902961125423 -0.235313240776577 -0.258855647939986 -0.192291147282586
-0.222784467244641 -0.107850729924615 -0.285525636910871 0.0681363699947564
-0.254604580870984 0.0459330421326996 -0.17092369721099 0.184036535748817
-0.168587395826207 0.188116601394012 -0.0665960220480021 0.160116546443909
-0.115548980836633 0.225059354733118 -0.011199690588191 0.0753066036306806
-0.121821884641576 0.219239261554255 0.00725187396464347 -0.0246700383058276
-0.238694812607849 0.137953310618723 0.0793053862735928 -0.122618223455601
-0.278214746226987 -0.0367913183387582 0.210013526682132 -0.10763155919723
-0.210419826955942 -0.229728415158697 0.227610698592462 0.0671423343698699
0.169743460864229 -0.306665158554586 0.0351606234150638 0.158466120666611
0.392684107660762 0.0207055849665272 -0.116214680496287 0.0744568718279018
0.288740890801734 0.333496300882076 -0.10682299319441 0.0100613683672337
0.127406199512039 0.27572673621317 0.109181595428364 -0.23002467273774
0.247721394248318 0.098655151989064 0.10678689348974 -0.259564961280304
0.193473142123451 -0.113679148279486 -0.0505477365818868 -0.310638679979371
-0.0325366852670385 -0.19453857338187 -0.280034624171894 -0.169751978814196
-0.176767120705925 -0.10371583864388 -0.312335839357988 0.0620486876698287
-0.211892394924859 0.0213866370991235 -0.229708056451221 0.20013802305116
-0.144396866803624 0.146935631509655 -0.124317134889131 0.221863236620857
-0.100055231317822 0.181926735871835 -0.0519288054404572 0.152994028347183
-0.105910016148756 0.18374198559682 -0.0303750269467733 0.0470236115121874
-0.212662272919567 0.120839532168306 0.0369523703416074 -0.0600626730561884
-0.253937206724544 -0.0421551702829093 0.146376760076486 -0.0576430364155771
-0.181481811023337 -0.22881589885541 0.136019874033901 0.0738141237072622
0.177390760927928 -0.281618957995179 -0.0374882632076806 0.0865856108550726
0.363102039500419 0.0227945027326194 -0.125908693738496 -0.00111082371715669
0.26011464762849 0.281793626578283 -0.155319938417391 -0.0965043379020385
0.0927539823111455 0.182123419187284 0.0659001792088237 -0.347646980606577
0.164037412616021 0.0690008089263584 0.0211811755383279 -0.315056776638146
0.131843734177822 -0.0710914967849438 -0.112938008976301 -0.287599583781965
-0.00776213931387913 -0.126626969358173 -0.284672478453104 -0.143992418688242
-0.106553370106323 -0.0776628300378097 -0.324117346379935 0.0581449818618604
-0.134796140231694 -0.00174406308031306 -0.268040533765258 0.212021868882472
-0.0953707803703211 0.0858631215233309 -0.163974968564769 0.2640429644999
-0.0699548920918157 0.111413450658026 -0.082535904024853 0.207787274118571
-0.0754834158036635 0.117715853493254 -0.0603031824374835 0.101704267834511
-0.154556380990453 0.07687518226431 -0.00533106748433468 -0.00464386618023992
-0.179316498938341 -0.0481428995625194 0.0743926670795898 -0.0227627659582257
-0.106894181803328 -0.180174274513465 0.0598904043657372 0.0505830653232147
0.152530040379068 -0.188739928949695 -0.0618495675077756 0.0209433477547821
0.255275084932924 0.0278028026328525 -0.108772477396956 -0.0337273792398018
0.174300067562184 0.180303999014209 -0.194488306374801 -0.169744688330815
-0.0477271752480293 -0.0394244135635815 0.238014733375055 0.182097941788466
-0.0800573908864736 0.0112505999552959 0.144028604720811 -0.00214829239631236
-0.0493536516800807 0.0518509441167298 0.0489868119557886 -0.015985439094767
0.0248664195270286 0.07100491801587 -0.023141556682215 -0.0411479866639594
0.0648429057989652 0.0235986950766063 -0.0293714818240144 0.0438807228210885
0.0499553911229732 -0.0202177858292976 0.0645582975426942 0.00939062348844123
0.0246882397211791 -0.0348332130899993 0.0908925654742326 -0.119199396357128
0.0209435963137152 -0.0203271737396886 0.105205972632143 -0.222314684002358
0.037081281683349 -0.00506093556717637 0.150088376274777 -0.279597983524758
0.0508431970331849 0.0194169947428843 0.246131369253713 -0.231216101936609
0.0299961312430907 0.0484092994840504 0.307804546559345 -0.104224628921323
-0.00894457934505211 0.0658652786780617 0.283910509658708 0.0714536393590666
-0.0634154789509124 0.0319015008505357 0.196941942638078 0.239436038874234
-0.101710687111342 -0.0331032020648084 0.0672141537800025 0.323233982719715
-0.0668264328304405 -0.0777264457881986 -0.0207534312383614 0.45101222896739
0.0610065156780942 0.0841209244623862 0.244038290577454 0.198965769810203
0.0802818660552626 0.0144891104834092 0.157275734797439 0.0121461557912574
0.0372101952600298 -0.0541449541084441 0.0762918347765639 -0.0332769908823091
-0.0473850012181558 -0.0369955187769794 -0.0282526118697507 -0.0553295746479917
-0.0515811639753302 0.00913687909396427 -0.0363494862537736 0.0443826263470558
-0.0434801984847659 0.0349190084640693 0.0629755552337619 0.021266653150438
-0.0231740810452914 0.0559571625370009 0.0987469199341791 -0.105057589957215
-0.0155986281607568 0.0722069706588411 0.107200551009997 -0.213401510192577
-0.0172877383671974 0.0745266053019509 0.143444371070869 -0.273694888910103
-0.0529674750523006 0.0498821020760974 0.233774450443496 -0.238414323673156
-0.0670468567022141 0.00520980636963152 0.305329760880476 -0.124701547756977
-0.0439507534041281 -0.0293390133121226 0.294016709694003 0.0405025000826413
0.0252099598033847 -0.0405770690063946 0.219812601787909 0.217925345263592
0.0326442394708449 0.0188360612545124 0.0884122640970869 0.311453011062569
0.0120380268420662 0.0681493906325236 0.00457343266411214 0.437340909332305
0.140423956975065 0.191967338603689 0.216593458694325 0.18106448553916
0.212782087595782 0.0257783105869833 0.173661894905759 0.0338052301871164
0.118340775890928 -0.139185724000606 0.1179367413911 -0.0832079497533956
-0.0971404251699743 -0.136646146817787 -0.0625116614242571 -0.103364383530177
-0.152673824615197 -0.016974676203398 -0.0869346145721964 0.0498783730778002
-0.135097504375595 0.0737227523789965 0.0314482362681776 0.0598532427130556
-0.073828529992635 0.134938432058905 0.0874047471365212 -0.0605577161209643
-0.0505674547414839 0.153190464593707 0.0938242739789404 -0.172140835881702
-0.0626574263987377 0.146113588542448 0.117906427052138 -0.238261431292643
-0.14031105426101 0.0833383601003738 0.198735586128192 -0.232769851675353
-0.15457236286759 -0.0239842630227428 0.288832842000453 -0.150963661208071
-0.0915751838166422 -0.109476676449213 0.30493678749641 0.0123375433614102
0.0936891952432562 -0.121917891055202 0.226497965275103 0.20255527823536
0.165322214580244 0.0450003290744998 0.0715922666860543 0.282749817011931
0.106296325261585 0.194032111048819 0.00737189922219962 0.371384265168245
0.17804969191277 0.270550969887149 0.181202868192978 0.126797332019513
0.291157502592565 0.0447569485819546 0.201567422545871 0.0179493442263113
0.176684264836415 -0.18547044142423 0.134841595397996 -0.171467697978611
-0.117187976514344 -0.204382839676453 -0.12984091356369 -0.158734252833762
-0.217501734437431 -0.0458500423691365 -0.160910825709359 0.0616112849575277
-0.206842838171771 0.0892322599628793 -0.0228631894651771 0.110688768786122
-0.11922134964964 0.187893681104047 0.0539023002348418 0.00762373885695328
-0.0783502454789109 0.211354186647247 0.0660382661742643 -0.102885923607133
-0.0930700617349896 0.198054933774329 0.0806214868243419 -0.178261466352126
-0.198979680192069 0.115347283403909 0.153652974417542 -0.213477115059471
-0.221073406195343 -0.0326920110638026 0.265384884486474 -0.167495719913498
-0.14468455031428 -0.163230211384905 0.307841394377995 0.00187788749451184
0.130108933144473 -0.203036870757181 0.201412788017756 0.197477396124947
0.276314689014674 0.0406910386517747 0.0174818513276486 0.237620062687193
0.198948963159356 0.281128917004409 -0.0136010953784639 0.263940780848508
0.182303487498087 0.313899754050282 0.154787334764586 0.0328627093091908
0.317738198873601 0.071388960694144 0.212239634505868 -0.0582645589645184
0.209468608947112 -0.188203130374639 0.0937686177299233 -0.262360327204365
-0.105093185847922 -0.234523678398299 -0.20920186293581 -0.185201965494358
-0.239937410843851 -0.0740375245638569 -0.230259830229171 0.0757553009141008
-0.247323041727597 0.0836950392706171 -0.0891233864878868 0.15685271671496
-0.148193698074278 0.208439987939276 0.00365572027275834 0.083922422473085
-0.0957685474410343 0.238022676953296 0.0306066989807893 -0.0158702295719125
-0.106707357425132 0.226550709750031 0.0409344826906516 -0.103985520041328
-0.227849384984482 0.142195676791902 0.109126491786906 -0.176770097798765
-0.264515898952966 -0.0264283445917395 0.23819554066132 -0.15906361746242
-0.195265098772717 -0.195669899409405 0.285187524692678 0.0203613087791526
0.144245081982666 -0.274072447831488 0.134473427667748 0.189793923940927
0.353924320329945 0.0192239476016786 -0.0564000815198669 0.166433872900487
0.270602839752705 0.322636468918132 -0.0552231237248196 0.137542602698151
0.165251083910549 0.314423599628822 0.130172991454808 -0.0940115199964549
0.301845321056439 0.0885587007365432 0.172914604436663 -0.167733052896313
0.21372411560597 -0.161842023436906 0.0134968686143436 -0.308049133907422
-0.0750462402633332 -0.228248865707252 -0.263224787605715 -0.176201885798817
-0.22535943261849 -0.0916382344389013 -0.27802274227738 0.0811970630344674
-0.248440889248255 0.0636022876040856 -0.155641439637154 0.189892031565323
-0.15313077061388 0.195590321088032 -0.0542445956536431 0.159574139640711
-0.0978429701236218 0.229568067811146 -0.0069420590962874 0.0748022243242557
-0.105385531489536 0.222823420669743 0.00425915950415298 -0.0252539390381762
-0.227135908583106 0.149289120046225 0.069137900547786 -0.123605862002345
-0.277572976212262 -0.0201503183552567 0.199309163710565 -0.119786178885859
-0.217776044445262 -0.213754185644647 0.22314390116662 0.0525632220702067
0.151621139491462 -0.310821801784227 0.0403297553717449 0.155938135180193
0.387525124656894 0.00124898777167657 -0.112932254539699 0.0793976070430401
0.298934885152859 0.315888867575309 -0.106733405108946 0.0140362728504355
0.138588957829627 0.265767629670691 0.0962821799516674 -0.230193592883646
0.248497766657607 0.0846992310233472 0.0922498387281314 -0.258298025076308
0.184439664830038 -0.122857306308793 -0.0648668241686085 -0.304214400905825
-0.0435642092235402 -0.189997074449446 -0.282878040276193 -0.153618982807125
-0.179894119066505 -0.09002211140812 -0.30452354684804 0.077046585341861
-0.208136248907686 0.03619026536284 -0.213701252491549 0.210207462868961
-0.131515081123737 0.154007441191906 -0.106429771616875 0.223721641550662
-0.0865567762293772 0.186587855488183 -0.0411333378846303 0.153905351606899
-0.0931391530150918 0.186725279954177 -0.0278912276813626 0.0479476642397356
-0.203116550790255 0.131564688143763 0.0308560135645781 -0.0597103312472279
-0.253313495785816 -0.0266141507360243 0.138887573111582 -0.0673377753594652
-0.188311080638092 -0.213658123934988 0.13387342576334 0.0640981711690879
0.160046241482466 -0.285960765585172 -0.0338868288472832 0.0907361567528403
0.356806678971509 0.00493418890402261 -0.125903553029414 0.00645007551799714
0.269252020127198 0.265379810097296 -0.15967781544714 -0.087015396821958
0.0995378683942724 0.17555987498089 0.0491001477876514 -0.343787246319719
0.164636705462546 0.060164351876391 0.00546439981314603 -0.309333371731854
0.125998789132566 -0.0772742874954682 -0.124643722597354 -0.27873467328052
-0.0154131138089462 -0.12362999827311 -0.285523477591316 -0.126863740694192
-0.109243977165173 -0.0680935619970441 -0.316570039491486 0.0748368493901609
-0.134026223954904 0.00809070930313227 -0.250493664293072 0.225077545389243
-0.08858444282664 0.0901608365368466 -0.144508956922954 0.268550821859363
-0.0613183088980487 0.114591507517343 -0.0683267514227065 0.209523744102196
-0.0675703047499683 0.119758047792704 -0.0536419401041659 0.103955681164913
-0.147860398963965 0.0845153068083107 -0.00760071075289712 -0.00326151066336744
-0.178960822445413 -0.0370515216124593 0.070036054480859 -0.0282905558367438
-0.113053559263032 -0.169666319324236 0.0588184276642323 0.0453848171716492
0.138340837012924 -0.192460025152839 -0.060994127193817 0.0283289165256195
0.251566378109745 0.0149300179558473 -0.110431664531902 -0.0259021533118931
0.180027169213259 0.169470513978547 -0.201855554716289 -0.156329472436769
-0.046357247708034 -0.0357119667651297 0.236470916641842 0.168217922584954
-0.0755483101560202 0.0141011393456173 0.139341146970258 -0.00763722992153557
-0.0456276952121766 0.0508149106589137 0.0473208214631625 -0.0208606111953094
0.026350653448443 0.067000721440364 -0.0249501670288391 -0.0411896856313849
0.0640218306817531 0.0199401616943982 -0.0236159824519233 0.0435868474201735
0.0485420236053174 -0.0223909892815797 0.0658164049195359 0.00505360793982804
0.0226024818328818 -0.0348906470229804 0.0826828363926189 -0.118515881604846
0.0202405499951631 -0.0202569960048652 0.0908262182616925 -0.21964041521442
0.0358600685109258 -0.00699602598791424 0.131898613041516 -0.277552289728634
0.0499044396767834 0.0157892444004181 0.22833039802887 -0.234472121977702
0.0312596587770823 0.0459988897562361 0.294107089557061 -0.112404726016171
-0.00567856538348547 0.0635570870562196 0.275554234806396 0.0607312626408141
-0.0608760703392854 0.0324591608950918 0.197501632176751 0.225922886176932
-0.100032489841693 -0.0273319787757315 0.0709759397804561 0.3091336419009
-0.064790942169879 -0.0734478063751323 -0.00855618015537934 0.436600976315856
0.0618631552433687 0.0804331666236568 0.241574900196462 0.185068358321731
0.0784805980152038 0.0120173553371455 0.152761697236967 0.00642949598354827
0.0339837016822559 -0.0536980849766771 0.0728045660676878 -0.0389704957143294
-0.0471734715861637 -0.0343635784277664 -0.0300041687430994 -0.0545275102198308
-0.0489893087453565 0.00997918705762529 -0.0315556170250963 0.0436708671951944
-0.0399346359085624 0.0356661038333161 0.0650298323749968 0.0162809052403282
-0.0194998291647283 0.0551941125833708 0.0911605665086646 -0.106557035551223
-0.0113227666508675 0.0704488504194449 0.0942071270102098 -0.210792835157593
-0.0121731999697384 0.0721172726012778 0.12565326247032 -0.271671532877412
-0.0494526994840931 0.0502844936462525 0.216472746711026 -0.239822138722301
-0.0645340227738919 0.00877110100337722 0.290251670184661 -0.133343664497789
-0.0438202342222027 -0.0262250284408934 0.283671059441663 0.0304718381821407
0.0225597330950839 -0.0411600047391385 0.219405277139159 0.203643860844191
0.0330452211906023 0.0176018677601595 0.0905185729487433 0.296249223269366
0.0164560604972007 0.0663115855233864 0.0148967545046201 0.422576703848036
0.142206329604976 0.182107324140565 0.21313381741339 0.168901578412842
0.206285208318139 0.0195012511568076 0.168853282441447 0.0275303566163646
0.110276216972415 -0.138317551379358 0.111634816212708 -0.0889932807873049
-0.0980985841903931 -0.129355557664639 -0.0646066586635587 -0.0998635871244222
-0.147886821478684 -0.0110725317970658 -0.0810241932903973 0.0503227980934756
-0.127543313374942 0.0774333626841568 0.0361037713583565 0.0549855628985015
-0.0654036290623061 0.134164674129044 0.0823397375532526 -0.0628770901619676
-0.0411835095806374 0.150327836192149 0.08225883585044 -0.170594329810438
-0.053199873044632 0.143031720318276 0.102233204310614 -0.236190390122578
-0.132747566578192 0.0870259796782611 0.182910055484618 -0.233912379903334
-0.151670607570919 -0.0157790502294485 0.273699838030128 -0.158311304721165
-0.0916755632694473 -0.102173963986559 0.292603115446353 0.00184101822553092
0.0860067667685418 -0.122834730934371 0.225492789423627 0.188954527154048
0.162418244263763 0.0391682738190487 0.0749163372086648 0.270096958079699
0.110829057078982 0.187257487706911 0.0157531820959166 0.35768345819418
0.181222409976668 0.25624012382804 0.177618071638521 0.118720332033665
0.283190283417509 0.0349107031876341 0.194907573310915 0.0134765016590005
0.16688620326581 -0.183442517883887 0.124569299418494 -0.174772509229835
-0.119889900971947 -0.194217599859153 -0.130490639730896 -0.150753569699469
-0.211939254348596 -0.0370930448610835 -0.153188844261083 0.0640566233298927
-0.196665483868789 0.0963830024749711 -0.0151216498690392 0.106146254814534
-0.107034069293064 0.186329281003582 0.0531284945048644 0.00255488178778873
-0.0656575645396605 0.207600257799271 0.0582515613157475 -0.102303827840018
-0.0803545662689631 0.195210583342048 0.0693215744004486 -0.176623044532901
-0.188551410082421 0.121011832093074 0.13965957709708 -0.211388807529464
-0.217048010148461 -0.0216975190898424 0.24987548788301 -0.173791472113363
-0.146322125658831 -0.152267305236077 0.293762606236779 -0.0083429675171108
0.119247711715262 -0.203870969153366 0.199552275336141 0.186285588173534
0.270157742122803 0.0319095243447657 0.0197814718555251 0.227817604098012
0.203081315475674 0.269334541537141 -0.00835495107356656 0.254925144770287
0.18574447185306 0.298919266098005 0.14948781109933 0.0293735123082026
0.309682866247167 0.0603433914345897 0.203783262334311 -0.0609360489242077
0.198729311638597 -0.188623172312988 0.0825188920981335 -0.260099911883481
-0.110334214404012 -0.223643463243405 -0.20751758673723 -0.173410261318461
-0.235076501079376 -0.0624213385871294 -0.21929299215568 0.0796575869584994
-0.236558681414189 0.0931151551917572 -0.0774261797020966 0.154226493708238
-0.133247955411093 0.20718593747024 0.00760439005940541 0.0788318094153297
-0.0809653296077748 0.23458837012004 0.0286893357571876 -0.0168767568870274
-0.0921122963344048 0.222915684006829 0.034585463473514 -0.10264406823349
-0.216120688951027 0.147367479287943 0.0981134395837986 -0.173745836574193
-0.258571604418292 -0.0141509375888166 0.22349626199768 -0.164916351795254
-0.195086973365632 -0.182260394819623 0.271662204752537 0.0109366053846178
0.130882031834598 -0.271931956693599 0.133555445592228 0.181061512736298
0.344875364248944 0.00891292878891391 -0.0531181836253898 0.162792028804863
0.272204607326085 0.305596152109755 -0.05257284094971 0.133589013628208
0.17078020063931 0.299720969487077 0.121931105950312 -0.093213828185298
0.29621130905416 0.0775626757941828 0.16201610335451 -0.165062575896327
0.203190984995618 -0.164567173527195 0.00337701520017562 -0.301156020084188
-0.0813074233136824 -0.219307305954843 -0.259455267332752 -0.163172410912092
-0.221876967618262 -0.0786757116314635 -0.266494066861801 0.0867395866347244
-0.238559006150178 0.0737393475994337 -0.142250375387086 0.189141196146777
-0.138980808173227 0.195889288738787 -0.0446694740385917 0.154528845549416
-0.0835222710465297 0.226619042046608 -0.00342119777707638 0.0727254165685868
-0.0917538575127376 0.219356127283595 0.00192744091459975 -0.0248888015478543
-0.215192418091142 0.155272584410498 0.061386917065752 -0.120664235401489
-0.271237035120616 -0.00861768696165251 0.186608533293604 -0.125569089139355
-0.215999865648753 -0.198798368958999 0.212996038353295 0.0437611462405907
0.136793620964311 -0.305707632844199 0.0415649987993003 0.151964009812607
0.373820451672135 -0.00936019710722572 -0.109602851780217 0.0810924122305629
0.298371855274568 0.298582018502982 -0.105138061346878 0.0165380590317319
0.142808586500387 0.254047601596984 0.0867650037973353 -0.22361802323043
0.244840466324394 0.0747823182912822 0.0816039434878037 -0.25080521609072
0.175571017487114 -0.125379582753978 -0.0719861958627228 -0.295154878088802
-0.0490648411842584 -0.182004918539817 -0.277070483609983 -0.14064116156679
-0.177502908893861 -0.0781724111751603 -0.29239166355246 0.0847535301714702
-0.200574469829066 0.0459715615120648 -0.198139549434458 0.211848443407809
-0.120696198535726 0.154310263380481 -0.0933925765626812 0.219447098727311
-0.0745348020753779 0.184633454180368 -0.0330045127414603 0.150902032726528
-0.0818236626562277 0.183883763964957 -0.0259216947146596 0.0477409143458926
-0.192355915150137 0.135587761566429 0.0258861469078754 -0.0575360116245927
-0.246701539567951 -0.016950034513253 0.130381825038301 -0.0715376110627467
-0.187652788642538 -0.199286971531666 0.1276988584028 0.0570150833243351
0.145093324322122 -0.280527175571745 -0.0315439321733069 0.0921221404930216
0.344969197914002 -0.00512226112301072 -0.1239688774362 0.0116897322181432
0.267089182693425 0.249904061483674 -0.159118354809267 -0.0794070198966195
0.101454447288564 0.168473448802934 0.0383883037047712 -0.332335645219792
0.161667902928219 0.0536225780374819 -0.00280308392099863 -0.297193692314568
0.119563550477379 -0.0792338311666218 -0.129085885236622 -0.267161466170085
-0.019735184393173 -0.118804979831977 -0.27886425444627 -0.115233791016201
-0.107353579630641 -0.0603746091633824 -0.304671545777577 0.0838982272548848
-0.129749128427101 0.0153836640039282 -0.233376536690674 0.227805448388928
-0.0818689088841939 0.0906182555513295 -0.127828436492686 0.264416335794839
-0.0539696540210006 0.11383621478108 -0.0568997944281892 0.205168311992651
-0.0608405244493553 0.118586902501503 -0.0482166960269053 0.104101188685208
-0.140780323318395 0.0873016774373511 -0.00822501881980455 -0.00165220328108397
-0.1747021251813 -0.0298317756567329 0.0649378217534735 -0.031989541785209
-0.113421974071484 -0.159191322415911 0.0557065675724969 0.0421476244737822
0.126609420150045 -0.190441876572401 -0.0585400156351422 0.0341431035885658
0.242959179828979 0.00786505479414918 -0.109515564032272 -0.0197385666588533
0.178537117897107 0.15890053335261 -0.201484075179595 -0.143654645899659
-0.0247321690260276 -0.0517284328303354 0.137748114030909 0.253418540925478
-0.071158409118379 -0.019991926837204 0.128088143818798 0.055199352962424
-0.0621011639567649 0.0239958387692651 0.0556775264020981 0.00129683523702183
-0.00615889012420671 0.0682962224012354 -0.00169103692980069 -0.0500753530237066
0.0479021486414995 0.0434175889072612 -0.034934658898303 0.0259003368081491
0.0519946377118188 0.000579162064288075 0.0593137765353336 0.0279936260700151
0.0335701149199133 -0.0207822336267776 0.120765736769748 -0.0727882140706117
0.0272470949109908 -0.010165657181814 0.167335505723208 -0.159477792748908
0.0348194597335242 0.00548418742474246 0.226453467990693 -0.192770622428641
0.0377298839500944 0.0295801682623781 0.298182171624219 -0.116068217056021
0.011641744396498 0.0495368967054104 0.302619455876077 0.0200835123862734
-0.0270848637037781 0.0515600115077879 0.215942936424964 0.168812720635792
-0.0633817204758463 0.00531624456468723 0.0801546762166956 0.276380388763991
-0.0759584412636091 -0.05716307697215 -0.0631850311299769 0.295876123211673
-0.0276961657106352 -0.0841845782278089 -0.184479994319547 0.380984646334576
0.0206124837052341 0.101045348727601 0.144739990504214 0.25641347996299
0.0628978270705613 0.0452487110945949 0.134933262461938 0.0647492873016702
0.0527125487758508 -0.0335762853702721 0.0793200619742325 -0.0103619434346037
-0.0253997449539248 -0.0495782852932007 -0.00815114090014385 -0.062201323532489
-0.0462656214343551 -0.01264477519817 -0.0446207991573855 0.0277685342545914
-0.0494101881830816 0.0151658204335164 0.053770956556649 0.042451701308299
-0.0388604138942997 0.0409974411981258 0.124325701447978 -0.0582696808893718
-0.0360473047757578 0.058572271424262 0.165595062226313 -0.150468387964831
-0.0387238120717806 0.0574089334703319 0.216146273977816 -0.191914830258662
-0.0648041591999239 0.023212313651769 0.288163878472303 -0.127812648686519
-0.0614437987447025 -0.0206034956331771 0.308680687875477 -0.00168773956530952
-0.027033055466149 -0.0437818866309885 0.23512687556234 0.14305320185291
0.0407331739948904 -0.0309597757815787 0.109215451922871 0.268000776488654
0.0273277043525254 0.0327810929362173 -0.0417076891139755 0.298691224352739
-0.00548844709029854 0.0738538410084457 -0.165023312154153 0.380921888376057
0.0465187143592165 0.227804976524702 0.135410048664095 0.220282739828357
0.169806891637868 0.106755089081045 0.141575259089642 0.0837056454290991
0.156613345442558 -0.0739142984982642 0.130405429282765 -0.0450009400902641
-0.0298015802132928 -0.152493550585677 -0.0265884453633162 -0.114653142128841
-0.123115576647613 -0.0725261152047669 -0.0942165023277513 0.0177414773819369
-0.143023502776882 0.0165077670893959 0.011769082506969 0.0683944786834672
-0.110600830536571 0.0917861768917973 0.0997538819115147 -0.0216180871839553
-0.0943998159524634 0.118304873848277 0.140317158206915 -0.119578238189952
-0.102346434158398 0.10507111191879 0.180901209603832 -0.170048307460788
-0.153517055589266 0.0252054967140323 0.254791146441049 -0.136561152458481
-0.130831467817614 -0.0748684043410543 0.303028178434605 -0.0318358816699872
-0.0410166844857503 -0.129982081883626 0.255340645198481 0.119890887892557
0.129731378282812 -0.0820548949827218 0.121346972571054 0.257898346004186
0.136228374470646 0.0994498368690729 -0.0453351748670918 0.274843072629111
0.0345893410269921 0.218113748874977 -0.14636676248999 0.32586893184621
0.0467422405829162 0.313002003093903 0.131271732443901 0.155139068613549
0.229518457094256 0.154096287716665 0.171695097147775 0.0785756503146415
0.226858873351641 -0.0912360206713037 0.174881725224106 -0.119721637824454
-0.0200581129979196 -0.217909359111148 -0.0691474254450325 -0.186630985443464
-0.16795885717077 -0.121253252806852 -0.166066807172977 0.00276576944056772
-0.211977068133221 0.00527143827058513 -0.0560939427148667 0.0952726143785275
-0.167983281340811 0.120810278272222 0.0477531645513166 0.0261713818608091
-0.139076700380567 0.160123360473929 0.0925080364740447 -0.0678174395506203
-0.146696836452399 0.141529701632646 0.12677817354706 -0.130790501763511
-0.216923108791745 0.0353681782343028 0.206644767265136 -0.134417995154098
-0.187539238034297 -0.104873418831141 0.288161196368254 -0.0550419187419282
-0.0699358789790575 -0.195642661375939 0.260454164145883 0.109781231884519
0.190619807460482 -0.14168477101067 0.101704761062829 0.244159614884463
0.234240583160593 0.133503811191694 -0.0756613900884377 0.221603228939534
0.0866346065620672 0.325500668687012 -0.13134352108784 0.225793548355789
0.031653662474445 0.353855718600651 0.14767810082341 0.0630129709911068
0.242761259079206 0.187971771446358 0.211384672945587 0.0157698447642454
0.256066565760911 -0.0823819931803098 0.172445963838776 -0.215066832214927
0.000789614488291884 -0.239056760078495 -0.130071957785655 -0.239042040313434
-0.177201018127395 -0.152407737283886 -0.233522770143516 -0.00957491111970011
-0.24498747680336 -0.0131280436571248 -0.132577416402022 0.113876584758288
-0.199324740494116 0.128762730653752 -0.0237379001657219 0.0757730435653567
-0.163076940734955 0.178081492492132 0.0319088947655403 -0.00385514858682224
-0.168164776149206 0.162389205863958 0.0659222501423441 -0.079326390042371
-0.250870182231431 0.0486102950697601 0.153729212080356 -0.118022482404737
-0.227454247375588 -0.114596327066386 0.260474281257319 -0.057581762806535
-0.10100935688872 -0.241292760535419 0.232950568459697 0.116088261927684
0.226577557086474 -0.198120985488466 0.0474089809876892 0.213839819305224
0.307092064714144 0.140245256003492 -0.111515561756896 0.137736189614398
0.133783395553567 0.383677651520806 -0.121997429246827 0.102387924981537
0.016786628353162 0.348309090119279 0.175761875809289 -0.0545620259196272
0.223467188744192 0.197512981707046 0.218908575368139 -0.0923705219358527
0.249762790154781 -0.0594257797558214 0.120188897505474 -0.283969948038535
0.0238662418076665 -0.223586132384709 -0.180030223615891 -0.25406637778624
-0.158333408013708 -0.161265478715417 -0.279017045769584 -0.0233698206593491
-0.239070071982248 -0.0309957141164265 -0.204675652534853 0.11875506286049
-0.199180266251299 0.115458871625078 -0.100883864815734 0.122784122925971
-0.163347780225742 0.170094160363664 -0.0321553932849761 0.0624829604308191
-0.166791217686116 0.159505186117535 0.00679370963854863 -0.0226181335332146
-0.253238547491377 0.0559384322725261 0.0990860472483052 -0.0852870440739635
-0.240331418277589 -0.114725643945401 0.211401408363604 -0.0385642852270988
-0.111916061633494 -0.26267024016175 0.166923674909819 0.119780346544014
0.244455117351691 -0.225421346219039 -0.0210341581151866 0.151879148942525
0.339227126274687 0.134897912879237 -0.127747527682403 0.0452340362018645
0.159038210877617 0.384165891901359 -0.122224295682684 -0.0220319154854396
0.0127546048714815 0.294508890197389 0.193372284364721 -0.182272782243903
0.18054710160412 0.173166047387576 0.182138661398378 -0.199171762963581
0.208346651486009 -0.0367617916257856 0.0525412793244158 -0.307116612169069
0.0346208745633051 -0.177661442004723 -0.202663308579624 -0.241294632353034
-0.119496562499746 -0.140799262173165 -0.300173772615175 -0.0389332262178337
-0.194545516854647 -0.0397766107714012 -0.2637627788584 0.115060253742956
-0.166985168414247 0.0864264379683157 -0.170633732659299 0.160678037541601
-0.138502156331787 0.136243427027562 -0.0889665038344259 0.12036692452723
-0.144195775991839 0.132449873496312 -0.0459596307083719 0.0310888221265885
-0.225278589939381 0.0474038632551151 0.0423405516258601 -0.0429350406637783
-0.214380383896738 -0.110823690709564 0.140025019707249 -0.0146281137632348
-0.0867388020309682 -0.250132648275064 0.0870158384197983 0.0974161519618127
0.238748862215785 -0.19786984242434 -0.0609283256651663 0.0710705920610542
0.308080940701525 0.126920105148126 -0.112596984374484 -0.0221774949870687
0.148092773043764 0.325730867378605 -0.127587281118637 -0.128874812597597
0.0148869124446497 0.197964912791442 0.188765104370364 -0.29258935936797
0.117495081543267 0.119440851596604 0.124025601539314 -0.270990940781914
0.139006671326525 -0.0195444996799704 -0.00728358142491292 -0.301600707251489
0.0334609240782323 -0.110036850410593 -0.210191576211305 -0.220231894305708
-0.0661498846042253 -0.0960377736716379 -0.308284469728334 -0.0465536481861962
-0.120395831399719 -0.0384782408719457 -0.300736329346882 0.11133871225795
-0.107982537097991 0.046180082769533 -0.219568450021052 0.185133138546189
-0.0930906943120804 0.0817136734536639 -0.131983315916759 0.159840317988707
-0.0999927140490987 0.0825760525335234 -0.087066587258835 0.0718040368106936
-0.159678318757669 0.0241893885913591 -0.00974179750984521 -0.00661133576307921
-0.144746347054967 -0.0939540941566906 0.0671218963865861 -0.00548953021787817
-0.0374325262997528 -0.18447234994818 0.0309353577968632 0.0563842510210837
0.185679498378808 -0.123785320243557 -0.0627846337342542 0.0106201499476945
0.211862099135051 0.09852523335612 -0.0892767957212684 -0.048212055647204
0.100735206294529 0.209631470263482 -0.133633963044343 -0.204554107230461
-0.0243093390951016 -0.0506917700368179 0.137213003701246 0.250710954573683
-0.069627912111258 -0.0189283127813177 0.129190297334617 0.0542682577503858
-0.0618977068753742 0.0235586024379553 0.0572083562853517 -0.00132175687535475
-0.00598777751628465 0.0679096507815298 -0.00415662455880338 -0.0525179477445377
0.0485324577490685 0.0421534308797933 -0.0323339457188243 0.0261819393579762
0.052267481221724 -0.000186416207322127 0.0617950140910273 0.0260348960358625
0.0333276763604364 -0.0209069040585242 0.118050030281258 -0.0742259131648088
0.0273518063301671 -0.0109348170523637 0.162387108544389 -0.160357333854019
0.0353357304618714 0.00474250657424334 0.21996564630155 -0.196189148897021
0.0379269340746663 0.0283460216780901 0.293484734264418 -0.120940335918956
0.0122031921221398 0.0490780530639608 0.300483157203334 0.0158044594044574
-0.0260547493348805 0.0512243875099017 0.214217773067906 0.166443694368302
-0.063605340744221 0.00526266522909299 0.0815220582522004 0.273394518268122
-0.0755381339970114 -0.0550135753992574 -0.0637604974268827 0.291228376312972
-0.0256474160480277 -0.0826911111599782 -0.183452956300977 0.379254998560546
0.0218759631835003 0.100768921465288 0.143302966573861 0.254318875284632
0.0626903200281905 0.0446382028655058 0.135372994184295 0.0652463981041521
0.0521072411793685 -0.0334038690092523 0.0810134523025206 -0.0140268189864076
-0.0260298682947107 -0.0488059894427277 -0.00985372661138466 -0.0638259646523192
-0.045381222925369 -0.0125031435714937 -0.0423951393632584 0.027423567695787
-0.0481810794203262 0.0156327370932506 0.0566194332060177 0.0396796540461044
-0.0374697986083292 0.0419490102400806 0.122529141758108 -0.0604702703266425
-0.0339598344000798 0.0590914856955573 0.161038205105068 -0.152449090618942
-0.0370636759327296 0.0570473921880308 0.209635011228586 -0.194673477791737
-0.0642643262705231 0.0244135455607228 0.283399427301275 -0.131662622537078
-0.0611737178877326 -0.0187141145931174 0.306255817082016 -0.00673909348003559
-0.0268860066975958 -0.0427244849950402 0.233207249966225 0.141084319656254
0.0397549834360622 -0.0319728175260095 0.110332197797862 0.264996643688796
0.0281422977371271 0.0331012501196924 -0.043044561731606 0.293854671273547
-0.00320052444350364 0.0746036812046629 -0.164151924187159 0.377644147472676
0.0485894308488345 0.226436194480129 0.133527130100552 0.218711351196008
0.168809715494742 0.105071348163607 0.141287018245176 0.0836514568447855
0.155659985081481 -0.0738138869397829 0.129904589976992 -0.0492791699410989
-0.0303392513949184 -0.150681414328604 -0.027865532644866 -0.115051052887572
-0.122512632269683 -0.0711764159621774 -0.0916123412032334 0.0176564515731923
-0.141561194398046 0.0188210018747164 0.015566526879156 0.0659964479129751
-0.107524694733401 0.0924359450066582 0.0991871782588434 -0.0245309267183383
-0.090577769612404 0.119879921844973 0.136589403733139 -0.120815659447154
-0.0987082348912768 0.10568161678709 0.175351003842083 -0.172852098842741
-0.152959588292456 0.0279402693795425 0.250726812883862 -0.139734673082076
-0.132162536390239 -0.0715971144969173 0.300731029995924 -0.037584083458613
-0.0425200933387043 -0.1280631769718 0.250729526972496 0.116765248795482
0.128194392197507 -0.0839714054434434 0.120984942412387 0.255367229746458
0.137514574349141 0.098998719482958 -0.0474857111262909 0.27134004310956
0.0377734805865173 0.218463943677996 -0.14527566277633 0.322412204758576
0.0489617461698659 0.310701795534752 0.129087895416195 0.154831712822027
0.227865105362899 0.152805251350745 0.171662535679851 0.0793330857775356
0.225069637918597 -0.0911185403605621 0.173918065680789 -0.123865751083829
-0.0209066475034422 -0.215952138082689 -0.070425221756484 -0.185416164449793
-0.168155293803086 -0.119062177955328 -0.163972379287535 0.00343654695280879
-0.210431330956875 0.0095281496673109 -0.0516385620966789 0.093718477277322
-0.163957032732407 0.122550080901675 0.0477916824686732 0.0230488005708708
-0.133495613340425 0.161704820581602 0.0900424119135662 -0.069238819706168
-0.141484590213235 0.142496047870845 0.121910162042842 -0.132525316936298
-0.21557458464681 0.0389520082551757 0.202731886605744 -0.136914112093236
-0.189110382948804 -0.100924398825946 0.285394439019607 -0.0610217880528378
-0.0717964835482497 -0.192810338055582 0.255985803837916 0.107579276207426
0.18901228351362 -0.143999725677682 0.100356894867081 0.24351336969378
0.23544192569827 0.132401176267939 -0.0770001517150082 0.218757976358158
0.0895035973637969 0.325344264047873 -0.131706034937548 0.22327971231964
0.0342263471470539 0.35174023790503 0.145052188349508 0.0638665409968225
0.242300092430512 0.187004410817683 0.210658532135607 0.0168206391386897
0.255877568627691 -0.0826679217611657 0.170472084425504 -0.218317975833155
-0.00123806468241794 -0.238093852443567 -0.130717306171136 -0.237685771903419
-0.17778812739909 -0.149833235179338 -0.232079958159144 -0.00780800951475981
-0.244025278435471 -0.00694904666476704 -0.127455168997265 0.113623595298883
-0.195768859214433 0.131042251480996 -0.0214588647398402 0.0738141406304343
-0.157693316708215 0.180424918299708 0.0312360448004653 -0.00462355478078527
-0.163466429030553 0.162966540130102 0.0628705544336715 -0.0802492234982216
-0.250017796525297 0.0536612626089413 0.150702134112803 -0.119005003540285
-0.228956194564443 -0.11038828229867 0.256720896469439 -0.0633382648832639
-0.102244826637773 -0.238405295668363 0.228505076430826 0.11274315705082
0.22495122582458 -0.199475896074309 0.0450225950953327 0.213755317585171
0.307549748532239 0.139563365194148 -0.113745039949004 0.137573306665331
0.136544576705073 0.381949276843354 -0.123273689496366 0.100597780195798
0.020209174421917 0.345606909526717 0.172269479868783 -0.0531712255313642
0.224329286985239 0.196066008753938 0.216930804764761 -0.0905647390488904
0.24967390969501 -0.0605782090667642 0.118313646522849 -0.286167964387589
0.0209336785432556 -0.222043968950075 -0.179393652067902 -0.250643181499011
-0.159335643446804 -0.15777099257221 -0.277001184517748 -0.0208799973895506
-0.237955097954411 -0.0247880740049224 -0.200029996399335 0.119368800139759
-0.19613853249142 0.117964630491051 -0.0975256210866939 0.120565775687845
-0.157613750916775 0.172311848076237 -0.030493008878232 0.0625152296475127
-0.1615461070623 0.160334043986144 0.00524572079838066 -0.02224659246995
-0.252545554497086 0.0598552352793316 0.0962849478245065 -0.0854982940185681
-0.24109551978176 -0.110708082802148 0.208034831919496 -0.043516804629145
-0.112241451344135 -0.259809191203583 0.16317224589297 0.117234675329259
0.24135445258218 -0.225231048969898 -0.0230979168890579 0.152344963687034
0.33709317196974 0.133547416387181 -0.128564870450782 0.0458700359100351
0.159883879703784 0.382162356571259 -0.123234743002323 -0.0225445352043094
0.0146909956739753 0.293538519460287 0.190246415924377 -0.18006349875606
0.181408696697551 0.172168311840362 0.180498297284273 -0.196478757028963
0.208588576683496 -0.0387532120252561 0.0506551151698222 -0.308103139689756
0.03234452115472 -0.176417255088044 -0.20172894000824 -0.238645391345802
-0.120090890931764 -0.137896235162597 -0.298646648057031 -0.0360120877728128
-0.194016318815092 -0.0337264438402606 -0.259790510384331 0.117908935791313
-0.164113703315767 0.0892534477342031 -0.165917026794622 0.159861017333556
-0.133940727981897 0.138350852825892 -0.0862566569479668 0.120806560917366
-0.141012324182095 0.133014226622711 -0.0464573823722813 0.0319844919481341
-0.224122282184887 0.0511764775335817 0.0405394633372595 -0.0426613162054264
-0.215065708269032 -0.108498217773027 0.137556361357101 -0.0185956600591746
-0.0861451123626442 -0.246402439898463 0.0842170327975752 0.0957801445385994
0.235028830722538 -0.198135725389485 -0.0622193361916087 0.073488924551859
0.306735025764528 0.124695761006982 -0.11521675791593 -0.0198514921256551
0.148892610337162 0.324237624790437 -0.128922093286188 -0.127482654704435
0.0155503520190425 0.197639008958002 0.186213554206635 -0.290888540728129
0.11846508907584 0.118413032059964 0.122961169812424 -0.268261058688699
0.13831136242166 -0.0209927697156948 -0.00803601978875205 -0.301133056711013
0.0319043007760304 -0.109190706190196 -0.208842744135697 -0.217145429539631
-0.066101182447096 -0.0936180893230871 -0.306539330558655 -0.0434246882621733
-0.120458280804758 -0.0345205861998942 -0.296291946415701 0.115582857789222
-0.106992801971392 0.048360656319618 -0.214512988409355 0.186905424036298
-0.0904557587613334 0.0833252515787096 -0.128181955716864 0.160553231172512
-0.0986264933353521 0.083137196233847 -0.0857255196639176 0.0734285458365628
-0.159624023039613 0.0269331705711486 -0.0108084204036357 -0.00631753239980767
-0.144373111564376 -0.0921332921886027 0.0650519021900995 -0.00842639425661337
-0.0370967722462356 -0.181092406337865 0.0290309230766738 0.0555226495831193
0.181780312519589 -0.123953003849842 -0.0644670173440932 0.0149693962257435
0.210460068758767 0.0970843678628307 -0.0916860904035526 -0.0456879610393451
0.101471196718075 0.207405549772802 -0.135276607945062 -0.202416611566601
-0.0240308323764334 -0.0491585188377238 0.142896476436776 0.250609331186142
-0.0693669625186244 -0.0179892944777584 0.133615080928082 0.0529979589997288
-0.0626989510221894 0.0242573537039836 0.0595330945398733 -0.00571865416783959
-0.00491665754288414 0.0681007691140863 -0.00727805021468204 -0.054917311339385
0.0500417738565606 0.0405963587301382 -0.0296592550590323 0.0278046831205043
0.0532454269284333 -0.00218070095823344 0.0651527500353745 0.0226188498262632
0.0335481944515267 -0.0210913256129317 0.116214445435972 -0.077860611052705
0.0272708200581687 -0.0115861643469681 0.157129604097641 -0.166059064392994
0.0357832853139355 0.00355901241528678 0.213952424684547 -0.203980403354954
0.0393875123664652 0.026206748463862 0.291999077600533 -0.130068621180006
0.0131049630082974 0.0495355572664868 0.302496297544247 0.00801335526979983
-0.0247462664240643 0.0520078932105496 0.218463938304917 0.163126112430884
-0.0645900038462541 0.0066451091211585 0.0876468082435554 0.273207664132124
-0.0772856532195023 -0.0529107029873043 -0.0624803624089193 0.292839246463633
-0.0253061155308372 -0.0835253353419618 -0.179453156231828 0.385835765486219
0.0251311857654078 0.101006026176704 0.148250844915149 0.254118471787862
0.0637834159471249 0.0441899234439724 0.139886146252376 0.0634277011953657
0.050991590027659 -0.0344393427545871 0.0829721418036898 -0.019389240712827
-0.0272486312108776 -0.0478710376265108 -0.0124463900110551 -0.0658687452957273
-0.0456716900842477 -0.0119446216836532 -0.0410071014807717 0.0287751791583666
-0.0476404906579653 0.0174694549958938 0.0604323654824469 0.0365956724423471
-0.0363976295950006 0.0436606671324289 0.121324767331319 -0.0645798962379619
-0.0312564422854255 0.0601900125240861 0.155984630020192 -0.158059758540174
-0.0343150858753362 0.0580474526952494 0.203403605998029 -0.201776101148003
-0.0646610626348197 0.0259918452966351 0.281471449472175 -0.141762440697418
-0.0634670581672006 -0.0164776009590868 0.307043007105113 -0.0154357537903176
-0.0283277929170176 -0.0423467113997228 0.235190118955181 0.137062698292047
0.0394210195103516 -0.0343356727489503 0.11583699320253 0.263500032915847
0.0305397229091779 0.0338248780045696 -0.0416329687124122 0.295652818058898
0.000747883568694013 0.0758994301570863 -0.16119441553431 0.383139389126152
0.0531526259448076 0.226603113460004 0.136877322076481 0.219935885538946
0.171249701859369 0.102987681090415 0.145629170167083 0.0830959791647381
0.155046470982145 -0.0765663345522445 0.13077572771566 -0.0560843354547211
-0.0325465695923513 -0.150035549466037 -0.0308114970625207 -0.11721151105223
-0.124275339247534 -0.068530652796763 -0.0910999817203323 0.0191615503938703
-0.141640851563164 0.0240363333791576 0.0196067490411598 0.0643564195660816
-0.105472565658696 0.0965311080926109 0.0987021870690884 -0.0287450693198902
-0.086389331541968 0.122712013163946 0.132974316863539 -0.125883196056597
-0.0953195290235579 0.108503784091937 0.16884472054466 -0.179457098716638
-0.154079202801555 0.0331747584659324 0.247734337770054 -0.148237142386938
-0.135363836803428 -0.0679083108079768 0.300768198271331 -0.0469538946027942
-0.0460899830034655 -0.126834839417936 0.252656807550901 0.113792137028802
0.12713132268037 -0.0893017190524188 0.125083275078989 0.254214801060525
0.14239295227451 0.0980845511563255 -0.0460433394739492 0.273071187618179
0.0450762247265899 0.221328585010876 -0.143023228949879 0.325618772545314
0.0558014235174069 0.311481691960423 0.130551602136505 0.155877471209204
0.230551217121604 0.150539783557126 0.176378148659912 0.0783996974603206
0.226074531479961 -0.095672814561492 0.172823783576249 -0.130715632774201
-0.0250995874225214 -0.215934038387126 -0.0741355912787466 -0.186182425251683
-0.171487190808249 -0.116015728899458 -0.164278509620873 0.00591767784672535
-0.210845367352886 0.0171682881389261 -0.0472758476480896 0.0942980180379081
-0.160915542445347 0.128887275670181 0.0489650613702452 0.0198470497620604
-0.128104983320251 0.167034452439084 0.0877293190054654 -0.0722343991106163
-0.13738254476217 0.146386824609244 0.117517895863161 -0.137573271799471
-0.217611306673394 0.0464734247485013 0.199468007467419 -0.143577316212613
-0.194386826261079 -0.095551918110969 0.283625363608175 -0.0708757359412407
-0.0765295514150838 -0.192212831443676 0.256132299360912 0.103370340462507
0.187865242962354 -0.151401857509541 0.103650556030783 0.243482682307631
0.242704020983761 0.130032122797396 -0.0773342647631969 0.220923792043246
0.0976156247438847 0.327944920230089 -0.13025692861892 0.226516042818315
0.0419311465867305 0.354254268363677 0.145064175035225 0.0638028066022841
0.24738306654407 0.184675800284363 0.213751893743118 0.0159344904943349
0.25832298305408 -0.088115755565007 0.167468433572025 -0.22653111162621
-0.00553821126073262 -0.238883200007966 -0.135249220813777 -0.236390397204716
-0.183172799102935 -0.146747386080287 -0.23298829287124 -0.00492686818024266
-0.245295328284546 0.00107600485493675 -0.123583861916539 0.115690711415277
-0.193213981189406 0.137773860113009 -0.0193322308900236 0.0725080925536053
-0.151155351087755 0.186224273836453 0.030733679084572 -0.00531719287706141
-0.158812706183111 0.168002240949436 0.0593145290923196 -0.0826607731466347
-0.251300595821897 0.0631072884646948 0.147188676211185 -0.124364786174829
-0.235245925630771 -0.104515521893169 0.255106476669949 -0.0729692176499644
-0.107942247365419 -0.236532337653619 0.228132003382435 0.109417732631464
0.223057549475391 -0.207204739289343 0.0468744286213734 0.21554221688746
0.315155288816974 0.136482186354044 -0.115081457083484 0.140064507179512
0.14611326616863 0.385130631805014 -0.125259456988771 0.102283437455689
0.0273761604236152 0.348903960975403 0.171115583639324 -0.0548027713178563
0.229555222950653 0.194202424851448 0.218494954728397 -0.0924402510083679
0.252558693854463 -0.0666027206802361 0.113260737165104 -0.292607394993079
0.0163168072972518 -0.223661412379136 -0.184705152182395 -0.249474079895005
-0.16416529336761 -0.154154845838734 -0.278842222628633 -0.0164736539740861
-0.240052607251616 -0.015867662487846 -0.196418017789648 0.125102215986292
-0.193172908252884 0.12458908206986 -0.0943795873688539 0.122459373965091
-0.151526607495446 0.178241045473437 -0.0287002731046104 0.0638415324376393
-0.158034348282422 0.165527044974908 0.00392890812836462 -0.0223032406548986
-0.253500351490413 0.06819804508916 0.0936265356311737 -0.0886140733991245
-0.246896471250595 -0.105561895553048 0.205946186404493 -0.051982619793551
-0.117497883002374 -0.257978152436254 0.16257937216507 0.115426313820928
0.239724318162599 -0.231547392012374 -0.0226005795614279 0.156205708659366
0.343435175673117 0.13156965763028 -0.132060587942536 0.0491123637512154
0.168526550774615 0.383891585817826 -0.126895870925637 -0.0210212928868677
0.0201537542724221 0.295760409980993 0.188169499341971 -0.183026102043689
0.187408768327766 0.171039950782816 0.179238704428801 -0.198186926192885
0.210730742360847 -0.0441188976995302 0.0448278334178539 -0.313858667334892
0.0288322178984519 -0.178199527497849 -0.205503394442777 -0.236768517485506
-0.12432131384767 -0.134775536896112 -0.300835308189076 -0.0305850259333676
-0.196146825147202 -0.0265743509241481 -0.256723878396846 0.124370605815718
-0.162841820845124 0.094441955971586 -0.162136680452607 0.163978147046283
-0.129100868136134 0.143342613437358 -0.0831371378759244 0.123906423581728
-0.138100367641335 0.137549406621191 -0.0464977551793567 0.033796937544905
-0.225240510736319 0.058056656324254 0.0386962131783877 -0.0445234006692613
-0.219565359333803 -0.104283101369521 0.135331983159515 -0.025190493327467
-0.0909345368185753 -0.245230851626203 0.0830612910789281 0.0950480394802109
0.232278219520471 -0.203314766954732 -0.0633350108345344 0.07879027853375
0.310951367109798 0.121436442632479 -0.117864950764696 -0.0171028661741317
0.156824581688538 0.324201837068433 -0.134884013396859 -0.125884061545375
0.0195864606806784 0.199378721448676 0.182185365805327 -0.294673452916483
0.122355422522205 0.118222430589673 0.120126052872369 -0.270411933693301
0.139861434196656 -0.0240878594738055 -0.0141155502785429 -0.304517868331106
0.0294292571255865 -0.11037797824827 -0.213390532893177 -0.214823316852889
-0.0687991963712707 -0.0912733955654467 -0.309260034879114 -0.0373922473137746
-0.122133747098433 -0.029483276041703 -0.294325728929497 0.123993326222727
-0.106652359664295 0.0521099071215384 -0.209906358364136 0.19264687284304
-0.088064762747192 0.0864769040040972 -0.123813400511609 0.165539070412299
-0.0972509318884403 0.0856259656414349 -0.0851504873372474 0.0766039089069823
-0.160420135556199 0.0318999260359253 -0.0119061557450931 -0.00658076082398349
-0.147593614563842 -0.0897034859979096 0.0626929933597526 -0.0122987986530288
-0.039826748739589 -0.180272162249805 0.0284090524747983 0.056171821257234
0.179019905376264 -0.127341659333816 -0.0654074969499792 0.0205336269149561
0.213398818394552 0.0940448364602711 -0.0957387880245199 -0.0428644452218582
0.106393398668013 0.207443093364549 -0.141876666758417 -0.20032902706877
-0.024953746808558 -0.0479970408757637 0.152689949474591 0.245131961016734
-0.069436513330179 -0.0145714248527615 0.138377353394361 0.047346626156699
-0.0626088115916618 0.0262806862819971 0.0610631562391209 -0.0108542854842257
-0.00267114282953083 0.0679584602472262 -0.0116516155365399 -0.0561434161033876
0.0525911840149189 0.0380080011532468 -0.0271256270103429 0.0287232309642747
0.0532415935476033 -0.00500486245269356 0.0678601878365845 0.0181159240523909
0.0330608028525109 -0.0223236174891984 0.111858525003876 -0.0820353575313291
0.0272730250967015 -0.01282262510999 0.147408407100965 -0.172850916063751
0.0366704714676335 0.000730590304974499 0.201245110957231 -0.213836608900434
0.0398746450092977 0.0236416225770186 0.284528834518268 -0.143444858685773
0.015821318835218 0.0493260542454691 0.301580418591471 -0.00629885399481434
-0.0218040561742443 0.0528798391552283 0.223743401782859 0.153892947032463
-0.0641127331638739 0.00881108003453792 0.0979439789055876 0.268181373349776
-0.0794151874028654 -0.0491034089203042 -0.0530240082031059 0.292702807170096
-0.0267776190151533 -0.0834164034501822 -0.16375140803075 0.391622926606376
0.0296889409472567 0.0998002670880132 0.157529652651531 0.249865522251119
0.0650479257713038 0.0419048084776993 0.144939516233105 0.0579983825807297
0.0493623397048381 -0.0364281751230802 0.0824089844198005 -0.0260456116720181
-0.0290690107522767 -0.0460444385802778 -0.0162807396777704 -0.0665299192609434
-0.0461755260964383 -0.0104881019434468 -0.0388056402993133 0.0296242503331874
-0.0458708730145645 0.0197617681396992 0.063604496747405 0.0321346109287784
-0.0330434262597397 0.0453800626407797 0.11725918661197 -0.0710474192835878
-0.027430017769905 0.0615510057674497 0.146773525770903 -0.164961825702524
-0.0307324522456464 0.0590342579873964 0.191218009436957 -0.211898055439889
-0.0635971012979009 0.0292914311923229 0.273296027505956 -0.15548377006206
-0.0642836662122918 -0.0122731168096675 0.305119218968289 -0.0320621438874139
-0.0300915984842077 -0.0407553316209077 0.239180591682818 0.127893799197621
0.0374204572616714 -0.0371083768242375 0.12577479901869 0.258406811095098
0.033242006972317 0.0328331471608321 -0.0321758135220056 0.295264378844635
0.0064902970482324 0.0760846316795537 -0.147340988431708 0.387298065246742
0.0632816234120799 0.223602842645608 0.143999774777455 0.216070422097416
0.173885351548925 0.0966263538260521 0.15100410759071 0.0780995498301296
0.151686467376367 -0.0824285970667178 0.129065066603049 -0.064660203708579
-0.0385639181639342 -0.147656104900248 -0.0361785366576846 -0.116025330296273
-0.127461312712893 -0.0640517497478352 -0.0900240365895886 0.0221563577400349
-0.139461980024578 0.0304950122000026 0.0246044402660032 0.0614754189759957
-0.0998107331929241 0.102230513597481 0.0974208557708275 -0.0351304407196537
-0.0781874255089137 0.126464760316576 0.124835348643037 -0.131833617398623
-0.0887653830685127 0.111995058085172 0.157557720517488 -0.187420059356822
-0.153028488021463 0.0421423825971862 0.239407541305055 -0.160639675762758
-0.139829679440169 -0.0600113554593397 0.296191845149433 -0.0633794295403172
-0.0521604184044932 -0.124546055083798 0.255158653766456 0.103818144752461
0.123175194688547 -0.0960756469197783 0.134248271218287 0.248955413175286
0.148775508642337 0.092639299139954 -0.0395651019057597 0.273249150647707
0.0567592633984879 0.22000274786491 -0.131363211214175 0.329874345908164
0.0684830192586285 0.308759680213785 0.134753443209539 0.15369761309224
0.236254322334286 0.142522571773236 0.18028443082307 0.0730228560195996
0.22282979120711 -0.103891268897657 0.167118514200659 -0.141774676031032
-0.0334101496900445 -0.214289566498583 -0.0812440768097097 -0.183543547104387
-0.176327713446045 -0.108798997220628 -0.163269215574938 0.0116130665009847
-0.209132600037183 0.0276064120763402 -0.0410767690170492 0.0941510704308544
-0.153846434616326 0.136586989909508 0.0496409317813648 0.0159139957065252
-0.117930078186181 0.172651714599703 0.083290299071756 -0.076892470948916
-0.128729688155578 0.152980137082718 0.108501017319766 -0.143746164304039
-0.215398043480162 0.0590096560282215 0.19175696426223 -0.153542756389524
-0.200699953551197 -0.0857798533109578 0.27840440901324 -0.0862063151018945
-0.0849799955234922 -0.187791943742882 0.256584999635446 0.0936858257042825
0.181649407253779 -0.160535712958667 0.111654127658324 0.240116605898937
0.25053619035019 0.120495495381961 -0.0718175719226086 0.223620010237521
0.113358050657503 0.325389206116349 -0.123505839489481 0.230232344692379
0.0551927258651294 0.350184995755862 0.145651660010881 0.0614934585017803
0.254172344012093 0.176054518507508 0.216138940282229 0.00864388906493017
0.256270596049533 -0.099239694841287 0.158269853640414 -0.235767174624877
-0.014746187024098 -0.239129245411972 -0.143985667803319 -0.230780996212437
-0.189501274257568 -0.137650219796205 -0.232943009643881 0.0046989497095237
-0.244658878212547 0.0139221515587487 -0.117045565298565 0.119503559052341
-0.184919794837525 0.14759784686528 -0.0156198594708496 0.0713249009199561
-0.139857321667502 0.193440195796719 0.0306072207259534 -0.00717334455165958
-0.149173344630204 0.174520792648137 0.0543988871868087 -0.0845261186208195
-0.248839843182624 0.0762053719700671 0.140044901431665 -0.132188546483918
-0.241604185382446 -0.0930371925143519 0.248968988932078 -0.0876490084805449
-0.118175386251865 -0.231751025739178 0.228746765458223 0.101229511887556
0.214884161982142 -0.217105481142781 0.0544902557980254 0.214548767969506
0.322815982971844 0.124707913799034 -0.112996559897279 0.144420112230207
0.162372145616246 0.379895535208894 -0.122732203193675 0.106627222910705
0.0413507858168866 0.347920782026602 0.167440101419784 -0.0585981979373755
0.238103358395261 0.186422068215873 0.215783473145317 -0.0991064471459103
0.251004407158546 -0.0778144996985323 0.100383803711812 -0.299753645700818
0.00725833309426525 -0.224347551390853 -0.193450415171918 -0.241748110557107
-0.171306490113031 -0.145969524756779 -0.279139645627981 -0.00565877861917372
-0.240235785740182 -0.00271019258542163 -0.18932880441836 0.132361408573947
-0.186334201174956 0.134654408704142 -0.0878897326106418 0.124718645834685
-0.141335695507511 0.185041782744908 -0.0254509396523667 0.0649385728083981
-0.14904133118283 0.171688207101262 0.00160609864073178 -0.0222918993681046
-0.250751225853624 0.0815461303462937 0.0880202747175785 -0.0929898861340209
-0.252450370488173 -0.094338640265102 0.200576971491276 -0.0635184383427019
-0.127459461283095 -0.251684223146164 0.163328092130047 0.109468400090892
0.230398417734891 -0.242303392076205 -0.0176597587210605 0.159801016797116
0.35024173222485 0.118602231876713 -0.132639087933283 0.0548844163140416
0.185592911774397 0.377590026294972 -0.129039372777538 -0.0162453088802928
0.0327469463712519 0.295860040401216 0.179755013170286 -0.188024902243131
0.195244529074572 0.164456013629854 0.172261340416025 -0.202850272873035
0.209697982888465 -0.0535553470721133 0.0311711150503165 -0.316039794634128
0.0208169475208972 -0.179107057057101 -0.214050732489329 -0.227902135899607
-0.129766479505025 -0.128273946602091 -0.301709845732054 -0.0183663274245111
-0.196718373212867 -0.0149408627458462 -0.249796775301319 0.135252964260053
-0.157230575505305 0.103110384479056 -0.153243171999862 0.170156916065833
-0.120528678824623 0.149728317527444 -0.0764265954897088 0.127297822368367
-0.130538187784539 0.142838293680607 -0.0456850136010005 0.036668987928811
-0.223026884883419 0.0694376481699638 0.0351130068036556 -0.0460711635009733
-0.225078413528794 -0.0944131532919207 0.130447518554978 -0.0332299553611175
-0.0990863061956678 -0.24043117598856 0.0848022460633728 0.0921407488520066
0.223382490144805 -0.21245654877505 -0.0609426989374355 0.0843513760482438
0.317163902839207 0.109527535773962 -0.12117806416727 -0.0117640312964073
0.170121424317072 0.31835545605221 -0.141098506339571 -0.120181043956775
0.0278331314232627 0.198705404177585 0.169835364478925 -0.300029267263423
0.128206120149999 0.113841727691416 0.109974693564267 -0.273144180099596
0.139637781607364 -0.030640753306235 -0.0276812577969566 -0.30495098227797
0.0247472461427818 -0.111372767765232 -0.22029554699787 -0.206536579245692
-0.0720240666591423 -0.0876519648087302 -0.309392938301584 -0.0238497782032349
-0.122970206690137 -0.0223029671501664 -0.286994897823341 0.137977505416365
-0.103884450723084 0.0568667801802201 -0.199572550752929 0.201698629465111
-0.0820209716423092 0.0908586781927148 -0.114665627587792 0.170689755180814
-0.0934312378074162 0.090125579299795 -0.0815754385937991 0.0814097352600093
-0.159046640464413 0.0403108667851152 -0.0133960926683442 -0.00597695828656307
-0.151666353935727 -0.0833330690133308 0.059801140966231 -0.0168138583153802
-0.0463774809315775 -0.177415244048188 0.0290829101740596 0.0563526506771661
0.172642170741086 -0.134371249466276 -0.0651301547149455 0.0275701785001464
0.217668724398882 0.0853122429847499 -0.0990303424504599 -0.0369371781890711
0.115302705710776 0.20265428688491 -0.151905841534144 -0.193137319277566
-0.0247289336796157 -0.0452510650637298 0.159753606081944 0.234162274371669
-0.067015494545585 -0.0115039213493709 0.13981953900911 0.0397957315256707
-0.0605893617312558 0.0285379624571927 0.0604886033108547 -0.0160845610858396
0.000306801799380083 0.0666912934796008 -0.0161051411669719 -0.0547284400420275
0.0525162945371924 0.0341529026314703 -0.0236688779009406 0.0295714715141905
0.0517513060246652 -0.00840887117709436 0.0682300517312252 0.0129285341514761
0.0315268993075864 -0.0233287080382508 0.103707237617552 -0.085385352526754
0.0261531396156176 -0.0136415204110653 0.133377743063422 -0.174686231044662
0.0357418726744608 -0.00163513574855894 0.182804913312581 -0.217476218030624
0.0397622414443702 0.0204519318993284 0.267905594024186 -0.154464934120923
0.0179966299442369 0.0469645905824468 0.291859442115661 -0.0211088884281122
-0.0186407575672654 0.0515189950904823 0.223953042519793 0.14070024618063
-0.0626763926770341 0.0106766161131297 0.106651576507103 0.255410174657592
-0.0783341685171345 -0.0436317685715646 -0.0430191608197131 0.287270858230023
-0.0276410879601066 -0.0809464221010453 -0.143672643076108 0.387573709125317
0.0343720624679352 0.0953735237161134 0.163901502849434 0.238945975573195
0.0647942433199489 0.038022184968574 0.145817441427935 0.0505518731906913
0.0455962303406987 -0.0369643619626747 0.0803804156468424 -0.0322931172870883
-0.0299847822467988 -0.0427628768042541 -0.020559143692958 -0.0648835518551894
-0.0452697571799314 -0.0080309774471464 -0.0360822536384306 0.0307226782492658
-0.0437313326533948 0.0211462089755166 0.0650250660415391 0.0268512999078419
-0.029003722512629 0.0458153401894478 0.109794088720526 -0.0748666052102034
-0.0225456131150384 0.0610292044885049 0.132982971830815 -0.16718584232322
-0.0263574187150134 0.0584469432081553 0.172330139014524 -0.214765827919319
-0.0611082516916279 0.0319790700852281 0.257133834736985 -0.166728661496943
-0.0634249177613805 -0.00787400398003632 0.294546349929056 -0.04609422376088
-0.0315965474893839 -0.0378507982985665 0.237214796523538 0.114742611295987
0.0343531965458081 -0.0387710670216065 0.132782196443685 0.244705667001705
0.0355301225960921 0.0305349383447656 -0.0227242054004112 0.288561094603616
0.0117579266023107 0.0732451492869217 -0.125609319258322 0.383616184151043
0.0714056651888694 0.214305433282618 0.148552252213175 0.207387982475899
0.173015283028125 0.0875598285729075 0.152205262581987 0.0697779629270319
0.143656654279889 -0.0855235264259317 0.123091606858087 -0.07137542321782
-0.0431510122935614 -0.141515272715503 -0.0407483631989521 -0.112267219489748
-0.127482297084862 -0.0567900588059753 -0.0858985436469691 0.0244890511307277
-0.133733374752218 0.0368190730181467 0.0281049881554595 0.0568030724662842
-0.0913783661096685 0.1045128492367 0.0920286323549331 -0.039596075157238
-0.0689113144651423 0.126530908571641 0.113835412769391 -0.134313896539563
-0.0792470161908369 0.112666112509664 0.141714454640932 -0.190148289009256
-0.146875418256049 0.0493763114018622 0.223337179355075 -0.168953107026204
-0.139460483877151 -0.0504502892151551 0.284477691165621 -0.0771135126486654
-0.0567374831500384 -0.118761569610221 0.250438699843627 0.091333054923947
0.115524338558464 -0.100764937075586 0.140861658661323 0.236621681773917
0.152023501873076 0.0835876856593829 -0.0300725008282111 0.267015829275767
0.0670221326354733 0.211840102840973 -0.113993948978399 0.326081206481639
0.0801807106940678 0.296793667118619 0.137341741025758 0.147065079971437
0.235604378841272 0.129684668004666 0.180511504017085 0.0644711436941531
0.213404753116409 -0.110438861645975 0.156513255696069 -0.147831170559017
-0.0407735302034216 -0.206794344948481 -0.0866516779005971 -0.176051546262935
-0.177331159124434 -0.0980449601918621 -0.158221077862997 0.0181023492376222
-0.201590720399323 0.0377070794678101 -0.0345038719159136 0.0922206581972495
-0.141676863930834 0.141272811748005 0.0488095138402394 0.0116896521233
-0.10458395953238 0.17289592702626 0.0768081536268499 -0.0782719385642267
-0.116772786136269 0.153723827560371 0.0964936396557559 -0.14377601068001
-0.207186785465639 0.0694266721657544 0.178142434106484 -0.160021969446776
-0.200059543883495 -0.0720946609251053 0.265103614427882 -0.0996016826653211
-0.0919248764002605 -0.178991489209084 0.252046822941385 0.081474628358722
0.169331692125716 -0.16644444039279 0.11830967213605 0.229407567077649
0.252648201426765 0.106834847808055 -0.0640846858730517 0.220424908402394
0.126529761259879 0.312153314763799 -0.111591252723119 0.228953317440461
0.0694567626250775 0.338770187754095 0.143101765642749 0.0571990177976806
0.255511393107723 0.162591625420549 0.212259759402562 0.00135472964774744
0.247090375393465 -0.108140572085843 0.142446559069794 -0.238613298601408
-0.0247966723299968 -0.231777474037772 -0.149225006510547 -0.218996539930384
-0.191112659371841 -0.125180915102973 -0.226263179767904 0.0137614215400643
-0.236492166303581 0.0267664994276301 -0.107214595223344 0.121059581279931
-0.17191766422858 0.153239915685336 -0.0118774692563091 0.0680665880716292
-0.124981662735031 0.19480132689638 0.0293688785999331 -0.00834401072841769
-0.134998536083167 0.176077948880657 0.0468234879983805 -0.0845521847416623
-0.238592918639994 0.087717618110209 0.1284807846892 -0.135389124171058
-0.241311111060838 -0.0780637358897336 0.235657892008008 -0.0988310499706984
-0.124516130926291 -0.219468279306139 0.224440218739307 0.0901883692491548
0.200076169725838 -0.222874367152742 0.0605512497435371 0.208621419019815
0.322592119844244 0.108210119082536 -0.106877062384551 0.145554086762018
0.175570310713729 0.364984304283681 -0.117237500799639 0.108752602047015
0.0549624806890675 0.336285020797042 0.159526600219287 -0.0605090620296805
0.241412732540457 0.17285165217725 0.207048992946687 -0.104453157343864
0.242262847663936 -0.0880729078239877 0.0844393097178798 -0.297751929512553
-0.0030447407699553 -0.219282910116995 -0.197118248034085 -0.227374698870508
-0.173960087814449 -0.133715585688212 -0.272030194481842 0.00613083159639242
-0.232643595617228 0.0104160430532359 -0.177190143608145 0.137347487020393
-0.173916868892005 0.140664956411909 -0.079024778567465 0.124256590160889
-0.12547111621842 0.187159542705989 -0.0213914117491738 0.0642190089171027
-0.136265500566254 0.173536568672816 -0.000209314646109903 -0.020891063382799
-0.240374392212831 0.093606339599235 0.079549226484828 -0.095129716590302
-0.251622411347078 -0.0791549061641437 0.188735286657518 -0.0735271751721575
-0.134705494304601 -0.239267863500883 0.161685165249808 0.100591723986296
0.213842486438831 -0.244863006967859 -0.0111992163633953 0.158522363666348
0.347435078395399 0.100350349269606 -0.128956942193507 0.0593379563060366
0.19742249836664 0.358944608126544 -0.128415085967868 -0.00975806636946533
0.0444475589022391 0.285617210591719 0.166335705143055 -0.188069266176298
0.199038707580058 0.152586142222826 0.160835650059292 -0.203837215689232
0.202899621077027 -0.0629146284033869 0.0162409523819994 -0.310283564959671
0.0119872522405532 -0.175648607579312 -0.216573132081247 -0.214116507063905
-0.132967169065182 -0.118042884680937 -0.294181986450072 -0.00516015009846276
-0.191664853487043 -0.003232438529292 -0.235514979368799 0.143954654812375
-0.147892274181123 0.109227260445184 -0.140189310817499 0.172332983826344
-0.108268276723738 0.151380219251605 -0.0671879411811537 0.127224282920947
-0.120229762569032 0.145312912820217 -0.0429948881473982 0.0387326506637363
-0.213479826673536 0.0795366943309103 0.0300437611943015 -0.0468956233167092
-0.223437850840758 -0.0819655085094739 0.122374488876079 -0.0402166642537369
-0.105982481865612 -0.228672276073276 0.0849845380759409 0.0874226585528348
0.20742658871553 -0.215169867484737 -0.0558331328797249 0.0877921742112307
0.313667785813129 0.0926616829019117 -0.11984875704023 -0.00454621041745707
0.179563271495574 0.301744259208238 -0.143875485463461 -0.110399774802952
0.035119541079834 0.192587111177544 0.153467870357302 -0.296685967839501
0.131029340140814 0.106349057059211 0.0966664481705283 -0.268346384519064
0.134899318882594 -0.0376334369837561 -0.0411570113984585 -0.296158302559609
0.0189086972524335 -0.109534837073057 -0.222281186574042 -0.192971495695857
-0.0740859269161093 -0.0812646769184275 -0.301777876998111 -0.00978792460067077
-0.120486918455825 -0.0144156410895224 -0.271696950309122 0.148183364514555
-0.0982610822871445 0.0616982418969421 -0.182940905433376 0.206087151331784
-0.0744798587860671 0.0927092904496871 -0.102701750245521 0.17130707669715
-0.0862670820509093 0.0916491166322835 -0.0758112464154641 0.0839292957658111
-0.152881497262636 0.0473819765787937 -0.0153131114732536 -0.005740949426035
-0.15181627017937 -0.0744696925833375 0.0538742467439786 -0.0202810507367529
-0.0517768415595713 -0.170069564637064 0.0298646106610824 0.054347953678846
0.160281114543047 -0.137069388553191 -0.0621576093024094 0.0331196813587047
0.215448010853416 0.074064814623141 -0.0995726552057963 -0.0302764909871989
0.121709827292527 0.191356625678494 -0.157250900396113 -0.180434668699467
-0.0266042824100497 -0.0407238221791415 0.18187578858599 0.209232136342408
-0.0631273637873882 -0.00423023302260088 0.143069904973383 0.0204368691605089
-0.0545389636375409 0.0339903232056248 0.0596971042064415 -0.0268447116760634
0.0066503999732522 0.0630939916954076 -0.0232624520899394 -0.0519517292809961
0.0531019691458697 0.0264178177339552 -0.0187156068003995 0.0285542816946105
0.0484688133289179 -0.0137398790606723 0.0660527691808531 0.00214655256139569
0.0275891257884763 -0.0263088968652334 0.0886294297319676 -0.0946280259460675
0.0235988337168576 -0.0167276395509154 0.103258538813364 -0.180086086178737
0.0331560252941752 -0.00647240946036028 0.145457327562781 -0.226718371392245
0.0372717435081278 0.01459370304714 0.234544669255015 -0.181193795226318
0.0199437315671259 0.0415009615261133 0.274873119285785 -0.052910819420741
-0.0120050937155443 0.0468676769572099 0.229928578233745 0.110866330984464
-0.0561441943621427 0.0156280160537064 0.127928959320161 0.232937929984987
-0.0733210734501407 -0.0328707760970736 -0.0132197767450509 0.277848943960043
-0.030033335699656 -0.0717904036302645 -0.0944438423905082 0.383610244842962
0.0483440403983215 0.0882289406239543 0.179375757058597 0.203041745439904
0.0669938510093059 0.0299211312332106 0.145118197215899 0.0282248741605361
0.0390740381325621 -0.0395942032798495 0.0711838009365457 -0.0421426132695542
-0.0323641916388606 -0.0366624516824652 -0.0297329532576332 -0.0574921035627241
-0.0439170565758848 -0.00333489617937244 -0.0284722142602674 0.0344871711136838
-0.0383150276930804 0.0243936473428195 0.0673458105982085 0.0176013663432572
-0.0216524991227462 0.0457206126973306 0.0975483503156959 -0.0835751799246185
-0.0133022531856564 0.0599347176855362 0.104267487086892 -0.172581693708078
-0.0185223234322939 0.0568224112408947 0.136634358663727 -0.221775713414175
-0.0553423503657005 0.0381771001579678 0.220870452821721 -0.187678741698615
-0.0635682073101556 -2.10343040796821E-06 0.271938395022429 -0.0757717459736163
-0.0340441554760818 -0.035382420412466 0.237026817785986 0.0839231199163619
0.0278083960107116 -0.0441750405667894 0.152421162696234 0.216257756662652
0.041635624986763 0.0224480400872651 0.0113168088009763 0.276631218639458
0.0268309384687062 0.0668103353381867 -0.0777522002672209 0.382667625990503
0.0990680177581995 0.198995613808949 0.155861145048926 0.165688434217848
0.173715346402431 0.0664089991125295 0.149887257835175 0.0453922357812565
0.12725868739056 -0.0973319073390495 0.101619862625637 -0.0826568873023489
-0.0540003931149327 -0.128895897437254 -0.0554928774566644 -0.0972727633243387
-0.126366124584636 -0.0404396729960172 -0.0758014980263144 0.0384325261013351
-0.122070479677744 0.0492894614573738 0.0386424279795268 0.0527476882171418
-0.0733113373862322 0.10766388822296 0.0860539368996773 -0.0457298681683416
-0.0484586211810179 0.12730723886244 0.0910941586143485 -0.138968458695325
-0.0618094278328234 0.115226179633667 0.110533307470236 -0.192934994456296
-0.133408573834691 0.0651150748327272 0.188096386284061 -0.185526146015239
-0.140809820694666 -0.030030580364083 0.257172434344392 -0.103241994159516
-0.0673688438618856 -0.107165946372719 0.244644172943634 0.0598569471626726
0.096230299542648 -0.113062583709063 0.159432451625969 0.204536157999973
0.155504442893672 0.0579029227880491 0.00812587851424266 0.256969008305855
0.0946846888851181 0.189049371168902 -0.0717317296960746 0.332240057098067
0.11717829718363 0.278722548639322 0.136602216688052 0.103837968559838
0.23834114843905 0.100741406610698 0.173157218322728 0.0362298564006543
0.191244863165729 -0.128994306810101 0.12052721354103 -0.158362406613488
-0.0583655846449069 -0.192085356918895 -0.108575264978667 -0.148809048565777
-0.178602675256534 -0.0742526279335403 -0.144840321591333 0.0434873573514048
-0.186625003673532 0.0577542336867314 -0.0157869457962522 0.0951531685423489
-0.117510042053191 0.147583172909625 0.0513596904629692 0.00983701173784241
-0.0765413154007517 0.175001109887966 0.0629362316719073 -0.0818033747424863
-0.0917279615920096 0.158494825955256 0.0730050961862537 -0.143525778159471
-0.186809659429071 0.091513612872635 0.145358507135737 -0.169005301704986
-0.200471584928702 -0.0424904055215709 0.234918644815821 -0.120890453377796
-0.105867971425365 -0.159958366526895 0.242918845004442 0.0516876258585692
0.139215617833662 -0.181499010738254 0.136273364770065 0.198037320387784
0.251750167232984 0.0695214237366415 -0.0248905751410957 0.214727678309882
0.160843246377921 0.274812851861021 -0.078645712289309 0.241171091733458
0.111599217041814 0.321161475859261 0.132389988162951 0.0138972725322251
0.261968773060023 0.129436171249418 0.194961159304123 -0.0280404467373085
0.223205975876582 -0.131334642762894 0.0956055330091091 -0.243379384632628
-0.0462927932110702 -0.217838304624785 -0.173650378464169 -0.182501210293975
-0.194963436464858 -0.0993063404881133 -0.210145758578506 0.0490217271997902
-0.22037663714155 0.0526885454325869 -0.0810375404039763 0.133024787656437
-0.143954497572433 0.163378643961274 -0.000236617840344429 0.0726025054377128
-0.0928323763143779 0.198607535005335 0.0266622746096121 -0.010488885879826
-0.107121676334147 0.182163996824941 0.034078075841146 -0.0809182204934517
-0.214372257418925 0.112360673459897 0.101443997080822 -0.138400248448093
-0.239442967655262 -0.0441772246469236 0.206430276655426 -0.115778703545055
-0.141173922215496 -0.193990902300761 0.215154192656843 0.0632550878317196
0.161139553751603 -0.23716924172925 0.0776745174234281 0.183072442872331
0.316122744003383 0.063896239402503 -0.0704374433106079 0.147394057335677
0.211131742198082 0.316197589893764 -0.0962290273367934 0.128617153639381
0.0968113489421366 0.320838618522009 0.136107507724502 -0.10091928149065
0.250355944984229 0.139514777003714 0.178504779485777 -0.127188737709795
0.220044962853165 -0.113089748861711 0.0331370383434432 -0.293078048150704
-0.0255237330927301 -0.207896697507277 -0.220871733042682 -0.184718189237802
-0.179148449116998 -0.108688605983837 -0.255042314979882 0.0470953631721849
-0.218531639842765 0.0375064884013346 -0.147062442983991 0.158257511452813
-0.147550592760882 0.152684880373182 -0.0586705637183473 0.134697905194418
-0.0950521369780502 0.190629511156447 -0.0118776385557526 0.0638937925620679
-0.107423493766101 0.180060604897252 -0.00351180198905026 -0.0140580871022213
-0.214744184137622 0.117583325163578 0.0596679766326393 -0.0938504851466116
-0.248759108845011 -0.0444711215145853 0.164872567616733 -0.0859499958445104
-0.150585090856682 -0.211484013494502 0.156726168778052 0.0806254124702794
0.171807186920819 -0.258186192783421 0.00369055920634268 0.142829095759331
0.337769622673728 0.0560506505730034 -0.10066177251666 0.0684152647689546
0.227876421745828 0.309243413985091 -0.119512149843041 0.0168186604607205
0.0791958247788419 0.271402804528902 0.129678998964961 -0.218808347014399
0.20698729558353 0.123823542503754 0.123573569363133 -0.215139393683975
0.184560126999883 -0.0849358608202484 -0.0319513827804096 -0.297956841377391
-0.00712822983048412 -0.168094591221919 -0.237524978653416 -0.170813788905848
-0.138614944200159 -0.0987116855987048 -0.279689822795229 0.0379216437188706
-0.181005889683167 0.0193972115612002 -0.203175549352225 0.170819917719215
-0.126565747580312 0.120101780975691 -0.111598037603474 0.187641988320417
-0.0826902718866396 0.155928048930123 -0.0479875103112783 0.128752826768939
-0.0957855046346203 0.151405532412093 -0.0360343803072765 0.0462468572204831
-0.190943804610249 0.100379447843504 0.0189835903369889 -0.0426129010618946
-0.221585111087206 -0.0509766038882794 0.105653990746292 -0.0471004446420273
-0.122365614128456 -0.203037638614389 0.0821575716499227 0.0749175184974695
0.168566742918921 -0.227084449077315 -0.0446352220683331 0.0815781704107229
0.302717370363029 0.0527080430302299 -0.100989145625902 0.0075203003182407
0.202242688459232 0.25788432202232 -0.147075229498005 -0.0781796382076133
0.0583866150342587 0.181389099312729 0.106282583578529 -0.314919838605634
0.137624528782017 0.086164628195205 0.0575706196528343 -0.268512898939043
0.122444035933439 -0.0519583798852054 -0.0803653428504391 -0.277482486745236
0.00592222643753315 -0.105914571037784 -0.239540644587587 -0.152251709436623
-0.0787794603557067 -0.070321371807876 -0.288250910012483 0.032035735999255
-0.114712794661414 0.000952332263257499 -0.238677937879792 0.177405612333997
-0.0855222756220124 0.0705084597707092 -0.150284035585292 0.222765726912258
-0.0583577837906506 0.0965010526131724 -0.0754704944873485 0.174578570635268
-0.0707453945051344 0.0971031651594732 -0.0617716947060864 0.0913647995415839
-0.137164884186977 0.0626263167190031 -0.0183851344092459 8.32977551597224E-05
-0.15190802445412 -0.0528470184040405 0.04384435287456 -0.0222570280667752
-0.0651187413383485 -0.152901520839992 0.0292274297046594 0.0487722746794158
0.132781172752487 -0.146946289037366 -0.0548603787258022 0.0344029522882957
0.208384685991665 0.0449051332559141 -0.0888003819254511 -0.0174809919084273
0.134184692588693 0.162990298888076 -0.168801775509022 -0.146231278609
-0.0243484219510417 -0.0407690915176189 0.173112758460033 0.204962574963405
-0.0597934103108312 -0.00541347347527902 0.139764498794445 0.0195155623373606
-0.0528381557567442 0.0325089395070548 0.0591515672152635 -0.0285129491360746
0.00593764772465864 0.0605192084083828 -0.0239459259761168 -0.0498702186663972
0.050897544151122 0.0251509826633157 -0.0168637867619054 0.0268534402716331
0.0464240020171596 -0.0132241715420133 0.0646752329022086 0.000954593291884221
0.0272522810022634 -0.0253714801759617 0.0860196290512923 -0.089344042924901
0.0232492179246776 -0.015960325979719 0.0994146695245424 -0.170768409073966
0.0306940832587428 -0.00678336232660381 0.139172406893132 -0.21554360680404
0.0355598724968127 0.0138881447395299 0.224817251748751 -0.172613545331135
0.0196880910720846 0.0399601279822654 0.263992294468097 -0.0485705355333087
-0.0116137029218389 0.0448416952648617 0.219110561270563 0.108936357616294
-0.0544526878594582 0.0140686228066168 0.118934907188113 0.223887468305626
-0.070099758620452 -0.0322154208079309 -0.0190754037698444 0.26711838466897
-0.0269103209647879 -0.0698424993172728 -0.0945018879530603 0.364675751168873
0.0458701309601001 0.0837863159382711 0.170507348882904 0.199133471049315
0.064160417843474 0.0288674895761275 0.141634910436237 0.0286718097532807
0.0379088614736931 -0.0366325056093149 0.0694339062972005 -0.0434144685738112
-0.0295665939640675 -0.0357376603623551 -0.0293191244755526 -0.055425040546197
-0.0420672977759905 -0.00413014738957709 -0.027493461919269 0.0326103544262063
-0.0369671112644911 0.02250490765518 0.0661195649009698 0.01569595382136
-0.020151313982137 0.043294983966472 0.0941792461933909 -0.0788865260533679
-0.0119623310603703 0.056494477419044 0.100103371820593 -0.164208343376849
-0.0180792594752593 0.0539796447879275 0.130308345727135 -0.210880638468673
-0.0533023529091223 0.0368370497419533 0.211743185926131 -0.178856757228343
-0.060933865471681 0.000150782676255918 0.260234435168971 -0.0712388262559818
-0.0323093458442809 -0.0337320392182237 0.225685036932528 0.0841802538911102
0.0271616895836256 -0.0431385105217713 0.142594538796647 0.208057597870146
0.0405858671109207 0.0214572344982863 0.00408988927308123 0.266320178468338
0.0264298173396672 0.0632046239554616 -0.0787429923561515 0.365299723171942
0.0926855986142665 0.190906727175665 0.148583957890633 0.163605655577663
0.166632155057821 0.0665611065832111 0.144030346394527 0.0452798833431838
0.123798738185371 -0.0907486119738685 0.0982202072998128 -0.0808114497893856
-0.0490391264346799 -0.124025633890506 -0.0527931672351121 -0.094632463752038
-0.120962144208726 -0.0404920475471265 -0.0730184422527127 0.0364590515097536
-0.117533841682323 0.0461765930127743 0.0378501689335904 0.0502791156289643
-0.0702735782884513 0.101752143420974 0.0822227168212195 -0.0438778037040641
-0.0462407182254746 0.121220274292769 0.0870018449360957 -0.13256010657373
-0.0600426677468878 0.109121896594791 0.104924239689946 -0.183330918235511
-0.128790364785426 0.0628504130441162 0.179819332751165 -0.177108769358039
-0.135175156589678 -0.0278960835200581 0.245074658777841 -0.0981185933181665
-0.0637366595709392 -0.102704721724724 0.232715418835826 0.0613613897829443
0.0928538238479269 -0.108661978689783 0.149281593913348 0.197316827406216
0.150044900292389 0.0561497512390837 0.00247665631330394 0.247006048805308
0.0899650445199956 0.181173124406277 -0.0738453803557325 0.317320045477913
0.108940928576317 0.267081914177619 0.12930818004848 0.104410737938918
0.22889180913286 0.10027256951174 0.166850549164736 0.0374417351399808
0.185331562799819 -0.120990154705764 0.117232602745644 -0.151412381668338
-0.0533093549685673 -0.185034196659899 -0.101799015999902 -0.145200426993622
-0.171064570595618 -0.073829520285538 -0.139755027202201 0.0396940482296763
-0.179124344819221 0.0546239828617239 -0.0146376423121074 0.0906341713062022
-0.112574073654999 0.141507234701478 0.0488867561679845 0.00883230695199249
-0.0729077441147097 0.167128634587359 0.0596539875396179 -0.0779370470925774
-0.0884759856577624 0.150487531781151 0.0692646808272576 -0.135771156721706
-0.180167935557046 0.0877942255887161 0.138174715323571 -0.161092562012523
-0.193092704498065 -0.0408103228753078 0.22396590485717 -0.114561299404776
-0.100451232673747 -0.153805127392945 0.230837304517289 0.053197101583218
0.134952015028587 -0.174570747342989 0.12686694727317 0.191931778394683
0.242641771844369 0.067713542469973 -0.0291709545656178 0.206927089218874
0.15285011350743 0.265119237581987 -0.0796298408238003 0.230856529400132
0.102838842124286 0.307834282778531 0.127561122175719 0.0183852868294169
0.250865385057055 0.127630720093816 0.188685265425309 -0.0231780351113817
0.216933268335619 -0.123785760312991 0.0931493357898088 -0.233136962893315
-0.041853437502701 -0.209638758297803 -0.163326042559457 -0.178650406169279
-0.186573807974142 -0.0968911099327298 -0.202720669289149 0.0439046187772572
-0.21109331496964 0.0492747727332922 -0.0773936917099833 0.126149829511
-0.139077695463503 0.156244490309522 -0.000734315915665965 0.0685626978277348
-0.088154034361889 0.188120846665488 0.0254517920772614 -0.00989910155586859
-0.102979655094555 0.173530951054446 0.0319192674218724 -0.0761135696791345
-0.206232851531518 0.107143098427548 0.0957595786673373 -0.131969655986176
-0.230638287077225 -0.0429221497269783 0.195727393952838 -0.110790230391482
-0.133413750257961 -0.187692021236155 0.205096208659266 0.0642894236638573
0.157567943026492 -0.227295366180678 0.0712455056136272 0.177837374904852
0.304763533256903 0.0640558202065479 -0.0723191424735914 0.141712354697313
0.1991841155571 0.304886834522337 -0.0952812518821022 0.121695448643431
0.0892813992747236 0.307706108576013 0.131971217464302 -0.0916073991643712
0.240485819558157 0.137172605259499 0.174189808970486 -0.118041693853659
0.213399313914931 -0.107022115088434 0.0337290916414871 -0.281327237209742
-0.0230988434510965 -0.200126825199658 -0.209218526310417 -0.181298275254743
-0.171146830108756 -0.105496104775045 -0.24649591265365 0.0424384967008572
-0.209210109034195 0.0348493335300849 -0.14129813574429 0.15048080659743
-0.141754714385312 0.146035970755269 -0.0568800471355879 0.128177499697494
-0.0900267647601931 0.182398521800063 -0.011834858112852 0.0611759074543721
-0.10365494881053 0.171251862542159 -0.00384565687056987 -0.0123539488073883
-0.207746967027898 0.111980524046017 0.0563526082942164 -0.0894702020328413
-0.239311767332366 -0.044236346739426 0.155543945583143 -0.0815064650704307
-0.142165593161814 -0.204108015322459 0.148226767384357 0.0801752997581727
0.167352343121167 -0.246030573523245 0.00163400432930653 0.138754594674161
0.323968248404648 0.0566386383496066 -0.0989825407048299 0.0653648911682434
0.215813358227775 0.297437319193514 -0.116025804647981 0.0152382174733367
0.0733366111154765 0.261350326564021 0.127468564367183 -0.205994841618642
0.199897627566812 0.121383811788466 0.122133665420055 -0.204128250308803
0.177999771260182 -0.0807883515870744 -0.0288542331301702 -0.285930667190531
-0.00586504031845219 -0.161401716776922 -0.225468600746364 -0.168329370417854
-0.132385203642598 -0.0948053465104547 -0.267590549176236 0.0329784277543206
-0.173287092542733 0.0178864306672197 -0.19493272022473 0.162596917684833
-0.121876671580339 0.114884067436902 -0.107808320320388 0.178576372067321
-0.0788228595320203 0.148369272804627 -0.0460939428382349 0.123633044899999
-0.0933878043907285 0.143934378584808 -0.0359168011141098 0.0456255132568482
-0.18386911903267 0.0956326867234577 0.0161933976902104 -0.0406876458857398
-0.213676828836891 -0.0511755926914722 0.0983319498562816 -0.0454537256159825
-0.112763921955583 -0.196054487045244 0.0771459826018521 0.0744673904515792
0.164218245935626 -0.214982056438193 -0.0437454252977573 0.080548653193637
0.29099556459685 0.0528034894764038 -0.0980522087711686 0.00762293024335122
0.191128374086279 0.248082551651728 -0.140743132078274 -0.0754646119761421
0.0545114825098468 0.174483110001497 0.106555332165003 -0.297988808021491
0.132878354223582 0.084135397398114 0.0595328961494507 -0.255273108655719
0.117885081196081 -0.0497438304077658 -0.0754335176905829 -0.265881921122397
0.00657979821170135 -0.101921450380514 -0.227434847580584 -0.150689725862005
-0.0750221287942074 -0.0678977982557353 -0.276131915902039 0.027078367930902
-0.109617109389318 0.000169872455749323 -0.229042564760022 0.16872934170402
-0.0823703965409857 0.0680230476111371 -0.144865541416263 0.212666125942236
-0.0550592633076519 0.0921975728165962 -0.0733148734230362 0.166459663737605
-0.0690810427182003 0.0929394833920908 -0.0598487941709359 0.0882361516309667
-0.131941419697053 0.0589218597137118 -0.0196624884329129 0.000386441176308008
-0.146296183103614 -0.0523708390843578 0.0397498060830667 -0.0213256281824066
-0.0591455237953376 -0.14732953120247 0.0271864459055531 0.0486584032121588
0.128341088847615 -0.138539995101543 -0.0519857169708701 0.034651643896732
0.199907973722203 0.0442919814902651 -0.086577228892224 -0.0156633598124687
0.126688674628267 0.155625437558369 -0.160900388751301 -0.140729794864177
-0.0221488663138884 -0.0421765819898959 0.165190726702414 0.209307325413004
-0.0582787482596666 -0.00840247648879186 0.139601001916713 0.0226450788828619
-0.0528678424976647 0.0300686665885039 0.0588780511628629 -0.0295355536249576
0.00390301522906126 0.0600195395954717 -0.0235135427480991 -0.0495308782084053
0.0490619940467491 0.0260361065396219 -0.0162205727541614 0.0261771423790847
0.0461760802687622 -0.0120500907793439 0.0651080439676619 0.00159157598216139
0.0279382352586993 -0.0244004203980666 0.0874812479747637 -0.0841488704955163
0.0238514369701659 -0.01525807466313 0.102024955232829 -0.164627375718553
0.0306294741291814 -0.00618813919923826 0.142059661856863 -0.207324590792615
0.0340112226867657 0.014364148910463 0.225105336099633 -0.163936921849922
0.0187252117003103 0.0397792936014835 0.260582238210274 -0.0404060281472699
-0.0129201879322458 0.0431660569399856 0.211918413281888 0.114794453195949
-0.0544016598452791 0.011623886273936 0.109136354710013 0.224190416099187
-0.0682025415066307 -0.0342407791155391 -0.0301957124356686 0.262547742611546
-0.0228926459736602 -0.0712681507742687 -0.106269987485602 0.356042932133184
0.042433205966915 0.0826277584464098 0.162834778440162 0.203569380475667
0.0621148674832084 0.0307032097970219 0.140324605186263 0.031788635769201
0.0389710838420232 -0.0341562488156684 0.0701989661230777 -0.0433131210587011
-0.027441409434441 -0.035440688066486 -0.028063829516959 -0.0567005144384426
-0.0416342424426676 -0.00598143373333006 -0.0276182371188312 0.0316272277865194
-0.0373764665329613 0.0215486616900983 0.065688561806575 0.015985446188681
-0.0211088043568759 0.0422549339458986 0.0946708031578544 -0.0750812974718107
-0.0122670587755374 0.0549757199360479 0.102713491279872 -0.158214828505622
-0.019017539506766 0.0522889303310678 0.132590050966016 -0.202345957157842
-0.053786977016559 0.0348248541253899 0.211547045053917 -0.17112328290303
-0.0600487814796958 -0.000877537935665481 0.257206501137078 -0.0635615612529907
-0.0315603008961196 -0.0345766426530704 0.219264681215605 0.0911918096359257
0.0273512157305313 -0.0425024124574519 0.132278476854815 0.209629349646091
0.0400556800490133 0.0215110004163262 -0.00710033242885704 0.263083583354465
0.0247176648122741 0.0619514647965013 -0.090565811407291 0.357496332581264
0.0851709450571025 0.190560249651749 0.142490912223196 0.169547758446235
0.161600566083321 0.0709813896974613 0.142559602836311 0.0492146174331948
0.126027329328373 -0.0846560502278372 0.0993355455401671 -0.0790027853798457
-0.0443395627700687 -0.123733570096006 -0.0495032445681793 -0.0955897520244519
-0.118498885545039 -0.0441691655065227 -0.0730704082047017 0.0332241635471569
-0.117318315541908 0.042523528895223 0.0367689828396632 0.0484138510156039
-0.0720285242177299 0.0989299313033328 0.0820381841625028 -0.0411579135873672
-0.0471205797305132 0.117684291227003 0.0891822262207256 -0.127724339944802
-0.0619656778322388 0.10550640076343 0.106912516225213 -0.17611769244504
-0.128639293441923 0.0592460017603471 0.180447615551134 -0.169981365065139
-0.132895195289796 -0.0308714427107848 0.242672783868246 -0.0905942896385199
-0.05989802299838 -0.103270335490121 0.226798451238706 0.0696885787382892
0.0939178838186956 -0.106153172494015 0.139081353391514 0.200323896521957
0.148189032175336 0.0594070735050537 -0.0092556320715207 0.244670810209461
0.0837616418952356 0.181136542199097 -0.0839828041812011 0.309666776097797
0.0983135310333627 0.265882111928448 0.12538370227429 0.110373565914834
0.221997452413436 0.106861276981629 0.164689944072347 0.0440288152677724
0.187841559068184 -0.112671339695402 0.119975428453791 -0.147560545120122
-0.0458724118301528 -0.184067889474051 -0.0957868571367811 -0.147910636473961
-0.16692697730133 -0.0784372534818979 -0.139708803222459 0.0345763488226741
-0.178252156412983 0.0490587647640814 -0.015789221068901 0.0879163834244767
-0.114926481278892 0.136187161325773 0.0474824902539705 0.00937559324195164
-0.0746719308425546 0.162406904114289 0.0606537947963185 -0.0750926956629832
-0.0914135284589747 0.14528308453025 0.0705870984947339 -0.13034020170166
-0.179996927325768 0.0831625301498313 0.138524392365924 -0.155431379969212
-0.190466713758548 -0.0454153853062042 0.221524549756216 -0.108317192381021
-0.0943556074982571 -0.154859487158037 0.224416922515126 0.0622105047951028
0.137965461145332 -0.169956228162625 0.117779336542841 0.194872740140883
0.239585964852843 0.0739459695465956 -0.0382348759394167 0.204004451775836
0.142522709442145 0.265362547795758 -0.0875902923924852 0.224327630814031
0.0910832317547768 0.305896272100326 0.125877591202094 0.0258044481612283
0.24504429747155 0.135369102490158 0.187903336174631 -0.0155024037480111
0.218400952547444 -0.116090461901072 0.0989043064760291 -0.227958419704591
-0.0338661304073111 -0.207971023887864 -0.155058740901264 -0.183236515199989
-0.181445210166669 -0.101399589527337 -0.202543400829737 0.036951568919799
-0.209701494712155 0.0434696883271453 -0.0790841160747358 0.121785705740033
-0.140609151897733 0.150155961516449 -0.00311529339879284 0.0669725707301315
-0.090181765525618 0.183251386869334 0.0245730475257368 -0.00932849838852448
-0.106461660867286 0.167819177049781 0.0320479690542737 -0.0725984553777714
-0.206813121069378 0.101408422692699 0.0965584368897215 -0.127059867716134
-0.22743560333577 -0.0479781069851566 0.19378147113187 -0.103704705079773
-0.125421687630176 -0.189297945360581 0.198888110589619 0.0723618114041198
0.162118826536811 -0.220260845199471 0.0635798086278605 0.178780194804498
0.30158214631062 0.0717590655160021 -0.0780604278833662 0.139095333945235
0.186626935794594 0.306585233621548 -0.0984255742231634 0.117812729963759
0.0784701929285993 0.306562726282951 0.134209981291437 -0.0827744505009484
0.235184801481002 0.143071825490366 0.176735057922717 -0.108970111968949
0.214515911296698 -0.0999202470011382 0.0416983408431471 -0.276731834172914
-0.0162432880656933 -0.197924994163959 -0.19971045152963 -0.187482611662171
-0.166091181299162 -0.109458040285015 -0.244927095034641 0.0330278277984377
-0.207789043470024 0.0293410108029732 -0.142005315766418 0.143889249138576
-0.143414869348412 0.14099427010741 -0.05938172647583 0.123963377326136
-0.0923370266497718 0.176870772086344 -0.0138319377815329 0.0600247581431881
-0.107660049938245 0.166040807137791 -0.00380481134348477 -0.0111248518574282
-0.208042810613174 0.105797678300814 0.0555899905960287 -0.0858444047384385
-0.236356613382629 -0.0504389175688288 0.152711430191129 -0.0769684599875713
-0.132089265748028 -0.205922885411395 0.142120534110843 0.0855746634179671
0.173103060740274 -0.237493394943814 -0.00328874478392784 0.138075488815836
0.318720431046008 0.0663434594643391 -0.101787671612742 0.0627178042298624
0.202891536341284 0.300192770145373 -0.116112713046247 0.0116605328468112
0.064679397481559 0.259946623302519 0.133074790077162 -0.197069409246247
0.194955479940304 0.125919435060916 0.129051565555425 -0.195200036381883
0.178474146432609 -0.0748493457874578 -0.0192740608397708 -0.283083744261313
-0.00114120099816509 -0.159385910323069 -0.217413615407525 -0.175132204923326
-0.128142493050327 -0.0976814184918901 -0.267052407209962 0.0243615014474558
-0.171466262976652 0.0138336309720785 -0.196160470354279 0.154838079695078
-0.122861436774321 0.110521308387115 -0.11113488250061 0.172459161807548
-0.0799004384749055 0.143308987295625 -0.0492031071196278 0.120644456248233
-0.0959586781086073 0.139801549198292 -0.0366975238745084 0.0451240294033389
-0.184874546572599 0.0893223527804131 0.0155325230345734 -0.0386980343161835
-0.209793497011267 -0.0568310305599117 0.0951271217316082 -0.0417153707260281
-0.104231493891055 -0.197207551623601 0.0731859286427394 0.0772918918078065
0.168942135796496 -0.205875653366785 -0.0454592047735734 0.0789351679369396
0.285751726067245 0.0616891799860142 -0.0985291449725005 0.00616433007871058
0.179552714970229 0.249771336556607 -0.136703207570781 -0.0784556025875669
0.0483518265618191 0.174171341224766 0.1152895177749 -0.289493990007362
0.130960721813606 0.0876822890554533 0.0681442069877894 -0.248504501163033
0.117401489200154 -0.0461070001352201 -0.065948814470585 -0.264499211883572
0.00914370456197369 -0.100431945090691 -0.219942659068807 -0.157728265748713
-0.0717681600856006 -0.0694610320943248 -0.274439611618564 0.0185072836023536
-0.108682662180262 -0.0024940844551878 -0.229549142221265 0.160516239573278
-0.0827839185272122 0.0655696183826715 -0.147858098042132 0.205268686809735
-0.0558617160050766 0.0883960678697402 -0.0768541216322392 0.162118357142015
-0.0706712800259587 0.0905475972547729 -0.0615505143454291 0.086544454199925
-0.132659317352561 0.0544316849712739 -0.0211537013776589 0.000115478281740772
-0.142584082859247 -0.0566447631866966 0.037579773810983 -0.0204696439941873
-0.0519347353620192 -0.147041614575116 0.0253905459822807 0.0490898818890545
0.13049238491363 -0.130312047096138 -0.0516397518297327 0.0354344023558459
0.195602202155286 0.0496387186354682 -0.0857119820548497 -0.0165260092554924
0.119412133091979 0.156682494267851 -0.154391953662533 -0.142758795361044
-0.020957844918395 -0.0445551553690691 0.163762909891109 0.220618912898476
-0.0593477443803458 -0.0111032742275622 0.144182854183257 0.0256083765410961
-0.0554611319510426 0.0294787035676069 0.0620267798245018 -0.0315000151808829
0.00212573088404749 0.0616384388236734 -0.0235745063765432 -0.0508782427016828
0.0490068233445934 0.0276793754291295 -0.0165034026751862 0.0260578406566628
0.0479696644594278 -0.0110338381682543 0.0678546310441776 0.00200737890647065
0.0293720540189919 -0.0247006195595186 0.0919022050336785 -0.0835411953159639
0.0254810500802791 -0.0157158846776691 0.108281650966261 -0.165256291924266
0.0315092377658745 -0.00568573370331628 0.148957762282099 -0.207676854376181
0.0343243067668294 0.0157163062463883 0.232819005194646 -0.161552331411118
0.0182906624936709 0.0406319530857756 0.266399878270306 -0.0342062896344848
-0.0142795881915246 0.0430723970967909 0.213111545667386 0.124699392348038
-0.0568656636899696 0.0100863516069981 0.103958208149972 0.231720157900911
-0.0686491143773682 -0.0373041208973408 -0.0417579714578183 0.268101399330896
-0.0201999768656592 -0.074843310588967 -0.120415785517725 0.360016581587842
0.0406816996617515 0.0847259324699592 0.162097167604256 0.215868620723842
0.062451994324514 0.0329741608132138 0.144731363828455 0.036022595093532
0.0410883669542895 -0.0337384074521695 0.072405760639262 -0.045227563337744
-0.0265339476655399 -0.0372965990397639 -0.0279379456680783 -0.0590526156337526
-0.0422698737712069 -0.00799026763852892 -0.0292458725595619 0.0312629685445122
-0.0387180074874447 0.0204995896578527 0.0684401019966751 0.016916406388526
-0.0217210749881381 0.0420780133880967 0.0989529727261433 -0.0740094793599329
-0.0132196912381566 0.055457228099016 0.109328181003604 -0.158426862442768
-0.0208616888698683 0.0524135668383713 0.139437723742058 -0.202156715865085
-0.0565013204581059 0.0350690766664861 0.219802078155453 -0.169947629137962
-0.0612445240572131 -0.0022808734453927 0.262674047078758 -0.0582649470478796
-0.031201429519304 -0.0363572690089586 0.221169158425343 0.101346787830291
0.0277159774467745 -0.0440078856722558 0.128003490171353 0.218634995679287
0.0415367824487495 0.0226196157501181 -0.0177270527452824 0.269930360033817
0.0250285268461293 0.0633233039293353 -0.105380323472982 0.361533012109861
0.0807867438359323 0.195752763000963 0.141753976852539 0.180033344145886
0.163352710077985 0.0780343898721598 0.145579879350873 0.0552518026898563
0.131536978334828 -0.0821395797466748 0.103723431459895 -0.0795198104093038
-0.0400778291857298 -0.127491926421717 -0.0487750701021785 -0.0999877107171677
-0.120355496990239 -0.0493497961636527 -0.0766875457505824 0.0319740147729056
-0.121124952642343 0.0401604028659028 0.037687075436785 0.049492245352823
-0.0754124120420798 0.0998485902012896 0.0850733163119851 -0.0402668202738192
-0.0502143832341337 0.117632243648988 0.0937879500575642 -0.12763691422608
-0.0655831286805471 0.10574776010727 0.112446136075498 -0.17604580053781
-0.13350131118578 0.0580831684380915 0.186766711647292 -0.168984098850928
-0.13587372300821 -0.0338219373362466 0.249258717016289 -0.0865596232439007
-0.0585119589264517 -0.106782420482937 0.229562754341229 0.0793583911302033
0.0977776873188704 -0.107337184924785 0.135892885587491 0.209377617696345
0.15136537501223 0.0637157161263151 -0.0193551482233009 0.250935037214705
0.081262697239117 0.186821434465803 -0.0960847449364714 0.313760094190088
0.0921565592335353 0.273997372751503 0.126606958211325 0.12042578087504
0.225099716196733 0.117123495865567 0.167607266355645 0.0508986658054063
0.19636661626684 -0.109639180586851 0.126756440369066 -0.148830393510763
-0.0407023718198714 -0.189638522448168 -0.0940119772672756 -0.155527618622639
-0.16904589568698 -0.0849826172913563 -0.145019528142626 0.0317750119011734
-0.183666396122978 0.0455908107013217 -0.0167575349736577 0.0881825391304883
-0.120451729213163 0.136437829606132 0.0477875384501307 0.0103439138759967
-0.0787772033055645 0.162712767707031 0.0634995177192588 -0.0745433979967654
-0.0965868702083141 0.146066557060532 0.0741815459923376 -0.129724492064967
-0.187046761751688 0.0815609134096297 0.144566536431161 -0.154716172443028
-0.194510954039123 -0.0497369655785942 0.226952374321606 -0.105592963749907
-0.0923460914785904 -0.160366587440181 0.227754746637775 0.0718074719298811
0.145378050982388 -0.170964529280873 0.11308994469399 0.204182348639877
0.244815927730453 0.0814849611575456 -0.047978576705575 0.209284152818526
0.139051812027156 0.275232968335489 -0.0967375881797951 0.227040356522252
0.0840145593836497 0.31513292360868 0.129454037832294 0.0333775489664302
0.247256767516013 0.146734967101534 0.19402713811865 -0.00801059172945965
0.227795313159381 -0.112617431474776 0.107882782652288 -0.230305241413504
-0.0283183793873714 -0.214470643075022 -0.153123600913208 -0.193099902971176
-0.183298371019253 -0.109319651195818 -0.208775514367235 0.0315681617508958
-0.216302565518951 0.0389995815563292 -0.0830655103304906 0.121731517903216
-0.147358399005361 0.15119389475621 -0.00455503031554804 0.0673892016901611
-0.0958638323103234 0.184420162296556 0.0254408271221734 -0.008684582433824
-0.113395098335722 0.168486340643925 0.0340999486488378 -0.0714949398832374
-0.214721401672332 0.099699462899665 0.100483251572015 -0.126618989443364
-0.233692022438652 -0.0541003301033309 0.198810923953226 -0.101660894115222
-0.12226636805999 -0.197836153832847 0.199883616406629 0.0818221538918126
0.173106222857708 -0.221144026914104 0.05840070470166 0.186902337383011
0.307951337867721 0.0816809456741505 -0.0857159205478317 0.14115094691718
0.1819573365885 0.319313304410552 -0.105283962906932 0.117144324200938
0.0706202737373801 0.314665905732281 0.141358469042701 -0.0776317077742008
0.238723802677203 0.153383082678535 0.185680956762475 -0.104219670733761
0.22317770452329 -0.0977522011804662 0.0499875773290081 -0.281267325902974
-0.0112250577889413 -0.203603660174778 -0.199107530790782 -0.199813598692828
-0.167937435592582 -0.116838675961169 -0.253093390964171 0.027496684368464
-0.213172454949331 0.0246960826047957 -0.148316970830786 0.142807253078669
-0.150149480548546 0.140823245708344 -0.0642356240871852 0.12419729870216
-0.0965727691087603 0.177312897723924 -0.015732128204299 0.0616661058217547
-0.113942595767923 0.166936588954381 -0.00441940871855627 -0.00999793787850545
-0.216945044450657 0.103680453471589 0.0574483846682975 -0.085714318870005
-0.242231022513956 -0.057371195205541 0.155767871758971 -0.0745322148638879
-0.127947998139922 -0.215293401158577 0.141798687416377 0.0933899572933783
0.184894569499841 -0.238094418281505 -0.00867524161526166 0.143189245354576
0.325664816072554 0.0764691177490789 -0.106925220983097 0.0625941567847731
0.198080579538917 0.312646690099207 -0.118958619189229 0.00840135191435163
0.058997877143166 0.26801717367371 0.142677374801815 -0.194591276175151
0.197475935974084 0.13346629383357 0.138561929617371 -0.193431293101587
0.184860791817961 -0.0726938233907234 -0.0122352828589108 -0.289159747327119
0.00340117112499979 -0.163836794283311 -0.217535908379964 -0.186955802940072
-0.128405754295549 -0.103805954741244 -0.275160929952135 0.0168392967886651
-0.176246631576663 0.00971045514807844 -0.203066120525614 0.153405094785831
-0.127770280451327 0.111193158195723 -0.11791361170945 0.172696557221137
-0.0838927019450835 0.144027881982507 -0.0536234055937842 0.122190932838763
-0.101743115088007 0.140739948905148 -0.0387614234293192 0.0462947870437893
-0.192826868249572 0.0871081880865345 0.0150202089639378 -0.0379324430783958
-0.214678301793883 -0.063918939145084 0.0962594835509287 -0.0408305025456674
-0.0987846642272726 -0.205601212795376 0.0725529573710234 0.0822380221186424
0.179216828603694 -0.204061818524969 -0.0488649536266527 0.0816548555141089
0.290995116878951 0.0715899084167259 -0.101669795422358 0.00504660661111661
0.175332557871214 0.260055840485242 -0.137279407355479 -0.0829467515052264
0.0440795848809724 0.178427432478606 0.128300738652672 -0.290894728365945
0.13272923395356 0.0919303517656087 0.0788261065182167 -0.250317454684712
0.121486228888853 -0.0443102155484816 -0.060645252332575 -0.271937099751608
0.0124972591468422 -0.101950516171902 -0.220995160274298 -0.169023870006343
-0.0714818821684378 -0.0732090300980529 -0.281483398651123 0.0106710844244139
-0.111415047006898 -0.00469146534649263 -0.238191555248106 0.158766776034783
-0.0855531094881586 0.0652574722313885 -0.156243985711543 0.206670038272149
-0.0585338559900163 0.0885315322030504 -0.082368675290511 0.164686782961562
-0.075047996446491 0.0906010770923706 -0.0656814115971359 0.0877267838968756
-0.137851114288591 0.0528621866347548 -0.0233357660976877 0.00034727195508453
-0.14541601321427 -0.0629167237652624 0.0364276084546291 -0.0200871398611088
-0.0469919579301111 -0.152300991385205 0.0241343731598213 0.0526870980706253
0.137472322466509 -0.128075576859521 -0.0537109159717343 0.0367750326427209
0.198426302260984 0.0560902758979425 -0.088144727642244 -0.0173084576488731
0.116747572741422 0.162525587992514 -0.153534388505449 -0.149415190312631
-0.02181584303209 -0.04782274893446 0.174630543563183 0.233848091727892
-0.0621152119823403 -0.0129437221281057 0.153722970103689 0.0260622457087633
-0.0582607225943374 0.031407759252928 0.06548256749992 -0.0362087807852892
0.00204251385982842 0.065019508075784 -0.0257213766312964 -0.0530812380021463
0.0517320361244748 0.0285603419011273 -0.0162568151893994 0.0268068499396676
0.0505055508927043 -0.0119317281411095 0.0731857404362436 -0.000651177596800836
0.0315724608005342 -0.0259460834421532 0.0976534040833132 -0.0878177591985802
0.0276917215938736 -0.0175660141539454 0.11318284580621 -0.172935847244411
0.0329617839514363 -0.00676836877478154 0.155564163082646 -0.217702500886787
0.0358688354268276 0.0166131841863897 0.243287086813129 -0.170944132407407
0.0195691352828367 0.0427475102702669 0.279287402105585 -0.0361267779336578
-0.0158930739205809 0.0453046964350143 0.223776208915391 0.132308594850748
-0.0609051417827951 0.0101568924122741 0.107306251746574 0.244101910155261
-0.072682583864994 -0.0393147638562389 -0.0463263830537847 0.283154494295005
-0.0198979596984026 -0.080338637640137 -0.128852346056451 0.378337889578497
0.0424721672208752 0.0886663304031312 0.172118882616886 0.229419631490073
0.0653667213745069 0.0344263803444081 0.1538566903762 0.037941755091888
0.0437894195200821 -0.0346853445606061 0.0765169391120265 -0.0500555864900681
-0.027266155614834 -0.0385990214099034 -0.0305014705966968 -0.0618202203158908
-0.0455035953748178 -0.00908449548860395 -0.0305259378562461 0.033348554381982
-0.0402773332324533 0.02178641235209 0.072922985018854 0.0155595997033416
-0.0224197233213416 0.0446410275741161 0.104470802740305 -0.0776678799418408
-0.01216953062406 0.0572477719257285 0.113717293380632 -0.166250603416976
-0.0219829471926803 0.0546819245368862 0.144161705259202 -0.212568591283691
-0.059867586855108 0.0379884310228784 0.228790712163081 -0.179279763471108
-0.0649503072989979 -0.00123655662228355 0.275335359536856 -0.0622152595368925
-0.0332619360519359 -0.0383623845884711 0.232557790696042 0.107741522173641
0.0285789153789882 -0.0471663743806674 0.133163133224066 0.230773256482264
0.0438749444932017 0.0226544545109198 -0.0221572095036128 0.285019857816936
0.0276189072214381 0.0658112502622258 -0.113148478966945 0.37944320411916
0.0841423149573804 0.204904999646554 0.150769195276256 0.192133776789443
0.171353573389011 0.0827681347054683 0.154849623162594 0.0593312063656497
0.139494162425134 -0.0857344283682013 0.109075198605847 -0.0859427944111937
-0.0409665978011081 -0.133814054994638 -0.0510285950584823 -0.106344971578162
-0.127636444252693 -0.0529073552351139 -0.0812072124751905 0.0340648910065351
-0.127882942003457 0.0424940381720666 0.0407064105367703 0.0500620026548862
-0.0786109558432077 0.10550675722497 0.0898123300214098 -0.0429645706554089
-0.0506351248666902 0.123218285592731 0.0983094945288821 -0.134143196360445
-0.0688929582445878 0.111303260807523 0.115811606107334 -0.183883597571728
-0.141153779991058 0.0634916167959895 0.194701208198725 -0.17817139446641
-0.143585747256369 -0.03392926153116 0.259413041424769 -0.0921775079308122
-0.0619646969613365 -0.112869768000693 0.241397467721868 0.0861266779313678
0.102712033995025 -0.114252427900295 0.141385720359095 0.221793878384323
0.160988721579352 0.0659291308420762 -0.0236099727312744 0.26536254803215
0.0865607268505257 0.196892035520261 -0.102993394389034 0.330133531964509
0.0956839359045452 0.287705400810834 0.134705470888817 0.129574405369748
0.237201071720467 0.124139144953165 0.178271657558581 0.055763722738668
0.208610503454927 -0.114775708028117 0.133637126076249 -0.157491074848929
-0.0416554948696917 -0.200065001718422 -0.0976689885838616 -0.165228659619818
-0.178775984631166 -0.0906722991600175 -0.154028463464776 0.0334437063290861
-0.194464272674829 0.048623877133863 -0.0164072555289394 0.0916050902730984
-0.125405417746172 0.145370079530661 0.0504260575982037 0.0107145999756833
-0.0811302937651475 0.17095925664914 0.0662812334811209 -0.0788590141018338
-0.101680748847051 0.154129419697584 0.0769965522765284 -0.135079419618048
-0.19778645959261 0.088025875998986 0.150346582295559 -0.162734914520768
-0.205944817701895 -0.0513017319212975 0.236773316908776 -0.11154721615604
-0.0974147934913154 -0.168987817484812 0.239309668149469 0.0781709137733847
0.152881272612494 -0.181610886824724 0.118080489365117 0.216673120982791
0.260099648325999 0.0847624794164388 -0.0535232882377556 0.221735043604343
0.146144514149632 0.289888668529029 -0.103943490059223 0.238855141424619
0.0867516669149002 0.331074789088082 0.1374408696267 0.0388285771497013
0.262324121657101 0.155492103356297 0.206605549063755 -0.00492815073610957
0.241477422848875 -0.119002137263864 0.113816476461834 -0.243062737538293
-0.0293069313646319 -0.227309075379139 -0.162157212335397 -0.205487754125094
-0.194400251864228 -0.115839993204437 -0.222161340062338 0.0335229175701991
-0.228463240015008 0.0418253870608072 -0.0864687024281266 0.127772192410074
-0.15439799827721 0.160443997637086 -0.00511839857218353 0.0706817068421236
-0.098146712646605 0.192592989645547 0.0260565504869196 -0.00854638509997379
-0.11886779790833 0.177792893359256 0.035563395692783 -0.073685802603732
-0.227480957620074 0.107872530635422 0.103996006174511 -0.133472433095546
-0.247565468278096 -0.0562340689933332 0.206079295353387 -0.108056717914491
-0.12782786912371 -0.208774563051608 0.210672521009697 0.0886233295208747
0.182913331869831 -0.235425292683702 0.0600156087992308 0.198144042646806
0.326108049565834 0.0850501715401223 -0.0931114881988313 0.149515553186587
0.191395591376605 0.33604591067533 -0.111859725280185 0.123080616671252
0.0733209470628571 0.330349514064924 0.149643113529326 -0.0783307959211298
0.25227726055306 0.162297071843552 0.198212137637832 -0.107362344514809
0.236035109233914 -0.103136006253322 0.0529764414470827 -0.296651469853505
-0.0111558312734271 -0.214862991930187 -0.210247931264807 -0.212165666344235
-0.177809182841805 -0.123749188535468 -0.268242321655704 0.0288765888390515
-0.225517065424461 0.0281065499554965 -0.155443539723219 0.151084692022445
-0.156764816425793 0.14966835132484 -0.0672850870304791 0.130748903945792
-0.100403099440289 0.185469067515171 -0.0164931120320505 0.0650100255280297
-0.119579897046922 0.176137777193106 -0.00524273968764118 -0.00883603921258092
-0.229208513363022 0.110664737013032 0.0584586665630126 -0.0888083204812912
-0.257330125780514 -0.0603090484231362 0.160576999186459 -0.0794750820139883
-0.133699007264671 -0.228049722022683 0.149202742584385 0.101067369611374
0.196652550971229 -0.250561805535699 -0.0103970135041076 0.152461778540844
0.345179326138933 0.0795792554239329 -0.114598439071683 0.0669682939400676
0.207109848571631 0.329028889926991 -0.12594693063872 0.00888607657691563
0.0606470880553434 0.28109638607851 0.152640464863316 -0.201810853886069
0.209961403120957 0.139548036295468 0.149111675922967 -0.201920814995462
0.195378533839713 -0.0782124288422318 -0.012975646588646 -0.304401687168456
0.00324187513338775 -0.17198513947308 -0.229758040689743 -0.199197254501957
-0.135754430418616 -0.109560356028695 -0.291036129055399 0.0178178596495144
-0.186192113689839 0.0108740862599889 -0.213384554998738 0.162895623595739
-0.133894324624139 0.118021214151098 -0.123929203728688 0.182949230323725
-0.086871081557876 0.15041731937738 -0.0559972375862299 0.128787837036283
-0.107158548778054 0.149578982343823 -0.0407464296545266 0.0498409231219863
-0.204449027173998 0.0930706546293636 0.0142858607993247 -0.0389555710125646
-0.228015603036551 -0.0678539495511557 0.0987199769098468 -0.0436198308082869
-0.10223660130443 -0.21762434390459 0.074992947560115 0.0883584912266362
0.190034241573011 -0.214370003306154 -0.0516898039021309 0.0875972921046298
0.307323393821517 0.0748107636948541 -0.107787789229753 0.00688648767322181
0.182913011745843 0.273141364770359 -0.144811886794961 -0.0875255389174361
0.0467412790801433 0.1880555676093 0.136976875589252 -0.303957013252314
0.141143411923219 0.0962232873657687 0.0856245257063322 -0.261514841073607
0.127353900075486 -0.047489300454877 -0.0625343510307241 -0.285373764634366
0.0133784268508664 -0.107622913394122 -0.232997689851808 -0.178892986432012
-0.0757000742531615 -0.0775841533636279 -0.297597747641054 0.0105323172078265
-0.117781617789957 -0.0044817935924555 -0.25030062305871 0.168029852681687
-0.0900398479726734 0.0698218310385103 -0.163199916403176 0.218423801069666
-0.0601218059093667 0.0921545776719162 -0.0867336493129301 0.17347397299619
-0.0785264638221751 0.0963396411160274 -0.0688412650292155 0.093863183839072
-0.146311387712877 0.0557564440060606 -0.0262011930864911 0.00195188512646002
-0.154298453449975 -0.066702482690515 0.0363242089591878 -0.0219034652544257
-0.0477569735078821 -0.161111851541677 0.0254090700687836 0.056182346838101
0.144673177646601 -0.134034917407002 -0.0559621829081027 0.0405840912695651
0.20881421537798 0.0582576784920768 -0.0937370425184087 -0.0164100916614132
0.121119366528453 0.170147869290702 -0.161589480805049 -0.156664361364078
-0.0354378193581209 -0.0479440779454017 0.231971640862889 0.21856874153009
-0.0693048937120402 -0.00358213468344624 0.171527644184361 -0.00218956631101828
-0.0573529604121378 0.0430405889418921 0.0649593281131391 -0.0564453089246998
0.0125018555146819 0.0682420417226556 -0.0385829709892707 -0.0526100034811552
0.0571434078819629 0.0221691790278266 -0.0150106659298646 0.0302605663950381
0.0509543153917387 -0.0201056825179623 0.074845353278611 -0.0146181249346755
0.0299145972818873 -0.0322757678411406 0.0873259433382288 -0.110357637114367
0.0270142092753355 -0.0224406219069679 0.0893104735008618 -0.197307166272771
0.0343011817318915 -0.0121937638387356 0.125858981985927 -0.252370319853319
0.0404087270626374 0.0134880360610321 0.225873351868666 -0.219242791786629
0.0266905462134103 0.0436831960461672 0.287051025989614 -0.0838801122277633
-0.0110976650605491 0.0485852170589608 0.257803591054486 0.103731945594568
-0.063016084121132 0.0205134726929763 0.15218209296964 0.24038201860642
-0.0807221893631519 -0.0310479328458574 -0.00631238001150753 0.30544944885726
-0.030619531009229 -0.0824079191252701 -0.0783387240947875 0.416307290452438
0.0570741999931277 0.0854547006669595 0.216348023642948 0.210780321974026
0.0725713654326343 0.0273973724345988 0.166927765088003 0.012220058042989
0.04073785518972 -0.0417729869218307 0.0700790935858471 -0.0652240568113776
-0.0327078384551443 -0.0363066123868257 -0.0428593772752505 -0.057145619845771
-0.0493176398239428 -0.00317106308971672 -0.0235770061489095 0.0409748363445638
-0.0395778972405729 0.0290798960516243 0.081780137454768 0.000216189875107396
-0.016111457116701 0.0502455193210536 0.0981480209686672 -0.102705302357087
-0.00282133516993504 0.0617841784179625 0.0904885538542085 -0.191409639147999
-0.0119118004786362 0.0609603856831386 0.115990059626418 -0.245117177761376
-0.054588674190872 0.0518491151785272 0.20887742360301 -0.22521422334173
-0.0679266589969049 0.0127988205199875 0.278047335278797 -0.110164413716355
-0.0423436969779454 -0.0353092878785298 0.262481910556535 0.078077349307943
0.0195332628756787 -0.0546456448470603 0.175197633370652 0.220681683825814
0.0498862611863362 0.0137422094755147 0.0213739276708865 0.300951791150625
0.0419363437247141 0.0601515202412416 -0.061032110893564 0.417572104898077
0.122799797573479 0.202179412306752 0.177714463258902 0.170067261789073
0.191833715755427 0.062382433518843 0.166630157875062 0.0365255416482144
0.133937488983947 -0.110113584937939 0.0949963710826852 -0.10180412090304
-0.0600084199421922 -0.134741175824579 -0.0718336036806987 -0.0957160532395621
-0.141700784264979 -0.0376017407724065 -0.0726378628811618 0.0530648308555073
-0.127409149146027 0.0647663088441536 0.0579017604474196 0.040800236158044
-0.0650689178342253 0.12255859039835 0.0910339598869327 -0.0644188701481827
-0.0318812079516391 0.136131292229188 0.0790049118498198 -0.155362127193371
-0.0512475282600304 0.127234145537159 0.0907470579889928 -0.210454313486601
-0.13482551646848 0.0918122181242656 0.173181393962836 -0.216765958439426
-0.154952797355094 -0.0081100425238316 0.257391578740563 -0.137916724965016
-0.0822220445578343 -0.107671065280212 0.267729817040857 0.054987582568356
0.0854223360371514 -0.136536619410136 0.179882941550156 0.210673372629923
0.177491986711433 0.039372569667399 0.0162422456872242 0.278542324401956
0.123320007011163 0.186803867392722 -0.0579208629788299 0.36339194770196
0.15048865067017 0.287407188204817 0.143268792942564 0.103018087915902
0.268057148955116 0.0968331875602935 0.186790276804655 0.0301364289890061
0.202425119925861 -0.151866813473562 0.10553591451644 -0.177398018966275
-0.0694746837392344 -0.204282250665714 -0.130819200218217 -0.145055558621512
-0.20092087960997 -0.0702516551953265 -0.145734051533239 0.0670770457092214
-0.196585429966886 0.0809644906267936 0.00791565144272645 0.0940953005100344
-0.108932726457894 0.170944513230606 0.0609672368833231 -0.00136398569951164
-0.0556470810974547 0.190123280407078 0.05524021723399 -0.0927587118537914
-0.0785828509202338 0.176335209205831 0.0582401480546836 -0.152422801881986
-0.189745463261247 0.125857356172754 0.129670975854474 -0.192032402893648
-0.221999278414695 -0.0154424740578824 0.230940257048143 -0.154678154299464
-0.127347450327899 -0.162032162424252 0.264875479658781 0.0489857567675336
0.125968176813552 -0.215178596546898 0.153340930924321 0.20878355241364
0.283277777865657 0.043077817795938 -0.0208105442308349 0.235210729823721
0.198162887147481 0.273407973475799 -0.0720463709456044 0.268468525565313
0.149755800402074 0.336195954274693 0.128248633462434 0.00320847903161014
0.30064833399666 0.12558805879054 0.204279269158152 -0.0393195423583578
0.237646358097384 -0.161141014810903 0.0686314914372351 -0.262179472948086
-0.0604717339626392 -0.234568747673621 -0.204849058571768 -0.173742965875835
-0.221552168308728 -0.0948184734133447 -0.216290435119465 0.0806850925929576
-0.233177654644244 0.079618507773272 -0.0572703914060631 0.144643695024258
-0.136241930317061 0.190980800437353 0.0137914333162749 0.0730682332753534
-0.0706865980055901 0.215638840059994 0.0252032047645706 -0.0134030946432764
-0.0924928998575063 0.204025419012405 0.0255458187230416 -0.0810968809052269
-0.217848870785154 0.14988670489385 0.0863511931184884 -0.15298240290434
-0.265534390062778 -0.0147447183046619 0.199103467119 -0.144973619498691
-0.16526906992722 -0.198926744804165 0.236541761491898 0.0661615625171656
0.149199513616009 -0.275383655809905 0.0888421016235252 0.200437831937537
0.351770093191941 0.0347723856679243 -0.0728525367893917 0.165621726429908
0.250932462439381 0.314544350274035 -0.0980862496106904 0.148657387155033
0.136299230824925 0.339415146852774 0.121345841862999 -0.123011030035618
0.292911015456104 0.134128415390955 0.178907250360903 -0.145385173507507
0.234282356106213 -0.144603705683732 -0.00466507274792935 -0.308765022290449
-0.0398991718661836 -0.225190747991387 -0.25776174374391 -0.17181425985721
-0.204509057953995 -0.106025991994099 -0.267242735456496 0.0847198672816148
-0.232209523708171 0.0639726926789739 -0.125585710940905 0.181563956605733
-0.140935194355402 0.180381462383559 -0.0405349319906873 0.149501720399879
-0.0741591588845923 0.207936573291178 -0.00645848019931415 0.0699743453638108
-0.0943809427191801 0.202660876428594 -0.00592792701192937 -0.0067473521762345
-0.220674072782261 0.153322317553073 0.047299810649671 -0.0991272672345241
-0.277181404136166 -0.0180640586064285 0.156090220274044 -0.10755561732094
-0.172546672055081 -0.218769307166411 0.172893275385014 0.0894543725149273
0.160606285988127 -0.29215214006937 0.00664480148592208 0.162981449998747
0.370136303902883 0.0278962801158358 -0.10864943553307 0.0816074280145387
0.263958966373004 0.305452315721946 -0.130246872880287 0.0300411152065488
0.115390564699157 0.289735360335711 0.105778395587783 -0.25166589625883
0.246267664528404 0.11643379922155 0.11257990293236 -0.237095723929418
0.195068971630366 -0.111152535497285 -0.0735468983504848 -0.307827659051929
-0.0184642245927378 -0.182772794010065 -0.27703867697341 -0.157071516273955
-0.158546418861806 -0.0980147164207465 -0.293959618718684 0.0771292549074657
-0.193246579911456 0.0404131894156107 -0.185751665386191 0.205350294303367
-0.121016331894051 0.143622144755227 -0.0910664255672743 0.214745442868456
-0.0664611152563917 0.168572799480385 -0.0368951598578322 0.143287782062569
-0.0864348821956596 0.172311337500508 -0.0342214353926691 0.0610010837632287
-0.197904754182963 0.130785348390063 0.0082568212389739 -0.0394168779437062
-0.24757906016991 -0.0321198351926286 0.0964987446982309 -0.0596323114293172
-0.137445018811588 -0.212868341800855 0.0931495991692244 0.0870194980287335
0.161183068038225 -0.252019243234149 -0.0463981230191578 0.101267103856269
0.32857327870941 0.028927094943968 -0.110579153676942 0.0184301952801227
0.230067214726078 0.251825890323235 -0.164813696196628 -0.0681467206244291
0.0850217284302942 0.194351111421743 0.0766856819221708 -0.352773297975503
0.166861146700454 0.0801369307893088 0.0399088719153203 -0.289593853109109
0.128668330957761 -0.068727255489061 -0.120362181631576 -0.283523198438688
0.00143025714373405 -0.117032186593562 -0.277876025309913 -0.138928774428542
-0.0908854297854317 -0.0747896347317755 -0.304850674024684 0.0698448870353545
-0.12428868141263 0.0127064726053504 -0.226537952058412 0.219769244580803
-0.0824595725079778 0.0863468241501089 -0.129307819556975 0.260318084473311
-0.0489901715808668 0.104162284933727 -0.0607878660181051 0.194254045919105
-0.0659090673273536 0.11312977644407 -0.0561434053048957 0.110560968919798
-0.143166399506497 0.0815003977446759 -0.0274192835091948 0.00908917947274151
-0.170871160148243 -0.0441599241577327 0.0337326613387065 -0.0266543564929182
-0.0722264274074456 -0.161610818995579 0.0352026946875741 0.0592048222469708
0.127685046005958 -0.16155428739622 -0.0552784208072201 0.0529548246448409
0.224790262056412 0.026737085753432 -0.099838550104616 -0.00445190534736498
0.149210968481312 0.156126780102627 -0.193266332492522 -0.138333980758095
-0.0409231019184341 -0.045486675985524 0.258161230087217 0.200637728715538
-0.0717830076576089 0.00220917443632978 0.175627503404697 -0.0193339303906242
-0.0539968433766485 0.0486913364601777 0.0594189763765119 -0.0658849139153955
0.0193458638224566 0.0681861305178479 -0.0445440024585326 -0.0491813230767999
0.0593969461978462 0.0180018273874315 -0.011743220601692 0.0317793293972082
0.0503768007201195 -0.0249388237921639 0.0745388015859308 -0.0241897126240769
0.0279602700722125 -0.0360925221946205 0.0798205296358308 -0.120033088518274
0.0253504014611448 -0.0258676407469154 0.0732184825136788 -0.206866264644351
0.0335390288845126 -0.0153202460633976 0.103656919508474 -0.265754162772757
0.0418527439469075 0.010195303325355 0.207359659752482 -0.243297267449739
0.0309859257643877 0.0422932993294202 0.282466644424155 -0.11003323620009
-0.00760532174428069 0.050409329485718 0.269932902111519 0.0830649827386923
-0.0630568416062074 0.0265694930309784 0.175362956786552 0.229715718457039
-0.0849525247135594 -0.0238112511516692 0.0179937078256421 0.312080461548672
-0.037578066808898 -0.0828255804205681 -0.0433485774378028 0.428782743539544
0.0646672398034298 0.0809337948331415 0.239876284377301 0.194285882373671
0.0746704299052576 0.0212147864232276 0.172736208193683 -0.00319935677558263
0.0377922661105823 -0.0451840935820663 0.0650618390143115 -0.075506370282222
-0.0346443057132729 -0.0336276677673882 -0.0494529405471636 -0.0541758704121845
-0.0509359068952639 0.00151126968543674 -0.0200063085742435 0.0450622232644188
-0.0372471607328377 0.0334918500798221 0.0828072526155847 -0.00960487483942919
-0.0103533193853783 0.0520434877460536 0.0909284846612802 -0.113597243441094
0.00326861308085916 0.0618517349453457 0.0748743715177042 -0.200516523807966
-0.00661317686489472 0.0625464642661972 0.0938702365281355 -0.256226178773564
-0.0504108573146383 0.0589797470114116 0.190125381867996 -0.246281145916409
-0.0676019602431335 0.0194125936201967 0.270397221011754 -0.136428148613847
-0.045499355901201 -0.0318416368571989 0.273311113748059 0.0573429110385117
0.0131618620975518 -0.0565925812604428 0.195709313866081 0.208746576079657
0.0517056999178307 0.00911117471161258 0.0451475228674224 0.305250350979654
0.0485008970722014 0.05563665302868 -0.025129173923079 0.428131744131593
0.140484415447958 0.192400509752305 0.197770471790492 0.157496131376969
0.19916747982587 0.0469741190759542 0.173449691521328 0.0230235779583231
0.126752229648888 -0.122438753271371 0.087150476643902 -0.113566359079494
-0.0708314105384859 -0.131753424410081 -0.0819865237184759 -0.0904240776935428
-0.147820436751766 -0.0253766427116892 -0.0690802370491416 0.0619888190878129
-0.123833315808751 0.0778583811096862 0.0625041947907275 0.0343089446056865
-0.0537569695453053 0.129707824948416 0.0862548230193986 -0.073970886154073
-0.0191798626841375 0.139412149611265 0.0659720055964388 -0.164334743630831
-0.0405766182189239 0.133145396697316 0.0727236583143258 -0.218824664768515
-0.128310698580397 0.106319913840182 0.154445993223456 -0.234053410769593
-0.157880664228896 0.00700749639380715 0.246440990155116 -0.163252354092007
-0.0933354549467887 -0.102069378193514 0.27730153865938 0.0332120609173147
0.0722518576322776 -0.146589946105444 0.200258570821226 0.198871366636555
0.183553947414796 0.0225760115615855 0.0395650942360262 0.283328106506326
0.141977775008549 0.176826754984622 -0.0267036415485801 0.373813311894017
0.176894167681944 0.277350502722605 0.156706116701047 0.0932809290929807
0.280003221532004 0.0746598673298718 0.194754260563716 0.0159873170241987
0.193373327178143 -0.171548622551155 0.0919125611545053 -0.189649018386749
-0.0869815085511276 -0.202247130499917 -0.146216976553639 -0.13648935943927
-0.211447394412128 -0.0539749454788551 -0.142312185931996 0.0831627598572493
-0.192546020644716 0.101454465899717 0.0163196556208323 0.0933913894620845
-0.0933728511650757 0.18333778602206 0.0611163243547374 -0.00765629043568925
-0.0387115135851794 0.196459239216413 0.0481220775809411 -0.0979506584584638
-0.0631894665793324 0.185993657654052 0.0455308288574948 -0.15702110409442
-0.18088173607977 0.147122265498039 0.112656809349784 -0.204963319537993
-0.227584260071255 0.0069728011131161 0.217088566509379 -0.177279622786841
-0.143858967267744 -0.153557414603094 0.274394481242999 0.0281376017065293
0.107596322212014 -0.229976438756928 0.173126144538582 0.199817199594669
0.291290578489222 0.0168303883269663 -0.00182734759893754 0.242221835482583
0.225654157523857 0.259210385297617 -0.0491247446317707 0.278448383755786
0.1795594301714 0.326584951292442 0.132920532784797 -0.00489800600395498
0.316131400599119 0.100679003565247 0.206899931293544 -0.0559164437445533
0.22744144943403 -0.185383696058902 0.0468778800997042 -0.27260162733199
-0.0813072015370142 -0.23401300617615 -0.223179286671799 -0.159134629412328
-0.2343249190644 -0.0771321788839589 -0.212300850770644 0.103170679146041
-0.230312639070904 0.103117609664289 -0.0447104187339984 0.151122794894196
-0.118919075573629 0.206219498350813 0.0201219140157244 0.0724614797515537
-0.050983411940267 0.223250071935061 0.024750932303114 -0.0149638443562385
-0.0751571151760294 0.215019609836096 0.0182677201162577 -0.0819285251239211
-0.207633779196079 0.174835990547975 0.0726404638406621 -0.161319871499669
-0.27260106825614 0.0115061131152097 0.185796502473593 -0.164932411818994
-0.18521113486802 -0.188635561192038 0.246433510677914 0.048204636380783
0.126098789995933 -0.292926000764878 0.106518067635799 0.197528310862348
0.36069610603 0.00264652134997734 -0.0610767218753183 0.175710732583231
0.280942732378873 0.297097030768345 -0.086792863503093 0.158705790817986
0.16725675783165 0.330965610003302 0.114462841679046 -0.132165513510751
0.310046394427588 0.108720156528324 0.171910525226243 -0.161071629953865
0.224596601392789 -0.16780424258074 -0.0310572692993446 -0.313026564962615
-0.0608523870408771 -0.22612971756697 -0.276846494962657 -0.15299135183508
-0.219073883851387 -0.0889523513632455 -0.263178522390736 0.111773668641362
-0.230241126629021 0.087156763903392 -0.110625998618129 0.195439273724455
-0.12493932816017 0.196416632566145 -0.0277670686845305 0.154309554642296
-0.0549586936590183 0.215582649252808 0.000135634870143196 0.0721774342557033
-0.077033338780617 0.2142665832897 -0.00575381839419906 -0.00395009282291425
-0.209437718784764 0.178667146506745 0.0376500235396031 -0.103110561725772
-0.284331972910882 0.00710504881621089 0.145538142780964 -0.122490808746321
-0.193839824082235 -0.208747805516508 0.183534584361279 0.0774961336274787
0.138633956806174 -0.3114159679989 0.0207497786859296 0.166925198342359
0.378036027111366 -0.00606550067243613 -0.103493032166922 0.0941075058100953
0.293114198447818 0.287770833411383 -0.129334404725256 0.0427712508350701
0.141654297112867 0.282727440176694 0.0876275428272774 -0.261166522088678
0.260577010096094 0.0951868480783536 0.096685033978469 -0.248798021180833
0.187305224869002 -0.131292372450836 -0.100227268716092 -0.304970164188289
-0.0349124021428781 -0.184219834722673 -0.295224406918533 -0.135104017359812
-0.171453888271325 -0.0859041891404952 -0.292602878315181 0.105697495989384
-0.193405649046037 0.059780136095992 -0.169390305409137 0.225104494154677
-0.108969473571377 0.157077625504153 -0.0721041078703567 0.226611342594263
-0.0511638641078477 0.175600018254317 -0.0236028618203576 0.148887963138954
-0.0709943723876135 0.183297333955742 -0.028036889656319 0.0669070050998446
-0.188969389718999 0.151961293148574 0.00398369740415363 -0.0390643202785141
-0.256682606621613 -0.0108429812036715 0.0886393148807723 -0.0688925456135169
-0.157736939011765 -0.206444455602115 0.102922906449793 0.0822717187312829
0.141852391153126 -0.26930806726451 -0.0376206467433125 0.109442316351108
0.33524520748892 -0.000302065283568668 -0.109949782155852 0.0306480947165651
0.252774864410843 0.236213287472392 -0.172845542947723 -0.0541492807438508
0.102458631697712 0.188544754031442 0.0486956596555916 -0.361481205442646
0.17723275763329 0.0653415386783814 0.0173350122323923 -0.296581675431576
0.12390019250705 -0.0813468315684831 -0.146039188389166 -0.276020693826476
-0.00913429582901873 -0.118816653199024 -0.294850362248488 -0.115879976137351
-0.099198290685023 -0.0676942563271166 -0.303763023127162 0.0982575173893211
-0.12533477679452 0.0253566851049721 -0.208685386060366 0.242903244681768
-0.075184990424138 0.0958479062986739 -0.105686875555559 0.276476961304006
-0.0391656487336982 0.108801035824033 -0.0435625369213956 0.202888660731695
-0.055723377071313 0.120922062941077 -0.0463603379831029 0.118936719599836
-0.138981349446012 0.0970905090167625 -0.0280600089368996 0.0132164412701845
-0.179468431842058 -0.0293942954667355 0.0287777972899874 -0.0292379394844715
-0.08631303247437 -0.159981362447868 0.0415765826141184 0.0581820102143124
0.115575259600624 -0.172878154162194 -0.0504575583151502 0.061211966367714
0.228618799248798 0.00674471440705516 -0.101262069340744 0.00601604569041013
0.162888855572647 0.145216983483078 -0.208145123169229 -0.122282736896342
-0.0432035869222393 -0.0407103598537629 0.265137501385842 0.172935627209767
-0.0693990903306387 0.00788983595333746 0.168486558410007 -0.0344225903734488
-0.0478477909040378 0.0516141088420136 0.0509625548085248 -0.0704892825527363
0.023907999857163 0.0641964645256139 -0.0473948238302527 -0.0429503422851546
0.059004967554738 0.0131024520156721 -0.00840922849023085 0.0324962598347991
0.0466736573849577 -0.0283523567279427 0.0683611257698356 -0.0315841190673384
0.0244150257824353 -0.0378620314100718 0.0676483660597427 -0.122745656208909
0.021924223880739 -0.027526739601688 0.0543881717965765 -0.204725396019295
0.0309163380019702 -0.0177245568196713 0.0778730308817608 -0.262838605979331
0.0413003726085925 0.00651019272833472 0.179264706541602 -0.249854072385123
0.0339787295638266 0.0376544159694228 0.262721249571542 -0.127897022453194
-0.00332951350612853 0.0482576396174932 0.266599598287937 0.0588307508129205
-0.0596288484103239 0.0307015000634857 0.18433003945586 0.207308177184461
-0.0828824582643178 -0.0161290201693208 0.0390332070749585 0.300459127816114
-0.0426144672316643 -0.0789904545321261 -0.00880960506232906 0.414499503676216
0.0670326338481866 0.0723173087021596 0.248634777870643 0.168610983647367
0.0726855321106461 0.0152987221698405 0.167179414342333 -0.0182826722102587
0.0329745838555618 -0.0458846852031004 0.0553931083181743 -0.0791734256628605
-0.0351812326510973 -0.0301219020348368 -0.0525398041644051 -0.0476842721381089
-0.0495267957046342 0.00590271619785487 -0.0151130612721228 0.0458115427076611
-0.0335435441917542 0.0353687628454875 0.078199805806552 -0.0174344405093229
-0.00551441507121893 0.0497909408889158 0.0786955427801209 -0.116941986059295
0.00838831683515042 0.0580568527631164 0.0567309387908465 -0.198662810049904
-0.00121800521494598 0.060122999160024 0.0701161156691704 -0.252262751337897
-0.0438516349415342 0.0613607981733473 0.162229209877467 -0.251543322802987
-0.0628081653942903 0.0246840811214592 0.247397147467027 -0.151819472307206
-0.0459812614300903 -0.0270807584526872 0.267875807555137 0.0347913213387107
0.00730923438666529 -0.0553667455350842 0.203646492063875 0.185750198395792
0.0504003038138144 0.00401169297771321 0.0647884374378893 0.291542736413675
0.0511871873970806 0.0483414024367154 0.007811832202128 0.411642681355282
0.148589609594176 0.173117362930986 0.204169642490911 0.136968453270773
0.194561303611775 0.0301232100920456 0.170971067397167 0.00810558351858309
0.113334598203313 -0.127118869477293 0.0745525715446333 -0.117966909979538
-0.0771357057724823 -0.121895958011303 -0.0863650307289239 -0.0808816576937328
-0.145690687677718 -0.0126590909172253 -0.0607143625520482 0.0659296678772865
-0.113880707625352 0.0855807979952164 0.0634230835463696 0.0271212130608586
-0.0403525310120935 0.128352500832916 0.0763682449651442 -0.07836535975518
-0.00714164393897023 0.134230982156304 0.051396770924643 -0.162603056637108
-0.0280986120900723 0.131320552205171 0.0527612310126899 -0.213918388784675
-0.114332222063773 0.114323968867559 0.12834389736273 -0.237075545945615
-0.151275169872057 0.0206719142578468 0.221261621228462 -0.177026505828475
-0.0974462246179859 -0.0915685284994952 0.270088419875685 0.0118986083462305
0.0563029116359198 -0.146734789181278 0.207502866213697 0.176182662591126
0.178586518037042 0.00595991416732916 0.0578406813898317 0.271704821904668
0.150332816208253 0.157849225992945 0.00290697765703175 0.361374194000056
0.189469381125577 0.251675571333297 0.160344231852853 0.0792438751195236
0.275322176607423 0.0516579019660963 0.190769394883981 0.00102675182855623
0.173874731935768 -0.179896691647858 0.0735491270985033 -0.191177016495507
-0.0987554150215244 -0.189111104695145 -0.151568041427944 -0.120419006529654
-0.209062992214205 -0.0352237158387651 -0.130272305268524 0.0925759783755738
-0.178184752646416 0.113966957339027 0.0238362886690033 0.0879434559064098
-0.0738350064201739 0.183685630093477 0.0583099207270124 -0.0126908767231885
-0.02098884421441 0.190245951219986 0.0387805629241354 -0.097745205365138
-0.0450443594569947 0.183557289287435 0.0311837262928192 -0.151760099473188
-0.161846520436529 0.158420393213881 0.0908817042408018 -0.205453505444905
-0.219233785626092 0.0263226643869884 0.191639875857271 -0.188005481428327
-0.150415594327868 -0.136936060111743 0.267181447254683 0.0067440567157887
0.0845244626736877 -0.229997893362748 0.181486369938836 0.180883943155211
0.282133228258301 -0.0083637465593986 0.0154879398465983 0.235543738161876
0.23723946203455 0.232398377612838 -0.0259785267067133 0.27037613112051
0.195913783705646 0.299106903119526 0.130058552266684 -0.0133960093289903
0.312936930886011 0.0725997573956647 0.197784248776113 -0.0683615087526329
0.205676277182859 -0.195627498199001 0.0247545779270524 -0.266810840015742
-0.0963594029197856 -0.219816903236433 -0.22783885017538 -0.135856298449046
-0.233686603070644 -0.0553969451071559 -0.196445393385143 0.118055095253022
-0.213936458856788 0.119363780658604 -0.0302905658381878 0.148566192916309
-0.0971393202120054 0.208554751137408 0.0247049646529837 0.0677143773939382
-0.0304828740596218 0.216709392196844 0.0233294048336864 -0.0158754230601913
-0.0537803337055991 0.212517425090757 0.0122941645857593 -0.0781627065707545
-0.184985719255078 0.187270695983809 0.0559164023134261 -0.159492162911894
-0.262915652905591 0.0343310313118028 0.162086487072466 -0.172408329661264
-0.193767614932376 -0.168600137677718 0.241881744330248 0.0291252170951137
0.0981564872393827 -0.29238497494219 0.117189933510822 0.183778280886807
0.346791381650014 -0.0274052452362794 -0.0453667096316241 0.175316721499529
0.293038216517039 0.26435325248873 -0.0705471018025296 0.159084216044598
0.185331118486701 0.304128176400531 0.1020392209346 -0.133812483111724
0.306399918844603 0.0802032516901121 0.156423715775841 -0.166756506267842
0.203912450459584 -0.180712933184538 -0.0533044064020319 -0.299526330022473
-0.0765382392874099 -0.213752449002804 -0.279231032781025 -0.125161048248266
-0.219101489010016 -0.0688861538494333 -0.244209923987141 0.129589681292857
-0.215347200396172 0.104702172127003 -0.0898837112679955 0.19646847929427
-0.103585966614315 0.199389313038478 -0.0143317547986867 0.151272045053676
-0.0358232863652621 0.210516863618938 0.00603658665757684 0.0699043014484093
-0.0556230311512485 0.212101575710632 -0.00501282068200514 -0.00169290350785981
-0.187928419180671 0.190959962384432 0.0272115764790363 -0.100289698199617
-0.275204712589762 0.0311102771290175 0.126109408294745 -0.128279034629205
-0.20314394029452 -0.187672607776559 0.183983992635663 0.0611104673192145
0.109464104396336 -0.310467383250316 0.033220698031965 0.162057331991389
0.362646624807943 -0.0357469837387876 -0.0920661765330047 0.0998133908824975
0.303100144311608 0.254566337719038 -0.120992664879412 0.0503013475044301
0.157316324656787 0.259696438144988 0.065232389122697 -0.256269629330529
0.25875074096739 0.0701417933333126 0.0771206395021839 -0.245802102473635
0.169712963840351 -0.140796841529923 -0.119717418027903 -0.286507788108729
-0.0481972944743191 -0.175368185019637 -0.295532319737357 -0.106142762321299
-0.173146820588818 -0.0688271427185412 -0.272845399344294 0.126133043747533
-0.181341447216411 0.0750541503189644 -0.143879281173025 0.230490147335086
-0.0911176507985948 0.159863313371839 -0.0510366356448582 0.223095518138673
-0.0346837975770762 0.171687580590872 -0.0100078687459172 0.145980538995292
-0.0532666529251061 0.181717019650562 -0.0209350160736936 0.0680618050840159
-0.169472154882046 0.163615449089125 -0.000181650022081025 -0.0355326605134538
-0.249603667591451 0.0106725414909283 0.0764249519154507 -0.0721911547054691
-0.167464982994553 -0.188662076311492 0.105937080442008 0.0716208070777727
0.116723385333371 -0.269902976583812 -0.0271711024015564 0.110597736918207
0.321285818495752 -0.0272967211964665 -0.10293764513976 0.0393561629119489
0.259536687172948 0.208258624729915 -0.170440186161108 -0.0389313317081301
0.112329488233087 0.172045905219135 0.0216439963816748 -0.349462762466643
0.176129328554856 0.0479025615807625 -0.00364180051548608 -0.285284357080933
0.111777329265748 -0.0882936461468755 -0.161079522352658 -0.253854377800504
-0.0186420702577014 -0.114292670362218 -0.293733074530902 -0.0885310894126584
-0.102651631104416 -0.0576980723960215 -0.283158554765665 0.118936918804238
-0.119733145052081 0.0364621081170706 -0.180488452954734 0.251738733299497
-0.063747883464625 0.0980161483318304 -0.0787982798626501 0.274203738522005
-0.0290179144025937 0.106515221360629 -0.0248666087890238 0.1990972378064
-0.0432359603875377 0.121759533927531 -0.0350718731432333 0.119371943675783
-0.126403980636983 0.105879182809477 -0.0267615328221918 0.016890776009956
-0.176611896319631 -0.0143352052403041 0.0229310502659991 -0.0304973429234844
-0.0954605695377202 -0.149119016852198 0.0454024288625922 0.0529193753946441
0.0984835838072716 -0.174164726017957 -0.0425746326751628 0.0651780328750573
0.21875312265153 -0.0120388125531833 -0.0961276458127388 0.0151819001278054
0.166177192647029 0.127357389780389 -0.209439833550575 -0.100395222628259
-0.0416464460335794 -0.0372140834262542 0.256208236181564 0.151653594433523
-0.0654569213379684 0.0101972769297519 0.157758421703874 -0.0407372790924723
-0.0431395438619927 0.0500818065249767 0.0443300595218182 -0.0701030002964599
0.0254160487795292 0.0593353460794258 -0.0461342414070678 -0.0382158260307607
0.0560701577022087 0.0106037171752986 -0.00631682034219226 0.0309693712279851
0.0434116214396007 -0.0285699130348193 0.0619916498197353 -0.0336528626504533
0.021568801610817 -0.037255894119332 0.058666439433471 -0.117965032609976
0.0194700848746392 -0.0273714715167162 0.0443182721854484 -0.193814978564649
0.0276712601629374 -0.0172724541698046 0.0639964845902946 -0.247797628717831
0.0389191752542785 0.00471927606155723 0.157578379464683 -0.241044060693656
0.0334289585750344 0.0335122597844432 0.240004534642953 -0.129005749011686
-0.00152104010223675 0.0456780675777039 0.252042311345922 0.0454390767513116
-0.0551935333051252 0.0319960621797584 0.178013108885944 0.187246657540905
-0.0782003705482534 -0.0117594087200884 0.0451449421537 0.282085380169558
-0.0427053609699581 -0.07398590001992 0.00482166423881692 0.387405796941807
0.0646387600522499 0.0652394941160565 0.24067881375794 0.148279566745614
0.0678904527038581 0.0129256580256593 0.158208869432724 -0.0241260308128888
0.0302235696946647 -0.043655049178084 0.0481850601462758 -0.0790117049361896
-0.0333688266187236 -0.0275248315050967 -0.0511915070384129 -0.0425929462309206
-0.045866728997245 0.0074063819051203 -0.0119059162480863 0.0441533902675397
-0.0298914165519835 0.0349005567373109 0.0725414788573167 -0.0203381950787976
-0.00256323784331543 0.0459183156818566 0.0692917797245639 -0.113379911825604
0.00992630481565229 0.0532208422787601 0.0470151841453451 -0.188234649449872
0.000500404498788954 0.056521013033624 0.0566191947519114 -0.237469352290308
-0.0385263424992569 0.0604551579747372 0.140583186738385 -0.241487794017241
-0.0574671415914862 0.0258243401545317 0.225334150054828 -0.151591305765444
-0.044320503251986 -0.024290470338137 0.253002278777781 0.0227005330101829
0.00394755590547189 -0.0518884739703693 0.196068371214686 0.167251896712714
0.0473190116787397 0.00122124946752399 0.0691303225017582 0.272458239132735
0.0492306567709672 0.0426137773815173 0.0219877217795604 0.384825690425674
0.143851399903598 0.156330784386765 0.198943542802621 0.12111943858603
0.182121128823008 0.0229283964080881 0.163399863907449 0.00133821055968926
0.103307935772201 -0.122879067214806 0.0648948597755674 -0.11431912071194
-0.0756289490618871 -0.112538243536174 -0.0839272301022416 -0.0727502249041324
-0.137648320322626 -0.00656535341669122 -0.0528490615446971 0.0652901816638686
-0.103559012890073 0.0848682087127357 0.0602901912902279 0.0211992244777148
-0.0324316397804601 0.121421684768432 0.0690581833312421 -0.0770220012801451
-0.00118647364026169 0.125035616899265 0.0425999313852317 -0.153968363133819
-0.0210229006501736 0.124042937175044 0.0424970623755479 -0.200422616174035
-0.102443182096756 0.113134122217905 0.110417838768807 -0.226944915958544
-0.140858174959054 0.0258110074868302 0.198463292695456 -0.173307300802461
-0.0951934583579781 -0.0828197665562329 0.254605433700268 0.00148662107017911
0.0470728096574286 -0.139089698978219 0.199700074225149 0.159997058727954
0.167253040908089 -0.00135930566946168 0.0621025246540095 0.254051328223416
0.146306666282088 0.14211127342205 0.0150214032093912 0.336716770738149
0.184290300943402 0.228402442179026 0.155227991438901 0.0685125968875775
0.259826810317066 0.0387348099782148 0.182247032951606 -0.00483796847627413
0.157942306802321 -0.174903041684116 0.0624502124223251 -0.182744117967699
-0.0987296105184445 -0.175167633394765 -0.146208585935044 -0.107736333490464
-0.199362693998986 -0.0251544767484048 -0.117549673328209 0.0929443767124151
-0.162391209289082 0.114930321936354 0.0259685707701307 0.0801473651344247
-0.0621425658165384 0.17469857671484 0.05359189755424 -0.0146368096704307
-0.0121583462392019 0.177763457503199 0.0332720702302798 -0.0927064531015538
-0.0349110328528275 0.173463199482144 0.0247096788851619 -0.141837122239022
-0.145493085341159 0.156109703535367 0.0757301931244641 -0.195258001255988
-0.204572951903123 0.0343173970631255 0.169398994679863 -0.18252252376559
-0.146880741349383 -0.123898810140008 0.251814008561311 -0.00257617927207782
0.0698428016470957 -0.218865294693237 0.176322471827195 0.165340162079408
0.263504327085241 -0.0187277154112969 0.0220070156949904 0.222669372943653
0.230268797473118 0.209099847169031 -0.015290560610099 0.253717676384017
0.192657383564664 0.272223245250879 0.123998846928561 -0.0148391530373358
0.296171469870457 0.0570808543564539 0.186166301696415 -0.0695872355780499
0.186654504462179 -0.191237586509136 0.0146860666325831 -0.251480146645671
-0.098438456943472 -0.20426184086229 -0.218660647792167 -0.12053850749332
-0.222882599538724 -0.0429020174719125 -0.178149418664557 0.118864795301386
-0.196570152397719 0.121660260076607 -0.0224463962279168 0.139889664037829
-0.0825166928709441 0.199362713449636 0.0257171269460065 0.0619737123765091
-0.0204758216973039 0.202761226684125 0.0212783769263937 -0.0151333966193159
-0.0417683025343594 0.201794957343344 0.0102049638599448 -0.0717955054139357
-0.166098883378575 0.185196965541856 0.0461880340112972 -0.150692582537945
-0.246039582977562 0.0437578680706595 0.141592295868263 -0.167234643700684
-0.187892666472783 -0.152566918857585 0.229012016051828 0.0187492158427622
0.081036941803307 -0.277789391044546 0.116729318368132 0.17045766613041
0.324850790128223 -0.0380741773796756 -0.0372644638991721 0.167611452545501
0.282852941996854 0.238051451022404 -0.0607152085189794 0.151040333164565
0.18203533604824 0.277504791111588 0.0941359414837717 -0.126442949077857
0.291882280909026 0.0640070140423502 0.143865782857017 -0.160755197043128
0.185064188410886 -0.176877119626553 -0.0592863202076185 -0.279091312491279
-0.0795293388986959 -0.198725121482176 -0.26640675512751 -0.108166422341879
-0.209890599403432 -0.0554175088101076 -0.223388880413698 0.131708609062024
-0.198196620059638 0.108688841865351 -0.0758528719530231 0.188043981246444
-0.0881007836780073 0.191145757409665 -0.00777457736409415 0.141680985379397
-0.0259530617585361 0.196513375902365 0.00934468597778641 0.0660129793401919
-0.0434605891350289 0.201337862888663 -0.00339228537924191 0.000608887010621876
-0.168854752012735 0.188243995407761 0.0205234457235162 -0.0934526838239283
-0.258854225053791 0.0405547707108312 0.110374494729274 -0.124318692776042
-0.197824277552229 -0.171736614781244 0.1761580702813 0.0519653796874019
0.0923542014214473 -0.294769126070363 0.0375849374579524 0.152734401202993
0.337975343816795 -0.0457597985471115 -0.08255661810698 0.0971435625971971
0.291624825098152 0.22879925018688 -0.112573637961943 0.0515341817304258
0.154788571537559 0.236862197868748 0.0560080133889204 -0.240033590529292
0.245841227641927 0.0558846730196601 0.0671318811823282 -0.232250960204603
0.154373595027863 -0.138432817908182 -0.120963024947068 -0.264226051519962
-0.0526338541508413 -0.163190683752377 -0.281105570113 -0.0897140791772225
-0.16588531943309 -0.0583292772622843 -0.250829761722054 0.1290716520118
-0.167131609052421 0.0791018606723535 -0.124947891937923 0.22202653712459
-0.0781311304562983 0.153716697412451 -0.0386236184051514 0.211005692395066
-0.0258995719460866 0.160698565081637 -0.00346084709417402 0.136067954400794
-0.0420718974456709 0.172928810910029 -0.015286913428459 0.0664692672632429
-0.153430983483923 0.162156228348191 -0.00202712775283437 -0.0316231571709671
-0.235220262596242 0.0203688529914779 0.0657278962457282 -0.0694853454929459
-0.163743909178945 -0.173402238919457 0.1021889253805 0.0640437618871735
0.101213506087729 -0.255783756745056 -0.0202677204463604 0.106556784676476
0.299322275717848 -0.0364465650830407 -0.0942537575750519 0.0405362228787753
0.249024872658701 0.187952989561673 -0.160756118323574 -0.0295006098828996
0.109798700750804 0.15678860019313 0.0103823163563407 -0.325634483268115
0.167328052750023 0.0372809610993258 -0.0105061617452002 -0.266530728261641
0.101694470082046 -0.0864968936340258 -0.158846171336719 -0.232316794507247
-0.021941330875647 -0.106337812490598 -0.278115250783664 -0.0716151039022121
-0.0993537250631451 -0.0504230376298849 -0.261531921677027 0.122289843902667
-0.110323473426217 0.039896606472702 -0.159088696982932 0.243287640668967
-0.0556057575946352 0.0951139305347741 -0.0621436054746775 0.260479578726829
-0.0229039992138687 0.10018590463382 -0.0153443250215492 0.187740786003768
-0.0352229090473317 0.11601353548537 -0.0276902092333239 0.113986196854553
-0.114959051742833 0.10526952712773 -0.0250585328129549 0.0182412205944243
-0.167970719631796 -0.00668252849513481 0.0173300185815591 -0.0276993414049533
-0.094911038284751 -0.138241418631978 0.0450828865032202 0.0483909709917772
0.0870873201303512 -0.165763179935411 -0.0361030623515399 0.0637589762704513
0.202933921190525 -0.0187728167604368 -0.0891617006949379 0.0190197580838248
0.158864827143602 0.114532593473086 -0.199928259120724 -0.0857185684010945
-0.0396451154186236 -0.0350056117621448 0.244496699479259 0.143385924615431
-0.0624451027675591 0.0101501954581039 0.151703413786387 -0.0404743411625739
-0.0409362636294369 0.0476418650186127 0.0413221772285209 -0.0689575308816739
0.0239438167585468 0.0574685760049752 -0.0437786178096755 -0.0362740428543199
0.0547837049338669 0.010906215100083 -0.00531951454166152 0.0293247726937651
0.0416425938033586 -0.0275379831425004 0.058144717917393 -0.0333692133434993
0.0207966743561872 -0.0365503192842089 0.0566945125216803 -0.113188251971214
0.0185895138588948 -0.0259350069835712 0.0436503343116615 -0.184711189980609
0.0263354936670492 -0.0167595060683028 0.0620896186180964 -0.235218409143701
0.0373027970970757 0.00517728555043842 0.149973806454796 -0.228685895376681
0.0317764969238162 0.0316590870173037 0.229064654033752 -0.121825128883454
-0.00155242224947656 0.0434591915943321 0.239693711017759 0.0447667737667443
-0.052606241713846 0.0306616539830827 0.167213946397341 0.179884195641573
-0.0736204748365938 -0.0113122660344111 0.0392142769945702 0.270622473451213
-0.0405424401336337 -0.0726110709270257 0.00111301898971859 0.367910224769522
0.0602599936873975 0.0621269613082794 0.229676094751802 0.141773407957794
0.0642603732861125 0.0136102357283627 0.153237971217805 -0.0240241958286409
0.0301209342677829 -0.0408005169838047 0.045430461698488 -0.0762995141134006
-0.0309212258901719 -0.0266044840418653 -0.048808228500811 -0.040921775327922
-0.0442689380839728 0.00683074429879724 -0.0103523384099748 0.042455090480402
-0.0281969888573808 0.0330258101488247 0.06846691580728 -0.0200865521387243
-0.00244495568101851 0.0428188493111606 0.0667685179011154 -0.108722574668677
0.00963741329894957 0.049926020688473 0.0457386097256703 -0.179883056678516
0.00059190928761293 0.0543157197734872 0.0554198516854313 -0.224225253317371
-0.0357973011440263 0.0572295240986008 0.134105890870846 -0.229114889205317
-0.0550276217688244 0.0240164191967933 0.213250148458451 -0.142960721201198
-0.0423535491515893 -0.0234720847876993 0.240770969844406 0.0237633793201514
0.00382783278361622 -0.048653771245552 0.184272027153489 0.161454293801314
0.0457178882218964 0.00126729366382029 0.0627820673661001 0.262915401977045
0.0467837297373596 0.0396963266045903 0.0167665130914072 0.365507574787906
0.134022363710235 0.14944093938645 0.189910095491025 0.116546427365339
0.173598951121409 0.0244699137097269 0.1576611824658 0.0015381510448182
0.100168420495552 -0.11541816684724 0.0619215770834459 -0.109685786352024
-0.0707289912778493 -0.109047848001214 -0.0793857790848443 -0.0703895019698615
-0.131914163404797 -0.00653401038379673 -0.0499017099285061 0.0629529705441286
-0.0993259548366367 0.0817165492879925 0.0575899472660644 0.0196899732380733
-0.0309779963578991 0.115054474071579 0.0654719160780224 -0.0739752360147898
-0.00167851361335879 0.117615081757979 0.0420678793695104 -0.146255501352937
-0.0204589459138009 0.117856192098441 0.0421259798233734 -0.189277901712683
-0.0974901889516339 0.108731253612855 0.104518147132695 -0.214203437695494
-0.134426561955215 0.0249130434353499 0.187393158922879 -0.163089297664572
-0.090788469347737 -0.0794745792269006 0.242698099409035 0.00331487465896807
0.0442744400003896 -0.132126489097573 0.189026299067559 0.154707634022988
0.159387978562814 -0.00131919485188788 0.0566784249974943 0.245023719972959
0.138477761373066 0.136249608732468 0.0113684144921198 0.319469544074683
0.171711629601123 0.217459483524816 0.149795761373936 0.0681496078240743
0.246800156128472 0.0407023846919924 0.176089416622497 -0.00316283056440751
0.153395264053006 -0.164897776081551 0.0610973403095146 -0.173573241654635
-0.0925513118061425 -0.1691342223748 -0.138542640908232 -0.104571552690716
-0.190876187805693 -0.0245677841897118 -0.111506829396203 0.0886040460451738
-0.155859838090131 0.110083357098084 0.0252747051269415 0.0759513787903988
-0.0595359953513078 0.166060595831305 0.0509038078520377 -0.0140102295276558
-0.0127609662291916 0.16788328168148 0.0330512070756548 -0.0878711654556721
-0.0339576866828099 0.165472895805481 0.0251494872385828 -0.1332670896283
-0.138707608909867 0.149938424282887 0.0725157823479306 -0.184282894197914
-0.195796878165996 0.0329903389283871 0.159231740512022 -0.171703729524612
-0.139611625686539 -0.120176636195298 0.24047089182707 -0.000544952410963586
0.0674196042048279 -0.207898529949414 0.16727011321179 0.160440436757503
0.251282764347371 -0.0163801946126395 0.0175845760761107 0.213138676766001
0.217737519129339 0.201313097586727 -0.0174001637056536 0.239910695255225
0.178899998142686 0.259608822193972 0.121008447651337 -0.0117093037234845
0.282133828614966 0.0569906033065746 0.181308968057163 -0.0631310776012615
0.180445954672426 -0.181740338510893 0.0159660002454935 -0.240065416162731
-0.0929786050200239 -0.196909905056394 -0.207006217844517 -0.117335335070178
-0.213768237369072 -0.041626343583274 -0.169812292509389 0.113462913603184
-0.187394691407125 0.117255412238271 -0.0205669346107398 0.132538347576001
-0.0786529286519433 0.1897464763187 0.0243238993347565 0.0590863200995533
-0.0198421382867006 0.191714960440558 0.0213258962238892 -0.0143759114980531
-0.0404821732648943 0.191838892201881 0.0115428480693879 -0.0669081644877235
-0.159005527294963 0.178003277023357 0.0438517398470234 -0.141494228353971
-0.235730451657978 0.0417479598449443 0.132646484346472 -0.157406946132418
-0.179630511710236 -0.14771088394693 0.218474626405982 0.019703419780413
0.0795571193496943 -0.264150251616399 0.110414577538981 0.165258163684305
0.30943379545665 -0.0344021550005086 -0.0370520049271354 0.160723561137671
0.267722636287091 0.229759872681086 -0.0590198633374025 0.142388496933473
0.169299291841557 0.264057751019427 0.0935009822010903 -0.118354054360297
0.277857691748986 0.0615668640901984 0.141724708125854 -0.151418607721264
0.178275809296477 -0.167455112419266 -0.0542466296953374 -0.265518922199117
-0.0754067958006054 -0.190345290527314 -0.253046985968717 -0.105267936846658
-0.201014918486845 -0.0537866953404521 -0.212788211077752 0.125765241205588
-0.189172465752154 0.104411533782121 -0.0718585364575925 0.178223098312746
-0.0839531340388404 0.181088488388356 -0.00841528088772843 0.134340214636019
-0.0249213245234874 0.185906555826092 0.00930985011783994 0.0629634978492987
-0.0417191437505296 0.19089585937688 -0.00142783396123833 0.00220315513275615
-0.161732317399799 0.18067176925237 0.0202281518809287 -0.0868776585254383
-0.248131034179943 0.0388173787390706 0.102299253395309 -0.116030958302485
-0.188517561412958 -0.16631005124836 0.167671083368128 0.0509759140769933
0.0911803016827164 -0.280186357897804 0.0354519286502026 0.14774308116404
0.321677683906573 -0.0409708994368717 -0.0785309127680578 0.0927652473890677
0.275585930129369 0.221810709770862 -0.106803839620102 0.047666884514355
0.143510135198199 0.225126743531545 0.0573200619541142 -0.225649588662971
0.234086706634486 0.0527781942566511 0.0686583892787107 -0.219860191443204
0.147626040949916 -0.131067241543866 -0.112371893676015 -0.252253227468032
-0.0499131117013029 -0.156277908531437 -0.266836431026209 -0.0871149518809402
-0.159484635128515 -0.0558054647647817 -0.238535426231848 0.122847260727337
-0.159513781681463 0.076344853048516 -0.118806745654592 0.211083754873849
-0.0747676434887319 0.145553829342728 -0.0371315457172591 0.200911218482237
-0.0257118373372767 0.151657969490143 -0.00312128714352099 0.130934320652619
-0.040457372284654 0.164250730678114 -0.0141401122880132 0.0643489717091787
-0.146776718916655 0.154993829034666 -0.00241610847925617 -0.0285702961070243
-0.226160935842696 0.0191742334002994 0.0594947437242724 -0.0641743059105585
-0.15550231126761 -0.16827279127714 0.0976459880159554 0.0624548602127641
0.100118702596803 -0.242124518689052 -0.0188952482958441 0.103414946795029
0.284570734898917 -0.0315652516040538 -0.0890743502695586 0.0385367248331657
0.234672974134316 0.181337593044083 -0.15311681437586 -0.0290475556520497
0.10153403633858 0.14892312572907 0.0152053790184804 -0.308530972706201
0.158791977872383 0.0352527797967348 -0.00633881660428348 -0.252916154101287
0.0975094362626419 -0.0815339652376178 -0.148389233116019 -0.223221325358508
-0.0213114331460403 -0.102354583765251 -0.264580417941209 -0.0690351993460157
-0.0956796257373521 -0.048340385873453 -0.248873293187458 0.115469521127012
-0.105460954803659 0.0398586829440019 -0.151043815440774 0.230895449869801
-0.0529038388910468 0.0897901075268122 -0.0595376191642175 0.246931967937072
-0.0232626314738407 0.0939802245225079 -0.0149892227937918 0.178660634744753
-0.0333730399729007 0.10999699470063 -0.0249886426465963 0.109681877306067
-0.110039908725131 0.101044906171359 -0.0244312169719551 0.0184598804610858
-0.161042962129117 -0.00666836862983019 0.0134657530340314 -0.0252988700936661
-0.0895104748639934 -0.134169415939205 0.0430943939753171 0.046013230848517
0.0851609462750602 -0.155790041735869 -0.0324411523301832 0.0624084266259554
0.19195541287518 -0.0151976671034373 -0.0840496741022493 0.0179253802293703
0.148956073488144 0.111140739629847 -0.189208547091773 -0.0815249880773339
-0.0339332392708745 -0.0394928553421584 0.222667208846688 0.173031022641534
-0.0631519228520106 0.000782224359430417 0.157973604839583 -0.0223134375574068
-0.0470374693132862 0.0396917602660783 0.0488829955589608 -0.0670386522290117
0.0134261356580931 0.0593216486040437 -0.03918603967781 -0.0429240813190497
0.0506939706450973 0.0199545736260438 -0.010958717671157 0.0290387954617316
0.045472066769237 -0.0201353489157153 0.060145885712802 -0.0229197355139182
0.0259634812580479 -0.0337481866690453 0.0712980637315028 -0.10269002046571
0.0220745570081146 -0.0238352621305913 0.0733552099508886 -0.173109743445701
0.0265177428422306 -0.013663951692856 0.099316319599211 -0.218717785746791
0.0351502374333208 0.00867987259013434 0.182794733840958 -0.198865820170555
0.0257686511390766 0.0323656594992865 0.243638254956075 -0.0801835242223445
-0.00720693366495516 0.0384386220923447 0.227551090873808 0.0840626544011173
-0.051374635738143 0.0205453839062758 0.131541352586442 0.204595035866244
-0.0644671683345304 -0.0227944334965674 -0.0094459409821863 0.273681659047549
-0.0216167135948046 -0.0769101011282252 -0.0657813805697227 0.362236924196957
0.0476903730548675 0.0690263636125068 0.199685450328048 0.17224450364192
0.0593371612498028 0.0252648962087884 0.15325705790826 -0.0001550850365703
0.0360955133329009 -0.0346309428032936 0.0566506688365417 -0.0669679166564133
-0.0243457256165838 -0.0319384547093999 -0.0401284845284624 -0.0461352894389598
-0.0437047693404904 -0.000729347474539644 -0.0135451874927595 0.0409016638582395
-0.0325464698214542 0.0270389526334781 0.070049325844401 -0.0130441875595068
-0.0100425693161767 0.040334930407006 0.080783917093594 -0.098449560362195
0.000873947285394366 0.0477307749977578 0.0742573788475563 -0.167104850104114
-0.0093356112712684 0.0503952820062306 0.0922221074089065 -0.209403539447543
-0.0450068741240726 0.0479353782275973 0.167730380150015 -0.199602227191363
-0.0568369503633564 0.011074168977534 0.231244798545118 -0.101868332030163
-0.0363250199295167 -0.0338343988778769 0.232314327809681 0.0636960586305682
0.0155507829110572 -0.0473790188928303 0.149963215399919 0.189557765808675
0.0472960756928814 0.00933035993045329 0.0151652213101928 0.267863175233157
0.0432108446672687 0.0462968604238205 -0.0486352596303438 0.360168566211413
0.106160629530607 0.163751875441422 0.15570566588897 0.144222075447579
0.163604706126878 0.0530739040160042 0.150693691798493 0.0302503759187412
0.116508955110712 -0.0956175047110506 0.0787906976952537 -0.0901649196966963
-0.0481903782269346 -0.117890554579564 -0.0616017544299609 -0.0769294547409039
-0.126311018625478 -0.0299185639625925 -0.0506634178833928 0.0533946159383347
-0.109856765429005 0.0628445684339927 0.0554624261908233 0.0215007067288969
-0.0492125811565273 0.106457410025829 0.0762545639155157 -0.0662954563776929
-0.0212007322519613 0.112589116008674 0.0648983217538556 -0.135647848824828
-0.0401667569343904 0.108509071655638 0.0736334465893258 -0.176683798575976
-0.111807333080512 0.0882449420571878 0.138419257821283 -0.189068919137364
-0.133485343923505 -0.000652577755994189 0.20992865448071 -0.125296620210981
-0.0733786132205829 -0.096298291831278 0.238770153554026 0.0459150993189535
0.0686867855785782 -0.121056417749662 0.15477942056063 0.184214187305242
0.157578447451097 0.0260979239945728 0.010669496172514 0.245695125620634
0.114607549348944 0.155849941237956 -0.0459078501721854 0.312517498987408
0.132410957761263 0.23477695337344 0.118107917953795 0.0909663043191341
0.232856141623508 0.0803553385439746 0.16690431328014 0.032222279242962
0.175866482947951 -0.134599120141761 0.0885435291809377 -0.149050986002659
-0.0586947993516029 -0.180028809118918 -0.11244040183087 -0.116709081196782
-0.18070476596411 -0.0572580539086094 -0.110723816384199 0.0692028877262393
-0.169248084866448 0.0820709628013977 0.0168607583192653 0.0686698517168745
-0.084833765697776 0.152772069551458 0.0541113995807982 -0.0106106533458408
-0.0399375266551219 0.159907456427768 0.0459284586400447 -0.0799017043939873
-0.0601481712136241 0.152254199544217 0.0497061553314538 -0.123985058673528
-0.15851933131456 0.122430367569057 0.102513783817784 -0.163830725125097
-0.194512887568294 -0.00218783303059519 0.18304927074099 -0.137455939572522
-0.11434331700847 -0.144483518139389 0.237508846963332 0.0431968461739365
0.103496801889148 -0.190112523937982 0.130939177888641 0.186178369847135
0.247949181911035 0.0268705433807797 -0.0223182918384418 0.20605015852023
0.178382148463285 0.233040106538824 -0.0602742902038608 0.228010189641767
0.133349720095346 0.276977501679214 0.0987303541853574 0.00831554661506294
0.265005907627921 0.100688414504925 0.180646301489953 -0.0246622071569087
0.205018177026407 -0.147648305645374 0.0552088413584638 -0.217290808070763
-0.0550940141197103 -0.207138984498042 -0.175864936491925 -0.137128989201393
-0.200200440061177 -0.0775901553524635 -0.171021067268066 0.0851234551847661
-0.200443487484583 0.0837949109226358 -0.0360987086544214 0.116707392858452
-0.10745313359676 0.172654625427597 0.0183973446248463 0.0571722442240219
-0.0515857811350078 0.182098956597174 0.0231024902862423 -0.0101073875267295
-0.0706152498692105 0.176912719908492 0.0252075785688239 -0.0607338672413698
-0.183114329745552 0.145756928141299 0.0683340846520366 -0.125901388387687
-0.234422240686366 0.000114910284757652 0.154254589460199 -0.126445857063758
-0.148192924113928 -0.178704879863396 0.212899602587452 0.0608305222846121
0.124192174009037 -0.242034679895082 0.0753066592163508 0.181862608141634
0.3063572273279 0.0208435583986981 -0.0677577259287499 0.143391590637191
0.220225330934636 0.270601193909799 -0.0841805762848381 0.124186643988317
0.123603998161731 0.281095695355526 0.088145487794462 -0.0994654052213849
0.260475952823518 0.104769643437353 0.154404847220306 -0.117264366681532
0.200405420688951 -0.134312675186385 -0.0101599092843618 -0.25513217563387
-0.039526987585308 -0.198435664874647 -0.222602131034793 -0.132165495013429
-0.186289373928911 -0.0870218413266798 -0.214498108138271 0.090903418670859
-0.199331652820048 0.0718736798276923 -0.092138561722907 0.15550460246584
-0.111508106253052 0.165041951553696 -0.0236833699405248 0.127183995896859
-0.055636157143901 0.175320229001712 -0.00122704829207887 0.062654773102636
-0.0710261841678403 0.176750273891714 0.00148664379295868 0.00405049457581212
-0.18544285898738 0.149018039796689 0.0361011999595954 -0.0765492906982391
-0.246396056860804 -0.00474318429659503 0.117007946867881 -0.0906576805241778
-0.153608017518735 -0.198440265118187 0.157322995005841 0.0826345619721822
0.13812262922988 -0.254026915801257 0.00466789412142678 0.151302694993132
0.318041890146356 0.0173760639576037 -0.0977819383730628 0.0693665707603158
0.227512965905163 0.264297405487636 -0.115088476866896 0.023197097780154
0.104948486015965 0.239459171277639 0.0722642050668523 -0.209743685469216
0.219341674716423 0.0884313053266608 0.0940831362836168 -0.196287873786442
0.16501422536478 -0.104153498823602 -0.0708604954402036 -0.252139252699987
-0.020637069706953 -0.159837471600347 -0.24017970752449 -0.117145634726707
-0.145491448135597 -0.0822683066704099 -0.241061741098601 0.0847831752312348
-0.165901917307159 0.0499858640857502 -0.143232190565406 0.181229028862123
-0.0959607430781356 0.132216471061882 -0.061806887922994 0.188644975019821
-0.0508502411092669 0.142567403922172 -0.0243902952232845 0.127476403460535
-0.0647580427870064 0.151612550437373 -0.0215389378665004 0.0623715942015324
-0.168024140617276 0.126632687189281 0.00413656701519911 -0.0238436506054892
-0.221402364863489 -0.0200490460136641 0.0664044126646453 -0.047322343032095
-0.120720378838591 -0.193441281560408 0.0862962135392908 0.0813053073235133
0.139422525498246 -0.215201103451427 -0.0394075816606247 0.0978334646916455
0.278429820100876 0.0201797593415936 -0.0968023951731477 0.0156955197842913
0.193441417004009 0.218653212546253 -0.145949925808571 -0.0590814136270166
0.0753851157637577 0.15986338747336 0.0492344170071234 -0.296716727944905
0.149632143377803 0.0582786061629364 0.028314875952341 -0.242993918091402
0.108361560687198 -0.0631200683274873 -0.109949546474708 -0.232198829179867
-0.00283453549292424 -0.102968339980734 -0.242873166495708 -0.100576533997893
-0.085369650780433 -0.0641583823478339 -0.254451436464455 0.0770830305699521
-0.106426089530415 0.0223498492226379 -0.179563103231118 0.198902202914407
-0.0655452587296159 0.0805757668619601 -0.090639506079295 0.232668943412971
-0.0378744770458609 0.0874111064691771 -0.0435305634932042 0.171660196769937
-0.0486908200680481 0.101232715332951 -0.0409599417355832 0.104496324114654
-0.123026723156291 0.080646332585859 -0.0259762868345773 0.0176990723788866
-0.154812495706455 -0.0330214053193648 0.0151665959361371 -0.0182262755525649
-0.0631470605413932 -0.147131856904462 0.0347144159966554 0.0554906847297497
0.109852145867729 -0.133831927928673 -0.0436348943067782 0.0558281333761625
0.186422851657696 0.0197737762889151 -0.0865849480861189 -0.00226609064866776
0.122584561785894 0.136068052985218 -0.17234187638833 -0.115337348671769
-0.0335747858219424 -0.0406823762151809 0.224541002705271 0.177771520816408
-0.0639845619392914 0.000801956534090192 0.161359622522677 -0.0241716667222913
-0.0483678893986777 0.0395847288655978 0.0495810418806611 -0.0692605255367399
0.0135171558904709 0.0607554443257826 -0.0395216541695271 -0.0439195963310638
0.0519876004816764 0.0215857382631591 -0.0103965954196962 0.0301186633121159
0.0469426203421414 -0.020318842436906 0.0609242355263711 -0.0237197438753561
0.0269110440755225 -0.0347423682890144 0.0734958374035769 -0.104072554385109
0.0233331938293197 -0.0248534524222582 0.0768156934409084 -0.176161585124148
0.0274264818746886 -0.0132287007307739 0.103086702215016 -0.222019858016492
0.03553589150534 0.00916678104208688 0.187483816974014 -0.200639294296102
0.0259826780089183 0.0323207632688107 0.248572997687007 -0.0787783212653524
-0.00827787543067151 0.0394599480871804 0.230177113487918 0.0874629437386619
-0.0526415901498189 0.0210257173788527 0.129906935905717 0.209913921426205
-0.0641211472793839 -0.0243825255671847 -0.0133972209778262 0.280111621587675
-0.0219898801776276 -0.0806529918326621 -0.0714951592147782 0.365654691164359
0.0473908667646725 0.0706354297207434 0.201844738360905 0.176159604998103
0.0598734901246245 0.0273552073480156 0.157594289684305 -0.00118068632706699
0.0375151483032555 -0.0346621014346557 0.0572790770348003 -0.0692873174241526
-0.023502853902677 -0.0326655359423142 -0.0400360248334374 -0.047853009706835
-0.0445232366806707 -0.00087720232393124 -0.0130065469607963 0.0412489286226871
-0.0337090973595449 0.027629491633284 0.071014682947272 -0.0136194274111333
-0.00952232556109738 0.0409281283039689 0.0830465863651229 -0.0999903779150373
-0.000195669787479531 0.0483763315380065 0.0774107686516061 -0.17008427534686
-0.00973103136111595 0.0507081068113709 0.0964643135618076 -0.212233103363356
-0.0457351290016931 0.0496079436218518 0.171769655997389 -0.201743504106456
-0.0581494846366802 0.0111046308146467 0.235263878249445 -0.1014367363075
-0.0367976064152519 -0.0345174769214366 0.236062282810011 0.0674655145324211
0.0158509853919639 -0.0469654286107222 0.149872936329545 0.195214186252214
0.0490449700261965 0.00947577229410665 0.0104463572206205 0.273924463635733
0.043433785566653 0.0465245863826088 -0.0546578929532857 0.364238988034891
0.104299635877939 0.167717827223267 0.158234782317898 0.148053197247263
0.165168619047281 0.0569608411739895 0.154834006289006 0.031185973310644
0.120174604412697 -0.0956599457751788 0.0814430265728153 -0.0920353393416497
-0.0470102079940548 -0.121564365000536 -0.0617082120405504 -0.0791544507123617
-0.128826941108037 -0.0315869527217708 -0.0507144543489822 0.0543401321221144
-0.112076412295734 0.0646026345275522 0.055612702115756 0.0202747509538368
-0.0504179412540216 0.108199282324145 0.0780176350926284 -0.0672347133241463
-0.0226694065132795 0.113403693655775 0.0676430722259219 -0.137585022179721
-0.041329948605948 0.109625285076463 0.0777341472163817 -0.17821275541119
-0.114055318901829 0.0904981328176806 0.141344139732438 -0.190406854964244
-0.136031871878457 -0.000788417011803483 0.212291644868501 -0.125176498123556
-0.0746584213261339 -0.0994024288751886 0.2424721842213 0.0489256654842721
0.0707563448410173 -0.121396559277019 0.155527638536616 0.189582122716316
0.160843281163843 0.0272483866492072 0.00738033917778512 0.251970557716016
0.115337201022399 0.159328712228374 -0.0513432667606593 0.315999760247736
0.129854764641824 0.240744379981326 0.120921205449426 0.0944361265332526
0.236406689932922 0.084987614234347 0.172507926386031 0.0347732214767528
0.181965483639746 -0.135868304307478 0.0921152699990857 -0.1507080311727
-0.058219948986648 -0.185273849707412 -0.112609255127203 -0.12186129406983
-0.1852111096018 -0.0601266391537208 -0.112034780239512 0.0699525808599745
-0.173254541644571 0.0839225506766961 0.017192378342371 0.0688823604572978
-0.0873075927151597 0.155023767935152 0.0544999103808291 -0.0109370909793454
-0.0420189142309452 0.161049270624937 0.0484855401626914 -0.0818874793397947
-0.0618314671020318 0.153894010730358 0.0533059754410598 -0.124481110825155
-0.161715492247597 0.125226059783288 0.104895258688819 -0.165228224257311
-0.198517727668034 -0.00247230017655562 0.184287366442579 -0.137516926699082
-0.116403613302731 -0.149084057599607 0.241203669084361 0.0456172790441449
0.108011850734421 -0.192699215765495 0.13251998496904 0.192462716267347
0.253228287403187 0.0294283666477419 -0.0257298994714596 0.210668865351378
0.180020423124094 0.239043767325357 -0.0643437809558848 0.229478927902564
0.129100782378466 0.282911533490224 0.103386808468546 0.0110986075147283
0.269435477375634 0.105989874019451 0.187203272335096 -0.022753082163418
0.211396486522315 -0.148660437858383 0.05935317775072 -0.221833927829515
-0.0543993831695897 -0.212366153838929 -0.177492227256156 -0.143074049212153
-0.205247883540246 -0.0806115770231998 -0.173701458378192 0.085518352200569
-0.204862030701096 0.0865512816377683 -0.0360527526406267 0.117190961458578
-0.109824572964919 0.176132336062401 0.0175629918848978 0.058127742295338
-0.0543224940288516 0.183264997371889 0.0240179296366982 -0.010035139510421
-0.0715461003163571 0.179505634776099 0.0279782254476836 -0.0605168034006973
-0.186853371466554 0.149247654180787 0.0699406924583998 -0.126692255195098
-0.240233225621229 -0.000608532420939035 0.154748195908295 -0.125628102610428
-0.15108589903405 -0.184353131611653 0.216679000011824 0.0639155542310773
0.130267967687616 -0.245551287842052 0.0753054283419493 0.187155679893589
0.312361375050486 0.0249961149949246 -0.0712448435833889 0.145202178082693
0.222191017629556 0.278552275830472 -0.0879719933179668 0.124148771554334
0.11925816323154 0.286338078903033 0.0937493485627721 -0.0983135122501644
0.26408420196859 0.108506803863373 0.161996273966833 -0.116855161517539
0.20631748660971 -0.13569128914057 -0.00690974902768184 -0.25977074180192
-0.0395466246701325 -0.202727237531688 -0.224587711526111 -0.137468402638591
-0.190955011416089 -0.0896216326041016 -0.219228370964754 0.0913091915635546
-0.203535321044158 0.0736476816804716 -0.0937241919429174 0.155659296250661
-0.113501895411253 0.168099164151627 -0.0251394081047263 0.129097411264996
-0.0580324081258797 0.177074126387573 -0.00150591984598141 0.0640254754623281
-0.0726849201645873 0.179271840697501 0.00324252675922055 0.00514702456654702
-0.190234094581368 0.152263587536893 0.0369900574105673 -0.0760952137877481
-0.252963964715573 -0.00603641001712237 0.116497724234306 -0.0889949942224004
-0.15558915945975 -0.20448427096134 0.159398952733543 0.0860169781590566
0.144897239609776 -0.256935678453659 0.00444088962297039 0.155192463564893
0.323757145146139 0.0223474700762519 -0.0997410120164196 0.0687554236023897
0.229218174047158 0.272711227321996 -0.116906318634535 0.0216270111817667
0.101408536075595 0.24514154445166 0.0797545921836839 -0.210982097103449
0.222560062596152 0.0902623066363998 0.100750800782789 -0.197977354570399
0.16951560196536 -0.105279226246621 -0.0674733912754756 -0.257979399063103
-0.0206724769170022 -0.163524918955452 -0.243363112755418 -0.121265453366374
-0.149326358739381 -0.0842350175257655 -0.246426665693406 0.0839931741755058
-0.16815083245852 0.0516271203025476 -0.146071281606254 0.182567481663552
-0.0977184800954639 0.134791142971935 -0.0637113815772802 0.190715386253886
-0.0530466865187184 0.143447131958984 -0.0262389448088632 0.129048203541683
-0.0659876065567552 0.15324451051211 -0.0207203541183509 0.0645294102872021
-0.172337676764836 0.130094217053845 0.00395298554656109 -0.0216959363992624
-0.227337423200992 -0.0214264256058466 0.0649992785294932 -0.0454069843330053
-0.122424738491109 -0.199445589363151 0.0870142826266384 0.0832805720010627
0.146464384388021 -0.217233903158048 -0.0396817364918698 0.100315563503635
0.283034107905708 0.0254676024461504 -0.0987591128834723 0.0134364808547875
0.195125016934804 0.226374631875519 -0.147190399632851 -0.0619497666349664
0.0730133619164749 0.163108851777789 0.0564234482745469 -0.2995852909447
0.151887995643813 0.0590374826654476 0.0339643295685446 -0.24648116954747
0.111562912096665 -0.0638855909191847 -0.109571296374177 -0.237376817494647
-0.0026823489011484 -0.105011064199379 -0.246106271397243 -0.104143767714609
-0.0880114501352825 -0.0656216337502059 -0.259534559862542 0.0754120201050148
-0.10776873449593 0.0237889378540255 -0.182267436068622 0.20133122780652
-0.066549001027386 0.0823320468473765 -0.0928599563494188 0.236134274717979
-0.0402064255889588 0.0877344159957902 -0.0459686797669431 0.174063593799908
-0.0492842317682494 0.102628912154672 -0.0414430828424045 0.107108549747739
-0.126420248353244 0.0824491418013221 -0.027911808728055 0.0196267715565068
-0.158871994902302 -0.0348715273484355 0.012984259990267 -0.0169952400316976
-0.0638562889480049 -0.151771017349216 0.0351995353489852 0.0566828133631629
0.114422563453878 -0.134523747113968 -0.0430627569898291 0.057405792145834
0.189114683177122 0.0230856197461205 -0.0880936424641109 -0.00343930013261257
0.123451093903795 0.140315294537453 -0.173664991903028 -0.117929027910832
-0.035071075017499 -0.0407922049310928 0.234684728867521 0.174707265392594
-0.0655629743403428 0.00308591340450158 0.165148437487609 -0.0307112466001154
-0.0491813187006554 0.0421094329949898 0.0482617555390728 -0.0738508496170154
0.016235912348708 0.0620170393332692 -0.0417352857894548 -0.0435113118046659
0.0546875192894175 0.0206779668182228 -0.00761812417803241 0.0313352325505673
0.0475598906835844 -0.0230446662753947 0.0602810607366586 -0.0268427897182523
0.0271015799327296 -0.0372673370246749 0.0720347635157268 -0.109316734537317
0.0228646110128518 -0.0261812930336932 0.0738777385448058 -0.183861094624915
0.027614913394072 -0.0144408039881918 0.0997268195777998 -0.230687652414057
0.037286311005984 0.00844088276472191 0.184748553442787 -0.211387020646191
0.0276605649850932 0.032211773706027 0.252039111877129 -0.0873092947774737
-0.00742946235763549 0.0405036411767269 0.238231418196058 0.0842057727259365
-0.0535054179791068 0.0234494743659175 0.136398831515252 0.212702247719372
-0.066217200653799 -0.0230334014942749 -0.00846983832651401 0.289263211786211
-0.025093117081776 -0.0832783199490054 -0.065661381854632 0.37518340701026
0.0498081305151661 0.0709981417122045 0.211204495553121 0.173703380481843
0.0623127456174987 0.0272321223911347 0.162449526993502 -0.00774680124509196
0.0375317050243599 -0.0358740286383635 0.0566718204831982 -0.0738513987323045
-0.0245996436057637 -0.0335309517703861 -0.0427294608645684 -0.047844881466044
-0.0458958544999577 0.000517112526399108 -0.00926520005267602 0.0433222197334811
-0.0336820676205312 0.0294463534790407 0.0716429057969576 -0.0176354359727696
-0.0080888238044398 0.041471128076537 0.0824944976878773 -0.105342912003747
0.00135903269374935 0.0483889267218862 0.074858483290409 -0.177605679278586
-0.00877749402727021 0.0527245163818778 0.0929384281467607 -0.219641710906864
-0.0449644965143642 0.0531328491417368 0.169012553603407 -0.210666096817325
-0.0593766564770444 0.013064683049561 0.236731660153339 -0.109732065579896
-0.0390474621380923 -0.0347312509965295 0.24358816362479 0.0628381062323475
0.0151687930824034 -0.0482143566025698 0.157691510305899 0.196788907971555
0.0509961071431287 0.00801195556612613 0.0168302723430572 0.281644475479707
0.0456435018957358 0.0449795958135297 -0.0479025253879624 0.372332611559938
0.109299896909256 0.169362438077884 0.167109029169584 0.146365530613
0.171381351050117 0.0554936014263743 0.161419138801342 0.0272329910892079
0.121429238872199 -0.100684158262526 0.0810271421335843 -0.0975745740762717
-0.05174827045687 -0.123903622241833 -0.0659002839242627 -0.0809271833109636
-0.134441086138881 -0.028054860659749 -0.0486539505040103 0.0571735689184788
-0.113408051507577 0.0698577527370083 0.0581564605398585 0.0177277894917594
-0.0474683580712573 0.112052331360607 0.0773663326853792 -0.071842448136136
-0.0204248659587461 0.116144203567293 0.0662344363675942 -0.143785465651174
-0.0384244023853068 0.11352228088584 0.0756626515104761 -0.18411639065361
-0.114027774423182 0.097416326248674 0.138993711936901 -0.198664728325505
-0.140042805432164 0.0035626474726227 0.211415540849511 -0.132601541210165
-0.0796756160733324 -0.100081593922327 0.250519027399233 0.0436685572714634
0.0698378587029104 -0.126907964879371 0.164316442538674 0.19074579407617
0.16607693014239 0.0228049747183183 0.0127235608845438 0.259187157575943
0.123091389418275 0.15930768832432 -0.0451982020691041 0.322360976887508
0.13593301555099 0.243371459763962 0.128614823774497 0.0933792830315969
0.244489577886303 0.0814008794834906 0.180522433876491 0.0306636517290385
0.18443358573978 -0.143541190463558 0.0912068349119745 -0.157776902928165
-0.0648972490530379 -0.189199272248809 -0.119524590529957 -0.122319639541044
-0.193050528194445 -0.0560547155693115 -0.11166907508149 0.0747954826211356
-0.174953898943631 0.0922634832989783 0.0199528310918448 0.0680300639926045
-0.0828730111038283 0.161404046286592 0.0550941538487209 -0.0134683526538471
-0.0388942753056216 0.165289619869252 0.0473155038712456 -0.0851897884854189
-0.0583439119338844 0.160246598108992 0.0522293043700309 -0.128352969203236
-0.161794341618009 0.135375038906839 0.103019273037337 -0.170573815857888
-0.204281461377846 0.00375800874477183 0.182241528372276 -0.144115002828378
-0.124921566164028 -0.14932720224423 0.248722063760155 0.0402580938393169
0.10567916868982 -0.20067147668528 0.142088916357329 0.194745932211708
0.261589008784309 0.0237430250087246 -0.0215854062790142 0.217171114564811
0.191659356673603 0.239579014843621 -0.0603989399082925 0.234921071350923
0.136294132825019 0.286790323928128 0.108815523645944 0.00937593266505208
0.279282982953197 0.101016474632673 0.194589488622096 -0.0282997454283507
0.214613724870733 -0.158483698386261 0.056338286834594 -0.22968503823555
-0.0625739573605548 -0.217500599174856 -0.18587235272644 -0.14359815592739
-0.215094156570381 -0.0762849738539451 -0.175024804850375 0.0923895970672718
-0.207842771276244 0.0963918624901636 -0.0328251736248112 0.119793739017466
-0.106244565145577 0.18386554866438 0.0189930311157013 0.058663345366958
-0.0508234244322341 0.188836734208146 0.0253414839494258 -0.011251629783187
-0.0685657426644708 0.185913327353873 0.0289465821459514 -0.0621182443259265
-0.187035123179197 0.161136867809008 0.0681053041678712 -0.129835103087732
-0.248044063446507 0.00794577572144296 0.152389590248435 -0.130532272181996
-0.16152358162821 -0.185658099121452 0.223887468236652 0.059813109217868
0.128619699862973 -0.255588192068714 0.083336382204654 0.190592943463615
0.321039844150284 0.0179026123650404 -0.0697693907251535 0.150419849694994
0.235305028628806 0.279324116041424 -0.0877627186258946 0.127614642241238
0.126124835627272 0.29157216233071 0.0974741179343159 -0.101954875832345
0.274244864885849 0.102758094058393 0.167272977290039 -0.12340755288849
0.20832726610426 -0.145939041497127 -0.0122733146177755 -0.267058750260303
-0.0466639538633912 -0.207604249891623 -0.234538811807994 -0.13659985061133
-0.200210886905153 -0.0858626761812199 -0.221712001034039 0.0992349161875476
-0.205483076191967 0.0833558260332818 -0.0909905995569806 0.161240694376247
-0.110124757417816 0.176098047472932 -0.0216717425816105 0.132330579374727
-0.0553574841217215 0.181947270677375 0.000462737241428691 0.0655927023466035
-0.0688653848254459 0.185964884542656 0.00545061382273887 0.00563841826168049
-0.190536140192311 0.164412417060366 0.0352882250536536 -0.0774482698721455
-0.260603530861802 0.00301258138727948 0.113719801329435 -0.0918823663229454
-0.167134202302478 -0.206587312101058 0.165652284176029 0.0844822927369595
0.144094754019599 -0.267291753118438 0.0099717504822422 0.159254042051803
0.334035863776971 0.015436081950801 -0.101637283500854 0.0724012308706585
0.242918318831549 0.274040235072603 -0.119542592759409 0.0233640908836039
0.106518437762168 0.248661039052711 0.0799302177327031 -0.216680847651753
0.230944967061296 0.0848636621125502 0.10251940832732 -0.205985057579057
0.170932582307162 -0.113687307987713 -0.0754013607494181 -0.263057296628973
-0.0264952762131348 -0.167352962276726 -0.252892885651747 -0.118306031134383
-0.156994425880014 -0.0810635111734893 -0.25041614266292 0.0921882544303812
-0.170152991422473 0.0597470926941965 -0.14354809040825 0.189920449815587
-0.0951795563032887 0.141358720230112 -0.0603932327719098 0.19793192652243
-0.051575113327381 0.147552560978052 -0.0223499899964142 0.132658612501401
-0.062503308693764 0.158816581342809 -0.018639812984406 0.066791098605002
-0.172880795334285 0.14059284443237 0.0031487505694142 -0.0207612099905807
-0.234856206379141 -0.0147102911308432 0.0614977379989799 -0.0455196751318012
-0.131835187651966 -0.202108531660829 0.0914703425530766 0.0829272153409726
0.146360932049479 -0.226306027021886 -0.0359071451631037 0.103638924135553
0.291002023799616 0.0195834624744865 -0.10101444141119 0.0157231572668014
0.206062777227986 0.22705360242175 -0.152629512262399 -0.0594236742973473
0.0758785700901919 0.16547791340729 0.0537105186214649 -0.306534689403426
0.156907929501044 0.0542422756016864 0.0317338725577986 -0.252514968083136
0.112732362363198 -0.0695638764656516 -0.116724480186451 -0.241155532160088
-0.0060385835567017 -0.106906148027982 -0.254624189409225 -0.100910171588885
-0.0937966006516143 -0.0639627418267505 -0.263492085816332 0.0848601620667852
-0.108556005402069 0.0289949127481874 -0.180700181956893 0.210577623194221
-0.06473708302027 0.0870840240950739 -0.0878893707316162 0.245029809948104
-0.0396615644311412 0.0898750987062006 -0.0419313631864839 0.180331123586232
-0.0470763954911884 0.105710430447957 -0.0385315561202857 0.111582693022942
-0.127314278754193 0.0896221043963719 -0.0281607529748305 0.0227845589906889
-0.165818523540458 -0.0308656190640645 0.00973709404906632 -0.0154106468586322
-0.0702360190644839 -0.154373368026143 0.0375197726687166 0.0567586856994251
0.115739447952481 -0.140357308309505 -0.0412859770894404 0.0597345019374839
0.193974660405977 0.0203210182178107 -0.0913139989435331 -0.00120366158928605
0.130162284888816 0.141270678263555 -0.179994507451736 -0.115675160372499
-0.0359747356033329 -0.0392453868574288 0.242693649247096 0.161732363811621
-0.0646897319864674 0.00679086560441837 0.1639383352232 -0.0417066847011778
-0.0468747257063115 0.0452318725391095 0.0441118252935406 -0.0782381227538963
0.0194504737574396 0.0613635174340109 -0.0436893533273414 -0.041561040989444
0.0562203657576571 0.0173631806837791 -0.00428702883234246 0.0316188225315551
0.0464999393212645 -0.0266090986774064 0.0579699110014892 -0.0304474170851724
0.0252767860376803 -0.0405609053330628 0.0664861128642567 -0.113333749526894
0.0212711221074554 -0.0278638048534927 0.0648222000468126 -0.187637325467466
0.0273504867622568 -0.0153229675108805 0.0873852883653334 -0.236295236844878
0.0377723132128567 0.00647032433679028 0.173123481570633 -0.21985317793845
0.0287151589573745 0.0306888588788154 0.246949592653205 -0.100180716479325
-0.00450805331004578 0.0411968283932422 0.241205422269848 0.0719979069601855
-0.0520988061276601 0.0273067418174948 0.145517380664763 0.206466632090716
-0.0664824688334142 -0.0206652243390636 0.00438200942303339 0.291198159997213
-0.0300314994680107 -0.0824245029246254 -0.0485330742239704 0.37609027150303
0.0528565457911568 0.0687286915061302 0.220345602204107 0.162943948997214
0.0633910757100822 0.025127862210423 0.162765127112413 -0.0183497044398982
0.0365708907857657 -0.0365498241603915 0.0525773718729302 -0.0779265569123347
-0.0261427844202878 -0.0323605792757034 -0.0453355621242511 -0.0458272074526161
-0.0457074208765495 0.00289187291292914 -0.00548048447282643 0.0429200238603155
-0.0321258369638439 0.0313433138245229 0.0702778211798528 -0.0222535341427646
-0.00532766450107748 0.0408141145023784 0.0762431724440356 -0.109889800683593
0.00432912807084028 0.0482465260083497 0.0670749682228799 -0.182144848087298
-0.00580588441318686 0.0532643640529758 0.08238523399911 -0.22459721000754
-0.0413891027077506 0.0557556412918041 0.157398487349511 -0.219077707699943
-0.0591696624723629 0.0166614659526797 0.230646615616073 -0.120809211823867
-0.040940436583847 -0.0324734441845893 0.246692925957858 0.0505250722502403
0.0126423379978852 -0.0487981740139162 0.165918757157441 0.189004232155638
0.0517784652738261 0.00469448318696151 0.0297618045209818 0.281869503082328
0.0474003594570597 0.041322468757291 -0.0312798926791012 0.372062951602096
0.115366977610778 0.163436975966217 0.174471511196446 0.137025589154669
0.173975751873374 0.0483331857650186 0.164406652898213 0.0168593374671105
0.117650048001129 -0.105771512061276 0.0765160548519983 -0.103215748090756
-0.057184970222011 -0.121878987254451 -0.070518152892581 -0.0783587034618382
-0.136488890819937 -0.0209885597073435 -0.0440838890639443 0.0594463473848316
-0.109827017660868 0.0767106436068461 0.0582932419002658 0.0132080593272151
-0.0411451385682913 0.113408881882458 0.0736869228523915 -0.0761006316192227
-0.0145948440691172 0.116329798149496 0.0589642585641095 -0.148056030349083
-0.0321482160876909 0.115726619782015 0.0669618896041144 -0.188431127168713
-0.108318463693901 0.10422557487142 0.127421995939489 -0.204472600011452
-0.140280044906162 0.012253727302692 0.20272459055269 -0.14210246082343
-0.0859061686348512 -0.0955172327218828 0.25178516380363 0.0301651332985937
0.0643685179298122 -0.130091912556323 0.173359918716425 0.182513377441572
0.167701281931694 0.0145833721629213 0.0250861176032491 0.258633328988702
0.130648002496225 0.152256312141605 -0.0311973137272482 0.321765810399419
0.144799633491135 0.236291940555129 0.134953335930154 0.0872845939128989
0.248085609944578 0.070106505088622 0.184608570254811 0.0203549996900981
0.17820910413275 -0.152616113991199 0.0850351537316354 -0.162845240892669
-0.0744272972181641 -0.187379861937274 -0.125628478478887 -0.117788404048038
-0.197534877839 -0.044683405948749 -0.106445467892024 0.0798860719038274
-0.169776204034179 0.103114593077366 0.0239438629057289 0.0656995558082598
-0.0733247527314 0.165605831352271 0.0542907501398144 -0.0164190545634166
-0.0304605918663655 0.166580183747343 0.0434101951906717 -0.0879611361068643
-0.0494068090244858 0.162225098127049 0.0474800253950248 -0.130983853909792
-0.154003967195368 0.145615727221493 0.0932942967725782 -0.174921276780173
-0.204953161414835 0.0164776318547637 0.172438243621836 -0.150659953605614
-0.133667728159457 -0.142796755039243 0.250528527705382 0.0280271277131546
0.0958940965582065 -0.206730555588154 0.151299177825263 0.187213827939274
0.262348992710257 0.00971462823021786 -0.0124274588705356 0.217977095197276
0.203716779912076 0.2293751025385 -0.0502524518331912 0.23476226443867
0.147280861133963 0.281115720738041 0.111732942822436 0.00482121402394653
0.283063137037199 0.0865498692933198 0.196655147155418 -0.037509991842237
0.207564185340651 -0.16941381253041 0.0466666178279192 -0.233256780298113
-0.0733630915940114 -0.214901404378012 -0.193755210144212 -0.135594293351699
-0.21992858351925 -0.0637176610256698 -0.168854877267923 0.100523470738158
-0.201511319725049 0.10886631164336 -0.0269883462603047 0.119576043122308
-0.0945298482777429 0.189730532952806 0.0214922190822897 0.0569313399846206
-0.0414463305120949 0.190588083822828 0.0240393351368391 -0.012686933706126
-0.0576858617267452 0.188162553181186 0.0277698463879762 -0.0637728406726189
-0.177788130325714 0.173883375129195 0.0614873268351717 -0.131727159844247
-0.2487318445795 0.0228853439884334 0.143159320543568 -0.135847666931666
-0.17265606734506 -0.176947354746285 0.226826157925943 0.0479444850297071
0.117555404570467 -0.263204908773681 0.0932734562647876 0.186224805489411
0.323681929749389 0.00225664159201215 -0.0640844674469829 0.152715590076515
0.248852663012892 0.26684739545345 -0.0823342276595677 0.129311457771263
0.136500214625431 0.285959083601631 0.0960955310028389 -0.10526693233509
0.278733671172482 0.0878130307079441 0.164353204289526 -0.131923235919736
0.20154582154412 -0.156583674291857 -0.023921628965603 -0.267187231499802
-0.0577630725372798 -0.205175069521725 -0.242065220000837 -0.125835546731744
-0.206424817018207 -0.0735644578069404 -0.215901044782346 0.109752769325267
-0.200000042905267 0.0958832483620507 -0.0820450757266559 0.164277828394092
-0.0987872326693221 0.181564195057842 -0.0157423375178015 0.133876844858251
-0.0466508713472786 0.183754416206787 0.00444183827969229 0.0658086624024081
-0.0588186370858777 0.188422404389853 0.00790332010037155 0.00606811781061822
-0.181376912017213 0.176758291685002 0.0320712864751882 -0.0771814086340984
-0.26244845023915 0.0181491792853178 0.106500450027769 -0.0940251716861583
-0.179331305373851 -0.198061552952565 0.170705290432714 0.075934089083523
0.133517030941914 -0.275028594045574 0.0182871251214464 0.158225992650445
0.33513459980554 0.000573751280581288 -0.0988473514063183 0.0755947432919382
0.256107384817072 0.261238145570906 -0.118358202828597 0.0274924612104913
0.116138627791364 0.24459871048084 0.0734935659450647 -0.219808187907722
0.233856344800173 0.071687599117274 0.0955743961596207 -0.211144888434671
0.165082507552678 -0.122960104759851 -0.0863893276748107 -0.260011906265144
-0.0355301983749765 -0.165455039413481 -0.259370912217685 -0.106632455505889
-0.162945923867552 -0.0711803855126034 -0.245029497655894 0.105280615806764
-0.165097803546341 0.069986305674373 -0.133299151386434 0.197003207660116
-0.0853012919458696 0.146883978254728 -0.0498788095566758 0.201112345736366
-0.0444105213098495 0.149280172524845 -0.015517365843715 0.134520076615546
-0.0537267951017157 0.161067508509632 -0.0126606906397692 0.0681862744240141
-0.165289037495441 0.151926657399289 0.00178551189794586 -0.0191711080524714
-0.238183604489537 -0.00134444714864397 0.0569327428362768 -0.0450710476344495
-0.143716050381817 -0.195935903447465 0.095475694364853 0.0784903316640407
0.137806206574466 -0.233894639635481 -0.0299157760835294 0.103969236132663
0.292326092624335 0.0074593059322849 -0.100669827509628 0.0190111980490683
0.216602576597716 0.216176135257118 -0.15480866436819 -0.0530819085145424
0.0813370299240665 0.162734355048524 0.042651213560488 -0.30877811202048
0.158450414946792 0.0445081302797212 0.0223483834806401 -0.254362545697097
0.108449723863659 -0.0762869063800398 -0.12681566251572 -0.2358742398175
-0.0123358916687895 -0.105866367680101 -0.259333076704539 -0.088785864536777
-0.0985422797087619 -0.0579373024782663 -0.25918646062917 0.0979034150746427
-0.105623939330902 0.0353127789534434 -0.168190339110133 0.218878252769046
-0.0585735535449864 0.0903664882854475 -0.0750102671662043 0.249785832549534
-0.0362381894889942 0.0916446967825806 -0.0328535390365887 0.182792912621732
-0.040735433784635 0.107486415921976 -0.0323281266979394 0.11360679210166
-0.122319387438743 0.0980980506035948 -0.0278283755786996 0.0266705813288242
-0.168556157747831 -0.0212633781424146 0.0066112880814544 -0.0128189957274769
-0.0786784499267576 -0.151379314045919 0.0402062225368169 0.054703082032057
0.110369645702165 -0.146123895135832 -0.0366490261260409 0.0613649117786884
0.19433173607735 0.011730791842776 -0.0918550914281179 0.00337997447211271
0.136888719679994 0.13502896849389 -0.184652265505107 -0.10630580984448
-0.0359361440800748 -0.0372345838279384 0.239457830803411 0.145628602580329
-0.0617393080499761 0.00964160992050269 0.155968871872944 -0.0496406521308882
-0.0432898765125779 0.046045800149091 0.0388707472520043 -0.0790243628042605
0.0218823449904702 0.0581986053287218 -0.0442474095224366 -0.0391447914368419
0.0564612450953949 0.0142592109030384 -0.00210115516006414 0.0299315916738957
0.0436330530612412 -0.0276917127648258 0.0536974835150701 -0.0316508942927924
0.0220292528509584 -0.040589227848854 0.0602521091348186 -0.112349308131588
0.0193784685921411 -0.0281928848512987 0.0554114103366292 -0.185126956839363
0.0253525895818903 -0.0164017875819101 0.0738574003935583 -0.23103596582402
0.0373227944843476 0.0044293972154505 0.156723729435989 -0.22033542047997
0.0288521209365761 0.028395252488029 0.234871232140963 -0.106414115246039
-0.00260446879044745 0.0394406936875134 0.235030645192509 0.0592730058515649
-0.0489427139065438 0.0285691972131723 0.147272770488123 0.193834871717881
-0.0648721526240686 -0.0182756290756144 0.0160036810791719 0.28233785403076
-0.0330950591784491 -0.079213162026274 -0.0347399789526808 0.362960237690113
0.0528386607543968 0.0641237337385512 0.218484047827985 0.147298522142378
0.062317393338746 0.0228340431571064 0.157131940032901 -0.0267496560664298
0.0343706392120495 -0.036432197494225 0.0470325274533835 -0.0787981196579025
-0.0258436865805315 -0.029914589740044 -0.0462565435849018 -0.0430362031829895
-0.0442253568538015 0.00480531557857738 -0.00258584594419733 0.0412521855154908
-0.0290230144445676 0.0317511573152586 0.0661243152430814 -0.0255881989406938
-0.00325729265718128 0.0380724942216927 0.0693093136289624 -0.109530308090316
0.00583205691499355 0.045712660648447 0.0572229724756924 -0.179615302158697
-0.00276120949051414 0.051566708177761 0.0701183070002691 -0.219969745341322
-0.0373474010239963 0.0561416704677389 0.14212980579585 -0.217948682538923
-0.0564502220164572 0.019064379805205 0.217132795157805 -0.124877301852016
-0.0405108172737908 -0.0295157533524405 0.238887198552719 0.0382162984326502
0.0105686897484395 -0.0465548446123335 0.167616924727631 0.176598871913371
0.0505352450522917 0.00124777275018523 0.038894489022349 0.271436050436754
0.0465175080397405 0.0372756116897455 -0.0178764782446994 0.357588644516428
0.116927960146935 0.153690522602693 0.174803084975863 0.124951782731473
0.169313578073625 0.0404331833274877 0.159967527656008 0.00791872252930085
0.110859473336644 -0.106637026293909 0.0700779834270833 -0.102444480522433
-0.0600960902804582 -0.115740986670268 -0.0712110988840046 -0.073642777173058
-0.133262837874923 -0.013758080603421 -0.0391112068026033 0.0577903321025426
-0.102678526710807 0.0795951792767368 0.0565873114169285 0.00918707558260145
-0.0342411965323828 0.110088872190438 0.0672767286327118 -0.076348456802043
-0.00941567721507389 0.112644294145683 0.0512537010244906 -0.146640280526351
-0.0255525843134889 0.112417345315947 0.0569818463737407 -0.183913113348515
-0.0996658153229913 0.106803078166758 0.114688407480988 -0.20175270749451
-0.135493510553754 0.0188445240823188 0.187965365725474 -0.143136850007568
-0.0872274598649096 -0.0880199218232933 0.244133772885511 0.0187685683215592
0.0566079540821392 -0.128293163126696 0.173872043431859 0.169595478213052
0.162934573593427 0.00617964193239 0.0331962437495971 0.249404268402778
0.132162585144585 0.140736918577153 -0.0197768325244367 0.308591350936962
0.145711056456823 0.223468021922764 0.134867583313882 0.0783329738304804
0.241618452084592 0.0587546328994625 0.180595215263565 0.0118854341004566
0.16742827490158 -0.154465821454175 0.0762175760507665 -0.162539190155946
-0.0795952271949971 -0.177814990787118 -0.126514811861788 -0.109801747031947
-0.193995005837386 -0.0342738019250237 -0.0991327710175998 0.0804953702042686
-0.159151370587831 0.108394936305882 0.0249878993927606 0.0604706057500653
-0.0624926344316765 0.16186226323815 0.0508848787217612 -0.0184224095477118
-0.022617638614012 0.161490319926267 0.0383772472920111 -0.0875015774033559
-0.0406266544855682 0.157918322222267 0.0411467473836502 -0.128194960593385
-0.141647172926774 0.148695334736798 0.0831802312915341 -0.171606717733911
-0.197907141974533 0.0267436821959741 0.158974308555568 -0.150073888209227
-0.135678683829743 -0.13117114916806 0.242727741024503 0.0164409059002
0.085286542585282 -0.203175739859198 0.152975992226789 0.173870470416963
0.255059951850449 -0.00147224931099705 -0.00507032081350025 0.210424832525019
0.204983350761091 0.212104233247019 -0.0425818210155155 0.22572690170067
0.149524695490282 0.266749028065042 0.110593169063293 -0.000358182110703526
0.276855632829005 0.0728915456585332 0.191189868068771 -0.0450207007258413
0.194168133250092 -0.17265182647165 0.0370679590714966 -0.227574650175049
-0.0802985772966288 -0.204400230958161 -0.193649788105488 -0.12392285048182
-0.216475603517653 -0.0505837705079848 -0.158639358275319 0.103797082930925
-0.189383798213703 0.115093810077136 -0.0208888240298866 0.114639323620852
-0.0817472134642403 0.185908464866446 0.0230180081041774 0.0538821139209256
-0.0328394674591705 0.18435797491591 0.0235211907528899 -0.0135181254582247
-0.0472350855808971 0.183612113641304 0.0256613033781866 -0.0627180842233401
-0.163749041265201 0.177359537482345 0.0543395357613037 -0.128269741295623
-0.240142144172558 0.0348271944383048 0.130948799414948 -0.133061274864354
-0.175054241091068 -0.163194250036445 0.220490263140093 0.0376626109230107
0.104020997939887 -0.258881861646349 0.0971464618949768 0.175078329151361
0.313764464652493 -0.010843590684296 -0.0576697672002112 0.149162043224489
0.250980047707108 0.246829770198771 -0.0765513243234734 0.125396829957292
0.13960007013098 0.272434187307359 0.0920893903847782 -0.10572887728706
0.27083126914857 0.0731981480343474 0.156924050439128 -0.134051127677078
0.188323653745184 -0.160185506309803 -0.0322669961320393 -0.258384358985742
-0.0648227795842988 -0.195175550536549 -0.239398394962687 -0.112555746897631
-0.203625406613821 -0.0609195982075252 -0.203678622590113 0.114255256610581
-0.187936006085465 0.102715967290624 -0.0718572217012935 0.159914565877595
-0.0856211412356608 0.179197395170756 -0.00975798854398391 0.129574732090468
-0.0383772731454661 0.179513704368346 0.00780363627944386 0.0630614895231648
-0.0480039336990864 0.183149272142606 0.00941924486836253 0.00517119999856473
-0.166968527864637 0.181262438091851 0.0286740902684753 -0.0743085048944843
-0.254428355439896 0.0301015286409539 0.0970669551924173 -0.0912487286332281
-0.181623414243426 -0.184593578000392 0.166312646768551 0.0662703613260683
0.119518020366739 -0.272342668197234 0.0241915322215352 0.150260210553469
0.323963185753871 -0.0127702200539456 -0.0939876979009548 0.0761575833648774
0.257189912586694 0.240997274745204 -0.114978477375818 0.0293933923941131
0.11870148916959 0.232620943978569 0.0660756448568828 -0.214470811708662
0.226945566103029 0.0576757342060106 0.086666983441951 -0.206544427493677
0.153949809865604 -0.125832136708207 -0.0931668258583796 -0.248214101930661
-0.0412482943812767 -0.157234019690704 -0.254565509029231 -0.0928379257515759
-0.161274261815383 -0.0604080185077766 -0.231579149125494 0.111634298209908
-0.155356254310914 0.0749832286351681 -0.120109537567408 0.19364559818362
-0.0746737289092606 0.144832945017814 -0.0388988197234282 0.195100575263546
-0.0386226427088737 0.145847579456418 -0.00922532692861952 0.130693213853587
-0.0445600517147527 0.15650265428133 -0.00790357467576696 0.0664884797715117
-0.151963622850415 0.155882503399735 0.00206090671832788 -0.0161669103897709
-0.231618884269052 0.0100693996216923 0.0518564177202091 -0.041784125106865
-0.146931603269422 -0.183498178278715 0.0940176387602219 0.0716322768305847
0.125916109524733 -0.231673911591972 -0.0245106140559948 0.100082133603125
0.282981892026614 -0.00340105205571163 -0.0980682189585325 0.0216358449500559
0.217409418536816 0.199631157426824 -0.152274134397778 -0.045907564917086
0.0826002335594169 0.154821717265914 0.0331827246588198 -0.299050557913948
0.153287913460213 0.0352040623192712 0.0141195101179498 -0.24604552633709
0.100751645573598 -0.0782571261306547 -0.131764286137644 -0.223136607022483
-0.0165244560552517 -0.101413653340886 -0.253609929490219 -0.0745128016853929
-0.0983187777709123 -0.0507463415894975 -0.246140760567226 0.105083323451468
-0.0991403034004054 0.0390282393335102 -0.152811528694534 0.216872025508027
-0.0508316219216203 0.089064578105027 -0.0610043845206682 0.242762143656135
-0.0325702964881146 0.0905829234866291 -0.0241677712674143 0.178205766080368
-0.0349055053954546 0.104673647639548 -0.0245655933506027 0.111858555672292
-0.113314315769317 0.101527105834005 -0.0248569776880308 0.0282469004764978
-0.165640123202981 -0.0133162969517136 0.00443410330377944 -0.00931619429384684
-0.0828767633585483 -0.143074513216074 0.0402689809262927 0.0504584696238501
0.10262969784837 -0.145123044608333 -0.0317381468237969 0.0592773075805365
0.188421942169795 0.00538840924739697 -0.0895348471447414 0.00670049303686715
0.136580507967319 0.124633393416039 -0.181462456486165 -0.0947706152922733
-0.0278718315138297 -0.0393244414399675 0.206284854853242 0.159039423911078
-0.0573213270602997 0.000803455902654594 0.149640905600318 -0.0326922074223661
-0.0459741719336417 0.0365754878927294 0.0414373564492868 -0.0716737317682908
0.0117588496347667 0.0577645250111714 -0.0382565073104249 -0.0405344299445969
0.0509152173205843 0.0223765505957202 -0.00573224885786545 0.0289279785250634
0.0447522124532628 -0.0189934924956138 0.0541897735226549 -0.0223830488252482
0.0251354551941626 -0.0366480688708627 0.0697321436653099 -0.0982503412774368
0.0222507633216145 -0.0251582803124493 0.0761045092728114 -0.169195467438377
0.0248543962079089 -0.0113806617829211 0.0996987706323604 -0.210375460448369
0.0332819109383825 0.00886985109823777 0.175660991536163 -0.190279738642773
0.0218362138393132 0.0299941017672907 0.237211616111002 -0.0725966922772849
-0.010506360722661 0.0345456271843022 0.217980107059747 0.0866440592809189
-0.0493319635515655 0.0177420127748795 0.116416306386856 0.206230640286129
-0.0580519312714643 -0.0278151795997154 -0.0177813093289868 0.274442924117314
-0.0207979664423544 -0.0827457401271192 -0.0785483908365846 0.348872082487273
0.0391495645491401 0.0657112764286826 0.182617414734464 0.165466765991961
0.0543194720362531 0.0309068213187008 0.15055785696421 -0.00549093470067808
0.0379944029563182 -0.0281063005640468 0.0556141896155905 -0.0688321651102795
-0.0184836418267443 -0.0322593355354773 -0.0358965656764248 -0.0463996151943903
-0.042198318165417 -0.00183590234281462 -0.00531287418783792 0.0352812764333017
-0.0319857407578049 0.0263962471769019 0.0623909105591532 -0.0173083682006202
-0.00940947762491139 0.0346002626060278 0.0780290948348578 -0.0951905694151815
-0.00128400775877995 0.0431675469407342 0.0778188888517605 -0.162955463485579
-0.0106604576219652 0.0482753532507032 0.0956805645917114 -0.200659743312924
-0.043856011468158 0.0491011667907927 0.164220316713953 -0.189771489926111
-0.0585041827316573 0.0103900648674962 0.225050831762626 -0.0904873492298329
-0.0379892759438336 -0.035793672272732 0.225978343013293 0.0680078632891708
0.0172496660097278 -0.0470317082499937 0.135412349820295 0.192946210303858
0.0496220999807128 0.00509617754302987 7.63738173021502E-05 0.267484887969749
0.0413775109192735 0.0390584402918666 -0.0676724229728965 0.342469362912666
0.0851512467701743 0.157627123231686 0.140493051241034 0.145947798213573
0.149802240394196 0.0621873130990689 0.152750192517223 0.0331959900777398
0.118577542071297 -0.0817238617378923 0.0865416503402683 -0.0852116025818783
-0.0369120278822311 -0.117636451106143 -0.0514536605656036 -0.0789227825521475
-0.122990512596823 -0.0342019150784038 -0.039703567065599 0.0435882175319603
-0.107033307006168 0.0612317483726565 0.0469149909448726 0.0104595833200681
-0.0464576966304494 0.0984433106548813 0.0717992722955544 -0.0658888727875944
-0.0249026018804941 0.104986946208462 0.0678274696691086 -0.131859710551487
-0.0406366384341817 0.103461189104848 0.0813082924844484 -0.16919300175796
-0.108877951086191 0.0894424651431993 0.138675030274093 -0.177985239992166
-0.133520622743693 0.000511494727608127 0.202721570915114 -0.109903798548161
-0.0746108177655497 -0.09688618350604 0.234978327224059 0.0515327447277452
0.070720772005533 -0.119435618557315 0.140683151075417 0.18946468452097
0.156015832984226 0.0243424371280025 -0.0081354736668337 0.24452454778763
0.11016288161155 0.148337287695235 -0.0690167798833315 0.292844186231142
0.102485966182607 0.226355544409359 0.106549140982226 0.102769438547819
0.214049356758245 0.0898432678274622 0.174115242433436 0.043227899205899
0.178229765094833 -0.117999594694144 0.103925632650565 -0.137338647513262
-0.0456276272977079 -0.178738922695048 -0.0951525701625069 -0.120014930197617
-0.177378031726442 -0.0619150032181506 -0.0961482528832103 0.0549696161683148
-0.163473798328374 0.0797445148628152 0.0101987007753665 0.0528854730780151
-0.079790905969562 0.144263585511345 0.0495807236389367 -0.0136485752005922
-0.0435225829310421 0.150037735448477 0.0491396273230486 -0.0770214312599267
-0.0600666674080982 0.144472853756777 0.0595123176094739 -0.118369727651161
-0.153740130087981 0.124833202730595 0.106851770446373 -0.153885223105219
-0.193953954003258 -0.000291578699274013 0.176959447692972 -0.118735688374982
-0.115971282104395 -0.145342020311505 0.235603396888922 0.0502225019921042
0.107485717124296 -0.187873391341073 0.118726928565513 0.192749985960388
0.245205513035198 0.0293433238333626 -0.0445459240408738 0.203078392131512
0.171647847209913 0.227134779904293 -0.0846248852626676 0.207927087540387
0.0998800113117126 0.267176020216041 0.0919141836672644 0.0292719495776866
0.243617977705124 0.106555121888987 0.191773052366071 -0.00567068926285758
0.205624939296336 -0.131484831615568 0.0763234058945595 -0.202420888728007
-0.0427961936067717 -0.203870633540796 -0.154677967394203 -0.141202139755468
-0.196191214008511 -0.0814447578468377 -0.153067758218061 0.0684028605782988
-0.192622562822601 0.0814670961801354 -0.0394310128712145 0.0968955195328111
-0.100356612143661 0.164576779300738 0.0150153384098518 0.0507915280099836
-0.0564561321490293 0.17149446563791 0.0252503642525552 -0.00904286003576293
-0.0698659976054766 0.166912932580755 0.0369997777203205 -0.0582341611160777
-0.177687884253147 0.148311926079601 0.0751653599507215 -0.115798023338627
-0.23476177668475 0.00215105744863838 0.149370477537266 -0.104767504183965
-0.148453445376296 -0.181162781643755 0.21372218979705 0.0693457576550839
0.133647516414395 -0.239007161773383 0.0633660225839581 0.187743110742878
0.30207575402799 0.0280893221356546 -0.0903012115959183 0.137506372321613
0.210545743059158 0.266960873880161 -0.107051138533954 0.106587576852625
0.0905197639447617 0.270622981851739 0.08691239799462 -0.0711905252152338
0.238926460341862 0.105184946967565 0.170317259683772 -0.0942472414847066
0.197550033631955 -0.121970299391091 0.0143732352225985 -0.239257202338842
-0.0295414919235882 -0.192685760030894 -0.198596777048872 -0.135073943970282
-0.182677487415425 -0.088322337375575 -0.195622547329403 0.0746175396216891
-0.188958232772858 0.068944503826125 -0.092305363291976 0.133767754107663
-0.102711691734173 0.157646171612273 -0.0244539849055717 0.117486773394943
-0.0607506178079764 0.16595669980889 0.000445007395057124 0.0616542686959258
-0.0699340383488195 0.166185890418553 0.0130738138641841 0.00408790632788083
-0.181806790576765 0.151425420657931 0.044462981556302 -0.0676934434169807
-0.248467632418168 -0.00401415927269428 0.112931013396685 -0.0680420243337818
-0.152504685424657 -0.202295283047488 0.157393566551313 0.0906092155933449
0.150695197723127 -0.248276797328186 -0.00429528789391738 0.154451073408284
0.312505125594682 0.0297100107095666 -0.11681264526397 0.0615875130102749
0.217035286822035 0.26299807989326 -0.13213620509203 0.00910363897418035
0.0755891822538422 0.231751609059812 0.0784031618982873 -0.1773577648459
0.199931506644391 0.0847555079948922 0.112556611484475 -0.172811530880638
0.160523726961596 -0.0944008829032549 -0.0456427165268151 -0.239158034119338
-0.0137820946362284 -0.153347023735187 -0.215728696900553 -0.117619562834603
-0.142399037776601 -0.0815345632935367 -0.223099243480597 0.0695846493371335
-0.154281007610805 0.0472156400811166 -0.139135478891039 0.16093631032891
-0.0870626724788899 0.126395433037745 -0.0598025646645804 0.177045042672174
-0.0566769283237816 0.134390597478669 -0.0241058555223895 0.123093673227271
-0.0633409747725986 0.141249533041221 -0.0121227551747496 0.0606924246265894
-0.164097964490766 0.128739399906687 0.0118222630553501 -0.0155498553978572
-0.223802361250944 -0.0207375862236212 0.0615987130944694 -0.0271561524058058
-0.117027993933553 -0.196941514101669 0.085921395083036 0.0868189936861145
0.152007034762604 -0.206470845752813 -0.0430429550811664 0.0984947980990893
0.271176287331867 0.0336944976126506 -0.110898686454821 0.00914903584036917
0.183593799723106 0.219705996667126 -0.154563057706888 -0.0675629122045903
0.053866559440021 0.155590992085383 0.0619562680383868 -0.264061348176967
0.134610378568449 0.0530941615061618 0.0481417874753772 -0.221549242189596
0.104558252246146 -0.0577981196314234 -0.0883796252456767 -0.221497900010748
0.00112502295668228 -0.0968853266604379 -0.219613446377409 -0.10037975635056
-0.0853811073515789 -0.0628227611087151 -0.237400535105081 0.0639294506508446
-0.0969619415643907 0.0204054558244074 -0.170743330645583 0.180369737117526
-0.0577834963881863 0.0773271164698654 -0.0858885459730958 0.219438082530579
-0.0435754468854889 0.0819871186188338 -0.0455521092225971 0.166835028729419
-0.0468082613182445 0.0932572914687413 -0.0354364561160403 0.102081670667154
-0.120069990681285 0.0818735104949368 -0.0219158313975287 0.0249231340675935
-0.156448669644352 -0.0334374616389486 0.00976331677112612 -0.00175288691704671
-0.0599560336992262 -0.149183686849689 0.0345603993163455 0.058033093765373
0.118369857690189 -0.126115928121921 -0.0429428721464254 0.05583441378861
0.179910209163806 0.030084317591567 -0.0960183730131584 -0.00446096538987882
0.115502308057887 0.137183113376789 -0.171851871109106 -0.116738105150795
-0.0253823637237275 -0.0397537749718967 0.194925878699907 0.159994736414475
-0.055508938035861 -0.000533326260209553 0.146380214234531 -0.0299791138135613
-0.0453926597049241 0.0340625499721793 0.0419207198819413 -0.0706954225019555
0.00986718049417222 0.057071955387153 -0.0351719083506678 -0.04109082002938
0.0493244814120905 0.0229694032043845 -0.00539096984101701 0.0279628207642775
0.0445867853003075 -0.0175629653789838 0.0521015489408551 -0.0196386935992426
0.0247266225283729 -0.0362798596828089 0.0708066051611492 -0.0936230406511069
0.0223432382692675 -0.0241949697788511 0.0798435396929172 -0.163846392477337
0.0249597169566237 -0.010182711636314 0.103309592923312 -0.202080732857889
0.0325392668845497 0.00948258229054776 0.175362680192605 -0.180901417593104
0.0201298151107702 0.0303587130262022 0.234141901382706 -0.0644987418909128
-0.01150858387044 0.0326342639082098 0.209959733242418 0.0905015730654381
-0.0482440173237587 0.016133056563241 0.106034966834336 0.205654381180258
-0.0561174024355892 -0.0293606264880973 -0.0256478331290446 0.268319341997173
-0.0182548614340508 -0.0813307100260661 -0.0892715539536421 0.335902415261623
0.0358400336666462 0.064851850908704 0.172238856604018 0.16602371884429
0.0521487225128526 0.0322777255677877 0.14760279852897 -0.00332790230384352
0.0392445459387405 -0.0259387943042617 0.0565860244509169 -0.0671485436161191
-0.0168329643255439 -0.032080210505436 -0.0333690121715634 -0.0464084915668966
-0.0415248533178408 -0.0030234621829878 -0.00587781031290135 0.0341278985557301
-0.0320009789139305 0.0253995787317858 0.0602899130667187 -0.0153368948757559
-0.0107993580738808 0.0324080729513221 0.0784823643780321 -0.0911286094801512
-0.00225457760199574 0.04137282031659 0.0804631853763215 -0.15764081637802
-0.0114079879075683 0.0473238694068601 0.0993321400109657 -0.192508200296902
-0.043552267348499 0.0469358022399909 0.164399959326845 -0.180105788729084
-0.0577492564000467 0.00974892907777044 0.222638991916543 -0.0810499463311905
-0.0356147946431142 -0.0357048112569123 0.217678831130707 0.0728173863794855
0.0177708097039679 -0.0457555676257157 0.125020976791512 0.192535043093896
0.0482544260467502 0.00582209091630751 -0.00896970172737793 0.260607010779116
0.0381931042137937 0.0387073885123763 -0.0785241786166856 0.329106944916163
0.0766333594781778 0.156469772800158 0.133262936743752 0.146584741398037
0.143945439970682 0.0664537882177381 0.148398556118673 0.0353463281186811
0.119724152168919 -0.0761060296417824 0.0874269037804404 -0.0823952707074794
-0.0318497491197834 -0.116111993828489 -0.0488342201245539 -0.0790992258971231
-0.119839783267903 -0.0359051763102132 -0.0393991316006366 0.0409859826458021
-0.106016043437039 0.0575387851520867 0.0445707864280516 0.0108742081742652
-0.0485528331979434 0.094490317899963 0.0714195063128675 -0.0621378726132162
-0.0267065289170983 0.101094781727902 0.0702201402848104 -0.127266079652631
-0.0419821878101478 0.0996466196940695 0.0849434586234739 -0.162191790196216
-0.107769846386808 0.0854175706344021 0.139514609531456 -0.169879907756277
-0.130233122923681 -0.00196008897351571 0.200281741589804 -0.100427452398287
-0.0705892000457357 -0.0970506746115659 0.227059104993054 0.0570957437317467
0.0726793007601454 -0.115249765789631 0.130489379438709 0.188998549610038
0.151712714021647 0.02723972594214 -0.0172193865689572 0.239016747986628
0.102561705604846 0.147024275928104 -0.0793470877160275 0.280652769534464
0.0919041506906245 0.224130066734471 0.101669441530159 0.103169684607889
0.204914686951453 0.0949934615157358 0.170334840877378 0.0467275249195583
0.179297667634026 -0.110276505787644 0.106752422553192 -0.131799722188438
-0.0387505449981485 -0.176199879637393 -0.0901617181966037 -0.120263709862108
-0.172231571792272 -0.0645697642086237 -0.095328098077344 0.0503926330694097
-0.161422482579646 0.0744410010223098 0.00779324021825554 0.0511828804862518
-0.0815468859856748 0.136821024052325 0.0484061586582601 -0.0117599815443021
-0.0474516552202329 0.144596721987147 0.050173298620003 -0.0746688351109993
-0.0628706754444141 0.138654454846301 0.0632594466275127 -0.113609783046792
-0.152784143638272 0.119312816913159 0.108810550283886 -0.146526041260609
-0.190083367721662 -0.00378504085711599 0.175150346441492 -0.108675996405489
-0.109338400842014 -0.144703912757886 0.22845415772587 0.0560259652742611
0.111225229549891 -0.182001871068515 0.109362335937517 0.192175968088124
0.239001919880405 0.035008584634502 -0.0517345549525887 0.197422894429087
0.159460693430408 0.225234917339405 -0.0921569456822089 0.197523200900037
0.0867052473545503 0.2642109867154 0.090844928491273 0.0311708288897562
0.233550872338173 0.112027411077866 0.18898499102416 -0.000895463484411396
0.205378573959457 -0.122986048732941 0.0820641692822899 -0.19692648738507
-0.0353907572591037 -0.200221385434677 -0.147196461152684 -0.14311770631482
-0.190493693067661 -0.0835729826771264 -0.151373281372612 0.0617567028418676
-0.189677589414069 0.0754886815785102 -0.0415205375866701 0.0924702136778427
-0.101659920635382 0.156652391813593 0.0122682596268583 0.0498159920526625
-0.0603423048667805 0.165278937124445 0.0259078318839095 -0.00855873777884799
-0.0728828511162006 0.160766383524787 0.0397822413741984 -0.0561215169640263
-0.175921422853155 0.142770106500616 0.0778027367065637 -0.111152705729016
-0.230557054717991 -0.00188103289405814 0.148498069788644 -0.0961291531576551
-0.141051480647601 -0.180503156658473 0.205777668245021 0.0743967868881152
0.138725645882246 -0.231703610447935 0.0549570207725324 0.185067921077031
0.295728000554535 0.0368459931212443 -0.0948303837770544 0.131013616214729
0.19671475513552 0.265380538023121 -0.110361560800123 0.0985850220224136
0.0778964943798254 0.268532888953536 0.0891901277464906 -0.0667780330970376
0.228670145878539 0.109827109517023 0.172035436516047 -0.0872416421510838
0.196737427660432 -0.113567821159047 0.0224199041438768 -0.234348246534577
-0.0231399113851081 -0.188993634945752 -0.190223911358211 -0.138609341198
-0.17677572172898 -0.0895281818886905 -0.193794378867082 0.0672056781524271
-0.185131952870199 0.0633836400955411 -0.0947652653507665 0.127068261810567
-0.103209853129385 0.149885233453566 -0.0276350032325967 0.114160066796589
-0.065041405808858 0.159885002291969 -0.000362029090822104 0.060145571554055
-0.0731040229210307 0.159839342882971 0.0143227545706998 0.00416057337943834
-0.1803459983717 0.145504257995178 0.0463919096231097 -0.063688492729607
-0.243544911641995 -0.00893763822774194 0.111802637866215 -0.0603032347625592
-0.1431358720592 -0.20190448972491 0.150523045223561 0.093796307466158
0.156613825320142 -0.239873940183193 -0.00983984775178453 0.15006269006628
0.305970843260528 0.0388878690298122 -0.117950074233278 0.0557331868561187
0.201925132466342 0.261771964275065 -0.130270817678652 0.004588914627023
0.0650744310268188 0.23023197102438 0.0849631179669813 -0.170950631412875
0.190552284724683 0.0885887440310901 0.118154746652207 -0.165668631742098
0.15860211369394 -0.0878296457012122 -0.0369109301812468 -0.235577568390402
-0.00859826393191529 -0.149850861280532 -0.20804363112535 -0.121281556215315
-0.138010502463297 -0.0817695231363084 -0.219978108573987 0.061719968220494
-0.15091731972382 0.0424200896687913 -0.141368582544955 0.152200044790757
-0.0875319655355325 0.120293436729447 -0.062873785195262 0.17102513300213
-0.0598576100240077 0.129442143235705 -0.0265221310558118 0.120563562690006
-0.0655684663798737 0.135866796500984 -0.0123076261302104 0.0589397173906187
-0.163134776081024 0.12329666018438 0.012726153873705 -0.0133831242114223
-0.219179650161786 -0.0242674823783039 0.0605476568069141 -0.0214310953093869
-0.108917313105664 -0.195813627878559 0.0807997570122068 0.087409582066788
0.156592366723112 -0.198162844545531 -0.0457852296015085 0.0935193534345317
0.265298384588427 0.0420505330442441 -0.110202183973373 0.00520380164277434
0.171894067332198 0.218510621492983 -0.149103478386946 -0.0703731030287819
0.0458228697105094 0.154761061506461 0.0717508802783673 -0.255574942966356
0.127499492258309 0.0555499166697308 0.0563180243186078 -0.21454034000068
0.102758149493214 -0.053064734508142 -0.0791193093148356 -0.219414517716877
0.00379761781014808 -0.0943657055552179 -0.211047230952097 -0.104738528306498
-0.082084657806326 -0.0622162378113639 -0.233283245013011 0.0557141561806083
-0.0940441971442112 0.0174944530637273 -0.172015216114124 0.170265305717022
-0.0574859133429859 0.073317107456655 -0.0891376743496062 0.212179539003624
-0.0459080951773421 0.0792191960813179 -0.0484017600817651 0.161981593739641
-0.0471657577026657 0.0885305845450409 -0.0370001269815665 0.0990949849359103
-0.119313195184113 0.0779627556895187 -0.0213369453659039 0.0250397088683272
-0.153022175117293 -0.0359000863744629 0.00934105437394822 0.00103264746206909
-0.0545244208531994 -0.147698024139912 0.0317124924993407 0.0578190572203609
0.121088493265028 -0.119841121040762 -0.0436183960201729 0.0522312915168648
0.175238254193285 0.0353937608633635 -0.0950883115508668 -0.00700158468080128
0.108341703625736 0.136619649968329 -0.163474398814017 -0.11837964839397
-0.0246418631300528 -0.0419037532474715 0.190680415015002 0.16978469281866
-0.0556658429895404 -0.0026000013249967 0.148779792428432 -0.0264213641937807
-0.0473066234777087 0.0321290665294777 0.0451341447850747 -0.0715175234686867
0.00831874130243713 0.0578386658863953 -0.0341312047381551 -0.0440737730833988
0.049708985525449 0.0249874424536071 -0.00500553023805989 0.0279820033643224
0.0463948289736446 -0.0165682805988976 0.0532690334464268 -0.0179242549387199
0.0257573708061675 -0.0362405225870873 0.0761269589093053 -0.0922634009133319
0.0236022843125408 -0.0242480107042828 0.0874041793411554 -0.164418008516871
0.026051455991665 -0.00955102515441372 0.112055975806327 -0.201289821108162
0.0321557240690388 0.0111792758965701 0.1841301817597 -0.177457066291136
0.0190315439740789 0.0311406166894924 0.239760749195266 -0.0571097736437576
-0.0125528375922691 0.0326650018923306 0.208797547798845 0.100065804053384
-0.0490534142717977 0.014755903334068 0.0984630034387268 0.214240972591512
-0.0556919132026185 -0.0321740250348542 -0.0372720555763032 0.271820196822994
-0.0158171621774951 -0.0834938974143521 -0.106106644203121 0.335683557672938
0.0330659922576697 0.0675074072250916 0.167437484243708 0.174779889591053
0.0522701412649171 0.0355287112972863 0.149697939223682 0.000851858769570888
0.0414639475523327 -0.025796341487754 0.0594211758137163 -0.0671638999984268
-0.0153377996029542 -0.0333684231921918 -0.0324618806856317 -0.0493498374415177
-0.0420219754857311 -0.00486593433688213 -0.00568444768678969 0.0343960291077111
-0.0329173508848963 0.0248633735859162 0.0613193293218834 -0.0133253668942368
-0.0124129489863958 0.0315760893491179 0.0834643239843707 -0.0892785817448862
-0.00443446919192806 0.0416343794077074 0.0881651640533178 -0.158862740559998
-0.0130541594277459 0.0475600828147424 0.108841548988005 -0.191480710460129
-0.0455747218095316 0.0473207491415449 0.17319888295921 -0.176969010663512
-0.0593659338578987 0.00780216212708904 0.227907387581907 -0.0741880263286863
-0.0355933637037375 -0.0380452002433889 0.217284737307782 0.0824797993558627
0.0205229088441142 -0.0461823969735566 0.118310527159865 0.201616576319794
0.0486690126231316 0.00744170761507842 -0.0198280984229843 0.265861809536889
0.0372332971638186 0.0402027114176763 -0.0960824442090538 0.329681410664678
0.0699257071121879 0.161917275671566 0.128730883689092 0.153480870890188
0.143136794607476 0.0741489606676584 0.150158368525511 0.0405526110674534
0.12550409979078 -0.0726628863500784 0.0921007168406206 -0.081413267995015
-0.0272066294552484 -0.119450534660168 -0.0463054052538803 -0.0825952154090173
-0.120870912378295 -0.0401901379265594 -0.0409978223733948 0.039809103286078
-0.109022529416442 0.0553596028109291 0.0443995689396748 0.0127468551633231
-0.0532537329666021 0.093036366827899 0.0753946009026092 -0.0599110788697896
-0.0318307653722939 0.101102761391618 0.0764331375399703 -0.128210595003746
-0.045917128576525 0.0992783473183573 0.0931026546713351 -0.161265646304073
-0.112560042111911 0.0845844934632514 0.148351743859479 -0.167065277037348
-0.132830866015903 -0.00526506035234505 0.207231017438255 -0.0934613553825934
-0.0682220922675221 -0.100565609227833 0.227304023477459 0.0667124974493925
0.0781312344095459 -0.115069127452327 0.12458284203577 0.19734750189703
0.153824984473187 0.032707751883612 -0.0287053190153898 0.242617146174651
0.097324161216912 0.15185935060343 -0.0953712776582313 0.279236585512911
0.0812958618634428 0.232050676036597 0.0999686203552817 0.108023688811029
0.204528840358555 0.104755543644344 0.172063656551316 0.0535657280863042
0.18731765034576 -0.10559108173481 0.114544358848748 -0.131087940182399
-0.0321677131337848 -0.180784099112547 -0.0869480219297368 -0.126368964985959
-0.173470904895967 -0.0707514568561396 -0.0978858529227839 0.0475817403011855
-0.166112497552167 0.0709226580572621 0.00505942408693179 0.0513037284129544
-0.0878784727357944 0.135553684631571 0.0494369880176571 -0.0100507415210271
-0.0540829677670699 0.144550423268865 0.0540066971687569 -0.0747396739484279
-0.0685719390003862 0.138052606715054 0.0704428840895392 -0.113235223899382
-0.158609310846417 0.117076531066965 0.115977349198898 -0.144453451497985
-0.19304931975027 -0.00846229195208395 0.181919432859476 -0.10248092867341
-0.105988122160081 -0.150232200657633 0.229077916963568 0.0653010495078787
0.1197131635136 -0.181562414459306 0.101964059278091 0.198628294719236
0.242538501216121 0.0444922368921926 -0.0624249188656563 0.198253220359
0.152459550076725 0.233377453423745 -0.104517317276299 0.195606303642743
0.0752854441329623 0.273228088872258 0.0923207493900178 0.0352537464965493
0.232543388272345 0.123679018243175 0.195129895549097 0.00676908720187285
0.214691553904712 -0.11755561970381 0.0923424876859615 -0.198061659408543
-0.028010585261687 -0.204953734711882 -0.14452876501265 -0.151686215538216
-0.191613664076897 -0.0901657833082079 -0.156299828961312 0.0571063576924984
-0.19432668540625 0.0707464127824811 -0.0461634549234534 0.0917956820722141
-0.108144592248641 0.154801017133973 0.0110828766219316 0.0518007618359792
-0.0684775871595394 0.1648744830556 0.0267273514675614 -0.00771820426651632
-0.0795244420935843 0.159148234053497 0.0443886357342593 -0.0555994452512618
-0.183649692418936 0.140689313480331 0.0832606740760139 -0.109359168849273
-0.23533018606707 -0.0081804238713599 0.154649033728942 -0.0889119138666254
-0.137242942401178 -0.188060128803429 0.205431450710207 0.0831663639866246
0.14977924064078 -0.231225369456017 0.0467940762316406 0.19032623080398
0.300122896095069 0.0479458314781457 -0.104689136137768 0.129811744817724
0.187494851110944 0.276065769733389 -0.119143295794189 0.0946589834455001
0.0659708228718078 0.277006998454614 0.0962661186819807 -0.0643908220689648
0.22696517044644 0.12055762409623 0.180787129616012 -0.081248148185397
0.204690289980409 -0.108358932761518 0.0324671433582942 -0.23881176807637
-0.0162873992108348 -0.193121028994151 -0.188177324611988 -0.14795098797013
-0.177593130411963 -0.0959470905824102 -0.199610438085768 0.0605734175997581
-0.190064504254577 0.0590451464355874 -0.101125643336101 0.124515183214031
-0.109926029943321 0.147235223817329 -0.0316793324642698 0.11539290731291
-0.0732020559033729 0.15999797967171 -0.00237713923040549 0.0608140070101819
-0.0808677658670841 0.158664909682558 0.0160051577429089 0.00517357471866321
-0.187980268873467 0.143654565004855 0.0504798989164838 -0.0626935928470247
-0.248318158218225 -0.0153377211706333 0.11579606657244 -0.054503969078227
-0.138302483428715 -0.210314609471846 0.149016286323676 0.10163143219699
0.169493264689741 -0.239361255839052 -0.0179670353943246 0.151410193758855
0.3106274056899 0.0512206276906585 -0.124982475815801 0.0520470519748336
0.193870950774643 0.273195619701424 -0.134569134865972 -0.0013204998679345
0.0548255165392507 0.238093219200247 0.0963191925527127 -0.170544899680923
0.188729591828517 0.0970442221527925 0.12944983968155 -0.164551098601988
0.164817332183866 -0.0837845097478619 -0.0276451370342818 -0.241665296722756
-0.00351559382251271 -0.152561090472704 -0.206557269000348 -0.131047867245755
-0.137928431255727 -0.0866635613964723 -0.226100780372365 0.0545281914201218
-0.154374427278328 0.0382623888078478 -0.149184339478205 0.149185401680479
-0.0924320037150046 0.117906792094839 -0.0695872467836889 0.171485203995629
-0.0668022903594795 0.129571943363753 -0.0309573010044689 0.121843892483855
-0.0720614057460201 0.134574296884415 -0.0132257341463747 0.0595330646336699
-0.169871394790275 0.121269086199229 0.0138635155492623 -0.0126111410389559
-0.223043846525142 -0.0309594139475824 0.0616940387033567 -0.0162675099309937
-0.104077633007046 -0.203743223022411 0.0778151932240909 0.0922409592261511
0.168102353546739 -0.196455954831198 -0.0516447265647868 0.0922839225644936
0.267941090161964 0.053247556675208 -0.115056312308851 0.000664946734619323
0.164757937594948 0.227362832290484 -0.150146607147639 -0.0773859286429244
0.039009723692959 0.160526835983008 0.0858387371946702 -0.257299562365512
0.125897071882678 0.0614312202965111 0.0681008323388409 -0.215915162160645
0.106604804666544 -0.0498476124433469 -0.0715905503025258 -0.226974130304279
0.00782018791453097 -0.0956538814882368 -0.210346355100154 -0.113382516900263
-0.0820279597331495 -0.0650931735895721 -0.239862124791266 0.0478736898417779
-0.0951749484643989 0.0142687861907886 -0.181663590755404 0.166357271143175
-0.0605192328235695 0.071319090964398 -0.0977707381457735 0.211630182035904
-0.0506087445236166 0.0792751677325674 -0.0554186865744866 0.163549802372393
-0.0523631084861277 0.087885412742854 -0.0400526636759977 0.0991950294029701
-0.12342585124925 0.0759573741366185 -0.022287769671845 0.0254614992698247
-0.155222574752649 -0.0409888018328345 0.00885904293994018 0.00411854609528863
-0.0494651082307914 -0.15169645717171 0.0292313521421326 0.0598880898420041
0.12824146320648 -0.117366857480357 -0.0464083843008967 0.0504951155605332
0.176841404045657 0.0425937108931663 -0.0980815347163733 -0.0103544513200232
0.103215952582847 0.142598140796698 -0.160384812454098 -0.126323556853639
