TRXV5
3
4
4
9
string Extension=J
integer IsArchMeasurement=1
integer IsSpherical=1
string Generator=SPM
string GeneratorVersion=1.3.1 Dev
double ArchRadius=0.449999988079071
integer FrequencyAxisIndex=0
integer AzimuthAxisIndex=1
integer ElevationAxisIndex=2
Frequency
5 136 690000000 960000000 LIN
Azimuth
7 8 0 2.74889357189107 LIN
Elevation
7 15 -2.74889357189107 2.74889357189107 LIN
Polar H Real Part
13
Polar H Imaginary Part
14
Polar V Real Part
13
Polar V Imaginary Part
14
Polar H Magnitude (dB)
12 0xC0000002 0 1
Polar H Phase
7 0xC0000003 0 1
Polar V Magnitude (dB)
12 0xC0000002 2 3
Polar V Phase
7 0xC0000003 2 3
0.0310821533203125 -0.07269287109375 -0.17742919921875 -0.07489013671875
0.01055908203125 -0.0804672241210938 -0.35516357421875 -0.42559814453125
-0.0644798278808594 -0.0405082702636719 -0.65582275390625 -0.24737548828125
-0.07855224609375 0.00557708740234374 -0.64898681640625 0.15008544921875
-0.0620689392089844 0.0314826965332031 -0.34478759765625 0.390960693359375
-0.0385284423828125 0.0767364501953125 -0.028167724609375 0.41729736328125
0.00325775146484375 0.0858230590820313 0.144241333007813 0.2203369140625
0.0101776123046875 0.0638084411621094 0.15179443359375 0.00189208984375
0.0212020874023438 0.0717620849609375 0.13140869140625 -0.168441772460938
0.00876617431640626 0.0792694091796875 0.194305419921875 -0.252365112304688
-0.0198745727539062 0.0686149597167969 0.34112548828125 -0.27386474609375
-0.0291671752929688 0.0460472106933594 0.49798583984375 -0.12554931640625
-0.0558547973632813 0.00682067871093751 0.61700439453125 0.2457275390625
-0.0314102172851563 -0.0297641754150391 0.4417724609375 0.46148681640625
0.00307083129882812 -0.0380058288574219 0.104461669921875 0.39056396484375
0.0948638916015625 -0.19140625 -0.0502853393554687 -0.0112190246582031
-0.0322113037109375 -0.222244262695312 -0.239410400390625 -0.546478271484375
-0.172714233398437 -0.093536376953125 -0.66351318359375 -0.399169921875
-0.168182373046875 0.048126220703125 -0.68194580078125 0.0986328124999999
-0.061492919921875 0.123771667480469 -0.326629638671875 0.375518798828125
-9.15527343750101E-05 0.142044067382813 0.037872314453125 0.372100830078125
0.0845413208007813 0.0732650756835938 0.208297729492188 0.128509521484375
0.069580078125 0.0478973388671875 0.213348388671875 -0.0993194580078125
0.086181640625 0.0361709594726563 0.200637817382812 -0.261734008789062
0.0571212768554688 0.107437133789063 0.167388916015625 -0.29107666015625
0.0125885009765625 0.111648559570313 0.296844482421875 -0.343292236328125
-0.0327835083007812 0.110664367675781 0.491119384765625 -0.221435546875
-0.125503540039063 0.0443115234375 0.66107177734375 0.1712646484375
-0.110687255859375 -0.0737762451171875 0.48187255859375 0.436248779296875
-0.0338287353515625 -0.14788818359375 0.099761962890625 0.411468505859375
0.115951538085937 -0.2783203125 -0.1138916015625 -0.216476440429688
-0.00683593749999999 -0.289398193359375 -0.2725830078125 -0.552978515625
-0.17828369140625 -0.1431884765625 -0.597412109375 -0.36669921875
-0.2003173828125 0.0291595458984375 -0.61297607421875 0.0244140624999999
-0.108749389648437 0.115280151367188 -0.3408203125 0.269683837890625
-0.000244140624999995 0.1715087890625 -0.060333251953125 0.3192138671875
0.0755691528320313 0.131278991699219 0.0924072265625 0.14117431640625
0.0724716186523438 0.08966064453125 0.09423828125 -0.0579910278320312
0.0987396240234375 0.0926513671875 0.0643463134765625 -0.2274169921875
0.0972442626953125 0.123245239257813 0.128692626953125 -0.3248291015625
0.04150390625 0.14349365234375 0.26263427734375 -0.3853759765625
-0.026336669921875 0.162445068359375 0.473052978515625 -0.26751708984375
-0.169891357421875 0.110519409179688 0.59967041015625 0.142578125
-0.175369262695313 -0.102081298828125 0.347808837890625 0.32794189453125
-0.0731964111328125 -0.20703125 0.0938720703125 0.3511962890625
0.0936279296875 -0.32806396484375 -0.06939697265625 -0.29840087890625
-0.0645751953125 -0.307952880859375 -0.24407958984375 -0.6053466796875
-0.220840454101562 -0.111801147460938 -0.57330322265625 -0.3878173828125
-0.201736450195313 0.07281494140625 -0.569580078125 -0.01470947265625
-0.08251953125 0.163436889648438 -0.325469970703125 0.209686279296875
0.051422119140625 0.1834716796875 -0.07659912109375 0.25860595703125
0.104454040527344 0.117469787597656 0.0474014282226563 0.0995712280273438
0.0964202880859375 0.0777816772460937 0.063201904296875 -0.0808334350585938
0.132843017578125 0.084930419921875 0.0788726806640625 -0.241256713867188
0.146713256835938 0.133010864257813 0.0948486328125 -0.347900390625
0.0677947998046875 0.176177978515625 0.236236572265625 -0.41168212890625
-0.0376129150390625 0.190689086914063 0.457305908203125 -0.291412353515625
-0.22906494140625 0.0990753173828125 0.58001708984375 0.1251220703125
-0.21160888671875 -0.147018432617187 0.3363037109375 0.29705810546875
-0.065399169921875 -0.288299560546875 0.00634002685546874 0.0875167846679687
0.040618896484375 -0.362884521484375 0.00318908691406251 -0.172714233398438
-0.225494384765625 -0.329315185546875 -0.177032470703125 -0.54583740234375
-0.3466796875 -0.01507568359375 -0.479522705078125 -0.40313720703125
-0.197647094726563 0.235107421875 -0.506378173828125 -0.074462890625
0.0289764404296875 0.249237060546875 -0.327728271484375 0.128326416015625
0.217208862304688 0.165069580078125 -0.115615844726562 0.198135375976563
0.23004150390625 0.02471923828125 -0.00824737548828124 0.0839920043945312
0.1942138671875 -0.00555419921875 0.00947570800781251 -0.0716705322265625
0.130256652832031 0.0670700073242188 -0.0195770263671875 -0.24951171875
0.137908935546875 0.12603759765625 0.055450439453125 -0.374725341796875
0.04864501953125 0.168426513671875 0.221832275390625 -0.43792724609375
-0.0593109130859375 0.180145263671875 0.4661865234375 -0.315643310546875
-0.229660034179688 0.03753662109375 0.59307861328125 0.10577392578125
-0.182205200195313 -0.195083618164063 0.400482177734375 0.3082275390625
-0.019927978515625 -0.31414794921875 0.089019775390625 0.181793212890625
-0.027313232421875 -0.3369140625 -0.062225341796875 -0.309356689453125
-0.252151489257812 -0.227066040039063 -0.194305419921875 -0.5201416015625
-0.292266845703125 0.0714111328125 -0.45867919921875 -0.384918212890625
-0.1055908203125 0.243621826171875 -0.490386962890625 -0.105194091796875
0.08935546875 0.203659057617188 -0.361114501953125 0.0920104980468751
0.232086181640625 0.101791381835938 -0.188858032226562 0.182342529296875
0.213088989257812 -0.0095367431640625 -0.0936737060546875 0.104995727539063
0.181884765625 -0.0245819091796875 -0.0734710693359375 -0.0415420532226563
0.23828125 0.0076751708984375 -0.0619049072265625 -0.2091064453125
0.201736450195313 0.12554931640625 0.030059814453125 -0.393951416015625
0.032501220703125 0.140144348144531 0.2144775390625 -0.4385986328125
-0.0825347900390625 0.235824584960938 0.468719482421875 -0.287628173828125
-0.268783569335937 0.0117950439453124 0.61016845703125 0.1302490234375
-0.179412841796875 -0.230636596679687 0.305816650390625 0.2855224609375
0.00994873046874997 -0.315216064453125 0.0122756958007813 -0.0565528869628906
-0.0481414794921875 -0.241867065429688 -0.0374298095703125 -0.251663208007813
-0.213958740234375 -0.117828369140625 -0.231414794921875 -0.4835205078125
-0.194412231445313 0.108657836914063 -0.464324951171875 -0.3489990234375
-0.00518035888671874 0.1092529296875 -0.525115966796875 0.01318359375
0.066619873046875 0.0514297485351563 -0.336029052734375 0.1634521484375
0.123832702636719 0.0321426391601563 -0.198196411132813 0.191238403320312
0.164749145507813 -0.036346435546875 -0.159805297851562 0.145263671875
0.071563720703125 -0.0188217163085938 -0.110115051269531 -0.0872421264648438
0.0983810424804688 -0.00399017333984375 -0.10308837890625 -0.270004272460938
0.0949172973632812 0.052337646484375 0.01318359375 -0.406951904296875
0.045562744140625 0.176528930664062 0.2625732421875 -0.4622802734375
-0.068023681640625 0.0955123901367188 0.530120849609375 -0.2874755859375
-0.191162109375 -0.0566253662109375 0.6478271484375 0.17449951171875
-0.051116943359375 -0.18206787109375 0.370880126953125 0.28448486328125
0.0617218017578125 -0.215911865234375 0.147003173828125 -0.015777587890625
-0.0316619873046875 -0.131233215332031 -0.06781005859375 -0.257232666015625
-0.121284484863281 -0.0386505126953125 -0.274200439453125 -0.43865966796875
-0.0901565551757812 0.0845108032226563 -0.48931884765625 -0.291839599609375
0.021728515625 0.104042053222656 -0.5238037109375 -0.0517272949218749
0.0928878784179688 0.0492172241210938 -0.420440673828125 0.146240234375
0.108116149902344 -0.0159225463867188 -0.266143798828125 0.238784790039063
0.0860366821289062 -0.0453643798828125 -0.19512939453125 0.183319091796875
0.0839691162109375 -0.0545883178710938 -0.18621826171875 0.0289306640625
0.120613098144531 -0.0317611694335938 -0.172378540039063 -0.188461303710937
0.106048583984375 0.0345687866210937 -0.0321044921875 -0.38629150390625
0.0283966064453125 0.08868408203125 0.2685546875 -0.4681396484375
-0.0461769104003906 0.0581321716308594 0.600341796875 -0.25128173828125
-0.0747146606445313 -0.0569305419921875 0.68402099609375 0.29278564453125
-0.00769805908203124 -0.118988037109375 0.3040771484375 0.37689208984375
0.065582275390625 -0.138664245605469 0.0964584350585938 -0.122398376464844
0.025543212890625 -0.0759201049804688 -0.188888549804687 -0.058929443359375
0.00317382812500001 -0.0832443237304688 -0.386627197265625 -0.39990234375
-0.0698356628417969 -0.0364646911621094 -0.6756591796875 -0.197509765625
-0.0808868408203125 0.0115127563476562 -0.6397705078125 0.2008056640625
-0.0608482360839844 0.0378608703613281 -0.313018798828125 0.422454833984375
-0.0299911499023437 0.08441162109375 0.01373291015625 0.427093505859375
0.0132369995117188 0.0896148681640625 0.169281005859375 0.210983276367188
0.0152130126953125 0.0651283264160156 0.155654907226562 -0.00816345214843749
0.0281219482421875 0.0701713562011719 0.1192626953125 -0.175308227539062
0.01690673828125 0.0811386108398438 0.171768188476563 -0.26373291015625
-0.0138168334960937 0.07330322265625 0.3162841796875 -0.302947998046875
-0.0254669189453125 0.049285888671875 0.4881591796875 -0.168243408203125
-0.0555801391601563 0.0117759704589844 0.6422119140625 0.192626953125
-0.0350551605224609 -0.0282649993896484 0.48712158203125 0.43145751953125
-0.00296783447265625 -0.0403404235839844 0.143798828125 0.389862060546875
0.0807647705078125 -0.201187133789063 -0.0534286499023437 -0.00971603393554688
-0.053802490234375 -0.2197265625 -0.283905029296875 -0.534454345703125
-0.18365478515625 -0.080963134765625 -0.70001220703125 -0.35064697265625
-0.165756225585938 0.0654449462890625 -0.67431640625 0.15185546875
-0.0435333251953125 0.132118225097656 -0.293182373046875 0.40582275390625
0.02117919921875 0.143661499023438 0.072265625 0.3736572265625
0.0911788940429688 0.0672149658203125 0.223709106445313 0.10675048828125
0.0702629089355469 0.0553970336914063 0.205886840820313 -0.124313354492188
0.0876846313476563 0.0271148681640625 0.1763916015625 -0.28155517578125
0.0684356689453125 0.105735778808594 0.140533447265625 -0.300933837890625
0.0213470458984375 0.11480712890625 0.26513671875 -0.368011474609375
-0.0252227783203125 0.116073608398438 0.472015380859375 -0.265716552734375
-0.12347412109375 0.0554962158203125 0.681884765625 0.1146240234375
-0.120368957519531 -0.06756591796875 0.525909423828125 0.401611328125
-0.0502471923828125 -0.150009155273438 0.14215087890625 0.415740966796875
0.096954345703125 -0.291748046875 -0.137359619140625 -0.208023071289063
-0.0301513671875 -0.293731689453125 -0.3160400390625 -0.536163330078125
-0.191925048828125 -0.134292602539062 -0.626953125 -0.3223876953125
-0.204757690429687 0.044036865234375 -0.6129150390625 0.0718994140625001
-0.104171752929688 0.126121520996094 -0.317626953125 0.2987060546875
0.0150604248046875 0.17706298828125 -0.02691650390625 0.32684326171875
0.0900192260742188 0.130882263183594 0.108963012695313 0.134117126464844
0.0816497802734375 0.0884017944335937 0.090850830078125 -0.0660629272460938
0.108589172363281 0.0873031616210938 0.045318603515625 -0.229782104492188
0.109779357910156 0.120025634765625 0.10150146484375 -0.3311767578125
0.0522003173828125 0.145614624023438 0.228424072265625 -0.40814208984375
-0.014801025390625 0.16815185546875 0.4498291015625 -0.31170654296875
-0.16168212890625 0.123611450195313 0.61260986328125 0.0950927734375
-0.188125610351563 -0.092864990234375 0.403900146484375 0.302734375
-0.0950927734375 -0.200607299804687 0.1304931640625 0.354400634765625
0.0699462890625 -0.340728759765625 -0.09893798828125 -0.296661376953125
-0.089508056640625 -0.308135986328125 -0.29364013671875 -0.58941650390625
-0.232254028320313 -0.0989532470703125 -0.60382080078125 -0.3465576171875
-0.201690673828125 0.087158203125 -0.57171630859375 0.0299682617187501
-0.072235107421875 0.174224853515625 -0.306365966796875 0.235931396484375
0.067718505859375 0.182998657226563 -0.0481109619140625 0.26519775390625
0.11749267578125 0.113868713378906 0.0594558715820313 0.0946807861328125
0.104995727539062 0.075103759765625 0.0637969970703125 -0.09027099609375
0.1422119140625 0.07635498046875 0.05255126953125 -0.247879028320313
0.161712646484375 0.12359619140625 0.0631103515625001 -0.354156494140625
0.0800018310546875 0.175277709960937 0.1988525390625 -0.433929443359375
-0.024566650390625 0.197219848632813 0.4329833984375 -0.334197998046875
-0.22259521484375 0.11749267578125 0.6287841796875 0.04852294921875
-0.2288818359375 -0.134078979492188 0.369873046875 0.275115966796875
-0.094635009765625 -0.289031982421875 0.0149459838867187 0.0927581787109375
0.00756835937499999 -0.37542724609375 -0.0110931396484375 -0.174758911132813
-0.25933837890625 -0.311126708984375 -0.221099853515625 -0.53570556640625
-0.3531494140625 0.0149230957031251 -0.514068603515625 -0.369049072265625
-0.1790771484375 0.255279541015625 -0.5147705078125 -0.038116455078125
0.053009033203125 0.2484130859375 -0.31488037109375 0.154541015625
0.23565673828125 0.14276123046875 -0.093994140625 0.206588745117187
0.233612060546875 0.00213623046875 0.00110626220703126 0.0833892822265625
0.192108154296875 -0.0246734619140625 0.00424957275390627 -0.0752029418945313
0.136894226074219 0.0598068237304688 -0.044952392578125 -0.249160766601563
0.152114868164063 0.11883544921875 0.022308349609375 -0.3765869140625
0.0607147216796875 0.170272827148438 0.18310546875 -0.46142578125
-0.048370361328125 0.187606811523437 0.44061279296875 -0.35955810546875
-0.229385375976563 0.0546112060546875 0.6163330078125 0.0499267578125
-0.20306396484375 -0.186187744140625 0.430328369140625 0.28021240234375
-0.049560546875 -0.32049560546875 0.109786987304688 0.18072509765625
-0.056640625 -0.336181640625 -0.091583251953125 -0.310211181640625
-0.277374267578125 -0.205520629882813 -0.2349853515625 -0.508880615234375
-0.2900390625 0.0981140136718751 -0.492095947265625 -0.35321044921875
-0.0852508544921875 0.255279541015625 -0.50238037109375 -0.067962646484375
0.109344482421875 0.197280883789063 -0.35302734375 0.12060546875
0.244155883789062 0.07843017578125 -0.170364379882812 0.198379516601562
0.213851928710938 -0.031280517578125 -0.082427978515625 0.1129150390625
0.178695678710938 -0.0416412353515625 -0.0772705078125 -0.0354537963867187
0.238662719726562 -0.0178680419921875 -0.08221435546875 -0.204025268554688
0.213424682617188 0.108108520507813 -0.00415039062499997 -0.39739990234375
0.0414581298828125 0.141342163085937 0.17779541015625 -0.461395263671875
-0.0622100830078125 0.244491577148438 0.44696044921875 -0.332122802734375
-0.268692016601563 0.0346984863281251 0.6298828125 0.079345703125
-0.202224731445312 -0.218170166015625 0.33367919921875 0.26947021484375
-0.020965576171875 -0.319671630859375 0.00581741333007813 -0.0546188354492188
-0.06854248046875 -0.2391357421875 -0.0575408935546875 -0.251953125
-0.22833251953125 -0.09808349609375 -0.269866943359375 -0.470245361328125
-0.186721801757813 0.127304077148437 -0.49627685546875 -0.31658935546875
0.0015411376953125 0.109169006347656 -0.523681640625 0.0540161132812501
0.0685081481933594 0.0467300415039063 -0.316619873046875 0.195068359375
0.131423950195313 0.0230560302734375 -0.202377319335938 0.20941162109375
0.16229248046875 -0.05426025390625 -0.146469116210937 0.160720825195313
0.0701522827148438 -0.0216598510742188 -0.122749328613281 -0.0806503295898438
0.0972061157226563 -0.011260986328125 -0.129486083984375 -0.263671875
0.0999984741210938 0.045684814453125 -0.023651123046875 -0.406951904296875
0.0621490478515625 0.175460815429688 0.22259521484375 -0.489654541015625
-0.0643539428710937 0.103523254394531 0.508392333984375 -0.334930419921875
-0.1968994140625 -0.040924072265625 0.67437744140625 0.13165283203125
-0.06689453125 -0.18133544921875 0.396942138671875 0.25909423828125
0.0425872802734375 -0.22406005859375 0.151626586914063 -0.02191162109375
-0.0420303344726563 -0.128990173339844 -0.088897705078125 -0.254806518554688
-0.126190185546875 -0.0262603759765625 -0.312744140625 -0.41949462890625
-0.0833740234375 0.0945053100585938 -0.51641845703125 -0.255950927734375
0.0304794311523437 0.103004455566406 -0.5322265625 -0.010833740234375
0.0977096557617188 0.0405502319335938 -0.40869140625 0.18115234375
0.109275817871094 -0.0269317626953125 -0.244293212890625 0.262100219726563
0.0829315185546875 -0.0547943115234375 -0.177703857421875 0.203887939453125
0.0775909423828125 -0.0633316040039063 -0.184768676757813 0.0465850830078125
0.116233825683594 -0.0467529296875 -0.190948486328125 -0.171478271484375
0.110755920410156 0.0233612060546875 -0.067901611328125 -0.3812255859375
0.0373001098632813 0.0886459350585938 0.226715087890625 -0.49517822265625
-0.0423164367675781 0.063323974609375 0.5810546875 -0.30426025390625
-0.0792007446289062 -0.0520706176757813 0.7154541015625 0.2391357421875
-0.0189666748046875 -0.119819641113281 0.337860107421875 0.364044189453125
0.0505523681640625 -0.145782470703125 0.08642578125 -0.127586364746094
0.0188064575195312 -0.07403564453125 -0.18951416015625 -0.038726806640625
-0.00280761718749999 -0.081878662109375 -0.402435302734375 -0.361175537109375
-0.0715103149414063 -0.0313186645507812 -0.66705322265625 -0.1475830078125
-0.080352783203125 0.0171966552734375 -0.60809326171875 0.2391357421875
-0.0580024719238281 0.0431137084960938 -0.272369384765625 0.43487548828125
-0.0200653076171875 0.0862808227539063 0.04974365234375 0.41571044921875
0.021820068359375 0.0879974365234375 0.18450927734375 0.19354248046875
0.0203361511230469 0.0638046264648438 0.154434204101563 -0.0182952880859375
0.0329017639160156 0.0662994384765625 0.103836059570313 -0.175430297851563
0.0250320434570312 0.0793304443359375 0.146041870117188 -0.262161254882813
-0.00787353515625 0.0739822387695313 0.279571533203125 -0.31890869140625
-0.0216217041015625 0.0505714416503906 0.45782470703125 -0.20098876953125
-0.0528945922851562 0.0154991149902344 0.64154052734375 0.13677978515625
-0.0392723083496094 -0.0258674621582031 0.513153076171875 0.384857177734375
-0.00896835327148438 -0.0398025512695313 0.17657470703125 0.37481689453125
0.065338134765625 -0.20343017578125 -0.0542869567871094 -0.00651931762695314
-0.0692901611328125 -0.207275390625 -0.3135986328125 -0.50274658203125
-0.186294555664063 -0.065185546875 -0.70550537109375 -0.29150390625
-0.15777587890625 0.0789794921875 -0.64501953125 0.19842529296875
-0.0320281982421875 0.131370544433594 -0.250518798828125 0.41522216796875
0.0394439697265625 0.137176513671875 0.099334716796875 0.360260009765625
0.0949478149414063 0.0569381713867188 0.227127075195313 0.080902099609375
0.0709152221679688 0.0607070922851562 0.18853759765625 -0.142059326171875
0.0852203369140625 0.0186080932617188 0.147125244140625 -0.28839111328125
0.0770645141601563 0.100654602050781 0.113739013671875 -0.296905517578125
0.0285797119140625 0.114410400390625 0.224853515625 -0.376953125
-0.0174484252929688 0.117088317871094 0.432952880859375 -0.2947998046875
-0.117469787597656 0.063751220703125 0.6737060546875 0.055419921875
-0.126228332519531 -0.0596160888671875 0.550323486328125 0.35345458984375
-0.0650177001953125 -0.1446533203125 0.17730712890625 0.401580810546875
0.07568359375 -0.29449462890625 -0.153961181640625 -0.192031860351563
-0.050079345703125 -0.286712646484375 -0.34527587890625 -0.499176025390625
-0.197067260742188 -0.119827270507812 -0.6304931640625 -0.272705078125
-0.200424194335938 0.0556640625 -0.590087890625 0.11083984375
-0.0970230102539063 0.132644653320313 -0.28472900390625 0.31427001953125
0.02935791015625 0.17510986328125 0.00402832031249997 0.319244384765625
0.101852416992188 0.124259948730469 0.118629455566406 0.121238708496094
0.0874710083007813 0.0843429565429688 0.0842056274414062 -0.070953369140625
0.113739013671875 0.0802688598632813 0.0255889892578125 -0.223312377929688
0.118843078613281 0.11175537109375 0.072662353515625 -0.3250732421875
0.061248779296875 0.143157958984375 0.186187744140625 -0.412750244140625
-0.00424194335937501 0.166961669921875 0.410736083984375 -0.33941650390625
-0.150375366210938 0.130523681640625 0.6026611328125 0.04876708984375
-0.194137573242188 -0.079742431640625 0.436981201171875 0.26519775390625
-0.1107177734375 -0.186920166015625 0.16070556640625 0.342010498046875
0.046112060546875 -0.3406982421875 -0.1221923828125 -0.281890869140625
-0.1092529296875 -0.296722412109375 -0.32763671875 -0.554718017578125
-0.234268188476563 -0.0832672119140625 -0.610107421875 -0.29644775390625
-0.1954345703125 0.0984039306640625 -0.552398681640625 0.0679626464843751
-0.06005859375 0.179611206054688 -0.276214599609375 0.251419067382813
0.0806884765625 0.176422119140625 -0.0205535888671875 0.259170532226563
0.127090454101563 0.106513977050781 0.0666961669921875 0.0848388671875
0.109809875488281 0.0696563720703125 0.0565719604492188 -0.0962066650390625
0.145309448242188 0.066436767578125 0.027099609375 -0.24298095703125
0.168319702148438 0.11126708984375 0.034088134765625 -0.343719482421875
0.0873870849609375 0.168441772460938 0.157257080078125 -0.43841552734375
-0.0126800537109375 0.19647216796875 0.39312744140625 -0.359375
-0.208663940429688 0.1324462890625 0.6268310546875 -0.00817871093749999
-0.2374267578125 -0.117080688476562 0.3909912109375 0.242889404296875
-0.118927001953125 -0.2767333984375 0.0303115844726562 0.0976943969726563
-0.0234375 -0.368255615234375 -0.024322509765625 -0.168991088867188
-0.279144287109375 -0.280166625976563 -0.25152587890625 -0.506744384765625
-0.343719482421875 0.04193115234375 -0.5257568359375 -0.32476806640625
-0.154937744140625 0.26416015625 -0.502227783203125 -0.00204467773437498
0.072052001953125 0.238021850585938 -0.29254150390625 0.17156982421875
0.241928100585938 0.115570068359375 -0.071014404296875 0.204025268554687
0.226943969726563 -0.0186767578125 0.00903320312500002 0.0778427124023438
0.182144165039063 -0.0399017333984375 -0.00293731689453124 -0.0760269165039063
0.138504028320313 0.0517578125 -0.06591796875 -0.238250732421875
0.160110473632813 0.10797119140625 -0.00878906249999997 -0.36578369140625
0.0699615478515625 0.166717529296875 0.138824462890625 -0.462371826171875
-0.03729248046875 0.188613891601562 0.398773193359375 -0.38458251953125
-0.221572875976563 0.0684051513671875 0.61053466796875 -0.00262451171875
-0.216232299804687 -0.171035766601563 0.44342041015625 0.243438720703125
-0.07562255859375 -0.31207275390625 0.126190185546875 0.172576904296875
-0.080718994140625 -0.3221435546875 -0.120574951171875 -0.308685302734375
-0.2884521484375 -0.175323486328125 -0.264434814453125 -0.47955322265625
-0.275634765625 0.119369506835937 -0.501190185546875 -0.312042236328125
-0.062896728515625 0.257492065429688 -0.494293212890625 -0.03363037109375
0.12335205078125 0.183792114257813 -0.333740234375 0.1417236328125
0.244705200195313 0.0525665283203125 -0.146774291992187 0.20220947265625
0.204544067382813 -0.0507965087890625 -0.0701065063476562 0.114883422851563
0.168075561523438 -0.0556793212890625 -0.0784072875976562 -0.0289459228515625
0.228134155273438 -0.0403289794921875 -0.0973358154296875 -0.189529418945313
0.228256225585938 0.0836639404296875 -0.036468505859375 -0.384490966796875
0.0483932495117187 0.138626098632813 0.133392333984375 -0.46368408203125
-0.0411529541015625 0.24420166015625 0.4056396484375 -0.358489990234375
-0.258743286132813 0.0536651611328125 0.62115478515625 0.03033447265625
-0.216415405273438 -0.1981201171875 0.346771240234375 0.242279052734375
-0.04949951171875 -0.309783935546875 0.000850677490234368 -0.0489082336425781
-0.08538818359375 -0.22760009765625 -0.0746917724609375 -0.241683959960937
-0.230331420898437 -0.0750274658203125 -0.296234130859375 -0.438323974609375
-0.172470092773437 0.140335083007813 -0.50592041015625 -0.274993896484375
0.0061798095703125 0.106575012207031 -0.50067138671875 0.086669921875
0.0668258666992188 0.0418853759765625 -0.289154052734375 0.208160400390625
0.1346435546875 0.0132369995117188 -0.200286865234375 0.232925415039062
0.153106689453125 -0.067718505859375 -0.127395629882813 0.168136596679688
0.0661392211914063 -0.0234298706054688 -0.130607604980469 -0.0699615478515625
0.0924530029296875 -0.0160369873046875 -0.153030395507813 -0.244552612304687
0.10125732421875 0.03863525390625 -0.05963134765625 -0.39080810546875
0.0758209228515625 0.167724609375 0.177459716796875 -0.495574951171875
-0.0573272705078125 0.107536315917969 0.4678955078125 -0.36553955078125
-0.195343017578125 -0.0247650146484375 0.66973876953125 0.08001708984375
-0.0801239013671875 -0.173721313476563 0.40545654296875 0.2275390625
0.0221099853515625 -0.221771240234375 0.150314331054688 -0.0301055908203125
-0.050872802734375 -0.122764587402344 -0.104873657226562 -0.241897583007812
-0.124786376953125 -0.0128326416015625 -0.332733154296875 -0.385009765625
-0.0732498168945313 0.09979248046875 -0.521881103515625 -0.213409423828125
0.0374832153320313 0.0993423461914063 -0.519866943359375 0.0266418457031249
0.098724365234375 0.0314712524414062 -0.383758544921875 0.207244873046875
0.104843139648438 -0.0365066528320313 -0.2156982421875 0.273162841796875
0.0767822265625 -0.0615463256835938 -0.156036376953125 0.212249755859375
0.0689468383789063 -0.0679283142089844 -0.176300048828125 0.0627899169921875
0.106910705566406 -0.0560226440429687 -0.201431274414063 -0.14837646484375
0.111099243164063 0.0132980346679688 -0.0965576171875 -0.360595703125
0.0438385009765625 0.084625244140625 0.177703857421875 -0.499969482421875
-0.0368766784667969 0.0654144287109375 0.53741455078125 -0.3402099609375
-0.0811920166015625 -0.0450286865234375 0.71600341796875 0.18255615234375
-0.02850341796875 -0.114479064941406 0.35760498046875 0.33721923828125
0.03424072265625 -0.144088745117188 0.0739822387695313 -0.126777648925781
0.011932373046875 -0.0687408447265625 -0.180755615234375 -0.01849365234375
-0.00524139404296874 -0.0803985595703125 -0.39874267578125 -0.329620361328125
-0.0716400146484375 -0.0279998779296875 -0.6419677734375 -0.11883544921875
-0.0786056518554688 0.0206222534179687 -0.57159423828125 0.2518310546875
-0.054656982421875 0.0452728271484375 -0.23980712890625 0.431365966796875
-0.0123825073242188 0.084259033203125 0.07159423828125 0.3978271484375
0.02825927734375 0.084991455078125 0.190887451171875 0.1781005859375
0.0233840942382813 0.0631446838378906 0.1494140625 -0.0233306884765625
0.0346794128417969 0.0631828308105469 0.0947265625 -0.168869018554688
0.0303268432617188 0.0755157470703125 0.128219604492188 -0.252761840820313
-0.00278472900390625 0.0739974975585938 0.24908447265625 -0.316314697265625
-0.0189247131347656 0.0511512756347656 0.42742919921875 -0.2138671875
-0.049530029296875 0.017822265625 0.62237548828125 0.09991455078125
-0.04193115234375 -0.0230941772460938 0.514312744140625 0.346038818359375
-0.0136985778808594 -0.0385665893554688 0.193084716796875 0.35479736328125
0.0543975830078125 -0.201324462890625 -0.0548133850097656 -0.00358581542968751
-0.075164794921875 -0.193130493164063 -0.322357177734375 -0.471466064453125
-0.1829833984375 -0.0534820556640625 -0.686767578125 -0.250732421875
-0.149978637695313 0.0841217041015625 -0.60919189453125 0.2198486328125
-0.0286331176757813 0.127838134765625 -0.216949462890625 0.408447265625
0.0439605712890625 0.131126403808594 0.1180419921875 0.336944580078125
0.0937728881835938 0.0447921752929687 0.221420288085938 0.061492919921875
0.0699119567871094 0.0624885559082031 0.169509887695313 -0.151382446289063
0.080718994140625 0.0135040283203125 0.123870849609375 -0.284454345703125
0.0822219848632813 0.0949325561523438 0.0946044921875 -0.283599853515625
0.0338363647460938 0.113090515136719 0.194427490234375 -0.370025634765625
-0.0122299194335937 0.116081237792969 0.3990478515625 -0.303955078125
-0.111587524414063 0.0662384033203125 0.65142822265625 0.01641845703125
-0.128875732421875 -0.0534744262695313 0.55322265625 0.314483642578125
-0.0732040405273438 -0.13763427734375 0.197967529296875 0.3846435546875
0.061279296875 -0.290191650390625 -0.161773681640625 -0.1751708984375
-0.0596160888671875 -0.276123046875 -0.348846435546875 -0.464874267578125
-0.195648193359375 -0.1103515625 -0.61224365234375 -0.2388916015625
-0.196060180664062 0.0613861083984375 -0.56072998046875 0.128387451171875
-0.0904617309570312 0.134529113769531 -0.25726318359375 0.311920166015625
0.0374603271484375 0.170516967773438 0.02362060546875 0.305145263671875
0.106964111328125 0.118675231933594 0.121383666992188 0.110130310058594
0.090667724609375 0.08221435546875 0.0764236450195313 -0.0713958740234375
0.115509033203125 0.0748825073242188 0.0141143798828125 -0.212265014648438
0.122879028320313 0.105552673339844 0.05450439453125 -0.30908203125
0.06573486328125 0.14080810546875 0.154571533203125 -0.403289794921875
0.00125122070312499 0.163787841796875 0.374267578125 -0.3448486328125
-0.14068603515625 0.12872314453125 0.57928466796875 0.0205078125
-0.19622802734375 -0.0699615478515625 0.449798583984375 0.238067626953125
-0.117446899414062 -0.17041015625 0.179046630859375 0.3271484375
0.030609130859375 -0.332794189453125 -0.135101318359375 -0.264602661132813
-0.116455078125 -0.28350830078125 -0.3382568359375 -0.51995849609375
-0.229629516601563 -0.074066162109375 -0.59466552734375 -0.2625732421875
-0.1895751953125 0.102691650390625 -0.524658203125 0.0850219726562499
-0.0498199462890625 0.182937622070313 -0.251296997070313 0.24920654296875
0.087005615234375 0.16973876953125 -0.00300598144531251 0.246292114257812
0.130348205566406 0.0995712280273437 0.0684661865234375 0.0764541625976563
0.111564636230469 0.067230224609375 0.0493011474609375 -0.0992202758789062
0.144912719726563 0.060577392578125 0.0114288330078125 -0.234100341796875
0.168212890625 0.102081298828125 0.015716552734375 -0.32696533203125
0.08990478515625 0.162368774414063 0.12548828125 -0.427001953125
-0.00552368164062502 0.192413330078125 0.3558349609375 -0.36328125
-0.195846557617188 0.13812255859375 0.6072998046875 -0.04095458984375
-0.239212036132812 -0.104385375976562 0.41033935546875 0.215240478515625
-0.132080078125 -0.261123657226563 0.0263671875 0.0936813354492187
-0.039093017578125 -0.355316162109375 -0.029296875 -0.159820556640625
-0.28173828125 -0.251922607421875 -0.26068115234375 -0.477264404296875
-0.32916259765625 0.05902099609375 -0.51708984375 -0.2928466796875
-0.136077880859375 0.2630615234375 -0.480804443359375 0.017303466796875
0.08209228515625 0.225814819335938 -0.271102905273438 0.174880981445313
0.238845825195313 0.096038818359375 -0.0555267333984375 0.194244384765625
0.216201782226563 -0.031585693359375 0.01220703125 0.0714492797851563
0.170867919921875 -0.04693603515625 -0.00904083251953124 -0.073974609375
0.136589050292969 0.0478668212890625 -0.0785064697265625 -0.2232666015625
0.163131713867188 0.0989990234375 -0.026885986328125 -0.34832763671875
0.074188232421875 0.162307739257812 0.1087646484375 -0.451385498046875
-0.0306243896484375 0.185333251953125 0.36187744140625 -0.39031982421875
-0.21356201171875 0.0737762451171875 0.5894775390625 -0.0345458984375
-0.220916748046875 -0.158096313476562 0.439971923828125 0.216583251953125
-0.091094970703125 -0.298583984375 0.134674072265625 0.162689208984375
-0.09283447265625 -0.3070068359375 -0.1363525390625 -0.29998779296875
-0.28643798828125 -0.151580810546875 -0.2724609375 -0.45013427734375
-0.25921630859375 0.129043579101563 -0.4949951171875 -0.280029296875
-0.04803466796875 0.251724243164063 -0.476715087890625 -0.0132751464843749
0.128799438476563 0.170852661132812 -0.313385009765625 0.147796630859375
0.238143920898438 0.0345306396484375 -0.12908935546875 0.197723388671875
0.192947387695313 -0.060943603515625 -0.0618362426757812 0.11151123046875
0.155914306640625 -0.061676025390625 -0.0779190063476562 -0.02386474609375
0.214614868164063 -0.053253173828125 -0.104766845703125 -0.17431640625
0.23443603515625 0.061248779296875 -0.0540771484375 -0.36572265625
0.051239013671875 0.135330200195313 0.103759765625 -0.44921875
-0.026641845703125 0.238067626953125 0.369598388671875 -0.363311767578125
-0.246871948242188 0.063568115234375 0.60040283203125 0.000793457031250004
-0.2208251953125 -0.179183959960937 0.346710205078125 0.22320556640625
-0.06561279296875 -0.29376220703125 -0.000877380371093751 -0.0429267883300781
-0.0923004150390625 -0.215713500976562 -0.0811920166015625 -0.228927612304688
-0.225448608398438 -0.0578460693359375 -0.300140380859375 -0.408447265625
-0.158432006835938 0.144271850585938 -0.496612548828125 -0.244598388671875
0.00740814208984375 0.104133605957031 -0.4739990234375 0.103607177734375
0.0631675720214844 0.0393295288085938 -0.263580322265625 0.20965576171875
0.132781982421875 0.00656890869140625 -0.181838989257813 0.234588623046875
0.143142700195313 -0.0749969482421875 -0.113494873046875 0.167282104492188
0.0627174377441406 -0.022247314453125 -0.134422302246094 -0.06085205078125
0.08831787109375 -0.016632080078125 -0.162933349609375 -0.225509643554688
0.0992050170898438 0.0337448120117188 -0.0765380859375 -0.3717041015625
0.083099365234375 0.159423828125 0.14483642578125 -0.485565185546875
-0.0528106689453125 0.108695983886719 0.428466796875 -0.373321533203125
-0.189483642578125 -0.0156707763671875 0.6458740234375 0.044189453125
-0.08673095703125 -0.165176391601563 0.4007568359375 0.201141357421875
0.0100250244140625 -0.214736938476563 0.143310546875 -0.0389862060546875
-0.0539627075195313 -0.116439819335937 -0.111099243164063 -0.227996826171875
-0.118438720703125 -0.00439453124999998 -0.33416748046875 -0.357574462890625
-0.06353759765625 0.101104736328125 -0.510498046875 -0.182830810546875
0.0410919189453125 0.0950775146484375 -0.499786376953125 0.0457763671874999
0.096893310546875 0.0253143310546875 -0.35809326171875 0.214630126953125
0.100639343261719 -0.0411758422851563 -0.19219970703125 0.27142333984375
0.0705490112304688 -0.0640640258789063 -0.138763427734375 0.212142944335938
0.0608749389648437 -0.0683784484863281 -0.166748046875 0.070526123046875
0.0976943969726563 -0.0609207153320313 -0.20123291015625 -0.12664794921875
0.108619689941406 0.00531005859375 -0.11090087890625 -0.33599853515625
0.04754638671875 0.0806884765625 0.14251708984375 -0.486846923828125
-0.0328788757324219 0.0660133361816406 0.496612548828125 -0.350433349609375
-0.0803985595703125 -0.0399551391601562 0.6971435546875 0.141845703125
-0.0343399047851563 -0.108039855957031 0.360565185546875 0.31549072265625
0.0231170654296875 -0.137550354003906 0.0648193359375 -0.121360778808594
0.0116958618164062 -0.0672187805175781 -0.172683715820312 -0.00761413574218752
-0.00559234619140624 -0.0800628662109375 -0.390716552734375 -0.317138671875
-0.0697555541992188 -0.0271224975585937 -0.62188720703125 -0.112060546875
-0.079345703125 0.0222396850585937 -0.55328369140625 0.2503662109375
-0.0544166564941406 0.0469741821289062 -0.226104736328125 0.422119140625
-0.0084991455078125 0.0833816528320313 0.08123779296875 0.38812255859375
0.031982421875 0.0840301513671875 0.192672729492188 0.171920776367188
0.0254135131835937 0.063629150390625 0.14739990234375 -0.0238800048828125
0.03582763671875 0.0629196166992188 0.0925140380859375 -0.16259765625
0.03326416015625 0.0732879638671875 0.121047973632812 -0.241592407226563
0.0012969970703125 0.0744552612304688 0.232147216796875 -0.308685302734375
-0.0172576904296875 0.0514144897460938 0.408538818359375 -0.21380615234375
-0.0494842529296875 0.0191650390625 0.60760498046875 0.08245849609375
-0.0442047119140625 -0.0208740234375 0.513214111328125 0.327880859375
-0.0169143676757813 -0.0358200073242188 0.200653076171875 0.347076416015625
0.051055908203125 -0.200164794921875 -0.0601463317871094 -0.00154495239257812
-0.074859619140625 -0.184967041015625 -0.31976318359375 -0.456329345703125
-0.179977416992187 -0.048980712890625 -0.66595458984375 -0.23785400390625
-0.1470947265625 0.0852508544921875 -0.58917236328125 0.21856689453125
-0.024078369140625 0.124977111816406 -0.202301025390625 0.399078369140625
0.0439682006835938 0.128593444824219 0.13037109375 0.31561279296875
0.092071533203125 0.0436859130859375 0.21514892578125 0.0513763427734375
0.0698318481445313 0.0647468566894531 0.157257080078125 -0.154129028320313
0.076263427734375 0.0121536254882813 0.112197875976563 -0.27947998046875
0.084686279296875 0.0933609008789063 0.0879669189453125 -0.272186279296875
0.0363845825195313 0.114051818847656 0.1781005859375 -0.358642578125
-0.0113067626953125 0.116371154785156 0.37713623046875 -0.30133056640625
-0.110649108886719 0.0664749145507812 0.63427734375 0.0010986328125
-0.132278442382813 -0.0508041381835938 0.55029296875 0.298248291015625
-0.07757568359375 -0.133087158203125 0.207122802734375 0.3787841796875
0.057037353515625 -0.2880859375 -0.164443969726563 -0.166259765625
-0.0613555908203125 -0.2718505859375 -0.34625244140625 -0.44964599609375
-0.192886352539063 -0.1092529296875 -0.59765625 -0.22930908203125
-0.195358276367188 0.062835693359375 -0.5439453125 0.130279541015625
-0.0920257568359375 0.136016845703125 -0.244384765625 0.305572509765625
0.0399932861328125 0.169677734375 0.032684326171875 0.29595947265625
0.109725952148438 0.116950988769531 0.121627807617188 0.104400634765625
0.0927963256835937 0.0839004516601563 0.0722732543945313 -0.0697021484375
0.117111206054688 0.0744094848632813 0.0102691650390625 -0.202682495117188
0.125099182128906 0.103500366210938 0.047119140625 -0.29705810546875
0.067474365234375 0.140975952148438 0.139495849609375 -0.392364501953125
0.0014495849609375 0.16259765625 0.35198974609375 -0.34234619140625
-0.140777587890625 0.1240234375 0.56390380859375 0.01348876953125
-0.19952392578125 -0.06683349609375 0.45404052734375 0.228363037109375
-0.122421264648438 -0.167312622070313 0.187408447265625 0.321441650390625
0.027435302734375 -0.33013916015625 -0.140213012695312 -0.254653930664063
-0.117095947265625 -0.278305053710938 -0.334716796875 -0.50372314453125
-0.225921630859375 -0.0739898681640625 -0.58013916015625 -0.25128173828125
-0.189437866210938 0.103256225585937 -0.51068115234375 0.086883544921875
-0.0423431396484375 0.189971923828125 -0.237716674804688 0.244277954101562
0.0892333984375 0.16717529296875 0.0059051513671875 0.236007690429688
0.132476806640625 0.0981903076171875 0.0682449340820313 0.0715408325195313
0.112617492675781 0.0683441162109375 0.0445175170898438 -0.0998687744140625
0.14544677734375 0.0599517822265625 0.00805664062500003 -0.228271484375
0.165069580078125 0.10015869140625 0.010345458984375 -0.314178466796875
0.08978271484375 0.1629638671875 0.110992431640625 -0.416015625
-0.00538635253906251 0.191986083984375 0.337158203125 -0.3599853515625
-0.190475463867188 0.139785766601562 0.591552734375 -0.05242919921875
-0.240982055664063 -0.0993194580078125 0.415496826171875 0.20452880859375
-0.1383056640625 -0.25091552734375 0.0510177612304687 0.106681823730469
-0.0465087890625 -0.349273681640625 -0.0295257568359375 -0.153579711914063
-0.280166625976563 -0.238388061523438 -0.257049560546875 -0.462615966796875
-0.32073974609375 0.064453125 -0.506500244140625 -0.28314208984375
-0.1280517578125 0.26141357421875 -0.467132568359375 0.0208129882812501
0.0863494873046875 0.2193603515625 -0.260498046875 0.171432495117188
0.23529052734375 0.0851593017578125 -0.04833984375 0.185348510742188
0.209243774414063 -0.037689208984375 0.0123405456542969 0.0672454833984375
0.1624755859375 -0.0476837158203125 -0.012969970703125 -0.072509765625
0.135429382324219 0.0495223999023438 -0.083343505859375 -0.213470458984375
0.1649169921875 0.096343994140625 -0.0335693359375 -0.336517333984375
0.074371337890625 0.163238525390625 0.0927734375 -0.440826416015625
-0.030975341796875 0.184555053710938 0.342071533203125 -0.38385009765625
-0.211349487304688 0.0732269287109375 0.5762939453125 -0.04559326171875
-0.224563598632813 -0.152938842773438 0.43560791015625 0.206207275390625
-0.096160888671875 -0.2921142578125 0.139785766601563 0.159332275390625
-0.095123291015625 -0.299041748046875 -0.1429443359375 -0.29766845703125
-0.28216552734375 -0.139007568359375 -0.267974853515625 -0.435821533203125
-0.251312255859375 0.1319580078125 -0.48419189453125 -0.271087646484375
-0.0414886474609375 0.248260498046875 -0.464141845703125 -0.00906372070312491
0.13018798828125 0.164718627929688 -0.302764892578125 0.1473388671875
0.233322143554688 0.025970458984375 -0.120849609375 0.1915283203125
0.18548583984375 -0.065765380859375 -0.059783935546875 0.097930908203125
0.14874267578125 -0.061737060546875 -0.078033447265625 -0.0203170776367187
0.205352783203125 -0.0571746826171875 -0.10565185546875 -0.164306640625
0.235702514648438 0.0486297607421875 -0.061187744140625 -0.352264404296875
0.051055908203125 0.1353759765625 0.089630126953125 -0.43377685546875
-0.021728515625 0.23388671875 0.350555419921875 -0.359588623046875
-0.239974975585937 0.066070556640625 0.58636474609375 -0.00872802734375
-0.222793579101562 -0.169723510742187 0.34259033203125 0.216644287109375
-0.0718994140625 -0.282379150390625 0.00252914428710937 -0.0369682312011719
-0.092987060546875 -0.210418701171875 -0.081298828125 -0.220703125
-0.219757080078125 -0.0501708984375 -0.294464111328125 -0.395843505859375
-0.151504516601563 0.144729614257813 -0.48699951171875 -0.233551025390625
0.00607299804687501 0.1031494140625 -0.458160400390625 0.103271484375
0.0596275329589844 0.0401573181152344 -0.25146484375 0.203475952148437
0.134811401367188 0.00431060791015625 -0.168807983398437 0.2264404296875
0.13739013671875 -0.0775527954101563 -0.106735229492187 0.165939331054688
0.06158447265625 -0.0192108154296875 -0.137275695800781 -0.0560379028320313
0.085174560546875 -0.0140304565429688 -0.167449951171875 -0.214508056640625
0.0972518920898438 0.0324630737304688 -0.0826416015625 -0.359588623046875
0.0861663818359375 0.156143188476563 0.129302978515625 -0.475311279296875
-0.0525360107421875 0.110282897949219 0.4085693359375 -0.371002197265625
-0.186325073242187 -0.0119476318359375 0.62823486328125 0.03204345703125
-0.08990478515625 -0.160507202148438 0.394561767578125 0.191864013671875
0.00549316406250002 -0.208892822265625 0.139976501464844 -0.0409164428710938
-0.0538482666015625 -0.11419677734375 -0.110031127929688 -0.22021484375
-0.114151000976563 -0.000480651855468759 -0.32684326171875 -0.344757080078125
-0.0602264404296875 0.100082397460938 -0.498748779296875 -0.174407958984375
0.0428390502929688 0.0930404663085938 -0.4869384765625 0.0494995117187501
0.0964202880859375 0.0234527587890625 -0.34637451171875 0.215240478515625
0.098663330078125 -0.0433502197265625 -0.180633544921875 0.2674560546875
0.0676345825195313 -0.0650787353515625 -0.1312255859375 0.21148681640625
0.0564994812011719 -0.0667037963867188 -0.16143798828125 0.0767059326171875
0.0913848876953125 -0.0611419677734375 -0.198623657226562 -0.11395263671875
0.106658935546875 0.00115966796875 -0.114501953125 -0.31964111328125
0.0500869750976563 0.0793304443359375 0.126190185546875 -0.47381591796875
-0.0312843322753906 0.0666847229003906 0.474609375 -0.34881591796875
-0.080413818359375 -0.0376663208007812 0.68341064453125 0.130126953125
-0.0371246337890625 -0.103622436523438 0.358001708984375 0.307952880859375
0.017974853515625 -0.131095886230469 0.0601577758789063 -0.115531921386719
0.0103988647460937 -0.0678024291992188 -0.180130004882813 -0.00608825683593753
-0.00514984130859374 -0.083251953125 -0.390869140625 -0.315948486328125
-0.0702018737792969 -0.027740478515625 -0.62109375 -0.11468505859375
-0.0814361572265625 0.02337646484375 -0.5548095703125 0.249908447265625
-0.0561637878417969 0.0491561889648438 -0.223297119140625 0.425933837890625
-0.006500244140625 0.0853195190429688 0.089874267578125 0.39007568359375
0.0353317260742187 0.0855255126953125 0.19940185546875 0.172744750976563
0.0274734497070313 0.0668678283691406 0.149688720703125 -0.0223541259765625
0.0374565124511719 0.0641403198242188 0.0960540771484375 -0.161346435546875
0.0368270874023438 0.0737075805664063 0.120834350585937 -0.237945556640625
0.00437927246093751 0.07666015625 0.22601318359375 -0.30621337890625
-0.0171012878417969 0.0530014038085937 0.40496826171875 -0.215728759765625
-0.0508842468261719 0.019561767578125 0.60968017578125 0.07427978515625
-0.0478477478027344 -0.0199546813964844 0.52398681640625 0.325439453125
-0.0198745727539063 -0.0351181030273438 0.211944580078125 0.349945068359375
0.0500335693359375 -0.205352783203125 -0.0662307739257813 0.000175476074218734
-0.0751953125 -0.184539794921875 -0.319488525390625 -0.46014404296875
-0.181732177734375 -0.0472564697265625 -0.66717529296875 -0.23883056640625
-0.148239135742188 0.088653564453125 -0.58782958984375 0.21905517578125
-0.0207061767578125 0.125442504882812 -0.196197509765625 0.39837646484375
0.04144287109375 0.133041381835938 0.1395263671875 0.30718994140625
0.0929412841796875 0.0442047119140625 0.214874267578125 0.0454559326171875
0.0728836059570313 0.0686187744140625 0.15069580078125 -0.157760620117188
0.0752716064453125 0.0123062133789063 0.107498168945313 -0.280364990234375
0.0891036987304688 0.0944137573242188 0.0869903564453125 -0.26776123046875
0.0396347045898438 0.118293762207031 0.1707763671875 -0.356719970703125
-0.0114517211914063 0.120773315429688 0.37066650390625 -0.304534912109375
-0.11407470703125 0.06805419921875 0.63623046875 -0.00946044921875
-0.139404296875 -0.0497055053710937 0.56201171875 0.2950439453125
-0.082672119140625 -0.134719848632813 0.220611572265625 0.38446044921875
0.05694580078125 -0.2950439453125 -0.17132568359375 -0.162918090820313
-0.0623016357421875 -0.277206420898438 -0.348907470703125 -0.44940185546875
-0.195205688476563 -0.113433837890625 -0.5977783203125 -0.23138427734375
-0.2012939453125 0.06390380859375 -0.545745849609375 0.12835693359375
-0.095550537109375 0.141433715820313 -0.241851806640625 0.306121826171875
0.042572021484375 0.174636840820313 0.0404052734375 0.2938232421875
0.115570068359375 0.120071411132813 0.125175476074219 0.103889465332031
0.0978622436523437 0.0884552001953125 0.071502685546875 -0.068511962890625
0.121589660644531 0.0770416259765625 0.00851440429687502 -0.199050903320312
0.130012512207031 0.105796813964844 0.04522705078125 -0.293487548828125
0.070587158203125 0.147445678710937 0.1312255859375 -0.390960693359375
0.000442504882812482 0.168243408203125 0.345672607421875 -0.34521484375
-0.146392822265625 0.122238159179687 0.56634521484375 0.00585937500000001
-0.2078857421875 -0.0653228759765625 0.4632568359375 0.225311279296875
-0.128997802734375 -0.171035766601563 0.197479248046875 0.327423095703125
0.026092529296875 -0.33740234375 -0.147567749023438 -0.253707885742188
-0.118865966796875 -0.28369140625 -0.339752197265625 -0.50579833984375
-0.228561401367188 -0.0781707763671874 -0.58258056640625 -0.2529296875
-0.194992065429688 0.104904174804687 -0.51141357421875 0.0881042480468751
-0.0196990966796875 0.212570190429687 -0.236114501953125 0.244186401367188
0.0934600830078125 0.1717529296875 0.0115509033203125 0.232711791992187
0.138397216796875 0.101325988769531 0.0694656372070313 0.0703887939453125
0.117881774902344 0.0732421875 0.0406875610351562 -0.101982116699219
0.151092529296875 0.0617218017578125 0.00604248046875 -0.22906494140625
0.167404174804688 0.102386474609375 0.0089111328125 -0.311004638671875
0.0939178466796875 0.169036865234375 0.102386474609375 -0.414794921875
-0.00617980957031249 0.197601318359375 0.33099365234375 -0.36279296875
-0.19317626953125 0.142898559570313 0.59271240234375 -0.06011962890625
-0.250457763671875 -0.0978240966796875 0.4239501953125 0.205078125
-0.1436767578125 -0.253433227539063 0.09112548828125 0.133735656738281
-0.058349609375 -0.356597900390625 -0.02911376953125 -0.15142822265625
-0.283355712890625 -0.233489990234375 -0.255584716796875 -0.46453857421875
-0.3240966796875 0.068603515625 -0.508026123046875 -0.2864990234375
-0.124908447265625 0.266372680664063 -0.4696044921875 0.0192565917968749
0.090911865234375 0.220672607421875 -0.259765625 0.171112060546875
0.23809814453125 0.07958984375 -0.045074462890625 0.181060791015625
0.207321166992188 -0.042022705078125 0.0118331909179688 0.066009521484375
0.16119384765625 -0.0471343994140625 -0.017303466796875 -0.071990966796875
0.139488220214844 0.05474853515625 -0.08648681640625 -0.209030151367188
0.171035766601563 0.09765625 -0.03826904296875 -0.334716796875
0.076446533203125 0.169082641601563 0.0859375 -0.44195556640625
-0.033050537109375 0.189224243164062 0.33740234375 -0.38800048828125
-0.216064453125 0.074005126953125 0.580078125 -0.05242919921875
-0.232864379882813 -0.1536865234375 0.442291259765625 0.205535888671875
-0.100921630859375 -0.294097900390625 0.147232055664063 0.162307739257812
-0.098785400390625 -0.301666259765625 -0.148193359375 -0.299468994140625
-0.284881591796875 -0.134613037109375 -0.266754150390625 -0.4383544921875
-0.252655029296875 0.136016845703125 -0.48565673828125 -0.273773193359375
-0.0382537841796875 0.251983642578125 -0.467376708984375 -0.00982666015625006
0.134979248046875 0.164886474609375 -0.303985595703125 0.147308349609375
0.234725952148437 0.0198974609375 -0.118927001953125 0.18975830078125
0.184295654296875 -0.069580078125 -0.0605926513671875 0.0869293212890625
0.147171020507813 -0.0617218017578125 -0.0802459716796875 -0.0173568725585937
0.20281982421875 -0.06121826171875 -0.108139038085937 -0.159881591796875
0.238967895507813 0.0425872802734375 -0.067352294921875 -0.349700927734375
0.0515365600585937 0.139869689941406 0.081756591796875 -0.435028076171875
-0.0205078125 0.23583984375 0.34521484375 -0.359588623046875
-0.242965698242188 0.0688018798828125 0.58941650390625 -0.01385498046875
-0.229110717773437 -0.1658935546875 0.346832275390625 0.22003173828125
-0.076873779296875 -0.280426025390625 0.00904846191406249 -0.0317478179931641
-0.0962066650390625 -0.213409423828125 -0.080902099609375 -0.220504760742188
-0.220260620117188 -0.045867919921875 -0.29461669921875 -0.397216796875
-0.150588989257813 0.147811889648438 -0.49395751953125 -0.2235107421875
0.00329589843750001 0.109115600585938 -0.457763671875 0.10382080078125
0.0576934814453125 0.0433120727539062 -0.248214721679688 0.200363159179688
0.140655517578125 0.0019378662109375 -0.1610107421875 0.218734741210938
0.135894775390625 -0.0809097290039063 -0.1055908203125 0.169174194335938
0.0630111694335938 -0.0158233642578125 -0.143753051757812 -0.0532989501953125
0.0854873657226562 -0.0111160278320312 -0.17401123046875 -0.211349487304688
0.097930908203125 0.0332260131835938 -0.08868408203125 -0.3560791015625
0.0921478271484375 0.157058715820313 0.122314453125 -0.47900390625
-0.0548934936523438 0.116950988769531 0.40380859375 -0.3731689453125
-0.188766479492188 -0.0108642578125 0.63201904296875 0.02923583984375
-0.0927886962890625 -0.160018920898438 0.3975830078125 0.1917724609375
0.00328063964843751 -0.211380004882813 0.144119262695313 -0.0402374267578125
-0.0558624267578125 -0.11676025390625 -0.109756469726563 -0.220962524414062
-0.112739562988281 0.00108337402343751 -0.3253173828125 -0.347381591796875
-0.0576705932617187 0.101005554199219 -0.50311279296875 -0.176055908203125
0.0448532104492187 0.0938720703125 -0.49224853515625 0.0510864257812501
0.0980682373046875 0.0227813720703125 -0.346527099609375 0.218414306640625
0.0997161865234375 -0.0465240478515625 -0.177627563476563 0.2681884765625
0.0668373107910156 -0.0680618286132813 -0.128753662109375 0.215545654296875
0.0553398132324219 -0.0656509399414063 -0.160797119140625 0.0830841064453125
0.0889892578125 -0.0624542236328125 -0.199020385742188 -0.1065673828125
0.107177734375 -0.0016326904296875 -0.118133544921875 -0.31488037109375
0.0539093017578125 0.0803680419921875 0.118377685546875 -0.473480224609375
-0.0306739807128906 0.0693168640136719 0.469940185546875 -0.35040283203125
-0.0813751220703125 -0.037628173828125 0.6884765625 0.12847900390625
-0.03887939453125 -0.101036071777344 0.363311767578125 0.313262939453125
0.0156326293945312 -0.129013061523438 0.0596237182617187 -0.112648010253906
0.00901412963867187 -0.0700187683105469 -0.193222045898438 -0.00151062011718747
-0.00685882568359375 -0.0886459350585938 -0.405609130859375 -0.31787109375
-0.0728912353515625 -0.0293045043945312 -0.64239501953125 -0.1119384765625
-0.0851669311523437 0.0272369384765625 -0.56793212890625 0.265869140625
-0.0589447021484375 0.0547904968261719 -0.220672607421875 0.4429931640625
-0.00304412841796875 0.0896224975585938 0.108795166015625 0.400360107421875
0.0421600341796875 0.0886611938476563 0.215179443359375 0.174728393554688
0.032623291015625 0.0711288452148438 0.157150268554688 -0.02337646484375
0.0422019958496094 0.0667304992675781 0.099822998046875 -0.164520263671875
0.041900634765625 0.0753326416015625 0.120407104492188 -0.24072265625
0.00894165039062501 0.080322265625 0.22406005859375 -0.315826416015625
-0.0158462524414063 0.0566024780273438 0.40655517578125 -0.22674560546875
-0.0530815124511719 0.0231361389160156 0.6280517578125 0.05950927734375
-0.0520706176757812 -0.017059326171875 0.553436279296875 0.32122802734375
-0.0232734680175781 -0.0347118377685547 0.232696533203125 0.359588623046875
0.0468902587890625 -0.216766357421875 -0.0571212768554688 0.00381088256835936
-0.0789947509765625 -0.187637329101563 -0.33575439453125 -0.471160888671875
-0.187606811523438 -0.0448150634765625 -0.6907958984375 -0.23785400390625
-0.15020751953125 0.0976715087890625 -0.6016845703125 0.2335205078125
-0.0176010131835938 0.130020141601563 -0.19091796875 0.41131591796875
0.0419769287109375 0.141143798828125 0.155242919921875 0.3048095703125
0.0966033935546875 0.043853759765625 0.22088623046875 0.0375823974609375
0.0792236328125 0.0743942260742188 0.145751953125 -0.166427612304688
0.0762939453125 0.0132598876953125 0.102264404296875 -0.290496826171875
0.0975799560546875 0.09649658203125 0.0838623046875 -0.271713256835938
0.0469207763671875 0.124771118164063 0.16351318359375 -0.3648681640625
-0.00982666015625001 0.128654479980469 0.36932373046875 -0.319671630859375
-0.120223999023437 0.07476806640625 0.65460205078125 -0.0294189453125
-0.15081787109375 -0.046356201171875 0.593994140625 0.2874755859375
-0.0924224853515625 -0.137992858886719 0.246826171875 0.397735595703125
0.053375244140625 -0.31085205078125 -0.1849365234375 -0.16070556640625
-0.07086181640625 -0.28948974609375 -0.367218017578125 -0.456573486328125
-0.205123901367188 -0.118820190429688 -0.619384765625 -0.23150634765625
-0.210693359375 0.070526123046875 -0.56048583984375 0.14202880859375
-0.100189208984375 0.15277099609375 -0.240997314453125 0.31866455078125
0.049896240234375 0.184616088867188 0.053070068359375 0.29901123046875
0.126022338867188 0.12420654296875 0.133827209472656 0.103950500488281
0.107864379882813 0.095458984375 0.0717926025390625 -0.068695068359375
0.131736755371094 0.081207275390625 0.00408935546875002 -0.20068359375
0.14080810546875 0.10955810546875 0.040679931640625 -0.29754638671875
0.0791168212890625 0.155975341796875 0.12176513671875 -0.400360107421875
0.00286865234374999 0.177749633789063 0.344573974609375 -0.361724853515625
-0.154861450195313 0.126373291015625 0.58697509765625 -0.01605224609375
-0.222824096679688 -0.0619659423828125 0.482574462890625 0.22100830078125
-0.140899658203125 -0.175155639648437 0.220428466796875 0.339691162109375
0.019073486328125 -0.35516357421875 -0.162307739257813 -0.256912231445313
-0.129638671875 -0.29461669921875 -0.361358642578125 -0.515167236328125
-0.240005493164062 -0.0816192626953125 -0.60540771484375 -0.25262451171875
-0.205322265625 0.113067626953125 -0.5264892578125 0.0987548828124999
0.024932861328125 0.233322143554688 -0.236663818359375 0.252975463867188
0.103668212890625 0.179031372070313 0.020965576171875 0.234298706054688
0.149642944335938 0.104934692382813 0.0740203857421875 0.0697555541992188
0.128578186035156 0.0783920288085937 0.0356979370117188 -0.104080200195312
0.162857055664063 0.063812255859375 0.000381469726562509 -0.234725952148438
0.176605224609375 0.105484008789063 0.00424194335937498 -0.315673828125
0.105743408203125 0.177597045898438 0.09149169921875 -0.427093505859375
-0.00410461425781249 0.208999633789063 0.33038330078125 -0.38006591796875
-0.199188232421875 0.154052734375 0.60943603515625 -0.0780029296875
-0.267807006835937 -0.0941009521484374 0.447021484375 0.202880859375
-0.15740966796875 -0.257415771484375 0.104888916015625 0.145095825195312
-0.069091796875 -0.36993408203125 -0.0294342041015625 -0.15325927734375
-0.298309326171875 -0.23175048828125 -0.268798828125 -0.476226806640625
-0.333709716796875 0.07989501953125 -0.5294189453125 -0.2901611328125
-0.12127685546875 0.28045654296875 -0.48284912109375 0.026580810546875
0.101043701171875 0.225830078125 -0.263534545898438 0.178924560546875
0.247879028320313 0.071868896484375 -0.041168212890625 0.18212890625
0.211563110351563 -0.050140380859375 0.0125656127929688 0.0665969848632813
0.163787841796875 -0.0503082275390625 -0.0231704711914062 -0.07183837890625
0.149383544921875 0.05914306640625 -0.095458984375 -0.209197998046875
0.182403564453125 0.0992279052734375 -0.049102783203125 -0.339569091796875
0.08380126953125 0.178146362304687 0.0728759765625 -0.454681396484375
-0.033477783203125 0.200607299804688 0.335693359375 -0.4068603515625
-0.227081298828125 0.0804595947265625 0.5987548828125 -0.0703125
-0.250106811523438 -0.154205322265625 0.463287353515625 0.202911376953125
-0.11358642578125 -0.30255126953125 0.161514282226563 0.166717529296875
-0.110595703125 -0.311553955078125 -0.162139892578125 -0.306915283203125
-0.297119140625 -0.12945556640625 -0.28125 -0.44818115234375
-0.25811767578125 0.148391723632813 -0.508056640625 -0.27764892578125
-0.0323944091796875 0.263381958007812 -0.482452392578125 -0.00369262695312501
0.145355224609375 0.167266845703125 -0.310333251953125 0.15728759765625
0.242767333984375 0.010650634765625 -0.116607666015625 0.194778442382813
0.1871337890625 -0.078033447265625 -0.0607376098632812 0.0838470458984375
0.14971923828125 -0.0657196044921875 -0.0844497680664062 -0.01263427734375
0.205459594726563 -0.0684967041015625 -0.113754272460937 -0.158233642578125
0.247665405273438 0.033294677734375 -0.07928466796875 -0.355621337890625
0.055389404296875 0.147369384765625 0.072113037109375 -0.45941162109375
-0.01287841796875 0.247467041015625 0.3458251953125 -0.375762939453125
-0.251327514648437 0.077239990234375 0.60748291015625 -0.02587890625
-0.242080688476562 -0.161529541015625 0.364776611328125 0.22265625
-0.086883544921875 -0.284271240234375 0.0129070281982422 -0.0270977020263672
-0.105804443359375 -0.220199584960938 -0.08514404296875 -0.224761962890625
-0.2274169921875 -0.0406036376953125 -0.3096923828125 -0.406280517578125
-0.151565551757813 0.157119750976562 -0.519012451171875 -0.2115478515625
0.00359344482421876 0.116416931152344 -0.467742919921875 0.11431884765625
0.0578880310058594 0.0467300415039063 -0.249923706054688 0.2069091796875
0.146194458007813 -0.001678466796875 -0.147918701171875 0.212081909179688
0.136573791503906 -0.0888824462890625 -0.10247802734375 0.179153442382813
0.0666160583496094 -0.012908935546875 -0.154495239257813 -0.0480499267578125
0.0887603759765625 -0.00916290283203125 -0.187957763671875 -0.21014404296875
0.101287841796875 0.0330657958984375 -0.104736328125 -0.3580322265625
0.1024169921875 0.159927368164063 0.113128662109375 -0.495391845703125
-0.0547103881835938 0.125076293945313 0.405242919921875 -0.391265869140625
-0.19677734375 -0.00611877441406254 0.65130615234375 0.0172119140625
-0.100677490234375 -0.162490844726563 0.414215087890625 0.18963623046875
-0.00152587890625001 -0.21832275390625 0.150772094726563 -0.0442962646484375
-0.0616912841796875 -0.121604919433594 -0.114959716796875 -0.2259521484375
-0.1146240234375 0.0042724609375 -0.341094970703125 -0.3543701171875
-0.0567855834960937 0.106246948242188 -0.5224609375 -0.1756591796875
0.04888916015625 0.0967483520507813 -0.508026123046875 0.0621337890625
0.103187561035156 0.0215530395507812 -0.352508544921875 0.23187255859375
0.102928161621094 -0.0526275634765625 -0.17578125 0.278549194335938
0.0669708251953125 -0.0728988647460938 -0.125961303710938 0.22821044921875
0.055328369140625 -0.0674629211425781 -0.1622314453125 0.095367431640625
0.0887527465820313 -0.0649948120117188 -0.20477294921875 -0.0998992919921875
0.111282348632812 -0.00704193115234375 -0.1285400390625 -0.31597900390625
0.0608444213867188 0.0818328857421875 0.106597900390625 -0.485992431640625
-0.0289230346679687 0.0742416381835938 0.47357177734375 -0.3675537109375
-0.0859375 -0.0364151000976563 0.7127685546875 0.11834716796875
-0.0428466796875 -0.10040283203125 0.383087158203125 0.320404052734375
0.0129470825195312 -0.129585266113281 0.0583648681640625 -0.113510131835938
0.00412750244140626 -0.0740127563476563 -0.202743530273438 0.0157470703125
-0.0120315551757813 -0.0956802368164063 -0.43585205078125 -0.306854248046875
-0.077239990234375 -0.0287704467773437 -0.66998291015625 -0.08843994140625
-0.0897445678710938 0.0345001220703125 -0.57769775390625 0.30084228515625
-0.0597801208496094 0.0637130737304688 -0.2027587890625 0.471405029296875
0.00370788574218749 0.09423828125 0.140380859375 0.407012939453125
0.0517120361328125 0.09136962890625 0.239944458007813 0.169845581054688
0.0414352416992188 0.0743255615234375 0.16729736328125 -0.02984619140625
0.0496101379394531 0.0685386657714844 0.09991455078125 -0.173171997070313
0.0501632690429688 0.074432373046875 0.114883422851563 -0.249969482421875
0.0177154541015625 0.0829315185546875 0.21295166015625 -0.33349609375
-0.0130157470703125 0.0610580444335938 0.40594482421875 -0.253265380859375
-0.0546379089355469 0.0284919738769531 0.65185546875 0.0225830078125
-0.0575332641601563 -0.0118446350097656 0.59405517578125 0.2969970703125
-0.0285263061523437 -0.0346622467041016 0.269378662109375 0.362396240234375
0.0348663330078125 -0.231842041015625 -0.0578536987304688 0.00950622558593747
-0.0904083251953125 -0.190719604492188 -0.3707275390625 -0.474609375
-0.196563720703125 -0.0366668701171875 -0.73101806640625 -0.21527099609375
-0.148529052734375 0.11334228515625 -0.6112060546875 0.27276611328125
-0.0104446411132813 0.136955261230469 -0.173248291015625 0.43218994140625
0.0560150146484375 0.144256591796875 0.1795654296875 0.29888916015625
0.102615356445313 0.040557861328125 0.228515625 0.0223846435546875
0.0919418334960938 0.078765869140625 0.136383056640625 -0.1802978515625
0.0795669555664063 0.011505126953125 0.089447021484375 -0.306182861328125
0.110649108886719 0.09576416015625 0.0748748779296875 -0.280258178710938
0.0585479736328125 0.130264282226563 0.145294189453125 -0.381500244140625
-0.00310516357421874 0.139602661132813 0.359466552734375 -0.34832763671875
-0.124015808105469 0.086883544921875 0.6734619140625 -0.07305908203125
-0.1663818359375 -0.037689208984375 0.63751220703125 0.26202392578125
-0.107208251953125 -0.138473510742188 0.289825439453125 0.4039306640625
0.0377197265625 -0.33282470703125 -0.205291748046875 -0.152359008789063
-0.0889892578125 -0.30157470703125 -0.404998779296875 -0.455047607421875
-0.221435546875 -0.119918823242188 -0.65277099609375 -0.2113037109375
-0.221328735351563 0.0865173339843751 -0.57525634765625 0.17333984375
-0.0992431640625 0.16943359375 -0.231658935546875 0.340972900390625
0.0650482177734375 0.192672729492188 0.0758056640625 0.302001953125
0.143142700195313 0.126327514648438 0.147003173828125 0.100311279296875
0.124046325683594 0.0977249145507812 0.0720138549804688 -0.0712890625
0.147750854492188 0.081268310546875 -0.0036163330078125 -0.20355224609375
0.15728759765625 0.106903076171875 0.026947021484375 -0.30572509765625
0.0943145751953125 0.162200927734375 0.0992431640625 -0.41607666015625
0.0120849609375 0.189804077148437 0.332733154296875 -0.391021728515625
-0.15899658203125 0.140884399414063 0.60540771484375 -0.0521240234375
-0.242080688476563 -0.051422119140625 0.513702392578125 0.203765869140625
-0.1588134765625 -0.174774169921875 0.2578125 0.345611572265625
0.00024414062500002 -0.377166748046875 -0.185409545898437 -0.25518798828125
-0.150543212890625 -0.30523681640625 -0.40264892578125 -0.515960693359375
-0.25640869140625 -0.07928466796875 -0.64141845703125 -0.231689453125
-0.214263916015625 0.130447387695313 -0.53924560546875 0.127960205078125
0.0542755126953125 0.240707397460938 -0.230804443359375 0.271697998046875
0.122039794921875 0.183563232421875 0.0380859375 0.234542846679687
0.166748046875 0.104232788085937 0.0805206298828125 0.0669403076171875
0.14508056640625 0.079620361328125 0.0254745483398438 -0.102691650390625
0.179031372070313 0.059356689453125 -0.0141448974609375 -0.238662719726563
0.192184448242188 0.103317260742188 -0.011505126953125 -0.324188232421875
0.12152099609375 0.1837158203125 0.067657470703125 -0.443939208984375
0.00509643554687501 0.223312377929688 0.317352294921875 -0.40869140625
-0.20062255859375 0.174407958984375 0.6240234375 -0.11614990234375
-0.289947509765625 -0.080230712890625 0.47943115234375 0.18634033203125
-0.180709838867188 -0.256622314453125 0.125137329101563 0.153274536132812
-0.0953369140625 -0.38348388671875 -0.034515380859375 -0.15557861328125
-0.32159423828125 -0.22216796875 -0.299468994140625 -0.481842041015625
-0.3431396484375 0.102752685546875 -0.56524658203125 -0.278564453125
-0.107940673828125 0.300445556640625 -0.500701904296875 0.0502014160156249
0.121292114257812 0.229095458984375 -0.263351440429687 0.196640014648438
0.262435913085938 0.0556640625 -0.0329437255859375 0.184249877929687
0.214675903320312 -0.0659942626953125 0.01641845703125 0.0682449340820313
0.167831420898438 -0.058624267578125 -0.0291709899902344 -0.0695457458496094
0.164962768554688 0.0579986572265625 -0.111297607421875 -0.207611083984375
0.200225830078125 0.093597412109375 -0.070465087890625 -0.34674072265625
0.097808837890625 0.186279296875 0.046905517578125 -0.473602294921875
-0.026763916015625 0.216201782226563 0.322784423828125 -0.4384765625
-0.237152099609375 0.096588134765625 0.619873046875 -0.11053466796875
-0.274749755859375 -0.145797729492188 0.492706298828125 0.185333251953125
-0.1370849609375 -0.30999755859375 0.184341430664063 0.167098999023437
-0.134735107421875 -0.319000244140625 -0.19036865234375 -0.316253662109375
-0.314666748046875 -0.115509033203125 -0.3114013671875 -0.454071044921875
-0.260284423828125 0.16998291015625 -0.542449951171875 -0.264862060546875
-0.0162811279296875 0.277130126953125 -0.501312255859375 0.01971435546875
0.162979125976563 0.1650390625 -0.313629150390625 0.178192138671875
0.253005981445313 -0.0074462890625 -0.1104736328125 0.204086303710937
0.18731689453125 -0.0934295654296875 -0.0596466064453125 0.08734130859375
0.152084350585938 -0.0740203857421875 -0.0876541137695312 -0.0043792724609375
0.207733154296875 -0.0836334228515625 -0.12457275390625 -0.154647827148438
0.256393432617188 0.0201416015625 -0.104583740234375 -0.359466552734375
0.0647735595703125 0.154129028320312 0.047393798828125 -0.485565185546875
0.00286865234375003 0.259445190429688 0.3353271484375 -0.40484619140625
-0.258087158203125 0.0966949462890625 0.62872314453125 -0.06158447265625
-0.261459350585938 -0.149993896484375 0.390777587890625 0.217041015625
-0.106231689453125 -0.287078857421875 0.0213699340820312 -0.0234050750732422
-0.12451171875 -0.225051879882812 -0.0971221923828125 -0.228607177734375
-0.237411499023437 -0.02880859375 -0.338836669921875 -0.41021728515625
-0.149337768554687 0.172683715820313 -0.56317138671875 -0.167724609375
0.00887298583984376 0.130958557128906 -0.4754638671875 0.139556884765625
0.06097412109375 0.0488853454589844 -0.24822998046875 0.219772338867188
0.149856567382813 -0.0100250244140625 -0.135513305664063 0.216705322265625
0.135604858398438 -0.1014404296875 -0.0944061279296875 0.1939697265625
0.0722885131835938 -0.0139007568359375 -0.167037963867188 -0.0371551513671875
0.0942230224609375 -0.01007080078125 -0.210250854492188 -0.204742431640625
0.105995178222656 0.0307159423828125 -0.12872314453125 -0.363037109375
0.119461059570313 0.159912109375 0.0863647460937501 -0.519134521484375
-0.0503158569335937 0.135719299316406 0.3963623046875 -0.425445556640625
-0.206329345703125 0.00659179687500002 0.6778564453125 -0.0172119140625
-0.115005493164062 -0.162734985351563 0.437042236328125 0.175506591796875
-0.01507568359375 -0.227523803710938 0.155242919921875 -0.05474853515625
-0.0733108520507813 -0.125595092773438 -0.127975463867187 -0.228408813476563
-0.117118835449219 0.00922393798828127 -0.37030029296875 -0.35302734375
-0.0533370971679688 0.113548278808594 -0.553863525390625 -0.157562255859375
0.057769775390625 0.0983810424804688 -0.52447509765625 0.088592529296875
0.111183166503906 0.0148086547851563 -0.35308837890625 0.259552001953125
0.104560852050781 -0.06304931640625 -0.16680908203125 0.29730224609375
0.0651092529296875 -0.07952880859375 -0.11468505859375 0.247299194335938
0.054931640625 -0.0711669921875 -0.159210205078125 0.11273193359375
0.0872039794921875 -0.0722427368164063 -0.21484375 -0.0879211425781251
0.114212036132813 -0.0156784057617188 -0.148895263671875 -0.31591796875
0.0711212158203125 0.0805206298828125 0.0807495117187501 -0.50421142578125
-0.0241775512695312 0.080047607421875 0.468048095703125 -0.40374755859375
-0.0921554565429688 -0.0320205688476563 0.74688720703125 0.08514404296875
-0.0489501953125 -0.0992889404296875 0.416717529296875 0.316986083984375
0.00543975830078124 -0.131973266601563 0.0533294677734375 -0.1158447265625
-0.003448486328125 -0.0736541748046875 -0.202224731445313 0.0409088134765625
-0.022491455078125 -0.0999603271484375 -0.46295166015625 -0.275054931640625
-0.0820541381835938 -0.0263442993164062 -0.686279296875 -0.0424804687500001
-0.0889739990234375 0.0428085327148438 -0.56243896484375 0.34710693359375
-0.0550537109375 0.0719146728515625 -0.166778564453125 0.493499755859375
0.0133590698242187 0.0942764282226563 0.181549072265625 0.399932861328125
0.0638046264648438 0.088165283203125 0.263427734375 0.151824951171875
0.0524978637695313 0.0724716186523438 0.173980712890625 -0.0420074462890625
0.0591506958007812 0.0658073425292969 0.09381103515625 -0.182083129882813
0.0590438842773438 0.0713119506835938 0.10040283203125 -0.257232666015625
0.0269393920898438 0.0831069946289063 0.19195556640625 -0.347564697265625
-0.00670623779296874 0.06494140625 0.3905029296875 -0.28472900390625
-0.0544624328613281 0.0358963012695313 0.6593017578125 -0.0316162109375
-0.0614166259765625 -0.00417327880859375 0.6287841796875 0.24957275390625
-0.0343570709228516 -0.0307388305664063 0.31085205078125 0.34747314453125
0.014007568359375 -0.243484497070313 -0.0557289123535156 0.0178794860839844
-0.104766845703125 -0.187530517578125 -0.4112548828125 -0.4554443359375
-0.2030029296875 -0.0222625732421875 -0.76385498046875 -0.1651611328125
-0.140838623046875 0.12823486328125 -0.598388671875 0.319091796875
0.000976562499999988 0.139961242675781 -0.138427734375 0.445648193359375
0.072601318359375 0.140609741210938 0.206222534179688 0.278793334960938
0.108123779296875 0.0330657958984375 0.229827880859375 0.000854492187500002
0.104606628417969 0.0746841430664063 0.119903564453125 -0.192611694335937
0.0816574096679688 0.00690460205078125 0.064697265625 -0.318695068359375
0.124168395996094 0.0882034301757813 0.057281494140625 -0.283660888671875
0.0728073120117188 0.129676818847656 0.115325927734375 -0.39202880859375
0.00941467285156251 0.145401000976563 0.330352783203125 -0.37835693359375
-0.122146606445313 0.1015625 0.675048828125 -0.13385009765625
-0.177871704101562 -0.0210723876953125 0.6741943359375 0.20965576171875
-0.123100280761719 -0.132652282714844 0.339691162109375 0.391510009765625
0.00869750976562502 -0.349395751953125 -0.2230224609375 -0.134368896484375
-0.118133544921875 -0.30682373046875 -0.444000244140625 -0.428466796875
-0.23760986328125 -0.1121826171875 -0.67681884765625 -0.16607666015625
-0.224517822265625 0.108245849609375 -0.5684814453125 0.21856689453125
-0.0899658203125 0.187759399414062 -0.20782470703125 0.36260986328125
0.0825958251953125 0.195053100585938 0.104583740234375 0.2969970703125
0.16192626953125 0.119415283203125 0.161285400390625 0.08795166015625
0.142532348632813 0.09405517578125 0.0697784423828125 -0.0756454467773438
0.16314697265625 0.0713653564453125 -0.018707275390625 -0.203048706054688
0.173690795898437 0.096893310546875 0.00537109374999999 -0.307708740234375
0.1131591796875 0.160919189453125 0.06396484375 -0.422882080078125
0.0299835205078125 0.198028564453125 0.299468994140625 -0.419158935546875
-0.155014038085938 0.159423828125 0.608154296875 -0.10321044921875
-0.255661010742188 -0.02874755859375 0.5352783203125 0.166259765625
-0.17950439453125 -0.167678833007812 0.30181884765625 0.332611083984375
-0.0328369140625 -0.389404296875 -0.212234497070312 -0.241592407226563
-0.1810302734375 -0.303863525390625 -0.44921875 -0.49078369140625
-0.272552490234375 -0.0677032470703125 -0.669189453125 -0.18682861328125
-0.213241577148438 0.15081787109375 -0.53680419921875 0.16925048828125
0.075164794921875 0.241119384765625 -0.211578369140625 0.289581298828125
0.144607543945313 0.177841186523438 0.0596466064453125 0.227294921875
0.185073852539063 0.0965118408203125 0.0871963500976563 0.059326171875
0.162384033203125 0.073638916015625 0.013336181640625 -0.0982589721679688
0.194259643554688 0.0446319580078125 -0.0384368896484375 -0.235382080078125
0.20843505859375 0.0912933349609375 -0.03460693359375 -0.32293701171875
0.140472412109375 0.181655883789063 0.0296630859375 -0.4500732421875
0.0211639404296875 0.232742309570312 0.284637451171875 -0.438873291015625
-0.1884765625 0.202178955078125 0.6173095703125 -0.167724609375
-0.307769775390625 -0.054473876953125 0.506866455078125 0.152191162109375
-0.206344604492187 -0.243682861328125 0.14654541015625 0.150360107421875
-0.131103515625 -0.383880615234375 -0.0419158935546875 -0.153274536132813
-0.334564208984375 -0.20648193359375 -0.33721923828125 -0.4703369140625
-0.341949462890625 0.13427734375 -0.5975341796875 -0.240966796875
-0.082275390625 0.316192626953125 -0.5040283203125 0.0866699218750001
0.144851684570312 0.222030639648437 -0.252227783203125 0.216110229492188
0.269943237304688 0.029632568359375 -0.02081298828125 0.1815185546875
0.211151123046875 -0.0861053466796875 0.0207099914550781 0.0669975280761719
0.167205810546875 -0.071502685546875 -0.0357284545898438 -0.0655174255371094
0.178955078125 0.049652099609375 -0.13018798828125 -0.198745727539063
0.214706420898438 0.0804595947265625 -0.1004638671875 -0.342498779296875
0.116119384765625 0.187332153320313 0.00650024414062499 -0.481048583984375
-0.011932373046875 0.226821899414063 0.288238525390625 -0.469146728515625
-0.2386474609375 0.118377685546875 0.61871337890625 -0.16278076171875
-0.296783447265625 -0.1246337890625 0.516845703125 0.147857666015625
-0.166595458984375 -0.306884765625 0.209060668945312 0.156723022460937
-0.166168212890625 -0.314727783203125 -0.223480224609375 -0.310821533203125
-0.329010009765625 -0.091400146484375 -0.346954345703125 -0.438995361328125
-0.251419067382813 0.194732666015625 -0.57415771484375 -0.2310791015625
0.00888061523437502 0.28509521484375 -0.5079345703125 0.05426025390625
0.181884765625 0.153030395507813 -0.305084228515625 0.201995849609375
0.254974365234375 -0.033416748046875 -0.0972747802734375 0.210586547851563
0.182083129882813 -0.111572265625 -0.0552597045898437 0.0912399291992188
0.150466918945313 -0.0861053466796875 -0.0873031616210937 0.00680541992187499
0.203048706054687 -0.102737426757812 -0.137557983398438 -0.145462036132813
0.25311279296875 0.007110595703125 -0.1361083984375 -0.352142333984375
0.077972412109375 0.155792236328125 0.00643920898437504 -0.497589111328125
0.0269012451171875 0.265274047851563 0.306060791015625 -0.432525634765625
-0.25531005859375 0.121322631835937 0.63214111328125 -0.11212158203125
-0.277435302734375 -0.126510620117187 0.41436767578125 0.191436767578125
-0.13006591796875 -0.279617309570312 0.0359573364257813 -0.0198783874511719
-0.149444580078125 -0.220703125 -0.1119384765625 -0.22503662109375
-0.242752075195313 -0.0095672607421875 -0.3719482421875 -0.392913818359375
-0.13800048828125 0.188430786132813 -0.5997314453125 -0.0986328125
0.0187301635742188 0.138420104980469 -0.469024658203125 0.175567626953125
0.064971923828125 0.048095703125 -0.234130859375 0.235565185546875
0.15032958984375 -0.022705078125 -0.117691040039062 0.221099853515625
0.128608703613281 -0.114959716796875 -0.0773773193359375 0.206146240234375
0.0771713256835938 -0.01593017578125 -0.176803588867188 -0.020751953125
0.0988006591796875 -0.0138473510742188 -0.233566284179687 -0.189498901367188
0.109893798828125 0.02606201171875 -0.16082763671875 -0.353668212890625
0.137496948242188 0.150299072265625 0.04412841796875 -0.53228759765625
-0.04058837890625 0.143447875976563 0.36566162109375 -0.46051025390625
-0.21014404296875 0.02423095703125 0.6854248046875 -0.06988525390625
-0.130950927734375 -0.15521240234375 0.45416259765625 0.14471435546875
-0.03680419921875 -0.23284912109375 0.1533203125 -0.06976318359375
-0.0870513916015625 -0.123153686523438 -0.145156860351563 -0.223434448242187
-0.119087219238281 0.0187454223632813 -0.40289306640625 -0.33245849609375
-0.0429306030273437 0.121185302734375 -0.57513427734375 -0.12060546875
0.069366455078125 0.0958404541015625 -0.527313232421875 0.127227783203125
0.115684509277344 0.00585174560546875 -0.338226318359375 0.292266845703125
0.0986328125 -0.0757827758789063 -0.14373779296875 0.314208984375
0.0573577880859375 -0.0888595581054688 -0.0924224853515625 0.263275146484375
0.0521621704101563 -0.073089599609375 -0.148788452148437 0.132064819335938
0.0833053588867188 -0.0817794799804688 -0.2208251953125 -0.06817626953125
0.113601684570313 -0.027374267578125 -0.171112060546875 -0.30389404296875
0.0826873779296875 0.0751266479492188 0.0399169921875 -0.511871337890625
-0.0159530639648438 0.08673095703125 0.442474365234375 -0.44134521484375
-0.0968246459960938 -0.024871826171875 0.762451171875 0.02679443359375
-0.0561447143554687 -0.0927658081054688 0.44866943359375 0.2945556640625
-0.00353240966796875 -0.132583618164063 0.0449676513671875 -0.118476867675781
-0.00941467285156249 -0.071868896484375 -0.201690673828125 0.0593414306640625
-0.0327529907226563 -0.0994338989257813 -0.47100830078125 -0.2340087890625
-0.08526611328125 -0.0238037109375 -0.67626953125 0.00415039062500004
-0.0865936279296875 0.04998779296875 -0.53045654296875 0.37811279296875
-0.0500259399414063 0.0788497924804688 -0.12652587890625 0.49658203125
0.0234832763671875 0.0918426513671875 0.21221923828125 0.377197265625
0.07440185546875 0.081085205078125 0.276840209960937 0.127517700195313
0.0620536804199219 0.06787109375 0.174346923828125 -0.0544891357421875
0.0662078857421875 0.0592613220214844 0.0835113525390625 -0.187240600585938
0.0658607482910156 0.0652427673339844 0.0847320556640625 -0.254608154296875
0.035888671875 0.0793228149414063 0.163665771484375 -0.34735107421875
-0.000576019287109378 0.0661544799804688 0.357666015625 -0.30523681640625
-0.0503692626953125 0.0419197082519531 0.6395263671875 -0.0836181640625
-0.06195068359375 0.00351715087890624 0.63787841796875 0.1937255859375
-0.0369338989257813 -0.0265541076660156 0.340728759765625 0.319244384765625
-0.00907897949218749 -0.242919921875 -0.05035400390625 0.023590087890625
-0.115524291992187 -0.18353271484375 -0.435272216796875 -0.4205322265625
-0.202316284179688 -0.00788879394531249 -0.76507568359375 -0.1094970703125
-0.12701416015625 0.1376953125 -0.56640625 0.35321044921875
0.0128631591796875 0.136978149414063 -0.100555419921875 0.443756103515625
0.0833587646484375 0.133369445800781 0.220230102539063 0.248397827148437
0.109992980957031 0.0252838134765625 0.222549438476563 -0.019927978515625
0.114799499511719 0.0669021606445313 0.0993194580078125 -0.197006225585938
0.0812530517578125 0.00193023681640625 0.03643798828125 -0.31951904296875
0.132713317871094 0.0780868530273438 0.03741455078125 -0.278518676757813
0.0869827270507813 0.124366760253906 0.0811767578125 -0.385223388671875
0.020843505859375 0.147933959960938 0.291107177734375 -0.392578125
-0.11529541015625 0.11376953125 0.64752197265625 -0.1866455078125
-0.182022094726563 -0.00413513183593752 0.68170166015625 0.14788818359375
-0.135665893554688 -0.121208190917969 0.376739501953125 0.362274169921875
-0.022369384765625 -0.34814453125 -0.23260498046875 -0.10833740234375
-0.14111328125 -0.297027587890625 -0.465179443359375 -0.384124755859375
-0.250137329101563 -0.0971832275390625 -0.6776123046875 -0.1165771484375
-0.217926025390625 0.123748779296875 -0.545928955078125 0.25238037109375
-0.0776519775390625 0.196701049804687 -0.17584228515625 0.367340087890625
0.101608276367187 0.188873291015625 0.12841796875 0.27667236328125
0.176666259765625 0.10736083984375 0.166549682617188 0.0735931396484375
0.15618896484375 0.0819244384765625 0.0649261474609375 -0.0776748657226563
0.173934936523438 0.0599822998046875 -0.0289459228515625 -0.19525146484375
0.183944702148438 0.08447265625 -0.016387939453125 -0.298065185546875
0.128082275390625 0.153289794921875 0.029815673828125 -0.41461181640625
0.0466461181640625 0.198928833007813 0.25830078125 -0.4327392578125
-0.144622802734375 0.169906616210937 0.588623046875 -0.1490478515625
-0.260162353515625 -0.00576782226562502 0.544281005859375 0.1214599609375
-0.193984985351562 -0.159576416015625 0.335906982421875 0.30731201171875
-0.06756591796875 -0.386566162109375 -0.231903076171875 -0.21807861328125
-0.2052001953125 -0.29180908203125 -0.479583740234375 -0.44879150390625
-0.280502319335938 -0.0527191162109375 -0.66937255859375 -0.13299560546875
-0.203994750976563 0.167816162109375 -0.51446533203125 0.20306396484375
0.09649658203125 0.22845458984375 -0.18511962890625 0.29632568359375
0.161956787109375 0.164443969726563 0.075531005859375 0.211502075195313
0.197402954101562 0.0816650390625 0.0907135009765625 0.0522079467773438
0.175125122070312 0.0618743896484375 0.00459289550781251 -0.093719482421875
0.2025146484375 0.0290069580078125 -0.0610198974609375 -0.219696044921875
0.217071533203125 0.0751800537109375 -0.0537719726562499 -0.31341552734375
0.156219482421875 0.172943115234375 -0.00866699218749997 -0.440521240234375
0.0389404296875 0.2337646484375 0.242523193359375 -0.451080322265625
-0.167953491210938 0.218109130859375 0.5902099609375 -0.20916748046875
-0.3104248046875 -0.02337646484375 0.511871337890625 0.1126708984375
-0.22430419921875 -0.219802856445313 0.153762817382813 0.139205932617188
-0.163055419921875 -0.367889404296875 -0.04681396484375 -0.1488037109375
-0.354736328125 -0.16851806640625 -0.36431884765625 -0.438385009765625
-0.32733154296875 0.159759521484375 -0.60711669921875 -0.19464111328125
-0.0528564453125 0.318817138671875 -0.489410400390625 0.116546630859375
0.162460327148438 0.205581665039063 -0.233367919921875 0.226470947265625
0.266159057617188 0.002685546875 -0.0102996826171875 0.174072265625
0.200729370117188 -0.103103637695313 0.0249404907226563 0.0645484924316406
0.161331176757813 -0.0830078125 -0.0410079956054687 -0.0587997436523438
0.188568115234375 0.03802490234375 -0.143905639648438 -0.182830810546875
0.224029541015625 0.0617218017578125 -0.126678466796875 -0.325286865234375
0.130661010742188 0.180801391601563 -0.03497314453125 -0.469451904296875
0.00373840332031248 0.229873657226563 0.244537353515625 -0.48211669921875
-0.2315673828125 0.136505126953125 0.59344482421875 -0.20562744140625
-0.30731201171875 -0.0997314453125 0.519683837890625 0.107147216796875
-0.189971923828125 -0.29217529296875 0.22491455078125 0.137420654296875
-0.19305419921875 -0.2972412109375 -0.252349853515625 -0.29827880859375
-0.3319091796875 -0.0635986328125 -0.371673583984375 -0.410491943359375
-0.2333984375 0.212661743164063 -0.58221435546875 -0.185302734375
0.0343170166015625 0.280502319335938 -0.4976806640625 0.08868408203125
0.193435668945313 0.134750366210938 -0.28765869140625 0.21978759765625
0.245697021484375 -0.0586090087890625 -0.0823211669921875 0.210464477539063
0.16864013671875 -0.125625610351563 -0.0490341186523437 0.0927581787109375
0.144134521484375 -0.093231201171875 -0.0843658447265625 0.0159912109375
0.190963745117188 -0.1181640625 -0.144851684570313 -0.132431030273438
0.242446899414063 -0.0034332275390625 -0.160888671875 -0.330322265625
0.087921142578125 0.15264892578125 -0.0328063964843749 -0.48773193359375
0.0489654541015625 0.259307861328125 0.267852783203125 -0.444793701171875
-0.242721557617188 0.140167236328125 0.6119384765625 -0.15472412109375
-0.28192138671875 -0.100128173828125 0.425537109375 0.16278076171875
-0.147308349609375 -0.26287841796875 0.0578117370605469 -0.0191001892089844
-0.167861938476562 -0.205673217773438 -0.1226806640625 -0.214889526367187
-0.24078369140625 0.00816345214843752 -0.392608642578125 -0.362213134765625
-0.121963500976563 0.196578979492188 -0.60479736328125 -0.0354614257812499
0.033935546875 0.145004272460938 -0.4442138671875 0.202301025390625
0.0666427612304688 0.0469169616699219 -0.2137451171875 0.24249267578125
0.143951416015625 -0.0348968505859375 -0.100906372070312 0.219558715820313
0.116622924804688 -0.125167846679688 -0.055877685546875 0.209640502929688
0.0808563232421875 -0.0205154418945312 -0.17822265625 -0.0041656494140625
0.0997848510742188 -0.0187225341796875 -0.249038696289063 -0.168563842773438
0.110466003417969 0.0198287963867188 -0.1873779296875 -0.336151123046875
0.151016235351563 0.13519287109375 0.00033569335937498 -0.526092529296875
-0.028472900390625 0.146408081054687 0.3212890625 -0.475799560546875
-0.205337524414062 0.0409088134765625 0.66986083984375 -0.11810302734375
-0.140350341796875 -0.14312744140625 0.454925537109375 0.108184814453125
-0.0553436279296875 -0.225677490234375 0.148818969726563 -0.080718994140625
-0.101020812988281 -0.113845825195312 -0.155609130859375 -0.212692260742188
-0.115257263183594 0.0264053344726562 -0.418426513671875 -0.302337646484375
-0.0345916748046875 0.121299743652344 -0.5770263671875 -0.0758056640624999
0.0773086547851563 0.0894546508789063 -0.511444091796875 0.163604736328125
0.114898681640625 -0.00522613525390625 -0.31146240234375 0.30950927734375
0.0893096923828125 -0.0858688354492188 -0.119171142578125 0.31597900390625
0.0514068603515625 -0.0924911499023438 -0.0674285888671875 0.266204833984375
0.0471725463867188 -0.0782546997070313 -0.1304931640625 0.144882202148437
0.0753402709960938 -0.08544921875 -0.219741821289063 -0.04937744140625
0.108436584472656 -0.0372314453125 -0.189727783203125 -0.280654907226562
0.0870895385742188 0.0660247802734375 -0.00177001953125003 -0.50042724609375
-0.0074920654296875 0.0875091552734375 0.3984375 -0.4652099609375
-0.0979080200195313 -0.0155563354492188 0.75408935546875 -0.03082275390625
-0.062255859375 -0.0855789184570313 0.46636962890625 0.2603759765625
-0.0123367309570313 -0.127311706542969 0.0357894897460937 -0.113967895507813
-0.0122222900390625 -0.0681953430175781 -0.203399658203125 0.0712890625
-0.0410232543945312 -0.0968399047851563 -0.462310791015625 -0.203643798828125
-0.0876312255859375 -0.0222930908203125 -0.65179443359375 0.03338623046875
-0.083282470703125 0.05419921875 -0.497161865234375 0.3887939453125
-0.044158935546875 0.08123779296875 -0.0975341796875 0.486328125
0.029754638671875 0.086456298828125 0.230377197265625 0.350860595703125
0.0799179077148438 0.0740890502929688 0.2821044921875 0.10687255859375
0.0681419372558594 0.0616226196289063 0.173171997070312 -0.0627899169921875
0.0704345703125 0.0532684326171875 0.07720947265625 -0.186737060546875
0.069427490234375 0.0587425231933594 0.0734405517578125 -0.246627807617187
0.041778564453125 0.073883056640625 0.141937255859375 -0.34027099609375
0.00467681884765625 0.06549072265625 0.328765869140625 -0.309326171875
-0.0459098815917969 0.0457687377929688 0.61053466796875 -0.1156005859375
-0.0611305236816406 0.0100250244140625 0.629638671875 0.15130615234375
-0.0380516052246094 -0.0226974487304688 0.3543701171875 0.2919921875
-0.0247650146484375 -0.236846923828125 -0.0441017150878906 0.0264930725097656
-0.11968994140625 -0.180908203125 -0.441375732421875 -0.39013671875
-0.19891357421875 0.00141906738281253 -0.7525634765625 -0.0703125
-0.11444091796875 0.140449523925781 -0.53094482421875 0.364990234375
0.0199127197265625 0.130706787109375 -0.074554443359375 0.426727294921875
0.0893630981445312 0.124931335449219 0.2220458984375 0.219970703125
0.109413146972656 0.0182647705078125 0.21136474609375 -0.0326080322265625
0.122146606445312 0.058319091796875 0.083648681640625 -0.194366455078125
0.07904052734375 -0.00186920166015625 0.016082763671875 -0.313507080078125
0.137725830078125 0.0684814453125 0.026702880859375 -0.26763916015625
0.0943603515625 0.117454528808594 0.058807373046875 -0.369598388671875
0.0305633544921875 0.145477294921875 0.2569580078125 -0.391510009765625
-0.108184814453125 0.121139526367188 0.6123046875 -0.21795654296875
-0.180572509765625 0.00857543945312498 0.6734619140625 0.1031494140625
-0.1419677734375 -0.1123046875 0.39837646484375 0.331512451171875
-0.0428466796875 -0.342437744140625 -0.233963012695312 -0.0889587402343751
-0.1578369140625 -0.28472900390625 -0.46881103515625 -0.348052978515625
-0.255218505859375 -0.0892486572265626 -0.65838623046875 -0.0819091796875
-0.209793090820312 0.132888793945313 -0.515899658203125 0.268768310546875
-0.0685577392578125 0.201385498046875 -0.153228759765625 0.359466552734375
0.112197875976562 0.179092407226563 0.138900756835938 0.255401611328125
0.184661865234375 0.0946044921875 0.168472290039063 0.062408447265625
0.165939331054688 0.0715789794921875 0.0637359619140625 -0.0766754150390625
0.17938232421875 0.050689697265625 -0.03515625 -0.185028076171875
0.189071655273438 0.0737762451171875 -0.02471923828125 -0.28509521484375
0.137786865234375 0.145034790039063 0.00485229492187501 -0.39630126953125
0.0575103759765625 0.194854736328125 0.222259521484375 -0.427276611328125
-0.135299682617187 0.175857543945313 0.5599365234375 -0.1722412109375
-0.257949829101563 0.0092620849609375 0.534515380859375 0.089996337890625
-0.204788208007812 -0.156036376953125 0.352294921875 0.282196044921875
-0.0904541015625 -0.376068115234375 -0.238861083984375 -0.19781494140625
-0.218597412109375 -0.277328491210938 -0.4862060546875 -0.409576416015625
-0.2843017578125 -0.0437011718750001 -0.6524658203125 -0.0965576171875
-0.195236206054687 0.175369262695313 -0.4874267578125 0.2177734375
0.091064453125 0.22406005859375 -0.1661376953125 0.291290283203125
0.176467895507813 0.14544677734375 0.082000732421875 0.194137573242188
0.203292846679688 0.069091796875 0.0924453735351563 0.0447921752929688
0.183120727539063 0.0509490966796875 0.00138092041015627 -0.0918655395507813
0.205245971679688 0.0135040283203125 -0.0737152099609375 -0.205642700195313
0.220870971679688 0.06390380859375 -0.061370849609375 -0.298736572265625
0.165924072265625 0.16229248046875 -0.0313720703125 -0.420440673828125
0.050872802734375 0.230056762695313 0.207489013671875 -0.445770263671875
-0.167495727539063 0.211654663085938 0.5572509765625 -0.230865478515625
-0.3082275390625 -0.00860595703125005 0.501190185546875 0.084564208984375
-0.23040771484375 -0.201553344726563 0.131965637207031 0.123313903808594
-0.176727294921875 -0.3497314453125 -0.0471343994140625 -0.142822265625
-0.354095458984375 -0.14276123046875 -0.369903564453125 -0.411956787109375
-0.311981201171875 0.173492431640625 -0.5985107421875 -0.15997314453125
-0.031524658203125 0.310943603515625 -0.470794677734375 0.1334228515625
0.1700439453125 0.188232421875 -0.215911865234375 0.227310180664062
0.254608154296875 -0.0170745849609375 -0.00637817382812499 0.163818359375
0.187759399414063 -0.112884521484375 0.0283355712890625 0.0614204406738281
0.155517578125 -0.0894775390625 -0.0412712097167969 -0.0524024963378906
0.193862915039063 0.029693603515625 -0.149734497070313 -0.167678833007812
0.227249145507813 0.048187255859375 -0.1395263671875 -0.30609130859375
0.13861083984375 0.1744384765625 -0.059326171875 -0.44940185546875
0.0140838623046875 0.228607177734375 0.2100830078125 -0.47772216796875
-0.223129272460938 0.1468505859375 0.5626220703125 -0.2275390625
-0.30853271484375 -0.08026123046875 0.51043701171875 0.07781982421875
-0.202865600585937 -0.276382446289063 0.233978271484375 0.12066650390625
-0.207061767578125 -0.276870727539062 -0.253189086914062 -0.267898559570313
-0.32672119140625 -0.0426025390625 -0.37554931640625 -0.381805419921875
-0.217254638671875 0.22076416015625 -0.57574462890625 -0.152099609375
0.0509796142578125 0.269119262695313 -0.4796142578125 0.105804443359375
0.196502685546875 0.117752075195313 -0.268997192382813 0.224197387695313
0.231552124023438 -0.0745849609375 -0.073516845703125 0.204971313476563
0.155685424804688 -0.134246826171875 -0.0430145263671875 0.0923995971679687
0.139381408691406 -0.095550537109375 -0.0772857666015625 0.0218505859375
0.1781005859375 -0.12518310546875 -0.146881103515625 -0.120437622070313
0.233261108398438 -0.01434326171875 -0.1710205078125 -0.305084228515625
0.09326171875 0.14910888671875 -0.05938720703125 -0.468780517578125
0.06268310546875 0.249114990234375 0.236602783203125 -0.439178466796875
-0.228759765625 0.1505126953125 0.58502197265625 -0.180908203125
-0.277496337890625 -0.081298828125 0.42059326171875 0.141204833984375
-0.154983520507813 -0.245330810546875 0.06640625 -0.0191116333007813
-0.178192138671875 -0.189590454101563 -0.124923706054688 -0.20556640625
-0.234222412109375 0.0220947265625 -0.39605712890625 -0.33514404296875
-0.108688354492188 0.199462890625 -0.58258056640625 -0.00537109375000008
0.028656005859375 0.123764038085938 -0.418426513671875 0.214599609375
0.066436767578125 0.0459938049316406 -0.196273803710937 0.238845825195313
0.135025024414062 -0.0406646728515625 -0.088287353515625 0.210433959960937
0.105888366699219 -0.129966735839844 -0.0391082763671875 0.206161499023437
0.0833663940429688 -0.0236053466796875 -0.175338745117187 0.00927734375000002
0.0998992919921875 -0.0203781127929688 -0.256149291992188 -0.150863647460938
0.109664916992188 0.0168914794921875 -0.19927978515625 -0.31884765625
0.15576171875 0.120254516601563 -0.029693603515625 -0.51007080078125
-0.0191497802734375 0.1446533203125 0.285491943359375 -0.473052978515625
-0.197219848632813 0.0513153076171875 0.64752197265625 -0.14581298828125
-0.143417358398438 -0.132034301757813 0.44329833984375 0.084442138671875
-0.0647735595703125 -0.21661376953125 0.147293090820313 -0.08685302734375
-0.107673645019531 -0.104682922363281 -0.158050537109375 -0.201461791992188
-0.111564636230469 0.0311813354492188 -0.416534423828125 -0.27618408203125
-0.0273971557617188 0.120262145996094 -0.562744140625 -0.0453491210937499
0.0808486938476563 0.0815582275390625 -0.490814208984375 0.182769775390625
0.111862182617188 -0.0139541625976563 -0.287689208984375 0.31561279296875
0.0794296264648438 -0.0893707275390625 -0.10101318359375 0.314208984375
0.0446319580078125 -0.094451904296875 -0.0465850830078125 0.26190185546875
0.044921875 -0.0788955688476563 -0.112258911132813 0.1488037109375
0.0685348510742187 -0.0860671997070313 -0.212921142578125 -0.034515380859375
0.102020263671875 -0.0413894653320312 -0.195419311523438 -0.260299682617188
0.090576171875 0.0566329956054687 -0.02532958984375 -0.480438232421875
-0.00121307373046874 0.0851364135742188 0.362396240234375 -0.465087890625
-0.0952377319335938 -0.00951385498046873 0.727294921875 -0.06524658203125
-0.0622100830078125 -0.080108642578125 0.466094970703125 0.235076904296875
-0.0163955688476562 -0.11968994140625 0.0301742553710937 -0.108680725097656
-0.0133171081542969 -0.0660629272460938 -0.189590454101563 0.0847015380859375
-0.0462722778320313 -0.0950469970703125 -0.4503173828125 -0.186065673828125
-0.0913314819335938 -0.021331787109375 -0.6336669921875 0.0413208007812501
-0.0820846557617188 0.05584716796875 -0.48175048828125 0.389312744140625
-0.0418319702148437 0.083831787109375 -0.083526611328125 0.476318359375
0.031646728515625 0.083282470703125 0.239227294921875 0.333099365234375
0.0851364135742188 0.0685577392578125 0.286956787109375 0.09393310546875
0.0732345581054688 0.0565719604492188 0.1761474609375 -0.068023681640625
0.0734100341796875 0.0496597290039063 0.076568603515625 -0.186477661132813
0.0721588134765625 0.0539093017578125 0.0727081298828125 -0.238861083984375
0.0452919006347656 0.0698471069335938 0.131622314453125 -0.330078125
0.0081024169921875 0.0642166137695313 0.310546875 -0.306640625
-0.0429267883300781 0.0478897094726562 0.58990478515625 -0.13018798828125
-0.0599403381347656 0.013671875 0.61895751953125 0.1290283203125
-0.0395660400390625 -0.0207443237304688 0.361846923828125 0.275970458984375
-0.0341796875 -0.232803344726562 -0.0369186401367188 0.0271453857421875
-0.122772216796875 -0.177520751953125 -0.44012451171875 -0.375152587890625
-0.19610595703125 0.00656127929687497 -0.73895263671875 -0.0526123046874999
-0.105728149414062 0.140144348144531 -0.513031005859375 0.36614990234375
0.0225982666015625 0.126213073730469 -0.064971923828125 0.412567138671875
0.0917587280273438 0.116004943847656 0.217880249023438 0.202499389648438
0.10882568359375 0.013641357421875 0.203582763671875 -0.038848876953125
0.127548217773438 0.051849365234375 0.0740966796875 -0.192474365234375
0.0779037475585937 -0.0025177001953125 0.0047607421875 -0.30841064453125
0.141357421875 0.063751220703125 0.0255584716796875 -0.25830078125
0.09942626953125 0.113616943359375 0.048553466796875 -0.35546875
0.0362396240234375 0.145492553710938 0.23577880859375 -0.384368896484375
-0.104118347167969 0.126014709472656 0.589111328125 -0.23065185546875
-0.181427001953125 0.016387939453125 0.666015625 0.0775146484375
-0.146774291992187 -0.107345581054688 0.412506103515625 0.315216064453125
-0.05535888671875 -0.337982177734375 -0.233840942382812 -0.075836181640625
-0.166122436523438 -0.2794189453125 -0.462310791015625 -0.32843017578125
-0.261764526367187 -0.085357666015625 -0.64276123046875 -0.0660400390625001
-0.208511352539062 0.137161254882813 -0.49981689453125 0.272705078125
-0.064544677734375 0.206680297851563 -0.143402099609375 0.353240966796875
0.117019653320312 0.175765991210937 0.142974853515625 0.239349365234375
0.192367553710938 0.087066650390625 0.171356201171875 0.05401611328125
0.175140380859375 0.064208984375 0.0656356811523438 -0.0763168334960938
0.186447143554688 0.0450286865234375 -0.0361328125 -0.178115844726562
0.194854736328125 0.068603515625 -0.025421142578125 -0.275680541992188
0.145156860351562 0.140945434570312 -0.00439453125000002 -0.382354736328125
0.0630340576171875 0.194839477539063 0.20220947265625 -0.419525146484375
-0.13189697265625 0.179183959960937 0.542236328125 -0.18597412109375
-0.258987426757813 0.0181884765625 0.52880859375 0.075347900390625
-0.209945678710937 -0.152557373046875 0.365753173828125 0.26715087890625
-0.103851318359375 -0.370025634765625 -0.242172241210938 -0.184478759765625
-0.226943969726562 -0.27032470703125 -0.4835205078125 -0.386962890625
-0.29046630859375 -0.03936767578125 -0.63763427734375 -0.0802001953125
-0.194732666015625 0.179641723632813 -0.472625732421875 0.222015380859375
0.0778961181640625 0.2237548828125 -0.1563720703125 0.28448486328125
0.189849853515625 0.12408447265625 0.0828704833984375 0.181854248046875
0.21014404296875 0.0617828369140625 0.0937347412109375 0.039031982421875
0.191436767578125 0.042938232421875 -0.000236511230468746 -0.0849227905273438
0.20928955078125 0.0004425048828125 -0.075531005859375 -0.203842163085938
0.225021362304688 0.0588226318359375 -0.060516357421875 -0.29107666015625
0.172073364257812 0.15826416015625 -0.042510986328125 -0.40594482421875
0.0566253662109375 0.230224609375 0.189483642578125 -0.43792724609375
-0.171524047851563 0.207000732421875 0.538177490234375 -0.23907470703125
-0.308624267578125 -0.000823974609374992 0.49603271484375 0.0699462890625
-0.235137939453125 -0.195968627929687 0.0753173828125 0.120208740234375
-0.180450439453125 -0.338836669921875 -0.04400634765625 -0.140525817871094
-0.351806640625 -0.128997802734375 -0.368682861328125 -0.39837646484375
-0.303558349609375 0.1810302734375 -0.587890625 -0.14532470703125
-0.02032470703125 0.304229736328125 -0.459228515625 0.136810302734375
0.172637939453125 0.17791748046875 -0.209686279296875 0.2239990234375
0.244583129882813 -0.0279388427734375 -0.0084991455078125 0.1563720703125
0.179473876953125 -0.118743896484375 0.0304031372070313 0.0585365295410156
0.153060913085938 -0.09417724609375 -0.0392951965332031 -0.0487403869628906
0.20068359375 0.0254974365234375 -0.152877807617188 -0.157882690429687
0.230026245117188 0.0406341552734375 -0.1448974609375 -0.29351806640625
0.143264770507813 0.173324584960938 -0.072113037109375 -0.436004638671875
0.0179595947265625 0.22955322265625 0.190338134765625 -0.469970703125
-0.2203369140625 0.152389526367188 0.54180908203125 -0.233917236328125
-0.310760498046875 -0.071014404296875 0.501556396484375 0.063140869140625
-0.210922241210937 -0.270278930664063 0.2398681640625 0.10980224609375
-0.212692260742187 -0.263442993164063 -0.249420166015625 -0.250823974609375
-0.321441650390625 -0.03094482421875 -0.373992919921875 -0.369232177734375
-0.208969116210937 0.22607421875 -0.5645751953125 -0.13665771484375
0.0595703125 0.261032104492188 -0.47052001953125 0.11224365234375
0.196975708007813 0.107711791992187 -0.260513305664062 0.225051879882813
0.219940185546875 -0.0836639404296875 -0.071197509765625 0.199874877929687
0.147811889648438 -0.138763427734375 -0.0401840209960937 0.0894393920898437
0.137054443359375 -0.100120544433594 -0.0716094970703125 0.0246353149414063
0.170379638671875 -0.128387451171875 -0.146881103515625 -0.113555908203125
0.225540161132812 -0.0144500732421875 -0.16912841796875 -0.285400390625
0.09600830078125 0.148941040039063 -0.071929931640625 -0.45611572265625
0.0678863525390625 0.242691040039063 0.222442626953125 -0.43231201171875
-0.221054077148437 0.153717041015625 0.5679931640625 -0.19024658203125
-0.272705078125 -0.070770263671875 0.41656494140625 0.131195068359375
-0.156951904296875 -0.236236572265625 0.0607795715332031 -0.017913818359375
-0.182846069335938 -0.178787231445313 -0.1236572265625 -0.201507568359375
-0.230300903320313 0.030120849609375 -0.393310546875 -0.323486328125
-0.102218627929688 0.200927734375 -0.558990478515625 -0.0217285156250001
0.0268173217773438 0.118644714355469 -0.405059814453125 0.214263916015625
0.0677680969238281 0.04931640625 -0.189010620117187 0.232315063476563
0.127937316894531 -0.0413055419921875 -0.085540771484375 0.203521728515625
0.0984344482421875 -0.132560729980469 -0.0288238525390625 0.201690673828125
0.0870361328125 -0.0261306762695312 -0.174346923828125 0.0166168212890625
0.102668762207031 -0.0212020874023438 -0.260391235351563 -0.137374877929688
0.111251831054688 0.0166397094726563 -0.20513916015625 -0.3057861328125
0.158447265625 0.1099853515625 -0.042938232421875 -0.49713134765625
-0.0144195556640625 0.144775390625 0.266876220703125 -0.465850830078125
-0.191726684570312 0.0560455322265625 0.634521484375 -0.15765380859375
-0.144638061523438 -0.12738037109375 0.4339599609375 0.07427978515625
-0.068634033203125 -0.21063232421875 0.14483642578125 -0.09112548828125
-0.110733032226563 -0.09759521484375 -0.15576171875 -0.1976318359375
-0.110076904296875 0.03436279296875 -0.4134521484375 -0.26544189453125
-0.0242233276367188 0.11981201171875 -0.55218505859375 -0.0321655273437499
0.0830917358398438 0.0761489868164063 -0.4813232421875 0.18817138671875
0.109413146972656 -0.0178756713867188 -0.27667236328125 0.31573486328125
0.071380615234375 -0.0914077758789063 -0.092193603515625 0.308502197265625
0.040740966796875 -0.0966949462890625 -0.0337066650390625 0.256973266601563
0.0439453125 -0.0812454223632813 -0.100433349609375 0.149642944335938
0.0660934448242187 -0.0868988037109375 -0.208343505859375 -0.0258941650390625
0.0978622436523438 -0.0438461303710938 -0.194869995117187 -0.2471923828125
0.091064453125 0.0508651733398437 -0.0360107421875 -0.46563720703125
0.00276947021484375 0.083099365234375 0.344024658203125 -0.460540771484375
-0.0937118530273438 -0.00717163085937501 0.7099609375 -0.077880859375
-0.0609054565429688 -0.0760498046875 0.462982177734375 0.223602294921875
-0.0177764892578125 -0.115196228027344 0.02789306640625 -0.103828430175781
-0.0131912231445312 -0.0656547546386719 -0.1646728515625 0.0976715087890625
-0.052032470703125 -0.0956192016601562 -0.447906494140625 -0.177886962890625
-0.0968246459960938 -0.02099609375 -0.6329345703125 0.0457153320312501
-0.0846023559570312 0.0591583251953125 -0.480865478515625 0.39593505859375
-0.0402145385742187 0.0881576538085937 -0.07720947265625 0.47979736328125
0.0328750610351563 0.0823211669921875 0.249847412109375 0.326507568359375
0.0905838012695313 0.06414794921875 0.29718017578125 0.082977294921875
0.0785293579101562 0.0524673461914062 0.184066772460938 -0.07562255859375
0.0776748657226563 0.046661376953125 0.0782012939453125 -0.190826416015625
0.07568359375 0.0518722534179687 0.0760040283203125 -0.23773193359375
0.0488624572753906 0.0673866271972656 0.130859375 -0.328460693359375
0.0113677978515625 0.064117431640625 0.305755615234375 -0.3067626953125
-0.0410842895507813 0.0510902404785156 0.58624267578125 -0.141845703125
-0.0603561401367187 0.0173149108886719 0.6226806640625 0.1141357421875
-0.0420570373535156 -0.0188217163085938 0.3768310546875 0.27227783203125
-0.0417022705078125 -0.234161376953125 -0.0317058563232422 0.0275554656982422
-0.127487182617188 -0.176300048828125 -0.444244384765625 -0.373321533203125
-0.19830322265625 0.01129150390625 -0.7398681640625 -0.0447387695312499
-0.0981903076171875 0.142562866210938 -0.510223388671875 0.371246337890625
0.0243377685546875 0.125335693359375 -0.061309814453125 0.408935546875
0.094879150390625 0.112274169921875 0.21624755859375 0.192352294921875
0.110816955566406 0.01007080078125 0.201507568359375 -0.045684814453125
0.136528015136719 0.0462265014648438 0.06964111328125 -0.193771362304688
0.0799713134765625 -0.00333404541015625 -0.00540161132812497 -0.310394287109375
0.149032592773438 0.061065673828125 0.0273590087890625 -0.256851196289063
0.106208801269531 0.113784790039062 0.0435791015625 -0.349822998046875
0.0420684814453125 0.148727416992188 0.226593017578125 -0.38336181640625
-0.1044921875 0.132942199707031 0.5819091796875 -0.24676513671875
-0.187332153320313 0.0239105224609375 0.67181396484375 0.05865478515625
-0.1552734375 -0.106277465820312 0.435211181640625 0.309478759765625
-0.066253662109375 -0.34197998046875 -0.238174438476563 -0.0659637451171875
-0.177825927734375 -0.28076171875 -0.463897705078125 -0.320556640625
-0.274566650390625 -0.084716796875 -0.6417236328125 -0.0606689453125001
-0.21453857421875 0.144561767578125 -0.498687744140625 0.279693603515625
-0.0624542236328125 0.217864990234375 -0.14093017578125 0.354278564453125
0.1229248046875 0.1783447265625 0.146682739257813 0.23211669921875
0.2037353515625 0.0821075439453125 0.177093505859375 0.048065185546875
0.187271118164063 0.0576019287109375 0.0700149536132813 -0.0789871215820313
0.19732666015625 0.040618896484375 -0.035919189453125 -0.176925659179688
0.204696655273438 0.0662689208984375 -0.0250396728515625 -0.27471923828125
0.153488159179688 0.142303466796875 -0.0125732421875 -0.37701416015625
0.06878662109375 0.199996948242188 0.19244384765625 -0.42041015625
-0.132904052734375 0.18646240234375 0.539764404296875 -0.211029052734375
-0.267013549804688 0.0260009765625 0.522552490234375 0.073883056640625
-0.219757080078125 -0.15106201171875 0.3857421875 0.26104736328125
-0.114898681640625 -0.3736572265625 -0.250823974609375 -0.1773681640625
-0.238723754882813 -0.271469116210938 -0.48980712890625 -0.378814697265625
-0.30377197265625 -0.0379333496093749 -0.6376953125 -0.0724487304687501
-0.199630737304687 0.188827514648437 -0.471405029296875 0.22900390625
0.0641937255859375 0.231918334960938 -0.15472412109375 0.285003662109375
0.196319580078125 0.118072509765625 0.081787109375 0.174331665039063
0.221710205078125 0.05572509765625 0.0959243774414063 0.0347518920898438
0.20361328125 0.0355377197265625 9.15527343750206E-05 -0.082244873046875
0.216217041015625 -0.0130462646484375 -0.080078125 -0.204833984375
0.235000610351562 0.055938720703125 -0.057861328125 -0.29400634765625
0.183807373046875 0.15765380859375 -0.0516357421875 -0.402252197265625
0.0627899169921875 0.237701416015625 0.18017578125 -0.43963623046875
-0.173370361328125 0.213851928710937 0.531829833984375 -0.24066162109375
-0.3167724609375 0.00750732421875005 0.499725341796875 0.064483642578125
-0.243621826171875 -0.194412231445313 0.119857788085938 0.121635437011719
-0.18841552734375 -0.3363037109375 -0.04071044921875 -0.144058227539063
-0.35369873046875 -0.123077392578125 -0.372344970703125 -0.39910888671875
-0.307220458984375 0.14532470703125 -0.5906982421875 -0.13934326171875
-0.012939453125 0.304290771484375 -0.460540771484375 0.1412353515625
0.178604125976563 0.173660278320313 -0.211044311523438 0.224929809570312
0.240447998046875 -0.0364227294921875 -0.012786865234375 0.154754638671875
0.175689697265625 -0.127197265625 0.0322532653808594 0.0557861328125
0.15411376953125 -0.101699829101562 -0.0388069152832031 -0.0484848022460938
0.213897705078125 0.0216522216796875 -0.158187866210938 -0.15264892578125
0.239181518554688 0.0353546142578125 -0.151885986328125 -0.28863525390625
0.1514892578125 0.177734375 -0.0826416015625 -0.4332275390625
0.0212554931640625 0.237411499023437 0.180877685546875 -0.473358154296875
-0.225143432617187 0.16015625 0.53924560546875 -0.244049072265625
-0.321014404296875 -0.0650939941406249 0.506591796875 0.05413818359375
-0.222549438476563 -0.270751953125 0.251235961914063 0.103530883789062
-0.220504760742188 -0.258773803710937 -0.254852294921875 -0.248611450195313
-0.323974609375 -0.0227661132812501 -0.376708984375 -0.369598388671875
-0.205886840820313 0.235122680664062 -0.568359375 -0.12994384765625
0.067291259765625 0.25970458984375 -0.473052978515625 0.116943359375
0.200942993164063 0.102264404296875 -0.26171875 0.229522705078125
0.214889526367188 -0.0901336669921875 -0.0722198486328125 0.201766967773438
0.14263916015625 -0.1453857421875 -0.0405502319335937 0.08868408203125
0.137901306152344 -0.10748291015625 -0.06787109375 0.0257072448730469
0.168716430664062 -0.134231567382813 -0.1502685546875 -0.109619140625
0.231475830078125 -0.03179931640625 -0.16900634765625 -0.27734375
0.100173950195313 0.1544189453125 -0.0836181640625 -0.45526123046875
0.0729522705078125 0.241729736328125 0.21795654296875 -0.433807373046875
-0.219955444335937 0.160202026367188 0.56585693359375 -0.19781494140625
-0.275436401367187 -0.06591796875 0.422637939453125 0.131195068359375
-0.160507202148438 -0.232955932617187 0.0538597106933594 -0.0156211853027344
-0.189117431640625 -0.173919677734375 -0.123550415039062 -0.20550537109375
-0.231414794921875 0.0372161865234375 -0.397186279296875 -0.323333740234375
-0.09906005859375 0.20751953125 -0.559051513671875 -0.0860595703125
0.0319747924804687 0.127670288085938 -0.401611328125 0.216217041015625
0.0702629089355469 0.053466796875 -0.189163208007812 0.231292724609375
0.127197265625 -0.0439224243164063 -0.088348388671875 0.202423095703125
0.0945053100585937 -0.138046264648437 -0.0220184326171875 0.201202392578125
0.0920333862304688 -0.0301666259765625 -0.178512573242188 0.0230865478515625
0.108642578125 -0.0221176147460938 -0.270462036132812 -0.13006591796875
0.118927001953125 0.0164337158203125 -0.21392822265625 -0.302520751953125
0.162445068359375 0.1046142578125 -0.055694580078125 -0.496490478515625
-0.0117034912109375 0.146575927734375 0.261993408203125 -0.468048095703125
-0.192535400390625 0.0600738525390625 0.63629150390625 -0.16705322265625
-0.149520874023437 -0.12652587890625 0.433807373046875 0.069793701171875
-0.06756591796875 -0.212066650390625 0.146957397460937 -0.0970611572265625
-0.115264892578125 -0.0936203002929687 -0.15716552734375 -0.200607299804688
-0.110450744628906 0.0387115478515625 -0.4171142578125 -0.263519287109375
-0.0225372314453125 0.123382568359375 -0.55291748046875 -0.025177001953125
0.0853271484375 0.07415771484375 -0.483123779296875 0.196563720703125
0.109725952148438 -0.0219650268554688 -0.2742919921875 0.3216552734375
0.066802978515625 -0.093353271484375 -0.088653564453125 0.311492919921875
0.0373382568359375 -0.101531982421875 -0.0239105224609375 0.257308959960938
0.0446624755859375 -0.085479736328125 -0.0923004150390625 0.151519775390625
0.0658950805664063 -0.0893096923828125 -0.207168579101563 -0.0196990966796875
0.0970230102539063 -0.0467376708984375 -0.196121215820312 -0.243545532226563
0.0928802490234375 0.0464401245117188 -0.043243408203125 -0.463623046875
0.0061798095703125 0.0825729370117188 0.33868408203125 -0.46270751953125
-0.0946807861328125 -0.00598907470703124 0.71026611328125 -0.08673095703125
-0.0611343383789063 -0.0751419067382812 0.471649169921875 0.22174072265625
-0.0176544189453125 -0.113792419433594 0.0267410278320313 -0.101348876953125
-0.0140609741210937 -0.0674591064453125 -0.157257080078125 0.111526489257813
-0.060699462890625 -0.0966796875 -0.45611572265625 -0.1669921875
-0.103790283203125 -0.0182723999023437 -0.64630126953125 0.0606079101562499
-0.0865020751953125 0.0657119750976563 -0.48468017578125 0.418487548828125
-0.038238525390625 0.0960617065429688 -0.06390380859375 0.49420166015625
0.0362625122070313 0.0843582153320313 0.271087646484375 0.321014404296875
0.0985565185546875 0.05914306640625 0.315460205078125 0.0687255859375
0.0857696533203125 0.0460052490234375 0.193801879882813 -0.09063720703125
0.0854339599609375 0.04302978515625 0.079376220703125 -0.201812744140625
0.0820693969726562 0.0483016967773437 0.0784759521484375 -0.2452392578125
0.0541915893554687 0.0659370422363281 0.125732421875 -0.3349609375
0.015472412109375 0.0656700134277344 0.3023681640625 -0.318756103515625
-0.0391502380371094 0.0559654235839844 0.5906982421875 -0.16729736328125
-0.0618553161621094 0.0222320556640625 0.64349365234375 0.0909423828125
-0.0454559326171875 -0.0166740417480469 0.406463623046875 0.264923095703125
-0.0535736083984375 -0.23968505859375 -0.0261497497558594 0.0278530120849609
-0.137374877929687 -0.17437744140625 -0.465118408203125 -0.372650146484375
-0.2034912109375 0.0194854736328125 -0.76214599609375 -0.0246582031250001
-0.09271240234375 0.148666381835938 -0.513153076171875 0.395416259765625
0.0283203125 0.127098083496094 -0.051300048828125 0.414825439453125
0.100990295410156 0.110244750976563 0.21990966796875 0.184341430664063
0.1136474609375 0.00360107421875 0.201187133789062 -0.0564727783203125
0.147537231445312 0.038238525390625 0.062530517578125 -0.202011108398438
0.0830307006835938 -0.00585174560546875 -0.02008056640625 -0.31817626953125
0.161056518554688 0.0554046630859375 0.0259857177734375 -0.261764526367188
0.117446899414063 0.1142578125 0.03460693359375 -0.352935791015625
0.05133056640625 0.155303955078125 0.213287353515625 -0.393310546875
-0.103179931640625 0.145706176757813 0.5819091796875 -0.275390625
-0.1961669921875 0.0356597900390625 0.6961669921875 0.0306396484375
-0.16961669921875 -0.103683471679687 0.475860595703125 0.300933837890625
-0.08502197265625 -0.35272216796875 -0.248931884765625 -0.05291748046875
-0.19793701171875 -0.2847900390625 -0.4810791015625 -0.311065673828125
-0.295318603515625 -0.07879638671875 -0.655029296875 -0.0452880859375
-0.222671508789062 0.159744262695312 -0.5040283203125 0.300811767578125
-0.0567626953125 0.2354736328125 -0.13446044921875 0.36724853515625
0.1358642578125 0.18463134765625 0.155609130859375 0.22802734375
0.22052001953125 0.0745849609375 0.187332153320312 0.0389404296875
0.204330444335938 0.047760009765625 0.0739593505859375 -0.085113525390625
0.214752197265625 0.031524658203125 -0.038970947265625 -0.179244995117188
0.220932006835938 0.0599365234375 -0.029083251953125 -0.28094482421875
0.167816162109375 0.144210815429687 -0.024322509765625 -0.37890625
0.0810089111328125 0.208984375 0.17987060546875 -0.432830810546875
-0.135299682617187 0.2010498046875 0.54461669921875 -0.246307373046875
-0.28070068359375 0.0410919189453125 0.52996826171875 0.064727783203125
-0.2364501953125 -0.147994995117188 0.421600341796875 0.251739501953125
-0.1363525390625 -0.383941650390625 -0.267181396484375 -0.169906616210938
-0.26171875 -0.274017333984375 -0.513275146484375 -0.371124267578125
-0.3243408203125 -0.02960205078125 -0.65057373046875 -0.0561523437500001
-0.206253051757812 0.20672607421875 -0.47515869140625 0.24627685546875
0.048370361328125 0.248016357421875 -0.151397705078125 0.295135498046875
0.208770751953125 0.109970092773438 0.084075927734375 0.17108154296875
0.237823486328125 0.0464324951171875 0.10009765625 0.0288162231445313
0.220260620117187 0.0243072509765625 -0.00105285644531248 -0.08404541015625
0.223831176757813 -0.0370025634765625 -0.0924835205078125 -0.201919555664062
0.251663208007813 0.048828125 -0.0606689453125 -0.30645751953125
0.200820922851563 0.158966064453125 -0.067535400390625 -0.406036376953125
0.0749969482421875 0.2489013671875 0.1673583984375 -0.452117919921875
-0.172149658203125 0.231277465820313 0.53369140625 -0.2537841796875
-0.330902099609375 0.024139404296875 0.514617919921875 0.05255126953125
-0.261489868164063 -0.192916870117188 0.17242431640625 0.124221801757813
-0.207550048828125 -0.33868408203125 -0.040740966796875 -0.150161743164063
-0.368560791015625 -0.109039306640625 -0.390533447265625 -0.4014892578125
-0.3138427734375 0.13519287109375 -0.606689453125 -0.1268310546875
-0.00115966796874998 0.311859130859375 -0.470489501953125 0.154541015625
0.19061279296875 0.169631958007813 -0.21197509765625 0.236068725585937
0.239944458007812 -0.047119140625 -0.015289306640625 0.159133911132813
0.171493530273438 -0.140106201171875 0.0347480773925781 0.0541229248046875
0.155075073242188 -0.114349365234375 -0.0402717590332031 -0.0497474670410156
0.232315063476563 0.0123443603515625 -0.169265747070313 -0.147659301757812
0.253158569335938 0.0262451171875 -0.1663818359375 -0.288177490234375
0.166488647460938 0.183990478515625 -0.102264404296875 -0.4384765625
0.0295867919921875 0.250350952148437 0.167205810546875 -0.489532470703125
-0.232437133789062 0.175933837890625 0.54443359375 -0.27142333984375
-0.34014892578125 -0.0545654296875 0.522003173828125 0.0384521484375
-0.243988037109375 -0.27362060546875 0.2694091796875 0.09393310546875
-0.236724853515625 -0.256881713867187 -0.26806640625 -0.245849609375
-0.33306884765625 -0.00888061523437505 -0.395965576171875 -0.37396240234375
-0.20147705078125 0.253814697265625 -0.58349609375 -0.11859130859375
0.078948974609375 0.263336181640625 -0.483978271484375 0.130035400390625
0.210617065429688 0.09552001953125 -0.264266967773438 0.243453979492188
0.211578369140625 -0.101394653320313 -0.0729217529296875 0.210540771484375
0.137481689453125 -0.157455444335938 -0.0407485961914062 0.0913772583007812
0.139915466308594 -0.117218017578125 -0.0658226013183594 0.0275650024414062
0.168807983398438 -0.1458740234375 -0.157791137695312 -0.105575561523438
0.238265991210938 -0.0576324462890625 -0.1806640625 -0.276840209960938
0.109619140625 0.162979125976563 -0.10455322265625 -0.462554931640625
0.083953857421875 0.245590209960938 0.209228515625 -0.4493408203125
-0.22119140625 0.173248291015625 0.57391357421875 -0.21978759765625
-0.284271240234375 -0.05682373046875 0.4395751953125 0.124542236328125
-0.170654296875 -0.232925415039062 0.0511474609375 -0.0141830444335938
-0.201187133789063 -0.170181274414063 -0.1304931640625 -0.211441040039063
-0.234878540039063 0.0481719970703125 -0.414764404296875 -0.324371337890625
-0.092315673828125 0.220596313476563 -0.57501220703125 -0.07696533203125
0.0392913818359375 0.136123657226563 -0.40313720703125 0.2303466796875
0.0762939453125 0.0578842163085938 -0.189376831054688 0.23822021484375
0.132400512695313 -0.054779052734375 -0.0904083251953125 0.20904541015625
0.09844970703125 -0.120445251464844 -0.0125885009765625 0.205398559570313
0.098358154296875 -0.0368881225585938 -0.185409545898438 0.0338134765625
0.117164611816406 -0.0270767211914063 -0.28887939453125 -0.11798095703125
0.13031005859375 0.0124282836914063 -0.23095703125 -0.30084228515625
0.168731689453125 0.099212646484375 -0.078125 -0.505218505859375
-0.00564575195312499 0.152908325195313 0.2564697265625 -0.48651123046875
-0.196060180664063 0.065338134765625 0.6463623046875 -0.18939208984375
-0.159774780273438 -0.125839233398438 0.4429931640625 0.061004638671875
-0.07568359375 -0.216629028320313 0.151321411132813 -0.108413696289063
-0.123115539550781 -0.09027099609375 -0.165740966796875 -0.206710815429688
-0.111312866210938 0.0451889038085937 -0.43341064453125 -0.26348876953125
-0.0172882080078125 0.12994384765625 -0.56622314453125 -0.01080322265625
0.0902633666992188 0.0726165771484375 -0.493194580078125 0.216766357421875
0.111618041992187 -0.0278091430664062 -0.2723388671875 0.339874267578125
0.0628280639648438 -0.0978927612304688 -0.082061767578125 0.323883056640625
0.0322265625 -0.1070556640625 -0.011993408203125 0.26312255859375
0.0430984497070313 -0.0925979614257813 -0.084320068359375 0.157424926757812
0.0651321411132812 -0.0956192016601563 -0.210723876953125 -0.010498046875
0.09765625 -0.05181884765625 -0.207656860351563 -0.242874145507812
0.0969009399414063 0.0418243408203125 -0.060943603515625 -0.471160888671875
0.0107345581054687 0.0839309692382813 0.332489013671875 -0.48291015625
-0.0984115600585938 -0.00276184082031251 0.72515869140625 -0.11065673828125
-0.0642166137695313 -0.0746688842773437 0.493408203125 0.2181396484375
-0.0196380615234375 -0.114433288574219 0.0253524780273437 -0.101676940917969
-0.0185089111328125 -0.070465087890625 -0.148345947265625 0.129745483398438
-0.0719680786132813 -0.0954971313476563 -0.4678955078125 -0.1427001953125
-0.111572265625 -0.0117950439453125 -0.65478515625 0.0948486328125001
-0.0862884521484375 0.07525634765625 -0.475341796875 0.4571533203125
-0.03228759765625 0.104621887207031 -0.03643798828125 0.51214599609375
0.0427398681640625 0.0862274169921875 0.300384521484375 0.3084716796875
0.107131958007813 0.0505447387695313 0.335205078125 0.043792724609375
0.0930633544921875 0.0370254516601563 0.20050048828125 -0.112106323242188
0.0937118530273438 0.035369873046875 0.07421875 -0.21575927734375
0.089935302734375 0.041717529296875 0.074188232421875 -0.25634765625
0.0607376098632813 0.0620994567871094 0.111175537109375 -0.345550537109375
0.0221977233886719 0.0660171508789062 0.290557861328125 -0.33941650390625
-0.0355110168457031 0.0620193481445313 0.58929443359375 -0.2093505859375
-0.0626258850097656 0.0301780700683594 0.667724609375 0.0496826171875
-0.0500640869140625 -0.0126075744628906 0.4420166015625 0.245513916015625
-0.072723388671875 -0.243392944335937 -0.0196723937988281 0.0272636413574219
-0.149551391601562 -0.162673950195313 -0.496368408203125 -0.358245849609375
-0.206390380859375 0.0333251953125 -0.7811279296875 0.0185546875
-0.0782623291015625 0.155776977539063 -0.503082275390625 0.432098388671875
0.0367584228515625 0.128227233886719 -0.03106689453125 0.424285888671875
0.110137939453125 0.102218627929688 0.228759765625 0.172149658203125
0.115516662597656 -0.00478363037109375 0.199050903320313 -0.072723388671875
0.159255981445313 0.0239105224609375 0.047271728515625 -0.2115478515625
0.08636474609375 -0.0115509033203125 -0.045196533203125 -0.32452392578125
0.175445556640625 0.0442047119140625 0.0178375244140625 -0.2698974609375
0.133567810058594 0.111228942871094 0.015838623046875 -0.35430908203125
0.0663299560546875 0.15985107421875 0.190948486328125 -0.40936279296875
-0.0974578857421875 0.162429809570313 0.5726318359375 -0.32293701171875
-0.20404052734375 0.0554962158203125 0.7197265625 -0.02276611328125
-0.1883544921875 -0.0946044921875 0.526397705078125 0.27484130859375
-0.115509033203125 -0.360565185546875 -0.259933471679688 -0.0308990478515625
-0.227996826171875 -0.28277587890625 -0.505706787109375 -0.2884521484375
-0.319061279296875 -0.0630493164062501 -0.6693115234375 -0.0134277343750002
-0.225509643554688 0.183578491210938 -0.49847412109375 0.33673095703125
-0.042083740234375 0.255722045898437 -0.11669921875 0.384857177734375
0.157180786132813 0.187515258789063 0.170547485351563 0.220123291015625
0.240341186523438 0.0587005615234375 0.197494506835938 0.023193359375
0.221832275390625 0.0292816162109375 0.076202392578125 -0.0951004028320313
0.233428955078125 0.0141448974609375 -0.047088623046875 -0.180099487304688
0.23992919921875 0.0452117919921875 -0.042266845703125 -0.2855224609375
0.188323974609375 0.140884399414063 -0.049072265625 -0.379852294921875
0.0998687744140625 0.21435546875 0.15264892578125 -0.44866943359375
-0.129806518554687 0.221511840820313 0.53955078125 -0.29107666015625
-0.292724609375 0.065765380859375 0.53741455078125 0.049072265625
-0.257797241210938 -0.135345458984375 0.464599609375 0.229339599609375
-0.1690673828125 -0.38824462890625 -0.2899169921875 -0.152740478515625
-0.2938232421875 -0.267181396484375 -0.544464111328125 -0.348052978515625
-0.347442626953125 -0.00985717773437505 -0.66412353515625 -0.0228271484374999
-0.206161499023437 0.23272705078125 -0.471405029296875 0.27801513671875
0.0502777099609375 0.262283325195313 -0.139984130859375 0.310302734375
0.226516723632812 0.0825653076171875 0.0908660888671875 0.167236328125
0.256088256835938 0.027618408203125 0.10443115234375 0.020172119140625
0.236709594726563 0.0044097900390625 -0.00574493408203123 -0.0876998901367187
0.225021362304688 -0.06951904296875 -0.109710693359375 -0.195236206054688
0.271316528320313 0.0333099365234375 -0.076507568359375 -0.316741943359375
0.223495483398437 0.153289794921875 -0.09625244140625 -0.406036376953125
0.0956268310546875 0.258255004882813 0.1424560546875 -0.468170166015625
-0.156707763671875 0.257156372070313 0.5299072265625 -0.296051025390625
-0.3436279296875 0.050750732421875 0.53204345703125 0.0250244140625
-0.284210205078125 -0.181365966796875 0.186141967773437 0.119293212890625
-0.236053466796875 -0.334808349609375 -0.0456695556640625 -0.156707763671875
-0.37200927734375 -0.119537353515625 -0.421539306640625 -0.39501953125
-0.317047119140625 0.1591796875 -0.6265869140625 -0.0993652343749999
0.01983642578125 0.318511962890625 -0.47454833984375 0.18255615234375
0.207366943359375 0.158706665039063 -0.20733642578125 0.253997802734375
0.238662719726563 -0.064056396484375 -0.0113525390625 0.166213989257813
0.162612915039063 -0.156875610351563 0.0380783081054688 0.05108642578125
0.150924682617188 -0.132415771484375 -0.0443916320800781 -0.0494041442871094
0.251800537109375 -0.0063629150390625 -0.1802978515625 -0.13812255859375
0.269027709960938 0.007843017578125 -0.19036865234375 -0.283050537109375
0.189239501953125 0.186187744140625 -0.13580322265625 -0.43963623046875
0.0465850830078125 0.264633178710938 0.13916015625 -0.50860595703125
-0.234527587890625 0.201644897460938 0.54119873046875 -0.314544677734375
-0.361083984375 -0.031494140625 0.53839111328125 0.0072021484375
-0.27569580078125 -0.267898559570312 0.2908935546875 0.07391357421875
-0.26025390625 -0.248519897460937 -0.286773681640625 -0.233734130859375
-0.3409423828125 0.0143432617187501 -0.425262451171875 -0.366424560546875
-0.187728881835938 0.277069091796875 -0.60205078125 -0.0920410156249999
0.09912109375 0.264068603515625 -0.491668701171875 0.160003662109375
0.223114013671875 0.082183837890625 -0.258987426757813 0.265426635742188
0.206329345703125 -0.117172241210938 -0.06536865234375 0.223312377929688
0.126861572265625 -0.172119140625 -0.0387039184570312 0.0969161987304687
0.138114929199219 -0.130485534667969 -0.0643959045410156 0.0314292907714844
0.1627197265625 -0.163619995117188 -0.167724609375 -0.0963592529296875
0.239334106445313 -0.0884246826171875 -0.20361328125 -0.273056030273438
0.126327514648438 0.168975830078125 -0.138641357421875 -0.467437744140625
0.104827880859375 0.24591064453125 0.19024658203125 -0.471282958984375
-0.217254638671875 0.193588256835938 0.57470703125 -0.25604248046875
-0.295623779296875 -0.0402221679687499 0.46173095703125 0.106536865234375
-0.187149047851563 -0.22882080078125 0.0407562255859375 -0.0102005004882813
-0.219467163085938 -0.160369873046875 -0.144927978515625 -0.214447021484375
-0.236679077148438 0.066741943359375 -0.443023681640625 -0.314453125
-0.0775299072265625 0.235015869140625 -0.590576171875 -0.0491943359375001
0.0438766479492188 0.13812255859375 -0.4127197265625 0.238861083984375
0.0836715698242187 0.0599441528320312 -0.185348510742188 0.251495361328125
0.138465881347656 -0.079010009765625 -0.0861053466796875 0.219497680664063
0.0900344848632813 -0.134941101074219 0.00224304199218749 0.20867919921875
0.102951049804688 -0.0465316772460938 -0.192337036132813 0.0521087646484375
0.1256103515625 -0.0362701416015625 -0.31024169921875 -0.095855712890625
0.138603210449219 0.00640106201171875 -0.2576904296875 -0.29046630859375
0.165252685546875 0.0955352783203125 -0.1170654296875 -0.51123046875
0.00416564941406249 0.1590576171875 0.23602294921875 -0.5128173828125
-0.19970703125 0.084869384765625 0.6495361328125 -0.22930908203125
-0.174835205078125 -0.120132446289063 0.454345703125 0.039703369140625
-0.0944061279296875 -0.2176513671875 0.156661987304688 -0.12591552734375
-0.133453369140625 -0.0818862915039062 -0.18170166015625 -0.20806884765625
-0.11083984375 0.0550613403320312 -0.459381103515625 -0.250732421875
-0.00669097900390625 0.136062622070313 -0.57904052734375 0.01934814453125
0.0977630615234375 0.0687942504882813 -0.49395751953125 0.251312255859375
0.112457275390625 -0.0368194580078125 -0.260009765625 0.36566162109375
0.0560989379882813 -0.102775573730469 -0.06524658203125 0.33935546875
0.0229415893554688 -0.112693786621094 0.00769042968749998 0.26898193359375
0.037384033203125 -0.101036071777344 -0.0721282958984375 0.165435791015625
0.0613937377929688 -0.10400390625 -0.214385986328125 0.00473022460937504
0.0967864990234375 -0.0600662231445313 -0.2266845703125 -0.235977172851563
0.101638793945313 0.0353240966796875 -0.0897216796875 -0.47509765625
0.0177764892578125 0.0849151611328125 0.314361572265625 -0.5123291015625
-0.102760314941406 0.00385284423828127 0.7359619140625 -0.154052734375
-0.0697250366210938 -0.0730438232421875 0.521759033203125 0.1978759765625
-0.02490234375 -0.115013122558594 0.0203170776367187 -0.102264404296875
-0.0247116088867188 -0.0705795288085938 -0.109725952148438 0.137222290039063
-0.0827255249023438 -0.08843994140625 -0.466552734375 -0.10833740234375
-0.116729736328125 -0.00189971923828126 -0.64508056640625 0.1348876953125
-0.0815658569335937 0.0850601196289063 -0.443267822265625 0.495452880859375
-0.0222015380859375 0.110488891601563 0.00595092773437495 0.51727294921875
0.0509796142578125 0.085418701171875 0.32757568359375 0.2813720703125
0.11370849609375 0.03790283203125 0.345855712890625 0.00799560546875
0.09808349609375 0.0246734619140625 0.197052001953125 -0.137863159179688
0.0998077392578125 0.0240325927734375 0.062408447265625 -0.225845336914063
0.0956344604492188 0.0310440063476562 0.061553955078125 -0.263702392578125
0.0663719177246094 0.0546150207519531 0.08758544921875 -0.347747802734375
0.0295791625976563 0.0642127990722656 0.262420654296875 -0.356231689453125
-0.028900146484375 0.0686531066894531 0.56512451171875 -0.2548828125
-0.0603599548339844 0.0386848449707031 0.67193603515625 -0.01055908203125
-0.0525016784667969 -0.00714874267578125 0.472564697265625 0.206756591796875
-0.096405029296875 -0.238128662109375 -0.012115478515625 0.0259418487548828
-0.159164428710938 -0.14654541015625 -0.521484375 -0.32342529296875
-0.202713012695313 0.04998779296875 -0.77655029296875 0.0723266601562499
-0.0667572021484375 0.160369873046875 -0.472259521484375 0.46856689453125
0.0456466674804688 0.124748229980469 -0.00268554687500004 0.42291259765625
0.112136840820313 0.0740432739257813 0.235153198242188 0.1524658203125
0.114219665527344 -0.0150985717773438 0.18902587890625 -0.0894927978515625
0.165359497070313 0.0051116943359375 0.0262603759765625 -0.215087890625
0.08709716796875 -0.0186767578125 -0.076019287109375 -0.319580078125
0.185638427734375 0.0257568359375 0.00389099121093752 -0.271881103515625
0.148788452148438 0.101654052734375 -0.00857543945312499 -0.348541259765625
0.084075927734375 0.15838623046875 0.15472412109375 -0.415679931640625
-0.084930419921875 0.177230834960938 0.537750244140625 -0.370849609375
-0.20428466796875 0.0790252685546875 0.7186279296875 -0.09124755859375
-0.203842163085938 -0.0765991210937501 0.568603515625 0.2244873046875
-0.15203857421875 -0.355194091796875 -0.26336669921875 -0.000717163085937577
-0.257583618164063 -0.26544189453125 -0.520965576171875 -0.248870849609375
-0.335235595703125 -0.03704833984375 -0.66644287109375 0.03057861328125
-0.218017578125 0.209014892578125 -0.474609375 0.37396240234375
-0.0182037353515625 0.269332885742187 -0.087738037109375 0.395721435546875
0.180801391601562 0.1807861328125 0.1865234375 0.205184936523438
0.25518798828125 0.03424072265625 0.202850341796875 0.0025634765625
0.232635498046875 0.002960205078125 0.0728607177734375 -0.105667114257813
0.24578857421875 -0.0129241943359375 -0.05731201171875 -0.176422119140625
0.253952026367188 0.0218658447265625 -0.06036376953125 -0.284332275390625
0.208831787109375 0.128433227539063 -0.077056884765625 -0.368560791015625
0.122817993164062 0.211776733398438 0.113189697265625 -0.453125
-0.114974975585937 0.23944091796875 0.51202392578125 -0.334503173828125
-0.294769287109375 0.09619140625 0.540313720703125 0.016326904296875
-0.27874755859375 -0.116058349609375 0.50274658203125 0.185028076171875
-0.209686279296875 -0.37799072265625 -0.30718994140625 -0.12286376953125
-0.3240966796875 -0.24462890625 -0.5694580078125 -0.30389404296875
-0.36151123046875 0.0201721191406249 -0.6630859375 0.0247802734375001
-0.194610595703125 0.25946044921875 -0.4501953125 0.311431884765625
0.0652618408203125 0.26904296875 -0.117645263671875 0.320343017578125
0.234649658203125 0.06024169921875 0.09906005859375 0.158554077148438
0.267425537109375 0.0008392333984375 0.105865478515625 0.007781982421875
0.246292114257813 -0.0222320556640625 -0.0126495361328125 -0.0876922607421875
0.210418701171875 -0.105361938476563 -0.126510620117188 -0.181777954101563
0.284912109375 0.008758544921875 -0.099609375 -0.317779541015625
0.244613647460937 0.137786865234375 -0.128387451171875 -0.392242431640625
0.120697021484375 0.259307861328125 0.10369873046875 -0.472869873046875
-0.123291015625 0.278213500976563 0.504150390625 -0.3370361328125
-0.34466552734375 0.0870056152343749 0.53314208984375 -0.010406494140625
-0.3038330078125 -0.157318115234375 0.209014892578125 0.104568481445312
-0.2684326171875 -0.31488037109375 -0.0544586181640625 -0.1593017578125
-0.38958740234375 -0.0533447265625001 -0.44915771484375 -0.368499755859375
-0.30035400390625 0.211395263671875 -0.63079833984375 -0.0590209960937499
0.045745849609375 0.315643310546875 -0.4642333984375 0.215240478515625
0.220199584960938 0.139068603515625 -0.190139770507813 0.2691650390625
0.229736328125 -0.0820159912109375 -0.0024261474609375 0.169952392578125
0.145217895507813 -0.170639038085938 0.0414314270019531 0.0465164184570312
0.137802124023438 -0.148590087890625 -0.048309326171875 -0.0461845397949219
0.264602661132812 -0.0336761474609375 -0.1878662109375 -0.121475219726563
0.277313232421875 -0.0167694091796875 -0.214797973632812 -0.26513671875
0.212905883789063 0.178131103515625 -0.173187255859375 -0.42376708984375
0.0704345703125 0.270843505859375 0.0942993164062501 -0.516571044921875
-0.224945068359375 0.22802734375 0.514984130859375 -0.355926513671875
-0.373931884765625 0.00219726562500003 0.54144287109375 -0.036712646484375
-0.307525634765625 -0.246978759765625 0.304443359375 0.04248046875
-0.28363037109375 -0.22625732421875 -0.288970947265625 -0.2071533203125
-0.338531494140625 0.04327392578125 -0.451202392578125 -0.339996337890625
-0.160736083984375 0.29461669921875 -0.60650634765625 -0.0531005859375001
0.120849609375 0.255142211914063 -0.4837646484375 0.19329833984375
0.229782104492188 0.061920166015625 -0.24078369140625 0.285980224609375
0.193618774414062 -0.133407592773437 -0.04937744140625 0.232086181640625
0.10833740234375 -0.183242797851563 -0.0319747924804688 0.10198974609375
0.121109008789063 -0.151321411132813 -0.06036376953125 0.0355987548828125
0.1484375 -0.179611206054688 -0.1741943359375 -0.081024169921875
0.228958129882813 -0.118682861328125 -0.22735595703125 -0.2569580078125
0.145263671875 0.168167114257813 -0.179168701171875 -0.45379638671875
0.130584716796875 0.236236572265625 0.15484619140625 -0.48284912109375
-0.202987670898438 0.214874267578125 0.5548095703125 -0.299163818359375
-0.29888916015625 -0.0145874023437499 0.4749755859375 0.07623291015625
-0.203659057617188 -0.214263916015625 0.0151262283325195 0.00739860534667967
-0.233428955078125 -0.140167236328125 -0.160903930664063 -0.209243774414063
-0.230300903320313 0.08746337890625 -0.466461181640625 -0.286529541015625
-0.0555267333984375 0.242767333984375 -0.59442138671875 -0.01007080078125
0.0558395385742188 0.140113830566406 -0.420562744140625 0.24951171875
0.0916748046875 0.0590286254882813 -0.17205810546875 0.263092041015625
0.133552551269531 -0.117919921875 -0.0703887939453125 0.267059326171875
0.0820083618164063 -0.134651184082031 0.02093505859375 0.206146240234375
0.103431701660156 -0.058563232421875 -0.19171142578125 0.0742950439453125
0.128921508789062 -0.0482101440429687 -0.32342529296875 -0.0611877441406251
0.142593383789063 -0.00140380859375 -0.28082275390625 -0.265716552734375
0.168975830078125 0.0830535888671875 -0.16265869140625 -0.49969482421875
0.0177459716796875 0.160415649414063 0.1968994140625 -0.52911376953125
-0.194183349609375 0.104095458984375 0.6318359375 -0.27667236328125
-0.18780517578125 -0.106033325195313 0.45526123046875 0.00891113281249999
-0.113204956054687 -0.210693359375 0.148651123046875 -0.14471435546875
-0.14105224609375 -0.069000244140625 -0.198562622070312 -0.199508666992188
-0.105148315429688 0.06561279296875 -0.480010986328125 -0.22186279296875
0.00695800781249999 0.137405395507813 -0.5775146484375 0.0573120117187501
0.104286193847656 0.0605697631835938 -0.479278564453125 0.288055419921875
0.109016418457031 -0.04736328125 -0.233123779296875 0.38861083984375
0.0465545654296875 -0.105766296386719 -0.038421630859375 0.347442626953125
0.0113449096679688 -0.114433288574219 0.031463623046875 0.26611328125
0.0282669067382813 -0.107406616210938 -0.05535888671875 0.17010498046875
0.0530319213867187 -0.110794067382813 -0.210525512695312 0.0247497558593749
0.0915298461914062 -0.068145751953125 -0.244232177734375 -0.217727661132813
0.104339599609375 0.0256500244140625 -0.126495361328125 -0.464111328125
0.0252914428710937 0.0828781127929688 0.276123046875 -0.5318603515625
-0.103691101074219 0.0134735107421875 0.7235107421875 -0.2059326171875
-0.0745468139648438 -0.0669937133789062 0.542327880859375 0.163330078125
-0.0302810668945312 -0.112960815429688 0.0133743286132812 -0.100845336914062
-0.0302505493164062 -0.066650390625 -0.124832153320312 0.165191650390625
-0.0908737182617188 -0.07891845703125 -0.44952392578125 -0.0780334472656251
-0.117584228515625 0.00655364990234375 -0.6168212890625 0.16656494140625
-0.0747222900390625 0.0907821655273438 -0.401336669921875 0.512359619140625
-0.0117340087890625 0.112754821777344 0.04132080078125 0.504180908203125
0.0577850341796875 0.0818939208984375 0.342376708984375 0.24676513671875
0.11566162109375 0.0246658325195313 0.34344482421875 -0.025360107421875
0.098236083984375 0.0120010375976563 0.186614990234375 -0.158187866210937
0.100028991699219 0.0112991333007813 0.050689697265625 -0.227294921875
0.0971221923828125 0.01953125 0.0493011474609375 -0.2646484375
0.0704879760742188 0.04705810546875 0.066436767578125 -0.340789794921875
0.0345039367675781 0.05999755859375 0.23297119140625 -0.356292724609375
-0.0209274291992188 0.0718154907226563 0.52545166015625 -0.285308837890625
-0.0555610656738281 0.0449142456054688 0.65252685546875 -0.06298828125
-0.052734375 -0.00177383422851563 0.48529052734375 0.161956787109375
-0.113937377929687 -0.224044799804688 -0.00644874572753907 0.0220165252685547
-0.164627075195312 -0.1319580078125 -0.525604248046875 -0.286376953125
-0.192642211914063 0.06121826171875 -0.7493896484375 0.11688232421875
-0.0546722412109375 0.15863037109375 -0.431610107421875 0.483612060546875
0.0517578125 0.117630004882813 0.021636962890625 0.407623291015625
0.099761962890625 0.0447540283203125 0.23211669921875 0.132644653320312
0.109237670898438 -0.02264404296875 0.174560546875 -0.100692749023438
0.163116455078125 -0.014312744140625 0.00785827636718749 -0.20892333984375
0.0848388671875 -0.0253067016601562 -0.099578857421875 -0.303375244140625
0.189056396484375 0.0070648193359375 -0.00845336914062501 -0.265960693359375
0.159103393554688 0.0885009765625 -0.026824951171875 -0.330657958984375
0.098419189453125 0.151992797851562 0.120147705078125 -0.403900146484375
-0.0682830810546875 0.185745239257813 0.486846923828125 -0.398345947265625
-0.19769287109375 0.0998687744140625 0.6929931640625 -0.15045166015625
-0.211410522460938 -0.055999755859375 0.58880615234375 0.16729736328125
-0.18060302734375 -0.336151123046875 -0.255783081054688 0.027130126953125
-0.27740478515625 -0.238754272460938 -0.5155029296875 -0.207550048828125
-0.340423583984375 -0.00912475585937507 -0.6431884765625 0.0664062500000001
-0.203628540039062 0.226913452148438 -0.434478759765625 0.3944091796875
0.00602722167968752 0.2730712890625 -0.058074951171875 0.39068603515625
0.199417114257813 0.169631958007813 0.19415283203125 0.185501098632813
0.258255004882813 0.009185791015625 0.200454711914063 -0.017608642578125
0.233596801757813 -0.0231170654296875 0.0670089721679688 -0.113174438476563
0.249298095703125 -0.03851318359375 -0.0637054443359375 -0.168075561523437
0.259063720703125 -0.0015716552734375 -0.074615478515625 -0.274826049804688
0.2216796875 0.111984252929688 -0.097900390625 -0.344635009765625
0.140594482421875 0.203262329101562 0.075653076171875 -0.43902587890625
-0.097320556640625 0.249847412109375 0.47149658203125 -0.35638427734375
-0.2869873046875 0.123504638671875 0.5257568359375 -0.012481689453125
-0.29071044921875 -0.0934753417968749 0.51776123046875 0.133270263671875
-0.239227294921875 -0.355316162109375 -0.311492919921875 -0.0892944335937501
-0.340301513671875 -0.214813232421875 -0.5723876953125 -0.25390625
-0.363006591796875 0.0484619140625 -0.63958740234375 0.0622558593749999
-0.174407958984375 0.278060913085938 -0.419036865234375 0.330047607421875
0.0837249755859375 0.266860961914063 -0.0936279296875 0.3177490234375
0.236358642578125 0.0477294921875 0.102584838867188 0.1463623046875
0.26922607421875 -0.0245208740234375 0.103172302246094 -0.00298309326171875
0.245925903320313 -0.0478668212890625 -0.0184478759765625 -0.0854339599609375
0.194229125976563 -0.12603759765625 -0.135452270507813 -0.167343139648438
0.288238525390625 -0.0159912109375 -0.12298583984375 -0.297393798828125
0.257125854492188 0.119476318359375 -0.152862548828125 -0.366607666015625
0.142074584960938 0.251251220703125 0.06829833984375 -0.460113525390625
-0.09503173828125 0.2845458984375 0.46527099609375 -0.35894775390625
-0.332427978515625 0.11767578125 0.5137939453125 -0.037567138671875
-0.310089111328125 -0.13055419921875 0.222579956054687 0.08544921875
-0.2900390625 -0.282196044921875 -0.0608367919921875 -0.15655517578125
-0.38067626953125 -0.023468017578125 -0.4578857421875 -0.3359375
-0.273529052734375 0.237075805664062 -0.6173095703125 -0.0211181640625001
0.06683349609375 0.304351806640625 -0.44146728515625 0.23614501953125
0.223403930664062 0.117904663085937 -0.169906616210937 0.273773193359375
0.215423583984375 -0.0948944091796875 0.00733947753906249 0.168991088867188
0.12469482421875 -0.1766357421875 0.042205810546875 0.041168212890625
0.1207275390625 -0.157577514648438 -0.0508918762207031 -0.04150390625
0.267166137695312 -0.0602874755859375 -0.189544677734375 -0.100494384765625
0.2755126953125 -0.0429840087890625 -0.229217529296875 -0.238433837890625
0.230606079101563 0.164688110351563 -0.200408935546875 -0.39251708984375
0.09124755859375 0.2691650390625 0.0520629882812501 -0.50323486328125
-0.208343505859375 0.247100830078125 0.474151611328125 -0.37945556640625
-0.373931884765625 0.03497314453125 0.52532958984375 -0.074432373046875
-0.325897216796875 -0.218231201171875 0.306243896484375 0.011566162109375
-0.2943115234375 -0.198150634765625 -0.272323608398437 -0.17962646484375
-0.32470703125 0.0671691894531251 -0.4609375 -0.30792236328125
-0.132232666015625 0.29864501953125 -0.59375 -0.0168457031249999
0.13592529296875 0.239273071289062 -0.46124267578125 0.2191162109375
0.226852416992187 0.041748046875 -0.216827392578125 0.29559326171875
0.177139282226563 -0.141769409179688 -0.0319671630859375 0.231948852539063
0.0879974365234375 -0.185256958007813 -0.028961181640625 0.100479125976562
0.098968505859375 -0.162353515625 -0.0553970336914063 0.0385017395019531
0.13006591796875 -0.187973022460938 -0.172958374023438 -0.0648956298828125
0.212570190429688 -0.133758544921875 -0.231842041015625 -0.23309326171875
0.161422729492187 0.161712646484375 -0.207977294921875 -0.4234619140625
0.146286010742188 0.219024658203125 0.119537353515625 -0.476715087890625
-0.1826171875 0.226531982421875 0.52008056640625 -0.323822021484375
-0.291534423828125 0.00790405273437501 0.47088623046875 0.045501708984375
-0.211349487304687 -0.1951904296875 0.018869400024414 0.0076313018798828
-0.23944091796875 -0.118270874023438 -0.170623779296875 -0.19781494140625
-0.216140747070313 0.101943969726563 -0.471954345703125 -0.255279541015625
-0.033477783203125 0.240463256835938 -0.5792236328125 0.0227050781249999
0.0683670043945313 0.137580871582031 -0.38836669921875 0.271575927734375
0.097564697265625 0.0561599731445312 -0.155227661132812 0.2647705078125
0.118972778320313 -0.135566711425781 -0.0457763671875 0.280242919921875
0.07025146484375 -0.134864807128906 0.0367431640625 0.196685791015625
0.100486755371094 -0.0680465698242188 -0.184066772460938 0.094146728515625
0.129379272460938 -0.0604629516601563 -0.3233642578125 -0.026519775390625
0.143936157226563 -0.0100860595703125 -0.29248046875 -0.233734130859375
0.169723510742188 0.0690155029296875 -0.195953369140625 -0.467529296875
0.0298309326171875 0.157272338867187 0.15618896484375 -0.522216796875
-0.18212890625 0.11773681640625 0.59454345703125 -0.3067626953125
-0.193923950195312 -0.0898590087890625 0.44036865234375 -0.017730712890625
-0.1260986328125 -0.196868896484375 0.140884399414063 -0.160308837890625
-0.142990112304688 -0.0544586181640625 -0.20794677734375 -0.185836791992188
-0.0963058471679687 0.0720138549804688 -0.482421875 -0.1888427734375
0.0193939208984375 0.132698059082031 -0.55859375 0.0892028808593751
0.106170654296875 0.0519485473632813 -0.450408935546875 0.31341552734375
0.10198974609375 -0.053985595703125 -0.20037841796875 0.39599609375
0.0370635986328125 -0.1044921875 -0.01202392578125 0.342803955078125
0.00090789794921874 -0.111274719238281 0.0523834228515625 0.254058837890625
0.0189361572265625 -0.108924865722656 -0.0380706787109375 0.168121337890625
0.0436553955078125 -0.113479614257812 -0.198806762695313 0.0396728515625
0.0842514038085938 -0.072998046875 -0.251663208007813 -0.194534301757813
0.102249145507812 0.0169601440429688 -0.1531982421875 -0.43743896484375
0.0308837890625 0.0785293579101563 0.233978271484375 -0.531951904296875
-0.100936889648437 0.0229415893554688 0.69024658203125 -0.243896484375
-0.0758743286132813 -0.059814453125 0.542236328125 0.12567138671875
-0.0349807739257812 -0.108535766601563 0.00775909423828125 -0.0959548950195313
-0.0332679748535156 -0.0626983642578125 -0.11151123046875 0.173980712890625
-0.0932769775390625 -0.0697555541992187 -0.42474365234375 -0.061981201171875
-0.117691040039062 0.0120849609375 -0.58807373046875 0.1746826171875
-0.069549560546875 0.0933761596679688 -0.36871337890625 0.510009765625
-0.00438690185546874 0.112342834472656 0.061431884765625 0.48492431640625
0.0631637573242188 0.07916259765625 0.34442138671875 0.218994140625
0.112754821777344 0.01416015625 0.331207275390625 -0.052947998046875
0.0948333740234375 0.002838134765625 0.177337646484375 -0.171371459960938
0.0981216430664063 0.0016937255859375 0.0433807373046875 -0.228134155273437
0.0954132080078125 0.0109329223632813 0.04339599609375 -0.260147094726563
0.0717239379882813 0.0400238037109375 0.05841064453125 -0.327545166015625
0.0385055541992188 0.0554275512695313 0.212646484375 -0.345184326171875
-0.0135498046875 0.0728225708007813 0.487060546875 -0.292022705078125
-0.0517044067382812 0.0501708984375 0.6224365234375 -0.09075927734375
-0.0528793334960938 0.00331497192382812 0.48382568359375 0.129150390625
-0.122314453125 -0.210296630859375 -0.00272178649902345 0.0179004669189453
-0.1636962890625 -0.121047973632813 -0.51446533203125 -0.262603759765625
-0.183151245117187 0.0646209716796875 -0.71661376953125 0.1329345703125
-0.047454833984375 0.153900146484375 -0.3994140625 0.477386474609375
0.053375244140625 0.11181640625 0.031463623046875 0.38934326171875
0.098846435546875 0.043731689453125 0.223663330078125 0.118667602539063
0.102867126464844 -0.0268096923828125 0.161178588867188 -0.104965209960937
0.15545654296875 -0.027801513671875 -0.00392150878906249 -0.199874877929688
0.0821380615234375 -0.028594970703125 -0.111297607421875 -0.285064697265625
0.188003540039062 -0.007293701171875 -0.01275634765625 -0.25885009765625
0.165359497070312 0.0781707763671875 -0.03125 -0.310150146484375
0.107666015625 0.14569091796875 0.098236083984375 -0.38250732421875
-0.0556182861328125 0.190185546875 0.441680908203125 -0.403717041015625
-0.1903076171875 0.114898681640625 0.6588134765625 -0.185546875
-0.214263916015625 -0.040069580078125 0.59222412109375 0.12213134765625
-0.196533203125 -0.316802978515625 -0.243133544921875 0.0476531982421874
-0.2845458984375 -0.217254638671875 -0.497955322265625 -0.179229736328125
-0.3397216796875 0.00964355468749996 -0.61456298828125 0.0809326171874999
-0.1917724609375 0.237457275390625 -0.404266357421875 0.394622802734375
0.0226287841796875 0.2733154296875 -0.039581298828125 0.37835693359375
0.212326049804687 0.159881591796875 0.194778442382813 0.169631958007813
0.257568359375 -0.0104522705078125 0.194747924804688 -0.032257080078125
0.230361938476563 -0.0419921875 0.0627288818359375 -0.116958618164063
0.248138427734375 -0.058197021484375 -0.0631561279296875 -0.160293579101563
0.259307861328125 -0.0203704833984375 -0.079376220703125 -0.26409912109375
0.228775024414062 0.0991668701171875 -0.103363037109375 -0.3214111328125
0.151275634765625 0.194931030273438 0.054443359375 -0.416717529296875
-0.0849151611328125 0.255142211914063 0.43896484375 -0.353240966796875
-0.27783203125 0.1422119140625 0.51495361328125 -0.042694091796875
-0.291900634765625 -0.0746459960937501 0.520660400390625 0.09332275390625
-0.25341796875 -0.33270263671875 -0.307220458984375 -0.06365966796875
-0.34613037109375 -0.1917724609375 -0.55859375 -0.220428466796875
-0.3609619140625 0.067108154296875 -0.60980224609375 0.0786743164062499
-0.156402587890625 0.288787841796875 -0.391204833984375 0.330535888671875
0.09625244140625 0.261459350585937 -0.078125 0.309051513671875
0.23480224609375 0.03924560546875 0.101417541503906 0.137008666992188
0.266036987304688 -0.044677734375 0.0984344482421875 -0.010650634765625
0.241409301757812 -0.0665130615234375 -0.0213699340820312 -0.0814056396484375
0.166488647460938 -0.141128540039063 -0.137100219726563 -0.158477783203125
0.287841796875 -0.033599853515625 -0.135177612304688 -0.276107788085937
0.263336181640625 0.104507446289062 -0.16058349609375 -0.341156005859375
0.155166625976563 0.244216918945312 0.04913330078125 -0.439910888671875
-0.083587646484375 0.28436279296875 0.43475341796875 -0.35577392578125
-0.31951904296875 0.136260986328125 0.493408203125 -0.0516357421875
-0.306976318359375 -0.109893798828125 0.223922729492187 0.0720977783203125
-0.294586181640625 -0.256561279296875 -0.06280517578125 -0.15380859375
-0.366302490234375 -0.0600280761718749 -0.452911376953125 -0.313079833984375
-0.264312744140625 0.227462768554688 -0.5943603515625 -0.00469970703125004
0.07769775390625 0.29034423828125 -0.4202880859375 0.242340087890625
0.21923828125 0.103134155273438 -0.156143188476562 0.270431518554688
0.202621459960938 -0.09967041015625 0.01263427734375 0.164962768554688
0.108627319335938 -0.174163818359375 0.0418434143066406 0.0369377136230469
0.107666015625 -0.158966064453125 -0.0507049560546875 -0.037384033203125
0.26629638671875 -0.0809173583984375 -0.185867309570313 -0.0847320556640625
0.269607543945313 -0.060394287109375 -0.231491088867188 -0.216079711914063
0.241363525390625 0.1549072265625 -0.21044921875 -0.364013671875
0.104339599609375 0.265884399414062 0.027679443359375 -0.482635498046875
-0.195510864257813 0.2581787109375 0.44036865234375 -0.3822021484375
-0.368377685546875 0.05828857421875 0.502044677734375 -0.094085693359375
-0.333465576171875 -0.1953125 0.3009033203125 -0.011962890625
-0.292755126953125 -0.1766357421875 -0.257644653320313 -0.162948608398438
-0.308685302734375 0.0784912109375 -0.45489501953125 -0.28472900390625
-0.1129150390625 0.293060302734375 -0.574951171875 -0.00170898437499994
0.142074584960938 0.22552490234375 -0.4417724609375 0.225982666015625
0.220062255859375 0.0299224853515625 -0.199188232421875 0.292205810546875
0.164031982421875 -0.143035888671875 -0.0210418701171875 0.226669311523438
0.0743255615234375 -0.18121337890625 -0.0291366577148437 0.0980148315429687
0.0861663818359375 -0.162673950195313 -0.050537109375 0.0387840270996094
0.11602783203125 -0.189041137695313 -0.16741943359375 -0.05511474609375
0.197799682617188 -0.13934326171875 -0.227020263671875 -0.2154541015625
0.172103881835938 0.156341552734375 -0.218231201171875 -0.39398193359375
0.140029907226563 0.209854125976563 0.100677490234375 -0.46063232421875
-0.166290283203125 0.229415893554687 0.48980712890625 -0.3270263671875
-0.280426025390625 0.0210113525390625 0.45953369140625 0.027496337890625
-0.209793090820312 -0.1815185546875 0.0343151092529297 -0.00366973876953126
-0.235977172851563 -0.101242065429688 -0.172027587890625 -0.188262939453125
-0.20263671875 0.107498168945312 -0.466522216796875 -0.234100341796875
-0.019989013671875 0.231903076171875 -0.55859375 0.0368652343749999
0.0731277465820313 0.134529113769531 -0.362701416015625 0.275054931640625
0.100540161132812 0.0550765991210937 -0.143112182617187 0.258224487304687
0.106063842773438 -0.14349365234375 -0.029510498046875 0.27899169921875
0.060882568359375 -0.133651733398438 0.0444793701171875 0.185287475585938
0.0974960327148437 -0.07403564453125 -0.174972534179688 0.107009887695313
0.12841796875 -0.0693435668945312 -0.309173583984375 0.000335693359375018
0.143630981445313 -0.014373779296875 -0.278289794921875 -0.203842163085938
0.1668701171875 0.0600433349609375 -0.20697021484375 -0.431732177734375
0.036590576171875 0.153091430664063 0.131805419921875 -0.50531005859375
-0.169845581054688 0.1234130859375 0.562164306640625 -0.312774658203125
-0.195053100585938 -0.0771942138671875 0.419342041015625 -0.028564453125
-0.131591796875 -0.18792724609375 0.12548828125 -0.166519165039062
-0.140045166015625 -0.0435867309570313 -0.208587646484375 -0.175338745117188
-0.0886611938476563 0.0739517211914063 -0.474395751953125 -0.1697998046875
0.0258255004882812 0.126670837402344 -0.537445068359375 0.1005859375
0.105461120605469 0.0451736450195313 -0.426177978515625 0.31787109375
0.0951385498046875 -0.0565414428710937 -0.1800537109375 0.3902587890625
0.0321884155273438 -0.100883483886719 0.00268554687499999 0.332122802734375
-0.00614166259765625 -0.106735229492188 0.0637664794921875 0.240447998046875
0.0119705200195312 -0.107261657714844 -0.0264739990234375 0.1617431640625
0.03692626953125 -0.11297607421875 -0.186248779296875 0.046905517578125
0.0781707763671875 -0.0745162963867188 -0.250274658203125 -0.176605224609375
0.0993576049804688 0.011566162109375 -0.161712646484375 -0.411529541015625
0.0347366333007813 0.073944091796875 0.208404541015625 -0.517791748046875
-0.0962905883789063 0.02886962890625 0.6575927734375 -0.2564697265625
-0.075347900390625 -0.0551223754882812 0.529632568359375 0.10430908203125
-0.0350723266601563 -0.104377746582031 0.00469207763671874 -0.0904769897460937
-0.0347633361816406 -0.0594940185546875 -0.085693359375 0.16754150390625
-0.095611572265625 -0.0640716552734375 -0.40496826171875 -0.05889892578125
-0.119743347167969 0.0158920288085938 -0.572021484375 0.1700439453125
-0.0675048828125 0.0953826904296875 -0.35498046875 0.5059814453125
0.00110626220703125 0.113739013671875 0.071990966796875 0.47650146484375
0.068511962890625 0.0783538818359375 0.3443603515625 0.202911376953125
0.111930847167969 0.00728607177734375 0.32684326171875 -0.07159423828125
0.0917739868164063 -0.00414276123046875 0.172454833984375 -0.18328857421875
0.0963821411132813 -0.00592041015625 0.041656494140625 -0.231307983398438
0.0950164794921875 0.00452423095703125 0.044830322265625 -0.259963989257813
0.0731201171875 0.0356063842773438 0.05975341796875 -0.32208251953125
0.0417327880859375 0.0541114807128906 0.205718994140625 -0.335205078125
-0.00844573974609375 0.0751266479492187 0.46728515625 -0.29144287109375
-0.0483970642089844 0.0537681579589844 0.60308837890625 -0.10205078125
-0.0534896850585938 0.00653076171874999 0.4864501953125 0.11077880859375
-0.126922607421875 -0.202728271484375 -0.00154495239257813 0.015437126159668
-0.162094116210937 -0.116165161132813 -0.506744384765625 -0.25628662109375
-0.179168701171875 0.064788818359375 -0.70074462890625 0.1318359375
-0.045440673828125 0.150634765625 -0.3868408203125 0.47210693359375
0.0529937744140625 0.109146118164063 0.0325927734375 0.3787841796875
0.105354309082031 0.05084228515625 0.216415405273438 0.113525390625
0.0998611450195313 -0.0279998779296875 0.153472900390625 -0.10601806640625
0.1494140625 -0.0368804931640625 -0.010406494140625 -0.193634033203125
0.0804367065429688 -0.0306320190429688 -0.116744995117187 -0.275421142578125
0.189498901367188 -0.017486572265625 -0.0105438232421875 -0.255157470703125
0.171188354492187 0.0707244873046875 -0.02850341796875 -0.2972412109375
0.11614990234375 0.142852783203125 0.090911865234375 -0.365875244140625
-0.047149658203125 0.19500732421875 0.41375732421875 -0.401702880859375
-0.186004638671875 0.127670288085938 0.63739013671875 -0.20538330078125
-0.218063354492187 -0.028839111328125 0.59857177734375 0.09027099609375
-0.2071533203125 -0.30755615234375 -0.233184814453125 0.063140869140625
-0.29132080078125 -0.204559326171875 -0.4830322265625 -0.167236328125
-0.344696044921875 0.021759033203125 -0.598876953125 0.08038330078125
-0.188201904296875 0.248809814453125 -0.3892822265625 0.392303466796875
0.034576416015625 0.277252197265625 -0.031097412109375 0.3709716796875
0.22601318359375 0.153549194335938 0.194442749023438 0.160018920898437
0.260589599609375 -0.0248565673828125 0.192230224609375 -0.0424041748046875
0.22991943359375 -0.0567779541015625 0.0616607666015625 -0.122222900390625
0.249679565429688 -0.075469970703125 -0.0599365234375 -0.15789794921875
0.263580322265625 -0.0336456298828125 -0.0798492431640625 -0.258880615234375
0.238189697265625 0.091949462890625 -0.10113525390625 -0.306884765625
0.160659790039063 0.191940307617188 0.0455322265625 -0.3978271484375
-0.0776519775390625 0.262649536132813 0.4268798828125 -0.337432861328125
-0.273666381835938 0.157318115234375 0.50079345703125 -0.033233642578125
-0.296112060546875 -0.063079833984375 0.526580810546875 0.065155029296875
-0.263458251953125 -0.320526123046875 -0.305328369140625 -0.045135498046875
-0.351776123046875 -0.17822265625 -0.54754638671875 -0.203521728515625
-0.3660888671875 0.0806274414062499 -0.59423828125 0.08160400390625
-0.14923095703125 0.298919677734375 -0.3770751953125 0.326141357421875
0.105270385742187 0.260589599609375 -0.07159423828125 0.302001953125
0.23785400390625 0.037445068359375 0.0998458862304688 0.131851196289063
0.267562866210938 -0.0584259033203125 0.0947341918945313 -0.0159530639648438
0.241912841796875 -0.08001708984375 -0.0216827392578125 -0.079254150390625
0.140625 -0.150253295898438 -0.137237548828125 -0.151687622070313
0.2926025390625 -0.046875 -0.139129638671875 -0.269195556640625
0.271499633789063 0.09490966796875 -0.1614990234375 -0.3251953125
0.166641235351563 0.243118286132813 0.03912353515625 -0.424285888671875
-0.078857421875 0.287567138671875 0.424041748046875 -0.343109130859375
-0.314056396484375 0.149505615234375 0.484588623046875 -0.05523681640625
-0.30328369140625 -0.099884033203125 0.2135009765625 0.0692901611328125
-0.294891357421875 -0.2381591796875 -0.0620269775390625 -0.154953002929688
-0.359161376953125 -0.08184814453125 -0.44647216796875 -0.307464599609375
-0.258392333984375 0.229263305664062 -0.58465576171875 -0.00531005859375009
0.082275390625 0.282501220703125 -0.411834716796875 0.239898681640625
0.216079711914063 0.0964202880859375 -0.151718139648437 0.266464233398438
0.196624755859375 -0.10009765625 0.0145263671875 0.162338256835938
0.100875854492188 -0.1715087890625 0.0410537719726563 0.0340309143066406
0.0992889404296875 -0.159576416015625 -0.0498161315917969 -0.0356025695800781
0.268661499023438 -0.09759521484375 -0.182540893554687 -0.0748748779296875
0.268386840820313 -0.07257080078125 -0.231704711914062 -0.201995849609375
0.253768920898437 0.150390625 -0.21197509765625 -0.348114013671875
0.1153564453125 0.268386840820313 0.01611328125 -0.46722412109375
-0.1885986328125 0.268402099609375 0.425689697265625 -0.37884521484375
-0.36767578125 0.0753173828124999 0.489990234375 -0.102264404296875
-0.34130859375 -0.1815185546875 0.297271728515625 -0.0286865234375
-0.29119873046875 -0.164794921875 -0.244720458984375 -0.156448364257812
-0.299560546875 0.0826416015625 -0.449432373046875 -0.279449462890625
-0.10321044921875 0.287689208984375 -0.5633544921875 -0.00030517578125003
0.143768310546875 0.218048095703125 -0.432373046875 0.22650146484375
0.215896606445313 0.0246429443359375 -0.1927490234375 0.29046630859375
0.157974243164063 -0.14239501953125 -0.015899658203125 0.223724365234375
0.066680908203125 -0.178146362304688 -0.0304183959960937 0.0981521606445312
0.0798187255859375 -0.162429809570313 -0.0466384887695312 0.037841796875
0.1077880859375 -0.189956665039063 -0.163238525390625 -0.0509796142578125
0.189529418945313 -0.142364501953125 -0.241744995117188 -0.202239990234375
0.183502197265625 0.15667724609375 -0.220458984375 -0.376708984375
0.136627197265625 0.206497192382813 0.0941772460937501 -0.450286865234375
-0.156692504882813 0.230514526367187 0.478057861328125 -0.32342529296875
-0.273300170898438 0.0265655517578125 0.454864501953125 0.022064208984375
-0.20843505859375 -0.1756591796875 0.0545005798339844 -0.0214576721191406
-0.233261108398438 -0.0923309326171875 -0.171844482421875 -0.186355590820312
-0.195755004882812 0.109481811523438 -0.461181640625 -0.22930908203125
-0.013885498046875 0.227279663085938 -0.549041748046875 0.039154052734375
0.072265625 0.134696960449219 -0.35284423828125 0.271820068359375
0.105339050292969 0.0564346313476563 -0.140838623046875 0.252395629882813
0.101272583007812 -0.143875122070313 -0.01861572265625 0.280807495117188
0.0564956665039062 -0.132987976074219 0.04852294921875 0.178329467773438
0.0975189208984375 -0.0789947509765625 -0.169692993164063 0.117263793945313
0.12994384765625 -0.0763320922851563 -0.298736572265625 0.0181884765625
0.14642333984375 -0.016998291015625 -0.256576538085938 -0.185867309570312
0.16949462890625 0.05096435546875 -0.2109375 -0.41021728515625
0.042755126953125 0.15167236328125 0.125213623046875 -0.4962158203125
-0.163330078125 0.127273559570312 0.551055908203125 -0.3116455078125
-0.196578979492188 -0.0689544677734375 0.406402587890625 -0.03094482421875
-0.134918212890625 -0.184768676757813 0.113479614257812 -0.1700439453125
-0.137886047363281 -0.0379562377929687 -0.208709716796875 -0.172271728515625
-0.0843582153320313 0.0742950439453125 -0.46832275390625 -0.165313720703125
0.028594970703125 0.122200012207031 -0.52752685546875 0.102081298828125
0.10504150390625 0.0423812866210938 -0.415435791015625 0.320068359375
0.0918502807617188 -0.05767822265625 -0.169464111328125 0.385986328125
0.03143310546875 -0.0984725952148437 0.00994873046875001 0.32708740234375
-0.0091705322265625 -0.103828430175781 0.069854736328125 0.232315063476563
0.00716400146484376 -0.106712341308594 -0.01959228515625 0.15643310546875
0.0330657958984375 -0.114356994628906 -0.1778564453125 0.0491180419921875
0.075439453125 -0.0745849609375 -0.24822998046875 -0.1668701171875
0.0975189208984375 0.00957489013671875 -0.161834716796875 -0.39666748046875
0.0362548828125 0.0714111328125 0.200286865234375 -0.5067138671875
-0.0930252075195313 0.032012939453125 0.643798828125 -0.25567626953125
-0.0734405517578125 -0.0521163940429687 0.523162841796875 0.097015380859375
-0.0354461669921875 -0.102561950683594 0.0032196044921875 -0.0867691040039062
-0.0364112854003906 -0.0588569641113281 -0.0602264404296875 0.155776977539063
-0.0998077392578125 -0.0602340698242187 -0.3975830078125 -0.0631408691406249
-0.124900817871094 0.0207290649414062 -0.57586669921875 0.16583251953125
-0.0677719116210938 0.100868225097656 -0.3514404296875 0.5130615234375
0.00582885742187501 0.118331909179688 0.08172607421875 0.47821044921875
0.07568359375 0.0783004760742188 0.35498046875 0.193572998046875
0.11297607421875 0.001556396484375 0.330902099609375 -0.0909423828125
0.0904083251953125 -0.009796142578125 0.171966552734375 -0.2008056640625
0.0966339111328125 -0.0133895874023438 0.0404052734375 -0.24163818359375
0.0966415405273438 -0.00173187255859375 0.0490875244140625 -0.2666015625
0.0763320922851563 0.0317459106445313 0.064239501953125 -0.3245849609375
0.0466537475585937 0.0531196594238281 0.207305908203125 -0.332489013671875
-0.0026092529296875 0.0781478881835938 0.45977783203125 -0.296417236328125
-0.0459403991699219 0.0594062805175781 0.600341796875 -0.11358642578125
-0.0551261901855469 0.0106086730957031 0.499267578125 0.09649658203125
-0.133758544921875 -0.200347900390625 0.000144958496093741 0.013676643371582
-0.16424560546875 -0.114791870117187 -0.509521484375 -0.261016845703125
-0.18048095703125 0.0660400390625 -0.7060546875 0.131591796875
-0.04522705078125 0.151168823242188 -0.38909912109375 0.474578857421875
0.0537872314453125 0.110382080078125 0.031280517578125 0.3785400390625
0.113471984863281 0.0560836791992187 0.214675903320313 0.113067626953125
0.0988616943359375 -0.0283203125 0.151016235351563 -0.109848022460938
0.144805908203125 -0.0454254150390625 -0.0148773193359375 -0.192916870117188
0.081512451171875 -0.03369140625 -0.123672485351563 -0.272857666015625
0.195159912109375 -0.0289459228515625 -0.00648498535156247 -0.260269165039063
0.18267822265625 0.06549072265625 -0.024078369140625 -0.294219970703125
0.127578735351562 0.143768310546875 0.089385986328125 -0.35693359375
-0.0396881103515625 0.205062866210937 0.399932861328125 -0.406768798828125
-0.186660766601563 0.143203735351562 0.63275146484375 -0.2301025390625
-0.22698974609375 -0.0177154541015625 0.62005615234375 0.06005859375
-0.223052978515625 -0.305877685546875 -0.228286743164062 0.0792083740234375
-0.303558349609375 -0.19781494140625 -0.478607177734375 -0.163360595703125
-0.35772705078125 0.0341186523437501 -0.5997314453125 0.07977294921875
-0.18890380859375 0.265960693359375 -0.385711669921875 0.39739990234375
0.047210693359375 0.288970947265625 -0.024444580078125 0.37310791015625
0.246612548828125 0.149887084960938 0.199111938476563 0.1561279296875
0.269393920898438 -0.039825439453125 0.193435668945313 -0.0541839599609375
0.233917236328125 -0.0733184814453125 0.06256103515625 -0.131141662597656
0.255157470703125 -0.094573974609375 -0.05712890625 -0.160308837890625
0.274215698242188 -0.0491790771484375 -0.0807342529296875 -0.259811401367188
0.253662109375 0.0857086181640625 -0.0994873046875 -0.300933837890625
0.174591064453125 0.194122314453125 0.042388916015625 -0.3896484375
-0.071441650390625 0.27685546875 0.431732177734375 -0.3310546875
-0.275222778320313 0.177047729492187 0.50909423828125 -0.043426513671875
-0.30780029296875 -0.052215576171875 0.543670654296875 0.03790283203125
-0.279693603515625 -0.317413330078125 -0.308135986328125 -0.0272216796875
-0.366790771484375 -0.1705322265625 -0.5472412109375 -0.1932373046875
-0.37921142578125 0.0966796874999999 -0.59454345703125 0.0836181640625
-0.15032958984375 0.31829833984375 -0.37762451171875 0.328399658203125
0.11968994140625 0.265823364257813 -0.0694580078125 0.303802490234375
0.24884033203125 0.03521728515625 0.100372314453125 0.131393432617187
0.276458740234375 -0.0737457275390625 0.0939102172851563 -0.0201263427734375
0.247604370117187 -0.0959320068359375 -0.02264404296875 -0.0802001953125
0.128997802734375 -0.157257080078125 -0.139205932617188 -0.1494140625
0.301971435546875 -0.064422607421875 -0.14300537109375 -0.279800415039063
0.284820556640625 0.087066650390625 -0.16339111328125 -0.3177490234375
0.182296752929688 0.247833251953125 0.0360107421875 -0.421966552734375
-0.0765380859375 0.298126220703125 0.431671142578125 -0.3338623046875
-0.316162109375 0.165130615234375 0.49017333984375 -0.05889892578125
-0.304931640625 -0.093963623046875 0.205856323242187 0.0710296630859375
-0.301422119140625 -0.232574462890625 -0.0620880126953125 -0.160491943359375
-0.3690185546875 -0.075225830078125 -0.4500732421875 -0.3115234375
-0.258941650390625 0.236907958984375 -0.590576171875 -0.00646972656250011
0.0870361328125 0.284027099609375 -0.417388916015625 0.242645263671875
0.218826293945312 0.0943603515625 -0.153472900390625 0.26953125
0.196533203125 -0.10369873046875 0.0159454345703125 0.164566040039062
0.0972747802734375 -0.17205810546875 0.0409469604492188 0.0318069458007812
0.0951995849609375 -0.163726806640625 -0.0492172241210937 -0.0355682373046875
0.278488159179687 -0.117568969726562 -0.183090209960938 -0.06842041015625
0.27410888671875 -0.0858306884765625 -0.236297607421875 -0.194000244140625
0.273452758789063 0.149566650390625 -0.219451904296875 -0.340484619140625
0.129104614257813 0.27801513671875 0.01068115234375 -0.4652099609375
-0.186492919921875 0.28582763671875 0.4232177734375 -0.384185791015625
-0.376129150390625 0.0936279296875 0.489410400390625 -0.11151123046875
-0.358184814453125 -0.173248291015625 0.300537109375 -0.044464111328125
-0.29461669921875 -0.159332275390625 -0.241363525390625 -0.156463623046875
-0.2994384765625 0.087371826171875 -0.455047607421875 -0.283477783203125
-0.099822998046875 0.29095458984375 -0.570068359375 -0.0031738281250001
0.1494140625 0.2178955078125 -0.437103271484375 0.23150634765625
0.21759033203125 0.0215301513671875 -0.194000244140625 0.29522705078125
0.15728759765625 -0.145584106445313 -0.0124969482421875 0.225723266601563
0.0633087158203125 -0.178802490234375 -0.0329666137695312 0.1021728515625
0.0749359130859375 -0.166702270507813 -0.0439453125 0.0373916625976563
0.103668212890625 -0.195556640625 -0.164169311523438 -0.0491943359375001
0.187820434570312 -0.147354125976562 -0.254608154296875 -0.19622802734375
0.200439453125 0.159820556640625 -0.22833251953125 -0.37109375
0.14276123046875 0.204635620117188 0.0966186523437501 -0.451629638671875
-0.154190063476562 0.236740112304688 0.482421875 -0.326934814453125
-0.273468017578125 0.031341552734375 0.461761474609375 0.020721435546875
-0.21173095703125 -0.176239013671875 0.0772018432617187 -0.0418624877929688
-0.236312866210938 -0.0870513916015625 -0.17547607421875 -0.1890869140625
-0.194915771484375 0.11285400390625 -0.46820068359375 -0.23101806640625
-0.00976562499999999 0.22796630859375 -0.556304931640625 0.03753662109375
0.0728225708007813 0.139495849609375 -0.339141845703125 0.277740478515625
0.112716674804688 0.0600814819335938 -0.14453125 0.253875732421875
0.101089477539062 -0.146240234375 -0.00753784179687497 0.291107177734375
0.0548858642578125 -0.135543823242188 0.0519256591796875 0.176422119140625
0.100189208984375 -0.0855560302734375 -0.168655395507813 0.1295166015625
0.133918762207031 -0.0852584838867188 -0.299224853515625 0.03350830078125
0.154373168945312 -0.020751953125 -0.24322509765625 -0.180816650390625
0.178878784179687 0.039886474609375 -0.21942138671875 -0.40966796875
0.04083251953125 0.15228271484375 0.123748779296875 -0.499359130859375
-0.161392211914063 0.131607055664062 0.553955078125 -0.3150634765625
-0.202072143554687 -0.0634002685546875 0.403472900390625 -0.03155517578125
-0.141769409179687 -0.185104370117188 0.103759765625 -0.176544189453125
-0.138168334960938 -0.0339736938476563 -0.213531494140625 -0.175430297851563
-0.082855224609375 0.0758590698242188 -0.47625732421875 -0.167327880859375
0.0310745239257813 0.121345520019531 -0.53582763671875 0.101043701171875
0.1075439453125 0.0409011840820313 -0.418975830078125 0.32550048828125
0.0914459228515625 -0.0587387084960937 -0.167205810546875 0.392486572265625
0.0315170288085937 -0.0992202758789063 0.01531982421875 0.32952880859375
-0.0111618041992188 -0.10260009765625 0.075408935546875 0.23065185546875
0.0032958984375 -0.108840942382813 -0.0137939453125 0.155441284179688
0.0310897827148437 -0.117950439453125 -0.175369262695312 0.0512542724609375
0.0752182006835938 -0.0771026611328125 -0.250701904296875 -0.163192749023438
0.0992965698242187 0.007476806640625 -0.16351318359375 -0.396026611328125
0.0383834838867188 0.0704803466796875 0.20025634765625 -0.509857177734375
-0.0917510986328125 0.0344390869140625 0.64898681640625 -0.2598876953125
-0.0735092163085938 -0.05126953125 0.530059814453125 0.094573974609375
-0.0357131958007812 -0.105010986328125 0.0019989013671875 -0.0849838256835937
-0.039642333984375 -0.057891845703125 -0.0490570068359375 0.166122436523437
-0.106513977050781 -0.053985595703125 -0.3968505859375 -0.0617675781250001
-0.132476806640625 0.0291290283203125 -0.58673095703125 0.1776123046875
-0.0670700073242188 0.110397338867188 -0.34490966796875 0.537261962890625
0.01409912109375 0.1251220703125 0.104400634765625 0.48919677734375
0.0874176025390625 0.07659912109375 0.375823974609375 0.178192138671875
0.116363525390625 -0.0076446533203125 0.33709716796875 -0.1202392578125
0.0899200439453125 -0.017242431640625 0.168472290039063 -0.226104736328125
0.0966415405273437 -0.0227432250976562 0.031402587890625 -0.259521484375
0.0989303588867188 -0.0099334716796875 0.048553466796875 -0.282012939453125
0.0818710327148438 0.0265121459960938 0.063079833984375 -0.33526611328125
0.0520858764648438 0.0510368347167969 0.208221435546875 -0.3421630859375
0.00521087646484375 0.082305908203125 0.45574951171875 -0.312774658203125
-0.0427742004394531 0.0669021606445313 0.60858154296875 -0.14068603515625
-0.0574455261230469 0.0163688659667969 0.525238037109375 0.072357177734375
-0.144775390625 -0.198287963867188 0.00386857986450194 0.00875616073608397
-0.170974731445313 -0.113372802734375 -0.529876708984375 -0.26214599609375
-0.184890747070313 0.0728912353515625 -0.72686767578125 0.14593505859375
-0.04400634765625 0.15625 -0.389617919921875 0.49688720703125
0.0575714111328125 0.113716125488281 0.037811279296875 0.3892822265625
0.125503540039063 0.057952880859375 0.220535278320312 0.111053466796875
0.10150146484375 -0.0307998657226563 0.1494140625 -0.118743896484375
0.140045166015625 -0.0556564331054688 -0.00994873046874997 -0.197723388671875
0.0837783813476563 -0.0388565063476563 -0.137054443359375 -0.273895263671875
0.20440673828125 -0.046539306640625 -0.00811767578125 -0.27215576171875
0.198333740234375 0.0553131103515625 -0.02362060546875 -0.297515869140625
0.14544677734375 0.143890380859375 0.085479736328125 -0.356842041015625
-0.0262451171875 0.220382690429688 0.383148193359375 -0.42633056640625
-0.184280395507812 0.167816162109375 0.630859375 -0.268310546875
-0.239730834960938 -0.000106811523437487 0.65057373046875 0.01715087890625
-0.249298095703125 -0.3035888671875 -0.223098754882813 0.102447509765625
-0.3262939453125 -0.18682861328125 -0.48651123046875 -0.155670166015625
-0.376800537109375 0.0574645996093751 -0.61065673828125 0.0897216796874999
-0.18475341796875 0.294891357421875 -0.383758544921875 0.415863037109375
0.0697021484375 0.30511474609375 -0.012237548828125 0.3841552734375
0.27593994140625 0.140090942382813 0.211715698242188 0.149581909179687
0.282623291015625 -0.062957763671875 0.196807861328125 -0.0709686279296875
0.239883422851562 -0.096099853515625 0.0605926513671875 -0.145523071289063
0.264434814453125 -0.1231689453125 -0.0595245361328125 -0.167144775390625
0.28668212890625 -0.074127197265625 -0.086517333984375 -0.264617919921875
0.276962280273438 0.07440185546875 -0.104949951171875 -0.30047607421875
0.196258544921875 0.195053100585938 0.0342407226562501 -0.39044189453125
-0.05926513671875 0.29815673828125 0.43792724609375 -0.342376708984375
-0.276870727539063 0.2059326171875 0.5325927734375 -0.08917236328125
-0.326507568359375 -0.03558349609375 0.569580078125 -0.0018310546875
-0.3076171875 -0.313018798828125 -0.314849853515625 -0.00256347656250004
-0.392333984375 -0.156585693359375 -0.56036376953125 -0.177825927734375
-0.397186279296875 0.12493896484375 -0.6048583984375 0.0976562500000001
-0.14227294921875 0.347991943359375 -0.381500244140625 0.342987060546875
0.142791748046875 0.271759033203125 -0.062469482421875 0.311859130859375
0.265884399414063 0.0271453857421875 0.105514526367188 0.131324768066406
0.290069580078125 -0.097991943359375 0.0951919555664063 -0.0263442993164063
0.255203247070313 -0.12078857421875 -0.0248336791992187 -0.0834732055664063
0.145706176757813 -0.169021606445313 -0.146896362304687 -0.148284912109375
0.308868408203125 -0.09490966796875 -0.156463623046875 -0.292022705078125
0.30718994140625 0.073150634765625 -0.17578125 -0.314605712890625
0.207717895507813 0.253875732421875 0.02734375 -0.426727294921875
-0.068878173828125 0.317413330078125 0.444610595703125 -0.342559814453125
-0.321533203125 0.19189453125 0.500701904296875 -0.065155029296875
-0.319244384765625 -0.084228515625 0.195907592773437 0.0773468017578125
-0.316497802734375 -0.2271728515625 -0.0670318603515625 -0.167770385742188
-0.381134033203125 -0.0277099609375 -0.47076416015625 -0.31689453125
-0.26171875 0.25506591796875 -0.611328125 6.10351562500321E-05
0.099884033203125 0.289276123046875 -0.4276123046875 0.25946044921875
0.229339599609375 0.0906829833984375 -0.152923583984375 0.28277587890625
0.200042724609375 -0.112167358398438 0.020751953125 0.169906616210937
0.0941162109375 -0.178268432617188 0.0422592163085938 0.0299453735351562
0.0897369384765625 -0.172286987304687 -0.0504837036132812 -0.0363731384277344
0.28875732421875 -0.148101806640625 -0.186019897460937 -0.0633697509765625
0.282440185546875 -0.10784912109375 -0.2474365234375 -0.186111450195312
0.303741455078125 0.143951416015625 -0.235809326171875 -0.335784912109375
0.153289794921875 0.29058837890625 -0.00485229492187494 -0.4710693359375
-0.181427001953125 0.31298828125 0.42340087890625 -0.404571533203125
-0.38836669921875 0.12408447265625 0.495574951171875 -0.13128662109375
-0.385345458984375 -0.158905029296875 0.306915283203125 -0.06793212890625
-0.308013916015625 -0.152496337890625 -0.249496459960938 -0.15484619140625
-0.30450439453125 0.099639892578125 -0.4764404296875 -0.285614013671875
-0.09368896484375 0.30181884765625 -0.5908203125 0.00488281250000004
0.162384033203125 0.21881103515625 -0.4466552734375 0.2491455078125
0.225692749023438 0.01580810546875 -0.19293212890625 0.310455322265625
0.157791137695313 -0.154937744140625 -0.00547790527343748 0.23382568359375
0.0588226318359375 -0.183975219726563 -0.032379150390625 0.109107971191406
0.068328857421875 -0.175323486328125 -0.0427093505859375 0.0375251770019531
0.0980682373046875 -0.20703125 -0.174362182617188 -0.03997802734375
0.18646240234375 -0.159576416015625 -0.266021728515625 -0.190521240234375
0.226394653320313 0.159530639648438 -0.24615478515625 -0.369384765625
0.1585693359375 0.20477294921875 0.0910339355468751 -0.4666748046875
-0.14892578125 0.250213623046875 0.491851806640625 -0.347564697265625
-0.279327392578125 0.0409698486328125 0.478240966796875 0.0103759765625
-0.222808837890625 -0.176956176757813 0.0894622802734375 -0.0573501586914063
-0.244522094726563 -0.080780029296875 -0.1854248046875 -0.1937255859375
-0.196258544921875 0.122299194335937 -0.4892578125 -0.23193359375
-0.00302124023437501 0.234146118164063 -0.5748291015625 0.0479736328125
0.083221435546875 0.146408081054688 -0.33673095703125 0.291290283203125
0.126800537109375 0.059844970703125 -0.147506713867187 0.264389038085938
0.10009765625 -0.154327392578125 0.00378417968749998 0.299896240234375
0.0320281982421875 -0.153839111328125 0.058746337890625 0.176727294921875
0.103042602539063 -0.0969696044921875 -0.1673583984375 0.149215698242187
0.139106750488281 -0.0995254516601563 -0.307586669921875 0.0557250976562499
0.165435791015625 -0.0309600830078125 -0.256011962890625 -0.176986694335938
0.184967041015625 0.035430908203125 -0.244049072265625 -0.4139404296875
0.042236328125 0.155899047851563 0.11572265625 -0.516387939453125
-0.160049438476563 0.142242431640625 0.56341552734375 -0.33526611328125
-0.21240234375 -0.0539703369140625 0.408233642578125 -0.037567138671875
-0.155899047851563 -0.18548583984375 0.09222412109375 -0.187942504882813
-0.141921997070313 -0.02813720703125 -0.225341796875 -0.177688598632813
-0.0818710327148438 0.080352783203125 -0.49725341796875 -0.16571044921875
0.0353622436523438 0.122825622558594 -0.551788330078125 0.11322021484375
0.113128662109375 0.0392532348632813 -0.424591064453125 0.347137451171875
0.0931015014648438 -0.062896728515625 -0.16156005859375 0.410064697265625
0.031158447265625 -0.103500366210938 0.026947021484375 0.338836669921875
-0.0142059326171875 -0.104667663574219 0.0862579345703125 0.231430053710938
-0.00182342529296876 -0.113006591796875 -0.00714111328125 0.156661987304688
0.0259475708007813 -0.124412536621094 -0.176101684570312 0.057647705078125
0.07537841796875 -0.0828475952148438 -0.261962890625 -0.157562255859375
0.102157592773438 0.00341033935546875 -0.176177978515625 -0.40057373046875
0.0426559448242188 0.0704193115234375 0.196685791015625 -0.52703857421875
-0.0919265747070313 0.0412521362304687 0.6650390625 -0.28094482421875
-0.075286865234375 -0.0509033203125 0.549530029296875 0.0863037109375
-0.0389938354492188 -0.108840942382813 -0.000267028808593749 -0.0845718383789063
-0.0438346862792969 -0.0556793212890625 -0.0456085205078125 0.214309692382813
-0.114082336425781 -0.0435638427734375 -0.39813232421875 -0.052825927734375
-0.137153625488281 0.0431442260742187 -0.5943603515625 0.20294189453125
-0.06219482421875 0.121788024902344 -0.32135009765625 0.57147216796875
0.0276947021484375 0.131240844726563 0.1419677734375 0.494476318359375
0.101188659667969 0.0701904296875 0.400115966796875 0.1495361328125
0.118019104003906 -0.0201644897460937 0.336761474609375 -0.160797119140625
0.0882034301757813 -0.0260543823242188 0.153549194335938 -0.257965087890625
0.0944290161132812 -0.03424072265625 0.0138092041015625 -0.2777099609375
0.100334167480469 -0.021759033203125 0.039520263671875 -0.300628662109375
0.08892822265625 0.0172653198242188 0.051971435546875 -0.34912109375
0.0579872131347656 0.0471458435058594 0.200836181640625 -0.35687255859375
0.0165786743164062 0.0842819213867188 0.4422607421875 -0.342742919921875
-0.036346435546875 0.0751800537109375 0.60919189453125 -0.18389892578125
-0.059356689453125 0.0237083435058594 0.54986572265625 0.030029296875
-0.160552978515625 -0.190963745117187 0.00639629364013671 0.00491094589233397
-0.180892944335938 -0.107131958007813 -0.5594482421875 -0.248779296875
-0.186798095703125 0.08514404296875 -0.74322509765625 0.181640625
-0.0379791259765625 0.162521362304688 -0.377105712890625 0.53057861328125
0.0660018920898438 0.114906311035156 0.055908203125 0.398651123046875
0.140388488769531 0.054901123046875 0.229888916015625 0.103134155273437
0.103713989257813 -0.036712646484375 0.143218994140625 -0.132339477539063
0.133018493652344 -0.0674514770507813 0.0129547119140625 -0.210311889648437
0.0831222534179688 -0.0461502075195313 -0.157669067382813 -0.2706298828125
0.209197998046875 -0.0721435546875 -0.018402099609375 -0.285888671875
0.215423583984375 0.0367279052734375 -0.031097412109375 -0.301483154296875
0.168670654296875 0.1373291015625 0.07415771484375 -0.358001708984375
-0.00299072265625 0.233734130859375 0.3548583984375 -0.450897216796875
-0.17364501953125 0.196640014648437 0.61578369140625 -0.32464599609375
-0.250747680664063 0.0261993408203125 0.67822265625 -0.0513916015625
-0.285308837890625 -0.2911376953125 -0.208816528320312 0.1307373046875
-0.353912353515625 -0.164093017578125 -0.495635986328125 -0.132598876953125
-0.39154052734375 0.0943603515625001 -0.6226806640625 0.11834716796875
-0.167510986328125 0.329254150390625 -0.3670654296875 0.44561767578125
0.10504150390625 0.317657470703125 0.014373779296875 0.393524169921875
0.3106689453125 0.116943359375 0.227127075195313 0.136215209960938
0.29168701171875 -0.09783935546875 0.195724487304688 -0.0948486328125
0.240478515625 -0.128173828125 0.05242919921875 -0.162200927734375
0.2646484375 -0.16143798828125 -0.0662689208984375 -0.174636840820313
0.29400634765625 -0.110687255859375 -0.100601196289063 -0.267440795898438
0.301025390625 0.05084228515625 -0.117645263671875 -0.29705810546875
0.225006103515625 0.188491821289062 0.018829345703125 -0.39129638671875
-0.034881591796875 0.3204345703125 0.438262939453125 -0.37115478515625
-0.26739501953125 0.243194580078125 0.54754638671875 -0.152191162109375
-0.344879150390625 -0.00625610351562499 0.59051513671875 -0.0614013671875
-0.345428466796875 -0.297393798828125 -0.3160400390625 0.03338623046875
-0.420684814453125 -0.127716064453125 -0.57598876953125 -0.14349365234375
-0.40869140625 0.168670654296875 -0.6112060546875 0.12860107421875
-0.11968994140625 0.3828125 -0.373779296875 0.368621826171875
0.177322387695313 0.26531982421875 -0.045623779296875 0.321044921875
0.282928466796875 0.007171630859375 0.114639282226562 0.127433776855469
0.29815673828125 -0.134246826171875 0.0948028564453125 -0.0360183715820313
0.255355834960938 -0.155136108398438 -0.0304183959960937 -0.0861129760742188
0.175506591796875 -0.1900634765625 -0.159530639648438 -0.144317626953125
0.3128662109375 -0.1326904296875 -0.18072509765625 -0.297943115234375
0.328216552734375 0.0462646484375 -0.1951904296875 -0.306732177734375
0.2435302734375 0.2515869140625 0.005523681640625 -0.431610107421875
-0.050628662109375 0.33892822265625 0.42413330078125 -0.3931884765625
-0.317626953125 0.22796630859375 0.5107421875 -0.069061279296875
-0.332489013671875 -0.0655517578125 0.187057495117187 0.0819549560546875
-0.336761474609375 -0.2105712890625 -0.0760955810546875 -0.173797607421875
-0.377197265625 0.0343322753906249 -0.5030517578125 -0.306610107421875
-0.25537109375 0.282684326171875 -0.6337890625 0.027099609375
0.1204833984375 0.290283203125 -0.42718505859375 0.2867431640625
0.242431640625 0.0799407958984375 -0.1436767578125 0.300262451171875
0.200485229492187 -0.12823486328125 0.0318145751953125 0.174102783203125
0.0862274169921875 -0.188064575195312 0.0437965393066406 0.0267753601074219
0.079132080078125 -0.18218994140625 -0.0537452697753906 -0.0354881286621094
0.291412353515625 -0.1893310546875 -0.188018798828125 -0.0614013671875001
0.28228759765625 -0.14068603515625 -0.261871337890625 -0.169815063476563
0.338653564453125 0.12469482421875 -0.260101318359375 -0.323150634765625
0.19049072265625 0.29669189453125 -0.032958984375 -0.473236083984375
-0.163665771484375 0.34637451171875 0.41400146484375 -0.43243408203125
-0.392730712890625 0.167144775390625 0.4969482421875 -0.163787841796875
-0.416107177734375 -0.128692626953125 0.30792236328125 -0.100372314453125
-0.32391357421875 -0.1353759765625 -0.240341186523437 -0.154205322265625
-0.30615234375 0.120361328125 -0.50543212890625 -0.274444580078125
-0.078948974609375 0.315521240234375 -0.61297607421875 0.0308837890625
0.182052612304688 0.215805053710938 -0.4503173828125 0.279571533203125
0.235183715820312 0.0025787353515625 -0.18267822265625 0.3309326171875
0.154495239257813 -0.17059326171875 0.00906372070312499 0.239883422851563
0.05023193359375 -0.19207763671875 -0.0281829833984375 0.1190185546875
0.0575103759765625 -0.184356689453125 -0.0410041809082031 0.0385360717773437
0.0859527587890625 -0.220474243164063 -0.189712524414063 -0.019989013671875
0.181503295898438 -0.17645263671875 -0.281768798828125 -0.17803955078125
0.25897216796875 0.149520874023438 -0.273193359375 -0.358184814453125
0.1822509765625 0.195663452148438 0.07476806640625 -0.4847412109375
-0.135345458984375 0.267669677734375 0.4903564453125 -0.381988525390625
-0.283477783203125 0.058929443359375 0.4947509765625 -0.013214111328125
-0.249969482421875 -0.171737670898438 0.09954833984375 -0.0784072875976563
-0.255020141601563 -0.065948486328125 -0.201019287109375 -0.192977905273437
-0.19342041015625 0.137588500976563 -0.517120361328125 -0.217376708984375
0.010589599609375 0.240890502929688 -0.59381103515625 0.0744628906250001
0.104873657226562 0.148284912109375 -0.33514404296875 0.313323974609375
0.142593383789063 0.0568389892578125 -0.142974853515625 0.27996826171875
0.0972747802734375 -0.162857055664063 0.022369384765625 0.30712890625
0.0735244750976562 -0.138679504394531 0.070709228515625 0.175186157226563
0.102066040039062 -0.112678527832031 -0.159637451171875 0.173751831054688
0.139793395996094 -0.119636535644531 -0.31005859375 0.089111328125
0.174819946289062 -0.0470428466796875 -0.2666015625 -0.166793823242188
0.191558837890625 0.0257110595703125 -0.27825927734375 -0.405914306640625
0.0516204833984375 0.159988403320313 0.09234619140625 -0.536163330078125
-0.154159545898438 0.15643310546875 0.5633544921875 -0.3741455078125
-0.223220825195313 -0.0378265380859375 0.410797119140625 -0.054046630859375
-0.177017211914063 -0.180770874023437 0.0716705322265625 -0.196929931640625
-0.14630126953125 -0.0178070068359375 -0.24334716796875 -0.173583984375
-0.0786666870117188 0.0872802734375 -0.524749755859375 -0.149017333984375
0.043975830078125 0.124855041503906 -0.56805419921875 0.14288330078125
0.1201171875 0.0328445434570313 -0.42144775390625 0.382171630859375
0.0931472778320313 -0.069915771484375 -0.143707275390625 0.432220458984375
0.0275421142578125 -0.110458374023437 0.050018310546875 0.347900390625
-0.0198287963867188 -0.10711669921875 0.102554321289063 0.229278564453125
-0.0101165771484375 -0.116294860839844 0.00382995605468751 0.15765380859375
0.017608642578125 -0.130775451660156 -0.175186157226563 0.0685272216796874
0.073150634765625 -0.0910720825195313 -0.276901245117187 -0.1458740234375
0.105461120605469 -0.0036773681640625 -0.2001953125 -0.399627685546875
0.0484428405761719 0.0688362121582031 0.177825927734375 -0.551666259765625
-0.0898284912109375 0.0485382080078125 0.6722412109375 -0.3212890625
-0.079833984375 -0.048431396484375 0.57086181640625 0.0611572265625
-0.0470046997070312 -0.111228942871094 -0.00593566894531251 -0.0829315185546875
-0.0478630065917969 -0.0511245727539063 -0.01544189453125 0.228775024414062
-0.116958618164063 -0.0302505493164063 -0.391143798828125 -0.03790283203125
-0.136436462402344 0.0594940185546875 -0.587158203125 0.2359619140625
-0.0523681640625 0.132095336914063 -0.27935791015625 0.5950927734375
0.0450286865234375 0.13116455078125 0.18658447265625 0.480560302734375
0.113143920898438 0.0579147338867188 0.412933349609375 0.107574462890625
0.115776062011719 -0.0342864990234375 0.318511962890625 -0.203125
0.0828323364257813 -0.0359954833984375 0.126007080078125 -0.285491943359375
0.088226318359375 -0.0470046997070313 -0.011383056640625 -0.290069580078125
0.0961227416992188 -0.0356521606445313 0.021575927734375 -0.314788818359375
0.091583251953125 0.00452423095703125 0.033782958984375 -0.357269287109375
0.0633354187011719 0.0407562255859375 0.18341064453125 -0.3699951171875
0.0272369384765625 0.079193115234375 0.41162109375 -0.367767333984375
-0.0270156860351563 0.082366943359375 0.591064453125 -0.23065185546875
-0.0577163696289063 0.0333099365234375 0.5594482421875 -0.024078369140625
-0.1724853515625 -0.17535400390625 0.01019287109375 -0.00337982177734376
-0.188446044921875 -0.0936279296875 -0.5831298828125 -0.2188720703125
-0.183273315429688 0.0995941162109375 -0.741943359375 0.227294921875
-0.0284576416015625 0.166030883789063 -0.345855712890625 0.55780029296875
0.0759353637695313 0.112007141113281 0.08074951171875 0.399322509765625
0.151565551757813 0.0435791015625 0.236083984375 0.088409423828125
0.103965759277344 -0.0443115234375 0.130126953125 -0.144210815429688
0.120674133300781 -0.0772628784179688 0.00379943847656253 -0.217941284179688
0.0803298950195313 -0.0540008544921875 -0.179840087890625 -0.258285522460937
0.204940795898437 -0.101882934570312 -0.033935546875 -0.29449462890625
0.22613525390625 0.0098724365234375 -0.042633056640625 -0.29937744140625
0.190017700195313 0.120086669921875 0.0576171875 -0.35455322265625
0.0247802734375 0.23876953125 0.307891845703125 -0.46923828125
-0.1510009765625 0.224639892578125 0.57574462890625 -0.38018798828125
-0.251419067382812 0.0599212646484375 0.677001953125 -0.13568115234375
-0.31842041015625 -0.261962890625 -0.183242797851563 0.157806396484375
-0.3714599609375 -0.126708984375 -0.492034912109375 -0.101043701171875
-0.391510009765625 0.1392822265625 -0.61767578125 0.15313720703125
-0.134918212890625 0.358917236328125 -0.332366943359375 0.468994140625
0.14794921875 0.316558837890625 0.04681396484375 0.388092041015625
0.336151123046875 0.07904052734375 0.238922119140625 0.112777709960937
0.28668212890625 -0.139495849609375 0.186569213867188 -0.120925903320312
0.229446411132813 -0.162399291992187 0.0379180908203125 -0.176284790039063
0.25091552734375 -0.202560424804688 -0.076995849609375 -0.17706298828125
0.28753662109375 -0.15252685546875 -0.118011474609375 -0.26702880859375
0.3175048828125 0.01702880859375 -0.130584716796875 -0.285736083984375
0.252197265625 0.169296264648438 -0.00256347656249995 -0.3839111328125
-0.000396728515625031 0.3326416015625 0.417877197265625 -0.3995361328125
-0.242660522460938 0.27923583984375 0.540985107421875 -0.207855224609375
-0.35406494140625 0.03485107421875 0.58746337890625 -0.13348388671875
-0.378082275390625 -0.263427734375 -0.303619384765625 0.0728759765625
-0.438720703125 -0.0839233398437499 -0.5760498046875 -0.098388671875
-0.402313232421875 0.217041015625 -0.60028076171875 0.16571044921875
-0.080657958984375 0.408966064453125 -0.3526611328125 0.393524169921875
0.211318969726562 0.241729736328125 -0.02166748046875 0.321380615234375
0.2939453125 -0.02105712890625 0.124176025390625 0.117568969726563
0.292266845703125 -0.177093505859375 0.089996337890625 -0.0467605590820313
0.240447998046875 -0.19122314453125 -0.0379791259765625 -0.0872421264648438
0.180450439453125 -0.215545654296875 -0.175216674804688 -0.141006469726562
0.294219970703125 -0.17486572265625 -0.2044677734375 -0.28045654296875
0.34271240234375 0.010528564453125 -0.213623046875 -0.286163330078125
0.279067993164063 0.234588623046875 -0.0205078125 -0.427490234375
-0.0244140625 0.356109619140625 0.38995361328125 -0.433074951171875
-0.300384521484375 0.265472412109375 0.513275146484375 -0.08331298828125
-0.333740234375 -0.0409851074218751 0.176055908203125 0.0858001708984375
-0.352142333984375 -0.18634033203125 -0.0876312255859375 -0.175155639648438
-0.373199462890625 0.0669250488281249 -0.52838134765625 -0.279815673828125
-0.237884521484375 0.308868408203125 -0.6416015625 0.064453125
0.144256591796875 0.28350830078125 -0.41473388671875 0.3170166015625
0.25244140625 0.061431884765625 -0.125213623046875 0.314208984375
0.193618774414063 -0.147384643554687 0.0452880859375 0.173233032226563
0.074066162109375 -0.196243286132812 0.04425048828125 0.0225906372070312
0.0650787353515625 -0.188995361328125 -0.0569992065429687 -0.0335006713867188
0.278579711914062 -0.23370361328125 -0.190444946289062 -0.0478973388671875
0.265975952148438 -0.17779541015625 -0.270919799804688 -0.145523071289063
0.368011474609375 0.091644287109375 -0.28289794921875 -0.295654296875
0.23040771484375 0.288055419921875 -0.06658935546875 -0.464569091796875
-0.131317138671875 0.373748779296875 0.3900146484375 -0.456207275390625
-0.379180908203125 0.215728759765625 0.481414794921875 -0.19952392578125
-0.436309814453125 -0.08306884765625 0.295318603515625 -0.136474609375
-0.33367919921875 -0.1102294921875 -0.18988037109375 -0.171905517578125
-0.29718017578125 0.144256591796875 -0.531402587890625 -0.247100830078125
-0.056854248046875 0.324676513671875 -0.62164306640625 0.0703125
0.201171875 0.202682495117188 -0.438385009765625 0.314544677734375
0.239212036132813 -0.0159454345703125 -0.16021728515625 0.34869384765625
0.143966674804688 -0.185577392578125 0.02813720703125 0.240447998046875
0.03753662109375 -0.198211669921875 -0.0184326171875 0.126106262207031
0.04205322265625 -0.189971923828125 -0.0382423400878906 0.0394973754882812
0.067138671875 -0.230194091796875 -0.200973510742188 0.00718688964843745
0.16827392578125 -0.193222045898438 -0.2923583984375 -0.157623291015625
0.288970947265625 0.126220703125 -0.301055908203125 -0.33447265625
0.206710815429688 0.17388916015625 0.04656982421875 -0.494415283203125
-0.114608764648437 0.280288696289063 0.470489501953125 -0.41766357421875
-0.28033447265625 0.079803466796875 0.500152587890625 -0.04656982421875
-0.260162353515625 -0.155609130859375 0.100372314453125 -0.098785400390625
-0.259567260742188 -0.044647216796875 -0.216598510742188 -0.18365478515625
-0.183700561523438 0.153030395507812 -0.5404052734375 -0.186492919921875
0.027984619140625 0.24261474609375 -0.60028076171875 0.11407470703125
0.125 0.142898559570313 -0.31695556640625 0.334747314453125
0.158599853515625 0.0485687255859375 -0.129058837890625 0.291900634765625
0.0940704345703125 -0.167892456054688 0.04638671875 0.306396484375
0.0641021728515625 -0.150894165039063 0.0838623046875 0.1689453125
0.0958251953125 -0.128349304199219 -0.142135620117188 0.197677612304687
0.132980346679688 -0.141281127929688 -0.30023193359375 0.12542724609375
0.177841186523438 -0.0685577392578125 -0.2769775390625 -0.148284912109375
0.195266723632813 0.01171875 -0.312042236328125 -0.38201904296875
0.0650634765625 0.160110473632812 0.056549072265625 -0.5452880859375
-0.140640258789063 0.169815063476563 0.545440673828125 -0.4140625
-0.228378295898437 -0.0147552490234375 0.402801513671875 -0.07269287109375
-0.198394775390625 -0.166595458984375 0.0443267822265625 -0.195663452148438
-0.146133422851563 -0.00491333007812498 -0.259719848632813 -0.160842895507813
-0.0723876953125 0.0943527221679687 -0.54425048828125 -0.116302490234375
0.0531158447265625 0.122581481933594 -0.5679931640625 0.18096923828125
0.124198913574219 0.023651123046875 -0.40093994140625 0.415863037109375
0.0913772583007813 -0.0781402587890625 -0.112457275390625 0.449554443359375
0.0221023559570313 -0.113899230957031 0.07830810546875 0.346435546875
-0.0267181396484375 -0.108184814453125 0.120346069335938 0.221588134765625
-0.0206832885742188 -0.116508483886719 0.015960693359375 0.155197143554688
0.00641632080078125 -0.134788513183594 -0.1693115234375 0.082000732421875
0.0673751831054688 -0.0987701416015625 -0.28778076171875 -0.124176025390625
0.105972290039063 -0.0124053955078125 -0.227691650390625 -0.386993408203125
0.0536880493164063 0.0641441345214844 0.14361572265625 -0.56939697265625
-0.08404541015625 0.0559921264648438 0.65765380859375 -0.36676025390625
-0.0828933715820313 -0.043182373046875 0.58251953125 0.02471923828125
-0.0558624267578125 -0.109992980957031 -0.012451171875 -0.0780258178710938
-0.0503120422363281 -0.046295166015625 0.0179443359375 0.224166870117188
-0.114418029785156 -0.0167465209960938 -0.37481689453125 -0.0264892578125
-0.130828857421875 0.0744705200195313 -0.5662841796875 0.2569580078125
-0.0393524169921875 0.137382507324219 -0.23309326171875 0.5972900390625
0.0608139038085937 0.124679565429688 0.221588134765625 0.45166015625
0.118240356445312 0.042022705078125 0.4105224609375 0.064361572265625
0.107948303222656 -0.0471954345703125 0.287567138671875 -0.238189697265625
0.0760421752929688 -0.042572021484375 0.0921630859375 -0.301666259765625
0.0775070190429688 -0.054229736328125 -0.0360107421875 -0.292938232421875
0.0867691040039063 -0.048095703125 0.00311279296874999 -0.3214111328125
0.089691162109375 -0.00786590576171875 0.014495849609375 -0.35406494140625
0.0645713806152344 0.0330238342285156 0.161163330078125 -0.37103271484375
0.036041259765625 0.0711669921875 0.3720703125 -0.37872314453125
-0.0171585083007813 0.085540771484375 0.5570068359375 -0.26531982421875
-0.0539131164550781 0.041259765625 0.54827880859375 -0.07513427734375
-0.181045532226562 -0.158309936523438 0.0111932754516601 -0.0101547241210938
-0.188247680664062 -0.079620361328125 -0.58837890625 -0.1849365234375
-0.175033569335938 0.1107177734375 -0.72210693359375 0.26495361328125
-0.0189666748046875 0.16595458984375 -0.30853271484375 0.56854248046875
0.083404541015625 0.1060791015625 0.103668212890625 0.3876953125
0.161117553710938 0.0308074951171875 0.235107421875 0.0726470947265625
0.102096557617188 -0.0516510009765625 0.113967895507813 -0.149566650390625
0.105133056640625 -0.0811920166015625 -0.0108489990234375 -0.21832275390625
0.075286865234375 -0.0599441528320313 -0.19378662109375 -0.239761352539063
0.189346313476563 -0.12744140625 -0.052032470703125 -0.29730224609375
0.227584838867188 -0.0167999267578125 -0.050567626953125 -0.292266845703125
0.204727172851563 0.098114013671875 0.04498291015625 -0.341094970703125
0.0536346435546875 0.233413696289063 0.257537841796875 -0.4625244140625
-0.121185302734375 0.24090576171875 0.519500732421875 -0.41290283203125
-0.242050170898438 0.0906524658203125 0.64990234375 -0.2108154296875
-0.336212158203125 -0.2239990234375 -0.14764404296875 0.173065185546875
-0.37298583984375 -0.08544921875 -0.472381591796875 -0.0727233886718751
-0.3780517578125 0.1771240234375 -0.59521484375 0.17828369140625
-0.10003662109375 0.3748779296875 -0.295745849609375 0.473541259765625
0.18524169921875 0.30059814453125 0.075347900390625 0.368927001953125
0.34844970703125 0.036834716796875 0.2408447265625 0.088409423828125
0.267227172851562 -0.1744384765625 0.16796875 -0.142196655273437
0.208023071289063 -0.189865112304688 0.0177001953125 -0.184219360351563
0.225479125976563 -0.237380981445313 -0.0851593017578124 -0.176406860351563
0.269287109375 -0.188522338867187 -0.126510620117187 -0.25482177734375
0.323150634765625 -0.0205078125 -0.13580322265625 -0.266433715820313
0.268661499023438 0.14337158203125 -0.017913818359375 -0.36541748046875
0.035308837890625 0.332183837890625 0.38726806640625 -0.4136962890625
-0.209075927734375 0.302459716796875 0.51348876953125 -0.253173828125
-0.346343994140625 0.0723266601562501 0.560943603515625 -0.19989013671875
-0.396240234375 -0.221435546875 -0.275985717773437 0.104110717773438
-0.43890380859375 -0.0367431640625 -0.552581787109375 -0.057647705078125
-0.382843017578125 0.259674072265625 -0.57379150390625 0.193115234375
-0.035247802734375 0.416656494140625 -0.326263427734375 0.4029541015625
0.233657836914063 0.219741821289063 9.15527343750083E-05 0.313262939453125
0.292816162109375 -0.051727294921875 0.127754211425781 0.104095458984375
0.272567749023438 -0.214920043945313 0.081939697265625 -0.0560379028320313
0.21405029296875 -0.218002319335938 -0.0452423095703125 -0.0848464965820313
0.163070678710938 -0.234268188476563 -0.185836791992188 -0.132415771484375
0.272735595703125 -0.206558227539063 -0.213699340820313 -0.239227294921875
0.3446044921875 -0.023834228515625 -0.222061157226563 -0.260345458984375
0.306549072265625 0.20806884765625 -0.04278564453125 -0.411407470703125
0.00152587890624999 0.3687744140625 0.349945068359375 -0.453338623046875
-0.271881103515625 0.292388916015625 0.5018310546875 -0.109283447265625
-0.3197021484375 -0.022430419921875 0.1990966796875 0.056549072265625
-0.35540771484375 -0.158905029296875 -0.09765625 -0.17132568359375
-0.391357421875 0.061859130859375 -0.5391845703125 -0.24920654296875
-0.201416015625 0.3277587890625 -0.63299560546875 0.0980224609374999
0.160491943359375 0.269149780273438 -0.39093017578125 0.33795166015625
0.255172729492188 0.0414886474609375 -0.10418701171875 0.3173828125
0.18133544921875 -0.1611328125 0.055877685546875 0.166656494140625
0.0601959228515625 -0.1993408203125 0.0440025329589844 0.0180435180664062
0.049468994140625 -0.1903076171875 -0.0598182678222656 -0.0299835205078125
0.253662109375 -0.269515991210938 -0.187103271484375 -0.0323486328125
0.238845825195313 -0.204025268554688 -0.270736694335938 -0.12139892578125
0.383544921875 0.05328369140625 -0.29388427734375 -0.26318359375
0.26336669921875 0.26654052734375 -0.090057373046875 -0.441314697265625
-0.09442138671875 0.3873291015625 0.353759765625 -0.470794677734375
-0.352264404296875 0.25390625 0.453277587890625 -0.225372314453125
-0.439697265625 -0.03564453125 0.271499633789063 -0.162811279296875
-0.331573486328125 -0.084228515625 -0.218719482421875 -0.145370483398438
-0.280426025390625 0.162139892578125 -0.5399169921875 -0.21533203125
-0.034210205078125 0.324951171875 -0.61224365234375 0.10174560546875
0.211578369140625 0.186309814453125 -0.414520263671875 0.336212158203125
0.237442016601563 -0.0339508056640625 -0.137115478515625 0.353668212890625
0.129989624023438 -0.196380615234375 0.044158935546875 0.233047485351563
0.0229034423828125 -0.1993408203125 -0.00720214843750001 0.128814697265625
0.0280303955078125 -0.190948486328125 -0.0352745056152344 0.0390625
0.0477447509765625 -0.231521606445312 -0.201263427734375 0.0374755859375
0.151016235351563 -0.20477294921875 -0.29296875 -0.13690185546875
0.3082275390625 0.09588623046875 -0.3104248046875 -0.3046875
0.215576171875 0.1563720703125 0.0183410644531251 -0.490081787109375
-0.09088134765625 0.284820556640625 0.441070556640625 -0.440155029296875
-0.2691650390625 0.0978240966796875 0.493011474609375 -0.073760986328125
-0.261260986328125 -0.136566162109375 0.091278076171875 -0.109580993652344
-0.25567626953125 -0.0255126953124999 -0.2242431640625 -0.170501708984375
-0.168563842773438 0.162796020507812 -0.545989990234375 -0.154296875
0.044036865234375 0.238540649414062 -0.58978271484375 0.14593505859375
0.139572143554688 0.133514404296875 -0.305908203125 0.348419189453125
0.1702880859375 0.0369720458984375 -0.115142822265625 0.2943115234375
0.0848388671875 -0.173446655273438 0.066680908203125 0.29742431640625
0.040374755859375 -0.160980224609375 0.0933990478515625 0.158721923828125
0.0860443115234375 -0.139892578125 -0.11688232421875 0.2127685546875
0.120895385742188 -0.157318115234375 -0.275985717773438 0.155349731445312
0.1734619140625 -0.0874786376953125 -0.283050537109375 -0.12579345703125
0.193771362304688 -0.0019073486328125 -0.335784912109375 -0.347412109375
0.0783233642578125 0.155258178710938 0.023101806640625 -0.536407470703125
-0.125 0.177734375 0.517578125 -0.44073486328125
-0.223495483398438 0.00634765624999997 0.385894775390625 -0.085113525390625
-0.2108154296875 -0.145767211914062 0.0152740478515625 -0.158187866210938
-0.1414794921875 0.0042266845703125 -0.268203735351563 -0.144134521484375
-0.062957763671875 0.09814453125 -0.546600341796875 -0.0830078125000001
0.0606307983398437 0.118942260742187 -0.552886962890625 0.21014404296875
0.125076293945313 0.012847900390625 -0.37060546875 0.435821533203125
0.0853805541992188 -0.0847854614257813 -0.0821533203125 0.4508056640625
0.016265869140625 -0.11566162109375 0.100341796875 0.334381103515625
-0.0326004028320312 -0.1058349609375 0.131179809570313 0.20831298828125
-0.0292434692382812 -0.113716125488281 0.0273590087890625 0.148193359375
-0.00380706787109376 -0.136581420898438 -0.160079956054688 0.0898590087890625
0.0583953857421875 -0.105377197265625 -0.287139892578125 -0.10296630859375
0.102821350097656 -0.0206680297851563 -0.244140625 -0.365814208984375
0.0584602355957031 0.0574798583984375 0.10992431640625 -0.5684814453125
-0.0778121948242188 0.0622100830078125 0.6280517578125 -0.3983154296875
-0.0844802856445313 -0.036346435546875 0.5743408203125 -0.00701904296875
-0.0636215209960938 -0.105201721191406 -0.0154876708984375 -0.07177734375
-0.0495986938476563 -0.0441856384277344 0.04290771484375 0.19610595703125
-0.108474731445312 -0.00550842285156248 -0.358795166015625 -0.02728271484375
-0.124114990234375 0.0848159790039062 -0.548553466796875 0.262725830078125
-0.0296707153320313 0.140373229980469 -0.20269775390625 0.58734130859375
0.0720672607421875 0.118087768554688 0.238525390625 0.4222412109375
0.118522644042969 0.0279006958007813 0.39862060546875 0.03167724609375
0.0976028442382813 -0.0560531616210937 0.255706787109375 -0.257949829101563
0.0670928955078125 -0.0453872680664062 0.0611572265625 -0.307708740234375
0.0674209594726563 -0.0591812133789063 -0.05419921875 -0.29229736328125
0.0769805908203125 -0.0548324584960938 -0.011383056640625 -0.324493408203125
0.084320068359375 -0.0163726806640625 0.00537109375000003 -0.349151611328125
0.0649490356445313 0.0258827209472656 0.150665283203125 -0.366912841796875
0.0394821166992187 0.0633926391601563 0.341339111328125 -0.372650146484375
-0.00708007812500001 0.0874786376953125 0.5240478515625 -0.28167724609375
-0.0490760803222656 0.0491485595703125 0.5322265625 -0.113677978515625
-0.183822631835938 -0.144454956054688 0.0124282836914062 -0.0141363143920899
-0.185379028320313 -0.0711517333984375 -0.5859375 -0.16314697265625
-0.166702270507813 0.116653442382812 -0.70458984375 0.283447265625
-0.0131988525390625 0.163803100585938 -0.28192138671875 0.56756591796875
0.087127685546875 0.0999374389648438 0.1171875 0.3760986328125
0.169647216796875 0.0191192626953125 0.230850219726563 0.0619659423828125
0.0981597900390625 -0.0564117431640625 0.100601196289062 -0.150833129882813
0.0829315185546875 -0.0694732666015625 -0.0211334228515625 -0.217193603515625
0.0702743530273438 -0.0624427795410156 -0.201675415039062 -0.223876953125
0.17230224609375 -0.145370483398437 -0.0621337890625 -0.298736572265625
0.223190307617188 -0.0394134521484375 -0.05035400390625 -0.284942626953125
0.212173461914063 0.07745361328125 0.042236328125 -0.325958251953125
0.0742645263671875 0.224090576171875 0.223388671875 -0.44256591796875
-0.0942840576171875 0.249374389648438 0.467315673828125 -0.424591064453125
-0.227081298828125 0.113571166992187 0.610595703125 -0.2642822265625
-0.34454345703125 -0.19012451171875 -0.1160888671875 0.178314208984375
-0.36572265625 -0.0541381835937501 -0.447845458984375 -0.0611267089843751
-0.358367919921875 0.20849609375 -0.57440185546875 0.18865966796875
-0.065277099609375 0.378631591796875 -0.264801025390625 0.466156005859375
0.214065551757812 0.280258178710938 0.090179443359375 0.349822998046875
0.34716796875 -0.003814697265625 0.235763549804688 0.0665130615234375
0.247650146484375 -0.203109741210938 0.14886474609375 -0.155288696289063
0.187255859375 -0.208114624023438 0.00187683105468751 -0.189346313476563
0.197845458984375 -0.25750732421875 -0.0914306640625 -0.176925659179688
0.248214721679687 -0.212722778320313 -0.13031005859375 -0.24456787109375
0.323760986328125 -0.047393798828125 -0.133392333984375 -0.254287719726563
0.282470703125 0.121826171875 -0.02099609375 -0.349639892578125
0.063629150390625 0.32586669921875 0.35614013671875 -0.421875
-0.178619384765625 0.31451416015625 0.484466552734375 -0.27996826171875
-0.333251953125 0.10107421875 0.526275634765625 -0.244171142578125
-0.39923095703125 -0.1868896484375 -0.245529174804688 0.125244140625
-0.428314208984375 -0.00201416015624998 -0.523193359375 -0.0342407226562501
-0.35906982421875 0.28936767578125 -0.54559326171875 0.200775146484375
-0.000915527343749966 0.41748046875 -0.307830810546875 0.40374755859375
0.251953125 0.208953857421875 0.010833740234375 0.299072265625
0.29083251953125 -0.072509765625 0.126686096191406 0.0934600830078125
0.249130249023437 -0.242279052734375 0.0732269287109375 -0.0618667602539063
0.191085815429688 -0.235580444335938 -0.0510711669921875 -0.083770751953125
0.1417236328125 -0.243881225585938 -0.1842041015625 -0.118026733398438
0.255081176757813 -0.227920532226563 -0.216903686523438 -0.213653564453125
0.347259521484375 -0.04693603515625 -0.2181396484375 -0.238265991210938
0.323577880859375 0.182373046875 -0.050689697265625 -0.39447021484375
0.024017333984375 0.37353515625 0.318145751953125 -0.45648193359375
-0.24530029296875 0.30682373046875 0.4908447265625 -0.1243896484375
-0.3101806640625 -0.00683593749999994 0.219985961914062 0.0244293212890625
-0.354034423828125 -0.1400146484375 -0.100906372070313 -0.167861938476562
-0.35198974609375 0.0979919433593751 -0.53790283203125 -0.229248046875
-0.12957763671875 0.341552734375 -0.62249755859375 0.11749267578125
0.170745849609375 0.25640869140625 -0.372344970703125 0.346343994140625
0.252853393554688 0.0272216796875 -0.09014892578125 0.316162109375
0.168899536132813 -0.170562744140625 0.061492919921875 0.160354614257813
0.0487213134765625 -0.200241088867188 0.0416030883789063 0.0152168273925781
0.0396270751953125 -0.189178466796875 -0.0599594116210937 -0.0277061462402344
0.2265625 -0.2965087890625 -0.181076049804688 -0.0235443115234375
0.220489501953125 -0.219924926757813 -0.26446533203125 -0.104598999023437
0.392181396484375 0.018463134765625 -0.291473388671875 -0.23394775390625
0.286712646484375 0.244781494140625 -0.100860595703125 -0.418243408203125
-0.064208984375 0.39202880859375 0.322479248046875 -0.473052978515625
-0.323486328125 0.27880859375 0.42791748046875 -0.23358154296875
-0.4332275390625 0.00372314453125006 0.248016357421875 -0.177902221679687
-0.32452392578125 -0.0677490234375 -0.231903076171875 -0.127166748046875
-0.26458740234375 0.170211791992187 -0.53826904296875 -0.1943359375
-0.018280029296875 0.322052001953125 -0.6009521484375 0.121826171875
0.218154907226562 0.17205810546875 -0.396026611328125 0.345947265625
0.232452392578125 -0.045806884765625 -0.11895751953125 0.3526611328125
0.116790771484375 -0.202728271484375 0.0536041259765625 0.225830078125
0.012786865234375 -0.1988525390625 0.00144958496093749 0.130294799804688
0.0167694091796875 -0.18829345703125 -0.0335464477539063 0.0381584167480469
0.0333404541015625 -0.230926513671875 -0.195953369140625 0.0569000244140625
0.135452270507813 -0.207931518554688 -0.29107666015625 -0.12042236328125
0.31964111328125 0.06787109375 -0.307342529296875 -0.281158447265625
0.217971801757813 0.143768310546875 0.00241088867187506 -0.4832763671875
-0.075347900390625 0.28271484375 0.41741943359375 -0.445892333984375
-0.259384155273438 0.106521606445312 0.48193359375 -0.090850830078125
-0.262100219726563 -0.12255859375 0.0823822021484375 -0.112998962402344
-0.248153686523438 -0.013885498046875 -0.227279663085938 -0.160873413085938
-0.155776977539062 0.166702270507813 -0.54302978515625 -0.133209228515625
0.054718017578125 0.233200073242188 -0.5771484375 0.16455078125
0.141983032226563 0.13177490234375 -0.28192138671875 0.34649658203125
0.178924560546875 0.026031494140625 -0.10650634765625 0.293914794921875
0.083343505859375 -0.173492431640625 0.0792236328125 0.286376953125
0.0120849609375 -0.165634155273438 0.096710205078125 0.150161743164063
0.07611083984375 -0.150436401367187 -0.0947113037109375 0.221786499023438
0.110260009765625 -0.169326782226563 -0.252365112304688 0.174102783203125
0.16827392578125 -0.10186767578125 -0.288299560546875 -0.10577392578125
0.190750122070313 -0.0121917724609375 -0.34521484375 -0.31634521484375
0.0878143310546875 0.15045166015625 0.00357055664062496 -0.525115966796875
-0.1123046875 0.1788330078125 0.494110107421875 -0.452117919921875
-0.216094970703125 0.0218505859375 0.37115478515625 -0.08612060546875
-0.217666625976562 -0.126388549804688 0.000724792480468738 -0.137649536132813
-0.134307861328125 0.0117721557617188 -0.268142700195313 -0.13262939453125
-0.0551681518554687 0.097503662109375 -0.54119873046875 -0.0636901855468751
0.0651168823242188 0.114120483398438 -0.5416259765625 0.228240966796875
0.124046325683594 0.00688934326171875 -0.349334716796875 0.444732666015625
0.0819244384765625 -0.0893325805664063 -0.06036376953125 0.44561767578125
0.00968170166015625 -0.118698120117188 0.11505126953125 0.32208251953125
-0.0397720336914062 -0.105667114257813 0.139572143554688 0.195724487304688
-0.03533935546875 -0.110832214355469 0.033294677734375 0.141204833984375
-0.0127105712890625 -0.133506774902344 -0.151657104492188 0.09503173828125
0.0527267456054687 -0.106636047363281 -0.286468505859375 -0.085479736328125
0.10040283203125 -0.0256576538085938 -0.25103759765625 -0.347564697265625
0.0585708618164063 0.0538902282714844 0.089447021484375 -0.560272216796875
-0.070556640625 0.064117431640625 0.60205078125 -0.4132080078125
-0.08203125 -0.0327529907226563 0.56549072265625 -0.02569580078125
-0.0676345825195313 -0.096649169921875 -0.0187225341796875 -0.06378173828125
-0.0492744445800781 -0.0431900024414062 0.0626373291015625 0.183761596679688
-0.102622985839844 0.00134277343749999 -0.348297119140625 -0.037139892578125
-0.119544982910156 0.0930862426757812 -0.545196533203125 0.264801025390625
-0.022796630859375 0.143280029296875 -0.1851806640625 0.58038330078125
0.0810699462890625 0.110984802246094 0.2496337890625 0.400665283203125
0.11767578125 0.0168838500976563 0.38671875 0.006805419921875
0.0887985229492188 -0.0620040893554688 0.229690551757813 -0.273544311523438
0.06060791015625 -0.0476760864257812 0.03594970703125 -0.314544677734375
0.0579299926757813 -0.0610923767089844 -0.068756103515625 -0.295257568359375
0.0678215026855469 -0.0599403381347656 -0.0223388671875 -0.330963134765625
0.0801162719726563 -0.0230331420898438 0.00128173828125 -0.349273681640625
0.0656280517578125 0.0211906433105469 0.145538330078125 -0.364013671875
0.0438003540039063 0.0579833984375 0.32421875 -0.364044189453125
0.00175476074218749 0.0888748168945313 0.503570556640625 -0.2911376953125
-0.0439949035644531 0.0541877746582031 0.520355224609375 -0.14154052734375
-0.183349609375 -0.136398315429687 0.01287841796875 -0.0179500579833984
-0.18243408203125 -0.0670928955078125 -0.58941650390625 -0.1519775390625
-0.161376953125 0.120864868164063 -0.70068359375 0.2982177734375
-0.01092529296875 0.164199829101563 -0.2705078125 0.56988525390625
0.0900955200195313 0.0964889526367188 0.12164306640625 0.369720458984375
0.1793212890625 0.008087158203125 0.22857666015625 0.0568084716796875
0.0954208374023437 -0.0600662231445313 0.091796875 -0.151199340820313
0.0716705322265625 -0.061737060546875 -0.029693603515625 -0.220077514648438
0.0681610107421875 -0.06585693359375 -0.208221435546875 -0.214813232421875
0.157821655273438 -0.159072875976562 -0.070953369140625 -0.302734375
0.220428466796875 -0.0592041015625 -0.046356201171875 -0.284210205078125
0.218338012695313 0.0603485107421875 0.0462646484375 -0.3182373046875
0.09088134765625 0.215728759765625 0.2034912109375 -0.42333984375
-0.071624755859375 0.255691528320313 0.431121826171875 -0.427490234375
-0.21343994140625 0.131576538085937 0.57861328125 -0.306884765625
-0.349029541015625 -0.16571044921875 -0.0875396728515626 0.17901611328125
-0.357940673828125 -0.03106689453125 -0.427734375 -0.0614013671875
-0.344451904296875 0.231658935546875 -0.563720703125 0.18951416015625
-0.037933349609375 0.384185791015625 -0.25054931640625 0.4605712890625
0.237274169921875 0.262680053710938 0.095916748046875 0.332855224609375
0.344970703125 -0.036712646484375 0.230606079101563 0.0502166748046875
0.22772216796875 -0.226486206054688 0.133224487304688 -0.1649169921875
0.166061401367188 -0.224517822265625 -0.013427734375 -0.193618774414063
0.174087524414062 -0.276153564453125 -0.0980224609375 -0.181259155273438
0.229263305664063 -0.23480224609375 -0.131362915039062 -0.242477416992188
0.323944091796875 -0.076080322265625 -0.12725830078125 -0.247207641601563
0.294464111328125 0.103790283203125 -0.016998291015625 -0.3402099609375
0.084197998046875 0.321136474609375 0.334503173828125 -0.426513671875
-0.153839111328125 0.326629638671875 0.467529296875 -0.29443359375
-0.3232421875 0.123321533203125 0.497283935546875 -0.277923583984375
-0.402618408203125 -0.16119384765625 -0.218536376953125 0.137863159179688
-0.41796875 0.0241699218750001 -0.497406005859375 -0.02789306640625
-0.341949462890625 0.313690185546875 -0.533935546875 0.20050048828125
0.02947998046875 0.41912841796875 -0.298675537109375 0.405120849609375
0.268264770507813 0.196975708007813 0.01470947265625 0.2894287109375
0.2904052734375 -0.093658447265625 0.12554931640625 0.0857162475585938
0.2279052734375 -0.2666015625 0.0658493041992188 -0.0659599304199219
0.171905517578125 -0.251953125 -0.0538864135742187 -0.08270263671875
0.12567138671875 -0.251739501953125 -0.178985595703125 -0.106063842773438
0.241348266601562 -0.248779296875 -0.2183837890625 -0.20050048828125
0.35137939453125 -0.07061767578125 -0.212127685546875 -0.22601318359375
0.339324951171875 0.16259765625 -0.053802490234375 -0.3851318359375
0.0457763671875 0.375244140625 0.29180908203125 -0.461639404296875
-0.22369384765625 0.31732177734375 0.49005126953125 -0.133087158203125
-0.30572509765625 0.00207519531249997 0.22003173828125 0.02008056640625
-0.348846435546875 -0.130462646484375 -0.103256225585938 -0.16802978515625
-0.341033935546875 0.108978271484375 -0.542999267578125 -0.218292236328125
-0.1180419921875 0.3450927734375 -0.62225341796875 0.1302490234375
0.178268432617188 0.250350952148438 -0.366607666015625 0.353179931640625
0.253021240234375 0.017303466796875 -0.0828857421875 0.316314697265625
0.15966796875 -0.178268432617188 0.06475830078125 0.157119750976563
0.0407867431640625 -0.203079223632813 0.0397872924804688 0.013702392578125
0.0317230224609375 -0.189910888671875 -0.0613861083984375 -0.025970458984375
0.204071044921875 -0.3204345703125 -0.178436279296875 -0.0225067138671875
0.21258544921875 -0.233062744140625 -0.260391235351563 -0.0944824218750001
0.399444580078125 -0.011749267578125 -0.28778076171875 -0.21563720703125
0.308013916015625 0.227020263671875 -0.102294921875 -0.405181884765625
-0.039764404296875 0.397247314453125 0.301300048828125 -0.475494384765625
-0.300537109375 0.29901123046875 0.41064453125 -0.236175537109375
-0.42681884765625 0.034454345703125 0.228775024414063 -0.188369750976563
-0.32098388671875 -0.0596923828125 -0.234710693359375 -0.118499755859375
-0.256057739257813 0.174606323242188 -0.5408935546875 -0.185089111328125
-0.00814819335937498 0.322235107421875 -0.6015625 0.13525390625
0.223495483398438 0.164657592773438 -0.389862060546875 0.354339599609375
0.230392456054688 -0.0551605224609375 -0.11163330078125 0.35528564453125
0.106491088867188 -0.208694458007813 0.0595855712890625 0.22137451171875
0.00424194335937499 -0.200180053710938 0.00773620605468751 0.132072448730469
0.00971984863281248 -0.188323974609375 -0.0326881408691406 0.0376701354980469
0.02301025390625 -0.232208251953125 -0.189346313476563 0.0676727294921875
0.126724243164062 -0.212493896484375 -0.29425048828125 -0.104034423828125
0.33123779296875 0.043182373046875 -0.30279541015625 -0.2689208984375
0.221755981445313 0.135635375976563 -0.00683593750000003 -0.481689453125
-0.064178466796875 0.28326416015625 0.409027099609375 -0.452484130859375
-0.252853393554688 0.115005493164062 0.479644775390625 -0.09808349609375
-0.26275634765625 -0.11395263671875 0.0762481689453125 -0.116256713867188
-0.244216918945313 -0.0077056884765625 -0.229278564453125 -0.156723022460938
-0.147796630859375 0.16851806640625 -0.546051025390625 -0.12225341796875
0.0621337890625 0.23126220703125 -0.57763671875 0.17822265625
0.150436401367188 0.128875732421875 -0.264678955078125 0.33990478515625
0.1871337890625 0.013671875 -0.10498046875 0.297607421875
0.0757293701171875 -0.179092407226563 0.0850677490234375 0.279266357421875
0.0061798095703125 -0.168777465820312 0.101043701171875 0.145233154296875
0.068511962890625 -0.160263061523437 -0.0764007568359375 0.227767944335938
0.101303100585938 -0.18255615234375 -0.233535766601562 0.191497802734375
0.165176391601563 -0.115570068359375 -0.290557861328125 -0.093231201171875
0.190322875976562 -0.018646240234375 -0.354034423828125 -0.292236328125
0.0963592529296875 0.146240234375 -0.00695800781249997 -0.521087646484375
-0.10491943359375 0.180862426757813 0.48565673828125 -0.459503173828125
-0.211212158203125 0.0331573486328125 0.363555908203125 -0.079833984375
-0.222625732421875 -0.111419677734375 -0.00569915771484375 -0.103904724121094
-0.130973815917969 0.01373291015625 -0.271408081054688 -0.1263427734375
-0.0499725341796875 0.0965347290039063 -0.543853759765625 -0.0508422851562501
0.0694732666015625 0.112319946289063 -0.538055419921875 0.2420654296875
0.125068664550781 0.0031890869140625 -0.337493896484375 0.452117919921875
0.0803298950195313 -0.0920028686523438 -0.04925537109375 0.445159912109375
0.00383758544921875 -0.121925354003906 0.123382568359375 0.314971923828125
-0.044708251953125 -0.105537414550781 0.143447875976563 0.189834594726563
-0.0388259887695313 -0.110366821289062 0.0378799438476562 0.137794494628906
-0.0181961059570313 -0.133232116699219 -0.144500732421875 0.09844970703125
0.047882080078125 -0.108070373535156 -0.285186767578125 -0.075103759765625
0.0993576049804688 -0.0290603637695313 -0.2584228515625 -0.33758544921875
0.0596237182617188 0.0515937805175781 0.07745361328125 -0.5601806640625
-0.0661239624023437 0.064910888671875 0.59295654296875 -0.422607421875
-0.0817337036132813 -0.030303955078125 0.56390380859375 -0.0343017578125
-0.0700531005859375 -0.0936737060546875 -0.0191078186035156 -0.0566635131835938
-0.0509834289550781 -0.0437278747558594 0.0894317626953125 0.183502197265625
-0.0977096557617187 0.00555419921874999 -0.34930419921875 -0.0475769042968749
-0.115509033203125 0.1036376953125 -0.552825927734375 0.273193359375
-0.014312744140625 0.149337768554688 -0.17205810546875 0.5853271484375
0.0899200439453125 0.103897094726563 0.26153564453125 0.384765625
0.117179870605469 0.00632476806640625 0.381439208984375 -0.016510009765625
0.0804061889648438 -0.0671844482421875 0.204345703125 -0.29052734375
0.0543556213378906 -0.0497817993164062 0.00860595703124998 -0.3233642578125
0.0494537353515625 -0.0631141662597656 -0.08746337890625 -0.3035888671875
0.0587501525878906 -0.0634880065917969 -0.03607177734375 -0.343902587890625
0.0757904052734375 -0.0310592651367188 -0.004486083984375 -0.35614013671875
0.0665206909179688 0.0156517028808594 0.143096923828125 -0.36956787109375
0.0480384826660156 0.053070068359375 0.31591796875 -0.3631591796875
0.0114212036132812 0.0911712646484375 0.492340087890625 -0.30694580078125
-0.0391273498535156 0.0599784851074219 0.515350341796875 -0.1737060546875
-0.19415283203125 -0.130264282226563 0.0146007537841797 -0.0223922729492188
-0.183731079101562 -0.065643310546875 -0.6015625 -0.14263916015625
-0.1595458984375 0.127456665039063 -0.70941162109375 0.32037353515625
-0.0072021484375 0.169097900390625 -0.26226806640625 0.58447265625
0.0941009521484375 0.0949554443359375 0.131500244140625 0.372039794921875
0.184921264648438 -0.0046539306640625 0.230865478515625 0.0514984130859375
0.0932769775390625 -0.065582275390625 0.0843658447265625 -0.15423583984375
0.0793228149414063 -0.0809783935546875 -0.0427398681640625 -0.223846435546875
0.0666580200195313 -0.0711288452148438 -0.218902587890625 -0.208038330078125
0.143218994140625 -0.174545288085938 -0.083770751953125 -0.31317138671875
0.217864990234375 -0.0814056396484375 -0.044830322265625 -0.29119873046875
0.22613525390625 0.0422515869140625 0.05145263671875 -0.319000244140625
0.108367919921875 0.208847045898438 0.191162109375 -0.4100341796875
-0.0485992431640625 0.263885498046875 0.402862548828125 -0.435760498046875
-0.201858520507813 0.149734497070312 0.550994873046875 -0.34942626953125
-0.358367919921875 -0.143157958984375 -0.0604705810546875 0.177871704101563
-0.354827880859375 -0.01080322265625 -0.417938232421875 -0.0664062500000001
-0.332977294921875 0.25897216796875 -0.5684814453125 0.19482421875
-0.010528564453125 0.39312744140625 -0.24224853515625 0.46160888671875
0.263519287109375 0.246826171875 0.1029052734375 0.323883056640625
0.343841552734375 -0.072235107421875 0.2275390625 0.0355682373046875
0.20843505859375 -0.252487182617188 0.11749267578125 -0.176620483398438
0.1470947265625 -0.242233276367187 -0.0308074951171875 -0.199432373046875
0.148895263671875 -0.29815673828125 -0.108535766601562 -0.189102172851563
0.211502075195313 -0.259017944335938 -0.138931274414062 -0.246475219726563
0.326141357421875 -0.10577392578125 -0.123397827148437 -0.248092651367188
0.309600830078125 0.084503173828125 -0.013031005859375 -0.338897705078125
0.107330322265625 0.3211669921875 0.312103271484375 -0.4404296875
-0.130584716796875 0.341033935546875 0.458709716796875 -0.313720703125
-0.31488037109375 0.148345947265625 0.472442626953125 -0.316131591796875
-0.412689208984375 -0.1380615234375 -0.193405151367188 0.148635864257813
-0.413299560546875 0.04937744140625 -0.48309326171875 -0.02386474609375
-0.3260498046875 0.344451904296875 -0.53399658203125 0.2041015625
0.061004638671875 0.426513671875 -0.292999267578125 0.414581298828125
0.289520263671875 0.186431884765625 0.017669677734375 0.28759765625
0.2681884765625 -0.115509033203125 0.126113891601563 0.0799636840820312
0.206878662109375 -0.293609619140625 0.0583267211914063 -0.0711593627929688
0.152816772460937 -0.272262573242188 -0.0619277954101563 -0.0826263427734375
0.111907958984375 -0.266891479492188 -0.179885864257813 -0.0991973876953125
0.228225708007813 -0.272445678710938 -0.223556518554688 -0.19049072265625
0.357818603515625 -0.098236083984375 -0.209671020507813 -0.219573974609375
0.35931396484375 0.141571044921875 -0.057403564453125 -0.384368896484375
0.06903076171875 0.379119873046875 0.265960693359375 -0.474151611328125
-0.206268310546875 0.331817626953125 0.4888916015625 -0.172637939453125
-0.3070068359375 0.010833740234375 0.201934814453125 0.04718017578125
-0.351348876953125 -0.12335205078125 -0.107086181640625 -0.171875
-0.347869873046875 0.117401123046875 -0.556732177734375 -0.211639404296875
-0.10809326171875 0.3553466796875 -0.63311767578125 0.1485595703125
0.189971923828125 0.247940063476563 -0.3658447265625 0.368988037109375
0.257400512695313 0.0068817138671875 -0.0770263671875 0.324493408203125
0.152175903320313 -0.188491821289062 0.0699310302734375 0.156036376953125
0.031646728515625 -0.208587646484375 0.0388069152832031 0.0123138427734375
0.0228118896484375 -0.193832397460938 -0.0646095275878906 -0.0247116088867188
0.1795654296875 -0.34912109375 -0.18133544921875 -0.0243377685546875
0.208694458007813 -0.252426147460938 -0.26092529296875 -0.0862884521484376
0.41107177734375 -0.046600341796875 -0.287017822265625 -0.202423095703125
0.3331298828125 0.2100830078125 -0.107666015625 -0.40185546875
-0.014617919921875 0.40692138671875 0.283477783203125 -0.487060546875
-0.28106689453125 0.323577880859375 0.403717041015625 -0.242828369140625
-0.42431640625 0.065521240234375 0.21270751953125 -0.200180053710938
-0.325347900390625 -0.0532531738281249 -0.254806518554688 -0.09942626953125
-0.251800537109375 0.182052612304688 -0.555908203125 -0.17559814453125
0.00268554687500001 0.3289794921875 -0.61328125 0.15325927734375
0.2333984375 0.1595458984375 -0.388397216796875 0.372528076171875
0.2322998046875 -0.0666046142578125 -0.103118896484375 0.3642578125
0.0972137451171875 -0.217544555664063 0.0663909912109375 0.220626831054688
-0.00534057617187498 -0.204940795898438 0.015289306640625 0.136054992675781
0.000442504882812485 -0.192092895507813 -0.032989501953125 0.0378913879394531
0.012115478515625 -0.237564086914063 -0.184295654296875 0.076202392578125
0.118789672851563 -0.2210693359375 -0.301605224609375 -0.088104248046875
0.344970703125 0.015350341796875 -0.300750732421875 -0.2664794921875
0.2293701171875 0.130279541015625 -0.017730712890625 -0.490570068359375
-0.054107666015625 0.28912353515625 0.4068603515625 -0.468780517578125
-0.250717163085938 0.123931884765625 0.487457275390625 -0.109832763671875
-0.268783569335938 -0.107772827148438 0.070709228515625 -0.121315002441406
-0.245758056640625 -0.00183105468749995 -0.235153198242188 -0.1561279296875
-0.143356323242188 0.17340087890625 -0.5582275390625 -0.112030029296875
0.07098388671875 0.234176635742188 -0.58551025390625 0.1966552734375
0.162185668945313 0.12744140625 -0.261505126953125 0.345062255859375
0.197540283203125 -0.001922607421875 -0.10235595703125 0.314544677734375
0.0571746826171875 -0.1922607421875 0.095367431640625 0.278717041015625
0.00434875488281251 -0.175125122070313 0.106643676757813 0.142318725585938
0.058746337890625 -0.17352294921875 -0.057098388671875 0.237106323242188
0.0909576416015625 -0.199386596679688 -0.216110229492187 0.213043212890625
0.162750244140625 -0.131973266601563 -0.29693603515625 -0.082550048828125
0.1934814453125 -0.024017333984375 -0.363861083984375 -0.273345947265625
0.107269287109375 0.144424438476563 -0.020050048828125 -0.52716064453125
-0.0981597900390625 0.186248779296875 0.484039306640625 -0.478759765625
-0.209487915039063 0.0454559326171875 0.36492919921875 -0.074188232421875
-0.230560302734375 -0.0967102050781249 -0.00839233398437502 -0.0850067138671875
-0.130645751953125 0.0164337158203125 -0.2777099609375 -0.123306274414063
-0.0474472045898437 0.0969772338867188 -0.557342529296875 -0.0389404296874999
0.0752639770507813 0.111885070800781 -0.54638671875 0.26177978515625
0.128311157226563 -0.00164794921875 -0.33221435546875 0.4710693359375
0.0790939331054688 -0.098876953125 -0.036590576171875 0.454193115234375
-0.0030059814453125 -0.126625061035156 0.134674072265625 0.31475830078125
-0.0522613525390625 -0.106910705566406 0.152145385742188 0.18609619140625
-0.04510498046875 -0.110282897949219 0.042144775390625 0.135971069335938
-0.0254287719726563 -0.135993957519531 -0.141632080078125 0.103683471679687
0.0448989868164063 -0.112991333007813 -0.288818359375 -0.064910888671875
0.0994491577148438 -0.0334396362304688 -0.267425537109375 -0.33355712890625
0.0621414184570312 0.0501632690429688 0.06585693359375 -0.5709228515625
-0.0630836486816406 0.0667495727539063 0.59576416015625 -0.44256591796875
-0.082275390625 -0.02850341796875 0.5733642578125 -0.0452880859375
-0.0731582641601562 -0.0910873413085938 -0.0184898376464844 -0.0507965087890625
-0.0549583435058594 -0.0430526733398437 0.11798095703125 0.172073364257813
-0.094085693359375 0.0105133056640625 -0.355621337890625 -0.0540466308593751
-0.10894775390625 0.115646362304688 -0.56182861328125 0.29705810546875
-0.00202941894531251 0.156295776367188 -0.1529541015625 0.597412109375
0.100624084472656 0.0967330932617188 0.280242919921875 0.369049072265625
0.115798950195313 -0.00615692138671875 0.375762939453125 -0.0455322265625
0.0710830688476563 -0.0742263793945313 0.174407958984375 -0.312255859375
0.0484504699707031 -0.0511856079101562 -0.02728271484375 -0.33221435546875
0.0406761169433594 -0.064697265625 -0.11529541015625 -0.31195068359375
0.0482215881347656 -0.0678634643554688 -0.059661865234375 -0.359130859375
0.0702667236328125 -0.0396842956542969 -0.0169677734375 -0.3690185546875
0.0675544738769531 0.0093994140625 0.136199951171875 -0.382049560546875
0.0532417297363281 0.0484161376953125 0.3070068359375 -0.36993408203125
0.0234603881835937 0.0928421020507812 0.479156494140625 -0.334991455078125
-0.0326004028320313 0.0664215087890625 0.5093994140625 -0.215728759765625
-0.1966552734375 -0.12451171875 0.0159664154052734 -0.0279731750488281
-0.190200805664062 -0.0622711181640625 -0.62530517578125 -0.1226806640625
-0.156646728515625 0.137771606445313 -0.71942138671875 0.3626708984375
0.000228881835937519 0.175689697265625 -0.24639892578125 0.6123046875
0.100387573242188 0.0924606323242188 0.149993896484375 0.374542236328125
0.18121337890625 -0.0192413330078125 0.236831665039063 0.04217529296875
0.0903244018554688 -0.0729141235351563 0.0750579833984375 -0.160049438476563
0.0829544067382813 -0.110809326171875 -0.0632781982421875 -0.226287841796875
0.0686264038085938 -0.0881805419921875 -0.235931396484375 -0.198623657226563
0.124420166015625 -0.192352294921875 -0.105712890625 -0.324859619140625
0.2122802734375 -0.107803344726563 -0.04986572265625 -0.30474853515625
0.233566284179688 0.0200042724609375 0.051971435546875 -0.326019287109375
0.128753662109375 0.201492309570312 0.178253173828125 -0.40509033203125
-0.0194244384765625 0.271591186523438 0.3724365234375 -0.452239990234375
-0.186630249023438 0.171127319335938 0.51666259765625 -0.403961181640625
-0.372406005859375 -0.11395263671875 -0.0309600830078125 0.174636840820312
-0.35260009765625 0.01495361328125 -0.41680908203125 -0.0693054199218751
-0.317718505859375 0.29376220703125 -0.57794189453125 0.213623046875
0.02642822265625 0.403717041015625 -0.229217529296875 0.471527099609375
0.294830322265625 0.223541259765625 0.11395263671875 0.320892333984375
0.3387451171875 -0.111907958984375 0.225677490234375 0.018951416015625
0.1806640625 -0.281036376953125 0.09722900390625 -0.19036865234375
0.121841430664063 -0.262710571289063 -0.0544891357421875 -0.203292846679688
0.11627197265625 -0.322357177734375 -0.125885009765625 -0.195358276367188
0.18798828125 -0.2877197265625 -0.154571533203125 -0.250900268554688
0.324188232421875 -0.14593505859375 -0.126052856445312 -0.252609252929688
0.325592041015625 0.05859375 -0.018035888671875 -0.343505859375
0.13800048828125 0.32073974609375 0.28570556640625 -0.46026611328125
-0.098602294921875 0.359588623046875 0.44891357421875 -0.343475341796875
-0.30523681640625 0.17791748046875 0.44232177734375 -0.361907958984375
-0.425384521484375 -0.1107177734375 -0.166091918945313 0.15911865234375
-0.409637451171875 0.0802001953125 -0.476226806640625 -0.01727294921875
-0.304931640625 0.383087158203125 -0.53680419921875 0.21893310546875
0.101837158203125 0.43182373046875 -0.276519775390625 0.432647705078125
0.32244873046875 0.17193603515625 0.025421142578125 0.290283203125
0.25 -0.139495849609375 0.128341674804688 0.0716781616210938
0.177642822265625 -0.324249267578125 0.0495986938476563 -0.0768508911132813
0.126678466796875 -0.295318603515625 -0.0733184814453125 -0.0809173583984375
0.093536376953125 -0.2880859375 -0.186859130859375 -0.091522216796875
0.2095947265625 -0.30291748046875 -0.236663818359375 -0.181854248046875
0.358154296875 -0.135223388671875 -0.213211059570312 -0.21466064453125
0.384124755859375 0.11236572265625 -0.0692138671875 -0.386932373046875
0.100311279296875 0.383636474609375 0.23828125 -0.489959716796875
-0.182891845703125 0.349365234375 0.477935791015625 -0.2396240234375
-0.309844970703125 0.023345947265625 0.188980102539062 0.0711517333984375
-0.38275146484375 -0.1060791015625 -0.115158081054688 -0.176681518554688
-0.340606689453125 0.13323974609375 -0.58221435546875 -0.197021484375
-0.091583251953125 0.371826171875 -0.64862060546875 0.183349609375
0.209579467773438 0.244369506835938 -0.36126708984375 0.397186279296875
0.264205932617187 -0.0083160400390625 -0.064453125 0.33770751953125
0.14178466796875 -0.203033447265625 0.07733154296875 0.154647827148438
0.017730712890625 -0.216522216796875 0.0385055541992188 0.0103073120117187
0.0106353759765625 -0.200027465820313 -0.0690765380859375 -0.0214157104492188
0.145355224609375 -0.38177490234375 -0.185653686523437 -0.0166015625
0.203125 -0.281280517578125 -0.265289306640625 -0.073486328125
0.4202880859375 -0.092681884765625 -0.29241943359375 -0.188140869140625
0.363189697265625 0.184295654296875 -0.12103271484375 -0.400390625
0.01959228515625 0.41925048828125 0.259735107421875 -0.505035400390625
-0.253692626953125 0.3533935546875 0.397186279296875 -0.258209228515625
-0.42120361328125 0.104461669921875 0.194900512695312 -0.216781616210938
-0.335052490234375 -0.040863037109375 -0.28631591796875 -0.0603942871093749
-0.249038696289063 0.19610595703125 -0.5797119140625 -0.15911865234375
0.020721435546875 0.338592529296875 -0.625732421875 0.1876220703125
0.249862670898437 0.150634765625 -0.383941650390625 0.402252197265625
0.234725952148438 -0.083221435546875 -0.089752197265625 0.38092041015625
0.083740234375 -0.229766845703125 0.077117919921875 0.221206665039062
-0.02008056640625 -0.2099609375 0.025909423828125 0.140281677246094
-0.012542724609375 -0.196914672851562 -0.0330696105957031 0.0401229858398437
-0.00477600097656252 -0.244903564453125 -0.179214477539063 0.0870819091796875
0.107955932617188 -0.233566284179688 -0.311126708984375 -0.06744384765625
0.35870361328125 -0.021453857421875 -0.303314208984375 -0.2705078125
0.242095947265625 0.120315551757813 -0.04052734375 -0.505401611328125
-0.038330078125 0.29913330078125 0.399078369140625 -0.498687744140625
-0.2490234375 0.139358520507813 0.498443603515625 -0.1324462890625
-0.28009033203125 -0.0978240966796876 0.0625152587890625 -0.126579284667969
-0.25177001953125 0.00762939453124999 -0.247314453125 -0.154815673828125
-0.13824462890625 0.181411743164063 -0.58209228515625 -0.0932617187499999
0.0859527587890625 0.238479614257813 -0.59674072265625 0.23321533203125
0.17645263671875 0.129058837890625 -0.271392822265625 0.376739501953125
0.207962036132812 -0.0231170654296875 -0.093017578125 0.3375244140625
0.0279998779296875 -0.208831787109375 0.107208251953125 0.27862548828125
-0.041046142578125 -0.173995971679688 0.116050720214844 0.138961791992188
0.0428314208984375 -0.188095092773438 -0.03302001953125 0.246444702148438
0.074462890625 -0.219573974609375 -0.192855834960937 0.230453491210938
0.15655517578125 -0.153579711914063 -0.30645751953125 -0.066192626953125
0.198822021484375 -0.0337371826171875 -0.380035400390625 -0.25103759765625
0.122146606445313 0.140853881835938 -0.044586181640625 -0.537109375
-0.089080810546875 0.195419311523438 0.477935791015625 -0.512237548828125
-0.207000732421875 0.0621185302734375 0.3720703125 -0.076202392578125
-0.240310668945313 -0.0780029296875 -0.00959014892578126 -0.0666732788085938
-0.133041381835938 0.0211181640625 -0.2899169921875 -0.117767333984375
-0.0439453125 0.0992050170898437 -0.57666015625 -0.0166015625
0.0834121704101563 0.111305236816406 -0.552459716796875 0.296600341796875
0.13262939453125 -0.00991058349609375 -0.321136474609375 0.5023193359375
0.0762252807617188 -0.108139038085938 -0.013702392578125 0.467864990234375
-0.0125198364257813 -0.131431579589844 0.154144287109375 0.31402587890625
-0.0613632202148438 -0.107734680175781 0.165328979492188 0.180770874023438
-0.0541839599609375 -0.110481262207031 0.0505218505859375 0.13494873046875
-0.0365982055664063 -0.138938903808594 -0.137351989746094 0.112907409667969
0.0391998291015625 -0.119911193847656 -0.296234130859375 -0.048614501953125
0.0996551513671875 -0.0408477783203125 -0.2879638671875 -0.327850341796875
0.0659828186035156 0.0486640930175781 0.04193115234375 -0.58953857421875
-0.0596847534179688 0.0712890625 0.59527587890625 -0.48089599609375
-0.0836029052734375 -0.0260238647460938 0.589599609375 -0.0682373046875
-0.0781097412109375 -0.0894317626953125 -0.0186309814453125 -0.0450286865234375
-0.0600547790527344 -0.0397377014160156 0.141555786132813 0.143936157226563
-0.0897979736328125 0.0149459838867187 -0.366668701171875 -0.0533447265625
-0.0978469848632813 0.12750244140625 -0.557952880859375 0.3326416015625
0.01519775390625 0.15966796875 -0.11700439453125 0.6068115234375
0.110572814941406 0.0845184326171875 0.303131103515625 0.3421630859375
0.110740661621094 -0.0195236206054688 0.3604736328125 -0.080352783203125
0.058319091796875 -0.0791549682617188 0.13262939453125 -0.326263427734375
0.0401878356933594 -0.0541572570800781 -0.071441650390625 -0.330322265625
0.0297126770019531 -0.0648612976074219 -0.1531982421875 -0.30999755859375
0.0360336303710937 -0.0695075988769531 -0.093994140625 -0.367523193359375
0.0607223510742188 -0.048370361328125 -0.040191650390625 -0.377777099609375
0.0672874450683594 0.00220870971679688 0.11962890625 -0.39642333984375
0.0579452514648438 0.0402641296386719 0.287628173828125 -0.38134765625
0.0377960205078125 0.0892562866210937 0.453460693359375 -0.367645263671875
-0.0240097045898438 0.0713958740234375 0.486907958984375 -0.26727294921875
-0.2369384765625 -0.0932769775390625 0.0167522430419922 -0.0285854339599609
-0.196395874023438 -0.0539703369140625 -0.64422607421875 -0.08563232421875
-0.148849487304688 0.150146484375 -0.70733642578125 0.4208984375
0.012847900390625 0.18231201171875 -0.20831298828125 0.6402587890625
0.108085632324219 0.0862197875976562 0.176483154296875 0.369903564453125
0.167434692382813 -0.0323486328125 0.239761352539063 0.0263214111328125
0.083526611328125 -0.0810012817382813 0.0604095458984375 -0.165359497070313
0.0713119506835937 -0.130584716796875 -0.08843994140625 -0.222076416015625
0.0595321655273438 -0.092193603515625 -0.254470825195313 -0.18060302734375
0.0977935791015625 -0.2073974609375 -0.13751220703125 -0.328582763671875
0.196563720703125 -0.137039184570313 -0.064788818359375 -0.31488037109375
0.235122680664063 -0.0091705322265625 0.044952392578125 -0.333526611328125
0.150955200195313 0.186126708984375 0.160919189453125 -0.3985595703125
0.0157623291015625 0.2711181640625 0.32867431640625 -0.467254638671875
-0.164306640625 0.192367553710938 0.46044921875 -0.457183837890625
-0.38055419921875 -0.0742797851562499 0.00135803222656249 0.16357421875
-0.344024658203125 0.04571533203125 -0.41595458984375 -0.06536865234375
-0.287689208984375 0.331024169921875 -0.57489013671875 0.2451171875
0.07257080078125 0.40203857421875 -0.202789306640625 0.481689453125
0.322662353515625 0.18707275390625 0.130157470703125 0.306976318359375
0.3201904296875 -0.156585693359375 0.219131469726563 -0.00314331054687501
0.140472412109375 -0.30450439453125 0.0697784423828125 -0.19976806640625
0.0852813720703125 -0.277297973632813 -0.083221435546875 -0.198959350585938
0.07098388671875 -0.3392333984375 -0.149551391601563 -0.194305419921875
0.151641845703125 -0.3138427734375 -0.17645263671875 -0.247909545898438
0.308807373046875 -0.19073486328125 -0.13519287109375 -0.254470825195313
0.335693359375 0.022186279296875 -0.029449462890625 -0.344512939453125
0.174896240234375 0.309814453125 0.253082275390625 -0.480438232421875
-0.057769775390625 0.370819091796875 0.424713134765625 -0.374176025390625
-0.284271240234375 0.20855712890625 0.3917236328125 -0.40704345703125
-0.4344482421875 -0.0724792480468749 -0.132553100585938 0.165130615234375
-0.39581298828125 0.11737060546875 -0.4656982421875 -0.00448608398437491
-0.26556396484375 0.42291259765625 -0.530029296875 0.244598388671875
0.152313232421875 0.42449951171875 -0.245758056640625 0.447509765625
0.355224609375 0.142181396484375 0.039764404296875 0.291534423828125
0.23822021484375 -0.167007446289063 0.128929138183594 0.0599136352539062
0.133056640625 -0.348785400390625 0.0376739501953125 -0.0812911987304688
0.089111328125 -0.3135986328125 -0.0851364135742188 -0.0749588012695313
0.062530517578125 -0.306915283203125 -0.195785522460938 -0.079193115234375
0.176910400390625 -0.332427978515625 -0.25506591796875 -0.168975830078125
0.3525390625 -0.18212890625 -0.219390869140625 -0.20458984375
0.402099609375 0.070831298828125 -0.0913696289062499 -0.3798828125
0.1395263671875 0.37799072265625 0.20074462890625 -0.50286865234375
-0.151580810546875 0.357025146484375 0.45806884765625 -0.2877197265625
-0.30938720703125 0.0407714843749999 0.19720458984375 0.0639495849609375
-0.3970947265625 -0.0787048339843749 -0.128067016601563 -0.178497314453125
-0.33343505859375 0.156280517578125 -0.6063232421875 -0.16253662109375
-0.0645751953125 0.385528564453125 -0.64739990234375 0.23297119140625
0.2322998046875 0.231338500976563 -0.340057373046875 0.429046630859375
0.2659912109375 -0.031158447265625 -0.042755126953125 0.348724365234375
0.123809814453125 -0.21771240234375 0.087066650390625 0.15106201171875
-0.00225830078124998 -0.220550537109375 0.0375137329101563 0.00769805908203124
-0.0077667236328125 -0.201797485351563 -0.0731582641601562 -0.0159149169921875
0.094390869140625 -0.407806396484375 -0.187515258789063 -0.00402832031250005
0.182373046875 -0.313140869140625 -0.26654052734375 -0.0527801513671875
0.4139404296875 -0.1478271484375 -0.295989990234375 -0.16558837890625
0.389129638671875 0.14544677734375 -0.143829345703125 -0.392181396484375
0.06524658203125 0.42279052734375 0.22613525390625 -0.5223388671875
-0.21307373046875 0.381500244140625 0.381866455078125 -0.278961181640625
-0.406768798828125 0.150970458984375 0.16827392578125 -0.232208251953125
-0.34466552734375 -0.0195922851562499 -0.289520263671875 -0.046051025390625
-0.24005126953125 0.2135009765625 -0.6029052734375 -0.12530517578125
0.047882080078125 0.344451904296875 -0.625244140625 0.23797607421875
0.266265869140625 0.132720947265625 -0.3623046875 0.43719482421875
0.231170654296875 -0.105117797851563 -0.063568115234375 0.394683837890625
0.0626373291015625 -0.240325927734375 0.0926361083984375 0.21728515625
-0.040130615234375 -0.2115478515625 0.040130615234375 0.14129638671875
-0.03094482421875 -0.197677612304687 -0.0320777893066406 0.0425796508789062
-0.02880859375 -0.24835205078125 -0.170013427734375 0.099456787109375
0.08819580078125 -0.246917724609375 -0.31622314453125 -0.0407104492187499
0.361083984375 -0.068328857421875 -0.30792236328125 -0.27008056640625
0.254562377929688 0.1134033203125 -0.07568359375 -0.51116943359375
-0.0146484375 0.30560302734375 0.37359619140625 -0.534759521484375
-0.240310668945312 0.159271240234375 0.49993896484375 -0.166107177734375
-0.28997802734375 -0.08038330078125 0.050384521484375 -0.128486633300781
-0.256484985351563 0.0247955322265625 -0.261489868164062 -0.146316528320313
-0.128250122070313 0.192306518554688 -0.600830078125 -0.0560302734374999
0.10699462890625 0.237167358398437 -0.5916748046875 0.28143310546875
0.1937255859375 0.12872314453125 -0.2655029296875 0.4144287109375
0.210968017578125 -0.05120849609375 -0.0771484375 0.34979248046875
0.00216674804687498 -0.21661376953125 0.119522094726563 0.273773193359375
-0.0669097900390625 -0.171478271484375 0.1268310546875 0.131034851074219
0.0206756591796875 -0.198394775390625 -0.00143432617187499 0.25201416015625
0.0475311279296875 -0.236114501953125 -0.160675048828125 0.247024536132812
0.141555786132813 -0.176483154296875 -0.311126708984375 -0.041717529296875
0.199447631835938 -0.0507049560546875 -0.393280029296875 -0.218017578125
0.138427734375 0.131256103515625 -0.0823059082031249 -0.537322998046875
-0.0745849609375 0.20318603515625 0.45318603515625 -0.55322265625
-0.19830322265625 0.0813751220703125 0.377044677734375 -0.085968017578125
-0.246551513671875 -0.0523834228515624 -0.01739501953125 -0.0751724243164063
-0.134185791015625 0.0301666259765625 -0.30242919921875 -0.104217529296875
-0.0387802124023437 0.101097106933594 -0.59075927734375 0.0238037109375001
0.094024658203125 0.107536315917969 -0.542083740234375 0.345458984375
0.135162353515625 -0.0210647583007813 -0.29034423828125 0.535491943359375
0.0684356689453125 -0.11761474609375 0.0189208984375 0.477325439453125
-0.0261077880859375 -0.134323120117188 0.17877197265625 0.306243896484375
-0.0720748901367188 -0.10345458984375 0.181243896484375 0.169326782226563
-0.0659866333007813 -0.107292175292969 0.0610122680664062 0.130653381347656
-0.0514678955078125 -0.138336181640625 -0.128494262695313 0.124237060546875
0.0291671752929688 -0.126052856445313 -0.29974365234375 -0.0256042480468751
0.0969696044921875 -0.050506591796875 -0.3133544921875 -0.3116455078125
0.0704803466796875 0.0445938110351563 0.00335693359375002 -0.6004638671875
-0.0532150268554688 0.0748672485351563 0.57366943359375 -0.5302734375
-0.0848922729492188 -0.021270751953125 0.59698486328125 -0.10498046875
-0.084991455078125 -0.0850067138671875 -0.0178871154785156 -0.0388259887695313
-0.0616226196289062 -0.0338325500488281 0.136184692382813 0.0984573364257813
-0.0836715698242188 0.0185394287109375 -0.3692626953125 -0.050872802734375
-0.0824966430664062 0.135337829589844 -0.5350341796875 0.362548828125
0.0337371826171875 0.155181884765625 -0.076904296875 0.59869384765625
0.115577697753906 0.0679473876953125 0.314422607421875 0.305145263671875
0.101348876953125 -0.03106689453125 0.33172607421875 -0.11187744140625
0.0436553955078125 -0.0792312622070312 0.0858154296875 -0.3291015625
0.0296134948730469 -0.0537147521972656 -0.11358642578125 -0.31231689453125
0.0194473266601562 -0.0618438720703125 -0.188812255859375 -0.29119873046875
0.023651123046875 -0.0678939819335938 -0.130889892578125 -0.362091064453125
0.0482597351074219 -0.0536270141601563 -0.066375732421875 -0.375396728515625
0.0647125244140625 -0.00546646118164062 0.095733642578125 -0.399383544921875
0.059844970703125 0.0309295654296875 0.2618408203125 -0.3839111328125
0.050048828125 0.08050537109375 0.409576416015625 -0.389892578125
-0.0141448974609375 0.0730514526367188 0.4443359375 -0.308807373046875
-0.243270874023438 -0.06512451171875 0.0141220092773437 -0.0414695739746094
-0.199905395507812 -0.0427703857421875 -0.6468505859375 -0.0407104492187499
-0.135589599609375 0.159378051757812 -0.67034912109375 0.4708251953125
0.0266876220703125 0.18365478515625 -0.16046142578125 0.6475830078125
0.112548828125 0.0768356323242187 0.20050048828125 0.351409912109375
0.152236938476562 -0.044342041015625 0.235916137695312 0.00877380371093749
0.0738372802734375 -0.0875930786132813 0.04400634765625 -0.165237426757813
0.0534744262695312 -0.139976501464844 -0.11224365234375 -0.20672607421875
0.04736328125 -0.0842819213867187 -0.266326904296875 -0.154159545898438
0.0660552978515625 -0.212295532226563 -0.1693115234375 -0.31842041015625
0.170608520507812 -0.159255981445313 -0.0833740234375 -0.317169189453125
0.226470947265625 -0.0372161865234375 0.033111572265625 -0.334747314453125
0.167678833007813 0.162979125976563 0.140167236328125 -0.385040283203125
0.050689697265625 0.257858276367188 0.276153564453125 -0.4677734375
-0.134796142578125 0.204788208007813 0.38323974609375 -0.4903564453125
-0.373870849609375 -0.02996826171875 0.029449462890625 0.142410278320313
-0.32421875 0.07147216796875 -0.410308837890625 -0.0592041015624999
-0.243499755859375 0.355194091796875 -0.554595947265625 0.274200439453125
0.117218017578125 0.3828125 -0.1729736328125 0.4794921875
0.336639404296875 0.141326904296875 0.142303466796875 0.28759765625
0.287445068359375 -0.1939697265625 0.203750610351563 -0.0237274169921875
0.092315673828125 -0.31304931640625 0.039764404296875 -0.20025634765625
0.0454864501953125 -0.278091430664062 -0.108245849609375 -0.184844970703125
0.019500732421875 -0.33984375 -0.172332763671875 -0.183425903320313
0.1058349609375 -0.326507568359375 -0.195587158203125 -0.235824584960938
0.2762451171875 -0.227127075195313 -0.14434814453125 -0.250106811523438
0.33258056640625 -0.01690673828125 -0.042266845703125 -0.338134765625
0.206817626953125 0.28448486328125 0.212005615234375 -0.485107421875
-0.012847900390625 0.36431884765625 0.387451171875 -0.395538330078125
-0.253616333007812 0.233245849609375 0.325927734375 -0.43341064453125
-0.430816650390625 -0.025360107421875 -0.0971832275390625 0.160690307617188
-0.368255615234375 0.1490478515625 -0.447845458984375 0.00680541992187508
-0.210601806640625 0.4454345703125 -0.50897216796875 0.266326904296875
0.198974609375 0.397979736328125 -0.208770751953125 0.449798583984375
0.368927001953125 0.09765625 0.05462646484375 0.2841796875
0.214691162109375 -0.189987182617187 0.124298095703125 0.0468673706054687
0.08135986328125 -0.355712890625 0.0239944458007812 -0.08135986328125
0.0458984375 -0.317840576171875 -0.0932083129882812 -0.0637435913085938
0.023406982421875 -0.30511474609375 -0.201370239257813 -0.063629150390625
0.134735107421875 -0.349334716796875 -0.26702880859375 -0.147994995117187
0.3287353515625 -0.22454833984375 -0.222549438476562 -0.190155029296875
0.404266357421875 0.02301025390625 -0.11041259765625 -0.36456298828125
0.17974853515625 0.360137939453125 0.16241455078125 -0.502166748046875
-0.10888671875 0.374176025390625 0.427001953125 -0.32049560546875
-0.300445556640625 0.058074951171875 0.202865600585937 0.051055908203125
-0.392730712890625 -0.053131103515625 -0.1402587890625 -0.174545288085937
-0.33551025390625 0.195343017578125 -0.61322021484375 -0.11962890625
-0.031494140625 0.387359619140625 -0.62579345703125 0.28155517578125
0.248947143554688 0.208847045898438 -0.305145263671875 0.45086669921875
0.2591552734375 -0.0540924072265625 -0.0158996582031249 0.3499755859375
0.1007080078125 -0.225830078125 0.0956268310546875 0.142379760742188
-0.0235748291015625 -0.2171630859375 0.0357437133789063 0.00579452514648436
-0.025665283203125 -0.196624755859375 -0.0749359130859375 -0.00794219970703126
0.03375244140625 -0.4144287109375 -0.18426513671875 0.010162353515625
0.15087890625 -0.33837890625 -0.25848388671875 -0.03131103515625
0.38885498046875 -0.199615478515625 -0.2933349609375 -0.140350341796875
0.40032958984375 0.09674072265625 -0.161407470703125 -0.3724365234375
0.110992431640625 0.408447265625 0.188262939453125 -0.522491455078125
-0.162322998046875 0.392852783203125 0.354705810546875 -0.29290771484375
-0.374359130859375 0.190765380859375 0.1336669921875 -0.237533569335938
-0.343841552734375 0.00671386718749994 -0.283538818359375 -0.036041259765625
-0.22296142578125 0.227432250976562 -0.60791015625 -0.0819702148437499
0.076751708984375 0.338653564453125 -0.60113525390625 0.284423828125
0.275741577148438 0.108612060546875 -0.3250732421875 0.461761474609375
0.218612670898437 -0.124557495117187 -0.031982421875 0.396514892578125
0.0380401611328125 -0.242645263671875 0.1058349609375 0.2076416015625
-0.05999755859375 -0.205078125 0.0541915893554687 0.135368347167969
-0.04852294921875 -0.190750122070313 -0.0295066833496094 0.0451316833496094
-0.054351806640625 -0.2415771484375 -0.155303955078125 0.107925415039063
0.06414794921875 -0.251495361328125 -0.31024169921875 -0.012054443359375
0.346099853515625 -0.11407470703125 -0.3297119140625 -0.23309326171875
0.263229370117188 0.09747314453125 -0.11248779296875 -0.498809814453125
0.011383056640625 0.30267333984375 0.3330078125 -0.557281494140625
-0.224044799804688 0.173492431640625 0.487152099609375 -0.198974609375
-0.293426513671875 -0.05865478515625 0.0375595092773437 -0.12353515625
-0.253250122070313 0.0442657470703125 -0.271514892578125 -0.13214111328125
-0.114898681640625 0.197967529296875 -0.60113525390625 -0.0116577148437499
0.126983642578125 0.227203369140625 -0.565673828125 0.32635498046875
0.209259033203125 0.093536376953125 -0.223541259765625 0.406494140625
0.199798583984375 -0.0818939208984375 -0.05743408203125 0.35284423828125
-0.0190582275390625 -0.214569091796875 0.135833740234375 0.261306762695313
-0.0825958251953125 -0.163223266601562 0.134559631347656 0.118522644042969
-0.004547119140625 -0.200424194335937 0.03118896484375 0.245437622070313
0.014068603515625 -0.242584228515625 -0.122085571289063 0.252395629882813
0.118255615234375 -0.193984985351563 -0.306304931640625 -0.016357421875
0.192474365234375 -0.068817138671875 -0.39410400390625 -0.17767333984375
0.151473999023438 0.115875244140625 -0.123016357421875 -0.519012451171875
-0.0563812255859375 0.205093383789063 0.41046142578125 -0.5802001953125
-0.182846069335937 0.0980072021484375 0.375396728515625 -0.097137451171875
-0.242874145507812 -0.0240478515625 -0.0287399291992188 -0.0816192626953125
-0.1317138671875 0.0404205322265625 -0.30914306640625 -0.086151123046875
-0.0331192016601562 0.101409912109375 -0.58642578125 0.0668334960937499
0.103286743164063 0.0990142822265625 -0.509765625 0.38458251953125
0.132568359375 -0.0332489013671875 -0.24664306640625 0.5552978515625
0.0570602416992187 -0.1239013671875 0.057037353515625 0.47222900390625
-0.0399551391601563 -0.132095336914063 0.19927978515625 0.28851318359375
-0.0811538696289063 -0.0954132080078125 0.192153930664063 0.151718139648437
-0.0746231079101563 -0.0992584228515625 0.069732666015625 0.121910095214844
-0.0661392211914063 -0.131668090820313 -0.114570617675781 0.131576538085938
0.0167922973632813 -0.12847900390625 -0.29339599609375 -0.00119018554687503
0.0907058715820313 -0.0580596923828125 -0.33148193359375 -0.281463623046875
0.0737991333007812 0.03863525390625 -0.0401000976562499 -0.5943603515625
-0.0451889038085938 0.0768890380859375 0.53253173828125 -0.5679931640625
-0.0851058959960937 -0.0166397094726563 0.58721923828125 -0.144775390625
-0.0895843505859375 -0.0768356323242188 -0.0170936584472656 -0.0320053100585938
-0.0583343505859375 -0.0282478332519531 0.123458862304688 0.0621414184570313
-0.07769775390625 0.0187454223632813 -0.375946044921875 -0.043701171875
-0.0671234130859375 0.136680603027344 -0.508514404296875 0.375213623046875
0.046722412109375 0.145278930664063 -0.048095703125 0.57672119140625
0.114212036132813 0.05255126953125 0.310638427734375 0.27001953125
0.0888137817382812 -0.03741455078125 0.2974853515625 -0.128997802734375
0.0314102172851563 -0.0748748779296875 0.0457763671875 -0.3177490234375
0.0216217041015625 -0.0502510070800781 -0.143646240234375 -0.285736083984375
0.0109481811523438 -0.0557632446289062 -0.211959838867187 -0.26702880859375
0.0129966735839844 -0.0622100830078125 -0.158782958984375 -0.34710693359375
0.0355987548828125 -0.0541152954101563 -0.085845947265625 -0.3658447265625
0.0597076416015625 -0.01165771484375 0.078826904296875 -0.39306640625
0.0581626892089844 0.0227851867675781 0.23883056640625 -0.374053955078125
0.0579757690429688 0.070098876953125 0.368255615234375 -0.3931884765625
-0.00549316406250001 0.0722274780273438 0.395965576171875 -0.3306884765625
-0.241348266601563 -0.03765869140625 0.0116691589355469 -0.0425758361816406
-0.1982421875 -0.0323486328125 -0.63330078125 -0.0058593750000001
-0.122695922851563 0.161209106445313 -0.622314453125 0.49285888671875
0.0367431640625 0.176162719726563 -0.119384765625 0.63787841796875
0.112373352050781 0.0683059692382813 0.211212158203125 0.329803466796875
0.143585205078125 -0.0572052001953125 0.225875854492188 -0.0038604736328125
0.0634613037109375 -0.0893936157226563 0.0301361083984375 -0.159683227539063
0.0369949340820313 -0.138641357421875 -0.126983642578125 -0.184295654296875
0.0394058227539063 -0.0844650268554687 -0.2666015625 -0.128936767578125
0.0383453369140625 -0.207534790039063 -0.19036865234375 -0.30303955078125
0.142929077148438 -0.170211791992188 -0.0973205566406249 -0.313262939453125
0.211532592773438 -0.057769775390625 0.026458740234375 -0.330413818359375
0.17425537109375 0.139114379882813 0.129302978515625 -0.3642578125
0.074737548828125 0.236114501953125 0.231964111328125 -0.4493408203125
-0.106475830078125 0.206085205078125 0.308319091796875 -0.491607666015625
-0.355133056640625 0.00512695312500002 0.0476455688476562 0.114990234375
-0.29864501953125 0.0880126953125 -0.400726318359375 -0.05926513671875
-0.199432373046875 0.362640380859375 -0.529815673828125 0.285247802734375
0.148101806640625 0.3531494140625 -0.149139404296875 0.463409423828125
0.33367919921875 0.09906005859375 0.144851684570313 0.266220092773438
0.247604370117188 -0.215362548828125 0.183090209960938 -0.03662109375
0.0496826171875 -0.306488037109375 0.014556884765625 -0.191558837890625
0.012359619140625 -0.26763916015625 -0.124786376953125 -0.165557861328125
-0.0230712890625 -0.323974609375 -0.1868896484375 -0.16766357421875
0.06451416015625 -0.32391357421875 -0.207656860351562 -0.22137451171875
0.2384033203125 -0.249099731445313 -0.149444580078125 -0.243423461914063
0.31842041015625 -0.048370361328125 -0.047088623046875 -0.3280029296875
0.226165771484375 0.25567626953125 0.17962646484375 -0.474395751953125
0.022125244140625 0.34674072265625 0.35028076171875 -0.398712158203125
-0.220291137695312 0.2431640625 0.260406494140625 -0.434967041015625
-0.411651611328125 0.01336669921875 -0.067352294921875 0.145584106445312
-0.335540771484375 0.16717529296875 -0.426422119140625 0.00863647460937498
-0.16021728515625 0.4476318359375 -0.48382568359375 0.273712158203125
0.22796630859375 0.36083984375 -0.18048095703125 0.437103271484375
0.365325927734375 0.056915283203125 0.063629150390625 0.271270751953125
0.187606811523438 -0.200912475585938 0.115493774414063 0.0373687744140625
0.037078857421875 -0.345916748046875 0.0126571655273438 -0.07757568359375
0.010406494140625 -0.309112548828125 -0.0959243774414063 -0.0529708862304688
-0.00747680664062499 -0.3035888671875 -0.2032470703125 -0.0495758056640625
0.093841552734375 -0.353118896484375 -0.26629638671875 -0.12646484375
0.29400634765625 -0.249847412109375 -0.218338012695313 -0.176239013671875
0.392608642578125 -0.015380859375 -0.117431640625 -0.3455810546875
0.205169677734375 0.333343505859375 0.134002685546875 -0.485137939453125
-0.070587158203125 0.37249755859375 0.39471435546875 -0.334686279296875
-0.2889404296875 0.073028564453125 0.202667236328125 0.04083251953125
-0.393585205078125 -0.01617431640625 -0.14727783203125 -0.168777465820312
-0.304595947265625 0.192413330078125 -0.604248046875 -0.0836181640625
-0.00506591796875002 0.378326416015625 -0.58978271484375 0.308837890625
0.2552490234375 0.185867309570312 -0.27215576171875 0.45556640625
0.246017456054688 -0.069580078125 0.00448608398437502 0.341796875
0.0780181884765625 -0.224655151367187 0.0984344482421875 0.133338928222656
-0.0405120849609375 -0.20782470703125 0.0335922241210938 0.00461578369140624
-0.038421630859375 -0.186798095703125 -0.0737075805664063 -0.00135803222656252
-0.0177001953125 -0.402313232421875 -0.176010131835938 0.0207672119140624
0.11376953125 -0.34674072265625 -0.244094848632812 -0.0157165527343751
0.3516845703125 -0.23480224609375 -0.280853271484375 -0.1190185546875
0.395843505859375 0.055633544921875 -0.167633056640625 -0.3482666015625
0.14410400390625 0.3841552734375 0.15740966796875 -0.508575439453125
-0.116546630859375 0.38720703125 0.32928466796875 -0.29327392578125
-0.3358154296875 0.214385986328125 0.103378295898437 -0.230682373046875
-0.3358154296875 0.0283203125 -0.275131225585938 -0.0235748291015625
-0.205352783203125 0.233428955078125 -0.59710693359375 -0.0451049804687499
0.09796142578125 0.324737548828125 -0.568603515625 0.31048583984375
0.274383544921875 0.0864410400390625 -0.2904052734375 0.468292236328125
0.20245361328125 -0.135955810546875 -0.005126953125 0.38836669921875
0.017364501953125 -0.236846923828125 0.113250732421875 0.196075439453125
-0.0744171142578125 -0.193679809570313 0.0644760131835938 0.12384033203125
-0.0599212646484375 -0.179672241210938 -0.0266799926757813 0.0476226806640625
-0.0728302001953125 -0.2279052734375 -0.140670776367188 0.11065673828125
0.0427093505859375 -0.248687744140625 -0.295166015625 0.01104736328125
0.320556640625 -0.147613525390625 -0.336212158203125 -0.195159912109375
0.262786865234375 0.0775299072265625 -0.13568115234375 -0.47802734375
0.0303955078125 0.291656494140625 0.294921875 -0.5604248046875
-0.206451416015625 0.180191040039063 0.467254638671875 -0.21875
-0.289031982421875 -0.0400390624999999 0.0271682739257812 -0.114326477050781
-0.244796752929688 0.0594940185546875 -0.273849487304688 -0.118667602539062
-0.102203369140625 0.198745727539063 -0.58831787109375 0.02215576171875
0.139602661132813 0.213623046875 -0.529449462890625 0.351837158203125
0.214981079101563 0.0789947509765625 -0.197479248046875 0.3985595703125
0.180984497070313 -0.103790283203125 -0.0390625 0.350799560546875
-0.03509521484375 -0.205947875976563 0.122146606445313 0.2537841796875
-0.0927886962890625 -0.152130126953125 0.136886596679688 0.106613159179687
-0.025054931640625 -0.195297241210938 0.057708740234375 0.230972290039063
-0.015594482421875 -0.236709594726563 -0.0872344970703125 0.244598388671875
0.0931396484375 -0.201126098632813 -0.303497314453125 0.032989501953125
0.179443359375 -0.0837249755859375 -0.381378173828125 -0.14190673828125
0.1568603515625 0.099700927734375 -0.147430419921875 -0.488067626953125
-0.041717529296875 0.2005615234375 0.369384765625 -0.586669921875
-0.163925170898438 0.107009887695313 0.371734619140625 -0.105072021484375
-0.2315673828125 -0.00190734863281247 -0.03802490234375 -0.0791854858398437
-0.126594543457031 0.0486526489257812 -0.308441162109375 -0.0711669921875
-0.0287399291992188 0.100357055664063 -0.56829833984375 0.0996093749999999
0.107925415039063 0.0902099609375 -0.47467041015625 0.4053955078125
0.12725830078125 -0.0422439575195313 -0.207275390625 0.55401611328125
0.0463104248046875 -0.125656127929688 0.085357666015625 0.45526123046875
-0.0510406494140625 -0.125419616699219 0.210601806640625 0.268600463867188
-0.0868759155273438 -0.0870819091796875 0.195968627929688 0.1343994140625
-0.0791397094726563 -0.090240478515625 0.0746536254882813 0.112525939941406
-0.0761489868164063 -0.121627807617188 -0.101676940917969 0.132904052734375
0.00620269775390624 -0.127273559570313 -0.279525756835938 0.017120361328125
0.0838165283203125 -0.06201171875 -0.3360595703125 -0.251312255859375
0.075042724609375 0.0327911376953125 -0.0712890625 -0.573486328125
-0.0379180908203125 0.0756607055664063 0.48760986328125 -0.58074951171875
-0.0828857421875 -0.0128250122070313 0.5679931640625 -0.1705322265625
-0.0911102294921875 -0.0689773559570312 -0.0140724182128906 -0.0258941650390625
-0.0548057556152344 -0.0243339538574219 0.136474609375 0.0444183349609375
-0.0740966796875 0.0167388916015625 -0.3798828125 -0.0467224121093751
-0.0559616088867187 0.134963989257813 -0.4910888671875 0.373504638671875
0.0541534423828125 0.135467529296875 -0.03778076171875 0.5540771484375
0.109878540039062 0.0417938232421875 0.29736328125 0.245635986328125
0.0785369873046875 -0.0397491455078125 0.266387939453125 -0.1326904296875
0.0224723815917969 -0.0686874389648438 0.01727294921875 -0.3009033203125
0.0162773132324219 -0.0449066162109375 -0.161148071289063 -0.260787963867188
0.00589752197265625 -0.0488090515136719 -0.226486206054688 -0.247589111328125
0.00635528564453125 -0.0558090209960937 -0.176483154296875 -0.33203125
0.0253067016601562 -0.0514678955078125 -0.095916748046875 -0.355865478515625
0.0548553466796875 -0.0157318115234375 0.0699462890625 -0.386383056640625
0.0558738708496094 0.0163078308105469 0.228302001953125 -0.36138916015625
0.0620460510253906 0.0602073669433594 0.336578369140625 -0.385711669921875
0.00107192993164062 0.0700302124023438 0.35791015625 -0.335662841796875
-0.232254028320312 -0.021453857421875 0.00892257690429686 -0.0470123291015625
-0.196197509765625 -0.0266265869140625 -0.6173095703125 0.00994873046874998
-0.114288330078125 0.159454345703125 -0.59490966796875 0.49932861328125
0.04156494140625 0.164886474609375 -0.098388671875 0.62274169921875
0.109886169433594 0.063568115234375 0.2132568359375 0.3134765625
0.136589050292969 -0.0658340454101563 0.215911865234375 -0.0090789794921875
0.055633544921875 -0.088104248046875 0.0215301513671875 -0.153121948242187
0.0256500244140625 -0.134368896484375 -0.13250732421875 -0.157882690429688
0.033355712890625 -0.08233642578125 -0.262802124023438 -0.111907958984375
0.0176544189453125 -0.198776245117188 -0.204498291015625 -0.288848876953125
0.118789672851563 -0.17279052734375 -0.1048583984375 -0.30999755859375
0.196151733398438 -0.0706024169921875 0.027496337890625 -0.327728271484375
0.175628662109375 0.119979858398438 0.13006591796875 -0.345245361328125
0.0888214111328125 0.215362548828125 0.205902099609375 -0.423065185546875
-0.0848846435546875 0.20172119140625 0.25506591796875 -0.476715087890625
-0.33331298828125 0.02880859375 0.05706787109375 0.0893478393554688
-0.2762451171875 0.0934295654296875 -0.392852783203125 -0.0689697265625001
-0.165069580078125 0.3594970703125 -0.512664794921875 0.284881591796875
0.16473388671875 0.32470703125 -0.140869140625 0.446075439453125
0.32391357421875 0.068511962890625 0.13922119140625 0.250885009765625
0.21405029296875 -0.223312377929687 0.163848876953125 -0.0410003662109375
0.0181884765625 -0.2933349609375 -0.00424194335937499 -0.180557250976563
-0.010650634765625 -0.254226684570313 -0.133193969726563 -0.148330688476563
-0.053680419921875 -0.30419921875 -0.194656372070313 -0.1551513671875
0.03289794921875 -0.314605712890625 -0.212997436523438 -0.210403442382813
0.205856323242188 -0.25799560546875 -0.149871826171875 -0.2398681640625
0.3045654296875 -0.06866455078125 -0.04437255859375 -0.32073974609375
0.235595703125 0.23028564453125 0.16436767578125 -0.46142578125
0.04473876953125 0.328155517578125 0.318359375 -0.394866943359375
-0.194442749023438 0.245880126953125 0.212738037109375 -0.4210205078125
-0.39117431640625 0.0369873046875 -0.0464324951171875 0.126541137695313
-0.307586669921875 0.17138671875 -0.40966796875 -0.00335693359375
-0.12152099609375 0.440338134765625 -0.469482421875 0.269073486328125
0.240203857421875 0.327301025390625 -0.1661376953125 0.419097900390625
0.35504150390625 0.0281982421875 0.0650634765625 0.260940551757813
0.1671142578125 -0.204330444335937 0.105392456054688 0.0328750610351562
0.00460815429687501 -0.330474853515625 0.00457000732421875 -0.07244873046875
-0.01507568359375 -0.296295166015625 -0.095367431640625 -0.0448760986328125
-0.033905029296875 -0.30853271484375 -0.2037353515625 -0.0406646728515625
0.062286376953125 -0.34869384765625 -0.258926391601562 -0.112258911132813
0.261276245117188 -0.2591552734375 -0.2105712890625 -0.168960571289063
0.37744140625 -0.042572021484375 -0.115997314453125 -0.33294677734375
0.21697998046875 0.3095703125 0.12091064453125 -0.46722412109375
-0.046844482421875 0.36053466796875 0.368865966796875 -0.337371826171875
-0.280166625976563 0.0813140869140626 0.21331787109375 0.0011138916015625
-0.39080810546875 0.027862548828125 -0.150604248046875 -0.16534423828125
-0.291290283203125 0.210968017578125 -0.59039306640625 -0.0650634765625
0.011383056640625 0.36822509765625 -0.5650634765625 0.31927490234375
0.255950927734375 0.170425415039063 -0.251373291015625 0.452606201171875
0.235076904296875 -0.0774383544921875 0.01556396484375 0.3331298828125
0.062408447265625 -0.219589233398438 0.0980758666992187 0.1280517578125
-0.051177978515625 -0.198928833007813 0.0321464538574219 0.00406265258789061
-0.0447235107421875 -0.178390502929687 -0.0713119506835938 0.00301361083984373
-0.05517578125 -0.383331298828125 -0.16845703125 0.0262298583984375
0.0838623046875 -0.34619140625 -0.229110717773438 -0.00862121582031255
0.31817626953125 -0.254669189453125 -0.26458740234375 -0.107955932617188
0.385467529296875 0.02520751953125 -0.1624755859375 -0.330230712890625
0.164703369140625 0.360870361328125 0.142333984375 -0.4918212890625
-0.083404541015625 0.37353515625 0.313690185546875 -0.284423828125
-0.30267333984375 0.224761962890625 0.08123779296875 -0.217941284179687
-0.32745361328125 0.04266357421875 -0.267105102539063 -0.0169677734375
-0.1942138671875 0.234176635742188 -0.5828857421875 -0.0285644531249999
0.1097412109375 0.311981201171875 -0.54254150390625 0.320404052734375
0.270980834960938 0.0731201171875 -0.268310546875 0.465911865234375
0.19036865234375 -0.140609741210938 0.00723266601562501 0.37939453125
0.00305175781249998 -0.229278564453125 0.115615844726563 0.187896728515625
-0.0834808349609375 -0.183853149414063 0.069610595703125 0.109619140625
-0.0659027099609375 -0.170455932617188 -0.0232124328613281 0.0644569396972656
-0.083038330078125 -0.214828491210938 -0.130340576171875 0.107337951660156
0.0306549072265625 -0.243820190429687 -0.278427124023438 0.0258636474609375
0.295501708984375 -0.16802978515625 -0.32989501953125 -0.173187255859375
0.264541625976563 0.06903076171875 -0.14630126953125 -0.460723876953125
0.042022705078125 0.28192138671875 0.27313232421875 -0.5546875
-0.19439697265625 0.180694580078125 0.451171875 -0.226776123046875
-0.2833251953125 -0.02880859375 0.0210723876953125 -0.104248046875
-0.236572265625 0.068695068359375 -0.274154663085938 -0.11138916015625
-0.0949249267578125 0.197708129882813 -0.57135009765625 0.03985595703125
0.1461181640625 0.202850341796875 -0.505096435546875 0.360015869140625
0.218215942382813 0.0656280517578125 -0.18487548828125 0.369842529296875
0.16650390625 -0.116226196289063 -0.0283203125 0.346343994140625
-0.0453033447265625 -0.197494506835938 0.113494873046875 0.253036499023438
-0.0987091064453125 -0.142745971679688 0.1346435546875 0.103630065917969
-0.039306640625 -0.189056396484375 0.0753326416015625 0.214889526367188
-0.036865234375 -0.224990844726563 -0.063385009765625 0.231521606445313
0.0737762451171875 -0.203048706054688 -0.289215087890625 0.066650390625
0.170181274414063 -0.090087890625 -0.3609619140625 -0.119903564453125
0.158538818359375 0.0875244140625 -0.1541748046875 -0.461151123046875
-0.031646728515625 0.195220947265625 0.3427734375 -0.58331298828125
-0.147308349609375 0.110336303710937 0.37261962890625 -0.110198974609375
-0.221267700195313 -0.00175476074218749 -0.0408401489257813 -0.0708847045898438
-0.121414184570312 0.05413818359375 -0.30572509765625 -0.0630187988281249
-0.0264816284179688 0.0992889404296875 -0.550628662109375 0.116119384765625
0.11016845703125 0.083587646484375 -0.4481201171875 0.41131591796875
0.122901916503906 -0.0469741821289062 -0.182647705078125 0.548614501953125
0.0390625 -0.124496459960937 0.100616455078125 0.440887451171875
-0.0569000244140625 -0.119369506835938 0.213851928710938 0.254043579101563
-0.0891876220703125 -0.0806198120117187 0.195755004882813 0.121719360351562
-0.0802154541015625 -0.0842056274414063 0.0764541625976563 0.104995727539063
-0.081268310546875 -0.112335205078125 -0.0919265747070312 0.130928039550781
-0.00183868408203126 -0.124671936035156 -0.26702880859375 0.026336669921875
0.0785064697265625 -0.0635528564453125 -0.330352783203125 -0.230712890625
0.0752639770507813 0.0281829833984375 -0.0855712890625 -0.554351806640625
-0.0334854125976563 0.0733413696289063 0.4591064453125 -0.5809326171875
-0.0815887451171875 -0.011444091796875 0.55194091796875 -0.181182861328125
-0.0907211303710938 -0.0631256103515625 -0.00995826721191407 -0.0211944580078125
-0.053619384765625 -0.0211067199707031 0.148529052734375 0.02520751953125
-0.0737075805664063 0.0146026611328125 -0.389556884765625 -0.0527954101562499
-0.049163818359375 0.13336181640625 -0.49078369140625 0.375396728515625
0.0589523315429687 0.128799438476563 -0.0369567871093749 0.542144775390625
0.106315612792969 0.0354385375976563 0.285858154296875 0.232757568359375
0.0708770751953125 -0.0389938354492187 0.244659423828125 -0.132247924804688
0.01739501953125 -0.0621452331542969 -0.00408935546874998 -0.287628173828125
0.0140457153320313 -0.0399398803710937 -0.174514770507813 -0.242477416992187
0.00351333618164063 -0.0424003601074219 -0.238632202148438 -0.233200073242188
0.00202178955078125 -0.0501632690429687 -0.191436767578125 -0.325225830078125
0.0193634033203125 -0.0470657348632813 -0.101898193359375 -0.3546142578125
0.051544189453125 -0.0194969177246094 0.06939697265625 -0.3876953125
0.054840087890625 0.0108108520507813 0.22930908203125 -0.353271484375
0.0650253295898438 0.0526237487792969 0.320648193359375 -0.378082275390625
0.00592803955078124 0.0689125061035156 0.333282470703125 -0.338409423828125
-0.223388671875 -0.0186309814453125 0.00367736816406249 -0.0584487915039063
-0.197265625 -0.024658203125 -0.6131591796875 0.01727294921875
-0.111236572265625 0.15948486328125 -0.5831298828125 0.50701904296875
0.0440826416015625 0.162918090820312 -0.087158203125 0.61895751953125
0.1094970703125 0.0622482299804687 0.214599609375 0.30853271484375
0.1298828125 -0.0699234008789062 0.211135864257813 -0.011810302734375
0.050567626953125 -0.08892822265625 0.0161895751953125 -0.148452758789063
0.0174102783203125 -0.130950927734375 -0.135688781738281 -0.127487182617188
0.0300140380859375 -0.08026123046875 -0.26226806640625 -0.102645874023437
0.00259399414062502 -0.191650390625 -0.216094970703125 -0.2823486328125
0.101043701171875 -0.173660278320313 -0.111328125 -0.31195068359375
0.1854248046875 -0.079925537109375 0.0325927734375 -0.332611083984375
0.177566528320313 0.106796264648437 0.1402587890625 -0.3338623046875
0.097991943359375 0.199752807617187 0.193695068359375 -0.4022216796875
-0.0696563720703125 0.198516845703125 0.218475341796875 -0.462615966796875
-0.317474365234375 0.0441589355468751 0.0617485046386719 0.0669403076171875
-0.262619018554688 0.09442138671875 -0.397979736328125 -0.083221435546875
-0.141357421875 0.355987548828125 -0.51214599609375 0.28131103515625
0.177520751953125 0.307098388671875 -0.143035888671875 0.4361572265625
0.3170166015625 0.046630859375 0.13323974609375 0.24468994140625
0.188674926757813 -0.227432250976563 0.148971557617188 -0.0412750244140625
-0.00540161132812498 -0.2816162109375 -0.017730712890625 -0.17108154296875
-0.0278778076171875 -0.244277954101562 -0.140121459960937 -0.135879516601563
-0.075714111328125 -0.288787841796875 -0.204147338867188 -0.14764404296875
0.00897216796875001 -0.3079833984375 -0.219375610351563 -0.205978393554688
0.181671142578125 -0.264373779296875 -0.150497436523438 -0.242691040039063
0.295074462890625 -0.08404541015625 -0.0377197265625 -0.322265625
0.244155883789063 0.213516235351563 0.164306640625 -0.458038330078125
0.061798095703125 0.314361572265625 0.294158935546875 -0.391693115234375
-0.176437377929688 0.24737548828125 0.18194580078125 -0.405731201171875
-0.378814697265625 0.0479736328125 -0.033233642578125 0.107933044433594
-0.2913818359375 0.17266845703125 -0.404754638671875 -0.01959228515625
-0.0946044921875 0.435882568359375 -0.468353271484375 0.264739990234375
0.250518798828125 0.30572509765625 -0.163116455078125 0.40826416015625
0.348358154296875 0.007537841796875 0.063690185546875 0.256393432617187
0.155838012695313 -0.211441040039063 0.0972137451171875 0.0328598022460937
-0.020904541015625 -0.320709228515625 -0.00189208984375 -0.0678901672363282
-0.034332275390625 -0.287384033203125 -0.095672607421875 -0.0391693115234375
-0.0545654296875 -0.304351806640625 -0.203765869140625 -0.0352020263671875
0.037628173828125 -0.346405029296875 -0.256332397460937 -0.106048583984375
0.242691040039063 -0.275360107421875 -0.204879760742188 -0.169387817382813
0.36944580078125 -0.062225341796875 -0.1090087890625 -0.32958984375
0.229217529296875 0.29534912109375 0.1207275390625 -0.458465576171875
-0.032012939453125 0.353546142578125 0.35931396484375 -0.33740234375
-0.278045654296875 0.0869140625000001 0.217437744140625 -0.011688232421875
-0.369659423828125 -0.00915527343750005 -0.154876708984375 -0.167587280273438
-0.28717041015625 0.199676513671875 -0.58648681640625 -0.05670166015625
0.02069091796875 0.364013671875 -0.555694580078125 0.326812744140625
0.25836181640625 0.162582397460938 -0.241607666015625 0.452911376953125
0.23114013671875 -0.082061767578125 0.022430419921875 0.330230712890625
0.0528106689453125 -0.216644287109375 0.0982131958007813 0.126846313476563
-0.058441162109375 -0.193084716796875 0.0312690734863281 0.00452995300292968
-0.0487060546875 -0.174514770507813 -0.0699386596679688 0.00587081909179687
-0.083984375 -0.36944580078125 -0.164520263671875 0.0297393798828125
0.059814453125 -0.347381591796875 -0.219512939453125 -0.00817871093750006
0.294281005859375 -0.27001953125 -0.252838134765625 -0.105239868164063
0.380157470703125 0.00323486328125 -0.154541015625 -0.3240966796875
0.17987060546875 0.34613037109375 0.139923095703125 -0.4837646484375
-0.060638427734375 0.364349365234375 0.30963134765625 -0.27838134765625
-0.28009033203125 0.23095703125 0.06781005859375 -0.206069946289062
-0.326446533203125 0.056488037109375 -0.263809204101563 -0.01531982421875
-0.19091796875 0.236618041992188 -0.5782470703125 -0.020263671875
0.118438720703125 0.30810546875 -0.533416748046875 0.3292236328125
0.272186279296875 0.0650787353515625 -0.25823974609375 0.467742919921875
0.185836791992188 -0.144561767578125 0.017578125 0.3748779296875
-0.00613403320312498 -0.2254638671875 0.117385864257813 0.185165405273438
-0.08978271484375 -0.178054809570313 0.0725021362304688 0.0939712524414062
-0.069793701171875 -0.167129516601563 -0.0215873718261719 0.0593452453613281
-0.090576171875 -0.206573486328125 -0.12738037109375 0.1026611328125
0.021636962890625 -0.242568969726562 -0.26513671875 0.039764404296875
0.27752685546875 -0.184173583984375 -0.326324462890625 -0.160369873046875
0.26947021484375 0.0627899169921875 -0.150726318359375 -0.45513916015625
0.0482330322265625 0.27716064453125 0.26336669921875 -0.556121826171875
-0.19012451171875 0.182403564453125 0.44989013671875 -0.2325439453125
-0.282867431640625 -0.02349853515625 0.018890380859375 -0.0948257446289063
-0.233612060546875 0.0751190185546875 -0.2772216796875 -0.110336303710938
-0.0926513671875 0.199493408203125 -0.56671142578125 0.0478515625
0.151840209960938 0.197998046875 -0.494354248046875 0.366729736328125
0.221572875976563 0.052459716796875 -0.18426513671875 0.3695068359375
0.162155151367188 -0.125259399414063 -0.020416259765625 0.349884033203125
-0.051025390625 -0.192672729492187 0.115570068359375 0.25518798828125
-0.103775024414062 -0.13763427734375 0.134849548339844 0.100204467773437
-0.0511016845703125 -0.186431884765625 0.0889739990234375 0.203140258789063
-0.053009033203125 -0.214340209960937 -0.046844482421875 0.2203369140625
0.059234619140625 -0.206680297851563 -0.27471923828125 0.0836639404296875
0.167572021484375 -0.0955047607421875 -0.34613037109375 -0.109527587890625
0.161163330078125 0.0794677734375 -0.154693603515625 -0.450225830078125
-0.026763916015625 0.19244384765625 0.33477783203125 -0.5845947265625
-0.134513854980469 0.111701965332031 0.382293701171875 -0.109466552734375
-0.211410522460937 0.016448974609375 -0.0472755432128906 -0.0660324096679688
-0.118682861328125 0.0588760375976562 -0.308624267578125 -0.0604858398437501
-0.02606201171875 0.100532531738281 -0.544586181640625 0.125457763671875
0.112998962402344 0.080352783203125 -0.43768310546875 0.417724609375
0.121696472167969 -0.050140380859375 -0.171051025390625 0.549835205078125
0.0353546142578125 -0.125373840332031 0.11004638671875 0.435546875
-0.0614395141601562 -0.115455627441406 0.219268798828125 0.248184204101563
-0.092315673828125 -0.0769271850585937 0.197525024414063 0.113693237304688
-0.081146240234375 -0.0811843872070313 0.0772171020507813 0.100914001464844
-0.084381103515625 -0.106376647949219 -0.0874176025390625 0.130462646484375
-0.00789642333984374 -0.122543334960938 -0.260528564453125 0.0313720703125
0.07611083984375 -0.0649032592773438 -0.328155517578125 -0.22088623046875
0.07598876953125 0.0254287719726563 -0.091796875 -0.548248291015625
-0.0312118530273438 0.0716705322265625 0.44879150390625 -0.58453369140625
-0.0816802978515625 -0.01031494140625 0.55096435546875 -0.187225341796875
-0.0906448364257813 -0.0598678588867187 -0.00588512420654297 -0.0171651840209961
-0.05731201171875 -0.0167922973632812 0.142440795898438 0.0057525634765625
-0.0755386352539063 0.0142364501953125 -0.407257080078125 -0.05889892578125
-0.0425872802734375 0.133941650390625 -0.497314453125 0.390380859375
0.0654525756835938 0.124305725097656 -0.035797119140625 0.54541015625
0.105476379394531 0.0299606323242188 0.2816162109375 0.227813720703125
0.065826416015625 -0.0391502380371094 0.228805541992188 -0.132614135742187
0.0140457153320313 -0.0573043823242188 -0.023468017578125 -0.278076171875
0.0130233764648438 -0.0360298156738281 -0.191009521484375 -0.226898193359375
0.00256729125976563 -0.0373611450195312 -0.25592041015625 -0.221633911132813
-0.00206375122070313 -0.045379638671875 -0.21234130859375 -0.3218994140625
0.0147895812988281 -0.043426513671875 -0.112396240234375 -0.36102294921875
0.0481758117675781 -0.0240364074707031 0.066375732421875 -0.399749755859375
0.0546455383300781 0.00568389892578125 0.232452392578125 -0.35595703125
0.069305419921875 0.045257568359375 0.30810546875 -0.38250732421875
0.0114326477050781 0.0690269470214844 0.31365966796875 -0.34820556640625
-0.190185546875 -0.069549560546875 0.000156402587890608 -0.0647087097167969
-0.203292846679688 -0.020782470703125 -0.62249755859375 0.0297241210937501
-0.110076904296875 0.163528442382812 -0.58233642578125 0.52880859375
0.0495758056640625 0.16461181640625 -0.0757446289062499 0.62933349609375
0.112808227539062 0.0616073608398437 0.2232666015625 0.3072509765625
0.127731323242188 -0.0782089233398437 0.21209716796875 -0.0146942138671875
0.0466842651367188 -0.090728759765625 0.0105438232421875 -0.148239135742188
0.00971984863281249 -0.129486083984375 -0.14288330078125 -0.104629516601563
0.0279922485351562 -0.0808563232421875 -0.267120361328125 -0.0933532714843749
-0.01190185546875 -0.186676025390625 -0.234176635742188 -0.278091430664063
0.084930419921875 -0.17724609375 -0.12286376953125 -0.32080078125
0.178146362304687 -0.09051513671875 0.03466796875 -0.34661865234375
0.18182373046875 0.0945892333984375 0.149993896484375 -0.335601806640625
0.108413696289063 0.187606811523438 0.185638427734375 -0.3919677734375
-0.056182861328125 0.198684692382813 0.188934326171875 -0.454742431640625
-0.3060302734375 0.0620117187500001 0.065155029296875 0.0473175048828125
-0.255706787109375 0.0986328125 -0.41180419921875 -0.0947265625000001
-0.1202392578125 0.360015869140625 -0.521728515625 0.289337158203125
0.193511962890625 0.293212890625 -0.14788818359375 0.43988037109375
0.316741943359375 0.026031494140625 0.131607055664063 0.244354248046875
0.167373657226563 -0.234848022460938 0.137947082519531 -0.0400466918945313
-0.0272979736328125 -0.274490356445313 -0.0317840576171875 -0.163818359375
-0.04498291015625 -0.237472534179688 -0.149322509765625 -0.12554931640625
-0.097991943359375 -0.275772094726563 -0.217681884765625 -0.140274047851563
-0.016510009765625 -0.304473876953125 -0.232528686523438 -0.203399658203125
0.160293579101563 -0.274978637695312 -0.157638549804688 -0.249618530273438
0.289703369140625 -0.101806640625 -0.035064697265625 -0.33294677734375
0.257614135742188 0.198333740234375 0.16357421875 -0.4677734375
0.07989501953125 0.306671142578125 0.285797119140625 -0.396331787109375
-0.161407470703125 0.254806518554688 0.156005859375 -0.39990234375
-0.371795654296875 0.068634033203125 -0.0226593017578125 0.0921707153320313
-0.281890869140625 0.17901611328125 -0.41259765625 -0.031890869140625
-0.067779541015625 0.438446044921875 -0.477447509765625 0.269927978515625
0.268341064453125 0.28985595703125 -0.16522216796875 0.405975341796875
0.34637451171875 -0.013153076171875 0.0667266845703125 0.259002685546875
0.146163940429688 -0.224349975585938 0.0921173095703125 0.03424072265625
-0.047149658203125 -0.31658935546875 -0.00845718383789063 -0.0642967224121094
-0.05438232421875 -0.281463623046875 -0.09808349609375 -0.034332275390625
-0.0732421875 -0.2938232421875 -0.207687377929688 -0.0290374755859375
0.012359619140625 -0.348968505859375 -0.261825561523438 -0.100875854492188
0.225616455078125 -0.297760009765625 -0.20550537109375 -0.171371459960938
0.366851806640625 -0.085052490234375 -0.1099853515625 -0.336151123046875
0.251495361328125 0.285552978515625 0.121551513671875 -0.46673583984375
-0.0145263671875 0.354949951171875 0.353851318359375 -0.348724365234375
-0.281036376953125 0.0973052978515625 0.227142333984375 -0.0462493896484375
-0.3759765625 0.00238037109374997 -0.1646728515625 -0.172027587890625
-0.287506103515625 0.208892822265625 -0.5965576171875 -0.0484619140625
0.03271484375 0.369842529296875 -0.555908203125 0.345428466796875
0.268020629882813 0.1553955078125 -0.23736572265625 0.467010498046875
0.231552124023438 -0.0905914306640625 0.031982421875 0.335723876953125
0.043731689453125 -0.21868896484375 0.102455139160156 0.128005981445313
-0.068511962890625 -0.191070556640625 0.0311660766601563 0.00340843200683593
-0.0555419921875 -0.17449951171875 -0.0704879760742188 0.00865936279296874
-0.113311767578125 -0.358245849609375 -0.157028198242188 0.037689208984375
0.035675048828125 -0.3529052734375 -0.216156005859375 -0.00674438476562507
0.273223876953125 -0.29052734375 -0.248794555664062 -0.105117797851563
0.3809814453125 -0.020111083984375 -0.15313720703125 -0.3271484375
0.2008056640625 0.335693359375 0.14044189453125 -0.489715576171875
-0.038330078125 0.360626220703125 0.312286376953125 -0.280120849609375
-0.261688232421875 0.242538452148438 0.056915283203125 -0.197525024414062
-0.326904296875 0.061737060546875 -0.267715454101563 -0.015167236328125
-0.189727783203125 0.2479248046875 -0.58770751953125 -0.0090942382812501
0.1318359375 0.3084716796875 -0.533050537109375 0.347259521484375
0.279937744140625 0.0558624267578125 -0.24957275390625 0.483306884765625
0.183624267578125 -0.15350341796875 0.028289794921875 0.381317138671875
-0.016387939453125 -0.22564697265625 0.12384033203125 0.186294555664063
-0.099578857421875 -0.175277709960938 0.0759735107421875 0.0699844360351562
-0.0767822265625 -0.16650390625 -0.0216865539550781 0.0527305603027344
-0.0997467041015625 -0.20263671875 -0.127449035644531 0.101394653320313
0.0114288330078125 -0.246246337890625 -0.254440307617188 0.055389404296875
0.263626098632812 -0.202804565429687 -0.3304443359375 -0.153228759765625
0.276580810546875 0.0508880615234375 -0.161529541015625 -0.45904541015625
0.0583038330078125 0.278717041015625 0.25543212890625 -0.57275390625
-0.188934326171875 0.189300537109375 0.455047607421875 -0.245819091796875
-0.289031982421875 -0.015380859375 0.0169601440429687 -0.08917236328125
-0.234481811523438 0.08575439453125 -0.2890625 -0.108978271484375
-0.0905303955078125 0.20703125 -0.57568359375 0.06072998046875
0.162948608398438 0.195785522460938 -0.4920654296875 0.38525390625
0.232864379882813 0.043487548828125 -0.18585205078125 0.3768310546875
0.158767700195313 -0.138381958007813 -0.011566162109375 0.359588623046875
-0.0605316162109375 -0.19183349609375 0.125656127929688 0.257797241210938
-0.106895446777344 -0.139228820800781 0.139930725097656 0.093353271484375
-0.0649566650390625 -0.185791015625 0.104110717773438 0.193145751953125
-0.0693817138671875 -0.211181640625 -0.0327911376953125 0.21392822265625
0.0438995361328125 -0.212234497070313 -0.266311645507813 0.0955047607421874
0.16839599609375 -0.1046142578125 -0.33856201171875 -0.1015625
0.167526245117188 0.070770263671875 -0.1610107421875 -0.448486328125
-0.0204925537109375 0.194427490234375 0.328369140625 -0.60504150390625
-0.125419616699219 0.114875793457031 0.396209716796875 -0.1123046875
-0.205474853515625 0.0310821533203125 -0.0491180419921875 -0.0576553344726562
-0.117042541503906 0.0655975341796875 -0.319549560546875 -0.056304931640625
-0.0251541137695312 0.104286193847656 -0.549957275390625 0.139892578125
0.119010925292969 0.0772552490234375 -0.432769775390625 0.436676025390625
0.123649597167969 -0.0560302734375 -0.15765380859375 0.5643310546875
0.0314178466796875 -0.129066467285156 0.12420654296875 0.438446044921875
-0.0684432983398437 -0.113571166992188 0.229812622070313 0.245880126953125
-0.0980911254882813 -0.0740966796875 0.203781127929688 0.105911254882813
-0.08526611328125 -0.0801849365234375 0.0803375244140625 0.098175048828125
-0.0898208618164062 -0.1024169921875 -0.0838775634765625 0.133041381835938
-0.0149917602539062 -0.123466491699219 -0.258819580078125 0.0385284423828125
0.0745315551757813 -0.0690383911132812 -0.33367919921875 -0.21466064453125
0.0783615112304688 0.0224227905273438 -0.105316162109375 -0.5548095703125
-0.02923583984375 0.0717926025390625 0.4444580078125 -0.6068115234375
-0.0844573974609375 -0.00886535644531252 0.5606689453125 -0.201202392578125
-0.0925979614257812 -0.0568771362304687 -0.00212574005126954 -0.0138454437255859
-0.0662956237792969 -0.00760269165039062 0.136589050292969 -0.0149154663085938
-0.0773391723632813 0.016448974609375 -0.433349609375 -0.052459716796875
-0.0342941284179688 0.136833190917969 -0.49957275390625 0.419708251953125
0.0741653442382813 0.119003295898438 -0.0234374999999999 0.555267333984375
0.105537414550781 0.0225448608398438 0.2841796875 0.219390869140625
0.0613670349121094 -0.0395889282226563 0.213851928710938 -0.136688232421875
0.011322021484375 -0.0524177551269531 -0.048858642578125 -0.26837158203125
0.0133113861083984 -0.0325126647949219 -0.211456298828125 -0.207275390625
0.00218582153320313 -0.0321445465087891 -0.279144287109375 -0.203353881835938
-0.00599288940429688 -0.0401725769042969 -0.241058349609375 -0.313629150390625
0.00952529907226563 -0.040557861328125 -0.133453369140625 -0.366241455078125
0.0444793701171875 -0.0288124084472656 0.053985595703125 -0.417144775390625
0.0537261962890625 -0.0009307861328125 0.23065185546875 -0.368804931640625
0.0735015869140625 0.037109375 0.292755126953125 -0.39306640625
0.0188560485839844 0.069671630859375 0.29083251953125 -0.36651611328125
-0.217926025390625 -0.0133819580078125 -0.00450897216796877 -0.0701255798339844
-0.211578369140625 -0.01141357421875 -0.63690185546875 0.0565185546874999
-0.106735229492188 0.172073364257813 -0.57177734375 0.56964111328125
0.05950927734375 0.165802001953125 -0.0496826171875 0.64776611328125
0.119247436523438 0.0585250854492188 0.2420654296875 0.304290771484375
0.122779846191406 -0.0880889892578125 0.21392822265625 -0.0222320556640625
0.04107666015625 -0.0933609008789063 0.001373291015625 -0.148956298828125
0.00197601318359376 -0.127525329589844 -0.15057373046875 -0.0957794189453125
0.0246658325195313 -0.082916259765625 -0.27691650390625 -0.0794067382812499
-0.0299835205078125 -0.181304931640625 -0.26123046875 -0.269515991210937
0.0665283203125 -0.181167602539063 -0.14288330078125 -0.326995849609375
0.169158935546875 -0.103912353515625 0.0269775390625 -0.36627197265625
0.188735961914063 0.0787811279296875 0.154541015625 -0.346221923828125
0.121322631835938 0.173980712890625 0.17352294921875 -0.390045166015625
-0.0389404296875 0.200912475585938 0.15350341796875 -0.453125
-0.293914794921875 0.0845642089843751 0.0677719116210937 0.027252197265625
-0.249923706054688 0.109893798828125 -0.435699462890625 -0.0939025878906249
-0.0927734375 0.3665771484375 -0.529632568359375 0.31585693359375
0.215927124023438 0.276290893554687 -0.1424560546875 0.45263671875
0.31646728515625 -0.000244140625 0.13677978515625 0.244552612304688
0.142959594726563 -0.244461059570313 0.128868103027344 -0.0403518676757813
-0.0541229248046875 -0.265289306640625 -0.04693603515625 -0.155029296875
-0.06622314453125 -0.229568481445312 -0.160720825195312 -0.111618041992187
-0.12347412109375 -0.260040283203125 -0.234970092773438 -0.127792358398438
-0.045806884765625 -0.29998779296875 -0.252838134765625 -0.196044921875
0.133087158203125 -0.2872314453125 -0.17279052734375 -0.254959106445313
0.283721923828125 -0.12554931640625 -0.043365478515625 -0.346923828125
0.274978637695313 0.177841186523438 0.1533203125 -0.485748291015625
0.103546142578125 0.29693603515625 0.27532958984375 -0.409088134765625
-0.1453857421875 0.264511108398438 0.125518798828125 -0.39593505859375
-0.35784912109375 0.104827880859375 -0.013092041015625 0.0770492553710938
-0.271026611328125 0.191635131835938 -0.427886962890625 -0.03424072265625
-0.032501220703125 0.442047119140625 -0.484161376953125 0.291717529296875
0.291168212890625 0.268798828125 -0.160491943359375 0.415435791015625
0.34393310546875 -0.039093017578125 0.0771942138671875 0.26263427734375
0.13116455078125 -0.244186401367187 0.0887222290039063 0.035186767578125
-0.08013916015625 -0.310394287109375 -0.0153999328613281 -0.0598716735839844
-0.077850341796875 -0.274185180664063 -0.101417541503906 -0.0274429321289063
-0.09765625 -0.28509521484375 -0.210906982421875 -0.0190277099609375
-0.022796630859375 -0.354949951171875 -0.27410888671875 -0.0889587402343751
0.19921875 -0.32049560546875 -0.213775634765625 -0.172073364257813
0.3638916015625 -0.115447998046875 -0.119049072265625 -0.343505859375
0.278717041015625 0.26849365234375 0.1136474609375 -0.483428955078125
0.00881958007812502 0.358154296875 0.343231201171875 -0.368988037109375
-0.284942626953125 0.116546630859375 0.231460571289062 -0.079833984375
-0.384002685546875 0.024871826171875 -0.180252075195313 -0.1729736328125
-0.287078857421875 0.231292724609375 -0.612548828125 -0.0266113281249999
0.053314208984375 0.3765869140625 -0.55291748046875 0.38006591796875
0.28338623046875 0.142547607421875 -0.219818115234375 0.4893798828125
0.2325439453125 -0.106536865234375 0.048919677734375 0.342529296875
0.029022216796875 -0.22271728515625 0.110328674316406 0.127433776855469
-0.0830078125 -0.188552856445313 0.0306549072265625 0.00210189819335936
-0.0666961669921875 -0.173965454101563 -0.0721817016601563 0.013153076171875
-0.149169921875 -0.344696044921875 -0.1666259765625 0.0426483154296874
0.00280761718749998 -0.358795166015625 -0.215408325195313 -0.000839233398437495
0.24664306640625 -0.315673828125 -0.2503662109375 -0.102081298828125
0.382171630859375 -0.051544189453125 -0.1593017578125 -0.3310546875
0.229888916015625 0.321441650390625 0.130126953125 -0.506744384765625
-0.011260986328125 0.3572998046875 0.311614990234375 -0.2933349609375
-0.240219116210938 0.260086059570313 0.0450592041015625 -0.191436767578125
-0.33056640625 0.082916259765625 -0.27484130859375 -0.0190277099609374
-0.183868408203125 0.265533447265625 -0.60382080078125 0.0136108398437501
0.152099609375 0.308685302734375 -0.52813720703125 0.379791259765625
0.2908935546875 0.03912353515625 -0.23333740234375 0.50701904296875
0.179473876953125 -0.16845703125 0.0481262207031251 0.390533447265625
-0.0324249267578125 -0.22686767578125 0.135589599609375 0.18585205078125
-0.113754272460938 -0.171112060546875 0.0818099975585937 0.0504074096679687
-0.0879364013671875 -0.165298461914063 -0.0195236206054688 0.0551109313964844
-0.1142578125 -0.197738647460937 -0.129936218261719 0.103271484375
-0.00653076171875 -0.249664306640625 -0.24835205078125 0.069061279296875
0.245040893554688 -0.2261962890625 -0.339813232421875 -0.140106201171875
0.278610229492188 0.0300445556640625 -0.1844482421875 -0.463104248046875
0.074371337890625 0.281158447265625 0.238037109375 -0.6015625
-0.185104370117187 0.204055786132813 0.458831787109375 -0.27294921875
-0.297760009765625 0.000488281249999956 0.01300048828125 -0.0843505859375
-0.233840942382812 0.102630615234375 -0.3060302734375 -0.100738525390625
-0.0838470458984375 0.218795776367187 -0.5858154296875 0.0870971679687499
0.17889404296875 0.191268920898438 -0.483978271484375 0.420257568359375
0.24603271484375 0.02764892578125 -0.180755615234375 0.39324951171875
0.150039672851563 -0.155838012695313 0.00607299804687501 0.37261962890625
-0.0691375732421875 -0.1922607421875 0.144515991210938 0.257156372070313
-0.122383117675781 -0.13140869140625 0.147384643554688 0.0836181640625
-0.08306884765625 -0.18328857421875 0.122817993164063 0.182052612304688
-0.0894622802734375 -0.205459594726563 -0.0169525146484375 0.20819091796875
0.02398681640625 -0.218429565429688 -0.257125854492188 0.110809326171875
0.164093017578125 -0.12017822265625 -0.3372802734375 -0.089324951171875
0.1756591796875 0.058837890625 -0.177734375 -0.44720458984375
-0.0106201171875 0.19921875 0.31085205078125 -0.63555908203125
-0.115455627441406 0.120086669921875 0.413970947265625 -0.1265869140625
-0.199752807617188 0.0471954345703125 -0.0532989501953125 -0.0485115051269531
-0.113746643066406 0.0750885009765625 -0.335052490234375 -0.0442810058593749
-0.0219192504882813 0.110511779785156 -0.55828857421875 0.170135498046875
0.127166748046875 0.0723953247070313 -0.420867919921875 0.469390869140625
0.124740600585938 -0.0671920776367188 -0.1334228515625 0.58636474609375
0.0251541137695312 -0.135604858398438 0.15106201171875 0.44317626953125
-0.0776901245117187 -0.111083984375 0.24932861328125 0.240737915039063
-0.106338500976563 -0.0701446533203125 0.212081909179688 0.0952606201171875
-0.091583251953125 -0.0777359008789063 0.0857620239257813 0.0946807861328125
-0.0970840454101562 -0.0971908569335937 -0.079010009765625 0.139381408691406
-0.0246963500976563 -0.123878479003906 -0.25970458984375 0.0511932373046875
0.072357177734375 -0.0745773315429688 -0.3466796875 -0.20208740234375
0.081390380859375 0.018035888671875 -0.1300048828125 -0.56402587890625
-0.02728271484375 0.0737457275390625 0.42950439453125 -0.64288330078125
-0.0883560180664062 -0.00487518310546874 0.56854248046875 -0.2327880859375
-0.0973892211914063 -0.0517196655273437 0.00168514251708984 -0.0106973648071289
-0.0774688720703125 0.017730712890625 0.130142211914063 -0.0389938354492188
-0.077423095703125 0.0207748413085938 -0.45318603515625 -0.03228759765625
-0.0232467651367187 0.137420654296875 -0.482086181640625 0.45648193359375
0.0833282470703125 0.110038757324219 0.00436401367187498 0.559783935546875
0.104362487792969 0.0132064819335938 0.288238525390625 0.20404052734375
0.057098388671875 -0.0406684875488281 0.19561767578125 -0.1416015625
0.00889968872070312 -0.0475196838378906 -0.0758056640625 -0.2513427734375
0.0136680603027344 -0.0298347473144531 -0.230255126953125 -0.178970336914062
0.00288009643554688 -0.0278263092041016 -0.30072021484375 -0.174285888671875
-0.00889778137207032 -0.0340175628662109 -0.273712158203125 -0.29364013671875
0.00385284423828125 -0.0360908508300781 -0.161285400390625 -0.362884521484375
0.0384025573730469 -0.0327911376953125 0.030487060546875 -0.429229736328125
0.0510444641113281 -0.00830459594726562 0.2171630859375 -0.383270263671875
0.0757522583007813 0.0257720947265625 0.263702392578125 -0.40374755859375
0.0276298522949219 0.0672149658203125 0.253875732421875 -0.384246826171875
-0.212265014648437 0.037017822265625 -0.0112991333007813 -0.0745162963867187
-0.216415405273438 0.00421142578125001 -0.6409912109375 0.10009765625
-0.0978546142578125 0.181488037109375 -0.53802490234375 0.6171875
0.072418212890625 0.162155151367188 -0.00592041015624998 0.65728759765625
0.125663757324219 0.0514450073242188 0.264373779296875 0.292083740234375
0.113677978515625 -0.105316162109375 0.214324951171875 -0.03509521484375
0.0333404541015625 -0.0952911376953125 -0.01092529296875 -0.146835327148438
-0.00534820556640624 -0.122482299804688 -0.1580810546875 -0.082183837890625
0.0193710327148437 -0.0849227905273438 -0.284423828125 -0.056793212890625
-0.049072265625 -0.170578002929687 -0.28875732421875 -0.249114990234375
0.0435943603515625 -0.181076049804688 -0.169921875 -0.324188232421875
0.154739379882813 -0.118988037109375 0.00704956054687499 -0.381256103515625
0.19219970703125 0.0576934814453125 0.147918701171875 -0.35833740234375
0.133346557617188 0.154739379882813 0.153961181640625 -0.385498046875
-0.0178070068359375 0.20001220703125 0.111572265625 -0.4468994140625
-0.2720947265625 0.1083984375 0.0668525695800781 0.00536727905273438
-0.237808227539063 0.123382568359375 -0.456085205078125 -0.07928466796875
-0.0572509765625 0.36724853515625 -0.522735595703125 0.35089111328125
0.236831665039062 0.249237060546875 -0.124542236328125 0.46490478515625
0.308380126953125 -0.032684326171875 0.146987915039063 0.238906860351563
0.111358642578125 -0.251083374023438 0.118110656738281 -0.0411148071289063
-0.0822906494140625 -0.248855590820312 -0.063323974609375 -0.141738891601563
-0.0882415771484375 -0.2152099609375 -0.17022705078125 -0.092132568359375
-0.148727416992187 -0.236862182617188 -0.25201416015625 -0.106414794921875
-0.079071044921875 -0.286590576171875 -0.273330688476563 -0.177703857421875
0.098388671875 -0.29437255859375 -0.19268798828125 -0.250823974609375
0.268447875976563 -0.152938842773438 -0.060699462890625 -0.357574462890625
0.28875732421875 0.1473388671875 0.1270751953125 -0.50335693359375
0.130081176757813 0.278778076171875 0.249053955078125 -0.4215087890625
-0.126663208007813 0.269546508789063 0.089263916015625 -0.388824462890625
-0.33642578125 0.135986328125 -0.00459289550781253 0.0600318908691406
-0.25244140625 0.207183837890625 -0.441741943359375 -0.0245666503906249
0.0106201171875 0.4375 -0.478363037109375 0.321502685546875
0.313507080078125 0.23565673828125 -0.145416259765625 0.425445556640625
0.3388671875 -0.076904296875 0.0933685302734375 0.261886596679688
0.104583740234375 -0.262176513671875 0.0863113403320313 0.0355377197265625
-0.1162109375 -0.292572021484375 -0.0213737487792969 -0.0533676147460938
-0.101318359375 -0.257705688476563 -0.103584289550781 -0.0175857543945312
-0.12677001953125 -0.271026611328125 -0.213394165039063 -0.00341796875000006
-0.06451416015625 -0.3485107421875 -0.280960083007813 -0.0703277587890625
0.161529541015625 -0.33795166015625 -0.223800659179688 -0.16546630859375
0.349365234375 -0.15093994140625 -0.13531494140625 -0.345428466796875
0.30535888671875 0.23974609375 0.090179443359375 -0.499237060546875
0.0384521484375 0.354461669921875 0.31951904296875 -0.391845703125
-0.27978515625 0.140655517578125 0.224044799804687 -0.12127685546875
-0.3848876953125 0.06719970703125 -0.19757080078125 -0.165725708007813
-0.271591186523438 0.258865356445313 -0.6221923828125 0.0122680664062501
0.083160400390625 0.37554931640625 -0.530914306640625 0.42279052734375
0.2972412109375 0.11968994140625 -0.188323974609375 0.512298583984375
0.226776123046875 -0.126510620117188 0.075103759765625 0.3426513671875
0.00973510742187502 -0.224197387695312 0.120880126953125 0.122390747070312
-0.100601196289063 -0.180557250976562 0.0293407440185547 0.000675201416015614
-0.0809478759765625 -0.170089721679687 -0.0719985961914063 0.019683837890625
-0.18572998046875 -0.31878662109375 -0.146484375 0.0568084716796875
-0.03814697265625 -0.355499267578125 -0.21343994140625 0.00849914550781244
0.208251953125 -0.33770751953125 -0.251327514648438 -0.092041015625
0.37469482421875 -0.089202880859375 -0.172882080078125 -0.33026123046875
0.2589111328125 0.294891357421875 0.104461669921875 -0.51959228515625
0.021087646484375 0.347686767578125 0.301177978515625 -0.309722900390625
-0.207855224609375 0.27642822265625 0.030792236328125 -0.183013916015625
-0.325408935546875 0.109344482421875 -0.280838012695312 -0.019866943359375
-0.16827392578125 0.284820556640625 -0.60931396484375 0.0527954101562499
0.17919921875 0.300445556640625 -0.506072998046875 0.422607421875
0.29693603515625 0.01458740234375 -0.1995849609375 0.528350830078125
0.168121337890625 -0.186111450195313 0.078765869140625 0.388641357421875
-0.0526123046875 -0.223678588867188 0.152084350585938 0.179107666015625
-0.130844116210938 -0.161544799804687 0.0849380493164062 0.0435714721679687
-0.101913452148437 -0.159698486328125 -0.0171737670898438 0.0558357238769531
-0.130905151367188 -0.186859130859375 -0.131637573242187 0.106376647949219
-0.0333404541015625 -0.244140625 -0.23974609375 0.083648681640625
0.216400146484375 -0.249786376953125 -0.348724365234375 -0.123321533203125
0.271743774414063 0.0001068115234375 -0.217041015625 -0.458038330078125
0.0958251953125 0.277328491210938 0.19964599609375 -0.6265869140625
-0.173477172851563 0.220199584960938 0.44720458984375 -0.309783935546875
-0.300689697265625 0.024383544921875 0.00965118408203123 -0.0778961181640625
-0.22576904296875 0.122268676757812 -0.322021484375 -0.08160400390625
-0.0701141357421875 0.231124877929687 -0.58746337890625 0.12738037109375
0.196319580078125 0.179641723632812 -0.458740234375 0.459228515625
0.253250122070313 0.001708984375 -0.16253662109375 0.4107666015625
0.131912231445313 -0.174575805664063 0.034942626953125 0.379150390625
-0.084869384765625 -0.187454223632813 0.16864013671875 0.246078491210938
-0.134620666503906 -0.123313903808594 0.153457641601563 0.06927490234375
-0.103912353515625 -0.175216674804688 0.140670776367187 0.164077758789063
-0.110763549804688 -0.193161010742188 0.00199890136718749 0.199798583984375
-0.001312255859375 -0.219009399414062 -0.24334716796875 0.126876831054687
0.151504516601563 -0.136550903320313 -0.332977294921875 -0.070281982421875
0.181930541992188 0.0416107177734375 -0.201202392578125 -0.437255859375
0.00415039062499999 0.201187133789063 0.270263671875 -0.667724609375
-0.100852966308594 0.124870300292969 0.421142578125 -0.14849853515625
-0.188140869140625 0.066070556640625 -0.0523605346679688 -0.0358428955078125
-0.106117248535156 0.08544921875 -0.347198486328125 -0.0216674804687501
-0.01470947265625 0.116226196289062 -0.553131103515625 0.209442138671875
0.134109497070313 0.062469482421875 -0.389068603515625 0.50445556640625
0.121139526367187 -0.0798873901367187 -0.0906982421875 0.60321044921875
0.0142364501953125 -0.140853881835938 0.186004638671875 0.43621826171875
-0.089141845703125 -0.104263305664063 0.271408081054688 0.223800659179688
-0.114051818847656 -0.061126708984375 0.219757080078125 0.078216552734375
-0.0990219116210937 -0.0718841552734375 0.091400146484375 0.0889968872070313
-0.104576110839844 -0.0893096923828125 -0.06964111328125 0.146575927734375
-0.0369415283203125 -0.120613098144531 -0.25494384765625 0.0700531005859375
0.0665512084960937 -0.0812530517578125 -0.36102294921875 -0.1805419921875
0.0830612182617188 0.011627197265625 -0.171234130859375 -0.56085205078125
-0.0232696533203125 0.0757522583007813 0.392333984375 -0.68341064453125
-0.0909576416015625 0.0025634765625 0.56451416015625 -0.27459716796875
-0.099822998046875 -0.043182373046875 0.00583267211914062 -0.00760030746459961
-0.0697822570800781 0.0317955017089844 0.117408752441406 -0.0601425170898437
-0.0747909545898438 0.0250015258789063 -0.45843505859375 -0.00833129882812492
-0.0111465454101562 0.132926940917969 -0.4482421875 0.47979736328125
0.0878677368164062 0.0965728759765625 0.031707763671875 0.549102783203125
0.099090576171875 0.004425048828125 0.287017822265625 0.18328857421875
0.050811767578125 -0.0411109924316406 0.17431640625 -0.140411376953125
0.00777435302734375 -0.0424308776855469 -0.0964813232421875 -0.224746704101562
0.0143642425537109 -0.0281047821044922 -0.237258911132812 -0.14422607421875
0.00437164306640625 -0.0247058868408203 -0.3095703125 -0.138275146484375
-0.0101070404052734 -0.0270824432373047 -0.29449462890625 -0.25994873046875
-0.00190162658691406 -0.0298519134521484 -0.18524169921875 -0.34600830078125
0.0305252075195313 -0.0349617004394531 0.00277709960937499 -0.427490234375
0.0457992553710938 -0.0150642395019531 0.196014404296875 -0.38702392578125
0.0740280151367188 0.0147552490234375 0.22943115234375 -0.400238037109375
0.0355873107910156 0.06195068359375 0.21026611328125 -0.385955810546875
-0.1937255859375 0.0570526123046875 -0.0178909301757813 -0.0767745971679688
-0.2138671875 0.020843505859375 -0.62225341796875 0.14111328125
-0.085205078125 0.185928344726563 -0.4833984375 0.6429443359375
0.081787109375 0.152877807617187 0.0407714843750001 0.64697265625
0.127456665039063 0.04046630859375 0.278228759765625 0.267593383789063
0.0983657836914063 -0.11285400390625 0.207443237304688 -0.0484466552734375
0.0240402221679688 -0.0943984985351563 -0.0225448608398438 -0.139167785644531
-0.0055389404296875 -0.111366271972656 -0.159942626953125 -0.0653839111328125
0.013336181640625 -0.0846405029296875 -0.281829833984375 -0.030914306640625
-0.06475830078125 -0.1529541015625 -0.305084228515625 -0.217132568359375
0.021697998046875 -0.1729736328125 -0.192840576171875 -0.310272216796875
0.135467529296875 -0.127838134765625 -0.016937255859375 -0.383758544921875
0.187088012695313 0.0357818603515625 0.134185791015625 -0.361083984375
0.138542175292969 0.132286071777344 0.131561279296875 -0.3719482421875
0.0037384033203125 0.190505981445313 0.07122802734375 -0.424530029296875
-0.24127197265625 0.125167846679688 0.0616607666015625 -0.0153579711914062
-0.219406127929688 0.133163452148438 -0.463653564453125 -0.057159423828125
-0.02191162109375 0.353912353515625 -0.495208740234375 0.377227783203125
0.247177124023438 0.215072631835937 -0.1014404296875 0.466766357421875
0.288360595703125 -0.06231689453125 0.15313720703125 0.225982666015625
0.07843017578125 -0.2459716796875 0.106559753417969 -0.0390625
-0.104324340820313 -0.223464965820312 -0.0743789672851563 -0.123260498046875
-0.105117797851563 -0.193649291992187 -0.171951293945313 -0.0700225830078125
-0.166015625 -0.205596923828125 -0.25836181640625 -0.0792083740234375
-0.106124877929687 -0.26153564453125 -0.284515380859375 -0.15130615234375
0.06158447265625 -0.289031982421875 -0.207550048828125 -0.238265991210938
0.24298095703125 -0.1732177734375 -0.080902099609375 -0.35601806640625
0.290191650390625 0.1134033203125 0.0940551757812499 -0.502227783203125
0.148345947265625 0.251846313476563 0.218963623046875 -0.421539306640625
-0.13201904296875 0.250228881835937 0.054107666015625 -0.368194580078125
-0.302032470703125 0.159912109375 0.000553131103515604 0.041107177734375
-0.226104736328125 0.216766357421875 -0.443267822265625 -0.00897216796874998
0.05120849609375 0.416046142578125 -0.4549560546875 0.343414306640625
0.323394775390625 0.194244384765625 -0.121368408203125 0.4259033203125
0.318511962890625 -0.112274169921875 0.10418701171875 0.249496459960938
0.0709381103515625 -0.269607543945313 0.0826873779296875 0.0358963012695312
-0.144332885742188 -0.263519287109375 -0.0258750915527344 -0.044891357421875
-0.11212158203125 -0.231231689453125 -0.101661682128906 -0.00688171386718753
-0.1546630859375 -0.2489013671875 -0.219253540039063 0.019256591796875
-0.10211181640625 -0.325714111328125 -0.269058227539063 -0.0524902343750001
0.118927001953125 -0.339202880859375 -0.228256225585938 -0.153060913085938
0.32073974609375 -0.179840087890625 -0.150848388671875 -0.336334228515625
0.319000244140625 0.1988525390625 0.061370849609375 -0.4971923828125
0.065521240234375 0.33856201171875 0.279815673828125 -0.401336669921875
-0.26318359375 0.160263061523438 0.208465576171875 -0.141586303710938
-0.35076904296875 0.156158447265625 -0.2095947265625 -0.151443481445313
-0.252227783203125 0.274871826171875 -0.61224365234375 0.0509033203125001
0.110504150390625 0.364013671875 -0.488067626953125 0.451202392578125
0.299530029296875 0.091888427734375 -0.146575927734375 0.514495849609375
0.211166381835938 -0.144119262695313 0.099365234375 0.329559326171875
-0.0105133056640625 -0.217254638671875 0.128303527832031 0.112197875976562
-0.115386962890625 -0.165176391601562 0.027252197265625 -0.000675201416015635
-0.094024658203125 -0.160369873046875 -0.0689544677734375 0.0262680053710937
-0.211761474609375 -0.2823486328125 -0.133132934570313 0.06494140625
-0.076629638671875 -0.336578369140625 -0.207244873046875 0.018280029296875
0.1622314453125 -0.343719482421875 -0.246597290039063 -0.079833984375
0.351470947265625 -0.12274169921875 -0.1844482421875 -0.317626953125
0.275970458984375 0.257415771484375 0.0717773437500001 -0.51629638671875
0.0504150390625 0.325927734375 0.28070068359375 -0.318145751953125
-0.16876220703125 0.28118896484375 0.018768310546875 -0.169662475585937
-0.309417724609375 0.133758544921875 -0.279647827148438 -0.0137786865234374
-0.145111083984375 0.295745849609375 -0.59649658203125 0.0915527343749999
0.19915771484375 0.281402587890625 -0.463165283203125 0.45166015625
0.291656494140625 -0.011810302734375 -0.15692138671875 0.535247802734375
0.149200439453125 -0.198516845703125 0.107025146484375 0.375823974609375
-0.0717620849609375 -0.212356567382813 0.163604736328125 0.164276123046875
-0.143264770507812 -0.14508056640625 0.0849533081054687 0.0356521606445312
-0.11431884765625 -0.149063110351563 -0.0143470764160156 0.0549278259277344
-0.142745971679687 -0.170761108398438 -0.133705139160156 0.103843688964844
-0.0557403564453125 -0.231643676757812 -0.229507446289062 0.0935516357421875
0.179931640625 -0.259765625 -0.34722900390625 -0.102996826171875
0.265396118164063 -0.022186279296875 -0.24639892578125 -0.435028076171875
0.11492919921875 0.263992309570313 0.1514892578125 -0.6328125
-0.15423583984375 0.230926513671875 0.42047119140625 -0.3365478515625
-0.292510986328125 0.047821044921875 0.00669097900390623 -0.0699081420898438
-0.210128784179687 0.137863159179688 -0.325958251953125 -0.0573730468750001
-0.0517578125 0.235244750976563 -0.56964111328125 0.16448974609375
0.207809448242187 0.161041259765625 -0.414794921875 0.48223876953125
0.248733520507812 -0.0248870849609375 -0.13812255859375 0.4139404296875
0.109573364257812 -0.186386108398437 0.06390380859375 0.37152099609375
-0.0967254638671875 -0.177139282226563 0.186996459960938 0.226730346679688
-0.142364501953125 -0.112518310546875 0.153472900390625 0.0542144775390625
-0.120025634765625 -0.159378051757813 0.151351928710938 0.139938354492188
-0.1275634765625 -0.17340087890625 0.0175323486328125 0.185455322265625
-0.0258026123046875 -0.209243774414062 -0.22406005859375 0.136062622070313
0.132217407226563 -0.147445678710938 -0.318267822265625 -0.051025390625
0.180679321289063 0.0218963623046875 -0.220367431640625 -0.414276123046875
0.0193939208984375 0.195968627929687 0.21734619140625 -0.67730712890625
-0.0842971801757813 0.124290466308594 0.415435791015625 -0.170166015625
-0.169052124023438 0.08056640625 -0.0479278564453125 -0.0224685668945312
-0.0947113037109375 0.0918045043945313 -0.34613037109375 0.00402832031249998
-0.00555419921874999 0.118194580078125 -0.529266357421875 0.244598388671875
0.137290954589844 0.050323486328125 -0.34320068359375 0.5238037109375
0.111518859863281 -0.090728759765625 -0.04400634765625 0.5999755859375
0.00196838378906249 -0.1412353515625 0.216033935546875 0.4130859375
-0.097686767578125 -0.0927886962890625 0.2850341796875 0.197601318359375
-0.118927001953125 -0.0494003295898438 0.220062255859375 0.05712890625
-0.104377746582031 -0.0639266967773437 0.0956573486328125 0.0805816650390625
-0.109786987304688 -0.0781097412109375 -0.0572509765625 0.14923095703125
-0.046722412109375 -0.11248779296875 -0.241897583007813 0.086273193359375
0.0584564208984375 -0.0848541259765625 -0.3619384765625 -0.15057373046875
0.0823898315429688 0.00447845458984375 -0.20635986328125 -0.539031982421875
-0.0175399780273438 0.0756607055664063 0.33612060546875 -0.70025634765625
-0.08984375 0.0108184814453125 0.538177490234375 -0.311431884765625
-0.0992355346679687 -0.0338058471679688 0.00963020324707031 -0.00488948822021485
-0.0582923889160156 0.0350265502929687 0.0801162719726563 -0.05987548828125
-0.071319580078125 0.0266571044921875 -0.45281982421875 0.00640869140625009
-0.00436401367187501 0.125961303710938 -0.416229248046875 0.48211669921875
0.087066650390625 0.0851593017578125 0.04718017578125 0.529449462890625
0.0926055908203125 -0.0009002685546875 0.274627685546875 0.168624877929688
0.0459785461425781 -0.0390090942382813 0.15679931640625 -0.13250732421875
0.00834274291992187 -0.0382347106933594 -0.104812622070313 -0.19720458984375
0.0156898498535156 -0.02691650390625 -0.232894897460938 -0.115692138671875
0.0069580078125 -0.0223007202148438 -0.305908203125 -0.107574462890625
-0.00933837890625 -0.0202789306640625 -0.29986572265625 -0.228912353515625
-0.00480461120605469 -0.0230255126953125 -0.196563720703125 -0.327178955078125
0.0242843627929688 -0.0341453552246094 -0.0135498046875 -0.416290283203125
0.0408554077148438 -0.0207633972167969 0.180694580078125 -0.3792724609375
0.0696830749511719 0.00626754760742188 0.201873779296875 -0.383270263671875
0.0406379699707031 0.0551910400390625 0.17584228515625 -0.372894287109375
-0.174911499023438 0.0623321533203125 -0.0227813720703125 -0.0776443481445312
-0.207199096679688 0.0312957763671875 -0.59576416015625 0.16156005859375
-0.0747528076171875 0.185791015625 -0.43438720703125 0.64501953125
0.0861358642578125 0.144973754882813 0.0714111328125 0.62249755859375
0.125602722167969 0.0323715209960938 0.281097412109375 0.244171142578125
0.0853805541992188 -0.107406616210938 0.197509765625 -0.0563507080078125
0.0170059204101563 -0.0903854370117188 -0.0287551879882812 -0.129676818847656
0.012908935546875 -0.0874557495117187 -0.156097412109375 -0.051544189453125
0.00862884521484375 -0.0825347900390625 -0.271987915039063 -0.0118865966796875
-0.0714874267578125 -0.134834289550781 -0.30859375 -0.187713623046875
0.00622558593749999 -0.159744262695313 -0.20367431640625 -0.293365478515625
0.117233276367188 -0.129112243652344 -0.032684326171875 -0.379302978515625
0.176284790039063 0.0200347900390625 0.124786376953125 -0.356781005859375
0.135490417480469 0.112922668457031 0.119537353515625 -0.35101318359375
0.0180511474609375 0.177017211914063 0.045989990234375 -0.39422607421875
-0.209991455078125 0.127716064453125 0.0532608032226562 -0.0323867797851562
-0.19976806640625 0.13470458984375 -0.460662841796875 -0.0447387695312499
0.00213623046874997 0.332733154296875 -0.464630126953125 0.3856201171875
0.243698120117188 0.185104370117188 -0.0853271484375 0.455474853515625
0.26446533203125 -0.079833984375 0.150955200195313 0.213760375976563
0.0526275634765625 -0.231826782226563 0.0968246459960938 -0.0334320068359375
-0.115280151367188 -0.196319580078125 -0.0777359008789063 -0.105064392089844
-0.112167358398438 -0.171661376953125 -0.16680908203125 -0.0526580810546875
-0.170028686523438 -0.176925659179688 -0.255813598632813 -0.0567474365234375
-0.12054443359375 -0.233016967773438 -0.284698486328125 -0.1292724609375
0.0348968505859375 -0.27349853515625 -0.212310791015625 -0.224365234375
0.216033935546875 -0.182174682617188 -0.092529296875 -0.349334716796875
0.280181884765625 0.08575439453125 0.0742187500000001 -0.496337890625
0.154296875 0.22509765625 0.205535888671875 -0.4146728515625
-0.140350341796875 0.222457885742188 0.032318115234375 -0.34002685546875
-0.26708984375 0.166259765625 0.00127029418945311 0.0223350524902344
-0.201812744140625 0.215179443359375 -0.436553955078125 -0.00265502929687507
0.076324462890625 0.387786865234375 -0.42828369140625 0.348846435546875
0.319061279296875 0.158782958984375 -0.1063232421875 0.416046142578125
0.291015625 -0.13299560546875 0.107452392578125 0.236465454101563
0.041351318359375 -0.264907836914063 0.0786209106445313 0.0379714965820312
-0.1585693359375 -0.23138427734375 -0.0270271301269531 -0.0368804931640625
-0.112823486328125 -0.205734252929688 -0.0956573486328125 0.000427246093750007
-0.172027587890625 -0.224929809570313 -0.221694946289063 0.0363159179687499
-0.1258544921875 -0.296478271484375 -0.251083374023438 -0.0456390380859375
0.08544921875 -0.328094482421875 -0.225601196289063 -0.143142700195313
0.290985107421875 -0.193572998046875 -0.1568603515625 -0.324920654296875
0.31732177734375 0.16424560546875 0.0396728515625 -0.4820556640625
0.0777587890625 0.319061279296875 0.2476806640625 -0.393341064453125
-0.244842529296875 0.1715087890625 0.20379638671875 -0.129043579101563
-0.310699462890625 0.181243896484375 -0.213058471679688 -0.139312744140625
-0.229888916015625 0.2811279296875 -0.59051513671875 0.07598876953125
0.127044677734375 0.346771240234375 -0.44927978515625 0.458526611328125
0.29248046875 0.070953369140625 -0.116302490234375 0.50360107421875
0.194366455078125 -0.15289306640625 0.113189697265625 0.313018798828125
-0.02471923828125 -0.205474853515625 0.130256652832031 0.10205078125
-0.12274169921875 -0.149032592773438 0.0257053375244141 -0.00105857849121095
-0.101791381835938 -0.149490356445313 -0.0645866394042969 0.0307998657226562
-0.2220458984375 -0.245880126953125 -0.123252868652344 0.06793212890625
-0.10089111328125 -0.30999755859375 -0.198104858398438 0.02374267578125
0.124786376953125 -0.334686279296875 -0.235626220703125 -0.073638916015625
0.32403564453125 -0.14178466796875 -0.186767578125 -0.306671142578125
0.27783203125 0.22412109375 0.050811767578125 -0.499847412109375
0.0657958984375 0.2998046875 0.263916015625 -0.3145751953125
-0.136016845703125 0.271926879882813 0.0126495361328125 -0.15350341796875
-0.28955078125 0.144622802734375 -0.271026611328125 -0.00207519531249996
-0.124786376953125 0.297882080078125 -0.57391357421875 0.114013671875
0.209136962890625 0.262405395507813 -0.425018310546875 0.454986572265625
0.278717041015625 -0.029693603515625 -0.12384033203125 0.524169921875
0.13079833984375 -0.202590942382812 0.1241455078125 0.35540771484375
-0.0834808349609375 -0.196990966796875 0.166778564453125 0.150039672851563
-0.149261474609375 -0.128143310546875 0.0825653076171875 0.0299606323242187
-0.120903015136719 -0.137504577636719 -0.002593994140625 0.0663032531738281
-0.148056030273438 -0.154953002929688 -0.133689880371094 0.100250244140625
-0.0679931640625 -0.215988159179688 -0.219024658203125 0.09716796875
0.148605346679688 -0.257095336914063 -0.337005615234375 -0.0871276855468751
0.254486083984375 -0.0367431640625 -0.260894775390625 -0.40924072265625
0.124282836914062 0.24859619140625 0.11297607421875 -0.61956787109375
-0.137451171875 0.232833862304687 0.3916015625 -0.34600830078125
-0.278961181640625 0.062103271484375 0.00785827636718749 -0.0608177185058594
-0.193588256835938 0.144515991210938 -0.321685791015625 -0.0405883789062501
-0.03729248046875 0.23492431640625 -0.545440673828125 0.1854248046875
0.211257934570313 0.144622802734375 -0.374420166015625 0.484466552734375
0.237640380859375 -0.044281005859375 -0.119293212890625 0.409088134765625
0.0874481201171875 -0.189163208007812 0.0810546875 0.357330322265625
-0.097808837890625 -0.173049926757812 0.194671630859375 0.206100463867188
-0.148895263671875 -0.091033935546875 0.15032958984375 0.048004150390625
-0.129486083984375 -0.142654418945313 0.15081787109375 0.118637084960937
-0.136993408203125 -0.15582275390625 0.027069091796875 0.169387817382813
-0.0430450439453125 -0.194671630859375 -0.211898803710937 0.133651733398438
0.11474609375 -0.150192260742188 -0.29949951171875 -0.04144287109375
0.17388916015625 0.0075531005859375 -0.224609375 -0.38934326171875
0.0286407470703125 0.188262939453125 0.175048828125 -0.66552734375
-0.0711593627929687 0.1185302734375 0.40460205078125 -0.181610107421875
-0.15032958984375 0.085113525390625 -0.0397186279296875 -0.0123100280761719
-0.084503173828125 0.09246826171875 -0.33770751953125 0.021759033203125
0.00138092041015624 0.118293762207031 -0.500762939453125 0.260833740234375
0.136367797851563 0.0419769287109375 -0.303436279296875 0.522064208984375
0.100929260253906 -0.0960845947265625 -0.00982666015625003 0.5814208984375
-0.008392333984375 -0.137809753417969 0.231597900390625 0.38677978515625
-0.100082397460938 -0.0817184448242187 0.28631591796875 0.173675537109375
-0.119819641113281 -0.0385665893554688 0.213241577148438 0.041656494140625
-0.106460571289063 -0.0570144653320313 0.0956497192382813 0.0735626220703125
-0.110359191894531 -0.068939208984375 -0.046295166015625 0.148529052734375
-0.0512771606445312 -0.103378295898438 -0.226669311523438 0.0951080322265625
0.0513534545898438 -0.085174560546875 -0.352691650390625 -0.12860107421875
0.0795135498046875 -0.00057220458984375 -0.226898193359375 -0.5093994140625
-0.013702392578125 0.0748214721679688 0.28900146484375 -0.6951904296875
-0.0865707397460938 0.0166473388671875 0.5079345703125 -0.3271484375
-0.0947494506835938 -0.0275115966796875 0.0137186050415039 -0.00272846221923828
-0.0497627258300781 0.0334434509277344 0.0685768127441406 -0.0696029663085938
-0.0691184997558594 0.0261077880859375 -0.44952392578125 0.00933837890625006
-0.0015411376953125 0.120361328125 -0.40045166015625 0.476287841796875
0.0833587646484375 0.0783309936523438 0.04742431640625 0.513702392578125
0.0858535766601563 -0.0021820068359375 0.261642456054688 0.162582397460938
0.0432052612304688 -0.036407470703125 0.146163940429688 -0.121429443359375
0.00996017456054688 -0.0346908569335938 -0.105316162109375 -0.176315307617188
0.0167083740234375 -0.0258140563964844 -0.224685668945313 -0.0962371826171874
0.00901603698730469 -0.0208625793457031 -0.298980712890625 -0.08868408203125
-0.00702762603759766 -0.0153884887695313 -0.298583984375 -0.208892822265625
-0.00539112091064453 -0.0166616439819336 -0.19989013671875 -0.315155029296875
0.0193805694580078 -0.0323219299316406 -0.0177001953125 -0.406829833984375
0.0352134704589844 -0.0232276916503906 0.175872802734375 -0.370086669921875
0.0652694702148438 0.00051116943359375 0.19024658203125 -0.36480712890625
0.0434951782226562 0.0496788024902344 0.154571533203125 -0.35650634765625
-0.180770874023438 0.016265869140625 -0.02593994140625 -0.08026123046875
-0.200393676757813 0.0405120849609375 -0.5751953125 0.16717529296875
-0.069488525390625 0.184860229492188 -0.40606689453125 0.6373291015625
0.08514404296875 0.137786865234375 0.083251953125 0.60009765625
0.122955322265625 0.0275802612304688 0.277633666992188 0.230300903320313
0.0789337158203125 -0.09185791015625 0.18896484375 -0.0605010986328125
0.0123748779296875 -0.0860061645507813 -0.0310745239257813 -0.12225341796875
0.0126876831054688 -0.080841064453125 -0.150238037109375 -0.0430908203125
0.0051422119140625 -0.0818252563476562 -0.262527465820313 -0.00154113769531254
-0.0731887817382812 -0.119636535644531 -0.30615234375 -0.169403076171875
-0.00155639648437502 -0.1470947265625 -0.207061767578125 -0.28289794921875
0.103851318359375 -0.126449584960937 -0.039337158203125 -0.37548828125
0.165313720703125 0.011505126953125 0.125457763671875 -0.35223388671875
0.128585815429688 0.09991455078125 0.118194580078125 -0.3319091796875
0.0260772705078125 0.163818359375 0.033203125 -0.3663330078125
-0.1866455078125 0.124008178710938 0.0440216064453125 -0.0466041564941406
-0.186447143554687 0.130752563476563 -0.457366943359375 -0.0447998046874999
0.01397705078125 0.31341552734375 -0.4488525390625 0.38134765625
0.235702514648438 0.164749145507813 -0.082000732421875 0.44525146484375
0.243667602539063 -0.08721923828125 0.144485473632813 0.206924438476563
0.036834716796875 -0.216964721679688 0.09063720703125 -0.025970458984375
-0.11810302734375 -0.174972534179688 -0.076568603515625 -0.091766357421875
-0.114349365234375 -0.1553955078125 -0.160430908203125 -0.0419921875
-0.168594360351563 -0.155731201171875 -0.251373291015625 -0.0420379638671875
-0.12481689453125 -0.210342407226563 -0.281524658203125 -0.114471435546875
0.01898193359375 -0.257492065429688 -0.213775634765625 -0.21832275390625
0.197341918945313 -0.18255615234375 -0.09527587890625 -0.34521484375
0.2684326171875 0.0694732666015625 0.06488037109375 -0.484039306640625
0.152099609375 0.206161499023438 0.20977783203125 -0.408203125
-0.100128173828125 0.235061645507813 0.0235595703125 -0.31536865234375
-0.239547729492187 0.166152954101563 -0.00157928466796876 0.0052928924560547
-0.185775756835938 0.208938598632813 -0.432952880859375 -0.00576782226562493
0.088134765625 0.365081787109375 -0.4151611328125 0.344940185546875
0.308990478515625 0.135711669921875 -0.10272216796875 0.404937744140625
0.268264770507812 -0.1431884765625 0.101333618164063 0.227676391601563
0.0206756591796875 -0.255752563476563 0.0756378173828125 0.0411300659179687
-0.162673950195312 -0.206192016601563 -0.0262584686279297 -0.0308036804199219
-0.1163330078125 -0.189376831054688 -0.0901260375976563 0.0024261474609375
-0.181655883789063 -0.20440673828125 -0.219802856445313 0.045562744140625
-0.136398315429688 -0.271331787109375 -0.241500854492188 -0.04339599609375
0.06494140625 -0.31341552734375 -0.220535278320313 -0.139907836914063
0.268646240234375 -0.197723388671875 -0.1566162109375 -0.318359375
0.30841064453125 0.14178466796875 0.032928466796875 -0.4658203125
0.09063720703125 0.301422119140625 0.234039306640625 -0.381591796875
-0.220870971679688 0.20361328125 0.216384887695313 -0.08233642578125
-0.296875 0.175018310546875 -0.212921142578125 -0.134384155273438
-0.215728759765625 0.282440185546875 -0.57489013671875 0.08233642578125
0.135498046875 0.334808349609375 -0.42388916015625 0.45489501953125
0.284393310546875 0.059234619140625 -0.101409912109375 0.490631103515625
0.181320190429688 -0.156387329101563 0.117095947265625 0.299957275390625
-0.03314208984375 -0.195327758789063 0.129623413085938 0.0949935913085937
-0.12603759765625 -0.13616943359375 0.0241661071777344 -0.00165176391601563
-0.105575561523438 -0.141357421875 -0.060882568359375 0.0327529907226563
-0.22442626953125 -0.219192504882812 -0.115081787109375 0.067108154296875
-0.1134033203125 -0.2869873046875 -0.192291259765625 0.02398681640625
0.1005859375 -0.3218994140625 -0.226730346679688 -0.0745697021484375
0.302001953125 -0.150604248046875 -0.183441162109375 -0.3004150390625
0.272613525390625 0.200546264648438 0.0433349609375 -0.486846923828125
0.0714874267578125 0.278884887695313 0.25640869140625 -0.30645751953125
-0.114654541015625 0.258270263671875 0.0123214721679687 -0.139610290527344
-0.268310546875 0.168289184570313 -0.264190673828125 0.00146484375
-0.111724853515625 0.29644775390625 -0.557403564453125 0.1226806640625
0.213821411132813 0.249298095703125 -0.400054931640625 0.4503173828125
0.268478393554688 -0.03912353515625 -0.10638427734375 0.51019287109375
0.118240356445313 -0.202835083007813 0.129608154296875 0.3411865234375
-0.089080810546875 -0.18511962890625 0.16668701171875 0.140060424804688
-0.15106201171875 -0.116012573242188 0.0799942016601562 0.0263290405273437
-0.124656677246094 -0.128822326660156 0.0169219970703125 0.0761489868164063
-0.14947509765625 -0.144607543945313 -0.12646484375 0.103858947753906
-0.0734100341796875 -0.202896118164063 -0.209976196289063 0.0965728759765624
0.128173828125 -0.249252319335938 -0.3280029296875 -0.083221435546875
0.246475219726563 -0.04376220703125 -0.261566162109375 -0.393707275390625
0.127639770507813 0.238311767578125 0.09326171875 -0.6063232421875
-0.1270751953125 0.230987548828125 0.3739013671875 -0.3458251953125
-0.268142700195313 0.0670776367187499 0.0112571716308594 -0.0537338256835937
-0.183013916015625 0.145492553710937 -0.31695556640625 -0.0328369140625
-0.0283966064453125 0.233413696289063 -0.527679443359375 0.191436767578125
0.211669921875 0.135086059570313 -0.352325439453125 0.4779052734375
0.22723388671875 -0.0558929443359375 -0.112274169921875 0.40313720703125
0.0944061279296875 -0.197525024414063 0.088226318359375 0.346099853515625
-0.099029541015625 -0.175643920898438 0.196624755859375 0.191680908203125
-0.14691162109375 -0.0927886962890625 0.145950317382813 0.0435638427734375
-0.133796691894531 -0.130134582519531 0.14398193359375 0.10479736328125
-0.141220092773438 -0.142913818359375 0.030792236328125 0.15625
-0.051422119140625 -0.18157958984375 -0.19940185546875 0.130950927734375
0.102218627929687 -0.149520874023438 -0.282318115234375 -0.041229248046875
0.167587280273438 -0.00152587890625 -0.2186279296875 -0.376556396484375
0.03265380859375 0.18255615234375 0.15032958984375 -0.6458740234375
-0.0624465942382813 0.111343383789063 0.398895263671875 -0.18487548828125
-0.137069702148438 0.084503173828125 -0.0304832458496094 -0.00469398498535156
-0.0784454345703125 0.0920486450195312 -0.329864501953125 0.0298461914062499
0.00634765625 0.11773681640625 -0.48236083984375 0.26507568359375
0.135955810546875 0.0367889404296875 -0.28125 0.511932373046875
0.09429931640625 -0.0979080200195313 0.0067138671875 0.5640869140625
-0.0148468017578125 -0.134880065917969 0.23504638671875 0.36737060546875
-0.100074768066406 -0.0739212036132813 0.282867431640625 0.1580810546875
-0.119255065917969 -0.0308837890625 0.206039428710938 0.03167724609375
-0.108184814453125 -0.051544189453125 0.0949783325195313 0.0695877075195313
-0.110633850097656 -0.0638427734375 -0.0397491455078125 0.146713256835938
-0.0528335571289062 -0.0967178344726563 -0.21563720703125 0.0975494384765625
0.0468902587890625 -0.0842971801757812 -0.343170166015625 -0.118621826171875
0.0768966674804688 -0.0031890869140625 -0.231414794921875 -0.4898681640625
-0.0110931396484375 0.0741958618164063 0.26177978515625 -0.68438720703125
-0.0824661254882813 0.0208740234375 0.4881591796875 -0.32965087890625
-0.0913772583007813 -0.0242843627929688 0.0180397033691406 -0.000677108764648439
-0.0453376770019531 0.0285263061523437 0.0382194519042969 -0.0690841674804688
-0.0701065063476563 0.0257949829101562 -0.4576416015625 0.00579833984375009
-0.00110626220703124 0.117866516113281 -0.402130126953125 0.47442626953125
0.080902099609375 0.0758438110351563 0.043609619140625 0.512969970703125
0.0825424194335937 -0.00214385986328125 0.2525634765625 0.165130615234375
0.0418777465820313 -0.033935546875 0.1422119140625 -0.113204956054688
0.0124874114990234 -0.0324306488037109 -0.103683471679687 -0.162826538085938
0.0182418823242188 -0.0258846282958984 -0.2205810546875 -0.0848541259765625
0.0110969543457031 -0.0208816528320313 -0.297607421875 -0.0766296386718751
-0.00388145446777344 -0.0117998123168945 -0.2994384765625 -0.197479248046875
-0.00478839874267578 -0.0117406845092773 -0.202667236328125 -0.314178466796875
0.0163345336914063 -0.0298500061035156 -0.0174560546875 -0.408477783203125
0.0306873321533203 -0.02459716796875 0.18231201171875 -0.36932373046875
0.0620689392089844 -0.00268173217773438 0.19171142578125 -0.35302734375
0.04595947265625 0.0446395874023438 0.145599365234375 -0.347198486328125
-0.1778564453125 0.0109100341796875 -0.0296859741210938 -0.0855178833007813
-0.198348999023437 0.0473175048828125 -0.57220458984375 0.16851806640625
-0.0670318603515625 0.187408447265625 -0.39593505859375 0.63824462890625
0.0844879150390625 0.136367797851563 0.08935546875 0.59429931640625
0.123481750488281 0.025238037109375 0.276947021484375 0.225128173828125
0.0754318237304688 -0.07867431640625 0.185638427734375 -0.0627593994140625
0.0100936889648438 -0.0831756591796875 -0.0318527221679688 -0.119712829589844
0.00518798828124999 -0.0850448608398438 -0.147415161132812 -0.039764404296875
0.002227783203125 -0.0811996459960938 -0.259078979492188 0.00476074218749998
-0.0726165771484375 -0.110092163085937 -0.307403564453125 -0.160125732421875
-0.00566864013671876 -0.138839721679688 -0.21148681640625 -0.28192138671875
0.0956192016601563 -0.124519348144531 -0.04217529296875 -0.381072998046875
0.158721923828125 0.007110595703125 0.132415771484375 -0.35272216796875
0.123992919921875 0.0932464599609375 0.126678466796875 -0.320037841796875
0.030120849609375 0.154861450195313 0.030181884765625 -0.348724365234375
-0.172348022460938 0.118515014648438 0.0349273681640625 -0.060089111328125
-0.180252075195312 0.126495361328125 -0.463897705078125 -0.05072021484375
0.019927978515625 0.3031005859375 -0.450286865234375 0.37896728515625
0.230972290039063 0.154022216796875 -0.08673095703125 0.443450927734375
0.230850219726563 -0.0916900634765625 0.138427734375 0.207595825195313
0.0267486572265625 -0.206756591796875 0.0885009765625 -0.0186614990234375
-0.119461059570313 -0.160110473632813 -0.0749664306640625 -0.0838699340820313
-0.11566162109375 -0.1455078125 -0.157363891601563 -0.0352935791015625
-0.167617797851563 -0.142669677734375 -0.25146484375 -0.0330810546875
-0.127426147460937 -0.195846557617188 -0.282623291015625 -0.10772705078125
0.00964355468750003 -0.248123168945312 -0.216506958007813 -0.219329833984375
0.186782836914063 -0.183670043945312 -0.0965576171875 -0.350433349609375
0.261795043945313 0.0614013671875 0.065277099609375 -0.48687744140625
0.148956298828125 0.1978759765625 0.23883056640625 -0.41326904296875
-0.073577880859375 0.237930297851562 0.02154541015625 -0.299407958984375
-0.225234985351563 0.162460327148438 -0.00565052032470704 -0.0102472305297851
-0.177993774414063 0.204177856445313 -0.44012451171875 -0.0150451660156249
0.096343994140625 0.3515625 -0.416229248046875 0.340057373046875
0.30279541015625 0.122161865234375 -0.109222412109375 0.404541015625
0.2545166015625 -0.15020751953125 0.09600830078125 0.226913452148438
0.00645446777343751 -0.24896240234375 0.0753860473632813 0.046661376953125
-0.166091918945313 -0.188323974609375 -0.0253219604492188 -0.0273265838623047
-0.117218017578125 -0.178756713867188 -0.0868988037109375 0.00328063964843748
-0.190292358398437 -0.190826416015625 -0.21881103515625 0.051788330078125
-0.143325805664063 -0.255935668945313 -0.2392578125 -0.04339599609375
0.053955078125 -0.304901123046875 -0.220504760742187 -0.14385986328125
0.255996704101563 -0.2008056640625 -0.15606689453125 -0.32269287109375
0.304351806640625 0.13079833984375 0.034332275390625 -0.463348388671875
0.100677490234375 0.290283203125 0.2459716796875 -0.38275146484375
-0.191268920898438 0.235183715820313 0.227020263671875 -0.035369873046875
-0.332855224609375 0.111236572265625 -0.216567993164063 -0.135269165039063
-0.209930419921875 0.28717041015625 -0.5732421875 0.0819702148437499
0.14251708984375 0.332672119140625 -0.415771484375 0.45489501953125
0.28204345703125 0.052764892578125 -0.095916748046875 0.48785400390625
0.174667358398438 -0.160369873046875 0.119476318359375 0.296173095703125
-0.0379791259765625 -0.189102172851562 0.12921142578125 0.09246826171875
-0.128890991210938 -0.12811279296875 0.0229892730712891 -0.00244522094726563
-0.110382080078125 -0.13720703125 -0.0589447021484375 0.0339736938476563
-0.22662353515625 -0.202560424804688 -0.112144470214844 0.0665283203125
-0.120925903320313 -0.272842407226562 -0.190322875976563 0.022857666015625
0.086212158203125 -0.3148193359375 -0.223648071289063 -0.0803527832031251
0.289031982421875 -0.156097412109375 -0.181396484375 -0.306976318359375
0.270721435546875 0.1890869140625 0.0437622070312501 -0.484344482421875
0.0718536376953125 0.2674560546875 0.2607421875 -0.3028564453125
-0.102920532226563 0.248855590820312 0.0148086547851562 -0.130691528320312
-0.256484985351563 0.178451538085938 -0.262496948242188 0.00155639648437504
-0.105133056640625 0.300140380859375 -0.556976318359375 0.12335205078125
0.219482421875 0.2459716796875 -0.391845703125 0.4495849609375
0.265380859375 -0.0446319580078125 -0.100128173828125 0.507171630859375
0.110397338867187 -0.205841064453125 0.13287353515625 0.336578369140625
-0.0933074951171875 -0.178253173828125 0.167816162109375 0.13604736328125
-0.1534423828125 -0.107101440429687 0.078155517578125 0.0241622924804687
-0.129539489746094 -0.124107360839844 0.0286788940429687 0.0777969360351562
-0.153579711914063 -0.13836669921875 -0.122909545898438 0.107643127441406
-0.0765228271484375 -0.197418212890625 -0.206298828125 0.0961151123046875
0.114791870117187 -0.247329711914062 -0.32562255859375 -0.0843505859375
0.24365234375 -0.047393798828125 -0.2652587890625 -0.3895263671875
0.130386352539063 0.235580444335937 0.0855712890625001 -0.60467529296875
-0.122726440429687 0.2330322265625 0.371002197265625 -0.3470458984375
-0.26611328125 0.069580078125 0.0155830383300781 -0.047271728515625
-0.178680419921875 0.147842407226563 -0.318328857421875 -0.0304870605468749
-0.022430419921875 0.235916137695312 -0.5242919921875 0.193572998046875
0.216156005859375 0.13043212890625 -0.34356689453125 0.4761962890625
0.224227905273438 -0.064727783203125 -0.10888671875 0.405914306640625
0.0885162353515625 -0.203536987304687 0.09173583984375 0.345245361328125
-0.105117797851562 -0.170791625976563 0.201004028320312 0.183120727539063
-0.151565551757813 -0.074188232421875 0.143829345703125 0.0379791259765625
-0.13836669921875 -0.122779846191406 0.14556884765625 0.0948333740234375
-0.146072387695312 -0.1348876953125 0.0321807861328125 0.148040771484375
-0.0575103759765625 -0.173202514648438 -0.196990966796875 0.126861572265625
0.0945587158203125 -0.150283813476563 -0.27447509765625 -0.047088623046875
0.164642333984375 -0.006927490234375 -0.213531494140625 -0.375
0.0350799560546875 0.181686401367188 0.13995361328125 -0.61865234375
-0.058502197265625 0.105781555175781 0.40484619140625 -0.186248779296875
-0.134536743164063 0.0817489624023438 -0.0210037231445313 0.000925064086914068
-0.0748672485351563 0.0928955078125 -0.330657958984375 0.0329284667968751
0.00991821289062501 0.120002746582031 -0.4794921875 0.268829345703125
0.137954711914063 0.0342254638671875 -0.274261474609375 0.509674072265625
0.0908050537109375 -0.100921630859375 0.014495849609375 0.56048583984375
-0.0201263427734375 -0.135330200195313 0.239593505859375 0.3621826171875
-0.101211547851563 -0.0698699951171875 0.283935546875 0.150970458984375
-0.120002746582031 -0.0251388549804688 0.203231811523437 0.025543212890625
-0.111305236816406 -0.0487747192382813 0.0957107543945313 0.067962646484375
-0.11236572265625 -0.060821533203125 -0.035064697265625 0.147674560546875
-0.05401611328125 -0.0938644409179687 -0.210693359375 0.0993194580078125
0.0448074340820312 -0.08551025390625 -0.339447021484375 -0.11517333984375
0.0756912231445312 -0.00437164306640625 -0.235137939453125 -0.485076904296875
-0.00996398925781249 0.0744552612304688 0.25201416015625 -0.68243408203125
-0.0811233520507813 0.022735595703125 0.485137939453125 -0.33245849609375
-0.0897903442382813 -0.0235671997070312 0.0231609344482422 0.00223922729492187
-0.0435600280761719 0.0241317749023438 0.0305023193359375 -0.0789871215820312
-0.0727310180664063 0.0271987915039062 -0.479248046875 0.00201416015625004
0.000450134277343759 0.118621826171875 -0.408447265625 0.489532470703125
0.0819931030273438 0.0751876831054687 0.043701171875 0.524658203125
0.0819854736328125 -0.00186920166015625 0.25335693359375 0.170501708984375
0.0418128967285156 -0.0326652526855469 0.14141845703125 -0.10931396484375
0.0149765014648438 -0.0319461822509766 -0.106765747070312 -0.154190063476562
0.0198764801025391 -0.0266532897949219 -0.22332763671875 -0.075469970703125
0.0126838684082031 -0.0214157104492187 -0.30413818359375 -0.0640869140625
-0.000983238220214845 -0.00943851470947266 -0.3101806640625 -0.191131591796875
-0.00359344482421875 -0.00767230987548828 -0.21533203125 -0.319580078125
0.0130786895751953 -0.0287551879882813 -0.023101806640625 -0.42230224609375
0.0274219512939453 -0.0258979797363281 0.190399169921875 -0.378814697265625
0.0600242614746094 -0.00677871704101563 0.19390869140625 -0.355133056640625
0.0488548278808594 0.0400581359863281 0.1370849609375 -0.34869384765625
-0.1722412109375 0.030303955078125 -0.0352630615234375 -0.0928878784179688
-0.201766967773437 0.0538330078125 -0.5838623046875 0.1771240234375
-0.0636749267578125 0.1944580078125 -0.390380859375 0.65789794921875
0.0885848999023438 0.138389587402344 0.100341796875 0.60101318359375
0.13665771484375 0.0189666748046875 0.283843994140625 0.223724365234375
0.0726318359375 -0.0710906982421875 0.185287475585938 -0.0683135986328125
0.008331298828125 -0.08251953125 -0.0348663330078125 -0.120498657226563
-0.00833892822265625 -0.091400146484375 -0.149368286132813 -0.0368499755859375
-0.00146484375 -0.0832748413085938 -0.262237548828125 0.0130615234375
-0.0741958618164062 -0.103843688964844 -0.31683349609375 -0.15252685546875
-0.00963592529296874 -0.13458251953125 -0.223602294921875 -0.286773681640625
0.0902099609375 -0.125984191894531 -0.0496826171875 -0.39593505859375
0.155914306640625 0.0024566650390625 0.140106201171875 -0.3660888671875
0.123130798339844 0.0884780883789063 0.135986328125 -0.321136474609375
0.035186767578125 0.149658203125 0.0264892578125 -0.3419189453125
-0.162643432617188 0.11651611328125 0.0257720947265625 -0.0740585327148437
-0.178146362304688 0.127471923828125 -0.48486328125 -0.053985595703125
0.0294189453125 0.30029296875 -0.45806884765625 0.389068603515625
0.233901977539063 0.145904541015625 -0.0906372070312499 0.456024169921875
0.222991943359375 -0.0993804931640625 0.13812255859375 0.214157104492187
0.01708984375 -0.201629638671875 0.08905029296875 -0.0139999389648438
-0.12408447265625 -0.1494140625 -0.0763702392578125 -0.0782241821289063
-0.120811462402344 -0.138298034667969 -0.158401489257813 -0.030242919921875
-0.1715087890625 -0.132461547851563 -0.25762939453125 -0.02215576171875
-0.133544921875 -0.186553955078125 -0.29119873046875 -0.101776123046875
0.000183105468750003 -0.245559692382813 -0.227432250976563 -0.224746704101563
0.180816650390625 -0.189300537109375 -0.1055908203125 -0.364776611328125
0.2620849609375 0.0530548095703125 0.0627441406250001 -0.506622314453125
0.15093994140625 0.193740844726562 0.24139404296875 -0.422332763671875
-0.0608367919921875 0.23944091796875 0.018218994140625 -0.29266357421875
-0.212966918945313 0.164276123046875 -0.0121726989746094 -0.0253410339355469
-0.17340087890625 0.206283569335938 -0.458465576171875 -0.021331787109375
0.10845947265625 0.34576416015625 -0.4254150390625 0.349884033203125
0.305084228515625 0.111328125 -0.11285400390625 0.414520263671875
0.244857788085938 -0.161453247070313 0.0960693359375 0.23345947265625
-0.00822448730468749 -0.246200561523437 0.0776138305664062 0.0515670776367187
-0.173629760742188 -0.174819946289062 -0.0253429412841797 -0.0250320434570313
-0.120956420898438 -0.171554565429688 -0.0869369506835938 0.00424194335937499
-0.204177856445313 -0.1795654296875 -0.220535278320313 0.0608367919921875
-0.15289306640625 -0.2462158203125 -0.24542236328125 -0.0408172607421875
0.041961669921875 -0.3060302734375 -0.228256225585937 -0.149139404296875
0.248077392578125 -0.211502075195313 -0.16400146484375 -0.333770751953125
0.308380126953125 0.119720458984375 0.0329589843750001 -0.472991943359375
0.10980224609375 0.2889404296875 0.2572021484375 -0.39471435546875
-0.15191650390625 0.264083862304687 0.233016967773438 -0.048248291015625
-0.33544921875 0.121124267578125 -0.2279052734375 -0.138626098632813
-0.206878662109375 0.300445556640625 -0.58563232421875 0.0898437500000001
0.156768798828125 0.335113525390625 -0.41400146484375 0.46759033203125
0.288238525390625 0.04644775390625 -0.0897216796875 0.49737548828125
0.170455932617188 -0.169464111328125 0.127655029296875 0.298492431640625
-0.044952392578125 -0.18695068359375 0.133277893066406 0.0905838012695312
-0.135116577148438 -0.121955871582031 0.0213088989257812 -0.0039806365966797
-0.118598937988281 -0.133674621582031 -0.0588035583496094 0.0354843139648437
-0.2354736328125 -0.188949584960938 -0.11114501953125 0.0690689086914063
-0.132232666015625 -0.26544189453125 -0.194198608398438 0.02392578125
0.072723388671875 -0.317138671875 -0.228103637695312 -0.0867919921875
0.283447265625 -0.1673583984375 -0.188140869140625 -0.317413330078125
0.27655029296875 0.179580688476563 0.040679931640625 -0.496856689453125
0.0770416259765625 0.262359619140625 0.2698974609375 -0.309783935546875
-0.09320068359375 0.246353149414063 0.0174407958984375 -0.124900817871094
-0.2393798828125 0.1988525390625 -0.268386840820313 0.00444030761718749
-0.09844970703125 0.312286376953125 -0.569091796875 0.13238525390625
0.234207153320313 0.244049072265625 -0.389923095703125 0.462310791015625
0.26806640625 -0.054107666015625 -0.092864990234375 0.518890380859375
0.103622436523438 -0.214401245117188 0.142669677734375 0.338714599609375
-0.1015625 -0.17547607421875 0.173858642578125 0.133377075195313
-0.159759521484375 -0.100143432617188 0.07769775390625 0.022003173828125
-0.137847900390625 -0.120941162109375 0.0336532592773437 0.0764007568359375
-0.162155151367188 -0.134552001953125 -0.120635986328125 0.114723205566406
-0.0837554931640625 -0.19622802734375 -0.205963134765625 0.100067138671875
0.103042602539063 -0.251190185546875 -0.332794189453125 -0.080902099609375
0.247161865234375 -0.055267333984375 -0.279541015625 -0.39306640625
0.138458251953125 0.23822021484375 0.0736083984375 -0.617919921875
-0.118927001953125 0.242019653320313 0.3756103515625 -0.3609619140625
-0.271209716796875 0.0766601562500001 0.0214958190917969 -0.0438308715820313
-0.176910400390625 0.155960083007812 -0.329193115234375 -0.0273437499999999
-0.01409912109375 0.24407958984375 -0.535247802734375 0.204986572265625
0.226715087890625 0.126144409179688 -0.339935302734375 0.48883056640625
0.22491455078125 -0.076690673828125 -0.11328125 0.4168701171875
0.07940673828125 -0.213226318359375 0.1024169921875 0.352325439453125
-0.115219116210938 -0.169754028320312 0.209671020507813 0.180282592773438
-0.156036376953125 -0.0742034912109375 0.14398193359375 0.03167724609375
-0.148025512695313 -0.1163330078125 0.151199340820313 0.08489990234375
-0.154861450195313 -0.1280517578125 0.0350494384765625 0.145187377929688
-0.065185546875 -0.169952392578125 -0.196090698242188 0.129959106445312
0.087890625 -0.155563354492188 -0.275344848632813 -0.0520782470703125
0.165237426757813 -0.0139617919921875 -0.221343994140625 -0.382080078125
0.040557861328125 0.185165405273438 0.13287353515625 -0.6236572265625
-0.0554351806640625 0.104042053222656 0.421539306640625 -0.19525146484375
-0.123985290527344 0.0844573974609375 -0.0130748748779297 0.00615596771240235
-0.071685791015625 0.0965805053710938 -0.3394775390625 0.038604736328125
0.0165252685546875 0.12408447265625 -0.48529052734375 0.2833251953125
0.144302368164063 0.0298004150390625 -0.269561767578125 0.522918701171875
0.088165283203125 -0.107131958007812 0.0255126953125 0.5712890625
-0.0270843505859375 -0.138214111328125 0.25360107421875 0.363311767578125
-0.105422973632813 -0.0654754638671875 0.292083740234375 0.14453125
-0.122886657714844 -0.0194778442382813 0.20458984375 0.01898193359375
-0.11761474609375 -0.0450286865234375 0.0996246337890625 0.0665817260742188
-0.118522644042969 -0.0577163696289062 -0.0296478271484375 0.151824951171875
-0.0569610595703125 -0.0935440063476563 -0.210403442382813 0.105712890625
0.0423126220703125 -0.089111328125 -0.347381591796875 -0.11236572265625
0.0769424438476563 -0.00670623779296875 -0.25054931640625 -0.490081787109375
-0.0073699951171875 0.0770950317382813 0.243896484375 -0.7005615234375
-0.0817413330078125 0.0263290405273438 0.491973876953125 -0.348602294921875
-0.0915603637695313 -0.0222549438476562 0.0286960601806641 0.0035400390625
-0.0462913513183594 0.0147705078125 0.0267410278320313 -0.0943069458007813
-0.0742416381835938 0.031768798828125 -0.504058837890625 0.014251708984375
0.00585937500000001 0.120651245117188 -0.40533447265625 0.518463134765625
0.0864410400390625 0.0730972290039063 0.05926513671875 0.541351318359375
0.0821914672851563 -0.0047149658203125 0.261245727539063 0.171340942382812
0.0421600341796875 -0.033050537109375 0.139495849609375 -0.110397338867188
0.01715087890625 -0.0329799652099609 -0.114532470703125 -0.144485473632813
0.0204105377197266 -0.0284099578857422 -0.229568481445313 -0.0600738525390625
0.0137119293212891 -0.0223121643066406 -0.314727783203125 -0.0435180664062501
0.0018310546875 -0.00851678848266602 -0.328643798828125 -0.176483154296875
-0.00206518173217773 -0.00455856323242188 -0.23809814453125 -0.32025146484375
0.00994110107421875 -0.0270786285400391 -0.042755126953125 -0.43994140625
0.0225906372070313 -0.0279197692871094 0.187835693359375 -0.400177001953125
0.0583038330078125 -0.0123138427734375 0.19024658203125 -0.363800048828125
0.052154541015625 0.0349082946777344 0.12158203125 -0.354583740234375
-0.15185546875 0.0595703125 -0.0457077026367188 -0.0998077392578125
-0.204696655273438 0.0671539306640625 -0.594482421875 0.2042236328125
-0.05419921875 0.204788208007813 -0.369140625 0.69354248046875
0.0982284545898438 0.13848876953125 0.13037109375 0.6123046875
0.13970947265625 0.0125732421875 0.299530029296875 0.215911865234375
0.0694694519042969 -0.06866455078125 0.184524536132812 -0.0787811279296875
0.00516510009765624 -0.0828933715820313 -0.0429000854492188 -0.12115478515625
-0.015380859375 -0.0920181274414063 -0.154327392578125 -0.0296478271484375
-0.00705718994140625 -0.0845718383789063 -0.266738891601563 0.02923583984375
-0.07879638671875 -0.0976333618164063 -0.33441162109375 -0.13739013671875
-0.0169677734375 -0.132156372070313 -0.247589111328125 -0.2880859375
0.0825271606445312 -0.130996704101563 -0.07080078125 -0.413177490234375
0.155303955078125 -0.0057830810546875 0.136627197265625 -0.388519287109375
0.126174926757813 0.0818557739257813 0.137054443359375 -0.329803466796875
0.042694091796875 0.144744873046875 0.0133056640625 -0.3382568359375
-0.151504516601563 0.119171142578125 0.0129470825195312 -0.0884552001953125
-0.174224853515625 0.135284423828125 -0.511749267578125 -0.0440979003906249
0.047088623046875 0.29852294921875 -0.460357666015625 0.417266845703125
0.241287231445313 0.13177490234375 -0.082611083984375 0.47509765625
0.214889526367187 -0.112823486328125 0.145111083984375 0.219268798828125
0.00354003906249998 -0.198593139648438 0.0908584594726563 -0.0111618041992188
-0.131622314453125 -0.137130737304687 -0.080718994140625 -0.071441650390625
-0.1302490234375 -0.129570007324219 -0.162490844726562 -0.020477294921875
-0.180343627929688 -0.11944580078125 -0.265716552734375 -0.00436401367187499
-0.144882202148437 -0.176620483398438 -0.30572509765625 -0.088165283203125
-0.0157012939453125 -0.24517822265625 -0.246841430664063 -0.224929809570313
0.170333862304688 -0.202194213867188 -0.12579345703125 -0.37786865234375
0.26611328125 0.0391082763671875 0.047332763671875 -0.53509521484375
0.159408569335938 0.190109252929688 0.22491455078125 -0.437408447265625
-0.0429229736328125 0.243637084960938 0.00857543945312499 -0.2889404296875
-0.199462890625 0.17083740234375 -0.0215034484863281 -0.0396499633789062
-0.165512084960938 0.214889526367187 -0.485443115234375 -0.013702392578125
0.130401611328125 0.339599609375 -0.429901123046875 0.3726806640625
0.31292724609375 0.0921630859375 -0.10552978515625 0.432098388671875
0.232208251953125 -0.179397583007813 0.103607177734375 0.239715576171875
-0.0282135009765625 -0.243804931640625 0.0832672119140625 0.0542755126953125
-0.185928344726562 -0.158660888671875 -0.0269889831542969 -0.0229015350341797
-0.136947631835938 -0.164505004882812 -0.0884552001953125 0.0082550048828125
-0.221420288085937 -0.163299560546875 -0.221450805664063 0.0764007568359375
-0.16998291015625 -0.235214233398438 -0.255111694335937 -0.0311126708984375
0.02032470703125 -0.311431884765625 -0.242660522460938 -0.15020751953125
0.237762451171875 -0.228546142578125 -0.18267822265625 -0.342987060546875
0.3192138671875 0.10430908203125 0.020050048828125 -0.48187255859375
0.125518798828125 0.286895751953125 0.278900146484375 -0.42626953125
-0.1116943359375 0.28179931640625 0.218643188476563 -0.113494873046875
-0.33697509765625 0.141357421875 -0.246185302734375 -0.137130737304688
-0.164398193359375 0.32421875 -0.60345458984375 0.11395263671875
0.182769775390625 0.335235595703125 -0.402984619140625 0.49554443359375
0.297332763671875 0.031158447265625 -0.07086181640625 0.512786865234375
0.1622314453125 -0.18414306640625 0.14501953125 0.29949951171875
-0.0572662353515625 -0.185501098632813 0.141433715820313 0.0856170654296875
-0.144989013671875 -0.11279296875 0.0187644958496094 -0.00582885742187501
-0.130767822265625 -0.128662109375 -0.0584144592285156 0.0391654968261719
-0.252273559570313 -0.171890258789063 -0.110298156738281 0.0750045776367187
-0.151718139648438 -0.25689697265625 -0.199356079101563 0.031707763671875
0.051300048828125 -0.322723388671875 -0.239151000976563 -0.0871734619140625
0.275421142578125 -0.187042236328125 -0.207183837890625 -0.325164794921875
0.28961181640625 0.165313720703125 0.022857666015625 -0.51708984375
0.0894317626953125 0.258575439453125 0.2728271484375 -0.327667236328125
-0.079498291015625 0.248291015625 0.0173492431640625 -0.121498107910156
-0.269989013671875 0.18048095703125 -0.299346923828125 -0.0427856445312499
-0.082550048828125 0.328033447265625 -0.584228515625 0.158935546875
0.256561279296875 0.236862182617188 -0.380401611328125 0.490264892578125
0.2708740234375 -0.0713653564453125 -0.0714111328125 0.535430908203125
0.0906219482421875 -0.226882934570312 0.164031982421875 0.34136962890625
-0.11376953125 -0.170700073242188 0.184555053710938 0.12738037109375
-0.169281005859375 -0.089752197265625 0.0779800415039062 0.0180740356445312
-0.150650024414063 -0.114227294921875 0.0339736938476562 0.0736846923828125
-0.176071166992188 -0.126022338867187 -0.115684509277344 0.12518310546875
-0.0967559814453125 -0.195068359375 -0.20452880859375 0.111160278320312
0.084503173828125 -0.260116577148438 -0.344757080078125 -0.0692443847656251
0.25048828125 -0.069366455078125 -0.307861328125 -0.3934326171875
0.155426025390625 0.237762451171875 0.04742431640625 -0.63873291015625
-0.110260009765625 0.255035400390625 0.373016357421875 -0.389984130859375
-0.277938842773438 0.092010498046875 0.0271072387695312 -0.0413551330566406
-0.172210693359375 0.168563842773438 -0.34490966796875 -0.01507568359375
0.00178527832031251 0.254196166992188 -0.54547119140625 0.234771728515625
0.242263793945313 0.11541748046875 -0.32806396484375 0.514190673828125
0.224853515625 -0.0957489013671875 -0.098602294921875 0.437530517578125
0.0630950927734375 -0.225387573242188 0.123931884765625 0.358551025390625
-0.12969970703125 -0.16363525390625 0.225784301757813 0.174880981445313
-0.165771484375 -0.06964111328125 0.144943237304688 0.021484375
-0.1605224609375 -0.107086181640625 0.158462524414063 0.0727691650390625
-0.168594360351562 -0.117874145507812 0.0418701171875 0.141571044921875
-0.0776214599609375 -0.166336059570312 -0.194869995117187 0.1390380859375
0.078369140625 -0.16375732421875 -0.282012939453125 -0.0509948730468749
0.1671142578125 -0.0259552001953125 -0.238525390625 -0.3861083984375
0.0507354736328125 0.190170288085938 0.1051025390625 -0.6673583984375
-0.0509719848632812 0.105117797851563 0.43621826171875 -0.220550537109375
-0.112686157226563 0.090057373046875 0.000243186950683586 0.00886821746826172
-0.0663223266601563 0.10272216796875 -0.3521728515625 0.05377197265625
0.0269775390625 0.12774658203125 -0.489105224609375 0.3126220703125
0.151702880859375 0.0204620361328125 -0.253692626953125 0.54693603515625
0.0828323364257813 -0.116729736328125 0.0538330078125 0.58447265625
-0.0389556884765625 -0.141098022460937 0.279296875 0.359527587890625
-0.111312866210937 -0.0599212646484375 0.306365966796875 0.132080078125
-0.126686096191406 -0.0104598999023437 0.208175659179687 0.008056640625
-0.125999450683594 -0.0379714965820312 0.1063232421875 0.0634841918945313
-0.126617431640625 -0.0512771606445312 -0.0192108154296875 0.15765380859375
-0.064178466796875 -0.093353271484375 -0.208221435546875 0.118011474609375
0.0367050170898437 -0.095001220703125 -0.360992431640625 -0.100311279296875
0.0796585083007813 -0.011199951171875 -0.281585693359375 -0.49102783203125
-0.00218200683593749 0.0801315307617188 0.2154541015625 -0.7333984375
-0.0820388793945313 0.03155517578125 0.494903564453125 -0.382080078125
-0.0953826904296875 -0.01873779296875 0.0352897644042969 0.00374221801757812
-0.0466957092285156 0.0111312866210937 0.0167770385742187 -0.111663818359375
-0.0737457275390625 0.0384521484375 -0.523406982421875 0.0440979003906251
0.0135421752929688 0.120826721191406 -0.384124755859375 0.55377197265625
0.0916748046875 0.0669326782226563 0.0892944335937499 0.550750732421875
0.0819320678710938 -0.00908660888671875 0.271087646484375 0.164169311523438
0.04156494140625 -0.0341567993164063 0.134567260742188 -0.113777160644531
0.0176544189453125 -0.0353126525878906 -0.123741149902344 -0.130477905273438
0.0199241638183594 -0.0303821563720703 -0.234039306640625 -0.03778076171875
0.0139884948730469 -0.0231056213378906 -0.3203125 -0.0139770507812501
0.00429201126098633 -0.00821161270141602 -0.347625732421875 -0.151580810546875
0.000145077705383301 -0.00171923637390137 -0.26800537109375 -0.310394287109375
0.00624275207519531 -0.0253944396972656 -0.076507568359375 -0.4493408203125
0.0171775817871094 -0.0290584564208984 0.17193603515625 -0.425048828125
0.0549812316894531 -0.0185470581054688 0.175048828125 -0.3751220703125
0.0544395446777344 0.0270614624023438 0.095703125 -0.359161376953125
-0.14111328125 0.0695648193359375 -0.0591659545898437 -0.103981018066406
-0.202423095703125 0.0830841064453125 -0.5924072265625 0.2430419921875
-0.0386810302734375 0.21197509765625 -0.32061767578125 0.7264404296875
0.109283447265625 0.13238525390625 0.17510986328125 0.61053466796875
0.142333984375 0.0005950927734375 0.318084716796875 0.19775390625
0.0643463134765625 -0.0652046203613281 0.178421020507813 -0.0931243896484375
-0.0010528564453125 -0.0823211669921875 -0.05328369140625 -0.119178771972656
-0.0198440551757812 -0.0897293090820313 -0.15789794921875 -0.0181427001953125
-0.014678955078125 -0.0841064453125 -0.266082763671875 0.0518951416015625
-0.0845184326171875 -0.0885848999023437 -0.349273681640625 -0.111480712890625
-0.0267105102539063 -0.127830505371094 -0.2760009765625 -0.276870727539063
0.0698623657226563 -0.135269165039062 -0.1026611328125 -0.421875
0.151809692382813 -0.0171356201171875 0.122222900390625 -0.410980224609375
0.129264831542969 0.0716934204101563 0.1285400390625 -0.340728759765625
0.0518569946289063 0.137313842773438 -0.00616455078125 -0.33154296875
-0.135673522949219 0.122238159179688 -0.00468444824218751 -0.100318908691406
-0.163681030273438 0.14422607421875 -0.535858154296875 -0.018768310546875
0.070556640625 0.2901611328125 -0.447601318359375 0.449127197265625
0.248748779296875 0.11077880859375 -0.060760498046875 0.4918212890625
0.199447631835938 -0.128875732421875 0.157791137695313 0.219161987304688
-0.0135040283203125 -0.191375732421875 0.0922775268554687 -0.0113067626953125
-0.1392822265625 -0.12054443359375 -0.0860748291015625 -0.0624160766601563
-0.140411376953125 -0.115287780761719 -0.164764404296875 -0.00688171386718747
-0.188201904296875 -0.0996856689453125 -0.268707275390625 0.020843505859375
-0.157516479492188 -0.161056518554688 -0.31744384765625 -0.0652465820312499
-0.0373687744140625 -0.241455078125 -0.271026611328125 -0.214691162109375
0.152542114257813 -0.215286254882813 -0.156280517578125 -0.382720947265625
0.268096923828125 0.0183868408203125 0.0159912109375 -0.56378173828125
0.16912841796875 0.185821533203125 0.195556640625 -0.451446533203125
-0.0148773193359375 0.243560791015625 -0.00762939453125 -0.281646728515625
-0.179489135742188 0.179458618164063 -0.0348052978515625 -0.0514335632324219
-0.147369384765625 0.223968505859375 -0.507171630859375 0.009674072265625
0.1573486328125 0.324462890625 -0.41949462890625 0.401824951171875
0.317474365234375 0.064361572265625 -0.085205078125 0.448333740234375
0.211456298828125 -0.198043823242187 0.117416381835938 0.240478515625
-0.0523681640625 -0.235809326171875 0.0899810791015625 0.05364990234375
-0.196746826171875 -0.135589599609375 -0.0295619964599609 -0.0195140838623047
-0.156219482421875 -0.150650024414063 -0.0892410278320313 0.015594482421875
-0.236465454101563 -0.138778686523437 -0.215362548828125 0.0963745117187499
-0.1890869140625 -0.217071533203125 -0.26239013671875 -0.0131683349609375
-0.01055908203125 -0.311920166015625 -0.259857177734375 -0.140914916992187
0.217300415039063 -0.247512817382813 -0.20977783203125 -0.3416748046875
0.32708740234375 0.077850341796875 -0.00442504882812495 -0.487640380859375
0.150802612304687 0.273544311523438 0.289031982421875 -0.458709716796875
-0.07177734375 0.28814697265625 0.194122314453125 -0.155776977539062
-0.330078125 0.167327880859375 -0.266159057617188 -0.1256103515625
-0.097381591796875 0.30657958984375 -0.609619140625 0.1551513671875
0.21429443359375 0.323638916015625 -0.3739013671875 0.527099609375
0.302398681640625 0.00628662109375 -0.037841796875 0.52337646484375
0.145950317382812 -0.199569702148438 0.167999267578125 0.29241943359375
-0.0723419189453125 -0.179061889648438 0.14813232421875 0.0756683349609375
-0.153884887695313 -0.098541259765625 0.0150623321533203 -0.00679779052734376
-0.1439208984375 -0.117340087890625 -0.056182861328125 0.0442352294921875
-0.267227172851563 -0.144454956054688 -0.106132507324219 0.0834197998046875
-0.17437744140625 -0.240249633789062 -0.20098876953125 0.04339599609375
0.021575927734375 -0.32470703125 -0.250595092773438 -0.0790252685546876
0.258651733398438 -0.210464477539063 -0.23333740234375 -0.324859619140625
0.302398681640625 0.141387939453125 -0.00906372070312497 -0.532684326171875
0.105300903320312 0.249908447265625 0.264495849609375 -0.3515625
-0.05889892578125 0.249237060546875 0.015869140625 -0.117820739746094
-0.257919311523438 0.205169677734375 -0.324127197265625 -0.0697021484374999
-0.055328369140625 0.340423583984375 -0.5865478515625 0.20001220703125
0.28070068359375 0.217620849609375 -0.352874755859375 0.519378662109375
0.266677856445313 -0.0955810546875 -0.037261962890625 0.5482177734375
0.0693206787109375 -0.237152099609375 0.19097900390625 0.332427978515625
-0.128067016601562 -0.159576416015625 0.196014404296875 0.113937377929688
-0.177505493164063 -0.073028564453125 0.07684326171875 0.0129547119140625
-0.163055419921875 -0.100479125976562 0.04595947265625 0.0697479248046875
-0.189956665039063 -0.110076904296875 -0.105537414550781 0.137153625488281
-0.114166259765625 -0.188308715820313 -0.192062377929688 0.124130249023438
0.058868408203125 -0.26556396484375 -0.353973388671875 -0.0458068847656251
0.24798583984375 -0.089996337890625 -0.341888427734375 -0.3763427734375
0.176971435546875 0.229537963867188 0.000305175781250022 -0.6514892578125
-0.0929412841796875 0.268112182617187 0.3531494140625 -0.42425537109375
-0.278228759765625 0.1162109375 0.0321006774902344 -0.0409431457519531
-0.159912109375 0.183242797851562 -0.356842041015625 0.00695800781249999
0.0250091552734375 0.2586669921875 -0.541168212890625 0.275634765625
0.257171630859375 0.0953826904296875 -0.29925537109375 0.5418701171875
0.217025756835938 -0.11920166015625 -0.0793151855468749 0.454803466796875
0.0399932861328125 -0.23406982421875 0.153411865234375 0.355926513671875
-0.14288330078125 -0.145126342773437 0.242965698242188 0.160858154296875
-0.177703857421875 -0.0584869384765625 0.145782470703125 0.010894775390625
-0.173171997070313 -0.090423583984375 0.1634521484375 0.0563507080078125
-0.181854248046875 -0.100814819335938 0.0527877807617187 0.134521484375
-0.0940399169921875 -0.157821655273438 -0.188186645507813 0.15228271484375
0.0602569580078125 -0.1715087890625 -0.287322998046875 -0.04052734375
0.16546630859375 -0.0415802001953125 -0.263702392578125 -0.3802490234375
0.067230224609375 0.188644409179688 0.0548095703124999 -0.6922607421875
-0.04443359375 0.106254577636719 0.4381103515625 -0.25592041015625
-0.100425720214844 0.095977783203125 0.0148591995239258 0.00903129577636719
-0.0570831298828125 0.106849670410156 -0.358001708984375 0.078033447265625
0.04156494140625 0.127700805664063 -0.477752685546875 0.3514404296875
0.156661987304688 0.006317138671875 -0.2213134765625 0.56927490234375
0.0725479125976563 -0.127784729003906 0.0972900390624999 0.589111328125
-0.0539474487304688 -0.139816284179688 0.311065673828125 0.341583251953125
-0.117118835449219 -0.0500717163085937 0.3197021484375 0.108673095703125
-0.12774658203125 0.0016021728515625 0.208541870117187 -0.0080413818359375
-0.132431030273438 -0.0265350341796875 0.112907409667969 0.0560531616210937
-0.133522033691406 -0.040130615234375 -0.00433349609375001 0.1602783203125
-0.073516845703125 -0.0892181396484375 -0.199798583984375 0.134475708007813
0.0277252197265625 -0.0998382568359375 -0.37103271484375 -0.07672119140625
0.0798797607421875 -0.017547607421875 -0.321044921875 -0.47821044921875
0.00531005859374999 0.0810165405273437 0.1644287109375 -0.75872802734375
-0.0798797607421875 0.03900146484375 0.478240966796875 -0.424407958984375
-0.0988922119140625 -0.0108795166015625 0.0423660278320312 0.001953125
-0.0472564697265625 0.00670623779296874 -0.000823974609375012 -0.12127685546875
-0.0695991516113281 0.0434646606445312 -0.522918701171875 0.0768737792968751
0.0211181640625 0.117416381835938 -0.34619140625 0.57208251953125
0.0939788818359375 0.0583343505859375 0.120941162109375 0.540985107421875
0.078460693359375 -0.0133132934570313 0.274612426757813 0.150619506835937
0.03961181640625 -0.034271240234375 0.125129699707031 -0.115592956542969
0.0167884826660156 -0.0363883972167969 -0.127998352050781 -0.111640930175781
0.0179405212402344 -0.0313186645507813 -0.229904174804688 -0.013336181640625
0.0131206512451172 -0.0240211486816406 -0.312774658203125 0.018463134765625
0.00594425201416016 -0.00848627090454102 -0.354583740234375 -0.11798095703125
0.0012519359588623 0.000404238700866699 -0.290374755859375 -0.2864990234375
0.0025177001953125 -0.0217876434326172 -0.110076904296875 -0.443206787109375
0.0106792449951172 -0.0284957885742188 0.146026611328125 -0.43707275390625
0.0486030578613281 -0.0237045288085938 0.152374267578125 -0.37579345703125
0.052978515625 0.0198822021484375 0.065704345703125 -0.351318359375
-0.135269165039063 0.070709228515625 -0.0731582641601563 -0.102210998535156
-0.192047119140625 0.097869873046875 -0.5697021484375 0.27978515625
-0.02044677734375 0.211273193359375 -0.25958251953125 0.73736572265625
0.117279052734375 0.121307373046875 0.21588134765625 0.58636474609375
0.14471435546875 -0.019683837890625 0.32470703125 0.1712646484375
0.0586013793945312 -0.0709152221679688 0.163375854492188 -0.10552978515625
-0.00612640380859375 -0.0789642333984375 -0.0629806518554687 -0.112091064453125
-0.0304031372070312 -0.0855026245117188 -0.15576171875 -0.0053253173828125
-0.0219650268554688 -0.080474853515625 -0.254165649414063 0.0740814208984375
-0.0876617431640625 -0.0766372680664063 -0.353057861328125 -0.0791015625
-0.0363006591796875 -0.119384765625 -0.296417236328125 -0.25250244140625
0.0561294555664063 -0.134414672851563 -0.135009765625 -0.41497802734375
0.143661499023438 -0.0276031494140625 0.097259521484375 -0.4207763671875
0.127174377441406 0.0596542358398438 0.1131591796875 -0.343719482421875
0.058807373046875 0.126541137695313 -0.024871826171875 -0.313995361328125
-0.11724853515625 0.119255065917969 -0.0250701904296875 -0.106071472167969
-0.146942138671875 0.148178100585938 -0.542724609375 0.0135192871093751
0.0907440185546875 0.27056884765625 -0.4171142578125 0.47100830078125
0.2464599609375 0.0843353271484375 -0.032989501953125 0.492889404296875
0.177017211914063 -0.139358520507813 0.167572021484375 0.211563110351563
-0.0284881591796875 -0.177993774414063 0.0911712646484375 -0.0121994018554688
-0.142059326171875 -0.0995635986328125 -0.0881195068359375 -0.051055908203125
-0.144439697265625 -0.0966949462890625 -0.161209106445313 0.0085296630859375
-0.189010620117188 -0.07659912109375 -0.261459350585938 0.0470428466796875
-0.16583251953125 -0.139739990234375 -0.318511962890625 -0.0374755859375001
-0.0580291748046875 -0.227935791015625 -0.28717041015625 -0.193817138671875
0.129653930664062 -0.221466064453125 -0.185272216796875 -0.372955322265625
0.260879516601562 -0.003936767578125 -0.02337646484375 -0.56475830078125
0.172760009765625 0.1806640625 0.157257080078125 -0.449493408203125
0.0136871337890625 0.232574462890625 -0.0221099853515625 -0.266494750976563
-0.15399169921875 0.179977416992188 -0.0493087768554688 -0.0584220886230468
-0.125762939453125 0.225051879882813 -0.514434814453125 0.03717041015625
0.179351806640625 0.2967529296875 -0.3948974609375 0.42279052734375
0.309722900390625 0.033538818359375 -0.060516357421875 0.452911376953125
0.184539794921875 -0.206375122070312 0.130218505859375 0.233657836914063
-0.0727996826171875 -0.218536376953125 0.0947647094726563 0.0496673583984375
-0.199905395507813 -0.108551025390625 -0.0308341979980469 -0.0145683288574219
-0.169967651367188 -0.129196166992188 -0.0873260498046875 0.0231399536132813
-0.242324829101562 -0.108016967773438 -0.20245361328125 0.114227294921875
-0.20208740234375 -0.19085693359375 -0.26055908203125 0.00746154785156248
-0.040496826171875 -0.29986572265625 -0.269668579101562 -0.12457275390625
0.189300537109375 -0.259567260742188 -0.233306884765625 -0.32928466796875
0.324310302734375 0.04779052734375 -0.030426025390625 -0.482025146484375
0.171157836914063 0.248321533203125 0.271270751953125 -0.477020263671875
-0.038238525390625 0.282470703125 0.16455078125 -0.17779541015625
-0.31103515625 0.188079833984375 -0.279312133789063 -0.1065673828125
-0.138153076171875 0.351318359375 -0.5955810546875 0.1934814453125
0.238189697265625 0.298797607421875 -0.3302001953125 0.540252685546875
0.295379638671875 -0.019683837890625 -0.00183105468749996 0.517242431640625
0.12322998046875 -0.206451416015625 0.1856689453125 0.274078369140625
-0.0842742919921875 -0.166275024414063 0.150833129882812 0.061798095703125
-0.157745361328125 -0.0807952880859375 0.0111370086669922 -0.00703716278076172
-0.151107788085938 -0.100723266601563 -0.0515403747558594 0.0481910705566406
-0.271682739257813 -0.110763549804688 -0.0967941284179688 0.0893707275390625
-0.1904296875 -0.214813232421875 -0.1961669921875 0.056365966796875
-0.01092529296875 -0.3143310546875 -0.254928588867188 -0.06549072265625
0.231460571289063 -0.227218627929688 -0.25408935546875 -0.308319091796875
0.305633544921875 0.110931396484375 -0.04827880859375 -0.53167724609375
0.119522094726563 0.232894897460938 0.24517822265625 -0.366729736328125
-0.036163330078125 0.243392944335938 0.0137100219726562 -0.112876892089844
-0.205673217773437 0.23822021484375 -0.33209228515625 -0.0463562011718749
-0.024261474609375 0.33990478515625 -0.57080078125 0.23907470703125
0.29583740234375 0.18865966796875 -0.311279296875 0.534271240234375
0.252548217773438 -0.117385864257812 0.00289916992187505 0.542205810546875
0.044647216796875 -0.2374267578125 0.2119140625 0.309906005859375
-0.13763427734375 -0.143417358398438 0.201034545898438 0.09503173828125
-0.178634643554688 -0.0541229248046875 0.07366943359375 0.00743865966796875
-0.169326782226563 -0.0825347900390625 0.0691452026367187 0.054412841796875
-0.1961669921875 -0.0893096923828125 -0.089752197265625 0.143707275390625
-0.1287841796875 -0.1741943359375 -0.172225952148437 0.13140869140625
0.0305633544921875 -0.260910034179688 -0.35076904296875 -0.0184326171875
0.238235473632812 -0.10986328125 -0.3651123046875 -0.3455810546875
0.193603515625 0.211624145507812 -0.0486450195312499 -0.642333984375
-0.0706634521484375 0.272918701171875 0.320465087890625 -0.445465087890625
-0.26629638671875 0.139434814453125 0.0355148315429687 -0.0400047302246094
-0.141754150390625 0.19091796875 -0.35791015625 0.0330810546874999
0.048675537109375 0.25262451171875 -0.516265869140625 0.311798095703125
0.2620849609375 0.069915771484375 -0.25848388671875 0.5531005859375
0.19873046875 -0.138763427734375 -0.04815673828125 0.458526611328125
0.0132598876953125 -0.233154296875 0.17919921875 0.339263916015625
-0.151901245117188 -0.125244140625 0.252304077148438 0.13861083984375
-0.177978515625 -0.038848876953125 0.141281127929688 -3.05175781250024E-05
-0.179367065429688 -0.06964111328125 0.159866333007813 0.0404205322265625
-0.1871337890625 -0.0782012939453125 0.0609130859375 0.121589660644531
-0.106964111328125 -0.1431884765625 -0.174346923828125 0.1607666015625
0.03955078125 -0.171234130859375 -0.284912109375 -0.0273742675781251
0.158721923828125 -0.056915283203125 -0.281982421875 -0.36090087890625
0.0812530517578125 0.179641723632812 0.000366210937499973 -0.7010498046875
-0.0359344482421875 0.107917785644531 0.423583984375 -0.28778076171875
-0.0847702026367188 0.0983963012695313 0.0382957458496094 0.00226974487304688
-0.04583740234375 0.106590270996094 -0.35308837890625 0.103912353515625
0.0538864135742188 0.121124267578125 -0.448638916015625 0.384063720703125
0.154937744140625 -0.00933837890625 -0.177734375 0.5758056640625
0.0574874877929688 -0.133140563964844 0.138916015625 0.57257080078125
-0.0677947998046875 -0.131874084472656 0.33111572265625 0.310455322265625
-0.118507385253906 -0.03729248046875 0.321075439453125 0.07940673828125
-0.123931884765625 0.0135574340820313 0.202301025390625 -0.0239410400390625
-0.134025573730469 -0.0124130249023437 0.116226196289062 0.0450439453125
-0.136260986328125 -0.0261764526367187 0.0121307373046875 0.156173706054688
-0.0809860229492187 -0.0816802978515625 -0.183258056640625 0.146453857421875
0.0167770385742187 -0.100196838378906 -0.37005615234375 -0.0488281249999999
0.0775985717773438 -0.0252914428710938 -0.351715087890625 -0.44647216796875
0.0132293701171875 0.078033447265625 0.105224609375 -0.75982666015625
-0.075408935546875 0.0451507568359375 0.442474365234375 -0.45648193359375
-0.097076416015625 -0.00110626220703123 0.0474205017089844 -0.00180435180664063
-0.0458412170410156 0.00641250610351563 -0.019866943359375 -0.121353149414063
-0.0650138854980469 0.04571533203125 -0.51507568359375 0.0990295410156249
0.0261459350585938 0.112823486328125 -0.31488037109375 0.57220458984375
0.0926361083984375 0.0505523681640625 0.13787841796875 0.523345947265625
0.0740890502929688 -0.0154037475585938 0.270309448242188 0.140594482421875
0.0384407043457031 -0.0334968566894531 0.116058349609375 -0.112503051757813
0.0156326293945313 -0.0367012023925781 -0.126777648925781 -0.0948715209960937
0.0165843963623047 -0.0310592651367188 -0.217987060546875 0.00537109374999999
0.0129413604736328 -0.0237560272216797 -0.298126220703125 0.041778564453125
0.0067143440246582 -0.00800609588623047 -0.349151611328125 -0.090057373046875
0.00304961204528809 0.00280928611755371 -0.299407958984375 -0.2623291015625
0.000562667846679685 -0.0182743072509766 -0.131988525390625 -0.428741455078125
0.0054931640625 -0.0269145965576172 0.1246337890625 -0.436981201171875
0.0418243408203125 -0.025726318359375 0.1341552734375 -0.368255615234375
0.0498847961425781 0.0146331787109375 0.045806884765625 -0.333892822265625
-0.179519653320312 0.020721435546875 -0.083740234375 -0.0979461669921875
-0.183853149414062 0.101226806640625 -0.5433349609375 0.2978515625
-0.00746154785156248 0.205535888671875 -0.21160888671875 0.7215576171875
0.119140625 0.110725402832031 0.23980712890625 0.553741455078125
0.13800048828125 -0.028900146484375 0.322052001953125 0.14892578125
0.0545883178710938 -0.0635108947753906 0.134063720703125 -0.10772705078125
-0.00910949707031249 -0.0745620727539062 -0.0688705444335938 -0.103767395019531
-0.0398941040039063 -0.0778045654296875 -0.15032958984375 0.00401306152343752
-0.0260391235351563 -0.0747909545898437 -0.23919677734375 0.0874938964843751
-0.0873184204101563 -0.0656051635742188 -0.347015380859375 -0.052978515625
-0.0414276123046875 -0.108306884765625 -0.30438232421875 -0.22943115234375
0.0455856323242188 -0.129592895507813 -0.15679931640625 -0.40155029296875
0.1343994140625 -0.0339202880859375 0.076995849609375 -0.421417236328125
0.121635437011719 0.0502243041992187 0.101959228515625 -0.33843994140625
0.0615615844726562 0.116783142089844 -0.034027099609375 -0.29327392578125
-0.101951599121094 0.110549926757813 -0.0424652099609375 -0.10687255859375
-0.1319580078125 0.145660400390625 -0.54132080078125 0.0352783203125
0.102401733398438 0.248260498046875 -0.389312744140625 0.475128173828125
0.23626708984375 0.0640716552734375 -0.0142822265625 0.487701416015625
0.155380249023437 -0.141143798828125 0.17041015625 0.202957153320313
-0.0369415283203125 -0.161773681640625 0.089202880859375 -0.0120315551757813
-0.138198852539063 -0.082275390625 -0.087188720703125 -0.0402679443359375
-0.1429443359375 -0.0802459716796875 -0.154129028320313 0.0193634033203125
-0.182785034179688 -0.05706787109375 -0.247940063476563 0.064208984375
-0.16656494140625 -0.119674682617187 -0.311492919921875 -0.015594482421875
-0.07080078125 -0.211105346679688 -0.2926025390625 -0.173736572265625
0.108917236328125 -0.2198486328125 -0.201751708984375 -0.35693359375
0.248687744140625 -0.019134521484375 -0.0504150390625 -0.56341552734375
0.16925048828125 0.176483154296875 0.127532958984375 -0.4312744140625
0.0296173095703125 0.21881103515625 -0.0280609130859375 -0.248001098632813
-0.137588500976563 0.174209594726562 -0.0626258850097656 -0.0618820190429687
-0.107894897460938 0.218597412109375 -0.512481689453125 0.0560913085937501
0.188385009765625 0.267059326171875 -0.370361328125 0.42620849609375
0.2943115234375 0.011199951171875 -0.0435791015624999 0.448455810546875
0.158462524414063 -0.206024169921875 0.136138916015625 0.224502563476563
-0.08367919921875 -0.198562622070313 0.096038818359375 0.0460052490234375
-0.194473266601563 -0.085540771484375 -0.03143310546875 -0.0104560852050781
-0.17340087890625 -0.109512329101562 -0.0837173461914063 0.028076171875
-0.238250732421875 -0.0817718505859375 -0.187271118164063 0.123016357421875
-0.20556640625 -0.166015625 -0.253128051757813 0.0222320556640625
-0.058746337890625 -0.281463623046875 -0.270721435546875 -0.109970092773438
0.162979125976563 -0.260848999023438 -0.24542236328125 -0.3121337890625
0.312286376953125 0.024658203125 -0.04803466796875 -0.46710205078125
0.178314208984375 0.222885131835938 0.23095703125 -0.4759521484375
-0.013641357421875 0.26971435546875 0.139663696289063 -0.185501098632812
-0.2896728515625 0.198516845703125 -0.283599853515625 -0.0895385742187499
-0.112457275390625 0.347625732421875 -0.57427978515625 0.21759033203125
0.249435424804687 0.272598266601563 -0.293731689453125 0.535247802734375
0.28179931640625 -0.03759765625 0.024322509765625 0.501983642578125
0.1036376953125 -0.205368041992187 0.194259643554688 0.254684448242188
-0.089263916015625 -0.152572631835937 0.147613525390625 0.0497894287109375
-0.154251098632812 -0.0659332275390625 0.00759458541870116 -0.00556135177612305
-0.151657104492188 -0.085662841796875 -0.0473098754882812 0.0492973327636719
-0.265670776367188 -0.0827178955078125 -0.0888290405273438 0.090362548828125
-0.197723388671875 -0.188751220703125 -0.188201904296875 0.0640411376953125
-0.03338623046875 -0.295745849609375 -0.253173828125 -0.0556640625
0.205001831054687 -0.231964111328125 -0.26422119140625 -0.29339599609375
0.299163818359375 0.08526611328125 -0.0730590820312499 -0.51873779296875
0.125473022460938 0.215576171875 0.2271728515625 -0.371002197265625
-0.0190582275390625 0.231353759765625 0.014495849609375 -0.105865478515625
-0.21453857421875 0.2247314453125 -0.330810546875 -0.0267639160156249
-0.00131225585937504 0.3299560546875 -0.54437255859375 0.261962890625
0.29864501953125 0.162200927734375 -0.277435302734375 0.529754638671875
0.234375 -0.129867553710938 0.028289794921875 0.524688720703125
0.0254974365234375 -0.230758666992188 0.2215576171875 0.287872314453125
-0.140434265136719 -0.127166748046875 0.198486328125 0.0794677734375
-0.173919677734375 -0.0390625 0.0689735412597656 0.004364013671875
-0.168670654296875 -0.0671844482421875 0.075286865234375 0.0387115478515625
-0.195465087890625 -0.0708160400390625 -0.0758514404296875 0.143402099609375
-0.136642456054688 -0.157577514648437 -0.15032958984375 0.127120971679688
0.00904846191406252 -0.248138427734375 -0.33868408203125 0.000640869140624973
0.223907470703125 -0.121871948242187 -0.372772216796875 -0.31475830078125
0.201019287109375 0.192840576171875 -0.0811767578125001 -0.61865234375
-0.052490234375 0.271331787109375 0.28839111328125 -0.451934814453125
-0.250015258789063 0.153594970703125 0.0386505126953125 -0.039581298828125
-0.126373291015625 0.190032958984375 -0.3509521484375 0.051544189453125
0.064422607421875 0.240631103515625 -0.489532470703125 0.33111572265625
0.258331298828125 0.0493927001953125 -0.223297119140625 0.54736328125
0.178421020507813 -0.148880004882813 -0.026824951171875 0.453033447265625
-0.00672912597656252 -0.2255859375 0.19287109375 0.3199462890625
-0.15618896484375 -0.1121826171875 0.254135131835938 0.121551513671875
-0.172775268554688 -0.0223846435546875 0.1346435546875 -0.00742340087890625
-0.177932739257813 -0.0515289306640625 0.1524658203125 0.028472900390625
-0.186172485351562 -0.058624267578125 0.064300537109375 0.108840942382813
-0.1141357421875 -0.127388000488281 -0.166107177734375 0.161422729492187
0.0238494873046875 -0.165328979492188 -0.27752685546875 -0.0202484130859375
0.149444580078125 -0.0672149658203125 -0.289337158203125 -0.342010498046875
0.0900726318359375 0.168441772460937 -0.04119873046875 -0.6785888671875
-0.02850341796875 0.107093811035156 0.406005859375 -0.306182861328125
-0.0696182250976562 0.0960464477539063 0.0521163940429687 -0.00173950195312499
-0.0378189086914062 0.102249145507813 -0.3419189453125 0.120391845703125
0.0618209838867187 0.112335205078125 -0.4168701171875 0.39727783203125
0.149154663085938 -0.0207977294921875 -0.1458740234375 0.5672607421875
0.0439987182617187 -0.13299560546875 0.165435791015625 0.547943115234375
-0.0766448974609375 -0.122222900390625 0.337432861328125 0.279052734375
-0.115234375 -0.0282516479492188 0.313812255859375 0.0567626953125
-0.118453979492188 0.0222854614257813 0.19219970703125 -0.0346221923828125
-0.131362915039063 -0.00194549560546875 0.116111755371094 0.0360107421875
-0.134361267089844 -0.0149307250976563 0.02294921875 0.14825439453125
-0.0848770141601563 -0.0724716186523438 -0.166580200195312 0.151077270507813
0.00806427001953126 -0.0968551635742188 -0.359832763671875 -0.0280456542968751
0.0736083984375 -0.0306167602539063 -0.364166259765625 -0.413848876953125
0.01800537109375 0.0733566284179687 0.05877685546875 -0.74200439453125
-0.0697288513183594 0.0503273010253906 0.406280517578125 -0.468353271484375
-0.0922775268554688 0.00634765624999999 0.0504722595214844 -0.00530624389648437
-0.0436172485351563 0.00831985473632813 -0.0353012084960937 -0.120010375976563
-0.0611648559570312 0.0462875366210938 -0.509552001953125 0.10980224609375
0.0288314819335937 0.108901977539063 -0.29986572265625 0.56719970703125
0.0894699096679688 0.0454940795898438 0.14276123046875 0.5128173828125
0.0710983276367188 -0.0153045654296875 0.265304565429688 0.137908935546875
0.0380363464355469 -0.032440185546875 0.109642028808594 -0.107368469238281
0.015838623046875 -0.0362434387207031 -0.123420715332031 -0.0821609497070312
0.0167083740234375 -0.0298175811767578 -0.20745849609375 0.0174713134765625
0.0139064788818359 -0.0230598449707031 -0.28375244140625 0.0556640625000001
0.00777101516723633 -0.00692462921142578 -0.34210205078125 -0.0711669921875
0.0047764778137207 0.0049901008605957 -0.301666259765625 -0.246429443359375
-0.000196456909179688 -0.014317512512207 -0.143402099609375 -0.419158935546875
0.00110626220703125 -0.0249900817871094 0.112579345703125 -0.43402099609375
0.0365943908691406 -0.0255851745605469 0.126312255859375 -0.35784912109375
0.0473823547363281 0.0122146606445313 0.03631591796875 -0.316192626953125
-0.1778564453125 0.0185546875 -0.092041015625 -0.094818115234375
-0.177017211914062 0.102447509765625 -0.524749755859375 0.30364990234375
0.000564575195312483 0.198928833007813 -0.18402099609375 0.70404052734375
0.117904663085938 0.103340148925781 0.24725341796875 0.531158447265625
0.127235412597656 -0.0212020874023437 0.315460205078125 0.13763427734375
0.0515861511230469 -0.0685462951660156 0.124305725097656 -0.106613159179687
-0.00985717773437499 -0.0708160400390625 -0.07220458984375 -0.0975418090820313
-0.0456199645996094 -0.0701942443847656 -0.14501953125 0.00906372070312497
-0.0275650024414063 -0.070770263671875 -0.225967407226563 0.093841552734375
-0.085113525390625 -0.0576858520507812 -0.339599609375 -0.0361022949218751
-0.0437393188476563 -0.0997390747070312 -0.3062744140625 -0.214874267578125
0.0387649536132812 -0.124549865722656 -0.168060302734375 -0.392303466796875
0.126251220703125 -0.0364837646484375 0.0657653808593751 -0.4212646484375
0.115188598632813 0.0456695556640625 0.098480224609375 -0.3319091796875
0.062408447265625 0.109565734863281 -0.03448486328125 -0.275848388671875
-0.0931320190429688 0.100166320800781 -0.0574722290039063 -0.106491088867187
-0.122467041015625 0.139236450195313 -0.541595458984375 0.0458068847656251
0.10491943359375 0.229690551757813 -0.375 0.4697265625
0.224090576171875 0.051605224609375 -0.00601196289062503 0.480987548828125
0.140113830566406 -0.136917114257812 0.16937255859375 0.198822021484375
-0.0401763916015625 -0.148727416992188 0.0873794555664063 -0.010528564453125
-0.132003784179688 -0.0698089599609375 -0.0852279663085938 -0.0317153930664063
-0.139122009277344 -0.068145751953125 -0.14794921875 0.0263214111328125
-0.175308227539063 -0.0441741943359375 -0.236801147460938 0.0744781494140625
-0.16412353515625 -0.103652954101563 -0.303314208984375 -0.00201416015625001
-0.07666015625 -0.196441650390625 -0.293243408203125 -0.16162109375
0.09490966796875 -0.215255737304688 -0.21087646484375 -0.347503662109375
0.237457275390625 -0.0279541015625 -0.065521240234375 -0.55377197265625
0.165451049804688 0.17498779296875 0.113372802734375 -0.414703369140625
0.04058837890625 0.205718994140625 -0.02703857421875 -0.233810424804688
-0.133956909179687 0.169769287109375 -0.0742645263671875 -0.0641555786132812
-0.09539794921875 0.2088623046875 -0.51177978515625 0.0647888183593749
0.189254760742188 0.243972778320313 -0.3614501953125 0.423492431640625
0.278488159179688 -0.0019683837890625 -0.035186767578125 0.44287109375
0.140182495117187 -0.200790405273438 0.137435913085938 0.219406127929688
-0.0885009765625 -0.181915283203125 0.096435546875 0.044219970703125
-0.186416625976563 -0.07012939453125 -0.0312576293945313 -0.00667190551757813
-0.173141479492188 -0.094390869140625 -0.0807647705078125 0.0301284790039062
-0.230545043945313 -0.064361572265625 -0.174530029296875 0.127120971679688
-0.2041015625 -0.145797729492187 -0.245773315429688 0.03125
-0.067901611328125 -0.264984130859375 -0.270477294921875 -0.10211181640625
0.144775390625 -0.2574462890625 -0.251800537109375 -0.303131103515625
0.301116943359375 0.011077880859375 -0.054534912109375 -0.458221435546875
0.179351806640625 0.203201293945313 0.20855712890625 -0.469970703125
0.0029144287109375 0.25640869140625 0.11224365234375 -0.18896484375
-0.277572631835938 0.198516845703125 -0.285736083984375 -0.0793457031249999
-0.095916748046875 0.34112548828125 -0.55828857421875 0.227691650390625
0.253494262695313 0.253738403320313 -0.274658203125 0.5255126953125
0.270217895507812 -0.046722412109375 0.036041259765625 0.487640380859375
0.0913848876953125 -0.201187133789062 0.195327758789062 0.240997314453125
-0.089569091796875 -0.143142700195313 0.14306640625 0.0425872802734375
-0.150009155273438 -0.0565643310546875 0.00502014160156249 -0.00408267974853516
-0.149642944335938 -0.076263427734375 -0.0441055297851563 0.0488739013671875
-0.257461547851563 -0.06280517578125 -0.0832977294921875 0.0892410278320312
-0.199142456054688 -0.1680908203125 -0.182601928710938 0.067840576171875
-0.046234130859375 -0.27862548828125 -0.250640869140625 -0.0522308349609375
0.18524169921875 -0.231765747070313 -0.268524169921875 -0.284515380859375
0.289642333984375 0.068511962890625 -0.092498779296875 -0.51983642578125
0.1268310546875 0.202651977539063 0.2169189453125 -0.3701171875
-0.00717163085937498 0.21893310546875 0.018218994140625 -0.100852966308594
-0.182540893554688 0.234878540039063 -0.32830810546875 -0.0151977539062499
0.012298583984375 0.320404052734375 -0.52764892578125 0.27154541015625
0.29681396484375 0.144683837890625 -0.257965087890625 0.521026611328125
0.21954345703125 -0.135269165039063 0.04241943359375 0.510772705078125
0.0139923095703125 -0.223556518554688 0.224090576171875 0.272811889648438
-0.138153076171875 -0.117294311523437 0.193115234375 0.0688934326171875
-0.168380737304688 -0.0294952392578125 0.0649452209472656 0.00323104858398437
-0.1663818359375 -0.056976318359375 0.0751953125 0.0280914306640625
-0.192474365234375 -0.0587921142578125 -0.06597900390625 0.141342163085938
-0.139312744140625 -0.144973754882813 -0.137153625488281 0.118919372558594
-0.00469970703125001 -0.235092163085938 -0.326446533203125 0.010009765625
0.213180541992188 -0.128814697265625 -0.37353515625 -0.295867919921875
0.202484130859375 0.17938232421875 -0.09844970703125 -0.59857177734375
-0.0403289794921875 0.268112182617188 0.26904296875 -0.449127197265625
-0.236648559570313 0.160568237304687 0.0435409545898437 -0.0394744873046875
-0.1171875 0.187225341796875 -0.346405029296875 0.0623474121093749
0.073486328125 0.22979736328125 -0.469482421875 0.338104248046875
0.253707885742188 0.0366668701171875 -0.20458984375 0.5382080078125
0.160980224609375 -0.152175903320312 -0.016143798828125 0.448486328125
-0.0198822021484375 -0.218460083007812 0.1983642578125 0.305206298828125
-0.155776977539063 -0.101654052734375 0.253570556640625 0.112411499023437
-0.166854858398438 -0.01263427734375 0.128379821777344 -0.0108642578125
-0.175033569335938 -0.038787841796875 0.148193359375 0.0141143798828125
-0.18243408203125 -0.0448760986328125 0.0636825561523437 0.0978851318359375
-0.117462158203125 -0.113906860351563 -0.160369873046875 0.159652709960938
0.01812744140625 -0.16058349609375 -0.270980834960937 -0.0189208984375
0.14520263671875 -0.0720672607421875 -0.28857421875 -0.33154296875
0.093719482421875 0.158966064453125 -0.0615844726562499 -0.658935546875
-0.0229568481445313 0.104759216308594 0.39544677734375 -0.3154296875
-0.058258056640625 0.0913467407226563 0.0741119384765625 -0.00448608398437499
-0.0338973999023438 0.0970077514648438 -0.33416748046875 0.128997802734375
0.0654754638671875 0.104759216308594 -0.396209716796875 0.401519775390625
0.144454956054688 -0.0277862548828125 -0.126800537109375 0.55609130859375
0.0340194702148437 -0.130485534667969 0.17791748046875 0.52978515625
-0.0807113647460938 -0.114082336425781 0.337005615234375 0.2607421875
-0.111366271972656 -0.0229721069335937 0.30523681640625 0.04193115234375
-0.1134033203125 0.0270309448242188 0.184112548828125 -0.039947509765625
-0.128402709960938 0.00472259521484377 0.114959716796875 0.0291900634765625
-0.131828308105469 -0.00784301757812502 0.029815673828125 0.141143798828125
-0.0858917236328125 -0.0660247802734375 -0.154052734375 0.151290893554688
0.00318908691406251 -0.0927963256835938 -0.3499755859375 -0.017852783203125
0.069915771484375 -0.0343475341796875 -0.367889404296875 -0.391265869140625
0.0205230712890625 0.0687446594238281 0.03265380859375 -0.72222900390625
-0.0642127990722656 0.0530128479003906 0.381866455078125 -0.470855712890625
-0.0869140625 0.0101089477539062 0.05419921875 -0.00804901123046875
-0.0362205505371094 0.01300048828125 -0.0497360229492188 -0.1201171875
-0.0597648620605469 0.0465354919433594 -0.51763916015625 0.117523193359375
0.03076171875 0.107101440429687 -0.2958984375 0.56878662109375
0.0870742797851563 0.0436553955078125 0.146514892578125 0.512786865234375
0.0702896118164063 -0.0141143798828125 0.264923095703125 0.140609741210938
0.0389747619628906 -0.0321731567382813 0.10699462890625 -0.102363586425781
0.0164909362792969 -0.0368232727050781 -0.12054443359375 -0.0724868774414062
0.0177421569824219 -0.0294837951660156 -0.201095581054688 0.0262451171875
0.0154399871826172 -0.0232028961181641 -0.276168823242188 0.066558837890625
0.00949859619140625 -0.00598526000976562 -0.339935302734375 -0.0574951171875
0.00699710845947266 0.00700044631958008 -0.307281494140625 -0.238128662109375
-9.63211059570307E-05 -0.0113964080810547 -0.15185546875 -0.4189453125
-0.00258827209472656 -0.0228004455566406 0.107452392578125 -0.438079833984375
0.032745361328125 -0.0253391265869141 0.126678466796875 -0.353271484375
0.0469741821289063 0.0108222961425781 0.032562255859375 -0.306427001953125
-0.179168701171875 0.020172119140625 -0.0998992919921875 -0.0934371948242187
-0.167221069335938 0.107147216796875 -0.523345947265625 0.309417724609375
0.00572204589843749 0.196914672851563 -0.1702880859375 0.6968994140625
0.117431640625 0.100692749023437 0.2542724609375 0.519439697265625
0.120246887207031 -0.0131301879882813 0.313873291015625 0.13134765625
0.0523414611816406 -0.0678329467773438 0.116836547851563 -0.104415893554688
-0.00998687744140626 -0.0695381164550781 -0.0758438110351563 -0.0929718017578125
-0.0475883483886719 -0.0654792785644531 -0.143463134765625 0.0131072998046875
-0.0285682678222656 -0.0691413879394531 -0.219589233398438 0.0982666015625
-0.0832748413085938 -0.0514068603515625 -0.336517333984375 -0.023590087890625
-0.04461669921875 -0.0933761596679688 -0.311737060546875 -0.20770263671875
0.0344009399414063 -0.12164306640625 -0.1795654296875 -0.391021728515625
0.121063232421875 -0.0376052856445313 0.06134033203125 -0.426910400390625
0.111854553222656 0.043670654296875 0.0994873046875 -0.33233642578125
0.0634078979492188 0.105293273925781 -0.0316314697265625 -0.26654052734375
-0.0894546508789062 0.0911331176757813 -0.0714035034179688 -0.106758117675781
-0.116737365722656 0.134452819824219 -0.5523681640625 0.054168701171875
0.106460571289062 0.218154907226563 -0.375946044921875 0.471649169921875
0.215667724609375 0.0442047119140625 -0.00244140624999995 0.484161376953125
0.129753112792969 -0.133636474609375 0.170684814453125 0.201004028320312
-0.0407943725585937 -0.140281677246094 0.0878677368164063 -0.00826263427734376
-0.127700805664063 -0.0620193481445313 -0.0836715698242188 -0.02545166015625
-0.13677978515625 -0.060455322265625 -0.14501953125 0.031646728515625
-0.1707763671875 -0.0351715087890625 -0.230682373046875 0.0827789306640625
-0.162185668945313 -0.0931854248046875 -0.30157470703125 0.00845336914062502
-0.080596923828125 -0.186553955078125 -0.29779052734375 -0.15643310546875
0.0864410400390625 -0.213577270507813 -0.221649169921875 -0.3468017578125
0.231613159179688 -0.033660888671875 -0.0761718749999999 -0.5517578125
0.156524658203125 0.189773559570313 0.108978271484375 -0.40850830078125
0.0487823486328125 0.197311401367188 -0.0230560302734375 -0.225601196289063
-0.116668701171875 0.15374755859375 -0.0862884521484375 -0.0671539306640625
-0.0884857177734375 0.202362060546875 -0.521759033203125 0.0718994140625
0.190216064453125 0.22906494140625 -0.363006591796875 0.426513671875
0.266937255859375 -0.0107574462890625 -0.031158447265625 0.445770263671875
0.137649536132813 -0.188491821289063 0.139144897460938 0.220382690429688
-0.090667724609375 -0.171646118164063 0.0978927612304688 0.043609619140625
-0.181655883789063 -0.0595550537109375 -0.0312461853027344 -0.00310897827148437
-0.18096923828125 -0.079010009765625 -0.0806350708007813 0.0321426391601562
-0.226348876953125 -0.0510406494140625 -0.167678833007813 0.130279541015625
-0.204269409179688 -0.131515502929688 -0.244293212890625 0.0379791259765624
-0.0770721435546875 -0.253402709960938 -0.273208618164063 -0.0999298095703125
0.133834838867187 -0.25714111328125 -0.2598876953125 -0.3013916015625
0.29541015625 0.000640869140625 -0.060699462890625 -0.4581298828125
0.181610107421875 0.191482543945312 0.204345703125 -0.472320556640625
0.0137481689453125 0.248138427734375 0.07952880859375 -0.18994140625
-0.271957397460937 0.2041015625 -0.291717529296875 -0.0726928710937499
-0.07281494140625 0.336029052734375 -0.555328369140625 0.23675537109375
0.25848388671875 0.243087768554687 -0.26544189453125 0.522796630859375
0.263687133789063 -0.053192138671875 0.0443420410156251 0.48431396484375
0.0840911865234375 -0.199234008789062 0.19873046875 0.23455810546875
-0.0898971557617188 -0.1385498046875 0.140548706054688 0.0386886596679688
-0.14752197265625 -0.050872802734375 0.00161576271057128 -0.00247645378112793
-0.149520874023437 -0.0707244873046875 -0.0429153442382813 0.048583984375
-0.252761840820312 -0.048370361328125 -0.0811309814453125 0.0884170532226563
-0.200698852539062 -0.154403686523438 -0.180084228515625 0.0705108642578125
-0.0552520751953125 -0.267166137695313 -0.253555297851562 -0.0514984130859376
0.17242431640625 -0.233612060546875 -0.27545166015625 -0.28338623046875
0.28424072265625 0.057464599609375 -0.091094970703125 -0.505645751953125
0.128387451171875 0.195343017578125 0.215484619140625 -0.375701904296875
0.000610351562500014 0.210311889648437 0.023101806640625 -0.0990753173828125
-0.156723022460938 0.237701416015625 -0.33160400390625 -0.00534057617187493
0.022216796875 0.316864013671875 -0.523834228515625 0.280426025390625
0.299896240234375 0.134185791015625 -0.250518798828125 0.5213623046875
0.211746215820313 -0.138809204101563 0.05181884765625 0.508392333984375
0.00616455078124998 -0.219970703125 0.2275390625 0.265625
-0.137596130371094 -0.112190246582031 0.191268920898438 0.0635528564453125
-0.166015625 -0.0236358642578125 0.0616722106933594 0.00291824340820312
-0.166290283203125 -0.050689697265625 0.0708770751953125 0.0258331298828125
-0.190887451171875 -0.049896240234375 -0.0601272583007813 0.140304565429688
-0.142013549804687 -0.136123657226563 -0.132415771484375 0.115737915039063
-0.0137481689453125 -0.226318359375 -0.31549072265625 0.016326904296875
0.207077026367188 -0.136474609375 -0.379730224609375 -0.286529541015625
0.206634521484375 0.172576904296875 -0.1103515625 -0.59033203125
-0.0306243896484375 0.269073486328125 0.26025390625 -0.45361328125
-0.228988647460938 0.165863037109375 0.0503959655761719 -0.0412940979003906
-0.11431884765625 0.18634033203125 -0.348175048828125 0.069976806640625
0.0804901123046875 0.22540283203125 -0.46343994140625 0.3477783203125
0.2542724609375 0.027679443359375 -0.197540283203125 0.537872314453125
0.150711059570313 -0.155624389648438 -0.00942993164062498 0.45294189453125
-0.030426025390625 -0.214035034179687 0.20440673828125 0.30047607421875
-0.157302856445313 -0.0951995849609375 0.255996704101563 0.106246948242188
-0.165908813476563 -0.00595092773437499 0.124702453613281 -0.0129165649414063
-0.17462158203125 -0.029937744140625 0.145309448242187 0.002899169921875
-0.18048095703125 -0.034759521484375 0.0633468627929687 0.0898284912109375
-0.119247436523438 -0.104042053222656 -0.162628173828125 0.158676147460937
0.00645446777343751 -0.15399169921875 -0.270782470703125 -0.0214691162109375
0.139869689941406 -0.0771636962890625 -0.28955078125 -0.332550048828125
0.0977630615234375 0.15325927734375 -0.073974609375 -0.65106201171875
-0.0184478759765625 0.100479125976563 0.3944091796875 -0.325958251953125
-0.0490341186523437 0.0866317749023438 0.0775222778320312 -0.00733947753906249
-0.0335769653320312 0.0945968627929688 -0.333831787109375 0.136688232421875
0.068939208984375 0.100845336914063 -0.38818359375 0.40985107421875
0.143081665039063 -0.0327301025390625 -0.117950439453125 0.5557861328125
0.0268402099609375 -0.12890625 0.1890869140625 0.52264404296875
-0.0844802856445312 -0.109725952148438 0.33917236328125 0.2508544921875
-0.110099792480469 -0.0210189819335938 0.300933837890625 0.0338134765625
-0.110786437988281 0.0296249389648437 0.179458618164063 -0.04412841796875
-0.128089904785156 0.00914001464843748 0.115287780761719 0.0241317749023438
-0.13104248046875 -0.002532958984375 0.0353546142578125 0.137138366699219
-0.0870132446289063 -0.061431884765625 -0.146408081054687 0.151687622070313
0.000183105468749992 -0.0914077758789063 -0.343719482421875 -0.012542724609375
0.0672988891601563 -0.0366401672363281 -0.37261962890625 -0.38006591796875
0.0222434997558594 0.0661888122558594 0.0155029296875001 -0.71844482421875
-0.060089111328125 0.0553970336914063 0.371246337890625 -0.477752685546875
-0.0826034545898438 0.0110855102539062 0.0576171875 -0.0109596252441406
-0.0343341827392578 0.0137462615966797 -0.0672531127929688 -0.124313354492187
-0.0587196350097656 0.0479087829589844 -0.5361328125 0.13397216796875
0.0337905883789062 0.107505798339844 -0.293701171875 0.5887451171875
0.0872039794921875 0.0424575805664063 0.157012939453125 0.524566650390625
0.0716705322265625 -0.01373291015625 0.2733154296875 0.14410400390625
0.0408782958984375 -0.033294677734375 0.106674194335938 -0.100654602050781
0.0169906616210938 -0.0384407043457031 -0.119972229003906 -0.06402587890625
0.0196647644042969 -0.0308761596679688 -0.198944091796875 0.037567138671875
0.0166454315185547 -0.0240726470947266 -0.273880004882813 0.080718994140625
0.0118122100830078 -0.00487613677978516 -0.34539794921875 -0.042510986328125
0.0102443695068359 0.00914859771728516 -0.32147216796875 -0.23248291015625
7.24792480468743E-05 -0.00887584686279297 -0.170562744140625 -0.4246826171875
-0.006317138671875 -0.0202369689941406 0.09954833984375 -0.453338623046875
0.0304222106933594 -0.0251655578613281 0.125274658203125 -0.359405517578125
0.0472488403320313 0.00873184204101563 0.028045654296875 -0.30462646484375
-0.184967041015625 0.02490234375 -0.110794067382813 -0.0919647216796875
-0.113471984863281 0.105026245117187 -0.5279541015625 0.33062744140625
0.012481689453125 0.198638916015625 -0.15362548828125 0.70703125
0.120895385742188 0.0991439819335938 0.2720947265625 0.518341064453125
0.123687744140625 -0.0162887573242188 0.321563720703125 0.1251220703125
0.0430374145507812 -0.0822219848632812 0.111991882324219 -0.10479736328125
-0.0107307434082031 -0.0702133178710938 -0.0814743041992187 -0.0894775390625
-0.0496406555175781 -0.0630340576171875 -0.144882202148438 0.017730712890625
-0.030609130859375 -0.0680999755859375 -0.21710205078125 0.107284545898438
-0.0830078125 -0.0453262329101563 -0.3411865234375 -0.00906372070312501
-0.0458602905273438 -0.0890731811523437 -0.326019287109375 -0.20147705078125
0.0304031372070312 -0.121818542480469 -0.199127197265625 -0.395843505859375
0.119026184082031 -0.041046142578125 0.0509948730468751 -0.44268798828125
0.112174987792969 0.0423202514648438 0.099761962890625 -0.340911865234375
0.0682373046875 0.102409362792969 -0.0311431884765625 -0.2642822265625
-0.0869293212890625 0.086181640625 -0.0875091552734375 -0.107032775878906
-0.113021850585938 0.133460998535156 -0.57415771484375 0.0701904296874999
0.11114501953125 0.210433959960938 -0.379852294921875 0.488739013671875
0.212203979492188 0.0363922119140625 0.00576782226562499 0.497802734375
0.123291015625 -0.1343994140625 0.17828369140625 0.20599365234375
-0.0438308715820313 -0.135025024414063 0.0896759033203125 -0.00639343261718751
-0.126579284667969 -0.0546951293945313 -0.0840682983398438 -0.018035888671875
-0.137474060058594 -0.0535049438476563 -0.14483642578125 0.0391387939453125
-0.168930053710938 -0.02569580078125 -0.229888916015625 0.09515380859375
-0.16400146484375 -0.083343505859375 -0.304046630859375 0.0213317871093749
-0.0875244140625 -0.180633544921875 -0.3101806640625 -0.151397705078125
0.077728271484375 -0.217086791992188 -0.240020751953125 -0.350616455078125
0.229705810546875 -0.0426788330078125 -0.09381103515625 -0.557159423828125
0.161178588867188 0.195785522460938 0.10455322265625 -0.412841796875
0.0595855712890625 0.191909790039063 -0.022674560546875 -0.224151611328125
-0.109588623046875 0.148101806640625 -0.100410461425781 -0.0689010620117187
-0.082275390625 0.2008056640625 -0.54205322265625 0.0866699218750001
0.196823120117188 0.217437744140625 -0.3685302734375 0.443634033203125
0.262069702148438 -0.0212249755859375 -0.02276611328125 0.45831298828125
0.137435913085938 -0.18145751953125 0.148605346679687 0.223114013671875
-0.0967559814453125 -0.164947509765625 0.101417541503906 0.0440292358398437
-0.181045532226563 -0.04913330078125 -0.0314235687255859 0.00111961364746093
-0.188201904296875 -0.0642242431640625 -0.0816116333007813 0.035675048828125
-0.226531982421875 -0.0385284423828125 -0.161773681640625 0.136260986328125
-0.208892822265625 -0.119644165039063 -0.246017456054688 0.0485992431640625
-0.091033935546875 -0.247024536132813 -0.283843994140625 -0.0957641601562501
0.122238159179688 -0.263595581054688 -0.2769775390625 -0.303436279296875
0.295166015625 -0.011505126953125 -0.071563720703125 -0.469940185546875
0.188735961914063 0.182754516601563 0.201934814453125 -0.48992919921875
0.02685546875 0.243850708007812 0.071746826171875 -0.192657470703125
-0.274322509765625 0.21466064453125 -0.304534912109375 -0.063995361328125
-0.02484130859375 0.317230224609375 -0.56097412109375 0.257232666015625
0.27166748046875 0.2353515625 -0.259002685546875 0.536163330078125
0.263290405273438 -0.061614990234375 0.05792236328125 0.489898681640625
0.07769775390625 -0.204116821289063 0.208465576171875 0.232879638671875
-0.0942459106445313 -0.137840270996094 0.140975952148438 0.0351409912109375
-0.149703979492187 -0.04486083984375 -0.000511705875396738 0.000120311975479123
-0.153823852539063 -0.06597900390625 -0.0426025390625 0.0507087707519531
-0.253341674804688 -0.032958984375 -0.0804977416992188 0.09088134765625
-0.206939697265625 -0.14141845703125 -0.181015014648438 0.0774383544921875
-0.066253662109375 -0.261611938476563 -0.262222290039063 -0.04962158203125
0.161636352539062 -0.240280151367187 -0.29150390625 -0.285614013671875
0.285491943359375 0.0440673828125 -0.089202880859375 -0.504364013671875
0.136245727539063 0.191253662109375 0.21429443359375 -0.391326904296875
0.01043701171875 0.205123901367188 0.0273666381835938 -0.100662231445312
-0.19580078125 0.236557006835938 -0.34478759765625 0.00234985351562499
0.034759521484375 0.31939697265625 -0.52740478515625 0.301361083984375
0.3104248046875 0.1221923828125 -0.241912841796875 0.53436279296875
0.2073974609375 -0.146682739257812 0.0682373046875 0.5150146484375
-0.0025177001953125 -0.222503662109375 0.239395141601563 0.26251220703125
-0.14202880859375 -0.10980224609375 0.193634033203125 0.0579681396484375
-0.16754150390625 -0.0166778564453125 0.0611419677734375 0.00291824340820312
-0.170501708984375 -0.0446014404296875 0.0682830810546875 0.0242118835449219
-0.194854736328125 -0.040985107421875 -0.0538330078125 0.143508911132813
-0.147674560546875 -0.129730224609375 -0.131111145019531 0.119926452636719
-0.0241851806640625 -0.222213745117188 -0.310882568359375 0.023101806640625
0.19677734375 -0.156509399414063 -0.39483642578125 -0.27947998046875
0.215728759765625 0.167282104492188 -0.13067626953125 -0.5947265625
-0.0185699462890625 0.275360107421875 0.25311279296875 -0.470703125
-0.226058959960938 0.176040649414062 0.0604820251464844 -0.0466995239257812
-0.11279296875 0.192779541015625 -0.35699462890625 0.0831298828125001
0.09136962890625 0.2239990234375 -0.4638671875 0.367584228515625
0.259719848632813 0.0160675048828125 -0.184906005859375 0.551055908203125
0.142303466796875 -0.16278076171875 0.0037841796875 0.467529296875
-0.042877197265625 -0.214279174804688 0.218048095703125 0.30108642578125
-0.163192749023437 -0.089813232421875 0.263687133789063 0.0989837646484375
-0.168289184570313 0.00244140624999997 0.124336242675781 -0.0160675048828125
-0.178146362304688 -0.019287109375 0.143722534179688 -0.0089263916015625
-0.180740356445313 -0.0244598388671875 0.063934326171875 0.0833892822265625
-0.124626159667969 -0.0961227416992188 -0.15789794921875 0.164093017578125
-0.003875732421875 -0.149429321289063 -0.27783203125 -0.0205535888671876
0.135108947753906 -0.085296630859375 -0.300811767578125 -0.337371826171875
0.106765747070313 0.147552490234375 -0.0950927734375 -0.6566162109375
-0.0129623413085938 0.0966262817382813 0.398101806640625 -0.347198486328125
-0.0423507690429687 0.0838775634765625 0.0834274291992188 -0.01220703125
-0.0338516235351562 0.0953445434570313 -0.341094970703125 0.1513671875
0.0741119384765625 0.09722900390625 -0.383575439453125 0.429229736328125
0.144973754882813 -0.04083251953125 -0.10699462890625 0.56939697265625
0.020355224609375 -0.1297607421875 0.20849609375 0.526031494140625
-0.09088134765625 -0.106964111328125 0.351593017578125 0.243682861328125
-0.112159729003906 -0.0184555053710938 0.3040771484375 0.02325439453125
-0.111419677734375 0.0342864990234375 0.1785888671875 -0.051116943359375
-0.1304931640625 0.0158767700195313 0.118453979492187 0.018402099609375
-0.133590698242188 0.00377655029296874 0.0430526733398438 0.134788513183594
-0.0908279418945313 -0.0577926635742187 -0.140213012695312 0.157012939453125
-0.00311279296874999 -0.0913543701171875 -0.349090576171875 -0.00344848632812501
0.066558837890625 -0.0407600402832031 -0.391937255859375 -0.372955322265625
0.024566650390625 0.065582275390625 -0.00555419921875008 -0.72802734375
-0.0559883117675781 0.0585556030273438 0.364288330078125 -0.495849609375
-0.0815048217773438 0.01190185546875 0.0611724853515625 -0.0151710510253906
-0.036346435546875 0.0144271850585938 -0.0869827270507813 -0.119903564453125
-0.0578765869140625 0.050994873046875 -0.55169677734375 0.169403076171875
0.0402984619140625 0.10723876953125 -0.27532958984375 0.6180419921875
0.0891189575195313 0.039886474609375 0.18359375 0.533355712890625
0.0739212036132813 -0.0166397094726563 0.28643798828125 0.140228271484375
0.0419502258300781 -0.0356636047363281 0.104507446289063 -0.101348876953125
0.0163688659667969 -0.0412635803222656 -0.121467590332031 -0.0538787841796875
0.0209484100341797 -0.0338211059570313 -0.195343017578125 0.053466796875
0.0177898406982422 -0.0260887145996094 -0.269943237304688 0.1031494140625
0.014307975769043 -0.00458431243896484 -0.351806640625 -0.01885986328125
0.0143241882324219 0.010096549987793 -0.341766357421875 -0.21954345703125
5.62667846679687E-05 -0.00705480575561524 -0.202178955078125 -0.425750732421875
-0.0105657577514648 -0.0166759490966797 0.0802001953125 -0.47247314453125
0.0277557373046875 -0.0257053375244141 0.118438720703125 -0.36968994140625
0.0486984252929688 0.0050811767578125 0.017120361328125 -0.30535888671875
-0.190872192382812 0.03607177734375 -0.124458312988281 -0.0864028930664062
-0.104927062988281 0.104461669921875 -0.5267333984375 0.365753173828125
0.024139404296875 0.200119018554688 -0.120361328125 0.725341796875
0.128349304199219 0.0961074829101563 0.3048095703125 0.511749267578125
0.128547668457031 -0.030670166015625 0.334075927734375 0.11114501953125
0.0353240966796875 -0.0887069702148438 0.102592468261719 -0.105117797851563
-0.0144195556640625 -0.0710067749023438 -0.0899810791015625 -0.0842056274414062
-0.0524482727050781 -0.0603713989257813 -0.146804809570313 0.0271759033203125
-0.0344009399414063 -0.0668907165527344 -0.212066650390625 0.123123168945313
-0.0837554931640625 -0.0379486083984375 -0.345123291015625 0.01434326171875
-0.0492782592773438 -0.08416748046875 -0.345306396484375 -0.18701171875
0.0240936279296875 -0.123527526855469 -0.231414794921875 -0.396026611328125
0.115692138671875 -0.0466156005859375 0.029327392578125 -0.458953857421875
0.114494323730469 0.0390777587890625 0.091888427734375 -0.353607177734375
0.0745315551757813 0.09649658203125 -0.0380401611328125 -0.263839721679688
-0.0842514038085938 0.0836181640625 -0.10589599609375 -0.104293823242188
-0.107627868652344 0.134071350097656 -0.593505859375 0.10272216796875
0.121002197265625 0.201034545898438 -0.374969482421875 0.520111083984375
0.210281372070312 0.0256805419921875 0.02703857421875 0.5140380859375
0.113945007324219 -0.137886047363281 0.192520141601563 0.2076416015625
-0.0499954223632813 -0.129829406738281 0.0921630859375 -0.00741577148437501
-0.128173828125 -0.045379638671875 -0.0844192504882813 -0.00949859619140624
-0.139968872070313 -0.0438385009765625 -0.144332885742188 0.0517425537109375
-0.16876220703125 -0.01239013671875 -0.226150512695312 0.1146240234375
-0.167861938476563 -0.0697174072265625 -0.307342529296875 0.04248046875
-0.0977325439453125 -0.173004150390625 -0.327880859375 -0.13873291015625
0.0641021728515625 -0.223556518554688 -0.26983642578125 -0.346954345703125
0.227294921875 -0.056610107421875 -0.126953125 -0.5633544921875
0.187850952148437 0.167098999023437 0.090179443359375 -0.4178466796875
0.0727691650390625 0.184860229492188 -0.0268096923828125 -0.224716186523438
-0.102340698242188 0.147842407226563 -0.1171875 -0.066558837890625
-0.0720062255859375 0.200912475585937 -0.56231689453125 0.1182861328125
0.208602905273437 0.201690673828125 -0.363494873046875 0.47344970703125
0.2572021484375 -0.0363922119140625 0.000854492187499995 0.4725341796875
0.117721557617187 -0.198745727539062 0.166534423828125 0.21630859375
-0.10791015625 -0.155929565429688 0.107147216796875 0.0414657592773438
-0.181991577148438 -0.035125732421875 -0.031515121459961 0.00567436218261719
-0.1937255859375 -0.0480804443359375 -0.0814895629882813 0.0422897338867188
-0.22802734375 -0.021484375 -0.154571533203125 0.147598266601563
-0.215591430664062 -0.10186767578125 -0.24700927734375 0.064483642578125
-0.107955932617187 -0.23883056640625 -0.29827880859375 -0.084442138671875
0.104934692382812 -0.27288818359375 -0.3043212890625 -0.296112060546875
0.295440673828125 -0.030853271484375 -0.09686279296875 -0.47979736328125
0.200637817382812 0.172210693359375 0.190032958984375 -0.514892578125
0.0445098876953125 0.238555908203125 0.0650634765625 -0.19921875
-0.257293701171875 0.2430419921875 -0.31927490234375 -0.046905517578125
-0.031463623046875 0.3408203125 -0.56512451171875 0.2958984375
0.2919921875 0.22027587890625 -0.23907470703125 0.55694580078125
0.26361083984375 -0.0757904052734375 0.08551025390625 0.4969482421875
0.0668792724609375 -0.2113037109375 0.225372314453125 0.225006103515625
-0.103134155273438 -0.135498046875 0.1435546875 0.02880859375
-0.153533935546875 -0.0354461669921875 -0.00218200683593751 0.00348925590515136
-0.160720825195313 -0.0576324462890625 -0.04144287109375 0.0540122985839844
-0.25469970703125 -0.0123291015625001 -0.0780715942382813 0.0963668823242188
-0.215927124023438 -0.124053955078125 -0.1800537109375 0.089141845703125
-0.0832977294921875 -0.255203247070313 -0.27435302734375 -0.0410308837890625
0.145416259765625 -0.251358032226563 -0.317901611328125 -0.278717041015625
0.287933349609375 0.026092529296875 -0.109893798828125 -0.509918212890625
0.147933959960938 0.183380126953125 0.205535888671875 -0.414642333984375
0.0243377685546875 0.199844360351563 0.0282974243164062 -0.104385375976562
-0.16046142578125 0.258880615234375 -0.3568115234375 0.0240478515625
0.05499267578125 0.322052001953125 -0.524932861328125 0.338623046875
0.325103759765625 0.102813720703125 -0.222259521484375 0.557861328125
0.202438354492188 -0.160018920898438 0.0975646972656251 0.5225830078125
-0.0165252685546875 -0.225250244140625 0.257293701171875 0.25274658203125
-0.151473999023438 -0.104904174804688 0.198226928710938 0.0485382080078125
-0.170394897460938 -0.00587463378906247 0.0603446960449219 0.00231552124023437
-0.177093505859375 -0.034332275390625 0.06707763671875 0.0201034545898437
-0.199920654296875 -0.0271759033203125 -0.0444793701171875 0.148117065429687
-0.156524658203125 -0.120162963867187 -0.127822875976563 0.129798889160156
-0.0390777587890625 -0.218551635742187 -0.319610595703125 0.037841796875
0.179183959960938 -0.17718505859375 -0.42083740234375 -0.26177978515625
0.22991943359375 0.157455444335938 -0.1650390625 -0.5982666015625
0.000793457031250007 0.28240966796875 0.234100341796875 -0.496185302734375
-0.21905517578125 0.1929931640625 0.0714111328125 -0.0549697875976562
-0.106597900390625 0.203781127929687 -0.36541748046875 0.106903076171875
0.106857299804688 0.221328735351562 -0.4554443359375 0.403106689453125
0.2667236328125 -0.003021240234375 -0.16064453125 0.5723876953125
0.131591796875 -0.173171997070313 0.02911376953125 0.481842041015625
-0.0599517822265625 -0.212356567382813 0.240966796875 0.29736328125
-0.172836303710938 -0.0798187255859375 0.275177001953125 0.084442138671875
-0.170074462890625 0.015350341796875 0.123970031738281 -0.0218276977539063
-0.182144165039062 -0.00395202636718747 0.141265869140625 -0.022491455078125
-0.1839599609375 -0.00987243652343754 0.0663375854492187 0.0764312744140625
-0.131423950195313 -0.0849533081054688 -0.14788818359375 0.174346923828125
-0.01556396484375 -0.145584106445313 -0.286651611328125 -0.01385498046875
0.128929138183594 -0.09625244140625 -0.325408935546875 -0.334075927734375
0.120048522949219 0.133018493652344 -0.12939453125 -0.6561279296875
-0.00635528564453125 0.0908432006835938 0.393798828125 -0.381744384765625
-0.0391159057617187 0.086273193359375 0.08721923828125 -0.019134521484375
-0.0317611694335937 0.0991973876953125 -0.343353271484375 0.175262451171875
0.0814971923828125 0.09246826171875 -0.36871337890625 0.46044921875
0.145706176757813 -0.0537872314453125 -0.0777587890625 0.58782958984375
0.0124053955078125 -0.13165283203125 0.24310302734375 0.5245361328125
-0.100044250488281 -0.102272033691406 0.3736572265625 0.228607177734375
-0.115615844726563 -0.0138702392578125 0.30889892578125 0.007568359375
-0.112197875976562 0.0423049926757813 0.176742553710937 -0.061370849609375
-0.133277893066406 0.0254440307617188 0.1212158203125 0.0099639892578125
-0.135986328125 0.0138473510742187 0.0535736083984375 0.131736755371094
-0.0951385498046875 -0.0518264770507812 -0.130661010742187 0.16497802734375
-0.00797271728515624 -0.0932235717773438 -0.354736328125 0.013702392578125
0.0640182495117188 -0.0462493896484375 -0.419921875 -0.357208251953125
0.0288047790527344 0.0645256042480469 -0.0471191406249999 -0.7376708984375
-0.0501174926757812 0.0620689392089844 0.345611572265625 -0.529449462890625
-0.0812225341796875 0.0149612426757813 0.064239501953125 -0.0210647583007813
-0.0387458801269531 0.0164413452148437 -0.105361938476563 -0.108985900878906
-0.0548744201660156 0.0537910461425781 -0.55224609375 0.214874267578125
0.0479354858398438 0.104598999023437 -0.2398681640625 0.64300537109375
0.0908889770507813 0.0350418090820313 0.21929931640625 0.529754638671875
0.07452392578125 -0.0213546752929688 0.2994384765625 0.12744140625
0.0414199829101563 -0.0384941101074219 0.100105285644531 -0.102012634277344
0.0142402648925781 -0.0433425903320313 -0.120529174804687 -0.0402755737304687
0.0203285217285156 -0.0376853942871094 -0.186264038085938 0.07183837890625
0.0183334350585938 -0.0291576385498047 -0.255996704101563 0.128005981445313
0.0169649124145508 -0.00479316711425781 -0.349151611328125 0.0117797851562499
0.0186233520507813 0.0101318359375 -0.3607177734375 -0.194091796875
0.00056600570678711 -0.00498819351196289 -0.2379150390625 -0.41412353515625
-0.0127477645874023 -0.0121259689331055 0.047882080078125 -0.484619140625
0.0244426727294922 -0.0268096923828125 0.09967041015625 -0.3778076171875
0.04840087890625 -9.918212890625E-05 -0.000122070312499998 -0.301910400390625
-0.192672729492188 0.051910400390625 -0.136329650878906 -0.0759429931640625
-0.0966033935546875 0.106712341308594 -0.50408935546875 0.40936279296875
0.0391082763671875 0.197311401367188 -0.07049560546875 0.73211669921875
0.135871887207031 0.0883407592773437 0.34124755859375 0.488861083984375
0.12725830078125 -0.0430679321289063 0.342987060546875 0.08721923828125
0.0288925170898437 -0.0898666381835938 0.0954132080078125 -0.111717224121094
-0.019378662109375 -0.0696296691894531 -0.09808349609375 -0.0746688842773437
-0.0542526245117188 -0.0576820373535156 -0.14508056640625 0.0399322509765625
-0.0379447937011719 -0.0646858215332031 -0.200027465820312 0.139617919921875
-0.0827255249023438 -0.0287017822265625 -0.341552734375 0.04498291015625
-0.0525131225585938 -0.077484130859375 -0.3629150390625 -0.162567138671875
0.013946533203125 -0.122840881347656 -0.266448974609375 -0.38226318359375
0.110137939453125 -0.0526962280273438 -0.00302124023437498 -0.467041015625
0.116317749023438 0.0321044921875 0.07415771484375 -0.36346435546875
0.0814132690429688 0.0876617431640625 -0.05023193359375 -0.25933837890625
-0.079925537109375 0.0829315185546875 -0.123954772949219 -0.0941390991210937
-0.0980148315429687 0.135169982910156 -0.59967041015625 0.15081787109375
0.131134033203125 0.185623168945313 -0.34881591796875 0.552581787109375
0.205032348632813 0.0113372802734375 0.0618896484375 0.5205078125
0.100814819335938 -0.142532348632813 0.209457397460938 0.20013427734375
-0.0574111938476562 -0.121070861816406 0.093597412109375 -0.00986480712890626
-0.127479553222656 -0.0325469970703125 -0.0824127197265625 0.00115966796875001
-0.140762329101563 -0.0301055908203125 -0.138778686523437 0.0653076171875
-0.164779663085938 0.0029449462890625 -0.215133666992187 0.13629150390625
-0.168563842773438 -0.0520172119140625 -0.302093505859375 0.0686035156250001
-0.10870361328125 -0.161163330078125 -0.342681884765625 -0.115570068359375
0.0447998046875 -0.226104736328125 -0.301971435546875 -0.32928466796875
0.219512939453125 -0.0734405517578125 -0.166748046875 -0.54547119140625
0.203369140625 0.142059326171875 0.068206787109375 -0.42181396484375
0.08746337890625 0.172836303710937 -0.036895751953125 -0.221771240234375
-0.091796875 0.148223876953125 -0.131736755371094 -0.0580291748046875
-0.057342529296875 0.198684692382813 -0.56671142578125 0.16107177734375
0.218109130859375 0.1788330078125 -0.34234619140625 0.504852294921875
0.247634887695312 -0.0541534423828125 0.032257080078125 0.4794921875
0.0899810791015625 -0.208358764648438 0.1888427734375 0.194427490234375
-0.118789672851563 -0.14154052734375 0.112045288085938 0.0364227294921875
-0.180679321289063 -0.0163726806640625 -0.0298137664794922 0.0113945007324219
-0.195358276367188 -0.028167724609375 -0.0788345336914063 0.0498123168945313
-0.225204467773438 0.00204467773437502 -0.142471313476563 0.16290283203125
-0.218276977539062 -0.077880859375 -0.241043090820313 0.085418701171875
-0.125381469726563 -0.22412109375 -0.309326171875 -0.065216064453125
0.08038330078125 -0.278091430664063 -0.3316650390625 -0.276519775390625
0.290740966796875 -0.053466796875 -0.132537841796875 -0.47869873046875
0.212905883789063 0.152603149414063 0.154144287109375 -0.5323486328125
0.0641021728515625 0.22784423828125 0.0328216552734375 -0.194503784179688
-0.236740112304688 0.266708374023438 -0.3289794921875 -0.020782470703125
-0.0262451171875 0.36187744140625 -0.5474853515625 0.339324951171875
0.310028076171875 0.19390869140625 -0.202880859375 0.57537841796875
0.2584228515625 -0.095367431640625 0.121795654296875 0.492889404296875
0.0496368408203125 -0.216232299804688 0.24334716796875 0.207962036132812
-0.113822937011719 -0.127632141113281 0.144393920898437 0.019317626953125
-0.15533447265625 -0.0223388671875 -0.00356101989746095 0.00739240646362305
-0.166122436523438 -0.0445556640625 -0.038360595703125 0.0573959350585937
-0.250518798828125 0.0126800537109375 -0.0723342895507813 0.102897644042969
-0.221588134765625 -0.0998077392578125 -0.173553466796875 0.102859497070313
-0.102767944335938 -0.242111206054688 -0.282073974609375 -0.02423095703125
0.121002197265625 -0.259872436523438 -0.343780517578125 -0.258392333984375
0.2841796875 0.00177001953125 -0.13739013671875 -0.507781982421875
0.161117553710938 0.1680908203125 0.18157958984375 -0.435333251953125
0.039886474609375 0.189529418945312 0.0254898071289062 -0.107337951660156
-0.1513671875 0.273178100585938 -0.360870361328125 0.05322265625
0.0806884765625 0.317657470703125 -0.505950927734375 0.379058837890625
0.333740234375 0.0728759765625 -0.1842041015625 0.57452392578125
0.190093994140625 -0.175155639648438 0.138275146484375 0.516021728515625
-0.0364990234375 -0.22393798828125 0.25262451171875 0.234649658203125
-0.159957885742188 -0.092926025390625 0.20123291015625 0.0347137451171875
-0.1700439453125 0.00930786132812503 0.0594825744628906 0.000720977783203126
-0.181015014648438 -0.01849365234375 0.0643081665039062 0.0144767761230469
-0.201309204101563 -0.008636474609375 -0.0312042236328125 0.149993896484375
-0.164535522460938 -0.105087280273437 -0.119766235351563 0.142486572265625
-0.056610107421875 -0.209136962890625 -0.317840576171875 0.0588989257812499
0.161468505859375 -0.1917724609375 -0.441619873046875 -0.228515625
0.2432861328125 0.139266967773438 -0.208984375 -0.58367919921875
0.026702880859375 0.281768798828125 0.20037841796875 -0.51873779296875
-0.17742919921875 0.221649169921875 0.0756149291992187 -0.0637969970703125
-0.09307861328125 0.215072631835938 -0.362060546875 0.1387939453125
0.124862670898437 0.21160888671875 -0.42816162109375 0.441314697265625
0.267013549804688 -0.0278778076171875 -0.12200927734375 0.5880126953125
0.115249633789063 -0.183090209960937 0.065582275390625 0.48638916015625
-0.0814056396484375 -0.204849243164063 0.2664794921875 0.281402587890625
-0.176559448242188 -0.06268310546875 0.283050537109375 0.062896728515625
-0.166976928710937 0.0321044921875 0.122413635253906 -0.0282669067382812
-0.181838989257813 0.014923095703125 0.13409423828125 -0.02838134765625
-0.183380126953125 0.00877380371093754 0.0682144165039062 0.06744384765625
-0.136497497558594 -0.0689163208007813 -0.125244140625 0.182388305664063
-0.0287017822265625 -0.13916015625 -0.291534423828125 0.000885009765624978
0.124992370605469 -0.107467651367188 -0.352264404296875 -0.314208984375
0.131103515625 0.116111755371094 -0.17596435546875 -0.6444091796875
0.00250244140625001 0.0853347778320313 0.37347412109375 -0.4183349609375
-0.0423431396484375 0.0963668823242188 0.0877609252929687 -0.0274429321289062
-0.0266494750976562 0.103118896484375 -0.335540771484375 0.205535888671875
0.0886154174804688 0.083770751953125 -0.334716796875 0.492523193359375
0.14111328125 -0.06976318359375 -0.03515625 0.59619140625
0.00180816650390625 -0.131126403808594 0.28594970703125 0.5084228515625
-0.110099792480469 -0.0940322875976562 0.3927001953125 0.1998291015625
-0.118019104003906 -0.00555419921875001 0.309417724609375 -0.01519775390625
-0.108299255371094 0.0527420043945313 0.17041015625 -0.073974609375
-0.132423400878906 0.0381622314453125 0.121734619140625 -0.002288818359375
-0.135383605957031 0.0272140502929687 0.0655593872070312 0.124603271484375
-0.0980072021484375 -0.04302978515625 -0.115005493164062 0.172378540039063
-0.0152740478515625 -0.0927734375 -0.353790283203125 0.03863525390625
0.0601348876953125 -0.0526313781738281 -0.445953369140625 -0.3231201171875
0.0350074768066406 0.0620841979980469 -0.102294921875 -0.7344970703125
-0.0411300659179688 0.0658798217773438 0.30828857421875 -0.558868408203125
-0.0802536010742187 0.0193862915039063 0.0643424987792969 -0.0275001525878906
-0.0397109985351563 0.0193367004394531 -0.118911743164062 -0.0932693481445313
-0.051422119140625 0.0559196472167969 -0.53277587890625 0.25482177734375
0.05322265625 0.098175048828125 -0.19708251953125 0.64959716796875
0.0907363891601562 0.0298004150390625 0.2491455078125 0.508575439453125
0.072479248046875 -0.0256271362304688 0.3038330078125 0.110565185546875
0.0401992797851563 -0.0412063598632813 0.0946502685546875 -0.100799560546875
0.0113143920898438 -0.0436286926269531 -0.116035461425781 -0.02679443359375
0.0179443359375 -0.0399513244628906 -0.17095947265625 0.08697509765625
0.0175418853759766 -0.0318355560302734 -0.23382568359375 0.148101806640625
0.0194377899169922 -0.00544166564941406 -0.33587646484375 0.0407409667968751
0.0219802856445313 0.00864791870117188 -0.367034912109375 -0.1640625
0.000420093536376953 -0.00343823432922363 -0.26568603515625 -0.38812255859375
-0.0138044357299805 -0.00675487518310547 0.012359619140625 -0.479583740234375
0.0211658477783203 -0.0263633728027344 0.07891845703125 -0.375152587890625
0.0460777282714844 -0.00514602661132813 -0.01507568359375 -0.290985107421875
-0.187225341796875 0.067352294921875 -0.14300537109375 -0.0622100830078125
-0.0876846313476562 0.108222961425781 -0.46441650390625 0.438079833984375
0.05194091796875 0.189163208007813 -0.0181884765625 0.7161865234375
0.144607543945313 0.07330322265625 0.366546630859375 0.450775146484375
0.121360778808594 -0.0506668090820312 0.34210205078125 0.06048583984375
0.025115966796875 -0.0882415771484375 0.0889892578125 -0.11932373046875
-0.0233078002929687 -0.0652427673339844 -0.102699279785156 -0.0616531372070313
-0.0501213073730469 -0.0594940185546875 -0.138259887695312 0.0512771606445313
-0.0411643981933594 -0.0602188110351563 -0.181930541992187 0.151763916015625
-0.0784225463867187 -0.0195846557617188 -0.325958251953125 0.0729675292968751
-0.0541305541992188 -0.0696792602539063 -0.369140625 -0.13214111328125
0.00444030761718749 -0.118385314941406 -0.292755126953125 -0.353973388671875
0.101913452148438 -0.0557479858398437 -0.03564453125 -0.459564208984375
0.114906311035156 0.024993896484375 0.053924560546875 -0.362762451171875
0.0833663940429688 0.075836181640625 -0.06060791015625 -0.248336791992188
-0.0736770629882813 0.081146240234375 -0.13677978515625 -0.0800094604492187
-0.087921142578125 0.132606506347656 -0.58441162109375 0.19403076171875
0.13568115234375 0.165481567382813 -0.31170654296875 0.5670166015625
0.195068359375 -0.0019378662109375 0.092987060546875 0.511474609375
0.085723876953125 -0.1416015625 0.220718383789063 0.186874389648438
-0.0619125366210937 -0.10931396484375 0.09295654296875 -0.0115432739257813
-0.122344970703125 -0.0188827514648438 -0.0775146484375 0.0111236572265625
-0.136634826660156 -0.0160675048828125 -0.128433227539063 0.07733154296875
-0.155303955078125 0.017364501953125 -0.195419311523438 0.152847290039063
-0.161849975585938 -0.0338592529296875 -0.286895751953125 0.091796875
-0.115707397460938 -0.144256591796875 -0.346405029296875 -0.0881652832031251
0.0244293212890625 -0.221405029296875 -0.323150634765625 -0.2998046875
0.205841064453125 -0.086181640625 -0.1986083984375 -0.51409912109375
0.210159301757813 0.1197509765625 0.043182373046875 -0.412841796875
0.09613037109375 0.158554077148438 -0.0455322265625 -0.213211059570312
-0.0766220092773438 0.139083862304688 -0.140762329101563 -0.04571533203125
-0.0431976318359375 0.190292358398438 -0.55279541015625 0.202362060546875
0.219940185546875 0.150833129882813 -0.308441162109375 0.521942138671875
0.231246948242187 -0.0694580078125 0.061004638671875 0.47296142578125
0.061920166015625 -0.207061767578125 0.22760009765625 0.147537231445313
-0.124565124511719 -0.122718811035156 0.1142578125 0.029998779296875
-0.172027587890625 0.0018768310546875 -0.0270423889160156 0.0160694122314453
-0.19012451171875 -0.00776672363281251 -0.0738143920898438 0.0568618774414063
-0.21380615234375 0.024322509765625 -0.124069213867188 0.1700439453125
-0.213333129882813 -0.0543670654296875 -0.227737426757812 0.102981567382813
-0.137954711914063 -0.203414916992188 -0.3111572265625 -0.043121337890625
0.054351806640625 -0.27392578125 -0.348388671875 -0.245269775390625
0.276031494140625 -0.0730133056640625 -0.160491943359375 -0.4622802734375
0.216873168945313 0.128570556640625 0.1031494140625 -0.52557373046875
0.078216552734375 0.21112060546875 0.0177764892578125 -0.18975830078125
-0.233184814453125 0.277130126953125 -0.325836181640625 0.00659179687500006
0.033966064453125 0.294342041015625 -0.512603759765625 0.373687744140625
0.317138671875 0.16265869140625 -0.16046142578125 0.57452392578125
0.245330810546875 -0.11151123046875 0.154144287109375 0.4708251953125
0.031097412109375 -0.214630126953125 0.253311157226563 0.184738159179688
-0.121139526367188 -0.114952087402344 0.141708374023438 0.00964355468749999
-0.150863647460937 -0.00761413574218753 -0.00338363647460938 0.0114040374755859
-0.166854858398438 -0.0293731689453125 -0.0336761474609375 0.0601081848144531
-0.236923217773438 0.037078857421875 -0.0637969970703125 0.106124877929688
-0.218215942382813 -0.07470703125 -0.161148071289062 0.11309814453125
-0.117599487304687 -0.221450805664062 -0.282501220703125 -0.00604248046875001
0.093994140625 -0.258255004882813 -0.35736083984375 -0.230682373046875
0.272384643554688 -0.02069091796875 -0.16229248046875 -0.490478515625
0.168304443359375 0.147689819335938 0.150115966796875 -0.443389892578125
0.052032470703125 0.173385620117188 0.0217971801757813 -0.107269287109375
-0.155487060546875 0.28167724609375 -0.350830078125 0.080780029296875
0.1031494140625 0.303009033203125 -0.466705322265625 0.41015625
0.3311767578125 0.041778564453125 -0.14190673828125 0.5745849609375
0.172836303710938 -0.184524536132812 0.171844482421875 0.49346923828125
-0.053802490234375 -0.215316772460938 0.245819091796875 0.223388671875
-0.16400146484375 -0.077880859375 0.198501586914063 0.0195159912109375
-0.16326904296875 0.0247955322265625 0.0579071044921875 -0.000377655029296874
-0.178909301757813 -0.00209045410156253 0.0606880187988281 0.007415771484375
-0.195770263671875 0.00996398925781249 -0.01690673828125 0.14703369140625
-0.166152954101563 -0.0878143310546875 -0.111770629882813 0.161865234375
-0.0715179443359375 -0.193557739257813 -0.30218505859375 0.075592041015625
0.14141845703125 -0.199249267578125 -0.44903564453125 -0.188690185546875
0.249786376953125 0.117889404296875 -0.24444580078125 -0.552276611328125
0.051300048828125 0.272354125976563 0.15826416015625 -0.52410888671875
-0.0973968505859375 0.227935791015625 0.0753173828125 -0.0701370239257812
-0.0764617919921875 0.22137451171875 -0.346527099609375 0.165252685546875
0.138931274414063 0.195953369140625 -0.386962890625 0.464447021484375
0.257125854492188 -0.052154541015625 -0.073028564453125 0.55877685546875
0.09613037109375 -0.186859130859375 0.101715087890625 0.474151611328125
-0.09857177734375 -0.190292358398438 0.283935546875 0.255584716796875
-0.176254272460938 -0.0448760986328125 0.28338623046875 0.038238525390625
-0.15869140625 0.0470428466796875 0.122039794921875 -0.0343170166015625
-0.174362182617188 0.032958984375 0.123306274414062 -0.0399093627929688
-0.177566528320312 0.0280914306640625 0.0671501159667969 0.0573463439941406
-0.135513305664063 -0.0522689819335938 -0.10125732421875 0.182174682617188
-0.0394363403320312 -0.128684997558594 -0.28851318359375 0.0158691406249999
0.101264953613281 -0.113838195800781 -0.367919921875 -0.2841796875
0.133255004882813 0.0883560180664063 -0.2169189453125 -0.61199951171875
0.00957489013671875 0.0775375366210938 0.337890625 -0.440673828125
-0.0770111083984375 0.123558044433594 0.0825576782226563 -0.0337142944335937
-0.0193862915039063 0.105140686035156 -0.31585693359375 0.22808837890625
0.0928802490234375 0.073699951171875 -0.291595458984375 0.507720947265625
0.130889892578125 -0.08245849609375 0.00854492187500003 0.5865478515625
-0.00827026367187501 -0.12701416015625 0.31842041015625 0.474517822265625
-0.115646362304687 -0.082122802734375 0.39935302734375 0.164459228515625
-0.116355895996094 0.00361633300781251 0.30145263671875 -0.036407470703125
-0.100547790527344 0.0616302490234375 0.159637451171875 -0.083709716796875
-0.126899719238281 0.05010986328125 0.118057250976562 -0.013214111328125
-0.129585266113281 0.0392608642578125 0.0755386352539062 0.112716674804688
-0.0982513427734375 -0.0334548950195312 -0.096588134765625 0.173202514648437
-0.0224456787109375 -0.089263916015625 -0.3414306640625 0.0621032714843751
0.0535202026367188 -0.0569496154785156 -0.458404541015625 -0.2801513671875
0.0398368835449219 0.0576133728027344 -0.15411376953125 -0.70562744140625
-0.0316963195800781 0.065460205078125 0.25933837890625 -0.57147216796875
-0.0766677856445313 0.0243377685546875 0.0614166259765625 -0.0321426391601563
-0.0386314392089844 0.0217247009277344 -0.126564025878906 -0.0781478881835938
-0.0477104187011719 0.05657958984375 -0.506805419921875 0.278472900390625
0.0556793212890625 0.092681884765625 -0.1650390625 0.63958740234375
0.0887069702148438 0.0259323120117188 0.26446533203125 0.4835205078125
0.0696067810058594 -0.0284156799316406 0.3016357421875 0.098388671875
0.038543701171875 -0.0420761108398438 0.0898971557617188 -0.0971298217773438
0.00964736938476563 -0.0428581237792969 -0.109146118164063 -0.01611328125
0.0158119201660156 -0.0415992736816406 -0.154510498046875 0.0953216552734375
0.0161647796630859 -0.0337295532226563 -0.211090087890625 0.15740966796875
0.0217380523681641 -0.00695991516113281 -0.316864013671875 0.059356689453125
0.024200439453125 0.00728988647460938 -0.365020751953125 -0.138031005859375
0.000974059104919434 -0.00155365467071533 -0.280181884765625 -0.36181640625
-0.0130062103271484 -0.00179290771484375 -0.011474609375 -0.466156005859375
0.0182647705078125 -0.0247802734375 0.06390380859375 -0.365692138671875
0.0422935485839844 -0.00902557373046875 -0.023956298828125 -0.276947021484375
-0.179229736328125 0.0787811279296875 -0.144500732421875 -0.049835205078125
-0.07965087890625 0.105499267578125 -0.42645263671875 0.451141357421875
0.059783935546875 0.179641723632813 -0.0145263671875 0.6541748046875
0.145858764648438 0.059356689453125 0.375396728515625 0.412017822265625
0.114013671875 -0.0549468994140625 0.3336181640625 0.040252685546875
0.0260772705078125 -0.0842742919921875 0.08551025390625 -0.125869750976563
-0.0241584777832031 -0.0605278015136719 -0.103187561035156 -0.0497512817382813
-0.0481033325195313 -0.0571060180664063 -0.130439758300781 0.058319091796875
-0.0427055358886719 -0.0561180114746094 -0.163803100585938 0.156005859375
-0.0716400146484375 -0.0128555297851562 -0.30548095703125 0.089996337890625
-0.0529060363769531 -0.0622787475585938 -0.365570068359375 -0.107452392578125
-0.00250244140625001 -0.111595153808594 -0.30560302734375 -0.325164794921875
0.0942840576171875 -0.0562515258789062 -0.058441162109375 -0.444793701171875
0.111640930175781 0.019012451171875 0.039459228515625 -0.355499267578125
0.0816650390625 0.0659561157226563 -0.0647735595703125 -0.23553466796875
-0.0680694580078125 0.0780181884765625 -0.142288208007812 -0.0664520263671875
-0.0796890258789062 0.126655578613281 -0.560028076171875 0.2220458984375
0.13348388671875 0.147140502929688 -0.28192138671875 0.56683349609375
0.182327270507813 -0.0099639892578125 0.113067626953125 0.49444580078125
0.0726547241210938 -0.13604736328125 0.224960327148438 0.174346923828125
-0.0623779296875 -0.0979766845703125 0.0919952392578125 -0.0119094848632813
-0.114204406738281 -0.00799560546875001 -0.0712051391601563 0.018646240234375
-0.129692077636719 -0.00521087646484376 -0.116813659667969 0.0847320556640625
-0.143707275390625 0.0269012451171875 -0.174911499023438 0.16162109375
-0.152099609375 -0.021331787109375 -0.267532348632812 0.105560302734375
-0.116165161132812 -0.129302978515625 -0.34234619140625 -0.067047119140625
0.00946044921874998 -0.210861206054688 -0.330841064453125 -0.27105712890625
0.191024780273438 -0.0921783447265625 -0.2109375 -0.479644775390625
0.208755493164063 0.1004638671875 0.0263061523437501 -0.4010009765625
0.09844970703125 0.1435546875 -0.048919677734375 -0.202774047851563
-0.0652923583984375 0.130020141601563 -0.14471435546875 -0.0352783203125
-0.034454345703125 0.178802490234375 -0.53118896484375 0.22552490234375
0.212005615234375 0.12750244140625 -0.27911376953125 0.5247802734375
0.213821411132813 -0.0774383544921875 0.0794677734375 0.460357666015625
0.0417022705078125 -0.197418212890625 0.205322265625 0.157669067382813
-0.1239013671875 -0.105606079101563 0.114372253417969 0.0252304077148437
-0.159774780273438 0.0142669677734375 -0.0232276916503906 0.0202369689941406
-0.180709838867188 0.00798034667968751 -0.0679855346679688 0.0620384216308594
-0.19866943359375 0.04010009765625 -0.107574462890625 0.170501708984375
-0.201446533203125 -0.03582763671875 -0.211273193359375 0.11175537109375
-0.142013549804688 -0.183395385742187 -0.307098388671875 -0.026458740234375
0.0338287353515625 -0.262985229492188 -0.352203369140625 -0.216766357421875
0.258743286132813 -0.0847015380859375 -0.172607421875 -0.439971923828125
0.213912963867188 0.108871459960938 0.065704345703125 -0.50482177734375
0.0846405029296875 0.195175170898438 0.0116119384765625 -0.18377685546875
-0.209503173828125 0.28424072265625 -0.315338134765625 0.02520751953125
0.04736328125 0.2171630859375 -0.47528076171875 0.3883056640625
0.313232421875 0.136505126953125 -0.128631591796875 0.560333251953125
0.230972290039063 -0.12115478515625 0.1712646484375 0.444915771484375
0.016448974609375 -0.207733154296875 0.253982543945313 0.1630859375
-0.123184204101562 -0.103401184082031 0.136825561523438 0.00247955322265624
-0.142913818359375 0.0031585693359375 -0.00214576721191407 0.0149011611938477
-0.162857055664063 -0.0163421630859375 -0.0295448303222656 0.0609703063964844
-0.219390869140625 0.0537109375 -0.0555877685546875 0.106475830078125
-0.208175659179687 -0.05426025390625 -0.148239135742188 0.11663818359375
-0.123611450195313 -0.201400756835938 -0.27734375 0.00668334960937499
0.07208251953125 -0.249359130859375 -0.359893798828125 -0.2037353515625
0.255950927734375 -0.0345458984375 -0.1751708984375 -0.468780517578125
0.16888427734375 0.129043579101563 0.125701904296875 -0.44122314453125
0.057342529296875 0.15740966796875 0.019683837890625 -0.104629516601562
-0.132293701171875 0.284912109375 -0.3365478515625 0.0993652343750001
0.11676025390625 0.28662109375 -0.4300537109375 0.42144775390625
0.32000732421875 0.018768310546875 -0.10919189453125 0.562744140625
0.156646728515625 -0.187881469726562 0.191558837890625 0.46734619140625
-0.0659942626953125 -0.203506469726563 0.247268676757813 0.207870483398438
-0.163055419921875 -0.0655364990234375 0.192779541015625 0.0083465576171875
-0.15289306640625 0.0341339111328125 0.0562057495117188 -0.000633239746093748
-0.17303466796875 0.0109100341796875 0.0557289123535156 0.004302978515625
-0.186569213867188 0.0233154296875 -0.00636291503906251 0.141448974609375
-0.162612915039063 -0.07354736328125 -0.10357666015625 0.168548583984375
-0.07940673828125 -0.177108764648438 -0.288726806640625 0.0865478515625
0.125228881835938 -0.199142456054688 -0.44134521484375 -0.1552734375
0.249374389648437 0.098876953125 -0.26153564453125 -0.516998291015625
0.068115234375 0.257568359375 0.12591552734375 -0.516082763671875
-0.0343170166015625 0.197738647460938 0.0734176635742188 -0.0726394653320312
-0.060150146484375 0.220947265625 -0.327545166015625 0.180206298828125
0.144943237304688 0.180877685546875 -0.34942626953125 0.468475341796875
0.243179321289063 -0.068267822265625 -0.0533447265625 0.502227783203125
0.080230712890625 -0.18389892578125 0.1240234375 0.456451416015625
-0.107986450195312 -0.173995971679688 0.2899169921875 0.2310791015625
-0.17425537109375 -0.031097412109375 0.276153564453125 0.0199737548828125
-0.146881103515625 0.056640625 0.12310791015625 -0.0388107299804688
-0.164260864257813 0.046356201171875 0.111480712890625 -0.0462799072265625
-0.166900634765625 0.0417633056640625 0.0640602111816406 0.0497055053710938
-0.130088806152344 -0.0381698608398438 -0.08770751953125 0.178665161132813
-0.0461273193359375 -0.116836547851563 -0.28179931640625 0.02545166015625
0.0784149169921875 -0.110733032226563 -0.36895751953125 -0.258636474609375
0.123451232910156 0.061248779296875 -0.2386474609375 -0.575927734375
0.0138473510742188 0.0664291381835938 0.307952880859375 -0.44940185546875
-0.0550537109375 0.115043640136719 0.0769729614257813 -0.0355682373046875
-0.0123138427734375 0.105522155761719 -0.295013427734375 0.239959716796875
0.0935440063476562 0.0642547607421875 -0.255035400390625 0.5062255859375
0.119102478027344 -0.0897369384765625 0.038818359375 0.56512451171875
-0.0145797729492187 -0.120933532714844 0.333404541015625 0.438507080078125
-0.117919921875 -0.0704498291015625 0.39593505859375 0.135498046875
-0.112869262695313 0.0102462768554687 0.28887939453125 -0.05157470703125
-0.0920639038085937 0.0664596557617188 0.149261474609375 -0.0882568359375
-0.1195068359375 0.0595550537109375 0.112007141113281 -0.0201416015625
-0.122077941894531 0.0476760864257812 0.08038330078125 0.101318359375
-0.095306396484375 -0.02618408203125 -0.0807342529296875 0.16815185546875
-0.0268402099609375 -0.0846405029296875 -0.3253173828125 0.0772399902343749
0.04718017578125 -0.0579986572265625 -0.4534912109375 -0.241851806640625
0.0430908203125 0.0521965026855469 -0.18438720703125 -0.66693115234375
-0.0240020751953125 0.0624198913574219 0.21856689453125 -0.566162109375
-0.0728988647460938 0.02789306640625 0.0593338012695312 -0.0333709716796875
-0.0380210876464844 0.0242576599121094 -0.131095886230469 -0.0660629272460938
-0.0456008911132813 0.0570907592773438 -0.49066162109375 0.2904052734375
0.0573654174804687 0.0884170532226562 -0.14703369140625 0.630126953125
0.0865325927734375 0.0235519409179688 0.268585205078125 0.46942138671875
0.0672569274902344 -0.0292472839355469 0.298919677734375 0.09259033203125
0.0384101867675781 -0.0434379577636719 0.0881500244140625 -0.0920791625976563
0.0092315673828125 -0.0423965454101563 -0.101219177246094 -0.00723266601562499
0.0135726928710937 -0.0421562194824219 -0.141494750976562 0.09930419921875
0.0150089263916016 -0.0350151062011719 -0.192703247070312 0.16162109375
0.0238246917724609 -0.00815582275390625 -0.300445556640625 0.069732666015625
0.0267086029052734 0.00617408752441406 -0.36114501953125 -0.12213134765625
0.00158119201660156 -0.000187397003173828 -0.28521728515625 -0.341522216796875
-0.0115900039672852 0.00242042541503906 -0.025238037109375 -0.454132080078125
0.0158405303955078 -0.0236129760742188 0.058197021484375 -0.35955810546875
0.0384674072265625 -0.0107078552246094 -0.0260162353515625 -0.266357421875
-0.171478271484375 0.0868988037109375 -0.143661499023438 -0.0420379638671875
-0.0747528076171875 0.101669311523437 -0.400482177734375 0.451873779296875
0.0634613037109375 0.17205810546875 -0.19097900390625 0.58331298828125
0.1434326171875 0.0501861572265625 0.374969482421875 0.38641357421875
0.108192443847656 -0.0552291870117188 0.324462890625 0.0277099609375
0.025970458984375 -0.08099365234375 0.0781631469726563 -0.121803283691406
-0.0237045288085938 -0.0563392639160156 -0.1015625 -0.039764404296875
-0.0481376647949219 -0.0525360107421875 -0.124290466308594 0.0627365112304688
-0.0434989929199219 -0.0532646179199219 -0.151260375976563 0.156417846679688
-0.065521240234375 -0.00954055786132812 -0.28912353515625 0.09869384765625
-0.0504379272460937 -0.0572052001953125 -0.36138916015625 -0.0922241210937499
-0.00639343261718751 -0.105911254882813 -0.310302734375 -0.3040771484375
0.0894851684570313 -0.0548934936523438 -0.069854736328125 -0.431854248046875
0.108932495117187 0.0154647827148437 0.033538818359375 -0.349578857421875
0.07818603515625 0.0593643188476563 -0.06341552734375 -0.226531982421875
-0.0633621215820313 0.0739288330078125 -0.146499633789063 -0.057159423828125
-0.0753097534179687 0.119979858398438 -0.546112060546875 0.234405517578125
0.128196716308594 0.134086608886719 -0.265380859375 0.5633544921875
0.171585083007813 -0.0130157470703125 0.12286376953125 0.4837646484375
0.064117431640625 -0.128623962402344 0.225830078125 0.167083740234375
-0.0605621337890625 -0.0894775390625 0.0925674438476563 -0.0111160278320313
-0.105636596679687 -0.00124359130859374 -0.0650596618652344 0.0243682861328125
-0.123191833496094 0.00247955322265627 -0.107719421386719 0.0890731811523437
-0.133644104003906 0.032135009765625 -0.159744262695313 0.165817260742187
-0.1424560546875 -0.012969970703125 -0.252105712890625 0.111953735351563
-0.114730834960938 -0.118217468261719 -0.33868408203125 -0.05401611328125
0.000503540039062492 -0.201156616210938 -0.33258056640625 -0.250762939453125
0.180587768554688 -0.093719482421875 -0.219329833984375 -0.4605712890625
0.205490112304688 0.0881805419921875 0.018218994140625 -0.39776611328125
0.0969467163085938 0.134605407714844 -0.0484771728515625 -0.195144653320312
-0.05780029296875 0.122528076171875 -0.147476196289063 -0.0294189453125
-0.030670166015625 0.1678466796875 -0.51513671875 0.237060546875
0.201614379882812 0.112319946289063 -0.26373291015625 0.522857666015625
0.199447631835938 -0.0800323486328125 0.089508056640625 0.4517822265625
0.0283966064453125 -0.18634033203125 0.201187133789062 0.171035766601563
-0.120780944824219 -0.0931777954101563 0.114616394042969 0.0224685668945312
-0.14849853515625 0.0218048095703125 -0.0201759338378906 0.0230236053466797
-0.17138671875 0.018463134765625 -0.0633544921875 0.0654220581054688
-0.185211181640625 0.0498809814453125 -0.0962677001953125 0.168914794921875
-0.19012451171875 -0.0236968994140625 -0.198471069335938 0.115798950195312
-0.142349243164062 -0.167633056640625 -0.303314208984375 -0.0155944824218751
0.0220184326171875 -0.25152587890625 -0.35076904296875 -0.198944091796875
0.244476318359375 -0.0898590087890625 -0.17828369140625 -0.425201416015625
0.20928955078125 0.0948486328125 0.041839599609375 -0.4776611328125
0.085540771484375 0.185501098632813 0.0110626220703125 -0.179428100585938
-0.19171142578125 0.287811279296875 -0.3065185546875 0.0361633300781251
0.0500030517578125 0.202529907226563 -0.44915771484375 0.392730712890625
0.307464599609375 0.119873046875 -0.11114501953125 0.547698974609375
0.220123291015625 -0.12579345703125 0.1796875 0.425384521484375
0.00753784179687498 -0.200668334960937 0.251617431640625 0.148651123046875
-0.123641967773438 -0.0943984985351563 0.133018493652344 -0.00147247314453126
-0.135025024414063 0.00880432128906248 -0.000228881835937509 0.0183601379394531
-0.15850830078125 -0.007415771484375 -0.0254707336425781 0.0614280700683594
-0.204025268554688 0.063018798828125 -0.0497817993164063 0.106666564941406
-0.197677612304688 -0.0413055419921875 -0.138954162597656 0.116859436035156
-0.125045776367188 -0.185333251953125 -0.273727416992188 0.014556884765625
0.058013916015625 -0.23956298828125 -0.356689453125 -0.18634033203125
0.242630004882813 -0.0420379638671875 -0.179046630859375 -0.45745849609375
0.166091918945313 0.115020751953125 0.111297607421875 -0.437255859375
0.05841064453125 0.144866943359375 0.0198211669921875 -0.102210998535156
-0.030059814453125 0.237747192382812 -0.325286865234375 0.108428955078125
0.123794555664063 0.273971557617188 -0.403717041015625 0.423309326171875
0.30902099609375 0.004608154296875 -0.0906982421875 0.548919677734375
0.14599609375 -0.187835693359375 0.2012939453125 0.44561767578125
-0.0720977783203125 -0.193557739257813 0.246612548828125 0.195602416992187
-0.160812377929687 -0.056488037109375 0.187286376953125 0.001007080078125
-0.144241333007812 0.03955078125 0.0559196472167969 0.000469207763671878
-0.167007446289063 0.02056884765625 0.0502586364746094 0.008819580078125
-0.17852783203125 0.0323486328125 0.00163269042968749 0.135322570800781
-0.159927368164063 -0.06304931640625 -0.09417724609375 0.164169311523437
-0.0823822021484375 -0.163253784179688 -0.279800415039063 0.0927886962890624
0.116973876953125 -0.19659423828125 -0.431243896484375 -0.133636474609375
0.248031616210938 0.0855255126953125 -0.26739501953125 -0.491485595703125
0.0778350830078125 0.244705200195312 0.10528564453125 -0.50732421875
-0.012542724609375 0.176132202148438 0.0721664428710938 -0.0723495483398437
-0.0483551025390625 0.220352172851562 -0.31439208984375 0.187469482421875
0.147415161132812 0.169631958007813 -0.323883056640625 0.466705322265625
0.231155395507813 -0.07708740234375 -0.033172607421875 0.509796142578125
0.06988525390625 -0.18035888671875 0.13592529296875 0.440826416015625
-0.112762451171875 -0.16070556640625 0.2913818359375 0.214385986328125
-0.170867919921875 -0.0207366943359375 0.268768310546875 0.0070648193359375
-0.136024475097656 0.0620193481445312 0.119178771972656 -0.0409698486328125
-0.15411376953125 0.0555419921875 0.101509094238281 -0.0521774291992187
-0.1571044921875 0.05072021484375 0.0606765747070312 0.0442543029785156
-0.123497009277344 -0.0288925170898437 -0.0804290771484375 0.175094604492188
-0.0486907958984375 -0.106658935546875 -0.276962280273438 0.0292510986328125
0.0648040771484375 -0.105903625488281 -0.364776611328125 -0.243408203125
0.11077880859375 0.0439300537109375 -0.253875732421875 -0.55108642578125
0.0153656005859375 0.0564308166503906 0.286956787109375 -0.44952392578125
-0.0301666259765625 0.094451904296875 0.071807861328125 -0.0320892333984375
-0.00629425048828125 0.104804992675781 -0.280593872070312 0.244903564453125
0.0927886962890625 0.0587158203125 -0.22991943359375 0.498443603515625
0.10955810546875 -0.0931930541992187 0.055938720703125 0.548187255859375
-0.01837158203125 -0.117057800292969 0.338623046875 0.414794921875
-0.117294311523438 -0.0616455078125 0.389251708984375 0.116058349609375
-0.110107421875 0.014404296875 0.2791748046875 -0.0606689453125
-0.0866851806640625 0.0698165893554688 0.142532348632813 -0.089630126953125
-0.1129150390625 0.0653152465820312 0.107215881347656 -0.02520751953125
-0.115631103515625 0.053131103515625 0.0829010009765625 0.0914535522460938
-0.0919570922851563 -0.0219879150390625 -0.07000732421875 0.161972045898437
-0.028961181640625 -0.081207275390625 -0.312347412109375 0.085418701171875
0.042724609375 -0.0576934814453125 -0.443695068359375 -0.2169189453125
0.0455513000488281 0.0479202270507813 -0.1982421875 -0.6390380859375
-0.0184478759765625 0.0585784912109375 0.191986083984375 -0.55584716796875
-0.0696792602539063 0.0305213928222656 0.0579605102539063 -0.0334129333496094
-0.0372734069824219 0.02685546875 -0.136505126953125 -0.0571975708007813
-0.0442123413085938 0.0577964782714844 -0.484527587890625 0.3017578125
0.0584640502929688 0.0863037109375 -0.13873291015625 0.6295166015625
0.0858917236328125 0.0229415893554687 0.275238037109375 0.463226318359375
0.0666694641113281 -0.0296478271484375 0.30157470703125 0.091217041015625
0.0382461547851563 -0.0453033447265625 0.090087890625 -0.087982177734375
0.009552001953125 -0.0424232482910156 -0.095184326171875 -7.62939453124869E-05
0.0123443603515625 -0.0432815551757813 -0.131904602050781 0.103813171386719
0.0135688781738281 -0.0371627807617188 -0.1805419921875 0.166000366210937
0.0260295867919922 -0.00948524475097656 -0.290618896484375 0.077392578125
0.0291271209716797 0.00534248352050781 -0.363037109375 -0.110931396484375
0.00214505195617676 0.00168740749359131 -0.293060302734375 -0.328094482421875
-0.00975894927978516 0.00549030303955078 -0.033843994140625 -0.450286865234375
0.0148200988769531 -0.0220603942871094 0.054656982421875 -0.35784912109375
0.036102294921875 -0.0113449096679688 -0.026885986328125 -0.262130737304687
-0.1661376953125 0.093475341796875 -0.145858764648438 -0.03643798828125
-0.0722122192382812 0.0993194580078125 -0.384674072265625 0.458404541015625
0.06689453125 0.168258666992187 -0.19403076171875 0.58807373046875
0.14141845703125 0.04864501953125 0.376708984375 0.370269775390625
0.10784912109375 -0.0473861694335938 0.321136474609375 0.0181884765625
0.025970458984375 -0.0797042846679688 0.0733795166015625 -0.118003845214844
-0.0226783752441406 -0.0541343688964844 -0.100852966308594 -0.0317764282226563
-0.0489082336425781 -0.0488357543945313 -0.121109008789063 0.0677947998046875
-0.0439987182617187 -0.0515365600585938 -0.1435546875 0.1575927734375
-0.0607757568359375 -0.00702667236328126 -0.278518676757813 0.106002807617187
-0.0486106872558594 -0.053375244140625 -0.363128662109375 -0.08050537109375
-0.00901031494140624 -0.101226806640625 -0.316162109375 -0.29217529296875
0.0875396728515625 -0.0537796020507813 -0.076904296875 -0.428680419921875
0.10723876953125 0.0131988525390625 0.029754638671875 -0.349945068359375
0.0757064819335938 0.0562286376953125 -0.06207275390625 -0.222854614257813
-0.0604057312011719 0.0698966979980469 -0.151687622070313 -0.0504150390625
-0.07427978515625 0.114524841308594 -0.5408935546875 0.245941162109375
0.12310791015625 0.126007080078125 -0.2581787109375 0.56768798828125
0.163558959960938 -0.014984130859375 0.129852294921875 0.4825439453125
0.0581817626953125 -0.123008728027344 0.23004150390625 0.164566040039062
-0.0586090087890625 -0.0832366943359375 0.0941848754882812 -0.0096282958984375
-0.0986480712890625 0.00392913818359377 -0.0594863891601563 0.0296745300292969
-0.118453979492188 0.00942993164062501 -0.101119995117188 0.0931625366210938
-0.127395629882813 0.036376953125 -0.14794921875 0.170089721679688
-0.134849548339844 -0.00783538818359374 -0.243545532226562 0.118026733398438
-0.113487243652344 -0.11077880859375 -0.3399658203125 -0.043548583984375
-0.0061187744140625 -0.1944580078125 -0.3369140625 -0.23870849609375
0.174591064453125 -0.0950164794921875 -0.2239990234375 -0.45013427734375
0.208404541015625 0.08697509765625 0.00845336914062501 -0.403961181640625
0.0965347290039062 0.128593444824219 -0.0472259521484375 -0.192596435546875
-0.0527496337890625 0.117210388183594 -0.15179443359375 -0.0252227783203125
-0.029144287109375 0.16064453125 -0.511138916015625 0.24835205078125
0.194915771484375 0.101272583007813 -0.25640869140625 0.528961181640625
0.18927001953125 -0.082000732421875 0.0965576171875 0.45184326171875
0.02032470703125 -0.178314208984375 0.205352783203125 0.171066284179688
-0.118240356445312 -0.0843582153320313 0.116950988769531 0.0206451416015625
-0.139129638671875 0.0285110473632812 -0.017303466796875 0.0255661010742188
-0.164398193359375 0.027862548828125 -0.0598983764648438 0.0689506530761719
-0.176162719726562 0.057647705078125 -0.087646484375 0.169082641601563
-0.181488037109375 -0.0165557861328125 -0.19122314453125 0.119461059570313
-0.142074584960938 -0.15704345703125 -0.30474853515625 -0.00790405273437497
0.01263427734375 -0.244064331054688 -0.352935791015625 -0.18695068359375
0.236053466796875 -0.094512939453125 -0.17926025390625 -0.420013427734375
0.207290649414063 0.08514404296875 0.0303955078125001 -0.466064453125
0.0865478515625 0.183990478515625 0.0123291015625 -0.178695678710938
-0.0786285400390625 0.24932861328125 -0.30450439453125 0.043243408203125
0.0529937744140625 0.270797729492188 -0.435150146484375 0.400238037109375
0.306396484375 0.108551025390625 -0.099029541015625 0.544342041015625
0.214935302734375 -0.1300048828125 0.187408447265625 0.41558837890625
0.00114440917968751 -0.196853637695313 0.25286865234375 0.138687133789062
-0.124526977539062 -0.0887374877929688 0.131507873535156 -0.00472259521484376
-0.129798889160156 0.0124740600585937 0.00212860107421874 0.0213356018066406
-0.156509399414063 0.000228881835937498 -0.0222663879394531 0.0624847412109375
-0.1937255859375 0.0714569091796875 -0.045318603515625 0.107681274414063
-0.189910888671875 -0.03240966796875 -0.133186340332031 0.118232727050781
-0.126220703125 -0.174087524414063 -0.27508544921875 0.02117919921875
0.048553466796875 -0.23284912109375 -0.35809326171875 -0.176910400390625
0.234878540039063 -0.04840087890625 -0.18133544921875 -0.45361328125
0.164138793945313 0.104202270507812 0.10186767578125 -0.43804931640625
0.0593185424804687 0.137176513671875 0.0214157104492188 -0.101524353027344
-0.061370849609375 0.2752685546875 -0.32147216796875 0.1165771484375
0.130569458007813 0.267288208007813 -0.3896484375 0.42938232421875
0.30487060546875 -0.00555419921875 -0.077972412109375 0.54473876953125
0.139434814453125 -0.189697265625 0.2098388671875 0.435455322265625
-0.0782318115234375 -0.186874389648438 0.250381469726563 0.188735961914063
-0.161087036132813 -0.0494537353515625 0.185623168945313 -0.0042724609375
-0.138946533203125 0.0430068969726563 0.0572166442871094 0.000896453857421878
-0.163986206054688 0.027862548828125 0.0433311462402344 0.0204010009765625
-0.172836303710937 0.040283203125 0.0110549926757812 0.127471923828125
-0.159591674804688 -0.054656982421875 -0.08807373046875 0.162353515625
-0.08477783203125 -0.154617309570313 -0.279693603515625 0.10113525390625
0.117767333984375 -0.1953125 -0.426483154296875 -0.118865966796875
0.24969482421875 0.0762176513671875 -0.27197265625 -0.479278564453125
0.0864105224609375 0.237258911132813 0.09130859375 -0.504302978515625
-0.00373840332031251 0.167098999023438 0.0707931518554688 -0.0718154907226562
-0.0386505126953125 0.221084594726563 -0.309112548828125 0.195159912109375
0.15045166015625 0.162979125976563 -0.30938720703125 0.471282958984375
0.2247314453125 -0.0839080810546875 -0.0155029296874999 0.5494384765625
0.0620574951171875 -0.179397583007813 0.145416259765625 0.436767578125
-0.117019653320312 -0.151290893554688 0.29632568359375 0.203826904296875
-0.168731689453125 -0.0128936767578125 0.264312744140625 -0.003662109375
-0.129127502441406 0.0654678344726562 0.111083984375 -0.0416488647460937
-0.147232055664063 0.0632781982421875 0.0942764282226562 -0.0548858642578125
-0.150619506835938 0.0583343505859375 0.0578193664550781 0.0405616760253906
-0.11895751953125 -0.022705078125 -0.0732421875 0.171096801757813
-0.0505599975585938 -0.099578857421875 -0.277984619140625 0.0312805175781249
0.0554275512695313 -0.101318359375 -0.36590576171875 -0.2373046875
0.105827331542969 0.0349807739257813 -0.259857177734375 -0.537750244140625
0.0158462524414062 0.048675537109375 0.27471923828125 -0.455322265625
-0.0191879272460938 0.0827484130859375 0.0738372802734375 -0.0317764282226562
-0.000938415527343746 0.104835510253906 -0.274887084960938 0.251251220703125
0.093170166015625 0.054595947265625 -0.2169189453125 0.499969482421875
0.103416442871094 -0.0966033935546875 0.066986083984375 0.542083740234375
-0.0216445922851563 -0.115249633789063 0.345184326171875 0.40045166015625
-0.118568420410156 -0.0556411743164063 0.38934326171875 0.101806640625
-0.108535766601563 0.0183258056640625 0.27508544921875 -0.068328857421875
-0.0823974609375 0.0726776123046875 0.139762878417969 -0.0918121337890625
-0.108413696289063 0.0703582763671875 0.104721069335937 -0.0282821655273437
-0.111480712890625 0.0585403442382813 0.0853118896484375 0.0848159790039063
-0.0903701782226563 -0.0197372436523438 -0.06292724609375 0.157745361328125
-0.0308074951171875 -0.079376220703125 -0.3046875 0.0914001464843749
0.0403709411621094 -0.0579185485839844 -0.4403076171875 -0.200958251953125
0.0481071472167969 0.0437850952148438 -0.2071533203125 -0.622802734375
-0.0147590637207031 0.0551795959472656 0.1746826171875 -0.554412841796875
-0.0672340393066406 0.0340003967285156 0.0584564208984375 -0.0322608947753906
-0.0381355285644531 0.0298843383789062 -0.14398193359375 -0.0476837158203125
-0.0435752868652344 0.0599937438964844 -0.4847412109375 0.321502685546875
0.0616302490234375 0.0849151611328125 -0.1256103515625 0.64276123046875
0.0864334106445313 0.0217132568359375 0.2891845703125 0.46246337890625
0.0667839050292969 -0.031219482421875 0.310516357421875 0.08697509765625
0.0382156372070312 -0.0489349365234375 0.092681884765625 -0.0874176025390625
0.0091400146484375 -0.0445060729980469 -0.0898513793945313 0.00736236572265624
0.0103759765625 -0.0444374084472656 -0.124114990234375 0.111251831054688
0.0117340087890625 -0.0392494201660156 -0.168106079101562 0.174591064453125
0.0285377502441406 -0.0122489929199219 -0.286163330078125 0.088226318359375
0.0314826965332031 0.00385475158691406 -0.371246337890625 -0.0975341796875
0.00290560722351074 0.00353217124938965 -0.307525634765625 -0.319671630859375
-0.00749826431274414 0.00787448883056641 -0.046173095703125 -0.45318603515625
0.0136337280273438 -0.0216083526611328 0.049468994140625 -0.36383056640625
0.0334854125976562 -0.0124588012695312 -0.031219482421875 -0.262832641601563
-0.162979125976563 0.102615356445312 -0.149581909179688 -0.0304412841796875
-0.0703811645507812 0.0990753173828125 -0.36962890625 0.474151611328125
0.073486328125 0.166275024414063 -0.18292236328125 0.60101318359375
0.142623901367188 0.0472869873046875 0.38525390625 0.355316162109375
0.108200073242188 -0.0446929931640625 0.322265625 0.005035400390625
0.0259552001953125 -0.0798721313476563 0.0698699951171875 -0.117500305175781
-0.0219917297363281 -0.0534858703613281 -0.100982666015625 -0.0234527587890625
-0.0527572631835937 -0.0408515930175781 -0.118629455566406 0.0748748779296875
-0.046478271484375 -0.0503616333007813 -0.135879516601562 0.163726806640625
-0.0567054748535156 -0.00531005859375 -0.272415161132813 0.116531372070313
-0.0484657287597656 -0.05059814453125 -0.371124267578125 -0.0658874511718749
-0.0120010375976563 -0.0982894897460938 -0.32891845703125 -0.281524658203125
0.0862503051757813 -0.0549392700195313 -0.089263916015625 -0.431243896484375
0.107826232910156 0.0103302001953125 0.02288818359375 -0.355072021484375
0.07501220703125 0.0533905029296875 -0.0659942626953125 -0.222412109375
-0.0575447082519531 0.0673332214355469 -0.159759521484375 -0.042724609375
-0.0734100341796875 0.112442016601562 -0.540740966796875 0.269287109375
0.122268676757813 0.1190185546875 -0.2489013671875 0.5848388671875
0.15869140625 -0.0176544189453125 0.144775390625 0.486419677734375
0.0527114868164063 -0.119407653808594 0.2401123046875 0.162521362304688
-0.0591583251953125 -0.07818603515625 0.0984725952148437 -0.00995635986328125
-0.0930099487304688 0.00769805908203124 -0.0545310974121094 0.0355911254882812
-0.113960266113281 0.0164413452148437 -0.0944747924804688 0.10015869140625
-0.122245788574219 0.042755126953125 -0.136764526367188 0.17742919921875
-0.130058288574219 -0.00247192382812501 -0.236373901367188 0.127304077148438
-0.11474609375 -0.104240417480469 -0.3472900390625 -0.02960205078125
-0.0133514404296875 -0.190948486328125 -0.347503662109375 -0.227783203125
0.170257568359375 -0.099700927734375 -0.246673583984375 -0.45513916015625
0.21624755859375 0.09283447265625 -0.00460815429687502 -0.41534423828125
0.0990676879882812 0.125457763671875 -0.0498046875 -0.192642211914063
-0.04779052734375 0.113037109375 -0.158966064453125 -0.0199737548828125
-0.027313232421875 0.156646728515625 -0.512176513671875 0.269134521484375
0.191116333007813 0.092010498046875 -0.247161865234375 0.546112060546875
0.181625366210938 -0.08697509765625 0.1094970703125 0.45770263671875
0.0110015869140625 -0.172607421875 0.215103149414063 0.168212890625
-0.118240356445313 -0.076019287109375 0.120742797851562 0.0169601440429687
-0.132438659667969 0.0358352661132813 -0.0138435363769531 0.0291805267333984
-0.158935546875 0.038360595703125 -0.0564727783203125 0.0739212036132813
-0.168441772460938 0.0670166015625 -0.0789947509765625 0.172454833984375
-0.17669677734375 -0.00907897949218751 -0.185928344726563 0.125946044921875
-0.145950317382813 -0.14794921875 -0.3115234375 0.00436401367187493
0.00285339355468749 -0.240737915039062 -0.361572265625 -0.17572021484375
0.230194091796875 -0.102462768554687 -0.190216064453125 -0.42156982421875
0.20867919921875 0.0753936767578125 0.016693115234375 -0.480621337890625
0.0883331298828125 0.195144653320313 0.0102081298828125 -0.181121826171875
-0.0717315673828125 0.266265869140625 -0.306610107421875 0.05474853515625
0.054931640625 0.326904296875 -0.423614501953125 0.415618896484375
0.31072998046875 0.095306396484375 -0.083526611328125 0.55023193359375
0.211013793945313 -0.139007568359375 0.20025634765625 0.41009521484375
-0.00669860839843749 -0.196060180664063 0.2584228515625 0.12744140625
-0.128349304199219 -0.0820770263671875 0.131507873535156 -0.010406494140625
-0.127456665039063 0.0172348022460938 0.00479698181152343 0.0238399505615234
-0.156051635742188 0.00852966308593752 -0.0203819274902344 0.0659255981445313
-0.184646606445312 0.08099365234375 -0.0397567749023438 0.1107177734375
-0.185806274414063 -0.0234222412109375 -0.129142761230469 0.121871948242187
-0.130386352539062 -0.16485595703125 -0.280746459960938 0.0312957763671875
0.0386199951171875 -0.229843139648437 -0.36688232421875 -0.166473388671875
0.229156494140625 -0.056365966796875 -0.194183349609375 -0.456817626953125
0.164993286132813 0.094085693359375 0.089691162109375 -0.448089599609375
0.063629150390625 0.131355285644531 0.0223541259765625 -0.103416442871094
-0.0125579833984375 0.240737915039062 -0.3221435546875 0.128875732421875
0.1417236328125 0.263763427734375 -0.37713623046875 0.4459228515625
0.304931640625 -0.019439697265625 -0.06109619140625 0.552276611328125
0.133590698242188 -0.196990966796875 0.22540283203125 0.42816162109375
-0.0862884521484375 -0.1829833984375 0.2596435546875 0.1800537109375
-0.164443969726563 -0.042327880859375 0.185775756835938 -0.0130157470703125
-0.135650634765625 0.0479049682617187 0.0593605041503906 0.000186920166015628
-0.16192626953125 0.03717041015625 0.0354728698730469 0.031951904296875
-0.169692993164062 0.0498199462890625 0.0248870849609375 0.106971740722656
-0.159194946289063 -0.0484466552734375 -0.082489013671875 0.163116455078125
-0.0895843505859375 -0.147857666015625 -0.269683837890625 0.0992279052734374
0.120956420898437 -0.198043823242188 -0.42889404296875 -0.10400390625
0.255691528320313 0.06500244140625 -0.285491943359375 -0.472808837890625
0.0968475341796875 0.231903076171875 0.0721435546875 -0.51123046875
0.00856018066406249 0.156295776367188 0.073944091796875 -0.0749130249023437
-0.027740478515625 0.224029541015625 -0.307525634765625 0.209930419921875
0.1580810546875 0.157485961914063 -0.296417236328125 0.4857177734375
0.22119140625 -0.0949859619140625 0.00408935546875004 0.55419921875
0.0538482666015625 -0.181869506835937 0.1630859375 0.43670654296875
-0.124404907226563 -0.142715454101562 0.306976318359375 0.1922607421875
-0.168304443359375 -0.00479125976562502 0.263153076171875 -0.0179290771484375
-0.12396240234375 0.0711517333984375 0.108551025390625 -0.0439987182617188
-0.141647338867188 0.07318115234375 0.0925216674804687 -0.040191650390625
-0.145523071289062 0.0681304931640625 0.0568580627441406 0.0368232727050781
-0.116050720214844 -0.016204833984375 -0.0650787353515625 0.169448852539063
-0.0541229248046875 -0.0938186645507813 -0.283599853515625 0.0379638671875
0.0471038818359375 -0.0985107421875 -0.372955322265625 -0.230316162109375
0.102012634277344 0.0264968872070313 -0.272613525390625 -0.527557373046875
0.0159149169921875 0.040924072265625 0.26226806640625 -0.469482421875
-0.0118560791015625 0.0764083862304688 0.0773544311523438 -0.033172607421875
0.0052947998046875 0.105339050292969 -0.270660400390625 0.266098022460937
0.0947647094726563 0.0506591796875 -0.2008056640625 0.5118408203125
0.0983505249023438 -0.10174560546875 0.0877075195312499 0.5430908203125
-0.0256423950195312 -0.11517333984375 0.36163330078125 0.38824462890625
-0.120773315429688 -0.049346923828125 0.39599609375 0.083587646484375
-0.109382629394531 0.023468017578125 0.27423095703125 -0.0814971923828125
-0.0783462524414063 0.0756378173828125 0.137557983398438 -0.0976028442382813
-0.104377746582031 0.078033447265625 0.103683471679687 -0.0336990356445312
-0.107612609863281 0.064666748046875 0.0896148681640625 0.0775299072265625
-0.0912246704101563 -0.0168304443359375 -0.0565643310546875 0.156585693359375
-0.0337677001953125 -0.07843017578125 -0.301483154296875 0.102203369140625
0.03912353515625 -0.0596504211425781 -0.44439697265625 -0.185791015625
0.0508995056152344 0.0396308898925781 -0.2296142578125 -0.61517333984375
-0.0119132995605469 0.0527610778808594 0.15313720703125 -0.561614990234375
-0.0647354125976563 0.0380821228027344 0.0603561401367187 -0.0326690673828125
0.0627420307672858 0.0164249933671146 -0.0509336396321162 -0.157898072270659
0.115708000536304 -0.0471243403171228 -0.553595292065347 -0.304492227735087
0.0253580646885989 -0.163361700043478 -0.697672804825075 0.235258351046677
-0.0731295517926106 -0.125726634189069 -0.288141620396801 0.516355585579608
-0.104447137375453 -0.0303874853071 0.098674382436467 0.350273360762833
-0.0737090130297254 0.00982566512242308 0.124364582389029 0.0572056060536838
-0.040587775779624 0.0153570235969361 -0.0370836985533301 -0.0669812381115687
-0.0317702705667726 0.0135717894751022 -0.162321800576511 -0.054918956350846
-0.0267539381110401 0.00572171190013551 -0.227932684156094 -0.0697495923734404
-0.0166264811145106 -0.0244071992965615 -0.213086892221964 -0.190113420826111
-0.00331929689338151 -0.0196901015011555 -0.104638175649964 -0.387312185390439
0.0207885406530783 0.0118861675013708 0.134295574502699 -0.441608634401416
0.00591814193971048 0.0286855317313201 0.343776136732781 -0.292533982094503
-0.026236693719782 0.0213019660288704 0.338927781316795 -0.135290857869793
-0.0208487874326089 -0.00576691867194303 0.177759713245074 -0.178069280792482
0.188292936909417 0.0726694521423365 -0.0622295166797535 -0.174387097673856
0.146713503130902 -0.0595812404392989 -0.633101014293216 -0.122472194958392
0.0903108151607436 -0.219700510640185 -0.710202538939755 0.15511299448553
-0.0955175594281723 -0.180333711697477 -0.147241687329819 0.551610134340922
-0.143855661463313 -0.0405196373595873 0.184267082913884 0.31093170063115
-0.0859792739949918 0.0386908267506949 0.142790784553953 0.01806153155617
-0.030899014641017 0.0474632442961097 -0.0102367372977725 -0.094523199288386
0.0207340224853758 0.0516354913940543 -0.127127800079014 -0.0772387502828471
-0.00275779868121609 0.0612437831228823 -0.199885166248047 -0.052668653805063
0.0424855754028736 0.0335891613080328 -0.222057583078801 -0.172934967440503
0.0126501389695414 0.0723749015252994 -0.120015734051564 -0.373982338183636
-0.0546828016828767 0.0853582869938062 0.100694943088689 -0.430351973304091
-0.0990894380603593 0.0130810769689648 0.300535751113799 -0.305732570135705
-0.0582026771843606 -0.0668992297139316 0.30828860405596 -0.153980635638657
0.00920288441413304 -0.0716327851503927 0.123198212810632 -0.186037024170445
0.0989379686885143 0.0134838368645657 -0.0638154991818454 -0.175203902612229
0.180734977406936 -0.0478281150101307 -0.53413587575694 -0.397449944102637
0.0317330788843088 -0.225011942841149 -0.725999316497219 0.0996373931759069
-0.1421060045238 -0.159243249128466 -0.380760002631635 0.422471145580116
-0.146304855859776 0.0343772648195313 0.00435045368838722 0.326804577890373
-0.0315032671238498 0.0893099693111119 0.0681137934702546 0.083784093953387
0.0570836050180207 0.0704527256276389 -0.0442918338868445 -0.0419572251140445
0.089629264054044 0.0583490585278608 -0.139754238266572 -0.0466618461865139
0.118689229929849 0.0653259630278084 -0.214494760407532 -0.0572281229969405
0.0908599530252381 0.0867344150820426 -0.205910437007258 -0.146272263508115
0.0202650748533437 0.153988725557689 -0.129336877547508 -0.335347436092635
-0.129446930051775 0.142186881936161 0.0533026081585839 -0.409263923332929
-0.177444909694017 -0.00126330230102966 0.246629470630864 -0.47200142295892
-0.0629562507044281 -0.194183121893017 0.328408278576996 -0.207826459867497
0.0504476623726973 -0.127499154546488 0.107276362810959 -0.163371155739691
0.128252164890365 -0.0205762580219605 -0.0879330741833612 -0.165544445598131
0.184147460155427 -0.111743762202416 -0.532845017851815 -0.369538457026486
-0.0306672164781269 -0.261132267744704 -0.690823878491673 0.100361844852354
-0.212798230429751 -0.12555174113088 -0.35690100890248 0.391635446341197
-0.149485915590342 0.102855259857688 -0.00571727533179485 0.301072338146507
0.00758113311772781 0.128753099219415 0.0587351316873317 0.104857152973224
0.101186661027892 0.0890404505206892 -0.0209324929796937 -0.0160257900332545
0.131748536345885 0.0772491492448241 -0.0965664076358082 -0.0299387799221941
0.163241394727893 0.0876073274951387 -0.183177352068345 -0.0155716363674955
0.11402004131327 0.126291875789556 -0.174829557306078 -0.108458349059816
0.0100916048563992 0.203465857028007 -0.135059026987646 -0.285298022616386
-0.179264418328153 0.156514011198761 0.00300757532844963 -0.388244371472599
-0.225863319969404 -0.0418676842492429 0.232424575842235 -0.368078335223169
-0.0722450263439088 -0.168804503417787 0.41570056697467 -0.229352850033265
0.142355264454037 -0.162630094192041 0.135677545607221 -0.122231731672387
0.29933794276662 -0.090297551644554 -0.252290549223742 -0.264030240471436
0.169424240692321 -0.256528634338904 -0.645305038906421 -0.199920899023121
-0.119048451147925 -0.363801282671004 -0.611122525875523 0.283627040112447
-0.292524401225754 -0.109557222488556 -0.251323524043431 0.460217445427233
-0.160683654694714 0.141656353862657 0.0645677950251367 0.309464406360038
0.00800186891389594 0.147524839207293 0.0900063030191911 0.0964248933717577
0.0815879050150203 0.0997068953838295 -0.00732584700624059 0.00138858182444098
0.108625831397045 0.0983156843902388 -0.0650472863516051 0.00215697227232901
0.180675818382962 0.0950123727145046 -0.109441670883253 -0.00971095577913881
0.105976020202034 0.144029181663805 -0.141315261141037 -0.0640245716859613
-0.0138377506821828 0.20200563715892 -0.143373121088483 -0.241722976319374
-0.19160476516244 0.119630375568421 -0.0127966018219799 -0.38767650472479
-0.194474424270794 -0.0712003926924389 0.256270191606988 -0.394123891134723
-0.0365659595294361 -0.149010518396955 0.410790115319168 -0.151102539152383
0.0648041972149754 -0.106230898225632 0.0874368137763008 -0.0556009680657136
0.31613494920464 -0.110163108061153 -0.327446845553247 -0.236365807406828
0.144057476631911 -0.33778525501229 -0.664696788937033 -0.135867054657454
-0.211289802959242 -0.288558707714253 -0.572880314723476 0.317600977270631
-0.288661673920238 -0.00234775866830556 -0.228387570385086 0.47881562772325
-0.0931852337846567 0.183359769793508 0.0180196297118094 0.331199114722827
0.0561759857080458 0.148923122001789 0.113979648651189 0.134631183866393
0.110687690790232 0.092018215648007 0.0337843248831909 0.0380669951279344
0.130088310118681 0.0861335257210135 -0.0209794379421907 0.0299687925452946
0.143600350565067 0.104718188849015 -0.0658159624713311 0.0447328909811818
0.0636979998307955 0.142723413514667 -0.147998265959632 -8.81035716408812E-05
-0.0302389628199577 0.161171085860021 -0.19085735180069 -0.194250697135826
-0.219121299594499 0.0303651263661592 -0.114621864338601 -0.401109359302972
-0.134738505265457 -0.175616706819189 0.201278011870506 -0.477444379795572
0.104142229521801 -0.183867514343875 0.448917093472497 -0.21622316622756
0.0975821194906566 -0.0786552588672987 0.102920297320171 -0.00010667683516868
0.223135824636126 -0.130123992594056 -0.383722332627911 -0.162548465518081
0.039507436676026 -0.282776021577846 -0.645656828372316 -0.0229999427347268
-0.229004167170649 -0.171825158847302 -0.511681777203295 0.367874886496236
-0.209967043092871 0.052064532232085 -0.265944097100989 0.408413964234534
-0.0396674904164847 0.178326294408833 0.0286379036012794 0.375246107362086
0.0790355196432036 0.125906134771683 0.150621361712985 0.196680590367146
0.122565439412671 0.0708655788934713 0.0900069144728404 0.0651048466925064
0.137564394369637 0.0510856237024879 0.0658557559135771 0.0568097052088206
0.14013375197222 0.0740871799389721 -0.00225567988542028 0.0470260251770804
0.0632651427392689 0.0869872764475229 -0.148604761364968 0.018053063786027
-0.0136115960527777 0.099896509740624 -0.162217207755074 -0.24274384735453
-0.0862170120700858 0.0366376221305367 0.0325606854835521 -0.443519977383737
-0.0465323952786554 -0.038753166918854 0.269622939620265 -0.495285673607674
0.00183523233611869 -0.00658517227082649 0.533981540249468 -0.0148280372235782
0.0617369956948103 -0.028527549879581 0.0757863588915534 0.0339759411511867
0.105357728667358 -0.0972306978584589 -0.398745418116266 -0.0841274539724153
-0.0148948990953561 -0.162098266642112 -0.597172272990271 0.0840374018229903
-0.16696019871111 -0.062993491310531 -0.440756410248895 0.41300148414959
-0.114831918614628 0.0775330054717804 -0.124876767537356 0.529412879673527
0.0154825551499582 0.119777747151125 0.166446451809324 0.38817794297483
0.0598966133601533 0.071937457444263 0.203130243892127 0.185146533330213
0.100106608402022 0.0328826743705323 0.144518800010783 0.0758571780937317
0.116781902125947 0.0242011684445784 0.0819461450578182 0.0688393599837548
0.114562449430436 0.0439799358417478 -0.0242045377048721 0.0998520334859446
0.0466430236145511 0.0716210857952657 -0.14230001043731 0.0211967787567615
-0.0184898487530341 0.0761065512316894 -0.23281214157683 -0.218412197456321
-0.0505701899023482 0.0149522054145157 -0.0533202800445392 -0.481709558737289
-0.00776790963159758 -0.0151456497396956 0.360513268203309 -0.527927411002648
0.0341379708883263 0.00697908940073444 0.551996365500515 -0.160528408107499
0.0591335075363577 0.0297179994645192 0.0671764275359259 0.0252780462351219
0.0639935117835925 0.0112710621144144 -0.0685505785073509 -0.153309217260229
0.112716138007605 -0.05360748433109 -0.572821776974257 -0.270265321785179
0.0146860165059235 -0.163733320173853 -0.685710241645174 0.274474513349105
-0.0798382696456987 -0.121295282790069 -0.261007551817521 0.531210174804985
-0.107058111412637 -0.0252436599494746 0.119439548379202 0.347057027782476
-0.0750621209625724 0.0151817122198553 0.128175872161517 0.0548999391611199
-0.0414462681538437 0.0180518816995914 -0.0403930258645101 -0.0559001222713637
-0.0315228524441993 0.0159869804215158 -0.163457388557875 -0.0368353375460819
-0.0262802727240858 0.00848350926400605 -0.228255114998031 -0.0477494335065475
-0.0210199596375981 -0.0232341352490828 -0.222838617303778 -0.171232428146746
-0.00657464505501885 -0.0204741491825538 -0.132944995388275 -0.377149011836131
0.023300464397921 0.00742972847253963 0.102866291317857 -0.447539842860941
0.00676403613484017 0.02604245344215 0.325130093223646 -0.313120192831917
-0.0233641950650032 0.022271750430217 0.331674945049658 -0.153549142911456
-0.0198518598879586 -0.00331077698254761 0.166632496378067 -0.186806608699992
0.192722754883537 0.0573503852567458 -0.075670443426331 -0.169639915133004
0.140096509029079 -0.065030696299452 -0.633920124895662 -0.0789172077202681
0.0754261986054205 -0.22306357641688 -0.70176115797013 0.19576344066227
-0.100667469298998 -0.174631541642393 -0.112523730823722 0.546989307216189
-0.145492568286442 -0.0314602281693351 0.203132791664766 0.291548600418761
-0.0858253294602028 0.037675451817445 0.138825663452988 0.0103822932225278
-0.0292843913665055 0.0473473289995162 -0.0189847579846684 -0.0895163208636549
0.0268377950909059 0.0445660345876726 -0.133912797227721 -0.0648360157251993
0.00216899958868609 0.0610201421364717 -0.200620207894998 -0.0373434011377794
0.0413607689767977 0.0289283864123077 -0.230484404835677 -0.153915452070144
0.0162685384516357 0.0688849897239824 -0.148221590357433 -0.362725243709209
-0.0468705680095897 0.0854251483341241 0.0696330314676513 -0.43387800136537
-0.0974450931792556 0.0178984571122312 0.283113942038073 -0.323743783031977
-0.0610875998799233 -0.0622484697013872 0.300241512916672 -0.172033014625292
0.00573144844171033 -0.070177717080527 0.112905064697377 -0.191827956507029
0.0946995066305131 0.00973671323555209 -0.0796492407678682 -0.17187890885478
0.175150952259069 -0.0537048726259874 -0.558585724578383 -0.363645697334832
0.0194124893060561 -0.218615801461861 -0.720745657492505 0.141503805574462
-0.145073505086627 -0.146841027069645 -0.35802527902194 0.442566078411484
-0.139298353658935 0.038630128409549 0.0237268034762024 0.327212726905405
-0.0256323172334867 0.087242458913619 0.0735507140492144 0.0821637312291487
0.0586924444620229 0.0624261440453369 -0.0469760287211328 -0.0325387096369287
0.0915244820461797 0.0476303358375723 -0.142449719087774 -0.0314375885892715
0.119890903771003 0.0526202956846641 -0.214970069683891 -0.0362196400131009
0.0923311486347329 0.0766293868226027 -0.21316971091888 -0.128803024912375
0.0300587220042106 0.147871007603698 -0.155355191258474 -0.324462009836064
-0.115703232312502 0.146971529599935 0.0255376546190098 -0.409750169768859
-0.173871783539888 0.0101038011828092 0.215086438099498 -0.486756996915578
-0.070123447643359 -0.195420331564877 0.313078450762637 -0.225451735129863
0.0415893373359189 -0.12819432351717 0.0983184937189495 -0.167968658060126
0.120293095699077 -0.0255436874311057 -0.101198567430984 -0.16287531299282
0.174422752658008 -0.116286247515325 -0.556088283050481 -0.337135717087868
-0.0443386175520876 -0.249119974546471 -0.684686279778561 0.139888981883233
-0.212801121548704 -0.10889977418408 -0.335460272109391 0.410804139591548
-0.135702876865425 0.107373925232543 0.0118846869013504 0.30116562850714
0.0163502200175722 0.122969371810563 0.0661390492725569 0.101142749801423
0.1035350689381 0.0770536873280454 -0.0229416696854671 -0.0106533148794238
0.134075008004316 0.0621115682567958 -0.09773762411988 -0.0201835599070571
0.165033749019973 0.0696309473662628 -0.181523566644694 -0.000674622403963858
0.117539344860411 0.113636055243431 -0.179780106049455 -0.0948953039870101
0.0245313719634504 0.196158643746673 -0.15788980857711 -0.275160513183652
-0.163050518933957 0.163786142258819 -0.0203230198345038 -0.387585009744604
-0.223182328641556 -0.0249678997110898 0.212962404984703 -0.381298942478941
-0.0825624782938415 -0.157554853413947 0.420545996478237 -0.259139932980869
0.248481811634775 -0.147550323886386 0.136233659051861 -0.138440104488608
0.356996070069862 -0.0742688407506161 -0.268402339630679 -0.259490370434318
0.128207243501368 -0.210671738433356 -0.640852401431962 -0.153357662208901
-0.143165954225938 -0.349915792180994 -0.584647337563869 0.319161335409411
-0.298117195396786 -0.0872191179718888 -0.218362463392579 0.469304838838808
-0.148447515012918 0.150788657904479 0.0862844997272084 0.297811947308533
0.0196674934567023 0.144960311434471 0.0954981786237365 0.0862072498514804
0.0865283256387804 0.0925752155659916 -0.00740346191802187 0.00460773638882176
0.115071271023922 0.0884835418506516 -0.0556287859095228 0.00947826626964551
0.183591157576649 0.0755410579822237 -0.108343306260244 -0.000354284164319026
0.112549845480564 0.131398994342979 -0.14396818829875 -0.0547465413893836
0.00139080832878749 0.196335894540181 -0.162768894204073 -0.233106709018545
-0.176618046028442 0.128526178124688 -0.0367944051430488 -0.387747261276482
-0.194102412794087 -0.0544258141599085 0.234333210702534 -0.411590174268032
-0.0460643125227677 -0.139890615546028 0.401055295383435 -0.175640113692065
0.0536140744517013 -0.107387336251315 0.0857938379099241 -0.0580624441176123
0.306960265017771 -0.132680542243194 -0.344515665900588 -0.214214895347105
0.120355468268619 -0.3459245200854 -0.66865518279811 -0.0894886421765827
-0.229997715545022 -0.268355368791852 -0.545379697630124 0.351263056524698
-0.287116214131433 0.0182799084223095 -0.194401802939014 0.488026945044177
-0.0789345978309645 0.187656329302412 0.0425707877301515 0.325219570476327
0.0683305661211212 0.143518885728492 0.123067819032898 0.121860296324864
0.115191498796158 0.0834742479052005 0.0358530407639675 0.0370367070728216
0.135275870533778 0.0735594594374518 -0.0184621861180142 0.0320230244563526
0.150522138507841 0.0910246940283324 -0.056869413643945 0.0443056000733067
0.0713677121224721 0.13674566243016 -0.140514880294606 0.00699945983822325
-0.0178272458002526 0.159705970644572 -0.202978883982867 -0.181989852298001
-0.203922677650007 0.0578389994377877 -0.136108848144029 -0.388089954754142
-0.148451274367208 -0.163824770407019 0.169812034564202 -0.482825544135038
0.0891083205664677 -0.188879883168025 0.427193907775973 -0.244425795796757
0.0897405862127651 -0.0847776960878612 0.109301919930864 -0.00137104069669641
0.212216497063874 -0.146549249132165 -0.396426421127896 -0.136401816841091
0.0203052347285704 -0.283648873635761 -0.643216791352905 0.0208718645996709
-0.238387582251237 -0.151566208395986 -0.482394508176797 0.398538533358913
-0.202672877208632 0.067248984762563 -0.239771220360849 0.424552084620082
-0.024666902826146 0.177346911951318 0.0563664510702783 0.368271121060159
0.0882707568114637 0.118045088799213 0.16466735580173 0.179318997272783
0.125984794701436 0.059820478688663 0.0930009793397375 0.0578817217711924
0.138797161718114 0.0360988624980328 0.0665684403716719 0.049904389752423
0.1443333514893 0.059595392477049 0.00133693889675637 0.0429333557234669
0.0680061798828831 0.0795913766751765 -0.133859488195346 0.0243657427258939
-0.00379119019099816 0.0961489855144372 -0.178573637180586 -0.235221070570062
-0.0788864368466009 0.042452183767813 0.00640253670567879 -0.443981821398535
-0.0507001191845391 -0.0286818733279505 0.279137055911711 -0.457899790645696
-0.00107365666569388 -0.00051793803311305 0.530328123646289 -0.0467384282547457
0.0579529384632485 -0.0334636857679431 0.0815488714199255 0.0324511857904782
0.0968959369998618 -0.104833128686873 -0.406450038976332 -0.0573109660641295
-0.0253777732681817 -0.159069146902531 -0.587930589974332 0.122495312198819
-0.168941241532123 -0.0479912764249416 -0.409263111417573 0.437865083581446
-0.108594412367608 0.086279279974272 -0.0859171419976504 0.532040920940597
0.0241366419101965 0.11649476457137 0.192760025260684 0.369666879451616
0.0662014423300885 0.0669352744049219 0.214846990149133 0.165877717884193
0.100982197934648 0.0255079671290509 0.149397777461917 0.0655561736898144
0.117378655231475 0.0129242324014406 0.0869874330507971 0.0611319315096978
0.117003912207115 0.0335944235485345 -0.0129349543157462 0.0981687295667787
0.0510257948520758 0.0695427733298072 -0.135798213267774 0.0293260485094189
-0.012906440264381 0.0775900165246383 -0.24403476853626 -0.197817093096137
-0.0509530448102346 0.018488418007398 -0.0831707073692082 -0.467904582171081
-0.0110201086230837 -0.0134675719917896 0.322200439885643 -0.544550376201833
0.0329479543314199 0.00518969871173927 0.531167324709112 -0.195618961193536
0.0601533956011947 0.0222688850246562 0.0690448200668836 0.0247943545493175
0.0646234872388958 0.00707643162031033 -0.0826993272136043 -0.144681676540483
0.107461949302704 -0.0583296215261464 -0.578095789333207 -0.230221161221176
0.00560568879372832 -0.159435773224103 -0.6574656248029 0.302750011293544
-0.0828688206720236 -0.114276675635461 -0.23049039466763 0.53290039999203
-0.107674699753542 -0.0196312695477482 0.135212123596111 0.335716960032766
-0.0740746496577715 0.0203514153904064 0.129131909592325 0.0503643865769245
-0.0405196251983404 0.0207736329695089 -0.0415483496064662 -0.0450499414577068
-0.0301373728686593 0.0181359938654991 -0.158726657074738 -0.019512099036237
-0.0254795415950702 0.0110874249317047 -0.22092833815044 -0.0276635713893004
-0.0250752969741421 -0.0209376579341294 -0.225429073567338 -0.150369016925062
-0.00953141829002548 -0.0198319129338635 -0.155279630308132 -0.357644673585751
0.0224209480583536 0.00325791511995687 0.07363352413419 -0.441330950893453
0.0077631184032207 0.0227628834326271 0.299751497275089 -0.323436296895282
-0.0203538087929115 0.021903276137754 0.31786506266911 -0.16738120523126
-0.0175799634446523 -0.0018839070402265 0.152633138028779 -0.190591460711178
0.191939928468836 0.0439217878641181 -0.0847270090994693 -0.161221533358219
0.131942509162239 -0.0684637208513718 -0.616282524840858 -0.0344969199657249
0.0605690298113172 -0.22022770073445 -0.676575704430365 0.225377119685312
-0.105946227791652 -0.164066494919978 -0.0778261508135997 0.533458849041592
-0.143732227023518 -0.0223602261150371 0.213727865229528 0.266244878493693
-0.0821690798380741 0.0404985937094074 0.132808856849746 0.00238709038021948
-0.0269679163962693 0.047507090888925 -0.025557764469345 -0.0826795848605521
0.0285719456640284 0.0381239497227314 -0.135679389077326 -0.0514000491123042
0.00662770551486492 0.0592291791928916 -0.196220852629327 -0.0227054885557108
0.0384062893323 0.0244758495132879 -0.232638439683145 -0.132630840843384
0.0190983569848705 0.06365565093274 -0.170820301928117 -0.343311619988245
-0.0392105608884918 0.0829026502619818 0.0410882293132236 -0.426022163857119
-0.0929755848275048 0.022086827949028 0.260166513822134 -0.333750442449622
-0.0623256629080844 -0.0565537533479824 0.2860032493018 -0.183495950818893
0.00294299789604447 -0.067543280718924 0.10037431839951 -0.192418662978689
0.0887578653995622 0.00678982373132841 -0.0921259401250055 -0.164801534814152
0.166389989245285 -0.0564104638086302 -0.566850342520331 -0.324688522610241
0.0100319890372268 -0.206869406132864 -0.699224166332035 0.174280445794172
-0.143354924837348 -0.133352675667888 -0.328959839648392 0.452110074098832
-0.130319063719501 0.0413128804591044 0.0407064723930489 0.319943769449246
-0.0200621535975125 0.0827408188573061 0.0765011763450182 0.0774910154567512
0.0585910086744155 0.0533486170818748 -0.047898956575545 -0.022732692958719
0.0891428592848896 0.0366594873982403 -0.139555152115209 -0.0157151720290678
0.117951876740475 0.0403280360036904 -0.209074669685551 -0.0165934784038051
0.0909267192983286 0.0665794377757882 -0.214425142807036 -0.109905370979219
0.0374143749055263 0.13824468022618 -0.175760552272003 -0.305661987649429
-0.101903300222211 0.147062119929212 0.000147391886247233 -0.401326363032997
-0.166694623795469 0.0199460510439351 0.181535409794408 -0.486489070992494
-0.0719288078545227 -0.196500902486959 0.292717788064608 -0.236844666005193
0.0310549200383383 -0.12470681704639 0.0870644472023792 -0.167547730758659
0.110900030729944 -0.0278230295452387 -0.111824177242985 -0.155390781636474
0.162840237938007 -0.116548484961222 -0.561876844177472 -0.29895119992192
-0.0533067190406769 -0.231603951138749 -0.663272739024076 0.17350117397967
-0.208862585602368 -0.0925980829175879 -0.306478593218546 0.420690177717395
-0.122746480666248 0.107558633805307 0.0276551676482021 0.294170611072036
0.024172789848962 0.114024084006889 0.0705927292316201 0.0945400856936895
0.103205671655911 0.0643370643096509 -0.0234445527647835 -0.00503178296841699
0.131657804226046 0.0485101839866278 -0.0958799015144498 -0.0100759411401813
0.162893698648609 0.0522671724453389 -0.174422785839726 0.0123456181323681
0.117942854346974 0.100226180480351 -0.180517973858785 -0.080078857676317
0.0356301517310515 0.184424832135511 -0.174640968008162 -0.2586348090678
-0.145180057128684 0.166450809317061 -0.0414493254461951 -0.376473475590489
-0.216415968761638 -0.0100000905403898 0.189624457175218 -0.385697082757826
-0.0881855232070233 -0.146354669579818 0.363479809907917 -0.268184147930888
0.247578940369387 -0.158096746450176 0.126291907047314 -0.142503395215803
0.346163529053737 -0.094840969637495 -0.279597063705558 -0.238768645335003
0.112598671278311 -0.205695344039314 -0.627153099508665 -0.111004065453688
-0.160325834251844 -0.328769382045291 -0.548292458085122 0.34197189383963
-0.295712099668093 -0.0655146519558598 -0.184203603657998 0.468368904031431
-0.133982538422028 0.155699266494996 0.101767031209967 0.279145649244619
0.0299674327508654 0.139597794445134 0.0966614138155407 0.0735136668477313
0.0890129447789848 0.0844520249442678 -0.00741826600479133 0.00647603960652744
0.117507348403257 0.0766587884647124 -0.0599151235716546 0.0136929916314818
0.180530374566063 0.0559905363582738 -0.104450115791541 0.00808737931251068
0.114633484218843 0.117431092788196 -0.14321569749418 -0.0450247493497697
0.0146099576782645 0.184859512527892 -0.17678083448103 -0.218278525000942
-0.159503492744766 0.132803334131295 -0.0587553760958319 -0.376487897297278
-0.189081134148584 -0.0386463469767131 0.208991155192054 -0.417406444609954
-0.0521312120603443 -0.127655108986454 0.381514987126189 -0.193743850788792
0.0416100745909183 -0.10520700692853 0.0830836858368664 -0.0594300994626488
0.291005134425835 -0.149826955634136 -0.351678185413147 -0.189064437436049
0.0966567981866004 -0.344887454280879 -0.654998460925884 -0.0478554895361022
-0.240164963420757 -0.244359731772992 -0.507429490738236 0.371522483610687
-0.278082784344745 0.0379899818649297 -0.158463077041108 0.48502865687396
-0.0638159257165385 0.187611464046871 0.0636103479886896 0.310550554935246
0.0780499427687533 0.134650692336093 0.125669574988649 0.106414241179672
0.117311383827217 0.0739125647891939 0.037862314100747 0.0346396658579594
0.13672722877474 0.061166848197296 -0.0162411744205091 0.0326112279267119
0.152483409240227 0.0764374555712467 -0.0501465364154755 0.0428924160730028
0.0778096938088624 0.127955801509611 -0.139851851150696 0.0161568661243873
-0.00644069813125682 0.155037326084632 -0.214695254853934 -0.162638317450032
-0.180247228719845 0.0770248756150771 -0.15226341639207 -0.368392324653482
-0.157278868248542 -0.148601435593739 0.13873844390049 -0.476749580659472
0.0732728076241031 -0.188745478562582 0.397021157408974 -0.261155877403773
0.14413258883795 -0.0977388597774103 0.118769186106438 -0.00679294791006182
0.196720285973768 -0.157021665681008 -0.399326120329273 -0.109256377742
0.00292419403947554 -0.278009424715445 -0.623806870969922 0.0605123679060288
-0.24008975108794 -0.130163256091072 -0.444856933661435 0.414424956148987
-0.190763855270371 0.0796835384173216 -0.208265718522952 0.428958578253553
-0.0108822812628381 0.171153593392314 0.0780406812515692 0.352217132585284
0.0949513172852002 0.107487450731785 0.170835847428697 0.159050515763613
0.125685305867855 0.0492921920559938 0.093939538138376 0.0505549794455335
0.137279950659943 0.0239307504307478 0.0930161062373002 0.0150965709382096
0.143786349785518 0.0443764698460839 0.00377797842804378 0.0378429033824079
0.070617210704195 0.0703451043137842 -0.120431844664542 0.0248134557027267
0.00439879593799158 0.0896372729678599 -0.189772245514179 -0.222792539257669
-0.0693767251658447 0.0459014631614493 -0.0166518559737712 -0.433882565195194
-0.050725084321261 -0.0164916643972433 0.286597845011918 -0.442570520569383
-0.00247149052553963 0.00561493046310661 0.515788575687615 -0.072524732467022
0.0512623242699912 -0.0372383044258184 0.0846565380783006 0.0305243647095728
0.0868390929856185 -0.108029394985477 -0.4044455711719 -0.0302870523840545
-0.0330059495509079 -0.153450941961598 -0.565590174707602 0.155370170833917
-0.165525308620387 -0.0334765643333071 -0.369852809399821 0.448164385513756
-0.0994340799546182 0.0920546842974086 -0.0503986530592887 0.52110124462096
0.0316574129330565 0.11057121531766 0.211089931907685 0.342437375944924
0.0697487703770161 0.0608874219521437 0.219620194338251 0.144477313174374
0.0998028892461867 0.0177190978354842 0.150152182402837 0.0538163868501132
0.114355702029062 0.00265988778602038 0.0894716225804754 0.0523844868058338
0.116287726476281 0.0235621364577213 -0.0027139501564004 0.0931229806635464
0.0544098644554081 0.0654411202219845 -0.12661902600706 0.0353208290293373
-0.00772031228535654 0.0770751087656263 -0.246732161020534 -0.175013530571555
-0.050160102466238 0.0221093285839883 -0.105512567498755 -0.445103233176134
-0.0132054645934269 -0.0109120560370673 0.278165629486903 -0.543713728805871
0.0313849397631561 0.00365577508968216 0.499790359748914 -0.220219184287851
0.0582705344196634 0.0147538941426646 0.0695756239964268 0.0242505965298094
0.0610483909283071 -0.0168997359300351 -0.131383719590736 -0.100242735211695
0.0739579974503762 -0.0888124084525181 -0.61065399668292 -0.0133535156814132
-0.0498096358798093 -0.14227189860349 -0.501795302152691 0.497392909663984
-0.115420552936569 -0.0713074101704927 -0.0354222651538837 0.567462048781165
-0.104213769489265 0.0208872934687279 0.236500293937925 0.262721017017834
-0.0589441207020569 0.0455849636910469 0.136604994982915 0.00209551688489669
-0.0313119815609801 0.0347522838467581 -0.0476096407279853 -0.0223238857345475
-0.0225293838420741 0.0269752177481569 -0.144630634958862 0.0410881212993015
-0.0195404307637453 0.0192889496441906 -0.204125810259649 0.0516736650134921
-0.0319171436374328 -0.00775218392845357 -0.251213097957638 -0.0603725219928946
-0.0165278080078405 -0.0152741311513797 -0.260540740423131 -0.2671405575399
0.0204050117172688 -0.00597467454798785 -0.0765964331591402 -0.42293816008427
0.0119747693973909 0.0165871056337096 0.170742669135661 -0.393962467378239
-0.0133717865479351 0.0271371188524185 0.240229575892631 -0.253703936642434
-0.0154349065446646 0.00489451393695371 0.0802309017162833 -0.218561235456258
0.192890605794196 -0.0306301713726376 -0.138429478342225 -0.11448505274177
0.0950165022877381 -0.104328862215316 -0.570123407878306 0.181024004488889
-0.0220055628909702 -0.215946084266861 -0.538516537962785 0.437429472392517
-0.152611923092816 -0.106392595410313 0.110573786639062 0.505073615851891
-0.13581174434471 0.0314176414440799 0.282449536849941 0.162869509838863
-0.0593485657675275 0.0627782384239523 0.117566731015414 -0.0454759153911765
-0.0104695583983717 0.0523518401094638 -0.0518078534671955 -0.0645700618557902
0.0360020566491113 0.0224326049622938 -0.141234366663293 0.00402412535193287
0.026572762201803 0.0512069953383348 -0.184568799248099 0.0454318558187251
0.0400858195269134 0.0108309684022854 -0.253054075298185 -0.0422642777058197
0.0369821637199332 0.049411608026015 -0.27158708486769 -0.249272817002128
-0.0082089225314607 0.0855621338570784 -0.100618585977524 -0.401802805459146
-0.0785116769736731 0.0488211675256648 0.132182806508199 -0.390603413059329
-0.0776956421602554 -0.0296845018171855 0.204817412698606 -0.258930234611108
-0.0181222558257399 -0.0616266224412406 0.0317685739589523 -0.202910682058511
0.0809234598886402 -0.0205748311859588 -0.146534533741933 -0.117484294878275
0.128239391353507 -0.103383968490237 -0.631662782618394 -0.103520195461842
-0.058718832174421 -0.181848252422015 -0.576442429444331 0.393332041742042
-0.172558220374306 -0.0657051079476508 -0.148743913231136 0.52238957568476
-0.101707665530494 0.0795532913915525 0.140902953077077 0.277130330481485
0.00958880929146734 0.0791747702229658 0.0940830639029061 0.045053720221509
0.0687769647580082 0.0269372030495032 -0.0511421116266959 -0.000376018848743495
0.087761761905016 0.00108424826925519 -0.129736889862705 0.0400233705712675
0.116471448240097 -0.00532520956796819 -0.191022250398246 0.0594559827498797
0.100694708332607 0.0310412858312718 -0.231072580989355 -0.0275479376249855
0.0793751435639639 0.109265420791461 -0.265741950173156 -0.215492992712344
-0.0421838204582311 0.164255179883246 -0.128696009332209 -0.367523941544841
-0.145143919885328 0.0717175245260705 0.00966171701230573 -0.500645460368307
-0.134177610229149 -0.156705267494389 0.190408557410896 -0.304441219057948
-0.0123756878718612 -0.121022859465701 0.0256687431745955 -0.17594997646988
0.087748986335646 -0.059411567566165 -0.159919726165419 -0.102889835720093
0.103810314964501 -0.157618829809751 -0.616817924744632 -0.080976733287404
-0.12444977614356 -0.181908530923483 -0.540869644090049 0.377623817869553
-0.219588545257758 -0.00521223744413173 -0.134671196362011 0.480788153917
-0.0735224799160738 0.138005446656463 0.118981008140485 0.255400270132395
0.0600611481130862 0.0916767303391185 0.0914036457897091 0.0615477989415214
0.114632806305881 0.0209754521405554 -0.0256358365380691 0.00595601161567429
0.129851413077248 -0.0016948376032349 -0.0902903924437514 0.0294329586561136
0.160190502209386 -0.0112153311960223 -0.154192881129942 0.0735815109778093
0.136319792628049 0.0514393287252721 -0.191788217331847 -0.0131067553859082
0.0928275301256574 0.149822721907109 -0.250991387642454 -0.17502584728631
-0.0743007772616548 0.195981086240373 -0.157170732856019 -0.334725772965229
-0.197089057402957 0.0621854427511648 0.0533088087979093 -0.41582119905877
-0.131370021169619 -0.100172187585837 0.228814028945178 -0.32502945812628
0.16699821906355 -0.231866466114031 0.0614144941955471 -0.168427031325258
0.284141008027619 -0.213448688344626 -0.343010037097643 -0.111252272017508
0.0217092120692281 -0.243524140128486 -0.604209705953986 0.118344620207422
-0.260994679450585 -0.235702936751189 -0.365118551225649 0.487550146523836
-0.289040846753564 0.054210792705426 -0.00389283378352591 0.471546179977968
-0.0657607737430046 0.188643030017032 0.177958289937719 0.208419404966649
0.0767515718062546 0.11406542621475 0.10314605628067 0.0307935470111042
0.110734751025727 0.0471041993949368 -0.00781432284259006 0.00854660590803611
0.130305893536604 0.0282993523273414 -0.0515633808199231 0.0358526634794878
0.176659593653848 -0.0144426103909198 -0.0919661902610871 0.0450290832424237
0.139711407185142 0.0667705165963505 -0.148507420873315 0.00545059973803181
0.074546952704436 0.156168395362148 -0.23907913401255 -0.14047627704835
-0.0980677532774031 0.17015972736822 -0.171637981785926 -0.329126246435682
-0.181154834552372 0.0277684824338108 0.0603715468680122 -0.449868307914889
-0.0915132672398638 -0.0924713176640804 0.287425927452022 -0.297313164340524
0.00102566200080374 -0.105588444635673 0.057155244622932 -0.0772411133783368
0.212780912265048 -0.243035534969549 -0.390835552438511 -0.0415084505337194
-0.0406952144533049 -0.348540803248211 -0.601067272055327 0.186835161918756
-0.30293936617305 -0.130396994717608 -0.321089380328529 0.493716273720596
-0.235817387214434 0.140715578890161 0.0187582735631341 0.479470304541915
0.00919518108083619 0.194079850758996 0.154244411119055 0.2516367685638
0.119648677499619 0.0942090813089616 0.140091654413875 0.0520239097942035
0.134380079823722 0.0277956224742664 0.0422490493787558 0.0177262857994666
0.142403016478906 0.00798267048393077 -0.00436006201148893 0.0365862881031251
0.162535584494357 0.0142268928969359 -0.0320174526179884 0.0550649511366513
0.113680453813015 0.0896147604061081 -0.130179649315263 0.0628533074464263
0.0458565708754828 0.146631284872259 -0.260321388988495 -0.0671377668210736
-0.12564249126611 0.128117491610304 -0.250182569227665 -0.286833167063334
-0.194956363046746 -0.0808550843256461 -0.0260902217431692 -0.473013749660857
-0.00226582976591148 -0.193676412522875 0.274749446959327 -0.350673996963646
0.199623206453305 -0.14019528720564 0.116533067623872 -0.0514218515092211
0.123215355907942 -0.21496001193086 -0.404934588334773 0.0453996986759165
-0.101370276459953 -0.25219296431423 -0.538793239275111 0.270568864643853
-0.261636138454168 -0.0263750787849626 -0.254498354735735 0.512126650591028
-0.139491877732958 0.145010675655478 -0.0492539589469501 0.454444530211821
0.0516530502521422 0.159145984437546 0.179988996551164 0.291181129985444
0.125016764704684 0.0645021322678742 0.200208560926506 0.082158174594239
0.13373340603942 0.000467763961899199 0.0991507871512018 0.0122581267429297
0.12932692824918 -0.0271167300712729 0.0839177949631429 -0.0186821760979244
0.142259615744962 -0.0134753057011213 0.0130350289695537 0.0310877904506653
0.0869392466606844 0.0380471689716538 -0.100524514507835 0.0548643711705527
0.0354045825287953 0.0750501397373502 -0.24939458765327 -0.143037306033073
-0.0437094670731145 0.063137177112185 -0.158416167005922 -0.378356827037062
-0.0473421563891011 0.00808239482163969 0.147510512523438 -0.501706938987724
-0.00462046861378567 0.0118771966564559 0.449482819624593 -0.231061207342059
0.0235879067659314 -0.0447480390820908 0.0899291175625667 0.00219389616947929
0.0391121384745122 -0.128302954210663 -0.382542194964437 0.115929482397063
-0.0876732051632759 -0.124080492513787 -0.459117260889164 0.33405311204813
-0.158411251584899 0.0336283451098269 -0.183326785878926 0.523640502837447
-0.0530660698663381 0.123366297998982 0.125634781041145 0.486361666514712
0.0701278612317308 0.0917836285945898 0.301141519668145 0.236468617744724
0.0876964338838235 0.0319096136459545 0.242777199669642 0.0547763581879875
0.0998189001324965 -0.018453848059533 0.152309182819597 -0.00491514487190696
0.103472481654198 -0.0371309215506268 0.0978815856727968 0.0155503520373951
0.11259881844492 -0.0194212863492975 0.0299884986550265 0.0819559661777291
0.072949205736118 0.0420472429909244 -0.102118242387332 0.0703483571846037
0.0197131269624962 0.0730594621021268 -0.276638906011763 -0.0757277329171875
-0.0386835398897383 0.0394029120929842 -0.23522326703456 -0.366315119135337
-0.0182989914248018 -0.00446816884835821 0.0730018019062131 -0.579876757658186
0.0245026504872812 -0.00489390044103616 0.379362857338261 -0.357776083236234
0.0555041324115957 -0.00725175733673492 0.0724022228857119 0.00187478694175126
0.0567261502470723 -0.0186185968009671 -0.136020240597324 -0.0906176428256671
0.0714183901916096 -0.0886989438112126 -0.599970286291408 0.00135497076003026
-0.0509176222686045 -0.13809310119919 -0.485665691531476 0.499932504703394
-0.114805783690744 -0.0691054493405717 -0.0264394870062246 0.563077156139161
-0.103579524982581 0.0234739690135375 0.238578127012517 0.255817833581784
-0.0569558248077493 0.047429977476791 0.135818076224563 0.00156488739923156
-0.0308590640672647 0.036035787554518 -0.0421517115794311 -0.0157615777262398
-0.0216889557826889 0.0278418307208848 -0.135446565705451 0.048139289295915
-0.0188987636996859 0.0201019704826457 -0.192866660551964 0.0595038165036165
-0.0333789349559233 -0.00433009802723155 -0.245470031481327 -0.0499756019578379
-0.0187782757611961 -0.0136904123566793 -0.264303456587162 -0.251725518374094
0.017705849902509 -0.00879739806185637 -0.0875944093095049 -0.412097444760748
0.0109006863384293 0.0154152539783359 0.159047943750895 -0.39245799358722
-0.0126139879807283 0.0254627577272502 0.230864799818882 -0.254653185498955
-0.0141972030182654 0.00501163980712999 0.0735413561707198 -0.215514798221371
0.188783954852662 -0.0381530275880188 -0.139607707203872 -0.108837710414308
0.0943572346309244 -0.110087916664293 -0.54717488107469 0.191997151616863
-0.0254038326978116 -0.210356758224351 -0.522570560947857 0.441188465652692
-0.150662310570362 -0.100147666802425 0.122834575552032 0.487406892078231
-0.126318475237593 0.0440368649278128 0.276761372976919 0.145098837217722
-0.0565060749582187 0.0627379990570394 0.109806408234606 -0.0454704792341199
-0.00982258577406403 0.0514584925177276 -0.0527180555155304 -0.0587285518941272
0.0336568573413236 0.0189708538231183 -0.136966077820095 0.011307071324739
0.0289322620548459 0.0484323057362571 -0.17816405527343 0.05087830918044
0.0370413418406776 0.0111023963130378 -0.246541991816518 -0.031466397130901
0.0355345972097651 0.0464848464831086 -0.275278494094809 -0.232186235655143
-0.00658085112866706 0.0812997743397585 -0.111004947890043 -0.390832797411356
-0.0754505649203305 0.0498631524075997 0.120705449043981 -0.38934014578105
-0.0767229536812104 -0.0269883568062954 0.196284798243729 -0.259433803020324
-0.0189355922486935 -0.0592861992290978 0.0267122688310001 -0.19971834566852
0.0760309751913372 -0.0176088002696785 -0.151234238447985 -0.110426505808254
0.124667639028946 -0.0998096101044763 -0.622290213380776 -0.0886424228631236
-0.055808741412932 -0.172762336422833 -0.561004638011815 0.397328297055303
-0.163661990814631 -0.0617200736131894 -0.137040003788567 0.519181885559681
-0.0966228267235564 0.0762607823824643 0.144363760419942 0.270348681936844
0.0103729851588335 0.0743699327038764 0.0929582337620858 0.0436425722600159
0.0651517755243426 0.0220551600322087 -0.0467287866680624 0.00531196439450118
0.0824226972065943 -0.00373260492786498 -0.122115466635826 0.0467198141759226
0.110153030839964 -0.0113418482736452 -0.181056978215145 0.0668934079798109
0.0966075538331928 0.027101389245041 -0.225276779600276 -0.0181421986802778
0.0784637598271849 0.10152063342875 -0.268826336926968 -0.200205111840216
-0.0361217976961545 0.158411922748354 -0.136831189675028 -0.357793356639935
-0.138577333369567 0.0738807176393806 -0.00435972605543107 -0.491848481996199
-0.138246470554123 -0.14826702058481 0.18085415488911 -0.303253173059098
-0.0166963766853639 -0.115447398734022 0.0225643786273941 -0.172235776193841
0.0816689010245105 -0.0549709189586411 -0.163585568613714 -0.0968512351344364
0.0997360507454316 -0.151945669709321 -0.60865155535968 -0.0668592641189125
-0.119558047745963 -0.170242200933852 -0.525296205416845 0.382063760372766
-0.208309719657449 -0.000211341982422134 -0.123031402535715 0.47771773637814
-0.0662509721791931 0.131979870540761 0.122087510540958 0.248985740777368
0.060848043022048 0.0837603191647762 0.0905235828504307 0.0578540201094969
0.108835635878346 0.0137583568581007 -0.0233044511541026 0.00961333074268639
0.123250067059427 -0.00805640944542457 -0.0866035814256468 0.0344452237675249
0.151664529511913 -0.0196757293102093 -0.146265460378297 0.0769808691010728
0.131424258070918 0.0453585360180236 -0.186901499094769 -0.00571039484009201
0.0934153737252129 0.139980781566326 -0.252955791577648 -0.161724854755611
-0.0661331886538392 0.189750968885606 -0.164747209638174 -0.324629483522132
-0.18790095072857 0.0667422303385726 0.0414995402862023 -0.414777252635807
-0.129503655816516 -0.0920359894903706 0.21623734535597 -0.319460252639316
0.0734618177704239 -0.217961338196326 0.0537059645573286 -0.154864105772313
0.189793039911933 -0.205814642507467 -0.332935096202973 -0.0897137728405423
0.0536150186162193 -0.37234279191829 -0.608442859692478 0.133381314484392
-0.261010832065043 -0.222022832830215 -0.341803402768927 0.481395569796943
-0.280360346304782 0.06309177593408 0.00825463909676216 0.458455892263318
-0.0574190182540454 0.187446630443263 0.17706861796398 0.19410823844705
0.0806765331098859 0.107507477273042 0.0969914352899366 0.0251072370739244
0.109784563585064 0.0427089482050968 -0.00715029308905962 0.00935439727247352
0.127874507111014 0.0228107489919488 -0.0466982738933194 0.0359541896882172
0.167544224213851 -0.0233813109978645 -0.0873195110699533 0.0472307823769763
0.135924318799922 0.0591953440403743 -0.144701241178833 0.00949919426003211
0.0756460732567302 0.145724396981497 -0.24112501998072 -0.12947648658325
-0.0890039494543281 0.165386117779326 -0.178322986398287 -0.320422099925948
-0.172760186326192 0.0336679690933497 0.0478251733661582 -0.446686550827554
-0.0898191656539241 -0.0838096585684096 0.275977128326949 -0.2972396037074
-0.005757775202049 -0.0990859466737656 0.0569139383643162 -0.0768248533459597
0.201017030620587 -0.246343240506626 -0.387392353528819 -0.0277266532890681
-0.0513841028302331 -0.342765075737431 -0.582147840652925 0.199125926311728
-0.299010509844812 -0.118054934953962 -0.299731930296872 0.489100123535164
-0.225468115936049 0.14666091885366 0.0339734423505505 0.464980054571277
0.0163976138043125 0.189910009220466 0.159436117752594 0.236836448304337
0.122017721139621 0.0855101134163521 0.134049131512767 0.0449782727155784
0.132576273619937 0.0225546541170747 0.042179953295697 0.0161779984363808
0.13997317596501 0.00223557520912985 0.00905292956313257 0.0276279489306114
0.158820981579572 0.00565852690272331 -0.0300853354232355 0.0530775846565329
0.114646892042905 0.083384608641842 -0.119630139715133 0.0597383762308183
0.0497120299759425 0.134674280243643 -0.261678356295187 -0.0522110951900893
-0.113434217596949 0.127971673055048 -0.250680239729328 -0.272488248043037
-0.195291482375433 -0.0704829610645655 -0.0365319505960855 -0.458911375716892
-0.0135278021136594 -0.189285303127327 0.288517796218025 -0.30363164671227
0.186470350482178 -0.147087497349998 0.129274517136828 -0.0389078403133718
0.114080750017559 -0.215875583721032 -0.399854706644855 0.0589213833868635
-0.107207901042679 -0.245518421869067 -0.518139397917108 0.279474372170103
-0.255102328927239 -0.0173274610329531 -0.234284618557029 0.50665613701586
-0.128736853721081 0.146630540419649 -0.0340386879651008 0.445460257335366
0.0563566900746425 0.15160946373512 0.185022757987431 0.277808900889879
0.125753856304877 0.0565616522058844 0.192478430080572 0.0670719402621022
0.130660719602333 -0.00531732016007141 0.0999104549679639 0.00784527405090227
0.123265969435707 -0.0341608474656556 0.0776317930335857 -0.0272001865517005
0.134408251350974 -0.023429848002072 0.0110742899688422 0.0263968195823017
0.0844443857326347 0.0320776905796729 -0.0954510746669654 0.0511838547444198
0.0376519360030559 0.0690679739047351 -0.249998501866863 -0.135845580978006
-0.0357554146502863 0.060074804241286 -0.169571985976502 -0.361153699936197
-0.0419738175264124 0.0152015573480625 0.150938031090844 -0.503307914837905
-0.00429867326517498 0.0171347963326526 0.436971914197324 -0.235651780019161
0.00244094035139556 -0.0271310650537747 0.0950645813779367 0.00236084458645311
0.0345315080518757 -0.126808123154727 -0.374920717682293 0.127904194043328
-0.0890803904143373 -0.119475166136815 -0.438788093925393 0.34050984310567
-0.151290893388018 0.038118179680659 -0.163450568071112 0.515704425026196
-0.0468869109567951 0.122585378243838 0.13964065249279 0.470467094151588
0.0725570735335392 0.0871957452213764 0.298644004291606 0.218172152053025
0.0886277955443554 0.0270760586576212 0.236116943813714 0.0444800538002185
0.097464386012767 -0.0222179968704662 0.148619434198228 -0.0113146185485766
0.0995450441771115 -0.041287060981247 0.0954642713567291 0.00953403920514463
0.108921318492356 -0.0242264326069361 0.0330112139776861 0.0741155114610641
0.0747751286309032 0.0395478340034733 -0.0944020284373407 0.0686507686672241
0.0220530986464311 0.0722053350256355 -0.267950342274517 -0.0645057935953545
-0.0384304193331624 0.0428805342499521 -0.236344498352068 -0.346856345257492
-0.0192902091717465 -0.00223252365096004 0.053171526925011 -0.562869071090596
0.0220960557227008 -0.00536282639288053 0.356088213689017 -0.35473339035917
0.0507207719558172 -0.0102871108430791 0.0739189546877276 0.00277882050476862
0.0555051335049834 -0.0207501566294861 -0.142812471347327 -0.0828970599462898
0.0705680939442473 -0.0909053500033098 -0.601176301201487 0.0154034123806002
-0.0527057900440858 -0.137244923658496 -0.478268011584254 0.511181591234487
-0.115776053289634 -0.0681556753960297 -0.0164530888671305 0.56758604065599
-0.104891302863059 0.0272171820980061 0.245777854271023 0.253739070300041
-0.0555602768763533 0.0504280835598943 0.136943860445803 0.000763277622103522
-0.030246111984284 0.038150866318274 -0.0371292882707426 -0.0106622297632177
-0.0213684483675823 0.0294510852851748 -0.127428467330596 0.0558798863858365
-0.0179159403723727 0.0208815682630556 -0.185264034193418 0.067640231979698
-0.0343836578943646 -0.00126033471668417 -0.24372786999956 -0.0402795932466263
-0.0209904183125179 -0.0122081857412053 -0.271890661810446 -0.240990077476473
0.0153255168977277 -0.0114477420678402 -0.101083991516046 -0.408630824261362
0.0102487839666776 0.0139339999630043 0.148742621296516 -0.397998313836948
-0.01225531467715 0.0247065724778994 0.225460178000946 -0.260211914514214
-0.0127749070391916 0.0055280186717552 0.0679708236106453 -0.216998344607427
0.188912992831604 -0.0463788473037408 -0.143906145214608 -0.105750000641987
0.110510084548531 -0.135520458211281 -0.537376686758847 0.201709813524246
-0.0296582052993869 -0.209715444058271 -0.515010863704046 0.452530530936021
-0.15148467108451 -0.0956936354124147 0.131266524685359 0.475763890465802
-0.118268201771707 0.0511784747761603 0.274049197801844 0.132322970352224
-0.0550419170872243 0.0632132211062448 0.103412721094869 -0.0461327104186374
-0.0105168100210189 0.0518706838145925 -0.0542988861080583 -0.0546113977761859
0.0323501541777763 0.0178591343378327 -0.135294030422427 0.018523823361014
0.0331482365570833 0.044328207813265 -0.175471098114438 0.0567228438570961
0.0347068684115394 0.0103672242218345 -0.244382082555797 -0.0213449426250819
0.0351697885455586 0.0445132974853895 -0.282101576457496 -0.220149060869542
-0.00520710262414275 0.0788619867139224 -0.122813497752413 -0.38667060447748
-0.0745558713699274 0.0514728722845727 0.112003535814079 -0.394585802088153
-0.0770885027301551 -0.0250038115692271 0.19014708307511 -0.263763313608644
-0.020165879223092 -0.0574984841946534 0.0217707138503356 -0.199743792845024
0.0736712729775577 -0.0152495375403554 -0.15741337758719 -0.105184706776922
0.123410284456822 -0.0982775215142252 -0.626735010192683 -0.0738306813205918
-0.0536888908201651 -0.16705373783297 -0.554002915828773 0.40733758691339
-0.158301177811065 -0.0598046617612237 -0.128992928558031 0.524818511844036
-0.0942368989095147 0.0746437819538853 0.150747942420029 0.269675111286383
0.0111054517369006 0.070245294619897 0.0935708746468512 0.0435103131135641
0.0621055928395285 0.0183091190956576 -0.043210265100946 0.010643127066858
0.0785327767200735 -0.00800052615336544 -0.115808050395846 0.0544395807178079
0.105365916239663 -0.0170631331707916 -0.174360186294095 0.0754671466766298
0.0940252344527173 0.0242961918785296 -0.222341521527141 -0.00970840554860567
0.0792597250772594 0.0973120620143658 -0.275238042869121 -0.188580714867354
-0.031720902681299 0.156165685234537 -0.148366603267944 -0.354335769703498
-0.135314398735816 0.0778402291477388 -0.0197021435456772 -0.491888168005872
-0.146509836958832 -0.12467384120591 0.177032115994161 -0.307876010365269
-0.0210909550121162 -0.111549999428626 0.0185800134047818 -0.172432537906418
0.0782377369691373 -0.0515286738876284 -0.169994825971969 -0.0929925401584252
0.0971697645211689 -0.14928724549067 -0.611598549802371 -0.0547419661523458
-0.116016500143737 -0.163210464949617 -0.518472668103017 0.392986351008648
-0.201084626523014 0.00329159816266486 -0.113817053750643 0.481588264150165
-0.0678917873152999 0.134735859714536 0.128757365313232 0.247774852550704
0.0624667642321964 0.0762998902613297 0.0902927236407985 0.056054111379277
0.105731758983852 0.00795421545706907 -0.0211955169311767 0.0128692360665756
0.118482227513167 -0.0173572499685693 -0.083562629799488 0.0391772729021727
0.146228529065987 -0.0277986354414997 -0.137150511661294 0.0774455456634162
0.129475786651953 0.0400211804463653 -0.184964650942101 0.00132048870524322
0.0949563857102824 0.13342497358881 -0.258755704450143 -0.151640914028446
-0.0594731034989268 0.18840502292455 -0.17384098499753 -0.323059520605972
-0.182953304715149 0.0729872312670509 0.030210713167241 -0.418775372470522
-0.130914974397991 -0.0855679317938829 0.210160791125581 -0.324063474746854
0.0178271907064787 -0.183509527995164 0.054431344111695 -0.148210325530427
0.264548600175974 -0.232997815158913 -0.347612037414613 -0.0880528719035765
0.0399802648538504 -0.376523833338143 -0.600465598279651 0.147067115597122
-0.266416016843279 -0.212600456104516 -0.326165200054636 0.481615791452583
-0.276807707052416 0.0718428668535916 0.020669913452915 0.452850316858357
-0.049274460785354 0.189629491997781 0.178186408698312 0.18384886630366
0.0856730976291165 0.101889740117912 0.0917634057391067 0.0218633631753837
0.111054784107384 0.0387913075074345 -0.00710186570018187 0.0102923416427457
0.128366670738162 0.0168309837412762 -0.0444353799377449 0.0369282452772394
0.16109561032966 -0.0331821705970158 -0.084668943714639 0.0499010720496386
0.13442790378306 0.0536083879213332 -0.142994008798017 0.0142886623617393
0.0780429627491029 0.138591572169035 -0.246545313539744 -0.120505310264753
-0.0815082111004781 0.164124360114013 -0.188206292479421 -0.319445558164136
-0.167067897726878 0.0402775273929311 0.0369076677333907 -0.451268489223129
-0.0898431214160472 -0.0769305913186538 0.27091484337418 -0.303324121246253
-0.011772862648592 -0.0924641235845903 0.0575801397089657 -0.0786458833159044
0.19290004389317 -0.255556508461109 -0.391185606816614 -0.0142544003737527
-0.0632946052447107 -0.343639172585392 -0.572126153146856 0.214678272319925
-0.301241381882184 -0.106966740161791 -0.283847543956362 0.490290852799483
-0.21875102679725 0.154055298524997 0.0472539376509184 0.459955853603708
0.0244341257517503 0.189609699746067 0.165806187997416 0.226546545112367
0.126195095884081 0.0788083658263585 0.129997003509011 0.0402107105176286
0.13348096699199 0.0175507856235184 0.0422285137195383 0.0147544937324775
0.140356669667544 -0.00326197680117107 0.0183672313034429 0.0136609846795288
0.157028870333245 -0.00180605823789336 -0.0291425473077345 0.0510049659241031
0.11909500987045 0.0796317793873807 -0.108705242546331 0.0470492535955387
0.0533022250528973 0.123340161492195 -0.260499368774378 -0.0441150630365367
-0.0926577442638161 0.121524306024207 -0.257102081122952 -0.264833583867359
-0.198626187658712 -0.061156162962953 -0.0488395903758976 -0.453492220734713
-0.0233321767553184 -0.18736076583321 0.301918737931866 -0.298421153935365
0.175179496580937 -0.156382803536352 0.133948774905823 -0.0359377517545276
0.107586007675978 -0.220619366097669 -0.401475933470422 0.0737135546684537
-0.115828970137146 -0.244504263418544 -0.508534638559254 0.294351997317945
-0.253073092050301 -0.0087593373219052 -0.218605108926408 0.508160519910165
-0.120240168181221 0.149666992304676 -0.0212748170644744 0.446547671102656
0.0617171654680415 0.146759950354681 0.191658874090073 0.269720711536674
0.128746086057177 0.0481365333458015 0.188387640755646 0.0573343015733775
0.131056843809271 -0.00745388728536683 0.0996730894845871 0.00327482592980418
0.118681641414417 -0.041366131582556 0.0721349494312295 -0.0318590675574509
0.129862473049466 -0.0327384734498981 0.00874756726742169 0.022518904265868
0.0834948461610585 0.0264536675234499 -0.0936233659720493 0.0484867533335391
0.0401693107631187 0.0642865369317704 -0.256854927599987 -0.130923299115744
-0.0288528778427013 0.0581111959308257 -0.183783247361636 -0.347320826918363
-0.0362243038270662 0.0210676509527154 0.143735657943016 -0.511370220881407
-0.00385436143447041 0.0226681211175693 0.434468818405831 -0.244124292341261
-0.00657808566701938 -0.018749903127905 0.100954320783426 -0.00084673045263533
0.0314402334655762 -0.128381158557846 -0.374616953264415 0.142132806966158
-0.0930542849739518 -0.118122983195101 -0.427606869424763 0.353193718079148
-0.14715619965498 0.0430968265069542 -0.14764182190788 0.516696799137202
-0.0417887013181769 0.124411259394561 0.154673445592877 0.462596594697841
0.0754861409686618 0.0849009508027417 0.302204098148494 0.20459497384166
0.0906817064700049 0.0222669166559215 0.23462403909587 0.0357663034753328
0.097062753274106 -0.0265324987048215 0.14771119650325 -0.0180217122641379
0.0967971176320915 -0.0459570543915006 0.0949711996477529 0.00411219592126978
0.108163448049493 -0.0299293489882913 0.035207475934806 0.0677712404826977
0.0771435685123115 0.0370475460712405 -0.0888336781193659 0.0683461781501796
0.0252669142878188 0.0724049062153985 -0.264241700765759 -0.0567882317272107
-0.0385826987168736 0.0470553502871384 -0.24138611012506 -0.334852585217765
-0.0206545244453352 0.000365354526380115 0.0340466143790274 -0.5555555255285
0.0192774166556458 -0.00621095073310599 0.340972958346314 -0.356552983283532
0.0478400523665939 -0.0120330067231742 0.0771852796876818 0.00301969074178107
0.053226584690844 -0.0233116070342714 -0.151333084164501 -0.0728434635026262
0.0692519593166867 -0.0952457476370355 -0.606044671908593 0.0395268628856829
-0.0574262597946016 -0.136498112627601 -0.463878096951728 0.535518492259769
-0.119350880386422 -0.0661741690627332 0.00346900087904893 0.578056524979017
-0.106178412516186 0.0328813852214859 0.25921364848563 0.249307199655441
-0.053396786214744 0.0542124040476944 0.139066192209361 -0.00200338564552032
-0.0289670686213781 0.0409033227404045 -0.0323285839520412 -0.00554893790572592
-0.0206908344268852 0.0315925900009212 -0.119102640720618 0.0653504044521316
-0.0168565388360029 0.0219061469056194 -0.177680129887009 0.0795863005996781
-0.0353623391383509 0.00263818050700692 -0.244420920823934 -0.0266201167434262
-0.023042791029088 -0.00984128260451792 -0.284909863826819 -0.226133100657967
0.0121027369480857 -0.0137980165148536 -0.122188709994688 -0.405729636984184
0.00958985900223253 0.0133054501056148 0.131567889660241 -0.408978623331436
-0.0118151354898686 0.0243889416404929 0.217293961964736 -0.271939719808011
-0.0112747970261871 0.00576149653240985 0.0586868228187036 -0.221112447359644
0.18813732780317 -0.0593698027112412 -0.150699882092444 -0.100547265244353
0.134207601017893 -0.16536403607579 -0.52936027204876 0.220758443028388
-0.0383843111557068 -0.209911902713144 -0.503290987710339 0.475370561169649
-0.153196966315569 -0.0828009481212949 0.152600756785573 0.465637250031474
-0.113289868349537 0.0561183046178008 0.27429919108853 0.117166891270182
-0.0491990635356017 0.0667751958376799 0.0975354204266789 -0.0495086738016803
-0.0102997435627497 0.0533615206420306 -0.0575917154547923 -0.0499707199903363
0.0310436489864952 0.0166401342610022 -0.134079664268436 0.0284817385723898
0.0375211283856451 0.0396417348510181 -0.173250989340158 0.0674240441949112
0.0341048398226128 0.0103816342419505 -0.243533564359614 -0.00808334846762013
0.0355679727884453 0.0432177886493402 -0.29475449520119 -0.204845198576019
-0.0026874328046326 0.0769218815239783 -0.144498883704807 -0.38367159604136
-0.072155997501456 0.0543925853413339 0.0935736334422521 -0.405321551107083
-0.0787335075242339 -0.021153007804747 0.181955701514913 -0.274431642289411
-0.022349151763596 -0.0555105145315008 0.0137603381476787 -0.201529644650792
0.0723497316910057 -0.0140588856911959 -0.167459326638656 -0.0980701149483294
0.121965294047316 -0.099360742447228 -0.634240314483683 -0.0525049001011602
-0.0552183691930873 -0.162937394188571 -0.546023721195507 0.432707223900538
-0.155905129222574 -0.0569541653754804 -0.110584826614691 0.538049652904141
-0.0907581236783711 0.0755158162673727 0.163451526955142 0.26854454302055
0.0130404715688437 0.0658627035944911 0.0954186832610931 0.0423396868102468
0.0603148045588885 0.0132384856587649 -0.0389887803311428 0.0156119597835604
0.0749525267186334 -0.0127895795739687 -0.109470786689854 0.0634036249205311
0.101361148938446 -0.024684302555678 -0.16657134981234 0.0866110639998883
0.0939732715218442 0.019957210206394 -0.221443187843821 0.0031931708383221
0.0823665921913413 0.0922839918351359 -0.286580621697226 -0.173346140436584
-0.0240227212565403 0.155812093714433 -0.167977262302242 -0.350347429770421
-0.131009933219175 0.0840086120699806 -0.0449414225423348 -0.49290325105653
-0.150516544752539 -0.097338346522442 0.168398196895272 -0.320162703602419
-0.0267052236199327 -0.108312482436338 0.0116524170836563 -0.174013019531587
0.0745529302376127 -0.0497804360212873 -0.17871331996466 -0.0860385534691786
0.0932837248082335 -0.149649442596006 -0.621126395538059 -0.0309854126877315
-0.116631112600221 -0.156140232405013 -0.511342536719423 0.416422930960145
-0.200285640156565 0.0108977614792924 -0.0949409756289478 0.492878891746692
-0.059643093050017 0.134040198028415 0.140245087929253 0.246029672973607
0.0651094906231535 0.0688186518585673 0.0923930262435037 0.0534606842467988
0.103354709238659 -0.000279426551664331 -0.0188308846732042 0.0156688736191272
0.113679480419231 -0.0263271459817689 -0.080301402687425 0.0471855508517964
0.140041702963097 -0.0382922431141167 -0.131342912683162 0.0840411298962797
0.12941935663275 0.0332885905486931 -0.183453604524824 0.0117882688841575
0.0995446562467813 0.126509732150821 -0.268601838814574 -0.137759272141737
-0.0500192066152903 0.189257597408733 -0.191543346965925 -0.318536455380197
-0.176604205003161 0.0824475830922145 0.0121326303531939 -0.425573517602835
-0.133873462498351 -0.0767566955780269 0.200613873070715 -0.338170711725574
-0.0100806278076608 -0.155364302434765 0.0626344548947518 -0.151609835824108
0.237480147917415 -0.249863063886501 -0.354440987898868 -0.0695948196209716
0.0127573177207183 -0.37382501059784 -0.591416447607895 0.172408806406543
-0.277554925835332 -0.200388259587959 -0.305449931341517 0.491680517634682
-0.274669360701405 0.0870100906370923 0.0400664403787338 0.45022795822554
-0.0386639453482469 0.193124457792065 0.182354384955831 0.173131913382308
0.0918697646193509 0.0945701832321075 0.087865034525828 0.0186835262516409
0.114499939658085 0.0333396716519602 -0.00714657390170151 0.0111168197636556
0.130231847006951 0.00912635393140064 -0.0431492799479534 0.0412431590914982
0.154392802465481 -0.0453310996290607 -0.0819655893363306 0.0552694583779711
0.135387189517517 0.045349410648883 -0.142718043339736 0.0212767433205755
0.0829932329267523 0.131054976975868 -0.255494561761713 -0.10875976934089
-0.0721257273407453 0.164835433471926 -0.20763571178479 -0.315088896786916
-0.161121919999469 0.0496210679951869 0.0163965207278473 -0.460874311481407
-0.0921804329720811 -0.0679530781814459 0.262373053259596 -0.316621626163169
-0.0191056066468692 -0.0857302555232925 0.0568403741906158 -0.081132803687256
0.179463718419796 -0.269871964694916 -0.397166970928301 0.00618980719426554
-0.0836120020638915 -0.346167337895568 -0.563832430613086 0.240529386603817
-0.307976454103591 -0.092896996967916 -0.263403371675763 0.500901050989242
-0.212518669903508 0.167167750423314 0.0688031772129674 0.45713691680175
0.0365560023939843 0.190597103773627 0.1797246149281 0.212413959854227
0.132060384852064 0.069091547311043 0.127640147050148 0.0348341496364907
0.137114718004708 0.0102200923052404 0.0433180617545841 0.01231758530438
0.141102385256805 -0.0121778333012835 0.0191602612095122 0.0043377828801293
0.156684386703986 -0.0130321636405442 -0.0284692803618331 0.0494316729144033
0.124629762846555 0.072331681857277 -0.106106577009481 0.0447453318181279
0.0593443394483649 0.11852774425315 -0.260962808984807 -0.0324257387719936
-0.120037002138135 0.144938350665601 -0.264246262308036 -0.249324391640887
-0.205256043813639 -0.0479761817106339 -0.0674935280511972 -0.448788914972144
-0.0355662015503613 -0.186295323571205 0.288748717948617 -0.312068740376035
0.165340385200999 -0.16949187176111 0.135401723873039 -0.0409755092943865
0.0979430384821608 -0.230360335897555 -0.403269306545852 0.0972034566384165
-0.131325780488001 -0.24239150216157 -0.496213165280435 0.320323638302917
-0.254223616081796 0.00374801698080601 -0.194535589223911 0.517141072295915
-0.11108266978683 0.156101452443682 -0.000257426431741675 0.452718548807881
0.0710605185298889 0.141892584625246 0.204225499815014 0.260893166648144
0.131792950507374 0.038592857434806 0.189471438990264 0.0474831278174211
0.132196830179109 -0.0156373417748074 0.0988344239704659 -0.00237825190272178
0.113955982534361 -0.0502678558684447 0.0669385611624898 -0.0368983271094749
0.125105522734893 -0.043736980701186 0.00582963604656392 0.0193277173713598
0.0836451436289573 0.0191107113363297 -0.0919868738841704 0.0498107557049452
0.043831887892664 0.0596464383679599 -0.267175919392245 -0.123164707622374
-0.0217628982326856 0.057856759296108 -0.201022142140696 -0.342843845951027
-0.0309917189636363 0.0273231486353523 0.131639925058275 -0.527164935997017
-0.00250131515775663 0.0296996419383498 0.432025070844581 -0.262015144774322
-0.013583298039865 -0.0103649977401022 0.106599079358121 -0.00665858087751318
0.0261413656597595 -0.132377347064587 -0.3731037897051 0.165184071742967
-0.101143863259906 -0.116392501121745 -0.413248238388442 0.376314555218179
-0.14422274765848 0.050384884645851 -0.124178205971547 0.523642367982664
-0.0340926339895953 0.127498353743265 0.179211375406795 0.454629818169404
0.0822318317343538 0.0808418774809461 0.310425424070047 0.188073534410538
0.093148781653282 0.0156313142495201 0.234386758184776 0.0228467292863351
0.097472250204604 -0.0327886352346492 0.147077917157114 -0.0277094566549876
0.093732865968204 -0.0530750219395284 0.0951085663181075 -0.00210080200017867
0.106673337016566 -0.0374429899244467 0.0382855694483497 0.0620694148660616
0.0813026184257227 0.032758808092165 -0.0827332752282378 0.0689471571456665
0.0306378998262419 0.0732289469853925 -0.262574792759817 -0.0452441470085328
-0.0367087791737887 0.0520998150241119 -0.25407904274909 -0.320384001703775
-0.0220664787195081 0.00321953127849974 0.00838720656711773 -0.550316880681401
0.0165002117716414 -0.00618140818014081 0.324445636212118 -0.368430748997032
0.0446905463624465 -0.0146709830584576 0.0808043674328524 0.00161077273541189
0.0504017543561471 -0.0274727901760205 -0.158694575049583 -0.0586727382387294
0.0646093707993639 -0.10029992514012 -0.603428321762596 0.0744657253651003
-0.0646605392651436 -0.133956368369206 -0.436095758270147 0.562716202692063
-0.122788143434461 -0.0615846188704307 0.0345251139442052 0.582223334560246
-0.105633226870875 0.0406478602128214 0.275068040596037 0.237651385591304
-0.0500850895764404 0.0584888093739331 0.13931007856132 -0.00710766421052647
-0.0258307773050015 0.0439629452310167 -0.0272541520387357 -0.00191396691620639
-0.018274123184615 0.0341249859103966 -0.107540044356402 0.075090959543324
-0.0160485059731673 0.0233225388001119 -0.166054386168416 0.0920808798687276
-0.0357415222130287 0.0069424418592204 -0.242145605222945 -0.007770582681203
-0.0247416540505664 -0.00752406995043729 -0.298446705477126 -0.203310664667747
0.00878830750682509 -0.0162285436477191 -0.149066118701554 -0.39421934373286
0.00942221111243971 0.0118506157863015 0.104820832342276 -0.416647530366396
-0.0106696265141586 0.0243319719234395 0.200944084869694 -0.283722838493271
-0.00944828848825573 0.00693791205894577 0.0441626192795662 -0.224054214916186
0.182464094575268 -0.0761694821632587 -0.157203570507303 -0.0921603965615132
0.122859498789733 -0.174752589943803 -0.506816153923381 0.24671738093705
-0.0509920980623756 -0.207713842440742 -0.478654627267768 0.504344176723291
-0.147624034698476 -0.0649210145638037 0.174483202048389 0.444466163291921
-0.106565470518004 0.0619595171825735 0.273119665693509 0.0971177194005998
-0.0449904203770912 0.0681335347140986 0.0895331109115152 -0.0510658926309222
-0.00903014165579389 0.0543625083188228 -0.0613859332615691 -0.0441638290271845
0.0299778637844755 0.018010137362712 -0.129156664261444 0.0392691041309272
0.0411807844914135 0.0331295829051567 -0.167068936050612 0.0799472462355869
0.0333086432734864 0.00910804266544663 -0.240043977311977 0.0101066710872871
0.0371195302793225 0.0405934255235691 -0.306720567098665 -0.18091196199505
0.000638132853464847 0.0747353366698162 -0.169977310218699 -0.371127279690501
-0.068520942168412 0.0589015333699409 0.0655887917960583 -0.41052501335025
-0.0797494127453339 -0.0154019792032844 0.165562279665137 -0.285004875108994
-0.0245682273027186 -0.0524137853415639 0.00148024183355528 -0.201546740453739
0.0695576913078546 -0.0148712177124881 -0.17640903198284 -0.0855336595116812
0.117551714469772 -0.103118542696614 -0.639331439337034 -0.0167642512843079
-0.0588931641598897 -0.156726462540884 -0.524033397719746 0.463101713454837
-0.153261774601803 -0.0515186279939795 -0.0828771268728752 0.547284879738538
-0.0852323150387798 0.0772408204639752 0.179654624082372 0.261454170152344
0.0154211097158577 0.0605401521293942 0.0977985795346963 0.0396598632901532
0.0574853629259587 0.00775141526655647 -0.0347924588509044 0.0202567927335473
0.069422022076887 -0.0186900428218372 -0.100038578455748 0.0722451643570542
0.0942630402444484 -0.0331332696084874 -0.154731584813707 0.0999431593553418
0.0919613855806458 0.0134672675329701 -0.216844436305349 0.0196170974890279
0.0862982020070377 0.0848525721382952 -0.297021616275297 -0.151079742667871
-0.0143811041554987 0.153417534949345 -0.193211479598626 -0.336056650788746
-0.123534888669084 0.0914426430866312 -0.077230868714774 -0.486795280555786
-0.152015239947891 -0.0751600225397307 0.152366786411637 -0.335536999008824
-0.0338661793696725 -0.102317075118314 0.00167776014885234 -0.173459884818074
0.0693679737060578 -0.0489951395175049 -0.186096905979677 -0.074106406899132
0.0846272062328775 -0.150600750978112 -0.62257091160268 0.00389469584466465
-0.118786673032959 -0.145596911050087 -0.488924552385837 0.445256289690442
-0.193931375098866 0.0199014433863121 -0.0646337665536255 0.50088163575093
-0.0453436400233096 0.128077776839602 0.153076206266165 0.239026257370952
0.0671678109527809 0.0590209759449799 0.0938481004616912 0.0495916699919836
0.0993796300646783 -0.00985537281958769 -0.0161935712584029 0.0182613587507873
0.106738686855826 -0.0362904790014677 -0.0750880960533224 0.0549888255990359
0.130408756486339 -0.050282257784398 -0.123122536230139 0.0953532490869982
0.128050445236228 0.0238193207913749 -0.179514048951063 0.0250699611335723
0.105485424993749 0.117303599449521 -0.276975134560095 -0.116750209050792
-0.0367998422398057 0.188443713558634 -0.213085625652407 -0.304105056157363
-0.166814927742688 0.0932390498495485 -0.0157361574955396 -0.427632442755149
-0.13714345296818 -0.0653545926508994 0.181801849247914 -0.356985601948925
-0.0262805826091207 -0.136653486444955 0.0941320314823181 -0.165298436893412
0.221717500844864 -0.271549019231867 -0.360315521561708 -0.0448833130986484
-0.0121034654237051 -0.385131242068163 -0.576956754330345 0.205623906749997
-0.290165284048169 -0.181356012585483 -0.275056293262202 0.502702746054006
-0.268007972376628 0.105149753688289 0.0675722481576686 0.444918665000538
-0.022154596617248 0.195254101598396 0.187413924613992 0.15819441226367
0.0980271515223871 0.0848793925606385 0.0839864796549699 0.0154153503902245
0.117507696464626 0.0239775177408729 -0.00763944747021771 0.0116591828049004
0.130648537724866 -0.00084622332421433 -0.0395590955887785 0.0440270268831319
0.143793833525203 -0.0587673777669705 -0.0767998963423724 0.0616825595042231
0.135467256170438 0.0335065754862893 -0.139703858694963 0.0311160972619962
0.0887973224934371 0.121037711270904 -0.263167754413297 -0.0890603338541606
-0.0586142563013687 0.164669545660725 -0.230391737661695 -0.301155838875068
-0.151493199160481 0.0596465678164364 -0.0125313985848037 -0.462952018966555
-0.0932689762076761 -0.0574694851708053 0.244474139503404 -0.331751965133079
-0.0259820583772328 -0.0773369360738593 0.0538608017886673 -0.0846599942923416
0.164358835328634 -0.287553917290122 -0.398498544384203 0.0347371805236019
-0.110749407249572 -0.342323405704178 -0.544107162055689 0.274641508067025
-0.312808581611427 -0.0724026932300523 -0.23104563485117 0.511054198810632
-0.200112695444791 0.181827062587786 0.0967443672442806 0.449127366133824
0.0524901536690352 0.187277811812219 0.196378811491065 0.189856593687545
0.136952651726664 0.0558963348294166 0.125773324673149 0.02840236089602
0.138188058637292 -0.000534082885699752 0.0428725616237603 0.00910249451592028
0.140389266777353 -0.0236027351283969 0.0173619243253175 -0.00311459629021103
0.153181932928845 -0.0269787116529907 -0.0265478981502502 0.0511470950199127
0.130257108104314 0.0618434364793572 -0.1024453855728 0.0486319047131103
0.0673850617245503 0.114384540094511 -0.253682004556142 -0.0305725649528269
-0.116738534863275 0.157696846988949 -0.274031891080596 -0.227201321429987
-0.208877413215175 -0.0303545531163301 -0.091234286551834 -0.438568497327317
-0.047463480352173 -0.182224509457526 0.215812022774445 -0.355410829350442
0.151686374060157 -0.183756727772082 0.134612924156675 -0.048902671410054
0.0819221154526156 -0.240708344837432 -0.399472639927428 0.127132355569686
-0.1501307450279 -0.235549488266952 -0.473218906199649 0.352025647576331
-0.252228217021386 0.0205114849891897 -0.162397276687604 0.523698436774408
-0.0976714849652358 0.162159786965643 0.0308612047085293 0.450932450704183
0.0811383180217414 0.133967291736415 0.21948356382298 0.24536292211275
0.133277152415365 0.0255037752548727 0.188064300355933 0.0336651201826174
0.129929583381163 -0.0290047933857444 0.0989595083162832 -0.010981243959944
0.1062038504607 -0.0604669166222586 0.0598023295052592 -0.0419873607925125
0.117082703693299 -0.0557751394470577 0.00291219327861784 0.0174037622204821
0.0823382035249008 0.0100875622808476 -0.0876132130653372 0.0598604824808329
0.0480541072201764 0.0532833156391883 -0.276812685886837 -0.107690844332008
-0.0128149695786422 0.0570996618845432 -0.21636271493558 -0.348064524922462
-0.0230975986868149 0.0322864940602853 0.105665535253123 -0.537348840017866
0.000137363039272464 0.0365730166595556 0.418470868238372 -0.286362197418143
-0.0180059797408408 -0.00143544167003427 0.110615482761397 -0.015091665447257
0.0168826266126571 -0.136610815641333 -0.363965162354793 0.194040835860883
-0.110753661271332 -0.110507728206918 -0.385150779164707 0.40391345566123
-0.138972268216246 0.0597810093344625 -0.0884579768917199 0.527729561887953
-0.0239888200820683 0.129337227604788 0.208909722469473 0.436530636673733
0.0887592648034426 0.0744076295403583 0.318692592015123 0.163284922481971
0.0945696841499901 0.00646836081698071 0.232172178217927 0.00660441293375444
0.094567367610175 -0.0411865743885966 0.143556875958703 -0.0396165258090133
0.08817948707379 -0.0602348832646831 0.0931992137193376 -0.0106076438088382
0.102682001760777 -0.0475236493964335 0.0413362643802692 0.0556831106299407
0.0854508346974244 0.0264348761928546 -0.0749867337316279 0.0698605608874199
0.0371598081521424 0.0717527234156216 -0.259461955204359 -0.0289270073886367
-0.0353312241624988 0.0578018253470841 -0.268269265695289 -0.296486182062028
-0.0232833024232376 0.00633950453389984 -0.025933411443117 -0.538239443134556
0.0136431251102264 -0.00573593874732948 0.297183934609663 -0.380281575029726
0.0416797251785834 -0.0182030116170114 0.083670665679425 -0.00146157355279199
0.0391835172323323 -0.0355293303041649 -0.1636731820401 -0.0222799212875686
0.0338136259036935 -0.100662797109819 -0.565827604248853 0.176264483182054
-0.0864430016212515 -0.105288243309913 -0.319857716165305 0.613003043817396
-0.124918302506147 -0.0289103176878642 0.135225101630052 0.558727968872676
-0.0863353598412953 0.0606793962835731 0.306618523988576 0.183089972221094
-0.0347710658184094 0.0626360731199897 0.132538395050149 -0.0281584885460336
-0.0176882286455242 0.0489053639804191 -0.0212967761421142 0.00156639032848826
-0.0119936622629526 0.0384308869071882 -0.0840580462208007 0.0890890726733429
-0.0114268356324083 0.0279038399883978 -0.140909291562305 0.115009158060907
-0.0329177807816934 0.0176666698081694 -0.232029059194072 0.0287751181691321
-0.0278118043912909 0.00151343399395237 -0.316187650617365 -0.148485785540354
-0.000847804865543915 -0.0148755710614612 -0.200285097457332 -0.357844851752674
0.00331564172543541 0.010883630132802 0.0403600031206089 -0.418941986557587
-0.0105654138091913 0.0262817006248767 0.157753427750513 -0.304866243865676
-0.00801105878817857 0.00735776607925833 0.0123838232462725 -0.220935788505375
0.154616177449816 -0.11154966894035 -0.166923372341899 -0.0535991801398043
0.0757865902380946 -0.179549983727583 -0.430953666621995 0.322115628879582
-0.0888612177346396 -0.178241088104568 -0.372190617650151 0.565524945167321
-0.142172771586528 -0.0301143203099047 0.244797227751 0.387695876076501
-0.0827554930763189 0.074106155980757 0.270009938100051 0.0429457541028701
-0.0343888106889413 0.0686168827291538 0.0720767712303077 -0.0610544629469721
-0.00238874065105929 0.0567414034304826 -0.068070119551539 -0.0312417778816166
0.0282415868710008 0.0287829026822792 -0.114660341265298 0.0602249864300898
0.0451895325895779 0.0221750028134629 -0.148291289684132 0.1049406859302
0.0329861829666093 0.00668858679854591 -0.228382805294212 0.0461722858288686
0.0394005308283725 0.0356776932550852 -0.321528981962012 -0.126225752266958
0.00741976301754908 0.0748620021336356 -0.21793121747444 -0.335472450518413
-0.0620893865176951 0.0690067465676952 0.00675542590250522 -0.410804333388517
-0.0823137391901708 -0.000453208977141007 0.12152325674392 -0.299930314042846
-0.0323484178273665 -0.0462018043516305 -0.02699024085922 -0.192623476265526
0.059321159940968 -0.0227911797801962 -0.186042443923023 -0.047509546953773
0.0825802267340174 -0.108291375674665 -0.614905813501553 0.0945996619657547
-0.0813432641620418 -0.126798787240161 -0.421803194303212 0.531948412576227
-0.149111912125242 -0.0153020317058691 0.0186578800578251 0.540416881453232
-0.0617100051573842 0.0872491614395275 0.215415877755381 0.2224744553564
0.0243206847749188 0.0516055636842082 0.0988349381302525 0.0254959917231028
0.0534573926713143 -0.00406268848259259 -0.0286372986776908 0.0275482804110428
0.0594293202595222 -0.0273204670142816 -0.0779175769315146 0.0875371989686636
0.0806799677601929 -0.0464490273148866 -0.12887147135333 0.121643529859746
0.0893402270157245 0.000148924277861368 -0.206058508134428 0.0524094874459722
0.0933103911751227 0.0681854679572446 -0.308795765625168 -0.0985086342255642
0.0082305505913853 0.152735244848454 -0.234655297979343 -0.301162046967376
-0.108180811141178 0.111393312488122 -0.142904432597292 -0.460126492739588
-0.156990509645779 -0.0390862305126325 0.103017505029917 -0.350122621252278
-0.0493173139950921 -0.0923540943959586 -0.0235760052401072 -0.164475776695192
0.0527982868858051 -0.0535651901016504 -0.191445929546594 -0.0360908091705421
0.0438041640188781 -0.146870698987086 -0.595511321465914 0.110833563396026
-0.136278413766706 -0.105379492243914 -0.389436452880819 0.506853590653315
-0.171788630252543 0.0602340746051574 0.0236115499445031 0.486909792296145
-0.0141539893569864 0.126153154542395 0.183598752917954 0.2038252408719
0.0729813000820462 0.0399210795101523 0.0951258860586334 0.036199365687768
0.0908724052229895 -0.0305011172590718 -0.0144173908115453 0.0235988716937225
0.0907003892699169 -0.0510844534117216 -0.0600694952728007 0.0689119583361829
0.110934848501725 -0.0706016905834191 -0.101391242518627 0.114894491854873
0.126000792667277 0.00206508241448915 -0.170028465918387 0.0510171437967059
0.11762424814062 0.0953099574268707 -0.285691396118766 -0.0703158770277224
-0.00581460437196577 0.189597948866049 -0.251727032773204 -0.268499349747085
-0.147818165087558 0.118732070138751 -0.0730870238140134 -0.415301371254821
-0.145165936597201 -0.0357229356314119 0.129650030928821 -0.392600659846941
-0.0509001542224739 -0.115239784595911 0.129919894848642 -0.180353584508697
0.126265795044964 -0.287546292263523 -0.341704461583737 0.0332523454288729
-0.0998253690960917 -0.353068501059374 -0.496188445080906 0.295689701267683
-0.313272173107238 -0.107326935787858 -0.163510728724417 0.511412148868917
-0.230819817259372 0.161611934129013 0.142335032100518 0.397246192354522
0.0219764488047562 0.190765883725099 0.19424928646544 0.116818297653175
0.109414458144237 0.0597820049080091 0.0754178100050333 0.00609984867216862
0.119461482188965 0.000741674654592787 -0.0112218981097567 0.0144464489017923
0.124804708479607 -0.0228696527733845 -0.0300363252656913 0.0514753030398246
0.121886063232808 -0.0820640399828415 -0.0631681716908418 0.0730841723047261
0.13402129740137 0.00857685989833713 -0.132133899250494 0.0503853625229264
0.101360596496069 0.0994838735931299 -0.270010431530011 -0.0470913856748286
-0.0295941507786511 0.169996778276633 -0.266616490595638 -0.264374922174269
-0.136802208296747 0.0845905902075557 -0.0742384662697276 -0.450294706006091
-0.0997341165608415 -0.0348612425382318 0.193302732445003 -0.355029799290928
-0.0377994656586867 -0.0649185337389429 0.041080955088122 -0.0872687813089362
0.0909495987100639 -0.306163415305129 -0.367513792895369 0.115802416162109
-0.183656357788354 -0.293053956472375 -0.455517094624025 0.354269131508886
-0.312500101449423 0.00122472647296684 -0.124982690621016 0.510056958977461
-0.149057019280242 0.222639354749271 0.166923053267222 0.396434829415081
0.0934637047909301 0.17046060995038 0.217435009065411 0.13517545961562
0.142993923051195 0.0249620080934425 0.118588878820695 0.0121068766783328
0.13617212248508 -0.0287444032238703 0.036017374690124 0.00414238201061783
0.13021804336753 -0.0475403484243932 0.0135984309532225 -0.00465787743419231
0.141180455527649 -0.0553923121333149 -0.0176180653639361 0.0628892772204724
0.137698845194031 0.035803627287534 -0.0930710887041516 0.0770417984720933
0.0824162182391329 0.0957475732260622 -0.250125277951484 0.000689006311207773
-0.0634967372153946 0.16273917078119 -0.292813407212847 -0.187421997981668
-0.212821903894139 0.0137812855786456 -0.14217067204304 -0.403911726837963
-0.0818970270364444 -0.164296632763114 0.140771520285417 -0.379056619217188
0.11449851431684 -0.207885709923223 0.118828426290254 -0.0649272951877168
0.0248398520904116 -0.244626970283999 -0.352702775766603 0.200911658140558
-0.197868693244613 -0.182466360256733 -0.3776337922204 0.414311122155645
-0.234947186780395 0.0776518147198043 -0.061667616007501 0.513078814818343
-0.0548160915432915 0.179826732050381 0.103156519080351 0.420268388556903
0.108592167637441 0.113266160347458 0.245725509791308 0.200361789927107
0.134163066795963 -0.00397342473589433 0.179237172221647 0.0037924616387362
0.123536268829925 -0.055577097312701 0.0943027327784341 -0.03753037943581
0.088012924786024 -0.0764953402341332 0.0465568462056725 -0.0482120144295166
0.0981567130441255 -0.0772300447944388 0.00209704704152523 0.0174139824400308
0.0791859818948001 -0.00672334168461682 -0.0750788850617753 0.0887580789700621
0.0539691839882535 0.0427260552276152 -0.2867787906024 -0.0650398563932613
-0.000914674879917594 0.0586057791272903 -0.257514793222829 -0.32864566194294
-0.0198137220893432 0.0382627736414173 0.0209342861747284 -0.531356847651499
0.00223754209311873 0.0409476139258285 0.37266672916877 -0.339107849074877
-0.0148601910076252 -0.0072131208313983 0.106309960852155 -0.0317366375900086
-0.0148428916056524 -0.12978608130846 -0.310964027711701 0.254804443686558
-0.132125430923327 -0.0719610962299828 -0.290363322674107 0.451070449550494
-0.117100785605359 0.0916165862684143 0.00570088746492431 0.509603420971127
0.0105034391253454 0.134351965654347 0.271100516269831 0.376776533671433
0.107786656179774 0.0529830760014324 0.327369519918227 0.102852776101935
0.0957940720273104 -0.0156856457116449 0.21937934470576 -0.0294908954143826
0.08618650965738 -0.0628075730416592 0.125426040471315 -0.060875136916314
0.07413230768509 -0.0738210977050811 0.086793774507093 -0.025490949317944
0.0907997386680337 -0.0663612815284412 0.0471833076272881 0.0453195939363859
0.0899884797869621 0.0100169538065391 -0.0621772632290022 0.0745431773915163
0.0501436705363135 0.065632520997813 -0.25063734819998 0.00765051846200774
-0.0267282058736648 0.0706353391700083 -0.292592514453802 -0.246619587895281
-0.0303239544825299 0.0156686397244455 -0.0976612330005622 -0.506396940977911
0.00479646329468685 -0.00504474452776358 0.23266600917109 -0.406465333432873
0.0355821050491902 -0.0262342501595416 0.0818956608844891 -0.0106517274768682
0.0352433107975692 -0.0366464846370007 -0.159273817896718 -0.00870668892239151
0.0278888690512016 -0.0996594054961364 -0.536512501940263 0.193263964022719
-0.0877513202248495 -0.0990451902732251 -0.284929349990175 0.60313349124193
-0.123347163312301 -0.0249251304877548 0.153867965592737 0.537644402501172
-0.0804195694989797 0.063513362056943 0.305999382301092 0.166152849244864
-0.0306517722686276 0.062441288986074 0.128711378366687 -0.0298938075605077
-0.0142315849410697 0.0486043843230613 -0.0158468248513973 0.00346843543098287
-0.00939697144105327 0.0382949564541758 -0.0698096025709633 0.0893678187920211
-0.0101338450881671 0.0270520377497435 -0.123005492723029 0.117439514436723
-0.0305018699442711 0.0198793811162751 -0.216923461777094 0.0411093923957314
-0.0266864805610726 0.00354148685260907 -0.308634277915417 -0.122452723055576
-0.00397281756698224 -0.0153044503157957 -0.210706743324307 -0.330170449330816
0.0021852786703853 0.00974514138500296 0.0180848534674085 -0.402808346960786
-0.00847663023326058 0.0252072283641291 0.136682263518103 -0.299581487869605
-0.00530086756653196 0.00630978425433494 5.10575704559616E-05 -0.211111391069232
0.139140055317948 -0.118408954870306 -0.163713974553948 -0.0449585952693604
0.0609080498252266 -0.175496337344135 -0.391418129997972 0.321340500839929
-0.0952812044876867 -0.167254314703936 -0.339057086930956 0.562581992916544
-0.133993246583216 -0.0256545468513822 0.247503588626792 0.354208776823671
-0.074468084786758 0.0723724995911521 0.253774274052553 0.0291762920248613
-0.0324579080185773 0.0672865744757205 0.0652781753427626 -0.0558111876515153
-0.000888702657805937 0.0559254200473361 -0.0678566452759671 -0.0230020235347625
0.0227160607558484 0.0456160206016753 -0.10396364726315 0.0653084197056809
0.0423847591065064 0.0152141758162714 -0.134565286904253 0.109832443152927
0.0305961687894525 0.0058196511802136 -0.211699766604702 0.0569799178680864
0.0383159350726711 0.0321221208262508 -0.312405202048656 -0.101043717622914
0.00858360989693909 0.0697361359688983 -0.225933814901337 -0.307251597012862
-0.0564176868562735 0.0680759119110601 -0.0159894774140104 -0.39273392100645
-0.077743518062003 0.00445827980156109 0.102721832762988 -0.293249031148773
-0.0312872268868846 -0.0426743580239744 -0.036014756398097 -0.182617879982204
0.0549414958536214 -0.0207430581918378 -0.182541557287117 -0.0347802099245828
0.0765043085151397 -0.103343622146239 -0.588177298515712 0.115860859150079
-0.0787459997728692 -0.117772959067799 -0.386283691641343 0.529873808227208
-0.14046634213541 -0.0129939325567804 0.0424152295421695 0.523180189643203
-0.0561233602834665 0.0823063698217631 0.219752882388026 0.207187095972215
0.0223533699920096 0.0457180600210856 0.0977855640255679 0.0229358881602724
0.0470805324573931 -0.00793227325318712 -0.0227934900621123 0.0298123317171902
0.052282045592892 -0.0291320909667363 -0.0653796044765254 0.0882886008299032
0.0694012952206536 -0.0487396103830049 -0.111078371777487 0.124389069232771
0.0837377630932435 -0.00463569863948757 -0.190653362008218 0.0610958958917681
0.0906167148015376 0.0590836464797099 -0.299586077186702 -0.0756299574140868
0.0140117016243067 0.143284955939482 -0.240756194833245 -0.274536521780254
-0.0969433198727527 0.110745883365174 -0.160257882371483 -0.430595921424224
-0.148106446237206 -0.0252436923520258 0.0827157593525411 -0.348864497586125
-0.0504585764490839 -0.0859864101386702 -0.0306487330514532 -0.155825992705826
0.0468671174774653 -0.0490098831344974 -0.187307327174194 -0.0253557409860344
0.0371225597104773 -0.137671122140855 -0.568154848503214 0.131318181363288
-0.128201894575941 -0.093820995056641 -0.35436752094221 0.504464225406219
-0.15952828890468 0.0629338238296147 0.0468510273908124 0.471255045382559
-0.00722166264071432 0.116578116259351 0.183624894208694 0.182235707883545
0.0676941255326708 0.03097935745245 0.0939245139724852 0.0323797294659314
0.0804860034815931 -0.0357584164429924 -0.0105948518471849 0.0248670162974431
0.0795720297275019 -0.054774522744079 -0.0515790643170281 0.0695572475361501
0.0961693346785979 -0.0738467583680564 -0.0872273311201657 0.11501581631082
0.117482771856374 -0.00489540678689278 -0.15682813569071 0.0582438479408251
0.114332937221798 0.0822544637934701 -0.27753239134513 -0.0499209672845798
0.00336321161771805 0.178286484314857 -0.25445578930804 -0.241335462095724
-0.133188514395501 0.120283142157297 -0.0929044367923204 -0.396151034344486
-0.136380253387834 -0.0236534266262501 0.11163609573569 -0.402117486617133
-0.0552224438942945 -0.0984254906542424 0.172056797044272 -0.182540345701705
0.0357879210856418 -0.174110434603335 -0.308633095415688 0.0430862864483803
-0.119636017477562 -0.335323540171431 -0.459204380651239 0.301587075700064
-0.306918460146918 -0.0850295063433467 -0.133667115245024 0.490410758110587
-0.212063104357629 0.169635938845669 0.154440913999225 0.369871330390678
0.0334930552717741 0.180388408030358 0.1875546332111 0.101763359817089
0.106581672845729 0.0489465254898313 0.070978631436241 0.00523458797920426
0.115298255042696 -0.00741540220865855 -0.011045175943744 0.0162741101533763
0.118380677000628 -0.0303385730981381 -0.0260143307917516 0.0519703674756543
0.105001225530957 -0.0848191375356716 -0.054137605117945 0.0741431487392371
0.124909523218021 -0.00069852181897205 -0.122447789323327 0.0547443535765377
0.0986613072305582 0.0869500456220127 -0.261729215073724 -0.0285607440467834
-0.0193148806938052 0.159934106449521 -0.26937661618075 -0.239206183609755
-0.121832065709311 0.086171926977773 -0.0917239572306079 -0.430922642548196
-0.092168043133022 -0.023682005814727 0.172297503806381 -0.351650327330548
-0.038435582167987 -0.0543491392348569 0.0369602976744693 -0.0853590215509196
0.0468524729454547 -0.283800170190283 -0.343540305368567 0.132113457793654
-0.196847068418906 -0.270446280491874 -0.416700558142863 0.358898322857035
-0.30090456048754 0.0190220713024762 -0.0965439097738265 0.491953672556877
-0.130914936875238 0.224012392435463 0.180173645843289 0.368457125314261
0.101909112949752 0.156984214391576 0.214821834755141 0.112796861890984
0.137134970235943 0.0134299245145126 0.11275816383144 0.00776147133951861
0.129689108296263 -0.0378485021552966 0.0336851968731639 0.00315689258809163
0.122066991870329 -0.0549024376133451 0.0114040184109897 -0.00257979125543083
0.129083902888389 -0.0637077177287815 -0.0139337902193412 0.0710518918366215
0.132604220523585 0.0235973453805237 -0.0841673079198403 0.085250882463006
0.0814664942301668 0.0833242785479218 -0.239510492924033 0.0118861358444122
-0.0459362965393301 0.152597090497211 -0.286104707365689 -0.164897705466018
-0.204143795050963 0.0295833505306378 -0.149158423746712 -0.374838272493748
-0.0894721384565361 -0.150365094137677 0.118589252699474 -0.36438334336868
0.0933424390340721 -0.209543864939578 0.112972895609774 -0.0667928887629417
0.00749454926982531 -0.240116119235146 -0.329382470665226 0.216080557490467
-0.204442254742441 -0.163800762246597 -0.338967277432043 0.416866381872489
-0.221839838722599 0.0875960564656392 -0.0341675065877963 0.492595642519875
-0.0416881721439812 0.171071927277995 0.122015555666375 0.396848212797359
0.109661321378992 0.100011119222341 0.245825381447196 0.178981822744218
0.126091758779604 -0.0144264036265102 0.167397082111028 -0.00785433240210673
0.116879074828542 -0.0612056843150491 0.0865236015422889 -0.0457378528244119
0.0761829542632406 -0.0791436972999765 0.038349417404108 -0.0478045585507226
0.0844149806821174 -0.0807295419591902 -7.29417561269996E-05 0.0169319938363238
0.0738424634060876 -0.0127187964020841 -0.0653538942854602 0.0837075140746015
0.0547302965615768 0.0369443858869461 -0.280929140522773 -0.0494806943744345
0.00624567540586246 0.0526472743446659 -0.264232584891686 -0.313204218019139
-0.0126862961597561 0.0376881698625178 -0.016512354211227 -0.495501934617484
0.00774637177615642 0.0455356361361051 0.345910267573281 -0.342599315106678
-0.0136665201900465 -0.00648544155346239 0.10320475251639 -0.037442731653765
-0.023119941132394 -0.125749427459775 -0.286394959829146 0.265438075796003
-0.133937849703462 -0.0607218739002601 -0.252998577784156 0.448006341336055
-0.106922688006666 0.093645746686552 0.0316635218051275 0.485020078572553
0.0186989058566488 0.128331910360205 0.280843840209553 0.342558849841694
0.107029402027256 0.0433409467516394 0.316343735838547 0.0799033421049035
0.0898394397858044 -0.0220728235556905 0.207227156451759 -0.0402418278382084
0.0785085567073353 -0.0668932777617401 0.115699626430272 -0.065921327272959
0.0661558897594288 -0.0757745087324675 0.0802752965533323 -0.0303373084228897
0.0814540992676431 -0.0697538949152163 0.0464811552469729 0.0380408679249534
0.0875257265344394 0.00254026491489385 -0.0537820014662288 0.0689657122419522
0.0537983392032998 0.0603736559599685 -0.234174947987864 0.0173614510189292
-0.0208460123738008 0.0725255354559437 -0.283790034574624 -0.217099980273468
-0.0295200741511804 0.0194165292759607 -0.113861939094847 -0.470466750203092
0.00265810095706556 -0.00303925774202985 0.201578115569567 -0.392553665922378
0.0304629286492109 -0.0288267436905684 0.081720089906736 -0.0115302028936305
0.0326580175705595 -0.0373525385853525 -0.155053442650471 -0.000809386438281734
0.0248693895269493 -0.0979838824418708 -0.516174085055292 0.196596175095901
-0.0870250090427615 -0.094843401600007 -0.267020147022502 0.588805145862888
-0.121447808822779 -0.0232248456357363 0.163411376977696 0.520951309999268
-0.0763545542530644 0.0643226966247838 0.303699586722 0.156158434759244
-0.0282098285024429 0.0618269291275392 0.12664026054439 -0.0288664104652793
-0.0118886663565259 0.0483053988408075 -0.0109422020506457 0.00420503800248303
-0.00707358720011687 0.0380451940472805 -0.059109102617449 0.087408326577003
-0.00909354599681215 0.0268726955676089 -0.108819908969168 0.117086592291786
-0.0285487535796222 0.0209342514423151 -0.203475974872393 0.0467841882204385
-0.0261525694230626 0.00419152970829931 -0.298999333502024 -0.106460580984687
-0.00662475801972963 -0.015531544228608 -0.210528020893696 -0.309797133483761
0.00160113488409284 0.00947195203620991 0.00608442556528992 -0.388754212731176
-0.00637677035004701 0.023762010900188 0.123784497823113 -0.292303637787708
-0.00327668850924558 0.0043029940809034 -0.00610473574550552 -0.202308948425479
0.127236739080363 -0.121234747573688 -0.160055446939779 -0.0411461488677373
0.0521761137612669 -0.169781547037056 -0.364843280083843 0.309848092585293
-0.0962290173850463 -0.158377475992475 -0.31244022525718 0.547683606902038
-0.127748749890038 -0.0248671169424078 0.241064304626358 0.330123656400172
-0.0700244368834203 0.068634957109731 0.238860183391157 0.0229570074935607
-0.0312606408919065 0.0658758865282935 0.0616044713831156 -0.048234627905527
0.000947762301092432 0.0545622909679258 -0.0676007087991429 -0.0162681166278229
0.0239755028984909 0.0428891930969856 -0.0969873985097883 0.067948210342241
0.0396323494065403 0.0113039458314378 -0.124121666088018 0.111430367584115
0.0291335945826596 0.00502814794380445 -0.197807161038125 0.0613344739381858
0.0364403493147375 0.0293448770709935 -0.302057775047859 -0.0858044787051863
0.00782664014635815 0.0660082652305093 -0.225974657359608 -0.287319736664549
-0.0530928064800697 0.0666574877792525 -0.0264758713150655 -0.378419031659826
-0.0730949490078888 0.00608175280644644 0.0916242615860991 -0.285519021865891
-0.0296792753968744 -0.0403037845289965 -0.0399309080779135 -0.173725180335119
0.0514107684506924 -0.0174741937719371 -0.178934672955751 -0.0272137877208211
0.0736997929678192 -0.097412676849006 -0.569126624556917 0.121156414488643
-0.0731881258197361 -0.111609019724625 -0.366264167862762 0.521272134331821
-0.133025064977336 -0.0140659693121685 0.0543727085708876 0.508435555679419
-0.0537393412593555 0.0767742514403215 0.220395189399944 0.197160527149448
0.0189720576303424 0.0407269671366257 0.0977405702229462 0.0230450446557723
0.0409481516165246 -0.0092406836356153 -0.0171048767905118 0.0309867577902635
0.0462171470724432 -0.0295989788573629 -0.0559417929410612 0.0865487133440759
0.0610074490777276 -0.0479229651425324 -0.0971560157185651 0.122810898339093
0.0778268611139903 -0.00646771433701259 -0.177460295590189 0.0643566030458571
0.0867998348719601 0.053068550898475 -0.28905278734728 -0.0610809259910507
0.0168330295513798 0.135854444875581 -0.238723703230191 -0.255629748488038
-0.0892604369318063 0.107929316008027 -0.166872177593985 -0.409320489991874
-0.141046680127065 -0.0189857661489459 0.0708810275775902 -0.341542616119724
-0.0493258537053335 -0.0835351058453371 -0.0340836882168748 -0.148370057002787
0.0431546364732548 -0.0433348754713097 -0.183511085492666 -0.0196866857575688
0.034994495842037 -0.12867539601527 -0.548866845928177 0.136072430143689
-0.119689569781296 -0.0867643644987542 -0.333919138088879 0.495852344162575
-0.150488335236577 0.0613576860280839 0.0592653155762992 0.455904664995465
-0.00471872237401249 0.109318234608833 0.182685930021789 0.170388140662689
0.0613904941742823 0.024725172545869 0.0926168187721417 0.03035632498966
0.0713360878974667 -0.0389022933437195 -0.00803058871016875 0.0259592882174573
0.0701384760417281 -0.0556784201750262 -0.0448982055503319 0.0694296318164873
0.0840443214619934 -0.0731625569997625 -0.0767953889396781 0.1142898586676
0.109756739329808 -0.00834941495524054 -0.146155435953172 0.0598198282903883
0.109034482244416 0.0739415846752179 -0.266941841537117 -0.0385146307130013
0.0082091732706552 0.168298393747449 -0.252365211945302 -0.225726733315875
-0.122005744819971 0.11792866053161 -0.105944060803485 -0.379163102532967
-0.127791781004748 -0.0166845003720209 0.101068045237851 -0.399771013782709
-0.0546668564060459 -0.089028558310516 0.161398762433914 -0.184610809019551
0.0226874176433488 -0.141171691494739 -0.294528130916586 0.0479502617412519
-0.131120317506437 -0.316187740529424 -0.43252290116334 0.297410399335422
-0.299867102571236 -0.0703475063222117 -0.119425206240002 0.471393044240128
-0.198268904846924 0.173226698954503 0.159335850756304 0.348152298153794
0.0402415591209239 0.171899958797991 0.179415236647132 0.0928830122735112
0.102888446593322 0.0411746199184649 0.0664348681985866 0.00561164796836965
0.111235521719585 -0.0126649383471193 -0.0107001901827417 0.0181399991922781
0.114120004116605 -0.0357369045824372 -0.0202682116809167 0.0442218455030241
0.0914754155331376 -0.0848091061286293 -0.0474486579585148 0.0733792655017312
0.11583344982228 -0.00571594026386022 -0.115428252574562 0.0552326259647442
0.0940686570418307 0.0778814232989913 -0.253006396855821 -0.0184429748646123
-0.0135493906577216 0.149437029232863 -0.266971605093737 -0.222256082123779
-0.109647461326522 0.0843017164640166 -0.100509545573913 -0.41601160193465
-0.0836108038893582 -0.0170697566339227 0.158659286313426 -0.343600433696547
-0.0379342113056179 -0.046212532200069 0.0351908150550009 -0.0829204056895221
0.0487660072723336 -0.29804313463838 -0.332395435639466 0.140917393767793
-0.203294300952612 -0.250210110410277 -0.390960467139376 0.353441641482155
-0.290163464310157 0.0299294133781527 -0.0815937382024988 0.473053092905582
-0.11702124051045 0.222516217335569 0.184138200371026 0.345255140525175
0.1053356257181 0.146274616466538 0.207004499962037 0.101485244760345
0.131101979088244 0.00567034736173841 0.108565346494093 0.00604560297773312
0.124604289293832 -0.0426412045096153 0.0320344178370494 0.00266867899642272
0.116025333422788 -0.0593060279761724 0.0101296071443638 -0.00092445740427993
0.119380701483819 -0.0680680942446956 -0.0114879822713757 0.0745154001564718
0.128664667205187 0.0163680086122552 -0.0772364083316813 0.0809446302260869
0.0772013061602487 0.0720359426743073 -0.229914777427968 0.0186350177603066
-0.0347088096407491 0.141765383723357 -0.273901247254957 -0.150086434935752
-0.195108116336728 0.039967888567745 -0.14807431403286 -0.355337115172205
-0.0924957010755538 -0.139302870227324 0.10787048239296 -0.349180959150707
0.0774094361715253 -0.209182977617915 0.110138336946021 -0.0666482842125425
-0.00349997655875701 -0.236201150251204 -0.312017530374101 0.222903657850296
-0.206721321031503 -0.149802336055888 -0.312721142009836 0.409305069231031
-0.211773472337925 0.092926119725504 -0.0199861471494561 0.473696253935877
-0.0331297249201858 0.163684376142847 0.130363680253459 0.378395456177365
0.108184567176576 0.0900688907469661 0.241753089648029 0.163840227412211
0.1184336928087 -0.0206248857763295 0.156255389854504 -0.0156678437263137
0.110791003191375 -0.0645305970409271 0.0794960016294197 -0.0501826821646995
0.0669488614050468 -0.07908124337848 0.0321620814368136 -0.0466250798600283
0.0730804262212364 -0.0808920810985703 -0.00193580302346293 0.0162327056589179
0.0694303311482796 -0.0161025714979488 -0.0594572470271065 0.0774227792373222
0.051615923597418 0.0296084894950635 -0.275355966130795 -0.0395063105131722
0.0106465432173564 0.046345626740719 -0.263117660742466 -0.2978893119363
-0.0109208364647344 0.0357801048586182 -0.0610063799571196 -0.442161353640593
0.0131064381038268 0.048934844396322 0.32974877621716 -0.339568024015113
-0.0156694899943965 0.00112655404007777 0.10317501645144 -0.0380005233285992
-0.0286814212171772 -0.123518757821579 -0.269219282634564 0.27052725404268
-0.133238150160478 -0.0524812125706411 -0.22874745079542 0.438252960204589
-0.100613111937636 0.0936285235882154 0.0442023347111743 0.46532248588381
0.0230647991844734 0.123010754568239 0.281462663157743 0.318262772215342
0.105295210703323 0.0361907879909498 0.304646668313174 0.0650892860335507
0.0845063304294027 -0.0264966358122806 0.19600336268108 -0.0458882709436718
0.0725893717596891 -0.0680018316554396 0.108336603936076 -0.0686817072064376
0.0603074684950917 -0.0760803738598455 0.0751878993705238 -0.0329014619000108
0.0746674813421094 -0.0713930653620897 0.0451784204906055 0.0321167105381329
0.0850413067691502 -0.00166537896199912 -0.0482795491711945 0.0621056841539398
0.0559319134270751 0.0565344682971411 -0.219722171714417 0.0200007349862421
-0.0156743839321545 0.0746701751796092 -0.269220486219728 -0.200565746156559
-0.0289381228586035 0.0230852388649072 -0.116397928000803 -0.440817648488705
0.00140066833876599 -0.00186652277618768 0.184033615954229 -0.374617158721484
0.0251987572156577 -0.0306399469583154 0.0825106766000955 -0.0106382690351049
0.0308171854862107 -0.0376350437531577 -0.153447518646654 0.00520546594509978
0.0233308528372046 -0.098010455053119 -0.507112552570774 0.197651222849122
-0.0867602979668368 -0.0932836832091504 -0.258895934397724 0.584386409067029
-0.122390471975042 -0.0232132927062595 0.169040582852246 0.515772778346811
-0.0751889482985348 0.0653964133714457 0.304953987055642 0.152782744535978
-0.0266493923614746 0.0621465592147881 0.127857169193959 -0.0274381486820462
-0.0104156086740439 0.0484993810538061 -0.00699512237428098 0.00475639014941827
-0.00560335264368211 0.037745245203961 -0.0511920921496414 0.0857871230735475
-0.00877124401239184 0.0268708138002962 -0.0990128178761301 0.11579001273901
-0.0273090568680354 0.0216066688710319 -0.194505029705171 0.0496250090778528
-0.0256839307671961 0.00508191319870509 -0.292771203823297 -0.0969308517213105
-0.00912132926543294 -0.0149213963110648 -0.210712041098398 -0.297193883379549
-8.40670956277281E-05 0.00923466739447851 0.000243852916158254 -0.380588851230196
-0.00484769776790395 0.0226229752345416 0.117332664351184 -0.287653640781996
-0.00153535449486174 0.00210556863872655 -0.0103082674276776 -0.19709864399642
0.119817754942806 -0.124925396385556 -0.159894450901504 -0.0397612862801717
0.0466950574857966 -0.166452855369497 -0.350997335803965 0.300872871334041
-0.0970753013237999 -0.153409149840763 -0.305681506593909 0.541280845834994
-0.124457154845409 -0.0265856467481993 0.235033661288886 0.315179239778784
-0.0686809397610867 0.0661878490322514 0.228357035175466 0.0209070068053767
-0.0298606811649433 0.0653323145596957 0.0595346025453193 -0.0426062958035577
0.00182975784625261 0.054723830015932 -0.0673709675966638 -0.0101746123521534
0.0248390592099309 0.0415823177290334 -0.0922674523202468 0.0710159923423671
0.0368730689845344 0.00971405749742268 -0.116707381986144 0.113446854629984
0.0277880858283982 0.00487916106773179 -0.188880291660627 0.0639905486833651
0.0347927794159578 0.02787462573429 -0.295159049949119 -0.0763333385925822
0.00708323287673648 0.064282318854853 -0.224696565704374 -0.275860954525184
-0.0509726535618942 0.0661813374380653 -0.0329407791244115 -0.370188761418263
-0.0698370186940448 0.0071966718035143 0.0859596913058739 -0.280725358572563
-0.0284399113607322 -0.0397799424125672 -0.041801007515043 -0.1685926293064
0.0495596720534968 -0.013985537009781 -0.178541416144847 -0.0226199558159678
0.0742444636543965 -0.0920666307530116 -0.561507335165116 0.124823550323212
-0.0672238163416748 -0.108333757213121 -0.358342267220283 0.516482121979757
-0.127879237315628 -0.0179477127951669 0.0603875669275493 0.502610908022607
-0.052970996043808 0.072249800156467 0.223328233720006 0.192913147985572
0.0154584329413705 0.0376811648145447 0.0991601491545544 0.0233946496765051
0.0359894375616302 -0.0102255068565442 -0.0129439176538821 0.0320456303086685
0.0413972262742421 -0.0295665263733706 -0.0489112976093692 0.0856952392221953
0.0548249960380359 -0.0466742096338205 -0.0863225651369964 0.121301592895751
0.0739317223049541 -0.00750895481290743 -0.169270835451149 0.066010848112209
0.0835775855661883 0.0498172281860624 -0.281898819187601 -0.0528467494479654
0.016939452067402 0.130750011760318 -0.23763262780403 -0.24487299622354
-0.0853142567294995 0.106273990536843 -0.171864568115965 -0.396191106558757
-0.139857290133791 -0.0192153591399665 0.0652677472263998 -0.332260850912259
-0.0498085322336256 -0.0864745720417751 -0.0364517673909023 -0.144270231513067
0.0410318281662365 -0.03839505082039 -0.183008190215709 -0.0172613338119131
0.0364172565764047 -0.121283733630838 -0.539979402173827 0.139458804681055
-0.111874997328186 -0.0838519331840851 -0.327272071552554 0.492649070516827
-0.145372952312968 0.0596235633140055 0.0670416192351897 0.449973450889293
-0.00452108671256702 0.104554038339261 0.188408801242772 0.171197299412065
0.0558582006114175 0.0202176936661395 0.0923970856332315 0.029716034326912
0.0642705537340473 -0.0399734043922272 -0.00514713095910519 0.0268539444677121
0.0630192969532729 -0.0563417559566134 -0.0397858831956123 0.0691903507659335
0.0747170794206418 -0.0719760398524254 -0.0690161120536328 0.112829717173993
0.10360006848204 -0.0105243701374407 -0.139616343421069 0.0603934406110949
0.104835232920466 0.0685766090782056 -0.261613049083022 -0.0297470426700251
0.00965343584650667 0.161744376842951 -0.251039937477841 -0.215083332072553
-0.114870199772876 0.116199743654409 -0.117489139846166 -0.372440640008568
-0.120790083665276 -0.012774956157131 0.0925442471298067 -0.395040764744569
-0.0542586323594228 -0.0827989948154815 0.152761232256327 -0.187998880712875
0.0183597732269839 -0.129089489702885 -0.288280752133825 0.051573955816403
-0.140127913791048 -0.306283711988096 -0.41920885356851 0.291927353283184
-0.296934839884332 -0.0601158359487675 -0.111151786600621 0.459129472027508
-0.18955043611266 0.177421261762368 0.162252035412322 0.333754040065732
0.0456871429385124 0.166215836972188 0.173621093307559 0.087627350046225
0.100387519609706 0.0365612767179908 0.0633702627591745 0.00673688186251281
0.109790891845368 -0.0170913468597524 -0.0105721050432474 0.0204752762005708
0.111852918489171 -0.0396742575645764 -0.0174866044199436 0.0389063724978486
0.0815702332271715 -0.0835401894539675 -0.0425003641493827 0.0729209468531338
0.109334726012096 -0.00896890169004352 -0.111094352475438 0.0551032319286085
0.0898191544109593 0.071821353986745 -0.248348185824151 -0.0112109194649003
-0.0104889889036041 0.142226440474862 -0.265849072780014 -0.213617685620848
-0.102424164600395 0.083354190599527 -0.105191141575139 -0.409231089057333
-0.0765104304628987 -0.0129302098733988 0.153617713525594 -0.34073273717592
-0.0371914047513028 -0.0397347216630719 0.0353981691922922 -0.0826736555454956
0.0396710451862274 -0.30306668027695 -0.326592163251437 0.147849220688785
-0.200926792948677 -0.221936320814301 -0.374936599025573 0.348179154758864
-0.285322900564372 0.0376773060888624 -0.0739666208770464 0.462501793113605
-0.108045604757098 0.224780682521833 0.187893136651701 0.331372357852871
0.109186893561337 0.139433946962031 0.201897294207021 0.0943877883976309
0.127194918106109 0.000521304756700387 0.106455672460372 0.00566368018386281
0.121944702275117 -0.0481504945938047 0.0311460842078027 0.00308745720311902
0.112384762794045 -0.0636891010076931 0.00826951688954139 -0.000357393743705799
0.113009686576332 -0.0709232276124057 -0.00928313659532836 0.0701486098031353
0.126528306093048 0.0108811112099583 -0.0736715449607823 0.076469926409632
0.0730617450027196 0.0643874092405577 -0.223132455957831 0.0265316204961904
-0.0353389548195047 0.150896188110601 -0.263389896393316 -0.143641542557645
-0.190569428791994 0.0488139925749564 -0.143670309984994 -0.345096509940429
-0.0951550964783111 -0.133018151189261 0.101591540319103 -0.337060944599161
0.0645555055553065 -0.210663370753258 0.109586515416581 -0.0665951552452869
-0.0134589049410402 -0.236126911594711 -0.303967024292949 0.230149498600794
-0.209881794646134 -0.140618132885326 -0.29808359734666 0.406313166631097
-0.20641040320063 0.0974610847292588 -0.0104405223566816 0.462821493822255
-0.0271242351989762 0.159179528544539 0.138193847700401 0.367364491315042
0.10757269288614 0.0835964096598607 0.240441797141046 0.154944306379426
0.113518482481643 -0.0246193829395924 0.152265091885984 -0.0180113822784385
0.107245523010743 -0.0685771807442798 0.074023486765221 -0.0504424313538975
0.0603769511620269 -0.0797237977121238 0.0273563208841738 -0.0461763031706027
0.0640309130647516 -0.0808161645310538 -0.0041479043011072 0.0166957229364937
0.0622867381182339 -0.0195507437252172 -0.056684854838904 0.0722951854209249
0.0482883454802241 0.0223725133295237 -0.273788976079113 -0.0348230789684558
0.0143617796386173 0.0410769625494784 -0.263156795284762 -0.292743704190914
-0.0106131443458171 0.0381416362718223 -0.0468073141179569 -0.448623658994487
0.0187257088126114 0.0524464578091569 0.323297402450585 -0.33808461793305
-0.018571359764542 0.0140182762011571 0.105823518038854 -0.0397151144818194
-0.0334491099328117 -0.123338662987539 -0.260063383824636 0.277445281793373
-0.134289573377107 -0.0465108165685438 -0.214183545111206 0.435324143377728
-0.0965907122622366 0.0951772825539072 0.0540623729361307 0.453997767922034
0.0268939820548661 0.121125878277084 0.283949421156736 0.300057983205697
0.104441913350312 0.0319741134868741 0.297230106322496 0.0555371062653048
0.0808832013868894 -0.0288514364428002 0.189190020505317 -0.0494844891773685
0.0689573445848446 -0.0699817344871003 0.10309827500515 -0.071572831679506
0.0564967763191676 -0.0771207456391589 0.0718198586227447 -0.0348260472061915
0.0693244347413762 -0.0729924874906541 0.0441205117497065 0.0279911274785204
0.084157627667152 -0.00544454267520387 -0.0465490559016625 0.0557448403957006
0.0588846158570108 0.0540693189617872 -0.211077716640676 0.0200262718823745
-0.0117214001868768 0.0767960501794211 -0.257515523749268 -0.189885525959528
-0.0290288618383911 0.026940085112812 -0.115295458325831 -0.4224462332773
0.000735220393877124 -3.75101336918364E-05 0.175310244807771 -0.361804004553393
0.0201073416257309 -0.032303008060417 0.0855271515616135 -0.00955604333522334
0.0298663608197311 -0.0393360915767427 -0.155270227072567 0.012361278613401
0.0219883147881224 -0.100435503321528 -0.511521857766181 0.20701362372315
-0.0893978066875964 -0.0938571659830987 -0.256049284175991 0.594840910119838
-0.126536740828947 -0.0223986941889601 0.18193435912844 0.520826731473996
-0.0743268284579759 0.0690301315747393 0.314582661784878 0.148387620814333
-0.0253013331462458 0.0643606452924052 0.131967952947524 -0.0279718520764519
-0.00830802984294562 0.0502806635874353 -0.0030741957531065 0.00475876134661173
-0.00426202380753974 0.0388137616489066 -0.0437507436422725 0.0860526845934668
-0.00841886359028502 0.0277903267631962 -0.091185867466086 0.117447083562548
-0.0264775186287599 0.0233376453942425 -0.190378699457849 0.0549882925894149
-0.0264076411642718 0.0065175556950361 -0.294194920646409 -0.0877959298101109
-0.0120706307947493 -0.014501428949506 -0.217901092064453 -0.291317608591675
-0.00114175399326401 0.00937524483481452 -0.00821479999520725 -0.380617276311922
-0.00393870808411358 0.0214483339200854 0.111723666711544 -0.289894430065457
-0.000639638922125154 -0.000195448342397497 -0.0159485184193088 -0.196728007206671
0.112469028951278 -0.130613456084548 -0.164337290919117 -0.0391383852048546
0.041460938923468 -0.166572863860417 -0.341669359583915 0.299896151912148
-0.101550756123872 -0.152067412936471 -0.305910901118109 0.555804652412879
-0.126169959209963 -0.0276435053085883 0.235657508162112 0.304568986289923
-0.0689795741058161 0.0664392929439814 0.22388273594902 0.0177186760004229
-0.0265444324289668 0.0659388951497201 0.0600659234912698 -0.0376043546596367
0.00356449259606331 0.0550214102970707 -0.0668510061057099 -0.00179940560297967
0.0269575413021723 0.0412972720923161 -0.0880157162201984 0.0763857315949018
0.0357444427294633 0.00808286930827026 -0.111841043904929 0.119195168164856
0.026600954569392 0.00510912016555565 -0.184023230230408 0.0682204676918774
0.0345839812641924 0.0272836421032546 -0.295541595646014 -0.0677044356283288
0.00664390888161394 0.0636643473319986 -0.231322743989187 -0.269456860828765
-0.0499258129625717 0.0669574162022 -0.0422055362465163 -0.370850735314333
-0.0686229780430695 0.00752161574777924 0.0794985813032145 -0.283091044846648
-0.0286189262917944 -0.0402913557741553 -0.0466064865857831 -0.168379955671133
0.0485635535031306 -0.0106089615348785 -0.18171393421923 -0.0176365570780281
0.0765763366350902 -0.0899259666582109 -0.566569238880491 0.133198860632253
-0.0633123114712476 -0.107983100319348 -0.355331775878386 0.5277691083978
-0.127037149550777 -0.0207578315421418 0.0730317387774585 0.507462463414807
-0.05335342309075 0.0702535318811176 0.231891133155196 0.190115727594901
0.0121405316684042 0.0361010947634134 0.102693256894428 0.0238645994017092
0.0316863169611685 -0.0111614018877818 -0.00853875493609194 0.0333448478942919
0.0372298248114367 -0.0300306810874295 -0.042027429270857 0.0865557179213392
0.0500632246145812 -0.0462336130832558 -0.0781686303544853 0.122368846029656
0.0714731679380147 -0.00871325654472247 -0.16448972934061 0.0690659953520172
0.0831637173306701 0.047332439129101 -0.281853121698879 -0.0441371632303768
0.01859210183064 0.129575398842531 -0.243524109860747 -0.238676811916363
-0.0820137372158907 0.107728100697562 -0.181844401315954 -0.393031252536793
-0.142260670847421 -0.0187786544346689 0.0593045665152933 -0.330009313028433
-0.0517461663263609 -0.0908356579222727 -0.0406635106044885 -0.143707941922456
0.0399780647690461 -0.0335129389058137 -0.186622562570438 -0.0137717885848388
0.0385821436188944 -0.117757159392075 -0.546004125111772 0.14788929237141
-0.107231076063606 -0.0819319678742569 -0.32191406618943 0.504669441768833
-0.142416827514386 0.0591506802683333 0.0797501600277751 0.452269004621518
-0.00344060554465358 0.102925727345009 0.19707435043684 0.169323486452593
0.052443358182427 0.0171475152185995 0.0945781731073055 0.028988740331012
0.0585033136877472 -0.0422739331629069 -0.0023083745161768 0.0277186110341588
0.056585278383963 -0.0579767441545944 -0.035491597128687 0.0707851972416575
0.0677056014729687 -0.0719309080095337 -0.0620552847877375 0.117082384131708
0.0995056743111683 -0.0130904304104438 -0.136526995821101 0.063562296410399
0.103105350869024 0.064091249474614 -0.261588237908869 -0.0216348212520959
0.0124216474705672 0.158652635618058 -0.257844460475095 -0.208075004754648
-0.110306777421399 0.117507165998366 -0.133718640496414 -0.372316865015379
-0.116380066312057 -0.00913146283030637 0.0822061904109487 -0.399016602169576
-0.0558512168438748 -0.0781200643316678 0.146349584369235 -0.196911010250103
0.0352188080744127 -0.22748979614764 -0.30179134559294 0.0684795968658373
-0.154236194524068 -0.302059191172355 -0.413225618863623 0.29660686809206
-0.300790904598833 -0.0485443611012052 -0.104470031844004 0.4574195161991
-0.182976762805371 0.187003441633786 0.16793087364717 0.324494149596294
0.0542592663922221 0.164481881511941 0.171683648313908 0.0828570801846469
0.100924467513488 0.0324992868643598 0.062140968037778 0.00791216223590739
0.11020641292894 -0.0232344209442071 -0.0106849129293303 0.0231458786407182
0.111411484619724 -0.046423525531971 -0.0163834164669112 0.0377190012464945
0.073220044892218 -0.0838089705977118 -0.0380329010658364 0.0735152542057079
0.104468327223374 -0.0120130555478793 -0.109469509479801 0.0570496951359008
0.0878847869501063 0.0674853852403371 -0.249679278729861 -0.00293477007040687
-0.00749319544070341 0.138395529136321 -0.272667344336299 -0.207979762451682
-0.0968515278706424 0.083843989828491 -0.11469457352246 -0.411637883484302
-0.07059386170433 -0.00983965182342372 0.149013470513337 -0.344924029260017
-0.0378755479026278 -0.0335945587559153 0.0356124788307074 -0.0839459783926636
0.023988172780823 -0.309905733901195 -0.324819892334257 0.160880355675645
-0.196361218189937 -0.194396863474383 -0.366019656593153 0.350709378637173
-0.286030033000047 0.0497095697835238 -0.0640111096368017 0.462770020392778
-0.098907850244808 0.231605697079562 0.196471847155103 0.319878387670081
0.116428002784598 0.134686158460163 0.200201084674897 0.0887237580781605
0.126712118582058 -0.00531776363337795 0.107804268899445 0.00467071734262298
0.121323897369948 -0.0551924352872146 0.0313637339383722 0.00255333558646698
0.110460800575597 -0.0707628164068678 0.00665485930744658 0.000348728952227346
0.108332283736891 -0.0767057579003013 -0.00805386864766462 0.0618639879458127
0.126444456338577 0.00471617542566421 -0.0724814491585369 0.0743849199466366
0.0760993831729192 0.0632869150736621 -0.217710012982549 0.0412297958514019
-0.0391052419776552 0.173144164544548 -0.258051212778737 -0.139150758400489
-0.188586602946166 0.0606277828869211 -0.146341009014369 -0.34156686772088
-0.101071688787494 -0.128714066707246 0.0983331112456316 -0.335814400449724
0.0492057211295268 -0.21688760195729 0.110198077904533 -0.0708020509898418
-0.0264683533039237 -0.241354109182623 -0.299323436523449 0.24640832874313
-0.218141557651711 -0.132797768149372 -0.287840544580685 0.415547007302722
-0.204161810562602 0.106209197382753 0.00187729839596769 0.462080994139796
-0.0207206505153476 0.158376887961253 0.150075065230372 0.361824569957076
0.110064858292569 0.0787584662158152 0.245340763451156 0.146334287506565
0.110060186130572 -0.0288456828337103 0.153062251658948 -0.0203409257447691
0.105093897503897 -0.0749492622608861 0.0695342281156603 -0.0542433527618451
0.0542339002262294 -0.0818879611832461 0.0228068441311126 -0.0459134012639318
0.0566362684489762 -0.0825345522663396 -0.00570331771777277 0.0172598732285366
0.0573181268903994 -0.02233579914776 -0.0556510844300647 0.0686888221991526
0.0456902586060927 0.0167961846004912 -0.278943487142664 -0.0286717256131073
0.0182741988567351 0.0368657908153918 -0.272224663103378 -0.292559950177795
-0.0116476621283871 0.0416252139565685 -0.0401760960736179 -0.467728395185729
0.0247759121073227 0.0558349824963465 0.321145544757923 -0.345705817358434
-0.0208896024729073 0.027043938840443 0.109470555043773 -0.0452849667692454
-0.0412826894538607 -0.125736211064948 -0.253406276360834 0.293076527551506
-0.137832510023904 -0.0409328074767302 -0.201309758409543 0.443232238673423
-0.0937303246575437 0.0994243709172324 0.0658236934023795 0.451909165135709
0.0320856211737344 0.12096079466053 0.293036706658967 0.286604469706169
0.107204021879648 0.0270630568429309 0.296390443947495 0.0446854077536283
0.0793825783383828 -0.0320942074629885 0.185852154552332 -0.0562752378720492
0.06576473260339 -0.0733732022350752 0.0998168937367153 -0.0765988955145454
0.0533816635504716 -0.080329428040507 0.0696807485436082 -0.0383745634478535
0.0663969248089657 -0.0763257444684523 0.0436480326219476 0.0242293797923796
0.085166085516502 -0.00993121514845857 -0.0461671790774527 0.0511723474879104
0.0630155786281119 0.05168372319354 -0.207231677393488 0.0215117043162125
-0.00638330065566854 0.0810553489887104 -0.252874508877447 -0.184781059904969
-0.0289260682135218 0.0319288839245541 -0.118547523804889 -0.412117651485598
-7.77934308047136E-05 0.000414436296804856 0.167155321581934 -0.35849922254994
0.0150539979953713 -0.0337342126479086 0.0901946448727741 -0.0100862776467774
0.0232696973338316 -0.0409094737257745 -0.154144325828676 0.0308948714087594
0.00954951916817008 -0.0934344940699557 -0.495800197892118 0.254336246358163
-0.0957687012264634 -0.0755527152724255 -0.198238822871148 0.616090076028291
-0.124174850302046 0.00011958146188383 0.238578192056578 0.499965348835574
-0.0586263626829459 0.0770103835985528 0.330725706861725 0.114996846068784
-0.0166599921157991 0.0659939815771235 0.131209303704758 -0.0401204408126001
-0.000581403228707872 0.0523301807294444 -0.000655428676988572 0.00156282609569314
0.000659525884748668 0.0402227707446524 -0.0306488900650376 0.0891678012183791
-0.00484759148493242 0.029430841311521 -0.0754540837926694 0.127931847316839
-0.023022402960474 0.0258115294936884 -0.186826613325736 0.0749650452583725
-0.0238906230625017 0.0071178492544516 -0.309257338207028 -0.0585420049122899
-0.00953645047011554 -0.0139276467826514 -0.253126420519635 -0.276281618805738
0.00571381866657935 0.0119136798269422 -0.0463102577470794 -0.392078426732738
0.00354366884588578 0.0243535302756249 0.0871763646863016 -0.311078903295598
0.00331260201953487 -0.00279233044338525 -0.0340490757792824 -0.199764215634754
0.0859993841846058 -0.143009932944859 -0.163043524610425 -0.0202447397514843
0.0204019492216107 -0.15962097329792 -0.306422150583711 0.324882141413113
-0.117392030298932 -0.129326998253937 -0.248582147239884 0.582209504410715
-0.125406449750431 -0.0108439129125081 0.259821225745651 0.268591406143714
-0.0584045233050232 0.0705769935117402 0.215287258657111 -0.00663452885396826
-0.0185243167044781 0.0665348942237651 0.0547553746651088 -0.0392847328219688
0.0109742611689344 0.0569059509945588 -0.0408883476827385 0.0174333577135591
0.0315640973010456 0.0384846663127681 -0.0781768029812633 0.0893585453308155
0.0343159329053261 0.0034490450515901 -0.0985218123933349 0.135779222490065
0.0264042884152722 0.00111759237876269 -0.179928106633771 0.0887242733493886
0.0380874430643009 0.0197091179465884 -0.30997474846968 -0.0370864989509407
0.0186145810136513 0.0611749982074391 -0.266836661418505 -0.254637514940388
-0.0360606570055534 0.0742188919080641 -0.0798097906379048 -0.381271944448884
-0.0629609055712076 0.0178172670668228 0.0581439909767038 -0.298215658551357
-0.0308698800092026 -0.0404881185311049 -0.0626644643498754 -0.16394018198795
0.0457601851039018 -0.00936715151173403 -0.186435389695816 0.00203150371111268
0.0675708053265976 -0.0853338728468733 -0.558234574847803 0.185979796181661
-0.0674114807720082 -0.0920615191531226 -0.302758320587742 0.561524350118065
-0.120829490575482 -0.00238179788928765 0.125602806477624 0.493758311090211
-0.0406030656045727 0.0727256472909645 0.25062620179368 0.164867549913531
0.0136096678539363 0.0332529719120629 0.107240261718165 0.0166238029097188
0.0268149919397029 -0.0141692461752511 -0.00197497347712387 0.036384565536902
0.0306897689191975 -0.0320584805671771 -0.0287793724051008 0.0906679791639682
0.0403746386554552 -0.0501431058016455 -0.0609173203983388 0.132444493193029
0.0683311413404632 -0.018305317070978 -0.160793218162557 0.0887090166496639
0.0867913712320106 0.0331922662575872 -0.293936720865877 -0.0145616793206633
0.0388589426937347 0.123182093018 -0.279157903982093 -0.223948986387796
-0.0613457001900725 0.115271623573086 -0.226627894268066 -0.389371017874779
-0.141963412515341 -0.00129669960671521 0.0356190688646459 -0.343672220965379
-0.0589627685115854 -0.0809281300919801 -0.0535301993497595 -0.136039639258043
0.0331672351137706 -0.0306353646866823 -0.189661269554244 0.00479089233935225
0.0266555946483488 -0.1070657466766 -0.534634596629951 0.19688474490618
-0.106062735886369 -0.060859931370302 -0.272348907710364 0.529472494471048
-0.122466148024513 0.0765466681872932 0.121526310035583 0.433005585444746
0.0125221635325503 0.0991359245046932 0.211361512885364 0.149756957477617
0.0507470930518229 0.00941245133041799 0.0978505484394979 0.0229255638372741
0.048268698933614 -0.0497395132444565 0.00215111645045377 0.0332292762429021
0.0461210019325412 -0.0618915922120254 -0.0233579742432258 0.0744809986021768
0.0530531690859326 -0.0773914296670866 -0.0459880081424671 0.122880823577622
0.0939983019705381 -0.0263482035039877 -0.134136143633968 0.0799306499663081
0.107400357930409 0.0467884320731887 -0.272641301213668 0.00802664043240747
0.0366918656019287 0.150834671885735 -0.292430909595899 -0.190902404554731
-0.0887657713455984 0.130136276475627 -0.176024403914152 -0.378167189749698
-0.108407016562103 0.00765019683697042 0.0512811527545365 -0.41820661269441
-0.062211575131998 -0.070887321984766 0.1315444104002 -0.213247142829058
0.018588086331573 -0.302672237239982 -0.288068759073798 0.108150228784344
-0.196578845463259 -0.263206541481495 -0.369810302705402 0.32043948004632
-0.299907628734286 0.00367834960492676 -0.0559586671978183 0.43839246531466
-0.144118328426111 0.21704013925111 0.18342656635496 0.28384281790951
0.0812858127406138 0.151854153462104 0.165023650992778 0.070111793943037
0.104345640344481 0.0179509076945443 0.0604521154807459 0.00929926571812592
0.107858648710072 -0.0421638933422359 -0.0122974466665837 0.033660496469233
0.104967397054873 -0.0608577556725552 -0.0102591876222868 0.0399882899559359
0.0564957015496638 -0.0896293823553802 -0.0284609716128273 0.0781234474350503
0.0987382713829259 -0.0261578382303039 -0.108979560585116 0.0704039564164427
0.0917523138927593 0.0510287468093165 -0.259301428959486 0.0251113644019467
0.0145028147561625 0.131151268258351 -0.306641273359117 -0.192019720694183
-0.0764205578549149 0.0934843903152463 -0.158887325158003 -0.420609752767423
-0.0615103584799894 0.00395328299074913 0.124981916330602 -0.371500830523039
-0.0405805867564838 -0.0247531779231621 0.0316894286228332 -0.0867970626324129
-0.0458016046328424 -0.170702917907465 -0.284366995810411 0.18099477815704
-0.215961226741998 -0.152452132430536 -0.322673778496496 0.371313516819958
-0.27056301801072 0.0983884881893804 -0.0205680084563232 0.440077242612272
-0.0536139525771613 0.248190050500381 0.206743286431089 0.281888408564039
0.138958627222682 0.113947841384909 0.197334957104358 0.0765041123318033
0.125092639495961 -0.0237271635416257 0.109207301357885 0.00152474749229641
0.113924001110035 -0.0769432375252622 0.0288071855939014 0.00777600706128872
0.100998806549775 -0.0856627722348832 0.00637603161691027 -0.000192555436317554
0.0948494939868517 -0.0920555727386351 -0.00519706093637409 0.0568621996831274
0.125861891537738 -0.0155734129311082 -0.0711220829762867 0.0814865904607226
0.0995538851995682 0.0639467791166877 -0.219057683613511 0.0609007086695333
-0.0142761554289533 0.191718090011894 -0.274746554749201 -0.126704198942936
-0.172758036462089 0.0902382460110423 -0.169289770603633 -0.343170934111868
-0.115271581414726 -0.113218950175462 0.0738076591616646 -0.342486606149239
0.0188058167452249 -0.2289256640963 0.0842002533705788 -0.0769059504146714
-0.0651403231343709 -0.230640120375972 -0.260828276521419 0.279214729207928
-0.231319701458742 -0.0900645022410631 -0.238486502970138 0.429873696705711
-0.180845471194415 0.139997236535293 0.0396967954968063 0.441256391529433
0.00972499050331482 0.15983364283878 0.172935389804304 0.338434323810171
0.123766770825319 0.0604228419631124 0.254457125355406 0.127026376094632
0.104469407633179 -0.043852210960174 0.151368228164253 -0.0301492568054463
0.0938329230173099 -0.0946410623486993 0.058954061573006 -0.053411909725967
0.0417032967251954 -0.0864009239898153 0.0162394192636202 -0.0475360942721106
0.0407805887665008 -0.0875612082759946 -0.00628966673474297 0.0185070913167566
0.0498928964414933 -0.0314104273235546 -0.0577893905306349 0.070198641346333
0.0448489964940786 0.00360791521571937 -0.294060711690664 0.00112144650656947
0.0318636238417469 0.026737925235356 -0.314496472224238 -0.280235246597235
0.00020416908323884 0.0475674158812181 -0.0799144825103061 -0.495771270448604
0.0405062781922525 0.0658955974016904 0.304996275721136 -0.395848512695243
-0.0185182726941216 0.037266505382149 0.112662966147193 -0.0610725974676846
-0.0601539413032942 -0.114473562732234 -0.21816994123635 0.322003286096384
-0.13650699954104 -0.012527993161628 -0.153885604422625 0.456501377684162
-0.0713556055110588 0.115366660092833 0.105255919117241 0.433178046329732
0.0583934995719417 0.115237295376201 0.307806686108683 0.250677730860916
0.114885316186006 0.00732608726600204 0.296194417333068 0.017998358329464
0.0746563817162251 -0.0451702111999829 0.17905894959179 -0.0709475928097137
0.0546779696417185 -0.0850758513596725 0.090046349228441 -0.0822885596160041
0.0434553297231893 -0.0872776680925094 0.0658658600626327 -0.047547686672481
0.0540018930428786 -0.0857891355856504 0.0455143375370387 0.0172107408748058
0.0838716389215705 -0.0233646402020645 -0.046055885682665 0.0529214309734822
0.0725160040052264 0.0391653779974333 -0.209152504973278 0.0391770037564376
0.0134638519429901 0.0817648832424668 -0.271937305336591 -0.16906959040551
-0.0176034643252458 0.0398621656528976 -0.154519029145033 -0.408043888028464
0.00313081424945625 0.00710236374489892 0.139678596325121 -0.377770004436419
0.00629395997998989 -0.0355760365199534 0.095445115547613 -0.0153014109498204
0.0205259640206776 -0.0436789343648427 -0.152424539272412 0.0456894103717937
0.00314775605405059 -0.0960232849695301 -0.480345540660464 0.288436183443923
-0.101778147751079 -0.0700162032442755 -0.159479335854613 0.631920541639787
-0.126683756629859 0.00906489851487953 0.274504159827445 0.483763169464967
-0.0521585778323044 0.0831043058745107 0.341709167011024 0.0901957967377807
-0.0111381451156887 0.0685714677990552 0.132774813014534 -0.0485318553452127
0.00451190369208772 0.0528938718654136 0.00250466982196929 0.000790381386791636
0.00462926762312158 0.0408104490873299 -0.0189664048211203 0.0880121666571263
-0.00265210658979849 0.0303555188839859 -0.0602566646370067 0.130423050112699
-0.0207112918112374 0.028085635371651 -0.177019606843232 0.0883455550581303
-0.0236463839115126 0.00977039284096105 -0.309916191057375 -0.0335165062510978
-0.0128880910317915 -0.0117082027189582 -0.270429982218072 -0.254909566931107
0.00599835288228026 0.0120421714697648 -0.0758106139170565 -0.385672198065253
0.00555899043712159 0.0220919158022801 0.0646583717201663 -0.314488199325556
0.00292015839038421 -0.00556389967696133 -0.0506247308498479 -0.194772721810657
0.069893508554491 -0.14989724783161 -0.168235903512101 -0.00974602057420865
0.0083404102178381 -0.159253658908399 -0.281465453510611 0.335423458545323
-0.126980943579414 -0.119666949173997 -0.214125239605897 0.602925192041402
-0.127409008142557 -0.00411837772832174 0.266638228467637 0.245143754266109
-0.0546546886790117 0.0736215975248138 0.207639018238901 -0.0185666637569921
-0.013069506332369 0.0675173422164047 0.0553990284414761 -0.0380644492857817
0.0159576704914611 0.0565521978803129 -0.0170371551314234 0.0215175668403502
0.0353189875938053 0.0358376943606257 -0.0674602453233957 0.0975061367496384
0.0322524078146988 0.00168422920029979 -0.0829796437745636 0.144558685603905
0.0260459937533802 0.000255252669672907 -0.168166631528406 0.10048912395502
0.0379371437881949 0.0168869036838044 -0.308543135917344 -0.0117393855409576
0.0207593882678814 0.0598099706022047 -0.282434181788498 -0.232564044922943
-0.0305863256385813 0.0767146417264069 -0.107784006495435 -0.374032194144446
-0.060756412206066 0.0201941831845366 0.0367406257266575 -0.299699491664751
-0.0332903467985032 -0.0385664435371516 -0.0760552048131474 -0.157597222931476
0.0455127981205969 -0.00857203365473034 -0.189356674271422 0.0173214362326631
0.0654721372730276 -0.0875867531376181 -0.548756047729006 0.22520065395611
-0.0677711805980863 -0.0893810532862938 -0.268471261331607 0.583741200604089
-0.119911234856893 0.00050568812783577 0.162031085466083 0.484738292949074
-0.0375679055884663 0.0718040573890697 0.265246619626006 0.145162880312997
0.0131201661477983 0.0319197863199674 0.111563706211714 0.00906331012147417
0.021923808059372 -0.0149159446542493 0.0039052600910971 0.035616533556738
0.0251028478047955 -0.0321408455078782 -0.0171448631731266 0.0908366352885595
0.0332448525686417 -0.0501356715889787 -0.0457402244208356 0.133327101121856
0.0645582071975268 -0.0219017995576782 -0.150208561760065 0.0979430522642166
0.0866269848445023 0.0267308125794319 -0.291077033996734 0.0103543260236455
0.0465382708557084 0.119035695310129 -0.292492835999337 -0.201129704212417
-0.0523049530960647 0.117990768313327 -0.255361679473654 -0.367928201349094
-0.144089533694648 0.00681081788630561 0.0104108508387019 -0.345360610801517
-0.0624772970493828 -0.0699218386914905 -0.0631009117860135 -0.131370726791825
0.0321096899988544 -0.0274803246051996 -0.191540981239135 0.0189973047536554
0.0246390116142063 -0.105319897056454 -0.523874216704874 0.234453534388157
-0.103784958001841 -0.055237611652935 -0.236803869000956 0.551885749866291
-0.1137979168175 0.0779883495590589 0.153293446134858 0.422232834702121
0.0184754557169144 0.0941060000814775 0.223322534650836 0.131707231772009
0.0469018806721986 0.00420257417251747 0.10113333198218 0.0162759655543123
0.0393918504457223 -0.0521853067232984 0.00644872746545175 0.0327394227513714
0.0367585228407385 -0.0630914058553876 -0.0151304325118396 0.0743409727818605
0.0431590798919745 -0.0774703204272798 -0.0326978321255561 0.12119155133297
0.0880693662426629 -0.0319484602992607 -0.125357560180343 0.0882541463720097
0.107323666296066 0.0384340893069915 -0.267752130375381 0.0294213474801508
0.0452099452050794 0.144827862171417 -0.304524401731307 -0.166008345004468
-0.0793550564078118 0.136224842740583 -0.204511099177107 -0.364843505835282
-0.102825788098298 0.0139710358129055 0.0170148892658762 -0.419024194627876
-0.0663784703974171 -0.0647756842377323 0.110833324516054 -0.226296499631879
-0.0135822335946569 -0.313618370353371 -0.279982694502508 0.133039704754617
-0.220388362535469 -0.24218381975257 -0.345437774483695 0.340152678687009
-0.297753035828427 0.0325357838127551 -0.0277500944346096 0.435285937160379
-0.122655710274251 0.230690993738041 0.197639870988369 0.26316196214793
0.095745186900941 0.141414030404318 0.165016188491494 0.059134605652372
0.104192755349776 0.00770128704610367 0.0601092683713662 0.00755437647097717
0.102538689815522 -0.0547227485283676 -0.00875795313387184 0.0373355995840047
0.0991494671238965 -0.0725639442542662 -0.00762875708467355 0.0379129754790515
0.0446215443567224 -0.0897889860132409 -0.0199259837847325 0.078691100893475
0.0919386477815419 -0.0319909314448869 -0.102745817336529 0.0777091141684102
0.0903014706701641 0.0430743901307627 -0.25479319659995 0.0460779427508842
0.0225049468880423 0.12458139997855 -0.320799780914439 -0.167305709795341
-0.0651875321900443 0.0954545439706683 -0.191007284737688 -0.4097289244893
-0.0547758060665398 0.00820218732704931 0.100814076743933 -0.381327178366765
-0.0409117102637998 -0.0157177784869419 0.0260214864785013 -0.0901366570236337
-0.0660766108736347 -0.205680350915782 -0.26933220579222 0.210790249267252
-0.230668995962275 -0.134072755925583 -0.293216874590648 0.390987213972831
-0.261122275396289 0.123850450841966 0.0123380024050881 0.435829790675758
-0.028937961718803 0.253163757855694 0.223349125914112 0.258912002472997
0.149154069334771 0.098451485518757 0.198381229847039 0.0620001016892692
0.121350884918677 -0.0361393795616769 0.105240409236904 -0.00595438029195791
0.105848966897601 -0.0903097249470844 0.0291639063575486 0.0023711965196144
0.0922027100370733 -0.0969471512441767 0.00411331422293017 -0.000308819531402143
0.084143292207561 -0.100569780717758 -0.00228933682495583 0.0542574603214753
0.122357567852634 -0.028974565521445 -0.0807107835989752 0.071616074518108
0.126712199351381 0.073731998379506 -0.21020900531175 0.0705893389555212
0.0063041019513669 0.193306296025951 -0.277355109749685 -0.110301523258923
-0.160328839625731 0.109676467542992 -0.188685254507058 -0.331850113777278
-0.126939632483627 -0.100492617006521 0.0543508143985965 -0.338812184657267
-0.0102169275496312 -0.230545901766039 0.0481784883352373 -0.0829115220735923
-0.092030957224713 -0.22621578227954 -0.234560714571999 0.3043305191381
-0.240780068538658 -0.0675550190383604 -0.20266957522977 0.444928492691821
-0.167493221582376 0.157477829785607 0.0763544796180954 0.431906722766689
0.0234352762488667 0.156368750581272 0.195810241032783 0.31973397759831
0.127036184514178 0.0479119063004985 0.261610863823919 0.103421235526095
0.0984080573257819 -0.0528402991262484 0.146300448229845 -0.0421163476008309
0.0843440052118121 -0.105041206033425 0.0498098877746178 -0.0580255355817561
0.0305209699920666 -0.0878785854449615 0.00975438356262338 -0.0464564085942941
0.0290060697252075 -0.0885901723638712 -0.00681378201404355 0.020093586811927
0.0432235781034598 -0.0348122726644351 -0.0573654030617644 0.0697445314746509
0.0407680330660576 -0.00333484379207063 -0.295378579800507 0.0240957076423841
0.0351879847869027 0.0189510778473057 -0.334822825345552 -0.259399550611234
0.00690445946858502 0.0487441197609306 -0.112236102555838 -0.499551391920607
0.0505108095334025 0.0646464017517745 0.280475491151249 -0.415943080045838
-0.0160776438185797 0.0444115440898697 0.110493494199087 -0.0729249474409783
-0.074650375438776 -0.110902743723538 -0.188955314794319 0.345298203878664
-0.138521679275476 0.000475797414536476 -0.114725725096974 0.465291769990352
-0.0609514932712283 0.122161010322217 0.139686077086285 0.419334713751282
0.0691129746782297 0.109845657746402 0.322541880694773 0.218751282277462
0.114951528102289 -0.00425473829859103 0.29099742030724 -0.00706837691206073
0.0692137830212107 -0.0512150094070888 0.170921367347605 -0.0842596989742931
0.0456025771282301 -0.0894502606801237 0.0806810889228671 -0.0903496754292125
0.0347704293320787 -0.0914585098511424 0.0601598808191499 -0.0541113948560316
0.044743864903561 -0.0911389936726429 0.0448199584119541 0.0108409616735206
0.0816873687468536 -0.0324631983730763 -0.0448960809281089 0.0512529426015507
0.0775750944519567 0.031690330814435 -0.20134138002626 0.0490018751060768
0.0251746924884983 0.0825718841209287 -0.272879943907124 -0.151883506214176
-0.0133841048551583 0.046120981496076 -0.174599222274927 -0.388199635114382
0.0016592668021219 0.00720116697929452 0.114943952489687 -0.376341176921643
-0.00235151896538492 -0.0351663429584182 0.0994179089039413 -0.0223286023736486
0.0163701930596393 -0.0457611702219385 -0.144802139375203 0.0596404403891562
-0.00376161080644464 -0.0958606630811971 -0.447125755647957 0.31326811240913
-0.104254915825938 -0.0615934473377335 -0.11123078302353 0.625666161352525
-0.124580439687982 0.0183146835010729 0.304238175217999 0.450234666814302
-0.0431096277420469 0.0850356565193952 0.341323440667374 0.0616280009380719
-0.00371803188955585 0.0681416761866426 0.129924118989113 -0.0568145453140158
0.00991911951226748 0.0513696273374728 0.00616699188555416 -0.000977756759013193
0.00890602670273316 0.0398551234044454 -0.00787203507878833 0.0827437754635658
0.00058440731130297 0.0306041015177162 -0.0425589064657427 0.127521123417774
-0.0173469529429965 0.0295176249914794 -0.160204691255154 0.0973404249395344
-0.0219159067275857 0.011857922852923 -0.298901974806345 -0.00683401000018913
-0.0148008569936412 -0.00813852226506195 -0.278621238523357 -0.223536809983417
0.00629209566475527 0.0119434694889542 -0.103260915274019 -0.365341534870556
0.00707702501487499 0.0184771898769572 0.0379593354127583 -0.306354169309526
0.00258014725073122 -0.00839687658490394 -0.0664448853487817 -0.182966641995402
0.0491499881000652 -0.149821959566941 -0.167566176454024 0.00227435420931997
-0.00544764399155088 -0.152599069683692 -0.247079833278971 0.333757091689277
-0.13186232890048 -0.105104221178699 -0.170317716085526 0.603977035906295
-0.125066199873774 0.00327878867889147 0.262929200341469 0.217606834333305
-0.0493826877392813 0.0750659811333869 0.193537408952015 -0.0286177319042017
-0.00749117304633258 0.0657579929725749 0.0549701071917639 -0.0373214275404333
0.0200197179080271 0.0537857515845792 -0.00777552540510183 0.0212002006647723
0.0379312933672171 0.0317090471264296 -0.0543542900345364 0.100690015895439
0.0291054713614036 -0.00092798069619569 -0.0647518849253978 0.146713447657145
0.0250948234812198 -0.00094763876728228 -0.151823699322651 0.108269023828361
0.0368230668568522 0.0139929541637064 -0.295687423587202 0.013967207918909
0.0229724852341738 0.0571170970608081 -0.289140537575354 -0.201096251839721
-0.0239067030612303 0.0757257007692582 -0.13427120883981 -0.350535075168783
-0.0565132902367098 0.0218858534277186 0.0129480261541466 -0.290327598865207
-0.0346467123229414 -0.0352385625910171 -0.0866816701217382 -0.144918255790858
0.0439194864866083 -0.00818035574604081 -0.184159814066343 0.0333708942616973
0.0619974858884087 -0.0877739641398734 -0.517864673715536 0.257340292461381
-0.0670372587680196 -0.0832759887374634 -0.221362370429347 0.586790783873789
-0.115949600343126 0.00376782081699878 0.193284758998879 0.458347568877741
-0.0329348838813106 0.0691330825957241 0.269548164809473 0.119643391481175
0.0115845625327485 0.0296636906110288 0.112150518052111 0.00068323805749396
0.0160873852664446 -0.0140470218072346 0.00967701665529346 0.0324853036527542
0.019308580023742 -0.0310500164225 -0.00671602244582689 0.0861222685565675
0.0260197277193677 -0.0479949513269609 -0.0287680023316752 0.128014625223759
0.0594847889075424 -0.0247571233006629 -0.134350102597885 0.104769330883223
0.0837176550682774 0.0191978497416014 -0.276749093936891 0.0326177557864214
0.0519181227772376 0.11046316743743 -0.295621483869977 -0.171235792980201
-0.0407319940869864 0.116618130487274 -0.272284059016464 -0.331677559797963
-0.142585200542434 0.0147946192643485 -0.0182892176433945 -0.337480862728158
-0.0640927406771273 -0.0584274898471956 -0.0715438190662913 -0.12088616806458
0.0293454593362108 -0.0240624758149188 -0.186707238016173 0.0341910883478348
0.0214550216892048 -0.101870948032178 -0.494463271388579 0.265750905984742
-0.0976313047908435 -0.0484323521758383 -0.191768974894269 0.551183401035817
-0.101260529265668 0.0760010164427447 0.179258801325855 0.396590326883027
0.0233629665960715 0.0860281863229368 0.226524100508232 0.109297666848477
0.0411337836944831 0.000118676051874253 0.100764419429321 0.00799104312722818
0.0291802574245351 -0.0522002481732996 0.0108174522788321 0.0300911661974332
0.0266376390147598 -0.0615327724773521 -0.00626122040637942 0.07007932926358
0.0321579932592113 -0.0744149748081543 -0.0180442176686928 0.115068800564798
0.0798183738510025 -0.0358397276533891 -0.111469702079569 0.0935087470198719
0.102415649818553 0.0290549800937699 -0.253227405833279 0.0512853030206225
0.0527584935738236 0.133861394268138 -0.306628842996255 -0.136364566994668
-0.0656756745201429 0.137521806584466 -0.225707077128565 -0.337036606436899
-0.094166107423919 0.0196766036166107 -0.016651548863272 -0.405324542352483
-0.0693172211475787 -0.0582902150725714 0.0849365323881693 -0.230659340813448
-0.0487024440512877 -0.298079977067942 -0.259146447858365 0.151814695128208
-0.235819401421601 -0.210001713203403 -0.309503620424694 0.348521174504972
-0.282980524217623 0.0610614526040244 0.00270751028007386 0.41450250831346
-0.0930243242775433 0.234964744235076 0.203712873169086 0.233298303242943
0.105809476100261 0.124208942012233 0.159643176056107 0.0461896494279103
0.0999681237642806 -0.00347676761913563 0.0586606142770725 0.0045917185606182
0.0925883887313905 -0.0650412933260615 -0.00435971032976305 0.0385988329441066
0.0880672898899799 -0.0821252427577663 -0.00509597546240986 0.035283710507527
0.0317557296152652 -0.0867027141610271 -0.0102052965982178 0.0755391144051841
0.0822761267651455 -0.0365586817714433 -0.0923853056573564 0.0822848127697575
0.0856683777003662 0.0343445199592245 -0.240360849980937 0.0662399439088781
0.0287744603573241 0.114874652066535 -0.322807564691566 -0.136992127456217
-0.0530241014188226 0.0947038226431109 -0.21887999596275 -0.381437319637611
-0.0473255216415971 0.010869623754019 0.0704348359201565 -0.375911973295588
-0.0387264704334374 -0.00643660013932348 0.0189902700320683 -0.0894393511697521
-0.0675883537539839 -0.129779589624354 -0.242376892384749 0.219729123692213
-0.252069976728634 -0.116874740828666 -0.250384393333752 0.398640018270306
-0.23928854060415 0.145591148007412 0.0437819434106201 0.414180480636197
-0.000894441551166634 0.247702848018275 0.229676016042917 0.226810321368739
0.153458679032157 0.0781051705222849 0.192421864717104 0.0445052782748942
0.112161145486958 -0.0471860803512016 0.0991891060641838 -0.0130142471642046
0.0915772745950012 -0.099888648624196 0.0280064334062842 0.00138037170470738
0.0785483383587837 -0.1047700384591 0.00366780839926051 0.00191487070802251
0.0692714047397401 -0.105238116306778 0.00127175392295644 0.0521507684938941
0.0875020057440071 -0.040410103495598 -0.079404914614533 0.075309967362915
0.126608680426058 0.0550652791539869 -0.195906348116282 0.0827256190881092
0.0278078989931354 0.194243151864815 -0.270821925477448 -0.0909083074332954
-0.139966356238352 0.123793211753885 -0.20004928887219 -0.30757053040448
-0.133126609457328 -0.0826038739234387 0.0324814907699662 -0.326923169384129
-0.0397327401331319 -0.218685455119082 0.0315203701117494 -0.0809355573983154
-0.117026646398106 -0.210513866718426 -0.197087919777603 0.318276246576919
-0.240387737818741 -0.0408994277293437 -0.15569420504181 0.441650647125195
-0.146506599796046 0.16933462083818 0.106535797680647 0.404695852573773
0.0367558942351075 0.146923470932394 0.211863255293618 0.289526775361115
0.125573877911139 0.0332505391763123 0.25734030803114 0.0767945679916628
0.088199223111856 -0.0590788461852348 0.13499690031806 -0.0524629697498426
0.0702474911081935 -0.111506879306677 0.0399264750880867 -0.0589914096399695
0.0192357229484022 -0.0859849851781386 0.00231810905450497 -0.0438196781565543
0.0164451275309803 -0.0849742363001345 -0.00624745936860463 0.0211276186426844
0.0356553681116233 -0.0376166370092786 -0.0656722616066345 0.0674610442404654
0.0345947110308979 -0.00947860418474167 -0.285625462012788 0.0467110380119918
0.0366473081667515 0.0108236834902386 -0.346096372464785 -0.227388950400652
0.0121821071328715 0.0471638976935217 -0.144227220810939 -0.477775496643268
0.0584822014376357 0.0607515469097122 0.2453193897491 -0.424576352350999
-0.0105425823231679 0.0548822138083653 0.10279318547655 -0.0830843558269587
-0.0876475031696188 -0.100322637915675 -0.147795328628357 0.354470840308522
-0.134728186008984 0.0145308121368775 -0.0681150689705361 0.457007052970399
-0.0472338751840021 0.124063543808365 0.168165660087125 0.387126321473242
0.0784143475843675 0.0999217482180281 0.322856028953217 0.178961976002996
0.110411515269992 -0.0162028039307152 0.274651623838848 -0.0308615080468228
0.0613846520803229 -0.0554311405702748 0.154617278496006 -0.094734024933662
0.0343292913114095 -0.0906705285346641 0.0679381269973683 -0.0933154300048182
0.0251257131763362 -0.0922682295531011 0.0516969834649299 -0.0584483485408288
0.0334505958708431 -0.0921975869985527 0.0417060261429158 0.0042947193068473
0.0760235714546054 -0.0401104037114639 -0.0429720610842145 0.0482831529680539
0.0802719804902764 0.021838801928796 -0.187890155914336 0.0560974127013099
0.0374933435979592 0.0788437953240634 -0.264750550977536 -0.129280223335365
-0.00689122871886459 0.0499464808696391 -0.189036569692975 -0.355443045715064
-0.000518023149749674 0.00825538944996936 0.0869844747256442 -0.362287480025248
-0.0102824080676662 -0.0328252973202757 0.0995800501541975 -0.0295600296784224
0.0117436831467053 -0.0461063200854985 -0.13371215117237 0.0687429019029963
-0.00921875686617993 -0.0927442034311888 -0.408826596562881 0.320423454271644
-0.102849260135669 -0.0536967423253136 -0.0783386807388033 0.601218549615698
-0.118948741839308 0.0250631599809094 0.3115436526746 0.412481468007601
-0.0349810184193452 0.0830605496918077 0.328412442369434 0.039826748435824
0.00187130038118807 0.0658574974452952 0.124538987025624 -0.0623073229474252
0.0135890519260871 0.0478497823955849 0.00823433315816201 -0.00266814264109087
0.0119047335998712 0.0371525717446206 0.000399406404307533 0.0745437949779722
0.00283700065490655 0.0297165251128135 -0.0288853298187579 0.119267451549603
-0.0137464341355167 0.0300455654941435 -0.143063798345895 0.099359503502371
-0.020156532540963 0.012964490515549 -0.279989562236 0.0109589646545419
-0.0162411713668487 -0.00536581984660013 -0.273564937659868 -0.194244402000423
0.00625347093968816 0.0115150264764458 -0.116911439703399 -0.337670088049637
0.00711268723344158 0.0148990134491094 0.0208413957500915 -0.2891338456941
0.0018384908157851 -0.0105679899208098 -0.0743218168396022 -0.167361718041297
0.0321879384902634 -0.12917921337565 -0.162675063966668 0.00899204857556737
-0.0142440817528913 -0.142166106809021 -0.216697269962527 0.317667067117169
-0.129941245512209 -0.0909693565656822 -0.134953298559314 0.583519651535863
-0.119368414165979 0.00807466359957393 0.24841630143214 0.188759542020913
-0.0450114067209089 0.0740116380119374 0.176453277133797 -0.0318119933322185
-0.0042120438131005 0.0629418846321929 0.0598402835623336 -0.0352278664373073
0.0220781052896945 0.0493343999695879 -0.00520609061159252 0.0209994848060133
0.0384876419574859 0.0264884782140422 -0.0424339221167026 0.0992101930562783
0.0254829217378618 -0.00217556011214672 -0.0477188748887696 0.142212255775982
0.0228561591189188 -0.00118002418932165 -0.133561530412985 0.108876952030288
0.0350524534185563 0.0120357818177702 -0.274526292192149 0.0296935446209683
0.0232651715680007 0.0538311249922763 -0.282067721064818 -0.173355064269574
-0.017953093132362 0.0729983584225643 -0.144793260608283 -0.322965767014005
-0.0520731304746803 0.0219494712402732 -0.00253776001347613 -0.27265461772132
-0.0342685998503919 -0.0325313458764787 -0.0920274786749476 -0.130321957769729
0.041549490473481 -0.00561258589150402 -0.173759382234649 0.0437292483164612
0.0577648400561398 -0.0852979333435932 -0.482237452876157 0.270061278957942
-0.0626700521108625 -0.0778565199658115 -0.183778187065132 0.56896798431672
-0.109543495422061 0.00401818881441436 0.206224698819558 0.424471516517396
-0.0300146135249248 0.0640675769267928 0.261843256309831 0.0983176688540375
0.00913172277854217 0.0274929854708692 0.109394237108255 -0.00614888920355675
0.0118252066085711 -0.0124977652855041 0.0135417564689925 0.028901494087352
0.0148537770641755 -0.0277981032892755 0.000692583238480107 0.0789020136987397
0.0204548149909946 -0.0435997970358643 -0.0156923182766395 0.118116761487352
0.0534985952882329 -0.0250772194282404 -0.118222163081879 0.10442373691489
0.078813390028556 0.0143731726677034 -0.256492835771492 0.0466398421958083
0.0539243258127989 0.101833972900567 -0.287318326783796 -0.144719795710485
-0.0331421754764908 0.112398928685402 -0.243268460399677 -0.299614414340248
-0.142620184063313 0.0193296639164329 -0.0361460584643916 -0.317549462654164
-0.0620814725292594 -0.0494562019624122 -0.0746810187715184 -0.108380052396493
0.0270605942064686 -0.0193394510814667 -0.177439082480349 0.0430993489062839
0.0196954001177765 -0.0960697340866853 -0.458280531690602 0.275221044546839
-0.0886317519450486 -0.0435571529427446 -0.155793392737262 0.534085108692817
-0.0898104941630595 0.0687261280095074 0.189041855084206 0.365016816079415
0.0243658757736849 0.0760039410466176 0.22049321739031 0.0897616773372088
0.0343395152707989 -0.00230025259562575 0.0963447992168382 0.00172267715973965
0.0203970555278312 -0.0487807785837771 0.0128542618473492 0.0269711380737694
0.0185291732560628 -0.0571757520117902 0.000157079667033609 0.0645013908013183
0.0233448009091822 -0.0684440604485144 -0.00675526066179254 0.109843991325626
0.0715685803222717 -0.0359369300060644 -0.0975541414465674 0.0926117581002743
0.0956776861347659 0.0217743523155545 -0.233256764853196 0.0624543318465777
0.0548624735701263 0.121262717909735 -0.295133703469584 -0.111924518569404
-0.0537737598998484 0.131852340836331 -0.230920121372943 -0.30531351498623
-0.0849311745277532 0.0211693119757437 -0.0382078688663195 -0.380062468076112
-0.0699771876150328 -0.0556951272919845 0.0607552155616962 -0.22254401133866
-0.0688281908114592 -0.246309397179005 -0.234769293530387 0.155057840169966
-0.167635518671054 -0.138480831759913 -0.280074275565498 0.329657252091694
-0.259729535678258 0.0800514705031175 0.0194820205311585 0.384792981565852
-0.0673884784708652 0.227256455708402 0.197236836552194 0.206211748394824
0.109106108142154 0.106463942853703 0.149713392759838 0.0374430393815089
0.0926722158198213 -0.0114961384097831 0.0554367721018412 0.00279222592909037
0.0803526771311468 -0.0701583622539517 -0.000660839574298541 0.0388079913896695
0.0755321226782961 -0.0869048716108647 -0.003100892002931 0.0326442088900365
0.0212739370910444 -0.0789943714942404 -0.00331653646502481 0.0697717973666986
0.0721753668234339 -0.0371642094457725 -0.0815410827090139 0.0820410466990505
0.0782696110975481 0.0272863977514016 -0.220944810103686 0.0768964054316622
0.0312916505265426 0.102402285540315 -0.312809801646087 -0.111775619854833
-0.0428188915338112 0.0890621388775321 -0.229357302652097 -0.348712334074349
-0.039383876344703 0.0112549075929473 0.0491789740500706 -0.359146405803068
-0.0340567155012277 0.00141561133031644 0.0134503711592568 -0.0863478769570176
-0.0647546985690751 -0.0969013879775374 -0.214676986855818 0.2217992171879
-0.262694790154553 -0.0972513752025453 -0.213536006539461 0.388267446010119
-0.213915812146073 0.156418729680757 0.0606063110401517 0.38243007311902
0.0195978976016435 0.234189192391073 0.22259828758414 0.197182324336554
0.149863375830993 0.0603092786253177 0.181179476510811 0.0328040582745417
0.100754637622363 -0.0535073507874511 0.089044658528122 -0.0167643682179031
0.0770769132493057 -0.102991633842702 0.0257035233834317 -0.000300673219387922
0.064994874992666 -0.107338416949082 0.00472011478199802 0.00447852845110924
0.0557005694214722 -0.104201017863634 0.00543290264253067 0.048410187925799
0.0606389548676125 -0.0376911114654847 -0.0723785944153366 0.0772309491750998
0.0786232745661798 0.0251921733562449 -0.179121542389105 0.0915059535196881
0.044148493660459 0.171289569817372 -0.259016317428875 -0.0763410658542201
-0.118329191942136 0.129628195275955 -0.201539102882985 -0.281896594136919
-0.132843607994965 -0.0648532313228247 0.0204378515147876 -0.305768439778806
-0.0609362407695226 -0.198984120245876 0.0252805444014606 -0.0770900379250052
-0.13294125998063 -0.189891985203998 -0.161555422352377 0.317149791858166
-0.232176868357279 -0.0200431860707459 -0.119749343926988 0.423815921002778
-0.125248798089326 0.170718835511082 0.12285255431426 0.369508136875969
0.0440056284079222 0.133722528018796 0.212914817565849 0.256751366543222
0.118778996468189 0.0218671325637508 0.244113116789127 0.0564530841558662
0.0778315819719547 -0.0612003325936183 0.121897294208231 -0.057442915805329
0.0561607784461306 -0.111878743362627 0.0312144576491073 -0.055825237524478
0.0100916323816344 -0.0806296796702508 -0.00244777339236155 -0.0393415568273373
0.00714195434568619 -0.0783403854459222 -0.00578286663171006 0.0210323591002396
0.0277078205021973 -0.0361057700943008 -0.0565665607659571 0.0668596083056927
0.0308947225201511 -0.0116667070045227 -0.269209410074293 0.0610592540092714
0.0358254105820584 0.00393375480683028 -0.340666938173743 -0.198777433476334
0.0163129376401291 0.044173267044445 -0.162058574933227 -0.446021837724631
0.0628153110600491 0.0564111312502079 0.215116711141792 -0.415162105473861
-0.00502921713853779 0.0609559699151805 0.0939665651578952 -0.0875574187207975
-0.0959949696338376 -0.08757080477145 -0.111499420344927 0.349026437756661
-0.127581193720347 0.0244563538537293 -0.0332371489954221 0.43158526402903
-0.0352883282862609 0.120718031589576 0.181275933684849 0.34920847639029
0.0822434108983619 0.0889609474196452 0.308220141700822 0.146271926429851
0.102487201441783 -0.0245161275950388 0.251983054281004 -0.0451981712175335
0.0540214651939051 -0.0565427679891522 0.138176882680269 -0.09832051003505
0.0247475291897015 -0.0884530417128992 0.0554430261791604 -0.0918298666826647
0.0162979742775806 -0.0903299847479869 0.0429995934228482 -0.058799555536711
0.0237824958914101 -0.0894644837286378 0.0374120160473411 -0.000717500384396517
0.0687714173567063 -0.0451914040321889 -0.0420017170611078 0.0445830462892265
0.0790776599350478 0.0131844859778123 -0.172631025813971 0.0576941919639776
0.0465418803352592 0.0706430799937367 -0.248439002870495 -0.114115784077965
-0.00124137086834942 0.0517509874419734 -0.184680209520369 -0.320226944258361
-0.00269516265986079 0.00992886842280856 0.0684054921393431 -0.337856067628195
-0.0168135933750027 -0.027420095210464 0.0973428245877038 -0.0336269891792696
0.00816811210305191 -0.0454072781019478 -0.125381111627622 0.0720740150819608
-0.0117634847263678 -0.0901025280405891 -0.383246684416332 0.312833262201535
-0.0997768947089933 -0.0498811853741172 -0.0631485041198018 0.575806472446339
-0.114206369845763 0.0273473481441695 0.306299509904509 0.386628801847018
-0.030648654452757 0.0795458344824848 0.314587787433099 0.0288482386014465
0.00527487227030006 0.0628819097994921 0.120807706919977 -0.064094567307492
0.0152620193855805 0.045522323218885 0.0109337384901314 -0.00490628702168482
0.0140854441120508 0.0352212763072442 0.00448374762978612 0.0671871266875048
0.00394781211912901 0.0288109831116697 -0.0201054845249994 0.10943396427884
-0.0113659853617367 0.0291541085142676 -0.129271727694252 0.0965075436382875
-0.0185832435748408 0.0137195869182885 -0.261494561113021 0.0198664891878527
-0.016334612617646 -0.00219339021580076 -0.262059097451303 -0.174794452750205
0.00626561629086212 0.0113164469441156 -0.12048169880687 -0.314948930376236
0.0058152149894878 0.011486536124586 0.0124077934314576 -0.271843264295926
0.00120212076450137 -0.0126970896064965 -0.076881447604322 -0.15418140825192
0.0208277250769093 -0.138049863912365 -0.158680406395059 0.0150788453181419
-0.0183217633156642 -0.133113696028218 -0.201087862694293 0.296678407413612
-0.125018553290731 -0.0823038279643442 -0.119953701145938 0.56142946567331
-0.118148141563263 0.0127821816356796 0.229306346893899 0.176054114625402
-0.0429152711938353 0.0719462549878744 0.161938954308404 -0.0283915886270153
-0.00297292927700403 0.0609392327708383 0.0573199179708642 -0.0340059362125138
0.0223229216468357 0.0458647155479543 -0.0078473304489128 0.0221378512113127
0.0369427192151567 0.0226158030544324 -0.0341090612213228 0.0953993257895286
0.0222045041473217 -0.00224246499560064 -0.0365677264664743 0.135077634360496
0.0216586049170503 -0.000745561533633979 -0.12052996508638 0.104652439078652
0.0329244531022609 0.0106523543218853 -0.256348706466448 0.0363642616194068
0.022793169068295 0.0515006940633154 -0.269623521322636 -0.15583388567493
-0.0149729999347646 0.0689259861796879 -0.147015404068347 -0.299670492868471
-0.0488958483389765 0.0200477895976729 -0.00799802570705815 -0.256121877905793
-0.0334806157173343 -0.030507605764058 -0.0921711992163125 -0.118814260820692
0.039232962344326 -0.00276880588267988 -0.165848994585484 0.0482077849887379
0.0560871280810443 -0.0811289701926256 -0.455147570753625 0.266805936726022
-0.056245851351478 -0.0751590171734907 -0.165355631890102 0.548472885233042
-0.104396465137496 0.00104231684154014 0.204695428158133 0.400165710320683
-0.0301005563507212 0.0582048944520098 0.252290794503705 0.0863719742686934
0.00643846708220001 0.0264195614169214 0.106301241200545 -0.00982075752032593
0.00802499385520992 -0.010030599366072 0.0153302873287329 0.0257496137443344
0.0120370592198044 -0.0250262171260139 0.00540243228896028 0.0722730467721605
0.0169418937541723 -0.039163262600743 -0.00785534323823158 0.10763223934725
0.0487738958949102 -0.0232799099293396 -0.106091718406608 0.10007929612169
0.0725200978228336 0.0116818562170905 -0.237932432932505 0.0514054456479097
0.0521413348627369 0.0945620103114482 -0.274407422258666 -0.128521933239992
-0.028338548625647 0.106108773232836 -0.231717594512508 -0.275428842447378
-0.111690373006032 0.0232563645618872 -0.0420846949637025 -0.30262660116415
-0.0589715283097176 -0.0431630938798766 -0.0746885272102708 -0.0990879598259336
0.0256848391582832 -0.0139825429258888 -0.169348511872674 0.0471146955458965
0.021265665466123 -0.0894719542656341 -0.432789247918443 0.272354045107945
-0.079265735918436 -0.042766469183872 -0.139314311406483 0.512136715966994
-0.0827258743857723 0.0594764628024449 0.186676098069346 0.342696308507415
0.0228203437795709 0.0693338836197629 0.211086057556244 0.078457131148512
0.0285870080419913 -0.00286965202727244 0.0919136632814726 -0.00200109791798413
0.0145036581841221 -0.0444598590716639 0.0136146581398285 0.0246273504874958
0.0128385883161737 -0.0520720198594964 0.00304812603370208 0.0593462409493044
0.0174547726313487 -0.061917283863006 0.00289253159086296 0.113653065052786
0.0646896640044597 -0.0343616925972343 -0.0885219797722244 0.0893704190971291
0.0878014214028091 0.0186878894160065 -0.216271568471228 0.0659841767603473
0.0533105455412806 0.111338901384713 -0.282436204090094 -0.0975124753910232
-0.0460143303727302 0.124756949477161 -0.222320594527134 -0.285399431085992
-0.0768599924437379 0.0201021785890394 -0.0461936198828211 -0.356202028653218
-0.0722181422147299 -0.0603061837527049 0.0460665082143221 -0.214692557666279
-0.0927158492183067 -0.265299507481721 -0.212281913050901 0.156986351991807
-0.123293420700822 -0.109009557060512 -0.263251518621826 0.310339430361771
-0.239583754103089 0.0887455480116351 0.0222178468419032 0.358729334804021
-0.049959476281575 0.218023014287224 0.184548932513197 0.188330518682137
0.107446141610895 0.0931223256149083 0.139929890079963 0.0337618767489264
0.0859218494167722 -0.0156717144986262 0.0517638668081512 0.00287243653392856
0.0711165804202044 -0.0717445069532061 0.00145593112983762 0.038142074936831
0.0658454826776118 -0.0881280267483673 -0.00250155396388835 0.0313699757453632
0.0151427968055218 -0.0712343835289146 0.000358479200900004 0.0636576375232385
0.0641336624437985 -0.0355262619411824 -0.0740352129562079 0.0789928363415167
0.0703808648919797 0.0242797011497829 -0.204805750960124 0.0802443471140252
0.0302030148855007 0.0929129210974803 -0.300385757623113 -0.0972790760747089
-0.0359596669447139 0.0817697186364548 -0.227749694190312 -0.324162699689859
-0.0329294507531412 0.0102888544597462 0.0396152400097246 -0.343165702406706
-0.0299898254996434 0.00756012477033068 0.0102886559473248 -0.0821186511856077
-0.0607381908603715 -0.0758593061051419 -0.193704078599668 0.218034262910411
-0.250702129266962 -0.0773344101054073 -0.191208235714198 0.368576709846222
-0.193506350514656 0.158607566567885 0.0645974724718754 0.35490327538413
0.0330801451051449 0.219997461754995 0.209093646607496 0.177681583197535
0.144132045202768 0.0485806286190198 0.169254371446141 0.0268755682981026
0.0913251819452314 -0.0554445475865941 0.081999962850433 -0.0175267241000639
0.0658339856690175 -0.102822197974953 0.0239654716714052 0.000862856800752883
0.0539178052355868 -0.107088917892336 0.00588892745697809 0.00678817984119142
0.0451488512794332 -0.100702475169209 0.00574985816145655 0.044231638861085
0.0485422969884238 -0.0340908991049776 -0.0679856315064796 0.0762243762324685
0.053870211912921 0.0167824050542283 -0.165396382190158 0.0911404291406814
0.048212991468423 0.142800292408721 -0.247280498017427 -0.0687496481915277
-0.100698179174901 0.129800603388999 -0.191926418104745 -0.263700894039916
-0.129632125668063 -0.0518852826115358 0.0194281915405029 -0.287163064842523
-0.0738623414562203 -0.179812535525438 0.0342244994363139 -0.0755977741682101
-0.141616955792109 -0.171058816319364 -0.136439019117256 0.308323880533659
-0.221683562271371 -0.00634211148895997 -0.0981929762943565 0.399931902202525
-0.110064045646701 0.167769834068529 0.124942751638707 0.340799910185703
0.0464303306818828 0.12253046442897 0.205983323912552 0.234826462671277
0.112052582939243 0.0150648125442568 0.230259643783302 0.0452925709690292
0.0697489120776953 -0.0610817337165742 0.110584069022674 -0.0577313181449833
0.0461050922774616 -0.110146193504311 0.0253224307406901 -0.0514456190362227
0.00392572340742727 -0.0745719129245594 -0.00422306841877014 -0.0343570508009575
0.00101633466881614 -0.0713718285625042 -0.00580185257682242 0.0205923017694822
0.0216382415140961 -0.0330357967533338 -0.043393720227916 0.063808570489094
0.0313519769731259 -0.0109880890393843 -0.255730901581865 0.0652656226351614
0.0346833043476696 -0.00281921723175982 -0.331667879517263 -0.181448211867262
0.0128718275369392 0.0447354415020611 -0.162571714368999 -0.420872313840003
0.0654321600344782 0.053224695479053 0.198208577732004 -0.401811091604523
-0.000461536015304962 0.0668820942676945 0.0894407255350296 -0.0872872996393701
-0.100198953870116 -0.0763304066164252 -0.0869817479268821 0.336984960476432
-0.120594595039896 0.030904642535275 -0.0145270379847226 0.40458161043922
-0.0273294195781904 0.116321514868316 0.180133810216457 0.319368108064871
0.0837299729686489 0.0807439624930468 0.289265692900081 0.12415345209326
0.0948754018616658 -0.0288973936147627 0.23217869320779 -0.0496072573353013
0.0477320574027759 -0.0555285873590773 0.124791632989761 -0.0968617133961902
0.0181215715381651 -0.0849267206411903 0.0473130480414676 -0.0885758988717351
0.010697578581637 -0.0876124523981514 0.0367403164544005 -0.057890387209022
0.0169090033281399 -0.0862523015585066 0.0321002312801074 -0.00378022918646593
0.0624126584818191 -0.046845894486568 -0.0427872127152681 0.0408817577241848
0.0765699693900446 0.00692726913046939 -0.161228327092863 0.0530066912449721
0.0524852103182832 0.0630429539869956 -0.231698542696138 -0.10789655107643
0.00384185518384682 0.0524526646215665 -0.172854594472775 -0.294261452690573
-0.00520779398974155 0.0120481839043249 0.0628695624775234 -0.313187407666904
-0.021837052052862 -0.0227962418465524 0.0960261619102452 -0.0352551745413358
-0.00277028213960056 -0.043026093249952 -0.105509786982885 0.0984946620275987
-0.0280497141683642 -0.0788956323941924 -0.318669070829682 0.378493855023078
-0.099417339254257 -0.0238216309283138 0.0436168844728436 0.566887295037431
-0.0942822436288098 0.0505142825758123 0.363592162128651 0.313743593219424
-0.0098334013428765 0.0760042826246198 0.3077881048026 -0.0307635308073885
0.0173379852063156 0.0557498952960709 0.105075533197123 -0.0846438064296321
0.0250538915536839 0.0389171361419015 0.00803972086900315 -0.00661617102203272
0.0213300815114616 0.030071902797221 0.0178311123413828 0.0599595288835195
0.0103069931751456 0.0271276050188952 0.00473578859634187 0.10453626030012
-0.00608995379039825 0.0307847938901661 -0.10364236741608 0.117544614045592
-0.0175405159676604 0.0158327861210495 -0.246306927091421 0.0733096782127964
-0.0169198547588184 -0.00194627699675982 -0.288386115964465 -0.114988948309663
0.00919004637007297 0.0054473343591399 -0.182002689052347 -0.278600804451146
0.00890091775055588 0.00591945591376994 -0.0456762770432545 -0.265437798728138
-0.00322243847894061 -0.016853724268213 -0.106087296475625 -0.130712046199715
-0.0119776135933032 -0.126685468887388 -0.151241384926824 0.0435278355535545
-0.0408852414220015 -0.115243770643505 -0.141994868921942 0.316007022871444
-0.1264526214763 -0.0463101288269462 -0.0137139093629768 0.558817934007357
-0.106948251012934 0.044940975746967 0.241084830216972 0.120954845759056
-0.0271570131001023 0.0708732371668871 0.143167066604723 -0.0500775300872076
0.00761638956758786 0.0561950830539015 0.0488032392701463 -0.0408930395963637
0.0300405889848498 0.0381127297046624 -0.00915898281311851 0.0286217799062404
0.0345632208029833 0.0122495796020596 -0.0106833936256945 0.0981191333992972
0.01961442789346 -0.00383086798118227 -0.00485477050853581 0.135742558847454
0.0187677465324503 -0.00287620383387018 -0.0939292657778478 0.12434226979907
0.02851751433273 0.00384446643125936 -0.238203042849991 0.0881457905776356
0.0293095241545755 0.0398355629244173 -0.293409032365287 -0.0951128779293298
0.000362876051125751 0.0618097696568906 -0.207178419840477 -0.259671422889262
-0.0406327982071896 0.024596529768482 -0.0594412958252499 -0.24778836232302
-0.0381451867449514 -0.0252846762961756 -0.111147080628303 -0.0936339994178336
0.0359120317975483 -0.00512549611797208 -0.153184955340206 0.0855027346052026
0.042096495645899 -0.0807643739363937 -0.396070864924917 0.349582904135352
-0.0598607548449176 -0.0585732231556653 -0.0577779261716708 0.559085564583307
-0.091446086261312 0.0189352052982933 0.270861141691984 0.344710990473923
-0.0177389357476491 0.055298581424924 0.258271252302256 0.0356896988044475
0.00839267434442276 0.0232668132429493 0.101185979918419 -0.0298445623845615
0.00340015973535119 -0.0075576341213827 0.0221840419724196 0.0201432060622293
0.0058885485826103 -0.0228850314385276 0.0196859535801963 0.0654560188107127
0.00891011059121882 -0.0357648887933501 0.0152743054583116 0.101166940921971
0.039365520871567 -0.0287528814495835 -0.0813093556296829 0.117685231159676
0.0647849066104555 -0.00167856434833986 -0.218035365414716 0.099257007019091
0.0627191352457149 0.0739235859569979 -0.293974826514758 -0.0673651593046801
-0.00605909710738133 0.0958472018000319 -0.293130703571695 -0.215684081041068
-0.0730083042962089 0.0361081733126974 -0.105162884045369 -0.294896290892192
-0.0629931128026266 -0.0297942067219153 -0.0891461781161933 -0.0789462124974209
0.021342631602363 -0.0116769058636402 -0.157382233474892 0.0830372061247644
0.00898191681683472 -0.0820124754606005 -0.372982558664023 0.349722881433172
-0.0734864562527237 -0.02530160174699 -0.0399727374323899 0.519614680984141
-0.0594878435784916 0.0698586091602407 0.237521015844837 0.292383408315989
0.0362739860281388 0.0575146934100388 0.216909228328423 0.0383095327318542
0.0225537593726611 -0.00818157709459767 0.0897237985597761 -0.0183254920196728
0.00115875125586037 -0.0409369379046584 0.0214166810168572 0.0209544284997544
0.00120528834728625 -0.0474869674403865 0.0155338213490374 0.0555332490804353
0.00409840291962369 -0.055635564941031 0.0280335001183963 0.108280164336441
0.0525381109620585 -0.0416122996348946 -0.0666813013285918 0.104417500887259
0.0786418315891367 0.00268408780642793 -0.194081945737643 0.108976248692718
0.0657196104552208 0.0876469477653242 -0.296610611384142 -0.0353379784523173
-0.0184713822515967 0.119027225645845 -0.273404051836127 -0.238541407388238
-0.0629613353204999 0.027975829326752 -0.120804131277376 -0.337363660881669
-0.0839659250724882 -0.0516169687440118 0.00159136940470303 -0.215845116916794
-0.134786860849293 -0.20075025661488 -0.173364120915302 0.184892470881444
-0.247089215983233 -0.0841356904638203 -0.192975274016503 0.346858899051372
-0.193397689372071 0.133987762473564 0.0654421008126471 0.328688408731556
0.0101238861139658 0.207484113041449 0.190349515873477 0.152804580245635
0.119050670895987 0.058815906903119 0.140566443661128 0.0176104308329555
0.0744517491323669 -0.0329044187946117 0.0537940314226292 -0.00144794694785729
0.0462271785088466 -0.0824657564182008 0.0171978395909843 0.0412116117311792
0.0414067868290708 -0.0963545773427832 0.0044054200649822 0.0306474409714509
-0.000575902240152771 -0.0641840884410744 0.0134463456278541 0.0595538471422173
0.0504048874602216 -0.0418731313460492 -0.0558981800201808 0.093039201398673
0.0624300753574797 0.0109634629039606 -0.180867333460038 0.121542575863013
0.0394383491369963 0.0725934874944677 -0.313959953906353 -0.0314827072811251
-0.0156966374138177 0.0717965397623522 -0.292491386867089 -0.269194264306977
-0.0208644752598209 0.0118943248910918 -0.0304110265832736 -0.345176389160786
-0.022568436169362 0.01606257946825 -0.0057655751375129 -0.0835110340399766
-0.111808226830245 -0.103035558279595 -0.136646188810571 0.253391086592169
-0.241078763960594 -0.0123737448388341 -0.122055811612876 0.380946597647389
-0.137409707987919 0.187904409964481 0.10655240633301 0.322167999133789
0.0860173375754847 0.190421388625721 0.215805714737679 0.141649262646369
0.144258422560605 0.0106154166161497 0.171205771444299 0.00335684262974312
0.0719264294077828 -0.0709166157975853 0.0794757468101344 -0.0294368304834622
0.0342321753461801 -0.110220952806585 0.033535966913678 0.00196698823928049
0.0261218374649104 -0.111237094382244 0.0121331289664412 0.00882516749666648
0.0196567521916175 -0.100571738944241 0.0114882565001665 0.0418391427249336
0.0346768306253035 -0.0375528208723545 -0.051490791095641 0.0900749003782139
0.046783766044448 0.00665890527474068 -0.141999148614147 0.121120288887864
0.0639604066650781 0.102686431780514 -0.257892162382293 -0.0184491157339418
-0.0598463142695175 0.135125326584107 -0.241463332383233 -0.225331786793116
-0.128957722783286 -0.0184758427654734 -0.0264614960135008 -0.284336069975171
-0.11230274143151 -0.145234046463545 0.0621855117090665 -0.0883123747203664
-0.169923684833613 -0.121467038174971 -0.0634186592955687 0.31849448598065
-0.202119954220908 0.0471685166232715 -0.0214030607275458 0.398289371743835
-0.0601501742559878 0.178419839641529 0.16692453177414 0.301208071058234
0.0728356287751118 0.0992668258930609 0.233198490699511 0.193884119308694
0.10673598965941 -0.0127819508812118 0.23254033796376 0.00428659199989364
0.051178617403548 -0.0712502059660558 0.0977703330865259 -0.0746591276897888
0.0150966703109871 -0.111895945923486 0.0210961790869975 -0.049919887280891
-0.011258436148337 -0.0680033331792758 -0.0125679138585723 -0.0297522074803364
-0.0148060233960242 -0.0625844033424518 -0.00239033208868013 0.0230090483404251
0.0109203664558502 -0.0328282373199945 -0.0306418422086276 0.0707503280070197
0.0219090137628438 -0.0164019788524008 -0.236080530928704 0.1185220891439
0.0277160731888395 -0.0210631834310385 -0.360986035677578 -0.105474835760932
0.0212288276985899 0.0372770228741185 -0.246274751555099 -0.380557469565044
0.0835975887129573 0.0365763585206255 0.107552603518278 -0.437671056080201
0.0188072401242562 0.0708768702004184 0.0680218902434906 -0.108066654026278
-0.111353520262421 -0.0447056918810272 -0.0099458871430902 0.3431099615987
-0.100776367244532 0.057523813292963 0.0637503370438068 0.390701265400786
0.00389887012323012 0.112445358929202 0.225473300433593 0.271991733292626
0.0998994003448069 0.0516890315124154 0.293962255263034 0.0717559767550435
0.0819327149853402 -0.0505025898489691 0.215207938685616 -0.0896629952415366
0.0320201629266056 -0.0625782668236674 0.102398792086452 -0.115331666787131
-0.00315863698749916 -0.0828114931486587 0.0315769193402675 -0.0926726211608359
-0.0084651498597562 -0.0846371272902869 0.0214443135806056 -0.0627629415894313
-0.002111012098905 -0.0830867847926913 0.0266510564312297 -0.0101765034844688
0.0474604687800895 -0.0575391340689672 -0.0381718285376117 0.0493328969977569
0.0700711524958124 -0.0107160794798652 -0.147127015919914 0.0799316605975968
0.062956678351941 0.04246798405516 -0.243670136952192 -0.0637060863028946
0.0177124447233095 0.0457014503555008 -0.217536223356949 -0.249648423100347
-0.000252224071489778 0.0139124299620712 0.00293860645411263 -0.312572376956883
-0.0278629113592168 -0.0129312841360235 0.0923175138848874 -0.0545336561416399
-0.00545697038249036 -0.0429858441176082 -0.101264349621461 0.10318994512142
-0.0315460692137353 -0.0783413063281068 -0.312107103820415 0.381142681368087
-0.100303140736037 -0.0219295230874157 0.0490901638257637 0.564266735815649
-0.0943443263441964 0.0530374657804987 0.36840408773549 0.307100869064232
-0.00799974775619734 0.075829894488331 0.306850444436689 -0.0367505376715702
0.0196272286413157 0.0547185644524717 0.104888529344371 -0.0890413585153335
0.0269220436797929 0.0374062945370151 0.00902899744542483 -0.00908530227183263
0.0225520009792125 0.0283223576573846 0.0193540925974447 0.0556556279762077
0.0121263705025717 0.0267974440672412 0.00875886856712642 0.0980636752404503
-0.00444299087808341 0.031298104166102 -0.0976743882628734 0.115460296063286
-0.0168623792416286 0.0168694210054087 -0.23839179705464 0.0775148714264451
-0.0165750495571217 0.000986336106727909 -0.284900742410983 -0.107412708313817
0.00904313146942677 0.00546395239733775 -0.183717225976363 -0.269407176479507
0.00666472642109774 0.00432893494387952 -0.0485007634460424 -0.259249000820683
-0.00525496596538936 -0.0189159420308189 -0.109402957896233 -0.12373825762609
-0.0190846480966232 -0.120882942075175 -0.153922260590897 0.048232337607115
-0.0427832565114701 -0.110951237122347 -0.141780031663786 0.306847965221569
-0.125119247068151 -0.0420884463421016 -0.00884522008692513 0.5569808966161
-0.105199186607765 0.0455508364928872 0.23139684209892 0.12407339126614
-0.0278569850869771 0.0696317733333503 0.140065988826527 -0.0448939416676836
0.00804405935235157 0.054621502273234 0.0493338864329842 -0.0408478087367128
0.0305284579106432 0.0369501301228605 -0.00778183025786487 0.0304563248973828
0.0269651067696264 0.00885000731190976 -0.0047569495638872 0.0981861346134932
0.0206838480824916 -0.00307428613481871 0.0016309634863082 0.131969775001562
0.018482209196286 -0.00245124783524076 -0.0880852787842989 0.121932284046739
0.0271874058268299 0.00406337799687928 -0.230439165502846 0.0916881758636726
0.0293135242736256 0.0397563487345498 -0.29046315417178 -0.0876911742647117
0.0014662585611889 0.0607254338953587 -0.208348908934032 -0.25004559355371
-0.0410875173160081 0.0234871476467446 -0.0627000070686256 -0.242129528174085
-0.0388647608225359 -0.0249229036588768 -0.113171256199503 -0.0868239100563118
0.0364992479860605 -0.000587901468767157 -0.150655330522062 0.0912751791703408
0.0440812290252154 -0.0798067181089555 -0.391409618800542 0.354489375410671
-0.0570619377835672 -0.0608360919370141 -0.0503704897214178 0.560200785205245
-0.0925039117636956 0.0158969447607561 0.274130896087433 0.340060680962993
-0.0205939130175484 0.0536339748115338 0.257391053670609 0.0295726926627603
0.00610251012259361 0.0239757800745436 0.101566883996893 -0.0331568860236631
0.0019222437068235 -0.00516200214493669 0.0231256110022285 0.0184714418268128
0.00452541552582771 -0.0206346377089261 0.0222176155482837 0.0623388266440156
0.00818779267829505 -0.0329520781290501 0.0186088538821856 0.0944135679931365
0.0383335490353102 -0.0277558950477244 -0.0764058217041352 0.115071761323192
0.0621236520103388 -0.00163057217247052 -0.21042738851264 0.102080348404395
0.062916841461821 0.071372964350196 -0.291083257601037 -0.0599533739302416
-0.0038980543370775 0.0923740789763451 -0.299390729731947 -0.200141565106683
-0.0675191020478077 0.0347484322029152 -0.109885584186181 -0.289097970951984
-0.0620401863391655 -0.0271257553385129 -0.0907101633349979 -0.0732546836730723
0.0231423385353966 -0.00558345952213061 -0.156013456228086 0.0874239389556243
0.0125348858873871 -0.0795324755990189 -0.365497699530312 0.354918036541342
-0.0687957862748418 -0.0284181131123129 -0.0326667538201607 0.518514037814344
-0.0583825241269888 0.0756534810166285 0.239041109728483 0.281056085919141
0.0462295365443163 0.0617546528891391 0.213988680818995 0.0334957899644224
0.0180630309586214 -0.00700813766817106 0.0885373858261903 -0.020550426582655
-0.0027724917625741 -0.0372729372523378 0.0217726299993159 0.0200947924790392
-0.00148964528047995 -0.0443581779405242 0.0179254225003704 0.0568986622347255
0.00294351736748246 -0.0516420215968602 0.0273316665617121 0.0952549407221681
0.0503368569637459 -0.0407342885054044 -0.0629434642020262 0.102569671451466
0.0753217293629881 0.00296914591832327 -0.186203725755974 0.111574465689092
0.0638673303207885 0.0841947448570856 -0.293532937097324 -0.0279564217989086
-0.0167099577330284 0.117934806210254 -0.274340155812416 -0.228484383513854
-0.0604082485906305 0.0268222580349208 -0.125337598637302 -0.328439993034098
-0.0975043192364599 -0.0620649231078911 -0.00943280881489657 -0.210423894107173
-0.125581479508606 -0.163358605791061 -0.168266684866829 0.184397015081997
-0.245516328731368 -0.0678808521385991 -0.188016479190738 0.342195711202364
-0.181465493354248 0.140697604143775 0.0630755396378049 0.322001667436759
0.0212593567878494 0.201104443147901 0.185018374872383 0.148374749613271
0.119162661094841 0.0508307168991946 0.137676597975936 0.0169256125145339
0.0710502098061018 -0.0357980223700255 0.0534958116334598 -0.000447943338173756
0.0394676742058036 -0.0832877404266326 0.019855094134987 0.0412878020775136
0.0337094097576133 -0.0983252052178222 0.00500282986730822 0.0305772143741528
-0.00302573887758282 -0.0589505270641058 0.0150033860699019 0.0551633572637436
0.0473361331337018 -0.0404943867901126 -0.0526214070262116 0.0922557957777676
0.0583606814259184 0.0113730075511575 -0.173971329443474 0.123885618953752
0.0357872217368326 0.0676529376862702 -0.311989019308464 -0.0229264779448709
-0.013551473335279 0.0656544911873965 -0.294753373566218 -0.258986810629215
-0.0169057208880514 0.0102029798168685 -0.0353126762634781 -0.343074133644507
-0.0184729934692495 0.0203984597433235 -0.00755408971469427 -0.081320840152008
-0.103772857213785 -0.0815229473781784 -0.127109610945473 0.253008396693844
-0.230089722852951 -0.000929527698417031 -0.114443470129492 0.377117648704667
-0.125039559129961 0.191737673423265 0.106365902521195 0.312695894749736
0.0952026333001941 0.182037190300685 0.210739507788791 0.135982740022037
0.141837348650184 0.00207930029980763 0.167116240597343 0.000563015260973425
0.0666520203046753 -0.072792019361967 0.0770321138931181 -0.0295104710091178
0.026366274614239 -0.110282518893782 0.0333436369331216 0.00179963204324112
0.0178388828728132 -0.112090360171533 0.0192962599799014 0.0113306340847374
0.0130980885849834 -0.0993320377956871 0.0114301343000381 0.040268964260833
0.0313545705735294 -0.0354291610453965 -0.0491435431589667 0.090730122491859
0.0530506553656428 0.00459997354541713 -0.138889161607141 0.118841284570297
0.070422022500335 0.0989509275677259 -0.254557661313926 -0.0187677437997439
-0.048445972424767 0.13532764957387 -0.239008201511513 -0.22133820049288
-0.126865432058506 -0.00845540303440531 -0.0241709744420217 -0.281528961261154
-0.120391025969191 -0.129304788456191 0.0707059558578642 -0.0946867039774576
-0.177340605864586 -0.107310073328393 -0.0481574968388246 0.316026226398238
-0.197099037737475 0.0582556024723988 -0.0125859684915912 0.388317139151696
-0.0503000216086394 0.17860151639311 0.167509092034019 0.288487274554144
0.0736195180246772 0.0928161179347144 0.23155763790372 0.185662860519965
0.103451190339304 -0.0167394329890069 0.227322210643916 -0.00157108650329851
0.047061047910506 -0.071211213148802 0.0926046205031881 -0.0744676894529943
0.00832384659850998 -0.111271421924875 0.0190180556465639 -0.0471776383170281
-0.0149181024485735 -0.0646253043840487 -0.015360328217775 -0.0262110421553391
-0.0182820503608048 -0.0582483620404384 -0.00309966823776153 0.0234895349350122
0.00743553282555599 -0.0309426402951534 -0.0321135822193896 0.0701758415684913
0.0177739119296138 -0.0171264951981423 -0.232134322144872 0.123987710261626
0.0245746296131684 -0.0270428117097439 -0.357560491345781 -0.094310418770629
-0.000687684560886408 0.0689831827336371 -0.244776904497729 -0.377343032775909
0.0877142762887424 0.0355810310835119 0.10293970928707 -0.439205758260714
0.0225361806761613 0.074914720543257 0.0657961694449662 -0.110253914202265
-0.114794421644526 -0.034763170186045 0.00613415377009572 0.339149107007873
-0.0969725635119293 0.0638357880621991 0.0743524702197662 0.378181113324665
0.00933547029318018 0.11126357800828 0.224923672365012 0.257714674567243
0.101671362491453 0.0457261327320724 0.285215807352886 0.0628563464449649
0.0784310204006915 -0.0536490758940357 0.206498252790411 -0.0920202444519554
0.0295855758461527 -0.0631095750236471 0.0952315075456453 -0.114675788913281
-0.00781327508878389 -0.0814137827263558 0.0261815614152992 -0.0912278631994456
-0.0133700548339387 -0.0841810891754816 0.0168013356703439 -0.0624866137421762
-0.00701647068986607 -0.081999086747144 0.0227146988782683 -0.0107968183988308
0.0438653856299986 -0.0603413787800134 -0.0412401782212297 0.0490803082573038
0.0693826779794946 -0.0160152523398807 -0.145413341274893 0.0763173380428083
0.0679512396341145 0.0372312231903079 -0.237850938804972 -0.0663625173061098
0.0226680281118621 0.0469717862483808 -0.207253975994822 -0.242635421170294
-0.000555730078760905 0.0174821248800947 0.0063188894900306 -0.304285919799123
-0.0316659894518468 -0.00743950079204122 0.0949138405521903 -0.0576957868036055
-0.00854271440895891 -0.0410706213912838 -0.0945808515408309 0.110767670911592
-0.0363940313692752 -0.0769944836507147 -0.296042837169571 0.39236061400432
-0.102295547439641 -0.0172971026401132 0.0698780544820316 0.564873764938539
-0.0930027517420392 0.0589588352262299 0.381449151842119 0.292307038098937
-0.00496285385751832 0.0761431135572732 0.306732232100253 -0.0503792274238053
0.0234214584914593 0.0530268409068315 0.102187461362694 -0.09629436932216
0.0294095797911 0.0356411416389863 0.0102843032472711 -0.0111641526151174
0.0254129646190267 0.026569759545787 0.0226638922489212 0.0512782669251684
0.0144389690855612 0.0257066416417098 0.0150318593712437 0.0916502454029099
-0.00174342616853274 0.0318402631782477 -0.0895072319879182 0.116478148602443
-0.0160175377670644 0.0181838394947726 -0.230049751440671 0.0882347805659818
-0.0164742485738231 0.00324952122519363 -0.284749683920597 -0.0921978211345087
0.00874743230265481 0.00500129325545802 -0.193642205206109 -0.255720141275232
0.00421179125375283 0.00315413455134225 -0.0581171499175561 -0.252873323227025
-0.00824508393113175 -0.0205077056998172 -0.11643906069668 -0.112743918987309
-0.0283576218365792 -0.114332255447023 -0.154743726892206 0.0577791472086464
-0.047709850450573 -0.106169246066193 -0.136429417920792 0.305241522183938
-0.125342365199256 -0.0362508666651915 0.012752458071726 0.559654991707866
-0.102679343376102 0.049201301494688 0.228785316487127 0.123599753123442
-0.0273864581360896 0.0699476143562509 0.136745845730062 -0.0442839605194083
0.00963402560448444 0.0552727255566634 0.0483429212499302 -0.0419785930289257
0.0322837517994051 0.0359362533889588 -0.00336205204259628 0.0301359072103449
0.0232947050415501 0.0069678369143717 0.00300592194997091 0.0978593155534592
0.0216111834541473 -0.0031843326269889 0.0115132635529422 0.127908734294275
0.0188865151293071 -0.00227495209918948 -0.0795986021056266 0.12212554807236
0.0267278671916303 0.00386736919490708 -0.221334063825266 0.100728796066793
0.0302429478064591 0.0393054514101163 -0.290223629479998 -0.0729556325201083
0.00385338182472097 0.0591750026760981 -0.21774415585538 -0.235824551324861
-0.0416384213842225 0.0246579633338062 -0.0709735781216359 -0.235946565393407
-0.0401760764930113 -0.0229788748669333 -0.118122408291666 -0.0767771608081085
0.0385606653284384 0.0028486803572904 -0.14652955792755 0.100982180363226
0.0447581729820058 -0.0809040171732246 -0.376880156367564 0.370567342096385
-0.0560245069121446 -0.0635352094354381 -0.0300323851699477 0.565045525156395
-0.0938994285311619 0.0145789646032843 0.289193118679974 0.328131304205499
-0.0224919202054077 0.0534664735777712 0.259135681934643 0.0170118158970223
0.00440038160311397 0.0252090955020385 0.101166393627143 -0.0387866955675559
6.24156267546631E-05 -0.00207176610401952 0.0251042738396179 0.0157897614094901
0.00318828463349796 -0.0182322006844716 0.0258517085123628 0.0588740024797483
0.00710301706137054 -0.0306271937144077 0.0237459682427377 0.087663022102951
0.0365979432225365 -0.0279500237849494 -0.0689310844914612 0.114637804065654
0.0606573572635366 -0.00327999534402473 -0.200542884290509 0.11012152750605
0.0640920480245501 0.0678868225863951 -0.289900177044186 -0.04576800145221
0.000146805896076768 0.0895115363464242 -0.308566168657937 -0.178221088948054
-0.0653644537171712 0.036148340559361 -0.126240765825575 -0.283653740486664
-0.0640585232159951 -0.0244908258546453 -0.0942735497031192 -0.0644741395204809
0.0252785972774365 -0.000129536910797267 -0.152191608007577 0.0963641014090574
0.014768151646587 -0.0792386756120534 -0.352449655211413 0.36938991499337
-0.0653154060202077 -0.0310498621939957 -0.0131328428832801 0.521327038440477
-0.0559293322691608 0.0766425124696784 0.253407894854769 0.273780111461404
0.0688319474598256 0.0637488560426467 0.212218844090898 0.0234022031602212
0.0141181964128573 -0.00640028414345856 0.0875678248478696 -0.0244717146182961
-0.00669064307299164 -0.0329134659889016 0.0230760386037943 0.0186491788368692
-0.00481577654348208 -0.0411921370517106 0.0209857618322538 0.0550941313223073
0.000548404468795212 -0.0478328103922396 0.0304482141489585 0.087395910782233
0.0481625734199087 -0.0409049083747062 -0.0563454431449615 0.101773226802438
0.0727392053986959 0.00093877802941264 -0.176483506739113 0.118588636192071
0.064483466609628 0.0794845438923599 -0.291724942615557 -0.0125507562682205
-0.01137749218189 0.119135543742365 -0.280385932784004 -0.214346340720359
-0.0576271162856843 0.0271153505057175 -0.138768198901902 -0.316813921939452
-0.141510940181884 -0.0871605560978451 -0.0269205578979338 -0.199469528323982
-0.173873213090537 -0.181701679009833 -0.153410062808581 0.194092017296367
-0.24417632758938 -0.0463354081540749 -0.17663444100116 0.344083458289851
-0.165644795268313 0.150496418611754 0.0686341146245737 0.31458221556668
0.0374276529740738 0.193747012727633 0.184395482448094 0.141269888156335
0.119922306087254 0.0393948569365866 0.135802898073462 0.0125287860265456
0.0662009915739405 -0.0400523336987293 0.0539369247589257 -0.00111444783217685
0.0310977141205176 -0.084853907020155 0.0236569350222091 0.0404591349858062
0.0230303423178348 -0.100371463609869 0.00842896107721951 0.033010266373027
-0.0073512719505365 -0.0545045870874703 0.0176126417377547 0.0514702918848671
0.0442308223109789 -0.0404893924643234 -0.0471602124243799 0.0929864945203963
0.0547144213344771 0.0104374597924901 -0.164742850723651 0.131250523540718
0.0346095817829014 0.0627398502119251 -0.31083216514207 -0.00600695257672514
-0.0102515743286566 0.061231937113044 -0.306212941110332 -0.243441856644093
-0.0126306892764238 0.00920468515797624 -0.0479987062805824 -0.342114988360166
-0.0135391298225414 0.02596880128356 -0.0117717001966088 -0.0795343483950336
-0.126441487565848 -0.0852121890340249 -0.108191187737822 0.258726132346298
-0.231146925806224 0.0190494686913672 -0.0977410362559375 0.37471656803613
-0.10786251603869 0.197614368665099 0.113389914513004 0.302645039543934
0.108430016097345 0.170986620726384 0.209828346031777 0.12522117551532
0.140132541098114 -0.00915098700939389 0.163523534998784 -0.00653162067154507
0.0605614305047278 -0.0760017809335288 0.0739126277011853 -0.0308085758463526
0.0163359187017901 -0.110636053157443 0.0328880340732955 0.000492356858944679
0.00665552549582667 -0.113519346915533 0.00461574425814697 0.00884395830500384
0.00422878994515128 -0.0978702619220943 0.0156679901575774 0.0395303945256199
0.0260123869610282 -0.0330910372360287 -0.04369482019035 0.0929730993043623
0.0740214403661731 -0.0035708182624794 -0.135003585679943 0.120644692960453
0.055421600214732 0.0707381397503036 -0.254912092650928 -0.0063381597673402
-0.0335878958676787 0.135800821713724 -0.244078187207506 -0.212588984612568
-0.124350678655726 0.00459177062759832 -0.0284747549997228 -0.279484694386474
-0.123029037610503 -0.103527485997062 0.0688932812741635 -0.10026230599746
-0.18536255839206 -0.0876167283673143 -0.0253389565500667 0.314757494944679
-0.189743532929592 0.0742407691496277 0.00615410795678769 0.380491487927393
-0.035720037112776 0.180378051063681 0.174718483121193 0.274340081546107
0.0764840389027927 0.0856289311954108 0.234846767067976 0.1726540118115
0.0994273208374082 -0.0236396976829392 0.222126825334858 -0.0128113620880515
0.0416586613189893 -0.0729455424380564 0.0863553285718325 -0.0765310874856552
-0.000825026774250244 -0.110073773732887 0.0241020461126167 -0.0455195349356801
-0.019785685373758 -0.0605331636466476 -0.018365144721641 -0.0216619849745725
-0.0225082083627127 -0.0528934774999941 -0.00269286903876986 0.0243156248993038
0.00351838195118429 -0.0288680447298297 -0.0305297590652395 0.0711149298650205
0.0133240024914874 -0.0180492082145554 -0.225857760068631 0.136876515071252
0.0202931064269698 -0.0338669001362823 -0.361442611441831 -0.0760014703741017
-0.000546350948157324 0.0842503655430366 -0.258980972854685 -0.368883647467823
0.0939286305980558 0.0322322228788216 0.0874470040390042 -0.446217862447041
0.0292734678879715 0.078524893225174 0.0613879056541942 -0.113774094831686
-0.118521161033103 -0.0210591485644407 0.0317818956243857 0.334347185760659
-0.0902463211110431 0.0720531482464513 0.0939357753282652 0.366571537312636
0.0187559979049474 0.109488161727764 0.229839128408752 0.239929508606736
0.105185168137499 0.0369250817184204 0.278860517368985 0.048037278967744
0.0734475263201051 -0.0597930298314982 0.195681847580773 -0.0998238525981997
0.0252897484440336 -0.0642852927699214 0.0862868261501095 -0.116634897163209
-0.0133090756949342 -0.0793069927457618 0.0177270883302485 -0.0898478255045474
-0.0205774046062669 -0.0831484601321904 0.0101978819393404 -0.0625802595997531
-0.0129185848535502 -0.0799432185599246 0.0181074859320104 -0.0121992129742925
0.0386353449979346 -0.0636681927992995 -0.0433316512760179 0.0512989021948299
0.0682681919059912 -0.0227250667901123 -0.143534435189271 0.0778811045377531
0.0727452023057166 0.0282609969054159 -0.236553890231383 -0.0632215536240817
0.0287472093116899 0.0470618505262845 -0.204953069139291 -0.233879269155874
-0.000489336459731572 0.0221300481960282 0.00240250543379721 -0.298884946341777
-0.0358743917556069 -0.00058803982356921 0.0966623549598236 -0.0645795486362673
-0.0125071865825454 -0.037746931902536 -0.0816903987246904 0.117243680968207
-0.0422365931880599 -0.0729173751246746 -0.266389298562221 0.399613366221003
-0.102051206449327 -0.0104174767895405 0.100586502501111 0.548650104170979
-0.0882426433351225 0.0653204860034903 0.391271922838767 0.263257133104738
0.000169510045603543 0.0758516513277149 0.297053993835893 -0.0705153652795414
0.0269996451367646 0.0494590699910927 0.0948499726405441 -0.103008347287782
0.0321886960913067 0.0323086680127602 0.0113657885601261 -0.0147055204731963
0.0276660141758305 0.0231483456666949 0.0263098006319575 0.0457282126426878
0.0170280969619783 0.0239985274662287 0.0212645633583399 0.0832341773133298
0.00146767838846773 0.0312760653392428 -0.0768012376817536 0.115734366329078
-0.0140404923385186 0.0194582449071342 -0.212983320918306 0.0996477760050842
-0.0152235594773157 0.00607142026607492 -0.278739226858405 -0.0701806755868958
0.00844850917821659 0.00475016879004408 -0.201023398403907 -0.233868696016894
0.00169685971536558 0.00255413801079523 -0.070809994564523 -0.23914965020454
-0.0117175950875697 -0.0205271831292799 -0.120655899177721 -0.0971176043213774
-0.0383457876248778 -0.10421295102043 -0.15028582035134 0.0701227121476039
-0.0527467459175354 -0.0977248721542978 -0.120700032671092 0.297370794015126
-0.122206568708315 -0.0265125082468527 0.0452557030110811 0.548307381914188
-0.0971820978403722 0.0529007032956777 0.223870016970054 0.114698696343719
-0.0245691378624713 0.070116594214337 0.129957751965375 -0.0447506875675443
0.0129670363803924 0.05628457337712 0.0445350259833412 -0.0431778572991115
0.0342250469085339 0.03301399079574 0.000457677655873463 0.0302094163214205
0.0207325011093803 0.00557992587461408 0.0139197893486784 0.0947438211398307
0.0218956670192151 -0.00391000443864621 0.0217020032174183 0.120207979455573
0.0186144286393505 -0.0026622508300508 -0.0678205460643751 0.120156504823612
0.0258927621291139 0.00295142200408907 -0.203973659877943 0.11016887083843
0.0314221571247443 0.0371269549197318 -0.28248800073615 -0.0512634297557336
0.00695960184947006 0.0568710955490458 -0.222658848348123 -0.212286016574537
-0.0401569473683411 0.0263263719320301 -0.0812065382260003 -0.222705873567433
-0.0415781189250618 -0.0197733270391425 -0.119542336754021 -0.0618916282923946
0.040420284822925 0.00574872507442491 -0.135239533996412 0.110316876268027
0.0428762027908886 -0.0804513026630248 -0.346957916536843 0.38325359936457
-0.0552604138273998 -0.0626138459547366 0.0038770518764557 0.554983704333293
-0.0945221627221549 0.0159189810488737 0.302672915726761 0.302643524437676
-0.0230995046483118 0.0529388844841164 0.253826673242697 -0.00101259086097801
0.0037495841759297 0.0258881589370493 0.0970372188128674 -0.0463308267187912
-0.000353008712992322 0.00105748307943678 0.0264398583347016 0.0123049774260905
0.0014676833308297 -0.0159783365266911 0.0303427954335504 0.0534927112123905
0.00536249318830239 -0.0281956149641787 0.0292126963737905 0.0781117452356814
0.0336392101445167 -0.02794457211402 -0.0576214725352589 0.11233300111689
0.0576793890958305 -0.00571126419180752 -0.184180630549225 0.117534665560673
0.0650048096391342 0.0619580933819339 -0.281495517342884 -0.0245735573989784
0.00473861858556868 0.0856345359286666 -0.306887246849507 -0.150324451750837
-0.06127488231956 0.0379056171976921 -0.145961051047052 -0.26816112237534
-0.0657822112749148 -0.0206383977092853 -0.0956350173571911 -0.0517052293466976
0.0284156053708541 0.00516791018073574 -0.142337638623763 0.105474482024377
0.0148425638355934 -0.0767465699593862 -0.322796125657447 0.382745741989075
-0.0616270585104861 -0.0317577216408405 0.018603577748732 0.510925645851916
-0.0516784836428471 0.0727230289386233 0.263621724278349 0.250266958368394
0.0577962704179983 0.0519660271196491 0.209016621952231 0.00742631294359578
0.00946948358650907 -0.00529417829360094 0.0838275970303611 -0.0303843136255683
-0.0102010460399964 -0.0276218974065611 0.0243524568998765 0.0162716944418981
-0.00810307117917154 -0.0362990357650826 0.0250275421738491 0.0516088765859204
-0.00260080626197227 -0.043391700092789 0.0331387144103237 0.075719389917159
0.0436174408706394 -0.0410964236979914 -0.0469098734164064 0.100093127083218
0.0685662233804194 -0.00158552314360545 -0.160479646402256 0.125156992477109
0.0640926041591358 0.0718310404230689 -0.28131958066917 0.00777846824167421
-0.00417123809774923 0.108028078441655 -0.283973553181809 -0.188056755594703
-0.0525297057205514 0.0281823425876004 -0.153578755213988 -0.295746405109958
-0.206089930901963 -0.0994187187624721 -0.0442521377965824 -0.176720665480245
-0.176309868492998 -0.145079176492776 -0.136432714068994 0.197917810378396
-0.23536268891359 -0.0202176407770061 -0.155347496933107 0.341891099612824
-0.142599755199083 0.158052188509972 0.0789326166336009 0.300373559844149
0.0546970340021611 0.179917278787574 0.182022825681003 0.127062844999173
0.117267265162125 0.0249558715041377 0.131203126436041 0.00475528973022315
0.0593868617797879 -0.0440359371316998 0.0529309743117575 -0.00299702731785477
0.0204717021787693 -0.0838484048510854 0.027275680672706 0.0378776593352791
0.00972425452236539 -0.098447495579037 0.0244584936357276 0.0421359669062082
-0.0099871382553788 -0.047970061681424 0.019691187931096 0.0461836990486212
0.0371531958542601 -0.0366284666240317 -0.0383445801720385 0.0918879803958658
0.0504733379929024 0.00930980007392121 -0.148125299636113 0.137351856993226
0.0325819184136772 0.0570012652659546 -0.301418994924812 0.0157967944547485
-0.00694821468369584 0.0590551900164087 -0.310342731875368 -0.215475648548105
-0.00789035344998629 0.0077617303741866 -0.0667843975066813 -0.330944298711239
-0.00635439318350524 0.029957164957071 -0.0165652174566082 -0.0753687528633183
-0.0624358878222425 -0.0177438212466785 -0.0915134946706103 0.25290762382747
-0.197644171083784 0.0286493861061597 -0.0762394137338099 0.367106349582063
-0.0837940778324985 0.198847378447337 0.123586667908523 0.284290647193181
0.121441050745772 0.152249325491591 0.206190576799903 0.107737563333445
0.132931065204282 -0.0232800009321224 0.155096884991303 -0.0157746520186327
0.0508788373551297 -0.078519501071707 0.0693826670907736 -0.0339648411452609
0.00393151965866751 -0.107286639487467 0.031856471551461 -0.00155819837998014
-0.00694918204141553 -0.109822662559917 0.00271527322188118 0.0103504556449391
-0.00586204044191994 -0.0930688188775897 0.0208219947656766 0.0370439665887948
0.0200311133261371 -0.029441829733592 -0.0346911925410668 0.0938206876633862
0.0897580388199256 -0.0183628281457079 -0.125888355922147 0.121605955135264
0.0462406262313169 0.052866532011695 -0.248461030729434 0.00913145535420313
-0.0161430910040094 0.131813424628847 -0.24653399209861 -0.194729854699623
-0.117215190437771 0.019018721625165 -0.0388763226990216 -0.270320712123692
-0.0385867891554784 -0.00787299285223933 0.0683076525297364 -0.122245332200764
-0.188153124903074 -0.0614294036520908 0.00276133344505818 0.30320832460406
-0.17429649677804 0.0901696060030275 0.030844160819753 0.363055093600648
-0.0165277060553027 0.176505154734747 0.181423572894365 0.249940348608885
0.0785259260246239 0.075358428781338 0.234912760018973 0.151569121626061
0.092000779529017 -0.0308994613106326 0.210364807804564 -0.0268773323731438
0.033944733004505 -0.0730060748157731 0.0793913821576548 -0.0778298052870277
-0.0112751592840322 -0.0970887523841004 0.0234645717837217 -0.0468348803311238
-0.0245402253291155 -0.0544505271827836 -0.015031317194097 -0.0175228292952687
-0.0255586309004109 -0.049734346838364 -0.00203957055150592 0.0248958501353385
-0.000790298294680455 -0.0257021466872279 -0.0273376747753293 0.072111969605856
0.00797247570256972 -0.0177125124317255 -0.210265971075344 0.149490339818273
0.0146116352639385 -0.039632443787959 -0.364797474774611 -0.0525459422765765
0.0132837754712634 0.0808665603260296 -0.276028268566518 -0.352933016281015
0.098186327282014 0.0253453099331128 0.0587410671505547 -0.442325165777612
0.0376871572952717 0.0801656392251216 0.0575927050129178 -0.113675781714209
-0.116765652106413 -0.00494344515962259 0.0615715673989611 0.319107563817334
-0.0787746414307274 0.0795252276490058 0.115973757064966 0.342133343100486
0.028428592339138 0.103526025413237 0.234221330698753 0.212255093411282
0.105440919208452 0.0244783179747775 0.266836569051106 0.0275956067382201
0.0649740440465065 -0.0641907770394474 0.177270798858034 -0.107676093691532
0.019268179143502 -0.064123480990972 0.0742352408522837 -0.1161974618711
-0.0199156047816428 -0.0740356709095418 0.00882619222399003 -0.086341070579937
-0.028868085264874 -0.0784895001353567 0.00315629895420026 -0.0595880026500345
-0.0201440711656831 -0.076415534088195 0.0128426581839244 -0.0124858695432907
0.0308818176997067 -0.0657451179721117 -0.0420812650176674 0.0533179099471977
0.0639213332451088 -0.0304635428866925 -0.136898751154442 0.0801035972346941
0.0765497428435808 0.021110642838157 -0.230513609285392 -0.0544092809084938
0.0357559484651475 0.0451229040133945 -0.201643847703354 -0.218123788809184
0.000452309189878736 0.0258837519808921 -0.00686029531012662 -0.286401725481679
-0.0367623283734845 0.00809178013468655 0.093439677698959 -0.0721008778165435
-0.0141011825805149 -0.0325800118134435 -0.0674072549631979 0.116280058926592
-0.0448607525225983 -0.0660453338815171 -0.233565246216038 0.388273659739794
-0.0975198335982412 -0.00444263763744349 0.119582775678878 0.515218201025342
-0.0808672158981988 0.0681910404121422 0.382285149531899 0.229226241506673
0.0041232265526015 0.0718382189381465 0.277056303179129 -0.0833315793552325
0.0285331591569369 0.0440616038480463 0.0851286834765154 -0.104436042772205
0.0330352909725283 0.0279458170692729 0.0106720177709091 -0.0163871553688631
0.0278468655302089 0.0192861265986029 0.0285817022960468 0.0389051672104714
0.0179529407237919 0.0209254443486868 0.0241944444441535 0.0715383485931779
0.00410637688287394 0.0293601148477787 -0.0643879361898137 0.109370737300678
-0.0119758563074517 0.0195683279243754 -0.190131371703476 0.103477749615111
-0.0135538313407879 0.00885542021253584 -0.260819418308287 -0.0511997750432594
0.00776002831057642 0.00417242381589106 -0.197222660135745 -0.205421665872216
-0.000617304655894914 0.00239402829617296 -0.0760903652843005 -0.21763245963053
-0.0142845318528953 -0.0193293017605917 -0.118009520439865 -0.079427821020154
-0.0433871785033496 -0.0906241326747841 -0.139616156236264 0.0775081645332693
-0.0537792100644013 -0.0869009634610492 -0.107854069913447 0.281299297195415
-0.113725639938049 -0.0180043755378031 0.0660178278946007 0.515666845149196
-0.0900040142190577 0.0491089687519392 0.206858612947854 0.101812909361021
-0.0216887362410245 0.068197041228187 0.121714562863936 -0.0425490095017919
0.014861069299032 0.0538285004323375 0.042661776573632 -0.0435061011638683
0.0345494613147432 0.028951900834289 0.00424819531019738 0.0293735732080945
0.0214562019706155 0.00462276604837645 0.021921455153728 0.0867131123800736
0.0208942983864587 -0.00411785189327454 0.0297794153334105 0.108571655846645
0.0179171789506997 -0.00253947624366143 -0.0557670532858553 0.112834689957917
0.0240340995718305 0.00240858287267732 -0.182505283505863 0.112532638730759
0.0310678294153556 0.0340094136456315 -0.264043666241474 -0.0335758308430338
0.00871581588648531 0.0525014729516034 -0.216708013068055 -0.18500375843608
-0.0376786607057094 0.0266380752663218 -0.0854122982825311 -0.202931927530278
-0.0405756311869604 -0.0160993833499324 -0.114656426028373 -0.045997416297512
0.0415024117604771 0.00857933424035682 -0.119879579003018 0.11366492654736
0.0408830370429089 -0.0775337389295723 -0.309539174150159 0.377804804462319
-0.0529408179403337 -0.0605649517847438 0.0296484854775137 0.524520566015023
-0.0917746025770056 0.0158417318606218 0.30095615659438 0.271068190350953
-0.0228953015894889 0.051970450259252 0.239261855103208 -0.0159868736320414
0.00242194106184637 0.0263403723957734 0.0897239583682563 -0.0502577355982704
-0.000673393937620941 0.00418794107583334 0.0263913718624399 0.00822426887118424
0.000924566556269884 -0.0127376028690822 0.0322365133275051 0.0466519397208587
0.00396891845345736 -0.0250992815333966 0.0307156621988143 0.0677214563210887
0.0305015241115748 -0.0263917709966234 -0.0473116011252219 0.104723268049619
0.0530906743593426 -0.00683702026362773 -0.163161959337142 0.117022055379017
0.0625794117002236 0.0554076367035031 -0.261090122714591 -0.00795740535521138
0.00768850387702424 0.0787039922297832 -0.289831109747647 -0.123302951199986
-0.0550905706875672 0.0365701862536566 -0.177265026484515 -0.247699104343016
-0.0642999723373517 -0.0166954004962142 -0.0916434741584989 -0.0380613392896861
0.0315184425235873 0.00910974625889249 -0.128329360125169 0.108342380149535
0.015945129211576 -0.0732190260248893 -0.286772091746427 0.376216873844756
-0.0562207252804576 -0.0322730723463675 0.0424226500311571 0.481010508273139
-0.0484897536271012 0.0639740141247073 0.258813701882224 0.220986499368309
0.0316206863168296 0.0417581158679836 0.198297496932061 -0.00649159811734384
0.00550341024927849 -0.00293442859358494 0.0769598648907689 -0.0337406780966105
-0.0123786339123445 -0.0217264581633589 0.0243593301448771 0.0138601977872997
-0.00959999015431439 -0.0308620137690072 0.0271159875043047 0.0456820440357343
-0.00376916325767664 -0.0372277501401448 0.031919164418082 0.0612329969830721
0.0378187600874863 -0.0386473767289043 -0.0381863791907123 0.0935680722871985
0.0624624730802199 -0.00279490573492504 -0.140599519966435 0.123080461239721
0.0608156007460632 0.0645112929215641 -0.260566111910537 0.0223867171966211
0.000547289574416646 0.092560245674681 -0.273699678680975 -0.159247439993851
-0.0465470446260165 0.0275262788006935 -0.153136514255954 -0.265803312064493
-0.199868282508503 -0.0715546396683965 -0.0526082063016365 -0.158290881229702
-0.184925137857096 -0.120102891131001 -0.115420884150565 0.192149666362931
-0.216663783962172 0.000976196593267481 -0.133438741602759 0.326643670003947
-0.116248463415406 0.154661288181157 0.0808717003112134 0.277293310751999
0.0652785028884565 0.158818220086778 0.172108275319024 0.111719665750479
0.108367634911343 0.012519217137918 0.121949143557046 -0.0006917416814416
0.0506009415411013 -0.0453779228500161 0.0503826548816437 -0.00460376589431335
0.0105772485529297 -0.0785534472772544 0.0292950487374748 0.0335111836515767
-0.00161110362428494 -0.091484679077494 0.0246757654676294 0.0379646620510669
-0.0121082827489129 -0.0405071164630045 0.0204938018299681 0.0395521196570698
0.0314227574161471 -0.03261412769619 -0.0297298257741358 0.0872874354613979
0.0445962951447495 0.00892285115764559 -0.12847757078326 0.13553488231773
0.0288631130752301 0.0496717835659034 -0.279331862660467 0.032345134797006
-0.00458765252396291 0.0558056930000346 -0.301385408174826 -0.18670598095361
-0.00405117849549741 0.00539790919664278 -0.0780692223531975 -0.308476922636366
0.000495116300913997 0.0322696604264063 -0.0187908019009619 -0.0677670950980055
-0.0492383859711626 -0.0028674334842477 -0.0705192721576638 0.239441540317488
-0.16518462025091 0.0328734921994322 -0.0559938023954477 0.345043122899093
-0.0600257569085719 0.189034364496191 0.12480603999177 0.257709246650631
0.124718299121917 0.128716929767244 0.194168421372013 0.0908499910962889
0.12023622845448 -0.0333804303938904 0.141356105551927 -0.0218288994673935
0.0413200420368782 -0.0769097858858296 0.062059369033348 -0.0344135719004699
-0.00606231124262492 -0.0995743361926754 0.0292563856104607 -0.00268875932041669
-0.0182790209968175 -0.100713289261403 0.0126991603700903 0.010456318278851
-0.0144124130335458 -0.0842758764994953 0.0220097842321909 0.0334763376073467
0.0156483876575669 -0.0259117753723583 -0.0270568173845855 0.0905316595401395
0.079820625325986 -0.0244403969294757 -0.111987589116643 0.118875653262165
0.0469933339116313 0.0458507940556917 -0.232392963606596 0.0181279788626286
-0.00033166590585779 0.121162549395372 -0.238285140183161 -0.173143729850602
-0.104699190825684 0.0300900065494978 -0.0437596439267696 -0.25427665558006
-0.00342371498403537 0.024093737096842 0.0586751885774628 -0.125491947932113
-0.17984077736156 -0.0364376385936226 0.0250232769829 0.280471730880389
-0.153272352344108 0.0987206455844211 0.0474961073465933 0.333332475809487
-0.000873108876390871 0.164065010464783 0.177553776161116 0.22153668327469
0.072742380433949 0.0627848389144747 0.225068267749649 0.129213990372766
0.081821571458649 -0.0350436229914578 0.192160094173003 -0.0368383524478056
0.025756302165351 -0.069964576961306 0.0677070430865947 -0.0756538850125324
-0.0167694941879078 -0.0820500422277817 0.0199973171711737 -0.0465570948286777
-0.0268251892903992 -0.0464712915467525 -0.0118524887292494 -0.0137896718897278
-0.0248755290385408 -0.0539193398685012 -0.00273924366479112 0.0249116107865622
-0.00511661122902148 -0.0202906879663081 -0.02345085504828 0.0702119098742256
-0.00320523298972095 -0.0157280806088767 -0.187846667982834 0.153689384795135
0.00718512940358545 -0.0434439103537719 -0.349135655742772 -0.0293163680271113
0.0244652440774363 0.0707561770038374 -0.278877407244359 -0.319767364326228
0.0979620485753565 0.0184478352437195 0.0346513662018618 -0.420889902351957
0.0455510504427342 0.0782939364864863 0.0408955953450137 -0.11464591148916
-0.109365162511284 0.00921801523591827 0.081844194479946 0.291718444977403
-0.0652422000506481 0.0813700912646359 0.127668902349946 0.307387479357722
0.0355243351575365 0.0932950859890335 0.225134154287322 0.182007808133732
0.100794464049354 0.0138464975467794 0.244080800012942 0.0109246958480265
0.054438849018775 -0.0657524117755711 0.155928929231931 -0.10743738175064
0.0139380446671415 -0.061422391709396 0.0606613038316317 -0.11096275995904
-0.0234896832857539 -0.067615731875239 0.000722273310124377 -0.0793090390682687
-0.0344597665201573 -0.0707829500266661 -0.00301956688241816 -0.0546248541532526
-0.0256602332217182 -0.0690392036447486 0.00834167239697293 -0.0115424478109234
0.0229124338701776 -0.0644767227021376 -0.039757770150319 0.0538759299083163
0.0575396757181596 -0.0349771121536378 -0.127127191449566 0.0780796975653881
0.0766018807680506 0.0137905755229395 -0.217273145644073 -0.0468431140292003
0.0401322964411634 0.040620312150589 -0.189380137334155 -0.198076263096396
0.00215477955567777 0.0286282001431495 -0.0111822756078146 -0.265802710704771
-0.0349750761787367 0.0167020666507553 0.0875768162628185 -0.0764877934947288
-0.0160682642210986 -0.0239948988090558 -0.0406537899095837 0.116939794635142
-0.0449928551501483 -0.0475328732584427 -0.161317374799527 0.393299366864286
-0.0803454420091383 0.0103635499169008 0.177884166066636 0.459039351430116
-0.0565395795256188 0.0681487978950417 0.383095009056328 0.160471447697032
0.0132230910664077 0.0597594738081321 0.245095904507811 -0.115255581324125
0.030830548689047 0.0353328202634803 0.0660034213683324 -0.110371810360398
0.0341871673496507 0.0200768439289727 0.00927765945883751 -0.0169073474701003
0.0283047175627083 0.0133696772093768 0.0323682828043458 0.0294884320997627
0.0197950434737776 0.0160812800006968 0.0321796513748425 0.0591166936091159
0.00857704579072749 0.0276729259676557 -0.0423439777125747 0.107507039701561
-0.00956824484699569 0.02181391096583 -0.156009878981263 0.12217169617561
-0.0138799318435774 0.0102729291371628 -0.242673253083974 -0.00913289209668526
0.00534926746869858 0.00181713848081785 -0.2088142711807 -0.157282945833426
-0.00260155301428807 -6.99210408073854E-05 -0.100379819257422 -0.184757847988909
-0.0197308824486841 -0.016844397661433 -0.116532086735495 -0.0514066441279297
-0.0507711635526241 -0.0690909083417679 -0.118427269052503 0.0933147137134182
-0.0542819067124485 -0.066291517569546 -0.0664736850685809 0.272040516151395
-0.0942841229153715 0.00070828663830972 0.127985159872622 0.465013593088627
-0.0732803661672399 0.0486494769833887 0.191084281305849 0.0696556237225687
-0.0124976451995553 0.0623044426688501 0.106838665927205 -0.0483358267678375
0.0191764695150477 0.0476229709000144 0.0367967548120501 -0.0464415801434467
0.0350831199489059 0.0220629024028168 0.0108664199219852 0.0376444400406086
0.0276849528412466 0.000774454656025396 0.0352790694329961 0.0749066284635824
0.0220076648148981 -0.00649536559621003 0.0447427201388775 0.0936222961812314
0.0172779023237854 -0.00309113506762321 -0.0339043684181331 0.109894732945116
0.0213317645916228 0.00229750596579645 -0.147951376618402 0.128901224738232
0.0293049062999726 0.0278147931474195 -0.244573839921754 0.0074271964799888
0.0111967631500176 0.0445800747261324 -0.22373900937975 -0.135149267302828
-0.0328034459243569 0.0260953975782997 -0.105517662540726 -0.170349178280281
-0.0413079388818061 -0.00993764361264968 -0.108713003259578 -0.0224124429182035
0.0422021741553817 0.0110552070834493 -0.0878643672462716 0.125266245011511
0.0362912565581691 -0.0687938739151358 -0.230659969918981 0.395166071725119
-0.04489223594981 -0.0494397335292766 0.100868419959811 0.478688157466016
-0.0766240768431797 0.0202292532358196 0.313487772846396 0.206346391021593
-0.0166691641445788 0.0461052535616765 0.21744560210374 -0.0490867804261186
0.00319313967029435 0.0248766359193367 0.0767505397509957 -0.0604766716084111
0.000243538772725935 0.00586213326985389 0.0266532642580237 0.00328905355706687
-0.000257026810426498 -0.0100403805507711 0.0374199006953309 0.0361986267508799
0.00150050016606286 -0.022491684935555 0.0376937166847357 0.0545506731937761
0.0252470098351289 -0.0262299248090371 -0.0268076714111508 0.102057384211821
0.0463940594613496 -0.00836026138522274 -0.129933304203661 0.130243704930732
0.0599687837302958 0.0439105955506231 -0.23901587968847 0.029750837969806
0.011741649916577 0.0686622490281311 -0.279862210699013 -0.0702215249757904
-0.0480412756609208 0.0358964404850925 -0.19862459804332 -0.195635925426134
-0.0585503891125973 -0.00542363426697591 -0.0866856928937703 -0.0193295869570327
0.0345464514427678 0.0131504235707935 -0.097677340168689 0.12135627083268
0.015807789093532 -0.0620180460181417 -0.208033774879349 0.391815142933659
-0.0447904354216322 -0.025576703614051 0.10549704650452 0.437695161840168
-0.0306873301537718 0.0593659586321417 0.265932630983364 0.16822702591812
0.0361164367033639 0.0292752995025472 0.181783006750622 -0.0325645090571808
0.00172687833130263 -0.00195834503257517 0.066722776838472 -0.0433777053148361
-0.0136232555407919 -0.0142408578358954 0.024826350054397 0.00827416028398973
-0.0117683308866465 -0.0245222466033048 0.0329089892783063 0.0369220074332676
-0.00679792826839447 -0.0315319320822021 0.0363501998979716 0.0481575764731386
0.0300813000468605 -0.0373658855844995 -0.0201375536418399 0.0906539881274696
0.0549707913315171 -0.00494064916811132 -0.108382552095267 0.132215901224062
0.057244853405743 0.0522422739354122 -0.233874317921436 0.0583123215747881
0.00656297718069854 0.0777064159470168 -0.274700628267092 -0.103378606602145
-0.0399104698080838 0.0262105732451235 -0.161570119706347 -0.219579280033175
-0.195365358905145 -0.0346243084893543 -0.0559490441081851 -0.0853847704163659
-0.178407182496843 -0.0717270405984163 -0.0815890911255633 0.18750151431252
-0.183712434543878 0.03841076425074 -0.0857292744191298 0.320758765098473
-0.0739035999903249 0.151193289670322 0.0997438333559182 0.25305996037521
0.0854322561764939 0.122948870618854 0.170080581345804 0.0928398032493112
0.0960444573518592 -0.00846700110521747 0.118450476940424 -0.0149660787110429
0.0382993295480103 -0.0481910278020618 0.0483966353032939 -0.0125731090494408
-0.00332062126753632 -0.0711368804438397 0.0357110003124013 0.0237078489553056
-0.0163276658908792 -0.0812083408651902 0.0278201348237156 0.0298791913241033
-0.0155053874512871 -0.032491370851306 0.0248901254269092 0.0325320938301012
0.0245364396610683 -0.0305196271239306 -0.0124994229318136 0.0848019327479785
0.0391815612211038 0.00818810576380157 -0.0949746973023004 0.143327450875202
0.0239425398640445 0.0424696345409198 -0.250568905603486 0.0713336331824917
-0.00195613495110614 0.0432719938707353 -0.304748175981385 -0.124288795091215
-0.000156740566492758 -0.00155807580503701 -0.117408184715554 -0.271402256147309
0.00874414721919624 0.0313871169223293 -0.0256085636627701 -0.0579555862850949
-0.0354404420834035 0.0134189832526653 -0.0252356358579723 0.227688670805988
-0.132472709253112 0.0522670170053976 -0.0068671743584463 0.325410364637328
-0.0198629346368274 0.173852082181307 0.141000237689278 0.228795202561017
0.133368904445791 0.0880864828040547 0.190870082481023 0.0688217395112838
0.100402120629106 -0.0507465641519503 0.133543434803342 -0.0411150871629406
0.0254663978618375 -0.0757684632158302 0.053185233995764 -0.0430259570951605
-0.0217061038796338 -0.0874884263348329 0.0289133628824449 -0.0105213508712649
-0.0326665240481195 -0.0868054954279297 0.0242200845532162 0.00342359597564079
-0.0260191460432609 -0.0728432272583055 0.0253132540920701 0.028900821099049
0.0105597774889754 -0.0224194783847899 -0.0102826920444718 0.0887733824451712
0.0657631748642187 -0.0305298322928412 -0.0863558948574372 0.12598007411675
0.0372345977283946 0.0312650221421454 -0.211490985903818 0.0491160801689044
0.0170459075439578 0.10363238887537 -0.245496200107859 -0.125784571881961
-0.0861136132840631 0.041661686406742 -0.072408914799974 -0.229991138798662
0.000928748106650037 0.0220776031419735 0.0338387802516111 -0.118308624822802
-0.160777373409313 -0.000473696988004218 0.064019482729366 0.245183170960246
-0.113760549209192 0.111756880641864 0.089170877493398 0.298522341041919
0.0283565037317246 0.142566973937648 0.189384652802749 0.185460860902542
0.0747409372937453 0.0404362594250883 0.225044297855996 0.093151285299373
0.0666727722586767 -0.0456748579843213 0.173522551109912 -0.0640918334838686
0.0124617386372745 -0.0673518471833807 0.0488475465378417 -0.0813090380883622
-0.0270574811540402 -0.0702036411720929 0.0115901423430422 -0.0484138333589128
-0.0300688028713616 -0.0366692042852545 -0.0150790733188341 -0.00679090229889676
-0.0328600888304137 -0.0668537102209236 -0.000333571470071822 0.0272173332613807
-0.00816798297055737 -0.0150019777113483 -0.010946350266284 0.0703156638910436
-0.0110266372498816 -0.00999666508698439 -0.14856579419736 0.173024419642156
-0.00781699638696431 -0.045344614471666 -0.326914430736149 0.0260803615269812
0.0336626114696697 0.0573982059399572 -0.305427058773518 -0.252816686282993
0.097621460262602 -0.00200799953128422 -0.0317465414805634 -0.390929674814814
0.0565551461519758 0.0693993653250821 0.0187021741759793 -0.111987585501234
-0.0904735308914833 0.0298180487589831 0.122276684828228 0.246495014080465
-0.0387685890723984 0.0824032453597147 0.162311548568878 0.26023236656528
0.0501178428425329 0.0740250928745975 0.22910682306141 0.136879547080996
0.0927155347312741 -0.00957806873625049 0.226382460419786 -0.0202524266141541
0.0373391697001862 -0.0696077062533492 0.127279216106691 -0.123468995602233
0.0025340741399724 -0.0584140460997902 0.0392595140900974 -0.111372675170798
-0.0319755825443479 -0.0566801664443597 -0.0117553361660671 -0.0753158602288746
-0.042095238818915 -0.0592756722919335 -0.0117188022639271 -0.0490382833007841
-0.0339343646867403 -0.0590823705874157 0.00475524452773695 -0.00984474509092131
0.0105035178665006 -0.0623517151265361 -0.0291417707984318 0.0589320905460984
0.0461846989232075 -0.0396842836397304 -0.109088060703551 0.0895452324261463
0.0727618507097312 -0.00106854132771732 -0.208174943515393 -0.0184320352352952
0.0436714595232211 0.0300570509618242 -0.195993966117483 -0.158561564739827
0.00752516986946921 0.0259420375976671 -0.04257173019225 -0.240495127924947
-0.0296705978585108 0.0238583009406505 0.0723306040295449 -0.0856909252210638
-0.0140779211513942 -0.0213778243140677 -0.0376021255262427 0.110510939134464
-0.0426624362558546 -0.0456592578623811 -0.165587814530417 0.367159747026432
-0.0768591806501784 0.00921918139208397 0.156853143083263 0.441647034377752
-0.0550145902688208 0.0654494693700221 0.359619609271272 0.162124210423912
0.012180343570747 0.0575409834100699 0.234953099752499 -0.104895727815832
0.0284375550450362 0.0338993996058266 0.0651147613906855 -0.105584854855206
0.0322952733957582 0.019355620051416 0.010034965917569 -0.018193292155342
0.026255788641938 0.0117493053826798 0.0307424696586757 0.0256194427813483
0.0186912744541397 0.0153274006078037 0.0288614725453082 0.0521230015284178
0.00847671811132606 0.0261101679472118 -0.0407144892575255 0.097748764157828
-0.00890025997234365 0.02136210531375 -0.145865161900966 0.109542829249999
-0.0127646168718576 0.0109760924246048 -0.224419435483603 -0.0155543730388202
0.0046504751630002 0.00240902058365536 -0.188950259695843 -0.151530308194838
-0.00468685858928985 0.000707917567765021 -0.0876210948288305 -0.173918896871364
-0.0204567698473564 -0.0160824917733714 -0.106337230593488 -0.0461580452887727
-0.0471595118222738 -0.0608088257095845 -0.114517603588203 0.0893959146038216
-0.0484907785593282 -0.0617023742555294 -0.0768813834871657 0.253781156870574
-0.0872420078401886 -0.0015045621521393 0.109365402818631 0.445635088638833
-0.0713777597848469 0.043596896670847 0.174378577174164 0.078237874026366
-0.0142121333705278 0.0596585600489863 0.104388745502477 -0.0389869239531639
0.0166831861834428 0.0461668923117915 0.0377463755627594 -0.0440114455476944
0.0327285653306479 0.0216603462597363 0.0136853565733787 0.0402688642727119
0.0209277592438476 0.00323104570681127 0.0359183030886 0.0694919189887848
0.027344584006427 -0.00821093975249867 0.0417818348641259 0.0854829049483957
0.0167911401550762 -0.00207992555597779 -0.0334838393196953 0.0992962816345528
0.0202169225965091 0.00382486257449546 -0.139006651473092 0.115016218914021
0.02657699932996 0.0282175234768564 -0.226390986939813 0.000545193763950546
0.00885623656728208 0.0424158541302192 -0.203776657493536 -0.131452838637694
-0.0328899696832623 0.0241942995036471 -0.0933594982641614 -0.161396935518216
-0.0393820184441304 -0.0098828618088779 -0.0997453003232964 -0.0186667012971006
0.0443674012728611 0.0147907465703674 -0.083435863059201 0.118242768115008
0.0403887255362218 -0.0645451979749169 -0.228000769741067 0.369204126745032
-0.0398628441074903 -0.0522070515449986 0.0839281556458243 0.457950995056391
-0.076551624444294 0.015550623230022 0.29264000527238 0.20236566150532
-0.0202135940987035 0.0452108974747781 0.20608455582263 -0.042898875483614
0.000797674420149547 0.0257225620226594 0.0737560111768725 -0.057394577017426
0.000198744183427652 0.0078585223515087 0.0256468549418051 0.00181438226148295
0.000736419740519422 -0.00795053399881291 0.0356585593754786 0.0326937990016498
0.00256337055555183 -0.0195734218411014 0.0336191073471799 0.0483917377026238
0.024810354108122 -0.0230235741075354 -0.0269685949056227 0.0923875206026032
0.043357108232684 -0.00560273217453645 -0.122333090105381 0.117245507211239
0.0539124493368493 0.0433964845889726 -0.222448369608862 0.0218037905781059
0.00885622352438321 0.0648143810759928 -0.2534695469598 -0.0787351601467664
-0.0495333178000325 0.0348701612838649 -0.16258062372481 -0.185968705631215
-0.0495322866502756 -0.00327768096823485 -0.0789282565972523 -0.0173595765491637
0.0379690716018087 0.0180455887514129 -0.0935510981227027 0.114367256726079
0.02151468681948 -0.0592238748484512 -0.207225910491835 0.364671989365304
-0.040288334725155 -0.0309870157822268 0.0916204684930864 0.417613914101373
-0.0318085686433124 0.0539823341608654 0.247019133613668 0.163510230834605
0.041666952849825 0.0256612623806412 0.168422663755961 -0.0275835096313795
-0.000305575812342074 0.00092439439820423 0.0635647449231529 -0.0401571652347854
-0.0134607681546127 -0.010789223381353 0.0239269028233959 0.00777033147176507
-0.0105663575493294 -0.0211956418585926 0.0310050136228683 0.0334223012456902
-0.00543063325033923 -0.0276357077971136 0.0326939838398111 0.0433710622621276
0.0293145492024189 -0.0324550446674451 -0.0205281708226883 0.0824520768967793
0.0511327253871608 -0.00109241777068194 -0.102413377319964 0.120081791240872
0.0496767301880345 0.0514260244704507 -0.218101094131104 0.0491596334142848
0.00290447684615411 0.0695707022692127 -0.254286919285423 -0.102066057330581
-0.0383596474248596 0.0237614871617052 -0.127577104721829 -0.209327408079378
-0.183153487126575 -0.0268996174449744 -0.0441630178546472 -0.03909985214251
-0.0435459286191146 -0.0181887008975658 -0.0875992238277621 0.177350664784789
-0.168261091362919 0.0366420716113483 -0.098770937006804 0.309795374926585
-0.065864877342308 0.138481710257547 0.0828060414963722 0.242008109227751
0.0800198275917216 0.111013808076814 0.154709270387818 0.0928350201720858
0.0872840218149246 -0.00909300003564769 0.110583738460626 -0.0107391548791734
0.0344311374516306 -0.0447995311283823 0.0465034327837833 -0.0110721802165895
-0.004758616029052 -0.0659657015795715 0.03375096811303 0.0225506073380697
-0.0179800589817753 -0.0748666710324273 0.0155778889988444 0.0235531258670752
-0.0134663121509035 -0.0269757586290704 0.022504983591187 0.0291776362940441
0.0238348052254106 -0.0259153324964835 -0.012884234697066 0.0778461695327213
0.034473132389142 0.0115882457785344 -0.0897381361367713 0.130819128934922
0.016682837461029 0.0407678174595111 -0.234577698510118 0.0619681806418925
-0.00510293016065958 0.0317267169304558 -0.283389484980008 -0.122273568898199
0.00209464014036597 -0.00400484516483228 -0.103786907585916 -0.259375144026852
0.0121008084029055 0.0322444298101004 -0.0217106672532564 -0.05327472253176
-0.0261657499698447 0.0168741092698336 -0.0258890266760829 0.212455632891817
-0.130737589314838 0.0566926429074393 -0.0142450880359324 0.303789872332939
-0.0164943015558391 0.160227038264705 0.123769364098424 0.218419454782124
0.124571632972417 0.0790461840432211 0.174313985612949 0.0695006047281646
0.0914683422256338 -0.048501411230876 0.123465515056258 -0.0350069020487781
0.0226323848604639 -0.0705495491780066 0.0503880051653122 -0.0381988934667221
-0.0221115996996886 -0.0810838988386794 0.0267806543679885 -0.00921986052974826
-0.0331487787453743 -0.0794954034663539 0.0178381502530348 0.00672996778240987
-0.0258806948355199 -0.0659925264903846 0.022342352034414 0.0277899176788701
0.00974632789508255 -0.0188241804981294 -0.0107044145423499 0.0834555321089988
0.0553265622895145 -0.0243926466217717 -0.0832419153622299 0.115969168578742
0.0214606064254165 0.0249198839730548 -0.198834955050037 0.041047651970743
0.019557760526365 0.0935226335056352 -0.226871786648959 -0.126557405756794
-0.0773987876780718 0.0414096588663404 -0.058247313923013 -0.221494966981921
0.00716287403212264 0.0250957297392769 0.029927306639811 -0.104493217292024
-0.149027462773569 0.00512709061257049 0.0597961469693049 0.22767189723191
-0.103686685274192 0.105281172939086 0.0768045230588095 0.279481148861313
0.0277395579760632 0.131945349450445 0.169060707439251 0.17608230557959
0.0667176468640789 0.0381067366042745 0.207034623567487 0.0929666577389967
0.0612987384766759 -0.0417382327927741 0.157913896058128 -0.0586848839018485
0.0115287527794601 -0.0622823269110537 0.0440816036872941 -0.0737945546036094
-0.0244658257202312 -0.0621853025701979 0.00958641086777513 -0.0442319250272419
-0.0271630008448647 -0.031934253906979 0.00679282774018546 -0.0251471757315046
-0.0324143026906036 -0.0609334649697928 -0.000427096663140857 0.0266093506042278
-0.00934118159309911 -0.0113407839587849 -0.0120942426884273 0.0669334073967495
-0.0149956332148224 -0.00765714467001311 -0.141534820779918 0.162062349172405
-0.0114597979176565 -0.0459119917449401 -0.309136556485077 0.0188508575947212
0.0356176360970798 0.0510835292537178 -0.279217059575085 -0.239354022362982
0.0957715444982516 -0.00070082746506522 -0.0205558025837297 -0.372918066783911
0.0571169180223304 0.0705270326794113 0.0189016194089295 -0.106025324412483
-0.0831578834185329 0.0317383413692194 0.115838196837249 0.229484588060406
-0.0340546233319372 0.0774041065971298 0.147069205966491 0.242424125165141
0.0480943848391583 0.068578190849073 0.207188252858383 0.130703901692581
0.0866324431030318 -0.0104236249563863 0.207188895434411 -0.0130764342174735
0.0336494548454339 -0.0652457123564261 0.118737244600037 -0.110567775044712
0.00218721839323646 -0.0546808058149131 0.0378681666700775 -0.101793190124594
-0.0300963780799014 -0.0526070539465844 -0.0114918105285427 -0.0680823361945635
-0.0408293702897447 -0.0547626641054496 -0.0122689874017735 -0.0446377182561224
-0.0331011545513692 -0.0544359111073978 0.00324679071171004 -0.00755837474544279
0.00832685017059036 -0.0587305555123848 -0.0300190784692978 0.0570809192534973
0.0427396544800733 -0.0396077092260639 -0.10769217249617 0.0796515424028283
0.0695829688873029 -0.00440364507614638 -0.195365323992825 -0.0280205755463581
0.0447246827751295 0.0287036390236953 -0.173458691825255 -0.15931582129193
0.007774979701993 0.0282790229892687 -0.0261076842382727 -0.227595977034796
-0.027623741232983 0.0279440400227264 0.0719101093668416 -0.0832874915861278
-0.0123536472788593 -0.0201504920089534 -0.0372356358592506 0.107972757077553
-0.0409256265124131 -0.0464330151566868 -0.180225181023361 0.354616530753208
-0.0761903647927809 0.00701500137107356 0.135743268272207 0.445167263893788
-0.0572188262770377 0.0647216973245634 0.34947995241707 0.174227842550454
0.010483795489363 0.0577397427040588 0.236286440170197 -0.095375647913536
0.0270349533711324 0.0345444101280224 0.068375885122519 -0.103816512952907
0.0319795039242437 0.0187270997765717 0.0114834610420067 -0.0199687550644198
0.025440249562924 0.0111432931812734 0.0298502596355889 0.0231112707082297
0.0179126325511431 0.014996058910273 0.0261607787505564 0.0484208449906791
0.00830246768818219 0.0257967763859752 -0.0422328253541169 0.0907955476608932
-0.00866199495920619 0.0209627986342426 -0.143355145392509 0.0990460659207345
-0.0122168768303838 0.0119543935206101 -0.215375420899475 -0.0252943311740279
0.00368250936365877 0.00317972408437488 -0.175404673814216 -0.153828382435561
-0.00718012715545229 0.00137408905830498 -0.0760015087917986 -0.170976811720654
-0.0216551979783308 -0.0166788820529147 -0.100381748518531 -0.0441458051633559
-0.0438552828765676 -0.0566417332969073 -0.116045493266019 0.0878511512393341
-0.0442865273419767 -0.0609170904945835 -0.0912713087286068 0.242692051309564
-0.083558762130284 -0.0046032514105532 0.0886788380069407 0.445359761285809
-0.070950537912143 0.0420182422604346 0.164071746523398 0.0902847448185719
-0.0167631062839979 0.0591680810242807 0.106165212145392 -0.0300949327086661
0.0148514275924857 0.0468993200889302 0.0407178223916863 -0.0435719752157438
0.031371508195484 0.0223085128218326 0.0148867501183218 0.0379980303888974
0.0206027777316584 0.00382305579265755 0.0360393451361145 0.0670217099427473
0.02814033109377 -0.00744483612382474 0.0395186246762715 0.0819809352061449
0.0171202758230756 -0.00125986542151792 -0.0354960805632412 0.0931324442923044
0.0197300865349703 0.00529787824821995 -0.137747198938358 0.104994200020468
0.0250536880862499 0.0294585346898092 -0.218143767538463 -0.0095787384296169
0.00639835316699839 0.0418002146216588 -0.191164997988803 -0.135327061098111
-0.0349591245359825 0.0229548767171406 -0.081828872633641 -0.159950065580232
-0.0385635896563607 -0.0106210848532579 -0.094279098663107 -0.0172963507526522
0.0481657237763876 0.0197414577339962 -0.0840188027493868 0.114740582042224
0.0467141154492002 -0.0622850273153278 -0.241616469240069 0.354504305756191
-0.036012082893283 -0.0574561214749029 0.0654372979695966 0.457012985482147
-0.0799002900460654 0.0101907688790176 0.280452725061547 0.211037073343048
-0.0244182445996572 0.044822094225976 0.203353091603382 -0.0360190092641455
-0.0012337457231295 0.0277776777825206 0.0749764369127339 -0.0555505897085199
-0.000393881140802212 0.010140629299002 0.0259685596547963 0.00115836515641881
0.000888879733896769 -0.00610582255891954 0.0347698616366947 0.0303073196097704
0.00375637352981859 -0.0175175343706387 0.0306783047185762 0.0449915079312763
0.0256982052728778 -0.0207074158584071 -0.0291097614518406 0.0864600209013143
0.0425292625397485 -0.00223548740933189 -0.122199579352516 0.106922695950277
0.0497753840072065 0.0462280500058176 -0.214953115959694 0.0108992761126091
0.00520431687704079 0.064643506444329 -0.232793858521812 -0.0978419290856783
-0.056254572563579 0.0364482759072901 -0.126957164104292 -0.183385888167862
-0.046036377652587 -0.00277440964385587 -0.0740793884881712 -0.0156923443146546
0.042943919574557 0.0237969998896117 -0.0948209061157021 0.109658129554391
0.0295835391429536 -0.0583496411871205 -0.220627693851272 0.350978042280802
-0.0367103606863896 -0.0380027663975994 0.0726215058391528 0.415658223362273
-0.0320574721417873 0.0541718812354631 0.23707614452539 0.170908914156785
0.0296381238971268 0.0279133225198498 0.162720972876479 -0.0224917914522684
-0.00244412844472119 0.00362095576353371 0.0632915942119927 -0.0378607159072558
-0.0129889128139241 -0.00825905990252241 0.0240490212505476 0.00849174589902431
-0.00917792435288287 -0.0188445200713162 0.0299665692751103 0.0313239056267647
-0.00370508983374729 -0.0244447162260037 0.0306145791270611 0.0407430120109955
0.0298473552559828 -0.0285820367462446 -0.0218612723147698 0.0768876022143093
0.0492723609816511 0.00278347359958759 -0.101906067059092 0.110410732958622
0.0430626490122065 0.0536379594082037 -0.212470611930004 0.0389248288244011
-0.00177830359640936 0.0646409198564596 -0.243314516967521 -0.107948744806608
-0.0380878040343726 0.0211391937872196 -0.104750873800984 -0.208747056744888
-0.17608210082396 -0.0242600191808089 -0.0386083733406028 -0.0337908319219068
-0.0210691555604149 -0.0061158234215315 -0.0928388507689442 0.171089133056601
-0.159774608839488 0.0349851479358356 -0.10833194214434 0.296790692952468
-0.0632476340541405 0.130346050514114 0.066769966666531 0.241242087023858
0.0752233840989917 0.104498005240612 0.145284534810865 0.0984391547628508
0.0823060297410932 -0.00894552671610331 0.108194910525033 -0.0057269589542005
0.0328752211756511 -0.0433165876307819 0.0456471266320077 -0.00844500730678061
-0.00556888522529446 -0.0630229094487633 0.0327307841702452 0.0228153294232508
-0.0190059469869709 -0.0714928062232723 0.0170525203667905 0.0240284717925479
-0.0111665302026394 -0.0240493530510262 0.0205641131554947 0.0277499481836197
0.024463017737751 -0.0222991691613665 -0.0143533309431597 0.0737689904261188
0.0315183583103001 0.0158402078952329 -0.0898600909767034 0.122859028005938
0.00979907755637018 0.0410073697622681 -0.2296240102714 0.051898204683588
-0.00826556892289018 0.0257723221699131 -0.272284747996376 -0.130182229975855
0.00456449764342392 -0.00607584816022554 -0.0904822084678771 -0.259265452926756
0.0158457826837197 0.0348528718388368 -0.0175575944679516 -0.0514386691155569
-0.017899043161844 0.0213541302394147 -0.0301360890988238 0.205711733842659
-0.132572631334793 0.0600901616997851 -0.0254947785204225 0.294961840723615
-0.0169517603985532 0.153336728312178 0.108472425049116 0.217540084585401
0.119247946289451 0.0752579585322026 0.163824713739666 0.0743995410454683
0.0874099447885344 -0.0469853589902136 0.119967554520266 -0.0294709513986628
0.0223641490164566 -0.0683540740564503 0.0496322087581201 -0.0346414505545887
-0.0218186309192285 -0.0779949276029027 0.0255002213549638 -0.00709537029215814
-0.0336878537197712 -0.0764769403207557 0.0127812590934774 0.0100634872420913
-0.0254600138455952 -0.0625098141488941 0.0213105969151996 0.0276424628174278
0.00965530494106987 -0.015930702150391 -0.0113553794756477 0.0809751766616647
0.0406445722146472 -0.0107815664344564 -0.0842628147392189 0.109857654704608
0.00103980408289966 0.0172469282755903 -0.195647376044995 0.0325610331415549
0.0210472392540517 0.0874023871700706 -0.215602629498929 -0.134750924968769
-0.0705627719411864 0.0402962382638631 -0.044026787792478 -0.221955185444385
0.0127232969719322 0.0302859008494827 0.0330841131651577 -0.100592453051165
-0.14280470682294 0.00822897115891662 0.0543636248304128 0.220493421227182
-0.10042133313772 0.101852658368215 0.0659098243810528 0.271281362673705
0.026153609113619 0.127389004019548 0.154119440041254 0.176019771570081
0.0610188561407571 0.0387876964630425 0.19604123457471 0.0989088452488051
0.0586605215458481 -0.0392501496497517 0.147903384013353 -0.0549021602614433
0.01146787929383 -0.0598152355127337 0.0435022864253543 -0.0681217830214084
-0.0229142657483477 -0.0589863170908052 0.00923661059261663 -0.0411550389984182
-0.0258312422140924 -0.0296008054560942 0.00654924579206778 -0.0234390417805327
-0.0301194886877447 -0.0540153893130234 -0.000575457161992245 0.0268912401450266
-0.00997988442554057 -0.00855679633284261 -0.0141537955682214 0.0666846344936126
-0.0189523793795206 -0.00562832861517924 -0.14283331108665 0.155146915203927
-0.0143780501589695 -0.0481095618080177 -0.303021464764059 0.00738617085002821
0.0367465335448066 0.0475559224353141 -0.253629395510269 -0.227506725279399
0.0978505341770298 0.00182412688364399 -0.00483823608853893 -0.370743308509011
0.0580634900405169 0.0748466050799324 0.0223497881690534 -0.10427912270024
-0.0799444428921534 0.033235361126256 0.110652024696168 0.223482211374531
-0.0323801726063944 0.0751830627906851 0.135460170112361 0.236486909353556
0.0462687295804902 0.0661023530691662 0.192922288955365 0.132016691737754
0.0847583122251215 -0.0107656765664562 0.197190216515677 -0.00501491497965554
0.0325142662551079 -0.0631643799505394 0.116891936990014 -0.10157628067227
0.00276488955023148 -0.0530004362615428 0.0391345860998011 -0.0953711090056728
-0.0289007094601285 -0.0514185864740923 -0.0109166321736317 -0.0644922408147705
-0.0403174215323792 -0.0533750959385417 -0.0115569529116458 -0.0424095516455011
-0.03216667248132 -0.0526521396428029 0.00135880122912221 -0.00567724588372181
0.00724145479172045 -0.0579880064204629 -0.032320655341025 0.0560982025690251
0.0411606693195527 -0.0396808447977088 -0.11176228728604 0.0722043792093395
0.069405241640423 -0.00558048913481209 -0.190873151212169 -0.0417652888349317
0.0468205417169146 0.0290476731965669 -0.15647610387893 -0.167740844628559
0.00798503314861108 0.0321092864001896 -0.00830814920643036 -0.223973196559729
-0.0275241775164549 0.0318798216409624 0.0756739698843144 -0.0829441398688728
-0.0115638188115791 -0.0200771287289416 -0.0370825693553345 0.110006928245677
-0.0417624846656671 -0.0482763145004757 -0.196604436277295 0.357873230250263
-0.0787105876273121 0.0051658985232335 0.125797122119705 0.462517666333775
-0.0603415131017276 0.0672367747892867 0.355094291374727 0.189734527907259
0.0101538392476414 0.0604910652670644 0.245187063826319 -0.0934006949941048
0.027565519225924 0.0358546666042273 0.0729503013374211 -0.107662888740863
0.0318984266897456 0.0187378491114832 0.0129742597406 -0.0226657274072863
0.0256474026192541 0.0105688283730912 0.0311287374454117 0.0207132238398272
0.017895205252913 0.0152687271790335 0.0255412580746281 0.0463190958705839
0.00855075156208804 0.0258494952565743 -0.0441797674804869 0.0886009678369771
-0.0092580560671543 0.0221611305460048 -0.144498169048057 0.0940201423797419
-0.0119392323932132 0.0135337170018738 -0.21556760257413 -0.0323648859456794
0.00289784670226723 0.00407658721061653 -0.17030844528627 -0.16020989730821
-0.00960322254443615 0.00226442446166856 -0.0701590198539546 -0.173978370853772
-0.0238290226812374 -0.0171468706511606 -0.0987730132486815 -0.0425929659195245
-0.0427801118461336 -0.0545934266957303 -0.121119701263447 0.0911617515756225
-0.042170030744955 -0.0620320888050987 -0.106015043920303 0.243597309154794
-0.0836381139307031 -0.00787217916315311 0.0773611620868319 0.462487060508397
-0.0720048210900705 0.0431068298176968 0.162082924131807 0.103624089186294
-0.0191922528512546 0.0612113645883747 0.112292173336872 -0.0244230099736364
0.0141866940802175 0.0496919764579702 0.0457799850266416 -0.0474941017730898
0.0317039407163619 0.0231480899070052 0.017953542849879 0.0367489299436462
0.0218125873035096 0.00433477413872995 0.0387291444246353 0.0659464529739951
0.0269133949248467 -0.00619976964095682 0.0416585574611851 0.0815451400132901
0.0181538597824727 -0.00098532422561678 -0.0379262172805581 0.0904848553681572
0.0199127696825684 0.00685534829675647 -0.139903382975577 0.0999941319470305
0.0246356028766911 0.032465185405635 -0.219090954155725 -0.0179739405287444
0.00426902424444183 0.0427855023067229 -0.187344999875211 -0.142149474872993
-0.0376419298853611 0.0232114227013462 -0.0761438299257054 -0.163384661646207
-0.039613762302852 -0.0106750932826714 -0.0928077562833766 -0.014550936043154
0.05446216937008 0.0250718594473329 -0.0865458202668173 0.116799612034179
0.0538854729447768 -0.0640656716353457 -0.259186116071768 0.357267797964707
-0.0341521455250885 -0.0647638154379241 0.0539867198299041 0.471775421462322
-0.0866643515863182 0.00692933810265624 0.284130049823514 0.224216705359182
-0.0292958424408192 0.046911788816535 0.208793474339705 -0.0327572632153566
-0.00350408467346732 0.0309090601436391 0.077610402882014 -0.0567012793458828
-0.000270662497718152 0.0124860255235491 0.0274294539136529 0.000230330254508452
0.00136986592759252 -0.00467901506546866 0.0366210465608326 0.0290153602936008
0.0048099066796553 -0.0161529955109622 0.0299679101303685 0.0427939755735156
0.0274567574326033 -0.0198734016922902 -0.0316740906851645 0.083706486603159
0.0430148512342234 9.43523859902231E-05 -0.124393274942255 0.102253651293488
0.0482386237637653 0.0499319157338254 -0.215974667074239 0.0041963085009297
0.00217571886502505 0.0663701683024212 -0.227821440312564 -0.108621221585169
-0.0648856838703914 0.0400384323489662 -0.102056237573235 -0.184039567159611
-0.0427401448683008 -0.0011376613745875 -0.0723473850044848 -0.0137222170302031
0.0499835226860632 0.029194147565161 -0.0978855661642153 0.111308558094548
0.038091993173813 -0.061064679186095 -0.236705138255409 0.355164108302554
-0.0351778682082068 -0.0462052774158494 0.0646097698111913 0.429538136250559
-0.0263731336415922 0.0614550154203339 0.237506181269262 0.180512239917422
0.0262586211323506 0.0284749600740052 0.161563278959346 -0.0188336818169859
-0.00421622384712743 0.00644194714909112 0.0644146225739443 -0.0375272891536948
-0.0131770417964315 -0.00564897872609178 0.0249615360523632 0.00876263338048474
-0.00918731590878863 -0.0169077813379159 0.0311404539208436 0.0307069426089113
-0.00199396997377462 -0.0222709357014887 0.0300466441505262 0.0403538265850623
0.0314218557175754 -0.0263758148500262 -0.023550978940063 0.0748553198917701
0.0493947560874718 0.00643124180999113 -0.104792515222639 0.106507031751279
0.0398464876785138 0.05743125212282 -0.213953760676644 0.0325198660037122
-0.00553819327225009 0.0623544863669694 -0.243013276325037 -0.114156773274898
-0.0391023031943291 0.0194626598725344 -0.096778508484419 -0.215144012253666
-0.176379163912688 -0.0195138026807369 -0.0348480474088552 -0.0356183817248733
-0.0509451395758168 -0.0224429305980163 -0.0942553225627202 0.17313537635747
-0.135732197432983 0.0174020430599289 -0.115684819809984 0.292691649677065
-0.0617942323355908 0.128961232281547 0.0567382757166674 0.24870132957809
0.0750931633174627 0.10120272547854 0.141357857308262 0.105605891680476
0.0804937593414667 -0.00980091746486265 0.108955082339831 -0.00276358420513071
0.0317680441891894 -0.0432164462094535 0.0466030587110542 -0.00677938596200683
-0.00707533247266319 -0.0623141455943348 0.0337242843542971 0.023623705649878
-0.0217449826822702 -0.0700779398062321 0.0291624992538533 0.0293212153074692
-0.0101449304389765 -0.0204916784913051 0.0202580712835221 0.0264152625936778
0.0249266421731353 -0.0204097214583961 -0.0151107057323891 0.0729579380652623
0.0301483645583661 0.0207149055737674 -0.0917742447154754 0.120103258131224
0.00380572687616183 0.0430862146985332 -0.232776664620222 0.0469712918924603
-0.0112880046632055 0.0239667884982206 -0.272172136432111 -0.138767361055803
0.00732164303137457 -0.00874744120218389 -0.0841599328251842 -0.268703235822492
0.0209209683718129 0.0387445058028424 -0.0144412291604746 -0.0515293119390379
-0.00896973325433796 0.0270912611280055 -0.0327976618257309 0.206891840708367
-0.140612585220473 0.0725858150389932 -0.0327197344034934 0.297464926148746
-0.0156393825181229 0.152496523636001 0.101428803656117 0.223451192063354
0.119846186580976 0.072955065665938 0.160153874758147 0.0802626862490099
0.0865030696749943 -0.048025650495233 0.120619988659814 -0.0262929386672026
0.0216528963446507 -0.0692760933658259 0.0501749580218592 -0.0329186262112165
-0.0234045608883158 -0.0777479021891214 0.0259288826728829 -0.00588632451518166
-0.0369805791407461 -0.0755174783140966 0.0119200992611973 0.0123890054697652
-0.0270306303946525 -0.0608648507917872 0.0244796258114966 0.0269186160280373
0.00975254413809489 -0.0144997917110847 -0.0109414383335315 0.0813791387451889
0.0325233121443069 -0.0026026450244777 -0.0874166606632762 0.108454545760983
-0.00163803916019582 0.0176341289361862 -0.199740708279195 0.0257964627569812
0.0242901107978001 0.0842792161905686 -0.214897184073661 -0.145742788618462
-0.0371370505609773 0.0160648982497832 -0.0416282979809499 -0.232628508351274
0.0218361111552037 0.0380025337319415 0.0381303499169176 -0.105610809696169
-0.143252905711548 0.0122225460143247 0.05530453633625 0.221817987245276
-0.0996919750261285 0.103667672346268 0.0606873530163591 0.273659789925928
0.0277409628370457 0.127488621092253 0.148150192252357 0.180222984185246
0.0590820520530367 0.0399419328173117 0.194375967213148 0.105358842993813
0.0580385267531372 -0.0385140205562236 0.137508883853405 -0.0585075944935663
0.0117425508909577 -0.0599981774518113 0.044076712392313 -0.0663127850877055
-0.0233013715373331 -0.0585843008967124 0.00880033758847421 -0.0393434840808974
-0.0267276480724063 -0.0289359927422451 -0.0119002878475 -0.000269734456838453
-0.0278529899650193 -0.0412277750345241 0.000208418863797104 0.027242026097859
-0.0122033354758846 -0.00614065256003705 -0.0155013898922708 0.0691430540035984
-0.0230599930685444 -0.00388817050660433 -0.147660030996763 0.15555787920176
-0.0185357699637491 -0.0520718045125394 -0.306934699703749 0.00190072237953297
0.0386737206470082 0.0457055630253042 -0.222591227533104 -0.203463897553049
0.102397557744857 0.00371928608521965 0.00648842660790501 -0.381575149591942
0.0626206362093746 0.0813767277039913 0.02501983577763 -0.107332812276781
-0.0787229040599583 0.0378153333253325 0.113123348986269 0.223694767710996
-0.0313464271512971 0.0765403559606093 0.132671057399125 0.23736173032762
0.0482934380145792 0.0664361633810631 0.18803605702357 0.135692816489254
0.0851619994826314 -0.0125162581607809 0.194815554425858 0.000823050410844176
0.0327155944733529 -0.0634687803504324 0.117915487797534 -0.0975197661184871
0.00301433093805335 -0.0539811746599337 0.040222460255133 -0.0943257720085091
-0.0291393170648813 -0.0520835632843938 -0.0110407770947022 -0.0629851193095203
-0.0424957353653403 -0.0530610984980041 -0.012520256639139 -0.0416989757501761
-0.0335808004202101 -0.0528895143888009 0.00014939567325984 -0.00468815369104323
0.00592297693699389 -0.0592254715568299 -0.0353678638877358 0.0581635844109941
0.0403374887164985 -0.0426863852329027 -0.118832637320614 0.0692696153675036
0.072154753625039 -0.00863973705724637 -0.194512355092173 -0.0540651204747468
0.0511835353521704 0.0297256117977976 -0.147463739063609 -0.181111986370598
0.00902318593169277 0.0375737690612506 0.00623423915212443 -0.229176561770624
-0.0281313074640106 0.0379617980109428 0.0812642946831486 -0.0868959014631724
-0.0116537918717604 -0.0204252261614755 -0.033508622745256 0.116100415158757
-0.0455672441920893 -0.0499914710946468 -0.203781931981997 0.377835046634825
-0.0829253056411439 0.00699670636773833 0.135647841356277 0.485971076183296
-0.061863574364062 0.0736159975814802 0.378273011219768 0.193781526125506
0.012683385062891 0.0634144233291162 0.256285516174011 -0.102776026771945
0.0299632928758883 0.0370275222416146 0.0742189003386553 -0.116104812078307
0.0340918381948185 0.0184590570199363 0.0137322867962964 -0.0268121541505443
0.026512978619432 0.00949332587989989 0.0336641933465371 0.0177004282905027
0.019079498383947 0.0150141583254145 0.0271872021963814 0.0438740293097015
0.0100305317051353 0.0265468267974547 -0.0433158690239907 0.0891955473187054
-0.00879829303133225 0.023943032072738 -0.146210808939668 0.0972155306085811
-0.0113001585884215 0.0158164169484937 -0.221989510132077 -0.0331943255010941
0.00214525550987141 0.00493877000672672 -0.175264470685716 -0.163509052416311
-0.012847796468369 0.00341677018123966 -0.0717203875232927 -0.177206664157422
-0.0271841691326465 -0.0172225997514151 -0.100242670339591 -0.0377258461857141
-0.0449223941509463 -0.0518775419990989 -0.124200950046268 0.101800883209984
-0.0435555712008655 -0.0629407182169606 -0.114107057112359 0.254604268295996
-0.0859197358926323 -0.00771689770623066 0.0856341437847612 0.487834570587033
-0.0718634881042952 0.0467786032314721 0.166911053203994 0.114553600732328
-0.0196437392691057 0.0652782311435648 0.119281799102396 -0.0233867645285739
0.0164398981401179 0.0525615578634938 0.0469107688838537 -0.049591171857603
0.0338799326916147 0.0239930904650515 0.022228697994197 0.0351392038894107
0.0240465403894671 0.00355007863389027 0.0444874433094972 0.0647490753633282
0.0235737623018975 -0.00500814096258141 0.0473967604020182 0.0807430324158741
0.0195545195114806 -0.0013317062035846 -0.0375742267402365 0.0908817937811085
0.0208587871867172 0.0080217909107698 -0.141766693442469 0.102101859208593
0.0261962619966247 0.0346794430562853 -0.225507158343337 -0.0180213393047842
0.00385768572401748 0.0446134956513759 -0.192114044235277 -0.144910086697676
-0.0403081482331214 0.0258732623097047 -0.0777440226997515 -0.166982815388459
-0.0413871274341747 -0.0096924032186753 -0.0932757278779948 -0.00923085561884902
0.0631126935314039 0.028082267737313 -0.0863279608195215 0.124613559663105
0.0605448165316328 -0.0698942078777473 -0.268526303817573 0.377536008636143
-0.0360967002423966 -0.0727002648504188 0.0623997726424655 0.495690177274995
-0.0948163440126783 0.00688084622187792 0.30139524724516 0.230389934414897
-0.033047476669674 0.0513468305808679 0.217492574443292 -0.0385087573881994
-0.00411365564125131 0.0354033069522503 0.0799288485238128 -0.0622975322415148
0.000385891087289012 0.0152987421145992 0.0294835189649013 -0.00160226735824615
0.00173526647119566 -0.00318837902348065 0.039729144407133 0.0264432543589288
0.00539682891216974 -0.0157781480603644 0.0308734099412742 0.0395727339830653
0.0285594983738402 -0.0209838019835705 -0.0312923949573303 0.0842457892822204
0.0447148293746181 0.00119072212254082 -0.126129518815333 0.103839415875577
0.0499764228801224 0.0526255864598117 -0.222402704834437 0.00487144622936659
0.00182369774404042 0.0698591924484342 -0.22946337089502 -0.115092457110903
-0.0672995865826206 0.0436947929505104 -0.09621450837783 -0.186486071682266
-0.0413181108897027 0.00151884112580096 -0.0718540743465684 -0.00951987429583454
0.0605570422204298 0.033204363376788 -0.0996747680217619 0.118492964612981
0.0454311563937789 -0.0664409659046119 -0.243751346311462 0.37515682644599
-0.0362864963323678 -0.0550328730127082 0.0739101446512178 0.449235340614472
-0.0324045156136478 0.0589829756225967 0.252042717141936 0.185172451902584
0.0279344528113921 0.0269986259873796 0.161212430656369 -0.021661643655814
-0.00631465270999446 0.00984831345434831 0.0660896284266798 -0.0408198492095087
-0.0141284662621938 -0.00203081845818631 0.0270091666175653 0.00857752760297549
-0.00926763568797925 -0.0152864968384681 0.0338962336639296 0.0295157760997964
-0.00154568396875114 -0.0205288264978487 0.0314266937703499 0.0380945666606927
0.0325310971890591 -0.0266684104155306 -0.0230023945126533 0.0751831761031396
0.0508810611151711 0.0082833875659795 -0.105526009137298 0.108637040686749
0.0387126151992525 0.0609000822473344 -0.219812148542816 0.0350194450469036
-0.00759664981046495 0.0636879784976668 -0.252126393789337 -0.112993177950753
-0.0401311614908654 0.0196611913771515 -0.0998667559757282 -0.222670536000885
-0.180470073201201 -0.00897022291735975 -0.0333673067531998 -0.0427106175983674
-0.161315401040248 -0.0388281415267221 -0.0865110034411555 0.179129350479039
-0.131605871156118 0.0180012984079169 -0.118149075155498 0.306063039221025
-0.0563000534053184 0.131270519456217 0.0576875171808324 0.259779000502717
0.0803958497932327 0.0966885821920486 0.145242157217832 0.110374715005275
0.0790727673590281 -0.0149654184964919 0.111860926014044 -0.00385081087349391
0.0298373182130216 -0.0456534026631724 0.0481374902854128 -0.00720103404950555
-0.0111722289664569 -0.0627699750645307 0.0361200254569152 0.0236964628080521
-0.0277356067220989 -0.0701494846909476 0.0247461476637733 0.0265349862875039
-0.00920813273396257 -0.0179936333711961 0.0207625960374533 0.0249219837673529
0.0253698432416102 -0.0184235586807342 -0.0128808327602142 0.0736973242561485
0.0294263442738092 0.0245700318125779 -0.0916326536164305 0.124137118726756
-0.000976274276565044 0.0458495024961035 -0.239728631943898 0.0522981517887518
-0.0145650015391557 0.020569473949955 -0.283836467245337 -0.140465099070056
0.00976650180279811 -0.0120981285952606 -0.0908426033049058 -0.280413458668136
0.0285769553074778 0.0434663355137302 -0.013395202805529 -0.0523182079352451
-0.00322533970353964 0.030230210411799 -0.0274730654316128 0.214067457685453
-0.14772184485513 0.0940718304353195 -0.0285833189251499 0.306940587596446
-0.008064176366517 0.154967879195579 0.103803290061476 0.230419628492159
0.12506411691269 0.0667687752693115 0.163620788996413 0.0821506042712929
0.0848317830553406 -0.0536713679562909 0.122300351875208 -0.0290792747029713
0.019077854985599 -0.0719785322238245 0.0509827620287971 -0.0332406369736794
-0.0290075003478913 -0.0781860089342146 0.0262432229199182 -0.00494768654473741
-0.0438081434022152 -0.0745045869936972 0.0113187124194048 0.0141116883764055
-0.0309550152836507 -0.0596492403865726 0.0279800372599575 0.025757584317131
0.00999904535917198 -0.015981556227164 -0.00624825143934204 0.0829454495205834
0.0465594536753097 -0.0264173688037083 -0.093114732713253 0.113224497604144
-0.00248095002680019 0.0188376996296629 -0.207693182746607 0.0264076507028077
0.0309316920934726 0.0813632732827247 -0.222810981648076 -0.150393486987603
0.00713314499243559 -0.00796502608388383 -0.0503504443993046 -0.248820500713051
0.0311048802845681 0.043336412863123 0.0412617403122392 -0.116978689862157
-0.14527089447195 0.0226917602027576 0.0660203353507327 0.224754390758241
-0.0964560448652015 0.111592860163441 0.068403417966019 0.278244410271787
0.0343925031752229 0.128541492209922 0.15223017566296 0.182933889867018
0.0593932642034325 0.0400255232604006 0.20122568218701 0.107179466331723
0.0569809940365491 -0.0412103202720479 0.124307826197565 -0.0656588180664965
0.00992696935539535 -0.0614849339941701 0.0433611669969465 -0.0678078297136434
-0.0260293032156704 -0.0582736745819759 0.00663342938350714 -0.0392442776470409
-0.0285354782733144 -0.0269543609207352 -0.0101942146860811 0.00151924417104727
-0.0296306750392277 -0.0354980986379976 0.00166101933154399 0.0288699494884092
-0.014364576241079 -0.00246261193280182 -0.0143050349186133 0.0719851533354488
-0.0261625189520122 -0.00145884798062976 -0.15004754686191 0.16507663126586
-0.025481375171767 -0.0553916794024506 -0.30907652361637 0.00920298765821052
0.0451009452312583 0.0423994736034287 -0.221991804060172 -0.202525229237906
0.111071313731636 0.00154364998925224 0.00358039342300204 -0.402144944924079
0.0722343525255166 0.0867399023566779 0.0238144437511679 -0.113752509396622
-0.0779858325821618 0.0454341901220251 0.126477221211603 0.224705193066433
-0.0269759733016095 0.0806881428422604 0.142329259252501 0.238077876234876
0.0527597193871018 0.065306119047245 0.191530047499124 0.134742661045415
0.0869884763902375 -0.0177600814400629 0.19574046579859 -0.0011189126396469
0.0298333093259081 -0.0675361168680626 0.117375243072121 -0.100280643742537
0.00108367957864927 -0.055649165404487 0.0387308094959903 -0.0960697312846479
-0.0326362198930571 -0.0525563083918668 -0.0140133226030901 -0.0616419934625665
-0.0474161058622506 -0.0525326608047582 -0.0153890007394026 -0.0410835290301604
-0.0380928948413143 -0.0530422120313466 -0.0012073759867353 -0.00350331186223918
0.0017229345587546 -0.0618585949056416 -0.0358694211493516 0.0628837454625793
0.038218078190083 -0.0478258821081675 -0.125789925431387 0.0720833915496738
0.0760793765097152 -0.0149300258169841 -0.204267018496865 -0.0608014288221219
0.0574218552622158 0.0282171740428848 -0.147866501989651 -0.191840059802143
0.0118156324467893 0.0435450778274623 0.0123647952850141 -0.240203093192668
-0.0262812319610499 0.045734517147083 0.0849057363924722 -0.0966510688494705
-0.00589510930354531 -0.0204753234387635 -0.0495968288889475 0.111709019126045
-0.0336839167343661 -0.0530844775410413 -0.273116469405071 0.352043103601034
-0.0776311885744247 -0.00670877491798361 0.0556243263355343 0.521646548985122
-0.0679806563201212 0.0607149495573041 0.354232994244693 0.266759701523238
0.00194718317151707 0.0614152632976119 0.283017986944933 -0.0634168764437931
0.024730601226513 0.0411103293935681 0.0956326028537159 -0.109368470129628
0.0320035846650307 0.0231680406329503 0.0190927596871423 -0.0270927613789464
0.0250539780899416 0.0132615255568308 0.0324532928739337 0.0196089013205758
0.0162278600294092 0.0178544221160743 0.0212709935805579 0.0448998498816211
0.0056379988555505 0.0281854408213634 -0.0576165783418495 0.0813761379756462
-0.0149879693011595 0.0236859384300701 -0.159129013921804 0.0724653639550825
-0.0162537699369792 0.01340475276958 -0.216524973261231 -0.0723779210197149
-0.000323094693784168 0.00359428955944457 -0.148187654252318 -0.19236656951532
-0.0163224787863833 -0.000570476305450902 -0.0393830020332938 -0.187700471317381
-0.0282246245305841 -0.0229769558368461 -0.0918208551971135 -0.0491669240189256
-0.0353940581976811 -0.052766879311888 -0.142553055481431 0.0843838081801046
-0.0288094011827411 -0.0662375434175311 -0.162965889027222 0.236262161991722
-0.0753540753559756 -0.0217356565830544 0.00218659219418796 0.511624551609074
-0.0765197884762179 0.0311865061390158 0.143583657118297 0.154091311487807
-0.0321796593907092 0.0596737897537818 0.128151790133117 0.00219346577861857
0.0072934682247022 0.0567326648095377 0.0564478611066434 -0.0420573636852985
0.0308826142265938 0.02994573308491 0.0203966742541986 0.039244723073318
0.0253291213653612 0.00818314173095645 0.0387199765307323 0.0709071286017147
0.0262394696012041 -0.00132506932678425 0.0391037695716346 0.0866968412130521
0.0203537483980249 0.00245164287460808 -0.0516949518499963 0.0841107024325713
0.0189501078467427 0.0141965478793721 -0.158184797346388 0.0780849499477393
0.0182579675332086 0.0405103491136236 -0.224623208088195 -0.0582600088766639
-0.00718606528122418 0.0436875123740425 -0.168176377161407 -0.177150798775366
-0.0474509497377296 0.0166932392272004 -0.0457557382260406 -0.180197172650085
-0.0425455789320555 -0.017311672005519 -0.0883157340367385 -0.0188797815337783
0.0653446376257525 0.0458743422918685 -0.102445154891424 0.115018381362186
0.0822570772440512 -0.0546327863157893 -0.333927532824789 0.342444474616829
-0.0143468506184129 -0.082364004525641 -0.0195897641215162 0.512988559277651
-0.0938026106090156 -0.0146256871042563 0.268091616410803 0.283765017994207
-0.0451164705714833 0.0426466436837993 0.227570226669508 -0.00415320821839756
-0.0118202138490092 0.0364858063938855 0.0916168735153933 -0.0524026000925441
-0.0021747540415131 0.0179116377004911 0.0309365962696668 0.00178031402082865
0.00257597864260334 -0.00123191108288509 0.0374396982202466 0.0297847501716217
0.00890457315644397 -0.0138335566934064 0.0248137707933522 0.0422266888850693
0.0329379178941767 -0.0149550768025117 -0.0435836360188453 0.0786562988382751
0.0441091593087682 0.0125566223700306 -0.143893209738638 0.0824328249747258
0.0378996039265035 0.0623745274457206 -0.227193398884083 -0.0352662498546255
-0.015797065004984 0.0684781113901774 -0.20723229291343 -0.15644584337529
-0.076365356249572 0.0285701157350926 -0.0589168080093209 -0.20344885468836
-0.0413468787006974 -0.00395463978886957 -0.0661149791653233 -0.0172456542189004
0.0626411659376098 0.0513790876832903 -0.116630501265656 0.105959266241405
0.068169919910838 -0.0551114523350124 -0.308163051512657 0.342720946673767
-0.0184777584499805 -0.0668121454468649 0.00155242076120339 0.466100532948122
-0.0536636061367827 0.0319937729735898 0.227467599639086 0.23441548438862
0.0254375202393077 0.0249345012383833 0.155943232820931 0.0060666833372024
-0.0102724988265323 0.0107651925358895 0.0731398864175736 -0.0317612186170124
-0.0142147558667295 -0.00105869839585514 0.0271169090464956 0.0124668194286919
-0.00649058541762191 -0.0148850556886987 0.0318815065856229 0.0345182433657442
0.00338085485041861 -0.0190857323730519 0.0254162031928033 0.0397098579425196
0.0376064751958645 -0.0191188893036101 -0.0341378569020009 0.0708755436717631
0.0484208089879008 0.0225928033649095 -0.123061611911623 0.0897988619722526
0.0228059319574154 0.0695235844575434 -0.228806532681373 -0.00369747964324099
-0.0244140629669197 0.0590671499052893 -0.23605927388266 -0.153514210320778
-0.0433450955906673 0.00720428528866377 -0.0603605252545626 -0.241252183403785
-0.183964645836572 -0.0362057967823185 -0.0141053801369446 -0.0522597947006977
-0.151873471520295 -0.0542722245105964 -0.119986646922119 0.163091052793279
-0.150497698733602 0.0228145132574593 -0.172334363590309 0.29162272196102
-0.0684017248665873 0.118356898766971 0.00867823569090977 0.280959272484497
0.0669989983194846 0.0991136427387162 0.130631667541697 0.145812836412662
0.077425437304227 -0.00645941023161452 0.117167799775811 0.0122560529341795
0.0353448089850064 -0.0416779294710056 0.0507877352621212 0.000242060066156209
-0.00395571149451301 -0.0635803826238391 0.0353603194561846 0.0287282605634342
-0.0188550712922778 -0.0730033746501225 0.0195167174074043 0.0277165213111094
-0.00535101897785334 -0.0158941158142677 0.01775095139403 0.0263515612466625
0.0285267692649115 -0.0112118358929148 -0.0236434235265459 0.0719424275378045
0.0217621852910668 0.0365538142318344 -0.110332563884506 0.108667682929154
-0.0185902071456502 0.046520718604171 -0.250470511866828 0.0118298337283293
-0.0235595818166539 0.00945663766251365 -0.264616449685341 -0.185943036837582
0.0161971119984031 -0.0170214172529924 -0.0456344040509764 -0.29890674193549
0.0279404945138559 0.0549503455451814 -0.00296733396270607 -0.0571076104784794
0.00221057569194584 0.0368488633761044 -0.0590618381946448 0.209294328555962
-0.152761917704754 0.0750614775087827 -0.0808515818977861 0.306985693158922
-0.0258579323456056 0.14957190121613 0.064077636272852 0.257079310432854
0.114758967414081 0.0766668539808306 0.155834859623191 0.117493515467562
0.0890526670383522 -0.0439157819975634 0.129926236370067 -0.0139642663591813
0.0290987589981949 -0.0704991554831916 0.0561457930682072 -0.0265978479087254
-0.0190653627326397 -0.0814847356738483 0.0285090913063948 -0.00216814637084485
-0.0343198353040865 -0.0804000267122398 0.0088366518669528 0.0165200369948621
-0.0229897514023342 -0.0626237713054137 0.025058275421687 0.0302936218013001
0.0159219072206384 -0.0274244577267405 -0.0143319286068923 0.0828259698311096
0.0488608617210437 -0.0195435596493721 -0.114196659537053 0.100652057571947
-0.0111513380896649 0.0177597646051798 -0.214510332951963 -0.0108638287334255
0.0189132442889756 0.080246066615522 -0.200368895945414 -0.191503466602549
0.0259584420274557 -0.0142755893654999 -0.00815451570431843 -0.262590260517169
0.0307679678742374 0.0543584417375337 0.0653974728065194 -0.122535907891848
-0.141933858127347 0.00654447740670349 0.0291087564660709 0.231181457655904
-0.104709071664627 0.0965340856593376 0.0241997896895391 0.290848462691304
0.0191684625049921 0.129934867853147 0.122234433903615 0.213559682448929
0.0527307313447514 0.045499693131939 0.188376251325616 0.145762301404518
0.0607557050601017 -0.0338420019084253 0.134069117615829 -0.0497839096887464
0.018738761523036 -0.0609743323649582 0.0539949560748324 -0.0614988087984508
-0.017964558760167 -0.0619008160417373 0.0122764425258729 -0.0385988904210175
-0.0243824015996734 -0.0297561134869219 -0.00974082318600063 0.00210092710393099
-0.0241956054019816 -0.0358804301071003 -0.00142140663678549 0.0303093782861677
-0.0170602065833577 -0.001527136672773 -0.0242170127409383 0.0725224199399478
-0.0326409904708548 -0.00286047609050508 -0.17565703953419 0.146151125589171
-0.0237578337113817 -0.0632105127547709 -0.316637987071216 -0.0384431684855559
0.0474530242543149 0.0442291820058361 -0.24063684144009 -0.311289695594744
0.122147623826544 0.0174786895066117 0.0665173999667869 -0.410852931477237
0.0652081045704321 0.108437797544723 0.0419716524351172 -0.120442428682818
-0.0776992585628077 0.0373561878412332 0.093589918264556 0.240446100289806
-0.032453080949573 0.0750823605989703 0.107743109695791 0.258130417458721
0.046690969438561 0.0697135729693787 0.170196754941389 0.166258556016448
0.0883951116135833 -0.0108199346311277 0.199514363201665 0.0315389554461844
0.0376528185499809 -0.0653865643738033 0.132037029796083 -0.0849204627095521
0.00881061447050717 -0.0579415552182944 0.0529009187135304 -0.090894807183731
-0.0254846616821769 -0.0576323830695896 -0.006490401257795 -0.0643993437388437
-0.0416390756498208 -0.0604285273614585 -0.0105618622103474 -0.0424689503998193
-0.0315846369509078 -0.0588079088745634 -0.00087957857214823 -0.0019810476367206
0.00910504005096486 -0.0623853235807935 -0.0454302606767352 0.0606773045799554
0.0451057225567797 -0.0435250321230413 -0.143818967831974 0.0545923845862692
0.0801424923958842 -0.0100048239211889 -0.202970683358544 -0.0982417119832252
0.0576579494149219 0.0368941874866545 -0.112792653548556 -0.224412476173274
0.00733446580199637 0.0490340785556842 0.0604787645169366 -0.243158978379712
-0.033803562549318 0.0478685765504492 0.108784441318102 -0.0901099115526099
-0.00663234529517806 -0.0212668144330735 -0.0356819847228181 0.114844295054263
-0.0393226693693197 -0.0505437620825906 -0.24405002012941 0.371002002926385
-0.0784135132280988 -9.2328817121852E-05 0.0946413382400183 0.516626509686222
-0.061709623782049 0.0678123818643085 0.37431278686173 0.23746128464604
0.00772994318839331 0.0606543674688325 0.27657636574614 -0.0866273904645708
0.0292449435293053 0.0375112903753604 0.0855551627878536 -0.118470956887193
0.0336239345474044 0.0189741476112195 0.0163666635399431 -0.0313898319021513
0.0251733655430048 0.0100635569259469 0.0341973834608732 0.0125476781391438
0.0174823888571013 0.0158938871469549 0.0240328750439429 0.0379923987850411
0.00868513947610856 0.0269075912768661 -0.0492062621234437 0.0806670267898545
-0.0119930445925015 0.0252005193242018 -0.148350641498262 0.0798828781857787
-0.0132604365353492 0.0157871783683041 -0.215757508737959 -0.0554048684068781
-0.000878659715591156 0.00439022467236058 -0.155884310170699 -0.175985499777528
-0.0187002638492146 0.00281770627107225 -0.0491725420238942 -0.17957710621758
-0.0312944252100329 -0.020268325575719 -0.0906958727951593 -0.0359258967662299
-0.0389396846918413 -0.0450775834073363 -0.132112629118599 0.0992238166377085
-0.0329220517929054 -0.0618537170622437 -0.147964013409975 0.243064941896687
-0.0742108004366422 -0.016752534119731 0.0433894345439175 0.509400734774444
-0.073771651037268 0.0353786492869402 0.151717091837434 0.148477239154463
-0.0278116330994529 0.0625839525718025 0.129398072482581 -0.0048533601632842
0.0120923239468999 0.0552601166572753 0.0534228732050703 -0.046708872157965
0.0331530122119721 0.0269393111770658 0.0260156803801793 0.0339227060600266
0.0255313698222692 0.00559779110137709 0.0468270531281031 0.0629485778610798
0.0266407397754968 -0.00410708154377864 0.0480980049583457 0.0783786531926468
0.02077258569147 0.000365451522704951 -0.0439268474128255 0.0832532997388505
0.0198199296308864 0.0130156790488939 -0.1477754573596 0.0853807026318862
0.0213413094214244 0.039633788362064 -0.222785957708225 -0.041276031209083
-0.00502395091553456 0.0438960337965688 -0.174411954830451 -0.160552234208102
-0.0474204006205565 0.0218873869894081 -0.0543589939900337 -0.171331599654379
-0.0423627292844907 -0.0130677693483723 -0.084737984419594 -0.00676221034238071
0.074267883728469 0.0419190526619249 -0.0885219966346089 0.123731547269151
0.0816494462791555 -0.0631822081155634 -0.306047728010828 0.365665025774534
-0.0204091145314279 -0.0868041301906715 0.022955506245237 0.511046239801147
-0.0976947058665615 -0.00797662968848801 0.289240457078704 0.259155134403426
-0.0444325853391516 0.0479306618545189 0.224433109448721 -0.022593304938322
-0.00981274857551741 0.0393807261265494 0.0859227360794257 -0.0604699184806006
-0.000211405286273315 0.020523793874869 0.0312222554829374 -0.00236692914808172
0.00257276829951751 0.000394063031928825 0.0397471901345035 0.0232447666120975
0.00899658156706692 -0.0129139734726701 0.0267432090412225 0.0351100327873904
0.0315413328677898 -0.0167163261315329 -0.0368534978609012 0.0764199481284172
0.0446867326816773 0.010813893088704 -0.134093326921077 0.0881792731990571
0.0413294090072815 0.0608797329004482 -0.222460072901749 -0.0187988810145294
-0.0121084330634146 0.0685702572538861 -0.208434149817769 -0.138681196965985
-0.0710578150756565 0.0330471289443104 -0.0696865126710441 -0.193952723710751
-0.0376846162782469 0.00129390671682027 -0.0626030691413557 -0.00713703100700249
0.0737162679756753 0.0485455256748217 -0.103778072358008 0.115321921209569
0.0689281024180447 -0.0634615928830344 -0.278944969650351 0.3635351504925
-0.0232830188542839 -0.0723276825792182 0.0400678570629861 0.460999225418536
-0.0556357730398114 0.032160925837357 0.244171895622408 0.212430223573311
0.0255221183818786 0.0192372732680787 0.140659803478364 -0.00155156365851833
-0.0107640424127078 0.0142924841647805 0.0686661088864108 -0.037295488775705
-0.0140599843966092 0.00314449292663248 0.0285931100100531 0.010245887270956
-0.00711804880954359 -0.0125610208027528 0.0358916065761455 0.0302916088179216
0.00372697674426835 -0.0166317713609028 0.0263083995990575 0.0326851787717016
0.0362202390128696 -0.0204967091305271 -0.0273112367461075 0.0687660728790715
0.0490791840554553 0.0210500547983054 -0.112593046369381 0.0944276654541792
0.0256727861764449 0.0687496395485515 -0.221863333201293 0.0123398484175003
-0.0223279314542947 0.0584485297401787 -0.241246873417572 -0.129776663965028
-0.0412721881690295 0.00952649819859838 -0.0753856414469505 -0.232849938124553
-0.180346352921198 -0.0119139271989696 -0.0145708137279031 -0.0432229767205407
-0.150588375704193 -0.0315014904739342 -0.102175041857195 0.170731513918786
-0.141942991009363 0.0409335442727236 -0.147364882423949 0.298362365897198
-0.0516277319152104 0.117633029726612 0.0256694968328438 0.275923921449076
0.0735980854471114 0.0844028536823188 0.136214261243439 0.134633145997327
0.0706192569158214 -0.0148152603475915 0.113015117870743 0.00254758725939281
0.0281726600505358 -0.0442159334877745 0.0493831459051714 -0.00335085154658146
-0.0117641900725589 -0.0601066071810091 0.0376664709891257 0.0254904447115243
-0.02850638721 -0.0664066148558057 0.0221602358256245 0.0244414953079442
-0.00429332870170106 -0.0122352732793406 0.0185861701089772 0.0215481865494278
0.027104608031369 -0.0104170460790231 -0.0158243703243367 0.0695675504343864
0.0230123696129302 0.0389336231982393 -0.0976994482548491 0.11267733142235
-0.0204938798964578 0.0491886347500826 -0.242459202705333 0.0310988689340747
-0.0258154600838103 0.00511774690705782 -0.272972753121061 -0.161651686037094
0.017702005185913 -0.0207486403781966 -0.0664423782052326 -0.292458231447275
0.0397221740394915 0.0547752518756844 -0.00606417921746704 -0.0553143269699525
0.0133864390085438 0.0392861040734534 -0.03706725156195 0.208388999197189
-0.138187409749304 0.0891853157767851 -0.0543468528730448 0.303425320170058
-0.008393107420976 0.144596461689286 0.0796260696713453 0.245656919933161
0.117584003961754 0.0592889457990498 0.158109898779205 0.103113074882563
0.0793168178434567 -0.0517664749969493 0.122864934530018 -0.0231808300041833
0.0194891361976189 -0.0718321587720214 0.0520102292700757 -0.0289555027670557
-0.0281031514232825 -0.0761988098117774 0.027529070632598 -0.00305123248668177
-0.0443826432130264 -0.0720974501456033 0.00992976513257231 0.0159641184996298
-0.0304010273759428 -0.056257353646381 0.0265765495372604 0.0269197814596933
0.0102920721605583 -0.0392565744666708 -0.00377908509224896 0.0789272797012937
0.0425180984619736 -0.0257732604774653 -0.104983888829819 0.108721338226173
-0.000233458975917871 0.0214243198354017 -0.213485175402703 0.00169126229585612
0.0288645826291425 0.0717962749174773 -0.207874065902112 -0.174516561468813
0.0512917602754021 -0.0239230887895069 -0.028748108880008 -0.262380613665662
0.0442400802587652 0.0564310194071466 0.0529051320585803 -0.124097796201366
-0.135737290600072 0.0249131036859568 0.0521493002061858 0.219076500506386
-0.0898275857674546 0.105418156434791 0.0482351957833367 0.276422192842125
0.0330941849688905 0.121686736665903 0.132467260954796 0.196504598912637
0.0532513252538979 0.0403313301193764 0.193640232722959 0.128076096966322
0.0544665002737312 -0.0376060202991401 0.130529166035452 -0.0567005610978236
0.0113328975033501 -0.0603512742037509 0.0529849271499062 -0.0626955613482332
-0.037591044097866 -0.0746167604815619 0.00921442096463224 -0.0349334797911406
-0.026273864249551 -0.0238360980931566 0.00345163180581882 -0.0159279412381161
-0.0270806900625843 -0.0300330906761525 0.00146791126412092 0.0307097137374644
-0.0178364097316348 0.00389804376321682 -0.0166998611686436 0.0742302990388328
-0.0378112413982259 0.00335197381756709 -0.159161049812676 0.15952794429939
-0.0324238951623169 -0.0622394949189284 -0.32437438196087 -0.0130258797204296
0.0560899885708814 0.0341768748932521 -0.267838428561755 -0.303079864261948
0.127684286619799 0.00658251557025498 0.0334230899423838 -0.414507026410486
0.080447158482295 0.105098167216595 0.0308791838830511 -0.123695941166681
-0.069783681822063 0.0474157096448958 0.117508010076462 0.22025927005012
-0.0225016895205668 0.0767009229656466 0.126256431827168 0.23632716416186
0.0535724091951734 0.0613777759852719 0.174290188649468 0.145759946910507
0.0845217127406706 -0.0210432642027581 0.192081061499167 0.0165963086140603
0.0289258345681707 -0.0669363259961914 0.118915069602273 -0.0910131014283943
0.00253288025189895 -0.0571431502870529 0.0428983845514531 -0.0907635825675829
-0.0310857604420991 -0.0530280844657407 -0.0122662538442282 -0.0590434511614625
-0.0480609848785463 -0.0533879177665927 -0.015283797318956 -0.0385798136879478
-0.0382265300596318 -0.053072898152838 -0.00252739763042042 -0.000442758700096886
0.00065057999861545 -0.0616878248844592 -0.040175049187095 0.0643501423561462
0.0374834406853621 -0.0493358825295684 -0.140794603579211 0.0641259628266948
0.0778755242484299 -0.0218855341871575 -0.208434171608738 -0.0868959723733641
0.0630996320661129 0.0305125009016178 -0.119783227741862 -0.218487714095854
0.0148147834295555 0.0531684018794627 0.0491181747985961 -0.245222135979377
-0.0270620701333363 0.0551020726027807 0.100444018730713 -0.102274364990158
-0.0146828462409197 -0.0315706108791938 -0.0227201571189443 0.111085484727496
-0.0422282931030482 -0.045148367590096 -0.213616442495807 0.36807533528756
-0.0756200713856714 0.00417105801327912 0.119691012596146 0.489592614891542
-0.053003069945337 0.0708291399787558 0.373480526855691 0.203901216308811
0.0119982253656139 0.057700157465659 0.259466366112723 -0.100701687052107
0.0304621891120113 0.0330923142595513 0.0739616872246275 -0.120549035611978
0.033590177090949 0.0146987575453289 0.0133969295307848 -0.0332362766993552
0.02359291984006 0.00666476195358578 0.0328254546158806 0.00607141124361843
0.0180100833487456 0.0130241932843779 0.0235305207947936 0.0304126034500076
0.00993268098592948 0.0244134744512268 -0.0412042357898778 0.0755660546499894
-0.00929273977745755 0.0252043429468318 -0.134034668241056 0.0800280359888707
-0.0103943750969906 0.0163309118432963 -0.204970731882391 -0.0421847104808915
-0.00150547922244315 0.00526511828605136 -0.15191654386119 -0.157211435898068
-0.0198565533423075 0.00602723599721398 -0.0522119172930894 -0.163830007918798
-0.0326273269625888 -0.0170967318267209 -0.0847155648285798 -0.0243100564619473
-0.0390896741726358 -0.0367313050884877 -0.117236867963791 0.105516475927313
-0.0340729579007441 -0.0559597293118425 -0.131639702382376 0.23723789203329
-0.0699817813698616 -0.0136536011537128 0.0699354800080381 0.485479578422752
-0.0690534684467643 0.0372255782518874 0.151849955914311 0.1393262870493
-0.0233760507355315 0.0617947757097401 0.125260087681213 -0.00934972527964458
0.0152274806452324 0.0525323143251468 0.049044419818311 -0.048585302244915
0.033723856070717 0.0226617396378417 0.0283271184250188 0.0284890294462848
0.0216345819550575 0.00500546761429386 0.0503994665817634 0.0526405536300945
0.0250154189118578 -0.00647099980921839 0.0518865203986835 0.0672539250083564
0.0199834495027771 -0.00139337053732223 -0.0368448467977408 0.0775454909403486
0.0205210947832282 0.0119183265995785 -0.134105005342184 0.0850189868676878
0.0229024565225604 0.0376822766418827 -0.211218360250031 -0.0296673978306954
-0.00342277061088269 0.042014164303499 -0.16875770304613 -0.142516871276815
-0.0445812246612408 0.0247953557333404 -0.0572238536692392 -0.157863837250402
-0.0405166303592916 -0.00923593645817482 -0.0765662220481412 0.00337764789613376
0.078499361592838 0.0369656233285045 -0.0729399607673333 0.123794568960952
0.0776481942138167 -0.0676413704810364 -0.27183162633036 0.365271996394527
-0.0253465075986272 -0.0867649706540962 0.052090169936208 0.487967294381056
-0.09768023411576 -0.00264833500586733 0.291165099117155 0.229559647605935
-0.0424972519580466 0.0503766234286473 0.211232844859614 -0.0359778537079592
-0.00704212286861141 0.0405701696486881 0.0776902129449207 -0.0637632857632085
0.00188731088274341 0.0213075090855291 0.0294215155329634 -0.00549183142184717
0.00258433782128221 0.00148063864129245 0.039311783333944 0.0175591630470367
0.00846495410867312 -0.0122137128313607 0.0255583936457252 0.0281093021956268
0.0294657552574868 -0.017673153496091 -0.0308507096274279 0.070744777753462
0.0432763419789321 0.00889986403435293 -0.121059634207555 0.0872607766433115
0.0421686994618236 0.0568532251088309 -0.209617793303857 -0.00796918568942745
-0.0093780233931664 0.0663241704588534 -0.199549371526154 -0.120754767594604
-0.0651116584900829 0.0362359459592607 -0.0730253631933025 -0.177841299818752
-0.0321539002401222 0.0041589788212727 -0.055807702038701 0.000313974765478118
0.0805252542671379 0.0432938678685057 -0.0894143689877803 0.116124000144942
0.0669803970616226 -0.0685524236594978 -0.245902316126796 0.363221216628045
-0.0274540942455588 -0.0750102664796923 0.0648567472986015 0.437699974460434
-0.0465819569085108 0.037326656595406 0.242892403045452 0.185157568077752
0.0096176734393553 0.0261630890923429 0.136110017062041 -0.0142418270502167
-0.010947480736331 0.0173044904376258 0.0617101842662449 -0.0395285976106892
-0.0122697436571472 0.00629179777715274 0.0283682873098339 0.00755743787851881
-0.00654474825358697 -0.0154985006266889 0.0383511323571572 0.0273964260901213
0.00393639189161803 -0.0140927431345442 0.0252707048392965 0.0264353931183793
0.0333742964463068 -0.0198495592403237 -0.0219618319332706 0.0627618060327099
0.048008879755182 0.0199812255146493 -0.10063121315512 0.0913164590041611
0.025706904796545 0.0668287929728902 -0.206607342251888 0.0217953218548873
-0.020950851335079 0.0552144652435914 -0.230741627136918 -0.109061098148976
-0.0376278317119587 0.0105145491190436 -0.0812126815852215 -0.215697710927464
-0.167066066215431 0.00686005843300086 -0.0112426390928981 -0.0183572732381167
-0.140050406209568 -0.0118370837742543 -0.0839603926942881 0.167536201534443
-0.125459456759031 0.0501837943340932 -0.123912363634141 0.288789146386274
-0.037185273951673 0.109246330545339 0.0354434759740812 0.260585681912656
0.0729565240822106 0.0681793119838094 0.133271918761941 0.121202537798611
0.0607352934535004 -0.0195265782081643 0.104054488472538 -0.00323053511214095
0.0210924740107722 -0.0427700912579627 0.0458005225719496 -0.00508022205198883
-0.0171241811824671 -0.053771558530924 0.038360655999262 0.0224265930305749
-0.0341019541220322 -0.0570761702012407 0.0240051332601515 0.0209525284343983
-0.00273695630842367 -0.00839066194587525 0.0174822975579709 0.016945831980359
0.0254574299675034 -0.00931701390341383 -0.0105876606284114 0.0632423563581248
0.0235722185991336 0.0394537943600564 -0.084783301131899 0.109115241597538
-0.0216113151302805 0.0502528348000457 -0.225415325063725 0.0426468896216164
-0.0279249696392941 0.00255498345536398 -0.265370975422252 -0.137225721811427
0.0185572089550867 -0.0235441933570597 -0.0787780485085467 -0.274453409427768
0.0484079382191787 0.0510729035772535 -0.00693860090192026 -0.0512276975207539
0.0230277198097937 0.03788617902225 -0.0189407817140351 0.196920294841512
-0.118968455605401 0.0947925689622358 -0.0333553302184169 0.285615808956484
0.00463843624822223 0.132305891705223 0.0846725822381162 0.226577354362595
0.112346801393729 0.0424508902737715 0.150527947054071 0.0886570671997777
0.0668869737523987 -0.054258816399573 0.110549573350107 -0.028180527482426
0.01100093948989 -0.0685886199937151 0.0456386147876278 -0.0288461017064088
-0.0342497894529893 -0.067723515992038 0.0262352427287497 -0.00299426385979741
-0.0493854474878851 -0.0609220656287402 0.0112987253489202 0.014971956124328
-0.0337640974951369 -0.0480709757996253 0.0252997011582288 0.0230417175754384
0.00237026633755832 -0.0419051798089756 0.00248738597676574 0.0732449567124685
0.0336162445232275 -0.0270584338973933 -0.0926151594321455 0.108457921220428
0.0483216165727228 0.014634433311247 -0.210542832744449 0.00724957860577881
0.0349223979040542 0.060360890320811 -0.203176018955982 -0.156654049099509
0.0604839151607081 -0.0307949218701445 -0.0400608040106269 -0.249991466465705
0.0558105157578015 0.0552403290460137 0.0421493025322949 -0.12120895861337
-0.123121773166829 0.038208558342011 0.0663875792528227 0.197999296094212
-0.0738611318108947 0.106024451695805 0.0619301282140451 0.25182437710298
0.0411284417639685 0.10858438327025 0.130603702383597 0.174899385189583
0.0513081396292544 0.0346132002940941 0.187037262099854 0.110305465326822
0.0467296667072794 -0.0377608461285047 0.118257781507951 -0.0586940430048683
0.00564416747486779 -0.0565688608964512 0.0502262621766873 -0.0595771159330164
-0.0428936581080952 -0.0659935385756551 0.00650296366246139 -0.0303976588445636
-0.0252377260173866 -0.0182470412053251 0.00308085143716182 -0.0189932458424268
-0.0271046232123643 -0.0237482840831999 0.00334048139317592 0.0298022383879564
-0.0176205401028491 0.00833046073809513 -0.0106731305375669 0.0685948407568947
-0.0395896824867412 0.00924361378798415 -0.139397430913506 0.161315940529612
-0.0437429584492322 -0.061052436008418 -0.313009194380893 0.00837718081939142
0.0583629716483026 0.0216818216745808 -0.277086173648988 -0.281278041175228
0.12764519723384 -0.00266116805274666 0.00955185329270049 -0.399826474643414
0.0897073999429173 0.0972283533492561 0.0210926081203816 -0.120268235549744
-0.0595982929833373 0.0531205907449457 0.128270287631489 0.193943395648944
-0.0134345572115176 0.0737098708785884 0.13246757973825 0.207004783130087
0.0550754550286667 0.0505823036564345 0.166106207502964 0.124271969239237
0.0765568282610841 -0.0277045551316073 0.176341936915191 0.00587236560754927
0.0207501362604297 -0.0644706174190817 0.102800487003104 -0.0890314302192825
-0.00273878530658702 -0.0541277216050695 0.0340447018345332 -0.0856553277505596
-0.0344583781045194 -0.0470900272441562 -0.0156469008544831 -0.0517977829783569
-0.0510379484601301 -0.0442797770892954 -0.0180619040421848 -0.0331469863886324
-0.0417755659632491 -0.0457971315577092 -0.00317960105098249 0.000974908936353325
-0.00638732365709011 -0.05755189656048 -0.0342864783028363 0.0631767070696318
0.0289174564286852 -0.0512349169483836 -0.132208996382794 0.0691566252613227
0.0718226323361087 -0.0310143805266061 -0.203745544441492 -0.0752981795896827
0.0655313834802864 0.0235396257305651 -0.117638812227554 -0.206653817363552
0.0205691048466836 0.0536993907682766 0.0408839840208841 -0.236476487107405
-0.0191710585192733 0.0584883964415402 0.0889097154799106 -0.10752032688717
-0.0128874458480979 -0.028219032050769 -0.0155978953600237 0.105330388597613
-0.0430418067535699 -0.0416105693924613 -0.195605642836994 0.352761385296685
-0.0727357534022602 0.00605732033218365 0.123763816266337 0.463862965153591
-0.0470844422604034 0.0696262492348768 0.359078253387039 0.184421453631453
0.0139699831573967 0.0542287343262784 0.243566036610358 -0.103578977535721
0.030225309690651 0.029762106572828 0.0659776698435238 -0.117596803976113
0.0319170791675566 0.0111362073234717 0.0110793729609993 -0.0335904993937826
0.0217156145202551 0.00488455815787295 0.0298864709953318 0.00193363061354159
0.0177864543735349 0.0109104915854222 0.0208381679699872 0.0247409479227409
0.0102067141560369 0.0216976622934284 -0.0375055897162302 0.0682971035899658
-0.00751865027574533 0.0242245325793922 -0.123449907182761 0.0745048858269305
-0.00826499634056065 0.0166156524291421 -0.19095537138802 -0.0374395102360139
-0.00153513098038826 0.00632749566840802 -0.140458538588051 -0.144202689684674
-0.0198529884395407 0.00800072626145835 -0.0479769185734358 -0.150459881422663
-0.0318976478743452 -0.0156607792314343 -0.076561437481063 -0.0161712918369618
-0.0366717151031996 -0.0306774314285394 -0.10538844239502 0.105053996572367
-0.033047170607199 -0.0506179817547307 -0.124837878279904 0.225213078389142
-0.0656175808697064 -0.0164759889186285 0.0769492736309439 0.461692881660952
-0.0649256488563524 0.0354407828684719 0.147730647469983 0.135128804232857
-0.0211598137128153 0.0600292154013728 0.119778114301192 -0.00903320906508918
0.0162138156494573 0.0492418110532834 0.045021823552316 -0.0480474980697755
0.0326900362990362 0.0202256292402964 0.029018752480836 0.0231552472968426
0.0176734586004318 0.0053433668930936 0.0510172658264405 0.0446616023205358
0.0237275145794902 -0.00713063020654475 0.0519291807078986 0.0565884483245989
0.0189640045557402 -0.00216626461330961 -0.0334711489282357 0.0700699323434744
0.0202506373963357 0.0112796580247567 -0.123987785000626 0.0791220653911971
0.023168474298074 0.0364361403760156 -0.196728061670022 -0.0258159267049802
-0.0030814207810033 0.0404654488894078 -0.156540850198415 -0.131119641631943
-0.0422182755649365 0.025847491683344 -0.0518875941351571 -0.145751153072786
-0.0374753728706989 -0.00769175462132809 -0.0677339447820119 0.00886144232502237
0.0804937414362091 0.0335649592953891 -0.0626964780648951 0.118917955739302
0.07546329752482 -0.0681856868294244 -0.248854786542336 0.35248880957078
-0.0269810214505041 -0.087144388082571 0.0599174723335098 0.461246697771384
-0.0959354453079468 -0.00171220891474713 0.281069948538655 0.209234331220371
-0.041302610274606 0.0508091452239579 0.198382715411624 -0.0407563308416293
-0.00642254363975322 0.0403194198239634 0.0708254087827877 -0.0639638303930788
0.00296158254352587 0.0210791705850943 0.028068612948575 -0.00739211230714278
0.00352893936744048 0.00307542994296213 0.0374250542419636 0.0116263624708739
0.0084209617983201 -0.0116473260920857 0.0224116357237676 0.02230925475337
0.0276168379777947 -0.0171459984895289 -0.0287680059490877 0.0636530901895654
0.0417773343627603 0.00878841429186493 -0.111669851775458 0.080209573128665
0.0411853950724401 0.0549128569168997 -0.195087597260104 -0.00629544576159876
-0.00907619168561781 0.0632743630802878 -0.184526275874148 -0.110814344122553
-0.0648006537628893 0.0408693030188529 -0.0661371006918018 -0.165387708536135
-0.0266301031833439 0.00506334955860138 -0.0484343894241492 0.00497350066635915
0.0837188775562692 0.0402067161975419 -0.0797521566889418 0.112218167134281
0.066321201845021 -0.0699624601852642 -0.224348621615261 0.348865142104865
-0.0289821752269033 -0.0771269061483569 0.0713573032161762 0.411294836203875
-0.0372932203291835 0.0383559823186513 0.232651181305968 0.1691184168744
0.00110298933330882 0.0288712929075182 0.129681011305227 -0.0190922014310139
-0.0108013463471987 0.0194667057191184 0.0561920341881091 -0.0385392764471366
-0.0105862053658732 0.00852018292157042 0.0273961251349575 0.00631541627546092
-0.0075386794942487 -0.0173772969817232 0.040806113724034 0.0257131864392924
0.00543019308921776 -0.0125304921865445 0.0238362622285912 0.0222727904991154
0.0319790574685241 -0.0176085821397962 -0.0200591193184447 0.0557001644359445
0.0464803888679968 0.020177211970865 -0.0921999751220137 0.0845787589675546
0.0236440075951843 0.0648729184438115 -0.191388462731646 0.0223782563418695
-0.020317633706038 0.0542464203583119 -0.21414899242576 -0.101303136534942
-0.0341331622609602 0.00955076542573089 -0.0779569764479625 -0.201348914216762
-0.15271465850265 0.0172062077347769 -0.00661763653603705 -0.0106885409505109
-0.126407963941022 -0.000267774879596577 -0.0725295412139572 0.158482820287406
-0.109978809628148 0.0527835657764341 -0.111185173806627 0.27076336425401
-0.0283372225503758 0.0986163265497998 0.034109822579481 0.245363286811478
0.0681248819243583 0.0559126530188453 0.124614014776397 0.112189957101884
0.0523348893596874 -0.0203475058733509 0.0945578343903263 -0.00404915582871893
0.0159780259250983 -0.0400828253312449 0.0417790590339535 -0.00433157159308618
-0.0196899622142647 -0.0479099442103334 0.0371672543978737 0.0199671181485042
-0.035525619865737 -0.0486360230467938 0.0233952105706557 0.0170922156926954
-0.000156664796294399 -0.00554602672640063 0.0150131129686782 0.0138244891805523
0.0249529568142251 -0.00750442779825849 -0.00868052158099092 0.0565709241647362
0.0231777168725402 0.0404829517461879 -0.0760290207482087 0.101290719406662
-0.0241445874805506 0.0508726204014716 -0.20813930226203 0.0444620261933776
-0.0305722630102475 -0.000553283532811965 -0.249934779336244 -0.123226860610005
0.0197024240102239 -0.025841938148572 -0.0786777523919342 -0.257409726497127
0.0541340643061932 0.0474244339283539 -0.00634708261251737 -0.0467560444645245
0.0296683769451743 0.0359303334944779 -0.00960707279231788 0.18236103766083
-0.1035542841881 0.0935099488462362 -0.0255055504309214 0.264125579256704
0.00988425963148843 0.11918827002284 0.0798267178807721 0.209527748126475
0.104393271309187 0.0316344118550285 0.138472468875733 0.0802192438808029
0.0574329102248118 -0.0532702175947437 0.0988934538922234 -0.0272915647057442
0.00609728999082441 -0.0641109292614717 0.0409346720715833 -0.0260769164842052
-0.0359291039413205 -0.0603339799709876 0.0248787493068364 -0.00193878293237495
-0.0505668573681003 -0.0509634685397053 0.0120214517361585 0.0139168975661913
-0.0338927339143412 -0.0411305514549567 0.0249968334008251 0.0199996854035612
-0.000603540947131465 -0.0360114764923585 0.00511578766755047 0.0662985522160733
0.0262750613986352 -0.0248827623748141 -0.0835455492481659 0.103459009475123
0.0647163222784631 -0.00191659905785051 -0.20218057752464 0.00977363805278981
0.0371396624947309 0.0503189711254303 -0.190116939790297 -0.146764387846783
0.0618885240162036 -0.033680178847639 -0.0399458523000924 -0.237464249187739
0.0642128150000253 0.0535584792001265 0.0365838877365641 -0.119822578692569
-0.110405125496206 0.0449982732592321 0.0702369676033134 0.178880928728255
-0.0622152338469406 0.101909555103524 0.0631859965867276 0.227762641977435
0.0427892327245792 0.0967053307598913 0.120247771831952 0.158852681061994
0.0465902768382144 0.0309265464729398 0.174899544622985 0.0996217039952518
0.041606089209502 -0.0348345328611936 0.120335526620605 -0.0519499182686171
0.00256531538902296 -0.0521939356038387 0.0465605488113322 -0.0541913434781873
-0.0426217694005551 -0.058499649740609 0.00522370690931913 -0.0267015653377095
-0.0235721747738275 -0.0133924459676952 0.00228946900051833 -0.0166149091573358
-0.026065903163898 -0.0197351566054945 0.0043377412913352 0.0285620474098257
-0.0175453746249671 0.0118731568067574 -0.00723709749654454 0.0658365539885295
-0.03992964028446 0.0134853182143924 -0.125280881952845 0.155505022411132
-0.0482485344329914 -0.0565610825675037 -0.296223111155333 0.0164041886653907
0.0605834645008686 0.0165353353890306 -0.268130803583991 -0.263700698488334
0.125618911487719 -0.00754444086383959 0.00101301991127274 -0.380594387819883
0.0937221262966428 0.090917191326987 0.016076083781947 -0.114579484209217
-0.0508625497352694 0.0545205546300708 0.128194168065037 0.171230313637523
-0.00753695876063095 0.0694511941575794 0.127511889218961 0.182478806119012
0.0535581198982923 0.0428802786904892 0.151481184054106 0.110189246661313
0.0689830217532552 -0.0307074246618579 0.158435887897345 0.00333514457746009
0.0153114745807831 -0.0601940075145517 0.0911568203105673 -0.0822542246602543
-0.00517424184185494 -0.0504131974171473 0.0289951074320482 -0.0783931853389955
-0.0344736819641662 -0.0423798863253291 -0.016173457259035 -0.0449193323621795
-0.0505656016615198 -0.037457619988521 -0.0180514907115635 -0.0291196073422999
-0.0417049534993801 -0.0394255802734718 -0.00382225808653681 0.00251381302453988
-0.010199331141157 -0.0527658506836012 -0.030582526658478 0.0601574646913543
0.0225562456374108 -0.0501563458802716 -0.124516530744634 0.0683686064871998
0.0655709579034973 -0.0357711890060767 -0.194714775996089 -0.0716902584768181
0.065215951122988 0.0190146079159204 -0.107420052025277 -0.199903223705502
0.0252606261579697 0.0541620895948406 0.0409146325384129 -0.225594896757909
-0.0133772793515433 0.0594508128630926 0.0806313124445293 -0.107509897096858
-0.00858542751586121 -0.0234281454754769 -0.0113536715240459 0.101106382669733
-0.0433369776994203 -0.0394193242915681 -0.191109087236231 0.340402154878804
-0.071395476469008 0.0061389300283275 0.117502529327559 0.450084706656046
-0.0433657443893489 0.0679492697570513 0.348937888914216 0.178610821178355
0.0146433362194699 0.053114214441683 0.236552037677567 -0.101654835634783
0.0301071241807353 0.0272090791526923 0.0629230718447502 -0.115770324889142
0.0309984127305978 0.00968144459012238 0.00947225282262967 -0.0340270602932693
0.0200208798307547 0.00351241661530613 0.0275287252184913 -0.00173755019345704
0.0169260541916008 0.00951768413776527 0.0188130435043417 0.0204821906152136
0.00979821780334121 0.020288437601459 -0.0365485356394864 0.0623221399623834
-0.00584778632860265 0.0236390918712559 -0.117519056178426 0.0672461981078087
-0.00627433971363926 0.0162329673793503 -0.180751137068916 -0.0387025465187359
-0.00193596579888693 0.00728094630168972 -0.129267733921342 -0.139019777362286
-0.0205805728695095 0.00966392004273502 -0.0406569184629102 -0.143234598659082
-0.0316189728664332 -0.0148881075742592 -0.069979596927897 -0.0117056876516088
-0.0346435286490069 -0.0264640228582826 -0.0986851052107618 0.10395898079163
-0.0304266386355592 -0.0477722914598539 -0.12571091457219 0.213225306101679
-0.0623611060743818 -0.0131258423131799 0.0727158682356003 0.447470451277115
-0.0620421698031133 0.0323101381390941 0.143615619020965 0.136073202289642
-0.0202826058884606 0.0587809782441647 0.118313865440686 -0.00641072403033127
0.0158229647588477 0.0477345973116693 0.0431541412873144 -0.0471673798303435
0.0312259984494235 0.018993596105016 0.0291215992263205 0.0197176223403219
0.0155399056053895 0.00548587086989253 0.0507036463962474 0.03922979056587
0.0228310460587575 -0.00784378305811122 0.0505131541158469 0.0498941617798875
0.0182844573464033 -0.0022429305878492 -0.0330225678184399 0.0636275670584219
0.0200022354785316 0.0112350412195059 -0.118869166550347 0.0717452666849019
0.0231128447057114 0.0359346973546248 -0.186686436804167 -0.0278973168904888
-0.00423678595215113 0.039747932972728 -0.144227342704015 -0.127241740444744
-0.0410183747366718 0.0257645825521928 -0.0447330463008581 -0.138743523858019
-0.0355535261160873 -0.00707486469567335 -0.0603562433433854 0.0127885786995463
0.0825197683756303 0.0324566439062976 -0.0577276735696856 0.114930153833256
0.0758958200292835 -0.0687609074587877 -0.240384687344472 0.339716945873679
-0.0272855206374206 -0.0892328063928305 0.0584805691109767 0.445112588893158
-0.0962046919406288 -0.0022040218827994 0.271477874499106 0.201384047775172
-0.0418396392098781 0.0514322444003722 0.190779532670177 -0.039928135531316
-0.00619827703079527 0.0412040696252943 0.0669945982870458 -0.0622676918403178
0.00357074582151402 0.0216629859095568 0.027054544622289 -0.00796114190242049
0.00433334032605236 0.00431499077536003 0.0349711348189875 0.0081995574290832
0.00958500929383978 -0.0112294854476389 0.01974909478118 0.0181875195310953
0.0270841901539286 -0.0162404672392766 -0.0291637889630261 0.0572808641178271
0.0414403217819763 0.00901184886388209 -0.108113396533332 0.0729626160210648
0.0387389351617841 0.054199207894312 -0.184594367455436 -0.00935380768496357
-0.0102267465827416 0.062787338841597 -0.171289695010793 -0.109256162556807
-0.0698036382522148 0.0514110527407888 -0.0563600420040482 -0.158939294868158
-0.0220845762075142 0.00515061560277943 -0.0420427178462635 0.00796554144348148
0.0875530341563035 0.0393105632595837 -0.0743090965179525 0.108221568047902
0.068230897003258 -0.07142950734765 -0.216146189930425 0.334723142162498
-0.0297140586994226 -0.0807638168473118 0.0684275963584563 0.395902046899789
-0.0373228305071982 0.0346647773906946 0.222240017540474 0.162084558322355
0.00322002181688223 0.0261124302621872 0.131020652644194 -0.0212923523634459
-0.0113675366453199 0.0214472993444744 0.053231712269383 -0.0370309866145868
-0.00940347265172922 0.0106867716168765 0.0272810811184196 0.00598775735868735
-0.00499650699820208 -0.008874671216661 0.0412593497205323 0.0231311013509398
0.00639346712277179 -0.0108899791282533 0.0247983260866003 0.020913080715883
0.0313394384419309 -0.0157190732480244 -0.0203150262682 0.0501286057844348
0.0456540756887756 0.0213824617052747 -0.0890499753747784 0.0769889281291111
0.0205781966303876 0.0655281825419805 -0.181531458699562 0.0177673652357018
-0.0213789501415516 0.0536014834599228 -0.200462891515843 -0.0992239967351302
-0.0327627024842852 0.00804130655818226 -0.0706662778767726 -0.193901937671357
-0.141839174085061 0.0215541410557827 -0.00221909307864211 -0.00813119653460159
-0.11721961628435 0.0072725050725515 -0.0674477079072967 0.150540780341948
-0.0988856292243223 0.0519943934487622 -0.1082606633545 0.256669333860369
-0.0237669726409089 0.0900662854819238 0.027633035972095 0.236121397796607
0.062262242187914 0.0470424063815184 0.115703366291664 0.109272857241587
0.0457661050593811 -0.0201143073881637 0.0875961570355138 -0.00269541099990475
0.0127771112922221 -0.0374778324226061 0.0393252527274866 -0.00212392729260297
-0.0205975886086941 -0.0436465710174297 0.0366844367979194 0.0194104967322391
-0.0364006794603572 -0.0419464647189069 0.0219397201815939 0.0143900401701934
0.00208940044583436 -0.00375833169840964 0.0130006741076146 0.0118508146186322
0.0247086279133865 -0.00609562208093056 -0.00880082875601304 0.0510912403738296
0.0224996756252878 0.0427030570462566 -0.0718141306932513 0.0939854658876128
-0.027772378066654 0.0522386586087976 -0.197639825765191 0.0409122755707952
-0.0337223107761253 -0.00410772522644462 -0.236798257519423 -0.12038223934613
0.0220799874533454 -0.0279464628669102 -0.0730779719048455 -0.248811046858692
0.0595707000158176 0.046175251195169 -0.00417129332697398 -0.0439630004470476
0.0355835615160721 0.0348413267494266 -0.00655651600754591 0.170758244775059
-0.0930625950228564 0.0915761544995902 -0.0256926709746274 0.247172106253814
0.0125718259546879 0.10927359225029 0.0718805172248309 0.199783291129844
0.09644459461057 0.0247569740663262 0.127869430330158 0.0778862577243399
0.0508409487478746 -0.0508872333775276 0.0909568260044653 -0.0238820158883776
0.003365243155952 -0.0601078026786786 0.0377450029842689 -0.0227882947482472
-0.0365584017490056 -0.0548362666235203 0.0244616333734552 -0.000788231740837266
-0.049836125266539 -0.0440306889560611 0.0124350061705617 0.0132713625212634
-0.0334914249598355 -0.0357186141422368 0.0241285940159578 0.0174005770475408
-0.00170835873576601 -0.0313691260698645 0.0053429979754215 0.06086562653172
0.0208674489329978 -0.0219701139334081 -0.0796521827328845 0.0982546698342604
0.056949439902583 -0.00656801837142749 -0.194282702645531 0.00643323692822444
0.0379865963191473 0.0427919591860074 -0.178481029591822 -0.146297645379783
0.0615090907651008 -0.0346792565870835 -0.0332523881500323 -0.229597565435298
0.0703640242031626 0.0528513598310768 0.0337241638364877 -0.112078085058076
-0.10159168284474 0.0485705391469112 0.0697044320391202 0.164839414039508
-0.0543307157078106 0.09838756105025 0.0584864689895506 0.211005825558909
0.0424367640693037 0.0879870660358047 0.109267891928811 0.149929306831032
0.0428002611755814 0.0290759463244453 0.163776187172536 0.0958275077598182
0.0382502696820686 -0.0323393484656812 0.116208068700366 -0.0457990313193216
0.000947296616836011 -0.0485485461813026 0.0444086424148154 -0.0496411926568135
-0.0423653054971416 -0.0534431701542347 0.00500687877713136 -0.0231595125119613
-0.0222269638699677 -0.0101336920911917 -0.00198550160329622 0.00709099211379047
-0.0242039096466903 -0.015638054242972 0.00516972181497175 0.0277495685931008
-0.0169577414574947 0.0150006854859313 -0.00675426192389946 0.0619175209335533
-0.0404524206729102 0.0164412967922871 -0.118821593204834 0.150028247566514
-0.0513290013116363 -0.0540662420548742 -0.286721328438645 0.0169012285615181
0.0608088173004972 0.010443659637622 -0.256691798651077 -0.256071520746314
0.126253455921254 -0.00951379199221785 0.0020438535959714 -0.369449191242886
0.0972028277736875 0.08895873665011 0.0143873190498073 -0.110476311759359
-0.0451585639024051 0.0554157126891996 0.125577664973296 0.155348087897704
-0.00363053414757198 0.0656594020689515 0.118787809476661 0.166129166297266
0.0512059801960411 0.037186579267739 0.137566557059887 0.103398366687236
0.0632474255596304 -0.0320216446948346 0.145682862229446 0.00560695719417906
0.0125558490366002 -0.0564735599621479 0.0840404207653279 -0.0742169108966331
-0.00619198018580423 -0.0475250956630821 0.0259579529274619 -0.0725177796862208
-0.0339510398809607 -0.0388502583181595 -0.0156298047634165 -0.0403754781108736
-0.0496646122103977 -0.0323950860764127 -0.0175650456539168 -0.0255895549779606
-0.0415559413716686 -0.0352014592125748 -0.00406228036893811 0.00353626617561616
-0.0121395276087317 -0.0494056991752275 -0.029560419448556 0.05834966092279
0.0183875111815606 -0.0493101119676145 -0.121294251407183 0.0649788769517947
0.0610316266042112 -0.0387934566526267 -0.187643295419568 -0.0742019811571729
0.0662387913314855 0.0169912592826792 -0.0958555596462233 -0.200376602507969
0.0286746240178317 0.0547721688422258 0.0475005712993205 -0.218265716556942
-0.00974006265513881 0.0603737181766864 0.0766764287022319 -0.106125340180571
-0.0144588164031244 -0.0182170315350245 0.0328162546909235 0.0936148036579228
-0.0491472058522199 -0.0194973489978374 -0.0318347347877796 0.388106406997289
-0.0586736241187463 0.0284713441800494 0.293085950441757 0.358726930978471
-0.0114022917739198 0.0715288886051269 0.391877565060955 0.0154516219093709
0.0317317168898019 0.0388991015986378 0.169497616102618 -0.19440449030021
0.0365602724638974 0.0112888066617989 0.00549695304807624 -0.131619009751268
0.0307870626089486 -0.00550849188915018 -0.00673692085391218 -0.0359573339805792
0.0184852873624974 -0.00544094203676608 0.0217774036228184 -0.0151334720053465
0.0184122134699826 0.000584173072711167 0.0223483262253973 0.00839371263656842
0.0171752612252495 0.0141359378361152 -0.00825416858263279 0.0687675699744636
0.00521801977805121 0.0242140913939226 -0.0788474088463358 0.1052271092234
5.44784781472234E-05 0.0165525165540379 -0.177433937708442 0.037711824667851
0.000412197438470995 0.00686478751970481 -0.167835962987847 -0.0732705888603569
-0.0145233855184335 0.0179614991590127 -0.0903080929914995 -0.113028084530583
-0.0377984244046792 0.000562041665899963 -0.0607996522729401 0.0186939237592457
-0.0365746517368294 -0.00832364033351124 -0.0447725972400369 0.13469794883426
-0.0404486062501661 -0.0311390995118138 -0.0298201185709259 0.244193050492209
-0.0569386393777268 0.00612851906288719 0.249163688270079 0.374270235181899
-0.0434959858920371 0.049484089993686 0.182485041338121 0.0743462611528798
0.00371882802754025 0.0595130463010155 0.10697311332732 -0.0533450033842397
0.0338997684705829 0.0362068759325487 0.0201378908076015 -0.0601480487556113
0.0355544740986873 0.00401837810358816 0.0358997106974196 0.00309776937167398
0.0164057241284458 -0.00147695784470852 0.0613190785682353 0.0095920397189997
0.0169789241279566 -0.0170891101049231 0.0650903851101017 0.0185988842419983
0.0155530656599533 -0.00967411626620554 -0.00482712438265483 0.0686766641727497
0.023693008546299 0.00257001802557638 -0.0780776938968659 0.110750883943374
0.0340652363724821 0.0228269429867828 -0.179152559675374 0.0514194766125417
0.0109238817909871 0.0374476609228576 -0.178550799952117 -0.0564583897899526
-0.0263966368586857 0.0400685699109244 -0.0929860055146419 -0.108758872972198
-0.035848558981626 0.00886145521549204 -0.0424779564472876 0.0362407659897608
0.0939032172088895 -0.00475619583886477 0.000843960468914156 0.122972696035764
0.0490026712661386 -0.0968172882082079 -0.0774304725480814 0.404079982731448
-0.0584376219609467 -0.0778503633366593 0.23203957574909 0.374727967252467
-0.0902674292234588 0.0318427225938386 0.325896324668422 0.0691148081182498
-0.0201309357820202 0.0638048144765257 0.154062897130292 -0.115076506495746
0.010911658034004 0.0412274254404495 0.0330460987094208 -0.0835223646289229
0.0136144903778248 0.0191170494893212 0.0206741060046195 -0.0190683572797213
0.00672454161040492 0.00266468426231532 0.0326874620012513 -0.00980521416360988
0.00492401848774148 -0.0139935399213986 0.0225351517538722 0.00686402002620212
0.0185154120590854 -0.0257446125558204 -0.00364052158813954 0.0612219758830278
0.0423972222166181 -0.00746838291588022 -0.0675470951456463 0.108478588342011
0.0556735526765823 0.0344075798587694 -0.170858123645689 0.0682329710044261
0.0155517958608648 0.0622949265673478 -0.196559787000874 -0.0299745713001386
-0.0356197675650786 0.100370563045161 -0.111156162285644 -0.128924975489679
-0.0158755880585243 0.0127594008908437 -0.0297965050215398 0.0246779729083571
0.102495527605503 -0.000827263604506435 -0.0174875546021823 0.124339583124891
0.041667559521137 -0.0978715023417612 -0.0560955488052892 0.388550515547625
-0.0591482772724196 -0.0702692329793611 0.221001038769954 0.323872319532506
-0.0167835018013037 0.0385775971035589 0.266770272633317 0.0538321170783272
0.0124930442188623 0.0081719051536123 0.113846604439083 -0.0792779343984858
-0.00139023794898418 0.0265684127490084 0.0309481501155538 -0.0536916155536197
-0.00260240089379326 0.0152487669619534 0.0274841495379728 -0.00608829501650497
-0.00576417428779524 -0.00368257867389798 0.044672984642018 0.000645097743299424
0.00357733145280429 -0.0118864280230728 0.0408097866082698 0.00389120690705964
0.0236425292602061 -0.0259685501660957 0.00149015492842446 0.0509751536554289
0.0521811003180218 0.00254780031999766 -0.0491423661193821 0.104687366776746
0.0432605324876501 0.0539840795967339 -0.157120476857077 0.0903742555888303
-0.00405431066623312 0.0554211498523085 -0.218110763198314 -0.00929781066711016
-0.0254372629868487 0.0149921389237261 -0.140859399442718 -0.147457651168767
-0.113735106993109 0.0855494177196655 -0.0011593872196212 -0.0143293825452785
-0.0933593020703442 0.0560874823640872 -0.000543916807656354 0.16425654834309
-0.0565054481475918 0.0795343953228401 0.00704569922829524 0.274243260767659
0.016982571531028 0.0810577449443662 0.121730524490446 0.2033107672093
0.0670792771220753 0.0102186509586837 0.150087125274516 0.0517332163983302
0.0276512534817953 -0.0352679015573598 0.0742375904444847 -0.0379311658707774
-0.00548707528458122 -0.036452119999132 0.0336248443702736 -0.017626897538026
-0.0365206194997278 -0.0271869034611262 0.0403013158945178 0.000728248960248481
-0.049530384499625 -0.0197787419694457 0.0263345015936886 0.00227966220822315
0.00289101123161072 -0.00380869517866787 0.0147156421783191 0.00368073702460549
0.0211000807204443 -0.0149170077423232 0.0130313214583484 0.0474145063091889
0.0403208028123918 0.0337030181277327 -0.0272672703771568 0.111379658077447
-0.00781883466947563 0.0645464847948106 -0.163134475306165 0.115230484930711
-0.0407672833185474 0.00659906236428443 -0.257876622545942 -0.0130146233677189
0.00873726347149834 -0.0421027505471066 -0.164745788579476 -0.193681645163338
0.0816331126391086 0.0113029454836782 -0.0231999847180382 -0.0341184911846548
0.0535340364804025 0.0127992781727063 0.0657017631208133 0.150720241942341
-0.0381261083483272 0.112677826787545 0.0780029149759919 0.229876111914879
0.0549820460664029 0.084068596141124 0.145609751709913 0.149743771738161
0.0877812116216631 -0.0217114363918421 0.14654760831361 0.0163446021004954
0.0202177585546545 -0.0642420114727787 0.0663484737275084 -0.058194694262498
-0.0235570543661523 -0.0530924862733912 0.0228688183765645 -0.0342857514836611
-0.0551468102971184 -0.0310451172736312 0.0202410717217315 -0.0112463096416615
-0.0624645677445412 -0.0156103372113547 0.0171156440142098 0.00559192145931728
-0.0442462891597757 -0.0151247983694334 0.0274753062542871 0.00586716145624892
-0.0139703917502363 -0.0242586953199788 0.0308073486449789 0.0489316914668243
0.00723935436196402 -0.0241340651029308 -0.0275097898944904 0.11959018309932
0.0385074939032682 -0.0299654833660041 -0.168735719445863 0.0868778394180953
0.0501860464888576 0.0153120851803119 -0.219583053857983 -0.0595575495402985
0.0386232806272627 -0.0592743714358166 -0.118275980411909 -0.192367744597544
0.0954537087500087 0.0133528791379362 -0.0226341429326906 -0.117466063846237
-0.0649481825080682 0.082689019426705 0.128683660532428 0.117503349498778
-0.00408727880586144 0.103220492249013 0.137108868729222 0.1595851876852
0.0718927455613669 0.0556056142952309 0.155818665153439 0.0879258943713961
0.0461644145009842 0.00672740695003334 0.185515917891214 0.0189327345471536
0.0188648714226354 -0.042809017218117 0.0840631789674297 -0.0883292889677089
-0.0198431129561005 -0.0423812093229095 0.0185667377472071 -0.0610105893052411
-0.0600891770380575 -0.0274998619463561 -0.00629348339870048 -0.021925776998782
-0.0218342858806907 0.00100236734019106 0.00161658607628361 0.00878647038137336
-0.0277260559423403 -0.00315011412730524 0.0176553967502682 0.02271875811202
-0.00769637002768676 0.023776974306454 0.0188338459841593 0.0558177086959515
-0.0303979186945537 0.036148058512671 -0.0417330924194144 0.180244361034812
-0.07754294651481 -0.0234146652428102 -0.24736827542862 0.129841106138926
0.0591364524902901 -0.0236722650676086 -0.321604372119267 -0.112864333707167
0.115616003365878 -0.0708800704869156 -0.149573187364516 -0.328309045452946
0.135328781179635 0.0347402247579288 -0.0370378608804904 -0.100554548610658
-0.0143076267427489 0.0646326060774373 0.174621149475132 0.0832479590884515
0.024706515851504 0.0550586156112532 0.17059771471085 0.0931471694365684
0.0583648950432287 0.00837258368613867 0.158765551411753 0.0347553894761385
0.0377894296787164 -0.0555602491284981 0.128633741187288 -0.0540149558515848
-0.0138866439921446 -0.0534642129330023 0.0401924344824714 -0.0976806678919569
-0.0261583113921712 -0.0383299831678009 -0.00800930151462517 -0.0731718840107045
-0.0462425837071627 -0.0193223525008233 -0.0315500425329323 -0.0280895279089867
-0.0580575893570229 -0.00575216985152204 -0.026246553519381 -0.0138600901939583
-0.0521659656321974 -0.0119986062735541 -0.00165574353885349 0.00553215925395813
-0.0331985007301201 -0.0374536300011615 -0.00116941597696748 0.0635169970225173
-0.00726967675612823 -0.051583662533103 -0.0798997948405676 0.109233741134589
0.0325333816838547 -0.0635032698049622 -0.197543281976095 0.00965978371494694
0.0697836733440215 -0.0177463096759251 -0.166610583793877 -0.145327349849302
0.055264522590135 0.035555067603592 -0.0434240140315524 -0.217620090138851
0.022414811839865 0.061144817302517 0.0201417824158674 -0.130734742018939
-0.0153902809544552 -0.0179332139893426 0.0375537391498123 0.0901110775716251
-0.0503060084506371 -0.0169351677752731 -0.0268147988338016 0.390520497151664
-0.0589542536896018 0.0315564041829921 0.299899286019904 0.359698729474715
-0.00874916646403145 0.071653169053704 0.394680284629754 0.00769617882876301
0.0337625995876729 0.0380248247012613 0.165207771006153 -0.202334646966544
0.0365866402967612 0.00931888643681132 0.000695306637555581 -0.133377952924885
0.0297848470733208 -0.0074460353482716 -0.00914433335726818 -0.0369690550798684
0.0175072869002191 -0.00627530058265336 0.0185249756498124 -0.0174862547013944
0.0177190857991409 -0.000622255783445874 0.0192967161784715 0.00611326343744589
0.0171613237261419 0.0130777475627026 -0.00932702909153835 0.066507059485859
0.00606831875975163 0.0238145424273195 -0.0787096445106928 0.103160347251454
0.00197102596962312 0.0162693738400507 -0.175409639188399 0.0376859976135213
0.000979852805755448 0.00806652203001661 -0.164502875489121 -0.073822154228139
-0.014128617758414 0.0202965221287209 -0.087289464826892 -0.112542856178043
-0.0392736014545475 0.00164614095500829 -0.0547828116949145 0.0217635592769198
-0.0344972039269208 -0.00504109687528253 -0.0380287735026411 0.13483726429682
-0.0396915885796254 -0.0294712594060983 -0.0314093993163219 0.244728201404377
-0.0625309864809093 -0.00262934322442554 0.258679736074424 0.375274967435031
-0.0446982869995064 0.0502789496596488 0.186196087263814 0.07762439287586
0.00497489110693666 0.0610577751448089 0.109040115571321 -0.0546132058937577
0.034976843264074 0.0359150232201695 0.0187641115321901 -0.0609409702075772
0.035345309741409 0.0029378122376117 0.0355136860229695 0.000243780817806976
0.0177778578622133 -0.00307471255254154 0.0603534732556305 0.00431930422240712
0.0163955888468961 -0.0195728598325312 0.063525195246214 0.012730125318622
0.0152232448385001 -0.0106368027081403 -0.00651038895931733 0.0667760085348717
0.0248848016570996 0.00220267440999164 -0.0786213765517257 0.109911554552951
0.035802462456465 0.0224952803539314 -0.178561922875733 0.0509289572721179
0.0108984432132561 0.0384999371706821 -0.176041693184928 -0.0574001507992617
-0.02519929013299 0.0414999886851493 -0.0908715684874269 -0.109396715608484
-0.0349889638572689 0.0090784776517222 -0.0355485047314723 0.0381756054037578
0.0981982102093718 -0.00882757803134825 0.00651649496804906 0.121788437531434
0.0489530990035406 -0.102215453451057 -0.0702272421748915 0.406692148210909
-0.0639740278298394 -0.0800726176704673 0.239390890559654 0.3742772021334
-0.0939251130828484 0.0347889000376878 0.327964922595619 0.0618822484946389
-0.0191945842433353 0.0673875582311732 0.151083814572349 -0.119680274890445
0.0128452543510479 0.0431494211291309 0.0296902821310963 -0.0844230020156161
0.0154644476433042 0.0197833697679904 0.0195052947685473 -0.0208096531858451
0.00814345188124216 0.00282970346650195 0.0305909360880181 -0.0124116417602756
0.00484074635257007 -0.0143488593012613 0.0193018117542437 0.00437408909714318
0.0185001596964933 -0.0264346320139438 -0.0056061369967249 0.0589880710447254
0.0432421114673102 -0.00819632466953885 -0.068133842122809 0.106991529069606
0.0570756685172066 0.0349968929047461 -0.170188494656559 0.0677647964608985
0.0235068064285239 0.0685936872413865 -0.195373005171148 -0.0287188888540119
-0.0270400272391846 0.107204342504456 -0.110016849920888 -0.130798214434531
-0.0131851063339334 0.0113171906053155 -0.023735633458969 0.0261504321801925
0.108697797606699 -0.00607793288009952 -0.0132964770693282 0.123906070917823
0.0414457151849117 -0.104661415737177 -0.0502612187345235 0.390111045319083
-0.0659130091094015 -0.0732134210574949 0.226454682780328 0.321156285012137
-0.0275549080522884 0.0405099003680856 0.266918459147893 0.0481391707416421
0.00936107196106263 0.00616786886785429 0.113729649986713 -0.0838352895975177
0.000275501375717524 0.0293029685111023 0.0294746634070655 -0.0537746964838214
4.93085274342209E-05 0.0170010955688789 0.0276162464072656 -0.00753865146365183
-0.00348042580748854 -0.00187406797927762 0.0429296070652241 -0.00222707299316751
0.00491905542521639 -0.0125660585622941 0.0304197097436911 0.00385436253745091
0.02424734427966 -0.0259054613337307 -0.00049694340076985 0.0490905765730515
0.0540701779430175 0.00293033031001238 -0.0492634873107666 0.101958106161899
0.0450178856335041 0.0568253760037907 -0.156275794517451 0.0892107760785633
-0.00667010576535304 0.0560350453672045 -0.215619143427024 -0.00872979332560648
-0.0238188928023594 0.0114427783219348 -0.140909055789811 -0.147134603556894
-0.104591752153877 0.0904307708432774 0.00273666777647312 -0.0150518291230464
-0.0850748415973457 0.0630981672730115 0.00394108611604487 0.16122474710899
-0.047800653989955 0.0807775425198317 0.0081572310014994 0.271374115030746
0.0189820544331262 0.0749994022064285 0.120830567849733 0.203795612676476
0.0616296367805427 0.00557957943475021 0.147721265902905 0.0525958939063356
0.0236287645251458 -0.0337362180389611 0.0716813994920256 -0.0359200592962163
-0.00771191879687614 -0.0344315517716835 0.0333841889200178 -0.0160228293585298
-0.037541379055721 -0.0236206116188766 0.0413144214125274 -0.000160590118251771
-0.047926253581872 -0.014336459034822 0.0249925680959893 -8.92225167566517E-05
0.00515288592396243 -0.00393566257749514 0.0130808375475455 0.00303471886708443
0.0219404669450049 -0.0156683736144119 0.0116460538858826 0.0448659490486405
0.0433472689484118 0.035667434899103 -0.0260929902784531 0.108562123563972
-0.00824504851269756 0.0695116192220345 -0.159909915339444 0.115624532088665
-0.0459939126191308 0.00674037847424344 -0.256953962892571 -0.0100678149273924
0.00848531664268233 -0.0478010205982713 -0.167846330968843 -0.192458305678739
0.0879748540148915 0.00542883303703135 -0.0218846032816172 -0.0328231751791115
0.0597732636996861 0.00829376185630891 0.0690232416180401 0.144523525376782
-0.0297287371843909 0.111712145798071 0.0784482876682227 0.223519087109403
0.0564837297996845 0.0777147293844426 0.142719859448085 0.148792277092533
0.0812782257601168 -0.0255407388534656 0.141495537133817 0.0176849611728251
0.0158460066084822 -0.0624355601715961 0.0623993713738742 -0.0545674587811123
-0.0260839225502819 -0.0504046800625507 0.022670435048755 -0.0316462391104782
-0.0555750511911378 -0.0266041265062476 0.0212316138489918 -0.0105857910756481
-0.0612232408916669 -0.00928262050927563 0.0176705249115269 0.00461236345556045
-0.0438951484199219 -0.0108058705506813 0.0252582114937755 0.00737409650348223
-0.00907652186726593 -0.0179554771952594 0.0297892582213058 0.045780020670423
0.00407719454286115 -0.0206897191139169 -0.0250587071609466 0.118420062855372
0.0310518626014959 -0.0315233785708486 -0.168772587168238 0.0866672572662446
0.0495976838808912 0.00784276113942707 -0.22055756714913 -0.0612290860060152
0.0283924263271568 -0.0487638680406148 -0.11580000243673 -0.195493815682881
0.10876400996781 0.00764282362276334 -0.0257115114040877 -0.115031833598765
-0.0567149733816417 0.0865502856591427 0.129248539290823 0.107679061609776
0.00252772032571357 0.101117683279266 0.133628032411292 0.150306496603623
0.0713835433535951 0.0500620418972397 0.150737747450299 0.0868269736810481
0.0442701970708192 0.00646339618026485 0.18206681555797 0.0187845557056263
0.0176317352304188 -0.0414226929699961 0.0813122078480558 -0.0858207988852931
-0.0211450354833149 -0.0403639076696603 0.0122063535853836 -0.056337495471463
-0.060882549418189 -0.0231469557715348 -0.00562519442498648 -0.0200095326116348
-0.0194017395826133 0.00261257413301077 0.00314251727363106 0.00582382730390701
-0.0257849762179296 -0.000247649914537411 0.0186219118905248 0.0221265891410717
-0.00543802544073583 0.0269137073041322 0.0195933599296896 0.0546848190400813
-0.0290557498344937 0.0406688186104145 -0.0373250867903658 0.180462969023313
-0.08336052481484 -0.0188250596589195 -0.2444729850256 0.136280344403757
0.0590377025165089 -0.0302271298860609 -0.312242911216363 -0.104429779552478
0.117522019438347 -0.0785645444134813 -0.155962123820749 -0.329396957250272
0.142931986756009 0.0284751405232055 -0.0402436842720958 -0.0994046925163025
-0.00807571735959071 0.0656080969712027 0.174323519969113 0.0711818429062872
0.028451080348108 0.0524994982617694 0.164420290091889 0.083526826995546
0.0569576108768458 0.0041229330311915 0.151560358343045 0.0338640339129627
0.0328288812682887 -0.0563709271683096 0.122135559492158 -0.0506997754684226
-0.0160680688893207 -0.0513759869168513 0.0371397977920936 -0.0927473265172057
-0.0275573953352761 -0.036895001040801 -0.00894207446428424 -0.0697925525315287
-0.0471152913703784 -0.0164408642466089 -0.0307843853755746 -0.0246555670474614
-0.056709600552964 -0.00128850905865989 -0.0258056543664497 -0.0120414997107385
-0.0519036899398121 -0.00770170194419184 -0.00145636948539962 0.00593090984633355
-0.0356983681140003 -0.0345038015772696 -0.000605450887621603 0.0638708972499928
-0.011726520282457 -0.0505096750932773 -0.079253000715516 0.110835953254056
0.0278460841369906 -0.0669367043470965 -0.202176804593314 0.00905651893052519
0.0718558512240273 -0.022830651989506 -0.167802120366017 -0.152990390634783
0.0607089735788758 0.0349612026123713 -0.0416650659214347 -0.22254955709854
0.0285847307178981 0.0622805400493952 0.0152574380296058 -0.133220522180042
-0.0170277924066253 -0.0174949604026857 0.0440865002073037 0.084454548029776
-0.0513668156054665 -0.0130370473009168 -0.0114694977067217 0.388836289218761
-0.0574204406948708 0.0352002147847782 0.314863856152274 0.347342554555258
-0.00437666528444267 0.0714611241854179 0.393736004305637 -0.00999892278638736
0.0361515544147005 0.0351014609320331 0.153130734383729 -0.210264476560676
0.0369179659339117 0.00679134631166415 -0.00778810192387455 -0.132936260073298
0.028587736992712 -0.00997066317675319 -0.0126025268092648 -0.0366632861575566
0.0157356259725891 -0.00704149501412444 0.0146262646489074 -0.0197445396717545
0.0160900659764474 -0.0023565953028229 0.0158748344770963 0.00334197716314844
0.0175222229232397 0.0116290309137091 -0.00909569700152379 0.0637877108523356
0.0076604114400749 0.0221950810079528 -0.0758133824407222 0.102721145235328
0.00410243894176605 0.0150988401894092 -0.171265505301337 0.0411691702801745
0.00227965565397959 0.00939193530718827 -0.162168528618183 -0.0711376788918342
-0.0125240107654024 0.0231073122975901 -0.0857687127592762 -0.109107815261479
-0.0402246205338649 0.00375187807668151 -0.0468042030760443 0.0253866732102905
-0.0317578819895015 -0.00131852447782798 -0.0255498970632583 0.13142975376423
-0.0386884771440745 -0.0265786622869948 -0.0279733708491441 0.24234914318587
-0.0708288978672481 -0.0243057951451232 0.272197476166589 0.36578244149116
-0.0451544527279047 0.0523619082408193 0.189088839012573 0.0757900645950583
0.00827204547131506 0.0610352600377106 0.108391315886003 -0.0577954745931885
0.0363550509497276 0.0342504553021791 0.015783462248927 -0.0608999440329968
0.0349791380173785 0.00114239662804015 0.0340204057513637 -0.00359655743197483
0.018989634003087 -0.00725066761970611 0.0583202182475045 -0.00153195518425327
0.0142657494446274 -0.0226254047701078 0.0606140264805657 0.0059285394044542
0.0146948370124512 -0.0118462822411157 -0.0070960983740049 0.0640455025078467
0.0250079954434063 0.000340788704305563 -0.0758845979423469 0.109311260351099
0.0376940636387474 0.021092460883933 -0.174563921688108 0.05433343845948
0.0123001882836101 0.0389200813754034 -0.172891294949627 -0.0542410493993178
-0.0227996212562398 0.042963685895768 -0.0898790216214605 -0.106134251298133
-0.0343093463014941 0.00923800404757862 -0.0270907281069729 0.0405485964180865
0.101065668961521 -0.015690796924189 0.0150190024633812 0.117805510580914
0.0453170678685708 -0.107421328142474 -0.0552166183065698 0.405859991990213
-0.0707220749117845 -0.0794988306612888 0.254023499339232 0.362323824116323
-0.095693136744596 0.0403418826337887 0.327910007256813 0.0471143693883414
-0.0162014413047805 0.071190953087016 0.142538791979789 -0.125826573810473
0.0158024685386462 0.0440419486920278 0.0240769113956091 -0.0851722225346505
0.0176882738783431 0.0194584477945851 0.0176952995628454 -0.0222829828902335
0.00948587558942612 0.00255131836502748 0.0272617204601614 -0.0151818401473931
0.00501001963800365 -0.014998859666307 0.0154631818244356 0.00250468856914875
0.0168529178501035 -0.0275116293592819 -0.00666673929418785 0.0569208835100768
0.0437798869911577 -0.009849939269328 -0.0655763090346964 0.105602778764376
0.0589384477271883 0.0332514035863475 -0.165876797555268 0.0697274780005448
0.0436435135865186 0.0716266059077909 -0.193865203660167 -0.0198427706851576
-0.0295334442893466 0.0875951665016912 -0.110405014941035 -0.12326943511228
-0.010083797551267 0.00916911138672508 -0.0158406836572824 0.0272504357262649
0.112964525845137 -0.0144093045206133 -0.00577254017468244 0.121033091059328
0.0379853047301472 -0.111144369568465 -0.033914111224014 0.387540604583135
-0.0733029366157799 -0.0736274718760235 0.237603604910198 0.309379146036806
-0.0405316740796415 0.0447783090887687 0.264489074208754 0.0361266080949738
0.00738322793243548 0.00983966666387577 0.108592615179145 -0.0876964755603031
0.00257158418047739 0.0319792638653293 0.0261540285161918 -0.0532638607667089
0.0026518398089808 0.0181639141749616 0.0269232514451725 -0.00904190546223921
-0.00118423322493125 -0.00081035761128255 0.0368171390956175 -0.00623454309287097
0.00561914177040049 -0.0133203873605741 0.0182661829598854 0.00248239495144874
0.0243202167992853 -0.0266699743955607 -0.00178268262565471 0.0464934815536932
0.0554427722101788 0.0012139959009233 -0.0472755007762657 0.10005728683931
0.0478915684319289 0.0574988867819476 -0.151039429067401 0.0902759253879206
-0.00604343378372487 0.0571585868894171 -0.211809964034379 -0.00534632390810218
-0.0223040777157092 0.00796749057115663 -0.143335276721311 -0.140992767797083
-0.092981163681373 0.0977129253499446 0.00636728992705796 -0.0162022012593163
-0.073442832631656 0.0697127369327466 0.0115472909467461 0.155728379846646
-0.0371465228243633 0.0812700830866549 0.0151778792744794 0.265071940804121
0.0220984532983288 0.0673239267614564 0.123431211363248 0.199529355265712
0.054486359842001 0.000801159642581087 0.145199155418717 0.0497677101967096
0.0185843524598932 -0.0318991537568494 0.0674044887812537 -0.0338893353595889
-0.0103773867358232 -0.0315804240932455 0.0333609486198745 -0.0149262277488635
-0.0376103252057437 -0.0186491209851236 0.0409318545178153 -0.0023895225136185
-0.0465386397110891 -0.00810308486337523 0.0240311526243981 -0.00232601537752501
0.00759575541364135 -0.00442970145050232 0.0109850141984734 0.00181817245025495
0.0224076939463873 -0.0165150213025468 0.0108485464549842 0.0419843692020809
0.0467480197735552 0.0359900757703275 -0.0227424831042722 0.105619350334037
-0.00621921134149769 0.0754637036730748 -0.153035984443087 0.118086545358829
-0.0501993539574347 0.00885070387750201 -0.253084651538643 -0.00128034705356422
0.00626828830414117 -0.0522517901782636 -0.173462655735027 -0.184911701825366
0.0933868921343635 -0.00339066210898951 -0.0204422701547362 -0.0309513825717587
0.0633077621895191 0.00141290709714479 0.0738117197175817 0.134777009241511
-0.0184722656906243 0.108977200498384 0.0806385464759846 0.213373820599753
0.0583199770980229 0.0694271126420196 0.141463919527865 0.14293190385655
0.0731754533177582 -0.0299550674516974 0.136315870115999 0.0158148484416789
0.010349199323855 -0.0596301291396199 0.0571035043930611 -0.0511178303012524
-0.0286458781203169 -0.0464133027605513 0.0220337758014022 -0.0292860219164279
-0.0559509381193356 -0.0206403194189263 0.0215195144793426 -0.0108999491518269
-0.0583417588274051 -0.0021966582113698 0.0184395765024026 0.00319757810670016
-0.0420513574400899 -0.00468576792114074 0.0235577088429903 0.00648720382677122
0.0137319554600304 0.004646348762693 0.0288719726827547 0.0383698672571351
0.00106328616961515 -0.0163202647634325 -0.0173577655659346 0.11764876928178
0.0225005694715408 -0.0317302100104774 -0.164351753558751 0.089623551739431
0.0484160579457616 -0.000984179442909881 -0.2209470587316 -0.0576721011674893
0.0292715346471536 -0.0577206253587696 -0.121168247538401 -0.191874930521994
0.12621172198185 -0.00181391438583454 -0.0372303949998431 -0.119158723568683
-0.0450943351010282 0.0900891937439542 0.129784905210121 0.0937363966301774
0.0114444964310377 0.0972479989810608 0.131244976691381 0.137457081132692
0.0715795416133544 0.0423717823017778 0.144607162926914 0.0813331909037008
0.0421219015616753 0.0059293506743773 0.177251776926556 0.0141707623717528
0.0151116818595564 -0.0405414313215555 0.0723160065685309 -0.0833288447548134
-0.022685938654078 -0.0374301947531876 0.0090330456334633 -0.0525750713599332
-0.058629390690247 -0.0184998020142103 -0.00519032342068832 -0.0180527032062851
-0.0163706457200686 0.00368333395959286 -0.0058091266533522 -0.0114930079170146
-0.0239935242171021 0.0025258956787667 0.020047274851785 0.0206229900727996
-0.00237494652073892 0.0300102072923153 0.020905025340937 0.0517080797128055
-0.025823676228349 0.0450633737333425 -0.0275866225517254 0.178859264420695
-0.0874839065949375 -0.0111659269278164 -0.235045636688386 0.144363773189306
0.0561705209613111 -0.037681512372754 -0.296746946060887 -0.0900884233073302
0.115114893093886 -0.0886008270791492 -0.169670502060058 -0.322611570436324
0.148976373071491 0.0180190142746312 -0.042970349579355 -0.0964110049850191
-0.000197983186854127 0.0655182684596129 0.17126011048771 0.054353136673444
0.0328687170197894 0.0478628721223034 0.157180937891523 0.0699687587280677
0.0542558737339989 -0.000296867278069423 0.142534865412922 0.0303454950484111
0.0265843757609682 -0.0570408415538276 0.114084680651137 -0.0484681094392487
-0.0188131573871485 -0.0479629400477909 0.032927908878201 -0.08680754797025
-0.0290599106958049 -0.0339641531153019 -0.0103433745586029 -0.0652545714470971
-0.0469745933503337 -0.0121964019055993 -0.0306130455044141 -0.0209949496205237
-0.0545911017945735 0.00438798057022883 -0.025802654703044 -0.00886986122823549
-0.0508845181661438 -0.00223210927320631 -0.000984015795565926 0.00682373380249112
-0.0382582470314294 -0.0299719229595882 0.00222969314427532 0.0633052172856713
-0.0169968571229963 -0.0473174872458594 -0.0744796229483431 0.112778335430023
0.0211458151373529 -0.0693955410636164 -0.203685943705376 0.0139388144144843
0.0719273954462647 -0.0298308153048114 -0.171875587359737 -0.154222655727257
0.0670501543772886 0.0318780611392799 -0.0450315664117976 -0.223430583439647
0.0356345912341649 0.0616154791305946 0.00691337846469125 -0.133616972692708
-0.0175209341172009 -0.0159776220192534 0.0480023649909611 0.075645966262867
-0.0501487555772036 -0.00862526887997986 0.00326329483154848 0.376093661309799
-0.0536780320311958 0.0384886427535401 0.319374161951257 0.325347842391574
5.85301307391428E-05 0.0691599994298618 0.380211983086694 -0.0285968531354373
0.0377695641447679 0.0310911060424668 0.135523663783301 -0.212065640599254
0.0357811566742216 0.00352008030344819 -0.0154309577027952 -0.128608377217523
0.0257244930186486 -0.011840113346761 -0.0157815708711817 -0.0347254681831375
0.013948446967661 -0.0073562260546057 0.0100082450199605 -0.0204244362348893
0.0145445417755986 -0.00346607953553558 0.0115886679050446 0.00151562599893911
0.0169767701136398 0.00986490395984255 -0.00905284623554579 0.0599960992898336
0.00913473943721311 0.0205649643164541 -0.070421564735188 0.0995431640309993
0.00585016351485052 0.01381780339555 -0.162497787097248 0.0430949719846299
0.00326555824588376 0.00987489214834554 -0.155237933982431 -0.065963308824973
-0.010544061472186 0.0245059039378792 -0.0830402617966719 -0.102638201513548
-0.0402296483826986 0.00565792049039017 -0.0378468018842801 0.0269057519679617
-0.0274726746238732 0.00201540049839515 -0.00462175165229687 0.1126455168808
-0.0366724666223713 -0.0235949101835722 -0.0227369399050478 0.234178548840999
-0.0710778994541218 -0.0195181083626911 0.27826762065847 0.342589392908804
-0.0417223277210295 0.0510721033414829 0.187814959383693 0.0714213402377456
0.0109054058479139 0.0595133531798903 0.103940696603332 -0.0603596639255584
0.0380847135813182 0.031545319136119 0.012068414586585 -0.0588594293048092
0.0332138749089757 -0.00049994354334634 0.0302774595350531 -0.00702744022741851
0.0178950058672005 -0.00791090232873327 0.054057903618866 -0.00754494667794303
0.0112770362542778 -0.0226942973090539 0.0551292924113956 -0.00134211410949503
0.0133877795324668 -0.0124566754349059 -0.00687736578638839 0.0603429538052075
0.0247509021611102 -0.00119438256577364 -0.0705205102216375 0.106349207396116
0.0385123869623427 0.018587555133788 -0.165993179868271 0.0556162937523733
0.0139720518052892 0.0385554791516906 -0.166091240730747 -0.0498424685073291
-0.0193547328733193 0.0431469254205209 -0.0863748377823794 -0.10019952208026
-0.0324288362346574 0.00982536394922062 -0.017461653814263 0.0397578579667964
0.100534723720148 -0.0226472685308492 0.0216855599396514 0.110055100443729
0.0403626967658273 -0.109550450368688 -0.0368955523567754 0.392160369129561
-0.0754529869843885 -0.0762230652587393 0.260043458643527 0.338699489871606
-0.0941129349636117 0.0459720780225005 0.317919451103397 0.0295321774705284
-0.0117631007669068 0.0725862620606889 0.130173323365772 -0.128407715425846
0.0184575373046934 0.0435915228657218 0.0180012304515996 -0.0826446554253136
0.0192671369297363 0.0187395116900932 0.0154181408359734 -0.0227579977485291
0.0108114727192951 0.00211783945583878 0.0226872949019939 -0.0173447626079384
0.00481463128631962 -0.0150260063008023 0.0110673805052447 0.000657494584303786
0.0153071318920248 -0.0273115999116292 -0.00763380038946456 0.0535187451264918
0.0426703484772369 -0.0113580094870259 -0.0615199436459808 0.102683910305255
0.0596108197488816 0.0308995286257006 -0.157549690267392 0.0701623274501603
0.0664250835341434 0.0601532626133466 -0.176121025745733 0.0142672467682317
-0.0263826718917435 0.075965966804351 -0.108433858527242 -0.11394059656141
-0.00815999277547838 0.00734442748159607 -0.00844942289494153 0.0266827185070572
0.113472152376257 -0.0229864778198439 0.00176634319343781 0.114542753121009
0.032916157217843 -0.114363548837627 -0.0180688110281835 0.373260976660484
-0.0793523756908656 -0.0702383743262897 0.240593794714101 0.287702664629202
-0.0563776702893334 0.049705628024265 0.254563005634047 0.0214056028568203
0.00780804831914095 0.0230455483745365 0.0980826984981355 -0.0874512279471411
0.00569816373817199 0.0329561152969662 0.0225952925558909 -0.0512806240639988
0.0051703819713466 0.0182076852400944 0.0257282329908239 -0.0102865052556718
0.00104299944964618 -0.000529271130127432 0.0307627057010864 -0.00922677420561212
0.00677077661462083 -0.0136668933794654 0.0124663514362761 0.000642291416924018
0.0232675569002173 -0.0264387110055569 -0.00335514386325633 0.042858486201228
0.0549943214427317 -0.000503539466386721 -0.043853587911746 0.0958927382766797
0.0499337938732077 0.0565251418624865 -0.142607437817633 0.0890910292303805
-0.00473028285220868 0.0570097000522375 -0.202851458575664 -0.0020147130220277
-0.0217229148517625 0.00587226653748894 -0.141294180732235 -0.130980400981935
-0.0777777835046453 0.100433010270266 0.0108413658833096 -0.0152389284560561
-0.0592204421172954 0.0732228491918269 0.0149884142666313 0.144657804505241
-0.025456107497321 0.0769908019908129 0.0199159252365519 0.251415971493329
0.0238921176463838 0.0581215941526466 0.123200722130683 0.18983917718393
0.0458663549917111 -0.00274834453248039 0.139248409668719 0.0454014748690471
0.0135131225163898 -0.0288740652915321 0.0619157915501868 -0.0306874930449727
-0.0124494180817478 -0.0278587330708121 0.0323399380932189 -0.0134588581691965
-0.0364472364399602 -0.013302896431485 0.0397330424830478 -0.0046114333904822
-0.0429237088839265 -0.00210780853127328 0.0219961825484315 -0.00444757896594084
0.00936630784298867 -0.00498193355081456 0.00876240595261634 0.000688237258622596
0.0222543298777986 -0.0157397260827434 0.0099621906470689 0.037620438112545
0.0492718829745019 0.0345999694518058 -0.0186851510489056 0.0995630606727373
-0.00289044867165875 0.0778929404542996 -0.14174281180954 0.116977393296233
-0.0508567685315164 0.013429514947222 -0.242346781887237 0.00721903439332826
0.00324152106083535 -0.0552213646151398 -0.173876527317569 -0.171890023032044
0.0939574344456943 -0.0126559481458641 -0.0184402090042003 -0.0282595440409473
0.0655291273511736 -0.00581020194575149 0.0754621437412297 0.120644340249492
-0.00684763873740579 0.102478489418353 0.080520120017646 0.197646324250063
0.0575969272856677 0.0591824482128541 0.135880531756008 0.133234298848456
0.0629179846217948 -0.0323394556859828 0.127478184201076 0.0139441256382469
0.00496428835866767 -0.0548830969167929 0.0512956997648934 -0.0456410862573701
-0.0308010069396386 -0.0410073916685173 0.0211199651204174 -0.0262440882875307
-0.053339957196218 -0.0140719275504452 0.0206990421555937 -0.0105829122083115
-0.0534530843591084 0.00417737457318312 0.0177595354342578 0.00123719053867375
-0.0388464630123102 0.000422006678883978 0.0213831102076987 0.00476028636474384
0.0183507883413007 0.00927602070174062 0.0273819685999787 0.0331442033121895
-0.00118943261211764 -0.0112391708888656 -0.00906459627797313 0.113725971641708
0.0140965233185262 -0.0306729474030456 -0.156189964987811 0.0909468134554569
0.044138246307349 -0.00946972996249041 -0.215645878053507 -0.0511744776442526
0.0290326207972962 -0.0672965234386662 -0.123790954934025 -0.18146897977277
0.128812946922658 -0.0130006187131321 -0.0429590439671125 -0.111892600942087
-0.0320560661563093 0.088965047956383 0.125781972515609 0.0780673947084552
0.019509473643252 0.0895860358342007 0.123617742452513 0.122601193538804
0.0687681135552571 0.0339711335783657 0.135983372429048 0.074470832419059
0.0386968788429773 0.0057008939248163 0.167962000651939 0.00955096009641805
0.0126620809086696 -0.0388444631370857 0.0528936629338272 -0.0741339930872349
-0.0235101862122559 -0.0336425564970686 0.00755394598409699 -0.0477624268424297
-0.0561322856972919 -0.0125051032366496 -0.00429273856169089 -0.0152592637459137
-0.0130466397888855 0.00487718224548529 -0.00562510959717287 -0.00968770102750037
-0.0297764723706316 0.00398367482399584 0.0218125462251205 0.0188343299272399
0.00159166920633955 0.0304381408268314 0.0218065060436001 0.0480664774756744
-0.0216929486674143 0.0475851957831193 -0.0171593796117734 0.171960356780395
-0.0880897029692904 -0.00261567104340087 -0.212938498587299 0.145054044702374
0.0517198393086954 -0.0444971640469045 -0.281451583283736 -0.0772628964681138
0.108555097811783 -0.0960104604380609 -0.178750931667282 -0.304916401213574
0.148262244129763 0.00619366928970345 -0.0440677555264955 -0.0903302685950162
0.00777467862969379 0.0625508308458271 0.162272255485886 0.0370707244441208
0.0357569776320814 0.0423594351692895 0.143741019156052 0.0567582127185274
0.0497976975108961 -0.00470859992142202 0.130654384616132 0.0265884699913019
0.0191487404984373 -0.0547943334628366 0.103754066250231 -0.0449533594768695
-0.0206647442850519 -0.0434749197906935 0.0283974707287059 -0.0788869681422173
-0.0297875286070515 -0.0299488843890502 -0.0116644023269879 -0.0591654073986569
-0.0455768457708805 -0.00753177617912461 -0.0290415148973865 -0.0163408365845589
-0.049846974649551 0.00959580063554178 -0.0246104825952806 -0.00580646200094752
-0.0480440253115074 0.00372915401491528 -0.000191860125145317 0.00718505599349537
-0.0389602077463364 -0.0241324424528338 0.00519644295955839 0.0603699013468536
-0.0213356150141026 -0.0431548080282739 -0.0680659131746174 0.110827035025804
0.013200821346214 -0.0697449171920621 -0.199508792532083 0.018739663936817
0.0695587252271378 -0.0360204201281415 -0.173456990707478 -0.151200574366171
0.0703773807012588 0.0267249369664685 -0.0476764610834485 -0.218240519627261
0.0412985291773966 0.0585102095617212 -0.00100678144644968 -0.129651698524083
-0.0170030846323219 -0.0141319251255534 0.049312981262964 0.0668278735276856
-0.0474711756353414 -0.00570385120048807 0.00883109562888718 0.355590752226928
-0.0496526783943987 0.0388315002993664 0.31051168152092 0.303240014018471
0.00265067704782454 0.0652722552933911 0.359593861717569 -0.0373965911341418
0.0371140799998159 0.0277477977369023 0.121167866502276 -0.204893007234877
0.0336453337298308 0.00127326561854014 -0.0205708793356014 -0.121000031769589
0.022879552839983 -0.0126292282182488 -0.0175873472239728 -0.032487581969759
0.0119933763898952 -0.00742555673228479 0.00613700289639601 -0.0205676621586911
0.0128036232763982 -0.00360630127576691 0.00732518611342197 0.00044319572475113
0.0162505263752031 0.00845559098683783 -0.0101000477501527 0.0553286293296213
0.00930055103289123 0.018787441434406 -0.066762632474146 0.0927665230042352
0.00704126377444154 0.0117932699260596 -0.151905417735683 0.0402225415865752
0.00426582485612169 0.0102335344007143 -0.144918564221329 -0.063371983103136
-0.00881687002835216 0.0251384555388958 -0.0751985133791017 -0.096568345301951
-0.0397549091880645 0.00728757328014092 -0.0291378659794013 0.0264113663772639
-0.0231851877827404 0.00392090665215497 0.00829860418814488 0.097096291776827
-0.0327743308240303 -0.0210115618248574 -0.0234628311842616 0.222043460503893
-0.0676564267931277 -0.0120568089991847 0.269775136563763 0.319651061412554
-0.0401231123226509 0.0500663499895201 0.181709272535467 0.0688191499382913
0.0122946635094053 0.056451867378922 0.0987316082040468 -0.0582978486610671
0.0368190961862077 0.0288465260652467 0.0103389684445746 -0.0554627396122508
0.0315214884110821 -0.00165660111127704 0.0258500390324346 -0.00832279802476023
0.0160063957665875 -0.00559950534420006 0.0487279283918626 -0.0112568528902093
0.0092364802860753 -0.0218782892074846 0.0487572034439393 -0.00605935563379255
0.0121167531094252 -0.0122204397196836 -0.00861119258987852 0.0559391001871041
0.0234295887245686 -0.00227227283176781 -0.0674623664403148 0.0996509198052818
0.0380995852570304 0.0162000479156186 -0.15647582115455 0.0521552458491363
0.0139256943358585 0.0367171359242079 -0.155706732700656 -0.0486926401623268
-0.0166668112347428 0.041421639977661 -0.0795693167933987 -0.0952085715019731
-0.0307909314396783 0.00940665369245686 -0.00969248747728088 0.0366594434988789
0.0974591923238187 -0.0268213744571348 0.025414010943176 0.100468148407726
0.0361804521507714 -0.108809822521134 -0.0286423882816433 0.37055401023816
-0.0770193583768238 -0.0716661197778835 0.253483278156015 0.316906950562007
-0.0913724677193563 0.0483694732545856 0.300443997078823 0.0205594745780517
-0.00880844670351829 0.0713782873034614 0.117972843150524 -0.124491370320232
0.0198119871059566 0.0421448888725747 0.0137703575307108 -0.0780207863142201
0.0204117740517587 0.0171594763859118 0.0128960808424411 -0.022187734312469
0.0117299698612392 0.00141492336030869 0.0181816366011857 -0.0179347936398597
0.00440152935646325 -0.015041883072098 0.00729205009098856 4.29947791237405E-05
0.0145208478615984 -0.0265871310492262 -0.0094739585986795 0.0493671035091476
0.0408889941709619 -0.0121495078653315 -0.0591742794644942 0.0964386913305188
0.0588248663391978 0.0288667937437887 -0.148942009744057 0.0654798204590386
0.0637558281407771 0.0532803307685177 -0.14494046832493 0.0254724764482603
-0.0234035330287984 0.0676767085992107 -0.101730816881306 -0.106613489042234
-0.0060197429949824 0.00441874179872651 -0.00204595718482116 0.0248066460591876
0.110541375815886 -0.0283474455187373 0.00579885878988133 0.105053734324637
0.0290120160122634 -0.114559263095825 -0.0113772623451677 0.352155947577305
-0.0814178767263885 -0.0663750930654645 0.233187991462446 0.267206370880981
-0.0671284608340223 0.0516953459632257 0.2390990215084 0.0145968152933148
0.00412916910966125 0.0443468821033993 0.0876282787463217 -0.0823258930220269
0.00732458716038091 0.033060158122921 0.0193208796767809 -0.0471395223571043
0.00727435069451228 0.0178511411693613 0.0245286716008934 -0.0109222312358993
0.00271400568091861 0.000110019250012874 0.0281134255990923 -0.0101304586522903
0.00733663831456178 -0.0136844452345598 0.00876669053873483 -0.000540843092782787
0.0225008276038576 -0.0255775260613938 -0.00578277548937442 0.0395040716521566
0.0538667965506859 -0.000965830512013823 -0.0420304484859105 0.0888074354247519
0.0496049290459244 0.0552358782982534 -0.134173325725996 0.0831021240875171
-0.00593102979467655 0.0553737909502996 -0.19001617548377 -0.00309299384150561
-0.0215043320746107 0.00298509363384557 -0.133884713526269 -0.122545049244559
-0.0627199990564146 0.0886379416314272 0.0127517574252473 -0.0146632347646293
-0.0459333772437201 0.0713146782841737 0.0107738631638154 0.128343501325124
-0.0159488524950875 0.0695659902520588 0.0188851137641567 0.234587369879433
0.0228856438975422 0.04866245136347 0.115890418392775 0.180466400246407
0.0374648354447206 -0.00408321777540317 0.129605647113095 0.0445413853126056
0.0101481631044155 -0.0246277894980529 0.0569403716200819 -0.0251894347421766
-0.012873271573158 -0.0236976461043902 0.0314394603119748 -0.0112532905065338
-0.0338288623921862 -0.00910320060565857 0.0380561727864515 -0.00527501207461854
-0.0377878212617482 0.00139879648646778 0.0225544102929452 -0.0053780036884902
0.0108164414331454 -0.00565641897504462 0.00603690294084802 0.000185350845649908
0.0227219600550961 -0.0145908489104919 0.00794173980199954 0.0333819000354069
0.0498301164731998 0.0336019144613945 -0.0179690138097369 0.0912113673756442
-0.00054862275882395 0.0790838641316672 -0.131485074765761 0.110061938363794
-0.0500462305024788 0.0158279809028761 -0.227842676709956 0.00893380004071574
0.00103020888321602 -0.0569267210164906 -0.167280447393981 -0.159963729481886
0.091699073614493 -0.0191494919249109 -0.0150432443776901 -0.0255607053888478
0.0659456487208682 -0.0116996363407023 0.0717906179020904 0.107452446412645
0.000994795661563922 0.0925311429702347 0.0737292022758579 0.181829895892277
0.0540270445842992 0.0499375080022547 0.125215896570157 0.125556352832872
0.0532599553102089 -0.0317528358732902 0.116760036110926 0.0153853199196063
0.00147458704905362 -0.0491438002437687 0.0465771092195093 -0.0384611414088407
-0.0305885337193885 -0.0360980369370724 0.0208433038189061 -0.0222103953947439
-0.0502092062766772 -0.00956964968896716 0.0200844162258006 -0.0102066450292985
-0.0473195538123695 0.00802451277091846 0.0167409499381551 0.000522244738863437
-0.034111385075125 0.00407998970010756 0.0186911382221777 0.00412887041339812
0.018560638424151 0.00777661757679678 0.0250023487176581 0.0285234005394321
-0.00206567850066172 -0.00693146777415017 -0.00650039886725169 0.104978566229141
0.0066270407960015 -0.0277333375125051 -0.147118936162952 0.0865431462368156
0.0387216536380016 -0.0156079163275117 -0.206088686097596 -0.0486010013546889
0.0274548570771719 -0.0718725366352191 -0.118655505778647 -0.171861818694594
0.123450530591837 -0.019830938180029 -0.0427497510771604 -0.102962752406412
-0.0218319169950676 0.0847199942931665 0.116118414860156 0.0650361548602894
0.0235957538081179 0.080467903970824 0.111612211069199 0.109354291750184
0.0631436809853527 0.0276282837213045 0.122599876656179 0.0701757897363625
0.0351959222068596 0.00641300237403423 0.155748444783968 0.010084988565009
0.0113940946818279 -0.0357510325698768 0.0542862958553978 -0.068905883622193
-0.0226516605454697 -0.029552054329271 0.00912014399301921 -0.0436615743848175
-0.0525937561422243 -0.00773216356966338 -0.00363899711574794 -0.0130637840486004
-0.0101813893354767 0.00474758982365762 -0.00551737453939296 -0.00795268969663781
-0.0296648717610066 0.0069222179430554 0.0214292223278516 0.0169948105586223
0.00464476792374328 0.0308822609490515 0.0206140042624367 0.0434347937974915
-0.0182534716698947 0.0486827190850615 -0.0112261163703816 0.161021852727241
-0.0839391751463231 0.00335029815020996 -0.193388513631209 0.13713665716251
0.045712388724203 -0.046333280126788 -0.230557349039988 -0.0816625349223559
0.101917530524004 -0.0987260694480272 -0.175446827893985 -0.285461824236869
0.144347730628523 -0.001564173226333 -0.0392523001769488 -0.0868905801667053
0.0129405196581353 0.0578134188992015 0.148910939111445 0.0250025342532908
0.0369631356315221 0.0362977991253559 0.127606502413141 0.0477013890671779
0.0449783859473646 -0.00659245706006304 0.116429593379402 0.0264152415454431
0.0137334477844236 -0.0512566852411851 0.0936339978117781 -0.0373002427475165
-0.0204652734755881 -0.0388696493284932 0.026115101044654 -0.0688556009855733
-0.0288043055802313 -0.0264182258888916 -0.0102465244734059 -0.0527275385438579
-0.0419203350562066 -0.00419522611141699 -0.0262898472746843 -0.0124976439661703
-0.0450079833594417 0.0124733043130537 -0.0223560796262108 -0.00296430316563041
-0.0439572671571582 0.00740085304170526 0.000183940447479619 0.00705616693585499
-0.038334263458933 -0.0188338521428727 0.00602568450147314 0.0568794614361482
-0.0237002840315702 -0.0385662495598886 -0.0637452674787864 0.105695162050502
0.00748195139772448 -0.0672737509683811 -0.191376760278818 0.0187784316764424
0.0657262433613022 -0.0396336934517341 -0.168007776794769 -0.148323787205332
0.0711679566949661 0.0227107651045898 -0.0450682191832287 -0.21026015861225
0.0442393505503139 0.0540466032939802 -0.0054971211843135 -0.122230493177028
-0.0155768039670229 -0.0159018708873223 0.0431015801142241 0.0636135461950721
-0.04177327722969 -0.0103376469201844 -0.0164061611522254 0.338820759695382
-0.0476654073549575 0.0304828095428129 0.274576087442824 0.310536708192184
-0.00201051550895404 0.0585554135025862 0.344320614202621 -0.014054011151824
0.0311021948544059 0.0272939956876638 0.123227254589696 -0.189234830173127
0.0306163528734808 0.00317842842796577 -0.0143264840180756 -0.11521053253738
0.0215141049585576 -0.0115837267530653 -0.0163811722581746 -0.0327249489387428
0.0111365094949226 -0.00646939598214712 0.00399321954358902 -0.0194643450156008
0.0114533205226678 -0.00359337601702132 0.00382135242420916 0.000160317481928378
0.0149089873275708 0.00831677477244664 -0.014746724176103 0.0504538893724137
0.0078101372126138 0.0183414142554449 -0.0697605063341579 0.0830064634018646
0.00450065051814891 0.01194608967227 -0.145374969586249 0.0266399936285764
0.00287291519619899 0.00965281022132056 -0.12966446231522 -0.0722817343877954
-0.0101131847235543 0.0233960454547056 -0.0608798094490433 -0.0968199404014732
-0.0395881721644912 0.00702138328919379 -0.0238806312848828 0.0214784817209089
-0.0192082631167579 0.00271965847564136 0.0141234589532459 0.0845281042683509
-0.0256926240871217 -0.023825654819363 -0.042754036417344 0.208937083451322
-0.0594975185193022 -0.0158706931598491 0.230807025753876 0.319069711075721
-0.0422371939054621 0.0423316610476086 0.172111847032736 0.0816925263797595
0.00670963924265561 0.0540504949973834 0.100365658441466 -0.0480006340858348
0.0334840697803788 0.0293668913367727 0.0139252445619669 -0.0514834599268614
0.0301243566455235 1.27549065815325E-05 0.0268882730822657 -0.00842656905125456
0.0148150458947376 -0.00213066986426664 0.0447913536035216 -0.0112533922113734
0.00952928802014469 -0.0208427761198189 0.0428192361067092 -0.00636002266587112
0.0117689110815247 -0.0110926905187495 -0.0135496876342939 0.0516851775711834
0.0229081406705501 -0.000303679791984792 -0.0703253607674873 0.0893451864784782
0.0338437639960175 0.0187325406314149 -0.150041515678218 0.0389707267135021
0.009454548458744 0.0364955237342985 -0.141335901692886 -0.0581952980524475
-0.0184024334348187 0.037783119591677 -0.0658507857824601 -0.0969422052672005
-0.029633521388623 0.00776502216464584 -0.00637897945539546 0.0323927716710632
0.100630085175838 -0.0214020031590717 0.0198679197584124 0.0893581588662804
0.0469191407778157 -0.106781240051754 -0.0548351760746059 0.346813417245472
-0.0684501676909975 -0.0798403692607366 0.213848928380102 0.317507752386704
-0.0929173675416752 0.0394978270413087 0.280728022320059 0.0402801392940596
-0.0144970022729972 0.0691136654634215 0.117917382545442 -0.10874524696548
0.0173109702492565 0.0427804635052143 0.0170865260978139 -0.0720837564083904
0.0199225715971617 0.0176800134944451 0.0130897094986949 -0.0206545474870406
0.0122137854451373 0.00221410278584117 0.0160399993640796 -0.0167092158735368
0.00504151027773605 -0.014317464133519 0.00320113952844523 5.3762212198191E-05
0.0147936612384994 -0.0249901393251285 -0.0135534902467355 0.0456655403563884
0.0405246457866751 -0.00879445589488051 -0.0621685831102147 0.0872404133303718
0.0533155132534017 0.0329677203359074 -0.143752287800741 0.0526866670711884
0.0547765832872643 0.0526774308456917 -0.129205602287119 0.0136498892228009
-0.0261009976238903 0.0576549705015642 -0.0877674611915892 -0.10841072502382
-0.00486505567085166 0.00198702637400853 0.0018591867186231 0.022316740994882
0.114373813603813 -0.022901783695701 0.000115422365941664 0.0924934028484221
0.0397929202656198 -0.114646054085123 -0.0373737264089021 0.330631229530185
-0.0746573115685312 -0.0757174015869657 0.196921437252943 0.268743713427403
-0.07520505245252 0.0445157271696426 0.222207780553643 0.0306930266146678
-0.00530580174791482 0.0517883654232874 0.0860903054405176 -0.0700641106080128
0.00604878991182843 0.0340698876636293 0.02146975496175 -0.0412750319049071
0.00820964634848586 0.0183508160734464 0.0241989241335508 -0.00946318606985952
0.00518242169654017 0.000536290586836633 0.0276095944208552 -0.00943074079682612
0.00882212986446356 -0.013349415576799 0.00697302316061533 -0.000253110656347355
0.023693483440757 -0.0234381447900454 -0.00960240368990618 0.0359999256463339
0.0529570629533007 0.00271907719514199 -0.0459778161616538 0.0810236411387376
0.0433126466995789 0.0588573018199222 -0.13190345426793 0.070878188044733
-0.0125468323911558 0.0538957791090722 -0.178470803442021 -0.017729734084505
-0.0222708995241365 -0.00276733642944885 -0.11539686891769 -0.125934277875508
-0.0544654429870363 0.07180199316665 0.0126840186029131 -0.0141514494170958
-0.0407024370036996 0.0650192214368262 -0.00578462780129632 0.108753166655582
-0.0122594197845133 0.0601446085115745 -0.000138100249502092 0.221251560263958
0.0193584989339842 0.0410353880321727 0.0946172012597882 0.178469509901699
0.0297662107316725 -0.00271352318458234 0.118202818936315 0.052811615529934
0.00842923243322012 -0.0202674298960794 0.0538951773610819 -0.0164407328800037
-0.01131325245573 -0.0215773386505988 0.0307239400878936 -0.00679966591339432
-0.0307812155113053 -0.00838172303224897 0.036005320640932 -0.002587028341805
-0.0339448600415676 0.00158238335480075 0.018591179820216 -0.0049696760642255
0.0128803723360862 -0.00556260209129547 0.00335944382837834 -0.000194461525133269
0.025340497527477 -0.0113804617720541 0.00352063182516044 0.0303481977272557
0.0489151593188275 0.0368512549449946 -0.0237347001225096 0.0848504872866491
-0.00538746910967903 0.0819316785610926 -0.132967732944833 0.0963638697794308
-0.0578238629029775 0.011786335076803 -0.214258728577927 -0.00823936072487353
0.000336182171026852 -0.0614900294352628 -0.144441553874006 -0.16223268645256
0.0912141979127722 -0.0197678665855837 -0.00867244851378535 -0.0223535058208151
0.0688992197454746 -0.0115878092614622 0.0598649546916559 0.0997540437243589
0.000305313507612245 0.0826557455137104 0.0545500533959042 0.172498070331743
0.0475261578899596 0.0455280876923188 0.10592979057111 0.125468829473449
0.0462747499427591 -0.0260560751172865 0.105555367862125 0.0242231107972399
0.00258697018059942 -0.0440485374906169 0.0437173768185282 -0.0288103512791659
-0.0277078764223172 -0.0338848090510735 0.0208398479429799 -0.0169964502720432
-0.0456193307532159 -0.00988237124161535 0.0193734607464787 -0.00728855455535729
-0.0432021549808809 0.00747519627266189 0.0156046592214932 0.00143570987211212
-0.0303900720740387 0.00476444401683817 0.0160984681806371 0.00395634219402212
0.0158121188101342 0.00567984916819625 0.0211465548579344 0.0278834069496317
-0.00217364369493368 -0.00174682356652851 -0.0109143845130964 0.0972676840299595
0.000235504560196888 -0.0220811870762978 -0.144284096789433 0.0702537573042901
0.0318695717323637 -0.01946123078424 -0.18950064881603 -0.0625592280417068
0.0280871306383366 -0.0737124244019196 -0.0960531470813133 -0.172016545116897
0.119722901976334 -0.0193701418246174 -0.0315326701776812 -0.0948205259758175
-0.0213885052921038 0.078398145697257 0.105303949397632 0.0660145375954996
0.0206107524156663 0.0728196452876677 0.0928988350916637 0.105952358902209
0.0571691291215903 0.0265924774497544 0.104822991492787 0.073743340689427
0.0311506610843183 0.00922037223445064 0.144702906992576 0.0213262695637019
0.0120531178431164 -0.0316218382117309 0.0561723748065165 -0.0588308759607621
-0.0199283877449163 -0.0282704323301107 0.0114519369720159 -0.0379915956411899
-0.0497559765437314 -0.00746242141772534 -0.00240301750759512 -0.0100242773496352
-0.00821849913641165 0.00486240092308307 0.00538092460792891 0.0012412011492912
-0.0112409070796466 0.00777880589307435 0.018912506931193 0.0152285416501524
0.00575250167135423 0.0328015105854923 0.0176522087375282 0.0409884281010729
-0.0185641692239804 0.0498396357944454 -0.019833042026337 0.149954593825607
-0.0829684996212837 0.00574245559523149 -0.191953887151043 0.115269245656732
0.0419723057449198 -0.0487111701071755 -0.208941928208201 -0.0947011187577848
0.101301639518605 -0.0996932065827313 -0.144961912915611 -0.279571585989343
0.140805748292639 -0.000968690625057111 -0.0331662080588811 -0.0764106715023685
0.0115292382850687 0.0545797757938162 0.136765209939791 0.0272898607100691
0.0334973415210532 0.033371945947081 0.109777941328762 0.0489817375838708
0.0415660607459618 -0.00548170173127426 0.0993474198156489 0.0345697451354868
0.0126755779481506 -0.0460924179851024 0.0859921159805728 -0.0244880228242419
-0.0176409216860094 -0.0366166398698126 0.0269826828063491 -0.0574721394240207
-0.025814684822087 -0.0253927979743089 -0.00600712380665896 -0.0463341700614266
-0.039269217130628 -0.00486524178230503 -0.0231872090587778 -0.010667080829583
-0.0421281103749965 0.0109814834245158 -0.0204934174092972 -0.00222965388317119
-0.0405382004830859 0.00760946734080266 -0.000483896733261332 0.00671781219079675
-0.0365268495941318 -0.0166781229436021 0.00287929865004332 0.0531594781120889
-0.0233923259805406 -0.0360629651626862 -0.0660176346559351 0.0945080660448221
0.00405115852029926 -0.0636946620373473 -0.18303498805711 0.00227845234686444
0.0633370917408775 -0.0406300515522326 -0.147096863551017 -0.156041612128885
0.0706141957498308 0.0207705587959424 -0.0247825600354151 -0.203555021214443
0.0433524951956506 0.0523689915127551 0.000582402183540285 -0.113966301811393
-0.0152512080369592 -0.0154766062490639 0.0414375443647832 0.0591439851141179
-0.0406325020947168 -0.0102415300875497 -0.0289172037567673 0.330574897794296
-0.0460012912526826 0.029505656937636 0.261490025100244 0.313345577600766
-0.00264798027436324 0.0575636944885279 0.337559538377272 -0.00452366567336714
0.0307199996636646 0.0267270781075007 0.123226187865897 -0.181375029405643
0.0296951740436779 0.00294722314098522 -0.0133969973087451 -0.112543276320441
0.019924319832047 -0.0111534377048629 -0.0168013905945589 -0.0323471968494875
0.0102845392050659 -0.00566111265652332 0.00186713436383798 -0.0192569991474046
0.0100777608521724 -0.00323843548959234 0.000108814762850266 -0.000189051177999198
0.0137655691013258 0.00819665005444828 -0.018697598453654 0.0476926336941648
0.0076203508549869 0.0177700657697631 -0.0721858627064951 0.0764482383068068
0.00471358589079002 0.0109867263554645 -0.141868958274099 0.0175887769200654
0.00304045122938515 0.010362121119918 -0.121382756254094 -0.0782877837890121
-0.00983582117731946 0.0236679553747521 -0.0514942485678587 -0.097426740306261
-0.0404479133752351 0.00633009937107296 -0.0187746327216766 0.0204115053487673
-0.0163044218793224 0.00378394422480212 0.0219204993470571 0.0771685287201133
-0.0224787589757909 -0.0235002556630638 -0.0546843634727843 0.201861191709552
-0.0536916245310007 -0.0110744603051503 0.218190111515055 0.318667338968682
-0.0443554888717563 0.0420310255817852 0.186466230761208 0.0669882344945756
0.00538857781121727 0.0536034582761389 0.101576084954361 -0.0430077021432025
0.032425420153673 0.0293152224853986 0.015890258704189 -0.048565294446424
0.0297408534302635 0.000919574306591958 0.0271331636759665 -0.00858913105309997
0.0142499288824698 -0.00144772273712684 0.0419194732430814 -0.012275137296002
0.0086448556605224 -0.0198760650824226 0.0380727135905108 -0.00795010741866142
0.0114089074494868 -0.0112106705244086 -0.017497698807964 0.048875630088273
0.0226391049846535 -0.000249823948213626 -0.073900448747994 0.0835535281675474
0.0340050766029889 0.0188623025984239 -0.1484218131865 0.0294092195154423
0.00886625498962433 0.0365177507729288 -0.134336537472677 -0.0656973381192473
-0.01855948155709 0.0365519574732016 -0.0566443431785315 -0.0981551596242916
-0.0292992994072351 0.0067004000839187 -0.00159067320458109 0.031078255291329
0.101156622316232 -0.0202252157874167 0.0183322046960699 0.0840692569423811
0.0494644817487894 -0.106268881150759 -0.0661848050767459 0.336071640214085
-0.067674581152034 -0.0814605180929259 0.199501833299664 0.316637980527292
-0.0938301845864893 0.0391615764407143 0.271800323320013 0.0463709500346849
-0.0153849956562045 0.0694373330935242 0.11598920897435 -0.103082465580805
0.0171026491926051 0.0434285045302632 0.0174351070563301 -0.06878975073746
0.0201673490065364 0.0182152075819768 0.0129932394634307 -0.0200673720387715
0.0129206061971759 0.00209962024871654 0.0132759704871763 -0.0171670508889668
0.00603633475848491 -0.0141550784311967 -0.000263011160900109 -0.00044190925981582
0.0152730200973611 -0.0240772035431365 -0.0179111899347055 0.0428940843297314
0.0406298091406938 -0.00745600049837325 -0.0663879847773137 0.0812979112680786
0.0527702177342305 0.0337291728647675 -0.143104990890682 0.043517161685284
0.0513913962261353 0.0513039031918127 -0.121924237848091 0.00390843704145081
-0.0268549743731419 0.0537342357730079 -0.0792615855470795 -0.109705310352463
-0.0032262559379284 1.99601037165556E-08 0.00629274105497871 0.0207018691761794
0.115915706457003 -0.0225652083500748 -0.00110822187605487 0.0871510462900865
0.0424799507708324 -0.115531997770557 -0.0485092009401289 0.320025085566722
-0.0750349025585568 -0.0780333164661637 0.183138271612488 0.268531703808453
-0.0805693933703745 0.0443282445950464 0.212742987407412 0.0368459191295853
-0.00783104385580245 0.0554532129643315 0.0840463276577321 -0.0640692526471727
0.00675328590022299 0.0349901420432451 0.0222539652557073 -0.038776257686641
0.0091971624449519 0.0185622711047954 0.0242868943133731 -0.00913720491439647
0.00723014829699359 0.000672066644059104 0.027560386160392 -0.010040955605078
0.0100304734112884 -0.0134376845790097 0.00520201187765026 -0.000537525494563295
0.0243755511272003 -0.0220873070291534 -0.0132597476803142 0.0337571519502182
0.0539454734007131 0.00450426483144549 -0.0498388661153451 0.0758340578342738
0.0419280878578784 0.0617883362125264 -0.131354690002625 0.0615419830996356
-0.0160863253504096 0.0532345622454284 -0.171386475453114 -0.0261418157972436
-0.0226792305106867 -0.00599894337087059 -0.106104535921157 -0.128265189138015
-0.0507928116334367 0.0744867092684285 0.0187734653534148 -0.0128828443016331
-0.0335903840715945 0.0634284544320853 -0.0107338432175093 0.0948784035613503
-0.00786989032810143 0.0548720339407945 -0.0121217234804172 0.213507939426184
0.0166251438813694 0.0353356301421447 0.0824454137603709 0.179756327793565
0.023546199577667 -0.00154772672187885 0.111363847665518 0.0593280534075251
0.00672524392710406 -0.017000688651289 0.0529677424413363 -0.00982180173274629
-0.0112261844039239 -0.0192882867071324 0.0319012236795186 -0.00388496260456523
-0.0283731891250586 -0.00666798025909899 0.0359140656868543 -0.00157887301975884
-0.0305868070998679 0.00303151853987762 0.0170704324773613 -0.0051537408461982
0.0146159125710384 -0.00588660291337434 0.00114845642110332 2.78214302042743E-05
0.027699959031983 -0.00842102714125384 0.00018980282667463 0.0281052459990936
0.0494507700959196 0.039293982245307 -0.0276720147328515 0.0790503965026675
-0.0073570111996556 0.0843074854247576 -0.132424395209043 0.0872220165149965
-0.060678633655265 0.0114640889370513 -0.206853746151219 -0.0171957603333993
0.00119701510393761 -0.0641779369512084 -0.134806567299653 -0.163801880583677
0.0926354814412651 -0.020924218520595 -0.00474370701074267 -0.0219083069680273
0.067259587064182 -0.0133476686691507 0.0539248128321498 0.0945842737157478
0.00293920510621205 0.0767153995241304 0.0414945868395563 0.165739656600781
0.0432105096108452 0.041235850261208 0.0936622904381654 0.127869063399965
0.0413232449624316 -0.0232338053026209 0.0984833544363555 0.0313599167281936
0.00245883883461908 -0.0398124757740421 0.0433918115399936 -0.0207241664136666
-0.0265459632676956 -0.031532852932178 0.0226162523095133 -0.0134762457954072
-0.0431371492288871 -0.0079282328934252 0.0199663761649203 -0.00560759351166273
-0.0392952281241111 0.00850465622070207 0.0152659435798179 0.000654427694851642
-0.0269768167353119 0.00635336659053697 0.0143857312345438 0.0032347881506596
0.00600170144387644 -0.000176015345373031 0.0185858350948982 0.0264843273139328
-0.00292558834432077 0.00164293801705324 -0.0145461754666198 0.0910227521909566
-0.00483699878950863 -0.0195038727508115 -0.144335900291116 0.0618060838580315
0.0288553177432084 -0.023506305159147 -0.18339332505684 -0.0711339189061898
0.0283029396656824 -0.0723220365138089 -0.0858710951720016 -0.173850203464748
0.120956996325478 -0.0194913657172193 -0.0278349427813338 -0.091791543473252
-0.0167842914858532 0.0759528227479918 0.097429225728972 0.0619633579618632
0.0215273674769892 0.0680137182856905 0.0798712266441727 0.101973943086177
0.0532276425728899 0.0245322977210664 0.0925150367247456 0.078178069115294
0.0284271071556579 0.0122887918636435 0.137641983008018 0.0294867146021782
0.0128062721063146 -0.0294038024179896 0.0571769447658428 -0.0516127510254101
-0.0179525529037491 -0.0269435092596568 0.0142070905475569 -0.0342707024848197
-0.0471020110380084 -0.00607628963955042 -0.000736112605422251 -0.00870584922253913
-0.00625433444180131 0.00456687815808918 0.00835928329982778 0.00471926007039225
0.000204080403454653 0.0112614795070887 0.0177897081294337 0.0137425003511144
0.00676510825254344 0.0343847874474498 0.0175302404220638 0.040237521452979
-0.0177335515154731 0.0509448791571484 -0.0230802639511345 0.144341025666781
-0.0771093766863985 0.00550056314436435 -0.197362749884557 0.11256060293444
0.0406558179907313 -0.0514960156984089 -0.199699141734664 -0.10398898713712
0.102089067167 -0.0991234864438676 -0.133572043644056 -0.277046929229011
0.140625447966936 -0.000547633644883358 -0.0318254896083922 -0.0725542352755889
0.0137049547093504 0.0522931183979753 0.127384326864391 0.0242332822470712
0.0337586546246369 0.0308146540995605 0.0964594292427186 0.0479434037366988
0.0389056785870484 -0.00545869685572168 0.0891313745579798 0.0408854180828146
0.0107955430952446 -0.0430043228423815 0.0815461411718504 -0.014144486776319
-0.0162817427214886 -0.0347493468529213 0.0291191655618486 -0.0489422549030118
-0.0246481055066532 -0.0242696315355969 -0.00290246822064539 -0.0428869989584024
-0.0375233312779722 -0.00410173002369093 -0.0204018372688043 -0.00887868556187931
-0.0393745090392033 0.0114316264260565 -0.0190118334179051 -0.00102359115702576
-0.0378849305768641 0.00861338752924271 -0.000345361449603496 0.0067902127718023
-0.0355851264809067 -0.014326545248044 0.00121660498542906 0.051349568218385
-0.0239887239439913 -0.0331623469559299 -0.0688170179510836 0.0891299673545044
0.00164631527081657 -0.0627509093268602 -0.182019174739931 -0.00575424485648596
0.0631542871450211 -0.0419857369725736 -0.140065685682171 -0.165003401001826
0.0722710873366798 0.0215463906767302 -0.0127041451258886 -0.203113893087836
0.0445149074756583 0.0521560287703236 0.00222872407893754 -0.110383725453504
-0.0156948126798523 -0.0156997162055483 0.0413075828106703 0.0566533584760988
-0.0405899654868012 -0.0100099353397148 -0.0403528537720266 0.33201491002526
-0.0463340510890819 0.029833404246186 0.255430084158878 0.325122848509017
-0.0034080851119784 0.0580309253621145 0.340401197422659 0.00348691522380131
0.0304634222854088 0.0262817864976673 0.125759365177595 -0.179885933737944
0.0296094698352393 0.00260775717817106 -0.0125107150451283 -0.113414400863899
0.0195255243901409 -0.0110561437189733 -0.0178484892908047 -0.0328599785470326
0.0099787043819085 -0.00560561747291988 -0.000256782508554202 -0.0192518131448875
0.00908018762870129 -0.00290451390858523 -0.00374088439962929 -0.000319717209627759
0.0134593261643277 0.00815567410654321 -0.0231208932882016 0.0465848057448796
0.00772246770806827 0.0175651407622172 -0.0768265840554671 0.0732990011248162
0.00532561542572124 0.0103422589800068 -0.143142704516214 0.00994726421554969
0.00419548270108279 0.0111481265283881 -0.116979936082046 -0.0862718444139919
-0.0100805825755907 0.0249657949798432 -0.0441278792848503 -0.101459804305079
-0.0424040110555727 0.00644235784418334 -0.0135028724256633 0.0198855534978519
-0.0141021450948272 0.00492895252224198 0.028802214966156 0.0737752627433487
-0.020348024360073 -0.024140134256347 -0.067453951313009 0.200459301713637
-0.048220260079616 -0.00874141824657954 0.208638404564494 0.326851639733158
-0.0459554762024269 0.0387499134322608 0.202114361608894 0.0633852333114741
0.00446560209930833 0.0542465893500263 0.105102940840054 -0.0399394492262727
0.0328268938157256 0.030548694989557 0.0173115085645276 -0.0489579170039728
0.0298871182344194 0.00131396000907492 0.0266493212880277 -0.0086288758065362
0.013682368046948 -0.00110428003890105 0.0401053430036363 -0.0132658073424748
0.00808220974507202 -0.019916680920476 0.0346271201293019 -0.00949586189135614
0.0113388529511288 -0.0110807666041025 -0.0220192854708445 0.047667607957179
0.0235058784085306 -7.16914221781865E-05 -0.0794966276939756 0.080843223350722
0.0343844612717114 0.0197882172430887 -0.151012143282994 0.0217896690780266
0.00827593070388712 0.0379111963227268 -0.131346533046561 -0.0743999063081613
-0.0195519636338204 0.0365233580940776 -0.0498801987026411 -0.102934315218346
-0.0298513248064978 0.0053032568627717 0.00303171311828562 0.0301544573665432
0.105437292276732 -0.0201087044134514 0.0179126405125984 0.0809769354017152
0.0532139690080451 -0.109783492574814 -0.0786440878128694 0.334968219525575
-0.0687457473051593 -0.0858347998222513 0.191886724445622 0.325387280891374
-0.0981090124990608 0.0398408994718521 0.271086070269639 0.0536607283851178
-0.0155852122376487 0.0721544939484419 0.117449130848598 -0.10095292141547
0.0181039563948302 0.0453765333158792 0.0186711298090784 -0.06863276494923
0.0216038432506165 0.0192857726916926 0.0133277024044253 -0.0204919805213389
0.014119055394568 0.00191412643401419 0.0118738686980379 -0.0174978802475105
0.00615954470780519 -0.0147540567626822 -0.00392946133466296 8.82490884893549E-05
0.0159161333438969 -0.0240905472888889 -0.0226565190972651 0.0419851286942723
0.0421490221215822 -0.0066507613166683 -0.0719847602170456 0.0784516492007267
0.0540529407040263 0.036111830754474 -0.146386978636704 0.0363517653616297
0.0498895978836956 0.0510982105110079 -0.118949705879 -0.00592095148690348
-0.0281574589641067 0.0506771659838037 -0.0746374998480704 -0.114023299272812
-0.001788069453873 -0.00182618503875372 0.0105218398260613 0.0201408287997651
0.120881725055336 -0.02319583812618 -0.0028624163550998 0.0842253176322243
0.0462385073006032 -0.120608791462417 -0.0606084087074608 0.318325092397187
-0.0777257707199683 -0.0828915508982642 0.175362380497839 0.275144591294477
-0.0861836829036501 0.0463957875076255 0.209702176362024 0.0434171549367338
-0.00973804658458076 0.0600548997802954 0.083905635758803 -0.0603080048979533
0.00774991736761282 0.0370453190638716 0.0232606041659544 -0.036957630024043
0.0110452746411587 0.0192104508358062 0.024990662277157 -0.00906249472478729
0.0095171955764693 0.000732453049318689 0.0278216940374754 -0.0102698532869679
0.0116686131914453 -0.0139722736516782 0.00300595829772373 -0.00109296974788273
0.0259568778571948 -0.0218452459661378 -0.0178134383455392 0.03238840235054
0.0553051806761486 0.00637676265198954 -0.05552126656963 0.0726859867409063
0.0421580683823898 0.0657000820614141 -0.134745041057877 0.0555595726008228
-0.0225414785441731 0.0532092741796884 -0.170371024863162 -0.0341871073979988
-0.0235407898799765 -0.00875207664207614 -0.100407126976011 -0.133564098116166
-0.0476347483733325 0.0800329718898682 0.0249347373324615 -0.0128812086947744
-0.0284159112693736 0.0645626266152195 -0.0131772467296806 0.090458309131267
-0.00352374176240295 0.0505202691421611 -0.0234638168326886 0.211869367452908
0.0151437261118797 0.0303177334243659 0.0734323380908515 0.186433565287166
0.018503223369916 -0.000372211440191341 0.107423497292598 0.0668795585999254
0.00527369544192926 -0.0144982117863419 0.0536606556901592 -0.00352847277469915
-0.0115351760508919 -0.0178514753183324 0.0337581161445918 -0.00114410403212659
-0.0278961762618677 -0.00579434673284027 0.0369760220789582 -0.000568994856361993
-0.0279748909963671 0.00396445448427669 0.0161742993032242 -0.00561274893509609
0.016493227555159 -0.00627125388921447 -0.000628000221135259 -0.000245628142743837
0.0310172747789723 -0.00570185645817898 -0.00351086462611421 0.026255184290479
0.0510664843714274 0.0425158108060289 -0.0321810797023893 0.0763614539778044
-0.00854139624944971 0.0896638034104648 -0.135730487052961 0.0814488203092303
-0.065053590775528 0.011681254161264 -0.206786243954748 -0.0257624284861113
0.00141144700358198 -0.0687507214352351 -0.12921326511489 -0.17000270682976
0.0969923598960764 -0.0227159890957132 -0.00119502178542564 -0.0218319858648526
0.0501973000162952 -0.0109357534709944 0.0489844881116424 0.092938924625548
0.00553054272666622 0.0725652091261087 0.0313181911242183 0.16527343562397
0.0408661048220627 0.0381057842713832 0.0848901243670643 0.133830138998952
0.037273947740669 -0.0206693163427604 0.0949429854038461 0.0398812723185151
0.0109321566780878 -0.0287310398807006 0.045476808590998 -0.0127654416974571
-0.0262199058356357 -0.0306374886753316 0.0249178572313341 -0.010749949600999
-0.0422786661282919 -0.00711656846989264 0.0217384882966736 -0.00430684136508526
-0.0369987238558025 0.00970119977582619 0.0152238899187406 0.00117757175744924
-0.0247971549754797 0.00793705213547769 0.0137449470460597 0.00229628160681755
0.000733100940062525 5.09367967058483E-05 0.0182490746461785 0.0277577612586214
-0.00328005906686112 0.00526136575825252 -0.0173509769256984 0.0895316428442484
-0.00984504572544386 -0.0180839982104158 -0.148624243404914 0.055648946972459
0.0262507897834935 -0.0282390728841951 -0.183327391624104 -0.081378557980199
0.0265947171263945 -0.0640258237068659 -0.0764127767436804 -0.181927806739089
0.125531823647523 -0.0206025785330717 -0.0253807921475033 -0.0917168795676006
-0.0122896714181621 0.0752033148717539 0.0927214228875553 0.0593862441871679
0.0230982210693843 0.0651961914337229 0.0693668850313827 0.101439836025
0.0507966897223285 0.0231933811203605 0.0842973488791531 0.0842449555607261
0.0268742063163041 0.0160523278371077 0.134917528931661 0.0376045931009876
0.0140113824440511 -0.0281847471691787 0.0618825847815532 -0.045821225332173
-0.017932021177655 -0.0276231944904668 0.0166927224807489 -0.0324109730873968
-0.045944953754948 -0.00508388553947757 0.00157549532846842 -0.00717058268852125
-0.00442798899612432 0.0044805562296241 0.0065299409684492 0.00138170724828485
0.00336948504536592 0.0122652546521086 0.0172901880718094 0.012897925773195
0.00915873251880187 0.0375220252860754 0.0170224193551696 0.0400565811154199
-0.0170082424368357 0.0520059725712349 -0.0265782091962595 0.143307516866238
-0.0768380693012135 0.00620950866745261 -0.204002704355897 0.10979918923371
0.0402918808401481 -0.0559234812113359 -0.193205063989486 -0.118092944392674
0.106205767827262 -0.102509827633432 -0.12636333106789 -0.282751379319205
0.144628806541188 -5.68373071906884E-05 -0.0298771198521722 -0.0723333821238336
0.0166243594883517 0.0517496918725637 0.12226683908712 0.0219099732101959
0.0344898926476176 0.0290654381726055 0.0867892863017964 0.0481294851511563
0.0376598552005168 -0.00572894853777626 0.0811290519179153 0.0476862256284392
0.00960944326577925 -0.041095371056013 0.0792945556889803 -0.0042958446683205
-0.0156837916739016 -0.0340965384966948 0.0327304182848794 -0.0424109020545682
-0.0241119435722806 -0.0240692422646703 0.000776901434969072 -0.0405567838253416
-0.0361663437061752 -0.00342035637044923 -0.0179040217865938 -0.00722516452463361
-0.0376310723636992 0.012279992884667 -0.0181398837288018 -5.86250379801969E-05
-0.0366101480373518 0.00963744188757265 -0.00112223699811899 0.00746566427661024
-0.0358293588056605 -0.0123183084711263 -0.0007259326673787 0.0511439807967738
-0.0251825292258473 -0.0319635748192051 -0.0737629559610874 0.0874972488618593
3.38337972136575E-05 -0.0638349743707128 -0.186704259234726 -0.0142344595780272
0.0646600212167127 -0.044262588038449 -0.137051920557313 -0.17699887524147
0.0765830462195361 0.022364924917555 -0.00230674685932137 -0.210158230367943
0.0464338688923695 0.053260891966376 0.00406257882422657 -0.110859826488927
-0.016312389194494 -0.0158770097101281 0.0427030965081162 0.0537157179459605
-0.0413476832385971 -0.00944319522339757 -0.0465086608523639 0.340786950668275
-0.0473796644233245 0.0306934558685354 0.263461456412552 0.338096092382738
-0.00225205444006573 0.0600615386560319 0.349822024786253 0.00430896021833977
0.0323544808685455 0.0260956296354644 0.126987233005885 -0.184701031014182
0.0301993977560915 0.00204364877676793 -0.0153079012361776 -0.11636453247293
0.0187220107681593 -0.0119005990322766 -0.0197421624979192 -0.033102935210352
0.00947588860915078 -0.00556255309118719 -0.00328429718540597 -0.0201666092051758
0.00808906800160018 -0.00272114144601229 -0.00742217951941848 -0.000410669581517184
0.0135399199717433 0.00801098394952436 -0.0266352781891432 0.0466685833637698
0.00780849179561032 0.0171692042785147 -0.0815454469290069 0.0727706683443126
0.006052599263579 0.00992864553252909 -0.147439073480224 0.0054652117036682
0.00556184086394224 0.011961621583313 -0.117305307559422 -0.0939490346279193
-0.00979366996554759 0.0274680573114723 -0.0398133892877634 -0.106709967713601
-0.0450873741301719 0.00809250537256336 -0.00847094900079906 0.0197637003085949
-0.0119059328808443 0.00626923515335247 0.0331185883447251 0.07144687418715
-0.0183850386834026 -0.0246410209613239 -0.0772818804571287 0.206155886717526
-0.0491919201158711 -0.0105450966316518 0.212752598434634 0.337854104012943
-0.0485421039181066 0.0406245672086528 0.21406963532348 0.0650854817364488
0.00492854853929727 0.0566128994015815 0.110348011539117 -0.0398152775611574
0.0344362409798795 0.0308107798717199 0.0180661857583671 -0.0501007428280991
0.0306432449102974 0.000754343855592579 0.0250399282514703 -0.00950847686391155
0.0146237710083848 -0.00114487503718521 0.039092535658934 -0.0160942236075656
0.00748040164061335 -0.0201859140219252 0.0316047784676061 -0.0117987164299375
0.0117181501669012 -0.0119025102896308 -0.0263932512869902 0.0477688972106386
0.0245645237991113 -0.000256226703588179 -0.0845512841500606 0.0814561809688346
0.0362723413702969 0.0201820694763753 -0.156356417943322 0.0176840658950183
0.00887359503672078 0.0398289444548675 -0.132915386905349 -0.0821791673292192
-0.019330268423347 0.0382448863160192 -0.0459553470055119 -0.108853232003464
-0.0306642926675401 0.00547176554321781 0.00906821785884301 0.030169379483792
0.111159594975775 -0.0230269750267545 0.0193025676053539 0.0790583529620817
0.0558502539700859 -0.116876848547404 -0.0868118154151287 0.342416673640693
-0.0738622780933733 -0.0903938287099847 0.195424363321196 0.336154247819241
-0.103106742696027 0.0440458090058771 0.276588675565085 0.0563264031643807
-0.0147357409174263 0.0765920003266213 0.118162124362521 -0.102378244966742
0.0200854982757477 0.047865078961306 0.0180456282932123 -0.0697462313508447
0.0235301480005016 0.019436636593925 0.0127914531259886 -0.0215664743226443
0.0155484400044264 0.00155011664540887 0.0109958333420971 -0.0177124426604147
0.00675633080843494 -0.0152514930004417 -0.00744748723697933 -4.26008837527175E-05
0.0162792142344981 -0.0247610060975384 -0.0270520386656491 0.0424109082768238
0.0440658428337605 -0.00662127257292199 -0.0774150556737069 0.0790184373767232
0.0570258939067154 0.0384655427406999 -0.15200049749764 0.0322995471972502
0.0503017768210018 0.0510877110764741 -0.118852261234281 -0.0130931833137768
-0.0291437218913409 0.0496418434045043 -0.0726750384395669 -0.119560988566213
-0.000438868372673378 -0.00404617994807799 0.0165093643480845 0.0191607557452298
0.128044916357789 -0.0270319974675349 -0.00254815393194749 0.0829620503813439
0.0477094901617043 -0.12895672501403 -0.0669337531500379 0.326291627849627
-0.084656316767571 -0.0874806557285864 0.177459480529586 0.283768364580459
-0.0912571572352443 0.0506716304414448 0.212157847783748 0.0462138686712871
-0.00909910888313207 0.0652094894119769 0.0846560461169718 -0.0597347499908914
0.00983286845714944 0.0400682459225716 0.0236858773428729 -0.0367294972866146
0.0133520448016472 0.0207317205520105 0.0259782644255461 -0.0099777211436213
0.0115134438864833 0.000696174170185486 0.0273320136501424 -0.0120653482420404
0.0131076028549338 -0.0149412895632635 0.00156474084756155 -0.00181065507348944
0.0276793983860254 -0.022328133814405 -0.0218029111098498 0.0317819281100092
0.0590660929550173 0.00693085061311421 -0.0604071780902626 0.0726749054286863
0.0454980107023826 0.0702496221952659 -0.139367884694026 0.0522148976939718
-0.0270413942369683 0.0559629280915269 -0.173274911797126 -0.0402864477173783
-0.0252273398775287 -0.0115262778134838 -0.0994182823337062 -0.139845641517756
-0.0432472004453742 0.0877092076886173 0.0303319443874179 -0.0148862960332562
-0.0221216322264467 0.0685089786258269 -0.0136108810479129 0.0879161593275256
0.00136217901013569 0.0472935394502194 -0.0317224216979877 0.215499889681612
0.0131654396883482 0.025727001517122 0.0694272495649055 0.195084163407746
0.0142454014226137 0.000640554677208319 0.108430785661602 0.0742920347679638
0.00397635155012391 -0.011672875356012 0.0560297051464001 0.00198288325310602
-0.0120906099036147 -0.0161286404558486 0.0366031528455586 0.000379679668586287
-0.0276694933999124 -0.00378330093478181 0.0388700367214968 -0.000968095564688562
-0.0261335489124548 0.0055681783496986 0.0159821884009975 -0.00655495762421038
0.0185999037081303 -0.00729451669758558 -0.0033921444753763 -0.000434494446058525
0.0348563647908382 -0.00410115922945969 -0.0068066655440368 0.0251169051638578
0.0554515461125817 0.0449871564944684 -0.0356379439676797 0.0763125626713011
-0.00761404920051544 0.0966251873044259 -0.140772145340028 0.0792101307757015
-0.0663820187624357 0.0153523351331202 -0.211679857269522 -0.0309516716612565
0.000324211420066093 -0.0747971984521832 -0.129959534237564 -0.177132329701137
0.103259836993483 -0.0280470235797935 0.0017701108529481 -0.0225728506293255
0.0332789869586965 -0.00479290862212083 0.0478519158511633 0.0919067820325049
0.0098198098091757 0.0697685023560531 0.0238327519446808 0.166813816280882
0.039431746219571 0.0347582297512234 0.0801485313163448 0.140810887757219
0.0341176272053846 -0.019440123006731 0.0936882880979341 0.04743676107999
0.0169429722218285 -0.0151225471544701 0.0486586973637481 -0.00597320568318277
-0.0271934194849814 -0.0294011093334821 0.0278145067515173 -0.0083304770718495
-0.0420783097101675 -0.00470310806772294 0.0234360400440623 -0.00386239457264352
-0.0345491391376585 0.0112072498497295 0.0160600998345132 0.000544034277551627
-0.0224601318636995 0.00981211937794817 0.0131871189554935 0.00091485604358248
0.0036841472545135 0.0028702564647819 0.0179297669371687 0.0312547903197439
-0.00387963842274192 0.00974411129171594 -0.0174992277913845 0.092865680467647
-0.0152400699905171 -0.0158159828808278 -0.154917273987616 0.0534018638656186
0.022892723298392 -0.0339287098023347 -0.188940608950574 -0.0897104669652688
0.0277916543052377 -0.0686285792256425 -0.0749060397665382 -0.191505478586811
0.132382416965891 -0.0247442073515823 -0.0252997331197645 -0.092844210823253
-0.00698959236341982 0.0763100971772264 0.091430587308664 0.0561966134374584
0.026649073676781 0.0622403852909218 0.0625564878017875 0.101789034990226
0.0496989770743654 0.0211099883813782 0.0787071632280403 0.0907644886536544
0.0268690294590714 0.019519132722771 0.136028093778904 0.0442793642026483
0.0148055098005897 -0.0262808026146614 0.0650263148804517 -0.0421765509293015
-0.0180612065633114 -0.0268611987695995 0.0189433940246661 -0.0306590748990801
-0.0458808467631299 -0.00308122297141919 0.00997682951097303 -0.00831900772720235
-0.00225386258481015 0.00399112876182871 -0.00178295042518015 -0.00415685041873962
0.00660278441804952 0.013516069352429 0.0181213427920559 0.0122780088625108
0.0117167820321028 0.0398479492873208 0.0167576561531871 0.0393939068231724
-0.0156853549077106 0.055051353522128 -0.0275174013223068 0.145663817759356
-0.083353576638507 0.0106688826123379 -0.209818414244783 0.111190001313708
0.0399420099814597 -0.0618414607740755 -0.186114370837631 -0.138451948952895
0.110003548200469 -0.110603491035348 -0.127969865440588 -0.294940238833603
0.152164273058032 -0.00344740048649188 -0.0302369765790703 -0.0724299295362601
0.0207540927635083 0.0518572161234069 0.119674004850532 0.0166291312466244
0.0368245214006732 0.0267699897705794 0.0790891163851462 0.0478175532517451
0.0369300452185034 -0.00681998647907245 0.0761352645113457 0.0539204780095226
0.007660718058481 -0.0398009627119137 0.0787570564420455 0.00442847676532551
-0.0155137641933922 -0.033337930681029 0.0367422693451197 -0.0369585352077545
-0.0239062717987817 -0.0237364787132076 0.00310599983368443 -0.0379488112649298
-0.0363778475945198 -0.00218849022554158 -0.0159459197949057 -0.00555460823450023
-0.0363176362402846 0.014276720044614 -0.016925399334707 0.00120629769659545
-0.0359899003926001 0.0118461097741 -0.000926910323115184 0.00813411877802284
-0.0366944736226926 -0.00938173113989912 -0.00163764045588815 0.0517179998664805
-0.0278990561471582 -0.0310878369575507 -0.0782552480850697 0.0896621251588322
-0.00392956333357884 -0.0660970709351817 -0.194861277268633 -0.0180339847700732
0.06660671669264 -0.0495552084715494 -0.141715453355126 -0.19087117196944
0.0825256796205275 0.0217809314946925 0.00399879457652573 -0.220924041103292
0.0506823390957912 0.0547899398266606 0.00354761592592799 -0.113894953167829
-0.0180001679498648 -0.0153872680069671 0.0453483470323244 0.0495255793801698
-0.0424848226539214 -0.00743308708032281 -0.0421327845269687 0.352160660003295
-0.0466773078229157 0.0331518805718216 0.280934987211578 0.341988873953629
0.00111359796905747 0.062137889307298 0.36020375296679 -0.00599189148077162
0.0346561972316116 0.0241946907612669 0.122163418911797 -0.193178318046374
0.0308279420464932 -0.000317974287972838 -0.0213573188188983 -0.118013672079075
0.0179641634662315 -0.0130335847775791 -0.0222918155136062 -0.0328722995660942
0.00860698593211991 -0.00590592153810056 -0.00643759103006302 -0.0200029239157681
0.00694882074412428 -0.00264730521023348 -0.0110701035094667 0.000132790354772839
0.0132163071100379 0.00720822541885372 -0.0290413173462246 0.0472451714853641
0.00901671294137938 0.0172249602315853 -0.0844182729542826 0.0753980180491912
0.00710605467269152 0.00923566016378282 -0.151777701348025 0.00519480654737878
0.00727740066952462 0.012989185729414 -0.120281083544856 -0.0980762204853957
-0.0084940705921835 0.0300730413498482 -0.0382720420469738 -0.110886856520393
-0.0479364230381496 0.0105473464570073 -0.00292892659138271 0.0197676667289838
-0.00983730750405178 0.00796955889794925 0.0363596432410212 0.0678260224676567
-0.0180841030166936 -0.0251831815974854 -0.0822005040624448 0.213251398555642
-0.0543584484260344 -0.012556979542685 0.227898437136384 0.343462945045401
-0.0496693032064821 0.0436774843496246 0.228049105720143 0.0602259191183965
0.00698627832476737 0.0585213354910287 0.114507851658402 -0.0425734462282219
0.0367994216311966 0.0299532776832417 0.0174267485454797 -0.0518121931573869
0.0311625455830562 -0.000841563059165677 0.02018201342302 -0.0119877775972711
0.0151396183958059 -0.00200004754274151 0.0368061680602032 -0.0192923409639282
0.00606624563768105 -0.0209666466820132 0.0281642910938143 -0.0149672271835675
0.0110044021104257 -0.0121710370724726 -0.0297245404061372 0.0492664767468089
0.0255159346756011 -0.00156194432209402 -0.0872287196355883 0.0843927799313362
0.0391500424452884 0.0194244616842236 -0.161809327319867 0.0184821268337728
0.0108777426103357 0.0418980649255229 -0.13721434540132 -0.0857472253329032
-0.0185847382338343 0.0398095722885159 -0.0460815483401136 -0.114012452126594
-0.0318690321374008 0.00593607375577934 0.0161000889985277 0.0287558277128335
0.11619267654274 -0.0293572907660173 0.0221940018675029 0.076340701796797
0.0539447271450668 -0.125345643734832 -0.0826807719435435 0.352754100423515
-0.0815005959643405 -0.0926419886358013 0.209042989794342 0.341580387997433
-0.106182894435742 0.051285846879391 0.283853085535436 0.0496507204527728
-0.0117939577335903 0.0815217308616609 0.115384061117777 -0.107791916677151
0.0240842642033927 0.04894339743593 0.015028507857027 -0.0709100856004914
0.0263687679187661 0.0188387031419646 0.0117801898713604 -0.0231878839295002
0.0172971664192837 0.000265086287360016 0.0075655627107409 -0.0192778850870726
0.00680034013462381 -0.0170430572827965 -0.0113406715735109 0.00147032256176834
0.0159743778967619 -0.0258835312974936 -0.0307991196473286 0.0440454189085536
0.0458771999574904 -0.00852753304206866 -0.0805580379223479 0.0822904527447729
0.0613479098572178 0.0379858211017888 -0.158252091760236 0.0343395579900955
0.0513493698964827 0.04954622549964 -0.119146350252514 -0.0177827546727492
-0.0281170378113536 0.048325529273883 -0.0742770515082718 -0.123550527258353
0.00068189493003467 -0.00674593392811201 0.0222532141173101 0.0179936141000441
0.134150624585747 -0.0351846670231175 -0.000319970705972711 0.0811184233152822
0.0455770288784397 -0.139689326672399 -0.0639365944205558 0.334889158375695
-0.0938841503773547 -0.0892553677405527 0.187716353611728 0.287060797589028
-0.0945399849202067 0.0588874069485168 0.215304728873163 0.042944133898635
-0.0060285972171723 0.0703204988280181 0.083613093409914 -0.0615982294231271
0.0131866145385194 0.0421927641838973 0.0233739690918663 -0.0368137563862085
0.0163471606693323 0.0206355814901604 0.0260911778206527 -0.011916745327176
0.0102133367196531 -0.0015820841199082 0.0275546296803481 -0.0142948584197606
0.0135453082850812 -0.0165140176523386 0.0025216948145101 -0.00393836577135493
0.029432357291487 -0.0237736413317349 -0.0256561550877775 0.0326837082439993
0.0633572489297833 0.00592350461996054 -0.0634540230660948 0.0749070673571017
0.0510545913899299 0.0736302239967201 -0.14375097192132 0.0536221236669248
-0.0314040563604468 0.0590121778370571 -0.177143520347804 -0.0411568732284492
-0.0273150976070182 -0.0131272331144194 -0.102186413643646 -0.144236292185054
-0.0355700340594232 0.0899802299652639 0.0355918127819808 -0.016705211854678
-0.0132854269022564 0.0720816164401649 -0.0114803802603719 0.0868431699511256
0.00791673905801147 0.043468850456784 -0.0329837983474764 0.219591453297934
0.0120978505256037 0.0206581566646517 0.0721980208188992 0.202552250016621
0.00951514745789335 0.00179051675869775 0.111283151440201 0.0783778827986217
0.00220973952819296 -0.00926146257107729 0.0593958543197481 0.00501781511452957
-0.0136906592248131 -0.0141033038567462 0.039561114533056 0.00131231423989448
-0.0268499112456736 -0.00109080976111529 0.040989296702363 -0.00233450619786201
-0.0239052190515064 0.00785028770863096 0.0152809572758464 -0.00762393922872054
0.0209190662743093 -0.00899529906430113 -0.00562047904245364 -0.000467767830504078
0.0380595890804548 -0.00493495750490483 -0.00991757852960155 0.0245308499697555
0.0612628090983866 0.0460004916904733 -0.0370922995594676 0.0770380163036906
-0.00330221903257647 0.104301339624446 -0.143720202839495 0.0821466183332286
-0.0406049930401982 0.0265836121125532 -0.220754886816379 -0.0299156857698054
-0.00377965514725816 -0.080943185699127 -0.135684155658181 -0.1800855112457
0.10796310577301 -0.0367987640822446 0.0043145302216684 -0.0230224646998338
0.0374538348679073 -0.00945412554831554 0.0494933314806512 0.0882086020430751
0.0156435355880368 0.0656060984866607 0.0217593946571925 0.167568546802946
0.0386304174980279 0.0298296947228242 0.0798675255303391 0.145534036832347
0.0299324420281192 -0.0188448448121513 0.0948769486388534 0.0525700311684258
0.018294978754376 -0.00906512194741683 0.0518192610828093 -0.00156190846547358
-0.0294157485774725 -0.0271830419078365 0.0308080127154831 -0.0072239664706169
-0.0416804679587594 -0.00146728358194977 0.0256394434895493 -0.00419203726269484
-0.0320237254262036 0.0143128552537058 0.0163118892573643 -0.000831922329687376
-0.019884785033017 0.0125418723634621 0.0122315274707955 -0.000182356900548724
0.0206724527680257 0.00940457410508672 0.0159987174746954 0.0297491248244892
-0.00329303335018608 0.0138300217510825 -0.019227374996283 0.0909392975356578
-0.0213235889850795 -0.0126413752408048 -0.159890286930009 0.0561863191211642
0.0178846715390869 -0.0398446379820192 -0.197081275887427 -0.0913200284374865
0.0269883351419249 -0.0802174118940869 -0.0791788065940853 -0.197544421396866
0.136847059440111 -0.0337377640595413 -0.0279397641214913 -0.0927913296851251
0.000947403035130635 0.0771811942865446 0.090767504730475 0.04954822108382
0.0311561848223791 0.0584862494394168 0.0579901881067703 0.100028894901745
0.0489820881973683 0.0175217019895611 0.0762826792745538 0.0957407099019063
0.0285148013797768 0.0222580574161568 0.139031709685878 0.0471313298872566
0.0148982074951708 -0.026447304065304 0.0677202447322383 -0.0407087715791928
-0.0182392060014125 -0.0258395525902973 0.0207624971895127 -0.0288699988215454
-0.0451816437456642 0.000455390986349444 0.0188376473771334 -0.00777976880732426
-0.000446497082633832 0.00407948062142223 0.000473937879677289 -0.00397635601812677
0.0105362456048834 0.0138450039753726 0.018655931940807 0.0111923387699474
0.0163182454809245 0.0403651610333671 0.0164213283070189 0.0381866955309138
-0.0120254583263307 0.0569112062065992 -0.0236739455056464 0.14860072995607
-0.0921391780527877 0.0193904641715349 -0.210220268486219 0.11797631768104
0.0350805720021298 -0.0715154408754139 -0.218227356758308 -0.121800498823494
0.109819278004207 -0.122005324714908 -0.139522798451251 -0.302862507564357
0.15886079890147 -0.011100648513945 -0.0342351300194789 -0.0711901590961895
0.026218523061592 0.0504791680465939 0.116925820603896 0.00853831708881036
0.0392343982778506 0.0229845834135435 0.0724881399865524 0.0451648164358688
0.0352086750156999 -0.00947053521262461 0.0716640516052435 0.0601530663381072
0.00483050488685683 -0.0388424818306693 0.0795430847805568 0.0106751610290242
-0.0173578638200518 -0.0325783722976146 0.0404788755008551 -0.032996778334748
-0.0252398940704547 -0.0224983157247991 0.00464097552768481 -0.035359507959628
-0.0360608024503733 0.000512088861523294 -0.0134331009615544 -0.00341237319815825
-0.0343872010531303 0.0169188641585968 -0.0152512040473671 0.00274665659586633
-0.0339594481495168 0.0147793059297028 -0.000630615313073879 0.00826978849133165
-0.0371503646611351 -0.00582630739937629 -0.000341974304747955 0.0530282553988655
-0.0316297266896137 -0.0289144276108452 -0.0802627860820307 0.0940119157733961
-0.0093131247113686 -0.0682307811227553 -0.205438416352897 -0.016339169588224
0.0660676685373013 -0.0564302643058087 -0.152628196729856 -0.199605875279746
0.0892671152025055 0.0179896750711653 0.00369653010547 -0.231819426972559
0.0570015565898125 0.0542439592219608 -0.000146123385472289 -0.116760877078094
-0.0100611586332013 -0.0228721649086896 0.0203694838256108 0.0624753494622775
-0.0315387787970475 -0.0289091990410496 -0.201366078046343 0.298429224778538
-0.0566428826623816 0.00318198231799861 0.0985602114516142 0.438415228172311
-0.0288853543540209 0.0525630188840745 0.330489133529952 0.156824231138887
0.0173824113018103 0.0361290454330499 0.196611665697522 -0.120954442057947
0.0267156921500255 0.0128984505374424 0.0329551913346434 -0.116719433681399
0.0211101015419058 -0.00462325346429648 -0.00699917526186331 -0.0402346125253198
0.00956136120106095 -0.0012307175663792 0.000903506366084997 -0.0217447481235126
0.00670812793804917 0.000645240396801191 -0.0137552593042555 -0.00588555632910002
0.00929496012951881 0.0125368452368979 -0.0506235483324288 0.0275687113098883
0.000132055771296156 0.0192320459840238 -0.110206763050933 0.0276023379362791
0.00140229019389596 0.0115125919430615 -0.137098736642907 -0.0680731644022641
0.000502810059444195 0.014733069697934 -0.0578906490267435 -0.147352818994673
-0.0220570651272386 0.023145597380104 0.0233852271849396 -0.119490898304256
-0.0500218139289976 -0.0106803065070577 -0.00648194017370456 0.0171725094257733
-0.0103591121596907 0.00343147819286217 0.00240441462912364 0.0741095646236174
-1.6534276345351E-05 -0.031952256248554 -0.179224806417885 0.153527745380442
-0.0431481011268982 -0.0449179152024156 0.0476229717760442 0.416288588902167
-0.0668827550710142 0.0141628358429271 0.171912123138665 0.163836300502848
-0.0212035792001548 0.0552698766040376 0.127571142196895 0.015031071676357
0.0197793732051096 0.0427572576240787 0.0403566046593415 -0.0387616440950007
0.0288212670476142 0.0129319518835506 0.0235647169003157 -0.00251557449662291
0.01492041524823 0.00466907930397214 0.0394714230135596 -0.00403749481064773
0.0136014136640762 -0.0166640754846421 0.0287944768229965 -0.00425579848961828
0.0155001378872694 -0.00644477610862845 -0.0508843243275553 0.0295043978052063
0.0244664374365074 0.0102043414162352 -0.117341302398813 0.0348342197998879
0.0252775891747603 0.0360294185567642 -0.152899710860539 -0.0603451580137596
-0.0107229398215464 0.042438223884843 -0.0801566088535893 -0.143922689197195
-0.035409136919598 0.0260606947668636 0.0172302153115572 -0.126265249407085
-0.0317407890093976 -0.00925620349825787 0.00597396137358583 0.0339898405722331
0.122874494012307 0.0246616575746963 -0.0133315332979378 0.0724369734413676
0.111644068858483 -0.0971797832559479 -0.243162271125695 0.280613435200423
-0.0335464062322536 -0.130741099271008 0.0289250973496177 0.405722052344789
-0.122193445546277 -0.00242063027666922 0.233984618326036 0.176429491806072
-0.0486899594403042 0.0694095865001271 0.153602225867573 -0.0432394224265108
0.000821654824284946 0.056603789039501 0.0459998808377638 -0.0570248033020794
0.0167229700486494 0.0288796212874352 0.0208636385762695 -0.0157186749224144
0.0166450014214428 0.00771529746403871 0.0127020646965272 -0.014433635313485
0.0134390980256108 -0.0124948439539501 -0.0137932960620029 -0.00449630779777584
0.026487578017071 -0.0166697224382372 -0.0500243858835756 0.0238236620767165
0.0465788954318193 0.0136396458935454 -0.109942231330353 0.0360050735877877
0.0375627894012081 0.0639580407235412 -0.157406729751784 -0.043452314227425
0.0213751045346268 0.0660573884294992 -0.0938046871234122 -0.0748286533996589
-0.0476143137490333 0.0287732862723605 -0.00407125441126873 -0.149169183974998
0.00502402611889832 -0.00740407490726152 0.0171799568973419 0.02766927956274
0.143439737716544 0.0265718398010843 -0.0365052588065938 0.0659275990300535
0.109899980003194 -0.115135021324741 -0.216555780211109 0.273429292108364
-0.0477112450820478 -0.132810838441797 0.0342925155878754 0.346283070261973
-0.115458630306677 0.0103487123107123 0.172963641580905 0.13798372928225
-0.0380193559711089 0.0629488718214947 0.10321308526629 -0.0148695960404304
-0.00614285017290491 0.0457313001660511 0.0386449781124024 -0.0216332599239627
0.00763751474198391 0.0270838311280013 0.0294646714532694 0.000142640425580762
0.0129029516641292 0.00415399032031647 0.0285204508418076 -0.00223613781169637
0.0210622911766136 -0.00990198709906072 0.000377484490271369 -0.00360278968916394
0.0377514325412743 -0.0081504868241453 -0.0406473982127434 0.0158282624697477
0.0561753756812677 0.0350380350625023 -0.0922940019063008 0.0373741591547146
0.0124940351384141 0.0930620868666187 -0.153728071878269 -0.0186362770324979
-0.062103791261313 0.0372190521671275 -0.139078654634366 -0.122491033335668
-0.0201582875246887 -0.0288314652867481 -0.0199174714193877 -0.181065801136644
-0.0653345855275407 0.0659231690360722 0.0432249922515534 -0.000133184648331154
-0.0365040172276414 0.061310372346021 -0.0474457430965508 0.0697947626516257
-0.0033816639100219 0.0375020587931613 -0.134866675472943 0.177452797227735
0.0028164405577423 0.0150601258819397 -0.0331182593025292 0.215418901150427
0.00274136253988787 0.00341710077408706 0.0614785417440495 0.125383456061552
0.00384538602920377 -0.00558432279262938 0.0510210110822991 0.0360711659363868
-0.00723647415146263 -0.0171875021980384 0.0361853930151705 0.0217960353166782
-0.0232590569707063 -0.0113230320353329 0.0389026374738758 0.0171164630407629
-0.0234908538711983 -0.00191971807061086 0.0163951996744139 -0.00114479038819618
0.0247656429355462 0.000702484854782478 -0.00697912475491713 -0.00357368187608511
0.038502397804577 0.0136133983385566 -0.0223819212898687 0.0154590009494982
0.0370833367350903 0.0714547273459367 -0.0698708142619001 0.0515577613858429
-0.0506872634163656 0.0987827167215411 -0.168311031907837 0.00687192577295045
-0.0427109433026148 0.00867314256499661 -0.185195807103499 -0.132665694768336
0.0309237575462587 -0.0817244235846538 -0.0328179727316492 -0.226864925654242
0.118135134449607 0.0118117550705872 0.017478281280567 -0.0157527986611126
0.0450158678604521 0.00592044237649891 0.00429290422045266 0.0959840541189619
-0.00936303142436417 0.0595836161541394 -0.0621502809263415 0.153774156014465
0.0212656654962054 0.0372043507264663 -0.00225608206463944 0.166656493628449
0.0300245076322915 -0.00429848841815166 0.0564616978719445 0.0942145763126226
0.0200474693749083 0.00212716576656401 0.0470744439500764 0.0270132275972679
-0.0151832011180577 -0.0355010320816755 0.0318106975410864 0.0117014082530256
-0.0357865984975119 -0.0176171546812078 0.0264516688031758 0.00941249857131887
-0.0329361132910336 0.000887568892068059 0.0152696059521342 0.00585122819798136
-0.0209564630403322 0.00511760808033452 0.00951290600532935 0.0036655660984235
0.0213162512321982 0.0279791471893625 -0.000845868050237153 0.0303811219138778
-0.0108967269752614 0.0154520918359774 -0.0596766017701208 0.0660701015918679
-0.0219026282812365 -0.0177094558736114 -0.169432410978689 -0.0273179478023309
0.0303032290329965 -0.0353154927829578 -0.131644561339741 -0.17869546198262
0.0615205920447342 -0.0678726803957723 0.0278433939027569 -0.21679269714429
0.142581275732472 0.0280090721942892 0.0193116227648616 -0.0924892710516893
-0.028822903923751 0.0704073622365954 0.0597072179296189 0.0800312736021522
0.00598051001104925 0.0618663073873415 -0.000562213847431119 0.10860384347467
0.0354627084201622 0.0327197843286456 0.0158547325739492 0.119905110657685
0.0138637954162961 0.0328427186662483 0.100958873182633 0.108786749931507
0.024404714450366 -0.0168964509452343 0.0786634790502578 -0.00195361083715113
-0.00483494865679225 -0.030707427658232 0.0301195708551164 -0.0109750100327078
-0.0401263199056721 -0.0172567421212651 0.022281241396325 0.00277431747690946
-0.000486109198885775 0.00441613651412842 0.00431962326509018 -0.000754115978816862
0.0061370379976211 0.0185481121689897 0.0117297876903003 0.016792236324112
-0.000374021783447144 0.0448384229558252 0.00152496683049283 0.0462367131804408
-0.0345331238374558 0.0488597068914865 -0.0881564381136936 0.121715944014426
-0.101559279936418 -0.0176055237668878 -0.24016484726685 0.00582391147929868
0.061866589966334 -0.0531219268809513 -0.105934961149904 -0.225705824761267
0.153970396465884 -0.0696242710491317 0.020365173267226 -0.338147016071771
0.152285723768593 0.058756525993257 0.00301011142177937 -0.0762421600443416
0.00365200758018103 0.0559986207839471 0.0996622475413294 0.0535573365272575
0.0265908312010184 0.0341586154297761 0.0354592823979604 0.0666866004672033
0.0350012912022497 0.00447016475281738 0.026954162381866 0.087890118112576
0.0185485769123246 -0.0315868027606188 0.0618905694719471 0.0537104831089937
-0.00181856744455304 -0.0351783216719243 0.0507205163543724 -0.00441647103473868
-0.0127115072624163 -0.0309717602558758 0.0216288572745855 -0.0253838958098336
-0.0323508881735727 -0.0139656722013679 -0.00853252920903262 -0.00620537762148061
-0.0371837808564472 0.00192091494917199 -0.0140994044645741 -0.00227922006040936
-0.0355139100759902 0.000954358258671508 -0.00435578887399734 0.00734824475187444
-0.0319394629263501 -0.0183486782744607 -0.0242554072198289 0.045838632310292
-0.0183927497985837 -0.0381819334564327 -0.115051551341464 0.0462537280918419
0.0153942277777994 -0.0652525463656724 -0.177037651556143 -0.113733849783115
0.0852098580334905 -0.0265561403802102 -0.0402613558812929 -0.257435437205075
0.07699057819896 0.0527483222437577 0.118580214234214 -0.208789574840198
0.0301936598074644 0.0749428300109756 0.054661948422328 -0.104974947065948
-0.0112727238530293 -0.0214518260429349 0.0235504230624205 0.056167447020861
-0.0327463177921677 -0.0264099935582234 -0.190364779699429 0.300438696241705
-0.0548867323516103 0.00587947087746683 0.115775030825593 0.42941960718295
-0.0246641378789115 0.0540157512143888 0.33278895571984 0.13973610085103
0.0190218377448084 0.0337110108717435 0.186362001261215 -0.127943445244351
0.0271449601947779 0.0103554675763174 0.024485472587399 -0.116440532057843
0.0192147195455219 -0.00614246614623449 -0.0098986408203813 -0.0381809422043999
0.00867188823315617 -0.00192549835291325 -0.00326291267740735 -0.0216588056618323
0.00538990856120553 0.00060202544123308 -0.0169873022154173 -0.00553377697826866
0.0089098853603371 0.0116565088713693 -0.0519868585626422 0.0276153302873676
0.001286706706751 0.0183371123004002 -0.108729415860374 0.0293101741378881
0.00240812891962114 0.0108332179661749 -0.136862234568188 -0.0660302930657
0.00159596860126984 0.01538945158069 -0.0588439024578115 -0.14634501225961
-0.0205547014402944 0.0252267442876048 0.0239452863324523 -0.11923727584913
-0.0518065549850949 -0.00715460025568251 0.000764523138741558 0.0183081346499381
-0.00847160009462406 0.00586305038093313 0.0055366926284799 0.0685760745055629
0.000349942838283564 -0.0310546192479848 -0.177174037547843 0.155233574950034
-0.0471715616985857 -0.0488747733888269 0.0621802107156772 0.410124579072671
-0.0662419156610894 0.0169862322111058 0.165434550870151 0.162690743006503
-0.0181460584896423 0.0555273124299626 0.127812402264246 0.0111275342375111
0.0222354792732221 0.0409953123268901 0.0385616748214489 -0.0392038461810573
0.0291842120096538 0.0110216169616186 0.0262890192677257 -0.00280239355843071
0.0152995609150026 0.00375846590992143 0.0363813209687381 -0.00765565673711181
0.010951774837145 -0.0166923001167843 0.0242874903643137 -0.00856888412265691
0.0146709586786237 -0.00763233227461192 -0.0528774072322018 0.0297452214328938
0.0246747921257156 0.00823932264440526 -0.116306633230169 0.0370065856530756
0.0275558694958364 0.034499683757118 -0.153544756825764 -0.0570913210779983
-0.00860656731875191 0.0432667680159059 -0.0816478511284867 -0.142583692230771
-0.0335747330988123 0.0278120942399052 0.0173723806257223 -0.126929891466552
-0.0322415510432246 -0.00826735606247055 0.0135396632675294 0.0340023335920041
0.125678774970509 0.0168775950318652 -0.00777767133980383 0.0673851828538072
0.107007207605718 -0.104272368023257 -0.232285532850158 0.284157931999922
-0.0411539864797789 -0.129721647005859 0.0442005973864507 0.399921129831246
-0.123044929058916 0.00548124334287504 0.236731927725376 0.163826968719074
-0.04404545386765 0.0725127619148476 0.146415527647198 -0.0484002799443955
0.00456078699367328 0.0564649215622871 0.0413349974541714 -0.0571872361625271
0.019416038369093 0.0285246652932449 0.0188396668628075 -0.0169578356054296
0.0175869846145256 0.00617381602436097 0.00916071102465051 -0.0153824409323489
0.0127459203249143 -0.0135857482201596 -0.0178179544494519 -0.0045340097252854
0.025511399418187 -0.0179056184638104 -0.05186741341681 0.0238938460131762
0.0470758794314424 0.0111228680974389 -0.109221164705863 0.0380021394624596
0.0409134928059434 0.0618466820599666 -0.157784234446878 -0.0410598315798479
0.0226410808494387 0.0626969688560038 -0.0893492225088759 -0.0761362695005162
-0.0456235945578192 0.038157645263533 -0.00485427150403965 -0.149353571239081
0.00607932197471331 -0.0096909850896472 0.0228386558374091 0.0274346658188702
0.146800825592783 0.0174694307939851 -0.0323521612338214 0.0625735995881412
0.104449302349266 -0.123315156752207 -0.206940395599693 0.275527891739234
-0.0570008732999853 -0.131968181277087 0.0453619536954194 0.339541012883507
-0.116121345373285 0.0185745810486694 0.166922080174689 0.127055895362125
-0.0342248058603488 0.0661562202218331 0.0971117567588046 -0.0157761365832714
-0.00249187424733841 0.0466307885372365 0.0364834378385484 -0.0216129838606928
0.0104908161917158 0.0267884716676263 0.0286275860114354 -0.00186298542112294
0.0156107493439645 0.00413804954834419 0.0236675769865011 -0.00489953406258284
0.0210469842661514 -0.0117190183158129 -0.0101367919313789 -0.00340460119337221
0.037784229490443 -0.00959433128004278 -0.0430879482522367 0.0155097414206314
0.0582476531618542 0.0320786650665114 -0.0913537889259579 0.0385632627020572
0.0175803909943129 0.0940450683791244 -0.152950859467701 -0.0164491526017954
-0.063298160295191 0.0394178992934153 -0.138975700920496 -0.118868033486043
-0.0218184400799092 -0.0303210889946198 -0.0226514945301503 -0.178661520730731
-0.0519537634954937 0.0589400815310172 0.0401596302815311 -0.0157275431086409
0.00805014270477722 0.0238947222419171 -0.0446420733935491 0.0647955381197032
0.00505794220785016 0.0339615752081667 -0.124186491112831 0.20007632473396
0.00253168034813224 0.0087508525412055 -0.0300898873651233 0.215181870177477
-0.00215627883871861 0.00320345862084992 0.0620919161467884 0.125236838619188
0.00159237244610738 -0.00332809365210906 0.0518028678335209 0.0378437254499275
-0.00889285070859981 -0.0147713324246638 0.0381842194067187 0.021776743494878
-0.022701199335355 -0.0077180052149818 0.0399420036129157 0.0148554344836734
-0.021046683539924 0.00116750097348079 0.0148159215248285 -0.00288816369754522
0.0261387687678512 -0.00143040579007378 -0.00953098506980894 -0.0039040548072158
0.0407956409241543 0.0128109328560352 -0.0243536867888301 0.0138143395434095
0.0421008898323301 0.0705364594244448 -0.0682374309979977 0.0506664573693896
-0.0452635501907499 0.104565105512931 -0.165308866732427 0.01025489791513
-0.0446376765997255 0.00904941106680864 -0.185417296524633 -0.12579986345253
0.0267798534055296 -0.0863513776819862 -0.0390156727634657 -0.223995365493529
0.120826722934566 0.00296187042110886 0.020194845279014 -0.0145438924194377
0.0485213345427268 0.00226328671147321 0.00764624994403736 0.0885053538803914
-0.00872579221501263 0.0425870922888844 -0.0625049674270563 0.150005097152494
0.0211803540137406 0.0310217516433034 -0.00256427836321172 0.165050138940408
0.0249779096804736 -0.00452292860429305 0.0551692677939026 0.0954805195739749
0.0201236745387483 0.000605841926589054 0.0478730411290704 0.0294938816358856
-0.0172259817014963 -0.0324399760383289 0.0335228110653377 0.0125536731614098
-0.0356200886178754 -0.013334218455893 0.0276772655154473 0.0083886005638973
-0.0299607757751493 0.00426715995404845 0.0153824895201498 0.00475669509229171
-0.0177838250636089 0.00797257442924212 0.00877961708194458 0.00160448970684241
0.0261315396757242 0.0316773077601142 -0.00151527184754386 0.0270032419816804
-0.0107108024740196 0.0193732667838673 -0.0557569204522316 0.0676435992722973
-0.0279538750067199 -0.0142267889237842 -0.170130395839638 -0.0234228132224347
0.0253106278563539 -0.0417252214856526 -0.135653178111522 -0.176389095177184
0.0587236215339743 -0.0726307999735917 0.0242431746957637 -0.217892729571288
0.145226827581124 0.0177812023167449 0.0157571039229664 -0.0901669977884618
-0.0196258044889552 0.0709248887195005 0.0595701471628965 0.0696072278374176
0.0116327089343497 0.0565079449337354 -0.00430267129084527 0.101868538336087
0.0348586388656339 0.0273204792002719 0.0156544736294807 0.127205269098062
0.0146010262158511 0.0340804392087932 0.100627945801179 0.107475359034456
0.0235911561413962 -0.0161281232241251 0.078365193485055 -0.000778130808396084
-0.00621913079316569 -0.0290076527017793 0.0296560430775377 -0.00803216456390772
-0.0393407454706581 -0.0128612861836969 0.0238290508925266 0.00205101332570704
0.00168951462481019 0.0043102985449217 0.0113977996534618 0.00482885606742797
0.00962351901551126 0.01858864276457 0.0119281182388942 0.0144716805280698
0.00363316806062487 0.042532191176922 0.00499222417580911 0.0478131463186827
-0.0308629013802708 0.0518052740540686 -0.0804726508989498 0.122498652969562
-0.105529206203315 -0.00981146592057612 -0.23344833769007 0.0134546464040675
0.0574647000586357 -0.0606615630022286 -0.112007040482211 -0.223911078011755
0.149989347922015 -0.0802206292599154 0.00768800263119844 -0.335161592286731
0.156309477432653 0.0501326899669005 0.00100886820078228 -0.0733263725263979
0.00955259302980719 0.0549043450225577 0.095822967193087 0.0411272689675967
0.0291113654478827 0.0298718913037239 0.0276037885741693 0.0598877426118935
0.0328313778054183 0.00107323523166512 0.0214785067346519 0.0894806658118983
0.0144295269809632 -0.030671594861217 0.0590491987516951 0.0578921739605011
-0.0040210218070033 -0.0338750716293742 0.0522661186330807 -9.68774878303329E-05
-0.0133641198339399 -0.0293498085852508 0.0224931877993866 -0.0222651081918955
-0.0320355122917558 -0.00986986247927943 -0.00688081416608791 -0.00384251253416937
-0.0350849537227412 0.00522846193725331 -0.0126265537521196 -0.000358951692156048
-0.0336305078763419 0.00416356280441566 -0.00474247053221609 0.00728944451566464
-0.0321713917093761 -0.0138047754546978 -0.0230510956322367 0.0451750947641345
-0.0223138331958914 -0.034628755512587 -0.113183320694279 0.0496942605728811
0.00894761824520511 -0.0660377140613308 -0.182384947089398 -0.109252402524003
0.0831434606624198 -0.0334117824041568 -0.0492987968857494 -0.259480787324068
0.0821405831042092 0.0476851183837358 0.114615554464762 -0.213524345544731
0.0354728353052234 0.0732265917253891 0.0485444046582713 -0.10498333935987
-0.0121908057467922 -0.020380722545983 0.0250714373001206 0.049785265565782
-0.0331836589184512 -0.0237484737260455 -0.1825849081195 0.297433389680372
-0.0531641617489326 0.00795999893675594 0.12372768354693 0.418995082462279
-0.0205096954674543 0.0535588893375823 0.328628425676809 0.12746390890978
0.0201696743517524 0.0316927690078862 0.175945603149734 -0.129594929252161
0.0264254278040626 0.00817219629221454 0.0179140684636226 -0.113406702113876
0.0181691204920205 -0.00722008510708608 -0.012508237166943 -0.0367731567173333
0.00732149728707374 -0.00209046300860588 -0.00581130178859452 -0.0206351265553741
0.00408393578329427 0.000651967411602644 -0.0205383167029434 -0.00510213445583694
0.00846222615375697 0.0108454280183311 -0.052938254222015 0.0276413020640873
0.00197265317206505 0.0175783993226982 -0.106902494066426 0.0293371590462915
0.00332985773762091 0.0100700730605201 -0.13482296090069 -0.0652174102882318
0.00308132158650468 0.0162671354774444 -0.0567639394890479 -0.14572997726481
-0.0189191145669633 0.0269855908643856 0.0261995361366346 -0.118282173000483
-0.0528829173095614 -0.00401088249678284 0.00643018231748508 0.0185468575549055
-0.00602766009033556 0.00825888337496429 0.00605988278778082 0.0622321779916232
0.00146450826891846 -0.030039248102634 -0.17744555965262 0.153490726186582
-0.0497833120649889 -0.0521495842982078 0.070678206860842 0.400787429496001
-0.0658521969320275 0.019451098559862 0.148515922758942 0.171365067988339
-0.0162507231920981 0.0555311129345024 0.126703542348245 0.00877374060053364
0.0231551653247958 0.0386613585916949 0.0370213423136455 -0.0385310644776004
0.0285129913898144 0.00907268081395488 0.0300879591134048 -0.00388452672892573
0.014879531963126 0.00266062963374417 0.0336285771877208 -0.0104231261713054
0.00875933148926282 -0.0166970414696954 0.019799277305581 -0.011642327870371
0.0134865305468177 -0.00790631946639533 -0.0542313062742387 0.0293670363724673
0.0240487791284658 0.00726777758549349 -0.114386581409671 0.0375782657675535
0.0289636732379404 0.032958701826843 -0.152043638373978 -0.0560298773558762
-0.00677558130301161 0.0436108680312008 -0.080441027902919 -0.141681747723917
-0.031717019608119 0.0283801903740434 0.0191732389898494 -0.126112423536434
-0.0318622595190568 -0.00743642702041595 0.0196255964076626 0.0325049675848742
0.126062902811518 0.011298497821609 -0.0043650091158741 0.0615398521365997
0.101756694461623 -0.10813313072928 -0.223687618799318 0.281666323798788
-0.0473406995214896 -0.128186743617734 0.0523568157034362 0.390024961891242
-0.121884622501152 0.0112553926128856 0.233657171923291 0.153160030590113
-0.0399963052675182 0.0738715770860824 0.139264776372045 -0.0499676662511682
0.00755653943939812 0.0563406811735715 0.0373297323384102 -0.0563283633303204
0.0210319653840385 0.0270360252115313 0.0173289411046423 -0.0175921092687863
0.0179487397567999 0.00501591754783471 0.00582837126868377 -0.0164008042608103
0.0122000280968312 -0.014225163322296 -0.0209053351921869 -0.00328551016964593
0.0246062343026157 -0.0185950991137845 -0.0542415244525818 0.0241377943842184
0.0474230753947584 0.0092931198819781 -0.108097078810528 0.0383957328396845
0.0438526612726251 0.0601921211237128 -0.156060649199563 -0.0391289206413044
0.0231299291367527 0.0591592532407496 -0.0844062477543419 -0.0780013675785141
-0.0377598142886001 0.0547993883915094 -0.00404757323972628 -0.150683185348696
0.0065668690690118 -0.0115200893696617 0.0285396168806468 0.0258501955881462
0.147776366928346 0.010449079237737 -0.0292516887163226 0.0574757201538905
0.0989897247426443 -0.128126411746944 -0.199316749486489 0.27173920503749
-0.0635832964652137 -0.129827176786239 0.0512854673756427 0.329918458843162
-0.114088252300852 0.0247366770722305 0.164274448375549 0.120791646042561
-0.0301609226460011 0.0681453173107056 0.0899535196118917 -0.0140055995375069
0.000218639120315268 0.0476324612695794 0.0346102063828737 -0.0199405657195804
0.0131499218012821 0.0258486947020538 0.0276616252913856 -0.00267972321946387
0.0171201767135378 0.00308153291400929 0.0215738912658464 -0.00622203151588075
0.0207739371079682 -0.0133898404188478 -0.0158551068429635 -0.00313250105069038
0.0376524006651782 -0.0107951353038138 -0.0452762079659331 0.015316766677719
0.0592774636961503 0.0300175362882707 -0.0906413535808355 0.0375952218167586
0.0214005801646919 0.09392026340787 -0.15089978472731 -0.0151173525175977
-0.0636888220392817 0.0417536776913204 -0.135892686115351 -0.116142828930613
-0.0230046467735802 -0.0320111417484747 -0.0234176540889175 -0.175663232097686
-0.0434861973440436 0.0599599450035077 0.0173450532056133 -0.0390268935446037
0.0151739037255698 0.023513876597525 -0.0415747113284376 0.0601545817961158
0.0114813804185933 0.0292493852384763 -0.120959106426946 0.20862054350377
0.0018210589094442 0.00294482439210421 -0.0298642082745021 0.213594555674549
-0.00644008145485258 0.0036909511761349 0.0611743978959664 0.124786087455317
-0.000513621494229936 -0.000298883718244225 0.0518326768932344 0.0398751796163782
-0.00973024999157438 -0.0119239244897352 0.0394226190829495 0.0220494322371467
-0.0217541675743863 -0.00490121892771428 0.0403876086657815 0.0133134169552647
-0.018164342521836 0.003145437076995 0.0136546532594004 -0.00357255600637872
0.0269869451537475 -0.00318118819319599 -0.0120007682117837 -0.00454937248304113
0.042217315814397 0.0120051678698886 -0.0267770562104674 0.0120391256063427
0.0458252652313628 0.0694857028184331 -0.0671631166783483 0.0485956090648234
-0.0402302952026012 0.108359204717113 -0.1618813810698 0.0113072243426237
-0.0477022070251677 0.00925227514060288 -0.182538138057895 -0.120816579748867
0.0227467090026414 -0.0891539104414118 -0.0412461735426323 -0.219627226893932
0.12178984107093 -0.00445339038399137 0.0223407766838343 -0.0138835120548915
0.0201518524091785 0.0151480941560589 0.00849440868940048 0.0831372904856359
-0.0148214271767029 0.0112304750125698 -0.065453731155272 0.145327290954822
0.0195338851041878 0.0249412754296492 -0.005473755894895 0.163128923119338
0.0204427387417222 -0.00376414643159637 0.0525161946846701 0.0967849302624234
0.019199779671411 0.00408525241015615 0.0481938563954405 0.032534074997423
-0.0183574197825407 -0.0294965251520138 0.035095887609818 0.0138767171798233
-0.0338106874052309 -0.00990008940044733 0.0287406775163544 0.00827527467801219
-0.0258868970453894 0.0062405660092203 0.015173516034006 0.00348508821464685
-0.0147611797157573 0.00989063363413148 0.00705708219773553 6.01492826586173E-05
0.0292529834299774 0.0325741567395708 -0.0030412578312328 0.0242473353339318
-0.010747672324948 0.0233878128006945 -0.0537791337194268 0.0636115452244032
-0.0330186775507767 -0.0113856679947983 -0.168634045973363 -0.0216562421777882
0.0200292985451716 -0.0460397161999683 -0.136513439698906 -0.174225969072271
0.054861762223309 -0.0741823862051695 0.0229712332420852 -0.216848804862464
0.145736472888649 0.0109929267973157 0.0136817626734992 -0.0861626744520997
-0.0115910505573332 0.0701268252702328 0.0571405574781046 0.0600584937960108
0.0155426111175541 0.0509764113925209 -0.0101866718839034 0.094955257323865
0.0330435868995683 0.023211093540759 0.0205838691721987 0.156307808699046
0.0154502049298712 0.0352422866893804 0.0985851511645057 0.106138046613658
0.02257325464028 -0.0147829179973801 0.0777999288144943 0.00147275214366237
-0.00712836105213079 -0.0278460367491168 0.0294089151344738 -0.0021832809235283
-0.0371240090231432 -0.00922675383893856 0.0252486288239879 0.00138612205460448
0.00371631538945125 0.00443541160079255 0.0128948710016709 0.00555766912986362
0.0124426168715607 0.0185552352944966 0.0114510695413076 0.0125948089782311
0.0072243640501836 0.0432031745764181 0.0067066013998918 0.0468705293677431
-0.0274645972612573 0.0534183279798839 -0.0741794877291621 0.120184764586873
-0.105884481044977 -0.00264401792448439 -0.225808557296413 0.0188189166918452
0.0526070922038879 -0.0663943388263721 -0.115795215337385 -0.220709878672515
0.14512734287785 -0.0868916880455908 0.000147265450660969 -0.32970372166472
0.157712608019027 0.041801065216407 -0.000192260097496723 -0.0691629331316932
0.014261565664529 0.0527491056004163 0.0896008003527657 0.0307647043056309
0.030481739301921 0.0252696329154529 0.0189051395846436 0.0538887757591321
0.0309105296302899 -0.00137743902715654 0.0149445214633782 0.0911778820787867
0.0117664032044069 -0.0282358107689273 0.0560232512377264 0.0629473845521147
-0.00476194365869958 -0.0316767173977042 0.0533467171990543 0.00423496438270444
-0.0137088682632432 -0.0278749256623919 0.0241698298444822 -0.019397253362494
-0.0304507438515744 -0.00715779193258462 -0.00415142452079704 -0.00130685510252098
-0.0320196165698276 0.00776808536298394 -0.0111127270038686 0.00125849917215578
-0.0310728190721055 0.00741891982714395 -0.00431454733931473 0.00713177145568215
-0.0317406164128196 -0.00980010607081066 -0.0223077667965971 0.0440423116787426
-0.0259143484182287 -0.0314287426633864 -0.111158196049974 0.0508063151849554
0.00349822528710521 -0.0652764905802846 -0.184695074938376 -0.10556861844889
0.0804775271464347 -0.0387310601918308 -0.053586078992385 -0.258714902336049
0.0856715129898563 0.0438511167220735 0.113800201879838 -0.215989599545957
0.0391517124527471 0.0719402916478891 0.0446622497321141 -0.103713060389375
-0.0129521489631728 -0.0197989500159408 0.0264414317866238 0.0443016137402377
-0.0331296094264988 -0.0217106262955363 -0.178905137856736 0.294533133142487
-0.0522845940858821 0.00911869580311419 0.128039780352766 0.412477947404079
-0.0179928713479088 0.0528283618649338 0.325635991873391 0.118406471899303
0.0206636695803139 0.0299243753371596 0.168594160435567 -0.129198428072158
0.0253158633233062 0.00647987015363003 0.0135470018977591 -0.110524580999933
0.0163384686001997 -0.00777971047775551 -0.0143569233766867 -0.0348602447177212
0.00618350457092338 -0.00187731846331182 -0.00821741017643741 -0.0198372237156874
0.00262480344141708 0.000963748123454985 -0.0235561535328248 -0.00444030841533206
0.00780434641665823 0.00989658246295674 -0.0541169249147004 0.0272701865155034
0.00253707893235416 0.0164787422094217 -0.105740763764626 0.028511363210047
0.00395319961589405 0.00928294963727265 -0.133413245371477 -0.0655518700687156
0.0041714871831339 0.0167029873181332 -0.0547489900210921 -0.146425556728549
-0.0178161554103784 0.0284640042302938 0.0288592572708054 -0.118041187093054
-0.0534862498785744 -0.00141140058021854 0.0118177715039384 0.0184794460484951
-0.00387893136330957 0.00956259825927622 0.00569574882564661 0.0566790932166094
0.00229796899497977 -0.0292897643076547 -0.179669793279971 0.151912476786947
-0.0505971955022021 -0.0510735284679476 0.074746931544416 0.393700730960325
-0.0652789827955194 0.0219924770633185 0.135160942743907 0.188558176222989
-0.0142225989247222 0.0553174185481875 0.126620567064009 0.0082495233566826
0.0233926243134716 0.0369625285380635 0.0364023578990616 -0.0377851978394798
0.0280690144847069 0.00804095133811784 0.0294934288196684 -0.00559366304938337
0.0143523093713102 0.00171204782191746 0.0303466137544165 -0.0123158296855672
0.0076869366156325 -0.0163982360320849 0.0153608365941468 -0.0136541121377636
0.0124001000717921 -0.00871431952768726 -0.0561928944738146 0.0296419286008147
0.0244403257407375 0.00616882184737039 -0.113953923798653 0.0367780874126596
0.0302500447629654 0.0314625751060566 -0.151343589433619 -0.0560014567754722
-0.00558714307765599 0.0439366629035025 -0.0782577310822809 -0.142974991654326
-0.0306002625971439 0.0287278215517149 0.0216296584246106 -0.1262730056151
-0.0320535121141966 -0.00653870438629799 0.0257365154559135 0.0317894636935852
0.126613459128777 0.00739133822275745 -0.00262655705813141 0.0559623007491162
0.0983754046767599 -0.111375756423768 -0.220902962685971 0.279008395680544
-0.0517118650706585 -0.126809258607051 0.0563196456380068 0.383034692471182
-0.12096698079787 0.0156743839745178 0.230209475973056 0.146622216447539
-0.0371746207324935 0.0752653701592119 0.133428433152798 -0.0496530236932113
0.00984273699442089 0.0555438817860448 0.0348448498205121 -0.0542048638078884
0.0223550806720221 0.0254753404440548 0.0156285301261995 -0.0173563607805148
0.0185166383031034 0.00394440267463919 0.00312406292064017 -0.0162758924593521
0.0116232045267037 -0.0150817498734082 -0.0238664585798568 -0.00263039859648165
0.023492600102394 -0.0192223687337551 -0.056842366527768 0.0241103679105951
0.0470471352362759 0.0084373127588599 -0.108306558065027 0.037925282332894
0.0459397260947065 0.0587878034961776 -0.155610942624769 -0.0392942537785149
0.0225532356735258 0.0566092042820745 -0.0792124302481883 -0.081676480003156
-0.0325335825483287 0.0566721797524158 -0.00171283851895959 -0.150885156300386
0.00721449116442064 -0.0128458160084865 0.0340266355638624 0.0246462401819026
0.14849273931563 0.00439302440775006 -0.0274856138676113 0.0521884741092421
0.0952758502048499 -0.132817381803025 -0.196052715207971 0.268190275980062
-0.0688526535719917 -0.12915275097269 0.0525874549741226 0.32315402316411
-0.112062506984898 0.0299018965718856 0.160985725174032 0.116822316463489
-0.0266265630112068 0.0696669562276248 0.0840802368378495 -0.0103938589344696
0.00254160116179939 0.0480048621796969 0.0339536262675514 -0.0181233069157263
0.0148544791176699 0.0249947834422243 0.0272412923533884 -0.00329210148111096
0.0179433212624094 0.00195262412498229 0.0161982046292623 -0.00719064486415641
0.0204824142181992 -0.0148022878026267 -0.0190968097930569 -0.00263132309644497
0.0378759763717782 -0.0115664204264928 -0.04792190994133 0.0152061496515229
0.0603199410038041 0.027784760472364 -0.0909542426781597 0.0362596905861261
0.0252539597454875 0.0941919948315063 -0.150794252935572 -0.0165806691331637
-0.0644324878342189 0.0435089447981813 -0.13350067253155 -0.116304439607115
-0.0242553671362672 -0.0326487426182826 -0.0220062299814151 -0.174384989878324
-0.0366144189242922 0.0661385503375979 0.001525146624802 -0.0426253530089895
0.074800005937111 -0.00647340991956155 -0.0405186480339317 0.0522212506328196
0.0170369236904018 0.0244243425428152 -0.121433977233322 0.187956240694489
2.09713494243292E-05 -0.00271354481546112 -0.0313074052057957 0.213253685346336
-0.0105785131565331 0.00434510150788211 0.0598149373484707 0.126083020608422
-0.00182478133899053 0.00254819352951315 0.052322569787523 0.0422723373074184
-0.0100989813000023 -0.00941712752148052 0.0408662041978865 0.0231367850239674
-0.020450261719066 -0.00258832939070196 0.040903564913823 0.0118686839309366
-0.0153860870071792 0.00441209767305163 0.0132068685748953 -0.00422446031779116
0.0274856867061084 -0.00451218460068495 -0.0145576899989948 -0.00375784864121417
0.0439217174231339 0.0113872868947884 -0.0294021882796403 0.0108384235475592
0.0487211945664862 0.0689260244791724 -0.0671043238468897 0.0463529083910532
-0.0357318214516552 0.111388641248516 -0.159227015458354 0.0111876016666156
-0.0499489282332295 0.00956001318122671 -0.178825664988646 -0.118766308075456
0.019417199753807 -0.0921487882039557 -0.041829006878275 -0.216456907743076
0.122887716256761 -0.00991083413467841 0.0252623750725616 -0.0133633614580437
-0.0148274246242055 0.0698110812423245 0.0107866444176144 0.0786795322042922
-0.0118248572675955 0.00908597788746693 -0.0693612996233722 0.140046835439499
0.0174938493576801 0.0201027711238208 -0.00951577972983103 0.162466316052731
0.0162882707256386 -0.00240605830553358 0.0499664655563693 0.0994460578629138
0.0195466262236188 0.00730407729808856 0.0491415860713187 0.0358808424315811
-0.0188751792412632 -0.0262534729456754 0.0369328498935639 0.015295021791701
-0.03196460962215 -0.00681752003745818 0.029547339391977 0.00788643609623163
-0.0233649906458865 0.00828121724016775 0.0150616301404194 0.00197948871814918
-0.012123597402585 0.0112796810007643 0.004970405045162 -0.000707360487909655
0.0235407671109088 0.0233034392913562 -0.00397907936358128 0.0224463484515501
-0.010140622078576 0.0265701224922607 -0.0558514184843959 0.0570260851359845
-0.0377038233383785 -0.00786463480975749 -0.168252363225525 -0.0212823646139249
0.0153011363878249 -0.0506605533362622 -0.136216529164537 -0.173781706543518
0.0504364466784182 -0.0684451287698438 0.0240314375187496 -0.217671821768226
0.145714436779661 0.00420142703957164 0.013157890427728 -0.0822783490337944
-0.0045652323534045 0.0693946035471621 0.0533971975717796 0.0523510525172734
0.0190482494243865 0.0460787085366796 -0.0173945735174195 0.0897556115788396
0.0307647365069046 0.0191202926142057 0.0173620331911816 0.150760456306013
0.0160136753810604 0.0363555547706116 0.0961033929073983 0.10677437352428
0.0222491393096257 -0.0133753749366846 0.0768202133094198 0.00409579019268532
-0.00729078289128168 -0.0259393266613063 0.0318327257579071 -0.00109221866892464
-0.0350376008144752 -0.00645018056279676 0.0273831985449268 0.000898044676540628
0.00559967928673347 0.00401183940956562 0.0095008902060883 0.00122712087411832
0.0148372242945634 0.0183806339632874 0.010907395354245 0.0112846708030852
0.00988732758269527 0.0450514086946086 0.00725574067370617 0.0461617836812443
-0.0243369979641253 0.0538083547769121 -0.0701290544703866 0.117949428132333
-0.10657474710808 0.00295703416320321 -0.226123291536941 0.0238320334565962
0.048534492567914 -0.0712030412832665 -0.11529135993498 -0.222069308563353
0.141251713795107 -0.0919562192005558 -0.00391001754983476 -0.326128822989018
0.158890246321194 0.0360130454855722 0.000584142254057812 -0.0657949965858776
0.0182559519836487 0.0510924872329265 0.0827765446155679 0.0226797438679272
0.0312063081092217 0.0218281507818494 0.00922172471302537 0.0498605479254816
0.0286305614579835 -0.00347300380351014 0.00828365914552059 0.0940484411219578
0.00900776078259876 -0.0263563666620425 0.0534455245125909 0.0686864483811167
-0.00541294443535524 -0.029660917497706 0.0555215231558246 0.00847649285101485
-0.0144524390221668 -0.0262525326251537 0.0258376906284989 -0.0165792016690201
-0.0284326893511669 -0.00512025858563587 -0.00160718615930756 0.000507946354381551
-0.0291139772303484 0.00964368757246304 -0.00892323935849328 0.00244310804454894
-0.0285600488624057 0.00958939548240623 -0.00425711962333549 0.00771257405201943
-0.0316159375889855 -0.0062323982817279 -0.0212372263403388 0.0431575351644011
-0.0279499623589186 -0.028383581937791 -0.109603969689992 0.0519680512559556
-0.00137270875057215 -0.0645516581995575 -0.186322685589828 -0.103734704929759
0.0785408497012375 -0.0435092517646973 -0.0567040418592378 -0.260187485147842
0.0883529474766615 0.0401997294079233 0.114173851599274 -0.217249369252092
0.0431951268754619 0.0700235082373844 0.0418145382223203 -0.101991515530651
-0.0155383545012297 -0.0194430312607339 0.030245542627427 0.0408083776177556
-0.0324865625195977 -0.0193434650167128 -0.173463824874359 0.295812012632395
-0.0507234547414166 0.0100598103420144 0.132961642466158 0.406785438867288
-0.0161831074913637 0.0515636514673427 0.324210089351216 0.108907776136934
0.0186851009386066 0.0319873225284216 0.165023614973115 -0.127001760133562
0.0277679087883121 0.00899944538796797 0.00977058885195128 -0.105320645456825
0.0146383927224438 -0.00959343191637264 -0.0179448369583636 -0.0350766549598692
0.00722421324114386 -0.00178091444617813 -0.00968366397116116 -0.0209289357485634
0.00672657251085998 0.00241751071920768 -0.0235482780551006 -0.000946936935494747
0.00795883437533085 0.0116068413226774 -0.0588901340065846 0.026584851765289
-1.67121150643412E-05 0.0174125067784618 -0.104317503563384 0.0258290390961613
0.00200641013226815 0.00914592548426468 -0.132821574303182 -0.0669657038409584
0.00709159983599121 0.0186306119713071 -0.0495290915848485 -0.147425154553098
-0.0175608429528945 0.0328859724597052 0.0303754723135627 -0.119435731477827
-0.0540004026791641 0.0046211015002193 0.020803808542404 0.0185994033070679
-0.00131654239441309 0.00932746702795783 -0.0359596765088349 0.0925277263249996
0.0014124285515101 -0.0277366901039173 -0.182276724448542 0.151784091460146
-0.038947098835497 -0.0378944905888926 0.0514536504703443 0.333917727992735
-0.0752543229300414 0.035502454980148 0.1413687303657 0.187846715249246
-0.0115012184430533 0.0564702528371735 0.127124637540929 0.00579830866901347
0.024462703786536 0.0361638022914476 0.0363130320624498 -0.0386909446401018
0.0263990590132516 0.00642293657683574 0.0180569396944542 -0.00820482635446748
0.0153813465584079 -0.00237618580637691 0.0282740483614169 -0.0136603520578101
0.0075931792152013 -0.0103704650948759 0.0109203634716775 -0.0161475995917179
0.0116433636696669 -0.0102002992763797 -0.0577775705604673 0.0315088672312652
0.0243622518731316 0.00561219939090796 -0.113996939226823 0.0367957868684968
0.0315084833479612 0.0307074628639951 -0.15162803738335 -0.0564900426149521
-0.00423822545839827 0.044035192209278 -0.0768651729043197 -0.144603416396102
-0.0299696748182404 0.028648414073164 0.0245104449604982 -0.127690603334929
-0.0319203213692755 -0.00512480545375306 0.0311938324873453 0.0302005768385298
0.127821988920588 0.00282097286492166 -0.00160321791703255 0.0505957990328966
0.0969412990575674 -0.114776793237738 -0.218404187106584 0.278360251844368
-0.0573088526268138 -0.126169589930582 0.0610425691572191 0.379244482079028
-0.120636202803016 0.0199116870706381 0.227696919741615 0.14076606948388
-0.0334692293345984 0.0769727496293885 0.129348283277887 -0.0498660720503607
0.0113416566040561 0.0555349108779048 0.0332327972575295 -0.0530968254387275
0.023583857301171 0.0252270894067002 0.015379055109538 -0.0176512773396684
0.019183294598421 0.00283544537400201 0.000541808358959176 -0.0164633725751922
0.0107998992892734 -0.0159614533857862 -0.0270927599227031 -0.000773379696391774
0.022620790851767 -0.0194596623840393 -0.0588576134795914 0.0249641106970684
0.0476277592433319 0.00722001914585353 -0.10916945617042 0.0373845216731848
0.0477789158820492 0.0597562509635812 -0.155144212959135 -0.0392627913317826
-0.026092258368878 0.0648601783597923 -0.0710729275520756 -0.0874552813164728
-0.0164684556969127 0.0651490339658953 5.78607639223825E-05 -0.15460670906507
0.0073776793108999 -0.014571536604911 0.0392021496436176 0.0236688796686547
0.150783055721354 -0.00130243054747076 -0.025519305905931 0.0466131669981435
0.0910451443004202 -0.137576804800737 -0.193408453836394 0.266506507166462
-0.0751823508427217 -0.128388984839611 0.0541842200087261 0.318549597260746
-0.113417475928283 0.0336293415656395 0.162949807299583 0.114823678270349
-0.0264018291899782 0.0737258802795155 0.0814037241572905 -0.00848683452943462
0.00448460656686511 0.0490965939839928 0.03373906204778 -0.0166926764574736
0.0171202462681001 0.0229195435728681 0.0275340366824059 -0.00359601269733398
0.00609672483360786 -0.00194524301931386 0.00672346537600353 -0.0104188265808048
0.0200532748353837 -0.0155039571555101 -0.0173772296384553 -0.00178587723630714
0.0375483199439045 -0.0126254974598116 -0.0512928749910029 0.0150648134755571
0.0590161323620769 0.0197172017698889 -0.0909417048940042 0.0362806553379967
0.0290996043527469 0.0948913516327579 -0.147473107251168 -0.0158143467730611
-0.00329049971256284 0.0466501492560443 -0.13676905734693 -0.113827292027829
-0.0333954235199323 0.000356608584986103 -0.0239867640260399 -0.171475594845375
0.0296459833199253 -0.0180570027000275 0.00418392389394207 -0.0308216268144255
-0.000485791581915289 0.0683744261263267 -0.0394528896706464 0.0534933896772412
0.022163583769809 0.0191063639558225 -0.133870153019056 0.164403065949546
-0.0010192506720486 -0.00786392263814475 -0.0339573397586082 0.213702985683645
-0.0146700568187677 0.00526784711053813 0.0594365090103185 0.128296905264509
-0.0024543732213814 0.00542124067326153 0.0530739732369145 0.0456116943332881
-0.0117948856587394 -0.0063634346154061 0.0432536630816696 0.0248272138074253
-0.0197356206775196 0.000458801881889745 0.0423020001448637 0.0110404473909346
-0.0126769611896373 0.00573199253202559 0.0116744259524605 -0.0061019463877154
0.0267220266594016 -0.00492075763473561 -0.0164076670749458 -0.00370113465491427
0.0453130899682849 0.0121613950244597 -0.0308421321941798 0.00929712774486834
0.0548445931074291 0.0679177396293572 -0.0680529996744646 0.0421796306164531
-0.0315102084869107 0.113949678875854 -0.156761175011788 0.0116666123263337
-0.0749040213745209 0.0062960077706785 -0.174800079218208 -0.1189455838805
0.0161685264547268 -0.0962805426508498 -0.0432575572239597 -0.213729428621886
0.123969079210604 -0.0158284159163379 0.0293638582699636 -0.0130078483333747
-0.00445044824283294 0.062897393173803 -0.0114295958914025 0.0672385856590632
0.0149654623082536 0.0412081600860894 -0.0714919457187551 0.133140551279913
0.0155868417279266 0.015038491274009 -0.0125955644055746 0.161948093840743
0.0128118966546348 0.000402634622383116 0.0484780496105393 0.103795286483113
0.0200534739986371 0.00362163196213362 0.049147278963496 0.0388104634664531
-0.0199797531004911 -0.0230239072635083 0.0395772068382655 0.0170889733576694
-0.0300514441368762 -0.00436152335166377 0.030357796997965 0.00754666928499258
-0.0185893029823481 0.00730812091275115 0.0145580558851553 0.000766922528593377
-0.00821484121254687 0.012110547441024 0.00396920549071978 -0.00920587580053354
0.00984398174491409 0.0167336765767612 -0.0041143818331929 0.0220107583536319
0.0104414237700912 0.047461431083368 -0.0654393671698608 0.0477291760615307
-0.0420178164910664 -0.00377974798924957 -0.168440218864124 -0.0201197312643669
0.00984691224682639 -0.0537836286754671 -0.13753422037499 -0.176247904586826
0.0694037632148522 0.00458922959506138 0.0251290173674362 -0.233398735203792
0.136212943811133 -0.0025589482831436 0.0152357357628462 -0.0781015096257366
0.00262244445264217 0.0678794219297647 0.0491948558624164 0.0447252739762211
0.0222943590437393 0.0405765401625547 -0.0265540421971057 0.0863043867817128
0.0277932168680952 0.0149486103290635 -0.00173410196043215 0.124171622107578
0.0183305075680335 0.0356539802849418 0.0952543925351797 0.107697381515895
0.021672606072245 -0.012669813449118 0.0777688175891278 0.00538541718585071
-0.00750736981469524 -0.025391651640239 0.0407132415180497 -0.0107610048117418
-0.0358312932723992 -0.00609915827441659 0.0253007695951993 -0.000386456683757045
0.00852911531738543 0.00426640007664826 0.00443945539484158 -0.000766208708682272
0.0185168153520765 0.0188414451853923 0.0104694172036589 0.0108929463628072
0.0120658658716004 0.0449190605170416 0.00815657590384244 0.0476148336321085
-0.0278959987473884 0.0698661965387055 -0.0657132881362036 0.113295353510668
-0.0483905739812375 -0.0438191610898408 -0.224125739748739 0.0300594441876659
0.0437717867483703 -0.0765347258253412 -0.141844567994889 -0.205381553122209
0.12874852646655 -0.0924651018072774 -0.00527119546035964 -0.321889961631757
0.157215556859469 0.0294856592889767 0.00573817863652661 -0.0643184631799596
0.0223539449160883 0.0490797982625869 0.0778442072362396 0.0157056079583863
0.0321726592885465 0.0184299144197517 0.000678136103067255 0.0486191419836609
0.026890013563432 -0.00512672942181335 0.0026512719729857 0.0987155514564115
0.00691695535534544 -0.0236733663751843 0.051995748246963 0.0749144096015046
-0.00608663416611821 -0.0273882312679583 0.0587478952490266 0.0121781453383459
-0.0149910797729144 -0.0251014674534994 0.0292867405117607 -0.0145290007171742
-0.0266408790509945 -0.00402277900700619 0.000240876600201753 0.00257045865608553
-0.0258573929553041 0.0109343030348641 -0.00776299736518101 0.00314472577629938
-0.0267668224680152 0.011031952354549 -0.00464565691696703 0.00742555003254623
-0.0310015747695015 -0.00329917775509207 -0.0209939691229373 0.0430699960254926
-0.0300030732403687 -0.025347656633337 -0.109338816945946 0.0524956697296738
-0.00540451726691949 -0.0641216449043449 -0.189786882693567 -0.101633619839452
0.0758233136392068 -0.0476742357580457 -0.0591596896173423 -0.263152322716373
0.0920375209906882 0.0364558721192711 0.116322754087612 -0.21984861405591
0.0469609761290782 0.0685876373365807 0.038570764484582 -0.100418165283979
-0.0100301368582221 -0.0248447309906422 0.0184162450217453 0.039873707957321
-0.0277571024680535 -0.0321478750243932 -0.232079416093041 0.247433804286346
-0.0584692527589223 -0.00226838383372355 0.0460529979126021 0.418319310039652
-0.0270385201409817 0.0476534165345657 0.289676216781299 0.170680108340036
0.0159570633671835 0.0327325660473662 0.176129731575137 -0.0964388449974499
0.0246602556675625 0.00905517800135977 0.0279514728662538 -0.0993932452725591
0.0111950802311021 -0.00943359325048676 -0.00676875787716922 -0.0366565943615354
0.00423514255715174 -0.000265189695152571 -0.00592636244406954 -0.0189270815671515
-0.00251857542811832 0.000938677787763601 -0.0259308616302694 -0.00555648893609574
0.00153740404311887 0.00936175010694439 -0.0637449243210464 0.0196241406729776
0.00258696616294279 0.014802378521265 -0.110044545983321 0.00372402355490029
0.00288084975954802 0.0121484212816323 -0.114159020930365 -0.0941711521550519
0.00408057996276894 0.0180197947795242 -0.0207324898169251 -0.161391788890956
-0.0202864445265548 0.0329844367462301 0.0617838275530275 -0.11044273545984
-0.056121436739141 -0.00545279518249091 0.0170809716129062 0.0267066375909045
-0.00393800047486746 0.00976340779971125 -0.0493960978832301 0.081038482323297
0.00918337702867067 -0.0292806291178815 -0.213217498189359 0.110903983254394
-0.0332935695011038 -0.0473215904477012 -0.0144116312539564 0.333608440125705
-0.0814149270321124 0.0188429396164704 0.0998641122264836 0.213582945710322
-0.0229756230233881 0.0519215690488911 0.123919453934546 0.0302799979587228
0.014578488397244 0.0393756470501352 0.040803469257399 -0.0291735357422184
0.0249776059216017 0.0105021535288032 0.0172145537647037 -0.0033366420133616
0.0155584333220213 -0.00174869376306069 0.0270550134821269 -0.00847470708141101
0.00689470126763676 -0.00894879587193805 0.0106234334195491 -0.015995310083541
0.0119814335223239 -0.00677708418721841 -0.0654312744775925 0.0161897649753301
0.0220186625887036 0.00923416228748187 -0.118725566195531 0.011170990798243
0.0237650193788962 0.0359416808861821 -0.135308757096673 -0.0888504603779253
-0.0151135668486777 0.0418477877808161 -0.0447941091456943 -0.159865427298273
-0.0358305963197729 0.0208827616689145 0.0540390109860422 -0.122614469513242
-0.0300631216229894 -0.012053932062724 0.0300984193757156 0.0368230588161612
0.124228996223609 0.02508067657366 -0.00712541330188652 0.0444301595389078
0.110269569083973 -0.100417594366453 -0.263856008119822 0.232742040451429
-0.0391728232726037 -0.135715292841336 -0.0123024071819446 0.376402895144751
-0.122256094491084 -0.00084070027015282 0.192023607214929 0.17604564451132
-0.047167394950346 0.0699334910063302 0.13349013129781 -0.0241129335128099
0.0012563704652284 0.0570312491993214 0.0405734120063894 -0.0439768280542185
0.0191193586636181 0.027586881305491 0.0185322788311903 -0.0138568033662226
0.0185850737819712 0.00540309421279674 0.0018406683348353 -0.0153089607418218
0.0131703402802534 -0.0136129239416806 -0.0287392210025786 -0.00579376053530533
0.0254842651325366 -0.0158733412269234 -0.0647756033552637 0.0115249676263875
0.0450554331572662 0.0161609447161428 -0.112710787073501 0.0127571755128896
0.0331866285468419 0.0687704627382586 -0.142122919120998 -0.072434504332222
-0.0417471514301375 0.0573124769857423 -0.0487934676557226 -0.104620201444241
-0.0287470672662134 0.0576821335697956 0.0352399620698811 -0.154585436702653
0.0117896855716982 -0.0141074087028983 0.0386590964248555 0.0321201294370162
0.147077578179171 0.0250566591344268 -0.0320843730931848 0.0381041587279004
0.109945848879585 -0.123844000014259 -0.236870768589568 0.226554685789186
-0.0572398486127968 -0.14095570477269 -0.00627477301401669 0.315312861120379
-0.117856382438245 0.0132062130178599 0.133061611327074 0.13914719366141
-0.0390287022664624 0.0674277537024894 0.08074845663561 0.00647313934620087
-0.00389822726601591 0.0499495722831503 0.0358340455875956 -0.00920360668193108
0.0140437582140041 0.0245782795345263 0.0278500876867879 0.00250114610767864
0.018639819147844 0.00261755007704939 0.00745168370722794 -0.00959023021473334
0.0226104278546308 -0.012130513350916 -0.0224024413616521 -0.00581192573660582
0.039293605091008 -0.00499690753535932 -0.0552276716085505 0.00318673285491889
0.054989837434746 0.0334228798366174 -0.0951165929558641 0.014682155257301
0.00993939367307227 0.0999436646972581 -0.139049862538466 -0.0463053713062196
-0.023287787667724 0.0457416675876894 -0.109066049726335 -0.140941501641511
-0.0340459819939268 -0.00433108672100012 0.0129242344525128 -0.173602197079941
0.0368952702191488 -0.0116044583165436 0.0418677484366002 -0.00217293265712054
-0.00557940390611129 0.0661224622924982 -0.0471562463431858 0.0410193893153308
0.0221030850634951 0.0169090878836478 -0.167801496024636 0.131473341112367
-0.00439403215172666 -0.0146172102770967 -0.0778266822779171 0.201635695876716
-0.0200589547401291 0.0022940448375611 0.029425617317784 0.137322679392609
-0.00528295106822535 0.00640921900466022 0.0438304106847301 0.0584364919586405
-0.0086075586854485 -0.00503366292791427 0.0385021080326895 0.0319341668250982
-0.0166677265634917 -0.00371292323183346 0.0395841785677945 0.0200831716890441
-0.0116242279995653 0.00369491576179067 0.0107247399843402 -0.00295983975322714
0.0301353041717635 -0.00163904399824111 -0.0188573009353218 -0.00613075902936274
0.0454880354299528 0.0222644090227 -0.0345059905121799 0.00297853469818259
0.040111600483317 0.0780314308008924 -0.0728888721106773 0.0298228528808547
-0.0520340655581517 0.109575721123729 -0.158165688911244 -0.020121579340371
-0.0825016259713642 -0.0120361190823567 -0.148215035348532 -0.153580992823094
0.0339729358055211 -0.0934360565856996 0.00429325678115383 -0.224319539424348
0.126773729308905 0.0077523447061973 0.035335217962027 -0.00523641932913653
-0.0109924182641606 0.0618415204872152 -0.0262131170957218 0.0596837696061309
0.0109111160208516 0.0343296806506776 -0.102882510543692 0.108926528780801
0.00757427968784746 0.0105840100482588 -0.0522881521768377 0.155293878731294
0.00798034955619884 0.00181042090080993 0.023479295840422 0.113326416325788
0.0150365670892745 -0.00541575885019066 0.0423792386921883 0.0522879880819686
-0.0153233887271473 -0.0247663392658756 0.036920659803246 0.0259284717463489
-0.0267345100768423 -0.00865100453840419 0.0289922077478816 0.013807649715545
-0.00598958073587471 -0.000978292470578025 0.0134169382109019 0.00278713609599134
-0.00861885972184214 0.011201902413735 0.00378501070709078 -0.00859214449756564
0.00486133323108421 0.0205077929562625 -0.0096749679272199 0.0178702144586172
0.000305205632538192 0.0511217166581992 -0.0738940240964054 0.0325520147035322
-0.0436810067812319 -0.00801644739956125 -0.16134072632547 -0.0601000625317014
0.0172914256330633 -0.0563595682632498 -0.0983218229147465 -0.206015611964024
0.0688930433243291 0.0129078762997719 0.0761339653954312 -0.228243852465415
0.137315413756138 0.0249715071380437 0.032374038275182 -0.0730515679469188
-0.00654563546115073 0.0664712141080752 0.0379504642548152 0.0489184204185867
0.0162603047440558 0.039532276051929 -0.0492046535517292 0.0773424987985586
0.0207849819694119 0.0140545576660291 -0.0357308646191303 0.120513206917465
0.0110339892967683 0.0382628998929341 0.0674744458714955 0.125913747470863
0.0237891206426231 -0.00806162534896407 0.0750096361774184 0.0235675690650976
-0.00403878801771606 -0.0243982251373189 0.0473470894033338 -0.00115056199531956
-0.0302788845087925 -0.00954033215632634 0.0205802513029472 0.00581860532898295
0.0074789306553601 0.00479805926390326 0.00630492360879706 -0.00127429221784
0.0163143337320656 0.022968107710942 0.00955727687531195 0.0121723480699412
0.00622178340049659 0.051421638611293 -0.00145668024084403 0.0448400739587806
-0.039392095469987 0.0634794133154073 -0.0860329831099452 0.0974694799308501
-0.0452904844069288 -0.0412659376488611 -0.225019706950813 -0.0185933178844394
0.0571010372105168 -0.0701181588565289 -0.0824257788582791 -0.242686025398628
0.145554272687903 -0.0692420836618919 0.0608302397403446 -0.322663827864335
0.149787122093155 0.0582555968363747 0.0211846453790558 -0.0621016678705462
0.0147270268415776 0.0515900864248123 0.0675886201282162 0.0245883390927353
0.0271712145510448 0.0200030582947729 -0.0181937767029216 0.0442346226746888
0.0231486159144711 -0.00283594638692319 -0.0233528672227681 0.0997228427107089
0.00854022346990849 -0.0186299600105454 0.0340352367706591 0.0893115396936405
-0.00113448265122373 -0.0266833065294282 0.0557423296039708 0.0286878353618516
-0.01004454348296 -0.0257474462783835 0.0349399745048639 -0.00568858967273154
-0.0242590659180631 -0.007723954902135 0.00281165296331391 0.00472293129476209
-0.0260949797873189 0.00733811823490935 -0.00564353977099536 0.00227013526213112
-0.0257069360059757 0.00802591949224076 -0.00606403239144229 0.00699371834849276
-0.0293940563781181 -0.00648083693387464 -0.0306045113302916 0.0363551016451326
-0.0257514373713205 -0.0283413313485533 -0.117981830572038 0.0274527983067871
0.00547476261024008 -0.0612186758375158 -0.167514088630523 -0.14289033429025
0.0820700500383552 -0.0344381821332579 -0.00224823842334977 -0.278475239757351
0.0841850554758549 0.0526062829398535 0.165628381775397 -0.196957440801448
0.0332657702769457 0.0773982923365526 0.061326942225581 -0.0914504728816694
-0.0135641073286555 -0.018132569738807 0.0217094122260386 0.0274618366251777
-0.032882471968661 -0.0262014911178758 -0.220152497665323 0.25035931072732
-0.05081248287199 -0.00147859767642334 0.059164929646843 0.407424517275315
-0.0247883139995919 0.0454614293997527 0.286092978794935 0.156409859447998
0.0136226023034832 0.0262665984372804 0.174193630391514 -0.100116291445302
0.0221871492926111 0.00851366778995952 0.023876298729104 -0.0948595513965651
0.0113777857034688 -0.00891181658438882 -0.00678876695054949 -0.031400458196305
0.00746528421720762 -0.00235882039657109 -0.0130031032216738 -0.0214998001119226
0.00190198633083174 0.00279194445695616 -0.0307971000493525 -0.00543275303763779
0.00149532802419691 0.00807160900932216 -0.064126371445249 0.013927380960784
-0.0016449148364406 0.0108006523330282 -0.108079621717094 0.00250316126300365
0.00414204121196085 0.00804581492013685 -0.117055007579947 -0.0955156417909767
0.00455676220414775 0.0173282910658531 -0.0165181492714744 -0.158148984703527
-0.0214998309050354 0.0256937885311202 0.0595785848312084 -0.108837971021481
-0.0552175948758429 -0.00397836500062813 0.0246107447261394 0.0202771420952332
-0.000526448038157532 0.0099437296494821 -0.0451795996370265 0.0783160849984902
0.0105703250500781 -0.0300775252271648 -0.213733694393965 0.110393755261856
-0.0348639966526606 -0.0474181954553673 -0.01482238156514 0.329539381231097
-0.0794222825201965 0.0212576763484973 0.102866313180418 0.210941987182022
-0.0225290608254261 0.0517884665225761 0.125310340873194 0.0292498385481363
0.0170808797420555 0.0374913497658771 0.0404877069883666 -0.0301735879574975
0.0233881917334097 0.00778070635790275 0.0198343995617112 -0.0037316584957743
0.0133802837932768 -0.00385895651163584 0.0261262244219492 -0.0114755843147727
0.00660488045576319 -0.00916026566919137 0.0061726096267145 -0.0152016680083047
0.0110289173441511 -0.00722635012610497 -0.0656953638243104 0.0180304867327741
0.022576148231813 0.00816389540828877 -0.117480537731542 0.0119487550523063
0.0249280656233997 0.0353188829813145 -0.134366658416738 -0.0879803231391858
-0.0145680154301898 0.0426294589196243 -0.0431377089311421 -0.159987582811294
-0.0351262315929357 0.0220571602484972 0.0553496166537352 -0.123579964951344
-0.0301695373445805 -0.0106406576377734 0.0350645613440495 0.0368022257243174
0.12443857121069 0.0204011330386652 -0.00588406951874786 0.0399856009160722
0.106877213976031 -0.103207074695991 -0.258455661592429 0.231567193389173
-0.0453903247906505 -0.133338029129768 -0.00611309569195296 0.368996220675879
-0.121023494177778 0.00339130727739219 0.189947089608726 0.168999292501537
-0.0431937069447981 0.0707290776140562 0.129454316558245 -0.0245984573154601
0.00417842710850935 0.0563800639546001 0.0382775706127628 -0.0429274017871601
0.0205649570290634 0.0252728801380928 0.0169658272223158 -0.014009332603409
0.0188766704020138 0.00382557303546683 -0.000162073736192947 -0.0150385801380737
0.0118394930115125 -0.0136295139650624 -0.0307287948052818 -0.00335630989803831
0.0237771815028201 -0.0160120877118246 -0.0668472049261115 0.0127459063239955
0.0455145945650211 0.0147774667667506 -0.112630859072425 0.0129136738697597
0.034985795900338 0.0666388783947941 -0.141311345584801 -0.0714586552267122
-0.0417200268205946 0.0579735034046537 -0.0454034651818819 -0.10754805206966
-0.0254217077613318 0.0552718232798332 0.0358923977640616 -0.152200682751451
0.0114060378109134 -0.0147573023650539 0.0439095771473815 0.0305379426474063
0.147999483236972 0.0191227946093982 -0.0302286285624439 0.033626693064476
0.10545777578617 -0.126960314438527 -0.231638758425603 0.224922277327948
-0.0626656288677622 -0.138708819226689 -0.00265910456227289 0.308647650477421
-0.117268352038374 0.0179212029431746 0.1290638573175 0.134559890302347
-0.0348882634107874 0.0691488557173512 0.0747076964088357 0.0109337062827679
-0.000746532428076678 0.0501593201587114 0.0352924096122824 -0.00819494924104235
0.0151851266407819 0.0238400092255279 0.0278770088213616 0.000965595814833792
0.02065571316599 0.00267974002874897 0.00525748788082121 -0.00907910643848186
0.0217645124655669 -0.0136330005905046 -0.0260579726119905 -0.0049536963900146
0.0385721606744277 -0.00621055542666999 -0.0572381827064259 0.00418861170092683
0.0560197743918235 0.0326678524986442 -0.0953013253506533 0.013853488859668
0.0134725856982458 0.0994920330682702 -0.138170021773343 -0.046549019911149
-0.0203768494813579 0.0431320428574776 -0.106397959858971 -0.13895483412135
-0.0331100154073023 -0.00445235060763311 0.013924997738838 -0.171065307729751
0.0380659453374903 -0.013572764687679 0.0484072877385822 0.00666373618749768
0.00209365869561114 0.0677639936998363 -0.0447277484138756 0.0386548342917447
0.0274043708061806 0.0111597905692522 -0.160789434040097 0.171326300637685
-0.00627697170903978 -0.0195675940894659 -0.0755923260279247 0.200135059532089
-0.0237085250340954 0.00445085413654506 0.0295799816667697 0.136839050238265
-0.00633332214541679 0.00853774695532815 0.0449596894869728 0.0575410984293065
-0.0100046544475577 -0.00381266731475164 0.0411628763742353 0.0331439130278051
-0.0151264869734723 -0.000510527398729628 0.0399543483123142 0.0178461665971808
-0.00948459601679928 0.00383119767678384 0.0104892991411318 -0.00374116759129703
0.0285283593298645 -0.00238378313133619 -0.020156497250086 -0.00573244102525342
0.0444274611136013 0.0197228591164608 -0.0388340618338753 0.00173774665137898
0.0432786512155635 0.0777085817336961 -0.0739080500625885 0.0275909711481301
-0.0481804219591157 0.110716060915274 -0.152622952281978 -0.0215415032531911
-0.0977766906768916 -0.0193770310984726 -0.146269665040769 -0.150190440812887
0.0296132195603616 -0.0955991411575472 0.00372700436954233 -0.22046548110906
0.126761397844928 0.00122910394484744 0.0379124721936949 -0.00529206925315561
-0.00172265844629346 0.0575516635385996 -0.0292188387321811 0.0504409611957609
0.0146884942658896 0.028488137662128 -0.105427864950009 0.10778386674575
0.00473081584663034 0.00750669657220396 -0.054012737521086 0.15459232182333
0.00502008948330236 0.00486701556171011 0.0192742253399017 0.11612836313299
0.0190064163515898 0.00433813839546626 0.0430249738975528 0.0529634541493151
-0.0149226031190945 -0.0206440141986194 0.0398967975125726 0.0257491028977431
-0.0259636943102367 -0.00584315691054997 0.0304229129717242 0.0128735982001004
0.00970933665286179 -0.00043870302976191 0.0135478469553386 0.00155811141143583
-0.00633251402334557 0.0124900106696921 0.00237167036089997 -0.00835538555234937
0.00954215290165525 0.0223874087054342 -0.0127421015746854 0.01572570019018
0.004328497058888 0.0548475204197129 -0.0728142917351515 0.0318219831101971
-0.0485044323987432 -0.00521379295271968 -0.162851783283568 -0.0555377818321543
0.012724295352404 -0.0606610340931149 -0.0992326280170075 -0.204927800974653
0.0708379680160319 0.0071348902526881 0.0739631136358154 -0.227081573032543
0.149727827341622 0.0204336210071624 0.0306715494880891 -0.0710469418758683
0.00103327510376767 0.0650514130786136 0.0361031983597038 0.0408523537361659
0.0180841743059744 0.0345326618851879 -0.0540468102628177 0.0715647291188237
0.0175252041682197 0.0107280681383713 -0.0396616736534768 0.121857133006201
0.00877203610894986 0.0380318993305817 0.0650013781994278 0.125225317981176
0.0219623058829507 -0.00728954491841545 0.0736694381208036 0.0255462213913403
-0.00485583932401745 -0.0230139387155526 0.0466951205607219 -0.000624251107806612
-0.0286161821365249 -0.00741054847801678 0.0179748842233426 0.00685742355030665
0.00946514392155925 0.00358303122657622 0.00922366746306313 -0.000339328768201884
0.0184207933168064 0.0219059167584757 0.007054765962258 0.0108536959674992
0.00989575562615148 0.0509648583813286 -0.00416220746329284 0.0420845926636342
-0.0376529179941115 0.0676082609899316 -0.0804625163694479 0.0949368992703323
-0.0474171864653974 -0.0413900856080258 -0.220677405883233 -0.0147635707898873
0.0525115258304326 -0.073000048490598 -0.0694347584306508 -0.251153654490223
0.140650136941589 -0.0755119647790672 0.0566856116074723 -0.319415156551601
0.148839818326609 0.0526793718762364 0.0202366079759076 -0.0588005786725115
0.0187300764409257 0.0497751479981249 0.0628136331380592 0.0170188870308877
0.0277401286894488 0.0161064210487657 -0.0262703267462397 0.0417545944854998
0.0208548897665751 -0.00470260565963757 -0.0280017508239348 0.101930728345061
0.00658954478816135 -0.0181086355770123 0.0332879284844802 0.0946727815778775
-0.00176607451777561 -0.0242997992552785 0.0583637335943123 0.0315478682003926
-0.0101000882285117 -0.0242907342049628 0.0373074059542785 -0.00545394432789588
-0.0219080544186258 -0.00607714268951796 0.00486693686160534 0.00589572226943802
-0.0232838462502837 0.00819054668265993 -0.0045785543904484 0.00326873009161467
-0.024257065607368 0.00968615460798571 -0.00692657323467804 0.00695979810457163
-0.0291451118368843 -0.00284447547822324 -0.0294724892167206 0.0344445852203455
-0.0273404734344075 -0.0257257493635266 -0.115918413934504 0.0287901177182448
-0.000481938476928988 -0.0603768995760682 -0.169514507113878 -0.139546870485439
0.0801849884298781 -0.0377312840973694 -0.00660958730632338 -0.278388076589491
0.0859231683531195 0.0485621852770849 0.165767804576942 -0.199127986872374
0.0378542504791369 0.0755012056274215 0.0574744336199889 -0.0894425124809185
-0.0135601156854793 -0.0217580945039892 0.0214405614234156 0.0247331859271663
-0.0296786264215132 -0.0278911256007935 -0.220244583719806 0.239351717501103
-0.056106514018079 -0.00183902788068005 0.0598525009428261 0.400641871401165
-0.022963941365767 0.0454280010498845 0.279921821982816 0.153200604714371
0.017385142830398 0.0254048113032599 0.164632814383837 -0.0906413632654969
0.0187085987118458 0.00598393399287288 0.0229023810497484 -0.0993950289153366
0.0121315661916686 -0.00822422926432387 -0.00925362756020606 -0.0327115680252468
0.00218955905732111 -0.00392278325670308 -0.0107355697156903 -0.0145420642332079
0.00224717266882433 0.00340693151825365 -0.0321106819277573 -0.00707791273171641
0.0062170164990358 0.00147485616311421 -0.0686239970605238 0.0148970501925551
-0.00139054511163809 0.016882864085074 -0.106461001666239 0.0010730632333938
0.00210769428463008 0.00720134011163896 -0.11313080048104 -0.0950330396318884
0.00740858569730938 0.0163432757966216 -0.0142361401007461 -0.160655626160741
-0.024468844161431 0.0286156748452094 0.0611554444242418 -0.105126178040025
-0.0546059762059564 -0.00153087113761429 0.0288672911326735 0.024223039242073
0.00312342000302524 0.0141909230357431 -0.0404209415614348 0.0715209590014167
0.01254789715783 -0.0283343430989445 -0.215474836889458 0.107579824384604
-0.0317003763459854 -0.0453019134019308 -0.0480889026309995 0.293804610824659
-0.0762641873507806 0.0206933055306733 0.102812461696878 0.21293745195766
-0.0207406068967417 0.050403538077802 0.123859925474836 0.0295204662193064
0.0172967203857657 0.036991971146435 0.0404302049981217 -0.0291124342280962
0.0235458590134987 0.00565899883842043 0.0252477251057434 -0.00261699495458584
0.0123119048154919 -0.00467309299675128 0.0234692837066301 -0.011264812062522
0.00519948559344401 -0.00901659639149163 0.00137195616373002 -0.017463116353764
0.00954284562907774 -0.0081363224792007 -0.0677967028228661 0.0180233498611273
0.0219185086828587 0.0068044552956012 -0.115823714848678 0.0103550978868473
0.0257108436431764 0.033718417069692 -0.132778802952591 -0.0885903019693427
-0.0133292017594317 0.0427377087749579 -0.0396521421080882 -0.159253295637262
-0.0341469673649962 0.0221804641709949 0.0582010258369804 -0.121800371887308
-0.0293341099278056 -0.0100269413306797 0.0394673292996795 0.034779130675788
0.123411202436769 0.0165153814295369 -0.00651611535310822 0.0335619599247583
0.103937786279693 -0.104814330540537 -0.255584874051211 0.225944874865616
-0.047922625223838 -0.130965259068529 -0.00508886803385144 0.359547700231428
-0.119506569342139 0.00654930820566311 0.184336126331391 0.164255023647928
-0.0404373164454492 0.0705720825395868 0.125160179789158 -0.0237064717061107
0.00623823426522733 0.0555459178838838 0.0373554833767757 -0.0407564846520892
0.020874176399274 0.0244226874165911 0.0165649753161539 -0.0130385323756343
0.0188811398824156 0.00335073236967554 -0.00166944735983171 -0.0131121829624696
0.0104818950564528 -0.0132962965826212 -0.0322790856619213 -0.00287977012319427
0.0227489424119873 -0.0167421535795762 -0.0681960787971222 0.0134590212963413
0.0450825041633146 0.0130797096864004 -0.111608982020501 0.0108962097285755
0.0372240062219775 0.0655634656071417 -0.139140620505395 -0.0722146648176157
-0.0417965977383953 0.0575835688429803 -0.0415234980415383 -0.110971044992161
-0.0230445273326758 0.051581272027303 0.0377653942915189 -0.151007371647523
0.0118423773431905 -0.0161696875786349 0.0480072931099013 0.0288050567490574
0.146972682285844 0.0148850885642426 -0.0297510474308325 0.0286277482993462
0.102032149620147 -0.129633519643395 -0.228839264398406 0.21998227109323
-0.0664190232214667 -0.135827961172085 -0.00278415193740818 0.300243669469718
-0.116577365892323 0.0204878507049472 0.124065431767061 0.131515139661439
-0.0325896405555775 0.0690030450314347 0.0736848066887071 0.0109790373225355
0.00124159680262136 0.0502063587642964 0.0355397821487863 -0.00706871677783199
0.0157027150134298 0.0227800763991886 0.0275208467466572 6.75301359504123E-05
0.0209439671468228 0.000952792212212089 0.00425432353696738 -0.00927944057772948
0.0209232368377906 -0.0138976337909571 -0.0281389120255364 -0.00431019494799259
0.0385342941392974 -0.00685723562844603 -0.059381144714439 0.00456509488170468
0.057091413185016 0.0326625702318185 -0.0953344071414863 0.0123110384478039
0.0160520733238245 0.0987491531963605 -0.135084504464642 -0.0478074945020722
-0.0248011460378354 0.0432252609063761 -0.102108956652654 -0.138098279028255
-0.0326294867212597 -0.00606631657647728 0.0172256977185232 -0.167884318759686
0.0393841652518496 -0.0160236704907286 0.0514620748091573 0.00911727547608025
0.00691327917161121 0.0671669777810227 -0.0463155039308856 0.0341965500661303
0.0300793133002688 0.00678089515196558 -0.155811236349173 0.160029438670491
-0.00750246643127825 -0.0244373689418086 -0.0785548984431206 0.198515818549598
-0.0262780136093351 0.00456226826044729 0.0271670646316147 0.138727880872347
-0.00529137439528183 0.00983107386392574 0.0436329359146383 0.0621060809955507
-0.00912603029594437 -0.00308297329814782 0.0426614851364726 0.0330727889882836
-0.0146367639433164 0.00017025943718618 0.0386489855246979 0.0160684153784518
-0.00708387665908813 0.00468089222844358 0.00847711995543352 -0.00259454772008545
0.0295869071787015 -0.00429734148655296 -0.0189154232909262 -0.00422465379439687
0.0435033617889987 0.0181840427080725 -0.0414304328256431 0.00271827330772668
0.0457277417011943 0.0758291726029494 -0.0725437588344703 0.023743870193142
-0.0444173643571822 0.111774960483756 -0.147819413781047 -0.0203267908478496
-0.105326911897985 -0.021805395508222 -0.140834941885659 -0.14761358574795
0.027354134287016 -0.096835231132924 0.0047830159682231 -0.216354782301029
0.128683567990183 -0.00363521965230206 0.040740792844134 -0.00441642985186964
0.00863067000480815 0.0460993985785188 -0.0373499216722315 0.0285303632958559
0.0183849267888184 0.0260312005474424 -0.111271825168595 0.105622545643259
0.00375485227352636 0.00400725285836535 -0.056732089061805 0.156541594023304
0.000739599981690785 0.00556509832739461 0.0167352728032153 0.116290464477533
0.0181225725084196 0.00995754871781371 0.042975834958835 0.0546965177066964
-0.0155972285605565 -0.0198275624482555 0.0404878223590232 0.0258285062587858
-0.0234939270169409 -0.00545150197457342 0.0328423468816802 0.0119633043491227
0.0156465994716912 -0.000147101792096539 0.0123467129699464 0.000106192252510713
-0.00354647399655866 0.014634890641228 0.000128027201761894 -0.00745432293227074
0.0116696017237437 0.0248303581978761 -0.0138802445454971 0.0121221467643088
0.00626939535638909 0.0570261007463087 -0.0730713304432283 0.0302848345573555
-0.0499339702217879 -0.00133748327807446 -0.160313162654025 -0.0562039579543545
0.00969212150828773 -0.0621333451646818 -0.0983681817276585 -0.2036644026815
0.0717788382165754 0.000423314686665361 0.0750534943146864 -0.224045985095446
0.157282591645756 0.0171829999793043 0.0309775640807198 -0.0679376851362655
0.00683688815422352 0.0629443672961826 0.0301297624705783 0.0341105654448295
0.0199185149117187 0.0281496377779392 -0.0607187163666277 0.0681571332776375
0.0144261617866454 0.00878752547255267 -0.0436287564619729 0.120625129909722
0.00934643797133191 0.0404487666132054 0.0621261576678235 0.127197501529087
0.0239057877821647 -0.00569252305988662 0.0731513486445926 0.0282035404947412
-0.00685389695571698 -0.0222878430883956 0.046485665707854 -0.00133576635443466
-0.0269906102811608 -0.00662619395795181 0.0199824070119483 0.0105797572468887
0.0108663823357842 0.00269879284945122 0.0124561542090737 0.00134076857231819
0.0196016822734934 0.0213751440248957 0.0055390521779373 0.00792456025584205
0.0111403023323716 0.0521445588566476 -0.0031107137655641 0.0391245809203975
-0.0337279982038341 0.0680946208399282 -0.0789546730831556 0.0920359190892601
-0.0745143444727456 -0.00480535948423731 -0.21122476783024 -0.0144197512347438
0.0476181339857505 -0.0781188153932486 -0.0888483025590806 -0.234933938262325
0.135213416633407 -0.075447911385802 0.0564711709410728 -0.313644042009381
0.14940775820865 0.0454056637265125 0.0210308103067416 -0.0529547740479948
0.022157490426901 0.0482619554024784 0.0556165669345079 0.0104086687735056
0.0285118180479297 0.0143806802032326 -0.0356340229968617 0.0397654442711426
0.01831169534673 -0.00540855597377958 -0.0336045016429621 0.103878810112978
0.00511911016842399 -0.0161295621078921 0.0308258574894463 0.0997944370303308
-0.00159043110342531 -0.0232656843311027 0.0602617369187989 0.0340186806262891
-0.0100947852958969 -0.0224052376241811 0.0394347176642812 -0.00548057554861805
-0.0208460158862283 -0.00479577059472461 0.00810370549365563 0.00659991364427389
-0.0206538582194694 0.0101498832705368 -0.00308527791638132 0.0030353079021623
-0.0213454655596726 0.010928382638495 -0.00623427513571199 0.00727736173241338
-0.0268596467442362 -0.000382570848702725 -0.0289123249032695 0.0343043003210654
-0.0285342346630211 -0.0219818641387625 -0.114890116101893 0.0282507032927832
-0.00345266003752025 -0.0601868812955167 -0.168628156107489 -0.138050109184337
0.0777430746796697 -0.0419836691136775 -0.00750832785285165 -0.277021213264334
0.0876772995238914 0.0446265299900736 0.166456719396376 -0.197847642316836
0.0399000590411011 0.0740689203219707 0.0563781573605102 -0.0865983548758216
-0.0147672950833862 -0.0192651595809345 0.0220066932236809 0.0202972417022492
-0.0310028948994419 -0.0246541361574425 -0.227236749897953 0.235643920011987
-0.0534439696435686 0.00216555351646606 0.0559250971641557 0.395167411389907
-0.023746604622689 0.0446428174544031 0.275923872992831 0.149978825254854
0.0166443414160954 0.0270313043010725 0.167049734214069 -0.0931799388102177
0.0169645714280557 0.00696314268916386 0.0204392722854238 -0.0925541183428803
0.00894195666624465 -0.00911680520417399 -0.0115581517060648 -0.0316523831969454
0.00141117307144105 -0.00290752957138175 -0.014911068997309 -0.0174520139679519
-0.00382422673324504 0.00412554922081816 -0.0357275056993505 -0.00442283679957385
-0.00124184287831167 0.00785415549654876 -0.0653794783780358 0.0138980121867003
0.00221213937115493 0.0141077297942898 -0.106802974059675 0.000344801032848723
0.00317631764769687 0.00826245278989395 -0.110210278247127 -0.0983315221907931
0.00547826750464337 0.018407059063586 -0.0118258505909454 -0.160877643809052
-0.020820287716842 0.0300508911983319 0.0689619897845171 -0.108658315753903
-0.0567922384993969 -0.000968495901999204 0.0296499920755795 0.0258498191174013
0.00249175086646196 0.0124092714603983 -0.0382246336095831 0.0702905550236227
0.0155084113890058 -0.0262244148880614 -0.219792467430928 0.103554598001788
-0.0315634944690542 -0.0495247470818773 -0.114699138277717 0.277584310557813
-0.07626148169533 0.0224494972533165 0.102958462808123 0.2127044193589
-0.0186643574299687 0.0499247947448678 0.123856624847787 0.0310678696057283
0.0160993625949696 0.0345561499249421 0.0407557554990057 -0.0258056926261501
0.0215907037318423 0.0075823025561901 0.0279804091336322 -0.00412614936693738
0.0121596671560156 -0.00356609673853347 0.0218424236962273 -0.0115788770500011
0.00432219177532742 -0.013442539677911 -0.00297079203394646 -0.0169043762700017
0.00878757677991694 -0.00838433246082369 -0.0695470969505243 0.0178875123314893
0.0218117390531426 0.0074259660372551 -0.117362272263657 0.00768846453068672
0.0259307756919324 0.0327545426296169 -0.130797210845077 -0.0909599729580647
-0.0129605562341358 0.0429412866711419 -0.0368577534205633 -0.161627488104463
-0.0341239990881736 0.0225732655512935 0.0624850390007986 -0.120846858756148
-0.0294678626967241 -0.00980658344405552 0.0434766909932585 0.0347364119967078
0.123229173882327 0.0153240557485667 -0.00660224030534134 0.0289736103573557
0.102442957993786 -0.105829983804311 -0.256549356521539 0.220527083942632
-0.0495239594385677 -0.130109485067856 -0.00810803981438757 0.354517482165593
-0.119338475402018 0.00763419067483551 0.178421389505821 0.162236620767969
-0.0385142210499065 0.0701065762075269 0.121256693238435 -0.0208928476481072
0.0068791349328505 0.0558379455687954 0.0373876559655476 -0.039096490336027
0.0204599797376102 0.0235325872715287 0.0167427208015479 -0.0132908780901728
0.0184737206464226 0.00213826870491709 -0.00293977343343154 -0.0127046825638825
0.0103725834352233 -0.0135598317931725 -0.0342581332573186 -0.00274476921415114
0.0224158317621383 -0.0165979299405168 -0.0705667536938949 0.0126620864741487
0.0447052912401176 0.0129841292660606 -0.11238207844387 0.00903903223393826
0.0373117765741902 0.0648129229680313 -0.137137670358454 -0.0745713119455863
-0.0423418070792472 0.057784438404209 -0.0360513232135016 -0.11543694096791
-0.0218182846482434 0.049050375202402 0.0426638141075192 -0.150191059284054
0.0129543125360493 -0.0178387980966357 0.0517193949558137 0.0287524800969095
0.147518158787981 0.0127848227462408 -0.0307470170665036 0.0245363481378665
0.100796636588044 -0.130766124745183 -0.230191414592498 0.2139596140711
-0.0689767153546017 -0.134770688412541 -0.00653111081534511 0.29555083870041
-0.11645562754308 0.0220369026442224 0.118760464944769 0.130345716672152
-0.0306275521409799 0.0687990901675631 0.072864414576759 0.011471963108589
0.00265285830421894 0.0499342981008997 0.0356185979834555 -0.0051298984494606
0.0169492322097337 0.0221748755856013 0.0269952177795588 0.000118525457583675
0.0214029184820438 0.000400771352643532 0.00309345570648179 -0.00838687308472103
0.0211674157764715 -0.0137988040636073 -0.0305699802898294 -0.00447466319312784
0.0378253223790694 -0.00704181952744038 -0.0612424564670107 0.00497155421800627
0.0573961178265254 0.0331515814557707 -0.096019599485992 0.00958233286513271
0.0170817308359791 0.0991487505007254 -0.134789457523123 -0.0511989227195172
-0.0378407307346591 0.0462594852821352 -0.0964887195968702 -0.13935718565832
-0.0311817771248022 -0.00651556186969926 0.0226114200135366 -0.171147443465529
0.040245107358019 -0.0174964684834735 0.0553999195563706 0.0108872184168221
0.0147775440503434 0.0653073067302055 -0.0450262716045265 0.0289486509530996
0.034120765247075 0.00294755587364354 -0.159941390853489 0.151965061770333
-0.0105764959620823 -0.028308516641598 -0.0829677185471038 0.197589886777641
-0.0294764716875759 0.00587178439090483 0.0222504784908767 0.140100554417867
-0.00622571337476808 0.0124543833581794 0.0444253598208268 0.0622465021359634
-0.00957297627935968 0.000390350015174035 0.0423211795284012 0.0330118000040942
-0.0141951458594638 0.00129368310383417 0.0397069128998012 0.0152108295461864
-0.00567011561920242 0.00521423378524658 0.00837972011709675 -0.00479926144517458
0.0294802914674258 -0.00466004631977926 -0.0224476215572544 -0.00531478309479842
0.0467531868294052 0.0188881815275498 -0.0433942607485684 0.000560931010044507
0.0461810750690084 0.0750843304724729 -0.0737641182495934 0.0209174914213176
-0.0421844364891652 0.113893195642556 -0.146940405935069 -0.0235332025168163
-0.108134149413481 -0.0235966077664298 -0.136977460879451 -0.148987837709894
0.025555998121024 -0.0988389633698844 0.00868868654722573 -0.214121549246734
0.129036617379411 -0.00684663381403881 0.0430947532050244 -0.00373296853641676
0.0167493669871224 0.0348849379810549 -0.0417725880864828 0.0228417688366129
0.020895904212731 0.0205844062739656 -0.114823292219181 0.0971894561300543
0.000756374763603961 -0.000564886556844772 -0.0632397624897718 0.155250965535414
-0.000566621268271311 0.00674789318854207 0.0135813817603497 0.119586765504217
0.0194828615918081 0.0119461724477388 0.0420348746027899 0.0568790042212786
-0.014953571713507 -0.0175605895581783 0.0429852371395508 0.0272378285996545
-0.0226372530881964 -0.00367654884637461 0.0322454861310328 0.0126533019855734
0.016019257655665 -0.000922697102270634 0.0121206196159258 0.000249444040110459
-0.00120471360818654 0.0128151860865728 -0.00149059761652885 -0.00827168566800333
0.0104105149148458 0.0243429902123391 -0.0156439607414446 0.0103092078040695
0.00683563239542492 0.0567825506896784 -0.0736640112358774 0.0255711810622292
-0.0530392505035096 0.00142491075665443 -0.159749203827155 -0.0585860235242971
0.00360577006321937 -0.0658848686521998 -0.0956718848753897 -0.206751820364249
0.0676867970048553 -0.0126054759120387 0.0798014038758876 -0.222470928711587
0.159574012264301 0.0158913125053934 0.0326685276721175 -0.0636704188862959
0.0121368435679016 0.0605758614937962 0.0275004433566624 0.0290709118318312
0.0209485390920482 0.0259670172912563 -0.0682166554981629 0.0656978152164664
0.0127234055074741 0.00706946871789495 -0.0509664020168789 0.122865666225379
0.0103206169118065 0.0407019701899266 0.0593619703886364 0.12953063543468
0.0216886930989252 -0.00446750118021723 0.0704325759681922 0.0311111619268619
-0.00448623812771672 -0.0201184265498709 0.0471045233662228 0.000263987307599694
-0.024962137579897 -0.00489770582505931 0.0223429756190442 0.00863124060641543
0.0130517820120325 0.00309563619347152 0.00586567826801288 -0.00137053143496698
0.020835594422149 0.0209717388569672 0.00558618920265243 0.00654622825028195
0.0135400166605202 0.0537547950859096 -0.0029729258161534 0.036642378260242
-0.0337617941970541 0.070094881999145 -0.0762709069029787 0.086594573186736
-0.094259323145006 0.00373758699067966 -0.204910940775053 -0.019464736553087
0.0428631068031771 -0.0812457010039858 -0.101177005576718 -0.228431718395577
0.137943821275681 -0.0791008829194088 0.0567312015129872 -0.309640882470844
0.14875572215611 0.0447207574896069 0.0251019982936376 -0.0525258768843294
0.0249156674010693 0.0457875518377196 0.0498872541195981 0.00636359489344787
0.0289215208945458 0.0112292363589994 -0.0415948767539569 0.0368332591978869
0.0154288183322276 -0.00618633478540437 -0.0402897232114114 0.106168277396948
0.00433473053396419 -0.0132496530734772 0.0277811926841524 0.104132347984004
-0.00159171021326026 -0.0218684432385708 0.0614817365870998 0.0373649374112838
-0.0097087383393449 -0.02186618850449 0.0410564059933002 -0.00366299264318647
-0.0197060273405897 -0.00387801317988744 0.0116283541932802 0.00753031464104311
-0.0183179621286005 0.00951551995281145 -0.00177527981787454 0.00330788581011588
-0.0188982224272774 0.0120557345608958 -0.00684370053359843 0.00702998637447155
-0.0271896158116859 0.00191624442559338 -0.0296537193459269 0.0325456483919021
-0.0294353679129877 -0.0198176983058017 -0.115835931798244 0.0273238415134788
-0.0051592543199213 -0.0583338632114619 -0.168637295241974 -0.137831639671592
0.075311942981898 -0.0432144906883497 -0.00429529602886691 -0.279489009895558
0.0880930334058656 0.0436198777586198 0.171948020420587 -0.197067886524889
0.0417930294429968 0.0730575992345932 0.0557719075048015 -0.0831195599161588
-0.0101625615729485 -0.0186860151846807 0.0194297587241903 0.0151611725863693
-0.0296593527625658 -0.0263244029218205 -0.232065817551792 0.237680105444105
-0.0548303088210587 0.00097638996259903 0.0487866413686263 0.400283886436985
-0.0208840123293787 0.0429640996865591 0.271794224570742 0.151317066843737
0.0130172370548122 0.0259644748998826 0.166035603073743 -0.091062872719789
0.023630333208505 0.00305019025303667 0.0215703696525841 -0.0918828456733263
0.0104265518647149 -0.00974841627737029 -0.0122776629210052 -0.0296946575602131
0.00283001623790875 0.00112717115260944 -0.0128630231301581 -0.0174746781310001
-0.00232909473606722 0.00516378610783932 -0.036288234403846 -0.00345561681751193
0.00332627938541486 0.00975937489073413 -0.0696665801332485 0.0114548021362613
-0.0013668095902499 0.0141484186260195 -0.106456453906673 0.000973239164341432
0.00267709627525132 0.00428239752608832 -0.109694036636187 -0.100211166508076
0.00901505891555826 0.0219142421098524 -0.0038140759968928 -0.166596201370673
-0.0226218465169938 0.0297086834727527 0.0725976282848684 -0.107932217117512
-0.0553648399546187 -0.00264774419705596 0.0381488986551981 0.0242936856743712
0.00596432170585689 0.013137638799303 -0.0370714047025464 0.0663678804369412
0.0166844943636859 -0.0254271272242389 -0.22769351446687 0.101834692155875
-0.0336860332462998 -0.0501995470880436 -0.125409640796236 0.283737787845352
-0.0769125712287937 0.0198046066476308 0.10117041016123 0.217993910157267
-0.0214030547754295 0.0502178156798833 0.12546737838206 0.0325321201511418
0.0175629673878251 0.034971036726111 0.0415499748665355 -0.0270259673448756
0.0219929267120305 0.00807264186099573 0.0293849073003496 -0.00362062732900336
0.0131819338056667 -0.00175653752837659 0.019623775276846 -0.0124814886990344
0.00279548497604074 -0.0125662590730337 -0.0061790253443311 -0.0176210144755788
0.00778867384465171 -0.00788152307514898 -0.0734484821127615 0.0180159130782388
0.0217399313147139 0.00578903384222838 -0.119378357980764 0.00588541553473289
0.0270229319532359 0.0326794148366394 -0.131556679998186 -0.0949153490718691
-0.0132482847520688 0.0436503464389822 -0.0319278585612105 -0.166624937056555
-0.0342697876244197 0.0222149012892985 0.0691088059720468 -0.122472761037673
-0.0288836509453981 -0.0110345185947878 0.0479675370138996 0.0354008790359725
0.12440477024022 0.0145730658148922 -0.0067604006395283 0.0252084970502554
0.103837635504014 -0.10746241337123 -0.263218404077071 0.217641142609559
-0.0511025993205553 -0.131480177410064 -0.0134278254088652 0.353254158638304
-0.120112389274687 0.00826633898286451 0.175193350729567 0.165711796409931
-0.0386802149678304 0.0701587777288923 0.120768929202764 -0.0186550431274261
0.00746196825033057 0.0554862219199554 0.0381798923871995 -0.0388389165296642
0.0214815584394368 0.023532509413915 0.016666895864202 -0.0126884836682916
0.0187369130787159 0.00174501805689485 -0.00370217103123006 -0.012850643863355
0.00962084391529847 -0.0144005332311633 -0.0368630916627864 -0.00149501917583933
0.0214340159470748 -0.0170264534656802 -0.0740640062610713 0.0130646436857736
0.045060830677004 0.0129212490861017 -0.115767834992323 0.00580812780287333
0.0385069387158501 0.065837692028797 -0.138356819596662 -0.0796801098832451
-0.0433191827414763 0.0584658666867415 -0.0320035104126398 -0.121781221846587
-0.0229492089606338 0.0471635840969274 0.0478212316294744 -0.151716486760109
0.0141310496136682 -0.0186284997838338 0.0562707037751647 0.028834176522627
0.149932257088746 0.0106665405889452 -0.0320784491074038 0.0198195901417351
0.102158350832115 -0.133990199908332 -0.236179299389778 0.210823283240225
-0.071103097355485 -0.13682008709583 -0.0127003696116826 0.29506718394885
-0.118284812217611 0.0230710667559947 0.114104917514813 0.133171660736209
-0.0300105623521848 0.0695391091196086 0.0724562109154153 0.0146329400814023
0.00370277639210808 0.0507422311039528 0.0365104811076112 -0.0043358786734633
0.0174544076702213 0.0221555229209121 0.0276156512911593 -0.000487881477452226
0.0214300353429121 -0.0012684373525698 0.00256809400596038 -0.008543584743799
0.0209191791184843 -0.0147920417919801 -0.0331914097876655 -0.00341807632635234
0.0379054660659697 -0.00720307918982481 -0.0643721038992247 0.00437778665372176
0.0589838815178596 0.0338002906343748 -0.0994406393013302 0.00545762698499726
0.0186855993750954 0.100353615761147 -0.135809478729296 -0.0554941207492503
-0.0452975117118116 0.0468007604457425 -0.0921616559280421 -0.144922564556108
-0.0306855507496689 -0.00690567631458983 0.0295305643585508 -0.175210855240539
0.0482327190001759 -0.0204183733214957 0.0588934065852404 0.0125813948100646
0.0200021676475118 0.066866792674148 -0.046686561886626 0.0251589501432058
0.0367480379531013 -0.00234153531476289 -0.172609615056901 0.168946395900384
-0.012371000222143 -0.0313408478446624 -0.0900811149008491 0.199634406842238
-0.0315033836663753 0.00757701332370283 0.0186096679552644 0.143734878131157
-0.00636624417424319 0.0137359008568635 0.0443644708057476 0.0661628370266963
-0.0106644866831321 0.000641008867380777 0.0450613559568599 0.0329135728951547
-0.0127507530140409 0.00186375650864559 0.0416385285532164 0.0166657902169671
-0.00434403465633527 0.0054196350621873 0.00807665519820511 -0.00490339494282016
0.0298100801169571 -0.00448586327235813 -0.0255943752313837 -0.0061480999258665
0.0476622383200356 0.018392383120005 -0.0464265794626459 -0.00126026452860589
0.0476227600145254 0.0756908748631639 -0.0761840797168737 0.0173940608085288
-0.0427294794876624 0.116721765373673 -0.148681633578023 -0.0287604084493585
-0.112079813561966 -0.0229120423690949 -0.133226494686648 -0.154495299853556
0.0241437920825465 -0.102208165097183 0.0123286097671112 -0.21436129284251
0.130192361015151 -0.0100123618284646 0.0464905232514153 -0.00244648995498695
0.0290351680096744 0.0222966292934701 -0.045015180295132 0.0184163282948731
0.0231917991961646 0.0152736505964451 -0.123784963804505 0.0934200553113659
-0.00212620243835064 -0.00279309282137263 -0.0708243109901923 0.156981806449224
-0.00285805082067656 0.0094225729790888 0.00827091344401401 0.124179897988965
0.0195311551442399 0.0141250756783272 0.0424523322806654 0.0583606045347004
-0.0155387155444005 -0.0163723865751202 0.0444138251385396 0.02866720415239
-0.0220761321673123 -0.00259226763669121 0.0341820085968447 0.0124668803057702
0.0172359185975643 -0.00127400300467623 0.0121346970088781 -0.00103701767814067
-0.000476747721457306 0.0144930940409465 -0.00305839001180095 -0.00726827689114732
0.0188310062738189 0.027367338522388 -0.0177148473936704 0.00814654255515221
0.00988939436557951 0.064355232686587 -0.0772547836272441 0.0230678727878196
-0.0566771831959801 0.00390212694705549 -0.16141120296131 -0.0616202433202252
0.000735636835530065 -0.0688837286345804 -0.0929939565007555 -0.212936508615535
0.0621296357650512 -0.0374491492754131 0.0859586382306924 -0.223641978103269
0.163605757235209 0.0152745706290343 0.0364273422431809 -0.0600151210518524
0.0165588701677105 0.0594094955811066 0.0227938195950814 0.0256611989451312
0.0235442208636902 0.0219833159199882 -0.075856639082477 0.0614062303027548
0.00951558406492263 0.00536945660494387 -0.0588418409773026 0.12447182346596
0.0107082743413021 0.0419791212869247 0.0541741238452422 0.132456937231901
0.0216021911698162 -0.00283166546142886 0.0669327761482542 0.0362371106367158
-0.00432005592679202 -0.0200879604591969 0.0478715431537216 0.00189092727280303
-0.0226155286304972 -0.00261073369562137 0.033267295685517 0.00170685524512114
0.0148024534564261 0.00144994953232782 0.0053658245008021 -0.000967880473220914
0.0233722743214444 0.0203146535266941 0.00477244921616394 0.00735926603589096
0.0161468508893757 0.0535659361454804 -0.00428722674652465 0.0340854326007222
-0.0317230154736706 0.0720983262043112 -0.0774225279532505 0.084648676640957
-0.0984872823095623 0.00694521732197505 -0.202734992314441 -0.0225283203584977
0.041076553377697 -0.0853628139325126 -0.10842611153203 -0.230165367900362
0.140578261569291 -0.0822596127715811 0.0623507343630706 -0.310814533850035
0.151514945427837 0.0443850433475512 0.0295891638558812 -0.0498742098450312
0.0276725740394807 0.0449324865602679 0.0445273398280521 0.00245143742446498
0.0299179119315603 0.00914831655356776 -0.0498115729636669 0.0358212577701396
0.0143661743277065 -0.00677963866351718 -0.0474411092784945 0.110028708793961
0.00415587984941631 -0.0122876888669178 0.0253524234049882 0.111676790075135
-0.00172252514364063 -0.0205859444280534 0.0629333547904049 0.0415732622046985
-0.00968277129285854 -0.020913535797243 0.0433896111276182 -0.00229581142406304
-0.0185533359242476 -0.0037224787144356 0.0133578897363385 0.0081980555314827
-0.0164272029299464 0.0098177685322663 -0.000390367770732978 0.00287081922395272
-0.017647066535132 0.012696858830627 -0.00669610324922423 0.00719749510306853
-0.0260248054850379 0.00366291212835474 -0.0310519381707758 0.0325701318753539
-0.0301494361066898 -0.0175610692793135 -0.117239836046861 0.0257430353476878
-0.00767151352407427 -0.0581589785972648 -0.17023121705292 -0.142701438645412
0.0751250903683903 -0.0452837226010261 -0.000313833827755863 -0.28552290687315
0.090758781162015 0.0436980171023611 0.180135053244257 -0.199755489895017
0.0435487729333692 0.0740789403505905 0.0574715891005774 -0.0817164255552444
-0.0203569004114894 -0.00772879082402463 0.0236777824558376 0.00163170621422012
-0.0365033699047233 -0.00104470560579462 -0.0511422244527657 0.333573843238905
-0.0391146363236022 0.035679092956437 0.275552976902919 0.30206631512273
0.00731417041340863 0.0460544997022265 0.317387660762707 -0.0379089108953985
0.0262709132214457 0.0121423355803808 0.0805084760847275 -0.172499398939256
0.0181093631842747 -0.0078353345045073 -0.0378481035437566 -0.0869876993117095
0.000181056719100478 -0.00833548702693118 -0.0250604295782749 -0.0138506893507204
-0.000363340087191843 -0.00121542694856299 -0.0235051562877578 -0.00400309206248886
0.00266114270994812 0.00690666618065021 -0.0324010036171153 0.0255641402554573
0.00674251735643206 0.00639934162495202 -0.0470752141529376 0.0551973454672701
0.00533310441954266 0.00959625615160522 -0.0884031521840534 0.0621715014134322
0.00320289460771451 0.00476244365872511 -0.156112083387456 -0.0194898313319141
0.0146246748705921 0.0106406492757585 -0.109225538967282 -0.135809470930917
0.00397963325010243 0.0412197025491998 -0.005723167823007 -0.144693770222659
-0.0456390182310736 0.0358355020751601 0.0484086502368807 -0.00875621813538203
0.0147895055870541 0.00920876789832268 0.0113671260108293 0.0719492110997779
0.000389031281909749 -0.030317027935258 -0.131472290038908 0.222142483962524
-0.0567317441241157 -0.0215051823621661 0.0645344088280172 0.314226345743684
-0.0478980535338308 0.0609625360459584 0.217405815135545 0.123886869404211
0.0122144822977358 0.0517002589337294 0.124652338953171 -0.0480603623723116
0.0342523902636801 0.0175021264760306 0.0176944852025012 -0.046517850696981
0.0215719147379612 -0.00668334431555611 0.0213547873184925 -0.0215170529894128
0.00714668507460207 -0.0102448325048292 0.00691964714404627 -0.0214886679466562
-0.00607399524790515 -0.0115084140746591 -0.0185595785033842 -0.00808015575280988
0.000908056241626387 -0.0108249795473307 -0.0499495072581728 0.0616293689643887
0.0211252734999163 -0.00836735024662638 -0.0960659376042756 0.0773168801883958
0.0417620060451519 0.0115668739910368 -0.168959555201279 -5.95986505191349E-05
0.0146786985440735 0.0458582227994516 -0.130216599007169 -0.120815615596411
-0.0154244587853444 0.0391498578617822 -0.020019026002897 -0.149453315899675
-0.0298158987762371 0.00929735614586068 0.0671400542495214 -0.0051150460036595
0.112334157914717 -0.0608712759114735 0.00562169464182079 0.0135922590994587
0.021743315704171 -0.145804120953148 -0.0877740410526658 0.331489766433534
-0.118833061072935 -0.0745212075966086 0.190650745510064 0.297650527331252
-0.0912091967222399 0.0759764581813156 0.239853670123688 0.0363761919009661
0.00981533406566978 0.0786419430141354 0.0868321263798807 -0.0851450014277477
0.039957189020482 0.0397028227155526 0.00859520232262693 -0.0518120447924494
0.0308779903610967 0.00545813081159051 0.00681446329908262 -0.0208883559314593
0.0160729045552801 -0.0112590413051433 -0.0112448838422285 -0.0070235405332892
-0.00177259997475238 -0.0178436628738525 -0.0315191624858015 0.0234908808472857
0.00626716359805876 -0.026021717017936 -0.0542443481983038 0.0594802543230617
0.0450388183678215 -0.0181659224665253 -0.0933284576746101 0.075506223910144
0.0719862652604473 0.0315998447922468 -0.165268004791875 0.0178731889128398
-0.00105289891864725 0.0781103863232683 -0.103401231151105 -0.0876905143246572
0.00369044878894754 0.0506778977797353 -0.0544036378448735 -0.159088117580895
-0.000292149967378101 -0.0268329755905882 0.0686552292764585 -0.0126725182603657
0.131575046273398 -0.0782626798523502 -0.0177362487619649 0.0234910210678333
0.00418949832441771 -0.166790849261396 -0.0699683707513693 0.308155862114919
-0.138561518233663 -0.0666777484923972 0.156699587410447 0.250515521449892
-0.080951266595178 0.0871763550098832 0.170658209903853 0.0483262982526134
0.0174798406379735 0.072846519019947 0.0691676104628488 -0.0290879305588762
0.034456440087775 0.0385432848109119 0.02903490991644 -0.0243639665592833
0.0278512669911852 0.00670932154623973 0.0231419987291552 -0.0176873200739152
0.0163290965182609 -0.0151854418851393 -0.00353568667022657 -0.0081388590523185
0.00779157710808406 -0.0257177910142807 -0.0296635655024676 0.0197310989975806
0.0267868714443995 -0.0300564634192167 -0.0525947727284038 0.0462940050152132
0.0713031478100357 -0.00823464767560815 -0.0806897723517727 0.0652552631021988
0.0778290095170561 0.0737732229276674 -0.148861775700267 0.0352121385854618
-0.0170752744709335 0.0746323092850507 -0.164790935381075 -0.0655272744678957
-0.0236147882337482 0.0151578946057437 -0.0868691413714538 -0.168593677493627
0.0325505561330234 -0.0555831133501287 0.0587639499606211 -0.0255056639410632
0.0594293145176454 0.0402339801862274 -0.0213022005603176 0.044334374775306
0.0299388190204718 -0.0274061920389083 -0.0406216251846107 0.242332481682709
-0.0316832812595661 -0.0188520220059475 0.0412677068748022 0.223802339554884
-0.0229729902506463 0.0266630872940897 0.101982479449683 0.112057615567608
0.00379850072985467 0.0161606175262053 0.0777281288976559 0.0297658790730643
-0.00464031893573661 0.00732135746602602 0.0591512304232368 0.00135779633773504
-0.00730061576200805 0.00976063362940907 0.0443973930021853 -0.0126922607004754
0.00178940673488739 0.00496246739528072 0.00254109020989219 -0.00882976186194527
0.0210035206454019 -0.02461072976686 -0.023673581986598 0.0124549345409315
0.052455689893992 -0.0153075892600035 -0.0418638519226983 0.0307291877904295
0.0892289248262357 0.0329563494941177 -0.0552314737958641 0.0599872183292538
0.0388055004831923 0.125042843739904 -0.139135402137322 0.066240416411135
-0.11355119872443 0.0559397535550031 -0.203790191187766 -0.0463435610486872
-0.048610835093103 -0.106103642905834 -0.122724500890574 -0.185901495862212
0.10536815555478 -0.0947365879594538 0.0368721622639992 -0.0280246470303756
0.0401764042935958 -0.00711177089595545 -0.0257591681848501 0.0356335698665061
0.0279333563578577 -0.00631207406407144 -0.0491133326621426 0.152373758040939
-0.00865204983217242 -0.00125091173048273 0.0313190264311643 0.176316106445143
0.00290819080572527 0.0111867321595361 0.0827733794963873 0.103325904937682
0.0254045723438309 -0.000456139288592853 0.0728499250815615 0.0246563411914071
-0.02089704051239 -0.00413332232777154 0.0553286549046808 -0.00475411457058828
-0.0177640787473875 0.0104364837926444 0.037318116244681 -0.0103789976334102
0.0101440399022157 -0.0124786348705556 0.00947654297967194 -0.00740395614639992
0.0109707138562239 0.0102384777359878 -0.0102760852000089 -0.00376843682506024
0.0323535814152997 0.0111408244351723 -0.0134537751470813 0.0166726922881448
0.0480728603958175 0.0471294567417934 -0.0506005975062278 0.0660592261348164
-0.046519047364818 0.0437438004723656 -0.172234809751554 0.0483083294271385
-0.0520713397008003 -0.0599088024277001 -0.209470388007265 -0.118883718582594
0.0046493006354544 -0.102280800401933 -0.0660680870236142 -0.235426354629432
0.147918176846532 -0.0965673388433174 -0.0125185014573603 -0.065386760680799
0.0496651796844826 0.0374058975796121 0.0316542232391889 0.00332428529525462
0.0295028215257873 0.000505901680436748 -0.0296611647452847 0.0981244789813289
0.00837985349129622 -0.000880852517765542 0.024157177983559 0.144558987886754
0.0349411720143592 0.0296239560899833 0.127862858336207 0.0830535519384124
0.0185994835591439 -0.0162005218576145 0.0784739838793706 -0.00815736576507416
-0.0144936403028964 -0.0130001515992234 0.0416553223339373 -0.0271701496988788
-0.0188100712119239 0.0108339191940845 0.029323646877257 -0.0213586383524116
0.0132232185713817 -0.00793135249899229 0.00566035202666254 -0.0051821648906095
0.0325745004307562 0.00192020012426821 0.00685176080773809 0.00404426334104478
0.0486801439402555 0.0339828946239278 0.0144008793410081 0.031781353362005
0.0208499599845147 0.0806134394818041 -0.0113066694164434 0.114331433334701
-0.0791640675178317 0.0712175482297082 -0.17644640344598 0.0984838334247489
-0.0280514395962066 -0.101063891910476 -0.233556711111425 -0.120002995157078
0.0608993849412487 -0.164884263991608 -0.14306070922852 -0.290824587866332
0.157138836266839 -0.0636319214276165 -0.0108554573570875 -0.0540570847422751
0.050415053447414 0.0189024041458097 0.0339737673919292 -0.0267833721788412
0.0277454585467178 -0.0109401139122024 -0.0256527730081219 0.063991551653253
0.00577813088403755 -0.012562621978184 0.0245596803050361 0.124920989134842
-0.00250077912170495 -0.00986429780825865 0.0912067802151664 0.0822760435398278
-0.0124465338558296 -0.0157865336625269 0.0803351694498344 -0.00304627372889826
-0.0198948011377786 -0.0110492159651888 0.0364948719921139 -0.0294700755667093
-0.0155773729963809 0.00728171739838715 0.0184040563942271 -0.00333628897345961
-0.00578895118778276 0.0174084780624068 0.0023194834391214 0.00254937781357052
-0.00477221674017757 0.0214128820336765 -0.00119355206733266 0.00976216823068743
-0.0170911994112454 0.0214861086611082 -0.0063875582361108 0.0451544789444013
-0.0363751693049822 0.0078387147748147 -0.0813674174510344 0.0934351122523477
-0.0455045678573094 -0.0410147798891501 -0.229836174579695 -0.0111650528820226
0.0290686641528443 -0.0899428120157816 -0.181499012390168 -0.235846427075492
0.104650177321729 -0.028371567934409 0.0218988088409317 -0.2813660153727
0.0863474937289174 0.0315353484686167 -0.00658195441001914 -0.102187305605218
-0.021800761844103 -0.00766139756788196 0.0193516384707785 -0.00203546010864622
-0.0351285230984785 0.00129971430815743 -0.0473547149836615 0.343685185475319
-0.0430732660829951 0.0360401688434917 0.293137283982647 0.302826111452173
0.00764768721535089 0.0453818650674084 0.327280111872688 -0.0461616536444018
0.0247736768605164 0.0107915713336323 0.0789164761551227 -0.174670609742791
0.0184130172624959 -0.00853393702104884 -0.0404535610559179 -0.0847730213545206
0.00211283722780695 -0.00934251629819503 -0.0270255226423698 -0.0141832122362224
-0.00352496316399513 0.00112528925982618 -0.022240481322789 -0.00143709819751799
-0.000680330676701524 0.00996691916636005 -0.0315318171934943 0.0274261613872009
0.004908512083058 0.00587750256516339 -0.04886226789979 0.0634872914866247
0.00559460986748236 0.0103886622851507 -0.0939579529808341 0.0671165094622255
0.0025800458975622 -0.000845901599188703 -0.161140515648164 -0.018970499115325
0.0180418936901177 0.00986417638287076 -0.113658620257925 -0.143471281512868
0.00456363916962059 0.0401760525959777 -0.00514654542781837 -0.150197704878396
-0.0444756519781294 0.0391209366786938 0.0532046694887468 -0.0114016637189394
0.0173082038760517 0.00688567182960105 0.012228217532733 0.070474449354222
0.000134170650480819 -0.0321072972617774 -0.136667539358035 0.234461142324697
-0.0589237027695246 -0.0203272009245745 0.0731201234383944 0.329398208718357
-0.0479380961393744 0.0639253531023347 0.228532096559521 0.123336319076022
0.0145146889129651 0.0516284206103569 0.130533420408314 -0.0537028101097077
0.0358363102731668 0.017465101754955 0.0199328365939735 -0.0483447633592926
0.0196647363238537 -0.00834546095445535 0.0197877314547329 -0.0234476303866502
0.00610281071774998 -0.0103386066016783 0.00417642375697054 -0.0210427861779693
-0.00702183904638854 -0.0113576067651619 -0.0224037134541679 -0.00591478970904771
-0.000411876601917282 -0.01134367808153 -0.0507336000480465 0.0666518687775157
0.0209709009873283 -0.00900301068835873 -0.100010675229186 0.0822897303647651
0.043434701317598 0.00938054828292544 -0.176288130604918 0.00186893504293111
0.0179054729143883 0.0465159385164672 -0.138069692081137 -0.125712729495099
-0.0141045037125169 0.0410994996617725 -0.0202587578919929 -0.157862249414131
-0.0308532548567125 0.0102351257069516 0.0724615323306818 -0.00958970781991679
0.114312157821117 -0.0680137536122821 0.00283944048291097 0.0108253911406145
0.0164896804302564 -0.152121770461808 -0.0856991697079985 0.342830982953276
-0.125712724823481 -0.0720189616778183 0.201435948371249 0.301533744997641
-0.0917009154998618 0.0822604056340314 0.245133354237744 0.0335603019975268
0.0129580730054512 0.0801586002381911 0.0870458799939118 -0.0872141323764495
0.0431809287195429 0.0383979178158197 0.00809873523933175 -0.0533369404277623
0.0319253164215202 0.00349861701398463 0.00599779775740828 -0.0211603486435606
0.0148146202244761 -0.012769506813099 -0.012649674344489 -0.00585171137316636
-0.00296341580691434 -0.0183570787057672 -0.032296392494922 0.0277593122390245
0.00468068290929069 -0.0275793950059821 -0.0550993290561967 0.0645298875639363
0.0453831589275307 -0.0206893578888553 -0.0970070417754101 0.0811539361215657
0.0764917630374086 0.0292594898410441 -0.172257228183773 0.020884817420205
0.00188421198529745 0.0820275587901869 -0.110019919449433 -0.0953689556108469
-0.00645141299520355 0.0510021231776936 -0.0562858461231741 -0.166411223217938
-0.00107344347523429 -0.0297764777601694 0.0743873517498032 -0.0179792464229651
0.13325655046154 -0.086678703399469 -0.0212557236585383 0.0224689169182108
-0.00219490225084544 -0.173974804184197 -0.0670862216729299 0.31989928958032
-0.147273329568263 -0.0631587762551667 0.163220390434138 0.254455005830182
-0.0803281575820944 0.0942032575372583 0.174622929775173 0.048401740037471
0.0209656433958468 0.0745813250198873 0.0710522903838354 -0.029222919669641
0.0377683558882763 0.0379718168944636 0.0302115598782202 -0.0251705004751228
0.0292941431700654 0.00513440551603132 0.0229883679400026 -0.0192477287245621
0.0159003985597296 -0.0174512466873404 -0.0042431409193721 -0.00724998019945887
0.0061073897583661 -0.0271690636353533 -0.0314508669119226 0.023366594682927
0.0266533515509782 -0.0320006110971863 -0.0546899115002803 0.0508378114026821
0.0741930222097083 -0.0111420026621056 -0.0848382964196314 0.0693639083541138
0.0848305393449481 0.0722915460989408 -0.155061568682576 0.0378627923106482
-0.0278779168351771 0.087252163279662 -0.170740088391537 -0.0689949734861678
-0.0318910672660176 0.0100021509517497 -0.0901699216698877 -0.174992575243337
0.0333646493809908 -0.0629274040204323 0.0633544760481927 -0.0297575602918653
0.0661913410215657 0.0365099398145143 -0.0234404287276898 0.0432344979790798
0.029513020625387 -0.0344540702928669 -0.0428295366207452 0.240551759381225
-0.0388025625008259 -0.0189535697981502 0.0448561406517414 0.231390121588653
-0.0231922650942936 0.0310980507556428 0.109195273973338 0.118196239733026
0.00579864274012369 0.0176012727980706 0.0829371801480235 0.0308841838176921
-0.00390536035582735 0.00877368922355226 0.06256695700122 -0.00208946737030901
-0.00561794602194183 0.0099842859244942 0.0463112983196675 -0.0139763310534709
0.00154443613558583 0.00343848029272067 0.00108499586671274 -0.00882059173210973
0.0214229583891051 -0.0264564752813516 -0.0262060422305429 0.0163807177646125
0.0527744688894 -0.0166929173517145 -0.0433638805460558 0.03285663938809
0.0941069172271078 0.0312136093111851 -0.0581959758605999 0.062348492081407
0.0471542010942079 0.127538388808828 -0.143400517905979 0.0689315003475094
-0.116667624232196 0.0646051762996351 -0.212980270427778 -0.0456233096611861
-0.055043197538304 -0.109225899669724 -0.128008589173591 -0.191620929803619
0.104946270505442 -0.104507322817731 0.0408093714095763 -0.0306031550251542
0.0428143610736118 -0.0127423791516211 -0.0312943905251609 0.0357859194184855
0.0274503707393969 -0.0108392261216495 -0.0515057976222801 0.159337070685371
-0.0118670078252272 -0.000109269957492871 0.0342481985451654 0.184957516080201
0.00319225881149843 0.0149193892305786 0.0887431759515006 0.110205444474343
0.0263579838861808 -0.00242393716423055 0.0776895272425201 0.0265846417143994
-0.0194089985856937 -0.00201201819312821 0.0584587181649862 -0.00638537469731545
-0.0159087316100306 0.0104753792524388 0.0380257496214505 -0.0147367479414174
0.00783603839099239 -0.0144328056527687 0.00862466967241887 -0.00879984980783125
0.0132602020629765 0.00855532998820843 -0.0123950853960408 -0.00373446495649972
0.0333748696028557 0.0128631013984003 -0.0176364915852304 0.0175347035748876
0.0467058576994182 0.0449079482405411 -0.053754379641644 0.0692659680702207
-0.0463632998319644 0.0513920548877166 -0.179752551902161 0.0527292930227246
-0.0600741666327259 -0.0595991929170359 -0.22184879607245 -0.120815036129489
-0.00733038811385942 -0.124474041949061 -0.0720848027916134 -0.240835790224981
0.148927070044563 -0.108701631489678 -0.012634100102881 -0.0663788538664443
0.0551028166009007 0.0333947418019726 0.0273266231612108 0.000279820763038778
0.0286363580018086 -0.00322171591368983 -0.036002644483654 0.105066274737341
0.00555187454578464 -0.000163306939730667 0.033631024640904 0.152099551987282
0.0365787023051581 0.0304770401348006 0.133230141730726 0.0864508661377425
0.0188090775888127 -0.0173929749863899 0.0811602019304473 -0.00488559829865784
-0.0140544945308924 -0.0123649247301005 0.0429943257574897 -0.0266568213498899
-0.0173461935266826 0.0105017272105387 0.0297087616987722 -0.0232415738046982
0.0142488200103282 -0.0105966666041975 0.0132104198066656 -0.00914816806906915
0.0336439534719468 -0.00026293717333502 0.00658158506225408 0.0032734145012561
0.0529164478535011 0.0315623439032005 0.0136596086434983 0.0314893529559978
0.0256212552969987 0.0840392040054677 -0.0101110204789511 0.116312756178721
-0.077582390758238 0.0774973975992836 -0.179663898674047 0.101896615164179
-0.0349955308184804 -0.10396649593816 -0.250040937495202 -0.114519198201048
0.0576373214561902 -0.174430851143863 -0.154744725016262 -0.298055495350514
0.15996958594992 -0.073002054617159 -0.00963784932752606 -0.053472146147843
0.0536456643009507 0.015942516864818 0.0284396832343747 -0.0291573063742125
0.0270606711870657 -0.0137726101426542 -0.030881197301824 0.0692953389562068
0.00334351896641618 -0.0118699886471499 0.0258850400478383 0.135631888187071
-0.00155814753386345 -0.00878353787586241 0.0994428492536733 0.0885565414093545
-0.0122488558659303 -0.0155285291116683 0.0865823634422887 -0.00417352737480271
-0.0200431911429566 -0.010454841181717 0.0386164947099733 -0.0327604902307345
-0.0145548586835515 0.00792888912954133 0.0208549378037808 -0.00681449932437701
-0.00316556497661205 0.0169953383822691 0.00294353125489433 0.00122057864645138
-0.00199768359317786 0.0212072779144558 -0.000979148332335482 0.010485026334746
-0.0145917417584852 0.0229726811706568 -0.00729260594373989 0.0464717919156462
-0.0361378370428093 0.0107693799928043 -0.0831138303427711 0.0986488411494419
-0.049323352931536 -0.0376559353882979 -0.239993932040533 -0.00598711445933869
0.0248864817094877 -0.0942343573282349 -0.195151735491823 -0.243169039644694
0.108589192588211 -0.0345642431400087 0.0175460758737425 -0.295593341025576
0.0924285221365713 0.0292926593935175 -0.0077528602020862 -0.104012243655304
-0.0238738194948498 -0.00894285161467462 0.0164251444705283 -0.00750747551908771
-0.035012383261674 0.00299718152180998 -0.0377058581104557 0.359708652900184
-0.0388824835650875 0.0399117154077468 0.308295530570951 0.300048263974732
0.0155044438605813 0.0457746450117424 0.324754139039337 -0.0561274356971303
0.0262628670343045 0.00812562321898086 0.0652213538943601 -0.180217507253026
0.0150538939007085 -0.00913449715730278 -0.0453528227437516 -0.0823299405679081
-0.00237563348547211 -0.0114455893289709 -0.0260088794251109 -0.0114661344421793
-0.00216413717470762 0.000199540173355214 -0.0211523191843213 0.000491970939908341
-2.00739151910533E-05 0.00500814744072464 -0.0326005647737013 0.0314929353352952
0.00492532258270406 0.0114474771323139 -0.0465518362659268 0.0668416166569053
0.00496087341129803 0.0094436794555032 -0.0943485352296998 0.0744211037450592
0.00244886397425024 0.00186781997402265 -0.165606318032595 -0.0174050794166714
0.0208272125687571 0.00748302949572865 -0.121242841266668 -0.141134165419893
0.00675449632970228 0.0462210497801342 -0.0107780029684995 -0.157768415079644
-0.0476908735974821 0.0436111315781609 0.0610407442557859 -0.0185913767707646
0.0187485907897895 -0.0119657644235723 0.0109507873971108 0.0660744957115538
-4.66552345097142E-05 -0.0332229284009684 -0.133320333754358 0.247788970537637
-0.061387075978445 -0.0174958782959398 0.100803714831897 0.321985521171385
-0.0447285355982393 0.0678968390081739 0.231309565484178 0.0852869096531528
0.0175021218593669 0.0501220550661395 0.129532751445425 -0.062740079533042
0.0367563528928259 0.0160457631525621 0.0191430987321803 -0.0503232535141982
0.0193427270798059 -0.00944092450129665 0.0178313410217173 -0.0260389235664785
0.00386695806981079 -0.0105874346049851 0.0025682233603882 -0.0209648546289333
-0.00852861030364082 -0.00916273867732608 -0.024386118798988 -0.00118314812239824
-0.00177299316920639 -0.0104379355929855 -0.0494181889353103 0.072561027210202
0.0198415187709288 -0.0104506094287086 -0.10030893448386 0.0881197080395221
0.0441694393196261 0.00641568773694865 -0.180855652729073 0.00923366540661121
0.0205757247513039 0.0473613455261733 -0.147560583035988 -0.125748844565559
-0.0122413126412925 0.0418376688469341 -0.0259387341704414 -0.162945831395608
-0.030535514698056 0.0107638964123194 0.0760568442061443 -0.0159303687457909
0.112152114604671 -0.075922656716742 8.34530036055713E-05 0.00851301865074613
0.0079563997499971 -0.155952968903616 -0.0744409407908596 0.35333684334079
-0.132925361221929 -0.0655081578644724 0.214443040572933 0.297742769975258
-0.0879461950325376 0.0896600206811589 0.247607951387201 0.0249898977342934
0.0175700117638666 0.0799862923172552 0.0837186474760868 -0.0902069629202264
0.0469173919763773 0.0361078151835973 0.00601264527395273 -0.0535727045870148
0.0318304172915148 0.00165026098957452 0.00445403496432375 -0.0220175356543254
0.0131783945872582 -0.0144687669947541 -0.0134717782447285 -0.0041465229579546
-0.00491836479447779 -0.0188378703790392 -0.0321699690130783 0.0329162063760747
0.00286664748909672 -0.0274918078012217 -0.0535388146423585 0.0694417664519994
0.0449516859295585 -0.0235543021085761 -0.098256308150593 0.0871856277847345
0.079699844347486 0.0250401194900537 -0.175255042087978 0.0278006104263308
0.00694932580584159 0.0837293128869376 -0.118456372697964 -0.0979142793044749
-0.00830626504067724 0.0501164967090439 -0.0621541857675542 -0.169966010849192
-0.00306870710204801 -0.0313400795148771 0.0768246162554072 -0.0251719538854504
0.130319572204657 -0.0971544911769891 -0.0238866234282911 0.021376867342413
-0.0133459383429215 -0.177554924512019 -0.0572446214763209 0.32731664103181
-0.154716143164891 -0.05567612908436 0.173586874345607 0.251977208174291
-0.075537200363768 0.101260655045534 0.176269942990028 0.0454220846705494
0.0256977642491964 0.0737427781421788 0.0718138180958093 -0.0305397179637574
0.0415617838787663 0.0352655346988096 0.0300389642533481 -0.0265991053988952
0.0305074801151149 0.00294641895781804 0.0222159514180383 -0.0212370470428309
0.0134049139283706 -0.0197259606683631 -0.00492272526952225 -0.00661513887961659
0.00432036043041805 -0.02809900559259 -0.031448453990951 0.0270456906331277
0.0244270457571617 -0.0339006066522237 -0.0550266659832086 0.0558768839877719
0.075019555210688 -0.0158177209230884 -0.0864602352550791 0.0755761330968762
0.0914893496876327 0.0675362628907825 -0.157390105026286 0.043262974135479
-0.0264930775020422 0.0932092235031655 -0.176874554792164 -0.0664266098889893
-0.0494682818067559 -0.00228181868142512 -0.0951358572809445 -0.175708429452169
0.0299432845056453 -0.0686078799811871 0.0662491180802494 -0.0356195119972246
0.0728286800213246 0.0310104199731234 -0.0255605038346566 0.0455684607708714
0.027711848890286 -0.0424239061383671 -0.0359935058934279 0.245588754385481
-0.0444279501730577 -0.0186227212346982 0.0521445499987907 0.238243760025083
-0.0231365151032766 0.0357475465242207 0.11481750810684 0.119355418603026
0.00744424198929219 0.0184976840053266 0.0880436376969115 0.0283779393225962
-0.00342391888712138 0.0091995380202953 0.0657470014182428 -0.00500290979288766
-0.00423974145172052 0.0098353753355805 0.044360859767563 -0.018884678601412
0.00307812750543045 0.00215019110555128 -0.000419428156950351 -0.0077163158420879
0.0204111594809658 -0.0274786270799737 -0.0256061659045416 0.018137603818611
0.0552733656338087 -0.0215904068317311 -0.0441335499784223 0.036713112587534
0.0985609242294145 0.0243311894708456 -0.0598693868503499 0.0657207965602348
0.0557465564879486 0.127994479076002 -0.143878082841593 0.0760117051933289
-0.116574681951239 0.0739803694446866 -0.218139121835249 -0.0394325283557367
-0.0646542971587668 -0.109157845710993 -0.136717403153381 -0.190347589190579
0.0998770233377761 -0.1154795868641 0.0446015144921045 -0.03461508012384
0.0457860859173184 -0.0193709430761062 -0.0318620127520532 0.0346857875464843
0.0246019437045143 -0.0163083991254711 -0.0535628035019332 0.166932133478964
-0.0163748096125021 -0.00212395321788576 0.0380180161645271 0.190864139599852
0.00398630814448519 0.0160444967132298 0.0954598238139234 0.114322599535439
0.0292014552468106 -0.00405989098648044 0.0836644304713066 0.0246121211753817
-0.0172409319048475 -0.00123104083158084 0.0612182029326453 -0.0105402079469719
-0.014172499230201 0.0102213179779631 0.0378046539876173 -0.0174389533346066
0.00687085370171384 -0.0152207227807522 0.0074226009234175 -0.00915699201833444
0.0154548759244185 0.00644376753173129 -0.0130982374499709 -0.00119783427936897
0.0342401759873836 0.0140557755562794 -0.0200766962252171 0.0189598125966392
0.0390285186858309 0.045090598147605 -0.054043091017515 0.0724073274407699
-0.0436087296117365 0.0575908663313801 -0.181715309319425 0.0617322617514436
-0.0679639205405247 -0.0558701430001906 -0.234504156738512 -0.116957212239838
-0.0169377366428706 -0.133592920432164 -0.083647263137013 -0.245437134919456
0.145090167744257 -0.121541491159148 -0.0133129216127882 -0.0653406929282023
0.060762601899946 0.0265239521694131 0.0211602283812273 -0.00202422399297155
0.027665160813451 -0.00810357122385113 -0.0381228104890756 0.110894701860853
0.00141352576859051 0.00194744456490576 0.0460374438592496 0.160025826818674
0.0403770768676668 0.0294369738559984 0.140060997894528 0.085126604991056
0.0185957561723076 -0.0195266091189373 0.0856340485778597 -0.00541163667553458
-0.0143346605214944 -0.0131788731139237 0.0493680229996036 -0.0229007114294671
-0.0166252423610529 0.0112835775870307 0.0282833107533608 -0.0279562630245687
0.0140629026471096 -0.0131534217569237 0.0105190525544181 -0.00999806247621492
0.035881464579102 -0.00256496967189114 0.00516872723567419 0.00444201743013772
0.0563281224750784 0.0283250785992418 0.0132876276765586 0.0301654364426609
0.0329310845960409 0.0833516189536218 -0.00797881585317257 0.116493251718
-0.0740615135416633 0.0848448264467501 -0.178242951475611 0.10883817371267
-0.0456821614743849 -0.104268735251083 -0.273636632587009 -0.0949147375940211
0.0471236470488425 -0.181669624720717 -0.167593498591591 -0.294817251783092
0.159036139199417 -0.0842004560360438 -0.00965807246070937 -0.0549910518666191
0.0563055640344367 0.0103716935042645 0.0210984772503975 -0.0304920616979433
0.0251884289500676 -0.0172678550217317 -0.0346007965570242 0.0753694378215456
0.001839490747449 -0.0110842918730081 0.0296687122592531 0.144244850019913
-0.00148418460418233 -0.00704680671737773 0.108182651596253 0.0916700411744034
-0.012199510280872 -0.0145545045114477 0.0910965252704926 -0.00820332739388982
-0.0196613583593212 -0.00935000896965631 0.0392419805215554 -0.0358575980823102
-0.0125113119163229 0.00768257628962189 0.0216242970510685 -0.00986963923037176
-0.000552245162486906 0.0159626903702165 0.0037065656936355 -4.05832706062462E-05
0.00092150480456367 0.0210185988080979 -8.78461662935633E-05 0.011439803390374
-0.0117248751481859 0.0254155285930235 -0.00567694727482633 0.0479334510227792
-0.0351229660778964 0.014550840351291 -0.080812828290806 0.104468247486348
-0.052945363779375 -0.03379132830169 -0.246624568936113 0.00561230945466019
0.0187657608145334 -0.0979438247876567 -0.21207493044368 -0.242608728104265
0.108868245291555 -0.0436527716515095 0.00624544815167016 -0.306004192833154
0.0962513240911286 0.0234624752903247 -0.0108831284792833 -0.104352303267466
-0.0256148620288199 -0.00488194247066334 0.0113701134262916 -0.0089373739863469
-0.034052902144059 0.00468072869106834 -0.0251153196192587 0.354510921575092
-0.0345176233766976 0.041248369653931 0.316809221958561 0.281377910087637
0.013916341499469 0.0456085113806856 0.316951257766425 -0.0715563828328776
0.0272868631182248 0.00575471989481672 0.0612836333706024 -0.180830076549896
0.0161950814410487 -0.0110192622850463 -0.0479900547202253 -0.0784088062435995
-0.00110515414811353 -0.00948373880187643 -0.0277305135379348 -0.00989810830582834
-0.000869814945349262 0.00174131684495476 -0.0204259960225775 0.0046782288902076
2.80950016535898E-05 0.00954950010545969 -0.0284548880390764 0.0350960393265287
0.00514264934823937 0.00457030268278683 -0.0446378814557324 0.071839127879653
0.00690635616330428 0.00953793010791148 -0.0943558455179268 0.0759735225121453
0.00271208766628432 0.000516796856240411 -0.167028344116481 -0.00871466445795267
0.0216848987265841 0.00792471946232278 -0.128616198122192 -0.14251823802516
0.0117822825527091 0.0417787656414739 -0.0128740169117684 -0.157077029437569
-0.0403132829786644 0.0413289716451432 0.059706684173188 -0.022649724916086
0.0294647571968684 -0.0372782207913269 0.0108930255044576 0.0586485804771674
-0.000329078532126251 -0.035328304309417 -0.129317344559884 0.254631890618517
-0.0628094759407326 -0.0155959997638465 0.169446064653465 0.280193635785117
-0.0417244521940476 0.0691700465555984 0.244775786843634 0.103086143670926
0.0201331110507878 0.0491313669166498 0.126410847965399 -0.0671103265730479
0.0370957781535917 0.0118192882134822 0.0158684847216609 -0.0504480795495984
0.0181050797986289 -0.00893574673747061 0.0172059532859152 -0.0247950018340821
0.00437934117175111 -0.0108718387559822 2.43309256765211E-05 -0.0204082203537492
-0.00806547272276267 -0.00833928066741657 -0.0264015556695426 0.00308241867706112
-0.00349256480787135 -0.00930962146758656 -0.045945716303446 0.0759569517705208
0.0186461398076033 -0.010939675029105 -0.097791504659198 0.0933065553131605
0.0442126537150225 0.00236837955086311 -0.181270551894143 0.015413721889989
0.0246403540785125 0.0457224767165 -0.152765091308952 -0.122195369774854
-0.00961716968555963 0.0421950139614317 -0.0306324900762058 -0.164706787938643
-0.0298679966520754 0.0117997396171204 0.0778136131136359 -0.0232691369337038
0.107110654505885 -0.0823784883485752 -0.00236834064859291 0.00671027774475244
-0.000824767685640126 -0.155956954757642 -0.0618541104873846 0.353663570489374
-0.136234039830401 -0.057266498403579 0.222933464222093 0.286293460703054
-0.0815736686451821 0.0941998104236298 0.243768777763896 0.0164457059076745
0.022163261545046 0.0779442926540091 0.0781300361259923 -0.0908202727781709
0.048771565420966 0.0322544479154125 0.00369313526527045 -0.0526982871732987
0.031278720017658 -0.000489949678865574 0.00311996501598508 -0.0224753071731512
0.0113713108227663 -0.0156373783496071 -0.0139186785064976 -0.00193878719917622
-0.00639174163186314 -0.0178003819234771 -0.0304670451914258 0.0356886640968385
0.000498808337909615 -0.0267160764067478 -0.0507771139267802 0.0745099889799607
0.0429306087926022 -0.0264647369894358 -0.0957619777164409 0.0922680675265621
0.080579143612227 0.0195594060696563 -0.175663321484592 0.0333247818285556
0.0129286359573562 0.0837311539524184 -0.124879789310018 -0.0978123810212106
-0.00681978425320935 0.0489547990415211 -0.0666134186012168 -0.16899233892176
-0.00561785304606212 -0.0335448002346336 0.0782647089180411 -0.0314349468542562
0.123856176213075 -0.105627171904584 -0.0256080385282941 0.02113796655706
-0.0244236555751689 -0.177009546665796 -0.044830260784313 0.326161133285238
-0.156947191049015 -0.0451423006588919 0.179432407456973 0.243032442388106
-0.0680425178119901 0.10549136614057 0.17600532902627 0.0405908183178234
0.0296992578572349 0.0709346032084987 0.0705757923959064 -0.0307924880543129
0.0442798503240622 0.032128915523888 0.0287534195022778 -0.0280125610260349
0.0300094415683966 0.000617295988385851 0.0197763725305399 -0.0220528905431612
0.0119926579376326 -0.0209095462511556 -0.00508310346208555 -0.00551461004414021
0.00186428076243571 -0.0286276169693734 -0.0300365225328594 0.0312884528896088
0.0223767081906132 -0.0348232491740555 -0.0523853400733106 0.060379979497863
0.0738694088212151 -0.0204944693978543 -0.0858315155200173 0.0798962629486459
0.0950648692879729 0.061375209241493 -0.155748562594415 0.0486302937418264
-0.0238140349794358 0.0964804359016272 -0.180831412509226 -0.0620782915644568
-0.0567395606401164 -0.00771787131185163 -0.0995530515566392 -0.170920909550996
0.0257748497074401 -0.0722761204918703 0.0664917408489637 -0.0409405632683564
0.0772870921715224 0.0215895969738379 -0.0256645299004925 0.0434464244211358
0.0232064803989392 -0.0479404477038783 -0.0295014400453841 0.242980180183424
-0.0489953973810339 -0.0160744542115811 0.0614149033159732 0.237254123168208
-0.0206010428283043 0.0394254679955207 0.119116558141488 0.117659254916037
0.00993135897238071 0.0189907744350563 0.0910431280144654 0.0278163506005411
-0.000670959682156279 0.00849708273953083 0.0656299088830806 -0.00875059518332742
-0.00303859555350739 0.00942120091354402 0.0435870482304939 -0.0225194549364905
0.00485800547052011 0.00159010310732451 -0.000495837768915274 -0.00776554596276704
0.0175172767137644 -0.0293401757198448 -0.0256440047749044 0.0218417530410193
0.0527329893359412 -0.0247044235761738 -0.0450229307387965 0.0413655752329222
0.100239716548127 0.0171025387674077 -0.0604032057623108 0.0694266057376112
0.0652089648734281 0.121697975088008 -0.14010368333834 0.0780758787408256
-0.111313312888271 0.0816924840443306 -0.21815967171559 -0.034149123406334
-0.0727404407507454 -0.106307457449402 -0.141771962929582 -0.184277866383774
0.0913577818143637 -0.122756987908493 0.0449011940305806 -0.0379568839644413
0.0449372434659228 -0.0305169545854261 -0.0355860540439525 0.0367376151607435
0.0219625294835312 -0.02308724023756 -0.0522032806300739 0.169167012559671
-0.0202095173433121 0.00174488292890096 0.0455834294083301 0.192480026717798
0.00561894216596456 0.0189171037978446 0.10083521996228 0.114258767221152
0.0289984408164526 -0.00413065567513744 0.0864526497694044 0.0218417694822013
-0.0164981000000029 0.000294877338414511 0.0614855096328893 -0.0136860970529629
-0.0120851836915242 0.0107178125438008 0.0372900822140534 -0.0193170279870892
0.00700712788812362 -0.017801035001597 0.0065345743329892 -0.00897771888596518
0.0158621975800631 0.00460670122122656 -0.0157178037922526 0.000227044299324034
0.0365504619144051 0.0117812949916606 -0.0220124985255041 0.0210158358026059
0.0327865864286297 0.0479428450047523 -0.0514816773100442 0.0742196320505291
-0.0393242838084724 0.0645450010587804 -0.179194167096652 0.0697477866665122
-0.0755693676444288 -0.0511487277380658 -0.240744314748791 -0.107448136001354
-0.0279122868243247 -0.140451536679492 -0.0935190918697852 -0.241648267994814
0.137869654107699 -0.130738416963585 -0.0117808997697638 -0.0645333539552662
0.0632472312660411 0.0199393336753752 0.0151002691626728 -0.00383319119601894
0.0249533811761513 -0.0123416936000309 -0.0383629904853921 0.114933307869004
-0.000354080724609387 0.00140272892909987 0.0539572761059705 0.162853267015545
0.0428675265718998 0.0277142901491174 0.143989383619424 0.0837784101657991
0.0193129060926064 -0.021283689921389 0.0877030315298064 -0.00430615243027574
-0.0133806494131667 -0.0111525930785251 0.0526926542634343 -0.0251384560288024
-0.0141413271040678 0.0107156796140028 0.0245892362409665 -0.0296648598140269
0.0123586230214996 -0.0146120349673375 0.00428129432521838 -0.00633557358026504
0.0350435379079591 -0.00656351975772531 0.00541106839292522 0.00281685573067035
0.060204587808739 0.0240934029797893 0.0109820024610911 0.0290355728705669
0.0390958599096505 0.0824991457747281 -0.0041361246836847 0.114198507167735
-0.0686171324267148 0.090492597535798 -0.170412538740236 0.115235345900484
-0.054520457646998 -0.0994526789894613 -0.27136107320216 -0.0897090639695715
0.0363455091121225 -0.184209639850631 -0.178624239446035 -0.285369623236885
0.152497459110398 -0.0939685317893598 -0.00748216056353965 -0.0548473055183982
0.0573381315526492 0.00470194362143083 0.0133721985515712 -0.0308176750011326
0.0230392340151137 -0.020069915294829 -0.0368890452044069 0.0810156504214649
-6.69000115918698E-05 -0.00963557103751818 0.0347104085099738 0.148476532870662
0.000109938925570497 -0.00604434962896915 0.115571806196752 0.0928696788639546
-0.0113231927249656 -0.0137681925832157 0.0918443315225347 -0.0161663766003219
-0.0191192107227549 -0.00832600067590178 0.0395991928128732 -0.0380099876244759
-0.0113405075096853 0.0083501807791534 0.021788170053274 -0.0123534976240346
0.00107377476749301 0.0144296782580405 0.00397851694197568 -0.00132835875429438
0.00402201139056695 0.0200197799226974 0.00092460523974498 0.0108375798750253
-0.00822267317700623 0.0261751909410691 -0.00429222841716011 0.0480231858373442
-0.0327351947698853 0.0190214438861418 -0.0768719588430429 0.108263239695758
-0.0540481134980184 -0.02921711608673 -0.246723081567197 0.0173568273003269
0.0121256640925892 -0.097829785642372 -0.224778926382295 -0.234567743801207
0.106756891804056 -0.0511869990090916 -0.00765392040889907 -0.309922477267311
0.0981017546083661 0.0165296975272399 -0.0141068788266633 -0.101281567104023
-0.0243924826720434 -0.00173081000398245 0.00647082815051181 -0.0119714416986876
-0.0308121143781465 0.00622562855411668 -0.0153315978031542 0.348464911544609
-0.0318054159024091 0.0422740487763979 0.316632703776067 0.268940620225746
0.0142339168969847 0.0427289041038152 0.308226541084549 -0.0717790624305137
0.0279688230927438 0.00402263894192717 0.054006593451046 -0.181289200431576
0.0139457473518309 -0.00722855278375739 -0.0518347452220945 -0.0731528899735966
-0.00656332743535721 -0.00591054523718767 -0.0266251175489612 -0.0109255806182638
0.00276167956706213 0.00277512181342878 -0.0227844942387569 0.00497331577577229
0.00105119104699469 0.0106676410022973 -0.029648294038201 0.0378869119812538
0.004010307729991 0.00872155583171756 -0.0436178957068506 0.0706212028918511
0.00541819040589418 0.00976673638299415 -0.0931332875735798 0.0771276584244651
0.0050195199334371 -0.000956450160310309 -0.166029049559352 -0.00672223946296043
0.021972160191141 0.00911715056049335 -0.129028357059979 -0.139658328610247
0.0125918999627358 0.0424917005290556 -0.0103609317488328 -0.160127683248823
-0.03712692398382 0.0440497028913604 0.0601489661988252 -0.0259043578570366
0.0301361026312901 -0.0392357599244323 0.0104895111047528 0.0533096085177611
-0.000737353469785478 -0.0356376906474058 -0.123964919480719 0.258779026830594
-0.0622769793956185 -0.014000521907159 0.189365671012684 0.269778238914858
-0.037140118320328 0.069168284719125 0.243435755857632 0.0962624115381816
0.0208881217669584 0.0472258855267272 0.123757573896964 -0.07128638325751
0.0364914014770577 0.01086507300827 0.013521247724903 -0.0513438936796334
0.0172830569684961 -0.00903103676727958 0.0158773694316578 -0.0255370194943223
0.00396275807621915 -0.0104332368150081 -0.00217115689592897 -0.0192012842370791
-0.00883718751592483 -0.00800602363797609 -0.0273650696076672 0.00674302653571389
-0.00475441630580846 -0.0080452758436496 -0.0424270737820364 0.0770693700416121
0.0170445623554707 -0.012095016353968 -0.0948464960709198 0.0949005447164757
0.0434036185355686 0.000240440962215951 -0.178389029831724 0.0189102350192601
0.0267290294304718 0.0434888797736157 -0.154748121401464 -0.118108658264882
-0.00764270731362684 0.0413125627542995 -0.0325863805847883 -0.163204936220197
-0.0296592863483874 0.0126186014269233 0.0776797553512505 -0.028285385725159
0.101686824477231 -0.0858836299363322 -0.00554700765627838 0.00476787387623824
-0.00746614640104701 -0.153541622851246 -0.053965337494517 0.347161033370531
-0.135253614085873 -0.0508429865018316 0.222318761066093 0.276299215676501
-0.0764819540014874 0.0959019821001854 0.236401001558421 0.0127870048666835
0.0246267546310146 0.0744691159690625 0.0743229120723949 -0.0877561565399977
0.0487953786863311 0.0284769582044005 0.00188828286299046 -0.0507384385305161
0.0308439368493122 -0.00187828053453885 0.0020905930387277 -0.021566456826927
0.010620259980164 -0.0162955348068517 -0.0140967526484485 -0.000537734056446863
-0.00779711987887887 -0.0163507579758876 -0.0279716085381682 0.0392463468856123
-0.000904153537556661 -0.0255785177880584 -0.0487413649165995 0.0761211755822011
0.0402404211941667 -0.0278781869922489 -0.0936677932090892 0.0949592204868742
0.0796284922232977 0.0149393887046653 -0.172624647960509 0.0373736294046098
0.0168097774702116 0.0814005838921671 -0.128476988374114 -0.0978300620302328
-0.000153274412705828 0.0455846821546991 -0.0691107623637845 -0.166929503605365
-0.00771918937859696 -0.0340475914473294 0.0774557496650975 -0.0355922370529878
0.116412304825563 -0.109328946614783 -0.0270877160943335 0.0195244010418828
-0.0314179629778508 -0.172849373892873 -0.0392486629539805 0.319580661519581
-0.155887579782139 -0.0370146980696631 0.177747955292128 0.233544386772247
-0.0617796766707819 0.10621233741123 0.169874579236509 0.039030798992854
0.0315928929764435 0.0679214833908492 0.0694342108528319 -0.030635720523416
0.0452262139370749 0.0287468031252414 0.0281584914420996 -0.0283195070996695
0.029167305383617 -0.00145886608673806 0.0191689703448379 -0.0225456630553015
0.00956155001121346 -0.021822856013289 -0.00608777049447641 -0.00479360768112145
-0.000280869252918982 -0.0275173255691326 -0.0285224963898873 0.0338340650199425
0.0202220109763279 -0.0347103146241336 -0.0509812355283382 0.0624960537657535
0.0710855454890149 -0.0232805306744477 -0.0840427113694047 0.0825825403615137
0.0957264924928028 0.0551173896934806 -0.152844849676163 0.0505326276751166
-0.0210590282025503 0.0981076142723252 -0.181207255218251 -0.0589709067856314
-0.0590533887766383 -0.0090970089444848 -0.100096580412873 -0.168184462101348
0.02163195359231 -0.074341856370571 0.066528369371062 -0.0448628125349468
0.078941115378557 0.0141144078093234 -0.0264297736684843 0.0399184578031
0.0177087678247055 -0.0531376029086923 -0.0313413772148245 0.233607389393719
-0.0513563120869146 -0.0149768697314697 0.0632637258266397 0.234714500930059
-0.0207715294963894 0.0400948262374634 0.121549911562004 0.116266338851014
0.0105757282071308 0.0188610192433439 0.0919513929996558 0.0265249394823474
-0.000400254050526954 0.0088616066513715 0.0651586274384674 -0.0114416528896006
-0.00123525162788695 0.00895156127611319 0.0423252884189437 -0.0246322314815821
0.00303647046500586 -0.000742508955677162 -0.000818039566390474 -0.00660795497133145
0.0160081562030339 -0.0304304825045558 -0.0234938436378856 0.0243408145313146
0.0512880986114666 -0.0264618275460445 -0.0436939269886469 0.0424167278078286
0.0985483217945725 0.0125028998358845 -0.0583882236304037 0.0695986281147468
0.0701919242051669 0.11749174046835 -0.134769591889271 0.0791999843925834
-0.105382375793735 0.0859813065966168 -0.214102921959825 -0.0298371479673073
-0.0750620154995295 -0.102108174266296 -0.143130369822514 -0.177737696198771
0.0827560610679569 -0.125848963721176 0.0463240103067504 -0.0417226639044019
0.044400407098641 -0.0422158484404126 -0.0360020005487672 0.0357410052362986
0.0185175028970883 -0.0270550270577231 -0.0496029385469287 0.168702701992825
-0.0228004620657321 0.00180725582541881 0.0456341338642961 0.192408910595729
0.00617019035775307 0.0203282691385511 0.105357897032702 0.11499934985719
0.0291797920023551 -0.00550788338977091 0.0856310675853819 0.0209060279578153
-0.0145663678963783 0.000543584632136484 0.0597092425152185 -0.0168837775840243
-0.00963741947669569 0.0103846270467519 0.0347873687281397 -0.0200863728732721
0.00588271379763206 -0.0179936376124225 0.00518235168269105 -0.010804704491066
0.0182970314021491 0.00203691333083424 -0.0168945196650195 0.00139965671167359
0.0441031498755876 0.000713164602224064 -0.0252534071569628 0.0224630881405354
0.0345939549310958 0.0475341642546855 -0.0503985954375292 0.0757036439895347
-0.0355697818397974 0.0658073440993912 -0.173585821415051 0.0728302065248238
-0.0780699840694458 -0.0457020414280641 -0.241401490388675 -0.101909516101062
-0.0366943217560705 -0.144877684038504 -0.0963874389905132 -0.23599734599074
0.129792117217876 -0.134781984574374 -0.00944638792523409 -0.0633562453761733
0.0636173499292693 0.0131477328931136 0.00894797310962423 -0.00442670032668123
0.0208704371926883 -0.0156490610331257 -0.0396030294444113 0.114802419610829
-0.00247022579110601 0.00373376610525821 0.0586748762269085 0.165780294139669
0.0431288757153269 0.024529412022654 0.14412317405731 0.0843705513907486
0.0175490440596851 -0.0212375868848029 0.0900861749003573 -0.00295181030762552
-0.013568289371259 -0.00986751786362621 0.0533387497975541 -0.0279719723782287
-0.0124969281342962 0.00976141180627184 0.022910145301552 -0.0277586791191249
0.0102287177619394 -0.0160077272580445 0.00426164924324328 -0.0074280974859063
0.0349018410943274 -0.00896510539345147 0.0049392450026574 0.00453266093523714
0.0604397860239109 0.0208874995919922 0.00876330512331079 0.027786140483595
0.0421207254142238 0.078960421061753 -0.00292889554177218 0.1107289249243
-0.0622758993068558 0.0912011835825321 -0.163662139845268 0.115581237627093
-0.059173417139831 -0.0949677888631938 -0.255814667076043 -0.0988920494386272
0.0283134644278229 -0.183010149012268 -0.180804333001676 -0.27383955870598
0.145017091960689 -0.099103808888302 -0.00648036547576887 -0.0576244647733957
0.0562982778255217 -0.000481776147842316 0.00491108739353247 -0.0289867261593084
0.0200703676597141 -0.0218588766088369 -0.0399611769809129 0.083240447384732
-0.00152594569937743 -0.00839799608679148 0.035894097272892 0.150708114614936
0.000714549404095094 -0.00513596937717966 0.120729345663312 0.0915949990231449
-0.0118198973985647 -0.0129807692799946 0.091454797432604 -0.0197498745394162
-0.0181431729125118 -0.00746740983020204 0.0389914869607829 -0.0393945592684612
-0.00921496087660234 0.00752578549119385 0.0226580765490289 -0.0144567118784492
0.00298925068611274 0.0127532977460766 0.00440274894588395 -0.00231470878185634
0.0061007430005419 0.0188047943354484 0.000395563894312282 0.0104469763553727
-0.00435036134519904 0.0265876456314836 -0.00431469021789902 0.0475711516033083
-0.0290607361528298 0.0212442183565811 -0.072894423713558 0.108412369818134
-0.0548380985299736 -0.0246305129159814 -0.241668651590678 0.024640555672973
0.00554102197708567 -0.0962133371411957 -0.228581451464597 -0.225980212990257
0.102925992739074 -0.0564978025549743 -0.0154982777839045 -0.307335236622015
0.0966817446352083 0.0102490418856963 -0.0141464543254366 -0.0974933456712808
-0.0244725477030257 -0.00762386460297303 0.00900167223531921 -0.0036211063010711
-0.0292015834494231 -0.00921914989326282 -0.167834173276793 0.304466907786529
-0.0420242775197099 0.0229511983433743 0.1700272894567 0.377069480862624
-0.00579696294464005 0.0410347540669196 0.309274015508284 0.0614704274346826
0.0191121245266891 0.0172467880553499 0.121010542101207 -0.134270309067575
0.0145215833378207 -0.00601559755761617 -0.0141470437098427 -0.0850055494112071
-0.000685284216369237 -0.00744951247965893 -0.0190455657966828 -0.0157141470656533
-0.00381065866704776 0.00413518858748091 -0.0172084449424473 -0.00122359640061244
-0.00371310149370901 0.00958867053187575 -0.0373282923799844 0.0255926541069954
0.0012896628656937 0.00976165482950177 -0.0686374861376719 0.0488672362158374
0.000115842601434124 0.0105882930482078 -0.116053481676781 0.0303778655784269
0.00311292613525525 0.00251436757344383 -0.143510947007062 -0.0783316700881195
0.016865201933587 0.0146196978417721 -0.0568559459498543 -0.180506577092394
-0.00115041554342808 0.0397253194828615 0.0520594914689559 -0.146889531478283
-0.0513932461657722 0.0258000274607161 0.0700010410227068 -0.00300118227295553
0.045897564019599 -0.0230812009642117 -0.0167795409466745 0.0449452850435121
0.0181969541533656 -0.0323062658415492 -0.226820906376713 0.179282938000316
-0.0483778541300084 -0.038488514371609 0.0648026425747055 0.333686681487154
-0.0625388696571083 0.0442019831615199 0.185416291027327 0.194437410584399
-0.00410371938489444 0.0492809470064182 0.143979554276494 -0.0106476525067476
0.0275584454393258 0.0240014086979292 0.0363018375260086 -0.0394982270442216
0.0185290378592732 -0.00145387104687932 0.0235243787269468 -0.016525535315925
0.00667622646527199 -0.00766616105037118 0.00501048087728489 -0.0169477954728968
-0.00574273690195272 -0.00906397878751472 -0.0279403686786437 -0.00245404899509887
-0.000870952382630989 -0.00774620064980195 -0.0714873890311786 0.0530952152563522
0.0200449603041033 -0.00270992910712566 -0.125745369584758 0.0456039871888969
0.0380591238006601 0.0179692119102178 -0.168410154618825 -0.0600177810837942
0.00532434376168747 0.0507710344746288 -0.0875140046571261 -0.172359452956381
-0.0237642079150792 0.032603048100866 0.0380962003649751 -0.162847629061689
-0.0296024476658299 -0.00140228378657767 0.0851023988819483 0.00272369925929283
0.130328548339514 -0.0334562219726362 -0.020290459489947 -0.0100967424320219
0.0606074678669563 -0.138501307726594 -0.205103596108995 0.286014269707999
-0.0991074937455981 -0.10125768090416 0.0756836064489633 0.350197603630853
-0.107325317450427 0.051677395645359 0.211271099283814 0.118827347716226
-0.0111448850649446 0.0764560545218348 0.106932885977709 -0.0460259034624106
0.0321347094027664 0.0445707207868494 0.0254598679128641 -0.0441350280054872
0.0282815585472834 0.0105831060060758 0.0113446974484232 -0.0187170758752758
0.0143407034463628 -0.0116160120558098 -0.0128284578485744 -0.00559664750683802
-0.00155744070442779 -0.0178174775764183 -0.0413378238727091 0.0245157154563326
0.00953015824338063 -0.0214539970773941 -0.0753254773852383 0.0500753922762833
0.0473046953385776 -0.0082440100849124 -0.12433252518959 0.0456737713715108
0.0649199088789207 0.0450327206083313 -0.170115650568559 -0.0394644294377856
-0.01801615753491 0.0821721624850382 -0.0752538362676666 -0.144059824777371
-0.0131281139112331 0.0389014314215139 0.00542677219029932 -0.180480439678989
0.00681948259264224 -0.0366744915754382 0.0896244772465527 -0.00254233633619187
0.155440719783098 -0.0483513953457284 -0.0492489779829301 -0.00728018497745446
0.0470939302670128 -0.167879135389469 -0.181354607151571 0.269586983689861
-0.123523944648091 -0.0982323488953793 0.0529720110294518 0.295826805866849
-0.0990570116555122 0.0665830659174109 0.140174497269631 0.115316873432387
-0.00109626926377754 0.0727888751393187 0.0788562436067828 0.00406689558646265
0.029220828592265 0.042954953155729 0.0392644861416549 -0.0133564150771892
0.0270738909601681 0.0102892878662722 0.0259762943885358 -0.0125204464945764
0.0173385939177784 -0.0168521267797083 -0.00507542569354639 -0.00561648146809051
0.00965629828729753 -0.0257119071621511 -0.0388984519530308 0.0195958952894986
0.0326902570944539 -0.0225224263779105 -0.0728938365770245 0.0363709159818948
0.0742282314362161 0.0077604942771525 -0.110785144189749 0.0380443485330373
0.0653588897917684 0.0884265678990269 -0.15922959409445 -0.0193201513623172
-0.0614045583193451 0.0843598504935194 -0.139004065785665 -0.130749178187264
-0.0549217814799361 -0.0361037207156435 -0.0190110032910558 -0.196483994815144
0.0468814355335989 -0.063231996458673 0.0847052601761356 -0.0120872730062349
0.0671346154980022 0.0364827830715527 -0.0458418285053845 0.0135384903611342
0.0403821105871284 -0.0420687319716088 -0.153580879862679 0.171364001340858
-0.0418964339718128 -0.0357992648038232 -0.0468513149991635 0.243386737864736
-0.0351682889267937 0.0285720182786768 0.0609624894665919 0.163834468745457
0.00216606591457158 0.0213994045791655 0.0745421386831239 0.0637877624156336
-0.00290276686668493 0.00855327901521249 0.0626447183465358 0.0160782383334449
-0.00385193442231332 0.00673479975862478 0.0460650831549536 -0.0041639901738115
0.00599400813589177 -0.000470165400422173 0.000974799375119917 -0.0069002167747954
0.0263154061574255 -0.022820257358984 -0.030869355887098 0.0119943654220009
0.05810775352087 -0.0046195377826585 -0.0602847166840037 0.0225036661182239
0.085893435609593 0.050330646436623 -0.084377906473543 0.0372787777959183
0.0178839625490446 0.134510796075184 -0.156763759314384 0.0123659964978931
-0.132804049723062 0.0434102499702297 -0.179857132024845 -0.119524347006897
-0.037773795047873 -0.123051839454654 -0.0479200803567136 -0.222914404213556
0.123027154031093 -0.0889044049848702 0.065854310354666 -0.012657888783786
0.0626621706852144 -0.0237589308083561 -0.0569440803087961 0.0101521956987478
0.0277126832823613 -0.0203759521054109 -0.124858351359925 0.128701909757077
-0.0244089320485879 -0.0065473784342908 -0.0443687906989637 0.198135108874951
-0.00419538068335217 0.0220345348541086 0.0482591176858494 0.153056760482725
0.0285515680826142 0.00911225540279111 0.0727339593418833 0.0559064988426294
-0.0126701144823426 -0.00463578529230175 0.062478871192455 0.0095666477805306
-0.0114016163706881 0.00468350619320695 0.0418941920542366 -0.00454880513024992
0.0112588809416606 -0.0149598214019544 0.00804032766926577 -0.00554850386931953
0.0164680952494941 0.00840365214787887 -0.0185311770881142 -0.00523998907369632
0.0472554327458308 0.0173002199311423 -0.0356870347501478 0.0116094518752886
0.0171284994451948 0.0576887305730822 -0.0754950811958252 0.0449331250769351
-0.057086055608709 0.0522116472918223 -0.189342880592922 -0.00935284865385817
-0.0630133457616827 -0.0692021225085163 -0.173257303329449 -0.195123717818911
0.0165049540712579 -0.151450652916496 0.0164970147402236 -0.258352147686134
0.168336813759756 -0.081230729469288 0.026029720352159 -0.0509741443179045
0.0544107159491503 0.0371618063015291 0.00460915546120551 -0.0100042043004792
0.0255105208618558 -0.00772226530398475 -0.0937628326686494 0.0851566530714288
-0.00554002476461547 0.00201923143015792 -0.0233206950860681 0.175892257131076
0.028161072298694 0.0413201273038067 0.0994146926667889 0.13832325200441
0.024015734085972 -0.0111201496970358 0.0850420109720631 0.0335439553880456
-0.00664953344389564 -0.0161769446990593 0.0586924593949583 -0.00227930501725283
-0.0127579578155479 0.00321464417080571 0.0326604773698772 -0.016860381979015
0.0184804449010296 -0.0118545992301874 0.006687208115455 -0.00611196881124748
0.0367012069876444 0.00426743707428247 0.00244794947507024 0.0048126244275797
0.0492430345019494 0.0400603818324522 -0.00620450506201251 0.0282777653002527
0.0110499378391551 0.0886053225259825 -0.0492777086309034 0.0956068456883123
-0.091601287850442 0.0621724890096249 -0.196782200867462 0.0371106312272333
-0.0251155666933555 -0.107575490722001 -0.186921864626013 -0.199159756189765
0.0871186635270389 -0.158256038204322 -0.0406603267941248 -0.319904182978862
0.170258978347498 -0.04136701822803 0.0213262000147307 -0.0638667036074695
0.0530182794963184 0.0231462104035212 0.0105701572322844 -0.0317701716553938
0.0270233259345494 -0.0125948221544065 -0.0791723431127381 0.0589636001041325
0.00129464321454701 -0.00705708740315793 -0.0354777718301248 0.158869194889059
0.00373583121546198 -0.00319707324582043 0.0736305161180569 0.140098572996545
-0.00505173017096886 -0.0160572874878826 0.0937668671436839 0.025468147356788
-0.0117900099292182 -0.0135773940822978 0.052167049835669 -0.0187027159717393
-0.0101036501292559 0.00318056148276748 0.0267875721677564 -0.00527271984685355
-0.00117545968068277 0.0114245844407017 0.00482501594631296 -0.00176632333568153
0.000164114262776723 0.0190300254133481 -0.00447239555703623 0.00899918257967795
-0.0117132179638778 0.0233399127995851 -0.0246501054479513 0.0407448837571173
-0.0331654652764387 0.0104762471681913 -0.111132885433512 0.0665103429387714
-0.0417198480427839 -0.0387218928243108 -0.22793114133276 -0.0801115603316191
0.0359878211566646 -0.086122786259707 -0.109182813075878 -0.29960993897243
0.111435901936213 -0.0187067949457222 0.117183171374084 -0.281203187088175
0.0860371472109632 0.0431263457284437 0.0270604275904852 -0.088337917306555
-0.0245331230851892 -0.0123497140913142 0.00373720407526775 -0.00561412447279193
-0.0275631416736734 -0.0082859813366804 -0.167274257667476 0.305893370206131
-0.0457838337621511 0.0212946835915402 0.16942980207483 0.380122129287019
-0.00522455127090177 0.0434412641302061 0.308834614967172 0.0621202223782508
0.0183129381659371 0.0117891484500958 0.119270099710218 -0.13610667276691
0.0164727281846396 -0.00891575951182303 -0.0142511969115367 -0.0820824592658897
0.00360994001946031 -0.00726880513494819 -0.0140902576624368 -0.0126282640967654
-0.000990110027582585 0.00118019279460342 -0.0209755006470383 0.00111314287225865
-0.00298048059834902 0.0108237147844608 -0.0400205546061587 0.0279623014549743
-0.00148580906848911 0.00720597518983745 -0.0662000779388778 0.0526736335713008
0.00146170648084197 0.0141535385480056 -0.114473080074504 0.0344776946378605
-0.000494211539628693 0.000682326641009258 -0.148835450616209 -0.0790203512401931
0.0154636784690281 0.0148140863923216 -0.0571909523994535 -0.185206169124338
-0.00234678256452528 0.0393828885957278 0.0550567568894245 -0.148937574851173
-0.0515869338988772 0.0300980843187173 0.0728559852578645 -0.00204618860190273
0.0474404413272655 -0.0235819809118844 -0.018348163013601 0.041349660091102
0.0189189710322253 -0.0342355546304719 -0.233390313761336 0.180685248282462
-0.0599855248075606 -0.0398483858255539 0.0657345888700353 0.337111477559644
-0.0613512076046144 0.043752155047378 0.188723883734209 0.197452796433617
-0.00388875976010174 0.0494611462221142 0.144662196766379 -0.0114258274899038
0.0273722174838912 0.0215397313586368 0.0357326088988392 -0.041695560643038
0.0165685305650448 -0.00141412016795766 0.0225076224714741 -0.0164784420187675
0.00484718892442626 -0.00754090144964175 0.00494112618862874 -0.0156917920038173
-0.00522354075901085 -0.00884765355305154 -0.0296572935205335 -0.000614150914499549
-0.0014605883556104 -0.00678711276725488 -0.072099943152993 0.0554718872222909
0.0189503540179395 -0.00320613708641684 -0.127800159445158 0.0469622705692001
0.0379615923014997 0.0173641191614057 -0.169999040469798 -0.0619675648678741
0.0058291192758074 0.0507047209420739 -0.0885718742128827 -0.175523002183434
-0.0234220652525151 0.0319327472499484 0.0403748292263291 -0.166549674378168
-0.0305015681826513 -0.00165178008370667 0.0890168850536618 0.000127120060371894
0.130600163456047 -0.036062835476968 -0.0229443715867789 -0.0129314973150987
0.0585586340694212 -0.141090091097761 -0.207858501602553 0.286399185133005
-0.100559633178551 -0.100060159585389 0.0747283851452892 0.350155562274717
-0.106334181122058 0.0536472702628401 0.209592609791097 0.120393575885732
-0.00936647224324362 0.0765053148284526 0.106338083129726 -0.0435417607041803
0.0331027877322713 0.043620140043624 0.0251266025001193 -0.0439240616719678
0.0280168545054405 0.00928628655256739 0.0106946372265386 -0.0185955784986216
0.01321742326674 -0.0116822416380432 -0.0141294332030265 -0.00471338154522944
-0.00261145543463367 -0.0188111227604576 -0.0412483278887632 0.0273497280577049
0.00908980901481604 -0.0213640323047057 -0.0770602119712734 0.0514316694103967
0.0465787221984173 -0.00927286058074064 -0.127580099211593 0.046984419676155
0.0657595926819415 0.0430589805695818 -0.172119610583302 -0.0409195293120798
-0.0160500977289016 0.0831125234306953 -0.0773486004695434 -0.148948295350012
-0.00444954825554991 0.0359574349873045 0.00623243326725991 -0.183707489772413
0.00559607658607824 -0.038249082781265 0.094015462180933 -0.0044377106957859
0.155188438072122 -0.0515779302164721 -0.0521198650020877 -0.00918706380431339
0.0436175432209231 -0.17036258722047 -0.183618419966435 0.269053995786039
-0.126321968442177 -0.0967256083880907 0.0496045908839218 0.296672129974478
-0.0972552355566367 0.0685313434753932 0.136930634950602 0.118377988752784
0.000467313772548491 0.0726416689585364 0.0795878873106035 0.00619605000553205
0.0304179466696039 0.0417580996873068 0.0389487435982474 -0.0127879547723224
0.0275060639331516 0.00929781775574546 0.0258038781013321 -0.0136946414792084
0.0166064072367707 -0.0182144056743403 -0.00576898664745685 -0.00549611081630614
0.00865125869883403 -0.025463718366144 -0.0393350563189152 0.0215175908020409
0.0323059856807368 -0.0228723364141306 -0.0733474504975322 0.0375383392909795
0.0748628529646074 0.006048694767375 -0.114066973163612 0.0400131169501664
0.0673447636596332 0.0867253149853921 -0.16053918791442 -0.0211519535858376
-0.0630924345252705 0.0869978753421634 -0.140985168365819 -0.134606164138484
-0.0582112569448423 -0.0410647188737178 -0.0170248976179135 -0.198785746387086
0.0448854191695169 -0.0652375684979873 0.0884645881361749 -0.0136686284842851
0.0723680212861376 0.0368533072954856 -0.0485417490037863 0.0113940979949161
0.0401798217411122 -0.0463895161004728 -0.178493348010218 0.166564745011055
-0.0463389178947679 -0.0365432843205799 -0.0492253362452816 0.248324532262347
-0.0364499888275506 0.0313962039383477 0.0622622452517549 0.166254864469217
0.00248646446696799 0.0215277122128948 0.0762444046628131 0.0655726954332796
-0.000800032548041691 0.00949832922178226 0.0655869477461676 0.0142044183682578
-0.00332386594229828 0.0082047359510374 0.047177817657272 -0.00522643883624314
0.00608361853632142 -0.00141095599887389 2.72392061866526E-05 -0.00654583348976407
0.023895628341683 -0.0229787925313475 -0.0303478853714936 0.0126986067721796
0.0581505738277289 -0.00519055262040119 -0.0608876948890234 0.0247024382243359
0.0876168555019893 0.048124781131758 -0.0872259383012405 0.03860417363356
0.0221638538510381 0.133937977103877 -0.156467407460302 0.0117216840731445
-0.131485017668945 0.0464030975263721 -0.181948201652268 -0.119508601324718
-0.041034210708091 -0.125228726355989 -0.0478107676166554 -0.224425346824376
0.123231454021533 -0.0932950646211355 0.0701175989422049 -0.0152068209496084
0.0622358686724304 -0.0221304272345226 -0.0578745567337683 0.0104580839272124
0.0267739923908289 -0.0261232926284171 -0.131176562635183 0.128813974668065
-0.0276792537197874 -0.00728153802703474 -0.048081401536108 0.202862936656195
-0.00237271959655525 0.0250131405856264 0.047746252938217 0.158657428155563
0.0299692477479736 0.00941032096594707 0.0768235532155642 0.0631304813807724
-0.0116431001144779 -0.00450573411818504 0.062803532039478 0.00977761813077272
-0.010781868639612 0.00521078215515944 0.0421892543139043 -0.00576631316177442
0.0110384161601985 -0.0166680951020027 0.00629809209089862 -0.00698237392084881
0.0185712476282213 0.00658519820858776 -0.0182345352997421 -0.00344991370041688
0.052973453663403 0.0158276094460611 -0.0408311955720931 0.0110936227818077
0.0204184552309118 0.05952108006739 -0.0696992550962184 0.046246107282696
-0.0553628428101162 0.0563485931596965 -0.191424885481449 -0.00994603747978297
-0.0680760593812459 -0.0699054239739711 -0.176279195132072 -0.197464196296327
0.0129475846834384 -0.152464981590791 0.0177967703716796 -0.261658797915257
0.168123965200217 -0.0851008178068801 0.0282974595474892 -0.0508322120344432
0.0573889441580265 0.0337920311323364 -0.000735356091793149 -0.012826204247509
0.0239321495741061 -0.0122553354934012 -0.101686919034775 0.0864151740038697
-0.00686309611830711 0.00338209543208216 -0.0200215631526918 0.188080156080529
0.0297123819825515 0.0418321122211661 0.0997565731819594 0.143209035716624
0.0241416411690686 -0.0103185990710204 0.0922790652046763 0.0297452371562059
-0.00689588027750085 -0.015891209355643 0.0604971849754438 -0.00257579886237008
-0.0121966719627664 0.00344069345586126 0.0332926195756258 -0.0161302248392938
0.0172619295040645 -0.0117072577233214 0.00684612905929903 -0.00684757799915803
0.0356032479250017 0.00319119629659232 0.00203447561687577 0.00626873935325555
0.0494004744835675 0.0381335541465022 -0.00826229721162999 0.0280571105632057
0.011602312099132 0.0884706832426151 -0.0504805487790552 0.0947433726380038
-0.0886804017824382 0.0646183043987 -0.198182493995381 0.0421064127613379
-0.0289405683616528 -0.10852530418759 -0.19349091818163 -0.194702801487441
0.0826895637225964 -0.160275928248902 -0.0403061511952507 -0.319919615880709
0.169961121915875 -0.0455393606216341 0.0219872379016865 -0.0663286373321212
0.0545849659209032 0.0190816490250761 0.00421371799723949 -0.0331848235534729
0.025585517449293 -0.0141949639796715 -0.0869352377030207 0.0612173669733352
0.000162614363798905 -0.00726504389028803 -0.0378982669659399 0.165647710539676
0.00390190961594265 -0.0029989949590654 0.0783703278129571 0.145878482953352
-0.00441528967394397 -0.0149093211949514 0.0979160369103127 0.027743722554106
-0.0116194615056559 -0.0133693865159208 0.0535479801558579 -0.0195815814774392
-0.00899098703380233 0.00391928326747773 0.0279704819261436 -0.005900765482027
0.000129327022848889 0.0103479495815386 0.00500949787616806 -0.00188965030478038
0.00179707636180475 0.0177878764818742 -0.00395889034227964 0.00911647559947384
-0.00922573704587925 0.0242468766941434 -0.0263004959322977 0.0415031031114055
-0.0323687889233746 0.0127468384657822 -0.112231417755585 0.0685889233744847
-0.0425125874410348 -0.0368075497545304 -0.230056493121466 -0.0791752886557375
0.0331191535982505 -0.0874407562595373 -0.112354894780534 -0.3041115384975
0.112318500669917 -0.0220256773739272 0.119175042339801 -0.286945916574645
0.0876970741447982 0.0412143028329715 0.0284815617019625 -0.0867729748854679
-0.0244432651038921 -0.00891423083829463 0.00277457980131772 -0.0147103878628102
-0.0308762351226839 -0.00916393135043511 -0.170923750190584 0.316319090612738
-0.0440667533633514 0.0246706983743617 0.17653189831462 0.381667453271435
-0.000911088355412168 0.0428873977288087 0.313736147937708 0.0587248284608435
0.0166190598124826 0.0134770370032605 0.114990384233918 -0.139784556708702
0.0128771314953974 -0.00773486646726553 -0.0187559356616451 -0.0827304911309649
0.00190790007378244 -0.00672049721622949 -0.0144892199718586 -0.0131354267806778
-0.00101742470596504 0.00441574809617818 -0.0156246675268014 0.00404790727180026
-0.000895433766151076 0.00941745581315434 -0.0377434319999385 0.0287798690411577
0.00202659828234431 0.0114969716551429 -0.0724603772061814 0.0535744716995817
0.00240770950998 0.013787248433319 -0.123591320227829 0.0329512885055316
0.00198856283968367 0.0018497932265349 -0.153827600104901 -0.0825110621819393
0.0182180025051636 0.0118354230917555 -0.0596292678492051 -0.193845267511346
-0.00071118778035922 0.0407487178034921 0.0584093912319665 -0.156976272455418
-0.0528840288954586 0.0258688949246296 0.076327533460712 -0.00801976843535318
0.047619244764916 -0.0244650132933385 -0.0186488058525018 0.0370352693367653
0.0197673256643622 -0.0354033872249053 -0.237124084999764 0.19031638969618
-0.069478140247038 -0.0377957811987195 0.0490761229064727 0.338915432275349
-0.0596207820248952 0.0464314670124236 0.197107151626958 0.198312159755504
-0.00252353547252732 0.0501867640181756 0.147244290271945 -0.0150827034952842
0.0276629885331173 0.0218121225325283 0.0356970933543889 -0.0423997647108739
0.0170341915653241 -0.0014253784221124 0.0149204642901722 -0.0134083312491001
0.00423142783376498 -0.00738142179822626 0.0023461861561033 -0.0152872424594778
-0.0051018738977757 -0.00693125105804861 -0.0321058431724598 0.00301050212026678
-0.00207420737959475 -0.00677444097112419 -0.0739270092027884 0.0596651749636406
0.0195648216814221 -0.00379977917082157 -0.130674544456717 0.0506422428504172
0.0386745846343473 0.0153221586593739 -0.17625650795084 -0.0612249057194098
0.0080141927087627 0.0516517915813787 -0.0932529010005482 -0.180144432155217
-0.0237102095003404 0.0334700484702633 0.0403835771441594 -0.174140469385271
-0.0311584750850235 -0.00228623218774754 0.0936173937444502 -0.00386275464349316
0.131319310851979 -0.0401783965078827 -0.0257905957441978 -0.0164240243380099
0.0554889628620357 -0.145383921414451 -0.210719425879974 0.293516749967234
-0.104935119786528 -0.0981246193719952 0.0773593303400508 0.354709443547599
-0.106136208858791 0.0575994610216988 0.212659277385109 0.120209356439915
-0.00709734936862359 0.0775259085768544 0.106526786246246 -0.0447046341534625
0.0346267942529244 0.0425501107610741 0.0237348340458397 -0.0440510815651699
0.0290931479851661 0.00797177392900919 0.0104331468942322 -0.0186944396227487
0.0124942637645396 -0.013059525039903 -0.014325850246583 -0.00312015884777737
-0.00421042648129485 -0.0175488127610704 -0.0404877209107047 0.0301282063558324
0.00746851971860505 -0.0218673361169921 -0.0780410676769852 0.0563137868140719
0.0467488196643913 -0.0109641454140564 -0.130476037726006 0.0507190908594764
0.0692384996532175 0.0417723688347213 -0.176961965802317 -0.0408369500658344
-0.0129760668018158 0.0854065906168542 -0.0827941786609728 -0.155891256147437
-0.00330216323120519 0.0335286209593385 0.0049654785242097 -0.190110325935223
0.00367375095600293 -0.0406822470584394 0.0976694930396764 -0.00853529027763706
0.15570199444276 -0.057657745826678 -0.0550884295111364 -0.0108664676791775
0.0390784698221386 -0.17464913340922 -0.184943113369405 0.274493559271953
-0.131669853505643 -0.0942307975036492 0.0521333919557372 0.300541512789348
-0.0952418680317055 0.0730804569011048 0.139555483502012 0.120897440465992
0.00260364218301599 0.0737684034912817 0.0818898848093364 0.00720270302550856
0.0325769507227072 0.0403634601841135 0.0397335311258746 -0.013310938143707
0.028570593723274 0.00799653468380361 0.0255819712346514 -0.0143297592791844
0.0155073268390012 -0.0195827286923365 -0.00715962327466776 -0.00452324123211394
0.007078597412547 -0.0262812492497477 -0.0399894565193673 0.0248486720781591
0.0319523600997791 -0.0235093439244489 -0.0733168350416771 0.0392727047170579
0.0759129667961835 0.00355051643491184 -0.117848451275141 0.0436208226466622
0.0713415528412124 0.0860567439775247 -0.16528851233494 -0.0210917995423018
-0.062558032992313 0.0909585755678428 -0.146823912906911 -0.137151806738666
-0.0621519776781076 -0.0432772823259546 -0.0190280759705092 -0.204909146006366
0.0359723973675334 -0.0625281471778016 0.0941299843038794 -0.018546843342909
0.0727910004954602 0.0204767457546575 -0.0531421490095875 0.0114715544687413
0.0405983140003674 -0.0534934078517764 -0.184749220407726 0.172324214657764
-0.0507721654778329 -0.0362337535209757 -0.0486212556538473 0.256496275941419
-0.0365815540357684 0.0339498059232866 0.0666252862138093 0.173072802626016
0.00370485983499497 0.022498193683731 0.0818966023619969 0.0692625466564524
-0.000548068510356898 0.00903985014821347 0.0671514087411037 0.0128252612348609
-0.00193617355547699 0.00677766742882559 0.0477853657418385 -0.00851287579742574
0.00705537661510375 -0.00345923079056536 0.0002308077434992 -0.00683486565335016
0.0239879241876109 -0.024384197141727 -0.0329305691836232 0.0162076119392418
0.0595856888889762 -0.00909128618114218 -0.0641777094083151 0.027205772996522
0.0918433154076936 0.0458937778622438 -0.0899985078579168 0.0419618589033046
0.0267986541688198 0.135128711331181 -0.160039809074848 0.0139090919297928
-0.131559254900414 0.0534026641197986 -0.187454288356776 -0.121183487888952
-0.048497413057051 -0.128805628595169 -0.0485624074181854 -0.230234693773839
0.119930819241116 -0.101819536120753 0.0739532024676055 -0.0174898000601679
0.0636136045901788 -0.0239278228109872 -0.0612810364617828 0.0101802395299252
0.0246037802974109 -0.0294337363358093 -0.138108724247208 0.132882814595774
-0.0313978467313058 -0.00769752387798011 -0.0493090769055176 0.213330036552286
-0.00235674002954977 0.0271407238621966 0.052038716204272 0.164324108182735
0.0304989416758214 0.00823003337752638 0.0838332224502159 0.0657824754544025
-0.0112322202068794 -0.00347179435724797 0.0650318373151911 0.00884768411928228
-0.00775830769198376 0.00494836799149126 0.0429168851148576 -0.00858198689160424
0.00875187276002842 -0.0171237544980202 0.00648866967218453 -0.00606029309143937
0.0192509594886947 0.0065591823019883 -0.0217477868309669 -0.00305130234750589
0.0597704958248647 0.0128004063894368 -0.0437131532187919 0.0137052363659583
0.0279214666795523 0.059641683283651 -0.0656243538744286 0.0506942532836842
-0.0379918738776329 0.0798097562533879 -0.196796830452138 -0.0085482207494654
-0.0744624432428689 -0.0671832763338999 -0.184450422117478 -0.200093146228051
0.00792587516494579 -0.155298700194085 0.0146087110981641 -0.270268384648726
0.167095478525331 -0.0922880519052764 0.0313090238751399 -0.051908798694815
0.0598851432202208 0.0298719635819206 -0.0066561336861018 -0.0131967368895464
0.021971596507994 -0.0158316388347284 -0.108418011560338 0.0914437952865555
-0.0106405599086647 0.00323345872787651 -0.0249464994971134 0.191471779302398
0.0320724200665154 0.0395926855482028 0.104390906386057 0.147146719675128
0.024365218852847 -0.0127630827660943 0.0973984604090389 0.028767117563052
-0.0119310673886916 -0.0143767002192336 0.0618305894047884 -0.00608120688288464
-0.0110138632066814 0.00320334527200639 0.0339262483486298 -0.0192232323670887
0.0180789206869456 -0.0151945446691926 0.00888249177700671 -0.00813723440172818
0.0368557635019767 0.00134678135000584 -0.000632210125311046 0.00474217092004234
0.0507365395217737 0.0330381822513548 -0.0107418183983079 0.0290474095622848
0.0175771993420816 0.0897048508806973 -0.0491563356673178 0.096351331619598
-0.0881982189323916 0.0690977056295484 -0.2017442191081 0.0489005747965304
-0.0374577549472658 -0.109335458336604 -0.225120524090485 -0.184283839551576
0.0780816607032859 -0.167425642930588 -0.0424695777417964 -0.324370968978626
0.170697539930267 -0.0527102893307895 0.0252683518970405 -0.0678237068147806
0.0565001800990208 0.0165659911863065 -0.00161811053212802 -0.0355208071168346
0.0251290700735807 -0.0171400738776734 -0.0948183147015532 0.0653797260554398
-0.00191045663865844 -0.00663965509373972 -0.0384969743816696 0.176092775538003
0.00484482464159109 -0.00153144640394577 0.0850529105922074 0.151893387139982
-0.00415108473843759 -0.0152173116074493 0.102829359322712 0.0224577448748679
-0.0116123372615329 -0.0136783542774451 0.0557976080848373 -0.0216530195773624
-0.00726481523655957 0.00253727295449184 0.0290888764921379 -0.00828330998850389
0.0024421164565622 0.00963699850362178 0.00550160342678238 -0.00311832172029392
0.00473452429537512 0.017817723964282 -0.00443997829965286 0.00922054462718454
-0.00678419234425538 0.0252836691344993 -0.0267340457364988 0.0422794098392237
-0.0320613989056843 0.0150410399541853 -0.113148092959893 0.0717159024415392
-0.0453617148046239 -0.0356673486319285 -0.23728668857661 -0.0755440739367496
0.0296320446667635 -0.0898316763483631 -0.120817212622102 -0.310720402255015
0.11410086591623 -0.0273582757517679 0.117945948471931 -0.296581767991625
0.0919288895745091 0.0381611276267332 0.0302188362230943 -0.0871358719085195
-0.024835186299082 -0.00996197907433548 0.00319350386762915 -0.0116190603172977
-0.0300408587446596 -0.00630464549097123 -0.16469238260837 0.326617357684032
-0.0438821454762666 0.027319322337375 0.192013780381581 0.375868664077847
-0.000960572919253426 0.042128121556597 0.317869377963714 0.0448122593174191
0.0194078860927054 0.0127624235401008 0.110242364756492 -0.142764829125739
0.0128407342469664 -0.00766237939857684 -0.0217912159058004 -0.0806117750050138
-0.00174264147851404 -0.00619095989230476 -0.0171969112512123 -0.0118534710061586
0.000150708380683693 0.00718313254816447 -0.0175530465814577 0.00308497094349447
-0.00274857104246615 0.0104347634391396 -0.0358233299745625 0.0306382122365563
0.000750519605235951 0.0121578405075451 -0.0640038657449655 0.0586793371142333
0.00345238781497575 0.01303184913603 -0.123488330937293 0.0441251428542627
0.00288941640344325 -0.00241933258718338 -0.160622936455299 -0.078728331977874
0.019918364893206 0.00892762670405537 -0.0655242166314343 -0.195350765050279
0.00522695034729551 0.0438699009573637 0.0552267728567735 -0.163303628379353
-0.0507207708645012 0.0293052108921029 0.0815172050538252 -0.0105409914162044
0.0476812148641868 -0.0293430056042836 -0.018540361688409 0.034810905770751
0.0195602607845102 -0.0392394979504401 -0.241508641954155 0.202303952012443
-0.0692950772410127 -0.0347621977589363 -0.00220227304647391 0.360276517566102
-0.0590526334152548 0.0489313276973882 0.207187497135027 0.193691928449082
-0.000304367408434894 0.0510474806720234 0.149274975533488 -0.0209439110145462
0.029340886320945 0.0194127652015178 0.0342326456940974 -0.0419425163559652
0.0156829627932529 -0.00110984551584464 0.0044274730147421 -0.0123504983001826
0.00374854246961044 -0.00750658541113711 -0.000102511538042255 -0.0152347818021523
-0.00699332679576614 -0.00558549585662969 -0.0330498014084145 0.00661138608456298
-0.00370385719876707 -0.00570157726115563 -0.0717689236325973 0.0647961374840546
0.0194911540117537 -0.00488455385882506 -0.131141095897268 0.0575857071505467
0.0402446526804552 0.013126680882481 -0.181099313119361 -0.0569727362646707
0.0117547621970935 0.0513447907569937 -0.100755707250904 -0.182851920783654
-0.0221120816963049 0.0343596787300935 0.0369344742490738 -0.179508694319099
-0.0311258296016275 -0.00142767795988309 0.0973692478996639 -0.00962405015221974
0.130277376477794 -0.0476458296870151 -0.028878113278948 -0.0180789042500699
0.0487158346968474 -0.14880918831209 -0.203614054826965 0.302814900780521
-0.110380846088437 -0.0933451692899721 0.0891714652809714 0.355707214979808
-0.103608128761275 0.0633452736938361 0.216255452344758 0.114599422674948
-0.00373881780502293 0.0781716469121809 0.105406631196257 -0.0466146505558612
0.037762703883121 0.0398010869429935 0.0217823545711927 -0.0440099223909105
0.0295094877172584 0.00600292676159157 0.00986534978278327 -0.0196545861930009
0.0111821060312346 -0.0138422056596428 -0.0150483049205176 -0.00189042224202578
-0.00464152012696946 -0.0172039722558698 -0.0398411693973803 0.0333396504994522
0.00589408743807142 -0.0214137515674078 -0.0766964263641689 0.0621979390055589
0.0464236047430515 -0.0131808320265799 -0.131851684038626 0.0584171656942488
0.0714590437172565 0.0373371513791709 -0.180676884339803 -0.0357316623139834
-0.00844419635762299 0.0876033355741072 -0.0924231730357168 -0.158786194821643
-0.00273704336718674 0.031588583288802 -0.000575431963622545 -0.194642153603948
0.00111598307348221 -0.0433640562970162 0.101012766652699 -0.0155899473538478
0.153697698111399 -0.0667662779905518 -0.059024324573284 -0.0113284020139566
0.0294356602574652 -0.178075590151375 -0.179862404989156 0.281584355086685
-0.137772702576627 -0.0879888696566987 0.0602545494330058 0.301810158402253
-0.0910058994519701 0.0785179114138699 0.14303035415 0.119458117038206
0.00656665916816045 0.0732114871446961 0.0827347324307474 0.00650982703245542
0.0351017867996334 0.0383387859484362 0.0401684940945994 -0.0141833884330649
0.028287298067943 0.00521530280161846 0.0246763761236789 -0.0152986719230294
0.0141106016803968 -0.0214394787409523 -0.00792499887799498 -0.00348044107532697
0.00519782254644046 -0.0268205894293668 -0.0387457964850028 0.0279232374172186
0.0315722912715578 -0.0254317941691208 -0.0737791415997965 0.0450796168152543
0.0767295854639472 -0.000629354266346192 -0.119237121276418 0.0499673765101529
0.0768724524967019 0.0826003252556706 -0.169175238622236 -0.0174358689297028
-0.0588259444647057 0.096471433145924 -0.155512308401956 -0.136454440948241
-0.0660921670126802 -0.0432103558448757 -0.025142219393962 -0.208037784797991
0.0285939516532012 -0.0603750885450838 0.0979382360173204 -0.0258775173044461
0.0753507103069032 -0.0139402665872434 -0.0619862134985631 0.0106109754459068
0.0377569980298241 -0.0592522951820787 -0.185141635928873 0.181262019370904
-0.0567867335257715 -0.0333248289449947 -0.0410110952456721 0.262969102498025
-0.0351815712646213 0.0379266460599448 0.0735885783033742 0.175636712761475
0.00508174283534746 0.0234010906175306 0.0883645930244304 0.0661913268318289
0.000760447813557882 0.0106493558320571 0.0684133517717075 0.00943430182028265
6.24148990025658E-06 0.00612147068070589 0.048540428537477 -0.0111337214726636
0.00568212865249597 -0.00464550007191948 -0.00153585636038668 -0.00568560578510957
0.022435749910775 -0.0260547838353656 -0.0328234281298879 0.0188617271096527
0.0615611455027689 -0.0119602074319317 -0.0652064208815542 0.0320515026012023
0.0957193426431631 0.0404878590313639 -0.0909748082543973 0.0466136425605233
0.0356958919093157 0.135103751606102 -0.161024403092415 0.0161947821708284
-0.126489521362579 0.0614808343798176 -0.19552494157608 -0.118469062756943
-0.0562384751833115 -0.127675932957089 -0.0563615667329602 -0.231806120219309
0.113822957418778 -0.10981020460383 0.0754757711320455 -0.0218114820547422
0.0660411504431676 -0.0350569005078815 -0.0660215195481005 0.0118603466355576
0.0236974056526968 -0.0346289215856128 -0.139407693488608 0.139589271614177
-0.0351003297249712 -0.00481131579040285 -0.0441586234038443 0.220413993749217
-0.000399923902553531 0.0289643383569155 0.0608251840776793 0.169337607091942
0.0311592606417911 0.00666702262709688 0.0906505910446144 0.063680412074398
-0.0107906153908415 -0.00202630846936311 0.06606699953597 0.00447702120265572
-0.00764647648717429 0.00461718844124821 0.0429455387125994 -0.0111236388464264
0.00708505612753987 -0.0162032128508214 0.00475658642842196 -0.00605600811674676
0.0213121149458407 0.00409426811406974 -0.0220069547118162 -0.0015043449352623
0.0673570648982299 0.00989630677828929 -0.0474756203006969 0.0169993857138261
0.0449232299965685 0.0570691432227782 -0.065339231552971 0.0553509359150222
-0.0278788813287182 0.107363537496263 -0.201633179207637 -0.00132244373412554
-0.0806496143689376 -0.063655357602724 -0.197666993392838 -0.19704056840443
-0.00237298772171857 -0.15593698393278 0.00573820268233556 -0.277125570387449
0.161009317471353 -0.104317813414057 0.0338733260035491 -0.0543444649144739
0.0647656460623572 0.0226040753702736 -0.0124196339049136 -0.0172747841348958
0.019323058894688 -0.0194291636351253 -0.114700743355445 0.0975656394819542
-0.0124228960667552 0.00462928436687162 -0.0263473202350504 0.194690768113309
0.035018445754503 0.0396999993364915 0.112151919926355 0.149403863738639
0.0244562606497478 -0.0140686704833706 0.103860612438127 0.0257151680973238
-0.0138665087819335 -0.0122702522881783 0.0655431171222939 -0.00808825618847757
-0.00836194445667253 0.00241908529339976 0.0308877142545509 -0.0211285484475363
0.0164077307412352 -0.016313814513534 0.00664969566651768 -0.00898126389603673
0.0383867981624652 -0.00155177149659932 -0.000180380658531636 0.00422925067303296
0.0521308256207665 0.0298185206214938 -0.0106970962487697 0.0292554811552048
0.0226240686264969 0.0871748008863598 -0.0459913848348527 0.0989929034146251
-0.0849370779159415 0.0763159917727928 -0.202210471782505 0.058253587139862
-0.046405038706246 -0.108667651988366 -0.245398457282015 -0.174945494130571
0.0706097816849066 -0.173197835464262 -0.0550258987929867 -0.326444052641062
0.167941440577984 -0.0621712035319464 0.0274461301994756 -0.0660647982678912
0.0584228533530877 0.0112590800070493 -0.00869186748446513 -0.0357977742082178
0.0237348981656807 -0.0191650207204478 -0.100301522400022 0.073678150841533
-0.00394312970500045 -0.00580381856179882 -0.0340682958072181 0.185961902158853
0.00575378351652509 -0.00131380223843532 0.0949876035306276 0.153895988765665
-0.00464759209092982 -0.0139720393949086 0.108252501051832 0.0188697318892228
-0.0116868839657004 -0.0132463867332466 0.0581556484352311 -0.0256038665073651
-0.0060259084771874 0.00214061182313017 0.030673184955135 -0.0109517379617518
0.00334443365581059 0.00763664234017648 0.00472242883038875 -0.00425116507695191
0.00713702540676816 0.0173627997531491 -0.00397160857639682 0.00859499764522471
-0.00308532017612662 0.0266405936866274 -0.0253364287450288 0.0434571110045972
-0.0300979712839208 0.0179250558747136 -0.111911411065021 0.0781924291365947
-0.0471701544673478 -0.0313184138691894 -0.242854759551675 -0.0663656845491393
0.0246409564743713 -0.0922942212876067 -0.136381687213159 -0.311671561172361
0.113619455199734 -0.0353872509215413 0.10799349314104 -0.30726794618559
0.0942149107558398 0.0326776377229599 0.0288456074939223 -0.0875798570504091
-0.0202674820888463 -0.00872098209790054 -0.00220553422187401 -0.0160716595098207
-0.0294898080080755 -0.00241953020458122 -0.152922199903708 0.328837249551101
-0.0430719873810266 0.0280513237677122 0.202653347539837 0.364557932443684
-0.0016603560677462 0.0407400013736928 0.312730226603089 0.0364289434628129
0.0179738915388657 0.0109784120562527 0.1018344727599 -0.143798631374476
0.0114938608507083 -0.00919669975027265 -0.0234635899381306 -0.0729921490511215
-0.00199418912723679 -0.00836103926359834 -0.0169635619479673 -0.0108906078990393
0.000585889958265025 0.00173976030322384 -0.0193499978717469 0.00221529534381116
-0.000810647608490927 0.0116412683692653 -0.0331623927771293 0.0352565523020793
0.00418969316922314 0.00926041886423692 -0.0628694175235227 0.0656889748788036
0.000802896531185994 0.0124091381011499 -0.12137087293554 0.043182166744949
-0.000486321547697175 -0.00211192454148387 -0.160205648611984 -0.0721569567783328
0.0225078332329066 0.00877222379044965 -0.0748330851839791 -0.19192668479213
0.00355500887428332 0.0433549842093084 0.0469327196715518 -0.166459655294251
-0.0489628058841915 0.0328990385922645 0.080876357385689 -0.0177409499945627
0.0451683678908961 -0.0290505326671626 -0.0175698248417792 0.0313791745399391
0.0175764633329227 -0.0405701300463635 -0.232670474549326 0.212462126947489
-0.0649205189644894 -0.0314176663655078 -0.00176980654244661 0.375215722707988
-0.055757820981915 0.0514958026811938 0.211391938312407 0.175524478605524
0.00328141867884817 0.05054346210161 0.145599936331167 -0.028551631874899
0.0281265916743905 0.0175404101758145 0.0322886174100742 -0.0443421837368214
0.0161038424381238 -0.0010064608904143 0.00116330297507249 -0.0121318212317805
0.00219061246989626 -0.00660402805557557 -0.00127557489590983 -0.0137345482510569
-0.00766709522479825 -0.00337105805380018 -0.0312421700517673 0.00975118657251742
-0.00308832605056393 -0.00473885703789575 -0.0672341138260795 0.0689622093977915
0.0174630162549179 -0.00573195493453521 -0.128509837885204 0.0633722214363872
0.0392367829641601 0.00963140064128781 -0.182546566734111 -0.0500695148248831
0.0143603199591144 0.0499514819560613 -0.10754284293567 -0.177381195274466
-0.0201372445164333 0.0346138280965533 0.0303216299141647 -0.181135199344846
-0.0327577236248288 -0.000118442436936881 0.097461635691435 -0.0156763148478033
0.124540459462003 -0.0533802529205335 -0.0324411689128127 -0.0190410487984126
0.0394118600628695 -0.149391643152753 -0.191190543461828 0.3057832924774
-0.114224328973581 -0.0854288905444067 0.099420080739037 0.34591984173173
-0.0976033691651464 0.068074168104934 0.216004585684143 0.105564469567637
0.000413060533977008 0.0763670737621526 0.100640396668554 -0.0481344983786039
0.0387036659370259 0.0359754629407342 0.0197838594553983 -0.0427312197203438
0.0286364203694639 0.003710546558557 0.00866165008911244 -0.0199010057174024
0.00847227707603753 -0.014318050499377 -0.0145926986208451 -0.000787731110579526
-0.00669645644268897 -0.0161912232929601 -0.0370114883458553 0.0364573044540701
0.00452872543192571 -0.0201728337942634 -0.0736350934230504 0.0664510124884718
0.0445065856773322 -0.0156283557446981 -0.128058558350891 0.0644828303423466
0.0718689478030062 0.0327560282515939 -0.180704109495105 -0.0285376851651641
-0.00415672515687898 0.0863770678688835 -0.103157908699789 -0.151948951656555
-0.00274535408986033 0.029937638280051 -0.00675374415372105 -0.194382357446198
-0.00298217278397849 -0.0429044830019968 0.101574166369663 -0.0222722856072728
0.146623298762735 -0.0740500993829823 -0.0601089653995235 -0.0113594358097378
0.0190677557517499 -0.177242234725321 -0.168144030121666 0.28359581483382
-0.140036433622098 -0.077989770806829 0.0682415790627309 0.295419630715681
-0.0833745341466962 0.0819043567602747 0.143651514362709 0.114099801663819
0.0105334912903902 0.0712439992489982 0.0820979897799826 0.00569251198229995
0.0366470628632316 0.0354592598583509 0.0388546403152826 -0.0156155525059184
0.0283238113432619 0.00292161340781328 0.0239894304010815 -0.0165933330498483
0.0112106297442982 -0.0221346590602017 -0.00799464162292807 -0.0023830631585857
0.00229587291219837 -0.0253573183547106 -0.036339252056463 0.0300665618476179
0.0290648298222438 -0.0261311339991443 -0.0723321767977391 0.0502307984552411
0.0751888337777713 -0.0051084551691184 -0.116918364202674 0.0560870055097355
0.0802909416332304 0.0771291068644076 -0.168235725433518 -0.0108949999988657
-0.0528210679633939 0.0975861762283981 -0.16053226418018 -0.128935094829792
-0.0692196190194042 -0.0399959623962649 -0.0316117721008755 -0.205328804077799
0.0250213863385708 -0.0647960325302833 0.0965506651808775 -0.0325195348717569
0.0741618528278329 -0.0233236023776514 -0.064615330897163 0.00920768118940297
0.0319648654588267 -0.0623635079093457 -0.180036745713894 0.185738865525506
-0.0592762838687862 -0.0295304168917549 -0.0308284391733179 0.266253378604214
-0.0328863801062192 0.0408130660657449 0.0813766324380413 0.17359527145099
0.00726503667396034 0.0234289623327395 0.0926003767247162 0.062268571824819
0.00196390153220572 0.0105839986063738 0.067967737392629 0.00702507159779264
0.00175994540454809 0.00578656515533726 0.0473211709974425 -0.0136336031475574
0.00576206680007169 -0.00575501557297038 -0.00361976322904887 -0.00450601697761505
0.0199594535959847 -0.0283872461560894 -0.0306433675540661 0.019005270983245
0.0592974570238735 -0.0155205764762604 -0.0647684792082084 0.0377376135732384
0.0966942554994822 0.0338545133360144 -0.0905506564796763 0.0491721365436221
0.0426906587618009 0.129616412288539 -0.159125528868974 0.0222463643268674
-0.109511905843074 0.064585714027305 -0.196874050618701 -0.109074677042229
-0.0643575674640516 -0.121786923446951 -0.0635120537119988 -0.227161200918972
0.104797676893674 -0.115637430714454 0.0774154444610674 -0.0270605944317574
0.0647165324156768 -0.0450253508351887 -0.0658893316602896 0.0126030139977375
0.020793519152762 -0.0402619567358415 -0.139934668946624 0.143357195635911
-0.0357717037787086 -0.00341575576937281 -0.036448232169574 0.224281967504611
0.00124497440476856 0.0289638947393095 0.0673995971295156 0.168193390393725
0.0290243047559051 0.00331851862295506 0.093766879535824 0.0624160305912443
-0.0105261244863148 -0.00291162848384498 0.0677522625209144 0.000809974415949127
-0.00564267850938314 0.00429512369179551 0.0409398472932295 -0.0134719181566152
0.00311944475620624 -0.0161190081125386 0.00440114507139333 -0.00683116470765563
0.0213871689508165 0.00198583447484527 -0.0211374678317162 0.00211880274026934
0.0705049609071176 0.00726099314679987 -0.0481773760777698 0.0204338494272069
0.0466275931890943 0.0545771923902999 -0.0647896804067719 0.0572047462335657
-0.0215162256683592 0.111403688453154 -0.198543410267679 0.00660774945498007
-0.0863932938941492 -0.0576939181003158 -0.20527743139951 -0.186988702932871
-0.012226830173549 -0.149425985594774 -0.0072290356621191 -0.27530475210633
0.151791883890459 -0.110757015999204 0.0340596846544601 -0.0548531899286057
0.0652883494520528 0.0146353902783654 -0.0205517051742713 -0.0187936375388446
0.0173311616754782 -0.0227823376443516 -0.112588780241185 0.103006971731043
-0.0144148442828354 0.00666440135657149 -0.0235283864640031 0.19766562883901
0.0371986429152292 0.0366837684786019 0.116589391492053 0.145827074229332
0.0236068438755949 -0.0140377382550651 0.105858190042901 0.0222441989222273
-0.015652641926015 -0.0100182270971183 0.0641984629551553 -0.0126443188368415
-0.00868370722591196 0.00325350618401348 0.0296170330951739 -0.0220998218110812
0.0134918857929534 -0.0178232182995531 0.00523525918054324 -0.0077013719257596
0.0381476967797694 -0.00458289167266831 -0.00163909942850702 0.00468987417222112
0.0597709509739275 0.0275057623534887 -0.0106387939683282 0.0300140391170552
0.0287737384224213 0.0852900197023158 -0.0436945948877034 0.0971713364406073
-0.0800976474632219 0.0799238977277196 -0.193170773380654 0.063830154466671
-0.0532586166906048 -0.103321804759579 -0.247106449453733 -0.162235604449814
0.0584365058765526 -0.176851626643946 -0.0661020502554853 -0.315531580300722
0.160394744809627 -0.0712544427910059 0.0287263634434818 -0.0650875492220042
0.05843658896311 0.00630886372431711 -0.0165905143040661 -0.0353551925808607
0.0206074265015982 -0.0218441739065312 -0.101604856598523 0.0796705335579948
-0.00505293981631229 -0.00457208632578426 -0.0270464022054134 0.192196940662717
0.00591592301528895 -0.000111432237859171 0.104898329612696 0.151652292552438
-0.0042473118742281 -0.0140057445959245 0.111339441631215 0.013301639332491
-0.0115954679335735 -0.0128366653021197 0.0563460506972004 -0.0284571990327215
-0.00483825133687573 0.00185143880517703 0.0307498028847463 -0.0132280217977783
0.00444979042758088 0.00649423370706575 0.00523070831763524 -0.00476676232014334
0.00902065994852076 0.0157900788650341 -0.00418096968181457 0.00944522368113655
0.00010428114032334 0.0258703814562513 -0.0242509775681126 0.0446364520572072
-0.027606056584445 0.0204959312710256 -0.106781236044475 0.0828876896985692
-0.047970291950883 -0.027427857637474 -0.243128964790998 -0.054113016304502
0.0177060032412422 -0.0919271053373095 -0.150013174545631 -0.302508203817221
0.109082897925466 -0.042384317111577 0.0939385488193778 -0.31130802674036
0.0947925577959489 0.026133614055301 0.0268826739380116 -0.0865617919225929
-0.0216865290864214 -0.00937087605262612 -0.00780999248495333 -0.0200586273798449
-0.0263965797858658 0.00172155454452186 -0.110851639396506 0.334091101486018
-0.0299915944395786 0.0307644467751574 0.238473615422463 0.324401888950365
0.00858615984245317 0.0358430012582769 0.304032600632587 -0.00889801746344181
0.020731891358059 0.0097553913414673 0.0787174092778315 -0.149203032179616
0.00781170768048676 -0.0102287431437342 -0.032192803175145 -0.0713088874046174
-0.00346530189722909 -0.0026323048714965 -0.0155259061153688 -0.0125570536741569
-0.00215232250659883 0.00549576400955837 -0.0174217695042945 0.00729123458367415
-0.00194619811317074 0.0124626108786457 -0.0249752555683878 0.0407913764806888
0.00101658863764566 0.00905623777862071 -0.0537336327709824 0.0693157263454939
0.00603382290627721 0.0109554437466216 -0.114252473175014 0.0560638230325723
0.000901162727580574 -0.00125611228118713 -0.164398800452277 -0.0540023717175962
0.0205040154411095 0.00927382259701922 -0.0948903347746702 -0.176775463439069
0.0104129095477192 0.0391749216457919 0.0292356276876938 -0.165750074674829
-0.0389232731139548 0.0386216966207389 0.0800282383336364 -0.0275550822273055
0.0400820607796628 -0.0345094005445131 -0.0197868878109699 0.0330948279625384
0.0130082805205974 -0.0400031386770926 -0.206345912538486 0.236050624307115
-0.059157011040112 -0.0223928912879667 0.0466119139947078 0.362137627898138
-0.0459448973401642 0.051488257751585 0.230770446241023 0.143553557202279
0.00900403317910262 0.0474124136755067 0.137682275238382 -0.0481998722859885
0.0283535724982329 0.0128275725818066 0.0260250589658238 -0.0467525366755624
0.0146687245332525 -0.00316084134618799 0.000259066932644466 -0.0128890107280779
0.00283657374662434 -0.00776765942500307 -0.000968787757473527 -0.0114774925912377
-0.00835604454535439 -0.00235430074386182 -0.0300050358547002 0.0151763879427252
-0.00275587279179205 -0.00455757252506763 -0.0559969184099493 0.0753458244516557
0.0171297492213812 -0.00776201458177249 -0.116223642649667 0.0762290797945673
0.0389695839469958 0.00600831569872545 -0.183334861573484 -0.0293867432949156
0.0191045378699124 0.0469885121650514 -0.122846600675379 -0.16086369167913
-0.0161081408567962 0.0350894061830178 0.00810069465588392 -0.178177094113239
-0.0306428995282585 0.00296661881528785 0.0937393846775002 -0.0297289912320287
0.113222509764417 -0.0694066269501484 -0.0460417728463904 -0.00972885657580728
0.0209967103420941 -0.145601599531346 -0.15287094804024 0.320113803048974
-0.116148384544376 -0.066800136841077 0.138963904895231 0.326708482884913
-0.0849351287219023 0.0751983638232418 0.225047257601688 0.0739650951665093
0.0102341203430287 0.0723728614211187 0.0921293840772889 -0.060369946449822
0.040540255326294 0.0293466330634886 0.0141671614792861 -0.0450298847924698
0.0271303450672268 0.000133172261355968 0.00664327300530606 -0.0209063696492659
0.00568736725388249 -0.0154225875968712 -0.0132931639601224 0.0019798774640837
-0.00874153264654908 -0.0136009540975426 -0.0302944489493019 0.0395249102272065
0.00146231398965476 -0.0196517994644747 -0.0623099145927716 0.0735070786486507
0.0406238127467464 -0.0204250039020513 -0.116982419867883 0.0762646196652126
0.0730465552406097 0.0229135304352416 -0.178255207735033 -0.00987916446650626
0.00786009741806999 0.0838648297110254 -0.120826255985516 -0.132840023087619
-0.00163015548751756 0.0276543735341092 -0.0287236764767634 -0.186468771278525
-0.0103946756253444 -0.0415572636211721 0.0965831134006754 -0.0375176141613011
0.132667724700293 -0.0934970373173413 -0.0737768420072828 0.0033746255504859
-0.00299974314041174 -0.170731544511866 -0.1323488282276 0.296540259307247
-0.14200698250716 -0.0571758269949884 0.10405785335723 0.281896497614499
-0.0680093385954982 0.0863534882051217 0.156231485089371 0.0926452592005755
0.0181279708555672 0.0663548932662507 0.0819156140257064 -0.00640919153153897
0.0385925292770623 0.0287253384198483 0.0361626422978099 -0.0200475444066937
0.0268508679604353 -0.00119097597971777 0.0208975425203451 -0.0201310688390684
0.00649529731144615 -0.0219914394433084 -0.00805564187130044 -0.000783971687897331
-0.000597911937838062 -0.0246128686396195 -0.0314766759930029 0.033472115009588
0.0241399973064611 -0.028665878400068 -0.0639837569549426 0.0589884865061772
0.0720840102673487 -0.0142255654237268 -0.107301426816271 0.0659603953196087
0.0867684450927677 0.0644350535622476 -0.163334276055206 0.00533124836198719
-0.0365285816313168 0.102278903899651 -0.167960234988765 -0.104775003601008
-0.0729859375441369 -0.0272994350408693 -0.057227600991792 -0.194259209456452
0.0130821887201105 -0.0666821609324422 0.0923935947077949 -0.0473394137049413
0.0716165968916749 -0.0359730495200911 -0.0685461069807222 0.0175003938294267
0.0212964724092224 -0.0663502845262912 -0.157008278988933 0.202227256884693
-0.0605288229744298 -0.0215252082102142 0.0023918102006188 0.262186739057694
-0.0271954800891377 0.0448338467018308 0.104236392263136 0.157607627448435
0.00994988500610701 0.0219658344031061 0.0992649212416087 0.05012764293134
0.00301437221119885 0.0102258689363846 0.0679248850779535 -0.00178848624582861
0.00170360747639696 0.00466354804686531 0.0438859795448219 -0.0205779956785709
0.00407227590102123 -0.00739698385419551 -0.00239834693263907 -0.00331800991304196
0.0152739154853283 -0.0289911286696496 -0.0270247551050731 0.0221783841002629
0.0553480701009496 -0.0228113696008735 -0.0575443019963784 0.0431184904807423
0.0959613426295904 0.020171840741165 -0.0812549348176463 0.0563582403436207
0.0578373824026687 0.119049385105205 -0.147946267913032 0.0375039295361868
-0.0904309557292612 0.0769843157414947 -0.201079430052717 -0.0792122915705953
-0.0808764835329009 -0.105466021151669 -0.0927945606714227 -0.211986434016691
0.0801659817611662 -0.1220456054451 0.0761728367213182 -0.0412663850421904
0.055370579636649 -0.0533549356565946 -0.0692960394580791 0.0218420379248186
0.0111809426993544 -0.0417117381113308 -0.120755620994912 0.158517855600668
-0.0373736961384198 0.00354586603809563 -0.00842655115497606 0.225106091017094
0.00472999849651166 0.029022772806604 0.0903143516451227 0.155137217389752
0.0268542483397829 -0.00164190079790484 0.10038150900029 0.046767617785458
-0.0087446169395677 -0.000394108668852649 0.0662843571341861 -0.00705439931121238
-0.0034021900572457 0.00383853962222929 0.0391187627226869 -0.0198844157097067
0.00152503767743766 -0.0128437959823625 0.00269074004848467 -0.00639198973612913
0.0223622259030984 -0.00311858029243049 -0.0208996337637792 0.00452131169807304
0.0701010282393924 -0.00355493092156558 -0.0433719601951889 0.0267337929829723
0.0443978161966233 0.0493730630365505 -0.0525748018720711 0.062252149784212
-0.00922162349462483 0.0951846855518369 -0.189922436979067 0.0316945235463573
-0.0916215827308354 -0.0390086905401218 -0.224262691772489 -0.157061779086551
-0.0303383686415226 -0.12905939940044 -0.0435552326964172 -0.271734789355425
0.124778202213359 -0.125587441405306 0.0340431080607976 -0.0597947593082371
0.0662328290928322 0.0051839150239955 -0.0304995528484945 -0.0151003983853817
0.0129568860586286 -0.0243066338646082 -0.102103992351884 0.117305589801596
-0.0142818890106859 0.00930176010854567 -0.00745561274338028 0.200988837673331
0.039363090299541 0.0316925009556743 0.131489471936601 0.126939196882125
0.0204002942461346 -0.0170911320688372 0.10500408902041 0.00960545030535458
-0.0146795803925977 -0.00808137589932774 0.0601379714566742 -0.0205145835679276
-0.00567458494231335 0.00179837708309534 0.0274263498831508 -0.0254605915115144
0.00928505650356229 -0.0208543785852775 0.00320960843854162 -0.00884967895994285
0.035923507242707 -0.0112305689159378 -0.00172779749269008 0.0041674720468462
0.0624710482921869 0.0195262460125621 -0.00777875351871097 0.0295915617160762
0.0404674030962303 0.0758547171750825 -0.028711451493101 0.0975234508351977
-0.0649091741879068 0.0879678453710846 -0.178066745046222 0.0857226234352278
-0.0673643212086494 -0.0864266946344916 -0.258588955006711 -0.131738469405098
0.0281473727859121 -0.169501637594594 -0.101997475921972 -0.30445229992417
0.137399769340332 -0.0874462661731421 0.0303340177229533 -0.0639805496530599
0.0565331512152805 -0.00407209943412925 -0.0305025632158304 -0.0306100435607818
0.0156990171241121 -0.0232628104509734 -0.0946571293303974 0.0941002124437561
-0.00553815725607286 -0.00229457044197671 -0.00269839878773285 0.194329348874404
0.00669360280864599 0.000151624909331668 0.123813112309095 0.134849579163347
-0.00498432097083026 -0.0120462037387136 0.111817747545147 -0.000870144728122774
-0.0122970925855615 -0.0103716842971572 0.0515770933086934 -0.0337325660541591
-0.00272336965970938 0.00124894520167958 0.0282331885106289 -0.0187593632246998
0.00525937260378 0.00371572344253307 0.00427719711912824 -0.00546636660851878
0.0122558216373498 0.0130266200954868 -0.0028232873727388 0.00828207725697965
0.00548186820333567 0.0248244616071641 -0.0176977031301439 0.0472889897404855
-0.0216319317171558 0.0245288506612493 -0.0926050537401385 0.0924880728501306
-0.0474103406451149 -0.0163024036146864 -0.242748237172616 -0.0240996791187945
0.0017795731580342 -0.084564747921393 -0.182359582938151 -0.27832107843943
0.0918571782356841 -0.0532051339196911 0.0560260454147492 -0.315053752866531
0.0907076168110556 0.010221649062524 0.0211455496048383 -0.0849130631563181
-0.0234692284458891 -0.00894700354726762 -0.0109018722763462 -0.0206563636934641
-0.0257209840239678 0.00334757760090636 -0.112047754617259 0.319160042910672
-0.0290289362892927 0.026701921469245 0.226597214062342 0.31894220621317
0.0078074420334021 0.0339701988535207 0.290799273334762 -0.00216977284654857
0.0163833303771444 0.00989648778610041 0.0775578148676081 -0.140939996028549
0.00676759456054765 -0.00531121882823003 -0.0331673840178975 -0.0659730380516821
-0.00131544024760892 -0.00368661290916494 -0.0185296746159528 -0.0114438224102839
-0.00124826090451374 0.00647793779770813 -0.012232620851953 0.00595411762882275
-0.000519427010913568 0.0150900163307237 -0.02353692940755 0.0401758266868124
0.000987757568402354 0.0104231520831833 -0.0500647628622478 0.0625377249274753
0.00244756039172258 0.010461722352313 -0.105733553200627 0.0594208154724912
0.000371935981443442 -0.00190461845444475 -0.164497210809013 -0.0546677159845982
0.0203613053099847 0.00561281159220226 -0.0878168553352728 -0.178611801996182
0.0113840411869425 0.0387674576085209 0.0349290314162522 -0.161476911442
-0.0408427429377394 0.0349183386906519 0.0763231246785223 -0.0269119412086486
0.0384420389709209 -0.0323055515261496 -0.0201190677771787 0.0285070223630667
0.0119539742314445 -0.0405259850187023 -0.20569995437415 0.225201916889085
-0.0539427042569667 -0.0245574218109065 0.0459188587680367 0.3485118319968
-0.0445825910612032 0.0511877567733574 0.222995258537389 0.144367750219516
0.00690038155558608 0.0435826125297323 0.134731485202914 -0.0455349676039316
0.0263192475240904 0.0131402408748908 0.0263178674343299 -0.0462302119617001
0.012398459151664 -0.00446223153433247 0.000326925271316203 -0.0129461106869305
0.000781812442866365 -0.00674689978509918 -0.00191308410179545 -0.0110530919215232
-0.00820970347931231 -0.00191808555241858 -0.0277916290805208 0.0161097272043495
-0.00283333945433951 -0.00244072083737345 -0.0541279045165488 0.0742866860302685
0.0159795268947364 -0.00792151577612537 -0.113932487153028 0.0734696631742001
0.037702958262645 0.00545490656644705 -0.178994302085316 -0.0317079133497042
0.0200770461523887 0.0457796658735541 -0.116602606920555 -0.159444397151302
-0.0171449705933919 0.0341448170000392 0.0109926646098672 -0.176252938366405
-0.0311857826293438 0.00306578931011148 0.0920622104507295 -0.0298615228620476
0.109092300336014 -0.0670538779456654 -0.0474493205670731 -0.0124180959123733
0.0196550594686916 -0.140083874542731 -0.153854831521347 0.308105797944287
-0.112134257530771 -0.0646452027395358 0.128209760678423 0.318460922761588
-0.0809902112256192 0.07307793020413 0.214728580416755 0.0773107928033864
0.00940759367784628 0.069478295219827 0.0899322171539668 -0.0550247242719294
0.0388676870591736 0.0275943820236536 0.0137964839086734 -0.0424234078780805
0.025709552897573 -0.000426520314437046 0.0061679526453052 -0.0199601690965945
0.00374360321503603 -0.0139791530784623 -0.0125541160425713 0.00183966637853365
-0.00871081270135164 -0.0118662713337834 -0.0285589102266302 0.039205409983986
0.00173955346986051 -0.0177899322549793 -0.0610012375554779 0.0724221962491931
0.0390387901067892 -0.0198722129407737 -0.114614254803523 0.0741375137490682
0.0700349337481488 0.0216075482505811 -0.175053242110118 -0.0124424675790098
0.00767122856823222 0.0811154203434966 -0.120966579932621 -0.130764631783401
-0.00683938272830736 0.0272818669914799 -0.0243903463323877 -0.183598799920194
-0.0101740304108197 -0.040730989124484 0.0962099874888446 -0.0372803291786797
0.1274975895707 -0.0905434484338948 -0.0742001614317473 0.00120990309825514
-0.00316879440757538 -0.164139345130531 -0.134527565921007 0.28544344193176
-0.136836671141245 -0.054853811824889 0.0942420663831369 0.275132575169836
-0.0635471576260118 0.0827254274580039 0.147748412065467 0.0939642406840385
0.0179218843697288 0.0637232538099972 0.0807925894142827 -0.00297856583444355
0.0372965809348064 0.0269264472982839 0.0352305308952702 -0.0197798063524458
0.025068193169602 -0.00143753215600448 0.0197578266596197 -0.0200407786107223
0.00442190937574489 -0.0215394685859097 -0.00735265065937422 -8.81255898247399E-05
-0.0017363440888413 -0.0233569542294733 -0.0303545096603248 0.0333626677097854
0.0234799711671767 -0.0274056321637968 -0.0618570044773357 0.0590777110927749
0.0687824159911087 -0.0133434806805844 -0.104930138658846 0.0639401104793464
0.0835239868704804 0.061320928832931 -0.16008338739237 0.00225230578165475
-0.0351617089582754 0.0996139876896769 -0.161873524708563 -0.105583369986716
-0.072128732878743 -0.027686054825695 -0.0511178127607426 -0.191057559891699
0.012062045426535 -0.0647432958687962 0.0910268950985495 -0.0469855349575963
0.0698170848777182 -0.0368944113401754 -0.0713095683579748 0.0165572493212323
0.0203339816112286 -0.0654717680932692 -0.158867959229711 0.196191834130388
-0.0618353404505984 -0.0197284544359173 -0.00253165501444269 0.25898841503929
-0.0264709768805184 0.0443845360763843 0.0996138446228807 0.158057149316099
0.0103462456485637 0.0227443262531496 0.0963595729808655 0.0478252909183962
0.00587840900434164 0.00846990773904612 0.0658838180163848 -0.00358053850011613
0.00142358603902671 0.00391820568448672 0.0410658412378973 -0.020820209047553
0.00440107763968775 -0.00698238711408516 -0.00345008584633181 -0.00276910604293045
0.0137335394057728 -0.0289533036458626 -0.0248632524887713 0.023351367746826
0.0539418108473507 -0.0230762546943828 -0.056892594399392 0.0425895277702666
0.091338452568143 0.0184574213797192 -0.079931987533584 0.0543147455189782
0.0575438968013205 0.113093551065091 -0.145085270727267 0.0303657520011467
-0.0887257867556425 0.076836620189424 -0.193404243990322 -0.079564174567227
-0.0770085476241501 -0.10089169762158 -0.086232854117919 -0.211095816897574
0.0764486861430942 -0.118720812254975 0.0773860278015602 -0.0417321293703239
0.0528737025647207 -0.0544514145311706 -0.0679537832242319 0.0210392224365714
0.00877624428204583 -0.0428874338529426 -0.123254851935373 0.154319629798682
-0.0369102135899937 0.00423990011767046 -0.0110474781750247 0.221258423015289
0.00437837120962788 0.0298903643350261 0.0873114064572169 0.155886641571467
0.0216577866990536 -0.00386195481732602 0.100985034127318 0.0475074008220205
-0.00830917253946647 0.000531767976018461 0.0633623157844316 -0.00549362971933788
-0.00354949630402211 0.0019045534961357 0.0390265925571851 -0.0196576067479334
0.00101081208943469 -0.0102632332443455 0.00404175406026075 -0.00637687745141275
0.0219901456020289 -0.00406710119697755 -0.0205587785314393 0.00485239122619779
0.0684634259122936 -0.00477899352680955 -0.0402244832699474 0.0270803371919861
0.0441412527022815 0.0482311456265234 -0.0517330934428355 0.0603643142906724
-0.0325225745721033 0.0761342073703334 -0.183090924563892 0.0297384004713024
-0.0910964127856389 -0.0367945404088591 -0.217607272454172 -0.154199508960797
-0.0235980685647773 -0.117341910349131 -0.0398367912229261 -0.266733992173401
0.117996807474885 -0.120553632121262 0.0371331649315525 -0.0597609201332266
0.0653668550657222 0.000555793609525686 -0.0360069240229277 -0.0158923942834119
0.00946533572226049 -0.0254265687927078 -0.106542889677971 0.115445094908524
-0.0155875358476155 0.0107546358953443 -0.0118787069278561 0.199349889517243
0.0380704722778388 0.0286517459674956 0.127614452690871 0.126508154614863
0.0177648241252354 -0.0168570416107539 0.103643831617051 0.0105396938021283
-0.0090127531710193 -0.0119268628379717 0.0593962637019921 -0.0185346154798991
-0.00548495685630606 0.00129706024501082 0.0275392157346537 -0.0255507317736521
0.0083766769322417 -0.0201439581425487 0.00527279204871484 -0.010118112490951
0.0346818910784935 -0.0110210267421674 -0.000700189155415496 0.00415727305169432
0.0609843289267631 0.0172910337481047 -0.00728645006339292 0.0298677775732712
0.0394206709518109 0.0730620252087185 -0.0288924401157189 0.093531422277136
-0.0614906522299735 0.0844433205712647 -0.171955656881234 0.0782642763412139
-0.0705967615388504 -0.0739298187669707 -0.247637200232305 -0.130481683509649
0.0254181230080389 -0.161471576537687 -0.0916074197443297 -0.293887685237481
0.131286232993928 -0.0855006757344506 0.0329793177652028 -0.0605444811417492
0.0544576499195307 -0.00551807186123396 -0.0334032191188849 -0.0291839127614531
0.0135862940307716 -0.0239692433976056 -0.0974583772215552 0.0943486577276717
-0.00605607546858069 -0.000699159986282527 -0.00396598676798806 0.194265908247894
0.00770738043559446 0.000865576850469882 0.121637154807855 0.134860066231264
-0.00358781767083434 -0.0109788257123863 0.111044931699906 -0.000605186933187062
-0.0112481835957118 -0.00968603234193918 0.0515386589577523 -0.0327744909802526
-0.00229780380175098 0.000108264994754843 0.0278369583680892 -0.0192371210004718
0.00567391024545099 0.00272516466158998 0.00394504692451445 -0.00600257393006014
0.0126629966643988 0.0108197430593871 -0.00318105962502921 0.00785976861224612
0.00603809851675949 0.0231134391645089 -0.0172737844367696 0.0458557890637609
-0.0196381047514986 0.0232283437574608 -0.090402750591946 0.0891407049395807
-0.0464214132974793 -0.0154748529963394 -0.234779317154152 -0.0247390968773517
0.000152174932103311 -0.0810408556273242 -0.175657217847319 -0.272161566535081
0.088525954342407 -0.0525232310074839 0.0594252754430632 -0.308495897022751
0.0874546840156402 0.00911000042010361 0.0241030816467023 -0.0811843917981805
-0.0241826858520859 -0.00564595893896566 -0.0141442778603515 -0.0199989613898281
-0.0265968334194618 -0.000511411270113715 -0.125499044910179 0.312897627313656
-0.0279666183419305 0.0281800543689866 0.210894172422524 0.321959580071282
0.00369367606857019 0.033861507927792 0.289898270203227 0.0059414113692203
0.0172954008980752 0.00901571467725383 0.0805678472191368 -0.134135005562612
0.00731636520545681 -0.00603443056422321 -0.0286561562574296 -0.0656827345262112
-0.00367827079673246 -0.00612069886807665 -0.00944773587455237 -0.00862171444888242
-0.00415130951512526 0.00536345142535441 -0.0140757848827363 0.00694333063429186
-0.00395222439025293 0.0130857520407253 -0.0213324309351022 0.0352032535053503
0.00138285783822845 0.0106895967858065 -0.0549187666020516 0.0641011697787801
0.00484298501862182 0.00741699397241781 -0.113117264161533 0.0525564100876642
0.00196481531114482 -0.00240641388948201 -0.162030561077084 -0.0619039493623472
0.018972722984956 0.00118133294365166 -0.0834452113556155 -0.181712428450346
0.00731085277932042 0.0377569342869654 0.0394320904651038 -0.161225141998475
-0.0417233267795883 0.0348976219920246 0.0784092760189145 -0.0252142992755898
0.0419502708159882 -0.034247438561212 -0.0263191045485337 0.0252073050947301
0.0135075321602107 -0.0400901010821878 -0.216334550432749 0.222962449962781
-0.0529553843002861 -0.0248412807221818 0.0377854716197993 0.344651321884252
-0.0455514422632188 0.0472886508132171 0.22188110389473 0.153068995848646
0.00623286664484239 0.0447996750345694 0.135958370365524 -0.0409020940542045
0.0258902564517515 0.0122415957807494 0.0258901638152574 -0.0433105406027064
0.0126457903555698 -0.00505913447257438 -0.000342593938761206 -0.01208466866725
0.000752211626208784 -0.00592345671208438 -0.00201378060838607 -0.0106401244548122
-0.00859615922654768 -0.00177919028098719 -0.0284896688016627 0.0175630234112959
-0.00313884028576368 -0.00164907642463479 -0.054692049781465 0.0731424774931011
0.0156536736252455 -0.00712718466671265 -0.116380372178361 0.0709865209578948
0.0361853743604204 0.00594864287845757 -0.178582871178578 -0.0389193892349701
0.0182629996826661 0.0448902164856675 -0.112719779637395 -0.165358374283395
-0.0179089772737357 0.0333924166902156 0.0175713054109369 -0.177632243907335
-0.0317723856198648 0.0018118105325095 0.0951669176260963 -0.0290281937791293
0.109896969205388 -0.0637670166565146 -0.0493487892205874 -0.0160351362825728
0.0223407894296257 -0.138357863325767 -0.165757338914037 0.300898603563981
-0.109500530751965 -0.0669016273084137 0.114967818584609 0.321367957270609
-0.0809874411325834 0.0704057451660954 0.209195321996469 0.0855566867775146
0.00684408044220676 0.0690322016665766 0.0908038915566168 -0.0497890876002991
0.0374019665796446 0.0273231663223705 0.0154902685864855 -0.0408012250731626
0.0247292612181073 -0.000310522144502979 0.00687544694123972 -0.0193895534987466
0.00299273172313544 -0.0141316435767996 -0.0125056153014827 0.00296956178814531
-0.00954027781950817 -0.0120038603665679 -0.0290209721059327 0.0389205103898754
0.00183589917214526 -0.0169765087181696 -0.0619281607425429 0.0716301637579618
0.0380911839880869 -0.0186790173621067 -0.116601473135479 0.0717556349064276
0.0679565623901306 0.0222772739175578 -0.174639977670081 -0.0195589475481209
0.00529295489430688 0.0799818341610773 -0.118098658959773 -0.136345180025565
-0.0152913484314621 0.0296412515388612 -0.0155604733527228 -0.186355907295879
-0.0107750509164182 -0.0407738549686272 0.0984011828735426 -0.036657078778029
0.127098984073004 -0.0854030364158353 -0.0759992049583629 -0.00360755382496448
-0.000165259677712824 -0.163145346826164 -0.146492770128276 0.277776695017347
-0.1345936436131 -0.0570049127175796 0.08299877884687 0.277893028420323
-0.0626169780250789 0.0790660999408621 0.142255091911774 0.101699668075919
0.0159676780763634 0.0636788386654705 0.0811777313848251 0.00112942334113205
0.0366858879707409 0.0268476513789844 0.0364693303623501 -0.0182744292684743
0.0240413497814019 -0.00186453247528999 0.020433176217838 -0.0191206394354793
0.00398834298022364 -0.0209002947277335 -0.00780386601267587 -0.000480945638153927
-0.00159787176387399 -0.0232134779730569 -0.0305044802201078 0.0327280991904536
0.0234081679571625 -0.0267098434517075 -0.0637149619317108 0.0578393748314301
0.0687630736097057 -0.0122155207750217 -0.108256044989961 0.0620712683424554
0.0816120439443459 0.0627505156882446 -0.161032940276356 -0.00458199672711418
-0.0371856940666 0.0982714721927921 -0.157285804745146 -0.112411587005036
-0.0724027799748027 -0.0289859299862114 -0.0419669154556777 -0.192835997807515
0.012262191309771 -0.0645855443933237 0.0936884334184143 -0.0461378873521702
0.0700991072911648 -0.0355886407865288 -0.0746227039433599 0.0116389084683732
0.020811816504111 -0.0684000581671827 -0.168542257643689 0.191356393156086
-0.0633371889819022 -0.02169245222712 -0.0127538110480646 0.259718229654194
-0.0261736875551441 0.043964889816854 0.0955152088052932 0.163130410341322
0.0100946721900192 0.0227615553002978 0.0968632010371757 0.0517443004252066
0.00449467738458998 0.00923873343751911 0.0653970103670324 -0.00134400069791317
0.0030949687582705 0.00306677280990359 0.0403732691061482 -0.0193196598467817
0.00187992385259145 -0.00857563318072238 -0.00282636153226883 -0.00318696711779124
0.0143438083442926 -0.0265958213017003 -0.0267634086725267 0.0222904352965545
0.0527852334107651 -0.0211900999646768 -0.0574775078083077 0.0432035388518459
0.091138976459501 0.0199376536276686 -0.0823086076000802 0.0534105090961751
0.0537119469455813 0.113887781999757 -0.146260380668198 0.0249285325119368
-0.0897620525933181 0.0728010042100598 -0.189736951570587 -0.0869832794007273
-0.0778776968130641 -0.101289170443054 -0.0749702102654726 -0.212882508202071
0.0771393196228727 -0.11570380869466 0.0790165046412686 -0.0394785090818916
0.0532486651943648 -0.0511588865350013 -0.0679595373375127 0.0159490403551028
0.00902986932189271 -0.0443523028898181 -0.134467632390925 0.151934110462971
-0.0385486405052563 0.00321293090076483 -0.0208383610659508 0.223576490101353
0.00428981168063332 0.0305981343639091 0.0837167290846726 0.161100325337499
0.0163257534055441 -0.00190576013408927 0.10001899374483 0.0516169706619046
-0.00695529984141211 -0.000744640072322347 0.064585062617536 -0.00565356423750092
-0.00347312415814875 0.00108432086356248 0.0379275300530299 -0.0183373525033359
0.0050661529940479 -0.00599853271251381 0.00408352191814546 -0.00637590606201429
0.0213560704381063 -0.00476302686736723 -0.020453825081466 0.0047952273892546
0.0677871008199454 -0.00361321817874185 -0.0372377537334584 0.0273824298783697
0.0476514750539336 0.0457765537651643 -0.0612098728378488 0.0553359586371044
-0.0184463902594867 0.0834306878397178 -0.183588492289329 0.0214666212451967
-0.0918160656934734 -0.0360068504455884 -0.211592717944626 -0.160432225601286
-0.0134335488469274 -0.108611092930923 -0.0296657951936832 -0.270407892786869
0.119175313843482 -0.117915071272617 0.0417203761127086 -0.0581951723553866
0.0636874029481336 -1.17612044474808E-05 -0.0400482898198194 -0.0170416873572726
0.00849236375513717 -0.0273393382947022 -0.112751209040883 0.115058022795988
-0.016668082226027 0.0107579697517599 -0.0219045860353202 0.205332671170054
0.0368967746873422 0.0303267156848484 0.123755709090796 0.135545401267455
0.0191491505813467 -0.0163878232308422 0.105815895148187 0.014883026437207
-0.00381559744375355 -0.0112855254297579 0.061130706513611 -0.0188596817261038
-0.00577858156211625 -0.00132144148052398 0.026434028118033 -0.0237705441856045
0.00732217622750713 -0.0207424935486737 0.00493839527528698 -0.0101799624169896
0.0349894742823856 -0.0121744341072684 -0.00214539119988244 0.00434065730913112
0.0627491549262378 0.0193246889214786 -0.0109620464814872 0.0293174170255035
0.0379209779766696 0.0719361755971869 -0.0332457988825099 0.0918088361725423
-0.0619094940922157 0.0830005890989618 -0.172113914165996 0.0701597835888738
-0.0878885886205913 -0.0579580697163309 -0.238604202163646 -0.139293007892458
0.0277083685223812 -0.160624812517176 -0.080112240039799 -0.297784856683748
0.131339447215543 -0.0798795781045596 0.0385538215600265 -0.0577848448313707
0.0545520299276941 -0.0056686746569802 -0.0373126680369868 -0.0307102816830502
0.0127394197078077 -0.0244125921724646 -0.104358570921234 0.0952530035726195
-0.00637340981254705 0.000317123518528241 -0.00950266267175323 0.199034279335797
0.00793392932331944 0.00176116776281309 0.121731578976327 0.141282113574135
-0.00299540099623449 -0.0118019687213878 0.112823886691806 0.00210020163633801
-0.0109632749506324 -0.0101151935113284 0.0530227961695317 -0.0332383731917681
-0.00169802717121154 -0.00139548353058372 0.0276836875294194 -0.0197700117745508
0.00534919833580024 0.0016580099439149 0.00420016193910749 -0.00684263883750228
0.0134467442639657 0.00977300320644719 -0.00422687995331824 0.00735555308538259
0.00724286241014213 0.0228853057621241 -0.0190898158799188 0.0445776941761274
-0.0196064776409556 0.0239483215194992 -0.0921531897159677 0.0861914729080443
-0.0452576838491348 -0.0156956954886142 -0.232371188146643 -0.0321529510221425
0.0020864051833285 -0.0805852092315506 -0.166498799232379 -0.277958194881013
0.0885479947248938 -0.0509906411595376 0.0699747426987904 -0.307132863212206
0.0858967370046007 0.0100445854124074 0.0291627943607183 -0.0794677555973747
-0.0263914319656551 -0.00821332367513745 -0.0166866666154557 -0.0244756542596122
-0.0258811714394458 -0.00256060719963078 -0.143311208988198 0.325238236855998
-0.0292755669277084 0.0291345892631497 0.208219318831098 0.336366536930847
0.00658693040887801 0.0338606575058714 0.298573024628373 0.0202716373589063
0.0158211248361889 0.00617306175781953 0.0834682720810376 -0.13703013297836
0.00609307901315775 -0.00891332186586698 -0.023233276320217 -0.0659393316462321
-0.00524303721263941 -0.00280064862341625 -0.0131427655552064 -0.0130273569156604
-0.00299373396958219 0.00668662564139124 -0.0148653328093759 0.00880576503135905
-0.000120433177008384 0.01077129178292 -0.0193309301923594 0.0414008897435012
0.0030440182217469 0.0142228772974638 -0.0500336825693263 0.0703995136110759
0.000482961456503462 0.00994488614606699 -0.113461337651658 0.0525320817981356
0.00400623428435795 1.75185619780832E-06 -0.165123911705831 -0.067554534615959
0.0215656869567885 0.00623759042713308 -0.0804565737436275 -0.191170204528315
0.00902141875927251 0.0395821835558385 0.0497417193210081 -0.168552139976323
-0.0437196350506306 0.0378671485187963 0.0885035426507402 -0.0282891464519657
0.0447258259973996 -0.0350523814057358 -0.0303247058384006 0.021437135800718
0.0161277372013351 -0.0412403843634101 -0.232904880218923 0.22609430490773
-0.0537853514075142 -0.0291641181423257 0.0606893995607569 0.336818378675633
-0.0477734945125383 0.0472880452817327 0.222024039990818 0.166612206326267
0.00486968057507763 0.0469243007563363 0.139145968160235 -0.0371392588466262
0.0242332870460542 0.0140265916533047 0.028946439283684 -0.0436936554016766
0.012333938335532 -0.00327489667257988 -0.0016974182240102 -0.0133663020478365
-7.30468752213752E-05 -0.00705884658454447 -0.000840389416139836 -0.0106063825166597
-0.00941882275373723 -0.00148624454415898 -0.0278279919904636 0.0180428587864093
-0.00401127804997538 -0.00158804189295712 -0.0578699422247638 0.0753147818204859
0.0155474501245109 -0.0072522387656614 -0.122131548003574 0.0703258424493825
0.0376493191529982 0.00572135400635022 -0.184354795809451 -0.0460627476869891
0.0182972092878291 0.0468311192661863 -0.111072460177935 -0.177980625892203
-0.0198837541781435 0.0332713214267012 0.02588034931549 -0.184524505079294
-0.0324880689619591 0.000600557974495163 0.100957480783968 -0.0292706088759809
0.113086427764661 -0.0620682206079904 -0.0545994570401389 -0.019599213983862
0.0255476430474754 -0.141275762655811 -0.183679177255575 0.303683005940399
-0.111630757992359 -0.0709965137958081 0.106810818926379 0.334779701311796
-0.0837565001588581 0.0704415571320737 0.212192033096728 0.0958088312515501
0.00552275220924897 0.070997686889107 0.09614505203008 -0.0458413024803885
0.0373496340691124 0.0286160934836005 0.0172112965484883 -0.0402943164988857
0.0251667714422991 -0.000529424111000341 0.00768666289724446 -0.0208636170499405
0.00205628225132795 -0.01354054354883 -0.0115492063494638 0.00188955389692352
-0.00938192356395338 -0.0118968818602426 -0.0298432212866811 0.039740052462858
0.00252451218942983 -0.0164468780718641 -0.0652350996461584 0.0736278141700976
0.0397162615025402 -0.0181760683987653 -0.123106265060315 0.0715300875874703
0.0692772439252953 0.0229712295155614 -0.180229274739667 -0.0270957550564787
0.00432127153461545 0.0828834271078485 -0.120093861679728 -0.146786548930318
-0.0280316036410811 0.0307366624745953 -0.00832458722788899 -0.196538705166003
-0.0106030867991895 -0.0419131080621964 0.104385401408343 -0.0364770329354709
0.13235734379057 -0.0858849041260067 -0.0808963962842649 -0.00742297226816807
0.0025280211579442 -0.166932322862142 -0.162832315919811 0.281334298803739
-0.137462371578801 -0.0613511442937111 0.0751130376331012 0.288704296101896
-0.0608161367557139 0.0747782762577058 0.141635812372352 0.112246485194928
0.0150360680805005 0.0655159739027915 0.0853294192056923 0.00525228661268183
0.0368210067202069 0.0276205495754848 0.0372750236804925 -0.0168204165162214
0.0250802508563865 -0.00167248212607603 0.021251604688617 -0.0198095499326967
0.00248983239776141 -0.0215533686712338 -0.00831610111145386 -0.000407251803726258
-0.00189309451904899 -0.02308627540157 -0.0315765409225 0.0326869537343084
0.0249094463343568 -0.0263679430768363 -0.0666048742873884 0.058315244442226
0.0703497086960378 -0.0112521277635751 -0.113548993879369 0.0618202455346937
0.0820510916010468 0.0650597216270992 -0.167106973560457 -0.0110396645556733
-0.0399299892820761 0.10122178483687 -0.158951624699495 -0.123168454334099
-0.0758986796690311 -0.0311244221077381 -0.0352865498716943 -0.20222759830803
0.013565550241577 -0.0651635746753241 0.0992314601696059 -0.0469234013856997
0.0739345959585517 -0.0345868602126849 -0.0789577753052474 0.00722671666283359
0.0207926370751249 -0.070996339770565 -0.18537376304774 0.193452263121955
-0.0666521852574718 -0.0233617170535315 -0.0209209200103163 0.270913477946641
-0.0284588545379285 0.0462575175891129 0.0946303474675905 0.173010086950995
0.0101095780881174 0.0230551929498176 0.0999924285599861 0.0572774357091406
0.00447452388730539 0.010103559221341 0.0685289829097458 0.00111016124729009
0.00247673151743749 0.00320043205218334 0.0414593441415413 -0.0212307100113917
0.0022709391043507 -0.0106842632012367 -0.00341218312665409 -0.00391906557463661
0.0147715481256295 -0.0272122576947662 -0.0276642597283503 0.0229282880660584
0.0564584707699856 -0.0217119260379222 -0.0600418599406836 0.0444488511384457
0.0938030798475816 0.0224661199058771 -0.086876618879235 0.0524512615019609
0.0527977969851137 0.11824175710125 -0.152782437421139 0.0198321520634798
-0.092330123106024 0.0745016160732008 -0.191287765290057 -0.0982000713265642
-0.0802610029883406 -0.105688180633112 -0.0700800064018382 -0.222471039658442
0.0813623050565747 -0.117384155806016 0.0841341760253652 -0.0403541174052138
0.057644513013387 -0.0513099913897337 -0.0693204956100642 0.0120907525462408
0.0060690430019755 -0.0473083993800618 -0.148333639355994 0.154793425314865
-0.0429579252968062 0.00321656972211132 -0.030721734097604 0.234672455088814
0.00484501930019817 0.031831754404899 0.0844660607893886 0.173300462787883
0.0116358469250156 -0.000524542841324322 0.104267351540547 0.0573289284379922
-0.0064587014208744 -0.000347305262396764 0.0678527664756111 -0.00596952666435924
-0.00448481106439295 -0.000593864184185761 0.0392191134159084 -0.0201778219129133
0.00206107180696517 -0.00853112852212389 0.00171300409503251 -0.00674813414045834
0.0226496698223597 -0.00506137848118541 -0.0209515612375946 0.00479096265643561
0.0710203808469439 -0.00276989232301938 -0.0373031372053352 0.0287926139308704
0.0532116813846826 0.0471998816911698 -0.079293072739983 0.0577853810760104
-0.00825556258155621 0.106420203026223 -0.190900240215906 0.0143201063330555
-0.0960624189363566 -0.0375838602632949 -0.214876835682785 -0.17165206765922
-0.00828565267787813 -0.11052012514103 -0.0232311120104921 -0.279485284766071
0.124705979241996 -0.117327837880721 0.0479533898020126 -0.0593086361503415
0.0672287174069949 -0.000977393806140735 -0.0450567003101356 -0.0212319492116513
0.00685272742545367 -0.028859400975944 -0.123547658314623 0.119289757139595
-0.018475053104483 0.0114628405444328 -0.0302510187037569 0.214939193779072
0.0385370423294584 0.0318085071932344 0.126727113489974 0.147509483220279
0.0198325458614357 -0.0162765003018792 0.110693627493561 0.0190760835556401
-0.0042304028075469 -0.0126757503646849 0.0623869454103776 -0.0178829302619606
-0.00549964317395418 -0.000952771332208078 0.0281535871708648 -0.0250655217650669
0.00779418936992782 -0.0210091934256026 0.0046205326278115 -0.00998107944277184
0.0362046850460387 -0.0136364943308779 -0.00201381803960075 0.00337834731131691
0.0638247645778973 0.0193908540774761 -0.0122111631332359 0.0299516265299646
0.0380594911735447 0.0740293564513957 -0.0365622114261365 0.0920852481114054
-0.0669204974016043 0.0826825928471817 -0.180360973493286 0.0644421315539443
-0.0983150237506203 -0.06005609598746 -0.238712397456685 -0.153673205915343
0.0303148582157391 -0.16360751730371 -0.0709269109461317 -0.309623350255549
0.1373675305409 -0.080545469860889 0.0454661280629652 -0.0587598817725759
0.0565365203933522 -0.00686024056395902 -0.0428374399430576 -0.0325501552556785
0.0121436247153369 -0.024449394185566 -0.115505277899425 0.0992996649480014
-0.00722735196399481 0.00156788747101048 -0.0158860886141294 0.209208044892881
0.00913660489819116 0.00258211367376166 0.125049381108308 0.152187502681646
-0.0025022941962866 -0.0117472708007539 0.119834763832879 0.0063062050956844
-0.0101023022139202 -0.00968097239446409 0.0565348766568283 -0.0331734123395456
-0.0017942223660431 -0.00253834505026648 0.0296968858876138 -0.021370802834718
0.005420121626009 0.000416130696068818 0.00345830652192716 -0.00784516467260666
0.014307003207224 0.0090949407282729 -0.00573763756877503 0.00705509776042848
0.00807194774138332 0.0236927865918591 -0.0212413963807247 0.0452565947598366
-0.0198418960548625 0.0250609747297772 -0.0961363368876281 0.0866055915369325
-0.0465470686669522 -0.0156769082196843 -0.238027703570588 -0.0405541387791051
0.00363198440520346 -0.0824359481532364 -0.164915659816553 -0.29223714055233
0.0915108377320713 -0.0513950288788552 0.0823006508910338 -0.317138396074019
0.0885991935008778 0.0128072973792746 0.0361706976903026 -0.0806987723469632
-0.0221592217188884 -0.0060167333470353 -0.0229985672420215 -0.0268572170192897
-0.0264810655368422 0.000704353351804503 -0.156812807888367 0.343887916401224
-0.0303645090501852 0.0284026764973736 0.213475439499513 0.361984376941602
0.00279579250399454 0.0348699105718031 0.313226872770418 0.0250736955390348
0.0177009214958431 0.00884720121503389 0.0961742379137113 -0.144464570186048
0.00356107081193519 -0.0131124623335286 -0.0238070378290234 -0.0671295749095442
-0.00471819768357656 0.00113283012640856 -0.00954194395170366 -0.0155640516857965
-0.00578380271276279 0.00412301977203797 -0.0111632150388204 0.00715277364618149
0.000633117388005646 0.0154350672438574 -0.0218749842962039 0.0397827247729717
-0.00180010871751555 0.0122521901073785 -0.0566252076357826 0.0741871833836051
0.00118987711917076 0.0117106279511311 -0.120461331148229 0.0543938049788941
0.00344171282869863 -0.00522610689313326 -0.176818946251918 -0.0762483362593641
0.023983347157452 0.0131959775729104 -0.0847643676154829 -0.210451073691627
0.00829615671259826 0.0425915872766643 0.0590564930167815 -0.181080334896368
-0.0467796368467174 0.0406410398465805 0.0949378172727614 -0.0295164930318539
0.0465069711688646 -0.035443972455905 -0.0335948463095518 0.0196621879119481
0.0178518171072499 -0.0435063565545873 -0.253928226513738 0.240355084756436
-0.0560025286502063 -0.0306045262311338 0.0844442191969227 0.349634006871763
-0.0504782889674697 0.0484164163716322 0.237800544758494 0.175818668471699
0.00527732944929486 0.0475644167005335 0.148592002564704 -0.0398586053858777
0.0247407175232321 0.0141027905654363 0.0288701645546911 -0.0448814655082135
0.0131062983353918 -0.00365593847423463 -0.00182209522500403 -0.0153019075777803
-0.00165595321957874 -0.00685981412756049 -0.00131671219837306 -0.0105974242906898
-0.00958355099472097 -0.00133628477304496 -0.0304191061961746 0.021262841571227
-0.00465784084865105 0.000185166811517258 -0.060891229039119 0.0804984560452803
0.015792250249473 -0.00769753685365751 -0.129938895020031 0.0754914374409968
0.0386416784704648 0.0047313150559018 -0.197321883548518 -0.0508790644062443
0.0197068729758441 0.0493239661456354 -0.116725843084339 -0.191116052766878
-0.0201555554487743 0.036384262645003 0.0292753751164167 -0.199241024118123
-0.0348430579039379 0.0017240949030974 0.1102819015855 -0.0335386190104116
0.119469769653598 -0.0660276122104728 -0.0606205797828786 -0.0229808409942011
0.0261546030600463 -0.148711003345439 -0.199677112002548 0.32230520089453
-0.117874210895339 -0.0751197864768995 0.110205521971168 0.356079788257978
-0.0879229383061373 0.074579192602867 0.224247835400261 0.105457026694732
0.00619225459300951 0.0744908180244807 0.102447616896548 -0.0472007006200883
0.0397989341750068 0.0292887948512142 0.0187065759777262 -0.0415940527180419
0.0253030953260518 -0.00134113772427798 0.00760534024868835 -0.0215167749552676
-0.000152393859954119 -0.0146171575684982 -0.0122104113286025 0.00211796304182506
-0.0114182300822572 -0.012104917514772 -0.030792385151888 0.0417546912114439
0.00175493655798999 -0.0170304652983165 -0.0683240470249129 0.0794111965256815
0.0413731053200739 -0.0194775714991551 -0.130441002373081 0.076941715373304
0.073495516524468 0.0236847101360967 -0.192819655152129 -0.0303014223910604
0.00522299031340789 0.0878608802285795 -0.128114103244839 -0.159617761523223
-0.0341468139595091 0.03206475716189 -0.00693914865065704 -0.211074300609218
-0.0125840671217467 -0.044733379129351 0.112632328782978 -0.0412546277465443
0.138575783025507 -0.0910974969843477 -0.0896287493467446 -0.00984249266290347
0.000658728299737029 -0.176560094921828 -0.177085919625321 0.297502744014709
-0.146454050780835 -0.0638356734489906 0.0760110255926588 0.307745372169134
-0.0622172807013488 0.0760432359500909 0.14918440257511 0.122866736909756
0.0168284974026497 0.0683668197480671 0.0912939813145692 0.00764644608486911
0.0391306452099577 0.0283357012994883 0.0408156040695395 -0.0169994733355746
0.0255315248685547 -0.00264775778168923 0.0220953936578265 -0.0209385151200974
0.00117943078996972 -0.0222211258695639 -0.00819960295915642 -0.00120006858492937
-0.00337029757411216 -0.0245175056149563 -0.0332946204220107 0.0354936981520221
0.0263007394922088 -0.0281167456349749 -0.0708450715580026 0.0629702681760592
0.0737277150756078 -0.0127582033641374 -0.121925903402611 0.0665182409572847
0.0876123785847809 0.0672323775550228 -0.179542830309645 -0.0146132387642292
-0.0429278164026242 0.108294133353269 -0.168453910780196 -0.132918778356813
-0.082223921165563 -0.032117765317045 -0.0348440778353625 -0.217421326784912
0.0135360872441028 -0.0705317134425919 0.107763595721345 -0.0511985741736657
0.0832118857538645 -0.0186719180501779 -0.0834721672084673 0.00356952696350187
0.0197965645494071 -0.0786758740858622 -0.202469426762781 0.207968514206885
-0.0718242117555538 -0.0251639500954868 -0.0242373004041715 0.288729165221349
-0.0283834372432329 0.0490047959160297 0.101820237903396 0.188172689316001
0.0111106933387436 0.0243388633090445 0.109004107839436 0.0614372681067713
0.00632229864382779 0.0099247344964472 0.073099409591665 0.0007284546003715
0.00311606304208445 0.00121682246054264 0.0445183022240397 -0.0246345042941261
-0.000533723570282409 -0.0117262853440564 -0.00321674914852251 -0.00381828748477047
0.0133694435934417 -0.0298625629083466 -0.029767464147273 0.0237640237654481
0.0593288599766834 -0.0249653025593233 -0.0638176661034459 0.0479006138666993
0.0992851294232106 0.0221884917275325 -0.0951047793369713 0.0571351075821316
0.0576287166548022 0.124954538061954 -0.162852367354347 0.0183778487766288
-0.0955289388085165 0.0796698685775032 -0.202213480593316 -0.106044485914484
-0.0853344579976782 -0.11132674334208 -0.0711695792093232 -0.238912166679437
0.0836993461900466 -0.124041305525322 0.0919349510949729 -0.0442075888230361
0.0604763013423458 -0.0503901038214277 -0.0750316573799577 0.00934905032156341
0.00486808082616941 -0.0518385842763783 -0.160498843771797 0.16442814354257
-0.0469535207491948 0.00584309714069164 -0.0312714465411775 0.250642863369473
0.00528461978374074 0.0345087945943632 0.0902668392838183 0.187774028203269
0.0126278532857786 0.00162655986386094 0.114980008439761 0.0607766688818529
-0.00648124038825354 -8.86280648829721E-05 0.071687678248507 -0.00556326835709381
-0.00495178857534845 -0.000591100826028632 0.0401093313024438 -0.020803188253734
0.00257024875500439 -0.00978778795982329 0.00257927024586148 -0.00716927894999492
0.0223447877080251 -0.00743086909761324 -0.0222065081337108 0.00523298239832369
0.0756526817283306 -0.0047724395279338 -0.0422181872795401 0.0323537674951633
0.0586671878290962 0.0490642902049317 -0.0879244214480702 0.0649762590415029
-0.00842814656562993 0.120427250384949 -0.202027963698715 0.0152007857572791
-0.10296013486853 -0.0374747311962498 -0.228800099093299 -0.185376113815649
-0.00285775965229942 -0.114813413793633 -0.0236861140737628 -0.300881285563882
0.130272959009335 -0.124755114048375 0.0535544516435089 -0.0641240211214756
0.067068208116793 -0.00464300012323833 -0.0526813926703815 -0.0223736807308406
0.00408366288109304 -0.0322520491590586 -0.136980395770098 0.126312036477033
-0.0199407437114317 0.0137742034045461 -0.0299663782822513 0.231433340748003
0.0408152276169792 0.0322329233765664 0.136346949438795 0.157991761690037
0.020837936088491 -0.0175777338362141 0.121016933451007 0.0193688820704957
-0.00308137979239111 -0.0121154527262204 0.0682132214120026 -0.0200509063516619
-0.00668290094844028 -0.00345994276135983 0.0285821610181771 -0.0257391346953137
0.00727021804807987 -0.0231695442815015 0.00266738820252395 -0.0113900938267363
0.03799351643324 -0.0154128366731788 -0.00396391488166164 0.00220467781395003
0.0692227552149889 0.0206937265512053 -0.0134532463178921 0.0332609348196572
0.0404026765191319 0.079644721023623 -0.0383486069178749 0.0970677502266435
-0.0693612724005722 0.0887547208124548 -0.189229570133507 0.0644334016281648
-0.106556218343551 -0.0604226966520151 -0.245787803109149 -0.169175498492412
0.0296898313313143 -0.17225697471593 -0.070893375815012 -0.328416562874289
0.143650384049665 -0.0851766324468347 0.0527706341152271 -0.0577823248444016
0.0585039559351641 -0.00927788022281447 -0.0518726909799707 -0.0342547230545249
0.0117401088752052 -0.0270379865172119 -0.127579018118474 0.10947179754355
-0.00807405684133222 0.0020910241180693 -0.0150302559111797 0.22728387777188
0.0112717729112499 0.00151020965460115 0.136972096155909 0.165450237110056
-0.00168482150638716 -0.0127371688696732 0.132534316240981 0.00839331773096382
-0.00985033533618957 -0.0104311180765031 0.0606372333019987 -0.0363784963652249
-0.00114658424145826 -0.00327952808367048 0.0307042431405037 -0.0239579990338851
0.00586428652738192 0.000293112483224798 0.00385981161855184 -0.00858948151957379
0.0158235002483258 0.00883046592941055 -0.00546675559470277 0.00759058305689747
0.0102680925964226 0.0246810227886964 -0.023016404157775 0.048870043862765
-0.0202705153929459 0.0275535443763789 -0.101959485886587 0.092320283975254
-0.0490087430396632 -0.015693003576779 -0.253684700762015 -0.0431424409504262
0.00286410959768949 -0.0863075784687897 -0.175051573423636 -0.311603139560857
0.0955479369832294 -0.0557517191687516 0.0895114717267228 -0.339630547508335
0.0929493097893475 0.0120569168188467 0.0405070152178956 -0.0862119790505584
-0.0258279648635441 -0.00152198984828621 -0.0324900722658714 -0.025239097003498
-0.0276477559645175 1.95662742464918E-05 -0.111453339701144 0.3925039930284
-0.0316750055812001 0.0346905546953089 0.290449039739171 0.34623958048861
0.0100341468817568 0.0387837050995507 0.332754226395349 -0.0280647541482195
0.0244667828969521 0.00737425453922254 0.070531705918404 -0.162673947890474
0.00471137023836298 -0.0122392339508389 -0.0383044382360775 -0.0621205426635155
-0.00656998766899458 -0.000510805344382305 -0.0116980084789514 -0.0116545412306528
-0.00596611629060048 0.00653187667577199 -0.00872278147722869 0.0066641697941359
-0.00136682620901182 0.0128014119678441 -0.0139674842666796 0.0463884738463388
0.00217129277989344 0.0139844676765102 -0.0437409577598041 0.0853297684775442
0.00227541137218372 0.00955488552075228 -0.116300848740972 0.0802390166536391
-0.000800872583247976 0.0013282522085991 -0.201358382055731 -0.0546972835141266
0.0254475114338957 0.00744215795403339 -0.123896736795355 -0.21422939505999
0.0152487170471832 0.0433080984074484 0.0342504421512942 -0.207559073206683
-0.03838807526979 0.0487204397794962 0.0953619905702291 -0.0530238925623241
0.0408731388691571 -0.047458385561617 -0.0367841352334774 0.0300221962236508
0.0112242512824884 -0.0537787453528777 -0.231096331582464 0.303933205378412
-0.0673975762380088 -0.0273170927324456 0.169503396725682 0.355853478826026
-0.0483961507776329 0.0608109086206565 0.288024619538519 0.139357722932805
0.0132268549601717 0.052772920147907 0.15121309149302 -0.0716526799955893
0.0276112049655455 0.0110195760185582 0.0235159301795853 -0.0535373691539762
0.0120470837702233 -0.00618734670456234 -0.00388744059359151 -0.0163384987509522
-0.00380705527421693 -0.00736659616484132 -0.00224238156288537 -0.0110565076064241
-0.0113161897781738 0.000573883534894431 -0.0269488370166137 0.0287921716395961
-0.00538364844004848 0.000497090208519256 -0.0503367633349998 0.0956400301580178
0.0140397009588889 -0.0112053160637104 -0.124275574535996 0.101704933113936
0.0415879714896222 -0.000976225214562421 -0.220211111050138 -0.0233511941761275
0.0312833163710361 0.047643061623244 -0.155456615650889 -0.18745220260764
-0.0158744685343645 0.0425073187714605 0.00016688477902255 -0.216882155868802
-0.037536304786513 0.00815233700988803 0.114223893649595 -0.055741678899645
0.114995511851824 -0.0924384216321944 -0.0756449387117567 -0.0032527136209522
0.00229032608673686 -0.166007703528547 -0.158393567794207 0.383672739518163
-0.140436962470949 -0.0615464198987175 0.185135427422124 0.361771768175306
-0.0828234629311748 0.0937828015063488 0.258621160871942 0.0674105013516803
0.0191003340946729 0.0781031036158357 0.100011025827763 -0.0711602995715542
0.0453334199824749 0.0236216866652577 0.0121463126452448 -0.0463116554161998
0.0258813269215167 -0.00559324102613125 0.00374846748127566 -0.0246467260633876
-0.00389878210232229 -0.0142588762885835 -0.0116276986703786 0.00388743826405936
-0.0148557729088859 -0.010325049415711 -0.0249209492270877 0.0498577198601907
-0.00134855083934261 -0.0179550390450535 -0.0586438912685587 0.0960949314896812
0.0372921360857234 -0.0293661700723115 -0.127130908072173 0.104446464920476
0.0809729643995186 0.0125739881327682 -0.212327394657686 -0.00266930329249181
0.0219415340746654 0.0903534868633808 -0.161042019922335 -0.152897932534924
-0.0327170149040644 0.0396049509799122 -0.0396267003226008 -0.223480665977011
-0.0225113237151323 -0.0439314515650599 0.11525165144625 -0.0642423284024562
0.131155081314486 -0.123415508617047 -0.10313259512458 0.0187094625974413
-0.0294983416220764 -0.189945693921919 -0.136637026378017 0.354664378094658
-0.168341528278636 -0.0448078925262026 0.140895715759173 0.313600813397771
-0.0565813544049135 0.0924204104762872 0.181794233458771 0.100056455687882
0.027639223385036 0.0683029854624644 0.0989775993895387 -0.0105840844792648
0.0447108097688035 0.0228792970796822 0.0390413701306509 -0.0251641415269886
0.0253493293859932 -0.00703355291922116 0.0183282913046156 -0.025923373528286
-0.00501429648097553 -0.0225996527713672 -0.00843603911088866 -0.000222571798804415
-0.00893429244452178 -0.0247754079866633 -0.0284983504414716 0.0440501847113447
0.0225756524091932 -0.0343505985832321 -0.0639305957451826 0.0789248189366333
0.0731295019855367 -0.0273373621431808 -0.119958869638868 0.0914319233037836
0.102813637510779 0.0563272356283345 -0.195419903076438 0.0105219634546625
-0.0254965161340952 0.120795403678269 -0.197072376267726 -0.116878548645397
-0.0908897403864482 -0.0179483539731021 -0.0704414563121945 -0.223078988573338
0.00125389698119758 -0.0771965553152459 0.107971577097197 -0.073488703127182
0.0837478262159414 -0.0406795516297536 -0.0972820036622752 0.0252526904317515
0.00527109994109154 -0.0904770065174323 -0.183988532932032 0.262655079464662
-0.0839737476444433 -0.0156168761327095 0.0269223672513075 0.313507187234306
-0.0254881889138697 0.0561779675517126 0.14358223259995 0.179003284530695
0.0156873557609341 0.0261028257065712 0.128714736352856 0.0423736769706792
0.00837155130562679 0.0110652120065957 0.0757264765785711 -0.0127614617703329
0.00195008331176507 -0.00103242540009712 0.0426469060850595 -0.0328342346212295
-0.0036156624975255 -0.0115660439577575 -0.00468553140215272 -0.00351906647218173
0.00765061118993073 -0.0348759770981071 -0.0273666573073532 0.028695476457737
0.0572313139789433 -0.0345273281583336 -0.0599553468118878 0.0625830618798549
0.10610254472299 0.00534039665159851 -0.0944189866954078 0.0746361515337331
0.08044466159511 0.119338353132304 -0.170237460285883 0.0392961964309347
-0.087102219453229 0.101495025492428 -0.226913554956823 -0.0812682622621157
-0.107609132130787 -0.100285531015466 -0.115555700073925 -0.239392550685982
0.0633967916318723 -0.142039242042834 0.0921876011907058 -0.066161410421087
0.053023042358534 -0.0637074287937321 -0.0825460984721228 0.0319770253377871
-0.006477476656806 -0.0602624936305496 -0.145691247668371 0.206594329071864
-0.0524151516505767 0.0115236819343399 0.00989280084983392 0.274808691896239
0.00812939116014839 0.0362945444148653 0.132630855991025 0.180377751844006
0.012690091434662 0.00174701860972378 0.133165080210257 0.0417859418703279
-0.00666066866637081 0.00215402517720689 0.0759858177519773 -0.01875793910596
-0.00480726164667646 -0.00090525013615286 0.0390452683935755 -0.031944614689581
-0.000177295091720644 -0.0106922285632133 0.000866560652180631 -0.00855504963028835
0.0219737449036949 -0.0136276866065409 -0.0224069060728159 0.0104133327457733
0.0788749454429295 -0.01842678381443 -0.0382260805133676 0.041643438837636
0.0613732884872018 0.0460818559763263 -0.0817101684804387 0.0823121730379583
0.0125600278645941 0.131687431005766 -0.212789069405325 0.0447417774847165
-0.116215123709716 -0.0202212155006173 -0.270755011624266 -0.156242503254081
-0.0156261072980537 -0.115063559577463 -0.0751026384397036 -0.317410177359069
0.1131009876727 -0.15024238005544 0.0505220619149057 -0.0788429935824013
0.072469728675122 -0.0196588199083532 -0.0710189245932237 -0.00964516355863558
-0.00292367607387603 -0.0398303576614937 -0.129717310346893 0.165774340019087
-0.021595381695739 0.0150826421546271 0.00685009417984271 0.256283910083153
0.0465499329835162 0.0284865124332242 0.176367125965616 0.141684444408145
0.0184386343137928 -0.0191418514799107 0.133372434398089 -0.0024924197340861
-0.00374816562033764 -0.0114382905036419 0.069332351040033 -0.0356926713774485
-0.00586119639585703 -0.00195844753033048 0.0264891998095701 -0.0365450421022137
0.00265355719873139 -0.0243788068663364 0.000403864277136652 -0.0112045840297153
0.035812787621052 -0.0224213521221277 -0.00384900868630963 0.00369688464431265
0.076509397698117 0.00739444531790241 -0.0121109311185487 0.0363080432805967
0.0549348833968196 0.0730279408154431 -0.0262530256226164 0.104540846254611
-0.055654410630574 0.104353775900665 -0.190363083730631 0.0972353465992415
-0.117889821583353 -0.0449251809964991 -0.276210060367793 -0.149853146644611
0.00308957450884272 -0.180357416047233 -0.129910316826771 -0.334592166712647
0.133622958424892 -0.110648882072227 0.0485633789813417 -0.0721956943771254
0.0601402606446082 -0.0224425839945181 -0.0682231689920973 -0.0211847689805663
0.00632989019749353 -0.0337084369668891 -0.119248707866363 0.144653386332603
-0.0106054282876198 0.00219722811252396 0.0243067416684257 0.249765629682255
0.009813563397857 0.00174859153323044 0.179000772745276 0.150198829529815
-0.00391588023704334 -0.0105473609629876 0.146889105585618 -0.0156906489308093
-0.0115455234817579 -0.00853663856735675 0.0597904236550704 -0.0502165155270527
-0.00164121437819094 -0.00469676250007129 0.0267241165684438 -0.031626251099177
0.00551237575264345 -0.00212972685269307 0.00112108347825002 -0.0104648813213233
0.017976542695557 0.00458935596093627 -0.00521568408462958 0.00800649650501362
0.0161041277178874 0.0230002402394009 -0.0161105921610512 0.0557880589451897
-0.0155880012782819 0.0316269524457857 -0.0908409358121978 0.112562677705374
-0.0516308875510813 -0.00683842902207034 -0.275930370460439 -0.00341382380699291
-0.0123587149865072 -0.0891844580325744 -0.239375309688859 -0.301966916696459
0.0882868614563972 -0.0718725493836552 0.039130878074869 -0.377649523859267
0.098102108274245 -0.00296974888527044 0.0336578811004224 -0.0987116919043998
-0.0305685012567821 0.00126940894106473 -0.0438926560434741 -0.0270325334037358
-0.0289855947210718 0.00208266923205466 -0.0805089049178835 0.412094852893502
-0.0335140617346538 0.0367244567272875 0.327519953056591 0.330774987515763
0.0127539312521148 0.0364519501610592 0.337480709609577 -0.0654579547129868
0.0205208702040179 0.00842158263187177 0.0579318859791392 -0.175772299205346
0.00154170255138488 -0.0111347829908637 -0.0365985685609045 -0.0569572317690528
-0.00931550781809008 0.000885681209220755 -0.0099158161436095 -0.0083014733462748
-0.00324679579093831 0.0121884852909296 -0.0119301459603159 0.00508070044137704
0.000455846469407194 0.0162172082347093 -0.0102653435957169 0.0462038936967918
0.00631429714093797 0.0129530502733415 -0.0323801837885211 0.0937758183824019
-0.000522922955412445 0.00742584872218474 -0.110331890368769 0.0970455849561868
-0.0022506751734994 -0.000488168287997922 -0.212430872124626 -0.0369540847940024
0.0293934628841714 -0.000443328506165885 -0.145557420048956 -0.208168263732772
0.0219728195583698 0.0403891908162131 0.0221357808812073 -0.216590967841661
-0.0371716244310043 0.0559776831391336 0.0934013651385796 -0.0619730185668314
0.0392614011087717 -0.0519244062027851 -0.039831564548882 0.0298065672524646
0.0072841326789108 -0.0573208474702325 -0.211470961577049 0.336022887394461
-0.0708103435279063 -0.0200220011565444 0.208984238956162 0.350514894642105
-0.0421833337179225 0.06532061227197 0.308929734110399 0.117380660850764
0.0180836419048968 0.0506913451254729 0.148323099459699 -0.0864955368536055
0.0300842974660856 0.00778260882208691 0.0200909193590358 -0.0541972380717904
0.00974226515164031 -0.00827909208698868 -0.00682408297782145 -0.0152539972672555
-0.00582995417886334 -0.0059987136451021 -0.00441176473845718 -0.0106139519692055
-0.0109875982329235 0.00193839500391466 -0.0242404270277734 0.0326245040804736
-0.00524517718456042 0.00209977903732049 -0.0405475967298865 0.102407511259242
0.0119274534563116 -0.013024544290417 -0.117988680892839 0.116182771320993
0.0416080654797838 -0.00519302955153296 -0.229650990507075 -0.00534043363082863
0.0355843367398429 0.0453418469131553 -0.17622491630258 -0.180324384937284
-0.0119843633877822 0.044980540750555 -0.0178375018128145 -0.2260463182803
-0.0377327162544756 0.0116908888895723 0.112786215398774 -0.06822418703346
0.10761940928511 -0.105042331943521 -0.0824789645534948 0.0026569273815885
-0.0127573380905752 -0.167946860805785 -0.131577998450456 0.407389523469509
-0.148748332479328 -0.0496933159595311 0.217117406979402 0.354415062173617
-0.0753304194498221 0.102803960648358 0.27054262622596 0.0485315774056794
0.0256678014795641 0.0769236725587679 0.0975496279932359 -0.0798288734840869
0.0476319648713285 0.0195108275192407 0.00976215404018311 -0.0467913853245318
0.0242223885258143 -0.00791202010369852 0.00156718737132686 -0.0250422481529491
-0.0069043106048742 -0.0130016359079798 -0.0119915871463972 0.00441369548269073
-0.0171171699709799 -0.00819044276593021 -0.0197375220697393 0.0532451948408975
-0.00257707882280321 -0.0172191917955131 -0.050307969319652 0.10375201309387
0.0350184542281227 -0.0321851519860817 -0.120649962779752 0.11895755262111
0.083311315023327 0.00559688399725212 -0.219381640909935 0.0143326517107525
0.0316737198375327 0.0898874226144612 -0.1783451540208 -0.145613880518764
-0.0358138480054954 0.0429665098505627 -0.0585848680180799 -0.228106298180557
-0.0275392066984006 -0.0424912609110159 0.113063653521236 -0.0776124125504861
0.121537459914236 -0.136333724383609 -0.106877966219348 0.0270577466777162
-0.0475439453120985 -0.191024117468589 -0.112309656609688 0.374750904002034
-0.175251252799218 -0.029851245494852 0.169364592129979 0.30979480875221
-0.0516019340227466 0.105578969243668 0.195726072414645 0.0886695623332562
0.0338108963644181 0.0624839424049974 0.100750806300403 -0.0190529261961292
0.0476403885098488 0.0183826341110052 0.0385202063332144 -0.0287216584643143
0.0242287474457945 -0.010179960457939 0.0156421906985917 -0.0286267708454108
-0.00818521237505506 -0.0213379296745051 -0.00913231627623991 0.000892765357228697
-0.0129359386840127 -0.0232427887460765 -0.0254635735132476 0.0478185644314606
0.0191310845218727 -0.0365396284316253 -0.0586385346437092 0.0869154736098551
0.0711249138282978 -0.0350278507506933 -0.114884861629259 0.105558351662876
0.108603509381741 0.0464454389274805 -0.200925011704051 0.0265323444088137
-0.0146608383503935 0.126050745171178 -0.211850843853956 -0.104912052566638
-0.0953717798359511 -0.008669376538923 -0.0892685020884405 -0.225161389692475
-0.00667619893393312 -0.0808640086674166 0.105374611729658 -0.0863189507403951
0.081746042271619 -0.0510773620017645 -0.101897299777702 0.0314130202820111
-0.00480971898931788 -0.0942344883144641 -0.165454591364146 0.284339283139475
-0.0892168494292918 -0.00878262123035749 0.0545366607184314 0.321371047239171
-0.0197521830443981 0.0613260449632586 0.166274673443652 0.171772672623708
0.0170856072945397 0.0246950125825949 0.137898682300003 0.0321024929298637
0.0105143256690792 0.00911411799487548 0.0769252462588615 -0.0215231342917671
0.00249001769623562 -0.000319454005757637 0.039857310380514 -0.0399283029171499
-0.00376296975477152 -0.0115465409724556 -0.00513204887992282 -0.00296310580322748
0.00354612183955946 -0.0339400883120286 -0.0263322745561113 0.0330912208254726
0.0538039086750098 -0.0426586069761384 -0.0556063332660151 0.0701475813606391
0.108895700440238 -0.00428331213872956 -0.0892035879279149 0.0872282786228137
0.0931252355198838 0.11460872024116 -0.17402100745385 0.0553565562448067
-0.0771292880482373 0.112634277655411 -0.239480635893541 -0.0662688501297481
-0.120907268149353 -0.0901936545676844 -0.13817327189558 -0.23841234903716
0.0494243014384915 -0.150922082151378 0.0911626008216184 -0.0771940598314198
0.0506487832298406 -0.0677953226024583 -0.0886291532423083 0.0401901642172205
-0.0140883820720836 -0.0615409411745935 -0.126149974892631 0.226022111598595
-0.0528085195374539 0.0184557082409687 0.0342862236690756 0.282287749972498
0.0133660212942949 0.0364479677768902 0.155547733295366 0.175746857159392
0.0136807195499027 0.000109590574122382 0.14178787874532 0.0284307138030673
-0.00472474047562808 0.00245743654615115 0.076875867195364 -0.0271734276444856
-0.00552775513427705 -0.000870844001039509 0.036177162935 -0.0362585699437432
-0.00339950929318579 -0.0118940650984418 -0.00116495375044932 -0.00983840365096209
0.0211059158103227 -0.0153772683064075 -0.0234795001757462 0.01333707069142
0.0791960050234607 -0.0268131569179628 -0.0386660893766135 0.0447378806646997
0.0641972473940373 0.0462751098243732 -0.0780334358715747 0.0925486619778886
0.0246055583642665 0.137430956669307 -0.214406691969537 0.0634415984109839
-0.120165034562945 -0.0080279455869732 -0.292705391792827 -0.137340129071546
-0.017884799870457 -0.119536191722837 -0.105224876338331 -0.317771421508732
0.100152394173134 -0.163166315357135 0.0467630508818951 -0.0859018191893295
0.071067255093891 -0.0287099664776593 -0.0777698753329337 0.000457089353646654
-0.00827989011056177 -0.0391403633005526 -0.120300287186994 0.184256988950902
-0.020774337016185 0.0207061848788196 0.0298454971500737 0.266667136313741
0.0482792154661355 0.025531099287098 0.195088628935141 0.132871326768513
0.0169092087057142 -0.0210629284574214 0.137529637736816 -0.017588198877816
-0.00633888015397542 -0.0123794379553106 0.0686131078121532 -0.0410886295636962
-0.00756969057487119 -0.00381637605535161 0.0244657364530347 -0.0371114620084601
-0.00124570515447831 -0.0241224699831071 -0.000238073450271028 -0.0104221325206776
0.0337578945960709 -0.02796634572189 -0.00561462175921162 0.00599789435864245
0.0787950911966432 -0.0014772692580026 -0.0109429283525108 0.0390689035907147
0.0635663587729125 0.0706905266337993 -0.0183787504236197 0.109749070285361
-0.0476844703699567 0.113783333107017 -0.186216124554871 0.108793703235217
-0.118032690630443 -0.0361146500911139 -0.289470996230901 -0.151778979134212
-0.0156461378690034 -0.183517389855143 -0.159674605992349 -0.335602567790051
0.123446403725881 -0.125263356134444 0.0466576334638162 -0.0794430528073281
0.0582278188892379 -0.0293514537048614 -0.0773172612202271 -0.01405659350617
0.00195274734855718 -0.0348405736536019 -0.11108429130825 0.164574643068798
-0.0109398919963109 0.00483329347970967 0.048318229319794 0.258181195951578
0.0106165922379075 0.00142538972441758 0.200801394812083 0.138042226159165
-0.00525953693653484 -0.0101932721103605 0.150138004749078 -0.0315517735439695
-0.0122626959095376 -0.00756904945704513 0.0571204174521299 -0.058804091979922
-0.00244010590801345 -0.00544619618557322 0.0256603790508466 -0.0371334907843268
0.00526295744474428 -0.00251897961410419 -8.95063925695899E-05 -0.0105379246817529
0.01833611419945 0.00209829985162284 -0.00574478502852578 0.00827932084715728
0.0199968539319068 0.0215468388048163 -0.012104240034318 0.0581348915880056
-0.0121776942244841 0.0350524095833459 -0.0832038517553471 0.122993521446629
-0.0535893121368246 -0.00140472220588432 -0.282160204436392 0.0196693103440798
-0.0218515291725588 -0.0889488061230829 -0.272110608942644 -0.288085438450176
0.0821506902675789 -0.0825175982868222 0.008045603069647 -0.392624316558293
0.0992112982358563 -0.0139053677426377 0.0294883405526227 -0.10397177018015
-0.0251166870719611 0.0037521649564212 -0.0445553098543512 -0.020883505032557
-0.0288454272413441 0.00359968078037565 -0.0449205926141452 0.410885737021442
-0.0278405267586076 0.0362644208319216 0.34071763479081 0.297904193868882
0.0180866500905737 0.0340568037555629 0.323736012460724 -0.082265931608891
0.0213965146508985 1.94988090374761E-05 0.0468999022116518 -0.166383712203989
0.000655300891303649 -0.00858165578192602 -0.0372543642112382 -0.0533427343042113
-0.00675823716017678 -0.0020381487124609 -0.0100058152255916 -0.00387762405016742
-0.00311690822597151 0.0102030686270974 -0.00669497048483629 0.00359650885436533
0.00163342573781441 0.0156395200620618 -0.00656901689155178 0.0475951659961446
0.00693142247175496 0.0134756979144154 -0.0297997762158713 0.0912887570440418
-0.000888146549932539 0.011644695913728 -0.107034404451594 0.0979479005721944
-0.00431932724984212 -0.00173246382243444 -0.214096361297897 -0.0241998308089549
0.0248566207736051 -0.000893117944496043 -0.160943336360038 -0.194823946494842
0.0215090585586648 0.0415007271934073 0.00734563655968497 -0.214140833980867
-0.0341148332676033 0.0529382072268695 0.0974108658003542 -0.0698248554871559
0.034615613417695 -0.0538737369381846 -0.0405332483125762 0.0307921958101454
0.00163517955222944 -0.05663782750685 -0.185452589246679 0.343992455978667
-0.0703514639797591 -0.0146867986091233 0.235648240006586 0.323336148687526
-0.0371320398482857 0.0654224790650433 0.309712560450068 0.0930461452675234
0.020072965112673 0.0470490526542156 0.135261325411 -0.0987855662855517
0.0286626419233856 0.00594115584333931 0.0171952399842828 -0.0542319192992315
0.00893176113881527 -0.00664975876868304 -0.00756298326146557 -0.014821155733182
-0.00502153908793662 -0.00349968551499002 -0.00502644515206271 -0.0107225786665062
-0.0107128750561945 0.00411047895636932 -0.0196187108212741 0.0340804196827727
-0.00570672025321743 0.00384354287063796 -0.0297748733040251 0.10254167202226
0.00978276360531237 -0.0128415440913155 -0.104736881030711 0.122443482328288
0.0380144192043503 -0.00896595089207224 -0.226812770730948 0.012518670957658
0.0388657884735962 0.0412043683504333 -0.186591720294849 -0.16465045584885
-0.0076385457172085 0.0448428985978259 -0.0333451292318145 -0.219810362718249
-0.0363127961017895 0.0140361610259008 0.10589634521541 -0.0774742830892751
0.0955139446943956 -0.108935855281133 -0.0827387547562634 0.00852012513372644
-0.0263918338773499 -0.161451219852491 -0.0990863178814154 0.406372266323766
-0.147979277343718 -0.0364416725253737 0.236997942272521 0.327915840214675
-0.0648786760122756 0.104871900867439 0.266005134080495 0.0276400805408545
0.0308435587993133 0.0724717519730312 0.0895906279803197 -0.0847429872264418
0.0464356198462485 0.0147799857060028 0.00699630882796114 -0.0457678327942126
0.0219285502456778 -0.00932452167488087 -8.42963893201784E-05 -0.0245120090421924
-0.00853276098127153 -0.0104319757558836 -0.0111661381294029 0.00553136097018544
-0.0177432107394357 -0.00524153523240882 -0.0141507351050114 0.053426312625903
-0.00375260999629007 -0.0160433386688279 -0.0393717374343496 0.105525768544844
0.0317621045403756 -0.0343639419422317 -0.107638369130712 0.125187239497956
0.0806510378849931 -0.00188025587467244 -0.214363764117689 0.0305703992576125
0.037818458531849 0.0838105291636148 -0.184252092938487 -0.131673146202638
-0.033754522420855 0.0444330888160293 -0.0732690966350754 -0.218779568397345
-0.0309179171950432 -0.0393364592224449 0.105480082934141 -0.0869505277775677
0.105678091113318 -0.141025571374804 -0.104936101566286 0.0345802180081382
-0.0619200185919827 -0.179320639149295 -0.0832470197382651 0.372876502491301
-0.171421971725412 -0.01389105007013 0.184889989634246 0.288142935759327
-0.0441632154985425 0.110945286227649 0.198906685051654 0.0720948022082838
0.037824191788696 0.05889966020089 0.0992940034492053 -0.0259479463402442
0.0470965616496856 0.0132336590387435 0.0369597130293356 -0.0307151835829016
0.0212498609288274 -0.0107189657473734 0.0122379873880681 -0.02885205296942
-0.0107161455812125 -0.0186166250093115 -0.00900581337800198 0.00186581327667511
-0.0153162472661946 -0.0200350731393245 -0.0200910358891178 0.0480564550792266
0.015506118854663 -0.0372756463282749 -0.0497900634933181 0.0905325765107666
0.0647224989066435 -0.0397498196714904 -0.103261373760561 0.112736194752343
0.108382259882842 0.0350862301864192 -0.196330355292732 0.0406386209902047
-0.00352119827404496 0.123442821183495 -0.214219352743655 -0.0884420749380795
-0.0930302027853094 0.000748948471497469 -0.103414107370554 -0.21500549559224
-0.0126674435077022 -0.077948075324065 0.0968910091747238 -0.0944948242604383
0.0757034035449257 -0.0563561957924033 -0.0985541288659381 0.0388624308117828
-0.0136260369197906 -0.0935013165507361 -0.144674276379774 0.294933163435859
-0.0867545072911205 -0.000640426207071987 0.0782524433869832 0.310803956302831
-0.014379637671235 0.0610332375044154 0.177276242317247 0.156093760562405
0.0191741749345071 0.0224065233838181 0.137165655878869 0.018654021684468
0.0113818678953363 0.00832218022302051 0.0746395709562296 -0.0263012566813417
0.000448850415291516 -5.56445677070978E-05 0.0337893963485105 -0.0397378715603191
-0.00802426476123443 -0.0100704194094389 -0.00571469680024552 -0.00407946734820228
-0.001197345748541 -0.0332905450933637 -0.0217928873442826 0.0340688792164701
0.0499619434075531 -0.0479153488438709 -0.0484218615967325 0.0751623778340037
0.104894223531397 -0.0143467421806206 -0.0810536785089175 0.0923114890908368
0.0992499517830899 0.101548217217878 -0.167084753315372 0.0664550318689077
-0.0648369323858335 0.112961603668606 -0.23771368112542 -0.0481400089696149
-0.124557384504012 -0.0764699706721012 -0.151985591303757 -0.22259146869896
0.0353603502209096 -0.149716595303839 0.0825908671938759 -0.0840057639919265
0.0408488632567697 -0.0712538330650727 -0.0881706539501553 0.045969923322927
-0.0196098685255779 -0.0592258116977391 -0.0954943914908844 0.226594326913024
-0.0514068415713457 0.0231699429453801 0.0561167456390113 0.27466559966921
0.0153878272389085 0.0349060455988411 0.168462992095816 0.1620821319541
0.0151959464112383 -0.00239214799612267 0.142801379014597 0.0159519661723538
-0.00318142935625092 0.0014589025062915 0.0734001726868124 -0.0341403270182596
-0.0074293621985015 -0.00121676611083195 0.0310193935695042 -0.0388124927122678
-0.010674023142202 -0.0154606163610629 -0.000524233534908025 -0.00857441150226539
0.0177591586502314 -0.0178110208430543 -0.0243866687719398 0.0160316120984869
0.0723401852937787 -0.0343168054860897 -0.035085984736092 0.0478859167843382
0.0666283926700957 0.0391021543964788 -0.0674938719649812 0.0958360390499533
0.0361685918649094 0.131921758771874 -0.205855641989633 0.0785045687782843
-0.11843573656964 0.00483400566528064 -0.294114628124641 -0.111656974108556
-0.0207164847010307 -0.120236406878895 -0.128349871013971 -0.304190506251081
0.0834118237954455 -0.165176413552631 0.0403549090142074 -0.0889409641315243
0.0655617034530712 -0.0339892087664546 -0.0813539911608464 0.00481275060025535
-0.0133519655706294 -0.0366792877610777 -0.103895201354472 0.191845449088084
-0.020011688489632 0.0228665872051287 0.0527763258724622 0.25969514257937
0.0490644092516007 0.0199684895530304 0.203204145595885 0.115065116150053
0.0154807689243167 -0.0220794299759616 0.133676061396906 -0.0288635821623895
-0.00529987799571509 -0.0109957517712971 0.0622807230509721 -0.0474363653130023
-0.00629710792285105 -0.00247258497447841 0.0188724652526249 -0.0397350639862897
-0.00414939308185312 -0.0233369640557613 -0.00294583249189727 -0.0105341757724581
0.0302833209250785 -0.0316913578937042 -0.00639696476343865 0.00610973090597568
0.0767576049265034 -0.00836580599429791 -0.0134195656068009 0.0392670666117465
0.067357208973 0.0629236972241363 -0.009468444234146 0.106579028837516
-0.0361405191661 0.113595009150739 -0.172066434846673 0.118796747658083
-0.107648155846676 -0.0365110297890291 -0.292299234243259 -0.136777473693882
-0.031394833208216 -0.174637712432908 -0.177582013614941 -0.313726557798874
0.11035542939598 -0.131605865174399 0.0396644303138684 -0.0856157206945878
0.0531350068683638 -0.0343086189898831 -0.0811576520673956 -0.00426099554222156
-0.0028638307693245 -0.0338628996668079 -0.096429686789584 0.17185405844155
-0.00995927125869816 0.0057686822858455 0.069300720298352 0.250947265736719
0.0110371240777477 0.000794771223433583 0.210743003101295 0.119334132279154
-0.00493327057300831 -0.00921771670863686 0.145822596848461 -0.0457581376692108
-0.0112899339336118 -0.00633057624157144 0.0516591783129095 -0.063010978283959
-0.00388715559002299 -0.00587689022585717 0.0211049411831266 -0.0384188619834526
0.00465313694541233 -0.00424953697086931 -0.0033428135149294 -0.010011243601245
0.0176967392317451 -0.00104384041369422 -0.00577092756196257 0.00909716480396111
0.0223405973818471 0.0172228532102139 -0.00797287880096029 0.0574120672624263
-0.00735856764620215 0.0339942212999224 -0.0705993137651132 0.126072248122675
-0.0514208716276017 0.00471307579308823 -0.273120053962658 0.0404183487061813
-0.0283758543373499 -0.0841373128329356 -0.285485556064792 -0.260848454919011
0.0722790615667225 -0.085676101227771 -0.0224321150549142 -0.383979925855191
0.0943464183791622 -0.0218223108995533 0.0234675026209211 -0.104404858769841
-0.0284024840131255 0.00558674917421901 -0.0492657837455303 -0.0143831328447925
-0.0231697870850472 0.00758763808651714 -0.0342133322079147 0.39210615484697
-0.0222904364118832 0.036304570189468 0.332533559533151 0.277707670600839
0.0201211078426116 0.0320160132273061 0.303216714776021 -0.0878907779617764
0.0191888821376317 0.00146678370318744 0.0374962014060758 -0.166272279751364
0.00105768869025443 -0.00666595932679994 -0.0355641096476391 -0.0501243658221134
-0.00989886464328232 -1.52714216167812E-05 -0.0127842301214306 -0.00943518333276208
-0.00217504942886409 0.00938595296334884 -0.009527892338587 0.0090780307362117
0.00443807307829384 0.0199155086936566 -0.00183739530966246 0.0438002989166231
0.00137417473191606 0.0189082130294414 -0.0198986907025209 0.0885575423361407
0.00177696894759035 0.0103812462479006 -0.0918653557698727 0.0893007917762767
-0.000285526879145992 -0.00471410377613278 -0.205902518873766 -0.00615921483628929
0.024875816335289 -0.00485762975165983 -0.160076571579003 -0.180613413254137
0.0259403976420829 0.0395399341230431 -0.00830291913928343 -0.204767740114459
-0.0219258753238889 0.0534449659374644 0.08595279108193 -0.0728381090206576
0.023193350226159 -0.0422477805784127 -0.0386066768372514 0.0278365391839632
-0.000504560351259237 -0.0542988062764415 -0.166256391796123 0.337889924236456
-0.0671740845081578 -0.0136378993094304 0.233769503068206 0.302295271434357
-0.0321943445463389 0.0648784728613673 0.298022561409476 0.0782028035659392
0.0196599034528893 0.0440373277237321 0.128085918609941 -0.0970049295364539
0.0246324855706548 0.00273923290662288 0.0147541240587301 -0.0523953897088536
0.0075319185872389 -0.00733983847017338 -0.0062924039367998 -0.0139618533821588
-0.00764818265026598 -0.00200580206767304 -0.00565525482881339 -0.00893125834253117
-0.00912506406520285 0.00548116865125498 -0.0170754647255144 0.0322966773512015
-0.00408518284741426 0.00385410473571159 -0.0229121552999972 0.0985097134389729
0.00833234316347687 -0.0117170055039415 -0.0942690259962837 0.120261195230517
0.0352690901211547 -0.0104530236352015 -0.215462227422975 0.0202718068929461
0.0384102788187579 0.0359067226084006 -0.182368810992703 -0.152074524185766
-0.00617393257245862 0.0426673897639265 -0.0390040112237347 -0.209947899242782
-0.0348472262116928 0.015405871379163 0.0987053888682006 -0.0797347088140276
0.0852200457048472 -0.105946343342073 -0.0819051843312395 0.0115527644320527
-0.0311088193678436 -0.150525144492345 -0.0827473968652669 0.388716339043111
-0.140967844024541 -0.0279141871639325 0.232769186578357 0.304103315313706
-0.0567376010664532 0.100520322807176 0.251585492275369 0.0190660715616658
0.0312895073797546 0.0669308079134015 0.0833297948541578 -0.0834277956486396
0.0431707947237657 0.0110577346873153 0.006281570380285 -0.0426993468016885
0.0191611077475109 -0.00979155337953059 -0.000341551823283583 -0.0230983174130288
-0.00973549425522788 -0.00817731632306917 -0.0107567934388889 0.00521966266999339
-0.0176773774093026 -0.00324747349129672 -0.0109213030503425 0.0503748043802162
-0.00457075719117377 -0.0151317766102568 -0.0328156477000076 0.102496129336856
0.0272360161983802 -0.0323876334401536 -0.097285240443639 0.123003986834772
0.0747370032950865 -0.00521639810957437 -0.204494915176395 0.0356259126632583
0.0400941888728142 0.0774234822009183 -0.180440437976248 -0.121906902762806
-0.0323050116958339 0.0431970911401319 -0.076883591905093 -0.207689656879048
-0.0312103234297967 -0.0343976816470521 0.0988014461909028 -0.088725881110914
0.0941779676736805 -0.136598567980628 -0.101007085388678 0.036349373313548
-0.0657077541194329 -0.167006294608345 -0.0703629183003679 0.356576454776003
-0.162248723796361 -0.00674556868540337 0.181719564769796 0.269314461243262
-0.0382773751015247 0.107819920711387 0.192725270775899 0.0618739124090595
0.0381580475525412 0.0543278410447475 0.0933881814004311 -0.0287708726576113
0.0439054667072011 0.00947258202960288 0.0345678248898812 -0.0306020367513818
0.0186609031291013 -0.0112451986660526 0.0109915496354408 -0.0276687320984508
-0.012285046036626 -0.0148511473005091 -0.00918903447795119 0.0018780858694075
-0.0158904187193039 -0.0167415808420796 -0.0175194986385134 0.0464996615363797
0.0130418253161574 -0.0361131394766551 -0.0426932147440357 0.0883803483784224
0.0594100499235511 -0.0396151418692217 -0.0934235904169815 0.111694292048136
0.102821093754548 0.027873885453356 -0.187110558895647 0.0463266581526204
0.000708408189652279 0.116675472633144 -0.206180659666352 -0.0785651431949742
-0.0870012970444662 0.00571759951915976 -0.10382978568858 -0.20183472763957
-0.0160181462584575 -0.0754656853527768 0.0897135609409611 -0.0944206708944005
0.0700537536645942 -0.0567609899465231 -0.0945041994297752 0.0409484812478134
-0.0171594990448592 -0.0882671859019853 -0.129179195156374 0.287270478961119
-0.0850639952228998 0.00431794530158807 0.0823579235873405 0.29500082767982
-0.0108844780497542 0.0578095713362851 0.17512351741642 0.144897990216074
0.0193781231418768 0.022386430613571 0.133449623726323 0.01178254346127
0.010889284200576 0.0065079600493196 0.0709712658936852 -0.0298617106940848
0.000578910474421161 0.000121466791484565 0.0311950237908455 -0.0392916390465311
-0.00927486579905393 -0.00864785365418923 -0.00766119758092224 -0.00255359348776469
-0.00349012155089736 -0.0301124875949893 -0.0218087412081501 0.0348133747223457
0.0441840189772001 -0.0468648370299063 -0.0425504735653753 0.0718949138311717
0.0983908613353358 -0.0185930601950983 -0.073449649960878 0.0909762800463792
0.100012460974256 0.0928380192027592 -0.156674313121458 0.0671072444910163
-0.0594005553518099 0.111498992507297 -0.225348409064867 -0.040694989525604
-0.122052707946819 -0.0639284185307722 -0.148999038293651 -0.207052493479181
0.0267205962384007 -0.142750993455461 0.07615056298251 -0.0843246800595801
0.0419997747829738 -0.0675827175810623 -0.0864767501823762 0.0464400443104071
-0.0253904633944462 -0.0555873252553727 -0.0817209680603141 0.221248225298117
-0.0476546625397905 0.0250214451914528 0.0601511312610907 0.263599368909591
0.0160739786514417 0.0308516344514003 0.16669008798745 0.147983563125057
0.0130724401927375 -0.00292574339958091 0.137091300316529 0.00942566163596423
-0.00331839384333647 0.00246250889622585 0.0679879764979056 -0.0354523836608146
-0.0055436728984597 -0.00130682617405389 0.0267649751195278 -0.0393659306869058
-0.0123964526237193 -0.0184133995729719 -0.00222227207340807 -0.00713072947983674
0.0149384799978863 -0.0179869796086449 -0.0237420743722425 0.0178598321410845
0.0666864292259576 -0.0361836182691191 -0.0320306690658798 0.0493780243529539
0.0663922532636568 0.0337318355333236 -0.0624973444603078 0.0962130676293187
0.0398395279360558 0.124580648576128 -0.191314792768615 0.0812445852557025
-0.112219606756767 0.0115670707973476 -0.283019616814352 -0.0956507687180287
-0.0207114422447405 -0.115990435733408 -0.133027724473054 -0.284592296626543
0.0730490651396306 -0.159033071184984 0.0378254423808489 -0.0894362098555503
0.059425318289186 -0.0367294565853967 -0.0802418171920472 0.0127858570680146
-0.0161323193815192 -0.0349742684080574 -0.0952153941091264 0.189896537601693
-0.0184244170044818 0.0242533973160056 0.0586354680506833 0.248300470014677
0.046488947734143 0.0163604647477121 0.200432934975214 0.100290196957214
0.0134933883274212 -0.0195827986074835 0.127202327416795 -0.0346517793662397
-0.00576886711562742 -0.0112153447419212 0.0571466780280965 -0.0493484580680844
-0.00844627365639958 -0.00226611905488492 0.015263570327774 -0.0398806742522473
-0.00592268854246704 -0.0218363699085356 -0.00302260549722078 -0.0117001343812105
0.0269245384649237 -0.0310736617462968 -0.00632456444734821 0.00556329346581106
0.0729855745730863 -0.0121807353680411 -0.0123501846021831 0.0386181413208396
0.0680375286872028 0.0555370622269777 -0.00587047898887892 0.0989271209147237
-0.0307087606848477 0.109000618615592 -0.161200390235714 0.111713308789196
-0.10725002957857 -0.0239943110628402 -0.281431474184365 -0.12053357002035
-0.0358469277367862 -0.164034056255145 -0.176493814010665 -0.291297312916285
0.0975373924947145 -0.126521465215855 0.0380890654221087 -0.0860684137558096
0.0482791326039924 -0.0345895650190644 -0.082147824345153 0.00126362824435086
-0.00526816098817158 -0.0329468918942407 -0.0866462976825408 0.171982442064063
-0.0102811260469231 0.00665181235314479 0.0765982191644298 0.239248509640654
0.0108513513445365 -0.000199994885882714 0.20760703910081 0.10625707210558
-0.00444081263453572 -0.00839483212016591 0.139178301083839 -0.0508323894430492
-0.0116437337632806 -0.00698425897958324 0.0462223644800123 -0.0636277871955111
-0.00370769219326113 -0.00609228880091868 0.0177935589987268 -0.0383455184017025
0.00385362251994982 -0.00440367792906311 -0.00380053954065549 -0.00979410808002181
0.0168023062458347 -0.00340182039058664 -0.00619990818529705 0.00899432709290329
0.0223878151212975 0.0157873650322618 -0.0050881024278865 0.0549436929649171
-0.00479051671363782 0.0336612579862788 -0.0613140253771199 0.120480529449201
-0.0482980267724417 0.00694603834094737 -0.256831498730367 0.0477125883700247
-0.0304594619235988 -0.0777214214272393 -0.280235251996174 -0.238473642034162
0.0642354172075706 -0.0840488367603472 -0.0320112242969782 -0.363699405261706
0.0876895117191161 -0.0243333597939579 0.0212726732093354 -0.100389722011008
-0.024518931091645 0.00434952080550282 -0.0495712066451684 -0.0141584798808355
-0.026361802604159 0.00562493203149177 -0.0374306622174439 0.375842594723756
-0.0200761355337748 0.0317786684202809 0.314875167035251 0.263818831173698
0.013887603074688 0.0292965062670667 0.29109037491588 -0.0831499063111262
0.0171303561815607 0.00316123386837086 0.0361695705689177 -0.152351615029648
-0.00158188036198369 -0.00560755718310132 -0.0377246180837144 -0.0477659029537452
-0.00908165851940089 -0.00212343711727671 -0.00638664751847811 -0.00975619006325273
-0.00263016673542219 0.00823693075399433 -0.00472393509699354 0.00375498259455122
0.00570421578234463 0.0136034726818246 -0.00157312342223535 0.0363619964211988
0.00524778077654173 0.0123392825824013 -0.0174255926256435 0.0826149725413961
-0.000110198889028173 0.0118860892837341 -0.0850453617217355 0.0893535838822182
-0.00555205853958365 -0.00460333046975527 -0.199772285886836 -0.0144616997983757
0.0291393136256171 -0.00753791777820958 -0.152088612095136 -0.177227577887508
0.026805681482223 0.0358992316352222 -0.000331791505889057 -0.201565949809997
-0.0286567063062261 0.0507213845660598 0.0869637188724007 -0.0722461047188306
0.0234899355114358 -0.0369477075728809 -0.0407885272018091 0.0274536427887992
0.000420474207801413 -0.0532028314653872 -0.164194928556564 0.328401700005797
-0.0652266479781042 -0.0142976941999747 0.216789940002035 0.29520261865256
-0.031385133093784 0.0604655402855373 0.288110857624127 0.077173028746858
0.0192242425067313 0.0428914247848343 0.124456226202756 -0.0923917864244192
0.0242452476030701 0.00460243941488561 0.0156351013298133 -0.0498854555838582
0.00753484016758969 -0.00653660423736361 -0.0059776485641669 -0.0154775106501347
-0.00780811728011937 -0.000782465687030186 -0.00466081191739535 -0.00872980631604184
-0.00931691117544716 0.00570475503947673 -0.0166847845573915 0.03047768943541
-0.00393991494389415 0.00386707655148669 -0.0226548514545383 0.0944500105457905
0.00767272416047584 -0.0110743797145986 -0.0913964987751409 0.115851458006812
0.0327049860487091 -0.0100089607817208 -0.209444201853668 0.0179142405215847
0.0370116759045563 0.0334576226200074 -0.174270693460003 -0.150166587177861
-0.00554497568734203 0.0409558731253261 -0.0349140340953547 -0.20488760587035
-0.0337638104416314 0.01508707285836 0.0980743518834144 -0.0783637068615029
0.0820625889833395 -0.100559386801987 -0.0819776425751269 0.0110457990226187
-0.0295352798130828 -0.144424094002049 -0.0861205566076659 0.373211052574076
-0.134656875749245 -0.0278093027435079 0.218136015768073 0.295307601261303
-0.0552690090857992 0.0958973536724358 0.241586236031289 0.0215647523617258
0.0294784029698997 0.0638908045239611 0.0805970504903236 -0.0785676636016072
0.0406258746487149 0.00995836460424318 0.00755544636607302 -0.0407584712111098
0.018150407067313 -0.00974134396747433 -0.000709090319312557 -0.0217204958359499
-0.00973982537728336 -0.00623451057191916 -0.00973303177004351 0.00523552792727754
-0.0171843658386434 -0.00239352740802995 -0.0104665611243988 0.0480862141123298
-0.00376366773718799 -0.0145241551589388 -0.0308882773734297 0.0982178626813832
0.0255179942522672 -0.0308255097410658 -0.0932360510760944 0.11907852892264
0.0707056034674174 -0.00491450383833199 -0.198627317848946 0.0334609109183355
0.0368454753659871 0.0735005560168437 -0.17541248691483 -0.119502132484966
-0.0333442107754244 0.0403449960252922 -0.0713025949951387 -0.201200740982447
-0.0300581851788279 -0.0328256675011505 0.0963707330149807 -0.08637362471844
0.0905092407586852 -0.129969165107801 -0.100246827489934 0.0338899291454018
-0.0625040837670651 -0.159503100338407 -0.0726810606823637 0.343107105632084
-0.156006572808319 -0.00659160295934863 0.171289145027176 0.262279211101868
-0.0376909278670926 0.103072252131211 0.184535532940673 0.0633443075473709
0.0351886031226578 0.0506777245156599 0.0901321564759207 -0.0276010019621824
0.0412816919754528 0.00891044991605534 0.0338872147295779 -0.0293806577063828
0.0166488668842107 -0.0110587173736405 0.0105929337989138 -0.0270449269700505
-0.0126122043943213 -0.0129066325221341 -0.00900624844764732 0.00209982292827448
-0.0161926610090528 -0.0131713166658383 -0.0170021110774121 0.0441081018426104
0.0119398251804617 -0.0345382662711452 -0.0404565351366541 0.086648579354206
0.0566132774472192 -0.0370829019865603 -0.0909970780997852 0.107999521102973
0.0985267946870995 0.0265620693255639 -0.182949089499741 0.0435645001933595
0.000503239061322312 0.111976851594189 -0.198524624382716 -0.0803320035920881
-0.0834074807085423 0.00556156000751667 -0.098135772771586 -0.19761634828007
-0.0156578207845921 -0.0729381247931919 0.0879078352623542 -0.0920741826289893
0.0676526524847719 -0.0551885338066523 -0.0945387680181023 0.0380114369876199
-0.018214348393653 -0.0869877059039611 -0.128537103303783 0.27696437128951
-0.0843982926109896 0.00471795967751163 0.0776773098913124 0.286242194785817
-0.0100023771305103 0.0557690197976806 0.169517366270471 0.140336247755886
0.019352950021659 0.0203360192845457 0.129615863887441 0.010654706227863
0.00999755183278414 0.00529253483367158 0.0676810259443683 -0.0287460031218478
0.00054010741434892 -0.00015670989615622 0.0276795233735753 -0.0370332569510253
-0.00983211983979752 -0.00922291991806816 -0.00789512842108224 -0.000461446163269878
-0.00342757530550909 -0.0281106075140242 -0.0197123346665466 0.0337336125215331
0.0415130232107422 -0.0449475110920781 -0.0408940257008975 0.0703709851379022
0.0929493881189351 -0.0172561333156997 -0.0716625390751489 0.0890253610613299
0.0942302722744569 0.0874134178799424 -0.1553009238705 0.063013233772278
-0.0572518242680501 0.108342263498043 -0.215242844571212 -0.0434752169671459
-0.1173938645017 -0.0622536668186135 -0.140810238594552 -0.202262801234251
0.0270715802623576 -0.137130384371337 0.0769216568434725 -0.0822520406049409
0.0388314578104675 -0.0653764965138588 -0.0903091497917023 0.0460084853555714
-0.0249463078102779 -0.0542022251576951 -0.0802576227877292 0.211953772746788
-0.0472195269739977 0.0240634708587247 0.0573418756405219 0.255988019494812
0.0155254938254331 0.0312195701709744 0.163563706761336 0.144843461027257
0.0137200513575994 -0.000887420974974597 0.132811802575694 0.00672075324796873
-0.00315657214757948 0.00108590375557085 0.0658404578954809 -0.0338060973836055
-0.0066978548294437 -0.000824320537774147 0.0259769333022211 -0.0370740795012154
-0.0127837242635209 -0.0178618831936056 -0.00271256321082293 -0.00692190553766416
0.0123681655179961 -0.0185166920311027 -0.0228414699596409 0.0182889302681781
0.0629000842840928 -0.0356853797208136 -0.0295031246113423 0.0474200719766266
0.0641486380072586 0.0314362833018073 -0.0614086043143258 0.0931488967201473
0.0384673434377387 0.118813429624544 -0.186198546103912 0.0761618375484129
-0.108011234146775 0.0118757327857339 -0.270989128128409 -0.0977599371883359
-0.0309292698080981 -0.103923730064184 -0.123639921150085 -0.277237587736891
0.0689579106804061 -0.153389108953406 0.0386550929582088 -0.087214645535187
0.0569670732447209 -0.035932701581438 -0.08202801142421 0.0114260060811556
-0.0168375836812861 -0.0336237042342004 -0.094839799946322 0.183060852229021
-0.0196367747805579 0.0223285686606965 0.0544591766725592 0.241128278482004
0.0446288670336612 0.0143974953737193 0.192988197408164 0.102159883526712
0.0140891510095706 -0.0177464400969127 0.122375766617912 -0.0333766743023046
-0.00492002882746294 -0.0109848438216626 0.0549703268166378 -0.0477965592655795
-0.00697819356865854 -0.00417251821556663 0.0145087176615167 -0.039599612063969
-0.00616453301180751 -0.020272301346317 -0.00297200363333137 -0.00838074215517867
0.0237867484057364 -0.0287706364755739 -0.00803834782088907 0.00533511064116038
0.0711552527596136 -0.0133200324579824 -0.0126211115508208 0.0390886368655477
0.0655277779258547 0.0528282182658806 -0.00716013342422769 0.0968686909399806
-0.0295378572198533 0.105556275155798 -0.157599807923779 0.100469214763375
-0.119000100722467 -0.00992743571512631 -0.268144592290758 -0.104794049261889
-0.0345651634636086 -0.155911139245266 -0.165263235870626 -0.283723171266947
0.0925259698667767 -0.121520235050302 0.0379249000853751 -0.0784131222446249
0.0455570652990763 -0.0330958192171873 -0.0824686177852619 0.00398966766013542
-0.00708278247908855 -0.0313802791410287 -0.0867253745757375 0.168919757968431
-0.00990888824302527 0.00715503050720285 0.0739967377264434 0.234665756779228
0.0109226364061416 4.61370692865883E-06 0.203068033963565 0.104035522722951
-0.00417397568444183 -0.0069217748765059 0.133325123079143 -0.0512849441255695
-0.0100582249724015 -0.00702651142459558 0.0433494696157927 -0.0621828567617199
-0.0037272551976253 -0.00682798907182088 0.0164923477138727 -0.0377318282290541
0.00378892433073513 -0.00413617412969076 -0.00399206454035819 -0.00935142319982435
0.0153950541488405 -0.00358297308855501 -0.00801884768142404 0.00936496921880499
0.0223423854823241 0.0127981668315542 -0.00536785609555188 0.052629895236794
-0.00282024203077725 0.0326114747911542 -0.0601107708798668 0.115433849499354
-0.0458795443061187 0.00683475168727259 -0.247839381249393 0.0434971048249602
-0.0288541084099756 -0.0739167568915064 -0.267905471792364 -0.231533484341915
0.0611567102424402 -0.0804363460563654 -0.0269029915476511 -0.353799776206752
0.0837404246201788 -0.0234588376072704 0.0234179303794671 -0.098361406344279
-0.023850041330962 0.00023737616121497 -0.0448895478692351 -0.0267037839135095
-0.0240902099559053 0.00131881518201746 -0.0924768405210306 0.364472319507367
-0.0289442236836443 0.028282700764844 0.266239710857279 0.308040981262468
0.00633487302915103 0.0308142347628226 0.295425645458053 -0.0354491567113886
0.0140142586821662 0.0040358467877404 0.0609341228623483 -0.139251124104618
0.000957848592184278 -0.00732798042018307 -0.0276288957010488 -0.0547908069824267
-0.00983209867668734 -0.00236631950204042 -0.00087649403693342 -0.010095530475852
-0.00658832086528127 0.00624004722794438 -0.00474123338030975 0.00274319905709293
-0.000907468804817697 0.017607279110997 -0.00864377176041321 0.0369903733193461
0.00510368160768386 0.0226385946510014 -0.029680038955958 0.080875743431549
0.00263456348448149 0.0110368053068511 -0.10363662177174 0.0730824410585428
-0.00773514131119757 -0.00229351186134697 -0.194466735443051 -0.047354087414406
0.0168869937763035 -0.00174108183003311 -0.115299219496929 -0.204124725616519
0.0202665185779377 0.0346313725325522 0.0355582088187933 -0.202655612249933
-0.0397010580714737 0.0434621279860894 0.0986193360970479 -0.0599478872716454
0.0292550413033229 -0.0354339012297409 -0.0468572288957607 0.0242508623411887
0.00944812953813482 -0.0535538072415589 -0.215070829561676 0.302318141088908
-0.0640715030538794 -0.022804947504726 0.16528349357916 0.323663900615205
-0.042764510047458 0.0549745601455935 0.268180684432855 0.112549386826323
0.0121559651370888 0.0434547862810255 0.133701661340416 -0.0745915558536034
0.0205596468558454 0.0068320995743165 0.0227911763117588 -0.0465393210283672
0.00662168088757702 -0.0041696728033577 -0.00339054622752206 -0.016097463919096
-0.00809806133123796 -0.00235827315785643 -0.00334313062858407 -0.00964620237526002
-0.00958151233109616 0.00558631466398631 -0.0200900002262198 0.0286769014359744
-0.00371004743410109 0.0034086963964193 -0.0366369579025981 0.0895922579537499
0.00809068897017027 -0.00693826576947422 -0.109496540586607 0.0980523683472236
0.0315382318993951 -0.00188691491726431 -0.212523352383267 -0.0186692386142411
0.0254778561714727 0.039545710900836 -0.147183626610586 -0.182677623116458
-0.015844826011747 0.039511435902575 0.00316960332703395 -0.2104298068187
-0.0375220839458412 0.00762241515219725 0.113522586744757 -0.0620321366686763
0.0947808080392345 -0.0859505858562198 -0.0817347268455065 0.0072213652699909
-0.00664642666790928 -0.147134061024827 -0.137097823534691 0.361485487352574
-0.129258729920845 -0.0485012183208218 0.176263470185503 0.321491153828728
-0.0698695608373052 0.0845741291506911 0.232632061227739 0.0530390102362661
0.0177283323900293 0.0671724814672041 0.0889389971031007 -0.0676733209584808
0.0375397387237624 0.0161401683695037 0.013338731453251 -0.0382114314544596
0.0173343683965833 -0.00746425088415255 0.00296272548613076 -0.0222740893000267
-0.00953532807128694 -0.00659308104290185 -0.0115132326477259 0.00292213504394192
-0.0169451060974064 -0.0035837847389088 -0.0181516872906216 0.046745220765384
-0.00110070573410139 -0.0137165463683167 -0.0464928911275773 0.0920932874046319
0.029708468693312 -0.022909599319824 -0.112822333030882 0.102198094986614
0.0693520903194751 0.00953200654183562 -0.203767407850698 -0.00365211195573526
0.0203357456338915 0.0783532501822715 -0.154674535713185 -0.151190323122704
-0.0443255700102021 0.0332105811184043 -0.0333238947444311 -0.212982811733088
-0.025234167727133 -0.0387761844520532 0.114000097373858 -0.069660898049691
0.107842757660426 -0.113541001069019 -0.102326939076349 0.0298098567959327
-0.0366427212462321 -0.166012948692933 -0.118131191772072 0.331488845680986
-0.152426948866008 -0.0314760635562681 0.132874663627011 0.278821371883787
-0.0543736835913477 0.0932675543070244 0.168891686807418 0.0866510356684475
0.0234475271677221 0.0509643117867232 0.0906634943810144 -0.0141066813721169
0.0377826615749829 0.0148154784717144 0.0371227294344685 -0.0227907656954079
0.0175725336441067 -0.00894133645451222 0.0133836910471547 -0.0255017097089063
-0.0117123165169172 -0.0132025325553765 -0.00998989609320621 0.00116071467674086
-0.0129484828134825 -0.012676554908894 -0.0236939712555292 0.0408401672440408
0.0172377047932649 -0.0310485409870115 -0.0540772771476213 0.0792397270088201
0.0615401488385191 -0.0257036567752721 -0.10845899107501 0.0919453451139416
0.0906305014819309 0.045725250153093 -0.192170265483753 0.0113135175564911
-0.02139118948683 0.111695137899707 -0.179474784333061 -0.117537348087312
-0.0849355682733331 -0.00654399209422616 -0.0593785743125754 -0.211286739402805
-0.00410986218186651 -0.0744926689094731 0.105289317069785 -0.0775327364167328
0.0867338213132224 -0.0343414885490344 -0.103094715987331 0.0280321196770329
-0.00690213060713871 -0.0896975580848246 -0.168481433184613 0.259178109758037
-0.0841468443309241 -0.0108105218264469 0.0340409482978762 0.293653739952891
-0.0210397947045684 0.0533797800173021 0.144837873450896 0.161649694341637
0.014565265364565 0.0231354663728553 0.124237675940208 0.0270319710771689
0.00802186058725005 0.00574421972065494 0.0697051588082851 -0.0188549251305458
-0.00202481392030677 -0.00154812897668474 0.0313957358676724 -0.0325296121839349
-0.0104623421620704 -0.00834968095751826 -0.00792939782233537 -0.00240151610535095
-0.00085340359554567 -0.0263885721965867 -0.0253859829696881 0.0317103630228582
0.0475618008681018 -0.0352495307754368 -0.0525824512269856 0.0627986485413931
0.0924442286737961 -7.72864138043333E-05 -0.0869955666715338 0.0736283035370825
0.0759064459794994 0.103987391742875 -0.16686115223531 0.0325935275053991
-0.0777870158577104 0.100442392191416 -0.202462904486882 -0.0831291472433351
-0.107097934208897 -0.0798953395333525 -0.103013835078548 -0.223478675966073
0.047979018821798 -0.131392902374497 0.0924878401848263 -0.0709866648727856
0.0467607112478326 -0.0614444097599437 -0.0951186315836654 0.0381408425338763
-0.0193929659969607 -0.057938650595327 -0.112216489514904 0.199911160241425
-0.0540622836503807 0.0142723822158709 0.0181237075270146 0.262615355430805
0.00880076593029096 0.0341097234700981 0.138792576763214 0.167078308538151
0.0125009821561297 0.00179253000782787 0.13083559084709 0.0251741972290195
-0.0045457256908207 -0.000767804625692515 0.0713500913845896 -0.0254938830151168
-0.00604987533292059 -0.00352090181172405 0.02915931690281 -0.0335131875588585
-0.0101863411825448 -0.0200663802691308 -0.00281844291490485 -0.00571417117039281
0.014465951341357 -0.0156724216562205 -0.0274488843666919 0.0152381502483488
0.0675709554743387 -0.0238809677396436 -0.0386994332592879 0.0413873475008894
0.0589279545459137 0.0431409370265812 -0.0753069953503084 0.0797108999009187
0.0182664694291952 0.125439444299751 -0.198130113509024 0.041108091225141
-0.112602680418286 -0.00169644046893107 -0.249629646053405 -0.141084547020472
-0.0221067092220185 -0.105652216052296 -0.0751320582348032 -0.295285434221483
0.0921869819848313 -0.139106627138654 0.055038531524287 -0.0806074402621104
0.0599377865209052 -0.0273695254370392 -0.0870278496275956 0.00695285866325325
-0.0128886869443072 -0.0376828557548318 -0.123376352146289 0.17362604380688
-0.0249778575479717 0.0175923813153255 0.0192340625944373 0.25137659414135
0.0401895713539484 0.0221478089330148 0.174771887400591 0.130551715280313
0.0174861837131908 -0.0144632273388017 0.125895803287989 -0.0150820404679337
-0.00519089786629549 -0.0120838588215142 0.0625290100936931 -0.040175684447854
-0.00804416083535346 -0.00676783909223548 0.0182468138094526 -0.0349966219940972
-0.000982861751898695 -0.0195376474252407 -0.000151326628249735 -0.0112038868419369
0.0257124059867176 -0.0249501411310995 -0.00904356628581997 0.00680895933495419
0.0717045892829517 -0.00202611520866733 -0.0253384743192428 0.0401335063801262
0.0558275211647799 0.0632971062560105 -0.023706865759678 0.091548576861055
-0.0449124182766044 0.100784987967845 -0.173133597040898 0.0683742156951586
-0.121889266956935 -0.0259082803712837 -0.245901704440083 -0.144397986819686
-0.0107973890090087 -0.155545402040014 -0.116279377512797 -0.30790970880329
0.110891310359936 -0.10249639398931 0.0544359208810539 -0.0716093436684871
0.0489651684900092 -0.02724506660627 -0.0865756942903857 -0.00173402829573463
-0.00293746375568068 -0.0329402667333153 -0.112663304148331 0.158461947354386
-0.0114542815493159 0.00519108100175915 0.0396636647062706 0.247244495918428
0.0110736480806051 0.00270552322500413 0.187695469214988 0.131109580147444
-0.00124428270607038 -0.00708368357158509 0.138892510593913 -0.033233075400335
-0.00842220618630311 -0.00923166998119464 0.0528133494251319 -0.0561635502990092
-0.00192899923325516 -0.00894102146861904 0.0213505608920692 -0.0352238302066131
0.00370463908754898 -0.00456125641180026 -0.00272464101299613 -0.00954884614951134
0.0152116977352255 -0.00180643532043211 -0.0102970773178537 0.00756845332103172
0.0211893596878266 0.0162532281643642 -0.0146114901161698 0.050803604272139
-0.00694828089618297 0.0330765632080787 -0.0779756819081277 0.104199399751369
-0.0464557871588152 0.00412144450850951 -0.253227961363766 0.00127033320681377
-0.023406920332612 -0.0741283159337396 -0.224772101368826 -0.275758982736399
0.0678021374276154 -0.0693838287273753 0.0324030982676216 -0.357099813349697
0.0845451144005918 -0.010038506878083 0.0434179421153236 -0.0954703579259841
-0.0256607874740405 0.000618394528337796 -0.0537621099474303 -0.0289522570126369
-0.0265296882472851 0.000589057658579434 -0.106877139657666 0.37754838676948
-0.0307765006459979 0.0250317759754529 0.27001781242145 0.324861899255958
0.00779248402360412 0.0322452290117144 0.30602724247347 -0.030540852152036
0.0180462132259856 0.00874060160902825 0.0652706719887485 -0.146929443329725
0.00017914661378172 -0.0119511266870749 -0.0259571348892352 -0.054956068003858
-0.0114100188454226 -0.0025129679086027 -0.00546629049589038 -0.0127791866023441
-0.00778189647483438 0.0111263615936637 -0.010024953483823 0.00171360931494545
-0.00194637574401942 0.0168591894485811 -0.0057303245076488 0.0362753134170182
0.00202276301530968 0.0153710971544627 -0.0348795625990457 0.0810708435152108
0.00329691828923271 0.0091745372534692 -0.110280613169592 0.0745416407247475
-0.00333545215207818 -0.00582522256619343 -0.20325579838966 -0.0515127845972935
0.0217986570258744 -0.000688453476114558 -0.113797071222333 -0.216478509574213
0.0143147710300431 0.0407379000481918 0.0415206636612262 -0.206738262502645
-0.0421718393904865 0.0466377739507158 0.10482197872119 -0.0587057369128931
0.0317869476015875 -0.0361640352055344 -0.0538380388548362 0.0252147749303298
0.0070513331803586 -0.0552872305593306 -0.225933567518236 0.312973067364609
-0.0651683235388198 -0.0254142731730275 0.161448890708759 0.337540499699051
-0.0443244204516932 0.0542706066595109 0.261846066804569 0.104188326124857
0.012484835949641 0.0471176616147759 0.136781515481024 -0.0772900706467495
0.0223389834482621 0.00711472635553414 0.0248535668365895 -0.0480260812834894
0.00680052132611921 -0.00649381090445391 -0.00314894697242541 -0.0170471456521635
-0.00820529286970451 -0.000629317053566294 -0.00276226425849988 -0.00978542744738584
-0.0103670644990937 0.00592599919698323 -0.0208435316008392 0.0293660617395036
-0.00327202365152993 0.00473983304094968 -0.0378718306896272 0.0913923466525336
0.00815266724873616 -0.0064668007028335 -0.113733838066044 0.101288245054597
0.0320874804342879 -0.00146380590979846 -0.220901044878637 -0.0210471138167296
0.026263850463034 0.0402415042802721 -0.151023698762747 -0.192385824295373
-0.0159245330242089 0.0392997846484231 0.00640230786510667 -0.219088334938467
-0.038743189129932 0.00779920151758756 0.119960136352493 -0.0658275753862252
0.0973910779546197 -0.0869330422577526 -0.0872567805017138 0.00651427218463902
-0.00597849569770904 -0.150684909683124 -0.149545581083192 0.370867851686142
-0.131954468259157 -0.050775237490258 0.175956342660431 0.334169571668039
-0.0719173444450641 0.0857222217542436 0.237660797955928 0.0585651421555114
0.017452302617752 0.0689175973810836 0.09069211600279 -0.0685933009721252
0.0372996938776468 0.016385467217319 0.014117157137132 -0.0389653076485409
0.0173490463049515 -0.00702177075073701 0.00341005744973159 -0.0221560660083988
-0.0107841018148056 -0.00470054222122079 -0.012352427652215 0.00351206025150599
-0.0179290308646093 -0.00229124453207278 -0.0195261162350884 0.047120516530132
-0.00130846905367018 -0.0137830125624026 -0.0476340209182653 0.0951426780842016
0.0301101072257239 -0.0228132420330409 -0.116742910326394 0.105363221771808
0.0704888865355665 0.0109212906076513 -0.210844854671116 -0.00733692211558744
0.0211070733604992 0.0795678736410271 -0.160512875522961 -0.15996169489994
-0.0471423138858754 0.0334316166583423 -0.0305266974432553 -0.220748884811676
-0.0263858010372494 -0.0393683295223114 0.119614737414351 -0.0741418547853164
0.111331907456419 -0.115191609309073 -0.10804145638999 0.0293745403049683
-0.0365278379205367 -0.170630359584259 -0.12880365695095 0.339562863353913
-0.156741789477956 -0.033325366290193 0.13168683283509 0.289585431815709
-0.0566333166480722 0.0952184341935244 0.172364710649732 0.0934404602055861
0.0209629542929196 0.0501167952963894 0.0939526622348469 -0.0132738145279873
0.0383021251832107 0.0144341995472852 0.0385756673080992 -0.0234687658190511
0.0169510035974603 -0.00894572672104292 0.0132173352806325 -0.0255987766650631
-0.012209971559218 -0.0121329585109138 -0.0103799719259444 0.00112906345866639
-0.0120355690801723 -0.0110083112515879 -0.0248783380401325 0.0421510038658004
0.0172205951888902 -0.031954336079394 -0.0566662195654989 0.0828378439613314
0.0626693482165963 -0.0260044619418415 -0.112747123988209 0.094131329074242
0.0923540906510517 0.046791493158941 -0.200227412402604 0.0106210782267488
-0.0230341103159161 0.115226252363342 -0.1839582999185 -0.125983876972679
-0.0883292757959585 -0.00738218630799466 -0.0581206626592899 -0.221393155096811
-0.00443787354746434 -0.0753477242673255 0.111388722995341 -0.0801510948377392
0.0980443256190868 -0.0312276269475201 -0.108823395018493 0.0277148774107769
-0.00753940760679586 -0.0928838375862906 -0.177951855745711 0.267509332249852
-0.0855621299889815 -0.010549741812029 0.0315250951787842 0.303129519962031
-0.0230190399157829 0.0544676174810418 0.149961518594532 0.16948840798165
0.0144972093921567 0.0250236293413364 0.127041966612932 0.0302759751283256
0.00859592951052086 0.00591292972553166 0.0725012201874823 -0.0172847384113302
-0.000979392624118036 -0.00301953650477892 0.0320512324895819 -0.0341618650340951
-0.00960329828951534 -0.00754081804035385 -0.00785988780476344 -0.000996842753282618
0.000582316092948545 -0.027746113164585 -0.0274908584052597 0.031678112272159
0.0488510817597978 -0.0388675042663573 -0.0552457682597547 0.0653144434353897
0.0967031936022175 0.000486358083095578 -0.0892256145321246 0.076403213989376
0.0788477543857698 0.105872636588349 -0.171810855651925 0.0317934761998328
-0.0811911456870941 0.106028295268207 -0.208305480164584 -0.0898671905311753
-0.108917017193183 -0.0819734929873969 -0.103051477813076 -0.231467684300158
0.0489151640155858 -0.134440571082247 0.0962040732574706 -0.0731405279994294
0.0480589263938229 -0.0668443132676323 -0.10010679444343 0.0397947934593891
-0.0202284032884531 -0.0616955010609352 -0.121858572338593 0.208105866797914
-0.0564709415491418 0.0147303976413699 0.0152251968377772 0.273606911672929
0.00972052303484519 0.0336968006856906 0.144502885511562 0.175091526145421
0.0125478998264701 0.00216055005272965 0.135670085087205 0.026827692574105
-0.00355217095657536 -0.000937222401048671 0.0712523557606971 -0.0254428450368881
-0.00603048044871988 -0.00431133962917719 0.0287382110255775 -0.0356881509874474
-0.0105915531489674 -0.0188637423293727 -0.00404966329191264 -0.00682043418234676
0.014899013661521 -0.0158965118426893 -0.0283093144598104 0.0148973838164451
0.0670966672615794 -0.0266995099695428 -0.0394158645991262 0.0441804380800372
0.0604985747726965 0.0430482988523316 -0.0780219230588163 0.0821757069108868
0.0185400711653808 0.130207054122455 -0.205077574398534 0.0411106328165594
-0.115543988392621 -0.000549085915232148 -0.255016317328638 -0.149365606686385
-0.0270944107528494 -0.108510478391767 -0.0728070413323719 -0.307055713161312
0.0937301044163821 -0.141663590874417 0.059500338296716 -0.0834375545349119
0.0621049662501503 -0.0302961550573502 -0.0931693802121833 0.00903297250029919
-0.0161340695995779 -0.0389123966039199 -0.131674230738779 0.178692161586243
-0.0251236751248046 0.0203204214214529 0.0162140276256345 0.262730326524335
0.0404633934885685 0.0233300040024889 0.180810797109413 0.136244620314003
0.0197115094912368 -0.0145840121194462 0.12918746274496 -0.0187241348676828
-0.00377519231423508 -0.0128338589545864 0.0636936435426404 -0.0413635607420455
-0.00738104359747604 -0.0075931651922029 0.0184728075109294 -0.0365676328964734
-0.00248456788428096 -0.0200626126089165 -0.000701808952420246 -0.0120310784023962
0.0263249575310329 -0.0256638260405489 -0.0116562001274337 0.0061885551300755
0.0732845873199415 -0.00164571635178034 -0.0269220004548207 0.0452762846562997
0.0598110045908763 0.0641638663206338 -0.0247200583773089 0.0941921843093744
-0.0456406319185637 0.104284954191534 -0.180099727760959 0.0651250655431535
-0.126545850825766 -0.0255061737898743 -0.257508256050642 -0.142667080706729
-0.0107655761906627 -0.159165796580325 -0.113503637585277 -0.319706686585301
0.112621685411951 -0.104492380492991 0.0572728648253099 -0.0728867901307468
0.0507414240809936 -0.0284602941656976 -0.0933000193809068 -0.000136622391054758
-0.00415086188421689 -0.0336725287352429 -0.119784167784824 0.164971065189811
-0.0126574774647259 0.00639627982884307 0.0396248797562091 0.258612605017684
0.0111595698858266 0.00236035005726718 0.195103626315114 0.13813412128797
-0.000581927961222715 -0.00748685033528441 0.14270880684558 -0.0350514849501519
-0.00872189956115944 -0.00894012569613629 0.0536052610034529 -0.0587347327040795
-0.00257692266203993 -0.00973621589324976 0.0212670213516813 -0.0374914285017761
0.00408004710230647 -0.00485776086950508 -0.00411708355626324 -0.00945548478546393
0.0157927385680548 -0.0030596138111662 -0.0119618045071297 0.0083336960002757
0.0222484780907421 0.0152692320535356 -0.0162545966470428 0.0523285897010966
-0.00495931365812795 0.0338101873148425 -0.0808917085304331 0.105506343271252
-0.04666754054565 0.00519206939645523 -0.25971772050989 -0.00118182411971804
-0.0241558751088283 -0.0763535603039836 -0.229515994423097 -0.28770352713072
0.0691980355325123 -0.0708963684783216 0.0379440655801288 -0.369995018218991
0.0853894678138853 -0.0110289563588574 0.0471589064552015 -0.0997972798074143
-0.0236992729522898 0.00116030792856117 -0.0595217892898186 -0.0238783379889637
-0.0256978136141275 -5.18295102973874E-06 -0.105704844638257 0.399494426251361
-0.0317973343680374 0.0313558966707161 0.288730856606761 0.326419483751135
0.00777728889068275 0.0308034474194473 0.30943263074133 -0.0398012043605696
0.018899553510772 0.00509276272277127 0.0599767370681253 -0.155063578483401
0.00292472406945422 -0.0116460978683532 -0.0246034038967329 -0.0533237090023233
-0.014027132184288 0.000403672584593748 -0.00573933878088106 -0.0156627101978454
-0.00947142830339587 0.0133950697255562 -0.00717712292022366 0.00176871684295705
-0.0011844293781138 0.0161690724762731 -0.00530973557381099 0.0376792927937287
0.00574765041775335 0.0181601691958957 -0.0314324894123537 0.0793461476568238
-0.00230102698502625 0.0127864963220563 -0.108613859766176 0.0858717882303005
-0.0080437397410163 0.000453373113948002 -0.218747300163565 -0.0500117589449566
0.0233792400862919 -0.00123907770341736 -0.133769155717234 -0.223189004552553
0.0204391628648043 0.0373481220769932 0.0357535966024867 -0.224914183693405
-0.0437370563534629 0.0547408945291799 0.110479415777235 -0.0668113039118143
0.0307643578209075 -0.0398081586836568 -0.0578188712782462 0.0257091732194305
0.00948271902178806 -0.0574634983842763 -0.228881294385436 0.33204959543807
-0.0682848650148042 -0.0247572690143495 0.164444440890616 0.352284679828263
-0.044489621410809 0.0557832742415941 0.274428809755463 0.101129953675339
0.0144071012481822 0.0468795691449765 0.138721020927456 -0.0840531768694999
0.0226782982717896 0.00718548077813379 0.0241972745874712 -0.0503705645774001
0.00448286743554711 -0.00574304598327275 -0.0044368355515644 -0.0183544447031614
-0.0105451643791874 0.00111212773470436 -0.00378717059840968 -0.00955847456932063
-0.0111753720084928 0.00804387806408034 -0.0190192760745743 0.0312974967405326
-0.00411427437029434 0.00569561018022934 -0.035077850987091 0.096122852222995
0.00845354901000059 -0.0067006925783321 -0.113882186670281 0.107971097516007
0.0321062616484816 -0.00379514488065059 -0.232468104785877 -0.0154064637116381
0.0285307230851554 0.0400714599580259 -0.162617351184945 -0.198313201793308
-0.0154091707753781 0.0413034970870791 0.00138691057615693 -0.229967693216341
-0.0407702723855193 0.0102059375517692 0.12436449597212 -0.0740724115618796
0.0978672192090908 -0.0919251756495232 -0.0927851380994493 0.00934924014877491
-0.0105789601708277 -0.154987599191315 -0.14807218256466 0.38813387204323
-0.139059021487512 -0.04854359771065 0.188283922007944 0.342965703183121
-0.0723650975758059 0.0903780466727675 0.246542745571052 0.0567153451011723
0.0210965176703785 0.070324742634488 0.092511363953955 -0.0723544123116263
0.0382734464953914 0.0153370750111456 0.0146429606575831 -0.0406294120468135
0.015970808978147 -0.0077030650552017 0.00211686401546699 -0.0235758784477422
-0.0112585518107383 -0.00334704397935378 -0.0126780097855207 0.00369317474726947
-0.0193384217498539 -0.00151335972691682 -0.0190671868228433 0.0493025661639999
-0.00207456084003328 -0.0134953528590327 -0.046362389998372 0.0996393283500436
0.0311526029464789 -0.0244422160550931 -0.117436287358288 0.112386534251737
0.072894582636099 0.00749824584582793 -0.221406111525418 -0.000780697056224214
0.0258725103726683 0.0792026935758778 -0.175256334781474 -0.16361786008736
-0.0490437592121813 0.0350150231342102 -0.036807624607492 -0.230042645265222
-0.0289533480451858 -0.0401680434407965 0.123499758993676 -0.0817907571632546
0.111621890947393 -0.121577318160713 -0.114072134308166 0.0322798924539597
-0.0432280271069421 -0.174212191049141 -0.127497722978964 0.355296946289099
-0.163160910575033 -0.0287617955093748 0.141337933973181 0.298281637640655
-0.0556835697808346 0.100401293794887 0.181993907705054 0.0942044198686261
0.0253895493300842 0.0521306491221122 0.0961058595331588 -0.016062261529237
0.039133814901016 0.0134949333252928 0.0395538545902528 -0.0249988086834648
0.0158771889600844 -0.0098819876213131 0.0123700590032518 -0.0260524770808666
-0.0133407923866569 -0.0103422356716089 -0.0109534897680491 0.00205053543479894
-0.0151829792980795 -0.0109601371357914 -0.024369628472682 0.0450276229512623
0.0169964999575039 -0.0333546749149116 -0.0551211380766504 0.0885596194047907
0.0636143294038018 -0.0285451720541683 -0.114160283757879 0.101129860532847
0.0974460196719445 0.0450158150697968 -0.209618143085047 0.0168772012573336
-0.0199956704290882 0.119509540587498 -0.194445747065444 -0.129578984977455
-0.0923533942022498 -0.00513173726061858 -0.063331145339985 -0.229614745434778
-0.00798909919681023 -0.0761858360187685 0.114400985253617 -0.0886317768663662
0.0996588719953206 -0.0370987075967768 -0.116328295500681 0.0321601075291875
-0.0161806195021064 -0.093410938132864 -0.180414003932576 0.281876467655543
-0.0920134604631902 -0.00690918153294046 0.0391218016083156 0.318876894571682
-0.0205357232466097 0.0565469834393989 0.160012797796997 0.173395254255783
0.016764536707638 0.0247946171968812 0.133627181302787 0.0250819626656896
0.0103192430473634 0.00640323380209945 0.074596168892858 -0.0202680580168095
-0.00138554175395364 -0.00189302890589614 0.0315809818506398 -0.0365054131744759
-0.010259263308092 -0.00770176766996836 -0.00933574460038374 -0.00203699262298984
-0.00346114039559865 -0.0274645859958973 -0.0287601554145948 0.0360371137422955
0.0492238538956189 -0.041288873878536 -0.0529997981237943 0.0711695585535579
0.099338038383799 -0.00321987031975725 -0.0903497057548085 0.0814087718591303
0.0856443022301434 0.107945199245021 -0.179949010323513 0.0364492003541805
-0.0821096379846098 0.11323311085693 -0.21803021838159 -0.090245419052968
-0.116348494988132 -0.0813760592671423 -0.109528878283751 -0.240412378037321
0.0439723278603636 -0.140189897437729 0.0988745048909805 -0.079175018463382
0.0464535252358684 -0.070330902289871 -0.107266187851862 0.0434611661427526
-0.0256237229263472 -0.063886432448012 -0.126862962858364 0.218219883410764
-0.0584379899419602 0.0202720320230642 0.0225225678696562 0.285348033219865
0.0117146464288673 0.0358770074885549 0.155907119377241 0.180856352122074
0.0147209659119219 -0.000117514734304178 0.140989402986615 0.023429930112391
-0.00334055252185893 -0.000712914724366644 0.0733885117758034 -0.0306201469538385
-0.00960560142578825 -0.00394845353322735 0.0284358625219187 -0.0359685903858802
-0.0104141835370054 -0.0190401057984342 -0.00335159546553778 -0.0055652545537445
0.0140920355582077 -0.0180698499689952 -0.0286639076948429 0.0186439460840719
0.0668351922869392 -0.029849859590285 -0.0377789530428809 0.04700716171589
0.0658742589646764 0.0423029159748612 -0.0792704777024061 0.0891938631531356
0.0237076480609983 0.13405429016686 -0.214066494627274 0.0488266630564495
-0.122283917485802 0.0042540089642522 -0.27095248976309 -0.149327707942596
-0.0337169260389821 -0.112724043544133 -0.0827409347965881 -0.31854980098583
0.0912316669779613 -0.149184051776613 0.0618525875376508 -0.0910350440360934
0.0637913043523522 -0.0344793511407934 -0.0997259713616038 0.0143656640241008
-0.0193388840195182 -0.0387495634247288 -0.134056570755478 0.191040034986454
-0.0267200852564818 0.0229725888403585 0.0233893348040019 0.276500431835561
0.0428394692925982 0.0208186336596795 0.193653608475024 0.135308111609029
0.0191874092311721 -0.0145026865169515 0.135592360150834 -0.0231091701407766
-0.00329139434818582 -0.0138251764526398 0.0634791049521101 -0.043724835206619
-0.00925232655050372 -0.00733923317372547 0.017935547007911 -0.0375511756467035
-0.00402043891166067 -0.019377225961837 -0.00292716659785184 -0.0108161386114998
0.0250045451317215 -0.0278864091028927 -0.0114130394398749 0.00885739226115817
0.0745826125608603 -0.00589782957490596 -0.0261739865964143 0.0504288508085543
0.0633615319451334 0.0637671424434873 -0.0244621294225192 0.096882083986827
-0.042268459754396 0.109764708582356 -0.187967226107831 0.0689755133426405
-0.133877324594253 -0.0232623566008402 -0.279348742241555 -0.133293151107896
-0.0144919747027652 -0.163024555972755 -0.124677649574453 -0.331043104830387
0.112494109915812 -0.110757557725467 0.0577787674230953 -0.0798562589903357
0.0519014280314359 -0.0302513591521571 -0.100085897863299 0.00386247097747218
-0.00774473752400723 -0.0345521613141183 -0.122220034610237 0.176490358940316
-0.0137763509527946 0.00801724866711764 0.0489050424750683 0.270975123916861
0.012352662633902 0.00184549333083196 0.210560858976695 0.138929752059515
0.0001284401029695 -0.00780770248365787 0.145269615813044 -0.0419416255405869
-0.00867585110216146 -0.00997271683887688 0.052477709155751 -0.0623829535602655
-0.00336504536879395 -0.0116498782703255 0.0191159337549076 -0.0399259842091832
0.00375388530374807 -0.00488499230448594 -0.00538249850284027 -0.00917415567393021
0.0152902911666647 -0.00345421560256743 -0.0133323088799558 0.00978997235774168
0.0239435317301976 0.0144222786191893 -0.0146688776866079 0.0543549290276387
-0.00233173627063334 0.0358658290384584 -0.0806215806574192 0.111437108241809
-0.0486817540735548 0.00644460797569234 -0.271457359319116 0.00766960192915718
-0.028568577353346 -0.0769371558385054 -0.245198608207729 -0.29551449812691
0.0693038287652296 -0.0765985398618121 0.0290848664115982 -0.387060292745421
0.087460730980713 -0.0139020775038716 0.0485639651473439 -0.106766264142978
-0.0250470316580978 0.00445236222531464 -0.064153538121938 -0.0198745892663553
-0.024512774468016 0.000208838633320321 -0.0886383545766989 0.409010949919787
-0.0268945663665493 0.0303107139332121 0.304900263857436 0.319501055925795
0.00666765665466021 0.0342909657675599 0.316038004198981 -0.058414532446245
0.0205447527471636 0.00671776215172548 0.0539978481411744 -0.153689853679523
-0.0072633307313818 -0.0101999189760418 -0.0312706622005713 -0.0554763034475764
-0.0110577729578286 0.00224218899973092 -0.00594449657068563 -0.0148564682449189
-0.00586657221137055 0.0121558624087875 -0.0102894159174668 -0.00143140797739116
0.00248337725958452 0.0208677014365381 -0.000710203160453545 0.0380689629500297
0.00833912492636315 0.0155533297717913 -0.0274557949172214 0.0808409097967566
0.000886154062644444 0.0144863198475086 -0.111390231021441 0.0856807114671828
-0.00764698062862347 -0.00690226059653935 -0.221758172521749 -0.039425082007519
0.0252895140292558 -0.00656115034611521 -0.145968711233452 -0.224480579507804
0.0216295892243564 0.0376355735588586 0.0232901451204874 -0.227550193432568
-0.0398317942188765 0.0577615608393735 0.111753852689781 -0.07818433903006
0.0294167791282434 -0.0396856998185828 -0.0617956893130062 0.0280675940291088
0.00373626263701995 -0.0598183263740034 -0.216304946100399 0.349368525219621
-0.0726958629688068 -0.0205562410982073 0.159071107788998 0.373712791998335
-0.0427923680480505 0.0593121312002658 0.283903698726795 0.0900063275446607
0.0155750470831746 0.0466928295652292 0.135435163719958 -0.0921320142475947
0.0219441440393495 0.0039080169731033 0.022416586223742 -0.0521406948231807
0.00463569182244001 -0.00569171739109652 -0.00281884025064393 -0.0184906814258409
-0.0108421041729824 0.00185803829756803 -0.00481126322675609 -0.010066025760641
-0.0106578731030432 0.00865070934229837 -0.00979142183992952 0.0375721779567906
-0.00360990149078994 0.00622821537643058 -0.0292104093571443 0.0981797427040236
0.00819538957586378 -0.00584546725995843 -0.108989851732218 0.1151861481838
0.0310001817243956 -0.00602744405500092 -0.237015153967789 -0.00288163301957781
0.0306916294125836 0.0375122711179206 -0.175591193490986 -0.195063762827796
-0.0124244593226392 0.0424885117376808 -0.0105229724070014 -0.23497927993103
-0.0401674126397632 0.013021031350745 0.122751501109847 -0.0847934317943497
0.0940393801992617 -0.0976758846268294 -0.0974829562032442 0.0141476282306133
-0.0182808224751187 -0.155054064874686 -0.133325850225021 0.401291386327455
-0.142218034643503 -0.0409893244777145 0.206161693931506 0.338518604254714
-0.0673053218104374 0.0941575755583687 0.252255900203967 0.0477554242533786
0.024812710896572 0.0695369074857033 0.0887422070192013 -0.0765636195078626
0.0376215633188582 0.0129433782579726 0.01298713776021 -0.041043438469107
0.014730717126554 -0.00864396985126641 0.00122633870489088 -0.0238539645328469
-0.0123945291768131 -0.00164833046932808 -0.0125558380271891 0.00478120172425558
-0.0196373761410685 0.0014834305029316 -0.0155632748133201 0.0506298401218503
-0.00247419508469755 -0.0133464212903735 -0.0400965356695712 0.104079121801879
0.0292564562191901 -0.0262991996325979 -0.112400357174548 0.121079175218716
0.0723295589709522 0.00305682864666924 -0.22629341960347 0.0132534102273616
0.0300727149194799 0.0767174636782702 -0.189524516013731 -0.159030441517612
-0.0484363196529495 0.0385160742106623 -0.0482675126389248 -0.233876519150782
-0.0320400394698024 -0.0382088090528102 0.121358086762069 -0.0912231933984112
0.106465808288168 -0.128070524667594 -0.1162882181561 0.0386668842025536
-0.0524788255457054 -0.173240043773649 -0.113359713201636 0.366149549624613
-0.166365199251652 -0.0198565232470766 0.156143899605351 0.29681900924345
-0.0494664157838264 0.102908200936426 0.188313361521898 0.0887956456543836
0.0305482339587511 0.0528387227768493 0.0963302863149637 -0.0213141270021112
0.0391125442271868 0.0107111415717792 0.0392567338685152 -0.0271839355422428
0.0136375113265712 -0.0105559824282931 0.0107865921881726 -0.0271617397600307
-0.0138695813395468 -0.00832713595009977 -0.0113986851377947 0.00330116502804672
-0.0167474923731117 -0.00885999553799649 -0.0224918259253196 0.046232836544808
0.0151436276052033 -0.0348219248659131 -0.0510087507503925 0.0932201371823275
0.0610092249001986 -0.0328267483010427 -0.109175003789332 0.109336195055105
0.10033927137893 0.0393926214416122 -0.213074219346305 0.0283602676204352
-0.0138659115481817 0.122128681694575 -0.204243189728539 -0.122978837314983
-0.0941251777979972 3.44814819494207E-06 -0.0724250450255486 -0.23269447617509
-0.0125534591548543 -0.0752740015644183 0.112184362645067 -0.097749228609688
0.0997890974098826 -0.0442025231507885 -0.118978547563053 0.0382018475090686
-0.0251173363689226 -0.0928927825364019 -0.169577480876103 0.295855090562394
-0.093894404662003 -0.00204215577600329 0.0560502822346413 0.322084110765941
-0.0176685099291219 0.0579943970350767 0.172345776981091 0.169002672538025
0.0193492033251724 0.0230220871135626 0.136304565020097 0.0188613636493844
0.00995744345224966 0.00464907486834035 0.0746039743732347 -0.0254713989271565
-0.00276948466968423 -0.00137256019488008 0.0299305112138577 -0.0381173151568727
-0.0124390770147333 -0.00632804355046759 -0.0096604829611877 0.00135493106441731
-0.00537287291326525 -0.0257457075452232 -0.0261510455648303 0.0377817357541788
0.0461555215919233 -0.0451363423847805 -0.0511030583054482 0.0737489921643004
0.100226250323613 -0.0096866052731084 -0.0870701033281743 0.0880923985643383
0.0917056577117181 0.101629302884509 -0.180522362473709 0.0460038976190351
-0.0725659478269705 0.114346329116897 -0.227043023846301 -0.0836406696650614
-0.122459568556244 -0.0751837490493452 -0.122786484483698 -0.238310329869596
0.036516593411922 -0.142946750306269 0.0955740073331009 -0.0884356715545714
0.0462780158009371 -0.07753911822825 -0.112314382757474 0.049822991172585
-0.0282654904672912 -0.0634893733069127 -0.13131734438875 0.23195409910872
-0.058502032265449 0.0263079093348476 0.0360463049542869 0.291935668990338
0.0126594640762495 0.0340296561807695 0.169414814763799 0.173940529215999
0.0165963348595563 -0.000539411284710689 0.14506739538882 0.0145927244848183
-0.00280446907779546 -0.000824036232998834 0.0708226458282745 -0.0343676779995588
-0.0102897449362643 -0.00398190489699797 0.025503619985653 -0.0391334727121559
-0.0111420597895712 -0.014664028942312 -0.00386579332603313 -0.00663994848372597
0.0108054348144693 -0.0190092091524598 -0.0300078771734025 0.0215445200108704
0.0627640318007769 -0.0339434040127784 -0.0344146074854584 0.0509688172321429
0.0697995788391241 0.0384101075536246 -0.0744496354428119 0.0946090086391994
0.0317648894178375 0.133958299078841 -0.214070106019491 0.0599179066515082
-0.124139179332925 0.0114343383285354 -0.282917585542907 -0.13803715409187
-0.0391552867859563 -0.113703390753075 -0.101887419796273 -0.319033970828913
0.0829544248472129 -0.155029573609867 0.0576016775742681 -0.096833828770894
0.0625318949072622 -0.0372908600462917 -0.104615215713553 0.0216889824273327
-0.0236127219215234 -0.0382135829104631 -0.130044416331672 0.20342520151102
-0.0265430907648559 0.0255868152179542 0.0376487128103546 0.281091828176094
0.0434634682097775 0.0190858750128691 0.205780078419081 0.128840045558817
0.0152312839945569 -0.0175214370164788 0.136532518637859 -0.0307179834627591
-0.0048843244467184 -0.0152683868455052 0.0600590832141722 -0.0508725093599465
-0.00937839121841711 -0.00663599120320253 0.0145844856038342 -0.0396063628885206
-0.00479416993633801 -0.0195343848412466 -0.00225685515470125 -0.011629547052814
0.0231101255829435 -0.0285824080440034 -0.0131530008316884 0.00947740630571857
0.0737136038808724 -0.0111936211578586 -0.0254950492680572 0.0528490621196347
0.0674700452988104 0.0592719134968101 -0.0182536750655539 0.0999433130119106
-0.0381472363259412 0.113002630548991 -0.190407373692032 0.0718159757437635
-0.135576125628763 -0.0150487827327317 -0.294810870334567 -0.119498982224159
-0.0256134042589685 -0.163296483990841 -0.140770505252269 -0.329229218110981
0.106641293654299 -0.119062192323311 0.0537765460888809 -0.0842125357431767
0.0496286740324109 -0.0341323044538282 -0.104833542987135 0.0134207662453279
-0.0101707326329746 -0.0332329249095717 -0.1170517385497 0.188445964017227
-0.0140173737358057 0.00982970402010772 0.0665071237034231 0.274651620471589
0.012415838576788 0.000841514599067574 0.222981971370685 0.129490504981726
0.00102971973153961 -0.00785614013714957 0.145714861270534 -0.0517765821613861
-0.00918476024806335 -0.0099307249947252 0.0494782523429236 -0.0671507954333461
-0.00489119811701323 -0.0110804888210206 0.0157381300829492 -0.042025253147881
0.00337920404461175 -0.00473202111392249 -0.00612753237665889 -0.00909291252284994
0.015274862963653 -0.00516606961875946 -0.0142033277336917 0.011975432747122
0.0262712642356332 0.0117067977643869 -0.012033972141168 0.0558839632394289
0.000334210922231323 0.0353320967153588 -0.0747147931176756 0.116152809277243
-0.0484254407271184 0.0106819910091706 -0.273382801245385 0.0205705517965298
-0.0324242201521601 -0.076498511625556 -0.265630719908952 -0.287631487549066
0.0652190475719019 -0.0808113314055423 0.0106112650003762 -0.395171936094324
0.0868747762225756 -0.0197056164649728 0.0444208463124991 -0.111850753697601
-0.0231721068863692 0.0102384024967036 -0.0663717161140854 -0.0121304673079415
-0.023472160854277 0.000616388896985294 -0.0739795517795674 0.404278146020188
-0.0229819219145756 0.0235191677077218 0.31364509166654 0.298879989226034
0.0106140062292513 0.0358291820739612 0.295885972236012 -0.0679658689713854
0.0165873493876869 -0.0028158154411347 0.0445209651762043 -0.153267047612612
-0.00648853148661331 -0.0133217669567338 -0.0238166497882122 -0.051851767386991
-0.0132588291317148 0.00607424627624184 -0.00535585765026486 -0.0163965279152322
-0.00592999571220081 0.014788062349483 -0.00612828885938208 0.00262314400866928
0.00203533806487907 0.0170172528247761 -0.00226262980895996 0.033170591539861
0.00828296747435078 0.015476013690657 -0.0196085064030134 0.0848005266085566
0.000595426766744046 0.015962001231185 -0.101993667832571 0.0929410707413652
-0.00900066180102326 -0.00288791750615845 -0.21737112266333 -0.0235634051751189
0.0208488092694266 -0.00546571333451701 -0.155080153632079 -0.215723622443018
0.0259329999138587 0.0395999077958817 0.0167526436184395 -0.229600253536159
-0.0391964370591639 0.0550253827110047 0.104912920741484 -0.0796675490480127
0.0260080337786764 -0.0388464885978489 -0.0596720146297868 0.0315585764668733
0.00235231149417662 -0.0598028822153397 -0.196602496084269 0.352998791722311
-0.0706562164996499 -0.0194863540225382 0.165004600992772 0.373354201132889
-0.0375372898880123 0.0596933066717179 0.282397813247565 0.0764954747993408
0.017428646642352 0.0439792201687821 0.124616693269114 -0.0946787144591495
0.0201209033685782 0.00430528811496169 0.0199754367798989 -0.05142831337348
0.00147040823949108 -0.00449907268233537 -0.00477114139797614 -0.0162472217836566
-0.00865169060351472 0.00540262646263159 -0.00507836937562206 -0.00951661537442434
-0.00983325889829381 0.0101688326552477 -0.00618095995440193 0.0407808946161997
-0.00295823544259767 0.00559901863089693 -0.0232023871584412 0.0977929413666381
0.00778288040379996 -0.00626357296170392 -0.101881164307506 0.117127276089774
0.0285683890871706 -0.00649429078776781 -0.232943308672004 0.00778562109978722
0.0315365903646366 0.0352569166737293 -0.181647496439845 -0.184853656402769
-0.0102763554361378 0.0421837238877359 -0.0192500859401185 -0.230646796168795
-0.0385747898285695 0.0158959374012195 0.116903468284699 -0.0891872869397973
0.0878910895964853 -0.0984543238589341 -0.097062749544852 0.0174090940509761
-0.0255218886979257 -0.150175116122298 -0.116276091053763 0.396969906815228
-0.140029352695596 -0.0329371218786737 0.213137426136633 0.321819649061435
-0.0608009150176717 0.0943865600276676 0.247381099185992 0.0376378212526718
0.0276624175435574 0.0659861912556399 0.0827288969909495 -0.0773310226384007
0.0367910135476701 0.0108767258742061 0.0119244338683128 -0.0408229757690837
0.0121308482874202 -0.00825084116536123 0.000261838213420297 -0.0232703430752157
-0.0121325103800055 0.000472644525147332 -0.0134438509557164 0.00527522849757083
-0.0194151031401204 0.00412942750870304 -0.0128527273609293 0.0506868120075239
-0.00342400099575206 -0.0124250301893983 -0.0341872118067728 0.102462490823904
0.0279741598814258 -0.0263152491726098 -0.104691856286782 0.123439385533806
0.0691271188331772 -2.85566103668451E-05 -0.224330566134842 0.0250277853287325
0.0323078052553022 0.072960385496399 -0.195229353445422 -0.14965054876716
-0.0440717254103223 0.0396549980533594 -0.056025371825994 -0.227375920231294
-0.0326950436674909 -0.0352350170427105 0.115870889839261 -0.0970084520821239
0.0985952728127177 -0.129187847781126 -0.113812396512147 0.0418786448810307
-0.0580771987522904 -0.165672847258409 -0.0985756196224747 0.363046195922843
-0.161847357466325 -0.011313832021253 0.163029923407304 0.284095280459658
-0.0419492450732437 0.100098515756488 0.187540436465096 0.0808449142001549
0.0336439201230869 0.050648147071006 0.0922370575883773 -0.0248618096639124
0.0379803230414931 0.00851007607704959 0.03804163733562 -0.0284501055997628
0.0116444287373619 -0.0100233238017944 0.00934279826575673 -0.0264794260011635
-0.0145503102002294 -0.00631362677939773 -0.0116070143147176 0.00391075393526374
-0.0162920310925616 -0.00683190959077615 -0.0199811158410208 0.0465065954931463
0.0125941196527384 -0.0350526191196128 -0.0449395813227079 0.0931126265831033
0.0571304066143904 -0.0349449801058993 -0.101136058485482 0.112168952950436
0.0980214278336801 0.0326198581640002 -0.208415170143131 0.037301201306049
-0.00778949204570099 0.119576835123512 -0.206150138437656 -0.113912503981007
-0.0913556342673098 0.00475300271204657 -0.0783934161906213 -0.227938372077033
-0.0154908629856456 -0.0719011766144741 0.105911786669746 -0.102082323798796
0.095289265809563 -0.0477123576560802 -0.115601207812737 0.0439587161475406
-0.0374965883893688 -0.0884124193655968 -0.154529586164251 0.29700374509577
-0.0919210704150564 0.00319044047037338 0.0667959977687305 0.312618682448774
-0.0133830408176161 0.0577965323130421 0.176396323121407 0.158784362518073
0.0193238920578292 0.0215638875455751 0.133197412548296 0.0124893527734084
0.00937349942175134 0.00224649643168396 0.0709920616897715 -0.0271917956549194
-0.00427644754606477 -0.00152205335380796 0.0253553366538106 -0.0398072242821753
-0.0126024302473823 -0.00250067098257103 -0.0116342662435927 0.000395892133597776
-0.00696774975464494 -0.023745814531809 -0.0254255562085891 0.0375775546722951
0.0420732736828067 -0.0471168628151677 -0.0460413976444363 0.0747205935419038
0.0963718978840253 -0.0144536605843549 -0.0808530016880136 0.0906070675395409
0.094236859754164 0.094800207206457 -0.178334269460467 0.0511437175279982
-0.067468188953476 0.114587366764535 -0.225649748409794 -0.0722884606518436
-0.12345183477947 -0.0642766577150305 -0.128740457863292 -0.227929144913505
0.0277567823450392 -0.139665063859785 0.0902741053094501 -0.0914941960556992
0.0399600236326777 -0.0806145490974825 -0.10753978423071 0.0553138602046536
-0.0302811870717302 -0.0602055587965994 -0.131060590255228 0.236254139406971
-0.0572751452717888 0.0275645189716527 0.0493364756892318 0.287325659501703
0.0141752653747051 0.0326279059974661 0.175734241294085 0.165457908260939
0.0153561450739019 -0.000192941927463228 0.142228700550042 0.00714316048068706
-0.00275158143739536 -0.00282795484797401 0.0680410453987557 -0.0371453308867544
-0.00987937304493331 -0.00238540174434657 0.0215061406922012 -0.0414234744507443
-0.0125712488258537 -0.0148030774838445 -0.00649783185421952 -0.00411996722716429
0.010019837267977 -0.0187194285926619 -0.0280843137452242 0.0237829794103095
0.0583201397277472 -0.0382795029848428 -0.0316412388567104 0.0506424805823816
0.0715799416372351 0.033980447216319 -0.0686880150627162 0.0958369768346728
0.0386944966028628 0.128225903529063 -0.207900791927881 0.068717707842017
-0.121044661659979 0.0196889917680468 -0.283239219664813 -0.125166459448928
-0.0318981353615476 -0.11637872113203 -0.114673104085698 -0.309045957639101
0.0714660969781715 -0.152363613477936 0.0534454484075205 -0.0973220177487907
0.0595507344576265 -0.0411573625415037 -0.103476492719781 0.0281513632188584
-0.0251059648388685 -0.035734392346795 -0.119800187075068 0.207067106037547
-0.0238281185384995 0.0284012402770909 0.0492892718973309 0.274639246852026
0.0440593073710967 0.0156968806283458 0.206775867978163 0.115859552651542
0.0189061799010637 -0.0186103091910035 0.131794912159189 -0.0368078585739688
-0.00474354136514331 -0.0147013618639497 0.0554462937866104 -0.0514046105996643
-0.011666772761398 -0.00632281846201799 0.00970832541554076 -0.0397384498978427
-0.00603899594115362 -0.0168429790679068 -0.00488626512637765 -0.0106828445140463
0.0221105316699688 -0.0269933311790898 -0.012378660015958 0.0098450457845748
0.0725376308127335 -0.0159701219343806 -0.0231390913358267 0.0510000960669066
0.0692232248905282 0.0535942288203345 -0.0148047356981193 0.0961452291286413
-0.0291983838648478 0.111420018502588 -0.195573078442085 0.0696588537579821
-0.133302631579825 -0.00711412080189328 -0.296072893106132 -0.103448696532733
-0.0319640628282202 -0.154742709657082 -0.150236751885175 -0.314202398575027
0.0981543955422724 -0.121115321935719 0.0499066113186963 -0.0850400744234785
0.0479777929416106 -0.0360058052484714 -0.105803920915324 0.0197548006646723
-0.0131658332248603 -0.0309537658355135 -0.109002114844994 0.191958901868368
-0.0126750203447898 0.011032954252054 0.0780474221206693 0.268561919962779
0.0137313686386171 0.000112335720336918 0.226887079933942 0.117258629932989
0.00215406780086174 -0.0082546414552931 0.138792528826696 -0.0596758582042465
-0.00922470353389607 -0.0103542909169948 0.0449863805217379 -0.0671613870912762
-0.00645039220738601 -0.0112020594763667 0.0122505345582825 -0.0425192992487553
0.00347823511371589 -0.00525226288511383 -0.00761746925347553 -0.00735317590488419
0.0147756348977919 -0.00581002389852757 -0.0142455897935927 0.0138124156658205
0.0260971968979514 0.00848257619304306 -0.0107782974240445 0.0556801691860081
0.00318277972461559 0.0343837928030915 -0.0677093174556418 0.116768961127151
-0.0458375273328664 0.0133951332710573 -0.265812134136662 0.0325287299182553
-0.0353569610236269 -0.0723005184556896 -0.271847790660636 -0.269517191909794
0.0587294981728143 -0.0816379268382168 -0.00545530720542567 -0.389289090255417
0.0830054408035938 -0.0233751842692274 0.0391117563282003 -0.112528105523871
-0.0246734014181523 0.00234828208346665 -0.0639512761189835 -0.0215810806496774
-0.0249145992008738 -0.00366757204014306 -0.123674575059092 0.378181626475276
-0.0270825540349455 0.0202205762744618 0.251283966447076 0.317176333387863
0.00994128862767786 0.0328703186061607 0.288951263557547 -0.0242849264041794
0.0140404166394662 0.00804068859173644 0.057608334007929 -0.137086582161542
-0.00278443864523686 -0.00658420348017396 -0.0172385559814341 -0.0506377332612707
-0.00879882406669657 0.00463729794978659 -0.00410408267722855 -0.0186472041009413
-0.00663182108241079 0.0148817464355699 -0.00851225564425692 -0.000606956346450584
0.000647097908991341 0.0226934524760777 -0.00702561474822596 0.0339338981662407
0.00634612631592301 0.0172469249979795 -0.0303395028663493 0.0742105774362664
0.00149241364521693 0.0111536782044866 -0.111468682829914 0.0744035853415885
-0.00578979843364738 0.000855387615034187 -0.212670121256761 -0.0513051253495543
0.0216178795711946 -0.00566946281537821 -0.123374637289779 -0.224252428501545
0.0193549834731872 0.0346334355584355 0.047369524919707 -0.218907238320806
-0.0396281267631661 0.0477299126063891 0.11347815365946 -0.074288070437634
0.0307490562952118 -0.0330952056229088 -0.0601441881294081 0.0213741293526908
0.0105597544573215 -0.0539555448983777 -0.232707685836989 0.313851498492293
-0.0663890709210257 -0.027301241271794 0.107794717554109 0.372165942865951
-0.0461425324102668 0.0508900516962719 0.251599582363455 0.104335370941031
0.0105401195254462 0.0450561052522966 0.126778924665024 -0.0748669396651746
0.0169386260124242 0.0068744190113536 0.0278528048828352 -0.045649844591506
0.00136404886769399 -0.003334404820852 -0.00212619313138447 -0.0203525412659165
-0.00949046269252737 0.00336091256874115 -0.00502177844544098 -0.00974887702658924
-0.0108912468538088 0.00940330358272521 -0.0105660059796055 0.0387946549803074
-0.0038124885563349 0.00603568735928521 -0.0329696693101514 0.0913796588366581
0.0095563169159397 -0.00483779669631998 -0.11339012363884 0.100524162904532
0.0307027989646362 -0.00161570538380087 -0.229959216735606 -0.0211814000612615
0.0256927126820898 0.0413469491275608 -0.155303469146889 -0.20813566840306
-0.0165778635331257 0.041430275580073 0.0123935696612786 -0.231835114958666
-0.0407073792669049 0.0108326301043561 0.128026805360117 -0.0776547638080219
0.0947055274518846 -0.0796319833072879 -0.0868816720497151 0.00851807363239609
-0.00233483935853046 -0.142708586737225 -0.153332271612236 0.357856998131527
-0.127190391579907 -0.0504690172661255 0.158310790017614 0.321812023952306
-0.0710046171905749 0.0804433836610002 0.220790174575626 0.0634155348922871
0.0163495670187648 0.0672439281080365 0.0832317953489115 -0.0611551784206459
0.0325105349422625 0.0149027875071474 0.0168066747068542 -0.0348836031242129
0.011745329571216 -0.00522502386754315 0.00264633335650986 -0.0231412983041089
-0.0120904400773272 0.000634082438170939 -0.0135511009126758 0.00338568133400048
-0.0182141297671047 0.00246053233341055 -0.018798612322812 0.0470331644095323
-0.00170683776466366 -0.0126672392392541 -0.0449216880819619 0.0955416435123601
0.0309681914755286 -0.0219678079592537 -0.118022587539798 0.105973097867412
0.0690559152880356 0.0101869101318944 -0.226632180197853 -0.00265528380777056
0.0229260014189838 0.0769774958408584 -0.173505368507044 -0.175971481276193
-0.0462751676479797 0.0364720528660093 -0.0239793363510542 -0.233352851262088
-0.028908879447731 -0.0367950011959402 0.129160765109517 -0.0824520759301873
0.109173751010575 -0.106921746553299 -0.103348200358092 0.0291965748564004
-0.0316417878870137 -0.162058238182088 -0.133112652533245 0.325106646535787
-0.150708086463671 -0.0328710103837047 0.114272125109928 0.279395583387562
-0.0546339932025285 0.0887752933744547 0.160268023959557 0.0983720672974216
0.0242196213094109 0.0550818553384234 0.0868442214654731 -0.0110183840346603
0.0340893175301003 0.013190587929357 0.0393715281663182 -0.0210285093187039
0.011033652894788 -0.00782707028415112 0.0121770040035467 -0.0241323453054362
-0.0136338800929396 -0.00621917912746386 -0.0124496374527348 0.00297731970212438
-0.0140828958862601 -0.00735768485057603 -0.0256530728151619 0.0432599679273487
0.0163447820302055 -0.0314959076475506 -0.0558612596735151 0.0865851330806456
0.0606510091576858 -0.0263089893760862 -0.114937960636911 0.0959723184355238
0.0933774061347856 0.0450233265607898 -0.213020552479161 0.00917641692903899
-0.020887208486607 0.118911307913366 -0.18580312780487 -0.143530916499404
-0.0889383938839574 -0.00361029700257534 -0.0403886771589382 -0.238346422692791
-0.00750637241578085 -0.0693112953274658 0.119692366362158 -0.0877128589895037
0.0955161971086111 -0.0343843798107958 -0.110750507730355 0.0341871825159236
-0.0231346900610593 -0.0875823714496285 -0.181396435430385 0.263378636126635
-0.0884749549388433 -0.00860851624873176 0.0252627857441094 0.300756641984872
-0.023445079785707 0.0527356136125359 0.14361837909683 0.170211644223492
0.0153499438046018 0.0236340781130137 0.122736461593227 0.027368985401657
0.00804903033960681 0.00591782331811714 0.068687720087378 -0.0182639991882061
-0.00533299750455946 -0.00189774993287661 0.0266993636791537 -0.0351749306932591
-0.0119330661877424 -0.00481857518357567 -0.0105576310105073 -0.000649626169183733
-0.00273739918187821 -0.0240878889870837 -0.0287580426730453 0.0353726346542941
0.0465350871378225 -0.040021699645986 -0.0546500418390808 0.0666258372056878
0.0966596871808618 -0.00206664152737619 -0.0922808447762539 0.0774675677249556
0.0823066830189597 0.102930833019888 -0.184679430783645 0.026174723795919
-0.0775344929347169 0.108917548741874 -0.207237981550499 -0.104915449749802
-0.112076189466184 -0.0760151461018739 -0.0891129123601749 -0.235923761237879
0.044371440508841 -0.131796831798956 0.10205027256156 -0.0735946500873582
0.0497473766094156 -0.0741902421710693 -0.0994117708135608 0.0386468774596406
-0.023191057751743 -0.0604713880722031 -0.155082891162036 0.216765485611253
-0.0591157782628374 0.0166298638696493 0.00784858547981458 0.275941181839242
0.00993912442985542 0.0333080648865856 0.144152788578307 0.176845071709451
0.0168524389048236 0.00184417556214509 0.130551347393023 0.0230074470014117
-0.00310765178987038 -0.00210034747109973 0.0675069930640867 -0.0268423644358107
-0.01109892301892 -0.00390307277364624 0.0250807703609614 -0.0348060864801715
-0.00855844840223666 -0.015025724401803 -0.00461213800077771 -0.00543932492999005
0.012305552765572 -0.016044998304171 -0.0312919564181513 0.0202927135380727
0.057599436254655 -0.0268585910859586 -0.0387386792483315 0.0471870502142317
0.0657800815274559 0.0402637856288751 -0.0808783566829097 0.0826517862615274
0.0241015582098548 0.129073546465516 -0.212437384509428 0.0375128719513919
-0.117864070603855 0.00939516072131693 -0.256565696662611 -0.158743138073397
-0.0153287800390764 -0.116524417181444 -0.072375294066377 -0.31080230093796
0.0868491430930443 -0.138946407599582 0.066525352793446 -0.0838174227123505
0.0625671254294499 -0.0316668593038833 -0.10089744102676 0.0167657356692245
-0.019610193483954 -0.0355533068647964 -0.139655137657303 0.18228038582811
-0.0282999061502216 0.0238864973816318 0.0139679734449309 0.269347087567101
0.0368797247349406 0.0231180943723941 0.180506967162611 0.136693685213483
0.0211648641440411 -0.014399591204868 0.126724517503068 -0.0170937512666874
-0.00298294848305828 -0.0138314932313308 0.0591988125303064 -0.0426441071821258
-0.0103983534699673 -0.00746117917828149 0.0141570364992799 -0.0353893650638778
-0.00208889736573614 -0.0157832931139716 -0.00307165509148091 -0.00854789013920993
0.0250159436089543 -0.0245905051443825 -0.0167164679848156 0.0106748634024137
0.0708931050020249 -0.00783724829812282 -0.0288021559428692 0.0464844784194798
0.0606909715743093 0.059149407867664 -0.0290299043423721 0.0858726385863835
-0.0390150626110539 0.104439720776367 -0.230429053706971 0.0338535820192563
-0.122957982385883 -0.0179648718858783 -0.27126172310986 -0.138750083321012
-0.0125814142581569 -0.151637990432668 -0.103320061168673 -0.320987706413202
0.104677825592488 -0.101509677443398 0.0604278141792838 -0.0725236806844564
0.0492658014288109 -0.0274888931242167 -0.100843616943779 0.0108372544650285
-0.00856643394367243 -0.0301802662274911 -0.126319649256211 0.170789333473058
-0.0140300628381512 0.00937826405686883 0.0416785001001638 0.26495382755562
0.0116169294668424 0.00282175801579197 0.20092710973398 0.136361753161029
0.00401509098527447 -0.0064828628683483 0.136558575550705 -0.0400353345919541
-0.00747178761319718 -0.0103197170605951 0.0488637106778331 -0.0602525352151509
-0.00462203145278872 -0.0114312188006742 0.0151279290496828 -0.0393465702289062
0.003751680867316 -0.00455431855691307 -0.00659975467346227 -0.00782609924939083
0.0146497953616754 -0.00450250408097526 -0.0167671728524179 0.0110926567854726
0.0246350046051994 0.0112897885733002 -0.017464245642282 0.0516793186703359
0.00117318375951017 0.0330325042938516 -0.0785731090161229 0.101628129936058
-0.0416888784524734 0.00868031280202595 -0.260871577715022 -0.00263788091647065
-0.0266965484446581 -0.0671175602234697 -0.229982620513901 -0.297354897798249
0.0645884314712215 -0.070065448336683 0.0416091447332264 -0.377629905636903
0.0813727492492174 -0.0118818685853693 0.0519736112223305 -0.104753796465866
-0.025304256187066 0.00392436355233918 -0.0668758277720508 -0.0213044611910161
-0.0206640474130997 -0.00102195761239397 -0.130920384671525 0.365787035048895
-0.0275708755648103 0.0214066432619035 0.238110645246857 0.325624927764992
0.00530302004880746 0.0290394193387876 0.287752332337846 -0.0149017753723588
0.0145404453792068 0.00484743039911601 0.0570924834171999 -0.13356352502546
-0.00296787817428911 -0.00956234480081046 -0.0125928826125383 -0.0507842298879676
-0.0127672022616338 0.000747976943586029 -0.00528817108585003 -0.0185409863942552
-0.00833621086394513 0.0147067515047805 -0.0112720547269605 -0.00088205842895135
0.00356808046725111 0.0160905108879587 -0.00996136923985517 0.0300626450080575
0.00257748531028864 0.0166254441437025 -0.0269515132632159 0.0718879742763589
-0.00151556684791908 0.0144940772667267 -0.109935333070473 0.0730472432029576
-0.00764270598575093 0.00172891314987749 -0.21188196330837 -0.0623860456085375
0.0222543882666832 0.00124979275247571 -0.118279699284259 -0.235025270512139
0.0157539486733148 0.0404924621691449 0.0533508327109873 -0.223356226447236
-0.0473786715537478 0.048511062827954 0.119821175552394 -0.0704000972100802
0.0314739162698936 -0.0314663785407454 -0.0628791803277866 0.0168059664704064
0.0126252645785914 -0.0526672627176321 -0.23839279033654 0.306806373390841
-0.0642939553403278 -0.027609453592689 0.0934319559257489 0.384867937865307
-0.0463379624943248 0.0493582393216932 0.249122455401691 0.115164431663271
0.0110834338537464 0.0444818394063775 0.126816499474814 -0.0712186603339037
0.0168987143584533 0.00677123298813016 0.0281247947898421 -0.044198376375048
0.000132112487387963 -0.00291821588053446 -0.00115956369583787 -0.0192026456370246
-0.0111751169413964 0.00618202728921396 -0.00438386837845558 -0.0107205056587961
-0.0102450784553619 0.0105640792353974 -0.0126257931402503 0.0379652682908138
-0.0033154466634718 0.00597234256616745 -0.0346342882071403 0.089174746573408
0.00920703296263659 -0.00434113148291976 -0.114298603396436 0.0964964069618433
0.0300684690897504 -0.000390187583823211 -0.227303843243743 -0.0262246727745863
0.0236761763144411 0.0411833549535484 -0.149840545673856 -0.211878156958262
-0.0166941514163741 0.0391484221943892 0.0183267049171775 -0.22985937771083
-0.0406005346113846 0.0110647544738006 0.129525114574795 -0.0762523644480415
0.0956617551374122 -0.0762511819417903 -0.0885562649028905 0.00520252270815771
0.00130172986296277 -0.140102820266259 -0.163694584755655 0.350306152680102
-0.12406189500631 -0.0516345070575647 0.146462760580722 0.321884217065068
-0.07151128839991 0.0775756323787196 0.21628141860402 0.0709992790234318
0.0148377942546707 0.0659886380794033 0.0833554940836011 -0.0568084224925523
0.0311430720336361 0.0153940395043282 0.01859430818026 -0.0343192303889514
0.0107563163553447 -0.00365943197070402 0.00316737643265787 -0.0236242705278514
-0.0122593361828385 0.00161314901648842 -0.0138555993932755 0.00342412697055835
-0.018924687229961 0.00366815731768267 -0.0197607267681258 0.0463196964363381
-0.000649791962025273 -0.0111670193927418 -0.0459626931234041 0.0933090555468142
0.0310743838725368 -0.0206020575269975 -0.118921470464323 0.102659908623907
0.0667263010794081 0.0107595752379299 -0.224166166722218 -0.00844245407276974
0.0211639388486452 0.0753653154853418 -0.167503819575459 -0.180250356684703
-0.0442854314946146 0.0352239383940506 -0.0160874086802539 -0.232508440684017
-0.027788162367368 -0.0364316847862731 0.130329695140885 -0.0811002119711684
0.110345773135839 -0.102554207756185 -0.104823301212519 0.0263156323625811
-0.0275853601093068 -0.160100035733498 -0.14192412599278 0.317245390220696
-0.147396915731766 -0.0353309571183736 0.102728461248774 0.280099824172126
-0.0564560516484167 0.0862022986012351 0.154918015692855 0.103411996890847
0.0233939004662401 0.0555002787514126 0.0866207620869452 -0.00784491868116142
0.0318577226338505 0.0134361285796757 0.0406612549609829 -0.019624274363724
0.00959000484157048 -0.00622139734706467 0.0110882279725924 -0.0242201291908751
-0.0134189614561392 -0.00438903678541075 -0.0130418909966924 0.00241742736717037
-0.0141671392098947 -0.0062701462078676 -0.0264165233260098 0.0429857665199874
0.0164524794307468 -0.0304485490871169 -0.0566404389735987 0.0848766712359083
0.0599208449111916 -0.0246897156405984 -0.115594141223527 0.0920064774313457
0.089874727207412 0.0459810066729055 -0.211193405968405 0.0039295714034065
-0.0240172600771602 0.116464801673031 -0.179398704130566 -0.149074383889667
-0.0875230867206964 -0.00480352337470243 -0.0316123978755766 -0.243195916142403
-0.00625362930039933 -0.0677654381418415 0.120714067771304 -0.0858592021481748
0.0962263993807126 -0.0314960897484558 -0.108114522021509 0.0310747094775545
-0.0072938518985566 -0.0909226616553847 -0.189722239599296 0.256577802023423
-0.0868858777933746 -0.00965869925864253 0.015324389479551 0.298784613467403
-0.0243895795146425 0.0531097323697317 0.140242536478721 0.172639253259273
0.0145675328884426 0.0233115608916 0.122605716222082 0.0300762795437293
0.00705871357550944 0.00511961509079075 0.0704184303478135 -0.0185354545984419
-0.00466480420365219 -0.00273066415572424 0.0262469050774091 -0.0336561475015593
-0.0116491010363021 -0.00441449067366672 -0.00965863359743272 -0.00116455627901112
-0.00360482015037193 -0.0218505783504436 -0.0298009097471867 0.0342700865824656
0.0450041410647875 -0.037611852519324 -0.057560245806355 0.0641218515119096
0.0949225889791409 -0.00117590961125203 -0.0947028890600025 0.0717437753783722
0.0786449968202145 0.102912919789952 -0.181879143137392 0.021141074103086
-0.0791728969196958 0.108371955001239 -0.203105552328714 -0.112403335459736
-0.108963409320176 -0.0765886057640857 -0.08179752459471 -0.237088847752358
0.0447835056206607 -0.128764234538511 0.106715525368317 -0.0696263758645956
0.0502429222139309 -0.0746972091938883 -0.100490258920447 0.0367835576352034
-0.0206642624658455 -0.0610207270343214 -0.16173167201014 0.211985307141039
-0.0566237083757512 0.0165503933692483 -0.00236510554017367 0.27559952782239
0.007188649433845 0.0347046097501278 0.141431747238848 0.179393405406946
0.0176157313958339 0.00263881006238114 0.129771727599513 0.0261936635992951
-0.00342762478934476 -0.00178534150756005 0.0683948911014852 -0.0252545669290623
-0.0112592151436231 -0.00410864654687413 0.0232978856334237 -0.0332346109914137
-0.00774581656532987 -0.0143916550969162 -0.00635070589738446 -0.00510423745331104
0.011477542480931 -0.0155951075730575 -0.0310654356259126 0.0203369832502639
0.0532974054784467 -0.0210355094414611 -0.0394573798194703 0.0444882502544541
0.0636557684003975 0.041315816869816 -0.0819280918230022 0.0779485507632988
0.0222645275141627 0.126561397873271 -0.209966373456846 0.0316287195497108
-0.11689402795836 0.0087408958749256 -0.248347524657956 -0.165197247578339
-0.0139366582472292 -0.115083422421633 -0.0630279793450992 -0.308839893104888
0.0875044964252915 -0.133185570936103 0.0693175254102524 -0.083408644474175
0.0611241546734908 -0.0310278096268761 -0.101441110814218 0.0164406120206875
-0.0177482571305118 -0.0374893862747938 -0.147875096463631 0.178332594499701
-0.0271546799171115 0.0231546916987221 0.00839400723209562 0.261973928182034
0.0361242717521232 0.0222069721806407 0.177291002372459 0.140611183931154
0.0226965833727014 -0.0133139759216427 0.12738241786391 -0.0134287142577572
-0.0030591447094721 -0.0139796707296897 0.0590087813502372 -0.0411533406878641
-0.0102080915371317 -0.00881448488147323 0.0126007962985013 -0.036284136893283
-0.00277950605976316 -0.0161385496101532 -0.00256786931843645 -0.00872840467707458
0.0242957414993238 -0.0222372975577053 -0.0168333400166127 0.0100572754324894
0.0703276482817547 -0.00578682099226652 -0.0317606794152787 0.0453155415459367
0.0584259112719724 0.0565500667075433 -0.0290447347120507 0.0837523184918982
-0.0410846107590238 0.101708496666008 -0.232000158156068 0.0287680257398173
-0.118096190071925 -0.0206546286623077 -0.265867298966915 -0.143328247019163
-0.00962735004406515 -0.150327132249237 -0.0929425974806699 -0.319467643074563
0.0948718770227693 -0.0786617364324849 0.0632985459963007 -0.0740230912203384
0.0492630719377183 -0.0261155986442863 -0.101350256830175 0.0103318382336337
-0.00751276686231993 -0.0307307072297504 -0.132987403261312 0.168721086500407
-0.0143139032896267 0.00975076256781898 0.0349880900241597 0.266443064490274
0.0119499720916103 0.00400149135205225 0.19846141532028 0.138693781217535
0.005077898621483 -0.00636635627404825 0.135543516225884 -0.0370684055704263
-0.00706674271725988 -0.0106413788826922 0.0496294877355928 -0.0582480305175527
-0.00500497464237791 -0.0108157876321604 0.01511012157627 -0.039293296258706
0.0045394170214042 -0.00488873961512864 -0.00700162406716017 -0.00801032410539001
0.0149041057670356 -0.00417365262151516 -0.0188224083022577 0.0122002758405254
0.0244495409334745 0.010848240660409 -0.0186741383249093 0.0505352911053393
0.00138598639062082 0.0317191764092598 -0.0795773248779371 0.0975905620676786
-0.0403790940772307 0.00860432086347401 -0.256416826178522 -0.00968028832435158
-0.0248886509818743 -0.0656162630419057 -0.220777188904673 -0.300535770537723
0.064914933864304 -0.0670426862198057 0.0504353965119511 -0.373398356914144
0.0794388392450779 -0.00938909868065681 0.0545549831677915 -0.102028825808716
-0.027121148829547 0.00442808145153212 -0.0717416912560171 -0.0224053015234192
-0.0211147777310086 -0.00585843012214293 -0.148705079558648 0.368814405002007
-0.0356732312884971 0.0188792704548378 0.233172893788818 0.340408279210624
0.00435284489596493 0.0320157281264371 0.292206746534834 0.00321027209471692
0.0158388501200151 0.00312243990214178 0.067347850707405 -0.129721145599309
-0.00376376560409088 -0.00750328284876373 -0.0135333183642609 -0.0503642165112035
-0.011537997708722 0.00509045024206882 0.00120633359290776 -0.0219666184016684
-0.00903361388449618 0.0146208333161639 -0.00719904690834157 -0.00175310555010598
-0.00325025273333962 0.0211830345489894 -0.0103700426161936 0.0321767228535303
0.00752385563221725 0.0180692201511637 -0.0296518908911549 0.0737546657699165
0.00076467021073262 0.0148042252200556 -0.110900456909463 0.0660600068505541
-0.00463039691542572 0.000279137456690051 -0.212154617723693 -0.0683084001003717
0.0188928938894148 -0.000990159508225346 -0.111876744119362 -0.246514357998833
0.0153253319744858 0.0414231913384234 0.0615316268319199 -0.223455005488686
-0.0457030358641427 0.0534088903595679 0.124691585230451 -0.0695339570512972
0.0350459008140718 -0.0309883746593098 -0.067696153275672 0.0160548872669302
0.0134359211224065 -0.0536598004088725 -0.257494443311442 0.306469501505429
-0.0658226110302155 -0.0309235481179587 0.0802073952028258 0.408553573620735
-0.0496660037204792 0.0475410324087763 0.264279580777804 0.136540974577631
0.00890810294281845 0.0451783062791713 0.131085176700696 -0.0660632516143421
0.0172359604368781 0.00759347140219944 0.0305622040416024 -0.0447340594810956
0.00166090681124705 -0.00210680321950624 0.000657792524916636 -0.020748253548483
-0.0109162027465376 0.00677677906834511 -0.00446065794300217 -0.011410213593507
-0.0120979216389907 0.0108880132580088 -0.0135024186855945 0.0399585869993354
-0.00349868259071649 0.0051144664250917 -0.0375454383644458 0.089001881744398
0.0102320731939099 -0.00398282263142615 -0.120299829629986 0.0948053353074939
0.028998348306373 0.00145227092730594 -0.233390162919558 -0.0347874705255753
0.0229173335131792 0.0432653656560788 -0.147052715439538 -0.224721700860037
-0.0184185659409695 0.0404747734126969 0.0276417088292127 -0.239100742076468
-0.0411180840982533 0.0107242071979561 0.136931811662725 -0.0753871031847846
0.100481567225968 -0.0741368224610411 -0.093767614138325 0.00243629891237747
0.00605846811689648 -0.142411000755955 -0.182245633205626 0.352223612183529
-0.124991778709094 -0.0561363197882568 0.135994690675869 0.335297119383184
-0.0754278157046323 0.076529974261317 0.219269185743506 0.0811896760863838
0.0138235521644042 0.066892416146025 0.0868959328965277 -0.0536625689564628
0.0305439453173476 0.0166974906365153 0.0214325041368341 -0.0342809729166862
0.00950293978418624 -0.00316366553677036 0.00381834122553131 -0.02464950625326
-0.0127351732041422 0.00333187655926433 -0.014642194694634 0.00325743261762985
-0.0190493731080825 0.00384651353920173 -0.0215326432276875 0.0464674864150371
-0.00162979702818083 -0.0112385579565093 -0.0490487297039145 0.0942332725772402
0.0326963424566924 -0.0208712659379363 -0.124469451139431 0.101314540272254
0.0670458189532494 0.0133048752625085 -0.231656037124055 -0.0152955380548146
0.0195824949787922 0.0760283456934497 -0.168013654924068 -0.193252354460472
-0.0487574801510698 0.0344309590060524 -0.00771687817151207 -0.24081678180201
-0.0275850592643605 -0.0374198140770182 0.138164950091423 -0.0797181719236621
0.116392584385237 -0.100928344838868 -0.111044811009103 0.0217843798137277
-0.0223643181264825 -0.163723017732527 -0.159040391040397 0.320210687075841
-0.149652993493966 -0.0402744229785583 0.0933645048238097 0.29114314209094
-0.0611195742329425 0.0871956892605922 0.15595423132766 0.113959746343904
0.022153392522866 0.0578396980253682 0.0892392910671149 -0.00437969953406141
0.0314296072169449 0.014385370835744 0.0431795884716092 -0.0188023702491071
0.00964234853682941 -0.00542256024617149 0.0117276601706927 -0.0251360236591567
-0.0136214900340105 -0.0039555778391066 -0.0140062888778926 0.00280489196923393
-0.014160914119767 -0.00623475895099096 -0.028757190644611 0.0432542151268965
0.0178536380689229 -0.030923961198587 -0.059942736885055 0.0858965292452271
0.0617111716006015 -0.0240977561799146 -0.121478942806675 0.0913467852626734
0.0902898806246833 0.0496678727872937 -0.217010355200198 -0.00405694588732405
-0.0273389052751573 0.119218453878862 -0.18002577881435 -0.161821642687168
-0.0901862552539103 -0.00766947032710442 -0.0237923137280494 -0.249626307785312
-0.00423774967614464 -0.0679069833100081 0.127173893154606 -0.0852418002879253
0.0987023688649362 -0.0320497327623134 -0.115536821540334 0.0276540080817098
-0.00580777355176445 -0.0948764753996206 -0.20420969558614 0.257295137307159
-0.0903433751537831 -0.0126434911477337 0.00394640364159353 0.310362603709549
-0.0276416273178109 0.0527471198976482 0.138903976055454 0.183938126082257
0.0149465615948821 0.0235267323137456 0.122519229286943 0.0335484080393498
0.00798477592464137 0.00475013089520322 0.0730356380967656 -0.0159428919359909
-0.00564053966829174 -0.00151429518824909 0.0283137310822354 -0.0340193342338291
-0.012443728181167 -0.00279673707303615 -0.0116224212508349 -0.000154117918377241
-0.000972200174629156 -0.0211220160967928 -0.0318940453816651 0.0368289889674654
0.0469709071407372 -0.0387580310425787 -0.0608428451623771 0.0665594482289982
0.0967216023338488 0.00220799618870541 -0.100031372197101 0.0704107184005161
0.0777978864313708 0.1082669305503 -0.188469800401628 0.0138512767517251
-0.0906074987324075 0.112492398296401 -0.203586843808236 -0.123036259908776
-0.10821845794759 -0.0822872307294995 -0.0742677539993808 -0.249170310229806
0.0489461215275076 -0.12715928700043 0.112069386772188 -0.0708858321276927
0.0568129153654754 -0.0766642225172428 -0.107006266949506 0.0351105805191757
-0.0200971175739579 -0.063202393255535 -0.175874155378718 0.211420167415587
-0.0608956875319579 0.0166620471196617 -0.010387881903514 0.283920581286676
0.00537552940720695 0.0357146518344297 0.140208445355755 0.189376525462973
0.0174507679669783 0.00138054690184114 0.132390783282146 0.0293557765972104
-0.00281718718645121 -0.00214187964021791 0.0711467479914059 -0.023883460526343
-0.0108893953408026 -0.00409086370674012 0.0227343803675659 -0.0349010248577225
-0.00852297079852611 -0.0139718365796437 -0.00754282373078288 -0.00452085257374972
0.0112675665732936 -0.0131083581822759 -0.0350069765858146 0.0206896797616566
0.0521668048839298 -0.0133181943637617 -0.0410139090082989 0.0444813053006994
0.0650271973091642 0.0432179452842826 -0.0861841490964561 0.077987045508632
0.0192827162535063 0.13171083653468 -0.217260901189882 0.0233857816374946
-0.120477582827473 0.0070469101399049 -0.251019776910332 -0.178207985040652
-0.0115558181142187 -0.118753760120426 -0.0529547048760416 -0.309408535987224
0.0927623645027358 -0.130628537581644 0.0747025434123853 -0.0825123369922509
0.0644609438120414 -0.0301085378825835 -0.107255449404772 0.0149903794053202
-0.0190030915226804 -0.0382652362097471 -0.158897565474527 0.179281876024663
-0.0296812645865715 0.0234559991527576 -0.00448018824983436 0.278410312832048
0.0350220855893045 0.0227391446338595 0.178419169389674 0.150152608628668
0.0238793964555827 -0.0140280138013755 0.130539202133291 -0.0107866383263187
-0.00277414516600724 -0.0136882144776122 0.0630933258249262 -0.0416430983586269
-0.0115191940118913 -0.00831878426526662 0.0141044181646878 -0.0361128565996608
-0.00171762706635929 -0.0167714720551164 -0.00378494957816369 -0.00941037704796082
0.0243934303908724 -0.0222288922893522 -0.0190919441122976 0.0113991476572447
0.0712564762164886 -0.00571094341846858 -0.0347674278196312 0.045515189816195
0.0553014338766895 0.0562595179007253 -0.0330223443721853 0.0829306749142682
-0.0439901492894236 0.104080347442701 -0.236928422053701 0.0212474205652088
-0.114212724444805 -0.0250464259022053 -0.268538551799152 -0.15703996744905
-0.00519139152326357 -0.154450213422514 -0.0809381562857058 -0.329752511380395
0.0966336579108646 -0.068169441004962 0.0696674198702733 -0.0754088482980988
0.052048998361734 -0.0269251390049858 -0.108648895719032 0.00814701612740235
-0.00697255870587714 -0.0306025256197018 -0.144696850972039 0.171808494863508
-0.0142962797830775 0.0109173822147447 0.0292742282154552 0.277995265208917
0.012347587671363 0.00419706064947484 0.202451397312248 0.149393157269564
0.00668197992224801 -0.00710787644844633 0.138876826630604 -0.0350637322286026
-0.00750548737998009 -0.0122471929162396 0.052332577743317 -0.0584244372493287
-0.00515368837763785 -0.0114996537647695 0.0155032440255813 -0.041036643973289
0.00538602260911167 -0.00563534808269548 -0.00770921733958122 -0.0080519831214626
0.0153523056332101 -0.00382544380480223 -0.0197360081258419 0.0130193220971719
0.0254439192447734 0.0112992464417072 -0.0210062624771559 0.0504163201105862
0.00117310632800181 0.0326182684759108 -0.0837515695143687 0.096805126342646
-0.0424426682188383 0.00925130357200898 -0.262282157519571 -0.0182975942749057
-0.0241456256816002 -0.0671398396383549 -0.217250527203394 -0.317530832760584
0.0670953250417215 -0.0670480117184355 0.0651005491693483 -0.382835852964794
0.0810431513505963 -0.00650511286735224 0.0611142882274622 -0.102975468257116
